{"(1, '0')": {"explain_plan": {"Plan": {"Node Type": "Aggregate", "Strategy": "Plain", "Startup Cost": 189131.4, "Total Cost": 189131.41, "Plan Rows": 1, "Plan Width": 113, "Plans": [{"Node Type": "Hash Join", "Parent Relationship": "Outer", "Join Type": "Inner", "Startup Cost": 113656.23, "Total Cost": 185775.37, "Plan Rows": 447470, "Plan Width": 45, "Inner Unique": true, "Hash Cond": "(mc.company_type_id = ct.id), (LLVM Optimized)", "Plans": [{"Node Type": "Hash Join", "Parent Relationship": "Outer", "Join Type": "Inner", "Startup Cost": 113655.18, "Total Cost": 181304.82, "Plan Rows": 549199, "Plan Width": 49, "Inner Unique": false, "Hash Cond": "(mc.movie_id = t.id), (LLVM Optimized)", "Plans": [{"Node Type": "Seq Scan", "Parent Relationship": "Outer", "Relation Name": "movie_companies", "Alias": "mc", "Startup Cost": 0.0, "Total Cost": 48340.1, "Plan Rows": 2609035, "Plan Width": 32, "Filter": "((note)::text !~~ '%(as Metro-Goldwyn-Mayer Pictures)%'::text), (LLVM Optimized)"}, {"Node Type": "Hash", "Parent Relationship": "Inner", "Startup Cost": 108700.13, "Total Cost": 108700.13, "Plan Rows": 396404, "Plan Width": 29, "Plans": [{"Node Type": "Hash Join", "Parent Relationship": "Outer", "Join Type": "Inner", "Startup Cost": 89203.23, "Total Cost": 108700.13, "Plan Rows": 396404, "Plan Width": 29, "Inner Unique": true, "Hash Cond": "(mi_idx.movie_id = t.id), (LLVM Optimized)", "Plans": [{"Node Type": "Nested Loop", "Parent Relationship": "Outer", "Join Type": "Inner", "Startup Cost": 7502.06, "Total Cost": 21741.14, "Plan Rows": 345008, "Plan Width": 4, "Inner Unique": false, "Plans": [{"Node Type": "Seq Scan", "Parent Relationship": "Outer", "Relation Name": "info_type", "Alias": "it", "Startup Cost": 0.0, "Total Cost": 2.4, "Plan Rows": 1, "Plan Width": 4, "Filter": "((info)::text = 'bottom 10 rank'::text)"}, {"Node Type": "Bitmap Heap Scan", "Parent Relationship": "Inner", "Relation Name": "movie_info_idx", "Alias": "mi_idx", "Startup Cost": 7502.06, "Total Cost": 18288.66, "Plan Rows": 345008, "Plan Width": 8, "Recheck Cond": "(info_type_id = it.id), (LLVM Optimized)", "Plans": [{"Node Type": "Bitmap Index Scan", "Parent Relationship": "Outer", "Index Name": "info_type_id_movie_info_idx", "Startup Cost": 0.0, "Total Cost": 7415.81, "Plan Rows": 345008, "Plan Width": 0, "Index Cond": "(info_type_id = it.id)"}]}]}, {"Node Type": "Hash", "Parent Relationship": "Inner", "Startup Cost": 72710.67, "Total Cost": 72710.67, "Plan Rows": 719240, "Plan Width": 25, "Plans": [{"Node Type": "Seq Scan", "Parent Relationship": "Outer", "Relation Name": "title", "Alias": "t", "Startup Cost": 2082.16, "Total Cost": 72710.67, "Plan Rows": 719240, "Plan Width": 25, "Filter": "((production_year >= 2005) AND (production_year <= 2010)), (LLVM Optimized)"}]}]}]}]}, {"Node Type": "Hash", "Parent Relationship": "Inner", "Startup Cost": 1.04, "Total Cost": 1.04, "Plan Rows": 1, "Plan Width": 4, "Plans": [{"Node Type": "Seq Scan", "Parent Relationship": "Outer", "Relation Name": "company_type", "Alias": "ct", "Startup Cost": 0.0, "Total Cost": 1.04, "Plan Rows": 1, "Plan Width": 4, "Filter": "((kind)::text = 'production companies'::text)"}]}]}]}, "Unique SQL Id": 1162488282, "Planner Runtime": 11}, "explain_analyze_plan": {"Plan": {"Node Type": "Aggregate", "Strategy": "Plain", "Startup Cost": 189131.4, "Total Cost": 189131.41, "Plan Rows": 1, "Plan Width": 113, "Actual Startup Time": 2509.16, "Actual Total Time": 2509.16, "Actual Rows": 1, "Actual Loops": 1, "Plans": [{"Node Type": "Hash Join", "Parent Relationship": "Outer", "Join Type": "Inner", "Startup Cost": 113656.23, "Total Cost": 185775.37, "Plan Rows": 447470, "Plan Width": 45, "Actual Startup Time": 2326.813, "Actual Total Time": 2509.126, "Actual Rows": 3, "Actual Loops": 1, "Inner Unique": true, "Hash Cond": "(mc.company_type_id = ct.id), (LLVM Optimized, Jit Execute)", "Plans": [{"Node Type": "Hash Join", "Parent Relationship": "Outer", "Join Type": "Inner", "Startup Cost": 113655.18, "Total Cost": 181304.82, "Plan Rows": 549199, "Plan Width": 49, "Actual Startup Time": 1632.605, "Actual Total Time": 2508.909, "Actual Rows": 66, "Actual Loops": 1, "Inner Unique": false, "Hash Cond": "(mc.movie_id = t.id), (LLVM Optimized, Jit Execute)", "Plans": [{"Node Type": "Seq Scan", "Parent Relationship": "Outer", "Relation Name": "movie_companies", "Alias": "mc", "Startup Cost": 0.0, "Total Cost": 48340.1, "Plan Rows": 2609035, "Plan Width": 32, "Actual Startup Time": 0.032, "Actual Total Time": 929.222, "Actual Rows": 1337087, "Actual Loops": 1, "Filter": "((note)::text !~~ '%(as Metro-Goldwyn-Mayer Pictures)%'::text), (LLVM Optimized, Jit Execute)", "Rows Removed by Filter": 1272041}, {"Node Type": "Hash", "Parent Relationship": "Inner", "Startup Cost": 108700.13, "Total Cost": 108700.13, "Plan Rows": 396404, "Plan Width": 29, "Actual Startup Time": 1290.572, "Actual Total Time": 1290.572, "Actual Rows": 4, "Actual Loops": 1, "Hash Buckets": 524288, "Hash Batches": 1, "Original Hash Batches": 1, "Peak Memory Usage": 1, "Plans": [{"Node Type": "Hash Join", "Parent Relationship": "Outer", "Join Type": "Inner", "Startup Cost": 89203.23, "Total Cost": 108700.13, "Plan Rows": 396404, "Plan Width": 29, "Actual Startup Time": 1290.53, "Actual Total Time": 1290.553, "Actual Rows": 4, "Actual Loops": 1, "Inner Unique": true, "Hash Cond": "(mi_idx.movie_id = t.id), (LLVM Optimized, Jit Execute)", "Plans": [{"Node Type": "Nested Loop", "Parent Relationship": "Outer", "Join Type": "Inner", "Startup Cost": 7502.06, "Total Cost": 21741.14, "Plan Rows": 345008, "Plan Width": 4, "Actual Startup Time": 0.086, "Actual Total Time": 0.115, "Actual Rows": 10, "Actual Loops": 1, "Inner Unique": false, "Plans": [{"Node Type": "Seq Scan", "Parent Relationship": "Outer", "Relation Name": "info_type", "Alias": "it", "Startup Cost": 0.0, "Total Cost": 2.4, "Plan Rows": 1, "Plan Width": 4, "Actual Startup Time": 0.046, "Actual Total Time": 0.061, "Actual Rows": 1, "Actual Loops": 1, "Filter": "((info)::text = 'bottom 10 rank'::text)", "Rows Removed by Filter": 111}, {"Node Type": "Bitmap Heap Scan", "Parent Relationship": "Inner", "Relation Name": "movie_info_idx", "Alias": "mi_idx", "Startup Cost": 7502.06, "Total Cost": 18288.66, "Plan Rows": 345008, "Plan Width": 8, "Actual Startup Time": 0.031, "Actual Total Time": 0.036, "Actual Rows": 10, "Actual Loops": 1, "Recheck Cond": "(info_type_id = it.id), (LLVM Optimized, Jit Execute)", "Rows Removed by Index Recheck": 0, "Exact Heap Blocks": 1, "Lossy Heap Blocks": 1, "Plans": [{"Node Type": "Bitmap Index Scan", "Parent Relationship": "Outer", "Index Name": "info_type_id_movie_info_idx", "Startup Cost": 0.0, "Total Cost": 7415.81, "Plan Rows": 345008, "Plan Width": 0, "Actual Startup Time": 0.016, "Actual Total Time": 0.016, "Actual Rows": 10, "Actual Loops": 1, "Index Cond": "(info_type_id = it.id)"}]}]}, {"Node Type": "Hash", "Parent Relationship": "Inner", "Startup Cost": 72710.67, "Total Cost": 72710.67, "Plan Rows": 719240, "Plan Width": 25, "Actual Startup Time": 1289.748, "Actual Total Time": 1289.748, "Actual Rows": 716259, "Actual Loops": 1, "Hash Buckets": 1048576, "Hash Batches": 1, "Original Hash Batches": 1, "Peak Memory Usage": 41052, "Plans": [{"Node Type": "Seq Scan", "Parent Relationship": "Outer", "Relation Name": "title", "Alias": "t", "Startup Cost": 2082.16, "Total Cost": 72710.67, "Plan Rows": 719240, "Plan Width": 25, "Actual Startup Time": 0.022, "Actual Total Time": 1006.717, "Actual Rows": 716259, "Actual Loops": 1, "Filter": "((production_year >= 2005) AND (production_year <= 2010)), (LLVM Optimized, Jit Execute)", "Rows Removed by Filter": 1812052}]}]}]}]}, {"Node Type": "Hash", "Parent Relationship": "Inner", "Startup Cost": 1.04, "Total Cost": 1.04, "Plan Rows": 1, "Plan Width": 4, "Actual Startup Time": 0.045, "Actual Total Time": 0.045, "Actual Rows": 1, "Actual Loops": 1, "Hash Buckets": 32768, "Hash Batches": 1, "Original Hash Batches": 1, "Peak Memory Usage": 1, "Plans": [{"Node Type": "Seq Scan", "Parent Relationship": "Outer", "Relation Name": "company_type", "Alias": "ct", "Startup Cost": 0.0, "Total Cost": 1.04, "Plan Rows": 1, "Plan Width": 4, "Actual Startup Time": 0.028, "Actual Total Time": 0.031, "Actual Rows": 1, "Actual Loops": 1, "Filter": "((kind)::text = 'production companies'::text)", "Rows Removed by Filter": 2}]}]}]}, "Triggers": [], "Planner Runtime": 11.006, "Total Runtime": 2520.473, "Unique SQL Id": 1162488282}}, "(1, '1')": {"explain_plan": {"Plan": {"Node Type": "Aggregate", "Strategy": "Plain", "Startup Cost": 247822.0, "Total Cost": 247822.01, "Plan Rows": 1, "Plan Width": 113, "Plans": [{"Node Type": "Hash Join", "Parent Relationship": "Outer", "Join Type": "Inner", "Startup Cost": 163718.37, "Total Cost": 244465.97, "Plan Rows": 447470, "Plan Width": 45, "Inner Unique": false, "Hash Cond": "(mc.movie_id = t.id), (LLVM Optimized)", "Plans": [{"Node Type": "Nested Loop", "Parent Relationship": "Outer", "Join Type": "Inner", "Startup Cost": 0.0, "Total Cost": 69436.41, "Plan Rows": 1304518, "Plan Width": 28, "Inner Unique": false, "Plans": [{"Node Type": "Index Scan", "Parent Relationship": "Outer", "Scan Direction": "Forward", "Index Name": "company_type_pkey", "Relation Name": "company_type", "Alias": "ct", "Startup Cost": 0.0, "Total Cost": 12.3, "Plan Rows": 1, "Plan Width": 4, "Filter": "((kind)::text = 'production companies'::text)"}, {"Node Type": "Index Scan", "Parent Relationship": "Inner", "Scan Direction": "Forward", "Index Name": "company_type_id_movie_companies", "Relation Name": "movie_companies", "Alias": "mc", "Startup Cost": 0.0, "Total Cost": 56378.94, "Plan Rows": 1304517, "Plan Width": 32, "Index Cond": "(company_type_id = ct.id), (LLVM Optimized)", "Filter": "((note)::text !~~ '%(as Metro-Goldwyn-Mayer Pictures)%'::text), (LLVM Optimized)"}]}, {"Node Type": "Hash", "Parent Relationship": "Inner", "Startup Cost": 158763.32, "Total Cost": 158763.32, "Plan Rows": 396404, "Plan Width": 29, "Plans": [{"Node Type": "Hash Join", "Parent Relationship": "Outer", "Join Type": "Inner", "Startup Cost": 139254.61, "Total Cost": 158763.32, "Plan Rows": 396404, "Plan Width": 29, "Inner Unique": true, "Hash Cond": "(mi_idx.movie_id = t.id), (LLVM Optimized)", "Plans": [{"Node Type": "Nested Loop", "Parent Relationship": "Outer", "Join Type": "Inner", "Startup Cost": 7502.06, "Total Cost": 21752.95, "Plan Rows": 345008, "Plan Width": 4, "Inner Unique": false, "Plans": [{"Node Type": "Index Scan", "Parent Relationship": "Outer", "Scan Direction": "Forward", "Index Name": "info_type_pkey", "Relation Name": "info_type", "Alias": "it", "Startup Cost": 0.0, "Total Cost": 14.21, "Plan Rows": 1, "Plan Width": 4, "Filter": "((info)::text = 'bottom 10 rank'::text)"}, {"Node Type": "Bitmap Heap Scan", "Parent Relationship": "Inner", "Relation Name": "movie_info_idx", "Alias": "mi_idx", "Startup Cost": 7502.06, "Total Cost": 18288.66, "Plan Rows": 345008, "Plan Width": 8, "Recheck Cond": "(info_type_id = it.id), (LLVM Optimized)", "Plans": [{"Node Type": "Bitmap Index Scan", "Parent Relationship": "Outer", "Index Name": "info_type_id_movie_info_idx", "Startup Cost": 0.0, "Total Cost": 7415.81, "Plan Rows": 345008, "Plan Width": 0, "Index Cond": "(info_type_id = it.id)"}]}]}, {"Node Type": "Hash", "Parent Relationship": "Inner", "Startup Cost": 122762.04, "Total Cost": 122762.04, "Plan Rows": 719240, "Plan Width": 25, "Plans": [{"Node Type": "Index Scan", "Parent Relationship": "Outer", "Scan Direction": "Forward", "Index Name": "title_pkey", "Relation Name": "title", "Alias": "t", "Startup Cost": 0.0, "Total Cost": 122762.04, "Plan Rows": 719240, "Plan Width": 25, "Filter": "((production_year >= 2005) AND (production_year <= 2010)), (LLVM Optimized)"}]}]}]}]}]}, "Unique SQL Id": 1162488282, "Planner Runtime": 9}, "explain_analyze_plan": {"Plan": {"Node Type": "Aggregate", "Strategy": "Plain", "Startup Cost": 247822.0, "Total Cost": 247822.01, "Plan Rows": 1, "Plan Width": 113, "Actual Startup Time": 4160.762, "Actual Total Time": 4160.762, "Actual Rows": 1, "Actual Loops": 1, "Plans": [{"Node Type": "Hash Join", "Parent Relationship": "Outer", "Join Type": "Inner", "Startup Cost": 163718.37, "Total Cost": 244465.97, "Plan Rows": 447470, "Plan Width": 45, "Actual Startup Time": 3832.302, "Actual Total Time": 4160.644, "Actual Rows": 3, "Actual Loops": 1, "Inner Unique": false, "Hash Cond": "(mc.movie_id = t.id), (LLVM Optimized, Jit Execute)", "Plans": [{"Node Type": "Nested Loop", "Parent Relationship": "Outer", "Join Type": "Inner", "Startup Cost": 0.0, "Total Cost": 69436.41, "Plan Rows": 1304518, "Plan Width": 28, "Actual Startup Time": 0.115, "Actual Total Time": 660.605, "Actual Rows": 140904, "Actual Loops": 1, "Inner Unique": false, "Plans": [{"Node Type": "Index Scan", "Parent Relationship": "Outer", "Scan Direction": "Forward", "Index Name": "company_type_pkey", "Relation Name": "company_type", "Alias": "ct", "Startup Cost": 0.0, "Total Cost": 12.3, "Plan Rows": 1, "Plan Width": 4, "Actual Startup Time": 0.029, "Actual Total Time": 0.039, "Actual Rows": 1, "Actual Loops": 1, "Filter": "((kind)::text = 'production companies'::text)", "Rows Removed by Filter": 2}, {"Node Type": "Index Scan", "Parent Relationship": "Inner", "Scan Direction": "Forward", "Index Name": "company_type_id_movie_companies", "Relation Name": "movie_companies", "Alias": "mc", "Startup Cost": 0.0, "Total Cost": 56378.94, "Plan Rows": 1304517, "Plan Width": 32, "Actual Startup Time": 0.081, "Actual Total Time": 632.434, "Actual Rows": 140904, "Actual Loops": 1, "Index Cond": "(company_type_id = ct.id), (LLVM Optimized, Jit Execute)", "Rows Removed by Index Recheck": 0, "Filter": "((note)::text !~~ '%(as Metro-Goldwyn-Mayer Pictures)%'::text), (LLVM Optimized, Jit Execute)", "Rows Removed by Filter": 1193979}]}, {"Node Type": "Hash", "Parent Relationship": "Inner", "Startup Cost": 158763.32, "Total Cost": 158763.32, "Plan Rows": 396404, "Plan Width": 29, "Actual Startup Time": 3468.773, "Actual Total Time": 3468.773, "Actual Rows": 4, "Actual Loops": 1, "Hash Buckets": 524288, "Hash Batches": 1, "Original Hash Batches": 1, "Peak Memory Usage": 1, "Plans": [{"Node Type": "Hash Join", "Parent Relationship": "Outer", "Join Type": "Inner", "Startup Cost": 139254.61, "Total Cost": 158763.32, "Plan Rows": 396404, "Plan Width": 29, "Actual Startup Time": 3468.757, "Actual Total Time": 3468.767, "Actual Rows": 4, "Actual Loops": 1, "Inner Unique": true, "Hash Cond": "(mi_idx.movie_id = t.id), (LLVM Optimized, Jit Execute)", "Plans": [{"Node Type": "Nested Loop", "Parent Relationship": "Outer", "Join Type": "Inner", "Startup Cost": 7502.06, "Total Cost": 21752.95, "Plan Rows": 345008, "Plan Width": 4, "Actual Startup Time": 0.092, "Actual Total Time": 0.104, "Actual Rows": 10, "Actual Loops": 1, "Inner Unique": false, "Plans": [{"Node Type": "Index Scan", "Parent Relationship": "Outer", "Scan Direction": "Forward", "Index Name": "info_type_pkey", "Relation Name": "info_type", "Alias": "it", "Startup Cost": 0.0, "Total Cost": 14.21, "Plan Rows": 1, "Plan Width": 4, "Actual Startup Time": 0.06, "Actual Total Time": 0.062, "Actual Rows": 1, "Actual Loops": 1, "Filter": "((info)::text = 'bottom 10 rank'::text)", "Rows Removed by Filter": 111}, {"Node Type": "Bitmap Heap Scan", "Parent Relationship": "Inner", "Relation Name": "movie_info_idx", "Alias": "mi_idx", "Startup Cost": 7502.06, "Total Cost": 18288.66, "Plan Rows": 345008, "Plan Width": 8, "Actual Startup Time": 0.026, "Actual Total Time": 0.031, "Actual Rows": 10, "Actual Loops": 1, "Recheck Cond": "(info_type_id = it.id), (LLVM Optimized, Jit Execute)", "Rows Removed by Index Recheck": 0, "Exact Heap Blocks": 1, "Lossy Heap Blocks": 1, "Plans": [{"Node Type": "Bitmap Index Scan", "Parent Relationship": "Outer", "Index Name": "info_type_id_movie_info_idx", "Startup Cost": 0.0, "Total Cost": 7415.81, "Plan Rows": 345008, "Plan Width": 0, "Actual Startup Time": 0.012, "Actual Total Time": 0.012, "Actual Rows": 10, "Actual Loops": 1, "Index Cond": "(info_type_id = it.id)"}]}]}, {"Node Type": "Hash", "Parent Relationship": "Inner", "Startup Cost": 122762.04, "Total Cost": 122762.04, "Plan Rows": 719240, "Plan Width": 25, "Actual Startup Time": 3467.963, "Actual Total Time": 3467.963, "Actual Rows": 716259, "Actual Loops": 1, "Hash Buckets": 1048576, "Hash Batches": 1, "Original Hash Batches": 1, "Peak Memory Usage": 41052, "Plans": [{"Node Type": "Index Scan", "Parent Relationship": "Outer", "Scan Direction": "Forward", "Index Name": "title_pkey", "Relation Name": "title", "Alias": "t", "Startup Cost": 0.0, "Total Cost": 122762.04, "Plan Rows": 719240, "Plan Width": 25, "Actual Startup Time": 0.027, "Actual Total Time": 3132.968, "Actual Rows": 716259, "Actual Loops": 1, "Filter": "((production_year >= 2005) AND (production_year <= 2010)), (LLVM Optimized, Jit Execute)", "Rows Removed by Filter": 1812052}]}]}]}]}]}, "Triggers": [], "Planner Runtime": 9.22, "Total Runtime": 4171.802, "Unique SQL Id": 1162488282}}, "(1, '2')": {"explain_plan": {"Plan": {"Node Type": "Aggregate", "Strategy": "Plain", "Startup Cost": 189131.4, "Total Cost": 189131.41, "Plan Rows": 1, "Plan Width": 113, "Plans": [{"Node Type": "Hash Join", "Parent Relationship": "Outer", "Join Type": "Inner", "Startup Cost": 113656.23, "Total Cost": 185775.37, "Plan Rows": 447470, "Plan Width": 45, "Inner Unique": true, "Hash Cond": "(mc.company_type_id = ct.id), (LLVM Optimized)", "Plans": [{"Node Type": "Hash Join", "Parent Relationship": "Outer", "Join Type": "Inner", "Startup Cost": 113655.18, "Total Cost": 181304.82, "Plan Rows": 549199, "Plan Width": 49, "Inner Unique": false, "Hash Cond": "(mc.movie_id = t.id), (LLVM Optimized)", "Plans": [{"Node Type": "Seq Scan", "Parent Relationship": "Outer", "Relation Name": "movie_companies", "Alias": "mc", "Startup Cost": 0.0, "Total Cost": 48340.1, "Plan Rows": 2609035, "Plan Width": 32, "Filter": "((note)::text !~~ '%(as Metro-Goldwyn-Mayer Pictures)%'::text), (LLVM Optimized)"}, {"Node Type": "Hash", "Parent Relationship": "Inner", "Startup Cost": 108700.13, "Total Cost": 108700.13, "Plan Rows": 396404, "Plan Width": 29, "Plans": [{"Node Type": "Hash Join", "Parent Relationship": "Outer", "Join Type": "Inner", "Startup Cost": 89203.23, "Total Cost": 108700.13, "Plan Rows": 396404, "Plan Width": 29, "Inner Unique": true, "Hash Cond": "(mi_idx.movie_id = t.id), (LLVM Optimized)", "Plans": [{"Node Type": "Nested Loop", "Parent Relationship": "Outer", "Join Type": "Inner", "Startup Cost": 7502.06, "Total Cost": 21741.14, "Plan Rows": 345008, "Plan Width": 4, "Inner Unique": false, "Plans": [{"Node Type": "Seq Scan", "Parent Relationship": "Outer", "Relation Name": "info_type", "Alias": "it", "Startup Cost": 0.0, "Total Cost": 2.4, "Plan Rows": 1, "Plan Width": 4, "Filter": "((info)::text = 'bottom 10 rank'::text)"}, {"Node Type": "Bitmap Heap Scan", "Parent Relationship": "Inner", "Relation Name": "movie_info_idx", "Alias": "mi_idx", "Startup Cost": 7502.06, "Total Cost": 18288.66, "Plan Rows": 345008, "Plan Width": 8, "Recheck Cond": "(info_type_id = it.id), (LLVM Optimized)", "Plans": [{"Node Type": "Bitmap Index Scan", "Parent Relationship": "Outer", "Index Name": "info_type_id_movie_info_idx", "Startup Cost": 0.0, "Total Cost": 7415.81, "Plan Rows": 345008, "Plan Width": 0, "Index Cond": "(info_type_id = it.id)"}]}]}, {"Node Type": "Hash", "Parent Relationship": "Inner", "Startup Cost": 72710.67, "Total Cost": 72710.67, "Plan Rows": 719240, "Plan Width": 25, "Plans": [{"Node Type": "Seq Scan", "Parent Relationship": "Outer", "Relation Name": "title", "Alias": "t", "Startup Cost": 2083.5, "Total Cost": 72710.67, "Plan Rows": 719240, "Plan Width": 25, "Filter": "((production_year >= 2005) AND (production_year <= 2010)), (LLVM Optimized)"}]}]}]}]}, {"Node Type": "Hash", "Parent Relationship": "Inner", "Startup Cost": 1.04, "Total Cost": 1.04, "Plan Rows": 1, "Plan Width": 4, "Plans": [{"Node Type": "Seq Scan", "Parent Relationship": "Outer", "Relation Name": "company_type", "Alias": "ct", "Startup Cost": 0.0, "Total Cost": 1.04, "Plan Rows": 1, "Plan Width": 4, "Filter": "((kind)::text = 'production companies'::text)"}]}]}]}, "Unique SQL Id": 1162488282, "Planner Runtime": 10}, "explain_analyze_plan": {"Plan": {"Node Type": "Aggregate", "Strategy": "Plain", "Startup Cost": 189131.4, "Total Cost": 189131.41, "Plan Rows": 1, "Plan Width": 113, "Actual Startup Time": 2323.246, "Actual Total Time": 2323.247, "Actual Rows": 1, "Actual Loops": 1, "Plans": [{"Node Type": "Hash Join", "Parent Relationship": "Outer", "Join Type": "Inner", "Startup Cost": 113656.23, "Total Cost": 185775.37, "Plan Rows": 447470, "Plan Width": 45, "Actual Startup Time": 2151.003, "Actual Total Time": 2323.203, "Actual Rows": 3, "Actual Loops": 1, "Inner Unique": true, "Hash Cond": "(mc.company_type_id = ct.id), (LLVM Optimized, Jit Execute)", "Plans": [{"Node Type": "Hash Join", "Parent Relationship": "Outer", "Join Type": "Inner", "Startup Cost": 113655.18, "Total Cost": 181304.82, "Plan Rows": 549199, "Plan Width": 49, "Actual Startup Time": 1492.465, "Actual Total Time": 2322.859, "Actual Rows": 66, "Actual Loops": 1, "Inner Unique": false, "Hash Cond": "(mc.movie_id = t.id), (LLVM Optimized, Jit Execute)", "Plans": [{"Node Type": "Seq Scan", "Parent Relationship": "Outer", "Relation Name": "movie_companies", "Alias": "mc", "Startup Cost": 0.0, "Total Cost": 48340.1, "Plan Rows": 2609035, "Plan Width": 32, "Actual Startup Time": 0.026, "Actual Total Time": 904.378, "Actual Rows": 1337087, "Actual Loops": 1, "Filter": "((note)::text !~~ '%(as Metro-Goldwyn-Mayer Pictures)%'::text), (LLVM Optimized, Jit Execute)", "Rows Removed by Filter": 1272041}, {"Node Type": "Hash", "Parent Relationship": "Inner", "Startup Cost": 108700.13, "Total Cost": 108700.13, "Plan Rows": 396404, "Plan Width": 29, "Actual Startup Time": 1168.669, "Actual Total Time": 1168.669, "Actual Rows": 4, "Actual Loops": 1, "Hash Buckets": 524288, "Hash Batches": 1, "Original Hash Batches": 1, "Peak Memory Usage": 1, "Plans": [{"Node Type": "Hash Join", "Parent Relationship": "Outer", "Join Type": "Inner", "Startup Cost": 89203.23, "Total Cost": 108700.13, "Plan Rows": 396404, "Plan Width": 29, "Actual Startup Time": 1168.633, "Actual Total Time": 1168.651, "Actual Rows": 4, "Actual Loops": 1, "Inner Unique": true, "Hash Cond": "(mi_idx.movie_id = t.id), (LLVM Optimized, Jit Execute)", "Plans": [{"Node Type": "Nested Loop", "Parent Relationship": "Outer", "Join Type": "Inner", "Startup Cost": 7502.06, "Total Cost": 21741.14, "Plan Rows": 345008, "Plan Width": 4, "Actual Startup Time": 0.084, "Actual Total Time": 0.105, "Actual Rows": 10, "Actual Loops": 1, "Inner Unique": false, "Plans": [{"Node Type": "Seq Scan", "Parent Relationship": "Outer", "Relation Name": "info_type", "Alias": "it", "Startup Cost": 0.0, "Total Cost": 2.4, "Plan Rows": 1, "Plan Width": 4, "Actual Startup Time": 0.046, "Actual Total Time": 0.055, "Actual Rows": 1, "Actual Loops": 1, "Filter": "((info)::text = 'bottom 10 rank'::text)", "Rows Removed by Filter": 111}, {"Node Type": "Bitmap Heap Scan", "Parent Relationship": "Inner", "Relation Name": "movie_info_idx", "Alias": "mi_idx", "Startup Cost": 7502.06, "Total Cost": 18288.66, "Plan Rows": 345008, "Plan Width": 8, "Actual Startup Time": 0.03, "Actual Total Time": 0.039, "Actual Rows": 10, "Actual Loops": 1, "Recheck Cond": "(info_type_id = it.id), (LLVM Optimized, Jit Execute)", "Rows Removed by Index Recheck": 0, "Exact Heap Blocks": 1, "Lossy Heap Blocks": 1, "Plans": [{"Node Type": "Bitmap Index Scan", "Parent Relationship": "Outer", "Index Name": "info_type_id_movie_info_idx", "Startup Cost": 0.0, "Total Cost": 7415.81, "Plan Rows": 345008, "Plan Width": 0, "Actual Startup Time": 0.017, "Actual Total Time": 0.017, "Actual Rows": 10, "Actual Loops": 1, "Index Cond": "(info_type_id = it.id)"}]}]}, {"Node Type": "Hash", "Parent Relationship": "Inner", "Startup Cost": 72710.67, "Total Cost": 72710.67, "Plan Rows": 719240, "Plan Width": 25, "Actual Startup Time": 1167.873, "Actual Total Time": 1167.873, "Actual Rows": 716259, "Actual Loops": 1, "Hash Buckets": 1048576, "Hash Batches": 1, "Original Hash Batches": 1, "Peak Memory Usage": 41052, "Plans": [{"Node Type": "Seq Scan", "Parent Relationship": "Outer", "Relation Name": "title", "Alias": "t", "Startup Cost": 2083.5, "Total Cost": 72710.67, "Plan Rows": 719240, "Plan Width": 25, "Actual Startup Time": 0.026, "Actual Total Time": 928.077, "Actual Rows": 716259, "Actual Loops": 1, "Filter": "((production_year >= 2005) AND (production_year <= 2010)), (LLVM Optimized, Jit Execute)", "Rows Removed by Filter": 1812052}]}]}]}]}, {"Node Type": "Hash", "Parent Relationship": "Inner", "Startup Cost": 1.04, "Total Cost": 1.04, "Plan Rows": 1, "Plan Width": 4, "Actual Startup Time": 0.049, "Actual Total Time": 0.049, "Actual Rows": 1, "Actual Loops": 1, "Hash Buckets": 32768, "Hash Batches": 1, "Original Hash Batches": 1, "Peak Memory Usage": 1, "Plans": [{"Node Type": "Seq Scan", "Parent Relationship": "Outer", "Relation Name": "company_type", "Alias": "ct", "Startup Cost": 0.0, "Total Cost": 1.04, "Plan Rows": 1, "Plan Width": 4, "Actual Startup Time": 0.027, "Actual Total Time": 0.03, "Actual Rows": 1, "Actual Loops": 1, "Filter": "((kind)::text = 'production companies'::text)", "Rows Removed by Filter": 2}]}]}]}, "Triggers": [], "Planner Runtime": 9.792, "Total Runtime": 2334.263, "Unique SQL Id": 1162488282}}, "(1, '3')": {"explain_plan": {"Plan": {"Node Type": "Aggregate", "Strategy": "Plain", "Startup Cost": 1000017766719.7, "Total Cost": 1000017766719.71, "Plan Rows": 1, "Plan Width": 113, "Plans": [{"Node Type": "Nested Loop", "Parent Relationship": "Outer", "Join Type": "Inner", "Startup Cost": 10000000001.08, "Total Cost": 1000017764229.67, "Plan Rows": 332005, "Plan Width": 45, "Inner Unique": true, "Plans": [{"Node Type": "Nested Loop", "Parent Relationship": "Outer", "Join Type": "Inner", "Startup Cost": 10000000000.81, "Total Cost": 1000015609438.29, "Plan Rows": 501180, "Plan Width": 32, "Inner Unique": true, "Plans": [{"Node Type": "Nested Loop", "Parent Relationship": "Outer", "Join Type": "Inner", "Startup Cost": 10000000000.55, "Total Cost": 1000012058838.99, "Plan Rows": 829046, "Plan Width": 36, "Inner Unique": false, "Plans": [{"Node Type": "Nested Loop", "Parent Relationship": "Outer", "Join Type": "Inner", "Startup Cost": 10000000000.26, "Total Cost": 1000010560383.98, "Plan Rows": 345008, "Plan Width": 4, "Inner Unique": true, "Plans": [{"Node Type": "Index Scan", "Parent Relationship": "Outer", "Scan Direction": "Forward", "Index Name": "movie_id_movie_info_idx", "Relation Name": "movie_info_idx", "Alias": "mi_idx", "Startup Cost": 10000000000.0, "Total Cost": 1000004650035.37, "Plan Rows": 1380034, "Plan Width": 8}, {"Node Type": "Bitmap Heap Scan", "Parent Relationship": "Inner", "Relation Name": "info_type", "Alias": "it", "Startup Cost": 0.26, "Total Cost": 4.27, "Plan Rows": 1, "Plan Width": 4, "Recheck Cond": "(id = mi_idx.info_type_id)", "Filter": "((info)::text = 'bottom 10 rank'::text)", "Plans": [{"Node Type": "Bitmap Index Scan", "Parent Relationship": "Outer", "Index Name": "info_type_pkey", "Startup Cost": 0.0, "Total Cost": 0.26, "Plan Rows": 1, "Plan Width": 0, "Index Cond": "(id = mi_idx.info_type_id)"}]}]}, {"Node Type": "Bitmap Heap Scan", "Parent Relationship": "Inner", "Relation Name": "movie_companies", "Alias": "mc", "Startup Cost": 0.29, "Total Cost": 4.32, "Plan Rows": 2, "Plan Width": 32, "Recheck Cond": "(movie_id = mi_idx.movie_id)", "Filter": "((note)::text !~~ '%(as Metro-Goldwyn-Mayer Pictures)%'::text)", "Plans": [{"Node Type": "Bitmap Index Scan", "Parent Relationship": "Outer", "Index Name": "movie_id_movie_companies", "Startup Cost": 0.0, "Total Cost": 0.29, "Plan Rows": 2, "Plan Width": 0, "Index Cond": "(movie_id = mi_idx.movie_id)"}]}]}, {"Node Type": "Bitmap Heap Scan", "Parent Relationship": "Inner", "Relation Name": "company_type", "Alias": "ct", "Startup Cost": 0.26, "Total Cost": 4.27, "Plan Rows": 1, "Plan Width": 4, "Recheck Cond": "(id = mc.company_type_id)", "Filter": "((kind)::text = 'production companies'::text)", "Plans": [{"Node Type": "Bitmap Index Scan", "Parent Relationship": "Outer", "Index Name": "company_type_pkey", "Startup Cost": 0.0, "Total Cost": 0.26, "Plan Rows": 1, "Plan Width": 0, "Index Cond": "(id = mc.company_type_id)"}]}]}, {"Node Type": "Bitmap Heap Scan", "Parent Relationship": "Inner", "Relation Name": "title", "Alias": "t", "Startup Cost": 0.27, "Total Cost": 4.29, "Plan Rows": 1, "Plan Width": 25, "Recheck Cond": "(id = mc.movie_id)", "Filter": "((production_year >= 2005) AND (production_year <= 2010))", "Plans": [{"Node Type": "Bitmap Index Scan", "Parent Relationship": "Outer", "Index Name": "title_pkey", "Startup Cost": 0.0, "Total Cost": 0.27, "Plan Rows": 1, "Plan Width": 0, "Index Cond": "(id = mc.movie_id)"}]}]}]}, "Unique SQL Id": 1162488282, "Planner Runtime": 4}, "explain_analyze_plan": null}, "(1, '4')": {"explain_plan": {"Plan": {"Node Type": "Aggregate", "Strategy": "Plain", "Startup Cost": 189131.4, "Total Cost": 189131.41, "Plan Rows": 1, "Plan Width": 113, "Plans": [{"Node Type": "Hash Join", "Parent Relationship": "Outer", "Join Type": "Inner", "Startup Cost": 113656.23, "Total Cost": 185775.37, "Plan Rows": 447470, "Plan Width": 45, "Inner Unique": true, "Hash Cond": "(mc.company_type_id = ct.id), (LLVM Optimized)", "Plans": [{"Node Type": "Hash Join", "Parent Relationship": "Outer", "Join Type": "Inner", "Startup Cost": 113655.18, "Total Cost": 181304.82, "Plan Rows": 549199, "Plan Width": 49, "Inner Unique": false, "Hash Cond": "(mc.movie_id = t.id), (LLVM Optimized)", "Plans": [{"Node Type": "Seq Scan", "Parent Relationship": "Outer", "Relation Name": "movie_companies", "Alias": "mc", "Startup Cost": 0.0, "Total Cost": 48340.1, "Plan Rows": 2609035, "Plan Width": 32, "Filter": "((note)::text !~~ '%(as Metro-Goldwyn-Mayer Pictures)%'::text), (LLVM Optimized)"}, {"Node Type": "Hash", "Parent Relationship": "Inner", "Startup Cost": 108700.13, "Total Cost": 108700.13, "Plan Rows": 396404, "Plan Width": 29, "Plans": [{"Node Type": "Hash Join", "Parent Relationship": "Outer", "Join Type": "Inner", "Startup Cost": 89203.23, "Total Cost": 108700.13, "Plan Rows": 396404, "Plan Width": 29, "Inner Unique": true, "Hash Cond": "(mi_idx.movie_id = t.id), (LLVM Optimized)", "Plans": [{"Node Type": "Nested Loop", "Parent Relationship": "Outer", "Join Type": "Inner", "Startup Cost": 7502.06, "Total Cost": 21741.14, "Plan Rows": 345008, "Plan Width": 4, "Inner Unique": false, "Plans": [{"Node Type": "Seq Scan", "Parent Relationship": "Outer", "Relation Name": "info_type", "Alias": "it", "Startup Cost": 0.0, "Total Cost": 2.4, "Plan Rows": 1, "Plan Width": 4, "Filter": "((info)::text = 'bottom 10 rank'::text)"}, {"Node Type": "Bitmap Heap Scan", "Parent Relationship": "Inner", "Relation Name": "movie_info_idx", "Alias": "mi_idx", "Startup Cost": 7502.06, "Total Cost": 18288.66, "Plan Rows": 345008, "Plan Width": 8, "Recheck Cond": "(info_type_id = it.id), (LLVM Optimized)", "Plans": [{"Node Type": "Bitmap Index Scan", "Parent Relationship": "Outer", "Index Name": "info_type_id_movie_info_idx", "Startup Cost": 0.0, "Total Cost": 7415.81, "Plan Rows": 345008, "Plan Width": 0, "Index Cond": "(info_type_id = it.id)"}]}]}, {"Node Type": "Hash", "Parent Relationship": "Inner", "Startup Cost": 72710.67, "Total Cost": 72710.67, "Plan Rows": 719240, "Plan Width": 25, "Plans": [{"Node Type": "Seq Scan", "Parent Relationship": "Outer", "Relation Name": "title", "Alias": "t", "Startup Cost": 2083.5, "Total Cost": 72710.67, "Plan Rows": 719240, "Plan Width": 25, "Filter": "((production_year >= 2005) AND (production_year <= 2010)), (LLVM Optimized)"}]}]}]}]}, {"Node Type": "Hash", "Parent Relationship": "Inner", "Startup Cost": 1.04, "Total Cost": 1.04, "Plan Rows": 1, "Plan Width": 4, "Plans": [{"Node Type": "Seq Scan", "Parent Relationship": "Outer", "Relation Name": "company_type", "Alias": "ct", "Startup Cost": 0.0, "Total Cost": 1.04, "Plan Rows": 1, "Plan Width": 4, "Filter": "((kind)::text = 'production companies'::text)"}]}]}]}, "Unique SQL Id": 1162488282, "Planner Runtime": 11}, "explain_analyze_plan": {"Plan": {"Node Type": "Aggregate", "Strategy": "Plain", "Startup Cost": 189131.4, "Total Cost": 189131.41, "Plan Rows": 1, "Plan Width": 113, "Actual Startup Time": 2323.246, "Actual Total Time": 2323.247, "Actual Rows": 1, "Actual Loops": 1, "Plans": [{"Node Type": "Hash Join", "Parent Relationship": "Outer", "Join Type": "Inner", "Startup Cost": 113656.23, "Total Cost": 185775.37, "Plan Rows": 447470, "Plan Width": 45, "Actual Startup Time": 2151.003, "Actual Total Time": 2323.203, "Actual Rows": 3, "Actual Loops": 1, "Inner Unique": true, "Hash Cond": "(mc.company_type_id = ct.id), (LLVM Optimized, Jit Execute)", "Plans": [{"Node Type": "Hash Join", "Parent Relationship": "Outer", "Join Type": "Inner", "Startup Cost": 113655.18, "Total Cost": 181304.82, "Plan Rows": 549199, "Plan Width": 49, "Actual Startup Time": 1492.465, "Actual Total Time": 2322.859, "Actual Rows": 66, "Actual Loops": 1, "Inner Unique": false, "Hash Cond": "(mc.movie_id = t.id), (LLVM Optimized, Jit Execute)", "Plans": [{"Node Type": "Seq Scan", "Parent Relationship": "Outer", "Relation Name": "movie_companies", "Alias": "mc", "Startup Cost": 0.0, "Total Cost": 48340.1, "Plan Rows": 2609035, "Plan Width": 32, "Actual Startup Time": 0.026, "Actual Total Time": 904.378, "Actual Rows": 1337087, "Actual Loops": 1, "Filter": "((note)::text !~~ '%(as Metro-Goldwyn-Mayer Pictures)%'::text), (LLVM Optimized, Jit Execute)", "Rows Removed by Filter": 1272041}, {"Node Type": "Hash", "Parent Relationship": "Inner", "Startup Cost": 108700.13, "Total Cost": 108700.13, "Plan Rows": 396404, "Plan Width": 29, "Actual Startup Time": 1168.669, "Actual Total Time": 1168.669, "Actual Rows": 4, "Actual Loops": 1, "Hash Buckets": 524288, "Hash Batches": 1, "Original Hash Batches": 1, "Peak Memory Usage": 1, "Plans": [{"Node Type": "Hash Join", "Parent Relationship": "Outer", "Join Type": "Inner", "Startup Cost": 89203.23, "Total Cost": 108700.13, "Plan Rows": 396404, "Plan Width": 29, "Actual Startup Time": 1168.633, "Actual Total Time": 1168.651, "Actual Rows": 4, "Actual Loops": 1, "Inner Unique": true, "Hash Cond": "(mi_idx.movie_id = t.id), (LLVM Optimized, Jit Execute)", "Plans": [{"Node Type": "Nested Loop", "Parent Relationship": "Outer", "Join Type": "Inner", "Startup Cost": 7502.06, "Total Cost": 21741.14, "Plan Rows": 345008, "Plan Width": 4, "Actual Startup Time": 0.084, "Actual Total Time": 0.105, "Actual Rows": 10, "Actual Loops": 1, "Inner Unique": false, "Plans": [{"Node Type": "Seq Scan", "Parent Relationship": "Outer", "Relation Name": "info_type", "Alias": "it", "Startup Cost": 0.0, "Total Cost": 2.4, "Plan Rows": 1, "Plan Width": 4, "Actual Startup Time": 0.046, "Actual Total Time": 0.055, "Actual Rows": 1, "Actual Loops": 1, "Filter": "((info)::text = 'bottom 10 rank'::text)", "Rows Removed by Filter": 111}, {"Node Type": "Bitmap Heap Scan", "Parent Relationship": "Inner", "Relation Name": "movie_info_idx", "Alias": "mi_idx", "Startup Cost": 7502.06, "Total Cost": 18288.66, "Plan Rows": 345008, "Plan Width": 8, "Actual Startup Time": 0.03, "Actual Total Time": 0.039, "Actual Rows": 10, "Actual Loops": 1, "Recheck Cond": "(info_type_id = it.id), (LLVM Optimized, Jit Execute)", "Rows Removed by Index Recheck": 0, "Exact Heap Blocks": 1, "Lossy Heap Blocks": 1, "Plans": [{"Node Type": "Bitmap Index Scan", "Parent Relationship": "Outer", "Index Name": "info_type_id_movie_info_idx", "Startup Cost": 0.0, "Total Cost": 7415.81, "Plan Rows": 345008, "Plan Width": 0, "Actual Startup Time": 0.017, "Actual Total Time": 0.017, "Actual Rows": 10, "Actual Loops": 1, "Index Cond": "(info_type_id = it.id)"}]}]}, {"Node Type": "Hash", "Parent Relationship": "Inner", "Startup Cost": 72710.67, "Total Cost": 72710.67, "Plan Rows": 719240, "Plan Width": 25, "Actual Startup Time": 1167.873, "Actual Total Time": 1167.873, "Actual Rows": 716259, "Actual Loops": 1, "Hash Buckets": 1048576, "Hash Batches": 1, "Original Hash Batches": 1, "Peak Memory Usage": 41052, "Plans": [{"Node Type": "Seq Scan", "Parent Relationship": "Outer", "Relation Name": "title", "Alias": "t", "Startup Cost": 2083.5, "Total Cost": 72710.67, "Plan Rows": 719240, "Plan Width": 25, "Actual Startup Time": 0.026, "Actual Total Time": 928.077, "Actual Rows": 716259, "Actual Loops": 1, "Filter": "((production_year >= 2005) AND (production_year <= 2010)), (LLVM Optimized, Jit Execute)", "Rows Removed by Filter": 1812052}]}]}]}]}, {"Node Type": "Hash", "Parent Relationship": "Inner", "Startup Cost": 1.04, "Total Cost": 1.04, "Plan Rows": 1, "Plan Width": 4, "Actual Startup Time": 0.049, "Actual Total Time": 0.049, "Actual Rows": 1, "Actual Loops": 1, "Hash Buckets": 32768, "Hash Batches": 1, "Original Hash Batches": 1, "Peak Memory Usage": 1, "Plans": [{"Node Type": "Seq Scan", "Parent Relationship": "Outer", "Relation Name": "company_type", "Alias": "ct", "Startup Cost": 0.0, "Total Cost": 1.04, "Plan Rows": 1, "Plan Width": 4, "Actual Startup Time": 0.027, "Actual Total Time": 0.03, "Actual Rows": 1, "Actual Loops": 1, "Filter": "((kind)::text = 'production companies'::text)", "Rows Removed by Filter": 2}]}]}]}, "Triggers": [], "Planner Runtime": 9.792, "Total Runtime": 2334.263, "Unique SQL Id": 1162488282}}, "(1, '5')": {"explain_plan": {"Plan": {"Node Type": "Aggregate", "Strategy": "Plain", "Startup Cost": 247822.0, "Total Cost": 247822.01, "Plan Rows": 1, "Plan Width": 113, "Plans": [{"Node Type": "Hash Join", "Parent Relationship": "Outer", "Join Type": "Inner", "Startup Cost": 163718.37, "Total Cost": 244465.97, "Plan Rows": 447470, "Plan Width": 45, "Inner Unique": false, "Hash Cond": "(mc.movie_id = t.id), (LLVM Optimized)", "Plans": [{"Node Type": "Nested Loop", "Parent Relationship": "Outer", "Join Type": "Inner", "Startup Cost": 0.0, "Total Cost": 69436.41, "Plan Rows": 1304518, "Plan Width": 28, "Inner Unique": false, "Plans": [{"Node Type": "Index Scan", "Parent Relationship": "Outer", "Scan Direction": "Forward", "Index Name": "company_type_pkey", "Relation Name": "company_type", "Alias": "ct", "Startup Cost": 0.0, "Total Cost": 12.3, "Plan Rows": 1, "Plan Width": 4, "Filter": "((kind)::text = 'production companies'::text)"}, {"Node Type": "Index Scan", "Parent Relationship": "Inner", "Scan Direction": "Forward", "Index Name": "company_type_id_movie_companies", "Relation Name": "movie_companies", "Alias": "mc", "Startup Cost": 0.0, "Total Cost": 56378.94, "Plan Rows": 1304517, "Plan Width": 32, "Index Cond": "(company_type_id = ct.id), (LLVM Optimized)", "Filter": "((note)::text !~~ '%(as Metro-Goldwyn-Mayer Pictures)%'::text), (LLVM Optimized)"}]}, {"Node Type": "Hash", "Parent Relationship": "Inner", "Startup Cost": 158763.32, "Total Cost": 158763.32, "Plan Rows": 396404, "Plan Width": 29, "Plans": [{"Node Type": "Hash Join", "Parent Relationship": "Outer", "Join Type": "Inner", "Startup Cost": 139254.61, "Total Cost": 158763.32, "Plan Rows": 396404, "Plan Width": 29, "Inner Unique": true, "Hash Cond": "(mi_idx.movie_id = t.id), (LLVM Optimized)", "Plans": [{"Node Type": "Nested Loop", "Parent Relationship": "Outer", "Join Type": "Inner", "Startup Cost": 7502.06, "Total Cost": 21752.95, "Plan Rows": 345008, "Plan Width": 4, "Inner Unique": false, "Plans": [{"Node Type": "Index Scan", "Parent Relationship": "Outer", "Scan Direction": "Forward", "Index Name": "info_type_pkey", "Relation Name": "info_type", "Alias": "it", "Startup Cost": 0.0, "Total Cost": 14.21, "Plan Rows": 1, "Plan Width": 4, "Filter": "((info)::text = 'bottom 10 rank'::text)"}, {"Node Type": "Bitmap Heap Scan", "Parent Relationship": "Inner", "Relation Name": "movie_info_idx", "Alias": "mi_idx", "Startup Cost": 7502.06, "Total Cost": 18288.66, "Plan Rows": 345008, "Plan Width": 8, "Recheck Cond": "(info_type_id = it.id), (LLVM Optimized)", "Plans": [{"Node Type": "Bitmap Index Scan", "Parent Relationship": "Outer", "Index Name": "info_type_id_movie_info_idx", "Startup Cost": 0.0, "Total Cost": 7415.81, "Plan Rows": 345008, "Plan Width": 0, "Index Cond": "(info_type_id = it.id)"}]}]}, {"Node Type": "Hash", "Parent Relationship": "Inner", "Startup Cost": 122762.04, "Total Cost": 122762.04, "Plan Rows": 719240, "Plan Width": 25, "Plans": [{"Node Type": "Index Scan", "Parent Relationship": "Outer", "Scan Direction": "Forward", "Index Name": "title_pkey", "Relation Name": "title", "Alias": "t", "Startup Cost": 0.0, "Total Cost": 122762.04, "Plan Rows": 719240, "Plan Width": 25, "Filter": "((production_year >= 2005) AND (production_year <= 2010)), (LLVM Optimized)"}]}]}]}]}]}, "Unique SQL Id": 1162488282, "Planner Runtime": 9}, "explain_analyze_plan": {"Plan": {"Node Type": "Aggregate", "Strategy": "Plain", "Startup Cost": 247822.0, "Total Cost": 247822.01, "Plan Rows": 1, "Plan Width": 113, "Actual Startup Time": 4160.762, "Actual Total Time": 4160.762, "Actual Rows": 1, "Actual Loops": 1, "Plans": [{"Node Type": "Hash Join", "Parent Relationship": "Outer", "Join Type": "Inner", "Startup Cost": 163718.37, "Total Cost": 244465.97, "Plan Rows": 447470, "Plan Width": 45, "Actual Startup Time": 3832.302, "Actual Total Time": 4160.644, "Actual Rows": 3, "Actual Loops": 1, "Inner Unique": false, "Hash Cond": "(mc.movie_id = t.id), (LLVM Optimized, Jit Execute)", "Plans": [{"Node Type": "Nested Loop", "Parent Relationship": "Outer", "Join Type": "Inner", "Startup Cost": 0.0, "Total Cost": 69436.41, "Plan Rows": 1304518, "Plan Width": 28, "Actual Startup Time": 0.115, "Actual Total Time": 660.605, "Actual Rows": 140904, "Actual Loops": 1, "Inner Unique": false, "Plans": [{"Node Type": "Index Scan", "Parent Relationship": "Outer", "Scan Direction": "Forward", "Index Name": "company_type_pkey", "Relation Name": "company_type", "Alias": "ct", "Startup Cost": 0.0, "Total Cost": 12.3, "Plan Rows": 1, "Plan Width": 4, "Actual Startup Time": 0.029, "Actual Total Time": 0.039, "Actual Rows": 1, "Actual Loops": 1, "Filter": "((kind)::text = 'production companies'::text)", "Rows Removed by Filter": 2}, {"Node Type": "Index Scan", "Parent Relationship": "Inner", "Scan Direction": "Forward", "Index Name": "company_type_id_movie_companies", "Relation Name": "movie_companies", "Alias": "mc", "Startup Cost": 0.0, "Total Cost": 56378.94, "Plan Rows": 1304517, "Plan Width": 32, "Actual Startup Time": 0.081, "Actual Total Time": 632.434, "Actual Rows": 140904, "Actual Loops": 1, "Index Cond": "(company_type_id = ct.id), (LLVM Optimized, Jit Execute)", "Rows Removed by Index Recheck": 0, "Filter": "((note)::text !~~ '%(as Metro-Goldwyn-Mayer Pictures)%'::text), (LLVM Optimized, Jit Execute)", "Rows Removed by Filter": 1193979}]}, {"Node Type": "Hash", "Parent Relationship": "Inner", "Startup Cost": 158763.32, "Total Cost": 158763.32, "Plan Rows": 396404, "Plan Width": 29, "Actual Startup Time": 3468.773, "Actual Total Time": 3468.773, "Actual Rows": 4, "Actual Loops": 1, "Hash Buckets": 524288, "Hash Batches": 1, "Original Hash Batches": 1, "Peak Memory Usage": 1, "Plans": [{"Node Type": "Hash Join", "Parent Relationship": "Outer", "Join Type": "Inner", "Startup Cost": 139254.61, "Total Cost": 158763.32, "Plan Rows": 396404, "Plan Width": 29, "Actual Startup Time": 3468.757, "Actual Total Time": 3468.767, "Actual Rows": 4, "Actual Loops": 1, "Inner Unique": true, "Hash Cond": "(mi_idx.movie_id = t.id), (LLVM Optimized, Jit Execute)", "Plans": [{"Node Type": "Nested Loop", "Parent Relationship": "Outer", "Join Type": "Inner", "Startup Cost": 7502.06, "Total Cost": 21752.95, "Plan Rows": 345008, "Plan Width": 4, "Actual Startup Time": 0.092, "Actual Total Time": 0.104, "Actual Rows": 10, "Actual Loops": 1, "Inner Unique": false, "Plans": [{"Node Type": "Index Scan", "Parent Relationship": "Outer", "Scan Direction": "Forward", "Index Name": "info_type_pkey", "Relation Name": "info_type", "Alias": "it", "Startup Cost": 0.0, "Total Cost": 14.21, "Plan Rows": 1, "Plan Width": 4, "Actual Startup Time": 0.06, "Actual Total Time": 0.062, "Actual Rows": 1, "Actual Loops": 1, "Filter": "((info)::text = 'bottom 10 rank'::text)", "Rows Removed by Filter": 111}, {"Node Type": "Bitmap Heap Scan", "Parent Relationship": "Inner", "Relation Name": "movie_info_idx", "Alias": "mi_idx", "Startup Cost": 7502.06, "Total Cost": 18288.66, "Plan Rows": 345008, "Plan Width": 8, "Actual Startup Time": 0.026, "Actual Total Time": 0.031, "Actual Rows": 10, "Actual Loops": 1, "Recheck Cond": "(info_type_id = it.id), (LLVM Optimized, Jit Execute)", "Rows Removed by Index Recheck": 0, "Exact Heap Blocks": 1, "Lossy Heap Blocks": 1, "Plans": [{"Node Type": "Bitmap Index Scan", "Parent Relationship": "Outer", "Index Name": "info_type_id_movie_info_idx", "Startup Cost": 0.0, "Total Cost": 7415.81, "Plan Rows": 345008, "Plan Width": 0, "Actual Startup Time": 0.012, "Actual Total Time": 0.012, "Actual Rows": 10, "Actual Loops": 1, "Index Cond": "(info_type_id = it.id)"}]}]}, {"Node Type": "Hash", "Parent Relationship": "Inner", "Startup Cost": 122762.04, "Total Cost": 122762.04, "Plan Rows": 719240, "Plan Width": 25, "Actual Startup Time": 3467.963, "Actual Total Time": 3467.963, "Actual Rows": 716259, "Actual Loops": 1, "Hash Buckets": 1048576, "Hash Batches": 1, "Original Hash Batches": 1, "Peak Memory Usage": 41052, "Plans": [{"Node Type": "Index Scan", "Parent Relationship": "Outer", "Scan Direction": "Forward", "Index Name": "title_pkey", "Relation Name": "title", "Alias": "t", "Startup Cost": 0.0, "Total Cost": 122762.04, "Plan Rows": 719240, "Plan Width": 25, "Actual Startup Time": 0.027, "Actual Total Time": 3132.968, "Actual Rows": 716259, "Actual Loops": 1, "Filter": "((production_year >= 2005) AND (production_year <= 2010)), (LLVM Optimized, Jit Execute)", "Rows Removed by Filter": 1812052}]}]}]}]}]}, "Triggers": [], "Planner Runtime": 9.22, "Total Runtime": 4171.802, "Unique SQL Id": 1162488282}}, "(1, '6')": {"explain_plan": {"Plan": {"Node Type": "Aggregate", "Strategy": "Plain", "Startup Cost": 189131.4, "Total Cost": 189131.41, "Plan Rows": 1, "Plan Width": 113, "Plans": [{"Node Type": "Hash Join", "Parent Relationship": "Outer", "Join Type": "Inner", "Startup Cost": 113656.23, "Total Cost": 185775.37, "Plan Rows": 447470, "Plan Width": 45, "Inner Unique": true, "Hash Cond": "(mc.company_type_id = ct.id), (LLVM Optimized)", "Plans": [{"Node Type": "Hash Join", "Parent Relationship": "Outer", "Join Type": "Inner", "Startup Cost": 113655.18, "Total Cost": 181304.82, "Plan Rows": 549199, "Plan Width": 49, "Inner Unique": false, "Hash Cond": "(mc.movie_id = t.id), (LLVM Optimized)", "Plans": [{"Node Type": "Seq Scan", "Parent Relationship": "Outer", "Relation Name": "movie_companies", "Alias": "mc", "Startup Cost": 0.0, "Total Cost": 48340.1, "Plan Rows": 2609035, "Plan Width": 32, "Filter": "((note)::text !~~ '%(as Metro-Goldwyn-Mayer Pictures)%'::text), (LLVM Optimized)"}, {"Node Type": "Hash", "Parent Relationship": "Inner", "Startup Cost": 108700.13, "Total Cost": 108700.13, "Plan Rows": 396404, "Plan Width": 29, "Plans": [{"Node Type": "Hash Join", "Parent Relationship": "Outer", "Join Type": "Inner", "Startup Cost": 89203.23, "Total Cost": 108700.13, "Plan Rows": 396404, "Plan Width": 29, "Inner Unique": true, "Hash Cond": "(mi_idx.movie_id = t.id), (LLVM Optimized)", "Plans": [{"Node Type": "Nested Loop", "Parent Relationship": "Outer", "Join Type": "Inner", "Startup Cost": 7502.06, "Total Cost": 21741.14, "Plan Rows": 345008, "Plan Width": 4, "Inner Unique": false, "Plans": [{"Node Type": "Seq Scan", "Parent Relationship": "Outer", "Relation Name": "info_type", "Alias": "it", "Startup Cost": 0.0, "Total Cost": 2.4, "Plan Rows": 1, "Plan Width": 4, "Filter": "((info)::text = 'bottom 10 rank'::text)"}, {"Node Type": "Bitmap Heap Scan", "Parent Relationship": "Inner", "Relation Name": "movie_info_idx", "Alias": "mi_idx", "Startup Cost": 7502.06, "Total Cost": 18288.66, "Plan Rows": 345008, "Plan Width": 8, "Recheck Cond": "(info_type_id = it.id), (LLVM Optimized)", "Plans": [{"Node Type": "Bitmap Index Scan", "Parent Relationship": "Outer", "Index Name": "info_type_id_movie_info_idx", "Startup Cost": 0.0, "Total Cost": 7415.81, "Plan Rows": 345008, "Plan Width": 0, "Index Cond": "(info_type_id = it.id)"}]}]}, {"Node Type": "Hash", "Parent Relationship": "Inner", "Startup Cost": 72710.67, "Total Cost": 72710.67, "Plan Rows": 719240, "Plan Width": 25, "Plans": [{"Node Type": "Seq Scan", "Parent Relationship": "Outer", "Relation Name": "title", "Alias": "t", "Startup Cost": 2083.5, "Total Cost": 72710.67, "Plan Rows": 719240, "Plan Width": 25, "Filter": "((production_year >= 2005) AND (production_year <= 2010)), (LLVM Optimized)"}]}]}]}]}, {"Node Type": "Hash", "Parent Relationship": "Inner", "Startup Cost": 1.04, "Total Cost": 1.04, "Plan Rows": 1, "Plan Width": 4, "Plans": [{"Node Type": "Seq Scan", "Parent Relationship": "Outer", "Relation Name": "company_type", "Alias": "ct", "Startup Cost": 0.0, "Total Cost": 1.04, "Plan Rows": 1, "Plan Width": 4, "Filter": "((kind)::text = 'production companies'::text)"}]}]}]}, "Unique SQL Id": 1162488282, "Planner Runtime": 9}, "explain_analyze_plan": {"Plan": {"Node Type": "Aggregate", "Strategy": "Plain", "Startup Cost": 189131.4, "Total Cost": 189131.41, "Plan Rows": 1, "Plan Width": 113, "Actual Startup Time": 2323.246, "Actual Total Time": 2323.247, "Actual Rows": 1, "Actual Loops": 1, "Plans": [{"Node Type": "Hash Join", "Parent Relationship": "Outer", "Join Type": "Inner", "Startup Cost": 113656.23, "Total Cost": 185775.37, "Plan Rows": 447470, "Plan Width": 45, "Actual Startup Time": 2151.003, "Actual Total Time": 2323.203, "Actual Rows": 3, "Actual Loops": 1, "Inner Unique": true, "Hash Cond": "(mc.company_type_id = ct.id), (LLVM Optimized, Jit Execute)", "Plans": [{"Node Type": "Hash Join", "Parent Relationship": "Outer", "Join Type": "Inner", "Startup Cost": 113655.18, "Total Cost": 181304.82, "Plan Rows": 549199, "Plan Width": 49, "Actual Startup Time": 1492.465, "Actual Total Time": 2322.859, "Actual Rows": 66, "Actual Loops": 1, "Inner Unique": false, "Hash Cond": "(mc.movie_id = t.id), (LLVM Optimized, Jit Execute)", "Plans": [{"Node Type": "Seq Scan", "Parent Relationship": "Outer", "Relation Name": "movie_companies", "Alias": "mc", "Startup Cost": 0.0, "Total Cost": 48340.1, "Plan Rows": 2609035, "Plan Width": 32, "Actual Startup Time": 0.026, "Actual Total Time": 904.378, "Actual Rows": 1337087, "Actual Loops": 1, "Filter": "((note)::text !~~ '%(as Metro-Goldwyn-Mayer Pictures)%'::text), (LLVM Optimized, Jit Execute)", "Rows Removed by Filter": 1272041}, {"Node Type": "Hash", "Parent Relationship": "Inner", "Startup Cost": 108700.13, "Total Cost": 108700.13, "Plan Rows": 396404, "Plan Width": 29, "Actual Startup Time": 1168.669, "Actual Total Time": 1168.669, "Actual Rows": 4, "Actual Loops": 1, "Hash Buckets": 524288, "Hash Batches": 1, "Original Hash Batches": 1, "Peak Memory Usage": 1, "Plans": [{"Node Type": "Hash Join", "Parent Relationship": "Outer", "Join Type": "Inner", "Startup Cost": 89203.23, "Total Cost": 108700.13, "Plan Rows": 396404, "Plan Width": 29, "Actual Startup Time": 1168.633, "Actual Total Time": 1168.651, "Actual Rows": 4, "Actual Loops": 1, "Inner Unique": true, "Hash Cond": "(mi_idx.movie_id = t.id), (LLVM Optimized, Jit Execute)", "Plans": [{"Node Type": "Nested Loop", "Parent Relationship": "Outer", "Join Type": "Inner", "Startup Cost": 7502.06, "Total Cost": 21741.14, "Plan Rows": 345008, "Plan Width": 4, "Actual Startup Time": 0.084, "Actual Total Time": 0.105, "Actual Rows": 10, "Actual Loops": 1, "Inner Unique": false, "Plans": [{"Node Type": "Seq Scan", "Parent Relationship": "Outer", "Relation Name": "info_type", "Alias": "it", "Startup Cost": 0.0, "Total Cost": 2.4, "Plan Rows": 1, "Plan Width": 4, "Actual Startup Time": 0.046, "Actual Total Time": 0.055, "Actual Rows": 1, "Actual Loops": 1, "Filter": "((info)::text = 'bottom 10 rank'::text)", "Rows Removed by Filter": 111}, {"Node Type": "Bitmap Heap Scan", "Parent Relationship": "Inner", "Relation Name": "movie_info_idx", "Alias": "mi_idx", "Startup Cost": 7502.06, "Total Cost": 18288.66, "Plan Rows": 345008, "Plan Width": 8, "Actual Startup Time": 0.03, "Actual Total Time": 0.039, "Actual Rows": 10, "Actual Loops": 1, "Recheck Cond": "(info_type_id = it.id), (LLVM Optimized, Jit Execute)", "Rows Removed by Index Recheck": 0, "Exact Heap Blocks": 1, "Lossy Heap Blocks": 1, "Plans": [{"Node Type": "Bitmap Index Scan", "Parent Relationship": "Outer", "Index Name": "info_type_id_movie_info_idx", "Startup Cost": 0.0, "Total Cost": 7415.81, "Plan Rows": 345008, "Plan Width": 0, "Actual Startup Time": 0.017, "Actual Total Time": 0.017, "Actual Rows": 10, "Actual Loops": 1, "Index Cond": "(info_type_id = it.id)"}]}]}, {"Node Type": "Hash", "Parent Relationship": "Inner", "Startup Cost": 72710.67, "Total Cost": 72710.67, "Plan Rows": 719240, "Plan Width": 25, "Actual Startup Time": 1167.873, "Actual Total Time": 1167.873, "Actual Rows": 716259, "Actual Loops": 1, "Hash Buckets": 1048576, "Hash Batches": 1, "Original Hash Batches": 1, "Peak Memory Usage": 41052, "Plans": [{"Node Type": "Seq Scan", "Parent Relationship": "Outer", "Relation Name": "title", "Alias": "t", "Startup Cost": 2083.5, "Total Cost": 72710.67, "Plan Rows": 719240, "Plan Width": 25, "Actual Startup Time": 0.026, "Actual Total Time": 928.077, "Actual Rows": 716259, "Actual Loops": 1, "Filter": "((production_year >= 2005) AND (production_year <= 2010)), (LLVM Optimized, Jit Execute)", "Rows Removed by Filter": 1812052}]}]}]}]}, {"Node Type": "Hash", "Parent Relationship": "Inner", "Startup Cost": 1.04, "Total Cost": 1.04, "Plan Rows": 1, "Plan Width": 4, "Actual Startup Time": 0.049, "Actual Total Time": 0.049, "Actual Rows": 1, "Actual Loops": 1, "Hash Buckets": 32768, "Hash Batches": 1, "Original Hash Batches": 1, "Peak Memory Usage": 1, "Plans": [{"Node Type": "Seq Scan", "Parent Relationship": "Outer", "Relation Name": "company_type", "Alias": "ct", "Startup Cost": 0.0, "Total Cost": 1.04, "Plan Rows": 1, "Plan Width": 4, "Actual Startup Time": 0.027, "Actual Total Time": 0.03, "Actual Rows": 1, "Actual Loops": 1, "Filter": "((kind)::text = 'production companies'::text)", "Rows Removed by Filter": 2}]}]}]}, "Triggers": [], "Planner Runtime": 9.792, "Total Runtime": 2334.263, "Unique SQL Id": 1162488282}}, "(1, '7')": {"explain_plan": {"Plan": {"Node Type": "Aggregate", "Strategy": "Plain", "Startup Cost": 1000017766719.7, "Total Cost": 1000017766719.71, "Plan Rows": 1, "Plan Width": 113, "Plans": [{"Node Type": "Nested Loop", "Parent Relationship": "Outer", "Join Type": "Inner", "Startup Cost": 10000000001.08, "Total Cost": 1000017764229.67, "Plan Rows": 332005, "Plan Width": 45, "Inner Unique": true, "Plans": [{"Node Type": "Nested Loop", "Parent Relationship": "Outer", "Join Type": "Inner", "Startup Cost": 10000000000.81, "Total Cost": 1000015609438.29, "Plan Rows": 501180, "Plan Width": 32, "Inner Unique": true, "Plans": [{"Node Type": "Nested Loop", "Parent Relationship": "Outer", "Join Type": "Inner", "Startup Cost": 10000000000.55, "Total Cost": 1000012058838.99, "Plan Rows": 829046, "Plan Width": 36, "Inner Unique": false, "Plans": [{"Node Type": "Nested Loop", "Parent Relationship": "Outer", "Join Type": "Inner", "Startup Cost": 10000000000.26, "Total Cost": 1000010560383.98, "Plan Rows": 345008, "Plan Width": 4, "Inner Unique": true, "Plans": [{"Node Type": "Index Scan", "Parent Relationship": "Outer", "Scan Direction": "Forward", "Index Name": "movie_id_movie_info_idx", "Relation Name": "movie_info_idx", "Alias": "mi_idx", "Startup Cost": 10000000000.0, "Total Cost": 1000004650035.37, "Plan Rows": 1380034, "Plan Width": 8}, {"Node Type": "Bitmap Heap Scan", "Parent Relationship": "Inner", "Relation Name": "info_type", "Alias": "it", "Startup Cost": 0.26, "Total Cost": 4.27, "Plan Rows": 1, "Plan Width": 4, "Recheck Cond": "(id = mi_idx.info_type_id)", "Filter": "((info)::text = 'bottom 10 rank'::text)", "Plans": [{"Node Type": "Bitmap Index Scan", "Parent Relationship": "Outer", "Index Name": "info_type_pkey", "Startup Cost": 0.0, "Total Cost": 0.26, "Plan Rows": 1, "Plan Width": 0, "Index Cond": "(id = mi_idx.info_type_id)"}]}]}, {"Node Type": "Bitmap Heap Scan", "Parent Relationship": "Inner", "Relation Name": "movie_companies", "Alias": "mc", "Startup Cost": 0.29, "Total Cost": 4.32, "Plan Rows": 2, "Plan Width": 32, "Recheck Cond": "(movie_id = mi_idx.movie_id)", "Filter": "((note)::text !~~ '%(as Metro-Goldwyn-Mayer Pictures)%'::text)", "Plans": [{"Node Type": "Bitmap Index Scan", "Parent Relationship": "Outer", "Index Name": "movie_id_movie_companies", "Startup Cost": 0.0, "Total Cost": 0.29, "Plan Rows": 2, "Plan Width": 0, "Index Cond": "(movie_id = mi_idx.movie_id)"}]}]}, {"Node Type": "Bitmap Heap Scan", "Parent Relationship": "Inner", "Relation Name": "company_type", "Alias": "ct", "Startup Cost": 0.26, "Total Cost": 4.27, "Plan Rows": 1, "Plan Width": 4, "Recheck Cond": "(id = mc.company_type_id)", "Filter": "((kind)::text = 'production companies'::text)", "Plans": [{"Node Type": "Bitmap Index Scan", "Parent Relationship": "Outer", "Index Name": "company_type_pkey", "Startup Cost": 0.0, "Total Cost": 0.26, "Plan Rows": 1, "Plan Width": 0, "Index Cond": "(id = mc.company_type_id)"}]}]}, {"Node Type": "Bitmap Heap Scan", "Parent Relationship": "Inner", "Relation Name": "title", "Alias": "t", "Startup Cost": 0.27, "Total Cost": 4.29, "Plan Rows": 1, "Plan Width": 25, "Recheck Cond": "(id = mc.movie_id)", "Filter": "((production_year >= 2005) AND (production_year <= 2010))", "Plans": [{"Node Type": "Bitmap Index Scan", "Parent Relationship": "Outer", "Index Name": "title_pkey", "Startup Cost": 0.0, "Total Cost": 0.27, "Plan Rows": 1, "Plan Width": 0, "Index Cond": "(id = mc.movie_id)"}]}]}]}, "Unique SQL Id": 1162488282, "Planner Runtime": 4}, "explain_analyze_plan": null}, "(1, '8')": {"explain_plan": {"Plan": {"Node Type": "Aggregate", "Strategy": "Plain", "Startup Cost": 194575.8, "Total Cost": 194575.81, "Plan Rows": 1, "Plan Width": 113, "Plans": [{"Node Type": "Hash Join", "Parent Relationship": "Outer", "Join Type": "Inner", "Startup Cost": 119100.63, "Total Cost": 191219.77, "Plan Rows": 447470, "Plan Width": 45, "Inner Unique": true, "Hash Cond": "(mc.company_type_id = ct.id), (LLVM Optimized)", "Plans": [{"Node Type": "Hash Join", "Parent Relationship": "Outer", "Join Type": "Inner", "Startup Cost": 119099.58, "Total Cost": 186749.22, "Plan Rows": 549199, "Plan Width": 49, "Inner Unique": false, "Hash Cond": "(mc.movie_id = t.id), (LLVM Optimized)", "Plans": [{"Node Type": "Seq Scan", "Parent Relationship": "Outer", "Relation Name": "movie_companies", "Alias": "mc", "Startup Cost": 0.0, "Total Cost": 48340.1, "Plan Rows": 2609035, "Plan Width": 32, "Filter": "((note)::text !~~ '%(as Metro-Goldwyn-Mayer Pictures)%'::text), (LLVM Optimized)"}, {"Node Type": "Hash", "Parent Relationship": "Inner", "Startup Cost": 114144.53, "Total Cost": 114144.53, "Plan Rows": 396404, "Plan Width": 29, "Plans": [{"Node Type": "Hash Join", "Parent Relationship": "Outer", "Join Type": "Inner", "Startup Cost": 81703.58, "Total Cost": 114144.53, "Plan Rows": 396404, "Plan Width": 29, "Inner Unique": true, "Hash Cond": "(mi_idx.movie_id = t.id), (LLVM Optimized)", "Plans": [{"Node Type": "Hash Join", "Parent Relationship": "Outer", "Join Type": "Inner", "Startup Cost": 2.41, "Total Cost": 27185.54, "Plan Rows": 345008, "Plan Width": 4, "Inner Unique": true, "Hash Cond": "(mi_idx.info_type_id = it.id), (LLVM Optimized)", "Plans": [{"Node Type": "Seq Scan", "Parent Relationship": "Outer", "Relation Name": "movie_info_idx", "Alias": "mi_idx", "Startup Cost": 0.0, "Total Cost": 20274.34, "Plan Rows": 1380034, "Plan Width": 8}, {"Node Type": "Hash", "Parent Relationship": "Inner", "Startup Cost": 2.4, "Total Cost": 2.4, "Plan Rows": 1, "Plan Width": 4, "Plans": [{"Node Type": "Seq Scan", "Parent Relationship": "Outer", "Relation Name": "info_type", "Alias": "it", "Startup Cost": 0.0, "Total Cost": 2.4, "Plan Rows": 1, "Plan Width": 4, "Filter": "((info)::text = 'bottom 10 rank'::text)"}]}]}, {"Node Type": "Hash", "Parent Relationship": "Inner", "Startup Cost": 72710.67, "Total Cost": 72710.67, "Plan Rows": 719240, "Plan Width": 25, "Plans": [{"Node Type": "Seq Scan", "Parent Relationship": "Outer", "Relation Name": "title", "Alias": "t", "Startup Cost": 2083.5, "Total Cost": 72710.67, "Plan Rows": 719240, "Plan Width": 25, "Filter": "((production_year >= 2005) AND (production_year <= 2010)), (LLVM Optimized)"}]}]}]}]}, {"Node Type": "Hash", "Parent Relationship": "Inner", "Startup Cost": 1.04, "Total Cost": 1.04, "Plan Rows": 1, "Plan Width": 4, "Plans": [{"Node Type": "Seq Scan", "Parent Relationship": "Outer", "Relation Name": "company_type", "Alias": "ct", "Startup Cost": 0.0, "Total Cost": 1.04, "Plan Rows": 1, "Plan Width": 4, "Filter": "((kind)::text = 'production companies'::text)"}]}]}]}, "Unique SQL Id": 1162488282, "Planner Runtime": 10}, "explain_analyze_plan": {"Plan": {"Node Type": "Aggregate", "Strategy": "Plain", "Startup Cost": 194575.8, "Total Cost": 194575.81, "Plan Rows": 1, "Plan Width": 113, "Actual Startup Time": 2946.517, "Actual Total Time": 2946.518, "Actual Rows": 1, "Actual Loops": 1, "Plans": [{"Node Type": "Hash Join", "Parent Relationship": "Outer", "Join Type": "Inner", "Startup Cost": 119100.63, "Total Cost": 191219.77, "Plan Rows": 447470, "Plan Width": 45, "Actual Startup Time": 2773.563, "Actual Total Time": 2946.484, "Actual Rows": 3, "Actual Loops": 1, "Inner Unique": true, "Hash Cond": "(mc.company_type_id = ct.id), (LLVM Optimized, Jit Execute)", "Plans": [{"Node Type": "Hash Join", "Parent Relationship": "Outer", "Join Type": "Inner", "Startup Cost": 119099.58, "Total Cost": 186749.22, "Plan Rows": 549199, "Plan Width": 49, "Actual Startup Time": 2098.009, "Actual Total Time": 2946.235, "Actual Rows": 66, "Actual Loops": 1, "Inner Unique": false, "Hash Cond": "(mc.movie_id = t.id), (LLVM Optimized, Jit Execute)", "Plans": [{"Node Type": "Seq Scan", "Parent Relationship": "Outer", "Relation Name": "movie_companies", "Alias": "mc", "Startup Cost": 0.0, "Total Cost": 48340.1, "Plan Rows": 2609035, "Plan Width": 32, "Actual Startup Time": 0.028, "Actual Total Time": 909.108, "Actual Rows": 1337087, "Actual Loops": 1, "Filter": "((note)::text !~~ '%(as Metro-Goldwyn-Mayer Pictures)%'::text), (LLVM Optimized, Jit Execute)", "Rows Removed by Filter": 1272041}, {"Node Type": "Hash", "Parent Relationship": "Inner", "Startup Cost": 114144.53, "Total Cost": 114144.53, "Plan Rows": 396404, "Plan Width": 29, "Actual Startup Time": 1767.491, "Actual Total Time": 1767.491, "Actual Rows": 4, "Actual Loops": 1, "Hash Buckets": 524288, "Hash Batches": 1, "Original Hash Batches": 1, "Peak Memory Usage": 1, "Plans": [{"Node Type": "Hash Join", "Parent Relationship": "Outer", "Join Type": "Inner", "Startup Cost": 81703.58, "Total Cost": 114144.53, "Plan Rows": 396404, "Plan Width": 29, "Actual Startup Time": 1767.441, "Actual Total Time": 1767.482, "Actual Rows": 4, "Actual Loops": 1, "Inner Unique": true, "Hash Cond": "(mi_idx.movie_id = t.id), (LLVM Optimized, Jit Execute)", "Plans": [{"Node Type": "Hash Join", "Parent Relationship": "Outer", "Join Type": "Inner", "Startup Cost": 2.41, "Total Cost": 27185.54, "Plan Rows": 345008, "Plan Width": 4, "Actual Startup Time": 530.475, "Actual Total Time": 530.49, "Actual Rows": 10, "Actual Loops": 1, "Inner Unique": true, "Hash Cond": "(mi_idx.info_type_id = it.id), (LLVM Optimized, Jit Execute)", "Plans": [{"Node Type": "Seq Scan", "Parent Relationship": "Outer", "Relation Name": "movie_info_idx", "Alias": "mi_idx", "Startup Cost": 0.0, "Total Cost": 20274.34, "Plan Rows": 1380034, "Plan Width": 8, "Actual Startup Time": 0.033, "Actual Total Time": 298.78, "Actual Rows": 1380034, "Actual Loops": 1}, {"Node Type": "Hash", "Parent Relationship": "Inner", "Startup Cost": 2.4, "Total Cost": 2.4, "Plan Rows": 1, "Plan Width": 4, "Actual Startup Time": 0.047, "Actual Total Time": 0.047, "Actual Rows": 1, "Actual Loops": 1, "Hash Buckets": 32768, "Hash Batches": 1, "Original Hash Batches": 1, "Peak Memory Usage": 1, "Plans": [{"Node Type": "Seq Scan", "Parent Relationship": "Outer", "Relation Name": "info_type", "Alias": "it", "Startup Cost": 0.0, "Total Cost": 2.4, "Plan Rows": 1, "Plan Width": 4, "Actual Startup Time": 0.043, "Actual Total Time": 0.044, "Actual Rows": 1, "Actual Loops": 1, "Filter": "((info)::text = 'bottom 10 rank'::text)", "Rows Removed by Filter": 111}]}]}, {"Node Type": "Hash", "Parent Relationship": "Inner", "Startup Cost": 72710.67, "Total Cost": 72710.67, "Plan Rows": 719240, "Plan Width": 25, "Actual Startup Time": 1236.258, "Actual Total Time": 1236.258, "Actual Rows": 716259, "Actual Loops": 1, "Hash Buckets": 1048576, "Hash Batches": 1, "Original Hash Batches": 1, "Peak Memory Usage": 41052, "Plans": [{"Node Type": "Seq Scan", "Parent Relationship": "Outer", "Relation Name": "title", "Alias": "t", "Startup Cost": 2083.5, "Total Cost": 72710.67, "Plan Rows": 719240, "Plan Width": 25, "Actual Startup Time": 0.032, "Actual Total Time": 894.577, "Actual Rows": 716259, "Actual Loops": 1, "Filter": "((production_year >= 2005) AND (production_year <= 2010)), (LLVM Optimized, Jit Execute)", "Rows Removed by Filter": 1812052}]}]}]}]}, {"Node Type": "Hash", "Parent Relationship": "Inner", "Startup Cost": 1.04, "Total Cost": 1.04, "Plan Rows": 1, "Plan Width": 4, "Actual Startup Time": 0.049, "Actual Total Time": 0.049, "Actual Rows": 1, "Actual Loops": 1, "Hash Buckets": 32768, "Hash Batches": 1, "Original Hash Batches": 1, "Peak Memory Usage": 1, "Plans": [{"Node Type": "Seq Scan", "Parent Relationship": "Outer", "Relation Name": "company_type", "Alias": "ct", "Startup Cost": 0.0, "Total Cost": 1.04, "Plan Rows": 1, "Plan Width": 4, "Actual Startup Time": 0.029, "Actual Total Time": 0.032, "Actual Rows": 1, "Actual Loops": 1, "Filter": "((kind)::text = 'production companies'::text)", "Rows Removed by Filter": 2}]}]}]}, "Triggers": [], "Planner Runtime": 10.864, "Total Runtime": 2957.448, "Unique SQL Id": 1162488282}}, "(1, '9')": {"explain_plan": {"Plan": {"Node Type": "Aggregate", "Strategy": "Plain", "Startup Cost": 264407.24, "Total Cost": 264407.25, "Plan Rows": 1, "Plan Width": 113, "Plans": [{"Node Type": "Hash Join", "Parent Relationship": "Outer", "Join Type": "Inner", "Startup Cost": 180303.61, "Total Cost": 261051.22, "Plan Rows": 447470, "Plan Width": 45, "Inner Unique": false, "Hash Cond": "(mc.movie_id = t.id), (LLVM Optimized)", "Plans": [{"Node Type": "Nested Loop", "Parent Relationship": "Outer", "Join Type": "Inner", "Startup Cost": 0.0, "Total Cost": 69436.41, "Plan Rows": 1304518, "Plan Width": 28, "Inner Unique": false, "Plans": [{"Node Type": "Index Scan", "Parent Relationship": "Outer", "Scan Direction": "Forward", "Index Name": "company_type_pkey", "Relation Name": "company_type", "Alias": "ct", "Startup Cost": 0.0, "Total Cost": 12.3, "Plan Rows": 1, "Plan Width": 4, "Filter": "((kind)::text = 'production companies'::text)"}, {"Node Type": "Index Scan", "Parent Relationship": "Inner", "Scan Direction": "Forward", "Index Name": "company_type_id_movie_companies", "Relation Name": "movie_companies", "Alias": "mc", "Startup Cost": 0.0, "Total Cost": 56378.94, "Plan Rows": 1304517, "Plan Width": 32, "Index Cond": "(company_type_id = ct.id), (LLVM Optimized)", "Filter": "((note)::text !~~ '%(as Metro-Goldwyn-Mayer Pictures)%'::text), (LLVM Optimized)"}]}, {"Node Type": "Hash", "Parent Relationship": "Inner", "Startup Cost": 175348.56, "Total Cost": 175348.56, "Plan Rows": 396404, "Plan Width": 29, "Plans": [{"Node Type": "Hash Join", "Parent Relationship": "Outer", "Join Type": "Inner", "Startup Cost": 131752.54, "Total Cost": 175348.56, "Plan Rows": 396404, "Plan Width": 29, "Inner Unique": true, "Hash Cond": "(mi_idx.movie_id = t.id), (LLVM Optimized)", "Plans": [{"Node Type": "Nested Loop", "Parent Relationship": "Outer", "Join Type": "Inner", "Startup Cost": 0.0, "Total Cost": 38338.2, "Plan Rows": 345008, "Plan Width": 4, "Inner Unique": false, "Plans": [{"Node Type": "Index Scan", "Parent Relationship": "Outer", "Scan Direction": "Forward", "Index Name": "info_type_pkey", "Relation Name": "info_type", "Alias": "it", "Startup Cost": 0.0, "Total Cost": 14.21, "Plan Rows": 1, "Plan Width": 4, "Filter": "((info)::text = 'bottom 10 rank'::text)"}, {"Node Type": "Index Scan", "Parent Relationship": "Inner", "Scan Direction": "Forward", "Index Name": "info_type_id_movie_info_idx", "Relation Name": "movie_info_idx", "Alias": "mi_idx", "Startup Cost": 0.0, "Total Cost": 34873.91, "Plan Rows": 345008, "Plan Width": 8, "Index Cond": "(info_type_id = it.id), (LLVM Optimized)"}]}, {"Node Type": "Hash", "Parent Relationship": "Inner", "Startup Cost": 122762.04, "Total Cost": 122762.04, "Plan Rows": 719240, "Plan Width": 25, "Plans": [{"Node Type": "Index Scan", "Parent Relationship": "Outer", "Scan Direction": "Forward", "Index Name": "title_pkey", "Relation Name": "title", "Alias": "t", "Startup Cost": 0.0, "Total Cost": 122762.04, "Plan Rows": 719240, "Plan Width": 25, "Filter": "((production_year >= 2005) AND (production_year <= 2010)), (LLVM Optimized)"}]}]}]}]}]}, "Unique SQL Id": 1162488282, "Planner Runtime": 9}, "explain_analyze_plan": {"Plan": {"Node Type": "Aggregate", "Strategy": "Plain", "Startup Cost": 264407.24, "Total Cost": 264407.25, "Plan Rows": 1, "Plan Width": 113, "Actual Startup Time": 4199.008, "Actual Total Time": 4199.009, "Actual Rows": 1, "Actual Loops": 1, "Plans": [{"Node Type": "Hash Join", "Parent Relationship": "Outer", "Join Type": "Inner", "Startup Cost": 180303.61, "Total Cost": 261051.22, "Plan Rows": 447470, "Plan Width": 45, "Actual Startup Time": 3870.665, "Actual Total Time": 4198.914, "Actual Rows": 3, "Actual Loops": 1, "Inner Unique": false, "Hash Cond": "(mc.movie_id = t.id), (LLVM Optimized, Jit Execute)", "Plans": [{"Node Type": "Nested Loop", "Parent Relationship": "Outer", "Join Type": "Inner", "Startup Cost": 0.0, "Total Cost": 69436.41, "Plan Rows": 1304518, "Plan Width": 28, "Actual Startup Time": 0.117, "Actual Total Time": 639.905, "Actual Rows": 140904, "Actual Loops": 1, "Inner Unique": false, "Plans": [{"Node Type": "Index Scan", "Parent Relationship": "Outer", "Scan Direction": "Forward", "Index Name": "company_type_pkey", "Relation Name": "company_type", "Alias": "ct", "Startup Cost": 0.0, "Total Cost": 12.3, "Plan Rows": 1, "Plan Width": 4, "Actual Startup Time": 0.029, "Actual Total Time": 0.047, "Actual Rows": 1, "Actual Loops": 1, "Filter": "((kind)::text = 'production companies'::text)", "Rows Removed by Filter": 2}, {"Node Type": "Index Scan", "Parent Relationship": "Inner", "Scan Direction": "Forward", "Index Name": "company_type_id_movie_companies", "Relation Name": "movie_companies", "Alias": "mc", "Startup Cost": 0.0, "Total Cost": 56378.94, "Plan Rows": 1304517, "Plan Width": 32, "Actual Startup Time": 0.081, "Actual Total Time": 611.349, "Actual Rows": 140904, "Actual Loops": 1, "Index Cond": "(company_type_id = ct.id), (LLVM Optimized, Jit Execute)", "Rows Removed by Index Recheck": 0, "Filter": "((note)::text !~~ '%(as Metro-Goldwyn-Mayer Pictures)%'::text), (LLVM Optimized, Jit Execute)", "Rows Removed by Filter": 1193979}]}, {"Node Type": "Hash", "Parent Relationship": "Inner", "Startup Cost": 175348.56, "Total Cost": 175348.56, "Plan Rows": 396404, "Plan Width": 29, "Actual Startup Time": 3530.006, "Actual Total Time": 3530.006, "Actual Rows": 4, "Actual Loops": 1, "Hash Buckets": 524288, "Hash Batches": 1, "Original Hash Batches": 1, "Peak Memory Usage": 1, "Plans": [{"Node Type": "Hash Join", "Parent Relationship": "Outer", "Join Type": "Inner", "Startup Cost": 131752.54, "Total Cost": 175348.56, "Plan Rows": 396404, "Plan Width": 29, "Actual Startup Time": 3529.966, "Actual Total Time": 3529.981, "Actual Rows": 4, "Actual Loops": 1, "Inner Unique": true, "Hash Cond": "(mi_idx.movie_id = t.id), (LLVM Optimized, Jit Execute)", "Plans": [{"Node Type": "Nested Loop", "Parent Relationship": "Outer", "Join Type": "Inner", "Startup Cost": 0.0, "Total Cost": 38338.2, "Plan Rows": 345008, "Plan Width": 4, "Actual Startup Time": 0.073, "Actual Total Time": 0.11, "Actual Rows": 10, "Actual Loops": 1, "Inner Unique": false, "Plans": [{"Node Type": "Index Scan", "Parent Relationship": "Outer", "Scan Direction": "Forward", "Index Name": "info_type_pkey", "Relation Name": "info_type", "Alias": "it", "Startup Cost": 0.0, "Total Cost": 14.21, "Plan Rows": 1, "Plan Width": 4, "Actual Startup Time": 0.06, "Actual Total Time": 0.064, "Actual Rows": 1, "Actual Loops": 1, "Filter": "((info)::text = 'bottom 10 rank'::text)", "Rows Removed by Filter": 111}, {"Node Type": "Index Scan", "Parent Relationship": "Inner", "Scan Direction": "Forward", "Index Name": "info_type_id_movie_info_idx", "Relation Name": "movie_info_idx", "Alias": "mi_idx", "Startup Cost": 0.0, "Total Cost": 34873.91, "Plan Rows": 345008, "Plan Width": 8, "Actual Startup Time": 0.01, "Actual Total Time": 0.034, "Actual Rows": 10, "Actual Loops": 1, "Index Cond": "(info_type_id = it.id), (LLVM Optimized, Jit Execute)", "Rows Removed by Index Recheck": 0}]}, {"Node Type": "Hash", "Parent Relationship": "Inner", "Startup Cost": 122762.04, "Total Cost": 122762.04, "Plan Rows": 719240, "Plan Width": 25, "Actual Startup Time": 3529.154, "Actual Total Time": 3529.154, "Actual Rows": 716259, "Actual Loops": 1, "Hash Buckets": 1048576, "Hash Batches": 1, "Original Hash Batches": 1, "Peak Memory Usage": 41052, "Plans": [{"Node Type": "Index Scan", "Parent Relationship": "Outer", "Scan Direction": "Forward", "Index Name": "title_pkey", "Relation Name": "title", "Alias": "t", "Startup Cost": 0.0, "Total Cost": 122762.04, "Plan Rows": 719240, "Plan Width": 25, "Actual Startup Time": 0.029, "Actual Total Time": 3198.546, "Actual Rows": 716259, "Actual Loops": 1, "Filter": "((production_year >= 2005) AND (production_year <= 2010)), (LLVM Optimized, Jit Execute)", "Rows Removed by Filter": 1812052}]}]}]}]}]}, "Triggers": [], "Planner Runtime": 9.249, "Total Runtime": 4211.085, "Unique SQL Id": 1162488282}}, "(1, '10')": {"explain_plan": {"Plan": {"Node Type": "Aggregate", "Strategy": "Plain", "Startup Cost": 194575.8, "Total Cost": 194575.81, "Plan Rows": 1, "Plan Width": 113, "Plans": [{"Node Type": "Hash Join", "Parent Relationship": "Outer", "Join Type": "Inner", "Startup Cost": 119100.63, "Total Cost": 191219.77, "Plan Rows": 447470, "Plan Width": 45, "Inner Unique": true, "Hash Cond": "(mc.company_type_id = ct.id), (LLVM Optimized)", "Plans": [{"Node Type": "Hash Join", "Parent Relationship": "Outer", "Join Type": "Inner", "Startup Cost": 119099.58, "Total Cost": 186749.22, "Plan Rows": 549199, "Plan Width": 49, "Inner Unique": false, "Hash Cond": "(mc.movie_id = t.id), (LLVM Optimized)", "Plans": [{"Node Type": "Seq Scan", "Parent Relationship": "Outer", "Relation Name": "movie_companies", "Alias": "mc", "Startup Cost": 0.0, "Total Cost": 48340.1, "Plan Rows": 2609035, "Plan Width": 32, "Filter": "((note)::text !~~ '%(as Metro-Goldwyn-Mayer Pictures)%'::text), (LLVM Optimized)"}, {"Node Type": "Hash", "Parent Relationship": "Inner", "Startup Cost": 114144.53, "Total Cost": 114144.53, "Plan Rows": 396404, "Plan Width": 29, "Plans": [{"Node Type": "Hash Join", "Parent Relationship": "Outer", "Join Type": "Inner", "Startup Cost": 81703.58, "Total Cost": 114144.53, "Plan Rows": 396404, "Plan Width": 29, "Inner Unique": true, "Hash Cond": "(mi_idx.movie_id = t.id), (LLVM Optimized)", "Plans": [{"Node Type": "Hash Join", "Parent Relationship": "Outer", "Join Type": "Inner", "Startup Cost": 2.41, "Total Cost": 27185.54, "Plan Rows": 345008, "Plan Width": 4, "Inner Unique": true, "Hash Cond": "(mi_idx.info_type_id = it.id), (LLVM Optimized)", "Plans": [{"Node Type": "Seq Scan", "Parent Relationship": "Outer", "Relation Name": "movie_info_idx", "Alias": "mi_idx", "Startup Cost": 0.0, "Total Cost": 20274.34, "Plan Rows": 1380034, "Plan Width": 8}, {"Node Type": "Hash", "Parent Relationship": "Inner", "Startup Cost": 2.4, "Total Cost": 2.4, "Plan Rows": 1, "Plan Width": 4, "Plans": [{"Node Type": "Seq Scan", "Parent Relationship": "Outer", "Relation Name": "info_type", "Alias": "it", "Startup Cost": 0.0, "Total Cost": 2.4, "Plan Rows": 1, "Plan Width": 4, "Filter": "((info)::text = 'bottom 10 rank'::text)"}]}]}, {"Node Type": "Hash", "Parent Relationship": "Inner", "Startup Cost": 72710.67, "Total Cost": 72710.67, "Plan Rows": 719240, "Plan Width": 25, "Plans": [{"Node Type": "Seq Scan", "Parent Relationship": "Outer", "Relation Name": "title", "Alias": "t", "Startup Cost": 2083.5, "Total Cost": 72710.67, "Plan Rows": 719240, "Plan Width": 25, "Filter": "((production_year >= 2005) AND (production_year <= 2010)), (LLVM Optimized)"}]}]}]}]}, {"Node Type": "Hash", "Parent Relationship": "Inner", "Startup Cost": 1.04, "Total Cost": 1.04, "Plan Rows": 1, "Plan Width": 4, "Plans": [{"Node Type": "Seq Scan", "Parent Relationship": "Outer", "Relation Name": "company_type", "Alias": "ct", "Startup Cost": 0.0, "Total Cost": 1.04, "Plan Rows": 1, "Plan Width": 4, "Filter": "((kind)::text = 'production companies'::text)"}]}]}]}, "Unique SQL Id": 1162488282, "Planner Runtime": 10}, "explain_analyze_plan": {"Plan": {"Node Type": "Aggregate", "Strategy": "Plain", "Startup Cost": 194575.8, "Total Cost": 194575.81, "Plan Rows": 1, "Plan Width": 113, "Actual Startup Time": 2946.517, "Actual Total Time": 2946.518, "Actual Rows": 1, "Actual Loops": 1, "Plans": [{"Node Type": "Hash Join", "Parent Relationship": "Outer", "Join Type": "Inner", "Startup Cost": 119100.63, "Total Cost": 191219.77, "Plan Rows": 447470, "Plan Width": 45, "Actual Startup Time": 2773.563, "Actual Total Time": 2946.484, "Actual Rows": 3, "Actual Loops": 1, "Inner Unique": true, "Hash Cond": "(mc.company_type_id = ct.id), (LLVM Optimized, Jit Execute)", "Plans": [{"Node Type": "Hash Join", "Parent Relationship": "Outer", "Join Type": "Inner", "Startup Cost": 119099.58, "Total Cost": 186749.22, "Plan Rows": 549199, "Plan Width": 49, "Actual Startup Time": 2098.009, "Actual Total Time": 2946.235, "Actual Rows": 66, "Actual Loops": 1, "Inner Unique": false, "Hash Cond": "(mc.movie_id = t.id), (LLVM Optimized, Jit Execute)", "Plans": [{"Node Type": "Seq Scan", "Parent Relationship": "Outer", "Relation Name": "movie_companies", "Alias": "mc", "Startup Cost": 0.0, "Total Cost": 48340.1, "Plan Rows": 2609035, "Plan Width": 32, "Actual Startup Time": 0.028, "Actual Total Time": 909.108, "Actual Rows": 1337087, "Actual Loops": 1, "Filter": "((note)::text !~~ '%(as Metro-Goldwyn-Mayer Pictures)%'::text), (LLVM Optimized, Jit Execute)", "Rows Removed by Filter": 1272041}, {"Node Type": "Hash", "Parent Relationship": "Inner", "Startup Cost": 114144.53, "Total Cost": 114144.53, "Plan Rows": 396404, "Plan Width": 29, "Actual Startup Time": 1767.491, "Actual Total Time": 1767.491, "Actual Rows": 4, "Actual Loops": 1, "Hash Buckets": 524288, "Hash Batches": 1, "Original Hash Batches": 1, "Peak Memory Usage": 1, "Plans": [{"Node Type": "Hash Join", "Parent Relationship": "Outer", "Join Type": "Inner", "Startup Cost": 81703.58, "Total Cost": 114144.53, "Plan Rows": 396404, "Plan Width": 29, "Actual Startup Time": 1767.441, "Actual Total Time": 1767.482, "Actual Rows": 4, "Actual Loops": 1, "Inner Unique": true, "Hash Cond": "(mi_idx.movie_id = t.id), (LLVM Optimized, Jit Execute)", "Plans": [{"Node Type": "Hash Join", "Parent Relationship": "Outer", "Join Type": "Inner", "Startup Cost": 2.41, "Total Cost": 27185.54, "Plan Rows": 345008, "Plan Width": 4, "Actual Startup Time": 530.475, "Actual Total Time": 530.49, "Actual Rows": 10, "Actual Loops": 1, "Inner Unique": true, "Hash Cond": "(mi_idx.info_type_id = it.id), (LLVM Optimized, Jit Execute)", "Plans": [{"Node Type": "Seq Scan", "Parent Relationship": "Outer", "Relation Name": "movie_info_idx", "Alias": "mi_idx", "Startup Cost": 0.0, "Total Cost": 20274.34, "Plan Rows": 1380034, "Plan Width": 8, "Actual Startup Time": 0.033, "Actual Total Time": 298.78, "Actual Rows": 1380034, "Actual Loops": 1}, {"Node Type": "Hash", "Parent Relationship": "Inner", "Startup Cost": 2.4, "Total Cost": 2.4, "Plan Rows": 1, "Plan Width": 4, "Actual Startup Time": 0.047, "Actual Total Time": 0.047, "Actual Rows": 1, "Actual Loops": 1, "Hash Buckets": 32768, "Hash Batches": 1, "Original Hash Batches": 1, "Peak Memory Usage": 1, "Plans": [{"Node Type": "Seq Scan", "Parent Relationship": "Outer", "Relation Name": "info_type", "Alias": "it", "Startup Cost": 0.0, "Total Cost": 2.4, "Plan Rows": 1, "Plan Width": 4, "Actual Startup Time": 0.043, "Actual Total Time": 0.044, "Actual Rows": 1, "Actual Loops": 1, "Filter": "((info)::text = 'bottom 10 rank'::text)", "Rows Removed by Filter": 111}]}]}, {"Node Type": "Hash", "Parent Relationship": "Inner", "Startup Cost": 72710.67, "Total Cost": 72710.67, "Plan Rows": 719240, "Plan Width": 25, "Actual Startup Time": 1236.258, "Actual Total Time": 1236.258, "Actual Rows": 716259, "Actual Loops": 1, "Hash Buckets": 1048576, "Hash Batches": 1, "Original Hash Batches": 1, "Peak Memory Usage": 41052, "Plans": [{"Node Type": "Seq Scan", "Parent Relationship": "Outer", "Relation Name": "title", "Alias": "t", "Startup Cost": 2083.5, "Total Cost": 72710.67, "Plan Rows": 719240, "Plan Width": 25, "Actual Startup Time": 0.032, "Actual Total Time": 894.577, "Actual Rows": 716259, "Actual Loops": 1, "Filter": "((production_year >= 2005) AND (production_year <= 2010)), (LLVM Optimized, Jit Execute)", "Rows Removed by Filter": 1812052}]}]}]}]}, {"Node Type": "Hash", "Parent Relationship": "Inner", "Startup Cost": 1.04, "Total Cost": 1.04, "Plan Rows": 1, "Plan Width": 4, "Actual Startup Time": 0.049, "Actual Total Time": 0.049, "Actual Rows": 1, "Actual Loops": 1, "Hash Buckets": 32768, "Hash Batches": 1, "Original Hash Batches": 1, "Peak Memory Usage": 1, "Plans": [{"Node Type": "Seq Scan", "Parent Relationship": "Outer", "Relation Name": "company_type", "Alias": "ct", "Startup Cost": 0.0, "Total Cost": 1.04, "Plan Rows": 1, "Plan Width": 4, "Actual Startup Time": 0.029, "Actual Total Time": 0.032, "Actual Rows": 1, "Actual Loops": 1, "Filter": "((kind)::text = 'production companies'::text)", "Rows Removed by Filter": 2}]}]}]}, "Triggers": [], "Planner Runtime": 10.864, "Total Runtime": 2957.448, "Unique SQL Id": 1162488282}}, "(1, '11')": {"explain_plan": {"Plan": {"Node Type": "Aggregate", "Strategy": "Plain", "Startup Cost": 4996298642159.24, "Total Cost": 4996298642159.25, "Plan Rows": 1, "Plan Width": 113, "Plans": [{"Node Type": "Merge Join", "Parent Relationship": "Outer", "Join Type": "Inner", "Startup Cost": 50033501541.7, "Total Cost": 4996298639669.21, "Plan Rows": 332005, "Plan Width": 45, "Inner Unique": false, "Merge Cond": "(t.id = mi_idx.movie_id)", "Plans": [{"Node Type": "Nested Loop", "Parent Relationship": "Outer", "Join Type": "Inner", "Startup Cost": 30022023519.89, "Total Cost": 2999077645366.78, "Plan Rows": 1164716, "Plan Width": 53, "Inner Unique": true, "Join Filter": "(mc.company_type_id = ct.id), (LLVM Optimized)", "Plans": [{"Node Type": "Merge Join", "Parent Relationship": "Outer", "Join Type": "Inner", "Startup Cost": 20022023519.89, "Total Cost": 1999077618211.31, "Plan Rows": 1728348, "Plan Width": 57, "Inner Unique": false, "Merge Cond": "(t.id = mc.movie_id)", "Plans": [{"Node Type": "Index Scan", "Parent Relationship": "Outer", "Scan Direction": "Forward", "Index Name": "title_pkey", "Relation Name": "title", "Alias": "t", "Startup Cost": 10000000000.0, "Total Cost": 1000012276204.41, "Plan Rows": 719240, "Plan Width": 25, "Filter": "((production_year >= 2005) AND (production_year <= 2010)), (LLVM Optimized)"}, {"Node Type": "Index Scan", "Parent Relationship": "Inner", "Scan Direction": "Forward", "Index Name": "movie_id_movie_companies", "Relation Name": "movie_companies", "Alias": "mc", "Startup Cost": 10000000000.0, "Total Cost": 1000013704228.13, "Plan Rows": 2609035, "Plan Width": 32, "Filter": "((note)::text !~~ '%(as Metro-Goldwyn-Mayer Pictures)%'::text), (LLVM Optimized)"}]}, {"Node Type": "Materialize", "Parent Relationship": "Inner", "Startup Cost": 10000000000.0, "Total Cost": 1000000001230.26, "Plan Rows": 1, "Plan Width": 4, "Plans": [{"Node Type": "Index Scan", "Parent Relationship": "Outer", "Scan Direction": "Forward", "Index Name": "company_type_pkey", "Relation Name": "company_type", "Alias": "ct", "Startup Cost": 10000000000.0, "Total Cost": 1000000001230.25, "Plan Rows": 1, "Plan Width": 4, "Filter": "((kind)::text = 'production companies'::text)"}]}]}, {"Node Type": "Materialize", "Parent Relationship": "Inner", "Startup Cost": 20000000000.0, "Total Cost": 2000004673019.4, "Plan Rows": 345008, "Plan Width": 4, "Plans": [{"Node Type": "Nested Loop", "Parent Relationship": "Outer", "Join Type": "Inner", "Startup Cost": 20000000000.0, "Total Cost": 2000004672156.88, "Plan Rows": 345008, "Plan Width": 4, "Inner Unique": true, "Join Filter": "(it.id = mi_idx.info_type_id), (LLVM Optimized)", "Plans": [{"Node Type": "Index Scan", "Parent Relationship": "Outer", "Scan Direction": "Forward", "Index Name": "movie_id_movie_info_idx", "Relation Name": "movie_info_idx", "Alias": "mi_idx", "Startup Cost": 10000000000.0, "Total Cost": 1000004650035.37, "Plan Rows": 1380034, "Plan Width": 8}, {"Node Type": "Materialize", "Parent Relationship": "Inner", "Startup Cost": 10000000000.0, "Total Cost": 1000000001421.0, "Plan Rows": 1, "Plan Width": 4, "Plans": [{"Node Type": "Index Scan", "Parent Relationship": "Outer", "Scan Direction": "Forward", "Index Name": "info_type_pkey", "Relation Name": "info_type", "Alias": "it", "Startup Cost": 10000000000.0, "Total Cost": 1000000001421.0, "Plan Rows": 1, "Plan Width": 4, "Filter": "((info)::text = 'bottom 10 rank'::text)"}]}]}]}]}]}, "Unique SQL Id": 1162488282, "Planner Runtime": 9}, "explain_analyze_plan": null}, "(1, '12')": {"explain_plan": {"Plan": {"Node Type": "Aggregate", "Strategy": "Plain", "Startup Cost": 194575.8, "Total Cost": 194575.81, "Plan Rows": 1, "Plan Width": 113, "Plans": [{"Node Type": "Hash Join", "Parent Relationship": "Outer", "Join Type": "Inner", "Startup Cost": 119100.63, "Total Cost": 191219.77, "Plan Rows": 447470, "Plan Width": 45, "Inner Unique": true, "Hash Cond": "(mc.company_type_id = ct.id), (LLVM Optimized)", "Plans": [{"Node Type": "Hash Join", "Parent Relationship": "Outer", "Join Type": "Inner", "Startup Cost": 119099.58, "Total Cost": 186749.22, "Plan Rows": 549199, "Plan Width": 49, "Inner Unique": false, "Hash Cond": "(mc.movie_id = t.id), (LLVM Optimized)", "Plans": [{"Node Type": "Seq Scan", "Parent Relationship": "Outer", "Relation Name": "movie_companies", "Alias": "mc", "Startup Cost": 0.0, "Total Cost": 48340.1, "Plan Rows": 2609035, "Plan Width": 32, "Filter": "((note)::text !~~ '%(as Metro-Goldwyn-Mayer Pictures)%'::text), (LLVM Optimized)"}, {"Node Type": "Hash", "Parent Relationship": "Inner", "Startup Cost": 114144.53, "Total Cost": 114144.53, "Plan Rows": 396404, "Plan Width": 29, "Plans": [{"Node Type": "Hash Join", "Parent Relationship": "Outer", "Join Type": "Inner", "Startup Cost": 81703.58, "Total Cost": 114144.53, "Plan Rows": 396404, "Plan Width": 29, "Inner Unique": true, "Hash Cond": "(mi_idx.movie_id = t.id), (LLVM Optimized)", "Plans": [{"Node Type": "Hash Join", "Parent Relationship": "Outer", "Join Type": "Inner", "Startup Cost": 2.41, "Total Cost": 27185.54, "Plan Rows": 345008, "Plan Width": 4, "Inner Unique": true, "Hash Cond": "(mi_idx.info_type_id = it.id), (LLVM Optimized)", "Plans": [{"Node Type": "Seq Scan", "Parent Relationship": "Outer", "Relation Name": "movie_info_idx", "Alias": "mi_idx", "Startup Cost": 0.0, "Total Cost": 20274.34, "Plan Rows": 1380034, "Plan Width": 8}, {"Node Type": "Hash", "Parent Relationship": "Inner", "Startup Cost": 2.4, "Total Cost": 2.4, "Plan Rows": 1, "Plan Width": 4, "Plans": [{"Node Type": "Seq Scan", "Parent Relationship": "Outer", "Relation Name": "info_type", "Alias": "it", "Startup Cost": 0.0, "Total Cost": 2.4, "Plan Rows": 1, "Plan Width": 4, "Filter": "((info)::text = 'bottom 10 rank'::text)"}]}]}, {"Node Type": "Hash", "Parent Relationship": "Inner", "Startup Cost": 72710.67, "Total Cost": 72710.67, "Plan Rows": 719240, "Plan Width": 25, "Plans": [{"Node Type": "Seq Scan", "Parent Relationship": "Outer", "Relation Name": "title", "Alias": "t", "Startup Cost": 2083.5, "Total Cost": 72710.67, "Plan Rows": 719240, "Plan Width": 25, "Filter": "((production_year >= 2005) AND (production_year <= 2010)), (LLVM Optimized)"}]}]}]}]}, {"Node Type": "Hash", "Parent Relationship": "Inner", "Startup Cost": 1.04, "Total Cost": 1.04, "Plan Rows": 1, "Plan Width": 4, "Plans": [{"Node Type": "Seq Scan", "Parent Relationship": "Outer", "Relation Name": "company_type", "Alias": "ct", "Startup Cost": 0.0, "Total Cost": 1.04, "Plan Rows": 1, "Plan Width": 4, "Filter": "((kind)::text = 'production companies'::text)"}]}]}]}, "Unique SQL Id": 1162488282, "Planner Runtime": 11}, "explain_analyze_plan": {"Plan": {"Node Type": "Aggregate", "Strategy": "Plain", "Startup Cost": 194575.8, "Total Cost": 194575.81, "Plan Rows": 1, "Plan Width": 113, "Actual Startup Time": 2946.517, "Actual Total Time": 2946.518, "Actual Rows": 1, "Actual Loops": 1, "Plans": [{"Node Type": "Hash Join", "Parent Relationship": "Outer", "Join Type": "Inner", "Startup Cost": 119100.63, "Total Cost": 191219.77, "Plan Rows": 447470, "Plan Width": 45, "Actual Startup Time": 2773.563, "Actual Total Time": 2946.484, "Actual Rows": 3, "Actual Loops": 1, "Inner Unique": true, "Hash Cond": "(mc.company_type_id = ct.id), (LLVM Optimized, Jit Execute)", "Plans": [{"Node Type": "Hash Join", "Parent Relationship": "Outer", "Join Type": "Inner", "Startup Cost": 119099.58, "Total Cost": 186749.22, "Plan Rows": 549199, "Plan Width": 49, "Actual Startup Time": 2098.009, "Actual Total Time": 2946.235, "Actual Rows": 66, "Actual Loops": 1, "Inner Unique": false, "Hash Cond": "(mc.movie_id = t.id), (LLVM Optimized, Jit Execute)", "Plans": [{"Node Type": "Seq Scan", "Parent Relationship": "Outer", "Relation Name": "movie_companies", "Alias": "mc", "Startup Cost": 0.0, "Total Cost": 48340.1, "Plan Rows": 2609035, "Plan Width": 32, "Actual Startup Time": 0.028, "Actual Total Time": 909.108, "Actual Rows": 1337087, "Actual Loops": 1, "Filter": "((note)::text !~~ '%(as Metro-Goldwyn-Mayer Pictures)%'::text), (LLVM Optimized, Jit Execute)", "Rows Removed by Filter": 1272041}, {"Node Type": "Hash", "Parent Relationship": "Inner", "Startup Cost": 114144.53, "Total Cost": 114144.53, "Plan Rows": 396404, "Plan Width": 29, "Actual Startup Time": 1767.491, "Actual Total Time": 1767.491, "Actual Rows": 4, "Actual Loops": 1, "Hash Buckets": 524288, "Hash Batches": 1, "Original Hash Batches": 1, "Peak Memory Usage": 1, "Plans": [{"Node Type": "Hash Join", "Parent Relationship": "Outer", "Join Type": "Inner", "Startup Cost": 81703.58, "Total Cost": 114144.53, "Plan Rows": 396404, "Plan Width": 29, "Actual Startup Time": 1767.441, "Actual Total Time": 1767.482, "Actual Rows": 4, "Actual Loops": 1, "Inner Unique": true, "Hash Cond": "(mi_idx.movie_id = t.id), (LLVM Optimized, Jit Execute)", "Plans": [{"Node Type": "Hash Join", "Parent Relationship": "Outer", "Join Type": "Inner", "Startup Cost": 2.41, "Total Cost": 27185.54, "Plan Rows": 345008, "Plan Width": 4, "Actual Startup Time": 530.475, "Actual Total Time": 530.49, "Actual Rows": 10, "Actual Loops": 1, "Inner Unique": true, "Hash Cond": "(mi_idx.info_type_id = it.id), (LLVM Optimized, Jit Execute)", "Plans": [{"Node Type": "Seq Scan", "Parent Relationship": "Outer", "Relation Name": "movie_info_idx", "Alias": "mi_idx", "Startup Cost": 0.0, "Total Cost": 20274.34, "Plan Rows": 1380034, "Plan Width": 8, "Actual Startup Time": 0.033, "Actual Total Time": 298.78, "Actual Rows": 1380034, "Actual Loops": 1}, {"Node Type": "Hash", "Parent Relationship": "Inner", "Startup Cost": 2.4, "Total Cost": 2.4, "Plan Rows": 1, "Plan Width": 4, "Actual Startup Time": 0.047, "Actual Total Time": 0.047, "Actual Rows": 1, "Actual Loops": 1, "Hash Buckets": 32768, "Hash Batches": 1, "Original Hash Batches": 1, "Peak Memory Usage": 1, "Plans": [{"Node Type": "Seq Scan", "Parent Relationship": "Outer", "Relation Name": "info_type", "Alias": "it", "Startup Cost": 0.0, "Total Cost": 2.4, "Plan Rows": 1, "Plan Width": 4, "Actual Startup Time": 0.043, "Actual Total Time": 0.044, "Actual Rows": 1, "Actual Loops": 1, "Filter": "((info)::text = 'bottom 10 rank'::text)", "Rows Removed by Filter": 111}]}]}, {"Node Type": "Hash", "Parent Relationship": "Inner", "Startup Cost": 72710.67, "Total Cost": 72710.67, "Plan Rows": 719240, "Plan Width": 25, "Actual Startup Time": 1236.258, "Actual Total Time": 1236.258, "Actual Rows": 716259, "Actual Loops": 1, "Hash Buckets": 1048576, "Hash Batches": 1, "Original Hash Batches": 1, "Peak Memory Usage": 41052, "Plans": [{"Node Type": "Seq Scan", "Parent Relationship": "Outer", "Relation Name": "title", "Alias": "t", "Startup Cost": 2083.5, "Total Cost": 72710.67, "Plan Rows": 719240, "Plan Width": 25, "Actual Startup Time": 0.032, "Actual Total Time": 894.577, "Actual Rows": 716259, "Actual Loops": 1, "Filter": "((production_year >= 2005) AND (production_year <= 2010)), (LLVM Optimized, Jit Execute)", "Rows Removed by Filter": 1812052}]}]}]}]}, {"Node Type": "Hash", "Parent Relationship": "Inner", "Startup Cost": 1.04, "Total Cost": 1.04, "Plan Rows": 1, "Plan Width": 4, "Actual Startup Time": 0.049, "Actual Total Time": 0.049, "Actual Rows": 1, "Actual Loops": 1, "Hash Buckets": 32768, "Hash Batches": 1, "Original Hash Batches": 1, "Peak Memory Usage": 1, "Plans": [{"Node Type": "Seq Scan", "Parent Relationship": "Outer", "Relation Name": "company_type", "Alias": "ct", "Startup Cost": 0.0, "Total Cost": 1.04, "Plan Rows": 1, "Plan Width": 4, "Actual Startup Time": 0.029, "Actual Total Time": 0.032, "Actual Rows": 1, "Actual Loops": 1, "Filter": "((kind)::text = 'production companies'::text)", "Rows Removed by Filter": 2}]}]}]}, "Triggers": [], "Planner Runtime": 10.864, "Total Runtime": 2957.448, "Unique SQL Id": 1162488282}}, "(1, '13')": {"explain_plan": {"Plan": {"Node Type": "Aggregate", "Strategy": "Plain", "Startup Cost": 264407.24, "Total Cost": 264407.25, "Plan Rows": 1, "Plan Width": 113, "Plans": [{"Node Type": "Hash Join", "Parent Relationship": "Outer", "Join Type": "Inner", "Startup Cost": 180303.61, "Total Cost": 261051.22, "Plan Rows": 447470, "Plan Width": 45, "Inner Unique": false, "Hash Cond": "(mc.movie_id = t.id), (LLVM Optimized)", "Plans": [{"Node Type": "Nested Loop", "Parent Relationship": "Outer", "Join Type": "Inner", "Startup Cost": 0.0, "Total Cost": 69436.41, "Plan Rows": 1304518, "Plan Width": 28, "Inner Unique": false, "Plans": [{"Node Type": "Index Scan", "Parent Relationship": "Outer", "Scan Direction": "Forward", "Index Name": "company_type_pkey", "Relation Name": "company_type", "Alias": "ct", "Startup Cost": 0.0, "Total Cost": 12.3, "Plan Rows": 1, "Plan Width": 4, "Filter": "((kind)::text = 'production companies'::text)"}, {"Node Type": "Index Scan", "Parent Relationship": "Inner", "Scan Direction": "Forward", "Index Name": "company_type_id_movie_companies", "Relation Name": "movie_companies", "Alias": "mc", "Startup Cost": 0.0, "Total Cost": 56378.94, "Plan Rows": 1304517, "Plan Width": 32, "Index Cond": "(company_type_id = ct.id), (LLVM Optimized)", "Filter": "((note)::text !~~ '%(as Metro-Goldwyn-Mayer Pictures)%'::text), (LLVM Optimized)"}]}, {"Node Type": "Hash", "Parent Relationship": "Inner", "Startup Cost": 175348.56, "Total Cost": 175348.56, "Plan Rows": 396404, "Plan Width": 29, "Plans": [{"Node Type": "Hash Join", "Parent Relationship": "Outer", "Join Type": "Inner", "Startup Cost": 131752.54, "Total Cost": 175348.56, "Plan Rows": 396404, "Plan Width": 29, "Inner Unique": true, "Hash Cond": "(mi_idx.movie_id = t.id), (LLVM Optimized)", "Plans": [{"Node Type": "Nested Loop", "Parent Relationship": "Outer", "Join Type": "Inner", "Startup Cost": 0.0, "Total Cost": 38338.2, "Plan Rows": 345008, "Plan Width": 4, "Inner Unique": false, "Plans": [{"Node Type": "Index Scan", "Parent Relationship": "Outer", "Scan Direction": "Forward", "Index Name": "info_type_pkey", "Relation Name": "info_type", "Alias": "it", "Startup Cost": 0.0, "Total Cost": 14.21, "Plan Rows": 1, "Plan Width": 4, "Filter": "((info)::text = 'bottom 10 rank'::text)"}, {"Node Type": "Index Scan", "Parent Relationship": "Inner", "Scan Direction": "Forward", "Index Name": "info_type_id_movie_info_idx", "Relation Name": "movie_info_idx", "Alias": "mi_idx", "Startup Cost": 0.0, "Total Cost": 34873.91, "Plan Rows": 345008, "Plan Width": 8, "Index Cond": "(info_type_id = it.id), (LLVM Optimized)"}]}, {"Node Type": "Hash", "Parent Relationship": "Inner", "Startup Cost": 122762.04, "Total Cost": 122762.04, "Plan Rows": 719240, "Plan Width": 25, "Plans": [{"Node Type": "Index Scan", "Parent Relationship": "Outer", "Scan Direction": "Forward", "Index Name": "title_pkey", "Relation Name": "title", "Alias": "t", "Startup Cost": 0.0, "Total Cost": 122762.04, "Plan Rows": 719240, "Plan Width": 25, "Filter": "((production_year >= 2005) AND (production_year <= 2010)), (LLVM Optimized)"}]}]}]}]}]}, "Unique SQL Id": 1162488282, "Planner Runtime": 8}, "explain_analyze_plan": {"Plan": {"Node Type": "Aggregate", "Strategy": "Plain", "Startup Cost": 264407.24, "Total Cost": 264407.25, "Plan Rows": 1, "Plan Width": 113, "Actual Startup Time": 4199.008, "Actual Total Time": 4199.009, "Actual Rows": 1, "Actual Loops": 1, "Plans": [{"Node Type": "Hash Join", "Parent Relationship": "Outer", "Join Type": "Inner", "Startup Cost": 180303.61, "Total Cost": 261051.22, "Plan Rows": 447470, "Plan Width": 45, "Actual Startup Time": 3870.665, "Actual Total Time": 4198.914, "Actual Rows": 3, "Actual Loops": 1, "Inner Unique": false, "Hash Cond": "(mc.movie_id = t.id), (LLVM Optimized, Jit Execute)", "Plans": [{"Node Type": "Nested Loop", "Parent Relationship": "Outer", "Join Type": "Inner", "Startup Cost": 0.0, "Total Cost": 69436.41, "Plan Rows": 1304518, "Plan Width": 28, "Actual Startup Time": 0.117, "Actual Total Time": 639.905, "Actual Rows": 140904, "Actual Loops": 1, "Inner Unique": false, "Plans": [{"Node Type": "Index Scan", "Parent Relationship": "Outer", "Scan Direction": "Forward", "Index Name": "company_type_pkey", "Relation Name": "company_type", "Alias": "ct", "Startup Cost": 0.0, "Total Cost": 12.3, "Plan Rows": 1, "Plan Width": 4, "Actual Startup Time": 0.029, "Actual Total Time": 0.047, "Actual Rows": 1, "Actual Loops": 1, "Filter": "((kind)::text = 'production companies'::text)", "Rows Removed by Filter": 2}, {"Node Type": "Index Scan", "Parent Relationship": "Inner", "Scan Direction": "Forward", "Index Name": "company_type_id_movie_companies", "Relation Name": "movie_companies", "Alias": "mc", "Startup Cost": 0.0, "Total Cost": 56378.94, "Plan Rows": 1304517, "Plan Width": 32, "Actual Startup Time": 0.081, "Actual Total Time": 611.349, "Actual Rows": 140904, "Actual Loops": 1, "Index Cond": "(company_type_id = ct.id), (LLVM Optimized, Jit Execute)", "Rows Removed by Index Recheck": 0, "Filter": "((note)::text !~~ '%(as Metro-Goldwyn-Mayer Pictures)%'::text), (LLVM Optimized, Jit Execute)", "Rows Removed by Filter": 1193979}]}, {"Node Type": "Hash", "Parent Relationship": "Inner", "Startup Cost": 175348.56, "Total Cost": 175348.56, "Plan Rows": 396404, "Plan Width": 29, "Actual Startup Time": 3530.006, "Actual Total Time": 3530.006, "Actual Rows": 4, "Actual Loops": 1, "Hash Buckets": 524288, "Hash Batches": 1, "Original Hash Batches": 1, "Peak Memory Usage": 1, "Plans": [{"Node Type": "Hash Join", "Parent Relationship": "Outer", "Join Type": "Inner", "Startup Cost": 131752.54, "Total Cost": 175348.56, "Plan Rows": 396404, "Plan Width": 29, "Actual Startup Time": 3529.966, "Actual Total Time": 3529.981, "Actual Rows": 4, "Actual Loops": 1, "Inner Unique": true, "Hash Cond": "(mi_idx.movie_id = t.id), (LLVM Optimized, Jit Execute)", "Plans": [{"Node Type": "Nested Loop", "Parent Relationship": "Outer", "Join Type": "Inner", "Startup Cost": 0.0, "Total Cost": 38338.2, "Plan Rows": 345008, "Plan Width": 4, "Actual Startup Time": 0.073, "Actual Total Time": 0.11, "Actual Rows": 10, "Actual Loops": 1, "Inner Unique": false, "Plans": [{"Node Type": "Index Scan", "Parent Relationship": "Outer", "Scan Direction": "Forward", "Index Name": "info_type_pkey", "Relation Name": "info_type", "Alias": "it", "Startup Cost": 0.0, "Total Cost": 14.21, "Plan Rows": 1, "Plan Width": 4, "Actual Startup Time": 0.06, "Actual Total Time": 0.064, "Actual Rows": 1, "Actual Loops": 1, "Filter": "((info)::text = 'bottom 10 rank'::text)", "Rows Removed by Filter": 111}, {"Node Type": "Index Scan", "Parent Relationship": "Inner", "Scan Direction": "Forward", "Index Name": "info_type_id_movie_info_idx", "Relation Name": "movie_info_idx", "Alias": "mi_idx", "Startup Cost": 0.0, "Total Cost": 34873.91, "Plan Rows": 345008, "Plan Width": 8, "Actual Startup Time": 0.01, "Actual Total Time": 0.034, "Actual Rows": 10, "Actual Loops": 1, "Index Cond": "(info_type_id = it.id), (LLVM Optimized, Jit Execute)", "Rows Removed by Index Recheck": 0}]}, {"Node Type": "Hash", "Parent Relationship": "Inner", "Startup Cost": 122762.04, "Total Cost": 122762.04, "Plan Rows": 719240, "Plan Width": 25, "Actual Startup Time": 3529.154, "Actual Total Time": 3529.154, "Actual Rows": 716259, "Actual Loops": 1, "Hash Buckets": 1048576, "Hash Batches": 1, "Original Hash Batches": 1, "Peak Memory Usage": 41052, "Plans": [{"Node Type": "Index Scan", "Parent Relationship": "Outer", "Scan Direction": "Forward", "Index Name": "title_pkey", "Relation Name": "title", "Alias": "t", "Startup Cost": 0.0, "Total Cost": 122762.04, "Plan Rows": 719240, "Plan Width": 25, "Actual Startup Time": 0.029, "Actual Total Time": 3198.546, "Actual Rows": 716259, "Actual Loops": 1, "Filter": "((production_year >= 2005) AND (production_year <= 2010)), (LLVM Optimized, Jit Execute)", "Rows Removed by Filter": 1812052}]}]}]}]}]}, "Triggers": [], "Planner Runtime": 9.249, "Total Runtime": 4211.085, "Unique SQL Id": 1162488282}}, "(1, '14')": {"explain_plan": {"Plan": {"Node Type": "Aggregate", "Strategy": "Plain", "Startup Cost": 194575.8, "Total Cost": 194575.81, "Plan Rows": 1, "Plan Width": 113, "Plans": [{"Node Type": "Hash Join", "Parent Relationship": "Outer", "Join Type": "Inner", "Startup Cost": 119100.63, "Total Cost": 191219.77, "Plan Rows": 447470, "Plan Width": 45, "Inner Unique": true, "Hash Cond": "(mc.company_type_id = ct.id), (LLVM Optimized)", "Plans": [{"Node Type": "Hash Join", "Parent Relationship": "Outer", "Join Type": "Inner", "Startup Cost": 119099.58, "Total Cost": 186749.22, "Plan Rows": 549199, "Plan Width": 49, "Inner Unique": false, "Hash Cond": "(mc.movie_id = t.id), (LLVM Optimized)", "Plans": [{"Node Type": "Seq Scan", "Parent Relationship": "Outer", "Relation Name": "movie_companies", "Alias": "mc", "Startup Cost": 0.0, "Total Cost": 48340.1, "Plan Rows": 2609035, "Plan Width": 32, "Filter": "((note)::text !~~ '%(as Metro-Goldwyn-Mayer Pictures)%'::text), (LLVM Optimized)"}, {"Node Type": "Hash", "Parent Relationship": "Inner", "Startup Cost": 114144.53, "Total Cost": 114144.53, "Plan Rows": 396404, "Plan Width": 29, "Plans": [{"Node Type": "Hash Join", "Parent Relationship": "Outer", "Join Type": "Inner", "Startup Cost": 81703.58, "Total Cost": 114144.53, "Plan Rows": 396404, "Plan Width": 29, "Inner Unique": true, "Hash Cond": "(mi_idx.movie_id = t.id), (LLVM Optimized)", "Plans": [{"Node Type": "Hash Join", "Parent Relationship": "Outer", "Join Type": "Inner", "Startup Cost": 2.41, "Total Cost": 27185.54, "Plan Rows": 345008, "Plan Width": 4, "Inner Unique": true, "Hash Cond": "(mi_idx.info_type_id = it.id), (LLVM Optimized)", "Plans": [{"Node Type": "Seq Scan", "Parent Relationship": "Outer", "Relation Name": "movie_info_idx", "Alias": "mi_idx", "Startup Cost": 0.0, "Total Cost": 20274.34, "Plan Rows": 1380034, "Plan Width": 8}, {"Node Type": "Hash", "Parent Relationship": "Inner", "Startup Cost": 2.4, "Total Cost": 2.4, "Plan Rows": 1, "Plan Width": 4, "Plans": [{"Node Type": "Seq Scan", "Parent Relationship": "Outer", "Relation Name": "info_type", "Alias": "it", "Startup Cost": 0.0, "Total Cost": 2.4, "Plan Rows": 1, "Plan Width": 4, "Filter": "((info)::text = 'bottom 10 rank'::text)"}]}]}, {"Node Type": "Hash", "Parent Relationship": "Inner", "Startup Cost": 72710.67, "Total Cost": 72710.67, "Plan Rows": 719240, "Plan Width": 25, "Plans": [{"Node Type": "Seq Scan", "Parent Relationship": "Outer", "Relation Name": "title", "Alias": "t", "Startup Cost": 2083.5, "Total Cost": 72710.67, "Plan Rows": 719240, "Plan Width": 25, "Filter": "((production_year >= 2005) AND (production_year <= 2010)), (LLVM Optimized)"}]}]}]}]}, {"Node Type": "Hash", "Parent Relationship": "Inner", "Startup Cost": 1.04, "Total Cost": 1.04, "Plan Rows": 1, "Plan Width": 4, "Plans": [{"Node Type": "Seq Scan", "Parent Relationship": "Outer", "Relation Name": "company_type", "Alias": "ct", "Startup Cost": 0.0, "Total Cost": 1.04, "Plan Rows": 1, "Plan Width": 4, "Filter": "((kind)::text = 'production companies'::text)"}]}]}]}, "Unique SQL Id": 1162488282, "Planner Runtime": 9}, "explain_analyze_plan": {"Plan": {"Node Type": "Aggregate", "Strategy": "Plain", "Startup Cost": 194575.8, "Total Cost": 194575.81, "Plan Rows": 1, "Plan Width": 113, "Actual Startup Time": 2946.517, "Actual Total Time": 2946.518, "Actual Rows": 1, "Actual Loops": 1, "Plans": [{"Node Type": "Hash Join", "Parent Relationship": "Outer", "Join Type": "Inner", "Startup Cost": 119100.63, "Total Cost": 191219.77, "Plan Rows": 447470, "Plan Width": 45, "Actual Startup Time": 2773.563, "Actual Total Time": 2946.484, "Actual Rows": 3, "Actual Loops": 1, "Inner Unique": true, "Hash Cond": "(mc.company_type_id = ct.id), (LLVM Optimized, Jit Execute)", "Plans": [{"Node Type": "Hash Join", "Parent Relationship": "Outer", "Join Type": "Inner", "Startup Cost": 119099.58, "Total Cost": 186749.22, "Plan Rows": 549199, "Plan Width": 49, "Actual Startup Time": 2098.009, "Actual Total Time": 2946.235, "Actual Rows": 66, "Actual Loops": 1, "Inner Unique": false, "Hash Cond": "(mc.movie_id = t.id), (LLVM Optimized, Jit Execute)", "Plans": [{"Node Type": "Seq Scan", "Parent Relationship": "Outer", "Relation Name": "movie_companies", "Alias": "mc", "Startup Cost": 0.0, "Total Cost": 48340.1, "Plan Rows": 2609035, "Plan Width": 32, "Actual Startup Time": 0.028, "Actual Total Time": 909.108, "Actual Rows": 1337087, "Actual Loops": 1, "Filter": "((note)::text !~~ '%(as Metro-Goldwyn-Mayer Pictures)%'::text), (LLVM Optimized, Jit Execute)", "Rows Removed by Filter": 1272041}, {"Node Type": "Hash", "Parent Relationship": "Inner", "Startup Cost": 114144.53, "Total Cost": 114144.53, "Plan Rows": 396404, "Plan Width": 29, "Actual Startup Time": 1767.491, "Actual Total Time": 1767.491, "Actual Rows": 4, "Actual Loops": 1, "Hash Buckets": 524288, "Hash Batches": 1, "Original Hash Batches": 1, "Peak Memory Usage": 1, "Plans": [{"Node Type": "Hash Join", "Parent Relationship": "Outer", "Join Type": "Inner", "Startup Cost": 81703.58, "Total Cost": 114144.53, "Plan Rows": 396404, "Plan Width": 29, "Actual Startup Time": 1767.441, "Actual Total Time": 1767.482, "Actual Rows": 4, "Actual Loops": 1, "Inner Unique": true, "Hash Cond": "(mi_idx.movie_id = t.id), (LLVM Optimized, Jit Execute)", "Plans": [{"Node Type": "Hash Join", "Parent Relationship": "Outer", "Join Type": "Inner", "Startup Cost": 2.41, "Total Cost": 27185.54, "Plan Rows": 345008, "Plan Width": 4, "Actual Startup Time": 530.475, "Actual Total Time": 530.49, "Actual Rows": 10, "Actual Loops": 1, "Inner Unique": true, "Hash Cond": "(mi_idx.info_type_id = it.id), (LLVM Optimized, Jit Execute)", "Plans": [{"Node Type": "Seq Scan", "Parent Relationship": "Outer", "Relation Name": "movie_info_idx", "Alias": "mi_idx", "Startup Cost": 0.0, "Total Cost": 20274.34, "Plan Rows": 1380034, "Plan Width": 8, "Actual Startup Time": 0.033, "Actual Total Time": 298.78, "Actual Rows": 1380034, "Actual Loops": 1}, {"Node Type": "Hash", "Parent Relationship": "Inner", "Startup Cost": 2.4, "Total Cost": 2.4, "Plan Rows": 1, "Plan Width": 4, "Actual Startup Time": 0.047, "Actual Total Time": 0.047, "Actual Rows": 1, "Actual Loops": 1, "Hash Buckets": 32768, "Hash Batches": 1, "Original Hash Batches": 1, "Peak Memory Usage": 1, "Plans": [{"Node Type": "Seq Scan", "Parent Relationship": "Outer", "Relation Name": "info_type", "Alias": "it", "Startup Cost": 0.0, "Total Cost": 2.4, "Plan Rows": 1, "Plan Width": 4, "Actual Startup Time": 0.043, "Actual Total Time": 0.044, "Actual Rows": 1, "Actual Loops": 1, "Filter": "((info)::text = 'bottom 10 rank'::text)", "Rows Removed by Filter": 111}]}]}, {"Node Type": "Hash", "Parent Relationship": "Inner", "Startup Cost": 72710.67, "Total Cost": 72710.67, "Plan Rows": 719240, "Plan Width": 25, "Actual Startup Time": 1236.258, "Actual Total Time": 1236.258, "Actual Rows": 716259, "Actual Loops": 1, "Hash Buckets": 1048576, "Hash Batches": 1, "Original Hash Batches": 1, "Peak Memory Usage": 41052, "Plans": [{"Node Type": "Seq Scan", "Parent Relationship": "Outer", "Relation Name": "title", "Alias": "t", "Startup Cost": 2083.5, "Total Cost": 72710.67, "Plan Rows": 719240, "Plan Width": 25, "Actual Startup Time": 0.032, "Actual Total Time": 894.577, "Actual Rows": 716259, "Actual Loops": 1, "Filter": "((production_year >= 2005) AND (production_year <= 2010)), (LLVM Optimized, Jit Execute)", "Rows Removed by Filter": 1812052}]}]}]}]}, {"Node Type": "Hash", "Parent Relationship": "Inner", "Startup Cost": 1.04, "Total Cost": 1.04, "Plan Rows": 1, "Plan Width": 4, "Actual Startup Time": 0.049, "Actual Total Time": 0.049, "Actual Rows": 1, "Actual Loops": 1, "Hash Buckets": 32768, "Hash Batches": 1, "Original Hash Batches": 1, "Peak Memory Usage": 1, "Plans": [{"Node Type": "Seq Scan", "Parent Relationship": "Outer", "Relation Name": "company_type", "Alias": "ct", "Startup Cost": 0.0, "Total Cost": 1.04, "Plan Rows": 1, "Plan Width": 4, "Actual Startup Time": 0.029, "Actual Total Time": 0.032, "Actual Rows": 1, "Actual Loops": 1, "Filter": "((kind)::text = 'production companies'::text)", "Rows Removed by Filter": 2}]}]}]}, "Triggers": [], "Planner Runtime": 10.864, "Total Runtime": 2957.448, "Unique SQL Id": 1162488282}}, "(1, '15')": {"explain_plan": {"Plan": {"Node Type": "Aggregate", "Strategy": "Plain", "Startup Cost": 4996298642159.24, "Total Cost": 4996298642159.25, "Plan Rows": 1, "Plan Width": 113, "Plans": [{"Node Type": "Merge Join", "Parent Relationship": "Outer", "Join Type": "Inner", "Startup Cost": 50033501541.7, "Total Cost": 4996298639669.21, "Plan Rows": 332005, "Plan Width": 45, "Inner Unique": false, "Merge Cond": "(t.id = mi_idx.movie_id)", "Plans": [{"Node Type": "Nested Loop", "Parent Relationship": "Outer", "Join Type": "Inner", "Startup Cost": 30022023519.89, "Total Cost": 2999077645366.78, "Plan Rows": 1164716, "Plan Width": 53, "Inner Unique": true, "Join Filter": "(mc.company_type_id = ct.id), (LLVM Optimized)", "Plans": [{"Node Type": "Merge Join", "Parent Relationship": "Outer", "Join Type": "Inner", "Startup Cost": 20022023519.89, "Total Cost": 1999077618211.31, "Plan Rows": 1728348, "Plan Width": 57, "Inner Unique": false, "Merge Cond": "(t.id = mc.movie_id)", "Plans": [{"Node Type": "Index Scan", "Parent Relationship": "Outer", "Scan Direction": "Forward", "Index Name": "title_pkey", "Relation Name": "title", "Alias": "t", "Startup Cost": 10000000000.0, "Total Cost": 1000012276204.41, "Plan Rows": 719240, "Plan Width": 25, "Filter": "((production_year >= 2005) AND (production_year <= 2010)), (LLVM Optimized)"}, {"Node Type": "Index Scan", "Parent Relationship": "Inner", "Scan Direction": "Forward", "Index Name": "movie_id_movie_companies", "Relation Name": "movie_companies", "Alias": "mc", "Startup Cost": 10000000000.0, "Total Cost": 1000013704228.13, "Plan Rows": 2609035, "Plan Width": 32, "Filter": "((note)::text !~~ '%(as Metro-Goldwyn-Mayer Pictures)%'::text), (LLVM Optimized)"}]}, {"Node Type": "Materialize", "Parent Relationship": "Inner", "Startup Cost": 10000000000.0, "Total Cost": 1000000001230.26, "Plan Rows": 1, "Plan Width": 4, "Plans": [{"Node Type": "Index Scan", "Parent Relationship": "Outer", "Scan Direction": "Forward", "Index Name": "company_type_pkey", "Relation Name": "company_type", "Alias": "ct", "Startup Cost": 10000000000.0, "Total Cost": 1000000001230.25, "Plan Rows": 1, "Plan Width": 4, "Filter": "((kind)::text = 'production companies'::text)"}]}]}, {"Node Type": "Materialize", "Parent Relationship": "Inner", "Startup Cost": 20000000000.0, "Total Cost": 2000004673019.4, "Plan Rows": 345008, "Plan Width": 4, "Plans": [{"Node Type": "Nested Loop", "Parent Relationship": "Outer", "Join Type": "Inner", "Startup Cost": 20000000000.0, "Total Cost": 2000004672156.88, "Plan Rows": 345008, "Plan Width": 4, "Inner Unique": true, "Join Filter": "(it.id = mi_idx.info_type_id), (LLVM Optimized)", "Plans": [{"Node Type": "Index Scan", "Parent Relationship": "Outer", "Scan Direction": "Forward", "Index Name": "movie_id_movie_info_idx", "Relation Name": "movie_info_idx", "Alias": "mi_idx", "Startup Cost": 10000000000.0, "Total Cost": 1000004650035.37, "Plan Rows": 1380034, "Plan Width": 8}, {"Node Type": "Materialize", "Parent Relationship": "Inner", "Startup Cost": 10000000000.0, "Total Cost": 1000000001421.0, "Plan Rows": 1, "Plan Width": 4, "Plans": [{"Node Type": "Index Scan", "Parent Relationship": "Outer", "Scan Direction": "Forward", "Index Name": "info_type_pkey", "Relation Name": "info_type", "Alias": "it", "Startup Cost": 10000000000.0, "Total Cost": 1000000001421.0, "Plan Rows": 1, "Plan Width": 4, "Filter": "((info)::text = 'bottom 10 rank'::text)"}]}]}]}]}]}, "Unique SQL Id": 1162488282, "Planner Runtime": 9}, "explain_analyze_plan": null}, "(1, '16')": {"explain_plan": {"Plan": {"Node Type": "Aggregate", "Strategy": "Plain", "Startup Cost": 330246.45, "Total Cost": 330246.46, "Plan Rows": 1, "Plan Width": 113, "Plans": [{"Node Type": "Nested Loop", "Parent Relationship": "Outer", "Join Type": "Inner", "Startup Cost": 7502.06, "Total Cost": 326890.42, "Plan Rows": 447470, "Plan Width": 45, "Inner Unique": false, "Join Filter": "(mc.company_type_id = ct.id), (LLVM Optimized)", "Plans": [{"Node Type": "Seq Scan", "Parent Relationship": "Outer", "Relation Name": "company_type", "Alias": "ct", "Startup Cost": 0.0, "Total Cost": 1.04, "Plan Rows": 1, "Plan Width": 4, "Filter": "((kind)::text = 'production companies'::text)"}, {"Node Type": "Nested Loop", "Parent Relationship": "Inner", "Join Type": "Inner", "Startup Cost": 7502.06, "Total Cost": 320024.4, "Plan Rows": 549199, "Plan Width": 49, "Inner Unique": false, "Join Filter": "(t.id = mc.movie_id), (LLVM Optimized)", "Plans": [{"Node Type": "Nested Loop", "Parent Relationship": "Outer", "Join Type": "Inner", "Startup Cost": 7502.06, "Total Cost": 164107.36, "Plan Rows": 396404, "Plan Width": 29, "Inner Unique": true, "Plans": [{"Node Type": "Nested Loop", "Parent Relationship": "Outer", "Join Type": "Inner", "Startup Cost": 7502.06, "Total Cost": 21741.14, "Plan Rows": 345008, "Plan Width": 4, "Inner Unique": false, "Plans": [{"Node Type": "Seq Scan", "Parent Relationship": "Outer", "Relation Name": "info_type", "Alias": "it", "Startup Cost": 0.0, "Total Cost": 2.4, "Plan Rows": 1, "Plan Width": 4, "Filter": "((info)::text = 'bottom 10 rank'::text)"}, {"Node Type": "Bitmap Heap Scan", "Parent Relationship": "Inner", "Relation Name": "movie_info_idx", "Alias": "mi_idx", "Startup Cost": 7502.06, "Total Cost": 18288.66, "Plan Rows": 345008, "Plan Width": 8, "Recheck Cond": "(info_type_id = it.id), (LLVM Optimized)", "Plans": [{"Node Type": "Bitmap Index Scan", "Parent Relationship": "Outer", "Index Name": "info_type_id_movie_info_idx", "Startup Cost": 0.0, "Total Cost": 7415.81, "Plan Rows": 345008, "Plan Width": 0, "Index Cond": "(info_type_id = it.id)"}]}]}, {"Node Type": "Index Scan", "Parent Relationship": "Inner", "Scan Direction": "Forward", "Index Name": "title_pkey", "Relation Name": "title", "Alias": "t", "Startup Cost": 0.0, "Total Cost": 0.4, "Plan Rows": 1, "Plan Width": 25, "Index Cond": "(id = mi_idx.movie_id)", "Filter": "((production_year >= 2005) AND (production_year <= 2010))"}]}, {"Node Type": "Index Scan", "Parent Relationship": "Inner", "Scan Direction": "Forward", "Index Name": "movie_id_movie_companies", "Relation Name": "movie_companies", "Alias": "mc", "Startup Cost": 0.0, "Total Cost": 0.37, "Plan Rows": 2, "Plan Width": 32, "Index Cond": "(movie_id = mi_idx.movie_id)", "Filter": "((note)::text !~~ '%(as Metro-Goldwyn-Mayer Pictures)%'::text)"}]}]}]}, "Unique SQL Id": 1162488282, "Planner Runtime": 7}, "explain_analyze_plan": {"Plan": {"Node Type": "Aggregate", "Strategy": "Plain", "Startup Cost": 330246.45, "Total Cost": 330246.46, "Plan Rows": 1, "Plan Width": 113, "Actual Startup Time": 0.416, "Actual Total Time": 0.417, "Actual Rows": 1, "Actual Loops": 1, "Plans": [{"Node Type": "Nested Loop", "Parent Relationship": "Outer", "Join Type": "Inner", "Startup Cost": 7502.06, "Total Cost": 326890.42, "Plan Rows": 447470, "Plan Width": 45, "Actual Startup Time": 0.382, "Actual Total Time": 0.393, "Actual Rows": 3, "Actual Loops": 1, "Inner Unique": false, "Join Filter": "(mc.company_type_id = ct.id), (LLVM Optimized)", "Rows Removed by Join Filter": 63, "Plans": [{"Node Type": "Seq Scan", "Parent Relationship": "Outer", "Relation Name": "company_type", "Alias": "ct", "Startup Cost": 0.0, "Total Cost": 1.04, "Plan Rows": 1, "Plan Width": 4, "Actual Startup Time": 0.029, "Actual Total Time": 0.031, "Actual Rows": 1, "Actual Loops": 1, "Filter": "((kind)::text = 'production companies'::text)", "Rows Removed by Filter": 2}, {"Node Type": "Nested Loop", "Parent Relationship": "Inner", "Join Type": "Inner", "Startup Cost": 7502.06, "Total Cost": 320024.4, "Plan Rows": 549199, "Plan Width": 49, "Actual Startup Time": 0.187, "Actual Total Time": 0.343, "Actual Rows": 66, "Actual Loops": 1, "Inner Unique": false, "Join Filter": "(t.id = mc.movie_id), (LLVM Optimized)", "Rows Removed by Join Filter": 0, "Plans": [{"Node Type": "Nested Loop", "Parent Relationship": "Outer", "Join Type": "Inner", "Startup Cost": 7502.06, "Total Cost": 164107.36, "Plan Rows": 396404, "Plan Width": 29, "Actual Startup Time": 0.167, "Actual Total Time": 0.209, "Actual Rows": 4, "Actual Loops": 1, "Inner Unique": true, "Plans": [{"Node Type": "Nested Loop", "Parent Relationship": "Outer", "Join Type": "Inner", "Startup Cost": 7502.06, "Total Cost": 21741.14, "Plan Rows": 345008, "Plan Width": 4, "Actual Startup Time": 0.097, "Actual Total Time": 0.107, "Actual Rows": 10, "Actual Loops": 1, "Inner Unique": false, "Plans": [{"Node Type": "Seq Scan", "Parent Relationship": "Outer", "Relation Name": "info_type", "Alias": "it", "Startup Cost": 0.0, "Total Cost": 2.4, "Plan Rows": 1, "Plan Width": 4, "Actual Startup Time": 0.059, "Actual Total Time": 0.064, "Actual Rows": 1, "Actual Loops": 1, "Filter": "((info)::text = 'bottom 10 rank'::text)", "Rows Removed by Filter": 111}, {"Node Type": "Bitmap Heap Scan", "Parent Relationship": "Inner", "Relation Name": "movie_info_idx", "Alias": "mi_idx", "Startup Cost": 7502.06, "Total Cost": 18288.66, "Plan Rows": 345008, "Plan Width": 8, "Actual Startup Time": 0.033, "Actual Total Time": 0.037, "Actual Rows": 10, "Actual Loops": 1, "Recheck Cond": "(info_type_id = it.id), (LLVM Optimized)", "Rows Removed by Index Recheck": 0, "Exact Heap Blocks": 1, "Lossy Heap Blocks": 1, "Plans": [{"Node Type": "Bitmap Index Scan", "Parent Relationship": "Outer", "Index Name": "info_type_id_movie_info_idx", "Startup Cost": 0.0, "Total Cost": 7415.81, "Plan Rows": 345008, "Plan Width": 0, "Actual Startup Time": 0.017, "Actual Total Time": 0.017, "Actual Rows": 10, "Actual Loops": 1, "Index Cond": "(info_type_id = it.id)"}]}]}, {"Node Type": "Index Scan", "Parent Relationship": "Inner", "Scan Direction": "Forward", "Index Name": "title_pkey", "Relation Name": "title", "Alias": "t", "Startup Cost": 0.0, "Total Cost": 0.4, "Plan Rows": 1, "Plan Width": 25, "Actual Startup Time": 0.095, "Actual Total Time": 0.095, "Actual Rows": 4, "Actual Loops": 10, "Index Cond": "(id = mi_idx.movie_id)", "Rows Removed by Index Recheck": 0, "Filter": "((production_year >= 2005) AND (production_year <= 2010))", "Rows Removed by Filter": 6}]}, {"Node Type": "Index Scan", "Parent Relationship": "Inner", "Scan Direction": "Forward", "Index Name": "movie_id_movie_companies", "Relation Name": "movie_companies", "Alias": "mc", "Startup Cost": 0.0, "Total Cost": 0.37, "Plan Rows": 2, "Plan Width": 32, "Actual Startup Time": 0.046, "Actual Total Time": 0.106, "Actual Rows": 66, "Actual Loops": 4, "Index Cond": "(movie_id = mi_idx.movie_id)", "Rows Removed by Index Recheck": 0, "Filter": "((note)::text !~~ '%(as Metro-Goldwyn-Mayer Pictures)%'::text)", "Rows Removed by Filter": 7}]}]}]}, "Triggers": [], "Planner Runtime": 7.046, "Total Runtime": 10.374, "Unique SQL Id": 1162488282}}, "(1, '17')": {"explain_plan": {"Plan": {"Node Type": "Aggregate", "Strategy": "Plain", "Startup Cost": 330269.52, "Total Cost": 330269.53, "Plan Rows": 1, "Plan Width": 113, "Plans": [{"Node Type": "Nested Loop", "Parent Relationship": "Outer", "Join Type": "Inner", "Startup Cost": 7502.06, "Total Cost": 326913.5, "Plan Rows": 447470, "Plan Width": 45, "Inner Unique": false, "Join Filter": "(mc.company_type_id = ct.id), (LLVM Optimized)", "Plans": [{"Node Type": "Index Scan", "Parent Relationship": "Outer", "Scan Direction": "Forward", "Index Name": "company_type_pkey", "Relation Name": "company_type", "Alias": "ct", "Startup Cost": 0.0, "Total Cost": 12.3, "Plan Rows": 1, "Plan Width": 4, "Filter": "((kind)::text = 'production companies'::text)"}, {"Node Type": "Nested Loop", "Parent Relationship": "Inner", "Join Type": "Inner", "Startup Cost": 7502.06, "Total Cost": 320036.21, "Plan Rows": 549199, "Plan Width": 49, "Inner Unique": false, "Join Filter": "(t.id = mc.movie_id), (LLVM Optimized)", "Plans": [{"Node Type": "Nested Loop", "Parent Relationship": "Outer", "Join Type": "Inner", "Startup Cost": 7502.06, "Total Cost": 164119.17, "Plan Rows": 396404, "Plan Width": 29, "Inner Unique": true, "Plans": [{"Node Type": "Nested Loop", "Parent Relationship": "Outer", "Join Type": "Inner", "Startup Cost": 7502.06, "Total Cost": 21752.95, "Plan Rows": 345008, "Plan Width": 4, "Inner Unique": false, "Plans": [{"Node Type": "Index Scan", "Parent Relationship": "Outer", "Scan Direction": "Forward", "Index Name": "info_type_pkey", "Relation Name": "info_type", "Alias": "it", "Startup Cost": 0.0, "Total Cost": 14.21, "Plan Rows": 1, "Plan Width": 4, "Filter": "((info)::text = 'bottom 10 rank'::text)"}, {"Node Type": "Bitmap Heap Scan", "Parent Relationship": "Inner", "Relation Name": "movie_info_idx", "Alias": "mi_idx", "Startup Cost": 7502.06, "Total Cost": 18288.66, "Plan Rows": 345008, "Plan Width": 8, "Recheck Cond": "(info_type_id = it.id), (LLVM Optimized)", "Plans": [{"Node Type": "Bitmap Index Scan", "Parent Relationship": "Outer", "Index Name": "info_type_id_movie_info_idx", "Startup Cost": 0.0, "Total Cost": 7415.81, "Plan Rows": 345008, "Plan Width": 0, "Index Cond": "(info_type_id = it.id)"}]}]}, {"Node Type": "Index Scan", "Parent Relationship": "Inner", "Scan Direction": "Forward", "Index Name": "title_pkey", "Relation Name": "title", "Alias": "t", "Startup Cost": 0.0, "Total Cost": 0.4, "Plan Rows": 1, "Plan Width": 25, "Index Cond": "(id = mi_idx.movie_id)", "Filter": "((production_year >= 2005) AND (production_year <= 2010))"}]}, {"Node Type": "Index Scan", "Parent Relationship": "Inner", "Scan Direction": "Forward", "Index Name": "movie_id_movie_companies", "Relation Name": "movie_companies", "Alias": "mc", "Startup Cost": 0.0, "Total Cost": 0.37, "Plan Rows": 2, "Plan Width": 32, "Index Cond": "(movie_id = mi_idx.movie_id)", "Filter": "((note)::text !~~ '%(as Metro-Goldwyn-Mayer Pictures)%'::text)"}]}]}]}, "Unique SQL Id": 1162488282, "Planner Runtime": 6}, "explain_analyze_plan": {"Plan": {"Node Type": "Aggregate", "Strategy": "Plain", "Startup Cost": 330269.52, "Total Cost": 330269.53, "Plan Rows": 1, "Plan Width": 113, "Actual Startup Time": 0.354, "Actual Total Time": 0.354, "Actual Rows": 1, "Actual Loops": 1, "Plans": [{"Node Type": "Nested Loop", "Parent Relationship": "Outer", "Join Type": "Inner", "Startup Cost": 7502.06, "Total Cost": 326913.5, "Plan Rows": 447470, "Plan Width": 45, "Actual Startup Time": 0.326, "Actual Total Time": 0.336, "Actual Rows": 3, "Actual Loops": 1, "Inner Unique": false, "Join Filter": "(mc.company_type_id = ct.id), (LLVM Optimized)", "Rows Removed by Join Filter": 63, "Plans": [{"Node Type": "Index Scan", "Parent Relationship": "Outer", "Scan Direction": "Forward", "Index Name": "company_type_pkey", "Relation Name": "company_type", "Alias": "ct", "Startup Cost": 0.0, "Total Cost": 12.3, "Plan Rows": 1, "Plan Width": 4, "Actual Startup Time": 0.022, "Actual Total Time": 0.024, "Actual Rows": 1, "Actual Loops": 1, "Filter": "((kind)::text = 'production companies'::text)", "Rows Removed by Filter": 2}, {"Node Type": "Nested Loop", "Parent Relationship": "Inner", "Join Type": "Inner", "Startup Cost": 7502.06, "Total Cost": 320036.21, "Plan Rows": 549199, "Plan Width": 49, "Actual Startup Time": 0.154, "Actual Total Time": 0.29, "Actual Rows": 66, "Actual Loops": 1, "Inner Unique": false, "Join Filter": "(t.id = mc.movie_id), (LLVM Optimized)", "Rows Removed by Join Filter": 0, "Plans": [{"Node Type": "Nested Loop", "Parent Relationship": "Outer", "Join Type": "Inner", "Startup Cost": 7502.06, "Total Cost": 164119.17, "Plan Rows": 396404, "Plan Width": 29, "Actual Startup Time": 0.138, "Actual Total Time": 0.172, "Actual Rows": 4, "Actual Loops": 1, "Inner Unique": true, "Plans": [{"Node Type": "Nested Loop", "Parent Relationship": "Outer", "Join Type": "Inner", "Startup Cost": 7502.06, "Total Cost": 21752.95, "Plan Rows": 345008, "Plan Width": 4, "Actual Startup Time": 0.084, "Actual Total Time": 0.092, "Actual Rows": 10, "Actual Loops": 1, "Inner Unique": false, "Plans": [{"Node Type": "Index Scan", "Parent Relationship": "Outer", "Scan Direction": "Forward", "Index Name": "info_type_pkey", "Relation Name": "info_type", "Alias": "it", "Startup Cost": 0.0, "Total Cost": 14.21, "Plan Rows": 1, "Plan Width": 4, "Actual Startup Time": 0.057, "Actual Total Time": 0.058, "Actual Rows": 1, "Actual Loops": 1, "Filter": "((info)::text = 'bottom 10 rank'::text)", "Rows Removed by Filter": 111}, {"Node Type": "Bitmap Heap Scan", "Parent Relationship": "Inner", "Relation Name": "movie_info_idx", "Alias": "mi_idx", "Startup Cost": 7502.06, "Total Cost": 18288.66, "Plan Rows": 345008, "Plan Width": 8, "Actual Startup Time": 0.02, "Actual Total Time": 0.022, "Actual Rows": 10, "Actual Loops": 1, "Recheck Cond": "(info_type_id = it.id), (LLVM Optimized)", "Rows Removed by Index Recheck": 0, "Exact Heap Blocks": 1, "Lossy Heap Blocks": 1, "Plans": [{"Node Type": "Bitmap Index Scan", "Parent Relationship": "Outer", "Index Name": "info_type_id_movie_info_idx", "Startup Cost": 0.0, "Total Cost": 7415.81, "Plan Rows": 345008, "Plan Width": 0, "Actual Startup Time": 0.011, "Actual Total Time": 0.011, "Actual Rows": 10, "Actual Loops": 1, "Index Cond": "(info_type_id = it.id)"}]}]}, {"Node Type": "Index Scan", "Parent Relationship": "Inner", "Scan Direction": "Forward", "Index Name": "title_pkey", "Relation Name": "title", "Alias": "t", "Startup Cost": 0.0, "Total Cost": 0.4, "Plan Rows": 1, "Plan Width": 25, "Actual Startup Time": 0.072, "Actual Total Time": 0.072, "Actual Rows": 4, "Actual Loops": 10, "Index Cond": "(id = mi_idx.movie_id)", "Rows Removed by Index Recheck": 0, "Filter": "((production_year >= 2005) AND (production_year <= 2010))", "Rows Removed by Filter": 6}]}, {"Node Type": "Index Scan", "Parent Relationship": "Inner", "Scan Direction": "Forward", "Index Name": "movie_id_movie_companies", "Relation Name": "movie_companies", "Alias": "mc", "Startup Cost": 0.0, "Total Cost": 0.37, "Plan Rows": 2, "Plan Width": 32, "Actual Startup Time": 0.037, "Actual Total Time": 0.092, "Actual Rows": 66, "Actual Loops": 4, "Index Cond": "(movie_id = mi_idx.movie_id)", "Rows Removed by Index Recheck": 0, "Filter": "((note)::text !~~ '%(as Metro-Goldwyn-Mayer Pictures)%'::text)", "Rows Removed by Filter": 7}]}]}]}, "Triggers": [], "Planner Runtime": 6.507, "Total Runtime": 10.206, "Unique SQL Id": 1162488282}}, "(1, '18')": {"explain_plan": {"Plan": {"Node Type": "Aggregate", "Strategy": "Plain", "Startup Cost": 430762.63, "Total Cost": 430762.64, "Plan Rows": 1, "Plan Width": 113, "Plans": [{"Node Type": "Merge Join", "Parent Relationship": "Outer", "Join Type": "Inner", "Startup Cost": 406272.55, "Total Cost": 428272.6, "Plan Rows": 332005, "Plan Width": 45, "Inner Unique": true, "Merge Cond": "(mc.movie_id = t.id)", "Plans": [{"Node Type": "Merge Join", "Parent Relationship": "Outer", "Join Type": "Inner", "Startup Cost": 263593.72, "Total Cost": 277428.1, "Plan Rows": 501180, "Plan Width": 32, "Inner Unique": false, "Merge Cond": "(mi_idx.movie_id = mc.movie_id)", "Plans": [{"Node Type": "Sort", "Parent Relationship": "Outer", "Startup Cost": 53475.44, "Total Cost": 54337.96, "Plan Rows": 345008, "Plan Width": 4, "Sort Key": ["mi_idx.movie_id"], "Plans": [{"Node Type": "Nested Loop", "Parent Relationship": "Outer", "Join Type": "Inner", "Startup Cost": 7502.06, "Total Cost": 21741.14, "Plan Rows": 345008, "Plan Width": 4, "Inner Unique": false, "Plans": [{"Node Type": "Seq Scan", "Parent Relationship": "Outer", "Relation Name": "info_type", "Alias": "it", "Startup Cost": 0.0, "Total Cost": 2.4, "Plan Rows": 1, "Plan Width": 4, "Filter": "((info)::text = 'bottom 10 rank'::text)"}, {"Node Type": "Bitmap Heap Scan", "Parent Relationship": "Inner", "Relation Name": "movie_info_idx", "Alias": "mi_idx", "Startup Cost": 7502.06, "Total Cost": 18288.66, "Plan Rows": 345008, "Plan Width": 8, "Recheck Cond": "(info_type_id = it.id), (LLVM Optimized)", "Plans": [{"Node Type": "Bitmap Index Scan", "Parent Relationship": "Outer", "Index Name": "info_type_id_movie_info_idx", "Startup Cost": 0.0, "Total Cost": 7415.81, "Plan Rows": 345008, "Plan Width": 0, "Index Cond": "(info_type_id = it.id)"}]}]}]}, {"Node Type": "Sort", "Parent Relationship": "Inner", "Startup Cost": 210118.25, "Total Cost": 213379.54, "Plan Rows": 1304518, "Plan Width": 28, "Sort Key": ["mc.movie_id"], "Plans": [{"Node Type": "Nested Loop", "Parent Relationship": "Outer", "Join Type": "Inner", "Startup Cost": 29270.61, "Total Cost": 77611.28, "Plan Rows": 1304518, "Plan Width": 28, "Inner Unique": false, "Plans": [{"Node Type": "Seq Scan", "Parent Relationship": "Outer", "Relation Name": "company_type", "Alias": "ct", "Startup Cost": 0.0, "Total Cost": 1.04, "Plan Rows": 1, "Plan Width": 4, "Filter": "((kind)::text = 'production companies'::text)"}, {"Node Type": "Bitmap Heap Scan", "Parent Relationship": "Inner", "Relation Name": "movie_companies", "Alias": "mc", "Startup Cost": 29270.61, "Total Cost": 64565.07, "Plan Rows": 1304517, "Plan Width": 32, "Recheck Cond": "(company_type_id = ct.id), (LLVM Optimized)", "Filter": "((note)::text !~~ '%(as Metro-Goldwyn-Mayer Pictures)%'::text), (LLVM Optimized)", "Plans": [{"Node Type": "Bitmap Index Scan", "Parent Relationship": "Outer", "Index Name": "company_type_id_movie_companies", "Startup Cost": 0.0, "Total Cost": 28944.48, "Plan Rows": 1304564, "Plan Width": 0, "Index Cond": "(company_type_id = ct.id)"}]}]}]}]}, {"Node Type": "Sort", "Parent Relationship": "Inner", "Startup Cost": 142678.74, "Total Cost": 144476.84, "Plan Rows": 719240, "Plan Width": 25, "Sort Key": ["t.id"], "Plans": [{"Node Type": "Seq Scan", "Parent Relationship": "Outer", "Relation Name": "title", "Alias": "t", "Startup Cost": 2083.5, "Total Cost": 72710.67, "Plan Rows": 719240, "Plan Width": 25, "Filter": "((production_year >= 2005) AND (production_year <= 2010)), (LLVM Optimized)"}]}]}]}, "Unique SQL Id": 1162488282, "Planner Runtime": 5}, "explain_analyze_plan": {"Plan": {"Node Type": "Aggregate", "Strategy": "Plain", "Startup Cost": 430762.63, "Total Cost": 430762.64, "Plan Rows": 1, "Plan Width": 113, "Actual Startup Time": 2039.746, "Actual Total Time": 2039.747, "Actual Rows": 1, "Actual Loops": 1, "Plans": [{"Node Type": "Merge Join", "Parent Relationship": "Outer", "Join Type": "Inner", "Startup Cost": 406272.55, "Total Cost": 428272.6, "Plan Rows": 332005, "Plan Width": 45, "Actual Startup Time": 1986.946, "Actual Total Time": 2039.7, "Actual Rows": 3, "Actual Loops": 1, "Inner Unique": true, "Merge Cond": "(mc.movie_id = t.id)", "Plans": [{"Node Type": "Merge Join", "Parent Relationship": "Outer", "Join Type": "Inner", "Startup Cost": 263593.72, "Total Cost": 277428.1, "Plan Rows": 501180, "Plan Width": 32, "Actual Startup Time": 681.571, "Actual Total Time": 698.235, "Actual Rows": 5, "Actual Loops": 1, "Inner Unique": false, "Merge Cond": "(mi_idx.movie_id = mc.movie_id)", "Plans": [{"Node Type": "Sort", "Parent Relationship": "Outer", "Startup Cost": 53475.44, "Total Cost": 54337.96, "Plan Rows": 345008, "Plan Width": 4, "Actual Startup Time": 0.124, "Actual Total Time": 0.127, "Actual Rows": 10, "Actual Loops": 1, "Sort Key": ["mi_idx.movie_id"], "Sort Method": "quicksort", "Sort Space Used": 25, "Sort Space Type": "Memory", "Plans": [{"Node Type": "Nested Loop", "Parent Relationship": "Outer", "Join Type": "Inner", "Startup Cost": 7502.06, "Total Cost": 21741.14, "Plan Rows": 345008, "Plan Width": 4, "Actual Startup Time": 0.095, "Actual Total Time": 0.104, "Actual Rows": 10, "Actual Loops": 1, "Inner Unique": false, "Plans": [{"Node Type": "Seq Scan", "Parent Relationship": "Outer", "Relation Name": "info_type", "Alias": "it", "Startup Cost": 0.0, "Total Cost": 2.4, "Plan Rows": 1, "Plan Width": 4, "Actual Startup Time": 0.059, "Actual Total Time": 0.062, "Actual Rows": 1, "Actual Loops": 1, "Filter": "((info)::text = 'bottom 10 rank'::text)", "Rows Removed by Filter": 111}, {"Node Type": "Bitmap Heap Scan", "Parent Relationship": "Inner", "Relation Name": "movie_info_idx", "Alias": "mi_idx", "Startup Cost": 7502.06, "Total Cost": 18288.66, "Plan Rows": 345008, "Plan Width": 8, "Actual Startup Time": 0.029, "Actual Total Time": 0.03, "Actual Rows": 10, "Actual Loops": 1, "Recheck Cond": "(info_type_id = it.id), (LLVM Optimized, Jit Execute)", "Rows Removed by Index Recheck": 0, "Exact Heap Blocks": 1, "Lossy Heap Blocks": 1, "Plans": [{"Node Type": "Bitmap Index Scan", "Parent Relationship": "Outer", "Index Name": "info_type_id_movie_info_idx", "Startup Cost": 0.0, "Total Cost": 7415.81, "Plan Rows": 345008, "Plan Width": 0, "Actual Startup Time": 0.012, "Actual Total Time": 0.012, "Actual Rows": 10, "Actual Loops": 1, "Index Cond": "(info_type_id = it.id)"}]}]}]}, {"Node Type": "Sort", "Parent Relationship": "Inner", "Startup Cost": 210118.25, "Total Cost": 213379.54, "Plan Rows": 1304518, "Plan Width": 28, "Actual Startup Time": 665.443, "Actual Total Time": 677.816, "Actual Rows": 132371, "Actual Loops": 1, "Sort Key": ["mc.movie_id"], "Sort Method": "quicksort", "Sort Space Used": 20170, "Sort Space Type": "Memory", "Plans": [{"Node Type": "Nested Loop", "Parent Relationship": "Outer", "Join Type": "Inner", "Startup Cost": 29270.61, "Total Cost": 77611.28, "Plan Rows": 1304518, "Plan Width": 28, "Actual Startup Time": 162.515, "Actual Total Time": 614.528, "Actual Rows": 140904, "Actual Loops": 1, "Inner Unique": false, "Plans": [{"Node Type": "Seq Scan", "Parent Relationship": "Outer", "Relation Name": "company_type", "Alias": "ct", "Startup Cost": 0.0, "Total Cost": 1.04, "Plan Rows": 1, "Plan Width": 4, "Actual Startup Time": 0.008, "Actual Total Time": 0.017, "Actual Rows": 1, "Actual Loops": 1, "Filter": "((kind)::text = 'production companies'::text)", "Rows Removed by Filter": 2}, {"Node Type": "Bitmap Heap Scan", "Parent Relationship": "Inner", "Relation Name": "movie_companies", "Alias": "mc", "Startup Cost": 29270.61, "Total Cost": 64565.07, "Plan Rows": 1304517, "Plan Width": 32, "Actual Startup Time": 162.502, "Actual Total Time": 586.774, "Actual Rows": 140904, "Actual Loops": 1, "Recheck Cond": "(company_type_id = ct.id), (LLVM Optimized, Jit Execute)", "Rows Removed by Index Recheck": 0, "Filter": "((note)::text !~~ '%(as Metro-Goldwyn-Mayer Pictures)%'::text), (LLVM Optimized, Jit Execute)", "Rows Removed by Filter": 1193979, "Exact Heap Blocks": 6196, "Lossy Heap Blocks": 6196, "Plans": [{"Node Type": "Bitmap Index Scan", "Parent Relationship": "Outer", "Index Name": "company_type_id_movie_companies", "Startup Cost": 0.0, "Total Cost": 28944.48, "Plan Rows": 1304564, "Plan Width": 0, "Actual Startup Time": 161.254, "Actual Total Time": 161.254, "Actual Rows": 1334883, "Actual Loops": 1, "Index Cond": "(company_type_id = ct.id)"}]}]}]}]}, {"Node Type": "Sort", "Parent Relationship": "Inner", "Startup Cost": 142678.74, "Total Cost": 144476.84, "Plan Rows": 719240, "Plan Width": 25, "Actual Startup Time": 1127.901, "Actual Total Time": 1233.581, "Actual Rows": 669805, "Actual Loops": 1, "Sort Key": ["t.id"], "Sort Method": "quicksort", "Sort Space Used": 95710, "Sort Space Type": "Memory", "Plans": [{"Node Type": "Seq Scan", "Parent Relationship": "Outer", "Relation Name": "title", "Alias": "t", "Startup Cost": 2083.5, "Total Cost": 72710.67, "Plan Rows": 719240, "Plan Width": 25, "Actual Startup Time": 0.035, "Actual Total Time": 823.073, "Actual Rows": 716259, "Actual Loops": 1, "Filter": "((production_year >= 2005) AND (production_year <= 2010)), (LLVM Optimized, Jit Execute)", "Rows Removed by Filter": 1812052}]}]}]}, "Triggers": [], "Planner Runtime": 5.958, "Total Runtime": 2050.17, "Unique SQL Id": 1162488282}}, "(1, '19')": {"explain_plan": {"Plan": {"Node Type": "Aggregate", "Strategy": "Plain", "Startup Cost": 1000017766719.7, "Total Cost": 1000017766719.71, "Plan Rows": 1, "Plan Width": 113, "Plans": [{"Node Type": "Nested Loop", "Parent Relationship": "Outer", "Join Type": "Inner", "Startup Cost": 10000000001.08, "Total Cost": 1000017764229.67, "Plan Rows": 332005, "Plan Width": 45, "Inner Unique": true, "Plans": [{"Node Type": "Nested Loop", "Parent Relationship": "Outer", "Join Type": "Inner", "Startup Cost": 10000000000.81, "Total Cost": 1000015609438.29, "Plan Rows": 501180, "Plan Width": 32, "Inner Unique": true, "Plans": [{"Node Type": "Nested Loop", "Parent Relationship": "Outer", "Join Type": "Inner", "Startup Cost": 10000000000.55, "Total Cost": 1000012058838.99, "Plan Rows": 829046, "Plan Width": 36, "Inner Unique": false, "Plans": [{"Node Type": "Nested Loop", "Parent Relationship": "Outer", "Join Type": "Inner", "Startup Cost": 10000000000.26, "Total Cost": 1000010560383.98, "Plan Rows": 345008, "Plan Width": 4, "Inner Unique": true, "Plans": [{"Node Type": "Index Scan", "Parent Relationship": "Outer", "Scan Direction": "Forward", "Index Name": "movie_id_movie_info_idx", "Relation Name": "movie_info_idx", "Alias": "mi_idx", "Startup Cost": 10000000000.0, "Total Cost": 1000004650035.37, "Plan Rows": 1380034, "Plan Width": 8}, {"Node Type": "Bitmap Heap Scan", "Parent Relationship": "Inner", "Relation Name": "info_type", "Alias": "it", "Startup Cost": 0.26, "Total Cost": 4.27, "Plan Rows": 1, "Plan Width": 4, "Recheck Cond": "(id = mi_idx.info_type_id)", "Filter": "((info)::text = 'bottom 10 rank'::text)", "Plans": [{"Node Type": "Bitmap Index Scan", "Parent Relationship": "Outer", "Index Name": "info_type_pkey", "Startup Cost": 0.0, "Total Cost": 0.26, "Plan Rows": 1, "Plan Width": 0, "Index Cond": "(id = mi_idx.info_type_id)"}]}]}, {"Node Type": "Bitmap Heap Scan", "Parent Relationship": "Inner", "Relation Name": "movie_companies", "Alias": "mc", "Startup Cost": 0.29, "Total Cost": 4.32, "Plan Rows": 2, "Plan Width": 32, "Recheck Cond": "(movie_id = mi_idx.movie_id)", "Filter": "((note)::text !~~ '%(as Metro-Goldwyn-Mayer Pictures)%'::text)", "Plans": [{"Node Type": "Bitmap Index Scan", "Parent Relationship": "Outer", "Index Name": "movie_id_movie_companies", "Startup Cost": 0.0, "Total Cost": 0.29, "Plan Rows": 2, "Plan Width": 0, "Index Cond": "(movie_id = mi_idx.movie_id)"}]}]}, {"Node Type": "Bitmap Heap Scan", "Parent Relationship": "Inner", "Relation Name": "company_type", "Alias": "ct", "Startup Cost": 0.26, "Total Cost": 4.27, "Plan Rows": 1, "Plan Width": 4, "Recheck Cond": "(id = mc.company_type_id)", "Filter": "((kind)::text = 'production companies'::text)", "Plans": [{"Node Type": "Bitmap Index Scan", "Parent Relationship": "Outer", "Index Name": "company_type_pkey", "Startup Cost": 0.0, "Total Cost": 0.26, "Plan Rows": 1, "Plan Width": 0, "Index Cond": "(id = mc.company_type_id)"}]}]}, {"Node Type": "Bitmap Heap Scan", "Parent Relationship": "Inner", "Relation Name": "title", "Alias": "t", "Startup Cost": 0.27, "Total Cost": 4.29, "Plan Rows": 1, "Plan Width": 25, "Recheck Cond": "(id = mc.movie_id)", "Filter": "((production_year >= 2005) AND (production_year <= 2010))", "Plans": [{"Node Type": "Bitmap Index Scan", "Parent Relationship": "Outer", "Index Name": "title_pkey", "Startup Cost": 0.0, "Total Cost": 0.27, "Plan Rows": 1, "Plan Width": 0, "Index Cond": "(id = mc.movie_id)"}]}]}]}, "Unique SQL Id": 1162488282, "Planner Runtime": 4}, "explain_analyze_plan": null}, "(1, '20')": {"explain_plan": {"Plan": {"Node Type": "Aggregate", "Strategy": "Plain", "Startup Cost": 330246.45, "Total Cost": 330246.46, "Plan Rows": 1, "Plan Width": 113, "Plans": [{"Node Type": "Nested Loop", "Parent Relationship": "Outer", "Join Type": "Inner", "Startup Cost": 7502.06, "Total Cost": 326890.42, "Plan Rows": 447470, "Plan Width": 45, "Inner Unique": false, "Join Filter": "(mc.company_type_id = ct.id), (LLVM Optimized)", "Plans": [{"Node Type": "Seq Scan", "Parent Relationship": "Outer", "Relation Name": "company_type", "Alias": "ct", "Startup Cost": 0.0, "Total Cost": 1.04, "Plan Rows": 1, "Plan Width": 4, "Filter": "((kind)::text = 'production companies'::text)"}, {"Node Type": "Nested Loop", "Parent Relationship": "Inner", "Join Type": "Inner", "Startup Cost": 7502.06, "Total Cost": 320024.4, "Plan Rows": 549199, "Plan Width": 49, "Inner Unique": false, "Join Filter": "(t.id = mc.movie_id), (LLVM Optimized)", "Plans": [{"Node Type": "Nested Loop", "Parent Relationship": "Outer", "Join Type": "Inner", "Startup Cost": 7502.06, "Total Cost": 164107.36, "Plan Rows": 396404, "Plan Width": 29, "Inner Unique": true, "Plans": [{"Node Type": "Nested Loop", "Parent Relationship": "Outer", "Join Type": "Inner", "Startup Cost": 7502.06, "Total Cost": 21741.14, "Plan Rows": 345008, "Plan Width": 4, "Inner Unique": false, "Plans": [{"Node Type": "Seq Scan", "Parent Relationship": "Outer", "Relation Name": "info_type", "Alias": "it", "Startup Cost": 0.0, "Total Cost": 2.4, "Plan Rows": 1, "Plan Width": 4, "Filter": "((info)::text = 'bottom 10 rank'::text)"}, {"Node Type": "Bitmap Heap Scan", "Parent Relationship": "Inner", "Relation Name": "movie_info_idx", "Alias": "mi_idx", "Startup Cost": 7502.06, "Total Cost": 18288.66, "Plan Rows": 345008, "Plan Width": 8, "Recheck Cond": "(info_type_id = it.id), (LLVM Optimized)", "Plans": [{"Node Type": "Bitmap Index Scan", "Parent Relationship": "Outer", "Index Name": "info_type_id_movie_info_idx", "Startup Cost": 0.0, "Total Cost": 7415.81, "Plan Rows": 345008, "Plan Width": 0, "Index Cond": "(info_type_id = it.id)"}]}]}, {"Node Type": "Index Scan", "Parent Relationship": "Inner", "Scan Direction": "Forward", "Index Name": "title_pkey", "Relation Name": "title", "Alias": "t", "Startup Cost": 0.0, "Total Cost": 0.4, "Plan Rows": 1, "Plan Width": 25, "Index Cond": "(id = mi_idx.movie_id)", "Filter": "((production_year >= 2005) AND (production_year <= 2010))"}]}, {"Node Type": "Index Scan", "Parent Relationship": "Inner", "Scan Direction": "Forward", "Index Name": "movie_id_movie_companies", "Relation Name": "movie_companies", "Alias": "mc", "Startup Cost": 0.0, "Total Cost": 0.37, "Plan Rows": 2, "Plan Width": 32, "Index Cond": "(movie_id = mi_idx.movie_id)", "Filter": "((note)::text !~~ '%(as Metro-Goldwyn-Mayer Pictures)%'::text)"}]}]}]}, "Unique SQL Id": 1162488282, "Planner Runtime": 6}, "explain_analyze_plan": {"Plan": {"Node Type": "Aggregate", "Strategy": "Plain", "Startup Cost": 330246.45, "Total Cost": 330246.46, "Plan Rows": 1, "Plan Width": 113, "Actual Startup Time": 0.416, "Actual Total Time": 0.417, "Actual Rows": 1, "Actual Loops": 1, "Plans": [{"Node Type": "Nested Loop", "Parent Relationship": "Outer", "Join Type": "Inner", "Startup Cost": 7502.06, "Total Cost": 326890.42, "Plan Rows": 447470, "Plan Width": 45, "Actual Startup Time": 0.382, "Actual Total Time": 0.393, "Actual Rows": 3, "Actual Loops": 1, "Inner Unique": false, "Join Filter": "(mc.company_type_id = ct.id), (LLVM Optimized)", "Rows Removed by Join Filter": 63, "Plans": [{"Node Type": "Seq Scan", "Parent Relationship": "Outer", "Relation Name": "company_type", "Alias": "ct", "Startup Cost": 0.0, "Total Cost": 1.04, "Plan Rows": 1, "Plan Width": 4, "Actual Startup Time": 0.029, "Actual Total Time": 0.031, "Actual Rows": 1, "Actual Loops": 1, "Filter": "((kind)::text = 'production companies'::text)", "Rows Removed by Filter": 2}, {"Node Type": "Nested Loop", "Parent Relationship": "Inner", "Join Type": "Inner", "Startup Cost": 7502.06, "Total Cost": 320024.4, "Plan Rows": 549199, "Plan Width": 49, "Actual Startup Time": 0.187, "Actual Total Time": 0.343, "Actual Rows": 66, "Actual Loops": 1, "Inner Unique": false, "Join Filter": "(t.id = mc.movie_id), (LLVM Optimized)", "Rows Removed by Join Filter": 0, "Plans": [{"Node Type": "Nested Loop", "Parent Relationship": "Outer", "Join Type": "Inner", "Startup Cost": 7502.06, "Total Cost": 164107.36, "Plan Rows": 396404, "Plan Width": 29, "Actual Startup Time": 0.167, "Actual Total Time": 0.209, "Actual Rows": 4, "Actual Loops": 1, "Inner Unique": true, "Plans": [{"Node Type": "Nested Loop", "Parent Relationship": "Outer", "Join Type": "Inner", "Startup Cost": 7502.06, "Total Cost": 21741.14, "Plan Rows": 345008, "Plan Width": 4, "Actual Startup Time": 0.097, "Actual Total Time": 0.107, "Actual Rows": 10, "Actual Loops": 1, "Inner Unique": false, "Plans": [{"Node Type": "Seq Scan", "Parent Relationship": "Outer", "Relation Name": "info_type", "Alias": "it", "Startup Cost": 0.0, "Total Cost": 2.4, "Plan Rows": 1, "Plan Width": 4, "Actual Startup Time": 0.059, "Actual Total Time": 0.064, "Actual Rows": 1, "Actual Loops": 1, "Filter": "((info)::text = 'bottom 10 rank'::text)", "Rows Removed by Filter": 111}, {"Node Type": "Bitmap Heap Scan", "Parent Relationship": "Inner", "Relation Name": "movie_info_idx", "Alias": "mi_idx", "Startup Cost": 7502.06, "Total Cost": 18288.66, "Plan Rows": 345008, "Plan Width": 8, "Actual Startup Time": 0.033, "Actual Total Time": 0.037, "Actual Rows": 10, "Actual Loops": 1, "Recheck Cond": "(info_type_id = it.id), (LLVM Optimized)", "Rows Removed by Index Recheck": 0, "Exact Heap Blocks": 1, "Lossy Heap Blocks": 1, "Plans": [{"Node Type": "Bitmap Index Scan", "Parent Relationship": "Outer", "Index Name": "info_type_id_movie_info_idx", "Startup Cost": 0.0, "Total Cost": 7415.81, "Plan Rows": 345008, "Plan Width": 0, "Actual Startup Time": 0.017, "Actual Total Time": 0.017, "Actual Rows": 10, "Actual Loops": 1, "Index Cond": "(info_type_id = it.id)"}]}]}, {"Node Type": "Index Scan", "Parent Relationship": "Inner", "Scan Direction": "Forward", "Index Name": "title_pkey", "Relation Name": "title", "Alias": "t", "Startup Cost": 0.0, "Total Cost": 0.4, "Plan Rows": 1, "Plan Width": 25, "Actual Startup Time": 0.095, "Actual Total Time": 0.095, "Actual Rows": 4, "Actual Loops": 10, "Index Cond": "(id = mi_idx.movie_id)", "Rows Removed by Index Recheck": 0, "Filter": "((production_year >= 2005) AND (production_year <= 2010))", "Rows Removed by Filter": 6}]}, {"Node Type": "Index Scan", "Parent Relationship": "Inner", "Scan Direction": "Forward", "Index Name": "movie_id_movie_companies", "Relation Name": "movie_companies", "Alias": "mc", "Startup Cost": 0.0, "Total Cost": 0.37, "Plan Rows": 2, "Plan Width": 32, "Actual Startup Time": 0.046, "Actual Total Time": 0.106, "Actual Rows": 66, "Actual Loops": 4, "Index Cond": "(movie_id = mi_idx.movie_id)", "Rows Removed by Index Recheck": 0, "Filter": "((note)::text !~~ '%(as Metro-Goldwyn-Mayer Pictures)%'::text)", "Rows Removed by Filter": 7}]}]}]}, "Triggers": [], "Planner Runtime": 7.046, "Total Runtime": 10.374, "Unique SQL Id": 1162488282}}, "(1, '21')": {"explain_plan": {"Plan": {"Node Type": "Aggregate", "Strategy": "Plain", "Startup Cost": 330269.52, "Total Cost": 330269.53, "Plan Rows": 1, "Plan Width": 113, "Plans": [{"Node Type": "Nested Loop", "Parent Relationship": "Outer", "Join Type": "Inner", "Startup Cost": 7502.06, "Total Cost": 326913.5, "Plan Rows": 447470, "Plan Width": 45, "Inner Unique": false, "Join Filter": "(mc.company_type_id = ct.id), (LLVM Optimized)", "Plans": [{"Node Type": "Index Scan", "Parent Relationship": "Outer", "Scan Direction": "Forward", "Index Name": "company_type_pkey", "Relation Name": "company_type", "Alias": "ct", "Startup Cost": 0.0, "Total Cost": 12.3, "Plan Rows": 1, "Plan Width": 4, "Filter": "((kind)::text = 'production companies'::text)"}, {"Node Type": "Nested Loop", "Parent Relationship": "Inner", "Join Type": "Inner", "Startup Cost": 7502.06, "Total Cost": 320036.21, "Plan Rows": 549199, "Plan Width": 49, "Inner Unique": false, "Join Filter": "(t.id = mc.movie_id), (LLVM Optimized)", "Plans": [{"Node Type": "Nested Loop", "Parent Relationship": "Outer", "Join Type": "Inner", "Startup Cost": 7502.06, "Total Cost": 164119.17, "Plan Rows": 396404, "Plan Width": 29, "Inner Unique": true, "Plans": [{"Node Type": "Nested Loop", "Parent Relationship": "Outer", "Join Type": "Inner", "Startup Cost": 7502.06, "Total Cost": 21752.95, "Plan Rows": 345008, "Plan Width": 4, "Inner Unique": false, "Plans": [{"Node Type": "Index Scan", "Parent Relationship": "Outer", "Scan Direction": "Forward", "Index Name": "info_type_pkey", "Relation Name": "info_type", "Alias": "it", "Startup Cost": 0.0, "Total Cost": 14.21, "Plan Rows": 1, "Plan Width": 4, "Filter": "((info)::text = 'bottom 10 rank'::text)"}, {"Node Type": "Bitmap Heap Scan", "Parent Relationship": "Inner", "Relation Name": "movie_info_idx", "Alias": "mi_idx", "Startup Cost": 7502.06, "Total Cost": 18288.66, "Plan Rows": 345008, "Plan Width": 8, "Recheck Cond": "(info_type_id = it.id), (LLVM Optimized)", "Plans": [{"Node Type": "Bitmap Index Scan", "Parent Relationship": "Outer", "Index Name": "info_type_id_movie_info_idx", "Startup Cost": 0.0, "Total Cost": 7415.81, "Plan Rows": 345008, "Plan Width": 0, "Index Cond": "(info_type_id = it.id)"}]}]}, {"Node Type": "Index Scan", "Parent Relationship": "Inner", "Scan Direction": "Forward", "Index Name": "title_pkey", "Relation Name": "title", "Alias": "t", "Startup Cost": 0.0, "Total Cost": 0.4, "Plan Rows": 1, "Plan Width": 25, "Index Cond": "(id = mi_idx.movie_id)", "Filter": "((production_year >= 2005) AND (production_year <= 2010))"}]}, {"Node Type": "Index Scan", "Parent Relationship": "Inner", "Scan Direction": "Forward", "Index Name": "movie_id_movie_companies", "Relation Name": "movie_companies", "Alias": "mc", "Startup Cost": 0.0, "Total Cost": 0.37, "Plan Rows": 2, "Plan Width": 32, "Index Cond": "(movie_id = mi_idx.movie_id)", "Filter": "((note)::text !~~ '%(as Metro-Goldwyn-Mayer Pictures)%'::text)"}]}]}]}, "Unique SQL Id": 1162488282, "Planner Runtime": 6}, "explain_analyze_plan": {"Plan": {"Node Type": "Aggregate", "Strategy": "Plain", "Startup Cost": 330269.52, "Total Cost": 330269.53, "Plan Rows": 1, "Plan Width": 113, "Actual Startup Time": 0.354, "Actual Total Time": 0.354, "Actual Rows": 1, "Actual Loops": 1, "Plans": [{"Node Type": "Nested Loop", "Parent Relationship": "Outer", "Join Type": "Inner", "Startup Cost": 7502.06, "Total Cost": 326913.5, "Plan Rows": 447470, "Plan Width": 45, "Actual Startup Time": 0.326, "Actual Total Time": 0.336, "Actual Rows": 3, "Actual Loops": 1, "Inner Unique": false, "Join Filter": "(mc.company_type_id = ct.id), (LLVM Optimized)", "Rows Removed by Join Filter": 63, "Plans": [{"Node Type": "Index Scan", "Parent Relationship": "Outer", "Scan Direction": "Forward", "Index Name": "company_type_pkey", "Relation Name": "company_type", "Alias": "ct", "Startup Cost": 0.0, "Total Cost": 12.3, "Plan Rows": 1, "Plan Width": 4, "Actual Startup Time": 0.022, "Actual Total Time": 0.024, "Actual Rows": 1, "Actual Loops": 1, "Filter": "((kind)::text = 'production companies'::text)", "Rows Removed by Filter": 2}, {"Node Type": "Nested Loop", "Parent Relationship": "Inner", "Join Type": "Inner", "Startup Cost": 7502.06, "Total Cost": 320036.21, "Plan Rows": 549199, "Plan Width": 49, "Actual Startup Time": 0.154, "Actual Total Time": 0.29, "Actual Rows": 66, "Actual Loops": 1, "Inner Unique": false, "Join Filter": "(t.id = mc.movie_id), (LLVM Optimized)", "Rows Removed by Join Filter": 0, "Plans": [{"Node Type": "Nested Loop", "Parent Relationship": "Outer", "Join Type": "Inner", "Startup Cost": 7502.06, "Total Cost": 164119.17, "Plan Rows": 396404, "Plan Width": 29, "Actual Startup Time": 0.138, "Actual Total Time": 0.172, "Actual Rows": 4, "Actual Loops": 1, "Inner Unique": true, "Plans": [{"Node Type": "Nested Loop", "Parent Relationship": "Outer", "Join Type": "Inner", "Startup Cost": 7502.06, "Total Cost": 21752.95, "Plan Rows": 345008, "Plan Width": 4, "Actual Startup Time": 0.084, "Actual Total Time": 0.092, "Actual Rows": 10, "Actual Loops": 1, "Inner Unique": false, "Plans": [{"Node Type": "Index Scan", "Parent Relationship": "Outer", "Scan Direction": "Forward", "Index Name": "info_type_pkey", "Relation Name": "info_type", "Alias": "it", "Startup Cost": 0.0, "Total Cost": 14.21, "Plan Rows": 1, "Plan Width": 4, "Actual Startup Time": 0.057, "Actual Total Time": 0.058, "Actual Rows": 1, "Actual Loops": 1, "Filter": "((info)::text = 'bottom 10 rank'::text)", "Rows Removed by Filter": 111}, {"Node Type": "Bitmap Heap Scan", "Parent Relationship": "Inner", "Relation Name": "movie_info_idx", "Alias": "mi_idx", "Startup Cost": 7502.06, "Total Cost": 18288.66, "Plan Rows": 345008, "Plan Width": 8, "Actual Startup Time": 0.02, "Actual Total Time": 0.022, "Actual Rows": 10, "Actual Loops": 1, "Recheck Cond": "(info_type_id = it.id), (LLVM Optimized)", "Rows Removed by Index Recheck": 0, "Exact Heap Blocks": 1, "Lossy Heap Blocks": 1, "Plans": [{"Node Type": "Bitmap Index Scan", "Parent Relationship": "Outer", "Index Name": "info_type_id_movie_info_idx", "Startup Cost": 0.0, "Total Cost": 7415.81, "Plan Rows": 345008, "Plan Width": 0, "Actual Startup Time": 0.011, "Actual Total Time": 0.011, "Actual Rows": 10, "Actual Loops": 1, "Index Cond": "(info_type_id = it.id)"}]}]}, {"Node Type": "Index Scan", "Parent Relationship": "Inner", "Scan Direction": "Forward", "Index Name": "title_pkey", "Relation Name": "title", "Alias": "t", "Startup Cost": 0.0, "Total Cost": 0.4, "Plan Rows": 1, "Plan Width": 25, "Actual Startup Time": 0.072, "Actual Total Time": 0.072, "Actual Rows": 4, "Actual Loops": 10, "Index Cond": "(id = mi_idx.movie_id)", "Rows Removed by Index Recheck": 0, "Filter": "((production_year >= 2005) AND (production_year <= 2010))", "Rows Removed by Filter": 6}]}, {"Node Type": "Index Scan", "Parent Relationship": "Inner", "Scan Direction": "Forward", "Index Name": "movie_id_movie_companies", "Relation Name": "movie_companies", "Alias": "mc", "Startup Cost": 0.0, "Total Cost": 0.37, "Plan Rows": 2, "Plan Width": 32, "Actual Startup Time": 0.037, "Actual Total Time": 0.092, "Actual Rows": 66, "Actual Loops": 4, "Index Cond": "(movie_id = mi_idx.movie_id)", "Rows Removed by Index Recheck": 0, "Filter": "((note)::text !~~ '%(as Metro-Goldwyn-Mayer Pictures)%'::text)", "Rows Removed by Filter": 7}]}]}]}, "Triggers": [], "Planner Runtime": 6.507, "Total Runtime": 10.206, "Unique SQL Id": 1162488282}}, "(1, '22')": {"explain_plan": {"Plan": {"Node Type": "Aggregate", "Strategy": "Plain", "Startup Cost": 430762.63, "Total Cost": 430762.64, "Plan Rows": 1, "Plan Width": 113, "Plans": [{"Node Type": "Merge Join", "Parent Relationship": "Outer", "Join Type": "Inner", "Startup Cost": 406272.55, "Total Cost": 428272.6, "Plan Rows": 332005, "Plan Width": 45, "Inner Unique": true, "Merge Cond": "(mc.movie_id = t.id)", "Plans": [{"Node Type": "Merge Join", "Parent Relationship": "Outer", "Join Type": "Inner", "Startup Cost": 263593.72, "Total Cost": 277428.1, "Plan Rows": 501180, "Plan Width": 32, "Inner Unique": false, "Merge Cond": "(mi_idx.movie_id = mc.movie_id)", "Plans": [{"Node Type": "Sort", "Parent Relationship": "Outer", "Startup Cost": 53475.44, "Total Cost": 54337.96, "Plan Rows": 345008, "Plan Width": 4, "Sort Key": ["mi_idx.movie_id"], "Plans": [{"Node Type": "Nested Loop", "Parent Relationship": "Outer", "Join Type": "Inner", "Startup Cost": 7502.06, "Total Cost": 21741.14, "Plan Rows": 345008, "Plan Width": 4, "Inner Unique": false, "Plans": [{"Node Type": "Seq Scan", "Parent Relationship": "Outer", "Relation Name": "info_type", "Alias": "it", "Startup Cost": 0.0, "Total Cost": 2.4, "Plan Rows": 1, "Plan Width": 4, "Filter": "((info)::text = 'bottom 10 rank'::text)"}, {"Node Type": "Bitmap Heap Scan", "Parent Relationship": "Inner", "Relation Name": "movie_info_idx", "Alias": "mi_idx", "Startup Cost": 7502.06, "Total Cost": 18288.66, "Plan Rows": 345008, "Plan Width": 8, "Recheck Cond": "(info_type_id = it.id), (LLVM Optimized)", "Plans": [{"Node Type": "Bitmap Index Scan", "Parent Relationship": "Outer", "Index Name": "info_type_id_movie_info_idx", "Startup Cost": 0.0, "Total Cost": 7415.81, "Plan Rows": 345008, "Plan Width": 0, "Index Cond": "(info_type_id = it.id)"}]}]}]}, {"Node Type": "Sort", "Parent Relationship": "Inner", "Startup Cost": 210118.25, "Total Cost": 213379.54, "Plan Rows": 1304518, "Plan Width": 28, "Sort Key": ["mc.movie_id"], "Plans": [{"Node Type": "Nested Loop", "Parent Relationship": "Outer", "Join Type": "Inner", "Startup Cost": 29270.61, "Total Cost": 77611.28, "Plan Rows": 1304518, "Plan Width": 28, "Inner Unique": false, "Plans": [{"Node Type": "Seq Scan", "Parent Relationship": "Outer", "Relation Name": "company_type", "Alias": "ct", "Startup Cost": 0.0, "Total Cost": 1.04, "Plan Rows": 1, "Plan Width": 4, "Filter": "((kind)::text = 'production companies'::text)"}, {"Node Type": "Bitmap Heap Scan", "Parent Relationship": "Inner", "Relation Name": "movie_companies", "Alias": "mc", "Startup Cost": 29270.61, "Total Cost": 64565.07, "Plan Rows": 1304517, "Plan Width": 32, "Recheck Cond": "(company_type_id = ct.id), (LLVM Optimized)", "Filter": "((note)::text !~~ '%(as Metro-Goldwyn-Mayer Pictures)%'::text), (LLVM Optimized)", "Plans": [{"Node Type": "Bitmap Index Scan", "Parent Relationship": "Outer", "Index Name": "company_type_id_movie_companies", "Startup Cost": 0.0, "Total Cost": 28944.48, "Plan Rows": 1304564, "Plan Width": 0, "Index Cond": "(company_type_id = ct.id)"}]}]}]}]}, {"Node Type": "Sort", "Parent Relationship": "Inner", "Startup Cost": 142678.74, "Total Cost": 144476.84, "Plan Rows": 719240, "Plan Width": 25, "Sort Key": ["t.id"], "Plans": [{"Node Type": "Seq Scan", "Parent Relationship": "Outer", "Relation Name": "title", "Alias": "t", "Startup Cost": 2083.5, "Total Cost": 72710.67, "Plan Rows": 719240, "Plan Width": 25, "Filter": "((production_year >= 2005) AND (production_year <= 2010)), (LLVM Optimized)"}]}]}]}, "Unique SQL Id": 1162488282, "Planner Runtime": 5}, "explain_analyze_plan": {"Plan": {"Node Type": "Aggregate", "Strategy": "Plain", "Startup Cost": 430762.63, "Total Cost": 430762.64, "Plan Rows": 1, "Plan Width": 113, "Actual Startup Time": 2039.746, "Actual Total Time": 2039.747, "Actual Rows": 1, "Actual Loops": 1, "Plans": [{"Node Type": "Merge Join", "Parent Relationship": "Outer", "Join Type": "Inner", "Startup Cost": 406272.55, "Total Cost": 428272.6, "Plan Rows": 332005, "Plan Width": 45, "Actual Startup Time": 1986.946, "Actual Total Time": 2039.7, "Actual Rows": 3, "Actual Loops": 1, "Inner Unique": true, "Merge Cond": "(mc.movie_id = t.id)", "Plans": [{"Node Type": "Merge Join", "Parent Relationship": "Outer", "Join Type": "Inner", "Startup Cost": 263593.72, "Total Cost": 277428.1, "Plan Rows": 501180, "Plan Width": 32, "Actual Startup Time": 681.571, "Actual Total Time": 698.235, "Actual Rows": 5, "Actual Loops": 1, "Inner Unique": false, "Merge Cond": "(mi_idx.movie_id = mc.movie_id)", "Plans": [{"Node Type": "Sort", "Parent Relationship": "Outer", "Startup Cost": 53475.44, "Total Cost": 54337.96, "Plan Rows": 345008, "Plan Width": 4, "Actual Startup Time": 0.124, "Actual Total Time": 0.127, "Actual Rows": 10, "Actual Loops": 1, "Sort Key": ["mi_idx.movie_id"], "Sort Method": "quicksort", "Sort Space Used": 25, "Sort Space Type": "Memory", "Plans": [{"Node Type": "Nested Loop", "Parent Relationship": "Outer", "Join Type": "Inner", "Startup Cost": 7502.06, "Total Cost": 21741.14, "Plan Rows": 345008, "Plan Width": 4, "Actual Startup Time": 0.095, "Actual Total Time": 0.104, "Actual Rows": 10, "Actual Loops": 1, "Inner Unique": false, "Plans": [{"Node Type": "Seq Scan", "Parent Relationship": "Outer", "Relation Name": "info_type", "Alias": "it", "Startup Cost": 0.0, "Total Cost": 2.4, "Plan Rows": 1, "Plan Width": 4, "Actual Startup Time": 0.059, "Actual Total Time": 0.062, "Actual Rows": 1, "Actual Loops": 1, "Filter": "((info)::text = 'bottom 10 rank'::text)", "Rows Removed by Filter": 111}, {"Node Type": "Bitmap Heap Scan", "Parent Relationship": "Inner", "Relation Name": "movie_info_idx", "Alias": "mi_idx", "Startup Cost": 7502.06, "Total Cost": 18288.66, "Plan Rows": 345008, "Plan Width": 8, "Actual Startup Time": 0.029, "Actual Total Time": 0.03, "Actual Rows": 10, "Actual Loops": 1, "Recheck Cond": "(info_type_id = it.id), (LLVM Optimized, Jit Execute)", "Rows Removed by Index Recheck": 0, "Exact Heap Blocks": 1, "Lossy Heap Blocks": 1, "Plans": [{"Node Type": "Bitmap Index Scan", "Parent Relationship": "Outer", "Index Name": "info_type_id_movie_info_idx", "Startup Cost": 0.0, "Total Cost": 7415.81, "Plan Rows": 345008, "Plan Width": 0, "Actual Startup Time": 0.012, "Actual Total Time": 0.012, "Actual Rows": 10, "Actual Loops": 1, "Index Cond": "(info_type_id = it.id)"}]}]}]}, {"Node Type": "Sort", "Parent Relationship": "Inner", "Startup Cost": 210118.25, "Total Cost": 213379.54, "Plan Rows": 1304518, "Plan Width": 28, "Actual Startup Time": 665.443, "Actual Total Time": 677.816, "Actual Rows": 132371, "Actual Loops": 1, "Sort Key": ["mc.movie_id"], "Sort Method": "quicksort", "Sort Space Used": 20170, "Sort Space Type": "Memory", "Plans": [{"Node Type": "Nested Loop", "Parent Relationship": "Outer", "Join Type": "Inner", "Startup Cost": 29270.61, "Total Cost": 77611.28, "Plan Rows": 1304518, "Plan Width": 28, "Actual Startup Time": 162.515, "Actual Total Time": 614.528, "Actual Rows": 140904, "Actual Loops": 1, "Inner Unique": false, "Plans": [{"Node Type": "Seq Scan", "Parent Relationship": "Outer", "Relation Name": "company_type", "Alias": "ct", "Startup Cost": 0.0, "Total Cost": 1.04, "Plan Rows": 1, "Plan Width": 4, "Actual Startup Time": 0.008, "Actual Total Time": 0.017, "Actual Rows": 1, "Actual Loops": 1, "Filter": "((kind)::text = 'production companies'::text)", "Rows Removed by Filter": 2}, {"Node Type": "Bitmap Heap Scan", "Parent Relationship": "Inner", "Relation Name": "movie_companies", "Alias": "mc", "Startup Cost": 29270.61, "Total Cost": 64565.07, "Plan Rows": 1304517, "Plan Width": 32, "Actual Startup Time": 162.502, "Actual Total Time": 586.774, "Actual Rows": 140904, "Actual Loops": 1, "Recheck Cond": "(company_type_id = ct.id), (LLVM Optimized, Jit Execute)", "Rows Removed by Index Recheck": 0, "Filter": "((note)::text !~~ '%(as Metro-Goldwyn-Mayer Pictures)%'::text), (LLVM Optimized, Jit Execute)", "Rows Removed by Filter": 1193979, "Exact Heap Blocks": 6196, "Lossy Heap Blocks": 6196, "Plans": [{"Node Type": "Bitmap Index Scan", "Parent Relationship": "Outer", "Index Name": "company_type_id_movie_companies", "Startup Cost": 0.0, "Total Cost": 28944.48, "Plan Rows": 1304564, "Plan Width": 0, "Actual Startup Time": 161.254, "Actual Total Time": 161.254, "Actual Rows": 1334883, "Actual Loops": 1, "Index Cond": "(company_type_id = ct.id)"}]}]}]}]}, {"Node Type": "Sort", "Parent Relationship": "Inner", "Startup Cost": 142678.74, "Total Cost": 144476.84, "Plan Rows": 719240, "Plan Width": 25, "Actual Startup Time": 1127.901, "Actual Total Time": 1233.581, "Actual Rows": 669805, "Actual Loops": 1, "Sort Key": ["t.id"], "Sort Method": "quicksort", "Sort Space Used": 95710, "Sort Space Type": "Memory", "Plans": [{"Node Type": "Seq Scan", "Parent Relationship": "Outer", "Relation Name": "title", "Alias": "t", "Startup Cost": 2083.5, "Total Cost": 72710.67, "Plan Rows": 719240, "Plan Width": 25, "Actual Startup Time": 0.035, "Actual Total Time": 823.073, "Actual Rows": 716259, "Actual Loops": 1, "Filter": "((production_year >= 2005) AND (production_year <= 2010)), (LLVM Optimized, Jit Execute)", "Rows Removed by Filter": 1812052}]}]}]}, "Triggers": [], "Planner Runtime": 5.958, "Total Runtime": 2050.17, "Unique SQL Id": 1162488282}}, "(1, '23')": {"explain_plan": {"Plan": {"Node Type": "Aggregate", "Strategy": "Plain", "Startup Cost": 1000017766719.7, "Total Cost": 1000017766719.71, "Plan Rows": 1, "Plan Width": 113, "Plans": [{"Node Type": "Nested Loop", "Parent Relationship": "Outer", "Join Type": "Inner", "Startup Cost": 10000000001.08, "Total Cost": 1000017764229.67, "Plan Rows": 332005, "Plan Width": 45, "Inner Unique": true, "Plans": [{"Node Type": "Nested Loop", "Parent Relationship": "Outer", "Join Type": "Inner", "Startup Cost": 10000000000.81, "Total Cost": 1000015609438.29, "Plan Rows": 501180, "Plan Width": 32, "Inner Unique": true, "Plans": [{"Node Type": "Nested Loop", "Parent Relationship": "Outer", "Join Type": "Inner", "Startup Cost": 10000000000.55, "Total Cost": 1000012058838.99, "Plan Rows": 829046, "Plan Width": 36, "Inner Unique": false, "Plans": [{"Node Type": "Nested Loop", "Parent Relationship": "Outer", "Join Type": "Inner", "Startup Cost": 10000000000.26, "Total Cost": 1000010560383.98, "Plan Rows": 345008, "Plan Width": 4, "Inner Unique": true, "Plans": [{"Node Type": "Index Scan", "Parent Relationship": "Outer", "Scan Direction": "Forward", "Index Name": "movie_id_movie_info_idx", "Relation Name": "movie_info_idx", "Alias": "mi_idx", "Startup Cost": 10000000000.0, "Total Cost": 1000004650035.37, "Plan Rows": 1380034, "Plan Width": 8}, {"Node Type": "Bitmap Heap Scan", "Parent Relationship": "Inner", "Relation Name": "info_type", "Alias": "it", "Startup Cost": 0.26, "Total Cost": 4.27, "Plan Rows": 1, "Plan Width": 4, "Recheck Cond": "(id = mi_idx.info_type_id)", "Filter": "((info)::text = 'bottom 10 rank'::text)", "Plans": [{"Node Type": "Bitmap Index Scan", "Parent Relationship": "Outer", "Index Name": "info_type_pkey", "Startup Cost": 0.0, "Total Cost": 0.26, "Plan Rows": 1, "Plan Width": 0, "Index Cond": "(id = mi_idx.info_type_id)"}]}]}, {"Node Type": "Bitmap Heap Scan", "Parent Relationship": "Inner", "Relation Name": "movie_companies", "Alias": "mc", "Startup Cost": 0.29, "Total Cost": 4.32, "Plan Rows": 2, "Plan Width": 32, "Recheck Cond": "(movie_id = mi_idx.movie_id)", "Filter": "((note)::text !~~ '%(as Metro-Goldwyn-Mayer Pictures)%'::text)", "Plans": [{"Node Type": "Bitmap Index Scan", "Parent Relationship": "Outer", "Index Name": "movie_id_movie_companies", "Startup Cost": 0.0, "Total Cost": 0.29, "Plan Rows": 2, "Plan Width": 0, "Index Cond": "(movie_id = mi_idx.movie_id)"}]}]}, {"Node Type": "Bitmap Heap Scan", "Parent Relationship": "Inner", "Relation Name": "company_type", "Alias": "ct", "Startup Cost": 0.26, "Total Cost": 4.27, "Plan Rows": 1, "Plan Width": 4, "Recheck Cond": "(id = mc.company_type_id)", "Filter": "((kind)::text = 'production companies'::text)", "Plans": [{"Node Type": "Bitmap Index Scan", "Parent Relationship": "Outer", "Index Name": "company_type_pkey", "Startup Cost": 0.0, "Total Cost": 0.26, "Plan Rows": 1, "Plan Width": 0, "Index Cond": "(id = mc.company_type_id)"}]}]}, {"Node Type": "Bitmap Heap Scan", "Parent Relationship": "Inner", "Relation Name": "title", "Alias": "t", "Startup Cost": 0.27, "Total Cost": 4.29, "Plan Rows": 1, "Plan Width": 25, "Recheck Cond": "(id = mc.movie_id)", "Filter": "((production_year >= 2005) AND (production_year <= 2010))", "Plans": [{"Node Type": "Bitmap Index Scan", "Parent Relationship": "Outer", "Index Name": "title_pkey", "Startup Cost": 0.0, "Total Cost": 0.27, "Plan Rows": 1, "Plan Width": 0, "Index Cond": "(id = mc.movie_id)"}]}]}]}, "Unique SQL Id": 1162488282, "Planner Runtime": 4}, "explain_analyze_plan": null}, "(1, '24')": {"explain_plan": {"Plan": {"Node Type": "Aggregate", "Strategy": "Plain", "Startup Cost": 346032.47, "Total Cost": 346032.48, "Plan Rows": 1, "Plan Width": 113, "Plans": [{"Node Type": "Nested Loop", "Parent Relationship": "Outer", "Join Type": "Inner", "Startup Cost": 0.0, "Total Cost": 342676.45, "Plan Rows": 447470, "Plan Width": 45, "Inner Unique": false, "Join Filter": "(mc.company_type_id = ct.id), (LLVM Optimized)", "Plans": [{"Node Type": "Seq Scan", "Parent Relationship": "Outer", "Relation Name": "company_type", "Alias": "ct", "Startup Cost": 0.0, "Total Cost": 1.04, "Plan Rows": 1, "Plan Width": 4, "Filter": "((kind)::text = 'production companies'::text)"}, {"Node Type": "Nested Loop", "Parent Relationship": "Inner", "Join Type": "Inner", "Startup Cost": 0.0, "Total Cost": 335810.42, "Plan Rows": 549199, "Plan Width": 49, "Inner Unique": false, "Join Filter": "(t.id = mc.movie_id), (LLVM Optimized)", "Plans": [{"Node Type": "Nested Loop", "Parent Relationship": "Outer", "Join Type": "Inner", "Startup Cost": 0.0, "Total Cost": 179893.38, "Plan Rows": 396404, "Plan Width": 29, "Inner Unique": true, "Plans": [{"Node Type": "Nested Loop", "Parent Relationship": "Outer", "Join Type": "Inner", "Startup Cost": 0.0, "Total Cost": 37527.17, "Plan Rows": 345008, "Plan Width": 4, "Inner Unique": false, "Join Filter": "(it.id = mi_idx.info_type_id), (LLVM Optimized)", "Plans": [{"Node Type": "Seq Scan", "Parent Relationship": "Outer", "Relation Name": "info_type", "Alias": "it", "Startup Cost": 0.0, "Total Cost": 2.4, "Plan Rows": 1, "Plan Width": 4, "Filter": "((info)::text = 'bottom 10 rank'::text)"}, {"Node Type": "Seq Scan", "Parent Relationship": "Inner", "Relation Name": "movie_info_idx", "Alias": "mi_idx", "Startup Cost": 0.0, "Total Cost": 20274.34, "Plan Rows": 1380034, "Plan Width": 8}]}, {"Node Type": "Index Scan", "Parent Relationship": "Inner", "Scan Direction": "Forward", "Index Name": "title_pkey", "Relation Name": "title", "Alias": "t", "Startup Cost": 0.0, "Total Cost": 0.4, "Plan Rows": 1, "Plan Width": 25, "Index Cond": "(id = mi_idx.movie_id)", "Filter": "((production_year >= 2005) AND (production_year <= 2010))"}]}, {"Node Type": "Index Scan", "Parent Relationship": "Inner", "Scan Direction": "Forward", "Index Name": "movie_id_movie_companies", "Relation Name": "movie_companies", "Alias": "mc", "Startup Cost": 0.0, "Total Cost": 0.37, "Plan Rows": 2, "Plan Width": 32, "Index Cond": "(movie_id = mi_idx.movie_id)", "Filter": "((note)::text !~~ '%(as Metro-Goldwyn-Mayer Pictures)%'::text)"}]}]}]}, "Unique SQL Id": 1162488282, "Planner Runtime": 6}, "explain_analyze_plan": {"Plan": {"Node Type": "Aggregate", "Strategy": "Plain", "Startup Cost": 346032.47, "Total Cost": 346032.48, "Plan Rows": 1, "Plan Width": 113, "Actual Startup Time": 590.295, "Actual Total Time": 590.296, "Actual Rows": 1, "Actual Loops": 1, "Plans": [{"Node Type": "Nested Loop", "Parent Relationship": "Outer", "Join Type": "Inner", "Startup Cost": 0.0, "Total Cost": 342676.45, "Plan Rows": 447470, "Plan Width": 45, "Actual Startup Time": 590.241, "Actual Total Time": 590.27, "Actual Rows": 3, "Actual Loops": 1, "Inner Unique": false, "Join Filter": "(mc.company_type_id = ct.id), (LLVM Optimized, Jit Execute)", "Rows Removed by Join Filter": 63, "Plans": [{"Node Type": "Seq Scan", "Parent Relationship": "Outer", "Relation Name": "company_type", "Alias": "ct", "Startup Cost": 0.0, "Total Cost": 1.04, "Plan Rows": 1, "Plan Width": 4, "Actual Startup Time": 0.028, "Actual Total Time": 0.033, "Actual Rows": 1, "Actual Loops": 1, "Filter": "((kind)::text = 'production companies'::text)", "Rows Removed by Filter": 2}, {"Node Type": "Nested Loop", "Parent Relationship": "Inner", "Join Type": "Inner", "Startup Cost": 0.0, "Total Cost": 335810.42, "Plan Rows": 549199, "Plan Width": 49, "Actual Startup Time": 590.008, "Actual Total Time": 590.213, "Actual Rows": 66, "Actual Loops": 1, "Inner Unique": false, "Join Filter": "(t.id = mc.movie_id), (LLVM Optimized, Jit Execute)", "Rows Removed by Join Filter": 0, "Plans": [{"Node Type": "Nested Loop", "Parent Relationship": "Outer", "Join Type": "Inner", "Startup Cost": 0.0, "Total Cost": 179893.38, "Plan Rows": 396404, "Plan Width": 29, "Actual Startup Time": 589.969, "Actual Total Time": 590.038, "Actual Rows": 4, "Actual Loops": 1, "Inner Unique": true, "Plans": [{"Node Type": "Nested Loop", "Parent Relationship": "Outer", "Join Type": "Inner", "Startup Cost": 0.0, "Total Cost": 37527.17, "Plan Rows": 345008, "Plan Width": 4, "Actual Startup Time": 589.828, "Actual Total Time": 589.85, "Actual Rows": 10, "Actual Loops": 1, "Inner Unique": false, "Join Filter": "(it.id = mi_idx.info_type_id), (LLVM Optimized, Jit Execute)", "Rows Removed by Join Filter": 1380024, "Plans": [{"Node Type": "Seq Scan", "Parent Relationship": "Outer", "Relation Name": "info_type", "Alias": "it", "Startup Cost": 0.0, "Total Cost": 2.4, "Plan Rows": 1, "Plan Width": 4, "Actual Startup Time": 0.047, "Actual Total Time": 0.062, "Actual Rows": 1, "Actual Loops": 1, "Filter": "((info)::text = 'bottom 10 rank'::text)", "Rows Removed by Filter": 111}, {"Node Type": "Seq Scan", "Parent Relationship": "Inner", "Relation Name": "movie_info_idx", "Alias": "mi_idx", "Startup Cost": 0.0, "Total Cost": 20274.34, "Plan Rows": 1380034, "Plan Width": 8, "Actual Startup Time": 0.031, "Actual Total Time": 298.676, "Actual Rows": 1380034, "Actual Loops": 1}]}, {"Node Type": "Index Scan", "Parent Relationship": "Inner", "Scan Direction": "Forward", "Index Name": "title_pkey", "Relation Name": "title", "Alias": "t", "Startup Cost": 0.0, "Total Cost": 0.4, "Plan Rows": 1, "Plan Width": 25, "Actual Startup Time": 0.168, "Actual Total Time": 0.168, "Actual Rows": 4, "Actual Loops": 10, "Index Cond": "(id = mi_idx.movie_id)", "Rows Removed by Index Recheck": 0, "Filter": "((production_year >= 2005) AND (production_year <= 2010))", "Rows Removed by Filter": 6}]}, {"Node Type": "Index Scan", "Parent Relationship": "Inner", "Scan Direction": "Forward", "Index Name": "movie_id_movie_companies", "Relation Name": "movie_companies", "Alias": "mc", "Startup Cost": 0.0, "Total Cost": 0.37, "Plan Rows": 2, "Plan Width": 32, "Actual Startup Time": 0.076, "Actual Total Time": 0.142, "Actual Rows": 66, "Actual Loops": 4, "Index Cond": "(movie_id = mi_idx.movie_id)", "Rows Removed by Index Recheck": 0, "Filter": "((note)::text !~~ '%(as Metro-Goldwyn-Mayer Pictures)%'::text)", "Rows Removed by Filter": 7}]}]}]}, "Triggers": [], "Planner Runtime": 6.547, "Total Runtime": 600.148, "Unique SQL Id": 1162488282}}, "(1, '25')": {"explain_plan": {"Plan": {"Node Type": "Aggregate", "Strategy": "Plain", "Startup Cost": 343430.3, "Total Cost": 343430.31, "Plan Rows": 1, "Plan Width": 113, "Plans": [{"Node Type": "Nested Loop", "Parent Relationship": "Outer", "Join Type": "Inner", "Startup Cost": 2.77, "Total Cost": 340074.28, "Plan Rows": 447470, "Plan Width": 45, "Inner Unique": false, "Join Filter": "(mc.company_type_id = ct.id), (LLVM Optimized)", "Plans": [{"Node Type": "Index Scan", "Parent Relationship": "Outer", "Scan Direction": "Forward", "Index Name": "company_type_pkey", "Relation Name": "company_type", "Alias": "ct", "Startup Cost": 0.0, "Total Cost": 12.3, "Plan Rows": 1, "Plan Width": 4, "Filter": "((kind)::text = 'production companies'::text)"}, {"Node Type": "Merge Join", "Parent Relationship": "Inner", "Join Type": "Inner", "Startup Cost": 2.77, "Total Cost": 333196.99, "Plan Rows": 549199, "Plan Width": 49, "Inner Unique": true, "Merge Cond": "(mc.movie_id = t.id)", "Plans": [{"Node Type": "Nested Loop", "Parent Relationship": "Outer", "Join Type": "Inner", "Startup Cost": 0.0, "Total Cost": 201191.56, "Plan Rows": 829046, "Plan Width": 36, "Inner Unique": false, "Plans": [{"Node Type": "Nested Loop", "Parent Relationship": "Outer", "Join Type": "Inner", "Startup Cost": 0.0, "Total Cost": 67215.08, "Plan Rows": 345008, "Plan Width": 4, "Inner Unique": true, "Join Filter": "(it.id = mi_idx.info_type_id), (LLVM Optimized)", "Plans": [{"Node Type": "Index Scan", "Parent Relationship": "Outer", "Scan Direction": "Forward", "Index Name": "movie_id_movie_info_idx", "Relation Name": "movie_info_idx", "Alias": "mi_idx", "Startup Cost": 0.0, "Total Cost": 46500.35, "Plan Rows": 1380034, "Plan Width": 8}, {"Node Type": "Materialize", "Parent Relationship": "Inner", "Startup Cost": 0.0, "Total Cost": 14.22, "Plan Rows": 1, "Plan Width": 4, "Plans": [{"Node Type": "Index Scan", "Parent Relationship": "Outer", "Scan Direction": "Forward", "Index Name": "info_type_pkey", "Relation Name": "info_type", "Alias": "it", "Startup Cost": 0.0, "Total Cost": 14.21, "Plan Rows": 1, "Plan Width": 4, "Filter": "((info)::text = 'bottom 10 rank'::text)"}]}]}, {"Node Type": "Index Scan", "Parent Relationship": "Inner", "Scan Direction": "Forward", "Index Name": "movie_id_movie_companies", "Relation Name": "movie_companies", "Alias": "mc", "Startup Cost": 0.0, "Total Cost": 0.37, "Plan Rows": 2, "Plan Width": 32, "Index Cond": "(movie_id = mi_idx.movie_id)", "Filter": "((note)::text !~~ '%(as Metro-Goldwyn-Mayer Pictures)%'::text)"}]}, {"Node Type": "Index Scan", "Parent Relationship": "Inner", "Scan Direction": "Forward", "Index Name": "title_pkey", "Relation Name": "title", "Alias": "t", "Startup Cost": 0.0, "Total Cost": 122762.04, "Plan Rows": 719240, "Plan Width": 25, "Filter": "((production_year >= 2005) AND (production_year <= 2010)), (LLVM Optimized)"}]}]}]}, "Unique SQL Id": 1162488282, "Planner Runtime": 6}, "explain_analyze_plan": {"Plan": {"Node Type": "Aggregate", "Strategy": "Plain", "Startup Cost": 343430.3, "Total Cost": 343430.31, "Plan Rows": 1, "Plan Width": 113, "Actual Startup Time": 4409.453, "Actual Total Time": 4409.453, "Actual Rows": 1, "Actual Loops": 1, "Plans": [{"Node Type": "Nested Loop", "Parent Relationship": "Outer", "Join Type": "Inner", "Startup Cost": 2.77, "Total Cost": 340074.28, "Plan Rows": 447470, "Plan Width": 45, "Actual Startup Time": 3086.474, "Actual Total Time": 4409.42, "Actual Rows": 3, "Actual Loops": 1, "Inner Unique": false, "Join Filter": "(mc.company_type_id = ct.id), (LLVM Optimized, Jit Execute)", "Rows Removed by Join Filter": 63, "Plans": [{"Node Type": "Index Scan", "Parent Relationship": "Outer", "Scan Direction": "Forward", "Index Name": "company_type_pkey", "Relation Name": "company_type", "Alias": "ct", "Startup Cost": 0.0, "Total Cost": 12.3, "Plan Rows": 1, "Plan Width": 4, "Actual Startup Time": 0.017, "Actual Total Time": 0.025, "Actual Rows": 1, "Actual Loops": 1, "Filter": "((kind)::text = 'production companies'::text)", "Rows Removed by Filter": 2}, {"Node Type": "Merge Join", "Parent Relationship": "Inner", "Join Type": "Inner", "Startup Cost": 2.77, "Total Cost": 333196.99, "Plan Rows": 549199, "Plan Width": 49, "Actual Startup Time": 2865.571, "Actual Total Time": 4409.362, "Actual Rows": 66, "Actual Loops": 1, "Inner Unique": true, "Merge Cond": "(mc.movie_id = t.id)", "Plans": [{"Node Type": "Nested Loop", "Parent Relationship": "Outer", "Join Type": "Inner", "Startup Cost": 0.0, "Total Cost": 201191.56, "Plan Rows": 829046, "Plan Width": 36, "Actual Startup Time": 600.388, "Actual Total Time": 1351.771, "Actual Rows": 100, "Actual Loops": 1, "Inner Unique": false, "Plans": [{"Node Type": "Nested Loop", "Parent Relationship": "Outer", "Join Type": "Inner", "Startup Cost": 0.0, "Total Cost": 67215.08, "Plan Rows": 345008, "Plan Width": 4, "Actual Startup Time": 600.323, "Actual Total Time": 1351.184, "Actual Rows": 10, "Actual Loops": 1, "Inner Unique": true, "Join Filter": "(it.id = mi_idx.info_type_id), (LLVM Optimized, Jit Execute)", "Rows Removed by Join Filter": 1380024, "Plans": [{"Node Type": "Index Scan", "Parent Relationship": "Outer", "Scan Direction": "Forward", "Index Name": "movie_id_movie_info_idx", "Relation Name": "movie_info_idx", "Alias": "mi_idx", "Startup Cost": 0.0, "Total Cost": 46500.35, "Plan Rows": 1380034, "Plan Width": 8, "Actual Startup Time": 0.022, "Actual Total Time": 589.341, "Actual Rows": 1380034, "Actual Loops": 1}, {"Node Type": "Materialize", "Parent Relationship": "Inner", "Startup Cost": 0.0, "Total Cost": 14.22, "Plan Rows": 1, "Plan Width": 4, "Actual Startup Time": 114.88, "Actual Total Time": 228.587, "Actual Rows": 1380034, "Actual Loops": 1380034, "Plans": [{"Node Type": "Index Scan", "Parent Relationship": "Outer", "Scan Direction": "Forward", "Index Name": "info_type_pkey", "Relation Name": "info_type", "Alias": "it", "Startup Cost": 0.0, "Total Cost": 14.21, "Plan Rows": 1, "Plan Width": 4, "Actual Startup Time": 0.061, "Actual Total Time": 0.062, "Actual Rows": 1, "Actual Loops": 1, "Filter": "((info)::text = 'bottom 10 rank'::text)", "Rows Removed by Filter": 111}]}]}, {"Node Type": "Index Scan", "Parent Relationship": "Inner", "Scan Direction": "Forward", "Index Name": "movie_id_movie_companies", "Relation Name": "movie_companies", "Alias": "mc", "Startup Cost": 0.0, "Total Cost": 0.37, "Plan Rows": 2, "Plan Width": 32, "Actual Startup Time": 0.271, "Actual Total Time": 0.46, "Actual Rows": 100, "Actual Loops": 10, "Index Cond": "(movie_id = mi_idx.movie_id)", "Rows Removed by Index Recheck": 0, "Filter": "((note)::text !~~ '%(as Metro-Goldwyn-Mayer Pictures)%'::text)", "Rows Removed by Filter": 20}]}, {"Node Type": "Index Scan", "Parent Relationship": "Inner", "Scan Direction": "Forward", "Index Name": "title_pkey", "Relation Name": "title", "Alias": "t", "Startup Cost": 0.0, "Total Cost": 122762.04, "Plan Rows": 719240, "Plan Width": 25, "Actual Startup Time": 0.063, "Actual Total Time": 2956.261, "Actual Rows": 698261, "Actual Loops": 1, "Filter": "((production_year >= 2005) AND (production_year <= 2010)), (LLVM Optimized, Jit Execute)", "Rows Removed by Filter": 1747681}]}]}]}, "Triggers": [], "Planner Runtime": 6.259, "Total Runtime": 4419.641, "Unique SQL Id": 1162488282}}, "(1, '26')": {"explain_plan": {"Plan": {"Node Type": "Aggregate", "Strategy": "Plain", "Startup Cost": 449891.45, "Total Cost": 449891.46, "Plan Rows": 1, "Plan Width": 113, "Plans": [{"Node Type": "Merge Join", "Parent Relationship": "Outer", "Join Type": "Inner", "Startup Cost": 425401.37, "Total Cost": 447401.42, "Plan Rows": 332005, "Plan Width": 45, "Inner Unique": true, "Merge Cond": "(mc.movie_id = t.id)", "Plans": [{"Node Type": "Merge Join", "Parent Relationship": "Outer", "Join Type": "Inner", "Startup Cost": 282722.55, "Total Cost": 296556.92, "Plan Rows": 501180, "Plan Width": 32, "Inner Unique": false, "Merge Cond": "(mi_idx.movie_id = mc.movie_id)", "Plans": [{"Node Type": "Sort", "Parent Relationship": "Outer", "Startup Cost": 69261.47, "Total Cost": 70123.99, "Plan Rows": 345008, "Plan Width": 4, "Sort Key": ["mi_idx.movie_id"], "Plans": [{"Node Type": "Nested Loop", "Parent Relationship": "Outer", "Join Type": "Inner", "Startup Cost": 0.0, "Total Cost": 37527.17, "Plan Rows": 345008, "Plan Width": 4, "Inner Unique": false, "Join Filter": "(it.id = mi_idx.info_type_id), (LLVM Optimized)", "Plans": [{"Node Type": "Seq Scan", "Parent Relationship": "Outer", "Relation Name": "info_type", "Alias": "it", "Startup Cost": 0.0, "Total Cost": 2.4, "Plan Rows": 1, "Plan Width": 4, "Filter": "((info)::text = 'bottom 10 rank'::text)"}, {"Node Type": "Seq Scan", "Parent Relationship": "Inner", "Relation Name": "movie_info_idx", "Alias": "mi_idx", "Startup Cost": 0.0, "Total Cost": 20274.34, "Plan Rows": 1380034, "Plan Width": 8}]}]}, {"Node Type": "Sort", "Parent Relationship": "Inner", "Startup Cost": 213461.05, "Total Cost": 216722.34, "Plan Rows": 1304518, "Plan Width": 28, "Sort Key": ["mc.movie_id"], "Plans": [{"Node Type": "Nested Loop", "Parent Relationship": "Outer", "Join Type": "Inner", "Startup Cost": 0.0, "Total Cost": 80954.08, "Plan Rows": 1304518, "Plan Width": 28, "Inner Unique": false, "Join Filter": "(ct.id = mc.company_type_id), (LLVM Optimized)", "Plans": [{"Node Type": "Seq Scan", "Parent Relationship": "Outer", "Relation Name": "company_type", "Alias": "ct", "Startup Cost": 0.0, "Total Cost": 1.04, "Plan Rows": 1, "Plan Width": 4, "Filter": "((kind)::text = 'production companies'::text)"}, {"Node Type": "Seq Scan", "Parent Relationship": "Inner", "Relation Name": "movie_companies", "Alias": "mc", "Startup Cost": 0.0, "Total Cost": 48340.1, "Plan Rows": 2609035, "Plan Width": 32, "Filter": "((note)::text !~~ '%(as Metro-Goldwyn-Mayer Pictures)%'::text), (LLVM Optimized)"}]}]}]}, {"Node Type": "Sort", "Parent Relationship": "Inner", "Startup Cost": 142678.74, "Total Cost": 144476.84, "Plan Rows": 719240, "Plan Width": 25, "Sort Key": ["t.id"], "Plans": [{"Node Type": "Seq Scan", "Parent Relationship": "Outer", "Relation Name": "title", "Alias": "t", "Startup Cost": 2083.5, "Total Cost": 72710.67, "Plan Rows": 719240, "Plan Width": 25, "Filter": "((production_year >= 2005) AND (production_year <= 2010)), (LLVM Optimized)"}]}]}]}, "Unique SQL Id": 1162488282, "Planner Runtime": 6}, "explain_analyze_plan": {"Plan": {"Node Type": "Aggregate", "Strategy": "Plain", "Startup Cost": 449891.45, "Total Cost": 449891.46, "Plan Rows": 1, "Plan Width": 113, "Actual Startup Time": 3286.358, "Actual Total Time": 3286.359, "Actual Rows": 1, "Actual Loops": 1, "Plans": [{"Node Type": "Merge Join", "Parent Relationship": "Outer", "Join Type": "Inner", "Startup Cost": 425401.37, "Total Cost": 447401.42, "Plan Rows": 332005, "Plan Width": 45, "Actual Startup Time": 3227.199, "Actual Total Time": 3286.318, "Actual Rows": 3, "Actual Loops": 1, "Inner Unique": true, "Merge Cond": "(mc.movie_id = t.id)", "Plans": [{"Node Type": "Merge Join", "Parent Relationship": "Outer", "Join Type": "Inner", "Startup Cost": 282722.55, "Total Cost": 296556.92, "Plan Rows": 501180, "Plan Width": 32, "Actual Startup Time": 1884.695, "Actual Total Time": 1900.976, "Actual Rows": 5, "Actual Loops": 1, "Inner Unique": false, "Merge Cond": "(mi_idx.movie_id = mc.movie_id)", "Plans": [{"Node Type": "Sort", "Parent Relationship": "Outer", "Startup Cost": 69261.47, "Total Cost": 70123.99, "Plan Rows": 345008, "Plan Width": 4, "Actual Startup Time": 599.126, "Actual Total Time": 599.132, "Actual Rows": 10, "Actual Loops": 1, "Sort Key": ["mi_idx.movie_id"], "Sort Method": "quicksort", "Sort Space Used": 25, "Sort Space Type": "Memory", "Plans": [{"Node Type": "Nested Loop", "Parent Relationship": "Outer", "Join Type": "Inner", "Startup Cost": 0.0, "Total Cost": 37527.17, "Plan Rows": 345008, "Plan Width": 4, "Actual Startup Time": 599.081, "Actual Total Time": 599.103, "Actual Rows": 10, "Actual Loops": 1, "Inner Unique": false, "Join Filter": "(it.id = mi_idx.info_type_id), (LLVM Optimized, Jit Execute)", "Rows Removed by Join Filter": 1380024, "Plans": [{"Node Type": "Seq Scan", "Parent Relationship": "Outer", "Relation Name": "info_type", "Alias": "it", "Startup Cost": 0.0, "Total Cost": 2.4, "Plan Rows": 1, "Plan Width": 4, "Actual Startup Time": 0.063, "Actual Total Time": 0.08, "Actual Rows": 1, "Actual Loops": 1, "Filter": "((info)::text = 'bottom 10 rank'::text)", "Rows Removed by Filter": 111}, {"Node Type": "Seq Scan", "Parent Relationship": "Inner", "Relation Name": "movie_info_idx", "Alias": "mi_idx", "Startup Cost": 0.0, "Total Cost": 20274.34, "Plan Rows": 1380034, "Plan Width": 8, "Actual Startup Time": 0.038, "Actual Total Time": 307.831, "Actual Rows": 1380034, "Actual Loops": 1}]}]}, {"Node Type": "Sort", "Parent Relationship": "Inner", "Startup Cost": 213461.05, "Total Cost": 216722.34, "Plan Rows": 1304518, "Plan Width": 28, "Actual Startup Time": 1269.894, "Actual Total Time": 1281.673, "Actual Rows": 132371, "Actual Loops": 1, "Sort Key": ["mc.movie_id"], "Sort Method": "quicksort", "Sort Space Used": 20170, "Sort Space Type": "Memory", "Plans": [{"Node Type": "Nested Loop", "Parent Relationship": "Outer", "Join Type": "Inner", "Startup Cost": 0.0, "Total Cost": 80954.08, "Plan Rows": 1304518, "Plan Width": 28, "Actual Startup Time": 844.858, "Actual Total Time": 1218.148, "Actual Rows": 140904, "Actual Loops": 1, "Inner Unique": false, "Join Filter": "(ct.id = mc.company_type_id), (LLVM Optimized, Jit Execute)", "Rows Removed by Join Filter": 1196183, "Plans": [{"Node Type": "Seq Scan", "Parent Relationship": "Outer", "Relation Name": "company_type", "Alias": "ct", "Startup Cost": 0.0, "Total Cost": 1.04, "Plan Rows": 1, "Plan Width": 4, "Actual Startup Time": 0.024, "Actual Total Time": 0.031, "Actual Rows": 1, "Actual Loops": 1, "Filter": "((kind)::text = 'production companies'::text)", "Rows Removed by Filter": 2}, {"Node Type": "Seq Scan", "Parent Relationship": "Inner", "Relation Name": "movie_companies", "Alias": "mc", "Startup Cost": 0.0, "Total Cost": 48340.1, "Plan Rows": 2609035, "Plan Width": 32, "Actual Startup Time": 0.054, "Actual Total Time": 952.065, "Actual Rows": 1337087, "Actual Loops": 1, "Filter": "((note)::text !~~ '%(as Metro-Goldwyn-Mayer Pictures)%'::text), (LLVM Optimized, Jit Execute)", "Rows Removed by Filter": 1272041}]}]}]}, {"Node Type": "Sort", "Parent Relationship": "Inner", "Startup Cost": 142678.74, "Total Cost": 144476.84, "Plan Rows": 719240, "Plan Width": 25, "Actual Startup Time": 1153.65, "Actual Total Time": 1275.564, "Actual Rows": 669805, "Actual Loops": 1, "Sort Key": ["t.id"], "Sort Method": "quicksort", "Sort Space Used": 95710, "Sort Space Type": "Memory", "Plans": [{"Node Type": "Seq Scan", "Parent Relationship": "Outer", "Relation Name": "title", "Alias": "t", "Startup Cost": 2083.5, "Total Cost": 72710.67, "Plan Rows": 719240, "Plan Width": 25, "Actual Startup Time": 0.045, "Actual Total Time": 840.985, "Actual Rows": 716259, "Actual Loops": 1, "Filter": "((production_year >= 2005) AND (production_year <= 2010)), (LLVM Optimized, Jit Execute)", "Rows Removed by Filter": 1812052}]}]}]}, "Triggers": [], "Planner Runtime": 5.876, "Total Runtime": 3296.706, "Unique SQL Id": 1162488282}}, "(1, '27')": {"explain_plan": {"Plan": {"Node Type": "Aggregate", "Strategy": "Plain", "Startup Cost": 4996298642159.24, "Total Cost": 4996298642159.25, "Plan Rows": 1, "Plan Width": 113, "Plans": [{"Node Type": "Merge Join", "Parent Relationship": "Outer", "Join Type": "Inner", "Startup Cost": 50033501541.7, "Total Cost": 4996298639669.21, "Plan Rows": 332005, "Plan Width": 45, "Inner Unique": false, "Merge Cond": "(t.id = mi_idx.movie_id)", "Plans": [{"Node Type": "Nested Loop", "Parent Relationship": "Outer", "Join Type": "Inner", "Startup Cost": 30022023519.89, "Total Cost": 2999077645366.78, "Plan Rows": 1164716, "Plan Width": 53, "Inner Unique": true, "Join Filter": "(mc.company_type_id = ct.id), (LLVM Optimized)", "Plans": [{"Node Type": "Merge Join", "Parent Relationship": "Outer", "Join Type": "Inner", "Startup Cost": 20022023519.89, "Total Cost": 1999077618211.31, "Plan Rows": 1728348, "Plan Width": 57, "Inner Unique": false, "Merge Cond": "(t.id = mc.movie_id)", "Plans": [{"Node Type": "Index Scan", "Parent Relationship": "Outer", "Scan Direction": "Forward", "Index Name": "title_pkey", "Relation Name": "title", "Alias": "t", "Startup Cost": 10000000000.0, "Total Cost": 1000012276204.41, "Plan Rows": 719240, "Plan Width": 25, "Filter": "((production_year >= 2005) AND (production_year <= 2010)), (LLVM Optimized)"}, {"Node Type": "Index Scan", "Parent Relationship": "Inner", "Scan Direction": "Forward", "Index Name": "movie_id_movie_companies", "Relation Name": "movie_companies", "Alias": "mc", "Startup Cost": 10000000000.0, "Total Cost": 1000013704228.13, "Plan Rows": 2609035, "Plan Width": 32, "Filter": "((note)::text !~~ '%(as Metro-Goldwyn-Mayer Pictures)%'::text), (LLVM Optimized)"}]}, {"Node Type": "Materialize", "Parent Relationship": "Inner", "Startup Cost": 10000000000.0, "Total Cost": 1000000001230.26, "Plan Rows": 1, "Plan Width": 4, "Plans": [{"Node Type": "Index Scan", "Parent Relationship": "Outer", "Scan Direction": "Forward", "Index Name": "company_type_pkey", "Relation Name": "company_type", "Alias": "ct", "Startup Cost": 10000000000.0, "Total Cost": 1000000001230.25, "Plan Rows": 1, "Plan Width": 4, "Filter": "((kind)::text = 'production companies'::text)"}]}]}, {"Node Type": "Materialize", "Parent Relationship": "Inner", "Startup Cost": 20000000000.0, "Total Cost": 2000004673019.4, "Plan Rows": 345008, "Plan Width": 4, "Plans": [{"Node Type": "Nested Loop", "Parent Relationship": "Outer", "Join Type": "Inner", "Startup Cost": 20000000000.0, "Total Cost": 2000004672156.88, "Plan Rows": 345008, "Plan Width": 4, "Inner Unique": true, "Join Filter": "(it.id = mi_idx.info_type_id), (LLVM Optimized)", "Plans": [{"Node Type": "Index Scan", "Parent Relationship": "Outer", "Scan Direction": "Forward", "Index Name": "movie_id_movie_info_idx", "Relation Name": "movie_info_idx", "Alias": "mi_idx", "Startup Cost": 10000000000.0, "Total Cost": 1000004650035.37, "Plan Rows": 1380034, "Plan Width": 8}, {"Node Type": "Materialize", "Parent Relationship": "Inner", "Startup Cost": 10000000000.0, "Total Cost": 1000000001421.0, "Plan Rows": 1, "Plan Width": 4, "Plans": [{"Node Type": "Index Scan", "Parent Relationship": "Outer", "Scan Direction": "Forward", "Index Name": "info_type_pkey", "Relation Name": "info_type", "Alias": "it", "Startup Cost": 10000000000.0, "Total Cost": 1000000001421.0, "Plan Rows": 1, "Plan Width": 4, "Filter": "((info)::text = 'bottom 10 rank'::text)"}]}]}]}]}]}, "Unique SQL Id": 1162488282, "Planner Runtime": 9}, "explain_analyze_plan": null}, "(1, '28')": {"explain_plan": {"Plan": {"Node Type": "Aggregate", "Strategy": "Plain", "Startup Cost": 346032.47, "Total Cost": 346032.48, "Plan Rows": 1, "Plan Width": 113, "Plans": [{"Node Type": "Nested Loop", "Parent Relationship": "Outer", "Join Type": "Inner", "Startup Cost": 0.0, "Total Cost": 342676.45, "Plan Rows": 447470, "Plan Width": 45, "Inner Unique": false, "Join Filter": "(mc.company_type_id = ct.id), (LLVM Optimized)", "Plans": [{"Node Type": "Seq Scan", "Parent Relationship": "Outer", "Relation Name": "company_type", "Alias": "ct", "Startup Cost": 0.0, "Total Cost": 1.04, "Plan Rows": 1, "Plan Width": 4, "Filter": "((kind)::text = 'production companies'::text)"}, {"Node Type": "Nested Loop", "Parent Relationship": "Inner", "Join Type": "Inner", "Startup Cost": 0.0, "Total Cost": 335810.42, "Plan Rows": 549199, "Plan Width": 49, "Inner Unique": false, "Join Filter": "(t.id = mc.movie_id), (LLVM Optimized)", "Plans": [{"Node Type": "Nested Loop", "Parent Relationship": "Outer", "Join Type": "Inner", "Startup Cost": 0.0, "Total Cost": 179893.38, "Plan Rows": 396404, "Plan Width": 29, "Inner Unique": true, "Plans": [{"Node Type": "Nested Loop", "Parent Relationship": "Outer", "Join Type": "Inner", "Startup Cost": 0.0, "Total Cost": 37527.17, "Plan Rows": 345008, "Plan Width": 4, "Inner Unique": false, "Join Filter": "(it.id = mi_idx.info_type_id), (LLVM Optimized)", "Plans": [{"Node Type": "Seq Scan", "Parent Relationship": "Outer", "Relation Name": "info_type", "Alias": "it", "Startup Cost": 0.0, "Total Cost": 2.4, "Plan Rows": 1, "Plan Width": 4, "Filter": "((info)::text = 'bottom 10 rank'::text)"}, {"Node Type": "Seq Scan", "Parent Relationship": "Inner", "Relation Name": "movie_info_idx", "Alias": "mi_idx", "Startup Cost": 0.0, "Total Cost": 20274.34, "Plan Rows": 1380034, "Plan Width": 8}]}, {"Node Type": "Index Scan", "Parent Relationship": "Inner", "Scan Direction": "Forward", "Index Name": "title_pkey", "Relation Name": "title", "Alias": "t", "Startup Cost": 0.0, "Total Cost": 0.4, "Plan Rows": 1, "Plan Width": 25, "Index Cond": "(id = mi_idx.movie_id)", "Filter": "((production_year >= 2005) AND (production_year <= 2010))"}]}, {"Node Type": "Index Scan", "Parent Relationship": "Inner", "Scan Direction": "Forward", "Index Name": "movie_id_movie_companies", "Relation Name": "movie_companies", "Alias": "mc", "Startup Cost": 0.0, "Total Cost": 0.37, "Plan Rows": 2, "Plan Width": 32, "Index Cond": "(movie_id = mi_idx.movie_id)", "Filter": "((note)::text !~~ '%(as Metro-Goldwyn-Mayer Pictures)%'::text)"}]}]}]}, "Unique SQL Id": 1162488282, "Planner Runtime": 6}, "explain_analyze_plan": {"Plan": {"Node Type": "Aggregate", "Strategy": "Plain", "Startup Cost": 346032.47, "Total Cost": 346032.48, "Plan Rows": 1, "Plan Width": 113, "Actual Startup Time": 590.295, "Actual Total Time": 590.296, "Actual Rows": 1, "Actual Loops": 1, "Plans": [{"Node Type": "Nested Loop", "Parent Relationship": "Outer", "Join Type": "Inner", "Startup Cost": 0.0, "Total Cost": 342676.45, "Plan Rows": 447470, "Plan Width": 45, "Actual Startup Time": 590.241, "Actual Total Time": 590.27, "Actual Rows": 3, "Actual Loops": 1, "Inner Unique": false, "Join Filter": "(mc.company_type_id = ct.id), (LLVM Optimized, Jit Execute)", "Rows Removed by Join Filter": 63, "Plans": [{"Node Type": "Seq Scan", "Parent Relationship": "Outer", "Relation Name": "company_type", "Alias": "ct", "Startup Cost": 0.0, "Total Cost": 1.04, "Plan Rows": 1, "Plan Width": 4, "Actual Startup Time": 0.028, "Actual Total Time": 0.033, "Actual Rows": 1, "Actual Loops": 1, "Filter": "((kind)::text = 'production companies'::text)", "Rows Removed by Filter": 2}, {"Node Type": "Nested Loop", "Parent Relationship": "Inner", "Join Type": "Inner", "Startup Cost": 0.0, "Total Cost": 335810.42, "Plan Rows": 549199, "Plan Width": 49, "Actual Startup Time": 590.008, "Actual Total Time": 590.213, "Actual Rows": 66, "Actual Loops": 1, "Inner Unique": false, "Join Filter": "(t.id = mc.movie_id), (LLVM Optimized, Jit Execute)", "Rows Removed by Join Filter": 0, "Plans": [{"Node Type": "Nested Loop", "Parent Relationship": "Outer", "Join Type": "Inner", "Startup Cost": 0.0, "Total Cost": 179893.38, "Plan Rows": 396404, "Plan Width": 29, "Actual Startup Time": 589.969, "Actual Total Time": 590.038, "Actual Rows": 4, "Actual Loops": 1, "Inner Unique": true, "Plans": [{"Node Type": "Nested Loop", "Parent Relationship": "Outer", "Join Type": "Inner", "Startup Cost": 0.0, "Total Cost": 37527.17, "Plan Rows": 345008, "Plan Width": 4, "Actual Startup Time": 589.828, "Actual Total Time": 589.85, "Actual Rows": 10, "Actual Loops": 1, "Inner Unique": false, "Join Filter": "(it.id = mi_idx.info_type_id), (LLVM Optimized, Jit Execute)", "Rows Removed by Join Filter": 1380024, "Plans": [{"Node Type": "Seq Scan", "Parent Relationship": "Outer", "Relation Name": "info_type", "Alias": "it", "Startup Cost": 0.0, "Total Cost": 2.4, "Plan Rows": 1, "Plan Width": 4, "Actual Startup Time": 0.047, "Actual Total Time": 0.062, "Actual Rows": 1, "Actual Loops": 1, "Filter": "((info)::text = 'bottom 10 rank'::text)", "Rows Removed by Filter": 111}, {"Node Type": "Seq Scan", "Parent Relationship": "Inner", "Relation Name": "movie_info_idx", "Alias": "mi_idx", "Startup Cost": 0.0, "Total Cost": 20274.34, "Plan Rows": 1380034, "Plan Width": 8, "Actual Startup Time": 0.031, "Actual Total Time": 298.676, "Actual Rows": 1380034, "Actual Loops": 1}]}, {"Node Type": "Index Scan", "Parent Relationship": "Inner", "Scan Direction": "Forward", "Index Name": "title_pkey", "Relation Name": "title", "Alias": "t", "Startup Cost": 0.0, "Total Cost": 0.4, "Plan Rows": 1, "Plan Width": 25, "Actual Startup Time": 0.168, "Actual Total Time": 0.168, "Actual Rows": 4, "Actual Loops": 10, "Index Cond": "(id = mi_idx.movie_id)", "Rows Removed by Index Recheck": 0, "Filter": "((production_year >= 2005) AND (production_year <= 2010))", "Rows Removed by Filter": 6}]}, {"Node Type": "Index Scan", "Parent Relationship": "Inner", "Scan Direction": "Forward", "Index Name": "movie_id_movie_companies", "Relation Name": "movie_companies", "Alias": "mc", "Startup Cost": 0.0, "Total Cost": 0.37, "Plan Rows": 2, "Plan Width": 32, "Actual Startup Time": 0.076, "Actual Total Time": 0.142, "Actual Rows": 66, "Actual Loops": 4, "Index Cond": "(movie_id = mi_idx.movie_id)", "Rows Removed by Index Recheck": 0, "Filter": "((note)::text !~~ '%(as Metro-Goldwyn-Mayer Pictures)%'::text)", "Rows Removed by Filter": 7}]}]}]}, "Triggers": [], "Planner Runtime": 6.547, "Total Runtime": 600.148, "Unique SQL Id": 1162488282}}, "(1, '29')": {"explain_plan": {"Plan": {"Node Type": "Aggregate", "Strategy": "Plain", "Startup Cost": 343430.3, "Total Cost": 343430.31, "Plan Rows": 1, "Plan Width": 113, "Plans": [{"Node Type": "Nested Loop", "Parent Relationship": "Outer", "Join Type": "Inner", "Startup Cost": 2.77, "Total Cost": 340074.28, "Plan Rows": 447470, "Plan Width": 45, "Inner Unique": false, "Join Filter": "(mc.company_type_id = ct.id), (LLVM Optimized)", "Plans": [{"Node Type": "Index Scan", "Parent Relationship": "Outer", "Scan Direction": "Forward", "Index Name": "company_type_pkey", "Relation Name": "company_type", "Alias": "ct", "Startup Cost": 0.0, "Total Cost": 12.3, "Plan Rows": 1, "Plan Width": 4, "Filter": "((kind)::text = 'production companies'::text)"}, {"Node Type": "Merge Join", "Parent Relationship": "Inner", "Join Type": "Inner", "Startup Cost": 2.77, "Total Cost": 333196.99, "Plan Rows": 549199, "Plan Width": 49, "Inner Unique": true, "Merge Cond": "(mc.movie_id = t.id)", "Plans": [{"Node Type": "Nested Loop", "Parent Relationship": "Outer", "Join Type": "Inner", "Startup Cost": 0.0, "Total Cost": 201191.56, "Plan Rows": 829046, "Plan Width": 36, "Inner Unique": false, "Plans": [{"Node Type": "Nested Loop", "Parent Relationship": "Outer", "Join Type": "Inner", "Startup Cost": 0.0, "Total Cost": 67215.08, "Plan Rows": 345008, "Plan Width": 4, "Inner Unique": true, "Join Filter": "(it.id = mi_idx.info_type_id), (LLVM Optimized)", "Plans": [{"Node Type": "Index Scan", "Parent Relationship": "Outer", "Scan Direction": "Forward", "Index Name": "movie_id_movie_info_idx", "Relation Name": "movie_info_idx", "Alias": "mi_idx", "Startup Cost": 0.0, "Total Cost": 46500.35, "Plan Rows": 1380034, "Plan Width": 8}, {"Node Type": "Materialize", "Parent Relationship": "Inner", "Startup Cost": 0.0, "Total Cost": 14.22, "Plan Rows": 1, "Plan Width": 4, "Plans": [{"Node Type": "Index Scan", "Parent Relationship": "Outer", "Scan Direction": "Forward", "Index Name": "info_type_pkey", "Relation Name": "info_type", "Alias": "it", "Startup Cost": 0.0, "Total Cost": 14.21, "Plan Rows": 1, "Plan Width": 4, "Filter": "((info)::text = 'bottom 10 rank'::text)"}]}]}, {"Node Type": "Index Scan", "Parent Relationship": "Inner", "Scan Direction": "Forward", "Index Name": "movie_id_movie_companies", "Relation Name": "movie_companies", "Alias": "mc", "Startup Cost": 0.0, "Total Cost": 0.37, "Plan Rows": 2, "Plan Width": 32, "Index Cond": "(movie_id = mi_idx.movie_id)", "Filter": "((note)::text !~~ '%(as Metro-Goldwyn-Mayer Pictures)%'::text)"}]}, {"Node Type": "Index Scan", "Parent Relationship": "Inner", "Scan Direction": "Forward", "Index Name": "title_pkey", "Relation Name": "title", "Alias": "t", "Startup Cost": 0.0, "Total Cost": 122762.04, "Plan Rows": 719240, "Plan Width": 25, "Filter": "((production_year >= 2005) AND (production_year <= 2010)), (LLVM Optimized)"}]}]}]}, "Unique SQL Id": 1162488282, "Planner Runtime": 6}, "explain_analyze_plan": {"Plan": {"Node Type": "Aggregate", "Strategy": "Plain", "Startup Cost": 343430.3, "Total Cost": 343430.31, "Plan Rows": 1, "Plan Width": 113, "Actual Startup Time": 4409.453, "Actual Total Time": 4409.453, "Actual Rows": 1, "Actual Loops": 1, "Plans": [{"Node Type": "Nested Loop", "Parent Relationship": "Outer", "Join Type": "Inner", "Startup Cost": 2.77, "Total Cost": 340074.28, "Plan Rows": 447470, "Plan Width": 45, "Actual Startup Time": 3086.474, "Actual Total Time": 4409.42, "Actual Rows": 3, "Actual Loops": 1, "Inner Unique": false, "Join Filter": "(mc.company_type_id = ct.id), (LLVM Optimized, Jit Execute)", "Rows Removed by Join Filter": 63, "Plans": [{"Node Type": "Index Scan", "Parent Relationship": "Outer", "Scan Direction": "Forward", "Index Name": "company_type_pkey", "Relation Name": "company_type", "Alias": "ct", "Startup Cost": 0.0, "Total Cost": 12.3, "Plan Rows": 1, "Plan Width": 4, "Actual Startup Time": 0.017, "Actual Total Time": 0.025, "Actual Rows": 1, "Actual Loops": 1, "Filter": "((kind)::text = 'production companies'::text)", "Rows Removed by Filter": 2}, {"Node Type": "Merge Join", "Parent Relationship": "Inner", "Join Type": "Inner", "Startup Cost": 2.77, "Total Cost": 333196.99, "Plan Rows": 549199, "Plan Width": 49, "Actual Startup Time": 2865.571, "Actual Total Time": 4409.362, "Actual Rows": 66, "Actual Loops": 1, "Inner Unique": true, "Merge Cond": "(mc.movie_id = t.id)", "Plans": [{"Node Type": "Nested Loop", "Parent Relationship": "Outer", "Join Type": "Inner", "Startup Cost": 0.0, "Total Cost": 201191.56, "Plan Rows": 829046, "Plan Width": 36, "Actual Startup Time": 600.388, "Actual Total Time": 1351.771, "Actual Rows": 100, "Actual Loops": 1, "Inner Unique": false, "Plans": [{"Node Type": "Nested Loop", "Parent Relationship": "Outer", "Join Type": "Inner", "Startup Cost": 0.0, "Total Cost": 67215.08, "Plan Rows": 345008, "Plan Width": 4, "Actual Startup Time": 600.323, "Actual Total Time": 1351.184, "Actual Rows": 10, "Actual Loops": 1, "Inner Unique": true, "Join Filter": "(it.id = mi_idx.info_type_id), (LLVM Optimized, Jit Execute)", "Rows Removed by Join Filter": 1380024, "Plans": [{"Node Type": "Index Scan", "Parent Relationship": "Outer", "Scan Direction": "Forward", "Index Name": "movie_id_movie_info_idx", "Relation Name": "movie_info_idx", "Alias": "mi_idx", "Startup Cost": 0.0, "Total Cost": 46500.35, "Plan Rows": 1380034, "Plan Width": 8, "Actual Startup Time": 0.022, "Actual Total Time": 589.341, "Actual Rows": 1380034, "Actual Loops": 1}, {"Node Type": "Materialize", "Parent Relationship": "Inner", "Startup Cost": 0.0, "Total Cost": 14.22, "Plan Rows": 1, "Plan Width": 4, "Actual Startup Time": 114.88, "Actual Total Time": 228.587, "Actual Rows": 1380034, "Actual Loops": 1380034, "Plans": [{"Node Type": "Index Scan", "Parent Relationship": "Outer", "Scan Direction": "Forward", "Index Name": "info_type_pkey", "Relation Name": "info_type", "Alias": "it", "Startup Cost": 0.0, "Total Cost": 14.21, "Plan Rows": 1, "Plan Width": 4, "Actual Startup Time": 0.061, "Actual Total Time": 0.062, "Actual Rows": 1, "Actual Loops": 1, "Filter": "((info)::text = 'bottom 10 rank'::text)", "Rows Removed by Filter": 111}]}]}, {"Node Type": "Index Scan", "Parent Relationship": "Inner", "Scan Direction": "Forward", "Index Name": "movie_id_movie_companies", "Relation Name": "movie_companies", "Alias": "mc", "Startup Cost": 0.0, "Total Cost": 0.37, "Plan Rows": 2, "Plan Width": 32, "Actual Startup Time": 0.271, "Actual Total Time": 0.46, "Actual Rows": 100, "Actual Loops": 10, "Index Cond": "(movie_id = mi_idx.movie_id)", "Rows Removed by Index Recheck": 0, "Filter": "((note)::text !~~ '%(as Metro-Goldwyn-Mayer Pictures)%'::text)", "Rows Removed by Filter": 20}]}, {"Node Type": "Index Scan", "Parent Relationship": "Inner", "Scan Direction": "Forward", "Index Name": "title_pkey", "Relation Name": "title", "Alias": "t", "Startup Cost": 0.0, "Total Cost": 122762.04, "Plan Rows": 719240, "Plan Width": 25, "Actual Startup Time": 0.063, "Actual Total Time": 2956.261, "Actual Rows": 698261, "Actual Loops": 1, "Filter": "((production_year >= 2005) AND (production_year <= 2010)), (LLVM Optimized, Jit Execute)", "Rows Removed by Filter": 1747681}]}]}]}, "Triggers": [], "Planner Runtime": 6.259, "Total Runtime": 4419.641, "Unique SQL Id": 1162488282}}, "(1, '30')": {"explain_plan": {"Plan": {"Node Type": "Aggregate", "Strategy": "Plain", "Startup Cost": 449891.45, "Total Cost": 449891.46, "Plan Rows": 1, "Plan Width": 113, "Plans": [{"Node Type": "Merge Join", "Parent Relationship": "Outer", "Join Type": "Inner", "Startup Cost": 425401.37, "Total Cost": 447401.42, "Plan Rows": 332005, "Plan Width": 45, "Inner Unique": true, "Merge Cond": "(mc.movie_id = t.id)", "Plans": [{"Node Type": "Merge Join", "Parent Relationship": "Outer", "Join Type": "Inner", "Startup Cost": 282722.55, "Total Cost": 296556.92, "Plan Rows": 501180, "Plan Width": 32, "Inner Unique": false, "Merge Cond": "(mi_idx.movie_id = mc.movie_id)", "Plans": [{"Node Type": "Sort", "Parent Relationship": "Outer", "Startup Cost": 69261.47, "Total Cost": 70123.99, "Plan Rows": 345008, "Plan Width": 4, "Sort Key": ["mi_idx.movie_id"], "Plans": [{"Node Type": "Nested Loop", "Parent Relationship": "Outer", "Join Type": "Inner", "Startup Cost": 0.0, "Total Cost": 37527.17, "Plan Rows": 345008, "Plan Width": 4, "Inner Unique": false, "Join Filter": "(it.id = mi_idx.info_type_id), (LLVM Optimized)", "Plans": [{"Node Type": "Seq Scan", "Parent Relationship": "Outer", "Relation Name": "info_type", "Alias": "it", "Startup Cost": 0.0, "Total Cost": 2.4, "Plan Rows": 1, "Plan Width": 4, "Filter": "((info)::text = 'bottom 10 rank'::text)"}, {"Node Type": "Seq Scan", "Parent Relationship": "Inner", "Relation Name": "movie_info_idx", "Alias": "mi_idx", "Startup Cost": 0.0, "Total Cost": 20274.34, "Plan Rows": 1380034, "Plan Width": 8}]}]}, {"Node Type": "Sort", "Parent Relationship": "Inner", "Startup Cost": 213461.05, "Total Cost": 216722.34, "Plan Rows": 1304518, "Plan Width": 28, "Sort Key": ["mc.movie_id"], "Plans": [{"Node Type": "Nested Loop", "Parent Relationship": "Outer", "Join Type": "Inner", "Startup Cost": 0.0, "Total Cost": 80954.08, "Plan Rows": 1304518, "Plan Width": 28, "Inner Unique": false, "Join Filter": "(ct.id = mc.company_type_id), (LLVM Optimized)", "Plans": [{"Node Type": "Seq Scan", "Parent Relationship": "Outer", "Relation Name": "company_type", "Alias": "ct", "Startup Cost": 0.0, "Total Cost": 1.04, "Plan Rows": 1, "Plan Width": 4, "Filter": "((kind)::text = 'production companies'::text)"}, {"Node Type": "Seq Scan", "Parent Relationship": "Inner", "Relation Name": "movie_companies", "Alias": "mc", "Startup Cost": 0.0, "Total Cost": 48340.1, "Plan Rows": 2609035, "Plan Width": 32, "Filter": "((note)::text !~~ '%(as Metro-Goldwyn-Mayer Pictures)%'::text), (LLVM Optimized)"}]}]}]}, {"Node Type": "Sort", "Parent Relationship": "Inner", "Startup Cost": 142678.74, "Total Cost": 144476.84, "Plan Rows": 719240, "Plan Width": 25, "Sort Key": ["t.id"], "Plans": [{"Node Type": "Seq Scan", "Parent Relationship": "Outer", "Relation Name": "title", "Alias": "t", "Startup Cost": 2083.5, "Total Cost": 72710.67, "Plan Rows": 719240, "Plan Width": 25, "Filter": "((production_year >= 2005) AND (production_year <= 2010)), (LLVM Optimized)"}]}]}]}, "Unique SQL Id": 1162488282, "Planner Runtime": 5}, "explain_analyze_plan": {"Plan": {"Node Type": "Aggregate", "Strategy": "Plain", "Startup Cost": 449891.45, "Total Cost": 449891.46, "Plan Rows": 1, "Plan Width": 113, "Actual Startup Time": 3286.358, "Actual Total Time": 3286.359, "Actual Rows": 1, "Actual Loops": 1, "Plans": [{"Node Type": "Merge Join", "Parent Relationship": "Outer", "Join Type": "Inner", "Startup Cost": 425401.37, "Total Cost": 447401.42, "Plan Rows": 332005, "Plan Width": 45, "Actual Startup Time": 3227.199, "Actual Total Time": 3286.318, "Actual Rows": 3, "Actual Loops": 1, "Inner Unique": true, "Merge Cond": "(mc.movie_id = t.id)", "Plans": [{"Node Type": "Merge Join", "Parent Relationship": "Outer", "Join Type": "Inner", "Startup Cost": 282722.55, "Total Cost": 296556.92, "Plan Rows": 501180, "Plan Width": 32, "Actual Startup Time": 1884.695, "Actual Total Time": 1900.976, "Actual Rows": 5, "Actual Loops": 1, "Inner Unique": false, "Merge Cond": "(mi_idx.movie_id = mc.movie_id)", "Plans": [{"Node Type": "Sort", "Parent Relationship": "Outer", "Startup Cost": 69261.47, "Total Cost": 70123.99, "Plan Rows": 345008, "Plan Width": 4, "Actual Startup Time": 599.126, "Actual Total Time": 599.132, "Actual Rows": 10, "Actual Loops": 1, "Sort Key": ["mi_idx.movie_id"], "Sort Method": "quicksort", "Sort Space Used": 25, "Sort Space Type": "Memory", "Plans": [{"Node Type": "Nested Loop", "Parent Relationship": "Outer", "Join Type": "Inner", "Startup Cost": 0.0, "Total Cost": 37527.17, "Plan Rows": 345008, "Plan Width": 4, "Actual Startup Time": 599.081, "Actual Total Time": 599.103, "Actual Rows": 10, "Actual Loops": 1, "Inner Unique": false, "Join Filter": "(it.id = mi_idx.info_type_id), (LLVM Optimized, Jit Execute)", "Rows Removed by Join Filter": 1380024, "Plans": [{"Node Type": "Seq Scan", "Parent Relationship": "Outer", "Relation Name": "info_type", "Alias": "it", "Startup Cost": 0.0, "Total Cost": 2.4, "Plan Rows": 1, "Plan Width": 4, "Actual Startup Time": 0.063, "Actual Total Time": 0.08, "Actual Rows": 1, "Actual Loops": 1, "Filter": "((info)::text = 'bottom 10 rank'::text)", "Rows Removed by Filter": 111}, {"Node Type": "Seq Scan", "Parent Relationship": "Inner", "Relation Name": "movie_info_idx", "Alias": "mi_idx", "Startup Cost": 0.0, "Total Cost": 20274.34, "Plan Rows": 1380034, "Plan Width": 8, "Actual Startup Time": 0.038, "Actual Total Time": 307.831, "Actual Rows": 1380034, "Actual Loops": 1}]}]}, {"Node Type": "Sort", "Parent Relationship": "Inner", "Startup Cost": 213461.05, "Total Cost": 216722.34, "Plan Rows": 1304518, "Plan Width": 28, "Actual Startup Time": 1269.894, "Actual Total Time": 1281.673, "Actual Rows": 132371, "Actual Loops": 1, "Sort Key": ["mc.movie_id"], "Sort Method": "quicksort", "Sort Space Used": 20170, "Sort Space Type": "Memory", "Plans": [{"Node Type": "Nested Loop", "Parent Relationship": "Outer", "Join Type": "Inner", "Startup Cost": 0.0, "Total Cost": 80954.08, "Plan Rows": 1304518, "Plan Width": 28, "Actual Startup Time": 844.858, "Actual Total Time": 1218.148, "Actual Rows": 140904, "Actual Loops": 1, "Inner Unique": false, "Join Filter": "(ct.id = mc.company_type_id), (LLVM Optimized, Jit Execute)", "Rows Removed by Join Filter": 1196183, "Plans": [{"Node Type": "Seq Scan", "Parent Relationship": "Outer", "Relation Name": "company_type", "Alias": "ct", "Startup Cost": 0.0, "Total Cost": 1.04, "Plan Rows": 1, "Plan Width": 4, "Actual Startup Time": 0.024, "Actual Total Time": 0.031, "Actual Rows": 1, "Actual Loops": 1, "Filter": "((kind)::text = 'production companies'::text)", "Rows Removed by Filter": 2}, {"Node Type": "Seq Scan", "Parent Relationship": "Inner", "Relation Name": "movie_companies", "Alias": "mc", "Startup Cost": 0.0, "Total Cost": 48340.1, "Plan Rows": 2609035, "Plan Width": 32, "Actual Startup Time": 0.054, "Actual Total Time": 952.065, "Actual Rows": 1337087, "Actual Loops": 1, "Filter": "((note)::text !~~ '%(as Metro-Goldwyn-Mayer Pictures)%'::text), (LLVM Optimized, Jit Execute)", "Rows Removed by Filter": 1272041}]}]}]}, {"Node Type": "Sort", "Parent Relationship": "Inner", "Startup Cost": 142678.74, "Total Cost": 144476.84, "Plan Rows": 719240, "Plan Width": 25, "Actual Startup Time": 1153.65, "Actual Total Time": 1275.564, "Actual Rows": 669805, "Actual Loops": 1, "Sort Key": ["t.id"], "Sort Method": "quicksort", "Sort Space Used": 95710, "Sort Space Type": "Memory", "Plans": [{"Node Type": "Seq Scan", "Parent Relationship": "Outer", "Relation Name": "title", "Alias": "t", "Startup Cost": 2083.5, "Total Cost": 72710.67, "Plan Rows": 719240, "Plan Width": 25, "Actual Startup Time": 0.045, "Actual Total Time": 840.985, "Actual Rows": 716259, "Actual Loops": 1, "Filter": "((production_year >= 2005) AND (production_year <= 2010)), (LLVM Optimized, Jit Execute)", "Rows Removed by Filter": 1812052}]}]}]}, "Triggers": [], "Planner Runtime": 5.876, "Total Runtime": 3296.706, "Unique SQL Id": 1162488282}}, "(1, '31')": {"explain_plan": {"Plan": {"Node Type": "Aggregate", "Strategy": "Plain", "Startup Cost": 4996298642159.24, "Total Cost": 4996298642159.25, "Plan Rows": 1, "Plan Width": 113, "Plans": [{"Node Type": "Merge Join", "Parent Relationship": "Outer", "Join Type": "Inner", "Startup Cost": 50033501541.7, "Total Cost": 4996298639669.21, "Plan Rows": 332005, "Plan Width": 45, "Inner Unique": false, "Merge Cond": "(t.id = mi_idx.movie_id)", "Plans": [{"Node Type": "Nested Loop", "Parent Relationship": "Outer", "Join Type": "Inner", "Startup Cost": 30022023519.89, "Total Cost": 2999077645366.78, "Plan Rows": 1164716, "Plan Width": 53, "Inner Unique": true, "Join Filter": "(mc.company_type_id = ct.id), (LLVM Optimized)", "Plans": [{"Node Type": "Merge Join", "Parent Relationship": "Outer", "Join Type": "Inner", "Startup Cost": 20022023519.89, "Total Cost": 1999077618211.31, "Plan Rows": 1728348, "Plan Width": 57, "Inner Unique": false, "Merge Cond": "(t.id = mc.movie_id)", "Plans": [{"Node Type": "Index Scan", "Parent Relationship": "Outer", "Scan Direction": "Forward", "Index Name": "title_pkey", "Relation Name": "title", "Alias": "t", "Startup Cost": 10000000000.0, "Total Cost": 1000012276204.41, "Plan Rows": 719240, "Plan Width": 25, "Filter": "((production_year >= 2005) AND (production_year <= 2010)), (LLVM Optimized)"}, {"Node Type": "Index Scan", "Parent Relationship": "Inner", "Scan Direction": "Forward", "Index Name": "movie_id_movie_companies", "Relation Name": "movie_companies", "Alias": "mc", "Startup Cost": 10000000000.0, "Total Cost": 1000013704228.13, "Plan Rows": 2609035, "Plan Width": 32, "Filter": "((note)::text !~~ '%(as Metro-Goldwyn-Mayer Pictures)%'::text), (LLVM Optimized)"}]}, {"Node Type": "Materialize", "Parent Relationship": "Inner", "Startup Cost": 10000000000.0, "Total Cost": 1000000001230.26, "Plan Rows": 1, "Plan Width": 4, "Plans": [{"Node Type": "Index Scan", "Parent Relationship": "Outer", "Scan Direction": "Forward", "Index Name": "company_type_pkey", "Relation Name": "company_type", "Alias": "ct", "Startup Cost": 10000000000.0, "Total Cost": 1000000001230.25, "Plan Rows": 1, "Plan Width": 4, "Filter": "((kind)::text = 'production companies'::text)"}]}]}, {"Node Type": "Materialize", "Parent Relationship": "Inner", "Startup Cost": 20000000000.0, "Total Cost": 2000004673019.4, "Plan Rows": 345008, "Plan Width": 4, "Plans": [{"Node Type": "Nested Loop", "Parent Relationship": "Outer", "Join Type": "Inner", "Startup Cost": 20000000000.0, "Total Cost": 2000004672156.88, "Plan Rows": 345008, "Plan Width": 4, "Inner Unique": true, "Join Filter": "(it.id = mi_idx.info_type_id), (LLVM Optimized)", "Plans": [{"Node Type": "Index Scan", "Parent Relationship": "Outer", "Scan Direction": "Forward", "Index Name": "movie_id_movie_info_idx", "Relation Name": "movie_info_idx", "Alias": "mi_idx", "Startup Cost": 10000000000.0, "Total Cost": 1000004650035.37, "Plan Rows": 1380034, "Plan Width": 8}, {"Node Type": "Materialize", "Parent Relationship": "Inner", "Startup Cost": 10000000000.0, "Total Cost": 1000000001421.0, "Plan Rows": 1, "Plan Width": 4, "Plans": [{"Node Type": "Index Scan", "Parent Relationship": "Outer", "Scan Direction": "Forward", "Index Name": "info_type_pkey", "Relation Name": "info_type", "Alias": "it", "Startup Cost": 10000000000.0, "Total Cost": 1000000001421.0, "Plan Rows": 1, "Plan Width": 4, "Filter": "((info)::text = 'bottom 10 rank'::text)"}]}]}]}]}]}, "Unique SQL Id": 1162488282, "Planner Runtime": 9}, "explain_analyze_plan": null}, "(1, '32')": {"explain_plan": {"Plan": {"Node Type": "Aggregate", "Strategy": "Plain", "Startup Cost": 189131.4, "Total Cost": 189131.41, "Plan Rows": 1, "Plan Width": 113, "Plans": [{"Node Type": "Hash Join", "Parent Relationship": "Outer", "Join Type": "Inner", "Startup Cost": 113656.23, "Total Cost": 185775.37, "Plan Rows": 447470, "Plan Width": 45, "Inner Unique": true, "Hash Cond": "(mc.company_type_id = ct.id), (LLVM Optimized)", "Plans": [{"Node Type": "Hash Join", "Parent Relationship": "Outer", "Join Type": "Inner", "Startup Cost": 113655.18, "Total Cost": 181304.82, "Plan Rows": 549199, "Plan Width": 49, "Inner Unique": false, "Hash Cond": "(mc.movie_id = t.id), (LLVM Optimized)", "Plans": [{"Node Type": "Seq Scan", "Parent Relationship": "Outer", "Relation Name": "movie_companies", "Alias": "mc", "Startup Cost": 0.0, "Total Cost": 48340.1, "Plan Rows": 2609035, "Plan Width": 32, "Filter": "((note)::text !~~ '%(as Metro-Goldwyn-Mayer Pictures)%'::text), (LLVM Optimized)"}, {"Node Type": "Hash", "Parent Relationship": "Inner", "Startup Cost": 108700.13, "Total Cost": 108700.13, "Plan Rows": 396404, "Plan Width": 29, "Plans": [{"Node Type": "Hash Join", "Parent Relationship": "Outer", "Join Type": "Inner", "Startup Cost": 89203.23, "Total Cost": 108700.13, "Plan Rows": 396404, "Plan Width": 29, "Inner Unique": true, "Hash Cond": "(mi_idx.movie_id = t.id), (LLVM Optimized)", "Plans": [{"Node Type": "Nested Loop", "Parent Relationship": "Outer", "Join Type": "Inner", "Startup Cost": 7502.06, "Total Cost": 21741.14, "Plan Rows": 345008, "Plan Width": 4, "Inner Unique": false, "Plans": [{"Node Type": "Seq Scan", "Parent Relationship": "Outer", "Relation Name": "info_type", "Alias": "it", "Startup Cost": 0.0, "Total Cost": 2.4, "Plan Rows": 1, "Plan Width": 4, "Filter": "((info)::text = 'bottom 10 rank'::text)"}, {"Node Type": "Bitmap Heap Scan", "Parent Relationship": "Inner", "Relation Name": "movie_info_idx", "Alias": "mi_idx", "Startup Cost": 7502.06, "Total Cost": 18288.66, "Plan Rows": 345008, "Plan Width": 8, "Recheck Cond": "(info_type_id = it.id), (LLVM Optimized)", "Plans": [{"Node Type": "Bitmap Index Scan", "Parent Relationship": "Outer", "Index Name": "info_type_id_movie_info_idx", "Startup Cost": 0.0, "Total Cost": 7415.81, "Plan Rows": 345008, "Plan Width": 0, "Index Cond": "(info_type_id = it.id)"}]}]}, {"Node Type": "Hash", "Parent Relationship": "Inner", "Startup Cost": 72710.67, "Total Cost": 72710.67, "Plan Rows": 719240, "Plan Width": 25, "Plans": [{"Node Type": "Seq Scan", "Parent Relationship": "Outer", "Relation Name": "title", "Alias": "t", "Startup Cost": 2083.5, "Total Cost": 72710.67, "Plan Rows": 719240, "Plan Width": 25, "Filter": "((production_year >= 2005) AND (production_year <= 2010)), (LLVM Optimized)"}]}]}]}]}, {"Node Type": "Hash", "Parent Relationship": "Inner", "Startup Cost": 1.04, "Total Cost": 1.04, "Plan Rows": 1, "Plan Width": 4, "Plans": [{"Node Type": "Seq Scan", "Parent Relationship": "Outer", "Relation Name": "company_type", "Alias": "ct", "Startup Cost": 0.0, "Total Cost": 1.04, "Plan Rows": 1, "Plan Width": 4, "Filter": "((kind)::text = 'production companies'::text)"}]}]}]}, "Unique SQL Id": 1162488282, "Planner Runtime": 6}, "explain_analyze_plan": {"Plan": {"Node Type": "Aggregate", "Strategy": "Plain", "Startup Cost": 189131.4, "Total Cost": 189131.41, "Plan Rows": 1, "Plan Width": 113, "Actual Startup Time": 2323.246, "Actual Total Time": 2323.247, "Actual Rows": 1, "Actual Loops": 1, "Plans": [{"Node Type": "Hash Join", "Parent Relationship": "Outer", "Join Type": "Inner", "Startup Cost": 113656.23, "Total Cost": 185775.37, "Plan Rows": 447470, "Plan Width": 45, "Actual Startup Time": 2151.003, "Actual Total Time": 2323.203, "Actual Rows": 3, "Actual Loops": 1, "Inner Unique": true, "Hash Cond": "(mc.company_type_id = ct.id), (LLVM Optimized, Jit Execute)", "Plans": [{"Node Type": "Hash Join", "Parent Relationship": "Outer", "Join Type": "Inner", "Startup Cost": 113655.18, "Total Cost": 181304.82, "Plan Rows": 549199, "Plan Width": 49, "Actual Startup Time": 1492.465, "Actual Total Time": 2322.859, "Actual Rows": 66, "Actual Loops": 1, "Inner Unique": false, "Hash Cond": "(mc.movie_id = t.id), (LLVM Optimized, Jit Execute)", "Plans": [{"Node Type": "Seq Scan", "Parent Relationship": "Outer", "Relation Name": "movie_companies", "Alias": "mc", "Startup Cost": 0.0, "Total Cost": 48340.1, "Plan Rows": 2609035, "Plan Width": 32, "Actual Startup Time": 0.026, "Actual Total Time": 904.378, "Actual Rows": 1337087, "Actual Loops": 1, "Filter": "((note)::text !~~ '%(as Metro-Goldwyn-Mayer Pictures)%'::text), (LLVM Optimized, Jit Execute)", "Rows Removed by Filter": 1272041}, {"Node Type": "Hash", "Parent Relationship": "Inner", "Startup Cost": 108700.13, "Total Cost": 108700.13, "Plan Rows": 396404, "Plan Width": 29, "Actual Startup Time": 1168.669, "Actual Total Time": 1168.669, "Actual Rows": 4, "Actual Loops": 1, "Hash Buckets": 524288, "Hash Batches": 1, "Original Hash Batches": 1, "Peak Memory Usage": 1, "Plans": [{"Node Type": "Hash Join", "Parent Relationship": "Outer", "Join Type": "Inner", "Startup Cost": 89203.23, "Total Cost": 108700.13, "Plan Rows": 396404, "Plan Width": 29, "Actual Startup Time": 1168.633, "Actual Total Time": 1168.651, "Actual Rows": 4, "Actual Loops": 1, "Inner Unique": true, "Hash Cond": "(mi_idx.movie_id = t.id), (LLVM Optimized, Jit Execute)", "Plans": [{"Node Type": "Nested Loop", "Parent Relationship": "Outer", "Join Type": "Inner", "Startup Cost": 7502.06, "Total Cost": 21741.14, "Plan Rows": 345008, "Plan Width": 4, "Actual Startup Time": 0.084, "Actual Total Time": 0.105, "Actual Rows": 10, "Actual Loops": 1, "Inner Unique": false, "Plans": [{"Node Type": "Seq Scan", "Parent Relationship": "Outer", "Relation Name": "info_type", "Alias": "it", "Startup Cost": 0.0, "Total Cost": 2.4, "Plan Rows": 1, "Plan Width": 4, "Actual Startup Time": 0.046, "Actual Total Time": 0.055, "Actual Rows": 1, "Actual Loops": 1, "Filter": "((info)::text = 'bottom 10 rank'::text)", "Rows Removed by Filter": 111}, {"Node Type": "Bitmap Heap Scan", "Parent Relationship": "Inner", "Relation Name": "movie_info_idx", "Alias": "mi_idx", "Startup Cost": 7502.06, "Total Cost": 18288.66, "Plan Rows": 345008, "Plan Width": 8, "Actual Startup Time": 0.03, "Actual Total Time": 0.039, "Actual Rows": 10, "Actual Loops": 1, "Recheck Cond": "(info_type_id = it.id), (LLVM Optimized, Jit Execute)", "Rows Removed by Index Recheck": 0, "Exact Heap Blocks": 1, "Lossy Heap Blocks": 1, "Plans": [{"Node Type": "Bitmap Index Scan", "Parent Relationship": "Outer", "Index Name": "info_type_id_movie_info_idx", "Startup Cost": 0.0, "Total Cost": 7415.81, "Plan Rows": 345008, "Plan Width": 0, "Actual Startup Time": 0.017, "Actual Total Time": 0.017, "Actual Rows": 10, "Actual Loops": 1, "Index Cond": "(info_type_id = it.id)"}]}]}, {"Node Type": "Hash", "Parent Relationship": "Inner", "Startup Cost": 72710.67, "Total Cost": 72710.67, "Plan Rows": 719240, "Plan Width": 25, "Actual Startup Time": 1167.873, "Actual Total Time": 1167.873, "Actual Rows": 716259, "Actual Loops": 1, "Hash Buckets": 1048576, "Hash Batches": 1, "Original Hash Batches": 1, "Peak Memory Usage": 41052, "Plans": [{"Node Type": "Seq Scan", "Parent Relationship": "Outer", "Relation Name": "title", "Alias": "t", "Startup Cost": 2083.5, "Total Cost": 72710.67, "Plan Rows": 719240, "Plan Width": 25, "Actual Startup Time": 0.026, "Actual Total Time": 928.077, "Actual Rows": 716259, "Actual Loops": 1, "Filter": "((production_year >= 2005) AND (production_year <= 2010)), (LLVM Optimized, Jit Execute)", "Rows Removed by Filter": 1812052}]}]}]}]}, {"Node Type": "Hash", "Parent Relationship": "Inner", "Startup Cost": 1.04, "Total Cost": 1.04, "Plan Rows": 1, "Plan Width": 4, "Actual Startup Time": 0.049, "Actual Total Time": 0.049, "Actual Rows": 1, "Actual Loops": 1, "Hash Buckets": 32768, "Hash Batches": 1, "Original Hash Batches": 1, "Peak Memory Usage": 1, "Plans": [{"Node Type": "Seq Scan", "Parent Relationship": "Outer", "Relation Name": "company_type", "Alias": "ct", "Startup Cost": 0.0, "Total Cost": 1.04, "Plan Rows": 1, "Plan Width": 4, "Actual Startup Time": 0.027, "Actual Total Time": 0.03, "Actual Rows": 1, "Actual Loops": 1, "Filter": "((kind)::text = 'production companies'::text)", "Rows Removed by Filter": 2}]}]}]}, "Triggers": [], "Planner Runtime": 9.792, "Total Runtime": 2334.263, "Unique SQL Id": 1162488282}}, "(1, '33')": {"explain_plan": {"Plan": {"Node Type": "Aggregate", "Strategy": "Plain", "Startup Cost": 247822.0, "Total Cost": 247822.01, "Plan Rows": 1, "Plan Width": 113, "Plans": [{"Node Type": "Hash Join", "Parent Relationship": "Outer", "Join Type": "Inner", "Startup Cost": 163718.37, "Total Cost": 244465.97, "Plan Rows": 447470, "Plan Width": 45, "Inner Unique": false, "Hash Cond": "(mc.movie_id = t.id), (LLVM Optimized)", "Plans": [{"Node Type": "Nested Loop", "Parent Relationship": "Outer", "Join Type": "Inner", "Startup Cost": 0.0, "Total Cost": 69436.41, "Plan Rows": 1304518, "Plan Width": 28, "Inner Unique": false, "Plans": [{"Node Type": "Index Scan", "Parent Relationship": "Outer", "Scan Direction": "Forward", "Index Name": "company_type_pkey", "Relation Name": "company_type", "Alias": "ct", "Startup Cost": 0.0, "Total Cost": 12.3, "Plan Rows": 1, "Plan Width": 4, "Filter": "((kind)::text = 'production companies'::text)"}, {"Node Type": "Index Scan", "Parent Relationship": "Inner", "Scan Direction": "Forward", "Index Name": "company_type_id_movie_companies", "Relation Name": "movie_companies", "Alias": "mc", "Startup Cost": 0.0, "Total Cost": 56378.94, "Plan Rows": 1304517, "Plan Width": 32, "Index Cond": "(company_type_id = ct.id), (LLVM Optimized)", "Filter": "((note)::text !~~ '%(as Metro-Goldwyn-Mayer Pictures)%'::text), (LLVM Optimized)"}]}, {"Node Type": "Hash", "Parent Relationship": "Inner", "Startup Cost": 158763.32, "Total Cost": 158763.32, "Plan Rows": 396404, "Plan Width": 29, "Plans": [{"Node Type": "Hash Join", "Parent Relationship": "Outer", "Join Type": "Inner", "Startup Cost": 139254.61, "Total Cost": 158763.32, "Plan Rows": 396404, "Plan Width": 29, "Inner Unique": true, "Hash Cond": "(mi_idx.movie_id = t.id), (LLVM Optimized)", "Plans": [{"Node Type": "Nested Loop", "Parent Relationship": "Outer", "Join Type": "Inner", "Startup Cost": 7502.06, "Total Cost": 21752.95, "Plan Rows": 345008, "Plan Width": 4, "Inner Unique": false, "Plans": [{"Node Type": "Index Scan", "Parent Relationship": "Outer", "Scan Direction": "Forward", "Index Name": "info_type_pkey", "Relation Name": "info_type", "Alias": "it", "Startup Cost": 0.0, "Total Cost": 14.21, "Plan Rows": 1, "Plan Width": 4, "Filter": "((info)::text = 'bottom 10 rank'::text)"}, {"Node Type": "Bitmap Heap Scan", "Parent Relationship": "Inner", "Relation Name": "movie_info_idx", "Alias": "mi_idx", "Startup Cost": 7502.06, "Total Cost": 18288.66, "Plan Rows": 345008, "Plan Width": 8, "Recheck Cond": "(info_type_id = it.id), (LLVM Optimized)", "Plans": [{"Node Type": "Bitmap Index Scan", "Parent Relationship": "Outer", "Index Name": "info_type_id_movie_info_idx", "Startup Cost": 0.0, "Total Cost": 7415.81, "Plan Rows": 345008, "Plan Width": 0, "Index Cond": "(info_type_id = it.id)"}]}]}, {"Node Type": "Hash", "Parent Relationship": "Inner", "Startup Cost": 122762.04, "Total Cost": 122762.04, "Plan Rows": 719240, "Plan Width": 25, "Plans": [{"Node Type": "Index Scan", "Parent Relationship": "Outer", "Scan Direction": "Forward", "Index Name": "title_pkey", "Relation Name": "title", "Alias": "t", "Startup Cost": 0.0, "Total Cost": 122762.04, "Plan Rows": 719240, "Plan Width": 25, "Filter": "((production_year >= 2005) AND (production_year <= 2010)), (LLVM Optimized)"}]}]}]}]}]}, "Unique SQL Id": 1162488282, "Planner Runtime": 5}, "explain_analyze_plan": {"Plan": {"Node Type": "Aggregate", "Strategy": "Plain", "Startup Cost": 247822.0, "Total Cost": 247822.01, "Plan Rows": 1, "Plan Width": 113, "Actual Startup Time": 4160.762, "Actual Total Time": 4160.762, "Actual Rows": 1, "Actual Loops": 1, "Plans": [{"Node Type": "Hash Join", "Parent Relationship": "Outer", "Join Type": "Inner", "Startup Cost": 163718.37, "Total Cost": 244465.97, "Plan Rows": 447470, "Plan Width": 45, "Actual Startup Time": 3832.302, "Actual Total Time": 4160.644, "Actual Rows": 3, "Actual Loops": 1, "Inner Unique": false, "Hash Cond": "(mc.movie_id = t.id), (LLVM Optimized, Jit Execute)", "Plans": [{"Node Type": "Nested Loop", "Parent Relationship": "Outer", "Join Type": "Inner", "Startup Cost": 0.0, "Total Cost": 69436.41, "Plan Rows": 1304518, "Plan Width": 28, "Actual Startup Time": 0.115, "Actual Total Time": 660.605, "Actual Rows": 140904, "Actual Loops": 1, "Inner Unique": false, "Plans": [{"Node Type": "Index Scan", "Parent Relationship": "Outer", "Scan Direction": "Forward", "Index Name": "company_type_pkey", "Relation Name": "company_type", "Alias": "ct", "Startup Cost": 0.0, "Total Cost": 12.3, "Plan Rows": 1, "Plan Width": 4, "Actual Startup Time": 0.029, "Actual Total Time": 0.039, "Actual Rows": 1, "Actual Loops": 1, "Filter": "((kind)::text = 'production companies'::text)", "Rows Removed by Filter": 2}, {"Node Type": "Index Scan", "Parent Relationship": "Inner", "Scan Direction": "Forward", "Index Name": "company_type_id_movie_companies", "Relation Name": "movie_companies", "Alias": "mc", "Startup Cost": 0.0, "Total Cost": 56378.94, "Plan Rows": 1304517, "Plan Width": 32, "Actual Startup Time": 0.081, "Actual Total Time": 632.434, "Actual Rows": 140904, "Actual Loops": 1, "Index Cond": "(company_type_id = ct.id), (LLVM Optimized, Jit Execute)", "Rows Removed by Index Recheck": 0, "Filter": "((note)::text !~~ '%(as Metro-Goldwyn-Mayer Pictures)%'::text), (LLVM Optimized, Jit Execute)", "Rows Removed by Filter": 1193979}]}, {"Node Type": "Hash", "Parent Relationship": "Inner", "Startup Cost": 158763.32, "Total Cost": 158763.32, "Plan Rows": 396404, "Plan Width": 29, "Actual Startup Time": 3468.773, "Actual Total Time": 3468.773, "Actual Rows": 4, "Actual Loops": 1, "Hash Buckets": 524288, "Hash Batches": 1, "Original Hash Batches": 1, "Peak Memory Usage": 1, "Plans": [{"Node Type": "Hash Join", "Parent Relationship": "Outer", "Join Type": "Inner", "Startup Cost": 139254.61, "Total Cost": 158763.32, "Plan Rows": 396404, "Plan Width": 29, "Actual Startup Time": 3468.757, "Actual Total Time": 3468.767, "Actual Rows": 4, "Actual Loops": 1, "Inner Unique": true, "Hash Cond": "(mi_idx.movie_id = t.id), (LLVM Optimized, Jit Execute)", "Plans": [{"Node Type": "Nested Loop", "Parent Relationship": "Outer", "Join Type": "Inner", "Startup Cost": 7502.06, "Total Cost": 21752.95, "Plan Rows": 345008, "Plan Width": 4, "Actual Startup Time": 0.092, "Actual Total Time": 0.104, "Actual Rows": 10, "Actual Loops": 1, "Inner Unique": false, "Plans": [{"Node Type": "Index Scan", "Parent Relationship": "Outer", "Scan Direction": "Forward", "Index Name": "info_type_pkey", "Relation Name": "info_type", "Alias": "it", "Startup Cost": 0.0, "Total Cost": 14.21, "Plan Rows": 1, "Plan Width": 4, "Actual Startup Time": 0.06, "Actual Total Time": 0.062, "Actual Rows": 1, "Actual Loops": 1, "Filter": "((info)::text = 'bottom 10 rank'::text)", "Rows Removed by Filter": 111}, {"Node Type": "Bitmap Heap Scan", "Parent Relationship": "Inner", "Relation Name": "movie_info_idx", "Alias": "mi_idx", "Startup Cost": 7502.06, "Total Cost": 18288.66, "Plan Rows": 345008, "Plan Width": 8, "Actual Startup Time": 0.026, "Actual Total Time": 0.031, "Actual Rows": 10, "Actual Loops": 1, "Recheck Cond": "(info_type_id = it.id), (LLVM Optimized, Jit Execute)", "Rows Removed by Index Recheck": 0, "Exact Heap Blocks": 1, "Lossy Heap Blocks": 1, "Plans": [{"Node Type": "Bitmap Index Scan", "Parent Relationship": "Outer", "Index Name": "info_type_id_movie_info_idx", "Startup Cost": 0.0, "Total Cost": 7415.81, "Plan Rows": 345008, "Plan Width": 0, "Actual Startup Time": 0.012, "Actual Total Time": 0.012, "Actual Rows": 10, "Actual Loops": 1, "Index Cond": "(info_type_id = it.id)"}]}]}, {"Node Type": "Hash", "Parent Relationship": "Inner", "Startup Cost": 122762.04, "Total Cost": 122762.04, "Plan Rows": 719240, "Plan Width": 25, "Actual Startup Time": 3467.963, "Actual Total Time": 3467.963, "Actual Rows": 716259, "Actual Loops": 1, "Hash Buckets": 1048576, "Hash Batches": 1, "Original Hash Batches": 1, "Peak Memory Usage": 41052, "Plans": [{"Node Type": "Index Scan", "Parent Relationship": "Outer", "Scan Direction": "Forward", "Index Name": "title_pkey", "Relation Name": "title", "Alias": "t", "Startup Cost": 0.0, "Total Cost": 122762.04, "Plan Rows": 719240, "Plan Width": 25, "Actual Startup Time": 0.027, "Actual Total Time": 3132.968, "Actual Rows": 716259, "Actual Loops": 1, "Filter": "((production_year >= 2005) AND (production_year <= 2010)), (LLVM Optimized, Jit Execute)", "Rows Removed by Filter": 1812052}]}]}]}]}]}, "Triggers": [], "Planner Runtime": 9.22, "Total Runtime": 4171.802, "Unique SQL Id": 1162488282}}, "(1, '34')": {"explain_plan": {"Plan": {"Node Type": "Aggregate", "Strategy": "Plain", "Startup Cost": 189131.4, "Total Cost": 189131.41, "Plan Rows": 1, "Plan Width": 113, "Plans": [{"Node Type": "Hash Join", "Parent Relationship": "Outer", "Join Type": "Inner", "Startup Cost": 113656.23, "Total Cost": 185775.37, "Plan Rows": 447470, "Plan Width": 45, "Inner Unique": true, "Hash Cond": "(mc.company_type_id = ct.id), (LLVM Optimized)", "Plans": [{"Node Type": "Hash Join", "Parent Relationship": "Outer", "Join Type": "Inner", "Startup Cost": 113655.18, "Total Cost": 181304.82, "Plan Rows": 549199, "Plan Width": 49, "Inner Unique": false, "Hash Cond": "(mc.movie_id = t.id), (LLVM Optimized)", "Plans": [{"Node Type": "Seq Scan", "Parent Relationship": "Outer", "Relation Name": "movie_companies", "Alias": "mc", "Startup Cost": 0.0, "Total Cost": 48340.1, "Plan Rows": 2609035, "Plan Width": 32, "Filter": "((note)::text !~~ '%(as Metro-Goldwyn-Mayer Pictures)%'::text), (LLVM Optimized)"}, {"Node Type": "Hash", "Parent Relationship": "Inner", "Startup Cost": 108700.13, "Total Cost": 108700.13, "Plan Rows": 396404, "Plan Width": 29, "Plans": [{"Node Type": "Hash Join", "Parent Relationship": "Outer", "Join Type": "Inner", "Startup Cost": 89203.23, "Total Cost": 108700.13, "Plan Rows": 396404, "Plan Width": 29, "Inner Unique": true, "Hash Cond": "(mi_idx.movie_id = t.id), (LLVM Optimized)", "Plans": [{"Node Type": "Nested Loop", "Parent Relationship": "Outer", "Join Type": "Inner", "Startup Cost": 7502.06, "Total Cost": 21741.14, "Plan Rows": 345008, "Plan Width": 4, "Inner Unique": false, "Plans": [{"Node Type": "Seq Scan", "Parent Relationship": "Outer", "Relation Name": "info_type", "Alias": "it", "Startup Cost": 0.0, "Total Cost": 2.4, "Plan Rows": 1, "Plan Width": 4, "Filter": "((info)::text = 'bottom 10 rank'::text)"}, {"Node Type": "Bitmap Heap Scan", "Parent Relationship": "Inner", "Relation Name": "movie_info_idx", "Alias": "mi_idx", "Startup Cost": 7502.06, "Total Cost": 18288.66, "Plan Rows": 345008, "Plan Width": 8, "Recheck Cond": "(info_type_id = it.id), (LLVM Optimized)", "Plans": [{"Node Type": "Bitmap Index Scan", "Parent Relationship": "Outer", "Index Name": "info_type_id_movie_info_idx", "Startup Cost": 0.0, "Total Cost": 7415.81, "Plan Rows": 345008, "Plan Width": 0, "Index Cond": "(info_type_id = it.id)"}]}]}, {"Node Type": "Hash", "Parent Relationship": "Inner", "Startup Cost": 72710.67, "Total Cost": 72710.67, "Plan Rows": 719240, "Plan Width": 25, "Plans": [{"Node Type": "Seq Scan", "Parent Relationship": "Outer", "Relation Name": "title", "Alias": "t", "Startup Cost": 2083.5, "Total Cost": 72710.67, "Plan Rows": 719240, "Plan Width": 25, "Filter": "((production_year >= 2005) AND (production_year <= 2010)), (LLVM Optimized)"}]}]}]}]}, {"Node Type": "Hash", "Parent Relationship": "Inner", "Startup Cost": 1.04, "Total Cost": 1.04, "Plan Rows": 1, "Plan Width": 4, "Plans": [{"Node Type": "Seq Scan", "Parent Relationship": "Outer", "Relation Name": "company_type", "Alias": "ct", "Startup Cost": 0.0, "Total Cost": 1.04, "Plan Rows": 1, "Plan Width": 4, "Filter": "((kind)::text = 'production companies'::text)"}]}]}]}, "Unique SQL Id": 1162488282, "Planner Runtime": 6}, "explain_analyze_plan": {"Plan": {"Node Type": "Aggregate", "Strategy": "Plain", "Startup Cost": 189131.4, "Total Cost": 189131.41, "Plan Rows": 1, "Plan Width": 113, "Actual Startup Time": 2323.246, "Actual Total Time": 2323.247, "Actual Rows": 1, "Actual Loops": 1, "Plans": [{"Node Type": "Hash Join", "Parent Relationship": "Outer", "Join Type": "Inner", "Startup Cost": 113656.23, "Total Cost": 185775.37, "Plan Rows": 447470, "Plan Width": 45, "Actual Startup Time": 2151.003, "Actual Total Time": 2323.203, "Actual Rows": 3, "Actual Loops": 1, "Inner Unique": true, "Hash Cond": "(mc.company_type_id = ct.id), (LLVM Optimized, Jit Execute)", "Plans": [{"Node Type": "Hash Join", "Parent Relationship": "Outer", "Join Type": "Inner", "Startup Cost": 113655.18, "Total Cost": 181304.82, "Plan Rows": 549199, "Plan Width": 49, "Actual Startup Time": 1492.465, "Actual Total Time": 2322.859, "Actual Rows": 66, "Actual Loops": 1, "Inner Unique": false, "Hash Cond": "(mc.movie_id = t.id), (LLVM Optimized, Jit Execute)", "Plans": [{"Node Type": "Seq Scan", "Parent Relationship": "Outer", "Relation Name": "movie_companies", "Alias": "mc", "Startup Cost": 0.0, "Total Cost": 48340.1, "Plan Rows": 2609035, "Plan Width": 32, "Actual Startup Time": 0.026, "Actual Total Time": 904.378, "Actual Rows": 1337087, "Actual Loops": 1, "Filter": "((note)::text !~~ '%(as Metro-Goldwyn-Mayer Pictures)%'::text), (LLVM Optimized, Jit Execute)", "Rows Removed by Filter": 1272041}, {"Node Type": "Hash", "Parent Relationship": "Inner", "Startup Cost": 108700.13, "Total Cost": 108700.13, "Plan Rows": 396404, "Plan Width": 29, "Actual Startup Time": 1168.669, "Actual Total Time": 1168.669, "Actual Rows": 4, "Actual Loops": 1, "Hash Buckets": 524288, "Hash Batches": 1, "Original Hash Batches": 1, "Peak Memory Usage": 1, "Plans": [{"Node Type": "Hash Join", "Parent Relationship": "Outer", "Join Type": "Inner", "Startup Cost": 89203.23, "Total Cost": 108700.13, "Plan Rows": 396404, "Plan Width": 29, "Actual Startup Time": 1168.633, "Actual Total Time": 1168.651, "Actual Rows": 4, "Actual Loops": 1, "Inner Unique": true, "Hash Cond": "(mi_idx.movie_id = t.id), (LLVM Optimized, Jit Execute)", "Plans": [{"Node Type": "Nested Loop", "Parent Relationship": "Outer", "Join Type": "Inner", "Startup Cost": 7502.06, "Total Cost": 21741.14, "Plan Rows": 345008, "Plan Width": 4, "Actual Startup Time": 0.084, "Actual Total Time": 0.105, "Actual Rows": 10, "Actual Loops": 1, "Inner Unique": false, "Plans": [{"Node Type": "Seq Scan", "Parent Relationship": "Outer", "Relation Name": "info_type", "Alias": "it", "Startup Cost": 0.0, "Total Cost": 2.4, "Plan Rows": 1, "Plan Width": 4, "Actual Startup Time": 0.046, "Actual Total Time": 0.055, "Actual Rows": 1, "Actual Loops": 1, "Filter": "((info)::text = 'bottom 10 rank'::text)", "Rows Removed by Filter": 111}, {"Node Type": "Bitmap Heap Scan", "Parent Relationship": "Inner", "Relation Name": "movie_info_idx", "Alias": "mi_idx", "Startup Cost": 7502.06, "Total Cost": 18288.66, "Plan Rows": 345008, "Plan Width": 8, "Actual Startup Time": 0.03, "Actual Total Time": 0.039, "Actual Rows": 10, "Actual Loops": 1, "Recheck Cond": "(info_type_id = it.id), (LLVM Optimized, Jit Execute)", "Rows Removed by Index Recheck": 0, "Exact Heap Blocks": 1, "Lossy Heap Blocks": 1, "Plans": [{"Node Type": "Bitmap Index Scan", "Parent Relationship": "Outer", "Index Name": "info_type_id_movie_info_idx", "Startup Cost": 0.0, "Total Cost": 7415.81, "Plan Rows": 345008, "Plan Width": 0, "Actual Startup Time": 0.017, "Actual Total Time": 0.017, "Actual Rows": 10, "Actual Loops": 1, "Index Cond": "(info_type_id = it.id)"}]}]}, {"Node Type": "Hash", "Parent Relationship": "Inner", "Startup Cost": 72710.67, "Total Cost": 72710.67, "Plan Rows": 719240, "Plan Width": 25, "Actual Startup Time": 1167.873, "Actual Total Time": 1167.873, "Actual Rows": 716259, "Actual Loops": 1, "Hash Buckets": 1048576, "Hash Batches": 1, "Original Hash Batches": 1, "Peak Memory Usage": 41052, "Plans": [{"Node Type": "Seq Scan", "Parent Relationship": "Outer", "Relation Name": "title", "Alias": "t", "Startup Cost": 2083.5, "Total Cost": 72710.67, "Plan Rows": 719240, "Plan Width": 25, "Actual Startup Time": 0.026, "Actual Total Time": 928.077, "Actual Rows": 716259, "Actual Loops": 1, "Filter": "((production_year >= 2005) AND (production_year <= 2010)), (LLVM Optimized, Jit Execute)", "Rows Removed by Filter": 1812052}]}]}]}]}, {"Node Type": "Hash", "Parent Relationship": "Inner", "Startup Cost": 1.04, "Total Cost": 1.04, "Plan Rows": 1, "Plan Width": 4, "Actual Startup Time": 0.049, "Actual Total Time": 0.049, "Actual Rows": 1, "Actual Loops": 1, "Hash Buckets": 32768, "Hash Batches": 1, "Original Hash Batches": 1, "Peak Memory Usage": 1, "Plans": [{"Node Type": "Seq Scan", "Parent Relationship": "Outer", "Relation Name": "company_type", "Alias": "ct", "Startup Cost": 0.0, "Total Cost": 1.04, "Plan Rows": 1, "Plan Width": 4, "Actual Startup Time": 0.027, "Actual Total Time": 0.03, "Actual Rows": 1, "Actual Loops": 1, "Filter": "((kind)::text = 'production companies'::text)", "Rows Removed by Filter": 2}]}]}]}, "Triggers": [], "Planner Runtime": 9.792, "Total Runtime": 2334.263, "Unique SQL Id": 1162488282}}, "(1, '35')": {"explain_plan": {"Plan": {"Node Type": "Aggregate", "Strategy": "Plain", "Startup Cost": 1000017766719.7, "Total Cost": 1000017766719.71, "Plan Rows": 1, "Plan Width": 113, "Plans": [{"Node Type": "Nested Loop", "Parent Relationship": "Outer", "Join Type": "Inner", "Startup Cost": 10000000001.08, "Total Cost": 1000017764229.67, "Plan Rows": 332005, "Plan Width": 45, "Inner Unique": true, "Plans": [{"Node Type": "Nested Loop", "Parent Relationship": "Outer", "Join Type": "Inner", "Startup Cost": 10000000000.81, "Total Cost": 1000015609438.29, "Plan Rows": 501180, "Plan Width": 32, "Inner Unique": true, "Plans": [{"Node Type": "Nested Loop", "Parent Relationship": "Outer", "Join Type": "Inner", "Startup Cost": 10000000000.55, "Total Cost": 1000012058838.99, "Plan Rows": 829046, "Plan Width": 36, "Inner Unique": false, "Plans": [{"Node Type": "Nested Loop", "Parent Relationship": "Outer", "Join Type": "Inner", "Startup Cost": 10000000000.26, "Total Cost": 1000010560383.98, "Plan Rows": 345008, "Plan Width": 4, "Inner Unique": true, "Plans": [{"Node Type": "Index Scan", "Parent Relationship": "Outer", "Scan Direction": "Forward", "Index Name": "movie_id_movie_info_idx", "Relation Name": "movie_info_idx", "Alias": "mi_idx", "Startup Cost": 10000000000.0, "Total Cost": 1000004650035.37, "Plan Rows": 1380034, "Plan Width": 8}, {"Node Type": "Bitmap Heap Scan", "Parent Relationship": "Inner", "Relation Name": "info_type", "Alias": "it", "Startup Cost": 0.26, "Total Cost": 4.27, "Plan Rows": 1, "Plan Width": 4, "Recheck Cond": "(id = mi_idx.info_type_id)", "Filter": "((info)::text = 'bottom 10 rank'::text)", "Plans": [{"Node Type": "Bitmap Index Scan", "Parent Relationship": "Outer", "Index Name": "info_type_pkey", "Startup Cost": 0.0, "Total Cost": 0.26, "Plan Rows": 1, "Plan Width": 0, "Index Cond": "(id = mi_idx.info_type_id)"}]}]}, {"Node Type": "Bitmap Heap Scan", "Parent Relationship": "Inner", "Relation Name": "movie_companies", "Alias": "mc", "Startup Cost": 0.29, "Total Cost": 4.32, "Plan Rows": 2, "Plan Width": 32, "Recheck Cond": "(movie_id = mi_idx.movie_id)", "Filter": "((note)::text !~~ '%(as Metro-Goldwyn-Mayer Pictures)%'::text)", "Plans": [{"Node Type": "Bitmap Index Scan", "Parent Relationship": "Outer", "Index Name": "movie_id_movie_companies", "Startup Cost": 0.0, "Total Cost": 0.29, "Plan Rows": 2, "Plan Width": 0, "Index Cond": "(movie_id = mi_idx.movie_id)"}]}]}, {"Node Type": "Bitmap Heap Scan", "Parent Relationship": "Inner", "Relation Name": "company_type", "Alias": "ct", "Startup Cost": 0.26, "Total Cost": 4.27, "Plan Rows": 1, "Plan Width": 4, "Recheck Cond": "(id = mc.company_type_id)", "Filter": "((kind)::text = 'production companies'::text)", "Plans": [{"Node Type": "Bitmap Index Scan", "Parent Relationship": "Outer", "Index Name": "company_type_pkey", "Startup Cost": 0.0, "Total Cost": 0.26, "Plan Rows": 1, "Plan Width": 0, "Index Cond": "(id = mc.company_type_id)"}]}]}, {"Node Type": "Bitmap Heap Scan", "Parent Relationship": "Inner", "Relation Name": "title", "Alias": "t", "Startup Cost": 0.27, "Total Cost": 4.29, "Plan Rows": 1, "Plan Width": 25, "Recheck Cond": "(id = mc.movie_id)", "Filter": "((production_year >= 2005) AND (production_year <= 2010))", "Plans": [{"Node Type": "Bitmap Index Scan", "Parent Relationship": "Outer", "Index Name": "title_pkey", "Startup Cost": 0.0, "Total Cost": 0.27, "Plan Rows": 1, "Plan Width": 0, "Index Cond": "(id = mc.movie_id)"}]}]}]}, "Unique SQL Id": 1162488282, "Planner Runtime": 2}, "explain_analyze_plan": null}, "(1, '36')": {"explain_plan": {"Plan": {"Node Type": "Aggregate", "Strategy": "Plain", "Startup Cost": 189131.4, "Total Cost": 189131.41, "Plan Rows": 1, "Plan Width": 113, "Plans": [{"Node Type": "Hash Join", "Parent Relationship": "Outer", "Join Type": "Inner", "Startup Cost": 113656.23, "Total Cost": 185775.37, "Plan Rows": 447470, "Plan Width": 45, "Inner Unique": true, "Hash Cond": "(mc.company_type_id = ct.id), (LLVM Optimized)", "Plans": [{"Node Type": "Hash Join", "Parent Relationship": "Outer", "Join Type": "Inner", "Startup Cost": 113655.18, "Total Cost": 181304.82, "Plan Rows": 549199, "Plan Width": 49, "Inner Unique": false, "Hash Cond": "(mc.movie_id = t.id), (LLVM Optimized)", "Plans": [{"Node Type": "Seq Scan", "Parent Relationship": "Outer", "Relation Name": "movie_companies", "Alias": "mc", "Startup Cost": 0.0, "Total Cost": 48340.1, "Plan Rows": 2609035, "Plan Width": 32, "Filter": "((note)::text !~~ '%(as Metro-Goldwyn-Mayer Pictures)%'::text), (LLVM Optimized)"}, {"Node Type": "Hash", "Parent Relationship": "Inner", "Startup Cost": 108700.13, "Total Cost": 108700.13, "Plan Rows": 396404, "Plan Width": 29, "Plans": [{"Node Type": "Hash Join", "Parent Relationship": "Outer", "Join Type": "Inner", "Startup Cost": 89203.23, "Total Cost": 108700.13, "Plan Rows": 396404, "Plan Width": 29, "Inner Unique": true, "Hash Cond": "(mi_idx.movie_id = t.id), (LLVM Optimized)", "Plans": [{"Node Type": "Nested Loop", "Parent Relationship": "Outer", "Join Type": "Inner", "Startup Cost": 7502.06, "Total Cost": 21741.14, "Plan Rows": 345008, "Plan Width": 4, "Inner Unique": false, "Plans": [{"Node Type": "Seq Scan", "Parent Relationship": "Outer", "Relation Name": "info_type", "Alias": "it", "Startup Cost": 0.0, "Total Cost": 2.4, "Plan Rows": 1, "Plan Width": 4, "Filter": "((info)::text = 'bottom 10 rank'::text)"}, {"Node Type": "Bitmap Heap Scan", "Parent Relationship": "Inner", "Relation Name": "movie_info_idx", "Alias": "mi_idx", "Startup Cost": 7502.06, "Total Cost": 18288.66, "Plan Rows": 345008, "Plan Width": 8, "Recheck Cond": "(info_type_id = it.id), (LLVM Optimized)", "Plans": [{"Node Type": "Bitmap Index Scan", "Parent Relationship": "Outer", "Index Name": "info_type_id_movie_info_idx", "Startup Cost": 0.0, "Total Cost": 7415.81, "Plan Rows": 345008, "Plan Width": 0, "Index Cond": "(info_type_id = it.id)"}]}]}, {"Node Type": "Hash", "Parent Relationship": "Inner", "Startup Cost": 72710.67, "Total Cost": 72710.67, "Plan Rows": 719240, "Plan Width": 25, "Plans": [{"Node Type": "Seq Scan", "Parent Relationship": "Outer", "Relation Name": "title", "Alias": "t", "Startup Cost": 2083.5, "Total Cost": 72710.67, "Plan Rows": 719240, "Plan Width": 25, "Filter": "((production_year >= 2005) AND (production_year <= 2010)), (LLVM Optimized)"}]}]}]}]}, {"Node Type": "Hash", "Parent Relationship": "Inner", "Startup Cost": 1.04, "Total Cost": 1.04, "Plan Rows": 1, "Plan Width": 4, "Plans": [{"Node Type": "Seq Scan", "Parent Relationship": "Outer", "Relation Name": "company_type", "Alias": "ct", "Startup Cost": 0.0, "Total Cost": 1.04, "Plan Rows": 1, "Plan Width": 4, "Filter": "((kind)::text = 'production companies'::text)"}]}]}]}, "Unique SQL Id": 1162488282, "Planner Runtime": 6}, "explain_analyze_plan": {"Plan": {"Node Type": "Aggregate", "Strategy": "Plain", "Startup Cost": 189131.4, "Total Cost": 189131.41, "Plan Rows": 1, "Plan Width": 113, "Actual Startup Time": 2323.246, "Actual Total Time": 2323.247, "Actual Rows": 1, "Actual Loops": 1, "Plans": [{"Node Type": "Hash Join", "Parent Relationship": "Outer", "Join Type": "Inner", "Startup Cost": 113656.23, "Total Cost": 185775.37, "Plan Rows": 447470, "Plan Width": 45, "Actual Startup Time": 2151.003, "Actual Total Time": 2323.203, "Actual Rows": 3, "Actual Loops": 1, "Inner Unique": true, "Hash Cond": "(mc.company_type_id = ct.id), (LLVM Optimized, Jit Execute)", "Plans": [{"Node Type": "Hash Join", "Parent Relationship": "Outer", "Join Type": "Inner", "Startup Cost": 113655.18, "Total Cost": 181304.82, "Plan Rows": 549199, "Plan Width": 49, "Actual Startup Time": 1492.465, "Actual Total Time": 2322.859, "Actual Rows": 66, "Actual Loops": 1, "Inner Unique": false, "Hash Cond": "(mc.movie_id = t.id), (LLVM Optimized, Jit Execute)", "Plans": [{"Node Type": "Seq Scan", "Parent Relationship": "Outer", "Relation Name": "movie_companies", "Alias": "mc", "Startup Cost": 0.0, "Total Cost": 48340.1, "Plan Rows": 2609035, "Plan Width": 32, "Actual Startup Time": 0.026, "Actual Total Time": 904.378, "Actual Rows": 1337087, "Actual Loops": 1, "Filter": "((note)::text !~~ '%(as Metro-Goldwyn-Mayer Pictures)%'::text), (LLVM Optimized, Jit Execute)", "Rows Removed by Filter": 1272041}, {"Node Type": "Hash", "Parent Relationship": "Inner", "Startup Cost": 108700.13, "Total Cost": 108700.13, "Plan Rows": 396404, "Plan Width": 29, "Actual Startup Time": 1168.669, "Actual Total Time": 1168.669, "Actual Rows": 4, "Actual Loops": 1, "Hash Buckets": 524288, "Hash Batches": 1, "Original Hash Batches": 1, "Peak Memory Usage": 1, "Plans": [{"Node Type": "Hash Join", "Parent Relationship": "Outer", "Join Type": "Inner", "Startup Cost": 89203.23, "Total Cost": 108700.13, "Plan Rows": 396404, "Plan Width": 29, "Actual Startup Time": 1168.633, "Actual Total Time": 1168.651, "Actual Rows": 4, "Actual Loops": 1, "Inner Unique": true, "Hash Cond": "(mi_idx.movie_id = t.id), (LLVM Optimized, Jit Execute)", "Plans": [{"Node Type": "Nested Loop", "Parent Relationship": "Outer", "Join Type": "Inner", "Startup Cost": 7502.06, "Total Cost": 21741.14, "Plan Rows": 345008, "Plan Width": 4, "Actual Startup Time": 0.084, "Actual Total Time": 0.105, "Actual Rows": 10, "Actual Loops": 1, "Inner Unique": false, "Plans": [{"Node Type": "Seq Scan", "Parent Relationship": "Outer", "Relation Name": "info_type", "Alias": "it", "Startup Cost": 0.0, "Total Cost": 2.4, "Plan Rows": 1, "Plan Width": 4, "Actual Startup Time": 0.046, "Actual Total Time": 0.055, "Actual Rows": 1, "Actual Loops": 1, "Filter": "((info)::text = 'bottom 10 rank'::text)", "Rows Removed by Filter": 111}, {"Node Type": "Bitmap Heap Scan", "Parent Relationship": "Inner", "Relation Name": "movie_info_idx", "Alias": "mi_idx", "Startup Cost": 7502.06, "Total Cost": 18288.66, "Plan Rows": 345008, "Plan Width": 8, "Actual Startup Time": 0.03, "Actual Total Time": 0.039, "Actual Rows": 10, "Actual Loops": 1, "Recheck Cond": "(info_type_id = it.id), (LLVM Optimized, Jit Execute)", "Rows Removed by Index Recheck": 0, "Exact Heap Blocks": 1, "Lossy Heap Blocks": 1, "Plans": [{"Node Type": "Bitmap Index Scan", "Parent Relationship": "Outer", "Index Name": "info_type_id_movie_info_idx", "Startup Cost": 0.0, "Total Cost": 7415.81, "Plan Rows": 345008, "Plan Width": 0, "Actual Startup Time": 0.017, "Actual Total Time": 0.017, "Actual Rows": 10, "Actual Loops": 1, "Index Cond": "(info_type_id = it.id)"}]}]}, {"Node Type": "Hash", "Parent Relationship": "Inner", "Startup Cost": 72710.67, "Total Cost": 72710.67, "Plan Rows": 719240, "Plan Width": 25, "Actual Startup Time": 1167.873, "Actual Total Time": 1167.873, "Actual Rows": 716259, "Actual Loops": 1, "Hash Buckets": 1048576, "Hash Batches": 1, "Original Hash Batches": 1, "Peak Memory Usage": 41052, "Plans": [{"Node Type": "Seq Scan", "Parent Relationship": "Outer", "Relation Name": "title", "Alias": "t", "Startup Cost": 2083.5, "Total Cost": 72710.67, "Plan Rows": 719240, "Plan Width": 25, "Actual Startup Time": 0.026, "Actual Total Time": 928.077, "Actual Rows": 716259, "Actual Loops": 1, "Filter": "((production_year >= 2005) AND (production_year <= 2010)), (LLVM Optimized, Jit Execute)", "Rows Removed by Filter": 1812052}]}]}]}]}, {"Node Type": "Hash", "Parent Relationship": "Inner", "Startup Cost": 1.04, "Total Cost": 1.04, "Plan Rows": 1, "Plan Width": 4, "Actual Startup Time": 0.049, "Actual Total Time": 0.049, "Actual Rows": 1, "Actual Loops": 1, "Hash Buckets": 32768, "Hash Batches": 1, "Original Hash Batches": 1, "Peak Memory Usage": 1, "Plans": [{"Node Type": "Seq Scan", "Parent Relationship": "Outer", "Relation Name": "company_type", "Alias": "ct", "Startup Cost": 0.0, "Total Cost": 1.04, "Plan Rows": 1, "Plan Width": 4, "Actual Startup Time": 0.027, "Actual Total Time": 0.03, "Actual Rows": 1, "Actual Loops": 1, "Filter": "((kind)::text = 'production companies'::text)", "Rows Removed by Filter": 2}]}]}]}, "Triggers": [], "Planner Runtime": 9.792, "Total Runtime": 2334.263, "Unique SQL Id": 1162488282}}, "(1, '37')": {"explain_plan": {"Plan": {"Node Type": "Aggregate", "Strategy": "Plain", "Startup Cost": 247822.0, "Total Cost": 247822.01, "Plan Rows": 1, "Plan Width": 113, "Plans": [{"Node Type": "Hash Join", "Parent Relationship": "Outer", "Join Type": "Inner", "Startup Cost": 163718.37, "Total Cost": 244465.97, "Plan Rows": 447470, "Plan Width": 45, "Inner Unique": false, "Hash Cond": "(mc.movie_id = t.id), (LLVM Optimized)", "Plans": [{"Node Type": "Nested Loop", "Parent Relationship": "Outer", "Join Type": "Inner", "Startup Cost": 0.0, "Total Cost": 69436.41, "Plan Rows": 1304518, "Plan Width": 28, "Inner Unique": false, "Plans": [{"Node Type": "Index Scan", "Parent Relationship": "Outer", "Scan Direction": "Forward", "Index Name": "company_type_pkey", "Relation Name": "company_type", "Alias": "ct", "Startup Cost": 0.0, "Total Cost": 12.3, "Plan Rows": 1, "Plan Width": 4, "Filter": "((kind)::text = 'production companies'::text)"}, {"Node Type": "Index Scan", "Parent Relationship": "Inner", "Scan Direction": "Forward", "Index Name": "company_type_id_movie_companies", "Relation Name": "movie_companies", "Alias": "mc", "Startup Cost": 0.0, "Total Cost": 56378.94, "Plan Rows": 1304517, "Plan Width": 32, "Index Cond": "(company_type_id = ct.id), (LLVM Optimized)", "Filter": "((note)::text !~~ '%(as Metro-Goldwyn-Mayer Pictures)%'::text), (LLVM Optimized)"}]}, {"Node Type": "Hash", "Parent Relationship": "Inner", "Startup Cost": 158763.32, "Total Cost": 158763.32, "Plan Rows": 396404, "Plan Width": 29, "Plans": [{"Node Type": "Hash Join", "Parent Relationship": "Outer", "Join Type": "Inner", "Startup Cost": 139254.61, "Total Cost": 158763.32, "Plan Rows": 396404, "Plan Width": 29, "Inner Unique": true, "Hash Cond": "(mi_idx.movie_id = t.id), (LLVM Optimized)", "Plans": [{"Node Type": "Nested Loop", "Parent Relationship": "Outer", "Join Type": "Inner", "Startup Cost": 7502.06, "Total Cost": 21752.95, "Plan Rows": 345008, "Plan Width": 4, "Inner Unique": false, "Plans": [{"Node Type": "Index Scan", "Parent Relationship": "Outer", "Scan Direction": "Forward", "Index Name": "info_type_pkey", "Relation Name": "info_type", "Alias": "it", "Startup Cost": 0.0, "Total Cost": 14.21, "Plan Rows": 1, "Plan Width": 4, "Filter": "((info)::text = 'bottom 10 rank'::text)"}, {"Node Type": "Bitmap Heap Scan", "Parent Relationship": "Inner", "Relation Name": "movie_info_idx", "Alias": "mi_idx", "Startup Cost": 7502.06, "Total Cost": 18288.66, "Plan Rows": 345008, "Plan Width": 8, "Recheck Cond": "(info_type_id = it.id), (LLVM Optimized)", "Plans": [{"Node Type": "Bitmap Index Scan", "Parent Relationship": "Outer", "Index Name": "info_type_id_movie_info_idx", "Startup Cost": 0.0, "Total Cost": 7415.81, "Plan Rows": 345008, "Plan Width": 0, "Index Cond": "(info_type_id = it.id)"}]}]}, {"Node Type": "Hash", "Parent Relationship": "Inner", "Startup Cost": 122762.04, "Total Cost": 122762.04, "Plan Rows": 719240, "Plan Width": 25, "Plans": [{"Node Type": "Index Scan", "Parent Relationship": "Outer", "Scan Direction": "Forward", "Index Name": "title_pkey", "Relation Name": "title", "Alias": "t", "Startup Cost": 0.0, "Total Cost": 122762.04, "Plan Rows": 719240, "Plan Width": 25, "Filter": "((production_year >= 2005) AND (production_year <= 2010)), (LLVM Optimized)"}]}]}]}]}]}, "Unique SQL Id": 1162488282, "Planner Runtime": 4}, "explain_analyze_plan": {"Plan": {"Node Type": "Aggregate", "Strategy": "Plain", "Startup Cost": 247822.0, "Total Cost": 247822.01, "Plan Rows": 1, "Plan Width": 113, "Actual Startup Time": 4160.762, "Actual Total Time": 4160.762, "Actual Rows": 1, "Actual Loops": 1, "Plans": [{"Node Type": "Hash Join", "Parent Relationship": "Outer", "Join Type": "Inner", "Startup Cost": 163718.37, "Total Cost": 244465.97, "Plan Rows": 447470, "Plan Width": 45, "Actual Startup Time": 3832.302, "Actual Total Time": 4160.644, "Actual Rows": 3, "Actual Loops": 1, "Inner Unique": false, "Hash Cond": "(mc.movie_id = t.id), (LLVM Optimized, Jit Execute)", "Plans": [{"Node Type": "Nested Loop", "Parent Relationship": "Outer", "Join Type": "Inner", "Startup Cost": 0.0, "Total Cost": 69436.41, "Plan Rows": 1304518, "Plan Width": 28, "Actual Startup Time": 0.115, "Actual Total Time": 660.605, "Actual Rows": 140904, "Actual Loops": 1, "Inner Unique": false, "Plans": [{"Node Type": "Index Scan", "Parent Relationship": "Outer", "Scan Direction": "Forward", "Index Name": "company_type_pkey", "Relation Name": "company_type", "Alias": "ct", "Startup Cost": 0.0, "Total Cost": 12.3, "Plan Rows": 1, "Plan Width": 4, "Actual Startup Time": 0.029, "Actual Total Time": 0.039, "Actual Rows": 1, "Actual Loops": 1, "Filter": "((kind)::text = 'production companies'::text)", "Rows Removed by Filter": 2}, {"Node Type": "Index Scan", "Parent Relationship": "Inner", "Scan Direction": "Forward", "Index Name": "company_type_id_movie_companies", "Relation Name": "movie_companies", "Alias": "mc", "Startup Cost": 0.0, "Total Cost": 56378.94, "Plan Rows": 1304517, "Plan Width": 32, "Actual Startup Time": 0.081, "Actual Total Time": 632.434, "Actual Rows": 140904, "Actual Loops": 1, "Index Cond": "(company_type_id = ct.id), (LLVM Optimized, Jit Execute)", "Rows Removed by Index Recheck": 0, "Filter": "((note)::text !~~ '%(as Metro-Goldwyn-Mayer Pictures)%'::text), (LLVM Optimized, Jit Execute)", "Rows Removed by Filter": 1193979}]}, {"Node Type": "Hash", "Parent Relationship": "Inner", "Startup Cost": 158763.32, "Total Cost": 158763.32, "Plan Rows": 396404, "Plan Width": 29, "Actual Startup Time": 3468.773, "Actual Total Time": 3468.773, "Actual Rows": 4, "Actual Loops": 1, "Hash Buckets": 524288, "Hash Batches": 1, "Original Hash Batches": 1, "Peak Memory Usage": 1, "Plans": [{"Node Type": "Hash Join", "Parent Relationship": "Outer", "Join Type": "Inner", "Startup Cost": 139254.61, "Total Cost": 158763.32, "Plan Rows": 396404, "Plan Width": 29, "Actual Startup Time": 3468.757, "Actual Total Time": 3468.767, "Actual Rows": 4, "Actual Loops": 1, "Inner Unique": true, "Hash Cond": "(mi_idx.movie_id = t.id), (LLVM Optimized, Jit Execute)", "Plans": [{"Node Type": "Nested Loop", "Parent Relationship": "Outer", "Join Type": "Inner", "Startup Cost": 7502.06, "Total Cost": 21752.95, "Plan Rows": 345008, "Plan Width": 4, "Actual Startup Time": 0.092, "Actual Total Time": 0.104, "Actual Rows": 10, "Actual Loops": 1, "Inner Unique": false, "Plans": [{"Node Type": "Index Scan", "Parent Relationship": "Outer", "Scan Direction": "Forward", "Index Name": "info_type_pkey", "Relation Name": "info_type", "Alias": "it", "Startup Cost": 0.0, "Total Cost": 14.21, "Plan Rows": 1, "Plan Width": 4, "Actual Startup Time": 0.06, "Actual Total Time": 0.062, "Actual Rows": 1, "Actual Loops": 1, "Filter": "((info)::text = 'bottom 10 rank'::text)", "Rows Removed by Filter": 111}, {"Node Type": "Bitmap Heap Scan", "Parent Relationship": "Inner", "Relation Name": "movie_info_idx", "Alias": "mi_idx", "Startup Cost": 7502.06, "Total Cost": 18288.66, "Plan Rows": 345008, "Plan Width": 8, "Actual Startup Time": 0.026, "Actual Total Time": 0.031, "Actual Rows": 10, "Actual Loops": 1, "Recheck Cond": "(info_type_id = it.id), (LLVM Optimized, Jit Execute)", "Rows Removed by Index Recheck": 0, "Exact Heap Blocks": 1, "Lossy Heap Blocks": 1, "Plans": [{"Node Type": "Bitmap Index Scan", "Parent Relationship": "Outer", "Index Name": "info_type_id_movie_info_idx", "Startup Cost": 0.0, "Total Cost": 7415.81, "Plan Rows": 345008, "Plan Width": 0, "Actual Startup Time": 0.012, "Actual Total Time": 0.012, "Actual Rows": 10, "Actual Loops": 1, "Index Cond": "(info_type_id = it.id)"}]}]}, {"Node Type": "Hash", "Parent Relationship": "Inner", "Startup Cost": 122762.04, "Total Cost": 122762.04, "Plan Rows": 719240, "Plan Width": 25, "Actual Startup Time": 3467.963, "Actual Total Time": 3467.963, "Actual Rows": 716259, "Actual Loops": 1, "Hash Buckets": 1048576, "Hash Batches": 1, "Original Hash Batches": 1, "Peak Memory Usage": 41052, "Plans": [{"Node Type": "Index Scan", "Parent Relationship": "Outer", "Scan Direction": "Forward", "Index Name": "title_pkey", "Relation Name": "title", "Alias": "t", "Startup Cost": 0.0, "Total Cost": 122762.04, "Plan Rows": 719240, "Plan Width": 25, "Actual Startup Time": 0.027, "Actual Total Time": 3132.968, "Actual Rows": 716259, "Actual Loops": 1, "Filter": "((production_year >= 2005) AND (production_year <= 2010)), (LLVM Optimized, Jit Execute)", "Rows Removed by Filter": 1812052}]}]}]}]}]}, "Triggers": [], "Planner Runtime": 9.22, "Total Runtime": 4171.802, "Unique SQL Id": 1162488282}}, "(1, '38')": {"explain_plan": {"Plan": {"Node Type": "Aggregate", "Strategy": "Plain", "Startup Cost": 189131.4, "Total Cost": 189131.41, "Plan Rows": 1, "Plan Width": 113, "Plans": [{"Node Type": "Hash Join", "Parent Relationship": "Outer", "Join Type": "Inner", "Startup Cost": 113656.23, "Total Cost": 185775.37, "Plan Rows": 447470, "Plan Width": 45, "Inner Unique": true, "Hash Cond": "(mc.company_type_id = ct.id), (LLVM Optimized)", "Plans": [{"Node Type": "Hash Join", "Parent Relationship": "Outer", "Join Type": "Inner", "Startup Cost": 113655.18, "Total Cost": 181304.82, "Plan Rows": 549199, "Plan Width": 49, "Inner Unique": false, "Hash Cond": "(mc.movie_id = t.id), (LLVM Optimized)", "Plans": [{"Node Type": "Seq Scan", "Parent Relationship": "Outer", "Relation Name": "movie_companies", "Alias": "mc", "Startup Cost": 0.0, "Total Cost": 48340.1, "Plan Rows": 2609035, "Plan Width": 32, "Filter": "((note)::text !~~ '%(as Metro-Goldwyn-Mayer Pictures)%'::text), (LLVM Optimized)"}, {"Node Type": "Hash", "Parent Relationship": "Inner", "Startup Cost": 108700.13, "Total Cost": 108700.13, "Plan Rows": 396404, "Plan Width": 29, "Plans": [{"Node Type": "Hash Join", "Parent Relationship": "Outer", "Join Type": "Inner", "Startup Cost": 89203.23, "Total Cost": 108700.13, "Plan Rows": 396404, "Plan Width": 29, "Inner Unique": true, "Hash Cond": "(mi_idx.movie_id = t.id), (LLVM Optimized)", "Plans": [{"Node Type": "Nested Loop", "Parent Relationship": "Outer", "Join Type": "Inner", "Startup Cost": 7502.06, "Total Cost": 21741.14, "Plan Rows": 345008, "Plan Width": 4, "Inner Unique": false, "Plans": [{"Node Type": "Seq Scan", "Parent Relationship": "Outer", "Relation Name": "info_type", "Alias": "it", "Startup Cost": 0.0, "Total Cost": 2.4, "Plan Rows": 1, "Plan Width": 4, "Filter": "((info)::text = 'bottom 10 rank'::text)"}, {"Node Type": "Bitmap Heap Scan", "Parent Relationship": "Inner", "Relation Name": "movie_info_idx", "Alias": "mi_idx", "Startup Cost": 7502.06, "Total Cost": 18288.66, "Plan Rows": 345008, "Plan Width": 8, "Recheck Cond": "(info_type_id = it.id), (LLVM Optimized)", "Plans": [{"Node Type": "Bitmap Index Scan", "Parent Relationship": "Outer", "Index Name": "info_type_id_movie_info_idx", "Startup Cost": 0.0, "Total Cost": 7415.81, "Plan Rows": 345008, "Plan Width": 0, "Index Cond": "(info_type_id = it.id)"}]}]}, {"Node Type": "Hash", "Parent Relationship": "Inner", "Startup Cost": 72710.67, "Total Cost": 72710.67, "Plan Rows": 719240, "Plan Width": 25, "Plans": [{"Node Type": "Seq Scan", "Parent Relationship": "Outer", "Relation Name": "title", "Alias": "t", "Startup Cost": 2083.5, "Total Cost": 72710.67, "Plan Rows": 719240, "Plan Width": 25, "Filter": "((production_year >= 2005) AND (production_year <= 2010)), (LLVM Optimized)"}]}]}]}]}, {"Node Type": "Hash", "Parent Relationship": "Inner", "Startup Cost": 1.04, "Total Cost": 1.04, "Plan Rows": 1, "Plan Width": 4, "Plans": [{"Node Type": "Seq Scan", "Parent Relationship": "Outer", "Relation Name": "company_type", "Alias": "ct", "Startup Cost": 0.0, "Total Cost": 1.04, "Plan Rows": 1, "Plan Width": 4, "Filter": "((kind)::text = 'production companies'::text)"}]}]}]}, "Unique SQL Id": 1162488282, "Planner Runtime": 6}, "explain_analyze_plan": {"Plan": {"Node Type": "Aggregate", "Strategy": "Plain", "Startup Cost": 189131.4, "Total Cost": 189131.41, "Plan Rows": 1, "Plan Width": 113, "Actual Startup Time": 2323.246, "Actual Total Time": 2323.247, "Actual Rows": 1, "Actual Loops": 1, "Plans": [{"Node Type": "Hash Join", "Parent Relationship": "Outer", "Join Type": "Inner", "Startup Cost": 113656.23, "Total Cost": 185775.37, "Plan Rows": 447470, "Plan Width": 45, "Actual Startup Time": 2151.003, "Actual Total Time": 2323.203, "Actual Rows": 3, "Actual Loops": 1, "Inner Unique": true, "Hash Cond": "(mc.company_type_id = ct.id), (LLVM Optimized, Jit Execute)", "Plans": [{"Node Type": "Hash Join", "Parent Relationship": "Outer", "Join Type": "Inner", "Startup Cost": 113655.18, "Total Cost": 181304.82, "Plan Rows": 549199, "Plan Width": 49, "Actual Startup Time": 1492.465, "Actual Total Time": 2322.859, "Actual Rows": 66, "Actual Loops": 1, "Inner Unique": false, "Hash Cond": "(mc.movie_id = t.id), (LLVM Optimized, Jit Execute)", "Plans": [{"Node Type": "Seq Scan", "Parent Relationship": "Outer", "Relation Name": "movie_companies", "Alias": "mc", "Startup Cost": 0.0, "Total Cost": 48340.1, "Plan Rows": 2609035, "Plan Width": 32, "Actual Startup Time": 0.026, "Actual Total Time": 904.378, "Actual Rows": 1337087, "Actual Loops": 1, "Filter": "((note)::text !~~ '%(as Metro-Goldwyn-Mayer Pictures)%'::text), (LLVM Optimized, Jit Execute)", "Rows Removed by Filter": 1272041}, {"Node Type": "Hash", "Parent Relationship": "Inner", "Startup Cost": 108700.13, "Total Cost": 108700.13, "Plan Rows": 396404, "Plan Width": 29, "Actual Startup Time": 1168.669, "Actual Total Time": 1168.669, "Actual Rows": 4, "Actual Loops": 1, "Hash Buckets": 524288, "Hash Batches": 1, "Original Hash Batches": 1, "Peak Memory Usage": 1, "Plans": [{"Node Type": "Hash Join", "Parent Relationship": "Outer", "Join Type": "Inner", "Startup Cost": 89203.23, "Total Cost": 108700.13, "Plan Rows": 396404, "Plan Width": 29, "Actual Startup Time": 1168.633, "Actual Total Time": 1168.651, "Actual Rows": 4, "Actual Loops": 1, "Inner Unique": true, "Hash Cond": "(mi_idx.movie_id = t.id), (LLVM Optimized, Jit Execute)", "Plans": [{"Node Type": "Nested Loop", "Parent Relationship": "Outer", "Join Type": "Inner", "Startup Cost": 7502.06, "Total Cost": 21741.14, "Plan Rows": 345008, "Plan Width": 4, "Actual Startup Time": 0.084, "Actual Total Time": 0.105, "Actual Rows": 10, "Actual Loops": 1, "Inner Unique": false, "Plans": [{"Node Type": "Seq Scan", "Parent Relationship": "Outer", "Relation Name": "info_type", "Alias": "it", "Startup Cost": 0.0, "Total Cost": 2.4, "Plan Rows": 1, "Plan Width": 4, "Actual Startup Time": 0.046, "Actual Total Time": 0.055, "Actual Rows": 1, "Actual Loops": 1, "Filter": "((info)::text = 'bottom 10 rank'::text)", "Rows Removed by Filter": 111}, {"Node Type": "Bitmap Heap Scan", "Parent Relationship": "Inner", "Relation Name": "movie_info_idx", "Alias": "mi_idx", "Startup Cost": 7502.06, "Total Cost": 18288.66, "Plan Rows": 345008, "Plan Width": 8, "Actual Startup Time": 0.03, "Actual Total Time": 0.039, "Actual Rows": 10, "Actual Loops": 1, "Recheck Cond": "(info_type_id = it.id), (LLVM Optimized, Jit Execute)", "Rows Removed by Index Recheck": 0, "Exact Heap Blocks": 1, "Lossy Heap Blocks": 1, "Plans": [{"Node Type": "Bitmap Index Scan", "Parent Relationship": "Outer", "Index Name": "info_type_id_movie_info_idx", "Startup Cost": 0.0, "Total Cost": 7415.81, "Plan Rows": 345008, "Plan Width": 0, "Actual Startup Time": 0.017, "Actual Total Time": 0.017, "Actual Rows": 10, "Actual Loops": 1, "Index Cond": "(info_type_id = it.id)"}]}]}, {"Node Type": "Hash", "Parent Relationship": "Inner", "Startup Cost": 72710.67, "Total Cost": 72710.67, "Plan Rows": 719240, "Plan Width": 25, "Actual Startup Time": 1167.873, "Actual Total Time": 1167.873, "Actual Rows": 716259, "Actual Loops": 1, "Hash Buckets": 1048576, "Hash Batches": 1, "Original Hash Batches": 1, "Peak Memory Usage": 41052, "Plans": [{"Node Type": "Seq Scan", "Parent Relationship": "Outer", "Relation Name": "title", "Alias": "t", "Startup Cost": 2083.5, "Total Cost": 72710.67, "Plan Rows": 719240, "Plan Width": 25, "Actual Startup Time": 0.026, "Actual Total Time": 928.077, "Actual Rows": 716259, "Actual Loops": 1, "Filter": "((production_year >= 2005) AND (production_year <= 2010)), (LLVM Optimized, Jit Execute)", "Rows Removed by Filter": 1812052}]}]}]}]}, {"Node Type": "Hash", "Parent Relationship": "Inner", "Startup Cost": 1.04, "Total Cost": 1.04, "Plan Rows": 1, "Plan Width": 4, "Actual Startup Time": 0.049, "Actual Total Time": 0.049, "Actual Rows": 1, "Actual Loops": 1, "Hash Buckets": 32768, "Hash Batches": 1, "Original Hash Batches": 1, "Peak Memory Usage": 1, "Plans": [{"Node Type": "Seq Scan", "Parent Relationship": "Outer", "Relation Name": "company_type", "Alias": "ct", "Startup Cost": 0.0, "Total Cost": 1.04, "Plan Rows": 1, "Plan Width": 4, "Actual Startup Time": 0.027, "Actual Total Time": 0.03, "Actual Rows": 1, "Actual Loops": 1, "Filter": "((kind)::text = 'production companies'::text)", "Rows Removed by Filter": 2}]}]}]}, "Triggers": [], "Planner Runtime": 9.792, "Total Runtime": 2334.263, "Unique SQL Id": 1162488282}}, "(1, '39')": {"explain_plan": {"Plan": {"Node Type": "Aggregate", "Strategy": "Plain", "Startup Cost": 1000017766719.7, "Total Cost": 1000017766719.71, "Plan Rows": 1, "Plan Width": 113, "Plans": [{"Node Type": "Nested Loop", "Parent Relationship": "Outer", "Join Type": "Inner", "Startup Cost": 10000000001.08, "Total Cost": 1000017764229.67, "Plan Rows": 332005, "Plan Width": 45, "Inner Unique": true, "Plans": [{"Node Type": "Nested Loop", "Parent Relationship": "Outer", "Join Type": "Inner", "Startup Cost": 10000000000.81, "Total Cost": 1000015609438.29, "Plan Rows": 501180, "Plan Width": 32, "Inner Unique": true, "Plans": [{"Node Type": "Nested Loop", "Parent Relationship": "Outer", "Join Type": "Inner", "Startup Cost": 10000000000.55, "Total Cost": 1000012058838.99, "Plan Rows": 829046, "Plan Width": 36, "Inner Unique": false, "Plans": [{"Node Type": "Nested Loop", "Parent Relationship": "Outer", "Join Type": "Inner", "Startup Cost": 10000000000.26, "Total Cost": 1000010560383.98, "Plan Rows": 345008, "Plan Width": 4, "Inner Unique": true, "Plans": [{"Node Type": "Index Scan", "Parent Relationship": "Outer", "Scan Direction": "Forward", "Index Name": "movie_id_movie_info_idx", "Relation Name": "movie_info_idx", "Alias": "mi_idx", "Startup Cost": 10000000000.0, "Total Cost": 1000004650035.37, "Plan Rows": 1380034, "Plan Width": 8}, {"Node Type": "Bitmap Heap Scan", "Parent Relationship": "Inner", "Relation Name": "info_type", "Alias": "it", "Startup Cost": 0.26, "Total Cost": 4.27, "Plan Rows": 1, "Plan Width": 4, "Recheck Cond": "(id = mi_idx.info_type_id)", "Filter": "((info)::text = 'bottom 10 rank'::text)", "Plans": [{"Node Type": "Bitmap Index Scan", "Parent Relationship": "Outer", "Index Name": "info_type_pkey", "Startup Cost": 0.0, "Total Cost": 0.26, "Plan Rows": 1, "Plan Width": 0, "Index Cond": "(id = mi_idx.info_type_id)"}]}]}, {"Node Type": "Bitmap Heap Scan", "Parent Relationship": "Inner", "Relation Name": "movie_companies", "Alias": "mc", "Startup Cost": 0.29, "Total Cost": 4.32, "Plan Rows": 2, "Plan Width": 32, "Recheck Cond": "(movie_id = mi_idx.movie_id)", "Filter": "((note)::text !~~ '%(as Metro-Goldwyn-Mayer Pictures)%'::text)", "Plans": [{"Node Type": "Bitmap Index Scan", "Parent Relationship": "Outer", "Index Name": "movie_id_movie_companies", "Startup Cost": 0.0, "Total Cost": 0.29, "Plan Rows": 2, "Plan Width": 0, "Index Cond": "(movie_id = mi_idx.movie_id)"}]}]}, {"Node Type": "Bitmap Heap Scan", "Parent Relationship": "Inner", "Relation Name": "company_type", "Alias": "ct", "Startup Cost": 0.26, "Total Cost": 4.27, "Plan Rows": 1, "Plan Width": 4, "Recheck Cond": "(id = mc.company_type_id)", "Filter": "((kind)::text = 'production companies'::text)", "Plans": [{"Node Type": "Bitmap Index Scan", "Parent Relationship": "Outer", "Index Name": "company_type_pkey", "Startup Cost": 0.0, "Total Cost": 0.26, "Plan Rows": 1, "Plan Width": 0, "Index Cond": "(id = mc.company_type_id)"}]}]}, {"Node Type": "Bitmap Heap Scan", "Parent Relationship": "Inner", "Relation Name": "title", "Alias": "t", "Startup Cost": 0.27, "Total Cost": 4.29, "Plan Rows": 1, "Plan Width": 25, "Recheck Cond": "(id = mc.movie_id)", "Filter": "((production_year >= 2005) AND (production_year <= 2010))", "Plans": [{"Node Type": "Bitmap Index Scan", "Parent Relationship": "Outer", "Index Name": "title_pkey", "Startup Cost": 0.0, "Total Cost": 0.27, "Plan Rows": 1, "Plan Width": 0, "Index Cond": "(id = mc.movie_id)"}]}]}]}, "Unique SQL Id": 1162488282, "Planner Runtime": 2}, "explain_analyze_plan": null}, "(1, '40')": {"explain_plan": {"Plan": {"Node Type": "Aggregate", "Strategy": "Plain", "Startup Cost": 194575.8, "Total Cost": 194575.81, "Plan Rows": 1, "Plan Width": 113, "Plans": [{"Node Type": "Hash Join", "Parent Relationship": "Outer", "Join Type": "Inner", "Startup Cost": 119100.63, "Total Cost": 191219.77, "Plan Rows": 447470, "Plan Width": 45, "Inner Unique": true, "Hash Cond": "(mc.company_type_id = ct.id), (LLVM Optimized)", "Plans": [{"Node Type": "Hash Join", "Parent Relationship": "Outer", "Join Type": "Inner", "Startup Cost": 119099.58, "Total Cost": 186749.22, "Plan Rows": 549199, "Plan Width": 49, "Inner Unique": false, "Hash Cond": "(mc.movie_id = t.id), (LLVM Optimized)", "Plans": [{"Node Type": "Seq Scan", "Parent Relationship": "Outer", "Relation Name": "movie_companies", "Alias": "mc", "Startup Cost": 0.0, "Total Cost": 48340.1, "Plan Rows": 2609035, "Plan Width": 32, "Filter": "((note)::text !~~ '%(as Metro-Goldwyn-Mayer Pictures)%'::text), (LLVM Optimized)"}, {"Node Type": "Hash", "Parent Relationship": "Inner", "Startup Cost": 114144.53, "Total Cost": 114144.53, "Plan Rows": 396404, "Plan Width": 29, "Plans": [{"Node Type": "Hash Join", "Parent Relationship": "Outer", "Join Type": "Inner", "Startup Cost": 81703.58, "Total Cost": 114144.53, "Plan Rows": 396404, "Plan Width": 29, "Inner Unique": true, "Hash Cond": "(mi_idx.movie_id = t.id), (LLVM Optimized)", "Plans": [{"Node Type": "Hash Join", "Parent Relationship": "Outer", "Join Type": "Inner", "Startup Cost": 2.41, "Total Cost": 27185.54, "Plan Rows": 345008, "Plan Width": 4, "Inner Unique": true, "Hash Cond": "(mi_idx.info_type_id = it.id), (LLVM Optimized)", "Plans": [{"Node Type": "Seq Scan", "Parent Relationship": "Outer", "Relation Name": "movie_info_idx", "Alias": "mi_idx", "Startup Cost": 0.0, "Total Cost": 20274.34, "Plan Rows": 1380034, "Plan Width": 8}, {"Node Type": "Hash", "Parent Relationship": "Inner", "Startup Cost": 2.4, "Total Cost": 2.4, "Plan Rows": 1, "Plan Width": 4, "Plans": [{"Node Type": "Seq Scan", "Parent Relationship": "Outer", "Relation Name": "info_type", "Alias": "it", "Startup Cost": 0.0, "Total Cost": 2.4, "Plan Rows": 1, "Plan Width": 4, "Filter": "((info)::text = 'bottom 10 rank'::text)"}]}]}, {"Node Type": "Hash", "Parent Relationship": "Inner", "Startup Cost": 72710.67, "Total Cost": 72710.67, "Plan Rows": 719240, "Plan Width": 25, "Plans": [{"Node Type": "Seq Scan", "Parent Relationship": "Outer", "Relation Name": "title", "Alias": "t", "Startup Cost": 2083.5, "Total Cost": 72710.67, "Plan Rows": 719240, "Plan Width": 25, "Filter": "((production_year >= 2005) AND (production_year <= 2010)), (LLVM Optimized)"}]}]}]}]}, {"Node Type": "Hash", "Parent Relationship": "Inner", "Startup Cost": 1.04, "Total Cost": 1.04, "Plan Rows": 1, "Plan Width": 4, "Plans": [{"Node Type": "Seq Scan", "Parent Relationship": "Outer", "Relation Name": "company_type", "Alias": "ct", "Startup Cost": 0.0, "Total Cost": 1.04, "Plan Rows": 1, "Plan Width": 4, "Filter": "((kind)::text = 'production companies'::text)"}]}]}]}, "Unique SQL Id": 1162488282, "Planner Runtime": 6}, "explain_analyze_plan": {"Plan": {"Node Type": "Aggregate", "Strategy": "Plain", "Startup Cost": 194575.8, "Total Cost": 194575.81, "Plan Rows": 1, "Plan Width": 113, "Actual Startup Time": 2946.517, "Actual Total Time": 2946.518, "Actual Rows": 1, "Actual Loops": 1, "Plans": [{"Node Type": "Hash Join", "Parent Relationship": "Outer", "Join Type": "Inner", "Startup Cost": 119100.63, "Total Cost": 191219.77, "Plan Rows": 447470, "Plan Width": 45, "Actual Startup Time": 2773.563, "Actual Total Time": 2946.484, "Actual Rows": 3, "Actual Loops": 1, "Inner Unique": true, "Hash Cond": "(mc.company_type_id = ct.id), (LLVM Optimized, Jit Execute)", "Plans": [{"Node Type": "Hash Join", "Parent Relationship": "Outer", "Join Type": "Inner", "Startup Cost": 119099.58, "Total Cost": 186749.22, "Plan Rows": 549199, "Plan Width": 49, "Actual Startup Time": 2098.009, "Actual Total Time": 2946.235, "Actual Rows": 66, "Actual Loops": 1, "Inner Unique": false, "Hash Cond": "(mc.movie_id = t.id), (LLVM Optimized, Jit Execute)", "Plans": [{"Node Type": "Seq Scan", "Parent Relationship": "Outer", "Relation Name": "movie_companies", "Alias": "mc", "Startup Cost": 0.0, "Total Cost": 48340.1, "Plan Rows": 2609035, "Plan Width": 32, "Actual Startup Time": 0.028, "Actual Total Time": 909.108, "Actual Rows": 1337087, "Actual Loops": 1, "Filter": "((note)::text !~~ '%(as Metro-Goldwyn-Mayer Pictures)%'::text), (LLVM Optimized, Jit Execute)", "Rows Removed by Filter": 1272041}, {"Node Type": "Hash", "Parent Relationship": "Inner", "Startup Cost": 114144.53, "Total Cost": 114144.53, "Plan Rows": 396404, "Plan Width": 29, "Actual Startup Time": 1767.491, "Actual Total Time": 1767.491, "Actual Rows": 4, "Actual Loops": 1, "Hash Buckets": 524288, "Hash Batches": 1, "Original Hash Batches": 1, "Peak Memory Usage": 1, "Plans": [{"Node Type": "Hash Join", "Parent Relationship": "Outer", "Join Type": "Inner", "Startup Cost": 81703.58, "Total Cost": 114144.53, "Plan Rows": 396404, "Plan Width": 29, "Actual Startup Time": 1767.441, "Actual Total Time": 1767.482, "Actual Rows": 4, "Actual Loops": 1, "Inner Unique": true, "Hash Cond": "(mi_idx.movie_id = t.id), (LLVM Optimized, Jit Execute)", "Plans": [{"Node Type": "Hash Join", "Parent Relationship": "Outer", "Join Type": "Inner", "Startup Cost": 2.41, "Total Cost": 27185.54, "Plan Rows": 345008, "Plan Width": 4, "Actual Startup Time": 530.475, "Actual Total Time": 530.49, "Actual Rows": 10, "Actual Loops": 1, "Inner Unique": true, "Hash Cond": "(mi_idx.info_type_id = it.id), (LLVM Optimized, Jit Execute)", "Plans": [{"Node Type": "Seq Scan", "Parent Relationship": "Outer", "Relation Name": "movie_info_idx", "Alias": "mi_idx", "Startup Cost": 0.0, "Total Cost": 20274.34, "Plan Rows": 1380034, "Plan Width": 8, "Actual Startup Time": 0.033, "Actual Total Time": 298.78, "Actual Rows": 1380034, "Actual Loops": 1}, {"Node Type": "Hash", "Parent Relationship": "Inner", "Startup Cost": 2.4, "Total Cost": 2.4, "Plan Rows": 1, "Plan Width": 4, "Actual Startup Time": 0.047, "Actual Total Time": 0.047, "Actual Rows": 1, "Actual Loops": 1, "Hash Buckets": 32768, "Hash Batches": 1, "Original Hash Batches": 1, "Peak Memory Usage": 1, "Plans": [{"Node Type": "Seq Scan", "Parent Relationship": "Outer", "Relation Name": "info_type", "Alias": "it", "Startup Cost": 0.0, "Total Cost": 2.4, "Plan Rows": 1, "Plan Width": 4, "Actual Startup Time": 0.043, "Actual Total Time": 0.044, "Actual Rows": 1, "Actual Loops": 1, "Filter": "((info)::text = 'bottom 10 rank'::text)", "Rows Removed by Filter": 111}]}]}, {"Node Type": "Hash", "Parent Relationship": "Inner", "Startup Cost": 72710.67, "Total Cost": 72710.67, "Plan Rows": 719240, "Plan Width": 25, "Actual Startup Time": 1236.258, "Actual Total Time": 1236.258, "Actual Rows": 716259, "Actual Loops": 1, "Hash Buckets": 1048576, "Hash Batches": 1, "Original Hash Batches": 1, "Peak Memory Usage": 41052, "Plans": [{"Node Type": "Seq Scan", "Parent Relationship": "Outer", "Relation Name": "title", "Alias": "t", "Startup Cost": 2083.5, "Total Cost": 72710.67, "Plan Rows": 719240, "Plan Width": 25, "Actual Startup Time": 0.032, "Actual Total Time": 894.577, "Actual Rows": 716259, "Actual Loops": 1, "Filter": "((production_year >= 2005) AND (production_year <= 2010)), (LLVM Optimized, Jit Execute)", "Rows Removed by Filter": 1812052}]}]}]}]}, {"Node Type": "Hash", "Parent Relationship": "Inner", "Startup Cost": 1.04, "Total Cost": 1.04, "Plan Rows": 1, "Plan Width": 4, "Actual Startup Time": 0.049, "Actual Total Time": 0.049, "Actual Rows": 1, "Actual Loops": 1, "Hash Buckets": 32768, "Hash Batches": 1, "Original Hash Batches": 1, "Peak Memory Usage": 1, "Plans": [{"Node Type": "Seq Scan", "Parent Relationship": "Outer", "Relation Name": "company_type", "Alias": "ct", "Startup Cost": 0.0, "Total Cost": 1.04, "Plan Rows": 1, "Plan Width": 4, "Actual Startup Time": 0.029, "Actual Total Time": 0.032, "Actual Rows": 1, "Actual Loops": 1, "Filter": "((kind)::text = 'production companies'::text)", "Rows Removed by Filter": 2}]}]}]}, "Triggers": [], "Planner Runtime": 10.864, "Total Runtime": 2957.448, "Unique SQL Id": 1162488282}}, "(1, '41')": {"explain_plan": {"Plan": {"Node Type": "Aggregate", "Strategy": "Plain", "Startup Cost": 264407.24, "Total Cost": 264407.25, "Plan Rows": 1, "Plan Width": 113, "Plans": [{"Node Type": "Hash Join", "Parent Relationship": "Outer", "Join Type": "Inner", "Startup Cost": 180303.61, "Total Cost": 261051.22, "Plan Rows": 447470, "Plan Width": 45, "Inner Unique": false, "Hash Cond": "(mc.movie_id = t.id), (LLVM Optimized)", "Plans": [{"Node Type": "Nested Loop", "Parent Relationship": "Outer", "Join Type": "Inner", "Startup Cost": 0.0, "Total Cost": 69436.41, "Plan Rows": 1304518, "Plan Width": 28, "Inner Unique": false, "Plans": [{"Node Type": "Index Scan", "Parent Relationship": "Outer", "Scan Direction": "Forward", "Index Name": "company_type_pkey", "Relation Name": "company_type", "Alias": "ct", "Startup Cost": 0.0, "Total Cost": 12.3, "Plan Rows": 1, "Plan Width": 4, "Filter": "((kind)::text = 'production companies'::text)"}, {"Node Type": "Index Scan", "Parent Relationship": "Inner", "Scan Direction": "Forward", "Index Name": "company_type_id_movie_companies", "Relation Name": "movie_companies", "Alias": "mc", "Startup Cost": 0.0, "Total Cost": 56378.94, "Plan Rows": 1304517, "Plan Width": 32, "Index Cond": "(company_type_id = ct.id), (LLVM Optimized)", "Filter": "((note)::text !~~ '%(as Metro-Goldwyn-Mayer Pictures)%'::text), (LLVM Optimized)"}]}, {"Node Type": "Hash", "Parent Relationship": "Inner", "Startup Cost": 175348.56, "Total Cost": 175348.56, "Plan Rows": 396404, "Plan Width": 29, "Plans": [{"Node Type": "Hash Join", "Parent Relationship": "Outer", "Join Type": "Inner", "Startup Cost": 131752.54, "Total Cost": 175348.56, "Plan Rows": 396404, "Plan Width": 29, "Inner Unique": true, "Hash Cond": "(mi_idx.movie_id = t.id), (LLVM Optimized)", "Plans": [{"Node Type": "Nested Loop", "Parent Relationship": "Outer", "Join Type": "Inner", "Startup Cost": 0.0, "Total Cost": 38338.2, "Plan Rows": 345008, "Plan Width": 4, "Inner Unique": false, "Plans": [{"Node Type": "Index Scan", "Parent Relationship": "Outer", "Scan Direction": "Forward", "Index Name": "info_type_pkey", "Relation Name": "info_type", "Alias": "it", "Startup Cost": 0.0, "Total Cost": 14.21, "Plan Rows": 1, "Plan Width": 4, "Filter": "((info)::text = 'bottom 10 rank'::text)"}, {"Node Type": "Index Scan", "Parent Relationship": "Inner", "Scan Direction": "Forward", "Index Name": "info_type_id_movie_info_idx", "Relation Name": "movie_info_idx", "Alias": "mi_idx", "Startup Cost": 0.0, "Total Cost": 34873.91, "Plan Rows": 345008, "Plan Width": 8, "Index Cond": "(info_type_id = it.id), (LLVM Optimized)"}]}, {"Node Type": "Hash", "Parent Relationship": "Inner", "Startup Cost": 122762.04, "Total Cost": 122762.04, "Plan Rows": 719240, "Plan Width": 25, "Plans": [{"Node Type": "Index Scan", "Parent Relationship": "Outer", "Scan Direction": "Forward", "Index Name": "title_pkey", "Relation Name": "title", "Alias": "t", "Startup Cost": 0.0, "Total Cost": 122762.04, "Plan Rows": 719240, "Plan Width": 25, "Filter": "((production_year >= 2005) AND (production_year <= 2010)), (LLVM Optimized)"}]}]}]}]}]}, "Unique SQL Id": 1162488282, "Planner Runtime": 4}, "explain_analyze_plan": {"Plan": {"Node Type": "Aggregate", "Strategy": "Plain", "Startup Cost": 264407.24, "Total Cost": 264407.25, "Plan Rows": 1, "Plan Width": 113, "Actual Startup Time": 4199.008, "Actual Total Time": 4199.009, "Actual Rows": 1, "Actual Loops": 1, "Plans": [{"Node Type": "Hash Join", "Parent Relationship": "Outer", "Join Type": "Inner", "Startup Cost": 180303.61, "Total Cost": 261051.22, "Plan Rows": 447470, "Plan Width": 45, "Actual Startup Time": 3870.665, "Actual Total Time": 4198.914, "Actual Rows": 3, "Actual Loops": 1, "Inner Unique": false, "Hash Cond": "(mc.movie_id = t.id), (LLVM Optimized, Jit Execute)", "Plans": [{"Node Type": "Nested Loop", "Parent Relationship": "Outer", "Join Type": "Inner", "Startup Cost": 0.0, "Total Cost": 69436.41, "Plan Rows": 1304518, "Plan Width": 28, "Actual Startup Time": 0.117, "Actual Total Time": 639.905, "Actual Rows": 140904, "Actual Loops": 1, "Inner Unique": false, "Plans": [{"Node Type": "Index Scan", "Parent Relationship": "Outer", "Scan Direction": "Forward", "Index Name": "company_type_pkey", "Relation Name": "company_type", "Alias": "ct", "Startup Cost": 0.0, "Total Cost": 12.3, "Plan Rows": 1, "Plan Width": 4, "Actual Startup Time": 0.029, "Actual Total Time": 0.047, "Actual Rows": 1, "Actual Loops": 1, "Filter": "((kind)::text = 'production companies'::text)", "Rows Removed by Filter": 2}, {"Node Type": "Index Scan", "Parent Relationship": "Inner", "Scan Direction": "Forward", "Index Name": "company_type_id_movie_companies", "Relation Name": "movie_companies", "Alias": "mc", "Startup Cost": 0.0, "Total Cost": 56378.94, "Plan Rows": 1304517, "Plan Width": 32, "Actual Startup Time": 0.081, "Actual Total Time": 611.349, "Actual Rows": 140904, "Actual Loops": 1, "Index Cond": "(company_type_id = ct.id), (LLVM Optimized, Jit Execute)", "Rows Removed by Index Recheck": 0, "Filter": "((note)::text !~~ '%(as Metro-Goldwyn-Mayer Pictures)%'::text), (LLVM Optimized, Jit Execute)", "Rows Removed by Filter": 1193979}]}, {"Node Type": "Hash", "Parent Relationship": "Inner", "Startup Cost": 175348.56, "Total Cost": 175348.56, "Plan Rows": 396404, "Plan Width": 29, "Actual Startup Time": 3530.006, "Actual Total Time": 3530.006, "Actual Rows": 4, "Actual Loops": 1, "Hash Buckets": 524288, "Hash Batches": 1, "Original Hash Batches": 1, "Peak Memory Usage": 1, "Plans": [{"Node Type": "Hash Join", "Parent Relationship": "Outer", "Join Type": "Inner", "Startup Cost": 131752.54, "Total Cost": 175348.56, "Plan Rows": 396404, "Plan Width": 29, "Actual Startup Time": 3529.966, "Actual Total Time": 3529.981, "Actual Rows": 4, "Actual Loops": 1, "Inner Unique": true, "Hash Cond": "(mi_idx.movie_id = t.id), (LLVM Optimized, Jit Execute)", "Plans": [{"Node Type": "Nested Loop", "Parent Relationship": "Outer", "Join Type": "Inner", "Startup Cost": 0.0, "Total Cost": 38338.2, "Plan Rows": 345008, "Plan Width": 4, "Actual Startup Time": 0.073, "Actual Total Time": 0.11, "Actual Rows": 10, "Actual Loops": 1, "Inner Unique": false, "Plans": [{"Node Type": "Index Scan", "Parent Relationship": "Outer", "Scan Direction": "Forward", "Index Name": "info_type_pkey", "Relation Name": "info_type", "Alias": "it", "Startup Cost": 0.0, "Total Cost": 14.21, "Plan Rows": 1, "Plan Width": 4, "Actual Startup Time": 0.06, "Actual Total Time": 0.064, "Actual Rows": 1, "Actual Loops": 1, "Filter": "((info)::text = 'bottom 10 rank'::text)", "Rows Removed by Filter": 111}, {"Node Type": "Index Scan", "Parent Relationship": "Inner", "Scan Direction": "Forward", "Index Name": "info_type_id_movie_info_idx", "Relation Name": "movie_info_idx", "Alias": "mi_idx", "Startup Cost": 0.0, "Total Cost": 34873.91, "Plan Rows": 345008, "Plan Width": 8, "Actual Startup Time": 0.01, "Actual Total Time": 0.034, "Actual Rows": 10, "Actual Loops": 1, "Index Cond": "(info_type_id = it.id), (LLVM Optimized, Jit Execute)", "Rows Removed by Index Recheck": 0}]}, {"Node Type": "Hash", "Parent Relationship": "Inner", "Startup Cost": 122762.04, "Total Cost": 122762.04, "Plan Rows": 719240, "Plan Width": 25, "Actual Startup Time": 3529.154, "Actual Total Time": 3529.154, "Actual Rows": 716259, "Actual Loops": 1, "Hash Buckets": 1048576, "Hash Batches": 1, "Original Hash Batches": 1, "Peak Memory Usage": 41052, "Plans": [{"Node Type": "Index Scan", "Parent Relationship": "Outer", "Scan Direction": "Forward", "Index Name": "title_pkey", "Relation Name": "title", "Alias": "t", "Startup Cost": 0.0, "Total Cost": 122762.04, "Plan Rows": 719240, "Plan Width": 25, "Actual Startup Time": 0.029, "Actual Total Time": 3198.546, "Actual Rows": 716259, "Actual Loops": 1, "Filter": "((production_year >= 2005) AND (production_year <= 2010)), (LLVM Optimized, Jit Execute)", "Rows Removed by Filter": 1812052}]}]}]}]}]}, "Triggers": [], "Planner Runtime": 9.249, "Total Runtime": 4211.085, "Unique SQL Id": 1162488282}}, "(1, '42')": {"explain_plan": {"Plan": {"Node Type": "Aggregate", "Strategy": "Plain", "Startup Cost": 194575.8, "Total Cost": 194575.81, "Plan Rows": 1, "Plan Width": 113, "Plans": [{"Node Type": "Hash Join", "Parent Relationship": "Outer", "Join Type": "Inner", "Startup Cost": 119100.63, "Total Cost": 191219.77, "Plan Rows": 447470, "Plan Width": 45, "Inner Unique": true, "Hash Cond": "(mc.company_type_id = ct.id), (LLVM Optimized)", "Plans": [{"Node Type": "Hash Join", "Parent Relationship": "Outer", "Join Type": "Inner", "Startup Cost": 119099.58, "Total Cost": 186749.22, "Plan Rows": 549199, "Plan Width": 49, "Inner Unique": false, "Hash Cond": "(mc.movie_id = t.id), (LLVM Optimized)", "Plans": [{"Node Type": "Seq Scan", "Parent Relationship": "Outer", "Relation Name": "movie_companies", "Alias": "mc", "Startup Cost": 0.0, "Total Cost": 48340.1, "Plan Rows": 2609035, "Plan Width": 32, "Filter": "((note)::text !~~ '%(as Metro-Goldwyn-Mayer Pictures)%'::text), (LLVM Optimized)"}, {"Node Type": "Hash", "Parent Relationship": "Inner", "Startup Cost": 114144.53, "Total Cost": 114144.53, "Plan Rows": 396404, "Plan Width": 29, "Plans": [{"Node Type": "Hash Join", "Parent Relationship": "Outer", "Join Type": "Inner", "Startup Cost": 81703.58, "Total Cost": 114144.53, "Plan Rows": 396404, "Plan Width": 29, "Inner Unique": true, "Hash Cond": "(mi_idx.movie_id = t.id), (LLVM Optimized)", "Plans": [{"Node Type": "Hash Join", "Parent Relationship": "Outer", "Join Type": "Inner", "Startup Cost": 2.41, "Total Cost": 27185.54, "Plan Rows": 345008, "Plan Width": 4, "Inner Unique": true, "Hash Cond": "(mi_idx.info_type_id = it.id), (LLVM Optimized)", "Plans": [{"Node Type": "Seq Scan", "Parent Relationship": "Outer", "Relation Name": "movie_info_idx", "Alias": "mi_idx", "Startup Cost": 0.0, "Total Cost": 20274.34, "Plan Rows": 1380034, "Plan Width": 8}, {"Node Type": "Hash", "Parent Relationship": "Inner", "Startup Cost": 2.4, "Total Cost": 2.4, "Plan Rows": 1, "Plan Width": 4, "Plans": [{"Node Type": "Seq Scan", "Parent Relationship": "Outer", "Relation Name": "info_type", "Alias": "it", "Startup Cost": 0.0, "Total Cost": 2.4, "Plan Rows": 1, "Plan Width": 4, "Filter": "((info)::text = 'bottom 10 rank'::text)"}]}]}, {"Node Type": "Hash", "Parent Relationship": "Inner", "Startup Cost": 72710.67, "Total Cost": 72710.67, "Plan Rows": 719240, "Plan Width": 25, "Plans": [{"Node Type": "Seq Scan", "Parent Relationship": "Outer", "Relation Name": "title", "Alias": "t", "Startup Cost": 2083.5, "Total Cost": 72710.67, "Plan Rows": 719240, "Plan Width": 25, "Filter": "((production_year >= 2005) AND (production_year <= 2010)), (LLVM Optimized)"}]}]}]}]}, {"Node Type": "Hash", "Parent Relationship": "Inner", "Startup Cost": 1.04, "Total Cost": 1.04, "Plan Rows": 1, "Plan Width": 4, "Plans": [{"Node Type": "Seq Scan", "Parent Relationship": "Outer", "Relation Name": "company_type", "Alias": "ct", "Startup Cost": 0.0, "Total Cost": 1.04, "Plan Rows": 1, "Plan Width": 4, "Filter": "((kind)::text = 'production companies'::text)"}]}]}]}, "Unique SQL Id": 1162488282, "Planner Runtime": 6}, "explain_analyze_plan": {"Plan": {"Node Type": "Aggregate", "Strategy": "Plain", "Startup Cost": 194575.8, "Total Cost": 194575.81, "Plan Rows": 1, "Plan Width": 113, "Actual Startup Time": 2946.517, "Actual Total Time": 2946.518, "Actual Rows": 1, "Actual Loops": 1, "Plans": [{"Node Type": "Hash Join", "Parent Relationship": "Outer", "Join Type": "Inner", "Startup Cost": 119100.63, "Total Cost": 191219.77, "Plan Rows": 447470, "Plan Width": 45, "Actual Startup Time": 2773.563, "Actual Total Time": 2946.484, "Actual Rows": 3, "Actual Loops": 1, "Inner Unique": true, "Hash Cond": "(mc.company_type_id = ct.id), (LLVM Optimized, Jit Execute)", "Plans": [{"Node Type": "Hash Join", "Parent Relationship": "Outer", "Join Type": "Inner", "Startup Cost": 119099.58, "Total Cost": 186749.22, "Plan Rows": 549199, "Plan Width": 49, "Actual Startup Time": 2098.009, "Actual Total Time": 2946.235, "Actual Rows": 66, "Actual Loops": 1, "Inner Unique": false, "Hash Cond": "(mc.movie_id = t.id), (LLVM Optimized, Jit Execute)", "Plans": [{"Node Type": "Seq Scan", "Parent Relationship": "Outer", "Relation Name": "movie_companies", "Alias": "mc", "Startup Cost": 0.0, "Total Cost": 48340.1, "Plan Rows": 2609035, "Plan Width": 32, "Actual Startup Time": 0.028, "Actual Total Time": 909.108, "Actual Rows": 1337087, "Actual Loops": 1, "Filter": "((note)::text !~~ '%(as Metro-Goldwyn-Mayer Pictures)%'::text), (LLVM Optimized, Jit Execute)", "Rows Removed by Filter": 1272041}, {"Node Type": "Hash", "Parent Relationship": "Inner", "Startup Cost": 114144.53, "Total Cost": 114144.53, "Plan Rows": 396404, "Plan Width": 29, "Actual Startup Time": 1767.491, "Actual Total Time": 1767.491, "Actual Rows": 4, "Actual Loops": 1, "Hash Buckets": 524288, "Hash Batches": 1, "Original Hash Batches": 1, "Peak Memory Usage": 1, "Plans": [{"Node Type": "Hash Join", "Parent Relationship": "Outer", "Join Type": "Inner", "Startup Cost": 81703.58, "Total Cost": 114144.53, "Plan Rows": 396404, "Plan Width": 29, "Actual Startup Time": 1767.441, "Actual Total Time": 1767.482, "Actual Rows": 4, "Actual Loops": 1, "Inner Unique": true, "Hash Cond": "(mi_idx.movie_id = t.id), (LLVM Optimized, Jit Execute)", "Plans": [{"Node Type": "Hash Join", "Parent Relationship": "Outer", "Join Type": "Inner", "Startup Cost": 2.41, "Total Cost": 27185.54, "Plan Rows": 345008, "Plan Width": 4, "Actual Startup Time": 530.475, "Actual Total Time": 530.49, "Actual Rows": 10, "Actual Loops": 1, "Inner Unique": true, "Hash Cond": "(mi_idx.info_type_id = it.id), (LLVM Optimized, Jit Execute)", "Plans": [{"Node Type": "Seq Scan", "Parent Relationship": "Outer", "Relation Name": "movie_info_idx", "Alias": "mi_idx", "Startup Cost": 0.0, "Total Cost": 20274.34, "Plan Rows": 1380034, "Plan Width": 8, "Actual Startup Time": 0.033, "Actual Total Time": 298.78, "Actual Rows": 1380034, "Actual Loops": 1}, {"Node Type": "Hash", "Parent Relationship": "Inner", "Startup Cost": 2.4, "Total Cost": 2.4, "Plan Rows": 1, "Plan Width": 4, "Actual Startup Time": 0.047, "Actual Total Time": 0.047, "Actual Rows": 1, "Actual Loops": 1, "Hash Buckets": 32768, "Hash Batches": 1, "Original Hash Batches": 1, "Peak Memory Usage": 1, "Plans": [{"Node Type": "Seq Scan", "Parent Relationship": "Outer", "Relation Name": "info_type", "Alias": "it", "Startup Cost": 0.0, "Total Cost": 2.4, "Plan Rows": 1, "Plan Width": 4, "Actual Startup Time": 0.043, "Actual Total Time": 0.044, "Actual Rows": 1, "Actual Loops": 1, "Filter": "((info)::text = 'bottom 10 rank'::text)", "Rows Removed by Filter": 111}]}]}, {"Node Type": "Hash", "Parent Relationship": "Inner", "Startup Cost": 72710.67, "Total Cost": 72710.67, "Plan Rows": 719240, "Plan Width": 25, "Actual Startup Time": 1236.258, "Actual Total Time": 1236.258, "Actual Rows": 716259, "Actual Loops": 1, "Hash Buckets": 1048576, "Hash Batches": 1, "Original Hash Batches": 1, "Peak Memory Usage": 41052, "Plans": [{"Node Type": "Seq Scan", "Parent Relationship": "Outer", "Relation Name": "title", "Alias": "t", "Startup Cost": 2083.5, "Total Cost": 72710.67, "Plan Rows": 719240, "Plan Width": 25, "Actual Startup Time": 0.032, "Actual Total Time": 894.577, "Actual Rows": 716259, "Actual Loops": 1, "Filter": "((production_year >= 2005) AND (production_year <= 2010)), (LLVM Optimized, Jit Execute)", "Rows Removed by Filter": 1812052}]}]}]}]}, {"Node Type": "Hash", "Parent Relationship": "Inner", "Startup Cost": 1.04, "Total Cost": 1.04, "Plan Rows": 1, "Plan Width": 4, "Actual Startup Time": 0.049, "Actual Total Time": 0.049, "Actual Rows": 1, "Actual Loops": 1, "Hash Buckets": 32768, "Hash Batches": 1, "Original Hash Batches": 1, "Peak Memory Usage": 1, "Plans": [{"Node Type": "Seq Scan", "Parent Relationship": "Outer", "Relation Name": "company_type", "Alias": "ct", "Startup Cost": 0.0, "Total Cost": 1.04, "Plan Rows": 1, "Plan Width": 4, "Actual Startup Time": 0.029, "Actual Total Time": 0.032, "Actual Rows": 1, "Actual Loops": 1, "Filter": "((kind)::text = 'production companies'::text)", "Rows Removed by Filter": 2}]}]}]}, "Triggers": [], "Planner Runtime": 10.864, "Total Runtime": 2957.448, "Unique SQL Id": 1162488282}}, "(1, '43')": {"explain_plan": {"Plan": {"Node Type": "Aggregate", "Strategy": "Plain", "Startup Cost": 5011509593772.63, "Total Cost": 5011509593772.64, "Plan Rows": 1, "Plan Width": 113, "Plans": [{"Node Type": "Nested Loop", "Parent Relationship": "Outer", "Join Type": "Inner", "Startup Cost": 50000000000.0, "Total Cost": 5011509590416.61, "Plan Rows": 447470, "Plan Width": 45, "Inner Unique": false, "Join Filter": "(mc.movie_id = t.id), (LLVM Optimized)", "Plans": [{"Node Type": "Nested Loop", "Parent Relationship": "Outer", "Join Type": "Inner", "Startup Cost": 20000000000.0, "Total Cost": 2000013744593.91, "Plan Rows": 1304518, "Plan Width": 28, "Inner Unique": true, "Join Filter": "(ct.id = mc.company_type_id), (LLVM Optimized)", "Plans": [{"Node Type": "Index Scan", "Parent Relationship": "Outer", "Scan Direction": "Forward", "Index Name": "movie_id_movie_companies", "Relation Name": "movie_companies", "Alias": "mc", "Startup Cost": 10000000000.0, "Total Cost": 1000013704228.13, "Plan Rows": 2609035, "Plan Width": 32, "Filter": "((note)::text !~~ '%(as Metro-Goldwyn-Mayer Pictures)%'::text), (LLVM Optimized)"}, {"Node Type": "Materialize", "Parent Relationship": "Inner", "Startup Cost": 10000000000.0, "Total Cost": 1000000001230.26, "Plan Rows": 1, "Plan Width": 4, "Plans": [{"Node Type": "Index Scan", "Parent Relationship": "Outer", "Scan Direction": "Forward", "Index Name": "company_type_pkey", "Relation Name": "company_type", "Alias": "ct", "Startup Cost": 10000000000.0, "Total Cost": 1000000001230.25, "Plan Rows": 1, "Plan Width": 4, "Filter": "((kind)::text = 'production companies'::text)"}]}]}, {"Node Type": "Materialize", "Parent Relationship": "Inner", "Startup Cost": 30000000000.0, "Total Cost": 3003739104514.63, "Plan Rows": 396404, "Plan Width": 29, "Plans": [{"Node Type": "Nested Loop", "Parent Relationship": "Outer", "Join Type": "Inner", "Startup Cost": 30000000000.0, "Total Cost": 3003739102532.61, "Plan Rows": 396404, "Plan Width": 29, "Inner Unique": false, "Join Filter": "(mi_idx.movie_id = t.id), (LLVM Optimized)", "Plans": [{"Node Type": "Index Scan", "Parent Relationship": "Outer", "Scan Direction": "Forward", "Index Name": "title_pkey", "Relation Name": "title", "Alias": "t", "Startup Cost": 10000000000.0, "Total Cost": 1000012276204.41, "Plan Rows": 719240, "Plan Width": 25, "Filter": "((production_year >= 2005) AND (production_year <= 2010)), (LLVM Optimized)"}, {"Node Type": "Materialize", "Parent Relationship": "Inner", "Startup Cost": 20000000000.0, "Total Cost": 2000004673881.92, "Plan Rows": 345008, "Plan Width": 4, "Plans": [{"Node Type": "Nested Loop", "Parent Relationship": "Outer", "Join Type": "Inner", "Startup Cost": 20000000000.0, "Total Cost": 2000004672156.88, "Plan Rows": 345008, "Plan Width": 4, "Inner Unique": true, "Join Filter": "(it.id = mi_idx.info_type_id), (LLVM Optimized)", "Plans": [{"Node Type": "Index Scan", "Parent Relationship": "Outer", "Scan Direction": "Forward", "Index Name": "movie_id_movie_info_idx", "Relation Name": "movie_info_idx", "Alias": "mi_idx", "Startup Cost": 10000000000.0, "Total Cost": 1000004650035.37, "Plan Rows": 1380034, "Plan Width": 8}, {"Node Type": "Materialize", "Parent Relationship": "Inner", "Startup Cost": 10000000000.0, "Total Cost": 1000000001421.0, "Plan Rows": 1, "Plan Width": 4, "Plans": [{"Node Type": "Index Scan", "Parent Relationship": "Outer", "Scan Direction": "Forward", "Index Name": "info_type_pkey", "Relation Name": "info_type", "Alias": "it", "Startup Cost": 10000000000.0, "Total Cost": 1000000001421.0, "Plan Rows": 1, "Plan Width": 4, "Filter": "((info)::text = 'bottom 10 rank'::text)"}]}]}]}]}]}]}]}, "Unique SQL Id": 1162488282, "Planner Runtime": 4}, "explain_analyze_plan": null}, "(1, '44')": {"explain_plan": {"Plan": {"Node Type": "Aggregate", "Strategy": "Plain", "Startup Cost": 194575.8, "Total Cost": 194575.81, "Plan Rows": 1, "Plan Width": 113, "Plans": [{"Node Type": "Hash Join", "Parent Relationship": "Outer", "Join Type": "Inner", "Startup Cost": 119100.63, "Total Cost": 191219.77, "Plan Rows": 447470, "Plan Width": 45, "Inner Unique": true, "Hash Cond": "(mc.company_type_id = ct.id), (LLVM Optimized)", "Plans": [{"Node Type": "Hash Join", "Parent Relationship": "Outer", "Join Type": "Inner", "Startup Cost": 119099.58, "Total Cost": 186749.22, "Plan Rows": 549199, "Plan Width": 49, "Inner Unique": false, "Hash Cond": "(mc.movie_id = t.id), (LLVM Optimized)", "Plans": [{"Node Type": "Seq Scan", "Parent Relationship": "Outer", "Relation Name": "movie_companies", "Alias": "mc", "Startup Cost": 0.0, "Total Cost": 48340.1, "Plan Rows": 2609035, "Plan Width": 32, "Filter": "((note)::text !~~ '%(as Metro-Goldwyn-Mayer Pictures)%'::text), (LLVM Optimized)"}, {"Node Type": "Hash", "Parent Relationship": "Inner", "Startup Cost": 114144.53, "Total Cost": 114144.53, "Plan Rows": 396404, "Plan Width": 29, "Plans": [{"Node Type": "Hash Join", "Parent Relationship": "Outer", "Join Type": "Inner", "Startup Cost": 81703.58, "Total Cost": 114144.53, "Plan Rows": 396404, "Plan Width": 29, "Inner Unique": true, "Hash Cond": "(mi_idx.movie_id = t.id), (LLVM Optimized)", "Plans": [{"Node Type": "Hash Join", "Parent Relationship": "Outer", "Join Type": "Inner", "Startup Cost": 2.41, "Total Cost": 27185.54, "Plan Rows": 345008, "Plan Width": 4, "Inner Unique": true, "Hash Cond": "(mi_idx.info_type_id = it.id), (LLVM Optimized)", "Plans": [{"Node Type": "Seq Scan", "Parent Relationship": "Outer", "Relation Name": "movie_info_idx", "Alias": "mi_idx", "Startup Cost": 0.0, "Total Cost": 20274.34, "Plan Rows": 1380034, "Plan Width": 8}, {"Node Type": "Hash", "Parent Relationship": "Inner", "Startup Cost": 2.4, "Total Cost": 2.4, "Plan Rows": 1, "Plan Width": 4, "Plans": [{"Node Type": "Seq Scan", "Parent Relationship": "Outer", "Relation Name": "info_type", "Alias": "it", "Startup Cost": 0.0, "Total Cost": 2.4, "Plan Rows": 1, "Plan Width": 4, "Filter": "((info)::text = 'bottom 10 rank'::text)"}]}]}, {"Node Type": "Hash", "Parent Relationship": "Inner", "Startup Cost": 72710.67, "Total Cost": 72710.67, "Plan Rows": 719240, "Plan Width": 25, "Plans": [{"Node Type": "Seq Scan", "Parent Relationship": "Outer", "Relation Name": "title", "Alias": "t", "Startup Cost": 2083.5, "Total Cost": 72710.67, "Plan Rows": 719240, "Plan Width": 25, "Filter": "((production_year >= 2005) AND (production_year <= 2010)), (LLVM Optimized)"}]}]}]}]}, {"Node Type": "Hash", "Parent Relationship": "Inner", "Startup Cost": 1.04, "Total Cost": 1.04, "Plan Rows": 1, "Plan Width": 4, "Plans": [{"Node Type": "Seq Scan", "Parent Relationship": "Outer", "Relation Name": "company_type", "Alias": "ct", "Startup Cost": 0.0, "Total Cost": 1.04, "Plan Rows": 1, "Plan Width": 4, "Filter": "((kind)::text = 'production companies'::text)"}]}]}]}, "Unique SQL Id": 1162488282, "Planner Runtime": 6}, "explain_analyze_plan": {"Plan": {"Node Type": "Aggregate", "Strategy": "Plain", "Startup Cost": 194575.8, "Total Cost": 194575.81, "Plan Rows": 1, "Plan Width": 113, "Actual Startup Time": 2946.517, "Actual Total Time": 2946.518, "Actual Rows": 1, "Actual Loops": 1, "Plans": [{"Node Type": "Hash Join", "Parent Relationship": "Outer", "Join Type": "Inner", "Startup Cost": 119100.63, "Total Cost": 191219.77, "Plan Rows": 447470, "Plan Width": 45, "Actual Startup Time": 2773.563, "Actual Total Time": 2946.484, "Actual Rows": 3, "Actual Loops": 1, "Inner Unique": true, "Hash Cond": "(mc.company_type_id = ct.id), (LLVM Optimized, Jit Execute)", "Plans": [{"Node Type": "Hash Join", "Parent Relationship": "Outer", "Join Type": "Inner", "Startup Cost": 119099.58, "Total Cost": 186749.22, "Plan Rows": 549199, "Plan Width": 49, "Actual Startup Time": 2098.009, "Actual Total Time": 2946.235, "Actual Rows": 66, "Actual Loops": 1, "Inner Unique": false, "Hash Cond": "(mc.movie_id = t.id), (LLVM Optimized, Jit Execute)", "Plans": [{"Node Type": "Seq Scan", "Parent Relationship": "Outer", "Relation Name": "movie_companies", "Alias": "mc", "Startup Cost": 0.0, "Total Cost": 48340.1, "Plan Rows": 2609035, "Plan Width": 32, "Actual Startup Time": 0.028, "Actual Total Time": 909.108, "Actual Rows": 1337087, "Actual Loops": 1, "Filter": "((note)::text !~~ '%(as Metro-Goldwyn-Mayer Pictures)%'::text), (LLVM Optimized, Jit Execute)", "Rows Removed by Filter": 1272041}, {"Node Type": "Hash", "Parent Relationship": "Inner", "Startup Cost": 114144.53, "Total Cost": 114144.53, "Plan Rows": 396404, "Plan Width": 29, "Actual Startup Time": 1767.491, "Actual Total Time": 1767.491, "Actual Rows": 4, "Actual Loops": 1, "Hash Buckets": 524288, "Hash Batches": 1, "Original Hash Batches": 1, "Peak Memory Usage": 1, "Plans": [{"Node Type": "Hash Join", "Parent Relationship": "Outer", "Join Type": "Inner", "Startup Cost": 81703.58, "Total Cost": 114144.53, "Plan Rows": 396404, "Plan Width": 29, "Actual Startup Time": 1767.441, "Actual Total Time": 1767.482, "Actual Rows": 4, "Actual Loops": 1, "Inner Unique": true, "Hash Cond": "(mi_idx.movie_id = t.id), (LLVM Optimized, Jit Execute)", "Plans": [{"Node Type": "Hash Join", "Parent Relationship": "Outer", "Join Type": "Inner", "Startup Cost": 2.41, "Total Cost": 27185.54, "Plan Rows": 345008, "Plan Width": 4, "Actual Startup Time": 530.475, "Actual Total Time": 530.49, "Actual Rows": 10, "Actual Loops": 1, "Inner Unique": true, "Hash Cond": "(mi_idx.info_type_id = it.id), (LLVM Optimized, Jit Execute)", "Plans": [{"Node Type": "Seq Scan", "Parent Relationship": "Outer", "Relation Name": "movie_info_idx", "Alias": "mi_idx", "Startup Cost": 0.0, "Total Cost": 20274.34, "Plan Rows": 1380034, "Plan Width": 8, "Actual Startup Time": 0.033, "Actual Total Time": 298.78, "Actual Rows": 1380034, "Actual Loops": 1}, {"Node Type": "Hash", "Parent Relationship": "Inner", "Startup Cost": 2.4, "Total Cost": 2.4, "Plan Rows": 1, "Plan Width": 4, "Actual Startup Time": 0.047, "Actual Total Time": 0.047, "Actual Rows": 1, "Actual Loops": 1, "Hash Buckets": 32768, "Hash Batches": 1, "Original Hash Batches": 1, "Peak Memory Usage": 1, "Plans": [{"Node Type": "Seq Scan", "Parent Relationship": "Outer", "Relation Name": "info_type", "Alias": "it", "Startup Cost": 0.0, "Total Cost": 2.4, "Plan Rows": 1, "Plan Width": 4, "Actual Startup Time": 0.043, "Actual Total Time": 0.044, "Actual Rows": 1, "Actual Loops": 1, "Filter": "((info)::text = 'bottom 10 rank'::text)", "Rows Removed by Filter": 111}]}]}, {"Node Type": "Hash", "Parent Relationship": "Inner", "Startup Cost": 72710.67, "Total Cost": 72710.67, "Plan Rows": 719240, "Plan Width": 25, "Actual Startup Time": 1236.258, "Actual Total Time": 1236.258, "Actual Rows": 716259, "Actual Loops": 1, "Hash Buckets": 1048576, "Hash Batches": 1, "Original Hash Batches": 1, "Peak Memory Usage": 41052, "Plans": [{"Node Type": "Seq Scan", "Parent Relationship": "Outer", "Relation Name": "title", "Alias": "t", "Startup Cost": 2083.5, "Total Cost": 72710.67, "Plan Rows": 719240, "Plan Width": 25, "Actual Startup Time": 0.032, "Actual Total Time": 894.577, "Actual Rows": 716259, "Actual Loops": 1, "Filter": "((production_year >= 2005) AND (production_year <= 2010)), (LLVM Optimized, Jit Execute)", "Rows Removed by Filter": 1812052}]}]}]}]}, {"Node Type": "Hash", "Parent Relationship": "Inner", "Startup Cost": 1.04, "Total Cost": 1.04, "Plan Rows": 1, "Plan Width": 4, "Actual Startup Time": 0.049, "Actual Total Time": 0.049, "Actual Rows": 1, "Actual Loops": 1, "Hash Buckets": 32768, "Hash Batches": 1, "Original Hash Batches": 1, "Peak Memory Usage": 1, "Plans": [{"Node Type": "Seq Scan", "Parent Relationship": "Outer", "Relation Name": "company_type", "Alias": "ct", "Startup Cost": 0.0, "Total Cost": 1.04, "Plan Rows": 1, "Plan Width": 4, "Actual Startup Time": 0.029, "Actual Total Time": 0.032, "Actual Rows": 1, "Actual Loops": 1, "Filter": "((kind)::text = 'production companies'::text)", "Rows Removed by Filter": 2}]}]}]}, "Triggers": [], "Planner Runtime": 10.864, "Total Runtime": 2957.448, "Unique SQL Id": 1162488282}}, "(1, '45')": {"explain_plan": {"Plan": {"Node Type": "Aggregate", "Strategy": "Plain", "Startup Cost": 264407.24, "Total Cost": 264407.25, "Plan Rows": 1, "Plan Width": 113, "Plans": [{"Node Type": "Hash Join", "Parent Relationship": "Outer", "Join Type": "Inner", "Startup Cost": 180303.61, "Total Cost": 261051.22, "Plan Rows": 447470, "Plan Width": 45, "Inner Unique": false, "Hash Cond": "(mc.movie_id = t.id), (LLVM Optimized)", "Plans": [{"Node Type": "Nested Loop", "Parent Relationship": "Outer", "Join Type": "Inner", "Startup Cost": 0.0, "Total Cost": 69436.41, "Plan Rows": 1304518, "Plan Width": 28, "Inner Unique": false, "Plans": [{"Node Type": "Index Scan", "Parent Relationship": "Outer", "Scan Direction": "Forward", "Index Name": "company_type_pkey", "Relation Name": "company_type", "Alias": "ct", "Startup Cost": 0.0, "Total Cost": 12.3, "Plan Rows": 1, "Plan Width": 4, "Filter": "((kind)::text = 'production companies'::text)"}, {"Node Type": "Index Scan", "Parent Relationship": "Inner", "Scan Direction": "Forward", "Index Name": "company_type_id_movie_companies", "Relation Name": "movie_companies", "Alias": "mc", "Startup Cost": 0.0, "Total Cost": 56378.94, "Plan Rows": 1304517, "Plan Width": 32, "Index Cond": "(company_type_id = ct.id), (LLVM Optimized)", "Filter": "((note)::text !~~ '%(as Metro-Goldwyn-Mayer Pictures)%'::text), (LLVM Optimized)"}]}, {"Node Type": "Hash", "Parent Relationship": "Inner", "Startup Cost": 175348.56, "Total Cost": 175348.56, "Plan Rows": 396404, "Plan Width": 29, "Plans": [{"Node Type": "Hash Join", "Parent Relationship": "Outer", "Join Type": "Inner", "Startup Cost": 131752.54, "Total Cost": 175348.56, "Plan Rows": 396404, "Plan Width": 29, "Inner Unique": true, "Hash Cond": "(mi_idx.movie_id = t.id), (LLVM Optimized)", "Plans": [{"Node Type": "Nested Loop", "Parent Relationship": "Outer", "Join Type": "Inner", "Startup Cost": 0.0, "Total Cost": 38338.2, "Plan Rows": 345008, "Plan Width": 4, "Inner Unique": false, "Plans": [{"Node Type": "Index Scan", "Parent Relationship": "Outer", "Scan Direction": "Forward", "Index Name": "info_type_pkey", "Relation Name": "info_type", "Alias": "it", "Startup Cost": 0.0, "Total Cost": 14.21, "Plan Rows": 1, "Plan Width": 4, "Filter": "((info)::text = 'bottom 10 rank'::text)"}, {"Node Type": "Index Scan", "Parent Relationship": "Inner", "Scan Direction": "Forward", "Index Name": "info_type_id_movie_info_idx", "Relation Name": "movie_info_idx", "Alias": "mi_idx", "Startup Cost": 0.0, "Total Cost": 34873.91, "Plan Rows": 345008, "Plan Width": 8, "Index Cond": "(info_type_id = it.id), (LLVM Optimized)"}]}, {"Node Type": "Hash", "Parent Relationship": "Inner", "Startup Cost": 122762.04, "Total Cost": 122762.04, "Plan Rows": 719240, "Plan Width": 25, "Plans": [{"Node Type": "Index Scan", "Parent Relationship": "Outer", "Scan Direction": "Forward", "Index Name": "title_pkey", "Relation Name": "title", "Alias": "t", "Startup Cost": 0.0, "Total Cost": 122762.04, "Plan Rows": 719240, "Plan Width": 25, "Filter": "((production_year >= 2005) AND (production_year <= 2010)), (LLVM Optimized)"}]}]}]}]}]}, "Unique SQL Id": 1162488282, "Planner Runtime": 5}, "explain_analyze_plan": {"Plan": {"Node Type": "Aggregate", "Strategy": "Plain", "Startup Cost": 264407.24, "Total Cost": 264407.25, "Plan Rows": 1, "Plan Width": 113, "Actual Startup Time": 4199.008, "Actual Total Time": 4199.009, "Actual Rows": 1, "Actual Loops": 1, "Plans": [{"Node Type": "Hash Join", "Parent Relationship": "Outer", "Join Type": "Inner", "Startup Cost": 180303.61, "Total Cost": 261051.22, "Plan Rows": 447470, "Plan Width": 45, "Actual Startup Time": 3870.665, "Actual Total Time": 4198.914, "Actual Rows": 3, "Actual Loops": 1, "Inner Unique": false, "Hash Cond": "(mc.movie_id = t.id), (LLVM Optimized, Jit Execute)", "Plans": [{"Node Type": "Nested Loop", "Parent Relationship": "Outer", "Join Type": "Inner", "Startup Cost": 0.0, "Total Cost": 69436.41, "Plan Rows": 1304518, "Plan Width": 28, "Actual Startup Time": 0.117, "Actual Total Time": 639.905, "Actual Rows": 140904, "Actual Loops": 1, "Inner Unique": false, "Plans": [{"Node Type": "Index Scan", "Parent Relationship": "Outer", "Scan Direction": "Forward", "Index Name": "company_type_pkey", "Relation Name": "company_type", "Alias": "ct", "Startup Cost": 0.0, "Total Cost": 12.3, "Plan Rows": 1, "Plan Width": 4, "Actual Startup Time": 0.029, "Actual Total Time": 0.047, "Actual Rows": 1, "Actual Loops": 1, "Filter": "((kind)::text = 'production companies'::text)", "Rows Removed by Filter": 2}, {"Node Type": "Index Scan", "Parent Relationship": "Inner", "Scan Direction": "Forward", "Index Name": "company_type_id_movie_companies", "Relation Name": "movie_companies", "Alias": "mc", "Startup Cost": 0.0, "Total Cost": 56378.94, "Plan Rows": 1304517, "Plan Width": 32, "Actual Startup Time": 0.081, "Actual Total Time": 611.349, "Actual Rows": 140904, "Actual Loops": 1, "Index Cond": "(company_type_id = ct.id), (LLVM Optimized, Jit Execute)", "Rows Removed by Index Recheck": 0, "Filter": "((note)::text !~~ '%(as Metro-Goldwyn-Mayer Pictures)%'::text), (LLVM Optimized, Jit Execute)", "Rows Removed by Filter": 1193979}]}, {"Node Type": "Hash", "Parent Relationship": "Inner", "Startup Cost": 175348.56, "Total Cost": 175348.56, "Plan Rows": 396404, "Plan Width": 29, "Actual Startup Time": 3530.006, "Actual Total Time": 3530.006, "Actual Rows": 4, "Actual Loops": 1, "Hash Buckets": 524288, "Hash Batches": 1, "Original Hash Batches": 1, "Peak Memory Usage": 1, "Plans": [{"Node Type": "Hash Join", "Parent Relationship": "Outer", "Join Type": "Inner", "Startup Cost": 131752.54, "Total Cost": 175348.56, "Plan Rows": 396404, "Plan Width": 29, "Actual Startup Time": 3529.966, "Actual Total Time": 3529.981, "Actual Rows": 4, "Actual Loops": 1, "Inner Unique": true, "Hash Cond": "(mi_idx.movie_id = t.id), (LLVM Optimized, Jit Execute)", "Plans": [{"Node Type": "Nested Loop", "Parent Relationship": "Outer", "Join Type": "Inner", "Startup Cost": 0.0, "Total Cost": 38338.2, "Plan Rows": 345008, "Plan Width": 4, "Actual Startup Time": 0.073, "Actual Total Time": 0.11, "Actual Rows": 10, "Actual Loops": 1, "Inner Unique": false, "Plans": [{"Node Type": "Index Scan", "Parent Relationship": "Outer", "Scan Direction": "Forward", "Index Name": "info_type_pkey", "Relation Name": "info_type", "Alias": "it", "Startup Cost": 0.0, "Total Cost": 14.21, "Plan Rows": 1, "Plan Width": 4, "Actual Startup Time": 0.06, "Actual Total Time": 0.064, "Actual Rows": 1, "Actual Loops": 1, "Filter": "((info)::text = 'bottom 10 rank'::text)", "Rows Removed by Filter": 111}, {"Node Type": "Index Scan", "Parent Relationship": "Inner", "Scan Direction": "Forward", "Index Name": "info_type_id_movie_info_idx", "Relation Name": "movie_info_idx", "Alias": "mi_idx", "Startup Cost": 0.0, "Total Cost": 34873.91, "Plan Rows": 345008, "Plan Width": 8, "Actual Startup Time": 0.01, "Actual Total Time": 0.034, "Actual Rows": 10, "Actual Loops": 1, "Index Cond": "(info_type_id = it.id), (LLVM Optimized, Jit Execute)", "Rows Removed by Index Recheck": 0}]}, {"Node Type": "Hash", "Parent Relationship": "Inner", "Startup Cost": 122762.04, "Total Cost": 122762.04, "Plan Rows": 719240, "Plan Width": 25, "Actual Startup Time": 3529.154, "Actual Total Time": 3529.154, "Actual Rows": 716259, "Actual Loops": 1, "Hash Buckets": 1048576, "Hash Batches": 1, "Original Hash Batches": 1, "Peak Memory Usage": 41052, "Plans": [{"Node Type": "Index Scan", "Parent Relationship": "Outer", "Scan Direction": "Forward", "Index Name": "title_pkey", "Relation Name": "title", "Alias": "t", "Startup Cost": 0.0, "Total Cost": 122762.04, "Plan Rows": 719240, "Plan Width": 25, "Actual Startup Time": 0.029, "Actual Total Time": 3198.546, "Actual Rows": 716259, "Actual Loops": 1, "Filter": "((production_year >= 2005) AND (production_year <= 2010)), (LLVM Optimized, Jit Execute)", "Rows Removed by Filter": 1812052}]}]}]}]}]}, "Triggers": [], "Planner Runtime": 9.249, "Total Runtime": 4211.085, "Unique SQL Id": 1162488282}}, "(1, '46')": {"explain_plan": {"Plan": {"Node Type": "Aggregate", "Strategy": "Plain", "Startup Cost": 194575.8, "Total Cost": 194575.81, "Plan Rows": 1, "Plan Width": 113, "Plans": [{"Node Type": "Hash Join", "Parent Relationship": "Outer", "Join Type": "Inner", "Startup Cost": 119100.63, "Total Cost": 191219.77, "Plan Rows": 447470, "Plan Width": 45, "Inner Unique": true, "Hash Cond": "(mc.company_type_id = ct.id), (LLVM Optimized)", "Plans": [{"Node Type": "Hash Join", "Parent Relationship": "Outer", "Join Type": "Inner", "Startup Cost": 119099.58, "Total Cost": 186749.22, "Plan Rows": 549199, "Plan Width": 49, "Inner Unique": false, "Hash Cond": "(mc.movie_id = t.id), (LLVM Optimized)", "Plans": [{"Node Type": "Seq Scan", "Parent Relationship": "Outer", "Relation Name": "movie_companies", "Alias": "mc", "Startup Cost": 0.0, "Total Cost": 48340.1, "Plan Rows": 2609035, "Plan Width": 32, "Filter": "((note)::text !~~ '%(as Metro-Goldwyn-Mayer Pictures)%'::text), (LLVM Optimized)"}, {"Node Type": "Hash", "Parent Relationship": "Inner", "Startup Cost": 114144.53, "Total Cost": 114144.53, "Plan Rows": 396404, "Plan Width": 29, "Plans": [{"Node Type": "Hash Join", "Parent Relationship": "Outer", "Join Type": "Inner", "Startup Cost": 81703.58, "Total Cost": 114144.53, "Plan Rows": 396404, "Plan Width": 29, "Inner Unique": true, "Hash Cond": "(mi_idx.movie_id = t.id), (LLVM Optimized)", "Plans": [{"Node Type": "Hash Join", "Parent Relationship": "Outer", "Join Type": "Inner", "Startup Cost": 2.41, "Total Cost": 27185.54, "Plan Rows": 345008, "Plan Width": 4, "Inner Unique": true, "Hash Cond": "(mi_idx.info_type_id = it.id), (LLVM Optimized)", "Plans": [{"Node Type": "Seq Scan", "Parent Relationship": "Outer", "Relation Name": "movie_info_idx", "Alias": "mi_idx", "Startup Cost": 0.0, "Total Cost": 20274.34, "Plan Rows": 1380034, "Plan Width": 8}, {"Node Type": "Hash", "Parent Relationship": "Inner", "Startup Cost": 2.4, "Total Cost": 2.4, "Plan Rows": 1, "Plan Width": 4, "Plans": [{"Node Type": "Seq Scan", "Parent Relationship": "Outer", "Relation Name": "info_type", "Alias": "it", "Startup Cost": 0.0, "Total Cost": 2.4, "Plan Rows": 1, "Plan Width": 4, "Filter": "((info)::text = 'bottom 10 rank'::text)"}]}]}, {"Node Type": "Hash", "Parent Relationship": "Inner", "Startup Cost": 72710.67, "Total Cost": 72710.67, "Plan Rows": 719240, "Plan Width": 25, "Plans": [{"Node Type": "Seq Scan", "Parent Relationship": "Outer", "Relation Name": "title", "Alias": "t", "Startup Cost": 2083.5, "Total Cost": 72710.67, "Plan Rows": 719240, "Plan Width": 25, "Filter": "((production_year >= 2005) AND (production_year <= 2010)), (LLVM Optimized)"}]}]}]}]}, {"Node Type": "Hash", "Parent Relationship": "Inner", "Startup Cost": 1.04, "Total Cost": 1.04, "Plan Rows": 1, "Plan Width": 4, "Plans": [{"Node Type": "Seq Scan", "Parent Relationship": "Outer", "Relation Name": "company_type", "Alias": "ct", "Startup Cost": 0.0, "Total Cost": 1.04, "Plan Rows": 1, "Plan Width": 4, "Filter": "((kind)::text = 'production companies'::text)"}]}]}]}, "Unique SQL Id": 1162488282, "Planner Runtime": 6}, "explain_analyze_plan": {"Plan": {"Node Type": "Aggregate", "Strategy": "Plain", "Startup Cost": 194575.8, "Total Cost": 194575.81, "Plan Rows": 1, "Plan Width": 113, "Actual Startup Time": 2946.517, "Actual Total Time": 2946.518, "Actual Rows": 1, "Actual Loops": 1, "Plans": [{"Node Type": "Hash Join", "Parent Relationship": "Outer", "Join Type": "Inner", "Startup Cost": 119100.63, "Total Cost": 191219.77, "Plan Rows": 447470, "Plan Width": 45, "Actual Startup Time": 2773.563, "Actual Total Time": 2946.484, "Actual Rows": 3, "Actual Loops": 1, "Inner Unique": true, "Hash Cond": "(mc.company_type_id = ct.id), (LLVM Optimized, Jit Execute)", "Plans": [{"Node Type": "Hash Join", "Parent Relationship": "Outer", "Join Type": "Inner", "Startup Cost": 119099.58, "Total Cost": 186749.22, "Plan Rows": 549199, "Plan Width": 49, "Actual Startup Time": 2098.009, "Actual Total Time": 2946.235, "Actual Rows": 66, "Actual Loops": 1, "Inner Unique": false, "Hash Cond": "(mc.movie_id = t.id), (LLVM Optimized, Jit Execute)", "Plans": [{"Node Type": "Seq Scan", "Parent Relationship": "Outer", "Relation Name": "movie_companies", "Alias": "mc", "Startup Cost": 0.0, "Total Cost": 48340.1, "Plan Rows": 2609035, "Plan Width": 32, "Actual Startup Time": 0.028, "Actual Total Time": 909.108, "Actual Rows": 1337087, "Actual Loops": 1, "Filter": "((note)::text !~~ '%(as Metro-Goldwyn-Mayer Pictures)%'::text), (LLVM Optimized, Jit Execute)", "Rows Removed by Filter": 1272041}, {"Node Type": "Hash", "Parent Relationship": "Inner", "Startup Cost": 114144.53, "Total Cost": 114144.53, "Plan Rows": 396404, "Plan Width": 29, "Actual Startup Time": 1767.491, "Actual Total Time": 1767.491, "Actual Rows": 4, "Actual Loops": 1, "Hash Buckets": 524288, "Hash Batches": 1, "Original Hash Batches": 1, "Peak Memory Usage": 1, "Plans": [{"Node Type": "Hash Join", "Parent Relationship": "Outer", "Join Type": "Inner", "Startup Cost": 81703.58, "Total Cost": 114144.53, "Plan Rows": 396404, "Plan Width": 29, "Actual Startup Time": 1767.441, "Actual Total Time": 1767.482, "Actual Rows": 4, "Actual Loops": 1, "Inner Unique": true, "Hash Cond": "(mi_idx.movie_id = t.id), (LLVM Optimized, Jit Execute)", "Plans": [{"Node Type": "Hash Join", "Parent Relationship": "Outer", "Join Type": "Inner", "Startup Cost": 2.41, "Total Cost": 27185.54, "Plan Rows": 345008, "Plan Width": 4, "Actual Startup Time": 530.475, "Actual Total Time": 530.49, "Actual Rows": 10, "Actual Loops": 1, "Inner Unique": true, "Hash Cond": "(mi_idx.info_type_id = it.id), (LLVM Optimized, Jit Execute)", "Plans": [{"Node Type": "Seq Scan", "Parent Relationship": "Outer", "Relation Name": "movie_info_idx", "Alias": "mi_idx", "Startup Cost": 0.0, "Total Cost": 20274.34, "Plan Rows": 1380034, "Plan Width": 8, "Actual Startup Time": 0.033, "Actual Total Time": 298.78, "Actual Rows": 1380034, "Actual Loops": 1}, {"Node Type": "Hash", "Parent Relationship": "Inner", "Startup Cost": 2.4, "Total Cost": 2.4, "Plan Rows": 1, "Plan Width": 4, "Actual Startup Time": 0.047, "Actual Total Time": 0.047, "Actual Rows": 1, "Actual Loops": 1, "Hash Buckets": 32768, "Hash Batches": 1, "Original Hash Batches": 1, "Peak Memory Usage": 1, "Plans": [{"Node Type": "Seq Scan", "Parent Relationship": "Outer", "Relation Name": "info_type", "Alias": "it", "Startup Cost": 0.0, "Total Cost": 2.4, "Plan Rows": 1, "Plan Width": 4, "Actual Startup Time": 0.043, "Actual Total Time": 0.044, "Actual Rows": 1, "Actual Loops": 1, "Filter": "((info)::text = 'bottom 10 rank'::text)", "Rows Removed by Filter": 111}]}]}, {"Node Type": "Hash", "Parent Relationship": "Inner", "Startup Cost": 72710.67, "Total Cost": 72710.67, "Plan Rows": 719240, "Plan Width": 25, "Actual Startup Time": 1236.258, "Actual Total Time": 1236.258, "Actual Rows": 716259, "Actual Loops": 1, "Hash Buckets": 1048576, "Hash Batches": 1, "Original Hash Batches": 1, "Peak Memory Usage": 41052, "Plans": [{"Node Type": "Seq Scan", "Parent Relationship": "Outer", "Relation Name": "title", "Alias": "t", "Startup Cost": 2083.5, "Total Cost": 72710.67, "Plan Rows": 719240, "Plan Width": 25, "Actual Startup Time": 0.032, "Actual Total Time": 894.577, "Actual Rows": 716259, "Actual Loops": 1, "Filter": "((production_year >= 2005) AND (production_year <= 2010)), (LLVM Optimized, Jit Execute)", "Rows Removed by Filter": 1812052}]}]}]}]}, {"Node Type": "Hash", "Parent Relationship": "Inner", "Startup Cost": 1.04, "Total Cost": 1.04, "Plan Rows": 1, "Plan Width": 4, "Actual Startup Time": 0.049, "Actual Total Time": 0.049, "Actual Rows": 1, "Actual Loops": 1, "Hash Buckets": 32768, "Hash Batches": 1, "Original Hash Batches": 1, "Peak Memory Usage": 1, "Plans": [{"Node Type": "Seq Scan", "Parent Relationship": "Outer", "Relation Name": "company_type", "Alias": "ct", "Startup Cost": 0.0, "Total Cost": 1.04, "Plan Rows": 1, "Plan Width": 4, "Actual Startup Time": 0.029, "Actual Total Time": 0.032, "Actual Rows": 1, "Actual Loops": 1, "Filter": "((kind)::text = 'production companies'::text)", "Rows Removed by Filter": 2}]}]}]}, "Triggers": [], "Planner Runtime": 10.864, "Total Runtime": 2957.448, "Unique SQL Id": 1162488282}}, "(1, '47')": {"explain_plan": {"Plan": {"Node Type": "Aggregate", "Strategy": "Plain", "Startup Cost": 5011509593772.63, "Total Cost": 5011509593772.64, "Plan Rows": 1, "Plan Width": 113, "Plans": [{"Node Type": "Nested Loop", "Parent Relationship": "Outer", "Join Type": "Inner", "Startup Cost": 50000000000.0, "Total Cost": 5011509590416.61, "Plan Rows": 447470, "Plan Width": 45, "Inner Unique": false, "Join Filter": "(mc.movie_id = t.id), (LLVM Optimized)", "Plans": [{"Node Type": "Nested Loop", "Parent Relationship": "Outer", "Join Type": "Inner", "Startup Cost": 20000000000.0, "Total Cost": 2000013744593.91, "Plan Rows": 1304518, "Plan Width": 28, "Inner Unique": true, "Join Filter": "(ct.id = mc.company_type_id), (LLVM Optimized)", "Plans": [{"Node Type": "Index Scan", "Parent Relationship": "Outer", "Scan Direction": "Forward", "Index Name": "movie_id_movie_companies", "Relation Name": "movie_companies", "Alias": "mc", "Startup Cost": 10000000000.0, "Total Cost": 1000013704228.13, "Plan Rows": 2609035, "Plan Width": 32, "Filter": "((note)::text !~~ '%(as Metro-Goldwyn-Mayer Pictures)%'::text), (LLVM Optimized)"}, {"Node Type": "Materialize", "Parent Relationship": "Inner", "Startup Cost": 10000000000.0, "Total Cost": 1000000001230.26, "Plan Rows": 1, "Plan Width": 4, "Plans": [{"Node Type": "Index Scan", "Parent Relationship": "Outer", "Scan Direction": "Forward", "Index Name": "company_type_pkey", "Relation Name": "company_type", "Alias": "ct", "Startup Cost": 10000000000.0, "Total Cost": 1000000001230.25, "Plan Rows": 1, "Plan Width": 4, "Filter": "((kind)::text = 'production companies'::text)"}]}]}, {"Node Type": "Materialize", "Parent Relationship": "Inner", "Startup Cost": 30000000000.0, "Total Cost": 3003739104514.63, "Plan Rows": 396404, "Plan Width": 29, "Plans": [{"Node Type": "Nested Loop", "Parent Relationship": "Outer", "Join Type": "Inner", "Startup Cost": 30000000000.0, "Total Cost": 3003739102532.61, "Plan Rows": 396404, "Plan Width": 29, "Inner Unique": false, "Join Filter": "(mi_idx.movie_id = t.id), (LLVM Optimized)", "Plans": [{"Node Type": "Index Scan", "Parent Relationship": "Outer", "Scan Direction": "Forward", "Index Name": "title_pkey", "Relation Name": "title", "Alias": "t", "Startup Cost": 10000000000.0, "Total Cost": 1000012276204.41, "Plan Rows": 719240, "Plan Width": 25, "Filter": "((production_year >= 2005) AND (production_year <= 2010)), (LLVM Optimized)"}, {"Node Type": "Materialize", "Parent Relationship": "Inner", "Startup Cost": 20000000000.0, "Total Cost": 2000004673881.92, "Plan Rows": 345008, "Plan Width": 4, "Plans": [{"Node Type": "Nested Loop", "Parent Relationship": "Outer", "Join Type": "Inner", "Startup Cost": 20000000000.0, "Total Cost": 2000004672156.88, "Plan Rows": 345008, "Plan Width": 4, "Inner Unique": true, "Join Filter": "(it.id = mi_idx.info_type_id), (LLVM Optimized)", "Plans": [{"Node Type": "Index Scan", "Parent Relationship": "Outer", "Scan Direction": "Forward", "Index Name": "movie_id_movie_info_idx", "Relation Name": "movie_info_idx", "Alias": "mi_idx", "Startup Cost": 10000000000.0, "Total Cost": 1000004650035.37, "Plan Rows": 1380034, "Plan Width": 8}, {"Node Type": "Materialize", "Parent Relationship": "Inner", "Startup Cost": 10000000000.0, "Total Cost": 1000000001421.0, "Plan Rows": 1, "Plan Width": 4, "Plans": [{"Node Type": "Index Scan", "Parent Relationship": "Outer", "Scan Direction": "Forward", "Index Name": "info_type_pkey", "Relation Name": "info_type", "Alias": "it", "Startup Cost": 10000000000.0, "Total Cost": 1000000001421.0, "Plan Rows": 1, "Plan Width": 4, "Filter": "((info)::text = 'bottom 10 rank'::text)"}]}]}]}]}]}]}]}, "Unique SQL Id": 1162488282, "Planner Runtime": 4}, "explain_analyze_plan": null}, "(1, '48')": {"explain_plan": {"Plan": {"Node Type": "Aggregate", "Strategy": "Plain", "Startup Cost": 329380.46, "Total Cost": 329380.47, "Plan Rows": 1, "Plan Width": 113, "Plans": [{"Node Type": "Nested Loop", "Parent Relationship": "Outer", "Join Type": "Inner", "Startup Cost": 7502.06, "Total Cost": 326890.42, "Plan Rows": 332005, "Plan Width": 45, "Inner Unique": false, "Join Filter": "(mc.company_type_id = ct.id), (LLVM Optimized)", "Plans": [{"Node Type": "Seq Scan", "Parent Relationship": "Outer", "Relation Name": "company_type", "Alias": "ct", "Startup Cost": 0.0, "Total Cost": 1.04, "Plan Rows": 1, "Plan Width": 4, "Filter": "((kind)::text = 'production companies'::text)"}, {"Node Type": "Nested Loop", "Parent Relationship": "Inner", "Join Type": "Inner", "Startup Cost": 7502.06, "Total Cost": 320024.4, "Plan Rows": 549199, "Plan Width": 49, "Inner Unique": false, "Join Filter": "(t.id = mc.movie_id), (LLVM Optimized)", "Plans": [{"Node Type": "Nested Loop", "Parent Relationship": "Outer", "Join Type": "Inner", "Startup Cost": 7502.06, "Total Cost": 164107.36, "Plan Rows": 396404, "Plan Width": 29, "Inner Unique": true, "Plans": [{"Node Type": "Nested Loop", "Parent Relationship": "Outer", "Join Type": "Inner", "Startup Cost": 7502.06, "Total Cost": 21741.14, "Plan Rows": 345008, "Plan Width": 4, "Inner Unique": false, "Plans": [{"Node Type": "Seq Scan", "Parent Relationship": "Outer", "Relation Name": "info_type", "Alias": "it", "Startup Cost": 0.0, "Total Cost": 2.4, "Plan Rows": 1, "Plan Width": 4, "Filter": "((info)::text = 'bottom 10 rank'::text)"}, {"Node Type": "Bitmap Heap Scan", "Parent Relationship": "Inner", "Relation Name": "movie_info_idx", "Alias": "mi_idx", "Startup Cost": 7502.06, "Total Cost": 18288.66, "Plan Rows": 345008, "Plan Width": 8, "Recheck Cond": "(info_type_id = it.id), (LLVM Optimized)", "Plans": [{"Node Type": "Bitmap Index Scan", "Parent Relationship": "Outer", "Index Name": "info_type_id_movie_info_idx", "Startup Cost": 0.0, "Total Cost": 7415.81, "Plan Rows": 345008, "Plan Width": 0, "Index Cond": "(info_type_id = it.id)"}]}]}, {"Node Type": "Index Scan", "Parent Relationship": "Inner", "Scan Direction": "Forward", "Index Name": "title_pkey", "Relation Name": "title", "Alias": "t", "Startup Cost": 0.0, "Total Cost": 0.4, "Plan Rows": 1, "Plan Width": 25, "Index Cond": "(id = mi_idx.movie_id)", "Filter": "((production_year >= 2005) AND (production_year <= 2010))"}]}, {"Node Type": "Index Scan", "Parent Relationship": "Inner", "Scan Direction": "Forward", "Index Name": "movie_id_movie_companies", "Relation Name": "movie_companies", "Alias": "mc", "Startup Cost": 0.0, "Total Cost": 0.37, "Plan Rows": 2, "Plan Width": 32, "Index Cond": "(movie_id = mi_idx.movie_id)", "Filter": "((note)::text !~~ '%(as Metro-Goldwyn-Mayer Pictures)%'::text)"}]}]}]}, "Unique SQL Id": 1162488282, "Planner Runtime": 2}, "explain_analyze_plan": {"Plan": {"Node Type": "Aggregate", "Strategy": "Plain", "Startup Cost": 329380.46, "Total Cost": 329380.47, "Plan Rows": 1, "Plan Width": 113, "Actual Startup Time": 0.515, "Actual Total Time": 0.516, "Actual Rows": 1, "Actual Loops": 1, "Plans": [{"Node Type": "Nested Loop", "Parent Relationship": "Outer", "Join Type": "Inner", "Startup Cost": 7502.06, "Total Cost": 326890.42, "Plan Rows": 332005, "Plan Width": 45, "Actual Startup Time": 0.487, "Actual Total Time": 0.5, "Actual Rows": 3, "Actual Loops": 1, "Inner Unique": false, "Join Filter": "(mc.company_type_id = ct.id), (LLVM Optimized)", "Rows Removed by Join Filter": 63, "Plans": [{"Node Type": "Seq Scan", "Parent Relationship": "Outer", "Relation Name": "company_type", "Alias": "ct", "Startup Cost": 0.0, "Total Cost": 1.04, "Plan Rows": 1, "Plan Width": 4, "Actual Startup Time": 0.023, "Actual Total Time": 0.024, "Actual Rows": 1, "Actual Loops": 1, "Filter": "((kind)::text = 'production companies'::text)", "Rows Removed by Filter": 2}, {"Node Type": "Nested Loop", "Parent Relationship": "Inner", "Join Type": "Inner", "Startup Cost": 7502.06, "Total Cost": 320024.4, "Plan Rows": 549199, "Plan Width": 49, "Actual Startup Time": 0.24, "Actual Total Time": 0.454, "Actual Rows": 66, "Actual Loops": 1, "Inner Unique": false, "Join Filter": "(t.id = mc.movie_id), (LLVM Optimized)", "Rows Removed by Join Filter": 0, "Plans": [{"Node Type": "Nested Loop", "Parent Relationship": "Outer", "Join Type": "Inner", "Startup Cost": 7502.06, "Total Cost": 164107.36, "Plan Rows": 396404, "Plan Width": 29, "Actual Startup Time": 0.211, "Actual Total Time": 0.276, "Actual Rows": 4, "Actual Loops": 1, "Inner Unique": true, "Plans": [{"Node Type": "Nested Loop", "Parent Relationship": "Outer", "Join Type": "Inner", "Startup Cost": 7502.06, "Total Cost": 21741.14, "Plan Rows": 345008, "Plan Width": 4, "Actual Startup Time": 0.097, "Actual Total Time": 0.109, "Actual Rows": 10, "Actual Loops": 1, "Inner Unique": false, "Plans": [{"Node Type": "Seq Scan", "Parent Relationship": "Outer", "Relation Name": "info_type", "Alias": "it", "Startup Cost": 0.0, "Total Cost": 2.4, "Plan Rows": 1, "Plan Width": 4, "Actual Startup Time": 0.053, "Actual Total Time": 0.058, "Actual Rows": 1, "Actual Loops": 1, "Filter": "((info)::text = 'bottom 10 rank'::text)", "Rows Removed by Filter": 111}, {"Node Type": "Bitmap Heap Scan", "Parent Relationship": "Inner", "Relation Name": "movie_info_idx", "Alias": "mi_idx", "Startup Cost": 7502.06, "Total Cost": 18288.66, "Plan Rows": 345008, "Plan Width": 8, "Actual Startup Time": 0.039, "Actual Total Time": 0.041, "Actual Rows": 10, "Actual Loops": 1, "Recheck Cond": "(info_type_id = it.id), (LLVM Optimized)", "Rows Removed by Index Recheck": 0, "Exact Heap Blocks": 1, "Lossy Heap Blocks": 1, "Plans": [{"Node Type": "Bitmap Index Scan", "Parent Relationship": "Outer", "Index Name": "info_type_id_movie_info_idx", "Startup Cost": 0.0, "Total Cost": 7415.81, "Plan Rows": 345008, "Plan Width": 0, "Actual Startup Time": 0.023, "Actual Total Time": 0.023, "Actual Rows": 10, "Actual Loops": 1, "Index Cond": "(info_type_id = it.id)"}]}]}, {"Node Type": "Index Scan", "Parent Relationship": "Inner", "Scan Direction": "Forward", "Index Name": "title_pkey", "Relation Name": "title", "Alias": "t", "Startup Cost": 0.0, "Total Cost": 0.4, "Plan Rows": 1, "Plan Width": 25, "Actual Startup Time": 0.161, "Actual Total Time": 0.161, "Actual Rows": 4, "Actual Loops": 10, "Index Cond": "(id = mi_idx.movie_id)", "Rows Removed by Index Recheck": 0, "Filter": "((production_year >= 2005) AND (production_year <= 2010))", "Rows Removed by Filter": 6}]}, {"Node Type": "Index Scan", "Parent Relationship": "Inner", "Scan Direction": "Forward", "Index Name": "movie_id_movie_companies", "Relation Name": "movie_companies", "Alias": "mc", "Startup Cost": 0.0, "Total Cost": 0.37, "Plan Rows": 2, "Plan Width": 32, "Actual Startup Time": 0.075, "Actual Total Time": 0.148, "Actual Rows": 66, "Actual Loops": 4, "Index Cond": "(movie_id = mi_idx.movie_id)", "Rows Removed by Index Recheck": 0, "Filter": "((note)::text !~~ '%(as Metro-Goldwyn-Mayer Pictures)%'::text)", "Rows Removed by Filter": 7}]}]}]}, "Triggers": [], "Planner Runtime": 2.24, "Total Runtime": 10.403, "Unique SQL Id": 1162488282}}, "(1, '49')": {"explain_plan": {"Plan": {"Node Type": "Aggregate", "Strategy": "Plain", "Startup Cost": 329403.54, "Total Cost": 329403.55, "Plan Rows": 1, "Plan Width": 113, "Plans": [{"Node Type": "Nested Loop", "Parent Relationship": "Outer", "Join Type": "Inner", "Startup Cost": 7502.06, "Total Cost": 326913.5, "Plan Rows": 332005, "Plan Width": 45, "Inner Unique": false, "Join Filter": "(mc.company_type_id = ct.id), (LLVM Optimized)", "Plans": [{"Node Type": "Index Scan", "Parent Relationship": "Outer", "Scan Direction": "Forward", "Index Name": "company_type_pkey", "Relation Name": "company_type", "Alias": "ct", "Startup Cost": 0.0, "Total Cost": 12.3, "Plan Rows": 1, "Plan Width": 4, "Filter": "((kind)::text = 'production companies'::text)"}, {"Node Type": "Nested Loop", "Parent Relationship": "Inner", "Join Type": "Inner", "Startup Cost": 7502.06, "Total Cost": 320036.21, "Plan Rows": 549199, "Plan Width": 49, "Inner Unique": false, "Join Filter": "(t.id = mc.movie_id), (LLVM Optimized)", "Plans": [{"Node Type": "Nested Loop", "Parent Relationship": "Outer", "Join Type": "Inner", "Startup Cost": 7502.06, "Total Cost": 164119.17, "Plan Rows": 396404, "Plan Width": 29, "Inner Unique": true, "Plans": [{"Node Type": "Nested Loop", "Parent Relationship": "Outer", "Join Type": "Inner", "Startup Cost": 7502.06, "Total Cost": 21752.95, "Plan Rows": 345008, "Plan Width": 4, "Inner Unique": false, "Plans": [{"Node Type": "Index Scan", "Parent Relationship": "Outer", "Scan Direction": "Forward", "Index Name": "info_type_pkey", "Relation Name": "info_type", "Alias": "it", "Startup Cost": 0.0, "Total Cost": 14.21, "Plan Rows": 1, "Plan Width": 4, "Filter": "((info)::text = 'bottom 10 rank'::text)"}, {"Node Type": "Bitmap Heap Scan", "Parent Relationship": "Inner", "Relation Name": "movie_info_idx", "Alias": "mi_idx", "Startup Cost": 7502.06, "Total Cost": 18288.66, "Plan Rows": 345008, "Plan Width": 8, "Recheck Cond": "(info_type_id = it.id), (LLVM Optimized)", "Plans": [{"Node Type": "Bitmap Index Scan", "Parent Relationship": "Outer", "Index Name": "info_type_id_movie_info_idx", "Startup Cost": 0.0, "Total Cost": 7415.81, "Plan Rows": 345008, "Plan Width": 0, "Index Cond": "(info_type_id = it.id)"}]}]}, {"Node Type": "Index Scan", "Parent Relationship": "Inner", "Scan Direction": "Forward", "Index Name": "title_pkey", "Relation Name": "title", "Alias": "t", "Startup Cost": 0.0, "Total Cost": 0.4, "Plan Rows": 1, "Plan Width": 25, "Index Cond": "(id = mi_idx.movie_id)", "Filter": "((production_year >= 2005) AND (production_year <= 2010))"}]}, {"Node Type": "Index Scan", "Parent Relationship": "Inner", "Scan Direction": "Forward", "Index Name": "movie_id_movie_companies", "Relation Name": "movie_companies", "Alias": "mc", "Startup Cost": 0.0, "Total Cost": 0.37, "Plan Rows": 2, "Plan Width": 32, "Index Cond": "(movie_id = mi_idx.movie_id)", "Filter": "((note)::text !~~ '%(as Metro-Goldwyn-Mayer Pictures)%'::text)"}]}]}]}, "Unique SQL Id": 1162488282, "Planner Runtime": 2}, "explain_analyze_plan": {"Plan": {"Node Type": "Aggregate", "Strategy": "Plain", "Startup Cost": 329403.54, "Total Cost": 329403.55, "Plan Rows": 1, "Plan Width": 113, "Actual Startup Time": 0.348, "Actual Total Time": 0.348, "Actual Rows": 1, "Actual Loops": 1, "Plans": [{"Node Type": "Nested Loop", "Parent Relationship": "Outer", "Join Type": "Inner", "Startup Cost": 7502.06, "Total Cost": 326913.5, "Plan Rows": 332005, "Plan Width": 45, "Actual Startup Time": 0.327, "Actual Total Time": 0.336, "Actual Rows": 3, "Actual Loops": 1, "Inner Unique": false, "Join Filter": "(mc.company_type_id = ct.id), (LLVM Optimized)", "Rows Removed by Join Filter": 63, "Plans": [{"Node Type": "Index Scan", "Parent Relationship": "Outer", "Scan Direction": "Forward", "Index Name": "company_type_pkey", "Relation Name": "company_type", "Alias": "ct", "Startup Cost": 0.0, "Total Cost": 12.3, "Plan Rows": 1, "Plan Width": 4, "Actual Startup Time": 0.021, "Actual Total Time": 0.024, "Actual Rows": 1, "Actual Loops": 1, "Filter": "((kind)::text = 'production companies'::text)", "Rows Removed by Filter": 2}, {"Node Type": "Nested Loop", "Parent Relationship": "Inner", "Join Type": "Inner", "Startup Cost": 7502.06, "Total Cost": 320036.21, "Plan Rows": 549199, "Plan Width": 49, "Actual Startup Time": 0.158, "Actual Total Time": 0.293, "Actual Rows": 66, "Actual Loops": 1, "Inner Unique": false, "Join Filter": "(t.id = mc.movie_id), (LLVM Optimized)", "Rows Removed by Join Filter": 0, "Plans": [{"Node Type": "Nested Loop", "Parent Relationship": "Outer", "Join Type": "Inner", "Startup Cost": 7502.06, "Total Cost": 164119.17, "Plan Rows": 396404, "Plan Width": 29, "Actual Startup Time": 0.141, "Actual Total Time": 0.172, "Actual Rows": 4, "Actual Loops": 1, "Inner Unique": true, "Plans": [{"Node Type": "Nested Loop", "Parent Relationship": "Outer", "Join Type": "Inner", "Startup Cost": 7502.06, "Total Cost": 21752.95, "Plan Rows": 345008, "Plan Width": 4, "Actual Startup Time": 0.089, "Actual Total Time": 0.095, "Actual Rows": 10, "Actual Loops": 1, "Inner Unique": false, "Plans": [{"Node Type": "Index Scan", "Parent Relationship": "Outer", "Scan Direction": "Forward", "Index Name": "info_type_pkey", "Relation Name": "info_type", "Alias": "it", "Startup Cost": 0.0, "Total Cost": 14.21, "Plan Rows": 1, "Plan Width": 4, "Actual Startup Time": 0.067, "Actual Total Time": 0.068, "Actual Rows": 1, "Actual Loops": 1, "Filter": "((info)::text = 'bottom 10 rank'::text)", "Rows Removed by Filter": 111}, {"Node Type": "Bitmap Heap Scan", "Parent Relationship": "Inner", "Relation Name": "movie_info_idx", "Alias": "mi_idx", "Startup Cost": 7502.06, "Total Cost": 18288.66, "Plan Rows": 345008, "Plan Width": 8, "Actual Startup Time": 0.017, "Actual Total Time": 0.022, "Actual Rows": 10, "Actual Loops": 1, "Recheck Cond": "(info_type_id = it.id), (LLVM Optimized)", "Rows Removed by Index Recheck": 0, "Exact Heap Blocks": 1, "Lossy Heap Blocks": 1, "Plans": [{"Node Type": "Bitmap Index Scan", "Parent Relationship": "Outer", "Index Name": "info_type_id_movie_info_idx", "Startup Cost": 0.0, "Total Cost": 7415.81, "Plan Rows": 345008, "Plan Width": 0, "Actual Startup Time": 0.01, "Actual Total Time": 0.01, "Actual Rows": 10, "Actual Loops": 1, "Index Cond": "(info_type_id = it.id)"}]}]}, {"Node Type": "Index Scan", "Parent Relationship": "Inner", "Scan Direction": "Forward", "Index Name": "title_pkey", "Relation Name": "title", "Alias": "t", "Startup Cost": 0.0, "Total Cost": 0.4, "Plan Rows": 1, "Plan Width": 25, "Actual Startup Time": 0.068, "Actual Total Time": 0.068, "Actual Rows": 4, "Actual Loops": 10, "Index Cond": "(id = mi_idx.movie_id)", "Rows Removed by Index Recheck": 0, "Filter": "((production_year >= 2005) AND (production_year <= 2010))", "Rows Removed by Filter": 6}]}, {"Node Type": "Index Scan", "Parent Relationship": "Inner", "Scan Direction": "Forward", "Index Name": "movie_id_movie_companies", "Relation Name": "movie_companies", "Alias": "mc", "Startup Cost": 0.0, "Total Cost": 0.37, "Plan Rows": 2, "Plan Width": 32, "Actual Startup Time": 0.037, "Actual Total Time": 0.093, "Actual Rows": 66, "Actual Loops": 4, "Index Cond": "(movie_id = mi_idx.movie_id)", "Rows Removed by Index Recheck": 0, "Filter": "((note)::text !~~ '%(as Metro-Goldwyn-Mayer Pictures)%'::text)", "Rows Removed by Filter": 7}]}]}]}, "Triggers": [], "Planner Runtime": 2.23, "Total Runtime": 10.301, "Unique SQL Id": 1162488282}}, "(1, '50')": {"explain_plan": {"Plan": {"Node Type": "Aggregate", "Strategy": "Plain", "Startup Cost": 3258244.31, "Total Cost": 3258244.32, "Plan Rows": 1, "Plan Width": 113, "Plans": [{"Node Type": "Nested Loop", "Parent Relationship": "Outer", "Join Type": "Inner", "Startup Cost": 0.58, "Total Cost": 3255754.27, "Plan Rows": 332005, "Plan Width": 45, "Inner Unique": false, "Join Filter": "(mc.company_type_id = ct.id), (LLVM Optimized)", "Plans": [{"Node Type": "Seq Scan", "Parent Relationship": "Outer", "Relation Name": "company_type", "Alias": "ct", "Startup Cost": 0.0, "Total Cost": 1.04, "Plan Rows": 1, "Plan Width": 4, "Filter": "((kind)::text = 'production companies'::text)"}, {"Node Type": "Nested Loop", "Parent Relationship": "Inner", "Join Type": "Inner", "Startup Cost": 0.58, "Total Cost": 3248888.24, "Plan Rows": 549199, "Plan Width": 49, "Inner Unique": false, "Join Filter": "(t.id = mc.movie_id), (LLVM Optimized)", "Plans": [{"Node Type": "Nested Loop", "Parent Relationship": "Outer", "Join Type": "Inner", "Startup Cost": 0.28, "Total Cost": 1525225.68, "Plan Rows": 396404, "Plan Width": 29, "Inner Unique": true, "Plans": [{"Node Type": "Nested Loop", "Parent Relationship": "Outer", "Join Type": "Inner", "Startup Cost": 0.0, "Total Cost": 37527.17, "Plan Rows": 345008, "Plan Width": 4, "Inner Unique": false, "Join Filter": "(it.id = mi_idx.info_type_id), (LLVM Optimized)", "Plans": [{"Node Type": "Seq Scan", "Parent Relationship": "Outer", "Relation Name": "info_type", "Alias": "it", "Startup Cost": 0.0, "Total Cost": 2.4, "Plan Rows": 1, "Plan Width": 4, "Filter": "((info)::text = 'bottom 10 rank'::text)"}, {"Node Type": "Seq Scan", "Parent Relationship": "Inner", "Relation Name": "movie_info_idx", "Alias": "mi_idx", "Startup Cost": 0.0, "Total Cost": 20274.34, "Plan Rows": 1380034, "Plan Width": 8}]}, {"Node Type": "Bitmap Heap Scan", "Parent Relationship": "Inner", "Relation Name": "title", "Alias": "t", "Startup Cost": 0.28, "Total Cost": 4.3, "Plan Rows": 1, "Plan Width": 25, "Recheck Cond": "(id = mi_idx.movie_id)", "Filter": "((production_year >= 2005) AND (production_year <= 2010))", "Plans": [{"Node Type": "Bitmap Index Scan", "Parent Relationship": "Outer", "Index Name": "title_pkey", "Startup Cost": 0.0, "Total Cost": 0.28, "Plan Rows": 1, "Plan Width": 0, "Index Cond": "(id = mi_idx.movie_id)"}]}]}, {"Node Type": "Bitmap Heap Scan", "Parent Relationship": "Inner", "Relation Name": "movie_companies", "Alias": "mc", "Startup Cost": 0.29, "Total Cost": 4.32, "Plan Rows": 2, "Plan Width": 32, "Recheck Cond": "(movie_id = mi_idx.movie_id)", "Filter": "((note)::text !~~ '%(as Metro-Goldwyn-Mayer Pictures)%'::text)", "Plans": [{"Node Type": "Bitmap Index Scan", "Parent Relationship": "Outer", "Index Name": "movie_id_movie_companies", "Startup Cost": 0.0, "Total Cost": 0.29, "Plan Rows": 2, "Plan Width": 0, "Index Cond": "(movie_id = mi_idx.movie_id)"}]}]}]}]}, "Unique SQL Id": 1162488282, "Planner Runtime": 2}, "explain_analyze_plan": {"Plan": {"Node Type": "Aggregate", "Strategy": "Plain", "Startup Cost": 3258244.31, "Total Cost": 3258244.32, "Plan Rows": 1, "Plan Width": 113, "Actual Startup Time": 581.344, "Actual Total Time": 581.344, "Actual Rows": 1, "Actual Loops": 1, "Plans": [{"Node Type": "Nested Loop", "Parent Relationship": "Outer", "Join Type": "Inner", "Startup Cost": 0.58, "Total Cost": 3255754.27, "Plan Rows": 332005, "Plan Width": 45, "Actual Startup Time": 581.299, "Actual Total Time": 581.32, "Actual Rows": 3, "Actual Loops": 1, "Inner Unique": false, "Join Filter": "(mc.company_type_id = ct.id), (LLVM Optimized, Jit Execute)", "Rows Removed by Join Filter": 63, "Plans": [{"Node Type": "Seq Scan", "Parent Relationship": "Outer", "Relation Name": "company_type", "Alias": "ct", "Startup Cost": 0.0, "Total Cost": 1.04, "Plan Rows": 1, "Plan Width": 4, "Actual Startup Time": 0.018, "Actual Total Time": 0.021, "Actual Rows": 1, "Actual Loops": 1, "Filter": "((kind)::text = 'production companies'::text)", "Rows Removed by Filter": 2}, {"Node Type": "Nested Loop", "Parent Relationship": "Inner", "Join Type": "Inner", "Startup Cost": 0.58, "Total Cost": 3248888.24, "Plan Rows": 549199, "Plan Width": 49, "Actual Startup Time": 581.053, "Actual Total Time": 581.281, "Actual Rows": 66, "Actual Loops": 1, "Inner Unique": false, "Join Filter": "(t.id = mc.movie_id), (LLVM Optimized, Jit Execute)", "Rows Removed by Join Filter": 0, "Plans": [{"Node Type": "Nested Loop", "Parent Relationship": "Outer", "Join Type": "Inner", "Startup Cost": 0.28, "Total Cost": 1525225.68, "Plan Rows": 396404, "Plan Width": 29, "Actual Startup Time": 580.885, "Actual Total Time": 580.985, "Actual Rows": 4, "Actual Loops": 1, "Inner Unique": true, "Plans": [{"Node Type": "Nested Loop", "Parent Relationship": "Outer", "Join Type": "Inner", "Startup Cost": 0.0, "Total Cost": 37527.17, "Plan Rows": 345008, "Plan Width": 4, "Actual Startup Time": 580.698, "Actual Total Time": 580.724, "Actual Rows": 10, "Actual Loops": 1, "Inner Unique": false, "Join Filter": "(it.id = mi_idx.info_type_id), (LLVM Optimized, Jit Execute)", "Rows Removed by Join Filter": 1380024, "Plans": [{"Node Type": "Seq Scan", "Parent Relationship": "Outer", "Relation Name": "info_type", "Alias": "it", "Startup Cost": 0.0, "Total Cost": 2.4, "Plan Rows": 1, "Plan Width": 4, "Actual Startup Time": 0.05, "Actual Total Time": 0.058, "Actual Rows": 1, "Actual Loops": 1, "Filter": "((info)::text = 'bottom 10 rank'::text)", "Rows Removed by Filter": 111}, {"Node Type": "Seq Scan", "Parent Relationship": "Inner", "Relation Name": "movie_info_idx", "Alias": "mi_idx", "Startup Cost": 0.0, "Total Cost": 20274.34, "Plan Rows": 1380034, "Plan Width": 8, "Actual Startup Time": 0.03, "Actual Total Time": 296.861, "Actual Rows": 1380034, "Actual Loops": 1}]}, {"Node Type": "Bitmap Heap Scan", "Parent Relationship": "Inner", "Relation Name": "title", "Alias": "t", "Startup Cost": 0.28, "Total Cost": 4.3, "Plan Rows": 1, "Plan Width": 25, "Actual Startup Time": 0.213, "Actual Total Time": 0.213, "Actual Rows": 4, "Actual Loops": 10, "Recheck Cond": "(id = mi_idx.movie_id)", "Rows Removed by Index Recheck": 0, "Filter": "((production_year >= 2005) AND (production_year <= 2010))", "Rows Removed by Filter": 6, "Exact Heap Blocks": 10, "Lossy Heap Blocks": 10, "Plans": [{"Node Type": "Bitmap Index Scan", "Parent Relationship": "Outer", "Index Name": "title_pkey", "Startup Cost": 0.0, "Total Cost": 0.28, "Plan Rows": 1, "Plan Width": 0, "Actual Startup Time": 0.117, "Actual Total Time": 0.117, "Actual Rows": 10, "Actual Loops": 10, "Index Cond": "(id = mi_idx.movie_id)"}]}]}, {"Node Type": "Bitmap Heap Scan", "Parent Relationship": "Inner", "Relation Name": "movie_companies", "Alias": "mc", "Startup Cost": 0.29, "Total Cost": 4.32, "Plan Rows": 2, "Plan Width": 32, "Actual Startup Time": 0.209, "Actual Total Time": 0.253, "Actual Rows": 66, "Actual Loops": 4, "Recheck Cond": "(movie_id = mi_idx.movie_id)", "Rows Removed by Index Recheck": 0, "Filter": "((note)::text !~~ '%(as Metro-Goldwyn-Mayer Pictures)%'::text)", "Rows Removed by Filter": 7, "Exact Heap Blocks": 9, "Lossy Heap Blocks": 9, "Plans": [{"Node Type": "Bitmap Index Scan", "Parent Relationship": "Outer", "Index Name": "movie_id_movie_companies", "Startup Cost": 0.0, "Total Cost": 0.29, "Plan Rows": 2, "Plan Width": 0, "Actual Startup Time": 0.124, "Actual Total Time": 0.124, "Actual Rows": 73, "Actual Loops": 4, "Index Cond": "(movie_id = mi_idx.movie_id)"}]}]}]}]}, "Triggers": [], "Planner Runtime": 2.308, "Total Runtime": 591.239, "Unique SQL Id": 1162488282}}, "(1, '51')": {"explain_plan": {"Plan": {"Node Type": "Aggregate", "Strategy": "Plain", "Startup Cost": 1000017766719.7, "Total Cost": 1000017766719.71, "Plan Rows": 1, "Plan Width": 113, "Plans": [{"Node Type": "Nested Loop", "Parent Relationship": "Outer", "Join Type": "Inner", "Startup Cost": 10000000001.08, "Total Cost": 1000017764229.67, "Plan Rows": 332005, "Plan Width": 45, "Inner Unique": true, "Plans": [{"Node Type": "Nested Loop", "Parent Relationship": "Outer", "Join Type": "Inner", "Startup Cost": 10000000000.81, "Total Cost": 1000015609438.29, "Plan Rows": 501180, "Plan Width": 32, "Inner Unique": true, "Plans": [{"Node Type": "Nested Loop", "Parent Relationship": "Outer", "Join Type": "Inner", "Startup Cost": 10000000000.55, "Total Cost": 1000012058838.99, "Plan Rows": 829046, "Plan Width": 36, "Inner Unique": false, "Plans": [{"Node Type": "Nested Loop", "Parent Relationship": "Outer", "Join Type": "Inner", "Startup Cost": 10000000000.26, "Total Cost": 1000010560383.98, "Plan Rows": 345008, "Plan Width": 4, "Inner Unique": true, "Plans": [{"Node Type": "Index Scan", "Parent Relationship": "Outer", "Scan Direction": "Forward", "Index Name": "movie_id_movie_info_idx", "Relation Name": "movie_info_idx", "Alias": "mi_idx", "Startup Cost": 10000000000.0, "Total Cost": 1000004650035.37, "Plan Rows": 1380034, "Plan Width": 8}, {"Node Type": "Bitmap Heap Scan", "Parent Relationship": "Inner", "Relation Name": "info_type", "Alias": "it", "Startup Cost": 0.26, "Total Cost": 4.27, "Plan Rows": 1, "Plan Width": 4, "Recheck Cond": "(id = mi_idx.info_type_id)", "Filter": "((info)::text = 'bottom 10 rank'::text)", "Plans": [{"Node Type": "Bitmap Index Scan", "Parent Relationship": "Outer", "Index Name": "info_type_pkey", "Startup Cost": 0.0, "Total Cost": 0.26, "Plan Rows": 1, "Plan Width": 0, "Index Cond": "(id = mi_idx.info_type_id)"}]}]}, {"Node Type": "Bitmap Heap Scan", "Parent Relationship": "Inner", "Relation Name": "movie_companies", "Alias": "mc", "Startup Cost": 0.29, "Total Cost": 4.32, "Plan Rows": 2, "Plan Width": 32, "Recheck Cond": "(movie_id = mi_idx.movie_id)", "Filter": "((note)::text !~~ '%(as Metro-Goldwyn-Mayer Pictures)%'::text)", "Plans": [{"Node Type": "Bitmap Index Scan", "Parent Relationship": "Outer", "Index Name": "movie_id_movie_companies", "Startup Cost": 0.0, "Total Cost": 0.29, "Plan Rows": 2, "Plan Width": 0, "Index Cond": "(movie_id = mi_idx.movie_id)"}]}]}, {"Node Type": "Bitmap Heap Scan", "Parent Relationship": "Inner", "Relation Name": "company_type", "Alias": "ct", "Startup Cost": 0.26, "Total Cost": 4.27, "Plan Rows": 1, "Plan Width": 4, "Recheck Cond": "(id = mc.company_type_id)", "Filter": "((kind)::text = 'production companies'::text)", "Plans": [{"Node Type": "Bitmap Index Scan", "Parent Relationship": "Outer", "Index Name": "company_type_pkey", "Startup Cost": 0.0, "Total Cost": 0.26, "Plan Rows": 1, "Plan Width": 0, "Index Cond": "(id = mc.company_type_id)"}]}]}, {"Node Type": "Bitmap Heap Scan", "Parent Relationship": "Inner", "Relation Name": "title", "Alias": "t", "Startup Cost": 0.27, "Total Cost": 4.29, "Plan Rows": 1, "Plan Width": 25, "Recheck Cond": "(id = mc.movie_id)", "Filter": "((production_year >= 2005) AND (production_year <= 2010))", "Plans": [{"Node Type": "Bitmap Index Scan", "Parent Relationship": "Outer", "Index Name": "title_pkey", "Startup Cost": 0.0, "Total Cost": 0.27, "Plan Rows": 1, "Plan Width": 0, "Index Cond": "(id = mc.movie_id)"}]}]}]}, "Unique SQL Id": 1162488282, "Planner Runtime": 2}, "explain_analyze_plan": null}, "(1, '52')": {"explain_plan": {"Plan": {"Node Type": "Aggregate", "Strategy": "Plain", "Startup Cost": 329380.46, "Total Cost": 329380.47, "Plan Rows": 1, "Plan Width": 113, "Plans": [{"Node Type": "Nested Loop", "Parent Relationship": "Outer", "Join Type": "Inner", "Startup Cost": 7502.06, "Total Cost": 326890.42, "Plan Rows": 332005, "Plan Width": 45, "Inner Unique": false, "Join Filter": "(mc.company_type_id = ct.id), (LLVM Optimized)", "Plans": [{"Node Type": "Seq Scan", "Parent Relationship": "Outer", "Relation Name": "company_type", "Alias": "ct", "Startup Cost": 0.0, "Total Cost": 1.04, "Plan Rows": 1, "Plan Width": 4, "Filter": "((kind)::text = 'production companies'::text)"}, {"Node Type": "Nested Loop", "Parent Relationship": "Inner", "Join Type": "Inner", "Startup Cost": 7502.06, "Total Cost": 320024.4, "Plan Rows": 549199, "Plan Width": 49, "Inner Unique": false, "Join Filter": "(t.id = mc.movie_id), (LLVM Optimized)", "Plans": [{"Node Type": "Nested Loop", "Parent Relationship": "Outer", "Join Type": "Inner", "Startup Cost": 7502.06, "Total Cost": 164107.36, "Plan Rows": 396404, "Plan Width": 29, "Inner Unique": true, "Plans": [{"Node Type": "Nested Loop", "Parent Relationship": "Outer", "Join Type": "Inner", "Startup Cost": 7502.06, "Total Cost": 21741.14, "Plan Rows": 345008, "Plan Width": 4, "Inner Unique": false, "Plans": [{"Node Type": "Seq Scan", "Parent Relationship": "Outer", "Relation Name": "info_type", "Alias": "it", "Startup Cost": 0.0, "Total Cost": 2.4, "Plan Rows": 1, "Plan Width": 4, "Filter": "((info)::text = 'bottom 10 rank'::text)"}, {"Node Type": "Bitmap Heap Scan", "Parent Relationship": "Inner", "Relation Name": "movie_info_idx", "Alias": "mi_idx", "Startup Cost": 7502.06, "Total Cost": 18288.66, "Plan Rows": 345008, "Plan Width": 8, "Recheck Cond": "(info_type_id = it.id), (LLVM Optimized)", "Plans": [{"Node Type": "Bitmap Index Scan", "Parent Relationship": "Outer", "Index Name": "info_type_id_movie_info_idx", "Startup Cost": 0.0, "Total Cost": 7415.81, "Plan Rows": 345008, "Plan Width": 0, "Index Cond": "(info_type_id = it.id)"}]}]}, {"Node Type": "Index Scan", "Parent Relationship": "Inner", "Scan Direction": "Forward", "Index Name": "title_pkey", "Relation Name": "title", "Alias": "t", "Startup Cost": 0.0, "Total Cost": 0.4, "Plan Rows": 1, "Plan Width": 25, "Index Cond": "(id = mi_idx.movie_id)", "Filter": "((production_year >= 2005) AND (production_year <= 2010))"}]}, {"Node Type": "Index Scan", "Parent Relationship": "Inner", "Scan Direction": "Forward", "Index Name": "movie_id_movie_companies", "Relation Name": "movie_companies", "Alias": "mc", "Startup Cost": 0.0, "Total Cost": 0.37, "Plan Rows": 2, "Plan Width": 32, "Index Cond": "(movie_id = mi_idx.movie_id)", "Filter": "((note)::text !~~ '%(as Metro-Goldwyn-Mayer Pictures)%'::text)"}]}]}]}, "Unique SQL Id": 1162488282, "Planner Runtime": 2}, "explain_analyze_plan": {"Plan": {"Node Type": "Aggregate", "Strategy": "Plain", "Startup Cost": 329380.46, "Total Cost": 329380.47, "Plan Rows": 1, "Plan Width": 113, "Actual Startup Time": 0.515, "Actual Total Time": 0.516, "Actual Rows": 1, "Actual Loops": 1, "Plans": [{"Node Type": "Nested Loop", "Parent Relationship": "Outer", "Join Type": "Inner", "Startup Cost": 7502.06, "Total Cost": 326890.42, "Plan Rows": 332005, "Plan Width": 45, "Actual Startup Time": 0.487, "Actual Total Time": 0.5, "Actual Rows": 3, "Actual Loops": 1, "Inner Unique": false, "Join Filter": "(mc.company_type_id = ct.id), (LLVM Optimized)", "Rows Removed by Join Filter": 63, "Plans": [{"Node Type": "Seq Scan", "Parent Relationship": "Outer", "Relation Name": "company_type", "Alias": "ct", "Startup Cost": 0.0, "Total Cost": 1.04, "Plan Rows": 1, "Plan Width": 4, "Actual Startup Time": 0.023, "Actual Total Time": 0.024, "Actual Rows": 1, "Actual Loops": 1, "Filter": "((kind)::text = 'production companies'::text)", "Rows Removed by Filter": 2}, {"Node Type": "Nested Loop", "Parent Relationship": "Inner", "Join Type": "Inner", "Startup Cost": 7502.06, "Total Cost": 320024.4, "Plan Rows": 549199, "Plan Width": 49, "Actual Startup Time": 0.24, "Actual Total Time": 0.454, "Actual Rows": 66, "Actual Loops": 1, "Inner Unique": false, "Join Filter": "(t.id = mc.movie_id), (LLVM Optimized)", "Rows Removed by Join Filter": 0, "Plans": [{"Node Type": "Nested Loop", "Parent Relationship": "Outer", "Join Type": "Inner", "Startup Cost": 7502.06, "Total Cost": 164107.36, "Plan Rows": 396404, "Plan Width": 29, "Actual Startup Time": 0.211, "Actual Total Time": 0.276, "Actual Rows": 4, "Actual Loops": 1, "Inner Unique": true, "Plans": [{"Node Type": "Nested Loop", "Parent Relationship": "Outer", "Join Type": "Inner", "Startup Cost": 7502.06, "Total Cost": 21741.14, "Plan Rows": 345008, "Plan Width": 4, "Actual Startup Time": 0.097, "Actual Total Time": 0.109, "Actual Rows": 10, "Actual Loops": 1, "Inner Unique": false, "Plans": [{"Node Type": "Seq Scan", "Parent Relationship": "Outer", "Relation Name": "info_type", "Alias": "it", "Startup Cost": 0.0, "Total Cost": 2.4, "Plan Rows": 1, "Plan Width": 4, "Actual Startup Time": 0.053, "Actual Total Time": 0.058, "Actual Rows": 1, "Actual Loops": 1, "Filter": "((info)::text = 'bottom 10 rank'::text)", "Rows Removed by Filter": 111}, {"Node Type": "Bitmap Heap Scan", "Parent Relationship": "Inner", "Relation Name": "movie_info_idx", "Alias": "mi_idx", "Startup Cost": 7502.06, "Total Cost": 18288.66, "Plan Rows": 345008, "Plan Width": 8, "Actual Startup Time": 0.039, "Actual Total Time": 0.041, "Actual Rows": 10, "Actual Loops": 1, "Recheck Cond": "(info_type_id = it.id), (LLVM Optimized)", "Rows Removed by Index Recheck": 0, "Exact Heap Blocks": 1, "Lossy Heap Blocks": 1, "Plans": [{"Node Type": "Bitmap Index Scan", "Parent Relationship": "Outer", "Index Name": "info_type_id_movie_info_idx", "Startup Cost": 0.0, "Total Cost": 7415.81, "Plan Rows": 345008, "Plan Width": 0, "Actual Startup Time": 0.023, "Actual Total Time": 0.023, "Actual Rows": 10, "Actual Loops": 1, "Index Cond": "(info_type_id = it.id)"}]}]}, {"Node Type": "Index Scan", "Parent Relationship": "Inner", "Scan Direction": "Forward", "Index Name": "title_pkey", "Relation Name": "title", "Alias": "t", "Startup Cost": 0.0, "Total Cost": 0.4, "Plan Rows": 1, "Plan Width": 25, "Actual Startup Time": 0.161, "Actual Total Time": 0.161, "Actual Rows": 4, "Actual Loops": 10, "Index Cond": "(id = mi_idx.movie_id)", "Rows Removed by Index Recheck": 0, "Filter": "((production_year >= 2005) AND (production_year <= 2010))", "Rows Removed by Filter": 6}]}, {"Node Type": "Index Scan", "Parent Relationship": "Inner", "Scan Direction": "Forward", "Index Name": "movie_id_movie_companies", "Relation Name": "movie_companies", "Alias": "mc", "Startup Cost": 0.0, "Total Cost": 0.37, "Plan Rows": 2, "Plan Width": 32, "Actual Startup Time": 0.075, "Actual Total Time": 0.148, "Actual Rows": 66, "Actual Loops": 4, "Index Cond": "(movie_id = mi_idx.movie_id)", "Rows Removed by Index Recheck": 0, "Filter": "((note)::text !~~ '%(as Metro-Goldwyn-Mayer Pictures)%'::text)", "Rows Removed by Filter": 7}]}]}]}, "Triggers": [], "Planner Runtime": 2.24, "Total Runtime": 10.403, "Unique SQL Id": 1162488282}}, "(1, '53')": {"explain_plan": {"Plan": {"Node Type": "Aggregate", "Strategy": "Plain", "Startup Cost": 329403.54, "Total Cost": 329403.55, "Plan Rows": 1, "Plan Width": 113, "Plans": [{"Node Type": "Nested Loop", "Parent Relationship": "Outer", "Join Type": "Inner", "Startup Cost": 7502.06, "Total Cost": 326913.5, "Plan Rows": 332005, "Plan Width": 45, "Inner Unique": false, "Join Filter": "(mc.company_type_id = ct.id), (LLVM Optimized)", "Plans": [{"Node Type": "Index Scan", "Parent Relationship": "Outer", "Scan Direction": "Forward", "Index Name": "company_type_pkey", "Relation Name": "company_type", "Alias": "ct", "Startup Cost": 0.0, "Total Cost": 12.3, "Plan Rows": 1, "Plan Width": 4, "Filter": "((kind)::text = 'production companies'::text)"}, {"Node Type": "Nested Loop", "Parent Relationship": "Inner", "Join Type": "Inner", "Startup Cost": 7502.06, "Total Cost": 320036.21, "Plan Rows": 549199, "Plan Width": 49, "Inner Unique": false, "Join Filter": "(t.id = mc.movie_id), (LLVM Optimized)", "Plans": [{"Node Type": "Nested Loop", "Parent Relationship": "Outer", "Join Type": "Inner", "Startup Cost": 7502.06, "Total Cost": 164119.17, "Plan Rows": 396404, "Plan Width": 29, "Inner Unique": true, "Plans": [{"Node Type": "Nested Loop", "Parent Relationship": "Outer", "Join Type": "Inner", "Startup Cost": 7502.06, "Total Cost": 21752.95, "Plan Rows": 345008, "Plan Width": 4, "Inner Unique": false, "Plans": [{"Node Type": "Index Scan", "Parent Relationship": "Outer", "Scan Direction": "Forward", "Index Name": "info_type_pkey", "Relation Name": "info_type", "Alias": "it", "Startup Cost": 0.0, "Total Cost": 14.21, "Plan Rows": 1, "Plan Width": 4, "Filter": "((info)::text = 'bottom 10 rank'::text)"}, {"Node Type": "Bitmap Heap Scan", "Parent Relationship": "Inner", "Relation Name": "movie_info_idx", "Alias": "mi_idx", "Startup Cost": 7502.06, "Total Cost": 18288.66, "Plan Rows": 345008, "Plan Width": 8, "Recheck Cond": "(info_type_id = it.id), (LLVM Optimized)", "Plans": [{"Node Type": "Bitmap Index Scan", "Parent Relationship": "Outer", "Index Name": "info_type_id_movie_info_idx", "Startup Cost": 0.0, "Total Cost": 7415.81, "Plan Rows": 345008, "Plan Width": 0, "Index Cond": "(info_type_id = it.id)"}]}]}, {"Node Type": "Index Scan", "Parent Relationship": "Inner", "Scan Direction": "Forward", "Index Name": "title_pkey", "Relation Name": "title", "Alias": "t", "Startup Cost": 0.0, "Total Cost": 0.4, "Plan Rows": 1, "Plan Width": 25, "Index Cond": "(id = mi_idx.movie_id)", "Filter": "((production_year >= 2005) AND (production_year <= 2010))"}]}, {"Node Type": "Index Scan", "Parent Relationship": "Inner", "Scan Direction": "Forward", "Index Name": "movie_id_movie_companies", "Relation Name": "movie_companies", "Alias": "mc", "Startup Cost": 0.0, "Total Cost": 0.37, "Plan Rows": 2, "Plan Width": 32, "Index Cond": "(movie_id = mi_idx.movie_id)", "Filter": "((note)::text !~~ '%(as Metro-Goldwyn-Mayer Pictures)%'::text)"}]}]}]}, "Unique SQL Id": 1162488282, "Planner Runtime": 2}, "explain_analyze_plan": {"Plan": {"Node Type": "Aggregate", "Strategy": "Plain", "Startup Cost": 329403.54, "Total Cost": 329403.55, "Plan Rows": 1, "Plan Width": 113, "Actual Startup Time": 0.348, "Actual Total Time": 0.348, "Actual Rows": 1, "Actual Loops": 1, "Plans": [{"Node Type": "Nested Loop", "Parent Relationship": "Outer", "Join Type": "Inner", "Startup Cost": 7502.06, "Total Cost": 326913.5, "Plan Rows": 332005, "Plan Width": 45, "Actual Startup Time": 0.327, "Actual Total Time": 0.336, "Actual Rows": 3, "Actual Loops": 1, "Inner Unique": false, "Join Filter": "(mc.company_type_id = ct.id), (LLVM Optimized)", "Rows Removed by Join Filter": 63, "Plans": [{"Node Type": "Index Scan", "Parent Relationship": "Outer", "Scan Direction": "Forward", "Index Name": "company_type_pkey", "Relation Name": "company_type", "Alias": "ct", "Startup Cost": 0.0, "Total Cost": 12.3, "Plan Rows": 1, "Plan Width": 4, "Actual Startup Time": 0.021, "Actual Total Time": 0.024, "Actual Rows": 1, "Actual Loops": 1, "Filter": "((kind)::text = 'production companies'::text)", "Rows Removed by Filter": 2}, {"Node Type": "Nested Loop", "Parent Relationship": "Inner", "Join Type": "Inner", "Startup Cost": 7502.06, "Total Cost": 320036.21, "Plan Rows": 549199, "Plan Width": 49, "Actual Startup Time": 0.158, "Actual Total Time": 0.293, "Actual Rows": 66, "Actual Loops": 1, "Inner Unique": false, "Join Filter": "(t.id = mc.movie_id), (LLVM Optimized)", "Rows Removed by Join Filter": 0, "Plans": [{"Node Type": "Nested Loop", "Parent Relationship": "Outer", "Join Type": "Inner", "Startup Cost": 7502.06, "Total Cost": 164119.17, "Plan Rows": 396404, "Plan Width": 29, "Actual Startup Time": 0.141, "Actual Total Time": 0.172, "Actual Rows": 4, "Actual Loops": 1, "Inner Unique": true, "Plans": [{"Node Type": "Nested Loop", "Parent Relationship": "Outer", "Join Type": "Inner", "Startup Cost": 7502.06, "Total Cost": 21752.95, "Plan Rows": 345008, "Plan Width": 4, "Actual Startup Time": 0.089, "Actual Total Time": 0.095, "Actual Rows": 10, "Actual Loops": 1, "Inner Unique": false, "Plans": [{"Node Type": "Index Scan", "Parent Relationship": "Outer", "Scan Direction": "Forward", "Index Name": "info_type_pkey", "Relation Name": "info_type", "Alias": "it", "Startup Cost": 0.0, "Total Cost": 14.21, "Plan Rows": 1, "Plan Width": 4, "Actual Startup Time": 0.067, "Actual Total Time": 0.068, "Actual Rows": 1, "Actual Loops": 1, "Filter": "((info)::text = 'bottom 10 rank'::text)", "Rows Removed by Filter": 111}, {"Node Type": "Bitmap Heap Scan", "Parent Relationship": "Inner", "Relation Name": "movie_info_idx", "Alias": "mi_idx", "Startup Cost": 7502.06, "Total Cost": 18288.66, "Plan Rows": 345008, "Plan Width": 8, "Actual Startup Time": 0.017, "Actual Total Time": 0.022, "Actual Rows": 10, "Actual Loops": 1, "Recheck Cond": "(info_type_id = it.id), (LLVM Optimized)", "Rows Removed by Index Recheck": 0, "Exact Heap Blocks": 1, "Lossy Heap Blocks": 1, "Plans": [{"Node Type": "Bitmap Index Scan", "Parent Relationship": "Outer", "Index Name": "info_type_id_movie_info_idx", "Startup Cost": 0.0, "Total Cost": 7415.81, "Plan Rows": 345008, "Plan Width": 0, "Actual Startup Time": 0.01, "Actual Total Time": 0.01, "Actual Rows": 10, "Actual Loops": 1, "Index Cond": "(info_type_id = it.id)"}]}]}, {"Node Type": "Index Scan", "Parent Relationship": "Inner", "Scan Direction": "Forward", "Index Name": "title_pkey", "Relation Name": "title", "Alias": "t", "Startup Cost": 0.0, "Total Cost": 0.4, "Plan Rows": 1, "Plan Width": 25, "Actual Startup Time": 0.068, "Actual Total Time": 0.068, "Actual Rows": 4, "Actual Loops": 10, "Index Cond": "(id = mi_idx.movie_id)", "Rows Removed by Index Recheck": 0, "Filter": "((production_year >= 2005) AND (production_year <= 2010))", "Rows Removed by Filter": 6}]}, {"Node Type": "Index Scan", "Parent Relationship": "Inner", "Scan Direction": "Forward", "Index Name": "movie_id_movie_companies", "Relation Name": "movie_companies", "Alias": "mc", "Startup Cost": 0.0, "Total Cost": 0.37, "Plan Rows": 2, "Plan Width": 32, "Actual Startup Time": 0.037, "Actual Total Time": 0.093, "Actual Rows": 66, "Actual Loops": 4, "Index Cond": "(movie_id = mi_idx.movie_id)", "Rows Removed by Index Recheck": 0, "Filter": "((note)::text !~~ '%(as Metro-Goldwyn-Mayer Pictures)%'::text)", "Rows Removed by Filter": 7}]}]}]}, "Triggers": [], "Planner Runtime": 2.23, "Total Runtime": 10.301, "Unique SQL Id": 1162488282}}, "(1, '54')": {"explain_plan": {"Plan": {"Node Type": "Aggregate", "Strategy": "Plain", "Startup Cost": 3258244.31, "Total Cost": 3258244.32, "Plan Rows": 1, "Plan Width": 113, "Plans": [{"Node Type": "Nested Loop", "Parent Relationship": "Outer", "Join Type": "Inner", "Startup Cost": 0.58, "Total Cost": 3255754.27, "Plan Rows": 332005, "Plan Width": 45, "Inner Unique": false, "Join Filter": "(mc.company_type_id = ct.id), (LLVM Optimized)", "Plans": [{"Node Type": "Seq Scan", "Parent Relationship": "Outer", "Relation Name": "company_type", "Alias": "ct", "Startup Cost": 0.0, "Total Cost": 1.04, "Plan Rows": 1, "Plan Width": 4, "Filter": "((kind)::text = 'production companies'::text)"}, {"Node Type": "Nested Loop", "Parent Relationship": "Inner", "Join Type": "Inner", "Startup Cost": 0.58, "Total Cost": 3248888.24, "Plan Rows": 549199, "Plan Width": 49, "Inner Unique": false, "Join Filter": "(t.id = mc.movie_id), (LLVM Optimized)", "Plans": [{"Node Type": "Nested Loop", "Parent Relationship": "Outer", "Join Type": "Inner", "Startup Cost": 0.28, "Total Cost": 1525225.68, "Plan Rows": 396404, "Plan Width": 29, "Inner Unique": true, "Plans": [{"Node Type": "Nested Loop", "Parent Relationship": "Outer", "Join Type": "Inner", "Startup Cost": 0.0, "Total Cost": 37527.17, "Plan Rows": 345008, "Plan Width": 4, "Inner Unique": false, "Join Filter": "(it.id = mi_idx.info_type_id), (LLVM Optimized)", "Plans": [{"Node Type": "Seq Scan", "Parent Relationship": "Outer", "Relation Name": "info_type", "Alias": "it", "Startup Cost": 0.0, "Total Cost": 2.4, "Plan Rows": 1, "Plan Width": 4, "Filter": "((info)::text = 'bottom 10 rank'::text)"}, {"Node Type": "Seq Scan", "Parent Relationship": "Inner", "Relation Name": "movie_info_idx", "Alias": "mi_idx", "Startup Cost": 0.0, "Total Cost": 20274.34, "Plan Rows": 1380034, "Plan Width": 8}]}, {"Node Type": "Bitmap Heap Scan", "Parent Relationship": "Inner", "Relation Name": "title", "Alias": "t", "Startup Cost": 0.28, "Total Cost": 4.3, "Plan Rows": 1, "Plan Width": 25, "Recheck Cond": "(id = mi_idx.movie_id)", "Filter": "((production_year >= 2005) AND (production_year <= 2010))", "Plans": [{"Node Type": "Bitmap Index Scan", "Parent Relationship": "Outer", "Index Name": "title_pkey", "Startup Cost": 0.0, "Total Cost": 0.28, "Plan Rows": 1, "Plan Width": 0, "Index Cond": "(id = mi_idx.movie_id)"}]}]}, {"Node Type": "Bitmap Heap Scan", "Parent Relationship": "Inner", "Relation Name": "movie_companies", "Alias": "mc", "Startup Cost": 0.29, "Total Cost": 4.32, "Plan Rows": 2, "Plan Width": 32, "Recheck Cond": "(movie_id = mi_idx.movie_id)", "Filter": "((note)::text !~~ '%(as Metro-Goldwyn-Mayer Pictures)%'::text)", "Plans": [{"Node Type": "Bitmap Index Scan", "Parent Relationship": "Outer", "Index Name": "movie_id_movie_companies", "Startup Cost": 0.0, "Total Cost": 0.29, "Plan Rows": 2, "Plan Width": 0, "Index Cond": "(movie_id = mi_idx.movie_id)"}]}]}]}]}, "Unique SQL Id": 1162488282, "Planner Runtime": 2}, "explain_analyze_plan": {"Plan": {"Node Type": "Aggregate", "Strategy": "Plain", "Startup Cost": 3258244.31, "Total Cost": 3258244.32, "Plan Rows": 1, "Plan Width": 113, "Actual Startup Time": 581.344, "Actual Total Time": 581.344, "Actual Rows": 1, "Actual Loops": 1, "Plans": [{"Node Type": "Nested Loop", "Parent Relationship": "Outer", "Join Type": "Inner", "Startup Cost": 0.58, "Total Cost": 3255754.27, "Plan Rows": 332005, "Plan Width": 45, "Actual Startup Time": 581.299, "Actual Total Time": 581.32, "Actual Rows": 3, "Actual Loops": 1, "Inner Unique": false, "Join Filter": "(mc.company_type_id = ct.id), (LLVM Optimized, Jit Execute)", "Rows Removed by Join Filter": 63, "Plans": [{"Node Type": "Seq Scan", "Parent Relationship": "Outer", "Relation Name": "company_type", "Alias": "ct", "Startup Cost": 0.0, "Total Cost": 1.04, "Plan Rows": 1, "Plan Width": 4, "Actual Startup Time": 0.018, "Actual Total Time": 0.021, "Actual Rows": 1, "Actual Loops": 1, "Filter": "((kind)::text = 'production companies'::text)", "Rows Removed by Filter": 2}, {"Node Type": "Nested Loop", "Parent Relationship": "Inner", "Join Type": "Inner", "Startup Cost": 0.58, "Total Cost": 3248888.24, "Plan Rows": 549199, "Plan Width": 49, "Actual Startup Time": 581.053, "Actual Total Time": 581.281, "Actual Rows": 66, "Actual Loops": 1, "Inner Unique": false, "Join Filter": "(t.id = mc.movie_id), (LLVM Optimized, Jit Execute)", "Rows Removed by Join Filter": 0, "Plans": [{"Node Type": "Nested Loop", "Parent Relationship": "Outer", "Join Type": "Inner", "Startup Cost": 0.28, "Total Cost": 1525225.68, "Plan Rows": 396404, "Plan Width": 29, "Actual Startup Time": 580.885, "Actual Total Time": 580.985, "Actual Rows": 4, "Actual Loops": 1, "Inner Unique": true, "Plans": [{"Node Type": "Nested Loop", "Parent Relationship": "Outer", "Join Type": "Inner", "Startup Cost": 0.0, "Total Cost": 37527.17, "Plan Rows": 345008, "Plan Width": 4, "Actual Startup Time": 580.698, "Actual Total Time": 580.724, "Actual Rows": 10, "Actual Loops": 1, "Inner Unique": false, "Join Filter": "(it.id = mi_idx.info_type_id), (LLVM Optimized, Jit Execute)", "Rows Removed by Join Filter": 1380024, "Plans": [{"Node Type": "Seq Scan", "Parent Relationship": "Outer", "Relation Name": "info_type", "Alias": "it", "Startup Cost": 0.0, "Total Cost": 2.4, "Plan Rows": 1, "Plan Width": 4, "Actual Startup Time": 0.05, "Actual Total Time": 0.058, "Actual Rows": 1, "Actual Loops": 1, "Filter": "((info)::text = 'bottom 10 rank'::text)", "Rows Removed by Filter": 111}, {"Node Type": "Seq Scan", "Parent Relationship": "Inner", "Relation Name": "movie_info_idx", "Alias": "mi_idx", "Startup Cost": 0.0, "Total Cost": 20274.34, "Plan Rows": 1380034, "Plan Width": 8, "Actual Startup Time": 0.03, "Actual Total Time": 296.861, "Actual Rows": 1380034, "Actual Loops": 1}]}, {"Node Type": "Bitmap Heap Scan", "Parent Relationship": "Inner", "Relation Name": "title", "Alias": "t", "Startup Cost": 0.28, "Total Cost": 4.3, "Plan Rows": 1, "Plan Width": 25, "Actual Startup Time": 0.213, "Actual Total Time": 0.213, "Actual Rows": 4, "Actual Loops": 10, "Recheck Cond": "(id = mi_idx.movie_id)", "Rows Removed by Index Recheck": 0, "Filter": "((production_year >= 2005) AND (production_year <= 2010))", "Rows Removed by Filter": 6, "Exact Heap Blocks": 10, "Lossy Heap Blocks": 10, "Plans": [{"Node Type": "Bitmap Index Scan", "Parent Relationship": "Outer", "Index Name": "title_pkey", "Startup Cost": 0.0, "Total Cost": 0.28, "Plan Rows": 1, "Plan Width": 0, "Actual Startup Time": 0.117, "Actual Total Time": 0.117, "Actual Rows": 10, "Actual Loops": 10, "Index Cond": "(id = mi_idx.movie_id)"}]}]}, {"Node Type": "Bitmap Heap Scan", "Parent Relationship": "Inner", "Relation Name": "movie_companies", "Alias": "mc", "Startup Cost": 0.29, "Total Cost": 4.32, "Plan Rows": 2, "Plan Width": 32, "Actual Startup Time": 0.209, "Actual Total Time": 0.253, "Actual Rows": 66, "Actual Loops": 4, "Recheck Cond": "(movie_id = mi_idx.movie_id)", "Rows Removed by Index Recheck": 0, "Filter": "((note)::text !~~ '%(as Metro-Goldwyn-Mayer Pictures)%'::text)", "Rows Removed by Filter": 7, "Exact Heap Blocks": 9, "Lossy Heap Blocks": 9, "Plans": [{"Node Type": "Bitmap Index Scan", "Parent Relationship": "Outer", "Index Name": "movie_id_movie_companies", "Startup Cost": 0.0, "Total Cost": 0.29, "Plan Rows": 2, "Plan Width": 0, "Actual Startup Time": 0.124, "Actual Total Time": 0.124, "Actual Rows": 73, "Actual Loops": 4, "Index Cond": "(movie_id = mi_idx.movie_id)"}]}]}]}]}, "Triggers": [], "Planner Runtime": 2.308, "Total Runtime": 591.239, "Unique SQL Id": 1162488282}}, "(1, '55')": {"explain_plan": {"Plan": {"Node Type": "Aggregate", "Strategy": "Plain", "Startup Cost": 1000017766719.7, "Total Cost": 1000017766719.71, "Plan Rows": 1, "Plan Width": 113, "Plans": [{"Node Type": "Nested Loop", "Parent Relationship": "Outer", "Join Type": "Inner", "Startup Cost": 10000000001.08, "Total Cost": 1000017764229.67, "Plan Rows": 332005, "Plan Width": 45, "Inner Unique": true, "Plans": [{"Node Type": "Nested Loop", "Parent Relationship": "Outer", "Join Type": "Inner", "Startup Cost": 10000000000.81, "Total Cost": 1000015609438.29, "Plan Rows": 501180, "Plan Width": 32, "Inner Unique": true, "Plans": [{"Node Type": "Nested Loop", "Parent Relationship": "Outer", "Join Type": "Inner", "Startup Cost": 10000000000.55, "Total Cost": 1000012058838.99, "Plan Rows": 829046, "Plan Width": 36, "Inner Unique": false, "Plans": [{"Node Type": "Nested Loop", "Parent Relationship": "Outer", "Join Type": "Inner", "Startup Cost": 10000000000.26, "Total Cost": 1000010560383.98, "Plan Rows": 345008, "Plan Width": 4, "Inner Unique": true, "Plans": [{"Node Type": "Index Scan", "Parent Relationship": "Outer", "Scan Direction": "Forward", "Index Name": "movie_id_movie_info_idx", "Relation Name": "movie_info_idx", "Alias": "mi_idx", "Startup Cost": 10000000000.0, "Total Cost": 1000004650035.37, "Plan Rows": 1380034, "Plan Width": 8}, {"Node Type": "Bitmap Heap Scan", "Parent Relationship": "Inner", "Relation Name": "info_type", "Alias": "it", "Startup Cost": 0.26, "Total Cost": 4.27, "Plan Rows": 1, "Plan Width": 4, "Recheck Cond": "(id = mi_idx.info_type_id)", "Filter": "((info)::text = 'bottom 10 rank'::text)", "Plans": [{"Node Type": "Bitmap Index Scan", "Parent Relationship": "Outer", "Index Name": "info_type_pkey", "Startup Cost": 0.0, "Total Cost": 0.26, "Plan Rows": 1, "Plan Width": 0, "Index Cond": "(id = mi_idx.info_type_id)"}]}]}, {"Node Type": "Bitmap Heap Scan", "Parent Relationship": "Inner", "Relation Name": "movie_companies", "Alias": "mc", "Startup Cost": 0.29, "Total Cost": 4.32, "Plan Rows": 2, "Plan Width": 32, "Recheck Cond": "(movie_id = mi_idx.movie_id)", "Filter": "((note)::text !~~ '%(as Metro-Goldwyn-Mayer Pictures)%'::text)", "Plans": [{"Node Type": "Bitmap Index Scan", "Parent Relationship": "Outer", "Index Name": "movie_id_movie_companies", "Startup Cost": 0.0, "Total Cost": 0.29, "Plan Rows": 2, "Plan Width": 0, "Index Cond": "(movie_id = mi_idx.movie_id)"}]}]}, {"Node Type": "Bitmap Heap Scan", "Parent Relationship": "Inner", "Relation Name": "company_type", "Alias": "ct", "Startup Cost": 0.26, "Total Cost": 4.27, "Plan Rows": 1, "Plan Width": 4, "Recheck Cond": "(id = mc.company_type_id)", "Filter": "((kind)::text = 'production companies'::text)", "Plans": [{"Node Type": "Bitmap Index Scan", "Parent Relationship": "Outer", "Index Name": "company_type_pkey", "Startup Cost": 0.0, "Total Cost": 0.26, "Plan Rows": 1, "Plan Width": 0, "Index Cond": "(id = mc.company_type_id)"}]}]}, {"Node Type": "Bitmap Heap Scan", "Parent Relationship": "Inner", "Relation Name": "title", "Alias": "t", "Startup Cost": 0.27, "Total Cost": 4.29, "Plan Rows": 1, "Plan Width": 25, "Recheck Cond": "(id = mc.movie_id)", "Filter": "((production_year >= 2005) AND (production_year <= 2010))", "Plans": [{"Node Type": "Bitmap Index Scan", "Parent Relationship": "Outer", "Index Name": "title_pkey", "Startup Cost": 0.0, "Total Cost": 0.27, "Plan Rows": 1, "Plan Width": 0, "Index Cond": "(id = mc.movie_id)"}]}]}]}, "Unique SQL Id": 1162488282, "Planner Runtime": 2}, "explain_analyze_plan": null}, "(1, '56')": {"explain_plan": {"Plan": {"Node Type": "Aggregate", "Strategy": "Plain", "Startup Cost": 345166.49, "Total Cost": 345166.5, "Plan Rows": 1, "Plan Width": 113, "Plans": [{"Node Type": "Nested Loop", "Parent Relationship": "Outer", "Join Type": "Inner", "Startup Cost": 0.0, "Total Cost": 342676.45, "Plan Rows": 332005, "Plan Width": 45, "Inner Unique": false, "Join Filter": "(mc.company_type_id = ct.id), (LLVM Optimized)", "Plans": [{"Node Type": "Seq Scan", "Parent Relationship": "Outer", "Relation Name": "company_type", "Alias": "ct", "Startup Cost": 0.0, "Total Cost": 1.04, "Plan Rows": 1, "Plan Width": 4, "Filter": "((kind)::text = 'production companies'::text)"}, {"Node Type": "Nested Loop", "Parent Relationship": "Inner", "Join Type": "Inner", "Startup Cost": 0.0, "Total Cost": 335810.42, "Plan Rows": 549199, "Plan Width": 49, "Inner Unique": false, "Join Filter": "(t.id = mc.movie_id), (LLVM Optimized)", "Plans": [{"Node Type": "Nested Loop", "Parent Relationship": "Outer", "Join Type": "Inner", "Startup Cost": 0.0, "Total Cost": 179893.38, "Plan Rows": 396404, "Plan Width": 29, "Inner Unique": true, "Plans": [{"Node Type": "Nested Loop", "Parent Relationship": "Outer", "Join Type": "Inner", "Startup Cost": 0.0, "Total Cost": 37527.17, "Plan Rows": 345008, "Plan Width": 4, "Inner Unique": false, "Join Filter": "(it.id = mi_idx.info_type_id), (LLVM Optimized)", "Plans": [{"Node Type": "Seq Scan", "Parent Relationship": "Outer", "Relation Name": "info_type", "Alias": "it", "Startup Cost": 0.0, "Total Cost": 2.4, "Plan Rows": 1, "Plan Width": 4, "Filter": "((info)::text = 'bottom 10 rank'::text)"}, {"Node Type": "Seq Scan", "Parent Relationship": "Inner", "Relation Name": "movie_info_idx", "Alias": "mi_idx", "Startup Cost": 0.0, "Total Cost": 20274.34, "Plan Rows": 1380034, "Plan Width": 8}]}, {"Node Type": "Index Scan", "Parent Relationship": "Inner", "Scan Direction": "Forward", "Index Name": "title_pkey", "Relation Name": "title", "Alias": "t", "Startup Cost": 0.0, "Total Cost": 0.4, "Plan Rows": 1, "Plan Width": 25, "Index Cond": "(id = mi_idx.movie_id)", "Filter": "((production_year >= 2005) AND (production_year <= 2010))"}]}, {"Node Type": "Index Scan", "Parent Relationship": "Inner", "Scan Direction": "Forward", "Index Name": "movie_id_movie_companies", "Relation Name": "movie_companies", "Alias": "mc", "Startup Cost": 0.0, "Total Cost": 0.37, "Plan Rows": 2, "Plan Width": 32, "Index Cond": "(movie_id = mi_idx.movie_id)", "Filter": "((note)::text !~~ '%(as Metro-Goldwyn-Mayer Pictures)%'::text)"}]}]}]}, "Unique SQL Id": 1162488282, "Planner Runtime": 2}, "explain_analyze_plan": {"Plan": {"Node Type": "Aggregate", "Strategy": "Plain", "Startup Cost": 345166.49, "Total Cost": 345166.5, "Plan Rows": 1, "Plan Width": 113, "Actual Startup Time": 603.997, "Actual Total Time": 603.997, "Actual Rows": 1, "Actual Loops": 1, "Plans": [{"Node Type": "Nested Loop", "Parent Relationship": "Outer", "Join Type": "Inner", "Startup Cost": 0.0, "Total Cost": 342676.45, "Plan Rows": 332005, "Plan Width": 45, "Actual Startup Time": 603.945, "Actual Total Time": 603.967, "Actual Rows": 3, "Actual Loops": 1, "Inner Unique": false, "Join Filter": "(mc.company_type_id = ct.id), (LLVM Optimized)", "Rows Removed by Join Filter": 63, "Plans": [{"Node Type": "Seq Scan", "Parent Relationship": "Outer", "Relation Name": "company_type", "Alias": "ct", "Startup Cost": 0.0, "Total Cost": 1.04, "Plan Rows": 1, "Plan Width": 4, "Actual Startup Time": 0.02, "Actual Total Time": 0.025, "Actual Rows": 1, "Actual Loops": 1, "Filter": "((kind)::text = 'production companies'::text)", "Rows Removed by Filter": 2}, {"Node Type": "Nested Loop", "Parent Relationship": "Inner", "Join Type": "Inner", "Startup Cost": 0.0, "Total Cost": 335810.42, "Plan Rows": 549199, "Plan Width": 49, "Actual Startup Time": 603.711, "Actual Total Time": 603.918, "Actual Rows": 66, "Actual Loops": 1, "Inner Unique": false, "Join Filter": "(t.id = mc.movie_id), (LLVM Optimized)", "Rows Removed by Join Filter": 0, "Plans": [{"Node Type": "Nested Loop", "Parent Relationship": "Outer", "Join Type": "Inner", "Startup Cost": 0.0, "Total Cost": 179893.38, "Plan Rows": 396404, "Plan Width": 29, "Actual Startup Time": 603.667, "Actual Total Time": 603.731, "Actual Rows": 4, "Actual Loops": 1, "Inner Unique": true, "Plans": [{"Node Type": "Nested Loop", "Parent Relationship": "Outer", "Join Type": "Inner", "Startup Cost": 0.0, "Total Cost": 37527.17, "Plan Rows": 345008, "Plan Width": 4, "Actual Startup Time": 603.508, "Actual Total Time": 603.525, "Actual Rows": 10, "Actual Loops": 1, "Inner Unique": false, "Join Filter": "(it.id = mi_idx.info_type_id), (LLVM Optimized)", "Rows Removed by Join Filter": 1380024, "Plans": [{"Node Type": "Seq Scan", "Parent Relationship": "Outer", "Relation Name": "info_type", "Alias": "it", "Startup Cost": 0.0, "Total Cost": 2.4, "Plan Rows": 1, "Plan Width": 4, "Actual Startup Time": 0.05, "Actual Total Time": 0.059, "Actual Rows": 1, "Actual Loops": 1, "Filter": "((info)::text = 'bottom 10 rank'::text)", "Rows Removed by Filter": 111}, {"Node Type": "Seq Scan", "Parent Relationship": "Inner", "Relation Name": "movie_info_idx", "Alias": "mi_idx", "Startup Cost": 0.0, "Total Cost": 20274.34, "Plan Rows": 1380034, "Plan Width": 8, "Actual Startup Time": 0.034, "Actual Total Time": 312.412, "Actual Rows": 1380034, "Actual Loops": 1}]}, {"Node Type": "Index Scan", "Parent Relationship": "Inner", "Scan Direction": "Forward", "Index Name": "title_pkey", "Relation Name": "title", "Alias": "t", "Startup Cost": 0.0, "Total Cost": 0.4, "Plan Rows": 1, "Plan Width": 25, "Actual Startup Time": 0.188, "Actual Total Time": 0.188, "Actual Rows": 4, "Actual Loops": 10, "Index Cond": "(id = mi_idx.movie_id)", "Rows Removed by Index Recheck": 0, "Filter": "((production_year >= 2005) AND (production_year <= 2010))", "Rows Removed by Filter": 6}]}, {"Node Type": "Index Scan", "Parent Relationship": "Inner", "Scan Direction": "Forward", "Index Name": "movie_id_movie_companies", "Relation Name": "movie_companies", "Alias": "mc", "Startup Cost": 0.0, "Total Cost": 0.37, "Plan Rows": 2, "Plan Width": 32, "Actual Startup Time": 0.078, "Actual Total Time": 0.148, "Actual Rows": 66, "Actual Loops": 4, "Index Cond": "(movie_id = mi_idx.movie_id)", "Rows Removed by Index Recheck": 0, "Filter": "((note)::text !~~ '%(as Metro-Goldwyn-Mayer Pictures)%'::text)", "Rows Removed by Filter": 7}]}]}]}, "Triggers": [], "Planner Runtime": 2.239, "Total Runtime": 613.877, "Unique SQL Id": 1162488282}}, "(1, '57')": {"explain_plan": {"Plan": {"Node Type": "Aggregate", "Strategy": "Plain", "Startup Cost": 345988.79, "Total Cost": 345988.8, "Plan Rows": 1, "Plan Width": 113, "Plans": [{"Node Type": "Nested Loop", "Parent Relationship": "Outer", "Join Type": "Inner", "Startup Cost": 0.0, "Total Cost": 343498.75, "Plan Rows": 332005, "Plan Width": 45, "Inner Unique": false, "Join Filter": "(mc.company_type_id = ct.id), (LLVM Optimized)", "Plans": [{"Node Type": "Index Scan", "Parent Relationship": "Outer", "Scan Direction": "Forward", "Index Name": "company_type_pkey", "Relation Name": "company_type", "Alias": "ct", "Startup Cost": 0.0, "Total Cost": 12.3, "Plan Rows": 1, "Plan Width": 4, "Filter": "((kind)::text = 'production companies'::text)"}, {"Node Type": "Nested Loop", "Parent Relationship": "Inner", "Join Type": "Inner", "Startup Cost": 0.0, "Total Cost": 336621.46, "Plan Rows": 549199, "Plan Width": 49, "Inner Unique": false, "Join Filter": "(t.id = mc.movie_id), (LLVM Optimized)", "Plans": [{"Node Type": "Nested Loop", "Parent Relationship": "Outer", "Join Type": "Inner", "Startup Cost": 0.0, "Total Cost": 180704.42, "Plan Rows": 396404, "Plan Width": 29, "Inner Unique": true, "Plans": [{"Node Type": "Nested Loop", "Parent Relationship": "Outer", "Join Type": "Inner", "Startup Cost": 0.0, "Total Cost": 38338.2, "Plan Rows": 345008, "Plan Width": 4, "Inner Unique": false, "Plans": [{"Node Type": "Index Scan", "Parent Relationship": "Outer", "Scan Direction": "Forward", "Index Name": "info_type_pkey", "Relation Name": "info_type", "Alias": "it", "Startup Cost": 0.0, "Total Cost": 14.21, "Plan Rows": 1, "Plan Width": 4, "Filter": "((info)::text = 'bottom 10 rank'::text)"}, {"Node Type": "Index Scan", "Parent Relationship": "Inner", "Scan Direction": "Forward", "Index Name": "info_type_id_movie_info_idx", "Relation Name": "movie_info_idx", "Alias": "mi_idx", "Startup Cost": 0.0, "Total Cost": 34873.91, "Plan Rows": 345008, "Plan Width": 8, "Index Cond": "(info_type_id = it.id), (LLVM Optimized)"}]}, {"Node Type": "Index Scan", "Parent Relationship": "Inner", "Scan Direction": "Forward", "Index Name": "title_pkey", "Relation Name": "title", "Alias": "t", "Startup Cost": 0.0, "Total Cost": 0.4, "Plan Rows": 1, "Plan Width": 25, "Index Cond": "(id = mi_idx.movie_id)", "Filter": "((production_year >= 2005) AND (production_year <= 2010))"}]}, {"Node Type": "Index Scan", "Parent Relationship": "Inner", "Scan Direction": "Forward", "Index Name": "movie_id_movie_companies", "Relation Name": "movie_companies", "Alias": "mc", "Startup Cost": 0.0, "Total Cost": 0.37, "Plan Rows": 2, "Plan Width": 32, "Index Cond": "(movie_id = mi_idx.movie_id)", "Filter": "((note)::text !~~ '%(as Metro-Goldwyn-Mayer Pictures)%'::text)"}]}]}]}, "Unique SQL Id": 1162488282, "Planner Runtime": 2}, "explain_analyze_plan": {"Plan": {"Node Type": "Aggregate", "Strategy": "Plain", "Startup Cost": 345988.79, "Total Cost": 345988.8, "Plan Rows": 1, "Plan Width": 113, "Actual Startup Time": 0.366, "Actual Total Time": 0.367, "Actual Rows": 1, "Actual Loops": 1, "Plans": [{"Node Type": "Nested Loop", "Parent Relationship": "Outer", "Join Type": "Inner", "Startup Cost": 0.0, "Total Cost": 343498.75, "Plan Rows": 332005, "Plan Width": 45, "Actual Startup Time": 0.343, "Actual Total Time": 0.353, "Actual Rows": 3, "Actual Loops": 1, "Inner Unique": false, "Join Filter": "(mc.company_type_id = ct.id), (LLVM Optimized)", "Rows Removed by Join Filter": 63, "Plans": [{"Node Type": "Index Scan", "Parent Relationship": "Outer", "Scan Direction": "Forward", "Index Name": "company_type_pkey", "Relation Name": "company_type", "Alias": "ct", "Startup Cost": 0.0, "Total Cost": 12.3, "Plan Rows": 1, "Plan Width": 4, "Actual Startup Time": 0.026, "Actual Total Time": 0.028, "Actual Rows": 1, "Actual Loops": 1, "Filter": "((kind)::text = 'production companies'::text)", "Rows Removed by Filter": 2}, {"Node Type": "Nested Loop", "Parent Relationship": "Inner", "Join Type": "Inner", "Startup Cost": 0.0, "Total Cost": 336621.46, "Plan Rows": 549199, "Plan Width": 49, "Actual Startup Time": 0.165, "Actual Total Time": 0.304, "Actual Rows": 66, "Actual Loops": 1, "Inner Unique": false, "Join Filter": "(t.id = mc.movie_id), (LLVM Optimized)", "Rows Removed by Join Filter": 0, "Plans": [{"Node Type": "Nested Loop", "Parent Relationship": "Outer", "Join Type": "Inner", "Startup Cost": 0.0, "Total Cost": 180704.42, "Plan Rows": 396404, "Plan Width": 29, "Actual Startup Time": 0.146, "Actual Total Time": 0.182, "Actual Rows": 4, "Actual Loops": 1, "Inner Unique": true, "Plans": [{"Node Type": "Nested Loop", "Parent Relationship": "Outer", "Join Type": "Inner", "Startup Cost": 0.0, "Total Cost": 38338.2, "Plan Rows": 345008, "Plan Width": 4, "Actual Startup Time": 0.088, "Actual Total Time": 0.097, "Actual Rows": 10, "Actual Loops": 1, "Inner Unique": false, "Plans": [{"Node Type": "Index Scan", "Parent Relationship": "Outer", "Scan Direction": "Forward", "Index Name": "info_type_pkey", "Relation Name": "info_type", "Alias": "it", "Startup Cost": 0.0, "Total Cost": 14.21, "Plan Rows": 1, "Plan Width": 4, "Actual Startup Time": 0.068, "Actual Total Time": 0.069, "Actual Rows": 1, "Actual Loops": 1, "Filter": "((info)::text = 'bottom 10 rank'::text)", "Rows Removed by Filter": 111}, {"Node Type": "Index Scan", "Parent Relationship": "Inner", "Scan Direction": "Forward", "Index Name": "info_type_id_movie_info_idx", "Relation Name": "movie_info_idx", "Alias": "mi_idx", "Startup Cost": 0.0, "Total Cost": 34873.91, "Plan Rows": 345008, "Plan Width": 8, "Actual Startup Time": 0.017, "Actual Total Time": 0.022, "Actual Rows": 10, "Actual Loops": 1, "Index Cond": "(info_type_id = it.id), (LLVM Optimized)", "Rows Removed by Index Recheck": 0}]}, {"Node Type": "Index Scan", "Parent Relationship": "Inner", "Scan Direction": "Forward", "Index Name": "title_pkey", "Relation Name": "title", "Alias": "t", "Startup Cost": 0.0, "Total Cost": 0.4, "Plan Rows": 1, "Plan Width": 25, "Actual Startup Time": 0.076, "Actual Total Time": 0.076, "Actual Rows": 4, "Actual Loops": 10, "Index Cond": "(id = mi_idx.movie_id)", "Rows Removed by Index Recheck": 0, "Filter": "((production_year >= 2005) AND (production_year <= 2010))", "Rows Removed by Filter": 6}]}, {"Node Type": "Index Scan", "Parent Relationship": "Inner", "Scan Direction": "Forward", "Index Name": "movie_id_movie_companies", "Relation Name": "movie_companies", "Alias": "mc", "Startup Cost": 0.0, "Total Cost": 0.37, "Plan Rows": 2, "Plan Width": 32, "Actual Startup Time": 0.04, "Actual Total Time": 0.094, "Actual Rows": 66, "Actual Loops": 4, "Index Cond": "(movie_id = mi_idx.movie_id)", "Rows Removed by Index Recheck": 0, "Filter": "((note)::text !~~ '%(as Metro-Goldwyn-Mayer Pictures)%'::text)", "Rows Removed by Filter": 7}]}]}]}, "Triggers": [], "Planner Runtime": 2.244, "Total Runtime": 10.27, "Unique SQL Id": 1162488282}}, "(1, '58')": {"explain_plan": {"Plan": {"Node Type": "Aggregate", "Strategy": "Plain", "Startup Cost": 11479091143.35, "Total Cost": 11479091143.36, "Plan Rows": 1, "Plan Width": 113, "Plans": [{"Node Type": "Nested Loop", "Parent Relationship": "Outer", "Join Type": "Inner", "Startup Cost": 2083.5, "Total Cost": 11479088653.31, "Plan Rows": 332005, "Plan Width": 45, "Inner Unique": false, "Join Filter": "(mc.movie_id = t.id), (LLVM Optimized)", "Plans": [{"Node Type": "Nested Loop", "Parent Relationship": "Outer", "Join Type": "Inner", "Startup Cost": 0.0, "Total Cost": 80954.08, "Plan Rows": 1304518, "Plan Width": 28, "Inner Unique": false, "Join Filter": "(ct.id = mc.company_type_id), (LLVM Optimized)", "Plans": [{"Node Type": "Seq Scan", "Parent Relationship": "Outer", "Relation Name": "company_type", "Alias": "ct", "Startup Cost": 0.0, "Total Cost": 1.04, "Plan Rows": 1, "Plan Width": 4, "Filter": "((kind)::text = 'production companies'::text)"}, {"Node Type": "Seq Scan", "Parent Relationship": "Inner", "Relation Name": "movie_companies", "Alias": "mc", "Startup Cost": 0.0, "Total Cost": 48340.1, "Plan Rows": 2609035, "Plan Width": 32, "Filter": "((note)::text !~~ '%(as Metro-Goldwyn-Mayer Pictures)%'::text), (LLVM Optimized)"}]}, {"Node Type": "Materialize", "Parent Relationship": "Inner", "Startup Cost": 2083.5, "Total Cost": 3722266391.17, "Plan Rows": 396404, "Plan Width": 29, "Plans": [{"Node Type": "Nested Loop", "Parent Relationship": "Outer", "Join Type": "Inner", "Startup Cost": 2083.5, "Total Cost": 3722264409.15, "Plan Rows": 396404, "Plan Width": 29, "Inner Unique": false, "Join Filter": "(mi_idx.movie_id = t.id), (LLVM Optimized)", "Plans": [{"Node Type": "Seq Scan", "Parent Relationship": "Outer", "Relation Name": "title", "Alias": "t", "Startup Cost": 2083.5, "Total Cost": 72710.67, "Plan Rows": 719240, "Plan Width": 25, "Filter": "((production_year >= 2005) AND (production_year <= 2010)), (LLVM Optimized)"}, {"Node Type": "Materialize", "Parent Relationship": "Inner", "Startup Cost": 0.0, "Total Cost": 39252.21, "Plan Rows": 345008, "Plan Width": 4, "Plans": [{"Node Type": "Nested Loop", "Parent Relationship": "Outer", "Join Type": "Inner", "Startup Cost": 0.0, "Total Cost": 37527.17, "Plan Rows": 345008, "Plan Width": 4, "Inner Unique": false, "Join Filter": "(it.id = mi_idx.info_type_id), (LLVM Optimized)", "Plans": [{"Node Type": "Seq Scan", "Parent Relationship": "Outer", "Relation Name": "info_type", "Alias": "it", "Startup Cost": 0.0, "Total Cost": 2.4, "Plan Rows": 1, "Plan Width": 4, "Filter": "((info)::text = 'bottom 10 rank'::text)"}, {"Node Type": "Seq Scan", "Parent Relationship": "Inner", "Relation Name": "movie_info_idx", "Alias": "mi_idx", "Startup Cost": 0.0, "Total Cost": 20274.34, "Plan Rows": 1380034, "Plan Width": 8}]}]}]}]}]}]}, "Unique SQL Id": 1162488282, "Planner Runtime": 2}, "explain_analyze_plan": {"Plan": {"Node Type": "Aggregate", "Strategy": "Plain", "Startup Cost": 11479091143.35, "Total Cost": 11479091143.36, "Plan Rows": 1, "Plan Width": 113, "Actual Startup Time": 4765.239, "Actual Total Time": 4765.24, "Actual Rows": 1, "Actual Loops": 1, "Plans": [{"Node Type": "Nested Loop", "Parent Relationship": "Outer", "Join Type": "Inner", "Startup Cost": 2083.5, "Total Cost": 11479088653.31, "Plan Rows": 332005, "Plan Width": 45, "Actual Startup Time": 4482.655, "Actual Total Time": 4765.19, "Actual Rows": 3, "Actual Loops": 1, "Inner Unique": false, "Join Filter": "(mc.movie_id = t.id), (LLVM Optimized, Jit Execute)", "Rows Removed by Join Filter": 563613, "Plans": [{"Node Type": "Nested Loop", "Parent Relationship": "Outer", "Join Type": "Inner", "Startup Cost": 0.0, "Total Cost": 80954.08, "Plan Rows": 1304518, "Plan Width": 28, "Actual Startup Time": 853.396, "Actual Total Time": 1229.962, "Actual Rows": 140904, "Actual Loops": 1, "Inner Unique": false, "Join Filter": "(ct.id = mc.company_type_id), (LLVM Optimized, Jit Execute)", "Rows Removed by Join Filter": 1196183, "Plans": [{"Node Type": "Seq Scan", "Parent Relationship": "Outer", "Relation Name": "company_type", "Alias": "ct", "Startup Cost": 0.0, "Total Cost": 1.04, "Plan Rows": 1, "Plan Width": 4, "Actual Startup Time": 0.019, "Actual Total Time": 0.027, "Actual Rows": 1, "Actual Loops": 1, "Filter": "((kind)::text = 'production companies'::text)", "Rows Removed by Filter": 2}, {"Node Type": "Seq Scan", "Parent Relationship": "Inner", "Relation Name": "movie_companies", "Alias": "mc", "Startup Cost": 0.0, "Total Cost": 48340.1, "Plan Rows": 2609035, "Plan Width": 32, "Actual Startup Time": 0.036, "Actual Total Time": 960.054, "Actual Rows": 1337087, "Actual Loops": 1, "Filter": "((note)::text !~~ '%(as Metro-Goldwyn-Mayer Pictures)%'::text), (LLVM Optimized, Jit Execute)", "Rows Removed by Filter": 1272041}]}, {"Node Type": "Materialize", "Parent Relationship": "Inner", "Startup Cost": 2083.5, "Total Cost": 3722266391.17, "Plan Rows": 396404, "Plan Width": 29, "Actual Startup Time": 2618.048, "Actual Total Time": 3415.373, "Actual Rows": 563616, "Actual Loops": 140904, "Plans": [{"Node Type": "Nested Loop", "Parent Relationship": "Outer", "Join Type": "Inner", "Startup Cost": 2083.5, "Total Cost": 3722264409.15, "Plan Rows": 396404, "Plan Width": 29, "Actual Startup Time": 2606.479, "Actual Total Time": 3355.662, "Actual Rows": 4, "Actual Loops": 1, "Inner Unique": false, "Join Filter": "(mi_idx.movie_id = t.id), (LLVM Optimized, Jit Execute)", "Rows Removed by Join Filter": 7162586, "Plans": [{"Node Type": "Seq Scan", "Parent Relationship": "Outer", "Relation Name": "title", "Alias": "t", "Startup Cost": 2083.5, "Total Cost": 72710.67, "Plan Rows": 719240, "Plan Width": 25, "Actual Startup Time": 0.029, "Actual Total Time": 835.29, "Actual Rows": 716259, "Actual Loops": 1, "Filter": "((production_year >= 2005) AND (production_year <= 2010)), (LLVM Optimized, Jit Execute)", "Rows Removed by Filter": 1812052}, {"Node Type": "Materialize", "Parent Relationship": "Inner", "Startup Cost": 0.0, "Total Cost": 39252.21, "Plan Rows": 345008, "Plan Width": 4, "Actual Startup Time": 601.386, "Actual Total Time": 1207.796, "Actual Rows": 7162590, "Actual Loops": 716259, "Plans": [{"Node Type": "Nested Loop", "Parent Relationship": "Outer", "Join Type": "Inner", "Startup Cost": 0.0, "Total Cost": 37527.17, "Plan Rows": 345008, "Plan Width": 4, "Actual Startup Time": 541.463, "Actual Total Time": 541.483, "Actual Rows": 10, "Actual Loops": 1, "Inner Unique": false, "Join Filter": "(it.id = mi_idx.info_type_id), (LLVM Optimized, Jit Execute)", "Rows Removed by Join Filter": 1380024, "Plans": [{"Node Type": "Seq Scan", "Parent Relationship": "Outer", "Relation Name": "info_type", "Alias": "it", "Startup Cost": 0.0, "Total Cost": 2.4, "Plan Rows": 1, "Plan Width": 4, "Actual Startup Time": 0.083, "Actual Total Time": 0.097, "Actual Rows": 1, "Actual Loops": 1, "Filter": "((info)::text = 'bottom 10 rank'::text)", "Rows Removed by Filter": 111}, {"Node Type": "Seq Scan", "Parent Relationship": "Inner", "Relation Name": "movie_info_idx", "Alias": "mi_idx", "Startup Cost": 0.0, "Total Cost": 20274.34, "Plan Rows": 1380034, "Plan Width": 8, "Actual Startup Time": 0.057, "Actual Total Time": 298.69, "Actual Rows": 1380034, "Actual Loops": 1}]}]}]}]}]}]}, "Triggers": [], "Planner Runtime": 2.231, "Total Runtime": 4776.13, "Unique SQL Id": 1162488282}}, "(1, '59')": {"explain_plan": {"Plan": {"Node Type": "Aggregate", "Strategy": "Plain", "Startup Cost": 5011509592906.65, "Total Cost": 5011509592906.66, "Plan Rows": 1, "Plan Width": 113, "Plans": [{"Node Type": "Nested Loop", "Parent Relationship": "Outer", "Join Type": "Inner", "Startup Cost": 50000000000.0, "Total Cost": 5011509590416.61, "Plan Rows": 332005, "Plan Width": 45, "Inner Unique": false, "Join Filter": "(mc.movie_id = t.id), (LLVM Optimized)", "Plans": [{"Node Type": "Nested Loop", "Parent Relationship": "Outer", "Join Type": "Inner", "Startup Cost": 20000000000.0, "Total Cost": 2000013744593.91, "Plan Rows": 1304518, "Plan Width": 28, "Inner Unique": true, "Join Filter": "(ct.id = mc.company_type_id), (LLVM Optimized)", "Plans": [{"Node Type": "Index Scan", "Parent Relationship": "Outer", "Scan Direction": "Forward", "Index Name": "movie_id_movie_companies", "Relation Name": "movie_companies", "Alias": "mc", "Startup Cost": 10000000000.0, "Total Cost": 1000013704228.13, "Plan Rows": 2609035, "Plan Width": 32, "Filter": "((note)::text !~~ '%(as Metro-Goldwyn-Mayer Pictures)%'::text), (LLVM Optimized)"}, {"Node Type": "Materialize", "Parent Relationship": "Inner", "Startup Cost": 10000000000.0, "Total Cost": 1000000001230.26, "Plan Rows": 1, "Plan Width": 4, "Plans": [{"Node Type": "Index Scan", "Parent Relationship": "Outer", "Scan Direction": "Forward", "Index Name": "company_type_pkey", "Relation Name": "company_type", "Alias": "ct", "Startup Cost": 10000000000.0, "Total Cost": 1000000001230.25, "Plan Rows": 1, "Plan Width": 4, "Filter": "((kind)::text = 'production companies'::text)"}]}]}, {"Node Type": "Materialize", "Parent Relationship": "Inner", "Startup Cost": 30000000000.0, "Total Cost": 3003739104514.63, "Plan Rows": 396404, "Plan Width": 29, "Plans": [{"Node Type": "Nested Loop", "Parent Relationship": "Outer", "Join Type": "Inner", "Startup Cost": 30000000000.0, "Total Cost": 3003739102532.61, "Plan Rows": 396404, "Plan Width": 29, "Inner Unique": false, "Join Filter": "(mi_idx.movie_id = t.id), (LLVM Optimized)", "Plans": [{"Node Type": "Index Scan", "Parent Relationship": "Outer", "Scan Direction": "Forward", "Index Name": "title_pkey", "Relation Name": "title", "Alias": "t", "Startup Cost": 10000000000.0, "Total Cost": 1000012276204.41, "Plan Rows": 719240, "Plan Width": 25, "Filter": "((production_year >= 2005) AND (production_year <= 2010)), (LLVM Optimized)"}, {"Node Type": "Materialize", "Parent Relationship": "Inner", "Startup Cost": 20000000000.0, "Total Cost": 2000004673881.92, "Plan Rows": 345008, "Plan Width": 4, "Plans": [{"Node Type": "Nested Loop", "Parent Relationship": "Outer", "Join Type": "Inner", "Startup Cost": 20000000000.0, "Total Cost": 2000004672156.88, "Plan Rows": 345008, "Plan Width": 4, "Inner Unique": true, "Join Filter": "(it.id = mi_idx.info_type_id), (LLVM Optimized)", "Plans": [{"Node Type": "Index Scan", "Parent Relationship": "Outer", "Scan Direction": "Forward", "Index Name": "movie_id_movie_info_idx", "Relation Name": "movie_info_idx", "Alias": "mi_idx", "Startup Cost": 10000000000.0, "Total Cost": 1000004650035.37, "Plan Rows": 1380034, "Plan Width": 8}, {"Node Type": "Materialize", "Parent Relationship": "Inner", "Startup Cost": 10000000000.0, "Total Cost": 1000000001421.0, "Plan Rows": 1, "Plan Width": 4, "Plans": [{"Node Type": "Index Scan", "Parent Relationship": "Outer", "Scan Direction": "Forward", "Index Name": "info_type_pkey", "Relation Name": "info_type", "Alias": "it", "Startup Cost": 10000000000.0, "Total Cost": 1000000001421.0, "Plan Rows": 1, "Plan Width": 4, "Filter": "((info)::text = 'bottom 10 rank'::text)"}]}]}]}]}]}]}]}, "Unique SQL Id": 1162488282, "Planner Runtime": 2}, "explain_analyze_plan": null}, "(1, '60')": {"explain_plan": {"Plan": {"Node Type": "Aggregate", "Strategy": "Plain", "Startup Cost": 345166.49, "Total Cost": 345166.5, "Plan Rows": 1, "Plan Width": 113, "Plans": [{"Node Type": "Nested Loop", "Parent Relationship": "Outer", "Join Type": "Inner", "Startup Cost": 0.0, "Total Cost": 342676.45, "Plan Rows": 332005, "Plan Width": 45, "Inner Unique": false, "Join Filter": "(mc.company_type_id = ct.id), (LLVM Optimized)", "Plans": [{"Node Type": "Seq Scan", "Parent Relationship": "Outer", "Relation Name": "company_type", "Alias": "ct", "Startup Cost": 0.0, "Total Cost": 1.04, "Plan Rows": 1, "Plan Width": 4, "Filter": "((kind)::text = 'production companies'::text)"}, {"Node Type": "Nested Loop", "Parent Relationship": "Inner", "Join Type": "Inner", "Startup Cost": 0.0, "Total Cost": 335810.42, "Plan Rows": 549199, "Plan Width": 49, "Inner Unique": false, "Join Filter": "(t.id = mc.movie_id), (LLVM Optimized)", "Plans": [{"Node Type": "Nested Loop", "Parent Relationship": "Outer", "Join Type": "Inner", "Startup Cost": 0.0, "Total Cost": 179893.38, "Plan Rows": 396404, "Plan Width": 29, "Inner Unique": true, "Plans": [{"Node Type": "Nested Loop", "Parent Relationship": "Outer", "Join Type": "Inner", "Startup Cost": 0.0, "Total Cost": 37527.17, "Plan Rows": 345008, "Plan Width": 4, "Inner Unique": false, "Join Filter": "(it.id = mi_idx.info_type_id), (LLVM Optimized)", "Plans": [{"Node Type": "Seq Scan", "Parent Relationship": "Outer", "Relation Name": "info_type", "Alias": "it", "Startup Cost": 0.0, "Total Cost": 2.4, "Plan Rows": 1, "Plan Width": 4, "Filter": "((info)::text = 'bottom 10 rank'::text)"}, {"Node Type": "Seq Scan", "Parent Relationship": "Inner", "Relation Name": "movie_info_idx", "Alias": "mi_idx", "Startup Cost": 0.0, "Total Cost": 20274.34, "Plan Rows": 1380034, "Plan Width": 8}]}, {"Node Type": "Index Scan", "Parent Relationship": "Inner", "Scan Direction": "Forward", "Index Name": "title_pkey", "Relation Name": "title", "Alias": "t", "Startup Cost": 0.0, "Total Cost": 0.4, "Plan Rows": 1, "Plan Width": 25, "Index Cond": "(id = mi_idx.movie_id)", "Filter": "((production_year >= 2005) AND (production_year <= 2010))"}]}, {"Node Type": "Index Scan", "Parent Relationship": "Inner", "Scan Direction": "Forward", "Index Name": "movie_id_movie_companies", "Relation Name": "movie_companies", "Alias": "mc", "Startup Cost": 0.0, "Total Cost": 0.37, "Plan Rows": 2, "Plan Width": 32, "Index Cond": "(movie_id = mi_idx.movie_id)", "Filter": "((note)::text !~~ '%(as Metro-Goldwyn-Mayer Pictures)%'::text)"}]}]}]}, "Unique SQL Id": 1162488282, "Planner Runtime": 2}, "explain_analyze_plan": {"Plan": {"Node Type": "Aggregate", "Strategy": "Plain", "Startup Cost": 345166.49, "Total Cost": 345166.5, "Plan Rows": 1, "Plan Width": 113, "Actual Startup Time": 603.997, "Actual Total Time": 603.997, "Actual Rows": 1, "Actual Loops": 1, "Plans": [{"Node Type": "Nested Loop", "Parent Relationship": "Outer", "Join Type": "Inner", "Startup Cost": 0.0, "Total Cost": 342676.45, "Plan Rows": 332005, "Plan Width": 45, "Actual Startup Time": 603.945, "Actual Total Time": 603.967, "Actual Rows": 3, "Actual Loops": 1, "Inner Unique": false, "Join Filter": "(mc.company_type_id = ct.id), (LLVM Optimized)", "Rows Removed by Join Filter": 63, "Plans": [{"Node Type": "Seq Scan", "Parent Relationship": "Outer", "Relation Name": "company_type", "Alias": "ct", "Startup Cost": 0.0, "Total Cost": 1.04, "Plan Rows": 1, "Plan Width": 4, "Actual Startup Time": 0.02, "Actual Total Time": 0.025, "Actual Rows": 1, "Actual Loops": 1, "Filter": "((kind)::text = 'production companies'::text)", "Rows Removed by Filter": 2}, {"Node Type": "Nested Loop", "Parent Relationship": "Inner", "Join Type": "Inner", "Startup Cost": 0.0, "Total Cost": 335810.42, "Plan Rows": 549199, "Plan Width": 49, "Actual Startup Time": 603.711, "Actual Total Time": 603.918, "Actual Rows": 66, "Actual Loops": 1, "Inner Unique": false, "Join Filter": "(t.id = mc.movie_id), (LLVM Optimized)", "Rows Removed by Join Filter": 0, "Plans": [{"Node Type": "Nested Loop", "Parent Relationship": "Outer", "Join Type": "Inner", "Startup Cost": 0.0, "Total Cost": 179893.38, "Plan Rows": 396404, "Plan Width": 29, "Actual Startup Time": 603.667, "Actual Total Time": 603.731, "Actual Rows": 4, "Actual Loops": 1, "Inner Unique": true, "Plans": [{"Node Type": "Nested Loop", "Parent Relationship": "Outer", "Join Type": "Inner", "Startup Cost": 0.0, "Total Cost": 37527.17, "Plan Rows": 345008, "Plan Width": 4, "Actual Startup Time": 603.508, "Actual Total Time": 603.525, "Actual Rows": 10, "Actual Loops": 1, "Inner Unique": false, "Join Filter": "(it.id = mi_idx.info_type_id), (LLVM Optimized)", "Rows Removed by Join Filter": 1380024, "Plans": [{"Node Type": "Seq Scan", "Parent Relationship": "Outer", "Relation Name": "info_type", "Alias": "it", "Startup Cost": 0.0, "Total Cost": 2.4, "Plan Rows": 1, "Plan Width": 4, "Actual Startup Time": 0.05, "Actual Total Time": 0.059, "Actual Rows": 1, "Actual Loops": 1, "Filter": "((info)::text = 'bottom 10 rank'::text)", "Rows Removed by Filter": 111}, {"Node Type": "Seq Scan", "Parent Relationship": "Inner", "Relation Name": "movie_info_idx", "Alias": "mi_idx", "Startup Cost": 0.0, "Total Cost": 20274.34, "Plan Rows": 1380034, "Plan Width": 8, "Actual Startup Time": 0.034, "Actual Total Time": 312.412, "Actual Rows": 1380034, "Actual Loops": 1}]}, {"Node Type": "Index Scan", "Parent Relationship": "Inner", "Scan Direction": "Forward", "Index Name": "title_pkey", "Relation Name": "title", "Alias": "t", "Startup Cost": 0.0, "Total Cost": 0.4, "Plan Rows": 1, "Plan Width": 25, "Actual Startup Time": 0.188, "Actual Total Time": 0.188, "Actual Rows": 4, "Actual Loops": 10, "Index Cond": "(id = mi_idx.movie_id)", "Rows Removed by Index Recheck": 0, "Filter": "((production_year >= 2005) AND (production_year <= 2010))", "Rows Removed by Filter": 6}]}, {"Node Type": "Index Scan", "Parent Relationship": "Inner", "Scan Direction": "Forward", "Index Name": "movie_id_movie_companies", "Relation Name": "movie_companies", "Alias": "mc", "Startup Cost": 0.0, "Total Cost": 0.37, "Plan Rows": 2, "Plan Width": 32, "Actual Startup Time": 0.078, "Actual Total Time": 0.148, "Actual Rows": 66, "Actual Loops": 4, "Index Cond": "(movie_id = mi_idx.movie_id)", "Rows Removed by Index Recheck": 0, "Filter": "((note)::text !~~ '%(as Metro-Goldwyn-Mayer Pictures)%'::text)", "Rows Removed by Filter": 7}]}]}]}, "Triggers": [], "Planner Runtime": 2.239, "Total Runtime": 613.877, "Unique SQL Id": 1162488282}}, "(1, '61')": {"explain_plan": {"Plan": {"Node Type": "Aggregate", "Strategy": "Plain", "Startup Cost": 345988.79, "Total Cost": 345988.8, "Plan Rows": 1, "Plan Width": 113, "Plans": [{"Node Type": "Nested Loop", "Parent Relationship": "Outer", "Join Type": "Inner", "Startup Cost": 0.0, "Total Cost": 343498.75, "Plan Rows": 332005, "Plan Width": 45, "Inner Unique": false, "Join Filter": "(mc.company_type_id = ct.id), (LLVM Optimized)", "Plans": [{"Node Type": "Index Scan", "Parent Relationship": "Outer", "Scan Direction": "Forward", "Index Name": "company_type_pkey", "Relation Name": "company_type", "Alias": "ct", "Startup Cost": 0.0, "Total Cost": 12.3, "Plan Rows": 1, "Plan Width": 4, "Filter": "((kind)::text = 'production companies'::text)"}, {"Node Type": "Nested Loop", "Parent Relationship": "Inner", "Join Type": "Inner", "Startup Cost": 0.0, "Total Cost": 336621.46, "Plan Rows": 549199, "Plan Width": 49, "Inner Unique": false, "Join Filter": "(t.id = mc.movie_id), (LLVM Optimized)", "Plans": [{"Node Type": "Nested Loop", "Parent Relationship": "Outer", "Join Type": "Inner", "Startup Cost": 0.0, "Total Cost": 180704.42, "Plan Rows": 396404, "Plan Width": 29, "Inner Unique": true, "Plans": [{"Node Type": "Nested Loop", "Parent Relationship": "Outer", "Join Type": "Inner", "Startup Cost": 0.0, "Total Cost": 38338.2, "Plan Rows": 345008, "Plan Width": 4, "Inner Unique": false, "Plans": [{"Node Type": "Index Scan", "Parent Relationship": "Outer", "Scan Direction": "Forward", "Index Name": "info_type_pkey", "Relation Name": "info_type", "Alias": "it", "Startup Cost": 0.0, "Total Cost": 14.21, "Plan Rows": 1, "Plan Width": 4, "Filter": "((info)::text = 'bottom 10 rank'::text)"}, {"Node Type": "Index Scan", "Parent Relationship": "Inner", "Scan Direction": "Forward", "Index Name": "info_type_id_movie_info_idx", "Relation Name": "movie_info_idx", "Alias": "mi_idx", "Startup Cost": 0.0, "Total Cost": 34873.91, "Plan Rows": 345008, "Plan Width": 8, "Index Cond": "(info_type_id = it.id), (LLVM Optimized)"}]}, {"Node Type": "Index Scan", "Parent Relationship": "Inner", "Scan Direction": "Forward", "Index Name": "title_pkey", "Relation Name": "title", "Alias": "t", "Startup Cost": 0.0, "Total Cost": 0.4, "Plan Rows": 1, "Plan Width": 25, "Index Cond": "(id = mi_idx.movie_id)", "Filter": "((production_year >= 2005) AND (production_year <= 2010))"}]}, {"Node Type": "Index Scan", "Parent Relationship": "Inner", "Scan Direction": "Forward", "Index Name": "movie_id_movie_companies", "Relation Name": "movie_companies", "Alias": "mc", "Startup Cost": 0.0, "Total Cost": 0.37, "Plan Rows": 2, "Plan Width": 32, "Index Cond": "(movie_id = mi_idx.movie_id)", "Filter": "((note)::text !~~ '%(as Metro-Goldwyn-Mayer Pictures)%'::text)"}]}]}]}, "Unique SQL Id": 1162488282, "Planner Runtime": 2}, "explain_analyze_plan": {"Plan": {"Node Type": "Aggregate", "Strategy": "Plain", "Startup Cost": 345988.79, "Total Cost": 345988.8, "Plan Rows": 1, "Plan Width": 113, "Actual Startup Time": 0.366, "Actual Total Time": 0.367, "Actual Rows": 1, "Actual Loops": 1, "Plans": [{"Node Type": "Nested Loop", "Parent Relationship": "Outer", "Join Type": "Inner", "Startup Cost": 0.0, "Total Cost": 343498.75, "Plan Rows": 332005, "Plan Width": 45, "Actual Startup Time": 0.343, "Actual Total Time": 0.353, "Actual Rows": 3, "Actual Loops": 1, "Inner Unique": false, "Join Filter": "(mc.company_type_id = ct.id), (LLVM Optimized)", "Rows Removed by Join Filter": 63, "Plans": [{"Node Type": "Index Scan", "Parent Relationship": "Outer", "Scan Direction": "Forward", "Index Name": "company_type_pkey", "Relation Name": "company_type", "Alias": "ct", "Startup Cost": 0.0, "Total Cost": 12.3, "Plan Rows": 1, "Plan Width": 4, "Actual Startup Time": 0.026, "Actual Total Time": 0.028, "Actual Rows": 1, "Actual Loops": 1, "Filter": "((kind)::text = 'production companies'::text)", "Rows Removed by Filter": 2}, {"Node Type": "Nested Loop", "Parent Relationship": "Inner", "Join Type": "Inner", "Startup Cost": 0.0, "Total Cost": 336621.46, "Plan Rows": 549199, "Plan Width": 49, "Actual Startup Time": 0.165, "Actual Total Time": 0.304, "Actual Rows": 66, "Actual Loops": 1, "Inner Unique": false, "Join Filter": "(t.id = mc.movie_id), (LLVM Optimized)", "Rows Removed by Join Filter": 0, "Plans": [{"Node Type": "Nested Loop", "Parent Relationship": "Outer", "Join Type": "Inner", "Startup Cost": 0.0, "Total Cost": 180704.42, "Plan Rows": 396404, "Plan Width": 29, "Actual Startup Time": 0.146, "Actual Total Time": 0.182, "Actual Rows": 4, "Actual Loops": 1, "Inner Unique": true, "Plans": [{"Node Type": "Nested Loop", "Parent Relationship": "Outer", "Join Type": "Inner", "Startup Cost": 0.0, "Total Cost": 38338.2, "Plan Rows": 345008, "Plan Width": 4, "Actual Startup Time": 0.088, "Actual Total Time": 0.097, "Actual Rows": 10, "Actual Loops": 1, "Inner Unique": false, "Plans": [{"Node Type": "Index Scan", "Parent Relationship": "Outer", "Scan Direction": "Forward", "Index Name": "info_type_pkey", "Relation Name": "info_type", "Alias": "it", "Startup Cost": 0.0, "Total Cost": 14.21, "Plan Rows": 1, "Plan Width": 4, "Actual Startup Time": 0.068, "Actual Total Time": 0.069, "Actual Rows": 1, "Actual Loops": 1, "Filter": "((info)::text = 'bottom 10 rank'::text)", "Rows Removed by Filter": 111}, {"Node Type": "Index Scan", "Parent Relationship": "Inner", "Scan Direction": "Forward", "Index Name": "info_type_id_movie_info_idx", "Relation Name": "movie_info_idx", "Alias": "mi_idx", "Startup Cost": 0.0, "Total Cost": 34873.91, "Plan Rows": 345008, "Plan Width": 8, "Actual Startup Time": 0.017, "Actual Total Time": 0.022, "Actual Rows": 10, "Actual Loops": 1, "Index Cond": "(info_type_id = it.id), (LLVM Optimized)", "Rows Removed by Index Recheck": 0}]}, {"Node Type": "Index Scan", "Parent Relationship": "Inner", "Scan Direction": "Forward", "Index Name": "title_pkey", "Relation Name": "title", "Alias": "t", "Startup Cost": 0.0, "Total Cost": 0.4, "Plan Rows": 1, "Plan Width": 25, "Actual Startup Time": 0.076, "Actual Total Time": 0.076, "Actual Rows": 4, "Actual Loops": 10, "Index Cond": "(id = mi_idx.movie_id)", "Rows Removed by Index Recheck": 0, "Filter": "((production_year >= 2005) AND (production_year <= 2010))", "Rows Removed by Filter": 6}]}, {"Node Type": "Index Scan", "Parent Relationship": "Inner", "Scan Direction": "Forward", "Index Name": "movie_id_movie_companies", "Relation Name": "movie_companies", "Alias": "mc", "Startup Cost": 0.0, "Total Cost": 0.37, "Plan Rows": 2, "Plan Width": 32, "Actual Startup Time": 0.04, "Actual Total Time": 0.094, "Actual Rows": 66, "Actual Loops": 4, "Index Cond": "(movie_id = mi_idx.movie_id)", "Rows Removed by Index Recheck": 0, "Filter": "((note)::text !~~ '%(as Metro-Goldwyn-Mayer Pictures)%'::text)", "Rows Removed by Filter": 7}]}]}]}, "Triggers": [], "Planner Runtime": 2.244, "Total Runtime": 10.27, "Unique SQL Id": 1162488282}}, "(1, '62')": {"explain_plan": {"Plan": {"Node Type": "Aggregate", "Strategy": "Plain", "Startup Cost": 11479091143.35, "Total Cost": 11479091143.36, "Plan Rows": 1, "Plan Width": 113, "Plans": [{"Node Type": "Nested Loop", "Parent Relationship": "Outer", "Join Type": "Inner", "Startup Cost": 2083.5, "Total Cost": 11479088653.31, "Plan Rows": 332005, "Plan Width": 45, "Inner Unique": false, "Join Filter": "(mc.movie_id = t.id), (LLVM Optimized)", "Plans": [{"Node Type": "Nested Loop", "Parent Relationship": "Outer", "Join Type": "Inner", "Startup Cost": 0.0, "Total Cost": 80954.08, "Plan Rows": 1304518, "Plan Width": 28, "Inner Unique": false, "Join Filter": "(ct.id = mc.company_type_id), (LLVM Optimized)", "Plans": [{"Node Type": "Seq Scan", "Parent Relationship": "Outer", "Relation Name": "company_type", "Alias": "ct", "Startup Cost": 0.0, "Total Cost": 1.04, "Plan Rows": 1, "Plan Width": 4, "Filter": "((kind)::text = 'production companies'::text)"}, {"Node Type": "Seq Scan", "Parent Relationship": "Inner", "Relation Name": "movie_companies", "Alias": "mc", "Startup Cost": 0.0, "Total Cost": 48340.1, "Plan Rows": 2609035, "Plan Width": 32, "Filter": "((note)::text !~~ '%(as Metro-Goldwyn-Mayer Pictures)%'::text), (LLVM Optimized)"}]}, {"Node Type": "Materialize", "Parent Relationship": "Inner", "Startup Cost": 2083.5, "Total Cost": 3722266391.17, "Plan Rows": 396404, "Plan Width": 29, "Plans": [{"Node Type": "Nested Loop", "Parent Relationship": "Outer", "Join Type": "Inner", "Startup Cost": 2083.5, "Total Cost": 3722264409.15, "Plan Rows": 396404, "Plan Width": 29, "Inner Unique": false, "Join Filter": "(mi_idx.movie_id = t.id), (LLVM Optimized)", "Plans": [{"Node Type": "Seq Scan", "Parent Relationship": "Outer", "Relation Name": "title", "Alias": "t", "Startup Cost": 2083.5, "Total Cost": 72710.67, "Plan Rows": 719240, "Plan Width": 25, "Filter": "((production_year >= 2005) AND (production_year <= 2010)), (LLVM Optimized)"}, {"Node Type": "Materialize", "Parent Relationship": "Inner", "Startup Cost": 0.0, "Total Cost": 39252.21, "Plan Rows": 345008, "Plan Width": 4, "Plans": [{"Node Type": "Nested Loop", "Parent Relationship": "Outer", "Join Type": "Inner", "Startup Cost": 0.0, "Total Cost": 37527.17, "Plan Rows": 345008, "Plan Width": 4, "Inner Unique": false, "Join Filter": "(it.id = mi_idx.info_type_id), (LLVM Optimized)", "Plans": [{"Node Type": "Seq Scan", "Parent Relationship": "Outer", "Relation Name": "info_type", "Alias": "it", "Startup Cost": 0.0, "Total Cost": 2.4, "Plan Rows": 1, "Plan Width": 4, "Filter": "((info)::text = 'bottom 10 rank'::text)"}, {"Node Type": "Seq Scan", "Parent Relationship": "Inner", "Relation Name": "movie_info_idx", "Alias": "mi_idx", "Startup Cost": 0.0, "Total Cost": 20274.34, "Plan Rows": 1380034, "Plan Width": 8}]}]}]}]}]}]}, "Unique SQL Id": 1162488282, "Planner Runtime": 2}, "explain_analyze_plan": {"Plan": {"Node Type": "Aggregate", "Strategy": "Plain", "Startup Cost": 11479091143.35, "Total Cost": 11479091143.36, "Plan Rows": 1, "Plan Width": 113, "Actual Startup Time": 4765.239, "Actual Total Time": 4765.24, "Actual Rows": 1, "Actual Loops": 1, "Plans": [{"Node Type": "Nested Loop", "Parent Relationship": "Outer", "Join Type": "Inner", "Startup Cost": 2083.5, "Total Cost": 11479088653.31, "Plan Rows": 332005, "Plan Width": 45, "Actual Startup Time": 4482.655, "Actual Total Time": 4765.19, "Actual Rows": 3, "Actual Loops": 1, "Inner Unique": false, "Join Filter": "(mc.movie_id = t.id), (LLVM Optimized, Jit Execute)", "Rows Removed by Join Filter": 563613, "Plans": [{"Node Type": "Nested Loop", "Parent Relationship": "Outer", "Join Type": "Inner", "Startup Cost": 0.0, "Total Cost": 80954.08, "Plan Rows": 1304518, "Plan Width": 28, "Actual Startup Time": 853.396, "Actual Total Time": 1229.962, "Actual Rows": 140904, "Actual Loops": 1, "Inner Unique": false, "Join Filter": "(ct.id = mc.company_type_id), (LLVM Optimized, Jit Execute)", "Rows Removed by Join Filter": 1196183, "Plans": [{"Node Type": "Seq Scan", "Parent Relationship": "Outer", "Relation Name": "company_type", "Alias": "ct", "Startup Cost": 0.0, "Total Cost": 1.04, "Plan Rows": 1, "Plan Width": 4, "Actual Startup Time": 0.019, "Actual Total Time": 0.027, "Actual Rows": 1, "Actual Loops": 1, "Filter": "((kind)::text = 'production companies'::text)", "Rows Removed by Filter": 2}, {"Node Type": "Seq Scan", "Parent Relationship": "Inner", "Relation Name": "movie_companies", "Alias": "mc", "Startup Cost": 0.0, "Total Cost": 48340.1, "Plan Rows": 2609035, "Plan Width": 32, "Actual Startup Time": 0.036, "Actual Total Time": 960.054, "Actual Rows": 1337087, "Actual Loops": 1, "Filter": "((note)::text !~~ '%(as Metro-Goldwyn-Mayer Pictures)%'::text), (LLVM Optimized, Jit Execute)", "Rows Removed by Filter": 1272041}]}, {"Node Type": "Materialize", "Parent Relationship": "Inner", "Startup Cost": 2083.5, "Total Cost": 3722266391.17, "Plan Rows": 396404, "Plan Width": 29, "Actual Startup Time": 2618.048, "Actual Total Time": 3415.373, "Actual Rows": 563616, "Actual Loops": 140904, "Plans": [{"Node Type": "Nested Loop", "Parent Relationship": "Outer", "Join Type": "Inner", "Startup Cost": 2083.5, "Total Cost": 3722264409.15, "Plan Rows": 396404, "Plan Width": 29, "Actual Startup Time": 2606.479, "Actual Total Time": 3355.662, "Actual Rows": 4, "Actual Loops": 1, "Inner Unique": false, "Join Filter": "(mi_idx.movie_id = t.id), (LLVM Optimized, Jit Execute)", "Rows Removed by Join Filter": 7162586, "Plans": [{"Node Type": "Seq Scan", "Parent Relationship": "Outer", "Relation Name": "title", "Alias": "t", "Startup Cost": 2083.5, "Total Cost": 72710.67, "Plan Rows": 719240, "Plan Width": 25, "Actual Startup Time": 0.029, "Actual Total Time": 835.29, "Actual Rows": 716259, "Actual Loops": 1, "Filter": "((production_year >= 2005) AND (production_year <= 2010)), (LLVM Optimized, Jit Execute)", "Rows Removed by Filter": 1812052}, {"Node Type": "Materialize", "Parent Relationship": "Inner", "Startup Cost": 0.0, "Total Cost": 39252.21, "Plan Rows": 345008, "Plan Width": 4, "Actual Startup Time": 601.386, "Actual Total Time": 1207.796, "Actual Rows": 7162590, "Actual Loops": 716259, "Plans": [{"Node Type": "Nested Loop", "Parent Relationship": "Outer", "Join Type": "Inner", "Startup Cost": 0.0, "Total Cost": 37527.17, "Plan Rows": 345008, "Plan Width": 4, "Actual Startup Time": 541.463, "Actual Total Time": 541.483, "Actual Rows": 10, "Actual Loops": 1, "Inner Unique": false, "Join Filter": "(it.id = mi_idx.info_type_id), (LLVM Optimized, Jit Execute)", "Rows Removed by Join Filter": 1380024, "Plans": [{"Node Type": "Seq Scan", "Parent Relationship": "Outer", "Relation Name": "info_type", "Alias": "it", "Startup Cost": 0.0, "Total Cost": 2.4, "Plan Rows": 1, "Plan Width": 4, "Actual Startup Time": 0.083, "Actual Total Time": 0.097, "Actual Rows": 1, "Actual Loops": 1, "Filter": "((info)::text = 'bottom 10 rank'::text)", "Rows Removed by Filter": 111}, {"Node Type": "Seq Scan", "Parent Relationship": "Inner", "Relation Name": "movie_info_idx", "Alias": "mi_idx", "Startup Cost": 0.0, "Total Cost": 20274.34, "Plan Rows": 1380034, "Plan Width": 8, "Actual Startup Time": 0.057, "Actual Total Time": 298.69, "Actual Rows": 1380034, "Actual Loops": 1}]}]}]}]}]}]}, "Triggers": [], "Planner Runtime": 2.231, "Total Runtime": 4776.13, "Unique SQL Id": 1162488282}}, "(1, '63')": {"explain_plan": {"Plan": {"Node Type": "Aggregate", "Strategy": "Plain", "Startup Cost": 5011509592906.65, "Total Cost": 5011509592906.66, "Plan Rows": 1, "Plan Width": 113, "Plans": [{"Node Type": "Nested Loop", "Parent Relationship": "Outer", "Join Type": "Inner", "Startup Cost": 50000000000.0, "Total Cost": 5011509590416.61, "Plan Rows": 332005, "Plan Width": 45, "Inner Unique": false, "Join Filter": "(mc.movie_id = t.id), (LLVM Optimized)", "Plans": [{"Node Type": "Nested Loop", "Parent Relationship": "Outer", "Join Type": "Inner", "Startup Cost": 20000000000.0, "Total Cost": 2000013744593.91, "Plan Rows": 1304518, "Plan Width": 28, "Inner Unique": true, "Join Filter": "(ct.id = mc.company_type_id), (LLVM Optimized)", "Plans": [{"Node Type": "Index Scan", "Parent Relationship": "Outer", "Scan Direction": "Forward", "Index Name": "movie_id_movie_companies", "Relation Name": "movie_companies", "Alias": "mc", "Startup Cost": 10000000000.0, "Total Cost": 1000013704228.13, "Plan Rows": 2609035, "Plan Width": 32, "Filter": "((note)::text !~~ '%(as Metro-Goldwyn-Mayer Pictures)%'::text), (LLVM Optimized)"}, {"Node Type": "Materialize", "Parent Relationship": "Inner", "Startup Cost": 10000000000.0, "Total Cost": 1000000001230.26, "Plan Rows": 1, "Plan Width": 4, "Plans": [{"Node Type": "Index Scan", "Parent Relationship": "Outer", "Scan Direction": "Forward", "Index Name": "company_type_pkey", "Relation Name": "company_type", "Alias": "ct", "Startup Cost": 10000000000.0, "Total Cost": 1000000001230.25, "Plan Rows": 1, "Plan Width": 4, "Filter": "((kind)::text = 'production companies'::text)"}]}]}, {"Node Type": "Materialize", "Parent Relationship": "Inner", "Startup Cost": 30000000000.0, "Total Cost": 3003739104514.63, "Plan Rows": 396404, "Plan Width": 29, "Plans": [{"Node Type": "Nested Loop", "Parent Relationship": "Outer", "Join Type": "Inner", "Startup Cost": 30000000000.0, "Total Cost": 3003739102532.61, "Plan Rows": 396404, "Plan Width": 29, "Inner Unique": false, "Join Filter": "(mi_idx.movie_id = t.id), (LLVM Optimized)", "Plans": [{"Node Type": "Index Scan", "Parent Relationship": "Outer", "Scan Direction": "Forward", "Index Name": "title_pkey", "Relation Name": "title", "Alias": "t", "Startup Cost": 10000000000.0, "Total Cost": 1000012276204.41, "Plan Rows": 719240, "Plan Width": 25, "Filter": "((production_year >= 2005) AND (production_year <= 2010)), (LLVM Optimized)"}, {"Node Type": "Materialize", "Parent Relationship": "Inner", "Startup Cost": 20000000000.0, "Total Cost": 2000004673881.92, "Plan Rows": 345008, "Plan Width": 4, "Plans": [{"Node Type": "Nested Loop", "Parent Relationship": "Outer", "Join Type": "Inner", "Startup Cost": 20000000000.0, "Total Cost": 2000004672156.88, "Plan Rows": 345008, "Plan Width": 4, "Inner Unique": true, "Join Filter": "(it.id = mi_idx.info_type_id), (LLVM Optimized)", "Plans": [{"Node Type": "Index Scan", "Parent Relationship": "Outer", "Scan Direction": "Forward", "Index Name": "movie_id_movie_info_idx", "Relation Name": "movie_info_idx", "Alias": "mi_idx", "Startup Cost": 10000000000.0, "Total Cost": 1000004650035.37, "Plan Rows": 1380034, "Plan Width": 8}, {"Node Type": "Materialize", "Parent Relationship": "Inner", "Startup Cost": 10000000000.0, "Total Cost": 1000000001421.0, "Plan Rows": 1, "Plan Width": 4, "Plans": [{"Node Type": "Index Scan", "Parent Relationship": "Outer", "Scan Direction": "Forward", "Index Name": "info_type_pkey", "Relation Name": "info_type", "Alias": "it", "Startup Cost": 10000000000.0, "Total Cost": 1000000001421.0, "Plan Rows": 1, "Plan Width": 4, "Filter": "((info)::text = 'bottom 10 rank'::text)"}]}]}]}]}]}]}]}, "Unique SQL Id": 1162488282, "Planner Runtime": 2}, "explain_analyze_plan": null}, "(1, '64')": {"explain_plan": {"Plan": {"Node Type": "Aggregate", "Strategy": "Plain", "Startup Cost": 189131.4, "Total Cost": 189131.41, "Plan Rows": 1, "Plan Width": 113, "Plans": [{"Node Type": "Hash Join", "Parent Relationship": "Outer", "Join Type": "Inner", "Startup Cost": 113656.23, "Total Cost": 185775.37, "Plan Rows": 447470, "Plan Width": 45, "Inner Unique": true, "Hash Cond": "(mc.company_type_id = ct.id), (LLVM Optimized)", "Plans": [{"Node Type": "Hash Join", "Parent Relationship": "Outer", "Join Type": "Inner", "Startup Cost": 113655.18, "Total Cost": 181304.82, "Plan Rows": 549199, "Plan Width": 49, "Inner Unique": false, "Hash Cond": "(mc.movie_id = t.id), (LLVM Optimized)", "Plans": [{"Node Type": "Seq Scan", "Parent Relationship": "Outer", "Relation Name": "movie_companies", "Alias": "mc", "Startup Cost": 0.0, "Total Cost": 48340.1, "Plan Rows": 2609035, "Plan Width": 32, "Filter": "((note)::text !~~ '%(as Metro-Goldwyn-Mayer Pictures)%'::text), (LLVM Optimized)"}, {"Node Type": "Hash", "Parent Relationship": "Inner", "Startup Cost": 108700.13, "Total Cost": 108700.13, "Plan Rows": 396404, "Plan Width": 29, "Plans": [{"Node Type": "Hash Join", "Parent Relationship": "Outer", "Join Type": "Inner", "Startup Cost": 89203.23, "Total Cost": 108700.13, "Plan Rows": 396404, "Plan Width": 29, "Inner Unique": true, "Hash Cond": "(mi_idx.movie_id = t.id), (LLVM Optimized)", "Plans": [{"Node Type": "Nested Loop", "Parent Relationship": "Outer", "Join Type": "Inner", "Startup Cost": 7502.06, "Total Cost": 21741.14, "Plan Rows": 345008, "Plan Width": 4, "Inner Unique": false, "Plans": [{"Node Type": "Seq Scan", "Parent Relationship": "Outer", "Relation Name": "info_type", "Alias": "it", "Startup Cost": 0.0, "Total Cost": 2.4, "Plan Rows": 1, "Plan Width": 4, "Filter": "((info)::text = 'bottom 10 rank'::text)"}, {"Node Type": "Bitmap Heap Scan", "Parent Relationship": "Inner", "Relation Name": "movie_info_idx", "Alias": "mi_idx", "Startup Cost": 7502.06, "Total Cost": 18288.66, "Plan Rows": 345008, "Plan Width": 8, "Recheck Cond": "(info_type_id = it.id), (LLVM Optimized)", "Plans": [{"Node Type": "Bitmap Index Scan", "Parent Relationship": "Outer", "Index Name": "info_type_id_movie_info_idx", "Startup Cost": 0.0, "Total Cost": 7415.81, "Plan Rows": 345008, "Plan Width": 0, "Index Cond": "(info_type_id = it.id)"}]}]}, {"Node Type": "Hash", "Parent Relationship": "Inner", "Startup Cost": 72710.67, "Total Cost": 72710.67, "Plan Rows": 719240, "Plan Width": 25, "Plans": [{"Node Type": "Seq Scan", "Parent Relationship": "Outer", "Relation Name": "title", "Alias": "t", "Startup Cost": 2083.5, "Total Cost": 72710.67, "Plan Rows": 719240, "Plan Width": 25, "Filter": "((production_year >= 2005) AND (production_year <= 2010)), (LLVM Optimized)"}]}]}]}]}, {"Node Type": "Hash", "Parent Relationship": "Inner", "Startup Cost": 1.04, "Total Cost": 1.04, "Plan Rows": 1, "Plan Width": 4, "Plans": [{"Node Type": "Seq Scan", "Parent Relationship": "Outer", "Relation Name": "company_type", "Alias": "ct", "Startup Cost": 0.0, "Total Cost": 1.04, "Plan Rows": 1, "Plan Width": 4, "Filter": "((kind)::text = 'production companies'::text)"}]}]}]}, "Unique SQL Id": 1162488282, "Planner Runtime": 12}, "explain_analyze_plan": {"Plan": {"Node Type": "Aggregate", "Strategy": "Plain", "Startup Cost": 189131.4, "Total Cost": 189131.41, "Plan Rows": 1, "Plan Width": 113, "Actual Startup Time": 2323.246, "Actual Total Time": 2323.247, "Actual Rows": 1, "Actual Loops": 1, "Plans": [{"Node Type": "Hash Join", "Parent Relationship": "Outer", "Join Type": "Inner", "Startup Cost": 113656.23, "Total Cost": 185775.37, "Plan Rows": 447470, "Plan Width": 45, "Actual Startup Time": 2151.003, "Actual Total Time": 2323.203, "Actual Rows": 3, "Actual Loops": 1, "Inner Unique": true, "Hash Cond": "(mc.company_type_id = ct.id), (LLVM Optimized, Jit Execute)", "Plans": [{"Node Type": "Hash Join", "Parent Relationship": "Outer", "Join Type": "Inner", "Startup Cost": 113655.18, "Total Cost": 181304.82, "Plan Rows": 549199, "Plan Width": 49, "Actual Startup Time": 1492.465, "Actual Total Time": 2322.859, "Actual Rows": 66, "Actual Loops": 1, "Inner Unique": false, "Hash Cond": "(mc.movie_id = t.id), (LLVM Optimized, Jit Execute)", "Plans": [{"Node Type": "Seq Scan", "Parent Relationship": "Outer", "Relation Name": "movie_companies", "Alias": "mc", "Startup Cost": 0.0, "Total Cost": 48340.1, "Plan Rows": 2609035, "Plan Width": 32, "Actual Startup Time": 0.026, "Actual Total Time": 904.378, "Actual Rows": 1337087, "Actual Loops": 1, "Filter": "((note)::text !~~ '%(as Metro-Goldwyn-Mayer Pictures)%'::text), (LLVM Optimized, Jit Execute)", "Rows Removed by Filter": 1272041}, {"Node Type": "Hash", "Parent Relationship": "Inner", "Startup Cost": 108700.13, "Total Cost": 108700.13, "Plan Rows": 396404, "Plan Width": 29, "Actual Startup Time": 1168.669, "Actual Total Time": 1168.669, "Actual Rows": 4, "Actual Loops": 1, "Hash Buckets": 524288, "Hash Batches": 1, "Original Hash Batches": 1, "Peak Memory Usage": 1, "Plans": [{"Node Type": "Hash Join", "Parent Relationship": "Outer", "Join Type": "Inner", "Startup Cost": 89203.23, "Total Cost": 108700.13, "Plan Rows": 396404, "Plan Width": 29, "Actual Startup Time": 1168.633, "Actual Total Time": 1168.651, "Actual Rows": 4, "Actual Loops": 1, "Inner Unique": true, "Hash Cond": "(mi_idx.movie_id = t.id), (LLVM Optimized, Jit Execute)", "Plans": [{"Node Type": "Nested Loop", "Parent Relationship": "Outer", "Join Type": "Inner", "Startup Cost": 7502.06, "Total Cost": 21741.14, "Plan Rows": 345008, "Plan Width": 4, "Actual Startup Time": 0.084, "Actual Total Time": 0.105, "Actual Rows": 10, "Actual Loops": 1, "Inner Unique": false, "Plans": [{"Node Type": "Seq Scan", "Parent Relationship": "Outer", "Relation Name": "info_type", "Alias": "it", "Startup Cost": 0.0, "Total Cost": 2.4, "Plan Rows": 1, "Plan Width": 4, "Actual Startup Time": 0.046, "Actual Total Time": 0.055, "Actual Rows": 1, "Actual Loops": 1, "Filter": "((info)::text = 'bottom 10 rank'::text)", "Rows Removed by Filter": 111}, {"Node Type": "Bitmap Heap Scan", "Parent Relationship": "Inner", "Relation Name": "movie_info_idx", "Alias": "mi_idx", "Startup Cost": 7502.06, "Total Cost": 18288.66, "Plan Rows": 345008, "Plan Width": 8, "Actual Startup Time": 0.03, "Actual Total Time": 0.039, "Actual Rows": 10, "Actual Loops": 1, "Recheck Cond": "(info_type_id = it.id), (LLVM Optimized, Jit Execute)", "Rows Removed by Index Recheck": 0, "Exact Heap Blocks": 1, "Lossy Heap Blocks": 1, "Plans": [{"Node Type": "Bitmap Index Scan", "Parent Relationship": "Outer", "Index Name": "info_type_id_movie_info_idx", "Startup Cost": 0.0, "Total Cost": 7415.81, "Plan Rows": 345008, "Plan Width": 0, "Actual Startup Time": 0.017, "Actual Total Time": 0.017, "Actual Rows": 10, "Actual Loops": 1, "Index Cond": "(info_type_id = it.id)"}]}]}, {"Node Type": "Hash", "Parent Relationship": "Inner", "Startup Cost": 72710.67, "Total Cost": 72710.67, "Plan Rows": 719240, "Plan Width": 25, "Actual Startup Time": 1167.873, "Actual Total Time": 1167.873, "Actual Rows": 716259, "Actual Loops": 1, "Hash Buckets": 1048576, "Hash Batches": 1, "Original Hash Batches": 1, "Peak Memory Usage": 41052, "Plans": [{"Node Type": "Seq Scan", "Parent Relationship": "Outer", "Relation Name": "title", "Alias": "t", "Startup Cost": 2083.5, "Total Cost": 72710.67, "Plan Rows": 719240, "Plan Width": 25, "Actual Startup Time": 0.026, "Actual Total Time": 928.077, "Actual Rows": 716259, "Actual Loops": 1, "Filter": "((production_year >= 2005) AND (production_year <= 2010)), (LLVM Optimized, Jit Execute)", "Rows Removed by Filter": 1812052}]}]}]}]}, {"Node Type": "Hash", "Parent Relationship": "Inner", "Startup Cost": 1.04, "Total Cost": 1.04, "Plan Rows": 1, "Plan Width": 4, "Actual Startup Time": 0.049, "Actual Total Time": 0.049, "Actual Rows": 1, "Actual Loops": 1, "Hash Buckets": 32768, "Hash Batches": 1, "Original Hash Batches": 1, "Peak Memory Usage": 1, "Plans": [{"Node Type": "Seq Scan", "Parent Relationship": "Outer", "Relation Name": "company_type", "Alias": "ct", "Startup Cost": 0.0, "Total Cost": 1.04, "Plan Rows": 1, "Plan Width": 4, "Actual Startup Time": 0.027, "Actual Total Time": 0.03, "Actual Rows": 1, "Actual Loops": 1, "Filter": "((kind)::text = 'production companies'::text)", "Rows Removed by Filter": 2}]}]}]}, "Triggers": [], "Planner Runtime": 9.792, "Total Runtime": 2334.263, "Unique SQL Id": 1162488282}}, "(1, '65')": {"explain_plan": {"Plan": {"Node Type": "Aggregate", "Strategy": "Plain", "Startup Cost": 247822.0, "Total Cost": 247822.01, "Plan Rows": 1, "Plan Width": 113, "Plans": [{"Node Type": "Hash Join", "Parent Relationship": "Outer", "Join Type": "Inner", "Startup Cost": 163718.37, "Total Cost": 244465.97, "Plan Rows": 447470, "Plan Width": 45, "Inner Unique": false, "Hash Cond": "(mc.movie_id = t.id), (LLVM Optimized)", "Plans": [{"Node Type": "Nested Loop", "Parent Relationship": "Outer", "Join Type": "Inner", "Startup Cost": 0.0, "Total Cost": 69436.41, "Plan Rows": 1304518, "Plan Width": 28, "Inner Unique": false, "Plans": [{"Node Type": "Index Scan", "Parent Relationship": "Outer", "Scan Direction": "Forward", "Index Name": "company_type_pkey", "Relation Name": "company_type", "Alias": "ct", "Startup Cost": 0.0, "Total Cost": 12.3, "Plan Rows": 1, "Plan Width": 4, "Filter": "((kind)::text = 'production companies'::text)"}, {"Node Type": "Index Scan", "Parent Relationship": "Inner", "Scan Direction": "Forward", "Index Name": "company_type_id_movie_companies", "Relation Name": "movie_companies", "Alias": "mc", "Startup Cost": 0.0, "Total Cost": 56378.94, "Plan Rows": 1304517, "Plan Width": 32, "Index Cond": "(company_type_id = ct.id), (LLVM Optimized)", "Filter": "((note)::text !~~ '%(as Metro-Goldwyn-Mayer Pictures)%'::text), (LLVM Optimized)"}]}, {"Node Type": "Hash", "Parent Relationship": "Inner", "Startup Cost": 158763.32, "Total Cost": 158763.32, "Plan Rows": 396404, "Plan Width": 29, "Plans": [{"Node Type": "Hash Join", "Parent Relationship": "Outer", "Join Type": "Inner", "Startup Cost": 139254.61, "Total Cost": 158763.32, "Plan Rows": 396404, "Plan Width": 29, "Inner Unique": true, "Hash Cond": "(mi_idx.movie_id = t.id), (LLVM Optimized)", "Plans": [{"Node Type": "Nested Loop", "Parent Relationship": "Outer", "Join Type": "Inner", "Startup Cost": 7502.06, "Total Cost": 21752.95, "Plan Rows": 345008, "Plan Width": 4, "Inner Unique": false, "Plans": [{"Node Type": "Index Scan", "Parent Relationship": "Outer", "Scan Direction": "Forward", "Index Name": "info_type_pkey", "Relation Name": "info_type", "Alias": "it", "Startup Cost": 0.0, "Total Cost": 14.21, "Plan Rows": 1, "Plan Width": 4, "Filter": "((info)::text = 'bottom 10 rank'::text)"}, {"Node Type": "Bitmap Heap Scan", "Parent Relationship": "Inner", "Relation Name": "movie_info_idx", "Alias": "mi_idx", "Startup Cost": 7502.06, "Total Cost": 18288.66, "Plan Rows": 345008, "Plan Width": 8, "Recheck Cond": "(info_type_id = it.id), (LLVM Optimized)", "Plans": [{"Node Type": "Bitmap Index Scan", "Parent Relationship": "Outer", "Index Name": "info_type_id_movie_info_idx", "Startup Cost": 0.0, "Total Cost": 7415.81, "Plan Rows": 345008, "Plan Width": 0, "Index Cond": "(info_type_id = it.id)"}]}]}, {"Node Type": "Hash", "Parent Relationship": "Inner", "Startup Cost": 122762.04, "Total Cost": 122762.04, "Plan Rows": 719240, "Plan Width": 25, "Plans": [{"Node Type": "Index Scan", "Parent Relationship": "Outer", "Scan Direction": "Forward", "Index Name": "title_pkey", "Relation Name": "title", "Alias": "t", "Startup Cost": 0.0, "Total Cost": 122762.04, "Plan Rows": 719240, "Plan Width": 25, "Filter": "((production_year >= 2005) AND (production_year <= 2010)), (LLVM Optimized)"}]}]}]}]}]}, "Unique SQL Id": 1162488282, "Planner Runtime": 10}, "explain_analyze_plan": {"Plan": {"Node Type": "Aggregate", "Strategy": "Plain", "Startup Cost": 247822.0, "Total Cost": 247822.01, "Plan Rows": 1, "Plan Width": 113, "Actual Startup Time": 4160.762, "Actual Total Time": 4160.762, "Actual Rows": 1, "Actual Loops": 1, "Plans": [{"Node Type": "Hash Join", "Parent Relationship": "Outer", "Join Type": "Inner", "Startup Cost": 163718.37, "Total Cost": 244465.97, "Plan Rows": 447470, "Plan Width": 45, "Actual Startup Time": 3832.302, "Actual Total Time": 4160.644, "Actual Rows": 3, "Actual Loops": 1, "Inner Unique": false, "Hash Cond": "(mc.movie_id = t.id), (LLVM Optimized, Jit Execute)", "Plans": [{"Node Type": "Nested Loop", "Parent Relationship": "Outer", "Join Type": "Inner", "Startup Cost": 0.0, "Total Cost": 69436.41, "Plan Rows": 1304518, "Plan Width": 28, "Actual Startup Time": 0.115, "Actual Total Time": 660.605, "Actual Rows": 140904, "Actual Loops": 1, "Inner Unique": false, "Plans": [{"Node Type": "Index Scan", "Parent Relationship": "Outer", "Scan Direction": "Forward", "Index Name": "company_type_pkey", "Relation Name": "company_type", "Alias": "ct", "Startup Cost": 0.0, "Total Cost": 12.3, "Plan Rows": 1, "Plan Width": 4, "Actual Startup Time": 0.029, "Actual Total Time": 0.039, "Actual Rows": 1, "Actual Loops": 1, "Filter": "((kind)::text = 'production companies'::text)", "Rows Removed by Filter": 2}, {"Node Type": "Index Scan", "Parent Relationship": "Inner", "Scan Direction": "Forward", "Index Name": "company_type_id_movie_companies", "Relation Name": "movie_companies", "Alias": "mc", "Startup Cost": 0.0, "Total Cost": 56378.94, "Plan Rows": 1304517, "Plan Width": 32, "Actual Startup Time": 0.081, "Actual Total Time": 632.434, "Actual Rows": 140904, "Actual Loops": 1, "Index Cond": "(company_type_id = ct.id), (LLVM Optimized, Jit Execute)", "Rows Removed by Index Recheck": 0, "Filter": "((note)::text !~~ '%(as Metro-Goldwyn-Mayer Pictures)%'::text), (LLVM Optimized, Jit Execute)", "Rows Removed by Filter": 1193979}]}, {"Node Type": "Hash", "Parent Relationship": "Inner", "Startup Cost": 158763.32, "Total Cost": 158763.32, "Plan Rows": 396404, "Plan Width": 29, "Actual Startup Time": 3468.773, "Actual Total Time": 3468.773, "Actual Rows": 4, "Actual Loops": 1, "Hash Buckets": 524288, "Hash Batches": 1, "Original Hash Batches": 1, "Peak Memory Usage": 1, "Plans": [{"Node Type": "Hash Join", "Parent Relationship": "Outer", "Join Type": "Inner", "Startup Cost": 139254.61, "Total Cost": 158763.32, "Plan Rows": 396404, "Plan Width": 29, "Actual Startup Time": 3468.757, "Actual Total Time": 3468.767, "Actual Rows": 4, "Actual Loops": 1, "Inner Unique": true, "Hash Cond": "(mi_idx.movie_id = t.id), (LLVM Optimized, Jit Execute)", "Plans": [{"Node Type": "Nested Loop", "Parent Relationship": "Outer", "Join Type": "Inner", "Startup Cost": 7502.06, "Total Cost": 21752.95, "Plan Rows": 345008, "Plan Width": 4, "Actual Startup Time": 0.092, "Actual Total Time": 0.104, "Actual Rows": 10, "Actual Loops": 1, "Inner Unique": false, "Plans": [{"Node Type": "Index Scan", "Parent Relationship": "Outer", "Scan Direction": "Forward", "Index Name": "info_type_pkey", "Relation Name": "info_type", "Alias": "it", "Startup Cost": 0.0, "Total Cost": 14.21, "Plan Rows": 1, "Plan Width": 4, "Actual Startup Time": 0.06, "Actual Total Time": 0.062, "Actual Rows": 1, "Actual Loops": 1, "Filter": "((info)::text = 'bottom 10 rank'::text)", "Rows Removed by Filter": 111}, {"Node Type": "Bitmap Heap Scan", "Parent Relationship": "Inner", "Relation Name": "movie_info_idx", "Alias": "mi_idx", "Startup Cost": 7502.06, "Total Cost": 18288.66, "Plan Rows": 345008, "Plan Width": 8, "Actual Startup Time": 0.026, "Actual Total Time": 0.031, "Actual Rows": 10, "Actual Loops": 1, "Recheck Cond": "(info_type_id = it.id), (LLVM Optimized, Jit Execute)", "Rows Removed by Index Recheck": 0, "Exact Heap Blocks": 1, "Lossy Heap Blocks": 1, "Plans": [{"Node Type": "Bitmap Index Scan", "Parent Relationship": "Outer", "Index Name": "info_type_id_movie_info_idx", "Startup Cost": 0.0, "Total Cost": 7415.81, "Plan Rows": 345008, "Plan Width": 0, "Actual Startup Time": 0.012, "Actual Total Time": 0.012, "Actual Rows": 10, "Actual Loops": 1, "Index Cond": "(info_type_id = it.id)"}]}]}, {"Node Type": "Hash", "Parent Relationship": "Inner", "Startup Cost": 122762.04, "Total Cost": 122762.04, "Plan Rows": 719240, "Plan Width": 25, "Actual Startup Time": 3467.963, "Actual Total Time": 3467.963, "Actual Rows": 716259, "Actual Loops": 1, "Hash Buckets": 1048576, "Hash Batches": 1, "Original Hash Batches": 1, "Peak Memory Usage": 41052, "Plans": [{"Node Type": "Index Scan", "Parent Relationship": "Outer", "Scan Direction": "Forward", "Index Name": "title_pkey", "Relation Name": "title", "Alias": "t", "Startup Cost": 0.0, "Total Cost": 122762.04, "Plan Rows": 719240, "Plan Width": 25, "Actual Startup Time": 0.027, "Actual Total Time": 3132.968, "Actual Rows": 716259, "Actual Loops": 1, "Filter": "((production_year >= 2005) AND (production_year <= 2010)), (LLVM Optimized, Jit Execute)", "Rows Removed by Filter": 1812052}]}]}]}]}]}, "Triggers": [], "Planner Runtime": 9.22, "Total Runtime": 4171.802, "Unique SQL Id": 1162488282}}, "(1, '66')": {"explain_plan": {"Plan": {"Node Type": "Aggregate", "Strategy": "Plain", "Startup Cost": 189131.4, "Total Cost": 189131.41, "Plan Rows": 1, "Plan Width": 113, "Plans": [{"Node Type": "Hash Join", "Parent Relationship": "Outer", "Join Type": "Inner", "Startup Cost": 113656.23, "Total Cost": 185775.37, "Plan Rows": 447470, "Plan Width": 45, "Inner Unique": true, "Hash Cond": "(mc.company_type_id = ct.id), (LLVM Optimized)", "Plans": [{"Node Type": "Hash Join", "Parent Relationship": "Outer", "Join Type": "Inner", "Startup Cost": 113655.18, "Total Cost": 181304.82, "Plan Rows": 549199, "Plan Width": 49, "Inner Unique": false, "Hash Cond": "(mc.movie_id = t.id), (LLVM Optimized)", "Plans": [{"Node Type": "Seq Scan", "Parent Relationship": "Outer", "Relation Name": "movie_companies", "Alias": "mc", "Startup Cost": 0.0, "Total Cost": 48340.1, "Plan Rows": 2609035, "Plan Width": 32, "Filter": "((note)::text !~~ '%(as Metro-Goldwyn-Mayer Pictures)%'::text), (LLVM Optimized)"}, {"Node Type": "Hash", "Parent Relationship": "Inner", "Startup Cost": 108700.13, "Total Cost": 108700.13, "Plan Rows": 396404, "Plan Width": 29, "Plans": [{"Node Type": "Hash Join", "Parent Relationship": "Outer", "Join Type": "Inner", "Startup Cost": 89203.23, "Total Cost": 108700.13, "Plan Rows": 396404, "Plan Width": 29, "Inner Unique": true, "Hash Cond": "(mi_idx.movie_id = t.id), (LLVM Optimized)", "Plans": [{"Node Type": "Nested Loop", "Parent Relationship": "Outer", "Join Type": "Inner", "Startup Cost": 7502.06, "Total Cost": 21741.14, "Plan Rows": 345008, "Plan Width": 4, "Inner Unique": false, "Plans": [{"Node Type": "Seq Scan", "Parent Relationship": "Outer", "Relation Name": "info_type", "Alias": "it", "Startup Cost": 0.0, "Total Cost": 2.4, "Plan Rows": 1, "Plan Width": 4, "Filter": "((info)::text = 'bottom 10 rank'::text)"}, {"Node Type": "Bitmap Heap Scan", "Parent Relationship": "Inner", "Relation Name": "movie_info_idx", "Alias": "mi_idx", "Startup Cost": 7502.06, "Total Cost": 18288.66, "Plan Rows": 345008, "Plan Width": 8, "Recheck Cond": "(info_type_id = it.id), (LLVM Optimized)", "Plans": [{"Node Type": "Bitmap Index Scan", "Parent Relationship": "Outer", "Index Name": "info_type_id_movie_info_idx", "Startup Cost": 0.0, "Total Cost": 7415.81, "Plan Rows": 345008, "Plan Width": 0, "Index Cond": "(info_type_id = it.id)"}]}]}, {"Node Type": "Hash", "Parent Relationship": "Inner", "Startup Cost": 72710.67, "Total Cost": 72710.67, "Plan Rows": 719240, "Plan Width": 25, "Plans": [{"Node Type": "Seq Scan", "Parent Relationship": "Outer", "Relation Name": "title", "Alias": "t", "Startup Cost": 2083.5, "Total Cost": 72710.67, "Plan Rows": 719240, "Plan Width": 25, "Filter": "((production_year >= 2005) AND (production_year <= 2010)), (LLVM Optimized)"}]}]}]}]}, {"Node Type": "Hash", "Parent Relationship": "Inner", "Startup Cost": 1.04, "Total Cost": 1.04, "Plan Rows": 1, "Plan Width": 4, "Plans": [{"Node Type": "Seq Scan", "Parent Relationship": "Outer", "Relation Name": "company_type", "Alias": "ct", "Startup Cost": 0.0, "Total Cost": 1.04, "Plan Rows": 1, "Plan Width": 4, "Filter": "((kind)::text = 'production companies'::text)"}]}]}]}, "Unique SQL Id": 1162488282, "Planner Runtime": 9}, "explain_analyze_plan": {"Plan": {"Node Type": "Aggregate", "Strategy": "Plain", "Startup Cost": 189131.4, "Total Cost": 189131.41, "Plan Rows": 1, "Plan Width": 113, "Actual Startup Time": 2323.246, "Actual Total Time": 2323.247, "Actual Rows": 1, "Actual Loops": 1, "Plans": [{"Node Type": "Hash Join", "Parent Relationship": "Outer", "Join Type": "Inner", "Startup Cost": 113656.23, "Total Cost": 185775.37, "Plan Rows": 447470, "Plan Width": 45, "Actual Startup Time": 2151.003, "Actual Total Time": 2323.203, "Actual Rows": 3, "Actual Loops": 1, "Inner Unique": true, "Hash Cond": "(mc.company_type_id = ct.id), (LLVM Optimized, Jit Execute)", "Plans": [{"Node Type": "Hash Join", "Parent Relationship": "Outer", "Join Type": "Inner", "Startup Cost": 113655.18, "Total Cost": 181304.82, "Plan Rows": 549199, "Plan Width": 49, "Actual Startup Time": 1492.465, "Actual Total Time": 2322.859, "Actual Rows": 66, "Actual Loops": 1, "Inner Unique": false, "Hash Cond": "(mc.movie_id = t.id), (LLVM Optimized, Jit Execute)", "Plans": [{"Node Type": "Seq Scan", "Parent Relationship": "Outer", "Relation Name": "movie_companies", "Alias": "mc", "Startup Cost": 0.0, "Total Cost": 48340.1, "Plan Rows": 2609035, "Plan Width": 32, "Actual Startup Time": 0.026, "Actual Total Time": 904.378, "Actual Rows": 1337087, "Actual Loops": 1, "Filter": "((note)::text !~~ '%(as Metro-Goldwyn-Mayer Pictures)%'::text), (LLVM Optimized, Jit Execute)", "Rows Removed by Filter": 1272041}, {"Node Type": "Hash", "Parent Relationship": "Inner", "Startup Cost": 108700.13, "Total Cost": 108700.13, "Plan Rows": 396404, "Plan Width": 29, "Actual Startup Time": 1168.669, "Actual Total Time": 1168.669, "Actual Rows": 4, "Actual Loops": 1, "Hash Buckets": 524288, "Hash Batches": 1, "Original Hash Batches": 1, "Peak Memory Usage": 1, "Plans": [{"Node Type": "Hash Join", "Parent Relationship": "Outer", "Join Type": "Inner", "Startup Cost": 89203.23, "Total Cost": 108700.13, "Plan Rows": 396404, "Plan Width": 29, "Actual Startup Time": 1168.633, "Actual Total Time": 1168.651, "Actual Rows": 4, "Actual Loops": 1, "Inner Unique": true, "Hash Cond": "(mi_idx.movie_id = t.id), (LLVM Optimized, Jit Execute)", "Plans": [{"Node Type": "Nested Loop", "Parent Relationship": "Outer", "Join Type": "Inner", "Startup Cost": 7502.06, "Total Cost": 21741.14, "Plan Rows": 345008, "Plan Width": 4, "Actual Startup Time": 0.084, "Actual Total Time": 0.105, "Actual Rows": 10, "Actual Loops": 1, "Inner Unique": false, "Plans": [{"Node Type": "Seq Scan", "Parent Relationship": "Outer", "Relation Name": "info_type", "Alias": "it", "Startup Cost": 0.0, "Total Cost": 2.4, "Plan Rows": 1, "Plan Width": 4, "Actual Startup Time": 0.046, "Actual Total Time": 0.055, "Actual Rows": 1, "Actual Loops": 1, "Filter": "((info)::text = 'bottom 10 rank'::text)", "Rows Removed by Filter": 111}, {"Node Type": "Bitmap Heap Scan", "Parent Relationship": "Inner", "Relation Name": "movie_info_idx", "Alias": "mi_idx", "Startup Cost": 7502.06, "Total Cost": 18288.66, "Plan Rows": 345008, "Plan Width": 8, "Actual Startup Time": 0.03, "Actual Total Time": 0.039, "Actual Rows": 10, "Actual Loops": 1, "Recheck Cond": "(info_type_id = it.id), (LLVM Optimized, Jit Execute)", "Rows Removed by Index Recheck": 0, "Exact Heap Blocks": 1, "Lossy Heap Blocks": 1, "Plans": [{"Node Type": "Bitmap Index Scan", "Parent Relationship": "Outer", "Index Name": "info_type_id_movie_info_idx", "Startup Cost": 0.0, "Total Cost": 7415.81, "Plan Rows": 345008, "Plan Width": 0, "Actual Startup Time": 0.017, "Actual Total Time": 0.017, "Actual Rows": 10, "Actual Loops": 1, "Index Cond": "(info_type_id = it.id)"}]}]}, {"Node Type": "Hash", "Parent Relationship": "Inner", "Startup Cost": 72710.67, "Total Cost": 72710.67, "Plan Rows": 719240, "Plan Width": 25, "Actual Startup Time": 1167.873, "Actual Total Time": 1167.873, "Actual Rows": 716259, "Actual Loops": 1, "Hash Buckets": 1048576, "Hash Batches": 1, "Original Hash Batches": 1, "Peak Memory Usage": 41052, "Plans": [{"Node Type": "Seq Scan", "Parent Relationship": "Outer", "Relation Name": "title", "Alias": "t", "Startup Cost": 2083.5, "Total Cost": 72710.67, "Plan Rows": 719240, "Plan Width": 25, "Actual Startup Time": 0.026, "Actual Total Time": 928.077, "Actual Rows": 716259, "Actual Loops": 1, "Filter": "((production_year >= 2005) AND (production_year <= 2010)), (LLVM Optimized, Jit Execute)", "Rows Removed by Filter": 1812052}]}]}]}]}, {"Node Type": "Hash", "Parent Relationship": "Inner", "Startup Cost": 1.04, "Total Cost": 1.04, "Plan Rows": 1, "Plan Width": 4, "Actual Startup Time": 0.049, "Actual Total Time": 0.049, "Actual Rows": 1, "Actual Loops": 1, "Hash Buckets": 32768, "Hash Batches": 1, "Original Hash Batches": 1, "Peak Memory Usage": 1, "Plans": [{"Node Type": "Seq Scan", "Parent Relationship": "Outer", "Relation Name": "company_type", "Alias": "ct", "Startup Cost": 0.0, "Total Cost": 1.04, "Plan Rows": 1, "Plan Width": 4, "Actual Startup Time": 0.027, "Actual Total Time": 0.03, "Actual Rows": 1, "Actual Loops": 1, "Filter": "((kind)::text = 'production companies'::text)", "Rows Removed by Filter": 2}]}]}]}, "Triggers": [], "Planner Runtime": 9.792, "Total Runtime": 2334.263, "Unique SQL Id": 1162488282}}, "(1, '67')": {"explain_plan": {"Plan": {"Node Type": "Aggregate", "Strategy": "Plain", "Startup Cost": 1000017766719.7, "Total Cost": 1000017766719.71, "Plan Rows": 1, "Plan Width": 113, "Plans": [{"Node Type": "Nested Loop", "Parent Relationship": "Outer", "Join Type": "Inner", "Startup Cost": 10000000001.08, "Total Cost": 1000017764229.67, "Plan Rows": 332005, "Plan Width": 45, "Inner Unique": true, "Plans": [{"Node Type": "Nested Loop", "Parent Relationship": "Outer", "Join Type": "Inner", "Startup Cost": 10000000000.81, "Total Cost": 1000015609438.29, "Plan Rows": 501180, "Plan Width": 32, "Inner Unique": true, "Plans": [{"Node Type": "Nested Loop", "Parent Relationship": "Outer", "Join Type": "Inner", "Startup Cost": 10000000000.55, "Total Cost": 1000012058838.99, "Plan Rows": 829046, "Plan Width": 36, "Inner Unique": false, "Plans": [{"Node Type": "Nested Loop", "Parent Relationship": "Outer", "Join Type": "Inner", "Startup Cost": 10000000000.26, "Total Cost": 1000010560383.98, "Plan Rows": 345008, "Plan Width": 4, "Inner Unique": true, "Plans": [{"Node Type": "Index Scan", "Parent Relationship": "Outer", "Scan Direction": "Forward", "Index Name": "movie_id_movie_info_idx", "Relation Name": "movie_info_idx", "Alias": "mi_idx", "Startup Cost": 10000000000.0, "Total Cost": 1000004650035.37, "Plan Rows": 1380034, "Plan Width": 8}, {"Node Type": "Bitmap Heap Scan", "Parent Relationship": "Inner", "Relation Name": "info_type", "Alias": "it", "Startup Cost": 0.26, "Total Cost": 4.27, "Plan Rows": 1, "Plan Width": 4, "Recheck Cond": "(id = mi_idx.info_type_id)", "Filter": "((info)::text = 'bottom 10 rank'::text)", "Plans": [{"Node Type": "Bitmap Index Scan", "Parent Relationship": "Outer", "Index Name": "info_type_pkey", "Startup Cost": 0.0, "Total Cost": 0.26, "Plan Rows": 1, "Plan Width": 0, "Index Cond": "(id = mi_idx.info_type_id)"}]}]}, {"Node Type": "Bitmap Heap Scan", "Parent Relationship": "Inner", "Relation Name": "movie_companies", "Alias": "mc", "Startup Cost": 0.29, "Total Cost": 4.32, "Plan Rows": 2, "Plan Width": 32, "Recheck Cond": "(movie_id = mi_idx.movie_id)", "Filter": "((note)::text !~~ '%(as Metro-Goldwyn-Mayer Pictures)%'::text)", "Plans": [{"Node Type": "Bitmap Index Scan", "Parent Relationship": "Outer", "Index Name": "movie_id_movie_companies", "Startup Cost": 0.0, "Total Cost": 0.29, "Plan Rows": 2, "Plan Width": 0, "Index Cond": "(movie_id = mi_idx.movie_id)"}]}]}, {"Node Type": "Bitmap Heap Scan", "Parent Relationship": "Inner", "Relation Name": "company_type", "Alias": "ct", "Startup Cost": 0.26, "Total Cost": 4.27, "Plan Rows": 1, "Plan Width": 4, "Recheck Cond": "(id = mc.company_type_id)", "Filter": "((kind)::text = 'production companies'::text)", "Plans": [{"Node Type": "Bitmap Index Scan", "Parent Relationship": "Outer", "Index Name": "company_type_pkey", "Startup Cost": 0.0, "Total Cost": 0.26, "Plan Rows": 1, "Plan Width": 0, "Index Cond": "(id = mc.company_type_id)"}]}]}, {"Node Type": "Bitmap Heap Scan", "Parent Relationship": "Inner", "Relation Name": "title", "Alias": "t", "Startup Cost": 0.27, "Total Cost": 4.29, "Plan Rows": 1, "Plan Width": 25, "Recheck Cond": "(id = mc.movie_id)", "Filter": "((production_year >= 2005) AND (production_year <= 2010))", "Plans": [{"Node Type": "Bitmap Index Scan", "Parent Relationship": "Outer", "Index Name": "title_pkey", "Startup Cost": 0.0, "Total Cost": 0.27, "Plan Rows": 1, "Plan Width": 0, "Index Cond": "(id = mc.movie_id)"}]}]}]}, "Unique SQL Id": 1162488282, "Planner Runtime": 4}, "explain_analyze_plan": null}, "(1, '68')": {"explain_plan": {"Plan": {"Node Type": "Aggregate", "Strategy": "Plain", "Startup Cost": 189131.4, "Total Cost": 189131.41, "Plan Rows": 1, "Plan Width": 113, "Plans": [{"Node Type": "Hash Join", "Parent Relationship": "Outer", "Join Type": "Inner", "Startup Cost": 113656.23, "Total Cost": 185775.37, "Plan Rows": 447470, "Plan Width": 45, "Inner Unique": true, "Hash Cond": "(mc.company_type_id = ct.id), (LLVM Optimized)", "Plans": [{"Node Type": "Hash Join", "Parent Relationship": "Outer", "Join Type": "Inner", "Startup Cost": 113655.18, "Total Cost": 181304.82, "Plan Rows": 549199, "Plan Width": 49, "Inner Unique": false, "Hash Cond": "(mc.movie_id = t.id), (LLVM Optimized)", "Plans": [{"Node Type": "Seq Scan", "Parent Relationship": "Outer", "Relation Name": "movie_companies", "Alias": "mc", "Startup Cost": 0.0, "Total Cost": 48340.1, "Plan Rows": 2609035, "Plan Width": 32, "Filter": "((note)::text !~~ '%(as Metro-Goldwyn-Mayer Pictures)%'::text), (LLVM Optimized)"}, {"Node Type": "Hash", "Parent Relationship": "Inner", "Startup Cost": 108700.13, "Total Cost": 108700.13, "Plan Rows": 396404, "Plan Width": 29, "Plans": [{"Node Type": "Hash Join", "Parent Relationship": "Outer", "Join Type": "Inner", "Startup Cost": 89203.23, "Total Cost": 108700.13, "Plan Rows": 396404, "Plan Width": 29, "Inner Unique": true, "Hash Cond": "(mi_idx.movie_id = t.id), (LLVM Optimized)", "Plans": [{"Node Type": "Nested Loop", "Parent Relationship": "Outer", "Join Type": "Inner", "Startup Cost": 7502.06, "Total Cost": 21741.14, "Plan Rows": 345008, "Plan Width": 4, "Inner Unique": false, "Plans": [{"Node Type": "Seq Scan", "Parent Relationship": "Outer", "Relation Name": "info_type", "Alias": "it", "Startup Cost": 0.0, "Total Cost": 2.4, "Plan Rows": 1, "Plan Width": 4, "Filter": "((info)::text = 'bottom 10 rank'::text)"}, {"Node Type": "Bitmap Heap Scan", "Parent Relationship": "Inner", "Relation Name": "movie_info_idx", "Alias": "mi_idx", "Startup Cost": 7502.06, "Total Cost": 18288.66, "Plan Rows": 345008, "Plan Width": 8, "Recheck Cond": "(info_type_id = it.id), (LLVM Optimized)", "Plans": [{"Node Type": "Bitmap Index Scan", "Parent Relationship": "Outer", "Index Name": "info_type_id_movie_info_idx", "Startup Cost": 0.0, "Total Cost": 7415.81, "Plan Rows": 345008, "Plan Width": 0, "Index Cond": "(info_type_id = it.id)"}]}]}, {"Node Type": "Hash", "Parent Relationship": "Inner", "Startup Cost": 72710.67, "Total Cost": 72710.67, "Plan Rows": 719240, "Plan Width": 25, "Plans": [{"Node Type": "Seq Scan", "Parent Relationship": "Outer", "Relation Name": "title", "Alias": "t", "Startup Cost": 2083.5, "Total Cost": 72710.67, "Plan Rows": 719240, "Plan Width": 25, "Filter": "((production_year >= 2005) AND (production_year <= 2010)), (LLVM Optimized)"}]}]}]}]}, {"Node Type": "Hash", "Parent Relationship": "Inner", "Startup Cost": 1.04, "Total Cost": 1.04, "Plan Rows": 1, "Plan Width": 4, "Plans": [{"Node Type": "Seq Scan", "Parent Relationship": "Outer", "Relation Name": "company_type", "Alias": "ct", "Startup Cost": 0.0, "Total Cost": 1.04, "Plan Rows": 1, "Plan Width": 4, "Filter": "((kind)::text = 'production companies'::text)"}]}]}]}, "Unique SQL Id": 1162488282, "Planner Runtime": 11}, "explain_analyze_plan": {"Plan": {"Node Type": "Aggregate", "Strategy": "Plain", "Startup Cost": 189131.4, "Total Cost": 189131.41, "Plan Rows": 1, "Plan Width": 113, "Actual Startup Time": 2323.246, "Actual Total Time": 2323.247, "Actual Rows": 1, "Actual Loops": 1, "Plans": [{"Node Type": "Hash Join", "Parent Relationship": "Outer", "Join Type": "Inner", "Startup Cost": 113656.23, "Total Cost": 185775.37, "Plan Rows": 447470, "Plan Width": 45, "Actual Startup Time": 2151.003, "Actual Total Time": 2323.203, "Actual Rows": 3, "Actual Loops": 1, "Inner Unique": true, "Hash Cond": "(mc.company_type_id = ct.id), (LLVM Optimized, Jit Execute)", "Plans": [{"Node Type": "Hash Join", "Parent Relationship": "Outer", "Join Type": "Inner", "Startup Cost": 113655.18, "Total Cost": 181304.82, "Plan Rows": 549199, "Plan Width": 49, "Actual Startup Time": 1492.465, "Actual Total Time": 2322.859, "Actual Rows": 66, "Actual Loops": 1, "Inner Unique": false, "Hash Cond": "(mc.movie_id = t.id), (LLVM Optimized, Jit Execute)", "Plans": [{"Node Type": "Seq Scan", "Parent Relationship": "Outer", "Relation Name": "movie_companies", "Alias": "mc", "Startup Cost": 0.0, "Total Cost": 48340.1, "Plan Rows": 2609035, "Plan Width": 32, "Actual Startup Time": 0.026, "Actual Total Time": 904.378, "Actual Rows": 1337087, "Actual Loops": 1, "Filter": "((note)::text !~~ '%(as Metro-Goldwyn-Mayer Pictures)%'::text), (LLVM Optimized, Jit Execute)", "Rows Removed by Filter": 1272041}, {"Node Type": "Hash", "Parent Relationship": "Inner", "Startup Cost": 108700.13, "Total Cost": 108700.13, "Plan Rows": 396404, "Plan Width": 29, "Actual Startup Time": 1168.669, "Actual Total Time": 1168.669, "Actual Rows": 4, "Actual Loops": 1, "Hash Buckets": 524288, "Hash Batches": 1, "Original Hash Batches": 1, "Peak Memory Usage": 1, "Plans": [{"Node Type": "Hash Join", "Parent Relationship": "Outer", "Join Type": "Inner", "Startup Cost": 89203.23, "Total Cost": 108700.13, "Plan Rows": 396404, "Plan Width": 29, "Actual Startup Time": 1168.633, "Actual Total Time": 1168.651, "Actual Rows": 4, "Actual Loops": 1, "Inner Unique": true, "Hash Cond": "(mi_idx.movie_id = t.id), (LLVM Optimized, Jit Execute)", "Plans": [{"Node Type": "Nested Loop", "Parent Relationship": "Outer", "Join Type": "Inner", "Startup Cost": 7502.06, "Total Cost": 21741.14, "Plan Rows": 345008, "Plan Width": 4, "Actual Startup Time": 0.084, "Actual Total Time": 0.105, "Actual Rows": 10, "Actual Loops": 1, "Inner Unique": false, "Plans": [{"Node Type": "Seq Scan", "Parent Relationship": "Outer", "Relation Name": "info_type", "Alias": "it", "Startup Cost": 0.0, "Total Cost": 2.4, "Plan Rows": 1, "Plan Width": 4, "Actual Startup Time": 0.046, "Actual Total Time": 0.055, "Actual Rows": 1, "Actual Loops": 1, "Filter": "((info)::text = 'bottom 10 rank'::text)", "Rows Removed by Filter": 111}, {"Node Type": "Bitmap Heap Scan", "Parent Relationship": "Inner", "Relation Name": "movie_info_idx", "Alias": "mi_idx", "Startup Cost": 7502.06, "Total Cost": 18288.66, "Plan Rows": 345008, "Plan Width": 8, "Actual Startup Time": 0.03, "Actual Total Time": 0.039, "Actual Rows": 10, "Actual Loops": 1, "Recheck Cond": "(info_type_id = it.id), (LLVM Optimized, Jit Execute)", "Rows Removed by Index Recheck": 0, "Exact Heap Blocks": 1, "Lossy Heap Blocks": 1, "Plans": [{"Node Type": "Bitmap Index Scan", "Parent Relationship": "Outer", "Index Name": "info_type_id_movie_info_idx", "Startup Cost": 0.0, "Total Cost": 7415.81, "Plan Rows": 345008, "Plan Width": 0, "Actual Startup Time": 0.017, "Actual Total Time": 0.017, "Actual Rows": 10, "Actual Loops": 1, "Index Cond": "(info_type_id = it.id)"}]}]}, {"Node Type": "Hash", "Parent Relationship": "Inner", "Startup Cost": 72710.67, "Total Cost": 72710.67, "Plan Rows": 719240, "Plan Width": 25, "Actual Startup Time": 1167.873, "Actual Total Time": 1167.873, "Actual Rows": 716259, "Actual Loops": 1, "Hash Buckets": 1048576, "Hash Batches": 1, "Original Hash Batches": 1, "Peak Memory Usage": 41052, "Plans": [{"Node Type": "Seq Scan", "Parent Relationship": "Outer", "Relation Name": "title", "Alias": "t", "Startup Cost": 2083.5, "Total Cost": 72710.67, "Plan Rows": 719240, "Plan Width": 25, "Actual Startup Time": 0.026, "Actual Total Time": 928.077, "Actual Rows": 716259, "Actual Loops": 1, "Filter": "((production_year >= 2005) AND (production_year <= 2010)), (LLVM Optimized, Jit Execute)", "Rows Removed by Filter": 1812052}]}]}]}]}, {"Node Type": "Hash", "Parent Relationship": "Inner", "Startup Cost": 1.04, "Total Cost": 1.04, "Plan Rows": 1, "Plan Width": 4, "Actual Startup Time": 0.049, "Actual Total Time": 0.049, "Actual Rows": 1, "Actual Loops": 1, "Hash Buckets": 32768, "Hash Batches": 1, "Original Hash Batches": 1, "Peak Memory Usage": 1, "Plans": [{"Node Type": "Seq Scan", "Parent Relationship": "Outer", "Relation Name": "company_type", "Alias": "ct", "Startup Cost": 0.0, "Total Cost": 1.04, "Plan Rows": 1, "Plan Width": 4, "Actual Startup Time": 0.027, "Actual Total Time": 0.03, "Actual Rows": 1, "Actual Loops": 1, "Filter": "((kind)::text = 'production companies'::text)", "Rows Removed by Filter": 2}]}]}]}, "Triggers": [], "Planner Runtime": 9.792, "Total Runtime": 2334.263, "Unique SQL Id": 1162488282}}, "(1, '69')": {"explain_plan": {"Plan": {"Node Type": "Aggregate", "Strategy": "Plain", "Startup Cost": 247822.0, "Total Cost": 247822.01, "Plan Rows": 1, "Plan Width": 113, "Plans": [{"Node Type": "Hash Join", "Parent Relationship": "Outer", "Join Type": "Inner", "Startup Cost": 163718.37, "Total Cost": 244465.97, "Plan Rows": 447470, "Plan Width": 45, "Inner Unique": false, "Hash Cond": "(mc.movie_id = t.id), (LLVM Optimized)", "Plans": [{"Node Type": "Nested Loop", "Parent Relationship": "Outer", "Join Type": "Inner", "Startup Cost": 0.0, "Total Cost": 69436.41, "Plan Rows": 1304518, "Plan Width": 28, "Inner Unique": false, "Plans": [{"Node Type": "Index Scan", "Parent Relationship": "Outer", "Scan Direction": "Forward", "Index Name": "company_type_pkey", "Relation Name": "company_type", "Alias": "ct", "Startup Cost": 0.0, "Total Cost": 12.3, "Plan Rows": 1, "Plan Width": 4, "Filter": "((kind)::text = 'production companies'::text)"}, {"Node Type": "Index Scan", "Parent Relationship": "Inner", "Scan Direction": "Forward", "Index Name": "company_type_id_movie_companies", "Relation Name": "movie_companies", "Alias": "mc", "Startup Cost": 0.0, "Total Cost": 56378.94, "Plan Rows": 1304517, "Plan Width": 32, "Index Cond": "(company_type_id = ct.id), (LLVM Optimized)", "Filter": "((note)::text !~~ '%(as Metro-Goldwyn-Mayer Pictures)%'::text), (LLVM Optimized)"}]}, {"Node Type": "Hash", "Parent Relationship": "Inner", "Startup Cost": 158763.32, "Total Cost": 158763.32, "Plan Rows": 396404, "Plan Width": 29, "Plans": [{"Node Type": "Hash Join", "Parent Relationship": "Outer", "Join Type": "Inner", "Startup Cost": 139254.61, "Total Cost": 158763.32, "Plan Rows": 396404, "Plan Width": 29, "Inner Unique": true, "Hash Cond": "(mi_idx.movie_id = t.id), (LLVM Optimized)", "Plans": [{"Node Type": "Nested Loop", "Parent Relationship": "Outer", "Join Type": "Inner", "Startup Cost": 7502.06, "Total Cost": 21752.95, "Plan Rows": 345008, "Plan Width": 4, "Inner Unique": false, "Plans": [{"Node Type": "Index Scan", "Parent Relationship": "Outer", "Scan Direction": "Forward", "Index Name": "info_type_pkey", "Relation Name": "info_type", "Alias": "it", "Startup Cost": 0.0, "Total Cost": 14.21, "Plan Rows": 1, "Plan Width": 4, "Filter": "((info)::text = 'bottom 10 rank'::text)"}, {"Node Type": "Bitmap Heap Scan", "Parent Relationship": "Inner", "Relation Name": "movie_info_idx", "Alias": "mi_idx", "Startup Cost": 7502.06, "Total Cost": 18288.66, "Plan Rows": 345008, "Plan Width": 8, "Recheck Cond": "(info_type_id = it.id), (LLVM Optimized)", "Plans": [{"Node Type": "Bitmap Index Scan", "Parent Relationship": "Outer", "Index Name": "info_type_id_movie_info_idx", "Startup Cost": 0.0, "Total Cost": 7415.81, "Plan Rows": 345008, "Plan Width": 0, "Index Cond": "(info_type_id = it.id)"}]}]}, {"Node Type": "Hash", "Parent Relationship": "Inner", "Startup Cost": 122762.04, "Total Cost": 122762.04, "Plan Rows": 719240, "Plan Width": 25, "Plans": [{"Node Type": "Index Scan", "Parent Relationship": "Outer", "Scan Direction": "Forward", "Index Name": "title_pkey", "Relation Name": "title", "Alias": "t", "Startup Cost": 0.0, "Total Cost": 122762.04, "Plan Rows": 719240, "Plan Width": 25, "Filter": "((production_year >= 2005) AND (production_year <= 2010)), (LLVM Optimized)"}]}]}]}]}]}, "Unique SQL Id": 1162488282, "Planner Runtime": 10}, "explain_analyze_plan": {"Plan": {"Node Type": "Aggregate", "Strategy": "Plain", "Startup Cost": 247822.0, "Total Cost": 247822.01, "Plan Rows": 1, "Plan Width": 113, "Actual Startup Time": 4160.762, "Actual Total Time": 4160.762, "Actual Rows": 1, "Actual Loops": 1, "Plans": [{"Node Type": "Hash Join", "Parent Relationship": "Outer", "Join Type": "Inner", "Startup Cost": 163718.37, "Total Cost": 244465.97, "Plan Rows": 447470, "Plan Width": 45, "Actual Startup Time": 3832.302, "Actual Total Time": 4160.644, "Actual Rows": 3, "Actual Loops": 1, "Inner Unique": false, "Hash Cond": "(mc.movie_id = t.id), (LLVM Optimized, Jit Execute)", "Plans": [{"Node Type": "Nested Loop", "Parent Relationship": "Outer", "Join Type": "Inner", "Startup Cost": 0.0, "Total Cost": 69436.41, "Plan Rows": 1304518, "Plan Width": 28, "Actual Startup Time": 0.115, "Actual Total Time": 660.605, "Actual Rows": 140904, "Actual Loops": 1, "Inner Unique": false, "Plans": [{"Node Type": "Index Scan", "Parent Relationship": "Outer", "Scan Direction": "Forward", "Index Name": "company_type_pkey", "Relation Name": "company_type", "Alias": "ct", "Startup Cost": 0.0, "Total Cost": 12.3, "Plan Rows": 1, "Plan Width": 4, "Actual Startup Time": 0.029, "Actual Total Time": 0.039, "Actual Rows": 1, "Actual Loops": 1, "Filter": "((kind)::text = 'production companies'::text)", "Rows Removed by Filter": 2}, {"Node Type": "Index Scan", "Parent Relationship": "Inner", "Scan Direction": "Forward", "Index Name": "company_type_id_movie_companies", "Relation Name": "movie_companies", "Alias": "mc", "Startup Cost": 0.0, "Total Cost": 56378.94, "Plan Rows": 1304517, "Plan Width": 32, "Actual Startup Time": 0.081, "Actual Total Time": 632.434, "Actual Rows": 140904, "Actual Loops": 1, "Index Cond": "(company_type_id = ct.id), (LLVM Optimized, Jit Execute)", "Rows Removed by Index Recheck": 0, "Filter": "((note)::text !~~ '%(as Metro-Goldwyn-Mayer Pictures)%'::text), (LLVM Optimized, Jit Execute)", "Rows Removed by Filter": 1193979}]}, {"Node Type": "Hash", "Parent Relationship": "Inner", "Startup Cost": 158763.32, "Total Cost": 158763.32, "Plan Rows": 396404, "Plan Width": 29, "Actual Startup Time": 3468.773, "Actual Total Time": 3468.773, "Actual Rows": 4, "Actual Loops": 1, "Hash Buckets": 524288, "Hash Batches": 1, "Original Hash Batches": 1, "Peak Memory Usage": 1, "Plans": [{"Node Type": "Hash Join", "Parent Relationship": "Outer", "Join Type": "Inner", "Startup Cost": 139254.61, "Total Cost": 158763.32, "Plan Rows": 396404, "Plan Width": 29, "Actual Startup Time": 3468.757, "Actual Total Time": 3468.767, "Actual Rows": 4, "Actual Loops": 1, "Inner Unique": true, "Hash Cond": "(mi_idx.movie_id = t.id), (LLVM Optimized, Jit Execute)", "Plans": [{"Node Type": "Nested Loop", "Parent Relationship": "Outer", "Join Type": "Inner", "Startup Cost": 7502.06, "Total Cost": 21752.95, "Plan Rows": 345008, "Plan Width": 4, "Actual Startup Time": 0.092, "Actual Total Time": 0.104, "Actual Rows": 10, "Actual Loops": 1, "Inner Unique": false, "Plans": [{"Node Type": "Index Scan", "Parent Relationship": "Outer", "Scan Direction": "Forward", "Index Name": "info_type_pkey", "Relation Name": "info_type", "Alias": "it", "Startup Cost": 0.0, "Total Cost": 14.21, "Plan Rows": 1, "Plan Width": 4, "Actual Startup Time": 0.06, "Actual Total Time": 0.062, "Actual Rows": 1, "Actual Loops": 1, "Filter": "((info)::text = 'bottom 10 rank'::text)", "Rows Removed by Filter": 111}, {"Node Type": "Bitmap Heap Scan", "Parent Relationship": "Inner", "Relation Name": "movie_info_idx", "Alias": "mi_idx", "Startup Cost": 7502.06, "Total Cost": 18288.66, "Plan Rows": 345008, "Plan Width": 8, "Actual Startup Time": 0.026, "Actual Total Time": 0.031, "Actual Rows": 10, "Actual Loops": 1, "Recheck Cond": "(info_type_id = it.id), (LLVM Optimized, Jit Execute)", "Rows Removed by Index Recheck": 0, "Exact Heap Blocks": 1, "Lossy Heap Blocks": 1, "Plans": [{"Node Type": "Bitmap Index Scan", "Parent Relationship": "Outer", "Index Name": "info_type_id_movie_info_idx", "Startup Cost": 0.0, "Total Cost": 7415.81, "Plan Rows": 345008, "Plan Width": 0, "Actual Startup Time": 0.012, "Actual Total Time": 0.012, "Actual Rows": 10, "Actual Loops": 1, "Index Cond": "(info_type_id = it.id)"}]}]}, {"Node Type": "Hash", "Parent Relationship": "Inner", "Startup Cost": 122762.04, "Total Cost": 122762.04, "Plan Rows": 719240, "Plan Width": 25, "Actual Startup Time": 3467.963, "Actual Total Time": 3467.963, "Actual Rows": 716259, "Actual Loops": 1, "Hash Buckets": 1048576, "Hash Batches": 1, "Original Hash Batches": 1, "Peak Memory Usage": 41052, "Plans": [{"Node Type": "Index Scan", "Parent Relationship": "Outer", "Scan Direction": "Forward", "Index Name": "title_pkey", "Relation Name": "title", "Alias": "t", "Startup Cost": 0.0, "Total Cost": 122762.04, "Plan Rows": 719240, "Plan Width": 25, "Actual Startup Time": 0.027, "Actual Total Time": 3132.968, "Actual Rows": 716259, "Actual Loops": 1, "Filter": "((production_year >= 2005) AND (production_year <= 2010)), (LLVM Optimized, Jit Execute)", "Rows Removed by Filter": 1812052}]}]}]}]}]}, "Triggers": [], "Planner Runtime": 9.22, "Total Runtime": 4171.802, "Unique SQL Id": 1162488282}}, "(1, '70')": {"explain_plan": {"Plan": {"Node Type": "Aggregate", "Strategy": "Plain", "Startup Cost": 189131.4, "Total Cost": 189131.41, "Plan Rows": 1, "Plan Width": 113, "Plans": [{"Node Type": "Hash Join", "Parent Relationship": "Outer", "Join Type": "Inner", "Startup Cost": 113656.23, "Total Cost": 185775.37, "Plan Rows": 447470, "Plan Width": 45, "Inner Unique": true, "Hash Cond": "(mc.company_type_id = ct.id), (LLVM Optimized)", "Plans": [{"Node Type": "Hash Join", "Parent Relationship": "Outer", "Join Type": "Inner", "Startup Cost": 113655.18, "Total Cost": 181304.82, "Plan Rows": 549199, "Plan Width": 49, "Inner Unique": false, "Hash Cond": "(mc.movie_id = t.id), (LLVM Optimized)", "Plans": [{"Node Type": "Seq Scan", "Parent Relationship": "Outer", "Relation Name": "movie_companies", "Alias": "mc", "Startup Cost": 0.0, "Total Cost": 48340.1, "Plan Rows": 2609035, "Plan Width": 32, "Filter": "((note)::text !~~ '%(as Metro-Goldwyn-Mayer Pictures)%'::text), (LLVM Optimized)"}, {"Node Type": "Hash", "Parent Relationship": "Inner", "Startup Cost": 108700.13, "Total Cost": 108700.13, "Plan Rows": 396404, "Plan Width": 29, "Plans": [{"Node Type": "Hash Join", "Parent Relationship": "Outer", "Join Type": "Inner", "Startup Cost": 89203.23, "Total Cost": 108700.13, "Plan Rows": 396404, "Plan Width": 29, "Inner Unique": true, "Hash Cond": "(mi_idx.movie_id = t.id), (LLVM Optimized)", "Plans": [{"Node Type": "Nested Loop", "Parent Relationship": "Outer", "Join Type": "Inner", "Startup Cost": 7502.06, "Total Cost": 21741.14, "Plan Rows": 345008, "Plan Width": 4, "Inner Unique": false, "Plans": [{"Node Type": "Seq Scan", "Parent Relationship": "Outer", "Relation Name": "info_type", "Alias": "it", "Startup Cost": 0.0, "Total Cost": 2.4, "Plan Rows": 1, "Plan Width": 4, "Filter": "((info)::text = 'bottom 10 rank'::text)"}, {"Node Type": "Bitmap Heap Scan", "Parent Relationship": "Inner", "Relation Name": "movie_info_idx", "Alias": "mi_idx", "Startup Cost": 7502.06, "Total Cost": 18288.66, "Plan Rows": 345008, "Plan Width": 8, "Recheck Cond": "(info_type_id = it.id), (LLVM Optimized)", "Plans": [{"Node Type": "Bitmap Index Scan", "Parent Relationship": "Outer", "Index Name": "info_type_id_movie_info_idx", "Startup Cost": 0.0, "Total Cost": 7415.81, "Plan Rows": 345008, "Plan Width": 0, "Index Cond": "(info_type_id = it.id)"}]}]}, {"Node Type": "Hash", "Parent Relationship": "Inner", "Startup Cost": 72710.67, "Total Cost": 72710.67, "Plan Rows": 719240, "Plan Width": 25, "Plans": [{"Node Type": "Seq Scan", "Parent Relationship": "Outer", "Relation Name": "title", "Alias": "t", "Startup Cost": 2083.5, "Total Cost": 72710.67, "Plan Rows": 719240, "Plan Width": 25, "Filter": "((production_year >= 2005) AND (production_year <= 2010)), (LLVM Optimized)"}]}]}]}]}, {"Node Type": "Hash", "Parent Relationship": "Inner", "Startup Cost": 1.04, "Total Cost": 1.04, "Plan Rows": 1, "Plan Width": 4, "Plans": [{"Node Type": "Seq Scan", "Parent Relationship": "Outer", "Relation Name": "company_type", "Alias": "ct", "Startup Cost": 0.0, "Total Cost": 1.04, "Plan Rows": 1, "Plan Width": 4, "Filter": "((kind)::text = 'production companies'::text)"}]}]}]}, "Unique SQL Id": 1162488282, "Planner Runtime": 9}, "explain_analyze_plan": {"Plan": {"Node Type": "Aggregate", "Strategy": "Plain", "Startup Cost": 189131.4, "Total Cost": 189131.41, "Plan Rows": 1, "Plan Width": 113, "Actual Startup Time": 2323.246, "Actual Total Time": 2323.247, "Actual Rows": 1, "Actual Loops": 1, "Plans": [{"Node Type": "Hash Join", "Parent Relationship": "Outer", "Join Type": "Inner", "Startup Cost": 113656.23, "Total Cost": 185775.37, "Plan Rows": 447470, "Plan Width": 45, "Actual Startup Time": 2151.003, "Actual Total Time": 2323.203, "Actual Rows": 3, "Actual Loops": 1, "Inner Unique": true, "Hash Cond": "(mc.company_type_id = ct.id), (LLVM Optimized, Jit Execute)", "Plans": [{"Node Type": "Hash Join", "Parent Relationship": "Outer", "Join Type": "Inner", "Startup Cost": 113655.18, "Total Cost": 181304.82, "Plan Rows": 549199, "Plan Width": 49, "Actual Startup Time": 1492.465, "Actual Total Time": 2322.859, "Actual Rows": 66, "Actual Loops": 1, "Inner Unique": false, "Hash Cond": "(mc.movie_id = t.id), (LLVM Optimized, Jit Execute)", "Plans": [{"Node Type": "Seq Scan", "Parent Relationship": "Outer", "Relation Name": "movie_companies", "Alias": "mc", "Startup Cost": 0.0, "Total Cost": 48340.1, "Plan Rows": 2609035, "Plan Width": 32, "Actual Startup Time": 0.026, "Actual Total Time": 904.378, "Actual Rows": 1337087, "Actual Loops": 1, "Filter": "((note)::text !~~ '%(as Metro-Goldwyn-Mayer Pictures)%'::text), (LLVM Optimized, Jit Execute)", "Rows Removed by Filter": 1272041}, {"Node Type": "Hash", "Parent Relationship": "Inner", "Startup Cost": 108700.13, "Total Cost": 108700.13, "Plan Rows": 396404, "Plan Width": 29, "Actual Startup Time": 1168.669, "Actual Total Time": 1168.669, "Actual Rows": 4, "Actual Loops": 1, "Hash Buckets": 524288, "Hash Batches": 1, "Original Hash Batches": 1, "Peak Memory Usage": 1, "Plans": [{"Node Type": "Hash Join", "Parent Relationship": "Outer", "Join Type": "Inner", "Startup Cost": 89203.23, "Total Cost": 108700.13, "Plan Rows": 396404, "Plan Width": 29, "Actual Startup Time": 1168.633, "Actual Total Time": 1168.651, "Actual Rows": 4, "Actual Loops": 1, "Inner Unique": true, "Hash Cond": "(mi_idx.movie_id = t.id), (LLVM Optimized, Jit Execute)", "Plans": [{"Node Type": "Nested Loop", "Parent Relationship": "Outer", "Join Type": "Inner", "Startup Cost": 7502.06, "Total Cost": 21741.14, "Plan Rows": 345008, "Plan Width": 4, "Actual Startup Time": 0.084, "Actual Total Time": 0.105, "Actual Rows": 10, "Actual Loops": 1, "Inner Unique": false, "Plans": [{"Node Type": "Seq Scan", "Parent Relationship": "Outer", "Relation Name": "info_type", "Alias": "it", "Startup Cost": 0.0, "Total Cost": 2.4, "Plan Rows": 1, "Plan Width": 4, "Actual Startup Time": 0.046, "Actual Total Time": 0.055, "Actual Rows": 1, "Actual Loops": 1, "Filter": "((info)::text = 'bottom 10 rank'::text)", "Rows Removed by Filter": 111}, {"Node Type": "Bitmap Heap Scan", "Parent Relationship": "Inner", "Relation Name": "movie_info_idx", "Alias": "mi_idx", "Startup Cost": 7502.06, "Total Cost": 18288.66, "Plan Rows": 345008, "Plan Width": 8, "Actual Startup Time": 0.03, "Actual Total Time": 0.039, "Actual Rows": 10, "Actual Loops": 1, "Recheck Cond": "(info_type_id = it.id), (LLVM Optimized, Jit Execute)", "Rows Removed by Index Recheck": 0, "Exact Heap Blocks": 1, "Lossy Heap Blocks": 1, "Plans": [{"Node Type": "Bitmap Index Scan", "Parent Relationship": "Outer", "Index Name": "info_type_id_movie_info_idx", "Startup Cost": 0.0, "Total Cost": 7415.81, "Plan Rows": 345008, "Plan Width": 0, "Actual Startup Time": 0.017, "Actual Total Time": 0.017, "Actual Rows": 10, "Actual Loops": 1, "Index Cond": "(info_type_id = it.id)"}]}]}, {"Node Type": "Hash", "Parent Relationship": "Inner", "Startup Cost": 72710.67, "Total Cost": 72710.67, "Plan Rows": 719240, "Plan Width": 25, "Actual Startup Time": 1167.873, "Actual Total Time": 1167.873, "Actual Rows": 716259, "Actual Loops": 1, "Hash Buckets": 1048576, "Hash Batches": 1, "Original Hash Batches": 1, "Peak Memory Usage": 41052, "Plans": [{"Node Type": "Seq Scan", "Parent Relationship": "Outer", "Relation Name": "title", "Alias": "t", "Startup Cost": 2083.5, "Total Cost": 72710.67, "Plan Rows": 719240, "Plan Width": 25, "Actual Startup Time": 0.026, "Actual Total Time": 928.077, "Actual Rows": 716259, "Actual Loops": 1, "Filter": "((production_year >= 2005) AND (production_year <= 2010)), (LLVM Optimized, Jit Execute)", "Rows Removed by Filter": 1812052}]}]}]}]}, {"Node Type": "Hash", "Parent Relationship": "Inner", "Startup Cost": 1.04, "Total Cost": 1.04, "Plan Rows": 1, "Plan Width": 4, "Actual Startup Time": 0.049, "Actual Total Time": 0.049, "Actual Rows": 1, "Actual Loops": 1, "Hash Buckets": 32768, "Hash Batches": 1, "Original Hash Batches": 1, "Peak Memory Usage": 1, "Plans": [{"Node Type": "Seq Scan", "Parent Relationship": "Outer", "Relation Name": "company_type", "Alias": "ct", "Startup Cost": 0.0, "Total Cost": 1.04, "Plan Rows": 1, "Plan Width": 4, "Actual Startup Time": 0.027, "Actual Total Time": 0.03, "Actual Rows": 1, "Actual Loops": 1, "Filter": "((kind)::text = 'production companies'::text)", "Rows Removed by Filter": 2}]}]}]}, "Triggers": [], "Planner Runtime": 9.792, "Total Runtime": 2334.263, "Unique SQL Id": 1162488282}}, "(1, '71')": {"explain_plan": {"Plan": {"Node Type": "Aggregate", "Strategy": "Plain", "Startup Cost": 1000017766719.7, "Total Cost": 1000017766719.71, "Plan Rows": 1, "Plan Width": 113, "Plans": [{"Node Type": "Nested Loop", "Parent Relationship": "Outer", "Join Type": "Inner", "Startup Cost": 10000000001.08, "Total Cost": 1000017764229.67, "Plan Rows": 332005, "Plan Width": 45, "Inner Unique": true, "Plans": [{"Node Type": "Nested Loop", "Parent Relationship": "Outer", "Join Type": "Inner", "Startup Cost": 10000000000.81, "Total Cost": 1000015609438.29, "Plan Rows": 501180, "Plan Width": 32, "Inner Unique": true, "Plans": [{"Node Type": "Nested Loop", "Parent Relationship": "Outer", "Join Type": "Inner", "Startup Cost": 10000000000.55, "Total Cost": 1000012058838.99, "Plan Rows": 829046, "Plan Width": 36, "Inner Unique": false, "Plans": [{"Node Type": "Nested Loop", "Parent Relationship": "Outer", "Join Type": "Inner", "Startup Cost": 10000000000.26, "Total Cost": 1000010560383.98, "Plan Rows": 345008, "Plan Width": 4, "Inner Unique": true, "Plans": [{"Node Type": "Index Scan", "Parent Relationship": "Outer", "Scan Direction": "Forward", "Index Name": "movie_id_movie_info_idx", "Relation Name": "movie_info_idx", "Alias": "mi_idx", "Startup Cost": 10000000000.0, "Total Cost": 1000004650035.37, "Plan Rows": 1380034, "Plan Width": 8}, {"Node Type": "Bitmap Heap Scan", "Parent Relationship": "Inner", "Relation Name": "info_type", "Alias": "it", "Startup Cost": 0.26, "Total Cost": 4.27, "Plan Rows": 1, "Plan Width": 4, "Recheck Cond": "(id = mi_idx.info_type_id)", "Filter": "((info)::text = 'bottom 10 rank'::text)", "Plans": [{"Node Type": "Bitmap Index Scan", "Parent Relationship": "Outer", "Index Name": "info_type_pkey", "Startup Cost": 0.0, "Total Cost": 0.26, "Plan Rows": 1, "Plan Width": 0, "Index Cond": "(id = mi_idx.info_type_id)"}]}]}, {"Node Type": "Bitmap Heap Scan", "Parent Relationship": "Inner", "Relation Name": "movie_companies", "Alias": "mc", "Startup Cost": 0.29, "Total Cost": 4.32, "Plan Rows": 2, "Plan Width": 32, "Recheck Cond": "(movie_id = mi_idx.movie_id)", "Filter": "((note)::text !~~ '%(as Metro-Goldwyn-Mayer Pictures)%'::text)", "Plans": [{"Node Type": "Bitmap Index Scan", "Parent Relationship": "Outer", "Index Name": "movie_id_movie_companies", "Startup Cost": 0.0, "Total Cost": 0.29, "Plan Rows": 2, "Plan Width": 0, "Index Cond": "(movie_id = mi_idx.movie_id)"}]}]}, {"Node Type": "Bitmap Heap Scan", "Parent Relationship": "Inner", "Relation Name": "company_type", "Alias": "ct", "Startup Cost": 0.26, "Total Cost": 4.27, "Plan Rows": 1, "Plan Width": 4, "Recheck Cond": "(id = mc.company_type_id)", "Filter": "((kind)::text = 'production companies'::text)", "Plans": [{"Node Type": "Bitmap Index Scan", "Parent Relationship": "Outer", "Index Name": "company_type_pkey", "Startup Cost": 0.0, "Total Cost": 0.26, "Plan Rows": 1, "Plan Width": 0, "Index Cond": "(id = mc.company_type_id)"}]}]}, {"Node Type": "Bitmap Heap Scan", "Parent Relationship": "Inner", "Relation Name": "title", "Alias": "t", "Startup Cost": 0.27, "Total Cost": 4.29, "Plan Rows": 1, "Plan Width": 25, "Recheck Cond": "(id = mc.movie_id)", "Filter": "((production_year >= 2005) AND (production_year <= 2010))", "Plans": [{"Node Type": "Bitmap Index Scan", "Parent Relationship": "Outer", "Index Name": "title_pkey", "Startup Cost": 0.0, "Total Cost": 0.27, "Plan Rows": 1, "Plan Width": 0, "Index Cond": "(id = mc.movie_id)"}]}]}]}, "Unique SQL Id": 1162488282, "Planner Runtime": 4}, "explain_analyze_plan": null}, "(1, '72')": {"explain_plan": {"Plan": {"Node Type": "Aggregate", "Strategy": "Plain", "Startup Cost": 194575.8, "Total Cost": 194575.81, "Plan Rows": 1, "Plan Width": 113, "Plans": [{"Node Type": "Hash Join", "Parent Relationship": "Outer", "Join Type": "Inner", "Startup Cost": 119100.63, "Total Cost": 191219.77, "Plan Rows": 447470, "Plan Width": 45, "Inner Unique": true, "Hash Cond": "(mc.company_type_id = ct.id), (LLVM Optimized)", "Plans": [{"Node Type": "Hash Join", "Parent Relationship": "Outer", "Join Type": "Inner", "Startup Cost": 119099.58, "Total Cost": 186749.22, "Plan Rows": 549199, "Plan Width": 49, "Inner Unique": false, "Hash Cond": "(mc.movie_id = t.id), (LLVM Optimized)", "Plans": [{"Node Type": "Seq Scan", "Parent Relationship": "Outer", "Relation Name": "movie_companies", "Alias": "mc", "Startup Cost": 0.0, "Total Cost": 48340.1, "Plan Rows": 2609035, "Plan Width": 32, "Filter": "((note)::text !~~ '%(as Metro-Goldwyn-Mayer Pictures)%'::text), (LLVM Optimized)"}, {"Node Type": "Hash", "Parent Relationship": "Inner", "Startup Cost": 114144.53, "Total Cost": 114144.53, "Plan Rows": 396404, "Plan Width": 29, "Plans": [{"Node Type": "Hash Join", "Parent Relationship": "Outer", "Join Type": "Inner", "Startup Cost": 81703.58, "Total Cost": 114144.53, "Plan Rows": 396404, "Plan Width": 29, "Inner Unique": true, "Hash Cond": "(mi_idx.movie_id = t.id), (LLVM Optimized)", "Plans": [{"Node Type": "Hash Join", "Parent Relationship": "Outer", "Join Type": "Inner", "Startup Cost": 2.41, "Total Cost": 27185.54, "Plan Rows": 345008, "Plan Width": 4, "Inner Unique": true, "Hash Cond": "(mi_idx.info_type_id = it.id), (LLVM Optimized)", "Plans": [{"Node Type": "Seq Scan", "Parent Relationship": "Outer", "Relation Name": "movie_info_idx", "Alias": "mi_idx", "Startup Cost": 0.0, "Total Cost": 20274.34, "Plan Rows": 1380034, "Plan Width": 8}, {"Node Type": "Hash", "Parent Relationship": "Inner", "Startup Cost": 2.4, "Total Cost": 2.4, "Plan Rows": 1, "Plan Width": 4, "Plans": [{"Node Type": "Seq Scan", "Parent Relationship": "Outer", "Relation Name": "info_type", "Alias": "it", "Startup Cost": 0.0, "Total Cost": 2.4, "Plan Rows": 1, "Plan Width": 4, "Filter": "((info)::text = 'bottom 10 rank'::text)"}]}]}, {"Node Type": "Hash", "Parent Relationship": "Inner", "Startup Cost": 72710.67, "Total Cost": 72710.67, "Plan Rows": 719240, "Plan Width": 25, "Plans": [{"Node Type": "Seq Scan", "Parent Relationship": "Outer", "Relation Name": "title", "Alias": "t", "Startup Cost": 2083.5, "Total Cost": 72710.67, "Plan Rows": 719240, "Plan Width": 25, "Filter": "((production_year >= 2005) AND (production_year <= 2010)), (LLVM Optimized)"}]}]}]}]}, {"Node Type": "Hash", "Parent Relationship": "Inner", "Startup Cost": 1.04, "Total Cost": 1.04, "Plan Rows": 1, "Plan Width": 4, "Plans": [{"Node Type": "Seq Scan", "Parent Relationship": "Outer", "Relation Name": "company_type", "Alias": "ct", "Startup Cost": 0.0, "Total Cost": 1.04, "Plan Rows": 1, "Plan Width": 4, "Filter": "((kind)::text = 'production companies'::text)"}]}]}]}, "Unique SQL Id": 1162488282, "Planner Runtime": 12}, "explain_analyze_plan": {"Plan": {"Node Type": "Aggregate", "Strategy": "Plain", "Startup Cost": 194575.8, "Total Cost": 194575.81, "Plan Rows": 1, "Plan Width": 113, "Actual Startup Time": 2946.517, "Actual Total Time": 2946.518, "Actual Rows": 1, "Actual Loops": 1, "Plans": [{"Node Type": "Hash Join", "Parent Relationship": "Outer", "Join Type": "Inner", "Startup Cost": 119100.63, "Total Cost": 191219.77, "Plan Rows": 447470, "Plan Width": 45, "Actual Startup Time": 2773.563, "Actual Total Time": 2946.484, "Actual Rows": 3, "Actual Loops": 1, "Inner Unique": true, "Hash Cond": "(mc.company_type_id = ct.id), (LLVM Optimized, Jit Execute)", "Plans": [{"Node Type": "Hash Join", "Parent Relationship": "Outer", "Join Type": "Inner", "Startup Cost": 119099.58, "Total Cost": 186749.22, "Plan Rows": 549199, "Plan Width": 49, "Actual Startup Time": 2098.009, "Actual Total Time": 2946.235, "Actual Rows": 66, "Actual Loops": 1, "Inner Unique": false, "Hash Cond": "(mc.movie_id = t.id), (LLVM Optimized, Jit Execute)", "Plans": [{"Node Type": "Seq Scan", "Parent Relationship": "Outer", "Relation Name": "movie_companies", "Alias": "mc", "Startup Cost": 0.0, "Total Cost": 48340.1, "Plan Rows": 2609035, "Plan Width": 32, "Actual Startup Time": 0.028, "Actual Total Time": 909.108, "Actual Rows": 1337087, "Actual Loops": 1, "Filter": "((note)::text !~~ '%(as Metro-Goldwyn-Mayer Pictures)%'::text), (LLVM Optimized, Jit Execute)", "Rows Removed by Filter": 1272041}, {"Node Type": "Hash", "Parent Relationship": "Inner", "Startup Cost": 114144.53, "Total Cost": 114144.53, "Plan Rows": 396404, "Plan Width": 29, "Actual Startup Time": 1767.491, "Actual Total Time": 1767.491, "Actual Rows": 4, "Actual Loops": 1, "Hash Buckets": 524288, "Hash Batches": 1, "Original Hash Batches": 1, "Peak Memory Usage": 1, "Plans": [{"Node Type": "Hash Join", "Parent Relationship": "Outer", "Join Type": "Inner", "Startup Cost": 81703.58, "Total Cost": 114144.53, "Plan Rows": 396404, "Plan Width": 29, "Actual Startup Time": 1767.441, "Actual Total Time": 1767.482, "Actual Rows": 4, "Actual Loops": 1, "Inner Unique": true, "Hash Cond": "(mi_idx.movie_id = t.id), (LLVM Optimized, Jit Execute)", "Plans": [{"Node Type": "Hash Join", "Parent Relationship": "Outer", "Join Type": "Inner", "Startup Cost": 2.41, "Total Cost": 27185.54, "Plan Rows": 345008, "Plan Width": 4, "Actual Startup Time": 530.475, "Actual Total Time": 530.49, "Actual Rows": 10, "Actual Loops": 1, "Inner Unique": true, "Hash Cond": "(mi_idx.info_type_id = it.id), (LLVM Optimized, Jit Execute)", "Plans": [{"Node Type": "Seq Scan", "Parent Relationship": "Outer", "Relation Name": "movie_info_idx", "Alias": "mi_idx", "Startup Cost": 0.0, "Total Cost": 20274.34, "Plan Rows": 1380034, "Plan Width": 8, "Actual Startup Time": 0.033, "Actual Total Time": 298.78, "Actual Rows": 1380034, "Actual Loops": 1}, {"Node Type": "Hash", "Parent Relationship": "Inner", "Startup Cost": 2.4, "Total Cost": 2.4, "Plan Rows": 1, "Plan Width": 4, "Actual Startup Time": 0.047, "Actual Total Time": 0.047, "Actual Rows": 1, "Actual Loops": 1, "Hash Buckets": 32768, "Hash Batches": 1, "Original Hash Batches": 1, "Peak Memory Usage": 1, "Plans": [{"Node Type": "Seq Scan", "Parent Relationship": "Outer", "Relation Name": "info_type", "Alias": "it", "Startup Cost": 0.0, "Total Cost": 2.4, "Plan Rows": 1, "Plan Width": 4, "Actual Startup Time": 0.043, "Actual Total Time": 0.044, "Actual Rows": 1, "Actual Loops": 1, "Filter": "((info)::text = 'bottom 10 rank'::text)", "Rows Removed by Filter": 111}]}]}, {"Node Type": "Hash", "Parent Relationship": "Inner", "Startup Cost": 72710.67, "Total Cost": 72710.67, "Plan Rows": 719240, "Plan Width": 25, "Actual Startup Time": 1236.258, "Actual Total Time": 1236.258, "Actual Rows": 716259, "Actual Loops": 1, "Hash Buckets": 1048576, "Hash Batches": 1, "Original Hash Batches": 1, "Peak Memory Usage": 41052, "Plans": [{"Node Type": "Seq Scan", "Parent Relationship": "Outer", "Relation Name": "title", "Alias": "t", "Startup Cost": 2083.5, "Total Cost": 72710.67, "Plan Rows": 719240, "Plan Width": 25, "Actual Startup Time": 0.032, "Actual Total Time": 894.577, "Actual Rows": 716259, "Actual Loops": 1, "Filter": "((production_year >= 2005) AND (production_year <= 2010)), (LLVM Optimized, Jit Execute)", "Rows Removed by Filter": 1812052}]}]}]}]}, {"Node Type": "Hash", "Parent Relationship": "Inner", "Startup Cost": 1.04, "Total Cost": 1.04, "Plan Rows": 1, "Plan Width": 4, "Actual Startup Time": 0.049, "Actual Total Time": 0.049, "Actual Rows": 1, "Actual Loops": 1, "Hash Buckets": 32768, "Hash Batches": 1, "Original Hash Batches": 1, "Peak Memory Usage": 1, "Plans": [{"Node Type": "Seq Scan", "Parent Relationship": "Outer", "Relation Name": "company_type", "Alias": "ct", "Startup Cost": 0.0, "Total Cost": 1.04, "Plan Rows": 1, "Plan Width": 4, "Actual Startup Time": 0.029, "Actual Total Time": 0.032, "Actual Rows": 1, "Actual Loops": 1, "Filter": "((kind)::text = 'production companies'::text)", "Rows Removed by Filter": 2}]}]}]}, "Triggers": [], "Planner Runtime": 10.864, "Total Runtime": 2957.448, "Unique SQL Id": 1162488282}}, "(1, '73')": {"explain_plan": {"Plan": {"Node Type": "Aggregate", "Strategy": "Plain", "Startup Cost": 264407.24, "Total Cost": 264407.25, "Plan Rows": 1, "Plan Width": 113, "Plans": [{"Node Type": "Hash Join", "Parent Relationship": "Outer", "Join Type": "Inner", "Startup Cost": 180303.61, "Total Cost": 261051.22, "Plan Rows": 447470, "Plan Width": 45, "Inner Unique": false, "Hash Cond": "(mc.movie_id = t.id), (LLVM Optimized)", "Plans": [{"Node Type": "Nested Loop", "Parent Relationship": "Outer", "Join Type": "Inner", "Startup Cost": 0.0, "Total Cost": 69436.41, "Plan Rows": 1304518, "Plan Width": 28, "Inner Unique": false, "Plans": [{"Node Type": "Index Scan", "Parent Relationship": "Outer", "Scan Direction": "Forward", "Index Name": "company_type_pkey", "Relation Name": "company_type", "Alias": "ct", "Startup Cost": 0.0, "Total Cost": 12.3, "Plan Rows": 1, "Plan Width": 4, "Filter": "((kind)::text = 'production companies'::text)"}, {"Node Type": "Index Scan", "Parent Relationship": "Inner", "Scan Direction": "Forward", "Index Name": "company_type_id_movie_companies", "Relation Name": "movie_companies", "Alias": "mc", "Startup Cost": 0.0, "Total Cost": 56378.94, "Plan Rows": 1304517, "Plan Width": 32, "Index Cond": "(company_type_id = ct.id), (LLVM Optimized)", "Filter": "((note)::text !~~ '%(as Metro-Goldwyn-Mayer Pictures)%'::text), (LLVM Optimized)"}]}, {"Node Type": "Hash", "Parent Relationship": "Inner", "Startup Cost": 175348.56, "Total Cost": 175348.56, "Plan Rows": 396404, "Plan Width": 29, "Plans": [{"Node Type": "Hash Join", "Parent Relationship": "Outer", "Join Type": "Inner", "Startup Cost": 131752.54, "Total Cost": 175348.56, "Plan Rows": 396404, "Plan Width": 29, "Inner Unique": true, "Hash Cond": "(mi_idx.movie_id = t.id), (LLVM Optimized)", "Plans": [{"Node Type": "Nested Loop", "Parent Relationship": "Outer", "Join Type": "Inner", "Startup Cost": 0.0, "Total Cost": 38338.2, "Plan Rows": 345008, "Plan Width": 4, "Inner Unique": false, "Plans": [{"Node Type": "Index Scan", "Parent Relationship": "Outer", "Scan Direction": "Forward", "Index Name": "info_type_pkey", "Relation Name": "info_type", "Alias": "it", "Startup Cost": 0.0, "Total Cost": 14.21, "Plan Rows": 1, "Plan Width": 4, "Filter": "((info)::text = 'bottom 10 rank'::text)"}, {"Node Type": "Index Scan", "Parent Relationship": "Inner", "Scan Direction": "Forward", "Index Name": "info_type_id_movie_info_idx", "Relation Name": "movie_info_idx", "Alias": "mi_idx", "Startup Cost": 0.0, "Total Cost": 34873.91, "Plan Rows": 345008, "Plan Width": 8, "Index Cond": "(info_type_id = it.id), (LLVM Optimized)"}]}, {"Node Type": "Hash", "Parent Relationship": "Inner", "Startup Cost": 122762.04, "Total Cost": 122762.04, "Plan Rows": 719240, "Plan Width": 25, "Plans": [{"Node Type": "Index Scan", "Parent Relationship": "Outer", "Scan Direction": "Forward", "Index Name": "title_pkey", "Relation Name": "title", "Alias": "t", "Startup Cost": 0.0, "Total Cost": 122762.04, "Plan Rows": 719240, "Plan Width": 25, "Filter": "((production_year >= 2005) AND (production_year <= 2010)), (LLVM Optimized)"}]}]}]}]}]}, "Unique SQL Id": 1162488282, "Planner Runtime": 10}, "explain_analyze_plan": {"Plan": {"Node Type": "Aggregate", "Strategy": "Plain", "Startup Cost": 264407.24, "Total Cost": 264407.25, "Plan Rows": 1, "Plan Width": 113, "Actual Startup Time": 4199.008, "Actual Total Time": 4199.009, "Actual Rows": 1, "Actual Loops": 1, "Plans": [{"Node Type": "Hash Join", "Parent Relationship": "Outer", "Join Type": "Inner", "Startup Cost": 180303.61, "Total Cost": 261051.22, "Plan Rows": 447470, "Plan Width": 45, "Actual Startup Time": 3870.665, "Actual Total Time": 4198.914, "Actual Rows": 3, "Actual Loops": 1, "Inner Unique": false, "Hash Cond": "(mc.movie_id = t.id), (LLVM Optimized, Jit Execute)", "Plans": [{"Node Type": "Nested Loop", "Parent Relationship": "Outer", "Join Type": "Inner", "Startup Cost": 0.0, "Total Cost": 69436.41, "Plan Rows": 1304518, "Plan Width": 28, "Actual Startup Time": 0.117, "Actual Total Time": 639.905, "Actual Rows": 140904, "Actual Loops": 1, "Inner Unique": false, "Plans": [{"Node Type": "Index Scan", "Parent Relationship": "Outer", "Scan Direction": "Forward", "Index Name": "company_type_pkey", "Relation Name": "company_type", "Alias": "ct", "Startup Cost": 0.0, "Total Cost": 12.3, "Plan Rows": 1, "Plan Width": 4, "Actual Startup Time": 0.029, "Actual Total Time": 0.047, "Actual Rows": 1, "Actual Loops": 1, "Filter": "((kind)::text = 'production companies'::text)", "Rows Removed by Filter": 2}, {"Node Type": "Index Scan", "Parent Relationship": "Inner", "Scan Direction": "Forward", "Index Name": "company_type_id_movie_companies", "Relation Name": "movie_companies", "Alias": "mc", "Startup Cost": 0.0, "Total Cost": 56378.94, "Plan Rows": 1304517, "Plan Width": 32, "Actual Startup Time": 0.081, "Actual Total Time": 611.349, "Actual Rows": 140904, "Actual Loops": 1, "Index Cond": "(company_type_id = ct.id), (LLVM Optimized, Jit Execute)", "Rows Removed by Index Recheck": 0, "Filter": "((note)::text !~~ '%(as Metro-Goldwyn-Mayer Pictures)%'::text), (LLVM Optimized, Jit Execute)", "Rows Removed by Filter": 1193979}]}, {"Node Type": "Hash", "Parent Relationship": "Inner", "Startup Cost": 175348.56, "Total Cost": 175348.56, "Plan Rows": 396404, "Plan Width": 29, "Actual Startup Time": 3530.006, "Actual Total Time": 3530.006, "Actual Rows": 4, "Actual Loops": 1, "Hash Buckets": 524288, "Hash Batches": 1, "Original Hash Batches": 1, "Peak Memory Usage": 1, "Plans": [{"Node Type": "Hash Join", "Parent Relationship": "Outer", "Join Type": "Inner", "Startup Cost": 131752.54, "Total Cost": 175348.56, "Plan Rows": 396404, "Plan Width": 29, "Actual Startup Time": 3529.966, "Actual Total Time": 3529.981, "Actual Rows": 4, "Actual Loops": 1, "Inner Unique": true, "Hash Cond": "(mi_idx.movie_id = t.id), (LLVM Optimized, Jit Execute)", "Plans": [{"Node Type": "Nested Loop", "Parent Relationship": "Outer", "Join Type": "Inner", "Startup Cost": 0.0, "Total Cost": 38338.2, "Plan Rows": 345008, "Plan Width": 4, "Actual Startup Time": 0.073, "Actual Total Time": 0.11, "Actual Rows": 10, "Actual Loops": 1, "Inner Unique": false, "Plans": [{"Node Type": "Index Scan", "Parent Relationship": "Outer", "Scan Direction": "Forward", "Index Name": "info_type_pkey", "Relation Name": "info_type", "Alias": "it", "Startup Cost": 0.0, "Total Cost": 14.21, "Plan Rows": 1, "Plan Width": 4, "Actual Startup Time": 0.06, "Actual Total Time": 0.064, "Actual Rows": 1, "Actual Loops": 1, "Filter": "((info)::text = 'bottom 10 rank'::text)", "Rows Removed by Filter": 111}, {"Node Type": "Index Scan", "Parent Relationship": "Inner", "Scan Direction": "Forward", "Index Name": "info_type_id_movie_info_idx", "Relation Name": "movie_info_idx", "Alias": "mi_idx", "Startup Cost": 0.0, "Total Cost": 34873.91, "Plan Rows": 345008, "Plan Width": 8, "Actual Startup Time": 0.01, "Actual Total Time": 0.034, "Actual Rows": 10, "Actual Loops": 1, "Index Cond": "(info_type_id = it.id), (LLVM Optimized, Jit Execute)", "Rows Removed by Index Recheck": 0}]}, {"Node Type": "Hash", "Parent Relationship": "Inner", "Startup Cost": 122762.04, "Total Cost": 122762.04, "Plan Rows": 719240, "Plan Width": 25, "Actual Startup Time": 3529.154, "Actual Total Time": 3529.154, "Actual Rows": 716259, "Actual Loops": 1, "Hash Buckets": 1048576, "Hash Batches": 1, "Original Hash Batches": 1, "Peak Memory Usage": 41052, "Plans": [{"Node Type": "Index Scan", "Parent Relationship": "Outer", "Scan Direction": "Forward", "Index Name": "title_pkey", "Relation Name": "title", "Alias": "t", "Startup Cost": 0.0, "Total Cost": 122762.04, "Plan Rows": 719240, "Plan Width": 25, "Actual Startup Time": 0.029, "Actual Total Time": 3198.546, "Actual Rows": 716259, "Actual Loops": 1, "Filter": "((production_year >= 2005) AND (production_year <= 2010)), (LLVM Optimized, Jit Execute)", "Rows Removed by Filter": 1812052}]}]}]}]}]}, "Triggers": [], "Planner Runtime": 9.249, "Total Runtime": 4211.085, "Unique SQL Id": 1162488282}}, "(1, '74')": {"explain_plan": {"Plan": {"Node Type": "Aggregate", "Strategy": "Plain", "Startup Cost": 194575.8, "Total Cost": 194575.81, "Plan Rows": 1, "Plan Width": 113, "Plans": [{"Node Type": "Hash Join", "Parent Relationship": "Outer", "Join Type": "Inner", "Startup Cost": 119100.63, "Total Cost": 191219.77, "Plan Rows": 447470, "Plan Width": 45, "Inner Unique": true, "Hash Cond": "(mc.company_type_id = ct.id), (LLVM Optimized)", "Plans": [{"Node Type": "Hash Join", "Parent Relationship": "Outer", "Join Type": "Inner", "Startup Cost": 119099.58, "Total Cost": 186749.22, "Plan Rows": 549199, "Plan Width": 49, "Inner Unique": false, "Hash Cond": "(mc.movie_id = t.id), (LLVM Optimized)", "Plans": [{"Node Type": "Seq Scan", "Parent Relationship": "Outer", "Relation Name": "movie_companies", "Alias": "mc", "Startup Cost": 0.0, "Total Cost": 48340.1, "Plan Rows": 2609035, "Plan Width": 32, "Filter": "((note)::text !~~ '%(as Metro-Goldwyn-Mayer Pictures)%'::text), (LLVM Optimized)"}, {"Node Type": "Hash", "Parent Relationship": "Inner", "Startup Cost": 114144.53, "Total Cost": 114144.53, "Plan Rows": 396404, "Plan Width": 29, "Plans": [{"Node Type": "Hash Join", "Parent Relationship": "Outer", "Join Type": "Inner", "Startup Cost": 81703.58, "Total Cost": 114144.53, "Plan Rows": 396404, "Plan Width": 29, "Inner Unique": true, "Hash Cond": "(mi_idx.movie_id = t.id), (LLVM Optimized)", "Plans": [{"Node Type": "Hash Join", "Parent Relationship": "Outer", "Join Type": "Inner", "Startup Cost": 2.41, "Total Cost": 27185.54, "Plan Rows": 345008, "Plan Width": 4, "Inner Unique": true, "Hash Cond": "(mi_idx.info_type_id = it.id), (LLVM Optimized)", "Plans": [{"Node Type": "Seq Scan", "Parent Relationship": "Outer", "Relation Name": "movie_info_idx", "Alias": "mi_idx", "Startup Cost": 0.0, "Total Cost": 20274.34, "Plan Rows": 1380034, "Plan Width": 8}, {"Node Type": "Hash", "Parent Relationship": "Inner", "Startup Cost": 2.4, "Total Cost": 2.4, "Plan Rows": 1, "Plan Width": 4, "Plans": [{"Node Type": "Seq Scan", "Parent Relationship": "Outer", "Relation Name": "info_type", "Alias": "it", "Startup Cost": 0.0, "Total Cost": 2.4, "Plan Rows": 1, "Plan Width": 4, "Filter": "((info)::text = 'bottom 10 rank'::text)"}]}]}, {"Node Type": "Hash", "Parent Relationship": "Inner", "Startup Cost": 72710.67, "Total Cost": 72710.67, "Plan Rows": 719240, "Plan Width": 25, "Plans": [{"Node Type": "Seq Scan", "Parent Relationship": "Outer", "Relation Name": "title", "Alias": "t", "Startup Cost": 2083.5, "Total Cost": 72710.67, "Plan Rows": 719240, "Plan Width": 25, "Filter": "((production_year >= 2005) AND (production_year <= 2010)), (LLVM Optimized)"}]}]}]}]}, {"Node Type": "Hash", "Parent Relationship": "Inner", "Startup Cost": 1.04, "Total Cost": 1.04, "Plan Rows": 1, "Plan Width": 4, "Plans": [{"Node Type": "Seq Scan", "Parent Relationship": "Outer", "Relation Name": "company_type", "Alias": "ct", "Startup Cost": 0.0, "Total Cost": 1.04, "Plan Rows": 1, "Plan Width": 4, "Filter": "((kind)::text = 'production companies'::text)"}]}]}]}, "Unique SQL Id": 1162488282, "Planner Runtime": 8}, "explain_analyze_plan": {"Plan": {"Node Type": "Aggregate", "Strategy": "Plain", "Startup Cost": 194575.8, "Total Cost": 194575.81, "Plan Rows": 1, "Plan Width": 113, "Actual Startup Time": 2946.517, "Actual Total Time": 2946.518, "Actual Rows": 1, "Actual Loops": 1, "Plans": [{"Node Type": "Hash Join", "Parent Relationship": "Outer", "Join Type": "Inner", "Startup Cost": 119100.63, "Total Cost": 191219.77, "Plan Rows": 447470, "Plan Width": 45, "Actual Startup Time": 2773.563, "Actual Total Time": 2946.484, "Actual Rows": 3, "Actual Loops": 1, "Inner Unique": true, "Hash Cond": "(mc.company_type_id = ct.id), (LLVM Optimized, Jit Execute)", "Plans": [{"Node Type": "Hash Join", "Parent Relationship": "Outer", "Join Type": "Inner", "Startup Cost": 119099.58, "Total Cost": 186749.22, "Plan Rows": 549199, "Plan Width": 49, "Actual Startup Time": 2098.009, "Actual Total Time": 2946.235, "Actual Rows": 66, "Actual Loops": 1, "Inner Unique": false, "Hash Cond": "(mc.movie_id = t.id), (LLVM Optimized, Jit Execute)", "Plans": [{"Node Type": "Seq Scan", "Parent Relationship": "Outer", "Relation Name": "movie_companies", "Alias": "mc", "Startup Cost": 0.0, "Total Cost": 48340.1, "Plan Rows": 2609035, "Plan Width": 32, "Actual Startup Time": 0.028, "Actual Total Time": 909.108, "Actual Rows": 1337087, "Actual Loops": 1, "Filter": "((note)::text !~~ '%(as Metro-Goldwyn-Mayer Pictures)%'::text), (LLVM Optimized, Jit Execute)", "Rows Removed by Filter": 1272041}, {"Node Type": "Hash", "Parent Relationship": "Inner", "Startup Cost": 114144.53, "Total Cost": 114144.53, "Plan Rows": 396404, "Plan Width": 29, "Actual Startup Time": 1767.491, "Actual Total Time": 1767.491, "Actual Rows": 4, "Actual Loops": 1, "Hash Buckets": 524288, "Hash Batches": 1, "Original Hash Batches": 1, "Peak Memory Usage": 1, "Plans": [{"Node Type": "Hash Join", "Parent Relationship": "Outer", "Join Type": "Inner", "Startup Cost": 81703.58, "Total Cost": 114144.53, "Plan Rows": 396404, "Plan Width": 29, "Actual Startup Time": 1767.441, "Actual Total Time": 1767.482, "Actual Rows": 4, "Actual Loops": 1, "Inner Unique": true, "Hash Cond": "(mi_idx.movie_id = t.id), (LLVM Optimized, Jit Execute)", "Plans": [{"Node Type": "Hash Join", "Parent Relationship": "Outer", "Join Type": "Inner", "Startup Cost": 2.41, "Total Cost": 27185.54, "Plan Rows": 345008, "Plan Width": 4, "Actual Startup Time": 530.475, "Actual Total Time": 530.49, "Actual Rows": 10, "Actual Loops": 1, "Inner Unique": true, "Hash Cond": "(mi_idx.info_type_id = it.id), (LLVM Optimized, Jit Execute)", "Plans": [{"Node Type": "Seq Scan", "Parent Relationship": "Outer", "Relation Name": "movie_info_idx", "Alias": "mi_idx", "Startup Cost": 0.0, "Total Cost": 20274.34, "Plan Rows": 1380034, "Plan Width": 8, "Actual Startup Time": 0.033, "Actual Total Time": 298.78, "Actual Rows": 1380034, "Actual Loops": 1}, {"Node Type": "Hash", "Parent Relationship": "Inner", "Startup Cost": 2.4, "Total Cost": 2.4, "Plan Rows": 1, "Plan Width": 4, "Actual Startup Time": 0.047, "Actual Total Time": 0.047, "Actual Rows": 1, "Actual Loops": 1, "Hash Buckets": 32768, "Hash Batches": 1, "Original Hash Batches": 1, "Peak Memory Usage": 1, "Plans": [{"Node Type": "Seq Scan", "Parent Relationship": "Outer", "Relation Name": "info_type", "Alias": "it", "Startup Cost": 0.0, "Total Cost": 2.4, "Plan Rows": 1, "Plan Width": 4, "Actual Startup Time": 0.043, "Actual Total Time": 0.044, "Actual Rows": 1, "Actual Loops": 1, "Filter": "((info)::text = 'bottom 10 rank'::text)", "Rows Removed by Filter": 111}]}]}, {"Node Type": "Hash", "Parent Relationship": "Inner", "Startup Cost": 72710.67, "Total Cost": 72710.67, "Plan Rows": 719240, "Plan Width": 25, "Actual Startup Time": 1236.258, "Actual Total Time": 1236.258, "Actual Rows": 716259, "Actual Loops": 1, "Hash Buckets": 1048576, "Hash Batches": 1, "Original Hash Batches": 1, "Peak Memory Usage": 41052, "Plans": [{"Node Type": "Seq Scan", "Parent Relationship": "Outer", "Relation Name": "title", "Alias": "t", "Startup Cost": 2083.5, "Total Cost": 72710.67, "Plan Rows": 719240, "Plan Width": 25, "Actual Startup Time": 0.032, "Actual Total Time": 894.577, "Actual Rows": 716259, "Actual Loops": 1, "Filter": "((production_year >= 2005) AND (production_year <= 2010)), (LLVM Optimized, Jit Execute)", "Rows Removed by Filter": 1812052}]}]}]}]}, {"Node Type": "Hash", "Parent Relationship": "Inner", "Startup Cost": 1.04, "Total Cost": 1.04, "Plan Rows": 1, "Plan Width": 4, "Actual Startup Time": 0.049, "Actual Total Time": 0.049, "Actual Rows": 1, "Actual Loops": 1, "Hash Buckets": 32768, "Hash Batches": 1, "Original Hash Batches": 1, "Peak Memory Usage": 1, "Plans": [{"Node Type": "Seq Scan", "Parent Relationship": "Outer", "Relation Name": "company_type", "Alias": "ct", "Startup Cost": 0.0, "Total Cost": 1.04, "Plan Rows": 1, "Plan Width": 4, "Actual Startup Time": 0.029, "Actual Total Time": 0.032, "Actual Rows": 1, "Actual Loops": 1, "Filter": "((kind)::text = 'production companies'::text)", "Rows Removed by Filter": 2}]}]}]}, "Triggers": [], "Planner Runtime": 10.864, "Total Runtime": 2957.448, "Unique SQL Id": 1162488282}}, "(1, '75')": {"explain_plan": {"Plan": {"Node Type": "Aggregate", "Strategy": "Plain", "Startup Cost": 4997227341960.98, "Total Cost": 4997227341960.99, "Plan Rows": 1, "Plan Width": 113, "Plans": [{"Node Type": "Hash Join", "Parent Relationship": "Outer", "Join Type": "Inner", "Startup Cost": 2030027765187.18, "Total Cost": 4997227338604.96, "Plan Rows": 447470, "Plan Width": 45, "Inner Unique": true, "Hash Cond": "(mc.company_type_id = ct.id), (LLVM Optimized)", "Plans": [{"Node Type": "Hash Join", "Parent Relationship": "Outer", "Join Type": "Inner", "Startup Cost": 1030027763956.92, "Total Cost": 3997227332905.19, "Plan Rows": 549199, "Plan Width": 49, "Inner Unique": true, "Hash Cond": "(mi_idx.info_type_id = it.id), (LLVM Optimized)", "Plans": [{"Node Type": "Merge Join", "Parent Relationship": "Outer", "Join Type": "Inner", "Startup Cost": 30027762535.91, "Total Cost": 2997227320486.44, "Plan Rows": 2196800, "Plan Width": 53, "Inner Unique": false, "Merge Cond": "(mi_idx.movie_id = t.id)", "Plans": [{"Node Type": "Index Scan", "Parent Relationship": "Outer", "Scan Direction": "Forward", "Index Name": "movie_id_movie_info_idx", "Relation Name": "movie_info_idx", "Alias": "mi_idx", "Startup Cost": 10000000000.0, "Total Cost": 1000004650035.37, "Plan Rows": 1380034, "Plan Width": 8}, {"Node Type": "Materialize", "Parent Relationship": "Inner", "Startup Cost": 20022023519.89, "Total Cost": 1999077622532.18, "Plan Rows": 1728348, "Plan Width": 57, "Plans": [{"Node Type": "Merge Join", "Parent Relationship": "Outer", "Join Type": "Inner", "Startup Cost": 20022023519.89, "Total Cost": 1999077618211.31, "Plan Rows": 1728348, "Plan Width": 57, "Inner Unique": false, "Merge Cond": "(t.id = mc.movie_id)", "Plans": [{"Node Type": "Index Scan", "Parent Relationship": "Outer", "Scan Direction": "Forward", "Index Name": "title_pkey", "Relation Name": "title", "Alias": "t", "Startup Cost": 10000000000.0, "Total Cost": 1000012276204.41, "Plan Rows": 719240, "Plan Width": 25, "Filter": "((production_year >= 2005) AND (production_year <= 2010)), (LLVM Optimized)"}, {"Node Type": "Index Scan", "Parent Relationship": "Inner", "Scan Direction": "Forward", "Index Name": "movie_id_movie_companies", "Relation Name": "movie_companies", "Alias": "mc", "Startup Cost": 10000000000.0, "Total Cost": 1000013704228.13, "Plan Rows": 2609035, "Plan Width": 32, "Filter": "((note)::text !~~ '%(as Metro-Goldwyn-Mayer Pictures)%'::text), (LLVM Optimized)"}]}]}]}, {"Node Type": "Hash", "Parent Relationship": "Inner", "Startup Cost": 1000000001421.0, "Total Cost": 1000000001421.0, "Plan Rows": 1, "Plan Width": 4, "Plans": [{"Node Type": "Index Scan", "Parent Relationship": "Outer", "Scan Direction": "Forward", "Index Name": "info_type_pkey", "Relation Name": "info_type", "Alias": "it", "Startup Cost": 10000000000.0, "Total Cost": 1000000001421.0, "Plan Rows": 1, "Plan Width": 4, "Filter": "((info)::text = 'bottom 10 rank'::text)"}]}]}, {"Node Type": "Hash", "Parent Relationship": "Inner", "Startup Cost": 1000000001230.25, "Total Cost": 1000000001230.25, "Plan Rows": 1, "Plan Width": 4, "Plans": [{"Node Type": "Index Scan", "Parent Relationship": "Outer", "Scan Direction": "Forward", "Index Name": "company_type_pkey", "Relation Name": "company_type", "Alias": "ct", "Startup Cost": 10000000000.0, "Total Cost": 1000000001230.25, "Plan Rows": 1, "Plan Width": 4, "Filter": "((kind)::text = 'production companies'::text)"}]}]}]}, "Unique SQL Id": 1162488282, "Planner Runtime": 12}, "explain_analyze_plan": null}, "(1, '76')": {"explain_plan": {"Plan": {"Node Type": "Aggregate", "Strategy": "Plain", "Startup Cost": 194575.8, "Total Cost": 194575.81, "Plan Rows": 1, "Plan Width": 113, "Plans": [{"Node Type": "Hash Join", "Parent Relationship": "Outer", "Join Type": "Inner", "Startup Cost": 119100.63, "Total Cost": 191219.77, "Plan Rows": 447470, "Plan Width": 45, "Inner Unique": true, "Hash Cond": "(mc.company_type_id = ct.id), (LLVM Optimized)", "Plans": [{"Node Type": "Hash Join", "Parent Relationship": "Outer", "Join Type": "Inner", "Startup Cost": 119099.58, "Total Cost": 186749.22, "Plan Rows": 549199, "Plan Width": 49, "Inner Unique": false, "Hash Cond": "(mc.movie_id = t.id), (LLVM Optimized)", "Plans": [{"Node Type": "Seq Scan", "Parent Relationship": "Outer", "Relation Name": "movie_companies", "Alias": "mc", "Startup Cost": 0.0, "Total Cost": 48340.1, "Plan Rows": 2609035, "Plan Width": 32, "Filter": "((note)::text !~~ '%(as Metro-Goldwyn-Mayer Pictures)%'::text), (LLVM Optimized)"}, {"Node Type": "Hash", "Parent Relationship": "Inner", "Startup Cost": 114144.53, "Total Cost": 114144.53, "Plan Rows": 396404, "Plan Width": 29, "Plans": [{"Node Type": "Hash Join", "Parent Relationship": "Outer", "Join Type": "Inner", "Startup Cost": 81703.58, "Total Cost": 114144.53, "Plan Rows": 396404, "Plan Width": 29, "Inner Unique": true, "Hash Cond": "(mi_idx.movie_id = t.id), (LLVM Optimized)", "Plans": [{"Node Type": "Hash Join", "Parent Relationship": "Outer", "Join Type": "Inner", "Startup Cost": 2.41, "Total Cost": 27185.54, "Plan Rows": 345008, "Plan Width": 4, "Inner Unique": true, "Hash Cond": "(mi_idx.info_type_id = it.id), (LLVM Optimized)", "Plans": [{"Node Type": "Seq Scan", "Parent Relationship": "Outer", "Relation Name": "movie_info_idx", "Alias": "mi_idx", "Startup Cost": 0.0, "Total Cost": 20274.34, "Plan Rows": 1380034, "Plan Width": 8}, {"Node Type": "Hash", "Parent Relationship": "Inner", "Startup Cost": 2.4, "Total Cost": 2.4, "Plan Rows": 1, "Plan Width": 4, "Plans": [{"Node Type": "Seq Scan", "Parent Relationship": "Outer", "Relation Name": "info_type", "Alias": "it", "Startup Cost": 0.0, "Total Cost": 2.4, "Plan Rows": 1, "Plan Width": 4, "Filter": "((info)::text = 'bottom 10 rank'::text)"}]}]}, {"Node Type": "Hash", "Parent Relationship": "Inner", "Startup Cost": 72710.67, "Total Cost": 72710.67, "Plan Rows": 719240, "Plan Width": 25, "Plans": [{"Node Type": "Seq Scan", "Parent Relationship": "Outer", "Relation Name": "title", "Alias": "t", "Startup Cost": 2083.5, "Total Cost": 72710.67, "Plan Rows": 719240, "Plan Width": 25, "Filter": "((production_year >= 2005) AND (production_year <= 2010)), (LLVM Optimized)"}]}]}]}]}, {"Node Type": "Hash", "Parent Relationship": "Inner", "Startup Cost": 1.04, "Total Cost": 1.04, "Plan Rows": 1, "Plan Width": 4, "Plans": [{"Node Type": "Seq Scan", "Parent Relationship": "Outer", "Relation Name": "company_type", "Alias": "ct", "Startup Cost": 0.0, "Total Cost": 1.04, "Plan Rows": 1, "Plan Width": 4, "Filter": "((kind)::text = 'production companies'::text)"}]}]}]}, "Unique SQL Id": 1162488282, "Planner Runtime": 12}, "explain_analyze_plan": {"Plan": {"Node Type": "Aggregate", "Strategy": "Plain", "Startup Cost": 194575.8, "Total Cost": 194575.81, "Plan Rows": 1, "Plan Width": 113, "Actual Startup Time": 2946.517, "Actual Total Time": 2946.518, "Actual Rows": 1, "Actual Loops": 1, "Plans": [{"Node Type": "Hash Join", "Parent Relationship": "Outer", "Join Type": "Inner", "Startup Cost": 119100.63, "Total Cost": 191219.77, "Plan Rows": 447470, "Plan Width": 45, "Actual Startup Time": 2773.563, "Actual Total Time": 2946.484, "Actual Rows": 3, "Actual Loops": 1, "Inner Unique": true, "Hash Cond": "(mc.company_type_id = ct.id), (LLVM Optimized, Jit Execute)", "Plans": [{"Node Type": "Hash Join", "Parent Relationship": "Outer", "Join Type": "Inner", "Startup Cost": 119099.58, "Total Cost": 186749.22, "Plan Rows": 549199, "Plan Width": 49, "Actual Startup Time": 2098.009, "Actual Total Time": 2946.235, "Actual Rows": 66, "Actual Loops": 1, "Inner Unique": false, "Hash Cond": "(mc.movie_id = t.id), (LLVM Optimized, Jit Execute)", "Plans": [{"Node Type": "Seq Scan", "Parent Relationship": "Outer", "Relation Name": "movie_companies", "Alias": "mc", "Startup Cost": 0.0, "Total Cost": 48340.1, "Plan Rows": 2609035, "Plan Width": 32, "Actual Startup Time": 0.028, "Actual Total Time": 909.108, "Actual Rows": 1337087, "Actual Loops": 1, "Filter": "((note)::text !~~ '%(as Metro-Goldwyn-Mayer Pictures)%'::text), (LLVM Optimized, Jit Execute)", "Rows Removed by Filter": 1272041}, {"Node Type": "Hash", "Parent Relationship": "Inner", "Startup Cost": 114144.53, "Total Cost": 114144.53, "Plan Rows": 396404, "Plan Width": 29, "Actual Startup Time": 1767.491, "Actual Total Time": 1767.491, "Actual Rows": 4, "Actual Loops": 1, "Hash Buckets": 524288, "Hash Batches": 1, "Original Hash Batches": 1, "Peak Memory Usage": 1, "Plans": [{"Node Type": "Hash Join", "Parent Relationship": "Outer", "Join Type": "Inner", "Startup Cost": 81703.58, "Total Cost": 114144.53, "Plan Rows": 396404, "Plan Width": 29, "Actual Startup Time": 1767.441, "Actual Total Time": 1767.482, "Actual Rows": 4, "Actual Loops": 1, "Inner Unique": true, "Hash Cond": "(mi_idx.movie_id = t.id), (LLVM Optimized, Jit Execute)", "Plans": [{"Node Type": "Hash Join", "Parent Relationship": "Outer", "Join Type": "Inner", "Startup Cost": 2.41, "Total Cost": 27185.54, "Plan Rows": 345008, "Plan Width": 4, "Actual Startup Time": 530.475, "Actual Total Time": 530.49, "Actual Rows": 10, "Actual Loops": 1, "Inner Unique": true, "Hash Cond": "(mi_idx.info_type_id = it.id), (LLVM Optimized, Jit Execute)", "Plans": [{"Node Type": "Seq Scan", "Parent Relationship": "Outer", "Relation Name": "movie_info_idx", "Alias": "mi_idx", "Startup Cost": 0.0, "Total Cost": 20274.34, "Plan Rows": 1380034, "Plan Width": 8, "Actual Startup Time": 0.033, "Actual Total Time": 298.78, "Actual Rows": 1380034, "Actual Loops": 1}, {"Node Type": "Hash", "Parent Relationship": "Inner", "Startup Cost": 2.4, "Total Cost": 2.4, "Plan Rows": 1, "Plan Width": 4, "Actual Startup Time": 0.047, "Actual Total Time": 0.047, "Actual Rows": 1, "Actual Loops": 1, "Hash Buckets": 32768, "Hash Batches": 1, "Original Hash Batches": 1, "Peak Memory Usage": 1, "Plans": [{"Node Type": "Seq Scan", "Parent Relationship": "Outer", "Relation Name": "info_type", "Alias": "it", "Startup Cost": 0.0, "Total Cost": 2.4, "Plan Rows": 1, "Plan Width": 4, "Actual Startup Time": 0.043, "Actual Total Time": 0.044, "Actual Rows": 1, "Actual Loops": 1, "Filter": "((info)::text = 'bottom 10 rank'::text)", "Rows Removed by Filter": 111}]}]}, {"Node Type": "Hash", "Parent Relationship": "Inner", "Startup Cost": 72710.67, "Total Cost": 72710.67, "Plan Rows": 719240, "Plan Width": 25, "Actual Startup Time": 1236.258, "Actual Total Time": 1236.258, "Actual Rows": 716259, "Actual Loops": 1, "Hash Buckets": 1048576, "Hash Batches": 1, "Original Hash Batches": 1, "Peak Memory Usage": 41052, "Plans": [{"Node Type": "Seq Scan", "Parent Relationship": "Outer", "Relation Name": "title", "Alias": "t", "Startup Cost": 2083.5, "Total Cost": 72710.67, "Plan Rows": 719240, "Plan Width": 25, "Actual Startup Time": 0.032, "Actual Total Time": 894.577, "Actual Rows": 716259, "Actual Loops": 1, "Filter": "((production_year >= 2005) AND (production_year <= 2010)), (LLVM Optimized, Jit Execute)", "Rows Removed by Filter": 1812052}]}]}]}]}, {"Node Type": "Hash", "Parent Relationship": "Inner", "Startup Cost": 1.04, "Total Cost": 1.04, "Plan Rows": 1, "Plan Width": 4, "Actual Startup Time": 0.049, "Actual Total Time": 0.049, "Actual Rows": 1, "Actual Loops": 1, "Hash Buckets": 32768, "Hash Batches": 1, "Original Hash Batches": 1, "Peak Memory Usage": 1, "Plans": [{"Node Type": "Seq Scan", "Parent Relationship": "Outer", "Relation Name": "company_type", "Alias": "ct", "Startup Cost": 0.0, "Total Cost": 1.04, "Plan Rows": 1, "Plan Width": 4, "Actual Startup Time": 0.029, "Actual Total Time": 0.032, "Actual Rows": 1, "Actual Loops": 1, "Filter": "((kind)::text = 'production companies'::text)", "Rows Removed by Filter": 2}]}]}]}, "Triggers": [], "Planner Runtime": 10.864, "Total Runtime": 2957.448, "Unique SQL Id": 1162488282}}, "(1, '77')": {"explain_plan": {"Plan": {"Node Type": "Aggregate", "Strategy": "Plain", "Startup Cost": 264407.24, "Total Cost": 264407.25, "Plan Rows": 1, "Plan Width": 113, "Plans": [{"Node Type": "Hash Join", "Parent Relationship": "Outer", "Join Type": "Inner", "Startup Cost": 180303.61, "Total Cost": 261051.22, "Plan Rows": 447470, "Plan Width": 45, "Inner Unique": false, "Hash Cond": "(mc.movie_id = t.id), (LLVM Optimized)", "Plans": [{"Node Type": "Nested Loop", "Parent Relationship": "Outer", "Join Type": "Inner", "Startup Cost": 0.0, "Total Cost": 69436.41, "Plan Rows": 1304518, "Plan Width": 28, "Inner Unique": false, "Plans": [{"Node Type": "Index Scan", "Parent Relationship": "Outer", "Scan Direction": "Forward", "Index Name": "company_type_pkey", "Relation Name": "company_type", "Alias": "ct", "Startup Cost": 0.0, "Total Cost": 12.3, "Plan Rows": 1, "Plan Width": 4, "Filter": "((kind)::text = 'production companies'::text)"}, {"Node Type": "Index Scan", "Parent Relationship": "Inner", "Scan Direction": "Forward", "Index Name": "company_type_id_movie_companies", "Relation Name": "movie_companies", "Alias": "mc", "Startup Cost": 0.0, "Total Cost": 56378.94, "Plan Rows": 1304517, "Plan Width": 32, "Index Cond": "(company_type_id = ct.id), (LLVM Optimized)", "Filter": "((note)::text !~~ '%(as Metro-Goldwyn-Mayer Pictures)%'::text), (LLVM Optimized)"}]}, {"Node Type": "Hash", "Parent Relationship": "Inner", "Startup Cost": 175348.56, "Total Cost": 175348.56, "Plan Rows": 396404, "Plan Width": 29, "Plans": [{"Node Type": "Hash Join", "Parent Relationship": "Outer", "Join Type": "Inner", "Startup Cost": 131752.54, "Total Cost": 175348.56, "Plan Rows": 396404, "Plan Width": 29, "Inner Unique": true, "Hash Cond": "(mi_idx.movie_id = t.id), (LLVM Optimized)", "Plans": [{"Node Type": "Nested Loop", "Parent Relationship": "Outer", "Join Type": "Inner", "Startup Cost": 0.0, "Total Cost": 38338.2, "Plan Rows": 345008, "Plan Width": 4, "Inner Unique": false, "Plans": [{"Node Type": "Index Scan", "Parent Relationship": "Outer", "Scan Direction": "Forward", "Index Name": "info_type_pkey", "Relation Name": "info_type", "Alias": "it", "Startup Cost": 0.0, "Total Cost": 14.21, "Plan Rows": 1, "Plan Width": 4, "Filter": "((info)::text = 'bottom 10 rank'::text)"}, {"Node Type": "Index Scan", "Parent Relationship": "Inner", "Scan Direction": "Forward", "Index Name": "info_type_id_movie_info_idx", "Relation Name": "movie_info_idx", "Alias": "mi_idx", "Startup Cost": 0.0, "Total Cost": 34873.91, "Plan Rows": 345008, "Plan Width": 8, "Index Cond": "(info_type_id = it.id), (LLVM Optimized)"}]}, {"Node Type": "Hash", "Parent Relationship": "Inner", "Startup Cost": 122762.04, "Total Cost": 122762.04, "Plan Rows": 719240, "Plan Width": 25, "Plans": [{"Node Type": "Index Scan", "Parent Relationship": "Outer", "Scan Direction": "Forward", "Index Name": "title_pkey", "Relation Name": "title", "Alias": "t", "Startup Cost": 0.0, "Total Cost": 122762.04, "Plan Rows": 719240, "Plan Width": 25, "Filter": "((production_year >= 2005) AND (production_year <= 2010)), (LLVM Optimized)"}]}]}]}]}]}, "Unique SQL Id": 1162488282, "Planner Runtime": 10}, "explain_analyze_plan": {"Plan": {"Node Type": "Aggregate", "Strategy": "Plain", "Startup Cost": 264407.24, "Total Cost": 264407.25, "Plan Rows": 1, "Plan Width": 113, "Actual Startup Time": 4199.008, "Actual Total Time": 4199.009, "Actual Rows": 1, "Actual Loops": 1, "Plans": [{"Node Type": "Hash Join", "Parent Relationship": "Outer", "Join Type": "Inner", "Startup Cost": 180303.61, "Total Cost": 261051.22, "Plan Rows": 447470, "Plan Width": 45, "Actual Startup Time": 3870.665, "Actual Total Time": 4198.914, "Actual Rows": 3, "Actual Loops": 1, "Inner Unique": false, "Hash Cond": "(mc.movie_id = t.id), (LLVM Optimized, Jit Execute)", "Plans": [{"Node Type": "Nested Loop", "Parent Relationship": "Outer", "Join Type": "Inner", "Startup Cost": 0.0, "Total Cost": 69436.41, "Plan Rows": 1304518, "Plan Width": 28, "Actual Startup Time": 0.117, "Actual Total Time": 639.905, "Actual Rows": 140904, "Actual Loops": 1, "Inner Unique": false, "Plans": [{"Node Type": "Index Scan", "Parent Relationship": "Outer", "Scan Direction": "Forward", "Index Name": "company_type_pkey", "Relation Name": "company_type", "Alias": "ct", "Startup Cost": 0.0, "Total Cost": 12.3, "Plan Rows": 1, "Plan Width": 4, "Actual Startup Time": 0.029, "Actual Total Time": 0.047, "Actual Rows": 1, "Actual Loops": 1, "Filter": "((kind)::text = 'production companies'::text)", "Rows Removed by Filter": 2}, {"Node Type": "Index Scan", "Parent Relationship": "Inner", "Scan Direction": "Forward", "Index Name": "company_type_id_movie_companies", "Relation Name": "movie_companies", "Alias": "mc", "Startup Cost": 0.0, "Total Cost": 56378.94, "Plan Rows": 1304517, "Plan Width": 32, "Actual Startup Time": 0.081, "Actual Total Time": 611.349, "Actual Rows": 140904, "Actual Loops": 1, "Index Cond": "(company_type_id = ct.id), (LLVM Optimized, Jit Execute)", "Rows Removed by Index Recheck": 0, "Filter": "((note)::text !~~ '%(as Metro-Goldwyn-Mayer Pictures)%'::text), (LLVM Optimized, Jit Execute)", "Rows Removed by Filter": 1193979}]}, {"Node Type": "Hash", "Parent Relationship": "Inner", "Startup Cost": 175348.56, "Total Cost": 175348.56, "Plan Rows": 396404, "Plan Width": 29, "Actual Startup Time": 3530.006, "Actual Total Time": 3530.006, "Actual Rows": 4, "Actual Loops": 1, "Hash Buckets": 524288, "Hash Batches": 1, "Original Hash Batches": 1, "Peak Memory Usage": 1, "Plans": [{"Node Type": "Hash Join", "Parent Relationship": "Outer", "Join Type": "Inner", "Startup Cost": 131752.54, "Total Cost": 175348.56, "Plan Rows": 396404, "Plan Width": 29, "Actual Startup Time": 3529.966, "Actual Total Time": 3529.981, "Actual Rows": 4, "Actual Loops": 1, "Inner Unique": true, "Hash Cond": "(mi_idx.movie_id = t.id), (LLVM Optimized, Jit Execute)", "Plans": [{"Node Type": "Nested Loop", "Parent Relationship": "Outer", "Join Type": "Inner", "Startup Cost": 0.0, "Total Cost": 38338.2, "Plan Rows": 345008, "Plan Width": 4, "Actual Startup Time": 0.073, "Actual Total Time": 0.11, "Actual Rows": 10, "Actual Loops": 1, "Inner Unique": false, "Plans": [{"Node Type": "Index Scan", "Parent Relationship": "Outer", "Scan Direction": "Forward", "Index Name": "info_type_pkey", "Relation Name": "info_type", "Alias": "it", "Startup Cost": 0.0, "Total Cost": 14.21, "Plan Rows": 1, "Plan Width": 4, "Actual Startup Time": 0.06, "Actual Total Time": 0.064, "Actual Rows": 1, "Actual Loops": 1, "Filter": "((info)::text = 'bottom 10 rank'::text)", "Rows Removed by Filter": 111}, {"Node Type": "Index Scan", "Parent Relationship": "Inner", "Scan Direction": "Forward", "Index Name": "info_type_id_movie_info_idx", "Relation Name": "movie_info_idx", "Alias": "mi_idx", "Startup Cost": 0.0, "Total Cost": 34873.91, "Plan Rows": 345008, "Plan Width": 8, "Actual Startup Time": 0.01, "Actual Total Time": 0.034, "Actual Rows": 10, "Actual Loops": 1, "Index Cond": "(info_type_id = it.id), (LLVM Optimized, Jit Execute)", "Rows Removed by Index Recheck": 0}]}, {"Node Type": "Hash", "Parent Relationship": "Inner", "Startup Cost": 122762.04, "Total Cost": 122762.04, "Plan Rows": 719240, "Plan Width": 25, "Actual Startup Time": 3529.154, "Actual Total Time": 3529.154, "Actual Rows": 716259, "Actual Loops": 1, "Hash Buckets": 1048576, "Hash Batches": 1, "Original Hash Batches": 1, "Peak Memory Usage": 41052, "Plans": [{"Node Type": "Index Scan", "Parent Relationship": "Outer", "Scan Direction": "Forward", "Index Name": "title_pkey", "Relation Name": "title", "Alias": "t", "Startup Cost": 0.0, "Total Cost": 122762.04, "Plan Rows": 719240, "Plan Width": 25, "Actual Startup Time": 0.029, "Actual Total Time": 3198.546, "Actual Rows": 716259, "Actual Loops": 1, "Filter": "((production_year >= 2005) AND (production_year <= 2010)), (LLVM Optimized, Jit Execute)", "Rows Removed by Filter": 1812052}]}]}]}]}]}, "Triggers": [], "Planner Runtime": 9.249, "Total Runtime": 4211.085, "Unique SQL Id": 1162488282}}, "(1, '78')": {"explain_plan": {"Plan": {"Node Type": "Aggregate", "Strategy": "Plain", "Startup Cost": 194575.8, "Total Cost": 194575.81, "Plan Rows": 1, "Plan Width": 113, "Plans": [{"Node Type": "Hash Join", "Parent Relationship": "Outer", "Join Type": "Inner", "Startup Cost": 119100.63, "Total Cost": 191219.77, "Plan Rows": 447470, "Plan Width": 45, "Inner Unique": true, "Hash Cond": "(mc.company_type_id = ct.id), (LLVM Optimized)", "Plans": [{"Node Type": "Hash Join", "Parent Relationship": "Outer", "Join Type": "Inner", "Startup Cost": 119099.58, "Total Cost": 186749.22, "Plan Rows": 549199, "Plan Width": 49, "Inner Unique": false, "Hash Cond": "(mc.movie_id = t.id), (LLVM Optimized)", "Plans": [{"Node Type": "Seq Scan", "Parent Relationship": "Outer", "Relation Name": "movie_companies", "Alias": "mc", "Startup Cost": 0.0, "Total Cost": 48340.1, "Plan Rows": 2609035, "Plan Width": 32, "Filter": "((note)::text !~~ '%(as Metro-Goldwyn-Mayer Pictures)%'::text), (LLVM Optimized)"}, {"Node Type": "Hash", "Parent Relationship": "Inner", "Startup Cost": 114144.53, "Total Cost": 114144.53, "Plan Rows": 396404, "Plan Width": 29, "Plans": [{"Node Type": "Hash Join", "Parent Relationship": "Outer", "Join Type": "Inner", "Startup Cost": 81703.58, "Total Cost": 114144.53, "Plan Rows": 396404, "Plan Width": 29, "Inner Unique": true, "Hash Cond": "(mi_idx.movie_id = t.id), (LLVM Optimized)", "Plans": [{"Node Type": "Hash Join", "Parent Relationship": "Outer", "Join Type": "Inner", "Startup Cost": 2.41, "Total Cost": 27185.54, "Plan Rows": 345008, "Plan Width": 4, "Inner Unique": true, "Hash Cond": "(mi_idx.info_type_id = it.id), (LLVM Optimized)", "Plans": [{"Node Type": "Seq Scan", "Parent Relationship": "Outer", "Relation Name": "movie_info_idx", "Alias": "mi_idx", "Startup Cost": 0.0, "Total Cost": 20274.34, "Plan Rows": 1380034, "Plan Width": 8}, {"Node Type": "Hash", "Parent Relationship": "Inner", "Startup Cost": 2.4, "Total Cost": 2.4, "Plan Rows": 1, "Plan Width": 4, "Plans": [{"Node Type": "Seq Scan", "Parent Relationship": "Outer", "Relation Name": "info_type", "Alias": "it", "Startup Cost": 0.0, "Total Cost": 2.4, "Plan Rows": 1, "Plan Width": 4, "Filter": "((info)::text = 'bottom 10 rank'::text)"}]}]}, {"Node Type": "Hash", "Parent Relationship": "Inner", "Startup Cost": 72710.67, "Total Cost": 72710.67, "Plan Rows": 719240, "Plan Width": 25, "Plans": [{"Node Type": "Seq Scan", "Parent Relationship": "Outer", "Relation Name": "title", "Alias": "t", "Startup Cost": 2083.5, "Total Cost": 72710.67, "Plan Rows": 719240, "Plan Width": 25, "Filter": "((production_year >= 2005) AND (production_year <= 2010)), (LLVM Optimized)"}]}]}]}]}, {"Node Type": "Hash", "Parent Relationship": "Inner", "Startup Cost": 1.04, "Total Cost": 1.04, "Plan Rows": 1, "Plan Width": 4, "Plans": [{"Node Type": "Seq Scan", "Parent Relationship": "Outer", "Relation Name": "company_type", "Alias": "ct", "Startup Cost": 0.0, "Total Cost": 1.04, "Plan Rows": 1, "Plan Width": 4, "Filter": "((kind)::text = 'production companies'::text)"}]}]}]}, "Unique SQL Id": 1162488282, "Planner Runtime": 8}, "explain_analyze_plan": {"Plan": {"Node Type": "Aggregate", "Strategy": "Plain", "Startup Cost": 194575.8, "Total Cost": 194575.81, "Plan Rows": 1, "Plan Width": 113, "Actual Startup Time": 2946.517, "Actual Total Time": 2946.518, "Actual Rows": 1, "Actual Loops": 1, "Plans": [{"Node Type": "Hash Join", "Parent Relationship": "Outer", "Join Type": "Inner", "Startup Cost": 119100.63, "Total Cost": 191219.77, "Plan Rows": 447470, "Plan Width": 45, "Actual Startup Time": 2773.563, "Actual Total Time": 2946.484, "Actual Rows": 3, "Actual Loops": 1, "Inner Unique": true, "Hash Cond": "(mc.company_type_id = ct.id), (LLVM Optimized, Jit Execute)", "Plans": [{"Node Type": "Hash Join", "Parent Relationship": "Outer", "Join Type": "Inner", "Startup Cost": 119099.58, "Total Cost": 186749.22, "Plan Rows": 549199, "Plan Width": 49, "Actual Startup Time": 2098.009, "Actual Total Time": 2946.235, "Actual Rows": 66, "Actual Loops": 1, "Inner Unique": false, "Hash Cond": "(mc.movie_id = t.id), (LLVM Optimized, Jit Execute)", "Plans": [{"Node Type": "Seq Scan", "Parent Relationship": "Outer", "Relation Name": "movie_companies", "Alias": "mc", "Startup Cost": 0.0, "Total Cost": 48340.1, "Plan Rows": 2609035, "Plan Width": 32, "Actual Startup Time": 0.028, "Actual Total Time": 909.108, "Actual Rows": 1337087, "Actual Loops": 1, "Filter": "((note)::text !~~ '%(as Metro-Goldwyn-Mayer Pictures)%'::text), (LLVM Optimized, Jit Execute)", "Rows Removed by Filter": 1272041}, {"Node Type": "Hash", "Parent Relationship": "Inner", "Startup Cost": 114144.53, "Total Cost": 114144.53, "Plan Rows": 396404, "Plan Width": 29, "Actual Startup Time": 1767.491, "Actual Total Time": 1767.491, "Actual Rows": 4, "Actual Loops": 1, "Hash Buckets": 524288, "Hash Batches": 1, "Original Hash Batches": 1, "Peak Memory Usage": 1, "Plans": [{"Node Type": "Hash Join", "Parent Relationship": "Outer", "Join Type": "Inner", "Startup Cost": 81703.58, "Total Cost": 114144.53, "Plan Rows": 396404, "Plan Width": 29, "Actual Startup Time": 1767.441, "Actual Total Time": 1767.482, "Actual Rows": 4, "Actual Loops": 1, "Inner Unique": true, "Hash Cond": "(mi_idx.movie_id = t.id), (LLVM Optimized, Jit Execute)", "Plans": [{"Node Type": "Hash Join", "Parent Relationship": "Outer", "Join Type": "Inner", "Startup Cost": 2.41, "Total Cost": 27185.54, "Plan Rows": 345008, "Plan Width": 4, "Actual Startup Time": 530.475, "Actual Total Time": 530.49, "Actual Rows": 10, "Actual Loops": 1, "Inner Unique": true, "Hash Cond": "(mi_idx.info_type_id = it.id), (LLVM Optimized, Jit Execute)", "Plans": [{"Node Type": "Seq Scan", "Parent Relationship": "Outer", "Relation Name": "movie_info_idx", "Alias": "mi_idx", "Startup Cost": 0.0, "Total Cost": 20274.34, "Plan Rows": 1380034, "Plan Width": 8, "Actual Startup Time": 0.033, "Actual Total Time": 298.78, "Actual Rows": 1380034, "Actual Loops": 1}, {"Node Type": "Hash", "Parent Relationship": "Inner", "Startup Cost": 2.4, "Total Cost": 2.4, "Plan Rows": 1, "Plan Width": 4, "Actual Startup Time": 0.047, "Actual Total Time": 0.047, "Actual Rows": 1, "Actual Loops": 1, "Hash Buckets": 32768, "Hash Batches": 1, "Original Hash Batches": 1, "Peak Memory Usage": 1, "Plans": [{"Node Type": "Seq Scan", "Parent Relationship": "Outer", "Relation Name": "info_type", "Alias": "it", "Startup Cost": 0.0, "Total Cost": 2.4, "Plan Rows": 1, "Plan Width": 4, "Actual Startup Time": 0.043, "Actual Total Time": 0.044, "Actual Rows": 1, "Actual Loops": 1, "Filter": "((info)::text = 'bottom 10 rank'::text)", "Rows Removed by Filter": 111}]}]}, {"Node Type": "Hash", "Parent Relationship": "Inner", "Startup Cost": 72710.67, "Total Cost": 72710.67, "Plan Rows": 719240, "Plan Width": 25, "Actual Startup Time": 1236.258, "Actual Total Time": 1236.258, "Actual Rows": 716259, "Actual Loops": 1, "Hash Buckets": 1048576, "Hash Batches": 1, "Original Hash Batches": 1, "Peak Memory Usage": 41052, "Plans": [{"Node Type": "Seq Scan", "Parent Relationship": "Outer", "Relation Name": "title", "Alias": "t", "Startup Cost": 2083.5, "Total Cost": 72710.67, "Plan Rows": 719240, "Plan Width": 25, "Actual Startup Time": 0.032, "Actual Total Time": 894.577, "Actual Rows": 716259, "Actual Loops": 1, "Filter": "((production_year >= 2005) AND (production_year <= 2010)), (LLVM Optimized, Jit Execute)", "Rows Removed by Filter": 1812052}]}]}]}]}, {"Node Type": "Hash", "Parent Relationship": "Inner", "Startup Cost": 1.04, "Total Cost": 1.04, "Plan Rows": 1, "Plan Width": 4, "Actual Startup Time": 0.049, "Actual Total Time": 0.049, "Actual Rows": 1, "Actual Loops": 1, "Hash Buckets": 32768, "Hash Batches": 1, "Original Hash Batches": 1, "Peak Memory Usage": 1, "Plans": [{"Node Type": "Seq Scan", "Parent Relationship": "Outer", "Relation Name": "company_type", "Alias": "ct", "Startup Cost": 0.0, "Total Cost": 1.04, "Plan Rows": 1, "Plan Width": 4, "Actual Startup Time": 0.029, "Actual Total Time": 0.032, "Actual Rows": 1, "Actual Loops": 1, "Filter": "((kind)::text = 'production companies'::text)", "Rows Removed by Filter": 2}]}]}]}, "Triggers": [], "Planner Runtime": 10.864, "Total Runtime": 2957.448, "Unique SQL Id": 1162488282}}, "(1, '79')": {"explain_plan": {"Plan": {"Node Type": "Aggregate", "Strategy": "Plain", "Startup Cost": 4997227341960.98, "Total Cost": 4997227341960.99, "Plan Rows": 1, "Plan Width": 113, "Plans": [{"Node Type": "Hash Join", "Parent Relationship": "Outer", "Join Type": "Inner", "Startup Cost": 2030027765187.18, "Total Cost": 4997227338604.96, "Plan Rows": 447470, "Plan Width": 45, "Inner Unique": true, "Hash Cond": "(mc.company_type_id = ct.id), (LLVM Optimized)", "Plans": [{"Node Type": "Hash Join", "Parent Relationship": "Outer", "Join Type": "Inner", "Startup Cost": 1030027763956.92, "Total Cost": 3997227332905.19, "Plan Rows": 549199, "Plan Width": 49, "Inner Unique": true, "Hash Cond": "(mi_idx.info_type_id = it.id), (LLVM Optimized)", "Plans": [{"Node Type": "Merge Join", "Parent Relationship": "Outer", "Join Type": "Inner", "Startup Cost": 30027762535.91, "Total Cost": 2997227320486.44, "Plan Rows": 2196800, "Plan Width": 53, "Inner Unique": false, "Merge Cond": "(mi_idx.movie_id = t.id)", "Plans": [{"Node Type": "Index Scan", "Parent Relationship": "Outer", "Scan Direction": "Forward", "Index Name": "movie_id_movie_info_idx", "Relation Name": "movie_info_idx", "Alias": "mi_idx", "Startup Cost": 10000000000.0, "Total Cost": 1000004650035.37, "Plan Rows": 1380034, "Plan Width": 8}, {"Node Type": "Materialize", "Parent Relationship": "Inner", "Startup Cost": 20022023519.89, "Total Cost": 1999077622532.18, "Plan Rows": 1728348, "Plan Width": 57, "Plans": [{"Node Type": "Merge Join", "Parent Relationship": "Outer", "Join Type": "Inner", "Startup Cost": 20022023519.89, "Total Cost": 1999077618211.31, "Plan Rows": 1728348, "Plan Width": 57, "Inner Unique": false, "Merge Cond": "(t.id = mc.movie_id)", "Plans": [{"Node Type": "Index Scan", "Parent Relationship": "Outer", "Scan Direction": "Forward", "Index Name": "title_pkey", "Relation Name": "title", "Alias": "t", "Startup Cost": 10000000000.0, "Total Cost": 1000012276204.41, "Plan Rows": 719240, "Plan Width": 25, "Filter": "((production_year >= 2005) AND (production_year <= 2010)), (LLVM Optimized)"}, {"Node Type": "Index Scan", "Parent Relationship": "Inner", "Scan Direction": "Forward", "Index Name": "movie_id_movie_companies", "Relation Name": "movie_companies", "Alias": "mc", "Startup Cost": 10000000000.0, "Total Cost": 1000013704228.13, "Plan Rows": 2609035, "Plan Width": 32, "Filter": "((note)::text !~~ '%(as Metro-Goldwyn-Mayer Pictures)%'::text), (LLVM Optimized)"}]}]}]}, {"Node Type": "Hash", "Parent Relationship": "Inner", "Startup Cost": 1000000001421.0, "Total Cost": 1000000001421.0, "Plan Rows": 1, "Plan Width": 4, "Plans": [{"Node Type": "Index Scan", "Parent Relationship": "Outer", "Scan Direction": "Forward", "Index Name": "info_type_pkey", "Relation Name": "info_type", "Alias": "it", "Startup Cost": 10000000000.0, "Total Cost": 1000000001421.0, "Plan Rows": 1, "Plan Width": 4, "Filter": "((info)::text = 'bottom 10 rank'::text)"}]}]}, {"Node Type": "Hash", "Parent Relationship": "Inner", "Startup Cost": 1000000001230.25, "Total Cost": 1000000001230.25, "Plan Rows": 1, "Plan Width": 4, "Plans": [{"Node Type": "Index Scan", "Parent Relationship": "Outer", "Scan Direction": "Forward", "Index Name": "company_type_pkey", "Relation Name": "company_type", "Alias": "ct", "Startup Cost": 10000000000.0, "Total Cost": 1000000001230.25, "Plan Rows": 1, "Plan Width": 4, "Filter": "((kind)::text = 'production companies'::text)"}]}]}]}, "Unique SQL Id": 1162488282, "Planner Runtime": 12}, "explain_analyze_plan": null}, "(1, '80')": {"explain_plan": {"Plan": {"Node Type": "Aggregate", "Strategy": "Plain", "Startup Cost": 381231.28, "Total Cost": 381231.29, "Plan Rows": 1, "Plan Width": 113, "Plans": [{"Node Type": "Merge Join", "Parent Relationship": "Outer", "Join Type": "Inner", "Startup Cost": 373727.26, "Total Cost": 377875.25, "Plan Rows": 447470, "Plan Width": 45, "Inner Unique": false, "Merge Cond": "(ct.id = mc.company_type_id)", "Plans": [{"Node Type": "Sort", "Parent Relationship": "Outer", "Startup Cost": 1.05, "Total Cost": 1.05, "Plan Rows": 1, "Plan Width": 4, "Sort Key": ["ct.id"], "Plans": [{"Node Type": "Seq Scan", "Parent Relationship": "Outer", "Relation Name": "company_type", "Alias": "ct", "Startup Cost": 0.0, "Total Cost": 1.04, "Plan Rows": 1, "Plan Width": 4, "Filter": "((kind)::text = 'production companies'::text)"}]}, {"Node Type": "Sort", "Parent Relationship": "Inner", "Startup Cost": 372382.2, "Total Cost": 373755.2, "Plan Rows": 549199, "Plan Width": 49, "Sort Key": ["mc.company_type_id"], "Plans": [{"Node Type": "Nested Loop", "Parent Relationship": "Outer", "Join Type": "Inner", "Startup Cost": 7502.06, "Total Cost": 320024.4, "Plan Rows": 549199, "Plan Width": 49, "Inner Unique": false, "Join Filter": "(t.id = mc.movie_id), (LLVM Optimized)", "Plans": [{"Node Type": "Nested Loop", "Parent Relationship": "Outer", "Join Type": "Inner", "Startup Cost": 7502.06, "Total Cost": 164107.36, "Plan Rows": 396404, "Plan Width": 29, "Inner Unique": true, "Plans": [{"Node Type": "Nested Loop", "Parent Relationship": "Outer", "Join Type": "Inner", "Startup Cost": 7502.06, "Total Cost": 21741.14, "Plan Rows": 345008, "Plan Width": 4, "Inner Unique": false, "Plans": [{"Node Type": "Seq Scan", "Parent Relationship": "Outer", "Relation Name": "info_type", "Alias": "it", "Startup Cost": 0.0, "Total Cost": 2.4, "Plan Rows": 1, "Plan Width": 4, "Filter": "((info)::text = 'bottom 10 rank'::text)"}, {"Node Type": "Bitmap Heap Scan", "Parent Relationship": "Inner", "Relation Name": "movie_info_idx", "Alias": "mi_idx", "Startup Cost": 7502.06, "Total Cost": 18288.66, "Plan Rows": 345008, "Plan Width": 8, "Recheck Cond": "(info_type_id = it.id), (LLVM Optimized)", "Plans": [{"Node Type": "Bitmap Index Scan", "Parent Relationship": "Outer", "Index Name": "info_type_id_movie_info_idx", "Startup Cost": 0.0, "Total Cost": 7415.81, "Plan Rows": 345008, "Plan Width": 0, "Index Cond": "(info_type_id = it.id)"}]}]}, {"Node Type": "Index Scan", "Parent Relationship": "Inner", "Scan Direction": "Forward", "Index Name": "title_pkey", "Relation Name": "title", "Alias": "t", "Startup Cost": 0.0, "Total Cost": 0.4, "Plan Rows": 1, "Plan Width": 25, "Index Cond": "(id = mi_idx.movie_id)", "Filter": "((production_year >= 2005) AND (production_year <= 2010))"}]}, {"Node Type": "Index Scan", "Parent Relationship": "Inner", "Scan Direction": "Forward", "Index Name": "movie_id_movie_companies", "Relation Name": "movie_companies", "Alias": "mc", "Startup Cost": 0.0, "Total Cost": 0.37, "Plan Rows": 2, "Plan Width": 32, "Index Cond": "(movie_id = mi_idx.movie_id)", "Filter": "((note)::text !~~ '%(as Metro-Goldwyn-Mayer Pictures)%'::text)"}]}]}]}]}, "Unique SQL Id": 1162488282, "Planner Runtime": 8}, "explain_analyze_plan": {"Plan": {"Node Type": "Aggregate", "Strategy": "Plain", "Startup Cost": 381231.28, "Total Cost": 381231.29, "Plan Rows": 1, "Plan Width": 113, "Actual Startup Time": 0.441, "Actual Total Time": 0.441, "Actual Rows": 1, "Actual Loops": 1, "Plans": [{"Node Type": "Merge Join", "Parent Relationship": "Outer", "Join Type": "Inner", "Startup Cost": 373727.26, "Total Cost": 377875.25, "Plan Rows": 447470, "Plan Width": 45, "Actual Startup Time": 0.417, "Actual Total Time": 0.422, "Actual Rows": 3, "Actual Loops": 1, "Inner Unique": false, "Merge Cond": "(ct.id = mc.company_type_id)", "Plans": [{"Node Type": "Sort", "Parent Relationship": "Outer", "Startup Cost": 1.05, "Total Cost": 1.05, "Plan Rows": 1, "Plan Width": 4, "Actual Startup Time": 0.048, "Actual Total Time": 0.048, "Actual Rows": 1, "Actual Loops": 1, "Sort Key": ["ct.id"], "Sort Method": "quicksort", "Sort Space Used": 25, "Sort Space Type": "Memory", "Plans": [{"Node Type": "Seq Scan", "Parent Relationship": "Outer", "Relation Name": "company_type", "Alias": "ct", "Startup Cost": 0.0, "Total Cost": 1.04, "Plan Rows": 1, "Plan Width": 4, "Actual Startup Time": 0.026, "Actual Total Time": 0.029, "Actual Rows": 1, "Actual Loops": 1, "Filter": "((kind)::text = 'production companies'::text)", "Rows Removed by Filter": 2}]}, {"Node Type": "Sort", "Parent Relationship": "Inner", "Startup Cost": 372382.2, "Total Cost": 373755.2, "Plan Rows": 549199, "Plan Width": 49, "Actual Startup Time": 0.346, "Actual Total Time": 0.352, "Actual Rows": 66, "Actual Loops": 1, "Sort Key": ["mc.company_type_id"], "Sort Method": "quicksort", "Sort Space Used": 35, "Sort Space Type": "Memory", "Plans": [{"Node Type": "Nested Loop", "Parent Relationship": "Outer", "Join Type": "Inner", "Startup Cost": 7502.06, "Total Cost": 320024.4, "Plan Rows": 549199, "Plan Width": 49, "Actual Startup Time": 0.168, "Actual Total Time": 0.316, "Actual Rows": 66, "Actual Loops": 1, "Inner Unique": false, "Join Filter": "(t.id = mc.movie_id), (LLVM Optimized)", "Rows Removed by Join Filter": 0, "Plans": [{"Node Type": "Nested Loop", "Parent Relationship": "Outer", "Join Type": "Inner", "Startup Cost": 7502.06, "Total Cost": 164107.36, "Plan Rows": 396404, "Plan Width": 29, "Actual Startup Time": 0.15, "Actual Total Time": 0.187, "Actual Rows": 4, "Actual Loops": 1, "Inner Unique": true, "Plans": [{"Node Type": "Nested Loop", "Parent Relationship": "Outer", "Join Type": "Inner", "Startup Cost": 7502.06, "Total Cost": 21741.14, "Plan Rows": 345008, "Plan Width": 4, "Actual Startup Time": 0.086, "Actual Total Time": 0.093, "Actual Rows": 10, "Actual Loops": 1, "Inner Unique": false, "Plans": [{"Node Type": "Seq Scan", "Parent Relationship": "Outer", "Relation Name": "info_type", "Alias": "it", "Startup Cost": 0.0, "Total Cost": 2.4, "Plan Rows": 1, "Plan Width": 4, "Actual Startup Time": 0.048, "Actual Total Time": 0.052, "Actual Rows": 1, "Actual Loops": 1, "Filter": "((info)::text = 'bottom 10 rank'::text)", "Rows Removed by Filter": 111}, {"Node Type": "Bitmap Heap Scan", "Parent Relationship": "Inner", "Relation Name": "movie_info_idx", "Alias": "mi_idx", "Startup Cost": 7502.06, "Total Cost": 18288.66, "Plan Rows": 345008, "Plan Width": 8, "Actual Startup Time": 0.032, "Actual Total Time": 0.034, "Actual Rows": 10, "Actual Loops": 1, "Recheck Cond": "(info_type_id = it.id), (LLVM Optimized)", "Rows Removed by Index Recheck": 0, "Exact Heap Blocks": 1, "Lossy Heap Blocks": 1, "Plans": [{"Node Type": "Bitmap Index Scan", "Parent Relationship": "Outer", "Index Name": "info_type_id_movie_info_idx", "Startup Cost": 0.0, "Total Cost": 7415.81, "Plan Rows": 345008, "Plan Width": 0, "Actual Startup Time": 0.014, "Actual Total Time": 0.014, "Actual Rows": 10, "Actual Loops": 1, "Index Cond": "(info_type_id = it.id)"}]}]}, {"Node Type": "Index Scan", "Parent Relationship": "Inner", "Scan Direction": "Forward", "Index Name": "title_pkey", "Relation Name": "title", "Alias": "t", "Startup Cost": 0.0, "Total Cost": 0.4, "Plan Rows": 1, "Plan Width": 25, "Actual Startup Time": 0.084, "Actual Total Time": 0.084, "Actual Rows": 4, "Actual Loops": 10, "Index Cond": "(id = mi_idx.movie_id)", "Rows Removed by Index Recheck": 0, "Filter": "((production_year >= 2005) AND (production_year <= 2010))", "Rows Removed by Filter": 6}]}, {"Node Type": "Index Scan", "Parent Relationship": "Inner", "Scan Direction": "Forward", "Index Name": "movie_id_movie_companies", "Relation Name": "movie_companies", "Alias": "mc", "Startup Cost": 0.0, "Total Cost": 0.37, "Plan Rows": 2, "Plan Width": 32, "Actual Startup Time": 0.043, "Actual Total Time": 0.108, "Actual Rows": 66, "Actual Loops": 4, "Index Cond": "(movie_id = mi_idx.movie_id)", "Rows Removed by Index Recheck": 0, "Filter": "((note)::text !~~ '%(as Metro-Goldwyn-Mayer Pictures)%'::text)", "Rows Removed by Filter": 7}]}]}]}]}, "Triggers": [], "Planner Runtime": 8.154, "Total Runtime": 9.992, "Unique SQL Id": 1162488282}}, "(1, '81')": {"explain_plan": {"Plan": {"Node Type": "Aggregate", "Strategy": "Plain", "Startup Cost": 381254.34, "Total Cost": 381254.35, "Plan Rows": 1, "Plan Width": 113, "Plans": [{"Node Type": "Merge Join", "Parent Relationship": "Outer", "Join Type": "Inner", "Startup Cost": 373738.02, "Total Cost": 377898.31, "Plan Rows": 447470, "Plan Width": 45, "Inner Unique": false, "Merge Cond": "(ct.id = mc.company_type_id)", "Plans": [{"Node Type": "Index Scan", "Parent Relationship": "Outer", "Scan Direction": "Forward", "Index Name": "company_type_pkey", "Relation Name": "company_type", "Alias": "ct", "Startup Cost": 0.0, "Total Cost": 12.3, "Plan Rows": 1, "Plan Width": 4, "Filter": "((kind)::text = 'production companies'::text)"}, {"Node Type": "Sort", "Parent Relationship": "Inner", "Startup Cost": 372394.01, "Total Cost": 373767.01, "Plan Rows": 549199, "Plan Width": 49, "Sort Key": ["mc.company_type_id"], "Plans": [{"Node Type": "Nested Loop", "Parent Relationship": "Outer", "Join Type": "Inner", "Startup Cost": 7502.06, "Total Cost": 320036.21, "Plan Rows": 549199, "Plan Width": 49, "Inner Unique": false, "Join Filter": "(t.id = mc.movie_id), (LLVM Optimized)", "Plans": [{"Node Type": "Nested Loop", "Parent Relationship": "Outer", "Join Type": "Inner", "Startup Cost": 7502.06, "Total Cost": 164119.17, "Plan Rows": 396404, "Plan Width": 29, "Inner Unique": true, "Plans": [{"Node Type": "Nested Loop", "Parent Relationship": "Outer", "Join Type": "Inner", "Startup Cost": 7502.06, "Total Cost": 21752.95, "Plan Rows": 345008, "Plan Width": 4, "Inner Unique": false, "Plans": [{"Node Type": "Index Scan", "Parent Relationship": "Outer", "Scan Direction": "Forward", "Index Name": "info_type_pkey", "Relation Name": "info_type", "Alias": "it", "Startup Cost": 0.0, "Total Cost": 14.21, "Plan Rows": 1, "Plan Width": 4, "Filter": "((info)::text = 'bottom 10 rank'::text)"}, {"Node Type": "Bitmap Heap Scan", "Parent Relationship": "Inner", "Relation Name": "movie_info_idx", "Alias": "mi_idx", "Startup Cost": 7502.06, "Total Cost": 18288.66, "Plan Rows": 345008, "Plan Width": 8, "Recheck Cond": "(info_type_id = it.id), (LLVM Optimized)", "Plans": [{"Node Type": "Bitmap Index Scan", "Parent Relationship": "Outer", "Index Name": "info_type_id_movie_info_idx", "Startup Cost": 0.0, "Total Cost": 7415.81, "Plan Rows": 345008, "Plan Width": 0, "Index Cond": "(info_type_id = it.id)"}]}]}, {"Node Type": "Index Scan", "Parent Relationship": "Inner", "Scan Direction": "Forward", "Index Name": "title_pkey", "Relation Name": "title", "Alias": "t", "Startup Cost": 0.0, "Total Cost": 0.4, "Plan Rows": 1, "Plan Width": 25, "Index Cond": "(id = mi_idx.movie_id)", "Filter": "((production_year >= 2005) AND (production_year <= 2010))"}]}, {"Node Type": "Index Scan", "Parent Relationship": "Inner", "Scan Direction": "Forward", "Index Name": "movie_id_movie_companies", "Relation Name": "movie_companies", "Alias": "mc", "Startup Cost": 0.0, "Total Cost": 0.37, "Plan Rows": 2, "Plan Width": 32, "Index Cond": "(movie_id = mi_idx.movie_id)", "Filter": "((note)::text !~~ '%(as Metro-Goldwyn-Mayer Pictures)%'::text)"}]}]}]}]}, "Unique SQL Id": 1162488282, "Planner Runtime": 7}, "explain_analyze_plan": {"Plan": {"Node Type": "Aggregate", "Strategy": "Plain", "Startup Cost": 381254.34, "Total Cost": 381254.35, "Plan Rows": 1, "Plan Width": 113, "Actual Startup Time": 0.415, "Actual Total Time": 0.415, "Actual Rows": 1, "Actual Loops": 1, "Plans": [{"Node Type": "Merge Join", "Parent Relationship": "Outer", "Join Type": "Inner", "Startup Cost": 373738.02, "Total Cost": 377898.31, "Plan Rows": 447470, "Plan Width": 45, "Actual Startup Time": 0.394, "Actual Total Time": 0.402, "Actual Rows": 3, "Actual Loops": 1, "Inner Unique": false, "Merge Cond": "(ct.id = mc.company_type_id)", "Plans": [{"Node Type": "Index Scan", "Parent Relationship": "Outer", "Scan Direction": "Forward", "Index Name": "company_type_pkey", "Relation Name": "company_type", "Alias": "ct", "Startup Cost": 0.0, "Total Cost": 12.3, "Plan Rows": 1, "Plan Width": 4, "Actual Startup Time": 0.026, "Actual Total Time": 0.028, "Actual Rows": 1, "Actual Loops": 1, "Filter": "((kind)::text = 'production companies'::text)", "Rows Removed by Filter": 2}, {"Node Type": "Sort", "Parent Relationship": "Inner", "Startup Cost": 372394.01, "Total Cost": 373767.01, "Plan Rows": 549199, "Plan Width": 49, "Actual Startup Time": 0.348, "Actual Total Time": 0.355, "Actual Rows": 66, "Actual Loops": 1, "Sort Key": ["mc.company_type_id"], "Sort Method": "quicksort", "Sort Space Used": 35, "Sort Space Type": "Memory", "Plans": [{"Node Type": "Nested Loop", "Parent Relationship": "Outer", "Join Type": "Inner", "Startup Cost": 7502.06, "Total Cost": 320036.21, "Plan Rows": 549199, "Plan Width": 49, "Actual Startup Time": 0.158, "Actual Total Time": 0.298, "Actual Rows": 66, "Actual Loops": 1, "Inner Unique": false, "Join Filter": "(t.id = mc.movie_id), (LLVM Optimized)", "Rows Removed by Join Filter": 0, "Plans": [{"Node Type": "Nested Loop", "Parent Relationship": "Outer", "Join Type": "Inner", "Startup Cost": 7502.06, "Total Cost": 164119.17, "Plan Rows": 396404, "Plan Width": 29, "Actual Startup Time": 0.142, "Actual Total Time": 0.175, "Actual Rows": 4, "Actual Loops": 1, "Inner Unique": true, "Plans": [{"Node Type": "Nested Loop", "Parent Relationship": "Outer", "Join Type": "Inner", "Startup Cost": 7502.06, "Total Cost": 21752.95, "Plan Rows": 345008, "Plan Width": 4, "Actual Startup Time": 0.088, "Actual Total Time": 0.093, "Actual Rows": 10, "Actual Loops": 1, "Inner Unique": false, "Plans": [{"Node Type": "Index Scan", "Parent Relationship": "Outer", "Scan Direction": "Forward", "Index Name": "info_type_pkey", "Relation Name": "info_type", "Alias": "it", "Startup Cost": 0.0, "Total Cost": 14.21, "Plan Rows": 1, "Plan Width": 4, "Actual Startup Time": 0.059, "Actual Total Time": 0.06, "Actual Rows": 1, "Actual Loops": 1, "Filter": "((info)::text = 'bottom 10 rank'::text)", "Rows Removed by Filter": 111}, {"Node Type": "Bitmap Heap Scan", "Parent Relationship": "Inner", "Relation Name": "movie_info_idx", "Alias": "mi_idx", "Startup Cost": 7502.06, "Total Cost": 18288.66, "Plan Rows": 345008, "Plan Width": 8, "Actual Startup Time": 0.023, "Actual Total Time": 0.024, "Actual Rows": 10, "Actual Loops": 1, "Recheck Cond": "(info_type_id = it.id), (LLVM Optimized)", "Rows Removed by Index Recheck": 0, "Exact Heap Blocks": 1, "Lossy Heap Blocks": 1, "Plans": [{"Node Type": "Bitmap Index Scan", "Parent Relationship": "Outer", "Index Name": "info_type_id_movie_info_idx", "Startup Cost": 0.0, "Total Cost": 7415.81, "Plan Rows": 345008, "Plan Width": 0, "Actual Startup Time": 0.013, "Actual Total Time": 0.013, "Actual Rows": 10, "Actual Loops": 1, "Index Cond": "(info_type_id = it.id)"}]}]}, {"Node Type": "Index Scan", "Parent Relationship": "Inner", "Scan Direction": "Forward", "Index Name": "title_pkey", "Relation Name": "title", "Alias": "t", "Startup Cost": 0.0, "Total Cost": 0.4, "Plan Rows": 1, "Plan Width": 25, "Actual Startup Time": 0.07, "Actual Total Time": 0.07, "Actual Rows": 4, "Actual Loops": 10, "Index Cond": "(id = mi_idx.movie_id)", "Rows Removed by Index Recheck": 0, "Filter": "((production_year >= 2005) AND (production_year <= 2010))", "Rows Removed by Filter": 6}]}, {"Node Type": "Index Scan", "Parent Relationship": "Inner", "Scan Direction": "Forward", "Index Name": "movie_id_movie_companies", "Relation Name": "movie_companies", "Alias": "mc", "Startup Cost": 0.0, "Total Cost": 0.37, "Plan Rows": 2, "Plan Width": 32, "Actual Startup Time": 0.036, "Actual Total Time": 0.094, "Actual Rows": 66, "Actual Loops": 4, "Index Cond": "(movie_id = mi_idx.movie_id)", "Rows Removed by Index Recheck": 0, "Filter": "((note)::text !~~ '%(as Metro-Goldwyn-Mayer Pictures)%'::text)", "Rows Removed by Filter": 7}]}]}]}]}, "Triggers": [], "Planner Runtime": 7.52, "Total Runtime": 10.101, "Unique SQL Id": 1162488282}}, "(1, '82')": {"explain_plan": {"Plan": {"Node Type": "Aggregate", "Strategy": "Plain", "Startup Cost": 432783.27, "Total Cost": 432783.28, "Plan Rows": 1, "Plan Width": 113, "Plans": [{"Node Type": "Merge Join", "Parent Relationship": "Outer", "Join Type": "Inner", "Startup Cost": 406272.55, "Total Cost": 429427.25, "Plan Rows": 447470, "Plan Width": 45, "Inner Unique": true, "Merge Cond": "(mc.movie_id = t.id)", "Plans": [{"Node Type": "Merge Join", "Parent Relationship": "Outer", "Join Type": "Inner", "Startup Cost": 263593.72, "Total Cost": 277428.1, "Plan Rows": 501180, "Plan Width": 32, "Inner Unique": false, "Merge Cond": "(mi_idx.movie_id = mc.movie_id)", "Plans": [{"Node Type": "Sort", "Parent Relationship": "Outer", "Startup Cost": 53475.44, "Total Cost": 54337.96, "Plan Rows": 345008, "Plan Width": 4, "Sort Key": ["mi_idx.movie_id"], "Plans": [{"Node Type": "Nested Loop", "Parent Relationship": "Outer", "Join Type": "Inner", "Startup Cost": 7502.06, "Total Cost": 21741.14, "Plan Rows": 345008, "Plan Width": 4, "Inner Unique": false, "Plans": [{"Node Type": "Seq Scan", "Parent Relationship": "Outer", "Relation Name": "info_type", "Alias": "it", "Startup Cost": 0.0, "Total Cost": 2.4, "Plan Rows": 1, "Plan Width": 4, "Filter": "((info)::text = 'bottom 10 rank'::text)"}, {"Node Type": "Bitmap Heap Scan", "Parent Relationship": "Inner", "Relation Name": "movie_info_idx", "Alias": "mi_idx", "Startup Cost": 7502.06, "Total Cost": 18288.66, "Plan Rows": 345008, "Plan Width": 8, "Recheck Cond": "(info_type_id = it.id), (LLVM Optimized)", "Plans": [{"Node Type": "Bitmap Index Scan", "Parent Relationship": "Outer", "Index Name": "info_type_id_movie_info_idx", "Startup Cost": 0.0, "Total Cost": 7415.81, "Plan Rows": 345008, "Plan Width": 0, "Index Cond": "(info_type_id = it.id)"}]}]}]}, {"Node Type": "Sort", "Parent Relationship": "Inner", "Startup Cost": 210118.25, "Total Cost": 213379.54, "Plan Rows": 1304518, "Plan Width": 28, "Sort Key": ["mc.movie_id"], "Plans": [{"Node Type": "Nested Loop", "Parent Relationship": "Outer", "Join Type": "Inner", "Startup Cost": 29270.61, "Total Cost": 77611.28, "Plan Rows": 1304518, "Plan Width": 28, "Inner Unique": false, "Plans": [{"Node Type": "Seq Scan", "Parent Relationship": "Outer", "Relation Name": "company_type", "Alias": "ct", "Startup Cost": 0.0, "Total Cost": 1.04, "Plan Rows": 1, "Plan Width": 4, "Filter": "((kind)::text = 'production companies'::text)"}, {"Node Type": "Bitmap Heap Scan", "Parent Relationship": "Inner", "Relation Name": "movie_companies", "Alias": "mc", "Startup Cost": 29270.61, "Total Cost": 64565.07, "Plan Rows": 1304517, "Plan Width": 32, "Recheck Cond": "(company_type_id = ct.id), (LLVM Optimized)", "Filter": "((note)::text !~~ '%(as Metro-Goldwyn-Mayer Pictures)%'::text), (LLVM Optimized)", "Plans": [{"Node Type": "Bitmap Index Scan", "Parent Relationship": "Outer", "Index Name": "company_type_id_movie_companies", "Startup Cost": 0.0, "Total Cost": 28944.48, "Plan Rows": 1304564, "Plan Width": 0, "Index Cond": "(company_type_id = ct.id)"}]}]}]}]}, {"Node Type": "Sort", "Parent Relationship": "Inner", "Startup Cost": 142678.74, "Total Cost": 144476.84, "Plan Rows": 719240, "Plan Width": 25, "Sort Key": ["t.id"], "Plans": [{"Node Type": "Seq Scan", "Parent Relationship": "Outer", "Relation Name": "title", "Alias": "t", "Startup Cost": 2083.5, "Total Cost": 72710.67, "Plan Rows": 719240, "Plan Width": 25, "Filter": "((production_year >= 2005) AND (production_year <= 2010)), (LLVM Optimized)"}]}]}]}, "Unique SQL Id": 1162488282, "Planner Runtime": 5}, "explain_analyze_plan": {"Plan": {"Node Type": "Aggregate", "Strategy": "Plain", "Startup Cost": 432783.27, "Total Cost": 432783.28, "Plan Rows": 1, "Plan Width": 113, "Actual Startup Time": 2088.161, "Actual Total Time": 2088.163, "Actual Rows": 1, "Actual Loops": 1, "Plans": [{"Node Type": "Merge Join", "Parent Relationship": "Outer", "Join Type": "Inner", "Startup Cost": 406272.55, "Total Cost": 429427.25, "Plan Rows": 447470, "Plan Width": 45, "Actual Startup Time": 2025.366, "Actual Total Time": 2088.126, "Actual Rows": 3, "Actual Loops": 1, "Inner Unique": true, "Merge Cond": "(mc.movie_id = t.id)", "Plans": [{"Node Type": "Merge Join", "Parent Relationship": "Outer", "Join Type": "Inner", "Startup Cost": 263593.72, "Total Cost": 277428.1, "Plan Rows": 501180, "Plan Width": 32, "Actual Startup Time": 694.91, "Actual Total Time": 714.659, "Actual Rows": 5, "Actual Loops": 1, "Inner Unique": false, "Merge Cond": "(mi_idx.movie_id = mc.movie_id)", "Plans": [{"Node Type": "Sort", "Parent Relationship": "Outer", "Startup Cost": 53475.44, "Total Cost": 54337.96, "Plan Rows": 345008, "Plan Width": 4, "Actual Startup Time": 0.115, "Actual Total Time": 0.119, "Actual Rows": 10, "Actual Loops": 1, "Sort Key": ["mi_idx.movie_id"], "Sort Method": "quicksort", "Sort Space Used": 25, "Sort Space Type": "Memory", "Plans": [{"Node Type": "Nested Loop", "Parent Relationship": "Outer", "Join Type": "Inner", "Startup Cost": 7502.06, "Total Cost": 21741.14, "Plan Rows": 345008, "Plan Width": 4, "Actual Startup Time": 0.093, "Actual Total Time": 0.1, "Actual Rows": 10, "Actual Loops": 1, "Inner Unique": false, "Plans": [{"Node Type": "Seq Scan", "Parent Relationship": "Outer", "Relation Name": "info_type", "Alias": "it", "Startup Cost": 0.0, "Total Cost": 2.4, "Plan Rows": 1, "Plan Width": 4, "Actual Startup Time": 0.056, "Actual Total Time": 0.06, "Actual Rows": 1, "Actual Loops": 1, "Filter": "((info)::text = 'bottom 10 rank'::text)", "Rows Removed by Filter": 111}, {"Node Type": "Bitmap Heap Scan", "Parent Relationship": "Inner", "Relation Name": "movie_info_idx", "Alias": "mi_idx", "Startup Cost": 7502.06, "Total Cost": 18288.66, "Plan Rows": 345008, "Plan Width": 8, "Actual Startup Time": 0.03, "Actual Total Time": 0.03, "Actual Rows": 10, "Actual Loops": 1, "Recheck Cond": "(info_type_id = it.id), (LLVM Optimized, Jit Execute)", "Rows Removed by Index Recheck": 0, "Exact Heap Blocks": 1, "Lossy Heap Blocks": 1, "Plans": [{"Node Type": "Bitmap Index Scan", "Parent Relationship": "Outer", "Index Name": "info_type_id_movie_info_idx", "Startup Cost": 0.0, "Total Cost": 7415.81, "Plan Rows": 345008, "Plan Width": 0, "Actual Startup Time": 0.012, "Actual Total Time": 0.012, "Actual Rows": 10, "Actual Loops": 1, "Index Cond": "(info_type_id = it.id)"}]}]}]}, {"Node Type": "Sort", "Parent Relationship": "Inner", "Startup Cost": 210118.25, "Total Cost": 213379.54, "Plan Rows": 1304518, "Plan Width": 28, "Actual Startup Time": 675.471, "Actual Total Time": 692.279, "Actual Rows": 132371, "Actual Loops": 1, "Sort Key": ["mc.movie_id"], "Sort Method": "quicksort", "Sort Space Used": 20170, "Sort Space Type": "Memory", "Plans": [{"Node Type": "Nested Loop", "Parent Relationship": "Outer", "Join Type": "Inner", "Startup Cost": 29270.61, "Total Cost": 77611.28, "Plan Rows": 1304518, "Plan Width": 28, "Actual Startup Time": 161.903, "Actual Total Time": 623.826, "Actual Rows": 140904, "Actual Loops": 1, "Inner Unique": false, "Plans": [{"Node Type": "Seq Scan", "Parent Relationship": "Outer", "Relation Name": "company_type", "Alias": "ct", "Startup Cost": 0.0, "Total Cost": 1.04, "Plan Rows": 1, "Plan Width": 4, "Actual Startup Time": 0.007, "Actual Total Time": 0.015, "Actual Rows": 1, "Actual Loops": 1, "Filter": "((kind)::text = 'production companies'::text)", "Rows Removed by Filter": 2}, {"Node Type": "Bitmap Heap Scan", "Parent Relationship": "Inner", "Relation Name": "movie_companies", "Alias": "mc", "Startup Cost": 29270.61, "Total Cost": 64565.07, "Plan Rows": 1304517, "Plan Width": 32, "Actual Startup Time": 161.889, "Actual Total Time": 595.767, "Actual Rows": 140904, "Actual Loops": 1, "Recheck Cond": "(company_type_id = ct.id), (LLVM Optimized, Jit Execute)", "Rows Removed by Index Recheck": 0, "Filter": "((note)::text !~~ '%(as Metro-Goldwyn-Mayer Pictures)%'::text), (LLVM Optimized, Jit Execute)", "Rows Removed by Filter": 1193979, "Exact Heap Blocks": 6196, "Lossy Heap Blocks": 6196, "Plans": [{"Node Type": "Bitmap Index Scan", "Parent Relationship": "Outer", "Index Name": "company_type_id_movie_companies", "Startup Cost": 0.0, "Total Cost": 28944.48, "Plan Rows": 1304564, "Plan Width": 0, "Actual Startup Time": 160.632, "Actual Total Time": 160.632, "Actual Rows": 1334883, "Actual Loops": 1, "Index Cond": "(company_type_id = ct.id)"}]}]}]}]}, {"Node Type": "Sort", "Parent Relationship": "Inner", "Startup Cost": 142678.74, "Total Cost": 144476.84, "Plan Rows": 719240, "Plan Width": 25, "Actual Startup Time": 1125.025, "Actual Total Time": 1263.571, "Actual Rows": 669805, "Actual Loops": 1, "Sort Key": ["t.id"], "Sort Method": "quicksort", "Sort Space Used": 95710, "Sort Space Type": "Memory", "Plans": [{"Node Type": "Seq Scan", "Parent Relationship": "Outer", "Relation Name": "title", "Alias": "t", "Startup Cost": 2083.5, "Total Cost": 72710.67, "Plan Rows": 719240, "Plan Width": 25, "Actual Startup Time": 0.059, "Actual Total Time": 820.336, "Actual Rows": 716259, "Actual Loops": 1, "Filter": "((production_year >= 2005) AND (production_year <= 2010)), (LLVM Optimized, Jit Execute)", "Rows Removed by Filter": 1812052}]}]}]}, "Triggers": [], "Planner Runtime": 5.904, "Total Runtime": 2098.5, "Unique SQL Id": 1162488282}}, "(1, '83')": {"explain_plan": {"Plan": {"Node Type": "Aggregate", "Strategy": "Plain", "Startup Cost": 1000017766719.7, "Total Cost": 1000017766719.71, "Plan Rows": 1, "Plan Width": 113, "Plans": [{"Node Type": "Nested Loop", "Parent Relationship": "Outer", "Join Type": "Inner", "Startup Cost": 10000000001.08, "Total Cost": 1000017764229.67, "Plan Rows": 332005, "Plan Width": 45, "Inner Unique": true, "Plans": [{"Node Type": "Nested Loop", "Parent Relationship": "Outer", "Join Type": "Inner", "Startup Cost": 10000000000.81, "Total Cost": 1000015609438.29, "Plan Rows": 501180, "Plan Width": 32, "Inner Unique": true, "Plans": [{"Node Type": "Nested Loop", "Parent Relationship": "Outer", "Join Type": "Inner", "Startup Cost": 10000000000.55, "Total Cost": 1000012058838.99, "Plan Rows": 829046, "Plan Width": 36, "Inner Unique": false, "Plans": [{"Node Type": "Nested Loop", "Parent Relationship": "Outer", "Join Type": "Inner", "Startup Cost": 10000000000.26, "Total Cost": 1000010560383.98, "Plan Rows": 345008, "Plan Width": 4, "Inner Unique": true, "Plans": [{"Node Type": "Index Scan", "Parent Relationship": "Outer", "Scan Direction": "Forward", "Index Name": "movie_id_movie_info_idx", "Relation Name": "movie_info_idx", "Alias": "mi_idx", "Startup Cost": 10000000000.0, "Total Cost": 1000004650035.37, "Plan Rows": 1380034, "Plan Width": 8}, {"Node Type": "Bitmap Heap Scan", "Parent Relationship": "Inner", "Relation Name": "info_type", "Alias": "it", "Startup Cost": 0.26, "Total Cost": 4.27, "Plan Rows": 1, "Plan Width": 4, "Recheck Cond": "(id = mi_idx.info_type_id)", "Filter": "((info)::text = 'bottom 10 rank'::text)", "Plans": [{"Node Type": "Bitmap Index Scan", "Parent Relationship": "Outer", "Index Name": "info_type_pkey", "Startup Cost": 0.0, "Total Cost": 0.26, "Plan Rows": 1, "Plan Width": 0, "Index Cond": "(id = mi_idx.info_type_id)"}]}]}, {"Node Type": "Bitmap Heap Scan", "Parent Relationship": "Inner", "Relation Name": "movie_companies", "Alias": "mc", "Startup Cost": 0.29, "Total Cost": 4.32, "Plan Rows": 2, "Plan Width": 32, "Recheck Cond": "(movie_id = mi_idx.movie_id)", "Filter": "((note)::text !~~ '%(as Metro-Goldwyn-Mayer Pictures)%'::text)", "Plans": [{"Node Type": "Bitmap Index Scan", "Parent Relationship": "Outer", "Index Name": "movie_id_movie_companies", "Startup Cost": 0.0, "Total Cost": 0.29, "Plan Rows": 2, "Plan Width": 0, "Index Cond": "(movie_id = mi_idx.movie_id)"}]}]}, {"Node Type": "Bitmap Heap Scan", "Parent Relationship": "Inner", "Relation Name": "company_type", "Alias": "ct", "Startup Cost": 0.26, "Total Cost": 4.27, "Plan Rows": 1, "Plan Width": 4, "Recheck Cond": "(id = mc.company_type_id)", "Filter": "((kind)::text = 'production companies'::text)", "Plans": [{"Node Type": "Bitmap Index Scan", "Parent Relationship": "Outer", "Index Name": "company_type_pkey", "Startup Cost": 0.0, "Total Cost": 0.26, "Plan Rows": 1, "Plan Width": 0, "Index Cond": "(id = mc.company_type_id)"}]}]}, {"Node Type": "Bitmap Heap Scan", "Parent Relationship": "Inner", "Relation Name": "title", "Alias": "t", "Startup Cost": 0.27, "Total Cost": 4.29, "Plan Rows": 1, "Plan Width": 25, "Recheck Cond": "(id = mc.movie_id)", "Filter": "((production_year >= 2005) AND (production_year <= 2010))", "Plans": [{"Node Type": "Bitmap Index Scan", "Parent Relationship": "Outer", "Index Name": "title_pkey", "Startup Cost": 0.0, "Total Cost": 0.27, "Plan Rows": 1, "Plan Width": 0, "Index Cond": "(id = mc.movie_id)"}]}]}]}, "Unique SQL Id": 1162488282, "Planner Runtime": 4}, "explain_analyze_plan": null}, "(1, '84')": {"explain_plan": {"Plan": {"Node Type": "Aggregate", "Strategy": "Plain", "Startup Cost": 381231.28, "Total Cost": 381231.29, "Plan Rows": 1, "Plan Width": 113, "Plans": [{"Node Type": "Merge Join", "Parent Relationship": "Outer", "Join Type": "Inner", "Startup Cost": 373727.26, "Total Cost": 377875.25, "Plan Rows": 447470, "Plan Width": 45, "Inner Unique": false, "Merge Cond": "(ct.id = mc.company_type_id)", "Plans": [{"Node Type": "Sort", "Parent Relationship": "Outer", "Startup Cost": 1.05, "Total Cost": 1.05, "Plan Rows": 1, "Plan Width": 4, "Sort Key": ["ct.id"], "Plans": [{"Node Type": "Seq Scan", "Parent Relationship": "Outer", "Relation Name": "company_type", "Alias": "ct", "Startup Cost": 0.0, "Total Cost": 1.04, "Plan Rows": 1, "Plan Width": 4, "Filter": "((kind)::text = 'production companies'::text)"}]}, {"Node Type": "Sort", "Parent Relationship": "Inner", "Startup Cost": 372382.2, "Total Cost": 373755.2, "Plan Rows": 549199, "Plan Width": 49, "Sort Key": ["mc.company_type_id"], "Plans": [{"Node Type": "Nested Loop", "Parent Relationship": "Outer", "Join Type": "Inner", "Startup Cost": 7502.06, "Total Cost": 320024.4, "Plan Rows": 549199, "Plan Width": 49, "Inner Unique": false, "Join Filter": "(t.id = mc.movie_id), (LLVM Optimized)", "Plans": [{"Node Type": "Nested Loop", "Parent Relationship": "Outer", "Join Type": "Inner", "Startup Cost": 7502.06, "Total Cost": 164107.36, "Plan Rows": 396404, "Plan Width": 29, "Inner Unique": true, "Plans": [{"Node Type": "Nested Loop", "Parent Relationship": "Outer", "Join Type": "Inner", "Startup Cost": 7502.06, "Total Cost": 21741.14, "Plan Rows": 345008, "Plan Width": 4, "Inner Unique": false, "Plans": [{"Node Type": "Seq Scan", "Parent Relationship": "Outer", "Relation Name": "info_type", "Alias": "it", "Startup Cost": 0.0, "Total Cost": 2.4, "Plan Rows": 1, "Plan Width": 4, "Filter": "((info)::text = 'bottom 10 rank'::text)"}, {"Node Type": "Bitmap Heap Scan", "Parent Relationship": "Inner", "Relation Name": "movie_info_idx", "Alias": "mi_idx", "Startup Cost": 7502.06, "Total Cost": 18288.66, "Plan Rows": 345008, "Plan Width": 8, "Recheck Cond": "(info_type_id = it.id), (LLVM Optimized)", "Plans": [{"Node Type": "Bitmap Index Scan", "Parent Relationship": "Outer", "Index Name": "info_type_id_movie_info_idx", "Startup Cost": 0.0, "Total Cost": 7415.81, "Plan Rows": 345008, "Plan Width": 0, "Index Cond": "(info_type_id = it.id)"}]}]}, {"Node Type": "Index Scan", "Parent Relationship": "Inner", "Scan Direction": "Forward", "Index Name": "title_pkey", "Relation Name": "title", "Alias": "t", "Startup Cost": 0.0, "Total Cost": 0.4, "Plan Rows": 1, "Plan Width": 25, "Index Cond": "(id = mi_idx.movie_id)", "Filter": "((production_year >= 2005) AND (production_year <= 2010))"}]}, {"Node Type": "Index Scan", "Parent Relationship": "Inner", "Scan Direction": "Forward", "Index Name": "movie_id_movie_companies", "Relation Name": "movie_companies", "Alias": "mc", "Startup Cost": 0.0, "Total Cost": 0.37, "Plan Rows": 2, "Plan Width": 32, "Index Cond": "(movie_id = mi_idx.movie_id)", "Filter": "((note)::text !~~ '%(as Metro-Goldwyn-Mayer Pictures)%'::text)"}]}]}]}]}, "Unique SQL Id": 1162488282, "Planner Runtime": 8}, "explain_analyze_plan": {"Plan": {"Node Type": "Aggregate", "Strategy": "Plain", "Startup Cost": 381231.28, "Total Cost": 381231.29, "Plan Rows": 1, "Plan Width": 113, "Actual Startup Time": 0.441, "Actual Total Time": 0.441, "Actual Rows": 1, "Actual Loops": 1, "Plans": [{"Node Type": "Merge Join", "Parent Relationship": "Outer", "Join Type": "Inner", "Startup Cost": 373727.26, "Total Cost": 377875.25, "Plan Rows": 447470, "Plan Width": 45, "Actual Startup Time": 0.417, "Actual Total Time": 0.422, "Actual Rows": 3, "Actual Loops": 1, "Inner Unique": false, "Merge Cond": "(ct.id = mc.company_type_id)", "Plans": [{"Node Type": "Sort", "Parent Relationship": "Outer", "Startup Cost": 1.05, "Total Cost": 1.05, "Plan Rows": 1, "Plan Width": 4, "Actual Startup Time": 0.048, "Actual Total Time": 0.048, "Actual Rows": 1, "Actual Loops": 1, "Sort Key": ["ct.id"], "Sort Method": "quicksort", "Sort Space Used": 25, "Sort Space Type": "Memory", "Plans": [{"Node Type": "Seq Scan", "Parent Relationship": "Outer", "Relation Name": "company_type", "Alias": "ct", "Startup Cost": 0.0, "Total Cost": 1.04, "Plan Rows": 1, "Plan Width": 4, "Actual Startup Time": 0.026, "Actual Total Time": 0.029, "Actual Rows": 1, "Actual Loops": 1, "Filter": "((kind)::text = 'production companies'::text)", "Rows Removed by Filter": 2}]}, {"Node Type": "Sort", "Parent Relationship": "Inner", "Startup Cost": 372382.2, "Total Cost": 373755.2, "Plan Rows": 549199, "Plan Width": 49, "Actual Startup Time": 0.346, "Actual Total Time": 0.352, "Actual Rows": 66, "Actual Loops": 1, "Sort Key": ["mc.company_type_id"], "Sort Method": "quicksort", "Sort Space Used": 35, "Sort Space Type": "Memory", "Plans": [{"Node Type": "Nested Loop", "Parent Relationship": "Outer", "Join Type": "Inner", "Startup Cost": 7502.06, "Total Cost": 320024.4, "Plan Rows": 549199, "Plan Width": 49, "Actual Startup Time": 0.168, "Actual Total Time": 0.316, "Actual Rows": 66, "Actual Loops": 1, "Inner Unique": false, "Join Filter": "(t.id = mc.movie_id), (LLVM Optimized)", "Rows Removed by Join Filter": 0, "Plans": [{"Node Type": "Nested Loop", "Parent Relationship": "Outer", "Join Type": "Inner", "Startup Cost": 7502.06, "Total Cost": 164107.36, "Plan Rows": 396404, "Plan Width": 29, "Actual Startup Time": 0.15, "Actual Total Time": 0.187, "Actual Rows": 4, "Actual Loops": 1, "Inner Unique": true, "Plans": [{"Node Type": "Nested Loop", "Parent Relationship": "Outer", "Join Type": "Inner", "Startup Cost": 7502.06, "Total Cost": 21741.14, "Plan Rows": 345008, "Plan Width": 4, "Actual Startup Time": 0.086, "Actual Total Time": 0.093, "Actual Rows": 10, "Actual Loops": 1, "Inner Unique": false, "Plans": [{"Node Type": "Seq Scan", "Parent Relationship": "Outer", "Relation Name": "info_type", "Alias": "it", "Startup Cost": 0.0, "Total Cost": 2.4, "Plan Rows": 1, "Plan Width": 4, "Actual Startup Time": 0.048, "Actual Total Time": 0.052, "Actual Rows": 1, "Actual Loops": 1, "Filter": "((info)::text = 'bottom 10 rank'::text)", "Rows Removed by Filter": 111}, {"Node Type": "Bitmap Heap Scan", "Parent Relationship": "Inner", "Relation Name": "movie_info_idx", "Alias": "mi_idx", "Startup Cost": 7502.06, "Total Cost": 18288.66, "Plan Rows": 345008, "Plan Width": 8, "Actual Startup Time": 0.032, "Actual Total Time": 0.034, "Actual Rows": 10, "Actual Loops": 1, "Recheck Cond": "(info_type_id = it.id), (LLVM Optimized)", "Rows Removed by Index Recheck": 0, "Exact Heap Blocks": 1, "Lossy Heap Blocks": 1, "Plans": [{"Node Type": "Bitmap Index Scan", "Parent Relationship": "Outer", "Index Name": "info_type_id_movie_info_idx", "Startup Cost": 0.0, "Total Cost": 7415.81, "Plan Rows": 345008, "Plan Width": 0, "Actual Startup Time": 0.014, "Actual Total Time": 0.014, "Actual Rows": 10, "Actual Loops": 1, "Index Cond": "(info_type_id = it.id)"}]}]}, {"Node Type": "Index Scan", "Parent Relationship": "Inner", "Scan Direction": "Forward", "Index Name": "title_pkey", "Relation Name": "title", "Alias": "t", "Startup Cost": 0.0, "Total Cost": 0.4, "Plan Rows": 1, "Plan Width": 25, "Actual Startup Time": 0.084, "Actual Total Time": 0.084, "Actual Rows": 4, "Actual Loops": 10, "Index Cond": "(id = mi_idx.movie_id)", "Rows Removed by Index Recheck": 0, "Filter": "((production_year >= 2005) AND (production_year <= 2010))", "Rows Removed by Filter": 6}]}, {"Node Type": "Index Scan", "Parent Relationship": "Inner", "Scan Direction": "Forward", "Index Name": "movie_id_movie_companies", "Relation Name": "movie_companies", "Alias": "mc", "Startup Cost": 0.0, "Total Cost": 0.37, "Plan Rows": 2, "Plan Width": 32, "Actual Startup Time": 0.043, "Actual Total Time": 0.108, "Actual Rows": 66, "Actual Loops": 4, "Index Cond": "(movie_id = mi_idx.movie_id)", "Rows Removed by Index Recheck": 0, "Filter": "((note)::text !~~ '%(as Metro-Goldwyn-Mayer Pictures)%'::text)", "Rows Removed by Filter": 7}]}]}]}]}, "Triggers": [], "Planner Runtime": 8.154, "Total Runtime": 9.992, "Unique SQL Id": 1162488282}}, "(1, '85')": {"explain_plan": {"Plan": {"Node Type": "Aggregate", "Strategy": "Plain", "Startup Cost": 381254.34, "Total Cost": 381254.35, "Plan Rows": 1, "Plan Width": 113, "Plans": [{"Node Type": "Merge Join", "Parent Relationship": "Outer", "Join Type": "Inner", "Startup Cost": 373738.02, "Total Cost": 377898.31, "Plan Rows": 447470, "Plan Width": 45, "Inner Unique": false, "Merge Cond": "(ct.id = mc.company_type_id)", "Plans": [{"Node Type": "Index Scan", "Parent Relationship": "Outer", "Scan Direction": "Forward", "Index Name": "company_type_pkey", "Relation Name": "company_type", "Alias": "ct", "Startup Cost": 0.0, "Total Cost": 12.3, "Plan Rows": 1, "Plan Width": 4, "Filter": "((kind)::text = 'production companies'::text)"}, {"Node Type": "Sort", "Parent Relationship": "Inner", "Startup Cost": 372394.01, "Total Cost": 373767.01, "Plan Rows": 549199, "Plan Width": 49, "Sort Key": ["mc.company_type_id"], "Plans": [{"Node Type": "Nested Loop", "Parent Relationship": "Outer", "Join Type": "Inner", "Startup Cost": 7502.06, "Total Cost": 320036.21, "Plan Rows": 549199, "Plan Width": 49, "Inner Unique": false, "Join Filter": "(t.id = mc.movie_id), (LLVM Optimized)", "Plans": [{"Node Type": "Nested Loop", "Parent Relationship": "Outer", "Join Type": "Inner", "Startup Cost": 7502.06, "Total Cost": 164119.17, "Plan Rows": 396404, "Plan Width": 29, "Inner Unique": true, "Plans": [{"Node Type": "Nested Loop", "Parent Relationship": "Outer", "Join Type": "Inner", "Startup Cost": 7502.06, "Total Cost": 21752.95, "Plan Rows": 345008, "Plan Width": 4, "Inner Unique": false, "Plans": [{"Node Type": "Index Scan", "Parent Relationship": "Outer", "Scan Direction": "Forward", "Index Name": "info_type_pkey", "Relation Name": "info_type", "Alias": "it", "Startup Cost": 0.0, "Total Cost": 14.21, "Plan Rows": 1, "Plan Width": 4, "Filter": "((info)::text = 'bottom 10 rank'::text)"}, {"Node Type": "Bitmap Heap Scan", "Parent Relationship": "Inner", "Relation Name": "movie_info_idx", "Alias": "mi_idx", "Startup Cost": 7502.06, "Total Cost": 18288.66, "Plan Rows": 345008, "Plan Width": 8, "Recheck Cond": "(info_type_id = it.id), (LLVM Optimized)", "Plans": [{"Node Type": "Bitmap Index Scan", "Parent Relationship": "Outer", "Index Name": "info_type_id_movie_info_idx", "Startup Cost": 0.0, "Total Cost": 7415.81, "Plan Rows": 345008, "Plan Width": 0, "Index Cond": "(info_type_id = it.id)"}]}]}, {"Node Type": "Index Scan", "Parent Relationship": "Inner", "Scan Direction": "Forward", "Index Name": "title_pkey", "Relation Name": "title", "Alias": "t", "Startup Cost": 0.0, "Total Cost": 0.4, "Plan Rows": 1, "Plan Width": 25, "Index Cond": "(id = mi_idx.movie_id)", "Filter": "((production_year >= 2005) AND (production_year <= 2010))"}]}, {"Node Type": "Index Scan", "Parent Relationship": "Inner", "Scan Direction": "Forward", "Index Name": "movie_id_movie_companies", "Relation Name": "movie_companies", "Alias": "mc", "Startup Cost": 0.0, "Total Cost": 0.37, "Plan Rows": 2, "Plan Width": 32, "Index Cond": "(movie_id = mi_idx.movie_id)", "Filter": "((note)::text !~~ '%(as Metro-Goldwyn-Mayer Pictures)%'::text)"}]}]}]}]}, "Unique SQL Id": 1162488282, "Planner Runtime": 7}, "explain_analyze_plan": {"Plan": {"Node Type": "Aggregate", "Strategy": "Plain", "Startup Cost": 381254.34, "Total Cost": 381254.35, "Plan Rows": 1, "Plan Width": 113, "Actual Startup Time": 0.415, "Actual Total Time": 0.415, "Actual Rows": 1, "Actual Loops": 1, "Plans": [{"Node Type": "Merge Join", "Parent Relationship": "Outer", "Join Type": "Inner", "Startup Cost": 373738.02, "Total Cost": 377898.31, "Plan Rows": 447470, "Plan Width": 45, "Actual Startup Time": 0.394, "Actual Total Time": 0.402, "Actual Rows": 3, "Actual Loops": 1, "Inner Unique": false, "Merge Cond": "(ct.id = mc.company_type_id)", "Plans": [{"Node Type": "Index Scan", "Parent Relationship": "Outer", "Scan Direction": "Forward", "Index Name": "company_type_pkey", "Relation Name": "company_type", "Alias": "ct", "Startup Cost": 0.0, "Total Cost": 12.3, "Plan Rows": 1, "Plan Width": 4, "Actual Startup Time": 0.026, "Actual Total Time": 0.028, "Actual Rows": 1, "Actual Loops": 1, "Filter": "((kind)::text = 'production companies'::text)", "Rows Removed by Filter": 2}, {"Node Type": "Sort", "Parent Relationship": "Inner", "Startup Cost": 372394.01, "Total Cost": 373767.01, "Plan Rows": 549199, "Plan Width": 49, "Actual Startup Time": 0.348, "Actual Total Time": 0.355, "Actual Rows": 66, "Actual Loops": 1, "Sort Key": ["mc.company_type_id"], "Sort Method": "quicksort", "Sort Space Used": 35, "Sort Space Type": "Memory", "Plans": [{"Node Type": "Nested Loop", "Parent Relationship": "Outer", "Join Type": "Inner", "Startup Cost": 7502.06, "Total Cost": 320036.21, "Plan Rows": 549199, "Plan Width": 49, "Actual Startup Time": 0.158, "Actual Total Time": 0.298, "Actual Rows": 66, "Actual Loops": 1, "Inner Unique": false, "Join Filter": "(t.id = mc.movie_id), (LLVM Optimized)", "Rows Removed by Join Filter": 0, "Plans": [{"Node Type": "Nested Loop", "Parent Relationship": "Outer", "Join Type": "Inner", "Startup Cost": 7502.06, "Total Cost": 164119.17, "Plan Rows": 396404, "Plan Width": 29, "Actual Startup Time": 0.142, "Actual Total Time": 0.175, "Actual Rows": 4, "Actual Loops": 1, "Inner Unique": true, "Plans": [{"Node Type": "Nested Loop", "Parent Relationship": "Outer", "Join Type": "Inner", "Startup Cost": 7502.06, "Total Cost": 21752.95, "Plan Rows": 345008, "Plan Width": 4, "Actual Startup Time": 0.088, "Actual Total Time": 0.093, "Actual Rows": 10, "Actual Loops": 1, "Inner Unique": false, "Plans": [{"Node Type": "Index Scan", "Parent Relationship": "Outer", "Scan Direction": "Forward", "Index Name": "info_type_pkey", "Relation Name": "info_type", "Alias": "it", "Startup Cost": 0.0, "Total Cost": 14.21, "Plan Rows": 1, "Plan Width": 4, "Actual Startup Time": 0.059, "Actual Total Time": 0.06, "Actual Rows": 1, "Actual Loops": 1, "Filter": "((info)::text = 'bottom 10 rank'::text)", "Rows Removed by Filter": 111}, {"Node Type": "Bitmap Heap Scan", "Parent Relationship": "Inner", "Relation Name": "movie_info_idx", "Alias": "mi_idx", "Startup Cost": 7502.06, "Total Cost": 18288.66, "Plan Rows": 345008, "Plan Width": 8, "Actual Startup Time": 0.023, "Actual Total Time": 0.024, "Actual Rows": 10, "Actual Loops": 1, "Recheck Cond": "(info_type_id = it.id), (LLVM Optimized)", "Rows Removed by Index Recheck": 0, "Exact Heap Blocks": 1, "Lossy Heap Blocks": 1, "Plans": [{"Node Type": "Bitmap Index Scan", "Parent Relationship": "Outer", "Index Name": "info_type_id_movie_info_idx", "Startup Cost": 0.0, "Total Cost": 7415.81, "Plan Rows": 345008, "Plan Width": 0, "Actual Startup Time": 0.013, "Actual Total Time": 0.013, "Actual Rows": 10, "Actual Loops": 1, "Index Cond": "(info_type_id = it.id)"}]}]}, {"Node Type": "Index Scan", "Parent Relationship": "Inner", "Scan Direction": "Forward", "Index Name": "title_pkey", "Relation Name": "title", "Alias": "t", "Startup Cost": 0.0, "Total Cost": 0.4, "Plan Rows": 1, "Plan Width": 25, "Actual Startup Time": 0.07, "Actual Total Time": 0.07, "Actual Rows": 4, "Actual Loops": 10, "Index Cond": "(id = mi_idx.movie_id)", "Rows Removed by Index Recheck": 0, "Filter": "((production_year >= 2005) AND (production_year <= 2010))", "Rows Removed by Filter": 6}]}, {"Node Type": "Index Scan", "Parent Relationship": "Inner", "Scan Direction": "Forward", "Index Name": "movie_id_movie_companies", "Relation Name": "movie_companies", "Alias": "mc", "Startup Cost": 0.0, "Total Cost": 0.37, "Plan Rows": 2, "Plan Width": 32, "Actual Startup Time": 0.036, "Actual Total Time": 0.094, "Actual Rows": 66, "Actual Loops": 4, "Index Cond": "(movie_id = mi_idx.movie_id)", "Rows Removed by Index Recheck": 0, "Filter": "((note)::text !~~ '%(as Metro-Goldwyn-Mayer Pictures)%'::text)", "Rows Removed by Filter": 7}]}]}]}]}, "Triggers": [], "Planner Runtime": 7.52, "Total Runtime": 10.101, "Unique SQL Id": 1162488282}}, "(1, '86')": {"explain_plan": {"Plan": {"Node Type": "Aggregate", "Strategy": "Plain", "Startup Cost": 432783.27, "Total Cost": 432783.28, "Plan Rows": 1, "Plan Width": 113, "Plans": [{"Node Type": "Merge Join", "Parent Relationship": "Outer", "Join Type": "Inner", "Startup Cost": 406272.55, "Total Cost": 429427.25, "Plan Rows": 447470, "Plan Width": 45, "Inner Unique": true, "Merge Cond": "(mc.movie_id = t.id)", "Plans": [{"Node Type": "Merge Join", "Parent Relationship": "Outer", "Join Type": "Inner", "Startup Cost": 263593.72, "Total Cost": 277428.1, "Plan Rows": 501180, "Plan Width": 32, "Inner Unique": false, "Merge Cond": "(mi_idx.movie_id = mc.movie_id)", "Plans": [{"Node Type": "Sort", "Parent Relationship": "Outer", "Startup Cost": 53475.44, "Total Cost": 54337.96, "Plan Rows": 345008, "Plan Width": 4, "Sort Key": ["mi_idx.movie_id"], "Plans": [{"Node Type": "Nested Loop", "Parent Relationship": "Outer", "Join Type": "Inner", "Startup Cost": 7502.06, "Total Cost": 21741.14, "Plan Rows": 345008, "Plan Width": 4, "Inner Unique": false, "Plans": [{"Node Type": "Seq Scan", "Parent Relationship": "Outer", "Relation Name": "info_type", "Alias": "it", "Startup Cost": 0.0, "Total Cost": 2.4, "Plan Rows": 1, "Plan Width": 4, "Filter": "((info)::text = 'bottom 10 rank'::text)"}, {"Node Type": "Bitmap Heap Scan", "Parent Relationship": "Inner", "Relation Name": "movie_info_idx", "Alias": "mi_idx", "Startup Cost": 7502.06, "Total Cost": 18288.66, "Plan Rows": 345008, "Plan Width": 8, "Recheck Cond": "(info_type_id = it.id), (LLVM Optimized)", "Plans": [{"Node Type": "Bitmap Index Scan", "Parent Relationship": "Outer", "Index Name": "info_type_id_movie_info_idx", "Startup Cost": 0.0, "Total Cost": 7415.81, "Plan Rows": 345008, "Plan Width": 0, "Index Cond": "(info_type_id = it.id)"}]}]}]}, {"Node Type": "Sort", "Parent Relationship": "Inner", "Startup Cost": 210118.25, "Total Cost": 213379.54, "Plan Rows": 1304518, "Plan Width": 28, "Sort Key": ["mc.movie_id"], "Plans": [{"Node Type": "Nested Loop", "Parent Relationship": "Outer", "Join Type": "Inner", "Startup Cost": 29270.61, "Total Cost": 77611.28, "Plan Rows": 1304518, "Plan Width": 28, "Inner Unique": false, "Plans": [{"Node Type": "Seq Scan", "Parent Relationship": "Outer", "Relation Name": "company_type", "Alias": "ct", "Startup Cost": 0.0, "Total Cost": 1.04, "Plan Rows": 1, "Plan Width": 4, "Filter": "((kind)::text = 'production companies'::text)"}, {"Node Type": "Bitmap Heap Scan", "Parent Relationship": "Inner", "Relation Name": "movie_companies", "Alias": "mc", "Startup Cost": 29270.61, "Total Cost": 64565.07, "Plan Rows": 1304517, "Plan Width": 32, "Recheck Cond": "(company_type_id = ct.id), (LLVM Optimized)", "Filter": "((note)::text !~~ '%(as Metro-Goldwyn-Mayer Pictures)%'::text), (LLVM Optimized)", "Plans": [{"Node Type": "Bitmap Index Scan", "Parent Relationship": "Outer", "Index Name": "company_type_id_movie_companies", "Startup Cost": 0.0, "Total Cost": 28944.48, "Plan Rows": 1304564, "Plan Width": 0, "Index Cond": "(company_type_id = ct.id)"}]}]}]}]}, {"Node Type": "Sort", "Parent Relationship": "Inner", "Startup Cost": 142678.74, "Total Cost": 144476.84, "Plan Rows": 719240, "Plan Width": 25, "Sort Key": ["t.id"], "Plans": [{"Node Type": "Seq Scan", "Parent Relationship": "Outer", "Relation Name": "title", "Alias": "t", "Startup Cost": 2083.5, "Total Cost": 72710.67, "Plan Rows": 719240, "Plan Width": 25, "Filter": "((production_year >= 2005) AND (production_year <= 2010)), (LLVM Optimized)"}]}]}]}, "Unique SQL Id": 1162488282, "Planner Runtime": 5}, "explain_analyze_plan": {"Plan": {"Node Type": "Aggregate", "Strategy": "Plain", "Startup Cost": 432783.27, "Total Cost": 432783.28, "Plan Rows": 1, "Plan Width": 113, "Actual Startup Time": 2088.161, "Actual Total Time": 2088.163, "Actual Rows": 1, "Actual Loops": 1, "Plans": [{"Node Type": "Merge Join", "Parent Relationship": "Outer", "Join Type": "Inner", "Startup Cost": 406272.55, "Total Cost": 429427.25, "Plan Rows": 447470, "Plan Width": 45, "Actual Startup Time": 2025.366, "Actual Total Time": 2088.126, "Actual Rows": 3, "Actual Loops": 1, "Inner Unique": true, "Merge Cond": "(mc.movie_id = t.id)", "Plans": [{"Node Type": "Merge Join", "Parent Relationship": "Outer", "Join Type": "Inner", "Startup Cost": 263593.72, "Total Cost": 277428.1, "Plan Rows": 501180, "Plan Width": 32, "Actual Startup Time": 694.91, "Actual Total Time": 714.659, "Actual Rows": 5, "Actual Loops": 1, "Inner Unique": false, "Merge Cond": "(mi_idx.movie_id = mc.movie_id)", "Plans": [{"Node Type": "Sort", "Parent Relationship": "Outer", "Startup Cost": 53475.44, "Total Cost": 54337.96, "Plan Rows": 345008, "Plan Width": 4, "Actual Startup Time": 0.115, "Actual Total Time": 0.119, "Actual Rows": 10, "Actual Loops": 1, "Sort Key": ["mi_idx.movie_id"], "Sort Method": "quicksort", "Sort Space Used": 25, "Sort Space Type": "Memory", "Plans": [{"Node Type": "Nested Loop", "Parent Relationship": "Outer", "Join Type": "Inner", "Startup Cost": 7502.06, "Total Cost": 21741.14, "Plan Rows": 345008, "Plan Width": 4, "Actual Startup Time": 0.093, "Actual Total Time": 0.1, "Actual Rows": 10, "Actual Loops": 1, "Inner Unique": false, "Plans": [{"Node Type": "Seq Scan", "Parent Relationship": "Outer", "Relation Name": "info_type", "Alias": "it", "Startup Cost": 0.0, "Total Cost": 2.4, "Plan Rows": 1, "Plan Width": 4, "Actual Startup Time": 0.056, "Actual Total Time": 0.06, "Actual Rows": 1, "Actual Loops": 1, "Filter": "((info)::text = 'bottom 10 rank'::text)", "Rows Removed by Filter": 111}, {"Node Type": "Bitmap Heap Scan", "Parent Relationship": "Inner", "Relation Name": "movie_info_idx", "Alias": "mi_idx", "Startup Cost": 7502.06, "Total Cost": 18288.66, "Plan Rows": 345008, "Plan Width": 8, "Actual Startup Time": 0.03, "Actual Total Time": 0.03, "Actual Rows": 10, "Actual Loops": 1, "Recheck Cond": "(info_type_id = it.id), (LLVM Optimized, Jit Execute)", "Rows Removed by Index Recheck": 0, "Exact Heap Blocks": 1, "Lossy Heap Blocks": 1, "Plans": [{"Node Type": "Bitmap Index Scan", "Parent Relationship": "Outer", "Index Name": "info_type_id_movie_info_idx", "Startup Cost": 0.0, "Total Cost": 7415.81, "Plan Rows": 345008, "Plan Width": 0, "Actual Startup Time": 0.012, "Actual Total Time": 0.012, "Actual Rows": 10, "Actual Loops": 1, "Index Cond": "(info_type_id = it.id)"}]}]}]}, {"Node Type": "Sort", "Parent Relationship": "Inner", "Startup Cost": 210118.25, "Total Cost": 213379.54, "Plan Rows": 1304518, "Plan Width": 28, "Actual Startup Time": 675.471, "Actual Total Time": 692.279, "Actual Rows": 132371, "Actual Loops": 1, "Sort Key": ["mc.movie_id"], "Sort Method": "quicksort", "Sort Space Used": 20170, "Sort Space Type": "Memory", "Plans": [{"Node Type": "Nested Loop", "Parent Relationship": "Outer", "Join Type": "Inner", "Startup Cost": 29270.61, "Total Cost": 77611.28, "Plan Rows": 1304518, "Plan Width": 28, "Actual Startup Time": 161.903, "Actual Total Time": 623.826, "Actual Rows": 140904, "Actual Loops": 1, "Inner Unique": false, "Plans": [{"Node Type": "Seq Scan", "Parent Relationship": "Outer", "Relation Name": "company_type", "Alias": "ct", "Startup Cost": 0.0, "Total Cost": 1.04, "Plan Rows": 1, "Plan Width": 4, "Actual Startup Time": 0.007, "Actual Total Time": 0.015, "Actual Rows": 1, "Actual Loops": 1, "Filter": "((kind)::text = 'production companies'::text)", "Rows Removed by Filter": 2}, {"Node Type": "Bitmap Heap Scan", "Parent Relationship": "Inner", "Relation Name": "movie_companies", "Alias": "mc", "Startup Cost": 29270.61, "Total Cost": 64565.07, "Plan Rows": 1304517, "Plan Width": 32, "Actual Startup Time": 161.889, "Actual Total Time": 595.767, "Actual Rows": 140904, "Actual Loops": 1, "Recheck Cond": "(company_type_id = ct.id), (LLVM Optimized, Jit Execute)", "Rows Removed by Index Recheck": 0, "Filter": "((note)::text !~~ '%(as Metro-Goldwyn-Mayer Pictures)%'::text), (LLVM Optimized, Jit Execute)", "Rows Removed by Filter": 1193979, "Exact Heap Blocks": 6196, "Lossy Heap Blocks": 6196, "Plans": [{"Node Type": "Bitmap Index Scan", "Parent Relationship": "Outer", "Index Name": "company_type_id_movie_companies", "Startup Cost": 0.0, "Total Cost": 28944.48, "Plan Rows": 1304564, "Plan Width": 0, "Actual Startup Time": 160.632, "Actual Total Time": 160.632, "Actual Rows": 1334883, "Actual Loops": 1, "Index Cond": "(company_type_id = ct.id)"}]}]}]}]}, {"Node Type": "Sort", "Parent Relationship": "Inner", "Startup Cost": 142678.74, "Total Cost": 144476.84, "Plan Rows": 719240, "Plan Width": 25, "Actual Startup Time": 1125.025, "Actual Total Time": 1263.571, "Actual Rows": 669805, "Actual Loops": 1, "Sort Key": ["t.id"], "Sort Method": "quicksort", "Sort Space Used": 95710, "Sort Space Type": "Memory", "Plans": [{"Node Type": "Seq Scan", "Parent Relationship": "Outer", "Relation Name": "title", "Alias": "t", "Startup Cost": 2083.5, "Total Cost": 72710.67, "Plan Rows": 719240, "Plan Width": 25, "Actual Startup Time": 0.059, "Actual Total Time": 820.336, "Actual Rows": 716259, "Actual Loops": 1, "Filter": "((production_year >= 2005) AND (production_year <= 2010)), (LLVM Optimized, Jit Execute)", "Rows Removed by Filter": 1812052}]}]}]}, "Triggers": [], "Planner Runtime": 5.904, "Total Runtime": 2098.5, "Unique SQL Id": 1162488282}}, "(1, '87')": {"explain_plan": {"Plan": {"Node Type": "Aggregate", "Strategy": "Plain", "Startup Cost": 1000017766719.7, "Total Cost": 1000017766719.71, "Plan Rows": 1, "Plan Width": 113, "Plans": [{"Node Type": "Nested Loop", "Parent Relationship": "Outer", "Join Type": "Inner", "Startup Cost": 10000000001.08, "Total Cost": 1000017764229.67, "Plan Rows": 332005, "Plan Width": 45, "Inner Unique": true, "Plans": [{"Node Type": "Nested Loop", "Parent Relationship": "Outer", "Join Type": "Inner", "Startup Cost": 10000000000.81, "Total Cost": 1000015609438.29, "Plan Rows": 501180, "Plan Width": 32, "Inner Unique": true, "Plans": [{"Node Type": "Nested Loop", "Parent Relationship": "Outer", "Join Type": "Inner", "Startup Cost": 10000000000.55, "Total Cost": 1000012058838.99, "Plan Rows": 829046, "Plan Width": 36, "Inner Unique": false, "Plans": [{"Node Type": "Nested Loop", "Parent Relationship": "Outer", "Join Type": "Inner", "Startup Cost": 10000000000.26, "Total Cost": 1000010560383.98, "Plan Rows": 345008, "Plan Width": 4, "Inner Unique": true, "Plans": [{"Node Type": "Index Scan", "Parent Relationship": "Outer", "Scan Direction": "Forward", "Index Name": "movie_id_movie_info_idx", "Relation Name": "movie_info_idx", "Alias": "mi_idx", "Startup Cost": 10000000000.0, "Total Cost": 1000004650035.37, "Plan Rows": 1380034, "Plan Width": 8}, {"Node Type": "Bitmap Heap Scan", "Parent Relationship": "Inner", "Relation Name": "info_type", "Alias": "it", "Startup Cost": 0.26, "Total Cost": 4.27, "Plan Rows": 1, "Plan Width": 4, "Recheck Cond": "(id = mi_idx.info_type_id)", "Filter": "((info)::text = 'bottom 10 rank'::text)", "Plans": [{"Node Type": "Bitmap Index Scan", "Parent Relationship": "Outer", "Index Name": "info_type_pkey", "Startup Cost": 0.0, "Total Cost": 0.26, "Plan Rows": 1, "Plan Width": 0, "Index Cond": "(id = mi_idx.info_type_id)"}]}]}, {"Node Type": "Bitmap Heap Scan", "Parent Relationship": "Inner", "Relation Name": "movie_companies", "Alias": "mc", "Startup Cost": 0.29, "Total Cost": 4.32, "Plan Rows": 2, "Plan Width": 32, "Recheck Cond": "(movie_id = mi_idx.movie_id)", "Filter": "((note)::text !~~ '%(as Metro-Goldwyn-Mayer Pictures)%'::text)", "Plans": [{"Node Type": "Bitmap Index Scan", "Parent Relationship": "Outer", "Index Name": "movie_id_movie_companies", "Startup Cost": 0.0, "Total Cost": 0.29, "Plan Rows": 2, "Plan Width": 0, "Index Cond": "(movie_id = mi_idx.movie_id)"}]}]}, {"Node Type": "Bitmap Heap Scan", "Parent Relationship": "Inner", "Relation Name": "company_type", "Alias": "ct", "Startup Cost": 0.26, "Total Cost": 4.27, "Plan Rows": 1, "Plan Width": 4, "Recheck Cond": "(id = mc.company_type_id)", "Filter": "((kind)::text = 'production companies'::text)", "Plans": [{"Node Type": "Bitmap Index Scan", "Parent Relationship": "Outer", "Index Name": "company_type_pkey", "Startup Cost": 0.0, "Total Cost": 0.26, "Plan Rows": 1, "Plan Width": 0, "Index Cond": "(id = mc.company_type_id)"}]}]}, {"Node Type": "Bitmap Heap Scan", "Parent Relationship": "Inner", "Relation Name": "title", "Alias": "t", "Startup Cost": 0.27, "Total Cost": 4.29, "Plan Rows": 1, "Plan Width": 25, "Recheck Cond": "(id = mc.movie_id)", "Filter": "((production_year >= 2005) AND (production_year <= 2010))", "Plans": [{"Node Type": "Bitmap Index Scan", "Parent Relationship": "Outer", "Index Name": "title_pkey", "Startup Cost": 0.0, "Total Cost": 0.27, "Plan Rows": 1, "Plan Width": 0, "Index Cond": "(id = mc.movie_id)"}]}]}]}, "Unique SQL Id": 1162488282, "Planner Runtime": 4}, "explain_analyze_plan": null}, "(1, '88')": {"explain_plan": {"Plan": {"Node Type": "Aggregate", "Strategy": "Plain", "Startup Cost": 397816.53, "Total Cost": 397816.54, "Plan Rows": 1, "Plan Width": 113, "Plans": [{"Node Type": "Merge Join", "Parent Relationship": "Outer", "Join Type": "Inner", "Startup Cost": 390312.51, "Total Cost": 394460.5, "Plan Rows": 447470, "Plan Width": 45, "Inner Unique": false, "Merge Cond": "(ct.id = mc.company_type_id)", "Plans": [{"Node Type": "Sort", "Parent Relationship": "Outer", "Startup Cost": 1.05, "Total Cost": 1.05, "Plan Rows": 1, "Plan Width": 4, "Sort Key": ["ct.id"], "Plans": [{"Node Type": "Seq Scan", "Parent Relationship": "Outer", "Relation Name": "company_type", "Alias": "ct", "Startup Cost": 0.0, "Total Cost": 1.04, "Plan Rows": 1, "Plan Width": 4, "Filter": "((kind)::text = 'production companies'::text)"}]}, {"Node Type": "Sort", "Parent Relationship": "Inner", "Startup Cost": 388967.45, "Total Cost": 390340.45, "Plan Rows": 549199, "Plan Width": 49, "Sort Key": ["mc.company_type_id"], "Plans": [{"Node Type": "Nested Loop", "Parent Relationship": "Outer", "Join Type": "Inner", "Startup Cost": 0.0, "Total Cost": 336609.65, "Plan Rows": 549199, "Plan Width": 49, "Inner Unique": false, "Join Filter": "(t.id = mc.movie_id), (LLVM Optimized)", "Plans": [{"Node Type": "Nested Loop", "Parent Relationship": "Outer", "Join Type": "Inner", "Startup Cost": 0.0, "Total Cost": 180692.61, "Plan Rows": 396404, "Plan Width": 29, "Inner Unique": true, "Plans": [{"Node Type": "Nested Loop", "Parent Relationship": "Outer", "Join Type": "Inner", "Startup Cost": 0.0, "Total Cost": 38326.39, "Plan Rows": 345008, "Plan Width": 4, "Inner Unique": false, "Plans": [{"Node Type": "Seq Scan", "Parent Relationship": "Outer", "Relation Name": "info_type", "Alias": "it", "Startup Cost": 0.0, "Total Cost": 2.4, "Plan Rows": 1, "Plan Width": 4, "Filter": "((info)::text = 'bottom 10 rank'::text)"}, {"Node Type": "Index Scan", "Parent Relationship": "Inner", "Scan Direction": "Forward", "Index Name": "info_type_id_movie_info_idx", "Relation Name": "movie_info_idx", "Alias": "mi_idx", "Startup Cost": 0.0, "Total Cost": 34873.91, "Plan Rows": 345008, "Plan Width": 8, "Index Cond": "(info_type_id = it.id), (LLVM Optimized)"}]}, {"Node Type": "Index Scan", "Parent Relationship": "Inner", "Scan Direction": "Forward", "Index Name": "title_pkey", "Relation Name": "title", "Alias": "t", "Startup Cost": 0.0, "Total Cost": 0.4, "Plan Rows": 1, "Plan Width": 25, "Index Cond": "(id = mi_idx.movie_id)", "Filter": "((production_year >= 2005) AND (production_year <= 2010))"}]}, {"Node Type": "Index Scan", "Parent Relationship": "Inner", "Scan Direction": "Forward", "Index Name": "movie_id_movie_companies", "Relation Name": "movie_companies", "Alias": "mc", "Startup Cost": 0.0, "Total Cost": 0.37, "Plan Rows": 2, "Plan Width": 32, "Index Cond": "(movie_id = mi_idx.movie_id)", "Filter": "((note)::text !~~ '%(as Metro-Goldwyn-Mayer Pictures)%'::text)"}]}]}]}]}, "Unique SQL Id": 1162488282, "Planner Runtime": 8}, "explain_analyze_plan": {"Plan": {"Node Type": "Aggregate", "Strategy": "Plain", "Startup Cost": 397816.53, "Total Cost": 397816.54, "Plan Rows": 1, "Plan Width": 113, "Actual Startup Time": 0.433, "Actual Total Time": 0.434, "Actual Rows": 1, "Actual Loops": 1, "Plans": [{"Node Type": "Merge Join", "Parent Relationship": "Outer", "Join Type": "Inner", "Startup Cost": 390312.51, "Total Cost": 394460.5, "Plan Rows": 447470, "Plan Width": 45, "Actual Startup Time": 0.41, "Actual Total Time": 0.415, "Actual Rows": 3, "Actual Loops": 1, "Inner Unique": false, "Merge Cond": "(ct.id = mc.company_type_id)", "Plans": [{"Node Type": "Sort", "Parent Relationship": "Outer", "Startup Cost": 1.05, "Total Cost": 1.05, "Plan Rows": 1, "Plan Width": 4, "Actual Startup Time": 0.049, "Actual Total Time": 0.049, "Actual Rows": 1, "Actual Loops": 1, "Sort Key": ["ct.id"], "Sort Method": "quicksort", "Sort Space Used": 25, "Sort Space Type": "Memory", "Plans": [{"Node Type": "Seq Scan", "Parent Relationship": "Outer", "Relation Name": "company_type", "Alias": "ct", "Startup Cost": 0.0, "Total Cost": 1.04, "Plan Rows": 1, "Plan Width": 4, "Actual Startup Time": 0.027, "Actual Total Time": 0.03, "Actual Rows": 1, "Actual Loops": 1, "Filter": "((kind)::text = 'production companies'::text)", "Rows Removed by Filter": 2}]}, {"Node Type": "Sort", "Parent Relationship": "Inner", "Startup Cost": 388967.45, "Total Cost": 390340.45, "Plan Rows": 549199, "Plan Width": 49, "Actual Startup Time": 0.34, "Actual Total Time": 0.345, "Actual Rows": 66, "Actual Loops": 1, "Sort Key": ["mc.company_type_id"], "Sort Method": "quicksort", "Sort Space Used": 35, "Sort Space Type": "Memory", "Plans": [{"Node Type": "Nested Loop", "Parent Relationship": "Outer", "Join Type": "Inner", "Startup Cost": 0.0, "Total Cost": 336609.65, "Plan Rows": 549199, "Plan Width": 49, "Actual Startup Time": 0.156, "Actual Total Time": 0.307, "Actual Rows": 66, "Actual Loops": 1, "Inner Unique": false, "Join Filter": "(t.id = mc.movie_id), (LLVM Optimized)", "Rows Removed by Join Filter": 0, "Plans": [{"Node Type": "Nested Loop", "Parent Relationship": "Outer", "Join Type": "Inner", "Startup Cost": 0.0, "Total Cost": 180692.61, "Plan Rows": 396404, "Plan Width": 29, "Actual Startup Time": 0.139, "Actual Total Time": 0.177, "Actual Rows": 4, "Actual Loops": 1, "Inner Unique": true, "Plans": [{"Node Type": "Nested Loop", "Parent Relationship": "Outer", "Join Type": "Inner", "Startup Cost": 0.0, "Total Cost": 38326.39, "Plan Rows": 345008, "Plan Width": 4, "Actual Startup Time": 0.076, "Actual Total Time": 0.086, "Actual Rows": 10, "Actual Loops": 1, "Inner Unique": false, "Plans": [{"Node Type": "Seq Scan", "Parent Relationship": "Outer", "Relation Name": "info_type", "Alias": "it", "Startup Cost": 0.0, "Total Cost": 2.4, "Plan Rows": 1, "Plan Width": 4, "Actual Startup Time": 0.055, "Actual Total Time": 0.059, "Actual Rows": 1, "Actual Loops": 1, "Filter": "((info)::text = 'bottom 10 rank'::text)", "Rows Removed by Filter": 111}, {"Node Type": "Index Scan", "Parent Relationship": "Inner", "Scan Direction": "Forward", "Index Name": "info_type_id_movie_info_idx", "Relation Name": "movie_info_idx", "Alias": "mi_idx", "Startup Cost": 0.0, "Total Cost": 34873.91, "Plan Rows": 345008, "Plan Width": 8, "Actual Startup Time": 0.017, "Actual Total Time": 0.022, "Actual Rows": 10, "Actual Loops": 1, "Index Cond": "(info_type_id = it.id), (LLVM Optimized)", "Rows Removed by Index Recheck": 0}]}, {"Node Type": "Index Scan", "Parent Relationship": "Inner", "Scan Direction": "Forward", "Index Name": "title_pkey", "Relation Name": "title", "Alias": "t", "Startup Cost": 0.0, "Total Cost": 0.4, "Plan Rows": 1, "Plan Width": 25, "Actual Startup Time": 0.081, "Actual Total Time": 0.081, "Actual Rows": 4, "Actual Loops": 10, "Index Cond": "(id = mi_idx.movie_id)", "Rows Removed by Index Recheck": 0, "Filter": "((production_year >= 2005) AND (production_year <= 2010))", "Rows Removed by Filter": 6}]}, {"Node Type": "Index Scan", "Parent Relationship": "Inner", "Scan Direction": "Forward", "Index Name": "movie_id_movie_companies", "Relation Name": "movie_companies", "Alias": "mc", "Startup Cost": 0.0, "Total Cost": 0.37, "Plan Rows": 2, "Plan Width": 32, "Actual Startup Time": 0.039, "Actual Total Time": 0.1, "Actual Rows": 66, "Actual Loops": 4, "Index Cond": "(movie_id = mi_idx.movie_id)", "Rows Removed by Index Recheck": 0, "Filter": "((note)::text !~~ '%(as Metro-Goldwyn-Mayer Pictures)%'::text)", "Rows Removed by Filter": 7}]}]}]}]}, "Triggers": [], "Planner Runtime": 8.066, "Total Runtime": 9.951, "Unique SQL Id": 1162488282}}, "(1, '89')": {"explain_plan": {"Plan": {"Node Type": "Aggregate", "Strategy": "Plain", "Startup Cost": 397839.59, "Total Cost": 397839.6, "Plan Rows": 1, "Plan Width": 113, "Plans": [{"Node Type": "Merge Join", "Parent Relationship": "Outer", "Join Type": "Inner", "Startup Cost": 390323.27, "Total Cost": 394483.56, "Plan Rows": 447470, "Plan Width": 45, "Inner Unique": false, "Merge Cond": "(ct.id = mc.company_type_id)", "Plans": [{"Node Type": "Index Scan", "Parent Relationship": "Outer", "Scan Direction": "Forward", "Index Name": "company_type_pkey", "Relation Name": "company_type", "Alias": "ct", "Startup Cost": 0.0, "Total Cost": 12.3, "Plan Rows": 1, "Plan Width": 4, "Filter": "((kind)::text = 'production companies'::text)"}, {"Node Type": "Sort", "Parent Relationship": "Inner", "Startup Cost": 388979.26, "Total Cost": 390352.26, "Plan Rows": 549199, "Plan Width": 49, "Sort Key": ["mc.company_type_id"], "Plans": [{"Node Type": "Nested Loop", "Parent Relationship": "Outer", "Join Type": "Inner", "Startup Cost": 0.0, "Total Cost": 336621.46, "Plan Rows": 549199, "Plan Width": 49, "Inner Unique": false, "Join Filter": "(t.id = mc.movie_id), (LLVM Optimized)", "Plans": [{"Node Type": "Nested Loop", "Parent Relationship": "Outer", "Join Type": "Inner", "Startup Cost": 0.0, "Total Cost": 180704.42, "Plan Rows": 396404, "Plan Width": 29, "Inner Unique": true, "Plans": [{"Node Type": "Nested Loop", "Parent Relationship": "Outer", "Join Type": "Inner", "Startup Cost": 0.0, "Total Cost": 38338.2, "Plan Rows": 345008, "Plan Width": 4, "Inner Unique": false, "Plans": [{"Node Type": "Index Scan", "Parent Relationship": "Outer", "Scan Direction": "Forward", "Index Name": "info_type_pkey", "Relation Name": "info_type", "Alias": "it", "Startup Cost": 0.0, "Total Cost": 14.21, "Plan Rows": 1, "Plan Width": 4, "Filter": "((info)::text = 'bottom 10 rank'::text)"}, {"Node Type": "Index Scan", "Parent Relationship": "Inner", "Scan Direction": "Forward", "Index Name": "info_type_id_movie_info_idx", "Relation Name": "movie_info_idx", "Alias": "mi_idx", "Startup Cost": 0.0, "Total Cost": 34873.91, "Plan Rows": 345008, "Plan Width": 8, "Index Cond": "(info_type_id = it.id), (LLVM Optimized)"}]}, {"Node Type": "Index Scan", "Parent Relationship": "Inner", "Scan Direction": "Forward", "Index Name": "title_pkey", "Relation Name": "title", "Alias": "t", "Startup Cost": 0.0, "Total Cost": 0.4, "Plan Rows": 1, "Plan Width": 25, "Index Cond": "(id = mi_idx.movie_id)", "Filter": "((production_year >= 2005) AND (production_year <= 2010))"}]}, {"Node Type": "Index Scan", "Parent Relationship": "Inner", "Scan Direction": "Forward", "Index Name": "movie_id_movie_companies", "Relation Name": "movie_companies", "Alias": "mc", "Startup Cost": 0.0, "Total Cost": 0.37, "Plan Rows": 2, "Plan Width": 32, "Index Cond": "(movie_id = mi_idx.movie_id)", "Filter": "((note)::text !~~ '%(as Metro-Goldwyn-Mayer Pictures)%'::text)"}]}]}]}]}, "Unique SQL Id": 1162488282, "Planner Runtime": 7}, "explain_analyze_plan": {"Plan": {"Node Type": "Aggregate", "Strategy": "Plain", "Startup Cost": 397839.59, "Total Cost": 397839.6, "Plan Rows": 1, "Plan Width": 113, "Actual Startup Time": 0.395, "Actual Total Time": 0.395, "Actual Rows": 1, "Actual Loops": 1, "Plans": [{"Node Type": "Merge Join", "Parent Relationship": "Outer", "Join Type": "Inner", "Startup Cost": 390323.27, "Total Cost": 394483.56, "Plan Rows": 447470, "Plan Width": 45, "Actual Startup Time": 0.374, "Actual Total Time": 0.381, "Actual Rows": 3, "Actual Loops": 1, "Inner Unique": false, "Merge Cond": "(ct.id = mc.company_type_id)", "Plans": [{"Node Type": "Index Scan", "Parent Relationship": "Outer", "Scan Direction": "Forward", "Index Name": "company_type_pkey", "Relation Name": "company_type", "Alias": "ct", "Startup Cost": 0.0, "Total Cost": 12.3, "Plan Rows": 1, "Plan Width": 4, "Actual Startup Time": 0.024, "Actual Total Time": 0.027, "Actual Rows": 1, "Actual Loops": 1, "Filter": "((kind)::text = 'production companies'::text)", "Rows Removed by Filter": 2}, {"Node Type": "Sort", "Parent Relationship": "Inner", "Startup Cost": 388979.26, "Total Cost": 390352.26, "Plan Rows": 549199, "Plan Width": 49, "Actual Startup Time": 0.327, "Actual Total Time": 0.332, "Actual Rows": 66, "Actual Loops": 1, "Sort Key": ["mc.company_type_id"], "Sort Method": "quicksort", "Sort Space Used": 35, "Sort Space Type": "Memory", "Plans": [{"Node Type": "Nested Loop", "Parent Relationship": "Outer", "Join Type": "Inner", "Startup Cost": 0.0, "Total Cost": 336621.46, "Plan Rows": 549199, "Plan Width": 49, "Actual Startup Time": 0.138, "Actual Total Time": 0.281, "Actual Rows": 66, "Actual Loops": 1, "Inner Unique": false, "Join Filter": "(t.id = mc.movie_id), (LLVM Optimized)", "Rows Removed by Join Filter": 0, "Plans": [{"Node Type": "Nested Loop", "Parent Relationship": "Outer", "Join Type": "Inner", "Startup Cost": 0.0, "Total Cost": 180704.42, "Plan Rows": 396404, "Plan Width": 29, "Actual Startup Time": 0.123, "Actual Total Time": 0.156, "Actual Rows": 4, "Actual Loops": 1, "Inner Unique": true, "Plans": [{"Node Type": "Nested Loop", "Parent Relationship": "Outer", "Join Type": "Inner", "Startup Cost": 0.0, "Total Cost": 38338.2, "Plan Rows": 345008, "Plan Width": 4, "Actual Startup Time": 0.07, "Actual Total Time": 0.08, "Actual Rows": 10, "Actual Loops": 1, "Inner Unique": false, "Plans": [{"Node Type": "Index Scan", "Parent Relationship": "Outer", "Scan Direction": "Forward", "Index Name": "info_type_pkey", "Relation Name": "info_type", "Alias": "it", "Startup Cost": 0.0, "Total Cost": 14.21, "Plan Rows": 1, "Plan Width": 4, "Actual Startup Time": 0.057, "Actual Total Time": 0.057, "Actual Rows": 1, "Actual Loops": 1, "Filter": "((info)::text = 'bottom 10 rank'::text)", "Rows Removed by Filter": 111}, {"Node Type": "Index Scan", "Parent Relationship": "Inner", "Scan Direction": "Forward", "Index Name": "info_type_id_movie_info_idx", "Relation Name": "movie_info_idx", "Alias": "mi_idx", "Startup Cost": 0.0, "Total Cost": 34873.91, "Plan Rows": 345008, "Plan Width": 8, "Actual Startup Time": 0.009, "Actual Total Time": 0.016, "Actual Rows": 10, "Actual Loops": 1, "Index Cond": "(info_type_id = it.id), (LLVM Optimized)", "Rows Removed by Index Recheck": 0}]}, {"Node Type": "Index Scan", "Parent Relationship": "Inner", "Scan Direction": "Forward", "Index Name": "title_pkey", "Relation Name": "title", "Alias": "t", "Startup Cost": 0.0, "Total Cost": 0.4, "Plan Rows": 1, "Plan Width": 25, "Actual Startup Time": 0.067, "Actual Total Time": 0.067, "Actual Rows": 4, "Actual Loops": 10, "Index Cond": "(id = mi_idx.movie_id)", "Rows Removed by Index Recheck": 0, "Filter": "((production_year >= 2005) AND (production_year <= 2010))", "Rows Removed by Filter": 6}]}, {"Node Type": "Index Scan", "Parent Relationship": "Inner", "Scan Direction": "Forward", "Index Name": "movie_id_movie_companies", "Relation Name": "movie_companies", "Alias": "mc", "Startup Cost": 0.0, "Total Cost": 0.37, "Plan Rows": 2, "Plan Width": 32, "Actual Startup Time": 0.038, "Actual Total Time": 0.098, "Actual Rows": 66, "Actual Loops": 4, "Index Cond": "(movie_id = mi_idx.movie_id)", "Rows Removed by Index Recheck": 0, "Filter": "((note)::text !~~ '%(as Metro-Goldwyn-Mayer Pictures)%'::text)", "Rows Removed by Filter": 7}]}]}]}]}, "Triggers": [], "Planner Runtime": 7.444, "Total Runtime": 9.94, "Unique SQL Id": 1162488282}}, "(1, '90')": {"explain_plan": {"Plan": {"Node Type": "Aggregate", "Strategy": "Plain", "Startup Cost": 767601.74, "Total Cost": 767601.75, "Plan Rows": 1, "Plan Width": 113, "Plans": [{"Node Type": "Merge Join", "Parent Relationship": "Outer", "Join Type": "Inner", "Startup Cost": 760097.72, "Total Cost": 764245.71, "Plan Rows": 447470, "Plan Width": 45, "Inner Unique": false, "Merge Cond": "(ct.id = mc.company_type_id)", "Plans": [{"Node Type": "Sort", "Parent Relationship": "Outer", "Startup Cost": 1.05, "Total Cost": 1.05, "Plan Rows": 1, "Plan Width": 4, "Sort Key": ["ct.id"], "Plans": [{"Node Type": "Seq Scan", "Parent Relationship": "Outer", "Relation Name": "company_type", "Alias": "ct", "Startup Cost": 0.0, "Total Cost": 1.04, "Plan Rows": 1, "Plan Width": 4, "Filter": "((kind)::text = 'production companies'::text)"}]}, {"Node Type": "Sort", "Parent Relationship": "Inner", "Startup Cost": 758752.66, "Total Cost": 760125.66, "Plan Rows": 549199, "Plan Width": 49, "Sort Key": ["mc.company_type_id"], "Plans": [{"Node Type": "Merge Join", "Parent Relationship": "Outer", "Join Type": "Inner", "Startup Cost": 672177.02, "Total Cost": 706394.86, "Plan Rows": 549199, "Plan Width": 49, "Inner Unique": true, "Merge Cond": "(mc.movie_id = t.id)", "Plans": [{"Node Type": "Merge Join", "Parent Relationship": "Outer", "Join Type": "Inner", "Startup Cost": 529498.2, "Total Cost": 552558.76, "Plan Rows": 829046, "Plan Width": 36, "Inner Unique": false, "Merge Cond": "(mi_idx.movie_id = mc.movie_id)", "Plans": [{"Node Type": "Sort", "Parent Relationship": "Outer", "Startup Cost": 203099.06, "Total Cost": 203961.58, "Plan Rows": 345008, "Plan Width": 4, "Sort Key": ["mi_idx.movie_id"], "Plans": [{"Node Type": "Merge Join", "Parent Relationship": "Outer", "Join Type": "Inner", "Startup Cost": 161014.5, "Total Cost": 171364.75, "Plan Rows": 345008, "Plan Width": 4, "Inner Unique": false, "Merge Cond": "(it.id = mi_idx.info_type_id)", "Plans": [{"Node Type": "Sort", "Parent Relationship": "Outer", "Startup Cost": 2.41, "Total Cost": 2.42, "Plan Rows": 1, "Plan Width": 4, "Sort Key": ["it.id"], "Plans": [{"Node Type": "Seq Scan", "Parent Relationship": "Outer", "Relation Name": "info_type", "Alias": "it", "Startup Cost": 0.0, "Total Cost": 2.4, "Plan Rows": 1, "Plan Width": 4, "Filter": "((info)::text = 'bottom 10 rank'::text)"}]}, {"Node Type": "Sort", "Parent Relationship": "Inner", "Startup Cost": 161012.09, "Total Cost": 164462.17, "Plan Rows": 1380034, "Plan Width": 8, "Sort Key": ["mi_idx.info_type_id"], "Plans": [{"Node Type": "Seq Scan", "Parent Relationship": "Outer", "Relation Name": "movie_info_idx", "Alias": "mi_idx", "Startup Cost": 0.0, "Total Cost": 20274.34, "Plan Rows": 1380034, "Plan Width": 8}]}]}]}, {"Node Type": "Sort", "Parent Relationship": "Inner", "Startup Cost": 326399.11, "Total Cost": 332921.7, "Plan Rows": 2609035, "Plan Width": 32, "Sort Key": ["mc.movie_id"], "Plans": [{"Node Type": "Seq Scan", "Parent Relationship": "Outer", "Relation Name": "movie_companies", "Alias": "mc", "Startup Cost": 0.0, "Total Cost": 48340.1, "Plan Rows": 2609035, "Plan Width": 32, "Filter": "((note)::text !~~ '%(as Metro-Goldwyn-Mayer Pictures)%'::text), (LLVM Optimized)"}]}]}, {"Node Type": "Sort", "Parent Relationship": "Inner", "Startup Cost": 142678.74, "Total Cost": 144476.84, "Plan Rows": 719240, "Plan Width": 25, "Sort Key": ["t.id"], "Plans": [{"Node Type": "Seq Scan", "Parent Relationship": "Outer", "Relation Name": "title", "Alias": "t", "Startup Cost": 2083.5, "Total Cost": 72710.67, "Plan Rows": 719240, "Plan Width": 25, "Filter": "((production_year >= 2005) AND (production_year <= 2010)), (LLVM Optimized)"}]}]}]}]}]}, "Unique SQL Id": 1162488282, "Planner Runtime": 5}, "explain_analyze_plan": {"Plan": {"Node Type": "Aggregate", "Strategy": "Plain", "Startup Cost": 767601.74, "Total Cost": 767601.75, "Plan Rows": 1, "Plan Width": 113, "Actual Startup Time": 4419.819, "Actual Total Time": 4419.82, "Actual Rows": 1, "Actual Loops": 1, "Plans": [{"Node Type": "Merge Join", "Parent Relationship": "Outer", "Join Type": "Inner", "Startup Cost": 760097.72, "Total Cost": 764245.71, "Plan Rows": 447470, "Plan Width": 45, "Actual Startup Time": 4419.787, "Actual Total Time": 4419.793, "Actual Rows": 3, "Actual Loops": 1, "Inner Unique": false, "Merge Cond": "(ct.id = mc.company_type_id)", "Plans": [{"Node Type": "Sort", "Parent Relationship": "Outer", "Startup Cost": 1.05, "Total Cost": 1.05, "Plan Rows": 1, "Plan Width": 4, "Actual Startup Time": 0.039, "Actual Total Time": 0.039, "Actual Rows": 1, "Actual Loops": 1, "Sort Key": ["ct.id"], "Sort Method": "quicksort", "Sort Space Used": 25, "Sort Space Type": "Memory", "Plans": [{"Node Type": "Seq Scan", "Parent Relationship": "Outer", "Relation Name": "company_type", "Alias": "ct", "Startup Cost": 0.0, "Total Cost": 1.04, "Plan Rows": 1, "Plan Width": 4, "Actual Startup Time": 0.022, "Actual Total Time": 0.025, "Actual Rows": 1, "Actual Loops": 1, "Filter": "((kind)::text = 'production companies'::text)", "Rows Removed by Filter": 2}]}, {"Node Type": "Sort", "Parent Relationship": "Inner", "Startup Cost": 758752.66, "Total Cost": 760125.66, "Plan Rows": 549199, "Plan Width": 49, "Actual Startup Time": 4419.713, "Actual Total Time": 4419.726, "Actual Rows": 66, "Actual Loops": 1, "Sort Key": ["mc.company_type_id"], "Sort Method": "quicksort", "Sort Space Used": 35, "Sort Space Type": "Memory", "Plans": [{"Node Type": "Merge Join", "Parent Relationship": "Outer", "Join Type": "Inner", "Startup Cost": 672177.02, "Total Cost": 706394.86, "Plan Rows": 549199, "Plan Width": 49, "Actual Startup Time": 4152.268, "Actual Total Time": 4419.65, "Actual Rows": 66, "Actual Loops": 1, "Inner Unique": true, "Merge Cond": "(mc.movie_id = t.id)", "Plans": [{"Node Type": "Merge Join", "Parent Relationship": "Outer", "Join Type": "Inner", "Startup Cost": 529498.2, "Total Cost": 552558.76, "Plan Rows": 829046, "Plan Width": 36, "Actual Startup Time": 2770.474, "Actual Total Time": 2992.304, "Actual Rows": 100, "Actual Loops": 1, "Inner Unique": false, "Merge Cond": "(mi_idx.movie_id = mc.movie_id)", "Plans": [{"Node Type": "Sort", "Parent Relationship": "Outer", "Startup Cost": 203099.06, "Total Cost": 203961.58, "Plan Rows": 345008, "Plan Width": 4, "Actual Startup Time": 1125.316, "Actual Total Time": 1125.321, "Actual Rows": 10, "Actual Loops": 1, "Sort Key": ["mi_idx.movie_id"], "Sort Method": "quicksort", "Sort Space Used": 25, "Sort Space Type": "Memory", "Plans": [{"Node Type": "Merge Join", "Parent Relationship": "Outer", "Join Type": "Inner", "Startup Cost": 161014.5, "Total Cost": 171364.75, "Plan Rows": 345008, "Plan Width": 4, "Actual Startup Time": 1124.199, "Actual Total Time": 1125.296, "Actual Rows": 10, "Actual Loops": 1, "Inner Unique": false, "Merge Cond": "(it.id = mi_idx.info_type_id)", "Plans": [{"Node Type": "Sort", "Parent Relationship": "Outer", "Startup Cost": 2.41, "Total Cost": 2.42, "Plan Rows": 1, "Plan Width": 4, "Actual Startup Time": 0.045, "Actual Total Time": 0.045, "Actual Rows": 1, "Actual Loops": 1, "Sort Key": ["it.id"], "Sort Method": "quicksort", "Sort Space Used": 25, "Sort Space Type": "Memory", "Plans": [{"Node Type": "Seq Scan", "Parent Relationship": "Outer", "Relation Name": "info_type", "Alias": "it", "Startup Cost": 0.0, "Total Cost": 2.4, "Plan Rows": 1, "Plan Width": 4, "Actual Startup Time": 0.04, "Actual Total Time": 0.041, "Actual Rows": 1, "Actual Loops": 1, "Filter": "((info)::text = 'bottom 10 rank'::text)", "Rows Removed by Filter": 111}]}, {"Node Type": "Sort", "Parent Relationship": "Inner", "Startup Cost": 161012.09, "Total Cost": 164462.17, "Plan Rows": 1380034, "Plan Width": 8, "Actual Startup Time": 699.614, "Actual Total Time": 932.599, "Actual Rows": 1380034, "Actual Loops": 1, "Sort Key": ["mi_idx.info_type_id"], "Sort Method": "quicksort", "Sort Space Used": 135405, "Sort Space Type": "Memory", "Plans": [{"Node Type": "Seq Scan", "Parent Relationship": "Outer", "Relation Name": "movie_info_idx", "Alias": "mi_idx", "Startup Cost": 0.0, "Total Cost": 20274.34, "Plan Rows": 1380034, "Plan Width": 8, "Actual Startup Time": 0.033, "Actual Total Time": 363.356, "Actual Rows": 1380034, "Actual Loops": 1}]}]}]}, {"Node Type": "Sort", "Parent Relationship": "Inner", "Startup Cost": 326399.11, "Total Cost": 332921.7, "Plan Rows": 2609035, "Plan Width": 32, "Actual Startup Time": 1507.249, "Actual Total Time": 1645.15, "Actual Rows": 1263891, "Actual Loops": 1, "Sort Key": ["mc.movie_id"], "Sort Method": "quicksort", "Sort Space Used": 184544, "Sort Space Type": "Memory", "Plans": [{"Node Type": "Seq Scan", "Parent Relationship": "Outer", "Relation Name": "movie_companies", "Alias": "mc", "Startup Cost": 0.0, "Total Cost": 48340.1, "Plan Rows": 2609035, "Plan Width": 32, "Actual Startup Time": 0.048, "Actual Total Time": 992.658, "Actual Rows": 1337087, "Actual Loops": 1, "Filter": "((note)::text !~~ '%(as Metro-Goldwyn-Mayer Pictures)%'::text), (LLVM Optimized, Jit Execute)", "Rows Removed by Filter": 1272041}]}]}, {"Node Type": "Sort", "Parent Relationship": "Inner", "Startup Cost": 142678.74, "Total Cost": 144476.84, "Plan Rows": 719240, "Plan Width": 25, "Actual Startup Time": 1198.253, "Actual Total Time": 1314.204, "Actual Rows": 698261, "Actual Loops": 1, "Sort Key": ["t.id"], "Sort Method": "quicksort", "Sort Space Used": 95710, "Sort Space Type": "Memory", "Plans": [{"Node Type": "Seq Scan", "Parent Relationship": "Outer", "Relation Name": "title", "Alias": "t", "Startup Cost": 2083.5, "Total Cost": 72710.67, "Plan Rows": 719240, "Plan Width": 25, "Actual Startup Time": 0.059, "Actual Total Time": 878.829, "Actual Rows": 716259, "Actual Loops": 1, "Filter": "((production_year >= 2005) AND (production_year <= 2010)), (LLVM Optimized, Jit Execute)", "Rows Removed by Filter": 1812052}]}]}]}]}]}, "Triggers": [], "Planner Runtime": 5.849, "Total Runtime": 4429.636, "Unique SQL Id": 1162488282}}, "(1, '91')": {"explain_plan": {"Plan": {"Node Type": "Aggregate", "Strategy": "Plain", "Startup Cost": 4997224573678.84, "Total Cost": 4997224573678.85, "Plan Rows": 1, "Plan Width": 113, "Plans": [{"Node Type": "Merge Join", "Parent Relationship": "Outer", "Join Type": "Inner", "Startup Cost": 4007224564944.58, "Total Cost": 4997224570322.82, "Plan Rows": 447470, "Plan Width": 45, "Inner Unique": false, "Merge Cond": "(ct.id = mc.company_type_id)", "Plans": [{"Node Type": "Index Scan", "Parent Relationship": "Outer", "Scan Direction": "Forward", "Index Name": "company_type_pkey", "Relation Name": "company_type", "Alias": "ct", "Startup Cost": 10000000000.0, "Total Cost": 1000000001230.25, "Plan Rows": 1, "Plan Width": 4, "Filter": "((kind)::text = 'production companies'::text)"}, {"Node Type": "Sort", "Parent Relationship": "Inner", "Startup Cost": 3997224563600.57, "Total Cost": 3997224564973.57, "Plan Rows": 549199, "Plan Width": 49, "Sort Key": ["mc.company_type_id"], "Plans": [{"Node Type": "Merge Join", "Parent Relationship": "Outer", "Join Type": "Inner", "Startup Cost": 2020023888991.49, "Total Cost": 3997224511242.77, "Plan Rows": 549199, "Plan Width": 49, "Inner Unique": false, "Merge Cond": "(t.id = mi_idx.movie_id)", "Plans": [{"Node Type": "Merge Join", "Parent Relationship": "Outer", "Join Type": "Inner", "Startup Cost": 20022023519.89, "Total Cost": 1999077618211.31, "Plan Rows": 1728348, "Plan Width": 57, "Inner Unique": false, "Merge Cond": "(t.id = mc.movie_id)", "Plans": [{"Node Type": "Index Scan", "Parent Relationship": "Outer", "Scan Direction": "Forward", "Index Name": "title_pkey", "Relation Name": "title", "Alias": "t", "Startup Cost": 10000000000.0, "Total Cost": 1000012276204.41, "Plan Rows": 719240, "Plan Width": 25, "Filter": "((production_year >= 2005) AND (production_year <= 2010)), (LLVM Optimized)"}, {"Node Type": "Index Scan", "Parent Relationship": "Inner", "Scan Direction": "Forward", "Index Name": "movie_id_movie_companies", "Relation Name": "movie_companies", "Alias": "mc", "Startup Cost": 10000000000.0, "Total Cost": 1000013704228.13, "Plan Rows": 2609035, "Plan Width": 32, "Filter": "((note)::text !~~ '%(as Metro-Goldwyn-Mayer Pictures)%'::text), (LLVM Optimized)"}]}, {"Node Type": "Sort", "Parent Relationship": "Inner", "Startup Cost": 2000001865471.58, "Total Cost": 2000001866334.1, "Plan Rows": 345008, "Plan Width": 4, "Sort Key": ["mi_idx.movie_id"], "Plans": [{"Node Type": "Nested Loop", "Parent Relationship": "Outer", "Join Type": "Inner", "Startup Cost": 20000007502.06, "Total Cost": 2000001833737.28, "Plan Rows": 345008, "Plan Width": 4, "Inner Unique": false, "Plans": [{"Node Type": "Index Scan", "Parent Relationship": "Outer", "Scan Direction": "Forward", "Index Name": "info_type_pkey", "Relation Name": "info_type", "Alias": "it", "Startup Cost": 10000000000.0, "Total Cost": 1000000001421.0, "Plan Rows": 1, "Plan Width": 4, "Filter": "((info)::text = 'bottom 10 rank'::text)"}, {"Node Type": "Bitmap Heap Scan", "Parent Relationship": "Inner", "Relation Name": "movie_info_idx", "Alias": "mi_idx", "Startup Cost": 10000007502.06, "Total Cost": 1000001828866.2, "Plan Rows": 345008, "Plan Width": 8, "Recheck Cond": "(info_type_id = it.id), (LLVM Optimized)", "Plans": [{"Node Type": "Bitmap Index Scan", "Parent Relationship": "Outer", "Index Name": "info_type_id_movie_info_idx", "Startup Cost": 0.0, "Total Cost": 7415.81, "Plan Rows": 345008, "Plan Width": 0, "Index Cond": "(info_type_id = it.id)"}]}]}]}]}]}]}]}, "Unique SQL Id": 1162488282, "Planner Runtime": 10}, "explain_analyze_plan": null}, "(1, '92')": {"explain_plan": {"Plan": {"Node Type": "Aggregate", "Strategy": "Plain", "Startup Cost": 397816.53, "Total Cost": 397816.54, "Plan Rows": 1, "Plan Width": 113, "Plans": [{"Node Type": "Merge Join", "Parent Relationship": "Outer", "Join Type": "Inner", "Startup Cost": 390312.51, "Total Cost": 394460.5, "Plan Rows": 447470, "Plan Width": 45, "Inner Unique": false, "Merge Cond": "(ct.id = mc.company_type_id)", "Plans": [{"Node Type": "Sort", "Parent Relationship": "Outer", "Startup Cost": 1.05, "Total Cost": 1.05, "Plan Rows": 1, "Plan Width": 4, "Sort Key": ["ct.id"], "Plans": [{"Node Type": "Seq Scan", "Parent Relationship": "Outer", "Relation Name": "company_type", "Alias": "ct", "Startup Cost": 0.0, "Total Cost": 1.04, "Plan Rows": 1, "Plan Width": 4, "Filter": "((kind)::text = 'production companies'::text)"}]}, {"Node Type": "Sort", "Parent Relationship": "Inner", "Startup Cost": 388967.45, "Total Cost": 390340.45, "Plan Rows": 549199, "Plan Width": 49, "Sort Key": ["mc.company_type_id"], "Plans": [{"Node Type": "Nested Loop", "Parent Relationship": "Outer", "Join Type": "Inner", "Startup Cost": 0.0, "Total Cost": 336609.65, "Plan Rows": 549199, "Plan Width": 49, "Inner Unique": false, "Join Filter": "(t.id = mc.movie_id), (LLVM Optimized)", "Plans": [{"Node Type": "Nested Loop", "Parent Relationship": "Outer", "Join Type": "Inner", "Startup Cost": 0.0, "Total Cost": 180692.61, "Plan Rows": 396404, "Plan Width": 29, "Inner Unique": true, "Plans": [{"Node Type": "Nested Loop", "Parent Relationship": "Outer", "Join Type": "Inner", "Startup Cost": 0.0, "Total Cost": 38326.39, "Plan Rows": 345008, "Plan Width": 4, "Inner Unique": false, "Plans": [{"Node Type": "Seq Scan", "Parent Relationship": "Outer", "Relation Name": "info_type", "Alias": "it", "Startup Cost": 0.0, "Total Cost": 2.4, "Plan Rows": 1, "Plan Width": 4, "Filter": "((info)::text = 'bottom 10 rank'::text)"}, {"Node Type": "Index Scan", "Parent Relationship": "Inner", "Scan Direction": "Forward", "Index Name": "info_type_id_movie_info_idx", "Relation Name": "movie_info_idx", "Alias": "mi_idx", "Startup Cost": 0.0, "Total Cost": 34873.91, "Plan Rows": 345008, "Plan Width": 8, "Index Cond": "(info_type_id = it.id), (LLVM Optimized)"}]}, {"Node Type": "Index Scan", "Parent Relationship": "Inner", "Scan Direction": "Forward", "Index Name": "title_pkey", "Relation Name": "title", "Alias": "t", "Startup Cost": 0.0, "Total Cost": 0.4, "Plan Rows": 1, "Plan Width": 25, "Index Cond": "(id = mi_idx.movie_id)", "Filter": "((production_year >= 2005) AND (production_year <= 2010))"}]}, {"Node Type": "Index Scan", "Parent Relationship": "Inner", "Scan Direction": "Forward", "Index Name": "movie_id_movie_companies", "Relation Name": "movie_companies", "Alias": "mc", "Startup Cost": 0.0, "Total Cost": 0.37, "Plan Rows": 2, "Plan Width": 32, "Index Cond": "(movie_id = mi_idx.movie_id)", "Filter": "((note)::text !~~ '%(as Metro-Goldwyn-Mayer Pictures)%'::text)"}]}]}]}]}, "Unique SQL Id": 1162488282, "Planner Runtime": 8}, "explain_analyze_plan": {"Plan": {"Node Type": "Aggregate", "Strategy": "Plain", "Startup Cost": 397816.53, "Total Cost": 397816.54, "Plan Rows": 1, "Plan Width": 113, "Actual Startup Time": 0.433, "Actual Total Time": 0.434, "Actual Rows": 1, "Actual Loops": 1, "Plans": [{"Node Type": "Merge Join", "Parent Relationship": "Outer", "Join Type": "Inner", "Startup Cost": 390312.51, "Total Cost": 394460.5, "Plan Rows": 447470, "Plan Width": 45, "Actual Startup Time": 0.41, "Actual Total Time": 0.415, "Actual Rows": 3, "Actual Loops": 1, "Inner Unique": false, "Merge Cond": "(ct.id = mc.company_type_id)", "Plans": [{"Node Type": "Sort", "Parent Relationship": "Outer", "Startup Cost": 1.05, "Total Cost": 1.05, "Plan Rows": 1, "Plan Width": 4, "Actual Startup Time": 0.049, "Actual Total Time": 0.049, "Actual Rows": 1, "Actual Loops": 1, "Sort Key": ["ct.id"], "Sort Method": "quicksort", "Sort Space Used": 25, "Sort Space Type": "Memory", "Plans": [{"Node Type": "Seq Scan", "Parent Relationship": "Outer", "Relation Name": "company_type", "Alias": "ct", "Startup Cost": 0.0, "Total Cost": 1.04, "Plan Rows": 1, "Plan Width": 4, "Actual Startup Time": 0.027, "Actual Total Time": 0.03, "Actual Rows": 1, "Actual Loops": 1, "Filter": "((kind)::text = 'production companies'::text)", "Rows Removed by Filter": 2}]}, {"Node Type": "Sort", "Parent Relationship": "Inner", "Startup Cost": 388967.45, "Total Cost": 390340.45, "Plan Rows": 549199, "Plan Width": 49, "Actual Startup Time": 0.34, "Actual Total Time": 0.345, "Actual Rows": 66, "Actual Loops": 1, "Sort Key": ["mc.company_type_id"], "Sort Method": "quicksort", "Sort Space Used": 35, "Sort Space Type": "Memory", "Plans": [{"Node Type": "Nested Loop", "Parent Relationship": "Outer", "Join Type": "Inner", "Startup Cost": 0.0, "Total Cost": 336609.65, "Plan Rows": 549199, "Plan Width": 49, "Actual Startup Time": 0.156, "Actual Total Time": 0.307, "Actual Rows": 66, "Actual Loops": 1, "Inner Unique": false, "Join Filter": "(t.id = mc.movie_id), (LLVM Optimized)", "Rows Removed by Join Filter": 0, "Plans": [{"Node Type": "Nested Loop", "Parent Relationship": "Outer", "Join Type": "Inner", "Startup Cost": 0.0, "Total Cost": 180692.61, "Plan Rows": 396404, "Plan Width": 29, "Actual Startup Time": 0.139, "Actual Total Time": 0.177, "Actual Rows": 4, "Actual Loops": 1, "Inner Unique": true, "Plans": [{"Node Type": "Nested Loop", "Parent Relationship": "Outer", "Join Type": "Inner", "Startup Cost": 0.0, "Total Cost": 38326.39, "Plan Rows": 345008, "Plan Width": 4, "Actual Startup Time": 0.076, "Actual Total Time": 0.086, "Actual Rows": 10, "Actual Loops": 1, "Inner Unique": false, "Plans": [{"Node Type": "Seq Scan", "Parent Relationship": "Outer", "Relation Name": "info_type", "Alias": "it", "Startup Cost": 0.0, "Total Cost": 2.4, "Plan Rows": 1, "Plan Width": 4, "Actual Startup Time": 0.055, "Actual Total Time": 0.059, "Actual Rows": 1, "Actual Loops": 1, "Filter": "((info)::text = 'bottom 10 rank'::text)", "Rows Removed by Filter": 111}, {"Node Type": "Index Scan", "Parent Relationship": "Inner", "Scan Direction": "Forward", "Index Name": "info_type_id_movie_info_idx", "Relation Name": "movie_info_idx", "Alias": "mi_idx", "Startup Cost": 0.0, "Total Cost": 34873.91, "Plan Rows": 345008, "Plan Width": 8, "Actual Startup Time": 0.017, "Actual Total Time": 0.022, "Actual Rows": 10, "Actual Loops": 1, "Index Cond": "(info_type_id = it.id), (LLVM Optimized)", "Rows Removed by Index Recheck": 0}]}, {"Node Type": "Index Scan", "Parent Relationship": "Inner", "Scan Direction": "Forward", "Index Name": "title_pkey", "Relation Name": "title", "Alias": "t", "Startup Cost": 0.0, "Total Cost": 0.4, "Plan Rows": 1, "Plan Width": 25, "Actual Startup Time": 0.081, "Actual Total Time": 0.081, "Actual Rows": 4, "Actual Loops": 10, "Index Cond": "(id = mi_idx.movie_id)", "Rows Removed by Index Recheck": 0, "Filter": "((production_year >= 2005) AND (production_year <= 2010))", "Rows Removed by Filter": 6}]}, {"Node Type": "Index Scan", "Parent Relationship": "Inner", "Scan Direction": "Forward", "Index Name": "movie_id_movie_companies", "Relation Name": "movie_companies", "Alias": "mc", "Startup Cost": 0.0, "Total Cost": 0.37, "Plan Rows": 2, "Plan Width": 32, "Actual Startup Time": 0.039, "Actual Total Time": 0.1, "Actual Rows": 66, "Actual Loops": 4, "Index Cond": "(movie_id = mi_idx.movie_id)", "Rows Removed by Index Recheck": 0, "Filter": "((note)::text !~~ '%(as Metro-Goldwyn-Mayer Pictures)%'::text)", "Rows Removed by Filter": 7}]}]}]}]}, "Triggers": [], "Planner Runtime": 8.066, "Total Runtime": 9.951, "Unique SQL Id": 1162488282}}, "(1, '93')": {"explain_plan": {"Plan": {"Node Type": "Aggregate", "Strategy": "Plain", "Startup Cost": 397839.59, "Total Cost": 397839.6, "Plan Rows": 1, "Plan Width": 113, "Plans": [{"Node Type": "Merge Join", "Parent Relationship": "Outer", "Join Type": "Inner", "Startup Cost": 390323.27, "Total Cost": 394483.56, "Plan Rows": 447470, "Plan Width": 45, "Inner Unique": false, "Merge Cond": "(ct.id = mc.company_type_id)", "Plans": [{"Node Type": "Index Scan", "Parent Relationship": "Outer", "Scan Direction": "Forward", "Index Name": "company_type_pkey", "Relation Name": "company_type", "Alias": "ct", "Startup Cost": 0.0, "Total Cost": 12.3, "Plan Rows": 1, "Plan Width": 4, "Filter": "((kind)::text = 'production companies'::text)"}, {"Node Type": "Sort", "Parent Relationship": "Inner", "Startup Cost": 388979.26, "Total Cost": 390352.26, "Plan Rows": 549199, "Plan Width": 49, "Sort Key": ["mc.company_type_id"], "Plans": [{"Node Type": "Nested Loop", "Parent Relationship": "Outer", "Join Type": "Inner", "Startup Cost": 0.0, "Total Cost": 336621.46, "Plan Rows": 549199, "Plan Width": 49, "Inner Unique": false, "Join Filter": "(t.id = mc.movie_id), (LLVM Optimized)", "Plans": [{"Node Type": "Nested Loop", "Parent Relationship": "Outer", "Join Type": "Inner", "Startup Cost": 0.0, "Total Cost": 180704.42, "Plan Rows": 396404, "Plan Width": 29, "Inner Unique": true, "Plans": [{"Node Type": "Nested Loop", "Parent Relationship": "Outer", "Join Type": "Inner", "Startup Cost": 0.0, "Total Cost": 38338.2, "Plan Rows": 345008, "Plan Width": 4, "Inner Unique": false, "Plans": [{"Node Type": "Index Scan", "Parent Relationship": "Outer", "Scan Direction": "Forward", "Index Name": "info_type_pkey", "Relation Name": "info_type", "Alias": "it", "Startup Cost": 0.0, "Total Cost": 14.21, "Plan Rows": 1, "Plan Width": 4, "Filter": "((info)::text = 'bottom 10 rank'::text)"}, {"Node Type": "Index Scan", "Parent Relationship": "Inner", "Scan Direction": "Forward", "Index Name": "info_type_id_movie_info_idx", "Relation Name": "movie_info_idx", "Alias": "mi_idx", "Startup Cost": 0.0, "Total Cost": 34873.91, "Plan Rows": 345008, "Plan Width": 8, "Index Cond": "(info_type_id = it.id), (LLVM Optimized)"}]}, {"Node Type": "Index Scan", "Parent Relationship": "Inner", "Scan Direction": "Forward", "Index Name": "title_pkey", "Relation Name": "title", "Alias": "t", "Startup Cost": 0.0, "Total Cost": 0.4, "Plan Rows": 1, "Plan Width": 25, "Index Cond": "(id = mi_idx.movie_id)", "Filter": "((production_year >= 2005) AND (production_year <= 2010))"}]}, {"Node Type": "Index Scan", "Parent Relationship": "Inner", "Scan Direction": "Forward", "Index Name": "movie_id_movie_companies", "Relation Name": "movie_companies", "Alias": "mc", "Startup Cost": 0.0, "Total Cost": 0.37, "Plan Rows": 2, "Plan Width": 32, "Index Cond": "(movie_id = mi_idx.movie_id)", "Filter": "((note)::text !~~ '%(as Metro-Goldwyn-Mayer Pictures)%'::text)"}]}]}]}]}, "Unique SQL Id": 1162488282, "Planner Runtime": 7}, "explain_analyze_plan": {"Plan": {"Node Type": "Aggregate", "Strategy": "Plain", "Startup Cost": 397839.59, "Total Cost": 397839.6, "Plan Rows": 1, "Plan Width": 113, "Actual Startup Time": 0.395, "Actual Total Time": 0.395, "Actual Rows": 1, "Actual Loops": 1, "Plans": [{"Node Type": "Merge Join", "Parent Relationship": "Outer", "Join Type": "Inner", "Startup Cost": 390323.27, "Total Cost": 394483.56, "Plan Rows": 447470, "Plan Width": 45, "Actual Startup Time": 0.374, "Actual Total Time": 0.381, "Actual Rows": 3, "Actual Loops": 1, "Inner Unique": false, "Merge Cond": "(ct.id = mc.company_type_id)", "Plans": [{"Node Type": "Index Scan", "Parent Relationship": "Outer", "Scan Direction": "Forward", "Index Name": "company_type_pkey", "Relation Name": "company_type", "Alias": "ct", "Startup Cost": 0.0, "Total Cost": 12.3, "Plan Rows": 1, "Plan Width": 4, "Actual Startup Time": 0.024, "Actual Total Time": 0.027, "Actual Rows": 1, "Actual Loops": 1, "Filter": "((kind)::text = 'production companies'::text)", "Rows Removed by Filter": 2}, {"Node Type": "Sort", "Parent Relationship": "Inner", "Startup Cost": 388979.26, "Total Cost": 390352.26, "Plan Rows": 549199, "Plan Width": 49, "Actual Startup Time": 0.327, "Actual Total Time": 0.332, "Actual Rows": 66, "Actual Loops": 1, "Sort Key": ["mc.company_type_id"], "Sort Method": "quicksort", "Sort Space Used": 35, "Sort Space Type": "Memory", "Plans": [{"Node Type": "Nested Loop", "Parent Relationship": "Outer", "Join Type": "Inner", "Startup Cost": 0.0, "Total Cost": 336621.46, "Plan Rows": 549199, "Plan Width": 49, "Actual Startup Time": 0.138, "Actual Total Time": 0.281, "Actual Rows": 66, "Actual Loops": 1, "Inner Unique": false, "Join Filter": "(t.id = mc.movie_id), (LLVM Optimized)", "Rows Removed by Join Filter": 0, "Plans": [{"Node Type": "Nested Loop", "Parent Relationship": "Outer", "Join Type": "Inner", "Startup Cost": 0.0, "Total Cost": 180704.42, "Plan Rows": 396404, "Plan Width": 29, "Actual Startup Time": 0.123, "Actual Total Time": 0.156, "Actual Rows": 4, "Actual Loops": 1, "Inner Unique": true, "Plans": [{"Node Type": "Nested Loop", "Parent Relationship": "Outer", "Join Type": "Inner", "Startup Cost": 0.0, "Total Cost": 38338.2, "Plan Rows": 345008, "Plan Width": 4, "Actual Startup Time": 0.07, "Actual Total Time": 0.08, "Actual Rows": 10, "Actual Loops": 1, "Inner Unique": false, "Plans": [{"Node Type": "Index Scan", "Parent Relationship": "Outer", "Scan Direction": "Forward", "Index Name": "info_type_pkey", "Relation Name": "info_type", "Alias": "it", "Startup Cost": 0.0, "Total Cost": 14.21, "Plan Rows": 1, "Plan Width": 4, "Actual Startup Time": 0.057, "Actual Total Time": 0.057, "Actual Rows": 1, "Actual Loops": 1, "Filter": "((info)::text = 'bottom 10 rank'::text)", "Rows Removed by Filter": 111}, {"Node Type": "Index Scan", "Parent Relationship": "Inner", "Scan Direction": "Forward", "Index Name": "info_type_id_movie_info_idx", "Relation Name": "movie_info_idx", "Alias": "mi_idx", "Startup Cost": 0.0, "Total Cost": 34873.91, "Plan Rows": 345008, "Plan Width": 8, "Actual Startup Time": 0.009, "Actual Total Time": 0.016, "Actual Rows": 10, "Actual Loops": 1, "Index Cond": "(info_type_id = it.id), (LLVM Optimized)", "Rows Removed by Index Recheck": 0}]}, {"Node Type": "Index Scan", "Parent Relationship": "Inner", "Scan Direction": "Forward", "Index Name": "title_pkey", "Relation Name": "title", "Alias": "t", "Startup Cost": 0.0, "Total Cost": 0.4, "Plan Rows": 1, "Plan Width": 25, "Actual Startup Time": 0.067, "Actual Total Time": 0.067, "Actual Rows": 4, "Actual Loops": 10, "Index Cond": "(id = mi_idx.movie_id)", "Rows Removed by Index Recheck": 0, "Filter": "((production_year >= 2005) AND (production_year <= 2010))", "Rows Removed by Filter": 6}]}, {"Node Type": "Index Scan", "Parent Relationship": "Inner", "Scan Direction": "Forward", "Index Name": "movie_id_movie_companies", "Relation Name": "movie_companies", "Alias": "mc", "Startup Cost": 0.0, "Total Cost": 0.37, "Plan Rows": 2, "Plan Width": 32, "Actual Startup Time": 0.038, "Actual Total Time": 0.098, "Actual Rows": 66, "Actual Loops": 4, "Index Cond": "(movie_id = mi_idx.movie_id)", "Rows Removed by Index Recheck": 0, "Filter": "((note)::text !~~ '%(as Metro-Goldwyn-Mayer Pictures)%'::text)", "Rows Removed by Filter": 7}]}]}]}]}, "Triggers": [], "Planner Runtime": 7.444, "Total Runtime": 9.94, "Unique SQL Id": 1162488282}}, "(1, '94')": {"explain_plan": {"Plan": {"Node Type": "Aggregate", "Strategy": "Plain", "Startup Cost": 767601.74, "Total Cost": 767601.75, "Plan Rows": 1, "Plan Width": 113, "Plans": [{"Node Type": "Merge Join", "Parent Relationship": "Outer", "Join Type": "Inner", "Startup Cost": 760097.72, "Total Cost": 764245.71, "Plan Rows": 447470, "Plan Width": 45, "Inner Unique": false, "Merge Cond": "(ct.id = mc.company_type_id)", "Plans": [{"Node Type": "Sort", "Parent Relationship": "Outer", "Startup Cost": 1.05, "Total Cost": 1.05, "Plan Rows": 1, "Plan Width": 4, "Sort Key": ["ct.id"], "Plans": [{"Node Type": "Seq Scan", "Parent Relationship": "Outer", "Relation Name": "company_type", "Alias": "ct", "Startup Cost": 0.0, "Total Cost": 1.04, "Plan Rows": 1, "Plan Width": 4, "Filter": "((kind)::text = 'production companies'::text)"}]}, {"Node Type": "Sort", "Parent Relationship": "Inner", "Startup Cost": 758752.66, "Total Cost": 760125.66, "Plan Rows": 549199, "Plan Width": 49, "Sort Key": ["mc.company_type_id"], "Plans": [{"Node Type": "Merge Join", "Parent Relationship": "Outer", "Join Type": "Inner", "Startup Cost": 672177.02, "Total Cost": 706394.86, "Plan Rows": 549199, "Plan Width": 49, "Inner Unique": true, "Merge Cond": "(mc.movie_id = t.id)", "Plans": [{"Node Type": "Merge Join", "Parent Relationship": "Outer", "Join Type": "Inner", "Startup Cost": 529498.2, "Total Cost": 552558.76, "Plan Rows": 829046, "Plan Width": 36, "Inner Unique": false, "Merge Cond": "(mi_idx.movie_id = mc.movie_id)", "Plans": [{"Node Type": "Sort", "Parent Relationship": "Outer", "Startup Cost": 203099.06, "Total Cost": 203961.58, "Plan Rows": 345008, "Plan Width": 4, "Sort Key": ["mi_idx.movie_id"], "Plans": [{"Node Type": "Merge Join", "Parent Relationship": "Outer", "Join Type": "Inner", "Startup Cost": 161014.5, "Total Cost": 171364.75, "Plan Rows": 345008, "Plan Width": 4, "Inner Unique": false, "Merge Cond": "(it.id = mi_idx.info_type_id)", "Plans": [{"Node Type": "Sort", "Parent Relationship": "Outer", "Startup Cost": 2.41, "Total Cost": 2.42, "Plan Rows": 1, "Plan Width": 4, "Sort Key": ["it.id"], "Plans": [{"Node Type": "Seq Scan", "Parent Relationship": "Outer", "Relation Name": "info_type", "Alias": "it", "Startup Cost": 0.0, "Total Cost": 2.4, "Plan Rows": 1, "Plan Width": 4, "Filter": "((info)::text = 'bottom 10 rank'::text)"}]}, {"Node Type": "Sort", "Parent Relationship": "Inner", "Startup Cost": 161012.09, "Total Cost": 164462.17, "Plan Rows": 1380034, "Plan Width": 8, "Sort Key": ["mi_idx.info_type_id"], "Plans": [{"Node Type": "Seq Scan", "Parent Relationship": "Outer", "Relation Name": "movie_info_idx", "Alias": "mi_idx", "Startup Cost": 0.0, "Total Cost": 20274.34, "Plan Rows": 1380034, "Plan Width": 8}]}]}]}, {"Node Type": "Sort", "Parent Relationship": "Inner", "Startup Cost": 326399.11, "Total Cost": 332921.7, "Plan Rows": 2609035, "Plan Width": 32, "Sort Key": ["mc.movie_id"], "Plans": [{"Node Type": "Seq Scan", "Parent Relationship": "Outer", "Relation Name": "movie_companies", "Alias": "mc", "Startup Cost": 0.0, "Total Cost": 48340.1, "Plan Rows": 2609035, "Plan Width": 32, "Filter": "((note)::text !~~ '%(as Metro-Goldwyn-Mayer Pictures)%'::text), (LLVM Optimized)"}]}]}, {"Node Type": "Sort", "Parent Relationship": "Inner", "Startup Cost": 142678.74, "Total Cost": 144476.84, "Plan Rows": 719240, "Plan Width": 25, "Sort Key": ["t.id"], "Plans": [{"Node Type": "Seq Scan", "Parent Relationship": "Outer", "Relation Name": "title", "Alias": "t", "Startup Cost": 2083.5, "Total Cost": 72710.67, "Plan Rows": 719240, "Plan Width": 25, "Filter": "((production_year >= 2005) AND (production_year <= 2010)), (LLVM Optimized)"}]}]}]}]}]}, "Unique SQL Id": 1162488282, "Planner Runtime": 5}, "explain_analyze_plan": {"Plan": {"Node Type": "Aggregate", "Strategy": "Plain", "Startup Cost": 767601.74, "Total Cost": 767601.75, "Plan Rows": 1, "Plan Width": 113, "Actual Startup Time": 4419.819, "Actual Total Time": 4419.82, "Actual Rows": 1, "Actual Loops": 1, "Plans": [{"Node Type": "Merge Join", "Parent Relationship": "Outer", "Join Type": "Inner", "Startup Cost": 760097.72, "Total Cost": 764245.71, "Plan Rows": 447470, "Plan Width": 45, "Actual Startup Time": 4419.787, "Actual Total Time": 4419.793, "Actual Rows": 3, "Actual Loops": 1, "Inner Unique": false, "Merge Cond": "(ct.id = mc.company_type_id)", "Plans": [{"Node Type": "Sort", "Parent Relationship": "Outer", "Startup Cost": 1.05, "Total Cost": 1.05, "Plan Rows": 1, "Plan Width": 4, "Actual Startup Time": 0.039, "Actual Total Time": 0.039, "Actual Rows": 1, "Actual Loops": 1, "Sort Key": ["ct.id"], "Sort Method": "quicksort", "Sort Space Used": 25, "Sort Space Type": "Memory", "Plans": [{"Node Type": "Seq Scan", "Parent Relationship": "Outer", "Relation Name": "company_type", "Alias": "ct", "Startup Cost": 0.0, "Total Cost": 1.04, "Plan Rows": 1, "Plan Width": 4, "Actual Startup Time": 0.022, "Actual Total Time": 0.025, "Actual Rows": 1, "Actual Loops": 1, "Filter": "((kind)::text = 'production companies'::text)", "Rows Removed by Filter": 2}]}, {"Node Type": "Sort", "Parent Relationship": "Inner", "Startup Cost": 758752.66, "Total Cost": 760125.66, "Plan Rows": 549199, "Plan Width": 49, "Actual Startup Time": 4419.713, "Actual Total Time": 4419.726, "Actual Rows": 66, "Actual Loops": 1, "Sort Key": ["mc.company_type_id"], "Sort Method": "quicksort", "Sort Space Used": 35, "Sort Space Type": "Memory", "Plans": [{"Node Type": "Merge Join", "Parent Relationship": "Outer", "Join Type": "Inner", "Startup Cost": 672177.02, "Total Cost": 706394.86, "Plan Rows": 549199, "Plan Width": 49, "Actual Startup Time": 4152.268, "Actual Total Time": 4419.65, "Actual Rows": 66, "Actual Loops": 1, "Inner Unique": true, "Merge Cond": "(mc.movie_id = t.id)", "Plans": [{"Node Type": "Merge Join", "Parent Relationship": "Outer", "Join Type": "Inner", "Startup Cost": 529498.2, "Total Cost": 552558.76, "Plan Rows": 829046, "Plan Width": 36, "Actual Startup Time": 2770.474, "Actual Total Time": 2992.304, "Actual Rows": 100, "Actual Loops": 1, "Inner Unique": false, "Merge Cond": "(mi_idx.movie_id = mc.movie_id)", "Plans": [{"Node Type": "Sort", "Parent Relationship": "Outer", "Startup Cost": 203099.06, "Total Cost": 203961.58, "Plan Rows": 345008, "Plan Width": 4, "Actual Startup Time": 1125.316, "Actual Total Time": 1125.321, "Actual Rows": 10, "Actual Loops": 1, "Sort Key": ["mi_idx.movie_id"], "Sort Method": "quicksort", "Sort Space Used": 25, "Sort Space Type": "Memory", "Plans": [{"Node Type": "Merge Join", "Parent Relationship": "Outer", "Join Type": "Inner", "Startup Cost": 161014.5, "Total Cost": 171364.75, "Plan Rows": 345008, "Plan Width": 4, "Actual Startup Time": 1124.199, "Actual Total Time": 1125.296, "Actual Rows": 10, "Actual Loops": 1, "Inner Unique": false, "Merge Cond": "(it.id = mi_idx.info_type_id)", "Plans": [{"Node Type": "Sort", "Parent Relationship": "Outer", "Startup Cost": 2.41, "Total Cost": 2.42, "Plan Rows": 1, "Plan Width": 4, "Actual Startup Time": 0.045, "Actual Total Time": 0.045, "Actual Rows": 1, "Actual Loops": 1, "Sort Key": ["it.id"], "Sort Method": "quicksort", "Sort Space Used": 25, "Sort Space Type": "Memory", "Plans": [{"Node Type": "Seq Scan", "Parent Relationship": "Outer", "Relation Name": "info_type", "Alias": "it", "Startup Cost": 0.0, "Total Cost": 2.4, "Plan Rows": 1, "Plan Width": 4, "Actual Startup Time": 0.04, "Actual Total Time": 0.041, "Actual Rows": 1, "Actual Loops": 1, "Filter": "((info)::text = 'bottom 10 rank'::text)", "Rows Removed by Filter": 111}]}, {"Node Type": "Sort", "Parent Relationship": "Inner", "Startup Cost": 161012.09, "Total Cost": 164462.17, "Plan Rows": 1380034, "Plan Width": 8, "Actual Startup Time": 699.614, "Actual Total Time": 932.599, "Actual Rows": 1380034, "Actual Loops": 1, "Sort Key": ["mi_idx.info_type_id"], "Sort Method": "quicksort", "Sort Space Used": 135405, "Sort Space Type": "Memory", "Plans": [{"Node Type": "Seq Scan", "Parent Relationship": "Outer", "Relation Name": "movie_info_idx", "Alias": "mi_idx", "Startup Cost": 0.0, "Total Cost": 20274.34, "Plan Rows": 1380034, "Plan Width": 8, "Actual Startup Time": 0.033, "Actual Total Time": 363.356, "Actual Rows": 1380034, "Actual Loops": 1}]}]}]}, {"Node Type": "Sort", "Parent Relationship": "Inner", "Startup Cost": 326399.11, "Total Cost": 332921.7, "Plan Rows": 2609035, "Plan Width": 32, "Actual Startup Time": 1507.249, "Actual Total Time": 1645.15, "Actual Rows": 1263891, "Actual Loops": 1, "Sort Key": ["mc.movie_id"], "Sort Method": "quicksort", "Sort Space Used": 184544, "Sort Space Type": "Memory", "Plans": [{"Node Type": "Seq Scan", "Parent Relationship": "Outer", "Relation Name": "movie_companies", "Alias": "mc", "Startup Cost": 0.0, "Total Cost": 48340.1, "Plan Rows": 2609035, "Plan Width": 32, "Actual Startup Time": 0.048, "Actual Total Time": 992.658, "Actual Rows": 1337087, "Actual Loops": 1, "Filter": "((note)::text !~~ '%(as Metro-Goldwyn-Mayer Pictures)%'::text), (LLVM Optimized, Jit Execute)", "Rows Removed by Filter": 1272041}]}]}, {"Node Type": "Sort", "Parent Relationship": "Inner", "Startup Cost": 142678.74, "Total Cost": 144476.84, "Plan Rows": 719240, "Plan Width": 25, "Actual Startup Time": 1198.253, "Actual Total Time": 1314.204, "Actual Rows": 698261, "Actual Loops": 1, "Sort Key": ["t.id"], "Sort Method": "quicksort", "Sort Space Used": 95710, "Sort Space Type": "Memory", "Plans": [{"Node Type": "Seq Scan", "Parent Relationship": "Outer", "Relation Name": "title", "Alias": "t", "Startup Cost": 2083.5, "Total Cost": 72710.67, "Plan Rows": 719240, "Plan Width": 25, "Actual Startup Time": 0.059, "Actual Total Time": 878.829, "Actual Rows": 716259, "Actual Loops": 1, "Filter": "((production_year >= 2005) AND (production_year <= 2010)), (LLVM Optimized, Jit Execute)", "Rows Removed by Filter": 1812052}]}]}]}]}]}, "Triggers": [], "Planner Runtime": 5.849, "Total Runtime": 4429.636, "Unique SQL Id": 1162488282}}, "(1, '95')": {"explain_plan": {"Plan": {"Node Type": "Aggregate", "Strategy": "Plain", "Startup Cost": 4997224573678.84, "Total Cost": 4997224573678.85, "Plan Rows": 1, "Plan Width": 113, "Plans": [{"Node Type": "Merge Join", "Parent Relationship": "Outer", "Join Type": "Inner", "Startup Cost": 4007224564944.58, "Total Cost": 4997224570322.82, "Plan Rows": 447470, "Plan Width": 45, "Inner Unique": false, "Merge Cond": "(ct.id = mc.company_type_id)", "Plans": [{"Node Type": "Index Scan", "Parent Relationship": "Outer", "Scan Direction": "Forward", "Index Name": "company_type_pkey", "Relation Name": "company_type", "Alias": "ct", "Startup Cost": 10000000000.0, "Total Cost": 1000000001230.25, "Plan Rows": 1, "Plan Width": 4, "Filter": "((kind)::text = 'production companies'::text)"}, {"Node Type": "Sort", "Parent Relationship": "Inner", "Startup Cost": 3997224563600.57, "Total Cost": 3997224564973.57, "Plan Rows": 549199, "Plan Width": 49, "Sort Key": ["mc.company_type_id"], "Plans": [{"Node Type": "Merge Join", "Parent Relationship": "Outer", "Join Type": "Inner", "Startup Cost": 2020023888991.49, "Total Cost": 3997224511242.77, "Plan Rows": 549199, "Plan Width": 49, "Inner Unique": false, "Merge Cond": "(t.id = mi_idx.movie_id)", "Plans": [{"Node Type": "Merge Join", "Parent Relationship": "Outer", "Join Type": "Inner", "Startup Cost": 20022023519.89, "Total Cost": 1999077618211.31, "Plan Rows": 1728348, "Plan Width": 57, "Inner Unique": false, "Merge Cond": "(t.id = mc.movie_id)", "Plans": [{"Node Type": "Index Scan", "Parent Relationship": "Outer", "Scan Direction": "Forward", "Index Name": "title_pkey", "Relation Name": "title", "Alias": "t", "Startup Cost": 10000000000.0, "Total Cost": 1000012276204.41, "Plan Rows": 719240, "Plan Width": 25, "Filter": "((production_year >= 2005) AND (production_year <= 2010)), (LLVM Optimized)"}, {"Node Type": "Index Scan", "Parent Relationship": "Inner", "Scan Direction": "Forward", "Index Name": "movie_id_movie_companies", "Relation Name": "movie_companies", "Alias": "mc", "Startup Cost": 10000000000.0, "Total Cost": 1000013704228.13, "Plan Rows": 2609035, "Plan Width": 32, "Filter": "((note)::text !~~ '%(as Metro-Goldwyn-Mayer Pictures)%'::text), (LLVM Optimized)"}]}, {"Node Type": "Sort", "Parent Relationship": "Inner", "Startup Cost": 2000001865471.58, "Total Cost": 2000001866334.1, "Plan Rows": 345008, "Plan Width": 4, "Sort Key": ["mi_idx.movie_id"], "Plans": [{"Node Type": "Nested Loop", "Parent Relationship": "Outer", "Join Type": "Inner", "Startup Cost": 20000007502.06, "Total Cost": 2000001833737.28, "Plan Rows": 345008, "Plan Width": 4, "Inner Unique": false, "Plans": [{"Node Type": "Index Scan", "Parent Relationship": "Outer", "Scan Direction": "Forward", "Index Name": "info_type_pkey", "Relation Name": "info_type", "Alias": "it", "Startup Cost": 10000000000.0, "Total Cost": 1000000001421.0, "Plan Rows": 1, "Plan Width": 4, "Filter": "((info)::text = 'bottom 10 rank'::text)"}, {"Node Type": "Bitmap Heap Scan", "Parent Relationship": "Inner", "Relation Name": "movie_info_idx", "Alias": "mi_idx", "Startup Cost": 10000007502.06, "Total Cost": 1000001828866.2, "Plan Rows": 345008, "Plan Width": 8, "Recheck Cond": "(info_type_id = it.id), (LLVM Optimized)", "Plans": [{"Node Type": "Bitmap Index Scan", "Parent Relationship": "Outer", "Index Name": "info_type_id_movie_info_idx", "Startup Cost": 0.0, "Total Cost": 7415.81, "Plan Rows": 345008, "Plan Width": 0, "Index Cond": "(info_type_id = it.id)"}]}]}]}]}]}]}]}, "Unique SQL Id": 1162488282, "Planner Runtime": 10}, "explain_analyze_plan": null}, "(1, '96')": {"explain_plan": {"Plan": {"Node Type": "Aggregate", "Strategy": "Plain", "Startup Cost": 189131.4, "Total Cost": 189131.41, "Plan Rows": 1, "Plan Width": 113, "Plans": [{"Node Type": "Hash Join", "Parent Relationship": "Outer", "Join Type": "Inner", "Startup Cost": 113656.23, "Total Cost": 185775.37, "Plan Rows": 447470, "Plan Width": 45, "Inner Unique": true, "Hash Cond": "(mc.company_type_id = ct.id), (LLVM Optimized)", "Plans": [{"Node Type": "Hash Join", "Parent Relationship": "Outer", "Join Type": "Inner", "Startup Cost": 113655.18, "Total Cost": 181304.82, "Plan Rows": 549199, "Plan Width": 49, "Inner Unique": false, "Hash Cond": "(mc.movie_id = t.id), (LLVM Optimized)", "Plans": [{"Node Type": "Seq Scan", "Parent Relationship": "Outer", "Relation Name": "movie_companies", "Alias": "mc", "Startup Cost": 0.0, "Total Cost": 48340.1, "Plan Rows": 2609035, "Plan Width": 32, "Filter": "((note)::text !~~ '%(as Metro-Goldwyn-Mayer Pictures)%'::text), (LLVM Optimized)"}, {"Node Type": "Hash", "Parent Relationship": "Inner", "Startup Cost": 108700.13, "Total Cost": 108700.13, "Plan Rows": 396404, "Plan Width": 29, "Plans": [{"Node Type": "Hash Join", "Parent Relationship": "Outer", "Join Type": "Inner", "Startup Cost": 89203.23, "Total Cost": 108700.13, "Plan Rows": 396404, "Plan Width": 29, "Inner Unique": true, "Hash Cond": "(mi_idx.movie_id = t.id), (LLVM Optimized)", "Plans": [{"Node Type": "Nested Loop", "Parent Relationship": "Outer", "Join Type": "Inner", "Startup Cost": 7502.06, "Total Cost": 21741.14, "Plan Rows": 345008, "Plan Width": 4, "Inner Unique": false, "Plans": [{"Node Type": "Seq Scan", "Parent Relationship": "Outer", "Relation Name": "info_type", "Alias": "it", "Startup Cost": 0.0, "Total Cost": 2.4, "Plan Rows": 1, "Plan Width": 4, "Filter": "((info)::text = 'bottom 10 rank'::text)"}, {"Node Type": "Bitmap Heap Scan", "Parent Relationship": "Inner", "Relation Name": "movie_info_idx", "Alias": "mi_idx", "Startup Cost": 7502.06, "Total Cost": 18288.66, "Plan Rows": 345008, "Plan Width": 8, "Recheck Cond": "(info_type_id = it.id), (LLVM Optimized)", "Plans": [{"Node Type": "Bitmap Index Scan", "Parent Relationship": "Outer", "Index Name": "info_type_id_movie_info_idx", "Startup Cost": 0.0, "Total Cost": 7415.81, "Plan Rows": 345008, "Plan Width": 0, "Index Cond": "(info_type_id = it.id)"}]}]}, {"Node Type": "Hash", "Parent Relationship": "Inner", "Startup Cost": 72710.67, "Total Cost": 72710.67, "Plan Rows": 719240, "Plan Width": 25, "Plans": [{"Node Type": "Seq Scan", "Parent Relationship": "Outer", "Relation Name": "title", "Alias": "t", "Startup Cost": 2083.5, "Total Cost": 72710.67, "Plan Rows": 719240, "Plan Width": 25, "Filter": "((production_year >= 2005) AND (production_year <= 2010)), (LLVM Optimized)"}]}]}]}]}, {"Node Type": "Hash", "Parent Relationship": "Inner", "Startup Cost": 1.04, "Total Cost": 1.04, "Plan Rows": 1, "Plan Width": 4, "Plans": [{"Node Type": "Seq Scan", "Parent Relationship": "Outer", "Relation Name": "company_type", "Alias": "ct", "Startup Cost": 0.0, "Total Cost": 1.04, "Plan Rows": 1, "Plan Width": 4, "Filter": "((kind)::text = 'production companies'::text)"}]}]}]}, "Unique SQL Id": 1162488282, "Planner Runtime": 5}, "explain_analyze_plan": {"Plan": {"Node Type": "Aggregate", "Strategy": "Plain", "Startup Cost": 189131.4, "Total Cost": 189131.41, "Plan Rows": 1, "Plan Width": 113, "Actual Startup Time": 2323.246, "Actual Total Time": 2323.247, "Actual Rows": 1, "Actual Loops": 1, "Plans": [{"Node Type": "Hash Join", "Parent Relationship": "Outer", "Join Type": "Inner", "Startup Cost": 113656.23, "Total Cost": 185775.37, "Plan Rows": 447470, "Plan Width": 45, "Actual Startup Time": 2151.003, "Actual Total Time": 2323.203, "Actual Rows": 3, "Actual Loops": 1, "Inner Unique": true, "Hash Cond": "(mc.company_type_id = ct.id), (LLVM Optimized, Jit Execute)", "Plans": [{"Node Type": "Hash Join", "Parent Relationship": "Outer", "Join Type": "Inner", "Startup Cost": 113655.18, "Total Cost": 181304.82, "Plan Rows": 549199, "Plan Width": 49, "Actual Startup Time": 1492.465, "Actual Total Time": 2322.859, "Actual Rows": 66, "Actual Loops": 1, "Inner Unique": false, "Hash Cond": "(mc.movie_id = t.id), (LLVM Optimized, Jit Execute)", "Plans": [{"Node Type": "Seq Scan", "Parent Relationship": "Outer", "Relation Name": "movie_companies", "Alias": "mc", "Startup Cost": 0.0, "Total Cost": 48340.1, "Plan Rows": 2609035, "Plan Width": 32, "Actual Startup Time": 0.026, "Actual Total Time": 904.378, "Actual Rows": 1337087, "Actual Loops": 1, "Filter": "((note)::text !~~ '%(as Metro-Goldwyn-Mayer Pictures)%'::text), (LLVM Optimized, Jit Execute)", "Rows Removed by Filter": 1272041}, {"Node Type": "Hash", "Parent Relationship": "Inner", "Startup Cost": 108700.13, "Total Cost": 108700.13, "Plan Rows": 396404, "Plan Width": 29, "Actual Startup Time": 1168.669, "Actual Total Time": 1168.669, "Actual Rows": 4, "Actual Loops": 1, "Hash Buckets": 524288, "Hash Batches": 1, "Original Hash Batches": 1, "Peak Memory Usage": 1, "Plans": [{"Node Type": "Hash Join", "Parent Relationship": "Outer", "Join Type": "Inner", "Startup Cost": 89203.23, "Total Cost": 108700.13, "Plan Rows": 396404, "Plan Width": 29, "Actual Startup Time": 1168.633, "Actual Total Time": 1168.651, "Actual Rows": 4, "Actual Loops": 1, "Inner Unique": true, "Hash Cond": "(mi_idx.movie_id = t.id), (LLVM Optimized, Jit Execute)", "Plans": [{"Node Type": "Nested Loop", "Parent Relationship": "Outer", "Join Type": "Inner", "Startup Cost": 7502.06, "Total Cost": 21741.14, "Plan Rows": 345008, "Plan Width": 4, "Actual Startup Time": 0.084, "Actual Total Time": 0.105, "Actual Rows": 10, "Actual Loops": 1, "Inner Unique": false, "Plans": [{"Node Type": "Seq Scan", "Parent Relationship": "Outer", "Relation Name": "info_type", "Alias": "it", "Startup Cost": 0.0, "Total Cost": 2.4, "Plan Rows": 1, "Plan Width": 4, "Actual Startup Time": 0.046, "Actual Total Time": 0.055, "Actual Rows": 1, "Actual Loops": 1, "Filter": "((info)::text = 'bottom 10 rank'::text)", "Rows Removed by Filter": 111}, {"Node Type": "Bitmap Heap Scan", "Parent Relationship": "Inner", "Relation Name": "movie_info_idx", "Alias": "mi_idx", "Startup Cost": 7502.06, "Total Cost": 18288.66, "Plan Rows": 345008, "Plan Width": 8, "Actual Startup Time": 0.03, "Actual Total Time": 0.039, "Actual Rows": 10, "Actual Loops": 1, "Recheck Cond": "(info_type_id = it.id), (LLVM Optimized, Jit Execute)", "Rows Removed by Index Recheck": 0, "Exact Heap Blocks": 1, "Lossy Heap Blocks": 1, "Plans": [{"Node Type": "Bitmap Index Scan", "Parent Relationship": "Outer", "Index Name": "info_type_id_movie_info_idx", "Startup Cost": 0.0, "Total Cost": 7415.81, "Plan Rows": 345008, "Plan Width": 0, "Actual Startup Time": 0.017, "Actual Total Time": 0.017, "Actual Rows": 10, "Actual Loops": 1, "Index Cond": "(info_type_id = it.id)"}]}]}, {"Node Type": "Hash", "Parent Relationship": "Inner", "Startup Cost": 72710.67, "Total Cost": 72710.67, "Plan Rows": 719240, "Plan Width": 25, "Actual Startup Time": 1167.873, "Actual Total Time": 1167.873, "Actual Rows": 716259, "Actual Loops": 1, "Hash Buckets": 1048576, "Hash Batches": 1, "Original Hash Batches": 1, "Peak Memory Usage": 41052, "Plans": [{"Node Type": "Seq Scan", "Parent Relationship": "Outer", "Relation Name": "title", "Alias": "t", "Startup Cost": 2083.5, "Total Cost": 72710.67, "Plan Rows": 719240, "Plan Width": 25, "Actual Startup Time": 0.026, "Actual Total Time": 928.077, "Actual Rows": 716259, "Actual Loops": 1, "Filter": "((production_year >= 2005) AND (production_year <= 2010)), (LLVM Optimized, Jit Execute)", "Rows Removed by Filter": 1812052}]}]}]}]}, {"Node Type": "Hash", "Parent Relationship": "Inner", "Startup Cost": 1.04, "Total Cost": 1.04, "Plan Rows": 1, "Plan Width": 4, "Actual Startup Time": 0.049, "Actual Total Time": 0.049, "Actual Rows": 1, "Actual Loops": 1, "Hash Buckets": 32768, "Hash Batches": 1, "Original Hash Batches": 1, "Peak Memory Usage": 1, "Plans": [{"Node Type": "Seq Scan", "Parent Relationship": "Outer", "Relation Name": "company_type", "Alias": "ct", "Startup Cost": 0.0, "Total Cost": 1.04, "Plan Rows": 1, "Plan Width": 4, "Actual Startup Time": 0.027, "Actual Total Time": 0.03, "Actual Rows": 1, "Actual Loops": 1, "Filter": "((kind)::text = 'production companies'::text)", "Rows Removed by Filter": 2}]}]}]}, "Triggers": [], "Planner Runtime": 9.792, "Total Runtime": 2334.263, "Unique SQL Id": 1162488282}}, "(1, '97')": {"explain_plan": {"Plan": {"Node Type": "Aggregate", "Strategy": "Plain", "Startup Cost": 247822.0, "Total Cost": 247822.01, "Plan Rows": 1, "Plan Width": 113, "Plans": [{"Node Type": "Hash Join", "Parent Relationship": "Outer", "Join Type": "Inner", "Startup Cost": 163718.37, "Total Cost": 244465.97, "Plan Rows": 447470, "Plan Width": 45, "Inner Unique": false, "Hash Cond": "(mc.movie_id = t.id), (LLVM Optimized)", "Plans": [{"Node Type": "Nested Loop", "Parent Relationship": "Outer", "Join Type": "Inner", "Startup Cost": 0.0, "Total Cost": 69436.41, "Plan Rows": 1304518, "Plan Width": 28, "Inner Unique": false, "Plans": [{"Node Type": "Index Scan", "Parent Relationship": "Outer", "Scan Direction": "Forward", "Index Name": "company_type_pkey", "Relation Name": "company_type", "Alias": "ct", "Startup Cost": 0.0, "Total Cost": 12.3, "Plan Rows": 1, "Plan Width": 4, "Filter": "((kind)::text = 'production companies'::text)"}, {"Node Type": "Index Scan", "Parent Relationship": "Inner", "Scan Direction": "Forward", "Index Name": "company_type_id_movie_companies", "Relation Name": "movie_companies", "Alias": "mc", "Startup Cost": 0.0, "Total Cost": 56378.94, "Plan Rows": 1304517, "Plan Width": 32, "Index Cond": "(company_type_id = ct.id), (LLVM Optimized)", "Filter": "((note)::text !~~ '%(as Metro-Goldwyn-Mayer Pictures)%'::text), (LLVM Optimized)"}]}, {"Node Type": "Hash", "Parent Relationship": "Inner", "Startup Cost": 158763.32, "Total Cost": 158763.32, "Plan Rows": 396404, "Plan Width": 29, "Plans": [{"Node Type": "Hash Join", "Parent Relationship": "Outer", "Join Type": "Inner", "Startup Cost": 139254.61, "Total Cost": 158763.32, "Plan Rows": 396404, "Plan Width": 29, "Inner Unique": true, "Hash Cond": "(mi_idx.movie_id = t.id), (LLVM Optimized)", "Plans": [{"Node Type": "Nested Loop", "Parent Relationship": "Outer", "Join Type": "Inner", "Startup Cost": 7502.06, "Total Cost": 21752.95, "Plan Rows": 345008, "Plan Width": 4, "Inner Unique": false, "Plans": [{"Node Type": "Index Scan", "Parent Relationship": "Outer", "Scan Direction": "Forward", "Index Name": "info_type_pkey", "Relation Name": "info_type", "Alias": "it", "Startup Cost": 0.0, "Total Cost": 14.21, "Plan Rows": 1, "Plan Width": 4, "Filter": "((info)::text = 'bottom 10 rank'::text)"}, {"Node Type": "Bitmap Heap Scan", "Parent Relationship": "Inner", "Relation Name": "movie_info_idx", "Alias": "mi_idx", "Startup Cost": 7502.06, "Total Cost": 18288.66, "Plan Rows": 345008, "Plan Width": 8, "Recheck Cond": "(info_type_id = it.id), (LLVM Optimized)", "Plans": [{"Node Type": "Bitmap Index Scan", "Parent Relationship": "Outer", "Index Name": "info_type_id_movie_info_idx", "Startup Cost": 0.0, "Total Cost": 7415.81, "Plan Rows": 345008, "Plan Width": 0, "Index Cond": "(info_type_id = it.id)"}]}]}, {"Node Type": "Hash", "Parent Relationship": "Inner", "Startup Cost": 122762.04, "Total Cost": 122762.04, "Plan Rows": 719240, "Plan Width": 25, "Plans": [{"Node Type": "Index Scan", "Parent Relationship": "Outer", "Scan Direction": "Forward", "Index Name": "title_pkey", "Relation Name": "title", "Alias": "t", "Startup Cost": 0.0, "Total Cost": 122762.04, "Plan Rows": 719240, "Plan Width": 25, "Filter": "((production_year >= 2005) AND (production_year <= 2010)), (LLVM Optimized)"}]}]}]}]}]}, "Unique SQL Id": 1162488282, "Planner Runtime": 4}, "explain_analyze_plan": {"Plan": {"Node Type": "Aggregate", "Strategy": "Plain", "Startup Cost": 247822.0, "Total Cost": 247822.01, "Plan Rows": 1, "Plan Width": 113, "Actual Startup Time": 4160.762, "Actual Total Time": 4160.762, "Actual Rows": 1, "Actual Loops": 1, "Plans": [{"Node Type": "Hash Join", "Parent Relationship": "Outer", "Join Type": "Inner", "Startup Cost": 163718.37, "Total Cost": 244465.97, "Plan Rows": 447470, "Plan Width": 45, "Actual Startup Time": 3832.302, "Actual Total Time": 4160.644, "Actual Rows": 3, "Actual Loops": 1, "Inner Unique": false, "Hash Cond": "(mc.movie_id = t.id), (LLVM Optimized, Jit Execute)", "Plans": [{"Node Type": "Nested Loop", "Parent Relationship": "Outer", "Join Type": "Inner", "Startup Cost": 0.0, "Total Cost": 69436.41, "Plan Rows": 1304518, "Plan Width": 28, "Actual Startup Time": 0.115, "Actual Total Time": 660.605, "Actual Rows": 140904, "Actual Loops": 1, "Inner Unique": false, "Plans": [{"Node Type": "Index Scan", "Parent Relationship": "Outer", "Scan Direction": "Forward", "Index Name": "company_type_pkey", "Relation Name": "company_type", "Alias": "ct", "Startup Cost": 0.0, "Total Cost": 12.3, "Plan Rows": 1, "Plan Width": 4, "Actual Startup Time": 0.029, "Actual Total Time": 0.039, "Actual Rows": 1, "Actual Loops": 1, "Filter": "((kind)::text = 'production companies'::text)", "Rows Removed by Filter": 2}, {"Node Type": "Index Scan", "Parent Relationship": "Inner", "Scan Direction": "Forward", "Index Name": "company_type_id_movie_companies", "Relation Name": "movie_companies", "Alias": "mc", "Startup Cost": 0.0, "Total Cost": 56378.94, "Plan Rows": 1304517, "Plan Width": 32, "Actual Startup Time": 0.081, "Actual Total Time": 632.434, "Actual Rows": 140904, "Actual Loops": 1, "Index Cond": "(company_type_id = ct.id), (LLVM Optimized, Jit Execute)", "Rows Removed by Index Recheck": 0, "Filter": "((note)::text !~~ '%(as Metro-Goldwyn-Mayer Pictures)%'::text), (LLVM Optimized, Jit Execute)", "Rows Removed by Filter": 1193979}]}, {"Node Type": "Hash", "Parent Relationship": "Inner", "Startup Cost": 158763.32, "Total Cost": 158763.32, "Plan Rows": 396404, "Plan Width": 29, "Actual Startup Time": 3468.773, "Actual Total Time": 3468.773, "Actual Rows": 4, "Actual Loops": 1, "Hash Buckets": 524288, "Hash Batches": 1, "Original Hash Batches": 1, "Peak Memory Usage": 1, "Plans": [{"Node Type": "Hash Join", "Parent Relationship": "Outer", "Join Type": "Inner", "Startup Cost": 139254.61, "Total Cost": 158763.32, "Plan Rows": 396404, "Plan Width": 29, "Actual Startup Time": 3468.757, "Actual Total Time": 3468.767, "Actual Rows": 4, "Actual Loops": 1, "Inner Unique": true, "Hash Cond": "(mi_idx.movie_id = t.id), (LLVM Optimized, Jit Execute)", "Plans": [{"Node Type": "Nested Loop", "Parent Relationship": "Outer", "Join Type": "Inner", "Startup Cost": 7502.06, "Total Cost": 21752.95, "Plan Rows": 345008, "Plan Width": 4, "Actual Startup Time": 0.092, "Actual Total Time": 0.104, "Actual Rows": 10, "Actual Loops": 1, "Inner Unique": false, "Plans": [{"Node Type": "Index Scan", "Parent Relationship": "Outer", "Scan Direction": "Forward", "Index Name": "info_type_pkey", "Relation Name": "info_type", "Alias": "it", "Startup Cost": 0.0, "Total Cost": 14.21, "Plan Rows": 1, "Plan Width": 4, "Actual Startup Time": 0.06, "Actual Total Time": 0.062, "Actual Rows": 1, "Actual Loops": 1, "Filter": "((info)::text = 'bottom 10 rank'::text)", "Rows Removed by Filter": 111}, {"Node Type": "Bitmap Heap Scan", "Parent Relationship": "Inner", "Relation Name": "movie_info_idx", "Alias": "mi_idx", "Startup Cost": 7502.06, "Total Cost": 18288.66, "Plan Rows": 345008, "Plan Width": 8, "Actual Startup Time": 0.026, "Actual Total Time": 0.031, "Actual Rows": 10, "Actual Loops": 1, "Recheck Cond": "(info_type_id = it.id), (LLVM Optimized, Jit Execute)", "Rows Removed by Index Recheck": 0, "Exact Heap Blocks": 1, "Lossy Heap Blocks": 1, "Plans": [{"Node Type": "Bitmap Index Scan", "Parent Relationship": "Outer", "Index Name": "info_type_id_movie_info_idx", "Startup Cost": 0.0, "Total Cost": 7415.81, "Plan Rows": 345008, "Plan Width": 0, "Actual Startup Time": 0.012, "Actual Total Time": 0.012, "Actual Rows": 10, "Actual Loops": 1, "Index Cond": "(info_type_id = it.id)"}]}]}, {"Node Type": "Hash", "Parent Relationship": "Inner", "Startup Cost": 122762.04, "Total Cost": 122762.04, "Plan Rows": 719240, "Plan Width": 25, "Actual Startup Time": 3467.963, "Actual Total Time": 3467.963, "Actual Rows": 716259, "Actual Loops": 1, "Hash Buckets": 1048576, "Hash Batches": 1, "Original Hash Batches": 1, "Peak Memory Usage": 41052, "Plans": [{"Node Type": "Index Scan", "Parent Relationship": "Outer", "Scan Direction": "Forward", "Index Name": "title_pkey", "Relation Name": "title", "Alias": "t", "Startup Cost": 0.0, "Total Cost": 122762.04, "Plan Rows": 719240, "Plan Width": 25, "Actual Startup Time": 0.027, "Actual Total Time": 3132.968, "Actual Rows": 716259, "Actual Loops": 1, "Filter": "((production_year >= 2005) AND (production_year <= 2010)), (LLVM Optimized, Jit Execute)", "Rows Removed by Filter": 1812052}]}]}]}]}]}, "Triggers": [], "Planner Runtime": 9.22, "Total Runtime": 4171.802, "Unique SQL Id": 1162488282}}, "(1, '98')": {"explain_plan": {"Plan": {"Node Type": "Aggregate", "Strategy": "Plain", "Startup Cost": 189131.4, "Total Cost": 189131.41, "Plan Rows": 1, "Plan Width": 113, "Plans": [{"Node Type": "Hash Join", "Parent Relationship": "Outer", "Join Type": "Inner", "Startup Cost": 113656.23, "Total Cost": 185775.37, "Plan Rows": 447470, "Plan Width": 45, "Inner Unique": true, "Hash Cond": "(mc.company_type_id = ct.id), (LLVM Optimized)", "Plans": [{"Node Type": "Hash Join", "Parent Relationship": "Outer", "Join Type": "Inner", "Startup Cost": 113655.18, "Total Cost": 181304.82, "Plan Rows": 549199, "Plan Width": 49, "Inner Unique": false, "Hash Cond": "(mc.movie_id = t.id), (LLVM Optimized)", "Plans": [{"Node Type": "Seq Scan", "Parent Relationship": "Outer", "Relation Name": "movie_companies", "Alias": "mc", "Startup Cost": 0.0, "Total Cost": 48340.1, "Plan Rows": 2609035, "Plan Width": 32, "Filter": "((note)::text !~~ '%(as Metro-Goldwyn-Mayer Pictures)%'::text), (LLVM Optimized)"}, {"Node Type": "Hash", "Parent Relationship": "Inner", "Startup Cost": 108700.13, "Total Cost": 108700.13, "Plan Rows": 396404, "Plan Width": 29, "Plans": [{"Node Type": "Hash Join", "Parent Relationship": "Outer", "Join Type": "Inner", "Startup Cost": 89203.23, "Total Cost": 108700.13, "Plan Rows": 396404, "Plan Width": 29, "Inner Unique": true, "Hash Cond": "(mi_idx.movie_id = t.id), (LLVM Optimized)", "Plans": [{"Node Type": "Nested Loop", "Parent Relationship": "Outer", "Join Type": "Inner", "Startup Cost": 7502.06, "Total Cost": 21741.14, "Plan Rows": 345008, "Plan Width": 4, "Inner Unique": false, "Plans": [{"Node Type": "Seq Scan", "Parent Relationship": "Outer", "Relation Name": "info_type", "Alias": "it", "Startup Cost": 0.0, "Total Cost": 2.4, "Plan Rows": 1, "Plan Width": 4, "Filter": "((info)::text = 'bottom 10 rank'::text)"}, {"Node Type": "Bitmap Heap Scan", "Parent Relationship": "Inner", "Relation Name": "movie_info_idx", "Alias": "mi_idx", "Startup Cost": 7502.06, "Total Cost": 18288.66, "Plan Rows": 345008, "Plan Width": 8, "Recheck Cond": "(info_type_id = it.id), (LLVM Optimized)", "Plans": [{"Node Type": "Bitmap Index Scan", "Parent Relationship": "Outer", "Index Name": "info_type_id_movie_info_idx", "Startup Cost": 0.0, "Total Cost": 7415.81, "Plan Rows": 345008, "Plan Width": 0, "Index Cond": "(info_type_id = it.id)"}]}]}, {"Node Type": "Hash", "Parent Relationship": "Inner", "Startup Cost": 72710.67, "Total Cost": 72710.67, "Plan Rows": 719240, "Plan Width": 25, "Plans": [{"Node Type": "Seq Scan", "Parent Relationship": "Outer", "Relation Name": "title", "Alias": "t", "Startup Cost": 2083.5, "Total Cost": 72710.67, "Plan Rows": 719240, "Plan Width": 25, "Filter": "((production_year >= 2005) AND (production_year <= 2010)), (LLVM Optimized)"}]}]}]}]}, {"Node Type": "Hash", "Parent Relationship": "Inner", "Startup Cost": 1.04, "Total Cost": 1.04, "Plan Rows": 1, "Plan Width": 4, "Plans": [{"Node Type": "Seq Scan", "Parent Relationship": "Outer", "Relation Name": "company_type", "Alias": "ct", "Startup Cost": 0.0, "Total Cost": 1.04, "Plan Rows": 1, "Plan Width": 4, "Filter": "((kind)::text = 'production companies'::text)"}]}]}]}, "Unique SQL Id": 1162488282, "Planner Runtime": 5}, "explain_analyze_plan": {"Plan": {"Node Type": "Aggregate", "Strategy": "Plain", "Startup Cost": 189131.4, "Total Cost": 189131.41, "Plan Rows": 1, "Plan Width": 113, "Actual Startup Time": 2323.246, "Actual Total Time": 2323.247, "Actual Rows": 1, "Actual Loops": 1, "Plans": [{"Node Type": "Hash Join", "Parent Relationship": "Outer", "Join Type": "Inner", "Startup Cost": 113656.23, "Total Cost": 185775.37, "Plan Rows": 447470, "Plan Width": 45, "Actual Startup Time": 2151.003, "Actual Total Time": 2323.203, "Actual Rows": 3, "Actual Loops": 1, "Inner Unique": true, "Hash Cond": "(mc.company_type_id = ct.id), (LLVM Optimized, Jit Execute)", "Plans": [{"Node Type": "Hash Join", "Parent Relationship": "Outer", "Join Type": "Inner", "Startup Cost": 113655.18, "Total Cost": 181304.82, "Plan Rows": 549199, "Plan Width": 49, "Actual Startup Time": 1492.465, "Actual Total Time": 2322.859, "Actual Rows": 66, "Actual Loops": 1, "Inner Unique": false, "Hash Cond": "(mc.movie_id = t.id), (LLVM Optimized, Jit Execute)", "Plans": [{"Node Type": "Seq Scan", "Parent Relationship": "Outer", "Relation Name": "movie_companies", "Alias": "mc", "Startup Cost": 0.0, "Total Cost": 48340.1, "Plan Rows": 2609035, "Plan Width": 32, "Actual Startup Time": 0.026, "Actual Total Time": 904.378, "Actual Rows": 1337087, "Actual Loops": 1, "Filter": "((note)::text !~~ '%(as Metro-Goldwyn-Mayer Pictures)%'::text), (LLVM Optimized, Jit Execute)", "Rows Removed by Filter": 1272041}, {"Node Type": "Hash", "Parent Relationship": "Inner", "Startup Cost": 108700.13, "Total Cost": 108700.13, "Plan Rows": 396404, "Plan Width": 29, "Actual Startup Time": 1168.669, "Actual Total Time": 1168.669, "Actual Rows": 4, "Actual Loops": 1, "Hash Buckets": 524288, "Hash Batches": 1, "Original Hash Batches": 1, "Peak Memory Usage": 1, "Plans": [{"Node Type": "Hash Join", "Parent Relationship": "Outer", "Join Type": "Inner", "Startup Cost": 89203.23, "Total Cost": 108700.13, "Plan Rows": 396404, "Plan Width": 29, "Actual Startup Time": 1168.633, "Actual Total Time": 1168.651, "Actual Rows": 4, "Actual Loops": 1, "Inner Unique": true, "Hash Cond": "(mi_idx.movie_id = t.id), (LLVM Optimized, Jit Execute)", "Plans": [{"Node Type": "Nested Loop", "Parent Relationship": "Outer", "Join Type": "Inner", "Startup Cost": 7502.06, "Total Cost": 21741.14, "Plan Rows": 345008, "Plan Width": 4, "Actual Startup Time": 0.084, "Actual Total Time": 0.105, "Actual Rows": 10, "Actual Loops": 1, "Inner Unique": false, "Plans": [{"Node Type": "Seq Scan", "Parent Relationship": "Outer", "Relation Name": "info_type", "Alias": "it", "Startup Cost": 0.0, "Total Cost": 2.4, "Plan Rows": 1, "Plan Width": 4, "Actual Startup Time": 0.046, "Actual Total Time": 0.055, "Actual Rows": 1, "Actual Loops": 1, "Filter": "((info)::text = 'bottom 10 rank'::text)", "Rows Removed by Filter": 111}, {"Node Type": "Bitmap Heap Scan", "Parent Relationship": "Inner", "Relation Name": "movie_info_idx", "Alias": "mi_idx", "Startup Cost": 7502.06, "Total Cost": 18288.66, "Plan Rows": 345008, "Plan Width": 8, "Actual Startup Time": 0.03, "Actual Total Time": 0.039, "Actual Rows": 10, "Actual Loops": 1, "Recheck Cond": "(info_type_id = it.id), (LLVM Optimized, Jit Execute)", "Rows Removed by Index Recheck": 0, "Exact Heap Blocks": 1, "Lossy Heap Blocks": 1, "Plans": [{"Node Type": "Bitmap Index Scan", "Parent Relationship": "Outer", "Index Name": "info_type_id_movie_info_idx", "Startup Cost": 0.0, "Total Cost": 7415.81, "Plan Rows": 345008, "Plan Width": 0, "Actual Startup Time": 0.017, "Actual Total Time": 0.017, "Actual Rows": 10, "Actual Loops": 1, "Index Cond": "(info_type_id = it.id)"}]}]}, {"Node Type": "Hash", "Parent Relationship": "Inner", "Startup Cost": 72710.67, "Total Cost": 72710.67, "Plan Rows": 719240, "Plan Width": 25, "Actual Startup Time": 1167.873, "Actual Total Time": 1167.873, "Actual Rows": 716259, "Actual Loops": 1, "Hash Buckets": 1048576, "Hash Batches": 1, "Original Hash Batches": 1, "Peak Memory Usage": 41052, "Plans": [{"Node Type": "Seq Scan", "Parent Relationship": "Outer", "Relation Name": "title", "Alias": "t", "Startup Cost": 2083.5, "Total Cost": 72710.67, "Plan Rows": 719240, "Plan Width": 25, "Actual Startup Time": 0.026, "Actual Total Time": 928.077, "Actual Rows": 716259, "Actual Loops": 1, "Filter": "((production_year >= 2005) AND (production_year <= 2010)), (LLVM Optimized, Jit Execute)", "Rows Removed by Filter": 1812052}]}]}]}]}, {"Node Type": "Hash", "Parent Relationship": "Inner", "Startup Cost": 1.04, "Total Cost": 1.04, "Plan Rows": 1, "Plan Width": 4, "Actual Startup Time": 0.049, "Actual Total Time": 0.049, "Actual Rows": 1, "Actual Loops": 1, "Hash Buckets": 32768, "Hash Batches": 1, "Original Hash Batches": 1, "Peak Memory Usage": 1, "Plans": [{"Node Type": "Seq Scan", "Parent Relationship": "Outer", "Relation Name": "company_type", "Alias": "ct", "Startup Cost": 0.0, "Total Cost": 1.04, "Plan Rows": 1, "Plan Width": 4, "Actual Startup Time": 0.027, "Actual Total Time": 0.03, "Actual Rows": 1, "Actual Loops": 1, "Filter": "((kind)::text = 'production companies'::text)", "Rows Removed by Filter": 2}]}]}]}, "Triggers": [], "Planner Runtime": 9.792, "Total Runtime": 2334.263, "Unique SQL Id": 1162488282}}, "(1, '99')": {"explain_plan": {"Plan": {"Node Type": "Aggregate", "Strategy": "Plain", "Startup Cost": 1000017766719.7, "Total Cost": 1000017766719.71, "Plan Rows": 1, "Plan Width": 113, "Plans": [{"Node Type": "Nested Loop", "Parent Relationship": "Outer", "Join Type": "Inner", "Startup Cost": 10000000001.08, "Total Cost": 1000017764229.67, "Plan Rows": 332005, "Plan Width": 45, "Inner Unique": true, "Plans": [{"Node Type": "Nested Loop", "Parent Relationship": "Outer", "Join Type": "Inner", "Startup Cost": 10000000000.81, "Total Cost": 1000015609438.29, "Plan Rows": 501180, "Plan Width": 32, "Inner Unique": true, "Plans": [{"Node Type": "Nested Loop", "Parent Relationship": "Outer", "Join Type": "Inner", "Startup Cost": 10000000000.55, "Total Cost": 1000012058838.99, "Plan Rows": 829046, "Plan Width": 36, "Inner Unique": false, "Plans": [{"Node Type": "Nested Loop", "Parent Relationship": "Outer", "Join Type": "Inner", "Startup Cost": 10000000000.26, "Total Cost": 1000010560383.98, "Plan Rows": 345008, "Plan Width": 4, "Inner Unique": true, "Plans": [{"Node Type": "Index Scan", "Parent Relationship": "Outer", "Scan Direction": "Forward", "Index Name": "movie_id_movie_info_idx", "Relation Name": "movie_info_idx", "Alias": "mi_idx", "Startup Cost": 10000000000.0, "Total Cost": 1000004650035.37, "Plan Rows": 1380034, "Plan Width": 8}, {"Node Type": "Bitmap Heap Scan", "Parent Relationship": "Inner", "Relation Name": "info_type", "Alias": "it", "Startup Cost": 0.26, "Total Cost": 4.27, "Plan Rows": 1, "Plan Width": 4, "Recheck Cond": "(id = mi_idx.info_type_id)", "Filter": "((info)::text = 'bottom 10 rank'::text)", "Plans": [{"Node Type": "Bitmap Index Scan", "Parent Relationship": "Outer", "Index Name": "info_type_pkey", "Startup Cost": 0.0, "Total Cost": 0.26, "Plan Rows": 1, "Plan Width": 0, "Index Cond": "(id = mi_idx.info_type_id)"}]}]}, {"Node Type": "Bitmap Heap Scan", "Parent Relationship": "Inner", "Relation Name": "movie_companies", "Alias": "mc", "Startup Cost": 0.29, "Total Cost": 4.32, "Plan Rows": 2, "Plan Width": 32, "Recheck Cond": "(movie_id = mi_idx.movie_id)", "Filter": "((note)::text !~~ '%(as Metro-Goldwyn-Mayer Pictures)%'::text)", "Plans": [{"Node Type": "Bitmap Index Scan", "Parent Relationship": "Outer", "Index Name": "movie_id_movie_companies", "Startup Cost": 0.0, "Total Cost": 0.29, "Plan Rows": 2, "Plan Width": 0, "Index Cond": "(movie_id = mi_idx.movie_id)"}]}]}, {"Node Type": "Bitmap Heap Scan", "Parent Relationship": "Inner", "Relation Name": "company_type", "Alias": "ct", "Startup Cost": 0.26, "Total Cost": 4.27, "Plan Rows": 1, "Plan Width": 4, "Recheck Cond": "(id = mc.company_type_id)", "Filter": "((kind)::text = 'production companies'::text)", "Plans": [{"Node Type": "Bitmap Index Scan", "Parent Relationship": "Outer", "Index Name": "company_type_pkey", "Startup Cost": 0.0, "Total Cost": 0.26, "Plan Rows": 1, "Plan Width": 0, "Index Cond": "(id = mc.company_type_id)"}]}]}, {"Node Type": "Bitmap Heap Scan", "Parent Relationship": "Inner", "Relation Name": "title", "Alias": "t", "Startup Cost": 0.27, "Total Cost": 4.29, "Plan Rows": 1, "Plan Width": 25, "Recheck Cond": "(id = mc.movie_id)", "Filter": "((production_year >= 2005) AND (production_year <= 2010))", "Plans": [{"Node Type": "Bitmap Index Scan", "Parent Relationship": "Outer", "Index Name": "title_pkey", "Startup Cost": 0.0, "Total Cost": 0.27, "Plan Rows": 1, "Plan Width": 0, "Index Cond": "(id = mc.movie_id)"}]}]}]}, "Unique SQL Id": 1162488282, "Planner Runtime": 2}, "explain_analyze_plan": null}, "(1, '100')": {"explain_plan": {"Plan": {"Node Type": "Aggregate", "Strategy": "Plain", "Startup Cost": 189131.4, "Total Cost": 189131.41, "Plan Rows": 1, "Plan Width": 113, "Plans": [{"Node Type": "Hash Join", "Parent Relationship": "Outer", "Join Type": "Inner", "Startup Cost": 113656.23, "Total Cost": 185775.37, "Plan Rows": 447470, "Plan Width": 45, "Inner Unique": true, "Hash Cond": "(mc.company_type_id = ct.id), (LLVM Optimized)", "Plans": [{"Node Type": "Hash Join", "Parent Relationship": "Outer", "Join Type": "Inner", "Startup Cost": 113655.18, "Total Cost": 181304.82, "Plan Rows": 549199, "Plan Width": 49, "Inner Unique": false, "Hash Cond": "(mc.movie_id = t.id), (LLVM Optimized)", "Plans": [{"Node Type": "Seq Scan", "Parent Relationship": "Outer", "Relation Name": "movie_companies", "Alias": "mc", "Startup Cost": 0.0, "Total Cost": 48340.1, "Plan Rows": 2609035, "Plan Width": 32, "Filter": "((note)::text !~~ '%(as Metro-Goldwyn-Mayer Pictures)%'::text), (LLVM Optimized)"}, {"Node Type": "Hash", "Parent Relationship": "Inner", "Startup Cost": 108700.13, "Total Cost": 108700.13, "Plan Rows": 396404, "Plan Width": 29, "Plans": [{"Node Type": "Hash Join", "Parent Relationship": "Outer", "Join Type": "Inner", "Startup Cost": 89203.23, "Total Cost": 108700.13, "Plan Rows": 396404, "Plan Width": 29, "Inner Unique": true, "Hash Cond": "(mi_idx.movie_id = t.id), (LLVM Optimized)", "Plans": [{"Node Type": "Nested Loop", "Parent Relationship": "Outer", "Join Type": "Inner", "Startup Cost": 7502.06, "Total Cost": 21741.14, "Plan Rows": 345008, "Plan Width": 4, "Inner Unique": false, "Plans": [{"Node Type": "Seq Scan", "Parent Relationship": "Outer", "Relation Name": "info_type", "Alias": "it", "Startup Cost": 0.0, "Total Cost": 2.4, "Plan Rows": 1, "Plan Width": 4, "Filter": "((info)::text = 'bottom 10 rank'::text)"}, {"Node Type": "Bitmap Heap Scan", "Parent Relationship": "Inner", "Relation Name": "movie_info_idx", "Alias": "mi_idx", "Startup Cost": 7502.06, "Total Cost": 18288.66, "Plan Rows": 345008, "Plan Width": 8, "Recheck Cond": "(info_type_id = it.id), (LLVM Optimized)", "Plans": [{"Node Type": "Bitmap Index Scan", "Parent Relationship": "Outer", "Index Name": "info_type_id_movie_info_idx", "Startup Cost": 0.0, "Total Cost": 7415.81, "Plan Rows": 345008, "Plan Width": 0, "Index Cond": "(info_type_id = it.id)"}]}]}, {"Node Type": "Hash", "Parent Relationship": "Inner", "Startup Cost": 72710.67, "Total Cost": 72710.67, "Plan Rows": 719240, "Plan Width": 25, "Plans": [{"Node Type": "Seq Scan", "Parent Relationship": "Outer", "Relation Name": "title", "Alias": "t", "Startup Cost": 2083.5, "Total Cost": 72710.67, "Plan Rows": 719240, "Plan Width": 25, "Filter": "((production_year >= 2005) AND (production_year <= 2010)), (LLVM Optimized)"}]}]}]}]}, {"Node Type": "Hash", "Parent Relationship": "Inner", "Startup Cost": 1.04, "Total Cost": 1.04, "Plan Rows": 1, "Plan Width": 4, "Plans": [{"Node Type": "Seq Scan", "Parent Relationship": "Outer", "Relation Name": "company_type", "Alias": "ct", "Startup Cost": 0.0, "Total Cost": 1.04, "Plan Rows": 1, "Plan Width": 4, "Filter": "((kind)::text = 'production companies'::text)"}]}]}]}, "Unique SQL Id": 1162488282, "Planner Runtime": 5}, "explain_analyze_plan": {"Plan": {"Node Type": "Aggregate", "Strategy": "Plain", "Startup Cost": 189131.4, "Total Cost": 189131.41, "Plan Rows": 1, "Plan Width": 113, "Actual Startup Time": 2323.246, "Actual Total Time": 2323.247, "Actual Rows": 1, "Actual Loops": 1, "Plans": [{"Node Type": "Hash Join", "Parent Relationship": "Outer", "Join Type": "Inner", "Startup Cost": 113656.23, "Total Cost": 185775.37, "Plan Rows": 447470, "Plan Width": 45, "Actual Startup Time": 2151.003, "Actual Total Time": 2323.203, "Actual Rows": 3, "Actual Loops": 1, "Inner Unique": true, "Hash Cond": "(mc.company_type_id = ct.id), (LLVM Optimized, Jit Execute)", "Plans": [{"Node Type": "Hash Join", "Parent Relationship": "Outer", "Join Type": "Inner", "Startup Cost": 113655.18, "Total Cost": 181304.82, "Plan Rows": 549199, "Plan Width": 49, "Actual Startup Time": 1492.465, "Actual Total Time": 2322.859, "Actual Rows": 66, "Actual Loops": 1, "Inner Unique": false, "Hash Cond": "(mc.movie_id = t.id), (LLVM Optimized, Jit Execute)", "Plans": [{"Node Type": "Seq Scan", "Parent Relationship": "Outer", "Relation Name": "movie_companies", "Alias": "mc", "Startup Cost": 0.0, "Total Cost": 48340.1, "Plan Rows": 2609035, "Plan Width": 32, "Actual Startup Time": 0.026, "Actual Total Time": 904.378, "Actual Rows": 1337087, "Actual Loops": 1, "Filter": "((note)::text !~~ '%(as Metro-Goldwyn-Mayer Pictures)%'::text), (LLVM Optimized, Jit Execute)", "Rows Removed by Filter": 1272041}, {"Node Type": "Hash", "Parent Relationship": "Inner", "Startup Cost": 108700.13, "Total Cost": 108700.13, "Plan Rows": 396404, "Plan Width": 29, "Actual Startup Time": 1168.669, "Actual Total Time": 1168.669, "Actual Rows": 4, "Actual Loops": 1, "Hash Buckets": 524288, "Hash Batches": 1, "Original Hash Batches": 1, "Peak Memory Usage": 1, "Plans": [{"Node Type": "Hash Join", "Parent Relationship": "Outer", "Join Type": "Inner", "Startup Cost": 89203.23, "Total Cost": 108700.13, "Plan Rows": 396404, "Plan Width": 29, "Actual Startup Time": 1168.633, "Actual Total Time": 1168.651, "Actual Rows": 4, "Actual Loops": 1, "Inner Unique": true, "Hash Cond": "(mi_idx.movie_id = t.id), (LLVM Optimized, Jit Execute)", "Plans": [{"Node Type": "Nested Loop", "Parent Relationship": "Outer", "Join Type": "Inner", "Startup Cost": 7502.06, "Total Cost": 21741.14, "Plan Rows": 345008, "Plan Width": 4, "Actual Startup Time": 0.084, "Actual Total Time": 0.105, "Actual Rows": 10, "Actual Loops": 1, "Inner Unique": false, "Plans": [{"Node Type": "Seq Scan", "Parent Relationship": "Outer", "Relation Name": "info_type", "Alias": "it", "Startup Cost": 0.0, "Total Cost": 2.4, "Plan Rows": 1, "Plan Width": 4, "Actual Startup Time": 0.046, "Actual Total Time": 0.055, "Actual Rows": 1, "Actual Loops": 1, "Filter": "((info)::text = 'bottom 10 rank'::text)", "Rows Removed by Filter": 111}, {"Node Type": "Bitmap Heap Scan", "Parent Relationship": "Inner", "Relation Name": "movie_info_idx", "Alias": "mi_idx", "Startup Cost": 7502.06, "Total Cost": 18288.66, "Plan Rows": 345008, "Plan Width": 8, "Actual Startup Time": 0.03, "Actual Total Time": 0.039, "Actual Rows": 10, "Actual Loops": 1, "Recheck Cond": "(info_type_id = it.id), (LLVM Optimized, Jit Execute)", "Rows Removed by Index Recheck": 0, "Exact Heap Blocks": 1, "Lossy Heap Blocks": 1, "Plans": [{"Node Type": "Bitmap Index Scan", "Parent Relationship": "Outer", "Index Name": "info_type_id_movie_info_idx", "Startup Cost": 0.0, "Total Cost": 7415.81, "Plan Rows": 345008, "Plan Width": 0, "Actual Startup Time": 0.017, "Actual Total Time": 0.017, "Actual Rows": 10, "Actual Loops": 1, "Index Cond": "(info_type_id = it.id)"}]}]}, {"Node Type": "Hash", "Parent Relationship": "Inner", "Startup Cost": 72710.67, "Total Cost": 72710.67, "Plan Rows": 719240, "Plan Width": 25, "Actual Startup Time": 1167.873, "Actual Total Time": 1167.873, "Actual Rows": 716259, "Actual Loops": 1, "Hash Buckets": 1048576, "Hash Batches": 1, "Original Hash Batches": 1, "Peak Memory Usage": 41052, "Plans": [{"Node Type": "Seq Scan", "Parent Relationship": "Outer", "Relation Name": "title", "Alias": "t", "Startup Cost": 2083.5, "Total Cost": 72710.67, "Plan Rows": 719240, "Plan Width": 25, "Actual Startup Time": 0.026, "Actual Total Time": 928.077, "Actual Rows": 716259, "Actual Loops": 1, "Filter": "((production_year >= 2005) AND (production_year <= 2010)), (LLVM Optimized, Jit Execute)", "Rows Removed by Filter": 1812052}]}]}]}]}, {"Node Type": "Hash", "Parent Relationship": "Inner", "Startup Cost": 1.04, "Total Cost": 1.04, "Plan Rows": 1, "Plan Width": 4, "Actual Startup Time": 0.049, "Actual Total Time": 0.049, "Actual Rows": 1, "Actual Loops": 1, "Hash Buckets": 32768, "Hash Batches": 1, "Original Hash Batches": 1, "Peak Memory Usage": 1, "Plans": [{"Node Type": "Seq Scan", "Parent Relationship": "Outer", "Relation Name": "company_type", "Alias": "ct", "Startup Cost": 0.0, "Total Cost": 1.04, "Plan Rows": 1, "Plan Width": 4, "Actual Startup Time": 0.027, "Actual Total Time": 0.03, "Actual Rows": 1, "Actual Loops": 1, "Filter": "((kind)::text = 'production companies'::text)", "Rows Removed by Filter": 2}]}]}]}, "Triggers": [], "Planner Runtime": 9.792, "Total Runtime": 2334.263, "Unique SQL Id": 1162488282}}, "(1, '101')": {"explain_plan": {"Plan": {"Node Type": "Aggregate", "Strategy": "Plain", "Startup Cost": 247822.0, "Total Cost": 247822.01, "Plan Rows": 1, "Plan Width": 113, "Plans": [{"Node Type": "Hash Join", "Parent Relationship": "Outer", "Join Type": "Inner", "Startup Cost": 163718.37, "Total Cost": 244465.97, "Plan Rows": 447470, "Plan Width": 45, "Inner Unique": false, "Hash Cond": "(mc.movie_id = t.id), (LLVM Optimized)", "Plans": [{"Node Type": "Nested Loop", "Parent Relationship": "Outer", "Join Type": "Inner", "Startup Cost": 0.0, "Total Cost": 69436.41, "Plan Rows": 1304518, "Plan Width": 28, "Inner Unique": false, "Plans": [{"Node Type": "Index Scan", "Parent Relationship": "Outer", "Scan Direction": "Forward", "Index Name": "company_type_pkey", "Relation Name": "company_type", "Alias": "ct", "Startup Cost": 0.0, "Total Cost": 12.3, "Plan Rows": 1, "Plan Width": 4, "Filter": "((kind)::text = 'production companies'::text)"}, {"Node Type": "Index Scan", "Parent Relationship": "Inner", "Scan Direction": "Forward", "Index Name": "company_type_id_movie_companies", "Relation Name": "movie_companies", "Alias": "mc", "Startup Cost": 0.0, "Total Cost": 56378.94, "Plan Rows": 1304517, "Plan Width": 32, "Index Cond": "(company_type_id = ct.id), (LLVM Optimized)", "Filter": "((note)::text !~~ '%(as Metro-Goldwyn-Mayer Pictures)%'::text), (LLVM Optimized)"}]}, {"Node Type": "Hash", "Parent Relationship": "Inner", "Startup Cost": 158763.32, "Total Cost": 158763.32, "Plan Rows": 396404, "Plan Width": 29, "Plans": [{"Node Type": "Hash Join", "Parent Relationship": "Outer", "Join Type": "Inner", "Startup Cost": 139254.61, "Total Cost": 158763.32, "Plan Rows": 396404, "Plan Width": 29, "Inner Unique": true, "Hash Cond": "(mi_idx.movie_id = t.id), (LLVM Optimized)", "Plans": [{"Node Type": "Nested Loop", "Parent Relationship": "Outer", "Join Type": "Inner", "Startup Cost": 7502.06, "Total Cost": 21752.95, "Plan Rows": 345008, "Plan Width": 4, "Inner Unique": false, "Plans": [{"Node Type": "Index Scan", "Parent Relationship": "Outer", "Scan Direction": "Forward", "Index Name": "info_type_pkey", "Relation Name": "info_type", "Alias": "it", "Startup Cost": 0.0, "Total Cost": 14.21, "Plan Rows": 1, "Plan Width": 4, "Filter": "((info)::text = 'bottom 10 rank'::text)"}, {"Node Type": "Bitmap Heap Scan", "Parent Relationship": "Inner", "Relation Name": "movie_info_idx", "Alias": "mi_idx", "Startup Cost": 7502.06, "Total Cost": 18288.66, "Plan Rows": 345008, "Plan Width": 8, "Recheck Cond": "(info_type_id = it.id), (LLVM Optimized)", "Plans": [{"Node Type": "Bitmap Index Scan", "Parent Relationship": "Outer", "Index Name": "info_type_id_movie_info_idx", "Startup Cost": 0.0, "Total Cost": 7415.81, "Plan Rows": 345008, "Plan Width": 0, "Index Cond": "(info_type_id = it.id)"}]}]}, {"Node Type": "Hash", "Parent Relationship": "Inner", "Startup Cost": 122762.04, "Total Cost": 122762.04, "Plan Rows": 719240, "Plan Width": 25, "Plans": [{"Node Type": "Index Scan", "Parent Relationship": "Outer", "Scan Direction": "Forward", "Index Name": "title_pkey", "Relation Name": "title", "Alias": "t", "Startup Cost": 0.0, "Total Cost": 122762.04, "Plan Rows": 719240, "Plan Width": 25, "Filter": "((production_year >= 2005) AND (production_year <= 2010)), (LLVM Optimized)"}]}]}]}]}]}, "Unique SQL Id": 1162488282, "Planner Runtime": 4}, "explain_analyze_plan": {"Plan": {"Node Type": "Aggregate", "Strategy": "Plain", "Startup Cost": 247822.0, "Total Cost": 247822.01, "Plan Rows": 1, "Plan Width": 113, "Actual Startup Time": 4160.762, "Actual Total Time": 4160.762, "Actual Rows": 1, "Actual Loops": 1, "Plans": [{"Node Type": "Hash Join", "Parent Relationship": "Outer", "Join Type": "Inner", "Startup Cost": 163718.37, "Total Cost": 244465.97, "Plan Rows": 447470, "Plan Width": 45, "Actual Startup Time": 3832.302, "Actual Total Time": 4160.644, "Actual Rows": 3, "Actual Loops": 1, "Inner Unique": false, "Hash Cond": "(mc.movie_id = t.id), (LLVM Optimized, Jit Execute)", "Plans": [{"Node Type": "Nested Loop", "Parent Relationship": "Outer", "Join Type": "Inner", "Startup Cost": 0.0, "Total Cost": 69436.41, "Plan Rows": 1304518, "Plan Width": 28, "Actual Startup Time": 0.115, "Actual Total Time": 660.605, "Actual Rows": 140904, "Actual Loops": 1, "Inner Unique": false, "Plans": [{"Node Type": "Index Scan", "Parent Relationship": "Outer", "Scan Direction": "Forward", "Index Name": "company_type_pkey", "Relation Name": "company_type", "Alias": "ct", "Startup Cost": 0.0, "Total Cost": 12.3, "Plan Rows": 1, "Plan Width": 4, "Actual Startup Time": 0.029, "Actual Total Time": 0.039, "Actual Rows": 1, "Actual Loops": 1, "Filter": "((kind)::text = 'production companies'::text)", "Rows Removed by Filter": 2}, {"Node Type": "Index Scan", "Parent Relationship": "Inner", "Scan Direction": "Forward", "Index Name": "company_type_id_movie_companies", "Relation Name": "movie_companies", "Alias": "mc", "Startup Cost": 0.0, "Total Cost": 56378.94, "Plan Rows": 1304517, "Plan Width": 32, "Actual Startup Time": 0.081, "Actual Total Time": 632.434, "Actual Rows": 140904, "Actual Loops": 1, "Index Cond": "(company_type_id = ct.id), (LLVM Optimized, Jit Execute)", "Rows Removed by Index Recheck": 0, "Filter": "((note)::text !~~ '%(as Metro-Goldwyn-Mayer Pictures)%'::text), (LLVM Optimized, Jit Execute)", "Rows Removed by Filter": 1193979}]}, {"Node Type": "Hash", "Parent Relationship": "Inner", "Startup Cost": 158763.32, "Total Cost": 158763.32, "Plan Rows": 396404, "Plan Width": 29, "Actual Startup Time": 3468.773, "Actual Total Time": 3468.773, "Actual Rows": 4, "Actual Loops": 1, "Hash Buckets": 524288, "Hash Batches": 1, "Original Hash Batches": 1, "Peak Memory Usage": 1, "Plans": [{"Node Type": "Hash Join", "Parent Relationship": "Outer", "Join Type": "Inner", "Startup Cost": 139254.61, "Total Cost": 158763.32, "Plan Rows": 396404, "Plan Width": 29, "Actual Startup Time": 3468.757, "Actual Total Time": 3468.767, "Actual Rows": 4, "Actual Loops": 1, "Inner Unique": true, "Hash Cond": "(mi_idx.movie_id = t.id), (LLVM Optimized, Jit Execute)", "Plans": [{"Node Type": "Nested Loop", "Parent Relationship": "Outer", "Join Type": "Inner", "Startup Cost": 7502.06, "Total Cost": 21752.95, "Plan Rows": 345008, "Plan Width": 4, "Actual Startup Time": 0.092, "Actual Total Time": 0.104, "Actual Rows": 10, "Actual Loops": 1, "Inner Unique": false, "Plans": [{"Node Type": "Index Scan", "Parent Relationship": "Outer", "Scan Direction": "Forward", "Index Name": "info_type_pkey", "Relation Name": "info_type", "Alias": "it", "Startup Cost": 0.0, "Total Cost": 14.21, "Plan Rows": 1, "Plan Width": 4, "Actual Startup Time": 0.06, "Actual Total Time": 0.062, "Actual Rows": 1, "Actual Loops": 1, "Filter": "((info)::text = 'bottom 10 rank'::text)", "Rows Removed by Filter": 111}, {"Node Type": "Bitmap Heap Scan", "Parent Relationship": "Inner", "Relation Name": "movie_info_idx", "Alias": "mi_idx", "Startup Cost": 7502.06, "Total Cost": 18288.66, "Plan Rows": 345008, "Plan Width": 8, "Actual Startup Time": 0.026, "Actual Total Time": 0.031, "Actual Rows": 10, "Actual Loops": 1, "Recheck Cond": "(info_type_id = it.id), (LLVM Optimized, Jit Execute)", "Rows Removed by Index Recheck": 0, "Exact Heap Blocks": 1, "Lossy Heap Blocks": 1, "Plans": [{"Node Type": "Bitmap Index Scan", "Parent Relationship": "Outer", "Index Name": "info_type_id_movie_info_idx", "Startup Cost": 0.0, "Total Cost": 7415.81, "Plan Rows": 345008, "Plan Width": 0, "Actual Startup Time": 0.012, "Actual Total Time": 0.012, "Actual Rows": 10, "Actual Loops": 1, "Index Cond": "(info_type_id = it.id)"}]}]}, {"Node Type": "Hash", "Parent Relationship": "Inner", "Startup Cost": 122762.04, "Total Cost": 122762.04, "Plan Rows": 719240, "Plan Width": 25, "Actual Startup Time": 3467.963, "Actual Total Time": 3467.963, "Actual Rows": 716259, "Actual Loops": 1, "Hash Buckets": 1048576, "Hash Batches": 1, "Original Hash Batches": 1, "Peak Memory Usage": 41052, "Plans": [{"Node Type": "Index Scan", "Parent Relationship": "Outer", "Scan Direction": "Forward", "Index Name": "title_pkey", "Relation Name": "title", "Alias": "t", "Startup Cost": 0.0, "Total Cost": 122762.04, "Plan Rows": 719240, "Plan Width": 25, "Actual Startup Time": 0.027, "Actual Total Time": 3132.968, "Actual Rows": 716259, "Actual Loops": 1, "Filter": "((production_year >= 2005) AND (production_year <= 2010)), (LLVM Optimized, Jit Execute)", "Rows Removed by Filter": 1812052}]}]}]}]}]}, "Triggers": [], "Planner Runtime": 9.22, "Total Runtime": 4171.802, "Unique SQL Id": 1162488282}}, "(1, '102')": {"explain_plan": {"Plan": {"Node Type": "Aggregate", "Strategy": "Plain", "Startup Cost": 189131.4, "Total Cost": 189131.41, "Plan Rows": 1, "Plan Width": 113, "Plans": [{"Node Type": "Hash Join", "Parent Relationship": "Outer", "Join Type": "Inner", "Startup Cost": 113656.23, "Total Cost": 185775.37, "Plan Rows": 447470, "Plan Width": 45, "Inner Unique": true, "Hash Cond": "(mc.company_type_id = ct.id), (LLVM Optimized)", "Plans": [{"Node Type": "Hash Join", "Parent Relationship": "Outer", "Join Type": "Inner", "Startup Cost": 113655.18, "Total Cost": 181304.82, "Plan Rows": 549199, "Plan Width": 49, "Inner Unique": false, "Hash Cond": "(mc.movie_id = t.id), (LLVM Optimized)", "Plans": [{"Node Type": "Seq Scan", "Parent Relationship": "Outer", "Relation Name": "movie_companies", "Alias": "mc", "Startup Cost": 0.0, "Total Cost": 48340.1, "Plan Rows": 2609035, "Plan Width": 32, "Filter": "((note)::text !~~ '%(as Metro-Goldwyn-Mayer Pictures)%'::text), (LLVM Optimized)"}, {"Node Type": "Hash", "Parent Relationship": "Inner", "Startup Cost": 108700.13, "Total Cost": 108700.13, "Plan Rows": 396404, "Plan Width": 29, "Plans": [{"Node Type": "Hash Join", "Parent Relationship": "Outer", "Join Type": "Inner", "Startup Cost": 89203.23, "Total Cost": 108700.13, "Plan Rows": 396404, "Plan Width": 29, "Inner Unique": true, "Hash Cond": "(mi_idx.movie_id = t.id), (LLVM Optimized)", "Plans": [{"Node Type": "Nested Loop", "Parent Relationship": "Outer", "Join Type": "Inner", "Startup Cost": 7502.06, "Total Cost": 21741.14, "Plan Rows": 345008, "Plan Width": 4, "Inner Unique": false, "Plans": [{"Node Type": "Seq Scan", "Parent Relationship": "Outer", "Relation Name": "info_type", "Alias": "it", "Startup Cost": 0.0, "Total Cost": 2.4, "Plan Rows": 1, "Plan Width": 4, "Filter": "((info)::text = 'bottom 10 rank'::text)"}, {"Node Type": "Bitmap Heap Scan", "Parent Relationship": "Inner", "Relation Name": "movie_info_idx", "Alias": "mi_idx", "Startup Cost": 7502.06, "Total Cost": 18288.66, "Plan Rows": 345008, "Plan Width": 8, "Recheck Cond": "(info_type_id = it.id), (LLVM Optimized)", "Plans": [{"Node Type": "Bitmap Index Scan", "Parent Relationship": "Outer", "Index Name": "info_type_id_movie_info_idx", "Startup Cost": 0.0, "Total Cost": 7415.81, "Plan Rows": 345008, "Plan Width": 0, "Index Cond": "(info_type_id = it.id)"}]}]}, {"Node Type": "Hash", "Parent Relationship": "Inner", "Startup Cost": 72710.67, "Total Cost": 72710.67, "Plan Rows": 719240, "Plan Width": 25, "Plans": [{"Node Type": "Seq Scan", "Parent Relationship": "Outer", "Relation Name": "title", "Alias": "t", "Startup Cost": 2083.5, "Total Cost": 72710.67, "Plan Rows": 719240, "Plan Width": 25, "Filter": "((production_year >= 2005) AND (production_year <= 2010)), (LLVM Optimized)"}]}]}]}]}, {"Node Type": "Hash", "Parent Relationship": "Inner", "Startup Cost": 1.04, "Total Cost": 1.04, "Plan Rows": 1, "Plan Width": 4, "Plans": [{"Node Type": "Seq Scan", "Parent Relationship": "Outer", "Relation Name": "company_type", "Alias": "ct", "Startup Cost": 0.0, "Total Cost": 1.04, "Plan Rows": 1, "Plan Width": 4, "Filter": "((kind)::text = 'production companies'::text)"}]}]}]}, "Unique SQL Id": 1162488282, "Planner Runtime": 5}, "explain_analyze_plan": {"Plan": {"Node Type": "Aggregate", "Strategy": "Plain", "Startup Cost": 189131.4, "Total Cost": 189131.41, "Plan Rows": 1, "Plan Width": 113, "Actual Startup Time": 2323.246, "Actual Total Time": 2323.247, "Actual Rows": 1, "Actual Loops": 1, "Plans": [{"Node Type": "Hash Join", "Parent Relationship": "Outer", "Join Type": "Inner", "Startup Cost": 113656.23, "Total Cost": 185775.37, "Plan Rows": 447470, "Plan Width": 45, "Actual Startup Time": 2151.003, "Actual Total Time": 2323.203, "Actual Rows": 3, "Actual Loops": 1, "Inner Unique": true, "Hash Cond": "(mc.company_type_id = ct.id), (LLVM Optimized, Jit Execute)", "Plans": [{"Node Type": "Hash Join", "Parent Relationship": "Outer", "Join Type": "Inner", "Startup Cost": 113655.18, "Total Cost": 181304.82, "Plan Rows": 549199, "Plan Width": 49, "Actual Startup Time": 1492.465, "Actual Total Time": 2322.859, "Actual Rows": 66, "Actual Loops": 1, "Inner Unique": false, "Hash Cond": "(mc.movie_id = t.id), (LLVM Optimized, Jit Execute)", "Plans": [{"Node Type": "Seq Scan", "Parent Relationship": "Outer", "Relation Name": "movie_companies", "Alias": "mc", "Startup Cost": 0.0, "Total Cost": 48340.1, "Plan Rows": 2609035, "Plan Width": 32, "Actual Startup Time": 0.026, "Actual Total Time": 904.378, "Actual Rows": 1337087, "Actual Loops": 1, "Filter": "((note)::text !~~ '%(as Metro-Goldwyn-Mayer Pictures)%'::text), (LLVM Optimized, Jit Execute)", "Rows Removed by Filter": 1272041}, {"Node Type": "Hash", "Parent Relationship": "Inner", "Startup Cost": 108700.13, "Total Cost": 108700.13, "Plan Rows": 396404, "Plan Width": 29, "Actual Startup Time": 1168.669, "Actual Total Time": 1168.669, "Actual Rows": 4, "Actual Loops": 1, "Hash Buckets": 524288, "Hash Batches": 1, "Original Hash Batches": 1, "Peak Memory Usage": 1, "Plans": [{"Node Type": "Hash Join", "Parent Relationship": "Outer", "Join Type": "Inner", "Startup Cost": 89203.23, "Total Cost": 108700.13, "Plan Rows": 396404, "Plan Width": 29, "Actual Startup Time": 1168.633, "Actual Total Time": 1168.651, "Actual Rows": 4, "Actual Loops": 1, "Inner Unique": true, "Hash Cond": "(mi_idx.movie_id = t.id), (LLVM Optimized, Jit Execute)", "Plans": [{"Node Type": "Nested Loop", "Parent Relationship": "Outer", "Join Type": "Inner", "Startup Cost": 7502.06, "Total Cost": 21741.14, "Plan Rows": 345008, "Plan Width": 4, "Actual Startup Time": 0.084, "Actual Total Time": 0.105, "Actual Rows": 10, "Actual Loops": 1, "Inner Unique": false, "Plans": [{"Node Type": "Seq Scan", "Parent Relationship": "Outer", "Relation Name": "info_type", "Alias": "it", "Startup Cost": 0.0, "Total Cost": 2.4, "Plan Rows": 1, "Plan Width": 4, "Actual Startup Time": 0.046, "Actual Total Time": 0.055, "Actual Rows": 1, "Actual Loops": 1, "Filter": "((info)::text = 'bottom 10 rank'::text)", "Rows Removed by Filter": 111}, {"Node Type": "Bitmap Heap Scan", "Parent Relationship": "Inner", "Relation Name": "movie_info_idx", "Alias": "mi_idx", "Startup Cost": 7502.06, "Total Cost": 18288.66, "Plan Rows": 345008, "Plan Width": 8, "Actual Startup Time": 0.03, "Actual Total Time": 0.039, "Actual Rows": 10, "Actual Loops": 1, "Recheck Cond": "(info_type_id = it.id), (LLVM Optimized, Jit Execute)", "Rows Removed by Index Recheck": 0, "Exact Heap Blocks": 1, "Lossy Heap Blocks": 1, "Plans": [{"Node Type": "Bitmap Index Scan", "Parent Relationship": "Outer", "Index Name": "info_type_id_movie_info_idx", "Startup Cost": 0.0, "Total Cost": 7415.81, "Plan Rows": 345008, "Plan Width": 0, "Actual Startup Time": 0.017, "Actual Total Time": 0.017, "Actual Rows": 10, "Actual Loops": 1, "Index Cond": "(info_type_id = it.id)"}]}]}, {"Node Type": "Hash", "Parent Relationship": "Inner", "Startup Cost": 72710.67, "Total Cost": 72710.67, "Plan Rows": 719240, "Plan Width": 25, "Actual Startup Time": 1167.873, "Actual Total Time": 1167.873, "Actual Rows": 716259, "Actual Loops": 1, "Hash Buckets": 1048576, "Hash Batches": 1, "Original Hash Batches": 1, "Peak Memory Usage": 41052, "Plans": [{"Node Type": "Seq Scan", "Parent Relationship": "Outer", "Relation Name": "title", "Alias": "t", "Startup Cost": 2083.5, "Total Cost": 72710.67, "Plan Rows": 719240, "Plan Width": 25, "Actual Startup Time": 0.026, "Actual Total Time": 928.077, "Actual Rows": 716259, "Actual Loops": 1, "Filter": "((production_year >= 2005) AND (production_year <= 2010)), (LLVM Optimized, Jit Execute)", "Rows Removed by Filter": 1812052}]}]}]}]}, {"Node Type": "Hash", "Parent Relationship": "Inner", "Startup Cost": 1.04, "Total Cost": 1.04, "Plan Rows": 1, "Plan Width": 4, "Actual Startup Time": 0.049, "Actual Total Time": 0.049, "Actual Rows": 1, "Actual Loops": 1, "Hash Buckets": 32768, "Hash Batches": 1, "Original Hash Batches": 1, "Peak Memory Usage": 1, "Plans": [{"Node Type": "Seq Scan", "Parent Relationship": "Outer", "Relation Name": "company_type", "Alias": "ct", "Startup Cost": 0.0, "Total Cost": 1.04, "Plan Rows": 1, "Plan Width": 4, "Actual Startup Time": 0.027, "Actual Total Time": 0.03, "Actual Rows": 1, "Actual Loops": 1, "Filter": "((kind)::text = 'production companies'::text)", "Rows Removed by Filter": 2}]}]}]}, "Triggers": [], "Planner Runtime": 9.792, "Total Runtime": 2334.263, "Unique SQL Id": 1162488282}}, "(1, '103')": {"explain_plan": {"Plan": {"Node Type": "Aggregate", "Strategy": "Plain", "Startup Cost": 1000017766719.7, "Total Cost": 1000017766719.71, "Plan Rows": 1, "Plan Width": 113, "Plans": [{"Node Type": "Nested Loop", "Parent Relationship": "Outer", "Join Type": "Inner", "Startup Cost": 10000000001.08, "Total Cost": 1000017764229.67, "Plan Rows": 332005, "Plan Width": 45, "Inner Unique": true, "Plans": [{"Node Type": "Nested Loop", "Parent Relationship": "Outer", "Join Type": "Inner", "Startup Cost": 10000000000.81, "Total Cost": 1000015609438.29, "Plan Rows": 501180, "Plan Width": 32, "Inner Unique": true, "Plans": [{"Node Type": "Nested Loop", "Parent Relationship": "Outer", "Join Type": "Inner", "Startup Cost": 10000000000.55, "Total Cost": 1000012058838.99, "Plan Rows": 829046, "Plan Width": 36, "Inner Unique": false, "Plans": [{"Node Type": "Nested Loop", "Parent Relationship": "Outer", "Join Type": "Inner", "Startup Cost": 10000000000.26, "Total Cost": 1000010560383.98, "Plan Rows": 345008, "Plan Width": 4, "Inner Unique": true, "Plans": [{"Node Type": "Index Scan", "Parent Relationship": "Outer", "Scan Direction": "Forward", "Index Name": "movie_id_movie_info_idx", "Relation Name": "movie_info_idx", "Alias": "mi_idx", "Startup Cost": 10000000000.0, "Total Cost": 1000004650035.37, "Plan Rows": 1380034, "Plan Width": 8}, {"Node Type": "Bitmap Heap Scan", "Parent Relationship": "Inner", "Relation Name": "info_type", "Alias": "it", "Startup Cost": 0.26, "Total Cost": 4.27, "Plan Rows": 1, "Plan Width": 4, "Recheck Cond": "(id = mi_idx.info_type_id)", "Filter": "((info)::text = 'bottom 10 rank'::text)", "Plans": [{"Node Type": "Bitmap Index Scan", "Parent Relationship": "Outer", "Index Name": "info_type_pkey", "Startup Cost": 0.0, "Total Cost": 0.26, "Plan Rows": 1, "Plan Width": 0, "Index Cond": "(id = mi_idx.info_type_id)"}]}]}, {"Node Type": "Bitmap Heap Scan", "Parent Relationship": "Inner", "Relation Name": "movie_companies", "Alias": "mc", "Startup Cost": 0.29, "Total Cost": 4.32, "Plan Rows": 2, "Plan Width": 32, "Recheck Cond": "(movie_id = mi_idx.movie_id)", "Filter": "((note)::text !~~ '%(as Metro-Goldwyn-Mayer Pictures)%'::text)", "Plans": [{"Node Type": "Bitmap Index Scan", "Parent Relationship": "Outer", "Index Name": "movie_id_movie_companies", "Startup Cost": 0.0, "Total Cost": 0.29, "Plan Rows": 2, "Plan Width": 0, "Index Cond": "(movie_id = mi_idx.movie_id)"}]}]}, {"Node Type": "Bitmap Heap Scan", "Parent Relationship": "Inner", "Relation Name": "company_type", "Alias": "ct", "Startup Cost": 0.26, "Total Cost": 4.27, "Plan Rows": 1, "Plan Width": 4, "Recheck Cond": "(id = mc.company_type_id)", "Filter": "((kind)::text = 'production companies'::text)", "Plans": [{"Node Type": "Bitmap Index Scan", "Parent Relationship": "Outer", "Index Name": "company_type_pkey", "Startup Cost": 0.0, "Total Cost": 0.26, "Plan Rows": 1, "Plan Width": 0, "Index Cond": "(id = mc.company_type_id)"}]}]}, {"Node Type": "Bitmap Heap Scan", "Parent Relationship": "Inner", "Relation Name": "title", "Alias": "t", "Startup Cost": 0.27, "Total Cost": 4.29, "Plan Rows": 1, "Plan Width": 25, "Recheck Cond": "(id = mc.movie_id)", "Filter": "((production_year >= 2005) AND (production_year <= 2010))", "Plans": [{"Node Type": "Bitmap Index Scan", "Parent Relationship": "Outer", "Index Name": "title_pkey", "Startup Cost": 0.0, "Total Cost": 0.27, "Plan Rows": 1, "Plan Width": 0, "Index Cond": "(id = mc.movie_id)"}]}]}]}, "Unique SQL Id": 1162488282, "Planner Runtime": 2}, "explain_analyze_plan": null}, "(1, '104')": {"explain_plan": {"Plan": {"Node Type": "Aggregate", "Strategy": "Plain", "Startup Cost": 194575.8, "Total Cost": 194575.81, "Plan Rows": 1, "Plan Width": 113, "Plans": [{"Node Type": "Hash Join", "Parent Relationship": "Outer", "Join Type": "Inner", "Startup Cost": 119100.63, "Total Cost": 191219.77, "Plan Rows": 447470, "Plan Width": 45, "Inner Unique": true, "Hash Cond": "(mc.company_type_id = ct.id), (LLVM Optimized)", "Plans": [{"Node Type": "Hash Join", "Parent Relationship": "Outer", "Join Type": "Inner", "Startup Cost": 119099.58, "Total Cost": 186749.22, "Plan Rows": 549199, "Plan Width": 49, "Inner Unique": false, "Hash Cond": "(mc.movie_id = t.id), (LLVM Optimized)", "Plans": [{"Node Type": "Seq Scan", "Parent Relationship": "Outer", "Relation Name": "movie_companies", "Alias": "mc", "Startup Cost": 0.0, "Total Cost": 48340.1, "Plan Rows": 2609035, "Plan Width": 32, "Filter": "((note)::text !~~ '%(as Metro-Goldwyn-Mayer Pictures)%'::text), (LLVM Optimized)"}, {"Node Type": "Hash", "Parent Relationship": "Inner", "Startup Cost": 114144.53, "Total Cost": 114144.53, "Plan Rows": 396404, "Plan Width": 29, "Plans": [{"Node Type": "Hash Join", "Parent Relationship": "Outer", "Join Type": "Inner", "Startup Cost": 81703.58, "Total Cost": 114144.53, "Plan Rows": 396404, "Plan Width": 29, "Inner Unique": true, "Hash Cond": "(mi_idx.movie_id = t.id), (LLVM Optimized)", "Plans": [{"Node Type": "Hash Join", "Parent Relationship": "Outer", "Join Type": "Inner", "Startup Cost": 2.41, "Total Cost": 27185.54, "Plan Rows": 345008, "Plan Width": 4, "Inner Unique": true, "Hash Cond": "(mi_idx.info_type_id = it.id), (LLVM Optimized)", "Plans": [{"Node Type": "Seq Scan", "Parent Relationship": "Outer", "Relation Name": "movie_info_idx", "Alias": "mi_idx", "Startup Cost": 0.0, "Total Cost": 20274.34, "Plan Rows": 1380034, "Plan Width": 8}, {"Node Type": "Hash", "Parent Relationship": "Inner", "Startup Cost": 2.4, "Total Cost": 2.4, "Plan Rows": 1, "Plan Width": 4, "Plans": [{"Node Type": "Seq Scan", "Parent Relationship": "Outer", "Relation Name": "info_type", "Alias": "it", "Startup Cost": 0.0, "Total Cost": 2.4, "Plan Rows": 1, "Plan Width": 4, "Filter": "((info)::text = 'bottom 10 rank'::text)"}]}]}, {"Node Type": "Hash", "Parent Relationship": "Inner", "Startup Cost": 72710.67, "Total Cost": 72710.67, "Plan Rows": 719240, "Plan Width": 25, "Plans": [{"Node Type": "Seq Scan", "Parent Relationship": "Outer", "Relation Name": "title", "Alias": "t", "Startup Cost": 2083.5, "Total Cost": 72710.67, "Plan Rows": 719240, "Plan Width": 25, "Filter": "((production_year >= 2005) AND (production_year <= 2010)), (LLVM Optimized)"}]}]}]}]}, {"Node Type": "Hash", "Parent Relationship": "Inner", "Startup Cost": 1.04, "Total Cost": 1.04, "Plan Rows": 1, "Plan Width": 4, "Plans": [{"Node Type": "Seq Scan", "Parent Relationship": "Outer", "Relation Name": "company_type", "Alias": "ct", "Startup Cost": 0.0, "Total Cost": 1.04, "Plan Rows": 1, "Plan Width": 4, "Filter": "((kind)::text = 'production companies'::text)"}]}]}]}, "Unique SQL Id": 1162488282, "Planner Runtime": 6}, "explain_analyze_plan": {"Plan": {"Node Type": "Aggregate", "Strategy": "Plain", "Startup Cost": 194575.8, "Total Cost": 194575.81, "Plan Rows": 1, "Plan Width": 113, "Actual Startup Time": 2946.517, "Actual Total Time": 2946.518, "Actual Rows": 1, "Actual Loops": 1, "Plans": [{"Node Type": "Hash Join", "Parent Relationship": "Outer", "Join Type": "Inner", "Startup Cost": 119100.63, "Total Cost": 191219.77, "Plan Rows": 447470, "Plan Width": 45, "Actual Startup Time": 2773.563, "Actual Total Time": 2946.484, "Actual Rows": 3, "Actual Loops": 1, "Inner Unique": true, "Hash Cond": "(mc.company_type_id = ct.id), (LLVM Optimized, Jit Execute)", "Plans": [{"Node Type": "Hash Join", "Parent Relationship": "Outer", "Join Type": "Inner", "Startup Cost": 119099.58, "Total Cost": 186749.22, "Plan Rows": 549199, "Plan Width": 49, "Actual Startup Time": 2098.009, "Actual Total Time": 2946.235, "Actual Rows": 66, "Actual Loops": 1, "Inner Unique": false, "Hash Cond": "(mc.movie_id = t.id), (LLVM Optimized, Jit Execute)", "Plans": [{"Node Type": "Seq Scan", "Parent Relationship": "Outer", "Relation Name": "movie_companies", "Alias": "mc", "Startup Cost": 0.0, "Total Cost": 48340.1, "Plan Rows": 2609035, "Plan Width": 32, "Actual Startup Time": 0.028, "Actual Total Time": 909.108, "Actual Rows": 1337087, "Actual Loops": 1, "Filter": "((note)::text !~~ '%(as Metro-Goldwyn-Mayer Pictures)%'::text), (LLVM Optimized, Jit Execute)", "Rows Removed by Filter": 1272041}, {"Node Type": "Hash", "Parent Relationship": "Inner", "Startup Cost": 114144.53, "Total Cost": 114144.53, "Plan Rows": 396404, "Plan Width": 29, "Actual Startup Time": 1767.491, "Actual Total Time": 1767.491, "Actual Rows": 4, "Actual Loops": 1, "Hash Buckets": 524288, "Hash Batches": 1, "Original Hash Batches": 1, "Peak Memory Usage": 1, "Plans": [{"Node Type": "Hash Join", "Parent Relationship": "Outer", "Join Type": "Inner", "Startup Cost": 81703.58, "Total Cost": 114144.53, "Plan Rows": 396404, "Plan Width": 29, "Actual Startup Time": 1767.441, "Actual Total Time": 1767.482, "Actual Rows": 4, "Actual Loops": 1, "Inner Unique": true, "Hash Cond": "(mi_idx.movie_id = t.id), (LLVM Optimized, Jit Execute)", "Plans": [{"Node Type": "Hash Join", "Parent Relationship": "Outer", "Join Type": "Inner", "Startup Cost": 2.41, "Total Cost": 27185.54, "Plan Rows": 345008, "Plan Width": 4, "Actual Startup Time": 530.475, "Actual Total Time": 530.49, "Actual Rows": 10, "Actual Loops": 1, "Inner Unique": true, "Hash Cond": "(mi_idx.info_type_id = it.id), (LLVM Optimized, Jit Execute)", "Plans": [{"Node Type": "Seq Scan", "Parent Relationship": "Outer", "Relation Name": "movie_info_idx", "Alias": "mi_idx", "Startup Cost": 0.0, "Total Cost": 20274.34, "Plan Rows": 1380034, "Plan Width": 8, "Actual Startup Time": 0.033, "Actual Total Time": 298.78, "Actual Rows": 1380034, "Actual Loops": 1}, {"Node Type": "Hash", "Parent Relationship": "Inner", "Startup Cost": 2.4, "Total Cost": 2.4, "Plan Rows": 1, "Plan Width": 4, "Actual Startup Time": 0.047, "Actual Total Time": 0.047, "Actual Rows": 1, "Actual Loops": 1, "Hash Buckets": 32768, "Hash Batches": 1, "Original Hash Batches": 1, "Peak Memory Usage": 1, "Plans": [{"Node Type": "Seq Scan", "Parent Relationship": "Outer", "Relation Name": "info_type", "Alias": "it", "Startup Cost": 0.0, "Total Cost": 2.4, "Plan Rows": 1, "Plan Width": 4, "Actual Startup Time": 0.043, "Actual Total Time": 0.044, "Actual Rows": 1, "Actual Loops": 1, "Filter": "((info)::text = 'bottom 10 rank'::text)", "Rows Removed by Filter": 111}]}]}, {"Node Type": "Hash", "Parent Relationship": "Inner", "Startup Cost": 72710.67, "Total Cost": 72710.67, "Plan Rows": 719240, "Plan Width": 25, "Actual Startup Time": 1236.258, "Actual Total Time": 1236.258, "Actual Rows": 716259, "Actual Loops": 1, "Hash Buckets": 1048576, "Hash Batches": 1, "Original Hash Batches": 1, "Peak Memory Usage": 41052, "Plans": [{"Node Type": "Seq Scan", "Parent Relationship": "Outer", "Relation Name": "title", "Alias": "t", "Startup Cost": 2083.5, "Total Cost": 72710.67, "Plan Rows": 719240, "Plan Width": 25, "Actual Startup Time": 0.032, "Actual Total Time": 894.577, "Actual Rows": 716259, "Actual Loops": 1, "Filter": "((production_year >= 2005) AND (production_year <= 2010)), (LLVM Optimized, Jit Execute)", "Rows Removed by Filter": 1812052}]}]}]}]}, {"Node Type": "Hash", "Parent Relationship": "Inner", "Startup Cost": 1.04, "Total Cost": 1.04, "Plan Rows": 1, "Plan Width": 4, "Actual Startup Time": 0.049, "Actual Total Time": 0.049, "Actual Rows": 1, "Actual Loops": 1, "Hash Buckets": 32768, "Hash Batches": 1, "Original Hash Batches": 1, "Peak Memory Usage": 1, "Plans": [{"Node Type": "Seq Scan", "Parent Relationship": "Outer", "Relation Name": "company_type", "Alias": "ct", "Startup Cost": 0.0, "Total Cost": 1.04, "Plan Rows": 1, "Plan Width": 4, "Actual Startup Time": 0.029, "Actual Total Time": 0.032, "Actual Rows": 1, "Actual Loops": 1, "Filter": "((kind)::text = 'production companies'::text)", "Rows Removed by Filter": 2}]}]}]}, "Triggers": [], "Planner Runtime": 10.864, "Total Runtime": 2957.448, "Unique SQL Id": 1162488282}}, "(1, '105')": {"explain_plan": {"Plan": {"Node Type": "Aggregate", "Strategy": "Plain", "Startup Cost": 264407.24, "Total Cost": 264407.25, "Plan Rows": 1, "Plan Width": 113, "Plans": [{"Node Type": "Hash Join", "Parent Relationship": "Outer", "Join Type": "Inner", "Startup Cost": 180303.61, "Total Cost": 261051.22, "Plan Rows": 447470, "Plan Width": 45, "Inner Unique": false, "Hash Cond": "(mc.movie_id = t.id), (LLVM Optimized)", "Plans": [{"Node Type": "Nested Loop", "Parent Relationship": "Outer", "Join Type": "Inner", "Startup Cost": 0.0, "Total Cost": 69436.41, "Plan Rows": 1304518, "Plan Width": 28, "Inner Unique": false, "Plans": [{"Node Type": "Index Scan", "Parent Relationship": "Outer", "Scan Direction": "Forward", "Index Name": "company_type_pkey", "Relation Name": "company_type", "Alias": "ct", "Startup Cost": 0.0, "Total Cost": 12.3, "Plan Rows": 1, "Plan Width": 4, "Filter": "((kind)::text = 'production companies'::text)"}, {"Node Type": "Index Scan", "Parent Relationship": "Inner", "Scan Direction": "Forward", "Index Name": "company_type_id_movie_companies", "Relation Name": "movie_companies", "Alias": "mc", "Startup Cost": 0.0, "Total Cost": 56378.94, "Plan Rows": 1304517, "Plan Width": 32, "Index Cond": "(company_type_id = ct.id), (LLVM Optimized)", "Filter": "((note)::text !~~ '%(as Metro-Goldwyn-Mayer Pictures)%'::text), (LLVM Optimized)"}]}, {"Node Type": "Hash", "Parent Relationship": "Inner", "Startup Cost": 175348.56, "Total Cost": 175348.56, "Plan Rows": 396404, "Plan Width": 29, "Plans": [{"Node Type": "Hash Join", "Parent Relationship": "Outer", "Join Type": "Inner", "Startup Cost": 131752.54, "Total Cost": 175348.56, "Plan Rows": 396404, "Plan Width": 29, "Inner Unique": true, "Hash Cond": "(mi_idx.movie_id = t.id), (LLVM Optimized)", "Plans": [{"Node Type": "Nested Loop", "Parent Relationship": "Outer", "Join Type": "Inner", "Startup Cost": 0.0, "Total Cost": 38338.2, "Plan Rows": 345008, "Plan Width": 4, "Inner Unique": false, "Plans": [{"Node Type": "Index Scan", "Parent Relationship": "Outer", "Scan Direction": "Forward", "Index Name": "info_type_pkey", "Relation Name": "info_type", "Alias": "it", "Startup Cost": 0.0, "Total Cost": 14.21, "Plan Rows": 1, "Plan Width": 4, "Filter": "((info)::text = 'bottom 10 rank'::text)"}, {"Node Type": "Index Scan", "Parent Relationship": "Inner", "Scan Direction": "Forward", "Index Name": "info_type_id_movie_info_idx", "Relation Name": "movie_info_idx", "Alias": "mi_idx", "Startup Cost": 0.0, "Total Cost": 34873.91, "Plan Rows": 345008, "Plan Width": 8, "Index Cond": "(info_type_id = it.id), (LLVM Optimized)"}]}, {"Node Type": "Hash", "Parent Relationship": "Inner", "Startup Cost": 122762.04, "Total Cost": 122762.04, "Plan Rows": 719240, "Plan Width": 25, "Plans": [{"Node Type": "Index Scan", "Parent Relationship": "Outer", "Scan Direction": "Forward", "Index Name": "title_pkey", "Relation Name": "title", "Alias": "t", "Startup Cost": 0.0, "Total Cost": 122762.04, "Plan Rows": 719240, "Plan Width": 25, "Filter": "((production_year >= 2005) AND (production_year <= 2010)), (LLVM Optimized)"}]}]}]}]}]}, "Unique SQL Id": 1162488282, "Planner Runtime": 4}, "explain_analyze_plan": {"Plan": {"Node Type": "Aggregate", "Strategy": "Plain", "Startup Cost": 264407.24, "Total Cost": 264407.25, "Plan Rows": 1, "Plan Width": 113, "Actual Startup Time": 4199.008, "Actual Total Time": 4199.009, "Actual Rows": 1, "Actual Loops": 1, "Plans": [{"Node Type": "Hash Join", "Parent Relationship": "Outer", "Join Type": "Inner", "Startup Cost": 180303.61, "Total Cost": 261051.22, "Plan Rows": 447470, "Plan Width": 45, "Actual Startup Time": 3870.665, "Actual Total Time": 4198.914, "Actual Rows": 3, "Actual Loops": 1, "Inner Unique": false, "Hash Cond": "(mc.movie_id = t.id), (LLVM Optimized, Jit Execute)", "Plans": [{"Node Type": "Nested Loop", "Parent Relationship": "Outer", "Join Type": "Inner", "Startup Cost": 0.0, "Total Cost": 69436.41, "Plan Rows": 1304518, "Plan Width": 28, "Actual Startup Time": 0.117, "Actual Total Time": 639.905, "Actual Rows": 140904, "Actual Loops": 1, "Inner Unique": false, "Plans": [{"Node Type": "Index Scan", "Parent Relationship": "Outer", "Scan Direction": "Forward", "Index Name": "company_type_pkey", "Relation Name": "company_type", "Alias": "ct", "Startup Cost": 0.0, "Total Cost": 12.3, "Plan Rows": 1, "Plan Width": 4, "Actual Startup Time": 0.029, "Actual Total Time": 0.047, "Actual Rows": 1, "Actual Loops": 1, "Filter": "((kind)::text = 'production companies'::text)", "Rows Removed by Filter": 2}, {"Node Type": "Index Scan", "Parent Relationship": "Inner", "Scan Direction": "Forward", "Index Name": "company_type_id_movie_companies", "Relation Name": "movie_companies", "Alias": "mc", "Startup Cost": 0.0, "Total Cost": 56378.94, "Plan Rows": 1304517, "Plan Width": 32, "Actual Startup Time": 0.081, "Actual Total Time": 611.349, "Actual Rows": 140904, "Actual Loops": 1, "Index Cond": "(company_type_id = ct.id), (LLVM Optimized, Jit Execute)", "Rows Removed by Index Recheck": 0, "Filter": "((note)::text !~~ '%(as Metro-Goldwyn-Mayer Pictures)%'::text), (LLVM Optimized, Jit Execute)", "Rows Removed by Filter": 1193979}]}, {"Node Type": "Hash", "Parent Relationship": "Inner", "Startup Cost": 175348.56, "Total Cost": 175348.56, "Plan Rows": 396404, "Plan Width": 29, "Actual Startup Time": 3530.006, "Actual Total Time": 3530.006, "Actual Rows": 4, "Actual Loops": 1, "Hash Buckets": 524288, "Hash Batches": 1, "Original Hash Batches": 1, "Peak Memory Usage": 1, "Plans": [{"Node Type": "Hash Join", "Parent Relationship": "Outer", "Join Type": "Inner", "Startup Cost": 131752.54, "Total Cost": 175348.56, "Plan Rows": 396404, "Plan Width": 29, "Actual Startup Time": 3529.966, "Actual Total Time": 3529.981, "Actual Rows": 4, "Actual Loops": 1, "Inner Unique": true, "Hash Cond": "(mi_idx.movie_id = t.id), (LLVM Optimized, Jit Execute)", "Plans": [{"Node Type": "Nested Loop", "Parent Relationship": "Outer", "Join Type": "Inner", "Startup Cost": 0.0, "Total Cost": 38338.2, "Plan Rows": 345008, "Plan Width": 4, "Actual Startup Time": 0.073, "Actual Total Time": 0.11, "Actual Rows": 10, "Actual Loops": 1, "Inner Unique": false, "Plans": [{"Node Type": "Index Scan", "Parent Relationship": "Outer", "Scan Direction": "Forward", "Index Name": "info_type_pkey", "Relation Name": "info_type", "Alias": "it", "Startup Cost": 0.0, "Total Cost": 14.21, "Plan Rows": 1, "Plan Width": 4, "Actual Startup Time": 0.06, "Actual Total Time": 0.064, "Actual Rows": 1, "Actual Loops": 1, "Filter": "((info)::text = 'bottom 10 rank'::text)", "Rows Removed by Filter": 111}, {"Node Type": "Index Scan", "Parent Relationship": "Inner", "Scan Direction": "Forward", "Index Name": "info_type_id_movie_info_idx", "Relation Name": "movie_info_idx", "Alias": "mi_idx", "Startup Cost": 0.0, "Total Cost": 34873.91, "Plan Rows": 345008, "Plan Width": 8, "Actual Startup Time": 0.01, "Actual Total Time": 0.034, "Actual Rows": 10, "Actual Loops": 1, "Index Cond": "(info_type_id = it.id), (LLVM Optimized, Jit Execute)", "Rows Removed by Index Recheck": 0}]}, {"Node Type": "Hash", "Parent Relationship": "Inner", "Startup Cost": 122762.04, "Total Cost": 122762.04, "Plan Rows": 719240, "Plan Width": 25, "Actual Startup Time": 3529.154, "Actual Total Time": 3529.154, "Actual Rows": 716259, "Actual Loops": 1, "Hash Buckets": 1048576, "Hash Batches": 1, "Original Hash Batches": 1, "Peak Memory Usage": 41052, "Plans": [{"Node Type": "Index Scan", "Parent Relationship": "Outer", "Scan Direction": "Forward", "Index Name": "title_pkey", "Relation Name": "title", "Alias": "t", "Startup Cost": 0.0, "Total Cost": 122762.04, "Plan Rows": 719240, "Plan Width": 25, "Actual Startup Time": 0.029, "Actual Total Time": 3198.546, "Actual Rows": 716259, "Actual Loops": 1, "Filter": "((production_year >= 2005) AND (production_year <= 2010)), (LLVM Optimized, Jit Execute)", "Rows Removed by Filter": 1812052}]}]}]}]}]}, "Triggers": [], "Planner Runtime": 9.249, "Total Runtime": 4211.085, "Unique SQL Id": 1162488282}}, "(1, '106')": {"explain_plan": {"Plan": {"Node Type": "Aggregate", "Strategy": "Plain", "Startup Cost": 194575.8, "Total Cost": 194575.81, "Plan Rows": 1, "Plan Width": 113, "Plans": [{"Node Type": "Hash Join", "Parent Relationship": "Outer", "Join Type": "Inner", "Startup Cost": 119100.63, "Total Cost": 191219.77, "Plan Rows": 447470, "Plan Width": 45, "Inner Unique": true, "Hash Cond": "(mc.company_type_id = ct.id), (LLVM Optimized)", "Plans": [{"Node Type": "Hash Join", "Parent Relationship": "Outer", "Join Type": "Inner", "Startup Cost": 119099.58, "Total Cost": 186749.22, "Plan Rows": 549199, "Plan Width": 49, "Inner Unique": false, "Hash Cond": "(mc.movie_id = t.id), (LLVM Optimized)", "Plans": [{"Node Type": "Seq Scan", "Parent Relationship": "Outer", "Relation Name": "movie_companies", "Alias": "mc", "Startup Cost": 0.0, "Total Cost": 48340.1, "Plan Rows": 2609035, "Plan Width": 32, "Filter": "((note)::text !~~ '%(as Metro-Goldwyn-Mayer Pictures)%'::text), (LLVM Optimized)"}, {"Node Type": "Hash", "Parent Relationship": "Inner", "Startup Cost": 114144.53, "Total Cost": 114144.53, "Plan Rows": 396404, "Plan Width": 29, "Plans": [{"Node Type": "Hash Join", "Parent Relationship": "Outer", "Join Type": "Inner", "Startup Cost": 81703.58, "Total Cost": 114144.53, "Plan Rows": 396404, "Plan Width": 29, "Inner Unique": true, "Hash Cond": "(mi_idx.movie_id = t.id), (LLVM Optimized)", "Plans": [{"Node Type": "Hash Join", "Parent Relationship": "Outer", "Join Type": "Inner", "Startup Cost": 2.41, "Total Cost": 27185.54, "Plan Rows": 345008, "Plan Width": 4, "Inner Unique": true, "Hash Cond": "(mi_idx.info_type_id = it.id), (LLVM Optimized)", "Plans": [{"Node Type": "Seq Scan", "Parent Relationship": "Outer", "Relation Name": "movie_info_idx", "Alias": "mi_idx", "Startup Cost": 0.0, "Total Cost": 20274.34, "Plan Rows": 1380034, "Plan Width": 8}, {"Node Type": "Hash", "Parent Relationship": "Inner", "Startup Cost": 2.4, "Total Cost": 2.4, "Plan Rows": 1, "Plan Width": 4, "Plans": [{"Node Type": "Seq Scan", "Parent Relationship": "Outer", "Relation Name": "info_type", "Alias": "it", "Startup Cost": 0.0, "Total Cost": 2.4, "Plan Rows": 1, "Plan Width": 4, "Filter": "((info)::text = 'bottom 10 rank'::text)"}]}]}, {"Node Type": "Hash", "Parent Relationship": "Inner", "Startup Cost": 72710.67, "Total Cost": 72710.67, "Plan Rows": 719240, "Plan Width": 25, "Plans": [{"Node Type": "Seq Scan", "Parent Relationship": "Outer", "Relation Name": "title", "Alias": "t", "Startup Cost": 2083.5, "Total Cost": 72710.67, "Plan Rows": 719240, "Plan Width": 25, "Filter": "((production_year >= 2005) AND (production_year <= 2010)), (LLVM Optimized)"}]}]}]}]}, {"Node Type": "Hash", "Parent Relationship": "Inner", "Startup Cost": 1.04, "Total Cost": 1.04, "Plan Rows": 1, "Plan Width": 4, "Plans": [{"Node Type": "Seq Scan", "Parent Relationship": "Outer", "Relation Name": "company_type", "Alias": "ct", "Startup Cost": 0.0, "Total Cost": 1.04, "Plan Rows": 1, "Plan Width": 4, "Filter": "((kind)::text = 'production companies'::text)"}]}]}]}, "Unique SQL Id": 1162488282, "Planner Runtime": 4}, "explain_analyze_plan": {"Plan": {"Node Type": "Aggregate", "Strategy": "Plain", "Startup Cost": 194575.8, "Total Cost": 194575.81, "Plan Rows": 1, "Plan Width": 113, "Actual Startup Time": 2946.517, "Actual Total Time": 2946.518, "Actual Rows": 1, "Actual Loops": 1, "Plans": [{"Node Type": "Hash Join", "Parent Relationship": "Outer", "Join Type": "Inner", "Startup Cost": 119100.63, "Total Cost": 191219.77, "Plan Rows": 447470, "Plan Width": 45, "Actual Startup Time": 2773.563, "Actual Total Time": 2946.484, "Actual Rows": 3, "Actual Loops": 1, "Inner Unique": true, "Hash Cond": "(mc.company_type_id = ct.id), (LLVM Optimized, Jit Execute)", "Plans": [{"Node Type": "Hash Join", "Parent Relationship": "Outer", "Join Type": "Inner", "Startup Cost": 119099.58, "Total Cost": 186749.22, "Plan Rows": 549199, "Plan Width": 49, "Actual Startup Time": 2098.009, "Actual Total Time": 2946.235, "Actual Rows": 66, "Actual Loops": 1, "Inner Unique": false, "Hash Cond": "(mc.movie_id = t.id), (LLVM Optimized, Jit Execute)", "Plans": [{"Node Type": "Seq Scan", "Parent Relationship": "Outer", "Relation Name": "movie_companies", "Alias": "mc", "Startup Cost": 0.0, "Total Cost": 48340.1, "Plan Rows": 2609035, "Plan Width": 32, "Actual Startup Time": 0.028, "Actual Total Time": 909.108, "Actual Rows": 1337087, "Actual Loops": 1, "Filter": "((note)::text !~~ '%(as Metro-Goldwyn-Mayer Pictures)%'::text), (LLVM Optimized, Jit Execute)", "Rows Removed by Filter": 1272041}, {"Node Type": "Hash", "Parent Relationship": "Inner", "Startup Cost": 114144.53, "Total Cost": 114144.53, "Plan Rows": 396404, "Plan Width": 29, "Actual Startup Time": 1767.491, "Actual Total Time": 1767.491, "Actual Rows": 4, "Actual Loops": 1, "Hash Buckets": 524288, "Hash Batches": 1, "Original Hash Batches": 1, "Peak Memory Usage": 1, "Plans": [{"Node Type": "Hash Join", "Parent Relationship": "Outer", "Join Type": "Inner", "Startup Cost": 81703.58, "Total Cost": 114144.53, "Plan Rows": 396404, "Plan Width": 29, "Actual Startup Time": 1767.441, "Actual Total Time": 1767.482, "Actual Rows": 4, "Actual Loops": 1, "Inner Unique": true, "Hash Cond": "(mi_idx.movie_id = t.id), (LLVM Optimized, Jit Execute)", "Plans": [{"Node Type": "Hash Join", "Parent Relationship": "Outer", "Join Type": "Inner", "Startup Cost": 2.41, "Total Cost": 27185.54, "Plan Rows": 345008, "Plan Width": 4, "Actual Startup Time": 530.475, "Actual Total Time": 530.49, "Actual Rows": 10, "Actual Loops": 1, "Inner Unique": true, "Hash Cond": "(mi_idx.info_type_id = it.id), (LLVM Optimized, Jit Execute)", "Plans": [{"Node Type": "Seq Scan", "Parent Relationship": "Outer", "Relation Name": "movie_info_idx", "Alias": "mi_idx", "Startup Cost": 0.0, "Total Cost": 20274.34, "Plan Rows": 1380034, "Plan Width": 8, "Actual Startup Time": 0.033, "Actual Total Time": 298.78, "Actual Rows": 1380034, "Actual Loops": 1}, {"Node Type": "Hash", "Parent Relationship": "Inner", "Startup Cost": 2.4, "Total Cost": 2.4, "Plan Rows": 1, "Plan Width": 4, "Actual Startup Time": 0.047, "Actual Total Time": 0.047, "Actual Rows": 1, "Actual Loops": 1, "Hash Buckets": 32768, "Hash Batches": 1, "Original Hash Batches": 1, "Peak Memory Usage": 1, "Plans": [{"Node Type": "Seq Scan", "Parent Relationship": "Outer", "Relation Name": "info_type", "Alias": "it", "Startup Cost": 0.0, "Total Cost": 2.4, "Plan Rows": 1, "Plan Width": 4, "Actual Startup Time": 0.043, "Actual Total Time": 0.044, "Actual Rows": 1, "Actual Loops": 1, "Filter": "((info)::text = 'bottom 10 rank'::text)", "Rows Removed by Filter": 111}]}]}, {"Node Type": "Hash", "Parent Relationship": "Inner", "Startup Cost": 72710.67, "Total Cost": 72710.67, "Plan Rows": 719240, "Plan Width": 25, "Actual Startup Time": 1236.258, "Actual Total Time": 1236.258, "Actual Rows": 716259, "Actual Loops": 1, "Hash Buckets": 1048576, "Hash Batches": 1, "Original Hash Batches": 1, "Peak Memory Usage": 41052, "Plans": [{"Node Type": "Seq Scan", "Parent Relationship": "Outer", "Relation Name": "title", "Alias": "t", "Startup Cost": 2083.5, "Total Cost": 72710.67, "Plan Rows": 719240, "Plan Width": 25, "Actual Startup Time": 0.032, "Actual Total Time": 894.577, "Actual Rows": 716259, "Actual Loops": 1, "Filter": "((production_year >= 2005) AND (production_year <= 2010)), (LLVM Optimized, Jit Execute)", "Rows Removed by Filter": 1812052}]}]}]}]}, {"Node Type": "Hash", "Parent Relationship": "Inner", "Startup Cost": 1.04, "Total Cost": 1.04, "Plan Rows": 1, "Plan Width": 4, "Actual Startup Time": 0.049, "Actual Total Time": 0.049, "Actual Rows": 1, "Actual Loops": 1, "Hash Buckets": 32768, "Hash Batches": 1, "Original Hash Batches": 1, "Peak Memory Usage": 1, "Plans": [{"Node Type": "Seq Scan", "Parent Relationship": "Outer", "Relation Name": "company_type", "Alias": "ct", "Startup Cost": 0.0, "Total Cost": 1.04, "Plan Rows": 1, "Plan Width": 4, "Actual Startup Time": 0.029, "Actual Total Time": 0.032, "Actual Rows": 1, "Actual Loops": 1, "Filter": "((kind)::text = 'production companies'::text)", "Rows Removed by Filter": 2}]}]}]}, "Triggers": [], "Planner Runtime": 10.864, "Total Runtime": 2957.448, "Unique SQL Id": 1162488282}}, "(1, '107')": {"explain_plan": {"Plan": {"Node Type": "Aggregate", "Strategy": "Plain", "Startup Cost": 5000019816411.59, "Total Cost": 5000019816411.6, "Plan Rows": 1, "Plan Width": 113, "Plans": [{"Node Type": "Hash Join", "Parent Relationship": "Outer", "Join Type": "Inner", "Startup Cost": 3020014123244.79, "Total Cost": 5000019813921.56, "Plan Rows": 332005, "Plan Width": 45, "Inner Unique": true, "Hash Cond": "(mc.movie_id = t.id), (LLVM Optimized)", "Plans": [{"Node Type": "Hash Join", "Parent Relationship": "Outer", "Join Type": "Inner", "Startup Cost": 2020001838049.88, "Total Cost": 4000007523527.17, "Plan Rows": 501180, "Plan Width": 32, "Inner Unique": false, "Hash Cond": "(mc.movie_id = mi_idx.movie_id), (LLVM Optimized)", "Plans": [{"Node Type": "Nested Loop", "Parent Relationship": "Outer", "Join Type": "Inner", "Startup Cost": 20000000000.0, "Total Cost": 2000005652169.42, "Plan Rows": 1304518, "Plan Width": 28, "Inner Unique": false, "Plans": [{"Node Type": "Index Scan", "Parent Relationship": "Outer", "Scan Direction": "Forward", "Index Name": "company_type_pkey", "Relation Name": "company_type", "Alias": "ct", "Startup Cost": 10000000000.0, "Total Cost": 1000000001230.25, "Plan Rows": 1, "Plan Width": 4, "Filter": "((kind)::text = 'production companies'::text)"}, {"Node Type": "Index Scan", "Parent Relationship": "Inner", "Scan Direction": "Forward", "Index Name": "company_type_id_movie_companies", "Relation Name": "movie_companies", "Alias": "mc", "Startup Cost": 10000000000.0, "Total Cost": 1000005637894.0, "Plan Rows": 1304517, "Plan Width": 32, "Index Cond": "(company_type_id = ct.id), (LLVM Optimized)", "Filter": "((note)::text !~~ '%(as Metro-Goldwyn-Mayer Pictures)%'::text), (LLVM Optimized)"}]}, {"Node Type": "Hash", "Parent Relationship": "Inner", "Startup Cost": 2000001833737.28, "Total Cost": 2000001833737.28, "Plan Rows": 345008, "Plan Width": 4, "Plans": [{"Node Type": "Nested Loop", "Parent Relationship": "Outer", "Join Type": "Inner", "Startup Cost": 20000007502.06, "Total Cost": 2000001833737.28, "Plan Rows": 345008, "Plan Width": 4, "Inner Unique": false, "Plans": [{"Node Type": "Index Scan", "Parent Relationship": "Outer", "Scan Direction": "Forward", "Index Name": "info_type_pkey", "Relation Name": "info_type", "Alias": "it", "Startup Cost": 10000000000.0, "Total Cost": 1000000001421.0, "Plan Rows": 1, "Plan Width": 4, "Filter": "((info)::text = 'bottom 10 rank'::text)"}, {"Node Type": "Bitmap Heap Scan", "Parent Relationship": "Inner", "Relation Name": "movie_info_idx", "Alias": "mi_idx", "Startup Cost": 10000007502.06, "Total Cost": 1000001828866.2, "Plan Rows": 345008, "Plan Width": 8, "Recheck Cond": "(info_type_id = it.id), (LLVM Optimized)", "Plans": [{"Node Type": "Bitmap Index Scan", "Parent Relationship": "Outer", "Index Name": "info_type_id_movie_info_idx", "Startup Cost": 0.0, "Total Cost": 7415.81, "Plan Rows": 345008, "Plan Width": 0, "Index Cond": "(info_type_id = it.id)"}]}]}]}]}, {"Node Type": "Hash", "Parent Relationship": "Inner", "Startup Cost": 1000012276204.41, "Total Cost": 1000012276204.41, "Plan Rows": 719240, "Plan Width": 25, "Plans": [{"Node Type": "Index Scan", "Parent Relationship": "Outer", "Scan Direction": "Forward", "Index Name": "title_pkey", "Relation Name": "title", "Alias": "t", "Startup Cost": 10000000000.0, "Total Cost": 1000012276204.41, "Plan Rows": 719240, "Plan Width": 25, "Filter": "((production_year >= 2005) AND (production_year <= 2010)), (LLVM Optimized)"}]}]}]}, "Unique SQL Id": 1162488282, "Planner Runtime": 4}, "explain_analyze_plan": {"Plan": {"Node Type": "Aggregate", "Strategy": "Plain", "Startup Cost": 5000019816411.59, "Total Cost": 5000019816411.6, "Plan Rows": 1, "Plan Width": 113, "Actual Startup Time": 4220.731, "Actual Total Time": 4220.732, "Actual Rows": 1, "Actual Loops": 1, "Plans": [{"Node Type": "Hash Join", "Parent Relationship": "Outer", "Join Type": "Inner", "Startup Cost": 3020014123244.79, "Total Cost": 5000019813921.56, "Plan Rows": 332005, "Plan Width": 45, "Actual Startup Time": 3840.383, "Actual Total Time": 4220.672, "Actual Rows": 3, "Actual Loops": 1, "Inner Unique": true, "Hash Cond": "(mc.movie_id = t.id), (LLVM Optimized, Jit Execute)", "Plans": [{"Node Type": "Hash Join", "Parent Relationship": "Outer", "Join Type": "Inner", "Startup Cost": 2020001838049.88, "Total Cost": 4000007523527.17, "Plan Rows": 501180, "Plan Width": 32, "Actual Startup Time": 343.62, "Actual Total Time": 723.789, "Actual Rows": 5, "Actual Loops": 1, "Inner Unique": false, "Hash Cond": "(mc.movie_id = mi_idx.movie_id), (LLVM Optimized, Jit Execute)", "Plans": [{"Node Type": "Nested Loop", "Parent Relationship": "Outer", "Join Type": "Inner", "Startup Cost": 20000000000.0, "Total Cost": 2000005652169.42, "Plan Rows": 1304518, "Plan Width": 28, "Actual Startup Time": 0.169, "Actual Total Time": 692.346, "Actual Rows": 140904, "Actual Loops": 1, "Inner Unique": false, "Plans": [{"Node Type": "Index Scan", "Parent Relationship": "Outer", "Scan Direction": "Forward", "Index Name": "company_type_pkey", "Relation Name": "company_type", "Alias": "ct", "Startup Cost": 10000000000.0, "Total Cost": 1000000001230.25, "Plan Rows": 1, "Plan Width": 4, "Actual Startup Time": 0.058, "Actual Total Time": 0.071, "Actual Rows": 1, "Actual Loops": 1, "Filter": "((kind)::text = 'production companies'::text)", "Rows Removed by Filter": 2}, {"Node Type": "Index Scan", "Parent Relationship": "Inner", "Scan Direction": "Forward", "Index Name": "company_type_id_movie_companies", "Relation Name": "movie_companies", "Alias": "mc", "Startup Cost": 10000000000.0, "Total Cost": 1000005637894.0, "Plan Rows": 1304517, "Plan Width": 32, "Actual Startup Time": 0.095, "Actual Total Time": 662.613, "Actual Rows": 140904, "Actual Loops": 1, "Index Cond": "(company_type_id = ct.id), (LLVM Optimized, Jit Execute)", "Rows Removed by Index Recheck": 0, "Filter": "((note)::text !~~ '%(as Metro-Goldwyn-Mayer Pictures)%'::text), (LLVM Optimized, Jit Execute)", "Rows Removed by Filter": 1193979}]}, {"Node Type": "Hash", "Parent Relationship": "Inner", "Startup Cost": 2000001833737.28, "Total Cost": 2000001833737.28, "Plan Rows": 345008, "Plan Width": 4, "Actual Startup Time": 0.169, "Actual Total Time": 0.169, "Actual Rows": 10, "Actual Loops": 1, "Hash Buckets": 524288, "Hash Batches": 1, "Original Hash Batches": 1, "Peak Memory Usage": 1, "Plans": [{"Node Type": "Nested Loop", "Parent Relationship": "Outer", "Join Type": "Inner", "Startup Cost": 20000007502.06, "Total Cost": 2000001833737.28, "Plan Rows": 345008, "Plan Width": 4, "Actual Startup Time": 0.15, "Actual Total Time": 0.159, "Actual Rows": 10, "Actual Loops": 1, "Inner Unique": false, "Plans": [{"Node Type": "Index Scan", "Parent Relationship": "Outer", "Scan Direction": "Forward", "Index Name": "info_type_pkey", "Relation Name": "info_type", "Alias": "it", "Startup Cost": 10000000000.0, "Total Cost": 1000000001421.0, "Plan Rows": 1, "Plan Width": 4, "Actual Startup Time": 0.083, "Actual Total Time": 0.085, "Actual Rows": 1, "Actual Loops": 1, "Filter": "((info)::text = 'bottom 10 rank'::text)", "Rows Removed by Filter": 111}, {"Node Type": "Bitmap Heap Scan", "Parent Relationship": "Inner", "Relation Name": "movie_info_idx", "Alias": "mi_idx", "Startup Cost": 10000007502.06, "Total Cost": 1000001828866.2, "Plan Rows": 345008, "Plan Width": 8, "Actual Startup Time": 0.041, "Actual Total Time": 0.042, "Actual Rows": 10, "Actual Loops": 1, "Recheck Cond": "(info_type_id = it.id), (LLVM Optimized, Jit Execute)", "Rows Removed by Index Recheck": 0, "Exact Heap Blocks": 1, "Lossy Heap Blocks": 1, "Plans": [{"Node Type": "Bitmap Index Scan", "Parent Relationship": "Outer", "Index Name": "info_type_id_movie_info_idx", "Startup Cost": 0.0, "Total Cost": 7415.81, "Plan Rows": 345008, "Plan Width": 0, "Actual Startup Time": 0.019, "Actual Total Time": 0.019, "Actual Rows": 10, "Actual Loops": 1, "Index Cond": "(info_type_id = it.id)"}]}]}]}]}, {"Node Type": "Hash", "Parent Relationship": "Inner", "Startup Cost": 1000012276204.41, "Total Cost": 1000012276204.41, "Plan Rows": 719240, "Plan Width": 25, "Actual Startup Time": 3495.949, "Actual Total Time": 3495.949, "Actual Rows": 716259, "Actual Loops": 1, "Hash Buckets": 1048576, "Hash Batches": 1, "Original Hash Batches": 1, "Peak Memory Usage": 41052, "Plans": [{"Node Type": "Index Scan", "Parent Relationship": "Outer", "Scan Direction": "Forward", "Index Name": "title_pkey", "Relation Name": "title", "Alias": "t", "Startup Cost": 10000000000.0, "Total Cost": 1000012276204.41, "Plan Rows": 719240, "Plan Width": 25, "Actual Startup Time": 0.062, "Actual Total Time": 3149.176, "Actual Rows": 716259, "Actual Loops": 1, "Filter": "((production_year >= 2005) AND (production_year <= 2010)), (LLVM Optimized, Jit Execute)", "Rows Removed by Filter": 1812052}]}]}]}, "Triggers": [], "Planner Runtime": 4.969, "Total Runtime": 4233.597, "Unique SQL Id": 1162488282}}, "(1, '108')": {"explain_plan": {"Plan": {"Node Type": "Aggregate", "Strategy": "Plain", "Startup Cost": 194575.8, "Total Cost": 194575.81, "Plan Rows": 1, "Plan Width": 113, "Plans": [{"Node Type": "Hash Join", "Parent Relationship": "Outer", "Join Type": "Inner", "Startup Cost": 119100.63, "Total Cost": 191219.77, "Plan Rows": 447470, "Plan Width": 45, "Inner Unique": true, "Hash Cond": "(mc.company_type_id = ct.id), (LLVM Optimized)", "Plans": [{"Node Type": "Hash Join", "Parent Relationship": "Outer", "Join Type": "Inner", "Startup Cost": 119099.58, "Total Cost": 186749.22, "Plan Rows": 549199, "Plan Width": 49, "Inner Unique": false, "Hash Cond": "(mc.movie_id = t.id), (LLVM Optimized)", "Plans": [{"Node Type": "Seq Scan", "Parent Relationship": "Outer", "Relation Name": "movie_companies", "Alias": "mc", "Startup Cost": 0.0, "Total Cost": 48340.1, "Plan Rows": 2609035, "Plan Width": 32, "Filter": "((note)::text !~~ '%(as Metro-Goldwyn-Mayer Pictures)%'::text), (LLVM Optimized)"}, {"Node Type": "Hash", "Parent Relationship": "Inner", "Startup Cost": 114144.53, "Total Cost": 114144.53, "Plan Rows": 396404, "Plan Width": 29, "Plans": [{"Node Type": "Hash Join", "Parent Relationship": "Outer", "Join Type": "Inner", "Startup Cost": 81703.58, "Total Cost": 114144.53, "Plan Rows": 396404, "Plan Width": 29, "Inner Unique": true, "Hash Cond": "(mi_idx.movie_id = t.id), (LLVM Optimized)", "Plans": [{"Node Type": "Hash Join", "Parent Relationship": "Outer", "Join Type": "Inner", "Startup Cost": 2.41, "Total Cost": 27185.54, "Plan Rows": 345008, "Plan Width": 4, "Inner Unique": true, "Hash Cond": "(mi_idx.info_type_id = it.id), (LLVM Optimized)", "Plans": [{"Node Type": "Seq Scan", "Parent Relationship": "Outer", "Relation Name": "movie_info_idx", "Alias": "mi_idx", "Startup Cost": 0.0, "Total Cost": 20274.34, "Plan Rows": 1380034, "Plan Width": 8}, {"Node Type": "Hash", "Parent Relationship": "Inner", "Startup Cost": 2.4, "Total Cost": 2.4, "Plan Rows": 1, "Plan Width": 4, "Plans": [{"Node Type": "Seq Scan", "Parent Relationship": "Outer", "Relation Name": "info_type", "Alias": "it", "Startup Cost": 0.0, "Total Cost": 2.4, "Plan Rows": 1, "Plan Width": 4, "Filter": "((info)::text = 'bottom 10 rank'::text)"}]}]}, {"Node Type": "Hash", "Parent Relationship": "Inner", "Startup Cost": 72710.67, "Total Cost": 72710.67, "Plan Rows": 719240, "Plan Width": 25, "Plans": [{"Node Type": "Seq Scan", "Parent Relationship": "Outer", "Relation Name": "title", "Alias": "t", "Startup Cost": 2083.5, "Total Cost": 72710.67, "Plan Rows": 719240, "Plan Width": 25, "Filter": "((production_year >= 2005) AND (production_year <= 2010)), (LLVM Optimized)"}]}]}]}]}, {"Node Type": "Hash", "Parent Relationship": "Inner", "Startup Cost": 1.04, "Total Cost": 1.04, "Plan Rows": 1, "Plan Width": 4, "Plans": [{"Node Type": "Seq Scan", "Parent Relationship": "Outer", "Relation Name": "company_type", "Alias": "ct", "Startup Cost": 0.0, "Total Cost": 1.04, "Plan Rows": 1, "Plan Width": 4, "Filter": "((kind)::text = 'production companies'::text)"}]}]}]}, "Unique SQL Id": 1162488282, "Planner Runtime": 6}, "explain_analyze_plan": {"Plan": {"Node Type": "Aggregate", "Strategy": "Plain", "Startup Cost": 194575.8, "Total Cost": 194575.81, "Plan Rows": 1, "Plan Width": 113, "Actual Startup Time": 2946.517, "Actual Total Time": 2946.518, "Actual Rows": 1, "Actual Loops": 1, "Plans": [{"Node Type": "Hash Join", "Parent Relationship": "Outer", "Join Type": "Inner", "Startup Cost": 119100.63, "Total Cost": 191219.77, "Plan Rows": 447470, "Plan Width": 45, "Actual Startup Time": 2773.563, "Actual Total Time": 2946.484, "Actual Rows": 3, "Actual Loops": 1, "Inner Unique": true, "Hash Cond": "(mc.company_type_id = ct.id), (LLVM Optimized, Jit Execute)", "Plans": [{"Node Type": "Hash Join", "Parent Relationship": "Outer", "Join Type": "Inner", "Startup Cost": 119099.58, "Total Cost": 186749.22, "Plan Rows": 549199, "Plan Width": 49, "Actual Startup Time": 2098.009, "Actual Total Time": 2946.235, "Actual Rows": 66, "Actual Loops": 1, "Inner Unique": false, "Hash Cond": "(mc.movie_id = t.id), (LLVM Optimized, Jit Execute)", "Plans": [{"Node Type": "Seq Scan", "Parent Relationship": "Outer", "Relation Name": "movie_companies", "Alias": "mc", "Startup Cost": 0.0, "Total Cost": 48340.1, "Plan Rows": 2609035, "Plan Width": 32, "Actual Startup Time": 0.028, "Actual Total Time": 909.108, "Actual Rows": 1337087, "Actual Loops": 1, "Filter": "((note)::text !~~ '%(as Metro-Goldwyn-Mayer Pictures)%'::text), (LLVM Optimized, Jit Execute)", "Rows Removed by Filter": 1272041}, {"Node Type": "Hash", "Parent Relationship": "Inner", "Startup Cost": 114144.53, "Total Cost": 114144.53, "Plan Rows": 396404, "Plan Width": 29, "Actual Startup Time": 1767.491, "Actual Total Time": 1767.491, "Actual Rows": 4, "Actual Loops": 1, "Hash Buckets": 524288, "Hash Batches": 1, "Original Hash Batches": 1, "Peak Memory Usage": 1, "Plans": [{"Node Type": "Hash Join", "Parent Relationship": "Outer", "Join Type": "Inner", "Startup Cost": 81703.58, "Total Cost": 114144.53, "Plan Rows": 396404, "Plan Width": 29, "Actual Startup Time": 1767.441, "Actual Total Time": 1767.482, "Actual Rows": 4, "Actual Loops": 1, "Inner Unique": true, "Hash Cond": "(mi_idx.movie_id = t.id), (LLVM Optimized, Jit Execute)", "Plans": [{"Node Type": "Hash Join", "Parent Relationship": "Outer", "Join Type": "Inner", "Startup Cost": 2.41, "Total Cost": 27185.54, "Plan Rows": 345008, "Plan Width": 4, "Actual Startup Time": 530.475, "Actual Total Time": 530.49, "Actual Rows": 10, "Actual Loops": 1, "Inner Unique": true, "Hash Cond": "(mi_idx.info_type_id = it.id), (LLVM Optimized, Jit Execute)", "Plans": [{"Node Type": "Seq Scan", "Parent Relationship": "Outer", "Relation Name": "movie_info_idx", "Alias": "mi_idx", "Startup Cost": 0.0, "Total Cost": 20274.34, "Plan Rows": 1380034, "Plan Width": 8, "Actual Startup Time": 0.033, "Actual Total Time": 298.78, "Actual Rows": 1380034, "Actual Loops": 1}, {"Node Type": "Hash", "Parent Relationship": "Inner", "Startup Cost": 2.4, "Total Cost": 2.4, "Plan Rows": 1, "Plan Width": 4, "Actual Startup Time": 0.047, "Actual Total Time": 0.047, "Actual Rows": 1, "Actual Loops": 1, "Hash Buckets": 32768, "Hash Batches": 1, "Original Hash Batches": 1, "Peak Memory Usage": 1, "Plans": [{"Node Type": "Seq Scan", "Parent Relationship": "Outer", "Relation Name": "info_type", "Alias": "it", "Startup Cost": 0.0, "Total Cost": 2.4, "Plan Rows": 1, "Plan Width": 4, "Actual Startup Time": 0.043, "Actual Total Time": 0.044, "Actual Rows": 1, "Actual Loops": 1, "Filter": "((info)::text = 'bottom 10 rank'::text)", "Rows Removed by Filter": 111}]}]}, {"Node Type": "Hash", "Parent Relationship": "Inner", "Startup Cost": 72710.67, "Total Cost": 72710.67, "Plan Rows": 719240, "Plan Width": 25, "Actual Startup Time": 1236.258, "Actual Total Time": 1236.258, "Actual Rows": 716259, "Actual Loops": 1, "Hash Buckets": 1048576, "Hash Batches": 1, "Original Hash Batches": 1, "Peak Memory Usage": 41052, "Plans": [{"Node Type": "Seq Scan", "Parent Relationship": "Outer", "Relation Name": "title", "Alias": "t", "Startup Cost": 2083.5, "Total Cost": 72710.67, "Plan Rows": 719240, "Plan Width": 25, "Actual Startup Time": 0.032, "Actual Total Time": 894.577, "Actual Rows": 716259, "Actual Loops": 1, "Filter": "((production_year >= 2005) AND (production_year <= 2010)), (LLVM Optimized, Jit Execute)", "Rows Removed by Filter": 1812052}]}]}]}]}, {"Node Type": "Hash", "Parent Relationship": "Inner", "Startup Cost": 1.04, "Total Cost": 1.04, "Plan Rows": 1, "Plan Width": 4, "Actual Startup Time": 0.049, "Actual Total Time": 0.049, "Actual Rows": 1, "Actual Loops": 1, "Hash Buckets": 32768, "Hash Batches": 1, "Original Hash Batches": 1, "Peak Memory Usage": 1, "Plans": [{"Node Type": "Seq Scan", "Parent Relationship": "Outer", "Relation Name": "company_type", "Alias": "ct", "Startup Cost": 0.0, "Total Cost": 1.04, "Plan Rows": 1, "Plan Width": 4, "Actual Startup Time": 0.029, "Actual Total Time": 0.032, "Actual Rows": 1, "Actual Loops": 1, "Filter": "((kind)::text = 'production companies'::text)", "Rows Removed by Filter": 2}]}]}]}, "Triggers": [], "Planner Runtime": 10.864, "Total Runtime": 2957.448, "Unique SQL Id": 1162488282}}, "(1, '109')": {"explain_plan": {"Plan": {"Node Type": "Aggregate", "Strategy": "Plain", "Startup Cost": 264407.24, "Total Cost": 264407.25, "Plan Rows": 1, "Plan Width": 113, "Plans": [{"Node Type": "Hash Join", "Parent Relationship": "Outer", "Join Type": "Inner", "Startup Cost": 180303.61, "Total Cost": 261051.22, "Plan Rows": 447470, "Plan Width": 45, "Inner Unique": false, "Hash Cond": "(mc.movie_id = t.id), (LLVM Optimized)", "Plans": [{"Node Type": "Nested Loop", "Parent Relationship": "Outer", "Join Type": "Inner", "Startup Cost": 0.0, "Total Cost": 69436.41, "Plan Rows": 1304518, "Plan Width": 28, "Inner Unique": false, "Plans": [{"Node Type": "Index Scan", "Parent Relationship": "Outer", "Scan Direction": "Forward", "Index Name": "company_type_pkey", "Relation Name": "company_type", "Alias": "ct", "Startup Cost": 0.0, "Total Cost": 12.3, "Plan Rows": 1, "Plan Width": 4, "Filter": "((kind)::text = 'production companies'::text)"}, {"Node Type": "Index Scan", "Parent Relationship": "Inner", "Scan Direction": "Forward", "Index Name": "company_type_id_movie_companies", "Relation Name": "movie_companies", "Alias": "mc", "Startup Cost": 0.0, "Total Cost": 56378.94, "Plan Rows": 1304517, "Plan Width": 32, "Index Cond": "(company_type_id = ct.id), (LLVM Optimized)", "Filter": "((note)::text !~~ '%(as Metro-Goldwyn-Mayer Pictures)%'::text), (LLVM Optimized)"}]}, {"Node Type": "Hash", "Parent Relationship": "Inner", "Startup Cost": 175348.56, "Total Cost": 175348.56, "Plan Rows": 396404, "Plan Width": 29, "Plans": [{"Node Type": "Hash Join", "Parent Relationship": "Outer", "Join Type": "Inner", "Startup Cost": 131752.54, "Total Cost": 175348.56, "Plan Rows": 396404, "Plan Width": 29, "Inner Unique": true, "Hash Cond": "(mi_idx.movie_id = t.id), (LLVM Optimized)", "Plans": [{"Node Type": "Nested Loop", "Parent Relationship": "Outer", "Join Type": "Inner", "Startup Cost": 0.0, "Total Cost": 38338.2, "Plan Rows": 345008, "Plan Width": 4, "Inner Unique": false, "Plans": [{"Node Type": "Index Scan", "Parent Relationship": "Outer", "Scan Direction": "Forward", "Index Name": "info_type_pkey", "Relation Name": "info_type", "Alias": "it", "Startup Cost": 0.0, "Total Cost": 14.21, "Plan Rows": 1, "Plan Width": 4, "Filter": "((info)::text = 'bottom 10 rank'::text)"}, {"Node Type": "Index Scan", "Parent Relationship": "Inner", "Scan Direction": "Forward", "Index Name": "info_type_id_movie_info_idx", "Relation Name": "movie_info_idx", "Alias": "mi_idx", "Startup Cost": 0.0, "Total Cost": 34873.91, "Plan Rows": 345008, "Plan Width": 8, "Index Cond": "(info_type_id = it.id), (LLVM Optimized)"}]}, {"Node Type": "Hash", "Parent Relationship": "Inner", "Startup Cost": 122762.04, "Total Cost": 122762.04, "Plan Rows": 719240, "Plan Width": 25, "Plans": [{"Node Type": "Index Scan", "Parent Relationship": "Outer", "Scan Direction": "Forward", "Index Name": "title_pkey", "Relation Name": "title", "Alias": "t", "Startup Cost": 0.0, "Total Cost": 122762.04, "Plan Rows": 719240, "Plan Width": 25, "Filter": "((production_year >= 2005) AND (production_year <= 2010)), (LLVM Optimized)"}]}]}]}]}]}, "Unique SQL Id": 1162488282, "Planner Runtime": 4}, "explain_analyze_plan": {"Plan": {"Node Type": "Aggregate", "Strategy": "Plain", "Startup Cost": 264407.24, "Total Cost": 264407.25, "Plan Rows": 1, "Plan Width": 113, "Actual Startup Time": 4199.008, "Actual Total Time": 4199.009, "Actual Rows": 1, "Actual Loops": 1, "Plans": [{"Node Type": "Hash Join", "Parent Relationship": "Outer", "Join Type": "Inner", "Startup Cost": 180303.61, "Total Cost": 261051.22, "Plan Rows": 447470, "Plan Width": 45, "Actual Startup Time": 3870.665, "Actual Total Time": 4198.914, "Actual Rows": 3, "Actual Loops": 1, "Inner Unique": false, "Hash Cond": "(mc.movie_id = t.id), (LLVM Optimized, Jit Execute)", "Plans": [{"Node Type": "Nested Loop", "Parent Relationship": "Outer", "Join Type": "Inner", "Startup Cost": 0.0, "Total Cost": 69436.41, "Plan Rows": 1304518, "Plan Width": 28, "Actual Startup Time": 0.117, "Actual Total Time": 639.905, "Actual Rows": 140904, "Actual Loops": 1, "Inner Unique": false, "Plans": [{"Node Type": "Index Scan", "Parent Relationship": "Outer", "Scan Direction": "Forward", "Index Name": "company_type_pkey", "Relation Name": "company_type", "Alias": "ct", "Startup Cost": 0.0, "Total Cost": 12.3, "Plan Rows": 1, "Plan Width": 4, "Actual Startup Time": 0.029, "Actual Total Time": 0.047, "Actual Rows": 1, "Actual Loops": 1, "Filter": "((kind)::text = 'production companies'::text)", "Rows Removed by Filter": 2}, {"Node Type": "Index Scan", "Parent Relationship": "Inner", "Scan Direction": "Forward", "Index Name": "company_type_id_movie_companies", "Relation Name": "movie_companies", "Alias": "mc", "Startup Cost": 0.0, "Total Cost": 56378.94, "Plan Rows": 1304517, "Plan Width": 32, "Actual Startup Time": 0.081, "Actual Total Time": 611.349, "Actual Rows": 140904, "Actual Loops": 1, "Index Cond": "(company_type_id = ct.id), (LLVM Optimized, Jit Execute)", "Rows Removed by Index Recheck": 0, "Filter": "((note)::text !~~ '%(as Metro-Goldwyn-Mayer Pictures)%'::text), (LLVM Optimized, Jit Execute)", "Rows Removed by Filter": 1193979}]}, {"Node Type": "Hash", "Parent Relationship": "Inner", "Startup Cost": 175348.56, "Total Cost": 175348.56, "Plan Rows": 396404, "Plan Width": 29, "Actual Startup Time": 3530.006, "Actual Total Time": 3530.006, "Actual Rows": 4, "Actual Loops": 1, "Hash Buckets": 524288, "Hash Batches": 1, "Original Hash Batches": 1, "Peak Memory Usage": 1, "Plans": [{"Node Type": "Hash Join", "Parent Relationship": "Outer", "Join Type": "Inner", "Startup Cost": 131752.54, "Total Cost": 175348.56, "Plan Rows": 396404, "Plan Width": 29, "Actual Startup Time": 3529.966, "Actual Total Time": 3529.981, "Actual Rows": 4, "Actual Loops": 1, "Inner Unique": true, "Hash Cond": "(mi_idx.movie_id = t.id), (LLVM Optimized, Jit Execute)", "Plans": [{"Node Type": "Nested Loop", "Parent Relationship": "Outer", "Join Type": "Inner", "Startup Cost": 0.0, "Total Cost": 38338.2, "Plan Rows": 345008, "Plan Width": 4, "Actual Startup Time": 0.073, "Actual Total Time": 0.11, "Actual Rows": 10, "Actual Loops": 1, "Inner Unique": false, "Plans": [{"Node Type": "Index Scan", "Parent Relationship": "Outer", "Scan Direction": "Forward", "Index Name": "info_type_pkey", "Relation Name": "info_type", "Alias": "it", "Startup Cost": 0.0, "Total Cost": 14.21, "Plan Rows": 1, "Plan Width": 4, "Actual Startup Time": 0.06, "Actual Total Time": 0.064, "Actual Rows": 1, "Actual Loops": 1, "Filter": "((info)::text = 'bottom 10 rank'::text)", "Rows Removed by Filter": 111}, {"Node Type": "Index Scan", "Parent Relationship": "Inner", "Scan Direction": "Forward", "Index Name": "info_type_id_movie_info_idx", "Relation Name": "movie_info_idx", "Alias": "mi_idx", "Startup Cost": 0.0, "Total Cost": 34873.91, "Plan Rows": 345008, "Plan Width": 8, "Actual Startup Time": 0.01, "Actual Total Time": 0.034, "Actual Rows": 10, "Actual Loops": 1, "Index Cond": "(info_type_id = it.id), (LLVM Optimized, Jit Execute)", "Rows Removed by Index Recheck": 0}]}, {"Node Type": "Hash", "Parent Relationship": "Inner", "Startup Cost": 122762.04, "Total Cost": 122762.04, "Plan Rows": 719240, "Plan Width": 25, "Actual Startup Time": 3529.154, "Actual Total Time": 3529.154, "Actual Rows": 716259, "Actual Loops": 1, "Hash Buckets": 1048576, "Hash Batches": 1, "Original Hash Batches": 1, "Peak Memory Usage": 41052, "Plans": [{"Node Type": "Index Scan", "Parent Relationship": "Outer", "Scan Direction": "Forward", "Index Name": "title_pkey", "Relation Name": "title", "Alias": "t", "Startup Cost": 0.0, "Total Cost": 122762.04, "Plan Rows": 719240, "Plan Width": 25, "Actual Startup Time": 0.029, "Actual Total Time": 3198.546, "Actual Rows": 716259, "Actual Loops": 1, "Filter": "((production_year >= 2005) AND (production_year <= 2010)), (LLVM Optimized, Jit Execute)", "Rows Removed by Filter": 1812052}]}]}]}]}]}, "Triggers": [], "Planner Runtime": 9.249, "Total Runtime": 4211.085, "Unique SQL Id": 1162488282}}, "(1, '110')": {"explain_plan": {"Plan": {"Node Type": "Aggregate", "Strategy": "Plain", "Startup Cost": 194575.8, "Total Cost": 194575.81, "Plan Rows": 1, "Plan Width": 113, "Plans": [{"Node Type": "Hash Join", "Parent Relationship": "Outer", "Join Type": "Inner", "Startup Cost": 119100.63, "Total Cost": 191219.77, "Plan Rows": 447470, "Plan Width": 45, "Inner Unique": true, "Hash Cond": "(mc.company_type_id = ct.id), (LLVM Optimized)", "Plans": [{"Node Type": "Hash Join", "Parent Relationship": "Outer", "Join Type": "Inner", "Startup Cost": 119099.58, "Total Cost": 186749.22, "Plan Rows": 549199, "Plan Width": 49, "Inner Unique": false, "Hash Cond": "(mc.movie_id = t.id), (LLVM Optimized)", "Plans": [{"Node Type": "Seq Scan", "Parent Relationship": "Outer", "Relation Name": "movie_companies", "Alias": "mc", "Startup Cost": 0.0, "Total Cost": 48340.1, "Plan Rows": 2609035, "Plan Width": 32, "Filter": "((note)::text !~~ '%(as Metro-Goldwyn-Mayer Pictures)%'::text), (LLVM Optimized)"}, {"Node Type": "Hash", "Parent Relationship": "Inner", "Startup Cost": 114144.53, "Total Cost": 114144.53, "Plan Rows": 396404, "Plan Width": 29, "Plans": [{"Node Type": "Hash Join", "Parent Relationship": "Outer", "Join Type": "Inner", "Startup Cost": 81703.58, "Total Cost": 114144.53, "Plan Rows": 396404, "Plan Width": 29, "Inner Unique": true, "Hash Cond": "(mi_idx.movie_id = t.id), (LLVM Optimized)", "Plans": [{"Node Type": "Hash Join", "Parent Relationship": "Outer", "Join Type": "Inner", "Startup Cost": 2.41, "Total Cost": 27185.54, "Plan Rows": 345008, "Plan Width": 4, "Inner Unique": true, "Hash Cond": "(mi_idx.info_type_id = it.id), (LLVM Optimized)", "Plans": [{"Node Type": "Seq Scan", "Parent Relationship": "Outer", "Relation Name": "movie_info_idx", "Alias": "mi_idx", "Startup Cost": 0.0, "Total Cost": 20274.34, "Plan Rows": 1380034, "Plan Width": 8}, {"Node Type": "Hash", "Parent Relationship": "Inner", "Startup Cost": 2.4, "Total Cost": 2.4, "Plan Rows": 1, "Plan Width": 4, "Plans": [{"Node Type": "Seq Scan", "Parent Relationship": "Outer", "Relation Name": "info_type", "Alias": "it", "Startup Cost": 0.0, "Total Cost": 2.4, "Plan Rows": 1, "Plan Width": 4, "Filter": "((info)::text = 'bottom 10 rank'::text)"}]}]}, {"Node Type": "Hash", "Parent Relationship": "Inner", "Startup Cost": 72710.67, "Total Cost": 72710.67, "Plan Rows": 719240, "Plan Width": 25, "Plans": [{"Node Type": "Seq Scan", "Parent Relationship": "Outer", "Relation Name": "title", "Alias": "t", "Startup Cost": 2083.5, "Total Cost": 72710.67, "Plan Rows": 719240, "Plan Width": 25, "Filter": "((production_year >= 2005) AND (production_year <= 2010)), (LLVM Optimized)"}]}]}]}]}, {"Node Type": "Hash", "Parent Relationship": "Inner", "Startup Cost": 1.04, "Total Cost": 1.04, "Plan Rows": 1, "Plan Width": 4, "Plans": [{"Node Type": "Seq Scan", "Parent Relationship": "Outer", "Relation Name": "company_type", "Alias": "ct", "Startup Cost": 0.0, "Total Cost": 1.04, "Plan Rows": 1, "Plan Width": 4, "Filter": "((kind)::text = 'production companies'::text)"}]}]}]}, "Unique SQL Id": 1162488282, "Planner Runtime": 4}, "explain_analyze_plan": {"Plan": {"Node Type": "Aggregate", "Strategy": "Plain", "Startup Cost": 194575.8, "Total Cost": 194575.81, "Plan Rows": 1, "Plan Width": 113, "Actual Startup Time": 2946.517, "Actual Total Time": 2946.518, "Actual Rows": 1, "Actual Loops": 1, "Plans": [{"Node Type": "Hash Join", "Parent Relationship": "Outer", "Join Type": "Inner", "Startup Cost": 119100.63, "Total Cost": 191219.77, "Plan Rows": 447470, "Plan Width": 45, "Actual Startup Time": 2773.563, "Actual Total Time": 2946.484, "Actual Rows": 3, "Actual Loops": 1, "Inner Unique": true, "Hash Cond": "(mc.company_type_id = ct.id), (LLVM Optimized, Jit Execute)", "Plans": [{"Node Type": "Hash Join", "Parent Relationship": "Outer", "Join Type": "Inner", "Startup Cost": 119099.58, "Total Cost": 186749.22, "Plan Rows": 549199, "Plan Width": 49, "Actual Startup Time": 2098.009, "Actual Total Time": 2946.235, "Actual Rows": 66, "Actual Loops": 1, "Inner Unique": false, "Hash Cond": "(mc.movie_id = t.id), (LLVM Optimized, Jit Execute)", "Plans": [{"Node Type": "Seq Scan", "Parent Relationship": "Outer", "Relation Name": "movie_companies", "Alias": "mc", "Startup Cost": 0.0, "Total Cost": 48340.1, "Plan Rows": 2609035, "Plan Width": 32, "Actual Startup Time": 0.028, "Actual Total Time": 909.108, "Actual Rows": 1337087, "Actual Loops": 1, "Filter": "((note)::text !~~ '%(as Metro-Goldwyn-Mayer Pictures)%'::text), (LLVM Optimized, Jit Execute)", "Rows Removed by Filter": 1272041}, {"Node Type": "Hash", "Parent Relationship": "Inner", "Startup Cost": 114144.53, "Total Cost": 114144.53, "Plan Rows": 396404, "Plan Width": 29, "Actual Startup Time": 1767.491, "Actual Total Time": 1767.491, "Actual Rows": 4, "Actual Loops": 1, "Hash Buckets": 524288, "Hash Batches": 1, "Original Hash Batches": 1, "Peak Memory Usage": 1, "Plans": [{"Node Type": "Hash Join", "Parent Relationship": "Outer", "Join Type": "Inner", "Startup Cost": 81703.58, "Total Cost": 114144.53, "Plan Rows": 396404, "Plan Width": 29, "Actual Startup Time": 1767.441, "Actual Total Time": 1767.482, "Actual Rows": 4, "Actual Loops": 1, "Inner Unique": true, "Hash Cond": "(mi_idx.movie_id = t.id), (LLVM Optimized, Jit Execute)", "Plans": [{"Node Type": "Hash Join", "Parent Relationship": "Outer", "Join Type": "Inner", "Startup Cost": 2.41, "Total Cost": 27185.54, "Plan Rows": 345008, "Plan Width": 4, "Actual Startup Time": 530.475, "Actual Total Time": 530.49, "Actual Rows": 10, "Actual Loops": 1, "Inner Unique": true, "Hash Cond": "(mi_idx.info_type_id = it.id), (LLVM Optimized, Jit Execute)", "Plans": [{"Node Type": "Seq Scan", "Parent Relationship": "Outer", "Relation Name": "movie_info_idx", "Alias": "mi_idx", "Startup Cost": 0.0, "Total Cost": 20274.34, "Plan Rows": 1380034, "Plan Width": 8, "Actual Startup Time": 0.033, "Actual Total Time": 298.78, "Actual Rows": 1380034, "Actual Loops": 1}, {"Node Type": "Hash", "Parent Relationship": "Inner", "Startup Cost": 2.4, "Total Cost": 2.4, "Plan Rows": 1, "Plan Width": 4, "Actual Startup Time": 0.047, "Actual Total Time": 0.047, "Actual Rows": 1, "Actual Loops": 1, "Hash Buckets": 32768, "Hash Batches": 1, "Original Hash Batches": 1, "Peak Memory Usage": 1, "Plans": [{"Node Type": "Seq Scan", "Parent Relationship": "Outer", "Relation Name": "info_type", "Alias": "it", "Startup Cost": 0.0, "Total Cost": 2.4, "Plan Rows": 1, "Plan Width": 4, "Actual Startup Time": 0.043, "Actual Total Time": 0.044, "Actual Rows": 1, "Actual Loops": 1, "Filter": "((info)::text = 'bottom 10 rank'::text)", "Rows Removed by Filter": 111}]}]}, {"Node Type": "Hash", "Parent Relationship": "Inner", "Startup Cost": 72710.67, "Total Cost": 72710.67, "Plan Rows": 719240, "Plan Width": 25, "Actual Startup Time": 1236.258, "Actual Total Time": 1236.258, "Actual Rows": 716259, "Actual Loops": 1, "Hash Buckets": 1048576, "Hash Batches": 1, "Original Hash Batches": 1, "Peak Memory Usage": 41052, "Plans": [{"Node Type": "Seq Scan", "Parent Relationship": "Outer", "Relation Name": "title", "Alias": "t", "Startup Cost": 2083.5, "Total Cost": 72710.67, "Plan Rows": 719240, "Plan Width": 25, "Actual Startup Time": 0.032, "Actual Total Time": 894.577, "Actual Rows": 716259, "Actual Loops": 1, "Filter": "((production_year >= 2005) AND (production_year <= 2010)), (LLVM Optimized, Jit Execute)", "Rows Removed by Filter": 1812052}]}]}]}]}, {"Node Type": "Hash", "Parent Relationship": "Inner", "Startup Cost": 1.04, "Total Cost": 1.04, "Plan Rows": 1, "Plan Width": 4, "Actual Startup Time": 0.049, "Actual Total Time": 0.049, "Actual Rows": 1, "Actual Loops": 1, "Hash Buckets": 32768, "Hash Batches": 1, "Original Hash Batches": 1, "Peak Memory Usage": 1, "Plans": [{"Node Type": "Seq Scan", "Parent Relationship": "Outer", "Relation Name": "company_type", "Alias": "ct", "Startup Cost": 0.0, "Total Cost": 1.04, "Plan Rows": 1, "Plan Width": 4, "Actual Startup Time": 0.029, "Actual Total Time": 0.032, "Actual Rows": 1, "Actual Loops": 1, "Filter": "((kind)::text = 'production companies'::text)", "Rows Removed by Filter": 2}]}]}]}, "Triggers": [], "Planner Runtime": 10.864, "Total Runtime": 2957.448, "Unique SQL Id": 1162488282}}, "(1, '111')": {"explain_plan": {"Plan": {"Node Type": "Aggregate", "Strategy": "Plain", "Startup Cost": 5000019816411.59, "Total Cost": 5000019816411.6, "Plan Rows": 1, "Plan Width": 113, "Plans": [{"Node Type": "Hash Join", "Parent Relationship": "Outer", "Join Type": "Inner", "Startup Cost": 3020014123244.79, "Total Cost": 5000019813921.56, "Plan Rows": 332005, "Plan Width": 45, "Inner Unique": true, "Hash Cond": "(mc.movie_id = t.id), (LLVM Optimized)", "Plans": [{"Node Type": "Hash Join", "Parent Relationship": "Outer", "Join Type": "Inner", "Startup Cost": 2020001838049.88, "Total Cost": 4000007523527.17, "Plan Rows": 501180, "Plan Width": 32, "Inner Unique": false, "Hash Cond": "(mc.movie_id = mi_idx.movie_id), (LLVM Optimized)", "Plans": [{"Node Type": "Nested Loop", "Parent Relationship": "Outer", "Join Type": "Inner", "Startup Cost": 20000000000.0, "Total Cost": 2000005652169.42, "Plan Rows": 1304518, "Plan Width": 28, "Inner Unique": false, "Plans": [{"Node Type": "Index Scan", "Parent Relationship": "Outer", "Scan Direction": "Forward", "Index Name": "company_type_pkey", "Relation Name": "company_type", "Alias": "ct", "Startup Cost": 10000000000.0, "Total Cost": 1000000001230.25, "Plan Rows": 1, "Plan Width": 4, "Filter": "((kind)::text = 'production companies'::text)"}, {"Node Type": "Index Scan", "Parent Relationship": "Inner", "Scan Direction": "Forward", "Index Name": "company_type_id_movie_companies", "Relation Name": "movie_companies", "Alias": "mc", "Startup Cost": 10000000000.0, "Total Cost": 1000005637894.0, "Plan Rows": 1304517, "Plan Width": 32, "Index Cond": "(company_type_id = ct.id), (LLVM Optimized)", "Filter": "((note)::text !~~ '%(as Metro-Goldwyn-Mayer Pictures)%'::text), (LLVM Optimized)"}]}, {"Node Type": "Hash", "Parent Relationship": "Inner", "Startup Cost": 2000001833737.28, "Total Cost": 2000001833737.28, "Plan Rows": 345008, "Plan Width": 4, "Plans": [{"Node Type": "Nested Loop", "Parent Relationship": "Outer", "Join Type": "Inner", "Startup Cost": 20000007502.06, "Total Cost": 2000001833737.28, "Plan Rows": 345008, "Plan Width": 4, "Inner Unique": false, "Plans": [{"Node Type": "Index Scan", "Parent Relationship": "Outer", "Scan Direction": "Forward", "Index Name": "info_type_pkey", "Relation Name": "info_type", "Alias": "it", "Startup Cost": 10000000000.0, "Total Cost": 1000000001421.0, "Plan Rows": 1, "Plan Width": 4, "Filter": "((info)::text = 'bottom 10 rank'::text)"}, {"Node Type": "Bitmap Heap Scan", "Parent Relationship": "Inner", "Relation Name": "movie_info_idx", "Alias": "mi_idx", "Startup Cost": 10000007502.06, "Total Cost": 1000001828866.2, "Plan Rows": 345008, "Plan Width": 8, "Recheck Cond": "(info_type_id = it.id), (LLVM Optimized)", "Plans": [{"Node Type": "Bitmap Index Scan", "Parent Relationship": "Outer", "Index Name": "info_type_id_movie_info_idx", "Startup Cost": 0.0, "Total Cost": 7415.81, "Plan Rows": 345008, "Plan Width": 0, "Index Cond": "(info_type_id = it.id)"}]}]}]}]}, {"Node Type": "Hash", "Parent Relationship": "Inner", "Startup Cost": 1000012276204.41, "Total Cost": 1000012276204.41, "Plan Rows": 719240, "Plan Width": 25, "Plans": [{"Node Type": "Index Scan", "Parent Relationship": "Outer", "Scan Direction": "Forward", "Index Name": "title_pkey", "Relation Name": "title", "Alias": "t", "Startup Cost": 10000000000.0, "Total Cost": 1000012276204.41, "Plan Rows": 719240, "Plan Width": 25, "Filter": "((production_year >= 2005) AND (production_year <= 2010)), (LLVM Optimized)"}]}]}]}, "Unique SQL Id": 1162488282, "Planner Runtime": 4}, "explain_analyze_plan": {"Plan": {"Node Type": "Aggregate", "Strategy": "Plain", "Startup Cost": 5000019816411.59, "Total Cost": 5000019816411.6, "Plan Rows": 1, "Plan Width": 113, "Actual Startup Time": 4220.731, "Actual Total Time": 4220.732, "Actual Rows": 1, "Actual Loops": 1, "Plans": [{"Node Type": "Hash Join", "Parent Relationship": "Outer", "Join Type": "Inner", "Startup Cost": 3020014123244.79, "Total Cost": 5000019813921.56, "Plan Rows": 332005, "Plan Width": 45, "Actual Startup Time": 3840.383, "Actual Total Time": 4220.672, "Actual Rows": 3, "Actual Loops": 1, "Inner Unique": true, "Hash Cond": "(mc.movie_id = t.id), (LLVM Optimized, Jit Execute)", "Plans": [{"Node Type": "Hash Join", "Parent Relationship": "Outer", "Join Type": "Inner", "Startup Cost": 2020001838049.88, "Total Cost": 4000007523527.17, "Plan Rows": 501180, "Plan Width": 32, "Actual Startup Time": 343.62, "Actual Total Time": 723.789, "Actual Rows": 5, "Actual Loops": 1, "Inner Unique": false, "Hash Cond": "(mc.movie_id = mi_idx.movie_id), (LLVM Optimized, Jit Execute)", "Plans": [{"Node Type": "Nested Loop", "Parent Relationship": "Outer", "Join Type": "Inner", "Startup Cost": 20000000000.0, "Total Cost": 2000005652169.42, "Plan Rows": 1304518, "Plan Width": 28, "Actual Startup Time": 0.169, "Actual Total Time": 692.346, "Actual Rows": 140904, "Actual Loops": 1, "Inner Unique": false, "Plans": [{"Node Type": "Index Scan", "Parent Relationship": "Outer", "Scan Direction": "Forward", "Index Name": "company_type_pkey", "Relation Name": "company_type", "Alias": "ct", "Startup Cost": 10000000000.0, "Total Cost": 1000000001230.25, "Plan Rows": 1, "Plan Width": 4, "Actual Startup Time": 0.058, "Actual Total Time": 0.071, "Actual Rows": 1, "Actual Loops": 1, "Filter": "((kind)::text = 'production companies'::text)", "Rows Removed by Filter": 2}, {"Node Type": "Index Scan", "Parent Relationship": "Inner", "Scan Direction": "Forward", "Index Name": "company_type_id_movie_companies", "Relation Name": "movie_companies", "Alias": "mc", "Startup Cost": 10000000000.0, "Total Cost": 1000005637894.0, "Plan Rows": 1304517, "Plan Width": 32, "Actual Startup Time": 0.095, "Actual Total Time": 662.613, "Actual Rows": 140904, "Actual Loops": 1, "Index Cond": "(company_type_id = ct.id), (LLVM Optimized, Jit Execute)", "Rows Removed by Index Recheck": 0, "Filter": "((note)::text !~~ '%(as Metro-Goldwyn-Mayer Pictures)%'::text), (LLVM Optimized, Jit Execute)", "Rows Removed by Filter": 1193979}]}, {"Node Type": "Hash", "Parent Relationship": "Inner", "Startup Cost": 2000001833737.28, "Total Cost": 2000001833737.28, "Plan Rows": 345008, "Plan Width": 4, "Actual Startup Time": 0.169, "Actual Total Time": 0.169, "Actual Rows": 10, "Actual Loops": 1, "Hash Buckets": 524288, "Hash Batches": 1, "Original Hash Batches": 1, "Peak Memory Usage": 1, "Plans": [{"Node Type": "Nested Loop", "Parent Relationship": "Outer", "Join Type": "Inner", "Startup Cost": 20000007502.06, "Total Cost": 2000001833737.28, "Plan Rows": 345008, "Plan Width": 4, "Actual Startup Time": 0.15, "Actual Total Time": 0.159, "Actual Rows": 10, "Actual Loops": 1, "Inner Unique": false, "Plans": [{"Node Type": "Index Scan", "Parent Relationship": "Outer", "Scan Direction": "Forward", "Index Name": "info_type_pkey", "Relation Name": "info_type", "Alias": "it", "Startup Cost": 10000000000.0, "Total Cost": 1000000001421.0, "Plan Rows": 1, "Plan Width": 4, "Actual Startup Time": 0.083, "Actual Total Time": 0.085, "Actual Rows": 1, "Actual Loops": 1, "Filter": "((info)::text = 'bottom 10 rank'::text)", "Rows Removed by Filter": 111}, {"Node Type": "Bitmap Heap Scan", "Parent Relationship": "Inner", "Relation Name": "movie_info_idx", "Alias": "mi_idx", "Startup Cost": 10000007502.06, "Total Cost": 1000001828866.2, "Plan Rows": 345008, "Plan Width": 8, "Actual Startup Time": 0.041, "Actual Total Time": 0.042, "Actual Rows": 10, "Actual Loops": 1, "Recheck Cond": "(info_type_id = it.id), (LLVM Optimized, Jit Execute)", "Rows Removed by Index Recheck": 0, "Exact Heap Blocks": 1, "Lossy Heap Blocks": 1, "Plans": [{"Node Type": "Bitmap Index Scan", "Parent Relationship": "Outer", "Index Name": "info_type_id_movie_info_idx", "Startup Cost": 0.0, "Total Cost": 7415.81, "Plan Rows": 345008, "Plan Width": 0, "Actual Startup Time": 0.019, "Actual Total Time": 0.019, "Actual Rows": 10, "Actual Loops": 1, "Index Cond": "(info_type_id = it.id)"}]}]}]}]}, {"Node Type": "Hash", "Parent Relationship": "Inner", "Startup Cost": 1000012276204.41, "Total Cost": 1000012276204.41, "Plan Rows": 719240, "Plan Width": 25, "Actual Startup Time": 3495.949, "Actual Total Time": 3495.949, "Actual Rows": 716259, "Actual Loops": 1, "Hash Buckets": 1048576, "Hash Batches": 1, "Original Hash Batches": 1, "Peak Memory Usage": 41052, "Plans": [{"Node Type": "Index Scan", "Parent Relationship": "Outer", "Scan Direction": "Forward", "Index Name": "title_pkey", "Relation Name": "title", "Alias": "t", "Startup Cost": 10000000000.0, "Total Cost": 1000012276204.41, "Plan Rows": 719240, "Plan Width": 25, "Actual Startup Time": 0.062, "Actual Total Time": 3149.176, "Actual Rows": 716259, "Actual Loops": 1, "Filter": "((production_year >= 2005) AND (production_year <= 2010)), (LLVM Optimized, Jit Execute)", "Rows Removed by Filter": 1812052}]}]}]}, "Triggers": [], "Planner Runtime": 4.969, "Total Runtime": 4233.597, "Unique SQL Id": 1162488282}}, "(1, '112')": {"explain_plan": {"Plan": {"Node Type": "Aggregate", "Strategy": "Plain", "Startup Cost": 329380.46, "Total Cost": 329380.47, "Plan Rows": 1, "Plan Width": 113, "Plans": [{"Node Type": "Nested Loop", "Parent Relationship": "Outer", "Join Type": "Inner", "Startup Cost": 7502.06, "Total Cost": 326890.42, "Plan Rows": 332005, "Plan Width": 45, "Inner Unique": false, "Join Filter": "(mc.company_type_id = ct.id), (LLVM Optimized)", "Plans": [{"Node Type": "Seq Scan", "Parent Relationship": "Outer", "Relation Name": "company_type", "Alias": "ct", "Startup Cost": 0.0, "Total Cost": 1.04, "Plan Rows": 1, "Plan Width": 4, "Filter": "((kind)::text = 'production companies'::text)"}, {"Node Type": "Nested Loop", "Parent Relationship": "Inner", "Join Type": "Inner", "Startup Cost": 7502.06, "Total Cost": 320024.4, "Plan Rows": 549199, "Plan Width": 49, "Inner Unique": false, "Join Filter": "(t.id = mc.movie_id), (LLVM Optimized)", "Plans": [{"Node Type": "Nested Loop", "Parent Relationship": "Outer", "Join Type": "Inner", "Startup Cost": 7502.06, "Total Cost": 164107.36, "Plan Rows": 396404, "Plan Width": 29, "Inner Unique": true, "Plans": [{"Node Type": "Nested Loop", "Parent Relationship": "Outer", "Join Type": "Inner", "Startup Cost": 7502.06, "Total Cost": 21741.14, "Plan Rows": 345008, "Plan Width": 4, "Inner Unique": false, "Plans": [{"Node Type": "Seq Scan", "Parent Relationship": "Outer", "Relation Name": "info_type", "Alias": "it", "Startup Cost": 0.0, "Total Cost": 2.4, "Plan Rows": 1, "Plan Width": 4, "Filter": "((info)::text = 'bottom 10 rank'::text)"}, {"Node Type": "Bitmap Heap Scan", "Parent Relationship": "Inner", "Relation Name": "movie_info_idx", "Alias": "mi_idx", "Startup Cost": 7502.06, "Total Cost": 18288.66, "Plan Rows": 345008, "Plan Width": 8, "Recheck Cond": "(info_type_id = it.id), (LLVM Optimized)", "Plans": [{"Node Type": "Bitmap Index Scan", "Parent Relationship": "Outer", "Index Name": "info_type_id_movie_info_idx", "Startup Cost": 0.0, "Total Cost": 7415.81, "Plan Rows": 345008, "Plan Width": 0, "Index Cond": "(info_type_id = it.id)"}]}]}, {"Node Type": "Index Scan", "Parent Relationship": "Inner", "Scan Direction": "Forward", "Index Name": "title_pkey", "Relation Name": "title", "Alias": "t", "Startup Cost": 0.0, "Total Cost": 0.4, "Plan Rows": 1, "Plan Width": 25, "Index Cond": "(id = mi_idx.movie_id)", "Filter": "((production_year >= 2005) AND (production_year <= 2010))"}]}, {"Node Type": "Index Scan", "Parent Relationship": "Inner", "Scan Direction": "Forward", "Index Name": "movie_id_movie_companies", "Relation Name": "movie_companies", "Alias": "mc", "Startup Cost": 0.0, "Total Cost": 0.37, "Plan Rows": 2, "Plan Width": 32, "Index Cond": "(movie_id = mi_idx.movie_id)", "Filter": "((note)::text !~~ '%(as Metro-Goldwyn-Mayer Pictures)%'::text)"}]}]}]}, "Unique SQL Id": 1162488282, "Planner Runtime": 2}, "explain_analyze_plan": {"Plan": {"Node Type": "Aggregate", "Strategy": "Plain", "Startup Cost": 329380.46, "Total Cost": 329380.47, "Plan Rows": 1, "Plan Width": 113, "Actual Startup Time": 0.515, "Actual Total Time": 0.516, "Actual Rows": 1, "Actual Loops": 1, "Plans": [{"Node Type": "Nested Loop", "Parent Relationship": "Outer", "Join Type": "Inner", "Startup Cost": 7502.06, "Total Cost": 326890.42, "Plan Rows": 332005, "Plan Width": 45, "Actual Startup Time": 0.487, "Actual Total Time": 0.5, "Actual Rows": 3, "Actual Loops": 1, "Inner Unique": false, "Join Filter": "(mc.company_type_id = ct.id), (LLVM Optimized)", "Rows Removed by Join Filter": 63, "Plans": [{"Node Type": "Seq Scan", "Parent Relationship": "Outer", "Relation Name": "company_type", "Alias": "ct", "Startup Cost": 0.0, "Total Cost": 1.04, "Plan Rows": 1, "Plan Width": 4, "Actual Startup Time": 0.023, "Actual Total Time": 0.024, "Actual Rows": 1, "Actual Loops": 1, "Filter": "((kind)::text = 'production companies'::text)", "Rows Removed by Filter": 2}, {"Node Type": "Nested Loop", "Parent Relationship": "Inner", "Join Type": "Inner", "Startup Cost": 7502.06, "Total Cost": 320024.4, "Plan Rows": 549199, "Plan Width": 49, "Actual Startup Time": 0.24, "Actual Total Time": 0.454, "Actual Rows": 66, "Actual Loops": 1, "Inner Unique": false, "Join Filter": "(t.id = mc.movie_id), (LLVM Optimized)", "Rows Removed by Join Filter": 0, "Plans": [{"Node Type": "Nested Loop", "Parent Relationship": "Outer", "Join Type": "Inner", "Startup Cost": 7502.06, "Total Cost": 164107.36, "Plan Rows": 396404, "Plan Width": 29, "Actual Startup Time": 0.211, "Actual Total Time": 0.276, "Actual Rows": 4, "Actual Loops": 1, "Inner Unique": true, "Plans": [{"Node Type": "Nested Loop", "Parent Relationship": "Outer", "Join Type": "Inner", "Startup Cost": 7502.06, "Total Cost": 21741.14, "Plan Rows": 345008, "Plan Width": 4, "Actual Startup Time": 0.097, "Actual Total Time": 0.109, "Actual Rows": 10, "Actual Loops": 1, "Inner Unique": false, "Plans": [{"Node Type": "Seq Scan", "Parent Relationship": "Outer", "Relation Name": "info_type", "Alias": "it", "Startup Cost": 0.0, "Total Cost": 2.4, "Plan Rows": 1, "Plan Width": 4, "Actual Startup Time": 0.053, "Actual Total Time": 0.058, "Actual Rows": 1, "Actual Loops": 1, "Filter": "((info)::text = 'bottom 10 rank'::text)", "Rows Removed by Filter": 111}, {"Node Type": "Bitmap Heap Scan", "Parent Relationship": "Inner", "Relation Name": "movie_info_idx", "Alias": "mi_idx", "Startup Cost": 7502.06, "Total Cost": 18288.66, "Plan Rows": 345008, "Plan Width": 8, "Actual Startup Time": 0.039, "Actual Total Time": 0.041, "Actual Rows": 10, "Actual Loops": 1, "Recheck Cond": "(info_type_id = it.id), (LLVM Optimized)", "Rows Removed by Index Recheck": 0, "Exact Heap Blocks": 1, "Lossy Heap Blocks": 1, "Plans": [{"Node Type": "Bitmap Index Scan", "Parent Relationship": "Outer", "Index Name": "info_type_id_movie_info_idx", "Startup Cost": 0.0, "Total Cost": 7415.81, "Plan Rows": 345008, "Plan Width": 0, "Actual Startup Time": 0.023, "Actual Total Time": 0.023, "Actual Rows": 10, "Actual Loops": 1, "Index Cond": "(info_type_id = it.id)"}]}]}, {"Node Type": "Index Scan", "Parent Relationship": "Inner", "Scan Direction": "Forward", "Index Name": "title_pkey", "Relation Name": "title", "Alias": "t", "Startup Cost": 0.0, "Total Cost": 0.4, "Plan Rows": 1, "Plan Width": 25, "Actual Startup Time": 0.161, "Actual Total Time": 0.161, "Actual Rows": 4, "Actual Loops": 10, "Index Cond": "(id = mi_idx.movie_id)", "Rows Removed by Index Recheck": 0, "Filter": "((production_year >= 2005) AND (production_year <= 2010))", "Rows Removed by Filter": 6}]}, {"Node Type": "Index Scan", "Parent Relationship": "Inner", "Scan Direction": "Forward", "Index Name": "movie_id_movie_companies", "Relation Name": "movie_companies", "Alias": "mc", "Startup Cost": 0.0, "Total Cost": 0.37, "Plan Rows": 2, "Plan Width": 32, "Actual Startup Time": 0.075, "Actual Total Time": 0.148, "Actual Rows": 66, "Actual Loops": 4, "Index Cond": "(movie_id = mi_idx.movie_id)", "Rows Removed by Index Recheck": 0, "Filter": "((note)::text !~~ '%(as Metro-Goldwyn-Mayer Pictures)%'::text)", "Rows Removed by Filter": 7}]}]}]}, "Triggers": [], "Planner Runtime": 2.24, "Total Runtime": 10.403, "Unique SQL Id": 1162488282}}, "(1, '113')": {"explain_plan": {"Plan": {"Node Type": "Aggregate", "Strategy": "Plain", "Startup Cost": 329403.54, "Total Cost": 329403.55, "Plan Rows": 1, "Plan Width": 113, "Plans": [{"Node Type": "Nested Loop", "Parent Relationship": "Outer", "Join Type": "Inner", "Startup Cost": 7502.06, "Total Cost": 326913.5, "Plan Rows": 332005, "Plan Width": 45, "Inner Unique": false, "Join Filter": "(mc.company_type_id = ct.id), (LLVM Optimized)", "Plans": [{"Node Type": "Index Scan", "Parent Relationship": "Outer", "Scan Direction": "Forward", "Index Name": "company_type_pkey", "Relation Name": "company_type", "Alias": "ct", "Startup Cost": 0.0, "Total Cost": 12.3, "Plan Rows": 1, "Plan Width": 4, "Filter": "((kind)::text = 'production companies'::text)"}, {"Node Type": "Nested Loop", "Parent Relationship": "Inner", "Join Type": "Inner", "Startup Cost": 7502.06, "Total Cost": 320036.21, "Plan Rows": 549199, "Plan Width": 49, "Inner Unique": false, "Join Filter": "(t.id = mc.movie_id), (LLVM Optimized)", "Plans": [{"Node Type": "Nested Loop", "Parent Relationship": "Outer", "Join Type": "Inner", "Startup Cost": 7502.06, "Total Cost": 164119.17, "Plan Rows": 396404, "Plan Width": 29, "Inner Unique": true, "Plans": [{"Node Type": "Nested Loop", "Parent Relationship": "Outer", "Join Type": "Inner", "Startup Cost": 7502.06, "Total Cost": 21752.95, "Plan Rows": 345008, "Plan Width": 4, "Inner Unique": false, "Plans": [{"Node Type": "Index Scan", "Parent Relationship": "Outer", "Scan Direction": "Forward", "Index Name": "info_type_pkey", "Relation Name": "info_type", "Alias": "it", "Startup Cost": 0.0, "Total Cost": 14.21, "Plan Rows": 1, "Plan Width": 4, "Filter": "((info)::text = 'bottom 10 rank'::text)"}, {"Node Type": "Bitmap Heap Scan", "Parent Relationship": "Inner", "Relation Name": "movie_info_idx", "Alias": "mi_idx", "Startup Cost": 7502.06, "Total Cost": 18288.66, "Plan Rows": 345008, "Plan Width": 8, "Recheck Cond": "(info_type_id = it.id), (LLVM Optimized)", "Plans": [{"Node Type": "Bitmap Index Scan", "Parent Relationship": "Outer", "Index Name": "info_type_id_movie_info_idx", "Startup Cost": 0.0, "Total Cost": 7415.81, "Plan Rows": 345008, "Plan Width": 0, "Index Cond": "(info_type_id = it.id)"}]}]}, {"Node Type": "Index Scan", "Parent Relationship": "Inner", "Scan Direction": "Forward", "Index Name": "title_pkey", "Relation Name": "title", "Alias": "t", "Startup Cost": 0.0, "Total Cost": 0.4, "Plan Rows": 1, "Plan Width": 25, "Index Cond": "(id = mi_idx.movie_id)", "Filter": "((production_year >= 2005) AND (production_year <= 2010))"}]}, {"Node Type": "Index Scan", "Parent Relationship": "Inner", "Scan Direction": "Forward", "Index Name": "movie_id_movie_companies", "Relation Name": "movie_companies", "Alias": "mc", "Startup Cost": 0.0, "Total Cost": 0.37, "Plan Rows": 2, "Plan Width": 32, "Index Cond": "(movie_id = mi_idx.movie_id)", "Filter": "((note)::text !~~ '%(as Metro-Goldwyn-Mayer Pictures)%'::text)"}]}]}]}, "Unique SQL Id": 1162488282, "Planner Runtime": 2}, "explain_analyze_plan": {"Plan": {"Node Type": "Aggregate", "Strategy": "Plain", "Startup Cost": 329403.54, "Total Cost": 329403.55, "Plan Rows": 1, "Plan Width": 113, "Actual Startup Time": 0.348, "Actual Total Time": 0.348, "Actual Rows": 1, "Actual Loops": 1, "Plans": [{"Node Type": "Nested Loop", "Parent Relationship": "Outer", "Join Type": "Inner", "Startup Cost": 7502.06, "Total Cost": 326913.5, "Plan Rows": 332005, "Plan Width": 45, "Actual Startup Time": 0.327, "Actual Total Time": 0.336, "Actual Rows": 3, "Actual Loops": 1, "Inner Unique": false, "Join Filter": "(mc.company_type_id = ct.id), (LLVM Optimized)", "Rows Removed by Join Filter": 63, "Plans": [{"Node Type": "Index Scan", "Parent Relationship": "Outer", "Scan Direction": "Forward", "Index Name": "company_type_pkey", "Relation Name": "company_type", "Alias": "ct", "Startup Cost": 0.0, "Total Cost": 12.3, "Plan Rows": 1, "Plan Width": 4, "Actual Startup Time": 0.021, "Actual Total Time": 0.024, "Actual Rows": 1, "Actual Loops": 1, "Filter": "((kind)::text = 'production companies'::text)", "Rows Removed by Filter": 2}, {"Node Type": "Nested Loop", "Parent Relationship": "Inner", "Join Type": "Inner", "Startup Cost": 7502.06, "Total Cost": 320036.21, "Plan Rows": 549199, "Plan Width": 49, "Actual Startup Time": 0.158, "Actual Total Time": 0.293, "Actual Rows": 66, "Actual Loops": 1, "Inner Unique": false, "Join Filter": "(t.id = mc.movie_id), (LLVM Optimized)", "Rows Removed by Join Filter": 0, "Plans": [{"Node Type": "Nested Loop", "Parent Relationship": "Outer", "Join Type": "Inner", "Startup Cost": 7502.06, "Total Cost": 164119.17, "Plan Rows": 396404, "Plan Width": 29, "Actual Startup Time": 0.141, "Actual Total Time": 0.172, "Actual Rows": 4, "Actual Loops": 1, "Inner Unique": true, "Plans": [{"Node Type": "Nested Loop", "Parent Relationship": "Outer", "Join Type": "Inner", "Startup Cost": 7502.06, "Total Cost": 21752.95, "Plan Rows": 345008, "Plan Width": 4, "Actual Startup Time": 0.089, "Actual Total Time": 0.095, "Actual Rows": 10, "Actual Loops": 1, "Inner Unique": false, "Plans": [{"Node Type": "Index Scan", "Parent Relationship": "Outer", "Scan Direction": "Forward", "Index Name": "info_type_pkey", "Relation Name": "info_type", "Alias": "it", "Startup Cost": 0.0, "Total Cost": 14.21, "Plan Rows": 1, "Plan Width": 4, "Actual Startup Time": 0.067, "Actual Total Time": 0.068, "Actual Rows": 1, "Actual Loops": 1, "Filter": "((info)::text = 'bottom 10 rank'::text)", "Rows Removed by Filter": 111}, {"Node Type": "Bitmap Heap Scan", "Parent Relationship": "Inner", "Relation Name": "movie_info_idx", "Alias": "mi_idx", "Startup Cost": 7502.06, "Total Cost": 18288.66, "Plan Rows": 345008, "Plan Width": 8, "Actual Startup Time": 0.017, "Actual Total Time": 0.022, "Actual Rows": 10, "Actual Loops": 1, "Recheck Cond": "(info_type_id = it.id), (LLVM Optimized)", "Rows Removed by Index Recheck": 0, "Exact Heap Blocks": 1, "Lossy Heap Blocks": 1, "Plans": [{"Node Type": "Bitmap Index Scan", "Parent Relationship": "Outer", "Index Name": "info_type_id_movie_info_idx", "Startup Cost": 0.0, "Total Cost": 7415.81, "Plan Rows": 345008, "Plan Width": 0, "Actual Startup Time": 0.01, "Actual Total Time": 0.01, "Actual Rows": 10, "Actual Loops": 1, "Index Cond": "(info_type_id = it.id)"}]}]}, {"Node Type": "Index Scan", "Parent Relationship": "Inner", "Scan Direction": "Forward", "Index Name": "title_pkey", "Relation Name": "title", "Alias": "t", "Startup Cost": 0.0, "Total Cost": 0.4, "Plan Rows": 1, "Plan Width": 25, "Actual Startup Time": 0.068, "Actual Total Time": 0.068, "Actual Rows": 4, "Actual Loops": 10, "Index Cond": "(id = mi_idx.movie_id)", "Rows Removed by Index Recheck": 0, "Filter": "((production_year >= 2005) AND (production_year <= 2010))", "Rows Removed by Filter": 6}]}, {"Node Type": "Index Scan", "Parent Relationship": "Inner", "Scan Direction": "Forward", "Index Name": "movie_id_movie_companies", "Relation Name": "movie_companies", "Alias": "mc", "Startup Cost": 0.0, "Total Cost": 0.37, "Plan Rows": 2, "Plan Width": 32, "Actual Startup Time": 0.037, "Actual Total Time": 0.093, "Actual Rows": 66, "Actual Loops": 4, "Index Cond": "(movie_id = mi_idx.movie_id)", "Rows Removed by Index Recheck": 0, "Filter": "((note)::text !~~ '%(as Metro-Goldwyn-Mayer Pictures)%'::text)", "Rows Removed by Filter": 7}]}]}]}, "Triggers": [], "Planner Runtime": 2.23, "Total Runtime": 10.301, "Unique SQL Id": 1162488282}}, "(1, '114')": {"explain_plan": {"Plan": {"Node Type": "Aggregate", "Strategy": "Plain", "Startup Cost": 3258244.31, "Total Cost": 3258244.32, "Plan Rows": 1, "Plan Width": 113, "Plans": [{"Node Type": "Nested Loop", "Parent Relationship": "Outer", "Join Type": "Inner", "Startup Cost": 0.58, "Total Cost": 3255754.27, "Plan Rows": 332005, "Plan Width": 45, "Inner Unique": false, "Join Filter": "(mc.company_type_id = ct.id), (LLVM Optimized)", "Plans": [{"Node Type": "Seq Scan", "Parent Relationship": "Outer", "Relation Name": "company_type", "Alias": "ct", "Startup Cost": 0.0, "Total Cost": 1.04, "Plan Rows": 1, "Plan Width": 4, "Filter": "((kind)::text = 'production companies'::text)"}, {"Node Type": "Nested Loop", "Parent Relationship": "Inner", "Join Type": "Inner", "Startup Cost": 0.58, "Total Cost": 3248888.24, "Plan Rows": 549199, "Plan Width": 49, "Inner Unique": false, "Join Filter": "(t.id = mc.movie_id), (LLVM Optimized)", "Plans": [{"Node Type": "Nested Loop", "Parent Relationship": "Outer", "Join Type": "Inner", "Startup Cost": 0.28, "Total Cost": 1525225.68, "Plan Rows": 396404, "Plan Width": 29, "Inner Unique": true, "Plans": [{"Node Type": "Nested Loop", "Parent Relationship": "Outer", "Join Type": "Inner", "Startup Cost": 0.0, "Total Cost": 37527.17, "Plan Rows": 345008, "Plan Width": 4, "Inner Unique": false, "Join Filter": "(it.id = mi_idx.info_type_id), (LLVM Optimized)", "Plans": [{"Node Type": "Seq Scan", "Parent Relationship": "Outer", "Relation Name": "info_type", "Alias": "it", "Startup Cost": 0.0, "Total Cost": 2.4, "Plan Rows": 1, "Plan Width": 4, "Filter": "((info)::text = 'bottom 10 rank'::text)"}, {"Node Type": "Seq Scan", "Parent Relationship": "Inner", "Relation Name": "movie_info_idx", "Alias": "mi_idx", "Startup Cost": 0.0, "Total Cost": 20274.34, "Plan Rows": 1380034, "Plan Width": 8}]}, {"Node Type": "Bitmap Heap Scan", "Parent Relationship": "Inner", "Relation Name": "title", "Alias": "t", "Startup Cost": 0.28, "Total Cost": 4.3, "Plan Rows": 1, "Plan Width": 25, "Recheck Cond": "(id = mi_idx.movie_id)", "Filter": "((production_year >= 2005) AND (production_year <= 2010))", "Plans": [{"Node Type": "Bitmap Index Scan", "Parent Relationship": "Outer", "Index Name": "title_pkey", "Startup Cost": 0.0, "Total Cost": 0.28, "Plan Rows": 1, "Plan Width": 0, "Index Cond": "(id = mi_idx.movie_id)"}]}]}, {"Node Type": "Bitmap Heap Scan", "Parent Relationship": "Inner", "Relation Name": "movie_companies", "Alias": "mc", "Startup Cost": 0.29, "Total Cost": 4.32, "Plan Rows": 2, "Plan Width": 32, "Recheck Cond": "(movie_id = mi_idx.movie_id)", "Filter": "((note)::text !~~ '%(as Metro-Goldwyn-Mayer Pictures)%'::text)", "Plans": [{"Node Type": "Bitmap Index Scan", "Parent Relationship": "Outer", "Index Name": "movie_id_movie_companies", "Startup Cost": 0.0, "Total Cost": 0.29, "Plan Rows": 2, "Plan Width": 0, "Index Cond": "(movie_id = mi_idx.movie_id)"}]}]}]}]}, "Unique SQL Id": 1162488282, "Planner Runtime": 2}, "explain_analyze_plan": {"Plan": {"Node Type": "Aggregate", "Strategy": "Plain", "Startup Cost": 3258244.31, "Total Cost": 3258244.32, "Plan Rows": 1, "Plan Width": 113, "Actual Startup Time": 581.344, "Actual Total Time": 581.344, "Actual Rows": 1, "Actual Loops": 1, "Plans": [{"Node Type": "Nested Loop", "Parent Relationship": "Outer", "Join Type": "Inner", "Startup Cost": 0.58, "Total Cost": 3255754.27, "Plan Rows": 332005, "Plan Width": 45, "Actual Startup Time": 581.299, "Actual Total Time": 581.32, "Actual Rows": 3, "Actual Loops": 1, "Inner Unique": false, "Join Filter": "(mc.company_type_id = ct.id), (LLVM Optimized, Jit Execute)", "Rows Removed by Join Filter": 63, "Plans": [{"Node Type": "Seq Scan", "Parent Relationship": "Outer", "Relation Name": "company_type", "Alias": "ct", "Startup Cost": 0.0, "Total Cost": 1.04, "Plan Rows": 1, "Plan Width": 4, "Actual Startup Time": 0.018, "Actual Total Time": 0.021, "Actual Rows": 1, "Actual Loops": 1, "Filter": "((kind)::text = 'production companies'::text)", "Rows Removed by Filter": 2}, {"Node Type": "Nested Loop", "Parent Relationship": "Inner", "Join Type": "Inner", "Startup Cost": 0.58, "Total Cost": 3248888.24, "Plan Rows": 549199, "Plan Width": 49, "Actual Startup Time": 581.053, "Actual Total Time": 581.281, "Actual Rows": 66, "Actual Loops": 1, "Inner Unique": false, "Join Filter": "(t.id = mc.movie_id), (LLVM Optimized, Jit Execute)", "Rows Removed by Join Filter": 0, "Plans": [{"Node Type": "Nested Loop", "Parent Relationship": "Outer", "Join Type": "Inner", "Startup Cost": 0.28, "Total Cost": 1525225.68, "Plan Rows": 396404, "Plan Width": 29, "Actual Startup Time": 580.885, "Actual Total Time": 580.985, "Actual Rows": 4, "Actual Loops": 1, "Inner Unique": true, "Plans": [{"Node Type": "Nested Loop", "Parent Relationship": "Outer", "Join Type": "Inner", "Startup Cost": 0.0, "Total Cost": 37527.17, "Plan Rows": 345008, "Plan Width": 4, "Actual Startup Time": 580.698, "Actual Total Time": 580.724, "Actual Rows": 10, "Actual Loops": 1, "Inner Unique": false, "Join Filter": "(it.id = mi_idx.info_type_id), (LLVM Optimized, Jit Execute)", "Rows Removed by Join Filter": 1380024, "Plans": [{"Node Type": "Seq Scan", "Parent Relationship": "Outer", "Relation Name": "info_type", "Alias": "it", "Startup Cost": 0.0, "Total Cost": 2.4, "Plan Rows": 1, "Plan Width": 4, "Actual Startup Time": 0.05, "Actual Total Time": 0.058, "Actual Rows": 1, "Actual Loops": 1, "Filter": "((info)::text = 'bottom 10 rank'::text)", "Rows Removed by Filter": 111}, {"Node Type": "Seq Scan", "Parent Relationship": "Inner", "Relation Name": "movie_info_idx", "Alias": "mi_idx", "Startup Cost": 0.0, "Total Cost": 20274.34, "Plan Rows": 1380034, "Plan Width": 8, "Actual Startup Time": 0.03, "Actual Total Time": 296.861, "Actual Rows": 1380034, "Actual Loops": 1}]}, {"Node Type": "Bitmap Heap Scan", "Parent Relationship": "Inner", "Relation Name": "title", "Alias": "t", "Startup Cost": 0.28, "Total Cost": 4.3, "Plan Rows": 1, "Plan Width": 25, "Actual Startup Time": 0.213, "Actual Total Time": 0.213, "Actual Rows": 4, "Actual Loops": 10, "Recheck Cond": "(id = mi_idx.movie_id)", "Rows Removed by Index Recheck": 0, "Filter": "((production_year >= 2005) AND (production_year <= 2010))", "Rows Removed by Filter": 6, "Exact Heap Blocks": 10, "Lossy Heap Blocks": 10, "Plans": [{"Node Type": "Bitmap Index Scan", "Parent Relationship": "Outer", "Index Name": "title_pkey", "Startup Cost": 0.0, "Total Cost": 0.28, "Plan Rows": 1, "Plan Width": 0, "Actual Startup Time": 0.117, "Actual Total Time": 0.117, "Actual Rows": 10, "Actual Loops": 10, "Index Cond": "(id = mi_idx.movie_id)"}]}]}, {"Node Type": "Bitmap Heap Scan", "Parent Relationship": "Inner", "Relation Name": "movie_companies", "Alias": "mc", "Startup Cost": 0.29, "Total Cost": 4.32, "Plan Rows": 2, "Plan Width": 32, "Actual Startup Time": 0.209, "Actual Total Time": 0.253, "Actual Rows": 66, "Actual Loops": 4, "Recheck Cond": "(movie_id = mi_idx.movie_id)", "Rows Removed by Index Recheck": 0, "Filter": "((note)::text !~~ '%(as Metro-Goldwyn-Mayer Pictures)%'::text)", "Rows Removed by Filter": 7, "Exact Heap Blocks": 9, "Lossy Heap Blocks": 9, "Plans": [{"Node Type": "Bitmap Index Scan", "Parent Relationship": "Outer", "Index Name": "movie_id_movie_companies", "Startup Cost": 0.0, "Total Cost": 0.29, "Plan Rows": 2, "Plan Width": 0, "Actual Startup Time": 0.124, "Actual Total Time": 0.124, "Actual Rows": 73, "Actual Loops": 4, "Index Cond": "(movie_id = mi_idx.movie_id)"}]}]}]}]}, "Triggers": [], "Planner Runtime": 2.308, "Total Runtime": 591.239, "Unique SQL Id": 1162488282}}, "(1, '115')": {"explain_plan": {"Plan": {"Node Type": "Aggregate", "Strategy": "Plain", "Startup Cost": 1000017766719.7, "Total Cost": 1000017766719.71, "Plan Rows": 1, "Plan Width": 113, "Plans": [{"Node Type": "Nested Loop", "Parent Relationship": "Outer", "Join Type": "Inner", "Startup Cost": 10000000001.08, "Total Cost": 1000017764229.67, "Plan Rows": 332005, "Plan Width": 45, "Inner Unique": true, "Plans": [{"Node Type": "Nested Loop", "Parent Relationship": "Outer", "Join Type": "Inner", "Startup Cost": 10000000000.81, "Total Cost": 1000015609438.29, "Plan Rows": 501180, "Plan Width": 32, "Inner Unique": true, "Plans": [{"Node Type": "Nested Loop", "Parent Relationship": "Outer", "Join Type": "Inner", "Startup Cost": 10000000000.55, "Total Cost": 1000012058838.99, "Plan Rows": 829046, "Plan Width": 36, "Inner Unique": false, "Plans": [{"Node Type": "Nested Loop", "Parent Relationship": "Outer", "Join Type": "Inner", "Startup Cost": 10000000000.26, "Total Cost": 1000010560383.98, "Plan Rows": 345008, "Plan Width": 4, "Inner Unique": true, "Plans": [{"Node Type": "Index Scan", "Parent Relationship": "Outer", "Scan Direction": "Forward", "Index Name": "movie_id_movie_info_idx", "Relation Name": "movie_info_idx", "Alias": "mi_idx", "Startup Cost": 10000000000.0, "Total Cost": 1000004650035.37, "Plan Rows": 1380034, "Plan Width": 8}, {"Node Type": "Bitmap Heap Scan", "Parent Relationship": "Inner", "Relation Name": "info_type", "Alias": "it", "Startup Cost": 0.26, "Total Cost": 4.27, "Plan Rows": 1, "Plan Width": 4, "Recheck Cond": "(id = mi_idx.info_type_id)", "Filter": "((info)::text = 'bottom 10 rank'::text)", "Plans": [{"Node Type": "Bitmap Index Scan", "Parent Relationship": "Outer", "Index Name": "info_type_pkey", "Startup Cost": 0.0, "Total Cost": 0.26, "Plan Rows": 1, "Plan Width": 0, "Index Cond": "(id = mi_idx.info_type_id)"}]}]}, {"Node Type": "Bitmap Heap Scan", "Parent Relationship": "Inner", "Relation Name": "movie_companies", "Alias": "mc", "Startup Cost": 0.29, "Total Cost": 4.32, "Plan Rows": 2, "Plan Width": 32, "Recheck Cond": "(movie_id = mi_idx.movie_id)", "Filter": "((note)::text !~~ '%(as Metro-Goldwyn-Mayer Pictures)%'::text)", "Plans": [{"Node Type": "Bitmap Index Scan", "Parent Relationship": "Outer", "Index Name": "movie_id_movie_companies", "Startup Cost": 0.0, "Total Cost": 0.29, "Plan Rows": 2, "Plan Width": 0, "Index Cond": "(movie_id = mi_idx.movie_id)"}]}]}, {"Node Type": "Bitmap Heap Scan", "Parent Relationship": "Inner", "Relation Name": "company_type", "Alias": "ct", "Startup Cost": 0.26, "Total Cost": 4.27, "Plan Rows": 1, "Plan Width": 4, "Recheck Cond": "(id = mc.company_type_id)", "Filter": "((kind)::text = 'production companies'::text)", "Plans": [{"Node Type": "Bitmap Index Scan", "Parent Relationship": "Outer", "Index Name": "company_type_pkey", "Startup Cost": 0.0, "Total Cost": 0.26, "Plan Rows": 1, "Plan Width": 0, "Index Cond": "(id = mc.company_type_id)"}]}]}, {"Node Type": "Bitmap Heap Scan", "Parent Relationship": "Inner", "Relation Name": "title", "Alias": "t", "Startup Cost": 0.27, "Total Cost": 4.29, "Plan Rows": 1, "Plan Width": 25, "Recheck Cond": "(id = mc.movie_id)", "Filter": "((production_year >= 2005) AND (production_year <= 2010))", "Plans": [{"Node Type": "Bitmap Index Scan", "Parent Relationship": "Outer", "Index Name": "title_pkey", "Startup Cost": 0.0, "Total Cost": 0.27, "Plan Rows": 1, "Plan Width": 0, "Index Cond": "(id = mc.movie_id)"}]}]}]}, "Unique SQL Id": 1162488282, "Planner Runtime": 2}, "explain_analyze_plan": null}, "(1, '116')": {"explain_plan": {"Plan": {"Node Type": "Aggregate", "Strategy": "Plain", "Startup Cost": 329380.46, "Total Cost": 329380.47, "Plan Rows": 1, "Plan Width": 113, "Plans": [{"Node Type": "Nested Loop", "Parent Relationship": "Outer", "Join Type": "Inner", "Startup Cost": 7502.06, "Total Cost": 326890.42, "Plan Rows": 332005, "Plan Width": 45, "Inner Unique": false, "Join Filter": "(mc.company_type_id = ct.id), (LLVM Optimized)", "Plans": [{"Node Type": "Seq Scan", "Parent Relationship": "Outer", "Relation Name": "company_type", "Alias": "ct", "Startup Cost": 0.0, "Total Cost": 1.04, "Plan Rows": 1, "Plan Width": 4, "Filter": "((kind)::text = 'production companies'::text)"}, {"Node Type": "Nested Loop", "Parent Relationship": "Inner", "Join Type": "Inner", "Startup Cost": 7502.06, "Total Cost": 320024.4, "Plan Rows": 549199, "Plan Width": 49, "Inner Unique": false, "Join Filter": "(t.id = mc.movie_id), (LLVM Optimized)", "Plans": [{"Node Type": "Nested Loop", "Parent Relationship": "Outer", "Join Type": "Inner", "Startup Cost": 7502.06, "Total Cost": 164107.36, "Plan Rows": 396404, "Plan Width": 29, "Inner Unique": true, "Plans": [{"Node Type": "Nested Loop", "Parent Relationship": "Outer", "Join Type": "Inner", "Startup Cost": 7502.06, "Total Cost": 21741.14, "Plan Rows": 345008, "Plan Width": 4, "Inner Unique": false, "Plans": [{"Node Type": "Seq Scan", "Parent Relationship": "Outer", "Relation Name": "info_type", "Alias": "it", "Startup Cost": 0.0, "Total Cost": 2.4, "Plan Rows": 1, "Plan Width": 4, "Filter": "((info)::text = 'bottom 10 rank'::text)"}, {"Node Type": "Bitmap Heap Scan", "Parent Relationship": "Inner", "Relation Name": "movie_info_idx", "Alias": "mi_idx", "Startup Cost": 7502.06, "Total Cost": 18288.66, "Plan Rows": 345008, "Plan Width": 8, "Recheck Cond": "(info_type_id = it.id), (LLVM Optimized)", "Plans": [{"Node Type": "Bitmap Index Scan", "Parent Relationship": "Outer", "Index Name": "info_type_id_movie_info_idx", "Startup Cost": 0.0, "Total Cost": 7415.81, "Plan Rows": 345008, "Plan Width": 0, "Index Cond": "(info_type_id = it.id)"}]}]}, {"Node Type": "Index Scan", "Parent Relationship": "Inner", "Scan Direction": "Forward", "Index Name": "title_pkey", "Relation Name": "title", "Alias": "t", "Startup Cost": 0.0, "Total Cost": 0.4, "Plan Rows": 1, "Plan Width": 25, "Index Cond": "(id = mi_idx.movie_id)", "Filter": "((production_year >= 2005) AND (production_year <= 2010))"}]}, {"Node Type": "Index Scan", "Parent Relationship": "Inner", "Scan Direction": "Forward", "Index Name": "movie_id_movie_companies", "Relation Name": "movie_companies", "Alias": "mc", "Startup Cost": 0.0, "Total Cost": 0.37, "Plan Rows": 2, "Plan Width": 32, "Index Cond": "(movie_id = mi_idx.movie_id)", "Filter": "((note)::text !~~ '%(as Metro-Goldwyn-Mayer Pictures)%'::text)"}]}]}]}, "Unique SQL Id": 1162488282, "Planner Runtime": 2}, "explain_analyze_plan": {"Plan": {"Node Type": "Aggregate", "Strategy": "Plain", "Startup Cost": 329380.46, "Total Cost": 329380.47, "Plan Rows": 1, "Plan Width": 113, "Actual Startup Time": 0.515, "Actual Total Time": 0.516, "Actual Rows": 1, "Actual Loops": 1, "Plans": [{"Node Type": "Nested Loop", "Parent Relationship": "Outer", "Join Type": "Inner", "Startup Cost": 7502.06, "Total Cost": 326890.42, "Plan Rows": 332005, "Plan Width": 45, "Actual Startup Time": 0.487, "Actual Total Time": 0.5, "Actual Rows": 3, "Actual Loops": 1, "Inner Unique": false, "Join Filter": "(mc.company_type_id = ct.id), (LLVM Optimized)", "Rows Removed by Join Filter": 63, "Plans": [{"Node Type": "Seq Scan", "Parent Relationship": "Outer", "Relation Name": "company_type", "Alias": "ct", "Startup Cost": 0.0, "Total Cost": 1.04, "Plan Rows": 1, "Plan Width": 4, "Actual Startup Time": 0.023, "Actual Total Time": 0.024, "Actual Rows": 1, "Actual Loops": 1, "Filter": "((kind)::text = 'production companies'::text)", "Rows Removed by Filter": 2}, {"Node Type": "Nested Loop", "Parent Relationship": "Inner", "Join Type": "Inner", "Startup Cost": 7502.06, "Total Cost": 320024.4, "Plan Rows": 549199, "Plan Width": 49, "Actual Startup Time": 0.24, "Actual Total Time": 0.454, "Actual Rows": 66, "Actual Loops": 1, "Inner Unique": false, "Join Filter": "(t.id = mc.movie_id), (LLVM Optimized)", "Rows Removed by Join Filter": 0, "Plans": [{"Node Type": "Nested Loop", "Parent Relationship": "Outer", "Join Type": "Inner", "Startup Cost": 7502.06, "Total Cost": 164107.36, "Plan Rows": 396404, "Plan Width": 29, "Actual Startup Time": 0.211, "Actual Total Time": 0.276, "Actual Rows": 4, "Actual Loops": 1, "Inner Unique": true, "Plans": [{"Node Type": "Nested Loop", "Parent Relationship": "Outer", "Join Type": "Inner", "Startup Cost": 7502.06, "Total Cost": 21741.14, "Plan Rows": 345008, "Plan Width": 4, "Actual Startup Time": 0.097, "Actual Total Time": 0.109, "Actual Rows": 10, "Actual Loops": 1, "Inner Unique": false, "Plans": [{"Node Type": "Seq Scan", "Parent Relationship": "Outer", "Relation Name": "info_type", "Alias": "it", "Startup Cost": 0.0, "Total Cost": 2.4, "Plan Rows": 1, "Plan Width": 4, "Actual Startup Time": 0.053, "Actual Total Time": 0.058, "Actual Rows": 1, "Actual Loops": 1, "Filter": "((info)::text = 'bottom 10 rank'::text)", "Rows Removed by Filter": 111}, {"Node Type": "Bitmap Heap Scan", "Parent Relationship": "Inner", "Relation Name": "movie_info_idx", "Alias": "mi_idx", "Startup Cost": 7502.06, "Total Cost": 18288.66, "Plan Rows": 345008, "Plan Width": 8, "Actual Startup Time": 0.039, "Actual Total Time": 0.041, "Actual Rows": 10, "Actual Loops": 1, "Recheck Cond": "(info_type_id = it.id), (LLVM Optimized)", "Rows Removed by Index Recheck": 0, "Exact Heap Blocks": 1, "Lossy Heap Blocks": 1, "Plans": [{"Node Type": "Bitmap Index Scan", "Parent Relationship": "Outer", "Index Name": "info_type_id_movie_info_idx", "Startup Cost": 0.0, "Total Cost": 7415.81, "Plan Rows": 345008, "Plan Width": 0, "Actual Startup Time": 0.023, "Actual Total Time": 0.023, "Actual Rows": 10, "Actual Loops": 1, "Index Cond": "(info_type_id = it.id)"}]}]}, {"Node Type": "Index Scan", "Parent Relationship": "Inner", "Scan Direction": "Forward", "Index Name": "title_pkey", "Relation Name": "title", "Alias": "t", "Startup Cost": 0.0, "Total Cost": 0.4, "Plan Rows": 1, "Plan Width": 25, "Actual Startup Time": 0.161, "Actual Total Time": 0.161, "Actual Rows": 4, "Actual Loops": 10, "Index Cond": "(id = mi_idx.movie_id)", "Rows Removed by Index Recheck": 0, "Filter": "((production_year >= 2005) AND (production_year <= 2010))", "Rows Removed by Filter": 6}]}, {"Node Type": "Index Scan", "Parent Relationship": "Inner", "Scan Direction": "Forward", "Index Name": "movie_id_movie_companies", "Relation Name": "movie_companies", "Alias": "mc", "Startup Cost": 0.0, "Total Cost": 0.37, "Plan Rows": 2, "Plan Width": 32, "Actual Startup Time": 0.075, "Actual Total Time": 0.148, "Actual Rows": 66, "Actual Loops": 4, "Index Cond": "(movie_id = mi_idx.movie_id)", "Rows Removed by Index Recheck": 0, "Filter": "((note)::text !~~ '%(as Metro-Goldwyn-Mayer Pictures)%'::text)", "Rows Removed by Filter": 7}]}]}]}, "Triggers": [], "Planner Runtime": 2.24, "Total Runtime": 10.403, "Unique SQL Id": 1162488282}}, "(1, '117')": {"explain_plan": {"Plan": {"Node Type": "Aggregate", "Strategy": "Plain", "Startup Cost": 329403.54, "Total Cost": 329403.55, "Plan Rows": 1, "Plan Width": 113, "Plans": [{"Node Type": "Nested Loop", "Parent Relationship": "Outer", "Join Type": "Inner", "Startup Cost": 7502.06, "Total Cost": 326913.5, "Plan Rows": 332005, "Plan Width": 45, "Inner Unique": false, "Join Filter": "(mc.company_type_id = ct.id), (LLVM Optimized)", "Plans": [{"Node Type": "Index Scan", "Parent Relationship": "Outer", "Scan Direction": "Forward", "Index Name": "company_type_pkey", "Relation Name": "company_type", "Alias": "ct", "Startup Cost": 0.0, "Total Cost": 12.3, "Plan Rows": 1, "Plan Width": 4, "Filter": "((kind)::text = 'production companies'::text)"}, {"Node Type": "Nested Loop", "Parent Relationship": "Inner", "Join Type": "Inner", "Startup Cost": 7502.06, "Total Cost": 320036.21, "Plan Rows": 549199, "Plan Width": 49, "Inner Unique": false, "Join Filter": "(t.id = mc.movie_id), (LLVM Optimized)", "Plans": [{"Node Type": "Nested Loop", "Parent Relationship": "Outer", "Join Type": "Inner", "Startup Cost": 7502.06, "Total Cost": 164119.17, "Plan Rows": 396404, "Plan Width": 29, "Inner Unique": true, "Plans": [{"Node Type": "Nested Loop", "Parent Relationship": "Outer", "Join Type": "Inner", "Startup Cost": 7502.06, "Total Cost": 21752.95, "Plan Rows": 345008, "Plan Width": 4, "Inner Unique": false, "Plans": [{"Node Type": "Index Scan", "Parent Relationship": "Outer", "Scan Direction": "Forward", "Index Name": "info_type_pkey", "Relation Name": "info_type", "Alias": "it", "Startup Cost": 0.0, "Total Cost": 14.21, "Plan Rows": 1, "Plan Width": 4, "Filter": "((info)::text = 'bottom 10 rank'::text)"}, {"Node Type": "Bitmap Heap Scan", "Parent Relationship": "Inner", "Relation Name": "movie_info_idx", "Alias": "mi_idx", "Startup Cost": 7502.06, "Total Cost": 18288.66, "Plan Rows": 345008, "Plan Width": 8, "Recheck Cond": "(info_type_id = it.id), (LLVM Optimized)", "Plans": [{"Node Type": "Bitmap Index Scan", "Parent Relationship": "Outer", "Index Name": "info_type_id_movie_info_idx", "Startup Cost": 0.0, "Total Cost": 7415.81, "Plan Rows": 345008, "Plan Width": 0, "Index Cond": "(info_type_id = it.id)"}]}]}, {"Node Type": "Index Scan", "Parent Relationship": "Inner", "Scan Direction": "Forward", "Index Name": "title_pkey", "Relation Name": "title", "Alias": "t", "Startup Cost": 0.0, "Total Cost": 0.4, "Plan Rows": 1, "Plan Width": 25, "Index Cond": "(id = mi_idx.movie_id)", "Filter": "((production_year >= 2005) AND (production_year <= 2010))"}]}, {"Node Type": "Index Scan", "Parent Relationship": "Inner", "Scan Direction": "Forward", "Index Name": "movie_id_movie_companies", "Relation Name": "movie_companies", "Alias": "mc", "Startup Cost": 0.0, "Total Cost": 0.37, "Plan Rows": 2, "Plan Width": 32, "Index Cond": "(movie_id = mi_idx.movie_id)", "Filter": "((note)::text !~~ '%(as Metro-Goldwyn-Mayer Pictures)%'::text)"}]}]}]}, "Unique SQL Id": 1162488282, "Planner Runtime": 2}, "explain_analyze_plan": {"Plan": {"Node Type": "Aggregate", "Strategy": "Plain", "Startup Cost": 329403.54, "Total Cost": 329403.55, "Plan Rows": 1, "Plan Width": 113, "Actual Startup Time": 0.348, "Actual Total Time": 0.348, "Actual Rows": 1, "Actual Loops": 1, "Plans": [{"Node Type": "Nested Loop", "Parent Relationship": "Outer", "Join Type": "Inner", "Startup Cost": 7502.06, "Total Cost": 326913.5, "Plan Rows": 332005, "Plan Width": 45, "Actual Startup Time": 0.327, "Actual Total Time": 0.336, "Actual Rows": 3, "Actual Loops": 1, "Inner Unique": false, "Join Filter": "(mc.company_type_id = ct.id), (LLVM Optimized)", "Rows Removed by Join Filter": 63, "Plans": [{"Node Type": "Index Scan", "Parent Relationship": "Outer", "Scan Direction": "Forward", "Index Name": "company_type_pkey", "Relation Name": "company_type", "Alias": "ct", "Startup Cost": 0.0, "Total Cost": 12.3, "Plan Rows": 1, "Plan Width": 4, "Actual Startup Time": 0.021, "Actual Total Time": 0.024, "Actual Rows": 1, "Actual Loops": 1, "Filter": "((kind)::text = 'production companies'::text)", "Rows Removed by Filter": 2}, {"Node Type": "Nested Loop", "Parent Relationship": "Inner", "Join Type": "Inner", "Startup Cost": 7502.06, "Total Cost": 320036.21, "Plan Rows": 549199, "Plan Width": 49, "Actual Startup Time": 0.158, "Actual Total Time": 0.293, "Actual Rows": 66, "Actual Loops": 1, "Inner Unique": false, "Join Filter": "(t.id = mc.movie_id), (LLVM Optimized)", "Rows Removed by Join Filter": 0, "Plans": [{"Node Type": "Nested Loop", "Parent Relationship": "Outer", "Join Type": "Inner", "Startup Cost": 7502.06, "Total Cost": 164119.17, "Plan Rows": 396404, "Plan Width": 29, "Actual Startup Time": 0.141, "Actual Total Time": 0.172, "Actual Rows": 4, "Actual Loops": 1, "Inner Unique": true, "Plans": [{"Node Type": "Nested Loop", "Parent Relationship": "Outer", "Join Type": "Inner", "Startup Cost": 7502.06, "Total Cost": 21752.95, "Plan Rows": 345008, "Plan Width": 4, "Actual Startup Time": 0.089, "Actual Total Time": 0.095, "Actual Rows": 10, "Actual Loops": 1, "Inner Unique": false, "Plans": [{"Node Type": "Index Scan", "Parent Relationship": "Outer", "Scan Direction": "Forward", "Index Name": "info_type_pkey", "Relation Name": "info_type", "Alias": "it", "Startup Cost": 0.0, "Total Cost": 14.21, "Plan Rows": 1, "Plan Width": 4, "Actual Startup Time": 0.067, "Actual Total Time": 0.068, "Actual Rows": 1, "Actual Loops": 1, "Filter": "((info)::text = 'bottom 10 rank'::text)", "Rows Removed by Filter": 111}, {"Node Type": "Bitmap Heap Scan", "Parent Relationship": "Inner", "Relation Name": "movie_info_idx", "Alias": "mi_idx", "Startup Cost": 7502.06, "Total Cost": 18288.66, "Plan Rows": 345008, "Plan Width": 8, "Actual Startup Time": 0.017, "Actual Total Time": 0.022, "Actual Rows": 10, "Actual Loops": 1, "Recheck Cond": "(info_type_id = it.id), (LLVM Optimized)", "Rows Removed by Index Recheck": 0, "Exact Heap Blocks": 1, "Lossy Heap Blocks": 1, "Plans": [{"Node Type": "Bitmap Index Scan", "Parent Relationship": "Outer", "Index Name": "info_type_id_movie_info_idx", "Startup Cost": 0.0, "Total Cost": 7415.81, "Plan Rows": 345008, "Plan Width": 0, "Actual Startup Time": 0.01, "Actual Total Time": 0.01, "Actual Rows": 10, "Actual Loops": 1, "Index Cond": "(info_type_id = it.id)"}]}]}, {"Node Type": "Index Scan", "Parent Relationship": "Inner", "Scan Direction": "Forward", "Index Name": "title_pkey", "Relation Name": "title", "Alias": "t", "Startup Cost": 0.0, "Total Cost": 0.4, "Plan Rows": 1, "Plan Width": 25, "Actual Startup Time": 0.068, "Actual Total Time": 0.068, "Actual Rows": 4, "Actual Loops": 10, "Index Cond": "(id = mi_idx.movie_id)", "Rows Removed by Index Recheck": 0, "Filter": "((production_year >= 2005) AND (production_year <= 2010))", "Rows Removed by Filter": 6}]}, {"Node Type": "Index Scan", "Parent Relationship": "Inner", "Scan Direction": "Forward", "Index Name": "movie_id_movie_companies", "Relation Name": "movie_companies", "Alias": "mc", "Startup Cost": 0.0, "Total Cost": 0.37, "Plan Rows": 2, "Plan Width": 32, "Actual Startup Time": 0.037, "Actual Total Time": 0.093, "Actual Rows": 66, "Actual Loops": 4, "Index Cond": "(movie_id = mi_idx.movie_id)", "Rows Removed by Index Recheck": 0, "Filter": "((note)::text !~~ '%(as Metro-Goldwyn-Mayer Pictures)%'::text)", "Rows Removed by Filter": 7}]}]}]}, "Triggers": [], "Planner Runtime": 2.23, "Total Runtime": 10.301, "Unique SQL Id": 1162488282}}, "(1, '118')": {"explain_plan": {"Plan": {"Node Type": "Aggregate", "Strategy": "Plain", "Startup Cost": 3258244.31, "Total Cost": 3258244.32, "Plan Rows": 1, "Plan Width": 113, "Plans": [{"Node Type": "Nested Loop", "Parent Relationship": "Outer", "Join Type": "Inner", "Startup Cost": 0.58, "Total Cost": 3255754.27, "Plan Rows": 332005, "Plan Width": 45, "Inner Unique": false, "Join Filter": "(mc.company_type_id = ct.id), (LLVM Optimized)", "Plans": [{"Node Type": "Seq Scan", "Parent Relationship": "Outer", "Relation Name": "company_type", "Alias": "ct", "Startup Cost": 0.0, "Total Cost": 1.04, "Plan Rows": 1, "Plan Width": 4, "Filter": "((kind)::text = 'production companies'::text)"}, {"Node Type": "Nested Loop", "Parent Relationship": "Inner", "Join Type": "Inner", "Startup Cost": 0.58, "Total Cost": 3248888.24, "Plan Rows": 549199, "Plan Width": 49, "Inner Unique": false, "Join Filter": "(t.id = mc.movie_id), (LLVM Optimized)", "Plans": [{"Node Type": "Nested Loop", "Parent Relationship": "Outer", "Join Type": "Inner", "Startup Cost": 0.28, "Total Cost": 1525225.68, "Plan Rows": 396404, "Plan Width": 29, "Inner Unique": true, "Plans": [{"Node Type": "Nested Loop", "Parent Relationship": "Outer", "Join Type": "Inner", "Startup Cost": 0.0, "Total Cost": 37527.17, "Plan Rows": 345008, "Plan Width": 4, "Inner Unique": false, "Join Filter": "(it.id = mi_idx.info_type_id), (LLVM Optimized)", "Plans": [{"Node Type": "Seq Scan", "Parent Relationship": "Outer", "Relation Name": "info_type", "Alias": "it", "Startup Cost": 0.0, "Total Cost": 2.4, "Plan Rows": 1, "Plan Width": 4, "Filter": "((info)::text = 'bottom 10 rank'::text)"}, {"Node Type": "Seq Scan", "Parent Relationship": "Inner", "Relation Name": "movie_info_idx", "Alias": "mi_idx", "Startup Cost": 0.0, "Total Cost": 20274.34, "Plan Rows": 1380034, "Plan Width": 8}]}, {"Node Type": "Bitmap Heap Scan", "Parent Relationship": "Inner", "Relation Name": "title", "Alias": "t", "Startup Cost": 0.28, "Total Cost": 4.3, "Plan Rows": 1, "Plan Width": 25, "Recheck Cond": "(id = mi_idx.movie_id)", "Filter": "((production_year >= 2005) AND (production_year <= 2010))", "Plans": [{"Node Type": "Bitmap Index Scan", "Parent Relationship": "Outer", "Index Name": "title_pkey", "Startup Cost": 0.0, "Total Cost": 0.28, "Plan Rows": 1, "Plan Width": 0, "Index Cond": "(id = mi_idx.movie_id)"}]}]}, {"Node Type": "Bitmap Heap Scan", "Parent Relationship": "Inner", "Relation Name": "movie_companies", "Alias": "mc", "Startup Cost": 0.29, "Total Cost": 4.32, "Plan Rows": 2, "Plan Width": 32, "Recheck Cond": "(movie_id = mi_idx.movie_id)", "Filter": "((note)::text !~~ '%(as Metro-Goldwyn-Mayer Pictures)%'::text)", "Plans": [{"Node Type": "Bitmap Index Scan", "Parent Relationship": "Outer", "Index Name": "movie_id_movie_companies", "Startup Cost": 0.0, "Total Cost": 0.29, "Plan Rows": 2, "Plan Width": 0, "Index Cond": "(movie_id = mi_idx.movie_id)"}]}]}]}]}, "Unique SQL Id": 1162488282, "Planner Runtime": 2}, "explain_analyze_plan": {"Plan": {"Node Type": "Aggregate", "Strategy": "Plain", "Startup Cost": 3258244.31, "Total Cost": 3258244.32, "Plan Rows": 1, "Plan Width": 113, "Actual Startup Time": 581.344, "Actual Total Time": 581.344, "Actual Rows": 1, "Actual Loops": 1, "Plans": [{"Node Type": "Nested Loop", "Parent Relationship": "Outer", "Join Type": "Inner", "Startup Cost": 0.58, "Total Cost": 3255754.27, "Plan Rows": 332005, "Plan Width": 45, "Actual Startup Time": 581.299, "Actual Total Time": 581.32, "Actual Rows": 3, "Actual Loops": 1, "Inner Unique": false, "Join Filter": "(mc.company_type_id = ct.id), (LLVM Optimized, Jit Execute)", "Rows Removed by Join Filter": 63, "Plans": [{"Node Type": "Seq Scan", "Parent Relationship": "Outer", "Relation Name": "company_type", "Alias": "ct", "Startup Cost": 0.0, "Total Cost": 1.04, "Plan Rows": 1, "Plan Width": 4, "Actual Startup Time": 0.018, "Actual Total Time": 0.021, "Actual Rows": 1, "Actual Loops": 1, "Filter": "((kind)::text = 'production companies'::text)", "Rows Removed by Filter": 2}, {"Node Type": "Nested Loop", "Parent Relationship": "Inner", "Join Type": "Inner", "Startup Cost": 0.58, "Total Cost": 3248888.24, "Plan Rows": 549199, "Plan Width": 49, "Actual Startup Time": 581.053, "Actual Total Time": 581.281, "Actual Rows": 66, "Actual Loops": 1, "Inner Unique": false, "Join Filter": "(t.id = mc.movie_id), (LLVM Optimized, Jit Execute)", "Rows Removed by Join Filter": 0, "Plans": [{"Node Type": "Nested Loop", "Parent Relationship": "Outer", "Join Type": "Inner", "Startup Cost": 0.28, "Total Cost": 1525225.68, "Plan Rows": 396404, "Plan Width": 29, "Actual Startup Time": 580.885, "Actual Total Time": 580.985, "Actual Rows": 4, "Actual Loops": 1, "Inner Unique": true, "Plans": [{"Node Type": "Nested Loop", "Parent Relationship": "Outer", "Join Type": "Inner", "Startup Cost": 0.0, "Total Cost": 37527.17, "Plan Rows": 345008, "Plan Width": 4, "Actual Startup Time": 580.698, "Actual Total Time": 580.724, "Actual Rows": 10, "Actual Loops": 1, "Inner Unique": false, "Join Filter": "(it.id = mi_idx.info_type_id), (LLVM Optimized, Jit Execute)", "Rows Removed by Join Filter": 1380024, "Plans": [{"Node Type": "Seq Scan", "Parent Relationship": "Outer", "Relation Name": "info_type", "Alias": "it", "Startup Cost": 0.0, "Total Cost": 2.4, "Plan Rows": 1, "Plan Width": 4, "Actual Startup Time": 0.05, "Actual Total Time": 0.058, "Actual Rows": 1, "Actual Loops": 1, "Filter": "((info)::text = 'bottom 10 rank'::text)", "Rows Removed by Filter": 111}, {"Node Type": "Seq Scan", "Parent Relationship": "Inner", "Relation Name": "movie_info_idx", "Alias": "mi_idx", "Startup Cost": 0.0, "Total Cost": 20274.34, "Plan Rows": 1380034, "Plan Width": 8, "Actual Startup Time": 0.03, "Actual Total Time": 296.861, "Actual Rows": 1380034, "Actual Loops": 1}]}, {"Node Type": "Bitmap Heap Scan", "Parent Relationship": "Inner", "Relation Name": "title", "Alias": "t", "Startup Cost": 0.28, "Total Cost": 4.3, "Plan Rows": 1, "Plan Width": 25, "Actual Startup Time": 0.213, "Actual Total Time": 0.213, "Actual Rows": 4, "Actual Loops": 10, "Recheck Cond": "(id = mi_idx.movie_id)", "Rows Removed by Index Recheck": 0, "Filter": "((production_year >= 2005) AND (production_year <= 2010))", "Rows Removed by Filter": 6, "Exact Heap Blocks": 10, "Lossy Heap Blocks": 10, "Plans": [{"Node Type": "Bitmap Index Scan", "Parent Relationship": "Outer", "Index Name": "title_pkey", "Startup Cost": 0.0, "Total Cost": 0.28, "Plan Rows": 1, "Plan Width": 0, "Actual Startup Time": 0.117, "Actual Total Time": 0.117, "Actual Rows": 10, "Actual Loops": 10, "Index Cond": "(id = mi_idx.movie_id)"}]}]}, {"Node Type": "Bitmap Heap Scan", "Parent Relationship": "Inner", "Relation Name": "movie_companies", "Alias": "mc", "Startup Cost": 0.29, "Total Cost": 4.32, "Plan Rows": 2, "Plan Width": 32, "Actual Startup Time": 0.209, "Actual Total Time": 0.253, "Actual Rows": 66, "Actual Loops": 4, "Recheck Cond": "(movie_id = mi_idx.movie_id)", "Rows Removed by Index Recheck": 0, "Filter": "((note)::text !~~ '%(as Metro-Goldwyn-Mayer Pictures)%'::text)", "Rows Removed by Filter": 7, "Exact Heap Blocks": 9, "Lossy Heap Blocks": 9, "Plans": [{"Node Type": "Bitmap Index Scan", "Parent Relationship": "Outer", "Index Name": "movie_id_movie_companies", "Startup Cost": 0.0, "Total Cost": 0.29, "Plan Rows": 2, "Plan Width": 0, "Actual Startup Time": 0.124, "Actual Total Time": 0.124, "Actual Rows": 73, "Actual Loops": 4, "Index Cond": "(movie_id = mi_idx.movie_id)"}]}]}]}]}, "Triggers": [], "Planner Runtime": 2.308, "Total Runtime": 591.239, "Unique SQL Id": 1162488282}}, "(1, '119')": {"explain_plan": {"Plan": {"Node Type": "Aggregate", "Strategy": "Plain", "Startup Cost": 1000017766719.7, "Total Cost": 1000017766719.71, "Plan Rows": 1, "Plan Width": 113, "Plans": [{"Node Type": "Nested Loop", "Parent Relationship": "Outer", "Join Type": "Inner", "Startup Cost": 10000000001.08, "Total Cost": 1000017764229.67, "Plan Rows": 332005, "Plan Width": 45, "Inner Unique": true, "Plans": [{"Node Type": "Nested Loop", "Parent Relationship": "Outer", "Join Type": "Inner", "Startup Cost": 10000000000.81, "Total Cost": 1000015609438.29, "Plan Rows": 501180, "Plan Width": 32, "Inner Unique": true, "Plans": [{"Node Type": "Nested Loop", "Parent Relationship": "Outer", "Join Type": "Inner", "Startup Cost": 10000000000.55, "Total Cost": 1000012058838.99, "Plan Rows": 829046, "Plan Width": 36, "Inner Unique": false, "Plans": [{"Node Type": "Nested Loop", "Parent Relationship": "Outer", "Join Type": "Inner", "Startup Cost": 10000000000.26, "Total Cost": 1000010560383.98, "Plan Rows": 345008, "Plan Width": 4, "Inner Unique": true, "Plans": [{"Node Type": "Index Scan", "Parent Relationship": "Outer", "Scan Direction": "Forward", "Index Name": "movie_id_movie_info_idx", "Relation Name": "movie_info_idx", "Alias": "mi_idx", "Startup Cost": 10000000000.0, "Total Cost": 1000004650035.37, "Plan Rows": 1380034, "Plan Width": 8}, {"Node Type": "Bitmap Heap Scan", "Parent Relationship": "Inner", "Relation Name": "info_type", "Alias": "it", "Startup Cost": 0.26, "Total Cost": 4.27, "Plan Rows": 1, "Plan Width": 4, "Recheck Cond": "(id = mi_idx.info_type_id)", "Filter": "((info)::text = 'bottom 10 rank'::text)", "Plans": [{"Node Type": "Bitmap Index Scan", "Parent Relationship": "Outer", "Index Name": "info_type_pkey", "Startup Cost": 0.0, "Total Cost": 0.26, "Plan Rows": 1, "Plan Width": 0, "Index Cond": "(id = mi_idx.info_type_id)"}]}]}, {"Node Type": "Bitmap Heap Scan", "Parent Relationship": "Inner", "Relation Name": "movie_companies", "Alias": "mc", "Startup Cost": 0.29, "Total Cost": 4.32, "Plan Rows": 2, "Plan Width": 32, "Recheck Cond": "(movie_id = mi_idx.movie_id)", "Filter": "((note)::text !~~ '%(as Metro-Goldwyn-Mayer Pictures)%'::text)", "Plans": [{"Node Type": "Bitmap Index Scan", "Parent Relationship": "Outer", "Index Name": "movie_id_movie_companies", "Startup Cost": 0.0, "Total Cost": 0.29, "Plan Rows": 2, "Plan Width": 0, "Index Cond": "(movie_id = mi_idx.movie_id)"}]}]}, {"Node Type": "Bitmap Heap Scan", "Parent Relationship": "Inner", "Relation Name": "company_type", "Alias": "ct", "Startup Cost": 0.26, "Total Cost": 4.27, "Plan Rows": 1, "Plan Width": 4, "Recheck Cond": "(id = mc.company_type_id)", "Filter": "((kind)::text = 'production companies'::text)", "Plans": [{"Node Type": "Bitmap Index Scan", "Parent Relationship": "Outer", "Index Name": "company_type_pkey", "Startup Cost": 0.0, "Total Cost": 0.26, "Plan Rows": 1, "Plan Width": 0, "Index Cond": "(id = mc.company_type_id)"}]}]}, {"Node Type": "Bitmap Heap Scan", "Parent Relationship": "Inner", "Relation Name": "title", "Alias": "t", "Startup Cost": 0.27, "Total Cost": 4.29, "Plan Rows": 1, "Plan Width": 25, "Recheck Cond": "(id = mc.movie_id)", "Filter": "((production_year >= 2005) AND (production_year <= 2010))", "Plans": [{"Node Type": "Bitmap Index Scan", "Parent Relationship": "Outer", "Index Name": "title_pkey", "Startup Cost": 0.0, "Total Cost": 0.27, "Plan Rows": 1, "Plan Width": 0, "Index Cond": "(id = mc.movie_id)"}]}]}]}, "Unique SQL Id": 1162488282, "Planner Runtime": 2}, "explain_analyze_plan": null}, "(1, '120')": {"explain_plan": {"Plan": {"Node Type": "Aggregate", "Strategy": "Plain", "Startup Cost": 345166.49, "Total Cost": 345166.5, "Plan Rows": 1, "Plan Width": 113, "Plans": [{"Node Type": "Nested Loop", "Parent Relationship": "Outer", "Join Type": "Inner", "Startup Cost": 0.0, "Total Cost": 342676.45, "Plan Rows": 332005, "Plan Width": 45, "Inner Unique": false, "Join Filter": "(mc.company_type_id = ct.id), (LLVM Optimized)", "Plans": [{"Node Type": "Seq Scan", "Parent Relationship": "Outer", "Relation Name": "company_type", "Alias": "ct", "Startup Cost": 0.0, "Total Cost": 1.04, "Plan Rows": 1, "Plan Width": 4, "Filter": "((kind)::text = 'production companies'::text)"}, {"Node Type": "Nested Loop", "Parent Relationship": "Inner", "Join Type": "Inner", "Startup Cost": 0.0, "Total Cost": 335810.42, "Plan Rows": 549199, "Plan Width": 49, "Inner Unique": false, "Join Filter": "(t.id = mc.movie_id), (LLVM Optimized)", "Plans": [{"Node Type": "Nested Loop", "Parent Relationship": "Outer", "Join Type": "Inner", "Startup Cost": 0.0, "Total Cost": 179893.38, "Plan Rows": 396404, "Plan Width": 29, "Inner Unique": true, "Plans": [{"Node Type": "Nested Loop", "Parent Relationship": "Outer", "Join Type": "Inner", "Startup Cost": 0.0, "Total Cost": 37527.17, "Plan Rows": 345008, "Plan Width": 4, "Inner Unique": false, "Join Filter": "(it.id = mi_idx.info_type_id), (LLVM Optimized)", "Plans": [{"Node Type": "Seq Scan", "Parent Relationship": "Outer", "Relation Name": "info_type", "Alias": "it", "Startup Cost": 0.0, "Total Cost": 2.4, "Plan Rows": 1, "Plan Width": 4, "Filter": "((info)::text = 'bottom 10 rank'::text)"}, {"Node Type": "Seq Scan", "Parent Relationship": "Inner", "Relation Name": "movie_info_idx", "Alias": "mi_idx", "Startup Cost": 0.0, "Total Cost": 20274.34, "Plan Rows": 1380034, "Plan Width": 8}]}, {"Node Type": "Index Scan", "Parent Relationship": "Inner", "Scan Direction": "Forward", "Index Name": "title_pkey", "Relation Name": "title", "Alias": "t", "Startup Cost": 0.0, "Total Cost": 0.4, "Plan Rows": 1, "Plan Width": 25, "Index Cond": "(id = mi_idx.movie_id)", "Filter": "((production_year >= 2005) AND (production_year <= 2010))"}]}, {"Node Type": "Index Scan", "Parent Relationship": "Inner", "Scan Direction": "Forward", "Index Name": "movie_id_movie_companies", "Relation Name": "movie_companies", "Alias": "mc", "Startup Cost": 0.0, "Total Cost": 0.37, "Plan Rows": 2, "Plan Width": 32, "Index Cond": "(movie_id = mi_idx.movie_id)", "Filter": "((note)::text !~~ '%(as Metro-Goldwyn-Mayer Pictures)%'::text)"}]}]}]}, "Unique SQL Id": 1162488282, "Planner Runtime": 2}, "explain_analyze_plan": {"Plan": {"Node Type": "Aggregate", "Strategy": "Plain", "Startup Cost": 345166.49, "Total Cost": 345166.5, "Plan Rows": 1, "Plan Width": 113, "Actual Startup Time": 603.997, "Actual Total Time": 603.997, "Actual Rows": 1, "Actual Loops": 1, "Plans": [{"Node Type": "Nested Loop", "Parent Relationship": "Outer", "Join Type": "Inner", "Startup Cost": 0.0, "Total Cost": 342676.45, "Plan Rows": 332005, "Plan Width": 45, "Actual Startup Time": 603.945, "Actual Total Time": 603.967, "Actual Rows": 3, "Actual Loops": 1, "Inner Unique": false, "Join Filter": "(mc.company_type_id = ct.id), (LLVM Optimized)", "Rows Removed by Join Filter": 63, "Plans": [{"Node Type": "Seq Scan", "Parent Relationship": "Outer", "Relation Name": "company_type", "Alias": "ct", "Startup Cost": 0.0, "Total Cost": 1.04, "Plan Rows": 1, "Plan Width": 4, "Actual Startup Time": 0.02, "Actual Total Time": 0.025, "Actual Rows": 1, "Actual Loops": 1, "Filter": "((kind)::text = 'production companies'::text)", "Rows Removed by Filter": 2}, {"Node Type": "Nested Loop", "Parent Relationship": "Inner", "Join Type": "Inner", "Startup Cost": 0.0, "Total Cost": 335810.42, "Plan Rows": 549199, "Plan Width": 49, "Actual Startup Time": 603.711, "Actual Total Time": 603.918, "Actual Rows": 66, "Actual Loops": 1, "Inner Unique": false, "Join Filter": "(t.id = mc.movie_id), (LLVM Optimized)", "Rows Removed by Join Filter": 0, "Plans": [{"Node Type": "Nested Loop", "Parent Relationship": "Outer", "Join Type": "Inner", "Startup Cost": 0.0, "Total Cost": 179893.38, "Plan Rows": 396404, "Plan Width": 29, "Actual Startup Time": 603.667, "Actual Total Time": 603.731, "Actual Rows": 4, "Actual Loops": 1, "Inner Unique": true, "Plans": [{"Node Type": "Nested Loop", "Parent Relationship": "Outer", "Join Type": "Inner", "Startup Cost": 0.0, "Total Cost": 37527.17, "Plan Rows": 345008, "Plan Width": 4, "Actual Startup Time": 603.508, "Actual Total Time": 603.525, "Actual Rows": 10, "Actual Loops": 1, "Inner Unique": false, "Join Filter": "(it.id = mi_idx.info_type_id), (LLVM Optimized)", "Rows Removed by Join Filter": 1380024, "Plans": [{"Node Type": "Seq Scan", "Parent Relationship": "Outer", "Relation Name": "info_type", "Alias": "it", "Startup Cost": 0.0, "Total Cost": 2.4, "Plan Rows": 1, "Plan Width": 4, "Actual Startup Time": 0.05, "Actual Total Time": 0.059, "Actual Rows": 1, "Actual Loops": 1, "Filter": "((info)::text = 'bottom 10 rank'::text)", "Rows Removed by Filter": 111}, {"Node Type": "Seq Scan", "Parent Relationship": "Inner", "Relation Name": "movie_info_idx", "Alias": "mi_idx", "Startup Cost": 0.0, "Total Cost": 20274.34, "Plan Rows": 1380034, "Plan Width": 8, "Actual Startup Time": 0.034, "Actual Total Time": 312.412, "Actual Rows": 1380034, "Actual Loops": 1}]}, {"Node Type": "Index Scan", "Parent Relationship": "Inner", "Scan Direction": "Forward", "Index Name": "title_pkey", "Relation Name": "title", "Alias": "t", "Startup Cost": 0.0, "Total Cost": 0.4, "Plan Rows": 1, "Plan Width": 25, "Actual Startup Time": 0.188, "Actual Total Time": 0.188, "Actual Rows": 4, "Actual Loops": 10, "Index Cond": "(id = mi_idx.movie_id)", "Rows Removed by Index Recheck": 0, "Filter": "((production_year >= 2005) AND (production_year <= 2010))", "Rows Removed by Filter": 6}]}, {"Node Type": "Index Scan", "Parent Relationship": "Inner", "Scan Direction": "Forward", "Index Name": "movie_id_movie_companies", "Relation Name": "movie_companies", "Alias": "mc", "Startup Cost": 0.0, "Total Cost": 0.37, "Plan Rows": 2, "Plan Width": 32, "Actual Startup Time": 0.078, "Actual Total Time": 0.148, "Actual Rows": 66, "Actual Loops": 4, "Index Cond": "(movie_id = mi_idx.movie_id)", "Rows Removed by Index Recheck": 0, "Filter": "((note)::text !~~ '%(as Metro-Goldwyn-Mayer Pictures)%'::text)", "Rows Removed by Filter": 7}]}]}]}, "Triggers": [], "Planner Runtime": 2.239, "Total Runtime": 613.877, "Unique SQL Id": 1162488282}}, "(1, '121')": {"explain_plan": {"Plan": {"Node Type": "Aggregate", "Strategy": "Plain", "Startup Cost": 345988.79, "Total Cost": 345988.8, "Plan Rows": 1, "Plan Width": 113, "Plans": [{"Node Type": "Nested Loop", "Parent Relationship": "Outer", "Join Type": "Inner", "Startup Cost": 0.0, "Total Cost": 343498.75, "Plan Rows": 332005, "Plan Width": 45, "Inner Unique": false, "Join Filter": "(mc.company_type_id = ct.id), (LLVM Optimized)", "Plans": [{"Node Type": "Index Scan", "Parent Relationship": "Outer", "Scan Direction": "Forward", "Index Name": "company_type_pkey", "Relation Name": "company_type", "Alias": "ct", "Startup Cost": 0.0, "Total Cost": 12.3, "Plan Rows": 1, "Plan Width": 4, "Filter": "((kind)::text = 'production companies'::text)"}, {"Node Type": "Nested Loop", "Parent Relationship": "Inner", "Join Type": "Inner", "Startup Cost": 0.0, "Total Cost": 336621.46, "Plan Rows": 549199, "Plan Width": 49, "Inner Unique": false, "Join Filter": "(t.id = mc.movie_id), (LLVM Optimized)", "Plans": [{"Node Type": "Nested Loop", "Parent Relationship": "Outer", "Join Type": "Inner", "Startup Cost": 0.0, "Total Cost": 180704.42, "Plan Rows": 396404, "Plan Width": 29, "Inner Unique": true, "Plans": [{"Node Type": "Nested Loop", "Parent Relationship": "Outer", "Join Type": "Inner", "Startup Cost": 0.0, "Total Cost": 38338.2, "Plan Rows": 345008, "Plan Width": 4, "Inner Unique": false, "Plans": [{"Node Type": "Index Scan", "Parent Relationship": "Outer", "Scan Direction": "Forward", "Index Name": "info_type_pkey", "Relation Name": "info_type", "Alias": "it", "Startup Cost": 0.0, "Total Cost": 14.21, "Plan Rows": 1, "Plan Width": 4, "Filter": "((info)::text = 'bottom 10 rank'::text)"}, {"Node Type": "Index Scan", "Parent Relationship": "Inner", "Scan Direction": "Forward", "Index Name": "info_type_id_movie_info_idx", "Relation Name": "movie_info_idx", "Alias": "mi_idx", "Startup Cost": 0.0, "Total Cost": 34873.91, "Plan Rows": 345008, "Plan Width": 8, "Index Cond": "(info_type_id = it.id), (LLVM Optimized)"}]}, {"Node Type": "Index Scan", "Parent Relationship": "Inner", "Scan Direction": "Forward", "Index Name": "title_pkey", "Relation Name": "title", "Alias": "t", "Startup Cost": 0.0, "Total Cost": 0.4, "Plan Rows": 1, "Plan Width": 25, "Index Cond": "(id = mi_idx.movie_id)", "Filter": "((production_year >= 2005) AND (production_year <= 2010))"}]}, {"Node Type": "Index Scan", "Parent Relationship": "Inner", "Scan Direction": "Forward", "Index Name": "movie_id_movie_companies", "Relation Name": "movie_companies", "Alias": "mc", "Startup Cost": 0.0, "Total Cost": 0.37, "Plan Rows": 2, "Plan Width": 32, "Index Cond": "(movie_id = mi_idx.movie_id)", "Filter": "((note)::text !~~ '%(as Metro-Goldwyn-Mayer Pictures)%'::text)"}]}]}]}, "Unique SQL Id": 1162488282, "Planner Runtime": 2}, "explain_analyze_plan": {"Plan": {"Node Type": "Aggregate", "Strategy": "Plain", "Startup Cost": 345988.79, "Total Cost": 345988.8, "Plan Rows": 1, "Plan Width": 113, "Actual Startup Time": 0.366, "Actual Total Time": 0.367, "Actual Rows": 1, "Actual Loops": 1, "Plans": [{"Node Type": "Nested Loop", "Parent Relationship": "Outer", "Join Type": "Inner", "Startup Cost": 0.0, "Total Cost": 343498.75, "Plan Rows": 332005, "Plan Width": 45, "Actual Startup Time": 0.343, "Actual Total Time": 0.353, "Actual Rows": 3, "Actual Loops": 1, "Inner Unique": false, "Join Filter": "(mc.company_type_id = ct.id), (LLVM Optimized)", "Rows Removed by Join Filter": 63, "Plans": [{"Node Type": "Index Scan", "Parent Relationship": "Outer", "Scan Direction": "Forward", "Index Name": "company_type_pkey", "Relation Name": "company_type", "Alias": "ct", "Startup Cost": 0.0, "Total Cost": 12.3, "Plan Rows": 1, "Plan Width": 4, "Actual Startup Time": 0.026, "Actual Total Time": 0.028, "Actual Rows": 1, "Actual Loops": 1, "Filter": "((kind)::text = 'production companies'::text)", "Rows Removed by Filter": 2}, {"Node Type": "Nested Loop", "Parent Relationship": "Inner", "Join Type": "Inner", "Startup Cost": 0.0, "Total Cost": 336621.46, "Plan Rows": 549199, "Plan Width": 49, "Actual Startup Time": 0.165, "Actual Total Time": 0.304, "Actual Rows": 66, "Actual Loops": 1, "Inner Unique": false, "Join Filter": "(t.id = mc.movie_id), (LLVM Optimized)", "Rows Removed by Join Filter": 0, "Plans": [{"Node Type": "Nested Loop", "Parent Relationship": "Outer", "Join Type": "Inner", "Startup Cost": 0.0, "Total Cost": 180704.42, "Plan Rows": 396404, "Plan Width": 29, "Actual Startup Time": 0.146, "Actual Total Time": 0.182, "Actual Rows": 4, "Actual Loops": 1, "Inner Unique": true, "Plans": [{"Node Type": "Nested Loop", "Parent Relationship": "Outer", "Join Type": "Inner", "Startup Cost": 0.0, "Total Cost": 38338.2, "Plan Rows": 345008, "Plan Width": 4, "Actual Startup Time": 0.088, "Actual Total Time": 0.097, "Actual Rows": 10, "Actual Loops": 1, "Inner Unique": false, "Plans": [{"Node Type": "Index Scan", "Parent Relationship": "Outer", "Scan Direction": "Forward", "Index Name": "info_type_pkey", "Relation Name": "info_type", "Alias": "it", "Startup Cost": 0.0, "Total Cost": 14.21, "Plan Rows": 1, "Plan Width": 4, "Actual Startup Time": 0.068, "Actual Total Time": 0.069, "Actual Rows": 1, "Actual Loops": 1, "Filter": "((info)::text = 'bottom 10 rank'::text)", "Rows Removed by Filter": 111}, {"Node Type": "Index Scan", "Parent Relationship": "Inner", "Scan Direction": "Forward", "Index Name": "info_type_id_movie_info_idx", "Relation Name": "movie_info_idx", "Alias": "mi_idx", "Startup Cost": 0.0, "Total Cost": 34873.91, "Plan Rows": 345008, "Plan Width": 8, "Actual Startup Time": 0.017, "Actual Total Time": 0.022, "Actual Rows": 10, "Actual Loops": 1, "Index Cond": "(info_type_id = it.id), (LLVM Optimized)", "Rows Removed by Index Recheck": 0}]}, {"Node Type": "Index Scan", "Parent Relationship": "Inner", "Scan Direction": "Forward", "Index Name": "title_pkey", "Relation Name": "title", "Alias": "t", "Startup Cost": 0.0, "Total Cost": 0.4, "Plan Rows": 1, "Plan Width": 25, "Actual Startup Time": 0.076, "Actual Total Time": 0.076, "Actual Rows": 4, "Actual Loops": 10, "Index Cond": "(id = mi_idx.movie_id)", "Rows Removed by Index Recheck": 0, "Filter": "((production_year >= 2005) AND (production_year <= 2010))", "Rows Removed by Filter": 6}]}, {"Node Type": "Index Scan", "Parent Relationship": "Inner", "Scan Direction": "Forward", "Index Name": "movie_id_movie_companies", "Relation Name": "movie_companies", "Alias": "mc", "Startup Cost": 0.0, "Total Cost": 0.37, "Plan Rows": 2, "Plan Width": 32, "Actual Startup Time": 0.04, "Actual Total Time": 0.094, "Actual Rows": 66, "Actual Loops": 4, "Index Cond": "(movie_id = mi_idx.movie_id)", "Rows Removed by Index Recheck": 0, "Filter": "((note)::text !~~ '%(as Metro-Goldwyn-Mayer Pictures)%'::text)", "Rows Removed by Filter": 7}]}]}]}, "Triggers": [], "Planner Runtime": 2.244, "Total Runtime": 10.27, "Unique SQL Id": 1162488282}}, "(1, '122')": {"explain_plan": {"Plan": {"Node Type": "Aggregate", "Strategy": "Plain", "Startup Cost": 11479091143.35, "Total Cost": 11479091143.36, "Plan Rows": 1, "Plan Width": 113, "Plans": [{"Node Type": "Nested Loop", "Parent Relationship": "Outer", "Join Type": "Inner", "Startup Cost": 2083.5, "Total Cost": 11479088653.31, "Plan Rows": 332005, "Plan Width": 45, "Inner Unique": false, "Join Filter": "(mc.movie_id = t.id), (LLVM Optimized)", "Plans": [{"Node Type": "Nested Loop", "Parent Relationship": "Outer", "Join Type": "Inner", "Startup Cost": 0.0, "Total Cost": 80954.08, "Plan Rows": 1304518, "Plan Width": 28, "Inner Unique": false, "Join Filter": "(ct.id = mc.company_type_id), (LLVM Optimized)", "Plans": [{"Node Type": "Seq Scan", "Parent Relationship": "Outer", "Relation Name": "company_type", "Alias": "ct", "Startup Cost": 0.0, "Total Cost": 1.04, "Plan Rows": 1, "Plan Width": 4, "Filter": "((kind)::text = 'production companies'::text)"}, {"Node Type": "Seq Scan", "Parent Relationship": "Inner", "Relation Name": "movie_companies", "Alias": "mc", "Startup Cost": 0.0, "Total Cost": 48340.1, "Plan Rows": 2609035, "Plan Width": 32, "Filter": "((note)::text !~~ '%(as Metro-Goldwyn-Mayer Pictures)%'::text), (LLVM Optimized)"}]}, {"Node Type": "Materialize", "Parent Relationship": "Inner", "Startup Cost": 2083.5, "Total Cost": 3722266391.17, "Plan Rows": 396404, "Plan Width": 29, "Plans": [{"Node Type": "Nested Loop", "Parent Relationship": "Outer", "Join Type": "Inner", "Startup Cost": 2083.5, "Total Cost": 3722264409.15, "Plan Rows": 396404, "Plan Width": 29, "Inner Unique": false, "Join Filter": "(mi_idx.movie_id = t.id), (LLVM Optimized)", "Plans": [{"Node Type": "Seq Scan", "Parent Relationship": "Outer", "Relation Name": "title", "Alias": "t", "Startup Cost": 2083.5, "Total Cost": 72710.67, "Plan Rows": 719240, "Plan Width": 25, "Filter": "((production_year >= 2005) AND (production_year <= 2010)), (LLVM Optimized)"}, {"Node Type": "Materialize", "Parent Relationship": "Inner", "Startup Cost": 0.0, "Total Cost": 39252.21, "Plan Rows": 345008, "Plan Width": 4, "Plans": [{"Node Type": "Nested Loop", "Parent Relationship": "Outer", "Join Type": "Inner", "Startup Cost": 0.0, "Total Cost": 37527.17, "Plan Rows": 345008, "Plan Width": 4, "Inner Unique": false, "Join Filter": "(it.id = mi_idx.info_type_id), (LLVM Optimized)", "Plans": [{"Node Type": "Seq Scan", "Parent Relationship": "Outer", "Relation Name": "info_type", "Alias": "it", "Startup Cost": 0.0, "Total Cost": 2.4, "Plan Rows": 1, "Plan Width": 4, "Filter": "((info)::text = 'bottom 10 rank'::text)"}, {"Node Type": "Seq Scan", "Parent Relationship": "Inner", "Relation Name": "movie_info_idx", "Alias": "mi_idx", "Startup Cost": 0.0, "Total Cost": 20274.34, "Plan Rows": 1380034, "Plan Width": 8}]}]}]}]}]}]}, "Unique SQL Id": 1162488282, "Planner Runtime": 2}, "explain_analyze_plan": {"Plan": {"Node Type": "Aggregate", "Strategy": "Plain", "Startup Cost": 11479091143.35, "Total Cost": 11479091143.36, "Plan Rows": 1, "Plan Width": 113, "Actual Startup Time": 4765.239, "Actual Total Time": 4765.24, "Actual Rows": 1, "Actual Loops": 1, "Plans": [{"Node Type": "Nested Loop", "Parent Relationship": "Outer", "Join Type": "Inner", "Startup Cost": 2083.5, "Total Cost": 11479088653.31, "Plan Rows": 332005, "Plan Width": 45, "Actual Startup Time": 4482.655, "Actual Total Time": 4765.19, "Actual Rows": 3, "Actual Loops": 1, "Inner Unique": false, "Join Filter": "(mc.movie_id = t.id), (LLVM Optimized, Jit Execute)", "Rows Removed by Join Filter": 563613, "Plans": [{"Node Type": "Nested Loop", "Parent Relationship": "Outer", "Join Type": "Inner", "Startup Cost": 0.0, "Total Cost": 80954.08, "Plan Rows": 1304518, "Plan Width": 28, "Actual Startup Time": 853.396, "Actual Total Time": 1229.962, "Actual Rows": 140904, "Actual Loops": 1, "Inner Unique": false, "Join Filter": "(ct.id = mc.company_type_id), (LLVM Optimized, Jit Execute)", "Rows Removed by Join Filter": 1196183, "Plans": [{"Node Type": "Seq Scan", "Parent Relationship": "Outer", "Relation Name": "company_type", "Alias": "ct", "Startup Cost": 0.0, "Total Cost": 1.04, "Plan Rows": 1, "Plan Width": 4, "Actual Startup Time": 0.019, "Actual Total Time": 0.027, "Actual Rows": 1, "Actual Loops": 1, "Filter": "((kind)::text = 'production companies'::text)", "Rows Removed by Filter": 2}, {"Node Type": "Seq Scan", "Parent Relationship": "Inner", "Relation Name": "movie_companies", "Alias": "mc", "Startup Cost": 0.0, "Total Cost": 48340.1, "Plan Rows": 2609035, "Plan Width": 32, "Actual Startup Time": 0.036, "Actual Total Time": 960.054, "Actual Rows": 1337087, "Actual Loops": 1, "Filter": "((note)::text !~~ '%(as Metro-Goldwyn-Mayer Pictures)%'::text), (LLVM Optimized, Jit Execute)", "Rows Removed by Filter": 1272041}]}, {"Node Type": "Materialize", "Parent Relationship": "Inner", "Startup Cost": 2083.5, "Total Cost": 3722266391.17, "Plan Rows": 396404, "Plan Width": 29, "Actual Startup Time": 2618.048, "Actual Total Time": 3415.373, "Actual Rows": 563616, "Actual Loops": 140904, "Plans": [{"Node Type": "Nested Loop", "Parent Relationship": "Outer", "Join Type": "Inner", "Startup Cost": 2083.5, "Total Cost": 3722264409.15, "Plan Rows": 396404, "Plan Width": 29, "Actual Startup Time": 2606.479, "Actual Total Time": 3355.662, "Actual Rows": 4, "Actual Loops": 1, "Inner Unique": false, "Join Filter": "(mi_idx.movie_id = t.id), (LLVM Optimized, Jit Execute)", "Rows Removed by Join Filter": 7162586, "Plans": [{"Node Type": "Seq Scan", "Parent Relationship": "Outer", "Relation Name": "title", "Alias": "t", "Startup Cost": 2083.5, "Total Cost": 72710.67, "Plan Rows": 719240, "Plan Width": 25, "Actual Startup Time": 0.029, "Actual Total Time": 835.29, "Actual Rows": 716259, "Actual Loops": 1, "Filter": "((production_year >= 2005) AND (production_year <= 2010)), (LLVM Optimized, Jit Execute)", "Rows Removed by Filter": 1812052}, {"Node Type": "Materialize", "Parent Relationship": "Inner", "Startup Cost": 0.0, "Total Cost": 39252.21, "Plan Rows": 345008, "Plan Width": 4, "Actual Startup Time": 601.386, "Actual Total Time": 1207.796, "Actual Rows": 7162590, "Actual Loops": 716259, "Plans": [{"Node Type": "Nested Loop", "Parent Relationship": "Outer", "Join Type": "Inner", "Startup Cost": 0.0, "Total Cost": 37527.17, "Plan Rows": 345008, "Plan Width": 4, "Actual Startup Time": 541.463, "Actual Total Time": 541.483, "Actual Rows": 10, "Actual Loops": 1, "Inner Unique": false, "Join Filter": "(it.id = mi_idx.info_type_id), (LLVM Optimized, Jit Execute)", "Rows Removed by Join Filter": 1380024, "Plans": [{"Node Type": "Seq Scan", "Parent Relationship": "Outer", "Relation Name": "info_type", "Alias": "it", "Startup Cost": 0.0, "Total Cost": 2.4, "Plan Rows": 1, "Plan Width": 4, "Actual Startup Time": 0.083, "Actual Total Time": 0.097, "Actual Rows": 1, "Actual Loops": 1, "Filter": "((info)::text = 'bottom 10 rank'::text)", "Rows Removed by Filter": 111}, {"Node Type": "Seq Scan", "Parent Relationship": "Inner", "Relation Name": "movie_info_idx", "Alias": "mi_idx", "Startup Cost": 0.0, "Total Cost": 20274.34, "Plan Rows": 1380034, "Plan Width": 8, "Actual Startup Time": 0.057, "Actual Total Time": 298.69, "Actual Rows": 1380034, "Actual Loops": 1}]}]}]}]}]}]}, "Triggers": [], "Planner Runtime": 2.231, "Total Runtime": 4776.13, "Unique SQL Id": 1162488282}}, "(1, '123')": {"explain_plan": {"Plan": {"Node Type": "Aggregate", "Strategy": "Plain", "Startup Cost": 5011509592906.65, "Total Cost": 5011509592906.66, "Plan Rows": 1, "Plan Width": 113, "Plans": [{"Node Type": "Nested Loop", "Parent Relationship": "Outer", "Join Type": "Inner", "Startup Cost": 50000000000.0, "Total Cost": 5011509590416.61, "Plan Rows": 332005, "Plan Width": 45, "Inner Unique": false, "Join Filter": "(mc.movie_id = t.id), (LLVM Optimized)", "Plans": [{"Node Type": "Nested Loop", "Parent Relationship": "Outer", "Join Type": "Inner", "Startup Cost": 20000000000.0, "Total Cost": 2000013744593.91, "Plan Rows": 1304518, "Plan Width": 28, "Inner Unique": true, "Join Filter": "(ct.id = mc.company_type_id), (LLVM Optimized)", "Plans": [{"Node Type": "Index Scan", "Parent Relationship": "Outer", "Scan Direction": "Forward", "Index Name": "movie_id_movie_companies", "Relation Name": "movie_companies", "Alias": "mc", "Startup Cost": 10000000000.0, "Total Cost": 1000013704228.13, "Plan Rows": 2609035, "Plan Width": 32, "Filter": "((note)::text !~~ '%(as Metro-Goldwyn-Mayer Pictures)%'::text), (LLVM Optimized)"}, {"Node Type": "Materialize", "Parent Relationship": "Inner", "Startup Cost": 10000000000.0, "Total Cost": 1000000001230.26, "Plan Rows": 1, "Plan Width": 4, "Plans": [{"Node Type": "Index Scan", "Parent Relationship": "Outer", "Scan Direction": "Forward", "Index Name": "company_type_pkey", "Relation Name": "company_type", "Alias": "ct", "Startup Cost": 10000000000.0, "Total Cost": 1000000001230.25, "Plan Rows": 1, "Plan Width": 4, "Filter": "((kind)::text = 'production companies'::text)"}]}]}, {"Node Type": "Materialize", "Parent Relationship": "Inner", "Startup Cost": 30000000000.0, "Total Cost": 3003739104514.63, "Plan Rows": 396404, "Plan Width": 29, "Plans": [{"Node Type": "Nested Loop", "Parent Relationship": "Outer", "Join Type": "Inner", "Startup Cost": 30000000000.0, "Total Cost": 3003739102532.61, "Plan Rows": 396404, "Plan Width": 29, "Inner Unique": false, "Join Filter": "(mi_idx.movie_id = t.id), (LLVM Optimized)", "Plans": [{"Node Type": "Index Scan", "Parent Relationship": "Outer", "Scan Direction": "Forward", "Index Name": "title_pkey", "Relation Name": "title", "Alias": "t", "Startup Cost": 10000000000.0, "Total Cost": 1000012276204.41, "Plan Rows": 719240, "Plan Width": 25, "Filter": "((production_year >= 2005) AND (production_year <= 2010)), (LLVM Optimized)"}, {"Node Type": "Materialize", "Parent Relationship": "Inner", "Startup Cost": 20000000000.0, "Total Cost": 2000004673881.92, "Plan Rows": 345008, "Plan Width": 4, "Plans": [{"Node Type": "Nested Loop", "Parent Relationship": "Outer", "Join Type": "Inner", "Startup Cost": 20000000000.0, "Total Cost": 2000004672156.88, "Plan Rows": 345008, "Plan Width": 4, "Inner Unique": true, "Join Filter": "(it.id = mi_idx.info_type_id), (LLVM Optimized)", "Plans": [{"Node Type": "Index Scan", "Parent Relationship": "Outer", "Scan Direction": "Forward", "Index Name": "movie_id_movie_info_idx", "Relation Name": "movie_info_idx", "Alias": "mi_idx", "Startup Cost": 10000000000.0, "Total Cost": 1000004650035.37, "Plan Rows": 1380034, "Plan Width": 8}, {"Node Type": "Materialize", "Parent Relationship": "Inner", "Startup Cost": 10000000000.0, "Total Cost": 1000000001421.0, "Plan Rows": 1, "Plan Width": 4, "Plans": [{"Node Type": "Index Scan", "Parent Relationship": "Outer", "Scan Direction": "Forward", "Index Name": "info_type_pkey", "Relation Name": "info_type", "Alias": "it", "Startup Cost": 10000000000.0, "Total Cost": 1000000001421.0, "Plan Rows": 1, "Plan Width": 4, "Filter": "((info)::text = 'bottom 10 rank'::text)"}]}]}]}]}]}]}]}, "Unique SQL Id": 1162488282, "Planner Runtime": 2}, "explain_analyze_plan": null}, "(1, '124')": {"explain_plan": {"Plan": {"Node Type": "Aggregate", "Strategy": "Plain", "Startup Cost": 345166.49, "Total Cost": 345166.5, "Plan Rows": 1, "Plan Width": 113, "Plans": [{"Node Type": "Nested Loop", "Parent Relationship": "Outer", "Join Type": "Inner", "Startup Cost": 0.0, "Total Cost": 342676.45, "Plan Rows": 332005, "Plan Width": 45, "Inner Unique": false, "Join Filter": "(mc.company_type_id = ct.id), (LLVM Optimized)", "Plans": [{"Node Type": "Seq Scan", "Parent Relationship": "Outer", "Relation Name": "company_type", "Alias": "ct", "Startup Cost": 0.0, "Total Cost": 1.04, "Plan Rows": 1, "Plan Width": 4, "Filter": "((kind)::text = 'production companies'::text)"}, {"Node Type": "Nested Loop", "Parent Relationship": "Inner", "Join Type": "Inner", "Startup Cost": 0.0, "Total Cost": 335810.42, "Plan Rows": 549199, "Plan Width": 49, "Inner Unique": false, "Join Filter": "(t.id = mc.movie_id), (LLVM Optimized)", "Plans": [{"Node Type": "Nested Loop", "Parent Relationship": "Outer", "Join Type": "Inner", "Startup Cost": 0.0, "Total Cost": 179893.38, "Plan Rows": 396404, "Plan Width": 29, "Inner Unique": true, "Plans": [{"Node Type": "Nested Loop", "Parent Relationship": "Outer", "Join Type": "Inner", "Startup Cost": 0.0, "Total Cost": 37527.17, "Plan Rows": 345008, "Plan Width": 4, "Inner Unique": false, "Join Filter": "(it.id = mi_idx.info_type_id), (LLVM Optimized)", "Plans": [{"Node Type": "Seq Scan", "Parent Relationship": "Outer", "Relation Name": "info_type", "Alias": "it", "Startup Cost": 0.0, "Total Cost": 2.4, "Plan Rows": 1, "Plan Width": 4, "Filter": "((info)::text = 'bottom 10 rank'::text)"}, {"Node Type": "Seq Scan", "Parent Relationship": "Inner", "Relation Name": "movie_info_idx", "Alias": "mi_idx", "Startup Cost": 0.0, "Total Cost": 20274.34, "Plan Rows": 1380034, "Plan Width": 8}]}, {"Node Type": "Index Scan", "Parent Relationship": "Inner", "Scan Direction": "Forward", "Index Name": "title_pkey", "Relation Name": "title", "Alias": "t", "Startup Cost": 0.0, "Total Cost": 0.4, "Plan Rows": 1, "Plan Width": 25, "Index Cond": "(id = mi_idx.movie_id)", "Filter": "((production_year >= 2005) AND (production_year <= 2010))"}]}, {"Node Type": "Index Scan", "Parent Relationship": "Inner", "Scan Direction": "Forward", "Index Name": "movie_id_movie_companies", "Relation Name": "movie_companies", "Alias": "mc", "Startup Cost": 0.0, "Total Cost": 0.37, "Plan Rows": 2, "Plan Width": 32, "Index Cond": "(movie_id = mi_idx.movie_id)", "Filter": "((note)::text !~~ '%(as Metro-Goldwyn-Mayer Pictures)%'::text)"}]}]}]}, "Unique SQL Id": 1162488282, "Planner Runtime": 2}, "explain_analyze_plan": {"Plan": {"Node Type": "Aggregate", "Strategy": "Plain", "Startup Cost": 345166.49, "Total Cost": 345166.5, "Plan Rows": 1, "Plan Width": 113, "Actual Startup Time": 603.997, "Actual Total Time": 603.997, "Actual Rows": 1, "Actual Loops": 1, "Plans": [{"Node Type": "Nested Loop", "Parent Relationship": "Outer", "Join Type": "Inner", "Startup Cost": 0.0, "Total Cost": 342676.45, "Plan Rows": 332005, "Plan Width": 45, "Actual Startup Time": 603.945, "Actual Total Time": 603.967, "Actual Rows": 3, "Actual Loops": 1, "Inner Unique": false, "Join Filter": "(mc.company_type_id = ct.id), (LLVM Optimized)", "Rows Removed by Join Filter": 63, "Plans": [{"Node Type": "Seq Scan", "Parent Relationship": "Outer", "Relation Name": "company_type", "Alias": "ct", "Startup Cost": 0.0, "Total Cost": 1.04, "Plan Rows": 1, "Plan Width": 4, "Actual Startup Time": 0.02, "Actual Total Time": 0.025, "Actual Rows": 1, "Actual Loops": 1, "Filter": "((kind)::text = 'production companies'::text)", "Rows Removed by Filter": 2}, {"Node Type": "Nested Loop", "Parent Relationship": "Inner", "Join Type": "Inner", "Startup Cost": 0.0, "Total Cost": 335810.42, "Plan Rows": 549199, "Plan Width": 49, "Actual Startup Time": 603.711, "Actual Total Time": 603.918, "Actual Rows": 66, "Actual Loops": 1, "Inner Unique": false, "Join Filter": "(t.id = mc.movie_id), (LLVM Optimized)", "Rows Removed by Join Filter": 0, "Plans": [{"Node Type": "Nested Loop", "Parent Relationship": "Outer", "Join Type": "Inner", "Startup Cost": 0.0, "Total Cost": 179893.38, "Plan Rows": 396404, "Plan Width": 29, "Actual Startup Time": 603.667, "Actual Total Time": 603.731, "Actual Rows": 4, "Actual Loops": 1, "Inner Unique": true, "Plans": [{"Node Type": "Nested Loop", "Parent Relationship": "Outer", "Join Type": "Inner", "Startup Cost": 0.0, "Total Cost": 37527.17, "Plan Rows": 345008, "Plan Width": 4, "Actual Startup Time": 603.508, "Actual Total Time": 603.525, "Actual Rows": 10, "Actual Loops": 1, "Inner Unique": false, "Join Filter": "(it.id = mi_idx.info_type_id), (LLVM Optimized)", "Rows Removed by Join Filter": 1380024, "Plans": [{"Node Type": "Seq Scan", "Parent Relationship": "Outer", "Relation Name": "info_type", "Alias": "it", "Startup Cost": 0.0, "Total Cost": 2.4, "Plan Rows": 1, "Plan Width": 4, "Actual Startup Time": 0.05, "Actual Total Time": 0.059, "Actual Rows": 1, "Actual Loops": 1, "Filter": "((info)::text = 'bottom 10 rank'::text)", "Rows Removed by Filter": 111}, {"Node Type": "Seq Scan", "Parent Relationship": "Inner", "Relation Name": "movie_info_idx", "Alias": "mi_idx", "Startup Cost": 0.0, "Total Cost": 20274.34, "Plan Rows": 1380034, "Plan Width": 8, "Actual Startup Time": 0.034, "Actual Total Time": 312.412, "Actual Rows": 1380034, "Actual Loops": 1}]}, {"Node Type": "Index Scan", "Parent Relationship": "Inner", "Scan Direction": "Forward", "Index Name": "title_pkey", "Relation Name": "title", "Alias": "t", "Startup Cost": 0.0, "Total Cost": 0.4, "Plan Rows": 1, "Plan Width": 25, "Actual Startup Time": 0.188, "Actual Total Time": 0.188, "Actual Rows": 4, "Actual Loops": 10, "Index Cond": "(id = mi_idx.movie_id)", "Rows Removed by Index Recheck": 0, "Filter": "((production_year >= 2005) AND (production_year <= 2010))", "Rows Removed by Filter": 6}]}, {"Node Type": "Index Scan", "Parent Relationship": "Inner", "Scan Direction": "Forward", "Index Name": "movie_id_movie_companies", "Relation Name": "movie_companies", "Alias": "mc", "Startup Cost": 0.0, "Total Cost": 0.37, "Plan Rows": 2, "Plan Width": 32, "Actual Startup Time": 0.078, "Actual Total Time": 0.148, "Actual Rows": 66, "Actual Loops": 4, "Index Cond": "(movie_id = mi_idx.movie_id)", "Rows Removed by Index Recheck": 0, "Filter": "((note)::text !~~ '%(as Metro-Goldwyn-Mayer Pictures)%'::text)", "Rows Removed by Filter": 7}]}]}]}, "Triggers": [], "Planner Runtime": 2.239, "Total Runtime": 613.877, "Unique SQL Id": 1162488282}}, "(1, '125')": {"explain_plan": {"Plan": {"Node Type": "Aggregate", "Strategy": "Plain", "Startup Cost": 345988.79, "Total Cost": 345988.8, "Plan Rows": 1, "Plan Width": 113, "Plans": [{"Node Type": "Nested Loop", "Parent Relationship": "Outer", "Join Type": "Inner", "Startup Cost": 0.0, "Total Cost": 343498.75, "Plan Rows": 332005, "Plan Width": 45, "Inner Unique": false, "Join Filter": "(mc.company_type_id = ct.id), (LLVM Optimized)", "Plans": [{"Node Type": "Index Scan", "Parent Relationship": "Outer", "Scan Direction": "Forward", "Index Name": "company_type_pkey", "Relation Name": "company_type", "Alias": "ct", "Startup Cost": 0.0, "Total Cost": 12.3, "Plan Rows": 1, "Plan Width": 4, "Filter": "((kind)::text = 'production companies'::text)"}, {"Node Type": "Nested Loop", "Parent Relationship": "Inner", "Join Type": "Inner", "Startup Cost": 0.0, "Total Cost": 336621.46, "Plan Rows": 549199, "Plan Width": 49, "Inner Unique": false, "Join Filter": "(t.id = mc.movie_id), (LLVM Optimized)", "Plans": [{"Node Type": "Nested Loop", "Parent Relationship": "Outer", "Join Type": "Inner", "Startup Cost": 0.0, "Total Cost": 180704.42, "Plan Rows": 396404, "Plan Width": 29, "Inner Unique": true, "Plans": [{"Node Type": "Nested Loop", "Parent Relationship": "Outer", "Join Type": "Inner", "Startup Cost": 0.0, "Total Cost": 38338.2, "Plan Rows": 345008, "Plan Width": 4, "Inner Unique": false, "Plans": [{"Node Type": "Index Scan", "Parent Relationship": "Outer", "Scan Direction": "Forward", "Index Name": "info_type_pkey", "Relation Name": "info_type", "Alias": "it", "Startup Cost": 0.0, "Total Cost": 14.21, "Plan Rows": 1, "Plan Width": 4, "Filter": "((info)::text = 'bottom 10 rank'::text)"}, {"Node Type": "Index Scan", "Parent Relationship": "Inner", "Scan Direction": "Forward", "Index Name": "info_type_id_movie_info_idx", "Relation Name": "movie_info_idx", "Alias": "mi_idx", "Startup Cost": 0.0, "Total Cost": 34873.91, "Plan Rows": 345008, "Plan Width": 8, "Index Cond": "(info_type_id = it.id), (LLVM Optimized)"}]}, {"Node Type": "Index Scan", "Parent Relationship": "Inner", "Scan Direction": "Forward", "Index Name": "title_pkey", "Relation Name": "title", "Alias": "t", "Startup Cost": 0.0, "Total Cost": 0.4, "Plan Rows": 1, "Plan Width": 25, "Index Cond": "(id = mi_idx.movie_id)", "Filter": "((production_year >= 2005) AND (production_year <= 2010))"}]}, {"Node Type": "Index Scan", "Parent Relationship": "Inner", "Scan Direction": "Forward", "Index Name": "movie_id_movie_companies", "Relation Name": "movie_companies", "Alias": "mc", "Startup Cost": 0.0, "Total Cost": 0.37, "Plan Rows": 2, "Plan Width": 32, "Index Cond": "(movie_id = mi_idx.movie_id)", "Filter": "((note)::text !~~ '%(as Metro-Goldwyn-Mayer Pictures)%'::text)"}]}]}]}, "Unique SQL Id": 1162488282, "Planner Runtime": 2}, "explain_analyze_plan": {"Plan": {"Node Type": "Aggregate", "Strategy": "Plain", "Startup Cost": 345988.79, "Total Cost": 345988.8, "Plan Rows": 1, "Plan Width": 113, "Actual Startup Time": 0.366, "Actual Total Time": 0.367, "Actual Rows": 1, "Actual Loops": 1, "Plans": [{"Node Type": "Nested Loop", "Parent Relationship": "Outer", "Join Type": "Inner", "Startup Cost": 0.0, "Total Cost": 343498.75, "Plan Rows": 332005, "Plan Width": 45, "Actual Startup Time": 0.343, "Actual Total Time": 0.353, "Actual Rows": 3, "Actual Loops": 1, "Inner Unique": false, "Join Filter": "(mc.company_type_id = ct.id), (LLVM Optimized)", "Rows Removed by Join Filter": 63, "Plans": [{"Node Type": "Index Scan", "Parent Relationship": "Outer", "Scan Direction": "Forward", "Index Name": "company_type_pkey", "Relation Name": "company_type", "Alias": "ct", "Startup Cost": 0.0, "Total Cost": 12.3, "Plan Rows": 1, "Plan Width": 4, "Actual Startup Time": 0.026, "Actual Total Time": 0.028, "Actual Rows": 1, "Actual Loops": 1, "Filter": "((kind)::text = 'production companies'::text)", "Rows Removed by Filter": 2}, {"Node Type": "Nested Loop", "Parent Relationship": "Inner", "Join Type": "Inner", "Startup Cost": 0.0, "Total Cost": 336621.46, "Plan Rows": 549199, "Plan Width": 49, "Actual Startup Time": 0.165, "Actual Total Time": 0.304, "Actual Rows": 66, "Actual Loops": 1, "Inner Unique": false, "Join Filter": "(t.id = mc.movie_id), (LLVM Optimized)", "Rows Removed by Join Filter": 0, "Plans": [{"Node Type": "Nested Loop", "Parent Relationship": "Outer", "Join Type": "Inner", "Startup Cost": 0.0, "Total Cost": 180704.42, "Plan Rows": 396404, "Plan Width": 29, "Actual Startup Time": 0.146, "Actual Total Time": 0.182, "Actual Rows": 4, "Actual Loops": 1, "Inner Unique": true, "Plans": [{"Node Type": "Nested Loop", "Parent Relationship": "Outer", "Join Type": "Inner", "Startup Cost": 0.0, "Total Cost": 38338.2, "Plan Rows": 345008, "Plan Width": 4, "Actual Startup Time": 0.088, "Actual Total Time": 0.097, "Actual Rows": 10, "Actual Loops": 1, "Inner Unique": false, "Plans": [{"Node Type": "Index Scan", "Parent Relationship": "Outer", "Scan Direction": "Forward", "Index Name": "info_type_pkey", "Relation Name": "info_type", "Alias": "it", "Startup Cost": 0.0, "Total Cost": 14.21, "Plan Rows": 1, "Plan Width": 4, "Actual Startup Time": 0.068, "Actual Total Time": 0.069, "Actual Rows": 1, "Actual Loops": 1, "Filter": "((info)::text = 'bottom 10 rank'::text)", "Rows Removed by Filter": 111}, {"Node Type": "Index Scan", "Parent Relationship": "Inner", "Scan Direction": "Forward", "Index Name": "info_type_id_movie_info_idx", "Relation Name": "movie_info_idx", "Alias": "mi_idx", "Startup Cost": 0.0, "Total Cost": 34873.91, "Plan Rows": 345008, "Plan Width": 8, "Actual Startup Time": 0.017, "Actual Total Time": 0.022, "Actual Rows": 10, "Actual Loops": 1, "Index Cond": "(info_type_id = it.id), (LLVM Optimized)", "Rows Removed by Index Recheck": 0}]}, {"Node Type": "Index Scan", "Parent Relationship": "Inner", "Scan Direction": "Forward", "Index Name": "title_pkey", "Relation Name": "title", "Alias": "t", "Startup Cost": 0.0, "Total Cost": 0.4, "Plan Rows": 1, "Plan Width": 25, "Actual Startup Time": 0.076, "Actual Total Time": 0.076, "Actual Rows": 4, "Actual Loops": 10, "Index Cond": "(id = mi_idx.movie_id)", "Rows Removed by Index Recheck": 0, "Filter": "((production_year >= 2005) AND (production_year <= 2010))", "Rows Removed by Filter": 6}]}, {"Node Type": "Index Scan", "Parent Relationship": "Inner", "Scan Direction": "Forward", "Index Name": "movie_id_movie_companies", "Relation Name": "movie_companies", "Alias": "mc", "Startup Cost": 0.0, "Total Cost": 0.37, "Plan Rows": 2, "Plan Width": 32, "Actual Startup Time": 0.04, "Actual Total Time": 0.094, "Actual Rows": 66, "Actual Loops": 4, "Index Cond": "(movie_id = mi_idx.movie_id)", "Rows Removed by Index Recheck": 0, "Filter": "((note)::text !~~ '%(as Metro-Goldwyn-Mayer Pictures)%'::text)", "Rows Removed by Filter": 7}]}]}]}, "Triggers": [], "Planner Runtime": 2.244, "Total Runtime": 10.27, "Unique SQL Id": 1162488282}}, "(1, '126')": {"explain_plan": {"Plan": {"Node Type": "Aggregate", "Strategy": "Plain", "Startup Cost": 11479091143.35, "Total Cost": 11479091143.36, "Plan Rows": 1, "Plan Width": 113, "Plans": [{"Node Type": "Nested Loop", "Parent Relationship": "Outer", "Join Type": "Inner", "Startup Cost": 2083.5, "Total Cost": 11479088653.31, "Plan Rows": 332005, "Plan Width": 45, "Inner Unique": false, "Join Filter": "(mc.movie_id = t.id), (LLVM Optimized)", "Plans": [{"Node Type": "Nested Loop", "Parent Relationship": "Outer", "Join Type": "Inner", "Startup Cost": 0.0, "Total Cost": 80954.08, "Plan Rows": 1304518, "Plan Width": 28, "Inner Unique": false, "Join Filter": "(ct.id = mc.company_type_id), (LLVM Optimized)", "Plans": [{"Node Type": "Seq Scan", "Parent Relationship": "Outer", "Relation Name": "company_type", "Alias": "ct", "Startup Cost": 0.0, "Total Cost": 1.04, "Plan Rows": 1, "Plan Width": 4, "Filter": "((kind)::text = 'production companies'::text)"}, {"Node Type": "Seq Scan", "Parent Relationship": "Inner", "Relation Name": "movie_companies", "Alias": "mc", "Startup Cost": 0.0, "Total Cost": 48340.1, "Plan Rows": 2609035, "Plan Width": 32, "Filter": "((note)::text !~~ '%(as Metro-Goldwyn-Mayer Pictures)%'::text), (LLVM Optimized)"}]}, {"Node Type": "Materialize", "Parent Relationship": "Inner", "Startup Cost": 2083.5, "Total Cost": 3722266391.17, "Plan Rows": 396404, "Plan Width": 29, "Plans": [{"Node Type": "Nested Loop", "Parent Relationship": "Outer", "Join Type": "Inner", "Startup Cost": 2083.5, "Total Cost": 3722264409.15, "Plan Rows": 396404, "Plan Width": 29, "Inner Unique": false, "Join Filter": "(mi_idx.movie_id = t.id), (LLVM Optimized)", "Plans": [{"Node Type": "Seq Scan", "Parent Relationship": "Outer", "Relation Name": "title", "Alias": "t", "Startup Cost": 2083.5, "Total Cost": 72710.67, "Plan Rows": 719240, "Plan Width": 25, "Filter": "((production_year >= 2005) AND (production_year <= 2010)), (LLVM Optimized)"}, {"Node Type": "Materialize", "Parent Relationship": "Inner", "Startup Cost": 0.0, "Total Cost": 39252.21, "Plan Rows": 345008, "Plan Width": 4, "Plans": [{"Node Type": "Nested Loop", "Parent Relationship": "Outer", "Join Type": "Inner", "Startup Cost": 0.0, "Total Cost": 37527.17, "Plan Rows": 345008, "Plan Width": 4, "Inner Unique": false, "Join Filter": "(it.id = mi_idx.info_type_id), (LLVM Optimized)", "Plans": [{"Node Type": "Seq Scan", "Parent Relationship": "Outer", "Relation Name": "info_type", "Alias": "it", "Startup Cost": 0.0, "Total Cost": 2.4, "Plan Rows": 1, "Plan Width": 4, "Filter": "((info)::text = 'bottom 10 rank'::text)"}, {"Node Type": "Seq Scan", "Parent Relationship": "Inner", "Relation Name": "movie_info_idx", "Alias": "mi_idx", "Startup Cost": 0.0, "Total Cost": 20274.34, "Plan Rows": 1380034, "Plan Width": 8}]}]}]}]}]}]}, "Unique SQL Id": 1162488282, "Planner Runtime": 2}, "explain_analyze_plan": {"Plan": {"Node Type": "Aggregate", "Strategy": "Plain", "Startup Cost": 11479091143.35, "Total Cost": 11479091143.36, "Plan Rows": 1, "Plan Width": 113, "Actual Startup Time": 4765.239, "Actual Total Time": 4765.24, "Actual Rows": 1, "Actual Loops": 1, "Plans": [{"Node Type": "Nested Loop", "Parent Relationship": "Outer", "Join Type": "Inner", "Startup Cost": 2083.5, "Total Cost": 11479088653.31, "Plan Rows": 332005, "Plan Width": 45, "Actual Startup Time": 4482.655, "Actual Total Time": 4765.19, "Actual Rows": 3, "Actual Loops": 1, "Inner Unique": false, "Join Filter": "(mc.movie_id = t.id), (LLVM Optimized, Jit Execute)", "Rows Removed by Join Filter": 563613, "Plans": [{"Node Type": "Nested Loop", "Parent Relationship": "Outer", "Join Type": "Inner", "Startup Cost": 0.0, "Total Cost": 80954.08, "Plan Rows": 1304518, "Plan Width": 28, "Actual Startup Time": 853.396, "Actual Total Time": 1229.962, "Actual Rows": 140904, "Actual Loops": 1, "Inner Unique": false, "Join Filter": "(ct.id = mc.company_type_id), (LLVM Optimized, Jit Execute)", "Rows Removed by Join Filter": 1196183, "Plans": [{"Node Type": "Seq Scan", "Parent Relationship": "Outer", "Relation Name": "company_type", "Alias": "ct", "Startup Cost": 0.0, "Total Cost": 1.04, "Plan Rows": 1, "Plan Width": 4, "Actual Startup Time": 0.019, "Actual Total Time": 0.027, "Actual Rows": 1, "Actual Loops": 1, "Filter": "((kind)::text = 'production companies'::text)", "Rows Removed by Filter": 2}, {"Node Type": "Seq Scan", "Parent Relationship": "Inner", "Relation Name": "movie_companies", "Alias": "mc", "Startup Cost": 0.0, "Total Cost": 48340.1, "Plan Rows": 2609035, "Plan Width": 32, "Actual Startup Time": 0.036, "Actual Total Time": 960.054, "Actual Rows": 1337087, "Actual Loops": 1, "Filter": "((note)::text !~~ '%(as Metro-Goldwyn-Mayer Pictures)%'::text), (LLVM Optimized, Jit Execute)", "Rows Removed by Filter": 1272041}]}, {"Node Type": "Materialize", "Parent Relationship": "Inner", "Startup Cost": 2083.5, "Total Cost": 3722266391.17, "Plan Rows": 396404, "Plan Width": 29, "Actual Startup Time": 2618.048, "Actual Total Time": 3415.373, "Actual Rows": 563616, "Actual Loops": 140904, "Plans": [{"Node Type": "Nested Loop", "Parent Relationship": "Outer", "Join Type": "Inner", "Startup Cost": 2083.5, "Total Cost": 3722264409.15, "Plan Rows": 396404, "Plan Width": 29, "Actual Startup Time": 2606.479, "Actual Total Time": 3355.662, "Actual Rows": 4, "Actual Loops": 1, "Inner Unique": false, "Join Filter": "(mi_idx.movie_id = t.id), (LLVM Optimized, Jit Execute)", "Rows Removed by Join Filter": 7162586, "Plans": [{"Node Type": "Seq Scan", "Parent Relationship": "Outer", "Relation Name": "title", "Alias": "t", "Startup Cost": 2083.5, "Total Cost": 72710.67, "Plan Rows": 719240, "Plan Width": 25, "Actual Startup Time": 0.029, "Actual Total Time": 835.29, "Actual Rows": 716259, "Actual Loops": 1, "Filter": "((production_year >= 2005) AND (production_year <= 2010)), (LLVM Optimized, Jit Execute)", "Rows Removed by Filter": 1812052}, {"Node Type": "Materialize", "Parent Relationship": "Inner", "Startup Cost": 0.0, "Total Cost": 39252.21, "Plan Rows": 345008, "Plan Width": 4, "Actual Startup Time": 601.386, "Actual Total Time": 1207.796, "Actual Rows": 7162590, "Actual Loops": 716259, "Plans": [{"Node Type": "Nested Loop", "Parent Relationship": "Outer", "Join Type": "Inner", "Startup Cost": 0.0, "Total Cost": 37527.17, "Plan Rows": 345008, "Plan Width": 4, "Actual Startup Time": 541.463, "Actual Total Time": 541.483, "Actual Rows": 10, "Actual Loops": 1, "Inner Unique": false, "Join Filter": "(it.id = mi_idx.info_type_id), (LLVM Optimized, Jit Execute)", "Rows Removed by Join Filter": 1380024, "Plans": [{"Node Type": "Seq Scan", "Parent Relationship": "Outer", "Relation Name": "info_type", "Alias": "it", "Startup Cost": 0.0, "Total Cost": 2.4, "Plan Rows": 1, "Plan Width": 4, "Actual Startup Time": 0.083, "Actual Total Time": 0.097, "Actual Rows": 1, "Actual Loops": 1, "Filter": "((info)::text = 'bottom 10 rank'::text)", "Rows Removed by Filter": 111}, {"Node Type": "Seq Scan", "Parent Relationship": "Inner", "Relation Name": "movie_info_idx", "Alias": "mi_idx", "Startup Cost": 0.0, "Total Cost": 20274.34, "Plan Rows": 1380034, "Plan Width": 8, "Actual Startup Time": 0.057, "Actual Total Time": 298.69, "Actual Rows": 1380034, "Actual Loops": 1}]}]}]}]}]}]}, "Triggers": [], "Planner Runtime": 2.231, "Total Runtime": 4776.13, "Unique SQL Id": 1162488282}}, "(1, '127')": {"explain_plan": {"Plan": {"Node Type": "Aggregate", "Strategy": "Plain", "Startup Cost": 5011509592906.65, "Total Cost": 5011509592906.66, "Plan Rows": 1, "Plan Width": 113, "Plans": [{"Node Type": "Nested Loop", "Parent Relationship": "Outer", "Join Type": "Inner", "Startup Cost": 50000000000.0, "Total Cost": 5011509590416.61, "Plan Rows": 332005, "Plan Width": 45, "Inner Unique": false, "Join Filter": "(mc.movie_id = t.id), (LLVM Optimized)", "Plans": [{"Node Type": "Nested Loop", "Parent Relationship": "Outer", "Join Type": "Inner", "Startup Cost": 20000000000.0, "Total Cost": 2000013744593.91, "Plan Rows": 1304518, "Plan Width": 28, "Inner Unique": true, "Join Filter": "(ct.id = mc.company_type_id), (LLVM Optimized)", "Plans": [{"Node Type": "Index Scan", "Parent Relationship": "Outer", "Scan Direction": "Forward", "Index Name": "movie_id_movie_companies", "Relation Name": "movie_companies", "Alias": "mc", "Startup Cost": 10000000000.0, "Total Cost": 1000013704228.13, "Plan Rows": 2609035, "Plan Width": 32, "Filter": "((note)::text !~~ '%(as Metro-Goldwyn-Mayer Pictures)%'::text), (LLVM Optimized)"}, {"Node Type": "Materialize", "Parent Relationship": "Inner", "Startup Cost": 10000000000.0, "Total Cost": 1000000001230.26, "Plan Rows": 1, "Plan Width": 4, "Plans": [{"Node Type": "Index Scan", "Parent Relationship": "Outer", "Scan Direction": "Forward", "Index Name": "company_type_pkey", "Relation Name": "company_type", "Alias": "ct", "Startup Cost": 10000000000.0, "Total Cost": 1000000001230.25, "Plan Rows": 1, "Plan Width": 4, "Filter": "((kind)::text = 'production companies'::text)"}]}]}, {"Node Type": "Materialize", "Parent Relationship": "Inner", "Startup Cost": 30000000000.0, "Total Cost": 3003739104514.63, "Plan Rows": 396404, "Plan Width": 29, "Plans": [{"Node Type": "Nested Loop", "Parent Relationship": "Outer", "Join Type": "Inner", "Startup Cost": 30000000000.0, "Total Cost": 3003739102532.61, "Plan Rows": 396404, "Plan Width": 29, "Inner Unique": false, "Join Filter": "(mi_idx.movie_id = t.id), (LLVM Optimized)", "Plans": [{"Node Type": "Index Scan", "Parent Relationship": "Outer", "Scan Direction": "Forward", "Index Name": "title_pkey", "Relation Name": "title", "Alias": "t", "Startup Cost": 10000000000.0, "Total Cost": 1000012276204.41, "Plan Rows": 719240, "Plan Width": 25, "Filter": "((production_year >= 2005) AND (production_year <= 2010)), (LLVM Optimized)"}, {"Node Type": "Materialize", "Parent Relationship": "Inner", "Startup Cost": 20000000000.0, "Total Cost": 2000004673881.92, "Plan Rows": 345008, "Plan Width": 4, "Plans": [{"Node Type": "Nested Loop", "Parent Relationship": "Outer", "Join Type": "Inner", "Startup Cost": 20000000000.0, "Total Cost": 2000004672156.88, "Plan Rows": 345008, "Plan Width": 4, "Inner Unique": true, "Join Filter": "(it.id = mi_idx.info_type_id), (LLVM Optimized)", "Plans": [{"Node Type": "Index Scan", "Parent Relationship": "Outer", "Scan Direction": "Forward", "Index Name": "movie_id_movie_info_idx", "Relation Name": "movie_info_idx", "Alias": "mi_idx", "Startup Cost": 10000000000.0, "Total Cost": 1000004650035.37, "Plan Rows": 1380034, "Plan Width": 8}, {"Node Type": "Materialize", "Parent Relationship": "Inner", "Startup Cost": 10000000000.0, "Total Cost": 1000000001421.0, "Plan Rows": 1, "Plan Width": 4, "Plans": [{"Node Type": "Index Scan", "Parent Relationship": "Outer", "Scan Direction": "Forward", "Index Name": "info_type_pkey", "Relation Name": "info_type", "Alias": "it", "Startup Cost": 10000000000.0, "Total Cost": 1000000001421.0, "Plan Rows": 1, "Plan Width": 4, "Filter": "((info)::text = 'bottom 10 rank'::text)"}]}]}]}]}]}]}]}, "Unique SQL Id": 1162488282, "Planner Runtime": 2}, "explain_analyze_plan": null}, "(16, '0')": {"explain_plan": {"Plan": {"Node Type": "Aggregate", "Strategy": "Plain", "Startup Cost": 153893.9, "Total Cost": 153893.91, "Plan Rows": 1, "Plan Width": 113, "Plans": [{"Node Type": "Hash Join", "Parent Relationship": "Outer", "Join Type": "Inner", "Startup Cost": 76011.59, "Total Cost": 150537.88, "Plan Rows": 447470, "Plan Width": 45, "Inner Unique": false, "Hash Cond": "(mc.movie_id = t.id), (LLVM Optimized)", "Plans": [{"Node Type": "Streaming(type: LOCAL GATHER dop: 1/16)", "Parent Relationship": "Outer", "Startup Cost": 0.0, "Total Cost": 63215.1, "Plan Rows": 1304518, "Plan Width": 28, "Plans": [{"Node Type": "Nested Loop", "Parent Relationship": "Outer", "Join Type": "Inner", "Startup Cost": 0.0, "Total Cost": 35060.95, "Plan Rows": 1304518, "Plan Width": 28, "Inner Unique": false, "Join Filter": "(ct.id = mc.company_type_id), (LLVM Optimized)", "Plans": [{"Node Type": "Streaming(type: BROADCAST dop: 16/1)", "Parent Relationship": "Outer", "Startup Cost": 0.0, "Total Cost": 15001.38, "Plan Rows": 16, "Plan Width": 4, "Plans": [{"Node Type": "Seq Scan", "Parent Relationship": "Outer", "Relation Name": "company_type", "Alias": "ct", "Startup Cost": 0.0, "Total Cost": 1.04, "Plan Rows": 1, "Plan Width": 4, "Filter": "((kind)::text = 'production companies'::text)"}]}, {"Node Type": "Seq Scan", "Parent Relationship": "Inner", "Relation Name": "movie_companies", "Alias": "mc", "Startup Cost": 0.0, "Total Cost": 18021.26, "Plan Rows": 2609035, "Plan Width": 32, "Filter": "((note)::text !~~ '%(as Metro-Goldwyn-Mayer Pictures)%'::text), (LLVM Optimized)"}]}]}, {"Node Type": "Hash", "Parent Relationship": "Inner", "Startup Cost": 71056.54, "Total Cost": 71056.54, "Plan Rows": 396404, "Plan Width": 29, "Plans": [{"Node Type": "Hash Join", "Parent Relationship": "Outer", "Join Type": "Inner", "Startup Cost": 51559.64, "Total Cost": 71056.54, "Plan Rows": 396404, "Plan Width": 29, "Inner Unique": true, "Hash Cond": "(mi_idx.movie_id = t.id), (LLVM Optimized)", "Plans": [{"Node Type": "Nested Loop", "Parent Relationship": "Outer", "Join Type": "Inner", "Startup Cost": 7502.06, "Total Cost": 21741.14, "Plan Rows": 345008, "Plan Width": 4, "Inner Unique": false, "Plans": [{"Node Type": "Seq Scan", "Parent Relationship": "Outer", "Relation Name": "info_type", "Alias": "it", "Startup Cost": 0.0, "Total Cost": 2.4, "Plan Rows": 1, "Plan Width": 4, "Filter": "((info)::text = 'bottom 10 rank'::text)"}, {"Node Type": "Bitmap Heap Scan", "Parent Relationship": "Inner", "Relation Name": "movie_info_idx", "Alias": "mi_idx", "Startup Cost": 7502.06, "Total Cost": 18288.66, "Plan Rows": 345008, "Plan Width": 8, "Recheck Cond": "(info_type_id = it.id), (LLVM Optimized)", "Plans": [{"Node Type": "Bitmap Index Scan", "Parent Relationship": "Outer", "Index Name": "info_type_id_movie_info_idx", "Startup Cost": 0.0, "Total Cost": 7415.81, "Plan Rows": 345008, "Plan Width": 0, "Index Cond": "(info_type_id = it.id)"}]}]}, {"Node Type": "Hash", "Parent Relationship": "Inner", "Startup Cost": 35067.08, "Total Cost": 35067.08, "Plan Rows": 719240, "Plan Width": 25, "Plans": [{"Node Type": "Streaming(type: LOCAL GATHER dop: 1/16)", "Parent Relationship": "Outer", "Startup Cost": 554.15, "Total Cost": 35067.08, "Plan Rows": 719240, "Plan Width": 25, "Plans": [{"Node Type": "Seq Scan", "Parent Relationship": "Outer", "Relation Name": "title", "Alias": "t", "Startup Cost": 554.15, "Total Cost": 19544.42, "Plan Rows": 719240, "Plan Width": 25, "Filter": "((production_year >= 2005) AND (production_year <= 2010)), (LLVM Optimized)"}]}]}]}]}]}]}, "Unique SQL Id": 1162488282, "Planner Runtime": 25}, "explain_analyze_plan": {"Plan": {"Node Type": "Aggregate", "Strategy": "Plain", "Startup Cost": 153893.9, "Total Cost": 153893.91, "Plan Rows": 1, "Plan Width": 113, "Actual Min Startup Time": 562.649, "Actual Max Startup Time": 562.649, "Actual Min Total Time": 562.649, "Actual Max Total Time": 562.649, "Plans": [{"Node Type": "Hash Join", "Parent Relationship": "Outer", "Join Type": "Inner", "Startup Cost": 76011.59, "Total Cost": 150537.88, "Plan Rows": 447470, "Plan Width": 45, "Actual Min Startup Time": 521.781, "Actual Max Startup Time": 521.781, "Actual Min Total Time": 562.618, "Actual Max Total Time": 562.618, "Inner Unique": false, "Hash Cond": "(mc.movie_id = t.id), (LLVM Optimized, Jit Execute)", "Plans": [{"Node Type": "Streaming(type: LOCAL GATHER dop: 1/16)", "Parent Relationship": "Outer", "Startup Cost": 0.0, "Total Cost": 63215.1, "Plan Rows": 1304518, "Plan Width": 28, "Actual Min Startup Time": 0.063, "Actual Max Startup Time": 0.063, "Actual Min Total Time": 59.337, "Actual Max Total Time": 59.337, "Plans": [{"Node Type": "Nested Loop", "Parent Relationship": "Outer", "Join Type": "Inner", "Startup Cost": 0.0, "Total Cost": 35060.95, "Plan Rows": 1304518, "Plan Width": 28, "Actual Min Startup Time": 49.704, "Actual Max Startup Time": 58.509, "Actual Min Total Time": 72.212, "Actual Max Total Time": 85.235, "Inner Unique": false, "Join Filter": "(ct.id = mc.company_type_id), (LLVM Optimized, Jit Execute)", "Rows Removed by Join Filter": 1196183, "Plans": [{"Node Type": "Streaming(type: BROADCAST dop: 16/1)", "Parent Relationship": "Outer", "Startup Cost": 0.0, "Total Cost": 15001.38, "Plan Rows": 16, "Plan Width": 4, "Actual Min Startup Time": 0.002, "Actual Max Startup Time": 0.008, "Actual Min Total Time": 0.003, "Actual Max Total Time": 0.011, "Plans": [{"Node Type": "Seq Scan", "Parent Relationship": "Outer", "Relation Name": "company_type", "Alias": "ct", "Startup Cost": 0.0, "Total Cost": 1.04, "Plan Rows": 1, "Plan Width": 4, "Actual Min Startup Time": 0.033, "Actual Max Startup Time": 0.033, "Actual Min Total Time": 0.037, "Actual Max Total Time": 0.037, "Filter": "((kind)::text = 'production companies'::text)", "Rows Removed by Filter": 2, "Actual Rows": 1}], "Actual Rows": 16}, {"Node Type": "Seq Scan", "Parent Relationship": "Inner", "Relation Name": "movie_companies", "Alias": "mc", "Startup Cost": 0.0, "Total Cost": 18021.26, "Plan Rows": 2609035, "Plan Width": 32, "Actual Min Startup Time": 0.031, "Actual Max Startup Time": 0.064, "Actual Min Total Time": 57.264, "Actual Max Total Time": 67.087, "Filter": "((note)::text !~~ '%(as Metro-Goldwyn-Mayer Pictures)%'::text), (LLVM Optimized, Jit Execute)", "Rows Removed by Filter": 1272041, "Actual Rows": 1337087}], "Actual Rows": 140904}], "Actual Rows": 140904}, {"Node Type": "Hash", "Parent Relationship": "Inner", "Startup Cost": 71056.54, "Total Cost": 71056.54, "Plan Rows": 396404, "Plan Width": 29, "Actual Min Startup Time": 475.401, "Actual Max Startup Time": 475.401, "Actual Min Total Time": 475.401, "Actual Max Total Time": 475.401, "Max Hash Buckets": 524288, "Min Hash Buckets": 524288, "Max Hash Batches": 1, "Min Hash Batches": 1, "Max Original Hash Batches": 1, "Min Original Hash Batches": 1, "Max Peak Memory Usage": 1, "min Peak Memory Usage": 1, "Plans": [{"Node Type": "Hash Join", "Parent Relationship": "Outer", "Join Type": "Inner", "Startup Cost": 51559.64, "Total Cost": 71056.54, "Plan Rows": 396404, "Plan Width": 29, "Actual Min Startup Time": 475.377, "Actual Max Startup Time": 475.377, "Actual Min Total Time": 475.385, "Actual Max Total Time": 475.385, "Inner Unique": true, "Hash Cond": "(mi_idx.movie_id = t.id), (LLVM Optimized, Jit Execute)", "Plans": [{"Node Type": "Nested Loop", "Parent Relationship": "Outer", "Join Type": "Inner", "Startup Cost": 7502.06, "Total Cost": 21741.14, "Plan Rows": 345008, "Plan Width": 4, "Actual Min Startup Time": 0.141, "Actual Max Startup Time": 0.141, "Actual Min Total Time": 0.146, "Actual Max Total Time": 0.146, "Inner Unique": false, "Plans": [{"Node Type": "Seq Scan", "Parent Relationship": "Outer", "Relation Name": "info_type", "Alias": "it", "Startup Cost": 0.0, "Total Cost": 2.4, "Plan Rows": 1, "Plan Width": 4, "Actual Min Startup Time": 0.074, "Actual Max Startup Time": 0.074, "Actual Min Total Time": 0.077, "Actual Max Total Time": 0.077, "Filter": "((info)::text = 'bottom 10 rank'::text)", "Rows Removed by Filter": 111, "Actual Rows": 1}, {"Node Type": "Bitmap Heap Scan", "Parent Relationship": "Inner", "Relation Name": "movie_info_idx", "Alias": "mi_idx", "Startup Cost": 7502.06, "Total Cost": 18288.66, "Plan Rows": 345008, "Plan Width": 8, "Actual Min Startup Time": 0.047, "Actual Max Startup Time": 0.047, "Actual Min Total Time": 0.047, "Actual Max Total Time": 0.047, "Recheck Cond": "(info_type_id = it.id), (LLVM Optimized, Jit Execute)", "Rows Removed by Index Recheck": 0, "Exact Heap Blocks": 1, "Lossy Heap Blocks": 1, "Plans": [{"Node Type": "Bitmap Index Scan", "Parent Relationship": "Outer", "Index Name": "info_type_id_movie_info_idx", "Startup Cost": 0.0, "Total Cost": 7415.81, "Plan Rows": 345008, "Plan Width": 0, "Actual Min Startup Time": 0.03, "Actual Max Startup Time": 0.03, "Actual Min Total Time": 0.03, "Actual Max Total Time": 0.03, "Index Cond": "(info_type_id = it.id)", "Actual Rows": 10}], "Actual Rows": 10}], "Actual Rows": 10}, {"Node Type": "Hash", "Parent Relationship": "Inner", "Startup Cost": 35067.08, "Total Cost": 35067.08, "Plan Rows": 719240, "Plan Width": 25, "Actual Min Startup Time": 474.501, "Actual Max Startup Time": 474.501, "Actual Min Total Time": 474.501, "Actual Max Total Time": 474.501, "Max Hash Buckets": 1048576, "Min Hash Buckets": 1048576, "Max Hash Batches": 1, "Min Hash Batches": 1, "Max Original Hash Batches": 1, "Min Original Hash Batches": 1, "Max Peak Memory Usage": 41052, "min Peak Memory Usage": 41052, "Plans": [{"Node Type": "Streaming(type: LOCAL GATHER dop: 1/16)", "Parent Relationship": "Outer", "Startup Cost": 554.15, "Total Cost": 35067.08, "Plan Rows": 719240, "Plan Width": 25, "Actual Min Startup Time": 65.362, "Actual Max Startup Time": 65.362, "Actual Min Total Time": 280.689, "Actual Max Total Time": 280.689, "Plans": [{"Node Type": "Seq Scan", "Parent Relationship": "Outer", "Relation Name": "title", "Alias": "t", "Startup Cost": 554.15, "Total Cost": 19544.42, "Plan Rows": 719240, "Plan Width": 25, "Actual Min Startup Time": 0.028, "Actual Max Startup Time": 0.05, "Actual Min Total Time": 63.439, "Actual Max Total Time": 72.425, "Filter": "((production_year >= 2005) AND (production_year <= 2010)), (LLVM Optimized, Jit Execute)", "Rows Removed by Filter": 1812052, "Actual Rows": 716259}], "Actual Rows": 716259}], "Actual Rows": 716259}], "Actual Rows": 4}], "Actual Rows": 4}], "Actual Rows": 3}], "Actual Rows": 1}, "Triggers": [], "Planner Runtime": 24.89, "Total Runtime": 580.14, "Unique SQL Id": 1162488282}}, "(16, '1')": {"explain_plan": {"Plan": {"Node Type": "Aggregate", "Strategy": "Plain", "Startup Cost": 234364.58, "Total Cost": 234364.61, "Plan Rows": 1, "Plan Width": 113, "Plans": [{"Node Type": "Streaming(type: LOCAL GATHER dop: 1/16)", "Parent Relationship": "Outer", "Startup Cost": 234364.58, "Total Cost": 234364.61, "Plan Rows": 1, "Plan Width": 113, "Plans": [{"Node Type": "Aggregate", "Strategy": "Plain", "Parent Relationship": "Outer", "Startup Cost": 234364.58, "Total Cost": 234364.59, "Plan Rows": 1, "Plan Width": 113, "Plans": [{"Node Type": "Nested Loop", "Parent Relationship": "Outer", "Join Type": "Inner", "Startup Cost": 163514.97, "Total Cost": 231008.55, "Plan Rows": 447470, "Plan Width": 45, "Inner Unique": false, "Join Filter": "(mc.company_type_id = ct.id), (LLVM Optimized)", "Plans": [{"Node Type": "Streaming(type: BROADCAST dop: 16/1)", "Parent Relationship": "Outer", "Startup Cost": 0.0, "Total Cost": 15012.65, "Plan Rows": 16, "Plan Width": 4, "Plans": [{"Node Type": "Index Scan", "Parent Relationship": "Outer", "Scan Direction": "Forward", "Index Name": "company_type_pkey", "Relation Name": "company_type", "Alias": "ct", "Startup Cost": 0.0, "Total Cost": 12.3, "Plan Rows": 1, "Plan Width": 4, "Filter": "((kind)::text = 'production companies'::text)"}]}, {"Node Type": "Materialize", "Parent Relationship": "Inner", "Startup Cost": 163514.97, "Total Cost": 216939.84, "Plan Rows": 549199, "Plan Width": 49, "Plans": [{"Node Type": "Hash Join", "Parent Relationship": "Outer", "Join Type": "Inner", "Startup Cost": 163514.97, "Total Cost": 215566.84, "Plan Rows": 549199, "Plan Width": 49, "Inner Unique": false, "Hash Cond": "(t.id = mc.movie_id), (LLVM Optimized)", "Plans": [{"Node Type": "Streaming(type: LOCAL REDISTRIBUTE dop: 16/1)", "Parent Relationship": "Outer", "Startup Cost": 134222.89, "Total Cost": 185214.89, "Plan Rows": 396404, "Plan Width": 29, "Plans": [{"Node Type": "Hash Join", "Parent Relationship": "Outer", "Join Type": "Inner", "Startup Cost": 134222.89, "Total Cost": 153731.6, "Plan Rows": 396404, "Plan Width": 29, "Inner Unique": true, "Hash Cond": "(mi_idx.movie_id = t.id), (LLVM Optimized)", "Plans": [{"Node Type": "Nested Loop", "Parent Relationship": "Outer", "Join Type": "Inner", "Startup Cost": 7502.06, "Total Cost": 21752.95, "Plan Rows": 345008, "Plan Width": 4, "Inner Unique": false, "Plans": [{"Node Type": "Index Scan", "Parent Relationship": "Outer", "Scan Direction": "Forward", "Index Name": "info_type_pkey", "Relation Name": "info_type", "Alias": "it", "Startup Cost": 0.0, "Total Cost": 14.21, "Plan Rows": 1, "Plan Width": 4, "Filter": "((info)::text = 'bottom 10 rank'::text)"}, {"Node Type": "Bitmap Heap Scan", "Parent Relationship": "Inner", "Relation Name": "movie_info_idx", "Alias": "mi_idx", "Startup Cost": 7502.06, "Total Cost": 18288.66, "Plan Rows": 345008, "Plan Width": 8, "Recheck Cond": "(info_type_id = it.id), (LLVM Optimized)", "Plans": [{"Node Type": "Bitmap Index Scan", "Parent Relationship": "Outer", "Index Name": "info_type_id_movie_info_idx", "Startup Cost": 0.0, "Total Cost": 7415.81, "Plan Rows": 345008, "Plan Width": 0, "Index Cond": "(info_type_id = it.id)"}]}]}, {"Node Type": "Hash", "Parent Relationship": "Inner", "Startup Cost": 117730.33, "Total Cost": 117730.33, "Plan Rows": 719240, "Plan Width": 25, "Plans": [{"Node Type": "Streaming(type: LOCAL GATHER dop: 1/16)", "Parent Relationship": "Outer", "Startup Cost": 0.0, "Total Cost": 117730.33, "Plan Rows": 719240, "Plan Width": 25, "Plans": [{"Node Type": "Index Scan", "Parent Relationship": "Outer", "Scan Direction": "Forward", "Index Name": "title_pkey", "Relation Name": "title", "Alias": "t", "Startup Cost": 0.0, "Total Cost": 102207.67, "Plan Rows": 719240, "Plan Width": 25, "Filter": "((production_year >= 2005) AND (production_year <= 2010)), (LLVM Optimized)"}]}]}]}]}, {"Node Type": "Hash", "Parent Relationship": "Inner", "Startup Cost": 109015.07, "Total Cost": 109015.07, "Plan Rows": 2609035, "Plan Width": 32, "Plans": [{"Node Type": "Streaming(type: LOCAL REDISTRIBUTE dop: 16/16)", "Parent Relationship": "Outer", "Startup Cost": 0.0, "Total Cost": 109015.07, "Plan Rows": 2609035, "Plan Width": 32, "Plans": [{"Node Type": "Index Scan", "Parent Relationship": "Outer", "Scan Direction": "Forward", "Index Name": "company_type_id_movie_companies", "Relation Name": "movie_companies", "Alias": "mc", "Startup Cost": 0.0, "Total Cost": 84129.27, "Plan Rows": 2609035, "Plan Width": 32, "Filter": "((note)::text !~~ '%(as Metro-Goldwyn-Mayer Pictures)%'::text), (LLVM Optimized)"}]}]}]}]}]}]}]}]}, "Unique SQL Id": 1162488282, "Planner Runtime": 20}, "explain_analyze_plan": {"Plan": {"Node Type": "Aggregate", "Strategy": "Plain", "Startup Cost": 234364.58, "Total Cost": 234364.61, "Plan Rows": 1, "Plan Width": 113, "Actual Min Startup Time": 724.893, "Actual Max Startup Time": 724.893, "Actual Min Total Time": 724.893, "Actual Max Total Time": 724.893, "Plans": [{"Node Type": "Streaming(type: LOCAL GATHER dop: 1/16)", "Parent Relationship": "Outer", "Startup Cost": 234364.58, "Total Cost": 234364.61, "Plan Rows": 1, "Plan Width": 113, "Actual Min Startup Time": 724.735, "Actual Max Startup Time": 724.735, "Actual Min Total Time": 724.874, "Actual Max Total Time": 724.874, "Plans": [{"Node Type": "Aggregate", "Strategy": "Plain", "Parent Relationship": "Outer", "Startup Cost": 234364.58, "Total Cost": 234364.59, "Plan Rows": 1, "Plan Width": 113, "Actual Min Startup Time": 554.683, "Actual Max Startup Time": 594.063, "Actual Min Total Time": 554.683, "Actual Max Total Time": 594.063, "Plans": [{"Node Type": "Nested Loop", "Parent Relationship": "Outer", "Join Type": "Inner", "Startup Cost": 163514.97, "Total Cost": 231008.55, "Plan Rows": 447470, "Plan Width": 45, "Actual Min Startup Time": 554.678, "Actual Max Startup Time": 594.056, "Actual Min Total Time": 554.678, "Actual Max Total Time": 594.056, "Inner Unique": false, "Join Filter": "(mc.company_type_id = ct.id), (LLVM Optimized)", "Rows Removed by Join Filter": 63, "Plans": [{"Node Type": "Streaming(type: BROADCAST dop: 16/1)", "Parent Relationship": "Outer", "Startup Cost": 0.0, "Total Cost": 15012.65, "Plan Rows": 16, "Plan Width": 4, "Actual Min Startup Time": 0.003, "Actual Max Startup Time": 0.007, "Actual Min Total Time": 0.003, "Actual Max Total Time": 0.008, "Plans": [{"Node Type": "Index Scan", "Parent Relationship": "Outer", "Scan Direction": "Forward", "Index Name": "company_type_pkey", "Relation Name": "company_type", "Alias": "ct", "Startup Cost": 0.0, "Total Cost": 12.3, "Plan Rows": 1, "Plan Width": 4, "Actual Min Startup Time": 0.048, "Actual Max Startup Time": 0.048, "Actual Min Total Time": 0.052, "Actual Max Total Time": 0.052, "Filter": "((kind)::text = 'production companies'::text)", "Rows Removed by Filter": 2, "Actual Rows": 1}], "Actual Rows": 16}, {"Node Type": "Materialize", "Parent Relationship": "Inner", "Startup Cost": 163514.97, "Total Cost": 216939.84, "Plan Rows": 549199, "Plan Width": 49, "Actual Min Startup Time": 553.877, "Actual Max Startup Time": 593.389, "Actual Min Total Time": 553.877, "Actual Max Total Time": 593.389, "Plans": [{"Node Type": "Hash Join", "Parent Relationship": "Outer", "Join Type": "Inner", "Startup Cost": 163514.97, "Total Cost": 215566.84, "Plan Rows": 549199, "Plan Width": 49, "Actual Min Startup Time": 553.872, "Actual Max Startup Time": 593.382, "Actual Min Total Time": 553.872, "Actual Max Total Time": 593.382, "Inner Unique": false, "Hash Cond": "(t.id = mc.movie_id), (LLVM Optimized)", "Plans": [{"Node Type": "Streaming(type: LOCAL REDISTRIBUTE dop: 16/1)", "Parent Relationship": "Outer", "Startup Cost": 134222.89, "Total Cost": 185214.89, "Plan Rows": 396404, "Plan Width": 29, "Actual Min Startup Time": 241.899, "Actual Max Startup Time": 241.967, "Actual Min Total Time": 241.899, "Actual Max Total Time": 241.967, "Plans": [{"Node Type": "Hash Join", "Parent Relationship": "Outer", "Join Type": "Inner", "Startup Cost": 134222.89, "Total Cost": 153731.6, "Plan Rows": 396404, "Plan Width": 29, "Actual Min Startup Time": 555.871, "Actual Max Startup Time": 555.871, "Actual Min Total Time": 555.879, "Actual Max Total Time": 555.879, "Inner Unique": true, "Hash Cond": "(mi_idx.movie_id = t.id), (LLVM Optimized)", "Plans": [{"Node Type": "Nested Loop", "Parent Relationship": "Outer", "Join Type": "Inner", "Startup Cost": 7502.06, "Total Cost": 21752.95, "Plan Rows": 345008, "Plan Width": 4, "Actual Min Startup Time": 0.179, "Actual Max Startup Time": 0.179, "Actual Min Total Time": 0.187, "Actual Max Total Time": 0.187, "Inner Unique": false, "Plans": [{"Node Type": "Index Scan", "Parent Relationship": "Outer", "Scan Direction": "Forward", "Index Name": "info_type_pkey", "Relation Name": "info_type", "Alias": "it", "Startup Cost": 0.0, "Total Cost": 14.21, "Plan Rows": 1, "Plan Width": 4, "Actual Min Startup Time": 0.124, "Actual Max Startup Time": 0.124, "Actual Min Total Time": 0.126, "Actual Max Total Time": 0.126, "Filter": "((info)::text = 'bottom 10 rank'::text)", "Rows Removed by Filter": 111, "Actual Rows": 1}, {"Node Type": "Bitmap Heap Scan", "Parent Relationship": "Inner", "Relation Name": "movie_info_idx", "Alias": "mi_idx", "Startup Cost": 7502.06, "Total Cost": 18288.66, "Plan Rows": 345008, "Plan Width": 8, "Actual Min Startup Time": 0.04, "Actual Max Startup Time": 0.04, "Actual Min Total Time": 0.044, "Actual Max Total Time": 0.044, "Recheck Cond": "(info_type_id = it.id), (LLVM Optimized)", "Rows Removed by Index Recheck": 0, "Exact Heap Blocks": 0, "Lossy Heap Blocks": 0, "Plans": [{"Node Type": "Bitmap Index Scan", "Parent Relationship": "Outer", "Index Name": "info_type_id_movie_info_idx", "Startup Cost": 0.0, "Total Cost": 7415.81, "Plan Rows": 345008, "Plan Width": 0, "Actual Min Startup Time": 0.025, "Actual Max Startup Time": 0.025, "Actual Min Total Time": 0.025, "Actual Max Total Time": 0.025, "Index Cond": "(info_type_id = it.id)", "Actual Rows": 10}], "Actual Rows": 10}], "Actual Rows": 10}, {"Node Type": "Hash", "Parent Relationship": "Inner", "Startup Cost": 117730.33, "Total Cost": 117730.33, "Plan Rows": 719240, "Plan Width": 25, "Actual Min Startup Time": 554.923, "Actual Max Startup Time": 554.923, "Actual Min Total Time": 554.923, "Actual Max Total Time": 554.923, "Max Hash Buckets": 1048576, "Min Hash Buckets": 1048576, "Max Hash Batches": 1, "Min Hash Batches": 1, "Max Original Hash Batches": 1, "Min Original Hash Batches": 1, "Max Peak Memory Usage": 41052, "min Peak Memory Usage": 41052, "Plans": [{"Node Type": "Streaming(type: LOCAL GATHER dop: 1/16)", "Parent Relationship": "Outer", "Startup Cost": 0.0, "Total Cost": 117730.33, "Plan Rows": 719240, "Plan Width": 25, "Actual Min Startup Time": 7.786, "Actual Max Startup Time": 7.786, "Actual Min Total Time": 324.497, "Actual Max Total Time": 324.497, "Plans": [{"Node Type": "Index Scan", "Parent Relationship": "Outer", "Scan Direction": "Forward", "Index Name": "title_pkey", "Relation Name": "title", "Alias": "t", "Startup Cost": 0.0, "Total Cost": 102207.67, "Plan Rows": 719240, "Plan Width": 25, "Actual Min Startup Time": 3.231, "Actual Max Startup Time": 68.399, "Actual Min Total Time": 258.994, "Actual Max Total Time": 356.673, "Filter": "((production_year >= 2005) AND (production_year <= 2010)), (LLVM Optimized)", "Rows Removed by Filter": 1812052, "Actual Rows": 716259}], "Actual Rows": 716259}], "Actual Rows": 716259}], "Actual Rows": 4}], "Actual Rows": 4}, {"Node Type": "Hash", "Parent Relationship": "Inner", "Startup Cost": 109015.07, "Total Cost": 109015.07, "Plan Rows": 2609035, "Plan Width": 32, "Actual Min Startup Time": 311.744, "Actual Max Startup Time": 351.226, "Actual Min Total Time": 311.744, "Actual Max Total Time": 351.226, "Max Hash Buckets": 262144, "Min Hash Buckets": 262144, "Max Hash Batches": 1, "Min Hash Batches": 1, "Max Original Hash Batches": 1, "Min Original Hash Batches": 1, "Max Peak Memory Usage": 5435, "min Peak Memory Usage": 5435, "Plans": [{"Node Type": "Streaming(type: LOCAL REDISTRIBUTE dop: 16/16)", "Parent Relationship": "Outer", "Startup Cost": 0.0, "Total Cost": 109015.07, "Plan Rows": 2609035, "Plan Width": 32, "Actual Min Startup Time": 0.044, "Actual Max Startup Time": 7.28, "Actual Min Total Time": 287.692, "Actual Max Total Time": 327.301, "Plans": [{"Node Type": "Index Scan", "Parent Relationship": "Outer", "Scan Direction": "Forward", "Index Name": "company_type_id_movie_companies", "Relation Name": "movie_companies", "Alias": "mc", "Startup Cost": 0.0, "Total Cost": 84129.27, "Plan Rows": 2609035, "Plan Width": 32, "Actual Min Startup Time": 0.054, "Actual Max Startup Time": 28.738, "Actual Min Total Time": 75.581, "Actual Max Total Time": 172.455, "Filter": "((note)::text !~~ '%(as Metro-Goldwyn-Mayer Pictures)%'::text), (LLVM Optimized)", "Rows Removed by Filter": 1272041, "Actual Rows": 1337087}], "Actual Rows": 1337087}], "Actual Rows": 1337087}], "Actual Rows": 66}], "Actual Rows": 70}], "Actual Rows": 3}], "Actual Rows": 16}], "Actual Rows": 16}], "Actual Rows": 1}, "Triggers": [], "Planner Runtime": 19.867, "Total Runtime": 746.087, "Unique SQL Id": 1162488282}}, "(16, '2')": {"explain_plan": {"Plan": {"Node Type": "Aggregate", "Strategy": "Plain", "Startup Cost": 153893.9, "Total Cost": 153893.91, "Plan Rows": 1, "Plan Width": 113, "Plans": [{"Node Type": "Hash Join", "Parent Relationship": "Outer", "Join Type": "Inner", "Startup Cost": 76011.59, "Total Cost": 150537.88, "Plan Rows": 447470, "Plan Width": 45, "Inner Unique": false, "Hash Cond": "(mc.movie_id = t.id), (LLVM Optimized)", "Plans": [{"Node Type": "Streaming(type: LOCAL GATHER dop: 1/16)", "Parent Relationship": "Outer", "Startup Cost": 0.0, "Total Cost": 63215.1, "Plan Rows": 1304518, "Plan Width": 28, "Plans": [{"Node Type": "Nested Loop", "Parent Relationship": "Outer", "Join Type": "Inner", "Startup Cost": 0.0, "Total Cost": 35060.95, "Plan Rows": 1304518, "Plan Width": 28, "Inner Unique": false, "Join Filter": "(ct.id = mc.company_type_id), (LLVM Optimized)", "Plans": [{"Node Type": "Streaming(type: BROADCAST dop: 16/1)", "Parent Relationship": "Outer", "Startup Cost": 0.0, "Total Cost": 15001.38, "Plan Rows": 16, "Plan Width": 4, "Plans": [{"Node Type": "Seq Scan", "Parent Relationship": "Outer", "Relation Name": "company_type", "Alias": "ct", "Startup Cost": 0.0, "Total Cost": 1.04, "Plan Rows": 1, "Plan Width": 4, "Filter": "((kind)::text = 'production companies'::text)"}]}, {"Node Type": "Seq Scan", "Parent Relationship": "Inner", "Relation Name": "movie_companies", "Alias": "mc", "Startup Cost": 0.0, "Total Cost": 18021.26, "Plan Rows": 2609035, "Plan Width": 32, "Filter": "((note)::text !~~ '%(as Metro-Goldwyn-Mayer Pictures)%'::text), (LLVM Optimized)"}]}]}, {"Node Type": "Hash", "Parent Relationship": "Inner", "Startup Cost": 71056.54, "Total Cost": 71056.54, "Plan Rows": 396404, "Plan Width": 29, "Plans": [{"Node Type": "Hash Join", "Parent Relationship": "Outer", "Join Type": "Inner", "Startup Cost": 51559.64, "Total Cost": 71056.54, "Plan Rows": 396404, "Plan Width": 29, "Inner Unique": true, "Hash Cond": "(mi_idx.movie_id = t.id), (LLVM Optimized)", "Plans": [{"Node Type": "Nested Loop", "Parent Relationship": "Outer", "Join Type": "Inner", "Startup Cost": 7502.06, "Total Cost": 21741.14, "Plan Rows": 345008, "Plan Width": 4, "Inner Unique": false, "Plans": [{"Node Type": "Seq Scan", "Parent Relationship": "Outer", "Relation Name": "info_type", "Alias": "it", "Startup Cost": 0.0, "Total Cost": 2.4, "Plan Rows": 1, "Plan Width": 4, "Filter": "((info)::text = 'bottom 10 rank'::text)"}, {"Node Type": "Bitmap Heap Scan", "Parent Relationship": "Inner", "Relation Name": "movie_info_idx", "Alias": "mi_idx", "Startup Cost": 7502.06, "Total Cost": 18288.66, "Plan Rows": 345008, "Plan Width": 8, "Recheck Cond": "(info_type_id = it.id), (LLVM Optimized)", "Plans": [{"Node Type": "Bitmap Index Scan", "Parent Relationship": "Outer", "Index Name": "info_type_id_movie_info_idx", "Startup Cost": 0.0, "Total Cost": 7415.81, "Plan Rows": 345008, "Plan Width": 0, "Index Cond": "(info_type_id = it.id)"}]}]}, {"Node Type": "Hash", "Parent Relationship": "Inner", "Startup Cost": 35067.08, "Total Cost": 35067.08, "Plan Rows": 719240, "Plan Width": 25, "Plans": [{"Node Type": "Streaming(type: LOCAL GATHER dop: 1/16)", "Parent Relationship": "Outer", "Startup Cost": 554.15, "Total Cost": 35067.08, "Plan Rows": 719240, "Plan Width": 25, "Plans": [{"Node Type": "Seq Scan", "Parent Relationship": "Outer", "Relation Name": "title", "Alias": "t", "Startup Cost": 554.15, "Total Cost": 19544.42, "Plan Rows": 719240, "Plan Width": 25, "Filter": "((production_year >= 2005) AND (production_year <= 2010)), (LLVM Optimized)"}]}]}]}]}]}]}, "Unique SQL Id": 1162488282, "Planner Runtime": 23}, "explain_analyze_plan": {"Plan": {"Node Type": "Aggregate", "Strategy": "Plain", "Startup Cost": 153893.9, "Total Cost": 153893.91, "Plan Rows": 1, "Plan Width": 113, "Actual Min Startup Time": 562.649, "Actual Max Startup Time": 562.649, "Actual Min Total Time": 562.649, "Actual Max Total Time": 562.649, "Plans": [{"Node Type": "Hash Join", "Parent Relationship": "Outer", "Join Type": "Inner", "Startup Cost": 76011.59, "Total Cost": 150537.88, "Plan Rows": 447470, "Plan Width": 45, "Actual Min Startup Time": 521.781, "Actual Max Startup Time": 521.781, "Actual Min Total Time": 562.618, "Actual Max Total Time": 562.618, "Inner Unique": false, "Hash Cond": "(mc.movie_id = t.id), (LLVM Optimized, Jit Execute)", "Plans": [{"Node Type": "Streaming(type: LOCAL GATHER dop: 1/16)", "Parent Relationship": "Outer", "Startup Cost": 0.0, "Total Cost": 63215.1, "Plan Rows": 1304518, "Plan Width": 28, "Actual Min Startup Time": 0.063, "Actual Max Startup Time": 0.063, "Actual Min Total Time": 59.337, "Actual Max Total Time": 59.337, "Plans": [{"Node Type": "Nested Loop", "Parent Relationship": "Outer", "Join Type": "Inner", "Startup Cost": 0.0, "Total Cost": 35060.95, "Plan Rows": 1304518, "Plan Width": 28, "Actual Min Startup Time": 49.704, "Actual Max Startup Time": 58.509, "Actual Min Total Time": 72.212, "Actual Max Total Time": 85.235, "Inner Unique": false, "Join Filter": "(ct.id = mc.company_type_id), (LLVM Optimized, Jit Execute)", "Rows Removed by Join Filter": 1196183, "Plans": [{"Node Type": "Streaming(type: BROADCAST dop: 16/1)", "Parent Relationship": "Outer", "Startup Cost": 0.0, "Total Cost": 15001.38, "Plan Rows": 16, "Plan Width": 4, "Actual Min Startup Time": 0.002, "Actual Max Startup Time": 0.008, "Actual Min Total Time": 0.003, "Actual Max Total Time": 0.011, "Plans": [{"Node Type": "Seq Scan", "Parent Relationship": "Outer", "Relation Name": "company_type", "Alias": "ct", "Startup Cost": 0.0, "Total Cost": 1.04, "Plan Rows": 1, "Plan Width": 4, "Actual Min Startup Time": 0.033, "Actual Max Startup Time": 0.033, "Actual Min Total Time": 0.037, "Actual Max Total Time": 0.037, "Filter": "((kind)::text = 'production companies'::text)", "Rows Removed by Filter": 2, "Actual Rows": 1}], "Actual Rows": 16}, {"Node Type": "Seq Scan", "Parent Relationship": "Inner", "Relation Name": "movie_companies", "Alias": "mc", "Startup Cost": 0.0, "Total Cost": 18021.26, "Plan Rows": 2609035, "Plan Width": 32, "Actual Min Startup Time": 0.031, "Actual Max Startup Time": 0.064, "Actual Min Total Time": 57.264, "Actual Max Total Time": 67.087, "Filter": "((note)::text !~~ '%(as Metro-Goldwyn-Mayer Pictures)%'::text), (LLVM Optimized, Jit Execute)", "Rows Removed by Filter": 1272041, "Actual Rows": 1337087}], "Actual Rows": 140904}], "Actual Rows": 140904}, {"Node Type": "Hash", "Parent Relationship": "Inner", "Startup Cost": 71056.54, "Total Cost": 71056.54, "Plan Rows": 396404, "Plan Width": 29, "Actual Min Startup Time": 475.401, "Actual Max Startup Time": 475.401, "Actual Min Total Time": 475.401, "Actual Max Total Time": 475.401, "Max Hash Buckets": 524288, "Min Hash Buckets": 524288, "Max Hash Batches": 1, "Min Hash Batches": 1, "Max Original Hash Batches": 1, "Min Original Hash Batches": 1, "Max Peak Memory Usage": 1, "min Peak Memory Usage": 1, "Plans": [{"Node Type": "Hash Join", "Parent Relationship": "Outer", "Join Type": "Inner", "Startup Cost": 51559.64, "Total Cost": 71056.54, "Plan Rows": 396404, "Plan Width": 29, "Actual Min Startup Time": 475.377, "Actual Max Startup Time": 475.377, "Actual Min Total Time": 475.385, "Actual Max Total Time": 475.385, "Inner Unique": true, "Hash Cond": "(mi_idx.movie_id = t.id), (LLVM Optimized, Jit Execute)", "Plans": [{"Node Type": "Nested Loop", "Parent Relationship": "Outer", "Join Type": "Inner", "Startup Cost": 7502.06, "Total Cost": 21741.14, "Plan Rows": 345008, "Plan Width": 4, "Actual Min Startup Time": 0.141, "Actual Max Startup Time": 0.141, "Actual Min Total Time": 0.146, "Actual Max Total Time": 0.146, "Inner Unique": false, "Plans": [{"Node Type": "Seq Scan", "Parent Relationship": "Outer", "Relation Name": "info_type", "Alias": "it", "Startup Cost": 0.0, "Total Cost": 2.4, "Plan Rows": 1, "Plan Width": 4, "Actual Min Startup Time": 0.074, "Actual Max Startup Time": 0.074, "Actual Min Total Time": 0.077, "Actual Max Total Time": 0.077, "Filter": "((info)::text = 'bottom 10 rank'::text)", "Rows Removed by Filter": 111, "Actual Rows": 1}, {"Node Type": "Bitmap Heap Scan", "Parent Relationship": "Inner", "Relation Name": "movie_info_idx", "Alias": "mi_idx", "Startup Cost": 7502.06, "Total Cost": 18288.66, "Plan Rows": 345008, "Plan Width": 8, "Actual Min Startup Time": 0.047, "Actual Max Startup Time": 0.047, "Actual Min Total Time": 0.047, "Actual Max Total Time": 0.047, "Recheck Cond": "(info_type_id = it.id), (LLVM Optimized, Jit Execute)", "Rows Removed by Index Recheck": 0, "Exact Heap Blocks": 1, "Lossy Heap Blocks": 1, "Plans": [{"Node Type": "Bitmap Index Scan", "Parent Relationship": "Outer", "Index Name": "info_type_id_movie_info_idx", "Startup Cost": 0.0, "Total Cost": 7415.81, "Plan Rows": 345008, "Plan Width": 0, "Actual Min Startup Time": 0.03, "Actual Max Startup Time": 0.03, "Actual Min Total Time": 0.03, "Actual Max Total Time": 0.03, "Index Cond": "(info_type_id = it.id)", "Actual Rows": 10}], "Actual Rows": 10}], "Actual Rows": 10}, {"Node Type": "Hash", "Parent Relationship": "Inner", "Startup Cost": 35067.08, "Total Cost": 35067.08, "Plan Rows": 719240, "Plan Width": 25, "Actual Min Startup Time": 474.501, "Actual Max Startup Time": 474.501, "Actual Min Total Time": 474.501, "Actual Max Total Time": 474.501, "Max Hash Buckets": 1048576, "Min Hash Buckets": 1048576, "Max Hash Batches": 1, "Min Hash Batches": 1, "Max Original Hash Batches": 1, "Min Original Hash Batches": 1, "Max Peak Memory Usage": 41052, "min Peak Memory Usage": 41052, "Plans": [{"Node Type": "Streaming(type: LOCAL GATHER dop: 1/16)", "Parent Relationship": "Outer", "Startup Cost": 554.15, "Total Cost": 35067.08, "Plan Rows": 719240, "Plan Width": 25, "Actual Min Startup Time": 65.362, "Actual Max Startup Time": 65.362, "Actual Min Total Time": 280.689, "Actual Max Total Time": 280.689, "Plans": [{"Node Type": "Seq Scan", "Parent Relationship": "Outer", "Relation Name": "title", "Alias": "t", "Startup Cost": 554.15, "Total Cost": 19544.42, "Plan Rows": 719240, "Plan Width": 25, "Actual Min Startup Time": 0.028, "Actual Max Startup Time": 0.05, "Actual Min Total Time": 63.439, "Actual Max Total Time": 72.425, "Filter": "((production_year >= 2005) AND (production_year <= 2010)), (LLVM Optimized, Jit Execute)", "Rows Removed by Filter": 1812052, "Actual Rows": 716259}], "Actual Rows": 716259}], "Actual Rows": 716259}], "Actual Rows": 4}], "Actual Rows": 4}], "Actual Rows": 3}], "Actual Rows": 1}, "Triggers": [], "Planner Runtime": 24.89, "Total Runtime": 580.14, "Unique SQL Id": 1162488282}}, "(16, '3')": {"explain_plan": {"Plan": {"Node Type": "Aggregate", "Strategy": "Plain", "Startup Cost": 255790.36, "Total Cost": 255790.37, "Plan Rows": 1, "Plan Width": 113, "Plans": [{"Node Type": "Hash Join", "Parent Relationship": "Outer", "Join Type": "Inner", "Startup Cost": 192779.48, "Total Cost": 252434.34, "Plan Rows": 447470, "Plan Width": 45, "Inner Unique": false, "Hash Cond": "(mc.movie_id = t.id), (LLVM Optimized)", "Plans": [{"Node Type": "Nested Loop", "Parent Relationship": "Outer", "Join Type": "Inner", "Startup Cost": 29278.87, "Total Cost": 77622.54, "Plan Rows": 1304518, "Plan Width": 28, "Inner Unique": false, "Plans": [{"Node Type": "Bitmap Heap Scan", "Parent Relationship": "Outer", "Relation Name": "company_type", "Alias": "ct", "Startup Cost": 8.27, "Total Cost": 12.3, "Plan Rows": 1, "Plan Width": 4, "Filter": "((kind)::text = 'production companies'::text)", "Plans": [{"Node Type": "Bitmap Index Scan", "Parent Relationship": "Outer", "Index Name": "company_type_pkey", "Startup Cost": 0.0, "Total Cost": 8.27, "Plan Rows": 3, "Plan Width": 0}]}, {"Node Type": "Bitmap Heap Scan", "Parent Relationship": "Inner", "Relation Name": "movie_companies", "Alias": "mc", "Startup Cost": 29270.61, "Total Cost": 64565.07, "Plan Rows": 1304517, "Plan Width": 32, "Recheck Cond": "(company_type_id = ct.id), (LLVM Optimized)", "Filter": "((note)::text !~~ '%(as Metro-Goldwyn-Mayer Pictures)%'::text), (LLVM Optimized)", "Plans": [{"Node Type": "Bitmap Index Scan", "Parent Relationship": "Outer", "Index Name": "company_type_id_movie_companies", "Startup Cost": 0.0, "Total Cost": 28944.48, "Plan Rows": 1304564, "Plan Width": 0, "Index Cond": "(company_type_id = ct.id)"}]}]}, {"Node Type": "Hash", "Parent Relationship": "Inner", "Startup Cost": 158545.55, "Total Cost": 158545.55, "Plan Rows": 396404, "Plan Width": 29, "Plans": [{"Node Type": "Hash Join", "Parent Relationship": "Outer", "Join Type": "Inner", "Startup Cost": 139045.65, "Total Cost": 158545.55, "Plan Rows": 396404, "Plan Width": 29, "Inner Unique": true, "Hash Cond": "(mi_idx.movie_id = t.id), (LLVM Optimized)", "Plans": [{"Node Type": "Nested Loop", "Parent Relationship": "Outer", "Join Type": "Inner", "Startup Cost": 7510.87, "Total Cost": 21752.95, "Plan Rows": 345008, "Plan Width": 4, "Inner Unique": false, "Plans": [{"Node Type": "Bitmap Heap Scan", "Parent Relationship": "Outer", "Relation Name": "info_type", "Alias": "it", "Startup Cost": 8.81, "Total Cost": 14.21, "Plan Rows": 1, "Plan Width": 4, "Filter": "((info)::text = 'bottom 10 rank'::text)", "Plans": [{"Node Type": "Bitmap Index Scan", "Parent Relationship": "Outer", "Index Name": "info_type_pkey", "Startup Cost": 0.0, "Total Cost": 8.81, "Plan Rows": 112, "Plan Width": 0}]}, {"Node Type": "Bitmap Heap Scan", "Parent Relationship": "Inner", "Relation Name": "movie_info_idx", "Alias": "mi_idx", "Startup Cost": 7502.06, "Total Cost": 18288.66, "Plan Rows": 345008, "Plan Width": 8, "Recheck Cond": "(info_type_id = it.id), (LLVM Optimized)", "Plans": [{"Node Type": "Bitmap Index Scan", "Parent Relationship": "Outer", "Index Name": "info_type_id_movie_info_idx", "Startup Cost": 0.0, "Total Cost": 7415.81, "Plan Rows": 345008, "Plan Width": 0, "Index Cond": "(info_type_id = it.id)"}]}]}, {"Node Type": "Hash", "Parent Relationship": "Inner", "Startup Cost": 122544.28, "Total Cost": 122544.28, "Plan Rows": 719240, "Plan Width": 25, "Plans": [{"Node Type": "Bitmap Heap Scan", "Parent Relationship": "Outer", "Relation Name": "title", "Alias": "t", "Startup Cost": 49833.61, "Total Cost": 122544.28, "Plan Rows": 719240, "Plan Width": 25, "Filter": "((production_year >= 2005) AND (production_year <= 2010)), (LLVM Optimized)", "Plans": [{"Node Type": "Bitmap Index Scan", "Parent Relationship": "Outer", "Index Name": "title_pkey", "Startup Cost": 0.0, "Total Cost": 49653.81, "Plan Rows": 2528311, "Plan Width": 0}]}]}]}]}]}]}, "Unique SQL Id": 1162488282, "Planner Runtime": 9}, "explain_analyze_plan": null}, "(16, '4')": {"explain_plan": {"Plan": {"Node Type": "Aggregate", "Strategy": "Plain", "Startup Cost": 153893.9, "Total Cost": 153893.91, "Plan Rows": 1, "Plan Width": 113, "Plans": [{"Node Type": "Hash Join", "Parent Relationship": "Outer", "Join Type": "Inner", "Startup Cost": 76011.59, "Total Cost": 150537.88, "Plan Rows": 447470, "Plan Width": 45, "Inner Unique": false, "Hash Cond": "(mc.movie_id = t.id), (LLVM Optimized)", "Plans": [{"Node Type": "Streaming(type: LOCAL GATHER dop: 1/16)", "Parent Relationship": "Outer", "Startup Cost": 0.0, "Total Cost": 63215.1, "Plan Rows": 1304518, "Plan Width": 28, "Plans": [{"Node Type": "Nested Loop", "Parent Relationship": "Outer", "Join Type": "Inner", "Startup Cost": 0.0, "Total Cost": 35060.95, "Plan Rows": 1304518, "Plan Width": 28, "Inner Unique": false, "Join Filter": "(ct.id = mc.company_type_id), (LLVM Optimized)", "Plans": [{"Node Type": "Streaming(type: BROADCAST dop: 16/1)", "Parent Relationship": "Outer", "Startup Cost": 0.0, "Total Cost": 15001.38, "Plan Rows": 16, "Plan Width": 4, "Plans": [{"Node Type": "Seq Scan", "Parent Relationship": "Outer", "Relation Name": "company_type", "Alias": "ct", "Startup Cost": 0.0, "Total Cost": 1.04, "Plan Rows": 1, "Plan Width": 4, "Filter": "((kind)::text = 'production companies'::text)"}]}, {"Node Type": "Seq Scan", "Parent Relationship": "Inner", "Relation Name": "movie_companies", "Alias": "mc", "Startup Cost": 0.0, "Total Cost": 18021.26, "Plan Rows": 2609035, "Plan Width": 32, "Filter": "((note)::text !~~ '%(as Metro-Goldwyn-Mayer Pictures)%'::text), (LLVM Optimized)"}]}]}, {"Node Type": "Hash", "Parent Relationship": "Inner", "Startup Cost": 71056.54, "Total Cost": 71056.54, "Plan Rows": 396404, "Plan Width": 29, "Plans": [{"Node Type": "Hash Join", "Parent Relationship": "Outer", "Join Type": "Inner", "Startup Cost": 51559.64, "Total Cost": 71056.54, "Plan Rows": 396404, "Plan Width": 29, "Inner Unique": true, "Hash Cond": "(mi_idx.movie_id = t.id), (LLVM Optimized)", "Plans": [{"Node Type": "Nested Loop", "Parent Relationship": "Outer", "Join Type": "Inner", "Startup Cost": 7502.06, "Total Cost": 21741.14, "Plan Rows": 345008, "Plan Width": 4, "Inner Unique": false, "Plans": [{"Node Type": "Seq Scan", "Parent Relationship": "Outer", "Relation Name": "info_type", "Alias": "it", "Startup Cost": 0.0, "Total Cost": 2.4, "Plan Rows": 1, "Plan Width": 4, "Filter": "((info)::text = 'bottom 10 rank'::text)"}, {"Node Type": "Bitmap Heap Scan", "Parent Relationship": "Inner", "Relation Name": "movie_info_idx", "Alias": "mi_idx", "Startup Cost": 7502.06, "Total Cost": 18288.66, "Plan Rows": 345008, "Plan Width": 8, "Recheck Cond": "(info_type_id = it.id), (LLVM Optimized)", "Plans": [{"Node Type": "Bitmap Index Scan", "Parent Relationship": "Outer", "Index Name": "info_type_id_movie_info_idx", "Startup Cost": 0.0, "Total Cost": 7415.81, "Plan Rows": 345008, "Plan Width": 0, "Index Cond": "(info_type_id = it.id)"}]}]}, {"Node Type": "Hash", "Parent Relationship": "Inner", "Startup Cost": 35067.08, "Total Cost": 35067.08, "Plan Rows": 719240, "Plan Width": 25, "Plans": [{"Node Type": "Streaming(type: LOCAL GATHER dop: 1/16)", "Parent Relationship": "Outer", "Startup Cost": 554.15, "Total Cost": 35067.08, "Plan Rows": 719240, "Plan Width": 25, "Plans": [{"Node Type": "Seq Scan", "Parent Relationship": "Outer", "Relation Name": "title", "Alias": "t", "Startup Cost": 554.15, "Total Cost": 19544.42, "Plan Rows": 719240, "Plan Width": 25, "Filter": "((production_year >= 2005) AND (production_year <= 2010)), (LLVM Optimized)"}]}]}]}]}]}]}, "Unique SQL Id": 1162488282, "Planner Runtime": 24}, "explain_analyze_plan": {"Plan": {"Node Type": "Aggregate", "Strategy": "Plain", "Startup Cost": 153893.9, "Total Cost": 153893.91, "Plan Rows": 1, "Plan Width": 113, "Actual Min Startup Time": 562.649, "Actual Max Startup Time": 562.649, "Actual Min Total Time": 562.649, "Actual Max Total Time": 562.649, "Plans": [{"Node Type": "Hash Join", "Parent Relationship": "Outer", "Join Type": "Inner", "Startup Cost": 76011.59, "Total Cost": 150537.88, "Plan Rows": 447470, "Plan Width": 45, "Actual Min Startup Time": 521.781, "Actual Max Startup Time": 521.781, "Actual Min Total Time": 562.618, "Actual Max Total Time": 562.618, "Inner Unique": false, "Hash Cond": "(mc.movie_id = t.id), (LLVM Optimized, Jit Execute)", "Plans": [{"Node Type": "Streaming(type: LOCAL GATHER dop: 1/16)", "Parent Relationship": "Outer", "Startup Cost": 0.0, "Total Cost": 63215.1, "Plan Rows": 1304518, "Plan Width": 28, "Actual Min Startup Time": 0.063, "Actual Max Startup Time": 0.063, "Actual Min Total Time": 59.337, "Actual Max Total Time": 59.337, "Plans": [{"Node Type": "Nested Loop", "Parent Relationship": "Outer", "Join Type": "Inner", "Startup Cost": 0.0, "Total Cost": 35060.95, "Plan Rows": 1304518, "Plan Width": 28, "Actual Min Startup Time": 49.704, "Actual Max Startup Time": 58.509, "Actual Min Total Time": 72.212, "Actual Max Total Time": 85.235, "Inner Unique": false, "Join Filter": "(ct.id = mc.company_type_id), (LLVM Optimized, Jit Execute)", "Rows Removed by Join Filter": 1196183, "Plans": [{"Node Type": "Streaming(type: BROADCAST dop: 16/1)", "Parent Relationship": "Outer", "Startup Cost": 0.0, "Total Cost": 15001.38, "Plan Rows": 16, "Plan Width": 4, "Actual Min Startup Time": 0.002, "Actual Max Startup Time": 0.008, "Actual Min Total Time": 0.003, "Actual Max Total Time": 0.011, "Plans": [{"Node Type": "Seq Scan", "Parent Relationship": "Outer", "Relation Name": "company_type", "Alias": "ct", "Startup Cost": 0.0, "Total Cost": 1.04, "Plan Rows": 1, "Plan Width": 4, "Actual Min Startup Time": 0.033, "Actual Max Startup Time": 0.033, "Actual Min Total Time": 0.037, "Actual Max Total Time": 0.037, "Filter": "((kind)::text = 'production companies'::text)", "Rows Removed by Filter": 2, "Actual Rows": 1}], "Actual Rows": 16}, {"Node Type": "Seq Scan", "Parent Relationship": "Inner", "Relation Name": "movie_companies", "Alias": "mc", "Startup Cost": 0.0, "Total Cost": 18021.26, "Plan Rows": 2609035, "Plan Width": 32, "Actual Min Startup Time": 0.031, "Actual Max Startup Time": 0.064, "Actual Min Total Time": 57.264, "Actual Max Total Time": 67.087, "Filter": "((note)::text !~~ '%(as Metro-Goldwyn-Mayer Pictures)%'::text), (LLVM Optimized, Jit Execute)", "Rows Removed by Filter": 1272041, "Actual Rows": 1337087}], "Actual Rows": 140904}], "Actual Rows": 140904}, {"Node Type": "Hash", "Parent Relationship": "Inner", "Startup Cost": 71056.54, "Total Cost": 71056.54, "Plan Rows": 396404, "Plan Width": 29, "Actual Min Startup Time": 475.401, "Actual Max Startup Time": 475.401, "Actual Min Total Time": 475.401, "Actual Max Total Time": 475.401, "Max Hash Buckets": 524288, "Min Hash Buckets": 524288, "Max Hash Batches": 1, "Min Hash Batches": 1, "Max Original Hash Batches": 1, "Min Original Hash Batches": 1, "Max Peak Memory Usage": 1, "min Peak Memory Usage": 1, "Plans": [{"Node Type": "Hash Join", "Parent Relationship": "Outer", "Join Type": "Inner", "Startup Cost": 51559.64, "Total Cost": 71056.54, "Plan Rows": 396404, "Plan Width": 29, "Actual Min Startup Time": 475.377, "Actual Max Startup Time": 475.377, "Actual Min Total Time": 475.385, "Actual Max Total Time": 475.385, "Inner Unique": true, "Hash Cond": "(mi_idx.movie_id = t.id), (LLVM Optimized, Jit Execute)", "Plans": [{"Node Type": "Nested Loop", "Parent Relationship": "Outer", "Join Type": "Inner", "Startup Cost": 7502.06, "Total Cost": 21741.14, "Plan Rows": 345008, "Plan Width": 4, "Actual Min Startup Time": 0.141, "Actual Max Startup Time": 0.141, "Actual Min Total Time": 0.146, "Actual Max Total Time": 0.146, "Inner Unique": false, "Plans": [{"Node Type": "Seq Scan", "Parent Relationship": "Outer", "Relation Name": "info_type", "Alias": "it", "Startup Cost": 0.0, "Total Cost": 2.4, "Plan Rows": 1, "Plan Width": 4, "Actual Min Startup Time": 0.074, "Actual Max Startup Time": 0.074, "Actual Min Total Time": 0.077, "Actual Max Total Time": 0.077, "Filter": "((info)::text = 'bottom 10 rank'::text)", "Rows Removed by Filter": 111, "Actual Rows": 1}, {"Node Type": "Bitmap Heap Scan", "Parent Relationship": "Inner", "Relation Name": "movie_info_idx", "Alias": "mi_idx", "Startup Cost": 7502.06, "Total Cost": 18288.66, "Plan Rows": 345008, "Plan Width": 8, "Actual Min Startup Time": 0.047, "Actual Max Startup Time": 0.047, "Actual Min Total Time": 0.047, "Actual Max Total Time": 0.047, "Recheck Cond": "(info_type_id = it.id), (LLVM Optimized, Jit Execute)", "Rows Removed by Index Recheck": 0, "Exact Heap Blocks": 1, "Lossy Heap Blocks": 1, "Plans": [{"Node Type": "Bitmap Index Scan", "Parent Relationship": "Outer", "Index Name": "info_type_id_movie_info_idx", "Startup Cost": 0.0, "Total Cost": 7415.81, "Plan Rows": 345008, "Plan Width": 0, "Actual Min Startup Time": 0.03, "Actual Max Startup Time": 0.03, "Actual Min Total Time": 0.03, "Actual Max Total Time": 0.03, "Index Cond": "(info_type_id = it.id)", "Actual Rows": 10}], "Actual Rows": 10}], "Actual Rows": 10}, {"Node Type": "Hash", "Parent Relationship": "Inner", "Startup Cost": 35067.08, "Total Cost": 35067.08, "Plan Rows": 719240, "Plan Width": 25, "Actual Min Startup Time": 474.501, "Actual Max Startup Time": 474.501, "Actual Min Total Time": 474.501, "Actual Max Total Time": 474.501, "Max Hash Buckets": 1048576, "Min Hash Buckets": 1048576, "Max Hash Batches": 1, "Min Hash Batches": 1, "Max Original Hash Batches": 1, "Min Original Hash Batches": 1, "Max Peak Memory Usage": 41052, "min Peak Memory Usage": 41052, "Plans": [{"Node Type": "Streaming(type: LOCAL GATHER dop: 1/16)", "Parent Relationship": "Outer", "Startup Cost": 554.15, "Total Cost": 35067.08, "Plan Rows": 719240, "Plan Width": 25, "Actual Min Startup Time": 65.362, "Actual Max Startup Time": 65.362, "Actual Min Total Time": 280.689, "Actual Max Total Time": 280.689, "Plans": [{"Node Type": "Seq Scan", "Parent Relationship": "Outer", "Relation Name": "title", "Alias": "t", "Startup Cost": 554.15, "Total Cost": 19544.42, "Plan Rows": 719240, "Plan Width": 25, "Actual Min Startup Time": 0.028, "Actual Max Startup Time": 0.05, "Actual Min Total Time": 63.439, "Actual Max Total Time": 72.425, "Filter": "((production_year >= 2005) AND (production_year <= 2010)), (LLVM Optimized, Jit Execute)", "Rows Removed by Filter": 1812052, "Actual Rows": 716259}], "Actual Rows": 716259}], "Actual Rows": 716259}], "Actual Rows": 4}], "Actual Rows": 4}], "Actual Rows": 3}], "Actual Rows": 1}, "Triggers": [], "Planner Runtime": 24.89, "Total Runtime": 580.14, "Unique SQL Id": 1162488282}}, "(16, '5')": {"explain_plan": {"Plan": {"Node Type": "Aggregate", "Strategy": "Plain", "Startup Cost": 234364.58, "Total Cost": 234364.61, "Plan Rows": 1, "Plan Width": 113, "Plans": [{"Node Type": "Streaming(type: LOCAL GATHER dop: 1/16)", "Parent Relationship": "Outer", "Startup Cost": 234364.58, "Total Cost": 234364.61, "Plan Rows": 1, "Plan Width": 113, "Plans": [{"Node Type": "Aggregate", "Strategy": "Plain", "Parent Relationship": "Outer", "Startup Cost": 234364.58, "Total Cost": 234364.59, "Plan Rows": 1, "Plan Width": 113, "Plans": [{"Node Type": "Nested Loop", "Parent Relationship": "Outer", "Join Type": "Inner", "Startup Cost": 163514.97, "Total Cost": 231008.55, "Plan Rows": 447470, "Plan Width": 45, "Inner Unique": false, "Join Filter": "(mc.company_type_id = ct.id), (LLVM Optimized)", "Plans": [{"Node Type": "Streaming(type: BROADCAST dop: 16/1)", "Parent Relationship": "Outer", "Startup Cost": 0.0, "Total Cost": 15012.65, "Plan Rows": 16, "Plan Width": 4, "Plans": [{"Node Type": "Index Scan", "Parent Relationship": "Outer", "Scan Direction": "Forward", "Index Name": "company_type_pkey", "Relation Name": "company_type", "Alias": "ct", "Startup Cost": 0.0, "Total Cost": 12.3, "Plan Rows": 1, "Plan Width": 4, "Filter": "((kind)::text = 'production companies'::text)"}]}, {"Node Type": "Materialize", "Parent Relationship": "Inner", "Startup Cost": 163514.97, "Total Cost": 216939.84, "Plan Rows": 549199, "Plan Width": 49, "Plans": [{"Node Type": "Hash Join", "Parent Relationship": "Outer", "Join Type": "Inner", "Startup Cost": 163514.97, "Total Cost": 215566.84, "Plan Rows": 549199, "Plan Width": 49, "Inner Unique": false, "Hash Cond": "(t.id = mc.movie_id), (LLVM Optimized)", "Plans": [{"Node Type": "Streaming(type: LOCAL REDISTRIBUTE dop: 16/1)", "Parent Relationship": "Outer", "Startup Cost": 134222.89, "Total Cost": 185214.89, "Plan Rows": 396404, "Plan Width": 29, "Plans": [{"Node Type": "Hash Join", "Parent Relationship": "Outer", "Join Type": "Inner", "Startup Cost": 134222.89, "Total Cost": 153731.6, "Plan Rows": 396404, "Plan Width": 29, "Inner Unique": true, "Hash Cond": "(mi_idx.movie_id = t.id), (LLVM Optimized)", "Plans": [{"Node Type": "Nested Loop", "Parent Relationship": "Outer", "Join Type": "Inner", "Startup Cost": 7502.06, "Total Cost": 21752.95, "Plan Rows": 345008, "Plan Width": 4, "Inner Unique": false, "Plans": [{"Node Type": "Index Scan", "Parent Relationship": "Outer", "Scan Direction": "Forward", "Index Name": "info_type_pkey", "Relation Name": "info_type", "Alias": "it", "Startup Cost": 0.0, "Total Cost": 14.21, "Plan Rows": 1, "Plan Width": 4, "Filter": "((info)::text = 'bottom 10 rank'::text)"}, {"Node Type": "Bitmap Heap Scan", "Parent Relationship": "Inner", "Relation Name": "movie_info_idx", "Alias": "mi_idx", "Startup Cost": 7502.06, "Total Cost": 18288.66, "Plan Rows": 345008, "Plan Width": 8, "Recheck Cond": "(info_type_id = it.id), (LLVM Optimized)", "Plans": [{"Node Type": "Bitmap Index Scan", "Parent Relationship": "Outer", "Index Name": "info_type_id_movie_info_idx", "Startup Cost": 0.0, "Total Cost": 7415.81, "Plan Rows": 345008, "Plan Width": 0, "Index Cond": "(info_type_id = it.id)"}]}]}, {"Node Type": "Hash", "Parent Relationship": "Inner", "Startup Cost": 117730.33, "Total Cost": 117730.33, "Plan Rows": 719240, "Plan Width": 25, "Plans": [{"Node Type": "Streaming(type: LOCAL GATHER dop: 1/16)", "Parent Relationship": "Outer", "Startup Cost": 0.0, "Total Cost": 117730.33, "Plan Rows": 719240, "Plan Width": 25, "Plans": [{"Node Type": "Index Scan", "Parent Relationship": "Outer", "Scan Direction": "Forward", "Index Name": "title_pkey", "Relation Name": "title", "Alias": "t", "Startup Cost": 0.0, "Total Cost": 102207.67, "Plan Rows": 719240, "Plan Width": 25, "Filter": "((production_year >= 2005) AND (production_year <= 2010)), (LLVM Optimized)"}]}]}]}]}, {"Node Type": "Hash", "Parent Relationship": "Inner", "Startup Cost": 109015.07, "Total Cost": 109015.07, "Plan Rows": 2609035, "Plan Width": 32, "Plans": [{"Node Type": "Streaming(type: LOCAL REDISTRIBUTE dop: 16/16)", "Parent Relationship": "Outer", "Startup Cost": 0.0, "Total Cost": 109015.07, "Plan Rows": 2609035, "Plan Width": 32, "Plans": [{"Node Type": "Index Scan", "Parent Relationship": "Outer", "Scan Direction": "Forward", "Index Name": "company_type_id_movie_companies", "Relation Name": "movie_companies", "Alias": "mc", "Startup Cost": 0.0, "Total Cost": 84129.27, "Plan Rows": 2609035, "Plan Width": 32, "Filter": "((note)::text !~~ '%(as Metro-Goldwyn-Mayer Pictures)%'::text), (LLVM Optimized)"}]}]}]}]}]}]}]}]}, "Unique SQL Id": 1162488282, "Planner Runtime": 19}, "explain_analyze_plan": {"Plan": {"Node Type": "Aggregate", "Strategy": "Plain", "Startup Cost": 234364.58, "Total Cost": 234364.61, "Plan Rows": 1, "Plan Width": 113, "Actual Min Startup Time": 724.893, "Actual Max Startup Time": 724.893, "Actual Min Total Time": 724.893, "Actual Max Total Time": 724.893, "Plans": [{"Node Type": "Streaming(type: LOCAL GATHER dop: 1/16)", "Parent Relationship": "Outer", "Startup Cost": 234364.58, "Total Cost": 234364.61, "Plan Rows": 1, "Plan Width": 113, "Actual Min Startup Time": 724.735, "Actual Max Startup Time": 724.735, "Actual Min Total Time": 724.874, "Actual Max Total Time": 724.874, "Plans": [{"Node Type": "Aggregate", "Strategy": "Plain", "Parent Relationship": "Outer", "Startup Cost": 234364.58, "Total Cost": 234364.59, "Plan Rows": 1, "Plan Width": 113, "Actual Min Startup Time": 554.683, "Actual Max Startup Time": 594.063, "Actual Min Total Time": 554.683, "Actual Max Total Time": 594.063, "Plans": [{"Node Type": "Nested Loop", "Parent Relationship": "Outer", "Join Type": "Inner", "Startup Cost": 163514.97, "Total Cost": 231008.55, "Plan Rows": 447470, "Plan Width": 45, "Actual Min Startup Time": 554.678, "Actual Max Startup Time": 594.056, "Actual Min Total Time": 554.678, "Actual Max Total Time": 594.056, "Inner Unique": false, "Join Filter": "(mc.company_type_id = ct.id), (LLVM Optimized)", "Rows Removed by Join Filter": 63, "Plans": [{"Node Type": "Streaming(type: BROADCAST dop: 16/1)", "Parent Relationship": "Outer", "Startup Cost": 0.0, "Total Cost": 15012.65, "Plan Rows": 16, "Plan Width": 4, "Actual Min Startup Time": 0.003, "Actual Max Startup Time": 0.007, "Actual Min Total Time": 0.003, "Actual Max Total Time": 0.008, "Plans": [{"Node Type": "Index Scan", "Parent Relationship": "Outer", "Scan Direction": "Forward", "Index Name": "company_type_pkey", "Relation Name": "company_type", "Alias": "ct", "Startup Cost": 0.0, "Total Cost": 12.3, "Plan Rows": 1, "Plan Width": 4, "Actual Min Startup Time": 0.048, "Actual Max Startup Time": 0.048, "Actual Min Total Time": 0.052, "Actual Max Total Time": 0.052, "Filter": "((kind)::text = 'production companies'::text)", "Rows Removed by Filter": 2, "Actual Rows": 1}], "Actual Rows": 16}, {"Node Type": "Materialize", "Parent Relationship": "Inner", "Startup Cost": 163514.97, "Total Cost": 216939.84, "Plan Rows": 549199, "Plan Width": 49, "Actual Min Startup Time": 553.877, "Actual Max Startup Time": 593.389, "Actual Min Total Time": 553.877, "Actual Max Total Time": 593.389, "Plans": [{"Node Type": "Hash Join", "Parent Relationship": "Outer", "Join Type": "Inner", "Startup Cost": 163514.97, "Total Cost": 215566.84, "Plan Rows": 549199, "Plan Width": 49, "Actual Min Startup Time": 553.872, "Actual Max Startup Time": 593.382, "Actual Min Total Time": 553.872, "Actual Max Total Time": 593.382, "Inner Unique": false, "Hash Cond": "(t.id = mc.movie_id), (LLVM Optimized)", "Plans": [{"Node Type": "Streaming(type: LOCAL REDISTRIBUTE dop: 16/1)", "Parent Relationship": "Outer", "Startup Cost": 134222.89, "Total Cost": 185214.89, "Plan Rows": 396404, "Plan Width": 29, "Actual Min Startup Time": 241.899, "Actual Max Startup Time": 241.967, "Actual Min Total Time": 241.899, "Actual Max Total Time": 241.967, "Plans": [{"Node Type": "Hash Join", "Parent Relationship": "Outer", "Join Type": "Inner", "Startup Cost": 134222.89, "Total Cost": 153731.6, "Plan Rows": 396404, "Plan Width": 29, "Actual Min Startup Time": 555.871, "Actual Max Startup Time": 555.871, "Actual Min Total Time": 555.879, "Actual Max Total Time": 555.879, "Inner Unique": true, "Hash Cond": "(mi_idx.movie_id = t.id), (LLVM Optimized)", "Plans": [{"Node Type": "Nested Loop", "Parent Relationship": "Outer", "Join Type": "Inner", "Startup Cost": 7502.06, "Total Cost": 21752.95, "Plan Rows": 345008, "Plan Width": 4, "Actual Min Startup Time": 0.179, "Actual Max Startup Time": 0.179, "Actual Min Total Time": 0.187, "Actual Max Total Time": 0.187, "Inner Unique": false, "Plans": [{"Node Type": "Index Scan", "Parent Relationship": "Outer", "Scan Direction": "Forward", "Index Name": "info_type_pkey", "Relation Name": "info_type", "Alias": "it", "Startup Cost": 0.0, "Total Cost": 14.21, "Plan Rows": 1, "Plan Width": 4, "Actual Min Startup Time": 0.124, "Actual Max Startup Time": 0.124, "Actual Min Total Time": 0.126, "Actual Max Total Time": 0.126, "Filter": "((info)::text = 'bottom 10 rank'::text)", "Rows Removed by Filter": 111, "Actual Rows": 1}, {"Node Type": "Bitmap Heap Scan", "Parent Relationship": "Inner", "Relation Name": "movie_info_idx", "Alias": "mi_idx", "Startup Cost": 7502.06, "Total Cost": 18288.66, "Plan Rows": 345008, "Plan Width": 8, "Actual Min Startup Time": 0.04, "Actual Max Startup Time": 0.04, "Actual Min Total Time": 0.044, "Actual Max Total Time": 0.044, "Recheck Cond": "(info_type_id = it.id), (LLVM Optimized)", "Rows Removed by Index Recheck": 0, "Exact Heap Blocks": 0, "Lossy Heap Blocks": 0, "Plans": [{"Node Type": "Bitmap Index Scan", "Parent Relationship": "Outer", "Index Name": "info_type_id_movie_info_idx", "Startup Cost": 0.0, "Total Cost": 7415.81, "Plan Rows": 345008, "Plan Width": 0, "Actual Min Startup Time": 0.025, "Actual Max Startup Time": 0.025, "Actual Min Total Time": 0.025, "Actual Max Total Time": 0.025, "Index Cond": "(info_type_id = it.id)", "Actual Rows": 10}], "Actual Rows": 10}], "Actual Rows": 10}, {"Node Type": "Hash", "Parent Relationship": "Inner", "Startup Cost": 117730.33, "Total Cost": 117730.33, "Plan Rows": 719240, "Plan Width": 25, "Actual Min Startup Time": 554.923, "Actual Max Startup Time": 554.923, "Actual Min Total Time": 554.923, "Actual Max Total Time": 554.923, "Max Hash Buckets": 1048576, "Min Hash Buckets": 1048576, "Max Hash Batches": 1, "Min Hash Batches": 1, "Max Original Hash Batches": 1, "Min Original Hash Batches": 1, "Max Peak Memory Usage": 41052, "min Peak Memory Usage": 41052, "Plans": [{"Node Type": "Streaming(type: LOCAL GATHER dop: 1/16)", "Parent Relationship": "Outer", "Startup Cost": 0.0, "Total Cost": 117730.33, "Plan Rows": 719240, "Plan Width": 25, "Actual Min Startup Time": 7.786, "Actual Max Startup Time": 7.786, "Actual Min Total Time": 324.497, "Actual Max Total Time": 324.497, "Plans": [{"Node Type": "Index Scan", "Parent Relationship": "Outer", "Scan Direction": "Forward", "Index Name": "title_pkey", "Relation Name": "title", "Alias": "t", "Startup Cost": 0.0, "Total Cost": 102207.67, "Plan Rows": 719240, "Plan Width": 25, "Actual Min Startup Time": 3.231, "Actual Max Startup Time": 68.399, "Actual Min Total Time": 258.994, "Actual Max Total Time": 356.673, "Filter": "((production_year >= 2005) AND (production_year <= 2010)), (LLVM Optimized)", "Rows Removed by Filter": 1812052, "Actual Rows": 716259}], "Actual Rows": 716259}], "Actual Rows": 716259}], "Actual Rows": 4}], "Actual Rows": 4}, {"Node Type": "Hash", "Parent Relationship": "Inner", "Startup Cost": 109015.07, "Total Cost": 109015.07, "Plan Rows": 2609035, "Plan Width": 32, "Actual Min Startup Time": 311.744, "Actual Max Startup Time": 351.226, "Actual Min Total Time": 311.744, "Actual Max Total Time": 351.226, "Max Hash Buckets": 262144, "Min Hash Buckets": 262144, "Max Hash Batches": 1, "Min Hash Batches": 1, "Max Original Hash Batches": 1, "Min Original Hash Batches": 1, "Max Peak Memory Usage": 5435, "min Peak Memory Usage": 5435, "Plans": [{"Node Type": "Streaming(type: LOCAL REDISTRIBUTE dop: 16/16)", "Parent Relationship": "Outer", "Startup Cost": 0.0, "Total Cost": 109015.07, "Plan Rows": 2609035, "Plan Width": 32, "Actual Min Startup Time": 0.044, "Actual Max Startup Time": 7.28, "Actual Min Total Time": 287.692, "Actual Max Total Time": 327.301, "Plans": [{"Node Type": "Index Scan", "Parent Relationship": "Outer", "Scan Direction": "Forward", "Index Name": "company_type_id_movie_companies", "Relation Name": "movie_companies", "Alias": "mc", "Startup Cost": 0.0, "Total Cost": 84129.27, "Plan Rows": 2609035, "Plan Width": 32, "Actual Min Startup Time": 0.054, "Actual Max Startup Time": 28.738, "Actual Min Total Time": 75.581, "Actual Max Total Time": 172.455, "Filter": "((note)::text !~~ '%(as Metro-Goldwyn-Mayer Pictures)%'::text), (LLVM Optimized)", "Rows Removed by Filter": 1272041, "Actual Rows": 1337087}], "Actual Rows": 1337087}], "Actual Rows": 1337087}], "Actual Rows": 66}], "Actual Rows": 70}], "Actual Rows": 3}], "Actual Rows": 16}], "Actual Rows": 16}], "Actual Rows": 1}, "Triggers": [], "Planner Runtime": 19.867, "Total Runtime": 746.087, "Unique SQL Id": 1162488282}}, "(16, '6')": {"explain_plan": {"Plan": {"Node Type": "Aggregate", "Strategy": "Plain", "Startup Cost": 153893.9, "Total Cost": 153893.91, "Plan Rows": 1, "Plan Width": 113, "Plans": [{"Node Type": "Hash Join", "Parent Relationship": "Outer", "Join Type": "Inner", "Startup Cost": 76011.59, "Total Cost": 150537.88, "Plan Rows": 447470, "Plan Width": 45, "Inner Unique": false, "Hash Cond": "(mc.movie_id = t.id), (LLVM Optimized)", "Plans": [{"Node Type": "Streaming(type: LOCAL GATHER dop: 1/16)", "Parent Relationship": "Outer", "Startup Cost": 0.0, "Total Cost": 63215.1, "Plan Rows": 1304518, "Plan Width": 28, "Plans": [{"Node Type": "Nested Loop", "Parent Relationship": "Outer", "Join Type": "Inner", "Startup Cost": 0.0, "Total Cost": 35060.95, "Plan Rows": 1304518, "Plan Width": 28, "Inner Unique": false, "Join Filter": "(ct.id = mc.company_type_id), (LLVM Optimized)", "Plans": [{"Node Type": "Streaming(type: BROADCAST dop: 16/1)", "Parent Relationship": "Outer", "Startup Cost": 0.0, "Total Cost": 15001.38, "Plan Rows": 16, "Plan Width": 4, "Plans": [{"Node Type": "Seq Scan", "Parent Relationship": "Outer", "Relation Name": "company_type", "Alias": "ct", "Startup Cost": 0.0, "Total Cost": 1.04, "Plan Rows": 1, "Plan Width": 4, "Filter": "((kind)::text = 'production companies'::text)"}]}, {"Node Type": "Seq Scan", "Parent Relationship": "Inner", "Relation Name": "movie_companies", "Alias": "mc", "Startup Cost": 0.0, "Total Cost": 18021.26, "Plan Rows": 2609035, "Plan Width": 32, "Filter": "((note)::text !~~ '%(as Metro-Goldwyn-Mayer Pictures)%'::text), (LLVM Optimized)"}]}]}, {"Node Type": "Hash", "Parent Relationship": "Inner", "Startup Cost": 71056.54, "Total Cost": 71056.54, "Plan Rows": 396404, "Plan Width": 29, "Plans": [{"Node Type": "Hash Join", "Parent Relationship": "Outer", "Join Type": "Inner", "Startup Cost": 51559.64, "Total Cost": 71056.54, "Plan Rows": 396404, "Plan Width": 29, "Inner Unique": true, "Hash Cond": "(mi_idx.movie_id = t.id), (LLVM Optimized)", "Plans": [{"Node Type": "Nested Loop", "Parent Relationship": "Outer", "Join Type": "Inner", "Startup Cost": 7502.06, "Total Cost": 21741.14, "Plan Rows": 345008, "Plan Width": 4, "Inner Unique": false, "Plans": [{"Node Type": "Seq Scan", "Parent Relationship": "Outer", "Relation Name": "info_type", "Alias": "it", "Startup Cost": 0.0, "Total Cost": 2.4, "Plan Rows": 1, "Plan Width": 4, "Filter": "((info)::text = 'bottom 10 rank'::text)"}, {"Node Type": "Bitmap Heap Scan", "Parent Relationship": "Inner", "Relation Name": "movie_info_idx", "Alias": "mi_idx", "Startup Cost": 7502.06, "Total Cost": 18288.66, "Plan Rows": 345008, "Plan Width": 8, "Recheck Cond": "(info_type_id = it.id), (LLVM Optimized)", "Plans": [{"Node Type": "Bitmap Index Scan", "Parent Relationship": "Outer", "Index Name": "info_type_id_movie_info_idx", "Startup Cost": 0.0, "Total Cost": 7415.81, "Plan Rows": 345008, "Plan Width": 0, "Index Cond": "(info_type_id = it.id)"}]}]}, {"Node Type": "Hash", "Parent Relationship": "Inner", "Startup Cost": 35067.08, "Total Cost": 35067.08, "Plan Rows": 719240, "Plan Width": 25, "Plans": [{"Node Type": "Streaming(type: LOCAL GATHER dop: 1/16)", "Parent Relationship": "Outer", "Startup Cost": 554.15, "Total Cost": 35067.08, "Plan Rows": 719240, "Plan Width": 25, "Plans": [{"Node Type": "Seq Scan", "Parent Relationship": "Outer", "Relation Name": "title", "Alias": "t", "Startup Cost": 554.15, "Total Cost": 19544.42, "Plan Rows": 719240, "Plan Width": 25, "Filter": "((production_year >= 2005) AND (production_year <= 2010)), (LLVM Optimized)"}]}]}]}]}]}]}, "Unique SQL Id": 1162488282, "Planner Runtime": 23}, "explain_analyze_plan": {"Plan": {"Node Type": "Aggregate", "Strategy": "Plain", "Startup Cost": 153893.9, "Total Cost": 153893.91, "Plan Rows": 1, "Plan Width": 113, "Actual Min Startup Time": 562.649, "Actual Max Startup Time": 562.649, "Actual Min Total Time": 562.649, "Actual Max Total Time": 562.649, "Plans": [{"Node Type": "Hash Join", "Parent Relationship": "Outer", "Join Type": "Inner", "Startup Cost": 76011.59, "Total Cost": 150537.88, "Plan Rows": 447470, "Plan Width": 45, "Actual Min Startup Time": 521.781, "Actual Max Startup Time": 521.781, "Actual Min Total Time": 562.618, "Actual Max Total Time": 562.618, "Inner Unique": false, "Hash Cond": "(mc.movie_id = t.id), (LLVM Optimized, Jit Execute)", "Plans": [{"Node Type": "Streaming(type: LOCAL GATHER dop: 1/16)", "Parent Relationship": "Outer", "Startup Cost": 0.0, "Total Cost": 63215.1, "Plan Rows": 1304518, "Plan Width": 28, "Actual Min Startup Time": 0.063, "Actual Max Startup Time": 0.063, "Actual Min Total Time": 59.337, "Actual Max Total Time": 59.337, "Plans": [{"Node Type": "Nested Loop", "Parent Relationship": "Outer", "Join Type": "Inner", "Startup Cost": 0.0, "Total Cost": 35060.95, "Plan Rows": 1304518, "Plan Width": 28, "Actual Min Startup Time": 49.704, "Actual Max Startup Time": 58.509, "Actual Min Total Time": 72.212, "Actual Max Total Time": 85.235, "Inner Unique": false, "Join Filter": "(ct.id = mc.company_type_id), (LLVM Optimized, Jit Execute)", "Rows Removed by Join Filter": 1196183, "Plans": [{"Node Type": "Streaming(type: BROADCAST dop: 16/1)", "Parent Relationship": "Outer", "Startup Cost": 0.0, "Total Cost": 15001.38, "Plan Rows": 16, "Plan Width": 4, "Actual Min Startup Time": 0.002, "Actual Max Startup Time": 0.008, "Actual Min Total Time": 0.003, "Actual Max Total Time": 0.011, "Plans": [{"Node Type": "Seq Scan", "Parent Relationship": "Outer", "Relation Name": "company_type", "Alias": "ct", "Startup Cost": 0.0, "Total Cost": 1.04, "Plan Rows": 1, "Plan Width": 4, "Actual Min Startup Time": 0.033, "Actual Max Startup Time": 0.033, "Actual Min Total Time": 0.037, "Actual Max Total Time": 0.037, "Filter": "((kind)::text = 'production companies'::text)", "Rows Removed by Filter": 2, "Actual Rows": 1}], "Actual Rows": 16}, {"Node Type": "Seq Scan", "Parent Relationship": "Inner", "Relation Name": "movie_companies", "Alias": "mc", "Startup Cost": 0.0, "Total Cost": 18021.26, "Plan Rows": 2609035, "Plan Width": 32, "Actual Min Startup Time": 0.031, "Actual Max Startup Time": 0.064, "Actual Min Total Time": 57.264, "Actual Max Total Time": 67.087, "Filter": "((note)::text !~~ '%(as Metro-Goldwyn-Mayer Pictures)%'::text), (LLVM Optimized, Jit Execute)", "Rows Removed by Filter": 1272041, "Actual Rows": 1337087}], "Actual Rows": 140904}], "Actual Rows": 140904}, {"Node Type": "Hash", "Parent Relationship": "Inner", "Startup Cost": 71056.54, "Total Cost": 71056.54, "Plan Rows": 396404, "Plan Width": 29, "Actual Min Startup Time": 475.401, "Actual Max Startup Time": 475.401, "Actual Min Total Time": 475.401, "Actual Max Total Time": 475.401, "Max Hash Buckets": 524288, "Min Hash Buckets": 524288, "Max Hash Batches": 1, "Min Hash Batches": 1, "Max Original Hash Batches": 1, "Min Original Hash Batches": 1, "Max Peak Memory Usage": 1, "min Peak Memory Usage": 1, "Plans": [{"Node Type": "Hash Join", "Parent Relationship": "Outer", "Join Type": "Inner", "Startup Cost": 51559.64, "Total Cost": 71056.54, "Plan Rows": 396404, "Plan Width": 29, "Actual Min Startup Time": 475.377, "Actual Max Startup Time": 475.377, "Actual Min Total Time": 475.385, "Actual Max Total Time": 475.385, "Inner Unique": true, "Hash Cond": "(mi_idx.movie_id = t.id), (LLVM Optimized, Jit Execute)", "Plans": [{"Node Type": "Nested Loop", "Parent Relationship": "Outer", "Join Type": "Inner", "Startup Cost": 7502.06, "Total Cost": 21741.14, "Plan Rows": 345008, "Plan Width": 4, "Actual Min Startup Time": 0.141, "Actual Max Startup Time": 0.141, "Actual Min Total Time": 0.146, "Actual Max Total Time": 0.146, "Inner Unique": false, "Plans": [{"Node Type": "Seq Scan", "Parent Relationship": "Outer", "Relation Name": "info_type", "Alias": "it", "Startup Cost": 0.0, "Total Cost": 2.4, "Plan Rows": 1, "Plan Width": 4, "Actual Min Startup Time": 0.074, "Actual Max Startup Time": 0.074, "Actual Min Total Time": 0.077, "Actual Max Total Time": 0.077, "Filter": "((info)::text = 'bottom 10 rank'::text)", "Rows Removed by Filter": 111, "Actual Rows": 1}, {"Node Type": "Bitmap Heap Scan", "Parent Relationship": "Inner", "Relation Name": "movie_info_idx", "Alias": "mi_idx", "Startup Cost": 7502.06, "Total Cost": 18288.66, "Plan Rows": 345008, "Plan Width": 8, "Actual Min Startup Time": 0.047, "Actual Max Startup Time": 0.047, "Actual Min Total Time": 0.047, "Actual Max Total Time": 0.047, "Recheck Cond": "(info_type_id = it.id), (LLVM Optimized, Jit Execute)", "Rows Removed by Index Recheck": 0, "Exact Heap Blocks": 1, "Lossy Heap Blocks": 1, "Plans": [{"Node Type": "Bitmap Index Scan", "Parent Relationship": "Outer", "Index Name": "info_type_id_movie_info_idx", "Startup Cost": 0.0, "Total Cost": 7415.81, "Plan Rows": 345008, "Plan Width": 0, "Actual Min Startup Time": 0.03, "Actual Max Startup Time": 0.03, "Actual Min Total Time": 0.03, "Actual Max Total Time": 0.03, "Index Cond": "(info_type_id = it.id)", "Actual Rows": 10}], "Actual Rows": 10}], "Actual Rows": 10}, {"Node Type": "Hash", "Parent Relationship": "Inner", "Startup Cost": 35067.08, "Total Cost": 35067.08, "Plan Rows": 719240, "Plan Width": 25, "Actual Min Startup Time": 474.501, "Actual Max Startup Time": 474.501, "Actual Min Total Time": 474.501, "Actual Max Total Time": 474.501, "Max Hash Buckets": 1048576, "Min Hash Buckets": 1048576, "Max Hash Batches": 1, "Min Hash Batches": 1, "Max Original Hash Batches": 1, "Min Original Hash Batches": 1, "Max Peak Memory Usage": 41052, "min Peak Memory Usage": 41052, "Plans": [{"Node Type": "Streaming(type: LOCAL GATHER dop: 1/16)", "Parent Relationship": "Outer", "Startup Cost": 554.15, "Total Cost": 35067.08, "Plan Rows": 719240, "Plan Width": 25, "Actual Min Startup Time": 65.362, "Actual Max Startup Time": 65.362, "Actual Min Total Time": 280.689, "Actual Max Total Time": 280.689, "Plans": [{"Node Type": "Seq Scan", "Parent Relationship": "Outer", "Relation Name": "title", "Alias": "t", "Startup Cost": 554.15, "Total Cost": 19544.42, "Plan Rows": 719240, "Plan Width": 25, "Actual Min Startup Time": 0.028, "Actual Max Startup Time": 0.05, "Actual Min Total Time": 63.439, "Actual Max Total Time": 72.425, "Filter": "((production_year >= 2005) AND (production_year <= 2010)), (LLVM Optimized, Jit Execute)", "Rows Removed by Filter": 1812052, "Actual Rows": 716259}], "Actual Rows": 716259}], "Actual Rows": 716259}], "Actual Rows": 4}], "Actual Rows": 4}], "Actual Rows": 3}], "Actual Rows": 1}, "Triggers": [], "Planner Runtime": 24.89, "Total Runtime": 580.14, "Unique SQL Id": 1162488282}}, "(16, '7')": {"explain_plan": {"Plan": {"Node Type": "Aggregate", "Strategy": "Plain", "Startup Cost": 255790.36, "Total Cost": 255790.37, "Plan Rows": 1, "Plan Width": 113, "Plans": [{"Node Type": "Hash Join", "Parent Relationship": "Outer", "Join Type": "Inner", "Startup Cost": 192779.48, "Total Cost": 252434.34, "Plan Rows": 447470, "Plan Width": 45, "Inner Unique": false, "Hash Cond": "(mc.movie_id = t.id), (LLVM Optimized)", "Plans": [{"Node Type": "Nested Loop", "Parent Relationship": "Outer", "Join Type": "Inner", "Startup Cost": 29278.87, "Total Cost": 77622.54, "Plan Rows": 1304518, "Plan Width": 28, "Inner Unique": false, "Plans": [{"Node Type": "Bitmap Heap Scan", "Parent Relationship": "Outer", "Relation Name": "company_type", "Alias": "ct", "Startup Cost": 8.27, "Total Cost": 12.3, "Plan Rows": 1, "Plan Width": 4, "Filter": "((kind)::text = 'production companies'::text)", "Plans": [{"Node Type": "Bitmap Index Scan", "Parent Relationship": "Outer", "Index Name": "company_type_pkey", "Startup Cost": 0.0, "Total Cost": 8.27, "Plan Rows": 3, "Plan Width": 0}]}, {"Node Type": "Bitmap Heap Scan", "Parent Relationship": "Inner", "Relation Name": "movie_companies", "Alias": "mc", "Startup Cost": 29270.61, "Total Cost": 64565.07, "Plan Rows": 1304517, "Plan Width": 32, "Recheck Cond": "(company_type_id = ct.id), (LLVM Optimized)", "Filter": "((note)::text !~~ '%(as Metro-Goldwyn-Mayer Pictures)%'::text), (LLVM Optimized)", "Plans": [{"Node Type": "Bitmap Index Scan", "Parent Relationship": "Outer", "Index Name": "company_type_id_movie_companies", "Startup Cost": 0.0, "Total Cost": 28944.48, "Plan Rows": 1304564, "Plan Width": 0, "Index Cond": "(company_type_id = ct.id)"}]}]}, {"Node Type": "Hash", "Parent Relationship": "Inner", "Startup Cost": 158545.55, "Total Cost": 158545.55, "Plan Rows": 396404, "Plan Width": 29, "Plans": [{"Node Type": "Hash Join", "Parent Relationship": "Outer", "Join Type": "Inner", "Startup Cost": 139045.65, "Total Cost": 158545.55, "Plan Rows": 396404, "Plan Width": 29, "Inner Unique": true, "Hash Cond": "(mi_idx.movie_id = t.id), (LLVM Optimized)", "Plans": [{"Node Type": "Nested Loop", "Parent Relationship": "Outer", "Join Type": "Inner", "Startup Cost": 7510.87, "Total Cost": 21752.95, "Plan Rows": 345008, "Plan Width": 4, "Inner Unique": false, "Plans": [{"Node Type": "Bitmap Heap Scan", "Parent Relationship": "Outer", "Relation Name": "info_type", "Alias": "it", "Startup Cost": 8.81, "Total Cost": 14.21, "Plan Rows": 1, "Plan Width": 4, "Filter": "((info)::text = 'bottom 10 rank'::text)", "Plans": [{"Node Type": "Bitmap Index Scan", "Parent Relationship": "Outer", "Index Name": "info_type_pkey", "Startup Cost": 0.0, "Total Cost": 8.81, "Plan Rows": 112, "Plan Width": 0}]}, {"Node Type": "Bitmap Heap Scan", "Parent Relationship": "Inner", "Relation Name": "movie_info_idx", "Alias": "mi_idx", "Startup Cost": 7502.06, "Total Cost": 18288.66, "Plan Rows": 345008, "Plan Width": 8, "Recheck Cond": "(info_type_id = it.id), (LLVM Optimized)", "Plans": [{"Node Type": "Bitmap Index Scan", "Parent Relationship": "Outer", "Index Name": "info_type_id_movie_info_idx", "Startup Cost": 0.0, "Total Cost": 7415.81, "Plan Rows": 345008, "Plan Width": 0, "Index Cond": "(info_type_id = it.id)"}]}]}, {"Node Type": "Hash", "Parent Relationship": "Inner", "Startup Cost": 122544.28, "Total Cost": 122544.28, "Plan Rows": 719240, "Plan Width": 25, "Plans": [{"Node Type": "Bitmap Heap Scan", "Parent Relationship": "Outer", "Relation Name": "title", "Alias": "t", "Startup Cost": 49833.61, "Total Cost": 122544.28, "Plan Rows": 719240, "Plan Width": 25, "Filter": "((production_year >= 2005) AND (production_year <= 2010)), (LLVM Optimized)", "Plans": [{"Node Type": "Bitmap Index Scan", "Parent Relationship": "Outer", "Index Name": "title_pkey", "Startup Cost": 0.0, "Total Cost": 49653.81, "Plan Rows": 2528311, "Plan Width": 0}]}]}]}]}]}]}, "Unique SQL Id": 1162488282, "Planner Runtime": 9}, "explain_analyze_plan": null}, "(16, '8')": {"explain_plan": {"Plan": {"Node Type": "Aggregate", "Strategy": "Plain", "Startup Cost": 157102.83, "Total Cost": 157102.86, "Plan Rows": 1, "Plan Width": 113, "Plans": [{"Node Type": "Streaming(type: LOCAL GATHER dop: 1/16)", "Parent Relationship": "Outer", "Startup Cost": 157102.83, "Total Cost": 157102.86, "Plan Rows": 1, "Plan Width": 113, "Plans": [{"Node Type": "Aggregate", "Strategy": "Plain", "Parent Relationship": "Outer", "Startup Cost": 157102.83, "Total Cost": 157102.84, "Plan Rows": 1, "Plan Width": 113, "Plans": [{"Node Type": "Hash Join", "Parent Relationship": "Outer", "Join Type": "Inner", "Startup Cost": 55372.13, "Total Cost": 153746.81, "Plan Rows": 447470, "Plan Width": 45, "Inner Unique": false, "Hash Cond": "(t.id = mc.movie_id), (LLVM Optimized)", "Plans": [{"Node Type": "Streaming(type: BROADCAST dop: 16/16)", "Parent Relationship": "Outer", "Startup Cost": 20106.32, "Total Cost": 114115.76, "Plan Rows": 6342464, "Plan Width": 29, "Plans": [{"Node Type": "Hash Join", "Parent Relationship": "Outer", "Join Type": "Inner", "Startup Cost": 20106.32, "Total Cost": 83011.85, "Plan Rows": 396404, "Plan Width": 29, "Inner Unique": true, "Hash Cond": "(mi_idx.movie_id = t.id), (LLVM Optimized)", "Plans": [{"Node Type": "Streaming(type: BROADCAST dop: 16/16)", "Parent Relationship": "Outer", "Startup Cost": 0.0, "Total Cost": 61363.99, "Plan Rows": 5520128, "Plan Width": 4, "Plans": [{"Node Type": "Nested Loop", "Parent Relationship": "Outer", "Join Type": "Inner", "Startup Cost": 0.0, "Total Cost": 32348.04, "Plan Rows": 345008, "Plan Width": 4, "Inner Unique": false, "Join Filter": "(it.id = mi_idx.info_type_id), (LLVM Optimized)", "Plans": [{"Node Type": "Streaming(type: BROADCAST dop: 16/1)", "Parent Relationship": "Outer", "Startup Cost": 0.0, "Total Cost": 15002.75, "Plan Rows": 16, "Plan Width": 4, "Plans": [{"Node Type": "Seq Scan", "Parent Relationship": "Outer", "Relation Name": "info_type", "Alias": "it", "Startup Cost": 0.0, "Total Cost": 2.4, "Plan Rows": 1, "Plan Width": 4, "Filter": "((info)::text = 'bottom 10 rank'::text)"}]}, {"Node Type": "Seq Scan", "Parent Relationship": "Inner", "Relation Name": "movie_info_idx", "Alias": "mi_idx", "Startup Cost": 0.0, "Total Cost": 16267.15, "Plan Rows": 1380034, "Plan Width": 8}]}]}, {"Node Type": "Hash", "Parent Relationship": "Inner", "Startup Cost": 19544.42, "Total Cost": 19544.42, "Plan Rows": 719240, "Plan Width": 25, "Plans": [{"Node Type": "Seq Scan", "Parent Relationship": "Outer", "Relation Name": "title", "Alias": "t", "Startup Cost": 554.15, "Total Cost": 19544.42, "Plan Rows": 719240, "Plan Width": 25, "Filter": "((production_year >= 2005) AND (production_year <= 2010)), (LLVM Optimized)"}]}]}]}, {"Node Type": "Hash", "Parent Relationship": "Inner", "Startup Cost": 34246.65, "Total Cost": 34246.65, "Plan Rows": 1304518, "Plan Width": 28, "Plans": [{"Node Type": "Hash Join", "Parent Relationship": "Outer", "Join Type": "Inner", "Startup Cost": 15001.4, "Total Cost": 34246.65, "Plan Rows": 1304518, "Plan Width": 28, "Inner Unique": true, "Hash Cond": "(mc.company_type_id = ct.id), (LLVM Optimized)", "Plans": [{"Node Type": "Seq Scan", "Parent Relationship": "Outer", "Relation Name": "movie_companies", "Alias": "mc", "Startup Cost": 0.0, "Total Cost": 18021.26, "Plan Rows": 2609035, "Plan Width": 32, "Filter": "((note)::text !~~ '%(as Metro-Goldwyn-Mayer Pictures)%'::text), (LLVM Optimized)"}, {"Node Type": "Hash", "Parent Relationship": "Inner", "Startup Cost": 15001.38, "Total Cost": 15001.38, "Plan Rows": 16, "Plan Width": 4, "Plans": [{"Node Type": "Streaming(type: BROADCAST dop: 16/1)", "Parent Relationship": "Outer", "Startup Cost": 0.0, "Total Cost": 15001.38, "Plan Rows": 16, "Plan Width": 4, "Plans": [{"Node Type": "Seq Scan", "Parent Relationship": "Outer", "Relation Name": "company_type", "Alias": "ct", "Startup Cost": 0.0, "Total Cost": 1.04, "Plan Rows": 1, "Plan Width": 4, "Filter": "((kind)::text = 'production companies'::text)"}]}]}]}]}]}]}]}]}, "Unique SQL Id": 1162488282, "Planner Runtime": 24}, "explain_analyze_plan": {"Plan": {"Node Type": "Aggregate", "Strategy": "Plain", "Startup Cost": 157102.83, "Total Cost": 157102.86, "Plan Rows": 1, "Plan Width": 113, "Actual Min Startup Time": 245.945, "Actual Max Startup Time": 245.945, "Actual Min Total Time": 245.945, "Actual Max Total Time": 245.945, "Plans": [{"Node Type": "Streaming(type: LOCAL GATHER dop: 1/16)", "Parent Relationship": "Outer", "Startup Cost": 157102.83, "Total Cost": 157102.86, "Plan Rows": 1, "Plan Width": 113, "Actual Min Startup Time": 245.778, "Actual Max Startup Time": 245.778, "Actual Min Total Time": 245.931, "Actual Max Total Time": 245.931, "Plans": [{"Node Type": "Aggregate", "Strategy": "Plain", "Parent Relationship": "Outer", "Startup Cost": 157102.83, "Total Cost": 157102.84, "Plan Rows": 1, "Plan Width": 113, "Actual Min Startup Time": 86.896, "Actual Max Startup Time": 153.253, "Actual Min Total Time": 86.896, "Actual Max Total Time": 153.253, "Plans": [{"Node Type": "Hash Join", "Parent Relationship": "Outer", "Join Type": "Inner", "Startup Cost": 55372.13, "Total Cost": 153746.81, "Plan Rows": 447470, "Plan Width": 45, "Actual Min Startup Time": 86.889, "Actual Max Startup Time": 153.248, "Actual Min Total Time": 86.889, "Actual Max Total Time": 153.248, "Inner Unique": false, "Hash Cond": "(t.id = mc.movie_id), (LLVM Optimized)", "Plans": [{"Node Type": "Streaming(type: BROADCAST dop: 16/16)", "Parent Relationship": "Outer", "Startup Cost": 20106.32, "Total Cost": 114115.76, "Plan Rows": 6342464, "Plan Width": 29, "Actual Min Startup Time": 0.025, "Actual Max Startup Time": 23.382, "Actual Min Total Time": 2.705, "Actual Max Total Time": 69.913, "Plans": [{"Node Type": "Hash Join", "Parent Relationship": "Outer", "Join Type": "Inner", "Startup Cost": 20106.32, "Total Cost": 83011.85, "Plan Rows": 396404, "Plan Width": 29, "Actual Min Startup Time": 78.564, "Actual Max Startup Time": 121.165, "Actual Min Total Time": 78.564, "Actual Max Total Time": 121.165, "Inner Unique": true, "Hash Cond": "(mi_idx.movie_id = t.id), (LLVM Optimized)", "Plans": [{"Node Type": "Streaming(type: BROADCAST dop: 16/16)", "Parent Relationship": "Outer", "Startup Cost": 0.0, "Total Cost": 61363.99, "Plan Rows": 5520128, "Plan Width": 4, "Actual Min Startup Time": 0.027, "Actual Max Startup Time": 41.412, "Actual Min Total Time": 0.028, "Actual Max Total Time": 41.413, "Plans": [{"Node Type": "Nested Loop", "Parent Relationship": "Outer", "Join Type": "Inner", "Startup Cost": 0.0, "Total Cost": 32348.04, "Plan Rows": 345008, "Plan Width": 4, "Actual Min Startup Time": 34.827, "Actual Max Startup Time": 41.188, "Actual Min Total Time": 34.827, "Actual Max Total Time": 41.196, "Inner Unique": false, "Join Filter": "(it.id = mi_idx.info_type_id), (LLVM Optimized)", "Rows Removed by Join Filter": 1380024, "Plans": [{"Node Type": "Streaming(type: BROADCAST dop: 16/1)", "Parent Relationship": "Outer", "Startup Cost": 0.0, "Total Cost": 15002.75, "Plan Rows": 16, "Plan Width": 4, "Actual Min Startup Time": 0.003, "Actual Max Startup Time": 0.01, "Actual Min Total Time": 0.005, "Actual Max Total Time": 0.011, "Plans": [{"Node Type": "Seq Scan", "Parent Relationship": "Outer", "Relation Name": "info_type", "Alias": "it", "Startup Cost": 0.0, "Total Cost": 2.4, "Plan Rows": 1, "Plan Width": 4, "Actual Min Startup Time": 0.059, "Actual Max Startup Time": 0.059, "Actual Min Total Time": 0.061, "Actual Max Total Time": 0.061, "Filter": "((info)::text = 'bottom 10 rank'::text)", "Rows Removed by Filter": 111, "Actual Rows": 1}], "Actual Rows": 16}, {"Node Type": "Seq Scan", "Parent Relationship": "Inner", "Relation Name": "movie_info_idx", "Alias": "mi_idx", "Startup Cost": 0.0, "Total Cost": 16267.15, "Plan Rows": 1380034, "Plan Width": 8, "Actual Min Startup Time": 0.032, "Actual Max Startup Time": 0.059, "Actual Min Total Time": 18.617, "Actual Max Total Time": 22.027, "Actual Rows": 1380034}], "Actual Rows": 10}], "Actual Rows": 160}, {"Node Type": "Hash", "Parent Relationship": "Inner", "Startup Cost": 19544.42, "Total Cost": 19544.42, "Plan Rows": 719240, "Plan Width": 25, "Actual Min Startup Time": 78.449, "Actual Max Startup Time": 87.352, "Actual Min Total Time": 78.449, "Actual Max Total Time": 87.352, "Max Hash Buckets": 65536, "Min Hash Buckets": 65536, "Max Hash Batches": 1, "Min Hash Batches": 1, "Max Original Hash Batches": 1, "Min Original Hash Batches": 1, "Max Peak Memory Usage": 2621, "min Peak Memory Usage": 2621, "Plans": [{"Node Type": "Seq Scan", "Parent Relationship": "Outer", "Relation Name": "title", "Alias": "t", "Startup Cost": 554.15, "Total Cost": 19544.42, "Plan Rows": 719240, "Plan Width": 25, "Actual Min Startup Time": 0.024, "Actual Max Startup Time": 0.057, "Actual Min Total Time": 64.592, "Actual Max Total Time": 72.483, "Filter": "((production_year >= 2005) AND (production_year <= 2010)), (LLVM Optimized)", "Rows Removed by Filter": 1812052, "Actual Rows": 716259}], "Actual Rows": 716259}], "Actual Rows": 4}], "Actual Rows": 64}, {"Node Type": "Hash", "Parent Relationship": "Inner", "Startup Cost": 34246.65, "Total Cost": 34246.65, "Plan Rows": 1304518, "Plan Width": 28, "Actual Min Startup Time": 77.643, "Actual Max Startup Time": 88.71, "Actual Min Total Time": 77.643, "Actual Max Total Time": 88.71, "Max Hash Buckets": 131072, "Min Hash Buckets": 131072, "Max Hash Batches": 1, "Min Hash Batches": 1, "Max Original Hash Batches": 1, "Min Original Hash Batches": 1, "Max Peak Memory Usage": 488, "min Peak Memory Usage": 488, "Plans": [{"Node Type": "Hash Join", "Parent Relationship": "Outer", "Join Type": "Inner", "Startup Cost": 15001.4, "Total Cost": 34246.65, "Plan Rows": 1304518, "Plan Width": 28, "Actual Min Startup Time": 49.718, "Actual Max Startup Time": 56.798, "Actual Min Total Time": 74.609, "Actual Max Total Time": 84.701, "Inner Unique": true, "Hash Cond": "(mc.company_type_id = ct.id), (LLVM Optimized)", "Plans": [{"Node Type": "Seq Scan", "Parent Relationship": "Outer", "Relation Name": "movie_companies", "Alias": "mc", "Startup Cost": 0.0, "Total Cost": 18021.26, "Plan Rows": 2609035, "Plan Width": 32, "Actual Min Startup Time": 0.04, "Actual Max Startup Time": 0.067, "Actual Min Total Time": 59.729, "Actual Max Total Time": 66.952, "Filter": "((note)::text !~~ '%(as Metro-Goldwyn-Mayer Pictures)%'::text), (LLVM Optimized)", "Rows Removed by Filter": 1272041, "Actual Rows": 1337087}, {"Node Type": "Hash", "Parent Relationship": "Inner", "Startup Cost": 15001.38, "Total Cost": 15001.38, "Plan Rows": 16, "Plan Width": 4, "Actual Min Startup Time": 0.01, "Actual Max Startup Time": 0.026, "Actual Min Total Time": 0.01, "Actual Max Total Time": 0.026, "Max Hash Buckets": 32768, "Min Hash Buckets": 32768, "Max Hash Batches": 1, "Min Hash Batches": 1, "Max Original Hash Batches": 1, "Min Original Hash Batches": 1, "Max Peak Memory Usage": 1, "min Peak Memory Usage": 1, "Plans": [{"Node Type": "Streaming(type: BROADCAST dop: 16/1)", "Parent Relationship": "Outer", "Startup Cost": 0.0, "Total Cost": 15001.38, "Plan Rows": 16, "Plan Width": 4, "Actual Min Startup Time": 0.003, "Actual Max Startup Time": 0.008, "Actual Min Total Time": 0.003, "Actual Max Total Time": 0.009, "Plans": [{"Node Type": "Seq Scan", "Parent Relationship": "Outer", "Relation Name": "company_type", "Alias": "ct", "Startup Cost": 0.0, "Total Cost": 1.04, "Plan Rows": 1, "Plan Width": 4, "Actual Min Startup Time": 0.035, "Actual Max Startup Time": 0.035, "Actual Min Total Time": 0.038, "Actual Max Total Time": 0.038, "Filter": "((kind)::text = 'production companies'::text)", "Rows Removed by Filter": 2, "Actual Rows": 1}], "Actual Rows": 16}], "Actual Rows": 16}], "Actual Rows": 140904}], "Actual Rows": 140904}], "Actual Rows": 3}], "Actual Rows": 16}], "Actual Rows": 16}], "Actual Rows": 1}, "Triggers": [], "Planner Runtime": 24.667, "Total Runtime": 267.123, "Unique SQL Id": 1162488282}}, "(16, '9')": {"explain_plan": {"Plan": {"Node Type": "Aggregate", "Strategy": "Plain", "Startup Cost": 250949.83, "Total Cost": 250949.86, "Plan Rows": 1, "Plan Width": 113, "Plans": [{"Node Type": "Streaming(type: LOCAL GATHER dop: 1/16)", "Parent Relationship": "Outer", "Startup Cost": 250949.83, "Total Cost": 250949.86, "Plan Rows": 1, "Plan Width": 113, "Plans": [{"Node Type": "Aggregate", "Strategy": "Plain", "Parent Relationship": "Outer", "Startup Cost": 250949.83, "Total Cost": 250949.84, "Plan Rows": 1, "Plan Width": 113, "Plans": [{"Node Type": "Nested Loop", "Parent Relationship": "Outer", "Join Type": "Inner", "Startup Cost": 156012.91, "Total Cost": 247593.8, "Plan Rows": 447470, "Plan Width": 45, "Inner Unique": false, "Join Filter": "(mc.company_type_id = ct.id), (LLVM Optimized)", "Plans": [{"Node Type": "Streaming(type: BROADCAST dop: 16/1)", "Parent Relationship": "Outer", "Startup Cost": 0.0, "Total Cost": 15012.65, "Plan Rows": 16, "Plan Width": 4, "Plans": [{"Node Type": "Index Scan", "Parent Relationship": "Outer", "Scan Direction": "Forward", "Index Name": "company_type_pkey", "Relation Name": "company_type", "Alias": "ct", "Startup Cost": 0.0, "Total Cost": 12.3, "Plan Rows": 1, "Plan Width": 4, "Filter": "((kind)::text = 'production companies'::text)"}]}, {"Node Type": "Materialize", "Parent Relationship": "Inner", "Startup Cost": 156012.91, "Total Cost": 233525.09, "Plan Rows": 549199, "Plan Width": 49, "Plans": [{"Node Type": "Hash Join", "Parent Relationship": "Outer", "Join Type": "Inner", "Startup Cost": 156012.91, "Total Cost": 232152.09, "Plan Rows": 549199, "Plan Width": 49, "Inner Unique": false, "Hash Cond": "(t.id = mc.movie_id), (LLVM Optimized)", "Plans": [{"Node Type": "Streaming(type: LOCAL REDISTRIBUTE dop: 16/1)", "Parent Relationship": "Outer", "Startup Cost": 126720.83, "Total Cost": 201800.13, "Plan Rows": 396404, "Plan Width": 29, "Plans": [{"Node Type": "Hash Join", "Parent Relationship": "Outer", "Join Type": "Inner", "Startup Cost": 126720.83, "Total Cost": 170316.85, "Plan Rows": 396404, "Plan Width": 29, "Inner Unique": true, "Hash Cond": "(mi_idx.movie_id = t.id), (LLVM Optimized)", "Plans": [{"Node Type": "Nested Loop", "Parent Relationship": "Outer", "Join Type": "Inner", "Startup Cost": 0.0, "Total Cost": 38338.2, "Plan Rows": 345008, "Plan Width": 4, "Inner Unique": false, "Plans": [{"Node Type": "Index Scan", "Parent Relationship": "Outer", "Scan Direction": "Forward", "Index Name": "info_type_pkey", "Relation Name": "info_type", "Alias": "it", "Startup Cost": 0.0, "Total Cost": 14.21, "Plan Rows": 1, "Plan Width": 4, "Filter": "((info)::text = 'bottom 10 rank'::text)"}, {"Node Type": "Index Scan", "Parent Relationship": "Inner", "Scan Direction": "Forward", "Index Name": "info_type_id_movie_info_idx", "Relation Name": "movie_info_idx", "Alias": "mi_idx", "Startup Cost": 0.0, "Total Cost": 34873.91, "Plan Rows": 345008, "Plan Width": 8, "Index Cond": "(info_type_id = it.id), (LLVM Optimized)"}]}, {"Node Type": "Hash", "Parent Relationship": "Inner", "Startup Cost": 117730.33, "Total Cost": 117730.33, "Plan Rows": 719240, "Plan Width": 25, "Plans": [{"Node Type": "Streaming(type: LOCAL GATHER dop: 1/16)", "Parent Relationship": "Outer", "Startup Cost": 0.0, "Total Cost": 117730.33, "Plan Rows": 719240, "Plan Width": 25, "Plans": [{"Node Type": "Index Scan", "Parent Relationship": "Outer", "Scan Direction": "Forward", "Index Name": "title_pkey", "Relation Name": "title", "Alias": "t", "Startup Cost": 0.0, "Total Cost": 102207.67, "Plan Rows": 719240, "Plan Width": 25, "Filter": "((production_year >= 2005) AND (production_year <= 2010)), (LLVM Optimized)"}]}]}]}]}, {"Node Type": "Hash", "Parent Relationship": "Inner", "Startup Cost": 109015.07, "Total Cost": 109015.07, "Plan Rows": 2609035, "Plan Width": 32, "Plans": [{"Node Type": "Streaming(type: LOCAL REDISTRIBUTE dop: 16/16)", "Parent Relationship": "Outer", "Startup Cost": 0.0, "Total Cost": 109015.07, "Plan Rows": 2609035, "Plan Width": 32, "Plans": [{"Node Type": "Index Scan", "Parent Relationship": "Outer", "Scan Direction": "Forward", "Index Name": "company_type_id_movie_companies", "Relation Name": "movie_companies", "Alias": "mc", "Startup Cost": 0.0, "Total Cost": 84129.27, "Plan Rows": 2609035, "Plan Width": 32, "Filter": "((note)::text !~~ '%(as Metro-Goldwyn-Mayer Pictures)%'::text), (LLVM Optimized)"}]}]}]}]}]}]}]}]}, "Unique SQL Id": 1162488282, "Planner Runtime": 18}, "explain_analyze_plan": {"Plan": {"Node Type": "Aggregate", "Strategy": "Plain", "Startup Cost": 250949.83, "Total Cost": 250949.86, "Plan Rows": 1, "Plan Width": 113, "Actual Min Startup Time": 757.018, "Actual Max Startup Time": 757.018, "Actual Min Total Time": 757.018, "Actual Max Total Time": 757.018, "Plans": [{"Node Type": "Streaming(type: LOCAL GATHER dop: 1/16)", "Parent Relationship": "Outer", "Startup Cost": 250949.83, "Total Cost": 250949.86, "Plan Rows": 1, "Plan Width": 113, "Actual Min Startup Time": 755.212, "Actual Max Startup Time": 755.212, "Actual Min Total Time": 757.004, "Actual Max Total Time": 757.004, "Plans": [{"Node Type": "Aggregate", "Strategy": "Plain", "Parent Relationship": "Outer", "Startup Cost": 250949.83, "Total Cost": 250949.84, "Plan Rows": 1, "Plan Width": 113, "Actual Min Startup Time": 605.855, "Actual Max Startup Time": 673.528, "Actual Min Total Time": 605.856, "Actual Max Total Time": 673.528, "Plans": [{"Node Type": "Nested Loop", "Parent Relationship": "Outer", "Join Type": "Inner", "Startup Cost": 156012.91, "Total Cost": 247593.8, "Plan Rows": 447470, "Plan Width": 45, "Actual Min Startup Time": 605.847, "Actual Max Startup Time": 673.521, "Actual Min Total Time": 605.847, "Actual Max Total Time": 673.521, "Inner Unique": false, "Join Filter": "(mc.company_type_id = ct.id), (LLVM Optimized, Jit Execute)", "Rows Removed by Join Filter": 63, "Plans": [{"Node Type": "Streaming(type: BROADCAST dop: 16/1)", "Parent Relationship": "Outer", "Startup Cost": 0.0, "Total Cost": 15012.65, "Plan Rows": 16, "Plan Width": 4, "Actual Min Startup Time": 0.003, "Actual Max Startup Time": 0.007, "Actual Min Total Time": 0.003, "Actual Max Total Time": 0.008, "Plans": [{"Node Type": "Index Scan", "Parent Relationship": "Outer", "Scan Direction": "Forward", "Index Name": "company_type_pkey", "Relation Name": "company_type", "Alias": "ct", "Startup Cost": 0.0, "Total Cost": 12.3, "Plan Rows": 1, "Plan Width": 4, "Actual Min Startup Time": 0.051, "Actual Max Startup Time": 0.051, "Actual Min Total Time": 0.056, "Actual Max Total Time": 0.056, "Filter": "((kind)::text = 'production companies'::text)", "Rows Removed by Filter": 2, "Actual Rows": 1}], "Actual Rows": 16}, {"Node Type": "Materialize", "Parent Relationship": "Inner", "Startup Cost": 156012.91, "Total Cost": 233525.09, "Plan Rows": 549199, "Plan Width": 49, "Actual Min Startup Time": 605.242, "Actual Max Startup Time": 672.833, "Actual Min Total Time": 605.242, "Actual Max Total Time": 672.833, "Plans": [{"Node Type": "Hash Join", "Parent Relationship": "Outer", "Join Type": "Inner", "Startup Cost": 156012.91, "Total Cost": 232152.09, "Plan Rows": 549199, "Plan Width": 49, "Actual Min Startup Time": 605.237, "Actual Max Startup Time": 672.814, "Actual Min Total Time": 605.237, "Actual Max Total Time": 672.818, "Inner Unique": false, "Hash Cond": "(t.id = mc.movie_id), (LLVM Optimized, Jit Execute)", "Plans": [{"Node Type": "Streaming(type: LOCAL REDISTRIBUTE dop: 16/1)", "Parent Relationship": "Outer", "Startup Cost": 126720.83, "Total Cost": 201800.13, "Plan Rows": 396404, "Plan Width": 29, "Actual Min Startup Time": 310.316, "Actual Max Startup Time": 310.376, "Actual Min Total Time": 310.318, "Actual Max Total Time": 310.376, "Plans": [{"Node Type": "Hash Join", "Parent Relationship": "Outer", "Join Type": "Inner", "Startup Cost": 126720.83, "Total Cost": 170316.85, "Plan Rows": 396404, "Plan Width": 29, "Actual Min Startup Time": 615.478, "Actual Max Startup Time": 615.478, "Actual Min Total Time": 615.487, "Actual Max Total Time": 615.487, "Inner Unique": true, "Hash Cond": "(mi_idx.movie_id = t.id), (LLVM Optimized, Jit Execute)", "Plans": [{"Node Type": "Nested Loop", "Parent Relationship": "Outer", "Join Type": "Inner", "Startup Cost": 0.0, "Total Cost": 38338.2, "Plan Rows": 345008, "Plan Width": 4, "Actual Min Startup Time": 0.158, "Actual Max Startup Time": 0.158, "Actual Min Total Time": 0.167, "Actual Max Total Time": 0.167, "Inner Unique": false, "Plans": [{"Node Type": "Index Scan", "Parent Relationship": "Outer", "Scan Direction": "Forward", "Index Name": "info_type_pkey", "Relation Name": "info_type", "Alias": "it", "Startup Cost": 0.0, "Total Cost": 14.21, "Plan Rows": 1, "Plan Width": 4, "Actual Min Startup Time": 0.121, "Actual Max Startup Time": 0.121, "Actual Min Total Time": 0.121, "Actual Max Total Time": 0.121, "Filter": "((info)::text = 'bottom 10 rank'::text)", "Rows Removed by Filter": 111, "Actual Rows": 1}, {"Node Type": "Index Scan", "Parent Relationship": "Inner", "Scan Direction": "Forward", "Index Name": "info_type_id_movie_info_idx", "Relation Name": "movie_info_idx", "Alias": "mi_idx", "Startup Cost": 0.0, "Total Cost": 34873.91, "Plan Rows": 345008, "Plan Width": 8, "Actual Min Startup Time": 0.029, "Actual Max Startup Time": 0.029, "Actual Min Total Time": 0.035, "Actual Max Total Time": 0.035, "Index Cond": "(info_type_id = it.id), (LLVM Optimized, Jit Execute)", "Rows Removed by Index Recheck": 0, "Actual Rows": 10}], "Actual Rows": 10}, {"Node Type": "Hash", "Parent Relationship": "Inner", "Startup Cost": 117730.33, "Total Cost": 117730.33, "Plan Rows": 719240, "Plan Width": 25, "Actual Min Startup Time": 614.649, "Actual Max Startup Time": 614.649, "Actual Min Total Time": 614.649, "Actual Max Total Time": 614.649, "Max Hash Buckets": 1048576, "Min Hash Buckets": 1048576, "Max Hash Batches": 1, "Min Hash Batches": 1, "Max Original Hash Batches": 1, "Min Original Hash Batches": 1, "Max Peak Memory Usage": 41052, "min Peak Memory Usage": 41052, "Plans": [{"Node Type": "Streaming(type: LOCAL GATHER dop: 1/16)", "Parent Relationship": "Outer", "Startup Cost": 0.0, "Total Cost": 117730.33, "Plan Rows": 719240, "Plan Width": 25, "Actual Min Startup Time": 0.06, "Actual Max Startup Time": 0.06, "Actual Min Total Time": 390.483, "Actual Max Total Time": 390.483, "Plans": [{"Node Type": "Index Scan", "Parent Relationship": "Outer", "Scan Direction": "Forward", "Index Name": "title_pkey", "Relation Name": "title", "Alias": "t", "Startup Cost": 0.0, "Total Cost": 102207.67, "Plan Rows": 719240, "Plan Width": 25, "Actual Min Startup Time": 0.037, "Actual Max Startup Time": 17.749, "Actual Min Total Time": 234.299, "Actual Max Total Time": 307.682, "Filter": "((production_year >= 2005) AND (production_year <= 2010)), (LLVM Optimized, Jit Execute)", "Rows Removed by Filter": 1812052, "Actual Rows": 716259}], "Actual Rows": 716259}], "Actual Rows": 716259}], "Actual Rows": 4}], "Actual Rows": 4}, {"Node Type": "Hash", "Parent Relationship": "Inner", "Startup Cost": 109015.07, "Total Cost": 109015.07, "Plan Rows": 2609035, "Plan Width": 32, "Actual Min Startup Time": 294.558, "Actual Max Startup Time": 362.247, "Actual Min Total Time": 294.558, "Actual Max Total Time": 362.247, "Max Hash Buckets": 262144, "Min Hash Buckets": 262144, "Max Hash Batches": 1, "Min Hash Batches": 1, "Max Original Hash Batches": 1, "Min Original Hash Batches": 1, "Max Peak Memory Usage": 5435, "min Peak Memory Usage": 5435, "Plans": [{"Node Type": "Streaming(type: LOCAL REDISTRIBUTE dop: 16/16)", "Parent Relationship": "Outer", "Startup Cost": 0.0, "Total Cost": 109015.07, "Plan Rows": 2609035, "Plan Width": 32, "Actual Min Startup Time": 0.05, "Actual Max Startup Time": 57.315, "Actual Min Total Time": 270.812, "Actual Max Total Time": 338.266, "Plans": [{"Node Type": "Index Scan", "Parent Relationship": "Outer", "Scan Direction": "Forward", "Index Name": "company_type_id_movie_companies", "Relation Name": "movie_companies", "Alias": "mc", "Startup Cost": 0.0, "Total Cost": 84129.27, "Plan Rows": 2609035, "Plan Width": 32, "Actual Min Startup Time": 0.049, "Actual Max Startup Time": 21.129, "Actual Min Total Time": 76.669, "Actual Max Total Time": 165.272, "Filter": "((note)::text !~~ '%(as Metro-Goldwyn-Mayer Pictures)%'::text), (LLVM Optimized, Jit Execute)", "Rows Removed by Filter": 1272041, "Actual Rows": 1337087}], "Actual Rows": 1337087}], "Actual Rows": 1337087}], "Actual Rows": 66}], "Actual Rows": 70}], "Actual Rows": 3}], "Actual Rows": 16}], "Actual Rows": 16}], "Actual Rows": 1}, "Triggers": [], "Planner Runtime": 18.051, "Total Runtime": 777.036, "Unique SQL Id": 1162488282}}, "(16, '10')": {"explain_plan": {"Plan": {"Node Type": "Aggregate", "Strategy": "Plain", "Startup Cost": 157102.83, "Total Cost": 157102.86, "Plan Rows": 1, "Plan Width": 113, "Plans": [{"Node Type": "Streaming(type: LOCAL GATHER dop: 1/16)", "Parent Relationship": "Outer", "Startup Cost": 157102.83, "Total Cost": 157102.86, "Plan Rows": 1, "Plan Width": 113, "Plans": [{"Node Type": "Aggregate", "Strategy": "Plain", "Parent Relationship": "Outer", "Startup Cost": 157102.83, "Total Cost": 157102.84, "Plan Rows": 1, "Plan Width": 113, "Plans": [{"Node Type": "Hash Join", "Parent Relationship": "Outer", "Join Type": "Inner", "Startup Cost": 55372.13, "Total Cost": 153746.81, "Plan Rows": 447470, "Plan Width": 45, "Inner Unique": false, "Hash Cond": "(t.id = mc.movie_id), (LLVM Optimized)", "Plans": [{"Node Type": "Streaming(type: BROADCAST dop: 16/16)", "Parent Relationship": "Outer", "Startup Cost": 20106.32, "Total Cost": 114115.76, "Plan Rows": 6342464, "Plan Width": 29, "Plans": [{"Node Type": "Hash Join", "Parent Relationship": "Outer", "Join Type": "Inner", "Startup Cost": 20106.32, "Total Cost": 83011.85, "Plan Rows": 396404, "Plan Width": 29, "Inner Unique": true, "Hash Cond": "(mi_idx.movie_id = t.id), (LLVM Optimized)", "Plans": [{"Node Type": "Streaming(type: BROADCAST dop: 16/16)", "Parent Relationship": "Outer", "Startup Cost": 0.0, "Total Cost": 61363.99, "Plan Rows": 5520128, "Plan Width": 4, "Plans": [{"Node Type": "Nested Loop", "Parent Relationship": "Outer", "Join Type": "Inner", "Startup Cost": 0.0, "Total Cost": 32348.04, "Plan Rows": 345008, "Plan Width": 4, "Inner Unique": false, "Join Filter": "(it.id = mi_idx.info_type_id), (LLVM Optimized)", "Plans": [{"Node Type": "Streaming(type: BROADCAST dop: 16/1)", "Parent Relationship": "Outer", "Startup Cost": 0.0, "Total Cost": 15002.75, "Plan Rows": 16, "Plan Width": 4, "Plans": [{"Node Type": "Seq Scan", "Parent Relationship": "Outer", "Relation Name": "info_type", "Alias": "it", "Startup Cost": 0.0, "Total Cost": 2.4, "Plan Rows": 1, "Plan Width": 4, "Filter": "((info)::text = 'bottom 10 rank'::text)"}]}, {"Node Type": "Seq Scan", "Parent Relationship": "Inner", "Relation Name": "movie_info_idx", "Alias": "mi_idx", "Startup Cost": 0.0, "Total Cost": 16267.15, "Plan Rows": 1380034, "Plan Width": 8}]}]}, {"Node Type": "Hash", "Parent Relationship": "Inner", "Startup Cost": 19544.42, "Total Cost": 19544.42, "Plan Rows": 719240, "Plan Width": 25, "Plans": [{"Node Type": "Seq Scan", "Parent Relationship": "Outer", "Relation Name": "title", "Alias": "t", "Startup Cost": 554.15, "Total Cost": 19544.42, "Plan Rows": 719240, "Plan Width": 25, "Filter": "((production_year >= 2005) AND (production_year <= 2010)), (LLVM Optimized)"}]}]}]}, {"Node Type": "Hash", "Parent Relationship": "Inner", "Startup Cost": 34246.65, "Total Cost": 34246.65, "Plan Rows": 1304518, "Plan Width": 28, "Plans": [{"Node Type": "Hash Join", "Parent Relationship": "Outer", "Join Type": "Inner", "Startup Cost": 15001.4, "Total Cost": 34246.65, "Plan Rows": 1304518, "Plan Width": 28, "Inner Unique": true, "Hash Cond": "(mc.company_type_id = ct.id), (LLVM Optimized)", "Plans": [{"Node Type": "Seq Scan", "Parent Relationship": "Outer", "Relation Name": "movie_companies", "Alias": "mc", "Startup Cost": 0.0, "Total Cost": 18021.26, "Plan Rows": 2609035, "Plan Width": 32, "Filter": "((note)::text !~~ '%(as Metro-Goldwyn-Mayer Pictures)%'::text), (LLVM Optimized)"}, {"Node Type": "Hash", "Parent Relationship": "Inner", "Startup Cost": 15001.38, "Total Cost": 15001.38, "Plan Rows": 16, "Plan Width": 4, "Plans": [{"Node Type": "Streaming(type: BROADCAST dop: 16/1)", "Parent Relationship": "Outer", "Startup Cost": 0.0, "Total Cost": 15001.38, "Plan Rows": 16, "Plan Width": 4, "Plans": [{"Node Type": "Seq Scan", "Parent Relationship": "Outer", "Relation Name": "company_type", "Alias": "ct", "Startup Cost": 0.0, "Total Cost": 1.04, "Plan Rows": 1, "Plan Width": 4, "Filter": "((kind)::text = 'production companies'::text)"}]}]}]}]}]}]}]}]}, "Unique SQL Id": 1162488282, "Planner Runtime": 24}, "explain_analyze_plan": {"Plan": {"Node Type": "Aggregate", "Strategy": "Plain", "Startup Cost": 157102.83, "Total Cost": 157102.86, "Plan Rows": 1, "Plan Width": 113, "Actual Min Startup Time": 245.945, "Actual Max Startup Time": 245.945, "Actual Min Total Time": 245.945, "Actual Max Total Time": 245.945, "Plans": [{"Node Type": "Streaming(type: LOCAL GATHER dop: 1/16)", "Parent Relationship": "Outer", "Startup Cost": 157102.83, "Total Cost": 157102.86, "Plan Rows": 1, "Plan Width": 113, "Actual Min Startup Time": 245.778, "Actual Max Startup Time": 245.778, "Actual Min Total Time": 245.931, "Actual Max Total Time": 245.931, "Plans": [{"Node Type": "Aggregate", "Strategy": "Plain", "Parent Relationship": "Outer", "Startup Cost": 157102.83, "Total Cost": 157102.84, "Plan Rows": 1, "Plan Width": 113, "Actual Min Startup Time": 86.896, "Actual Max Startup Time": 153.253, "Actual Min Total Time": 86.896, "Actual Max Total Time": 153.253, "Plans": [{"Node Type": "Hash Join", "Parent Relationship": "Outer", "Join Type": "Inner", "Startup Cost": 55372.13, "Total Cost": 153746.81, "Plan Rows": 447470, "Plan Width": 45, "Actual Min Startup Time": 86.889, "Actual Max Startup Time": 153.248, "Actual Min Total Time": 86.889, "Actual Max Total Time": 153.248, "Inner Unique": false, "Hash Cond": "(t.id = mc.movie_id), (LLVM Optimized)", "Plans": [{"Node Type": "Streaming(type: BROADCAST dop: 16/16)", "Parent Relationship": "Outer", "Startup Cost": 20106.32, "Total Cost": 114115.76, "Plan Rows": 6342464, "Plan Width": 29, "Actual Min Startup Time": 0.025, "Actual Max Startup Time": 23.382, "Actual Min Total Time": 2.705, "Actual Max Total Time": 69.913, "Plans": [{"Node Type": "Hash Join", "Parent Relationship": "Outer", "Join Type": "Inner", "Startup Cost": 20106.32, "Total Cost": 83011.85, "Plan Rows": 396404, "Plan Width": 29, "Actual Min Startup Time": 78.564, "Actual Max Startup Time": 121.165, "Actual Min Total Time": 78.564, "Actual Max Total Time": 121.165, "Inner Unique": true, "Hash Cond": "(mi_idx.movie_id = t.id), (LLVM Optimized)", "Plans": [{"Node Type": "Streaming(type: BROADCAST dop: 16/16)", "Parent Relationship": "Outer", "Startup Cost": 0.0, "Total Cost": 61363.99, "Plan Rows": 5520128, "Plan Width": 4, "Actual Min Startup Time": 0.027, "Actual Max Startup Time": 41.412, "Actual Min Total Time": 0.028, "Actual Max Total Time": 41.413, "Plans": [{"Node Type": "Nested Loop", "Parent Relationship": "Outer", "Join Type": "Inner", "Startup Cost": 0.0, "Total Cost": 32348.04, "Plan Rows": 345008, "Plan Width": 4, "Actual Min Startup Time": 34.827, "Actual Max Startup Time": 41.188, "Actual Min Total Time": 34.827, "Actual Max Total Time": 41.196, "Inner Unique": false, "Join Filter": "(it.id = mi_idx.info_type_id), (LLVM Optimized)", "Rows Removed by Join Filter": 1380024, "Plans": [{"Node Type": "Streaming(type: BROADCAST dop: 16/1)", "Parent Relationship": "Outer", "Startup Cost": 0.0, "Total Cost": 15002.75, "Plan Rows": 16, "Plan Width": 4, "Actual Min Startup Time": 0.003, "Actual Max Startup Time": 0.01, "Actual Min Total Time": 0.005, "Actual Max Total Time": 0.011, "Plans": [{"Node Type": "Seq Scan", "Parent Relationship": "Outer", "Relation Name": "info_type", "Alias": "it", "Startup Cost": 0.0, "Total Cost": 2.4, "Plan Rows": 1, "Plan Width": 4, "Actual Min Startup Time": 0.059, "Actual Max Startup Time": 0.059, "Actual Min Total Time": 0.061, "Actual Max Total Time": 0.061, "Filter": "((info)::text = 'bottom 10 rank'::text)", "Rows Removed by Filter": 111, "Actual Rows": 1}], "Actual Rows": 16}, {"Node Type": "Seq Scan", "Parent Relationship": "Inner", "Relation Name": "movie_info_idx", "Alias": "mi_idx", "Startup Cost": 0.0, "Total Cost": 16267.15, "Plan Rows": 1380034, "Plan Width": 8, "Actual Min Startup Time": 0.032, "Actual Max Startup Time": 0.059, "Actual Min Total Time": 18.617, "Actual Max Total Time": 22.027, "Actual Rows": 1380034}], "Actual Rows": 10}], "Actual Rows": 160}, {"Node Type": "Hash", "Parent Relationship": "Inner", "Startup Cost": 19544.42, "Total Cost": 19544.42, "Plan Rows": 719240, "Plan Width": 25, "Actual Min Startup Time": 78.449, "Actual Max Startup Time": 87.352, "Actual Min Total Time": 78.449, "Actual Max Total Time": 87.352, "Max Hash Buckets": 65536, "Min Hash Buckets": 65536, "Max Hash Batches": 1, "Min Hash Batches": 1, "Max Original Hash Batches": 1, "Min Original Hash Batches": 1, "Max Peak Memory Usage": 2621, "min Peak Memory Usage": 2621, "Plans": [{"Node Type": "Seq Scan", "Parent Relationship": "Outer", "Relation Name": "title", "Alias": "t", "Startup Cost": 554.15, "Total Cost": 19544.42, "Plan Rows": 719240, "Plan Width": 25, "Actual Min Startup Time": 0.024, "Actual Max Startup Time": 0.057, "Actual Min Total Time": 64.592, "Actual Max Total Time": 72.483, "Filter": "((production_year >= 2005) AND (production_year <= 2010)), (LLVM Optimized)", "Rows Removed by Filter": 1812052, "Actual Rows": 716259}], "Actual Rows": 716259}], "Actual Rows": 4}], "Actual Rows": 64}, {"Node Type": "Hash", "Parent Relationship": "Inner", "Startup Cost": 34246.65, "Total Cost": 34246.65, "Plan Rows": 1304518, "Plan Width": 28, "Actual Min Startup Time": 77.643, "Actual Max Startup Time": 88.71, "Actual Min Total Time": 77.643, "Actual Max Total Time": 88.71, "Max Hash Buckets": 131072, "Min Hash Buckets": 131072, "Max Hash Batches": 1, "Min Hash Batches": 1, "Max Original Hash Batches": 1, "Min Original Hash Batches": 1, "Max Peak Memory Usage": 488, "min Peak Memory Usage": 488, "Plans": [{"Node Type": "Hash Join", "Parent Relationship": "Outer", "Join Type": "Inner", "Startup Cost": 15001.4, "Total Cost": 34246.65, "Plan Rows": 1304518, "Plan Width": 28, "Actual Min Startup Time": 49.718, "Actual Max Startup Time": 56.798, "Actual Min Total Time": 74.609, "Actual Max Total Time": 84.701, "Inner Unique": true, "Hash Cond": "(mc.company_type_id = ct.id), (LLVM Optimized)", "Plans": [{"Node Type": "Seq Scan", "Parent Relationship": "Outer", "Relation Name": "movie_companies", "Alias": "mc", "Startup Cost": 0.0, "Total Cost": 18021.26, "Plan Rows": 2609035, "Plan Width": 32, "Actual Min Startup Time": 0.04, "Actual Max Startup Time": 0.067, "Actual Min Total Time": 59.729, "Actual Max Total Time": 66.952, "Filter": "((note)::text !~~ '%(as Metro-Goldwyn-Mayer Pictures)%'::text), (LLVM Optimized)", "Rows Removed by Filter": 1272041, "Actual Rows": 1337087}, {"Node Type": "Hash", "Parent Relationship": "Inner", "Startup Cost": 15001.38, "Total Cost": 15001.38, "Plan Rows": 16, "Plan Width": 4, "Actual Min Startup Time": 0.01, "Actual Max Startup Time": 0.026, "Actual Min Total Time": 0.01, "Actual Max Total Time": 0.026, "Max Hash Buckets": 32768, "Min Hash Buckets": 32768, "Max Hash Batches": 1, "Min Hash Batches": 1, "Max Original Hash Batches": 1, "Min Original Hash Batches": 1, "Max Peak Memory Usage": 1, "min Peak Memory Usage": 1, "Plans": [{"Node Type": "Streaming(type: BROADCAST dop: 16/1)", "Parent Relationship": "Outer", "Startup Cost": 0.0, "Total Cost": 15001.38, "Plan Rows": 16, "Plan Width": 4, "Actual Min Startup Time": 0.003, "Actual Max Startup Time": 0.008, "Actual Min Total Time": 0.003, "Actual Max Total Time": 0.009, "Plans": [{"Node Type": "Seq Scan", "Parent Relationship": "Outer", "Relation Name": "company_type", "Alias": "ct", "Startup Cost": 0.0, "Total Cost": 1.04, "Plan Rows": 1, "Plan Width": 4, "Actual Min Startup Time": 0.035, "Actual Max Startup Time": 0.035, "Actual Min Total Time": 0.038, "Actual Max Total Time": 0.038, "Filter": "((kind)::text = 'production companies'::text)", "Rows Removed by Filter": 2, "Actual Rows": 1}], "Actual Rows": 16}], "Actual Rows": 16}], "Actual Rows": 140904}], "Actual Rows": 140904}], "Actual Rows": 3}], "Actual Rows": 16}], "Actual Rows": 16}], "Actual Rows": 1}, "Triggers": [], "Planner Runtime": 24.667, "Total Runtime": 267.123, "Unique SQL Id": 1162488282}}, "(16, '11')": {"explain_plan": {"Plan": {"Node Type": "Aggregate", "Strategy": "Plain", "Startup Cost": 4996298643025.23, "Total Cost": 4996298643025.24, "Plan Rows": 1, "Plan Width": 113, "Plans": [{"Node Type": "Merge Join", "Parent Relationship": "Outer", "Join Type": "Inner", "Startup Cost": 50033501541.7, "Total Cost": 4996298639669.21, "Plan Rows": 447470, "Plan Width": 45, "Inner Unique": false, "Merge Cond": "(t.id = mi_idx.movie_id)", "Plans": [{"Node Type": "Nested Loop", "Parent Relationship": "Outer", "Join Type": "Inner", "Startup Cost": 30022023519.89, "Total Cost": 2999077645366.78, "Plan Rows": 1164716, "Plan Width": 53, "Inner Unique": true, "Join Filter": "(mc.company_type_id = ct.id), (LLVM Optimized)", "Plans": [{"Node Type": "Merge Join", "Parent Relationship": "Outer", "Join Type": "Inner", "Startup Cost": 20022023519.89, "Total Cost": 1999077618211.31, "Plan Rows": 1728348, "Plan Width": 57, "Inner Unique": false, "Merge Cond": "(t.id = mc.movie_id)", "Plans": [{"Node Type": "Index Scan", "Parent Relationship": "Outer", "Scan Direction": "Forward", "Index Name": "title_pkey", "Relation Name": "title", "Alias": "t", "Startup Cost": 10000000000.0, "Total Cost": 1000012276204.41, "Plan Rows": 719240, "Plan Width": 25, "Filter": "((production_year >= 2005) AND (production_year <= 2010)), (LLVM Optimized)"}, {"Node Type": "Index Scan", "Parent Relationship": "Inner", "Scan Direction": "Forward", "Index Name": "movie_id_movie_companies", "Relation Name": "movie_companies", "Alias": "mc", "Startup Cost": 10000000000.0, "Total Cost": 1000013704228.13, "Plan Rows": 2609035, "Plan Width": 32, "Filter": "((note)::text !~~ '%(as Metro-Goldwyn-Mayer Pictures)%'::text), (LLVM Optimized)"}]}, {"Node Type": "Materialize", "Parent Relationship": "Inner", "Startup Cost": 10000000000.0, "Total Cost": 1000000001230.26, "Plan Rows": 1, "Plan Width": 4, "Plans": [{"Node Type": "Index Scan", "Parent Relationship": "Outer", "Scan Direction": "Forward", "Index Name": "company_type_pkey", "Relation Name": "company_type", "Alias": "ct", "Startup Cost": 10000000000.0, "Total Cost": 1000000001230.25, "Plan Rows": 1, "Plan Width": 4, "Filter": "((kind)::text = 'production companies'::text)"}]}]}, {"Node Type": "Materialize", "Parent Relationship": "Inner", "Startup Cost": 20000000000.0, "Total Cost": 2000004673019.4, "Plan Rows": 345008, "Plan Width": 4, "Plans": [{"Node Type": "Nested Loop", "Parent Relationship": "Outer", "Join Type": "Inner", "Startup Cost": 20000000000.0, "Total Cost": 2000004672156.88, "Plan Rows": 345008, "Plan Width": 4, "Inner Unique": true, "Join Filter": "(it.id = mi_idx.info_type_id), (LLVM Optimized)", "Plans": [{"Node Type": "Index Scan", "Parent Relationship": "Outer", "Scan Direction": "Forward", "Index Name": "movie_id_movie_info_idx", "Relation Name": "movie_info_idx", "Alias": "mi_idx", "Startup Cost": 10000000000.0, "Total Cost": 1000004650035.37, "Plan Rows": 1380034, "Plan Width": 8}, {"Node Type": "Materialize", "Parent Relationship": "Inner", "Startup Cost": 10000000000.0, "Total Cost": 1000000001421.0, "Plan Rows": 1, "Plan Width": 4, "Plans": [{"Node Type": "Index Scan", "Parent Relationship": "Outer", "Scan Direction": "Forward", "Index Name": "info_type_pkey", "Relation Name": "info_type", "Alias": "it", "Startup Cost": 10000000000.0, "Total Cost": 1000000001421.0, "Plan Rows": 1, "Plan Width": 4, "Filter": "((info)::text = 'bottom 10 rank'::text)"}]}]}]}]}]}, "Unique SQL Id": 1162488282, "Planner Runtime": 12}, "explain_analyze_plan": null}, "(16, '12')": {"explain_plan": {"Plan": {"Node Type": "Aggregate", "Strategy": "Plain", "Startup Cost": 157102.83, "Total Cost": 157102.86, "Plan Rows": 1, "Plan Width": 113, "Plans": [{"Node Type": "Streaming(type: LOCAL GATHER dop: 1/16)", "Parent Relationship": "Outer", "Startup Cost": 157102.83, "Total Cost": 157102.86, "Plan Rows": 1, "Plan Width": 113, "Plans": [{"Node Type": "Aggregate", "Strategy": "Plain", "Parent Relationship": "Outer", "Startup Cost": 157102.83, "Total Cost": 157102.84, "Plan Rows": 1, "Plan Width": 113, "Plans": [{"Node Type": "Hash Join", "Parent Relationship": "Outer", "Join Type": "Inner", "Startup Cost": 55372.13, "Total Cost": 153746.81, "Plan Rows": 447470, "Plan Width": 45, "Inner Unique": false, "Hash Cond": "(t.id = mc.movie_id), (LLVM Optimized)", "Plans": [{"Node Type": "Streaming(type: BROADCAST dop: 16/16)", "Parent Relationship": "Outer", "Startup Cost": 20106.32, "Total Cost": 114115.76, "Plan Rows": 6342464, "Plan Width": 29, "Plans": [{"Node Type": "Hash Join", "Parent Relationship": "Outer", "Join Type": "Inner", "Startup Cost": 20106.32, "Total Cost": 83011.85, "Plan Rows": 396404, "Plan Width": 29, "Inner Unique": true, "Hash Cond": "(mi_idx.movie_id = t.id), (LLVM Optimized)", "Plans": [{"Node Type": "Streaming(type: BROADCAST dop: 16/16)", "Parent Relationship": "Outer", "Startup Cost": 0.0, "Total Cost": 61363.99, "Plan Rows": 5520128, "Plan Width": 4, "Plans": [{"Node Type": "Nested Loop", "Parent Relationship": "Outer", "Join Type": "Inner", "Startup Cost": 0.0, "Total Cost": 32348.04, "Plan Rows": 345008, "Plan Width": 4, "Inner Unique": false, "Join Filter": "(it.id = mi_idx.info_type_id), (LLVM Optimized)", "Plans": [{"Node Type": "Streaming(type: BROADCAST dop: 16/1)", "Parent Relationship": "Outer", "Startup Cost": 0.0, "Total Cost": 15002.75, "Plan Rows": 16, "Plan Width": 4, "Plans": [{"Node Type": "Seq Scan", "Parent Relationship": "Outer", "Relation Name": "info_type", "Alias": "it", "Startup Cost": 0.0, "Total Cost": 2.4, "Plan Rows": 1, "Plan Width": 4, "Filter": "((info)::text = 'bottom 10 rank'::text)"}]}, {"Node Type": "Seq Scan", "Parent Relationship": "Inner", "Relation Name": "movie_info_idx", "Alias": "mi_idx", "Startup Cost": 0.0, "Total Cost": 16267.15, "Plan Rows": 1380034, "Plan Width": 8}]}]}, {"Node Type": "Hash", "Parent Relationship": "Inner", "Startup Cost": 19544.42, "Total Cost": 19544.42, "Plan Rows": 719240, "Plan Width": 25, "Plans": [{"Node Type": "Seq Scan", "Parent Relationship": "Outer", "Relation Name": "title", "Alias": "t", "Startup Cost": 554.15, "Total Cost": 19544.42, "Plan Rows": 719240, "Plan Width": 25, "Filter": "((production_year >= 2005) AND (production_year <= 2010)), (LLVM Optimized)"}]}]}]}, {"Node Type": "Hash", "Parent Relationship": "Inner", "Startup Cost": 34246.65, "Total Cost": 34246.65, "Plan Rows": 1304518, "Plan Width": 28, "Plans": [{"Node Type": "Hash Join", "Parent Relationship": "Outer", "Join Type": "Inner", "Startup Cost": 15001.4, "Total Cost": 34246.65, "Plan Rows": 1304518, "Plan Width": 28, "Inner Unique": true, "Hash Cond": "(mc.company_type_id = ct.id), (LLVM Optimized)", "Plans": [{"Node Type": "Seq Scan", "Parent Relationship": "Outer", "Relation Name": "movie_companies", "Alias": "mc", "Startup Cost": 0.0, "Total Cost": 18021.26, "Plan Rows": 2609035, "Plan Width": 32, "Filter": "((note)::text !~~ '%(as Metro-Goldwyn-Mayer Pictures)%'::text), (LLVM Optimized)"}, {"Node Type": "Hash", "Parent Relationship": "Inner", "Startup Cost": 15001.38, "Total Cost": 15001.38, "Plan Rows": 16, "Plan Width": 4, "Plans": [{"Node Type": "Streaming(type: BROADCAST dop: 16/1)", "Parent Relationship": "Outer", "Startup Cost": 0.0, "Total Cost": 15001.38, "Plan Rows": 16, "Plan Width": 4, "Plans": [{"Node Type": "Seq Scan", "Parent Relationship": "Outer", "Relation Name": "company_type", "Alias": "ct", "Startup Cost": 0.0, "Total Cost": 1.04, "Plan Rows": 1, "Plan Width": 4, "Filter": "((kind)::text = 'production companies'::text)"}]}]}]}]}]}]}]}]}, "Unique SQL Id": 1162488282, "Planner Runtime": 25}, "explain_analyze_plan": {"Plan": {"Node Type": "Aggregate", "Strategy": "Plain", "Startup Cost": 157102.83, "Total Cost": 157102.86, "Plan Rows": 1, "Plan Width": 113, "Actual Min Startup Time": 245.945, "Actual Max Startup Time": 245.945, "Actual Min Total Time": 245.945, "Actual Max Total Time": 245.945, "Plans": [{"Node Type": "Streaming(type: LOCAL GATHER dop: 1/16)", "Parent Relationship": "Outer", "Startup Cost": 157102.83, "Total Cost": 157102.86, "Plan Rows": 1, "Plan Width": 113, "Actual Min Startup Time": 245.778, "Actual Max Startup Time": 245.778, "Actual Min Total Time": 245.931, "Actual Max Total Time": 245.931, "Plans": [{"Node Type": "Aggregate", "Strategy": "Plain", "Parent Relationship": "Outer", "Startup Cost": 157102.83, "Total Cost": 157102.84, "Plan Rows": 1, "Plan Width": 113, "Actual Min Startup Time": 86.896, "Actual Max Startup Time": 153.253, "Actual Min Total Time": 86.896, "Actual Max Total Time": 153.253, "Plans": [{"Node Type": "Hash Join", "Parent Relationship": "Outer", "Join Type": "Inner", "Startup Cost": 55372.13, "Total Cost": 153746.81, "Plan Rows": 447470, "Plan Width": 45, "Actual Min Startup Time": 86.889, "Actual Max Startup Time": 153.248, "Actual Min Total Time": 86.889, "Actual Max Total Time": 153.248, "Inner Unique": false, "Hash Cond": "(t.id = mc.movie_id), (LLVM Optimized)", "Plans": [{"Node Type": "Streaming(type: BROADCAST dop: 16/16)", "Parent Relationship": "Outer", "Startup Cost": 20106.32, "Total Cost": 114115.76, "Plan Rows": 6342464, "Plan Width": 29, "Actual Min Startup Time": 0.025, "Actual Max Startup Time": 23.382, "Actual Min Total Time": 2.705, "Actual Max Total Time": 69.913, "Plans": [{"Node Type": "Hash Join", "Parent Relationship": "Outer", "Join Type": "Inner", "Startup Cost": 20106.32, "Total Cost": 83011.85, "Plan Rows": 396404, "Plan Width": 29, "Actual Min Startup Time": 78.564, "Actual Max Startup Time": 121.165, "Actual Min Total Time": 78.564, "Actual Max Total Time": 121.165, "Inner Unique": true, "Hash Cond": "(mi_idx.movie_id = t.id), (LLVM Optimized)", "Plans": [{"Node Type": "Streaming(type: BROADCAST dop: 16/16)", "Parent Relationship": "Outer", "Startup Cost": 0.0, "Total Cost": 61363.99, "Plan Rows": 5520128, "Plan Width": 4, "Actual Min Startup Time": 0.027, "Actual Max Startup Time": 41.412, "Actual Min Total Time": 0.028, "Actual Max Total Time": 41.413, "Plans": [{"Node Type": "Nested Loop", "Parent Relationship": "Outer", "Join Type": "Inner", "Startup Cost": 0.0, "Total Cost": 32348.04, "Plan Rows": 345008, "Plan Width": 4, "Actual Min Startup Time": 34.827, "Actual Max Startup Time": 41.188, "Actual Min Total Time": 34.827, "Actual Max Total Time": 41.196, "Inner Unique": false, "Join Filter": "(it.id = mi_idx.info_type_id), (LLVM Optimized)", "Rows Removed by Join Filter": 1380024, "Plans": [{"Node Type": "Streaming(type: BROADCAST dop: 16/1)", "Parent Relationship": "Outer", "Startup Cost": 0.0, "Total Cost": 15002.75, "Plan Rows": 16, "Plan Width": 4, "Actual Min Startup Time": 0.003, "Actual Max Startup Time": 0.01, "Actual Min Total Time": 0.005, "Actual Max Total Time": 0.011, "Plans": [{"Node Type": "Seq Scan", "Parent Relationship": "Outer", "Relation Name": "info_type", "Alias": "it", "Startup Cost": 0.0, "Total Cost": 2.4, "Plan Rows": 1, "Plan Width": 4, "Actual Min Startup Time": 0.059, "Actual Max Startup Time": 0.059, "Actual Min Total Time": 0.061, "Actual Max Total Time": 0.061, "Filter": "((info)::text = 'bottom 10 rank'::text)", "Rows Removed by Filter": 111, "Actual Rows": 1}], "Actual Rows": 16}, {"Node Type": "Seq Scan", "Parent Relationship": "Inner", "Relation Name": "movie_info_idx", "Alias": "mi_idx", "Startup Cost": 0.0, "Total Cost": 16267.15, "Plan Rows": 1380034, "Plan Width": 8, "Actual Min Startup Time": 0.032, "Actual Max Startup Time": 0.059, "Actual Min Total Time": 18.617, "Actual Max Total Time": 22.027, "Actual Rows": 1380034}], "Actual Rows": 10}], "Actual Rows": 160}, {"Node Type": "Hash", "Parent Relationship": "Inner", "Startup Cost": 19544.42, "Total Cost": 19544.42, "Plan Rows": 719240, "Plan Width": 25, "Actual Min Startup Time": 78.449, "Actual Max Startup Time": 87.352, "Actual Min Total Time": 78.449, "Actual Max Total Time": 87.352, "Max Hash Buckets": 65536, "Min Hash Buckets": 65536, "Max Hash Batches": 1, "Min Hash Batches": 1, "Max Original Hash Batches": 1, "Min Original Hash Batches": 1, "Max Peak Memory Usage": 2621, "min Peak Memory Usage": 2621, "Plans": [{"Node Type": "Seq Scan", "Parent Relationship": "Outer", "Relation Name": "title", "Alias": "t", "Startup Cost": 554.15, "Total Cost": 19544.42, "Plan Rows": 719240, "Plan Width": 25, "Actual Min Startup Time": 0.024, "Actual Max Startup Time": 0.057, "Actual Min Total Time": 64.592, "Actual Max Total Time": 72.483, "Filter": "((production_year >= 2005) AND (production_year <= 2010)), (LLVM Optimized)", "Rows Removed by Filter": 1812052, "Actual Rows": 716259}], "Actual Rows": 716259}], "Actual Rows": 4}], "Actual Rows": 64}, {"Node Type": "Hash", "Parent Relationship": "Inner", "Startup Cost": 34246.65, "Total Cost": 34246.65, "Plan Rows": 1304518, "Plan Width": 28, "Actual Min Startup Time": 77.643, "Actual Max Startup Time": 88.71, "Actual Min Total Time": 77.643, "Actual Max Total Time": 88.71, "Max Hash Buckets": 131072, "Min Hash Buckets": 131072, "Max Hash Batches": 1, "Min Hash Batches": 1, "Max Original Hash Batches": 1, "Min Original Hash Batches": 1, "Max Peak Memory Usage": 488, "min Peak Memory Usage": 488, "Plans": [{"Node Type": "Hash Join", "Parent Relationship": "Outer", "Join Type": "Inner", "Startup Cost": 15001.4, "Total Cost": 34246.65, "Plan Rows": 1304518, "Plan Width": 28, "Actual Min Startup Time": 49.718, "Actual Max Startup Time": 56.798, "Actual Min Total Time": 74.609, "Actual Max Total Time": 84.701, "Inner Unique": true, "Hash Cond": "(mc.company_type_id = ct.id), (LLVM Optimized)", "Plans": [{"Node Type": "Seq Scan", "Parent Relationship": "Outer", "Relation Name": "movie_companies", "Alias": "mc", "Startup Cost": 0.0, "Total Cost": 18021.26, "Plan Rows": 2609035, "Plan Width": 32, "Actual Min Startup Time": 0.04, "Actual Max Startup Time": 0.067, "Actual Min Total Time": 59.729, "Actual Max Total Time": 66.952, "Filter": "((note)::text !~~ '%(as Metro-Goldwyn-Mayer Pictures)%'::text), (LLVM Optimized)", "Rows Removed by Filter": 1272041, "Actual Rows": 1337087}, {"Node Type": "Hash", "Parent Relationship": "Inner", "Startup Cost": 15001.38, "Total Cost": 15001.38, "Plan Rows": 16, "Plan Width": 4, "Actual Min Startup Time": 0.01, "Actual Max Startup Time": 0.026, "Actual Min Total Time": 0.01, "Actual Max Total Time": 0.026, "Max Hash Buckets": 32768, "Min Hash Buckets": 32768, "Max Hash Batches": 1, "Min Hash Batches": 1, "Max Original Hash Batches": 1, "Min Original Hash Batches": 1, "Max Peak Memory Usage": 1, "min Peak Memory Usage": 1, "Plans": [{"Node Type": "Streaming(type: BROADCAST dop: 16/1)", "Parent Relationship": "Outer", "Startup Cost": 0.0, "Total Cost": 15001.38, "Plan Rows": 16, "Plan Width": 4, "Actual Min Startup Time": 0.003, "Actual Max Startup Time": 0.008, "Actual Min Total Time": 0.003, "Actual Max Total Time": 0.009, "Plans": [{"Node Type": "Seq Scan", "Parent Relationship": "Outer", "Relation Name": "company_type", "Alias": "ct", "Startup Cost": 0.0, "Total Cost": 1.04, "Plan Rows": 1, "Plan Width": 4, "Actual Min Startup Time": 0.035, "Actual Max Startup Time": 0.035, "Actual Min Total Time": 0.038, "Actual Max Total Time": 0.038, "Filter": "((kind)::text = 'production companies'::text)", "Rows Removed by Filter": 2, "Actual Rows": 1}], "Actual Rows": 16}], "Actual Rows": 16}], "Actual Rows": 140904}], "Actual Rows": 140904}], "Actual Rows": 3}], "Actual Rows": 16}], "Actual Rows": 16}], "Actual Rows": 1}, "Triggers": [], "Planner Runtime": 24.667, "Total Runtime": 267.123, "Unique SQL Id": 1162488282}}, "(16, '13')": {"explain_plan": {"Plan": {"Node Type": "Aggregate", "Strategy": "Plain", "Startup Cost": 250949.83, "Total Cost": 250949.86, "Plan Rows": 1, "Plan Width": 113, "Plans": [{"Node Type": "Streaming(type: LOCAL GATHER dop: 1/16)", "Parent Relationship": "Outer", "Startup Cost": 250949.83, "Total Cost": 250949.86, "Plan Rows": 1, "Plan Width": 113, "Plans": [{"Node Type": "Aggregate", "Strategy": "Plain", "Parent Relationship": "Outer", "Startup Cost": 250949.83, "Total Cost": 250949.84, "Plan Rows": 1, "Plan Width": 113, "Plans": [{"Node Type": "Nested Loop", "Parent Relationship": "Outer", "Join Type": "Inner", "Startup Cost": 156012.91, "Total Cost": 247593.8, "Plan Rows": 447470, "Plan Width": 45, "Inner Unique": false, "Join Filter": "(mc.company_type_id = ct.id), (LLVM Optimized)", "Plans": [{"Node Type": "Streaming(type: BROADCAST dop: 16/1)", "Parent Relationship": "Outer", "Startup Cost": 0.0, "Total Cost": 15012.65, "Plan Rows": 16, "Plan Width": 4, "Plans": [{"Node Type": "Index Scan", "Parent Relationship": "Outer", "Scan Direction": "Forward", "Index Name": "company_type_pkey", "Relation Name": "company_type", "Alias": "ct", "Startup Cost": 0.0, "Total Cost": 12.3, "Plan Rows": 1, "Plan Width": 4, "Filter": "((kind)::text = 'production companies'::text)"}]}, {"Node Type": "Materialize", "Parent Relationship": "Inner", "Startup Cost": 156012.91, "Total Cost": 233525.09, "Plan Rows": 549199, "Plan Width": 49, "Plans": [{"Node Type": "Hash Join", "Parent Relationship": "Outer", "Join Type": "Inner", "Startup Cost": 156012.91, "Total Cost": 232152.09, "Plan Rows": 549199, "Plan Width": 49, "Inner Unique": false, "Hash Cond": "(t.id = mc.movie_id), (LLVM Optimized)", "Plans": [{"Node Type": "Streaming(type: LOCAL REDISTRIBUTE dop: 16/1)", "Parent Relationship": "Outer", "Startup Cost": 126720.83, "Total Cost": 201800.13, "Plan Rows": 396404, "Plan Width": 29, "Plans": [{"Node Type": "Hash Join", "Parent Relationship": "Outer", "Join Type": "Inner", "Startup Cost": 126720.83, "Total Cost": 170316.85, "Plan Rows": 396404, "Plan Width": 29, "Inner Unique": true, "Hash Cond": "(mi_idx.movie_id = t.id), (LLVM Optimized)", "Plans": [{"Node Type": "Nested Loop", "Parent Relationship": "Outer", "Join Type": "Inner", "Startup Cost": 0.0, "Total Cost": 38338.2, "Plan Rows": 345008, "Plan Width": 4, "Inner Unique": false, "Plans": [{"Node Type": "Index Scan", "Parent Relationship": "Outer", "Scan Direction": "Forward", "Index Name": "info_type_pkey", "Relation Name": "info_type", "Alias": "it", "Startup Cost": 0.0, "Total Cost": 14.21, "Plan Rows": 1, "Plan Width": 4, "Filter": "((info)::text = 'bottom 10 rank'::text)"}, {"Node Type": "Index Scan", "Parent Relationship": "Inner", "Scan Direction": "Forward", "Index Name": "info_type_id_movie_info_idx", "Relation Name": "movie_info_idx", "Alias": "mi_idx", "Startup Cost": 0.0, "Total Cost": 34873.91, "Plan Rows": 345008, "Plan Width": 8, "Index Cond": "(info_type_id = it.id), (LLVM Optimized)"}]}, {"Node Type": "Hash", "Parent Relationship": "Inner", "Startup Cost": 117730.33, "Total Cost": 117730.33, "Plan Rows": 719240, "Plan Width": 25, "Plans": [{"Node Type": "Streaming(type: LOCAL GATHER dop: 1/16)", "Parent Relationship": "Outer", "Startup Cost": 0.0, "Total Cost": 117730.33, "Plan Rows": 719240, "Plan Width": 25, "Plans": [{"Node Type": "Index Scan", "Parent Relationship": "Outer", "Scan Direction": "Forward", "Index Name": "title_pkey", "Relation Name": "title", "Alias": "t", "Startup Cost": 0.0, "Total Cost": 102207.67, "Plan Rows": 719240, "Plan Width": 25, "Filter": "((production_year >= 2005) AND (production_year <= 2010)), (LLVM Optimized)"}]}]}]}]}, {"Node Type": "Hash", "Parent Relationship": "Inner", "Startup Cost": 109015.07, "Total Cost": 109015.07, "Plan Rows": 2609035, "Plan Width": 32, "Plans": [{"Node Type": "Streaming(type: LOCAL REDISTRIBUTE dop: 16/16)", "Parent Relationship": "Outer", "Startup Cost": 0.0, "Total Cost": 109015.07, "Plan Rows": 2609035, "Plan Width": 32, "Plans": [{"Node Type": "Index Scan", "Parent Relationship": "Outer", "Scan Direction": "Forward", "Index Name": "company_type_id_movie_companies", "Relation Name": "movie_companies", "Alias": "mc", "Startup Cost": 0.0, "Total Cost": 84129.27, "Plan Rows": 2609035, "Plan Width": 32, "Filter": "((note)::text !~~ '%(as Metro-Goldwyn-Mayer Pictures)%'::text), (LLVM Optimized)"}]}]}]}]}]}]}]}]}, "Unique SQL Id": 1162488282, "Planner Runtime": 18}, "explain_analyze_plan": {"Plan": {"Node Type": "Aggregate", "Strategy": "Plain", "Startup Cost": 250949.83, "Total Cost": 250949.86, "Plan Rows": 1, "Plan Width": 113, "Actual Min Startup Time": 757.018, "Actual Max Startup Time": 757.018, "Actual Min Total Time": 757.018, "Actual Max Total Time": 757.018, "Plans": [{"Node Type": "Streaming(type: LOCAL GATHER dop: 1/16)", "Parent Relationship": "Outer", "Startup Cost": 250949.83, "Total Cost": 250949.86, "Plan Rows": 1, "Plan Width": 113, "Actual Min Startup Time": 755.212, "Actual Max Startup Time": 755.212, "Actual Min Total Time": 757.004, "Actual Max Total Time": 757.004, "Plans": [{"Node Type": "Aggregate", "Strategy": "Plain", "Parent Relationship": "Outer", "Startup Cost": 250949.83, "Total Cost": 250949.84, "Plan Rows": 1, "Plan Width": 113, "Actual Min Startup Time": 605.855, "Actual Max Startup Time": 673.528, "Actual Min Total Time": 605.856, "Actual Max Total Time": 673.528, "Plans": [{"Node Type": "Nested Loop", "Parent Relationship": "Outer", "Join Type": "Inner", "Startup Cost": 156012.91, "Total Cost": 247593.8, "Plan Rows": 447470, "Plan Width": 45, "Actual Min Startup Time": 605.847, "Actual Max Startup Time": 673.521, "Actual Min Total Time": 605.847, "Actual Max Total Time": 673.521, "Inner Unique": false, "Join Filter": "(mc.company_type_id = ct.id), (LLVM Optimized, Jit Execute)", "Rows Removed by Join Filter": 63, "Plans": [{"Node Type": "Streaming(type: BROADCAST dop: 16/1)", "Parent Relationship": "Outer", "Startup Cost": 0.0, "Total Cost": 15012.65, "Plan Rows": 16, "Plan Width": 4, "Actual Min Startup Time": 0.003, "Actual Max Startup Time": 0.007, "Actual Min Total Time": 0.003, "Actual Max Total Time": 0.008, "Plans": [{"Node Type": "Index Scan", "Parent Relationship": "Outer", "Scan Direction": "Forward", "Index Name": "company_type_pkey", "Relation Name": "company_type", "Alias": "ct", "Startup Cost": 0.0, "Total Cost": 12.3, "Plan Rows": 1, "Plan Width": 4, "Actual Min Startup Time": 0.051, "Actual Max Startup Time": 0.051, "Actual Min Total Time": 0.056, "Actual Max Total Time": 0.056, "Filter": "((kind)::text = 'production companies'::text)", "Rows Removed by Filter": 2, "Actual Rows": 1}], "Actual Rows": 16}, {"Node Type": "Materialize", "Parent Relationship": "Inner", "Startup Cost": 156012.91, "Total Cost": 233525.09, "Plan Rows": 549199, "Plan Width": 49, "Actual Min Startup Time": 605.242, "Actual Max Startup Time": 672.833, "Actual Min Total Time": 605.242, "Actual Max Total Time": 672.833, "Plans": [{"Node Type": "Hash Join", "Parent Relationship": "Outer", "Join Type": "Inner", "Startup Cost": 156012.91, "Total Cost": 232152.09, "Plan Rows": 549199, "Plan Width": 49, "Actual Min Startup Time": 605.237, "Actual Max Startup Time": 672.814, "Actual Min Total Time": 605.237, "Actual Max Total Time": 672.818, "Inner Unique": false, "Hash Cond": "(t.id = mc.movie_id), (LLVM Optimized, Jit Execute)", "Plans": [{"Node Type": "Streaming(type: LOCAL REDISTRIBUTE dop: 16/1)", "Parent Relationship": "Outer", "Startup Cost": 126720.83, "Total Cost": 201800.13, "Plan Rows": 396404, "Plan Width": 29, "Actual Min Startup Time": 310.316, "Actual Max Startup Time": 310.376, "Actual Min Total Time": 310.318, "Actual Max Total Time": 310.376, "Plans": [{"Node Type": "Hash Join", "Parent Relationship": "Outer", "Join Type": "Inner", "Startup Cost": 126720.83, "Total Cost": 170316.85, "Plan Rows": 396404, "Plan Width": 29, "Actual Min Startup Time": 615.478, "Actual Max Startup Time": 615.478, "Actual Min Total Time": 615.487, "Actual Max Total Time": 615.487, "Inner Unique": true, "Hash Cond": "(mi_idx.movie_id = t.id), (LLVM Optimized, Jit Execute)", "Plans": [{"Node Type": "Nested Loop", "Parent Relationship": "Outer", "Join Type": "Inner", "Startup Cost": 0.0, "Total Cost": 38338.2, "Plan Rows": 345008, "Plan Width": 4, "Actual Min Startup Time": 0.158, "Actual Max Startup Time": 0.158, "Actual Min Total Time": 0.167, "Actual Max Total Time": 0.167, "Inner Unique": false, "Plans": [{"Node Type": "Index Scan", "Parent Relationship": "Outer", "Scan Direction": "Forward", "Index Name": "info_type_pkey", "Relation Name": "info_type", "Alias": "it", "Startup Cost": 0.0, "Total Cost": 14.21, "Plan Rows": 1, "Plan Width": 4, "Actual Min Startup Time": 0.121, "Actual Max Startup Time": 0.121, "Actual Min Total Time": 0.121, "Actual Max Total Time": 0.121, "Filter": "((info)::text = 'bottom 10 rank'::text)", "Rows Removed by Filter": 111, "Actual Rows": 1}, {"Node Type": "Index Scan", "Parent Relationship": "Inner", "Scan Direction": "Forward", "Index Name": "info_type_id_movie_info_idx", "Relation Name": "movie_info_idx", "Alias": "mi_idx", "Startup Cost": 0.0, "Total Cost": 34873.91, "Plan Rows": 345008, "Plan Width": 8, "Actual Min Startup Time": 0.029, "Actual Max Startup Time": 0.029, "Actual Min Total Time": 0.035, "Actual Max Total Time": 0.035, "Index Cond": "(info_type_id = it.id), (LLVM Optimized, Jit Execute)", "Rows Removed by Index Recheck": 0, "Actual Rows": 10}], "Actual Rows": 10}, {"Node Type": "Hash", "Parent Relationship": "Inner", "Startup Cost": 117730.33, "Total Cost": 117730.33, "Plan Rows": 719240, "Plan Width": 25, "Actual Min Startup Time": 614.649, "Actual Max Startup Time": 614.649, "Actual Min Total Time": 614.649, "Actual Max Total Time": 614.649, "Max Hash Buckets": 1048576, "Min Hash Buckets": 1048576, "Max Hash Batches": 1, "Min Hash Batches": 1, "Max Original Hash Batches": 1, "Min Original Hash Batches": 1, "Max Peak Memory Usage": 41052, "min Peak Memory Usage": 41052, "Plans": [{"Node Type": "Streaming(type: LOCAL GATHER dop: 1/16)", "Parent Relationship": "Outer", "Startup Cost": 0.0, "Total Cost": 117730.33, "Plan Rows": 719240, "Plan Width": 25, "Actual Min Startup Time": 0.06, "Actual Max Startup Time": 0.06, "Actual Min Total Time": 390.483, "Actual Max Total Time": 390.483, "Plans": [{"Node Type": "Index Scan", "Parent Relationship": "Outer", "Scan Direction": "Forward", "Index Name": "title_pkey", "Relation Name": "title", "Alias": "t", "Startup Cost": 0.0, "Total Cost": 102207.67, "Plan Rows": 719240, "Plan Width": 25, "Actual Min Startup Time": 0.037, "Actual Max Startup Time": 17.749, "Actual Min Total Time": 234.299, "Actual Max Total Time": 307.682, "Filter": "((production_year >= 2005) AND (production_year <= 2010)), (LLVM Optimized, Jit Execute)", "Rows Removed by Filter": 1812052, "Actual Rows": 716259}], "Actual Rows": 716259}], "Actual Rows": 716259}], "Actual Rows": 4}], "Actual Rows": 4}, {"Node Type": "Hash", "Parent Relationship": "Inner", "Startup Cost": 109015.07, "Total Cost": 109015.07, "Plan Rows": 2609035, "Plan Width": 32, "Actual Min Startup Time": 294.558, "Actual Max Startup Time": 362.247, "Actual Min Total Time": 294.558, "Actual Max Total Time": 362.247, "Max Hash Buckets": 262144, "Min Hash Buckets": 262144, "Max Hash Batches": 1, "Min Hash Batches": 1, "Max Original Hash Batches": 1, "Min Original Hash Batches": 1, "Max Peak Memory Usage": 5435, "min Peak Memory Usage": 5435, "Plans": [{"Node Type": "Streaming(type: LOCAL REDISTRIBUTE dop: 16/16)", "Parent Relationship": "Outer", "Startup Cost": 0.0, "Total Cost": 109015.07, "Plan Rows": 2609035, "Plan Width": 32, "Actual Min Startup Time": 0.05, "Actual Max Startup Time": 57.315, "Actual Min Total Time": 270.812, "Actual Max Total Time": 338.266, "Plans": [{"Node Type": "Index Scan", "Parent Relationship": "Outer", "Scan Direction": "Forward", "Index Name": "company_type_id_movie_companies", "Relation Name": "movie_companies", "Alias": "mc", "Startup Cost": 0.0, "Total Cost": 84129.27, "Plan Rows": 2609035, "Plan Width": 32, "Actual Min Startup Time": 0.049, "Actual Max Startup Time": 21.129, "Actual Min Total Time": 76.669, "Actual Max Total Time": 165.272, "Filter": "((note)::text !~~ '%(as Metro-Goldwyn-Mayer Pictures)%'::text), (LLVM Optimized, Jit Execute)", "Rows Removed by Filter": 1272041, "Actual Rows": 1337087}], "Actual Rows": 1337087}], "Actual Rows": 1337087}], "Actual Rows": 66}], "Actual Rows": 70}], "Actual Rows": 3}], "Actual Rows": 16}], "Actual Rows": 16}], "Actual Rows": 1}, "Triggers": [], "Planner Runtime": 18.051, "Total Runtime": 777.036, "Unique SQL Id": 1162488282}}, "(16, '14')": {"explain_plan": {"Plan": {"Node Type": "Aggregate", "Strategy": "Plain", "Startup Cost": 157102.83, "Total Cost": 157102.86, "Plan Rows": 1, "Plan Width": 113, "Plans": [{"Node Type": "Streaming(type: LOCAL GATHER dop: 1/16)", "Parent Relationship": "Outer", "Startup Cost": 157102.83, "Total Cost": 157102.86, "Plan Rows": 1, "Plan Width": 113, "Plans": [{"Node Type": "Aggregate", "Strategy": "Plain", "Parent Relationship": "Outer", "Startup Cost": 157102.83, "Total Cost": 157102.84, "Plan Rows": 1, "Plan Width": 113, "Plans": [{"Node Type": "Hash Join", "Parent Relationship": "Outer", "Join Type": "Inner", "Startup Cost": 55372.13, "Total Cost": 153746.81, "Plan Rows": 447470, "Plan Width": 45, "Inner Unique": false, "Hash Cond": "(t.id = mc.movie_id), (LLVM Optimized)", "Plans": [{"Node Type": "Streaming(type: BROADCAST dop: 16/16)", "Parent Relationship": "Outer", "Startup Cost": 20106.32, "Total Cost": 114115.76, "Plan Rows": 6342464, "Plan Width": 29, "Plans": [{"Node Type": "Hash Join", "Parent Relationship": "Outer", "Join Type": "Inner", "Startup Cost": 20106.32, "Total Cost": 83011.85, "Plan Rows": 396404, "Plan Width": 29, "Inner Unique": true, "Hash Cond": "(mi_idx.movie_id = t.id), (LLVM Optimized)", "Plans": [{"Node Type": "Streaming(type: BROADCAST dop: 16/16)", "Parent Relationship": "Outer", "Startup Cost": 0.0, "Total Cost": 61363.99, "Plan Rows": 5520128, "Plan Width": 4, "Plans": [{"Node Type": "Nested Loop", "Parent Relationship": "Outer", "Join Type": "Inner", "Startup Cost": 0.0, "Total Cost": 32348.04, "Plan Rows": 345008, "Plan Width": 4, "Inner Unique": false, "Join Filter": "(it.id = mi_idx.info_type_id), (LLVM Optimized)", "Plans": [{"Node Type": "Streaming(type: BROADCAST dop: 16/1)", "Parent Relationship": "Outer", "Startup Cost": 0.0, "Total Cost": 15002.75, "Plan Rows": 16, "Plan Width": 4, "Plans": [{"Node Type": "Seq Scan", "Parent Relationship": "Outer", "Relation Name": "info_type", "Alias": "it", "Startup Cost": 0.0, "Total Cost": 2.4, "Plan Rows": 1, "Plan Width": 4, "Filter": "((info)::text = 'bottom 10 rank'::text)"}]}, {"Node Type": "Seq Scan", "Parent Relationship": "Inner", "Relation Name": "movie_info_idx", "Alias": "mi_idx", "Startup Cost": 0.0, "Total Cost": 16267.15, "Plan Rows": 1380034, "Plan Width": 8}]}]}, {"Node Type": "Hash", "Parent Relationship": "Inner", "Startup Cost": 19544.42, "Total Cost": 19544.42, "Plan Rows": 719240, "Plan Width": 25, "Plans": [{"Node Type": "Seq Scan", "Parent Relationship": "Outer", "Relation Name": "title", "Alias": "t", "Startup Cost": 554.15, "Total Cost": 19544.42, "Plan Rows": 719240, "Plan Width": 25, "Filter": "((production_year >= 2005) AND (production_year <= 2010)), (LLVM Optimized)"}]}]}]}, {"Node Type": "Hash", "Parent Relationship": "Inner", "Startup Cost": 34246.65, "Total Cost": 34246.65, "Plan Rows": 1304518, "Plan Width": 28, "Plans": [{"Node Type": "Hash Join", "Parent Relationship": "Outer", "Join Type": "Inner", "Startup Cost": 15001.4, "Total Cost": 34246.65, "Plan Rows": 1304518, "Plan Width": 28, "Inner Unique": true, "Hash Cond": "(mc.company_type_id = ct.id), (LLVM Optimized)", "Plans": [{"Node Type": "Seq Scan", "Parent Relationship": "Outer", "Relation Name": "movie_companies", "Alias": "mc", "Startup Cost": 0.0, "Total Cost": 18021.26, "Plan Rows": 2609035, "Plan Width": 32, "Filter": "((note)::text !~~ '%(as Metro-Goldwyn-Mayer Pictures)%'::text), (LLVM Optimized)"}, {"Node Type": "Hash", "Parent Relationship": "Inner", "Startup Cost": 15001.38, "Total Cost": 15001.38, "Plan Rows": 16, "Plan Width": 4, "Plans": [{"Node Type": "Streaming(type: BROADCAST dop: 16/1)", "Parent Relationship": "Outer", "Startup Cost": 0.0, "Total Cost": 15001.38, "Plan Rows": 16, "Plan Width": 4, "Plans": [{"Node Type": "Seq Scan", "Parent Relationship": "Outer", "Relation Name": "company_type", "Alias": "ct", "Startup Cost": 0.0, "Total Cost": 1.04, "Plan Rows": 1, "Plan Width": 4, "Filter": "((kind)::text = 'production companies'::text)"}]}]}]}]}]}]}]}]}, "Unique SQL Id": 1162488282, "Planner Runtime": 24}, "explain_analyze_plan": {"Plan": {"Node Type": "Aggregate", "Strategy": "Plain", "Startup Cost": 157102.83, "Total Cost": 157102.86, "Plan Rows": 1, "Plan Width": 113, "Actual Min Startup Time": 245.945, "Actual Max Startup Time": 245.945, "Actual Min Total Time": 245.945, "Actual Max Total Time": 245.945, "Plans": [{"Node Type": "Streaming(type: LOCAL GATHER dop: 1/16)", "Parent Relationship": "Outer", "Startup Cost": 157102.83, "Total Cost": 157102.86, "Plan Rows": 1, "Plan Width": 113, "Actual Min Startup Time": 245.778, "Actual Max Startup Time": 245.778, "Actual Min Total Time": 245.931, "Actual Max Total Time": 245.931, "Plans": [{"Node Type": "Aggregate", "Strategy": "Plain", "Parent Relationship": "Outer", "Startup Cost": 157102.83, "Total Cost": 157102.84, "Plan Rows": 1, "Plan Width": 113, "Actual Min Startup Time": 86.896, "Actual Max Startup Time": 153.253, "Actual Min Total Time": 86.896, "Actual Max Total Time": 153.253, "Plans": [{"Node Type": "Hash Join", "Parent Relationship": "Outer", "Join Type": "Inner", "Startup Cost": 55372.13, "Total Cost": 153746.81, "Plan Rows": 447470, "Plan Width": 45, "Actual Min Startup Time": 86.889, "Actual Max Startup Time": 153.248, "Actual Min Total Time": 86.889, "Actual Max Total Time": 153.248, "Inner Unique": false, "Hash Cond": "(t.id = mc.movie_id), (LLVM Optimized)", "Plans": [{"Node Type": "Streaming(type: BROADCAST dop: 16/16)", "Parent Relationship": "Outer", "Startup Cost": 20106.32, "Total Cost": 114115.76, "Plan Rows": 6342464, "Plan Width": 29, "Actual Min Startup Time": 0.025, "Actual Max Startup Time": 23.382, "Actual Min Total Time": 2.705, "Actual Max Total Time": 69.913, "Plans": [{"Node Type": "Hash Join", "Parent Relationship": "Outer", "Join Type": "Inner", "Startup Cost": 20106.32, "Total Cost": 83011.85, "Plan Rows": 396404, "Plan Width": 29, "Actual Min Startup Time": 78.564, "Actual Max Startup Time": 121.165, "Actual Min Total Time": 78.564, "Actual Max Total Time": 121.165, "Inner Unique": true, "Hash Cond": "(mi_idx.movie_id = t.id), (LLVM Optimized)", "Plans": [{"Node Type": "Streaming(type: BROADCAST dop: 16/16)", "Parent Relationship": "Outer", "Startup Cost": 0.0, "Total Cost": 61363.99, "Plan Rows": 5520128, "Plan Width": 4, "Actual Min Startup Time": 0.027, "Actual Max Startup Time": 41.412, "Actual Min Total Time": 0.028, "Actual Max Total Time": 41.413, "Plans": [{"Node Type": "Nested Loop", "Parent Relationship": "Outer", "Join Type": "Inner", "Startup Cost": 0.0, "Total Cost": 32348.04, "Plan Rows": 345008, "Plan Width": 4, "Actual Min Startup Time": 34.827, "Actual Max Startup Time": 41.188, "Actual Min Total Time": 34.827, "Actual Max Total Time": 41.196, "Inner Unique": false, "Join Filter": "(it.id = mi_idx.info_type_id), (LLVM Optimized)", "Rows Removed by Join Filter": 1380024, "Plans": [{"Node Type": "Streaming(type: BROADCAST dop: 16/1)", "Parent Relationship": "Outer", "Startup Cost": 0.0, "Total Cost": 15002.75, "Plan Rows": 16, "Plan Width": 4, "Actual Min Startup Time": 0.003, "Actual Max Startup Time": 0.01, "Actual Min Total Time": 0.005, "Actual Max Total Time": 0.011, "Plans": [{"Node Type": "Seq Scan", "Parent Relationship": "Outer", "Relation Name": "info_type", "Alias": "it", "Startup Cost": 0.0, "Total Cost": 2.4, "Plan Rows": 1, "Plan Width": 4, "Actual Min Startup Time": 0.059, "Actual Max Startup Time": 0.059, "Actual Min Total Time": 0.061, "Actual Max Total Time": 0.061, "Filter": "((info)::text = 'bottom 10 rank'::text)", "Rows Removed by Filter": 111, "Actual Rows": 1}], "Actual Rows": 16}, {"Node Type": "Seq Scan", "Parent Relationship": "Inner", "Relation Name": "movie_info_idx", "Alias": "mi_idx", "Startup Cost": 0.0, "Total Cost": 16267.15, "Plan Rows": 1380034, "Plan Width": 8, "Actual Min Startup Time": 0.032, "Actual Max Startup Time": 0.059, "Actual Min Total Time": 18.617, "Actual Max Total Time": 22.027, "Actual Rows": 1380034}], "Actual Rows": 10}], "Actual Rows": 160}, {"Node Type": "Hash", "Parent Relationship": "Inner", "Startup Cost": 19544.42, "Total Cost": 19544.42, "Plan Rows": 719240, "Plan Width": 25, "Actual Min Startup Time": 78.449, "Actual Max Startup Time": 87.352, "Actual Min Total Time": 78.449, "Actual Max Total Time": 87.352, "Max Hash Buckets": 65536, "Min Hash Buckets": 65536, "Max Hash Batches": 1, "Min Hash Batches": 1, "Max Original Hash Batches": 1, "Min Original Hash Batches": 1, "Max Peak Memory Usage": 2621, "min Peak Memory Usage": 2621, "Plans": [{"Node Type": "Seq Scan", "Parent Relationship": "Outer", "Relation Name": "title", "Alias": "t", "Startup Cost": 554.15, "Total Cost": 19544.42, "Plan Rows": 719240, "Plan Width": 25, "Actual Min Startup Time": 0.024, "Actual Max Startup Time": 0.057, "Actual Min Total Time": 64.592, "Actual Max Total Time": 72.483, "Filter": "((production_year >= 2005) AND (production_year <= 2010)), (LLVM Optimized)", "Rows Removed by Filter": 1812052, "Actual Rows": 716259}], "Actual Rows": 716259}], "Actual Rows": 4}], "Actual Rows": 64}, {"Node Type": "Hash", "Parent Relationship": "Inner", "Startup Cost": 34246.65, "Total Cost": 34246.65, "Plan Rows": 1304518, "Plan Width": 28, "Actual Min Startup Time": 77.643, "Actual Max Startup Time": 88.71, "Actual Min Total Time": 77.643, "Actual Max Total Time": 88.71, "Max Hash Buckets": 131072, "Min Hash Buckets": 131072, "Max Hash Batches": 1, "Min Hash Batches": 1, "Max Original Hash Batches": 1, "Min Original Hash Batches": 1, "Max Peak Memory Usage": 488, "min Peak Memory Usage": 488, "Plans": [{"Node Type": "Hash Join", "Parent Relationship": "Outer", "Join Type": "Inner", "Startup Cost": 15001.4, "Total Cost": 34246.65, "Plan Rows": 1304518, "Plan Width": 28, "Actual Min Startup Time": 49.718, "Actual Max Startup Time": 56.798, "Actual Min Total Time": 74.609, "Actual Max Total Time": 84.701, "Inner Unique": true, "Hash Cond": "(mc.company_type_id = ct.id), (LLVM Optimized)", "Plans": [{"Node Type": "Seq Scan", "Parent Relationship": "Outer", "Relation Name": "movie_companies", "Alias": "mc", "Startup Cost": 0.0, "Total Cost": 18021.26, "Plan Rows": 2609035, "Plan Width": 32, "Actual Min Startup Time": 0.04, "Actual Max Startup Time": 0.067, "Actual Min Total Time": 59.729, "Actual Max Total Time": 66.952, "Filter": "((note)::text !~~ '%(as Metro-Goldwyn-Mayer Pictures)%'::text), (LLVM Optimized)", "Rows Removed by Filter": 1272041, "Actual Rows": 1337087}, {"Node Type": "Hash", "Parent Relationship": "Inner", "Startup Cost": 15001.38, "Total Cost": 15001.38, "Plan Rows": 16, "Plan Width": 4, "Actual Min Startup Time": 0.01, "Actual Max Startup Time": 0.026, "Actual Min Total Time": 0.01, "Actual Max Total Time": 0.026, "Max Hash Buckets": 32768, "Min Hash Buckets": 32768, "Max Hash Batches": 1, "Min Hash Batches": 1, "Max Original Hash Batches": 1, "Min Original Hash Batches": 1, "Max Peak Memory Usage": 1, "min Peak Memory Usage": 1, "Plans": [{"Node Type": "Streaming(type: BROADCAST dop: 16/1)", "Parent Relationship": "Outer", "Startup Cost": 0.0, "Total Cost": 15001.38, "Plan Rows": 16, "Plan Width": 4, "Actual Min Startup Time": 0.003, "Actual Max Startup Time": 0.008, "Actual Min Total Time": 0.003, "Actual Max Total Time": 0.009, "Plans": [{"Node Type": "Seq Scan", "Parent Relationship": "Outer", "Relation Name": "company_type", "Alias": "ct", "Startup Cost": 0.0, "Total Cost": 1.04, "Plan Rows": 1, "Plan Width": 4, "Actual Min Startup Time": 0.035, "Actual Max Startup Time": 0.035, "Actual Min Total Time": 0.038, "Actual Max Total Time": 0.038, "Filter": "((kind)::text = 'production companies'::text)", "Rows Removed by Filter": 2, "Actual Rows": 1}], "Actual Rows": 16}], "Actual Rows": 16}], "Actual Rows": 140904}], "Actual Rows": 140904}], "Actual Rows": 3}], "Actual Rows": 16}], "Actual Rows": 16}], "Actual Rows": 1}, "Triggers": [], "Planner Runtime": 24.667, "Total Runtime": 267.123, "Unique SQL Id": 1162488282}}, "(16, '15')": {"explain_plan": {"Plan": {"Node Type": "Aggregate", "Strategy": "Plain", "Startup Cost": 4996298643025.23, "Total Cost": 4996298643025.24, "Plan Rows": 1, "Plan Width": 113, "Plans": [{"Node Type": "Merge Join", "Parent Relationship": "Outer", "Join Type": "Inner", "Startup Cost": 50033501541.7, "Total Cost": 4996298639669.21, "Plan Rows": 447470, "Plan Width": 45, "Inner Unique": false, "Merge Cond": "(t.id = mi_idx.movie_id)", "Plans": [{"Node Type": "Nested Loop", "Parent Relationship": "Outer", "Join Type": "Inner", "Startup Cost": 30022023519.89, "Total Cost": 2999077645366.78, "Plan Rows": 1164716, "Plan Width": 53, "Inner Unique": true, "Join Filter": "(mc.company_type_id = ct.id), (LLVM Optimized)", "Plans": [{"Node Type": "Merge Join", "Parent Relationship": "Outer", "Join Type": "Inner", "Startup Cost": 20022023519.89, "Total Cost": 1999077618211.31, "Plan Rows": 1728348, "Plan Width": 57, "Inner Unique": false, "Merge Cond": "(t.id = mc.movie_id)", "Plans": [{"Node Type": "Index Scan", "Parent Relationship": "Outer", "Scan Direction": "Forward", "Index Name": "title_pkey", "Relation Name": "title", "Alias": "t", "Startup Cost": 10000000000.0, "Total Cost": 1000012276204.41, "Plan Rows": 719240, "Plan Width": 25, "Filter": "((production_year >= 2005) AND (production_year <= 2010)), (LLVM Optimized)"}, {"Node Type": "Index Scan", "Parent Relationship": "Inner", "Scan Direction": "Forward", "Index Name": "movie_id_movie_companies", "Relation Name": "movie_companies", "Alias": "mc", "Startup Cost": 10000000000.0, "Total Cost": 1000013704228.13, "Plan Rows": 2609035, "Plan Width": 32, "Filter": "((note)::text !~~ '%(as Metro-Goldwyn-Mayer Pictures)%'::text), (LLVM Optimized)"}]}, {"Node Type": "Materialize", "Parent Relationship": "Inner", "Startup Cost": 10000000000.0, "Total Cost": 1000000001230.26, "Plan Rows": 1, "Plan Width": 4, "Plans": [{"Node Type": "Index Scan", "Parent Relationship": "Outer", "Scan Direction": "Forward", "Index Name": "company_type_pkey", "Relation Name": "company_type", "Alias": "ct", "Startup Cost": 10000000000.0, "Total Cost": 1000000001230.25, "Plan Rows": 1, "Plan Width": 4, "Filter": "((kind)::text = 'production companies'::text)"}]}]}, {"Node Type": "Materialize", "Parent Relationship": "Inner", "Startup Cost": 20000000000.0, "Total Cost": 2000004673019.4, "Plan Rows": 345008, "Plan Width": 4, "Plans": [{"Node Type": "Nested Loop", "Parent Relationship": "Outer", "Join Type": "Inner", "Startup Cost": 20000000000.0, "Total Cost": 2000004672156.88, "Plan Rows": 345008, "Plan Width": 4, "Inner Unique": true, "Join Filter": "(it.id = mi_idx.info_type_id), (LLVM Optimized)", "Plans": [{"Node Type": "Index Scan", "Parent Relationship": "Outer", "Scan Direction": "Forward", "Index Name": "movie_id_movie_info_idx", "Relation Name": "movie_info_idx", "Alias": "mi_idx", "Startup Cost": 10000000000.0, "Total Cost": 1000004650035.37, "Plan Rows": 1380034, "Plan Width": 8}, {"Node Type": "Materialize", "Parent Relationship": "Inner", "Startup Cost": 10000000000.0, "Total Cost": 1000000001421.0, "Plan Rows": 1, "Plan Width": 4, "Plans": [{"Node Type": "Index Scan", "Parent Relationship": "Outer", "Scan Direction": "Forward", "Index Name": "info_type_pkey", "Relation Name": "info_type", "Alias": "it", "Startup Cost": 10000000000.0, "Total Cost": 1000000001421.0, "Plan Rows": 1, "Plan Width": 4, "Filter": "((info)::text = 'bottom 10 rank'::text)"}]}]}]}]}]}, "Unique SQL Id": 1162488282, "Planner Runtime": 12}, "explain_analyze_plan": null}, "(16, '16')": {"explain_plan": {"Plan": {"Node Type": "Aggregate", "Strategy": "Plain", "Startup Cost": 330246.45, "Total Cost": 330246.46, "Plan Rows": 1, "Plan Width": 113, "Plans": [{"Node Type": "Nested Loop", "Parent Relationship": "Outer", "Join Type": "Inner", "Startup Cost": 7502.06, "Total Cost": 326890.42, "Plan Rows": 447470, "Plan Width": 45, "Inner Unique": false, "Join Filter": "(mc.company_type_id = ct.id), (LLVM Optimized)", "Plans": [{"Node Type": "Seq Scan", "Parent Relationship": "Outer", "Relation Name": "company_type", "Alias": "ct", "Startup Cost": 0.0, "Total Cost": 1.04, "Plan Rows": 1, "Plan Width": 4, "Filter": "((kind)::text = 'production companies'::text)"}, {"Node Type": "Nested Loop", "Parent Relationship": "Inner", "Join Type": "Inner", "Startup Cost": 7502.06, "Total Cost": 320024.4, "Plan Rows": 549199, "Plan Width": 49, "Inner Unique": false, "Join Filter": "(t.id = mc.movie_id), (LLVM Optimized)", "Plans": [{"Node Type": "Nested Loop", "Parent Relationship": "Outer", "Join Type": "Inner", "Startup Cost": 7502.06, "Total Cost": 164107.36, "Plan Rows": 396404, "Plan Width": 29, "Inner Unique": true, "Plans": [{"Node Type": "Nested Loop", "Parent Relationship": "Outer", "Join Type": "Inner", "Startup Cost": 7502.06, "Total Cost": 21741.14, "Plan Rows": 345008, "Plan Width": 4, "Inner Unique": false, "Plans": [{"Node Type": "Seq Scan", "Parent Relationship": "Outer", "Relation Name": "info_type", "Alias": "it", "Startup Cost": 0.0, "Total Cost": 2.4, "Plan Rows": 1, "Plan Width": 4, "Filter": "((info)::text = 'bottom 10 rank'::text)"}, {"Node Type": "Bitmap Heap Scan", "Parent Relationship": "Inner", "Relation Name": "movie_info_idx", "Alias": "mi_idx", "Startup Cost": 7502.06, "Total Cost": 18288.66, "Plan Rows": 345008, "Plan Width": 8, "Recheck Cond": "(info_type_id = it.id), (LLVM Optimized)", "Plans": [{"Node Type": "Bitmap Index Scan", "Parent Relationship": "Outer", "Index Name": "info_type_id_movie_info_idx", "Startup Cost": 0.0, "Total Cost": 7415.81, "Plan Rows": 345008, "Plan Width": 0, "Index Cond": "(info_type_id = it.id)"}]}]}, {"Node Type": "Index Scan", "Parent Relationship": "Inner", "Scan Direction": "Forward", "Index Name": "title_pkey", "Relation Name": "title", "Alias": "t", "Startup Cost": 0.0, "Total Cost": 0.4, "Plan Rows": 1, "Plan Width": 25, "Index Cond": "(id = mi_idx.movie_id)", "Filter": "((production_year >= 2005) AND (production_year <= 2010))"}]}, {"Node Type": "Index Scan", "Parent Relationship": "Inner", "Scan Direction": "Forward", "Index Name": "movie_id_movie_companies", "Relation Name": "movie_companies", "Alias": "mc", "Startup Cost": 0.0, "Total Cost": 0.37, "Plan Rows": 2, "Plan Width": 32, "Index Cond": "(movie_id = mi_idx.movie_id)", "Filter": "((note)::text !~~ '%(as Metro-Goldwyn-Mayer Pictures)%'::text)"}]}]}]}, "Unique SQL Id": 1162488282, "Planner Runtime": 6}, "explain_analyze_plan": {"Plan": {"Node Type": "Aggregate", "Strategy": "Plain", "Startup Cost": 330246.45, "Total Cost": 330246.46, "Plan Rows": 1, "Plan Width": 113, "Actual Startup Time": 0.406, "Actual Total Time": 0.406, "Actual Rows": 1, "Actual Loops": 1, "Plans": [{"Node Type": "Nested Loop", "Parent Relationship": "Outer", "Join Type": "Inner", "Startup Cost": 7502.06, "Total Cost": 326890.42, "Plan Rows": 447470, "Plan Width": 45, "Actual Startup Time": 0.372, "Actual Total Time": 0.383, "Actual Rows": 3, "Actual Loops": 1, "Inner Unique": false, "Join Filter": "(mc.company_type_id = ct.id), (LLVM Optimized)", "Rows Removed by Join Filter": 63, "Plans": [{"Node Type": "Seq Scan", "Parent Relationship": "Outer", "Relation Name": "company_type", "Alias": "ct", "Startup Cost": 0.0, "Total Cost": 1.04, "Plan Rows": 1, "Plan Width": 4, "Actual Startup Time": 0.031, "Actual Total Time": 0.033, "Actual Rows": 1, "Actual Loops": 1, "Filter": "((kind)::text = 'production companies'::text)", "Rows Removed by Filter": 2}, {"Node Type": "Nested Loop", "Parent Relationship": "Inner", "Join Type": "Inner", "Startup Cost": 7502.06, "Total Cost": 320024.4, "Plan Rows": 549199, "Plan Width": 49, "Actual Startup Time": 0.174, "Actual Total Time": 0.33, "Actual Rows": 66, "Actual Loops": 1, "Inner Unique": false, "Join Filter": "(t.id = mc.movie_id), (LLVM Optimized)", "Rows Removed by Join Filter": 0, "Plans": [{"Node Type": "Nested Loop", "Parent Relationship": "Outer", "Join Type": "Inner", "Startup Cost": 7502.06, "Total Cost": 164107.36, "Plan Rows": 396404, "Plan Width": 29, "Actual Startup Time": 0.154, "Actual Total Time": 0.195, "Actual Rows": 4, "Actual Loops": 1, "Inner Unique": true, "Plans": [{"Node Type": "Nested Loop", "Parent Relationship": "Outer", "Join Type": "Inner", "Startup Cost": 7502.06, "Total Cost": 21741.14, "Plan Rows": 345008, "Plan Width": 4, "Actual Startup Time": 0.083, "Actual Total Time": 0.093, "Actual Rows": 10, "Actual Loops": 1, "Inner Unique": false, "Plans": [{"Node Type": "Seq Scan", "Parent Relationship": "Outer", "Relation Name": "info_type", "Alias": "it", "Startup Cost": 0.0, "Total Cost": 2.4, "Plan Rows": 1, "Plan Width": 4, "Actual Startup Time": 0.044, "Actual Total Time": 0.048, "Actual Rows": 1, "Actual Loops": 1, "Filter": "((info)::text = 'bottom 10 rank'::text)", "Rows Removed by Filter": 111}, {"Node Type": "Bitmap Heap Scan", "Parent Relationship": "Inner", "Relation Name": "movie_info_idx", "Alias": "mi_idx", "Startup Cost": 7502.06, "Total Cost": 18288.66, "Plan Rows": 345008, "Plan Width": 8, "Actual Startup Time": 0.034, "Actual Total Time": 0.038, "Actual Rows": 10, "Actual Loops": 1, "Recheck Cond": "(info_type_id = it.id), (LLVM Optimized)", "Rows Removed by Index Recheck": 0, "Exact Heap Blocks": 1, "Lossy Heap Blocks": 1, "Plans": [{"Node Type": "Bitmap Index Scan", "Parent Relationship": "Outer", "Index Name": "info_type_id_movie_info_idx", "Startup Cost": 0.0, "Total Cost": 7415.81, "Plan Rows": 345008, "Plan Width": 0, "Actual Startup Time": 0.02, "Actual Total Time": 0.02, "Actual Rows": 10, "Actual Loops": 1, "Index Cond": "(info_type_id = it.id)"}]}]}, {"Node Type": "Index Scan", "Parent Relationship": "Inner", "Scan Direction": "Forward", "Index Name": "title_pkey", "Relation Name": "title", "Alias": "t", "Startup Cost": 0.0, "Total Cost": 0.4, "Plan Rows": 1, "Plan Width": 25, "Actual Startup Time": 0.092, "Actual Total Time": 0.092, "Actual Rows": 4, "Actual Loops": 10, "Index Cond": "(id = mi_idx.movie_id)", "Rows Removed by Index Recheck": 0, "Filter": "((production_year >= 2005) AND (production_year <= 2010))", "Rows Removed by Filter": 6}]}, {"Node Type": "Index Scan", "Parent Relationship": "Inner", "Scan Direction": "Forward", "Index Name": "movie_id_movie_companies", "Relation Name": "movie_companies", "Alias": "mc", "Startup Cost": 0.0, "Total Cost": 0.37, "Plan Rows": 2, "Plan Width": 32, "Actual Startup Time": 0.046, "Actual Total Time": 0.109, "Actual Rows": 66, "Actual Loops": 4, "Index Cond": "(movie_id = mi_idx.movie_id)", "Rows Removed by Index Recheck": 0, "Filter": "((note)::text !~~ '%(as Metro-Goldwyn-Mayer Pictures)%'::text)", "Rows Removed by Filter": 7}]}]}]}, "Triggers": [], "Planner Runtime": 6.205, "Total Runtime": 10.476, "Unique SQL Id": 1162488282}}, "(16, '17')": {"explain_plan": {"Plan": {"Node Type": "Aggregate", "Strategy": "Plain", "Startup Cost": 330269.52, "Total Cost": 330269.53, "Plan Rows": 1, "Plan Width": 113, "Plans": [{"Node Type": "Nested Loop", "Parent Relationship": "Outer", "Join Type": "Inner", "Startup Cost": 7502.06, "Total Cost": 326913.5, "Plan Rows": 447470, "Plan Width": 45, "Inner Unique": false, "Join Filter": "(mc.company_type_id = ct.id), (LLVM Optimized)", "Plans": [{"Node Type": "Index Scan", "Parent Relationship": "Outer", "Scan Direction": "Forward", "Index Name": "company_type_pkey", "Relation Name": "company_type", "Alias": "ct", "Startup Cost": 0.0, "Total Cost": 12.3, "Plan Rows": 1, "Plan Width": 4, "Filter": "((kind)::text = 'production companies'::text)"}, {"Node Type": "Nested Loop", "Parent Relationship": "Inner", "Join Type": "Inner", "Startup Cost": 7502.06, "Total Cost": 320036.21, "Plan Rows": 549199, "Plan Width": 49, "Inner Unique": false, "Join Filter": "(t.id = mc.movie_id), (LLVM Optimized)", "Plans": [{"Node Type": "Nested Loop", "Parent Relationship": "Outer", "Join Type": "Inner", "Startup Cost": 7502.06, "Total Cost": 164119.17, "Plan Rows": 396404, "Plan Width": 29, "Inner Unique": true, "Plans": [{"Node Type": "Nested Loop", "Parent Relationship": "Outer", "Join Type": "Inner", "Startup Cost": 7502.06, "Total Cost": 21752.95, "Plan Rows": 345008, "Plan Width": 4, "Inner Unique": false, "Plans": [{"Node Type": "Index Scan", "Parent Relationship": "Outer", "Scan Direction": "Forward", "Index Name": "info_type_pkey", "Relation Name": "info_type", "Alias": "it", "Startup Cost": 0.0, "Total Cost": 14.21, "Plan Rows": 1, "Plan Width": 4, "Filter": "((info)::text = 'bottom 10 rank'::text)"}, {"Node Type": "Bitmap Heap Scan", "Parent Relationship": "Inner", "Relation Name": "movie_info_idx", "Alias": "mi_idx", "Startup Cost": 7502.06, "Total Cost": 18288.66, "Plan Rows": 345008, "Plan Width": 8, "Recheck Cond": "(info_type_id = it.id), (LLVM Optimized)", "Plans": [{"Node Type": "Bitmap Index Scan", "Parent Relationship": "Outer", "Index Name": "info_type_id_movie_info_idx", "Startup Cost": 0.0, "Total Cost": 7415.81, "Plan Rows": 345008, "Plan Width": 0, "Index Cond": "(info_type_id = it.id)"}]}]}, {"Node Type": "Index Scan", "Parent Relationship": "Inner", "Scan Direction": "Forward", "Index Name": "title_pkey", "Relation Name": "title", "Alias": "t", "Startup Cost": 0.0, "Total Cost": 0.4, "Plan Rows": 1, "Plan Width": 25, "Index Cond": "(id = mi_idx.movie_id)", "Filter": "((production_year >= 2005) AND (production_year <= 2010))"}]}, {"Node Type": "Index Scan", "Parent Relationship": "Inner", "Scan Direction": "Forward", "Index Name": "movie_id_movie_companies", "Relation Name": "movie_companies", "Alias": "mc", "Startup Cost": 0.0, "Total Cost": 0.37, "Plan Rows": 2, "Plan Width": 32, "Index Cond": "(movie_id = mi_idx.movie_id)", "Filter": "((note)::text !~~ '%(as Metro-Goldwyn-Mayer Pictures)%'::text)"}]}]}]}, "Unique SQL Id": 1162488282, "Planner Runtime": 6}, "explain_analyze_plan": {"Plan": {"Node Type": "Aggregate", "Strategy": "Plain", "Startup Cost": 330269.52, "Total Cost": 330269.53, "Plan Rows": 1, "Plan Width": 113, "Actual Startup Time": 0.352, "Actual Total Time": 0.352, "Actual Rows": 1, "Actual Loops": 1, "Plans": [{"Node Type": "Nested Loop", "Parent Relationship": "Outer", "Join Type": "Inner", "Startup Cost": 7502.06, "Total Cost": 326913.5, "Plan Rows": 447470, "Plan Width": 45, "Actual Startup Time": 0.327, "Actual Total Time": 0.336, "Actual Rows": 3, "Actual Loops": 1, "Inner Unique": false, "Join Filter": "(mc.company_type_id = ct.id), (LLVM Optimized)", "Rows Removed by Join Filter": 63, "Plans": [{"Node Type": "Index Scan", "Parent Relationship": "Outer", "Scan Direction": "Forward", "Index Name": "company_type_pkey", "Relation Name": "company_type", "Alias": "ct", "Startup Cost": 0.0, "Total Cost": 12.3, "Plan Rows": 1, "Plan Width": 4, "Actual Startup Time": 0.023, "Actual Total Time": 0.025, "Actual Rows": 1, "Actual Loops": 1, "Filter": "((kind)::text = 'production companies'::text)", "Rows Removed by Filter": 2}, {"Node Type": "Nested Loop", "Parent Relationship": "Inner", "Join Type": "Inner", "Startup Cost": 7502.06, "Total Cost": 320036.21, "Plan Rows": 549199, "Plan Width": 49, "Actual Startup Time": 0.156, "Actual Total Time": 0.291, "Actual Rows": 66, "Actual Loops": 1, "Inner Unique": false, "Join Filter": "(t.id = mc.movie_id), (LLVM Optimized)", "Rows Removed by Join Filter": 0, "Plans": [{"Node Type": "Nested Loop", "Parent Relationship": "Outer", "Join Type": "Inner", "Startup Cost": 7502.06, "Total Cost": 164119.17, "Plan Rows": 396404, "Plan Width": 29, "Actual Startup Time": 0.138, "Actual Total Time": 0.169, "Actual Rows": 4, "Actual Loops": 1, "Inner Unique": true, "Plans": [{"Node Type": "Nested Loop", "Parent Relationship": "Outer", "Join Type": "Inner", "Startup Cost": 7502.06, "Total Cost": 21752.95, "Plan Rows": 345008, "Plan Width": 4, "Actual Startup Time": 0.086, "Actual Total Time": 0.092, "Actual Rows": 10, "Actual Loops": 1, "Inner Unique": false, "Plans": [{"Node Type": "Index Scan", "Parent Relationship": "Outer", "Scan Direction": "Forward", "Index Name": "info_type_pkey", "Relation Name": "info_type", "Alias": "it", "Startup Cost": 0.0, "Total Cost": 14.21, "Plan Rows": 1, "Plan Width": 4, "Actual Startup Time": 0.059, "Actual Total Time": 0.06, "Actual Rows": 1, "Actual Loops": 1, "Filter": "((info)::text = 'bottom 10 rank'::text)", "Rows Removed by Filter": 111}, {"Node Type": "Bitmap Heap Scan", "Parent Relationship": "Inner", "Relation Name": "movie_info_idx", "Alias": "mi_idx", "Startup Cost": 7502.06, "Total Cost": 18288.66, "Plan Rows": 345008, "Plan Width": 8, "Actual Startup Time": 0.021, "Actual Total Time": 0.025, "Actual Rows": 10, "Actual Loops": 1, "Recheck Cond": "(info_type_id = it.id), (LLVM Optimized)", "Rows Removed by Index Recheck": 0, "Exact Heap Blocks": 1, "Lossy Heap Blocks": 1, "Plans": [{"Node Type": "Bitmap Index Scan", "Parent Relationship": "Outer", "Index Name": "info_type_id_movie_info_idx", "Startup Cost": 0.0, "Total Cost": 7415.81, "Plan Rows": 345008, "Plan Width": 0, "Actual Startup Time": 0.012, "Actual Total Time": 0.012, "Actual Rows": 10, "Actual Loops": 1, "Index Cond": "(info_type_id = it.id)"}]}]}, {"Node Type": "Index Scan", "Parent Relationship": "Inner", "Scan Direction": "Forward", "Index Name": "title_pkey", "Relation Name": "title", "Alias": "t", "Startup Cost": 0.0, "Total Cost": 0.4, "Plan Rows": 1, "Plan Width": 25, "Actual Startup Time": 0.068, "Actual Total Time": 0.068, "Actual Rows": 4, "Actual Loops": 10, "Index Cond": "(id = mi_idx.movie_id)", "Rows Removed by Index Recheck": 0, "Filter": "((production_year >= 2005) AND (production_year <= 2010))", "Rows Removed by Filter": 6}]}, {"Node Type": "Index Scan", "Parent Relationship": "Inner", "Scan Direction": "Forward", "Index Name": "movie_id_movie_companies", "Relation Name": "movie_companies", "Alias": "mc", "Startup Cost": 0.0, "Total Cost": 0.37, "Plan Rows": 2, "Plan Width": 32, "Actual Startup Time": 0.038, "Actual Total Time": 0.091, "Actual Rows": 66, "Actual Loops": 4, "Index Cond": "(movie_id = mi_idx.movie_id)", "Rows Removed by Index Recheck": 0, "Filter": "((note)::text !~~ '%(as Metro-Goldwyn-Mayer Pictures)%'::text)", "Rows Removed by Filter": 7}]}]}]}, "Triggers": [], "Planner Runtime": 6.056, "Total Runtime": 10.207, "Unique SQL Id": 1162488282}}, "(16, '18')": {"explain_plan": {"Plan": {"Node Type": "Aggregate", "Strategy": "Plain", "Startup Cost": 3261377.15, "Total Cost": 3261377.16, "Plan Rows": 1, "Plan Width": 113, "Plans": [{"Node Type": "Nested Loop", "Parent Relationship": "Outer", "Join Type": "Inner", "Startup Cost": 0.58, "Total Cost": 3258021.12, "Plan Rows": 447470, "Plan Width": 45, "Inner Unique": false, "Join Filter": "(mc.company_type_id = ct.id), (LLVM Optimized)", "Plans": [{"Node Type": "Seq Scan", "Parent Relationship": "Outer", "Relation Name": "company_type", "Alias": "ct", "Startup Cost": 0.0, "Total Cost": 1.04, "Plan Rows": 1, "Plan Width": 4, "Filter": "((kind)::text = 'production companies'::text)"}, {"Node Type": "Materialize", "Parent Relationship": "Inner", "Startup Cost": 0.58, "Total Cost": 3252528.09, "Plan Rows": 549199, "Plan Width": 49, "Plans": [{"Node Type": "Nested Loop", "Parent Relationship": "Outer", "Join Type": "Inner", "Startup Cost": 0.58, "Total Cost": 3251155.1, "Plan Rows": 549199, "Plan Width": 49, "Inner Unique": false, "Join Filter": "(t.id = mc.movie_id), (LLVM Optimized)", "Plans": [{"Node Type": "Nested Loop", "Parent Relationship": "Outer", "Join Type": "Inner", "Startup Cost": 0.28, "Total Cost": 1527492.54, "Plan Rows": 396404, "Plan Width": 29, "Inner Unique": true, "Plans": [{"Node Type": "Streaming(type: LOCAL GATHER dop: 1/16)", "Parent Relationship": "Outer", "Startup Cost": 0.0, "Total Cost": 39794.02, "Plan Rows": 345008, "Plan Width": 4, "Plans": [{"Node Type": "Nested Loop", "Parent Relationship": "Outer", "Join Type": "Inner", "Startup Cost": 0.0, "Total Cost": 32348.04, "Plan Rows": 345008, "Plan Width": 4, "Inner Unique": false, "Join Filter": "(it.id = mi_idx.info_type_id), (LLVM Optimized)", "Plans": [{"Node Type": "Streaming(type: BROADCAST dop: 16/1)", "Parent Relationship": "Outer", "Startup Cost": 0.0, "Total Cost": 15002.75, "Plan Rows": 16, "Plan Width": 4, "Plans": [{"Node Type": "Seq Scan", "Parent Relationship": "Outer", "Relation Name": "info_type", "Alias": "it", "Startup Cost": 0.0, "Total Cost": 2.4, "Plan Rows": 1, "Plan Width": 4, "Filter": "((info)::text = 'bottom 10 rank'::text)"}]}, {"Node Type": "Seq Scan", "Parent Relationship": "Inner", "Relation Name": "movie_info_idx", "Alias": "mi_idx", "Startup Cost": 0.0, "Total Cost": 16267.15, "Plan Rows": 1380034, "Plan Width": 8}]}]}, {"Node Type": "Bitmap Heap Scan", "Parent Relationship": "Inner", "Relation Name": "title", "Alias": "t", "Startup Cost": 0.28, "Total Cost": 4.3, "Plan Rows": 1, "Plan Width": 25, "Recheck Cond": "(id = mi_idx.movie_id)", "Filter": "((production_year >= 2005) AND (production_year <= 2010))", "Plans": [{"Node Type": "Bitmap Index Scan", "Parent Relationship": "Outer", "Index Name": "title_pkey", "Startup Cost": 0.0, "Total Cost": 0.28, "Plan Rows": 1, "Plan Width": 0, "Index Cond": "(id = mi_idx.movie_id)"}]}]}, {"Node Type": "Bitmap Heap Scan", "Parent Relationship": "Inner", "Relation Name": "movie_companies", "Alias": "mc", "Startup Cost": 0.29, "Total Cost": 4.32, "Plan Rows": 2, "Plan Width": 32, "Recheck Cond": "(movie_id = mi_idx.movie_id)", "Filter": "((note)::text !~~ '%(as Metro-Goldwyn-Mayer Pictures)%'::text)", "Plans": [{"Node Type": "Bitmap Index Scan", "Parent Relationship": "Outer", "Index Name": "movie_id_movie_companies", "Startup Cost": 0.0, "Total Cost": 0.29, "Plan Rows": 2, "Plan Width": 0, "Index Cond": "(movie_id = mi_idx.movie_id)"}]}]}]}]}]}, "Unique SQL Id": 1162488282, "Planner Runtime": 5}, "explain_analyze_plan": {"Plan": {"Node Type": "Aggregate", "Strategy": "Plain", "Startup Cost": 3261377.15, "Total Cost": 3261377.16, "Plan Rows": 1, "Plan Width": 113, "Actual Min Startup Time": 87.05, "Actual Max Startup Time": 87.05, "Actual Min Total Time": 87.05, "Actual Max Total Time": 87.05, "Plans": [{"Node Type": "Nested Loop", "Parent Relationship": "Outer", "Join Type": "Inner", "Startup Cost": 0.58, "Total Cost": 3258021.12, "Plan Rows": 447470, "Plan Width": 45, "Actual Min Startup Time": 87.018, "Actual Max Startup Time": 87.018, "Actual Min Total Time": 87.023, "Actual Max Total Time": 87.023, "Inner Unique": false, "Join Filter": "(mc.company_type_id = ct.id), (LLVM Optimized)", "Rows Removed by Join Filter": 63, "Plans": [{"Node Type": "Seq Scan", "Parent Relationship": "Outer", "Relation Name": "company_type", "Alias": "ct", "Startup Cost": 0.0, "Total Cost": 1.04, "Plan Rows": 1, "Plan Width": 4, "Actual Min Startup Time": 0.012, "Actual Max Startup Time": 0.012, "Actual Min Total Time": 0.014, "Actual Max Total Time": 0.014, "Filter": "((kind)::text = 'production companies'::text)", "Rows Removed by Filter": 2, "Actual Rows": 1}, {"Node Type": "Materialize", "Parent Relationship": "Inner", "Startup Cost": 0.58, "Total Cost": 3252528.09, "Plan Rows": 549199, "Plan Width": 49, "Actual Min Startup Time": 86.975, "Actual Max Startup Time": 86.975, "Actual Min Total Time": 86.982, "Actual Max Total Time": 86.982, "Plans": [{"Node Type": "Nested Loop", "Parent Relationship": "Outer", "Join Type": "Inner", "Startup Cost": 0.58, "Total Cost": 3251155.1, "Plan Rows": 549199, "Plan Width": 49, "Actual Min Startup Time": 80.206, "Actual Max Startup Time": 80.206, "Actual Min Total Time": 86.931, "Actual Max Total Time": 86.931, "Inner Unique": false, "Join Filter": "(t.id = mc.movie_id), (LLVM Optimized)", "Rows Removed by Join Filter": 0, "Plans": [{"Node Type": "Nested Loop", "Parent Relationship": "Outer", "Join Type": "Inner", "Startup Cost": 0.28, "Total Cost": 1527492.54, "Plan Rows": 396404, "Plan Width": 29, "Actual Min Startup Time": 80.136, "Actual Max Startup Time": 80.136, "Actual Min Total Time": 86.76, "Actual Max Total Time": 86.76, "Inner Unique": true, "Plans": [{"Node Type": "Streaming(type: LOCAL GATHER dop: 1/16)", "Parent Relationship": "Outer", "Startup Cost": 0.0, "Total Cost": 39794.02, "Plan Rows": 345008, "Plan Width": 4, "Actual Min Startup Time": 79.983, "Actual Max Startup Time": 79.983, "Actual Min Total Time": 86.565, "Actual Max Total Time": 86.565, "Plans": [{"Node Type": "Nested Loop", "Parent Relationship": "Outer", "Join Type": "Inner", "Startup Cost": 0.0, "Total Cost": 32348.04, "Plan Rows": 345008, "Plan Width": 4, "Actual Min Startup Time": 34.774, "Actual Max Startup Time": 41.161, "Actual Min Total Time": 34.774, "Actual Max Total Time": 41.168, "Inner Unique": false, "Join Filter": "(it.id = mi_idx.info_type_id), (LLVM Optimized)", "Rows Removed by Join Filter": 1380024, "Plans": [{"Node Type": "Streaming(type: BROADCAST dop: 16/1)", "Parent Relationship": "Outer", "Startup Cost": 0.0, "Total Cost": 15002.75, "Plan Rows": 16, "Plan Width": 4, "Actual Min Startup Time": 0.003, "Actual Max Startup Time": 0.009, "Actual Min Total Time": 0.004, "Actual Max Total Time": 0.012, "Plans": [{"Node Type": "Seq Scan", "Parent Relationship": "Outer", "Relation Name": "info_type", "Alias": "it", "Startup Cost": 0.0, "Total Cost": 2.4, "Plan Rows": 1, "Plan Width": 4, "Actual Min Startup Time": 0.074, "Actual Max Startup Time": 0.074, "Actual Min Total Time": 0.077, "Actual Max Total Time": 0.077, "Filter": "((info)::text = 'bottom 10 rank'::text)", "Rows Removed by Filter": 111, "Actual Rows": 1}], "Actual Rows": 16}, {"Node Type": "Seq Scan", "Parent Relationship": "Inner", "Relation Name": "movie_info_idx", "Alias": "mi_idx", "Startup Cost": 0.0, "Total Cost": 16267.15, "Plan Rows": 1380034, "Plan Width": 8, "Actual Min Startup Time": 0.032, "Actual Max Startup Time": 0.049, "Actual Min Total Time": 18.548, "Actual Max Total Time": 22.011, "Actual Rows": 1380034}], "Actual Rows": 10}], "Actual Rows": 10}, {"Node Type": "Bitmap Heap Scan", "Parent Relationship": "Inner", "Relation Name": "title", "Alias": "t", "Startup Cost": 0.28, "Total Cost": 4.3, "Plan Rows": 1, "Plan Width": 25, "Actual Min Startup Time": 0.159, "Actual Max Startup Time": 0.159, "Actual Min Total Time": 0.159, "Actual Max Total Time": 0.159, "Recheck Cond": "(id = mi_idx.movie_id)", "Rows Removed by Index Recheck": 0, "Filter": "((production_year >= 2005) AND (production_year <= 2010))", "Rows Removed by Filter": 6, "Exact Heap Blocks": 10, "Lossy Heap Blocks": 10, "Plans": [{"Node Type": "Bitmap Index Scan", "Parent Relationship": "Outer", "Index Name": "title_pkey", "Startup Cost": 0.0, "Total Cost": 0.28, "Plan Rows": 1, "Plan Width": 0, "Actual Min Startup Time": 0.089, "Actual Max Startup Time": 0.089, "Actual Min Total Time": 0.089, "Actual Max Total Time": 0.089, "Index Cond": "(id = mi_idx.movie_id)", "Actual Rows": 10}], "Actual Rows": 4}], "Actual Rows": 4}, {"Node Type": "Bitmap Heap Scan", "Parent Relationship": "Inner", "Relation Name": "movie_companies", "Alias": "mc", "Startup Cost": 0.29, "Total Cost": 4.32, "Plan Rows": 2, "Plan Width": 32, "Actual Min Startup Time": 0.109, "Actual Max Startup Time": 0.109, "Actual Min Total Time": 0.143, "Actual Max Total Time": 0.143, "Recheck Cond": "(movie_id = mi_idx.movie_id)", "Rows Removed by Index Recheck": 0, "Filter": "((note)::text !~~ '%(as Metro-Goldwyn-Mayer Pictures)%'::text)", "Rows Removed by Filter": 7, "Exact Heap Blocks": 9, "Lossy Heap Blocks": 9, "Plans": [{"Node Type": "Bitmap Index Scan", "Parent Relationship": "Outer", "Index Name": "movie_id_movie_companies", "Startup Cost": 0.0, "Total Cost": 0.29, "Plan Rows": 2, "Plan Width": 0, "Actual Min Startup Time": 0.042, "Actual Max Startup Time": 0.042, "Actual Min Total Time": 0.042, "Actual Max Total Time": 0.042, "Index Cond": "(movie_id = mi_idx.movie_id)", "Actual Rows": 73}], "Actual Rows": 66}], "Actual Rows": 66}], "Actual Rows": 67}], "Actual Rows": 3}], "Actual Rows": 1}, "Triggers": [], "Planner Runtime": 5.477, "Total Runtime": 100.154, "Unique SQL Id": 1162488282}}, "(16, '19')": {"explain_plan": {"Plan": {"Node Type": "Aggregate", "Strategy": "Plain", "Startup Cost": 480619.32, "Total Cost": 480619.33, "Plan Rows": 1, "Plan Width": 113, "Plans": [{"Node Type": "Merge Join", "Parent Relationship": "Outer", "Join Type": "Inner", "Startup Cost": 456129.24, "Total Cost": 478129.29, "Plan Rows": 332005, "Plan Width": 45, "Inner Unique": true, "Merge Cond": "(mc.movie_id = t.id)", "Plans": [{"Node Type": "Merge Join", "Parent Relationship": "Outer", "Join Type": "Inner", "Startup Cost": 263616.8, "Total Cost": 277451.17, "Plan Rows": 501180, "Plan Width": 32, "Inner Unique": false, "Merge Cond": "(mi_idx.movie_id = mc.movie_id)", "Plans": [{"Node Type": "Sort", "Parent Relationship": "Outer", "Startup Cost": 53487.25, "Total Cost": 54349.77, "Plan Rows": 345008, "Plan Width": 4, "Sort Key": ["mi_idx.movie_id"], "Plans": [{"Node Type": "Nested Loop", "Parent Relationship": "Outer", "Join Type": "Inner", "Startup Cost": 7510.87, "Total Cost": 21752.95, "Plan Rows": 345008, "Plan Width": 4, "Inner Unique": false, "Plans": [{"Node Type": "Bitmap Heap Scan", "Parent Relationship": "Outer", "Relation Name": "info_type", "Alias": "it", "Startup Cost": 8.81, "Total Cost": 14.21, "Plan Rows": 1, "Plan Width": 4, "Filter": "((info)::text = 'bottom 10 rank'::text)", "Plans": [{"Node Type": "Bitmap Index Scan", "Parent Relationship": "Outer", "Index Name": "info_type_pkey", "Startup Cost": 0.0, "Total Cost": 8.81, "Plan Rows": 112, "Plan Width": 0}]}, {"Node Type": "Bitmap Heap Scan", "Parent Relationship": "Inner", "Relation Name": "movie_info_idx", "Alias": "mi_idx", "Startup Cost": 7502.06, "Total Cost": 18288.66, "Plan Rows": 345008, "Plan Width": 8, "Recheck Cond": "(info_type_id = it.id), (LLVM Optimized)", "Plans": [{"Node Type": "Bitmap Index Scan", "Parent Relationship": "Outer", "Index Name": "info_type_id_movie_info_idx", "Startup Cost": 0.0, "Total Cost": 7415.81, "Plan Rows": 345008, "Plan Width": 0, "Index Cond": "(info_type_id = it.id)"}]}]}]}, {"Node Type": "Sort", "Parent Relationship": "Inner", "Startup Cost": 210129.52, "Total Cost": 213390.81, "Plan Rows": 1304518, "Plan Width": 28, "Sort Key": ["mc.movie_id"], "Plans": [{"Node Type": "Nested Loop", "Parent Relationship": "Outer", "Join Type": "Inner", "Startup Cost": 29278.87, "Total Cost": 77622.54, "Plan Rows": 1304518, "Plan Width": 28, "Inner Unique": false, "Plans": [{"Node Type": "Bitmap Heap Scan", "Parent Relationship": "Outer", "Relation Name": "company_type", "Alias": "ct", "Startup Cost": 8.27, "Total Cost": 12.3, "Plan Rows": 1, "Plan Width": 4, "Filter": "((kind)::text = 'production companies'::text)", "Plans": [{"Node Type": "Bitmap Index Scan", "Parent Relationship": "Outer", "Index Name": "company_type_pkey", "Startup Cost": 0.0, "Total Cost": 8.27, "Plan Rows": 3, "Plan Width": 0}]}, {"Node Type": "Bitmap Heap Scan", "Parent Relationship": "Inner", "Relation Name": "movie_companies", "Alias": "mc", "Startup Cost": 29270.61, "Total Cost": 64565.07, "Plan Rows": 1304517, "Plan Width": 32, "Recheck Cond": "(company_type_id = ct.id), (LLVM Optimized)", "Filter": "((note)::text !~~ '%(as Metro-Goldwyn-Mayer Pictures)%'::text), (LLVM Optimized)", "Plans": [{"Node Type": "Bitmap Index Scan", "Parent Relationship": "Outer", "Index Name": "company_type_id_movie_companies", "Startup Cost": 0.0, "Total Cost": 28944.48, "Plan Rows": 1304564, "Plan Width": 0, "Index Cond": "(company_type_id = ct.id)"}]}]}]}]}, {"Node Type": "Sort", "Parent Relationship": "Inner", "Startup Cost": 192512.36, "Total Cost": 194310.46, "Plan Rows": 719240, "Plan Width": 25, "Sort Key": ["t.id"], "Plans": [{"Node Type": "Bitmap Heap Scan", "Parent Relationship": "Outer", "Relation Name": "title", "Alias": "t", "Startup Cost": 49833.61, "Total Cost": 122544.28, "Plan Rows": 719240, "Plan Width": 25, "Filter": "((production_year >= 2005) AND (production_year <= 2010)), (LLVM Optimized)", "Plans": [{"Node Type": "Bitmap Index Scan", "Parent Relationship": "Outer", "Index Name": "title_pkey", "Startup Cost": 0.0, "Total Cost": 49653.81, "Plan Rows": 2528311, "Plan Width": 0}]}]}]}]}, "Unique SQL Id": 1162488282, "Planner Runtime": 6}, "explain_analyze_plan": null}, "(16, '20')": {"explain_plan": {"Plan": {"Node Type": "Aggregate", "Strategy": "Plain", "Startup Cost": 330246.45, "Total Cost": 330246.46, "Plan Rows": 1, "Plan Width": 113, "Plans": [{"Node Type": "Nested Loop", "Parent Relationship": "Outer", "Join Type": "Inner", "Startup Cost": 7502.06, "Total Cost": 326890.42, "Plan Rows": 447470, "Plan Width": 45, "Inner Unique": false, "Join Filter": "(mc.company_type_id = ct.id), (LLVM Optimized)", "Plans": [{"Node Type": "Seq Scan", "Parent Relationship": "Outer", "Relation Name": "company_type", "Alias": "ct", "Startup Cost": 0.0, "Total Cost": 1.04, "Plan Rows": 1, "Plan Width": 4, "Filter": "((kind)::text = 'production companies'::text)"}, {"Node Type": "Nested Loop", "Parent Relationship": "Inner", "Join Type": "Inner", "Startup Cost": 7502.06, "Total Cost": 320024.4, "Plan Rows": 549199, "Plan Width": 49, "Inner Unique": false, "Join Filter": "(t.id = mc.movie_id), (LLVM Optimized)", "Plans": [{"Node Type": "Nested Loop", "Parent Relationship": "Outer", "Join Type": "Inner", "Startup Cost": 7502.06, "Total Cost": 164107.36, "Plan Rows": 396404, "Plan Width": 29, "Inner Unique": true, "Plans": [{"Node Type": "Nested Loop", "Parent Relationship": "Outer", "Join Type": "Inner", "Startup Cost": 7502.06, "Total Cost": 21741.14, "Plan Rows": 345008, "Plan Width": 4, "Inner Unique": false, "Plans": [{"Node Type": "Seq Scan", "Parent Relationship": "Outer", "Relation Name": "info_type", "Alias": "it", "Startup Cost": 0.0, "Total Cost": 2.4, "Plan Rows": 1, "Plan Width": 4, "Filter": "((info)::text = 'bottom 10 rank'::text)"}, {"Node Type": "Bitmap Heap Scan", "Parent Relationship": "Inner", "Relation Name": "movie_info_idx", "Alias": "mi_idx", "Startup Cost": 7502.06, "Total Cost": 18288.66, "Plan Rows": 345008, "Plan Width": 8, "Recheck Cond": "(info_type_id = it.id), (LLVM Optimized)", "Plans": [{"Node Type": "Bitmap Index Scan", "Parent Relationship": "Outer", "Index Name": "info_type_id_movie_info_idx", "Startup Cost": 0.0, "Total Cost": 7415.81, "Plan Rows": 345008, "Plan Width": 0, "Index Cond": "(info_type_id = it.id)"}]}]}, {"Node Type": "Index Scan", "Parent Relationship": "Inner", "Scan Direction": "Forward", "Index Name": "title_pkey", "Relation Name": "title", "Alias": "t", "Startup Cost": 0.0, "Total Cost": 0.4, "Plan Rows": 1, "Plan Width": 25, "Index Cond": "(id = mi_idx.movie_id)", "Filter": "((production_year >= 2005) AND (production_year <= 2010))"}]}, {"Node Type": "Index Scan", "Parent Relationship": "Inner", "Scan Direction": "Forward", "Index Name": "movie_id_movie_companies", "Relation Name": "movie_companies", "Alias": "mc", "Startup Cost": 0.0, "Total Cost": 0.37, "Plan Rows": 2, "Plan Width": 32, "Index Cond": "(movie_id = mi_idx.movie_id)", "Filter": "((note)::text !~~ '%(as Metro-Goldwyn-Mayer Pictures)%'::text)"}]}]}]}, "Unique SQL Id": 1162488282, "Planner Runtime": 6}, "explain_analyze_plan": {"Plan": {"Node Type": "Aggregate", "Strategy": "Plain", "Startup Cost": 330246.45, "Total Cost": 330246.46, "Plan Rows": 1, "Plan Width": 113, "Actual Startup Time": 0.406, "Actual Total Time": 0.406, "Actual Rows": 1, "Actual Loops": 1, "Plans": [{"Node Type": "Nested Loop", "Parent Relationship": "Outer", "Join Type": "Inner", "Startup Cost": 7502.06, "Total Cost": 326890.42, "Plan Rows": 447470, "Plan Width": 45, "Actual Startup Time": 0.372, "Actual Total Time": 0.383, "Actual Rows": 3, "Actual Loops": 1, "Inner Unique": false, "Join Filter": "(mc.company_type_id = ct.id), (LLVM Optimized)", "Rows Removed by Join Filter": 63, "Plans": [{"Node Type": "Seq Scan", "Parent Relationship": "Outer", "Relation Name": "company_type", "Alias": "ct", "Startup Cost": 0.0, "Total Cost": 1.04, "Plan Rows": 1, "Plan Width": 4, "Actual Startup Time": 0.031, "Actual Total Time": 0.033, "Actual Rows": 1, "Actual Loops": 1, "Filter": "((kind)::text = 'production companies'::text)", "Rows Removed by Filter": 2}, {"Node Type": "Nested Loop", "Parent Relationship": "Inner", "Join Type": "Inner", "Startup Cost": 7502.06, "Total Cost": 320024.4, "Plan Rows": 549199, "Plan Width": 49, "Actual Startup Time": 0.174, "Actual Total Time": 0.33, "Actual Rows": 66, "Actual Loops": 1, "Inner Unique": false, "Join Filter": "(t.id = mc.movie_id), (LLVM Optimized)", "Rows Removed by Join Filter": 0, "Plans": [{"Node Type": "Nested Loop", "Parent Relationship": "Outer", "Join Type": "Inner", "Startup Cost": 7502.06, "Total Cost": 164107.36, "Plan Rows": 396404, "Plan Width": 29, "Actual Startup Time": 0.154, "Actual Total Time": 0.195, "Actual Rows": 4, "Actual Loops": 1, "Inner Unique": true, "Plans": [{"Node Type": "Nested Loop", "Parent Relationship": "Outer", "Join Type": "Inner", "Startup Cost": 7502.06, "Total Cost": 21741.14, "Plan Rows": 345008, "Plan Width": 4, "Actual Startup Time": 0.083, "Actual Total Time": 0.093, "Actual Rows": 10, "Actual Loops": 1, "Inner Unique": false, "Plans": [{"Node Type": "Seq Scan", "Parent Relationship": "Outer", "Relation Name": "info_type", "Alias": "it", "Startup Cost": 0.0, "Total Cost": 2.4, "Plan Rows": 1, "Plan Width": 4, "Actual Startup Time": 0.044, "Actual Total Time": 0.048, "Actual Rows": 1, "Actual Loops": 1, "Filter": "((info)::text = 'bottom 10 rank'::text)", "Rows Removed by Filter": 111}, {"Node Type": "Bitmap Heap Scan", "Parent Relationship": "Inner", "Relation Name": "movie_info_idx", "Alias": "mi_idx", "Startup Cost": 7502.06, "Total Cost": 18288.66, "Plan Rows": 345008, "Plan Width": 8, "Actual Startup Time": 0.034, "Actual Total Time": 0.038, "Actual Rows": 10, "Actual Loops": 1, "Recheck Cond": "(info_type_id = it.id), (LLVM Optimized)", "Rows Removed by Index Recheck": 0, "Exact Heap Blocks": 1, "Lossy Heap Blocks": 1, "Plans": [{"Node Type": "Bitmap Index Scan", "Parent Relationship": "Outer", "Index Name": "info_type_id_movie_info_idx", "Startup Cost": 0.0, "Total Cost": 7415.81, "Plan Rows": 345008, "Plan Width": 0, "Actual Startup Time": 0.02, "Actual Total Time": 0.02, "Actual Rows": 10, "Actual Loops": 1, "Index Cond": "(info_type_id = it.id)"}]}]}, {"Node Type": "Index Scan", "Parent Relationship": "Inner", "Scan Direction": "Forward", "Index Name": "title_pkey", "Relation Name": "title", "Alias": "t", "Startup Cost": 0.0, "Total Cost": 0.4, "Plan Rows": 1, "Plan Width": 25, "Actual Startup Time": 0.092, "Actual Total Time": 0.092, "Actual Rows": 4, "Actual Loops": 10, "Index Cond": "(id = mi_idx.movie_id)", "Rows Removed by Index Recheck": 0, "Filter": "((production_year >= 2005) AND (production_year <= 2010))", "Rows Removed by Filter": 6}]}, {"Node Type": "Index Scan", "Parent Relationship": "Inner", "Scan Direction": "Forward", "Index Name": "movie_id_movie_companies", "Relation Name": "movie_companies", "Alias": "mc", "Startup Cost": 0.0, "Total Cost": 0.37, "Plan Rows": 2, "Plan Width": 32, "Actual Startup Time": 0.046, "Actual Total Time": 0.109, "Actual Rows": 66, "Actual Loops": 4, "Index Cond": "(movie_id = mi_idx.movie_id)", "Rows Removed by Index Recheck": 0, "Filter": "((note)::text !~~ '%(as Metro-Goldwyn-Mayer Pictures)%'::text)", "Rows Removed by Filter": 7}]}]}]}, "Triggers": [], "Planner Runtime": 6.205, "Total Runtime": 10.476, "Unique SQL Id": 1162488282}}, "(16, '21')": {"explain_plan": {"Plan": {"Node Type": "Aggregate", "Strategy": "Plain", "Startup Cost": 330269.52, "Total Cost": 330269.53, "Plan Rows": 1, "Plan Width": 113, "Plans": [{"Node Type": "Nested Loop", "Parent Relationship": "Outer", "Join Type": "Inner", "Startup Cost": 7502.06, "Total Cost": 326913.5, "Plan Rows": 447470, "Plan Width": 45, "Inner Unique": false, "Join Filter": "(mc.company_type_id = ct.id), (LLVM Optimized)", "Plans": [{"Node Type": "Index Scan", "Parent Relationship": "Outer", "Scan Direction": "Forward", "Index Name": "company_type_pkey", "Relation Name": "company_type", "Alias": "ct", "Startup Cost": 0.0, "Total Cost": 12.3, "Plan Rows": 1, "Plan Width": 4, "Filter": "((kind)::text = 'production companies'::text)"}, {"Node Type": "Nested Loop", "Parent Relationship": "Inner", "Join Type": "Inner", "Startup Cost": 7502.06, "Total Cost": 320036.21, "Plan Rows": 549199, "Plan Width": 49, "Inner Unique": false, "Join Filter": "(t.id = mc.movie_id), (LLVM Optimized)", "Plans": [{"Node Type": "Nested Loop", "Parent Relationship": "Outer", "Join Type": "Inner", "Startup Cost": 7502.06, "Total Cost": 164119.17, "Plan Rows": 396404, "Plan Width": 29, "Inner Unique": true, "Plans": [{"Node Type": "Nested Loop", "Parent Relationship": "Outer", "Join Type": "Inner", "Startup Cost": 7502.06, "Total Cost": 21752.95, "Plan Rows": 345008, "Plan Width": 4, "Inner Unique": false, "Plans": [{"Node Type": "Index Scan", "Parent Relationship": "Outer", "Scan Direction": "Forward", "Index Name": "info_type_pkey", "Relation Name": "info_type", "Alias": "it", "Startup Cost": 0.0, "Total Cost": 14.21, "Plan Rows": 1, "Plan Width": 4, "Filter": "((info)::text = 'bottom 10 rank'::text)"}, {"Node Type": "Bitmap Heap Scan", "Parent Relationship": "Inner", "Relation Name": "movie_info_idx", "Alias": "mi_idx", "Startup Cost": 7502.06, "Total Cost": 18288.66, "Plan Rows": 345008, "Plan Width": 8, "Recheck Cond": "(info_type_id = it.id), (LLVM Optimized)", "Plans": [{"Node Type": "Bitmap Index Scan", "Parent Relationship": "Outer", "Index Name": "info_type_id_movie_info_idx", "Startup Cost": 0.0, "Total Cost": 7415.81, "Plan Rows": 345008, "Plan Width": 0, "Index Cond": "(info_type_id = it.id)"}]}]}, {"Node Type": "Index Scan", "Parent Relationship": "Inner", "Scan Direction": "Forward", "Index Name": "title_pkey", "Relation Name": "title", "Alias": "t", "Startup Cost": 0.0, "Total Cost": 0.4, "Plan Rows": 1, "Plan Width": 25, "Index Cond": "(id = mi_idx.movie_id)", "Filter": "((production_year >= 2005) AND (production_year <= 2010))"}]}, {"Node Type": "Index Scan", "Parent Relationship": "Inner", "Scan Direction": "Forward", "Index Name": "movie_id_movie_companies", "Relation Name": "movie_companies", "Alias": "mc", "Startup Cost": 0.0, "Total Cost": 0.37, "Plan Rows": 2, "Plan Width": 32, "Index Cond": "(movie_id = mi_idx.movie_id)", "Filter": "((note)::text !~~ '%(as Metro-Goldwyn-Mayer Pictures)%'::text)"}]}]}]}, "Unique SQL Id": 1162488282, "Planner Runtime": 6}, "explain_analyze_plan": {"Plan": {"Node Type": "Aggregate", "Strategy": "Plain", "Startup Cost": 330269.52, "Total Cost": 330269.53, "Plan Rows": 1, "Plan Width": 113, "Actual Startup Time": 0.352, "Actual Total Time": 0.352, "Actual Rows": 1, "Actual Loops": 1, "Plans": [{"Node Type": "Nested Loop", "Parent Relationship": "Outer", "Join Type": "Inner", "Startup Cost": 7502.06, "Total Cost": 326913.5, "Plan Rows": 447470, "Plan Width": 45, "Actual Startup Time": 0.327, "Actual Total Time": 0.336, "Actual Rows": 3, "Actual Loops": 1, "Inner Unique": false, "Join Filter": "(mc.company_type_id = ct.id), (LLVM Optimized)", "Rows Removed by Join Filter": 63, "Plans": [{"Node Type": "Index Scan", "Parent Relationship": "Outer", "Scan Direction": "Forward", "Index Name": "company_type_pkey", "Relation Name": "company_type", "Alias": "ct", "Startup Cost": 0.0, "Total Cost": 12.3, "Plan Rows": 1, "Plan Width": 4, "Actual Startup Time": 0.023, "Actual Total Time": 0.025, "Actual Rows": 1, "Actual Loops": 1, "Filter": "((kind)::text = 'production companies'::text)", "Rows Removed by Filter": 2}, {"Node Type": "Nested Loop", "Parent Relationship": "Inner", "Join Type": "Inner", "Startup Cost": 7502.06, "Total Cost": 320036.21, "Plan Rows": 549199, "Plan Width": 49, "Actual Startup Time": 0.156, "Actual Total Time": 0.291, "Actual Rows": 66, "Actual Loops": 1, "Inner Unique": false, "Join Filter": "(t.id = mc.movie_id), (LLVM Optimized)", "Rows Removed by Join Filter": 0, "Plans": [{"Node Type": "Nested Loop", "Parent Relationship": "Outer", "Join Type": "Inner", "Startup Cost": 7502.06, "Total Cost": 164119.17, "Plan Rows": 396404, "Plan Width": 29, "Actual Startup Time": 0.138, "Actual Total Time": 0.169, "Actual Rows": 4, "Actual Loops": 1, "Inner Unique": true, "Plans": [{"Node Type": "Nested Loop", "Parent Relationship": "Outer", "Join Type": "Inner", "Startup Cost": 7502.06, "Total Cost": 21752.95, "Plan Rows": 345008, "Plan Width": 4, "Actual Startup Time": 0.086, "Actual Total Time": 0.092, "Actual Rows": 10, "Actual Loops": 1, "Inner Unique": false, "Plans": [{"Node Type": "Index Scan", "Parent Relationship": "Outer", "Scan Direction": "Forward", "Index Name": "info_type_pkey", "Relation Name": "info_type", "Alias": "it", "Startup Cost": 0.0, "Total Cost": 14.21, "Plan Rows": 1, "Plan Width": 4, "Actual Startup Time": 0.059, "Actual Total Time": 0.06, "Actual Rows": 1, "Actual Loops": 1, "Filter": "((info)::text = 'bottom 10 rank'::text)", "Rows Removed by Filter": 111}, {"Node Type": "Bitmap Heap Scan", "Parent Relationship": "Inner", "Relation Name": "movie_info_idx", "Alias": "mi_idx", "Startup Cost": 7502.06, "Total Cost": 18288.66, "Plan Rows": 345008, "Plan Width": 8, "Actual Startup Time": 0.021, "Actual Total Time": 0.025, "Actual Rows": 10, "Actual Loops": 1, "Recheck Cond": "(info_type_id = it.id), (LLVM Optimized)", "Rows Removed by Index Recheck": 0, "Exact Heap Blocks": 1, "Lossy Heap Blocks": 1, "Plans": [{"Node Type": "Bitmap Index Scan", "Parent Relationship": "Outer", "Index Name": "info_type_id_movie_info_idx", "Startup Cost": 0.0, "Total Cost": 7415.81, "Plan Rows": 345008, "Plan Width": 0, "Actual Startup Time": 0.012, "Actual Total Time": 0.012, "Actual Rows": 10, "Actual Loops": 1, "Index Cond": "(info_type_id = it.id)"}]}]}, {"Node Type": "Index Scan", "Parent Relationship": "Inner", "Scan Direction": "Forward", "Index Name": "title_pkey", "Relation Name": "title", "Alias": "t", "Startup Cost": 0.0, "Total Cost": 0.4, "Plan Rows": 1, "Plan Width": 25, "Actual Startup Time": 0.068, "Actual Total Time": 0.068, "Actual Rows": 4, "Actual Loops": 10, "Index Cond": "(id = mi_idx.movie_id)", "Rows Removed by Index Recheck": 0, "Filter": "((production_year >= 2005) AND (production_year <= 2010))", "Rows Removed by Filter": 6}]}, {"Node Type": "Index Scan", "Parent Relationship": "Inner", "Scan Direction": "Forward", "Index Name": "movie_id_movie_companies", "Relation Name": "movie_companies", "Alias": "mc", "Startup Cost": 0.0, "Total Cost": 0.37, "Plan Rows": 2, "Plan Width": 32, "Actual Startup Time": 0.038, "Actual Total Time": 0.091, "Actual Rows": 66, "Actual Loops": 4, "Index Cond": "(movie_id = mi_idx.movie_id)", "Rows Removed by Index Recheck": 0, "Filter": "((note)::text !~~ '%(as Metro-Goldwyn-Mayer Pictures)%'::text)", "Rows Removed by Filter": 7}]}]}]}, "Triggers": [], "Planner Runtime": 6.056, "Total Runtime": 10.207, "Unique SQL Id": 1162488282}}, "(16, '22')": {"explain_plan": {"Plan": {"Node Type": "Aggregate", "Strategy": "Plain", "Startup Cost": 3261377.15, "Total Cost": 3261377.16, "Plan Rows": 1, "Plan Width": 113, "Plans": [{"Node Type": "Nested Loop", "Parent Relationship": "Outer", "Join Type": "Inner", "Startup Cost": 0.58, "Total Cost": 3258021.12, "Plan Rows": 447470, "Plan Width": 45, "Inner Unique": false, "Join Filter": "(mc.company_type_id = ct.id), (LLVM Optimized)", "Plans": [{"Node Type": "Seq Scan", "Parent Relationship": "Outer", "Relation Name": "company_type", "Alias": "ct", "Startup Cost": 0.0, "Total Cost": 1.04, "Plan Rows": 1, "Plan Width": 4, "Filter": "((kind)::text = 'production companies'::text)"}, {"Node Type": "Materialize", "Parent Relationship": "Inner", "Startup Cost": 0.58, "Total Cost": 3252528.09, "Plan Rows": 549199, "Plan Width": 49, "Plans": [{"Node Type": "Nested Loop", "Parent Relationship": "Outer", "Join Type": "Inner", "Startup Cost": 0.58, "Total Cost": 3251155.1, "Plan Rows": 549199, "Plan Width": 49, "Inner Unique": false, "Join Filter": "(t.id = mc.movie_id), (LLVM Optimized)", "Plans": [{"Node Type": "Nested Loop", "Parent Relationship": "Outer", "Join Type": "Inner", "Startup Cost": 0.28, "Total Cost": 1527492.54, "Plan Rows": 396404, "Plan Width": 29, "Inner Unique": true, "Plans": [{"Node Type": "Streaming(type: LOCAL GATHER dop: 1/16)", "Parent Relationship": "Outer", "Startup Cost": 0.0, "Total Cost": 39794.02, "Plan Rows": 345008, "Plan Width": 4, "Plans": [{"Node Type": "Nested Loop", "Parent Relationship": "Outer", "Join Type": "Inner", "Startup Cost": 0.0, "Total Cost": 32348.04, "Plan Rows": 345008, "Plan Width": 4, "Inner Unique": false, "Join Filter": "(it.id = mi_idx.info_type_id), (LLVM Optimized)", "Plans": [{"Node Type": "Streaming(type: BROADCAST dop: 16/1)", "Parent Relationship": "Outer", "Startup Cost": 0.0, "Total Cost": 15002.75, "Plan Rows": 16, "Plan Width": 4, "Plans": [{"Node Type": "Seq Scan", "Parent Relationship": "Outer", "Relation Name": "info_type", "Alias": "it", "Startup Cost": 0.0, "Total Cost": 2.4, "Plan Rows": 1, "Plan Width": 4, "Filter": "((info)::text = 'bottom 10 rank'::text)"}]}, {"Node Type": "Seq Scan", "Parent Relationship": "Inner", "Relation Name": "movie_info_idx", "Alias": "mi_idx", "Startup Cost": 0.0, "Total Cost": 16267.15, "Plan Rows": 1380034, "Plan Width": 8}]}]}, {"Node Type": "Bitmap Heap Scan", "Parent Relationship": "Inner", "Relation Name": "title", "Alias": "t", "Startup Cost": 0.28, "Total Cost": 4.3, "Plan Rows": 1, "Plan Width": 25, "Recheck Cond": "(id = mi_idx.movie_id)", "Filter": "((production_year >= 2005) AND (production_year <= 2010))", "Plans": [{"Node Type": "Bitmap Index Scan", "Parent Relationship": "Outer", "Index Name": "title_pkey", "Startup Cost": 0.0, "Total Cost": 0.28, "Plan Rows": 1, "Plan Width": 0, "Index Cond": "(id = mi_idx.movie_id)"}]}]}, {"Node Type": "Bitmap Heap Scan", "Parent Relationship": "Inner", "Relation Name": "movie_companies", "Alias": "mc", "Startup Cost": 0.29, "Total Cost": 4.32, "Plan Rows": 2, "Plan Width": 32, "Recheck Cond": "(movie_id = mi_idx.movie_id)", "Filter": "((note)::text !~~ '%(as Metro-Goldwyn-Mayer Pictures)%'::text)", "Plans": [{"Node Type": "Bitmap Index Scan", "Parent Relationship": "Outer", "Index Name": "movie_id_movie_companies", "Startup Cost": 0.0, "Total Cost": 0.29, "Plan Rows": 2, "Plan Width": 0, "Index Cond": "(movie_id = mi_idx.movie_id)"}]}]}]}]}]}, "Unique SQL Id": 1162488282, "Planner Runtime": 5}, "explain_analyze_plan": {"Plan": {"Node Type": "Aggregate", "Strategy": "Plain", "Startup Cost": 3261377.15, "Total Cost": 3261377.16, "Plan Rows": 1, "Plan Width": 113, "Actual Min Startup Time": 87.05, "Actual Max Startup Time": 87.05, "Actual Min Total Time": 87.05, "Actual Max Total Time": 87.05, "Plans": [{"Node Type": "Nested Loop", "Parent Relationship": "Outer", "Join Type": "Inner", "Startup Cost": 0.58, "Total Cost": 3258021.12, "Plan Rows": 447470, "Plan Width": 45, "Actual Min Startup Time": 87.018, "Actual Max Startup Time": 87.018, "Actual Min Total Time": 87.023, "Actual Max Total Time": 87.023, "Inner Unique": false, "Join Filter": "(mc.company_type_id = ct.id), (LLVM Optimized)", "Rows Removed by Join Filter": 63, "Plans": [{"Node Type": "Seq Scan", "Parent Relationship": "Outer", "Relation Name": "company_type", "Alias": "ct", "Startup Cost": 0.0, "Total Cost": 1.04, "Plan Rows": 1, "Plan Width": 4, "Actual Min Startup Time": 0.012, "Actual Max Startup Time": 0.012, "Actual Min Total Time": 0.014, "Actual Max Total Time": 0.014, "Filter": "((kind)::text = 'production companies'::text)", "Rows Removed by Filter": 2, "Actual Rows": 1}, {"Node Type": "Materialize", "Parent Relationship": "Inner", "Startup Cost": 0.58, "Total Cost": 3252528.09, "Plan Rows": 549199, "Plan Width": 49, "Actual Min Startup Time": 86.975, "Actual Max Startup Time": 86.975, "Actual Min Total Time": 86.982, "Actual Max Total Time": 86.982, "Plans": [{"Node Type": "Nested Loop", "Parent Relationship": "Outer", "Join Type": "Inner", "Startup Cost": 0.58, "Total Cost": 3251155.1, "Plan Rows": 549199, "Plan Width": 49, "Actual Min Startup Time": 80.206, "Actual Max Startup Time": 80.206, "Actual Min Total Time": 86.931, "Actual Max Total Time": 86.931, "Inner Unique": false, "Join Filter": "(t.id = mc.movie_id), (LLVM Optimized)", "Rows Removed by Join Filter": 0, "Plans": [{"Node Type": "Nested Loop", "Parent Relationship": "Outer", "Join Type": "Inner", "Startup Cost": 0.28, "Total Cost": 1527492.54, "Plan Rows": 396404, "Plan Width": 29, "Actual Min Startup Time": 80.136, "Actual Max Startup Time": 80.136, "Actual Min Total Time": 86.76, "Actual Max Total Time": 86.76, "Inner Unique": true, "Plans": [{"Node Type": "Streaming(type: LOCAL GATHER dop: 1/16)", "Parent Relationship": "Outer", "Startup Cost": 0.0, "Total Cost": 39794.02, "Plan Rows": 345008, "Plan Width": 4, "Actual Min Startup Time": 79.983, "Actual Max Startup Time": 79.983, "Actual Min Total Time": 86.565, "Actual Max Total Time": 86.565, "Plans": [{"Node Type": "Nested Loop", "Parent Relationship": "Outer", "Join Type": "Inner", "Startup Cost": 0.0, "Total Cost": 32348.04, "Plan Rows": 345008, "Plan Width": 4, "Actual Min Startup Time": 34.774, "Actual Max Startup Time": 41.161, "Actual Min Total Time": 34.774, "Actual Max Total Time": 41.168, "Inner Unique": false, "Join Filter": "(it.id = mi_idx.info_type_id), (LLVM Optimized)", "Rows Removed by Join Filter": 1380024, "Plans": [{"Node Type": "Streaming(type: BROADCAST dop: 16/1)", "Parent Relationship": "Outer", "Startup Cost": 0.0, "Total Cost": 15002.75, "Plan Rows": 16, "Plan Width": 4, "Actual Min Startup Time": 0.003, "Actual Max Startup Time": 0.009, "Actual Min Total Time": 0.004, "Actual Max Total Time": 0.012, "Plans": [{"Node Type": "Seq Scan", "Parent Relationship": "Outer", "Relation Name": "info_type", "Alias": "it", "Startup Cost": 0.0, "Total Cost": 2.4, "Plan Rows": 1, "Plan Width": 4, "Actual Min Startup Time": 0.074, "Actual Max Startup Time": 0.074, "Actual Min Total Time": 0.077, "Actual Max Total Time": 0.077, "Filter": "((info)::text = 'bottom 10 rank'::text)", "Rows Removed by Filter": 111, "Actual Rows": 1}], "Actual Rows": 16}, {"Node Type": "Seq Scan", "Parent Relationship": "Inner", "Relation Name": "movie_info_idx", "Alias": "mi_idx", "Startup Cost": 0.0, "Total Cost": 16267.15, "Plan Rows": 1380034, "Plan Width": 8, "Actual Min Startup Time": 0.032, "Actual Max Startup Time": 0.049, "Actual Min Total Time": 18.548, "Actual Max Total Time": 22.011, "Actual Rows": 1380034}], "Actual Rows": 10}], "Actual Rows": 10}, {"Node Type": "Bitmap Heap Scan", "Parent Relationship": "Inner", "Relation Name": "title", "Alias": "t", "Startup Cost": 0.28, "Total Cost": 4.3, "Plan Rows": 1, "Plan Width": 25, "Actual Min Startup Time": 0.159, "Actual Max Startup Time": 0.159, "Actual Min Total Time": 0.159, "Actual Max Total Time": 0.159, "Recheck Cond": "(id = mi_idx.movie_id)", "Rows Removed by Index Recheck": 0, "Filter": "((production_year >= 2005) AND (production_year <= 2010))", "Rows Removed by Filter": 6, "Exact Heap Blocks": 10, "Lossy Heap Blocks": 10, "Plans": [{"Node Type": "Bitmap Index Scan", "Parent Relationship": "Outer", "Index Name": "title_pkey", "Startup Cost": 0.0, "Total Cost": 0.28, "Plan Rows": 1, "Plan Width": 0, "Actual Min Startup Time": 0.089, "Actual Max Startup Time": 0.089, "Actual Min Total Time": 0.089, "Actual Max Total Time": 0.089, "Index Cond": "(id = mi_idx.movie_id)", "Actual Rows": 10}], "Actual Rows": 4}], "Actual Rows": 4}, {"Node Type": "Bitmap Heap Scan", "Parent Relationship": "Inner", "Relation Name": "movie_companies", "Alias": "mc", "Startup Cost": 0.29, "Total Cost": 4.32, "Plan Rows": 2, "Plan Width": 32, "Actual Min Startup Time": 0.109, "Actual Max Startup Time": 0.109, "Actual Min Total Time": 0.143, "Actual Max Total Time": 0.143, "Recheck Cond": "(movie_id = mi_idx.movie_id)", "Rows Removed by Index Recheck": 0, "Filter": "((note)::text !~~ '%(as Metro-Goldwyn-Mayer Pictures)%'::text)", "Rows Removed by Filter": 7, "Exact Heap Blocks": 9, "Lossy Heap Blocks": 9, "Plans": [{"Node Type": "Bitmap Index Scan", "Parent Relationship": "Outer", "Index Name": "movie_id_movie_companies", "Startup Cost": 0.0, "Total Cost": 0.29, "Plan Rows": 2, "Plan Width": 0, "Actual Min Startup Time": 0.042, "Actual Max Startup Time": 0.042, "Actual Min Total Time": 0.042, "Actual Max Total Time": 0.042, "Index Cond": "(movie_id = mi_idx.movie_id)", "Actual Rows": 73}], "Actual Rows": 66}], "Actual Rows": 66}], "Actual Rows": 67}], "Actual Rows": 3}], "Actual Rows": 1}, "Triggers": [], "Planner Runtime": 5.477, "Total Runtime": 100.154, "Unique SQL Id": 1162488282}}, "(16, '23')": {"explain_plan": {"Plan": {"Node Type": "Aggregate", "Strategy": "Plain", "Startup Cost": 480619.32, "Total Cost": 480619.33, "Plan Rows": 1, "Plan Width": 113, "Plans": [{"Node Type": "Merge Join", "Parent Relationship": "Outer", "Join Type": "Inner", "Startup Cost": 456129.24, "Total Cost": 478129.29, "Plan Rows": 332005, "Plan Width": 45, "Inner Unique": true, "Merge Cond": "(mc.movie_id = t.id)", "Plans": [{"Node Type": "Merge Join", "Parent Relationship": "Outer", "Join Type": "Inner", "Startup Cost": 263616.8, "Total Cost": 277451.17, "Plan Rows": 501180, "Plan Width": 32, "Inner Unique": false, "Merge Cond": "(mi_idx.movie_id = mc.movie_id)", "Plans": [{"Node Type": "Sort", "Parent Relationship": "Outer", "Startup Cost": 53487.25, "Total Cost": 54349.77, "Plan Rows": 345008, "Plan Width": 4, "Sort Key": ["mi_idx.movie_id"], "Plans": [{"Node Type": "Nested Loop", "Parent Relationship": "Outer", "Join Type": "Inner", "Startup Cost": 7510.87, "Total Cost": 21752.95, "Plan Rows": 345008, "Plan Width": 4, "Inner Unique": false, "Plans": [{"Node Type": "Bitmap Heap Scan", "Parent Relationship": "Outer", "Relation Name": "info_type", "Alias": "it", "Startup Cost": 8.81, "Total Cost": 14.21, "Plan Rows": 1, "Plan Width": 4, "Filter": "((info)::text = 'bottom 10 rank'::text)", "Plans": [{"Node Type": "Bitmap Index Scan", "Parent Relationship": "Outer", "Index Name": "info_type_pkey", "Startup Cost": 0.0, "Total Cost": 8.81, "Plan Rows": 112, "Plan Width": 0}]}, {"Node Type": "Bitmap Heap Scan", "Parent Relationship": "Inner", "Relation Name": "movie_info_idx", "Alias": "mi_idx", "Startup Cost": 7502.06, "Total Cost": 18288.66, "Plan Rows": 345008, "Plan Width": 8, "Recheck Cond": "(info_type_id = it.id), (LLVM Optimized)", "Plans": [{"Node Type": "Bitmap Index Scan", "Parent Relationship": "Outer", "Index Name": "info_type_id_movie_info_idx", "Startup Cost": 0.0, "Total Cost": 7415.81, "Plan Rows": 345008, "Plan Width": 0, "Index Cond": "(info_type_id = it.id)"}]}]}]}, {"Node Type": "Sort", "Parent Relationship": "Inner", "Startup Cost": 210129.52, "Total Cost": 213390.81, "Plan Rows": 1304518, "Plan Width": 28, "Sort Key": ["mc.movie_id"], "Plans": [{"Node Type": "Nested Loop", "Parent Relationship": "Outer", "Join Type": "Inner", "Startup Cost": 29278.87, "Total Cost": 77622.54, "Plan Rows": 1304518, "Plan Width": 28, "Inner Unique": false, "Plans": [{"Node Type": "Bitmap Heap Scan", "Parent Relationship": "Outer", "Relation Name": "company_type", "Alias": "ct", "Startup Cost": 8.27, "Total Cost": 12.3, "Plan Rows": 1, "Plan Width": 4, "Filter": "((kind)::text = 'production companies'::text)", "Plans": [{"Node Type": "Bitmap Index Scan", "Parent Relationship": "Outer", "Index Name": "company_type_pkey", "Startup Cost": 0.0, "Total Cost": 8.27, "Plan Rows": 3, "Plan Width": 0}]}, {"Node Type": "Bitmap Heap Scan", "Parent Relationship": "Inner", "Relation Name": "movie_companies", "Alias": "mc", "Startup Cost": 29270.61, "Total Cost": 64565.07, "Plan Rows": 1304517, "Plan Width": 32, "Recheck Cond": "(company_type_id = ct.id), (LLVM Optimized)", "Filter": "((note)::text !~~ '%(as Metro-Goldwyn-Mayer Pictures)%'::text), (LLVM Optimized)", "Plans": [{"Node Type": "Bitmap Index Scan", "Parent Relationship": "Outer", "Index Name": "company_type_id_movie_companies", "Startup Cost": 0.0, "Total Cost": 28944.48, "Plan Rows": 1304564, "Plan Width": 0, "Index Cond": "(company_type_id = ct.id)"}]}]}]}]}, {"Node Type": "Sort", "Parent Relationship": "Inner", "Startup Cost": 192512.36, "Total Cost": 194310.46, "Plan Rows": 719240, "Plan Width": 25, "Sort Key": ["t.id"], "Plans": [{"Node Type": "Bitmap Heap Scan", "Parent Relationship": "Outer", "Relation Name": "title", "Alias": "t", "Startup Cost": 49833.61, "Total Cost": 122544.28, "Plan Rows": 719240, "Plan Width": 25, "Filter": "((production_year >= 2005) AND (production_year <= 2010)), (LLVM Optimized)", "Plans": [{"Node Type": "Bitmap Index Scan", "Parent Relationship": "Outer", "Index Name": "title_pkey", "Startup Cost": 0.0, "Total Cost": 49653.81, "Plan Rows": 2528311, "Plan Width": 0}]}]}]}]}, "Unique SQL Id": 1162488282, "Planner Runtime": 6}, "explain_analyze_plan": null}, "(16, '24')": {"explain_plan": {"Plan": {"Node Type": "Aggregate", "Strategy": "Plain", "Startup Cost": 343407.23, "Total Cost": 343407.24, "Plan Rows": 1, "Plan Width": 113, "Plans": [{"Node Type": "Nested Loop", "Parent Relationship": "Outer", "Join Type": "Inner", "Startup Cost": 2.77, "Total Cost": 340051.2, "Plan Rows": 447470, "Plan Width": 45, "Inner Unique": false, "Join Filter": "(mc.company_type_id = ct.id), (LLVM Optimized)", "Plans": [{"Node Type": "Seq Scan", "Parent Relationship": "Outer", "Relation Name": "company_type", "Alias": "ct", "Startup Cost": 0.0, "Total Cost": 1.04, "Plan Rows": 1, "Plan Width": 4, "Filter": "((kind)::text = 'production companies'::text)"}, {"Node Type": "Merge Join", "Parent Relationship": "Inner", "Join Type": "Inner", "Startup Cost": 2.77, "Total Cost": 333185.18, "Plan Rows": 549199, "Plan Width": 49, "Inner Unique": true, "Merge Cond": "(mc.movie_id = t.id)", "Plans": [{"Node Type": "Nested Loop", "Parent Relationship": "Outer", "Join Type": "Inner", "Startup Cost": 0.0, "Total Cost": 201179.75, "Plan Rows": 829046, "Plan Width": 36, "Inner Unique": false, "Plans": [{"Node Type": "Nested Loop", "Parent Relationship": "Outer", "Join Type": "Inner", "Startup Cost": 0.0, "Total Cost": 67203.27, "Plan Rows": 345008, "Plan Width": 4, "Inner Unique": true, "Join Filter": "(it.id = mi_idx.info_type_id), (LLVM Optimized)", "Plans": [{"Node Type": "Index Scan", "Parent Relationship": "Outer", "Scan Direction": "Forward", "Index Name": "movie_id_movie_info_idx", "Relation Name": "movie_info_idx", "Alias": "mi_idx", "Startup Cost": 0.0, "Total Cost": 46500.35, "Plan Rows": 1380034, "Plan Width": 8}, {"Node Type": "Materialize", "Parent Relationship": "Inner", "Startup Cost": 0.0, "Total Cost": 2.41, "Plan Rows": 1, "Plan Width": 4, "Plans": [{"Node Type": "Seq Scan", "Parent Relationship": "Outer", "Relation Name": "info_type", "Alias": "it", "Startup Cost": 0.0, "Total Cost": 2.4, "Plan Rows": 1, "Plan Width": 4, "Filter": "((info)::text = 'bottom 10 rank'::text)"}]}]}, {"Node Type": "Index Scan", "Parent Relationship": "Inner", "Scan Direction": "Forward", "Index Name": "movie_id_movie_companies", "Relation Name": "movie_companies", "Alias": "mc", "Startup Cost": 0.0, "Total Cost": 0.37, "Plan Rows": 2, "Plan Width": 32, "Index Cond": "(movie_id = mi_idx.movie_id)", "Filter": "((note)::text !~~ '%(as Metro-Goldwyn-Mayer Pictures)%'::text)"}]}, {"Node Type": "Index Scan", "Parent Relationship": "Inner", "Scan Direction": "Forward", "Index Name": "title_pkey", "Relation Name": "title", "Alias": "t", "Startup Cost": 0.0, "Total Cost": 122762.04, "Plan Rows": 719240, "Plan Width": 25, "Filter": "((production_year >= 2005) AND (production_year <= 2010)), (LLVM Optimized)"}]}]}]}, "Unique SQL Id": 1162488282, "Planner Runtime": 5}, "explain_analyze_plan": null}, "(16, '25')": {"explain_plan": {"Plan": {"Node Type": "Aggregate", "Strategy": "Plain", "Startup Cost": 343430.3, "Total Cost": 343430.31, "Plan Rows": 1, "Plan Width": 113, "Plans": [{"Node Type": "Nested Loop", "Parent Relationship": "Outer", "Join Type": "Inner", "Startup Cost": 2.77, "Total Cost": 340074.28, "Plan Rows": 447470, "Plan Width": 45, "Inner Unique": false, "Join Filter": "(mc.company_type_id = ct.id), (LLVM Optimized)", "Plans": [{"Node Type": "Index Scan", "Parent Relationship": "Outer", "Scan Direction": "Forward", "Index Name": "company_type_pkey", "Relation Name": "company_type", "Alias": "ct", "Startup Cost": 0.0, "Total Cost": 12.3, "Plan Rows": 1, "Plan Width": 4, "Filter": "((kind)::text = 'production companies'::text)"}, {"Node Type": "Merge Join", "Parent Relationship": "Inner", "Join Type": "Inner", "Startup Cost": 2.77, "Total Cost": 333196.99, "Plan Rows": 549199, "Plan Width": 49, "Inner Unique": true, "Merge Cond": "(mc.movie_id = t.id)", "Plans": [{"Node Type": "Nested Loop", "Parent Relationship": "Outer", "Join Type": "Inner", "Startup Cost": 0.0, "Total Cost": 201191.56, "Plan Rows": 829046, "Plan Width": 36, "Inner Unique": false, "Plans": [{"Node Type": "Nested Loop", "Parent Relationship": "Outer", "Join Type": "Inner", "Startup Cost": 0.0, "Total Cost": 67215.08, "Plan Rows": 345008, "Plan Width": 4, "Inner Unique": true, "Join Filter": "(it.id = mi_idx.info_type_id), (LLVM Optimized)", "Plans": [{"Node Type": "Index Scan", "Parent Relationship": "Outer", "Scan Direction": "Forward", "Index Name": "movie_id_movie_info_idx", "Relation Name": "movie_info_idx", "Alias": "mi_idx", "Startup Cost": 0.0, "Total Cost": 46500.35, "Plan Rows": 1380034, "Plan Width": 8}, {"Node Type": "Materialize", "Parent Relationship": "Inner", "Startup Cost": 0.0, "Total Cost": 14.22, "Plan Rows": 1, "Plan Width": 4, "Plans": [{"Node Type": "Index Scan", "Parent Relationship": "Outer", "Scan Direction": "Forward", "Index Name": "info_type_pkey", "Relation Name": "info_type", "Alias": "it", "Startup Cost": 0.0, "Total Cost": 14.21, "Plan Rows": 1, "Plan Width": 4, "Filter": "((info)::text = 'bottom 10 rank'::text)"}]}]}, {"Node Type": "Index Scan", "Parent Relationship": "Inner", "Scan Direction": "Forward", "Index Name": "movie_id_movie_companies", "Relation Name": "movie_companies", "Alias": "mc", "Startup Cost": 0.0, "Total Cost": 0.37, "Plan Rows": 2, "Plan Width": 32, "Index Cond": "(movie_id = mi_idx.movie_id)", "Filter": "((note)::text !~~ '%(as Metro-Goldwyn-Mayer Pictures)%'::text)"}]}, {"Node Type": "Index Scan", "Parent Relationship": "Inner", "Scan Direction": "Forward", "Index Name": "title_pkey", "Relation Name": "title", "Alias": "t", "Startup Cost": 0.0, "Total Cost": 122762.04, "Plan Rows": 719240, "Plan Width": 25, "Filter": "((production_year >= 2005) AND (production_year <= 2010)), (LLVM Optimized)"}]}]}]}, "Unique SQL Id": 1162488282, "Planner Runtime": 6}, "explain_analyze_plan": null}, "(16, '26')": {"explain_plan": {"Plan": {"Node Type": "Aggregate", "Strategy": "Plain", "Startup Cost": 44999472.66, "Total Cost": 44999472.69, "Plan Rows": 1, "Plan Width": 113, "Plans": [{"Node Type": "Streaming(type: LOCAL GATHER dop: 1/16)", "Parent Relationship": "Outer", "Startup Cost": 44999472.66, "Total Cost": 44999472.69, "Plan Rows": 1, "Plan Width": 113, "Plans": [{"Node Type": "Aggregate", "Strategy": "Plain", "Parent Relationship": "Outer", "Startup Cost": 44999472.66, "Total Cost": 44999472.67, "Plan Rows": 1, "Plan Width": 113, "Plans": [{"Node Type": "Nested Loop", "Parent Relationship": "Outer", "Join Type": "Inner", "Startup Cost": 554.15, "Total Cost": 44996982.62, "Plan Rows": 332005, "Plan Width": 45, "Inner Unique": false, "Join Filter": "(mc.movie_id = t.id), (LLVM Optimized)", "Plans": [{"Node Type": "Streaming(type: LOCAL REDISTRIBUTE dop: 16/16)", "Parent Relationship": "Outer", "Startup Cost": 0.0, "Total Cost": 55003.85, "Plan Rows": 1304518, "Plan Width": 28, "Plans": [{"Node Type": "Nested Loop", "Parent Relationship": "Outer", "Join Type": "Inner", "Startup Cost": 0.0, "Total Cost": 35060.95, "Plan Rows": 1304518, "Plan Width": 28, "Inner Unique": false, "Join Filter": "(ct.id = mc.company_type_id), (LLVM Optimized)", "Plans": [{"Node Type": "Streaming(type: BROADCAST dop: 16/1)", "Parent Relationship": "Outer", "Startup Cost": 0.0, "Total Cost": 15001.38, "Plan Rows": 16, "Plan Width": 4, "Plans": [{"Node Type": "Seq Scan", "Parent Relationship": "Outer", "Relation Name": "company_type", "Alias": "ct", "Startup Cost": 0.0, "Total Cost": 1.04, "Plan Rows": 1, "Plan Width": 4, "Filter": "((kind)::text = 'production companies'::text)"}]}, {"Node Type": "Seq Scan", "Parent Relationship": "Inner", "Relation Name": "movie_companies", "Alias": "mc", "Startup Cost": 0.0, "Total Cost": 18021.26, "Plan Rows": 2609035, "Plan Width": 32, "Filter": "((note)::text !~~ '%(as Metro-Goldwyn-Mayer Pictures)%'::text), (LLVM Optimized)"}]}]}, {"Node Type": "Materialize", "Parent Relationship": "Inner", "Startup Cost": 554.15, "Total Cost": 14642266.11, "Plan Rows": 396404, "Plan Width": 29, "Plans": [{"Node Type": "Streaming(type: LOCAL REDISTRIBUTE dop: 16/16)", "Parent Relationship": "Outer", "Startup Cost": 554.15, "Total Cost": 14642142.23, "Plan Rows": 396404, "Plan Width": 29, "Plans": [{"Node Type": "Nested Loop", "Parent Relationship": "Outer", "Join Type": "Inner", "Startup Cost": 554.15, "Total Cost": 14625640.23, "Plan Rows": 396404, "Plan Width": 29, "Inner Unique": false, "Join Filter": "(mi_idx.movie_id = t.id), (LLVM Optimized)", "Plans": [{"Node Type": "Streaming(type: LOCAL REDISTRIBUTE dop: 16/16)", "Parent Relationship": "Outer", "Startup Cost": 554.15, "Total Cost": 37269.66, "Plan Rows": 719240, "Plan Width": 25, "Plans": [{"Node Type": "Seq Scan", "Parent Relationship": "Outer", "Relation Name": "title", "Alias": "t", "Startup Cost": 554.15, "Total Cost": 19544.42, "Plan Rows": 719240, "Plan Width": 25, "Filter": "((production_year >= 2005) AND (production_year <= 2010)), (LLVM Optimized)"}]}, {"Node Type": "Materialize", "Parent Relationship": "Inner", "Startup Cost": 0.0, "Total Cost": 48763.12, "Plan Rows": 345008, "Plan Width": 4, "Plans": [{"Node Type": "Streaming(type: LOCAL REDISTRIBUTE dop: 16/16)", "Parent Relationship": "Outer", "Startup Cost": 0.0, "Total Cost": 48655.3, "Plan Rows": 345008, "Plan Width": 4, "Plans": [{"Node Type": "Nested Loop", "Parent Relationship": "Outer", "Join Type": "Inner", "Startup Cost": 0.0, "Total Cost": 32348.04, "Plan Rows": 345008, "Plan Width": 4, "Inner Unique": false, "Join Filter": "(it.id = mi_idx.info_type_id), (LLVM Optimized)", "Plans": [{"Node Type": "Streaming(type: BROADCAST dop: 16/1)", "Parent Relationship": "Outer", "Startup Cost": 0.0, "Total Cost": 15002.75, "Plan Rows": 16, "Plan Width": 4, "Plans": [{"Node Type": "Seq Scan", "Parent Relationship": "Outer", "Relation Name": "info_type", "Alias": "it", "Startup Cost": 0.0, "Total Cost": 2.4, "Plan Rows": 1, "Plan Width": 4, "Filter": "((info)::text = 'bottom 10 rank'::text)"}]}, {"Node Type": "Seq Scan", "Parent Relationship": "Inner", "Relation Name": "movie_info_idx", "Alias": "mi_idx", "Startup Cost": 0.0, "Total Cost": 16267.15, "Plan Rows": 1380034, "Plan Width": 8}]}]}]}]}]}]}]}]}]}]}, "Unique SQL Id": 1162488282, "Planner Runtime": 5}, "explain_analyze_plan": {"Plan": {"Node Type": "Aggregate", "Strategy": "Plain", "Startup Cost": 44999472.66, "Total Cost": 44999472.69, "Plan Rows": 1, "Plan Width": 113, "Actual Min Startup Time": 464.917, "Actual Max Startup Time": 464.917, "Actual Min Total Time": 464.918, "Actual Max Total Time": 464.918, "Plans": [{"Node Type": "Streaming(type: LOCAL GATHER dop: 1/16)", "Parent Relationship": "Outer", "Startup Cost": 44999472.66, "Total Cost": 44999472.69, "Plan Rows": 1, "Plan Width": 113, "Actual Min Startup Time": 464.813, "Actual Max Startup Time": 464.813, "Actual Min Total Time": 464.898, "Actual Max Total Time": 464.898, "Plans": [{"Node Type": "Aggregate", "Strategy": "Plain", "Parent Relationship": "Outer", "Startup Cost": 44999472.66, "Total Cost": 44999472.67, "Plan Rows": 1, "Plan Width": 113, "Actual Min Startup Time": 207.577, "Actual Max Startup Time": 274.583, "Actual Min Total Time": 207.577, "Actual Max Total Time": 274.583, "Plans": [{"Node Type": "Nested Loop", "Parent Relationship": "Outer", "Join Type": "Inner", "Startup Cost": 554.15, "Total Cost": 44996982.62, "Plan Rows": 332005, "Plan Width": 45, "Actual Min Startup Time": 187.348, "Actual Max Startup Time": 274.576, "Actual Min Total Time": 207.57, "Actual Max Total Time": 274.576, "Inner Unique": false, "Join Filter": "(mc.movie_id = t.id), (LLVM Optimized)", "Rows Removed by Join Filter": 35584, "Plans": [{"Node Type": "Streaming(type: LOCAL REDISTRIBUTE dop: 16/16)", "Parent Relationship": "Outer", "Startup Cost": 0.0, "Total Cost": 55003.85, "Plan Rows": 1304518, "Plan Width": 28, "Actual Min Startup Time": 0.053, "Actual Max Startup Time": 0.43, "Actual Min Total Time": 33.507, "Actual Max Total Time": 36.469, "Plans": [{"Node Type": "Nested Loop", "Parent Relationship": "Outer", "Join Type": "Inner", "Startup Cost": 0.0, "Total Cost": 35060.95, "Plan Rows": 1304518, "Plan Width": 28, "Actual Min Startup Time": 49.122, "Actual Max Startup Time": 62.491, "Actual Min Total Time": 71.807, "Actual Max Total Time": 88.001, "Inner Unique": false, "Join Filter": "(ct.id = mc.company_type_id), (LLVM Optimized)", "Rows Removed by Join Filter": 1196183, "Plans": [{"Node Type": "Streaming(type: BROADCAST dop: 16/1)", "Parent Relationship": "Outer", "Startup Cost": 0.0, "Total Cost": 15001.38, "Plan Rows": 16, "Plan Width": 4, "Actual Min Startup Time": 0.004, "Actual Max Startup Time": 6.011, "Actual Min Total Time": 0.005, "Actual Max Total Time": 6.012, "Plans": [{"Node Type": "Seq Scan", "Parent Relationship": "Outer", "Relation Name": "company_type", "Alias": "ct", "Startup Cost": 0.0, "Total Cost": 1.04, "Plan Rows": 1, "Plan Width": 4, "Actual Min Startup Time": 0.028, "Actual Max Startup Time": 0.028, "Actual Min Total Time": 0.032, "Actual Max Total Time": 0.032, "Filter": "((kind)::text = 'production companies'::text)", "Rows Removed by Filter": 2, "Actual Rows": 1}], "Actual Rows": 16}, {"Node Type": "Seq Scan", "Parent Relationship": "Inner", "Relation Name": "movie_companies", "Alias": "mc", "Startup Cost": 0.0, "Total Cost": 18021.26, "Plan Rows": 2609035, "Plan Width": 32, "Actual Min Startup Time": 0.03, "Actual Max Startup Time": 0.058, "Actual Min Total Time": 56.624, "Actual Max Total Time": 67.579, "Filter": "((note)::text !~~ '%(as Metro-Goldwyn-Mayer Pictures)%'::text), (LLVM Optimized)", "Rows Removed by Filter": 1272041, "Actual Rows": 1337087}], "Actual Rows": 140904}], "Actual Rows": 140904}, {"Node Type": "Materialize", "Parent Relationship": "Inner", "Startup Cost": 554.15, "Total Cost": 14642266.11, "Plan Rows": 396404, "Plan Width": 29, "Actual Min Startup Time": 169.763, "Actual Max Startup Time": 236.654, "Actual Min Total Time": 169.763, "Actual Max Total Time": 236.654, "Plans": [{"Node Type": "Streaming(type: LOCAL REDISTRIBUTE dop: 16/16)", "Parent Relationship": "Outer", "Startup Cost": 554.15, "Total Cost": 14642142.23, "Plan Rows": 396404, "Plan Width": 29, "Actual Min Startup Time": 168.837, "Actual Max Startup Time": 235.848, "Actual Min Total Time": 168.837, "Actual Max Total Time": 235.848, "Plans": [{"Node Type": "Nested Loop", "Parent Relationship": "Outer", "Join Type": "Inner", "Startup Cost": 554.15, "Total Cost": 14625640.23, "Plan Rows": 396404, "Plan Width": 29, "Actual Min Startup Time": 124.561, "Actual Max Startup Time": 213.985, "Actual Min Total Time": 168.34, "Actual Max Total Time": 213.985, "Inner Unique": false, "Join Filter": "(mi_idx.movie_id = t.id), (LLVM Optimized)", "Rows Removed by Join Filter": 447303, "Plans": [{"Node Type": "Streaming(type: LOCAL REDISTRIBUTE dop: 16/16)", "Parent Relationship": "Outer", "Startup Cost": 554.15, "Total Cost": 37269.66, "Plan Rows": 719240, "Plan Width": 25, "Actual Min Startup Time": 0.055, "Actual Max Startup Time": 0.224, "Actual Min Total Time": 100.277, "Actual Max Total Time": 126.154, "Plans": [{"Node Type": "Seq Scan", "Parent Relationship": "Outer", "Relation Name": "title", "Alias": "t", "Startup Cost": 554.15, "Total Cost": 19544.42, "Plan Rows": 719240, "Plan Width": 25, "Actual Min Startup Time": 0.03, "Actual Max Startup Time": 0.048, "Actual Min Total Time": 63.57, "Actual Max Total Time": 72.145, "Filter": "((production_year >= 2005) AND (production_year <= 2010)), (LLVM Optimized)", "Rows Removed by Filter": 1812052, "Actual Rows": 716259}], "Actual Rows": 716259}, {"Node Type": "Materialize", "Parent Relationship": "Inner", "Startup Cost": 0.0, "Total Cost": 48763.12, "Plan Rows": 345008, "Plan Width": 4, "Actual Min Startup Time": 34.084, "Actual Max Startup Time": 80.696, "Actual Min Total Time": 37.97, "Actual Max Total Time": 80.696, "Plans": [{"Node Type": "Streaming(type: LOCAL REDISTRIBUTE dop: 16/16)", "Parent Relationship": "Outer", "Startup Cost": 0.0, "Total Cost": 48655.3, "Plan Rows": 345008, "Plan Width": 4, "Actual Min Startup Time": 0.024, "Actual Max Startup Time": 75.748, "Actual Min Total Time": 30.128, "Actual Max Total Time": 75.748, "Plans": [{"Node Type": "Nested Loop", "Parent Relationship": "Outer", "Join Type": "Inner", "Startup Cost": 0.0, "Total Cost": 32348.04, "Plan Rows": 345008, "Plan Width": 4, "Actual Min Startup Time": 34.813, "Actual Max Startup Time": 51.632, "Actual Min Total Time": 34.813, "Actual Max Total Time": 51.632, "Inner Unique": false, "Join Filter": "(it.id = mi_idx.info_type_id), (LLVM Optimized)", "Rows Removed by Join Filter": 1380024, "Plans": [{"Node Type": "Streaming(type: BROADCAST dop: 16/1)", "Parent Relationship": "Outer", "Startup Cost": 0.0, "Total Cost": 15002.75, "Plan Rows": 16, "Plan Width": 4, "Actual Min Startup Time": 0.004, "Actual Max Startup Time": 16.436, "Actual Min Total Time": 0.005, "Actual Max Total Time": 16.438, "Plans": [{"Node Type": "Seq Scan", "Parent Relationship": "Outer", "Relation Name": "info_type", "Alias": "it", "Startup Cost": 0.0, "Total Cost": 2.4, "Plan Rows": 1, "Plan Width": 4, "Actual Min Startup Time": 0.066, "Actual Max Startup Time": 0.066, "Actual Min Total Time": 0.07, "Actual Max Total Time": 0.07, "Filter": "((info)::text = 'bottom 10 rank'::text)", "Rows Removed by Filter": 111, "Actual Rows": 1}], "Actual Rows": 16}, {"Node Type": "Seq Scan", "Parent Relationship": "Inner", "Relation Name": "movie_info_idx", "Alias": "mi_idx", "Startup Cost": 0.0, "Total Cost": 16267.15, "Plan Rows": 1380034, "Plan Width": 8, "Actual Min Startup Time": 0.031, "Actual Max Startup Time": 0.043, "Actual Min Total Time": 18.594, "Actual Max Total Time": 22.465, "Actual Rows": 1380034}], "Actual Rows": 10}], "Actual Rows": 10}], "Actual Rows": 447315}], "Actual Rows": 4}], "Actual Rows": 4}], "Actual Rows": 35591}], "Actual Rows": 3}], "Actual Rows": 16}], "Actual Rows": 16}], "Actual Rows": 1}, "Triggers": [], "Planner Runtime": 4.854, "Total Runtime": 492.446, "Unique SQL Id": 1162488282}}, "(16, '27')": {"explain_plan": {"Plan": {"Node Type": "Aggregate", "Strategy": "Plain", "Startup Cost": 4996298643025.23, "Total Cost": 4996298643025.24, "Plan Rows": 1, "Plan Width": 113, "Plans": [{"Node Type": "Merge Join", "Parent Relationship": "Outer", "Join Type": "Inner", "Startup Cost": 50033501541.7, "Total Cost": 4996298639669.21, "Plan Rows": 447470, "Plan Width": 45, "Inner Unique": false, "Merge Cond": "(t.id = mi_idx.movie_id)", "Plans": [{"Node Type": "Nested Loop", "Parent Relationship": "Outer", "Join Type": "Inner", "Startup Cost": 30022023519.89, "Total Cost": 2999077645366.78, "Plan Rows": 1164716, "Plan Width": 53, "Inner Unique": true, "Join Filter": "(mc.company_type_id = ct.id), (LLVM Optimized)", "Plans": [{"Node Type": "Merge Join", "Parent Relationship": "Outer", "Join Type": "Inner", "Startup Cost": 20022023519.89, "Total Cost": 1999077618211.31, "Plan Rows": 1728348, "Plan Width": 57, "Inner Unique": false, "Merge Cond": "(t.id = mc.movie_id)", "Plans": [{"Node Type": "Index Scan", "Parent Relationship": "Outer", "Scan Direction": "Forward", "Index Name": "title_pkey", "Relation Name": "title", "Alias": "t", "Startup Cost": 10000000000.0, "Total Cost": 1000012276204.41, "Plan Rows": 719240, "Plan Width": 25, "Filter": "((production_year >= 2005) AND (production_year <= 2010)), (LLVM Optimized)"}, {"Node Type": "Index Scan", "Parent Relationship": "Inner", "Scan Direction": "Forward", "Index Name": "movie_id_movie_companies", "Relation Name": "movie_companies", "Alias": "mc", "Startup Cost": 10000000000.0, "Total Cost": 1000013704228.13, "Plan Rows": 2609035, "Plan Width": 32, "Filter": "((note)::text !~~ '%(as Metro-Goldwyn-Mayer Pictures)%'::text), (LLVM Optimized)"}]}, {"Node Type": "Materialize", "Parent Relationship": "Inner", "Startup Cost": 10000000000.0, "Total Cost": 1000000001230.26, "Plan Rows": 1, "Plan Width": 4, "Plans": [{"Node Type": "Index Scan", "Parent Relationship": "Outer", "Scan Direction": "Forward", "Index Name": "company_type_pkey", "Relation Name": "company_type", "Alias": "ct", "Startup Cost": 10000000000.0, "Total Cost": 1000000001230.25, "Plan Rows": 1, "Plan Width": 4, "Filter": "((kind)::text = 'production companies'::text)"}]}]}, {"Node Type": "Materialize", "Parent Relationship": "Inner", "Startup Cost": 20000000000.0, "Total Cost": 2000004673019.4, "Plan Rows": 345008, "Plan Width": 4, "Plans": [{"Node Type": "Nested Loop", "Parent Relationship": "Outer", "Join Type": "Inner", "Startup Cost": 20000000000.0, "Total Cost": 2000004672156.88, "Plan Rows": 345008, "Plan Width": 4, "Inner Unique": true, "Join Filter": "(it.id = mi_idx.info_type_id), (LLVM Optimized)", "Plans": [{"Node Type": "Index Scan", "Parent Relationship": "Outer", "Scan Direction": "Forward", "Index Name": "movie_id_movie_info_idx", "Relation Name": "movie_info_idx", "Alias": "mi_idx", "Startup Cost": 10000000000.0, "Total Cost": 1000004650035.37, "Plan Rows": 1380034, "Plan Width": 8}, {"Node Type": "Materialize", "Parent Relationship": "Inner", "Startup Cost": 10000000000.0, "Total Cost": 1000000001421.0, "Plan Rows": 1, "Plan Width": 4, "Plans": [{"Node Type": "Index Scan", "Parent Relationship": "Outer", "Scan Direction": "Forward", "Index Name": "info_type_pkey", "Relation Name": "info_type", "Alias": "it", "Startup Cost": 10000000000.0, "Total Cost": 1000000001421.0, "Plan Rows": 1, "Plan Width": 4, "Filter": "((info)::text = 'bottom 10 rank'::text)"}]}]}]}]}]}, "Unique SQL Id": 1162488282, "Planner Runtime": 10}, "explain_analyze_plan": null}, "(16, '28')": {"explain_plan": {"Plan": {"Node Type": "Aggregate", "Strategy": "Plain", "Startup Cost": 343407.23, "Total Cost": 343407.24, "Plan Rows": 1, "Plan Width": 113, "Plans": [{"Node Type": "Nested Loop", "Parent Relationship": "Outer", "Join Type": "Inner", "Startup Cost": 2.77, "Total Cost": 340051.2, "Plan Rows": 447470, "Plan Width": 45, "Inner Unique": false, "Join Filter": "(mc.company_type_id = ct.id), (LLVM Optimized)", "Plans": [{"Node Type": "Seq Scan", "Parent Relationship": "Outer", "Relation Name": "company_type", "Alias": "ct", "Startup Cost": 0.0, "Total Cost": 1.04, "Plan Rows": 1, "Plan Width": 4, "Filter": "((kind)::text = 'production companies'::text)"}, {"Node Type": "Merge Join", "Parent Relationship": "Inner", "Join Type": "Inner", "Startup Cost": 2.77, "Total Cost": 333185.18, "Plan Rows": 549199, "Plan Width": 49, "Inner Unique": true, "Merge Cond": "(mc.movie_id = t.id)", "Plans": [{"Node Type": "Nested Loop", "Parent Relationship": "Outer", "Join Type": "Inner", "Startup Cost": 0.0, "Total Cost": 201179.75, "Plan Rows": 829046, "Plan Width": 36, "Inner Unique": false, "Plans": [{"Node Type": "Nested Loop", "Parent Relationship": "Outer", "Join Type": "Inner", "Startup Cost": 0.0, "Total Cost": 67203.27, "Plan Rows": 345008, "Plan Width": 4, "Inner Unique": true, "Join Filter": "(it.id = mi_idx.info_type_id), (LLVM Optimized)", "Plans": [{"Node Type": "Index Scan", "Parent Relationship": "Outer", "Scan Direction": "Forward", "Index Name": "movie_id_movie_info_idx", "Relation Name": "movie_info_idx", "Alias": "mi_idx", "Startup Cost": 0.0, "Total Cost": 46500.35, "Plan Rows": 1380034, "Plan Width": 8}, {"Node Type": "Materialize", "Parent Relationship": "Inner", "Startup Cost": 0.0, "Total Cost": 2.41, "Plan Rows": 1, "Plan Width": 4, "Plans": [{"Node Type": "Seq Scan", "Parent Relationship": "Outer", "Relation Name": "info_type", "Alias": "it", "Startup Cost": 0.0, "Total Cost": 2.4, "Plan Rows": 1, "Plan Width": 4, "Filter": "((info)::text = 'bottom 10 rank'::text)"}]}]}, {"Node Type": "Index Scan", "Parent Relationship": "Inner", "Scan Direction": "Forward", "Index Name": "movie_id_movie_companies", "Relation Name": "movie_companies", "Alias": "mc", "Startup Cost": 0.0, "Total Cost": 0.37, "Plan Rows": 2, "Plan Width": 32, "Index Cond": "(movie_id = mi_idx.movie_id)", "Filter": "((note)::text !~~ '%(as Metro-Goldwyn-Mayer Pictures)%'::text)"}]}, {"Node Type": "Index Scan", "Parent Relationship": "Inner", "Scan Direction": "Forward", "Index Name": "title_pkey", "Relation Name": "title", "Alias": "t", "Startup Cost": 0.0, "Total Cost": 122762.04, "Plan Rows": 719240, "Plan Width": 25, "Filter": "((production_year >= 2005) AND (production_year <= 2010)), (LLVM Optimized)"}]}]}]}, "Unique SQL Id": 1162488282, "Planner Runtime": 5}, "explain_analyze_plan": null}, "(16, '29')": {"explain_plan": {"Plan": {"Node Type": "Aggregate", "Strategy": "Plain", "Startup Cost": 343430.3, "Total Cost": 343430.31, "Plan Rows": 1, "Plan Width": 113, "Plans": [{"Node Type": "Nested Loop", "Parent Relationship": "Outer", "Join Type": "Inner", "Startup Cost": 2.77, "Total Cost": 340074.28, "Plan Rows": 447470, "Plan Width": 45, "Inner Unique": false, "Join Filter": "(mc.company_type_id = ct.id), (LLVM Optimized)", "Plans": [{"Node Type": "Index Scan", "Parent Relationship": "Outer", "Scan Direction": "Forward", "Index Name": "company_type_pkey", "Relation Name": "company_type", "Alias": "ct", "Startup Cost": 0.0, "Total Cost": 12.3, "Plan Rows": 1, "Plan Width": 4, "Filter": "((kind)::text = 'production companies'::text)"}, {"Node Type": "Merge Join", "Parent Relationship": "Inner", "Join Type": "Inner", "Startup Cost": 2.77, "Total Cost": 333196.99, "Plan Rows": 549199, "Plan Width": 49, "Inner Unique": true, "Merge Cond": "(mc.movie_id = t.id)", "Plans": [{"Node Type": "Nested Loop", "Parent Relationship": "Outer", "Join Type": "Inner", "Startup Cost": 0.0, "Total Cost": 201191.56, "Plan Rows": 829046, "Plan Width": 36, "Inner Unique": false, "Plans": [{"Node Type": "Nested Loop", "Parent Relationship": "Outer", "Join Type": "Inner", "Startup Cost": 0.0, "Total Cost": 67215.08, "Plan Rows": 345008, "Plan Width": 4, "Inner Unique": true, "Join Filter": "(it.id = mi_idx.info_type_id), (LLVM Optimized)", "Plans": [{"Node Type": "Index Scan", "Parent Relationship": "Outer", "Scan Direction": "Forward", "Index Name": "movie_id_movie_info_idx", "Relation Name": "movie_info_idx", "Alias": "mi_idx", "Startup Cost": 0.0, "Total Cost": 46500.35, "Plan Rows": 1380034, "Plan Width": 8}, {"Node Type": "Materialize", "Parent Relationship": "Inner", "Startup Cost": 0.0, "Total Cost": 14.22, "Plan Rows": 1, "Plan Width": 4, "Plans": [{"Node Type": "Index Scan", "Parent Relationship": "Outer", "Scan Direction": "Forward", "Index Name": "info_type_pkey", "Relation Name": "info_type", "Alias": "it", "Startup Cost": 0.0, "Total Cost": 14.21, "Plan Rows": 1, "Plan Width": 4, "Filter": "((info)::text = 'bottom 10 rank'::text)"}]}]}, {"Node Type": "Index Scan", "Parent Relationship": "Inner", "Scan Direction": "Forward", "Index Name": "movie_id_movie_companies", "Relation Name": "movie_companies", "Alias": "mc", "Startup Cost": 0.0, "Total Cost": 0.37, "Plan Rows": 2, "Plan Width": 32, "Index Cond": "(movie_id = mi_idx.movie_id)", "Filter": "((note)::text !~~ '%(as Metro-Goldwyn-Mayer Pictures)%'::text)"}]}, {"Node Type": "Index Scan", "Parent Relationship": "Inner", "Scan Direction": "Forward", "Index Name": "title_pkey", "Relation Name": "title", "Alias": "t", "Startup Cost": 0.0, "Total Cost": 122762.04, "Plan Rows": 719240, "Plan Width": 25, "Filter": "((production_year >= 2005) AND (production_year <= 2010)), (LLVM Optimized)"}]}]}]}, "Unique SQL Id": 1162488282, "Planner Runtime": 5}, "explain_analyze_plan": null}, "(16, '30')": {"explain_plan": {"Plan": {"Node Type": "Aggregate", "Strategy": "Plain", "Startup Cost": 44999472.66, "Total Cost": 44999472.69, "Plan Rows": 1, "Plan Width": 113, "Plans": [{"Node Type": "Streaming(type: LOCAL GATHER dop: 1/16)", "Parent Relationship": "Outer", "Startup Cost": 44999472.66, "Total Cost": 44999472.69, "Plan Rows": 1, "Plan Width": 113, "Plans": [{"Node Type": "Aggregate", "Strategy": "Plain", "Parent Relationship": "Outer", "Startup Cost": 44999472.66, "Total Cost": 44999472.67, "Plan Rows": 1, "Plan Width": 113, "Plans": [{"Node Type": "Nested Loop", "Parent Relationship": "Outer", "Join Type": "Inner", "Startup Cost": 554.15, "Total Cost": 44996982.62, "Plan Rows": 332005, "Plan Width": 45, "Inner Unique": false, "Join Filter": "(mc.movie_id = t.id), (LLVM Optimized)", "Plans": [{"Node Type": "Streaming(type: LOCAL REDISTRIBUTE dop: 16/16)", "Parent Relationship": "Outer", "Startup Cost": 0.0, "Total Cost": 55003.85, "Plan Rows": 1304518, "Plan Width": 28, "Plans": [{"Node Type": "Nested Loop", "Parent Relationship": "Outer", "Join Type": "Inner", "Startup Cost": 0.0, "Total Cost": 35060.95, "Plan Rows": 1304518, "Plan Width": 28, "Inner Unique": false, "Join Filter": "(ct.id = mc.company_type_id), (LLVM Optimized)", "Plans": [{"Node Type": "Streaming(type: BROADCAST dop: 16/1)", "Parent Relationship": "Outer", "Startup Cost": 0.0, "Total Cost": 15001.38, "Plan Rows": 16, "Plan Width": 4, "Plans": [{"Node Type": "Seq Scan", "Parent Relationship": "Outer", "Relation Name": "company_type", "Alias": "ct", "Startup Cost": 0.0, "Total Cost": 1.04, "Plan Rows": 1, "Plan Width": 4, "Filter": "((kind)::text = 'production companies'::text)"}]}, {"Node Type": "Seq Scan", "Parent Relationship": "Inner", "Relation Name": "movie_companies", "Alias": "mc", "Startup Cost": 0.0, "Total Cost": 18021.26, "Plan Rows": 2609035, "Plan Width": 32, "Filter": "((note)::text !~~ '%(as Metro-Goldwyn-Mayer Pictures)%'::text), (LLVM Optimized)"}]}]}, {"Node Type": "Materialize", "Parent Relationship": "Inner", "Startup Cost": 554.15, "Total Cost": 14642266.11, "Plan Rows": 396404, "Plan Width": 29, "Plans": [{"Node Type": "Streaming(type: LOCAL REDISTRIBUTE dop: 16/16)", "Parent Relationship": "Outer", "Startup Cost": 554.15, "Total Cost": 14642142.23, "Plan Rows": 396404, "Plan Width": 29, "Plans": [{"Node Type": "Nested Loop", "Parent Relationship": "Outer", "Join Type": "Inner", "Startup Cost": 554.15, "Total Cost": 14625640.23, "Plan Rows": 396404, "Plan Width": 29, "Inner Unique": false, "Join Filter": "(mi_idx.movie_id = t.id), (LLVM Optimized)", "Plans": [{"Node Type": "Streaming(type: LOCAL REDISTRIBUTE dop: 16/16)", "Parent Relationship": "Outer", "Startup Cost": 554.15, "Total Cost": 37269.66, "Plan Rows": 719240, "Plan Width": 25, "Plans": [{"Node Type": "Seq Scan", "Parent Relationship": "Outer", "Relation Name": "title", "Alias": "t", "Startup Cost": 554.15, "Total Cost": 19544.42, "Plan Rows": 719240, "Plan Width": 25, "Filter": "((production_year >= 2005) AND (production_year <= 2010)), (LLVM Optimized)"}]}, {"Node Type": "Materialize", "Parent Relationship": "Inner", "Startup Cost": 0.0, "Total Cost": 48763.12, "Plan Rows": 345008, "Plan Width": 4, "Plans": [{"Node Type": "Streaming(type: LOCAL REDISTRIBUTE dop: 16/16)", "Parent Relationship": "Outer", "Startup Cost": 0.0, "Total Cost": 48655.3, "Plan Rows": 345008, "Plan Width": 4, "Plans": [{"Node Type": "Nested Loop", "Parent Relationship": "Outer", "Join Type": "Inner", "Startup Cost": 0.0, "Total Cost": 32348.04, "Plan Rows": 345008, "Plan Width": 4, "Inner Unique": false, "Join Filter": "(it.id = mi_idx.info_type_id), (LLVM Optimized)", "Plans": [{"Node Type": "Streaming(type: BROADCAST dop: 16/1)", "Parent Relationship": "Outer", "Startup Cost": 0.0, "Total Cost": 15002.75, "Plan Rows": 16, "Plan Width": 4, "Plans": [{"Node Type": "Seq Scan", "Parent Relationship": "Outer", "Relation Name": "info_type", "Alias": "it", "Startup Cost": 0.0, "Total Cost": 2.4, "Plan Rows": 1, "Plan Width": 4, "Filter": "((info)::text = 'bottom 10 rank'::text)"}]}, {"Node Type": "Seq Scan", "Parent Relationship": "Inner", "Relation Name": "movie_info_idx", "Alias": "mi_idx", "Startup Cost": 0.0, "Total Cost": 16267.15, "Plan Rows": 1380034, "Plan Width": 8}]}]}]}]}]}]}]}]}]}]}, "Unique SQL Id": 1162488282, "Planner Runtime": 4}, "explain_analyze_plan": {"Plan": {"Node Type": "Aggregate", "Strategy": "Plain", "Startup Cost": 44999472.66, "Total Cost": 44999472.69, "Plan Rows": 1, "Plan Width": 113, "Actual Min Startup Time": 464.917, "Actual Max Startup Time": 464.917, "Actual Min Total Time": 464.918, "Actual Max Total Time": 464.918, "Plans": [{"Node Type": "Streaming(type: LOCAL GATHER dop: 1/16)", "Parent Relationship": "Outer", "Startup Cost": 44999472.66, "Total Cost": 44999472.69, "Plan Rows": 1, "Plan Width": 113, "Actual Min Startup Time": 464.813, "Actual Max Startup Time": 464.813, "Actual Min Total Time": 464.898, "Actual Max Total Time": 464.898, "Plans": [{"Node Type": "Aggregate", "Strategy": "Plain", "Parent Relationship": "Outer", "Startup Cost": 44999472.66, "Total Cost": 44999472.67, "Plan Rows": 1, "Plan Width": 113, "Actual Min Startup Time": 207.577, "Actual Max Startup Time": 274.583, "Actual Min Total Time": 207.577, "Actual Max Total Time": 274.583, "Plans": [{"Node Type": "Nested Loop", "Parent Relationship": "Outer", "Join Type": "Inner", "Startup Cost": 554.15, "Total Cost": 44996982.62, "Plan Rows": 332005, "Plan Width": 45, "Actual Min Startup Time": 187.348, "Actual Max Startup Time": 274.576, "Actual Min Total Time": 207.57, "Actual Max Total Time": 274.576, "Inner Unique": false, "Join Filter": "(mc.movie_id = t.id), (LLVM Optimized)", "Rows Removed by Join Filter": 35584, "Plans": [{"Node Type": "Streaming(type: LOCAL REDISTRIBUTE dop: 16/16)", "Parent Relationship": "Outer", "Startup Cost": 0.0, "Total Cost": 55003.85, "Plan Rows": 1304518, "Plan Width": 28, "Actual Min Startup Time": 0.053, "Actual Max Startup Time": 0.43, "Actual Min Total Time": 33.507, "Actual Max Total Time": 36.469, "Plans": [{"Node Type": "Nested Loop", "Parent Relationship": "Outer", "Join Type": "Inner", "Startup Cost": 0.0, "Total Cost": 35060.95, "Plan Rows": 1304518, "Plan Width": 28, "Actual Min Startup Time": 49.122, "Actual Max Startup Time": 62.491, "Actual Min Total Time": 71.807, "Actual Max Total Time": 88.001, "Inner Unique": false, "Join Filter": "(ct.id = mc.company_type_id), (LLVM Optimized)", "Rows Removed by Join Filter": 1196183, "Plans": [{"Node Type": "Streaming(type: BROADCAST dop: 16/1)", "Parent Relationship": "Outer", "Startup Cost": 0.0, "Total Cost": 15001.38, "Plan Rows": 16, "Plan Width": 4, "Actual Min Startup Time": 0.004, "Actual Max Startup Time": 6.011, "Actual Min Total Time": 0.005, "Actual Max Total Time": 6.012, "Plans": [{"Node Type": "Seq Scan", "Parent Relationship": "Outer", "Relation Name": "company_type", "Alias": "ct", "Startup Cost": 0.0, "Total Cost": 1.04, "Plan Rows": 1, "Plan Width": 4, "Actual Min Startup Time": 0.028, "Actual Max Startup Time": 0.028, "Actual Min Total Time": 0.032, "Actual Max Total Time": 0.032, "Filter": "((kind)::text = 'production companies'::text)", "Rows Removed by Filter": 2, "Actual Rows": 1}], "Actual Rows": 16}, {"Node Type": "Seq Scan", "Parent Relationship": "Inner", "Relation Name": "movie_companies", "Alias": "mc", "Startup Cost": 0.0, "Total Cost": 18021.26, "Plan Rows": 2609035, "Plan Width": 32, "Actual Min Startup Time": 0.03, "Actual Max Startup Time": 0.058, "Actual Min Total Time": 56.624, "Actual Max Total Time": 67.579, "Filter": "((note)::text !~~ '%(as Metro-Goldwyn-Mayer Pictures)%'::text), (LLVM Optimized)", "Rows Removed by Filter": 1272041, "Actual Rows": 1337087}], "Actual Rows": 140904}], "Actual Rows": 140904}, {"Node Type": "Materialize", "Parent Relationship": "Inner", "Startup Cost": 554.15, "Total Cost": 14642266.11, "Plan Rows": 396404, "Plan Width": 29, "Actual Min Startup Time": 169.763, "Actual Max Startup Time": 236.654, "Actual Min Total Time": 169.763, "Actual Max Total Time": 236.654, "Plans": [{"Node Type": "Streaming(type: LOCAL REDISTRIBUTE dop: 16/16)", "Parent Relationship": "Outer", "Startup Cost": 554.15, "Total Cost": 14642142.23, "Plan Rows": 396404, "Plan Width": 29, "Actual Min Startup Time": 168.837, "Actual Max Startup Time": 235.848, "Actual Min Total Time": 168.837, "Actual Max Total Time": 235.848, "Plans": [{"Node Type": "Nested Loop", "Parent Relationship": "Outer", "Join Type": "Inner", "Startup Cost": 554.15, "Total Cost": 14625640.23, "Plan Rows": 396404, "Plan Width": 29, "Actual Min Startup Time": 124.561, "Actual Max Startup Time": 213.985, "Actual Min Total Time": 168.34, "Actual Max Total Time": 213.985, "Inner Unique": false, "Join Filter": "(mi_idx.movie_id = t.id), (LLVM Optimized)", "Rows Removed by Join Filter": 447303, "Plans": [{"Node Type": "Streaming(type: LOCAL REDISTRIBUTE dop: 16/16)", "Parent Relationship": "Outer", "Startup Cost": 554.15, "Total Cost": 37269.66, "Plan Rows": 719240, "Plan Width": 25, "Actual Min Startup Time": 0.055, "Actual Max Startup Time": 0.224, "Actual Min Total Time": 100.277, "Actual Max Total Time": 126.154, "Plans": [{"Node Type": "Seq Scan", "Parent Relationship": "Outer", "Relation Name": "title", "Alias": "t", "Startup Cost": 554.15, "Total Cost": 19544.42, "Plan Rows": 719240, "Plan Width": 25, "Actual Min Startup Time": 0.03, "Actual Max Startup Time": 0.048, "Actual Min Total Time": 63.57, "Actual Max Total Time": 72.145, "Filter": "((production_year >= 2005) AND (production_year <= 2010)), (LLVM Optimized)", "Rows Removed by Filter": 1812052, "Actual Rows": 716259}], "Actual Rows": 716259}, {"Node Type": "Materialize", "Parent Relationship": "Inner", "Startup Cost": 0.0, "Total Cost": 48763.12, "Plan Rows": 345008, "Plan Width": 4, "Actual Min Startup Time": 34.084, "Actual Max Startup Time": 80.696, "Actual Min Total Time": 37.97, "Actual Max Total Time": 80.696, "Plans": [{"Node Type": "Streaming(type: LOCAL REDISTRIBUTE dop: 16/16)", "Parent Relationship": "Outer", "Startup Cost": 0.0, "Total Cost": 48655.3, "Plan Rows": 345008, "Plan Width": 4, "Actual Min Startup Time": 0.024, "Actual Max Startup Time": 75.748, "Actual Min Total Time": 30.128, "Actual Max Total Time": 75.748, "Plans": [{"Node Type": "Nested Loop", "Parent Relationship": "Outer", "Join Type": "Inner", "Startup Cost": 0.0, "Total Cost": 32348.04, "Plan Rows": 345008, "Plan Width": 4, "Actual Min Startup Time": 34.813, "Actual Max Startup Time": 51.632, "Actual Min Total Time": 34.813, "Actual Max Total Time": 51.632, "Inner Unique": false, "Join Filter": "(it.id = mi_idx.info_type_id), (LLVM Optimized)", "Rows Removed by Join Filter": 1380024, "Plans": [{"Node Type": "Streaming(type: BROADCAST dop: 16/1)", "Parent Relationship": "Outer", "Startup Cost": 0.0, "Total Cost": 15002.75, "Plan Rows": 16, "Plan Width": 4, "Actual Min Startup Time": 0.004, "Actual Max Startup Time": 16.436, "Actual Min Total Time": 0.005, "Actual Max Total Time": 16.438, "Plans": [{"Node Type": "Seq Scan", "Parent Relationship": "Outer", "Relation Name": "info_type", "Alias": "it", "Startup Cost": 0.0, "Total Cost": 2.4, "Plan Rows": 1, "Plan Width": 4, "Actual Min Startup Time": 0.066, "Actual Max Startup Time": 0.066, "Actual Min Total Time": 0.07, "Actual Max Total Time": 0.07, "Filter": "((info)::text = 'bottom 10 rank'::text)", "Rows Removed by Filter": 111, "Actual Rows": 1}], "Actual Rows": 16}, {"Node Type": "Seq Scan", "Parent Relationship": "Inner", "Relation Name": "movie_info_idx", "Alias": "mi_idx", "Startup Cost": 0.0, "Total Cost": 16267.15, "Plan Rows": 1380034, "Plan Width": 8, "Actual Min Startup Time": 0.031, "Actual Max Startup Time": 0.043, "Actual Min Total Time": 18.594, "Actual Max Total Time": 22.465, "Actual Rows": 1380034}], "Actual Rows": 10}], "Actual Rows": 10}], "Actual Rows": 447315}], "Actual Rows": 4}], "Actual Rows": 4}], "Actual Rows": 35591}], "Actual Rows": 3}], "Actual Rows": 16}], "Actual Rows": 16}], "Actual Rows": 1}, "Triggers": [], "Planner Runtime": 4.854, "Total Runtime": 492.446, "Unique SQL Id": 1162488282}}, "(16, '31')": {"explain_plan": {"Plan": {"Node Type": "Aggregate", "Strategy": "Plain", "Startup Cost": 4996298643025.23, "Total Cost": 4996298643025.24, "Plan Rows": 1, "Plan Width": 113, "Plans": [{"Node Type": "Merge Join", "Parent Relationship": "Outer", "Join Type": "Inner", "Startup Cost": 50033501541.7, "Total Cost": 4996298639669.21, "Plan Rows": 447470, "Plan Width": 45, "Inner Unique": false, "Merge Cond": "(t.id = mi_idx.movie_id)", "Plans": [{"Node Type": "Nested Loop", "Parent Relationship": "Outer", "Join Type": "Inner", "Startup Cost": 30022023519.89, "Total Cost": 2999077645366.78, "Plan Rows": 1164716, "Plan Width": 53, "Inner Unique": true, "Join Filter": "(mc.company_type_id = ct.id), (LLVM Optimized)", "Plans": [{"Node Type": "Merge Join", "Parent Relationship": "Outer", "Join Type": "Inner", "Startup Cost": 20022023519.89, "Total Cost": 1999077618211.31, "Plan Rows": 1728348, "Plan Width": 57, "Inner Unique": false, "Merge Cond": "(t.id = mc.movie_id)", "Plans": [{"Node Type": "Index Scan", "Parent Relationship": "Outer", "Scan Direction": "Forward", "Index Name": "title_pkey", "Relation Name": "title", "Alias": "t", "Startup Cost": 10000000000.0, "Total Cost": 1000012276204.41, "Plan Rows": 719240, "Plan Width": 25, "Filter": "((production_year >= 2005) AND (production_year <= 2010)), (LLVM Optimized)"}, {"Node Type": "Index Scan", "Parent Relationship": "Inner", "Scan Direction": "Forward", "Index Name": "movie_id_movie_companies", "Relation Name": "movie_companies", "Alias": "mc", "Startup Cost": 10000000000.0, "Total Cost": 1000013704228.13, "Plan Rows": 2609035, "Plan Width": 32, "Filter": "((note)::text !~~ '%(as Metro-Goldwyn-Mayer Pictures)%'::text), (LLVM Optimized)"}]}, {"Node Type": "Materialize", "Parent Relationship": "Inner", "Startup Cost": 10000000000.0, "Total Cost": 1000000001230.26, "Plan Rows": 1, "Plan Width": 4, "Plans": [{"Node Type": "Index Scan", "Parent Relationship": "Outer", "Scan Direction": "Forward", "Index Name": "company_type_pkey", "Relation Name": "company_type", "Alias": "ct", "Startup Cost": 10000000000.0, "Total Cost": 1000000001230.25, "Plan Rows": 1, "Plan Width": 4, "Filter": "((kind)::text = 'production companies'::text)"}]}]}, {"Node Type": "Materialize", "Parent Relationship": "Inner", "Startup Cost": 20000000000.0, "Total Cost": 2000004673019.4, "Plan Rows": 345008, "Plan Width": 4, "Plans": [{"Node Type": "Nested Loop", "Parent Relationship": "Outer", "Join Type": "Inner", "Startup Cost": 20000000000.0, "Total Cost": 2000004672156.88, "Plan Rows": 345008, "Plan Width": 4, "Inner Unique": true, "Join Filter": "(it.id = mi_idx.info_type_id), (LLVM Optimized)", "Plans": [{"Node Type": "Index Scan", "Parent Relationship": "Outer", "Scan Direction": "Forward", "Index Name": "movie_id_movie_info_idx", "Relation Name": "movie_info_idx", "Alias": "mi_idx", "Startup Cost": 10000000000.0, "Total Cost": 1000004650035.37, "Plan Rows": 1380034, "Plan Width": 8}, {"Node Type": "Materialize", "Parent Relationship": "Inner", "Startup Cost": 10000000000.0, "Total Cost": 1000000001421.0, "Plan Rows": 1, "Plan Width": 4, "Plans": [{"Node Type": "Index Scan", "Parent Relationship": "Outer", "Scan Direction": "Forward", "Index Name": "info_type_pkey", "Relation Name": "info_type", "Alias": "it", "Startup Cost": 10000000000.0, "Total Cost": 1000000001421.0, "Plan Rows": 1, "Plan Width": 4, "Filter": "((info)::text = 'bottom 10 rank'::text)"}]}]}]}]}]}, "Unique SQL Id": 1162488282, "Planner Runtime": 9}, "explain_analyze_plan": null}, "(16, '32')": {"explain_plan": {"Plan": {"Node Type": "Aggregate", "Strategy": "Plain", "Startup Cost": 153893.9, "Total Cost": 153893.91, "Plan Rows": 1, "Plan Width": 113, "Plans": [{"Node Type": "Hash Join", "Parent Relationship": "Outer", "Join Type": "Inner", "Startup Cost": 76011.59, "Total Cost": 150537.88, "Plan Rows": 447470, "Plan Width": 45, "Inner Unique": false, "Hash Cond": "(mc.movie_id = t.id), (LLVM Optimized)", "Plans": [{"Node Type": "Streaming(type: LOCAL GATHER dop: 1/16)", "Parent Relationship": "Outer", "Startup Cost": 0.0, "Total Cost": 63215.1, "Plan Rows": 1304518, "Plan Width": 28, "Plans": [{"Node Type": "Nested Loop", "Parent Relationship": "Outer", "Join Type": "Inner", "Startup Cost": 0.0, "Total Cost": 35060.95, "Plan Rows": 1304518, "Plan Width": 28, "Inner Unique": false, "Join Filter": "(ct.id = mc.company_type_id), (LLVM Optimized)", "Plans": [{"Node Type": "Streaming(type: BROADCAST dop: 16/1)", "Parent Relationship": "Outer", "Startup Cost": 0.0, "Total Cost": 15001.38, "Plan Rows": 16, "Plan Width": 4, "Plans": [{"Node Type": "Seq Scan", "Parent Relationship": "Outer", "Relation Name": "company_type", "Alias": "ct", "Startup Cost": 0.0, "Total Cost": 1.04, "Plan Rows": 1, "Plan Width": 4, "Filter": "((kind)::text = 'production companies'::text)"}]}, {"Node Type": "Seq Scan", "Parent Relationship": "Inner", "Relation Name": "movie_companies", "Alias": "mc", "Startup Cost": 0.0, "Total Cost": 18021.26, "Plan Rows": 2609035, "Plan Width": 32, "Filter": "((note)::text !~~ '%(as Metro-Goldwyn-Mayer Pictures)%'::text), (LLVM Optimized)"}]}]}, {"Node Type": "Hash", "Parent Relationship": "Inner", "Startup Cost": 71056.54, "Total Cost": 71056.54, "Plan Rows": 396404, "Plan Width": 29, "Plans": [{"Node Type": "Hash Join", "Parent Relationship": "Outer", "Join Type": "Inner", "Startup Cost": 51559.64, "Total Cost": 71056.54, "Plan Rows": 396404, "Plan Width": 29, "Inner Unique": true, "Hash Cond": "(mi_idx.movie_id = t.id), (LLVM Optimized)", "Plans": [{"Node Type": "Nested Loop", "Parent Relationship": "Outer", "Join Type": "Inner", "Startup Cost": 7502.06, "Total Cost": 21741.14, "Plan Rows": 345008, "Plan Width": 4, "Inner Unique": false, "Plans": [{"Node Type": "Seq Scan", "Parent Relationship": "Outer", "Relation Name": "info_type", "Alias": "it", "Startup Cost": 0.0, "Total Cost": 2.4, "Plan Rows": 1, "Plan Width": 4, "Filter": "((info)::text = 'bottom 10 rank'::text)"}, {"Node Type": "Bitmap Heap Scan", "Parent Relationship": "Inner", "Relation Name": "movie_info_idx", "Alias": "mi_idx", "Startup Cost": 7502.06, "Total Cost": 18288.66, "Plan Rows": 345008, "Plan Width": 8, "Recheck Cond": "(info_type_id = it.id), (LLVM Optimized)", "Plans": [{"Node Type": "Bitmap Index Scan", "Parent Relationship": "Outer", "Index Name": "info_type_id_movie_info_idx", "Startup Cost": 0.0, "Total Cost": 7415.81, "Plan Rows": 345008, "Plan Width": 0, "Index Cond": "(info_type_id = it.id)"}]}]}, {"Node Type": "Hash", "Parent Relationship": "Inner", "Startup Cost": 35067.08, "Total Cost": 35067.08, "Plan Rows": 719240, "Plan Width": 25, "Plans": [{"Node Type": "Streaming(type: LOCAL GATHER dop: 1/16)", "Parent Relationship": "Outer", "Startup Cost": 554.15, "Total Cost": 35067.08, "Plan Rows": 719240, "Plan Width": 25, "Plans": [{"Node Type": "Seq Scan", "Parent Relationship": "Outer", "Relation Name": "title", "Alias": "t", "Startup Cost": 554.15, "Total Cost": 19544.42, "Plan Rows": 719240, "Plan Width": 25, "Filter": "((production_year >= 2005) AND (production_year <= 2010)), (LLVM Optimized)"}]}]}]}]}]}]}, "Unique SQL Id": 1162488282, "Planner Runtime": 21}, "explain_analyze_plan": {"Plan": {"Node Type": "Aggregate", "Strategy": "Plain", "Startup Cost": 153893.9, "Total Cost": 153893.91, "Plan Rows": 1, "Plan Width": 113, "Actual Min Startup Time": 562.649, "Actual Max Startup Time": 562.649, "Actual Min Total Time": 562.649, "Actual Max Total Time": 562.649, "Plans": [{"Node Type": "Hash Join", "Parent Relationship": "Outer", "Join Type": "Inner", "Startup Cost": 76011.59, "Total Cost": 150537.88, "Plan Rows": 447470, "Plan Width": 45, "Actual Min Startup Time": 521.781, "Actual Max Startup Time": 521.781, "Actual Min Total Time": 562.618, "Actual Max Total Time": 562.618, "Inner Unique": false, "Hash Cond": "(mc.movie_id = t.id), (LLVM Optimized, Jit Execute)", "Plans": [{"Node Type": "Streaming(type: LOCAL GATHER dop: 1/16)", "Parent Relationship": "Outer", "Startup Cost": 0.0, "Total Cost": 63215.1, "Plan Rows": 1304518, "Plan Width": 28, "Actual Min Startup Time": 0.063, "Actual Max Startup Time": 0.063, "Actual Min Total Time": 59.337, "Actual Max Total Time": 59.337, "Plans": [{"Node Type": "Nested Loop", "Parent Relationship": "Outer", "Join Type": "Inner", "Startup Cost": 0.0, "Total Cost": 35060.95, "Plan Rows": 1304518, "Plan Width": 28, "Actual Min Startup Time": 49.704, "Actual Max Startup Time": 58.509, "Actual Min Total Time": 72.212, "Actual Max Total Time": 85.235, "Inner Unique": false, "Join Filter": "(ct.id = mc.company_type_id), (LLVM Optimized, Jit Execute)", "Rows Removed by Join Filter": 1196183, "Plans": [{"Node Type": "Streaming(type: BROADCAST dop: 16/1)", "Parent Relationship": "Outer", "Startup Cost": 0.0, "Total Cost": 15001.38, "Plan Rows": 16, "Plan Width": 4, "Actual Min Startup Time": 0.002, "Actual Max Startup Time": 0.008, "Actual Min Total Time": 0.003, "Actual Max Total Time": 0.011, "Plans": [{"Node Type": "Seq Scan", "Parent Relationship": "Outer", "Relation Name": "company_type", "Alias": "ct", "Startup Cost": 0.0, "Total Cost": 1.04, "Plan Rows": 1, "Plan Width": 4, "Actual Min Startup Time": 0.033, "Actual Max Startup Time": 0.033, "Actual Min Total Time": 0.037, "Actual Max Total Time": 0.037, "Filter": "((kind)::text = 'production companies'::text)", "Rows Removed by Filter": 2, "Actual Rows": 1}], "Actual Rows": 16}, {"Node Type": "Seq Scan", "Parent Relationship": "Inner", "Relation Name": "movie_companies", "Alias": "mc", "Startup Cost": 0.0, "Total Cost": 18021.26, "Plan Rows": 2609035, "Plan Width": 32, "Actual Min Startup Time": 0.031, "Actual Max Startup Time": 0.064, "Actual Min Total Time": 57.264, "Actual Max Total Time": 67.087, "Filter": "((note)::text !~~ '%(as Metro-Goldwyn-Mayer Pictures)%'::text), (LLVM Optimized, Jit Execute)", "Rows Removed by Filter": 1272041, "Actual Rows": 1337087}], "Actual Rows": 140904}], "Actual Rows": 140904}, {"Node Type": "Hash", "Parent Relationship": "Inner", "Startup Cost": 71056.54, "Total Cost": 71056.54, "Plan Rows": 396404, "Plan Width": 29, "Actual Min Startup Time": 475.401, "Actual Max Startup Time": 475.401, "Actual Min Total Time": 475.401, "Actual Max Total Time": 475.401, "Max Hash Buckets": 524288, "Min Hash Buckets": 524288, "Max Hash Batches": 1, "Min Hash Batches": 1, "Max Original Hash Batches": 1, "Min Original Hash Batches": 1, "Max Peak Memory Usage": 1, "min Peak Memory Usage": 1, "Plans": [{"Node Type": "Hash Join", "Parent Relationship": "Outer", "Join Type": "Inner", "Startup Cost": 51559.64, "Total Cost": 71056.54, "Plan Rows": 396404, "Plan Width": 29, "Actual Min Startup Time": 475.377, "Actual Max Startup Time": 475.377, "Actual Min Total Time": 475.385, "Actual Max Total Time": 475.385, "Inner Unique": true, "Hash Cond": "(mi_idx.movie_id = t.id), (LLVM Optimized, Jit Execute)", "Plans": [{"Node Type": "Nested Loop", "Parent Relationship": "Outer", "Join Type": "Inner", "Startup Cost": 7502.06, "Total Cost": 21741.14, "Plan Rows": 345008, "Plan Width": 4, "Actual Min Startup Time": 0.141, "Actual Max Startup Time": 0.141, "Actual Min Total Time": 0.146, "Actual Max Total Time": 0.146, "Inner Unique": false, "Plans": [{"Node Type": "Seq Scan", "Parent Relationship": "Outer", "Relation Name": "info_type", "Alias": "it", "Startup Cost": 0.0, "Total Cost": 2.4, "Plan Rows": 1, "Plan Width": 4, "Actual Min Startup Time": 0.074, "Actual Max Startup Time": 0.074, "Actual Min Total Time": 0.077, "Actual Max Total Time": 0.077, "Filter": "((info)::text = 'bottom 10 rank'::text)", "Rows Removed by Filter": 111, "Actual Rows": 1}, {"Node Type": "Bitmap Heap Scan", "Parent Relationship": "Inner", "Relation Name": "movie_info_idx", "Alias": "mi_idx", "Startup Cost": 7502.06, "Total Cost": 18288.66, "Plan Rows": 345008, "Plan Width": 8, "Actual Min Startup Time": 0.047, "Actual Max Startup Time": 0.047, "Actual Min Total Time": 0.047, "Actual Max Total Time": 0.047, "Recheck Cond": "(info_type_id = it.id), (LLVM Optimized, Jit Execute)", "Rows Removed by Index Recheck": 0, "Exact Heap Blocks": 1, "Lossy Heap Blocks": 1, "Plans": [{"Node Type": "Bitmap Index Scan", "Parent Relationship": "Outer", "Index Name": "info_type_id_movie_info_idx", "Startup Cost": 0.0, "Total Cost": 7415.81, "Plan Rows": 345008, "Plan Width": 0, "Actual Min Startup Time": 0.03, "Actual Max Startup Time": 0.03, "Actual Min Total Time": 0.03, "Actual Max Total Time": 0.03, "Index Cond": "(info_type_id = it.id)", "Actual Rows": 10}], "Actual Rows": 10}], "Actual Rows": 10}, {"Node Type": "Hash", "Parent Relationship": "Inner", "Startup Cost": 35067.08, "Total Cost": 35067.08, "Plan Rows": 719240, "Plan Width": 25, "Actual Min Startup Time": 474.501, "Actual Max Startup Time": 474.501, "Actual Min Total Time": 474.501, "Actual Max Total Time": 474.501, "Max Hash Buckets": 1048576, "Min Hash Buckets": 1048576, "Max Hash Batches": 1, "Min Hash Batches": 1, "Max Original Hash Batches": 1, "Min Original Hash Batches": 1, "Max Peak Memory Usage": 41052, "min Peak Memory Usage": 41052, "Plans": [{"Node Type": "Streaming(type: LOCAL GATHER dop: 1/16)", "Parent Relationship": "Outer", "Startup Cost": 554.15, "Total Cost": 35067.08, "Plan Rows": 719240, "Plan Width": 25, "Actual Min Startup Time": 65.362, "Actual Max Startup Time": 65.362, "Actual Min Total Time": 280.689, "Actual Max Total Time": 280.689, "Plans": [{"Node Type": "Seq Scan", "Parent Relationship": "Outer", "Relation Name": "title", "Alias": "t", "Startup Cost": 554.15, "Total Cost": 19544.42, "Plan Rows": 719240, "Plan Width": 25, "Actual Min Startup Time": 0.028, "Actual Max Startup Time": 0.05, "Actual Min Total Time": 63.439, "Actual Max Total Time": 72.425, "Filter": "((production_year >= 2005) AND (production_year <= 2010)), (LLVM Optimized, Jit Execute)", "Rows Removed by Filter": 1812052, "Actual Rows": 716259}], "Actual Rows": 716259}], "Actual Rows": 716259}], "Actual Rows": 4}], "Actual Rows": 4}], "Actual Rows": 3}], "Actual Rows": 1}, "Triggers": [], "Planner Runtime": 24.89, "Total Runtime": 580.14, "Unique SQL Id": 1162488282}}, "(16, '33')": {"explain_plan": {"Plan": {"Node Type": "Aggregate", "Strategy": "Plain", "Startup Cost": 234364.58, "Total Cost": 234364.61, "Plan Rows": 1, "Plan Width": 113, "Plans": [{"Node Type": "Streaming(type: LOCAL GATHER dop: 1/16)", "Parent Relationship": "Outer", "Startup Cost": 234364.58, "Total Cost": 234364.61, "Plan Rows": 1, "Plan Width": 113, "Plans": [{"Node Type": "Aggregate", "Strategy": "Plain", "Parent Relationship": "Outer", "Startup Cost": 234364.58, "Total Cost": 234364.59, "Plan Rows": 1, "Plan Width": 113, "Plans": [{"Node Type": "Nested Loop", "Parent Relationship": "Outer", "Join Type": "Inner", "Startup Cost": 163514.97, "Total Cost": 231008.55, "Plan Rows": 447470, "Plan Width": 45, "Inner Unique": false, "Join Filter": "(mc.company_type_id = ct.id), (LLVM Optimized)", "Plans": [{"Node Type": "Streaming(type: BROADCAST dop: 16/1)", "Parent Relationship": "Outer", "Startup Cost": 0.0, "Total Cost": 15012.65, "Plan Rows": 16, "Plan Width": 4, "Plans": [{"Node Type": "Index Scan", "Parent Relationship": "Outer", "Scan Direction": "Forward", "Index Name": "company_type_pkey", "Relation Name": "company_type", "Alias": "ct", "Startup Cost": 0.0, "Total Cost": 12.3, "Plan Rows": 1, "Plan Width": 4, "Filter": "((kind)::text = 'production companies'::text)"}]}, {"Node Type": "Materialize", "Parent Relationship": "Inner", "Startup Cost": 163514.97, "Total Cost": 216939.84, "Plan Rows": 549199, "Plan Width": 49, "Plans": [{"Node Type": "Hash Join", "Parent Relationship": "Outer", "Join Type": "Inner", "Startup Cost": 163514.97, "Total Cost": 215566.84, "Plan Rows": 549199, "Plan Width": 49, "Inner Unique": false, "Hash Cond": "(t.id = mc.movie_id), (LLVM Optimized)", "Plans": [{"Node Type": "Streaming(type: LOCAL REDISTRIBUTE dop: 16/1)", "Parent Relationship": "Outer", "Startup Cost": 134222.89, "Total Cost": 185214.89, "Plan Rows": 396404, "Plan Width": 29, "Plans": [{"Node Type": "Hash Join", "Parent Relationship": "Outer", "Join Type": "Inner", "Startup Cost": 134222.89, "Total Cost": 153731.6, "Plan Rows": 396404, "Plan Width": 29, "Inner Unique": true, "Hash Cond": "(mi_idx.movie_id = t.id), (LLVM Optimized)", "Plans": [{"Node Type": "Nested Loop", "Parent Relationship": "Outer", "Join Type": "Inner", "Startup Cost": 7502.06, "Total Cost": 21752.95, "Plan Rows": 345008, "Plan Width": 4, "Inner Unique": false, "Plans": [{"Node Type": "Index Scan", "Parent Relationship": "Outer", "Scan Direction": "Forward", "Index Name": "info_type_pkey", "Relation Name": "info_type", "Alias": "it", "Startup Cost": 0.0, "Total Cost": 14.21, "Plan Rows": 1, "Plan Width": 4, "Filter": "((info)::text = 'bottom 10 rank'::text)"}, {"Node Type": "Bitmap Heap Scan", "Parent Relationship": "Inner", "Relation Name": "movie_info_idx", "Alias": "mi_idx", "Startup Cost": 7502.06, "Total Cost": 18288.66, "Plan Rows": 345008, "Plan Width": 8, "Recheck Cond": "(info_type_id = it.id), (LLVM Optimized)", "Plans": [{"Node Type": "Bitmap Index Scan", "Parent Relationship": "Outer", "Index Name": "info_type_id_movie_info_idx", "Startup Cost": 0.0, "Total Cost": 7415.81, "Plan Rows": 345008, "Plan Width": 0, "Index Cond": "(info_type_id = it.id)"}]}]}, {"Node Type": "Hash", "Parent Relationship": "Inner", "Startup Cost": 117730.33, "Total Cost": 117730.33, "Plan Rows": 719240, "Plan Width": 25, "Plans": [{"Node Type": "Streaming(type: LOCAL GATHER dop: 1/16)", "Parent Relationship": "Outer", "Startup Cost": 0.0, "Total Cost": 117730.33, "Plan Rows": 719240, "Plan Width": 25, "Plans": [{"Node Type": "Index Scan", "Parent Relationship": "Outer", "Scan Direction": "Forward", "Index Name": "title_pkey", "Relation Name": "title", "Alias": "t", "Startup Cost": 0.0, "Total Cost": 102207.67, "Plan Rows": 719240, "Plan Width": 25, "Filter": "((production_year >= 2005) AND (production_year <= 2010)), (LLVM Optimized)"}]}]}]}]}, {"Node Type": "Hash", "Parent Relationship": "Inner", "Startup Cost": 109015.07, "Total Cost": 109015.07, "Plan Rows": 2609035, "Plan Width": 32, "Plans": [{"Node Type": "Streaming(type: LOCAL REDISTRIBUTE dop: 16/16)", "Parent Relationship": "Outer", "Startup Cost": 0.0, "Total Cost": 109015.07, "Plan Rows": 2609035, "Plan Width": 32, "Plans": [{"Node Type": "Index Scan", "Parent Relationship": "Outer", "Scan Direction": "Forward", "Index Name": "company_type_id_movie_companies", "Relation Name": "movie_companies", "Alias": "mc", "Startup Cost": 0.0, "Total Cost": 84129.27, "Plan Rows": 2609035, "Plan Width": 32, "Filter": "((note)::text !~~ '%(as Metro-Goldwyn-Mayer Pictures)%'::text), (LLVM Optimized)"}]}]}]}]}]}]}]}]}, "Unique SQL Id": 1162488282, "Planner Runtime": 17}, "explain_analyze_plan": {"Plan": {"Node Type": "Aggregate", "Strategy": "Plain", "Startup Cost": 234364.58, "Total Cost": 234364.61, "Plan Rows": 1, "Plan Width": 113, "Actual Min Startup Time": 724.893, "Actual Max Startup Time": 724.893, "Actual Min Total Time": 724.893, "Actual Max Total Time": 724.893, "Plans": [{"Node Type": "Streaming(type: LOCAL GATHER dop: 1/16)", "Parent Relationship": "Outer", "Startup Cost": 234364.58, "Total Cost": 234364.61, "Plan Rows": 1, "Plan Width": 113, "Actual Min Startup Time": 724.735, "Actual Max Startup Time": 724.735, "Actual Min Total Time": 724.874, "Actual Max Total Time": 724.874, "Plans": [{"Node Type": "Aggregate", "Strategy": "Plain", "Parent Relationship": "Outer", "Startup Cost": 234364.58, "Total Cost": 234364.59, "Plan Rows": 1, "Plan Width": 113, "Actual Min Startup Time": 554.683, "Actual Max Startup Time": 594.063, "Actual Min Total Time": 554.683, "Actual Max Total Time": 594.063, "Plans": [{"Node Type": "Nested Loop", "Parent Relationship": "Outer", "Join Type": "Inner", "Startup Cost": 163514.97, "Total Cost": 231008.55, "Plan Rows": 447470, "Plan Width": 45, "Actual Min Startup Time": 554.678, "Actual Max Startup Time": 594.056, "Actual Min Total Time": 554.678, "Actual Max Total Time": 594.056, "Inner Unique": false, "Join Filter": "(mc.company_type_id = ct.id), (LLVM Optimized)", "Rows Removed by Join Filter": 63, "Plans": [{"Node Type": "Streaming(type: BROADCAST dop: 16/1)", "Parent Relationship": "Outer", "Startup Cost": 0.0, "Total Cost": 15012.65, "Plan Rows": 16, "Plan Width": 4, "Actual Min Startup Time": 0.003, "Actual Max Startup Time": 0.007, "Actual Min Total Time": 0.003, "Actual Max Total Time": 0.008, "Plans": [{"Node Type": "Index Scan", "Parent Relationship": "Outer", "Scan Direction": "Forward", "Index Name": "company_type_pkey", "Relation Name": "company_type", "Alias": "ct", "Startup Cost": 0.0, "Total Cost": 12.3, "Plan Rows": 1, "Plan Width": 4, "Actual Min Startup Time": 0.048, "Actual Max Startup Time": 0.048, "Actual Min Total Time": 0.052, "Actual Max Total Time": 0.052, "Filter": "((kind)::text = 'production companies'::text)", "Rows Removed by Filter": 2, "Actual Rows": 1}], "Actual Rows": 16}, {"Node Type": "Materialize", "Parent Relationship": "Inner", "Startup Cost": 163514.97, "Total Cost": 216939.84, "Plan Rows": 549199, "Plan Width": 49, "Actual Min Startup Time": 553.877, "Actual Max Startup Time": 593.389, "Actual Min Total Time": 553.877, "Actual Max Total Time": 593.389, "Plans": [{"Node Type": "Hash Join", "Parent Relationship": "Outer", "Join Type": "Inner", "Startup Cost": 163514.97, "Total Cost": 215566.84, "Plan Rows": 549199, "Plan Width": 49, "Actual Min Startup Time": 553.872, "Actual Max Startup Time": 593.382, "Actual Min Total Time": 553.872, "Actual Max Total Time": 593.382, "Inner Unique": false, "Hash Cond": "(t.id = mc.movie_id), (LLVM Optimized)", "Plans": [{"Node Type": "Streaming(type: LOCAL REDISTRIBUTE dop: 16/1)", "Parent Relationship": "Outer", "Startup Cost": 134222.89, "Total Cost": 185214.89, "Plan Rows": 396404, "Plan Width": 29, "Actual Min Startup Time": 241.899, "Actual Max Startup Time": 241.967, "Actual Min Total Time": 241.899, "Actual Max Total Time": 241.967, "Plans": [{"Node Type": "Hash Join", "Parent Relationship": "Outer", "Join Type": "Inner", "Startup Cost": 134222.89, "Total Cost": 153731.6, "Plan Rows": 396404, "Plan Width": 29, "Actual Min Startup Time": 555.871, "Actual Max Startup Time": 555.871, "Actual Min Total Time": 555.879, "Actual Max Total Time": 555.879, "Inner Unique": true, "Hash Cond": "(mi_idx.movie_id = t.id), (LLVM Optimized)", "Plans": [{"Node Type": "Nested Loop", "Parent Relationship": "Outer", "Join Type": "Inner", "Startup Cost": 7502.06, "Total Cost": 21752.95, "Plan Rows": 345008, "Plan Width": 4, "Actual Min Startup Time": 0.179, "Actual Max Startup Time": 0.179, "Actual Min Total Time": 0.187, "Actual Max Total Time": 0.187, "Inner Unique": false, "Plans": [{"Node Type": "Index Scan", "Parent Relationship": "Outer", "Scan Direction": "Forward", "Index Name": "info_type_pkey", "Relation Name": "info_type", "Alias": "it", "Startup Cost": 0.0, "Total Cost": 14.21, "Plan Rows": 1, "Plan Width": 4, "Actual Min Startup Time": 0.124, "Actual Max Startup Time": 0.124, "Actual Min Total Time": 0.126, "Actual Max Total Time": 0.126, "Filter": "((info)::text = 'bottom 10 rank'::text)", "Rows Removed by Filter": 111, "Actual Rows": 1}, {"Node Type": "Bitmap Heap Scan", "Parent Relationship": "Inner", "Relation Name": "movie_info_idx", "Alias": "mi_idx", "Startup Cost": 7502.06, "Total Cost": 18288.66, "Plan Rows": 345008, "Plan Width": 8, "Actual Min Startup Time": 0.04, "Actual Max Startup Time": 0.04, "Actual Min Total Time": 0.044, "Actual Max Total Time": 0.044, "Recheck Cond": "(info_type_id = it.id), (LLVM Optimized)", "Rows Removed by Index Recheck": 0, "Exact Heap Blocks": 0, "Lossy Heap Blocks": 0, "Plans": [{"Node Type": "Bitmap Index Scan", "Parent Relationship": "Outer", "Index Name": "info_type_id_movie_info_idx", "Startup Cost": 0.0, "Total Cost": 7415.81, "Plan Rows": 345008, "Plan Width": 0, "Actual Min Startup Time": 0.025, "Actual Max Startup Time": 0.025, "Actual Min Total Time": 0.025, "Actual Max Total Time": 0.025, "Index Cond": "(info_type_id = it.id)", "Actual Rows": 10}], "Actual Rows": 10}], "Actual Rows": 10}, {"Node Type": "Hash", "Parent Relationship": "Inner", "Startup Cost": 117730.33, "Total Cost": 117730.33, "Plan Rows": 719240, "Plan Width": 25, "Actual Min Startup Time": 554.923, "Actual Max Startup Time": 554.923, "Actual Min Total Time": 554.923, "Actual Max Total Time": 554.923, "Max Hash Buckets": 1048576, "Min Hash Buckets": 1048576, "Max Hash Batches": 1, "Min Hash Batches": 1, "Max Original Hash Batches": 1, "Min Original Hash Batches": 1, "Max Peak Memory Usage": 41052, "min Peak Memory Usage": 41052, "Plans": [{"Node Type": "Streaming(type: LOCAL GATHER dop: 1/16)", "Parent Relationship": "Outer", "Startup Cost": 0.0, "Total Cost": 117730.33, "Plan Rows": 719240, "Plan Width": 25, "Actual Min Startup Time": 7.786, "Actual Max Startup Time": 7.786, "Actual Min Total Time": 324.497, "Actual Max Total Time": 324.497, "Plans": [{"Node Type": "Index Scan", "Parent Relationship": "Outer", "Scan Direction": "Forward", "Index Name": "title_pkey", "Relation Name": "title", "Alias": "t", "Startup Cost": 0.0, "Total Cost": 102207.67, "Plan Rows": 719240, "Plan Width": 25, "Actual Min Startup Time": 3.231, "Actual Max Startup Time": 68.399, "Actual Min Total Time": 258.994, "Actual Max Total Time": 356.673, "Filter": "((production_year >= 2005) AND (production_year <= 2010)), (LLVM Optimized)", "Rows Removed by Filter": 1812052, "Actual Rows": 716259}], "Actual Rows": 716259}], "Actual Rows": 716259}], "Actual Rows": 4}], "Actual Rows": 4}, {"Node Type": "Hash", "Parent Relationship": "Inner", "Startup Cost": 109015.07, "Total Cost": 109015.07, "Plan Rows": 2609035, "Plan Width": 32, "Actual Min Startup Time": 311.744, "Actual Max Startup Time": 351.226, "Actual Min Total Time": 311.744, "Actual Max Total Time": 351.226, "Max Hash Buckets": 262144, "Min Hash Buckets": 262144, "Max Hash Batches": 1, "Min Hash Batches": 1, "Max Original Hash Batches": 1, "Min Original Hash Batches": 1, "Max Peak Memory Usage": 5435, "min Peak Memory Usage": 5435, "Plans": [{"Node Type": "Streaming(type: LOCAL REDISTRIBUTE dop: 16/16)", "Parent Relationship": "Outer", "Startup Cost": 0.0, "Total Cost": 109015.07, "Plan Rows": 2609035, "Plan Width": 32, "Actual Min Startup Time": 0.044, "Actual Max Startup Time": 7.28, "Actual Min Total Time": 287.692, "Actual Max Total Time": 327.301, "Plans": [{"Node Type": "Index Scan", "Parent Relationship": "Outer", "Scan Direction": "Forward", "Index Name": "company_type_id_movie_companies", "Relation Name": "movie_companies", "Alias": "mc", "Startup Cost": 0.0, "Total Cost": 84129.27, "Plan Rows": 2609035, "Plan Width": 32, "Actual Min Startup Time": 0.054, "Actual Max Startup Time": 28.738, "Actual Min Total Time": 75.581, "Actual Max Total Time": 172.455, "Filter": "((note)::text !~~ '%(as Metro-Goldwyn-Mayer Pictures)%'::text), (LLVM Optimized)", "Rows Removed by Filter": 1272041, "Actual Rows": 1337087}], "Actual Rows": 1337087}], "Actual Rows": 1337087}], "Actual Rows": 66}], "Actual Rows": 70}], "Actual Rows": 3}], "Actual Rows": 16}], "Actual Rows": 16}], "Actual Rows": 1}, "Triggers": [], "Planner Runtime": 19.867, "Total Runtime": 746.087, "Unique SQL Id": 1162488282}}, "(16, '34')": {"explain_plan": {"Plan": {"Node Type": "Aggregate", "Strategy": "Plain", "Startup Cost": 153893.9, "Total Cost": 153893.91, "Plan Rows": 1, "Plan Width": 113, "Plans": [{"Node Type": "Hash Join", "Parent Relationship": "Outer", "Join Type": "Inner", "Startup Cost": 76011.59, "Total Cost": 150537.88, "Plan Rows": 447470, "Plan Width": 45, "Inner Unique": false, "Hash Cond": "(mc.movie_id = t.id), (LLVM Optimized)", "Plans": [{"Node Type": "Streaming(type: LOCAL GATHER dop: 1/16)", "Parent Relationship": "Outer", "Startup Cost": 0.0, "Total Cost": 63215.1, "Plan Rows": 1304518, "Plan Width": 28, "Plans": [{"Node Type": "Nested Loop", "Parent Relationship": "Outer", "Join Type": "Inner", "Startup Cost": 0.0, "Total Cost": 35060.95, "Plan Rows": 1304518, "Plan Width": 28, "Inner Unique": false, "Join Filter": "(ct.id = mc.company_type_id), (LLVM Optimized)", "Plans": [{"Node Type": "Streaming(type: BROADCAST dop: 16/1)", "Parent Relationship": "Outer", "Startup Cost": 0.0, "Total Cost": 15001.38, "Plan Rows": 16, "Plan Width": 4, "Plans": [{"Node Type": "Seq Scan", "Parent Relationship": "Outer", "Relation Name": "company_type", "Alias": "ct", "Startup Cost": 0.0, "Total Cost": 1.04, "Plan Rows": 1, "Plan Width": 4, "Filter": "((kind)::text = 'production companies'::text)"}]}, {"Node Type": "Seq Scan", "Parent Relationship": "Inner", "Relation Name": "movie_companies", "Alias": "mc", "Startup Cost": 0.0, "Total Cost": 18021.26, "Plan Rows": 2609035, "Plan Width": 32, "Filter": "((note)::text !~~ '%(as Metro-Goldwyn-Mayer Pictures)%'::text), (LLVM Optimized)"}]}]}, {"Node Type": "Hash", "Parent Relationship": "Inner", "Startup Cost": 71056.54, "Total Cost": 71056.54, "Plan Rows": 396404, "Plan Width": 29, "Plans": [{"Node Type": "Hash Join", "Parent Relationship": "Outer", "Join Type": "Inner", "Startup Cost": 51559.64, "Total Cost": 71056.54, "Plan Rows": 396404, "Plan Width": 29, "Inner Unique": true, "Hash Cond": "(mi_idx.movie_id = t.id), (LLVM Optimized)", "Plans": [{"Node Type": "Nested Loop", "Parent Relationship": "Outer", "Join Type": "Inner", "Startup Cost": 7502.06, "Total Cost": 21741.14, "Plan Rows": 345008, "Plan Width": 4, "Inner Unique": false, "Plans": [{"Node Type": "Seq Scan", "Parent Relationship": "Outer", "Relation Name": "info_type", "Alias": "it", "Startup Cost": 0.0, "Total Cost": 2.4, "Plan Rows": 1, "Plan Width": 4, "Filter": "((info)::text = 'bottom 10 rank'::text)"}, {"Node Type": "Bitmap Heap Scan", "Parent Relationship": "Inner", "Relation Name": "movie_info_idx", "Alias": "mi_idx", "Startup Cost": 7502.06, "Total Cost": 18288.66, "Plan Rows": 345008, "Plan Width": 8, "Recheck Cond": "(info_type_id = it.id), (LLVM Optimized)", "Plans": [{"Node Type": "Bitmap Index Scan", "Parent Relationship": "Outer", "Index Name": "info_type_id_movie_info_idx", "Startup Cost": 0.0, "Total Cost": 7415.81, "Plan Rows": 345008, "Plan Width": 0, "Index Cond": "(info_type_id = it.id)"}]}]}, {"Node Type": "Hash", "Parent Relationship": "Inner", "Startup Cost": 35067.08, "Total Cost": 35067.08, "Plan Rows": 719240, "Plan Width": 25, "Plans": [{"Node Type": "Streaming(type: LOCAL GATHER dop: 1/16)", "Parent Relationship": "Outer", "Startup Cost": 554.15, "Total Cost": 35067.08, "Plan Rows": 719240, "Plan Width": 25, "Plans": [{"Node Type": "Seq Scan", "Parent Relationship": "Outer", "Relation Name": "title", "Alias": "t", "Startup Cost": 554.15, "Total Cost": 19544.42, "Plan Rows": 719240, "Plan Width": 25, "Filter": "((production_year >= 2005) AND (production_year <= 2010)), (LLVM Optimized)"}]}]}]}]}]}]}, "Unique SQL Id": 1162488282, "Planner Runtime": 21}, "explain_analyze_plan": {"Plan": {"Node Type": "Aggregate", "Strategy": "Plain", "Startup Cost": 153893.9, "Total Cost": 153893.91, "Plan Rows": 1, "Plan Width": 113, "Actual Min Startup Time": 562.649, "Actual Max Startup Time": 562.649, "Actual Min Total Time": 562.649, "Actual Max Total Time": 562.649, "Plans": [{"Node Type": "Hash Join", "Parent Relationship": "Outer", "Join Type": "Inner", "Startup Cost": 76011.59, "Total Cost": 150537.88, "Plan Rows": 447470, "Plan Width": 45, "Actual Min Startup Time": 521.781, "Actual Max Startup Time": 521.781, "Actual Min Total Time": 562.618, "Actual Max Total Time": 562.618, "Inner Unique": false, "Hash Cond": "(mc.movie_id = t.id), (LLVM Optimized, Jit Execute)", "Plans": [{"Node Type": "Streaming(type: LOCAL GATHER dop: 1/16)", "Parent Relationship": "Outer", "Startup Cost": 0.0, "Total Cost": 63215.1, "Plan Rows": 1304518, "Plan Width": 28, "Actual Min Startup Time": 0.063, "Actual Max Startup Time": 0.063, "Actual Min Total Time": 59.337, "Actual Max Total Time": 59.337, "Plans": [{"Node Type": "Nested Loop", "Parent Relationship": "Outer", "Join Type": "Inner", "Startup Cost": 0.0, "Total Cost": 35060.95, "Plan Rows": 1304518, "Plan Width": 28, "Actual Min Startup Time": 49.704, "Actual Max Startup Time": 58.509, "Actual Min Total Time": 72.212, "Actual Max Total Time": 85.235, "Inner Unique": false, "Join Filter": "(ct.id = mc.company_type_id), (LLVM Optimized, Jit Execute)", "Rows Removed by Join Filter": 1196183, "Plans": [{"Node Type": "Streaming(type: BROADCAST dop: 16/1)", "Parent Relationship": "Outer", "Startup Cost": 0.0, "Total Cost": 15001.38, "Plan Rows": 16, "Plan Width": 4, "Actual Min Startup Time": 0.002, "Actual Max Startup Time": 0.008, "Actual Min Total Time": 0.003, "Actual Max Total Time": 0.011, "Plans": [{"Node Type": "Seq Scan", "Parent Relationship": "Outer", "Relation Name": "company_type", "Alias": "ct", "Startup Cost": 0.0, "Total Cost": 1.04, "Plan Rows": 1, "Plan Width": 4, "Actual Min Startup Time": 0.033, "Actual Max Startup Time": 0.033, "Actual Min Total Time": 0.037, "Actual Max Total Time": 0.037, "Filter": "((kind)::text = 'production companies'::text)", "Rows Removed by Filter": 2, "Actual Rows": 1}], "Actual Rows": 16}, {"Node Type": "Seq Scan", "Parent Relationship": "Inner", "Relation Name": "movie_companies", "Alias": "mc", "Startup Cost": 0.0, "Total Cost": 18021.26, "Plan Rows": 2609035, "Plan Width": 32, "Actual Min Startup Time": 0.031, "Actual Max Startup Time": 0.064, "Actual Min Total Time": 57.264, "Actual Max Total Time": 67.087, "Filter": "((note)::text !~~ '%(as Metro-Goldwyn-Mayer Pictures)%'::text), (LLVM Optimized, Jit Execute)", "Rows Removed by Filter": 1272041, "Actual Rows": 1337087}], "Actual Rows": 140904}], "Actual Rows": 140904}, {"Node Type": "Hash", "Parent Relationship": "Inner", "Startup Cost": 71056.54, "Total Cost": 71056.54, "Plan Rows": 396404, "Plan Width": 29, "Actual Min Startup Time": 475.401, "Actual Max Startup Time": 475.401, "Actual Min Total Time": 475.401, "Actual Max Total Time": 475.401, "Max Hash Buckets": 524288, "Min Hash Buckets": 524288, "Max Hash Batches": 1, "Min Hash Batches": 1, "Max Original Hash Batches": 1, "Min Original Hash Batches": 1, "Max Peak Memory Usage": 1, "min Peak Memory Usage": 1, "Plans": [{"Node Type": "Hash Join", "Parent Relationship": "Outer", "Join Type": "Inner", "Startup Cost": 51559.64, "Total Cost": 71056.54, "Plan Rows": 396404, "Plan Width": 29, "Actual Min Startup Time": 475.377, "Actual Max Startup Time": 475.377, "Actual Min Total Time": 475.385, "Actual Max Total Time": 475.385, "Inner Unique": true, "Hash Cond": "(mi_idx.movie_id = t.id), (LLVM Optimized, Jit Execute)", "Plans": [{"Node Type": "Nested Loop", "Parent Relationship": "Outer", "Join Type": "Inner", "Startup Cost": 7502.06, "Total Cost": 21741.14, "Plan Rows": 345008, "Plan Width": 4, "Actual Min Startup Time": 0.141, "Actual Max Startup Time": 0.141, "Actual Min Total Time": 0.146, "Actual Max Total Time": 0.146, "Inner Unique": false, "Plans": [{"Node Type": "Seq Scan", "Parent Relationship": "Outer", "Relation Name": "info_type", "Alias": "it", "Startup Cost": 0.0, "Total Cost": 2.4, "Plan Rows": 1, "Plan Width": 4, "Actual Min Startup Time": 0.074, "Actual Max Startup Time": 0.074, "Actual Min Total Time": 0.077, "Actual Max Total Time": 0.077, "Filter": "((info)::text = 'bottom 10 rank'::text)", "Rows Removed by Filter": 111, "Actual Rows": 1}, {"Node Type": "Bitmap Heap Scan", "Parent Relationship": "Inner", "Relation Name": "movie_info_idx", "Alias": "mi_idx", "Startup Cost": 7502.06, "Total Cost": 18288.66, "Plan Rows": 345008, "Plan Width": 8, "Actual Min Startup Time": 0.047, "Actual Max Startup Time": 0.047, "Actual Min Total Time": 0.047, "Actual Max Total Time": 0.047, "Recheck Cond": "(info_type_id = it.id), (LLVM Optimized, Jit Execute)", "Rows Removed by Index Recheck": 0, "Exact Heap Blocks": 1, "Lossy Heap Blocks": 1, "Plans": [{"Node Type": "Bitmap Index Scan", "Parent Relationship": "Outer", "Index Name": "info_type_id_movie_info_idx", "Startup Cost": 0.0, "Total Cost": 7415.81, "Plan Rows": 345008, "Plan Width": 0, "Actual Min Startup Time": 0.03, "Actual Max Startup Time": 0.03, "Actual Min Total Time": 0.03, "Actual Max Total Time": 0.03, "Index Cond": "(info_type_id = it.id)", "Actual Rows": 10}], "Actual Rows": 10}], "Actual Rows": 10}, {"Node Type": "Hash", "Parent Relationship": "Inner", "Startup Cost": 35067.08, "Total Cost": 35067.08, "Plan Rows": 719240, "Plan Width": 25, "Actual Min Startup Time": 474.501, "Actual Max Startup Time": 474.501, "Actual Min Total Time": 474.501, "Actual Max Total Time": 474.501, "Max Hash Buckets": 1048576, "Min Hash Buckets": 1048576, "Max Hash Batches": 1, "Min Hash Batches": 1, "Max Original Hash Batches": 1, "Min Original Hash Batches": 1, "Max Peak Memory Usage": 41052, "min Peak Memory Usage": 41052, "Plans": [{"Node Type": "Streaming(type: LOCAL GATHER dop: 1/16)", "Parent Relationship": "Outer", "Startup Cost": 554.15, "Total Cost": 35067.08, "Plan Rows": 719240, "Plan Width": 25, "Actual Min Startup Time": 65.362, "Actual Max Startup Time": 65.362, "Actual Min Total Time": 280.689, "Actual Max Total Time": 280.689, "Plans": [{"Node Type": "Seq Scan", "Parent Relationship": "Outer", "Relation Name": "title", "Alias": "t", "Startup Cost": 554.15, "Total Cost": 19544.42, "Plan Rows": 719240, "Plan Width": 25, "Actual Min Startup Time": 0.028, "Actual Max Startup Time": 0.05, "Actual Min Total Time": 63.439, "Actual Max Total Time": 72.425, "Filter": "((production_year >= 2005) AND (production_year <= 2010)), (LLVM Optimized, Jit Execute)", "Rows Removed by Filter": 1812052, "Actual Rows": 716259}], "Actual Rows": 716259}], "Actual Rows": 716259}], "Actual Rows": 4}], "Actual Rows": 4}], "Actual Rows": 3}], "Actual Rows": 1}, "Triggers": [], "Planner Runtime": 24.89, "Total Runtime": 580.14, "Unique SQL Id": 1162488282}}, "(16, '35')": {"explain_plan": {"Plan": {"Node Type": "Aggregate", "Strategy": "Plain", "Startup Cost": 255790.36, "Total Cost": 255790.37, "Plan Rows": 1, "Plan Width": 113, "Plans": [{"Node Type": "Hash Join", "Parent Relationship": "Outer", "Join Type": "Inner", "Startup Cost": 192779.48, "Total Cost": 252434.34, "Plan Rows": 447470, "Plan Width": 45, "Inner Unique": false, "Hash Cond": "(mc.movie_id = t.id), (LLVM Optimized)", "Plans": [{"Node Type": "Nested Loop", "Parent Relationship": "Outer", "Join Type": "Inner", "Startup Cost": 29278.87, "Total Cost": 77622.54, "Plan Rows": 1304518, "Plan Width": 28, "Inner Unique": false, "Plans": [{"Node Type": "Bitmap Heap Scan", "Parent Relationship": "Outer", "Relation Name": "company_type", "Alias": "ct", "Startup Cost": 8.27, "Total Cost": 12.3, "Plan Rows": 1, "Plan Width": 4, "Filter": "((kind)::text = 'production companies'::text)", "Plans": [{"Node Type": "Bitmap Index Scan", "Parent Relationship": "Outer", "Index Name": "company_type_pkey", "Startup Cost": 0.0, "Total Cost": 8.27, "Plan Rows": 3, "Plan Width": 0}]}, {"Node Type": "Bitmap Heap Scan", "Parent Relationship": "Inner", "Relation Name": "movie_companies", "Alias": "mc", "Startup Cost": 29270.61, "Total Cost": 64565.07, "Plan Rows": 1304517, "Plan Width": 32, "Recheck Cond": "(company_type_id = ct.id), (LLVM Optimized)", "Filter": "((note)::text !~~ '%(as Metro-Goldwyn-Mayer Pictures)%'::text), (LLVM Optimized)", "Plans": [{"Node Type": "Bitmap Index Scan", "Parent Relationship": "Outer", "Index Name": "company_type_id_movie_companies", "Startup Cost": 0.0, "Total Cost": 28944.48, "Plan Rows": 1304564, "Plan Width": 0, "Index Cond": "(company_type_id = ct.id)"}]}]}, {"Node Type": "Hash", "Parent Relationship": "Inner", "Startup Cost": 158545.55, "Total Cost": 158545.55, "Plan Rows": 396404, "Plan Width": 29, "Plans": [{"Node Type": "Hash Join", "Parent Relationship": "Outer", "Join Type": "Inner", "Startup Cost": 139045.65, "Total Cost": 158545.55, "Plan Rows": 396404, "Plan Width": 29, "Inner Unique": true, "Hash Cond": "(mi_idx.movie_id = t.id), (LLVM Optimized)", "Plans": [{"Node Type": "Nested Loop", "Parent Relationship": "Outer", "Join Type": "Inner", "Startup Cost": 7510.87, "Total Cost": 21752.95, "Plan Rows": 345008, "Plan Width": 4, "Inner Unique": false, "Plans": [{"Node Type": "Bitmap Heap Scan", "Parent Relationship": "Outer", "Relation Name": "info_type", "Alias": "it", "Startup Cost": 8.81, "Total Cost": 14.21, "Plan Rows": 1, "Plan Width": 4, "Filter": "((info)::text = 'bottom 10 rank'::text)", "Plans": [{"Node Type": "Bitmap Index Scan", "Parent Relationship": "Outer", "Index Name": "info_type_pkey", "Startup Cost": 0.0, "Total Cost": 8.81, "Plan Rows": 112, "Plan Width": 0}]}, {"Node Type": "Bitmap Heap Scan", "Parent Relationship": "Inner", "Relation Name": "movie_info_idx", "Alias": "mi_idx", "Startup Cost": 7502.06, "Total Cost": 18288.66, "Plan Rows": 345008, "Plan Width": 8, "Recheck Cond": "(info_type_id = it.id), (LLVM Optimized)", "Plans": [{"Node Type": "Bitmap Index Scan", "Parent Relationship": "Outer", "Index Name": "info_type_id_movie_info_idx", "Startup Cost": 0.0, "Total Cost": 7415.81, "Plan Rows": 345008, "Plan Width": 0, "Index Cond": "(info_type_id = it.id)"}]}]}, {"Node Type": "Hash", "Parent Relationship": "Inner", "Startup Cost": 122544.28, "Total Cost": 122544.28, "Plan Rows": 719240, "Plan Width": 25, "Plans": [{"Node Type": "Bitmap Heap Scan", "Parent Relationship": "Outer", "Relation Name": "title", "Alias": "t", "Startup Cost": 49833.61, "Total Cost": 122544.28, "Plan Rows": 719240, "Plan Width": 25, "Filter": "((production_year >= 2005) AND (production_year <= 2010)), (LLVM Optimized)", "Plans": [{"Node Type": "Bitmap Index Scan", "Parent Relationship": "Outer", "Index Name": "title_pkey", "Startup Cost": 0.0, "Total Cost": 49653.81, "Plan Rows": 2528311, "Plan Width": 0}]}]}]}]}]}]}, "Unique SQL Id": 1162488282, "Planner Runtime": 5}, "explain_analyze_plan": null}, "(16, '36')": {"explain_plan": {"Plan": {"Node Type": "Aggregate", "Strategy": "Plain", "Startup Cost": 153893.9, "Total Cost": 153893.91, "Plan Rows": 1, "Plan Width": 113, "Plans": [{"Node Type": "Hash Join", "Parent Relationship": "Outer", "Join Type": "Inner", "Startup Cost": 76011.59, "Total Cost": 150537.88, "Plan Rows": 447470, "Plan Width": 45, "Inner Unique": false, "Hash Cond": "(mc.movie_id = t.id), (LLVM Optimized)", "Plans": [{"Node Type": "Streaming(type: LOCAL GATHER dop: 1/16)", "Parent Relationship": "Outer", "Startup Cost": 0.0, "Total Cost": 63215.1, "Plan Rows": 1304518, "Plan Width": 28, "Plans": [{"Node Type": "Nested Loop", "Parent Relationship": "Outer", "Join Type": "Inner", "Startup Cost": 0.0, "Total Cost": 35060.95, "Plan Rows": 1304518, "Plan Width": 28, "Inner Unique": false, "Join Filter": "(ct.id = mc.company_type_id), (LLVM Optimized)", "Plans": [{"Node Type": "Streaming(type: BROADCAST dop: 16/1)", "Parent Relationship": "Outer", "Startup Cost": 0.0, "Total Cost": 15001.38, "Plan Rows": 16, "Plan Width": 4, "Plans": [{"Node Type": "Seq Scan", "Parent Relationship": "Outer", "Relation Name": "company_type", "Alias": "ct", "Startup Cost": 0.0, "Total Cost": 1.04, "Plan Rows": 1, "Plan Width": 4, "Filter": "((kind)::text = 'production companies'::text)"}]}, {"Node Type": "Seq Scan", "Parent Relationship": "Inner", "Relation Name": "movie_companies", "Alias": "mc", "Startup Cost": 0.0, "Total Cost": 18021.26, "Plan Rows": 2609035, "Plan Width": 32, "Filter": "((note)::text !~~ '%(as Metro-Goldwyn-Mayer Pictures)%'::text), (LLVM Optimized)"}]}]}, {"Node Type": "Hash", "Parent Relationship": "Inner", "Startup Cost": 71056.54, "Total Cost": 71056.54, "Plan Rows": 396404, "Plan Width": 29, "Plans": [{"Node Type": "Hash Join", "Parent Relationship": "Outer", "Join Type": "Inner", "Startup Cost": 51559.64, "Total Cost": 71056.54, "Plan Rows": 396404, "Plan Width": 29, "Inner Unique": true, "Hash Cond": "(mi_idx.movie_id = t.id), (LLVM Optimized)", "Plans": [{"Node Type": "Nested Loop", "Parent Relationship": "Outer", "Join Type": "Inner", "Startup Cost": 7502.06, "Total Cost": 21741.14, "Plan Rows": 345008, "Plan Width": 4, "Inner Unique": false, "Plans": [{"Node Type": "Seq Scan", "Parent Relationship": "Outer", "Relation Name": "info_type", "Alias": "it", "Startup Cost": 0.0, "Total Cost": 2.4, "Plan Rows": 1, "Plan Width": 4, "Filter": "((info)::text = 'bottom 10 rank'::text)"}, {"Node Type": "Bitmap Heap Scan", "Parent Relationship": "Inner", "Relation Name": "movie_info_idx", "Alias": "mi_idx", "Startup Cost": 7502.06, "Total Cost": 18288.66, "Plan Rows": 345008, "Plan Width": 8, "Recheck Cond": "(info_type_id = it.id), (LLVM Optimized)", "Plans": [{"Node Type": "Bitmap Index Scan", "Parent Relationship": "Outer", "Index Name": "info_type_id_movie_info_idx", "Startup Cost": 0.0, "Total Cost": 7415.81, "Plan Rows": 345008, "Plan Width": 0, "Index Cond": "(info_type_id = it.id)"}]}]}, {"Node Type": "Hash", "Parent Relationship": "Inner", "Startup Cost": 35067.08, "Total Cost": 35067.08, "Plan Rows": 719240, "Plan Width": 25, "Plans": [{"Node Type": "Streaming(type: LOCAL GATHER dop: 1/16)", "Parent Relationship": "Outer", "Startup Cost": 554.15, "Total Cost": 35067.08, "Plan Rows": 719240, "Plan Width": 25, "Plans": [{"Node Type": "Seq Scan", "Parent Relationship": "Outer", "Relation Name": "title", "Alias": "t", "Startup Cost": 554.15, "Total Cost": 19544.42, "Plan Rows": 719240, "Plan Width": 25, "Filter": "((production_year >= 2005) AND (production_year <= 2010)), (LLVM Optimized)"}]}]}]}]}]}]}, "Unique SQL Id": 1162488282, "Planner Runtime": 21}, "explain_analyze_plan": {"Plan": {"Node Type": "Aggregate", "Strategy": "Plain", "Startup Cost": 153893.9, "Total Cost": 153893.91, "Plan Rows": 1, "Plan Width": 113, "Actual Min Startup Time": 562.649, "Actual Max Startup Time": 562.649, "Actual Min Total Time": 562.649, "Actual Max Total Time": 562.649, "Plans": [{"Node Type": "Hash Join", "Parent Relationship": "Outer", "Join Type": "Inner", "Startup Cost": 76011.59, "Total Cost": 150537.88, "Plan Rows": 447470, "Plan Width": 45, "Actual Min Startup Time": 521.781, "Actual Max Startup Time": 521.781, "Actual Min Total Time": 562.618, "Actual Max Total Time": 562.618, "Inner Unique": false, "Hash Cond": "(mc.movie_id = t.id), (LLVM Optimized, Jit Execute)", "Plans": [{"Node Type": "Streaming(type: LOCAL GATHER dop: 1/16)", "Parent Relationship": "Outer", "Startup Cost": 0.0, "Total Cost": 63215.1, "Plan Rows": 1304518, "Plan Width": 28, "Actual Min Startup Time": 0.063, "Actual Max Startup Time": 0.063, "Actual Min Total Time": 59.337, "Actual Max Total Time": 59.337, "Plans": [{"Node Type": "Nested Loop", "Parent Relationship": "Outer", "Join Type": "Inner", "Startup Cost": 0.0, "Total Cost": 35060.95, "Plan Rows": 1304518, "Plan Width": 28, "Actual Min Startup Time": 49.704, "Actual Max Startup Time": 58.509, "Actual Min Total Time": 72.212, "Actual Max Total Time": 85.235, "Inner Unique": false, "Join Filter": "(ct.id = mc.company_type_id), (LLVM Optimized, Jit Execute)", "Rows Removed by Join Filter": 1196183, "Plans": [{"Node Type": "Streaming(type: BROADCAST dop: 16/1)", "Parent Relationship": "Outer", "Startup Cost": 0.0, "Total Cost": 15001.38, "Plan Rows": 16, "Plan Width": 4, "Actual Min Startup Time": 0.002, "Actual Max Startup Time": 0.008, "Actual Min Total Time": 0.003, "Actual Max Total Time": 0.011, "Plans": [{"Node Type": "Seq Scan", "Parent Relationship": "Outer", "Relation Name": "company_type", "Alias": "ct", "Startup Cost": 0.0, "Total Cost": 1.04, "Plan Rows": 1, "Plan Width": 4, "Actual Min Startup Time": 0.033, "Actual Max Startup Time": 0.033, "Actual Min Total Time": 0.037, "Actual Max Total Time": 0.037, "Filter": "((kind)::text = 'production companies'::text)", "Rows Removed by Filter": 2, "Actual Rows": 1}], "Actual Rows": 16}, {"Node Type": "Seq Scan", "Parent Relationship": "Inner", "Relation Name": "movie_companies", "Alias": "mc", "Startup Cost": 0.0, "Total Cost": 18021.26, "Plan Rows": 2609035, "Plan Width": 32, "Actual Min Startup Time": 0.031, "Actual Max Startup Time": 0.064, "Actual Min Total Time": 57.264, "Actual Max Total Time": 67.087, "Filter": "((note)::text !~~ '%(as Metro-Goldwyn-Mayer Pictures)%'::text), (LLVM Optimized, Jit Execute)", "Rows Removed by Filter": 1272041, "Actual Rows": 1337087}], "Actual Rows": 140904}], "Actual Rows": 140904}, {"Node Type": "Hash", "Parent Relationship": "Inner", "Startup Cost": 71056.54, "Total Cost": 71056.54, "Plan Rows": 396404, "Plan Width": 29, "Actual Min Startup Time": 475.401, "Actual Max Startup Time": 475.401, "Actual Min Total Time": 475.401, "Actual Max Total Time": 475.401, "Max Hash Buckets": 524288, "Min Hash Buckets": 524288, "Max Hash Batches": 1, "Min Hash Batches": 1, "Max Original Hash Batches": 1, "Min Original Hash Batches": 1, "Max Peak Memory Usage": 1, "min Peak Memory Usage": 1, "Plans": [{"Node Type": "Hash Join", "Parent Relationship": "Outer", "Join Type": "Inner", "Startup Cost": 51559.64, "Total Cost": 71056.54, "Plan Rows": 396404, "Plan Width": 29, "Actual Min Startup Time": 475.377, "Actual Max Startup Time": 475.377, "Actual Min Total Time": 475.385, "Actual Max Total Time": 475.385, "Inner Unique": true, "Hash Cond": "(mi_idx.movie_id = t.id), (LLVM Optimized, Jit Execute)", "Plans": [{"Node Type": "Nested Loop", "Parent Relationship": "Outer", "Join Type": "Inner", "Startup Cost": 7502.06, "Total Cost": 21741.14, "Plan Rows": 345008, "Plan Width": 4, "Actual Min Startup Time": 0.141, "Actual Max Startup Time": 0.141, "Actual Min Total Time": 0.146, "Actual Max Total Time": 0.146, "Inner Unique": false, "Plans": [{"Node Type": "Seq Scan", "Parent Relationship": "Outer", "Relation Name": "info_type", "Alias": "it", "Startup Cost": 0.0, "Total Cost": 2.4, "Plan Rows": 1, "Plan Width": 4, "Actual Min Startup Time": 0.074, "Actual Max Startup Time": 0.074, "Actual Min Total Time": 0.077, "Actual Max Total Time": 0.077, "Filter": "((info)::text = 'bottom 10 rank'::text)", "Rows Removed by Filter": 111, "Actual Rows": 1}, {"Node Type": "Bitmap Heap Scan", "Parent Relationship": "Inner", "Relation Name": "movie_info_idx", "Alias": "mi_idx", "Startup Cost": 7502.06, "Total Cost": 18288.66, "Plan Rows": 345008, "Plan Width": 8, "Actual Min Startup Time": 0.047, "Actual Max Startup Time": 0.047, "Actual Min Total Time": 0.047, "Actual Max Total Time": 0.047, "Recheck Cond": "(info_type_id = it.id), (LLVM Optimized, Jit Execute)", "Rows Removed by Index Recheck": 0, "Exact Heap Blocks": 1, "Lossy Heap Blocks": 1, "Plans": [{"Node Type": "Bitmap Index Scan", "Parent Relationship": "Outer", "Index Name": "info_type_id_movie_info_idx", "Startup Cost": 0.0, "Total Cost": 7415.81, "Plan Rows": 345008, "Plan Width": 0, "Actual Min Startup Time": 0.03, "Actual Max Startup Time": 0.03, "Actual Min Total Time": 0.03, "Actual Max Total Time": 0.03, "Index Cond": "(info_type_id = it.id)", "Actual Rows": 10}], "Actual Rows": 10}], "Actual Rows": 10}, {"Node Type": "Hash", "Parent Relationship": "Inner", "Startup Cost": 35067.08, "Total Cost": 35067.08, "Plan Rows": 719240, "Plan Width": 25, "Actual Min Startup Time": 474.501, "Actual Max Startup Time": 474.501, "Actual Min Total Time": 474.501, "Actual Max Total Time": 474.501, "Max Hash Buckets": 1048576, "Min Hash Buckets": 1048576, "Max Hash Batches": 1, "Min Hash Batches": 1, "Max Original Hash Batches": 1, "Min Original Hash Batches": 1, "Max Peak Memory Usage": 41052, "min Peak Memory Usage": 41052, "Plans": [{"Node Type": "Streaming(type: LOCAL GATHER dop: 1/16)", "Parent Relationship": "Outer", "Startup Cost": 554.15, "Total Cost": 35067.08, "Plan Rows": 719240, "Plan Width": 25, "Actual Min Startup Time": 65.362, "Actual Max Startup Time": 65.362, "Actual Min Total Time": 280.689, "Actual Max Total Time": 280.689, "Plans": [{"Node Type": "Seq Scan", "Parent Relationship": "Outer", "Relation Name": "title", "Alias": "t", "Startup Cost": 554.15, "Total Cost": 19544.42, "Plan Rows": 719240, "Plan Width": 25, "Actual Min Startup Time": 0.028, "Actual Max Startup Time": 0.05, "Actual Min Total Time": 63.439, "Actual Max Total Time": 72.425, "Filter": "((production_year >= 2005) AND (production_year <= 2010)), (LLVM Optimized, Jit Execute)", "Rows Removed by Filter": 1812052, "Actual Rows": 716259}], "Actual Rows": 716259}], "Actual Rows": 716259}], "Actual Rows": 4}], "Actual Rows": 4}], "Actual Rows": 3}], "Actual Rows": 1}, "Triggers": [], "Planner Runtime": 24.89, "Total Runtime": 580.14, "Unique SQL Id": 1162488282}}, "(16, '37')": {"explain_plan": {"Plan": {"Node Type": "Aggregate", "Strategy": "Plain", "Startup Cost": 234364.58, "Total Cost": 234364.61, "Plan Rows": 1, "Plan Width": 113, "Plans": [{"Node Type": "Streaming(type: LOCAL GATHER dop: 1/16)", "Parent Relationship": "Outer", "Startup Cost": 234364.58, "Total Cost": 234364.61, "Plan Rows": 1, "Plan Width": 113, "Plans": [{"Node Type": "Aggregate", "Strategy": "Plain", "Parent Relationship": "Outer", "Startup Cost": 234364.58, "Total Cost": 234364.59, "Plan Rows": 1, "Plan Width": 113, "Plans": [{"Node Type": "Nested Loop", "Parent Relationship": "Outer", "Join Type": "Inner", "Startup Cost": 163514.97, "Total Cost": 231008.55, "Plan Rows": 447470, "Plan Width": 45, "Inner Unique": false, "Join Filter": "(mc.company_type_id = ct.id), (LLVM Optimized)", "Plans": [{"Node Type": "Streaming(type: BROADCAST dop: 16/1)", "Parent Relationship": "Outer", "Startup Cost": 0.0, "Total Cost": 15012.65, "Plan Rows": 16, "Plan Width": 4, "Plans": [{"Node Type": "Index Scan", "Parent Relationship": "Outer", "Scan Direction": "Forward", "Index Name": "company_type_pkey", "Relation Name": "company_type", "Alias": "ct", "Startup Cost": 0.0, "Total Cost": 12.3, "Plan Rows": 1, "Plan Width": 4, "Filter": "((kind)::text = 'production companies'::text)"}]}, {"Node Type": "Materialize", "Parent Relationship": "Inner", "Startup Cost": 163514.97, "Total Cost": 216939.84, "Plan Rows": 549199, "Plan Width": 49, "Plans": [{"Node Type": "Hash Join", "Parent Relationship": "Outer", "Join Type": "Inner", "Startup Cost": 163514.97, "Total Cost": 215566.84, "Plan Rows": 549199, "Plan Width": 49, "Inner Unique": false, "Hash Cond": "(t.id = mc.movie_id), (LLVM Optimized)", "Plans": [{"Node Type": "Streaming(type: LOCAL REDISTRIBUTE dop: 16/1)", "Parent Relationship": "Outer", "Startup Cost": 134222.89, "Total Cost": 185214.89, "Plan Rows": 396404, "Plan Width": 29, "Plans": [{"Node Type": "Hash Join", "Parent Relationship": "Outer", "Join Type": "Inner", "Startup Cost": 134222.89, "Total Cost": 153731.6, "Plan Rows": 396404, "Plan Width": 29, "Inner Unique": true, "Hash Cond": "(mi_idx.movie_id = t.id), (LLVM Optimized)", "Plans": [{"Node Type": "Nested Loop", "Parent Relationship": "Outer", "Join Type": "Inner", "Startup Cost": 7502.06, "Total Cost": 21752.95, "Plan Rows": 345008, "Plan Width": 4, "Inner Unique": false, "Plans": [{"Node Type": "Index Scan", "Parent Relationship": "Outer", "Scan Direction": "Forward", "Index Name": "info_type_pkey", "Relation Name": "info_type", "Alias": "it", "Startup Cost": 0.0, "Total Cost": 14.21, "Plan Rows": 1, "Plan Width": 4, "Filter": "((info)::text = 'bottom 10 rank'::text)"}, {"Node Type": "Bitmap Heap Scan", "Parent Relationship": "Inner", "Relation Name": "movie_info_idx", "Alias": "mi_idx", "Startup Cost": 7502.06, "Total Cost": 18288.66, "Plan Rows": 345008, "Plan Width": 8, "Recheck Cond": "(info_type_id = it.id), (LLVM Optimized)", "Plans": [{"Node Type": "Bitmap Index Scan", "Parent Relationship": "Outer", "Index Name": "info_type_id_movie_info_idx", "Startup Cost": 0.0, "Total Cost": 7415.81, "Plan Rows": 345008, "Plan Width": 0, "Index Cond": "(info_type_id = it.id)"}]}]}, {"Node Type": "Hash", "Parent Relationship": "Inner", "Startup Cost": 117730.33, "Total Cost": 117730.33, "Plan Rows": 719240, "Plan Width": 25, "Plans": [{"Node Type": "Streaming(type: LOCAL GATHER dop: 1/16)", "Parent Relationship": "Outer", "Startup Cost": 0.0, "Total Cost": 117730.33, "Plan Rows": 719240, "Plan Width": 25, "Plans": [{"Node Type": "Index Scan", "Parent Relationship": "Outer", "Scan Direction": "Forward", "Index Name": "title_pkey", "Relation Name": "title", "Alias": "t", "Startup Cost": 0.0, "Total Cost": 102207.67, "Plan Rows": 719240, "Plan Width": 25, "Filter": "((production_year >= 2005) AND (production_year <= 2010)), (LLVM Optimized)"}]}]}]}]}, {"Node Type": "Hash", "Parent Relationship": "Inner", "Startup Cost": 109015.07, "Total Cost": 109015.07, "Plan Rows": 2609035, "Plan Width": 32, "Plans": [{"Node Type": "Streaming(type: LOCAL REDISTRIBUTE dop: 16/16)", "Parent Relationship": "Outer", "Startup Cost": 0.0, "Total Cost": 109015.07, "Plan Rows": 2609035, "Plan Width": 32, "Plans": [{"Node Type": "Index Scan", "Parent Relationship": "Outer", "Scan Direction": "Forward", "Index Name": "company_type_id_movie_companies", "Relation Name": "movie_companies", "Alias": "mc", "Startup Cost": 0.0, "Total Cost": 84129.27, "Plan Rows": 2609035, "Plan Width": 32, "Filter": "((note)::text !~~ '%(as Metro-Goldwyn-Mayer Pictures)%'::text), (LLVM Optimized)"}]}]}]}]}]}]}]}]}, "Unique SQL Id": 1162488282, "Planner Runtime": 17}, "explain_analyze_plan": {"Plan": {"Node Type": "Aggregate", "Strategy": "Plain", "Startup Cost": 234364.58, "Total Cost": 234364.61, "Plan Rows": 1, "Plan Width": 113, "Actual Min Startup Time": 724.893, "Actual Max Startup Time": 724.893, "Actual Min Total Time": 724.893, "Actual Max Total Time": 724.893, "Plans": [{"Node Type": "Streaming(type: LOCAL GATHER dop: 1/16)", "Parent Relationship": "Outer", "Startup Cost": 234364.58, "Total Cost": 234364.61, "Plan Rows": 1, "Plan Width": 113, "Actual Min Startup Time": 724.735, "Actual Max Startup Time": 724.735, "Actual Min Total Time": 724.874, "Actual Max Total Time": 724.874, "Plans": [{"Node Type": "Aggregate", "Strategy": "Plain", "Parent Relationship": "Outer", "Startup Cost": 234364.58, "Total Cost": 234364.59, "Plan Rows": 1, "Plan Width": 113, "Actual Min Startup Time": 554.683, "Actual Max Startup Time": 594.063, "Actual Min Total Time": 554.683, "Actual Max Total Time": 594.063, "Plans": [{"Node Type": "Nested Loop", "Parent Relationship": "Outer", "Join Type": "Inner", "Startup Cost": 163514.97, "Total Cost": 231008.55, "Plan Rows": 447470, "Plan Width": 45, "Actual Min Startup Time": 554.678, "Actual Max Startup Time": 594.056, "Actual Min Total Time": 554.678, "Actual Max Total Time": 594.056, "Inner Unique": false, "Join Filter": "(mc.company_type_id = ct.id), (LLVM Optimized)", "Rows Removed by Join Filter": 63, "Plans": [{"Node Type": "Streaming(type: BROADCAST dop: 16/1)", "Parent Relationship": "Outer", "Startup Cost": 0.0, "Total Cost": 15012.65, "Plan Rows": 16, "Plan Width": 4, "Actual Min Startup Time": 0.003, "Actual Max Startup Time": 0.007, "Actual Min Total Time": 0.003, "Actual Max Total Time": 0.008, "Plans": [{"Node Type": "Index Scan", "Parent Relationship": "Outer", "Scan Direction": "Forward", "Index Name": "company_type_pkey", "Relation Name": "company_type", "Alias": "ct", "Startup Cost": 0.0, "Total Cost": 12.3, "Plan Rows": 1, "Plan Width": 4, "Actual Min Startup Time": 0.048, "Actual Max Startup Time": 0.048, "Actual Min Total Time": 0.052, "Actual Max Total Time": 0.052, "Filter": "((kind)::text = 'production companies'::text)", "Rows Removed by Filter": 2, "Actual Rows": 1}], "Actual Rows": 16}, {"Node Type": "Materialize", "Parent Relationship": "Inner", "Startup Cost": 163514.97, "Total Cost": 216939.84, "Plan Rows": 549199, "Plan Width": 49, "Actual Min Startup Time": 553.877, "Actual Max Startup Time": 593.389, "Actual Min Total Time": 553.877, "Actual Max Total Time": 593.389, "Plans": [{"Node Type": "Hash Join", "Parent Relationship": "Outer", "Join Type": "Inner", "Startup Cost": 163514.97, "Total Cost": 215566.84, "Plan Rows": 549199, "Plan Width": 49, "Actual Min Startup Time": 553.872, "Actual Max Startup Time": 593.382, "Actual Min Total Time": 553.872, "Actual Max Total Time": 593.382, "Inner Unique": false, "Hash Cond": "(t.id = mc.movie_id), (LLVM Optimized)", "Plans": [{"Node Type": "Streaming(type: LOCAL REDISTRIBUTE dop: 16/1)", "Parent Relationship": "Outer", "Startup Cost": 134222.89, "Total Cost": 185214.89, "Plan Rows": 396404, "Plan Width": 29, "Actual Min Startup Time": 241.899, "Actual Max Startup Time": 241.967, "Actual Min Total Time": 241.899, "Actual Max Total Time": 241.967, "Plans": [{"Node Type": "Hash Join", "Parent Relationship": "Outer", "Join Type": "Inner", "Startup Cost": 134222.89, "Total Cost": 153731.6, "Plan Rows": 396404, "Plan Width": 29, "Actual Min Startup Time": 555.871, "Actual Max Startup Time": 555.871, "Actual Min Total Time": 555.879, "Actual Max Total Time": 555.879, "Inner Unique": true, "Hash Cond": "(mi_idx.movie_id = t.id), (LLVM Optimized)", "Plans": [{"Node Type": "Nested Loop", "Parent Relationship": "Outer", "Join Type": "Inner", "Startup Cost": 7502.06, "Total Cost": 21752.95, "Plan Rows": 345008, "Plan Width": 4, "Actual Min Startup Time": 0.179, "Actual Max Startup Time": 0.179, "Actual Min Total Time": 0.187, "Actual Max Total Time": 0.187, "Inner Unique": false, "Plans": [{"Node Type": "Index Scan", "Parent Relationship": "Outer", "Scan Direction": "Forward", "Index Name": "info_type_pkey", "Relation Name": "info_type", "Alias": "it", "Startup Cost": 0.0, "Total Cost": 14.21, "Plan Rows": 1, "Plan Width": 4, "Actual Min Startup Time": 0.124, "Actual Max Startup Time": 0.124, "Actual Min Total Time": 0.126, "Actual Max Total Time": 0.126, "Filter": "((info)::text = 'bottom 10 rank'::text)", "Rows Removed by Filter": 111, "Actual Rows": 1}, {"Node Type": "Bitmap Heap Scan", "Parent Relationship": "Inner", "Relation Name": "movie_info_idx", "Alias": "mi_idx", "Startup Cost": 7502.06, "Total Cost": 18288.66, "Plan Rows": 345008, "Plan Width": 8, "Actual Min Startup Time": 0.04, "Actual Max Startup Time": 0.04, "Actual Min Total Time": 0.044, "Actual Max Total Time": 0.044, "Recheck Cond": "(info_type_id = it.id), (LLVM Optimized)", "Rows Removed by Index Recheck": 0, "Exact Heap Blocks": 0, "Lossy Heap Blocks": 0, "Plans": [{"Node Type": "Bitmap Index Scan", "Parent Relationship": "Outer", "Index Name": "info_type_id_movie_info_idx", "Startup Cost": 0.0, "Total Cost": 7415.81, "Plan Rows": 345008, "Plan Width": 0, "Actual Min Startup Time": 0.025, "Actual Max Startup Time": 0.025, "Actual Min Total Time": 0.025, "Actual Max Total Time": 0.025, "Index Cond": "(info_type_id = it.id)", "Actual Rows": 10}], "Actual Rows": 10}], "Actual Rows": 10}, {"Node Type": "Hash", "Parent Relationship": "Inner", "Startup Cost": 117730.33, "Total Cost": 117730.33, "Plan Rows": 719240, "Plan Width": 25, "Actual Min Startup Time": 554.923, "Actual Max Startup Time": 554.923, "Actual Min Total Time": 554.923, "Actual Max Total Time": 554.923, "Max Hash Buckets": 1048576, "Min Hash Buckets": 1048576, "Max Hash Batches": 1, "Min Hash Batches": 1, "Max Original Hash Batches": 1, "Min Original Hash Batches": 1, "Max Peak Memory Usage": 41052, "min Peak Memory Usage": 41052, "Plans": [{"Node Type": "Streaming(type: LOCAL GATHER dop: 1/16)", "Parent Relationship": "Outer", "Startup Cost": 0.0, "Total Cost": 117730.33, "Plan Rows": 719240, "Plan Width": 25, "Actual Min Startup Time": 7.786, "Actual Max Startup Time": 7.786, "Actual Min Total Time": 324.497, "Actual Max Total Time": 324.497, "Plans": [{"Node Type": "Index Scan", "Parent Relationship": "Outer", "Scan Direction": "Forward", "Index Name": "title_pkey", "Relation Name": "title", "Alias": "t", "Startup Cost": 0.0, "Total Cost": 102207.67, "Plan Rows": 719240, "Plan Width": 25, "Actual Min Startup Time": 3.231, "Actual Max Startup Time": 68.399, "Actual Min Total Time": 258.994, "Actual Max Total Time": 356.673, "Filter": "((production_year >= 2005) AND (production_year <= 2010)), (LLVM Optimized)", "Rows Removed by Filter": 1812052, "Actual Rows": 716259}], "Actual Rows": 716259}], "Actual Rows": 716259}], "Actual Rows": 4}], "Actual Rows": 4}, {"Node Type": "Hash", "Parent Relationship": "Inner", "Startup Cost": 109015.07, "Total Cost": 109015.07, "Plan Rows": 2609035, "Plan Width": 32, "Actual Min Startup Time": 311.744, "Actual Max Startup Time": 351.226, "Actual Min Total Time": 311.744, "Actual Max Total Time": 351.226, "Max Hash Buckets": 262144, "Min Hash Buckets": 262144, "Max Hash Batches": 1, "Min Hash Batches": 1, "Max Original Hash Batches": 1, "Min Original Hash Batches": 1, "Max Peak Memory Usage": 5435, "min Peak Memory Usage": 5435, "Plans": [{"Node Type": "Streaming(type: LOCAL REDISTRIBUTE dop: 16/16)", "Parent Relationship": "Outer", "Startup Cost": 0.0, "Total Cost": 109015.07, "Plan Rows": 2609035, "Plan Width": 32, "Actual Min Startup Time": 0.044, "Actual Max Startup Time": 7.28, "Actual Min Total Time": 287.692, "Actual Max Total Time": 327.301, "Plans": [{"Node Type": "Index Scan", "Parent Relationship": "Outer", "Scan Direction": "Forward", "Index Name": "company_type_id_movie_companies", "Relation Name": "movie_companies", "Alias": "mc", "Startup Cost": 0.0, "Total Cost": 84129.27, "Plan Rows": 2609035, "Plan Width": 32, "Actual Min Startup Time": 0.054, "Actual Max Startup Time": 28.738, "Actual Min Total Time": 75.581, "Actual Max Total Time": 172.455, "Filter": "((note)::text !~~ '%(as Metro-Goldwyn-Mayer Pictures)%'::text), (LLVM Optimized)", "Rows Removed by Filter": 1272041, "Actual Rows": 1337087}], "Actual Rows": 1337087}], "Actual Rows": 1337087}], "Actual Rows": 66}], "Actual Rows": 70}], "Actual Rows": 3}], "Actual Rows": 16}], "Actual Rows": 16}], "Actual Rows": 1}, "Triggers": [], "Planner Runtime": 19.867, "Total Runtime": 746.087, "Unique SQL Id": 1162488282}}, "(16, '38')": {"explain_plan": {"Plan": {"Node Type": "Aggregate", "Strategy": "Plain", "Startup Cost": 153893.9, "Total Cost": 153893.91, "Plan Rows": 1, "Plan Width": 113, "Plans": [{"Node Type": "Hash Join", "Parent Relationship": "Outer", "Join Type": "Inner", "Startup Cost": 76011.59, "Total Cost": 150537.88, "Plan Rows": 447470, "Plan Width": 45, "Inner Unique": false, "Hash Cond": "(mc.movie_id = t.id), (LLVM Optimized)", "Plans": [{"Node Type": "Streaming(type: LOCAL GATHER dop: 1/16)", "Parent Relationship": "Outer", "Startup Cost": 0.0, "Total Cost": 63215.1, "Plan Rows": 1304518, "Plan Width": 28, "Plans": [{"Node Type": "Nested Loop", "Parent Relationship": "Outer", "Join Type": "Inner", "Startup Cost": 0.0, "Total Cost": 35060.95, "Plan Rows": 1304518, "Plan Width": 28, "Inner Unique": false, "Join Filter": "(ct.id = mc.company_type_id), (LLVM Optimized)", "Plans": [{"Node Type": "Streaming(type: BROADCAST dop: 16/1)", "Parent Relationship": "Outer", "Startup Cost": 0.0, "Total Cost": 15001.38, "Plan Rows": 16, "Plan Width": 4, "Plans": [{"Node Type": "Seq Scan", "Parent Relationship": "Outer", "Relation Name": "company_type", "Alias": "ct", "Startup Cost": 0.0, "Total Cost": 1.04, "Plan Rows": 1, "Plan Width": 4, "Filter": "((kind)::text = 'production companies'::text)"}]}, {"Node Type": "Seq Scan", "Parent Relationship": "Inner", "Relation Name": "movie_companies", "Alias": "mc", "Startup Cost": 0.0, "Total Cost": 18021.26, "Plan Rows": 2609035, "Plan Width": 32, "Filter": "((note)::text !~~ '%(as Metro-Goldwyn-Mayer Pictures)%'::text), (LLVM Optimized)"}]}]}, {"Node Type": "Hash", "Parent Relationship": "Inner", "Startup Cost": 71056.54, "Total Cost": 71056.54, "Plan Rows": 396404, "Plan Width": 29, "Plans": [{"Node Type": "Hash Join", "Parent Relationship": "Outer", "Join Type": "Inner", "Startup Cost": 51559.64, "Total Cost": 71056.54, "Plan Rows": 396404, "Plan Width": 29, "Inner Unique": true, "Hash Cond": "(mi_idx.movie_id = t.id), (LLVM Optimized)", "Plans": [{"Node Type": "Nested Loop", "Parent Relationship": "Outer", "Join Type": "Inner", "Startup Cost": 7502.06, "Total Cost": 21741.14, "Plan Rows": 345008, "Plan Width": 4, "Inner Unique": false, "Plans": [{"Node Type": "Seq Scan", "Parent Relationship": "Outer", "Relation Name": "info_type", "Alias": "it", "Startup Cost": 0.0, "Total Cost": 2.4, "Plan Rows": 1, "Plan Width": 4, "Filter": "((info)::text = 'bottom 10 rank'::text)"}, {"Node Type": "Bitmap Heap Scan", "Parent Relationship": "Inner", "Relation Name": "movie_info_idx", "Alias": "mi_idx", "Startup Cost": 7502.06, "Total Cost": 18288.66, "Plan Rows": 345008, "Plan Width": 8, "Recheck Cond": "(info_type_id = it.id), (LLVM Optimized)", "Plans": [{"Node Type": "Bitmap Index Scan", "Parent Relationship": "Outer", "Index Name": "info_type_id_movie_info_idx", "Startup Cost": 0.0, "Total Cost": 7415.81, "Plan Rows": 345008, "Plan Width": 0, "Index Cond": "(info_type_id = it.id)"}]}]}, {"Node Type": "Hash", "Parent Relationship": "Inner", "Startup Cost": 35067.08, "Total Cost": 35067.08, "Plan Rows": 719240, "Plan Width": 25, "Plans": [{"Node Type": "Streaming(type: LOCAL GATHER dop: 1/16)", "Parent Relationship": "Outer", "Startup Cost": 554.15, "Total Cost": 35067.08, "Plan Rows": 719240, "Plan Width": 25, "Plans": [{"Node Type": "Seq Scan", "Parent Relationship": "Outer", "Relation Name": "title", "Alias": "t", "Startup Cost": 554.15, "Total Cost": 19544.42, "Plan Rows": 719240, "Plan Width": 25, "Filter": "((production_year >= 2005) AND (production_year <= 2010)), (LLVM Optimized)"}]}]}]}]}]}]}, "Unique SQL Id": 1162488282, "Planner Runtime": 22}, "explain_analyze_plan": {"Plan": {"Node Type": "Aggregate", "Strategy": "Plain", "Startup Cost": 153893.9, "Total Cost": 153893.91, "Plan Rows": 1, "Plan Width": 113, "Actual Min Startup Time": 562.649, "Actual Max Startup Time": 562.649, "Actual Min Total Time": 562.649, "Actual Max Total Time": 562.649, "Plans": [{"Node Type": "Hash Join", "Parent Relationship": "Outer", "Join Type": "Inner", "Startup Cost": 76011.59, "Total Cost": 150537.88, "Plan Rows": 447470, "Plan Width": 45, "Actual Min Startup Time": 521.781, "Actual Max Startup Time": 521.781, "Actual Min Total Time": 562.618, "Actual Max Total Time": 562.618, "Inner Unique": false, "Hash Cond": "(mc.movie_id = t.id), (LLVM Optimized, Jit Execute)", "Plans": [{"Node Type": "Streaming(type: LOCAL GATHER dop: 1/16)", "Parent Relationship": "Outer", "Startup Cost": 0.0, "Total Cost": 63215.1, "Plan Rows": 1304518, "Plan Width": 28, "Actual Min Startup Time": 0.063, "Actual Max Startup Time": 0.063, "Actual Min Total Time": 59.337, "Actual Max Total Time": 59.337, "Plans": [{"Node Type": "Nested Loop", "Parent Relationship": "Outer", "Join Type": "Inner", "Startup Cost": 0.0, "Total Cost": 35060.95, "Plan Rows": 1304518, "Plan Width": 28, "Actual Min Startup Time": 49.704, "Actual Max Startup Time": 58.509, "Actual Min Total Time": 72.212, "Actual Max Total Time": 85.235, "Inner Unique": false, "Join Filter": "(ct.id = mc.company_type_id), (LLVM Optimized, Jit Execute)", "Rows Removed by Join Filter": 1196183, "Plans": [{"Node Type": "Streaming(type: BROADCAST dop: 16/1)", "Parent Relationship": "Outer", "Startup Cost": 0.0, "Total Cost": 15001.38, "Plan Rows": 16, "Plan Width": 4, "Actual Min Startup Time": 0.002, "Actual Max Startup Time": 0.008, "Actual Min Total Time": 0.003, "Actual Max Total Time": 0.011, "Plans": [{"Node Type": "Seq Scan", "Parent Relationship": "Outer", "Relation Name": "company_type", "Alias": "ct", "Startup Cost": 0.0, "Total Cost": 1.04, "Plan Rows": 1, "Plan Width": 4, "Actual Min Startup Time": 0.033, "Actual Max Startup Time": 0.033, "Actual Min Total Time": 0.037, "Actual Max Total Time": 0.037, "Filter": "((kind)::text = 'production companies'::text)", "Rows Removed by Filter": 2, "Actual Rows": 1}], "Actual Rows": 16}, {"Node Type": "Seq Scan", "Parent Relationship": "Inner", "Relation Name": "movie_companies", "Alias": "mc", "Startup Cost": 0.0, "Total Cost": 18021.26, "Plan Rows": 2609035, "Plan Width": 32, "Actual Min Startup Time": 0.031, "Actual Max Startup Time": 0.064, "Actual Min Total Time": 57.264, "Actual Max Total Time": 67.087, "Filter": "((note)::text !~~ '%(as Metro-Goldwyn-Mayer Pictures)%'::text), (LLVM Optimized, Jit Execute)", "Rows Removed by Filter": 1272041, "Actual Rows": 1337087}], "Actual Rows": 140904}], "Actual Rows": 140904}, {"Node Type": "Hash", "Parent Relationship": "Inner", "Startup Cost": 71056.54, "Total Cost": 71056.54, "Plan Rows": 396404, "Plan Width": 29, "Actual Min Startup Time": 475.401, "Actual Max Startup Time": 475.401, "Actual Min Total Time": 475.401, "Actual Max Total Time": 475.401, "Max Hash Buckets": 524288, "Min Hash Buckets": 524288, "Max Hash Batches": 1, "Min Hash Batches": 1, "Max Original Hash Batches": 1, "Min Original Hash Batches": 1, "Max Peak Memory Usage": 1, "min Peak Memory Usage": 1, "Plans": [{"Node Type": "Hash Join", "Parent Relationship": "Outer", "Join Type": "Inner", "Startup Cost": 51559.64, "Total Cost": 71056.54, "Plan Rows": 396404, "Plan Width": 29, "Actual Min Startup Time": 475.377, "Actual Max Startup Time": 475.377, "Actual Min Total Time": 475.385, "Actual Max Total Time": 475.385, "Inner Unique": true, "Hash Cond": "(mi_idx.movie_id = t.id), (LLVM Optimized, Jit Execute)", "Plans": [{"Node Type": "Nested Loop", "Parent Relationship": "Outer", "Join Type": "Inner", "Startup Cost": 7502.06, "Total Cost": 21741.14, "Plan Rows": 345008, "Plan Width": 4, "Actual Min Startup Time": 0.141, "Actual Max Startup Time": 0.141, "Actual Min Total Time": 0.146, "Actual Max Total Time": 0.146, "Inner Unique": false, "Plans": [{"Node Type": "Seq Scan", "Parent Relationship": "Outer", "Relation Name": "info_type", "Alias": "it", "Startup Cost": 0.0, "Total Cost": 2.4, "Plan Rows": 1, "Plan Width": 4, "Actual Min Startup Time": 0.074, "Actual Max Startup Time": 0.074, "Actual Min Total Time": 0.077, "Actual Max Total Time": 0.077, "Filter": "((info)::text = 'bottom 10 rank'::text)", "Rows Removed by Filter": 111, "Actual Rows": 1}, {"Node Type": "Bitmap Heap Scan", "Parent Relationship": "Inner", "Relation Name": "movie_info_idx", "Alias": "mi_idx", "Startup Cost": 7502.06, "Total Cost": 18288.66, "Plan Rows": 345008, "Plan Width": 8, "Actual Min Startup Time": 0.047, "Actual Max Startup Time": 0.047, "Actual Min Total Time": 0.047, "Actual Max Total Time": 0.047, "Recheck Cond": "(info_type_id = it.id), (LLVM Optimized, Jit Execute)", "Rows Removed by Index Recheck": 0, "Exact Heap Blocks": 1, "Lossy Heap Blocks": 1, "Plans": [{"Node Type": "Bitmap Index Scan", "Parent Relationship": "Outer", "Index Name": "info_type_id_movie_info_idx", "Startup Cost": 0.0, "Total Cost": 7415.81, "Plan Rows": 345008, "Plan Width": 0, "Actual Min Startup Time": 0.03, "Actual Max Startup Time": 0.03, "Actual Min Total Time": 0.03, "Actual Max Total Time": 0.03, "Index Cond": "(info_type_id = it.id)", "Actual Rows": 10}], "Actual Rows": 10}], "Actual Rows": 10}, {"Node Type": "Hash", "Parent Relationship": "Inner", "Startup Cost": 35067.08, "Total Cost": 35067.08, "Plan Rows": 719240, "Plan Width": 25, "Actual Min Startup Time": 474.501, "Actual Max Startup Time": 474.501, "Actual Min Total Time": 474.501, "Actual Max Total Time": 474.501, "Max Hash Buckets": 1048576, "Min Hash Buckets": 1048576, "Max Hash Batches": 1, "Min Hash Batches": 1, "Max Original Hash Batches": 1, "Min Original Hash Batches": 1, "Max Peak Memory Usage": 41052, "min Peak Memory Usage": 41052, "Plans": [{"Node Type": "Streaming(type: LOCAL GATHER dop: 1/16)", "Parent Relationship": "Outer", "Startup Cost": 554.15, "Total Cost": 35067.08, "Plan Rows": 719240, "Plan Width": 25, "Actual Min Startup Time": 65.362, "Actual Max Startup Time": 65.362, "Actual Min Total Time": 280.689, "Actual Max Total Time": 280.689, "Plans": [{"Node Type": "Seq Scan", "Parent Relationship": "Outer", "Relation Name": "title", "Alias": "t", "Startup Cost": 554.15, "Total Cost": 19544.42, "Plan Rows": 719240, "Plan Width": 25, "Actual Min Startup Time": 0.028, "Actual Max Startup Time": 0.05, "Actual Min Total Time": 63.439, "Actual Max Total Time": 72.425, "Filter": "((production_year >= 2005) AND (production_year <= 2010)), (LLVM Optimized, Jit Execute)", "Rows Removed by Filter": 1812052, "Actual Rows": 716259}], "Actual Rows": 716259}], "Actual Rows": 716259}], "Actual Rows": 4}], "Actual Rows": 4}], "Actual Rows": 3}], "Actual Rows": 1}, "Triggers": [], "Planner Runtime": 24.89, "Total Runtime": 580.14, "Unique SQL Id": 1162488282}}, "(16, '39')": {"explain_plan": {"Plan": {"Node Type": "Aggregate", "Strategy": "Plain", "Startup Cost": 255790.36, "Total Cost": 255790.37, "Plan Rows": 1, "Plan Width": 113, "Plans": [{"Node Type": "Hash Join", "Parent Relationship": "Outer", "Join Type": "Inner", "Startup Cost": 192779.48, "Total Cost": 252434.34, "Plan Rows": 447470, "Plan Width": 45, "Inner Unique": false, "Hash Cond": "(mc.movie_id = t.id), (LLVM Optimized)", "Plans": [{"Node Type": "Nested Loop", "Parent Relationship": "Outer", "Join Type": "Inner", "Startup Cost": 29278.87, "Total Cost": 77622.54, "Plan Rows": 1304518, "Plan Width": 28, "Inner Unique": false, "Plans": [{"Node Type": "Bitmap Heap Scan", "Parent Relationship": "Outer", "Relation Name": "company_type", "Alias": "ct", "Startup Cost": 8.27, "Total Cost": 12.3, "Plan Rows": 1, "Plan Width": 4, "Filter": "((kind)::text = 'production companies'::text)", "Plans": [{"Node Type": "Bitmap Index Scan", "Parent Relationship": "Outer", "Index Name": "company_type_pkey", "Startup Cost": 0.0, "Total Cost": 8.27, "Plan Rows": 3, "Plan Width": 0}]}, {"Node Type": "Bitmap Heap Scan", "Parent Relationship": "Inner", "Relation Name": "movie_companies", "Alias": "mc", "Startup Cost": 29270.61, "Total Cost": 64565.07, "Plan Rows": 1304517, "Plan Width": 32, "Recheck Cond": "(company_type_id = ct.id), (LLVM Optimized)", "Filter": "((note)::text !~~ '%(as Metro-Goldwyn-Mayer Pictures)%'::text), (LLVM Optimized)", "Plans": [{"Node Type": "Bitmap Index Scan", "Parent Relationship": "Outer", "Index Name": "company_type_id_movie_companies", "Startup Cost": 0.0, "Total Cost": 28944.48, "Plan Rows": 1304564, "Plan Width": 0, "Index Cond": "(company_type_id = ct.id)"}]}]}, {"Node Type": "Hash", "Parent Relationship": "Inner", "Startup Cost": 158545.55, "Total Cost": 158545.55, "Plan Rows": 396404, "Plan Width": 29, "Plans": [{"Node Type": "Hash Join", "Parent Relationship": "Outer", "Join Type": "Inner", "Startup Cost": 139045.65, "Total Cost": 158545.55, "Plan Rows": 396404, "Plan Width": 29, "Inner Unique": true, "Hash Cond": "(mi_idx.movie_id = t.id), (LLVM Optimized)", "Plans": [{"Node Type": "Nested Loop", "Parent Relationship": "Outer", "Join Type": "Inner", "Startup Cost": 7510.87, "Total Cost": 21752.95, "Plan Rows": 345008, "Plan Width": 4, "Inner Unique": false, "Plans": [{"Node Type": "Bitmap Heap Scan", "Parent Relationship": "Outer", "Relation Name": "info_type", "Alias": "it", "Startup Cost": 8.81, "Total Cost": 14.21, "Plan Rows": 1, "Plan Width": 4, "Filter": "((info)::text = 'bottom 10 rank'::text)", "Plans": [{"Node Type": "Bitmap Index Scan", "Parent Relationship": "Outer", "Index Name": "info_type_pkey", "Startup Cost": 0.0, "Total Cost": 8.81, "Plan Rows": 112, "Plan Width": 0}]}, {"Node Type": "Bitmap Heap Scan", "Parent Relationship": "Inner", "Relation Name": "movie_info_idx", "Alias": "mi_idx", "Startup Cost": 7502.06, "Total Cost": 18288.66, "Plan Rows": 345008, "Plan Width": 8, "Recheck Cond": "(info_type_id = it.id), (LLVM Optimized)", "Plans": [{"Node Type": "Bitmap Index Scan", "Parent Relationship": "Outer", "Index Name": "info_type_id_movie_info_idx", "Startup Cost": 0.0, "Total Cost": 7415.81, "Plan Rows": 345008, "Plan Width": 0, "Index Cond": "(info_type_id = it.id)"}]}]}, {"Node Type": "Hash", "Parent Relationship": "Inner", "Startup Cost": 122544.28, "Total Cost": 122544.28, "Plan Rows": 719240, "Plan Width": 25, "Plans": [{"Node Type": "Bitmap Heap Scan", "Parent Relationship": "Outer", "Relation Name": "title", "Alias": "t", "Startup Cost": 49833.61, "Total Cost": 122544.28, "Plan Rows": 719240, "Plan Width": 25, "Filter": "((production_year >= 2005) AND (production_year <= 2010)), (LLVM Optimized)", "Plans": [{"Node Type": "Bitmap Index Scan", "Parent Relationship": "Outer", "Index Name": "title_pkey", "Startup Cost": 0.0, "Total Cost": 49653.81, "Plan Rows": 2528311, "Plan Width": 0}]}]}]}]}]}]}, "Unique SQL Id": 1162488282, "Planner Runtime": 6}, "explain_analyze_plan": null}, "(16, '40')": {"explain_plan": {"Plan": {"Node Type": "Aggregate", "Strategy": "Plain", "Startup Cost": 157102.83, "Total Cost": 157102.86, "Plan Rows": 1, "Plan Width": 113, "Plans": [{"Node Type": "Streaming(type: LOCAL GATHER dop: 1/16)", "Parent Relationship": "Outer", "Startup Cost": 157102.83, "Total Cost": 157102.86, "Plan Rows": 1, "Plan Width": 113, "Plans": [{"Node Type": "Aggregate", "Strategy": "Plain", "Parent Relationship": "Outer", "Startup Cost": 157102.83, "Total Cost": 157102.84, "Plan Rows": 1, "Plan Width": 113, "Plans": [{"Node Type": "Hash Join", "Parent Relationship": "Outer", "Join Type": "Inner", "Startup Cost": 55372.13, "Total Cost": 153746.81, "Plan Rows": 447470, "Plan Width": 45, "Inner Unique": false, "Hash Cond": "(t.id = mc.movie_id), (LLVM Optimized)", "Plans": [{"Node Type": "Streaming(type: BROADCAST dop: 16/16)", "Parent Relationship": "Outer", "Startup Cost": 20106.32, "Total Cost": 114115.76, "Plan Rows": 6342464, "Plan Width": 29, "Plans": [{"Node Type": "Hash Join", "Parent Relationship": "Outer", "Join Type": "Inner", "Startup Cost": 20106.32, "Total Cost": 83011.85, "Plan Rows": 396404, "Plan Width": 29, "Inner Unique": true, "Hash Cond": "(mi_idx.movie_id = t.id), (LLVM Optimized)", "Plans": [{"Node Type": "Streaming(type: BROADCAST dop: 16/16)", "Parent Relationship": "Outer", "Startup Cost": 0.0, "Total Cost": 61363.99, "Plan Rows": 5520128, "Plan Width": 4, "Plans": [{"Node Type": "Nested Loop", "Parent Relationship": "Outer", "Join Type": "Inner", "Startup Cost": 0.0, "Total Cost": 32348.04, "Plan Rows": 345008, "Plan Width": 4, "Inner Unique": false, "Join Filter": "(it.id = mi_idx.info_type_id), (LLVM Optimized)", "Plans": [{"Node Type": "Streaming(type: BROADCAST dop: 16/1)", "Parent Relationship": "Outer", "Startup Cost": 0.0, "Total Cost": 15002.75, "Plan Rows": 16, "Plan Width": 4, "Plans": [{"Node Type": "Seq Scan", "Parent Relationship": "Outer", "Relation Name": "info_type", "Alias": "it", "Startup Cost": 0.0, "Total Cost": 2.4, "Plan Rows": 1, "Plan Width": 4, "Filter": "((info)::text = 'bottom 10 rank'::text)"}]}, {"Node Type": "Seq Scan", "Parent Relationship": "Inner", "Relation Name": "movie_info_idx", "Alias": "mi_idx", "Startup Cost": 0.0, "Total Cost": 16267.15, "Plan Rows": 1380034, "Plan Width": 8}]}]}, {"Node Type": "Hash", "Parent Relationship": "Inner", "Startup Cost": 19544.42, "Total Cost": 19544.42, "Plan Rows": 719240, "Plan Width": 25, "Plans": [{"Node Type": "Seq Scan", "Parent Relationship": "Outer", "Relation Name": "title", "Alias": "t", "Startup Cost": 554.15, "Total Cost": 19544.42, "Plan Rows": 719240, "Plan Width": 25, "Filter": "((production_year >= 2005) AND (production_year <= 2010)), (LLVM Optimized)"}]}]}]}, {"Node Type": "Hash", "Parent Relationship": "Inner", "Startup Cost": 34246.65, "Total Cost": 34246.65, "Plan Rows": 1304518, "Plan Width": 28, "Plans": [{"Node Type": "Hash Join", "Parent Relationship": "Outer", "Join Type": "Inner", "Startup Cost": 15001.4, "Total Cost": 34246.65, "Plan Rows": 1304518, "Plan Width": 28, "Inner Unique": true, "Hash Cond": "(mc.company_type_id = ct.id), (LLVM Optimized)", "Plans": [{"Node Type": "Seq Scan", "Parent Relationship": "Outer", "Relation Name": "movie_companies", "Alias": "mc", "Startup Cost": 0.0, "Total Cost": 18021.26, "Plan Rows": 2609035, "Plan Width": 32, "Filter": "((note)::text !~~ '%(as Metro-Goldwyn-Mayer Pictures)%'::text), (LLVM Optimized)"}, {"Node Type": "Hash", "Parent Relationship": "Inner", "Startup Cost": 15001.38, "Total Cost": 15001.38, "Plan Rows": 16, "Plan Width": 4, "Plans": [{"Node Type": "Streaming(type: BROADCAST dop: 16/1)", "Parent Relationship": "Outer", "Startup Cost": 0.0, "Total Cost": 15001.38, "Plan Rows": 16, "Plan Width": 4, "Plans": [{"Node Type": "Seq Scan", "Parent Relationship": "Outer", "Relation Name": "company_type", "Alias": "ct", "Startup Cost": 0.0, "Total Cost": 1.04, "Plan Rows": 1, "Plan Width": 4, "Filter": "((kind)::text = 'production companies'::text)"}]}]}]}]}]}]}]}]}, "Unique SQL Id": 1162488282, "Planner Runtime": 22}, "explain_analyze_plan": {"Plan": {"Node Type": "Aggregate", "Strategy": "Plain", "Startup Cost": 157102.83, "Total Cost": 157102.86, "Plan Rows": 1, "Plan Width": 113, "Actual Min Startup Time": 245.945, "Actual Max Startup Time": 245.945, "Actual Min Total Time": 245.945, "Actual Max Total Time": 245.945, "Plans": [{"Node Type": "Streaming(type: LOCAL GATHER dop: 1/16)", "Parent Relationship": "Outer", "Startup Cost": 157102.83, "Total Cost": 157102.86, "Plan Rows": 1, "Plan Width": 113, "Actual Min Startup Time": 245.778, "Actual Max Startup Time": 245.778, "Actual Min Total Time": 245.931, "Actual Max Total Time": 245.931, "Plans": [{"Node Type": "Aggregate", "Strategy": "Plain", "Parent Relationship": "Outer", "Startup Cost": 157102.83, "Total Cost": 157102.84, "Plan Rows": 1, "Plan Width": 113, "Actual Min Startup Time": 86.896, "Actual Max Startup Time": 153.253, "Actual Min Total Time": 86.896, "Actual Max Total Time": 153.253, "Plans": [{"Node Type": "Hash Join", "Parent Relationship": "Outer", "Join Type": "Inner", "Startup Cost": 55372.13, "Total Cost": 153746.81, "Plan Rows": 447470, "Plan Width": 45, "Actual Min Startup Time": 86.889, "Actual Max Startup Time": 153.248, "Actual Min Total Time": 86.889, "Actual Max Total Time": 153.248, "Inner Unique": false, "Hash Cond": "(t.id = mc.movie_id), (LLVM Optimized)", "Plans": [{"Node Type": "Streaming(type: BROADCAST dop: 16/16)", "Parent Relationship": "Outer", "Startup Cost": 20106.32, "Total Cost": 114115.76, "Plan Rows": 6342464, "Plan Width": 29, "Actual Min Startup Time": 0.025, "Actual Max Startup Time": 23.382, "Actual Min Total Time": 2.705, "Actual Max Total Time": 69.913, "Plans": [{"Node Type": "Hash Join", "Parent Relationship": "Outer", "Join Type": "Inner", "Startup Cost": 20106.32, "Total Cost": 83011.85, "Plan Rows": 396404, "Plan Width": 29, "Actual Min Startup Time": 78.564, "Actual Max Startup Time": 121.165, "Actual Min Total Time": 78.564, "Actual Max Total Time": 121.165, "Inner Unique": true, "Hash Cond": "(mi_idx.movie_id = t.id), (LLVM Optimized)", "Plans": [{"Node Type": "Streaming(type: BROADCAST dop: 16/16)", "Parent Relationship": "Outer", "Startup Cost": 0.0, "Total Cost": 61363.99, "Plan Rows": 5520128, "Plan Width": 4, "Actual Min Startup Time": 0.027, "Actual Max Startup Time": 41.412, "Actual Min Total Time": 0.028, "Actual Max Total Time": 41.413, "Plans": [{"Node Type": "Nested Loop", "Parent Relationship": "Outer", "Join Type": "Inner", "Startup Cost": 0.0, "Total Cost": 32348.04, "Plan Rows": 345008, "Plan Width": 4, "Actual Min Startup Time": 34.827, "Actual Max Startup Time": 41.188, "Actual Min Total Time": 34.827, "Actual Max Total Time": 41.196, "Inner Unique": false, "Join Filter": "(it.id = mi_idx.info_type_id), (LLVM Optimized)", "Rows Removed by Join Filter": 1380024, "Plans": [{"Node Type": "Streaming(type: BROADCAST dop: 16/1)", "Parent Relationship": "Outer", "Startup Cost": 0.0, "Total Cost": 15002.75, "Plan Rows": 16, "Plan Width": 4, "Actual Min Startup Time": 0.003, "Actual Max Startup Time": 0.01, "Actual Min Total Time": 0.005, "Actual Max Total Time": 0.011, "Plans": [{"Node Type": "Seq Scan", "Parent Relationship": "Outer", "Relation Name": "info_type", "Alias": "it", "Startup Cost": 0.0, "Total Cost": 2.4, "Plan Rows": 1, "Plan Width": 4, "Actual Min Startup Time": 0.059, "Actual Max Startup Time": 0.059, "Actual Min Total Time": 0.061, "Actual Max Total Time": 0.061, "Filter": "((info)::text = 'bottom 10 rank'::text)", "Rows Removed by Filter": 111, "Actual Rows": 1}], "Actual Rows": 16}, {"Node Type": "Seq Scan", "Parent Relationship": "Inner", "Relation Name": "movie_info_idx", "Alias": "mi_idx", "Startup Cost": 0.0, "Total Cost": 16267.15, "Plan Rows": 1380034, "Plan Width": 8, "Actual Min Startup Time": 0.032, "Actual Max Startup Time": 0.059, "Actual Min Total Time": 18.617, "Actual Max Total Time": 22.027, "Actual Rows": 1380034}], "Actual Rows": 10}], "Actual Rows": 160}, {"Node Type": "Hash", "Parent Relationship": "Inner", "Startup Cost": 19544.42, "Total Cost": 19544.42, "Plan Rows": 719240, "Plan Width": 25, "Actual Min Startup Time": 78.449, "Actual Max Startup Time": 87.352, "Actual Min Total Time": 78.449, "Actual Max Total Time": 87.352, "Max Hash Buckets": 65536, "Min Hash Buckets": 65536, "Max Hash Batches": 1, "Min Hash Batches": 1, "Max Original Hash Batches": 1, "Min Original Hash Batches": 1, "Max Peak Memory Usage": 2621, "min Peak Memory Usage": 2621, "Plans": [{"Node Type": "Seq Scan", "Parent Relationship": "Outer", "Relation Name": "title", "Alias": "t", "Startup Cost": 554.15, "Total Cost": 19544.42, "Plan Rows": 719240, "Plan Width": 25, "Actual Min Startup Time": 0.024, "Actual Max Startup Time": 0.057, "Actual Min Total Time": 64.592, "Actual Max Total Time": 72.483, "Filter": "((production_year >= 2005) AND (production_year <= 2010)), (LLVM Optimized)", "Rows Removed by Filter": 1812052, "Actual Rows": 716259}], "Actual Rows": 716259}], "Actual Rows": 4}], "Actual Rows": 64}, {"Node Type": "Hash", "Parent Relationship": "Inner", "Startup Cost": 34246.65, "Total Cost": 34246.65, "Plan Rows": 1304518, "Plan Width": 28, "Actual Min Startup Time": 77.643, "Actual Max Startup Time": 88.71, "Actual Min Total Time": 77.643, "Actual Max Total Time": 88.71, "Max Hash Buckets": 131072, "Min Hash Buckets": 131072, "Max Hash Batches": 1, "Min Hash Batches": 1, "Max Original Hash Batches": 1, "Min Original Hash Batches": 1, "Max Peak Memory Usage": 488, "min Peak Memory Usage": 488, "Plans": [{"Node Type": "Hash Join", "Parent Relationship": "Outer", "Join Type": "Inner", "Startup Cost": 15001.4, "Total Cost": 34246.65, "Plan Rows": 1304518, "Plan Width": 28, "Actual Min Startup Time": 49.718, "Actual Max Startup Time": 56.798, "Actual Min Total Time": 74.609, "Actual Max Total Time": 84.701, "Inner Unique": true, "Hash Cond": "(mc.company_type_id = ct.id), (LLVM Optimized)", "Plans": [{"Node Type": "Seq Scan", "Parent Relationship": "Outer", "Relation Name": "movie_companies", "Alias": "mc", "Startup Cost": 0.0, "Total Cost": 18021.26, "Plan Rows": 2609035, "Plan Width": 32, "Actual Min Startup Time": 0.04, "Actual Max Startup Time": 0.067, "Actual Min Total Time": 59.729, "Actual Max Total Time": 66.952, "Filter": "((note)::text !~~ '%(as Metro-Goldwyn-Mayer Pictures)%'::text), (LLVM Optimized)", "Rows Removed by Filter": 1272041, "Actual Rows": 1337087}, {"Node Type": "Hash", "Parent Relationship": "Inner", "Startup Cost": 15001.38, "Total Cost": 15001.38, "Plan Rows": 16, "Plan Width": 4, "Actual Min Startup Time": 0.01, "Actual Max Startup Time": 0.026, "Actual Min Total Time": 0.01, "Actual Max Total Time": 0.026, "Max Hash Buckets": 32768, "Min Hash Buckets": 32768, "Max Hash Batches": 1, "Min Hash Batches": 1, "Max Original Hash Batches": 1, "Min Original Hash Batches": 1, "Max Peak Memory Usage": 1, "min Peak Memory Usage": 1, "Plans": [{"Node Type": "Streaming(type: BROADCAST dop: 16/1)", "Parent Relationship": "Outer", "Startup Cost": 0.0, "Total Cost": 15001.38, "Plan Rows": 16, "Plan Width": 4, "Actual Min Startup Time": 0.003, "Actual Max Startup Time": 0.008, "Actual Min Total Time": 0.003, "Actual Max Total Time": 0.009, "Plans": [{"Node Type": "Seq Scan", "Parent Relationship": "Outer", "Relation Name": "company_type", "Alias": "ct", "Startup Cost": 0.0, "Total Cost": 1.04, "Plan Rows": 1, "Plan Width": 4, "Actual Min Startup Time": 0.035, "Actual Max Startup Time": 0.035, "Actual Min Total Time": 0.038, "Actual Max Total Time": 0.038, "Filter": "((kind)::text = 'production companies'::text)", "Rows Removed by Filter": 2, "Actual Rows": 1}], "Actual Rows": 16}], "Actual Rows": 16}], "Actual Rows": 140904}], "Actual Rows": 140904}], "Actual Rows": 3}], "Actual Rows": 16}], "Actual Rows": 16}], "Actual Rows": 1}, "Triggers": [], "Planner Runtime": 24.667, "Total Runtime": 267.123, "Unique SQL Id": 1162488282}}, "(16, '41')": {"explain_plan": {"Plan": {"Node Type": "Aggregate", "Strategy": "Plain", "Startup Cost": 250949.83, "Total Cost": 250949.86, "Plan Rows": 1, "Plan Width": 113, "Plans": [{"Node Type": "Streaming(type: LOCAL GATHER dop: 1/16)", "Parent Relationship": "Outer", "Startup Cost": 250949.83, "Total Cost": 250949.86, "Plan Rows": 1, "Plan Width": 113, "Plans": [{"Node Type": "Aggregate", "Strategy": "Plain", "Parent Relationship": "Outer", "Startup Cost": 250949.83, "Total Cost": 250949.84, "Plan Rows": 1, "Plan Width": 113, "Plans": [{"Node Type": "Nested Loop", "Parent Relationship": "Outer", "Join Type": "Inner", "Startup Cost": 156012.91, "Total Cost": 247593.8, "Plan Rows": 447470, "Plan Width": 45, "Inner Unique": false, "Join Filter": "(mc.company_type_id = ct.id), (LLVM Optimized)", "Plans": [{"Node Type": "Streaming(type: BROADCAST dop: 16/1)", "Parent Relationship": "Outer", "Startup Cost": 0.0, "Total Cost": 15012.65, "Plan Rows": 16, "Plan Width": 4, "Plans": [{"Node Type": "Index Scan", "Parent Relationship": "Outer", "Scan Direction": "Forward", "Index Name": "company_type_pkey", "Relation Name": "company_type", "Alias": "ct", "Startup Cost": 0.0, "Total Cost": 12.3, "Plan Rows": 1, "Plan Width": 4, "Filter": "((kind)::text = 'production companies'::text)"}]}, {"Node Type": "Materialize", "Parent Relationship": "Inner", "Startup Cost": 156012.91, "Total Cost": 233525.09, "Plan Rows": 549199, "Plan Width": 49, "Plans": [{"Node Type": "Hash Join", "Parent Relationship": "Outer", "Join Type": "Inner", "Startup Cost": 156012.91, "Total Cost": 232152.09, "Plan Rows": 549199, "Plan Width": 49, "Inner Unique": false, "Hash Cond": "(t.id = mc.movie_id), (LLVM Optimized)", "Plans": [{"Node Type": "Streaming(type: LOCAL REDISTRIBUTE dop: 16/1)", "Parent Relationship": "Outer", "Startup Cost": 126720.83, "Total Cost": 201800.13, "Plan Rows": 396404, "Plan Width": 29, "Plans": [{"Node Type": "Hash Join", "Parent Relationship": "Outer", "Join Type": "Inner", "Startup Cost": 126720.83, "Total Cost": 170316.85, "Plan Rows": 396404, "Plan Width": 29, "Inner Unique": true, "Hash Cond": "(mi_idx.movie_id = t.id), (LLVM Optimized)", "Plans": [{"Node Type": "Nested Loop", "Parent Relationship": "Outer", "Join Type": "Inner", "Startup Cost": 0.0, "Total Cost": 38338.2, "Plan Rows": 345008, "Plan Width": 4, "Inner Unique": false, "Plans": [{"Node Type": "Index Scan", "Parent Relationship": "Outer", "Scan Direction": "Forward", "Index Name": "info_type_pkey", "Relation Name": "info_type", "Alias": "it", "Startup Cost": 0.0, "Total Cost": 14.21, "Plan Rows": 1, "Plan Width": 4, "Filter": "((info)::text = 'bottom 10 rank'::text)"}, {"Node Type": "Index Scan", "Parent Relationship": "Inner", "Scan Direction": "Forward", "Index Name": "info_type_id_movie_info_idx", "Relation Name": "movie_info_idx", "Alias": "mi_idx", "Startup Cost": 0.0, "Total Cost": 34873.91, "Plan Rows": 345008, "Plan Width": 8, "Index Cond": "(info_type_id = it.id), (LLVM Optimized)"}]}, {"Node Type": "Hash", "Parent Relationship": "Inner", "Startup Cost": 117730.33, "Total Cost": 117730.33, "Plan Rows": 719240, "Plan Width": 25, "Plans": [{"Node Type": "Streaming(type: LOCAL GATHER dop: 1/16)", "Parent Relationship": "Outer", "Startup Cost": 0.0, "Total Cost": 117730.33, "Plan Rows": 719240, "Plan Width": 25, "Plans": [{"Node Type": "Index Scan", "Parent Relationship": "Outer", "Scan Direction": "Forward", "Index Name": "title_pkey", "Relation Name": "title", "Alias": "t", "Startup Cost": 0.0, "Total Cost": 102207.67, "Plan Rows": 719240, "Plan Width": 25, "Filter": "((production_year >= 2005) AND (production_year <= 2010)), (LLVM Optimized)"}]}]}]}]}, {"Node Type": "Hash", "Parent Relationship": "Inner", "Startup Cost": 109015.07, "Total Cost": 109015.07, "Plan Rows": 2609035, "Plan Width": 32, "Plans": [{"Node Type": "Streaming(type: LOCAL REDISTRIBUTE dop: 16/16)", "Parent Relationship": "Outer", "Startup Cost": 0.0, "Total Cost": 109015.07, "Plan Rows": 2609035, "Plan Width": 32, "Plans": [{"Node Type": "Index Scan", "Parent Relationship": "Outer", "Scan Direction": "Forward", "Index Name": "company_type_id_movie_companies", "Relation Name": "movie_companies", "Alias": "mc", "Startup Cost": 0.0, "Total Cost": 84129.27, "Plan Rows": 2609035, "Plan Width": 32, "Filter": "((note)::text !~~ '%(as Metro-Goldwyn-Mayer Pictures)%'::text), (LLVM Optimized)"}]}]}]}]}]}]}]}]}, "Unique SQL Id": 1162488282, "Planner Runtime": 15}, "explain_analyze_plan": {"Plan": {"Node Type": "Aggregate", "Strategy": "Plain", "Startup Cost": 250949.83, "Total Cost": 250949.86, "Plan Rows": 1, "Plan Width": 113, "Actual Min Startup Time": 757.018, "Actual Max Startup Time": 757.018, "Actual Min Total Time": 757.018, "Actual Max Total Time": 757.018, "Plans": [{"Node Type": "Streaming(type: LOCAL GATHER dop: 1/16)", "Parent Relationship": "Outer", "Startup Cost": 250949.83, "Total Cost": 250949.86, "Plan Rows": 1, "Plan Width": 113, "Actual Min Startup Time": 755.212, "Actual Max Startup Time": 755.212, "Actual Min Total Time": 757.004, "Actual Max Total Time": 757.004, "Plans": [{"Node Type": "Aggregate", "Strategy": "Plain", "Parent Relationship": "Outer", "Startup Cost": 250949.83, "Total Cost": 250949.84, "Plan Rows": 1, "Plan Width": 113, "Actual Min Startup Time": 605.855, "Actual Max Startup Time": 673.528, "Actual Min Total Time": 605.856, "Actual Max Total Time": 673.528, "Plans": [{"Node Type": "Nested Loop", "Parent Relationship": "Outer", "Join Type": "Inner", "Startup Cost": 156012.91, "Total Cost": 247593.8, "Plan Rows": 447470, "Plan Width": 45, "Actual Min Startup Time": 605.847, "Actual Max Startup Time": 673.521, "Actual Min Total Time": 605.847, "Actual Max Total Time": 673.521, "Inner Unique": false, "Join Filter": "(mc.company_type_id = ct.id), (LLVM Optimized, Jit Execute)", "Rows Removed by Join Filter": 63, "Plans": [{"Node Type": "Streaming(type: BROADCAST dop: 16/1)", "Parent Relationship": "Outer", "Startup Cost": 0.0, "Total Cost": 15012.65, "Plan Rows": 16, "Plan Width": 4, "Actual Min Startup Time": 0.003, "Actual Max Startup Time": 0.007, "Actual Min Total Time": 0.003, "Actual Max Total Time": 0.008, "Plans": [{"Node Type": "Index Scan", "Parent Relationship": "Outer", "Scan Direction": "Forward", "Index Name": "company_type_pkey", "Relation Name": "company_type", "Alias": "ct", "Startup Cost": 0.0, "Total Cost": 12.3, "Plan Rows": 1, "Plan Width": 4, "Actual Min Startup Time": 0.051, "Actual Max Startup Time": 0.051, "Actual Min Total Time": 0.056, "Actual Max Total Time": 0.056, "Filter": "((kind)::text = 'production companies'::text)", "Rows Removed by Filter": 2, "Actual Rows": 1}], "Actual Rows": 16}, {"Node Type": "Materialize", "Parent Relationship": "Inner", "Startup Cost": 156012.91, "Total Cost": 233525.09, "Plan Rows": 549199, "Plan Width": 49, "Actual Min Startup Time": 605.242, "Actual Max Startup Time": 672.833, "Actual Min Total Time": 605.242, "Actual Max Total Time": 672.833, "Plans": [{"Node Type": "Hash Join", "Parent Relationship": "Outer", "Join Type": "Inner", "Startup Cost": 156012.91, "Total Cost": 232152.09, "Plan Rows": 549199, "Plan Width": 49, "Actual Min Startup Time": 605.237, "Actual Max Startup Time": 672.814, "Actual Min Total Time": 605.237, "Actual Max Total Time": 672.818, "Inner Unique": false, "Hash Cond": "(t.id = mc.movie_id), (LLVM Optimized, Jit Execute)", "Plans": [{"Node Type": "Streaming(type: LOCAL REDISTRIBUTE dop: 16/1)", "Parent Relationship": "Outer", "Startup Cost": 126720.83, "Total Cost": 201800.13, "Plan Rows": 396404, "Plan Width": 29, "Actual Min Startup Time": 310.316, "Actual Max Startup Time": 310.376, "Actual Min Total Time": 310.318, "Actual Max Total Time": 310.376, "Plans": [{"Node Type": "Hash Join", "Parent Relationship": "Outer", "Join Type": "Inner", "Startup Cost": 126720.83, "Total Cost": 170316.85, "Plan Rows": 396404, "Plan Width": 29, "Actual Min Startup Time": 615.478, "Actual Max Startup Time": 615.478, "Actual Min Total Time": 615.487, "Actual Max Total Time": 615.487, "Inner Unique": true, "Hash Cond": "(mi_idx.movie_id = t.id), (LLVM Optimized, Jit Execute)", "Plans": [{"Node Type": "Nested Loop", "Parent Relationship": "Outer", "Join Type": "Inner", "Startup Cost": 0.0, "Total Cost": 38338.2, "Plan Rows": 345008, "Plan Width": 4, "Actual Min Startup Time": 0.158, "Actual Max Startup Time": 0.158, "Actual Min Total Time": 0.167, "Actual Max Total Time": 0.167, "Inner Unique": false, "Plans": [{"Node Type": "Index Scan", "Parent Relationship": "Outer", "Scan Direction": "Forward", "Index Name": "info_type_pkey", "Relation Name": "info_type", "Alias": "it", "Startup Cost": 0.0, "Total Cost": 14.21, "Plan Rows": 1, "Plan Width": 4, "Actual Min Startup Time": 0.121, "Actual Max Startup Time": 0.121, "Actual Min Total Time": 0.121, "Actual Max Total Time": 0.121, "Filter": "((info)::text = 'bottom 10 rank'::text)", "Rows Removed by Filter": 111, "Actual Rows": 1}, {"Node Type": "Index Scan", "Parent Relationship": "Inner", "Scan Direction": "Forward", "Index Name": "info_type_id_movie_info_idx", "Relation Name": "movie_info_idx", "Alias": "mi_idx", "Startup Cost": 0.0, "Total Cost": 34873.91, "Plan Rows": 345008, "Plan Width": 8, "Actual Min Startup Time": 0.029, "Actual Max Startup Time": 0.029, "Actual Min Total Time": 0.035, "Actual Max Total Time": 0.035, "Index Cond": "(info_type_id = it.id), (LLVM Optimized, Jit Execute)", "Rows Removed by Index Recheck": 0, "Actual Rows": 10}], "Actual Rows": 10}, {"Node Type": "Hash", "Parent Relationship": "Inner", "Startup Cost": 117730.33, "Total Cost": 117730.33, "Plan Rows": 719240, "Plan Width": 25, "Actual Min Startup Time": 614.649, "Actual Max Startup Time": 614.649, "Actual Min Total Time": 614.649, "Actual Max Total Time": 614.649, "Max Hash Buckets": 1048576, "Min Hash Buckets": 1048576, "Max Hash Batches": 1, "Min Hash Batches": 1, "Max Original Hash Batches": 1, "Min Original Hash Batches": 1, "Max Peak Memory Usage": 41052, "min Peak Memory Usage": 41052, "Plans": [{"Node Type": "Streaming(type: LOCAL GATHER dop: 1/16)", "Parent Relationship": "Outer", "Startup Cost": 0.0, "Total Cost": 117730.33, "Plan Rows": 719240, "Plan Width": 25, "Actual Min Startup Time": 0.06, "Actual Max Startup Time": 0.06, "Actual Min Total Time": 390.483, "Actual Max Total Time": 390.483, "Plans": [{"Node Type": "Index Scan", "Parent Relationship": "Outer", "Scan Direction": "Forward", "Index Name": "title_pkey", "Relation Name": "title", "Alias": "t", "Startup Cost": 0.0, "Total Cost": 102207.67, "Plan Rows": 719240, "Plan Width": 25, "Actual Min Startup Time": 0.037, "Actual Max Startup Time": 17.749, "Actual Min Total Time": 234.299, "Actual Max Total Time": 307.682, "Filter": "((production_year >= 2005) AND (production_year <= 2010)), (LLVM Optimized, Jit Execute)", "Rows Removed by Filter": 1812052, "Actual Rows": 716259}], "Actual Rows": 716259}], "Actual Rows": 716259}], "Actual Rows": 4}], "Actual Rows": 4}, {"Node Type": "Hash", "Parent Relationship": "Inner", "Startup Cost": 109015.07, "Total Cost": 109015.07, "Plan Rows": 2609035, "Plan Width": 32, "Actual Min Startup Time": 294.558, "Actual Max Startup Time": 362.247, "Actual Min Total Time": 294.558, "Actual Max Total Time": 362.247, "Max Hash Buckets": 262144, "Min Hash Buckets": 262144, "Max Hash Batches": 1, "Min Hash Batches": 1, "Max Original Hash Batches": 1, "Min Original Hash Batches": 1, "Max Peak Memory Usage": 5435, "min Peak Memory Usage": 5435, "Plans": [{"Node Type": "Streaming(type: LOCAL REDISTRIBUTE dop: 16/16)", "Parent Relationship": "Outer", "Startup Cost": 0.0, "Total Cost": 109015.07, "Plan Rows": 2609035, "Plan Width": 32, "Actual Min Startup Time": 0.05, "Actual Max Startup Time": 57.315, "Actual Min Total Time": 270.812, "Actual Max Total Time": 338.266, "Plans": [{"Node Type": "Index Scan", "Parent Relationship": "Outer", "Scan Direction": "Forward", "Index Name": "company_type_id_movie_companies", "Relation Name": "movie_companies", "Alias": "mc", "Startup Cost": 0.0, "Total Cost": 84129.27, "Plan Rows": 2609035, "Plan Width": 32, "Actual Min Startup Time": 0.049, "Actual Max Startup Time": 21.129, "Actual Min Total Time": 76.669, "Actual Max Total Time": 165.272, "Filter": "((note)::text !~~ '%(as Metro-Goldwyn-Mayer Pictures)%'::text), (LLVM Optimized, Jit Execute)", "Rows Removed by Filter": 1272041, "Actual Rows": 1337087}], "Actual Rows": 1337087}], "Actual Rows": 1337087}], "Actual Rows": 66}], "Actual Rows": 70}], "Actual Rows": 3}], "Actual Rows": 16}], "Actual Rows": 16}], "Actual Rows": 1}, "Triggers": [], "Planner Runtime": 18.051, "Total Runtime": 777.036, "Unique SQL Id": 1162488282}}, "(16, '42')": {"explain_plan": {"Plan": {"Node Type": "Aggregate", "Strategy": "Plain", "Startup Cost": 157102.83, "Total Cost": 157102.86, "Plan Rows": 1, "Plan Width": 113, "Plans": [{"Node Type": "Streaming(type: LOCAL GATHER dop: 1/16)", "Parent Relationship": "Outer", "Startup Cost": 157102.83, "Total Cost": 157102.86, "Plan Rows": 1, "Plan Width": 113, "Plans": [{"Node Type": "Aggregate", "Strategy": "Plain", "Parent Relationship": "Outer", "Startup Cost": 157102.83, "Total Cost": 157102.84, "Plan Rows": 1, "Plan Width": 113, "Plans": [{"Node Type": "Hash Join", "Parent Relationship": "Outer", "Join Type": "Inner", "Startup Cost": 55372.13, "Total Cost": 153746.81, "Plan Rows": 447470, "Plan Width": 45, "Inner Unique": false, "Hash Cond": "(t.id = mc.movie_id), (LLVM Optimized)", "Plans": [{"Node Type": "Streaming(type: BROADCAST dop: 16/16)", "Parent Relationship": "Outer", "Startup Cost": 20106.32, "Total Cost": 114115.76, "Plan Rows": 6342464, "Plan Width": 29, "Plans": [{"Node Type": "Hash Join", "Parent Relationship": "Outer", "Join Type": "Inner", "Startup Cost": 20106.32, "Total Cost": 83011.85, "Plan Rows": 396404, "Plan Width": 29, "Inner Unique": true, "Hash Cond": "(mi_idx.movie_id = t.id), (LLVM Optimized)", "Plans": [{"Node Type": "Streaming(type: BROADCAST dop: 16/16)", "Parent Relationship": "Outer", "Startup Cost": 0.0, "Total Cost": 61363.99, "Plan Rows": 5520128, "Plan Width": 4, "Plans": [{"Node Type": "Nested Loop", "Parent Relationship": "Outer", "Join Type": "Inner", "Startup Cost": 0.0, "Total Cost": 32348.04, "Plan Rows": 345008, "Plan Width": 4, "Inner Unique": false, "Join Filter": "(it.id = mi_idx.info_type_id), (LLVM Optimized)", "Plans": [{"Node Type": "Streaming(type: BROADCAST dop: 16/1)", "Parent Relationship": "Outer", "Startup Cost": 0.0, "Total Cost": 15002.75, "Plan Rows": 16, "Plan Width": 4, "Plans": [{"Node Type": "Seq Scan", "Parent Relationship": "Outer", "Relation Name": "info_type", "Alias": "it", "Startup Cost": 0.0, "Total Cost": 2.4, "Plan Rows": 1, "Plan Width": 4, "Filter": "((info)::text = 'bottom 10 rank'::text)"}]}, {"Node Type": "Seq Scan", "Parent Relationship": "Inner", "Relation Name": "movie_info_idx", "Alias": "mi_idx", "Startup Cost": 0.0, "Total Cost": 16267.15, "Plan Rows": 1380034, "Plan Width": 8}]}]}, {"Node Type": "Hash", "Parent Relationship": "Inner", "Startup Cost": 19544.42, "Total Cost": 19544.42, "Plan Rows": 719240, "Plan Width": 25, "Plans": [{"Node Type": "Seq Scan", "Parent Relationship": "Outer", "Relation Name": "title", "Alias": "t", "Startup Cost": 554.15, "Total Cost": 19544.42, "Plan Rows": 719240, "Plan Width": 25, "Filter": "((production_year >= 2005) AND (production_year <= 2010)), (LLVM Optimized)"}]}]}]}, {"Node Type": "Hash", "Parent Relationship": "Inner", "Startup Cost": 34246.65, "Total Cost": 34246.65, "Plan Rows": 1304518, "Plan Width": 28, "Plans": [{"Node Type": "Hash Join", "Parent Relationship": "Outer", "Join Type": "Inner", "Startup Cost": 15001.4, "Total Cost": 34246.65, "Plan Rows": 1304518, "Plan Width": 28, "Inner Unique": true, "Hash Cond": "(mc.company_type_id = ct.id), (LLVM Optimized)", "Plans": [{"Node Type": "Seq Scan", "Parent Relationship": "Outer", "Relation Name": "movie_companies", "Alias": "mc", "Startup Cost": 0.0, "Total Cost": 18021.26, "Plan Rows": 2609035, "Plan Width": 32, "Filter": "((note)::text !~~ '%(as Metro-Goldwyn-Mayer Pictures)%'::text), (LLVM Optimized)"}, {"Node Type": "Hash", "Parent Relationship": "Inner", "Startup Cost": 15001.38, "Total Cost": 15001.38, "Plan Rows": 16, "Plan Width": 4, "Plans": [{"Node Type": "Streaming(type: BROADCAST dop: 16/1)", "Parent Relationship": "Outer", "Startup Cost": 0.0, "Total Cost": 15001.38, "Plan Rows": 16, "Plan Width": 4, "Plans": [{"Node Type": "Seq Scan", "Parent Relationship": "Outer", "Relation Name": "company_type", "Alias": "ct", "Startup Cost": 0.0, "Total Cost": 1.04, "Plan Rows": 1, "Plan Width": 4, "Filter": "((kind)::text = 'production companies'::text)"}]}]}]}]}]}]}]}]}, "Unique SQL Id": 1162488282, "Planner Runtime": 23}, "explain_analyze_plan": {"Plan": {"Node Type": "Aggregate", "Strategy": "Plain", "Startup Cost": 157102.83, "Total Cost": 157102.86, "Plan Rows": 1, "Plan Width": 113, "Actual Min Startup Time": 245.945, "Actual Max Startup Time": 245.945, "Actual Min Total Time": 245.945, "Actual Max Total Time": 245.945, "Plans": [{"Node Type": "Streaming(type: LOCAL GATHER dop: 1/16)", "Parent Relationship": "Outer", "Startup Cost": 157102.83, "Total Cost": 157102.86, "Plan Rows": 1, "Plan Width": 113, "Actual Min Startup Time": 245.778, "Actual Max Startup Time": 245.778, "Actual Min Total Time": 245.931, "Actual Max Total Time": 245.931, "Plans": [{"Node Type": "Aggregate", "Strategy": "Plain", "Parent Relationship": "Outer", "Startup Cost": 157102.83, "Total Cost": 157102.84, "Plan Rows": 1, "Plan Width": 113, "Actual Min Startup Time": 86.896, "Actual Max Startup Time": 153.253, "Actual Min Total Time": 86.896, "Actual Max Total Time": 153.253, "Plans": [{"Node Type": "Hash Join", "Parent Relationship": "Outer", "Join Type": "Inner", "Startup Cost": 55372.13, "Total Cost": 153746.81, "Plan Rows": 447470, "Plan Width": 45, "Actual Min Startup Time": 86.889, "Actual Max Startup Time": 153.248, "Actual Min Total Time": 86.889, "Actual Max Total Time": 153.248, "Inner Unique": false, "Hash Cond": "(t.id = mc.movie_id), (LLVM Optimized)", "Plans": [{"Node Type": "Streaming(type: BROADCAST dop: 16/16)", "Parent Relationship": "Outer", "Startup Cost": 20106.32, "Total Cost": 114115.76, "Plan Rows": 6342464, "Plan Width": 29, "Actual Min Startup Time": 0.025, "Actual Max Startup Time": 23.382, "Actual Min Total Time": 2.705, "Actual Max Total Time": 69.913, "Plans": [{"Node Type": "Hash Join", "Parent Relationship": "Outer", "Join Type": "Inner", "Startup Cost": 20106.32, "Total Cost": 83011.85, "Plan Rows": 396404, "Plan Width": 29, "Actual Min Startup Time": 78.564, "Actual Max Startup Time": 121.165, "Actual Min Total Time": 78.564, "Actual Max Total Time": 121.165, "Inner Unique": true, "Hash Cond": "(mi_idx.movie_id = t.id), (LLVM Optimized)", "Plans": [{"Node Type": "Streaming(type: BROADCAST dop: 16/16)", "Parent Relationship": "Outer", "Startup Cost": 0.0, "Total Cost": 61363.99, "Plan Rows": 5520128, "Plan Width": 4, "Actual Min Startup Time": 0.027, "Actual Max Startup Time": 41.412, "Actual Min Total Time": 0.028, "Actual Max Total Time": 41.413, "Plans": [{"Node Type": "Nested Loop", "Parent Relationship": "Outer", "Join Type": "Inner", "Startup Cost": 0.0, "Total Cost": 32348.04, "Plan Rows": 345008, "Plan Width": 4, "Actual Min Startup Time": 34.827, "Actual Max Startup Time": 41.188, "Actual Min Total Time": 34.827, "Actual Max Total Time": 41.196, "Inner Unique": false, "Join Filter": "(it.id = mi_idx.info_type_id), (LLVM Optimized)", "Rows Removed by Join Filter": 1380024, "Plans": [{"Node Type": "Streaming(type: BROADCAST dop: 16/1)", "Parent Relationship": "Outer", "Startup Cost": 0.0, "Total Cost": 15002.75, "Plan Rows": 16, "Plan Width": 4, "Actual Min Startup Time": 0.003, "Actual Max Startup Time": 0.01, "Actual Min Total Time": 0.005, "Actual Max Total Time": 0.011, "Plans": [{"Node Type": "Seq Scan", "Parent Relationship": "Outer", "Relation Name": "info_type", "Alias": "it", "Startup Cost": 0.0, "Total Cost": 2.4, "Plan Rows": 1, "Plan Width": 4, "Actual Min Startup Time": 0.059, "Actual Max Startup Time": 0.059, "Actual Min Total Time": 0.061, "Actual Max Total Time": 0.061, "Filter": "((info)::text = 'bottom 10 rank'::text)", "Rows Removed by Filter": 111, "Actual Rows": 1}], "Actual Rows": 16}, {"Node Type": "Seq Scan", "Parent Relationship": "Inner", "Relation Name": "movie_info_idx", "Alias": "mi_idx", "Startup Cost": 0.0, "Total Cost": 16267.15, "Plan Rows": 1380034, "Plan Width": 8, "Actual Min Startup Time": 0.032, "Actual Max Startup Time": 0.059, "Actual Min Total Time": 18.617, "Actual Max Total Time": 22.027, "Actual Rows": 1380034}], "Actual Rows": 10}], "Actual Rows": 160}, {"Node Type": "Hash", "Parent Relationship": "Inner", "Startup Cost": 19544.42, "Total Cost": 19544.42, "Plan Rows": 719240, "Plan Width": 25, "Actual Min Startup Time": 78.449, "Actual Max Startup Time": 87.352, "Actual Min Total Time": 78.449, "Actual Max Total Time": 87.352, "Max Hash Buckets": 65536, "Min Hash Buckets": 65536, "Max Hash Batches": 1, "Min Hash Batches": 1, "Max Original Hash Batches": 1, "Min Original Hash Batches": 1, "Max Peak Memory Usage": 2621, "min Peak Memory Usage": 2621, "Plans": [{"Node Type": "Seq Scan", "Parent Relationship": "Outer", "Relation Name": "title", "Alias": "t", "Startup Cost": 554.15, "Total Cost": 19544.42, "Plan Rows": 719240, "Plan Width": 25, "Actual Min Startup Time": 0.024, "Actual Max Startup Time": 0.057, "Actual Min Total Time": 64.592, "Actual Max Total Time": 72.483, "Filter": "((production_year >= 2005) AND (production_year <= 2010)), (LLVM Optimized)", "Rows Removed by Filter": 1812052, "Actual Rows": 716259}], "Actual Rows": 716259}], "Actual Rows": 4}], "Actual Rows": 64}, {"Node Type": "Hash", "Parent Relationship": "Inner", "Startup Cost": 34246.65, "Total Cost": 34246.65, "Plan Rows": 1304518, "Plan Width": 28, "Actual Min Startup Time": 77.643, "Actual Max Startup Time": 88.71, "Actual Min Total Time": 77.643, "Actual Max Total Time": 88.71, "Max Hash Buckets": 131072, "Min Hash Buckets": 131072, "Max Hash Batches": 1, "Min Hash Batches": 1, "Max Original Hash Batches": 1, "Min Original Hash Batches": 1, "Max Peak Memory Usage": 488, "min Peak Memory Usage": 488, "Plans": [{"Node Type": "Hash Join", "Parent Relationship": "Outer", "Join Type": "Inner", "Startup Cost": 15001.4, "Total Cost": 34246.65, "Plan Rows": 1304518, "Plan Width": 28, "Actual Min Startup Time": 49.718, "Actual Max Startup Time": 56.798, "Actual Min Total Time": 74.609, "Actual Max Total Time": 84.701, "Inner Unique": true, "Hash Cond": "(mc.company_type_id = ct.id), (LLVM Optimized)", "Plans": [{"Node Type": "Seq Scan", "Parent Relationship": "Outer", "Relation Name": "movie_companies", "Alias": "mc", "Startup Cost": 0.0, "Total Cost": 18021.26, "Plan Rows": 2609035, "Plan Width": 32, "Actual Min Startup Time": 0.04, "Actual Max Startup Time": 0.067, "Actual Min Total Time": 59.729, "Actual Max Total Time": 66.952, "Filter": "((note)::text !~~ '%(as Metro-Goldwyn-Mayer Pictures)%'::text), (LLVM Optimized)", "Rows Removed by Filter": 1272041, "Actual Rows": 1337087}, {"Node Type": "Hash", "Parent Relationship": "Inner", "Startup Cost": 15001.38, "Total Cost": 15001.38, "Plan Rows": 16, "Plan Width": 4, "Actual Min Startup Time": 0.01, "Actual Max Startup Time": 0.026, "Actual Min Total Time": 0.01, "Actual Max Total Time": 0.026, "Max Hash Buckets": 32768, "Min Hash Buckets": 32768, "Max Hash Batches": 1, "Min Hash Batches": 1, "Max Original Hash Batches": 1, "Min Original Hash Batches": 1, "Max Peak Memory Usage": 1, "min Peak Memory Usage": 1, "Plans": [{"Node Type": "Streaming(type: BROADCAST dop: 16/1)", "Parent Relationship": "Outer", "Startup Cost": 0.0, "Total Cost": 15001.38, "Plan Rows": 16, "Plan Width": 4, "Actual Min Startup Time": 0.003, "Actual Max Startup Time": 0.008, "Actual Min Total Time": 0.003, "Actual Max Total Time": 0.009, "Plans": [{"Node Type": "Seq Scan", "Parent Relationship": "Outer", "Relation Name": "company_type", "Alias": "ct", "Startup Cost": 0.0, "Total Cost": 1.04, "Plan Rows": 1, "Plan Width": 4, "Actual Min Startup Time": 0.035, "Actual Max Startup Time": 0.035, "Actual Min Total Time": 0.038, "Actual Max Total Time": 0.038, "Filter": "((kind)::text = 'production companies'::text)", "Rows Removed by Filter": 2, "Actual Rows": 1}], "Actual Rows": 16}], "Actual Rows": 16}], "Actual Rows": 140904}], "Actual Rows": 140904}], "Actual Rows": 3}], "Actual Rows": 16}], "Actual Rows": 16}], "Actual Rows": 1}, "Triggers": [], "Planner Runtime": 24.667, "Total Runtime": 267.123, "Unique SQL Id": 1162488282}}, "(16, '43')": {"explain_plan": {"Plan": {"Node Type": "Aggregate", "Strategy": "Plain", "Startup Cost": 5011509593772.63, "Total Cost": 5011509593772.64, "Plan Rows": 1, "Plan Width": 113, "Plans": [{"Node Type": "Nested Loop", "Parent Relationship": "Outer", "Join Type": "Inner", "Startup Cost": 50000000000.0, "Total Cost": 5011509590416.61, "Plan Rows": 447470, "Plan Width": 45, "Inner Unique": false, "Join Filter": "(mc.movie_id = t.id), (LLVM Optimized)", "Plans": [{"Node Type": "Nested Loop", "Parent Relationship": "Outer", "Join Type": "Inner", "Startup Cost": 20000000000.0, "Total Cost": 2000013744593.91, "Plan Rows": 1304518, "Plan Width": 28, "Inner Unique": true, "Join Filter": "(ct.id = mc.company_type_id), (LLVM Optimized)", "Plans": [{"Node Type": "Index Scan", "Parent Relationship": "Outer", "Scan Direction": "Forward", "Index Name": "movie_id_movie_companies", "Relation Name": "movie_companies", "Alias": "mc", "Startup Cost": 10000000000.0, "Total Cost": 1000013704228.13, "Plan Rows": 2609035, "Plan Width": 32, "Filter": "((note)::text !~~ '%(as Metro-Goldwyn-Mayer Pictures)%'::text), (LLVM Optimized)"}, {"Node Type": "Materialize", "Parent Relationship": "Inner", "Startup Cost": 10000000000.0, "Total Cost": 1000000001230.26, "Plan Rows": 1, "Plan Width": 4, "Plans": [{"Node Type": "Index Scan", "Parent Relationship": "Outer", "Scan Direction": "Forward", "Index Name": "company_type_pkey", "Relation Name": "company_type", "Alias": "ct", "Startup Cost": 10000000000.0, "Total Cost": 1000000001230.25, "Plan Rows": 1, "Plan Width": 4, "Filter": "((kind)::text = 'production companies'::text)"}]}]}, {"Node Type": "Materialize", "Parent Relationship": "Inner", "Startup Cost": 30000000000.0, "Total Cost": 3003739104514.63, "Plan Rows": 396404, "Plan Width": 29, "Plans": [{"Node Type": "Nested Loop", "Parent Relationship": "Outer", "Join Type": "Inner", "Startup Cost": 30000000000.0, "Total Cost": 3003739102532.61, "Plan Rows": 396404, "Plan Width": 29, "Inner Unique": false, "Join Filter": "(mi_idx.movie_id = t.id), (LLVM Optimized)", "Plans": [{"Node Type": "Index Scan", "Parent Relationship": "Outer", "Scan Direction": "Forward", "Index Name": "title_pkey", "Relation Name": "title", "Alias": "t", "Startup Cost": 10000000000.0, "Total Cost": 1000012276204.41, "Plan Rows": 719240, "Plan Width": 25, "Filter": "((production_year >= 2005) AND (production_year <= 2010)), (LLVM Optimized)"}, {"Node Type": "Materialize", "Parent Relationship": "Inner", "Startup Cost": 20000000000.0, "Total Cost": 2000004673881.92, "Plan Rows": 345008, "Plan Width": 4, "Plans": [{"Node Type": "Nested Loop", "Parent Relationship": "Outer", "Join Type": "Inner", "Startup Cost": 20000000000.0, "Total Cost": 2000004672156.88, "Plan Rows": 345008, "Plan Width": 4, "Inner Unique": true, "Join Filter": "(it.id = mi_idx.info_type_id), (LLVM Optimized)", "Plans": [{"Node Type": "Index Scan", "Parent Relationship": "Outer", "Scan Direction": "Forward", "Index Name": "movie_id_movie_info_idx", "Relation Name": "movie_info_idx", "Alias": "mi_idx", "Startup Cost": 10000000000.0, "Total Cost": 1000004650035.37, "Plan Rows": 1380034, "Plan Width": 8}, {"Node Type": "Materialize", "Parent Relationship": "Inner", "Startup Cost": 10000000000.0, "Total Cost": 1000000001421.0, "Plan Rows": 1, "Plan Width": 4, "Plans": [{"Node Type": "Index Scan", "Parent Relationship": "Outer", "Scan Direction": "Forward", "Index Name": "info_type_pkey", "Relation Name": "info_type", "Alias": "it", "Startup Cost": 10000000000.0, "Total Cost": 1000000001421.0, "Plan Rows": 1, "Plan Width": 4, "Filter": "((info)::text = 'bottom 10 rank'::text)"}]}]}]}]}]}]}]}, "Unique SQL Id": 1162488282, "Planner Runtime": 5}, "explain_analyze_plan": null}, "(16, '44')": {"explain_plan": {"Plan": {"Node Type": "Aggregate", "Strategy": "Plain", "Startup Cost": 157102.83, "Total Cost": 157102.86, "Plan Rows": 1, "Plan Width": 113, "Plans": [{"Node Type": "Streaming(type: LOCAL GATHER dop: 1/16)", "Parent Relationship": "Outer", "Startup Cost": 157102.83, "Total Cost": 157102.86, "Plan Rows": 1, "Plan Width": 113, "Plans": [{"Node Type": "Aggregate", "Strategy": "Plain", "Parent Relationship": "Outer", "Startup Cost": 157102.83, "Total Cost": 157102.84, "Plan Rows": 1, "Plan Width": 113, "Plans": [{"Node Type": "Hash Join", "Parent Relationship": "Outer", "Join Type": "Inner", "Startup Cost": 55372.13, "Total Cost": 153746.81, "Plan Rows": 447470, "Plan Width": 45, "Inner Unique": false, "Hash Cond": "(t.id = mc.movie_id), (LLVM Optimized)", "Plans": [{"Node Type": "Streaming(type: BROADCAST dop: 16/16)", "Parent Relationship": "Outer", "Startup Cost": 20106.32, "Total Cost": 114115.76, "Plan Rows": 6342464, "Plan Width": 29, "Plans": [{"Node Type": "Hash Join", "Parent Relationship": "Outer", "Join Type": "Inner", "Startup Cost": 20106.32, "Total Cost": 83011.85, "Plan Rows": 396404, "Plan Width": 29, "Inner Unique": true, "Hash Cond": "(mi_idx.movie_id = t.id), (LLVM Optimized)", "Plans": [{"Node Type": "Streaming(type: BROADCAST dop: 16/16)", "Parent Relationship": "Outer", "Startup Cost": 0.0, "Total Cost": 61363.99, "Plan Rows": 5520128, "Plan Width": 4, "Plans": [{"Node Type": "Nested Loop", "Parent Relationship": "Outer", "Join Type": "Inner", "Startup Cost": 0.0, "Total Cost": 32348.04, "Plan Rows": 345008, "Plan Width": 4, "Inner Unique": false, "Join Filter": "(it.id = mi_idx.info_type_id), (LLVM Optimized)", "Plans": [{"Node Type": "Streaming(type: BROADCAST dop: 16/1)", "Parent Relationship": "Outer", "Startup Cost": 0.0, "Total Cost": 15002.75, "Plan Rows": 16, "Plan Width": 4, "Plans": [{"Node Type": "Seq Scan", "Parent Relationship": "Outer", "Relation Name": "info_type", "Alias": "it", "Startup Cost": 0.0, "Total Cost": 2.4, "Plan Rows": 1, "Plan Width": 4, "Filter": "((info)::text = 'bottom 10 rank'::text)"}]}, {"Node Type": "Seq Scan", "Parent Relationship": "Inner", "Relation Name": "movie_info_idx", "Alias": "mi_idx", "Startup Cost": 0.0, "Total Cost": 16267.15, "Plan Rows": 1380034, "Plan Width": 8}]}]}, {"Node Type": "Hash", "Parent Relationship": "Inner", "Startup Cost": 19544.42, "Total Cost": 19544.42, "Plan Rows": 719240, "Plan Width": 25, "Plans": [{"Node Type": "Seq Scan", "Parent Relationship": "Outer", "Relation Name": "title", "Alias": "t", "Startup Cost": 554.15, "Total Cost": 19544.42, "Plan Rows": 719240, "Plan Width": 25, "Filter": "((production_year >= 2005) AND (production_year <= 2010)), (LLVM Optimized)"}]}]}]}, {"Node Type": "Hash", "Parent Relationship": "Inner", "Startup Cost": 34246.65, "Total Cost": 34246.65, "Plan Rows": 1304518, "Plan Width": 28, "Plans": [{"Node Type": "Hash Join", "Parent Relationship": "Outer", "Join Type": "Inner", "Startup Cost": 15001.4, "Total Cost": 34246.65, "Plan Rows": 1304518, "Plan Width": 28, "Inner Unique": true, "Hash Cond": "(mc.company_type_id = ct.id), (LLVM Optimized)", "Plans": [{"Node Type": "Seq Scan", "Parent Relationship": "Outer", "Relation Name": "movie_companies", "Alias": "mc", "Startup Cost": 0.0, "Total Cost": 18021.26, "Plan Rows": 2609035, "Plan Width": 32, "Filter": "((note)::text !~~ '%(as Metro-Goldwyn-Mayer Pictures)%'::text), (LLVM Optimized)"}, {"Node Type": "Hash", "Parent Relationship": "Inner", "Startup Cost": 15001.38, "Total Cost": 15001.38, "Plan Rows": 16, "Plan Width": 4, "Plans": [{"Node Type": "Streaming(type: BROADCAST dop: 16/1)", "Parent Relationship": "Outer", "Startup Cost": 0.0, "Total Cost": 15001.38, "Plan Rows": 16, "Plan Width": 4, "Plans": [{"Node Type": "Seq Scan", "Parent Relationship": "Outer", "Relation Name": "company_type", "Alias": "ct", "Startup Cost": 0.0, "Total Cost": 1.04, "Plan Rows": 1, "Plan Width": 4, "Filter": "((kind)::text = 'production companies'::text)"}]}]}]}]}]}]}]}]}, "Unique SQL Id": 1162488282, "Planner Runtime": 22}, "explain_analyze_plan": {"Plan": {"Node Type": "Aggregate", "Strategy": "Plain", "Startup Cost": 157102.83, "Total Cost": 157102.86, "Plan Rows": 1, "Plan Width": 113, "Actual Min Startup Time": 245.945, "Actual Max Startup Time": 245.945, "Actual Min Total Time": 245.945, "Actual Max Total Time": 245.945, "Plans": [{"Node Type": "Streaming(type: LOCAL GATHER dop: 1/16)", "Parent Relationship": "Outer", "Startup Cost": 157102.83, "Total Cost": 157102.86, "Plan Rows": 1, "Plan Width": 113, "Actual Min Startup Time": 245.778, "Actual Max Startup Time": 245.778, "Actual Min Total Time": 245.931, "Actual Max Total Time": 245.931, "Plans": [{"Node Type": "Aggregate", "Strategy": "Plain", "Parent Relationship": "Outer", "Startup Cost": 157102.83, "Total Cost": 157102.84, "Plan Rows": 1, "Plan Width": 113, "Actual Min Startup Time": 86.896, "Actual Max Startup Time": 153.253, "Actual Min Total Time": 86.896, "Actual Max Total Time": 153.253, "Plans": [{"Node Type": "Hash Join", "Parent Relationship": "Outer", "Join Type": "Inner", "Startup Cost": 55372.13, "Total Cost": 153746.81, "Plan Rows": 447470, "Plan Width": 45, "Actual Min Startup Time": 86.889, "Actual Max Startup Time": 153.248, "Actual Min Total Time": 86.889, "Actual Max Total Time": 153.248, "Inner Unique": false, "Hash Cond": "(t.id = mc.movie_id), (LLVM Optimized)", "Plans": [{"Node Type": "Streaming(type: BROADCAST dop: 16/16)", "Parent Relationship": "Outer", "Startup Cost": 20106.32, "Total Cost": 114115.76, "Plan Rows": 6342464, "Plan Width": 29, "Actual Min Startup Time": 0.025, "Actual Max Startup Time": 23.382, "Actual Min Total Time": 2.705, "Actual Max Total Time": 69.913, "Plans": [{"Node Type": "Hash Join", "Parent Relationship": "Outer", "Join Type": "Inner", "Startup Cost": 20106.32, "Total Cost": 83011.85, "Plan Rows": 396404, "Plan Width": 29, "Actual Min Startup Time": 78.564, "Actual Max Startup Time": 121.165, "Actual Min Total Time": 78.564, "Actual Max Total Time": 121.165, "Inner Unique": true, "Hash Cond": "(mi_idx.movie_id = t.id), (LLVM Optimized)", "Plans": [{"Node Type": "Streaming(type: BROADCAST dop: 16/16)", "Parent Relationship": "Outer", "Startup Cost": 0.0, "Total Cost": 61363.99, "Plan Rows": 5520128, "Plan Width": 4, "Actual Min Startup Time": 0.027, "Actual Max Startup Time": 41.412, "Actual Min Total Time": 0.028, "Actual Max Total Time": 41.413, "Plans": [{"Node Type": "Nested Loop", "Parent Relationship": "Outer", "Join Type": "Inner", "Startup Cost": 0.0, "Total Cost": 32348.04, "Plan Rows": 345008, "Plan Width": 4, "Actual Min Startup Time": 34.827, "Actual Max Startup Time": 41.188, "Actual Min Total Time": 34.827, "Actual Max Total Time": 41.196, "Inner Unique": false, "Join Filter": "(it.id = mi_idx.info_type_id), (LLVM Optimized)", "Rows Removed by Join Filter": 1380024, "Plans": [{"Node Type": "Streaming(type: BROADCAST dop: 16/1)", "Parent Relationship": "Outer", "Startup Cost": 0.0, "Total Cost": 15002.75, "Plan Rows": 16, "Plan Width": 4, "Actual Min Startup Time": 0.003, "Actual Max Startup Time": 0.01, "Actual Min Total Time": 0.005, "Actual Max Total Time": 0.011, "Plans": [{"Node Type": "Seq Scan", "Parent Relationship": "Outer", "Relation Name": "info_type", "Alias": "it", "Startup Cost": 0.0, "Total Cost": 2.4, "Plan Rows": 1, "Plan Width": 4, "Actual Min Startup Time": 0.059, "Actual Max Startup Time": 0.059, "Actual Min Total Time": 0.061, "Actual Max Total Time": 0.061, "Filter": "((info)::text = 'bottom 10 rank'::text)", "Rows Removed by Filter": 111, "Actual Rows": 1}], "Actual Rows": 16}, {"Node Type": "Seq Scan", "Parent Relationship": "Inner", "Relation Name": "movie_info_idx", "Alias": "mi_idx", "Startup Cost": 0.0, "Total Cost": 16267.15, "Plan Rows": 1380034, "Plan Width": 8, "Actual Min Startup Time": 0.032, "Actual Max Startup Time": 0.059, "Actual Min Total Time": 18.617, "Actual Max Total Time": 22.027, "Actual Rows": 1380034}], "Actual Rows": 10}], "Actual Rows": 160}, {"Node Type": "Hash", "Parent Relationship": "Inner", "Startup Cost": 19544.42, "Total Cost": 19544.42, "Plan Rows": 719240, "Plan Width": 25, "Actual Min Startup Time": 78.449, "Actual Max Startup Time": 87.352, "Actual Min Total Time": 78.449, "Actual Max Total Time": 87.352, "Max Hash Buckets": 65536, "Min Hash Buckets": 65536, "Max Hash Batches": 1, "Min Hash Batches": 1, "Max Original Hash Batches": 1, "Min Original Hash Batches": 1, "Max Peak Memory Usage": 2621, "min Peak Memory Usage": 2621, "Plans": [{"Node Type": "Seq Scan", "Parent Relationship": "Outer", "Relation Name": "title", "Alias": "t", "Startup Cost": 554.15, "Total Cost": 19544.42, "Plan Rows": 719240, "Plan Width": 25, "Actual Min Startup Time": 0.024, "Actual Max Startup Time": 0.057, "Actual Min Total Time": 64.592, "Actual Max Total Time": 72.483, "Filter": "((production_year >= 2005) AND (production_year <= 2010)), (LLVM Optimized)", "Rows Removed by Filter": 1812052, "Actual Rows": 716259}], "Actual Rows": 716259}], "Actual Rows": 4}], "Actual Rows": 64}, {"Node Type": "Hash", "Parent Relationship": "Inner", "Startup Cost": 34246.65, "Total Cost": 34246.65, "Plan Rows": 1304518, "Plan Width": 28, "Actual Min Startup Time": 77.643, "Actual Max Startup Time": 88.71, "Actual Min Total Time": 77.643, "Actual Max Total Time": 88.71, "Max Hash Buckets": 131072, "Min Hash Buckets": 131072, "Max Hash Batches": 1, "Min Hash Batches": 1, "Max Original Hash Batches": 1, "Min Original Hash Batches": 1, "Max Peak Memory Usage": 488, "min Peak Memory Usage": 488, "Plans": [{"Node Type": "Hash Join", "Parent Relationship": "Outer", "Join Type": "Inner", "Startup Cost": 15001.4, "Total Cost": 34246.65, "Plan Rows": 1304518, "Plan Width": 28, "Actual Min Startup Time": 49.718, "Actual Max Startup Time": 56.798, "Actual Min Total Time": 74.609, "Actual Max Total Time": 84.701, "Inner Unique": true, "Hash Cond": "(mc.company_type_id = ct.id), (LLVM Optimized)", "Plans": [{"Node Type": "Seq Scan", "Parent Relationship": "Outer", "Relation Name": "movie_companies", "Alias": "mc", "Startup Cost": 0.0, "Total Cost": 18021.26, "Plan Rows": 2609035, "Plan Width": 32, "Actual Min Startup Time": 0.04, "Actual Max Startup Time": 0.067, "Actual Min Total Time": 59.729, "Actual Max Total Time": 66.952, "Filter": "((note)::text !~~ '%(as Metro-Goldwyn-Mayer Pictures)%'::text), (LLVM Optimized)", "Rows Removed by Filter": 1272041, "Actual Rows": 1337087}, {"Node Type": "Hash", "Parent Relationship": "Inner", "Startup Cost": 15001.38, "Total Cost": 15001.38, "Plan Rows": 16, "Plan Width": 4, "Actual Min Startup Time": 0.01, "Actual Max Startup Time": 0.026, "Actual Min Total Time": 0.01, "Actual Max Total Time": 0.026, "Max Hash Buckets": 32768, "Min Hash Buckets": 32768, "Max Hash Batches": 1, "Min Hash Batches": 1, "Max Original Hash Batches": 1, "Min Original Hash Batches": 1, "Max Peak Memory Usage": 1, "min Peak Memory Usage": 1, "Plans": [{"Node Type": "Streaming(type: BROADCAST dop: 16/1)", "Parent Relationship": "Outer", "Startup Cost": 0.0, "Total Cost": 15001.38, "Plan Rows": 16, "Plan Width": 4, "Actual Min Startup Time": 0.003, "Actual Max Startup Time": 0.008, "Actual Min Total Time": 0.003, "Actual Max Total Time": 0.009, "Plans": [{"Node Type": "Seq Scan", "Parent Relationship": "Outer", "Relation Name": "company_type", "Alias": "ct", "Startup Cost": 0.0, "Total Cost": 1.04, "Plan Rows": 1, "Plan Width": 4, "Actual Min Startup Time": 0.035, "Actual Max Startup Time": 0.035, "Actual Min Total Time": 0.038, "Actual Max Total Time": 0.038, "Filter": "((kind)::text = 'production companies'::text)", "Rows Removed by Filter": 2, "Actual Rows": 1}], "Actual Rows": 16}], "Actual Rows": 16}], "Actual Rows": 140904}], "Actual Rows": 140904}], "Actual Rows": 3}], "Actual Rows": 16}], "Actual Rows": 16}], "Actual Rows": 1}, "Triggers": [], "Planner Runtime": 24.667, "Total Runtime": 267.123, "Unique SQL Id": 1162488282}}, "(16, '45')": {"explain_plan": {"Plan": {"Node Type": "Aggregate", "Strategy": "Plain", "Startup Cost": 250949.83, "Total Cost": 250949.86, "Plan Rows": 1, "Plan Width": 113, "Plans": [{"Node Type": "Streaming(type: LOCAL GATHER dop: 1/16)", "Parent Relationship": "Outer", "Startup Cost": 250949.83, "Total Cost": 250949.86, "Plan Rows": 1, "Plan Width": 113, "Plans": [{"Node Type": "Aggregate", "Strategy": "Plain", "Parent Relationship": "Outer", "Startup Cost": 250949.83, "Total Cost": 250949.84, "Plan Rows": 1, "Plan Width": 113, "Plans": [{"Node Type": "Nested Loop", "Parent Relationship": "Outer", "Join Type": "Inner", "Startup Cost": 156012.91, "Total Cost": 247593.8, "Plan Rows": 447470, "Plan Width": 45, "Inner Unique": false, "Join Filter": "(mc.company_type_id = ct.id), (LLVM Optimized)", "Plans": [{"Node Type": "Streaming(type: BROADCAST dop: 16/1)", "Parent Relationship": "Outer", "Startup Cost": 0.0, "Total Cost": 15012.65, "Plan Rows": 16, "Plan Width": 4, "Plans": [{"Node Type": "Index Scan", "Parent Relationship": "Outer", "Scan Direction": "Forward", "Index Name": "company_type_pkey", "Relation Name": "company_type", "Alias": "ct", "Startup Cost": 0.0, "Total Cost": 12.3, "Plan Rows": 1, "Plan Width": 4, "Filter": "((kind)::text = 'production companies'::text)"}]}, {"Node Type": "Materialize", "Parent Relationship": "Inner", "Startup Cost": 156012.91, "Total Cost": 233525.09, "Plan Rows": 549199, "Plan Width": 49, "Plans": [{"Node Type": "Hash Join", "Parent Relationship": "Outer", "Join Type": "Inner", "Startup Cost": 156012.91, "Total Cost": 232152.09, "Plan Rows": 549199, "Plan Width": 49, "Inner Unique": false, "Hash Cond": "(t.id = mc.movie_id), (LLVM Optimized)", "Plans": [{"Node Type": "Streaming(type: LOCAL REDISTRIBUTE dop: 16/1)", "Parent Relationship": "Outer", "Startup Cost": 126720.83, "Total Cost": 201800.13, "Plan Rows": 396404, "Plan Width": 29, "Plans": [{"Node Type": "Hash Join", "Parent Relationship": "Outer", "Join Type": "Inner", "Startup Cost": 126720.83, "Total Cost": 170316.85, "Plan Rows": 396404, "Plan Width": 29, "Inner Unique": true, "Hash Cond": "(mi_idx.movie_id = t.id), (LLVM Optimized)", "Plans": [{"Node Type": "Nested Loop", "Parent Relationship": "Outer", "Join Type": "Inner", "Startup Cost": 0.0, "Total Cost": 38338.2, "Plan Rows": 345008, "Plan Width": 4, "Inner Unique": false, "Plans": [{"Node Type": "Index Scan", "Parent Relationship": "Outer", "Scan Direction": "Forward", "Index Name": "info_type_pkey", "Relation Name": "info_type", "Alias": "it", "Startup Cost": 0.0, "Total Cost": 14.21, "Plan Rows": 1, "Plan Width": 4, "Filter": "((info)::text = 'bottom 10 rank'::text)"}, {"Node Type": "Index Scan", "Parent Relationship": "Inner", "Scan Direction": "Forward", "Index Name": "info_type_id_movie_info_idx", "Relation Name": "movie_info_idx", "Alias": "mi_idx", "Startup Cost": 0.0, "Total Cost": 34873.91, "Plan Rows": 345008, "Plan Width": 8, "Index Cond": "(info_type_id = it.id), (LLVM Optimized)"}]}, {"Node Type": "Hash", "Parent Relationship": "Inner", "Startup Cost": 117730.33, "Total Cost": 117730.33, "Plan Rows": 719240, "Plan Width": 25, "Plans": [{"Node Type": "Streaming(type: LOCAL GATHER dop: 1/16)", "Parent Relationship": "Outer", "Startup Cost": 0.0, "Total Cost": 117730.33, "Plan Rows": 719240, "Plan Width": 25, "Plans": [{"Node Type": "Index Scan", "Parent Relationship": "Outer", "Scan Direction": "Forward", "Index Name": "title_pkey", "Relation Name": "title", "Alias": "t", "Startup Cost": 0.0, "Total Cost": 102207.67, "Plan Rows": 719240, "Plan Width": 25, "Filter": "((production_year >= 2005) AND (production_year <= 2010)), (LLVM Optimized)"}]}]}]}]}, {"Node Type": "Hash", "Parent Relationship": "Inner", "Startup Cost": 109015.07, "Total Cost": 109015.07, "Plan Rows": 2609035, "Plan Width": 32, "Plans": [{"Node Type": "Streaming(type: LOCAL REDISTRIBUTE dop: 16/16)", "Parent Relationship": "Outer", "Startup Cost": 0.0, "Total Cost": 109015.07, "Plan Rows": 2609035, "Plan Width": 32, "Plans": [{"Node Type": "Index Scan", "Parent Relationship": "Outer", "Scan Direction": "Forward", "Index Name": "company_type_id_movie_companies", "Relation Name": "movie_companies", "Alias": "mc", "Startup Cost": 0.0, "Total Cost": 84129.27, "Plan Rows": 2609035, "Plan Width": 32, "Filter": "((note)::text !~~ '%(as Metro-Goldwyn-Mayer Pictures)%'::text), (LLVM Optimized)"}]}]}]}]}]}]}]}]}, "Unique SQL Id": 1162488282, "Planner Runtime": 15}, "explain_analyze_plan": {"Plan": {"Node Type": "Aggregate", "Strategy": "Plain", "Startup Cost": 250949.83, "Total Cost": 250949.86, "Plan Rows": 1, "Plan Width": 113, "Actual Min Startup Time": 757.018, "Actual Max Startup Time": 757.018, "Actual Min Total Time": 757.018, "Actual Max Total Time": 757.018, "Plans": [{"Node Type": "Streaming(type: LOCAL GATHER dop: 1/16)", "Parent Relationship": "Outer", "Startup Cost": 250949.83, "Total Cost": 250949.86, "Plan Rows": 1, "Plan Width": 113, "Actual Min Startup Time": 755.212, "Actual Max Startup Time": 755.212, "Actual Min Total Time": 757.004, "Actual Max Total Time": 757.004, "Plans": [{"Node Type": "Aggregate", "Strategy": "Plain", "Parent Relationship": "Outer", "Startup Cost": 250949.83, "Total Cost": 250949.84, "Plan Rows": 1, "Plan Width": 113, "Actual Min Startup Time": 605.855, "Actual Max Startup Time": 673.528, "Actual Min Total Time": 605.856, "Actual Max Total Time": 673.528, "Plans": [{"Node Type": "Nested Loop", "Parent Relationship": "Outer", "Join Type": "Inner", "Startup Cost": 156012.91, "Total Cost": 247593.8, "Plan Rows": 447470, "Plan Width": 45, "Actual Min Startup Time": 605.847, "Actual Max Startup Time": 673.521, "Actual Min Total Time": 605.847, "Actual Max Total Time": 673.521, "Inner Unique": false, "Join Filter": "(mc.company_type_id = ct.id), (LLVM Optimized, Jit Execute)", "Rows Removed by Join Filter": 63, "Plans": [{"Node Type": "Streaming(type: BROADCAST dop: 16/1)", "Parent Relationship": "Outer", "Startup Cost": 0.0, "Total Cost": 15012.65, "Plan Rows": 16, "Plan Width": 4, "Actual Min Startup Time": 0.003, "Actual Max Startup Time": 0.007, "Actual Min Total Time": 0.003, "Actual Max Total Time": 0.008, "Plans": [{"Node Type": "Index Scan", "Parent Relationship": "Outer", "Scan Direction": "Forward", "Index Name": "company_type_pkey", "Relation Name": "company_type", "Alias": "ct", "Startup Cost": 0.0, "Total Cost": 12.3, "Plan Rows": 1, "Plan Width": 4, "Actual Min Startup Time": 0.051, "Actual Max Startup Time": 0.051, "Actual Min Total Time": 0.056, "Actual Max Total Time": 0.056, "Filter": "((kind)::text = 'production companies'::text)", "Rows Removed by Filter": 2, "Actual Rows": 1}], "Actual Rows": 16}, {"Node Type": "Materialize", "Parent Relationship": "Inner", "Startup Cost": 156012.91, "Total Cost": 233525.09, "Plan Rows": 549199, "Plan Width": 49, "Actual Min Startup Time": 605.242, "Actual Max Startup Time": 672.833, "Actual Min Total Time": 605.242, "Actual Max Total Time": 672.833, "Plans": [{"Node Type": "Hash Join", "Parent Relationship": "Outer", "Join Type": "Inner", "Startup Cost": 156012.91, "Total Cost": 232152.09, "Plan Rows": 549199, "Plan Width": 49, "Actual Min Startup Time": 605.237, "Actual Max Startup Time": 672.814, "Actual Min Total Time": 605.237, "Actual Max Total Time": 672.818, "Inner Unique": false, "Hash Cond": "(t.id = mc.movie_id), (LLVM Optimized, Jit Execute)", "Plans": [{"Node Type": "Streaming(type: LOCAL REDISTRIBUTE dop: 16/1)", "Parent Relationship": "Outer", "Startup Cost": 126720.83, "Total Cost": 201800.13, "Plan Rows": 396404, "Plan Width": 29, "Actual Min Startup Time": 310.316, "Actual Max Startup Time": 310.376, "Actual Min Total Time": 310.318, "Actual Max Total Time": 310.376, "Plans": [{"Node Type": "Hash Join", "Parent Relationship": "Outer", "Join Type": "Inner", "Startup Cost": 126720.83, "Total Cost": 170316.85, "Plan Rows": 396404, "Plan Width": 29, "Actual Min Startup Time": 615.478, "Actual Max Startup Time": 615.478, "Actual Min Total Time": 615.487, "Actual Max Total Time": 615.487, "Inner Unique": true, "Hash Cond": "(mi_idx.movie_id = t.id), (LLVM Optimized, Jit Execute)", "Plans": [{"Node Type": "Nested Loop", "Parent Relationship": "Outer", "Join Type": "Inner", "Startup Cost": 0.0, "Total Cost": 38338.2, "Plan Rows": 345008, "Plan Width": 4, "Actual Min Startup Time": 0.158, "Actual Max Startup Time": 0.158, "Actual Min Total Time": 0.167, "Actual Max Total Time": 0.167, "Inner Unique": false, "Plans": [{"Node Type": "Index Scan", "Parent Relationship": "Outer", "Scan Direction": "Forward", "Index Name": "info_type_pkey", "Relation Name": "info_type", "Alias": "it", "Startup Cost": 0.0, "Total Cost": 14.21, "Plan Rows": 1, "Plan Width": 4, "Actual Min Startup Time": 0.121, "Actual Max Startup Time": 0.121, "Actual Min Total Time": 0.121, "Actual Max Total Time": 0.121, "Filter": "((info)::text = 'bottom 10 rank'::text)", "Rows Removed by Filter": 111, "Actual Rows": 1}, {"Node Type": "Index Scan", "Parent Relationship": "Inner", "Scan Direction": "Forward", "Index Name": "info_type_id_movie_info_idx", "Relation Name": "movie_info_idx", "Alias": "mi_idx", "Startup Cost": 0.0, "Total Cost": 34873.91, "Plan Rows": 345008, "Plan Width": 8, "Actual Min Startup Time": 0.029, "Actual Max Startup Time": 0.029, "Actual Min Total Time": 0.035, "Actual Max Total Time": 0.035, "Index Cond": "(info_type_id = it.id), (LLVM Optimized, Jit Execute)", "Rows Removed by Index Recheck": 0, "Actual Rows": 10}], "Actual Rows": 10}, {"Node Type": "Hash", "Parent Relationship": "Inner", "Startup Cost": 117730.33, "Total Cost": 117730.33, "Plan Rows": 719240, "Plan Width": 25, "Actual Min Startup Time": 614.649, "Actual Max Startup Time": 614.649, "Actual Min Total Time": 614.649, "Actual Max Total Time": 614.649, "Max Hash Buckets": 1048576, "Min Hash Buckets": 1048576, "Max Hash Batches": 1, "Min Hash Batches": 1, "Max Original Hash Batches": 1, "Min Original Hash Batches": 1, "Max Peak Memory Usage": 41052, "min Peak Memory Usage": 41052, "Plans": [{"Node Type": "Streaming(type: LOCAL GATHER dop: 1/16)", "Parent Relationship": "Outer", "Startup Cost": 0.0, "Total Cost": 117730.33, "Plan Rows": 719240, "Plan Width": 25, "Actual Min Startup Time": 0.06, "Actual Max Startup Time": 0.06, "Actual Min Total Time": 390.483, "Actual Max Total Time": 390.483, "Plans": [{"Node Type": "Index Scan", "Parent Relationship": "Outer", "Scan Direction": "Forward", "Index Name": "title_pkey", "Relation Name": "title", "Alias": "t", "Startup Cost": 0.0, "Total Cost": 102207.67, "Plan Rows": 719240, "Plan Width": 25, "Actual Min Startup Time": 0.037, "Actual Max Startup Time": 17.749, "Actual Min Total Time": 234.299, "Actual Max Total Time": 307.682, "Filter": "((production_year >= 2005) AND (production_year <= 2010)), (LLVM Optimized, Jit Execute)", "Rows Removed by Filter": 1812052, "Actual Rows": 716259}], "Actual Rows": 716259}], "Actual Rows": 716259}], "Actual Rows": 4}], "Actual Rows": 4}, {"Node Type": "Hash", "Parent Relationship": "Inner", "Startup Cost": 109015.07, "Total Cost": 109015.07, "Plan Rows": 2609035, "Plan Width": 32, "Actual Min Startup Time": 294.558, "Actual Max Startup Time": 362.247, "Actual Min Total Time": 294.558, "Actual Max Total Time": 362.247, "Max Hash Buckets": 262144, "Min Hash Buckets": 262144, "Max Hash Batches": 1, "Min Hash Batches": 1, "Max Original Hash Batches": 1, "Min Original Hash Batches": 1, "Max Peak Memory Usage": 5435, "min Peak Memory Usage": 5435, "Plans": [{"Node Type": "Streaming(type: LOCAL REDISTRIBUTE dop: 16/16)", "Parent Relationship": "Outer", "Startup Cost": 0.0, "Total Cost": 109015.07, "Plan Rows": 2609035, "Plan Width": 32, "Actual Min Startup Time": 0.05, "Actual Max Startup Time": 57.315, "Actual Min Total Time": 270.812, "Actual Max Total Time": 338.266, "Plans": [{"Node Type": "Index Scan", "Parent Relationship": "Outer", "Scan Direction": "Forward", "Index Name": "company_type_id_movie_companies", "Relation Name": "movie_companies", "Alias": "mc", "Startup Cost": 0.0, "Total Cost": 84129.27, "Plan Rows": 2609035, "Plan Width": 32, "Actual Min Startup Time": 0.049, "Actual Max Startup Time": 21.129, "Actual Min Total Time": 76.669, "Actual Max Total Time": 165.272, "Filter": "((note)::text !~~ '%(as Metro-Goldwyn-Mayer Pictures)%'::text), (LLVM Optimized, Jit Execute)", "Rows Removed by Filter": 1272041, "Actual Rows": 1337087}], "Actual Rows": 1337087}], "Actual Rows": 1337087}], "Actual Rows": 66}], "Actual Rows": 70}], "Actual Rows": 3}], "Actual Rows": 16}], "Actual Rows": 16}], "Actual Rows": 1}, "Triggers": [], "Planner Runtime": 18.051, "Total Runtime": 777.036, "Unique SQL Id": 1162488282}}, "(16, '46')": {"explain_plan": {"Plan": {"Node Type": "Aggregate", "Strategy": "Plain", "Startup Cost": 157102.83, "Total Cost": 157102.86, "Plan Rows": 1, "Plan Width": 113, "Plans": [{"Node Type": "Streaming(type: LOCAL GATHER dop: 1/16)", "Parent Relationship": "Outer", "Startup Cost": 157102.83, "Total Cost": 157102.86, "Plan Rows": 1, "Plan Width": 113, "Plans": [{"Node Type": "Aggregate", "Strategy": "Plain", "Parent Relationship": "Outer", "Startup Cost": 157102.83, "Total Cost": 157102.84, "Plan Rows": 1, "Plan Width": 113, "Plans": [{"Node Type": "Hash Join", "Parent Relationship": "Outer", "Join Type": "Inner", "Startup Cost": 55372.13, "Total Cost": 153746.81, "Plan Rows": 447470, "Plan Width": 45, "Inner Unique": false, "Hash Cond": "(t.id = mc.movie_id), (LLVM Optimized)", "Plans": [{"Node Type": "Streaming(type: BROADCAST dop: 16/16)", "Parent Relationship": "Outer", "Startup Cost": 20106.32, "Total Cost": 114115.76, "Plan Rows": 6342464, "Plan Width": 29, "Plans": [{"Node Type": "Hash Join", "Parent Relationship": "Outer", "Join Type": "Inner", "Startup Cost": 20106.32, "Total Cost": 83011.85, "Plan Rows": 396404, "Plan Width": 29, "Inner Unique": true, "Hash Cond": "(mi_idx.movie_id = t.id), (LLVM Optimized)", "Plans": [{"Node Type": "Streaming(type: BROADCAST dop: 16/16)", "Parent Relationship": "Outer", "Startup Cost": 0.0, "Total Cost": 61363.99, "Plan Rows": 5520128, "Plan Width": 4, "Plans": [{"Node Type": "Nested Loop", "Parent Relationship": "Outer", "Join Type": "Inner", "Startup Cost": 0.0, "Total Cost": 32348.04, "Plan Rows": 345008, "Plan Width": 4, "Inner Unique": false, "Join Filter": "(it.id = mi_idx.info_type_id), (LLVM Optimized)", "Plans": [{"Node Type": "Streaming(type: BROADCAST dop: 16/1)", "Parent Relationship": "Outer", "Startup Cost": 0.0, "Total Cost": 15002.75, "Plan Rows": 16, "Plan Width": 4, "Plans": [{"Node Type": "Seq Scan", "Parent Relationship": "Outer", "Relation Name": "info_type", "Alias": "it", "Startup Cost": 0.0, "Total Cost": 2.4, "Plan Rows": 1, "Plan Width": 4, "Filter": "((info)::text = 'bottom 10 rank'::text)"}]}, {"Node Type": "Seq Scan", "Parent Relationship": "Inner", "Relation Name": "movie_info_idx", "Alias": "mi_idx", "Startup Cost": 0.0, "Total Cost": 16267.15, "Plan Rows": 1380034, "Plan Width": 8}]}]}, {"Node Type": "Hash", "Parent Relationship": "Inner", "Startup Cost": 19544.42, "Total Cost": 19544.42, "Plan Rows": 719240, "Plan Width": 25, "Plans": [{"Node Type": "Seq Scan", "Parent Relationship": "Outer", "Relation Name": "title", "Alias": "t", "Startup Cost": 554.15, "Total Cost": 19544.42, "Plan Rows": 719240, "Plan Width": 25, "Filter": "((production_year >= 2005) AND (production_year <= 2010)), (LLVM Optimized)"}]}]}]}, {"Node Type": "Hash", "Parent Relationship": "Inner", "Startup Cost": 34246.65, "Total Cost": 34246.65, "Plan Rows": 1304518, "Plan Width": 28, "Plans": [{"Node Type": "Hash Join", "Parent Relationship": "Outer", "Join Type": "Inner", "Startup Cost": 15001.4, "Total Cost": 34246.65, "Plan Rows": 1304518, "Plan Width": 28, "Inner Unique": true, "Hash Cond": "(mc.company_type_id = ct.id), (LLVM Optimized)", "Plans": [{"Node Type": "Seq Scan", "Parent Relationship": "Outer", "Relation Name": "movie_companies", "Alias": "mc", "Startup Cost": 0.0, "Total Cost": 18021.26, "Plan Rows": 2609035, "Plan Width": 32, "Filter": "((note)::text !~~ '%(as Metro-Goldwyn-Mayer Pictures)%'::text), (LLVM Optimized)"}, {"Node Type": "Hash", "Parent Relationship": "Inner", "Startup Cost": 15001.38, "Total Cost": 15001.38, "Plan Rows": 16, "Plan Width": 4, "Plans": [{"Node Type": "Streaming(type: BROADCAST dop: 16/1)", "Parent Relationship": "Outer", "Startup Cost": 0.0, "Total Cost": 15001.38, "Plan Rows": 16, "Plan Width": 4, "Plans": [{"Node Type": "Seq Scan", "Parent Relationship": "Outer", "Relation Name": "company_type", "Alias": "ct", "Startup Cost": 0.0, "Total Cost": 1.04, "Plan Rows": 1, "Plan Width": 4, "Filter": "((kind)::text = 'production companies'::text)"}]}]}]}]}]}]}]}]}, "Unique SQL Id": 1162488282, "Planner Runtime": 22}, "explain_analyze_plan": {"Plan": {"Node Type": "Aggregate", "Strategy": "Plain", "Startup Cost": 157102.83, "Total Cost": 157102.86, "Plan Rows": 1, "Plan Width": 113, "Actual Min Startup Time": 245.945, "Actual Max Startup Time": 245.945, "Actual Min Total Time": 245.945, "Actual Max Total Time": 245.945, "Plans": [{"Node Type": "Streaming(type: LOCAL GATHER dop: 1/16)", "Parent Relationship": "Outer", "Startup Cost": 157102.83, "Total Cost": 157102.86, "Plan Rows": 1, "Plan Width": 113, "Actual Min Startup Time": 245.778, "Actual Max Startup Time": 245.778, "Actual Min Total Time": 245.931, "Actual Max Total Time": 245.931, "Plans": [{"Node Type": "Aggregate", "Strategy": "Plain", "Parent Relationship": "Outer", "Startup Cost": 157102.83, "Total Cost": 157102.84, "Plan Rows": 1, "Plan Width": 113, "Actual Min Startup Time": 86.896, "Actual Max Startup Time": 153.253, "Actual Min Total Time": 86.896, "Actual Max Total Time": 153.253, "Plans": [{"Node Type": "Hash Join", "Parent Relationship": "Outer", "Join Type": "Inner", "Startup Cost": 55372.13, "Total Cost": 153746.81, "Plan Rows": 447470, "Plan Width": 45, "Actual Min Startup Time": 86.889, "Actual Max Startup Time": 153.248, "Actual Min Total Time": 86.889, "Actual Max Total Time": 153.248, "Inner Unique": false, "Hash Cond": "(t.id = mc.movie_id), (LLVM Optimized)", "Plans": [{"Node Type": "Streaming(type: BROADCAST dop: 16/16)", "Parent Relationship": "Outer", "Startup Cost": 20106.32, "Total Cost": 114115.76, "Plan Rows": 6342464, "Plan Width": 29, "Actual Min Startup Time": 0.025, "Actual Max Startup Time": 23.382, "Actual Min Total Time": 2.705, "Actual Max Total Time": 69.913, "Plans": [{"Node Type": "Hash Join", "Parent Relationship": "Outer", "Join Type": "Inner", "Startup Cost": 20106.32, "Total Cost": 83011.85, "Plan Rows": 396404, "Plan Width": 29, "Actual Min Startup Time": 78.564, "Actual Max Startup Time": 121.165, "Actual Min Total Time": 78.564, "Actual Max Total Time": 121.165, "Inner Unique": true, "Hash Cond": "(mi_idx.movie_id = t.id), (LLVM Optimized)", "Plans": [{"Node Type": "Streaming(type: BROADCAST dop: 16/16)", "Parent Relationship": "Outer", "Startup Cost": 0.0, "Total Cost": 61363.99, "Plan Rows": 5520128, "Plan Width": 4, "Actual Min Startup Time": 0.027, "Actual Max Startup Time": 41.412, "Actual Min Total Time": 0.028, "Actual Max Total Time": 41.413, "Plans": [{"Node Type": "Nested Loop", "Parent Relationship": "Outer", "Join Type": "Inner", "Startup Cost": 0.0, "Total Cost": 32348.04, "Plan Rows": 345008, "Plan Width": 4, "Actual Min Startup Time": 34.827, "Actual Max Startup Time": 41.188, "Actual Min Total Time": 34.827, "Actual Max Total Time": 41.196, "Inner Unique": false, "Join Filter": "(it.id = mi_idx.info_type_id), (LLVM Optimized)", "Rows Removed by Join Filter": 1380024, "Plans": [{"Node Type": "Streaming(type: BROADCAST dop: 16/1)", "Parent Relationship": "Outer", "Startup Cost": 0.0, "Total Cost": 15002.75, "Plan Rows": 16, "Plan Width": 4, "Actual Min Startup Time": 0.003, "Actual Max Startup Time": 0.01, "Actual Min Total Time": 0.005, "Actual Max Total Time": 0.011, "Plans": [{"Node Type": "Seq Scan", "Parent Relationship": "Outer", "Relation Name": "info_type", "Alias": "it", "Startup Cost": 0.0, "Total Cost": 2.4, "Plan Rows": 1, "Plan Width": 4, "Actual Min Startup Time": 0.059, "Actual Max Startup Time": 0.059, "Actual Min Total Time": 0.061, "Actual Max Total Time": 0.061, "Filter": "((info)::text = 'bottom 10 rank'::text)", "Rows Removed by Filter": 111, "Actual Rows": 1}], "Actual Rows": 16}, {"Node Type": "Seq Scan", "Parent Relationship": "Inner", "Relation Name": "movie_info_idx", "Alias": "mi_idx", "Startup Cost": 0.0, "Total Cost": 16267.15, "Plan Rows": 1380034, "Plan Width": 8, "Actual Min Startup Time": 0.032, "Actual Max Startup Time": 0.059, "Actual Min Total Time": 18.617, "Actual Max Total Time": 22.027, "Actual Rows": 1380034}], "Actual Rows": 10}], "Actual Rows": 160}, {"Node Type": "Hash", "Parent Relationship": "Inner", "Startup Cost": 19544.42, "Total Cost": 19544.42, "Plan Rows": 719240, "Plan Width": 25, "Actual Min Startup Time": 78.449, "Actual Max Startup Time": 87.352, "Actual Min Total Time": 78.449, "Actual Max Total Time": 87.352, "Max Hash Buckets": 65536, "Min Hash Buckets": 65536, "Max Hash Batches": 1, "Min Hash Batches": 1, "Max Original Hash Batches": 1, "Min Original Hash Batches": 1, "Max Peak Memory Usage": 2621, "min Peak Memory Usage": 2621, "Plans": [{"Node Type": "Seq Scan", "Parent Relationship": "Outer", "Relation Name": "title", "Alias": "t", "Startup Cost": 554.15, "Total Cost": 19544.42, "Plan Rows": 719240, "Plan Width": 25, "Actual Min Startup Time": 0.024, "Actual Max Startup Time": 0.057, "Actual Min Total Time": 64.592, "Actual Max Total Time": 72.483, "Filter": "((production_year >= 2005) AND (production_year <= 2010)), (LLVM Optimized)", "Rows Removed by Filter": 1812052, "Actual Rows": 716259}], "Actual Rows": 716259}], "Actual Rows": 4}], "Actual Rows": 64}, {"Node Type": "Hash", "Parent Relationship": "Inner", "Startup Cost": 34246.65, "Total Cost": 34246.65, "Plan Rows": 1304518, "Plan Width": 28, "Actual Min Startup Time": 77.643, "Actual Max Startup Time": 88.71, "Actual Min Total Time": 77.643, "Actual Max Total Time": 88.71, "Max Hash Buckets": 131072, "Min Hash Buckets": 131072, "Max Hash Batches": 1, "Min Hash Batches": 1, "Max Original Hash Batches": 1, "Min Original Hash Batches": 1, "Max Peak Memory Usage": 488, "min Peak Memory Usage": 488, "Plans": [{"Node Type": "Hash Join", "Parent Relationship": "Outer", "Join Type": "Inner", "Startup Cost": 15001.4, "Total Cost": 34246.65, "Plan Rows": 1304518, "Plan Width": 28, "Actual Min Startup Time": 49.718, "Actual Max Startup Time": 56.798, "Actual Min Total Time": 74.609, "Actual Max Total Time": 84.701, "Inner Unique": true, "Hash Cond": "(mc.company_type_id = ct.id), (LLVM Optimized)", "Plans": [{"Node Type": "Seq Scan", "Parent Relationship": "Outer", "Relation Name": "movie_companies", "Alias": "mc", "Startup Cost": 0.0, "Total Cost": 18021.26, "Plan Rows": 2609035, "Plan Width": 32, "Actual Min Startup Time": 0.04, "Actual Max Startup Time": 0.067, "Actual Min Total Time": 59.729, "Actual Max Total Time": 66.952, "Filter": "((note)::text !~~ '%(as Metro-Goldwyn-Mayer Pictures)%'::text), (LLVM Optimized)", "Rows Removed by Filter": 1272041, "Actual Rows": 1337087}, {"Node Type": "Hash", "Parent Relationship": "Inner", "Startup Cost": 15001.38, "Total Cost": 15001.38, "Plan Rows": 16, "Plan Width": 4, "Actual Min Startup Time": 0.01, "Actual Max Startup Time": 0.026, "Actual Min Total Time": 0.01, "Actual Max Total Time": 0.026, "Max Hash Buckets": 32768, "Min Hash Buckets": 32768, "Max Hash Batches": 1, "Min Hash Batches": 1, "Max Original Hash Batches": 1, "Min Original Hash Batches": 1, "Max Peak Memory Usage": 1, "min Peak Memory Usage": 1, "Plans": [{"Node Type": "Streaming(type: BROADCAST dop: 16/1)", "Parent Relationship": "Outer", "Startup Cost": 0.0, "Total Cost": 15001.38, "Plan Rows": 16, "Plan Width": 4, "Actual Min Startup Time": 0.003, "Actual Max Startup Time": 0.008, "Actual Min Total Time": 0.003, "Actual Max Total Time": 0.009, "Plans": [{"Node Type": "Seq Scan", "Parent Relationship": "Outer", "Relation Name": "company_type", "Alias": "ct", "Startup Cost": 0.0, "Total Cost": 1.04, "Plan Rows": 1, "Plan Width": 4, "Actual Min Startup Time": 0.035, "Actual Max Startup Time": 0.035, "Actual Min Total Time": 0.038, "Actual Max Total Time": 0.038, "Filter": "((kind)::text = 'production companies'::text)", "Rows Removed by Filter": 2, "Actual Rows": 1}], "Actual Rows": 16}], "Actual Rows": 16}], "Actual Rows": 140904}], "Actual Rows": 140904}], "Actual Rows": 3}], "Actual Rows": 16}], "Actual Rows": 16}], "Actual Rows": 1}, "Triggers": [], "Planner Runtime": 24.667, "Total Runtime": 267.123, "Unique SQL Id": 1162488282}}, "(16, '47')": {"explain_plan": {"Plan": {"Node Type": "Aggregate", "Strategy": "Plain", "Startup Cost": 5011509593772.63, "Total Cost": 5011509593772.64, "Plan Rows": 1, "Plan Width": 113, "Plans": [{"Node Type": "Nested Loop", "Parent Relationship": "Outer", "Join Type": "Inner", "Startup Cost": 50000000000.0, "Total Cost": 5011509590416.61, "Plan Rows": 447470, "Plan Width": 45, "Inner Unique": false, "Join Filter": "(mc.movie_id = t.id), (LLVM Optimized)", "Plans": [{"Node Type": "Nested Loop", "Parent Relationship": "Outer", "Join Type": "Inner", "Startup Cost": 20000000000.0, "Total Cost": 2000013744593.91, "Plan Rows": 1304518, "Plan Width": 28, "Inner Unique": true, "Join Filter": "(ct.id = mc.company_type_id), (LLVM Optimized)", "Plans": [{"Node Type": "Index Scan", "Parent Relationship": "Outer", "Scan Direction": "Forward", "Index Name": "movie_id_movie_companies", "Relation Name": "movie_companies", "Alias": "mc", "Startup Cost": 10000000000.0, "Total Cost": 1000013704228.13, "Plan Rows": 2609035, "Plan Width": 32, "Filter": "((note)::text !~~ '%(as Metro-Goldwyn-Mayer Pictures)%'::text), (LLVM Optimized)"}, {"Node Type": "Materialize", "Parent Relationship": "Inner", "Startup Cost": 10000000000.0, "Total Cost": 1000000001230.26, "Plan Rows": 1, "Plan Width": 4, "Plans": [{"Node Type": "Index Scan", "Parent Relationship": "Outer", "Scan Direction": "Forward", "Index Name": "company_type_pkey", "Relation Name": "company_type", "Alias": "ct", "Startup Cost": 10000000000.0, "Total Cost": 1000000001230.25, "Plan Rows": 1, "Plan Width": 4, "Filter": "((kind)::text = 'production companies'::text)"}]}]}, {"Node Type": "Materialize", "Parent Relationship": "Inner", "Startup Cost": 30000000000.0, "Total Cost": 3003739104514.63, "Plan Rows": 396404, "Plan Width": 29, "Plans": [{"Node Type": "Nested Loop", "Parent Relationship": "Outer", "Join Type": "Inner", "Startup Cost": 30000000000.0, "Total Cost": 3003739102532.61, "Plan Rows": 396404, "Plan Width": 29, "Inner Unique": false, "Join Filter": "(mi_idx.movie_id = t.id), (LLVM Optimized)", "Plans": [{"Node Type": "Index Scan", "Parent Relationship": "Outer", "Scan Direction": "Forward", "Index Name": "title_pkey", "Relation Name": "title", "Alias": "t", "Startup Cost": 10000000000.0, "Total Cost": 1000012276204.41, "Plan Rows": 719240, "Plan Width": 25, "Filter": "((production_year >= 2005) AND (production_year <= 2010)), (LLVM Optimized)"}, {"Node Type": "Materialize", "Parent Relationship": "Inner", "Startup Cost": 20000000000.0, "Total Cost": 2000004673881.92, "Plan Rows": 345008, "Plan Width": 4, "Plans": [{"Node Type": "Nested Loop", "Parent Relationship": "Outer", "Join Type": "Inner", "Startup Cost": 20000000000.0, "Total Cost": 2000004672156.88, "Plan Rows": 345008, "Plan Width": 4, "Inner Unique": true, "Join Filter": "(it.id = mi_idx.info_type_id), (LLVM Optimized)", "Plans": [{"Node Type": "Index Scan", "Parent Relationship": "Outer", "Scan Direction": "Forward", "Index Name": "movie_id_movie_info_idx", "Relation Name": "movie_info_idx", "Alias": "mi_idx", "Startup Cost": 10000000000.0, "Total Cost": 1000004650035.37, "Plan Rows": 1380034, "Plan Width": 8}, {"Node Type": "Materialize", "Parent Relationship": "Inner", "Startup Cost": 10000000000.0, "Total Cost": 1000000001421.0, "Plan Rows": 1, "Plan Width": 4, "Plans": [{"Node Type": "Index Scan", "Parent Relationship": "Outer", "Scan Direction": "Forward", "Index Name": "info_type_pkey", "Relation Name": "info_type", "Alias": "it", "Startup Cost": 10000000000.0, "Total Cost": 1000000001421.0, "Plan Rows": 1, "Plan Width": 4, "Filter": "((info)::text = 'bottom 10 rank'::text)"}]}]}]}]}]}]}]}, "Unique SQL Id": 1162488282, "Planner Runtime": 5}, "explain_analyze_plan": null}, "(16, '48')": {"explain_plan": {"Plan": {"Node Type": "Aggregate", "Strategy": "Plain", "Startup Cost": 329380.46, "Total Cost": 329380.47, "Plan Rows": 1, "Plan Width": 113, "Plans": [{"Node Type": "Nested Loop", "Parent Relationship": "Outer", "Join Type": "Inner", "Startup Cost": 7502.06, "Total Cost": 326890.42, "Plan Rows": 332005, "Plan Width": 45, "Inner Unique": false, "Join Filter": "(mc.company_type_id = ct.id), (LLVM Optimized)", "Plans": [{"Node Type": "Seq Scan", "Parent Relationship": "Outer", "Relation Name": "company_type", "Alias": "ct", "Startup Cost": 0.0, "Total Cost": 1.04, "Plan Rows": 1, "Plan Width": 4, "Filter": "((kind)::text = 'production companies'::text)"}, {"Node Type": "Nested Loop", "Parent Relationship": "Inner", "Join Type": "Inner", "Startup Cost": 7502.06, "Total Cost": 320024.4, "Plan Rows": 549199, "Plan Width": 49, "Inner Unique": false, "Join Filter": "(t.id = mc.movie_id), (LLVM Optimized)", "Plans": [{"Node Type": "Nested Loop", "Parent Relationship": "Outer", "Join Type": "Inner", "Startup Cost": 7502.06, "Total Cost": 164107.36, "Plan Rows": 396404, "Plan Width": 29, "Inner Unique": true, "Plans": [{"Node Type": "Nested Loop", "Parent Relationship": "Outer", "Join Type": "Inner", "Startup Cost": 7502.06, "Total Cost": 21741.14, "Plan Rows": 345008, "Plan Width": 4, "Inner Unique": false, "Plans": [{"Node Type": "Seq Scan", "Parent Relationship": "Outer", "Relation Name": "info_type", "Alias": "it", "Startup Cost": 0.0, "Total Cost": 2.4, "Plan Rows": 1, "Plan Width": 4, "Filter": "((info)::text = 'bottom 10 rank'::text)"}, {"Node Type": "Bitmap Heap Scan", "Parent Relationship": "Inner", "Relation Name": "movie_info_idx", "Alias": "mi_idx", "Startup Cost": 7502.06, "Total Cost": 18288.66, "Plan Rows": 345008, "Plan Width": 8, "Recheck Cond": "(info_type_id = it.id), (LLVM Optimized)", "Plans": [{"Node Type": "Bitmap Index Scan", "Parent Relationship": "Outer", "Index Name": "info_type_id_movie_info_idx", "Startup Cost": 0.0, "Total Cost": 7415.81, "Plan Rows": 345008, "Plan Width": 0, "Index Cond": "(info_type_id = it.id)"}]}]}, {"Node Type": "Index Scan", "Parent Relationship": "Inner", "Scan Direction": "Forward", "Index Name": "title_pkey", "Relation Name": "title", "Alias": "t", "Startup Cost": 0.0, "Total Cost": 0.4, "Plan Rows": 1, "Plan Width": 25, "Index Cond": "(id = mi_idx.movie_id)", "Filter": "((production_year >= 2005) AND (production_year <= 2010))"}]}, {"Node Type": "Index Scan", "Parent Relationship": "Inner", "Scan Direction": "Forward", "Index Name": "movie_id_movie_companies", "Relation Name": "movie_companies", "Alias": "mc", "Startup Cost": 0.0, "Total Cost": 0.37, "Plan Rows": 2, "Plan Width": 32, "Index Cond": "(movie_id = mi_idx.movie_id)", "Filter": "((note)::text !~~ '%(as Metro-Goldwyn-Mayer Pictures)%'::text)"}]}]}]}, "Unique SQL Id": 1162488282, "Planner Runtime": 3}, "explain_analyze_plan": {"Plan": {"Node Type": "Aggregate", "Strategy": "Plain", "Startup Cost": 329380.46, "Total Cost": 329380.47, "Plan Rows": 1, "Plan Width": 113, "Actual Startup Time": 0.51, "Actual Total Time": 0.51, "Actual Rows": 1, "Actual Loops": 1, "Plans": [{"Node Type": "Nested Loop", "Parent Relationship": "Outer", "Join Type": "Inner", "Startup Cost": 7502.06, "Total Cost": 326890.42, "Plan Rows": 332005, "Plan Width": 45, "Actual Startup Time": 0.481, "Actual Total Time": 0.494, "Actual Rows": 3, "Actual Loops": 1, "Inner Unique": false, "Join Filter": "(mc.company_type_id = ct.id), (LLVM Optimized)", "Rows Removed by Join Filter": 63, "Plans": [{"Node Type": "Seq Scan", "Parent Relationship": "Outer", "Relation Name": "company_type", "Alias": "ct", "Startup Cost": 0.0, "Total Cost": 1.04, "Plan Rows": 1, "Plan Width": 4, "Actual Startup Time": 0.022, "Actual Total Time": 0.024, "Actual Rows": 1, "Actual Loops": 1, "Filter": "((kind)::text = 'production companies'::text)", "Rows Removed by Filter": 2}, {"Node Type": "Nested Loop", "Parent Relationship": "Inner", "Join Type": "Inner", "Startup Cost": 7502.06, "Total Cost": 320024.4, "Plan Rows": 549199, "Plan Width": 49, "Actual Startup Time": 0.235, "Actual Total Time": 0.447, "Actual Rows": 66, "Actual Loops": 1, "Inner Unique": false, "Join Filter": "(t.id = mc.movie_id), (LLVM Optimized)", "Rows Removed by Join Filter": 0, "Plans": [{"Node Type": "Nested Loop", "Parent Relationship": "Outer", "Join Type": "Inner", "Startup Cost": 7502.06, "Total Cost": 164107.36, "Plan Rows": 396404, "Plan Width": 29, "Actual Startup Time": 0.209, "Actual Total Time": 0.273, "Actual Rows": 4, "Actual Loops": 1, "Inner Unique": true, "Plans": [{"Node Type": "Nested Loop", "Parent Relationship": "Outer", "Join Type": "Inner", "Startup Cost": 7502.06, "Total Cost": 21741.14, "Plan Rows": 345008, "Plan Width": 4, "Actual Startup Time": 0.093, "Actual Total Time": 0.102, "Actual Rows": 10, "Actual Loops": 1, "Inner Unique": false, "Plans": [{"Node Type": "Seq Scan", "Parent Relationship": "Outer", "Relation Name": "info_type", "Alias": "it", "Startup Cost": 0.0, "Total Cost": 2.4, "Plan Rows": 1, "Plan Width": 4, "Actual Startup Time": 0.053, "Actual Total Time": 0.058, "Actual Rows": 1, "Actual Loops": 1, "Filter": "((info)::text = 'bottom 10 rank'::text)", "Rows Removed by Filter": 111}, {"Node Type": "Bitmap Heap Scan", "Parent Relationship": "Inner", "Relation Name": "movie_info_idx", "Alias": "mi_idx", "Startup Cost": 7502.06, "Total Cost": 18288.66, "Plan Rows": 345008, "Plan Width": 8, "Actual Startup Time": 0.034, "Actual Total Time": 0.035, "Actual Rows": 10, "Actual Loops": 1, "Recheck Cond": "(info_type_id = it.id), (LLVM Optimized)", "Rows Removed by Index Recheck": 0, "Exact Heap Blocks": 1, "Lossy Heap Blocks": 1, "Plans": [{"Node Type": "Bitmap Index Scan", "Parent Relationship": "Outer", "Index Name": "info_type_id_movie_info_idx", "Startup Cost": 0.0, "Total Cost": 7415.81, "Plan Rows": 345008, "Plan Width": 0, "Actual Startup Time": 0.022, "Actual Total Time": 0.022, "Actual Rows": 10, "Actual Loops": 1, "Index Cond": "(info_type_id = it.id)"}]}]}, {"Node Type": "Index Scan", "Parent Relationship": "Inner", "Scan Direction": "Forward", "Index Name": "title_pkey", "Relation Name": "title", "Alias": "t", "Startup Cost": 0.0, "Total Cost": 0.4, "Plan Rows": 1, "Plan Width": 25, "Actual Startup Time": 0.164, "Actual Total Time": 0.164, "Actual Rows": 4, "Actual Loops": 10, "Index Cond": "(id = mi_idx.movie_id)", "Rows Removed by Index Recheck": 0, "Filter": "((production_year >= 2005) AND (production_year <= 2010))", "Rows Removed by Filter": 6}]}, {"Node Type": "Index Scan", "Parent Relationship": "Inner", "Scan Direction": "Forward", "Index Name": "movie_id_movie_companies", "Relation Name": "movie_companies", "Alias": "mc", "Startup Cost": 0.0, "Total Cost": 0.37, "Plan Rows": 2, "Plan Width": 32, "Actual Startup Time": 0.072, "Actual Total Time": 0.15, "Actual Rows": 66, "Actual Loops": 4, "Index Cond": "(movie_id = mi_idx.movie_id)", "Rows Removed by Index Recheck": 0, "Filter": "((note)::text !~~ '%(as Metro-Goldwyn-Mayer Pictures)%'::text)", "Rows Removed by Filter": 7}]}]}]}, "Triggers": [], "Planner Runtime": 3.187, "Total Runtime": 10.355, "Unique SQL Id": 1162488282}}, "(16, '49')": {"explain_plan": {"Plan": {"Node Type": "Aggregate", "Strategy": "Plain", "Startup Cost": 329403.54, "Total Cost": 329403.55, "Plan Rows": 1, "Plan Width": 113, "Plans": [{"Node Type": "Nested Loop", "Parent Relationship": "Outer", "Join Type": "Inner", "Startup Cost": 7502.06, "Total Cost": 326913.5, "Plan Rows": 332005, "Plan Width": 45, "Inner Unique": false, "Join Filter": "(mc.company_type_id = ct.id), (LLVM Optimized)", "Plans": [{"Node Type": "Index Scan", "Parent Relationship": "Outer", "Scan Direction": "Forward", "Index Name": "company_type_pkey", "Relation Name": "company_type", "Alias": "ct", "Startup Cost": 0.0, "Total Cost": 12.3, "Plan Rows": 1, "Plan Width": 4, "Filter": "((kind)::text = 'production companies'::text)"}, {"Node Type": "Nested Loop", "Parent Relationship": "Inner", "Join Type": "Inner", "Startup Cost": 7502.06, "Total Cost": 320036.21, "Plan Rows": 549199, "Plan Width": 49, "Inner Unique": false, "Join Filter": "(t.id = mc.movie_id), (LLVM Optimized)", "Plans": [{"Node Type": "Nested Loop", "Parent Relationship": "Outer", "Join Type": "Inner", "Startup Cost": 7502.06, "Total Cost": 164119.17, "Plan Rows": 396404, "Plan Width": 29, "Inner Unique": true, "Plans": [{"Node Type": "Nested Loop", "Parent Relationship": "Outer", "Join Type": "Inner", "Startup Cost": 7502.06, "Total Cost": 21752.95, "Plan Rows": 345008, "Plan Width": 4, "Inner Unique": false, "Plans": [{"Node Type": "Index Scan", "Parent Relationship": "Outer", "Scan Direction": "Forward", "Index Name": "info_type_pkey", "Relation Name": "info_type", "Alias": "it", "Startup Cost": 0.0, "Total Cost": 14.21, "Plan Rows": 1, "Plan Width": 4, "Filter": "((info)::text = 'bottom 10 rank'::text)"}, {"Node Type": "Bitmap Heap Scan", "Parent Relationship": "Inner", "Relation Name": "movie_info_idx", "Alias": "mi_idx", "Startup Cost": 7502.06, "Total Cost": 18288.66, "Plan Rows": 345008, "Plan Width": 8, "Recheck Cond": "(info_type_id = it.id), (LLVM Optimized)", "Plans": [{"Node Type": "Bitmap Index Scan", "Parent Relationship": "Outer", "Index Name": "info_type_id_movie_info_idx", "Startup Cost": 0.0, "Total Cost": 7415.81, "Plan Rows": 345008, "Plan Width": 0, "Index Cond": "(info_type_id = it.id)"}]}]}, {"Node Type": "Index Scan", "Parent Relationship": "Inner", "Scan Direction": "Forward", "Index Name": "title_pkey", "Relation Name": "title", "Alias": "t", "Startup Cost": 0.0, "Total Cost": 0.4, "Plan Rows": 1, "Plan Width": 25, "Index Cond": "(id = mi_idx.movie_id)", "Filter": "((production_year >= 2005) AND (production_year <= 2010))"}]}, {"Node Type": "Index Scan", "Parent Relationship": "Inner", "Scan Direction": "Forward", "Index Name": "movie_id_movie_companies", "Relation Name": "movie_companies", "Alias": "mc", "Startup Cost": 0.0, "Total Cost": 0.37, "Plan Rows": 2, "Plan Width": 32, "Index Cond": "(movie_id = mi_idx.movie_id)", "Filter": "((note)::text !~~ '%(as Metro-Goldwyn-Mayer Pictures)%'::text)"}]}]}]}, "Unique SQL Id": 1162488282, "Planner Runtime": 2}, "explain_analyze_plan": {"Plan": {"Node Type": "Aggregate", "Strategy": "Plain", "Startup Cost": 329403.54, "Total Cost": 329403.55, "Plan Rows": 1, "Plan Width": 113, "Actual Startup Time": 0.352, "Actual Total Time": 0.352, "Actual Rows": 1, "Actual Loops": 1, "Plans": [{"Node Type": "Nested Loop", "Parent Relationship": "Outer", "Join Type": "Inner", "Startup Cost": 7502.06, "Total Cost": 326913.5, "Plan Rows": 332005, "Plan Width": 45, "Actual Startup Time": 0.33, "Actual Total Time": 0.339, "Actual Rows": 3, "Actual Loops": 1, "Inner Unique": false, "Join Filter": "(mc.company_type_id = ct.id), (LLVM Optimized)", "Rows Removed by Join Filter": 63, "Plans": [{"Node Type": "Index Scan", "Parent Relationship": "Outer", "Scan Direction": "Forward", "Index Name": "company_type_pkey", "Relation Name": "company_type", "Alias": "ct", "Startup Cost": 0.0, "Total Cost": 12.3, "Plan Rows": 1, "Plan Width": 4, "Actual Startup Time": 0.021, "Actual Total Time": 0.024, "Actual Rows": 1, "Actual Loops": 1, "Filter": "((kind)::text = 'production companies'::text)", "Rows Removed by Filter": 2}, {"Node Type": "Nested Loop", "Parent Relationship": "Inner", "Join Type": "Inner", "Startup Cost": 7502.06, "Total Cost": 320036.21, "Plan Rows": 549199, "Plan Width": 49, "Actual Startup Time": 0.162, "Actual Total Time": 0.296, "Actual Rows": 66, "Actual Loops": 1, "Inner Unique": false, "Join Filter": "(t.id = mc.movie_id), (LLVM Optimized)", "Rows Removed by Join Filter": 0, "Plans": [{"Node Type": "Nested Loop", "Parent Relationship": "Outer", "Join Type": "Inner", "Startup Cost": 7502.06, "Total Cost": 164119.17, "Plan Rows": 396404, "Plan Width": 29, "Actual Startup Time": 0.145, "Actual Total Time": 0.174, "Actual Rows": 4, "Actual Loops": 1, "Inner Unique": true, "Plans": [{"Node Type": "Nested Loop", "Parent Relationship": "Outer", "Join Type": "Inner", "Startup Cost": 7502.06, "Total Cost": 21752.95, "Plan Rows": 345008, "Plan Width": 4, "Actual Startup Time": 0.089, "Actual Total Time": 0.093, "Actual Rows": 10, "Actual Loops": 1, "Inner Unique": false, "Plans": [{"Node Type": "Index Scan", "Parent Relationship": "Outer", "Scan Direction": "Forward", "Index Name": "info_type_pkey", "Relation Name": "info_type", "Alias": "it", "Startup Cost": 0.0, "Total Cost": 14.21, "Plan Rows": 1, "Plan Width": 4, "Actual Startup Time": 0.066, "Actual Total Time": 0.067, "Actual Rows": 1, "Actual Loops": 1, "Filter": "((info)::text = 'bottom 10 rank'::text)", "Rows Removed by Filter": 111}, {"Node Type": "Bitmap Heap Scan", "Parent Relationship": "Inner", "Relation Name": "movie_info_idx", "Alias": "mi_idx", "Startup Cost": 7502.06, "Total Cost": 18288.66, "Plan Rows": 345008, "Plan Width": 8, "Actual Startup Time": 0.018, "Actual Total Time": 0.019, "Actual Rows": 10, "Actual Loops": 1, "Recheck Cond": "(info_type_id = it.id), (LLVM Optimized)", "Rows Removed by Index Recheck": 0, "Exact Heap Blocks": 1, "Lossy Heap Blocks": 1, "Plans": [{"Node Type": "Bitmap Index Scan", "Parent Relationship": "Outer", "Index Name": "info_type_id_movie_info_idx", "Startup Cost": 0.0, "Total Cost": 7415.81, "Plan Rows": 345008, "Plan Width": 0, "Actual Startup Time": 0.011, "Actual Total Time": 0.011, "Actual Rows": 10, "Actual Loops": 1, "Index Cond": "(info_type_id = it.id)"}]}]}, {"Node Type": "Index Scan", "Parent Relationship": "Inner", "Scan Direction": "Forward", "Index Name": "title_pkey", "Relation Name": "title", "Alias": "t", "Startup Cost": 0.0, "Total Cost": 0.4, "Plan Rows": 1, "Plan Width": 25, "Actual Startup Time": 0.07, "Actual Total Time": 0.07, "Actual Rows": 4, "Actual Loops": 10, "Index Cond": "(id = mi_idx.movie_id)", "Rows Removed by Index Recheck": 0, "Filter": "((production_year >= 2005) AND (production_year <= 2010))", "Rows Removed by Filter": 6}]}, {"Node Type": "Index Scan", "Parent Relationship": "Inner", "Scan Direction": "Forward", "Index Name": "movie_id_movie_companies", "Relation Name": "movie_companies", "Alias": "mc", "Startup Cost": 0.0, "Total Cost": 0.37, "Plan Rows": 2, "Plan Width": 32, "Actual Startup Time": 0.039, "Actual Total Time": 0.096, "Actual Rows": 66, "Actual Loops": 4, "Index Cond": "(movie_id = mi_idx.movie_id)", "Rows Removed by Index Recheck": 0, "Filter": "((note)::text !~~ '%(as Metro-Goldwyn-Mayer Pictures)%'::text)", "Rows Removed by Filter": 7}]}]}]}, "Triggers": [], "Planner Runtime": 2.984, "Total Runtime": 10.262, "Unique SQL Id": 1162488282}}, "(16, '50')": {"explain_plan": {"Plan": {"Node Type": "Aggregate", "Strategy": "Plain", "Startup Cost": 3260511.16, "Total Cost": 3260511.17, "Plan Rows": 1, "Plan Width": 113, "Plans": [{"Node Type": "Nested Loop", "Parent Relationship": "Outer", "Join Type": "Inner", "Startup Cost": 0.58, "Total Cost": 3258021.12, "Plan Rows": 332005, "Plan Width": 45, "Inner Unique": false, "Join Filter": "(mc.company_type_id = ct.id), (LLVM Optimized)", "Plans": [{"Node Type": "Seq Scan", "Parent Relationship": "Outer", "Relation Name": "company_type", "Alias": "ct", "Startup Cost": 0.0, "Total Cost": 1.04, "Plan Rows": 1, "Plan Width": 4, "Filter": "((kind)::text = 'production companies'::text)"}, {"Node Type": "Materialize", "Parent Relationship": "Inner", "Startup Cost": 0.58, "Total Cost": 3252528.09, "Plan Rows": 549199, "Plan Width": 49, "Plans": [{"Node Type": "Nested Loop", "Parent Relationship": "Outer", "Join Type": "Inner", "Startup Cost": 0.58, "Total Cost": 3251155.1, "Plan Rows": 549199, "Plan Width": 49, "Inner Unique": false, "Join Filter": "(t.id = mc.movie_id), (LLVM Optimized)", "Plans": [{"Node Type": "Nested Loop", "Parent Relationship": "Outer", "Join Type": "Inner", "Startup Cost": 0.28, "Total Cost": 1527492.54, "Plan Rows": 396404, "Plan Width": 29, "Inner Unique": true, "Plans": [{"Node Type": "Streaming(type: LOCAL GATHER dop: 1/16)", "Parent Relationship": "Outer", "Startup Cost": 0.0, "Total Cost": 39794.02, "Plan Rows": 345008, "Plan Width": 4, "Plans": [{"Node Type": "Nested Loop", "Parent Relationship": "Outer", "Join Type": "Inner", "Startup Cost": 0.0, "Total Cost": 32348.04, "Plan Rows": 345008, "Plan Width": 4, "Inner Unique": false, "Join Filter": "(it.id = mi_idx.info_type_id), (LLVM Optimized)", "Plans": [{"Node Type": "Streaming(type: BROADCAST dop: 16/1)", "Parent Relationship": "Outer", "Startup Cost": 0.0, "Total Cost": 15002.75, "Plan Rows": 16, "Plan Width": 4, "Plans": [{"Node Type": "Seq Scan", "Parent Relationship": "Outer", "Relation Name": "info_type", "Alias": "it", "Startup Cost": 0.0, "Total Cost": 2.4, "Plan Rows": 1, "Plan Width": 4, "Filter": "((info)::text = 'bottom 10 rank'::text)"}]}, {"Node Type": "Seq Scan", "Parent Relationship": "Inner", "Relation Name": "movie_info_idx", "Alias": "mi_idx", "Startup Cost": 0.0, "Total Cost": 16267.15, "Plan Rows": 1380034, "Plan Width": 8}]}]}, {"Node Type": "Bitmap Heap Scan", "Parent Relationship": "Inner", "Relation Name": "title", "Alias": "t", "Startup Cost": 0.28, "Total Cost": 4.3, "Plan Rows": 1, "Plan Width": 25, "Recheck Cond": "(id = mi_idx.movie_id)", "Filter": "((production_year >= 2005) AND (production_year <= 2010))", "Plans": [{"Node Type": "Bitmap Index Scan", "Parent Relationship": "Outer", "Index Name": "title_pkey", "Startup Cost": 0.0, "Total Cost": 0.28, "Plan Rows": 1, "Plan Width": 0, "Index Cond": "(id = mi_idx.movie_id)"}]}]}, {"Node Type": "Bitmap Heap Scan", "Parent Relationship": "Inner", "Relation Name": "movie_companies", "Alias": "mc", "Startup Cost": 0.29, "Total Cost": 4.32, "Plan Rows": 2, "Plan Width": 32, "Recheck Cond": "(movie_id = mi_idx.movie_id)", "Filter": "((note)::text !~~ '%(as Metro-Goldwyn-Mayer Pictures)%'::text)", "Plans": [{"Node Type": "Bitmap Index Scan", "Parent Relationship": "Outer", "Index Name": "movie_id_movie_companies", "Startup Cost": 0.0, "Total Cost": 0.29, "Plan Rows": 2, "Plan Width": 0, "Index Cond": "(movie_id = mi_idx.movie_id)"}]}]}]}]}]}, "Unique SQL Id": 1162488282, "Planner Runtime": 3}, "explain_analyze_plan": {"Plan": {"Node Type": "Aggregate", "Strategy": "Plain", "Startup Cost": 3260511.16, "Total Cost": 3260511.17, "Plan Rows": 1, "Plan Width": 113, "Actual Min Startup Time": 76.113, "Actual Max Startup Time": 76.113, "Actual Min Total Time": 76.113, "Actual Max Total Time": 76.113, "Plans": [{"Node Type": "Nested Loop", "Parent Relationship": "Outer", "Join Type": "Inner", "Startup Cost": 0.58, "Total Cost": 3258021.12, "Plan Rows": 332005, "Plan Width": 45, "Actual Min Startup Time": 76.08, "Actual Max Startup Time": 76.08, "Actual Min Total Time": 76.084, "Actual Max Total Time": 76.084, "Inner Unique": false, "Join Filter": "(mc.company_type_id = ct.id), (LLVM Optimized)", "Rows Removed by Join Filter": 63, "Plans": [{"Node Type": "Seq Scan", "Parent Relationship": "Outer", "Relation Name": "company_type", "Alias": "ct", "Startup Cost": 0.0, "Total Cost": 1.04, "Plan Rows": 1, "Plan Width": 4, "Actual Min Startup Time": 0.021, "Actual Max Startup Time": 0.021, "Actual Min Total Time": 0.023, "Actual Max Total Time": 0.023, "Filter": "((kind)::text = 'production companies'::text)", "Rows Removed by Filter": 2, "Actual Rows": 1}, {"Node Type": "Materialize", "Parent Relationship": "Inner", "Startup Cost": 0.58, "Total Cost": 3252528.09, "Plan Rows": 549199, "Plan Width": 49, "Actual Min Startup Time": 76.028, "Actual Max Startup Time": 76.028, "Actual Min Total Time": 76.036, "Actual Max Total Time": 76.036, "Plans": [{"Node Type": "Nested Loop", "Parent Relationship": "Outer", "Join Type": "Inner", "Startup Cost": 0.58, "Total Cost": 3251155.1, "Plan Rows": 549199, "Plan Width": 49, "Actual Min Startup Time": 68.964, "Actual Max Startup Time": 68.964, "Actual Min Total Time": 76.003, "Actual Max Total Time": 76.003, "Inner Unique": false, "Join Filter": "(t.id = mc.movie_id), (LLVM Optimized)", "Rows Removed by Join Filter": 0, "Plans": [{"Node Type": "Nested Loop", "Parent Relationship": "Outer", "Join Type": "Inner", "Startup Cost": 0.28, "Total Cost": 1527492.54, "Plan Rows": 396404, "Plan Width": 29, "Actual Min Startup Time": 68.888, "Actual Max Startup Time": 68.888, "Actual Min Total Time": 75.783, "Actual Max Total Time": 75.783, "Inner Unique": true, "Plans": [{"Node Type": "Streaming(type: LOCAL GATHER dop: 1/16)", "Parent Relationship": "Outer", "Startup Cost": 0.0, "Total Cost": 39794.02, "Plan Rows": 345008, "Plan Width": 4, "Actual Min Startup Time": 68.703, "Actual Max Startup Time": 68.703, "Actual Min Total Time": 75.543, "Actual Max Total Time": 75.543, "Plans": [{"Node Type": "Nested Loop", "Parent Relationship": "Outer", "Join Type": "Inner", "Startup Cost": 0.0, "Total Cost": 32348.04, "Plan Rows": 345008, "Plan Width": 4, "Actual Min Startup Time": 34.759, "Actual Max Startup Time": 41.151, "Actual Min Total Time": 34.759, "Actual Max Total Time": 41.161, "Inner Unique": false, "Join Filter": "(it.id = mi_idx.info_type_id), (LLVM Optimized)", "Rows Removed by Join Filter": 1380024, "Plans": [{"Node Type": "Streaming(type: BROADCAST dop: 16/1)", "Parent Relationship": "Outer", "Startup Cost": 0.0, "Total Cost": 15002.75, "Plan Rows": 16, "Plan Width": 4, "Actual Min Startup Time": 0.003, "Actual Max Startup Time": 0.008, "Actual Min Total Time": 0.003, "Actual Max Total Time": 0.01, "Plans": [{"Node Type": "Seq Scan", "Parent Relationship": "Outer", "Relation Name": "info_type", "Alias": "it", "Startup Cost": 0.0, "Total Cost": 2.4, "Plan Rows": 1, "Plan Width": 4, "Actual Min Startup Time": 0.076, "Actual Max Startup Time": 0.076, "Actual Min Total Time": 0.079, "Actual Max Total Time": 0.079, "Filter": "((info)::text = 'bottom 10 rank'::text)", "Rows Removed by Filter": 111, "Actual Rows": 1}], "Actual Rows": 16}, {"Node Type": "Seq Scan", "Parent Relationship": "Inner", "Relation Name": "movie_info_idx", "Alias": "mi_idx", "Startup Cost": 0.0, "Total Cost": 16267.15, "Plan Rows": 1380034, "Plan Width": 8, "Actual Min Startup Time": 0.032, "Actual Max Startup Time": 0.04, "Actual Min Total Time": 18.566, "Actual Max Total Time": 21.957, "Actual Rows": 1380034}], "Actual Rows": 10}], "Actual Rows": 10}, {"Node Type": "Bitmap Heap Scan", "Parent Relationship": "Inner", "Relation Name": "title", "Alias": "t", "Startup Cost": 0.28, "Total Cost": 4.3, "Plan Rows": 1, "Plan Width": 25, "Actual Min Startup Time": 0.208, "Actual Max Startup Time": 0.208, "Actual Min Total Time": 0.208, "Actual Max Total Time": 0.208, "Recheck Cond": "(id = mi_idx.movie_id)", "Rows Removed by Index Recheck": 0, "Filter": "((production_year >= 2005) AND (production_year <= 2010))", "Rows Removed by Filter": 6, "Exact Heap Blocks": 10, "Lossy Heap Blocks": 10, "Plans": [{"Node Type": "Bitmap Index Scan", "Parent Relationship": "Outer", "Index Name": "title_pkey", "Startup Cost": 0.0, "Total Cost": 0.28, "Plan Rows": 1, "Plan Width": 0, "Actual Min Startup Time": 0.117, "Actual Max Startup Time": 0.117, "Actual Min Total Time": 0.117, "Actual Max Total Time": 0.117, "Index Cond": "(id = mi_idx.movie_id)", "Actual Rows": 10}], "Actual Rows": 4}], "Actual Rows": 4}, {"Node Type": "Bitmap Heap Scan", "Parent Relationship": "Inner", "Relation Name": "movie_companies", "Alias": "mc", "Startup Cost": 0.29, "Total Cost": 4.32, "Plan Rows": 2, "Plan Width": 32, "Actual Min Startup Time": 0.128, "Actual Max Startup Time": 0.128, "Actual Min Total Time": 0.192, "Actual Max Total Time": 0.192, "Recheck Cond": "(movie_id = mi_idx.movie_id)", "Rows Removed by Index Recheck": 0, "Filter": "((note)::text !~~ '%(as Metro-Goldwyn-Mayer Pictures)%'::text)", "Rows Removed by Filter": 7, "Exact Heap Blocks": 9, "Lossy Heap Blocks": 9, "Plans": [{"Node Type": "Bitmap Index Scan", "Parent Relationship": "Outer", "Index Name": "movie_id_movie_companies", "Startup Cost": 0.0, "Total Cost": 0.29, "Plan Rows": 2, "Plan Width": 0, "Actual Min Startup Time": 0.055, "Actual Max Startup Time": 0.055, "Actual Min Total Time": 0.055, "Actual Max Total Time": 0.055, "Index Cond": "(movie_id = mi_idx.movie_id)", "Actual Rows": 73}], "Actual Rows": 66}], "Actual Rows": 66}], "Actual Rows": 67}], "Actual Rows": 3}], "Actual Rows": 1}, "Triggers": [], "Planner Runtime": 3.714, "Total Runtime": 90.707, "Unique SQL Id": 1162488282}}, "(16, '51')": {"explain_plan": {"Plan": {"Node Type": "Aggregate", "Strategy": "Plain", "Startup Cost": 3242481.36, "Total Cost": 3242481.37, "Plan Rows": 1, "Plan Width": 113, "Plans": [{"Node Type": "Nested Loop", "Parent Relationship": "Outer", "Join Type": "Inner", "Startup Cost": 7519.72, "Total Cost": 3239991.32, "Plan Rows": 332005, "Plan Width": 45, "Inner Unique": false, "Join Filter": "(mc.company_type_id = ct.id), (LLVM Optimized)", "Plans": [{"Node Type": "Bitmap Heap Scan", "Parent Relationship": "Outer", "Relation Name": "company_type", "Alias": "ct", "Startup Cost": 8.27, "Total Cost": 12.3, "Plan Rows": 1, "Plan Width": 4, "Filter": "((kind)::text = 'production companies'::text)", "Plans": [{"Node Type": "Bitmap Index Scan", "Parent Relationship": "Outer", "Index Name": "company_type_pkey", "Startup Cost": 0.0, "Total Cost": 8.27, "Plan Rows": 3, "Plan Width": 0}]}, {"Node Type": "Nested Loop", "Parent Relationship": "Inner", "Join Type": "Inner", "Startup Cost": 7511.45, "Total Cost": 3233114.03, "Plan Rows": 549199, "Plan Width": 49, "Inner Unique": false, "Join Filter": "(t.id = mc.movie_id), (LLVM Optimized)", "Plans": [{"Node Type": "Nested Loop", "Parent Relationship": "Outer", "Join Type": "Inner", "Startup Cost": 7511.16, "Total Cost": 1509451.47, "Plan Rows": 396404, "Plan Width": 29, "Inner Unique": true, "Plans": [{"Node Type": "Nested Loop", "Parent Relationship": "Outer", "Join Type": "Inner", "Startup Cost": 7510.87, "Total Cost": 21752.95, "Plan Rows": 345008, "Plan Width": 4, "Inner Unique": false, "Plans": [{"Node Type": "Bitmap Heap Scan", "Parent Relationship": "Outer", "Relation Name": "info_type", "Alias": "it", "Startup Cost": 8.81, "Total Cost": 14.21, "Plan Rows": 1, "Plan Width": 4, "Filter": "((info)::text = 'bottom 10 rank'::text)", "Plans": [{"Node Type": "Bitmap Index Scan", "Parent Relationship": "Outer", "Index Name": "info_type_pkey", "Startup Cost": 0.0, "Total Cost": 8.81, "Plan Rows": 112, "Plan Width": 0}]}, {"Node Type": "Bitmap Heap Scan", "Parent Relationship": "Inner", "Relation Name": "movie_info_idx", "Alias": "mi_idx", "Startup Cost": 7502.06, "Total Cost": 18288.66, "Plan Rows": 345008, "Plan Width": 8, "Recheck Cond": "(info_type_id = it.id), (LLVM Optimized)", "Plans": [{"Node Type": "Bitmap Index Scan", "Parent Relationship": "Outer", "Index Name": "info_type_id_movie_info_idx", "Startup Cost": 0.0, "Total Cost": 7415.81, "Plan Rows": 345008, "Plan Width": 0, "Index Cond": "(info_type_id = it.id)"}]}]}, {"Node Type": "Bitmap Heap Scan", "Parent Relationship": "Inner", "Relation Name": "title", "Alias": "t", "Startup Cost": 0.28, "Total Cost": 4.3, "Plan Rows": 1, "Plan Width": 25, "Recheck Cond": "(id = mi_idx.movie_id)", "Filter": "((production_year >= 2005) AND (production_year <= 2010))", "Plans": [{"Node Type": "Bitmap Index Scan", "Parent Relationship": "Outer", "Index Name": "title_pkey", "Startup Cost": 0.0, "Total Cost": 0.28, "Plan Rows": 1, "Plan Width": 0, "Index Cond": "(id = mi_idx.movie_id)"}]}]}, {"Node Type": "Bitmap Heap Scan", "Parent Relationship": "Inner", "Relation Name": "movie_companies", "Alias": "mc", "Startup Cost": 0.29, "Total Cost": 4.32, "Plan Rows": 2, "Plan Width": 32, "Recheck Cond": "(movie_id = mi_idx.movie_id)", "Filter": "((note)::text !~~ '%(as Metro-Goldwyn-Mayer Pictures)%'::text)", "Plans": [{"Node Type": "Bitmap Index Scan", "Parent Relationship": "Outer", "Index Name": "movie_id_movie_companies", "Startup Cost": 0.0, "Total Cost": 0.29, "Plan Rows": 2, "Plan Width": 0, "Index Cond": "(movie_id = mi_idx.movie_id)"}]}]}]}]}, "Unique SQL Id": 1162488282, "Planner Runtime": 3}, "explain_analyze_plan": {"Plan": {"Node Type": "Aggregate", "Strategy": "Plain", "Startup Cost": 3242481.36, "Total Cost": 3242481.37, "Plan Rows": 1, "Plan Width": 113, "Actual Startup Time": 0.424, "Actual Total Time": 0.425, "Actual Rows": 1, "Actual Loops": 1, "Plans": [{"Node Type": "Nested Loop", "Parent Relationship": "Outer", "Join Type": "Inner", "Startup Cost": 7519.72, "Total Cost": 3239991.32, "Plan Rows": 332005, "Plan Width": 45, "Actual Startup Time": 0.4, "Actual Total Time": 0.406, "Actual Rows": 3, "Actual Loops": 1, "Inner Unique": false, "Join Filter": "(mc.company_type_id = ct.id), (LLVM Optimized)", "Rows Removed by Join Filter": 63, "Plans": [{"Node Type": "Bitmap Heap Scan", "Parent Relationship": "Outer", "Relation Name": "company_type", "Alias": "ct", "Startup Cost": 8.27, "Total Cost": 12.3, "Plan Rows": 1, "Plan Width": 4, "Actual Startup Time": 0.038, "Actual Total Time": 0.039, "Actual Rows": 1, "Actual Loops": 1, "Filter": "((kind)::text = 'production companies'::text)", "Rows Removed by Filter": 2, "Exact Heap Blocks": 1, "Lossy Heap Blocks": 1, "Plans": [{"Node Type": "Bitmap Index Scan", "Parent Relationship": "Outer", "Index Name": "company_type_pkey", "Startup Cost": 0.0, "Total Cost": 8.27, "Plan Rows": 3, "Plan Width": 0, "Actual Startup Time": 0.014, "Actual Total Time": 0.014, "Actual Rows": 3, "Actual Loops": 1}]}, {"Node Type": "Nested Loop", "Parent Relationship": "Inner", "Join Type": "Inner", "Startup Cost": 7511.45, "Total Cost": 3233114.03, "Plan Rows": 549199, "Plan Width": 49, "Actual Startup Time": 0.197, "Actual Total Time": 0.347, "Actual Rows": 66, "Actual Loops": 1, "Inner Unique": false, "Join Filter": "(t.id = mc.movie_id), (LLVM Optimized)", "Rows Removed by Join Filter": 0, "Plans": [{"Node Type": "Nested Loop", "Parent Relationship": "Outer", "Join Type": "Inner", "Startup Cost": 7511.16, "Total Cost": 1509451.47, "Plan Rows": 396404, "Plan Width": 29, "Actual Startup Time": 0.157, "Actual Total Time": 0.196, "Actual Rows": 4, "Actual Loops": 1, "Inner Unique": true, "Plans": [{"Node Type": "Nested Loop", "Parent Relationship": "Outer", "Join Type": "Inner", "Startup Cost": 7510.87, "Total Cost": 21752.95, "Plan Rows": 345008, "Plan Width": 4, "Actual Startup Time": 0.087, "Actual Total Time": 0.091, "Actual Rows": 10, "Actual Loops": 1, "Inner Unique": false, "Plans": [{"Node Type": "Bitmap Heap Scan", "Parent Relationship": "Outer", "Relation Name": "info_type", "Alias": "it", "Startup Cost": 8.81, "Total Cost": 14.21, "Plan Rows": 1, "Plan Width": 4, "Actual Startup Time": 0.062, "Actual Total Time": 0.062, "Actual Rows": 1, "Actual Loops": 1, "Filter": "((info)::text = 'bottom 10 rank'::text)", "Rows Removed by Filter": 111, "Exact Heap Blocks": 1, "Lossy Heap Blocks": 1, "Plans": [{"Node Type": "Bitmap Index Scan", "Parent Relationship": "Outer", "Index Name": "info_type_pkey", "Startup Cost": 0.0, "Total Cost": 8.81, "Plan Rows": 112, "Plan Width": 0, "Actual Startup Time": 0.012, "Actual Total Time": 0.012, "Actual Rows": 112, "Actual Loops": 1}]}, {"Node Type": "Bitmap Heap Scan", "Parent Relationship": "Inner", "Relation Name": "movie_info_idx", "Alias": "mi_idx", "Startup Cost": 7502.06, "Total Cost": 18288.66, "Plan Rows": 345008, "Plan Width": 8, "Actual Startup Time": 0.022, "Actual Total Time": 0.022, "Actual Rows": 10, "Actual Loops": 1, "Recheck Cond": "(info_type_id = it.id), (LLVM Optimized)", "Rows Removed by Index Recheck": 0, "Exact Heap Blocks": 1, "Lossy Heap Blocks": 1, "Plans": [{"Node Type": "Bitmap Index Scan", "Parent Relationship": "Outer", "Index Name": "info_type_id_movie_info_idx", "Startup Cost": 0.0, "Total Cost": 7415.81, "Plan Rows": 345008, "Plan Width": 0, "Actual Startup Time": 0.012, "Actual Total Time": 0.012, "Actual Rows": 10, "Actual Loops": 1, "Index Cond": "(info_type_id = it.id)"}]}]}, {"Node Type": "Bitmap Heap Scan", "Parent Relationship": "Inner", "Relation Name": "title", "Alias": "t", "Startup Cost": 0.28, "Total Cost": 4.3, "Plan Rows": 1, "Plan Width": 25, "Actual Startup Time": 0.089, "Actual Total Time": 0.089, "Actual Rows": 4, "Actual Loops": 10, "Recheck Cond": "(id = mi_idx.movie_id)", "Rows Removed by Index Recheck": 0, "Filter": "((production_year >= 2005) AND (production_year <= 2010))", "Rows Removed by Filter": 6, "Exact Heap Blocks": 10, "Lossy Heap Blocks": 10, "Plans": [{"Node Type": "Bitmap Index Scan", "Parent Relationship": "Outer", "Index Name": "title_pkey", "Startup Cost": 0.0, "Total Cost": 0.28, "Plan Rows": 1, "Plan Width": 0, "Actual Startup Time": 0.057, "Actual Total Time": 0.057, "Actual Rows": 10, "Actual Loops": 10, "Index Cond": "(id = mi_idx.movie_id)"}]}]}, {"Node Type": "Bitmap Heap Scan", "Parent Relationship": "Inner", "Relation Name": "movie_companies", "Alias": "mc", "Startup Cost": 0.29, "Total Cost": 4.32, "Plan Rows": 2, "Plan Width": 32, "Actual Startup Time": 0.073, "Actual Total Time": 0.116, "Actual Rows": 66, "Actual Loops": 4, "Recheck Cond": "(movie_id = mi_idx.movie_id)", "Rows Removed by Index Recheck": 0, "Filter": "((note)::text !~~ '%(as Metro-Goldwyn-Mayer Pictures)%'::text)", "Rows Removed by Filter": 7, "Exact Heap Blocks": 9, "Lossy Heap Blocks": 9, "Plans": [{"Node Type": "Bitmap Index Scan", "Parent Relationship": "Outer", "Index Name": "movie_id_movie_companies", "Startup Cost": 0.0, "Total Cost": 0.29, "Plan Rows": 2, "Plan Width": 0, "Actual Startup Time": 0.036, "Actual Total Time": 0.036, "Actual Rows": 73, "Actual Loops": 4, "Index Cond": "(movie_id = mi_idx.movie_id)"}]}]}]}]}, "Triggers": [], "Planner Runtime": 2.835, "Total Runtime": 10.327, "Unique SQL Id": 1162488282}}, "(16, '52')": {"explain_plan": {"Plan": {"Node Type": "Aggregate", "Strategy": "Plain", "Startup Cost": 329380.46, "Total Cost": 329380.47, "Plan Rows": 1, "Plan Width": 113, "Plans": [{"Node Type": "Nested Loop", "Parent Relationship": "Outer", "Join Type": "Inner", "Startup Cost": 7502.06, "Total Cost": 326890.42, "Plan Rows": 332005, "Plan Width": 45, "Inner Unique": false, "Join Filter": "(mc.company_type_id = ct.id), (LLVM Optimized)", "Plans": [{"Node Type": "Seq Scan", "Parent Relationship": "Outer", "Relation Name": "company_type", "Alias": "ct", "Startup Cost": 0.0, "Total Cost": 1.04, "Plan Rows": 1, "Plan Width": 4, "Filter": "((kind)::text = 'production companies'::text)"}, {"Node Type": "Nested Loop", "Parent Relationship": "Inner", "Join Type": "Inner", "Startup Cost": 7502.06, "Total Cost": 320024.4, "Plan Rows": 549199, "Plan Width": 49, "Inner Unique": false, "Join Filter": "(t.id = mc.movie_id), (LLVM Optimized)", "Plans": [{"Node Type": "Nested Loop", "Parent Relationship": "Outer", "Join Type": "Inner", "Startup Cost": 7502.06, "Total Cost": 164107.36, "Plan Rows": 396404, "Plan Width": 29, "Inner Unique": true, "Plans": [{"Node Type": "Nested Loop", "Parent Relationship": "Outer", "Join Type": "Inner", "Startup Cost": 7502.06, "Total Cost": 21741.14, "Plan Rows": 345008, "Plan Width": 4, "Inner Unique": false, "Plans": [{"Node Type": "Seq Scan", "Parent Relationship": "Outer", "Relation Name": "info_type", "Alias": "it", "Startup Cost": 0.0, "Total Cost": 2.4, "Plan Rows": 1, "Plan Width": 4, "Filter": "((info)::text = 'bottom 10 rank'::text)"}, {"Node Type": "Bitmap Heap Scan", "Parent Relationship": "Inner", "Relation Name": "movie_info_idx", "Alias": "mi_idx", "Startup Cost": 7502.06, "Total Cost": 18288.66, "Plan Rows": 345008, "Plan Width": 8, "Recheck Cond": "(info_type_id = it.id), (LLVM Optimized)", "Plans": [{"Node Type": "Bitmap Index Scan", "Parent Relationship": "Outer", "Index Name": "info_type_id_movie_info_idx", "Startup Cost": 0.0, "Total Cost": 7415.81, "Plan Rows": 345008, "Plan Width": 0, "Index Cond": "(info_type_id = it.id)"}]}]}, {"Node Type": "Index Scan", "Parent Relationship": "Inner", "Scan Direction": "Forward", "Index Name": "title_pkey", "Relation Name": "title", "Alias": "t", "Startup Cost": 0.0, "Total Cost": 0.4, "Plan Rows": 1, "Plan Width": 25, "Index Cond": "(id = mi_idx.movie_id)", "Filter": "((production_year >= 2005) AND (production_year <= 2010))"}]}, {"Node Type": "Index Scan", "Parent Relationship": "Inner", "Scan Direction": "Forward", "Index Name": "movie_id_movie_companies", "Relation Name": "movie_companies", "Alias": "mc", "Startup Cost": 0.0, "Total Cost": 0.37, "Plan Rows": 2, "Plan Width": 32, "Index Cond": "(movie_id = mi_idx.movie_id)", "Filter": "((note)::text !~~ '%(as Metro-Goldwyn-Mayer Pictures)%'::text)"}]}]}]}, "Unique SQL Id": 1162488282, "Planner Runtime": 3}, "explain_analyze_plan": {"Plan": {"Node Type": "Aggregate", "Strategy": "Plain", "Startup Cost": 329380.46, "Total Cost": 329380.47, "Plan Rows": 1, "Plan Width": 113, "Actual Startup Time": 0.51, "Actual Total Time": 0.51, "Actual Rows": 1, "Actual Loops": 1, "Plans": [{"Node Type": "Nested Loop", "Parent Relationship": "Outer", "Join Type": "Inner", "Startup Cost": 7502.06, "Total Cost": 326890.42, "Plan Rows": 332005, "Plan Width": 45, "Actual Startup Time": 0.481, "Actual Total Time": 0.494, "Actual Rows": 3, "Actual Loops": 1, "Inner Unique": false, "Join Filter": "(mc.company_type_id = ct.id), (LLVM Optimized)", "Rows Removed by Join Filter": 63, "Plans": [{"Node Type": "Seq Scan", "Parent Relationship": "Outer", "Relation Name": "company_type", "Alias": "ct", "Startup Cost": 0.0, "Total Cost": 1.04, "Plan Rows": 1, "Plan Width": 4, "Actual Startup Time": 0.022, "Actual Total Time": 0.024, "Actual Rows": 1, "Actual Loops": 1, "Filter": "((kind)::text = 'production companies'::text)", "Rows Removed by Filter": 2}, {"Node Type": "Nested Loop", "Parent Relationship": "Inner", "Join Type": "Inner", "Startup Cost": 7502.06, "Total Cost": 320024.4, "Plan Rows": 549199, "Plan Width": 49, "Actual Startup Time": 0.235, "Actual Total Time": 0.447, "Actual Rows": 66, "Actual Loops": 1, "Inner Unique": false, "Join Filter": "(t.id = mc.movie_id), (LLVM Optimized)", "Rows Removed by Join Filter": 0, "Plans": [{"Node Type": "Nested Loop", "Parent Relationship": "Outer", "Join Type": "Inner", "Startup Cost": 7502.06, "Total Cost": 164107.36, "Plan Rows": 396404, "Plan Width": 29, "Actual Startup Time": 0.209, "Actual Total Time": 0.273, "Actual Rows": 4, "Actual Loops": 1, "Inner Unique": true, "Plans": [{"Node Type": "Nested Loop", "Parent Relationship": "Outer", "Join Type": "Inner", "Startup Cost": 7502.06, "Total Cost": 21741.14, "Plan Rows": 345008, "Plan Width": 4, "Actual Startup Time": 0.093, "Actual Total Time": 0.102, "Actual Rows": 10, "Actual Loops": 1, "Inner Unique": false, "Plans": [{"Node Type": "Seq Scan", "Parent Relationship": "Outer", "Relation Name": "info_type", "Alias": "it", "Startup Cost": 0.0, "Total Cost": 2.4, "Plan Rows": 1, "Plan Width": 4, "Actual Startup Time": 0.053, "Actual Total Time": 0.058, "Actual Rows": 1, "Actual Loops": 1, "Filter": "((info)::text = 'bottom 10 rank'::text)", "Rows Removed by Filter": 111}, {"Node Type": "Bitmap Heap Scan", "Parent Relationship": "Inner", "Relation Name": "movie_info_idx", "Alias": "mi_idx", "Startup Cost": 7502.06, "Total Cost": 18288.66, "Plan Rows": 345008, "Plan Width": 8, "Actual Startup Time": 0.034, "Actual Total Time": 0.035, "Actual Rows": 10, "Actual Loops": 1, "Recheck Cond": "(info_type_id = it.id), (LLVM Optimized)", "Rows Removed by Index Recheck": 0, "Exact Heap Blocks": 1, "Lossy Heap Blocks": 1, "Plans": [{"Node Type": "Bitmap Index Scan", "Parent Relationship": "Outer", "Index Name": "info_type_id_movie_info_idx", "Startup Cost": 0.0, "Total Cost": 7415.81, "Plan Rows": 345008, "Plan Width": 0, "Actual Startup Time": 0.022, "Actual Total Time": 0.022, "Actual Rows": 10, "Actual Loops": 1, "Index Cond": "(info_type_id = it.id)"}]}]}, {"Node Type": "Index Scan", "Parent Relationship": "Inner", "Scan Direction": "Forward", "Index Name": "title_pkey", "Relation Name": "title", "Alias": "t", "Startup Cost": 0.0, "Total Cost": 0.4, "Plan Rows": 1, "Plan Width": 25, "Actual Startup Time": 0.164, "Actual Total Time": 0.164, "Actual Rows": 4, "Actual Loops": 10, "Index Cond": "(id = mi_idx.movie_id)", "Rows Removed by Index Recheck": 0, "Filter": "((production_year >= 2005) AND (production_year <= 2010))", "Rows Removed by Filter": 6}]}, {"Node Type": "Index Scan", "Parent Relationship": "Inner", "Scan Direction": "Forward", "Index Name": "movie_id_movie_companies", "Relation Name": "movie_companies", "Alias": "mc", "Startup Cost": 0.0, "Total Cost": 0.37, "Plan Rows": 2, "Plan Width": 32, "Actual Startup Time": 0.072, "Actual Total Time": 0.15, "Actual Rows": 66, "Actual Loops": 4, "Index Cond": "(movie_id = mi_idx.movie_id)", "Rows Removed by Index Recheck": 0, "Filter": "((note)::text !~~ '%(as Metro-Goldwyn-Mayer Pictures)%'::text)", "Rows Removed by Filter": 7}]}]}]}, "Triggers": [], "Planner Runtime": 3.187, "Total Runtime": 10.355, "Unique SQL Id": 1162488282}}, "(16, '53')": {"explain_plan": {"Plan": {"Node Type": "Aggregate", "Strategy": "Plain", "Startup Cost": 329403.54, "Total Cost": 329403.55, "Plan Rows": 1, "Plan Width": 113, "Plans": [{"Node Type": "Nested Loop", "Parent Relationship": "Outer", "Join Type": "Inner", "Startup Cost": 7502.06, "Total Cost": 326913.5, "Plan Rows": 332005, "Plan Width": 45, "Inner Unique": false, "Join Filter": "(mc.company_type_id = ct.id), (LLVM Optimized)", "Plans": [{"Node Type": "Index Scan", "Parent Relationship": "Outer", "Scan Direction": "Forward", "Index Name": "company_type_pkey", "Relation Name": "company_type", "Alias": "ct", "Startup Cost": 0.0, "Total Cost": 12.3, "Plan Rows": 1, "Plan Width": 4, "Filter": "((kind)::text = 'production companies'::text)"}, {"Node Type": "Nested Loop", "Parent Relationship": "Inner", "Join Type": "Inner", "Startup Cost": 7502.06, "Total Cost": 320036.21, "Plan Rows": 549199, "Plan Width": 49, "Inner Unique": false, "Join Filter": "(t.id = mc.movie_id), (LLVM Optimized)", "Plans": [{"Node Type": "Nested Loop", "Parent Relationship": "Outer", "Join Type": "Inner", "Startup Cost": 7502.06, "Total Cost": 164119.17, "Plan Rows": 396404, "Plan Width": 29, "Inner Unique": true, "Plans": [{"Node Type": "Nested Loop", "Parent Relationship": "Outer", "Join Type": "Inner", "Startup Cost": 7502.06, "Total Cost": 21752.95, "Plan Rows": 345008, "Plan Width": 4, "Inner Unique": false, "Plans": [{"Node Type": "Index Scan", "Parent Relationship": "Outer", "Scan Direction": "Forward", "Index Name": "info_type_pkey", "Relation Name": "info_type", "Alias": "it", "Startup Cost": 0.0, "Total Cost": 14.21, "Plan Rows": 1, "Plan Width": 4, "Filter": "((info)::text = 'bottom 10 rank'::text)"}, {"Node Type": "Bitmap Heap Scan", "Parent Relationship": "Inner", "Relation Name": "movie_info_idx", "Alias": "mi_idx", "Startup Cost": 7502.06, "Total Cost": 18288.66, "Plan Rows": 345008, "Plan Width": 8, "Recheck Cond": "(info_type_id = it.id), (LLVM Optimized)", "Plans": [{"Node Type": "Bitmap Index Scan", "Parent Relationship": "Outer", "Index Name": "info_type_id_movie_info_idx", "Startup Cost": 0.0, "Total Cost": 7415.81, "Plan Rows": 345008, "Plan Width": 0, "Index Cond": "(info_type_id = it.id)"}]}]}, {"Node Type": "Index Scan", "Parent Relationship": "Inner", "Scan Direction": "Forward", "Index Name": "title_pkey", "Relation Name": "title", "Alias": "t", "Startup Cost": 0.0, "Total Cost": 0.4, "Plan Rows": 1, "Plan Width": 25, "Index Cond": "(id = mi_idx.movie_id)", "Filter": "((production_year >= 2005) AND (production_year <= 2010))"}]}, {"Node Type": "Index Scan", "Parent Relationship": "Inner", "Scan Direction": "Forward", "Index Name": "movie_id_movie_companies", "Relation Name": "movie_companies", "Alias": "mc", "Startup Cost": 0.0, "Total Cost": 0.37, "Plan Rows": 2, "Plan Width": 32, "Index Cond": "(movie_id = mi_idx.movie_id)", "Filter": "((note)::text !~~ '%(as Metro-Goldwyn-Mayer Pictures)%'::text)"}]}]}]}, "Unique SQL Id": 1162488282, "Planner Runtime": 3}, "explain_analyze_plan": {"Plan": {"Node Type": "Aggregate", "Strategy": "Plain", "Startup Cost": 329403.54, "Total Cost": 329403.55, "Plan Rows": 1, "Plan Width": 113, "Actual Startup Time": 0.352, "Actual Total Time": 0.352, "Actual Rows": 1, "Actual Loops": 1, "Plans": [{"Node Type": "Nested Loop", "Parent Relationship": "Outer", "Join Type": "Inner", "Startup Cost": 7502.06, "Total Cost": 326913.5, "Plan Rows": 332005, "Plan Width": 45, "Actual Startup Time": 0.33, "Actual Total Time": 0.339, "Actual Rows": 3, "Actual Loops": 1, "Inner Unique": false, "Join Filter": "(mc.company_type_id = ct.id), (LLVM Optimized)", "Rows Removed by Join Filter": 63, "Plans": [{"Node Type": "Index Scan", "Parent Relationship": "Outer", "Scan Direction": "Forward", "Index Name": "company_type_pkey", "Relation Name": "company_type", "Alias": "ct", "Startup Cost": 0.0, "Total Cost": 12.3, "Plan Rows": 1, "Plan Width": 4, "Actual Startup Time": 0.021, "Actual Total Time": 0.024, "Actual Rows": 1, "Actual Loops": 1, "Filter": "((kind)::text = 'production companies'::text)", "Rows Removed by Filter": 2}, {"Node Type": "Nested Loop", "Parent Relationship": "Inner", "Join Type": "Inner", "Startup Cost": 7502.06, "Total Cost": 320036.21, "Plan Rows": 549199, "Plan Width": 49, "Actual Startup Time": 0.162, "Actual Total Time": 0.296, "Actual Rows": 66, "Actual Loops": 1, "Inner Unique": false, "Join Filter": "(t.id = mc.movie_id), (LLVM Optimized)", "Rows Removed by Join Filter": 0, "Plans": [{"Node Type": "Nested Loop", "Parent Relationship": "Outer", "Join Type": "Inner", "Startup Cost": 7502.06, "Total Cost": 164119.17, "Plan Rows": 396404, "Plan Width": 29, "Actual Startup Time": 0.145, "Actual Total Time": 0.174, "Actual Rows": 4, "Actual Loops": 1, "Inner Unique": true, "Plans": [{"Node Type": "Nested Loop", "Parent Relationship": "Outer", "Join Type": "Inner", "Startup Cost": 7502.06, "Total Cost": 21752.95, "Plan Rows": 345008, "Plan Width": 4, "Actual Startup Time": 0.089, "Actual Total Time": 0.093, "Actual Rows": 10, "Actual Loops": 1, "Inner Unique": false, "Plans": [{"Node Type": "Index Scan", "Parent Relationship": "Outer", "Scan Direction": "Forward", "Index Name": "info_type_pkey", "Relation Name": "info_type", "Alias": "it", "Startup Cost": 0.0, "Total Cost": 14.21, "Plan Rows": 1, "Plan Width": 4, "Actual Startup Time": 0.066, "Actual Total Time": 0.067, "Actual Rows": 1, "Actual Loops": 1, "Filter": "((info)::text = 'bottom 10 rank'::text)", "Rows Removed by Filter": 111}, {"Node Type": "Bitmap Heap Scan", "Parent Relationship": "Inner", "Relation Name": "movie_info_idx", "Alias": "mi_idx", "Startup Cost": 7502.06, "Total Cost": 18288.66, "Plan Rows": 345008, "Plan Width": 8, "Actual Startup Time": 0.018, "Actual Total Time": 0.019, "Actual Rows": 10, "Actual Loops": 1, "Recheck Cond": "(info_type_id = it.id), (LLVM Optimized)", "Rows Removed by Index Recheck": 0, "Exact Heap Blocks": 1, "Lossy Heap Blocks": 1, "Plans": [{"Node Type": "Bitmap Index Scan", "Parent Relationship": "Outer", "Index Name": "info_type_id_movie_info_idx", "Startup Cost": 0.0, "Total Cost": 7415.81, "Plan Rows": 345008, "Plan Width": 0, "Actual Startup Time": 0.011, "Actual Total Time": 0.011, "Actual Rows": 10, "Actual Loops": 1, "Index Cond": "(info_type_id = it.id)"}]}]}, {"Node Type": "Index Scan", "Parent Relationship": "Inner", "Scan Direction": "Forward", "Index Name": "title_pkey", "Relation Name": "title", "Alias": "t", "Startup Cost": 0.0, "Total Cost": 0.4, "Plan Rows": 1, "Plan Width": 25, "Actual Startup Time": 0.07, "Actual Total Time": 0.07, "Actual Rows": 4, "Actual Loops": 10, "Index Cond": "(id = mi_idx.movie_id)", "Rows Removed by Index Recheck": 0, "Filter": "((production_year >= 2005) AND (production_year <= 2010))", "Rows Removed by Filter": 6}]}, {"Node Type": "Index Scan", "Parent Relationship": "Inner", "Scan Direction": "Forward", "Index Name": "movie_id_movie_companies", "Relation Name": "movie_companies", "Alias": "mc", "Startup Cost": 0.0, "Total Cost": 0.37, "Plan Rows": 2, "Plan Width": 32, "Actual Startup Time": 0.039, "Actual Total Time": 0.096, "Actual Rows": 66, "Actual Loops": 4, "Index Cond": "(movie_id = mi_idx.movie_id)", "Rows Removed by Index Recheck": 0, "Filter": "((note)::text !~~ '%(as Metro-Goldwyn-Mayer Pictures)%'::text)", "Rows Removed by Filter": 7}]}]}]}, "Triggers": [], "Planner Runtime": 2.984, "Total Runtime": 10.262, "Unique SQL Id": 1162488282}}, "(16, '54')": {"explain_plan": {"Plan": {"Node Type": "Aggregate", "Strategy": "Plain", "Startup Cost": 3260511.16, "Total Cost": 3260511.17, "Plan Rows": 1, "Plan Width": 113, "Plans": [{"Node Type": "Nested Loop", "Parent Relationship": "Outer", "Join Type": "Inner", "Startup Cost": 0.58, "Total Cost": 3258021.12, "Plan Rows": 332005, "Plan Width": 45, "Inner Unique": false, "Join Filter": "(mc.company_type_id = ct.id), (LLVM Optimized)", "Plans": [{"Node Type": "Seq Scan", "Parent Relationship": "Outer", "Relation Name": "company_type", "Alias": "ct", "Startup Cost": 0.0, "Total Cost": 1.04, "Plan Rows": 1, "Plan Width": 4, "Filter": "((kind)::text = 'production companies'::text)"}, {"Node Type": "Materialize", "Parent Relationship": "Inner", "Startup Cost": 0.58, "Total Cost": 3252528.09, "Plan Rows": 549199, "Plan Width": 49, "Plans": [{"Node Type": "Nested Loop", "Parent Relationship": "Outer", "Join Type": "Inner", "Startup Cost": 0.58, "Total Cost": 3251155.1, "Plan Rows": 549199, "Plan Width": 49, "Inner Unique": false, "Join Filter": "(t.id = mc.movie_id), (LLVM Optimized)", "Plans": [{"Node Type": "Nested Loop", "Parent Relationship": "Outer", "Join Type": "Inner", "Startup Cost": 0.28, "Total Cost": 1527492.54, "Plan Rows": 396404, "Plan Width": 29, "Inner Unique": true, "Plans": [{"Node Type": "Streaming(type: LOCAL GATHER dop: 1/16)", "Parent Relationship": "Outer", "Startup Cost": 0.0, "Total Cost": 39794.02, "Plan Rows": 345008, "Plan Width": 4, "Plans": [{"Node Type": "Nested Loop", "Parent Relationship": "Outer", "Join Type": "Inner", "Startup Cost": 0.0, "Total Cost": 32348.04, "Plan Rows": 345008, "Plan Width": 4, "Inner Unique": false, "Join Filter": "(it.id = mi_idx.info_type_id), (LLVM Optimized)", "Plans": [{"Node Type": "Streaming(type: BROADCAST dop: 16/1)", "Parent Relationship": "Outer", "Startup Cost": 0.0, "Total Cost": 15002.75, "Plan Rows": 16, "Plan Width": 4, "Plans": [{"Node Type": "Seq Scan", "Parent Relationship": "Outer", "Relation Name": "info_type", "Alias": "it", "Startup Cost": 0.0, "Total Cost": 2.4, "Plan Rows": 1, "Plan Width": 4, "Filter": "((info)::text = 'bottom 10 rank'::text)"}]}, {"Node Type": "Seq Scan", "Parent Relationship": "Inner", "Relation Name": "movie_info_idx", "Alias": "mi_idx", "Startup Cost": 0.0, "Total Cost": 16267.15, "Plan Rows": 1380034, "Plan Width": 8}]}]}, {"Node Type": "Bitmap Heap Scan", "Parent Relationship": "Inner", "Relation Name": "title", "Alias": "t", "Startup Cost": 0.28, "Total Cost": 4.3, "Plan Rows": 1, "Plan Width": 25, "Recheck Cond": "(id = mi_idx.movie_id)", "Filter": "((production_year >= 2005) AND (production_year <= 2010))", "Plans": [{"Node Type": "Bitmap Index Scan", "Parent Relationship": "Outer", "Index Name": "title_pkey", "Startup Cost": 0.0, "Total Cost": 0.28, "Plan Rows": 1, "Plan Width": 0, "Index Cond": "(id = mi_idx.movie_id)"}]}]}, {"Node Type": "Bitmap Heap Scan", "Parent Relationship": "Inner", "Relation Name": "movie_companies", "Alias": "mc", "Startup Cost": 0.29, "Total Cost": 4.32, "Plan Rows": 2, "Plan Width": 32, "Recheck Cond": "(movie_id = mi_idx.movie_id)", "Filter": "((note)::text !~~ '%(as Metro-Goldwyn-Mayer Pictures)%'::text)", "Plans": [{"Node Type": "Bitmap Index Scan", "Parent Relationship": "Outer", "Index Name": "movie_id_movie_companies", "Startup Cost": 0.0, "Total Cost": 0.29, "Plan Rows": 2, "Plan Width": 0, "Index Cond": "(movie_id = mi_idx.movie_id)"}]}]}]}]}]}, "Unique SQL Id": 1162488282, "Planner Runtime": 3}, "explain_analyze_plan": {"Plan": {"Node Type": "Aggregate", "Strategy": "Plain", "Startup Cost": 3260511.16, "Total Cost": 3260511.17, "Plan Rows": 1, "Plan Width": 113, "Actual Min Startup Time": 76.113, "Actual Max Startup Time": 76.113, "Actual Min Total Time": 76.113, "Actual Max Total Time": 76.113, "Plans": [{"Node Type": "Nested Loop", "Parent Relationship": "Outer", "Join Type": "Inner", "Startup Cost": 0.58, "Total Cost": 3258021.12, "Plan Rows": 332005, "Plan Width": 45, "Actual Min Startup Time": 76.08, "Actual Max Startup Time": 76.08, "Actual Min Total Time": 76.084, "Actual Max Total Time": 76.084, "Inner Unique": false, "Join Filter": "(mc.company_type_id = ct.id), (LLVM Optimized)", "Rows Removed by Join Filter": 63, "Plans": [{"Node Type": "Seq Scan", "Parent Relationship": "Outer", "Relation Name": "company_type", "Alias": "ct", "Startup Cost": 0.0, "Total Cost": 1.04, "Plan Rows": 1, "Plan Width": 4, "Actual Min Startup Time": 0.021, "Actual Max Startup Time": 0.021, "Actual Min Total Time": 0.023, "Actual Max Total Time": 0.023, "Filter": "((kind)::text = 'production companies'::text)", "Rows Removed by Filter": 2, "Actual Rows": 1}, {"Node Type": "Materialize", "Parent Relationship": "Inner", "Startup Cost": 0.58, "Total Cost": 3252528.09, "Plan Rows": 549199, "Plan Width": 49, "Actual Min Startup Time": 76.028, "Actual Max Startup Time": 76.028, "Actual Min Total Time": 76.036, "Actual Max Total Time": 76.036, "Plans": [{"Node Type": "Nested Loop", "Parent Relationship": "Outer", "Join Type": "Inner", "Startup Cost": 0.58, "Total Cost": 3251155.1, "Plan Rows": 549199, "Plan Width": 49, "Actual Min Startup Time": 68.964, "Actual Max Startup Time": 68.964, "Actual Min Total Time": 76.003, "Actual Max Total Time": 76.003, "Inner Unique": false, "Join Filter": "(t.id = mc.movie_id), (LLVM Optimized)", "Rows Removed by Join Filter": 0, "Plans": [{"Node Type": "Nested Loop", "Parent Relationship": "Outer", "Join Type": "Inner", "Startup Cost": 0.28, "Total Cost": 1527492.54, "Plan Rows": 396404, "Plan Width": 29, "Actual Min Startup Time": 68.888, "Actual Max Startup Time": 68.888, "Actual Min Total Time": 75.783, "Actual Max Total Time": 75.783, "Inner Unique": true, "Plans": [{"Node Type": "Streaming(type: LOCAL GATHER dop: 1/16)", "Parent Relationship": "Outer", "Startup Cost": 0.0, "Total Cost": 39794.02, "Plan Rows": 345008, "Plan Width": 4, "Actual Min Startup Time": 68.703, "Actual Max Startup Time": 68.703, "Actual Min Total Time": 75.543, "Actual Max Total Time": 75.543, "Plans": [{"Node Type": "Nested Loop", "Parent Relationship": "Outer", "Join Type": "Inner", "Startup Cost": 0.0, "Total Cost": 32348.04, "Plan Rows": 345008, "Plan Width": 4, "Actual Min Startup Time": 34.759, "Actual Max Startup Time": 41.151, "Actual Min Total Time": 34.759, "Actual Max Total Time": 41.161, "Inner Unique": false, "Join Filter": "(it.id = mi_idx.info_type_id), (LLVM Optimized)", "Rows Removed by Join Filter": 1380024, "Plans": [{"Node Type": "Streaming(type: BROADCAST dop: 16/1)", "Parent Relationship": "Outer", "Startup Cost": 0.0, "Total Cost": 15002.75, "Plan Rows": 16, "Plan Width": 4, "Actual Min Startup Time": 0.003, "Actual Max Startup Time": 0.008, "Actual Min Total Time": 0.003, "Actual Max Total Time": 0.01, "Plans": [{"Node Type": "Seq Scan", "Parent Relationship": "Outer", "Relation Name": "info_type", "Alias": "it", "Startup Cost": 0.0, "Total Cost": 2.4, "Plan Rows": 1, "Plan Width": 4, "Actual Min Startup Time": 0.076, "Actual Max Startup Time": 0.076, "Actual Min Total Time": 0.079, "Actual Max Total Time": 0.079, "Filter": "((info)::text = 'bottom 10 rank'::text)", "Rows Removed by Filter": 111, "Actual Rows": 1}], "Actual Rows": 16}, {"Node Type": "Seq Scan", "Parent Relationship": "Inner", "Relation Name": "movie_info_idx", "Alias": "mi_idx", "Startup Cost": 0.0, "Total Cost": 16267.15, "Plan Rows": 1380034, "Plan Width": 8, "Actual Min Startup Time": 0.032, "Actual Max Startup Time": 0.04, "Actual Min Total Time": 18.566, "Actual Max Total Time": 21.957, "Actual Rows": 1380034}], "Actual Rows": 10}], "Actual Rows": 10}, {"Node Type": "Bitmap Heap Scan", "Parent Relationship": "Inner", "Relation Name": "title", "Alias": "t", "Startup Cost": 0.28, "Total Cost": 4.3, "Plan Rows": 1, "Plan Width": 25, "Actual Min Startup Time": 0.208, "Actual Max Startup Time": 0.208, "Actual Min Total Time": 0.208, "Actual Max Total Time": 0.208, "Recheck Cond": "(id = mi_idx.movie_id)", "Rows Removed by Index Recheck": 0, "Filter": "((production_year >= 2005) AND (production_year <= 2010))", "Rows Removed by Filter": 6, "Exact Heap Blocks": 10, "Lossy Heap Blocks": 10, "Plans": [{"Node Type": "Bitmap Index Scan", "Parent Relationship": "Outer", "Index Name": "title_pkey", "Startup Cost": 0.0, "Total Cost": 0.28, "Plan Rows": 1, "Plan Width": 0, "Actual Min Startup Time": 0.117, "Actual Max Startup Time": 0.117, "Actual Min Total Time": 0.117, "Actual Max Total Time": 0.117, "Index Cond": "(id = mi_idx.movie_id)", "Actual Rows": 10}], "Actual Rows": 4}], "Actual Rows": 4}, {"Node Type": "Bitmap Heap Scan", "Parent Relationship": "Inner", "Relation Name": "movie_companies", "Alias": "mc", "Startup Cost": 0.29, "Total Cost": 4.32, "Plan Rows": 2, "Plan Width": 32, "Actual Min Startup Time": 0.128, "Actual Max Startup Time": 0.128, "Actual Min Total Time": 0.192, "Actual Max Total Time": 0.192, "Recheck Cond": "(movie_id = mi_idx.movie_id)", "Rows Removed by Index Recheck": 0, "Filter": "((note)::text !~~ '%(as Metro-Goldwyn-Mayer Pictures)%'::text)", "Rows Removed by Filter": 7, "Exact Heap Blocks": 9, "Lossy Heap Blocks": 9, "Plans": [{"Node Type": "Bitmap Index Scan", "Parent Relationship": "Outer", "Index Name": "movie_id_movie_companies", "Startup Cost": 0.0, "Total Cost": 0.29, "Plan Rows": 2, "Plan Width": 0, "Actual Min Startup Time": 0.055, "Actual Max Startup Time": 0.055, "Actual Min Total Time": 0.055, "Actual Max Total Time": 0.055, "Index Cond": "(movie_id = mi_idx.movie_id)", "Actual Rows": 73}], "Actual Rows": 66}], "Actual Rows": 66}], "Actual Rows": 67}], "Actual Rows": 3}], "Actual Rows": 1}, "Triggers": [], "Planner Runtime": 3.714, "Total Runtime": 90.707, "Unique SQL Id": 1162488282}}, "(16, '55')": {"explain_plan": {"Plan": {"Node Type": "Aggregate", "Strategy": "Plain", "Startup Cost": 3242481.36, "Total Cost": 3242481.37, "Plan Rows": 1, "Plan Width": 113, "Plans": [{"Node Type": "Nested Loop", "Parent Relationship": "Outer", "Join Type": "Inner", "Startup Cost": 7519.72, "Total Cost": 3239991.32, "Plan Rows": 332005, "Plan Width": 45, "Inner Unique": false, "Join Filter": "(mc.company_type_id = ct.id), (LLVM Optimized)", "Plans": [{"Node Type": "Bitmap Heap Scan", "Parent Relationship": "Outer", "Relation Name": "company_type", "Alias": "ct", "Startup Cost": 8.27, "Total Cost": 12.3, "Plan Rows": 1, "Plan Width": 4, "Filter": "((kind)::text = 'production companies'::text)", "Plans": [{"Node Type": "Bitmap Index Scan", "Parent Relationship": "Outer", "Index Name": "company_type_pkey", "Startup Cost": 0.0, "Total Cost": 8.27, "Plan Rows": 3, "Plan Width": 0}]}, {"Node Type": "Nested Loop", "Parent Relationship": "Inner", "Join Type": "Inner", "Startup Cost": 7511.45, "Total Cost": 3233114.03, "Plan Rows": 549199, "Plan Width": 49, "Inner Unique": false, "Join Filter": "(t.id = mc.movie_id), (LLVM Optimized)", "Plans": [{"Node Type": "Nested Loop", "Parent Relationship": "Outer", "Join Type": "Inner", "Startup Cost": 7511.16, "Total Cost": 1509451.47, "Plan Rows": 396404, "Plan Width": 29, "Inner Unique": true, "Plans": [{"Node Type": "Nested Loop", "Parent Relationship": "Outer", "Join Type": "Inner", "Startup Cost": 7510.87, "Total Cost": 21752.95, "Plan Rows": 345008, "Plan Width": 4, "Inner Unique": false, "Plans": [{"Node Type": "Bitmap Heap Scan", "Parent Relationship": "Outer", "Relation Name": "info_type", "Alias": "it", "Startup Cost": 8.81, "Total Cost": 14.21, "Plan Rows": 1, "Plan Width": 4, "Filter": "((info)::text = 'bottom 10 rank'::text)", "Plans": [{"Node Type": "Bitmap Index Scan", "Parent Relationship": "Outer", "Index Name": "info_type_pkey", "Startup Cost": 0.0, "Total Cost": 8.81, "Plan Rows": 112, "Plan Width": 0}]}, {"Node Type": "Bitmap Heap Scan", "Parent Relationship": "Inner", "Relation Name": "movie_info_idx", "Alias": "mi_idx", "Startup Cost": 7502.06, "Total Cost": 18288.66, "Plan Rows": 345008, "Plan Width": 8, "Recheck Cond": "(info_type_id = it.id), (LLVM Optimized)", "Plans": [{"Node Type": "Bitmap Index Scan", "Parent Relationship": "Outer", "Index Name": "info_type_id_movie_info_idx", "Startup Cost": 0.0, "Total Cost": 7415.81, "Plan Rows": 345008, "Plan Width": 0, "Index Cond": "(info_type_id = it.id)"}]}]}, {"Node Type": "Bitmap Heap Scan", "Parent Relationship": "Inner", "Relation Name": "title", "Alias": "t", "Startup Cost": 0.28, "Total Cost": 4.3, "Plan Rows": 1, "Plan Width": 25, "Recheck Cond": "(id = mi_idx.movie_id)", "Filter": "((production_year >= 2005) AND (production_year <= 2010))", "Plans": [{"Node Type": "Bitmap Index Scan", "Parent Relationship": "Outer", "Index Name": "title_pkey", "Startup Cost": 0.0, "Total Cost": 0.28, "Plan Rows": 1, "Plan Width": 0, "Index Cond": "(id = mi_idx.movie_id)"}]}]}, {"Node Type": "Bitmap Heap Scan", "Parent Relationship": "Inner", "Relation Name": "movie_companies", "Alias": "mc", "Startup Cost": 0.29, "Total Cost": 4.32, "Plan Rows": 2, "Plan Width": 32, "Recheck Cond": "(movie_id = mi_idx.movie_id)", "Filter": "((note)::text !~~ '%(as Metro-Goldwyn-Mayer Pictures)%'::text)", "Plans": [{"Node Type": "Bitmap Index Scan", "Parent Relationship": "Outer", "Index Name": "movie_id_movie_companies", "Startup Cost": 0.0, "Total Cost": 0.29, "Plan Rows": 2, "Plan Width": 0, "Index Cond": "(movie_id = mi_idx.movie_id)"}]}]}]}]}, "Unique SQL Id": 1162488282, "Planner Runtime": 2}, "explain_analyze_plan": {"Plan": {"Node Type": "Aggregate", "Strategy": "Plain", "Startup Cost": 3242481.36, "Total Cost": 3242481.37, "Plan Rows": 1, "Plan Width": 113, "Actual Startup Time": 0.424, "Actual Total Time": 0.425, "Actual Rows": 1, "Actual Loops": 1, "Plans": [{"Node Type": "Nested Loop", "Parent Relationship": "Outer", "Join Type": "Inner", "Startup Cost": 7519.72, "Total Cost": 3239991.32, "Plan Rows": 332005, "Plan Width": 45, "Actual Startup Time": 0.4, "Actual Total Time": 0.406, "Actual Rows": 3, "Actual Loops": 1, "Inner Unique": false, "Join Filter": "(mc.company_type_id = ct.id), (LLVM Optimized)", "Rows Removed by Join Filter": 63, "Plans": [{"Node Type": "Bitmap Heap Scan", "Parent Relationship": "Outer", "Relation Name": "company_type", "Alias": "ct", "Startup Cost": 8.27, "Total Cost": 12.3, "Plan Rows": 1, "Plan Width": 4, "Actual Startup Time": 0.038, "Actual Total Time": 0.039, "Actual Rows": 1, "Actual Loops": 1, "Filter": "((kind)::text = 'production companies'::text)", "Rows Removed by Filter": 2, "Exact Heap Blocks": 1, "Lossy Heap Blocks": 1, "Plans": [{"Node Type": "Bitmap Index Scan", "Parent Relationship": "Outer", "Index Name": "company_type_pkey", "Startup Cost": 0.0, "Total Cost": 8.27, "Plan Rows": 3, "Plan Width": 0, "Actual Startup Time": 0.014, "Actual Total Time": 0.014, "Actual Rows": 3, "Actual Loops": 1}]}, {"Node Type": "Nested Loop", "Parent Relationship": "Inner", "Join Type": "Inner", "Startup Cost": 7511.45, "Total Cost": 3233114.03, "Plan Rows": 549199, "Plan Width": 49, "Actual Startup Time": 0.197, "Actual Total Time": 0.347, "Actual Rows": 66, "Actual Loops": 1, "Inner Unique": false, "Join Filter": "(t.id = mc.movie_id), (LLVM Optimized)", "Rows Removed by Join Filter": 0, "Plans": [{"Node Type": "Nested Loop", "Parent Relationship": "Outer", "Join Type": "Inner", "Startup Cost": 7511.16, "Total Cost": 1509451.47, "Plan Rows": 396404, "Plan Width": 29, "Actual Startup Time": 0.157, "Actual Total Time": 0.196, "Actual Rows": 4, "Actual Loops": 1, "Inner Unique": true, "Plans": [{"Node Type": "Nested Loop", "Parent Relationship": "Outer", "Join Type": "Inner", "Startup Cost": 7510.87, "Total Cost": 21752.95, "Plan Rows": 345008, "Plan Width": 4, "Actual Startup Time": 0.087, "Actual Total Time": 0.091, "Actual Rows": 10, "Actual Loops": 1, "Inner Unique": false, "Plans": [{"Node Type": "Bitmap Heap Scan", "Parent Relationship": "Outer", "Relation Name": "info_type", "Alias": "it", "Startup Cost": 8.81, "Total Cost": 14.21, "Plan Rows": 1, "Plan Width": 4, "Actual Startup Time": 0.062, "Actual Total Time": 0.062, "Actual Rows": 1, "Actual Loops": 1, "Filter": "((info)::text = 'bottom 10 rank'::text)", "Rows Removed by Filter": 111, "Exact Heap Blocks": 1, "Lossy Heap Blocks": 1, "Plans": [{"Node Type": "Bitmap Index Scan", "Parent Relationship": "Outer", "Index Name": "info_type_pkey", "Startup Cost": 0.0, "Total Cost": 8.81, "Plan Rows": 112, "Plan Width": 0, "Actual Startup Time": 0.012, "Actual Total Time": 0.012, "Actual Rows": 112, "Actual Loops": 1}]}, {"Node Type": "Bitmap Heap Scan", "Parent Relationship": "Inner", "Relation Name": "movie_info_idx", "Alias": "mi_idx", "Startup Cost": 7502.06, "Total Cost": 18288.66, "Plan Rows": 345008, "Plan Width": 8, "Actual Startup Time": 0.022, "Actual Total Time": 0.022, "Actual Rows": 10, "Actual Loops": 1, "Recheck Cond": "(info_type_id = it.id), (LLVM Optimized)", "Rows Removed by Index Recheck": 0, "Exact Heap Blocks": 1, "Lossy Heap Blocks": 1, "Plans": [{"Node Type": "Bitmap Index Scan", "Parent Relationship": "Outer", "Index Name": "info_type_id_movie_info_idx", "Startup Cost": 0.0, "Total Cost": 7415.81, "Plan Rows": 345008, "Plan Width": 0, "Actual Startup Time": 0.012, "Actual Total Time": 0.012, "Actual Rows": 10, "Actual Loops": 1, "Index Cond": "(info_type_id = it.id)"}]}]}, {"Node Type": "Bitmap Heap Scan", "Parent Relationship": "Inner", "Relation Name": "title", "Alias": "t", "Startup Cost": 0.28, "Total Cost": 4.3, "Plan Rows": 1, "Plan Width": 25, "Actual Startup Time": 0.089, "Actual Total Time": 0.089, "Actual Rows": 4, "Actual Loops": 10, "Recheck Cond": "(id = mi_idx.movie_id)", "Rows Removed by Index Recheck": 0, "Filter": "((production_year >= 2005) AND (production_year <= 2010))", "Rows Removed by Filter": 6, "Exact Heap Blocks": 10, "Lossy Heap Blocks": 10, "Plans": [{"Node Type": "Bitmap Index Scan", "Parent Relationship": "Outer", "Index Name": "title_pkey", "Startup Cost": 0.0, "Total Cost": 0.28, "Plan Rows": 1, "Plan Width": 0, "Actual Startup Time": 0.057, "Actual Total Time": 0.057, "Actual Rows": 10, "Actual Loops": 10, "Index Cond": "(id = mi_idx.movie_id)"}]}]}, {"Node Type": "Bitmap Heap Scan", "Parent Relationship": "Inner", "Relation Name": "movie_companies", "Alias": "mc", "Startup Cost": 0.29, "Total Cost": 4.32, "Plan Rows": 2, "Plan Width": 32, "Actual Startup Time": 0.073, "Actual Total Time": 0.116, "Actual Rows": 66, "Actual Loops": 4, "Recheck Cond": "(movie_id = mi_idx.movie_id)", "Rows Removed by Index Recheck": 0, "Filter": "((note)::text !~~ '%(as Metro-Goldwyn-Mayer Pictures)%'::text)", "Rows Removed by Filter": 7, "Exact Heap Blocks": 9, "Lossy Heap Blocks": 9, "Plans": [{"Node Type": "Bitmap Index Scan", "Parent Relationship": "Outer", "Index Name": "movie_id_movie_companies", "Startup Cost": 0.0, "Total Cost": 0.29, "Plan Rows": 2, "Plan Width": 0, "Actual Startup Time": 0.036, "Actual Total Time": 0.036, "Actual Rows": 73, "Actual Loops": 4, "Index Cond": "(movie_id = mi_idx.movie_id)"}]}]}]}]}, "Triggers": [], "Planner Runtime": 2.835, "Total Runtime": 10.327, "Unique SQL Id": 1162488282}}, "(16, '56')": {"explain_plan": {"Plan": {"Node Type": "Aggregate", "Strategy": "Plain", "Startup Cost": 347433.34, "Total Cost": 347433.35, "Plan Rows": 1, "Plan Width": 113, "Plans": [{"Node Type": "Nested Loop", "Parent Relationship": "Outer", "Join Type": "Inner", "Startup Cost": 0.0, "Total Cost": 344943.3, "Plan Rows": 332005, "Plan Width": 45, "Inner Unique": false, "Join Filter": "(mc.company_type_id = ct.id), (LLVM Optimized)", "Plans": [{"Node Type": "Seq Scan", "Parent Relationship": "Outer", "Relation Name": "company_type", "Alias": "ct", "Startup Cost": 0.0, "Total Cost": 1.04, "Plan Rows": 1, "Plan Width": 4, "Filter": "((kind)::text = 'production companies'::text)"}, {"Node Type": "Materialize", "Parent Relationship": "Inner", "Startup Cost": 0.0, "Total Cost": 339450.27, "Plan Rows": 549199, "Plan Width": 49, "Plans": [{"Node Type": "Nested Loop", "Parent Relationship": "Outer", "Join Type": "Inner", "Startup Cost": 0.0, "Total Cost": 338077.27, "Plan Rows": 549199, "Plan Width": 49, "Inner Unique": false, "Join Filter": "(t.id = mc.movie_id), (LLVM Optimized)", "Plans": [{"Node Type": "Nested Loop", "Parent Relationship": "Outer", "Join Type": "Inner", "Startup Cost": 0.0, "Total Cost": 182160.23, "Plan Rows": 396404, "Plan Width": 29, "Inner Unique": true, "Plans": [{"Node Type": "Streaming(type: LOCAL GATHER dop: 1/16)", "Parent Relationship": "Outer", "Startup Cost": 0.0, "Total Cost": 39794.02, "Plan Rows": 345008, "Plan Width": 4, "Plans": [{"Node Type": "Nested Loop", "Parent Relationship": "Outer", "Join Type": "Inner", "Startup Cost": 0.0, "Total Cost": 32348.04, "Plan Rows": 345008, "Plan Width": 4, "Inner Unique": false, "Join Filter": "(it.id = mi_idx.info_type_id), (LLVM Optimized)", "Plans": [{"Node Type": "Streaming(type: BROADCAST dop: 16/1)", "Parent Relationship": "Outer", "Startup Cost": 0.0, "Total Cost": 15002.75, "Plan Rows": 16, "Plan Width": 4, "Plans": [{"Node Type": "Seq Scan", "Parent Relationship": "Outer", "Relation Name": "info_type", "Alias": "it", "Startup Cost": 0.0, "Total Cost": 2.4, "Plan Rows": 1, "Plan Width": 4, "Filter": "((info)::text = 'bottom 10 rank'::text)"}]}, {"Node Type": "Seq Scan", "Parent Relationship": "Inner", "Relation Name": "movie_info_idx", "Alias": "mi_idx", "Startup Cost": 0.0, "Total Cost": 16267.15, "Plan Rows": 1380034, "Plan Width": 8}]}]}, {"Node Type": "Index Scan", "Parent Relationship": "Inner", "Scan Direction": "Forward", "Index Name": "title_pkey", "Relation Name": "title", "Alias": "t", "Startup Cost": 0.0, "Total Cost": 0.4, "Plan Rows": 1, "Plan Width": 25, "Index Cond": "(id = mi_idx.movie_id)", "Filter": "((production_year >= 2005) AND (production_year <= 2010))"}]}, {"Node Type": "Index Scan", "Parent Relationship": "Inner", "Scan Direction": "Forward", "Index Name": "movie_id_movie_companies", "Relation Name": "movie_companies", "Alias": "mc", "Startup Cost": 0.0, "Total Cost": 0.37, "Plan Rows": 2, "Plan Width": 32, "Index Cond": "(movie_id = mi_idx.movie_id)", "Filter": "((note)::text !~~ '%(as Metro-Goldwyn-Mayer Pictures)%'::text)"}]}]}]}]}, "Unique SQL Id": 1162488282, "Planner Runtime": 3}, "explain_analyze_plan": {"Plan": {"Node Type": "Aggregate", "Strategy": "Plain", "Startup Cost": 347433.34, "Total Cost": 347433.35, "Plan Rows": 1, "Plan Width": 113, "Actual Min Startup Time": 88.206, "Actual Max Startup Time": 88.206, "Actual Min Total Time": 88.207, "Actual Max Total Time": 88.207, "Plans": [{"Node Type": "Nested Loop", "Parent Relationship": "Outer", "Join Type": "Inner", "Startup Cost": 0.0, "Total Cost": 344943.3, "Plan Rows": 332005, "Plan Width": 45, "Actual Min Startup Time": 88.175, "Actual Max Startup Time": 88.175, "Actual Min Total Time": 88.181, "Actual Max Total Time": 88.181, "Inner Unique": false, "Join Filter": "(mc.company_type_id = ct.id), (LLVM Optimized)", "Rows Removed by Join Filter": 63, "Plans": [{"Node Type": "Seq Scan", "Parent Relationship": "Outer", "Relation Name": "company_type", "Alias": "ct", "Startup Cost": 0.0, "Total Cost": 1.04, "Plan Rows": 1, "Plan Width": 4, "Actual Min Startup Time": 0.014, "Actual Max Startup Time": 0.014, "Actual Min Total Time": 0.017, "Actual Max Total Time": 0.017, "Filter": "((kind)::text = 'production companies'::text)", "Rows Removed by Filter": 2, "Actual Rows": 1}, {"Node Type": "Materialize", "Parent Relationship": "Inner", "Startup Cost": 0.0, "Total Cost": 339450.27, "Plan Rows": 549199, "Plan Width": 49, "Actual Min Startup Time": 88.125, "Actual Max Startup Time": 88.125, "Actual Min Total Time": 88.132, "Actual Max Total Time": 88.132, "Plans": [{"Node Type": "Nested Loop", "Parent Relationship": "Outer", "Join Type": "Inner", "Startup Cost": 0.0, "Total Cost": 338077.27, "Plan Rows": 549199, "Plan Width": 49, "Actual Min Startup Time": 87.923, "Actual Max Startup Time": 87.923, "Actual Min Total Time": 88.074, "Actual Max Total Time": 88.074, "Inner Unique": false, "Join Filter": "(t.id = mc.movie_id), (LLVM Optimized)", "Rows Removed by Join Filter": 0, "Plans": [{"Node Type": "Nested Loop", "Parent Relationship": "Outer", "Join Type": "Inner", "Startup Cost": 0.0, "Total Cost": 182160.23, "Plan Rows": 396404, "Plan Width": 29, "Actual Min Startup Time": 87.897, "Actual Max Startup Time": 87.897, "Actual Min Total Time": 87.931, "Actual Max Total Time": 87.931, "Inner Unique": true, "Plans": [{"Node Type": "Streaming(type: LOCAL GATHER dop: 1/16)", "Parent Relationship": "Outer", "Startup Cost": 0.0, "Total Cost": 39794.02, "Plan Rows": 345008, "Plan Width": 4, "Actual Min Startup Time": 87.77, "Actual Max Startup Time": 87.77, "Actual Min Total Time": 87.771, "Actual Max Total Time": 87.771, "Plans": [{"Node Type": "Nested Loop", "Parent Relationship": "Outer", "Join Type": "Inner", "Startup Cost": 0.0, "Total Cost": 32348.04, "Plan Rows": 345008, "Plan Width": 4, "Actual Min Startup Time": 34.745, "Actual Max Startup Time": 41.135, "Actual Min Total Time": 34.745, "Actual Max Total Time": 41.141, "Inner Unique": false, "Join Filter": "(it.id = mi_idx.info_type_id), (LLVM Optimized)", "Rows Removed by Join Filter": 1380024, "Plans": [{"Node Type": "Streaming(type: BROADCAST dop: 16/1)", "Parent Relationship": "Outer", "Startup Cost": 0.0, "Total Cost": 15002.75, "Plan Rows": 16, "Plan Width": 4, "Actual Min Startup Time": 0.002, "Actual Max Startup Time": 0.006, "Actual Min Total Time": 0.002, "Actual Max Total Time": 0.009, "Plans": [{"Node Type": "Seq Scan", "Parent Relationship": "Outer", "Relation Name": "info_type", "Alias": "it", "Startup Cost": 0.0, "Total Cost": 2.4, "Plan Rows": 1, "Plan Width": 4, "Actual Min Startup Time": 0.07, "Actual Max Startup Time": 0.07, "Actual Min Total Time": 0.073, "Actual Max Total Time": 0.073, "Filter": "((info)::text = 'bottom 10 rank'::text)", "Rows Removed by Filter": 111, "Actual Rows": 1}], "Actual Rows": 16}, {"Node Type": "Seq Scan", "Parent Relationship": "Inner", "Relation Name": "movie_info_idx", "Alias": "mi_idx", "Startup Cost": 0.0, "Total Cost": 16267.15, "Plan Rows": 1380034, "Plan Width": 8, "Actual Min Startup Time": 0.035, "Actual Max Startup Time": 0.048, "Actual Min Total Time": 18.527, "Actual Max Total Time": 21.924, "Actual Rows": 1380034}], "Actual Rows": 10}], "Actual Rows": 10}, {"Node Type": "Index Scan", "Parent Relationship": "Inner", "Scan Direction": "Forward", "Index Name": "title_pkey", "Relation Name": "title", "Alias": "t", "Startup Cost": 0.0, "Total Cost": 0.4, "Plan Rows": 1, "Plan Width": 25, "Actual Min Startup Time": 0.142, "Actual Max Startup Time": 0.142, "Actual Min Total Time": 0.142, "Actual Max Total Time": 0.142, "Index Cond": "(id = mi_idx.movie_id)", "Rows Removed by Index Recheck": 0, "Filter": "((production_year >= 2005) AND (production_year <= 2010))", "Rows Removed by Filter": 6, "Actual Rows": 4}], "Actual Rows": 4}, {"Node Type": "Index Scan", "Parent Relationship": "Inner", "Scan Direction": "Forward", "Index Name": "movie_id_movie_companies", "Relation Name": "movie_companies", "Alias": "mc", "Startup Cost": 0.0, "Total Cost": 0.37, "Plan Rows": 2, "Plan Width": 32, "Actual Min Startup Time": 0.048, "Actual Max Startup Time": 0.048, "Actual Min Total Time": 0.113, "Actual Max Total Time": 0.113, "Index Cond": "(movie_id = mi_idx.movie_id)", "Rows Removed by Index Recheck": 0, "Filter": "((note)::text !~~ '%(as Metro-Goldwyn-Mayer Pictures)%'::text)", "Rows Removed by Filter": 7, "Actual Rows": 66}], "Actual Rows": 66}], "Actual Rows": 67}], "Actual Rows": 3}], "Actual Rows": 1}, "Triggers": [], "Planner Runtime": 3.145, "Total Runtime": 100.719, "Unique SQL Id": 1162488282}}, "(16, '57')": {"explain_plan": {"Plan": {"Node Type": "Aggregate", "Strategy": "Plain", "Startup Cost": 345988.79, "Total Cost": 345988.8, "Plan Rows": 1, "Plan Width": 113, "Plans": [{"Node Type": "Nested Loop", "Parent Relationship": "Outer", "Join Type": "Inner", "Startup Cost": 0.0, "Total Cost": 343498.75, "Plan Rows": 332005, "Plan Width": 45, "Inner Unique": false, "Join Filter": "(mc.company_type_id = ct.id), (LLVM Optimized)", "Plans": [{"Node Type": "Index Scan", "Parent Relationship": "Outer", "Scan Direction": "Forward", "Index Name": "company_type_pkey", "Relation Name": "company_type", "Alias": "ct", "Startup Cost": 0.0, "Total Cost": 12.3, "Plan Rows": 1, "Plan Width": 4, "Filter": "((kind)::text = 'production companies'::text)"}, {"Node Type": "Nested Loop", "Parent Relationship": "Inner", "Join Type": "Inner", "Startup Cost": 0.0, "Total Cost": 336621.46, "Plan Rows": 549199, "Plan Width": 49, "Inner Unique": false, "Join Filter": "(t.id = mc.movie_id), (LLVM Optimized)", "Plans": [{"Node Type": "Nested Loop", "Parent Relationship": "Outer", "Join Type": "Inner", "Startup Cost": 0.0, "Total Cost": 180704.42, "Plan Rows": 396404, "Plan Width": 29, "Inner Unique": true, "Plans": [{"Node Type": "Nested Loop", "Parent Relationship": "Outer", "Join Type": "Inner", "Startup Cost": 0.0, "Total Cost": 38338.2, "Plan Rows": 345008, "Plan Width": 4, "Inner Unique": false, "Plans": [{"Node Type": "Index Scan", "Parent Relationship": "Outer", "Scan Direction": "Forward", "Index Name": "info_type_pkey", "Relation Name": "info_type", "Alias": "it", "Startup Cost": 0.0, "Total Cost": 14.21, "Plan Rows": 1, "Plan Width": 4, "Filter": "((info)::text = 'bottom 10 rank'::text)"}, {"Node Type": "Index Scan", "Parent Relationship": "Inner", "Scan Direction": "Forward", "Index Name": "info_type_id_movie_info_idx", "Relation Name": "movie_info_idx", "Alias": "mi_idx", "Startup Cost": 0.0, "Total Cost": 34873.91, "Plan Rows": 345008, "Plan Width": 8, "Index Cond": "(info_type_id = it.id), (LLVM Optimized)"}]}, {"Node Type": "Index Scan", "Parent Relationship": "Inner", "Scan Direction": "Forward", "Index Name": "title_pkey", "Relation Name": "title", "Alias": "t", "Startup Cost": 0.0, "Total Cost": 0.4, "Plan Rows": 1, "Plan Width": 25, "Index Cond": "(id = mi_idx.movie_id)", "Filter": "((production_year >= 2005) AND (production_year <= 2010))"}]}, {"Node Type": "Index Scan", "Parent Relationship": "Inner", "Scan Direction": "Forward", "Index Name": "movie_id_movie_companies", "Relation Name": "movie_companies", "Alias": "mc", "Startup Cost": 0.0, "Total Cost": 0.37, "Plan Rows": 2, "Plan Width": 32, "Index Cond": "(movie_id = mi_idx.movie_id)", "Filter": "((note)::text !~~ '%(as Metro-Goldwyn-Mayer Pictures)%'::text)"}]}]}]}, "Unique SQL Id": 1162488282, "Planner Runtime": 3}, "explain_analyze_plan": {"Plan": {"Node Type": "Aggregate", "Strategy": "Plain", "Startup Cost": 345988.79, "Total Cost": 345988.8, "Plan Rows": 1, "Plan Width": 113, "Actual Startup Time": 0.36, "Actual Total Time": 0.36, "Actual Rows": 1, "Actual Loops": 1, "Plans": [{"Node Type": "Nested Loop", "Parent Relationship": "Outer", "Join Type": "Inner", "Startup Cost": 0.0, "Total Cost": 343498.75, "Plan Rows": 332005, "Plan Width": 45, "Actual Startup Time": 0.331, "Actual Total Time": 0.34, "Actual Rows": 3, "Actual Loops": 1, "Inner Unique": false, "Join Filter": "(mc.company_type_id = ct.id), (LLVM Optimized)", "Rows Removed by Join Filter": 63, "Plans": [{"Node Type": "Index Scan", "Parent Relationship": "Outer", "Scan Direction": "Forward", "Index Name": "company_type_pkey", "Relation Name": "company_type", "Alias": "ct", "Startup Cost": 0.0, "Total Cost": 12.3, "Plan Rows": 1, "Plan Width": 4, "Actual Startup Time": 0.034, "Actual Total Time": 0.037, "Actual Rows": 1, "Actual Loops": 1, "Filter": "((kind)::text = 'production companies'::text)", "Rows Removed by Filter": 2}, {"Node Type": "Nested Loop", "Parent Relationship": "Inner", "Join Type": "Inner", "Startup Cost": 0.0, "Total Cost": 336621.46, "Plan Rows": 549199, "Plan Width": 49, "Actual Startup Time": 0.148, "Actual Total Time": 0.285, "Actual Rows": 66, "Actual Loops": 1, "Inner Unique": false, "Join Filter": "(t.id = mc.movie_id), (LLVM Optimized)", "Rows Removed by Join Filter": 0, "Plans": [{"Node Type": "Nested Loop", "Parent Relationship": "Outer", "Join Type": "Inner", "Startup Cost": 0.0, "Total Cost": 180704.42, "Plan Rows": 396404, "Plan Width": 29, "Actual Startup Time": 0.131, "Actual Total Time": 0.164, "Actual Rows": 4, "Actual Loops": 1, "Inner Unique": true, "Plans": [{"Node Type": "Nested Loop", "Parent Relationship": "Outer", "Join Type": "Inner", "Startup Cost": 0.0, "Total Cost": 38338.2, "Plan Rows": 345008, "Plan Width": 4, "Actual Startup Time": 0.075, "Actual Total Time": 0.086, "Actual Rows": 10, "Actual Loops": 1, "Inner Unique": false, "Plans": [{"Node Type": "Index Scan", "Parent Relationship": "Outer", "Scan Direction": "Forward", "Index Name": "info_type_pkey", "Relation Name": "info_type", "Alias": "it", "Startup Cost": 0.0, "Total Cost": 14.21, "Plan Rows": 1, "Plan Width": 4, "Actual Startup Time": 0.059, "Actual Total Time": 0.06, "Actual Rows": 1, "Actual Loops": 1, "Filter": "((info)::text = 'bottom 10 rank'::text)", "Rows Removed by Filter": 111}, {"Node Type": "Index Scan", "Parent Relationship": "Inner", "Scan Direction": "Forward", "Index Name": "info_type_id_movie_info_idx", "Relation Name": "movie_info_idx", "Alias": "mi_idx", "Startup Cost": 0.0, "Total Cost": 34873.91, "Plan Rows": 345008, "Plan Width": 8, "Actual Startup Time": 0.013, "Actual Total Time": 0.017, "Actual Rows": 10, "Actual Loops": 1, "Index Cond": "(info_type_id = it.id), (LLVM Optimized)", "Rows Removed by Index Recheck": 0}]}, {"Node Type": "Index Scan", "Parent Relationship": "Inner", "Scan Direction": "Forward", "Index Name": "title_pkey", "Relation Name": "title", "Alias": "t", "Startup Cost": 0.0, "Total Cost": 0.4, "Plan Rows": 1, "Plan Width": 25, "Actual Startup Time": 0.072, "Actual Total Time": 0.072, "Actual Rows": 4, "Actual Loops": 10, "Index Cond": "(id = mi_idx.movie_id)", "Rows Removed by Index Recheck": 0, "Filter": "((production_year >= 2005) AND (production_year <= 2010))", "Rows Removed by Filter": 6}]}, {"Node Type": "Index Scan", "Parent Relationship": "Inner", "Scan Direction": "Forward", "Index Name": "movie_id_movie_companies", "Relation Name": "movie_companies", "Alias": "mc", "Startup Cost": 0.0, "Total Cost": 0.37, "Plan Rows": 2, "Plan Width": 32, "Actual Startup Time": 0.038, "Actual Total Time": 0.096, "Actual Rows": 66, "Actual Loops": 4, "Index Cond": "(movie_id = mi_idx.movie_id)", "Rows Removed by Index Recheck": 0, "Filter": "((note)::text !~~ '%(as Metro-Goldwyn-Mayer Pictures)%'::text)", "Rows Removed by Filter": 7}]}]}]}, "Triggers": [], "Planner Runtime": 2.982, "Total Runtime": 10.431, "Unique SQL Id": 1162488282}}, "(16, '58')": {"explain_plan": {"Plan": {"Node Type": "Aggregate", "Strategy": "Plain", "Startup Cost": 44999472.66, "Total Cost": 44999472.69, "Plan Rows": 1, "Plan Width": 113, "Plans": [{"Node Type": "Streaming(type: LOCAL GATHER dop: 1/16)", "Parent Relationship": "Outer", "Startup Cost": 44999472.66, "Total Cost": 44999472.69, "Plan Rows": 1, "Plan Width": 113, "Plans": [{"Node Type": "Aggregate", "Strategy": "Plain", "Parent Relationship": "Outer", "Startup Cost": 44999472.66, "Total Cost": 44999472.67, "Plan Rows": 1, "Plan Width": 113, "Plans": [{"Node Type": "Nested Loop", "Parent Relationship": "Outer", "Join Type": "Inner", "Startup Cost": 554.15, "Total Cost": 44996982.62, "Plan Rows": 332005, "Plan Width": 45, "Inner Unique": false, "Join Filter": "(mc.movie_id = t.id), (LLVM Optimized)", "Plans": [{"Node Type": "Streaming(type: LOCAL REDISTRIBUTE dop: 16/16)", "Parent Relationship": "Outer", "Startup Cost": 0.0, "Total Cost": 55003.85, "Plan Rows": 1304518, "Plan Width": 28, "Plans": [{"Node Type": "Nested Loop", "Parent Relationship": "Outer", "Join Type": "Inner", "Startup Cost": 0.0, "Total Cost": 35060.95, "Plan Rows": 1304518, "Plan Width": 28, "Inner Unique": false, "Join Filter": "(ct.id = mc.company_type_id), (LLVM Optimized)", "Plans": [{"Node Type": "Streaming(type: BROADCAST dop: 16/1)", "Parent Relationship": "Outer", "Startup Cost": 0.0, "Total Cost": 15001.38, "Plan Rows": 16, "Plan Width": 4, "Plans": [{"Node Type": "Seq Scan", "Parent Relationship": "Outer", "Relation Name": "company_type", "Alias": "ct", "Startup Cost": 0.0, "Total Cost": 1.04, "Plan Rows": 1, "Plan Width": 4, "Filter": "((kind)::text = 'production companies'::text)"}]}, {"Node Type": "Seq Scan", "Parent Relationship": "Inner", "Relation Name": "movie_companies", "Alias": "mc", "Startup Cost": 0.0, "Total Cost": 18021.26, "Plan Rows": 2609035, "Plan Width": 32, "Filter": "((note)::text !~~ '%(as Metro-Goldwyn-Mayer Pictures)%'::text), (LLVM Optimized)"}]}]}, {"Node Type": "Materialize", "Parent Relationship": "Inner", "Startup Cost": 554.15, "Total Cost": 14642266.11, "Plan Rows": 396404, "Plan Width": 29, "Plans": [{"Node Type": "Streaming(type: LOCAL REDISTRIBUTE dop: 16/16)", "Parent Relationship": "Outer", "Startup Cost": 554.15, "Total Cost": 14642142.23, "Plan Rows": 396404, "Plan Width": 29, "Plans": [{"Node Type": "Nested Loop", "Parent Relationship": "Outer", "Join Type": "Inner", "Startup Cost": 554.15, "Total Cost": 14625640.23, "Plan Rows": 396404, "Plan Width": 29, "Inner Unique": false, "Join Filter": "(mi_idx.movie_id = t.id), (LLVM Optimized)", "Plans": [{"Node Type": "Streaming(type: LOCAL REDISTRIBUTE dop: 16/16)", "Parent Relationship": "Outer", "Startup Cost": 554.15, "Total Cost": 37269.66, "Plan Rows": 719240, "Plan Width": 25, "Plans": [{"Node Type": "Seq Scan", "Parent Relationship": "Outer", "Relation Name": "title", "Alias": "t", "Startup Cost": 554.15, "Total Cost": 19544.42, "Plan Rows": 719240, "Plan Width": 25, "Filter": "((production_year >= 2005) AND (production_year <= 2010)), (LLVM Optimized)"}]}, {"Node Type": "Materialize", "Parent Relationship": "Inner", "Startup Cost": 0.0, "Total Cost": 48763.12, "Plan Rows": 345008, "Plan Width": 4, "Plans": [{"Node Type": "Streaming(type: LOCAL REDISTRIBUTE dop: 16/16)", "Parent Relationship": "Outer", "Startup Cost": 0.0, "Total Cost": 48655.3, "Plan Rows": 345008, "Plan Width": 4, "Plans": [{"Node Type": "Nested Loop", "Parent Relationship": "Outer", "Join Type": "Inner", "Startup Cost": 0.0, "Total Cost": 32348.04, "Plan Rows": 345008, "Plan Width": 4, "Inner Unique": false, "Join Filter": "(it.id = mi_idx.info_type_id), (LLVM Optimized)", "Plans": [{"Node Type": "Streaming(type: BROADCAST dop: 16/1)", "Parent Relationship": "Outer", "Startup Cost": 0.0, "Total Cost": 15002.75, "Plan Rows": 16, "Plan Width": 4, "Plans": [{"Node Type": "Seq Scan", "Parent Relationship": "Outer", "Relation Name": "info_type", "Alias": "it", "Startup Cost": 0.0, "Total Cost": 2.4, "Plan Rows": 1, "Plan Width": 4, "Filter": "((info)::text = 'bottom 10 rank'::text)"}]}, {"Node Type": "Seq Scan", "Parent Relationship": "Inner", "Relation Name": "movie_info_idx", "Alias": "mi_idx", "Startup Cost": 0.0, "Total Cost": 16267.15, "Plan Rows": 1380034, "Plan Width": 8}]}]}]}]}]}]}]}]}]}]}, "Unique SQL Id": 1162488282, "Planner Runtime": 3}, "explain_analyze_plan": {"Plan": {"Node Type": "Aggregate", "Strategy": "Plain", "Startup Cost": 44999472.66, "Total Cost": 44999472.69, "Plan Rows": 1, "Plan Width": 113, "Actual Min Startup Time": 464.917, "Actual Max Startup Time": 464.917, "Actual Min Total Time": 464.918, "Actual Max Total Time": 464.918, "Plans": [{"Node Type": "Streaming(type: LOCAL GATHER dop: 1/16)", "Parent Relationship": "Outer", "Startup Cost": 44999472.66, "Total Cost": 44999472.69, "Plan Rows": 1, "Plan Width": 113, "Actual Min Startup Time": 464.813, "Actual Max Startup Time": 464.813, "Actual Min Total Time": 464.898, "Actual Max Total Time": 464.898, "Plans": [{"Node Type": "Aggregate", "Strategy": "Plain", "Parent Relationship": "Outer", "Startup Cost": 44999472.66, "Total Cost": 44999472.67, "Plan Rows": 1, "Plan Width": 113, "Actual Min Startup Time": 207.577, "Actual Max Startup Time": 274.583, "Actual Min Total Time": 207.577, "Actual Max Total Time": 274.583, "Plans": [{"Node Type": "Nested Loop", "Parent Relationship": "Outer", "Join Type": "Inner", "Startup Cost": 554.15, "Total Cost": 44996982.62, "Plan Rows": 332005, "Plan Width": 45, "Actual Min Startup Time": 187.348, "Actual Max Startup Time": 274.576, "Actual Min Total Time": 207.57, "Actual Max Total Time": 274.576, "Inner Unique": false, "Join Filter": "(mc.movie_id = t.id), (LLVM Optimized)", "Rows Removed by Join Filter": 35584, "Plans": [{"Node Type": "Streaming(type: LOCAL REDISTRIBUTE dop: 16/16)", "Parent Relationship": "Outer", "Startup Cost": 0.0, "Total Cost": 55003.85, "Plan Rows": 1304518, "Plan Width": 28, "Actual Min Startup Time": 0.053, "Actual Max Startup Time": 0.43, "Actual Min Total Time": 33.507, "Actual Max Total Time": 36.469, "Plans": [{"Node Type": "Nested Loop", "Parent Relationship": "Outer", "Join Type": "Inner", "Startup Cost": 0.0, "Total Cost": 35060.95, "Plan Rows": 1304518, "Plan Width": 28, "Actual Min Startup Time": 49.122, "Actual Max Startup Time": 62.491, "Actual Min Total Time": 71.807, "Actual Max Total Time": 88.001, "Inner Unique": false, "Join Filter": "(ct.id = mc.company_type_id), (LLVM Optimized)", "Rows Removed by Join Filter": 1196183, "Plans": [{"Node Type": "Streaming(type: BROADCAST dop: 16/1)", "Parent Relationship": "Outer", "Startup Cost": 0.0, "Total Cost": 15001.38, "Plan Rows": 16, "Plan Width": 4, "Actual Min Startup Time": 0.004, "Actual Max Startup Time": 6.011, "Actual Min Total Time": 0.005, "Actual Max Total Time": 6.012, "Plans": [{"Node Type": "Seq Scan", "Parent Relationship": "Outer", "Relation Name": "company_type", "Alias": "ct", "Startup Cost": 0.0, "Total Cost": 1.04, "Plan Rows": 1, "Plan Width": 4, "Actual Min Startup Time": 0.028, "Actual Max Startup Time": 0.028, "Actual Min Total Time": 0.032, "Actual Max Total Time": 0.032, "Filter": "((kind)::text = 'production companies'::text)", "Rows Removed by Filter": 2, "Actual Rows": 1}], "Actual Rows": 16}, {"Node Type": "Seq Scan", "Parent Relationship": "Inner", "Relation Name": "movie_companies", "Alias": "mc", "Startup Cost": 0.0, "Total Cost": 18021.26, "Plan Rows": 2609035, "Plan Width": 32, "Actual Min Startup Time": 0.03, "Actual Max Startup Time": 0.058, "Actual Min Total Time": 56.624, "Actual Max Total Time": 67.579, "Filter": "((note)::text !~~ '%(as Metro-Goldwyn-Mayer Pictures)%'::text), (LLVM Optimized)", "Rows Removed by Filter": 1272041, "Actual Rows": 1337087}], "Actual Rows": 140904}], "Actual Rows": 140904}, {"Node Type": "Materialize", "Parent Relationship": "Inner", "Startup Cost": 554.15, "Total Cost": 14642266.11, "Plan Rows": 396404, "Plan Width": 29, "Actual Min Startup Time": 169.763, "Actual Max Startup Time": 236.654, "Actual Min Total Time": 169.763, "Actual Max Total Time": 236.654, "Plans": [{"Node Type": "Streaming(type: LOCAL REDISTRIBUTE dop: 16/16)", "Parent Relationship": "Outer", "Startup Cost": 554.15, "Total Cost": 14642142.23, "Plan Rows": 396404, "Plan Width": 29, "Actual Min Startup Time": 168.837, "Actual Max Startup Time": 235.848, "Actual Min Total Time": 168.837, "Actual Max Total Time": 235.848, "Plans": [{"Node Type": "Nested Loop", "Parent Relationship": "Outer", "Join Type": "Inner", "Startup Cost": 554.15, "Total Cost": 14625640.23, "Plan Rows": 396404, "Plan Width": 29, "Actual Min Startup Time": 124.561, "Actual Max Startup Time": 213.985, "Actual Min Total Time": 168.34, "Actual Max Total Time": 213.985, "Inner Unique": false, "Join Filter": "(mi_idx.movie_id = t.id), (LLVM Optimized)", "Rows Removed by Join Filter": 447303, "Plans": [{"Node Type": "Streaming(type: LOCAL REDISTRIBUTE dop: 16/16)", "Parent Relationship": "Outer", "Startup Cost": 554.15, "Total Cost": 37269.66, "Plan Rows": 719240, "Plan Width": 25, "Actual Min Startup Time": 0.055, "Actual Max Startup Time": 0.224, "Actual Min Total Time": 100.277, "Actual Max Total Time": 126.154, "Plans": [{"Node Type": "Seq Scan", "Parent Relationship": "Outer", "Relation Name": "title", "Alias": "t", "Startup Cost": 554.15, "Total Cost": 19544.42, "Plan Rows": 719240, "Plan Width": 25, "Actual Min Startup Time": 0.03, "Actual Max Startup Time": 0.048, "Actual Min Total Time": 63.57, "Actual Max Total Time": 72.145, "Filter": "((production_year >= 2005) AND (production_year <= 2010)), (LLVM Optimized)", "Rows Removed by Filter": 1812052, "Actual Rows": 716259}], "Actual Rows": 716259}, {"Node Type": "Materialize", "Parent Relationship": "Inner", "Startup Cost": 0.0, "Total Cost": 48763.12, "Plan Rows": 345008, "Plan Width": 4, "Actual Min Startup Time": 34.084, "Actual Max Startup Time": 80.696, "Actual Min Total Time": 37.97, "Actual Max Total Time": 80.696, "Plans": [{"Node Type": "Streaming(type: LOCAL REDISTRIBUTE dop: 16/16)", "Parent Relationship": "Outer", "Startup Cost": 0.0, "Total Cost": 48655.3, "Plan Rows": 345008, "Plan Width": 4, "Actual Min Startup Time": 0.024, "Actual Max Startup Time": 75.748, "Actual Min Total Time": 30.128, "Actual Max Total Time": 75.748, "Plans": [{"Node Type": "Nested Loop", "Parent Relationship": "Outer", "Join Type": "Inner", "Startup Cost": 0.0, "Total Cost": 32348.04, "Plan Rows": 345008, "Plan Width": 4, "Actual Min Startup Time": 34.813, "Actual Max Startup Time": 51.632, "Actual Min Total Time": 34.813, "Actual Max Total Time": 51.632, "Inner Unique": false, "Join Filter": "(it.id = mi_idx.info_type_id), (LLVM Optimized)", "Rows Removed by Join Filter": 1380024, "Plans": [{"Node Type": "Streaming(type: BROADCAST dop: 16/1)", "Parent Relationship": "Outer", "Startup Cost": 0.0, "Total Cost": 15002.75, "Plan Rows": 16, "Plan Width": 4, "Actual Min Startup Time": 0.004, "Actual Max Startup Time": 16.436, "Actual Min Total Time": 0.005, "Actual Max Total Time": 16.438, "Plans": [{"Node Type": "Seq Scan", "Parent Relationship": "Outer", "Relation Name": "info_type", "Alias": "it", "Startup Cost": 0.0, "Total Cost": 2.4, "Plan Rows": 1, "Plan Width": 4, "Actual Min Startup Time": 0.066, "Actual Max Startup Time": 0.066, "Actual Min Total Time": 0.07, "Actual Max Total Time": 0.07, "Filter": "((info)::text = 'bottom 10 rank'::text)", "Rows Removed by Filter": 111, "Actual Rows": 1}], "Actual Rows": 16}, {"Node Type": "Seq Scan", "Parent Relationship": "Inner", "Relation Name": "movie_info_idx", "Alias": "mi_idx", "Startup Cost": 0.0, "Total Cost": 16267.15, "Plan Rows": 1380034, "Plan Width": 8, "Actual Min Startup Time": 0.031, "Actual Max Startup Time": 0.043, "Actual Min Total Time": 18.594, "Actual Max Total Time": 22.465, "Actual Rows": 1380034}], "Actual Rows": 10}], "Actual Rows": 10}], "Actual Rows": 447315}], "Actual Rows": 4}], "Actual Rows": 4}], "Actual Rows": 35591}], "Actual Rows": 3}], "Actual Rows": 16}], "Actual Rows": 16}], "Actual Rows": 1}, "Triggers": [], "Planner Runtime": 4.854, "Total Runtime": 492.446, "Unique SQL Id": 1162488282}}, "(16, '59')": {"explain_plan": {"Plan": {"Node Type": "Aggregate", "Strategy": "Plain", "Startup Cost": 5011509592906.65, "Total Cost": 5011509592906.66, "Plan Rows": 1, "Plan Width": 113, "Plans": [{"Node Type": "Nested Loop", "Parent Relationship": "Outer", "Join Type": "Inner", "Startup Cost": 50000000000.0, "Total Cost": 5011509590416.61, "Plan Rows": 332005, "Plan Width": 45, "Inner Unique": false, "Join Filter": "(mc.movie_id = t.id), (LLVM Optimized)", "Plans": [{"Node Type": "Nested Loop", "Parent Relationship": "Outer", "Join Type": "Inner", "Startup Cost": 20000000000.0, "Total Cost": 2000013744593.91, "Plan Rows": 1304518, "Plan Width": 28, "Inner Unique": true, "Join Filter": "(ct.id = mc.company_type_id), (LLVM Optimized)", "Plans": [{"Node Type": "Index Scan", "Parent Relationship": "Outer", "Scan Direction": "Forward", "Index Name": "movie_id_movie_companies", "Relation Name": "movie_companies", "Alias": "mc", "Startup Cost": 10000000000.0, "Total Cost": 1000013704228.13, "Plan Rows": 2609035, "Plan Width": 32, "Filter": "((note)::text !~~ '%(as Metro-Goldwyn-Mayer Pictures)%'::text), (LLVM Optimized)"}, {"Node Type": "Materialize", "Parent Relationship": "Inner", "Startup Cost": 10000000000.0, "Total Cost": 1000000001230.26, "Plan Rows": 1, "Plan Width": 4, "Plans": [{"Node Type": "Index Scan", "Parent Relationship": "Outer", "Scan Direction": "Forward", "Index Name": "company_type_pkey", "Relation Name": "company_type", "Alias": "ct", "Startup Cost": 10000000000.0, "Total Cost": 1000000001230.25, "Plan Rows": 1, "Plan Width": 4, "Filter": "((kind)::text = 'production companies'::text)"}]}]}, {"Node Type": "Materialize", "Parent Relationship": "Inner", "Startup Cost": 30000000000.0, "Total Cost": 3003739104514.63, "Plan Rows": 396404, "Plan Width": 29, "Plans": [{"Node Type": "Nested Loop", "Parent Relationship": "Outer", "Join Type": "Inner", "Startup Cost": 30000000000.0, "Total Cost": 3003739102532.61, "Plan Rows": 396404, "Plan Width": 29, "Inner Unique": false, "Join Filter": "(mi_idx.movie_id = t.id), (LLVM Optimized)", "Plans": [{"Node Type": "Index Scan", "Parent Relationship": "Outer", "Scan Direction": "Forward", "Index Name": "title_pkey", "Relation Name": "title", "Alias": "t", "Startup Cost": 10000000000.0, "Total Cost": 1000012276204.41, "Plan Rows": 719240, "Plan Width": 25, "Filter": "((production_year >= 2005) AND (production_year <= 2010)), (LLVM Optimized)"}, {"Node Type": "Materialize", "Parent Relationship": "Inner", "Startup Cost": 20000000000.0, "Total Cost": 2000004673881.92, "Plan Rows": 345008, "Plan Width": 4, "Plans": [{"Node Type": "Nested Loop", "Parent Relationship": "Outer", "Join Type": "Inner", "Startup Cost": 20000000000.0, "Total Cost": 2000004672156.88, "Plan Rows": 345008, "Plan Width": 4, "Inner Unique": true, "Join Filter": "(it.id = mi_idx.info_type_id), (LLVM Optimized)", "Plans": [{"Node Type": "Index Scan", "Parent Relationship": "Outer", "Scan Direction": "Forward", "Index Name": "movie_id_movie_info_idx", "Relation Name": "movie_info_idx", "Alias": "mi_idx", "Startup Cost": 10000000000.0, "Total Cost": 1000004650035.37, "Plan Rows": 1380034, "Plan Width": 8}, {"Node Type": "Materialize", "Parent Relationship": "Inner", "Startup Cost": 10000000000.0, "Total Cost": 1000000001421.0, "Plan Rows": 1, "Plan Width": 4, "Plans": [{"Node Type": "Index Scan", "Parent Relationship": "Outer", "Scan Direction": "Forward", "Index Name": "info_type_pkey", "Relation Name": "info_type", "Alias": "it", "Startup Cost": 10000000000.0, "Total Cost": 1000000001421.0, "Plan Rows": 1, "Plan Width": 4, "Filter": "((info)::text = 'bottom 10 rank'::text)"}]}]}]}]}]}]}]}, "Unique SQL Id": 1162488282, "Planner Runtime": 2}, "explain_analyze_plan": null}, "(16, '60')": {"explain_plan": {"Plan": {"Node Type": "Aggregate", "Strategy": "Plain", "Startup Cost": 347433.34, "Total Cost": 347433.35, "Plan Rows": 1, "Plan Width": 113, "Plans": [{"Node Type": "Nested Loop", "Parent Relationship": "Outer", "Join Type": "Inner", "Startup Cost": 0.0, "Total Cost": 344943.3, "Plan Rows": 332005, "Plan Width": 45, "Inner Unique": false, "Join Filter": "(mc.company_type_id = ct.id), (LLVM Optimized)", "Plans": [{"Node Type": "Seq Scan", "Parent Relationship": "Outer", "Relation Name": "company_type", "Alias": "ct", "Startup Cost": 0.0, "Total Cost": 1.04, "Plan Rows": 1, "Plan Width": 4, "Filter": "((kind)::text = 'production companies'::text)"}, {"Node Type": "Materialize", "Parent Relationship": "Inner", "Startup Cost": 0.0, "Total Cost": 339450.27, "Plan Rows": 549199, "Plan Width": 49, "Plans": [{"Node Type": "Nested Loop", "Parent Relationship": "Outer", "Join Type": "Inner", "Startup Cost": 0.0, "Total Cost": 338077.27, "Plan Rows": 549199, "Plan Width": 49, "Inner Unique": false, "Join Filter": "(t.id = mc.movie_id), (LLVM Optimized)", "Plans": [{"Node Type": "Nested Loop", "Parent Relationship": "Outer", "Join Type": "Inner", "Startup Cost": 0.0, "Total Cost": 182160.23, "Plan Rows": 396404, "Plan Width": 29, "Inner Unique": true, "Plans": [{"Node Type": "Streaming(type: LOCAL GATHER dop: 1/16)", "Parent Relationship": "Outer", "Startup Cost": 0.0, "Total Cost": 39794.02, "Plan Rows": 345008, "Plan Width": 4, "Plans": [{"Node Type": "Nested Loop", "Parent Relationship": "Outer", "Join Type": "Inner", "Startup Cost": 0.0, "Total Cost": 32348.04, "Plan Rows": 345008, "Plan Width": 4, "Inner Unique": false, "Join Filter": "(it.id = mi_idx.info_type_id), (LLVM Optimized)", "Plans": [{"Node Type": "Streaming(type: BROADCAST dop: 16/1)", "Parent Relationship": "Outer", "Startup Cost": 0.0, "Total Cost": 15002.75, "Plan Rows": 16, "Plan Width": 4, "Plans": [{"Node Type": "Seq Scan", "Parent Relationship": "Outer", "Relation Name": "info_type", "Alias": "it", "Startup Cost": 0.0, "Total Cost": 2.4, "Plan Rows": 1, "Plan Width": 4, "Filter": "((info)::text = 'bottom 10 rank'::text)"}]}, {"Node Type": "Seq Scan", "Parent Relationship": "Inner", "Relation Name": "movie_info_idx", "Alias": "mi_idx", "Startup Cost": 0.0, "Total Cost": 16267.15, "Plan Rows": 1380034, "Plan Width": 8}]}]}, {"Node Type": "Index Scan", "Parent Relationship": "Inner", "Scan Direction": "Forward", "Index Name": "title_pkey", "Relation Name": "title", "Alias": "t", "Startup Cost": 0.0, "Total Cost": 0.4, "Plan Rows": 1, "Plan Width": 25, "Index Cond": "(id = mi_idx.movie_id)", "Filter": "((production_year >= 2005) AND (production_year <= 2010))"}]}, {"Node Type": "Index Scan", "Parent Relationship": "Inner", "Scan Direction": "Forward", "Index Name": "movie_id_movie_companies", "Relation Name": "movie_companies", "Alias": "mc", "Startup Cost": 0.0, "Total Cost": 0.37, "Plan Rows": 2, "Plan Width": 32, "Index Cond": "(movie_id = mi_idx.movie_id)", "Filter": "((note)::text !~~ '%(as Metro-Goldwyn-Mayer Pictures)%'::text)"}]}]}]}]}, "Unique SQL Id": 1162488282, "Planner Runtime": 3}, "explain_analyze_plan": {"Plan": {"Node Type": "Aggregate", "Strategy": "Plain", "Startup Cost": 347433.34, "Total Cost": 347433.35, "Plan Rows": 1, "Plan Width": 113, "Actual Min Startup Time": 88.206, "Actual Max Startup Time": 88.206, "Actual Min Total Time": 88.207, "Actual Max Total Time": 88.207, "Plans": [{"Node Type": "Nested Loop", "Parent Relationship": "Outer", "Join Type": "Inner", "Startup Cost": 0.0, "Total Cost": 344943.3, "Plan Rows": 332005, "Plan Width": 45, "Actual Min Startup Time": 88.175, "Actual Max Startup Time": 88.175, "Actual Min Total Time": 88.181, "Actual Max Total Time": 88.181, "Inner Unique": false, "Join Filter": "(mc.company_type_id = ct.id), (LLVM Optimized)", "Rows Removed by Join Filter": 63, "Plans": [{"Node Type": "Seq Scan", "Parent Relationship": "Outer", "Relation Name": "company_type", "Alias": "ct", "Startup Cost": 0.0, "Total Cost": 1.04, "Plan Rows": 1, "Plan Width": 4, "Actual Min Startup Time": 0.014, "Actual Max Startup Time": 0.014, "Actual Min Total Time": 0.017, "Actual Max Total Time": 0.017, "Filter": "((kind)::text = 'production companies'::text)", "Rows Removed by Filter": 2, "Actual Rows": 1}, {"Node Type": "Materialize", "Parent Relationship": "Inner", "Startup Cost": 0.0, "Total Cost": 339450.27, "Plan Rows": 549199, "Plan Width": 49, "Actual Min Startup Time": 88.125, "Actual Max Startup Time": 88.125, "Actual Min Total Time": 88.132, "Actual Max Total Time": 88.132, "Plans": [{"Node Type": "Nested Loop", "Parent Relationship": "Outer", "Join Type": "Inner", "Startup Cost": 0.0, "Total Cost": 338077.27, "Plan Rows": 549199, "Plan Width": 49, "Actual Min Startup Time": 87.923, "Actual Max Startup Time": 87.923, "Actual Min Total Time": 88.074, "Actual Max Total Time": 88.074, "Inner Unique": false, "Join Filter": "(t.id = mc.movie_id), (LLVM Optimized)", "Rows Removed by Join Filter": 0, "Plans": [{"Node Type": "Nested Loop", "Parent Relationship": "Outer", "Join Type": "Inner", "Startup Cost": 0.0, "Total Cost": 182160.23, "Plan Rows": 396404, "Plan Width": 29, "Actual Min Startup Time": 87.897, "Actual Max Startup Time": 87.897, "Actual Min Total Time": 87.931, "Actual Max Total Time": 87.931, "Inner Unique": true, "Plans": [{"Node Type": "Streaming(type: LOCAL GATHER dop: 1/16)", "Parent Relationship": "Outer", "Startup Cost": 0.0, "Total Cost": 39794.02, "Plan Rows": 345008, "Plan Width": 4, "Actual Min Startup Time": 87.77, "Actual Max Startup Time": 87.77, "Actual Min Total Time": 87.771, "Actual Max Total Time": 87.771, "Plans": [{"Node Type": "Nested Loop", "Parent Relationship": "Outer", "Join Type": "Inner", "Startup Cost": 0.0, "Total Cost": 32348.04, "Plan Rows": 345008, "Plan Width": 4, "Actual Min Startup Time": 34.745, "Actual Max Startup Time": 41.135, "Actual Min Total Time": 34.745, "Actual Max Total Time": 41.141, "Inner Unique": false, "Join Filter": "(it.id = mi_idx.info_type_id), (LLVM Optimized)", "Rows Removed by Join Filter": 1380024, "Plans": [{"Node Type": "Streaming(type: BROADCAST dop: 16/1)", "Parent Relationship": "Outer", "Startup Cost": 0.0, "Total Cost": 15002.75, "Plan Rows": 16, "Plan Width": 4, "Actual Min Startup Time": 0.002, "Actual Max Startup Time": 0.006, "Actual Min Total Time": 0.002, "Actual Max Total Time": 0.009, "Plans": [{"Node Type": "Seq Scan", "Parent Relationship": "Outer", "Relation Name": "info_type", "Alias": "it", "Startup Cost": 0.0, "Total Cost": 2.4, "Plan Rows": 1, "Plan Width": 4, "Actual Min Startup Time": 0.07, "Actual Max Startup Time": 0.07, "Actual Min Total Time": 0.073, "Actual Max Total Time": 0.073, "Filter": "((info)::text = 'bottom 10 rank'::text)", "Rows Removed by Filter": 111, "Actual Rows": 1}], "Actual Rows": 16}, {"Node Type": "Seq Scan", "Parent Relationship": "Inner", "Relation Name": "movie_info_idx", "Alias": "mi_idx", "Startup Cost": 0.0, "Total Cost": 16267.15, "Plan Rows": 1380034, "Plan Width": 8, "Actual Min Startup Time": 0.035, "Actual Max Startup Time": 0.048, "Actual Min Total Time": 18.527, "Actual Max Total Time": 21.924, "Actual Rows": 1380034}], "Actual Rows": 10}], "Actual Rows": 10}, {"Node Type": "Index Scan", "Parent Relationship": "Inner", "Scan Direction": "Forward", "Index Name": "title_pkey", "Relation Name": "title", "Alias": "t", "Startup Cost": 0.0, "Total Cost": 0.4, "Plan Rows": 1, "Plan Width": 25, "Actual Min Startup Time": 0.142, "Actual Max Startup Time": 0.142, "Actual Min Total Time": 0.142, "Actual Max Total Time": 0.142, "Index Cond": "(id = mi_idx.movie_id)", "Rows Removed by Index Recheck": 0, "Filter": "((production_year >= 2005) AND (production_year <= 2010))", "Rows Removed by Filter": 6, "Actual Rows": 4}], "Actual Rows": 4}, {"Node Type": "Index Scan", "Parent Relationship": "Inner", "Scan Direction": "Forward", "Index Name": "movie_id_movie_companies", "Relation Name": "movie_companies", "Alias": "mc", "Startup Cost": 0.0, "Total Cost": 0.37, "Plan Rows": 2, "Plan Width": 32, "Actual Min Startup Time": 0.048, "Actual Max Startup Time": 0.048, "Actual Min Total Time": 0.113, "Actual Max Total Time": 0.113, "Index Cond": "(movie_id = mi_idx.movie_id)", "Rows Removed by Index Recheck": 0, "Filter": "((note)::text !~~ '%(as Metro-Goldwyn-Mayer Pictures)%'::text)", "Rows Removed by Filter": 7, "Actual Rows": 66}], "Actual Rows": 66}], "Actual Rows": 67}], "Actual Rows": 3}], "Actual Rows": 1}, "Triggers": [], "Planner Runtime": 3.145, "Total Runtime": 100.719, "Unique SQL Id": 1162488282}}, "(16, '61')": {"explain_plan": {"Plan": {"Node Type": "Aggregate", "Strategy": "Plain", "Startup Cost": 345988.79, "Total Cost": 345988.8, "Plan Rows": 1, "Plan Width": 113, "Plans": [{"Node Type": "Nested Loop", "Parent Relationship": "Outer", "Join Type": "Inner", "Startup Cost": 0.0, "Total Cost": 343498.75, "Plan Rows": 332005, "Plan Width": 45, "Inner Unique": false, "Join Filter": "(mc.company_type_id = ct.id), (LLVM Optimized)", "Plans": [{"Node Type": "Index Scan", "Parent Relationship": "Outer", "Scan Direction": "Forward", "Index Name": "company_type_pkey", "Relation Name": "company_type", "Alias": "ct", "Startup Cost": 0.0, "Total Cost": 12.3, "Plan Rows": 1, "Plan Width": 4, "Filter": "((kind)::text = 'production companies'::text)"}, {"Node Type": "Nested Loop", "Parent Relationship": "Inner", "Join Type": "Inner", "Startup Cost": 0.0, "Total Cost": 336621.46, "Plan Rows": 549199, "Plan Width": 49, "Inner Unique": false, "Join Filter": "(t.id = mc.movie_id), (LLVM Optimized)", "Plans": [{"Node Type": "Nested Loop", "Parent Relationship": "Outer", "Join Type": "Inner", "Startup Cost": 0.0, "Total Cost": 180704.42, "Plan Rows": 396404, "Plan Width": 29, "Inner Unique": true, "Plans": [{"Node Type": "Nested Loop", "Parent Relationship": "Outer", "Join Type": "Inner", "Startup Cost": 0.0, "Total Cost": 38338.2, "Plan Rows": 345008, "Plan Width": 4, "Inner Unique": false, "Plans": [{"Node Type": "Index Scan", "Parent Relationship": "Outer", "Scan Direction": "Forward", "Index Name": "info_type_pkey", "Relation Name": "info_type", "Alias": "it", "Startup Cost": 0.0, "Total Cost": 14.21, "Plan Rows": 1, "Plan Width": 4, "Filter": "((info)::text = 'bottom 10 rank'::text)"}, {"Node Type": "Index Scan", "Parent Relationship": "Inner", "Scan Direction": "Forward", "Index Name": "info_type_id_movie_info_idx", "Relation Name": "movie_info_idx", "Alias": "mi_idx", "Startup Cost": 0.0, "Total Cost": 34873.91, "Plan Rows": 345008, "Plan Width": 8, "Index Cond": "(info_type_id = it.id), (LLVM Optimized)"}]}, {"Node Type": "Index Scan", "Parent Relationship": "Inner", "Scan Direction": "Forward", "Index Name": "title_pkey", "Relation Name": "title", "Alias": "t", "Startup Cost": 0.0, "Total Cost": 0.4, "Plan Rows": 1, "Plan Width": 25, "Index Cond": "(id = mi_idx.movie_id)", "Filter": "((production_year >= 2005) AND (production_year <= 2010))"}]}, {"Node Type": "Index Scan", "Parent Relationship": "Inner", "Scan Direction": "Forward", "Index Name": "movie_id_movie_companies", "Relation Name": "movie_companies", "Alias": "mc", "Startup Cost": 0.0, "Total Cost": 0.37, "Plan Rows": 2, "Plan Width": 32, "Index Cond": "(movie_id = mi_idx.movie_id)", "Filter": "((note)::text !~~ '%(as Metro-Goldwyn-Mayer Pictures)%'::text)"}]}]}]}, "Unique SQL Id": 1162488282, "Planner Runtime": 2}, "explain_analyze_plan": {"Plan": {"Node Type": "Aggregate", "Strategy": "Plain", "Startup Cost": 345988.79, "Total Cost": 345988.8, "Plan Rows": 1, "Plan Width": 113, "Actual Startup Time": 0.36, "Actual Total Time": 0.36, "Actual Rows": 1, "Actual Loops": 1, "Plans": [{"Node Type": "Nested Loop", "Parent Relationship": "Outer", "Join Type": "Inner", "Startup Cost": 0.0, "Total Cost": 343498.75, "Plan Rows": 332005, "Plan Width": 45, "Actual Startup Time": 0.331, "Actual Total Time": 0.34, "Actual Rows": 3, "Actual Loops": 1, "Inner Unique": false, "Join Filter": "(mc.company_type_id = ct.id), (LLVM Optimized)", "Rows Removed by Join Filter": 63, "Plans": [{"Node Type": "Index Scan", "Parent Relationship": "Outer", "Scan Direction": "Forward", "Index Name": "company_type_pkey", "Relation Name": "company_type", "Alias": "ct", "Startup Cost": 0.0, "Total Cost": 12.3, "Plan Rows": 1, "Plan Width": 4, "Actual Startup Time": 0.034, "Actual Total Time": 0.037, "Actual Rows": 1, "Actual Loops": 1, "Filter": "((kind)::text = 'production companies'::text)", "Rows Removed by Filter": 2}, {"Node Type": "Nested Loop", "Parent Relationship": "Inner", "Join Type": "Inner", "Startup Cost": 0.0, "Total Cost": 336621.46, "Plan Rows": 549199, "Plan Width": 49, "Actual Startup Time": 0.148, "Actual Total Time": 0.285, "Actual Rows": 66, "Actual Loops": 1, "Inner Unique": false, "Join Filter": "(t.id = mc.movie_id), (LLVM Optimized)", "Rows Removed by Join Filter": 0, "Plans": [{"Node Type": "Nested Loop", "Parent Relationship": "Outer", "Join Type": "Inner", "Startup Cost": 0.0, "Total Cost": 180704.42, "Plan Rows": 396404, "Plan Width": 29, "Actual Startup Time": 0.131, "Actual Total Time": 0.164, "Actual Rows": 4, "Actual Loops": 1, "Inner Unique": true, "Plans": [{"Node Type": "Nested Loop", "Parent Relationship": "Outer", "Join Type": "Inner", "Startup Cost": 0.0, "Total Cost": 38338.2, "Plan Rows": 345008, "Plan Width": 4, "Actual Startup Time": 0.075, "Actual Total Time": 0.086, "Actual Rows": 10, "Actual Loops": 1, "Inner Unique": false, "Plans": [{"Node Type": "Index Scan", "Parent Relationship": "Outer", "Scan Direction": "Forward", "Index Name": "info_type_pkey", "Relation Name": "info_type", "Alias": "it", "Startup Cost": 0.0, "Total Cost": 14.21, "Plan Rows": 1, "Plan Width": 4, "Actual Startup Time": 0.059, "Actual Total Time": 0.06, "Actual Rows": 1, "Actual Loops": 1, "Filter": "((info)::text = 'bottom 10 rank'::text)", "Rows Removed by Filter": 111}, {"Node Type": "Index Scan", "Parent Relationship": "Inner", "Scan Direction": "Forward", "Index Name": "info_type_id_movie_info_idx", "Relation Name": "movie_info_idx", "Alias": "mi_idx", "Startup Cost": 0.0, "Total Cost": 34873.91, "Plan Rows": 345008, "Plan Width": 8, "Actual Startup Time": 0.013, "Actual Total Time": 0.017, "Actual Rows": 10, "Actual Loops": 1, "Index Cond": "(info_type_id = it.id), (LLVM Optimized)", "Rows Removed by Index Recheck": 0}]}, {"Node Type": "Index Scan", "Parent Relationship": "Inner", "Scan Direction": "Forward", "Index Name": "title_pkey", "Relation Name": "title", "Alias": "t", "Startup Cost": 0.0, "Total Cost": 0.4, "Plan Rows": 1, "Plan Width": 25, "Actual Startup Time": 0.072, "Actual Total Time": 0.072, "Actual Rows": 4, "Actual Loops": 10, "Index Cond": "(id = mi_idx.movie_id)", "Rows Removed by Index Recheck": 0, "Filter": "((production_year >= 2005) AND (production_year <= 2010))", "Rows Removed by Filter": 6}]}, {"Node Type": "Index Scan", "Parent Relationship": "Inner", "Scan Direction": "Forward", "Index Name": "movie_id_movie_companies", "Relation Name": "movie_companies", "Alias": "mc", "Startup Cost": 0.0, "Total Cost": 0.37, "Plan Rows": 2, "Plan Width": 32, "Actual Startup Time": 0.038, "Actual Total Time": 0.096, "Actual Rows": 66, "Actual Loops": 4, "Index Cond": "(movie_id = mi_idx.movie_id)", "Rows Removed by Index Recheck": 0, "Filter": "((note)::text !~~ '%(as Metro-Goldwyn-Mayer Pictures)%'::text)", "Rows Removed by Filter": 7}]}]}]}, "Triggers": [], "Planner Runtime": 2.982, "Total Runtime": 10.431, "Unique SQL Id": 1162488282}}, "(16, '62')": {"explain_plan": {"Plan": {"Node Type": "Aggregate", "Strategy": "Plain", "Startup Cost": 44999472.66, "Total Cost": 44999472.69, "Plan Rows": 1, "Plan Width": 113, "Plans": [{"Node Type": "Streaming(type: LOCAL GATHER dop: 1/16)", "Parent Relationship": "Outer", "Startup Cost": 44999472.66, "Total Cost": 44999472.69, "Plan Rows": 1, "Plan Width": 113, "Plans": [{"Node Type": "Aggregate", "Strategy": "Plain", "Parent Relationship": "Outer", "Startup Cost": 44999472.66, "Total Cost": 44999472.67, "Plan Rows": 1, "Plan Width": 113, "Plans": [{"Node Type": "Nested Loop", "Parent Relationship": "Outer", "Join Type": "Inner", "Startup Cost": 554.15, "Total Cost": 44996982.62, "Plan Rows": 332005, "Plan Width": 45, "Inner Unique": false, "Join Filter": "(mc.movie_id = t.id), (LLVM Optimized)", "Plans": [{"Node Type": "Streaming(type: LOCAL REDISTRIBUTE dop: 16/16)", "Parent Relationship": "Outer", "Startup Cost": 0.0, "Total Cost": 55003.85, "Plan Rows": 1304518, "Plan Width": 28, "Plans": [{"Node Type": "Nested Loop", "Parent Relationship": "Outer", "Join Type": "Inner", "Startup Cost": 0.0, "Total Cost": 35060.95, "Plan Rows": 1304518, "Plan Width": 28, "Inner Unique": false, "Join Filter": "(ct.id = mc.company_type_id), (LLVM Optimized)", "Plans": [{"Node Type": "Streaming(type: BROADCAST dop: 16/1)", "Parent Relationship": "Outer", "Startup Cost": 0.0, "Total Cost": 15001.38, "Plan Rows": 16, "Plan Width": 4, "Plans": [{"Node Type": "Seq Scan", "Parent Relationship": "Outer", "Relation Name": "company_type", "Alias": "ct", "Startup Cost": 0.0, "Total Cost": 1.04, "Plan Rows": 1, "Plan Width": 4, "Filter": "((kind)::text = 'production companies'::text)"}]}, {"Node Type": "Seq Scan", "Parent Relationship": "Inner", "Relation Name": "movie_companies", "Alias": "mc", "Startup Cost": 0.0, "Total Cost": 18021.26, "Plan Rows": 2609035, "Plan Width": 32, "Filter": "((note)::text !~~ '%(as Metro-Goldwyn-Mayer Pictures)%'::text), (LLVM Optimized)"}]}]}, {"Node Type": "Materialize", "Parent Relationship": "Inner", "Startup Cost": 554.15, "Total Cost": 14642266.11, "Plan Rows": 396404, "Plan Width": 29, "Plans": [{"Node Type": "Streaming(type: LOCAL REDISTRIBUTE dop: 16/16)", "Parent Relationship": "Outer", "Startup Cost": 554.15, "Total Cost": 14642142.23, "Plan Rows": 396404, "Plan Width": 29, "Plans": [{"Node Type": "Nested Loop", "Parent Relationship": "Outer", "Join Type": "Inner", "Startup Cost": 554.15, "Total Cost": 14625640.23, "Plan Rows": 396404, "Plan Width": 29, "Inner Unique": false, "Join Filter": "(mi_idx.movie_id = t.id), (LLVM Optimized)", "Plans": [{"Node Type": "Streaming(type: LOCAL REDISTRIBUTE dop: 16/16)", "Parent Relationship": "Outer", "Startup Cost": 554.15, "Total Cost": 37269.66, "Plan Rows": 719240, "Plan Width": 25, "Plans": [{"Node Type": "Seq Scan", "Parent Relationship": "Outer", "Relation Name": "title", "Alias": "t", "Startup Cost": 554.15, "Total Cost": 19544.42, "Plan Rows": 719240, "Plan Width": 25, "Filter": "((production_year >= 2005) AND (production_year <= 2010)), (LLVM Optimized)"}]}, {"Node Type": "Materialize", "Parent Relationship": "Inner", "Startup Cost": 0.0, "Total Cost": 48763.12, "Plan Rows": 345008, "Plan Width": 4, "Plans": [{"Node Type": "Streaming(type: LOCAL REDISTRIBUTE dop: 16/16)", "Parent Relationship": "Outer", "Startup Cost": 0.0, "Total Cost": 48655.3, "Plan Rows": 345008, "Plan Width": 4, "Plans": [{"Node Type": "Nested Loop", "Parent Relationship": "Outer", "Join Type": "Inner", "Startup Cost": 0.0, "Total Cost": 32348.04, "Plan Rows": 345008, "Plan Width": 4, "Inner Unique": false, "Join Filter": "(it.id = mi_idx.info_type_id), (LLVM Optimized)", "Plans": [{"Node Type": "Streaming(type: BROADCAST dop: 16/1)", "Parent Relationship": "Outer", "Startup Cost": 0.0, "Total Cost": 15002.75, "Plan Rows": 16, "Plan Width": 4, "Plans": [{"Node Type": "Seq Scan", "Parent Relationship": "Outer", "Relation Name": "info_type", "Alias": "it", "Startup Cost": 0.0, "Total Cost": 2.4, "Plan Rows": 1, "Plan Width": 4, "Filter": "((info)::text = 'bottom 10 rank'::text)"}]}, {"Node Type": "Seq Scan", "Parent Relationship": "Inner", "Relation Name": "movie_info_idx", "Alias": "mi_idx", "Startup Cost": 0.0, "Total Cost": 16267.15, "Plan Rows": 1380034, "Plan Width": 8}]}]}]}]}]}]}]}]}]}]}, "Unique SQL Id": 1162488282, "Planner Runtime": 3}, "explain_analyze_plan": {"Plan": {"Node Type": "Aggregate", "Strategy": "Plain", "Startup Cost": 44999472.66, "Total Cost": 44999472.69, "Plan Rows": 1, "Plan Width": 113, "Actual Min Startup Time": 464.917, "Actual Max Startup Time": 464.917, "Actual Min Total Time": 464.918, "Actual Max Total Time": 464.918, "Plans": [{"Node Type": "Streaming(type: LOCAL GATHER dop: 1/16)", "Parent Relationship": "Outer", "Startup Cost": 44999472.66, "Total Cost": 44999472.69, "Plan Rows": 1, "Plan Width": 113, "Actual Min Startup Time": 464.813, "Actual Max Startup Time": 464.813, "Actual Min Total Time": 464.898, "Actual Max Total Time": 464.898, "Plans": [{"Node Type": "Aggregate", "Strategy": "Plain", "Parent Relationship": "Outer", "Startup Cost": 44999472.66, "Total Cost": 44999472.67, "Plan Rows": 1, "Plan Width": 113, "Actual Min Startup Time": 207.577, "Actual Max Startup Time": 274.583, "Actual Min Total Time": 207.577, "Actual Max Total Time": 274.583, "Plans": [{"Node Type": "Nested Loop", "Parent Relationship": "Outer", "Join Type": "Inner", "Startup Cost": 554.15, "Total Cost": 44996982.62, "Plan Rows": 332005, "Plan Width": 45, "Actual Min Startup Time": 187.348, "Actual Max Startup Time": 274.576, "Actual Min Total Time": 207.57, "Actual Max Total Time": 274.576, "Inner Unique": false, "Join Filter": "(mc.movie_id = t.id), (LLVM Optimized)", "Rows Removed by Join Filter": 35584, "Plans": [{"Node Type": "Streaming(type: LOCAL REDISTRIBUTE dop: 16/16)", "Parent Relationship": "Outer", "Startup Cost": 0.0, "Total Cost": 55003.85, "Plan Rows": 1304518, "Plan Width": 28, "Actual Min Startup Time": 0.053, "Actual Max Startup Time": 0.43, "Actual Min Total Time": 33.507, "Actual Max Total Time": 36.469, "Plans": [{"Node Type": "Nested Loop", "Parent Relationship": "Outer", "Join Type": "Inner", "Startup Cost": 0.0, "Total Cost": 35060.95, "Plan Rows": 1304518, "Plan Width": 28, "Actual Min Startup Time": 49.122, "Actual Max Startup Time": 62.491, "Actual Min Total Time": 71.807, "Actual Max Total Time": 88.001, "Inner Unique": false, "Join Filter": "(ct.id = mc.company_type_id), (LLVM Optimized)", "Rows Removed by Join Filter": 1196183, "Plans": [{"Node Type": "Streaming(type: BROADCAST dop: 16/1)", "Parent Relationship": "Outer", "Startup Cost": 0.0, "Total Cost": 15001.38, "Plan Rows": 16, "Plan Width": 4, "Actual Min Startup Time": 0.004, "Actual Max Startup Time": 6.011, "Actual Min Total Time": 0.005, "Actual Max Total Time": 6.012, "Plans": [{"Node Type": "Seq Scan", "Parent Relationship": "Outer", "Relation Name": "company_type", "Alias": "ct", "Startup Cost": 0.0, "Total Cost": 1.04, "Plan Rows": 1, "Plan Width": 4, "Actual Min Startup Time": 0.028, "Actual Max Startup Time": 0.028, "Actual Min Total Time": 0.032, "Actual Max Total Time": 0.032, "Filter": "((kind)::text = 'production companies'::text)", "Rows Removed by Filter": 2, "Actual Rows": 1}], "Actual Rows": 16}, {"Node Type": "Seq Scan", "Parent Relationship": "Inner", "Relation Name": "movie_companies", "Alias": "mc", "Startup Cost": 0.0, "Total Cost": 18021.26, "Plan Rows": 2609035, "Plan Width": 32, "Actual Min Startup Time": 0.03, "Actual Max Startup Time": 0.058, "Actual Min Total Time": 56.624, "Actual Max Total Time": 67.579, "Filter": "((note)::text !~~ '%(as Metro-Goldwyn-Mayer Pictures)%'::text), (LLVM Optimized)", "Rows Removed by Filter": 1272041, "Actual Rows": 1337087}], "Actual Rows": 140904}], "Actual Rows": 140904}, {"Node Type": "Materialize", "Parent Relationship": "Inner", "Startup Cost": 554.15, "Total Cost": 14642266.11, "Plan Rows": 396404, "Plan Width": 29, "Actual Min Startup Time": 169.763, "Actual Max Startup Time": 236.654, "Actual Min Total Time": 169.763, "Actual Max Total Time": 236.654, "Plans": [{"Node Type": "Streaming(type: LOCAL REDISTRIBUTE dop: 16/16)", "Parent Relationship": "Outer", "Startup Cost": 554.15, "Total Cost": 14642142.23, "Plan Rows": 396404, "Plan Width": 29, "Actual Min Startup Time": 168.837, "Actual Max Startup Time": 235.848, "Actual Min Total Time": 168.837, "Actual Max Total Time": 235.848, "Plans": [{"Node Type": "Nested Loop", "Parent Relationship": "Outer", "Join Type": "Inner", "Startup Cost": 554.15, "Total Cost": 14625640.23, "Plan Rows": 396404, "Plan Width": 29, "Actual Min Startup Time": 124.561, "Actual Max Startup Time": 213.985, "Actual Min Total Time": 168.34, "Actual Max Total Time": 213.985, "Inner Unique": false, "Join Filter": "(mi_idx.movie_id = t.id), (LLVM Optimized)", "Rows Removed by Join Filter": 447303, "Plans": [{"Node Type": "Streaming(type: LOCAL REDISTRIBUTE dop: 16/16)", "Parent Relationship": "Outer", "Startup Cost": 554.15, "Total Cost": 37269.66, "Plan Rows": 719240, "Plan Width": 25, "Actual Min Startup Time": 0.055, "Actual Max Startup Time": 0.224, "Actual Min Total Time": 100.277, "Actual Max Total Time": 126.154, "Plans": [{"Node Type": "Seq Scan", "Parent Relationship": "Outer", "Relation Name": "title", "Alias": "t", "Startup Cost": 554.15, "Total Cost": 19544.42, "Plan Rows": 719240, "Plan Width": 25, "Actual Min Startup Time": 0.03, "Actual Max Startup Time": 0.048, "Actual Min Total Time": 63.57, "Actual Max Total Time": 72.145, "Filter": "((production_year >= 2005) AND (production_year <= 2010)), (LLVM Optimized)", "Rows Removed by Filter": 1812052, "Actual Rows": 716259}], "Actual Rows": 716259}, {"Node Type": "Materialize", "Parent Relationship": "Inner", "Startup Cost": 0.0, "Total Cost": 48763.12, "Plan Rows": 345008, "Plan Width": 4, "Actual Min Startup Time": 34.084, "Actual Max Startup Time": 80.696, "Actual Min Total Time": 37.97, "Actual Max Total Time": 80.696, "Plans": [{"Node Type": "Streaming(type: LOCAL REDISTRIBUTE dop: 16/16)", "Parent Relationship": "Outer", "Startup Cost": 0.0, "Total Cost": 48655.3, "Plan Rows": 345008, "Plan Width": 4, "Actual Min Startup Time": 0.024, "Actual Max Startup Time": 75.748, "Actual Min Total Time": 30.128, "Actual Max Total Time": 75.748, "Plans": [{"Node Type": "Nested Loop", "Parent Relationship": "Outer", "Join Type": "Inner", "Startup Cost": 0.0, "Total Cost": 32348.04, "Plan Rows": 345008, "Plan Width": 4, "Actual Min Startup Time": 34.813, "Actual Max Startup Time": 51.632, "Actual Min Total Time": 34.813, "Actual Max Total Time": 51.632, "Inner Unique": false, "Join Filter": "(it.id = mi_idx.info_type_id), (LLVM Optimized)", "Rows Removed by Join Filter": 1380024, "Plans": [{"Node Type": "Streaming(type: BROADCAST dop: 16/1)", "Parent Relationship": "Outer", "Startup Cost": 0.0, "Total Cost": 15002.75, "Plan Rows": 16, "Plan Width": 4, "Actual Min Startup Time": 0.004, "Actual Max Startup Time": 16.436, "Actual Min Total Time": 0.005, "Actual Max Total Time": 16.438, "Plans": [{"Node Type": "Seq Scan", "Parent Relationship": "Outer", "Relation Name": "info_type", "Alias": "it", "Startup Cost": 0.0, "Total Cost": 2.4, "Plan Rows": 1, "Plan Width": 4, "Actual Min Startup Time": 0.066, "Actual Max Startup Time": 0.066, "Actual Min Total Time": 0.07, "Actual Max Total Time": 0.07, "Filter": "((info)::text = 'bottom 10 rank'::text)", "Rows Removed by Filter": 111, "Actual Rows": 1}], "Actual Rows": 16}, {"Node Type": "Seq Scan", "Parent Relationship": "Inner", "Relation Name": "movie_info_idx", "Alias": "mi_idx", "Startup Cost": 0.0, "Total Cost": 16267.15, "Plan Rows": 1380034, "Plan Width": 8, "Actual Min Startup Time": 0.031, "Actual Max Startup Time": 0.043, "Actual Min Total Time": 18.594, "Actual Max Total Time": 22.465, "Actual Rows": 1380034}], "Actual Rows": 10}], "Actual Rows": 10}], "Actual Rows": 447315}], "Actual Rows": 4}], "Actual Rows": 4}], "Actual Rows": 35591}], "Actual Rows": 3}], "Actual Rows": 16}], "Actual Rows": 16}], "Actual Rows": 1}, "Triggers": [], "Planner Runtime": 4.854, "Total Runtime": 492.446, "Unique SQL Id": 1162488282}}, "(16, '63')": {"explain_plan": {"Plan": {"Node Type": "Aggregate", "Strategy": "Plain", "Startup Cost": 5011509592906.65, "Total Cost": 5011509592906.66, "Plan Rows": 1, "Plan Width": 113, "Plans": [{"Node Type": "Nested Loop", "Parent Relationship": "Outer", "Join Type": "Inner", "Startup Cost": 50000000000.0, "Total Cost": 5011509590416.61, "Plan Rows": 332005, "Plan Width": 45, "Inner Unique": false, "Join Filter": "(mc.movie_id = t.id), (LLVM Optimized)", "Plans": [{"Node Type": "Nested Loop", "Parent Relationship": "Outer", "Join Type": "Inner", "Startup Cost": 20000000000.0, "Total Cost": 2000013744593.91, "Plan Rows": 1304518, "Plan Width": 28, "Inner Unique": true, "Join Filter": "(ct.id = mc.company_type_id), (LLVM Optimized)", "Plans": [{"Node Type": "Index Scan", "Parent Relationship": "Outer", "Scan Direction": "Forward", "Index Name": "movie_id_movie_companies", "Relation Name": "movie_companies", "Alias": "mc", "Startup Cost": 10000000000.0, "Total Cost": 1000013704228.13, "Plan Rows": 2609035, "Plan Width": 32, "Filter": "((note)::text !~~ '%(as Metro-Goldwyn-Mayer Pictures)%'::text), (LLVM Optimized)"}, {"Node Type": "Materialize", "Parent Relationship": "Inner", "Startup Cost": 10000000000.0, "Total Cost": 1000000001230.26, "Plan Rows": 1, "Plan Width": 4, "Plans": [{"Node Type": "Index Scan", "Parent Relationship": "Outer", "Scan Direction": "Forward", "Index Name": "company_type_pkey", "Relation Name": "company_type", "Alias": "ct", "Startup Cost": 10000000000.0, "Total Cost": 1000000001230.25, "Plan Rows": 1, "Plan Width": 4, "Filter": "((kind)::text = 'production companies'::text)"}]}]}, {"Node Type": "Materialize", "Parent Relationship": "Inner", "Startup Cost": 30000000000.0, "Total Cost": 3003739104514.63, "Plan Rows": 396404, "Plan Width": 29, "Plans": [{"Node Type": "Nested Loop", "Parent Relationship": "Outer", "Join Type": "Inner", "Startup Cost": 30000000000.0, "Total Cost": 3003739102532.61, "Plan Rows": 396404, "Plan Width": 29, "Inner Unique": false, "Join Filter": "(mi_idx.movie_id = t.id), (LLVM Optimized)", "Plans": [{"Node Type": "Index Scan", "Parent Relationship": "Outer", "Scan Direction": "Forward", "Index Name": "title_pkey", "Relation Name": "title", "Alias": "t", "Startup Cost": 10000000000.0, "Total Cost": 1000012276204.41, "Plan Rows": 719240, "Plan Width": 25, "Filter": "((production_year >= 2005) AND (production_year <= 2010)), (LLVM Optimized)"}, {"Node Type": "Materialize", "Parent Relationship": "Inner", "Startup Cost": 20000000000.0, "Total Cost": 2000004673881.92, "Plan Rows": 345008, "Plan Width": 4, "Plans": [{"Node Type": "Nested Loop", "Parent Relationship": "Outer", "Join Type": "Inner", "Startup Cost": 20000000000.0, "Total Cost": 2000004672156.88, "Plan Rows": 345008, "Plan Width": 4, "Inner Unique": true, "Join Filter": "(it.id = mi_idx.info_type_id), (LLVM Optimized)", "Plans": [{"Node Type": "Index Scan", "Parent Relationship": "Outer", "Scan Direction": "Forward", "Index Name": "movie_id_movie_info_idx", "Relation Name": "movie_info_idx", "Alias": "mi_idx", "Startup Cost": 10000000000.0, "Total Cost": 1000004650035.37, "Plan Rows": 1380034, "Plan Width": 8}, {"Node Type": "Materialize", "Parent Relationship": "Inner", "Startup Cost": 10000000000.0, "Total Cost": 1000000001421.0, "Plan Rows": 1, "Plan Width": 4, "Plans": [{"Node Type": "Index Scan", "Parent Relationship": "Outer", "Scan Direction": "Forward", "Index Name": "info_type_pkey", "Relation Name": "info_type", "Alias": "it", "Startup Cost": 10000000000.0, "Total Cost": 1000000001421.0, "Plan Rows": 1, "Plan Width": 4, "Filter": "((info)::text = 'bottom 10 rank'::text)"}]}]}]}]}]}]}]}, "Unique SQL Id": 1162488282, "Planner Runtime": 2}, "explain_analyze_plan": null}, "(16, '64')": {"explain_plan": {"Plan": {"Node Type": "Aggregate", "Strategy": "Plain", "Startup Cost": 153079.61, "Total Cost": 153079.62, "Plan Rows": 1, "Plan Width": 113, "Plans": [{"Node Type": "Hash Join", "Parent Relationship": "Outer", "Join Type": "Inner", "Startup Cost": 91012.98, "Total Cost": 149723.58, "Plan Rows": 447470, "Plan Width": 45, "Inner Unique": false, "Hash Cond": "(mc.movie_id = t.id), (LLVM Optimized)", "Plans": [{"Node Type": "Streaming(type: LOCAL GATHER dop: 1/16)", "Parent Relationship": "Outer", "Startup Cost": 15001.4, "Total Cost": 62400.8, "Plan Rows": 1304518, "Plan Width": 28, "Plans": [{"Node Type": "Hash Join", "Parent Relationship": "Outer", "Join Type": "Inner", "Startup Cost": 15001.4, "Total Cost": 34246.65, "Plan Rows": 1304518, "Plan Width": 28, "Inner Unique": true, "Hash Cond": "(mc.company_type_id = ct.id), (LLVM Optimized)", "Plans": [{"Node Type": "Seq Scan", "Parent Relationship": "Outer", "Relation Name": "movie_companies", "Alias": "mc", "Startup Cost": 0.0, "Total Cost": 18021.26, "Plan Rows": 2609035, "Plan Width": 32, "Filter": "((note)::text !~~ '%(as Metro-Goldwyn-Mayer Pictures)%'::text), (LLVM Optimized)"}, {"Node Type": "Hash", "Parent Relationship": "Inner", "Startup Cost": 15001.38, "Total Cost": 15001.38, "Plan Rows": 16, "Plan Width": 4, "Plans": [{"Node Type": "Streaming(type: BROADCAST dop: 16/1)", "Parent Relationship": "Outer", "Startup Cost": 0.0, "Total Cost": 15001.38, "Plan Rows": 16, "Plan Width": 4, "Plans": [{"Node Type": "Seq Scan", "Parent Relationship": "Outer", "Relation Name": "company_type", "Alias": "ct", "Startup Cost": 0.0, "Total Cost": 1.04, "Plan Rows": 1, "Plan Width": 4, "Filter": "((kind)::text = 'production companies'::text)"}]}]}]}]}, {"Node Type": "Hash", "Parent Relationship": "Inner", "Startup Cost": 71056.54, "Total Cost": 71056.54, "Plan Rows": 396404, "Plan Width": 29, "Plans": [{"Node Type": "Hash Join", "Parent Relationship": "Outer", "Join Type": "Inner", "Startup Cost": 51559.64, "Total Cost": 71056.54, "Plan Rows": 396404, "Plan Width": 29, "Inner Unique": true, "Hash Cond": "(mi_idx.movie_id = t.id), (LLVM Optimized)", "Plans": [{"Node Type": "Nested Loop", "Parent Relationship": "Outer", "Join Type": "Inner", "Startup Cost": 7502.06, "Total Cost": 21741.14, "Plan Rows": 345008, "Plan Width": 4, "Inner Unique": false, "Plans": [{"Node Type": "Seq Scan", "Parent Relationship": "Outer", "Relation Name": "info_type", "Alias": "it", "Startup Cost": 0.0, "Total Cost": 2.4, "Plan Rows": 1, "Plan Width": 4, "Filter": "((info)::text = 'bottom 10 rank'::text)"}, {"Node Type": "Bitmap Heap Scan", "Parent Relationship": "Inner", "Relation Name": "movie_info_idx", "Alias": "mi_idx", "Startup Cost": 7502.06, "Total Cost": 18288.66, "Plan Rows": 345008, "Plan Width": 8, "Recheck Cond": "(info_type_id = it.id), (LLVM Optimized)", "Plans": [{"Node Type": "Bitmap Index Scan", "Parent Relationship": "Outer", "Index Name": "info_type_id_movie_info_idx", "Startup Cost": 0.0, "Total Cost": 7415.81, "Plan Rows": 345008, "Plan Width": 0, "Index Cond": "(info_type_id = it.id)"}]}]}, {"Node Type": "Hash", "Parent Relationship": "Inner", "Startup Cost": 35067.08, "Total Cost": 35067.08, "Plan Rows": 719240, "Plan Width": 25, "Plans": [{"Node Type": "Streaming(type: LOCAL GATHER dop: 1/16)", "Parent Relationship": "Outer", "Startup Cost": 554.15, "Total Cost": 35067.08, "Plan Rows": 719240, "Plan Width": 25, "Plans": [{"Node Type": "Seq Scan", "Parent Relationship": "Outer", "Relation Name": "title", "Alias": "t", "Startup Cost": 554.15, "Total Cost": 19544.42, "Plan Rows": 719240, "Plan Width": 25, "Filter": "((production_year >= 2005) AND (production_year <= 2010)), (LLVM Optimized)"}]}]}]}]}]}]}, "Unique SQL Id": 1162488282, "Planner Runtime": 19}, "explain_analyze_plan": {"Plan": {"Node Type": "Aggregate", "Strategy": "Plain", "Startup Cost": 153079.61, "Total Cost": 153079.62, "Plan Rows": 1, "Plan Width": 113, "Actual Min Startup Time": 508.339, "Actual Max Startup Time": 508.339, "Actual Min Total Time": 508.339, "Actual Max Total Time": 508.339, "Plans": [{"Node Type": "Hash Join", "Parent Relationship": "Outer", "Join Type": "Inner", "Startup Cost": 91012.98, "Total Cost": 149723.58, "Plan Rows": 447470, "Plan Width": 45, "Actual Min Startup Time": 475.833, "Actual Max Startup Time": 475.833, "Actual Min Total Time": 508.306, "Actual Max Total Time": 508.306, "Inner Unique": false, "Hash Cond": "(mc.movie_id = t.id), (LLVM Optimized)", "Plans": [{"Node Type": "Streaming(type: LOCAL GATHER dop: 1/16)", "Parent Relationship": "Outer", "Startup Cost": 15001.4, "Total Cost": 62400.8, "Plan Rows": 1304518, "Plan Width": 28, "Actual Min Startup Time": 0.063, "Actual Max Startup Time": 0.063, "Actual Min Total Time": 37.877, "Actual Max Total Time": 37.877, "Plans": [{"Node Type": "Hash Join", "Parent Relationship": "Outer", "Join Type": "Inner", "Startup Cost": 15001.4, "Total Cost": 34246.65, "Plan Rows": 1304518, "Plan Width": 28, "Actual Min Startup Time": 48.412, "Actual Max Startup Time": 55.625, "Actual Min Total Time": 72.114, "Actual Max Total Time": 82.425, "Inner Unique": true, "Hash Cond": "(mc.company_type_id = ct.id), (LLVM Optimized)", "Plans": [{"Node Type": "Seq Scan", "Parent Relationship": "Outer", "Relation Name": "movie_companies", "Alias": "mc", "Startup Cost": 0.0, "Total Cost": 18021.26, "Plan Rows": 2609035, "Plan Width": 32, "Actual Min Startup Time": 0.027, "Actual Max Startup Time": 0.037, "Actual Min Total Time": 57.174, "Actual Max Total Time": 64.557, "Filter": "((note)::text !~~ '%(as Metro-Goldwyn-Mayer Pictures)%'::text), (LLVM Optimized)", "Rows Removed by Filter": 1272041, "Actual Rows": 1337087}, {"Node Type": "Hash", "Parent Relationship": "Inner", "Startup Cost": 15001.38, "Total Cost": 15001.38, "Plan Rows": 16, "Plan Width": 4, "Actual Min Startup Time": 0.011, "Actual Max Startup Time": 0.023, "Actual Min Total Time": 0.011, "Actual Max Total Time": 0.023, "Max Hash Buckets": 32768, "Min Hash Buckets": 32768, "Max Hash Batches": 1, "Min Hash Batches": 1, "Max Original Hash Batches": 1, "Min Original Hash Batches": 1, "Max Peak Memory Usage": 1, "min Peak Memory Usage": 1, "Plans": [{"Node Type": "Streaming(type: BROADCAST dop: 16/1)", "Parent Relationship": "Outer", "Startup Cost": 0.0, "Total Cost": 15001.38, "Plan Rows": 16, "Plan Width": 4, "Actual Min Startup Time": 0.003, "Actual Max Startup Time": 0.007, "Actual Min Total Time": 0.003, "Actual Max Total Time": 0.008, "Plans": [{"Node Type": "Seq Scan", "Parent Relationship": "Outer", "Relation Name": "company_type", "Alias": "ct", "Startup Cost": 0.0, "Total Cost": 1.04, "Plan Rows": 1, "Plan Width": 4, "Actual Min Startup Time": 0.037, "Actual Max Startup Time": 0.037, "Actual Min Total Time": 0.041, "Actual Max Total Time": 0.041, "Filter": "((kind)::text = 'production companies'::text)", "Rows Removed by Filter": 2, "Actual Rows": 1}], "Actual Rows": 16}], "Actual Rows": 16}], "Actual Rows": 140904}], "Actual Rows": 140904}, {"Node Type": "Hash", "Parent Relationship": "Inner", "Startup Cost": 71056.54, "Total Cost": 71056.54, "Plan Rows": 396404, "Plan Width": 29, "Actual Min Startup Time": 441.493, "Actual Max Startup Time": 441.493, "Actual Min Total Time": 441.493, "Actual Max Total Time": 441.493, "Max Hash Buckets": 524288, "Min Hash Buckets": 524288, "Max Hash Batches": 1, "Min Hash Batches": 1, "Max Original Hash Batches": 1, "Min Original Hash Batches": 1, "Max Peak Memory Usage": 1, "min Peak Memory Usage": 1, "Plans": [{"Node Type": "Hash Join", "Parent Relationship": "Outer", "Join Type": "Inner", "Startup Cost": 51559.64, "Total Cost": 71056.54, "Plan Rows": 396404, "Plan Width": 29, "Actual Min Startup Time": 441.47, "Actual Max Startup Time": 441.47, "Actual Min Total Time": 441.48, "Actual Max Total Time": 441.48, "Inner Unique": true, "Hash Cond": "(mi_idx.movie_id = t.id), (LLVM Optimized)", "Plans": [{"Node Type": "Nested Loop", "Parent Relationship": "Outer", "Join Type": "Inner", "Startup Cost": 7502.06, "Total Cost": 21741.14, "Plan Rows": 345008, "Plan Width": 4, "Actual Min Startup Time": 0.144, "Actual Max Startup Time": 0.144, "Actual Min Total Time": 0.15, "Actual Max Total Time": 0.15, "Inner Unique": false, "Plans": [{"Node Type": "Seq Scan", "Parent Relationship": "Outer", "Relation Name": "info_type", "Alias": "it", "Startup Cost": 0.0, "Total Cost": 2.4, "Plan Rows": 1, "Plan Width": 4, "Actual Min Startup Time": 0.075, "Actual Max Startup Time": 0.075, "Actual Min Total Time": 0.078, "Actual Max Total Time": 0.078, "Filter": "((info)::text = 'bottom 10 rank'::text)", "Rows Removed by Filter": 111, "Actual Rows": 1}, {"Node Type": "Bitmap Heap Scan", "Parent Relationship": "Inner", "Relation Name": "movie_info_idx", "Alias": "mi_idx", "Startup Cost": 7502.06, "Total Cost": 18288.66, "Plan Rows": 345008, "Plan Width": 8, "Actual Min Startup Time": 0.048, "Actual Max Startup Time": 0.048, "Actual Min Total Time": 0.049, "Actual Max Total Time": 0.049, "Recheck Cond": "(info_type_id = it.id), (LLVM Optimized)", "Rows Removed by Index Recheck": 0, "Exact Heap Blocks": 1, "Lossy Heap Blocks": 1, "Plans": [{"Node Type": "Bitmap Index Scan", "Parent Relationship": "Outer", "Index Name": "info_type_id_movie_info_idx", "Startup Cost": 0.0, "Total Cost": 7415.81, "Plan Rows": 345008, "Plan Width": 0, "Actual Min Startup Time": 0.03, "Actual Max Startup Time": 0.03, "Actual Min Total Time": 0.03, "Actual Max Total Time": 0.03, "Index Cond": "(info_type_id = it.id)", "Actual Rows": 10}], "Actual Rows": 10}], "Actual Rows": 10}, {"Node Type": "Hash", "Parent Relationship": "Inner", "Startup Cost": 35067.08, "Total Cost": 35067.08, "Plan Rows": 719240, "Plan Width": 25, "Actual Min Startup Time": 440.58, "Actual Max Startup Time": 440.58, "Actual Min Total Time": 440.58, "Actual Max Total Time": 440.58, "Max Hash Buckets": 1048576, "Min Hash Buckets": 1048576, "Max Hash Batches": 1, "Min Hash Batches": 1, "Max Original Hash Batches": 1, "Min Original Hash Batches": 1, "Max Peak Memory Usage": 41052, "min Peak Memory Usage": 41052, "Plans": [{"Node Type": "Streaming(type: LOCAL GATHER dop: 1/16)", "Parent Relationship": "Outer", "Startup Cost": 554.15, "Total Cost": 35067.08, "Plan Rows": 719240, "Plan Width": 25, "Actual Min Startup Time": 38.146, "Actual Max Startup Time": 38.146, "Actual Min Total Time": 234.941, "Actual Max Total Time": 234.941, "Plans": [{"Node Type": "Seq Scan", "Parent Relationship": "Outer", "Relation Name": "title", "Alias": "t", "Startup Cost": 554.15, "Total Cost": 19544.42, "Plan Rows": 719240, "Plan Width": 25, "Actual Min Startup Time": 0.027, "Actual Max Startup Time": 0.053, "Actual Min Total Time": 63.272, "Actual Max Total Time": 66.606, "Filter": "((production_year >= 2005) AND (production_year <= 2010)), (LLVM Optimized)", "Rows Removed by Filter": 1812052, "Actual Rows": 716259}], "Actual Rows": 716259}], "Actual Rows": 716259}], "Actual Rows": 4}], "Actual Rows": 4}], "Actual Rows": 3}], "Actual Rows": 1}, "Triggers": [], "Planner Runtime": 20.679, "Total Runtime": 525.071, "Unique SQL Id": 1162488282}}, "(16, '65')": {"explain_plan": {"Plan": {"Node Type": "Aggregate", "Strategy": "Plain", "Startup Cost": 234214.87, "Total Cost": 234214.9, "Plan Rows": 1, "Plan Width": 113, "Plans": [{"Node Type": "Streaming(type: LOCAL GATHER dop: 1/16)", "Parent Relationship": "Outer", "Startup Cost": 234214.87, "Total Cost": 234214.9, "Plan Rows": 1, "Plan Width": 113, "Plans": [{"Node Type": "Aggregate", "Strategy": "Plain", "Parent Relationship": "Outer", "Startup Cost": 234214.87, "Total Cost": 234214.88, "Plan Rows": 1, "Plan Width": 113, "Plans": [{"Node Type": "Hash Join", "Parent Relationship": "Outer", "Join Type": "Inner", "Startup Cost": 178527.63, "Total Cost": 230858.84, "Plan Rows": 447470, "Plan Width": 45, "Inner Unique": true, "Hash Cond": "(mc.company_type_id = ct.id), (LLVM Optimized)", "Plans": [{"Node Type": "Hash Join", "Parent Relationship": "Outer", "Join Type": "Inner", "Startup Cost": 163514.97, "Total Cost": 215566.84, "Plan Rows": 549199, "Plan Width": 49, "Inner Unique": false, "Hash Cond": "(t.id = mc.movie_id), (LLVM Optimized)", "Plans": [{"Node Type": "Streaming(type: LOCAL REDISTRIBUTE dop: 16/1)", "Parent Relationship": "Outer", "Startup Cost": 134222.89, "Total Cost": 185214.89, "Plan Rows": 396404, "Plan Width": 29, "Plans": [{"Node Type": "Hash Join", "Parent Relationship": "Outer", "Join Type": "Inner", "Startup Cost": 134222.89, "Total Cost": 153731.6, "Plan Rows": 396404, "Plan Width": 29, "Inner Unique": true, "Hash Cond": "(mi_idx.movie_id = t.id), (LLVM Optimized)", "Plans": [{"Node Type": "Nested Loop", "Parent Relationship": "Outer", "Join Type": "Inner", "Startup Cost": 7502.06, "Total Cost": 21752.95, "Plan Rows": 345008, "Plan Width": 4, "Inner Unique": false, "Plans": [{"Node Type": "Index Scan", "Parent Relationship": "Outer", "Scan Direction": "Forward", "Index Name": "info_type_pkey", "Relation Name": "info_type", "Alias": "it", "Startup Cost": 0.0, "Total Cost": 14.21, "Plan Rows": 1, "Plan Width": 4, "Filter": "((info)::text = 'bottom 10 rank'::text)"}, {"Node Type": "Bitmap Heap Scan", "Parent Relationship": "Inner", "Relation Name": "movie_info_idx", "Alias": "mi_idx", "Startup Cost": 7502.06, "Total Cost": 18288.66, "Plan Rows": 345008, "Plan Width": 8, "Recheck Cond": "(info_type_id = it.id), (LLVM Optimized)", "Plans": [{"Node Type": "Bitmap Index Scan", "Parent Relationship": "Outer", "Index Name": "info_type_id_movie_info_idx", "Startup Cost": 0.0, "Total Cost": 7415.81, "Plan Rows": 345008, "Plan Width": 0, "Index Cond": "(info_type_id = it.id)"}]}]}, {"Node Type": "Hash", "Parent Relationship": "Inner", "Startup Cost": 117730.33, "Total Cost": 117730.33, "Plan Rows": 719240, "Plan Width": 25, "Plans": [{"Node Type": "Streaming(type: LOCAL GATHER dop: 1/16)", "Parent Relationship": "Outer", "Startup Cost": 0.0, "Total Cost": 117730.33, "Plan Rows": 719240, "Plan Width": 25, "Plans": [{"Node Type": "Index Scan", "Parent Relationship": "Outer", "Scan Direction": "Forward", "Index Name": "title_pkey", "Relation Name": "title", "Alias": "t", "Startup Cost": 0.0, "Total Cost": 102207.67, "Plan Rows": 719240, "Plan Width": 25, "Filter": "((production_year >= 2005) AND (production_year <= 2010)), (LLVM Optimized)"}]}]}]}]}, {"Node Type": "Hash", "Parent Relationship": "Inner", "Startup Cost": 109015.07, "Total Cost": 109015.07, "Plan Rows": 2609035, "Plan Width": 32, "Plans": [{"Node Type": "Streaming(type: LOCAL REDISTRIBUTE dop: 16/16)", "Parent Relationship": "Outer", "Startup Cost": 0.0, "Total Cost": 109015.07, "Plan Rows": 2609035, "Plan Width": 32, "Plans": [{"Node Type": "Index Scan", "Parent Relationship": "Outer", "Scan Direction": "Forward", "Index Name": "company_type_id_movie_companies", "Relation Name": "movie_companies", "Alias": "mc", "Startup Cost": 0.0, "Total Cost": 84129.27, "Plan Rows": 2609035, "Plan Width": 32, "Filter": "((note)::text !~~ '%(as Metro-Goldwyn-Mayer Pictures)%'::text), (LLVM Optimized)"}]}]}]}, {"Node Type": "Hash", "Parent Relationship": "Inner", "Startup Cost": 15012.65, "Total Cost": 15012.65, "Plan Rows": 16, "Plan Width": 4, "Plans": [{"Node Type": "Streaming(type: BROADCAST dop: 16/1)", "Parent Relationship": "Outer", "Startup Cost": 0.0, "Total Cost": 15012.65, "Plan Rows": 16, "Plan Width": 4, "Plans": [{"Node Type": "Index Scan", "Parent Relationship": "Outer", "Scan Direction": "Forward", "Index Name": "company_type_pkey", "Relation Name": "company_type", "Alias": "ct", "Startup Cost": 0.0, "Total Cost": 12.3, "Plan Rows": 1, "Plan Width": 4, "Filter": "((kind)::text = 'production companies'::text)"}]}]}]}]}]}]}, "Unique SQL Id": 1162488282, "Planner Runtime": 19}, "explain_analyze_plan": {"Plan": {"Node Type": "Aggregate", "Strategy": "Plain", "Startup Cost": 234214.87, "Total Cost": 234214.9, "Plan Rows": 1, "Plan Width": 113, "Actual Min Startup Time": 617.64, "Actual Max Startup Time": 617.64, "Actual Min Total Time": 617.64, "Actual Max Total Time": 617.64, "Plans": [{"Node Type": "Streaming(type: LOCAL GATHER dop: 1/16)", "Parent Relationship": "Outer", "Startup Cost": 234214.87, "Total Cost": 234214.9, "Plan Rows": 1, "Plan Width": 113, "Actual Min Startup Time": 616.503, "Actual Max Startup Time": 616.503, "Actual Min Total Time": 617.623, "Actual Max Total Time": 617.623, "Plans": [{"Node Type": "Aggregate", "Strategy": "Plain", "Parent Relationship": "Outer", "Startup Cost": 234214.87, "Total Cost": 234214.88, "Plan Rows": 1, "Plan Width": 113, "Actual Min Startup Time": 465.571, "Actual Max Startup Time": 555.808, "Actual Min Total Time": 465.571, "Actual Max Total Time": 555.809, "Plans": [{"Node Type": "Hash Join", "Parent Relationship": "Outer", "Join Type": "Inner", "Startup Cost": 178527.63, "Total Cost": 230858.84, "Plan Rows": 447470, "Plan Width": 45, "Actual Min Startup Time": 465.567, "Actual Max Startup Time": 555.801, "Actual Min Total Time": 465.567, "Actual Max Total Time": 555.801, "Inner Unique": true, "Hash Cond": "(mc.company_type_id = ct.id), (LLVM Optimized, Jit Execute)", "Plans": [{"Node Type": "Hash Join", "Parent Relationship": "Outer", "Join Type": "Inner", "Startup Cost": 163514.97, "Total Cost": 215566.84, "Plan Rows": 549199, "Plan Width": 49, "Actual Min Startup Time": 464.915, "Actual Max Startup Time": 548.236, "Actual Min Total Time": 464.915, "Actual Max Total Time": 548.236, "Inner Unique": false, "Hash Cond": "(t.id = mc.movie_id), (LLVM Optimized, Jit Execute)", "Plans": [{"Node Type": "Streaming(type: LOCAL REDISTRIBUTE dop: 16/1)", "Parent Relationship": "Outer", "Startup Cost": 134222.89, "Total Cost": 185214.89, "Plan Rows": 396404, "Plan Width": 29, "Actual Min Startup Time": 180.579, "Actual Max Startup Time": 180.633, "Actual Min Total Time": 180.579, "Actual Max Total Time": 180.633, "Plans": [{"Node Type": "Hash Join", "Parent Relationship": "Outer", "Join Type": "Inner", "Startup Cost": 134222.89, "Total Cost": 153731.6, "Plan Rows": 396404, "Plan Width": 29, "Actual Min Startup Time": 464.852, "Actual Max Startup Time": 464.852, "Actual Min Total Time": 464.861, "Actual Max Total Time": 464.861, "Inner Unique": true, "Hash Cond": "(mi_idx.movie_id = t.id), (LLVM Optimized, Jit Execute)", "Plans": [{"Node Type": "Nested Loop", "Parent Relationship": "Outer", "Join Type": "Inner", "Startup Cost": 7502.06, "Total Cost": 21752.95, "Plan Rows": 345008, "Plan Width": 4, "Actual Min Startup Time": 0.171, "Actual Max Startup Time": 0.171, "Actual Min Total Time": 0.178, "Actual Max Total Time": 0.178, "Inner Unique": false, "Plans": [{"Node Type": "Index Scan", "Parent Relationship": "Outer", "Scan Direction": "Forward", "Index Name": "info_type_pkey", "Relation Name": "info_type", "Alias": "it", "Startup Cost": 0.0, "Total Cost": 14.21, "Plan Rows": 1, "Plan Width": 4, "Actual Min Startup Time": 0.116, "Actual Max Startup Time": 0.116, "Actual Min Total Time": 0.118, "Actual Max Total Time": 0.118, "Filter": "((info)::text = 'bottom 10 rank'::text)", "Rows Removed by Filter": 111, "Actual Rows": 1}, {"Node Type": "Bitmap Heap Scan", "Parent Relationship": "Inner", "Relation Name": "movie_info_idx", "Alias": "mi_idx", "Startup Cost": 7502.06, "Total Cost": 18288.66, "Plan Rows": 345008, "Plan Width": 8, "Actual Min Startup Time": 0.039, "Actual Max Startup Time": 0.039, "Actual Min Total Time": 0.042, "Actual Max Total Time": 0.042, "Recheck Cond": "(info_type_id = it.id), (LLVM Optimized, Jit Execute)", "Rows Removed by Index Recheck": 0, "Exact Heap Blocks": 0, "Lossy Heap Blocks": 0, "Plans": [{"Node Type": "Bitmap Index Scan", "Parent Relationship": "Outer", "Index Name": "info_type_id_movie_info_idx", "Startup Cost": 0.0, "Total Cost": 7415.81, "Plan Rows": 345008, "Plan Width": 0, "Actual Min Startup Time": 0.023, "Actual Max Startup Time": 0.023, "Actual Min Total Time": 0.023, "Actual Max Total Time": 0.023, "Index Cond": "(info_type_id = it.id)", "Actual Rows": 10}], "Actual Rows": 10}], "Actual Rows": 10}, {"Node Type": "Hash", "Parent Relationship": "Inner", "Startup Cost": 117730.33, "Total Cost": 117730.33, "Plan Rows": 719240, "Plan Width": 25, "Actual Min Startup Time": 463.937, "Actual Max Startup Time": 463.937, "Actual Min Total Time": 463.937, "Actual Max Total Time": 463.937, "Max Hash Buckets": 1048576, "Min Hash Buckets": 1048576, "Max Hash Batches": 1, "Min Hash Batches": 1, "Max Original Hash Batches": 1, "Min Original Hash Batches": 1, "Max Peak Memory Usage": 41052, "min Peak Memory Usage": 41052, "Plans": [{"Node Type": "Streaming(type: LOCAL GATHER dop: 1/16)", "Parent Relationship": "Outer", "Startup Cost": 0.0, "Total Cost": 117730.33, "Plan Rows": 719240, "Plan Width": 25, "Actual Min Startup Time": 0.049, "Actual Max Startup Time": 0.049, "Actual Min Total Time": 245.901, "Actual Max Total Time": 245.901, "Plans": [{"Node Type": "Index Scan", "Parent Relationship": "Outer", "Scan Direction": "Forward", "Index Name": "title_pkey", "Relation Name": "title", "Alias": "t", "Startup Cost": 0.0, "Total Cost": 102207.67, "Plan Rows": 719240, "Plan Width": 25, "Actual Min Startup Time": 0.039, "Actual Max Startup Time": 46.855, "Actual Min Total Time": 231.744, "Actual Max Total Time": 340.514, "Filter": "((production_year >= 2005) AND (production_year <= 2010)), (LLVM Optimized, Jit Execute)", "Rows Removed by Filter": 1812052, "Actual Rows": 716259}], "Actual Rows": 716259}], "Actual Rows": 716259}], "Actual Rows": 4}], "Actual Rows": 4}, {"Node Type": "Hash", "Parent Relationship": "Inner", "Startup Cost": 109015.07, "Total Cost": 109015.07, "Plan Rows": 2609035, "Plan Width": 32, "Actual Min Startup Time": 284.147, "Actual Max Startup Time": 367.37, "Actual Min Total Time": 284.147, "Actual Max Total Time": 367.37, "Max Hash Buckets": 262144, "Min Hash Buckets": 262144, "Max Hash Batches": 1, "Min Hash Batches": 1, "Max Original Hash Batches": 1, "Min Original Hash Batches": 1, "Max Peak Memory Usage": 5435, "min Peak Memory Usage": 5435, "Plans": [{"Node Type": "Streaming(type: LOCAL REDISTRIBUTE dop: 16/16)", "Parent Relationship": "Outer", "Startup Cost": 0.0, "Total Cost": 109015.07, "Plan Rows": 2609035, "Plan Width": 32, "Actual Min Startup Time": 0.053, "Actual Max Startup Time": 58.091, "Actual Min Total Time": 259.697, "Actual Max Total Time": 343.262, "Plans": [{"Node Type": "Index Scan", "Parent Relationship": "Outer", "Scan Direction": "Forward", "Index Name": "company_type_id_movie_companies", "Relation Name": "movie_companies", "Alias": "mc", "Startup Cost": 0.0, "Total Cost": 84129.27, "Plan Rows": 2609035, "Plan Width": 32, "Actual Min Startup Time": 0.05, "Actual Max Startup Time": 23.017, "Actual Min Total Time": 77.548, "Actual Max Total Time": 163.273, "Filter": "((note)::text !~~ '%(as Metro-Goldwyn-Mayer Pictures)%'::text), (LLVM Optimized, Jit Execute)", "Rows Removed by Filter": 1272041, "Actual Rows": 1337087}], "Actual Rows": 1337087}], "Actual Rows": 1337087}], "Actual Rows": 66}, {"Node Type": "Hash", "Parent Relationship": "Inner", "Startup Cost": 15012.65, "Total Cost": 15012.65, "Plan Rows": 16, "Plan Width": 4, "Actual Min Startup Time": 0.007, "Actual Max Startup Time": 6.957, "Actual Min Total Time": 0.007, "Actual Max Total Time": 6.957, "Max Hash Buckets": 32768, "Min Hash Buckets": 32768, "Max Hash Batches": 1, "Min Hash Batches": 1, "Max Original Hash Batches": 1, "Min Original Hash Batches": 1, "Max Peak Memory Usage": 1, "min Peak Memory Usage": 1, "Plans": [{"Node Type": "Streaming(type: BROADCAST dop: 16/1)", "Parent Relationship": "Outer", "Startup Cost": 0.0, "Total Cost": 15012.65, "Plan Rows": 16, "Plan Width": 4, "Actual Min Startup Time": 0.003, "Actual Max Startup Time": 6.939, "Actual Min Total Time": 0.003, "Actual Max Total Time": 6.942, "Plans": [{"Node Type": "Index Scan", "Parent Relationship": "Outer", "Scan Direction": "Forward", "Index Name": "company_type_pkey", "Relation Name": "company_type", "Alias": "ct", "Startup Cost": 0.0, "Total Cost": 12.3, "Plan Rows": 1, "Plan Width": 4, "Actual Min Startup Time": 0.052, "Actual Max Startup Time": 0.052, "Actual Min Total Time": 0.057, "Actual Max Total Time": 0.057, "Filter": "((kind)::text = 'production companies'::text)", "Rows Removed by Filter": 2, "Actual Rows": 1}], "Actual Rows": 16}], "Actual Rows": 16}], "Actual Rows": 3}], "Actual Rows": 16}], "Actual Rows": 16}], "Actual Rows": 1}, "Triggers": [], "Planner Runtime": 19.424, "Total Runtime": 638.593, "Unique SQL Id": 1162488282}}, "(16, '66')": {"explain_plan": {"Plan": {"Node Type": "Aggregate", "Strategy": "Plain", "Startup Cost": 153079.61, "Total Cost": 153079.62, "Plan Rows": 1, "Plan Width": 113, "Plans": [{"Node Type": "Hash Join", "Parent Relationship": "Outer", "Join Type": "Inner", "Startup Cost": 91012.98, "Total Cost": 149723.58, "Plan Rows": 447470, "Plan Width": 45, "Inner Unique": false, "Hash Cond": "(mc.movie_id = t.id), (LLVM Optimized)", "Plans": [{"Node Type": "Streaming(type: LOCAL GATHER dop: 1/16)", "Parent Relationship": "Outer", "Startup Cost": 15001.4, "Total Cost": 62400.8, "Plan Rows": 1304518, "Plan Width": 28, "Plans": [{"Node Type": "Hash Join", "Parent Relationship": "Outer", "Join Type": "Inner", "Startup Cost": 15001.4, "Total Cost": 34246.65, "Plan Rows": 1304518, "Plan Width": 28, "Inner Unique": true, "Hash Cond": "(mc.company_type_id = ct.id), (LLVM Optimized)", "Plans": [{"Node Type": "Seq Scan", "Parent Relationship": "Outer", "Relation Name": "movie_companies", "Alias": "mc", "Startup Cost": 0.0, "Total Cost": 18021.26, "Plan Rows": 2609035, "Plan Width": 32, "Filter": "((note)::text !~~ '%(as Metro-Goldwyn-Mayer Pictures)%'::text), (LLVM Optimized)"}, {"Node Type": "Hash", "Parent Relationship": "Inner", "Startup Cost": 15001.38, "Total Cost": 15001.38, "Plan Rows": 16, "Plan Width": 4, "Plans": [{"Node Type": "Streaming(type: BROADCAST dop: 16/1)", "Parent Relationship": "Outer", "Startup Cost": 0.0, "Total Cost": 15001.38, "Plan Rows": 16, "Plan Width": 4, "Plans": [{"Node Type": "Seq Scan", "Parent Relationship": "Outer", "Relation Name": "company_type", "Alias": "ct", "Startup Cost": 0.0, "Total Cost": 1.04, "Plan Rows": 1, "Plan Width": 4, "Filter": "((kind)::text = 'production companies'::text)"}]}]}]}]}, {"Node Type": "Hash", "Parent Relationship": "Inner", "Startup Cost": 71056.54, "Total Cost": 71056.54, "Plan Rows": 396404, "Plan Width": 29, "Plans": [{"Node Type": "Hash Join", "Parent Relationship": "Outer", "Join Type": "Inner", "Startup Cost": 51559.64, "Total Cost": 71056.54, "Plan Rows": 396404, "Plan Width": 29, "Inner Unique": true, "Hash Cond": "(mi_idx.movie_id = t.id), (LLVM Optimized)", "Plans": [{"Node Type": "Nested Loop", "Parent Relationship": "Outer", "Join Type": "Inner", "Startup Cost": 7502.06, "Total Cost": 21741.14, "Plan Rows": 345008, "Plan Width": 4, "Inner Unique": false, "Plans": [{"Node Type": "Seq Scan", "Parent Relationship": "Outer", "Relation Name": "info_type", "Alias": "it", "Startup Cost": 0.0, "Total Cost": 2.4, "Plan Rows": 1, "Plan Width": 4, "Filter": "((info)::text = 'bottom 10 rank'::text)"}, {"Node Type": "Bitmap Heap Scan", "Parent Relationship": "Inner", "Relation Name": "movie_info_idx", "Alias": "mi_idx", "Startup Cost": 7502.06, "Total Cost": 18288.66, "Plan Rows": 345008, "Plan Width": 8, "Recheck Cond": "(info_type_id = it.id), (LLVM Optimized)", "Plans": [{"Node Type": "Bitmap Index Scan", "Parent Relationship": "Outer", "Index Name": "info_type_id_movie_info_idx", "Startup Cost": 0.0, "Total Cost": 7415.81, "Plan Rows": 345008, "Plan Width": 0, "Index Cond": "(info_type_id = it.id)"}]}]}, {"Node Type": "Hash", "Parent Relationship": "Inner", "Startup Cost": 35067.08, "Total Cost": 35067.08, "Plan Rows": 719240, "Plan Width": 25, "Plans": [{"Node Type": "Streaming(type: LOCAL GATHER dop: 1/16)", "Parent Relationship": "Outer", "Startup Cost": 554.15, "Total Cost": 35067.08, "Plan Rows": 719240, "Plan Width": 25, "Plans": [{"Node Type": "Seq Scan", "Parent Relationship": "Outer", "Relation Name": "title", "Alias": "t", "Startup Cost": 554.15, "Total Cost": 19544.42, "Plan Rows": 719240, "Plan Width": 25, "Filter": "((production_year >= 2005) AND (production_year <= 2010)), (LLVM Optimized)"}]}]}]}]}]}]}, "Unique SQL Id": 1162488282, "Planner Runtime": 22}, "explain_analyze_plan": {"Plan": {"Node Type": "Aggregate", "Strategy": "Plain", "Startup Cost": 153079.61, "Total Cost": 153079.62, "Plan Rows": 1, "Plan Width": 113, "Actual Min Startup Time": 508.339, "Actual Max Startup Time": 508.339, "Actual Min Total Time": 508.339, "Actual Max Total Time": 508.339, "Plans": [{"Node Type": "Hash Join", "Parent Relationship": "Outer", "Join Type": "Inner", "Startup Cost": 91012.98, "Total Cost": 149723.58, "Plan Rows": 447470, "Plan Width": 45, "Actual Min Startup Time": 475.833, "Actual Max Startup Time": 475.833, "Actual Min Total Time": 508.306, "Actual Max Total Time": 508.306, "Inner Unique": false, "Hash Cond": "(mc.movie_id = t.id), (LLVM Optimized)", "Plans": [{"Node Type": "Streaming(type: LOCAL GATHER dop: 1/16)", "Parent Relationship": "Outer", "Startup Cost": 15001.4, "Total Cost": 62400.8, "Plan Rows": 1304518, "Plan Width": 28, "Actual Min Startup Time": 0.063, "Actual Max Startup Time": 0.063, "Actual Min Total Time": 37.877, "Actual Max Total Time": 37.877, "Plans": [{"Node Type": "Hash Join", "Parent Relationship": "Outer", "Join Type": "Inner", "Startup Cost": 15001.4, "Total Cost": 34246.65, "Plan Rows": 1304518, "Plan Width": 28, "Actual Min Startup Time": 48.412, "Actual Max Startup Time": 55.625, "Actual Min Total Time": 72.114, "Actual Max Total Time": 82.425, "Inner Unique": true, "Hash Cond": "(mc.company_type_id = ct.id), (LLVM Optimized)", "Plans": [{"Node Type": "Seq Scan", "Parent Relationship": "Outer", "Relation Name": "movie_companies", "Alias": "mc", "Startup Cost": 0.0, "Total Cost": 18021.26, "Plan Rows": 2609035, "Plan Width": 32, "Actual Min Startup Time": 0.027, "Actual Max Startup Time": 0.037, "Actual Min Total Time": 57.174, "Actual Max Total Time": 64.557, "Filter": "((note)::text !~~ '%(as Metro-Goldwyn-Mayer Pictures)%'::text), (LLVM Optimized)", "Rows Removed by Filter": 1272041, "Actual Rows": 1337087}, {"Node Type": "Hash", "Parent Relationship": "Inner", "Startup Cost": 15001.38, "Total Cost": 15001.38, "Plan Rows": 16, "Plan Width": 4, "Actual Min Startup Time": 0.011, "Actual Max Startup Time": 0.023, "Actual Min Total Time": 0.011, "Actual Max Total Time": 0.023, "Max Hash Buckets": 32768, "Min Hash Buckets": 32768, "Max Hash Batches": 1, "Min Hash Batches": 1, "Max Original Hash Batches": 1, "Min Original Hash Batches": 1, "Max Peak Memory Usage": 1, "min Peak Memory Usage": 1, "Plans": [{"Node Type": "Streaming(type: BROADCAST dop: 16/1)", "Parent Relationship": "Outer", "Startup Cost": 0.0, "Total Cost": 15001.38, "Plan Rows": 16, "Plan Width": 4, "Actual Min Startup Time": 0.003, "Actual Max Startup Time": 0.007, "Actual Min Total Time": 0.003, "Actual Max Total Time": 0.008, "Plans": [{"Node Type": "Seq Scan", "Parent Relationship": "Outer", "Relation Name": "company_type", "Alias": "ct", "Startup Cost": 0.0, "Total Cost": 1.04, "Plan Rows": 1, "Plan Width": 4, "Actual Min Startup Time": 0.037, "Actual Max Startup Time": 0.037, "Actual Min Total Time": 0.041, "Actual Max Total Time": 0.041, "Filter": "((kind)::text = 'production companies'::text)", "Rows Removed by Filter": 2, "Actual Rows": 1}], "Actual Rows": 16}], "Actual Rows": 16}], "Actual Rows": 140904}], "Actual Rows": 140904}, {"Node Type": "Hash", "Parent Relationship": "Inner", "Startup Cost": 71056.54, "Total Cost": 71056.54, "Plan Rows": 396404, "Plan Width": 29, "Actual Min Startup Time": 441.493, "Actual Max Startup Time": 441.493, "Actual Min Total Time": 441.493, "Actual Max Total Time": 441.493, "Max Hash Buckets": 524288, "Min Hash Buckets": 524288, "Max Hash Batches": 1, "Min Hash Batches": 1, "Max Original Hash Batches": 1, "Min Original Hash Batches": 1, "Max Peak Memory Usage": 1, "min Peak Memory Usage": 1, "Plans": [{"Node Type": "Hash Join", "Parent Relationship": "Outer", "Join Type": "Inner", "Startup Cost": 51559.64, "Total Cost": 71056.54, "Plan Rows": 396404, "Plan Width": 29, "Actual Min Startup Time": 441.47, "Actual Max Startup Time": 441.47, "Actual Min Total Time": 441.48, "Actual Max Total Time": 441.48, "Inner Unique": true, "Hash Cond": "(mi_idx.movie_id = t.id), (LLVM Optimized)", "Plans": [{"Node Type": "Nested Loop", "Parent Relationship": "Outer", "Join Type": "Inner", "Startup Cost": 7502.06, "Total Cost": 21741.14, "Plan Rows": 345008, "Plan Width": 4, "Actual Min Startup Time": 0.144, "Actual Max Startup Time": 0.144, "Actual Min Total Time": 0.15, "Actual Max Total Time": 0.15, "Inner Unique": false, "Plans": [{"Node Type": "Seq Scan", "Parent Relationship": "Outer", "Relation Name": "info_type", "Alias": "it", "Startup Cost": 0.0, "Total Cost": 2.4, "Plan Rows": 1, "Plan Width": 4, "Actual Min Startup Time": 0.075, "Actual Max Startup Time": 0.075, "Actual Min Total Time": 0.078, "Actual Max Total Time": 0.078, "Filter": "((info)::text = 'bottom 10 rank'::text)", "Rows Removed by Filter": 111, "Actual Rows": 1}, {"Node Type": "Bitmap Heap Scan", "Parent Relationship": "Inner", "Relation Name": "movie_info_idx", "Alias": "mi_idx", "Startup Cost": 7502.06, "Total Cost": 18288.66, "Plan Rows": 345008, "Plan Width": 8, "Actual Min Startup Time": 0.048, "Actual Max Startup Time": 0.048, "Actual Min Total Time": 0.049, "Actual Max Total Time": 0.049, "Recheck Cond": "(info_type_id = it.id), (LLVM Optimized)", "Rows Removed by Index Recheck": 0, "Exact Heap Blocks": 1, "Lossy Heap Blocks": 1, "Plans": [{"Node Type": "Bitmap Index Scan", "Parent Relationship": "Outer", "Index Name": "info_type_id_movie_info_idx", "Startup Cost": 0.0, "Total Cost": 7415.81, "Plan Rows": 345008, "Plan Width": 0, "Actual Min Startup Time": 0.03, "Actual Max Startup Time": 0.03, "Actual Min Total Time": 0.03, "Actual Max Total Time": 0.03, "Index Cond": "(info_type_id = it.id)", "Actual Rows": 10}], "Actual Rows": 10}], "Actual Rows": 10}, {"Node Type": "Hash", "Parent Relationship": "Inner", "Startup Cost": 35067.08, "Total Cost": 35067.08, "Plan Rows": 719240, "Plan Width": 25, "Actual Min Startup Time": 440.58, "Actual Max Startup Time": 440.58, "Actual Min Total Time": 440.58, "Actual Max Total Time": 440.58, "Max Hash Buckets": 1048576, "Min Hash Buckets": 1048576, "Max Hash Batches": 1, "Min Hash Batches": 1, "Max Original Hash Batches": 1, "Min Original Hash Batches": 1, "Max Peak Memory Usage": 41052, "min Peak Memory Usage": 41052, "Plans": [{"Node Type": "Streaming(type: LOCAL GATHER dop: 1/16)", "Parent Relationship": "Outer", "Startup Cost": 554.15, "Total Cost": 35067.08, "Plan Rows": 719240, "Plan Width": 25, "Actual Min Startup Time": 38.146, "Actual Max Startup Time": 38.146, "Actual Min Total Time": 234.941, "Actual Max Total Time": 234.941, "Plans": [{"Node Type": "Seq Scan", "Parent Relationship": "Outer", "Relation Name": "title", "Alias": "t", "Startup Cost": 554.15, "Total Cost": 19544.42, "Plan Rows": 719240, "Plan Width": 25, "Actual Min Startup Time": 0.027, "Actual Max Startup Time": 0.053, "Actual Min Total Time": 63.272, "Actual Max Total Time": 66.606, "Filter": "((production_year >= 2005) AND (production_year <= 2010)), (LLVM Optimized)", "Rows Removed by Filter": 1812052, "Actual Rows": 716259}], "Actual Rows": 716259}], "Actual Rows": 716259}], "Actual Rows": 4}], "Actual Rows": 4}], "Actual Rows": 3}], "Actual Rows": 1}, "Triggers": [], "Planner Runtime": 20.679, "Total Runtime": 525.071, "Unique SQL Id": 1162488282}}, "(16, '67')": {"explain_plan": {"Plan": {"Node Type": "Aggregate", "Strategy": "Plain", "Startup Cost": 255790.36, "Total Cost": 255790.37, "Plan Rows": 1, "Plan Width": 113, "Plans": [{"Node Type": "Hash Join", "Parent Relationship": "Outer", "Join Type": "Inner", "Startup Cost": 192779.48, "Total Cost": 252434.34, "Plan Rows": 447470, "Plan Width": 45, "Inner Unique": false, "Hash Cond": "(mc.movie_id = t.id), (LLVM Optimized)", "Plans": [{"Node Type": "Nested Loop", "Parent Relationship": "Outer", "Join Type": "Inner", "Startup Cost": 29278.87, "Total Cost": 77622.54, "Plan Rows": 1304518, "Plan Width": 28, "Inner Unique": false, "Plans": [{"Node Type": "Bitmap Heap Scan", "Parent Relationship": "Outer", "Relation Name": "company_type", "Alias": "ct", "Startup Cost": 8.27, "Total Cost": 12.3, "Plan Rows": 1, "Plan Width": 4, "Filter": "((kind)::text = 'production companies'::text)", "Plans": [{"Node Type": "Bitmap Index Scan", "Parent Relationship": "Outer", "Index Name": "company_type_pkey", "Startup Cost": 0.0, "Total Cost": 8.27, "Plan Rows": 3, "Plan Width": 0}]}, {"Node Type": "Bitmap Heap Scan", "Parent Relationship": "Inner", "Relation Name": "movie_companies", "Alias": "mc", "Startup Cost": 29270.61, "Total Cost": 64565.07, "Plan Rows": 1304517, "Plan Width": 32, "Recheck Cond": "(company_type_id = ct.id), (LLVM Optimized)", "Filter": "((note)::text !~~ '%(as Metro-Goldwyn-Mayer Pictures)%'::text), (LLVM Optimized)", "Plans": [{"Node Type": "Bitmap Index Scan", "Parent Relationship": "Outer", "Index Name": "company_type_id_movie_companies", "Startup Cost": 0.0, "Total Cost": 28944.48, "Plan Rows": 1304564, "Plan Width": 0, "Index Cond": "(company_type_id = ct.id)"}]}]}, {"Node Type": "Hash", "Parent Relationship": "Inner", "Startup Cost": 158545.55, "Total Cost": 158545.55, "Plan Rows": 396404, "Plan Width": 29, "Plans": [{"Node Type": "Hash Join", "Parent Relationship": "Outer", "Join Type": "Inner", "Startup Cost": 139045.65, "Total Cost": 158545.55, "Plan Rows": 396404, "Plan Width": 29, "Inner Unique": true, "Hash Cond": "(mi_idx.movie_id = t.id), (LLVM Optimized)", "Plans": [{"Node Type": "Nested Loop", "Parent Relationship": "Outer", "Join Type": "Inner", "Startup Cost": 7510.87, "Total Cost": 21752.95, "Plan Rows": 345008, "Plan Width": 4, "Inner Unique": false, "Plans": [{"Node Type": "Bitmap Heap Scan", "Parent Relationship": "Outer", "Relation Name": "info_type", "Alias": "it", "Startup Cost": 8.81, "Total Cost": 14.21, "Plan Rows": 1, "Plan Width": 4, "Filter": "((info)::text = 'bottom 10 rank'::text)", "Plans": [{"Node Type": "Bitmap Index Scan", "Parent Relationship": "Outer", "Index Name": "info_type_pkey", "Startup Cost": 0.0, "Total Cost": 8.81, "Plan Rows": 112, "Plan Width": 0}]}, {"Node Type": "Bitmap Heap Scan", "Parent Relationship": "Inner", "Relation Name": "movie_info_idx", "Alias": "mi_idx", "Startup Cost": 7502.06, "Total Cost": 18288.66, "Plan Rows": 345008, "Plan Width": 8, "Recheck Cond": "(info_type_id = it.id), (LLVM Optimized)", "Plans": [{"Node Type": "Bitmap Index Scan", "Parent Relationship": "Outer", "Index Name": "info_type_id_movie_info_idx", "Startup Cost": 0.0, "Total Cost": 7415.81, "Plan Rows": 345008, "Plan Width": 0, "Index Cond": "(info_type_id = it.id)"}]}]}, {"Node Type": "Hash", "Parent Relationship": "Inner", "Startup Cost": 122544.28, "Total Cost": 122544.28, "Plan Rows": 719240, "Plan Width": 25, "Plans": [{"Node Type": "Bitmap Heap Scan", "Parent Relationship": "Outer", "Relation Name": "title", "Alias": "t", "Startup Cost": 49833.61, "Total Cost": 122544.28, "Plan Rows": 719240, "Plan Width": 25, "Filter": "((production_year >= 2005) AND (production_year <= 2010)), (LLVM Optimized)", "Plans": [{"Node Type": "Bitmap Index Scan", "Parent Relationship": "Outer", "Index Name": "title_pkey", "Startup Cost": 0.0, "Total Cost": 49653.81, "Plan Rows": 2528311, "Plan Width": 0}]}]}]}]}]}]}, "Unique SQL Id": 1162488282, "Planner Runtime": 9}, "explain_analyze_plan": null}, "(16, '68')": {"explain_plan": {"Plan": {"Node Type": "Aggregate", "Strategy": "Plain", "Startup Cost": 153079.61, "Total Cost": 153079.62, "Plan Rows": 1, "Plan Width": 113, "Plans": [{"Node Type": "Hash Join", "Parent Relationship": "Outer", "Join Type": "Inner", "Startup Cost": 91012.98, "Total Cost": 149723.58, "Plan Rows": 447470, "Plan Width": 45, "Inner Unique": false, "Hash Cond": "(mc.movie_id = t.id), (LLVM Optimized)", "Plans": [{"Node Type": "Streaming(type: LOCAL GATHER dop: 1/16)", "Parent Relationship": "Outer", "Startup Cost": 15001.4, "Total Cost": 62400.8, "Plan Rows": 1304518, "Plan Width": 28, "Plans": [{"Node Type": "Hash Join", "Parent Relationship": "Outer", "Join Type": "Inner", "Startup Cost": 15001.4, "Total Cost": 34246.65, "Plan Rows": 1304518, "Plan Width": 28, "Inner Unique": true, "Hash Cond": "(mc.company_type_id = ct.id), (LLVM Optimized)", "Plans": [{"Node Type": "Seq Scan", "Parent Relationship": "Outer", "Relation Name": "movie_companies", "Alias": "mc", "Startup Cost": 0.0, "Total Cost": 18021.26, "Plan Rows": 2609035, "Plan Width": 32, "Filter": "((note)::text !~~ '%(as Metro-Goldwyn-Mayer Pictures)%'::text), (LLVM Optimized)"}, {"Node Type": "Hash", "Parent Relationship": "Inner", "Startup Cost": 15001.38, "Total Cost": 15001.38, "Plan Rows": 16, "Plan Width": 4, "Plans": [{"Node Type": "Streaming(type: BROADCAST dop: 16/1)", "Parent Relationship": "Outer", "Startup Cost": 0.0, "Total Cost": 15001.38, "Plan Rows": 16, "Plan Width": 4, "Plans": [{"Node Type": "Seq Scan", "Parent Relationship": "Outer", "Relation Name": "company_type", "Alias": "ct", "Startup Cost": 0.0, "Total Cost": 1.04, "Plan Rows": 1, "Plan Width": 4, "Filter": "((kind)::text = 'production companies'::text)"}]}]}]}]}, {"Node Type": "Hash", "Parent Relationship": "Inner", "Startup Cost": 71056.54, "Total Cost": 71056.54, "Plan Rows": 396404, "Plan Width": 29, "Plans": [{"Node Type": "Hash Join", "Parent Relationship": "Outer", "Join Type": "Inner", "Startup Cost": 51559.64, "Total Cost": 71056.54, "Plan Rows": 396404, "Plan Width": 29, "Inner Unique": true, "Hash Cond": "(mi_idx.movie_id = t.id), (LLVM Optimized)", "Plans": [{"Node Type": "Nested Loop", "Parent Relationship": "Outer", "Join Type": "Inner", "Startup Cost": 7502.06, "Total Cost": 21741.14, "Plan Rows": 345008, "Plan Width": 4, "Inner Unique": false, "Plans": [{"Node Type": "Seq Scan", "Parent Relationship": "Outer", "Relation Name": "info_type", "Alias": "it", "Startup Cost": 0.0, "Total Cost": 2.4, "Plan Rows": 1, "Plan Width": 4, "Filter": "((info)::text = 'bottom 10 rank'::text)"}, {"Node Type": "Bitmap Heap Scan", "Parent Relationship": "Inner", "Relation Name": "movie_info_idx", "Alias": "mi_idx", "Startup Cost": 7502.06, "Total Cost": 18288.66, "Plan Rows": 345008, "Plan Width": 8, "Recheck Cond": "(info_type_id = it.id), (LLVM Optimized)", "Plans": [{"Node Type": "Bitmap Index Scan", "Parent Relationship": "Outer", "Index Name": "info_type_id_movie_info_idx", "Startup Cost": 0.0, "Total Cost": 7415.81, "Plan Rows": 345008, "Plan Width": 0, "Index Cond": "(info_type_id = it.id)"}]}]}, {"Node Type": "Hash", "Parent Relationship": "Inner", "Startup Cost": 35067.08, "Total Cost": 35067.08, "Plan Rows": 719240, "Plan Width": 25, "Plans": [{"Node Type": "Streaming(type: LOCAL GATHER dop: 1/16)", "Parent Relationship": "Outer", "Startup Cost": 554.15, "Total Cost": 35067.08, "Plan Rows": 719240, "Plan Width": 25, "Plans": [{"Node Type": "Seq Scan", "Parent Relationship": "Outer", "Relation Name": "title", "Alias": "t", "Startup Cost": 554.15, "Total Cost": 19544.42, "Plan Rows": 719240, "Plan Width": 25, "Filter": "((production_year >= 2005) AND (production_year <= 2010)), (LLVM Optimized)"}]}]}]}]}]}]}, "Unique SQL Id": 1162488282, "Planner Runtime": 20}, "explain_analyze_plan": {"Plan": {"Node Type": "Aggregate", "Strategy": "Plain", "Startup Cost": 153079.61, "Total Cost": 153079.62, "Plan Rows": 1, "Plan Width": 113, "Actual Min Startup Time": 508.339, "Actual Max Startup Time": 508.339, "Actual Min Total Time": 508.339, "Actual Max Total Time": 508.339, "Plans": [{"Node Type": "Hash Join", "Parent Relationship": "Outer", "Join Type": "Inner", "Startup Cost": 91012.98, "Total Cost": 149723.58, "Plan Rows": 447470, "Plan Width": 45, "Actual Min Startup Time": 475.833, "Actual Max Startup Time": 475.833, "Actual Min Total Time": 508.306, "Actual Max Total Time": 508.306, "Inner Unique": false, "Hash Cond": "(mc.movie_id = t.id), (LLVM Optimized)", "Plans": [{"Node Type": "Streaming(type: LOCAL GATHER dop: 1/16)", "Parent Relationship": "Outer", "Startup Cost": 15001.4, "Total Cost": 62400.8, "Plan Rows": 1304518, "Plan Width": 28, "Actual Min Startup Time": 0.063, "Actual Max Startup Time": 0.063, "Actual Min Total Time": 37.877, "Actual Max Total Time": 37.877, "Plans": [{"Node Type": "Hash Join", "Parent Relationship": "Outer", "Join Type": "Inner", "Startup Cost": 15001.4, "Total Cost": 34246.65, "Plan Rows": 1304518, "Plan Width": 28, "Actual Min Startup Time": 48.412, "Actual Max Startup Time": 55.625, "Actual Min Total Time": 72.114, "Actual Max Total Time": 82.425, "Inner Unique": true, "Hash Cond": "(mc.company_type_id = ct.id), (LLVM Optimized)", "Plans": [{"Node Type": "Seq Scan", "Parent Relationship": "Outer", "Relation Name": "movie_companies", "Alias": "mc", "Startup Cost": 0.0, "Total Cost": 18021.26, "Plan Rows": 2609035, "Plan Width": 32, "Actual Min Startup Time": 0.027, "Actual Max Startup Time": 0.037, "Actual Min Total Time": 57.174, "Actual Max Total Time": 64.557, "Filter": "((note)::text !~~ '%(as Metro-Goldwyn-Mayer Pictures)%'::text), (LLVM Optimized)", "Rows Removed by Filter": 1272041, "Actual Rows": 1337087}, {"Node Type": "Hash", "Parent Relationship": "Inner", "Startup Cost": 15001.38, "Total Cost": 15001.38, "Plan Rows": 16, "Plan Width": 4, "Actual Min Startup Time": 0.011, "Actual Max Startup Time": 0.023, "Actual Min Total Time": 0.011, "Actual Max Total Time": 0.023, "Max Hash Buckets": 32768, "Min Hash Buckets": 32768, "Max Hash Batches": 1, "Min Hash Batches": 1, "Max Original Hash Batches": 1, "Min Original Hash Batches": 1, "Max Peak Memory Usage": 1, "min Peak Memory Usage": 1, "Plans": [{"Node Type": "Streaming(type: BROADCAST dop: 16/1)", "Parent Relationship": "Outer", "Startup Cost": 0.0, "Total Cost": 15001.38, "Plan Rows": 16, "Plan Width": 4, "Actual Min Startup Time": 0.003, "Actual Max Startup Time": 0.007, "Actual Min Total Time": 0.003, "Actual Max Total Time": 0.008, "Plans": [{"Node Type": "Seq Scan", "Parent Relationship": "Outer", "Relation Name": "company_type", "Alias": "ct", "Startup Cost": 0.0, "Total Cost": 1.04, "Plan Rows": 1, "Plan Width": 4, "Actual Min Startup Time": 0.037, "Actual Max Startup Time": 0.037, "Actual Min Total Time": 0.041, "Actual Max Total Time": 0.041, "Filter": "((kind)::text = 'production companies'::text)", "Rows Removed by Filter": 2, "Actual Rows": 1}], "Actual Rows": 16}], "Actual Rows": 16}], "Actual Rows": 140904}], "Actual Rows": 140904}, {"Node Type": "Hash", "Parent Relationship": "Inner", "Startup Cost": 71056.54, "Total Cost": 71056.54, "Plan Rows": 396404, "Plan Width": 29, "Actual Min Startup Time": 441.493, "Actual Max Startup Time": 441.493, "Actual Min Total Time": 441.493, "Actual Max Total Time": 441.493, "Max Hash Buckets": 524288, "Min Hash Buckets": 524288, "Max Hash Batches": 1, "Min Hash Batches": 1, "Max Original Hash Batches": 1, "Min Original Hash Batches": 1, "Max Peak Memory Usage": 1, "min Peak Memory Usage": 1, "Plans": [{"Node Type": "Hash Join", "Parent Relationship": "Outer", "Join Type": "Inner", "Startup Cost": 51559.64, "Total Cost": 71056.54, "Plan Rows": 396404, "Plan Width": 29, "Actual Min Startup Time": 441.47, "Actual Max Startup Time": 441.47, "Actual Min Total Time": 441.48, "Actual Max Total Time": 441.48, "Inner Unique": true, "Hash Cond": "(mi_idx.movie_id = t.id), (LLVM Optimized)", "Plans": [{"Node Type": "Nested Loop", "Parent Relationship": "Outer", "Join Type": "Inner", "Startup Cost": 7502.06, "Total Cost": 21741.14, "Plan Rows": 345008, "Plan Width": 4, "Actual Min Startup Time": 0.144, "Actual Max Startup Time": 0.144, "Actual Min Total Time": 0.15, "Actual Max Total Time": 0.15, "Inner Unique": false, "Plans": [{"Node Type": "Seq Scan", "Parent Relationship": "Outer", "Relation Name": "info_type", "Alias": "it", "Startup Cost": 0.0, "Total Cost": 2.4, "Plan Rows": 1, "Plan Width": 4, "Actual Min Startup Time": 0.075, "Actual Max Startup Time": 0.075, "Actual Min Total Time": 0.078, "Actual Max Total Time": 0.078, "Filter": "((info)::text = 'bottom 10 rank'::text)", "Rows Removed by Filter": 111, "Actual Rows": 1}, {"Node Type": "Bitmap Heap Scan", "Parent Relationship": "Inner", "Relation Name": "movie_info_idx", "Alias": "mi_idx", "Startup Cost": 7502.06, "Total Cost": 18288.66, "Plan Rows": 345008, "Plan Width": 8, "Actual Min Startup Time": 0.048, "Actual Max Startup Time": 0.048, "Actual Min Total Time": 0.049, "Actual Max Total Time": 0.049, "Recheck Cond": "(info_type_id = it.id), (LLVM Optimized)", "Rows Removed by Index Recheck": 0, "Exact Heap Blocks": 1, "Lossy Heap Blocks": 1, "Plans": [{"Node Type": "Bitmap Index Scan", "Parent Relationship": "Outer", "Index Name": "info_type_id_movie_info_idx", "Startup Cost": 0.0, "Total Cost": 7415.81, "Plan Rows": 345008, "Plan Width": 0, "Actual Min Startup Time": 0.03, "Actual Max Startup Time": 0.03, "Actual Min Total Time": 0.03, "Actual Max Total Time": 0.03, "Index Cond": "(info_type_id = it.id)", "Actual Rows": 10}], "Actual Rows": 10}], "Actual Rows": 10}, {"Node Type": "Hash", "Parent Relationship": "Inner", "Startup Cost": 35067.08, "Total Cost": 35067.08, "Plan Rows": 719240, "Plan Width": 25, "Actual Min Startup Time": 440.58, "Actual Max Startup Time": 440.58, "Actual Min Total Time": 440.58, "Actual Max Total Time": 440.58, "Max Hash Buckets": 1048576, "Min Hash Buckets": 1048576, "Max Hash Batches": 1, "Min Hash Batches": 1, "Max Original Hash Batches": 1, "Min Original Hash Batches": 1, "Max Peak Memory Usage": 41052, "min Peak Memory Usage": 41052, "Plans": [{"Node Type": "Streaming(type: LOCAL GATHER dop: 1/16)", "Parent Relationship": "Outer", "Startup Cost": 554.15, "Total Cost": 35067.08, "Plan Rows": 719240, "Plan Width": 25, "Actual Min Startup Time": 38.146, "Actual Max Startup Time": 38.146, "Actual Min Total Time": 234.941, "Actual Max Total Time": 234.941, "Plans": [{"Node Type": "Seq Scan", "Parent Relationship": "Outer", "Relation Name": "title", "Alias": "t", "Startup Cost": 554.15, "Total Cost": 19544.42, "Plan Rows": 719240, "Plan Width": 25, "Actual Min Startup Time": 0.027, "Actual Max Startup Time": 0.053, "Actual Min Total Time": 63.272, "Actual Max Total Time": 66.606, "Filter": "((production_year >= 2005) AND (production_year <= 2010)), (LLVM Optimized)", "Rows Removed by Filter": 1812052, "Actual Rows": 716259}], "Actual Rows": 716259}], "Actual Rows": 716259}], "Actual Rows": 4}], "Actual Rows": 4}], "Actual Rows": 3}], "Actual Rows": 1}, "Triggers": [], "Planner Runtime": 20.679, "Total Runtime": 525.071, "Unique SQL Id": 1162488282}}, "(16, '69')": {"explain_plan": {"Plan": {"Node Type": "Aggregate", "Strategy": "Plain", "Startup Cost": 234214.87, "Total Cost": 234214.9, "Plan Rows": 1, "Plan Width": 113, "Plans": [{"Node Type": "Streaming(type: LOCAL GATHER dop: 1/16)", "Parent Relationship": "Outer", "Startup Cost": 234214.87, "Total Cost": 234214.9, "Plan Rows": 1, "Plan Width": 113, "Plans": [{"Node Type": "Aggregate", "Strategy": "Plain", "Parent Relationship": "Outer", "Startup Cost": 234214.87, "Total Cost": 234214.88, "Plan Rows": 1, "Plan Width": 113, "Plans": [{"Node Type": "Hash Join", "Parent Relationship": "Outer", "Join Type": "Inner", "Startup Cost": 178527.63, "Total Cost": 230858.84, "Plan Rows": 447470, "Plan Width": 45, "Inner Unique": true, "Hash Cond": "(mc.company_type_id = ct.id), (LLVM Optimized)", "Plans": [{"Node Type": "Hash Join", "Parent Relationship": "Outer", "Join Type": "Inner", "Startup Cost": 163514.97, "Total Cost": 215566.84, "Plan Rows": 549199, "Plan Width": 49, "Inner Unique": false, "Hash Cond": "(t.id = mc.movie_id), (LLVM Optimized)", "Plans": [{"Node Type": "Streaming(type: LOCAL REDISTRIBUTE dop: 16/1)", "Parent Relationship": "Outer", "Startup Cost": 134222.89, "Total Cost": 185214.89, "Plan Rows": 396404, "Plan Width": 29, "Plans": [{"Node Type": "Hash Join", "Parent Relationship": "Outer", "Join Type": "Inner", "Startup Cost": 134222.89, "Total Cost": 153731.6, "Plan Rows": 396404, "Plan Width": 29, "Inner Unique": true, "Hash Cond": "(mi_idx.movie_id = t.id), (LLVM Optimized)", "Plans": [{"Node Type": "Nested Loop", "Parent Relationship": "Outer", "Join Type": "Inner", "Startup Cost": 7502.06, "Total Cost": 21752.95, "Plan Rows": 345008, "Plan Width": 4, "Inner Unique": false, "Plans": [{"Node Type": "Index Scan", "Parent Relationship": "Outer", "Scan Direction": "Forward", "Index Name": "info_type_pkey", "Relation Name": "info_type", "Alias": "it", "Startup Cost": 0.0, "Total Cost": 14.21, "Plan Rows": 1, "Plan Width": 4, "Filter": "((info)::text = 'bottom 10 rank'::text)"}, {"Node Type": "Bitmap Heap Scan", "Parent Relationship": "Inner", "Relation Name": "movie_info_idx", "Alias": "mi_idx", "Startup Cost": 7502.06, "Total Cost": 18288.66, "Plan Rows": 345008, "Plan Width": 8, "Recheck Cond": "(info_type_id = it.id), (LLVM Optimized)", "Plans": [{"Node Type": "Bitmap Index Scan", "Parent Relationship": "Outer", "Index Name": "info_type_id_movie_info_idx", "Startup Cost": 0.0, "Total Cost": 7415.81, "Plan Rows": 345008, "Plan Width": 0, "Index Cond": "(info_type_id = it.id)"}]}]}, {"Node Type": "Hash", "Parent Relationship": "Inner", "Startup Cost": 117730.33, "Total Cost": 117730.33, "Plan Rows": 719240, "Plan Width": 25, "Plans": [{"Node Type": "Streaming(type: LOCAL GATHER dop: 1/16)", "Parent Relationship": "Outer", "Startup Cost": 0.0, "Total Cost": 117730.33, "Plan Rows": 719240, "Plan Width": 25, "Plans": [{"Node Type": "Index Scan", "Parent Relationship": "Outer", "Scan Direction": "Forward", "Index Name": "title_pkey", "Relation Name": "title", "Alias": "t", "Startup Cost": 0.0, "Total Cost": 102207.67, "Plan Rows": 719240, "Plan Width": 25, "Filter": "((production_year >= 2005) AND (production_year <= 2010)), (LLVM Optimized)"}]}]}]}]}, {"Node Type": "Hash", "Parent Relationship": "Inner", "Startup Cost": 109015.07, "Total Cost": 109015.07, "Plan Rows": 2609035, "Plan Width": 32, "Plans": [{"Node Type": "Streaming(type: LOCAL REDISTRIBUTE dop: 16/16)", "Parent Relationship": "Outer", "Startup Cost": 0.0, "Total Cost": 109015.07, "Plan Rows": 2609035, "Plan Width": 32, "Plans": [{"Node Type": "Index Scan", "Parent Relationship": "Outer", "Scan Direction": "Forward", "Index Name": "company_type_id_movie_companies", "Relation Name": "movie_companies", "Alias": "mc", "Startup Cost": 0.0, "Total Cost": 84129.27, "Plan Rows": 2609035, "Plan Width": 32, "Filter": "((note)::text !~~ '%(as Metro-Goldwyn-Mayer Pictures)%'::text), (LLVM Optimized)"}]}]}]}, {"Node Type": "Hash", "Parent Relationship": "Inner", "Startup Cost": 15012.65, "Total Cost": 15012.65, "Plan Rows": 16, "Plan Width": 4, "Plans": [{"Node Type": "Streaming(type: BROADCAST dop: 16/1)", "Parent Relationship": "Outer", "Startup Cost": 0.0, "Total Cost": 15012.65, "Plan Rows": 16, "Plan Width": 4, "Plans": [{"Node Type": "Index Scan", "Parent Relationship": "Outer", "Scan Direction": "Forward", "Index Name": "company_type_pkey", "Relation Name": "company_type", "Alias": "ct", "Startup Cost": 0.0, "Total Cost": 12.3, "Plan Rows": 1, "Plan Width": 4, "Filter": "((kind)::text = 'production companies'::text)"}]}]}]}]}]}]}, "Unique SQL Id": 1162488282, "Planner Runtime": 19}, "explain_analyze_plan": {"Plan": {"Node Type": "Aggregate", "Strategy": "Plain", "Startup Cost": 234214.87, "Total Cost": 234214.9, "Plan Rows": 1, "Plan Width": 113, "Actual Min Startup Time": 617.64, "Actual Max Startup Time": 617.64, "Actual Min Total Time": 617.64, "Actual Max Total Time": 617.64, "Plans": [{"Node Type": "Streaming(type: LOCAL GATHER dop: 1/16)", "Parent Relationship": "Outer", "Startup Cost": 234214.87, "Total Cost": 234214.9, "Plan Rows": 1, "Plan Width": 113, "Actual Min Startup Time": 616.503, "Actual Max Startup Time": 616.503, "Actual Min Total Time": 617.623, "Actual Max Total Time": 617.623, "Plans": [{"Node Type": "Aggregate", "Strategy": "Plain", "Parent Relationship": "Outer", "Startup Cost": 234214.87, "Total Cost": 234214.88, "Plan Rows": 1, "Plan Width": 113, "Actual Min Startup Time": 465.571, "Actual Max Startup Time": 555.808, "Actual Min Total Time": 465.571, "Actual Max Total Time": 555.809, "Plans": [{"Node Type": "Hash Join", "Parent Relationship": "Outer", "Join Type": "Inner", "Startup Cost": 178527.63, "Total Cost": 230858.84, "Plan Rows": 447470, "Plan Width": 45, "Actual Min Startup Time": 465.567, "Actual Max Startup Time": 555.801, "Actual Min Total Time": 465.567, "Actual Max Total Time": 555.801, "Inner Unique": true, "Hash Cond": "(mc.company_type_id = ct.id), (LLVM Optimized, Jit Execute)", "Plans": [{"Node Type": "Hash Join", "Parent Relationship": "Outer", "Join Type": "Inner", "Startup Cost": 163514.97, "Total Cost": 215566.84, "Plan Rows": 549199, "Plan Width": 49, "Actual Min Startup Time": 464.915, "Actual Max Startup Time": 548.236, "Actual Min Total Time": 464.915, "Actual Max Total Time": 548.236, "Inner Unique": false, "Hash Cond": "(t.id = mc.movie_id), (LLVM Optimized, Jit Execute)", "Plans": [{"Node Type": "Streaming(type: LOCAL REDISTRIBUTE dop: 16/1)", "Parent Relationship": "Outer", "Startup Cost": 134222.89, "Total Cost": 185214.89, "Plan Rows": 396404, "Plan Width": 29, "Actual Min Startup Time": 180.579, "Actual Max Startup Time": 180.633, "Actual Min Total Time": 180.579, "Actual Max Total Time": 180.633, "Plans": [{"Node Type": "Hash Join", "Parent Relationship": "Outer", "Join Type": "Inner", "Startup Cost": 134222.89, "Total Cost": 153731.6, "Plan Rows": 396404, "Plan Width": 29, "Actual Min Startup Time": 464.852, "Actual Max Startup Time": 464.852, "Actual Min Total Time": 464.861, "Actual Max Total Time": 464.861, "Inner Unique": true, "Hash Cond": "(mi_idx.movie_id = t.id), (LLVM Optimized, Jit Execute)", "Plans": [{"Node Type": "Nested Loop", "Parent Relationship": "Outer", "Join Type": "Inner", "Startup Cost": 7502.06, "Total Cost": 21752.95, "Plan Rows": 345008, "Plan Width": 4, "Actual Min Startup Time": 0.171, "Actual Max Startup Time": 0.171, "Actual Min Total Time": 0.178, "Actual Max Total Time": 0.178, "Inner Unique": false, "Plans": [{"Node Type": "Index Scan", "Parent Relationship": "Outer", "Scan Direction": "Forward", "Index Name": "info_type_pkey", "Relation Name": "info_type", "Alias": "it", "Startup Cost": 0.0, "Total Cost": 14.21, "Plan Rows": 1, "Plan Width": 4, "Actual Min Startup Time": 0.116, "Actual Max Startup Time": 0.116, "Actual Min Total Time": 0.118, "Actual Max Total Time": 0.118, "Filter": "((info)::text = 'bottom 10 rank'::text)", "Rows Removed by Filter": 111, "Actual Rows": 1}, {"Node Type": "Bitmap Heap Scan", "Parent Relationship": "Inner", "Relation Name": "movie_info_idx", "Alias": "mi_idx", "Startup Cost": 7502.06, "Total Cost": 18288.66, "Plan Rows": 345008, "Plan Width": 8, "Actual Min Startup Time": 0.039, "Actual Max Startup Time": 0.039, "Actual Min Total Time": 0.042, "Actual Max Total Time": 0.042, "Recheck Cond": "(info_type_id = it.id), (LLVM Optimized, Jit Execute)", "Rows Removed by Index Recheck": 0, "Exact Heap Blocks": 0, "Lossy Heap Blocks": 0, "Plans": [{"Node Type": "Bitmap Index Scan", "Parent Relationship": "Outer", "Index Name": "info_type_id_movie_info_idx", "Startup Cost": 0.0, "Total Cost": 7415.81, "Plan Rows": 345008, "Plan Width": 0, "Actual Min Startup Time": 0.023, "Actual Max Startup Time": 0.023, "Actual Min Total Time": 0.023, "Actual Max Total Time": 0.023, "Index Cond": "(info_type_id = it.id)", "Actual Rows": 10}], "Actual Rows": 10}], "Actual Rows": 10}, {"Node Type": "Hash", "Parent Relationship": "Inner", "Startup Cost": 117730.33, "Total Cost": 117730.33, "Plan Rows": 719240, "Plan Width": 25, "Actual Min Startup Time": 463.937, "Actual Max Startup Time": 463.937, "Actual Min Total Time": 463.937, "Actual Max Total Time": 463.937, "Max Hash Buckets": 1048576, "Min Hash Buckets": 1048576, "Max Hash Batches": 1, "Min Hash Batches": 1, "Max Original Hash Batches": 1, "Min Original Hash Batches": 1, "Max Peak Memory Usage": 41052, "min Peak Memory Usage": 41052, "Plans": [{"Node Type": "Streaming(type: LOCAL GATHER dop: 1/16)", "Parent Relationship": "Outer", "Startup Cost": 0.0, "Total Cost": 117730.33, "Plan Rows": 719240, "Plan Width": 25, "Actual Min Startup Time": 0.049, "Actual Max Startup Time": 0.049, "Actual Min Total Time": 245.901, "Actual Max Total Time": 245.901, "Plans": [{"Node Type": "Index Scan", "Parent Relationship": "Outer", "Scan Direction": "Forward", "Index Name": "title_pkey", "Relation Name": "title", "Alias": "t", "Startup Cost": 0.0, "Total Cost": 102207.67, "Plan Rows": 719240, "Plan Width": 25, "Actual Min Startup Time": 0.039, "Actual Max Startup Time": 46.855, "Actual Min Total Time": 231.744, "Actual Max Total Time": 340.514, "Filter": "((production_year >= 2005) AND (production_year <= 2010)), (LLVM Optimized, Jit Execute)", "Rows Removed by Filter": 1812052, "Actual Rows": 716259}], "Actual Rows": 716259}], "Actual Rows": 716259}], "Actual Rows": 4}], "Actual Rows": 4}, {"Node Type": "Hash", "Parent Relationship": "Inner", "Startup Cost": 109015.07, "Total Cost": 109015.07, "Plan Rows": 2609035, "Plan Width": 32, "Actual Min Startup Time": 284.147, "Actual Max Startup Time": 367.37, "Actual Min Total Time": 284.147, "Actual Max Total Time": 367.37, "Max Hash Buckets": 262144, "Min Hash Buckets": 262144, "Max Hash Batches": 1, "Min Hash Batches": 1, "Max Original Hash Batches": 1, "Min Original Hash Batches": 1, "Max Peak Memory Usage": 5435, "min Peak Memory Usage": 5435, "Plans": [{"Node Type": "Streaming(type: LOCAL REDISTRIBUTE dop: 16/16)", "Parent Relationship": "Outer", "Startup Cost": 0.0, "Total Cost": 109015.07, "Plan Rows": 2609035, "Plan Width": 32, "Actual Min Startup Time": 0.053, "Actual Max Startup Time": 58.091, "Actual Min Total Time": 259.697, "Actual Max Total Time": 343.262, "Plans": [{"Node Type": "Index Scan", "Parent Relationship": "Outer", "Scan Direction": "Forward", "Index Name": "company_type_id_movie_companies", "Relation Name": "movie_companies", "Alias": "mc", "Startup Cost": 0.0, "Total Cost": 84129.27, "Plan Rows": 2609035, "Plan Width": 32, "Actual Min Startup Time": 0.05, "Actual Max Startup Time": 23.017, "Actual Min Total Time": 77.548, "Actual Max Total Time": 163.273, "Filter": "((note)::text !~~ '%(as Metro-Goldwyn-Mayer Pictures)%'::text), (LLVM Optimized, Jit Execute)", "Rows Removed by Filter": 1272041, "Actual Rows": 1337087}], "Actual Rows": 1337087}], "Actual Rows": 1337087}], "Actual Rows": 66}, {"Node Type": "Hash", "Parent Relationship": "Inner", "Startup Cost": 15012.65, "Total Cost": 15012.65, "Plan Rows": 16, "Plan Width": 4, "Actual Min Startup Time": 0.007, "Actual Max Startup Time": 6.957, "Actual Min Total Time": 0.007, "Actual Max Total Time": 6.957, "Max Hash Buckets": 32768, "Min Hash Buckets": 32768, "Max Hash Batches": 1, "Min Hash Batches": 1, "Max Original Hash Batches": 1, "Min Original Hash Batches": 1, "Max Peak Memory Usage": 1, "min Peak Memory Usage": 1, "Plans": [{"Node Type": "Streaming(type: BROADCAST dop: 16/1)", "Parent Relationship": "Outer", "Startup Cost": 0.0, "Total Cost": 15012.65, "Plan Rows": 16, "Plan Width": 4, "Actual Min Startup Time": 0.003, "Actual Max Startup Time": 6.939, "Actual Min Total Time": 0.003, "Actual Max Total Time": 6.942, "Plans": [{"Node Type": "Index Scan", "Parent Relationship": "Outer", "Scan Direction": "Forward", "Index Name": "company_type_pkey", "Relation Name": "company_type", "Alias": "ct", "Startup Cost": 0.0, "Total Cost": 12.3, "Plan Rows": 1, "Plan Width": 4, "Actual Min Startup Time": 0.052, "Actual Max Startup Time": 0.052, "Actual Min Total Time": 0.057, "Actual Max Total Time": 0.057, "Filter": "((kind)::text = 'production companies'::text)", "Rows Removed by Filter": 2, "Actual Rows": 1}], "Actual Rows": 16}], "Actual Rows": 16}], "Actual Rows": 3}], "Actual Rows": 16}], "Actual Rows": 16}], "Actual Rows": 1}, "Triggers": [], "Planner Runtime": 19.424, "Total Runtime": 638.593, "Unique SQL Id": 1162488282}}, "(16, '70')": {"explain_plan": {"Plan": {"Node Type": "Aggregate", "Strategy": "Plain", "Startup Cost": 153079.61, "Total Cost": 153079.62, "Plan Rows": 1, "Plan Width": 113, "Plans": [{"Node Type": "Hash Join", "Parent Relationship": "Outer", "Join Type": "Inner", "Startup Cost": 91012.98, "Total Cost": 149723.58, "Plan Rows": 447470, "Plan Width": 45, "Inner Unique": false, "Hash Cond": "(mc.movie_id = t.id), (LLVM Optimized)", "Plans": [{"Node Type": "Streaming(type: LOCAL GATHER dop: 1/16)", "Parent Relationship": "Outer", "Startup Cost": 15001.4, "Total Cost": 62400.8, "Plan Rows": 1304518, "Plan Width": 28, "Plans": [{"Node Type": "Hash Join", "Parent Relationship": "Outer", "Join Type": "Inner", "Startup Cost": 15001.4, "Total Cost": 34246.65, "Plan Rows": 1304518, "Plan Width": 28, "Inner Unique": true, "Hash Cond": "(mc.company_type_id = ct.id), (LLVM Optimized)", "Plans": [{"Node Type": "Seq Scan", "Parent Relationship": "Outer", "Relation Name": "movie_companies", "Alias": "mc", "Startup Cost": 0.0, "Total Cost": 18021.26, "Plan Rows": 2609035, "Plan Width": 32, "Filter": "((note)::text !~~ '%(as Metro-Goldwyn-Mayer Pictures)%'::text), (LLVM Optimized)"}, {"Node Type": "Hash", "Parent Relationship": "Inner", "Startup Cost": 15001.38, "Total Cost": 15001.38, "Plan Rows": 16, "Plan Width": 4, "Plans": [{"Node Type": "Streaming(type: BROADCAST dop: 16/1)", "Parent Relationship": "Outer", "Startup Cost": 0.0, "Total Cost": 15001.38, "Plan Rows": 16, "Plan Width": 4, "Plans": [{"Node Type": "Seq Scan", "Parent Relationship": "Outer", "Relation Name": "company_type", "Alias": "ct", "Startup Cost": 0.0, "Total Cost": 1.04, "Plan Rows": 1, "Plan Width": 4, "Filter": "((kind)::text = 'production companies'::text)"}]}]}]}]}, {"Node Type": "Hash", "Parent Relationship": "Inner", "Startup Cost": 71056.54, "Total Cost": 71056.54, "Plan Rows": 396404, "Plan Width": 29, "Plans": [{"Node Type": "Hash Join", "Parent Relationship": "Outer", "Join Type": "Inner", "Startup Cost": 51559.64, "Total Cost": 71056.54, "Plan Rows": 396404, "Plan Width": 29, "Inner Unique": true, "Hash Cond": "(mi_idx.movie_id = t.id), (LLVM Optimized)", "Plans": [{"Node Type": "Nested Loop", "Parent Relationship": "Outer", "Join Type": "Inner", "Startup Cost": 7502.06, "Total Cost": 21741.14, "Plan Rows": 345008, "Plan Width": 4, "Inner Unique": false, "Plans": [{"Node Type": "Seq Scan", "Parent Relationship": "Outer", "Relation Name": "info_type", "Alias": "it", "Startup Cost": 0.0, "Total Cost": 2.4, "Plan Rows": 1, "Plan Width": 4, "Filter": "((info)::text = 'bottom 10 rank'::text)"}, {"Node Type": "Bitmap Heap Scan", "Parent Relationship": "Inner", "Relation Name": "movie_info_idx", "Alias": "mi_idx", "Startup Cost": 7502.06, "Total Cost": 18288.66, "Plan Rows": 345008, "Plan Width": 8, "Recheck Cond": "(info_type_id = it.id), (LLVM Optimized)", "Plans": [{"Node Type": "Bitmap Index Scan", "Parent Relationship": "Outer", "Index Name": "info_type_id_movie_info_idx", "Startup Cost": 0.0, "Total Cost": 7415.81, "Plan Rows": 345008, "Plan Width": 0, "Index Cond": "(info_type_id = it.id)"}]}]}, {"Node Type": "Hash", "Parent Relationship": "Inner", "Startup Cost": 35067.08, "Total Cost": 35067.08, "Plan Rows": 719240, "Plan Width": 25, "Plans": [{"Node Type": "Streaming(type: LOCAL GATHER dop: 1/16)", "Parent Relationship": "Outer", "Startup Cost": 554.15, "Total Cost": 35067.08, "Plan Rows": 719240, "Plan Width": 25, "Plans": [{"Node Type": "Seq Scan", "Parent Relationship": "Outer", "Relation Name": "title", "Alias": "t", "Startup Cost": 554.15, "Total Cost": 19544.42, "Plan Rows": 719240, "Plan Width": 25, "Filter": "((production_year >= 2005) AND (production_year <= 2010)), (LLVM Optimized)"}]}]}]}]}]}]}, "Unique SQL Id": 1162488282, "Planner Runtime": 22}, "explain_analyze_plan": {"Plan": {"Node Type": "Aggregate", "Strategy": "Plain", "Startup Cost": 153079.61, "Total Cost": 153079.62, "Plan Rows": 1, "Plan Width": 113, "Actual Min Startup Time": 508.339, "Actual Max Startup Time": 508.339, "Actual Min Total Time": 508.339, "Actual Max Total Time": 508.339, "Plans": [{"Node Type": "Hash Join", "Parent Relationship": "Outer", "Join Type": "Inner", "Startup Cost": 91012.98, "Total Cost": 149723.58, "Plan Rows": 447470, "Plan Width": 45, "Actual Min Startup Time": 475.833, "Actual Max Startup Time": 475.833, "Actual Min Total Time": 508.306, "Actual Max Total Time": 508.306, "Inner Unique": false, "Hash Cond": "(mc.movie_id = t.id), (LLVM Optimized)", "Plans": [{"Node Type": "Streaming(type: LOCAL GATHER dop: 1/16)", "Parent Relationship": "Outer", "Startup Cost": 15001.4, "Total Cost": 62400.8, "Plan Rows": 1304518, "Plan Width": 28, "Actual Min Startup Time": 0.063, "Actual Max Startup Time": 0.063, "Actual Min Total Time": 37.877, "Actual Max Total Time": 37.877, "Plans": [{"Node Type": "Hash Join", "Parent Relationship": "Outer", "Join Type": "Inner", "Startup Cost": 15001.4, "Total Cost": 34246.65, "Plan Rows": 1304518, "Plan Width": 28, "Actual Min Startup Time": 48.412, "Actual Max Startup Time": 55.625, "Actual Min Total Time": 72.114, "Actual Max Total Time": 82.425, "Inner Unique": true, "Hash Cond": "(mc.company_type_id = ct.id), (LLVM Optimized)", "Plans": [{"Node Type": "Seq Scan", "Parent Relationship": "Outer", "Relation Name": "movie_companies", "Alias": "mc", "Startup Cost": 0.0, "Total Cost": 18021.26, "Plan Rows": 2609035, "Plan Width": 32, "Actual Min Startup Time": 0.027, "Actual Max Startup Time": 0.037, "Actual Min Total Time": 57.174, "Actual Max Total Time": 64.557, "Filter": "((note)::text !~~ '%(as Metro-Goldwyn-Mayer Pictures)%'::text), (LLVM Optimized)", "Rows Removed by Filter": 1272041, "Actual Rows": 1337087}, {"Node Type": "Hash", "Parent Relationship": "Inner", "Startup Cost": 15001.38, "Total Cost": 15001.38, "Plan Rows": 16, "Plan Width": 4, "Actual Min Startup Time": 0.011, "Actual Max Startup Time": 0.023, "Actual Min Total Time": 0.011, "Actual Max Total Time": 0.023, "Max Hash Buckets": 32768, "Min Hash Buckets": 32768, "Max Hash Batches": 1, "Min Hash Batches": 1, "Max Original Hash Batches": 1, "Min Original Hash Batches": 1, "Max Peak Memory Usage": 1, "min Peak Memory Usage": 1, "Plans": [{"Node Type": "Streaming(type: BROADCAST dop: 16/1)", "Parent Relationship": "Outer", "Startup Cost": 0.0, "Total Cost": 15001.38, "Plan Rows": 16, "Plan Width": 4, "Actual Min Startup Time": 0.003, "Actual Max Startup Time": 0.007, "Actual Min Total Time": 0.003, "Actual Max Total Time": 0.008, "Plans": [{"Node Type": "Seq Scan", "Parent Relationship": "Outer", "Relation Name": "company_type", "Alias": "ct", "Startup Cost": 0.0, "Total Cost": 1.04, "Plan Rows": 1, "Plan Width": 4, "Actual Min Startup Time": 0.037, "Actual Max Startup Time": 0.037, "Actual Min Total Time": 0.041, "Actual Max Total Time": 0.041, "Filter": "((kind)::text = 'production companies'::text)", "Rows Removed by Filter": 2, "Actual Rows": 1}], "Actual Rows": 16}], "Actual Rows": 16}], "Actual Rows": 140904}], "Actual Rows": 140904}, {"Node Type": "Hash", "Parent Relationship": "Inner", "Startup Cost": 71056.54, "Total Cost": 71056.54, "Plan Rows": 396404, "Plan Width": 29, "Actual Min Startup Time": 441.493, "Actual Max Startup Time": 441.493, "Actual Min Total Time": 441.493, "Actual Max Total Time": 441.493, "Max Hash Buckets": 524288, "Min Hash Buckets": 524288, "Max Hash Batches": 1, "Min Hash Batches": 1, "Max Original Hash Batches": 1, "Min Original Hash Batches": 1, "Max Peak Memory Usage": 1, "min Peak Memory Usage": 1, "Plans": [{"Node Type": "Hash Join", "Parent Relationship": "Outer", "Join Type": "Inner", "Startup Cost": 51559.64, "Total Cost": 71056.54, "Plan Rows": 396404, "Plan Width": 29, "Actual Min Startup Time": 441.47, "Actual Max Startup Time": 441.47, "Actual Min Total Time": 441.48, "Actual Max Total Time": 441.48, "Inner Unique": true, "Hash Cond": "(mi_idx.movie_id = t.id), (LLVM Optimized)", "Plans": [{"Node Type": "Nested Loop", "Parent Relationship": "Outer", "Join Type": "Inner", "Startup Cost": 7502.06, "Total Cost": 21741.14, "Plan Rows": 345008, "Plan Width": 4, "Actual Min Startup Time": 0.144, "Actual Max Startup Time": 0.144, "Actual Min Total Time": 0.15, "Actual Max Total Time": 0.15, "Inner Unique": false, "Plans": [{"Node Type": "Seq Scan", "Parent Relationship": "Outer", "Relation Name": "info_type", "Alias": "it", "Startup Cost": 0.0, "Total Cost": 2.4, "Plan Rows": 1, "Plan Width": 4, "Actual Min Startup Time": 0.075, "Actual Max Startup Time": 0.075, "Actual Min Total Time": 0.078, "Actual Max Total Time": 0.078, "Filter": "((info)::text = 'bottom 10 rank'::text)", "Rows Removed by Filter": 111, "Actual Rows": 1}, {"Node Type": "Bitmap Heap Scan", "Parent Relationship": "Inner", "Relation Name": "movie_info_idx", "Alias": "mi_idx", "Startup Cost": 7502.06, "Total Cost": 18288.66, "Plan Rows": 345008, "Plan Width": 8, "Actual Min Startup Time": 0.048, "Actual Max Startup Time": 0.048, "Actual Min Total Time": 0.049, "Actual Max Total Time": 0.049, "Recheck Cond": "(info_type_id = it.id), (LLVM Optimized)", "Rows Removed by Index Recheck": 0, "Exact Heap Blocks": 1, "Lossy Heap Blocks": 1, "Plans": [{"Node Type": "Bitmap Index Scan", "Parent Relationship": "Outer", "Index Name": "info_type_id_movie_info_idx", "Startup Cost": 0.0, "Total Cost": 7415.81, "Plan Rows": 345008, "Plan Width": 0, "Actual Min Startup Time": 0.03, "Actual Max Startup Time": 0.03, "Actual Min Total Time": 0.03, "Actual Max Total Time": 0.03, "Index Cond": "(info_type_id = it.id)", "Actual Rows": 10}], "Actual Rows": 10}], "Actual Rows": 10}, {"Node Type": "Hash", "Parent Relationship": "Inner", "Startup Cost": 35067.08, "Total Cost": 35067.08, "Plan Rows": 719240, "Plan Width": 25, "Actual Min Startup Time": 440.58, "Actual Max Startup Time": 440.58, "Actual Min Total Time": 440.58, "Actual Max Total Time": 440.58, "Max Hash Buckets": 1048576, "Min Hash Buckets": 1048576, "Max Hash Batches": 1, "Min Hash Batches": 1, "Max Original Hash Batches": 1, "Min Original Hash Batches": 1, "Max Peak Memory Usage": 41052, "min Peak Memory Usage": 41052, "Plans": [{"Node Type": "Streaming(type: LOCAL GATHER dop: 1/16)", "Parent Relationship": "Outer", "Startup Cost": 554.15, "Total Cost": 35067.08, "Plan Rows": 719240, "Plan Width": 25, "Actual Min Startup Time": 38.146, "Actual Max Startup Time": 38.146, "Actual Min Total Time": 234.941, "Actual Max Total Time": 234.941, "Plans": [{"Node Type": "Seq Scan", "Parent Relationship": "Outer", "Relation Name": "title", "Alias": "t", "Startup Cost": 554.15, "Total Cost": 19544.42, "Plan Rows": 719240, "Plan Width": 25, "Actual Min Startup Time": 0.027, "Actual Max Startup Time": 0.053, "Actual Min Total Time": 63.272, "Actual Max Total Time": 66.606, "Filter": "((production_year >= 2005) AND (production_year <= 2010)), (LLVM Optimized)", "Rows Removed by Filter": 1812052, "Actual Rows": 716259}], "Actual Rows": 716259}], "Actual Rows": 716259}], "Actual Rows": 4}], "Actual Rows": 4}], "Actual Rows": 3}], "Actual Rows": 1}, "Triggers": [], "Planner Runtime": 20.679, "Total Runtime": 525.071, "Unique SQL Id": 1162488282}}, "(16, '71')": {"explain_plan": {"Plan": {"Node Type": "Aggregate", "Strategy": "Plain", "Startup Cost": 255790.36, "Total Cost": 255790.37, "Plan Rows": 1, "Plan Width": 113, "Plans": [{"Node Type": "Hash Join", "Parent Relationship": "Outer", "Join Type": "Inner", "Startup Cost": 192779.48, "Total Cost": 252434.34, "Plan Rows": 447470, "Plan Width": 45, "Inner Unique": false, "Hash Cond": "(mc.movie_id = t.id), (LLVM Optimized)", "Plans": [{"Node Type": "Nested Loop", "Parent Relationship": "Outer", "Join Type": "Inner", "Startup Cost": 29278.87, "Total Cost": 77622.54, "Plan Rows": 1304518, "Plan Width": 28, "Inner Unique": false, "Plans": [{"Node Type": "Bitmap Heap Scan", "Parent Relationship": "Outer", "Relation Name": "company_type", "Alias": "ct", "Startup Cost": 8.27, "Total Cost": 12.3, "Plan Rows": 1, "Plan Width": 4, "Filter": "((kind)::text = 'production companies'::text)", "Plans": [{"Node Type": "Bitmap Index Scan", "Parent Relationship": "Outer", "Index Name": "company_type_pkey", "Startup Cost": 0.0, "Total Cost": 8.27, "Plan Rows": 3, "Plan Width": 0}]}, {"Node Type": "Bitmap Heap Scan", "Parent Relationship": "Inner", "Relation Name": "movie_companies", "Alias": "mc", "Startup Cost": 29270.61, "Total Cost": 64565.07, "Plan Rows": 1304517, "Plan Width": 32, "Recheck Cond": "(company_type_id = ct.id), (LLVM Optimized)", "Filter": "((note)::text !~~ '%(as Metro-Goldwyn-Mayer Pictures)%'::text), (LLVM Optimized)", "Plans": [{"Node Type": "Bitmap Index Scan", "Parent Relationship": "Outer", "Index Name": "company_type_id_movie_companies", "Startup Cost": 0.0, "Total Cost": 28944.48, "Plan Rows": 1304564, "Plan Width": 0, "Index Cond": "(company_type_id = ct.id)"}]}]}, {"Node Type": "Hash", "Parent Relationship": "Inner", "Startup Cost": 158545.55, "Total Cost": 158545.55, "Plan Rows": 396404, "Plan Width": 29, "Plans": [{"Node Type": "Hash Join", "Parent Relationship": "Outer", "Join Type": "Inner", "Startup Cost": 139045.65, "Total Cost": 158545.55, "Plan Rows": 396404, "Plan Width": 29, "Inner Unique": true, "Hash Cond": "(mi_idx.movie_id = t.id), (LLVM Optimized)", "Plans": [{"Node Type": "Nested Loop", "Parent Relationship": "Outer", "Join Type": "Inner", "Startup Cost": 7510.87, "Total Cost": 21752.95, "Plan Rows": 345008, "Plan Width": 4, "Inner Unique": false, "Plans": [{"Node Type": "Bitmap Heap Scan", "Parent Relationship": "Outer", "Relation Name": "info_type", "Alias": "it", "Startup Cost": 8.81, "Total Cost": 14.21, "Plan Rows": 1, "Plan Width": 4, "Filter": "((info)::text = 'bottom 10 rank'::text)", "Plans": [{"Node Type": "Bitmap Index Scan", "Parent Relationship": "Outer", "Index Name": "info_type_pkey", "Startup Cost": 0.0, "Total Cost": 8.81, "Plan Rows": 112, "Plan Width": 0}]}, {"Node Type": "Bitmap Heap Scan", "Parent Relationship": "Inner", "Relation Name": "movie_info_idx", "Alias": "mi_idx", "Startup Cost": 7502.06, "Total Cost": 18288.66, "Plan Rows": 345008, "Plan Width": 8, "Recheck Cond": "(info_type_id = it.id), (LLVM Optimized)", "Plans": [{"Node Type": "Bitmap Index Scan", "Parent Relationship": "Outer", "Index Name": "info_type_id_movie_info_idx", "Startup Cost": 0.0, "Total Cost": 7415.81, "Plan Rows": 345008, "Plan Width": 0, "Index Cond": "(info_type_id = it.id)"}]}]}, {"Node Type": "Hash", "Parent Relationship": "Inner", "Startup Cost": 122544.28, "Total Cost": 122544.28, "Plan Rows": 719240, "Plan Width": 25, "Plans": [{"Node Type": "Bitmap Heap Scan", "Parent Relationship": "Outer", "Relation Name": "title", "Alias": "t", "Startup Cost": 49833.61, "Total Cost": 122544.28, "Plan Rows": 719240, "Plan Width": 25, "Filter": "((production_year >= 2005) AND (production_year <= 2010)), (LLVM Optimized)", "Plans": [{"Node Type": "Bitmap Index Scan", "Parent Relationship": "Outer", "Index Name": "title_pkey", "Startup Cost": 0.0, "Total Cost": 49653.81, "Plan Rows": 2528311, "Plan Width": 0}]}]}]}]}]}]}, "Unique SQL Id": 1162488282, "Planner Runtime": 9}, "explain_analyze_plan": null}, "(16, '72')": {"explain_plan": {"Plan": {"Node Type": "Aggregate", "Strategy": "Plain", "Startup Cost": 156456.49, "Total Cost": 156456.52, "Plan Rows": 1, "Plan Width": 113, "Plans": [{"Node Type": "Streaming(type: LOCAL GATHER dop: 1/16)", "Parent Relationship": "Outer", "Startup Cost": 156456.49, "Total Cost": 156456.52, "Plan Rows": 1, "Plan Width": 113, "Plans": [{"Node Type": "Aggregate", "Strategy": "Plain", "Parent Relationship": "Outer", "Startup Cost": 156456.49, "Total Cost": 156456.5, "Plan Rows": 1, "Plan Width": 113, "Plans": [{"Node Type": "Hash Join", "Parent Relationship": "Outer", "Join Type": "Inner", "Startup Cost": 70374.89, "Total Cost": 153100.47, "Plan Rows": 447470, "Plan Width": 45, "Inner Unique": false, "Hash Cond": "(t.id = mc.movie_id), (LLVM Optimized)", "Plans": [{"Node Type": "Streaming(type: BROADCAST dop: 16/16)", "Parent Relationship": "Outer", "Startup Cost": 35109.08, "Total Cost": 113469.42, "Plan Rows": 6342464, "Plan Width": 29, "Plans": [{"Node Type": "Hash Join", "Parent Relationship": "Outer", "Join Type": "Inner", "Startup Cost": 35109.08, "Total Cost": 82365.51, "Plan Rows": 396404, "Plan Width": 29, "Inner Unique": true, "Hash Cond": "(mi_idx.movie_id = t.id), (LLVM Optimized)", "Plans": [{"Node Type": "Streaming(type: BROADCAST dop: 16/16)", "Parent Relationship": "Outer", "Startup Cost": 15002.76, "Total Cost": 60717.65, "Plan Rows": 5520128, "Plan Width": 4, "Plans": [{"Node Type": "Hash Join", "Parent Relationship": "Outer", "Join Type": "Inner", "Startup Cost": 15002.76, "Total Cost": 31701.7, "Plan Rows": 345008, "Plan Width": 4, "Inner Unique": true, "Hash Cond": "(mi_idx.info_type_id = it.id), (LLVM Optimized)", "Plans": [{"Node Type": "Seq Scan", "Parent Relationship": "Outer", "Relation Name": "movie_info_idx", "Alias": "mi_idx", "Startup Cost": 0.0, "Total Cost": 16267.15, "Plan Rows": 1380034, "Plan Width": 8}, {"Node Type": "Hash", "Parent Relationship": "Inner", "Startup Cost": 15002.75, "Total Cost": 15002.75, "Plan Rows": 16, "Plan Width": 4, "Plans": [{"Node Type": "Streaming(type: BROADCAST dop: 16/1)", "Parent Relationship": "Outer", "Startup Cost": 0.0, "Total Cost": 15002.75, "Plan Rows": 16, "Plan Width": 4, "Plans": [{"Node Type": "Seq Scan", "Parent Relationship": "Outer", "Relation Name": "info_type", "Alias": "it", "Startup Cost": 0.0, "Total Cost": 2.4, "Plan Rows": 1, "Plan Width": 4, "Filter": "((info)::text = 'bottom 10 rank'::text)"}]}]}]}]}, {"Node Type": "Hash", "Parent Relationship": "Inner", "Startup Cost": 19544.42, "Total Cost": 19544.42, "Plan Rows": 719240, "Plan Width": 25, "Plans": [{"Node Type": "Seq Scan", "Parent Relationship": "Outer", "Relation Name": "title", "Alias": "t", "Startup Cost": 554.15, "Total Cost": 19544.42, "Plan Rows": 719240, "Plan Width": 25, "Filter": "((production_year >= 2005) AND (production_year <= 2010)), (LLVM Optimized)"}]}]}]}, {"Node Type": "Hash", "Parent Relationship": "Inner", "Startup Cost": 34246.65, "Total Cost": 34246.65, "Plan Rows": 1304518, "Plan Width": 28, "Plans": [{"Node Type": "Hash Join", "Parent Relationship": "Outer", "Join Type": "Inner", "Startup Cost": 15001.4, "Total Cost": 34246.65, "Plan Rows": 1304518, "Plan Width": 28, "Inner Unique": true, "Hash Cond": "(mc.company_type_id = ct.id), (LLVM Optimized)", "Plans": [{"Node Type": "Seq Scan", "Parent Relationship": "Outer", "Relation Name": "movie_companies", "Alias": "mc", "Startup Cost": 0.0, "Total Cost": 18021.26, "Plan Rows": 2609035, "Plan Width": 32, "Filter": "((note)::text !~~ '%(as Metro-Goldwyn-Mayer Pictures)%'::text), (LLVM Optimized)"}, {"Node Type": "Hash", "Parent Relationship": "Inner", "Startup Cost": 15001.38, "Total Cost": 15001.38, "Plan Rows": 16, "Plan Width": 4, "Plans": [{"Node Type": "Streaming(type: BROADCAST dop: 16/1)", "Parent Relationship": "Outer", "Startup Cost": 0.0, "Total Cost": 15001.38, "Plan Rows": 16, "Plan Width": 4, "Plans": [{"Node Type": "Seq Scan", "Parent Relationship": "Outer", "Relation Name": "company_type", "Alias": "ct", "Startup Cost": 0.0, "Total Cost": 1.04, "Plan Rows": 1, "Plan Width": 4, "Filter": "((kind)::text = 'production companies'::text)"}]}]}]}]}]}]}]}]}, "Unique SQL Id": 1162488282, "Planner Runtime": 22}, "explain_analyze_plan": {"Plan": {"Node Type": "Aggregate", "Strategy": "Plain", "Startup Cost": 156456.49, "Total Cost": 156456.52, "Plan Rows": 1, "Plan Width": 113, "Actual Min Startup Time": 291.737, "Actual Max Startup Time": 291.737, "Actual Min Total Time": 291.737, "Actual Max Total Time": 291.737, "Plans": [{"Node Type": "Streaming(type: LOCAL GATHER dop: 1/16)", "Parent Relationship": "Outer", "Startup Cost": 156456.49, "Total Cost": 156456.52, "Plan Rows": 1, "Plan Width": 113, "Actual Min Startup Time": 288.745, "Actual Max Startup Time": 288.745, "Actual Min Total Time": 291.714, "Actual Max Total Time": 291.714, "Plans": [{"Node Type": "Aggregate", "Strategy": "Plain", "Parent Relationship": "Outer", "Startup Cost": 156456.49, "Total Cost": 156456.5, "Plan Rows": 1, "Plan Width": 113, "Actual Min Startup Time": 87.212, "Actual Max Startup Time": 173.643, "Actual Min Total Time": 87.212, "Actual Max Total Time": 173.643, "Plans": [{"Node Type": "Hash Join", "Parent Relationship": "Outer", "Join Type": "Inner", "Startup Cost": 70374.89, "Total Cost": 153100.47, "Plan Rows": 447470, "Plan Width": 45, "Actual Min Startup Time": 87.206, "Actual Max Startup Time": 173.637, "Actual Min Total Time": 87.206, "Actual Max Total Time": 173.637, "Inner Unique": false, "Hash Cond": "(t.id = mc.movie_id), (LLVM Optimized)", "Plans": [{"Node Type": "Streaming(type: BROADCAST dop: 16/16)", "Parent Relationship": "Outer", "Startup Cost": 35109.08, "Total Cost": 113469.42, "Plan Rows": 6342464, "Plan Width": 29, "Actual Min Startup Time": 0.041, "Actual Max Startup Time": 32.958, "Actual Min Total Time": 0.045, "Actual Max Total Time": 89.021, "Plans": [{"Node Type": "Hash Join", "Parent Relationship": "Outer", "Join Type": "Inner", "Startup Cost": 35109.08, "Total Cost": 82365.51, "Plan Rows": 396404, "Plan Width": 29, "Actual Min Startup Time": 81.077, "Actual Max Startup Time": 116.668, "Actual Min Total Time": 82.306, "Actual Max Total Time": 116.668, "Inner Unique": true, "Hash Cond": "(mi_idx.movie_id = t.id), (LLVM Optimized)", "Plans": [{"Node Type": "Streaming(type: BROADCAST dop: 16/16)", "Parent Relationship": "Outer", "Startup Cost": 15002.76, "Total Cost": 60717.65, "Plan Rows": 5520128, "Plan Width": 4, "Actual Min Startup Time": 0.033, "Actual Max Startup Time": 0.065, "Actual Min Total Time": 0.037, "Actual Max Total Time": 35.246, "Plans": [{"Node Type": "Hash Join", "Parent Relationship": "Outer", "Join Type": "Inner", "Startup Cost": 15002.76, "Total Cost": 31701.7, "Plan Rows": 345008, "Plan Width": 4, "Actual Min Startup Time": 33.102, "Actual Max Startup Time": 40.897, "Actual Min Total Time": 33.102, "Actual Max Total Time": 40.903, "Inner Unique": true, "Hash Cond": "(mi_idx.info_type_id = it.id), (LLVM Optimized)", "Plans": [{"Node Type": "Seq Scan", "Parent Relationship": "Outer", "Relation Name": "movie_info_idx", "Alias": "mi_idx", "Startup Cost": 0.0, "Total Cost": 16267.15, "Plan Rows": 1380034, "Plan Width": 8, "Actual Min Startup Time": 0.035, "Actual Max Startup Time": 0.075, "Actual Min Total Time": 18.863, "Actual Max Total Time": 23.828, "Actual Rows": 1380034}, {"Node Type": "Hash", "Parent Relationship": "Inner", "Startup Cost": 15002.75, "Total Cost": 15002.75, "Plan Rows": 16, "Plan Width": 4, "Actual Min Startup Time": 0.016, "Actual Max Startup Time": 0.026, "Actual Min Total Time": 0.016, "Actual Max Total Time": 0.026, "Max Hash Buckets": 32768, "Min Hash Buckets": 32768, "Max Hash Batches": 1, "Min Hash Batches": 1, "Max Original Hash Batches": 1, "Min Original Hash Batches": 1, "Max Peak Memory Usage": 1, "min Peak Memory Usage": 1, "Plans": [{"Node Type": "Streaming(type: BROADCAST dop: 16/1)", "Parent Relationship": "Outer", "Startup Cost": 0.0, "Total Cost": 15002.75, "Plan Rows": 16, "Plan Width": 4, "Actual Min Startup Time": 0.004, "Actual Max Startup Time": 0.009, "Actual Min Total Time": 0.004, "Actual Max Total Time": 0.01, "Plans": [{"Node Type": "Seq Scan", "Parent Relationship": "Outer", "Relation Name": "info_type", "Alias": "it", "Startup Cost": 0.0, "Total Cost": 2.4, "Plan Rows": 1, "Plan Width": 4, "Actual Min Startup Time": 0.058, "Actual Max Startup Time": 0.058, "Actual Min Total Time": 0.06, "Actual Max Total Time": 0.06, "Filter": "((info)::text = 'bottom 10 rank'::text)", "Rows Removed by Filter": 111, "Actual Rows": 1}], "Actual Rows": 16}], "Actual Rows": 16}], "Actual Rows": 10}], "Actual Rows": 160}, {"Node Type": "Hash", "Parent Relationship": "Inner", "Startup Cost": 19544.42, "Total Cost": 19544.42, "Plan Rows": 719240, "Plan Width": 25, "Actual Min Startup Time": 77.538, "Actual Max Startup Time": 90.505, "Actual Min Total Time": 77.538, "Actual Max Total Time": 90.505, "Max Hash Buckets": 65536, "Min Hash Buckets": 65536, "Max Hash Batches": 1, "Min Hash Batches": 1, "Max Original Hash Batches": 1, "Min Original Hash Batches": 1, "Max Peak Memory Usage": 2621, "min Peak Memory Usage": 2621, "Plans": [{"Node Type": "Seq Scan", "Parent Relationship": "Outer", "Relation Name": "title", "Alias": "t", "Startup Cost": 554.15, "Total Cost": 19544.42, "Plan Rows": 719240, "Plan Width": 25, "Actual Min Startup Time": 0.027, "Actual Max Startup Time": 0.048, "Actual Min Total Time": 63.976, "Actual Max Total Time": 73.192, "Filter": "((production_year >= 2005) AND (production_year <= 2010)), (LLVM Optimized)", "Rows Removed by Filter": 1812052, "Actual Rows": 716259}], "Actual Rows": 716259}], "Actual Rows": 4}], "Actual Rows": 64}, {"Node Type": "Hash", "Parent Relationship": "Inner", "Startup Cost": 34246.65, "Total Cost": 34246.65, "Plan Rows": 1304518, "Plan Width": 28, "Actual Min Startup Time": 77.142, "Actual Max Startup Time": 90.181, "Actual Min Total Time": 77.142, "Actual Max Total Time": 90.181, "Max Hash Buckets": 131072, "Min Hash Buckets": 131072, "Max Hash Batches": 1, "Min Hash Batches": 1, "Max Original Hash Batches": 1, "Min Original Hash Batches": 1, "Max Peak Memory Usage": 488, "min Peak Memory Usage": 488, "Plans": [{"Node Type": "Hash Join", "Parent Relationship": "Outer", "Join Type": "Inner", "Startup Cost": 15001.4, "Total Cost": 34246.65, "Plan Rows": 1304518, "Plan Width": 28, "Actual Min Startup Time": 49.679, "Actual Max Startup Time": 57.435, "Actual Min Total Time": 74.466, "Actual Max Total Time": 85.667, "Inner Unique": true, "Hash Cond": "(mc.company_type_id = ct.id), (LLVM Optimized)", "Plans": [{"Node Type": "Seq Scan", "Parent Relationship": "Outer", "Relation Name": "movie_companies", "Alias": "mc", "Startup Cost": 0.0, "Total Cost": 18021.26, "Plan Rows": 2609035, "Plan Width": 32, "Actual Min Startup Time": 0.038, "Actual Max Startup Time": 0.078, "Actual Min Total Time": 58.43, "Actual Max Total Time": 67.703, "Filter": "((note)::text !~~ '%(as Metro-Goldwyn-Mayer Pictures)%'::text), (LLVM Optimized)", "Rows Removed by Filter": 1272041, "Actual Rows": 1337087}, {"Node Type": "Hash", "Parent Relationship": "Inner", "Startup Cost": 15001.38, "Total Cost": 15001.38, "Plan Rows": 16, "Plan Width": 4, "Actual Min Startup Time": 0.016, "Actual Max Startup Time": 0.038, "Actual Min Total Time": 0.016, "Actual Max Total Time": 0.038, "Max Hash Buckets": 32768, "Min Hash Buckets": 32768, "Max Hash Batches": 1, "Min Hash Batches": 1, "Max Original Hash Batches": 1, "Min Original Hash Batches": 1, "Max Peak Memory Usage": 1, "min Peak Memory Usage": 1, "Plans": [{"Node Type": "Streaming(type: BROADCAST dop: 16/1)", "Parent Relationship": "Outer", "Startup Cost": 0.0, "Total Cost": 15001.38, "Plan Rows": 16, "Plan Width": 4, "Actual Min Startup Time": 0.005, "Actual Max Startup Time": 0.02, "Actual Min Total Time": 0.005, "Actual Max Total Time": 0.021, "Plans": [{"Node Type": "Seq Scan", "Parent Relationship": "Outer", "Relation Name": "company_type", "Alias": "ct", "Startup Cost": 0.0, "Total Cost": 1.04, "Plan Rows": 1, "Plan Width": 4, "Actual Min Startup Time": 0.025, "Actual Max Startup Time": 0.025, "Actual Min Total Time": 0.028, "Actual Max Total Time": 0.028, "Filter": "((kind)::text = 'production companies'::text)", "Rows Removed by Filter": 2, "Actual Rows": 1}], "Actual Rows": 16}], "Actual Rows": 16}], "Actual Rows": 140904}], "Actual Rows": 140904}], "Actual Rows": 3}], "Actual Rows": 16}], "Actual Rows": 16}], "Actual Rows": 1}, "Triggers": [], "Planner Runtime": 22.586, "Total Runtime": 315.381, "Unique SQL Id": 1162488282}}, "(16, '73')": {"explain_plan": {"Plan": {"Node Type": "Aggregate", "Strategy": "Plain", "Startup Cost": 250800.12, "Total Cost": 250800.14, "Plan Rows": 1, "Plan Width": 113, "Plans": [{"Node Type": "Streaming(type: LOCAL GATHER dop: 1/16)", "Parent Relationship": "Outer", "Startup Cost": 250800.12, "Total Cost": 250800.14, "Plan Rows": 1, "Plan Width": 113, "Plans": [{"Node Type": "Aggregate", "Strategy": "Plain", "Parent Relationship": "Outer", "Startup Cost": 250800.12, "Total Cost": 250800.13, "Plan Rows": 1, "Plan Width": 113, "Plans": [{"Node Type": "Hash Join", "Parent Relationship": "Outer", "Join Type": "Inner", "Startup Cost": 171025.57, "Total Cost": 247444.09, "Plan Rows": 447470, "Plan Width": 45, "Inner Unique": true, "Hash Cond": "(mc.company_type_id = ct.id), (LLVM Optimized)", "Plans": [{"Node Type": "Hash Join", "Parent Relationship": "Outer", "Join Type": "Inner", "Startup Cost": 156012.91, "Total Cost": 232152.09, "Plan Rows": 549199, "Plan Width": 49, "Inner Unique": false, "Hash Cond": "(t.id = mc.movie_id), (LLVM Optimized)", "Plans": [{"Node Type": "Streaming(type: LOCAL REDISTRIBUTE dop: 16/1)", "Parent Relationship": "Outer", "Startup Cost": 126720.83, "Total Cost": 201800.13, "Plan Rows": 396404, "Plan Width": 29, "Plans": [{"Node Type": "Hash Join", "Parent Relationship": "Outer", "Join Type": "Inner", "Startup Cost": 126720.83, "Total Cost": 170316.85, "Plan Rows": 396404, "Plan Width": 29, "Inner Unique": true, "Hash Cond": "(mi_idx.movie_id = t.id), (LLVM Optimized)", "Plans": [{"Node Type": "Nested Loop", "Parent Relationship": "Outer", "Join Type": "Inner", "Startup Cost": 0.0, "Total Cost": 38338.2, "Plan Rows": 345008, "Plan Width": 4, "Inner Unique": false, "Plans": [{"Node Type": "Index Scan", "Parent Relationship": "Outer", "Scan Direction": "Forward", "Index Name": "info_type_pkey", "Relation Name": "info_type", "Alias": "it", "Startup Cost": 0.0, "Total Cost": 14.21, "Plan Rows": 1, "Plan Width": 4, "Filter": "((info)::text = 'bottom 10 rank'::text)"}, {"Node Type": "Index Scan", "Parent Relationship": "Inner", "Scan Direction": "Forward", "Index Name": "info_type_id_movie_info_idx", "Relation Name": "movie_info_idx", "Alias": "mi_idx", "Startup Cost": 0.0, "Total Cost": 34873.91, "Plan Rows": 345008, "Plan Width": 8, "Index Cond": "(info_type_id = it.id), (LLVM Optimized)"}]}, {"Node Type": "Hash", "Parent Relationship": "Inner", "Startup Cost": 117730.33, "Total Cost": 117730.33, "Plan Rows": 719240, "Plan Width": 25, "Plans": [{"Node Type": "Streaming(type: LOCAL GATHER dop: 1/16)", "Parent Relationship": "Outer", "Startup Cost": 0.0, "Total Cost": 117730.33, "Plan Rows": 719240, "Plan Width": 25, "Plans": [{"Node Type": "Index Scan", "Parent Relationship": "Outer", "Scan Direction": "Forward", "Index Name": "title_pkey", "Relation Name": "title", "Alias": "t", "Startup Cost": 0.0, "Total Cost": 102207.67, "Plan Rows": 719240, "Plan Width": 25, "Filter": "((production_year >= 2005) AND (production_year <= 2010)), (LLVM Optimized)"}]}]}]}]}, {"Node Type": "Hash", "Parent Relationship": "Inner", "Startup Cost": 109015.07, "Total Cost": 109015.07, "Plan Rows": 2609035, "Plan Width": 32, "Plans": [{"Node Type": "Streaming(type: LOCAL REDISTRIBUTE dop: 16/16)", "Parent Relationship": "Outer", "Startup Cost": 0.0, "Total Cost": 109015.07, "Plan Rows": 2609035, "Plan Width": 32, "Plans": [{"Node Type": "Index Scan", "Parent Relationship": "Outer", "Scan Direction": "Forward", "Index Name": "company_type_id_movie_companies", "Relation Name": "movie_companies", "Alias": "mc", "Startup Cost": 0.0, "Total Cost": 84129.27, "Plan Rows": 2609035, "Plan Width": 32, "Filter": "((note)::text !~~ '%(as Metro-Goldwyn-Mayer Pictures)%'::text), (LLVM Optimized)"}]}]}]}, {"Node Type": "Hash", "Parent Relationship": "Inner", "Startup Cost": 15012.65, "Total Cost": 15012.65, "Plan Rows": 16, "Plan Width": 4, "Plans": [{"Node Type": "Streaming(type: BROADCAST dop: 16/1)", "Parent Relationship": "Outer", "Startup Cost": 0.0, "Total Cost": 15012.65, "Plan Rows": 16, "Plan Width": 4, "Plans": [{"Node Type": "Index Scan", "Parent Relationship": "Outer", "Scan Direction": "Forward", "Index Name": "company_type_pkey", "Relation Name": "company_type", "Alias": "ct", "Startup Cost": 0.0, "Total Cost": 12.3, "Plan Rows": 1, "Plan Width": 4, "Filter": "((kind)::text = 'production companies'::text)"}]}]}]}]}]}]}, "Unique SQL Id": 1162488282, "Planner Runtime": 19}, "explain_analyze_plan": {"Plan": {"Node Type": "Aggregate", "Strategy": "Plain", "Startup Cost": 250800.12, "Total Cost": 250800.14, "Plan Rows": 1, "Plan Width": 113, "Actual Min Startup Time": 838.089, "Actual Max Startup Time": 838.089, "Actual Min Total Time": 838.089, "Actual Max Total Time": 838.089, "Plans": [{"Node Type": "Streaming(type: LOCAL GATHER dop: 1/16)", "Parent Relationship": "Outer", "Startup Cost": 250800.12, "Total Cost": 250800.14, "Plan Rows": 1, "Plan Width": 113, "Actual Min Startup Time": 837.918, "Actual Max Startup Time": 837.918, "Actual Min Total Time": 838.073, "Actual Max Total Time": 838.073, "Plans": [{"Node Type": "Aggregate", "Strategy": "Plain", "Parent Relationship": "Outer", "Startup Cost": 250800.12, "Total Cost": 250800.13, "Plan Rows": 1, "Plan Width": 113, "Actual Min Startup Time": 673.082, "Actual Max Startup Time": 706.13, "Actual Min Total Time": 673.082, "Actual Max Total Time": 706.13, "Plans": [{"Node Type": "Hash Join", "Parent Relationship": "Outer", "Join Type": "Inner", "Startup Cost": 171025.57, "Total Cost": 247444.09, "Plan Rows": 447470, "Plan Width": 45, "Actual Min Startup Time": 673.077, "Actual Max Startup Time": 706.123, "Actual Min Total Time": 673.077, "Actual Max Total Time": 706.123, "Inner Unique": true, "Hash Cond": "(mc.company_type_id = ct.id), (LLVM Optimized, Jit Execute)", "Plans": [{"Node Type": "Hash Join", "Parent Relationship": "Outer", "Join Type": "Inner", "Startup Cost": 156012.91, "Total Cost": 232152.09, "Plan Rows": 549199, "Plan Width": 49, "Actual Min Startup Time": 672.437, "Actual Max Startup Time": 705.46, "Actual Min Total Time": 672.437, "Actual Max Total Time": 705.46, "Inner Unique": false, "Hash Cond": "(t.id = mc.movie_id), (LLVM Optimized, Jit Execute)", "Plans": [{"Node Type": "Streaming(type: LOCAL REDISTRIBUTE dop: 16/1)", "Parent Relationship": "Outer", "Startup Cost": 126720.83, "Total Cost": 201800.13, "Plan Rows": 396404, "Plan Width": 29, "Actual Min Startup Time": 368.837, "Actual Max Startup Time": 368.893, "Actual Min Total Time": 368.837, "Actual Max Total Time": 368.894, "Plans": [{"Node Type": "Hash Join", "Parent Relationship": "Outer", "Join Type": "Inner", "Startup Cost": 126720.83, "Total Cost": 170316.85, "Plan Rows": 396404, "Plan Width": 29, "Actual Min Startup Time": 670.503, "Actual Max Startup Time": 670.503, "Actual Min Total Time": 670.511, "Actual Max Total Time": 670.511, "Inner Unique": true, "Hash Cond": "(mi_idx.movie_id = t.id), (LLVM Optimized, Jit Execute)", "Plans": [{"Node Type": "Nested Loop", "Parent Relationship": "Outer", "Join Type": "Inner", "Startup Cost": 0.0, "Total Cost": 38338.2, "Plan Rows": 345008, "Plan Width": 4, "Actual Min Startup Time": 0.162, "Actual Max Startup Time": 0.162, "Actual Min Total Time": 0.171, "Actual Max Total Time": 0.171, "Inner Unique": false, "Plans": [{"Node Type": "Index Scan", "Parent Relationship": "Outer", "Scan Direction": "Forward", "Index Name": "info_type_pkey", "Relation Name": "info_type", "Alias": "it", "Startup Cost": 0.0, "Total Cost": 14.21, "Plan Rows": 1, "Plan Width": 4, "Actual Min Startup Time": 0.123, "Actual Max Startup Time": 0.123, "Actual Min Total Time": 0.124, "Actual Max Total Time": 0.124, "Filter": "((info)::text = 'bottom 10 rank'::text)", "Rows Removed by Filter": 111, "Actual Rows": 1}, {"Node Type": "Index Scan", "Parent Relationship": "Inner", "Scan Direction": "Forward", "Index Name": "info_type_id_movie_info_idx", "Relation Name": "movie_info_idx", "Alias": "mi_idx", "Startup Cost": 0.0, "Total Cost": 34873.91, "Plan Rows": 345008, "Plan Width": 8, "Actual Min Startup Time": 0.029, "Actual Max Startup Time": 0.029, "Actual Min Total Time": 0.034, "Actual Max Total Time": 0.034, "Index Cond": "(info_type_id = it.id), (LLVM Optimized, Jit Execute)", "Rows Removed by Index Recheck": 0, "Actual Rows": 10}], "Actual Rows": 10}, {"Node Type": "Hash", "Parent Relationship": "Inner", "Startup Cost": 117730.33, "Total Cost": 117730.33, "Plan Rows": 719240, "Plan Width": 25, "Actual Min Startup Time": 669.067, "Actual Max Startup Time": 669.067, "Actual Min Total Time": 669.067, "Actual Max Total Time": 669.067, "Max Hash Buckets": 1048576, "Min Hash Buckets": 1048576, "Max Hash Batches": 1, "Min Hash Batches": 1, "Max Original Hash Batches": 1, "Min Original Hash Batches": 1, "Max Peak Memory Usage": 41052, "min Peak Memory Usage": 41052, "Plans": [{"Node Type": "Streaming(type: LOCAL GATHER dop: 1/16)", "Parent Relationship": "Outer", "Startup Cost": 0.0, "Total Cost": 117730.33, "Plan Rows": 719240, "Plan Width": 25, "Actual Min Startup Time": 0.121, "Actual Max Startup Time": 0.121, "Actual Min Total Time": 467.948, "Actual Max Total Time": 467.948, "Plans": [{"Node Type": "Index Scan", "Parent Relationship": "Outer", "Scan Direction": "Forward", "Index Name": "title_pkey", "Relation Name": "title", "Alias": "t", "Startup Cost": 0.0, "Total Cost": 102207.67, "Plan Rows": 719240, "Plan Width": 25, "Actual Min Startup Time": 0.038, "Actual Max Startup Time": 57.842, "Actual Min Total Time": 231.238, "Actual Max Total Time": 314.201, "Filter": "((production_year >= 2005) AND (production_year <= 2010)), (LLVM Optimized, Jit Execute)", "Rows Removed by Filter": 1812052, "Actual Rows": 716259}], "Actual Rows": 716259}], "Actual Rows": 716259}], "Actual Rows": 4}], "Actual Rows": 4}, {"Node Type": "Hash", "Parent Relationship": "Inner", "Startup Cost": 109015.07, "Total Cost": 109015.07, "Plan Rows": 2609035, "Plan Width": 32, "Actual Min Startup Time": 303.368, "Actual Max Startup Time": 336.411, "Actual Min Total Time": 303.368, "Actual Max Total Time": 336.411, "Max Hash Buckets": 262144, "Min Hash Buckets": 262144, "Max Hash Batches": 1, "Min Hash Batches": 1, "Max Original Hash Batches": 1, "Min Original Hash Batches": 1, "Max Peak Memory Usage": 5435, "min Peak Memory Usage": 5435, "Plans": [{"Node Type": "Streaming(type: LOCAL REDISTRIBUTE dop: 16/16)", "Parent Relationship": "Outer", "Startup Cost": 0.0, "Total Cost": 109015.07, "Plan Rows": 2609035, "Plan Width": 32, "Actual Min Startup Time": 14.747, "Actual Max Startup Time": 48.168, "Actual Min Total Time": 279.186, "Actual Max Total Time": 312.264, "Plans": [{"Node Type": "Index Scan", "Parent Relationship": "Outer", "Scan Direction": "Forward", "Index Name": "company_type_id_movie_companies", "Relation Name": "movie_companies", "Alias": "mc", "Startup Cost": 0.0, "Total Cost": 84129.27, "Plan Rows": 2609035, "Plan Width": 32, "Actual Min Startup Time": 15.167, "Actual Max Startup Time": 118.139, "Actual Min Total Time": 93.097, "Actual Max Total Time": 262.114, "Filter": "((note)::text !~~ '%(as Metro-Goldwyn-Mayer Pictures)%'::text), (LLVM Optimized, Jit Execute)", "Rows Removed by Filter": 1272041, "Actual Rows": 1337087}], "Actual Rows": 1337087}], "Actual Rows": 1337087}], "Actual Rows": 66}, {"Node Type": "Hash", "Parent Relationship": "Inner", "Startup Cost": 15012.65, "Total Cost": 15012.65, "Plan Rows": 16, "Plan Width": 4, "Actual Min Startup Time": 0.007, "Actual Max Startup Time": 0.024, "Actual Min Total Time": 0.007, "Actual Max Total Time": 0.024, "Max Hash Buckets": 32768, "Min Hash Buckets": 32768, "Max Hash Batches": 1, "Min Hash Batches": 1, "Max Original Hash Batches": 1, "Min Original Hash Batches": 1, "Max Peak Memory Usage": 1, "min Peak Memory Usage": 1, "Plans": [{"Node Type": "Streaming(type: BROADCAST dop: 16/1)", "Parent Relationship": "Outer", "Startup Cost": 0.0, "Total Cost": 15012.65, "Plan Rows": 16, "Plan Width": 4, "Actual Min Startup Time": 0.003, "Actual Max Startup Time": 0.009, "Actual Min Total Time": 0.003, "Actual Max Total Time": 0.01, "Plans": [{"Node Type": "Index Scan", "Parent Relationship": "Outer", "Scan Direction": "Forward", "Index Name": "company_type_pkey", "Relation Name": "company_type", "Alias": "ct", "Startup Cost": 0.0, "Total Cost": 12.3, "Plan Rows": 1, "Plan Width": 4, "Actual Min Startup Time": 0.048, "Actual Max Startup Time": 0.048, "Actual Min Total Time": 0.052, "Actual Max Total Time": 0.052, "Filter": "((kind)::text = 'production companies'::text)", "Rows Removed by Filter": 2, "Actual Rows": 1}], "Actual Rows": 16}], "Actual Rows": 16}], "Actual Rows": 3}], "Actual Rows": 16}], "Actual Rows": 16}], "Actual Rows": 1}, "Triggers": [], "Planner Runtime": 18.905, "Total Runtime": 857.762, "Unique SQL Id": 1162488282}}, "(16, '74')": {"explain_plan": {"Plan": {"Node Type": "Aggregate", "Strategy": "Plain", "Startup Cost": 156456.49, "Total Cost": 156456.52, "Plan Rows": 1, "Plan Width": 113, "Plans": [{"Node Type": "Streaming(type: LOCAL GATHER dop: 1/16)", "Parent Relationship": "Outer", "Startup Cost": 156456.49, "Total Cost": 156456.52, "Plan Rows": 1, "Plan Width": 113, "Plans": [{"Node Type": "Aggregate", "Strategy": "Plain", "Parent Relationship": "Outer", "Startup Cost": 156456.49, "Total Cost": 156456.5, "Plan Rows": 1, "Plan Width": 113, "Plans": [{"Node Type": "Hash Join", "Parent Relationship": "Outer", "Join Type": "Inner", "Startup Cost": 70374.89, "Total Cost": 153100.47, "Plan Rows": 447470, "Plan Width": 45, "Inner Unique": false, "Hash Cond": "(t.id = mc.movie_id), (LLVM Optimized)", "Plans": [{"Node Type": "Streaming(type: BROADCAST dop: 16/16)", "Parent Relationship": "Outer", "Startup Cost": 35109.08, "Total Cost": 113469.42, "Plan Rows": 6342464, "Plan Width": 29, "Plans": [{"Node Type": "Hash Join", "Parent Relationship": "Outer", "Join Type": "Inner", "Startup Cost": 35109.08, "Total Cost": 82365.51, "Plan Rows": 396404, "Plan Width": 29, "Inner Unique": true, "Hash Cond": "(mi_idx.movie_id = t.id), (LLVM Optimized)", "Plans": [{"Node Type": "Streaming(type: BROADCAST dop: 16/16)", "Parent Relationship": "Outer", "Startup Cost": 15002.76, "Total Cost": 60717.65, "Plan Rows": 5520128, "Plan Width": 4, "Plans": [{"Node Type": "Hash Join", "Parent Relationship": "Outer", "Join Type": "Inner", "Startup Cost": 15002.76, "Total Cost": 31701.7, "Plan Rows": 345008, "Plan Width": 4, "Inner Unique": true, "Hash Cond": "(mi_idx.info_type_id = it.id), (LLVM Optimized)", "Plans": [{"Node Type": "Seq Scan", "Parent Relationship": "Outer", "Relation Name": "movie_info_idx", "Alias": "mi_idx", "Startup Cost": 0.0, "Total Cost": 16267.15, "Plan Rows": 1380034, "Plan Width": 8}, {"Node Type": "Hash", "Parent Relationship": "Inner", "Startup Cost": 15002.75, "Total Cost": 15002.75, "Plan Rows": 16, "Plan Width": 4, "Plans": [{"Node Type": "Streaming(type: BROADCAST dop: 16/1)", "Parent Relationship": "Outer", "Startup Cost": 0.0, "Total Cost": 15002.75, "Plan Rows": 16, "Plan Width": 4, "Plans": [{"Node Type": "Seq Scan", "Parent Relationship": "Outer", "Relation Name": "info_type", "Alias": "it", "Startup Cost": 0.0, "Total Cost": 2.4, "Plan Rows": 1, "Plan Width": 4, "Filter": "((info)::text = 'bottom 10 rank'::text)"}]}]}]}]}, {"Node Type": "Hash", "Parent Relationship": "Inner", "Startup Cost": 19544.42, "Total Cost": 19544.42, "Plan Rows": 719240, "Plan Width": 25, "Plans": [{"Node Type": "Seq Scan", "Parent Relationship": "Outer", "Relation Name": "title", "Alias": "t", "Startup Cost": 554.15, "Total Cost": 19544.42, "Plan Rows": 719240, "Plan Width": 25, "Filter": "((production_year >= 2005) AND (production_year <= 2010)), (LLVM Optimized)"}]}]}]}, {"Node Type": "Hash", "Parent Relationship": "Inner", "Startup Cost": 34246.65, "Total Cost": 34246.65, "Plan Rows": 1304518, "Plan Width": 28, "Plans": [{"Node Type": "Hash Join", "Parent Relationship": "Outer", "Join Type": "Inner", "Startup Cost": 15001.4, "Total Cost": 34246.65, "Plan Rows": 1304518, "Plan Width": 28, "Inner Unique": true, "Hash Cond": "(mc.company_type_id = ct.id), (LLVM Optimized)", "Plans": [{"Node Type": "Seq Scan", "Parent Relationship": "Outer", "Relation Name": "movie_companies", "Alias": "mc", "Startup Cost": 0.0, "Total Cost": 18021.26, "Plan Rows": 2609035, "Plan Width": 32, "Filter": "((note)::text !~~ '%(as Metro-Goldwyn-Mayer Pictures)%'::text), (LLVM Optimized)"}, {"Node Type": "Hash", "Parent Relationship": "Inner", "Startup Cost": 15001.38, "Total Cost": 15001.38, "Plan Rows": 16, "Plan Width": 4, "Plans": [{"Node Type": "Streaming(type: BROADCAST dop: 16/1)", "Parent Relationship": "Outer", "Startup Cost": 0.0, "Total Cost": 15001.38, "Plan Rows": 16, "Plan Width": 4, "Plans": [{"Node Type": "Seq Scan", "Parent Relationship": "Outer", "Relation Name": "company_type", "Alias": "ct", "Startup Cost": 0.0, "Total Cost": 1.04, "Plan Rows": 1, "Plan Width": 4, "Filter": "((kind)::text = 'production companies'::text)"}]}]}]}]}]}]}]}]}, "Unique SQL Id": 1162488282, "Planner Runtime": 27}, "explain_analyze_plan": {"Plan": {"Node Type": "Aggregate", "Strategy": "Plain", "Startup Cost": 156456.49, "Total Cost": 156456.52, "Plan Rows": 1, "Plan Width": 113, "Actual Min Startup Time": 291.737, "Actual Max Startup Time": 291.737, "Actual Min Total Time": 291.737, "Actual Max Total Time": 291.737, "Plans": [{"Node Type": "Streaming(type: LOCAL GATHER dop: 1/16)", "Parent Relationship": "Outer", "Startup Cost": 156456.49, "Total Cost": 156456.52, "Plan Rows": 1, "Plan Width": 113, "Actual Min Startup Time": 288.745, "Actual Max Startup Time": 288.745, "Actual Min Total Time": 291.714, "Actual Max Total Time": 291.714, "Plans": [{"Node Type": "Aggregate", "Strategy": "Plain", "Parent Relationship": "Outer", "Startup Cost": 156456.49, "Total Cost": 156456.5, "Plan Rows": 1, "Plan Width": 113, "Actual Min Startup Time": 87.212, "Actual Max Startup Time": 173.643, "Actual Min Total Time": 87.212, "Actual Max Total Time": 173.643, "Plans": [{"Node Type": "Hash Join", "Parent Relationship": "Outer", "Join Type": "Inner", "Startup Cost": 70374.89, "Total Cost": 153100.47, "Plan Rows": 447470, "Plan Width": 45, "Actual Min Startup Time": 87.206, "Actual Max Startup Time": 173.637, "Actual Min Total Time": 87.206, "Actual Max Total Time": 173.637, "Inner Unique": false, "Hash Cond": "(t.id = mc.movie_id), (LLVM Optimized)", "Plans": [{"Node Type": "Streaming(type: BROADCAST dop: 16/16)", "Parent Relationship": "Outer", "Startup Cost": 35109.08, "Total Cost": 113469.42, "Plan Rows": 6342464, "Plan Width": 29, "Actual Min Startup Time": 0.041, "Actual Max Startup Time": 32.958, "Actual Min Total Time": 0.045, "Actual Max Total Time": 89.021, "Plans": [{"Node Type": "Hash Join", "Parent Relationship": "Outer", "Join Type": "Inner", "Startup Cost": 35109.08, "Total Cost": 82365.51, "Plan Rows": 396404, "Plan Width": 29, "Actual Min Startup Time": 81.077, "Actual Max Startup Time": 116.668, "Actual Min Total Time": 82.306, "Actual Max Total Time": 116.668, "Inner Unique": true, "Hash Cond": "(mi_idx.movie_id = t.id), (LLVM Optimized)", "Plans": [{"Node Type": "Streaming(type: BROADCAST dop: 16/16)", "Parent Relationship": "Outer", "Startup Cost": 15002.76, "Total Cost": 60717.65, "Plan Rows": 5520128, "Plan Width": 4, "Actual Min Startup Time": 0.033, "Actual Max Startup Time": 0.065, "Actual Min Total Time": 0.037, "Actual Max Total Time": 35.246, "Plans": [{"Node Type": "Hash Join", "Parent Relationship": "Outer", "Join Type": "Inner", "Startup Cost": 15002.76, "Total Cost": 31701.7, "Plan Rows": 345008, "Plan Width": 4, "Actual Min Startup Time": 33.102, "Actual Max Startup Time": 40.897, "Actual Min Total Time": 33.102, "Actual Max Total Time": 40.903, "Inner Unique": true, "Hash Cond": "(mi_idx.info_type_id = it.id), (LLVM Optimized)", "Plans": [{"Node Type": "Seq Scan", "Parent Relationship": "Outer", "Relation Name": "movie_info_idx", "Alias": "mi_idx", "Startup Cost": 0.0, "Total Cost": 16267.15, "Plan Rows": 1380034, "Plan Width": 8, "Actual Min Startup Time": 0.035, "Actual Max Startup Time": 0.075, "Actual Min Total Time": 18.863, "Actual Max Total Time": 23.828, "Actual Rows": 1380034}, {"Node Type": "Hash", "Parent Relationship": "Inner", "Startup Cost": 15002.75, "Total Cost": 15002.75, "Plan Rows": 16, "Plan Width": 4, "Actual Min Startup Time": 0.016, "Actual Max Startup Time": 0.026, "Actual Min Total Time": 0.016, "Actual Max Total Time": 0.026, "Max Hash Buckets": 32768, "Min Hash Buckets": 32768, "Max Hash Batches": 1, "Min Hash Batches": 1, "Max Original Hash Batches": 1, "Min Original Hash Batches": 1, "Max Peak Memory Usage": 1, "min Peak Memory Usage": 1, "Plans": [{"Node Type": "Streaming(type: BROADCAST dop: 16/1)", "Parent Relationship": "Outer", "Startup Cost": 0.0, "Total Cost": 15002.75, "Plan Rows": 16, "Plan Width": 4, "Actual Min Startup Time": 0.004, "Actual Max Startup Time": 0.009, "Actual Min Total Time": 0.004, "Actual Max Total Time": 0.01, "Plans": [{"Node Type": "Seq Scan", "Parent Relationship": "Outer", "Relation Name": "info_type", "Alias": "it", "Startup Cost": 0.0, "Total Cost": 2.4, "Plan Rows": 1, "Plan Width": 4, "Actual Min Startup Time": 0.058, "Actual Max Startup Time": 0.058, "Actual Min Total Time": 0.06, "Actual Max Total Time": 0.06, "Filter": "((info)::text = 'bottom 10 rank'::text)", "Rows Removed by Filter": 111, "Actual Rows": 1}], "Actual Rows": 16}], "Actual Rows": 16}], "Actual Rows": 10}], "Actual Rows": 160}, {"Node Type": "Hash", "Parent Relationship": "Inner", "Startup Cost": 19544.42, "Total Cost": 19544.42, "Plan Rows": 719240, "Plan Width": 25, "Actual Min Startup Time": 77.538, "Actual Max Startup Time": 90.505, "Actual Min Total Time": 77.538, "Actual Max Total Time": 90.505, "Max Hash Buckets": 65536, "Min Hash Buckets": 65536, "Max Hash Batches": 1, "Min Hash Batches": 1, "Max Original Hash Batches": 1, "Min Original Hash Batches": 1, "Max Peak Memory Usage": 2621, "min Peak Memory Usage": 2621, "Plans": [{"Node Type": "Seq Scan", "Parent Relationship": "Outer", "Relation Name": "title", "Alias": "t", "Startup Cost": 554.15, "Total Cost": 19544.42, "Plan Rows": 719240, "Plan Width": 25, "Actual Min Startup Time": 0.027, "Actual Max Startup Time": 0.048, "Actual Min Total Time": 63.976, "Actual Max Total Time": 73.192, "Filter": "((production_year >= 2005) AND (production_year <= 2010)), (LLVM Optimized)", "Rows Removed by Filter": 1812052, "Actual Rows": 716259}], "Actual Rows": 716259}], "Actual Rows": 4}], "Actual Rows": 64}, {"Node Type": "Hash", "Parent Relationship": "Inner", "Startup Cost": 34246.65, "Total Cost": 34246.65, "Plan Rows": 1304518, "Plan Width": 28, "Actual Min Startup Time": 77.142, "Actual Max Startup Time": 90.181, "Actual Min Total Time": 77.142, "Actual Max Total Time": 90.181, "Max Hash Buckets": 131072, "Min Hash Buckets": 131072, "Max Hash Batches": 1, "Min Hash Batches": 1, "Max Original Hash Batches": 1, "Min Original Hash Batches": 1, "Max Peak Memory Usage": 488, "min Peak Memory Usage": 488, "Plans": [{"Node Type": "Hash Join", "Parent Relationship": "Outer", "Join Type": "Inner", "Startup Cost": 15001.4, "Total Cost": 34246.65, "Plan Rows": 1304518, "Plan Width": 28, "Actual Min Startup Time": 49.679, "Actual Max Startup Time": 57.435, "Actual Min Total Time": 74.466, "Actual Max Total Time": 85.667, "Inner Unique": true, "Hash Cond": "(mc.company_type_id = ct.id), (LLVM Optimized)", "Plans": [{"Node Type": "Seq Scan", "Parent Relationship": "Outer", "Relation Name": "movie_companies", "Alias": "mc", "Startup Cost": 0.0, "Total Cost": 18021.26, "Plan Rows": 2609035, "Plan Width": 32, "Actual Min Startup Time": 0.038, "Actual Max Startup Time": 0.078, "Actual Min Total Time": 58.43, "Actual Max Total Time": 67.703, "Filter": "((note)::text !~~ '%(as Metro-Goldwyn-Mayer Pictures)%'::text), (LLVM Optimized)", "Rows Removed by Filter": 1272041, "Actual Rows": 1337087}, {"Node Type": "Hash", "Parent Relationship": "Inner", "Startup Cost": 15001.38, "Total Cost": 15001.38, "Plan Rows": 16, "Plan Width": 4, "Actual Min Startup Time": 0.016, "Actual Max Startup Time": 0.038, "Actual Min Total Time": 0.016, "Actual Max Total Time": 0.038, "Max Hash Buckets": 32768, "Min Hash Buckets": 32768, "Max Hash Batches": 1, "Min Hash Batches": 1, "Max Original Hash Batches": 1, "Min Original Hash Batches": 1, "Max Peak Memory Usage": 1, "min Peak Memory Usage": 1, "Plans": [{"Node Type": "Streaming(type: BROADCAST dop: 16/1)", "Parent Relationship": "Outer", "Startup Cost": 0.0, "Total Cost": 15001.38, "Plan Rows": 16, "Plan Width": 4, "Actual Min Startup Time": 0.005, "Actual Max Startup Time": 0.02, "Actual Min Total Time": 0.005, "Actual Max Total Time": 0.021, "Plans": [{"Node Type": "Seq Scan", "Parent Relationship": "Outer", "Relation Name": "company_type", "Alias": "ct", "Startup Cost": 0.0, "Total Cost": 1.04, "Plan Rows": 1, "Plan Width": 4, "Actual Min Startup Time": 0.025, "Actual Max Startup Time": 0.025, "Actual Min Total Time": 0.028, "Actual Max Total Time": 0.028, "Filter": "((kind)::text = 'production companies'::text)", "Rows Removed by Filter": 2, "Actual Rows": 1}], "Actual Rows": 16}], "Actual Rows": 16}], "Actual Rows": 140904}], "Actual Rows": 140904}], "Actual Rows": 3}], "Actual Rows": 16}], "Actual Rows": 16}], "Actual Rows": 1}, "Triggers": [], "Planner Runtime": 22.586, "Total Runtime": 315.381, "Unique SQL Id": 1162488282}}, "(16, '75')": {"explain_plan": {"Plan": {"Node Type": "Aggregate", "Strategy": "Plain", "Startup Cost": 4997227341960.98, "Total Cost": 4997227341960.99, "Plan Rows": 1, "Plan Width": 113, "Plans": [{"Node Type": "Hash Join", "Parent Relationship": "Outer", "Join Type": "Inner", "Startup Cost": 2030027765187.18, "Total Cost": 4997227338604.96, "Plan Rows": 447470, "Plan Width": 45, "Inner Unique": true, "Hash Cond": "(mc.company_type_id = ct.id), (LLVM Optimized)", "Plans": [{"Node Type": "Hash Join", "Parent Relationship": "Outer", "Join Type": "Inner", "Startup Cost": 1030027763956.92, "Total Cost": 3997227332905.19, "Plan Rows": 549199, "Plan Width": 49, "Inner Unique": true, "Hash Cond": "(mi_idx.info_type_id = it.id), (LLVM Optimized)", "Plans": [{"Node Type": "Merge Join", "Parent Relationship": "Outer", "Join Type": "Inner", "Startup Cost": 30027762535.91, "Total Cost": 2997227320486.44, "Plan Rows": 2196800, "Plan Width": 53, "Inner Unique": false, "Merge Cond": "(mi_idx.movie_id = t.id)", "Plans": [{"Node Type": "Index Scan", "Parent Relationship": "Outer", "Scan Direction": "Forward", "Index Name": "movie_id_movie_info_idx", "Relation Name": "movie_info_idx", "Alias": "mi_idx", "Startup Cost": 10000000000.0, "Total Cost": 1000004650035.37, "Plan Rows": 1380034, "Plan Width": 8}, {"Node Type": "Materialize", "Parent Relationship": "Inner", "Startup Cost": 20022023519.89, "Total Cost": 1999077622532.18, "Plan Rows": 1728348, "Plan Width": 57, "Plans": [{"Node Type": "Merge Join", "Parent Relationship": "Outer", "Join Type": "Inner", "Startup Cost": 20022023519.89, "Total Cost": 1999077618211.31, "Plan Rows": 1728348, "Plan Width": 57, "Inner Unique": false, "Merge Cond": "(t.id = mc.movie_id)", "Plans": [{"Node Type": "Index Scan", "Parent Relationship": "Outer", "Scan Direction": "Forward", "Index Name": "title_pkey", "Relation Name": "title", "Alias": "t", "Startup Cost": 10000000000.0, "Total Cost": 1000012276204.41, "Plan Rows": 719240, "Plan Width": 25, "Filter": "((production_year >= 2005) AND (production_year <= 2010)), (LLVM Optimized)"}, {"Node Type": "Index Scan", "Parent Relationship": "Inner", "Scan Direction": "Forward", "Index Name": "movie_id_movie_companies", "Relation Name": "movie_companies", "Alias": "mc", "Startup Cost": 10000000000.0, "Total Cost": 1000013704228.13, "Plan Rows": 2609035, "Plan Width": 32, "Filter": "((note)::text !~~ '%(as Metro-Goldwyn-Mayer Pictures)%'::text), (LLVM Optimized)"}]}]}]}, {"Node Type": "Hash", "Parent Relationship": "Inner", "Startup Cost": 1000000001421.0, "Total Cost": 1000000001421.0, "Plan Rows": 1, "Plan Width": 4, "Plans": [{"Node Type": "Index Scan", "Parent Relationship": "Outer", "Scan Direction": "Forward", "Index Name": "info_type_pkey", "Relation Name": "info_type", "Alias": "it", "Startup Cost": 10000000000.0, "Total Cost": 1000000001421.0, "Plan Rows": 1, "Plan Width": 4, "Filter": "((info)::text = 'bottom 10 rank'::text)"}]}]}, {"Node Type": "Hash", "Parent Relationship": "Inner", "Startup Cost": 1000000001230.25, "Total Cost": 1000000001230.25, "Plan Rows": 1, "Plan Width": 4, "Plans": [{"Node Type": "Index Scan", "Parent Relationship": "Outer", "Scan Direction": "Forward", "Index Name": "company_type_pkey", "Relation Name": "company_type", "Alias": "ct", "Startup Cost": 10000000000.0, "Total Cost": 1000000001230.25, "Plan Rows": 1, "Plan Width": 4, "Filter": "((kind)::text = 'production companies'::text)"}]}]}]}, "Unique SQL Id": 1162488282, "Planner Runtime": 15}, "explain_analyze_plan": null}, "(16, '76')": {"explain_plan": {"Plan": {"Node Type": "Aggregate", "Strategy": "Plain", "Startup Cost": 156456.49, "Total Cost": 156456.52, "Plan Rows": 1, "Plan Width": 113, "Plans": [{"Node Type": "Streaming(type: LOCAL GATHER dop: 1/16)", "Parent Relationship": "Outer", "Startup Cost": 156456.49, "Total Cost": 156456.52, "Plan Rows": 1, "Plan Width": 113, "Plans": [{"Node Type": "Aggregate", "Strategy": "Plain", "Parent Relationship": "Outer", "Startup Cost": 156456.49, "Total Cost": 156456.5, "Plan Rows": 1, "Plan Width": 113, "Plans": [{"Node Type": "Hash Join", "Parent Relationship": "Outer", "Join Type": "Inner", "Startup Cost": 70374.89, "Total Cost": 153100.47, "Plan Rows": 447470, "Plan Width": 45, "Inner Unique": false, "Hash Cond": "(t.id = mc.movie_id), (LLVM Optimized)", "Plans": [{"Node Type": "Streaming(type: BROADCAST dop: 16/16)", "Parent Relationship": "Outer", "Startup Cost": 35109.08, "Total Cost": 113469.42, "Plan Rows": 6342464, "Plan Width": 29, "Plans": [{"Node Type": "Hash Join", "Parent Relationship": "Outer", "Join Type": "Inner", "Startup Cost": 35109.08, "Total Cost": 82365.51, "Plan Rows": 396404, "Plan Width": 29, "Inner Unique": true, "Hash Cond": "(mi_idx.movie_id = t.id), (LLVM Optimized)", "Plans": [{"Node Type": "Streaming(type: BROADCAST dop: 16/16)", "Parent Relationship": "Outer", "Startup Cost": 15002.76, "Total Cost": 60717.65, "Plan Rows": 5520128, "Plan Width": 4, "Plans": [{"Node Type": "Hash Join", "Parent Relationship": "Outer", "Join Type": "Inner", "Startup Cost": 15002.76, "Total Cost": 31701.7, "Plan Rows": 345008, "Plan Width": 4, "Inner Unique": true, "Hash Cond": "(mi_idx.info_type_id = it.id), (LLVM Optimized)", "Plans": [{"Node Type": "Seq Scan", "Parent Relationship": "Outer", "Relation Name": "movie_info_idx", "Alias": "mi_idx", "Startup Cost": 0.0, "Total Cost": 16267.15, "Plan Rows": 1380034, "Plan Width": 8}, {"Node Type": "Hash", "Parent Relationship": "Inner", "Startup Cost": 15002.75, "Total Cost": 15002.75, "Plan Rows": 16, "Plan Width": 4, "Plans": [{"Node Type": "Streaming(type: BROADCAST dop: 16/1)", "Parent Relationship": "Outer", "Startup Cost": 0.0, "Total Cost": 15002.75, "Plan Rows": 16, "Plan Width": 4, "Plans": [{"Node Type": "Seq Scan", "Parent Relationship": "Outer", "Relation Name": "info_type", "Alias": "it", "Startup Cost": 0.0, "Total Cost": 2.4, "Plan Rows": 1, "Plan Width": 4, "Filter": "((info)::text = 'bottom 10 rank'::text)"}]}]}]}]}, {"Node Type": "Hash", "Parent Relationship": "Inner", "Startup Cost": 19544.42, "Total Cost": 19544.42, "Plan Rows": 719240, "Plan Width": 25, "Plans": [{"Node Type": "Seq Scan", "Parent Relationship": "Outer", "Relation Name": "title", "Alias": "t", "Startup Cost": 554.15, "Total Cost": 19544.42, "Plan Rows": 719240, "Plan Width": 25, "Filter": "((production_year >= 2005) AND (production_year <= 2010)), (LLVM Optimized)"}]}]}]}, {"Node Type": "Hash", "Parent Relationship": "Inner", "Startup Cost": 34246.65, "Total Cost": 34246.65, "Plan Rows": 1304518, "Plan Width": 28, "Plans": [{"Node Type": "Hash Join", "Parent Relationship": "Outer", "Join Type": "Inner", "Startup Cost": 15001.4, "Total Cost": 34246.65, "Plan Rows": 1304518, "Plan Width": 28, "Inner Unique": true, "Hash Cond": "(mc.company_type_id = ct.id), (LLVM Optimized)", "Plans": [{"Node Type": "Seq Scan", "Parent Relationship": "Outer", "Relation Name": "movie_companies", "Alias": "mc", "Startup Cost": 0.0, "Total Cost": 18021.26, "Plan Rows": 2609035, "Plan Width": 32, "Filter": "((note)::text !~~ '%(as Metro-Goldwyn-Mayer Pictures)%'::text), (LLVM Optimized)"}, {"Node Type": "Hash", "Parent Relationship": "Inner", "Startup Cost": 15001.38, "Total Cost": 15001.38, "Plan Rows": 16, "Plan Width": 4, "Plans": [{"Node Type": "Streaming(type: BROADCAST dop: 16/1)", "Parent Relationship": "Outer", "Startup Cost": 0.0, "Total Cost": 15001.38, "Plan Rows": 16, "Plan Width": 4, "Plans": [{"Node Type": "Seq Scan", "Parent Relationship": "Outer", "Relation Name": "company_type", "Alias": "ct", "Startup Cost": 0.0, "Total Cost": 1.04, "Plan Rows": 1, "Plan Width": 4, "Filter": "((kind)::text = 'production companies'::text)"}]}]}]}]}]}]}]}]}, "Unique SQL Id": 1162488282, "Planner Runtime": 23}, "explain_analyze_plan": {"Plan": {"Node Type": "Aggregate", "Strategy": "Plain", "Startup Cost": 156456.49, "Total Cost": 156456.52, "Plan Rows": 1, "Plan Width": 113, "Actual Min Startup Time": 291.737, "Actual Max Startup Time": 291.737, "Actual Min Total Time": 291.737, "Actual Max Total Time": 291.737, "Plans": [{"Node Type": "Streaming(type: LOCAL GATHER dop: 1/16)", "Parent Relationship": "Outer", "Startup Cost": 156456.49, "Total Cost": 156456.52, "Plan Rows": 1, "Plan Width": 113, "Actual Min Startup Time": 288.745, "Actual Max Startup Time": 288.745, "Actual Min Total Time": 291.714, "Actual Max Total Time": 291.714, "Plans": [{"Node Type": "Aggregate", "Strategy": "Plain", "Parent Relationship": "Outer", "Startup Cost": 156456.49, "Total Cost": 156456.5, "Plan Rows": 1, "Plan Width": 113, "Actual Min Startup Time": 87.212, "Actual Max Startup Time": 173.643, "Actual Min Total Time": 87.212, "Actual Max Total Time": 173.643, "Plans": [{"Node Type": "Hash Join", "Parent Relationship": "Outer", "Join Type": "Inner", "Startup Cost": 70374.89, "Total Cost": 153100.47, "Plan Rows": 447470, "Plan Width": 45, "Actual Min Startup Time": 87.206, "Actual Max Startup Time": 173.637, "Actual Min Total Time": 87.206, "Actual Max Total Time": 173.637, "Inner Unique": false, "Hash Cond": "(t.id = mc.movie_id), (LLVM Optimized)", "Plans": [{"Node Type": "Streaming(type: BROADCAST dop: 16/16)", "Parent Relationship": "Outer", "Startup Cost": 35109.08, "Total Cost": 113469.42, "Plan Rows": 6342464, "Plan Width": 29, "Actual Min Startup Time": 0.041, "Actual Max Startup Time": 32.958, "Actual Min Total Time": 0.045, "Actual Max Total Time": 89.021, "Plans": [{"Node Type": "Hash Join", "Parent Relationship": "Outer", "Join Type": "Inner", "Startup Cost": 35109.08, "Total Cost": 82365.51, "Plan Rows": 396404, "Plan Width": 29, "Actual Min Startup Time": 81.077, "Actual Max Startup Time": 116.668, "Actual Min Total Time": 82.306, "Actual Max Total Time": 116.668, "Inner Unique": true, "Hash Cond": "(mi_idx.movie_id = t.id), (LLVM Optimized)", "Plans": [{"Node Type": "Streaming(type: BROADCAST dop: 16/16)", "Parent Relationship": "Outer", "Startup Cost": 15002.76, "Total Cost": 60717.65, "Plan Rows": 5520128, "Plan Width": 4, "Actual Min Startup Time": 0.033, "Actual Max Startup Time": 0.065, "Actual Min Total Time": 0.037, "Actual Max Total Time": 35.246, "Plans": [{"Node Type": "Hash Join", "Parent Relationship": "Outer", "Join Type": "Inner", "Startup Cost": 15002.76, "Total Cost": 31701.7, "Plan Rows": 345008, "Plan Width": 4, "Actual Min Startup Time": 33.102, "Actual Max Startup Time": 40.897, "Actual Min Total Time": 33.102, "Actual Max Total Time": 40.903, "Inner Unique": true, "Hash Cond": "(mi_idx.info_type_id = it.id), (LLVM Optimized)", "Plans": [{"Node Type": "Seq Scan", "Parent Relationship": "Outer", "Relation Name": "movie_info_idx", "Alias": "mi_idx", "Startup Cost": 0.0, "Total Cost": 16267.15, "Plan Rows": 1380034, "Plan Width": 8, "Actual Min Startup Time": 0.035, "Actual Max Startup Time": 0.075, "Actual Min Total Time": 18.863, "Actual Max Total Time": 23.828, "Actual Rows": 1380034}, {"Node Type": "Hash", "Parent Relationship": "Inner", "Startup Cost": 15002.75, "Total Cost": 15002.75, "Plan Rows": 16, "Plan Width": 4, "Actual Min Startup Time": 0.016, "Actual Max Startup Time": 0.026, "Actual Min Total Time": 0.016, "Actual Max Total Time": 0.026, "Max Hash Buckets": 32768, "Min Hash Buckets": 32768, "Max Hash Batches": 1, "Min Hash Batches": 1, "Max Original Hash Batches": 1, "Min Original Hash Batches": 1, "Max Peak Memory Usage": 1, "min Peak Memory Usage": 1, "Plans": [{"Node Type": "Streaming(type: BROADCAST dop: 16/1)", "Parent Relationship": "Outer", "Startup Cost": 0.0, "Total Cost": 15002.75, "Plan Rows": 16, "Plan Width": 4, "Actual Min Startup Time": 0.004, "Actual Max Startup Time": 0.009, "Actual Min Total Time": 0.004, "Actual Max Total Time": 0.01, "Plans": [{"Node Type": "Seq Scan", "Parent Relationship": "Outer", "Relation Name": "info_type", "Alias": "it", "Startup Cost": 0.0, "Total Cost": 2.4, "Plan Rows": 1, "Plan Width": 4, "Actual Min Startup Time": 0.058, "Actual Max Startup Time": 0.058, "Actual Min Total Time": 0.06, "Actual Max Total Time": 0.06, "Filter": "((info)::text = 'bottom 10 rank'::text)", "Rows Removed by Filter": 111, "Actual Rows": 1}], "Actual Rows": 16}], "Actual Rows": 16}], "Actual Rows": 10}], "Actual Rows": 160}, {"Node Type": "Hash", "Parent Relationship": "Inner", "Startup Cost": 19544.42, "Total Cost": 19544.42, "Plan Rows": 719240, "Plan Width": 25, "Actual Min Startup Time": 77.538, "Actual Max Startup Time": 90.505, "Actual Min Total Time": 77.538, "Actual Max Total Time": 90.505, "Max Hash Buckets": 65536, "Min Hash Buckets": 65536, "Max Hash Batches": 1, "Min Hash Batches": 1, "Max Original Hash Batches": 1, "Min Original Hash Batches": 1, "Max Peak Memory Usage": 2621, "min Peak Memory Usage": 2621, "Plans": [{"Node Type": "Seq Scan", "Parent Relationship": "Outer", "Relation Name": "title", "Alias": "t", "Startup Cost": 554.15, "Total Cost": 19544.42, "Plan Rows": 719240, "Plan Width": 25, "Actual Min Startup Time": 0.027, "Actual Max Startup Time": 0.048, "Actual Min Total Time": 63.976, "Actual Max Total Time": 73.192, "Filter": "((production_year >= 2005) AND (production_year <= 2010)), (LLVM Optimized)", "Rows Removed by Filter": 1812052, "Actual Rows": 716259}], "Actual Rows": 716259}], "Actual Rows": 4}], "Actual Rows": 64}, {"Node Type": "Hash", "Parent Relationship": "Inner", "Startup Cost": 34246.65, "Total Cost": 34246.65, "Plan Rows": 1304518, "Plan Width": 28, "Actual Min Startup Time": 77.142, "Actual Max Startup Time": 90.181, "Actual Min Total Time": 77.142, "Actual Max Total Time": 90.181, "Max Hash Buckets": 131072, "Min Hash Buckets": 131072, "Max Hash Batches": 1, "Min Hash Batches": 1, "Max Original Hash Batches": 1, "Min Original Hash Batches": 1, "Max Peak Memory Usage": 488, "min Peak Memory Usage": 488, "Plans": [{"Node Type": "Hash Join", "Parent Relationship": "Outer", "Join Type": "Inner", "Startup Cost": 15001.4, "Total Cost": 34246.65, "Plan Rows": 1304518, "Plan Width": 28, "Actual Min Startup Time": 49.679, "Actual Max Startup Time": 57.435, "Actual Min Total Time": 74.466, "Actual Max Total Time": 85.667, "Inner Unique": true, "Hash Cond": "(mc.company_type_id = ct.id), (LLVM Optimized)", "Plans": [{"Node Type": "Seq Scan", "Parent Relationship": "Outer", "Relation Name": "movie_companies", "Alias": "mc", "Startup Cost": 0.0, "Total Cost": 18021.26, "Plan Rows": 2609035, "Plan Width": 32, "Actual Min Startup Time": 0.038, "Actual Max Startup Time": 0.078, "Actual Min Total Time": 58.43, "Actual Max Total Time": 67.703, "Filter": "((note)::text !~~ '%(as Metro-Goldwyn-Mayer Pictures)%'::text), (LLVM Optimized)", "Rows Removed by Filter": 1272041, "Actual Rows": 1337087}, {"Node Type": "Hash", "Parent Relationship": "Inner", "Startup Cost": 15001.38, "Total Cost": 15001.38, "Plan Rows": 16, "Plan Width": 4, "Actual Min Startup Time": 0.016, "Actual Max Startup Time": 0.038, "Actual Min Total Time": 0.016, "Actual Max Total Time": 0.038, "Max Hash Buckets": 32768, "Min Hash Buckets": 32768, "Max Hash Batches": 1, "Min Hash Batches": 1, "Max Original Hash Batches": 1, "Min Original Hash Batches": 1, "Max Peak Memory Usage": 1, "min Peak Memory Usage": 1, "Plans": [{"Node Type": "Streaming(type: BROADCAST dop: 16/1)", "Parent Relationship": "Outer", "Startup Cost": 0.0, "Total Cost": 15001.38, "Plan Rows": 16, "Plan Width": 4, "Actual Min Startup Time": 0.005, "Actual Max Startup Time": 0.02, "Actual Min Total Time": 0.005, "Actual Max Total Time": 0.021, "Plans": [{"Node Type": "Seq Scan", "Parent Relationship": "Outer", "Relation Name": "company_type", "Alias": "ct", "Startup Cost": 0.0, "Total Cost": 1.04, "Plan Rows": 1, "Plan Width": 4, "Actual Min Startup Time": 0.025, "Actual Max Startup Time": 0.025, "Actual Min Total Time": 0.028, "Actual Max Total Time": 0.028, "Filter": "((kind)::text = 'production companies'::text)", "Rows Removed by Filter": 2, "Actual Rows": 1}], "Actual Rows": 16}], "Actual Rows": 16}], "Actual Rows": 140904}], "Actual Rows": 140904}], "Actual Rows": 3}], "Actual Rows": 16}], "Actual Rows": 16}], "Actual Rows": 1}, "Triggers": [], "Planner Runtime": 22.586, "Total Runtime": 315.381, "Unique SQL Id": 1162488282}}, "(16, '77')": {"explain_plan": {"Plan": {"Node Type": "Aggregate", "Strategy": "Plain", "Startup Cost": 250800.12, "Total Cost": 250800.14, "Plan Rows": 1, "Plan Width": 113, "Plans": [{"Node Type": "Streaming(type: LOCAL GATHER dop: 1/16)", "Parent Relationship": "Outer", "Startup Cost": 250800.12, "Total Cost": 250800.14, "Plan Rows": 1, "Plan Width": 113, "Plans": [{"Node Type": "Aggregate", "Strategy": "Plain", "Parent Relationship": "Outer", "Startup Cost": 250800.12, "Total Cost": 250800.13, "Plan Rows": 1, "Plan Width": 113, "Plans": [{"Node Type": "Hash Join", "Parent Relationship": "Outer", "Join Type": "Inner", "Startup Cost": 171025.57, "Total Cost": 247444.09, "Plan Rows": 447470, "Plan Width": 45, "Inner Unique": true, "Hash Cond": "(mc.company_type_id = ct.id), (LLVM Optimized)", "Plans": [{"Node Type": "Hash Join", "Parent Relationship": "Outer", "Join Type": "Inner", "Startup Cost": 156012.91, "Total Cost": 232152.09, "Plan Rows": 549199, "Plan Width": 49, "Inner Unique": false, "Hash Cond": "(t.id = mc.movie_id), (LLVM Optimized)", "Plans": [{"Node Type": "Streaming(type: LOCAL REDISTRIBUTE dop: 16/1)", "Parent Relationship": "Outer", "Startup Cost": 126720.83, "Total Cost": 201800.13, "Plan Rows": 396404, "Plan Width": 29, "Plans": [{"Node Type": "Hash Join", "Parent Relationship": "Outer", "Join Type": "Inner", "Startup Cost": 126720.83, "Total Cost": 170316.85, "Plan Rows": 396404, "Plan Width": 29, "Inner Unique": true, "Hash Cond": "(mi_idx.movie_id = t.id), (LLVM Optimized)", "Plans": [{"Node Type": "Nested Loop", "Parent Relationship": "Outer", "Join Type": "Inner", "Startup Cost": 0.0, "Total Cost": 38338.2, "Plan Rows": 345008, "Plan Width": 4, "Inner Unique": false, "Plans": [{"Node Type": "Index Scan", "Parent Relationship": "Outer", "Scan Direction": "Forward", "Index Name": "info_type_pkey", "Relation Name": "info_type", "Alias": "it", "Startup Cost": 0.0, "Total Cost": 14.21, "Plan Rows": 1, "Plan Width": 4, "Filter": "((info)::text = 'bottom 10 rank'::text)"}, {"Node Type": "Index Scan", "Parent Relationship": "Inner", "Scan Direction": "Forward", "Index Name": "info_type_id_movie_info_idx", "Relation Name": "movie_info_idx", "Alias": "mi_idx", "Startup Cost": 0.0, "Total Cost": 34873.91, "Plan Rows": 345008, "Plan Width": 8, "Index Cond": "(info_type_id = it.id), (LLVM Optimized)"}]}, {"Node Type": "Hash", "Parent Relationship": "Inner", "Startup Cost": 117730.33, "Total Cost": 117730.33, "Plan Rows": 719240, "Plan Width": 25, "Plans": [{"Node Type": "Streaming(type: LOCAL GATHER dop: 1/16)", "Parent Relationship": "Outer", "Startup Cost": 0.0, "Total Cost": 117730.33, "Plan Rows": 719240, "Plan Width": 25, "Plans": [{"Node Type": "Index Scan", "Parent Relationship": "Outer", "Scan Direction": "Forward", "Index Name": "title_pkey", "Relation Name": "title", "Alias": "t", "Startup Cost": 0.0, "Total Cost": 102207.67, "Plan Rows": 719240, "Plan Width": 25, "Filter": "((production_year >= 2005) AND (production_year <= 2010)), (LLVM Optimized)"}]}]}]}]}, {"Node Type": "Hash", "Parent Relationship": "Inner", "Startup Cost": 109015.07, "Total Cost": 109015.07, "Plan Rows": 2609035, "Plan Width": 32, "Plans": [{"Node Type": "Streaming(type: LOCAL REDISTRIBUTE dop: 16/16)", "Parent Relationship": "Outer", "Startup Cost": 0.0, "Total Cost": 109015.07, "Plan Rows": 2609035, "Plan Width": 32, "Plans": [{"Node Type": "Index Scan", "Parent Relationship": "Outer", "Scan Direction": "Forward", "Index Name": "company_type_id_movie_companies", "Relation Name": "movie_companies", "Alias": "mc", "Startup Cost": 0.0, "Total Cost": 84129.27, "Plan Rows": 2609035, "Plan Width": 32, "Filter": "((note)::text !~~ '%(as Metro-Goldwyn-Mayer Pictures)%'::text), (LLVM Optimized)"}]}]}]}, {"Node Type": "Hash", "Parent Relationship": "Inner", "Startup Cost": 15012.65, "Total Cost": 15012.65, "Plan Rows": 16, "Plan Width": 4, "Plans": [{"Node Type": "Streaming(type: BROADCAST dop: 16/1)", "Parent Relationship": "Outer", "Startup Cost": 0.0, "Total Cost": 15012.65, "Plan Rows": 16, "Plan Width": 4, "Plans": [{"Node Type": "Index Scan", "Parent Relationship": "Outer", "Scan Direction": "Forward", "Index Name": "company_type_pkey", "Relation Name": "company_type", "Alias": "ct", "Startup Cost": 0.0, "Total Cost": 12.3, "Plan Rows": 1, "Plan Width": 4, "Filter": "((kind)::text = 'production companies'::text)"}]}]}]}]}]}]}, "Unique SQL Id": 1162488282, "Planner Runtime": 18}, "explain_analyze_plan": {"Plan": {"Node Type": "Aggregate", "Strategy": "Plain", "Startup Cost": 250800.12, "Total Cost": 250800.14, "Plan Rows": 1, "Plan Width": 113, "Actual Min Startup Time": 838.089, "Actual Max Startup Time": 838.089, "Actual Min Total Time": 838.089, "Actual Max Total Time": 838.089, "Plans": [{"Node Type": "Streaming(type: LOCAL GATHER dop: 1/16)", "Parent Relationship": "Outer", "Startup Cost": 250800.12, "Total Cost": 250800.14, "Plan Rows": 1, "Plan Width": 113, "Actual Min Startup Time": 837.918, "Actual Max Startup Time": 837.918, "Actual Min Total Time": 838.073, "Actual Max Total Time": 838.073, "Plans": [{"Node Type": "Aggregate", "Strategy": "Plain", "Parent Relationship": "Outer", "Startup Cost": 250800.12, "Total Cost": 250800.13, "Plan Rows": 1, "Plan Width": 113, "Actual Min Startup Time": 673.082, "Actual Max Startup Time": 706.13, "Actual Min Total Time": 673.082, "Actual Max Total Time": 706.13, "Plans": [{"Node Type": "Hash Join", "Parent Relationship": "Outer", "Join Type": "Inner", "Startup Cost": 171025.57, "Total Cost": 247444.09, "Plan Rows": 447470, "Plan Width": 45, "Actual Min Startup Time": 673.077, "Actual Max Startup Time": 706.123, "Actual Min Total Time": 673.077, "Actual Max Total Time": 706.123, "Inner Unique": true, "Hash Cond": "(mc.company_type_id = ct.id), (LLVM Optimized, Jit Execute)", "Plans": [{"Node Type": "Hash Join", "Parent Relationship": "Outer", "Join Type": "Inner", "Startup Cost": 156012.91, "Total Cost": 232152.09, "Plan Rows": 549199, "Plan Width": 49, "Actual Min Startup Time": 672.437, "Actual Max Startup Time": 705.46, "Actual Min Total Time": 672.437, "Actual Max Total Time": 705.46, "Inner Unique": false, "Hash Cond": "(t.id = mc.movie_id), (LLVM Optimized, Jit Execute)", "Plans": [{"Node Type": "Streaming(type: LOCAL REDISTRIBUTE dop: 16/1)", "Parent Relationship": "Outer", "Startup Cost": 126720.83, "Total Cost": 201800.13, "Plan Rows": 396404, "Plan Width": 29, "Actual Min Startup Time": 368.837, "Actual Max Startup Time": 368.893, "Actual Min Total Time": 368.837, "Actual Max Total Time": 368.894, "Plans": [{"Node Type": "Hash Join", "Parent Relationship": "Outer", "Join Type": "Inner", "Startup Cost": 126720.83, "Total Cost": 170316.85, "Plan Rows": 396404, "Plan Width": 29, "Actual Min Startup Time": 670.503, "Actual Max Startup Time": 670.503, "Actual Min Total Time": 670.511, "Actual Max Total Time": 670.511, "Inner Unique": true, "Hash Cond": "(mi_idx.movie_id = t.id), (LLVM Optimized, Jit Execute)", "Plans": [{"Node Type": "Nested Loop", "Parent Relationship": "Outer", "Join Type": "Inner", "Startup Cost": 0.0, "Total Cost": 38338.2, "Plan Rows": 345008, "Plan Width": 4, "Actual Min Startup Time": 0.162, "Actual Max Startup Time": 0.162, "Actual Min Total Time": 0.171, "Actual Max Total Time": 0.171, "Inner Unique": false, "Plans": [{"Node Type": "Index Scan", "Parent Relationship": "Outer", "Scan Direction": "Forward", "Index Name": "info_type_pkey", "Relation Name": "info_type", "Alias": "it", "Startup Cost": 0.0, "Total Cost": 14.21, "Plan Rows": 1, "Plan Width": 4, "Actual Min Startup Time": 0.123, "Actual Max Startup Time": 0.123, "Actual Min Total Time": 0.124, "Actual Max Total Time": 0.124, "Filter": "((info)::text = 'bottom 10 rank'::text)", "Rows Removed by Filter": 111, "Actual Rows": 1}, {"Node Type": "Index Scan", "Parent Relationship": "Inner", "Scan Direction": "Forward", "Index Name": "info_type_id_movie_info_idx", "Relation Name": "movie_info_idx", "Alias": "mi_idx", "Startup Cost": 0.0, "Total Cost": 34873.91, "Plan Rows": 345008, "Plan Width": 8, "Actual Min Startup Time": 0.029, "Actual Max Startup Time": 0.029, "Actual Min Total Time": 0.034, "Actual Max Total Time": 0.034, "Index Cond": "(info_type_id = it.id), (LLVM Optimized, Jit Execute)", "Rows Removed by Index Recheck": 0, "Actual Rows": 10}], "Actual Rows": 10}, {"Node Type": "Hash", "Parent Relationship": "Inner", "Startup Cost": 117730.33, "Total Cost": 117730.33, "Plan Rows": 719240, "Plan Width": 25, "Actual Min Startup Time": 669.067, "Actual Max Startup Time": 669.067, "Actual Min Total Time": 669.067, "Actual Max Total Time": 669.067, "Max Hash Buckets": 1048576, "Min Hash Buckets": 1048576, "Max Hash Batches": 1, "Min Hash Batches": 1, "Max Original Hash Batches": 1, "Min Original Hash Batches": 1, "Max Peak Memory Usage": 41052, "min Peak Memory Usage": 41052, "Plans": [{"Node Type": "Streaming(type: LOCAL GATHER dop: 1/16)", "Parent Relationship": "Outer", "Startup Cost": 0.0, "Total Cost": 117730.33, "Plan Rows": 719240, "Plan Width": 25, "Actual Min Startup Time": 0.121, "Actual Max Startup Time": 0.121, "Actual Min Total Time": 467.948, "Actual Max Total Time": 467.948, "Plans": [{"Node Type": "Index Scan", "Parent Relationship": "Outer", "Scan Direction": "Forward", "Index Name": "title_pkey", "Relation Name": "title", "Alias": "t", "Startup Cost": 0.0, "Total Cost": 102207.67, "Plan Rows": 719240, "Plan Width": 25, "Actual Min Startup Time": 0.038, "Actual Max Startup Time": 57.842, "Actual Min Total Time": 231.238, "Actual Max Total Time": 314.201, "Filter": "((production_year >= 2005) AND (production_year <= 2010)), (LLVM Optimized, Jit Execute)", "Rows Removed by Filter": 1812052, "Actual Rows": 716259}], "Actual Rows": 716259}], "Actual Rows": 716259}], "Actual Rows": 4}], "Actual Rows": 4}, {"Node Type": "Hash", "Parent Relationship": "Inner", "Startup Cost": 109015.07, "Total Cost": 109015.07, "Plan Rows": 2609035, "Plan Width": 32, "Actual Min Startup Time": 303.368, "Actual Max Startup Time": 336.411, "Actual Min Total Time": 303.368, "Actual Max Total Time": 336.411, "Max Hash Buckets": 262144, "Min Hash Buckets": 262144, "Max Hash Batches": 1, "Min Hash Batches": 1, "Max Original Hash Batches": 1, "Min Original Hash Batches": 1, "Max Peak Memory Usage": 5435, "min Peak Memory Usage": 5435, "Plans": [{"Node Type": "Streaming(type: LOCAL REDISTRIBUTE dop: 16/16)", "Parent Relationship": "Outer", "Startup Cost": 0.0, "Total Cost": 109015.07, "Plan Rows": 2609035, "Plan Width": 32, "Actual Min Startup Time": 14.747, "Actual Max Startup Time": 48.168, "Actual Min Total Time": 279.186, "Actual Max Total Time": 312.264, "Plans": [{"Node Type": "Index Scan", "Parent Relationship": "Outer", "Scan Direction": "Forward", "Index Name": "company_type_id_movie_companies", "Relation Name": "movie_companies", "Alias": "mc", "Startup Cost": 0.0, "Total Cost": 84129.27, "Plan Rows": 2609035, "Plan Width": 32, "Actual Min Startup Time": 15.167, "Actual Max Startup Time": 118.139, "Actual Min Total Time": 93.097, "Actual Max Total Time": 262.114, "Filter": "((note)::text !~~ '%(as Metro-Goldwyn-Mayer Pictures)%'::text), (LLVM Optimized, Jit Execute)", "Rows Removed by Filter": 1272041, "Actual Rows": 1337087}], "Actual Rows": 1337087}], "Actual Rows": 1337087}], "Actual Rows": 66}, {"Node Type": "Hash", "Parent Relationship": "Inner", "Startup Cost": 15012.65, "Total Cost": 15012.65, "Plan Rows": 16, "Plan Width": 4, "Actual Min Startup Time": 0.007, "Actual Max Startup Time": 0.024, "Actual Min Total Time": 0.007, "Actual Max Total Time": 0.024, "Max Hash Buckets": 32768, "Min Hash Buckets": 32768, "Max Hash Batches": 1, "Min Hash Batches": 1, "Max Original Hash Batches": 1, "Min Original Hash Batches": 1, "Max Peak Memory Usage": 1, "min Peak Memory Usage": 1, "Plans": [{"Node Type": "Streaming(type: BROADCAST dop: 16/1)", "Parent Relationship": "Outer", "Startup Cost": 0.0, "Total Cost": 15012.65, "Plan Rows": 16, "Plan Width": 4, "Actual Min Startup Time": 0.003, "Actual Max Startup Time": 0.009, "Actual Min Total Time": 0.003, "Actual Max Total Time": 0.01, "Plans": [{"Node Type": "Index Scan", "Parent Relationship": "Outer", "Scan Direction": "Forward", "Index Name": "company_type_pkey", "Relation Name": "company_type", "Alias": "ct", "Startup Cost": 0.0, "Total Cost": 12.3, "Plan Rows": 1, "Plan Width": 4, "Actual Min Startup Time": 0.048, "Actual Max Startup Time": 0.048, "Actual Min Total Time": 0.052, "Actual Max Total Time": 0.052, "Filter": "((kind)::text = 'production companies'::text)", "Rows Removed by Filter": 2, "Actual Rows": 1}], "Actual Rows": 16}], "Actual Rows": 16}], "Actual Rows": 3}], "Actual Rows": 16}], "Actual Rows": 16}], "Actual Rows": 1}, "Triggers": [], "Planner Runtime": 18.905, "Total Runtime": 857.762, "Unique SQL Id": 1162488282}}, "(16, '78')": {"explain_plan": {"Plan": {"Node Type": "Aggregate", "Strategy": "Plain", "Startup Cost": 156456.49, "Total Cost": 156456.52, "Plan Rows": 1, "Plan Width": 113, "Plans": [{"Node Type": "Streaming(type: LOCAL GATHER dop: 1/16)", "Parent Relationship": "Outer", "Startup Cost": 156456.49, "Total Cost": 156456.52, "Plan Rows": 1, "Plan Width": 113, "Plans": [{"Node Type": "Aggregate", "Strategy": "Plain", "Parent Relationship": "Outer", "Startup Cost": 156456.49, "Total Cost": 156456.5, "Plan Rows": 1, "Plan Width": 113, "Plans": [{"Node Type": "Hash Join", "Parent Relationship": "Outer", "Join Type": "Inner", "Startup Cost": 70374.89, "Total Cost": 153100.47, "Plan Rows": 447470, "Plan Width": 45, "Inner Unique": false, "Hash Cond": "(t.id = mc.movie_id), (LLVM Optimized)", "Plans": [{"Node Type": "Streaming(type: BROADCAST dop: 16/16)", "Parent Relationship": "Outer", "Startup Cost": 35109.08, "Total Cost": 113469.42, "Plan Rows": 6342464, "Plan Width": 29, "Plans": [{"Node Type": "Hash Join", "Parent Relationship": "Outer", "Join Type": "Inner", "Startup Cost": 35109.08, "Total Cost": 82365.51, "Plan Rows": 396404, "Plan Width": 29, "Inner Unique": true, "Hash Cond": "(mi_idx.movie_id = t.id), (LLVM Optimized)", "Plans": [{"Node Type": "Streaming(type: BROADCAST dop: 16/16)", "Parent Relationship": "Outer", "Startup Cost": 15002.76, "Total Cost": 60717.65, "Plan Rows": 5520128, "Plan Width": 4, "Plans": [{"Node Type": "Hash Join", "Parent Relationship": "Outer", "Join Type": "Inner", "Startup Cost": 15002.76, "Total Cost": 31701.7, "Plan Rows": 345008, "Plan Width": 4, "Inner Unique": true, "Hash Cond": "(mi_idx.info_type_id = it.id), (LLVM Optimized)", "Plans": [{"Node Type": "Seq Scan", "Parent Relationship": "Outer", "Relation Name": "movie_info_idx", "Alias": "mi_idx", "Startup Cost": 0.0, "Total Cost": 16267.15, "Plan Rows": 1380034, "Plan Width": 8}, {"Node Type": "Hash", "Parent Relationship": "Inner", "Startup Cost": 15002.75, "Total Cost": 15002.75, "Plan Rows": 16, "Plan Width": 4, "Plans": [{"Node Type": "Streaming(type: BROADCAST dop: 16/1)", "Parent Relationship": "Outer", "Startup Cost": 0.0, "Total Cost": 15002.75, "Plan Rows": 16, "Plan Width": 4, "Plans": [{"Node Type": "Seq Scan", "Parent Relationship": "Outer", "Relation Name": "info_type", "Alias": "it", "Startup Cost": 0.0, "Total Cost": 2.4, "Plan Rows": 1, "Plan Width": 4, "Filter": "((info)::text = 'bottom 10 rank'::text)"}]}]}]}]}, {"Node Type": "Hash", "Parent Relationship": "Inner", "Startup Cost": 19544.42, "Total Cost": 19544.42, "Plan Rows": 719240, "Plan Width": 25, "Plans": [{"Node Type": "Seq Scan", "Parent Relationship": "Outer", "Relation Name": "title", "Alias": "t", "Startup Cost": 554.15, "Total Cost": 19544.42, "Plan Rows": 719240, "Plan Width": 25, "Filter": "((production_year >= 2005) AND (production_year <= 2010)), (LLVM Optimized)"}]}]}]}, {"Node Type": "Hash", "Parent Relationship": "Inner", "Startup Cost": 34246.65, "Total Cost": 34246.65, "Plan Rows": 1304518, "Plan Width": 28, "Plans": [{"Node Type": "Hash Join", "Parent Relationship": "Outer", "Join Type": "Inner", "Startup Cost": 15001.4, "Total Cost": 34246.65, "Plan Rows": 1304518, "Plan Width": 28, "Inner Unique": true, "Hash Cond": "(mc.company_type_id = ct.id), (LLVM Optimized)", "Plans": [{"Node Type": "Seq Scan", "Parent Relationship": "Outer", "Relation Name": "movie_companies", "Alias": "mc", "Startup Cost": 0.0, "Total Cost": 18021.26, "Plan Rows": 2609035, "Plan Width": 32, "Filter": "((note)::text !~~ '%(as Metro-Goldwyn-Mayer Pictures)%'::text), (LLVM Optimized)"}, {"Node Type": "Hash", "Parent Relationship": "Inner", "Startup Cost": 15001.38, "Total Cost": 15001.38, "Plan Rows": 16, "Plan Width": 4, "Plans": [{"Node Type": "Streaming(type: BROADCAST dop: 16/1)", "Parent Relationship": "Outer", "Startup Cost": 0.0, "Total Cost": 15001.38, "Plan Rows": 16, "Plan Width": 4, "Plans": [{"Node Type": "Seq Scan", "Parent Relationship": "Outer", "Relation Name": "company_type", "Alias": "ct", "Startup Cost": 0.0, "Total Cost": 1.04, "Plan Rows": 1, "Plan Width": 4, "Filter": "((kind)::text = 'production companies'::text)"}]}]}]}]}]}]}]}]}, "Unique SQL Id": 1162488282, "Planner Runtime": 26}, "explain_analyze_plan": {"Plan": {"Node Type": "Aggregate", "Strategy": "Plain", "Startup Cost": 156456.49, "Total Cost": 156456.52, "Plan Rows": 1, "Plan Width": 113, "Actual Min Startup Time": 291.737, "Actual Max Startup Time": 291.737, "Actual Min Total Time": 291.737, "Actual Max Total Time": 291.737, "Plans": [{"Node Type": "Streaming(type: LOCAL GATHER dop: 1/16)", "Parent Relationship": "Outer", "Startup Cost": 156456.49, "Total Cost": 156456.52, "Plan Rows": 1, "Plan Width": 113, "Actual Min Startup Time": 288.745, "Actual Max Startup Time": 288.745, "Actual Min Total Time": 291.714, "Actual Max Total Time": 291.714, "Plans": [{"Node Type": "Aggregate", "Strategy": "Plain", "Parent Relationship": "Outer", "Startup Cost": 156456.49, "Total Cost": 156456.5, "Plan Rows": 1, "Plan Width": 113, "Actual Min Startup Time": 87.212, "Actual Max Startup Time": 173.643, "Actual Min Total Time": 87.212, "Actual Max Total Time": 173.643, "Plans": [{"Node Type": "Hash Join", "Parent Relationship": "Outer", "Join Type": "Inner", "Startup Cost": 70374.89, "Total Cost": 153100.47, "Plan Rows": 447470, "Plan Width": 45, "Actual Min Startup Time": 87.206, "Actual Max Startup Time": 173.637, "Actual Min Total Time": 87.206, "Actual Max Total Time": 173.637, "Inner Unique": false, "Hash Cond": "(t.id = mc.movie_id), (LLVM Optimized)", "Plans": [{"Node Type": "Streaming(type: BROADCAST dop: 16/16)", "Parent Relationship": "Outer", "Startup Cost": 35109.08, "Total Cost": 113469.42, "Plan Rows": 6342464, "Plan Width": 29, "Actual Min Startup Time": 0.041, "Actual Max Startup Time": 32.958, "Actual Min Total Time": 0.045, "Actual Max Total Time": 89.021, "Plans": [{"Node Type": "Hash Join", "Parent Relationship": "Outer", "Join Type": "Inner", "Startup Cost": 35109.08, "Total Cost": 82365.51, "Plan Rows": 396404, "Plan Width": 29, "Actual Min Startup Time": 81.077, "Actual Max Startup Time": 116.668, "Actual Min Total Time": 82.306, "Actual Max Total Time": 116.668, "Inner Unique": true, "Hash Cond": "(mi_idx.movie_id = t.id), (LLVM Optimized)", "Plans": [{"Node Type": "Streaming(type: BROADCAST dop: 16/16)", "Parent Relationship": "Outer", "Startup Cost": 15002.76, "Total Cost": 60717.65, "Plan Rows": 5520128, "Plan Width": 4, "Actual Min Startup Time": 0.033, "Actual Max Startup Time": 0.065, "Actual Min Total Time": 0.037, "Actual Max Total Time": 35.246, "Plans": [{"Node Type": "Hash Join", "Parent Relationship": "Outer", "Join Type": "Inner", "Startup Cost": 15002.76, "Total Cost": 31701.7, "Plan Rows": 345008, "Plan Width": 4, "Actual Min Startup Time": 33.102, "Actual Max Startup Time": 40.897, "Actual Min Total Time": 33.102, "Actual Max Total Time": 40.903, "Inner Unique": true, "Hash Cond": "(mi_idx.info_type_id = it.id), (LLVM Optimized)", "Plans": [{"Node Type": "Seq Scan", "Parent Relationship": "Outer", "Relation Name": "movie_info_idx", "Alias": "mi_idx", "Startup Cost": 0.0, "Total Cost": 16267.15, "Plan Rows": 1380034, "Plan Width": 8, "Actual Min Startup Time": 0.035, "Actual Max Startup Time": 0.075, "Actual Min Total Time": 18.863, "Actual Max Total Time": 23.828, "Actual Rows": 1380034}, {"Node Type": "Hash", "Parent Relationship": "Inner", "Startup Cost": 15002.75, "Total Cost": 15002.75, "Plan Rows": 16, "Plan Width": 4, "Actual Min Startup Time": 0.016, "Actual Max Startup Time": 0.026, "Actual Min Total Time": 0.016, "Actual Max Total Time": 0.026, "Max Hash Buckets": 32768, "Min Hash Buckets": 32768, "Max Hash Batches": 1, "Min Hash Batches": 1, "Max Original Hash Batches": 1, "Min Original Hash Batches": 1, "Max Peak Memory Usage": 1, "min Peak Memory Usage": 1, "Plans": [{"Node Type": "Streaming(type: BROADCAST dop: 16/1)", "Parent Relationship": "Outer", "Startup Cost": 0.0, "Total Cost": 15002.75, "Plan Rows": 16, "Plan Width": 4, "Actual Min Startup Time": 0.004, "Actual Max Startup Time": 0.009, "Actual Min Total Time": 0.004, "Actual Max Total Time": 0.01, "Plans": [{"Node Type": "Seq Scan", "Parent Relationship": "Outer", "Relation Name": "info_type", "Alias": "it", "Startup Cost": 0.0, "Total Cost": 2.4, "Plan Rows": 1, "Plan Width": 4, "Actual Min Startup Time": 0.058, "Actual Max Startup Time": 0.058, "Actual Min Total Time": 0.06, "Actual Max Total Time": 0.06, "Filter": "((info)::text = 'bottom 10 rank'::text)", "Rows Removed by Filter": 111, "Actual Rows": 1}], "Actual Rows": 16}], "Actual Rows": 16}], "Actual Rows": 10}], "Actual Rows": 160}, {"Node Type": "Hash", "Parent Relationship": "Inner", "Startup Cost": 19544.42, "Total Cost": 19544.42, "Plan Rows": 719240, "Plan Width": 25, "Actual Min Startup Time": 77.538, "Actual Max Startup Time": 90.505, "Actual Min Total Time": 77.538, "Actual Max Total Time": 90.505, "Max Hash Buckets": 65536, "Min Hash Buckets": 65536, "Max Hash Batches": 1, "Min Hash Batches": 1, "Max Original Hash Batches": 1, "Min Original Hash Batches": 1, "Max Peak Memory Usage": 2621, "min Peak Memory Usage": 2621, "Plans": [{"Node Type": "Seq Scan", "Parent Relationship": "Outer", "Relation Name": "title", "Alias": "t", "Startup Cost": 554.15, "Total Cost": 19544.42, "Plan Rows": 719240, "Plan Width": 25, "Actual Min Startup Time": 0.027, "Actual Max Startup Time": 0.048, "Actual Min Total Time": 63.976, "Actual Max Total Time": 73.192, "Filter": "((production_year >= 2005) AND (production_year <= 2010)), (LLVM Optimized)", "Rows Removed by Filter": 1812052, "Actual Rows": 716259}], "Actual Rows": 716259}], "Actual Rows": 4}], "Actual Rows": 64}, {"Node Type": "Hash", "Parent Relationship": "Inner", "Startup Cost": 34246.65, "Total Cost": 34246.65, "Plan Rows": 1304518, "Plan Width": 28, "Actual Min Startup Time": 77.142, "Actual Max Startup Time": 90.181, "Actual Min Total Time": 77.142, "Actual Max Total Time": 90.181, "Max Hash Buckets": 131072, "Min Hash Buckets": 131072, "Max Hash Batches": 1, "Min Hash Batches": 1, "Max Original Hash Batches": 1, "Min Original Hash Batches": 1, "Max Peak Memory Usage": 488, "min Peak Memory Usage": 488, "Plans": [{"Node Type": "Hash Join", "Parent Relationship": "Outer", "Join Type": "Inner", "Startup Cost": 15001.4, "Total Cost": 34246.65, "Plan Rows": 1304518, "Plan Width": 28, "Actual Min Startup Time": 49.679, "Actual Max Startup Time": 57.435, "Actual Min Total Time": 74.466, "Actual Max Total Time": 85.667, "Inner Unique": true, "Hash Cond": "(mc.company_type_id = ct.id), (LLVM Optimized)", "Plans": [{"Node Type": "Seq Scan", "Parent Relationship": "Outer", "Relation Name": "movie_companies", "Alias": "mc", "Startup Cost": 0.0, "Total Cost": 18021.26, "Plan Rows": 2609035, "Plan Width": 32, "Actual Min Startup Time": 0.038, "Actual Max Startup Time": 0.078, "Actual Min Total Time": 58.43, "Actual Max Total Time": 67.703, "Filter": "((note)::text !~~ '%(as Metro-Goldwyn-Mayer Pictures)%'::text), (LLVM Optimized)", "Rows Removed by Filter": 1272041, "Actual Rows": 1337087}, {"Node Type": "Hash", "Parent Relationship": "Inner", "Startup Cost": 15001.38, "Total Cost": 15001.38, "Plan Rows": 16, "Plan Width": 4, "Actual Min Startup Time": 0.016, "Actual Max Startup Time": 0.038, "Actual Min Total Time": 0.016, "Actual Max Total Time": 0.038, "Max Hash Buckets": 32768, "Min Hash Buckets": 32768, "Max Hash Batches": 1, "Min Hash Batches": 1, "Max Original Hash Batches": 1, "Min Original Hash Batches": 1, "Max Peak Memory Usage": 1, "min Peak Memory Usage": 1, "Plans": [{"Node Type": "Streaming(type: BROADCAST dop: 16/1)", "Parent Relationship": "Outer", "Startup Cost": 0.0, "Total Cost": 15001.38, "Plan Rows": 16, "Plan Width": 4, "Actual Min Startup Time": 0.005, "Actual Max Startup Time": 0.02, "Actual Min Total Time": 0.005, "Actual Max Total Time": 0.021, "Plans": [{"Node Type": "Seq Scan", "Parent Relationship": "Outer", "Relation Name": "company_type", "Alias": "ct", "Startup Cost": 0.0, "Total Cost": 1.04, "Plan Rows": 1, "Plan Width": 4, "Actual Min Startup Time": 0.025, "Actual Max Startup Time": 0.025, "Actual Min Total Time": 0.028, "Actual Max Total Time": 0.028, "Filter": "((kind)::text = 'production companies'::text)", "Rows Removed by Filter": 2, "Actual Rows": 1}], "Actual Rows": 16}], "Actual Rows": 16}], "Actual Rows": 140904}], "Actual Rows": 140904}], "Actual Rows": 3}], "Actual Rows": 16}], "Actual Rows": 16}], "Actual Rows": 1}, "Triggers": [], "Planner Runtime": 22.586, "Total Runtime": 315.381, "Unique SQL Id": 1162488282}}, "(16, '79')": {"explain_plan": {"Plan": {"Node Type": "Aggregate", "Strategy": "Plain", "Startup Cost": 4997227341960.98, "Total Cost": 4997227341960.99, "Plan Rows": 1, "Plan Width": 113, "Plans": [{"Node Type": "Hash Join", "Parent Relationship": "Outer", "Join Type": "Inner", "Startup Cost": 2030027765187.18, "Total Cost": 4997227338604.96, "Plan Rows": 447470, "Plan Width": 45, "Inner Unique": true, "Hash Cond": "(mc.company_type_id = ct.id), (LLVM Optimized)", "Plans": [{"Node Type": "Hash Join", "Parent Relationship": "Outer", "Join Type": "Inner", "Startup Cost": 1030027763956.92, "Total Cost": 3997227332905.19, "Plan Rows": 549199, "Plan Width": 49, "Inner Unique": true, "Hash Cond": "(mi_idx.info_type_id = it.id), (LLVM Optimized)", "Plans": [{"Node Type": "Merge Join", "Parent Relationship": "Outer", "Join Type": "Inner", "Startup Cost": 30027762535.91, "Total Cost": 2997227320486.44, "Plan Rows": 2196800, "Plan Width": 53, "Inner Unique": false, "Merge Cond": "(mi_idx.movie_id = t.id)", "Plans": [{"Node Type": "Index Scan", "Parent Relationship": "Outer", "Scan Direction": "Forward", "Index Name": "movie_id_movie_info_idx", "Relation Name": "movie_info_idx", "Alias": "mi_idx", "Startup Cost": 10000000000.0, "Total Cost": 1000004650035.37, "Plan Rows": 1380034, "Plan Width": 8}, {"Node Type": "Materialize", "Parent Relationship": "Inner", "Startup Cost": 20022023519.89, "Total Cost": 1999077622532.18, "Plan Rows": 1728348, "Plan Width": 57, "Plans": [{"Node Type": "Merge Join", "Parent Relationship": "Outer", "Join Type": "Inner", "Startup Cost": 20022023519.89, "Total Cost": 1999077618211.31, "Plan Rows": 1728348, "Plan Width": 57, "Inner Unique": false, "Merge Cond": "(t.id = mc.movie_id)", "Plans": [{"Node Type": "Index Scan", "Parent Relationship": "Outer", "Scan Direction": "Forward", "Index Name": "title_pkey", "Relation Name": "title", "Alias": "t", "Startup Cost": 10000000000.0, "Total Cost": 1000012276204.41, "Plan Rows": 719240, "Plan Width": 25, "Filter": "((production_year >= 2005) AND (production_year <= 2010)), (LLVM Optimized)"}, {"Node Type": "Index Scan", "Parent Relationship": "Inner", "Scan Direction": "Forward", "Index Name": "movie_id_movie_companies", "Relation Name": "movie_companies", "Alias": "mc", "Startup Cost": 10000000000.0, "Total Cost": 1000013704228.13, "Plan Rows": 2609035, "Plan Width": 32, "Filter": "((note)::text !~~ '%(as Metro-Goldwyn-Mayer Pictures)%'::text), (LLVM Optimized)"}]}]}]}, {"Node Type": "Hash", "Parent Relationship": "Inner", "Startup Cost": 1000000001421.0, "Total Cost": 1000000001421.0, "Plan Rows": 1, "Plan Width": 4, "Plans": [{"Node Type": "Index Scan", "Parent Relationship": "Outer", "Scan Direction": "Forward", "Index Name": "info_type_pkey", "Relation Name": "info_type", "Alias": "it", "Startup Cost": 10000000000.0, "Total Cost": 1000000001421.0, "Plan Rows": 1, "Plan Width": 4, "Filter": "((info)::text = 'bottom 10 rank'::text)"}]}]}, {"Node Type": "Hash", "Parent Relationship": "Inner", "Startup Cost": 1000000001230.25, "Total Cost": 1000000001230.25, "Plan Rows": 1, "Plan Width": 4, "Plans": [{"Node Type": "Index Scan", "Parent Relationship": "Outer", "Scan Direction": "Forward", "Index Name": "company_type_pkey", "Relation Name": "company_type", "Alias": "ct", "Startup Cost": 10000000000.0, "Total Cost": 1000000001230.25, "Plan Rows": 1, "Plan Width": 4, "Filter": "((kind)::text = 'production companies'::text)"}]}]}]}, "Unique SQL Id": 1162488282, "Planner Runtime": 14}, "explain_analyze_plan": null}, "(16, '80')": {"explain_plan": {"Plan": {"Node Type": "Aggregate", "Strategy": "Plain", "Startup Cost": 381231.28, "Total Cost": 381231.29, "Plan Rows": 1, "Plan Width": 113, "Plans": [{"Node Type": "Merge Join", "Parent Relationship": "Outer", "Join Type": "Inner", "Startup Cost": 373727.26, "Total Cost": 377875.25, "Plan Rows": 447470, "Plan Width": 45, "Inner Unique": false, "Merge Cond": "(ct.id = mc.company_type_id)", "Plans": [{"Node Type": "Sort", "Parent Relationship": "Outer", "Startup Cost": 1.05, "Total Cost": 1.05, "Plan Rows": 1, "Plan Width": 4, "Sort Key": ["ct.id"], "Plans": [{"Node Type": "Seq Scan", "Parent Relationship": "Outer", "Relation Name": "company_type", "Alias": "ct", "Startup Cost": 0.0, "Total Cost": 1.04, "Plan Rows": 1, "Plan Width": 4, "Filter": "((kind)::text = 'production companies'::text)"}]}, {"Node Type": "Sort", "Parent Relationship": "Inner", "Startup Cost": 372382.2, "Total Cost": 373755.2, "Plan Rows": 549199, "Plan Width": 49, "Sort Key": ["mc.company_type_id"], "Plans": [{"Node Type": "Nested Loop", "Parent Relationship": "Outer", "Join Type": "Inner", "Startup Cost": 7502.06, "Total Cost": 320024.4, "Plan Rows": 549199, "Plan Width": 49, "Inner Unique": false, "Join Filter": "(t.id = mc.movie_id), (LLVM Optimized)", "Plans": [{"Node Type": "Nested Loop", "Parent Relationship": "Outer", "Join Type": "Inner", "Startup Cost": 7502.06, "Total Cost": 164107.36, "Plan Rows": 396404, "Plan Width": 29, "Inner Unique": true, "Plans": [{"Node Type": "Nested Loop", "Parent Relationship": "Outer", "Join Type": "Inner", "Startup Cost": 7502.06, "Total Cost": 21741.14, "Plan Rows": 345008, "Plan Width": 4, "Inner Unique": false, "Plans": [{"Node Type": "Seq Scan", "Parent Relationship": "Outer", "Relation Name": "info_type", "Alias": "it", "Startup Cost": 0.0, "Total Cost": 2.4, "Plan Rows": 1, "Plan Width": 4, "Filter": "((info)::text = 'bottom 10 rank'::text)"}, {"Node Type": "Bitmap Heap Scan", "Parent Relationship": "Inner", "Relation Name": "movie_info_idx", "Alias": "mi_idx", "Startup Cost": 7502.06, "Total Cost": 18288.66, "Plan Rows": 345008, "Plan Width": 8, "Recheck Cond": "(info_type_id = it.id), (LLVM Optimized)", "Plans": [{"Node Type": "Bitmap Index Scan", "Parent Relationship": "Outer", "Index Name": "info_type_id_movie_info_idx", "Startup Cost": 0.0, "Total Cost": 7415.81, "Plan Rows": 345008, "Plan Width": 0, "Index Cond": "(info_type_id = it.id)"}]}]}, {"Node Type": "Index Scan", "Parent Relationship": "Inner", "Scan Direction": "Forward", "Index Name": "title_pkey", "Relation Name": "title", "Alias": "t", "Startup Cost": 0.0, "Total Cost": 0.4, "Plan Rows": 1, "Plan Width": 25, "Index Cond": "(id = mi_idx.movie_id)", "Filter": "((production_year >= 2005) AND (production_year <= 2010))"}]}, {"Node Type": "Index Scan", "Parent Relationship": "Inner", "Scan Direction": "Forward", "Index Name": "movie_id_movie_companies", "Relation Name": "movie_companies", "Alias": "mc", "Startup Cost": 0.0, "Total Cost": 0.37, "Plan Rows": 2, "Plan Width": 32, "Index Cond": "(movie_id = mi_idx.movie_id)", "Filter": "((note)::text !~~ '%(as Metro-Goldwyn-Mayer Pictures)%'::text)"}]}]}]}]}, "Unique SQL Id": 1162488282, "Planner Runtime": 8}, "explain_analyze_plan": {"Plan": {"Node Type": "Aggregate", "Strategy": "Plain", "Startup Cost": 381231.28, "Total Cost": 381231.29, "Plan Rows": 1, "Plan Width": 113, "Actual Startup Time": 0.445, "Actual Total Time": 0.445, "Actual Rows": 1, "Actual Loops": 1, "Plans": [{"Node Type": "Merge Join", "Parent Relationship": "Outer", "Join Type": "Inner", "Startup Cost": 373727.26, "Total Cost": 377875.25, "Plan Rows": 447470, "Plan Width": 45, "Actual Startup Time": 0.416, "Actual Total Time": 0.422, "Actual Rows": 3, "Actual Loops": 1, "Inner Unique": false, "Merge Cond": "(ct.id = mc.company_type_id)", "Plans": [{"Node Type": "Sort", "Parent Relationship": "Outer", "Startup Cost": 1.05, "Total Cost": 1.05, "Plan Rows": 1, "Plan Width": 4, "Actual Startup Time": 0.05, "Actual Total Time": 0.05, "Actual Rows": 1, "Actual Loops": 1, "Sort Key": ["ct.id"], "Sort Method": "quicksort", "Sort Space Used": 25, "Sort Space Type": "Memory", "Plans": [{"Node Type": "Seq Scan", "Parent Relationship": "Outer", "Relation Name": "company_type", "Alias": "ct", "Startup Cost": 0.0, "Total Cost": 1.04, "Plan Rows": 1, "Plan Width": 4, "Actual Startup Time": 0.026, "Actual Total Time": 0.029, "Actual Rows": 1, "Actual Loops": 1, "Filter": "((kind)::text = 'production companies'::text)", "Rows Removed by Filter": 2}]}, {"Node Type": "Sort", "Parent Relationship": "Inner", "Startup Cost": 372382.2, "Total Cost": 373755.2, "Plan Rows": 549199, "Plan Width": 49, "Actual Startup Time": 0.344, "Actual Total Time": 0.348, "Actual Rows": 66, "Actual Loops": 1, "Sort Key": ["mc.company_type_id"], "Sort Method": "quicksort", "Sort Space Used": 35, "Sort Space Type": "Memory", "Plans": [{"Node Type": "Nested Loop", "Parent Relationship": "Outer", "Join Type": "Inner", "Startup Cost": 7502.06, "Total Cost": 320024.4, "Plan Rows": 549199, "Plan Width": 49, "Actual Startup Time": 0.164, "Actual Total Time": 0.318, "Actual Rows": 66, "Actual Loops": 1, "Inner Unique": false, "Join Filter": "(t.id = mc.movie_id), (LLVM Optimized)", "Rows Removed by Join Filter": 0, "Plans": [{"Node Type": "Nested Loop", "Parent Relationship": "Outer", "Join Type": "Inner", "Startup Cost": 7502.06, "Total Cost": 164107.36, "Plan Rows": 396404, "Plan Width": 29, "Actual Startup Time": 0.146, "Actual Total Time": 0.182, "Actual Rows": 4, "Actual Loops": 1, "Inner Unique": true, "Plans": [{"Node Type": "Nested Loop", "Parent Relationship": "Outer", "Join Type": "Inner", "Startup Cost": 7502.06, "Total Cost": 21741.14, "Plan Rows": 345008, "Plan Width": 4, "Actual Startup Time": 0.079, "Actual Total Time": 0.086, "Actual Rows": 10, "Actual Loops": 1, "Inner Unique": false, "Plans": [{"Node Type": "Seq Scan", "Parent Relationship": "Outer", "Relation Name": "info_type", "Alias": "it", "Startup Cost": 0.0, "Total Cost": 2.4, "Plan Rows": 1, "Plan Width": 4, "Actual Startup Time": 0.044, "Actual Total Time": 0.048, "Actual Rows": 1, "Actual Loops": 1, "Filter": "((info)::text = 'bottom 10 rank'::text)", "Rows Removed by Filter": 111}, {"Node Type": "Bitmap Heap Scan", "Parent Relationship": "Inner", "Relation Name": "movie_info_idx", "Alias": "mi_idx", "Startup Cost": 7502.06, "Total Cost": 18288.66, "Plan Rows": 345008, "Plan Width": 8, "Actual Startup Time": 0.03, "Actual Total Time": 0.032, "Actual Rows": 10, "Actual Loops": 1, "Recheck Cond": "(info_type_id = it.id), (LLVM Optimized)", "Rows Removed by Index Recheck": 0, "Exact Heap Blocks": 1, "Lossy Heap Blocks": 1, "Plans": [{"Node Type": "Bitmap Index Scan", "Parent Relationship": "Outer", "Index Name": "info_type_id_movie_info_idx", "Startup Cost": 0.0, "Total Cost": 7415.81, "Plan Rows": 345008, "Plan Width": 0, "Actual Startup Time": 0.016, "Actual Total Time": 0.016, "Actual Rows": 10, "Actual Loops": 1, "Index Cond": "(info_type_id = it.id)"}]}]}, {"Node Type": "Index Scan", "Parent Relationship": "Inner", "Scan Direction": "Forward", "Index Name": "title_pkey", "Relation Name": "title", "Alias": "t", "Startup Cost": 0.0, "Total Cost": 0.4, "Plan Rows": 1, "Plan Width": 25, "Actual Startup Time": 0.086, "Actual Total Time": 0.086, "Actual Rows": 4, "Actual Loops": 10, "Index Cond": "(id = mi_idx.movie_id)", "Rows Removed by Index Recheck": 0, "Filter": "((production_year >= 2005) AND (production_year <= 2010))", "Rows Removed by Filter": 6}]}, {"Node Type": "Index Scan", "Parent Relationship": "Inner", "Scan Direction": "Forward", "Index Name": "movie_id_movie_companies", "Relation Name": "movie_companies", "Alias": "mc", "Startup Cost": 0.0, "Total Cost": 0.37, "Plan Rows": 2, "Plan Width": 32, "Actual Startup Time": 0.041, "Actual Total Time": 0.101, "Actual Rows": 66, "Actual Loops": 4, "Index Cond": "(movie_id = mi_idx.movie_id)", "Rows Removed by Index Recheck": 0, "Filter": "((note)::text !~~ '%(as Metro-Goldwyn-Mayer Pictures)%'::text)", "Rows Removed by Filter": 7}]}]}]}]}, "Triggers": [], "Planner Runtime": 8.015, "Total Runtime": 10.168, "Unique SQL Id": 1162488282}}, "(16, '81')": {"explain_plan": {"Plan": {"Node Type": "Aggregate", "Strategy": "Plain", "Startup Cost": 381254.34, "Total Cost": 381254.35, "Plan Rows": 1, "Plan Width": 113, "Plans": [{"Node Type": "Merge Join", "Parent Relationship": "Outer", "Join Type": "Inner", "Startup Cost": 373738.02, "Total Cost": 377898.31, "Plan Rows": 447470, "Plan Width": 45, "Inner Unique": false, "Merge Cond": "(ct.id = mc.company_type_id)", "Plans": [{"Node Type": "Index Scan", "Parent Relationship": "Outer", "Scan Direction": "Forward", "Index Name": "company_type_pkey", "Relation Name": "company_type", "Alias": "ct", "Startup Cost": 0.0, "Total Cost": 12.3, "Plan Rows": 1, "Plan Width": 4, "Filter": "((kind)::text = 'production companies'::text)"}, {"Node Type": "Sort", "Parent Relationship": "Inner", "Startup Cost": 372394.01, "Total Cost": 373767.01, "Plan Rows": 549199, "Plan Width": 49, "Sort Key": ["mc.company_type_id"], "Plans": [{"Node Type": "Nested Loop", "Parent Relationship": "Outer", "Join Type": "Inner", "Startup Cost": 7502.06, "Total Cost": 320036.21, "Plan Rows": 549199, "Plan Width": 49, "Inner Unique": false, "Join Filter": "(t.id = mc.movie_id), (LLVM Optimized)", "Plans": [{"Node Type": "Nested Loop", "Parent Relationship": "Outer", "Join Type": "Inner", "Startup Cost": 7502.06, "Total Cost": 164119.17, "Plan Rows": 396404, "Plan Width": 29, "Inner Unique": true, "Plans": [{"Node Type": "Nested Loop", "Parent Relationship": "Outer", "Join Type": "Inner", "Startup Cost": 7502.06, "Total Cost": 21752.95, "Plan Rows": 345008, "Plan Width": 4, "Inner Unique": false, "Plans": [{"Node Type": "Index Scan", "Parent Relationship": "Outer", "Scan Direction": "Forward", "Index Name": "info_type_pkey", "Relation Name": "info_type", "Alias": "it", "Startup Cost": 0.0, "Total Cost": 14.21, "Plan Rows": 1, "Plan Width": 4, "Filter": "((info)::text = 'bottom 10 rank'::text)"}, {"Node Type": "Bitmap Heap Scan", "Parent Relationship": "Inner", "Relation Name": "movie_info_idx", "Alias": "mi_idx", "Startup Cost": 7502.06, "Total Cost": 18288.66, "Plan Rows": 345008, "Plan Width": 8, "Recheck Cond": "(info_type_id = it.id), (LLVM Optimized)", "Plans": [{"Node Type": "Bitmap Index Scan", "Parent Relationship": "Outer", "Index Name": "info_type_id_movie_info_idx", "Startup Cost": 0.0, "Total Cost": 7415.81, "Plan Rows": 345008, "Plan Width": 0, "Index Cond": "(info_type_id = it.id)"}]}]}, {"Node Type": "Index Scan", "Parent Relationship": "Inner", "Scan Direction": "Forward", "Index Name": "title_pkey", "Relation Name": "title", "Alias": "t", "Startup Cost": 0.0, "Total Cost": 0.4, "Plan Rows": 1, "Plan Width": 25, "Index Cond": "(id = mi_idx.movie_id)", "Filter": "((production_year >= 2005) AND (production_year <= 2010))"}]}, {"Node Type": "Index Scan", "Parent Relationship": "Inner", "Scan Direction": "Forward", "Index Name": "movie_id_movie_companies", "Relation Name": "movie_companies", "Alias": "mc", "Startup Cost": 0.0, "Total Cost": 0.37, "Plan Rows": 2, "Plan Width": 32, "Index Cond": "(movie_id = mi_idx.movie_id)", "Filter": "((note)::text !~~ '%(as Metro-Goldwyn-Mayer Pictures)%'::text)"}]}]}]}]}, "Unique SQL Id": 1162488282, "Planner Runtime": 8}, "explain_analyze_plan": {"Plan": {"Node Type": "Aggregate", "Strategy": "Plain", "Startup Cost": 381254.34, "Total Cost": 381254.35, "Plan Rows": 1, "Plan Width": 113, "Actual Startup Time": 0.38, "Actual Total Time": 0.38, "Actual Rows": 1, "Actual Loops": 1, "Plans": [{"Node Type": "Merge Join", "Parent Relationship": "Outer", "Join Type": "Inner", "Startup Cost": 373738.02, "Total Cost": 377898.31, "Plan Rows": 447470, "Plan Width": 45, "Actual Startup Time": 0.361, "Actual Total Time": 0.367, "Actual Rows": 3, "Actual Loops": 1, "Inner Unique": false, "Merge Cond": "(ct.id = mc.company_type_id)", "Plans": [{"Node Type": "Index Scan", "Parent Relationship": "Outer", "Scan Direction": "Forward", "Index Name": "company_type_pkey", "Relation Name": "company_type", "Alias": "ct", "Startup Cost": 0.0, "Total Cost": 12.3, "Plan Rows": 1, "Plan Width": 4, "Actual Startup Time": 0.021, "Actual Total Time": 0.024, "Actual Rows": 1, "Actual Loops": 1, "Filter": "((kind)::text = 'production companies'::text)", "Rows Removed by Filter": 2}, {"Node Type": "Sort", "Parent Relationship": "Inner", "Startup Cost": 372394.01, "Total Cost": 373767.01, "Plan Rows": 549199, "Plan Width": 49, "Actual Startup Time": 0.321, "Actual Total Time": 0.326, "Actual Rows": 66, "Actual Loops": 1, "Sort Key": ["mc.company_type_id"], "Sort Method": "quicksort", "Sort Space Used": 35, "Sort Space Type": "Memory", "Plans": [{"Node Type": "Nested Loop", "Parent Relationship": "Outer", "Join Type": "Inner", "Startup Cost": 7502.06, "Total Cost": 320036.21, "Plan Rows": 549199, "Plan Width": 49, "Actual Startup Time": 0.149, "Actual Total Time": 0.288, "Actual Rows": 66, "Actual Loops": 1, "Inner Unique": false, "Join Filter": "(t.id = mc.movie_id), (LLVM Optimized)", "Rows Removed by Join Filter": 0, "Plans": [{"Node Type": "Nested Loop", "Parent Relationship": "Outer", "Join Type": "Inner", "Startup Cost": 7502.06, "Total Cost": 164119.17, "Plan Rows": 396404, "Plan Width": 29, "Actual Startup Time": 0.133, "Actual Total Time": 0.163, "Actual Rows": 4, "Actual Loops": 1, "Inner Unique": true, "Plans": [{"Node Type": "Nested Loop", "Parent Relationship": "Outer", "Join Type": "Inner", "Startup Cost": 7502.06, "Total Cost": 21752.95, "Plan Rows": 345008, "Plan Width": 4, "Actual Startup Time": 0.083, "Actual Total Time": 0.088, "Actual Rows": 10, "Actual Loops": 1, "Inner Unique": false, "Plans": [{"Node Type": "Index Scan", "Parent Relationship": "Outer", "Scan Direction": "Forward", "Index Name": "info_type_pkey", "Relation Name": "info_type", "Alias": "it", "Startup Cost": 0.0, "Total Cost": 14.21, "Plan Rows": 1, "Plan Width": 4, "Actual Startup Time": 0.057, "Actual Total Time": 0.058, "Actual Rows": 1, "Actual Loops": 1, "Filter": "((info)::text = 'bottom 10 rank'::text)", "Rows Removed by Filter": 111}, {"Node Type": "Bitmap Heap Scan", "Parent Relationship": "Inner", "Relation Name": "movie_info_idx", "Alias": "mi_idx", "Startup Cost": 7502.06, "Total Cost": 18288.66, "Plan Rows": 345008, "Plan Width": 8, "Actual Startup Time": 0.02, "Actual Total Time": 0.022, "Actual Rows": 10, "Actual Loops": 1, "Recheck Cond": "(info_type_id = it.id), (LLVM Optimized)", "Rows Removed by Index Recheck": 0, "Exact Heap Blocks": 1, "Lossy Heap Blocks": 1, "Plans": [{"Node Type": "Bitmap Index Scan", "Parent Relationship": "Outer", "Index Name": "info_type_id_movie_info_idx", "Startup Cost": 0.0, "Total Cost": 7415.81, "Plan Rows": 345008, "Plan Width": 0, "Actual Startup Time": 0.01, "Actual Total Time": 0.01, "Actual Rows": 10, "Actual Loops": 1, "Index Cond": "(info_type_id = it.id)"}]}]}, {"Node Type": "Index Scan", "Parent Relationship": "Inner", "Scan Direction": "Forward", "Index Name": "title_pkey", "Relation Name": "title", "Alias": "t", "Startup Cost": 0.0, "Total Cost": 0.4, "Plan Rows": 1, "Plan Width": 25, "Actual Startup Time": 0.063, "Actual Total Time": 0.063, "Actual Rows": 4, "Actual Loops": 10, "Index Cond": "(id = mi_idx.movie_id)", "Rows Removed by Index Recheck": 0, "Filter": "((production_year >= 2005) AND (production_year <= 2010))", "Rows Removed by Filter": 6}]}, {"Node Type": "Index Scan", "Parent Relationship": "Inner", "Scan Direction": "Forward", "Index Name": "movie_id_movie_companies", "Relation Name": "movie_companies", "Alias": "mc", "Startup Cost": 0.0, "Total Cost": 0.37, "Plan Rows": 2, "Plan Width": 32, "Actual Startup Time": 0.034, "Actual Total Time": 0.096, "Actual Rows": 66, "Actual Loops": 4, "Index Cond": "(movie_id = mi_idx.movie_id)", "Rows Removed by Index Recheck": 0, "Filter": "((note)::text !~~ '%(as Metro-Goldwyn-Mayer Pictures)%'::text)", "Rows Removed by Filter": 7}]}]}]}]}, "Triggers": [], "Planner Runtime": 8.429, "Total Runtime": 9.955, "Unique SQL Id": 1162488282}}, "(16, '82')": {"explain_plan": {"Plan": {"Node Type": "Aggregate", "Strategy": "Plain", "Startup Cost": 1774694.75, "Total Cost": 1774694.76, "Plan Rows": 1, "Plan Width": 113, "Plans": [{"Node Type": "Merge Join", "Parent Relationship": "Outer", "Join Type": "Inner", "Startup Cost": 1756416.81, "Total Cost": 1771338.73, "Plan Rows": 447470, "Plan Width": 45, "Inner Unique": false, "Merge Cond": "(t.id = mc.movie_id)", "Plans": [{"Node Type": "Sort", "Parent Relationship": "Outer", "Startup Cost": 1546298.52, "Total Cost": 1547289.53, "Plan Rows": 396404, "Plan Width": 29, "Sort Key": ["mi_idx.movie_id"], "Plans": [{"Node Type": "Nested Loop", "Parent Relationship": "Outer", "Join Type": "Inner", "Startup Cost": 7502.35, "Total Cost": 1509439.66, "Plan Rows": 396404, "Plan Width": 29, "Inner Unique": true, "Plans": [{"Node Type": "Nested Loop", "Parent Relationship": "Outer", "Join Type": "Inner", "Startup Cost": 7502.06, "Total Cost": 21741.14, "Plan Rows": 345008, "Plan Width": 4, "Inner Unique": false, "Plans": [{"Node Type": "Seq Scan", "Parent Relationship": "Outer", "Relation Name": "info_type", "Alias": "it", "Startup Cost": 0.0, "Total Cost": 2.4, "Plan Rows": 1, "Plan Width": 4, "Filter": "((info)::text = 'bottom 10 rank'::text)"}, {"Node Type": "Bitmap Heap Scan", "Parent Relationship": "Inner", "Relation Name": "movie_info_idx", "Alias": "mi_idx", "Startup Cost": 7502.06, "Total Cost": 18288.66, "Plan Rows": 345008, "Plan Width": 8, "Recheck Cond": "(info_type_id = it.id), (LLVM Optimized)", "Plans": [{"Node Type": "Bitmap Index Scan", "Parent Relationship": "Outer", "Index Name": "info_type_id_movie_info_idx", "Startup Cost": 0.0, "Total Cost": 7415.81, "Plan Rows": 345008, "Plan Width": 0, "Index Cond": "(info_type_id = it.id)"}]}]}, {"Node Type": "Bitmap Heap Scan", "Parent Relationship": "Inner", "Relation Name": "title", "Alias": "t", "Startup Cost": 0.28, "Total Cost": 4.3, "Plan Rows": 1, "Plan Width": 25, "Recheck Cond": "(id = mi_idx.movie_id)", "Filter": "((production_year >= 2005) AND (production_year <= 2010))", "Plans": [{"Node Type": "Bitmap Index Scan", "Parent Relationship": "Outer", "Index Name": "title_pkey", "Startup Cost": 0.0, "Total Cost": 0.28, "Plan Rows": 1, "Plan Width": 0, "Index Cond": "(id = mi_idx.movie_id)"}]}]}]}, {"Node Type": "Sort", "Parent Relationship": "Inner", "Startup Cost": 210118.25, "Total Cost": 213379.54, "Plan Rows": 1304518, "Plan Width": 28, "Sort Key": ["mc.movie_id"], "Plans": [{"Node Type": "Nested Loop", "Parent Relationship": "Outer", "Join Type": "Inner", "Startup Cost": 29270.61, "Total Cost": 77611.28, "Plan Rows": 1304518, "Plan Width": 28, "Inner Unique": false, "Plans": [{"Node Type": "Seq Scan", "Parent Relationship": "Outer", "Relation Name": "company_type", "Alias": "ct", "Startup Cost": 0.0, "Total Cost": 1.04, "Plan Rows": 1, "Plan Width": 4, "Filter": "((kind)::text = 'production companies'::text)"}, {"Node Type": "Bitmap Heap Scan", "Parent Relationship": "Inner", "Relation Name": "movie_companies", "Alias": "mc", "Startup Cost": 29270.61, "Total Cost": 64565.07, "Plan Rows": 1304517, "Plan Width": 32, "Recheck Cond": "(company_type_id = ct.id), (LLVM Optimized)", "Filter": "((note)::text !~~ '%(as Metro-Goldwyn-Mayer Pictures)%'::text), (LLVM Optimized)", "Plans": [{"Node Type": "Bitmap Index Scan", "Parent Relationship": "Outer", "Index Name": "company_type_id_movie_companies", "Startup Cost": 0.0, "Total Cost": 28944.48, "Plan Rows": 1304564, "Plan Width": 0, "Index Cond": "(company_type_id = ct.id)"}]}]}]}]}]}, "Unique SQL Id": 1162488282, "Planner Runtime": 6}, "explain_analyze_plan": {"Plan": {"Node Type": "Aggregate", "Strategy": "Plain", "Startup Cost": 1774694.75, "Total Cost": 1774694.76, "Plan Rows": 1, "Plan Width": 113, "Actual Startup Time": 699.656, "Actual Total Time": 699.657, "Actual Rows": 1, "Actual Loops": 1, "Plans": [{"Node Type": "Merge Join", "Parent Relationship": "Outer", "Join Type": "Inner", "Startup Cost": 1756416.81, "Total Cost": 1771338.73, "Plan Rows": 447470, "Plan Width": 45, "Actual Startup Time": 685.079, "Actual Total Time": 699.626, "Actual Rows": 3, "Actual Loops": 1, "Inner Unique": false, "Merge Cond": "(t.id = mc.movie_id)", "Plans": [{"Node Type": "Sort", "Parent Relationship": "Outer", "Startup Cost": 1546298.52, "Total Cost": 1547289.53, "Plan Rows": 396404, "Plan Width": 29, "Actual Startup Time": 0.241, "Actual Total Time": 0.243, "Actual Rows": 4, "Actual Loops": 1, "Sort Key": ["mi_idx.movie_id"], "Sort Method": "quicksort", "Sort Space Used": 25, "Sort Space Type": "Memory", "Plans": [{"Node Type": "Nested Loop", "Parent Relationship": "Outer", "Join Type": "Inner", "Startup Cost": 7502.35, "Total Cost": 1509439.66, "Plan Rows": 396404, "Plan Width": 29, "Actual Startup Time": 0.181, "Actual Total Time": 0.22, "Actual Rows": 4, "Actual Loops": 1, "Inner Unique": true, "Plans": [{"Node Type": "Nested Loop", "Parent Relationship": "Outer", "Join Type": "Inner", "Startup Cost": 7502.06, "Total Cost": 21741.14, "Plan Rows": 345008, "Plan Width": 4, "Actual Startup Time": 0.112, "Actual Total Time": 0.12, "Actual Rows": 10, "Actual Loops": 1, "Inner Unique": false, "Plans": [{"Node Type": "Seq Scan", "Parent Relationship": "Outer", "Relation Name": "info_type", "Alias": "it", "Startup Cost": 0.0, "Total Cost": 2.4, "Plan Rows": 1, "Plan Width": 4, "Actual Startup Time": 0.068, "Actual Total Time": 0.072, "Actual Rows": 1, "Actual Loops": 1, "Filter": "((info)::text = 'bottom 10 rank'::text)", "Rows Removed by Filter": 111}, {"Node Type": "Bitmap Heap Scan", "Parent Relationship": "Inner", "Relation Name": "movie_info_idx", "Alias": "mi_idx", "Startup Cost": 7502.06, "Total Cost": 18288.66, "Plan Rows": 345008, "Plan Width": 8, "Actual Startup Time": 0.034, "Actual Total Time": 0.034, "Actual Rows": 10, "Actual Loops": 1, "Recheck Cond": "(info_type_id = it.id), (LLVM Optimized)", "Rows Removed by Index Recheck": 0, "Exact Heap Blocks": 1, "Lossy Heap Blocks": 1, "Plans": [{"Node Type": "Bitmap Index Scan", "Parent Relationship": "Outer", "Index Name": "info_type_id_movie_info_idx", "Startup Cost": 0.0, "Total Cost": 7415.81, "Plan Rows": 345008, "Plan Width": 0, "Actual Startup Time": 0.016, "Actual Total Time": 0.016, "Actual Rows": 10, "Actual Loops": 1, "Index Cond": "(info_type_id = it.id)"}]}]}, {"Node Type": "Bitmap Heap Scan", "Parent Relationship": "Inner", "Relation Name": "title", "Alias": "t", "Startup Cost": 0.28, "Total Cost": 4.3, "Plan Rows": 1, "Plan Width": 25, "Actual Startup Time": 0.085, "Actual Total Time": 0.085, "Actual Rows": 4, "Actual Loops": 10, "Recheck Cond": "(id = mi_idx.movie_id)", "Rows Removed by Index Recheck": 0, "Filter": "((production_year >= 2005) AND (production_year <= 2010))", "Rows Removed by Filter": 6, "Exact Heap Blocks": 10, "Lossy Heap Blocks": 10, "Plans": [{"Node Type": "Bitmap Index Scan", "Parent Relationship": "Outer", "Index Name": "title_pkey", "Startup Cost": 0.0, "Total Cost": 0.28, "Plan Rows": 1, "Plan Width": 0, "Actual Startup Time": 0.048, "Actual Total Time": 0.048, "Actual Rows": 10, "Actual Loops": 10, "Index Cond": "(id = mi_idx.movie_id)"}]}]}]}, {"Node Type": "Sort", "Parent Relationship": "Inner", "Startup Cost": 210118.25, "Total Cost": 213379.54, "Plan Rows": 1304518, "Plan Width": 28, "Actual Startup Time": 668.738, "Actual Total Time": 680.261, "Actual Rows": 124632, "Actual Loops": 1, "Sort Key": ["mc.movie_id"], "Sort Method": "quicksort", "Sort Space Used": 20170, "Sort Space Type": "Memory", "Plans": [{"Node Type": "Nested Loop", "Parent Relationship": "Outer", "Join Type": "Inner", "Startup Cost": 29270.61, "Total Cost": 77611.28, "Plan Rows": 1304518, "Plan Width": 28, "Actual Startup Time": 161.299, "Actual Total Time": 618.084, "Actual Rows": 140904, "Actual Loops": 1, "Inner Unique": false, "Plans": [{"Node Type": "Seq Scan", "Parent Relationship": "Outer", "Relation Name": "company_type", "Alias": "ct", "Startup Cost": 0.0, "Total Cost": 1.04, "Plan Rows": 1, "Plan Width": 4, "Actual Startup Time": 0.007, "Actual Total Time": 0.016, "Actual Rows": 1, "Actual Loops": 1, "Filter": "((kind)::text = 'production companies'::text)", "Rows Removed by Filter": 2}, {"Node Type": "Bitmap Heap Scan", "Parent Relationship": "Inner", "Relation Name": "movie_companies", "Alias": "mc", "Startup Cost": 29270.61, "Total Cost": 64565.07, "Plan Rows": 1304517, "Plan Width": 32, "Actual Startup Time": 161.287, "Actual Total Time": 590.285, "Actual Rows": 140904, "Actual Loops": 1, "Recheck Cond": "(company_type_id = ct.id), (LLVM Optimized)", "Rows Removed by Index Recheck": 0, "Filter": "((note)::text !~~ '%(as Metro-Goldwyn-Mayer Pictures)%'::text), (LLVM Optimized)", "Rows Removed by Filter": 1193979, "Exact Heap Blocks": 6196, "Lossy Heap Blocks": 6196, "Plans": [{"Node Type": "Bitmap Index Scan", "Parent Relationship": "Outer", "Index Name": "company_type_id_movie_companies", "Startup Cost": 0.0, "Total Cost": 28944.48, "Plan Rows": 1304564, "Plan Width": 0, "Actual Startup Time": 160.025, "Actual Total Time": 160.025, "Actual Rows": 1334883, "Actual Loops": 1, "Index Cond": "(company_type_id = ct.id)"}]}]}]}]}]}, "Triggers": [], "Planner Runtime": 6.311, "Total Runtime": 710.197, "Unique SQL Id": 1162488282}}, "(16, '83')": {"explain_plan": {"Plan": {"Node Type": "Aggregate", "Strategy": "Plain", "Startup Cost": 482639.96, "Total Cost": 482639.97, "Plan Rows": 1, "Plan Width": 113, "Plans": [{"Node Type": "Merge Join", "Parent Relationship": "Outer", "Join Type": "Inner", "Startup Cost": 456129.24, "Total Cost": 479283.94, "Plan Rows": 447470, "Plan Width": 45, "Inner Unique": true, "Merge Cond": "(mc.movie_id = t.id)", "Plans": [{"Node Type": "Merge Join", "Parent Relationship": "Outer", "Join Type": "Inner", "Startup Cost": 263616.8, "Total Cost": 277451.17, "Plan Rows": 501180, "Plan Width": 32, "Inner Unique": false, "Merge Cond": "(mi_idx.movie_id = mc.movie_id)", "Plans": [{"Node Type": "Sort", "Parent Relationship": "Outer", "Startup Cost": 53487.25, "Total Cost": 54349.77, "Plan Rows": 345008, "Plan Width": 4, "Sort Key": ["mi_idx.movie_id"], "Plans": [{"Node Type": "Nested Loop", "Parent Relationship": "Outer", "Join Type": "Inner", "Startup Cost": 7510.87, "Total Cost": 21752.95, "Plan Rows": 345008, "Plan Width": 4, "Inner Unique": false, "Plans": [{"Node Type": "Bitmap Heap Scan", "Parent Relationship": "Outer", "Relation Name": "info_type", "Alias": "it", "Startup Cost": 8.81, "Total Cost": 14.21, "Plan Rows": 1, "Plan Width": 4, "Filter": "((info)::text = 'bottom 10 rank'::text)", "Plans": [{"Node Type": "Bitmap Index Scan", "Parent Relationship": "Outer", "Index Name": "info_type_pkey", "Startup Cost": 0.0, "Total Cost": 8.81, "Plan Rows": 112, "Plan Width": 0}]}, {"Node Type": "Bitmap Heap Scan", "Parent Relationship": "Inner", "Relation Name": "movie_info_idx", "Alias": "mi_idx", "Startup Cost": 7502.06, "Total Cost": 18288.66, "Plan Rows": 345008, "Plan Width": 8, "Recheck Cond": "(info_type_id = it.id), (LLVM Optimized)", "Plans": [{"Node Type": "Bitmap Index Scan", "Parent Relationship": "Outer", "Index Name": "info_type_id_movie_info_idx", "Startup Cost": 0.0, "Total Cost": 7415.81, "Plan Rows": 345008, "Plan Width": 0, "Index Cond": "(info_type_id = it.id)"}]}]}]}, {"Node Type": "Sort", "Parent Relationship": "Inner", "Startup Cost": 210129.52, "Total Cost": 213390.81, "Plan Rows": 1304518, "Plan Width": 28, "Sort Key": ["mc.movie_id"], "Plans": [{"Node Type": "Nested Loop", "Parent Relationship": "Outer", "Join Type": "Inner", "Startup Cost": 29278.87, "Total Cost": 77622.54, "Plan Rows": 1304518, "Plan Width": 28, "Inner Unique": false, "Plans": [{"Node Type": "Bitmap Heap Scan", "Parent Relationship": "Outer", "Relation Name": "company_type", "Alias": "ct", "Startup Cost": 8.27, "Total Cost": 12.3, "Plan Rows": 1, "Plan Width": 4, "Filter": "((kind)::text = 'production companies'::text)", "Plans": [{"Node Type": "Bitmap Index Scan", "Parent Relationship": "Outer", "Index Name": "company_type_pkey", "Startup Cost": 0.0, "Total Cost": 8.27, "Plan Rows": 3, "Plan Width": 0}]}, {"Node Type": "Bitmap Heap Scan", "Parent Relationship": "Inner", "Relation Name": "movie_companies", "Alias": "mc", "Startup Cost": 29270.61, "Total Cost": 64565.07, "Plan Rows": 1304517, "Plan Width": 32, "Recheck Cond": "(company_type_id = ct.id), (LLVM Optimized)", "Filter": "((note)::text !~~ '%(as Metro-Goldwyn-Mayer Pictures)%'::text), (LLVM Optimized)", "Plans": [{"Node Type": "Bitmap Index Scan", "Parent Relationship": "Outer", "Index Name": "company_type_id_movie_companies", "Startup Cost": 0.0, "Total Cost": 28944.48, "Plan Rows": 1304564, "Plan Width": 0, "Index Cond": "(company_type_id = ct.id)"}]}]}]}]}, {"Node Type": "Sort", "Parent Relationship": "Inner", "Startup Cost": 192512.36, "Total Cost": 194310.46, "Plan Rows": 719240, "Plan Width": 25, "Sort Key": ["t.id"], "Plans": [{"Node Type": "Bitmap Heap Scan", "Parent Relationship": "Outer", "Relation Name": "title", "Alias": "t", "Startup Cost": 49833.61, "Total Cost": 122544.28, "Plan Rows": 719240, "Plan Width": 25, "Filter": "((production_year >= 2005) AND (production_year <= 2010)), (LLVM Optimized)", "Plans": [{"Node Type": "Bitmap Index Scan", "Parent Relationship": "Outer", "Index Name": "title_pkey", "Startup Cost": 0.0, "Total Cost": 49653.81, "Plan Rows": 2528311, "Plan Width": 0}]}]}]}]}, "Unique SQL Id": 1162488282, "Planner Runtime": 6}, "explain_analyze_plan": null}, "(16, '84')": {"explain_plan": {"Plan": {"Node Type": "Aggregate", "Strategy": "Plain", "Startup Cost": 381231.28, "Total Cost": 381231.29, "Plan Rows": 1, "Plan Width": 113, "Plans": [{"Node Type": "Merge Join", "Parent Relationship": "Outer", "Join Type": "Inner", "Startup Cost": 373727.26, "Total Cost": 377875.25, "Plan Rows": 447470, "Plan Width": 45, "Inner Unique": false, "Merge Cond": "(ct.id = mc.company_type_id)", "Plans": [{"Node Type": "Sort", "Parent Relationship": "Outer", "Startup Cost": 1.05, "Total Cost": 1.05, "Plan Rows": 1, "Plan Width": 4, "Sort Key": ["ct.id"], "Plans": [{"Node Type": "Seq Scan", "Parent Relationship": "Outer", "Relation Name": "company_type", "Alias": "ct", "Startup Cost": 0.0, "Total Cost": 1.04, "Plan Rows": 1, "Plan Width": 4, "Filter": "((kind)::text = 'production companies'::text)"}]}, {"Node Type": "Sort", "Parent Relationship": "Inner", "Startup Cost": 372382.2, "Total Cost": 373755.2, "Plan Rows": 549199, "Plan Width": 49, "Sort Key": ["mc.company_type_id"], "Plans": [{"Node Type": "Nested Loop", "Parent Relationship": "Outer", "Join Type": "Inner", "Startup Cost": 7502.06, "Total Cost": 320024.4, "Plan Rows": 549199, "Plan Width": 49, "Inner Unique": false, "Join Filter": "(t.id = mc.movie_id), (LLVM Optimized)", "Plans": [{"Node Type": "Nested Loop", "Parent Relationship": "Outer", "Join Type": "Inner", "Startup Cost": 7502.06, "Total Cost": 164107.36, "Plan Rows": 396404, "Plan Width": 29, "Inner Unique": true, "Plans": [{"Node Type": "Nested Loop", "Parent Relationship": "Outer", "Join Type": "Inner", "Startup Cost": 7502.06, "Total Cost": 21741.14, "Plan Rows": 345008, "Plan Width": 4, "Inner Unique": false, "Plans": [{"Node Type": "Seq Scan", "Parent Relationship": "Outer", "Relation Name": "info_type", "Alias": "it", "Startup Cost": 0.0, "Total Cost": 2.4, "Plan Rows": 1, "Plan Width": 4, "Filter": "((info)::text = 'bottom 10 rank'::text)"}, {"Node Type": "Bitmap Heap Scan", "Parent Relationship": "Inner", "Relation Name": "movie_info_idx", "Alias": "mi_idx", "Startup Cost": 7502.06, "Total Cost": 18288.66, "Plan Rows": 345008, "Plan Width": 8, "Recheck Cond": "(info_type_id = it.id), (LLVM Optimized)", "Plans": [{"Node Type": "Bitmap Index Scan", "Parent Relationship": "Outer", "Index Name": "info_type_id_movie_info_idx", "Startup Cost": 0.0, "Total Cost": 7415.81, "Plan Rows": 345008, "Plan Width": 0, "Index Cond": "(info_type_id = it.id)"}]}]}, {"Node Type": "Index Scan", "Parent Relationship": "Inner", "Scan Direction": "Forward", "Index Name": "title_pkey", "Relation Name": "title", "Alias": "t", "Startup Cost": 0.0, "Total Cost": 0.4, "Plan Rows": 1, "Plan Width": 25, "Index Cond": "(id = mi_idx.movie_id)", "Filter": "((production_year >= 2005) AND (production_year <= 2010))"}]}, {"Node Type": "Index Scan", "Parent Relationship": "Inner", "Scan Direction": "Forward", "Index Name": "movie_id_movie_companies", "Relation Name": "movie_companies", "Alias": "mc", "Startup Cost": 0.0, "Total Cost": 0.37, "Plan Rows": 2, "Plan Width": 32, "Index Cond": "(movie_id = mi_idx.movie_id)", "Filter": "((note)::text !~~ '%(as Metro-Goldwyn-Mayer Pictures)%'::text)"}]}]}]}]}, "Unique SQL Id": 1162488282, "Planner Runtime": 8}, "explain_analyze_plan": {"Plan": {"Node Type": "Aggregate", "Strategy": "Plain", "Startup Cost": 381231.28, "Total Cost": 381231.29, "Plan Rows": 1, "Plan Width": 113, "Actual Startup Time": 0.445, "Actual Total Time": 0.445, "Actual Rows": 1, "Actual Loops": 1, "Plans": [{"Node Type": "Merge Join", "Parent Relationship": "Outer", "Join Type": "Inner", "Startup Cost": 373727.26, "Total Cost": 377875.25, "Plan Rows": 447470, "Plan Width": 45, "Actual Startup Time": 0.416, "Actual Total Time": 0.422, "Actual Rows": 3, "Actual Loops": 1, "Inner Unique": false, "Merge Cond": "(ct.id = mc.company_type_id)", "Plans": [{"Node Type": "Sort", "Parent Relationship": "Outer", "Startup Cost": 1.05, "Total Cost": 1.05, "Plan Rows": 1, "Plan Width": 4, "Actual Startup Time": 0.05, "Actual Total Time": 0.05, "Actual Rows": 1, "Actual Loops": 1, "Sort Key": ["ct.id"], "Sort Method": "quicksort", "Sort Space Used": 25, "Sort Space Type": "Memory", "Plans": [{"Node Type": "Seq Scan", "Parent Relationship": "Outer", "Relation Name": "company_type", "Alias": "ct", "Startup Cost": 0.0, "Total Cost": 1.04, "Plan Rows": 1, "Plan Width": 4, "Actual Startup Time": 0.026, "Actual Total Time": 0.029, "Actual Rows": 1, "Actual Loops": 1, "Filter": "((kind)::text = 'production companies'::text)", "Rows Removed by Filter": 2}]}, {"Node Type": "Sort", "Parent Relationship": "Inner", "Startup Cost": 372382.2, "Total Cost": 373755.2, "Plan Rows": 549199, "Plan Width": 49, "Actual Startup Time": 0.344, "Actual Total Time": 0.348, "Actual Rows": 66, "Actual Loops": 1, "Sort Key": ["mc.company_type_id"], "Sort Method": "quicksort", "Sort Space Used": 35, "Sort Space Type": "Memory", "Plans": [{"Node Type": "Nested Loop", "Parent Relationship": "Outer", "Join Type": "Inner", "Startup Cost": 7502.06, "Total Cost": 320024.4, "Plan Rows": 549199, "Plan Width": 49, "Actual Startup Time": 0.164, "Actual Total Time": 0.318, "Actual Rows": 66, "Actual Loops": 1, "Inner Unique": false, "Join Filter": "(t.id = mc.movie_id), (LLVM Optimized)", "Rows Removed by Join Filter": 0, "Plans": [{"Node Type": "Nested Loop", "Parent Relationship": "Outer", "Join Type": "Inner", "Startup Cost": 7502.06, "Total Cost": 164107.36, "Plan Rows": 396404, "Plan Width": 29, "Actual Startup Time": 0.146, "Actual Total Time": 0.182, "Actual Rows": 4, "Actual Loops": 1, "Inner Unique": true, "Plans": [{"Node Type": "Nested Loop", "Parent Relationship": "Outer", "Join Type": "Inner", "Startup Cost": 7502.06, "Total Cost": 21741.14, "Plan Rows": 345008, "Plan Width": 4, "Actual Startup Time": 0.079, "Actual Total Time": 0.086, "Actual Rows": 10, "Actual Loops": 1, "Inner Unique": false, "Plans": [{"Node Type": "Seq Scan", "Parent Relationship": "Outer", "Relation Name": "info_type", "Alias": "it", "Startup Cost": 0.0, "Total Cost": 2.4, "Plan Rows": 1, "Plan Width": 4, "Actual Startup Time": 0.044, "Actual Total Time": 0.048, "Actual Rows": 1, "Actual Loops": 1, "Filter": "((info)::text = 'bottom 10 rank'::text)", "Rows Removed by Filter": 111}, {"Node Type": "Bitmap Heap Scan", "Parent Relationship": "Inner", "Relation Name": "movie_info_idx", "Alias": "mi_idx", "Startup Cost": 7502.06, "Total Cost": 18288.66, "Plan Rows": 345008, "Plan Width": 8, "Actual Startup Time": 0.03, "Actual Total Time": 0.032, "Actual Rows": 10, "Actual Loops": 1, "Recheck Cond": "(info_type_id = it.id), (LLVM Optimized)", "Rows Removed by Index Recheck": 0, "Exact Heap Blocks": 1, "Lossy Heap Blocks": 1, "Plans": [{"Node Type": "Bitmap Index Scan", "Parent Relationship": "Outer", "Index Name": "info_type_id_movie_info_idx", "Startup Cost": 0.0, "Total Cost": 7415.81, "Plan Rows": 345008, "Plan Width": 0, "Actual Startup Time": 0.016, "Actual Total Time": 0.016, "Actual Rows": 10, "Actual Loops": 1, "Index Cond": "(info_type_id = it.id)"}]}]}, {"Node Type": "Index Scan", "Parent Relationship": "Inner", "Scan Direction": "Forward", "Index Name": "title_pkey", "Relation Name": "title", "Alias": "t", "Startup Cost": 0.0, "Total Cost": 0.4, "Plan Rows": 1, "Plan Width": 25, "Actual Startup Time": 0.086, "Actual Total Time": 0.086, "Actual Rows": 4, "Actual Loops": 10, "Index Cond": "(id = mi_idx.movie_id)", "Rows Removed by Index Recheck": 0, "Filter": "((production_year >= 2005) AND (production_year <= 2010))", "Rows Removed by Filter": 6}]}, {"Node Type": "Index Scan", "Parent Relationship": "Inner", "Scan Direction": "Forward", "Index Name": "movie_id_movie_companies", "Relation Name": "movie_companies", "Alias": "mc", "Startup Cost": 0.0, "Total Cost": 0.37, "Plan Rows": 2, "Plan Width": 32, "Actual Startup Time": 0.041, "Actual Total Time": 0.101, "Actual Rows": 66, "Actual Loops": 4, "Index Cond": "(movie_id = mi_idx.movie_id)", "Rows Removed by Index Recheck": 0, "Filter": "((note)::text !~~ '%(as Metro-Goldwyn-Mayer Pictures)%'::text)", "Rows Removed by Filter": 7}]}]}]}]}, "Triggers": [], "Planner Runtime": 8.015, "Total Runtime": 10.168, "Unique SQL Id": 1162488282}}, "(16, '85')": {"explain_plan": {"Plan": {"Node Type": "Aggregate", "Strategy": "Plain", "Startup Cost": 381254.34, "Total Cost": 381254.35, "Plan Rows": 1, "Plan Width": 113, "Plans": [{"Node Type": "Merge Join", "Parent Relationship": "Outer", "Join Type": "Inner", "Startup Cost": 373738.02, "Total Cost": 377898.31, "Plan Rows": 447470, "Plan Width": 45, "Inner Unique": false, "Merge Cond": "(ct.id = mc.company_type_id)", "Plans": [{"Node Type": "Index Scan", "Parent Relationship": "Outer", "Scan Direction": "Forward", "Index Name": "company_type_pkey", "Relation Name": "company_type", "Alias": "ct", "Startup Cost": 0.0, "Total Cost": 12.3, "Plan Rows": 1, "Plan Width": 4, "Filter": "((kind)::text = 'production companies'::text)"}, {"Node Type": "Sort", "Parent Relationship": "Inner", "Startup Cost": 372394.01, "Total Cost": 373767.01, "Plan Rows": 549199, "Plan Width": 49, "Sort Key": ["mc.company_type_id"], "Plans": [{"Node Type": "Nested Loop", "Parent Relationship": "Outer", "Join Type": "Inner", "Startup Cost": 7502.06, "Total Cost": 320036.21, "Plan Rows": 549199, "Plan Width": 49, "Inner Unique": false, "Join Filter": "(t.id = mc.movie_id), (LLVM Optimized)", "Plans": [{"Node Type": "Nested Loop", "Parent Relationship": "Outer", "Join Type": "Inner", "Startup Cost": 7502.06, "Total Cost": 164119.17, "Plan Rows": 396404, "Plan Width": 29, "Inner Unique": true, "Plans": [{"Node Type": "Nested Loop", "Parent Relationship": "Outer", "Join Type": "Inner", "Startup Cost": 7502.06, "Total Cost": 21752.95, "Plan Rows": 345008, "Plan Width": 4, "Inner Unique": false, "Plans": [{"Node Type": "Index Scan", "Parent Relationship": "Outer", "Scan Direction": "Forward", "Index Name": "info_type_pkey", "Relation Name": "info_type", "Alias": "it", "Startup Cost": 0.0, "Total Cost": 14.21, "Plan Rows": 1, "Plan Width": 4, "Filter": "((info)::text = 'bottom 10 rank'::text)"}, {"Node Type": "Bitmap Heap Scan", "Parent Relationship": "Inner", "Relation Name": "movie_info_idx", "Alias": "mi_idx", "Startup Cost": 7502.06, "Total Cost": 18288.66, "Plan Rows": 345008, "Plan Width": 8, "Recheck Cond": "(info_type_id = it.id), (LLVM Optimized)", "Plans": [{"Node Type": "Bitmap Index Scan", "Parent Relationship": "Outer", "Index Name": "info_type_id_movie_info_idx", "Startup Cost": 0.0, "Total Cost": 7415.81, "Plan Rows": 345008, "Plan Width": 0, "Index Cond": "(info_type_id = it.id)"}]}]}, {"Node Type": "Index Scan", "Parent Relationship": "Inner", "Scan Direction": "Forward", "Index Name": "title_pkey", "Relation Name": "title", "Alias": "t", "Startup Cost": 0.0, "Total Cost": 0.4, "Plan Rows": 1, "Plan Width": 25, "Index Cond": "(id = mi_idx.movie_id)", "Filter": "((production_year >= 2005) AND (production_year <= 2010))"}]}, {"Node Type": "Index Scan", "Parent Relationship": "Inner", "Scan Direction": "Forward", "Index Name": "movie_id_movie_companies", "Relation Name": "movie_companies", "Alias": "mc", "Startup Cost": 0.0, "Total Cost": 0.37, "Plan Rows": 2, "Plan Width": 32, "Index Cond": "(movie_id = mi_idx.movie_id)", "Filter": "((note)::text !~~ '%(as Metro-Goldwyn-Mayer Pictures)%'::text)"}]}]}]}]}, "Unique SQL Id": 1162488282, "Planner Runtime": 9}, "explain_analyze_plan": {"Plan": {"Node Type": "Aggregate", "Strategy": "Plain", "Startup Cost": 381254.34, "Total Cost": 381254.35, "Plan Rows": 1, "Plan Width": 113, "Actual Startup Time": 0.38, "Actual Total Time": 0.38, "Actual Rows": 1, "Actual Loops": 1, "Plans": [{"Node Type": "Merge Join", "Parent Relationship": "Outer", "Join Type": "Inner", "Startup Cost": 373738.02, "Total Cost": 377898.31, "Plan Rows": 447470, "Plan Width": 45, "Actual Startup Time": 0.361, "Actual Total Time": 0.367, "Actual Rows": 3, "Actual Loops": 1, "Inner Unique": false, "Merge Cond": "(ct.id = mc.company_type_id)", "Plans": [{"Node Type": "Index Scan", "Parent Relationship": "Outer", "Scan Direction": "Forward", "Index Name": "company_type_pkey", "Relation Name": "company_type", "Alias": "ct", "Startup Cost": 0.0, "Total Cost": 12.3, "Plan Rows": 1, "Plan Width": 4, "Actual Startup Time": 0.021, "Actual Total Time": 0.024, "Actual Rows": 1, "Actual Loops": 1, "Filter": "((kind)::text = 'production companies'::text)", "Rows Removed by Filter": 2}, {"Node Type": "Sort", "Parent Relationship": "Inner", "Startup Cost": 372394.01, "Total Cost": 373767.01, "Plan Rows": 549199, "Plan Width": 49, "Actual Startup Time": 0.321, "Actual Total Time": 0.326, "Actual Rows": 66, "Actual Loops": 1, "Sort Key": ["mc.company_type_id"], "Sort Method": "quicksort", "Sort Space Used": 35, "Sort Space Type": "Memory", "Plans": [{"Node Type": "Nested Loop", "Parent Relationship": "Outer", "Join Type": "Inner", "Startup Cost": 7502.06, "Total Cost": 320036.21, "Plan Rows": 549199, "Plan Width": 49, "Actual Startup Time": 0.149, "Actual Total Time": 0.288, "Actual Rows": 66, "Actual Loops": 1, "Inner Unique": false, "Join Filter": "(t.id = mc.movie_id), (LLVM Optimized)", "Rows Removed by Join Filter": 0, "Plans": [{"Node Type": "Nested Loop", "Parent Relationship": "Outer", "Join Type": "Inner", "Startup Cost": 7502.06, "Total Cost": 164119.17, "Plan Rows": 396404, "Plan Width": 29, "Actual Startup Time": 0.133, "Actual Total Time": 0.163, "Actual Rows": 4, "Actual Loops": 1, "Inner Unique": true, "Plans": [{"Node Type": "Nested Loop", "Parent Relationship": "Outer", "Join Type": "Inner", "Startup Cost": 7502.06, "Total Cost": 21752.95, "Plan Rows": 345008, "Plan Width": 4, "Actual Startup Time": 0.083, "Actual Total Time": 0.088, "Actual Rows": 10, "Actual Loops": 1, "Inner Unique": false, "Plans": [{"Node Type": "Index Scan", "Parent Relationship": "Outer", "Scan Direction": "Forward", "Index Name": "info_type_pkey", "Relation Name": "info_type", "Alias": "it", "Startup Cost": 0.0, "Total Cost": 14.21, "Plan Rows": 1, "Plan Width": 4, "Actual Startup Time": 0.057, "Actual Total Time": 0.058, "Actual Rows": 1, "Actual Loops": 1, "Filter": "((info)::text = 'bottom 10 rank'::text)", "Rows Removed by Filter": 111}, {"Node Type": "Bitmap Heap Scan", "Parent Relationship": "Inner", "Relation Name": "movie_info_idx", "Alias": "mi_idx", "Startup Cost": 7502.06, "Total Cost": 18288.66, "Plan Rows": 345008, "Plan Width": 8, "Actual Startup Time": 0.02, "Actual Total Time": 0.022, "Actual Rows": 10, "Actual Loops": 1, "Recheck Cond": "(info_type_id = it.id), (LLVM Optimized)", "Rows Removed by Index Recheck": 0, "Exact Heap Blocks": 1, "Lossy Heap Blocks": 1, "Plans": [{"Node Type": "Bitmap Index Scan", "Parent Relationship": "Outer", "Index Name": "info_type_id_movie_info_idx", "Startup Cost": 0.0, "Total Cost": 7415.81, "Plan Rows": 345008, "Plan Width": 0, "Actual Startup Time": 0.01, "Actual Total Time": 0.01, "Actual Rows": 10, "Actual Loops": 1, "Index Cond": "(info_type_id = it.id)"}]}]}, {"Node Type": "Index Scan", "Parent Relationship": "Inner", "Scan Direction": "Forward", "Index Name": "title_pkey", "Relation Name": "title", "Alias": "t", "Startup Cost": 0.0, "Total Cost": 0.4, "Plan Rows": 1, "Plan Width": 25, "Actual Startup Time": 0.063, "Actual Total Time": 0.063, "Actual Rows": 4, "Actual Loops": 10, "Index Cond": "(id = mi_idx.movie_id)", "Rows Removed by Index Recheck": 0, "Filter": "((production_year >= 2005) AND (production_year <= 2010))", "Rows Removed by Filter": 6}]}, {"Node Type": "Index Scan", "Parent Relationship": "Inner", "Scan Direction": "Forward", "Index Name": "movie_id_movie_companies", "Relation Name": "movie_companies", "Alias": "mc", "Startup Cost": 0.0, "Total Cost": 0.37, "Plan Rows": 2, "Plan Width": 32, "Actual Startup Time": 0.034, "Actual Total Time": 0.096, "Actual Rows": 66, "Actual Loops": 4, "Index Cond": "(movie_id = mi_idx.movie_id)", "Rows Removed by Index Recheck": 0, "Filter": "((note)::text !~~ '%(as Metro-Goldwyn-Mayer Pictures)%'::text)", "Rows Removed by Filter": 7}]}]}]}]}, "Triggers": [], "Planner Runtime": 8.429, "Total Runtime": 9.955, "Unique SQL Id": 1162488282}}, "(16, '86')": {"explain_plan": {"Plan": {"Node Type": "Aggregate", "Strategy": "Plain", "Startup Cost": 1774694.75, "Total Cost": 1774694.76, "Plan Rows": 1, "Plan Width": 113, "Plans": [{"Node Type": "Merge Join", "Parent Relationship": "Outer", "Join Type": "Inner", "Startup Cost": 1756416.81, "Total Cost": 1771338.73, "Plan Rows": 447470, "Plan Width": 45, "Inner Unique": false, "Merge Cond": "(t.id = mc.movie_id)", "Plans": [{"Node Type": "Sort", "Parent Relationship": "Outer", "Startup Cost": 1546298.52, "Total Cost": 1547289.53, "Plan Rows": 396404, "Plan Width": 29, "Sort Key": ["mi_idx.movie_id"], "Plans": [{"Node Type": "Nested Loop", "Parent Relationship": "Outer", "Join Type": "Inner", "Startup Cost": 7502.35, "Total Cost": 1509439.66, "Plan Rows": 396404, "Plan Width": 29, "Inner Unique": true, "Plans": [{"Node Type": "Nested Loop", "Parent Relationship": "Outer", "Join Type": "Inner", "Startup Cost": 7502.06, "Total Cost": 21741.14, "Plan Rows": 345008, "Plan Width": 4, "Inner Unique": false, "Plans": [{"Node Type": "Seq Scan", "Parent Relationship": "Outer", "Relation Name": "info_type", "Alias": "it", "Startup Cost": 0.0, "Total Cost": 2.4, "Plan Rows": 1, "Plan Width": 4, "Filter": "((info)::text = 'bottom 10 rank'::text)"}, {"Node Type": "Bitmap Heap Scan", "Parent Relationship": "Inner", "Relation Name": "movie_info_idx", "Alias": "mi_idx", "Startup Cost": 7502.06, "Total Cost": 18288.66, "Plan Rows": 345008, "Plan Width": 8, "Recheck Cond": "(info_type_id = it.id), (LLVM Optimized)", "Plans": [{"Node Type": "Bitmap Index Scan", "Parent Relationship": "Outer", "Index Name": "info_type_id_movie_info_idx", "Startup Cost": 0.0, "Total Cost": 7415.81, "Plan Rows": 345008, "Plan Width": 0, "Index Cond": "(info_type_id = it.id)"}]}]}, {"Node Type": "Bitmap Heap Scan", "Parent Relationship": "Inner", "Relation Name": "title", "Alias": "t", "Startup Cost": 0.28, "Total Cost": 4.3, "Plan Rows": 1, "Plan Width": 25, "Recheck Cond": "(id = mi_idx.movie_id)", "Filter": "((production_year >= 2005) AND (production_year <= 2010))", "Plans": [{"Node Type": "Bitmap Index Scan", "Parent Relationship": "Outer", "Index Name": "title_pkey", "Startup Cost": 0.0, "Total Cost": 0.28, "Plan Rows": 1, "Plan Width": 0, "Index Cond": "(id = mi_idx.movie_id)"}]}]}]}, {"Node Type": "Sort", "Parent Relationship": "Inner", "Startup Cost": 210118.25, "Total Cost": 213379.54, "Plan Rows": 1304518, "Plan Width": 28, "Sort Key": ["mc.movie_id"], "Plans": [{"Node Type": "Nested Loop", "Parent Relationship": "Outer", "Join Type": "Inner", "Startup Cost": 29270.61, "Total Cost": 77611.28, "Plan Rows": 1304518, "Plan Width": 28, "Inner Unique": false, "Plans": [{"Node Type": "Seq Scan", "Parent Relationship": "Outer", "Relation Name": "company_type", "Alias": "ct", "Startup Cost": 0.0, "Total Cost": 1.04, "Plan Rows": 1, "Plan Width": 4, "Filter": "((kind)::text = 'production companies'::text)"}, {"Node Type": "Bitmap Heap Scan", "Parent Relationship": "Inner", "Relation Name": "movie_companies", "Alias": "mc", "Startup Cost": 29270.61, "Total Cost": 64565.07, "Plan Rows": 1304517, "Plan Width": 32, "Recheck Cond": "(company_type_id = ct.id), (LLVM Optimized)", "Filter": "((note)::text !~~ '%(as Metro-Goldwyn-Mayer Pictures)%'::text), (LLVM Optimized)", "Plans": [{"Node Type": "Bitmap Index Scan", "Parent Relationship": "Outer", "Index Name": "company_type_id_movie_companies", "Startup Cost": 0.0, "Total Cost": 28944.48, "Plan Rows": 1304564, "Plan Width": 0, "Index Cond": "(company_type_id = ct.id)"}]}]}]}]}]}, "Unique SQL Id": 1162488282, "Planner Runtime": 5}, "explain_analyze_plan": {"Plan": {"Node Type": "Aggregate", "Strategy": "Plain", "Startup Cost": 1774694.75, "Total Cost": 1774694.76, "Plan Rows": 1, "Plan Width": 113, "Actual Startup Time": 699.656, "Actual Total Time": 699.657, "Actual Rows": 1, "Actual Loops": 1, "Plans": [{"Node Type": "Merge Join", "Parent Relationship": "Outer", "Join Type": "Inner", "Startup Cost": 1756416.81, "Total Cost": 1771338.73, "Plan Rows": 447470, "Plan Width": 45, "Actual Startup Time": 685.079, "Actual Total Time": 699.626, "Actual Rows": 3, "Actual Loops": 1, "Inner Unique": false, "Merge Cond": "(t.id = mc.movie_id)", "Plans": [{"Node Type": "Sort", "Parent Relationship": "Outer", "Startup Cost": 1546298.52, "Total Cost": 1547289.53, "Plan Rows": 396404, "Plan Width": 29, "Actual Startup Time": 0.241, "Actual Total Time": 0.243, "Actual Rows": 4, "Actual Loops": 1, "Sort Key": ["mi_idx.movie_id"], "Sort Method": "quicksort", "Sort Space Used": 25, "Sort Space Type": "Memory", "Plans": [{"Node Type": "Nested Loop", "Parent Relationship": "Outer", "Join Type": "Inner", "Startup Cost": 7502.35, "Total Cost": 1509439.66, "Plan Rows": 396404, "Plan Width": 29, "Actual Startup Time": 0.181, "Actual Total Time": 0.22, "Actual Rows": 4, "Actual Loops": 1, "Inner Unique": true, "Plans": [{"Node Type": "Nested Loop", "Parent Relationship": "Outer", "Join Type": "Inner", "Startup Cost": 7502.06, "Total Cost": 21741.14, "Plan Rows": 345008, "Plan Width": 4, "Actual Startup Time": 0.112, "Actual Total Time": 0.12, "Actual Rows": 10, "Actual Loops": 1, "Inner Unique": false, "Plans": [{"Node Type": "Seq Scan", "Parent Relationship": "Outer", "Relation Name": "info_type", "Alias": "it", "Startup Cost": 0.0, "Total Cost": 2.4, "Plan Rows": 1, "Plan Width": 4, "Actual Startup Time": 0.068, "Actual Total Time": 0.072, "Actual Rows": 1, "Actual Loops": 1, "Filter": "((info)::text = 'bottom 10 rank'::text)", "Rows Removed by Filter": 111}, {"Node Type": "Bitmap Heap Scan", "Parent Relationship": "Inner", "Relation Name": "movie_info_idx", "Alias": "mi_idx", "Startup Cost": 7502.06, "Total Cost": 18288.66, "Plan Rows": 345008, "Plan Width": 8, "Actual Startup Time": 0.034, "Actual Total Time": 0.034, "Actual Rows": 10, "Actual Loops": 1, "Recheck Cond": "(info_type_id = it.id), (LLVM Optimized)", "Rows Removed by Index Recheck": 0, "Exact Heap Blocks": 1, "Lossy Heap Blocks": 1, "Plans": [{"Node Type": "Bitmap Index Scan", "Parent Relationship": "Outer", "Index Name": "info_type_id_movie_info_idx", "Startup Cost": 0.0, "Total Cost": 7415.81, "Plan Rows": 345008, "Plan Width": 0, "Actual Startup Time": 0.016, "Actual Total Time": 0.016, "Actual Rows": 10, "Actual Loops": 1, "Index Cond": "(info_type_id = it.id)"}]}]}, {"Node Type": "Bitmap Heap Scan", "Parent Relationship": "Inner", "Relation Name": "title", "Alias": "t", "Startup Cost": 0.28, "Total Cost": 4.3, "Plan Rows": 1, "Plan Width": 25, "Actual Startup Time": 0.085, "Actual Total Time": 0.085, "Actual Rows": 4, "Actual Loops": 10, "Recheck Cond": "(id = mi_idx.movie_id)", "Rows Removed by Index Recheck": 0, "Filter": "((production_year >= 2005) AND (production_year <= 2010))", "Rows Removed by Filter": 6, "Exact Heap Blocks": 10, "Lossy Heap Blocks": 10, "Plans": [{"Node Type": "Bitmap Index Scan", "Parent Relationship": "Outer", "Index Name": "title_pkey", "Startup Cost": 0.0, "Total Cost": 0.28, "Plan Rows": 1, "Plan Width": 0, "Actual Startup Time": 0.048, "Actual Total Time": 0.048, "Actual Rows": 10, "Actual Loops": 10, "Index Cond": "(id = mi_idx.movie_id)"}]}]}]}, {"Node Type": "Sort", "Parent Relationship": "Inner", "Startup Cost": 210118.25, "Total Cost": 213379.54, "Plan Rows": 1304518, "Plan Width": 28, "Actual Startup Time": 668.738, "Actual Total Time": 680.261, "Actual Rows": 124632, "Actual Loops": 1, "Sort Key": ["mc.movie_id"], "Sort Method": "quicksort", "Sort Space Used": 20170, "Sort Space Type": "Memory", "Plans": [{"Node Type": "Nested Loop", "Parent Relationship": "Outer", "Join Type": "Inner", "Startup Cost": 29270.61, "Total Cost": 77611.28, "Plan Rows": 1304518, "Plan Width": 28, "Actual Startup Time": 161.299, "Actual Total Time": 618.084, "Actual Rows": 140904, "Actual Loops": 1, "Inner Unique": false, "Plans": [{"Node Type": "Seq Scan", "Parent Relationship": "Outer", "Relation Name": "company_type", "Alias": "ct", "Startup Cost": 0.0, "Total Cost": 1.04, "Plan Rows": 1, "Plan Width": 4, "Actual Startup Time": 0.007, "Actual Total Time": 0.016, "Actual Rows": 1, "Actual Loops": 1, "Filter": "((kind)::text = 'production companies'::text)", "Rows Removed by Filter": 2}, {"Node Type": "Bitmap Heap Scan", "Parent Relationship": "Inner", "Relation Name": "movie_companies", "Alias": "mc", "Startup Cost": 29270.61, "Total Cost": 64565.07, "Plan Rows": 1304517, "Plan Width": 32, "Actual Startup Time": 161.287, "Actual Total Time": 590.285, "Actual Rows": 140904, "Actual Loops": 1, "Recheck Cond": "(company_type_id = ct.id), (LLVM Optimized)", "Rows Removed by Index Recheck": 0, "Filter": "((note)::text !~~ '%(as Metro-Goldwyn-Mayer Pictures)%'::text), (LLVM Optimized)", "Rows Removed by Filter": 1193979, "Exact Heap Blocks": 6196, "Lossy Heap Blocks": 6196, "Plans": [{"Node Type": "Bitmap Index Scan", "Parent Relationship": "Outer", "Index Name": "company_type_id_movie_companies", "Startup Cost": 0.0, "Total Cost": 28944.48, "Plan Rows": 1304564, "Plan Width": 0, "Actual Startup Time": 160.025, "Actual Total Time": 160.025, "Actual Rows": 1334883, "Actual Loops": 1, "Index Cond": "(company_type_id = ct.id)"}]}]}]}]}]}, "Triggers": [], "Planner Runtime": 6.311, "Total Runtime": 710.197, "Unique SQL Id": 1162488282}}, "(16, '87')": {"explain_plan": {"Plan": {"Node Type": "Aggregate", "Strategy": "Plain", "Startup Cost": 482639.96, "Total Cost": 482639.97, "Plan Rows": 1, "Plan Width": 113, "Plans": [{"Node Type": "Merge Join", "Parent Relationship": "Outer", "Join Type": "Inner", "Startup Cost": 456129.24, "Total Cost": 479283.94, "Plan Rows": 447470, "Plan Width": 45, "Inner Unique": true, "Merge Cond": "(mc.movie_id = t.id)", "Plans": [{"Node Type": "Merge Join", "Parent Relationship": "Outer", "Join Type": "Inner", "Startup Cost": 263616.8, "Total Cost": 277451.17, "Plan Rows": 501180, "Plan Width": 32, "Inner Unique": false, "Merge Cond": "(mi_idx.movie_id = mc.movie_id)", "Plans": [{"Node Type": "Sort", "Parent Relationship": "Outer", "Startup Cost": 53487.25, "Total Cost": 54349.77, "Plan Rows": 345008, "Plan Width": 4, "Sort Key": ["mi_idx.movie_id"], "Plans": [{"Node Type": "Nested Loop", "Parent Relationship": "Outer", "Join Type": "Inner", "Startup Cost": 7510.87, "Total Cost": 21752.95, "Plan Rows": 345008, "Plan Width": 4, "Inner Unique": false, "Plans": [{"Node Type": "Bitmap Heap Scan", "Parent Relationship": "Outer", "Relation Name": "info_type", "Alias": "it", "Startup Cost": 8.81, "Total Cost": 14.21, "Plan Rows": 1, "Plan Width": 4, "Filter": "((info)::text = 'bottom 10 rank'::text)", "Plans": [{"Node Type": "Bitmap Index Scan", "Parent Relationship": "Outer", "Index Name": "info_type_pkey", "Startup Cost": 0.0, "Total Cost": 8.81, "Plan Rows": 112, "Plan Width": 0}]}, {"Node Type": "Bitmap Heap Scan", "Parent Relationship": "Inner", "Relation Name": "movie_info_idx", "Alias": "mi_idx", "Startup Cost": 7502.06, "Total Cost": 18288.66, "Plan Rows": 345008, "Plan Width": 8, "Recheck Cond": "(info_type_id = it.id), (LLVM Optimized)", "Plans": [{"Node Type": "Bitmap Index Scan", "Parent Relationship": "Outer", "Index Name": "info_type_id_movie_info_idx", "Startup Cost": 0.0, "Total Cost": 7415.81, "Plan Rows": 345008, "Plan Width": 0, "Index Cond": "(info_type_id = it.id)"}]}]}]}, {"Node Type": "Sort", "Parent Relationship": "Inner", "Startup Cost": 210129.52, "Total Cost": 213390.81, "Plan Rows": 1304518, "Plan Width": 28, "Sort Key": ["mc.movie_id"], "Plans": [{"Node Type": "Nested Loop", "Parent Relationship": "Outer", "Join Type": "Inner", "Startup Cost": 29278.87, "Total Cost": 77622.54, "Plan Rows": 1304518, "Plan Width": 28, "Inner Unique": false, "Plans": [{"Node Type": "Bitmap Heap Scan", "Parent Relationship": "Outer", "Relation Name": "company_type", "Alias": "ct", "Startup Cost": 8.27, "Total Cost": 12.3, "Plan Rows": 1, "Plan Width": 4, "Filter": "((kind)::text = 'production companies'::text)", "Plans": [{"Node Type": "Bitmap Index Scan", "Parent Relationship": "Outer", "Index Name": "company_type_pkey", "Startup Cost": 0.0, "Total Cost": 8.27, "Plan Rows": 3, "Plan Width": 0}]}, {"Node Type": "Bitmap Heap Scan", "Parent Relationship": "Inner", "Relation Name": "movie_companies", "Alias": "mc", "Startup Cost": 29270.61, "Total Cost": 64565.07, "Plan Rows": 1304517, "Plan Width": 32, "Recheck Cond": "(company_type_id = ct.id), (LLVM Optimized)", "Filter": "((note)::text !~~ '%(as Metro-Goldwyn-Mayer Pictures)%'::text), (LLVM Optimized)", "Plans": [{"Node Type": "Bitmap Index Scan", "Parent Relationship": "Outer", "Index Name": "company_type_id_movie_companies", "Startup Cost": 0.0, "Total Cost": 28944.48, "Plan Rows": 1304564, "Plan Width": 0, "Index Cond": "(company_type_id = ct.id)"}]}]}]}]}, {"Node Type": "Sort", "Parent Relationship": "Inner", "Startup Cost": 192512.36, "Total Cost": 194310.46, "Plan Rows": 719240, "Plan Width": 25, "Sort Key": ["t.id"], "Plans": [{"Node Type": "Bitmap Heap Scan", "Parent Relationship": "Outer", "Relation Name": "title", "Alias": "t", "Startup Cost": 49833.61, "Total Cost": 122544.28, "Plan Rows": 719240, "Plan Width": 25, "Filter": "((production_year >= 2005) AND (production_year <= 2010)), (LLVM Optimized)", "Plans": [{"Node Type": "Bitmap Index Scan", "Parent Relationship": "Outer", "Index Name": "title_pkey", "Startup Cost": 0.0, "Total Cost": 49653.81, "Plan Rows": 2528311, "Plan Width": 0}]}]}]}]}, "Unique SQL Id": 1162488282, "Planner Runtime": 6}, "explain_analyze_plan": null}, "(16, '88')": {"explain_plan": {"Plan": {"Node Type": "Aggregate", "Strategy": "Plain", "Startup Cost": 397816.53, "Total Cost": 397816.54, "Plan Rows": 1, "Plan Width": 113, "Plans": [{"Node Type": "Merge Join", "Parent Relationship": "Outer", "Join Type": "Inner", "Startup Cost": 390312.51, "Total Cost": 394460.5, "Plan Rows": 447470, "Plan Width": 45, "Inner Unique": false, "Merge Cond": "(ct.id = mc.company_type_id)", "Plans": [{"Node Type": "Sort", "Parent Relationship": "Outer", "Startup Cost": 1.05, "Total Cost": 1.05, "Plan Rows": 1, "Plan Width": 4, "Sort Key": ["ct.id"], "Plans": [{"Node Type": "Seq Scan", "Parent Relationship": "Outer", "Relation Name": "company_type", "Alias": "ct", "Startup Cost": 0.0, "Total Cost": 1.04, "Plan Rows": 1, "Plan Width": 4, "Filter": "((kind)::text = 'production companies'::text)"}]}, {"Node Type": "Sort", "Parent Relationship": "Inner", "Startup Cost": 388967.45, "Total Cost": 390340.45, "Plan Rows": 549199, "Plan Width": 49, "Sort Key": ["mc.company_type_id"], "Plans": [{"Node Type": "Nested Loop", "Parent Relationship": "Outer", "Join Type": "Inner", "Startup Cost": 0.0, "Total Cost": 336609.65, "Plan Rows": 549199, "Plan Width": 49, "Inner Unique": false, "Join Filter": "(t.id = mc.movie_id), (LLVM Optimized)", "Plans": [{"Node Type": "Nested Loop", "Parent Relationship": "Outer", "Join Type": "Inner", "Startup Cost": 0.0, "Total Cost": 180692.61, "Plan Rows": 396404, "Plan Width": 29, "Inner Unique": true, "Plans": [{"Node Type": "Nested Loop", "Parent Relationship": "Outer", "Join Type": "Inner", "Startup Cost": 0.0, "Total Cost": 38326.39, "Plan Rows": 345008, "Plan Width": 4, "Inner Unique": false, "Plans": [{"Node Type": "Seq Scan", "Parent Relationship": "Outer", "Relation Name": "info_type", "Alias": "it", "Startup Cost": 0.0, "Total Cost": 2.4, "Plan Rows": 1, "Plan Width": 4, "Filter": "((info)::text = 'bottom 10 rank'::text)"}, {"Node Type": "Index Scan", "Parent Relationship": "Inner", "Scan Direction": "Forward", "Index Name": "info_type_id_movie_info_idx", "Relation Name": "movie_info_idx", "Alias": "mi_idx", "Startup Cost": 0.0, "Total Cost": 34873.91, "Plan Rows": 345008, "Plan Width": 8, "Index Cond": "(info_type_id = it.id), (LLVM Optimized)"}]}, {"Node Type": "Index Scan", "Parent Relationship": "Inner", "Scan Direction": "Forward", "Index Name": "title_pkey", "Relation Name": "title", "Alias": "t", "Startup Cost": 0.0, "Total Cost": 0.4, "Plan Rows": 1, "Plan Width": 25, "Index Cond": "(id = mi_idx.movie_id)", "Filter": "((production_year >= 2005) AND (production_year <= 2010))"}]}, {"Node Type": "Index Scan", "Parent Relationship": "Inner", "Scan Direction": "Forward", "Index Name": "movie_id_movie_companies", "Relation Name": "movie_companies", "Alias": "mc", "Startup Cost": 0.0, "Total Cost": 0.37, "Plan Rows": 2, "Plan Width": 32, "Index Cond": "(movie_id = mi_idx.movie_id)", "Filter": "((note)::text !~~ '%(as Metro-Goldwyn-Mayer Pictures)%'::text)"}]}]}]}]}, "Unique SQL Id": 1162488282, "Planner Runtime": 7}, "explain_analyze_plan": {"Plan": {"Node Type": "Aggregate", "Strategy": "Plain", "Startup Cost": 397816.53, "Total Cost": 397816.54, "Plan Rows": 1, "Plan Width": 113, "Actual Startup Time": 0.553, "Actual Total Time": 0.553, "Actual Rows": 1, "Actual Loops": 1, "Plans": [{"Node Type": "Merge Join", "Parent Relationship": "Outer", "Join Type": "Inner", "Startup Cost": 390312.51, "Total Cost": 394460.5, "Plan Rows": 447470, "Plan Width": 45, "Actual Startup Time": 0.535, "Actual Total Time": 0.538, "Actual Rows": 3, "Actual Loops": 1, "Inner Unique": false, "Merge Cond": "(ct.id = mc.company_type_id)", "Plans": [{"Node Type": "Sort", "Parent Relationship": "Outer", "Startup Cost": 1.05, "Total Cost": 1.05, "Plan Rows": 1, "Plan Width": 4, "Actual Startup Time": 0.033, "Actual Total Time": 0.034, "Actual Rows": 1, "Actual Loops": 1, "Sort Key": ["ct.id"], "Sort Method": "quicksort", "Sort Space Used": 25, "Sort Space Type": "Memory", "Plans": [{"Node Type": "Seq Scan", "Parent Relationship": "Outer", "Relation Name": "company_type", "Alias": "ct", "Startup Cost": 0.0, "Total Cost": 1.04, "Plan Rows": 1, "Plan Width": 4, "Actual Startup Time": 0.016, "Actual Total Time": 0.019, "Actual Rows": 1, "Actual Loops": 1, "Filter": "((kind)::text = 'production companies'::text)", "Rows Removed by Filter": 2}]}, {"Node Type": "Sort", "Parent Relationship": "Inner", "Startup Cost": 388967.45, "Total Cost": 390340.45, "Plan Rows": 549199, "Plan Width": 49, "Actual Startup Time": 0.483, "Actual Total Time": 0.488, "Actual Rows": 66, "Actual Loops": 1, "Sort Key": ["mc.company_type_id"], "Sort Method": "quicksort", "Sort Space Used": 35, "Sort Space Type": "Memory", "Plans": [{"Node Type": "Nested Loop", "Parent Relationship": "Outer", "Join Type": "Inner", "Startup Cost": 0.0, "Total Cost": 336609.65, "Plan Rows": 549199, "Plan Width": 49, "Actual Startup Time": 0.229, "Actual Total Time": 0.447, "Actual Rows": 66, "Actual Loops": 1, "Inner Unique": false, "Join Filter": "(t.id = mc.movie_id), (LLVM Optimized)", "Rows Removed by Join Filter": 0, "Plans": [{"Node Type": "Nested Loop", "Parent Relationship": "Outer", "Join Type": "Inner", "Startup Cost": 0.0, "Total Cost": 180692.61, "Plan Rows": 396404, "Plan Width": 29, "Actual Startup Time": 0.203, "Actual Total Time": 0.27, "Actual Rows": 4, "Actual Loops": 1, "Inner Unique": true, "Plans": [{"Node Type": "Nested Loop", "Parent Relationship": "Outer", "Join Type": "Inner", "Startup Cost": 0.0, "Total Cost": 38326.39, "Plan Rows": 345008, "Plan Width": 4, "Actual Startup Time": 0.087, "Actual Total Time": 0.096, "Actual Rows": 10, "Actual Loops": 1, "Inner Unique": false, "Plans": [{"Node Type": "Seq Scan", "Parent Relationship": "Outer", "Relation Name": "info_type", "Alias": "it", "Startup Cost": 0.0, "Total Cost": 2.4, "Plan Rows": 1, "Plan Width": 4, "Actual Startup Time": 0.058, "Actual Total Time": 0.061, "Actual Rows": 1, "Actual Loops": 1, "Filter": "((info)::text = 'bottom 10 rank'::text)", "Rows Removed by Filter": 111}, {"Node Type": "Index Scan", "Parent Relationship": "Inner", "Scan Direction": "Forward", "Index Name": "info_type_id_movie_info_idx", "Relation Name": "movie_info_idx", "Alias": "mi_idx", "Startup Cost": 0.0, "Total Cost": 34873.91, "Plan Rows": 345008, "Plan Width": 8, "Actual Startup Time": 0.025, "Actual Total Time": 0.029, "Actual Rows": 10, "Actual Loops": 1, "Index Cond": "(info_type_id = it.id), (LLVM Optimized)", "Rows Removed by Index Recheck": 0}]}, {"Node Type": "Index Scan", "Parent Relationship": "Inner", "Scan Direction": "Forward", "Index Name": "title_pkey", "Relation Name": "title", "Alias": "t", "Startup Cost": 0.0, "Total Cost": 0.4, "Plan Rows": 1, "Plan Width": 25, "Actual Startup Time": 0.164, "Actual Total Time": 0.164, "Actual Rows": 4, "Actual Loops": 10, "Index Cond": "(id = mi_idx.movie_id)", "Rows Removed by Index Recheck": 0, "Filter": "((production_year >= 2005) AND (production_year <= 2010))", "Rows Removed by Filter": 6}]}, {"Node Type": "Index Scan", "Parent Relationship": "Inner", "Scan Direction": "Forward", "Index Name": "movie_id_movie_companies", "Relation Name": "movie_companies", "Alias": "mc", "Startup Cost": 0.0, "Total Cost": 0.37, "Plan Rows": 2, "Plan Width": 32, "Actual Startup Time": 0.077, "Actual Total Time": 0.147, "Actual Rows": 66, "Actual Loops": 4, "Index Cond": "(movie_id = mi_idx.movie_id)", "Rows Removed by Index Recheck": 0, "Filter": "((note)::text !~~ '%(as Metro-Goldwyn-Mayer Pictures)%'::text)", "Rows Removed by Filter": 7}]}]}]}]}, "Triggers": [], "Planner Runtime": 7.739, "Total Runtime": 10.232, "Unique SQL Id": 1162488282}}, "(16, '89')": {"explain_plan": {"Plan": {"Node Type": "Aggregate", "Strategy": "Plain", "Startup Cost": 397839.59, "Total Cost": 397839.6, "Plan Rows": 1, "Plan Width": 113, "Plans": [{"Node Type": "Merge Join", "Parent Relationship": "Outer", "Join Type": "Inner", "Startup Cost": 390323.27, "Total Cost": 394483.56, "Plan Rows": 447470, "Plan Width": 45, "Inner Unique": false, "Merge Cond": "(ct.id = mc.company_type_id)", "Plans": [{"Node Type": "Index Scan", "Parent Relationship": "Outer", "Scan Direction": "Forward", "Index Name": "company_type_pkey", "Relation Name": "company_type", "Alias": "ct", "Startup Cost": 0.0, "Total Cost": 12.3, "Plan Rows": 1, "Plan Width": 4, "Filter": "((kind)::text = 'production companies'::text)"}, {"Node Type": "Sort", "Parent Relationship": "Inner", "Startup Cost": 388979.26, "Total Cost": 390352.26, "Plan Rows": 549199, "Plan Width": 49, "Sort Key": ["mc.company_type_id"], "Plans": [{"Node Type": "Nested Loop", "Parent Relationship": "Outer", "Join Type": "Inner", "Startup Cost": 0.0, "Total Cost": 336621.46, "Plan Rows": 549199, "Plan Width": 49, "Inner Unique": false, "Join Filter": "(t.id = mc.movie_id), (LLVM Optimized)", "Plans": [{"Node Type": "Nested Loop", "Parent Relationship": "Outer", "Join Type": "Inner", "Startup Cost": 0.0, "Total Cost": 180704.42, "Plan Rows": 396404, "Plan Width": 29, "Inner Unique": true, "Plans": [{"Node Type": "Nested Loop", "Parent Relationship": "Outer", "Join Type": "Inner", "Startup Cost": 0.0, "Total Cost": 38338.2, "Plan Rows": 345008, "Plan Width": 4, "Inner Unique": false, "Plans": [{"Node Type": "Index Scan", "Parent Relationship": "Outer", "Scan Direction": "Forward", "Index Name": "info_type_pkey", "Relation Name": "info_type", "Alias": "it", "Startup Cost": 0.0, "Total Cost": 14.21, "Plan Rows": 1, "Plan Width": 4, "Filter": "((info)::text = 'bottom 10 rank'::text)"}, {"Node Type": "Index Scan", "Parent Relationship": "Inner", "Scan Direction": "Forward", "Index Name": "info_type_id_movie_info_idx", "Relation Name": "movie_info_idx", "Alias": "mi_idx", "Startup Cost": 0.0, "Total Cost": 34873.91, "Plan Rows": 345008, "Plan Width": 8, "Index Cond": "(info_type_id = it.id), (LLVM Optimized)"}]}, {"Node Type": "Index Scan", "Parent Relationship": "Inner", "Scan Direction": "Forward", "Index Name": "title_pkey", "Relation Name": "title", "Alias": "t", "Startup Cost": 0.0, "Total Cost": 0.4, "Plan Rows": 1, "Plan Width": 25, "Index Cond": "(id = mi_idx.movie_id)", "Filter": "((production_year >= 2005) AND (production_year <= 2010))"}]}, {"Node Type": "Index Scan", "Parent Relationship": "Inner", "Scan Direction": "Forward", "Index Name": "movie_id_movie_companies", "Relation Name": "movie_companies", "Alias": "mc", "Startup Cost": 0.0, "Total Cost": 0.37, "Plan Rows": 2, "Plan Width": 32, "Index Cond": "(movie_id = mi_idx.movie_id)", "Filter": "((note)::text !~~ '%(as Metro-Goldwyn-Mayer Pictures)%'::text)"}]}]}]}]}, "Unique SQL Id": 1162488282, "Planner Runtime": 8}, "explain_analyze_plan": {"Plan": {"Node Type": "Aggregate", "Strategy": "Plain", "Startup Cost": 397839.59, "Total Cost": 397839.6, "Plan Rows": 1, "Plan Width": 113, "Actual Startup Time": 0.382, "Actual Total Time": 0.382, "Actual Rows": 1, "Actual Loops": 1, "Plans": [{"Node Type": "Merge Join", "Parent Relationship": "Outer", "Join Type": "Inner", "Startup Cost": 390323.27, "Total Cost": 394483.56, "Plan Rows": 447470, "Plan Width": 45, "Actual Startup Time": 0.365, "Actual Total Time": 0.369, "Actual Rows": 3, "Actual Loops": 1, "Inner Unique": false, "Merge Cond": "(ct.id = mc.company_type_id)", "Plans": [{"Node Type": "Index Scan", "Parent Relationship": "Outer", "Scan Direction": "Forward", "Index Name": "company_type_pkey", "Relation Name": "company_type", "Alias": "ct", "Startup Cost": 0.0, "Total Cost": 12.3, "Plan Rows": 1, "Plan Width": 4, "Actual Startup Time": 0.018, "Actual Total Time": 0.021, "Actual Rows": 1, "Actual Loops": 1, "Filter": "((kind)::text = 'production companies'::text)", "Rows Removed by Filter": 2}, {"Node Type": "Sort", "Parent Relationship": "Inner", "Startup Cost": 388979.26, "Total Cost": 390352.26, "Plan Rows": 549199, "Plan Width": 49, "Actual Startup Time": 0.328, "Actual Total Time": 0.332, "Actual Rows": 66, "Actual Loops": 1, "Sort Key": ["mc.company_type_id"], "Sort Method": "quicksort", "Sort Space Used": 35, "Sort Space Type": "Memory", "Plans": [{"Node Type": "Nested Loop", "Parent Relationship": "Outer", "Join Type": "Inner", "Startup Cost": 0.0, "Total Cost": 336621.46, "Plan Rows": 549199, "Plan Width": 49, "Actual Startup Time": 0.145, "Actual Total Time": 0.29, "Actual Rows": 66, "Actual Loops": 1, "Inner Unique": false, "Join Filter": "(t.id = mc.movie_id), (LLVM Optimized)", "Rows Removed by Join Filter": 0, "Plans": [{"Node Type": "Nested Loop", "Parent Relationship": "Outer", "Join Type": "Inner", "Startup Cost": 0.0, "Total Cost": 180704.42, "Plan Rows": 396404, "Plan Width": 29, "Actual Startup Time": 0.127, "Actual Total Time": 0.163, "Actual Rows": 4, "Actual Loops": 1, "Inner Unique": true, "Plans": [{"Node Type": "Nested Loop", "Parent Relationship": "Outer", "Join Type": "Inner", "Startup Cost": 0.0, "Total Cost": 38338.2, "Plan Rows": 345008, "Plan Width": 4, "Actual Startup Time": 0.071, "Actual Total Time": 0.079, "Actual Rows": 10, "Actual Loops": 1, "Inner Unique": false, "Plans": [{"Node Type": "Index Scan", "Parent Relationship": "Outer", "Scan Direction": "Forward", "Index Name": "info_type_pkey", "Relation Name": "info_type", "Alias": "it", "Startup Cost": 0.0, "Total Cost": 14.21, "Plan Rows": 1, "Plan Width": 4, "Actual Startup Time": 0.06, "Actual Total Time": 0.06, "Actual Rows": 1, "Actual Loops": 1, "Filter": "((info)::text = 'bottom 10 rank'::text)", "Rows Removed by Filter": 111}, {"Node Type": "Index Scan", "Parent Relationship": "Inner", "Scan Direction": "Forward", "Index Name": "info_type_id_movie_info_idx", "Relation Name": "movie_info_idx", "Alias": "mi_idx", "Startup Cost": 0.0, "Total Cost": 34873.91, "Plan Rows": 345008, "Plan Width": 8, "Actual Startup Time": 0.009, "Actual Total Time": 0.014, "Actual Rows": 10, "Actual Loops": 1, "Index Cond": "(info_type_id = it.id), (LLVM Optimized)", "Rows Removed by Index Recheck": 0}]}, {"Node Type": "Index Scan", "Parent Relationship": "Inner", "Scan Direction": "Forward", "Index Name": "title_pkey", "Relation Name": "title", "Alias": "t", "Startup Cost": 0.0, "Total Cost": 0.4, "Plan Rows": 1, "Plan Width": 25, "Actual Startup Time": 0.073, "Actual Total Time": 0.073, "Actual Rows": 4, "Actual Loops": 10, "Index Cond": "(id = mi_idx.movie_id)", "Rows Removed by Index Recheck": 0, "Filter": "((production_year >= 2005) AND (production_year <= 2010))", "Rows Removed by Filter": 6}]}, {"Node Type": "Index Scan", "Parent Relationship": "Inner", "Scan Direction": "Forward", "Index Name": "movie_id_movie_companies", "Relation Name": "movie_companies", "Alias": "mc", "Startup Cost": 0.0, "Total Cost": 0.37, "Plan Rows": 2, "Plan Width": 32, "Actual Startup Time": 0.038, "Actual Total Time": 0.096, "Actual Rows": 66, "Actual Loops": 4, "Index Cond": "(movie_id = mi_idx.movie_id)", "Rows Removed by Index Recheck": 0, "Filter": "((note)::text !~~ '%(as Metro-Goldwyn-Mayer Pictures)%'::text)", "Rows Removed by Filter": 7}]}]}]}]}, "Triggers": [], "Planner Runtime": 8.157, "Total Runtime": 10.051, "Unique SQL Id": 1162488282}}, "(16, '90')": {"explain_plan": {"Plan": {"Node Type": "Aggregate", "Strategy": "Plain", "Startup Cost": 12101798548661.24, "Total Cost": 12101798548661.27, "Plan Rows": 1, "Plan Width": 113, "Plans": [{"Node Type": "Streaming(type: LOCAL GATHER dop: 1/16)", "Parent Relationship": "Outer", "Startup Cost": 12101798548661.24, "Total Cost": 12101798548661.27, "Plan Rows": 1, "Plan Width": 113, "Plans": [{"Node Type": "Aggregate", "Strategy": "Plain", "Parent Relationship": "Outer", "Startup Cost": 12101798548661.24, "Total Cost": 12101798548661.25, "Plan Rows": 1, "Plan Width": 113, "Plans": [{"Node Type": "Nested Loop", "Parent Relationship": "Outer", "Join Type": "Inner", "Startup Cost": 40000000554.15, "Total Cost": 12101798546171.2, "Plan Rows": 332005, "Plan Width": 45, "Inner Unique": false, "Join Filter": "(mc.movie_id = t.id), (LLVM Optimized)", "Plans": [{"Node Type": "Streaming(type: LOCAL REDISTRIBUTE dop: 16/16)", "Parent Relationship": "Outer", "Startup Cost": 10000000000.0, "Total Cost": 100000370552.38, "Plan Rows": 1304518, "Plan Width": 28, "Plans": [{"Node Type": "Nested Loop", "Parent Relationship": "Outer", "Join Type": "Inner", "Startup Cost": 10000000000.0, "Total Cost": 100000350609.48, "Plan Rows": 1304518, "Plan Width": 28, "Inner Unique": false, "Join Filter": "(ct.id = mc.company_type_id), (LLVM Optimized)", "Plans": [{"Node Type": "Streaming(type: BROADCAST dop: 16/1)", "Parent Relationship": "Outer", "Startup Cost": 0.0, "Total Cost": 15001.38, "Plan Rows": 16, "Plan Width": 4, "Plans": [{"Node Type": "Seq Scan", "Parent Relationship": "Outer", "Relation Name": "company_type", "Alias": "ct", "Startup Cost": 0.0, "Total Cost": 1.04, "Plan Rows": 1, "Plan Width": 4, "Filter": "((kind)::text = 'production companies'::text)"}]}, {"Node Type": "Seq Scan", "Parent Relationship": "Inner", "Relation Name": "movie_companies", "Alias": "mc", "Startup Cost": 0.0, "Total Cost": 18021.26, "Plan Rows": 2609035, "Plan Width": 32, "Filter": "((note)::text !~~ '%(as Metro-Goldwyn-Mayer Pictures)%'::text), (LLVM Optimized)"}]}]}, {"Node Type": "Materialize", "Parent Relationship": "Inner", "Startup Cost": 20000000554.15, "Total Cost": 1100149184352.08, "Plan Rows": 396404, "Plan Width": 29, "Plans": [{"Node Type": "Streaming(type: LOCAL REDISTRIBUTE dop: 16/16)", "Parent Relationship": "Outer", "Startup Cost": 20000000554.15, "Total Cost": 1100149184228.2, "Plan Rows": 396404, "Plan Width": 29, "Plans": [{"Node Type": "Nested Loop", "Parent Relationship": "Outer", "Join Type": "Inner", "Startup Cost": 20000000554.15, "Total Cost": 1100149167726.2, "Plan Rows": 396404, "Plan Width": 29, "Inner Unique": false, "Join Filter": "(mi_idx.movie_id = t.id), (LLVM Optimized)", "Plans": [{"Node Type": "Streaming(type: LOCAL REDISTRIBUTE dop: 16/16)", "Parent Relationship": "Outer", "Startup Cost": 554.15, "Total Cost": 37269.66, "Plan Rows": 719240, "Plan Width": 25, "Plans": [{"Node Type": "Seq Scan", "Parent Relationship": "Outer", "Relation Name": "title", "Alias": "t", "Startup Cost": 554.15, "Total Cost": 19544.42, "Plan Rows": 719240, "Plan Width": 25, "Filter": "((production_year >= 2005) AND (production_year <= 2010)), (LLVM Optimized)"}]}, {"Node Type": "Materialize", "Parent Relationship": "Inner", "Startup Cost": 10000000000.0, "Total Cost": 100000339895.5, "Plan Rows": 345008, "Plan Width": 4, "Plans": [{"Node Type": "Streaming(type: LOCAL REDISTRIBUTE dop: 16/16)", "Parent Relationship": "Outer", "Startup Cost": 10000000000.0, "Total Cost": 100000339787.69, "Plan Rows": 345008, "Plan Width": 4, "Plans": [{"Node Type": "Nested Loop", "Parent Relationship": "Outer", "Join Type": "Inner", "Startup Cost": 10000000000.0, "Total Cost": 100000323480.43, "Plan Rows": 345008, "Plan Width": 4, "Inner Unique": false, "Join Filter": "(it.id = mi_idx.info_type_id), (LLVM Optimized)", "Plans": [{"Node Type": "Streaming(type: BROADCAST dop: 16/1)", "Parent Relationship": "Outer", "Startup Cost": 0.0, "Total Cost": 15002.75, "Plan Rows": 16, "Plan Width": 4, "Plans": [{"Node Type": "Seq Scan", "Parent Relationship": "Outer", "Relation Name": "info_type", "Alias": "it", "Startup Cost": 0.0, "Total Cost": 2.4, "Plan Rows": 1, "Plan Width": 4, "Filter": "((info)::text = 'bottom 10 rank'::text)"}]}, {"Node Type": "Seq Scan", "Parent Relationship": "Inner", "Relation Name": "movie_info_idx", "Alias": "mi_idx", "Startup Cost": 0.0, "Total Cost": 16267.15, "Plan Rows": 1380034, "Plan Width": 8}]}]}]}]}]}]}]}]}]}]}, "Unique SQL Id": 1162488282, "Planner Runtime": 9}, "explain_analyze_plan": {"Plan": {"Node Type": "Aggregate", "Strategy": "Plain", "Startup Cost": 12101798548661.24, "Total Cost": 12101798548661.27, "Plan Rows": 1, "Plan Width": 113, "Actual Min Startup Time": 528.758, "Actual Max Startup Time": 528.758, "Actual Min Total Time": 528.758, "Actual Max Total Time": 528.758, "Plans": [{"Node Type": "Streaming(type: LOCAL GATHER dop: 1/16)", "Parent Relationship": "Outer", "Startup Cost": 12101798548661.24, "Total Cost": 12101798548661.27, "Plan Rows": 1, "Plan Width": 113, "Actual Min Startup Time": 528.648, "Actual Max Startup Time": 528.648, "Actual Min Total Time": 528.737, "Actual Max Total Time": 528.737, "Plans": [{"Node Type": "Aggregate", "Strategy": "Plain", "Parent Relationship": "Outer", "Startup Cost": 12101798548661.24, "Total Cost": 12101798548661.25, "Plan Rows": 1, "Plan Width": 113, "Actual Min Startup Time": 241.123, "Actual Max Startup Time": 386.701, "Actual Min Total Time": 241.124, "Actual Max Total Time": 386.701, "Plans": [{"Node Type": "Nested Loop", "Parent Relationship": "Outer", "Join Type": "Inner", "Startup Cost": 40000000554.15, "Total Cost": 12101798546171.2, "Plan Rows": 332005, "Plan Width": 45, "Actual Min Startup Time": 241.12, "Actual Max Startup Time": 386.695, "Actual Min Total Time": 241.12, "Actual Max Total Time": 386.695, "Inner Unique": false, "Join Filter": "(mc.movie_id = t.id), (LLVM Optimized)", "Rows Removed by Join Filter": 35584, "Plans": [{"Node Type": "Streaming(type: LOCAL REDISTRIBUTE dop: 16/16)", "Parent Relationship": "Outer", "Startup Cost": 10000000000.0, "Total Cost": 100000370552.38, "Plan Rows": 1304518, "Plan Width": 28, "Actual Min Startup Time": 0.057, "Actual Max Startup Time": 0.437, "Actual Min Total Time": 28.441, "Actual Max Total Time": 31.425, "Plans": [{"Node Type": "Nested Loop", "Parent Relationship": "Outer", "Join Type": "Inner", "Startup Cost": 10000000000.0, "Total Cost": 100000350609.48, "Plan Rows": 1304518, "Plan Width": 28, "Actual Min Startup Time": 49.842, "Actual Max Startup Time": 88.517, "Actual Min Total Time": 72.515, "Actual Max Total Time": 113.562, "Inner Unique": false, "Join Filter": "(ct.id = mc.company_type_id), (LLVM Optimized)", "Rows Removed by Join Filter": 1196183, "Plans": [{"Node Type": "Streaming(type: BROADCAST dop: 16/1)", "Parent Relationship": "Outer", "Startup Cost": 0.0, "Total Cost": 15001.38, "Plan Rows": 16, "Plan Width": 4, "Actual Min Startup Time": 0.003, "Actual Max Startup Time": 31.608, "Actual Min Total Time": 0.004, "Actual Max Total Time": 31.609, "Plans": [{"Node Type": "Seq Scan", "Parent Relationship": "Outer", "Relation Name": "company_type", "Alias": "ct", "Startup Cost": 0.0, "Total Cost": 1.04, "Plan Rows": 1, "Plan Width": 4, "Actual Min Startup Time": 0.028, "Actual Max Startup Time": 0.028, "Actual Min Total Time": 0.031, "Actual Max Total Time": 0.031, "Filter": "((kind)::text = 'production companies'::text)", "Rows Removed by Filter": 2, "Actual Rows": 1}], "Actual Rows": 16}, {"Node Type": "Seq Scan", "Parent Relationship": "Inner", "Relation Name": "movie_companies", "Alias": "mc", "Startup Cost": 0.0, "Total Cost": 18021.26, "Plan Rows": 2609035, "Plan Width": 32, "Actual Min Startup Time": 0.032, "Actual Max Startup Time": 0.059, "Actual Min Total Time": 57.518, "Actual Max Total Time": 66.904, "Filter": "((note)::text !~~ '%(as Metro-Goldwyn-Mayer Pictures)%'::text), (LLVM Optimized)", "Rows Removed by Filter": 1272041, "Actual Rows": 1337087}], "Actual Rows": 140904}], "Actual Rows": 140904}, {"Node Type": "Materialize", "Parent Relationship": "Inner", "Startup Cost": 20000000554.15, "Total Cost": 1100149184352.08, "Plan Rows": 396404, "Plan Width": 29, "Actual Min Startup Time": 208.368, "Actual Max Startup Time": 353.803, "Actual Min Total Time": 208.368, "Actual Max Total Time": 353.803, "Plans": [{"Node Type": "Streaming(type: LOCAL REDISTRIBUTE dop: 16/16)", "Parent Relationship": "Outer", "Startup Cost": 20000000554.15, "Total Cost": 1100149184228.2, "Plan Rows": 396404, "Plan Width": 29, "Actual Min Startup Time": 207.426, "Actual Max Startup Time": 352.951, "Actual Min Total Time": 207.426, "Actual Max Total Time": 352.951, "Plans": [{"Node Type": "Nested Loop", "Parent Relationship": "Outer", "Join Type": "Inner", "Startup Cost": 20000000554.15, "Total Cost": 1100149167726.2, "Plan Rows": 396404, "Plan Width": 29, "Actual Min Startup Time": 148.554, "Actual Max Startup Time": 325.063, "Actual Min Total Time": 186.535, "Actual Max Total Time": 338.15, "Inner Unique": false, "Join Filter": "(mi_idx.movie_id = t.id), (LLVM Optimized)", "Rows Removed by Join Filter": 447303, "Plans": [{"Node Type": "Streaming(type: LOCAL REDISTRIBUTE dop: 16/16)", "Parent Relationship": "Outer", "Startup Cost": 554.15, "Total Cost": 37269.66, "Plan Rows": 719240, "Plan Width": 25, "Actual Min Startup Time": 0.063, "Actual Max Startup Time": 0.423, "Actual Min Total Time": 111.455, "Actual Max Total Time": 137.904, "Plans": [{"Node Type": "Seq Scan", "Parent Relationship": "Outer", "Relation Name": "title", "Alias": "t", "Startup Cost": 554.15, "Total Cost": 19544.42, "Plan Rows": 719240, "Plan Width": 25, "Actual Min Startup Time": 0.031, "Actual Max Startup Time": 0.054, "Actual Min Total Time": 66.586, "Actual Max Total Time": 73.164, "Filter": "((production_year >= 2005) AND (production_year <= 2010)), (LLVM Optimized)", "Rows Removed by Filter": 1812052, "Actual Rows": 716259}], "Actual Rows": 716259}, {"Node Type": "Materialize", "Parent Relationship": "Inner", "Startup Cost": 10000000000.0, "Total Cost": 100000339895.5, "Plan Rows": 345008, "Plan Width": 4, "Actual Min Startup Time": 40.816, "Actual Max Startup Time": 192.443, "Actual Min Total Time": 44.276, "Actual Max Total Time": 196.382, "Plans": [{"Node Type": "Streaming(type: LOCAL REDISTRIBUTE dop: 16/16)", "Parent Relationship": "Outer", "Startup Cost": 10000000000.0, "Total Cost": 100000339787.69, "Plan Rows": 345008, "Plan Width": 4, "Actual Min Startup Time": 0.027, "Actual Max Startup Time": 112.985, "Actual Min Total Time": 36.764, "Actual Max Total Time": 188.376, "Plans": [{"Node Type": "Nested Loop", "Parent Relationship": "Outer", "Join Type": "Inner", "Startup Cost": 10000000000.0, "Total Cost": 100000323480.43, "Plan Rows": 345008, "Plan Width": 4, "Actual Min Startup Time": 35.044, "Actual Max Startup Time": 44.553, "Actual Min Total Time": 35.044, "Actual Max Total Time": 44.563, "Inner Unique": false, "Join Filter": "(it.id = mi_idx.info_type_id), (LLVM Optimized)", "Rows Removed by Join Filter": 1380024, "Plans": [{"Node Type": "Streaming(type: BROADCAST dop: 16/1)", "Parent Relationship": "Outer", "Startup Cost": 0.0, "Total Cost": 15002.75, "Plan Rows": 16, "Plan Width": 4, "Actual Min Startup Time": 0.004, "Actual Max Startup Time": 0.008, "Actual Min Total Time": 0.005, "Actual Max Total Time": 0.011, "Plans": [{"Node Type": "Seq Scan", "Parent Relationship": "Outer", "Relation Name": "info_type", "Alias": "it", "Startup Cost": 0.0, "Total Cost": 2.4, "Plan Rows": 1, "Plan Width": 4, "Actual Min Startup Time": 0.079, "Actual Max Startup Time": 0.079, "Actual Min Total Time": 0.082, "Actual Max Total Time": 0.082, "Filter": "((info)::text = 'bottom 10 rank'::text)", "Rows Removed by Filter": 111, "Actual Rows": 1}], "Actual Rows": 16}, {"Node Type": "Seq Scan", "Parent Relationship": "Inner", "Relation Name": "movie_info_idx", "Alias": "mi_idx", "Startup Cost": 0.0, "Total Cost": 16267.15, "Plan Rows": 1380034, "Plan Width": 8, "Actual Min Startup Time": 0.039, "Actual Max Startup Time": 0.066, "Actual Min Total Time": 18.827, "Actual Max Total Time": 25.187, "Actual Rows": 1380034}], "Actual Rows": 10}], "Actual Rows": 10}], "Actual Rows": 447315}], "Actual Rows": 4}], "Actual Rows": 4}], "Actual Rows": 35591}], "Actual Rows": 3}], "Actual Rows": 16}], "Actual Rows": 16}], "Actual Rows": 1}, "Triggers": [], "Planner Runtime": 9.665, "Total Runtime": 559.496, "Unique SQL Id": 1162488282}}, "(16, '91')": {"explain_plan": {"Plan": {"Node Type": "Aggregate", "Strategy": "Plain", "Startup Cost": 4997224573678.84, "Total Cost": 4997224573678.85, "Plan Rows": 1, "Plan Width": 113, "Plans": [{"Node Type": "Merge Join", "Parent Relationship": "Outer", "Join Type": "Inner", "Startup Cost": 4007224564944.58, "Total Cost": 4997224570322.82, "Plan Rows": 447470, "Plan Width": 45, "Inner Unique": false, "Merge Cond": "(ct.id = mc.company_type_id)", "Plans": [{"Node Type": "Index Scan", "Parent Relationship": "Outer", "Scan Direction": "Forward", "Index Name": "company_type_pkey", "Relation Name": "company_type", "Alias": "ct", "Startup Cost": 10000000000.0, "Total Cost": 1000000001230.25, "Plan Rows": 1, "Plan Width": 4, "Filter": "((kind)::text = 'production companies'::text)"}, {"Node Type": "Sort", "Parent Relationship": "Inner", "Startup Cost": 3997224563600.57, "Total Cost": 3997224564973.57, "Plan Rows": 549199, "Plan Width": 49, "Sort Key": ["mc.company_type_id"], "Plans": [{"Node Type": "Merge Join", "Parent Relationship": "Outer", "Join Type": "Inner", "Startup Cost": 2020023888991.49, "Total Cost": 3997224511242.77, "Plan Rows": 549199, "Plan Width": 49, "Inner Unique": false, "Merge Cond": "(t.id = mi_idx.movie_id)", "Plans": [{"Node Type": "Merge Join", "Parent Relationship": "Outer", "Join Type": "Inner", "Startup Cost": 20022023519.89, "Total Cost": 1999077618211.31, "Plan Rows": 1728348, "Plan Width": 57, "Inner Unique": false, "Merge Cond": "(t.id = mc.movie_id)", "Plans": [{"Node Type": "Index Scan", "Parent Relationship": "Outer", "Scan Direction": "Forward", "Index Name": "title_pkey", "Relation Name": "title", "Alias": "t", "Startup Cost": 10000000000.0, "Total Cost": 1000012276204.41, "Plan Rows": 719240, "Plan Width": 25, "Filter": "((production_year >= 2005) AND (production_year <= 2010)), (LLVM Optimized)"}, {"Node Type": "Index Scan", "Parent Relationship": "Inner", "Scan Direction": "Forward", "Index Name": "movie_id_movie_companies", "Relation Name": "movie_companies", "Alias": "mc", "Startup Cost": 10000000000.0, "Total Cost": 1000013704228.13, "Plan Rows": 2609035, "Plan Width": 32, "Filter": "((note)::text !~~ '%(as Metro-Goldwyn-Mayer Pictures)%'::text), (LLVM Optimized)"}]}, {"Node Type": "Sort", "Parent Relationship": "Inner", "Startup Cost": 2000001865471.58, "Total Cost": 2000001866334.1, "Plan Rows": 345008, "Plan Width": 4, "Sort Key": ["mi_idx.movie_id"], "Plans": [{"Node Type": "Nested Loop", "Parent Relationship": "Outer", "Join Type": "Inner", "Startup Cost": 20000007502.06, "Total Cost": 2000001833737.28, "Plan Rows": 345008, "Plan Width": 4, "Inner Unique": false, "Plans": [{"Node Type": "Index Scan", "Parent Relationship": "Outer", "Scan Direction": "Forward", "Index Name": "info_type_pkey", "Relation Name": "info_type", "Alias": "it", "Startup Cost": 10000000000.0, "Total Cost": 1000000001421.0, "Plan Rows": 1, "Plan Width": 4, "Filter": "((info)::text = 'bottom 10 rank'::text)"}, {"Node Type": "Bitmap Heap Scan", "Parent Relationship": "Inner", "Relation Name": "movie_info_idx", "Alias": "mi_idx", "Startup Cost": 10000007502.06, "Total Cost": 1000001828866.2, "Plan Rows": 345008, "Plan Width": 8, "Recheck Cond": "(info_type_id = it.id), (LLVM Optimized)", "Plans": [{"Node Type": "Bitmap Index Scan", "Parent Relationship": "Outer", "Index Name": "info_type_id_movie_info_idx", "Startup Cost": 0.0, "Total Cost": 7415.81, "Plan Rows": 345008, "Plan Width": 0, "Index Cond": "(info_type_id = it.id)"}]}]}]}]}]}]}]}, "Unique SQL Id": 1162488282, "Planner Runtime": 12}, "explain_analyze_plan": null}, "(16, '92')": {"explain_plan": {"Plan": {"Node Type": "Aggregate", "Strategy": "Plain", "Startup Cost": 397816.53, "Total Cost": 397816.54, "Plan Rows": 1, "Plan Width": 113, "Plans": [{"Node Type": "Merge Join", "Parent Relationship": "Outer", "Join Type": "Inner", "Startup Cost": 390312.51, "Total Cost": 394460.5, "Plan Rows": 447470, "Plan Width": 45, "Inner Unique": false, "Merge Cond": "(ct.id = mc.company_type_id)", "Plans": [{"Node Type": "Sort", "Parent Relationship": "Outer", "Startup Cost": 1.05, "Total Cost": 1.05, "Plan Rows": 1, "Plan Width": 4, "Sort Key": ["ct.id"], "Plans": [{"Node Type": "Seq Scan", "Parent Relationship": "Outer", "Relation Name": "company_type", "Alias": "ct", "Startup Cost": 0.0, "Total Cost": 1.04, "Plan Rows": 1, "Plan Width": 4, "Filter": "((kind)::text = 'production companies'::text)"}]}, {"Node Type": "Sort", "Parent Relationship": "Inner", "Startup Cost": 388967.45, "Total Cost": 390340.45, "Plan Rows": 549199, "Plan Width": 49, "Sort Key": ["mc.company_type_id"], "Plans": [{"Node Type": "Nested Loop", "Parent Relationship": "Outer", "Join Type": "Inner", "Startup Cost": 0.0, "Total Cost": 336609.65, "Plan Rows": 549199, "Plan Width": 49, "Inner Unique": false, "Join Filter": "(t.id = mc.movie_id), (LLVM Optimized)", "Plans": [{"Node Type": "Nested Loop", "Parent Relationship": "Outer", "Join Type": "Inner", "Startup Cost": 0.0, "Total Cost": 180692.61, "Plan Rows": 396404, "Plan Width": 29, "Inner Unique": true, "Plans": [{"Node Type": "Nested Loop", "Parent Relationship": "Outer", "Join Type": "Inner", "Startup Cost": 0.0, "Total Cost": 38326.39, "Plan Rows": 345008, "Plan Width": 4, "Inner Unique": false, "Plans": [{"Node Type": "Seq Scan", "Parent Relationship": "Outer", "Relation Name": "info_type", "Alias": "it", "Startup Cost": 0.0, "Total Cost": 2.4, "Plan Rows": 1, "Plan Width": 4, "Filter": "((info)::text = 'bottom 10 rank'::text)"}, {"Node Type": "Index Scan", "Parent Relationship": "Inner", "Scan Direction": "Forward", "Index Name": "info_type_id_movie_info_idx", "Relation Name": "movie_info_idx", "Alias": "mi_idx", "Startup Cost": 0.0, "Total Cost": 34873.91, "Plan Rows": 345008, "Plan Width": 8, "Index Cond": "(info_type_id = it.id), (LLVM Optimized)"}]}, {"Node Type": "Index Scan", "Parent Relationship": "Inner", "Scan Direction": "Forward", "Index Name": "title_pkey", "Relation Name": "title", "Alias": "t", "Startup Cost": 0.0, "Total Cost": 0.4, "Plan Rows": 1, "Plan Width": 25, "Index Cond": "(id = mi_idx.movie_id)", "Filter": "((production_year >= 2005) AND (production_year <= 2010))"}]}, {"Node Type": "Index Scan", "Parent Relationship": "Inner", "Scan Direction": "Forward", "Index Name": "movie_id_movie_companies", "Relation Name": "movie_companies", "Alias": "mc", "Startup Cost": 0.0, "Total Cost": 0.37, "Plan Rows": 2, "Plan Width": 32, "Index Cond": "(movie_id = mi_idx.movie_id)", "Filter": "((note)::text !~~ '%(as Metro-Goldwyn-Mayer Pictures)%'::text)"}]}]}]}]}, "Unique SQL Id": 1162488282, "Planner Runtime": 8}, "explain_analyze_plan": {"Plan": {"Node Type": "Aggregate", "Strategy": "Plain", "Startup Cost": 397816.53, "Total Cost": 397816.54, "Plan Rows": 1, "Plan Width": 113, "Actual Startup Time": 0.553, "Actual Total Time": 0.553, "Actual Rows": 1, "Actual Loops": 1, "Plans": [{"Node Type": "Merge Join", "Parent Relationship": "Outer", "Join Type": "Inner", "Startup Cost": 390312.51, "Total Cost": 394460.5, "Plan Rows": 447470, "Plan Width": 45, "Actual Startup Time": 0.535, "Actual Total Time": 0.538, "Actual Rows": 3, "Actual Loops": 1, "Inner Unique": false, "Merge Cond": "(ct.id = mc.company_type_id)", "Plans": [{"Node Type": "Sort", "Parent Relationship": "Outer", "Startup Cost": 1.05, "Total Cost": 1.05, "Plan Rows": 1, "Plan Width": 4, "Actual Startup Time": 0.033, "Actual Total Time": 0.034, "Actual Rows": 1, "Actual Loops": 1, "Sort Key": ["ct.id"], "Sort Method": "quicksort", "Sort Space Used": 25, "Sort Space Type": "Memory", "Plans": [{"Node Type": "Seq Scan", "Parent Relationship": "Outer", "Relation Name": "company_type", "Alias": "ct", "Startup Cost": 0.0, "Total Cost": 1.04, "Plan Rows": 1, "Plan Width": 4, "Actual Startup Time": 0.016, "Actual Total Time": 0.019, "Actual Rows": 1, "Actual Loops": 1, "Filter": "((kind)::text = 'production companies'::text)", "Rows Removed by Filter": 2}]}, {"Node Type": "Sort", "Parent Relationship": "Inner", "Startup Cost": 388967.45, "Total Cost": 390340.45, "Plan Rows": 549199, "Plan Width": 49, "Actual Startup Time": 0.483, "Actual Total Time": 0.488, "Actual Rows": 66, "Actual Loops": 1, "Sort Key": ["mc.company_type_id"], "Sort Method": "quicksort", "Sort Space Used": 35, "Sort Space Type": "Memory", "Plans": [{"Node Type": "Nested Loop", "Parent Relationship": "Outer", "Join Type": "Inner", "Startup Cost": 0.0, "Total Cost": 336609.65, "Plan Rows": 549199, "Plan Width": 49, "Actual Startup Time": 0.229, "Actual Total Time": 0.447, "Actual Rows": 66, "Actual Loops": 1, "Inner Unique": false, "Join Filter": "(t.id = mc.movie_id), (LLVM Optimized)", "Rows Removed by Join Filter": 0, "Plans": [{"Node Type": "Nested Loop", "Parent Relationship": "Outer", "Join Type": "Inner", "Startup Cost": 0.0, "Total Cost": 180692.61, "Plan Rows": 396404, "Plan Width": 29, "Actual Startup Time": 0.203, "Actual Total Time": 0.27, "Actual Rows": 4, "Actual Loops": 1, "Inner Unique": true, "Plans": [{"Node Type": "Nested Loop", "Parent Relationship": "Outer", "Join Type": "Inner", "Startup Cost": 0.0, "Total Cost": 38326.39, "Plan Rows": 345008, "Plan Width": 4, "Actual Startup Time": 0.087, "Actual Total Time": 0.096, "Actual Rows": 10, "Actual Loops": 1, "Inner Unique": false, "Plans": [{"Node Type": "Seq Scan", "Parent Relationship": "Outer", "Relation Name": "info_type", "Alias": "it", "Startup Cost": 0.0, "Total Cost": 2.4, "Plan Rows": 1, "Plan Width": 4, "Actual Startup Time": 0.058, "Actual Total Time": 0.061, "Actual Rows": 1, "Actual Loops": 1, "Filter": "((info)::text = 'bottom 10 rank'::text)", "Rows Removed by Filter": 111}, {"Node Type": "Index Scan", "Parent Relationship": "Inner", "Scan Direction": "Forward", "Index Name": "info_type_id_movie_info_idx", "Relation Name": "movie_info_idx", "Alias": "mi_idx", "Startup Cost": 0.0, "Total Cost": 34873.91, "Plan Rows": 345008, "Plan Width": 8, "Actual Startup Time": 0.025, "Actual Total Time": 0.029, "Actual Rows": 10, "Actual Loops": 1, "Index Cond": "(info_type_id = it.id), (LLVM Optimized)", "Rows Removed by Index Recheck": 0}]}, {"Node Type": "Index Scan", "Parent Relationship": "Inner", "Scan Direction": "Forward", "Index Name": "title_pkey", "Relation Name": "title", "Alias": "t", "Startup Cost": 0.0, "Total Cost": 0.4, "Plan Rows": 1, "Plan Width": 25, "Actual Startup Time": 0.164, "Actual Total Time": 0.164, "Actual Rows": 4, "Actual Loops": 10, "Index Cond": "(id = mi_idx.movie_id)", "Rows Removed by Index Recheck": 0, "Filter": "((production_year >= 2005) AND (production_year <= 2010))", "Rows Removed by Filter": 6}]}, {"Node Type": "Index Scan", "Parent Relationship": "Inner", "Scan Direction": "Forward", "Index Name": "movie_id_movie_companies", "Relation Name": "movie_companies", "Alias": "mc", "Startup Cost": 0.0, "Total Cost": 0.37, "Plan Rows": 2, "Plan Width": 32, "Actual Startup Time": 0.077, "Actual Total Time": 0.147, "Actual Rows": 66, "Actual Loops": 4, "Index Cond": "(movie_id = mi_idx.movie_id)", "Rows Removed by Index Recheck": 0, "Filter": "((note)::text !~~ '%(as Metro-Goldwyn-Mayer Pictures)%'::text)", "Rows Removed by Filter": 7}]}]}]}]}, "Triggers": [], "Planner Runtime": 7.739, "Total Runtime": 10.232, "Unique SQL Id": 1162488282}}, "(16, '93')": {"explain_plan": {"Plan": {"Node Type": "Aggregate", "Strategy": "Plain", "Startup Cost": 397839.59, "Total Cost": 397839.6, "Plan Rows": 1, "Plan Width": 113, "Plans": [{"Node Type": "Merge Join", "Parent Relationship": "Outer", "Join Type": "Inner", "Startup Cost": 390323.27, "Total Cost": 394483.56, "Plan Rows": 447470, "Plan Width": 45, "Inner Unique": false, "Merge Cond": "(ct.id = mc.company_type_id)", "Plans": [{"Node Type": "Index Scan", "Parent Relationship": "Outer", "Scan Direction": "Forward", "Index Name": "company_type_pkey", "Relation Name": "company_type", "Alias": "ct", "Startup Cost": 0.0, "Total Cost": 12.3, "Plan Rows": 1, "Plan Width": 4, "Filter": "((kind)::text = 'production companies'::text)"}, {"Node Type": "Sort", "Parent Relationship": "Inner", "Startup Cost": 388979.26, "Total Cost": 390352.26, "Plan Rows": 549199, "Plan Width": 49, "Sort Key": ["mc.company_type_id"], "Plans": [{"Node Type": "Nested Loop", "Parent Relationship": "Outer", "Join Type": "Inner", "Startup Cost": 0.0, "Total Cost": 336621.46, "Plan Rows": 549199, "Plan Width": 49, "Inner Unique": false, "Join Filter": "(t.id = mc.movie_id), (LLVM Optimized)", "Plans": [{"Node Type": "Nested Loop", "Parent Relationship": "Outer", "Join Type": "Inner", "Startup Cost": 0.0, "Total Cost": 180704.42, "Plan Rows": 396404, "Plan Width": 29, "Inner Unique": true, "Plans": [{"Node Type": "Nested Loop", "Parent Relationship": "Outer", "Join Type": "Inner", "Startup Cost": 0.0, "Total Cost": 38338.2, "Plan Rows": 345008, "Plan Width": 4, "Inner Unique": false, "Plans": [{"Node Type": "Index Scan", "Parent Relationship": "Outer", "Scan Direction": "Forward", "Index Name": "info_type_pkey", "Relation Name": "info_type", "Alias": "it", "Startup Cost": 0.0, "Total Cost": 14.21, "Plan Rows": 1, "Plan Width": 4, "Filter": "((info)::text = 'bottom 10 rank'::text)"}, {"Node Type": "Index Scan", "Parent Relationship": "Inner", "Scan Direction": "Forward", "Index Name": "info_type_id_movie_info_idx", "Relation Name": "movie_info_idx", "Alias": "mi_idx", "Startup Cost": 0.0, "Total Cost": 34873.91, "Plan Rows": 345008, "Plan Width": 8, "Index Cond": "(info_type_id = it.id), (LLVM Optimized)"}]}, {"Node Type": "Index Scan", "Parent Relationship": "Inner", "Scan Direction": "Forward", "Index Name": "title_pkey", "Relation Name": "title", "Alias": "t", "Startup Cost": 0.0, "Total Cost": 0.4, "Plan Rows": 1, "Plan Width": 25, "Index Cond": "(id = mi_idx.movie_id)", "Filter": "((production_year >= 2005) AND (production_year <= 2010))"}]}, {"Node Type": "Index Scan", "Parent Relationship": "Inner", "Scan Direction": "Forward", "Index Name": "movie_id_movie_companies", "Relation Name": "movie_companies", "Alias": "mc", "Startup Cost": 0.0, "Total Cost": 0.37, "Plan Rows": 2, "Plan Width": 32, "Index Cond": "(movie_id = mi_idx.movie_id)", "Filter": "((note)::text !~~ '%(as Metro-Goldwyn-Mayer Pictures)%'::text)"}]}]}]}]}, "Unique SQL Id": 1162488282, "Planner Runtime": 8}, "explain_analyze_plan": {"Plan": {"Node Type": "Aggregate", "Strategy": "Plain", "Startup Cost": 397839.59, "Total Cost": 397839.6, "Plan Rows": 1, "Plan Width": 113, "Actual Startup Time": 0.382, "Actual Total Time": 0.382, "Actual Rows": 1, "Actual Loops": 1, "Plans": [{"Node Type": "Merge Join", "Parent Relationship": "Outer", "Join Type": "Inner", "Startup Cost": 390323.27, "Total Cost": 394483.56, "Plan Rows": 447470, "Plan Width": 45, "Actual Startup Time": 0.365, "Actual Total Time": 0.369, "Actual Rows": 3, "Actual Loops": 1, "Inner Unique": false, "Merge Cond": "(ct.id = mc.company_type_id)", "Plans": [{"Node Type": "Index Scan", "Parent Relationship": "Outer", "Scan Direction": "Forward", "Index Name": "company_type_pkey", "Relation Name": "company_type", "Alias": "ct", "Startup Cost": 0.0, "Total Cost": 12.3, "Plan Rows": 1, "Plan Width": 4, "Actual Startup Time": 0.018, "Actual Total Time": 0.021, "Actual Rows": 1, "Actual Loops": 1, "Filter": "((kind)::text = 'production companies'::text)", "Rows Removed by Filter": 2}, {"Node Type": "Sort", "Parent Relationship": "Inner", "Startup Cost": 388979.26, "Total Cost": 390352.26, "Plan Rows": 549199, "Plan Width": 49, "Actual Startup Time": 0.328, "Actual Total Time": 0.332, "Actual Rows": 66, "Actual Loops": 1, "Sort Key": ["mc.company_type_id"], "Sort Method": "quicksort", "Sort Space Used": 35, "Sort Space Type": "Memory", "Plans": [{"Node Type": "Nested Loop", "Parent Relationship": "Outer", "Join Type": "Inner", "Startup Cost": 0.0, "Total Cost": 336621.46, "Plan Rows": 549199, "Plan Width": 49, "Actual Startup Time": 0.145, "Actual Total Time": 0.29, "Actual Rows": 66, "Actual Loops": 1, "Inner Unique": false, "Join Filter": "(t.id = mc.movie_id), (LLVM Optimized)", "Rows Removed by Join Filter": 0, "Plans": [{"Node Type": "Nested Loop", "Parent Relationship": "Outer", "Join Type": "Inner", "Startup Cost": 0.0, "Total Cost": 180704.42, "Plan Rows": 396404, "Plan Width": 29, "Actual Startup Time": 0.127, "Actual Total Time": 0.163, "Actual Rows": 4, "Actual Loops": 1, "Inner Unique": true, "Plans": [{"Node Type": "Nested Loop", "Parent Relationship": "Outer", "Join Type": "Inner", "Startup Cost": 0.0, "Total Cost": 38338.2, "Plan Rows": 345008, "Plan Width": 4, "Actual Startup Time": 0.071, "Actual Total Time": 0.079, "Actual Rows": 10, "Actual Loops": 1, "Inner Unique": false, "Plans": [{"Node Type": "Index Scan", "Parent Relationship": "Outer", "Scan Direction": "Forward", "Index Name": "info_type_pkey", "Relation Name": "info_type", "Alias": "it", "Startup Cost": 0.0, "Total Cost": 14.21, "Plan Rows": 1, "Plan Width": 4, "Actual Startup Time": 0.06, "Actual Total Time": 0.06, "Actual Rows": 1, "Actual Loops": 1, "Filter": "((info)::text = 'bottom 10 rank'::text)", "Rows Removed by Filter": 111}, {"Node Type": "Index Scan", "Parent Relationship": "Inner", "Scan Direction": "Forward", "Index Name": "info_type_id_movie_info_idx", "Relation Name": "movie_info_idx", "Alias": "mi_idx", "Startup Cost": 0.0, "Total Cost": 34873.91, "Plan Rows": 345008, "Plan Width": 8, "Actual Startup Time": 0.009, "Actual Total Time": 0.014, "Actual Rows": 10, "Actual Loops": 1, "Index Cond": "(info_type_id = it.id), (LLVM Optimized)", "Rows Removed by Index Recheck": 0}]}, {"Node Type": "Index Scan", "Parent Relationship": "Inner", "Scan Direction": "Forward", "Index Name": "title_pkey", "Relation Name": "title", "Alias": "t", "Startup Cost": 0.0, "Total Cost": 0.4, "Plan Rows": 1, "Plan Width": 25, "Actual Startup Time": 0.073, "Actual Total Time": 0.073, "Actual Rows": 4, "Actual Loops": 10, "Index Cond": "(id = mi_idx.movie_id)", "Rows Removed by Index Recheck": 0, "Filter": "((production_year >= 2005) AND (production_year <= 2010))", "Rows Removed by Filter": 6}]}, {"Node Type": "Index Scan", "Parent Relationship": "Inner", "Scan Direction": "Forward", "Index Name": "movie_id_movie_companies", "Relation Name": "movie_companies", "Alias": "mc", "Startup Cost": 0.0, "Total Cost": 0.37, "Plan Rows": 2, "Plan Width": 32, "Actual Startup Time": 0.038, "Actual Total Time": 0.096, "Actual Rows": 66, "Actual Loops": 4, "Index Cond": "(movie_id = mi_idx.movie_id)", "Rows Removed by Index Recheck": 0, "Filter": "((note)::text !~~ '%(as Metro-Goldwyn-Mayer Pictures)%'::text)", "Rows Removed by Filter": 7}]}]}]}]}, "Triggers": [], "Planner Runtime": 8.157, "Total Runtime": 10.051, "Unique SQL Id": 1162488282}}, "(16, '94')": {"explain_plan": {"Plan": {"Node Type": "Aggregate", "Strategy": "Plain", "Startup Cost": 12101798548661.24, "Total Cost": 12101798548661.27, "Plan Rows": 1, "Plan Width": 113, "Plans": [{"Node Type": "Streaming(type: LOCAL GATHER dop: 1/16)", "Parent Relationship": "Outer", "Startup Cost": 12101798548661.24, "Total Cost": 12101798548661.27, "Plan Rows": 1, "Plan Width": 113, "Plans": [{"Node Type": "Aggregate", "Strategy": "Plain", "Parent Relationship": "Outer", "Startup Cost": 12101798548661.24, "Total Cost": 12101798548661.25, "Plan Rows": 1, "Plan Width": 113, "Plans": [{"Node Type": "Nested Loop", "Parent Relationship": "Outer", "Join Type": "Inner", "Startup Cost": 40000000554.15, "Total Cost": 12101798546171.2, "Plan Rows": 332005, "Plan Width": 45, "Inner Unique": false, "Join Filter": "(mc.movie_id = t.id), (LLVM Optimized)", "Plans": [{"Node Type": "Streaming(type: LOCAL REDISTRIBUTE dop: 16/16)", "Parent Relationship": "Outer", "Startup Cost": 10000000000.0, "Total Cost": 100000370552.38, "Plan Rows": 1304518, "Plan Width": 28, "Plans": [{"Node Type": "Nested Loop", "Parent Relationship": "Outer", "Join Type": "Inner", "Startup Cost": 10000000000.0, "Total Cost": 100000350609.48, "Plan Rows": 1304518, "Plan Width": 28, "Inner Unique": false, "Join Filter": "(ct.id = mc.company_type_id), (LLVM Optimized)", "Plans": [{"Node Type": "Streaming(type: BROADCAST dop: 16/1)", "Parent Relationship": "Outer", "Startup Cost": 0.0, "Total Cost": 15001.38, "Plan Rows": 16, "Plan Width": 4, "Plans": [{"Node Type": "Seq Scan", "Parent Relationship": "Outer", "Relation Name": "company_type", "Alias": "ct", "Startup Cost": 0.0, "Total Cost": 1.04, "Plan Rows": 1, "Plan Width": 4, "Filter": "((kind)::text = 'production companies'::text)"}]}, {"Node Type": "Seq Scan", "Parent Relationship": "Inner", "Relation Name": "movie_companies", "Alias": "mc", "Startup Cost": 0.0, "Total Cost": 18021.26, "Plan Rows": 2609035, "Plan Width": 32, "Filter": "((note)::text !~~ '%(as Metro-Goldwyn-Mayer Pictures)%'::text), (LLVM Optimized)"}]}]}, {"Node Type": "Materialize", "Parent Relationship": "Inner", "Startup Cost": 20000000554.15, "Total Cost": 1100149184352.08, "Plan Rows": 396404, "Plan Width": 29, "Plans": [{"Node Type": "Streaming(type: LOCAL REDISTRIBUTE dop: 16/16)", "Parent Relationship": "Outer", "Startup Cost": 20000000554.15, "Total Cost": 1100149184228.2, "Plan Rows": 396404, "Plan Width": 29, "Plans": [{"Node Type": "Nested Loop", "Parent Relationship": "Outer", "Join Type": "Inner", "Startup Cost": 20000000554.15, "Total Cost": 1100149167726.2, "Plan Rows": 396404, "Plan Width": 29, "Inner Unique": false, "Join Filter": "(mi_idx.movie_id = t.id), (LLVM Optimized)", "Plans": [{"Node Type": "Streaming(type: LOCAL REDISTRIBUTE dop: 16/16)", "Parent Relationship": "Outer", "Startup Cost": 554.15, "Total Cost": 37269.66, "Plan Rows": 719240, "Plan Width": 25, "Plans": [{"Node Type": "Seq Scan", "Parent Relationship": "Outer", "Relation Name": "title", "Alias": "t", "Startup Cost": 554.15, "Total Cost": 19544.42, "Plan Rows": 719240, "Plan Width": 25, "Filter": "((production_year >= 2005) AND (production_year <= 2010)), (LLVM Optimized)"}]}, {"Node Type": "Materialize", "Parent Relationship": "Inner", "Startup Cost": 10000000000.0, "Total Cost": 100000339895.5, "Plan Rows": 345008, "Plan Width": 4, "Plans": [{"Node Type": "Streaming(type: LOCAL REDISTRIBUTE dop: 16/16)", "Parent Relationship": "Outer", "Startup Cost": 10000000000.0, "Total Cost": 100000339787.69, "Plan Rows": 345008, "Plan Width": 4, "Plans": [{"Node Type": "Nested Loop", "Parent Relationship": "Outer", "Join Type": "Inner", "Startup Cost": 10000000000.0, "Total Cost": 100000323480.43, "Plan Rows": 345008, "Plan Width": 4, "Inner Unique": false, "Join Filter": "(it.id = mi_idx.info_type_id), (LLVM Optimized)", "Plans": [{"Node Type": "Streaming(type: BROADCAST dop: 16/1)", "Parent Relationship": "Outer", "Startup Cost": 0.0, "Total Cost": 15002.75, "Plan Rows": 16, "Plan Width": 4, "Plans": [{"Node Type": "Seq Scan", "Parent Relationship": "Outer", "Relation Name": "info_type", "Alias": "it", "Startup Cost": 0.0, "Total Cost": 2.4, "Plan Rows": 1, "Plan Width": 4, "Filter": "((info)::text = 'bottom 10 rank'::text)"}]}, {"Node Type": "Seq Scan", "Parent Relationship": "Inner", "Relation Name": "movie_info_idx", "Alias": "mi_idx", "Startup Cost": 0.0, "Total Cost": 16267.15, "Plan Rows": 1380034, "Plan Width": 8}]}]}]}]}]}]}]}]}]}]}, "Unique SQL Id": 1162488282, "Planner Runtime": 9}, "explain_analyze_plan": {"Plan": {"Node Type": "Aggregate", "Strategy": "Plain", "Startup Cost": 12101798548661.24, "Total Cost": 12101798548661.27, "Plan Rows": 1, "Plan Width": 113, "Actual Min Startup Time": 528.758, "Actual Max Startup Time": 528.758, "Actual Min Total Time": 528.758, "Actual Max Total Time": 528.758, "Plans": [{"Node Type": "Streaming(type: LOCAL GATHER dop: 1/16)", "Parent Relationship": "Outer", "Startup Cost": 12101798548661.24, "Total Cost": 12101798548661.27, "Plan Rows": 1, "Plan Width": 113, "Actual Min Startup Time": 528.648, "Actual Max Startup Time": 528.648, "Actual Min Total Time": 528.737, "Actual Max Total Time": 528.737, "Plans": [{"Node Type": "Aggregate", "Strategy": "Plain", "Parent Relationship": "Outer", "Startup Cost": 12101798548661.24, "Total Cost": 12101798548661.25, "Plan Rows": 1, "Plan Width": 113, "Actual Min Startup Time": 241.123, "Actual Max Startup Time": 386.701, "Actual Min Total Time": 241.124, "Actual Max Total Time": 386.701, "Plans": [{"Node Type": "Nested Loop", "Parent Relationship": "Outer", "Join Type": "Inner", "Startup Cost": 40000000554.15, "Total Cost": 12101798546171.2, "Plan Rows": 332005, "Plan Width": 45, "Actual Min Startup Time": 241.12, "Actual Max Startup Time": 386.695, "Actual Min Total Time": 241.12, "Actual Max Total Time": 386.695, "Inner Unique": false, "Join Filter": "(mc.movie_id = t.id), (LLVM Optimized)", "Rows Removed by Join Filter": 35584, "Plans": [{"Node Type": "Streaming(type: LOCAL REDISTRIBUTE dop: 16/16)", "Parent Relationship": "Outer", "Startup Cost": 10000000000.0, "Total Cost": 100000370552.38, "Plan Rows": 1304518, "Plan Width": 28, "Actual Min Startup Time": 0.057, "Actual Max Startup Time": 0.437, "Actual Min Total Time": 28.441, "Actual Max Total Time": 31.425, "Plans": [{"Node Type": "Nested Loop", "Parent Relationship": "Outer", "Join Type": "Inner", "Startup Cost": 10000000000.0, "Total Cost": 100000350609.48, "Plan Rows": 1304518, "Plan Width": 28, "Actual Min Startup Time": 49.842, "Actual Max Startup Time": 88.517, "Actual Min Total Time": 72.515, "Actual Max Total Time": 113.562, "Inner Unique": false, "Join Filter": "(ct.id = mc.company_type_id), (LLVM Optimized)", "Rows Removed by Join Filter": 1196183, "Plans": [{"Node Type": "Streaming(type: BROADCAST dop: 16/1)", "Parent Relationship": "Outer", "Startup Cost": 0.0, "Total Cost": 15001.38, "Plan Rows": 16, "Plan Width": 4, "Actual Min Startup Time": 0.003, "Actual Max Startup Time": 31.608, "Actual Min Total Time": 0.004, "Actual Max Total Time": 31.609, "Plans": [{"Node Type": "Seq Scan", "Parent Relationship": "Outer", "Relation Name": "company_type", "Alias": "ct", "Startup Cost": 0.0, "Total Cost": 1.04, "Plan Rows": 1, "Plan Width": 4, "Actual Min Startup Time": 0.028, "Actual Max Startup Time": 0.028, "Actual Min Total Time": 0.031, "Actual Max Total Time": 0.031, "Filter": "((kind)::text = 'production companies'::text)", "Rows Removed by Filter": 2, "Actual Rows": 1}], "Actual Rows": 16}, {"Node Type": "Seq Scan", "Parent Relationship": "Inner", "Relation Name": "movie_companies", "Alias": "mc", "Startup Cost": 0.0, "Total Cost": 18021.26, "Plan Rows": 2609035, "Plan Width": 32, "Actual Min Startup Time": 0.032, "Actual Max Startup Time": 0.059, "Actual Min Total Time": 57.518, "Actual Max Total Time": 66.904, "Filter": "((note)::text !~~ '%(as Metro-Goldwyn-Mayer Pictures)%'::text), (LLVM Optimized)", "Rows Removed by Filter": 1272041, "Actual Rows": 1337087}], "Actual Rows": 140904}], "Actual Rows": 140904}, {"Node Type": "Materialize", "Parent Relationship": "Inner", "Startup Cost": 20000000554.15, "Total Cost": 1100149184352.08, "Plan Rows": 396404, "Plan Width": 29, "Actual Min Startup Time": 208.368, "Actual Max Startup Time": 353.803, "Actual Min Total Time": 208.368, "Actual Max Total Time": 353.803, "Plans": [{"Node Type": "Streaming(type: LOCAL REDISTRIBUTE dop: 16/16)", "Parent Relationship": "Outer", "Startup Cost": 20000000554.15, "Total Cost": 1100149184228.2, "Plan Rows": 396404, "Plan Width": 29, "Actual Min Startup Time": 207.426, "Actual Max Startup Time": 352.951, "Actual Min Total Time": 207.426, "Actual Max Total Time": 352.951, "Plans": [{"Node Type": "Nested Loop", "Parent Relationship": "Outer", "Join Type": "Inner", "Startup Cost": 20000000554.15, "Total Cost": 1100149167726.2, "Plan Rows": 396404, "Plan Width": 29, "Actual Min Startup Time": 148.554, "Actual Max Startup Time": 325.063, "Actual Min Total Time": 186.535, "Actual Max Total Time": 338.15, "Inner Unique": false, "Join Filter": "(mi_idx.movie_id = t.id), (LLVM Optimized)", "Rows Removed by Join Filter": 447303, "Plans": [{"Node Type": "Streaming(type: LOCAL REDISTRIBUTE dop: 16/16)", "Parent Relationship": "Outer", "Startup Cost": 554.15, "Total Cost": 37269.66, "Plan Rows": 719240, "Plan Width": 25, "Actual Min Startup Time": 0.063, "Actual Max Startup Time": 0.423, "Actual Min Total Time": 111.455, "Actual Max Total Time": 137.904, "Plans": [{"Node Type": "Seq Scan", "Parent Relationship": "Outer", "Relation Name": "title", "Alias": "t", "Startup Cost": 554.15, "Total Cost": 19544.42, "Plan Rows": 719240, "Plan Width": 25, "Actual Min Startup Time": 0.031, "Actual Max Startup Time": 0.054, "Actual Min Total Time": 66.586, "Actual Max Total Time": 73.164, "Filter": "((production_year >= 2005) AND (production_year <= 2010)), (LLVM Optimized)", "Rows Removed by Filter": 1812052, "Actual Rows": 716259}], "Actual Rows": 716259}, {"Node Type": "Materialize", "Parent Relationship": "Inner", "Startup Cost": 10000000000.0, "Total Cost": 100000339895.5, "Plan Rows": 345008, "Plan Width": 4, "Actual Min Startup Time": 40.816, "Actual Max Startup Time": 192.443, "Actual Min Total Time": 44.276, "Actual Max Total Time": 196.382, "Plans": [{"Node Type": "Streaming(type: LOCAL REDISTRIBUTE dop: 16/16)", "Parent Relationship": "Outer", "Startup Cost": 10000000000.0, "Total Cost": 100000339787.69, "Plan Rows": 345008, "Plan Width": 4, "Actual Min Startup Time": 0.027, "Actual Max Startup Time": 112.985, "Actual Min Total Time": 36.764, "Actual Max Total Time": 188.376, "Plans": [{"Node Type": "Nested Loop", "Parent Relationship": "Outer", "Join Type": "Inner", "Startup Cost": 10000000000.0, "Total Cost": 100000323480.43, "Plan Rows": 345008, "Plan Width": 4, "Actual Min Startup Time": 35.044, "Actual Max Startup Time": 44.553, "Actual Min Total Time": 35.044, "Actual Max Total Time": 44.563, "Inner Unique": false, "Join Filter": "(it.id = mi_idx.info_type_id), (LLVM Optimized)", "Rows Removed by Join Filter": 1380024, "Plans": [{"Node Type": "Streaming(type: BROADCAST dop: 16/1)", "Parent Relationship": "Outer", "Startup Cost": 0.0, "Total Cost": 15002.75, "Plan Rows": 16, "Plan Width": 4, "Actual Min Startup Time": 0.004, "Actual Max Startup Time": 0.008, "Actual Min Total Time": 0.005, "Actual Max Total Time": 0.011, "Plans": [{"Node Type": "Seq Scan", "Parent Relationship": "Outer", "Relation Name": "info_type", "Alias": "it", "Startup Cost": 0.0, "Total Cost": 2.4, "Plan Rows": 1, "Plan Width": 4, "Actual Min Startup Time": 0.079, "Actual Max Startup Time": 0.079, "Actual Min Total Time": 0.082, "Actual Max Total Time": 0.082, "Filter": "((info)::text = 'bottom 10 rank'::text)", "Rows Removed by Filter": 111, "Actual Rows": 1}], "Actual Rows": 16}, {"Node Type": "Seq Scan", "Parent Relationship": "Inner", "Relation Name": "movie_info_idx", "Alias": "mi_idx", "Startup Cost": 0.0, "Total Cost": 16267.15, "Plan Rows": 1380034, "Plan Width": 8, "Actual Min Startup Time": 0.039, "Actual Max Startup Time": 0.066, "Actual Min Total Time": 18.827, "Actual Max Total Time": 25.187, "Actual Rows": 1380034}], "Actual Rows": 10}], "Actual Rows": 10}], "Actual Rows": 447315}], "Actual Rows": 4}], "Actual Rows": 4}], "Actual Rows": 35591}], "Actual Rows": 3}], "Actual Rows": 16}], "Actual Rows": 16}], "Actual Rows": 1}, "Triggers": [], "Planner Runtime": 9.665, "Total Runtime": 559.496, "Unique SQL Id": 1162488282}}, "(16, '95')": {"explain_plan": {"Plan": {"Node Type": "Aggregate", "Strategy": "Plain", "Startup Cost": 4997224573678.84, "Total Cost": 4997224573678.85, "Plan Rows": 1, "Plan Width": 113, "Plans": [{"Node Type": "Merge Join", "Parent Relationship": "Outer", "Join Type": "Inner", "Startup Cost": 4007224564944.58, "Total Cost": 4997224570322.82, "Plan Rows": 447470, "Plan Width": 45, "Inner Unique": false, "Merge Cond": "(ct.id = mc.company_type_id)", "Plans": [{"Node Type": "Index Scan", "Parent Relationship": "Outer", "Scan Direction": "Forward", "Index Name": "company_type_pkey", "Relation Name": "company_type", "Alias": "ct", "Startup Cost": 10000000000.0, "Total Cost": 1000000001230.25, "Plan Rows": 1, "Plan Width": 4, "Filter": "((kind)::text = 'production companies'::text)"}, {"Node Type": "Sort", "Parent Relationship": "Inner", "Startup Cost": 3997224563600.57, "Total Cost": 3997224564973.57, "Plan Rows": 549199, "Plan Width": 49, "Sort Key": ["mc.company_type_id"], "Plans": [{"Node Type": "Merge Join", "Parent Relationship": "Outer", "Join Type": "Inner", "Startup Cost": 2020023888991.49, "Total Cost": 3997224511242.77, "Plan Rows": 549199, "Plan Width": 49, "Inner Unique": false, "Merge Cond": "(t.id = mi_idx.movie_id)", "Plans": [{"Node Type": "Merge Join", "Parent Relationship": "Outer", "Join Type": "Inner", "Startup Cost": 20022023519.89, "Total Cost": 1999077618211.31, "Plan Rows": 1728348, "Plan Width": 57, "Inner Unique": false, "Merge Cond": "(t.id = mc.movie_id)", "Plans": [{"Node Type": "Index Scan", "Parent Relationship": "Outer", "Scan Direction": "Forward", "Index Name": "title_pkey", "Relation Name": "title", "Alias": "t", "Startup Cost": 10000000000.0, "Total Cost": 1000012276204.41, "Plan Rows": 719240, "Plan Width": 25, "Filter": "((production_year >= 2005) AND (production_year <= 2010)), (LLVM Optimized)"}, {"Node Type": "Index Scan", "Parent Relationship": "Inner", "Scan Direction": "Forward", "Index Name": "movie_id_movie_companies", "Relation Name": "movie_companies", "Alias": "mc", "Startup Cost": 10000000000.0, "Total Cost": 1000013704228.13, "Plan Rows": 2609035, "Plan Width": 32, "Filter": "((note)::text !~~ '%(as Metro-Goldwyn-Mayer Pictures)%'::text), (LLVM Optimized)"}]}, {"Node Type": "Sort", "Parent Relationship": "Inner", "Startup Cost": 2000001865471.58, "Total Cost": 2000001866334.1, "Plan Rows": 345008, "Plan Width": 4, "Sort Key": ["mi_idx.movie_id"], "Plans": [{"Node Type": "Nested Loop", "Parent Relationship": "Outer", "Join Type": "Inner", "Startup Cost": 20000007502.06, "Total Cost": 2000001833737.28, "Plan Rows": 345008, "Plan Width": 4, "Inner Unique": false, "Plans": [{"Node Type": "Index Scan", "Parent Relationship": "Outer", "Scan Direction": "Forward", "Index Name": "info_type_pkey", "Relation Name": "info_type", "Alias": "it", "Startup Cost": 10000000000.0, "Total Cost": 1000000001421.0, "Plan Rows": 1, "Plan Width": 4, "Filter": "((info)::text = 'bottom 10 rank'::text)"}, {"Node Type": "Bitmap Heap Scan", "Parent Relationship": "Inner", "Relation Name": "movie_info_idx", "Alias": "mi_idx", "Startup Cost": 10000007502.06, "Total Cost": 1000001828866.2, "Plan Rows": 345008, "Plan Width": 8, "Recheck Cond": "(info_type_id = it.id), (LLVM Optimized)", "Plans": [{"Node Type": "Bitmap Index Scan", "Parent Relationship": "Outer", "Index Name": "info_type_id_movie_info_idx", "Startup Cost": 0.0, "Total Cost": 7415.81, "Plan Rows": 345008, "Plan Width": 0, "Index Cond": "(info_type_id = it.id)"}]}]}]}]}]}]}]}, "Unique SQL Id": 1162488282, "Planner Runtime": 11}, "explain_analyze_plan": null}, "(16, '96')": {"explain_plan": {"Plan": {"Node Type": "Aggregate", "Strategy": "Plain", "Startup Cost": 153079.61, "Total Cost": 153079.62, "Plan Rows": 1, "Plan Width": 113, "Plans": [{"Node Type": "Hash Join", "Parent Relationship": "Outer", "Join Type": "Inner", "Startup Cost": 91012.98, "Total Cost": 149723.58, "Plan Rows": 447470, "Plan Width": 45, "Inner Unique": false, "Hash Cond": "(mc.movie_id = t.id), (LLVM Optimized)", "Plans": [{"Node Type": "Streaming(type: LOCAL GATHER dop: 1/16)", "Parent Relationship": "Outer", "Startup Cost": 15001.4, "Total Cost": 62400.8, "Plan Rows": 1304518, "Plan Width": 28, "Plans": [{"Node Type": "Hash Join", "Parent Relationship": "Outer", "Join Type": "Inner", "Startup Cost": 15001.4, "Total Cost": 34246.65, "Plan Rows": 1304518, "Plan Width": 28, "Inner Unique": true, "Hash Cond": "(mc.company_type_id = ct.id), (LLVM Optimized)", "Plans": [{"Node Type": "Seq Scan", "Parent Relationship": "Outer", "Relation Name": "movie_companies", "Alias": "mc", "Startup Cost": 0.0, "Total Cost": 18021.26, "Plan Rows": 2609035, "Plan Width": 32, "Filter": "((note)::text !~~ '%(as Metro-Goldwyn-Mayer Pictures)%'::text), (LLVM Optimized)"}, {"Node Type": "Hash", "Parent Relationship": "Inner", "Startup Cost": 15001.38, "Total Cost": 15001.38, "Plan Rows": 16, "Plan Width": 4, "Plans": [{"Node Type": "Streaming(type: BROADCAST dop: 16/1)", "Parent Relationship": "Outer", "Startup Cost": 0.0, "Total Cost": 15001.38, "Plan Rows": 16, "Plan Width": 4, "Plans": [{"Node Type": "Seq Scan", "Parent Relationship": "Outer", "Relation Name": "company_type", "Alias": "ct", "Startup Cost": 0.0, "Total Cost": 1.04, "Plan Rows": 1, "Plan Width": 4, "Filter": "((kind)::text = 'production companies'::text)"}]}]}]}]}, {"Node Type": "Hash", "Parent Relationship": "Inner", "Startup Cost": 71056.54, "Total Cost": 71056.54, "Plan Rows": 396404, "Plan Width": 29, "Plans": [{"Node Type": "Hash Join", "Parent Relationship": "Outer", "Join Type": "Inner", "Startup Cost": 51559.64, "Total Cost": 71056.54, "Plan Rows": 396404, "Plan Width": 29, "Inner Unique": true, "Hash Cond": "(mi_idx.movie_id = t.id), (LLVM Optimized)", "Plans": [{"Node Type": "Nested Loop", "Parent Relationship": "Outer", "Join Type": "Inner", "Startup Cost": 7502.06, "Total Cost": 21741.14, "Plan Rows": 345008, "Plan Width": 4, "Inner Unique": false, "Plans": [{"Node Type": "Seq Scan", "Parent Relationship": "Outer", "Relation Name": "info_type", "Alias": "it", "Startup Cost": 0.0, "Total Cost": 2.4, "Plan Rows": 1, "Plan Width": 4, "Filter": "((info)::text = 'bottom 10 rank'::text)"}, {"Node Type": "Bitmap Heap Scan", "Parent Relationship": "Inner", "Relation Name": "movie_info_idx", "Alias": "mi_idx", "Startup Cost": 7502.06, "Total Cost": 18288.66, "Plan Rows": 345008, "Plan Width": 8, "Recheck Cond": "(info_type_id = it.id), (LLVM Optimized)", "Plans": [{"Node Type": "Bitmap Index Scan", "Parent Relationship": "Outer", "Index Name": "info_type_id_movie_info_idx", "Startup Cost": 0.0, "Total Cost": 7415.81, "Plan Rows": 345008, "Plan Width": 0, "Index Cond": "(info_type_id = it.id)"}]}]}, {"Node Type": "Hash", "Parent Relationship": "Inner", "Startup Cost": 35067.08, "Total Cost": 35067.08, "Plan Rows": 719240, "Plan Width": 25, "Plans": [{"Node Type": "Streaming(type: LOCAL GATHER dop: 1/16)", "Parent Relationship": "Outer", "Startup Cost": 554.15, "Total Cost": 35067.08, "Plan Rows": 719240, "Plan Width": 25, "Plans": [{"Node Type": "Seq Scan", "Parent Relationship": "Outer", "Relation Name": "title", "Alias": "t", "Startup Cost": 554.15, "Total Cost": 19544.42, "Plan Rows": 719240, "Plan Width": 25, "Filter": "((production_year >= 2005) AND (production_year <= 2010)), (LLVM Optimized)"}]}]}]}]}]}]}, "Unique SQL Id": 1162488282, "Planner Runtime": 16}, "explain_analyze_plan": {"Plan": {"Node Type": "Aggregate", "Strategy": "Plain", "Startup Cost": 153079.61, "Total Cost": 153079.62, "Plan Rows": 1, "Plan Width": 113, "Actual Min Startup Time": 508.339, "Actual Max Startup Time": 508.339, "Actual Min Total Time": 508.339, "Actual Max Total Time": 508.339, "Plans": [{"Node Type": "Hash Join", "Parent Relationship": "Outer", "Join Type": "Inner", "Startup Cost": 91012.98, "Total Cost": 149723.58, "Plan Rows": 447470, "Plan Width": 45, "Actual Min Startup Time": 475.833, "Actual Max Startup Time": 475.833, "Actual Min Total Time": 508.306, "Actual Max Total Time": 508.306, "Inner Unique": false, "Hash Cond": "(mc.movie_id = t.id), (LLVM Optimized)", "Plans": [{"Node Type": "Streaming(type: LOCAL GATHER dop: 1/16)", "Parent Relationship": "Outer", "Startup Cost": 15001.4, "Total Cost": 62400.8, "Plan Rows": 1304518, "Plan Width": 28, "Actual Min Startup Time": 0.063, "Actual Max Startup Time": 0.063, "Actual Min Total Time": 37.877, "Actual Max Total Time": 37.877, "Plans": [{"Node Type": "Hash Join", "Parent Relationship": "Outer", "Join Type": "Inner", "Startup Cost": 15001.4, "Total Cost": 34246.65, "Plan Rows": 1304518, "Plan Width": 28, "Actual Min Startup Time": 48.412, "Actual Max Startup Time": 55.625, "Actual Min Total Time": 72.114, "Actual Max Total Time": 82.425, "Inner Unique": true, "Hash Cond": "(mc.company_type_id = ct.id), (LLVM Optimized)", "Plans": [{"Node Type": "Seq Scan", "Parent Relationship": "Outer", "Relation Name": "movie_companies", "Alias": "mc", "Startup Cost": 0.0, "Total Cost": 18021.26, "Plan Rows": 2609035, "Plan Width": 32, "Actual Min Startup Time": 0.027, "Actual Max Startup Time": 0.037, "Actual Min Total Time": 57.174, "Actual Max Total Time": 64.557, "Filter": "((note)::text !~~ '%(as Metro-Goldwyn-Mayer Pictures)%'::text), (LLVM Optimized)", "Rows Removed by Filter": 1272041, "Actual Rows": 1337087}, {"Node Type": "Hash", "Parent Relationship": "Inner", "Startup Cost": 15001.38, "Total Cost": 15001.38, "Plan Rows": 16, "Plan Width": 4, "Actual Min Startup Time": 0.011, "Actual Max Startup Time": 0.023, "Actual Min Total Time": 0.011, "Actual Max Total Time": 0.023, "Max Hash Buckets": 32768, "Min Hash Buckets": 32768, "Max Hash Batches": 1, "Min Hash Batches": 1, "Max Original Hash Batches": 1, "Min Original Hash Batches": 1, "Max Peak Memory Usage": 1, "min Peak Memory Usage": 1, "Plans": [{"Node Type": "Streaming(type: BROADCAST dop: 16/1)", "Parent Relationship": "Outer", "Startup Cost": 0.0, "Total Cost": 15001.38, "Plan Rows": 16, "Plan Width": 4, "Actual Min Startup Time": 0.003, "Actual Max Startup Time": 0.007, "Actual Min Total Time": 0.003, "Actual Max Total Time": 0.008, "Plans": [{"Node Type": "Seq Scan", "Parent Relationship": "Outer", "Relation Name": "company_type", "Alias": "ct", "Startup Cost": 0.0, "Total Cost": 1.04, "Plan Rows": 1, "Plan Width": 4, "Actual Min Startup Time": 0.037, "Actual Max Startup Time": 0.037, "Actual Min Total Time": 0.041, "Actual Max Total Time": 0.041, "Filter": "((kind)::text = 'production companies'::text)", "Rows Removed by Filter": 2, "Actual Rows": 1}], "Actual Rows": 16}], "Actual Rows": 16}], "Actual Rows": 140904}], "Actual Rows": 140904}, {"Node Type": "Hash", "Parent Relationship": "Inner", "Startup Cost": 71056.54, "Total Cost": 71056.54, "Plan Rows": 396404, "Plan Width": 29, "Actual Min Startup Time": 441.493, "Actual Max Startup Time": 441.493, "Actual Min Total Time": 441.493, "Actual Max Total Time": 441.493, "Max Hash Buckets": 524288, "Min Hash Buckets": 524288, "Max Hash Batches": 1, "Min Hash Batches": 1, "Max Original Hash Batches": 1, "Min Original Hash Batches": 1, "Max Peak Memory Usage": 1, "min Peak Memory Usage": 1, "Plans": [{"Node Type": "Hash Join", "Parent Relationship": "Outer", "Join Type": "Inner", "Startup Cost": 51559.64, "Total Cost": 71056.54, "Plan Rows": 396404, "Plan Width": 29, "Actual Min Startup Time": 441.47, "Actual Max Startup Time": 441.47, "Actual Min Total Time": 441.48, "Actual Max Total Time": 441.48, "Inner Unique": true, "Hash Cond": "(mi_idx.movie_id = t.id), (LLVM Optimized)", "Plans": [{"Node Type": "Nested Loop", "Parent Relationship": "Outer", "Join Type": "Inner", "Startup Cost": 7502.06, "Total Cost": 21741.14, "Plan Rows": 345008, "Plan Width": 4, "Actual Min Startup Time": 0.144, "Actual Max Startup Time": 0.144, "Actual Min Total Time": 0.15, "Actual Max Total Time": 0.15, "Inner Unique": false, "Plans": [{"Node Type": "Seq Scan", "Parent Relationship": "Outer", "Relation Name": "info_type", "Alias": "it", "Startup Cost": 0.0, "Total Cost": 2.4, "Plan Rows": 1, "Plan Width": 4, "Actual Min Startup Time": 0.075, "Actual Max Startup Time": 0.075, "Actual Min Total Time": 0.078, "Actual Max Total Time": 0.078, "Filter": "((info)::text = 'bottom 10 rank'::text)", "Rows Removed by Filter": 111, "Actual Rows": 1}, {"Node Type": "Bitmap Heap Scan", "Parent Relationship": "Inner", "Relation Name": "movie_info_idx", "Alias": "mi_idx", "Startup Cost": 7502.06, "Total Cost": 18288.66, "Plan Rows": 345008, "Plan Width": 8, "Actual Min Startup Time": 0.048, "Actual Max Startup Time": 0.048, "Actual Min Total Time": 0.049, "Actual Max Total Time": 0.049, "Recheck Cond": "(info_type_id = it.id), (LLVM Optimized)", "Rows Removed by Index Recheck": 0, "Exact Heap Blocks": 1, "Lossy Heap Blocks": 1, "Plans": [{"Node Type": "Bitmap Index Scan", "Parent Relationship": "Outer", "Index Name": "info_type_id_movie_info_idx", "Startup Cost": 0.0, "Total Cost": 7415.81, "Plan Rows": 345008, "Plan Width": 0, "Actual Min Startup Time": 0.03, "Actual Max Startup Time": 0.03, "Actual Min Total Time": 0.03, "Actual Max Total Time": 0.03, "Index Cond": "(info_type_id = it.id)", "Actual Rows": 10}], "Actual Rows": 10}], "Actual Rows": 10}, {"Node Type": "Hash", "Parent Relationship": "Inner", "Startup Cost": 35067.08, "Total Cost": 35067.08, "Plan Rows": 719240, "Plan Width": 25, "Actual Min Startup Time": 440.58, "Actual Max Startup Time": 440.58, "Actual Min Total Time": 440.58, "Actual Max Total Time": 440.58, "Max Hash Buckets": 1048576, "Min Hash Buckets": 1048576, "Max Hash Batches": 1, "Min Hash Batches": 1, "Max Original Hash Batches": 1, "Min Original Hash Batches": 1, "Max Peak Memory Usage": 41052, "min Peak Memory Usage": 41052, "Plans": [{"Node Type": "Streaming(type: LOCAL GATHER dop: 1/16)", "Parent Relationship": "Outer", "Startup Cost": 554.15, "Total Cost": 35067.08, "Plan Rows": 719240, "Plan Width": 25, "Actual Min Startup Time": 38.146, "Actual Max Startup Time": 38.146, "Actual Min Total Time": 234.941, "Actual Max Total Time": 234.941, "Plans": [{"Node Type": "Seq Scan", "Parent Relationship": "Outer", "Relation Name": "title", "Alias": "t", "Startup Cost": 554.15, "Total Cost": 19544.42, "Plan Rows": 719240, "Plan Width": 25, "Actual Min Startup Time": 0.027, "Actual Max Startup Time": 0.053, "Actual Min Total Time": 63.272, "Actual Max Total Time": 66.606, "Filter": "((production_year >= 2005) AND (production_year <= 2010)), (LLVM Optimized)", "Rows Removed by Filter": 1812052, "Actual Rows": 716259}], "Actual Rows": 716259}], "Actual Rows": 716259}], "Actual Rows": 4}], "Actual Rows": 4}], "Actual Rows": 3}], "Actual Rows": 1}, "Triggers": [], "Planner Runtime": 20.679, "Total Runtime": 525.071, "Unique SQL Id": 1162488282}}, "(16, '97')": {"explain_plan": {"Plan": {"Node Type": "Aggregate", "Strategy": "Plain", "Startup Cost": 234214.87, "Total Cost": 234214.9, "Plan Rows": 1, "Plan Width": 113, "Plans": [{"Node Type": "Streaming(type: LOCAL GATHER dop: 1/16)", "Parent Relationship": "Outer", "Startup Cost": 234214.87, "Total Cost": 234214.9, "Plan Rows": 1, "Plan Width": 113, "Plans": [{"Node Type": "Aggregate", "Strategy": "Plain", "Parent Relationship": "Outer", "Startup Cost": 234214.87, "Total Cost": 234214.88, "Plan Rows": 1, "Plan Width": 113, "Plans": [{"Node Type": "Hash Join", "Parent Relationship": "Outer", "Join Type": "Inner", "Startup Cost": 178527.63, "Total Cost": 230858.84, "Plan Rows": 447470, "Plan Width": 45, "Inner Unique": true, "Hash Cond": "(mc.company_type_id = ct.id), (LLVM Optimized)", "Plans": [{"Node Type": "Hash Join", "Parent Relationship": "Outer", "Join Type": "Inner", "Startup Cost": 163514.97, "Total Cost": 215566.84, "Plan Rows": 549199, "Plan Width": 49, "Inner Unique": false, "Hash Cond": "(t.id = mc.movie_id), (LLVM Optimized)", "Plans": [{"Node Type": "Streaming(type: LOCAL REDISTRIBUTE dop: 16/1)", "Parent Relationship": "Outer", "Startup Cost": 134222.89, "Total Cost": 185214.89, "Plan Rows": 396404, "Plan Width": 29, "Plans": [{"Node Type": "Hash Join", "Parent Relationship": "Outer", "Join Type": "Inner", "Startup Cost": 134222.89, "Total Cost": 153731.6, "Plan Rows": 396404, "Plan Width": 29, "Inner Unique": true, "Hash Cond": "(mi_idx.movie_id = t.id), (LLVM Optimized)", "Plans": [{"Node Type": "Nested Loop", "Parent Relationship": "Outer", "Join Type": "Inner", "Startup Cost": 7502.06, "Total Cost": 21752.95, "Plan Rows": 345008, "Plan Width": 4, "Inner Unique": false, "Plans": [{"Node Type": "Index Scan", "Parent Relationship": "Outer", "Scan Direction": "Forward", "Index Name": "info_type_pkey", "Relation Name": "info_type", "Alias": "it", "Startup Cost": 0.0, "Total Cost": 14.21, "Plan Rows": 1, "Plan Width": 4, "Filter": "((info)::text = 'bottom 10 rank'::text)"}, {"Node Type": "Bitmap Heap Scan", "Parent Relationship": "Inner", "Relation Name": "movie_info_idx", "Alias": "mi_idx", "Startup Cost": 7502.06, "Total Cost": 18288.66, "Plan Rows": 345008, "Plan Width": 8, "Recheck Cond": "(info_type_id = it.id), (LLVM Optimized)", "Plans": [{"Node Type": "Bitmap Index Scan", "Parent Relationship": "Outer", "Index Name": "info_type_id_movie_info_idx", "Startup Cost": 0.0, "Total Cost": 7415.81, "Plan Rows": 345008, "Plan Width": 0, "Index Cond": "(info_type_id = it.id)"}]}]}, {"Node Type": "Hash", "Parent Relationship": "Inner", "Startup Cost": 117730.33, "Total Cost": 117730.33, "Plan Rows": 719240, "Plan Width": 25, "Plans": [{"Node Type": "Streaming(type: LOCAL GATHER dop: 1/16)", "Parent Relationship": "Outer", "Startup Cost": 0.0, "Total Cost": 117730.33, "Plan Rows": 719240, "Plan Width": 25, "Plans": [{"Node Type": "Index Scan", "Parent Relationship": "Outer", "Scan Direction": "Forward", "Index Name": "title_pkey", "Relation Name": "title", "Alias": "t", "Startup Cost": 0.0, "Total Cost": 102207.67, "Plan Rows": 719240, "Plan Width": 25, "Filter": "((production_year >= 2005) AND (production_year <= 2010)), (LLVM Optimized)"}]}]}]}]}, {"Node Type": "Hash", "Parent Relationship": "Inner", "Startup Cost": 109015.07, "Total Cost": 109015.07, "Plan Rows": 2609035, "Plan Width": 32, "Plans": [{"Node Type": "Streaming(type: LOCAL REDISTRIBUTE dop: 16/16)", "Parent Relationship": "Outer", "Startup Cost": 0.0, "Total Cost": 109015.07, "Plan Rows": 2609035, "Plan Width": 32, "Plans": [{"Node Type": "Index Scan", "Parent Relationship": "Outer", "Scan Direction": "Forward", "Index Name": "company_type_id_movie_companies", "Relation Name": "movie_companies", "Alias": "mc", "Startup Cost": 0.0, "Total Cost": 84129.27, "Plan Rows": 2609035, "Plan Width": 32, "Filter": "((note)::text !~~ '%(as Metro-Goldwyn-Mayer Pictures)%'::text), (LLVM Optimized)"}]}]}]}, {"Node Type": "Hash", "Parent Relationship": "Inner", "Startup Cost": 15012.65, "Total Cost": 15012.65, "Plan Rows": 16, "Plan Width": 4, "Plans": [{"Node Type": "Streaming(type: BROADCAST dop: 16/1)", "Parent Relationship": "Outer", "Startup Cost": 0.0, "Total Cost": 15012.65, "Plan Rows": 16, "Plan Width": 4, "Plans": [{"Node Type": "Index Scan", "Parent Relationship": "Outer", "Scan Direction": "Forward", "Index Name": "company_type_pkey", "Relation Name": "company_type", "Alias": "ct", "Startup Cost": 0.0, "Total Cost": 12.3, "Plan Rows": 1, "Plan Width": 4, "Filter": "((kind)::text = 'production companies'::text)"}]}]}]}]}]}]}, "Unique SQL Id": 1162488282, "Planner Runtime": 15}, "explain_analyze_plan": {"Plan": {"Node Type": "Aggregate", "Strategy": "Plain", "Startup Cost": 234214.87, "Total Cost": 234214.9, "Plan Rows": 1, "Plan Width": 113, "Actual Min Startup Time": 617.64, "Actual Max Startup Time": 617.64, "Actual Min Total Time": 617.64, "Actual Max Total Time": 617.64, "Plans": [{"Node Type": "Streaming(type: LOCAL GATHER dop: 1/16)", "Parent Relationship": "Outer", "Startup Cost": 234214.87, "Total Cost": 234214.9, "Plan Rows": 1, "Plan Width": 113, "Actual Min Startup Time": 616.503, "Actual Max Startup Time": 616.503, "Actual Min Total Time": 617.623, "Actual Max Total Time": 617.623, "Plans": [{"Node Type": "Aggregate", "Strategy": "Plain", "Parent Relationship": "Outer", "Startup Cost": 234214.87, "Total Cost": 234214.88, "Plan Rows": 1, "Plan Width": 113, "Actual Min Startup Time": 465.571, "Actual Max Startup Time": 555.808, "Actual Min Total Time": 465.571, "Actual Max Total Time": 555.809, "Plans": [{"Node Type": "Hash Join", "Parent Relationship": "Outer", "Join Type": "Inner", "Startup Cost": 178527.63, "Total Cost": 230858.84, "Plan Rows": 447470, "Plan Width": 45, "Actual Min Startup Time": 465.567, "Actual Max Startup Time": 555.801, "Actual Min Total Time": 465.567, "Actual Max Total Time": 555.801, "Inner Unique": true, "Hash Cond": "(mc.company_type_id = ct.id), (LLVM Optimized, Jit Execute)", "Plans": [{"Node Type": "Hash Join", "Parent Relationship": "Outer", "Join Type": "Inner", "Startup Cost": 163514.97, "Total Cost": 215566.84, "Plan Rows": 549199, "Plan Width": 49, "Actual Min Startup Time": 464.915, "Actual Max Startup Time": 548.236, "Actual Min Total Time": 464.915, "Actual Max Total Time": 548.236, "Inner Unique": false, "Hash Cond": "(t.id = mc.movie_id), (LLVM Optimized, Jit Execute)", "Plans": [{"Node Type": "Streaming(type: LOCAL REDISTRIBUTE dop: 16/1)", "Parent Relationship": "Outer", "Startup Cost": 134222.89, "Total Cost": 185214.89, "Plan Rows": 396404, "Plan Width": 29, "Actual Min Startup Time": 180.579, "Actual Max Startup Time": 180.633, "Actual Min Total Time": 180.579, "Actual Max Total Time": 180.633, "Plans": [{"Node Type": "Hash Join", "Parent Relationship": "Outer", "Join Type": "Inner", "Startup Cost": 134222.89, "Total Cost": 153731.6, "Plan Rows": 396404, "Plan Width": 29, "Actual Min Startup Time": 464.852, "Actual Max Startup Time": 464.852, "Actual Min Total Time": 464.861, "Actual Max Total Time": 464.861, "Inner Unique": true, "Hash Cond": "(mi_idx.movie_id = t.id), (LLVM Optimized, Jit Execute)", "Plans": [{"Node Type": "Nested Loop", "Parent Relationship": "Outer", "Join Type": "Inner", "Startup Cost": 7502.06, "Total Cost": 21752.95, "Plan Rows": 345008, "Plan Width": 4, "Actual Min Startup Time": 0.171, "Actual Max Startup Time": 0.171, "Actual Min Total Time": 0.178, "Actual Max Total Time": 0.178, "Inner Unique": false, "Plans": [{"Node Type": "Index Scan", "Parent Relationship": "Outer", "Scan Direction": "Forward", "Index Name": "info_type_pkey", "Relation Name": "info_type", "Alias": "it", "Startup Cost": 0.0, "Total Cost": 14.21, "Plan Rows": 1, "Plan Width": 4, "Actual Min Startup Time": 0.116, "Actual Max Startup Time": 0.116, "Actual Min Total Time": 0.118, "Actual Max Total Time": 0.118, "Filter": "((info)::text = 'bottom 10 rank'::text)", "Rows Removed by Filter": 111, "Actual Rows": 1}, {"Node Type": "Bitmap Heap Scan", "Parent Relationship": "Inner", "Relation Name": "movie_info_idx", "Alias": "mi_idx", "Startup Cost": 7502.06, "Total Cost": 18288.66, "Plan Rows": 345008, "Plan Width": 8, "Actual Min Startup Time": 0.039, "Actual Max Startup Time": 0.039, "Actual Min Total Time": 0.042, "Actual Max Total Time": 0.042, "Recheck Cond": "(info_type_id = it.id), (LLVM Optimized, Jit Execute)", "Rows Removed by Index Recheck": 0, "Exact Heap Blocks": 0, "Lossy Heap Blocks": 0, "Plans": [{"Node Type": "Bitmap Index Scan", "Parent Relationship": "Outer", "Index Name": "info_type_id_movie_info_idx", "Startup Cost": 0.0, "Total Cost": 7415.81, "Plan Rows": 345008, "Plan Width": 0, "Actual Min Startup Time": 0.023, "Actual Max Startup Time": 0.023, "Actual Min Total Time": 0.023, "Actual Max Total Time": 0.023, "Index Cond": "(info_type_id = it.id)", "Actual Rows": 10}], "Actual Rows": 10}], "Actual Rows": 10}, {"Node Type": "Hash", "Parent Relationship": "Inner", "Startup Cost": 117730.33, "Total Cost": 117730.33, "Plan Rows": 719240, "Plan Width": 25, "Actual Min Startup Time": 463.937, "Actual Max Startup Time": 463.937, "Actual Min Total Time": 463.937, "Actual Max Total Time": 463.937, "Max Hash Buckets": 1048576, "Min Hash Buckets": 1048576, "Max Hash Batches": 1, "Min Hash Batches": 1, "Max Original Hash Batches": 1, "Min Original Hash Batches": 1, "Max Peak Memory Usage": 41052, "min Peak Memory Usage": 41052, "Plans": [{"Node Type": "Streaming(type: LOCAL GATHER dop: 1/16)", "Parent Relationship": "Outer", "Startup Cost": 0.0, "Total Cost": 117730.33, "Plan Rows": 719240, "Plan Width": 25, "Actual Min Startup Time": 0.049, "Actual Max Startup Time": 0.049, "Actual Min Total Time": 245.901, "Actual Max Total Time": 245.901, "Plans": [{"Node Type": "Index Scan", "Parent Relationship": "Outer", "Scan Direction": "Forward", "Index Name": "title_pkey", "Relation Name": "title", "Alias": "t", "Startup Cost": 0.0, "Total Cost": 102207.67, "Plan Rows": 719240, "Plan Width": 25, "Actual Min Startup Time": 0.039, "Actual Max Startup Time": 46.855, "Actual Min Total Time": 231.744, "Actual Max Total Time": 340.514, "Filter": "((production_year >= 2005) AND (production_year <= 2010)), (LLVM Optimized, Jit Execute)", "Rows Removed by Filter": 1812052, "Actual Rows": 716259}], "Actual Rows": 716259}], "Actual Rows": 716259}], "Actual Rows": 4}], "Actual Rows": 4}, {"Node Type": "Hash", "Parent Relationship": "Inner", "Startup Cost": 109015.07, "Total Cost": 109015.07, "Plan Rows": 2609035, "Plan Width": 32, "Actual Min Startup Time": 284.147, "Actual Max Startup Time": 367.37, "Actual Min Total Time": 284.147, "Actual Max Total Time": 367.37, "Max Hash Buckets": 262144, "Min Hash Buckets": 262144, "Max Hash Batches": 1, "Min Hash Batches": 1, "Max Original Hash Batches": 1, "Min Original Hash Batches": 1, "Max Peak Memory Usage": 5435, "min Peak Memory Usage": 5435, "Plans": [{"Node Type": "Streaming(type: LOCAL REDISTRIBUTE dop: 16/16)", "Parent Relationship": "Outer", "Startup Cost": 0.0, "Total Cost": 109015.07, "Plan Rows": 2609035, "Plan Width": 32, "Actual Min Startup Time": 0.053, "Actual Max Startup Time": 58.091, "Actual Min Total Time": 259.697, "Actual Max Total Time": 343.262, "Plans": [{"Node Type": "Index Scan", "Parent Relationship": "Outer", "Scan Direction": "Forward", "Index Name": "company_type_id_movie_companies", "Relation Name": "movie_companies", "Alias": "mc", "Startup Cost": 0.0, "Total Cost": 84129.27, "Plan Rows": 2609035, "Plan Width": 32, "Actual Min Startup Time": 0.05, "Actual Max Startup Time": 23.017, "Actual Min Total Time": 77.548, "Actual Max Total Time": 163.273, "Filter": "((note)::text !~~ '%(as Metro-Goldwyn-Mayer Pictures)%'::text), (LLVM Optimized, Jit Execute)", "Rows Removed by Filter": 1272041, "Actual Rows": 1337087}], "Actual Rows": 1337087}], "Actual Rows": 1337087}], "Actual Rows": 66}, {"Node Type": "Hash", "Parent Relationship": "Inner", "Startup Cost": 15012.65, "Total Cost": 15012.65, "Plan Rows": 16, "Plan Width": 4, "Actual Min Startup Time": 0.007, "Actual Max Startup Time": 6.957, "Actual Min Total Time": 0.007, "Actual Max Total Time": 6.957, "Max Hash Buckets": 32768, "Min Hash Buckets": 32768, "Max Hash Batches": 1, "Min Hash Batches": 1, "Max Original Hash Batches": 1, "Min Original Hash Batches": 1, "Max Peak Memory Usage": 1, "min Peak Memory Usage": 1, "Plans": [{"Node Type": "Streaming(type: BROADCAST dop: 16/1)", "Parent Relationship": "Outer", "Startup Cost": 0.0, "Total Cost": 15012.65, "Plan Rows": 16, "Plan Width": 4, "Actual Min Startup Time": 0.003, "Actual Max Startup Time": 6.939, "Actual Min Total Time": 0.003, "Actual Max Total Time": 6.942, "Plans": [{"Node Type": "Index Scan", "Parent Relationship": "Outer", "Scan Direction": "Forward", "Index Name": "company_type_pkey", "Relation Name": "company_type", "Alias": "ct", "Startup Cost": 0.0, "Total Cost": 12.3, "Plan Rows": 1, "Plan Width": 4, "Actual Min Startup Time": 0.052, "Actual Max Startup Time": 0.052, "Actual Min Total Time": 0.057, "Actual Max Total Time": 0.057, "Filter": "((kind)::text = 'production companies'::text)", "Rows Removed by Filter": 2, "Actual Rows": 1}], "Actual Rows": 16}], "Actual Rows": 16}], "Actual Rows": 3}], "Actual Rows": 16}], "Actual Rows": 16}], "Actual Rows": 1}, "Triggers": [], "Planner Runtime": 19.424, "Total Runtime": 638.593, "Unique SQL Id": 1162488282}}, "(16, '98')": {"explain_plan": {"Plan": {"Node Type": "Aggregate", "Strategy": "Plain", "Startup Cost": 153079.61, "Total Cost": 153079.62, "Plan Rows": 1, "Plan Width": 113, "Plans": [{"Node Type": "Hash Join", "Parent Relationship": "Outer", "Join Type": "Inner", "Startup Cost": 91012.98, "Total Cost": 149723.58, "Plan Rows": 447470, "Plan Width": 45, "Inner Unique": false, "Hash Cond": "(mc.movie_id = t.id), (LLVM Optimized)", "Plans": [{"Node Type": "Streaming(type: LOCAL GATHER dop: 1/16)", "Parent Relationship": "Outer", "Startup Cost": 15001.4, "Total Cost": 62400.8, "Plan Rows": 1304518, "Plan Width": 28, "Plans": [{"Node Type": "Hash Join", "Parent Relationship": "Outer", "Join Type": "Inner", "Startup Cost": 15001.4, "Total Cost": 34246.65, "Plan Rows": 1304518, "Plan Width": 28, "Inner Unique": true, "Hash Cond": "(mc.company_type_id = ct.id), (LLVM Optimized)", "Plans": [{"Node Type": "Seq Scan", "Parent Relationship": "Outer", "Relation Name": "movie_companies", "Alias": "mc", "Startup Cost": 0.0, "Total Cost": 18021.26, "Plan Rows": 2609035, "Plan Width": 32, "Filter": "((note)::text !~~ '%(as Metro-Goldwyn-Mayer Pictures)%'::text), (LLVM Optimized)"}, {"Node Type": "Hash", "Parent Relationship": "Inner", "Startup Cost": 15001.38, "Total Cost": 15001.38, "Plan Rows": 16, "Plan Width": 4, "Plans": [{"Node Type": "Streaming(type: BROADCAST dop: 16/1)", "Parent Relationship": "Outer", "Startup Cost": 0.0, "Total Cost": 15001.38, "Plan Rows": 16, "Plan Width": 4, "Plans": [{"Node Type": "Seq Scan", "Parent Relationship": "Outer", "Relation Name": "company_type", "Alias": "ct", "Startup Cost": 0.0, "Total Cost": 1.04, "Plan Rows": 1, "Plan Width": 4, "Filter": "((kind)::text = 'production companies'::text)"}]}]}]}]}, {"Node Type": "Hash", "Parent Relationship": "Inner", "Startup Cost": 71056.54, "Total Cost": 71056.54, "Plan Rows": 396404, "Plan Width": 29, "Plans": [{"Node Type": "Hash Join", "Parent Relationship": "Outer", "Join Type": "Inner", "Startup Cost": 51559.64, "Total Cost": 71056.54, "Plan Rows": 396404, "Plan Width": 29, "Inner Unique": true, "Hash Cond": "(mi_idx.movie_id = t.id), (LLVM Optimized)", "Plans": [{"Node Type": "Nested Loop", "Parent Relationship": "Outer", "Join Type": "Inner", "Startup Cost": 7502.06, "Total Cost": 21741.14, "Plan Rows": 345008, "Plan Width": 4, "Inner Unique": false, "Plans": [{"Node Type": "Seq Scan", "Parent Relationship": "Outer", "Relation Name": "info_type", "Alias": "it", "Startup Cost": 0.0, "Total Cost": 2.4, "Plan Rows": 1, "Plan Width": 4, "Filter": "((info)::text = 'bottom 10 rank'::text)"}, {"Node Type": "Bitmap Heap Scan", "Parent Relationship": "Inner", "Relation Name": "movie_info_idx", "Alias": "mi_idx", "Startup Cost": 7502.06, "Total Cost": 18288.66, "Plan Rows": 345008, "Plan Width": 8, "Recheck Cond": "(info_type_id = it.id), (LLVM Optimized)", "Plans": [{"Node Type": "Bitmap Index Scan", "Parent Relationship": "Outer", "Index Name": "info_type_id_movie_info_idx", "Startup Cost": 0.0, "Total Cost": 7415.81, "Plan Rows": 345008, "Plan Width": 0, "Index Cond": "(info_type_id = it.id)"}]}]}, {"Node Type": "Hash", "Parent Relationship": "Inner", "Startup Cost": 35067.08, "Total Cost": 35067.08, "Plan Rows": 719240, "Plan Width": 25, "Plans": [{"Node Type": "Streaming(type: LOCAL GATHER dop: 1/16)", "Parent Relationship": "Outer", "Startup Cost": 554.15, "Total Cost": 35067.08, "Plan Rows": 719240, "Plan Width": 25, "Plans": [{"Node Type": "Seq Scan", "Parent Relationship": "Outer", "Relation Name": "title", "Alias": "t", "Startup Cost": 554.15, "Total Cost": 19544.42, "Plan Rows": 719240, "Plan Width": 25, "Filter": "((production_year >= 2005) AND (production_year <= 2010)), (LLVM Optimized)"}]}]}]}]}]}]}, "Unique SQL Id": 1162488282, "Planner Runtime": 20}, "explain_analyze_plan": {"Plan": {"Node Type": "Aggregate", "Strategy": "Plain", "Startup Cost": 153079.61, "Total Cost": 153079.62, "Plan Rows": 1, "Plan Width": 113, "Actual Min Startup Time": 508.339, "Actual Max Startup Time": 508.339, "Actual Min Total Time": 508.339, "Actual Max Total Time": 508.339, "Plans": [{"Node Type": "Hash Join", "Parent Relationship": "Outer", "Join Type": "Inner", "Startup Cost": 91012.98, "Total Cost": 149723.58, "Plan Rows": 447470, "Plan Width": 45, "Actual Min Startup Time": 475.833, "Actual Max Startup Time": 475.833, "Actual Min Total Time": 508.306, "Actual Max Total Time": 508.306, "Inner Unique": false, "Hash Cond": "(mc.movie_id = t.id), (LLVM Optimized)", "Plans": [{"Node Type": "Streaming(type: LOCAL GATHER dop: 1/16)", "Parent Relationship": "Outer", "Startup Cost": 15001.4, "Total Cost": 62400.8, "Plan Rows": 1304518, "Plan Width": 28, "Actual Min Startup Time": 0.063, "Actual Max Startup Time": 0.063, "Actual Min Total Time": 37.877, "Actual Max Total Time": 37.877, "Plans": [{"Node Type": "Hash Join", "Parent Relationship": "Outer", "Join Type": "Inner", "Startup Cost": 15001.4, "Total Cost": 34246.65, "Plan Rows": 1304518, "Plan Width": 28, "Actual Min Startup Time": 48.412, "Actual Max Startup Time": 55.625, "Actual Min Total Time": 72.114, "Actual Max Total Time": 82.425, "Inner Unique": true, "Hash Cond": "(mc.company_type_id = ct.id), (LLVM Optimized)", "Plans": [{"Node Type": "Seq Scan", "Parent Relationship": "Outer", "Relation Name": "movie_companies", "Alias": "mc", "Startup Cost": 0.0, "Total Cost": 18021.26, "Plan Rows": 2609035, "Plan Width": 32, "Actual Min Startup Time": 0.027, "Actual Max Startup Time": 0.037, "Actual Min Total Time": 57.174, "Actual Max Total Time": 64.557, "Filter": "((note)::text !~~ '%(as Metro-Goldwyn-Mayer Pictures)%'::text), (LLVM Optimized)", "Rows Removed by Filter": 1272041, "Actual Rows": 1337087}, {"Node Type": "Hash", "Parent Relationship": "Inner", "Startup Cost": 15001.38, "Total Cost": 15001.38, "Plan Rows": 16, "Plan Width": 4, "Actual Min Startup Time": 0.011, "Actual Max Startup Time": 0.023, "Actual Min Total Time": 0.011, "Actual Max Total Time": 0.023, "Max Hash Buckets": 32768, "Min Hash Buckets": 32768, "Max Hash Batches": 1, "Min Hash Batches": 1, "Max Original Hash Batches": 1, "Min Original Hash Batches": 1, "Max Peak Memory Usage": 1, "min Peak Memory Usage": 1, "Plans": [{"Node Type": "Streaming(type: BROADCAST dop: 16/1)", "Parent Relationship": "Outer", "Startup Cost": 0.0, "Total Cost": 15001.38, "Plan Rows": 16, "Plan Width": 4, "Actual Min Startup Time": 0.003, "Actual Max Startup Time": 0.007, "Actual Min Total Time": 0.003, "Actual Max Total Time": 0.008, "Plans": [{"Node Type": "Seq Scan", "Parent Relationship": "Outer", "Relation Name": "company_type", "Alias": "ct", "Startup Cost": 0.0, "Total Cost": 1.04, "Plan Rows": 1, "Plan Width": 4, "Actual Min Startup Time": 0.037, "Actual Max Startup Time": 0.037, "Actual Min Total Time": 0.041, "Actual Max Total Time": 0.041, "Filter": "((kind)::text = 'production companies'::text)", "Rows Removed by Filter": 2, "Actual Rows": 1}], "Actual Rows": 16}], "Actual Rows": 16}], "Actual Rows": 140904}], "Actual Rows": 140904}, {"Node Type": "Hash", "Parent Relationship": "Inner", "Startup Cost": 71056.54, "Total Cost": 71056.54, "Plan Rows": 396404, "Plan Width": 29, "Actual Min Startup Time": 441.493, "Actual Max Startup Time": 441.493, "Actual Min Total Time": 441.493, "Actual Max Total Time": 441.493, "Max Hash Buckets": 524288, "Min Hash Buckets": 524288, "Max Hash Batches": 1, "Min Hash Batches": 1, "Max Original Hash Batches": 1, "Min Original Hash Batches": 1, "Max Peak Memory Usage": 1, "min Peak Memory Usage": 1, "Plans": [{"Node Type": "Hash Join", "Parent Relationship": "Outer", "Join Type": "Inner", "Startup Cost": 51559.64, "Total Cost": 71056.54, "Plan Rows": 396404, "Plan Width": 29, "Actual Min Startup Time": 441.47, "Actual Max Startup Time": 441.47, "Actual Min Total Time": 441.48, "Actual Max Total Time": 441.48, "Inner Unique": true, "Hash Cond": "(mi_idx.movie_id = t.id), (LLVM Optimized)", "Plans": [{"Node Type": "Nested Loop", "Parent Relationship": "Outer", "Join Type": "Inner", "Startup Cost": 7502.06, "Total Cost": 21741.14, "Plan Rows": 345008, "Plan Width": 4, "Actual Min Startup Time": 0.144, "Actual Max Startup Time": 0.144, "Actual Min Total Time": 0.15, "Actual Max Total Time": 0.15, "Inner Unique": false, "Plans": [{"Node Type": "Seq Scan", "Parent Relationship": "Outer", "Relation Name": "info_type", "Alias": "it", "Startup Cost": 0.0, "Total Cost": 2.4, "Plan Rows": 1, "Plan Width": 4, "Actual Min Startup Time": 0.075, "Actual Max Startup Time": 0.075, "Actual Min Total Time": 0.078, "Actual Max Total Time": 0.078, "Filter": "((info)::text = 'bottom 10 rank'::text)", "Rows Removed by Filter": 111, "Actual Rows": 1}, {"Node Type": "Bitmap Heap Scan", "Parent Relationship": "Inner", "Relation Name": "movie_info_idx", "Alias": "mi_idx", "Startup Cost": 7502.06, "Total Cost": 18288.66, "Plan Rows": 345008, "Plan Width": 8, "Actual Min Startup Time": 0.048, "Actual Max Startup Time": 0.048, "Actual Min Total Time": 0.049, "Actual Max Total Time": 0.049, "Recheck Cond": "(info_type_id = it.id), (LLVM Optimized)", "Rows Removed by Index Recheck": 0, "Exact Heap Blocks": 1, "Lossy Heap Blocks": 1, "Plans": [{"Node Type": "Bitmap Index Scan", "Parent Relationship": "Outer", "Index Name": "info_type_id_movie_info_idx", "Startup Cost": 0.0, "Total Cost": 7415.81, "Plan Rows": 345008, "Plan Width": 0, "Actual Min Startup Time": 0.03, "Actual Max Startup Time": 0.03, "Actual Min Total Time": 0.03, "Actual Max Total Time": 0.03, "Index Cond": "(info_type_id = it.id)", "Actual Rows": 10}], "Actual Rows": 10}], "Actual Rows": 10}, {"Node Type": "Hash", "Parent Relationship": "Inner", "Startup Cost": 35067.08, "Total Cost": 35067.08, "Plan Rows": 719240, "Plan Width": 25, "Actual Min Startup Time": 440.58, "Actual Max Startup Time": 440.58, "Actual Min Total Time": 440.58, "Actual Max Total Time": 440.58, "Max Hash Buckets": 1048576, "Min Hash Buckets": 1048576, "Max Hash Batches": 1, "Min Hash Batches": 1, "Max Original Hash Batches": 1, "Min Original Hash Batches": 1, "Max Peak Memory Usage": 41052, "min Peak Memory Usage": 41052, "Plans": [{"Node Type": "Streaming(type: LOCAL GATHER dop: 1/16)", "Parent Relationship": "Outer", "Startup Cost": 554.15, "Total Cost": 35067.08, "Plan Rows": 719240, "Plan Width": 25, "Actual Min Startup Time": 38.146, "Actual Max Startup Time": 38.146, "Actual Min Total Time": 234.941, "Actual Max Total Time": 234.941, "Plans": [{"Node Type": "Seq Scan", "Parent Relationship": "Outer", "Relation Name": "title", "Alias": "t", "Startup Cost": 554.15, "Total Cost": 19544.42, "Plan Rows": 719240, "Plan Width": 25, "Actual Min Startup Time": 0.027, "Actual Max Startup Time": 0.053, "Actual Min Total Time": 63.272, "Actual Max Total Time": 66.606, "Filter": "((production_year >= 2005) AND (production_year <= 2010)), (LLVM Optimized)", "Rows Removed by Filter": 1812052, "Actual Rows": 716259}], "Actual Rows": 716259}], "Actual Rows": 716259}], "Actual Rows": 4}], "Actual Rows": 4}], "Actual Rows": 3}], "Actual Rows": 1}, "Triggers": [], "Planner Runtime": 20.679, "Total Runtime": 525.071, "Unique SQL Id": 1162488282}}, "(16, '99')": {"explain_plan": {"Plan": {"Node Type": "Aggregate", "Strategy": "Plain", "Startup Cost": 255790.36, "Total Cost": 255790.37, "Plan Rows": 1, "Plan Width": 113, "Plans": [{"Node Type": "Hash Join", "Parent Relationship": "Outer", "Join Type": "Inner", "Startup Cost": 192779.48, "Total Cost": 252434.34, "Plan Rows": 447470, "Plan Width": 45, "Inner Unique": false, "Hash Cond": "(mc.movie_id = t.id), (LLVM Optimized)", "Plans": [{"Node Type": "Nested Loop", "Parent Relationship": "Outer", "Join Type": "Inner", "Startup Cost": 29278.87, "Total Cost": 77622.54, "Plan Rows": 1304518, "Plan Width": 28, "Inner Unique": false, "Plans": [{"Node Type": "Bitmap Heap Scan", "Parent Relationship": "Outer", "Relation Name": "company_type", "Alias": "ct", "Startup Cost": 8.27, "Total Cost": 12.3, "Plan Rows": 1, "Plan Width": 4, "Filter": "((kind)::text = 'production companies'::text)", "Plans": [{"Node Type": "Bitmap Index Scan", "Parent Relationship": "Outer", "Index Name": "company_type_pkey", "Startup Cost": 0.0, "Total Cost": 8.27, "Plan Rows": 3, "Plan Width": 0}]}, {"Node Type": "Bitmap Heap Scan", "Parent Relationship": "Inner", "Relation Name": "movie_companies", "Alias": "mc", "Startup Cost": 29270.61, "Total Cost": 64565.07, "Plan Rows": 1304517, "Plan Width": 32, "Recheck Cond": "(company_type_id = ct.id), (LLVM Optimized)", "Filter": "((note)::text !~~ '%(as Metro-Goldwyn-Mayer Pictures)%'::text), (LLVM Optimized)", "Plans": [{"Node Type": "Bitmap Index Scan", "Parent Relationship": "Outer", "Index Name": "company_type_id_movie_companies", "Startup Cost": 0.0, "Total Cost": 28944.48, "Plan Rows": 1304564, "Plan Width": 0, "Index Cond": "(company_type_id = ct.id)"}]}]}, {"Node Type": "Hash", "Parent Relationship": "Inner", "Startup Cost": 158545.55, "Total Cost": 158545.55, "Plan Rows": 396404, "Plan Width": 29, "Plans": [{"Node Type": "Hash Join", "Parent Relationship": "Outer", "Join Type": "Inner", "Startup Cost": 139045.65, "Total Cost": 158545.55, "Plan Rows": 396404, "Plan Width": 29, "Inner Unique": true, "Hash Cond": "(mi_idx.movie_id = t.id), (LLVM Optimized)", "Plans": [{"Node Type": "Nested Loop", "Parent Relationship": "Outer", "Join Type": "Inner", "Startup Cost": 7510.87, "Total Cost": 21752.95, "Plan Rows": 345008, "Plan Width": 4, "Inner Unique": false, "Plans": [{"Node Type": "Bitmap Heap Scan", "Parent Relationship": "Outer", "Relation Name": "info_type", "Alias": "it", "Startup Cost": 8.81, "Total Cost": 14.21, "Plan Rows": 1, "Plan Width": 4, "Filter": "((info)::text = 'bottom 10 rank'::text)", "Plans": [{"Node Type": "Bitmap Index Scan", "Parent Relationship": "Outer", "Index Name": "info_type_pkey", "Startup Cost": 0.0, "Total Cost": 8.81, "Plan Rows": 112, "Plan Width": 0}]}, {"Node Type": "Bitmap Heap Scan", "Parent Relationship": "Inner", "Relation Name": "movie_info_idx", "Alias": "mi_idx", "Startup Cost": 7502.06, "Total Cost": 18288.66, "Plan Rows": 345008, "Plan Width": 8, "Recheck Cond": "(info_type_id = it.id), (LLVM Optimized)", "Plans": [{"Node Type": "Bitmap Index Scan", "Parent Relationship": "Outer", "Index Name": "info_type_id_movie_info_idx", "Startup Cost": 0.0, "Total Cost": 7415.81, "Plan Rows": 345008, "Plan Width": 0, "Index Cond": "(info_type_id = it.id)"}]}]}, {"Node Type": "Hash", "Parent Relationship": "Inner", "Startup Cost": 122544.28, "Total Cost": 122544.28, "Plan Rows": 719240, "Plan Width": 25, "Plans": [{"Node Type": "Bitmap Heap Scan", "Parent Relationship": "Outer", "Relation Name": "title", "Alias": "t", "Startup Cost": 49833.61, "Total Cost": 122544.28, "Plan Rows": 719240, "Plan Width": 25, "Filter": "((production_year >= 2005) AND (production_year <= 2010)), (LLVM Optimized)", "Plans": [{"Node Type": "Bitmap Index Scan", "Parent Relationship": "Outer", "Index Name": "title_pkey", "Startup Cost": 0.0, "Total Cost": 49653.81, "Plan Rows": 2528311, "Plan Width": 0}]}]}]}]}]}]}, "Unique SQL Id": 1162488282, "Planner Runtime": 5}, "explain_analyze_plan": null}, "(16, '100')": {"explain_plan": {"Plan": {"Node Type": "Aggregate", "Strategy": "Plain", "Startup Cost": 153079.61, "Total Cost": 153079.62, "Plan Rows": 1, "Plan Width": 113, "Plans": [{"Node Type": "Hash Join", "Parent Relationship": "Outer", "Join Type": "Inner", "Startup Cost": 91012.98, "Total Cost": 149723.58, "Plan Rows": 447470, "Plan Width": 45, "Inner Unique": false, "Hash Cond": "(mc.movie_id = t.id), (LLVM Optimized)", "Plans": [{"Node Type": "Streaming(type: LOCAL GATHER dop: 1/16)", "Parent Relationship": "Outer", "Startup Cost": 15001.4, "Total Cost": 62400.8, "Plan Rows": 1304518, "Plan Width": 28, "Plans": [{"Node Type": "Hash Join", "Parent Relationship": "Outer", "Join Type": "Inner", "Startup Cost": 15001.4, "Total Cost": 34246.65, "Plan Rows": 1304518, "Plan Width": 28, "Inner Unique": true, "Hash Cond": "(mc.company_type_id = ct.id), (LLVM Optimized)", "Plans": [{"Node Type": "Seq Scan", "Parent Relationship": "Outer", "Relation Name": "movie_companies", "Alias": "mc", "Startup Cost": 0.0, "Total Cost": 18021.26, "Plan Rows": 2609035, "Plan Width": 32, "Filter": "((note)::text !~~ '%(as Metro-Goldwyn-Mayer Pictures)%'::text), (LLVM Optimized)"}, {"Node Type": "Hash", "Parent Relationship": "Inner", "Startup Cost": 15001.38, "Total Cost": 15001.38, "Plan Rows": 16, "Plan Width": 4, "Plans": [{"Node Type": "Streaming(type: BROADCAST dop: 16/1)", "Parent Relationship": "Outer", "Startup Cost": 0.0, "Total Cost": 15001.38, "Plan Rows": 16, "Plan Width": 4, "Plans": [{"Node Type": "Seq Scan", "Parent Relationship": "Outer", "Relation Name": "company_type", "Alias": "ct", "Startup Cost": 0.0, "Total Cost": 1.04, "Plan Rows": 1, "Plan Width": 4, "Filter": "((kind)::text = 'production companies'::text)"}]}]}]}]}, {"Node Type": "Hash", "Parent Relationship": "Inner", "Startup Cost": 71056.54, "Total Cost": 71056.54, "Plan Rows": 396404, "Plan Width": 29, "Plans": [{"Node Type": "Hash Join", "Parent Relationship": "Outer", "Join Type": "Inner", "Startup Cost": 51559.64, "Total Cost": 71056.54, "Plan Rows": 396404, "Plan Width": 29, "Inner Unique": true, "Hash Cond": "(mi_idx.movie_id = t.id), (LLVM Optimized)", "Plans": [{"Node Type": "Nested Loop", "Parent Relationship": "Outer", "Join Type": "Inner", "Startup Cost": 7502.06, "Total Cost": 21741.14, "Plan Rows": 345008, "Plan Width": 4, "Inner Unique": false, "Plans": [{"Node Type": "Seq Scan", "Parent Relationship": "Outer", "Relation Name": "info_type", "Alias": "it", "Startup Cost": 0.0, "Total Cost": 2.4, "Plan Rows": 1, "Plan Width": 4, "Filter": "((info)::text = 'bottom 10 rank'::text)"}, {"Node Type": "Bitmap Heap Scan", "Parent Relationship": "Inner", "Relation Name": "movie_info_idx", "Alias": "mi_idx", "Startup Cost": 7502.06, "Total Cost": 18288.66, "Plan Rows": 345008, "Plan Width": 8, "Recheck Cond": "(info_type_id = it.id), (LLVM Optimized)", "Plans": [{"Node Type": "Bitmap Index Scan", "Parent Relationship": "Outer", "Index Name": "info_type_id_movie_info_idx", "Startup Cost": 0.0, "Total Cost": 7415.81, "Plan Rows": 345008, "Plan Width": 0, "Index Cond": "(info_type_id = it.id)"}]}]}, {"Node Type": "Hash", "Parent Relationship": "Inner", "Startup Cost": 35067.08, "Total Cost": 35067.08, "Plan Rows": 719240, "Plan Width": 25, "Plans": [{"Node Type": "Streaming(type: LOCAL GATHER dop: 1/16)", "Parent Relationship": "Outer", "Startup Cost": 554.15, "Total Cost": 35067.08, "Plan Rows": 719240, "Plan Width": 25, "Plans": [{"Node Type": "Seq Scan", "Parent Relationship": "Outer", "Relation Name": "title", "Alias": "t", "Startup Cost": 554.15, "Total Cost": 19544.42, "Plan Rows": 719240, "Plan Width": 25, "Filter": "((production_year >= 2005) AND (production_year <= 2010)), (LLVM Optimized)"}]}]}]}]}]}]}, "Unique SQL Id": 1162488282, "Planner Runtime": 16}, "explain_analyze_plan": {"Plan": {"Node Type": "Aggregate", "Strategy": "Plain", "Startup Cost": 153079.61, "Total Cost": 153079.62, "Plan Rows": 1, "Plan Width": 113, "Actual Min Startup Time": 508.339, "Actual Max Startup Time": 508.339, "Actual Min Total Time": 508.339, "Actual Max Total Time": 508.339, "Plans": [{"Node Type": "Hash Join", "Parent Relationship": "Outer", "Join Type": "Inner", "Startup Cost": 91012.98, "Total Cost": 149723.58, "Plan Rows": 447470, "Plan Width": 45, "Actual Min Startup Time": 475.833, "Actual Max Startup Time": 475.833, "Actual Min Total Time": 508.306, "Actual Max Total Time": 508.306, "Inner Unique": false, "Hash Cond": "(mc.movie_id = t.id), (LLVM Optimized)", "Plans": [{"Node Type": "Streaming(type: LOCAL GATHER dop: 1/16)", "Parent Relationship": "Outer", "Startup Cost": 15001.4, "Total Cost": 62400.8, "Plan Rows": 1304518, "Plan Width": 28, "Actual Min Startup Time": 0.063, "Actual Max Startup Time": 0.063, "Actual Min Total Time": 37.877, "Actual Max Total Time": 37.877, "Plans": [{"Node Type": "Hash Join", "Parent Relationship": "Outer", "Join Type": "Inner", "Startup Cost": 15001.4, "Total Cost": 34246.65, "Plan Rows": 1304518, "Plan Width": 28, "Actual Min Startup Time": 48.412, "Actual Max Startup Time": 55.625, "Actual Min Total Time": 72.114, "Actual Max Total Time": 82.425, "Inner Unique": true, "Hash Cond": "(mc.company_type_id = ct.id), (LLVM Optimized)", "Plans": [{"Node Type": "Seq Scan", "Parent Relationship": "Outer", "Relation Name": "movie_companies", "Alias": "mc", "Startup Cost": 0.0, "Total Cost": 18021.26, "Plan Rows": 2609035, "Plan Width": 32, "Actual Min Startup Time": 0.027, "Actual Max Startup Time": 0.037, "Actual Min Total Time": 57.174, "Actual Max Total Time": 64.557, "Filter": "((note)::text !~~ '%(as Metro-Goldwyn-Mayer Pictures)%'::text), (LLVM Optimized)", "Rows Removed by Filter": 1272041, "Actual Rows": 1337087}, {"Node Type": "Hash", "Parent Relationship": "Inner", "Startup Cost": 15001.38, "Total Cost": 15001.38, "Plan Rows": 16, "Plan Width": 4, "Actual Min Startup Time": 0.011, "Actual Max Startup Time": 0.023, "Actual Min Total Time": 0.011, "Actual Max Total Time": 0.023, "Max Hash Buckets": 32768, "Min Hash Buckets": 32768, "Max Hash Batches": 1, "Min Hash Batches": 1, "Max Original Hash Batches": 1, "Min Original Hash Batches": 1, "Max Peak Memory Usage": 1, "min Peak Memory Usage": 1, "Plans": [{"Node Type": "Streaming(type: BROADCAST dop: 16/1)", "Parent Relationship": "Outer", "Startup Cost": 0.0, "Total Cost": 15001.38, "Plan Rows": 16, "Plan Width": 4, "Actual Min Startup Time": 0.003, "Actual Max Startup Time": 0.007, "Actual Min Total Time": 0.003, "Actual Max Total Time": 0.008, "Plans": [{"Node Type": "Seq Scan", "Parent Relationship": "Outer", "Relation Name": "company_type", "Alias": "ct", "Startup Cost": 0.0, "Total Cost": 1.04, "Plan Rows": 1, "Plan Width": 4, "Actual Min Startup Time": 0.037, "Actual Max Startup Time": 0.037, "Actual Min Total Time": 0.041, "Actual Max Total Time": 0.041, "Filter": "((kind)::text = 'production companies'::text)", "Rows Removed by Filter": 2, "Actual Rows": 1}], "Actual Rows": 16}], "Actual Rows": 16}], "Actual Rows": 140904}], "Actual Rows": 140904}, {"Node Type": "Hash", "Parent Relationship": "Inner", "Startup Cost": 71056.54, "Total Cost": 71056.54, "Plan Rows": 396404, "Plan Width": 29, "Actual Min Startup Time": 441.493, "Actual Max Startup Time": 441.493, "Actual Min Total Time": 441.493, "Actual Max Total Time": 441.493, "Max Hash Buckets": 524288, "Min Hash Buckets": 524288, "Max Hash Batches": 1, "Min Hash Batches": 1, "Max Original Hash Batches": 1, "Min Original Hash Batches": 1, "Max Peak Memory Usage": 1, "min Peak Memory Usage": 1, "Plans": [{"Node Type": "Hash Join", "Parent Relationship": "Outer", "Join Type": "Inner", "Startup Cost": 51559.64, "Total Cost": 71056.54, "Plan Rows": 396404, "Plan Width": 29, "Actual Min Startup Time": 441.47, "Actual Max Startup Time": 441.47, "Actual Min Total Time": 441.48, "Actual Max Total Time": 441.48, "Inner Unique": true, "Hash Cond": "(mi_idx.movie_id = t.id), (LLVM Optimized)", "Plans": [{"Node Type": "Nested Loop", "Parent Relationship": "Outer", "Join Type": "Inner", "Startup Cost": 7502.06, "Total Cost": 21741.14, "Plan Rows": 345008, "Plan Width": 4, "Actual Min Startup Time": 0.144, "Actual Max Startup Time": 0.144, "Actual Min Total Time": 0.15, "Actual Max Total Time": 0.15, "Inner Unique": false, "Plans": [{"Node Type": "Seq Scan", "Parent Relationship": "Outer", "Relation Name": "info_type", "Alias": "it", "Startup Cost": 0.0, "Total Cost": 2.4, "Plan Rows": 1, "Plan Width": 4, "Actual Min Startup Time": 0.075, "Actual Max Startup Time": 0.075, "Actual Min Total Time": 0.078, "Actual Max Total Time": 0.078, "Filter": "((info)::text = 'bottom 10 rank'::text)", "Rows Removed by Filter": 111, "Actual Rows": 1}, {"Node Type": "Bitmap Heap Scan", "Parent Relationship": "Inner", "Relation Name": "movie_info_idx", "Alias": "mi_idx", "Startup Cost": 7502.06, "Total Cost": 18288.66, "Plan Rows": 345008, "Plan Width": 8, "Actual Min Startup Time": 0.048, "Actual Max Startup Time": 0.048, "Actual Min Total Time": 0.049, "Actual Max Total Time": 0.049, "Recheck Cond": "(info_type_id = it.id), (LLVM Optimized)", "Rows Removed by Index Recheck": 0, "Exact Heap Blocks": 1, "Lossy Heap Blocks": 1, "Plans": [{"Node Type": "Bitmap Index Scan", "Parent Relationship": "Outer", "Index Name": "info_type_id_movie_info_idx", "Startup Cost": 0.0, "Total Cost": 7415.81, "Plan Rows": 345008, "Plan Width": 0, "Actual Min Startup Time": 0.03, "Actual Max Startup Time": 0.03, "Actual Min Total Time": 0.03, "Actual Max Total Time": 0.03, "Index Cond": "(info_type_id = it.id)", "Actual Rows": 10}], "Actual Rows": 10}], "Actual Rows": 10}, {"Node Type": "Hash", "Parent Relationship": "Inner", "Startup Cost": 35067.08, "Total Cost": 35067.08, "Plan Rows": 719240, "Plan Width": 25, "Actual Min Startup Time": 440.58, "Actual Max Startup Time": 440.58, "Actual Min Total Time": 440.58, "Actual Max Total Time": 440.58, "Max Hash Buckets": 1048576, "Min Hash Buckets": 1048576, "Max Hash Batches": 1, "Min Hash Batches": 1, "Max Original Hash Batches": 1, "Min Original Hash Batches": 1, "Max Peak Memory Usage": 41052, "min Peak Memory Usage": 41052, "Plans": [{"Node Type": "Streaming(type: LOCAL GATHER dop: 1/16)", "Parent Relationship": "Outer", "Startup Cost": 554.15, "Total Cost": 35067.08, "Plan Rows": 719240, "Plan Width": 25, "Actual Min Startup Time": 38.146, "Actual Max Startup Time": 38.146, "Actual Min Total Time": 234.941, "Actual Max Total Time": 234.941, "Plans": [{"Node Type": "Seq Scan", "Parent Relationship": "Outer", "Relation Name": "title", "Alias": "t", "Startup Cost": 554.15, "Total Cost": 19544.42, "Plan Rows": 719240, "Plan Width": 25, "Actual Min Startup Time": 0.027, "Actual Max Startup Time": 0.053, "Actual Min Total Time": 63.272, "Actual Max Total Time": 66.606, "Filter": "((production_year >= 2005) AND (production_year <= 2010)), (LLVM Optimized)", "Rows Removed by Filter": 1812052, "Actual Rows": 716259}], "Actual Rows": 716259}], "Actual Rows": 716259}], "Actual Rows": 4}], "Actual Rows": 4}], "Actual Rows": 3}], "Actual Rows": 1}, "Triggers": [], "Planner Runtime": 20.679, "Total Runtime": 525.071, "Unique SQL Id": 1162488282}}, "(16, '101')": {"explain_plan": {"Plan": {"Node Type": "Aggregate", "Strategy": "Plain", "Startup Cost": 234214.87, "Total Cost": 234214.9, "Plan Rows": 1, "Plan Width": 113, "Plans": [{"Node Type": "Streaming(type: LOCAL GATHER dop: 1/16)", "Parent Relationship": "Outer", "Startup Cost": 234214.87, "Total Cost": 234214.9, "Plan Rows": 1, "Plan Width": 113, "Plans": [{"Node Type": "Aggregate", "Strategy": "Plain", "Parent Relationship": "Outer", "Startup Cost": 234214.87, "Total Cost": 234214.88, "Plan Rows": 1, "Plan Width": 113, "Plans": [{"Node Type": "Hash Join", "Parent Relationship": "Outer", "Join Type": "Inner", "Startup Cost": 178527.63, "Total Cost": 230858.84, "Plan Rows": 447470, "Plan Width": 45, "Inner Unique": true, "Hash Cond": "(mc.company_type_id = ct.id), (LLVM Optimized)", "Plans": [{"Node Type": "Hash Join", "Parent Relationship": "Outer", "Join Type": "Inner", "Startup Cost": 163514.97, "Total Cost": 215566.84, "Plan Rows": 549199, "Plan Width": 49, "Inner Unique": false, "Hash Cond": "(t.id = mc.movie_id), (LLVM Optimized)", "Plans": [{"Node Type": "Streaming(type: LOCAL REDISTRIBUTE dop: 16/1)", "Parent Relationship": "Outer", "Startup Cost": 134222.89, "Total Cost": 185214.89, "Plan Rows": 396404, "Plan Width": 29, "Plans": [{"Node Type": "Hash Join", "Parent Relationship": "Outer", "Join Type": "Inner", "Startup Cost": 134222.89, "Total Cost": 153731.6, "Plan Rows": 396404, "Plan Width": 29, "Inner Unique": true, "Hash Cond": "(mi_idx.movie_id = t.id), (LLVM Optimized)", "Plans": [{"Node Type": "Nested Loop", "Parent Relationship": "Outer", "Join Type": "Inner", "Startup Cost": 7502.06, "Total Cost": 21752.95, "Plan Rows": 345008, "Plan Width": 4, "Inner Unique": false, "Plans": [{"Node Type": "Index Scan", "Parent Relationship": "Outer", "Scan Direction": "Forward", "Index Name": "info_type_pkey", "Relation Name": "info_type", "Alias": "it", "Startup Cost": 0.0, "Total Cost": 14.21, "Plan Rows": 1, "Plan Width": 4, "Filter": "((info)::text = 'bottom 10 rank'::text)"}, {"Node Type": "Bitmap Heap Scan", "Parent Relationship": "Inner", "Relation Name": "movie_info_idx", "Alias": "mi_idx", "Startup Cost": 7502.06, "Total Cost": 18288.66, "Plan Rows": 345008, "Plan Width": 8, "Recheck Cond": "(info_type_id = it.id), (LLVM Optimized)", "Plans": [{"Node Type": "Bitmap Index Scan", "Parent Relationship": "Outer", "Index Name": "info_type_id_movie_info_idx", "Startup Cost": 0.0, "Total Cost": 7415.81, "Plan Rows": 345008, "Plan Width": 0, "Index Cond": "(info_type_id = it.id)"}]}]}, {"Node Type": "Hash", "Parent Relationship": "Inner", "Startup Cost": 117730.33, "Total Cost": 117730.33, "Plan Rows": 719240, "Plan Width": 25, "Plans": [{"Node Type": "Streaming(type: LOCAL GATHER dop: 1/16)", "Parent Relationship": "Outer", "Startup Cost": 0.0, "Total Cost": 117730.33, "Plan Rows": 719240, "Plan Width": 25, "Plans": [{"Node Type": "Index Scan", "Parent Relationship": "Outer", "Scan Direction": "Forward", "Index Name": "title_pkey", "Relation Name": "title", "Alias": "t", "Startup Cost": 0.0, "Total Cost": 102207.67, "Plan Rows": 719240, "Plan Width": 25, "Filter": "((production_year >= 2005) AND (production_year <= 2010)), (LLVM Optimized)"}]}]}]}]}, {"Node Type": "Hash", "Parent Relationship": "Inner", "Startup Cost": 109015.07, "Total Cost": 109015.07, "Plan Rows": 2609035, "Plan Width": 32, "Plans": [{"Node Type": "Streaming(type: LOCAL REDISTRIBUTE dop: 16/16)", "Parent Relationship": "Outer", "Startup Cost": 0.0, "Total Cost": 109015.07, "Plan Rows": 2609035, "Plan Width": 32, "Plans": [{"Node Type": "Index Scan", "Parent Relationship": "Outer", "Scan Direction": "Forward", "Index Name": "company_type_id_movie_companies", "Relation Name": "movie_companies", "Alias": "mc", "Startup Cost": 0.0, "Total Cost": 84129.27, "Plan Rows": 2609035, "Plan Width": 32, "Filter": "((note)::text !~~ '%(as Metro-Goldwyn-Mayer Pictures)%'::text), (LLVM Optimized)"}]}]}]}, {"Node Type": "Hash", "Parent Relationship": "Inner", "Startup Cost": 15012.65, "Total Cost": 15012.65, "Plan Rows": 16, "Plan Width": 4, "Plans": [{"Node Type": "Streaming(type: BROADCAST dop: 16/1)", "Parent Relationship": "Outer", "Startup Cost": 0.0, "Total Cost": 15012.65, "Plan Rows": 16, "Plan Width": 4, "Plans": [{"Node Type": "Index Scan", "Parent Relationship": "Outer", "Scan Direction": "Forward", "Index Name": "company_type_pkey", "Relation Name": "company_type", "Alias": "ct", "Startup Cost": 0.0, "Total Cost": 12.3, "Plan Rows": 1, "Plan Width": 4, "Filter": "((kind)::text = 'production companies'::text)"}]}]}]}]}]}]}, "Unique SQL Id": 1162488282, "Planner Runtime": 15}, "explain_analyze_plan": {"Plan": {"Node Type": "Aggregate", "Strategy": "Plain", "Startup Cost": 234214.87, "Total Cost": 234214.9, "Plan Rows": 1, "Plan Width": 113, "Actual Min Startup Time": 617.64, "Actual Max Startup Time": 617.64, "Actual Min Total Time": 617.64, "Actual Max Total Time": 617.64, "Plans": [{"Node Type": "Streaming(type: LOCAL GATHER dop: 1/16)", "Parent Relationship": "Outer", "Startup Cost": 234214.87, "Total Cost": 234214.9, "Plan Rows": 1, "Plan Width": 113, "Actual Min Startup Time": 616.503, "Actual Max Startup Time": 616.503, "Actual Min Total Time": 617.623, "Actual Max Total Time": 617.623, "Plans": [{"Node Type": "Aggregate", "Strategy": "Plain", "Parent Relationship": "Outer", "Startup Cost": 234214.87, "Total Cost": 234214.88, "Plan Rows": 1, "Plan Width": 113, "Actual Min Startup Time": 465.571, "Actual Max Startup Time": 555.808, "Actual Min Total Time": 465.571, "Actual Max Total Time": 555.809, "Plans": [{"Node Type": "Hash Join", "Parent Relationship": "Outer", "Join Type": "Inner", "Startup Cost": 178527.63, "Total Cost": 230858.84, "Plan Rows": 447470, "Plan Width": 45, "Actual Min Startup Time": 465.567, "Actual Max Startup Time": 555.801, "Actual Min Total Time": 465.567, "Actual Max Total Time": 555.801, "Inner Unique": true, "Hash Cond": "(mc.company_type_id = ct.id), (LLVM Optimized, Jit Execute)", "Plans": [{"Node Type": "Hash Join", "Parent Relationship": "Outer", "Join Type": "Inner", "Startup Cost": 163514.97, "Total Cost": 215566.84, "Plan Rows": 549199, "Plan Width": 49, "Actual Min Startup Time": 464.915, "Actual Max Startup Time": 548.236, "Actual Min Total Time": 464.915, "Actual Max Total Time": 548.236, "Inner Unique": false, "Hash Cond": "(t.id = mc.movie_id), (LLVM Optimized, Jit Execute)", "Plans": [{"Node Type": "Streaming(type: LOCAL REDISTRIBUTE dop: 16/1)", "Parent Relationship": "Outer", "Startup Cost": 134222.89, "Total Cost": 185214.89, "Plan Rows": 396404, "Plan Width": 29, "Actual Min Startup Time": 180.579, "Actual Max Startup Time": 180.633, "Actual Min Total Time": 180.579, "Actual Max Total Time": 180.633, "Plans": [{"Node Type": "Hash Join", "Parent Relationship": "Outer", "Join Type": "Inner", "Startup Cost": 134222.89, "Total Cost": 153731.6, "Plan Rows": 396404, "Plan Width": 29, "Actual Min Startup Time": 464.852, "Actual Max Startup Time": 464.852, "Actual Min Total Time": 464.861, "Actual Max Total Time": 464.861, "Inner Unique": true, "Hash Cond": "(mi_idx.movie_id = t.id), (LLVM Optimized, Jit Execute)", "Plans": [{"Node Type": "Nested Loop", "Parent Relationship": "Outer", "Join Type": "Inner", "Startup Cost": 7502.06, "Total Cost": 21752.95, "Plan Rows": 345008, "Plan Width": 4, "Actual Min Startup Time": 0.171, "Actual Max Startup Time": 0.171, "Actual Min Total Time": 0.178, "Actual Max Total Time": 0.178, "Inner Unique": false, "Plans": [{"Node Type": "Index Scan", "Parent Relationship": "Outer", "Scan Direction": "Forward", "Index Name": "info_type_pkey", "Relation Name": "info_type", "Alias": "it", "Startup Cost": 0.0, "Total Cost": 14.21, "Plan Rows": 1, "Plan Width": 4, "Actual Min Startup Time": 0.116, "Actual Max Startup Time": 0.116, "Actual Min Total Time": 0.118, "Actual Max Total Time": 0.118, "Filter": "((info)::text = 'bottom 10 rank'::text)", "Rows Removed by Filter": 111, "Actual Rows": 1}, {"Node Type": "Bitmap Heap Scan", "Parent Relationship": "Inner", "Relation Name": "movie_info_idx", "Alias": "mi_idx", "Startup Cost": 7502.06, "Total Cost": 18288.66, "Plan Rows": 345008, "Plan Width": 8, "Actual Min Startup Time": 0.039, "Actual Max Startup Time": 0.039, "Actual Min Total Time": 0.042, "Actual Max Total Time": 0.042, "Recheck Cond": "(info_type_id = it.id), (LLVM Optimized, Jit Execute)", "Rows Removed by Index Recheck": 0, "Exact Heap Blocks": 0, "Lossy Heap Blocks": 0, "Plans": [{"Node Type": "Bitmap Index Scan", "Parent Relationship": "Outer", "Index Name": "info_type_id_movie_info_idx", "Startup Cost": 0.0, "Total Cost": 7415.81, "Plan Rows": 345008, "Plan Width": 0, "Actual Min Startup Time": 0.023, "Actual Max Startup Time": 0.023, "Actual Min Total Time": 0.023, "Actual Max Total Time": 0.023, "Index Cond": "(info_type_id = it.id)", "Actual Rows": 10}], "Actual Rows": 10}], "Actual Rows": 10}, {"Node Type": "Hash", "Parent Relationship": "Inner", "Startup Cost": 117730.33, "Total Cost": 117730.33, "Plan Rows": 719240, "Plan Width": 25, "Actual Min Startup Time": 463.937, "Actual Max Startup Time": 463.937, "Actual Min Total Time": 463.937, "Actual Max Total Time": 463.937, "Max Hash Buckets": 1048576, "Min Hash Buckets": 1048576, "Max Hash Batches": 1, "Min Hash Batches": 1, "Max Original Hash Batches": 1, "Min Original Hash Batches": 1, "Max Peak Memory Usage": 41052, "min Peak Memory Usage": 41052, "Plans": [{"Node Type": "Streaming(type: LOCAL GATHER dop: 1/16)", "Parent Relationship": "Outer", "Startup Cost": 0.0, "Total Cost": 117730.33, "Plan Rows": 719240, "Plan Width": 25, "Actual Min Startup Time": 0.049, "Actual Max Startup Time": 0.049, "Actual Min Total Time": 245.901, "Actual Max Total Time": 245.901, "Plans": [{"Node Type": "Index Scan", "Parent Relationship": "Outer", "Scan Direction": "Forward", "Index Name": "title_pkey", "Relation Name": "title", "Alias": "t", "Startup Cost": 0.0, "Total Cost": 102207.67, "Plan Rows": 719240, "Plan Width": 25, "Actual Min Startup Time": 0.039, "Actual Max Startup Time": 46.855, "Actual Min Total Time": 231.744, "Actual Max Total Time": 340.514, "Filter": "((production_year >= 2005) AND (production_year <= 2010)), (LLVM Optimized, Jit Execute)", "Rows Removed by Filter": 1812052, "Actual Rows": 716259}], "Actual Rows": 716259}], "Actual Rows": 716259}], "Actual Rows": 4}], "Actual Rows": 4}, {"Node Type": "Hash", "Parent Relationship": "Inner", "Startup Cost": 109015.07, "Total Cost": 109015.07, "Plan Rows": 2609035, "Plan Width": 32, "Actual Min Startup Time": 284.147, "Actual Max Startup Time": 367.37, "Actual Min Total Time": 284.147, "Actual Max Total Time": 367.37, "Max Hash Buckets": 262144, "Min Hash Buckets": 262144, "Max Hash Batches": 1, "Min Hash Batches": 1, "Max Original Hash Batches": 1, "Min Original Hash Batches": 1, "Max Peak Memory Usage": 5435, "min Peak Memory Usage": 5435, "Plans": [{"Node Type": "Streaming(type: LOCAL REDISTRIBUTE dop: 16/16)", "Parent Relationship": "Outer", "Startup Cost": 0.0, "Total Cost": 109015.07, "Plan Rows": 2609035, "Plan Width": 32, "Actual Min Startup Time": 0.053, "Actual Max Startup Time": 58.091, "Actual Min Total Time": 259.697, "Actual Max Total Time": 343.262, "Plans": [{"Node Type": "Index Scan", "Parent Relationship": "Outer", "Scan Direction": "Forward", "Index Name": "company_type_id_movie_companies", "Relation Name": "movie_companies", "Alias": "mc", "Startup Cost": 0.0, "Total Cost": 84129.27, "Plan Rows": 2609035, "Plan Width": 32, "Actual Min Startup Time": 0.05, "Actual Max Startup Time": 23.017, "Actual Min Total Time": 77.548, "Actual Max Total Time": 163.273, "Filter": "((note)::text !~~ '%(as Metro-Goldwyn-Mayer Pictures)%'::text), (LLVM Optimized, Jit Execute)", "Rows Removed by Filter": 1272041, "Actual Rows": 1337087}], "Actual Rows": 1337087}], "Actual Rows": 1337087}], "Actual Rows": 66}, {"Node Type": "Hash", "Parent Relationship": "Inner", "Startup Cost": 15012.65, "Total Cost": 15012.65, "Plan Rows": 16, "Plan Width": 4, "Actual Min Startup Time": 0.007, "Actual Max Startup Time": 6.957, "Actual Min Total Time": 0.007, "Actual Max Total Time": 6.957, "Max Hash Buckets": 32768, "Min Hash Buckets": 32768, "Max Hash Batches": 1, "Min Hash Batches": 1, "Max Original Hash Batches": 1, "Min Original Hash Batches": 1, "Max Peak Memory Usage": 1, "min Peak Memory Usage": 1, "Plans": [{"Node Type": "Streaming(type: BROADCAST dop: 16/1)", "Parent Relationship": "Outer", "Startup Cost": 0.0, "Total Cost": 15012.65, "Plan Rows": 16, "Plan Width": 4, "Actual Min Startup Time": 0.003, "Actual Max Startup Time": 6.939, "Actual Min Total Time": 0.003, "Actual Max Total Time": 6.942, "Plans": [{"Node Type": "Index Scan", "Parent Relationship": "Outer", "Scan Direction": "Forward", "Index Name": "company_type_pkey", "Relation Name": "company_type", "Alias": "ct", "Startup Cost": 0.0, "Total Cost": 12.3, "Plan Rows": 1, "Plan Width": 4, "Actual Min Startup Time": 0.052, "Actual Max Startup Time": 0.052, "Actual Min Total Time": 0.057, "Actual Max Total Time": 0.057, "Filter": "((kind)::text = 'production companies'::text)", "Rows Removed by Filter": 2, "Actual Rows": 1}], "Actual Rows": 16}], "Actual Rows": 16}], "Actual Rows": 3}], "Actual Rows": 16}], "Actual Rows": 16}], "Actual Rows": 1}, "Triggers": [], "Planner Runtime": 19.424, "Total Runtime": 638.593, "Unique SQL Id": 1162488282}}, "(16, '102')": {"explain_plan": {"Plan": {"Node Type": "Aggregate", "Strategy": "Plain", "Startup Cost": 153079.61, "Total Cost": 153079.62, "Plan Rows": 1, "Plan Width": 113, "Plans": [{"Node Type": "Hash Join", "Parent Relationship": "Outer", "Join Type": "Inner", "Startup Cost": 91012.98, "Total Cost": 149723.58, "Plan Rows": 447470, "Plan Width": 45, "Inner Unique": false, "Hash Cond": "(mc.movie_id = t.id), (LLVM Optimized)", "Plans": [{"Node Type": "Streaming(type: LOCAL GATHER dop: 1/16)", "Parent Relationship": "Outer", "Startup Cost": 15001.4, "Total Cost": 62400.8, "Plan Rows": 1304518, "Plan Width": 28, "Plans": [{"Node Type": "Hash Join", "Parent Relationship": "Outer", "Join Type": "Inner", "Startup Cost": 15001.4, "Total Cost": 34246.65, "Plan Rows": 1304518, "Plan Width": 28, "Inner Unique": true, "Hash Cond": "(mc.company_type_id = ct.id), (LLVM Optimized)", "Plans": [{"Node Type": "Seq Scan", "Parent Relationship": "Outer", "Relation Name": "movie_companies", "Alias": "mc", "Startup Cost": 0.0, "Total Cost": 18021.26, "Plan Rows": 2609035, "Plan Width": 32, "Filter": "((note)::text !~~ '%(as Metro-Goldwyn-Mayer Pictures)%'::text), (LLVM Optimized)"}, {"Node Type": "Hash", "Parent Relationship": "Inner", "Startup Cost": 15001.38, "Total Cost": 15001.38, "Plan Rows": 16, "Plan Width": 4, "Plans": [{"Node Type": "Streaming(type: BROADCAST dop: 16/1)", "Parent Relationship": "Outer", "Startup Cost": 0.0, "Total Cost": 15001.38, "Plan Rows": 16, "Plan Width": 4, "Plans": [{"Node Type": "Seq Scan", "Parent Relationship": "Outer", "Relation Name": "company_type", "Alias": "ct", "Startup Cost": 0.0, "Total Cost": 1.04, "Plan Rows": 1, "Plan Width": 4, "Filter": "((kind)::text = 'production companies'::text)"}]}]}]}]}, {"Node Type": "Hash", "Parent Relationship": "Inner", "Startup Cost": 71056.54, "Total Cost": 71056.54, "Plan Rows": 396404, "Plan Width": 29, "Plans": [{"Node Type": "Hash Join", "Parent Relationship": "Outer", "Join Type": "Inner", "Startup Cost": 51559.64, "Total Cost": 71056.54, "Plan Rows": 396404, "Plan Width": 29, "Inner Unique": true, "Hash Cond": "(mi_idx.movie_id = t.id), (LLVM Optimized)", "Plans": [{"Node Type": "Nested Loop", "Parent Relationship": "Outer", "Join Type": "Inner", "Startup Cost": 7502.06, "Total Cost": 21741.14, "Plan Rows": 345008, "Plan Width": 4, "Inner Unique": false, "Plans": [{"Node Type": "Seq Scan", "Parent Relationship": "Outer", "Relation Name": "info_type", "Alias": "it", "Startup Cost": 0.0, "Total Cost": 2.4, "Plan Rows": 1, "Plan Width": 4, "Filter": "((info)::text = 'bottom 10 rank'::text)"}, {"Node Type": "Bitmap Heap Scan", "Parent Relationship": "Inner", "Relation Name": "movie_info_idx", "Alias": "mi_idx", "Startup Cost": 7502.06, "Total Cost": 18288.66, "Plan Rows": 345008, "Plan Width": 8, "Recheck Cond": "(info_type_id = it.id), (LLVM Optimized)", "Plans": [{"Node Type": "Bitmap Index Scan", "Parent Relationship": "Outer", "Index Name": "info_type_id_movie_info_idx", "Startup Cost": 0.0, "Total Cost": 7415.81, "Plan Rows": 345008, "Plan Width": 0, "Index Cond": "(info_type_id = it.id)"}]}]}, {"Node Type": "Hash", "Parent Relationship": "Inner", "Startup Cost": 35067.08, "Total Cost": 35067.08, "Plan Rows": 719240, "Plan Width": 25, "Plans": [{"Node Type": "Streaming(type: LOCAL GATHER dop: 1/16)", "Parent Relationship": "Outer", "Startup Cost": 554.15, "Total Cost": 35067.08, "Plan Rows": 719240, "Plan Width": 25, "Plans": [{"Node Type": "Seq Scan", "Parent Relationship": "Outer", "Relation Name": "title", "Alias": "t", "Startup Cost": 554.15, "Total Cost": 19544.42, "Plan Rows": 719240, "Plan Width": 25, "Filter": "((production_year >= 2005) AND (production_year <= 2010)), (LLVM Optimized)"}]}]}]}]}]}]}, "Unique SQL Id": 1162488282, "Planner Runtime": 20}, "explain_analyze_plan": {"Plan": {"Node Type": "Aggregate", "Strategy": "Plain", "Startup Cost": 153079.61, "Total Cost": 153079.62, "Plan Rows": 1, "Plan Width": 113, "Actual Min Startup Time": 508.339, "Actual Max Startup Time": 508.339, "Actual Min Total Time": 508.339, "Actual Max Total Time": 508.339, "Plans": [{"Node Type": "Hash Join", "Parent Relationship": "Outer", "Join Type": "Inner", "Startup Cost": 91012.98, "Total Cost": 149723.58, "Plan Rows": 447470, "Plan Width": 45, "Actual Min Startup Time": 475.833, "Actual Max Startup Time": 475.833, "Actual Min Total Time": 508.306, "Actual Max Total Time": 508.306, "Inner Unique": false, "Hash Cond": "(mc.movie_id = t.id), (LLVM Optimized)", "Plans": [{"Node Type": "Streaming(type: LOCAL GATHER dop: 1/16)", "Parent Relationship": "Outer", "Startup Cost": 15001.4, "Total Cost": 62400.8, "Plan Rows": 1304518, "Plan Width": 28, "Actual Min Startup Time": 0.063, "Actual Max Startup Time": 0.063, "Actual Min Total Time": 37.877, "Actual Max Total Time": 37.877, "Plans": [{"Node Type": "Hash Join", "Parent Relationship": "Outer", "Join Type": "Inner", "Startup Cost": 15001.4, "Total Cost": 34246.65, "Plan Rows": 1304518, "Plan Width": 28, "Actual Min Startup Time": 48.412, "Actual Max Startup Time": 55.625, "Actual Min Total Time": 72.114, "Actual Max Total Time": 82.425, "Inner Unique": true, "Hash Cond": "(mc.company_type_id = ct.id), (LLVM Optimized)", "Plans": [{"Node Type": "Seq Scan", "Parent Relationship": "Outer", "Relation Name": "movie_companies", "Alias": "mc", "Startup Cost": 0.0, "Total Cost": 18021.26, "Plan Rows": 2609035, "Plan Width": 32, "Actual Min Startup Time": 0.027, "Actual Max Startup Time": 0.037, "Actual Min Total Time": 57.174, "Actual Max Total Time": 64.557, "Filter": "((note)::text !~~ '%(as Metro-Goldwyn-Mayer Pictures)%'::text), (LLVM Optimized)", "Rows Removed by Filter": 1272041, "Actual Rows": 1337087}, {"Node Type": "Hash", "Parent Relationship": "Inner", "Startup Cost": 15001.38, "Total Cost": 15001.38, "Plan Rows": 16, "Plan Width": 4, "Actual Min Startup Time": 0.011, "Actual Max Startup Time": 0.023, "Actual Min Total Time": 0.011, "Actual Max Total Time": 0.023, "Max Hash Buckets": 32768, "Min Hash Buckets": 32768, "Max Hash Batches": 1, "Min Hash Batches": 1, "Max Original Hash Batches": 1, "Min Original Hash Batches": 1, "Max Peak Memory Usage": 1, "min Peak Memory Usage": 1, "Plans": [{"Node Type": "Streaming(type: BROADCAST dop: 16/1)", "Parent Relationship": "Outer", "Startup Cost": 0.0, "Total Cost": 15001.38, "Plan Rows": 16, "Plan Width": 4, "Actual Min Startup Time": 0.003, "Actual Max Startup Time": 0.007, "Actual Min Total Time": 0.003, "Actual Max Total Time": 0.008, "Plans": [{"Node Type": "Seq Scan", "Parent Relationship": "Outer", "Relation Name": "company_type", "Alias": "ct", "Startup Cost": 0.0, "Total Cost": 1.04, "Plan Rows": 1, "Plan Width": 4, "Actual Min Startup Time": 0.037, "Actual Max Startup Time": 0.037, "Actual Min Total Time": 0.041, "Actual Max Total Time": 0.041, "Filter": "((kind)::text = 'production companies'::text)", "Rows Removed by Filter": 2, "Actual Rows": 1}], "Actual Rows": 16}], "Actual Rows": 16}], "Actual Rows": 140904}], "Actual Rows": 140904}, {"Node Type": "Hash", "Parent Relationship": "Inner", "Startup Cost": 71056.54, "Total Cost": 71056.54, "Plan Rows": 396404, "Plan Width": 29, "Actual Min Startup Time": 441.493, "Actual Max Startup Time": 441.493, "Actual Min Total Time": 441.493, "Actual Max Total Time": 441.493, "Max Hash Buckets": 524288, "Min Hash Buckets": 524288, "Max Hash Batches": 1, "Min Hash Batches": 1, "Max Original Hash Batches": 1, "Min Original Hash Batches": 1, "Max Peak Memory Usage": 1, "min Peak Memory Usage": 1, "Plans": [{"Node Type": "Hash Join", "Parent Relationship": "Outer", "Join Type": "Inner", "Startup Cost": 51559.64, "Total Cost": 71056.54, "Plan Rows": 396404, "Plan Width": 29, "Actual Min Startup Time": 441.47, "Actual Max Startup Time": 441.47, "Actual Min Total Time": 441.48, "Actual Max Total Time": 441.48, "Inner Unique": true, "Hash Cond": "(mi_idx.movie_id = t.id), (LLVM Optimized)", "Plans": [{"Node Type": "Nested Loop", "Parent Relationship": "Outer", "Join Type": "Inner", "Startup Cost": 7502.06, "Total Cost": 21741.14, "Plan Rows": 345008, "Plan Width": 4, "Actual Min Startup Time": 0.144, "Actual Max Startup Time": 0.144, "Actual Min Total Time": 0.15, "Actual Max Total Time": 0.15, "Inner Unique": false, "Plans": [{"Node Type": "Seq Scan", "Parent Relationship": "Outer", "Relation Name": "info_type", "Alias": "it", "Startup Cost": 0.0, "Total Cost": 2.4, "Plan Rows": 1, "Plan Width": 4, "Actual Min Startup Time": 0.075, "Actual Max Startup Time": 0.075, "Actual Min Total Time": 0.078, "Actual Max Total Time": 0.078, "Filter": "((info)::text = 'bottom 10 rank'::text)", "Rows Removed by Filter": 111, "Actual Rows": 1}, {"Node Type": "Bitmap Heap Scan", "Parent Relationship": "Inner", "Relation Name": "movie_info_idx", "Alias": "mi_idx", "Startup Cost": 7502.06, "Total Cost": 18288.66, "Plan Rows": 345008, "Plan Width": 8, "Actual Min Startup Time": 0.048, "Actual Max Startup Time": 0.048, "Actual Min Total Time": 0.049, "Actual Max Total Time": 0.049, "Recheck Cond": "(info_type_id = it.id), (LLVM Optimized)", "Rows Removed by Index Recheck": 0, "Exact Heap Blocks": 1, "Lossy Heap Blocks": 1, "Plans": [{"Node Type": "Bitmap Index Scan", "Parent Relationship": "Outer", "Index Name": "info_type_id_movie_info_idx", "Startup Cost": 0.0, "Total Cost": 7415.81, "Plan Rows": 345008, "Plan Width": 0, "Actual Min Startup Time": 0.03, "Actual Max Startup Time": 0.03, "Actual Min Total Time": 0.03, "Actual Max Total Time": 0.03, "Index Cond": "(info_type_id = it.id)", "Actual Rows": 10}], "Actual Rows": 10}], "Actual Rows": 10}, {"Node Type": "Hash", "Parent Relationship": "Inner", "Startup Cost": 35067.08, "Total Cost": 35067.08, "Plan Rows": 719240, "Plan Width": 25, "Actual Min Startup Time": 440.58, "Actual Max Startup Time": 440.58, "Actual Min Total Time": 440.58, "Actual Max Total Time": 440.58, "Max Hash Buckets": 1048576, "Min Hash Buckets": 1048576, "Max Hash Batches": 1, "Min Hash Batches": 1, "Max Original Hash Batches": 1, "Min Original Hash Batches": 1, "Max Peak Memory Usage": 41052, "min Peak Memory Usage": 41052, "Plans": [{"Node Type": "Streaming(type: LOCAL GATHER dop: 1/16)", "Parent Relationship": "Outer", "Startup Cost": 554.15, "Total Cost": 35067.08, "Plan Rows": 719240, "Plan Width": 25, "Actual Min Startup Time": 38.146, "Actual Max Startup Time": 38.146, "Actual Min Total Time": 234.941, "Actual Max Total Time": 234.941, "Plans": [{"Node Type": "Seq Scan", "Parent Relationship": "Outer", "Relation Name": "title", "Alias": "t", "Startup Cost": 554.15, "Total Cost": 19544.42, "Plan Rows": 719240, "Plan Width": 25, "Actual Min Startup Time": 0.027, "Actual Max Startup Time": 0.053, "Actual Min Total Time": 63.272, "Actual Max Total Time": 66.606, "Filter": "((production_year >= 2005) AND (production_year <= 2010)), (LLVM Optimized)", "Rows Removed by Filter": 1812052, "Actual Rows": 716259}], "Actual Rows": 716259}], "Actual Rows": 716259}], "Actual Rows": 4}], "Actual Rows": 4}], "Actual Rows": 3}], "Actual Rows": 1}, "Triggers": [], "Planner Runtime": 20.679, "Total Runtime": 525.071, "Unique SQL Id": 1162488282}}, "(16, '103')": {"explain_plan": {"Plan": {"Node Type": "Aggregate", "Strategy": "Plain", "Startup Cost": 255790.36, "Total Cost": 255790.37, "Plan Rows": 1, "Plan Width": 113, "Plans": [{"Node Type": "Hash Join", "Parent Relationship": "Outer", "Join Type": "Inner", "Startup Cost": 192779.48, "Total Cost": 252434.34, "Plan Rows": 447470, "Plan Width": 45, "Inner Unique": false, "Hash Cond": "(mc.movie_id = t.id), (LLVM Optimized)", "Plans": [{"Node Type": "Nested Loop", "Parent Relationship": "Outer", "Join Type": "Inner", "Startup Cost": 29278.87, "Total Cost": 77622.54, "Plan Rows": 1304518, "Plan Width": 28, "Inner Unique": false, "Plans": [{"Node Type": "Bitmap Heap Scan", "Parent Relationship": "Outer", "Relation Name": "company_type", "Alias": "ct", "Startup Cost": 8.27, "Total Cost": 12.3, "Plan Rows": 1, "Plan Width": 4, "Filter": "((kind)::text = 'production companies'::text)", "Plans": [{"Node Type": "Bitmap Index Scan", "Parent Relationship": "Outer", "Index Name": "company_type_pkey", "Startup Cost": 0.0, "Total Cost": 8.27, "Plan Rows": 3, "Plan Width": 0}]}, {"Node Type": "Bitmap Heap Scan", "Parent Relationship": "Inner", "Relation Name": "movie_companies", "Alias": "mc", "Startup Cost": 29270.61, "Total Cost": 64565.07, "Plan Rows": 1304517, "Plan Width": 32, "Recheck Cond": "(company_type_id = ct.id), (LLVM Optimized)", "Filter": "((note)::text !~~ '%(as Metro-Goldwyn-Mayer Pictures)%'::text), (LLVM Optimized)", "Plans": [{"Node Type": "Bitmap Index Scan", "Parent Relationship": "Outer", "Index Name": "company_type_id_movie_companies", "Startup Cost": 0.0, "Total Cost": 28944.48, "Plan Rows": 1304564, "Plan Width": 0, "Index Cond": "(company_type_id = ct.id)"}]}]}, {"Node Type": "Hash", "Parent Relationship": "Inner", "Startup Cost": 158545.55, "Total Cost": 158545.55, "Plan Rows": 396404, "Plan Width": 29, "Plans": [{"Node Type": "Hash Join", "Parent Relationship": "Outer", "Join Type": "Inner", "Startup Cost": 139045.65, "Total Cost": 158545.55, "Plan Rows": 396404, "Plan Width": 29, "Inner Unique": true, "Hash Cond": "(mi_idx.movie_id = t.id), (LLVM Optimized)", "Plans": [{"Node Type": "Nested Loop", "Parent Relationship": "Outer", "Join Type": "Inner", "Startup Cost": 7510.87, "Total Cost": 21752.95, "Plan Rows": 345008, "Plan Width": 4, "Inner Unique": false, "Plans": [{"Node Type": "Bitmap Heap Scan", "Parent Relationship": "Outer", "Relation Name": "info_type", "Alias": "it", "Startup Cost": 8.81, "Total Cost": 14.21, "Plan Rows": 1, "Plan Width": 4, "Filter": "((info)::text = 'bottom 10 rank'::text)", "Plans": [{"Node Type": "Bitmap Index Scan", "Parent Relationship": "Outer", "Index Name": "info_type_pkey", "Startup Cost": 0.0, "Total Cost": 8.81, "Plan Rows": 112, "Plan Width": 0}]}, {"Node Type": "Bitmap Heap Scan", "Parent Relationship": "Inner", "Relation Name": "movie_info_idx", "Alias": "mi_idx", "Startup Cost": 7502.06, "Total Cost": 18288.66, "Plan Rows": 345008, "Plan Width": 8, "Recheck Cond": "(info_type_id = it.id), (LLVM Optimized)", "Plans": [{"Node Type": "Bitmap Index Scan", "Parent Relationship": "Outer", "Index Name": "info_type_id_movie_info_idx", "Startup Cost": 0.0, "Total Cost": 7415.81, "Plan Rows": 345008, "Plan Width": 0, "Index Cond": "(info_type_id = it.id)"}]}]}, {"Node Type": "Hash", "Parent Relationship": "Inner", "Startup Cost": 122544.28, "Total Cost": 122544.28, "Plan Rows": 719240, "Plan Width": 25, "Plans": [{"Node Type": "Bitmap Heap Scan", "Parent Relationship": "Outer", "Relation Name": "title", "Alias": "t", "Startup Cost": 49833.61, "Total Cost": 122544.28, "Plan Rows": 719240, "Plan Width": 25, "Filter": "((production_year >= 2005) AND (production_year <= 2010)), (LLVM Optimized)", "Plans": [{"Node Type": "Bitmap Index Scan", "Parent Relationship": "Outer", "Index Name": "title_pkey", "Startup Cost": 0.0, "Total Cost": 49653.81, "Plan Rows": 2528311, "Plan Width": 0}]}]}]}]}]}]}, "Unique SQL Id": 1162488282, "Planner Runtime": 5}, "explain_analyze_plan": null}, "(16, '104')": {"explain_plan": {"Plan": {"Node Type": "Aggregate", "Strategy": "Plain", "Startup Cost": 156456.49, "Total Cost": 156456.52, "Plan Rows": 1, "Plan Width": 113, "Plans": [{"Node Type": "Streaming(type: LOCAL GATHER dop: 1/16)", "Parent Relationship": "Outer", "Startup Cost": 156456.49, "Total Cost": 156456.52, "Plan Rows": 1, "Plan Width": 113, "Plans": [{"Node Type": "Aggregate", "Strategy": "Plain", "Parent Relationship": "Outer", "Startup Cost": 156456.49, "Total Cost": 156456.5, "Plan Rows": 1, "Plan Width": 113, "Plans": [{"Node Type": "Hash Join", "Parent Relationship": "Outer", "Join Type": "Inner", "Startup Cost": 70374.89, "Total Cost": 153100.47, "Plan Rows": 447470, "Plan Width": 45, "Inner Unique": false, "Hash Cond": "(t.id = mc.movie_id), (LLVM Optimized)", "Plans": [{"Node Type": "Streaming(type: BROADCAST dop: 16/16)", "Parent Relationship": "Outer", "Startup Cost": 35109.08, "Total Cost": 113469.42, "Plan Rows": 6342464, "Plan Width": 29, "Plans": [{"Node Type": "Hash Join", "Parent Relationship": "Outer", "Join Type": "Inner", "Startup Cost": 35109.08, "Total Cost": 82365.51, "Plan Rows": 396404, "Plan Width": 29, "Inner Unique": true, "Hash Cond": "(mi_idx.movie_id = t.id), (LLVM Optimized)", "Plans": [{"Node Type": "Streaming(type: BROADCAST dop: 16/16)", "Parent Relationship": "Outer", "Startup Cost": 15002.76, "Total Cost": 60717.65, "Plan Rows": 5520128, "Plan Width": 4, "Plans": [{"Node Type": "Hash Join", "Parent Relationship": "Outer", "Join Type": "Inner", "Startup Cost": 15002.76, "Total Cost": 31701.7, "Plan Rows": 345008, "Plan Width": 4, "Inner Unique": true, "Hash Cond": "(mi_idx.info_type_id = it.id), (LLVM Optimized)", "Plans": [{"Node Type": "Seq Scan", "Parent Relationship": "Outer", "Relation Name": "movie_info_idx", "Alias": "mi_idx", "Startup Cost": 0.0, "Total Cost": 16267.15, "Plan Rows": 1380034, "Plan Width": 8}, {"Node Type": "Hash", "Parent Relationship": "Inner", "Startup Cost": 15002.75, "Total Cost": 15002.75, "Plan Rows": 16, "Plan Width": 4, "Plans": [{"Node Type": "Streaming(type: BROADCAST dop: 16/1)", "Parent Relationship": "Outer", "Startup Cost": 0.0, "Total Cost": 15002.75, "Plan Rows": 16, "Plan Width": 4, "Plans": [{"Node Type": "Seq Scan", "Parent Relationship": "Outer", "Relation Name": "info_type", "Alias": "it", "Startup Cost": 0.0, "Total Cost": 2.4, "Plan Rows": 1, "Plan Width": 4, "Filter": "((info)::text = 'bottom 10 rank'::text)"}]}]}]}]}, {"Node Type": "Hash", "Parent Relationship": "Inner", "Startup Cost": 19544.42, "Total Cost": 19544.42, "Plan Rows": 719240, "Plan Width": 25, "Plans": [{"Node Type": "Seq Scan", "Parent Relationship": "Outer", "Relation Name": "title", "Alias": "t", "Startup Cost": 554.15, "Total Cost": 19544.42, "Plan Rows": 719240, "Plan Width": 25, "Filter": "((production_year >= 2005) AND (production_year <= 2010)), (LLVM Optimized)"}]}]}]}, {"Node Type": "Hash", "Parent Relationship": "Inner", "Startup Cost": 34246.65, "Total Cost": 34246.65, "Plan Rows": 1304518, "Plan Width": 28, "Plans": [{"Node Type": "Hash Join", "Parent Relationship": "Outer", "Join Type": "Inner", "Startup Cost": 15001.4, "Total Cost": 34246.65, "Plan Rows": 1304518, "Plan Width": 28, "Inner Unique": true, "Hash Cond": "(mc.company_type_id = ct.id), (LLVM Optimized)", "Plans": [{"Node Type": "Seq Scan", "Parent Relationship": "Outer", "Relation Name": "movie_companies", "Alias": "mc", "Startup Cost": 0.0, "Total Cost": 18021.26, "Plan Rows": 2609035, "Plan Width": 32, "Filter": "((note)::text !~~ '%(as Metro-Goldwyn-Mayer Pictures)%'::text), (LLVM Optimized)"}, {"Node Type": "Hash", "Parent Relationship": "Inner", "Startup Cost": 15001.38, "Total Cost": 15001.38, "Plan Rows": 16, "Plan Width": 4, "Plans": [{"Node Type": "Streaming(type: BROADCAST dop: 16/1)", "Parent Relationship": "Outer", "Startup Cost": 0.0, "Total Cost": 15001.38, "Plan Rows": 16, "Plan Width": 4, "Plans": [{"Node Type": "Seq Scan", "Parent Relationship": "Outer", "Relation Name": "company_type", "Alias": "ct", "Startup Cost": 0.0, "Total Cost": 1.04, "Plan Rows": 1, "Plan Width": 4, "Filter": "((kind)::text = 'production companies'::text)"}]}]}]}]}]}]}]}]}, "Unique SQL Id": 1162488282, "Planner Runtime": 19}, "explain_analyze_plan": {"Plan": {"Node Type": "Aggregate", "Strategy": "Plain", "Startup Cost": 156456.49, "Total Cost": 156456.52, "Plan Rows": 1, "Plan Width": 113, "Actual Min Startup Time": 291.737, "Actual Max Startup Time": 291.737, "Actual Min Total Time": 291.737, "Actual Max Total Time": 291.737, "Plans": [{"Node Type": "Streaming(type: LOCAL GATHER dop: 1/16)", "Parent Relationship": "Outer", "Startup Cost": 156456.49, "Total Cost": 156456.52, "Plan Rows": 1, "Plan Width": 113, "Actual Min Startup Time": 288.745, "Actual Max Startup Time": 288.745, "Actual Min Total Time": 291.714, "Actual Max Total Time": 291.714, "Plans": [{"Node Type": "Aggregate", "Strategy": "Plain", "Parent Relationship": "Outer", "Startup Cost": 156456.49, "Total Cost": 156456.5, "Plan Rows": 1, "Plan Width": 113, "Actual Min Startup Time": 87.212, "Actual Max Startup Time": 173.643, "Actual Min Total Time": 87.212, "Actual Max Total Time": 173.643, "Plans": [{"Node Type": "Hash Join", "Parent Relationship": "Outer", "Join Type": "Inner", "Startup Cost": 70374.89, "Total Cost": 153100.47, "Plan Rows": 447470, "Plan Width": 45, "Actual Min Startup Time": 87.206, "Actual Max Startup Time": 173.637, "Actual Min Total Time": 87.206, "Actual Max Total Time": 173.637, "Inner Unique": false, "Hash Cond": "(t.id = mc.movie_id), (LLVM Optimized)", "Plans": [{"Node Type": "Streaming(type: BROADCAST dop: 16/16)", "Parent Relationship": "Outer", "Startup Cost": 35109.08, "Total Cost": 113469.42, "Plan Rows": 6342464, "Plan Width": 29, "Actual Min Startup Time": 0.041, "Actual Max Startup Time": 32.958, "Actual Min Total Time": 0.045, "Actual Max Total Time": 89.021, "Plans": [{"Node Type": "Hash Join", "Parent Relationship": "Outer", "Join Type": "Inner", "Startup Cost": 35109.08, "Total Cost": 82365.51, "Plan Rows": 396404, "Plan Width": 29, "Actual Min Startup Time": 81.077, "Actual Max Startup Time": 116.668, "Actual Min Total Time": 82.306, "Actual Max Total Time": 116.668, "Inner Unique": true, "Hash Cond": "(mi_idx.movie_id = t.id), (LLVM Optimized)", "Plans": [{"Node Type": "Streaming(type: BROADCAST dop: 16/16)", "Parent Relationship": "Outer", "Startup Cost": 15002.76, "Total Cost": 60717.65, "Plan Rows": 5520128, "Plan Width": 4, "Actual Min Startup Time": 0.033, "Actual Max Startup Time": 0.065, "Actual Min Total Time": 0.037, "Actual Max Total Time": 35.246, "Plans": [{"Node Type": "Hash Join", "Parent Relationship": "Outer", "Join Type": "Inner", "Startup Cost": 15002.76, "Total Cost": 31701.7, "Plan Rows": 345008, "Plan Width": 4, "Actual Min Startup Time": 33.102, "Actual Max Startup Time": 40.897, "Actual Min Total Time": 33.102, "Actual Max Total Time": 40.903, "Inner Unique": true, "Hash Cond": "(mi_idx.info_type_id = it.id), (LLVM Optimized)", "Plans": [{"Node Type": "Seq Scan", "Parent Relationship": "Outer", "Relation Name": "movie_info_idx", "Alias": "mi_idx", "Startup Cost": 0.0, "Total Cost": 16267.15, "Plan Rows": 1380034, "Plan Width": 8, "Actual Min Startup Time": 0.035, "Actual Max Startup Time": 0.075, "Actual Min Total Time": 18.863, "Actual Max Total Time": 23.828, "Actual Rows": 1380034}, {"Node Type": "Hash", "Parent Relationship": "Inner", "Startup Cost": 15002.75, "Total Cost": 15002.75, "Plan Rows": 16, "Plan Width": 4, "Actual Min Startup Time": 0.016, "Actual Max Startup Time": 0.026, "Actual Min Total Time": 0.016, "Actual Max Total Time": 0.026, "Max Hash Buckets": 32768, "Min Hash Buckets": 32768, "Max Hash Batches": 1, "Min Hash Batches": 1, "Max Original Hash Batches": 1, "Min Original Hash Batches": 1, "Max Peak Memory Usage": 1, "min Peak Memory Usage": 1, "Plans": [{"Node Type": "Streaming(type: BROADCAST dop: 16/1)", "Parent Relationship": "Outer", "Startup Cost": 0.0, "Total Cost": 15002.75, "Plan Rows": 16, "Plan Width": 4, "Actual Min Startup Time": 0.004, "Actual Max Startup Time": 0.009, "Actual Min Total Time": 0.004, "Actual Max Total Time": 0.01, "Plans": [{"Node Type": "Seq Scan", "Parent Relationship": "Outer", "Relation Name": "info_type", "Alias": "it", "Startup Cost": 0.0, "Total Cost": 2.4, "Plan Rows": 1, "Plan Width": 4, "Actual Min Startup Time": 0.058, "Actual Max Startup Time": 0.058, "Actual Min Total Time": 0.06, "Actual Max Total Time": 0.06, "Filter": "((info)::text = 'bottom 10 rank'::text)", "Rows Removed by Filter": 111, "Actual Rows": 1}], "Actual Rows": 16}], "Actual Rows": 16}], "Actual Rows": 10}], "Actual Rows": 160}, {"Node Type": "Hash", "Parent Relationship": "Inner", "Startup Cost": 19544.42, "Total Cost": 19544.42, "Plan Rows": 719240, "Plan Width": 25, "Actual Min Startup Time": 77.538, "Actual Max Startup Time": 90.505, "Actual Min Total Time": 77.538, "Actual Max Total Time": 90.505, "Max Hash Buckets": 65536, "Min Hash Buckets": 65536, "Max Hash Batches": 1, "Min Hash Batches": 1, "Max Original Hash Batches": 1, "Min Original Hash Batches": 1, "Max Peak Memory Usage": 2621, "min Peak Memory Usage": 2621, "Plans": [{"Node Type": "Seq Scan", "Parent Relationship": "Outer", "Relation Name": "title", "Alias": "t", "Startup Cost": 554.15, "Total Cost": 19544.42, "Plan Rows": 719240, "Plan Width": 25, "Actual Min Startup Time": 0.027, "Actual Max Startup Time": 0.048, "Actual Min Total Time": 63.976, "Actual Max Total Time": 73.192, "Filter": "((production_year >= 2005) AND (production_year <= 2010)), (LLVM Optimized)", "Rows Removed by Filter": 1812052, "Actual Rows": 716259}], "Actual Rows": 716259}], "Actual Rows": 4}], "Actual Rows": 64}, {"Node Type": "Hash", "Parent Relationship": "Inner", "Startup Cost": 34246.65, "Total Cost": 34246.65, "Plan Rows": 1304518, "Plan Width": 28, "Actual Min Startup Time": 77.142, "Actual Max Startup Time": 90.181, "Actual Min Total Time": 77.142, "Actual Max Total Time": 90.181, "Max Hash Buckets": 131072, "Min Hash Buckets": 131072, "Max Hash Batches": 1, "Min Hash Batches": 1, "Max Original Hash Batches": 1, "Min Original Hash Batches": 1, "Max Peak Memory Usage": 488, "min Peak Memory Usage": 488, "Plans": [{"Node Type": "Hash Join", "Parent Relationship": "Outer", "Join Type": "Inner", "Startup Cost": 15001.4, "Total Cost": 34246.65, "Plan Rows": 1304518, "Plan Width": 28, "Actual Min Startup Time": 49.679, "Actual Max Startup Time": 57.435, "Actual Min Total Time": 74.466, "Actual Max Total Time": 85.667, "Inner Unique": true, "Hash Cond": "(mc.company_type_id = ct.id), (LLVM Optimized)", "Plans": [{"Node Type": "Seq Scan", "Parent Relationship": "Outer", "Relation Name": "movie_companies", "Alias": "mc", "Startup Cost": 0.0, "Total Cost": 18021.26, "Plan Rows": 2609035, "Plan Width": 32, "Actual Min Startup Time": 0.038, "Actual Max Startup Time": 0.078, "Actual Min Total Time": 58.43, "Actual Max Total Time": 67.703, "Filter": "((note)::text !~~ '%(as Metro-Goldwyn-Mayer Pictures)%'::text), (LLVM Optimized)", "Rows Removed by Filter": 1272041, "Actual Rows": 1337087}, {"Node Type": "Hash", "Parent Relationship": "Inner", "Startup Cost": 15001.38, "Total Cost": 15001.38, "Plan Rows": 16, "Plan Width": 4, "Actual Min Startup Time": 0.016, "Actual Max Startup Time": 0.038, "Actual Min Total Time": 0.016, "Actual Max Total Time": 0.038, "Max Hash Buckets": 32768, "Min Hash Buckets": 32768, "Max Hash Batches": 1, "Min Hash Batches": 1, "Max Original Hash Batches": 1, "Min Original Hash Batches": 1, "Max Peak Memory Usage": 1, "min Peak Memory Usage": 1, "Plans": [{"Node Type": "Streaming(type: BROADCAST dop: 16/1)", "Parent Relationship": "Outer", "Startup Cost": 0.0, "Total Cost": 15001.38, "Plan Rows": 16, "Plan Width": 4, "Actual Min Startup Time": 0.005, "Actual Max Startup Time": 0.02, "Actual Min Total Time": 0.005, "Actual Max Total Time": 0.021, "Plans": [{"Node Type": "Seq Scan", "Parent Relationship": "Outer", "Relation Name": "company_type", "Alias": "ct", "Startup Cost": 0.0, "Total Cost": 1.04, "Plan Rows": 1, "Plan Width": 4, "Actual Min Startup Time": 0.025, "Actual Max Startup Time": 0.025, "Actual Min Total Time": 0.028, "Actual Max Total Time": 0.028, "Filter": "((kind)::text = 'production companies'::text)", "Rows Removed by Filter": 2, "Actual Rows": 1}], "Actual Rows": 16}], "Actual Rows": 16}], "Actual Rows": 140904}], "Actual Rows": 140904}], "Actual Rows": 3}], "Actual Rows": 16}], "Actual Rows": 16}], "Actual Rows": 1}, "Triggers": [], "Planner Runtime": 22.586, "Total Runtime": 315.381, "Unique SQL Id": 1162488282}}, "(16, '105')": {"explain_plan": {"Plan": {"Node Type": "Aggregate", "Strategy": "Plain", "Startup Cost": 250800.12, "Total Cost": 250800.14, "Plan Rows": 1, "Plan Width": 113, "Plans": [{"Node Type": "Streaming(type: LOCAL GATHER dop: 1/16)", "Parent Relationship": "Outer", "Startup Cost": 250800.12, "Total Cost": 250800.14, "Plan Rows": 1, "Plan Width": 113, "Plans": [{"Node Type": "Aggregate", "Strategy": "Plain", "Parent Relationship": "Outer", "Startup Cost": 250800.12, "Total Cost": 250800.13, "Plan Rows": 1, "Plan Width": 113, "Plans": [{"Node Type": "Hash Join", "Parent Relationship": "Outer", "Join Type": "Inner", "Startup Cost": 171025.57, "Total Cost": 247444.09, "Plan Rows": 447470, "Plan Width": 45, "Inner Unique": true, "Hash Cond": "(mc.company_type_id = ct.id), (LLVM Optimized)", "Plans": [{"Node Type": "Hash Join", "Parent Relationship": "Outer", "Join Type": "Inner", "Startup Cost": 156012.91, "Total Cost": 232152.09, "Plan Rows": 549199, "Plan Width": 49, "Inner Unique": false, "Hash Cond": "(t.id = mc.movie_id), (LLVM Optimized)", "Plans": [{"Node Type": "Streaming(type: LOCAL REDISTRIBUTE dop: 16/1)", "Parent Relationship": "Outer", "Startup Cost": 126720.83, "Total Cost": 201800.13, "Plan Rows": 396404, "Plan Width": 29, "Plans": [{"Node Type": "Hash Join", "Parent Relationship": "Outer", "Join Type": "Inner", "Startup Cost": 126720.83, "Total Cost": 170316.85, "Plan Rows": 396404, "Plan Width": 29, "Inner Unique": true, "Hash Cond": "(mi_idx.movie_id = t.id), (LLVM Optimized)", "Plans": [{"Node Type": "Nested Loop", "Parent Relationship": "Outer", "Join Type": "Inner", "Startup Cost": 0.0, "Total Cost": 38338.2, "Plan Rows": 345008, "Plan Width": 4, "Inner Unique": false, "Plans": [{"Node Type": "Index Scan", "Parent Relationship": "Outer", "Scan Direction": "Forward", "Index Name": "info_type_pkey", "Relation Name": "info_type", "Alias": "it", "Startup Cost": 0.0, "Total Cost": 14.21, "Plan Rows": 1, "Plan Width": 4, "Filter": "((info)::text = 'bottom 10 rank'::text)"}, {"Node Type": "Index Scan", "Parent Relationship": "Inner", "Scan Direction": "Forward", "Index Name": "info_type_id_movie_info_idx", "Relation Name": "movie_info_idx", "Alias": "mi_idx", "Startup Cost": 0.0, "Total Cost": 34873.91, "Plan Rows": 345008, "Plan Width": 8, "Index Cond": "(info_type_id = it.id), (LLVM Optimized)"}]}, {"Node Type": "Hash", "Parent Relationship": "Inner", "Startup Cost": 117730.33, "Total Cost": 117730.33, "Plan Rows": 719240, "Plan Width": 25, "Plans": [{"Node Type": "Streaming(type: LOCAL GATHER dop: 1/16)", "Parent Relationship": "Outer", "Startup Cost": 0.0, "Total Cost": 117730.33, "Plan Rows": 719240, "Plan Width": 25, "Plans": [{"Node Type": "Index Scan", "Parent Relationship": "Outer", "Scan Direction": "Forward", "Index Name": "title_pkey", "Relation Name": "title", "Alias": "t", "Startup Cost": 0.0, "Total Cost": 102207.67, "Plan Rows": 719240, "Plan Width": 25, "Filter": "((production_year >= 2005) AND (production_year <= 2010)), (LLVM Optimized)"}]}]}]}]}, {"Node Type": "Hash", "Parent Relationship": "Inner", "Startup Cost": 109015.07, "Total Cost": 109015.07, "Plan Rows": 2609035, "Plan Width": 32, "Plans": [{"Node Type": "Streaming(type: LOCAL REDISTRIBUTE dop: 16/16)", "Parent Relationship": "Outer", "Startup Cost": 0.0, "Total Cost": 109015.07, "Plan Rows": 2609035, "Plan Width": 32, "Plans": [{"Node Type": "Index Scan", "Parent Relationship": "Outer", "Scan Direction": "Forward", "Index Name": "company_type_id_movie_companies", "Relation Name": "movie_companies", "Alias": "mc", "Startup Cost": 0.0, "Total Cost": 84129.27, "Plan Rows": 2609035, "Plan Width": 32, "Filter": "((note)::text !~~ '%(as Metro-Goldwyn-Mayer Pictures)%'::text), (LLVM Optimized)"}]}]}]}, {"Node Type": "Hash", "Parent Relationship": "Inner", "Startup Cost": 15012.65, "Total Cost": 15012.65, "Plan Rows": 16, "Plan Width": 4, "Plans": [{"Node Type": "Streaming(type: BROADCAST dop: 16/1)", "Parent Relationship": "Outer", "Startup Cost": 0.0, "Total Cost": 15012.65, "Plan Rows": 16, "Plan Width": 4, "Plans": [{"Node Type": "Index Scan", "Parent Relationship": "Outer", "Scan Direction": "Forward", "Index Name": "company_type_pkey", "Relation Name": "company_type", "Alias": "ct", "Startup Cost": 0.0, "Total Cost": 12.3, "Plan Rows": 1, "Plan Width": 4, "Filter": "((kind)::text = 'production companies'::text)"}]}]}]}]}]}]}, "Unique SQL Id": 1162488282, "Planner Runtime": 15}, "explain_analyze_plan": {"Plan": {"Node Type": "Aggregate", "Strategy": "Plain", "Startup Cost": 250800.12, "Total Cost": 250800.14, "Plan Rows": 1, "Plan Width": 113, "Actual Min Startup Time": 838.089, "Actual Max Startup Time": 838.089, "Actual Min Total Time": 838.089, "Actual Max Total Time": 838.089, "Plans": [{"Node Type": "Streaming(type: LOCAL GATHER dop: 1/16)", "Parent Relationship": "Outer", "Startup Cost": 250800.12, "Total Cost": 250800.14, "Plan Rows": 1, "Plan Width": 113, "Actual Min Startup Time": 837.918, "Actual Max Startup Time": 837.918, "Actual Min Total Time": 838.073, "Actual Max Total Time": 838.073, "Plans": [{"Node Type": "Aggregate", "Strategy": "Plain", "Parent Relationship": "Outer", "Startup Cost": 250800.12, "Total Cost": 250800.13, "Plan Rows": 1, "Plan Width": 113, "Actual Min Startup Time": 673.082, "Actual Max Startup Time": 706.13, "Actual Min Total Time": 673.082, "Actual Max Total Time": 706.13, "Plans": [{"Node Type": "Hash Join", "Parent Relationship": "Outer", "Join Type": "Inner", "Startup Cost": 171025.57, "Total Cost": 247444.09, "Plan Rows": 447470, "Plan Width": 45, "Actual Min Startup Time": 673.077, "Actual Max Startup Time": 706.123, "Actual Min Total Time": 673.077, "Actual Max Total Time": 706.123, "Inner Unique": true, "Hash Cond": "(mc.company_type_id = ct.id), (LLVM Optimized, Jit Execute)", "Plans": [{"Node Type": "Hash Join", "Parent Relationship": "Outer", "Join Type": "Inner", "Startup Cost": 156012.91, "Total Cost": 232152.09, "Plan Rows": 549199, "Plan Width": 49, "Actual Min Startup Time": 672.437, "Actual Max Startup Time": 705.46, "Actual Min Total Time": 672.437, "Actual Max Total Time": 705.46, "Inner Unique": false, "Hash Cond": "(t.id = mc.movie_id), (LLVM Optimized, Jit Execute)", "Plans": [{"Node Type": "Streaming(type: LOCAL REDISTRIBUTE dop: 16/1)", "Parent Relationship": "Outer", "Startup Cost": 126720.83, "Total Cost": 201800.13, "Plan Rows": 396404, "Plan Width": 29, "Actual Min Startup Time": 368.837, "Actual Max Startup Time": 368.893, "Actual Min Total Time": 368.837, "Actual Max Total Time": 368.894, "Plans": [{"Node Type": "Hash Join", "Parent Relationship": "Outer", "Join Type": "Inner", "Startup Cost": 126720.83, "Total Cost": 170316.85, "Plan Rows": 396404, "Plan Width": 29, "Actual Min Startup Time": 670.503, "Actual Max Startup Time": 670.503, "Actual Min Total Time": 670.511, "Actual Max Total Time": 670.511, "Inner Unique": true, "Hash Cond": "(mi_idx.movie_id = t.id), (LLVM Optimized, Jit Execute)", "Plans": [{"Node Type": "Nested Loop", "Parent Relationship": "Outer", "Join Type": "Inner", "Startup Cost": 0.0, "Total Cost": 38338.2, "Plan Rows": 345008, "Plan Width": 4, "Actual Min Startup Time": 0.162, "Actual Max Startup Time": 0.162, "Actual Min Total Time": 0.171, "Actual Max Total Time": 0.171, "Inner Unique": false, "Plans": [{"Node Type": "Index Scan", "Parent Relationship": "Outer", "Scan Direction": "Forward", "Index Name": "info_type_pkey", "Relation Name": "info_type", "Alias": "it", "Startup Cost": 0.0, "Total Cost": 14.21, "Plan Rows": 1, "Plan Width": 4, "Actual Min Startup Time": 0.123, "Actual Max Startup Time": 0.123, "Actual Min Total Time": 0.124, "Actual Max Total Time": 0.124, "Filter": "((info)::text = 'bottom 10 rank'::text)", "Rows Removed by Filter": 111, "Actual Rows": 1}, {"Node Type": "Index Scan", "Parent Relationship": "Inner", "Scan Direction": "Forward", "Index Name": "info_type_id_movie_info_idx", "Relation Name": "movie_info_idx", "Alias": "mi_idx", "Startup Cost": 0.0, "Total Cost": 34873.91, "Plan Rows": 345008, "Plan Width": 8, "Actual Min Startup Time": 0.029, "Actual Max Startup Time": 0.029, "Actual Min Total Time": 0.034, "Actual Max Total Time": 0.034, "Index Cond": "(info_type_id = it.id), (LLVM Optimized, Jit Execute)", "Rows Removed by Index Recheck": 0, "Actual Rows": 10}], "Actual Rows": 10}, {"Node Type": "Hash", "Parent Relationship": "Inner", "Startup Cost": 117730.33, "Total Cost": 117730.33, "Plan Rows": 719240, "Plan Width": 25, "Actual Min Startup Time": 669.067, "Actual Max Startup Time": 669.067, "Actual Min Total Time": 669.067, "Actual Max Total Time": 669.067, "Max Hash Buckets": 1048576, "Min Hash Buckets": 1048576, "Max Hash Batches": 1, "Min Hash Batches": 1, "Max Original Hash Batches": 1, "Min Original Hash Batches": 1, "Max Peak Memory Usage": 41052, "min Peak Memory Usage": 41052, "Plans": [{"Node Type": "Streaming(type: LOCAL GATHER dop: 1/16)", "Parent Relationship": "Outer", "Startup Cost": 0.0, "Total Cost": 117730.33, "Plan Rows": 719240, "Plan Width": 25, "Actual Min Startup Time": 0.121, "Actual Max Startup Time": 0.121, "Actual Min Total Time": 467.948, "Actual Max Total Time": 467.948, "Plans": [{"Node Type": "Index Scan", "Parent Relationship": "Outer", "Scan Direction": "Forward", "Index Name": "title_pkey", "Relation Name": "title", "Alias": "t", "Startup Cost": 0.0, "Total Cost": 102207.67, "Plan Rows": 719240, "Plan Width": 25, "Actual Min Startup Time": 0.038, "Actual Max Startup Time": 57.842, "Actual Min Total Time": 231.238, "Actual Max Total Time": 314.201, "Filter": "((production_year >= 2005) AND (production_year <= 2010)), (LLVM Optimized, Jit Execute)", "Rows Removed by Filter": 1812052, "Actual Rows": 716259}], "Actual Rows": 716259}], "Actual Rows": 716259}], "Actual Rows": 4}], "Actual Rows": 4}, {"Node Type": "Hash", "Parent Relationship": "Inner", "Startup Cost": 109015.07, "Total Cost": 109015.07, "Plan Rows": 2609035, "Plan Width": 32, "Actual Min Startup Time": 303.368, "Actual Max Startup Time": 336.411, "Actual Min Total Time": 303.368, "Actual Max Total Time": 336.411, "Max Hash Buckets": 262144, "Min Hash Buckets": 262144, "Max Hash Batches": 1, "Min Hash Batches": 1, "Max Original Hash Batches": 1, "Min Original Hash Batches": 1, "Max Peak Memory Usage": 5435, "min Peak Memory Usage": 5435, "Plans": [{"Node Type": "Streaming(type: LOCAL REDISTRIBUTE dop: 16/16)", "Parent Relationship": "Outer", "Startup Cost": 0.0, "Total Cost": 109015.07, "Plan Rows": 2609035, "Plan Width": 32, "Actual Min Startup Time": 14.747, "Actual Max Startup Time": 48.168, "Actual Min Total Time": 279.186, "Actual Max Total Time": 312.264, "Plans": [{"Node Type": "Index Scan", "Parent Relationship": "Outer", "Scan Direction": "Forward", "Index Name": "company_type_id_movie_companies", "Relation Name": "movie_companies", "Alias": "mc", "Startup Cost": 0.0, "Total Cost": 84129.27, "Plan Rows": 2609035, "Plan Width": 32, "Actual Min Startup Time": 15.167, "Actual Max Startup Time": 118.139, "Actual Min Total Time": 93.097, "Actual Max Total Time": 262.114, "Filter": "((note)::text !~~ '%(as Metro-Goldwyn-Mayer Pictures)%'::text), (LLVM Optimized, Jit Execute)", "Rows Removed by Filter": 1272041, "Actual Rows": 1337087}], "Actual Rows": 1337087}], "Actual Rows": 1337087}], "Actual Rows": 66}, {"Node Type": "Hash", "Parent Relationship": "Inner", "Startup Cost": 15012.65, "Total Cost": 15012.65, "Plan Rows": 16, "Plan Width": 4, "Actual Min Startup Time": 0.007, "Actual Max Startup Time": 0.024, "Actual Min Total Time": 0.007, "Actual Max Total Time": 0.024, "Max Hash Buckets": 32768, "Min Hash Buckets": 32768, "Max Hash Batches": 1, "Min Hash Batches": 1, "Max Original Hash Batches": 1, "Min Original Hash Batches": 1, "Max Peak Memory Usage": 1, "min Peak Memory Usage": 1, "Plans": [{"Node Type": "Streaming(type: BROADCAST dop: 16/1)", "Parent Relationship": "Outer", "Startup Cost": 0.0, "Total Cost": 15012.65, "Plan Rows": 16, "Plan Width": 4, "Actual Min Startup Time": 0.003, "Actual Max Startup Time": 0.009, "Actual Min Total Time": 0.003, "Actual Max Total Time": 0.01, "Plans": [{"Node Type": "Index Scan", "Parent Relationship": "Outer", "Scan Direction": "Forward", "Index Name": "company_type_pkey", "Relation Name": "company_type", "Alias": "ct", "Startup Cost": 0.0, "Total Cost": 12.3, "Plan Rows": 1, "Plan Width": 4, "Actual Min Startup Time": 0.048, "Actual Max Startup Time": 0.048, "Actual Min Total Time": 0.052, "Actual Max Total Time": 0.052, "Filter": "((kind)::text = 'production companies'::text)", "Rows Removed by Filter": 2, "Actual Rows": 1}], "Actual Rows": 16}], "Actual Rows": 16}], "Actual Rows": 3}], "Actual Rows": 16}], "Actual Rows": 16}], "Actual Rows": 1}, "Triggers": [], "Planner Runtime": 18.905, "Total Runtime": 857.762, "Unique SQL Id": 1162488282}}, "(16, '106')": {"explain_plan": {"Plan": {"Node Type": "Aggregate", "Strategy": "Plain", "Startup Cost": 156456.49, "Total Cost": 156456.52, "Plan Rows": 1, "Plan Width": 113, "Plans": [{"Node Type": "Streaming(type: LOCAL GATHER dop: 1/16)", "Parent Relationship": "Outer", "Startup Cost": 156456.49, "Total Cost": 156456.52, "Plan Rows": 1, "Plan Width": 113, "Plans": [{"Node Type": "Aggregate", "Strategy": "Plain", "Parent Relationship": "Outer", "Startup Cost": 156456.49, "Total Cost": 156456.5, "Plan Rows": 1, "Plan Width": 113, "Plans": [{"Node Type": "Hash Join", "Parent Relationship": "Outer", "Join Type": "Inner", "Startup Cost": 70374.89, "Total Cost": 153100.47, "Plan Rows": 447470, "Plan Width": 45, "Inner Unique": false, "Hash Cond": "(t.id = mc.movie_id), (LLVM Optimized)", "Plans": [{"Node Type": "Streaming(type: BROADCAST dop: 16/16)", "Parent Relationship": "Outer", "Startup Cost": 35109.08, "Total Cost": 113469.42, "Plan Rows": 6342464, "Plan Width": 29, "Plans": [{"Node Type": "Hash Join", "Parent Relationship": "Outer", "Join Type": "Inner", "Startup Cost": 35109.08, "Total Cost": 82365.51, "Plan Rows": 396404, "Plan Width": 29, "Inner Unique": true, "Hash Cond": "(mi_idx.movie_id = t.id), (LLVM Optimized)", "Plans": [{"Node Type": "Streaming(type: BROADCAST dop: 16/16)", "Parent Relationship": "Outer", "Startup Cost": 15002.76, "Total Cost": 60717.65, "Plan Rows": 5520128, "Plan Width": 4, "Plans": [{"Node Type": "Hash Join", "Parent Relationship": "Outer", "Join Type": "Inner", "Startup Cost": 15002.76, "Total Cost": 31701.7, "Plan Rows": 345008, "Plan Width": 4, "Inner Unique": true, "Hash Cond": "(mi_idx.info_type_id = it.id), (LLVM Optimized)", "Plans": [{"Node Type": "Seq Scan", "Parent Relationship": "Outer", "Relation Name": "movie_info_idx", "Alias": "mi_idx", "Startup Cost": 0.0, "Total Cost": 16267.15, "Plan Rows": 1380034, "Plan Width": 8}, {"Node Type": "Hash", "Parent Relationship": "Inner", "Startup Cost": 15002.75, "Total Cost": 15002.75, "Plan Rows": 16, "Plan Width": 4, "Plans": [{"Node Type": "Streaming(type: BROADCAST dop: 16/1)", "Parent Relationship": "Outer", "Startup Cost": 0.0, "Total Cost": 15002.75, "Plan Rows": 16, "Plan Width": 4, "Plans": [{"Node Type": "Seq Scan", "Parent Relationship": "Outer", "Relation Name": "info_type", "Alias": "it", "Startup Cost": 0.0, "Total Cost": 2.4, "Plan Rows": 1, "Plan Width": 4, "Filter": "((info)::text = 'bottom 10 rank'::text)"}]}]}]}]}, {"Node Type": "Hash", "Parent Relationship": "Inner", "Startup Cost": 19544.42, "Total Cost": 19544.42, "Plan Rows": 719240, "Plan Width": 25, "Plans": [{"Node Type": "Seq Scan", "Parent Relationship": "Outer", "Relation Name": "title", "Alias": "t", "Startup Cost": 554.15, "Total Cost": 19544.42, "Plan Rows": 719240, "Plan Width": 25, "Filter": "((production_year >= 2005) AND (production_year <= 2010)), (LLVM Optimized)"}]}]}]}, {"Node Type": "Hash", "Parent Relationship": "Inner", "Startup Cost": 34246.65, "Total Cost": 34246.65, "Plan Rows": 1304518, "Plan Width": 28, "Plans": [{"Node Type": "Hash Join", "Parent Relationship": "Outer", "Join Type": "Inner", "Startup Cost": 15001.4, "Total Cost": 34246.65, "Plan Rows": 1304518, "Plan Width": 28, "Inner Unique": true, "Hash Cond": "(mc.company_type_id = ct.id), (LLVM Optimized)", "Plans": [{"Node Type": "Seq Scan", "Parent Relationship": "Outer", "Relation Name": "movie_companies", "Alias": "mc", "Startup Cost": 0.0, "Total Cost": 18021.26, "Plan Rows": 2609035, "Plan Width": 32, "Filter": "((note)::text !~~ '%(as Metro-Goldwyn-Mayer Pictures)%'::text), (LLVM Optimized)"}, {"Node Type": "Hash", "Parent Relationship": "Inner", "Startup Cost": 15001.38, "Total Cost": 15001.38, "Plan Rows": 16, "Plan Width": 4, "Plans": [{"Node Type": "Streaming(type: BROADCAST dop: 16/1)", "Parent Relationship": "Outer", "Startup Cost": 0.0, "Total Cost": 15001.38, "Plan Rows": 16, "Plan Width": 4, "Plans": [{"Node Type": "Seq Scan", "Parent Relationship": "Outer", "Relation Name": "company_type", "Alias": "ct", "Startup Cost": 0.0, "Total Cost": 1.04, "Plan Rows": 1, "Plan Width": 4, "Filter": "((kind)::text = 'production companies'::text)"}]}]}]}]}]}]}]}]}, "Unique SQL Id": 1162488282, "Planner Runtime": 23}, "explain_analyze_plan": {"Plan": {"Node Type": "Aggregate", "Strategy": "Plain", "Startup Cost": 156456.49, "Total Cost": 156456.52, "Plan Rows": 1, "Plan Width": 113, "Actual Min Startup Time": 291.737, "Actual Max Startup Time": 291.737, "Actual Min Total Time": 291.737, "Actual Max Total Time": 291.737, "Plans": [{"Node Type": "Streaming(type: LOCAL GATHER dop: 1/16)", "Parent Relationship": "Outer", "Startup Cost": 156456.49, "Total Cost": 156456.52, "Plan Rows": 1, "Plan Width": 113, "Actual Min Startup Time": 288.745, "Actual Max Startup Time": 288.745, "Actual Min Total Time": 291.714, "Actual Max Total Time": 291.714, "Plans": [{"Node Type": "Aggregate", "Strategy": "Plain", "Parent Relationship": "Outer", "Startup Cost": 156456.49, "Total Cost": 156456.5, "Plan Rows": 1, "Plan Width": 113, "Actual Min Startup Time": 87.212, "Actual Max Startup Time": 173.643, "Actual Min Total Time": 87.212, "Actual Max Total Time": 173.643, "Plans": [{"Node Type": "Hash Join", "Parent Relationship": "Outer", "Join Type": "Inner", "Startup Cost": 70374.89, "Total Cost": 153100.47, "Plan Rows": 447470, "Plan Width": 45, "Actual Min Startup Time": 87.206, "Actual Max Startup Time": 173.637, "Actual Min Total Time": 87.206, "Actual Max Total Time": 173.637, "Inner Unique": false, "Hash Cond": "(t.id = mc.movie_id), (LLVM Optimized)", "Plans": [{"Node Type": "Streaming(type: BROADCAST dop: 16/16)", "Parent Relationship": "Outer", "Startup Cost": 35109.08, "Total Cost": 113469.42, "Plan Rows": 6342464, "Plan Width": 29, "Actual Min Startup Time": 0.041, "Actual Max Startup Time": 32.958, "Actual Min Total Time": 0.045, "Actual Max Total Time": 89.021, "Plans": [{"Node Type": "Hash Join", "Parent Relationship": "Outer", "Join Type": "Inner", "Startup Cost": 35109.08, "Total Cost": 82365.51, "Plan Rows": 396404, "Plan Width": 29, "Actual Min Startup Time": 81.077, "Actual Max Startup Time": 116.668, "Actual Min Total Time": 82.306, "Actual Max Total Time": 116.668, "Inner Unique": true, "Hash Cond": "(mi_idx.movie_id = t.id), (LLVM Optimized)", "Plans": [{"Node Type": "Streaming(type: BROADCAST dop: 16/16)", "Parent Relationship": "Outer", "Startup Cost": 15002.76, "Total Cost": 60717.65, "Plan Rows": 5520128, "Plan Width": 4, "Actual Min Startup Time": 0.033, "Actual Max Startup Time": 0.065, "Actual Min Total Time": 0.037, "Actual Max Total Time": 35.246, "Plans": [{"Node Type": "Hash Join", "Parent Relationship": "Outer", "Join Type": "Inner", "Startup Cost": 15002.76, "Total Cost": 31701.7, "Plan Rows": 345008, "Plan Width": 4, "Actual Min Startup Time": 33.102, "Actual Max Startup Time": 40.897, "Actual Min Total Time": 33.102, "Actual Max Total Time": 40.903, "Inner Unique": true, "Hash Cond": "(mi_idx.info_type_id = it.id), (LLVM Optimized)", "Plans": [{"Node Type": "Seq Scan", "Parent Relationship": "Outer", "Relation Name": "movie_info_idx", "Alias": "mi_idx", "Startup Cost": 0.0, "Total Cost": 16267.15, "Plan Rows": 1380034, "Plan Width": 8, "Actual Min Startup Time": 0.035, "Actual Max Startup Time": 0.075, "Actual Min Total Time": 18.863, "Actual Max Total Time": 23.828, "Actual Rows": 1380034}, {"Node Type": "Hash", "Parent Relationship": "Inner", "Startup Cost": 15002.75, "Total Cost": 15002.75, "Plan Rows": 16, "Plan Width": 4, "Actual Min Startup Time": 0.016, "Actual Max Startup Time": 0.026, "Actual Min Total Time": 0.016, "Actual Max Total Time": 0.026, "Max Hash Buckets": 32768, "Min Hash Buckets": 32768, "Max Hash Batches": 1, "Min Hash Batches": 1, "Max Original Hash Batches": 1, "Min Original Hash Batches": 1, "Max Peak Memory Usage": 1, "min Peak Memory Usage": 1, "Plans": [{"Node Type": "Streaming(type: BROADCAST dop: 16/1)", "Parent Relationship": "Outer", "Startup Cost": 0.0, "Total Cost": 15002.75, "Plan Rows": 16, "Plan Width": 4, "Actual Min Startup Time": 0.004, "Actual Max Startup Time": 0.009, "Actual Min Total Time": 0.004, "Actual Max Total Time": 0.01, "Plans": [{"Node Type": "Seq Scan", "Parent Relationship": "Outer", "Relation Name": "info_type", "Alias": "it", "Startup Cost": 0.0, "Total Cost": 2.4, "Plan Rows": 1, "Plan Width": 4, "Actual Min Startup Time": 0.058, "Actual Max Startup Time": 0.058, "Actual Min Total Time": 0.06, "Actual Max Total Time": 0.06, "Filter": "((info)::text = 'bottom 10 rank'::text)", "Rows Removed by Filter": 111, "Actual Rows": 1}], "Actual Rows": 16}], "Actual Rows": 16}], "Actual Rows": 10}], "Actual Rows": 160}, {"Node Type": "Hash", "Parent Relationship": "Inner", "Startup Cost": 19544.42, "Total Cost": 19544.42, "Plan Rows": 719240, "Plan Width": 25, "Actual Min Startup Time": 77.538, "Actual Max Startup Time": 90.505, "Actual Min Total Time": 77.538, "Actual Max Total Time": 90.505, "Max Hash Buckets": 65536, "Min Hash Buckets": 65536, "Max Hash Batches": 1, "Min Hash Batches": 1, "Max Original Hash Batches": 1, "Min Original Hash Batches": 1, "Max Peak Memory Usage": 2621, "min Peak Memory Usage": 2621, "Plans": [{"Node Type": "Seq Scan", "Parent Relationship": "Outer", "Relation Name": "title", "Alias": "t", "Startup Cost": 554.15, "Total Cost": 19544.42, "Plan Rows": 719240, "Plan Width": 25, "Actual Min Startup Time": 0.027, "Actual Max Startup Time": 0.048, "Actual Min Total Time": 63.976, "Actual Max Total Time": 73.192, "Filter": "((production_year >= 2005) AND (production_year <= 2010)), (LLVM Optimized)", "Rows Removed by Filter": 1812052, "Actual Rows": 716259}], "Actual Rows": 716259}], "Actual Rows": 4}], "Actual Rows": 64}, {"Node Type": "Hash", "Parent Relationship": "Inner", "Startup Cost": 34246.65, "Total Cost": 34246.65, "Plan Rows": 1304518, "Plan Width": 28, "Actual Min Startup Time": 77.142, "Actual Max Startup Time": 90.181, "Actual Min Total Time": 77.142, "Actual Max Total Time": 90.181, "Max Hash Buckets": 131072, "Min Hash Buckets": 131072, "Max Hash Batches": 1, "Min Hash Batches": 1, "Max Original Hash Batches": 1, "Min Original Hash Batches": 1, "Max Peak Memory Usage": 488, "min Peak Memory Usage": 488, "Plans": [{"Node Type": "Hash Join", "Parent Relationship": "Outer", "Join Type": "Inner", "Startup Cost": 15001.4, "Total Cost": 34246.65, "Plan Rows": 1304518, "Plan Width": 28, "Actual Min Startup Time": 49.679, "Actual Max Startup Time": 57.435, "Actual Min Total Time": 74.466, "Actual Max Total Time": 85.667, "Inner Unique": true, "Hash Cond": "(mc.company_type_id = ct.id), (LLVM Optimized)", "Plans": [{"Node Type": "Seq Scan", "Parent Relationship": "Outer", "Relation Name": "movie_companies", "Alias": "mc", "Startup Cost": 0.0, "Total Cost": 18021.26, "Plan Rows": 2609035, "Plan Width": 32, "Actual Min Startup Time": 0.038, "Actual Max Startup Time": 0.078, "Actual Min Total Time": 58.43, "Actual Max Total Time": 67.703, "Filter": "((note)::text !~~ '%(as Metro-Goldwyn-Mayer Pictures)%'::text), (LLVM Optimized)", "Rows Removed by Filter": 1272041, "Actual Rows": 1337087}, {"Node Type": "Hash", "Parent Relationship": "Inner", "Startup Cost": 15001.38, "Total Cost": 15001.38, "Plan Rows": 16, "Plan Width": 4, "Actual Min Startup Time": 0.016, "Actual Max Startup Time": 0.038, "Actual Min Total Time": 0.016, "Actual Max Total Time": 0.038, "Max Hash Buckets": 32768, "Min Hash Buckets": 32768, "Max Hash Batches": 1, "Min Hash Batches": 1, "Max Original Hash Batches": 1, "Min Original Hash Batches": 1, "Max Peak Memory Usage": 1, "min Peak Memory Usage": 1, "Plans": [{"Node Type": "Streaming(type: BROADCAST dop: 16/1)", "Parent Relationship": "Outer", "Startup Cost": 0.0, "Total Cost": 15001.38, "Plan Rows": 16, "Plan Width": 4, "Actual Min Startup Time": 0.005, "Actual Max Startup Time": 0.02, "Actual Min Total Time": 0.005, "Actual Max Total Time": 0.021, "Plans": [{"Node Type": "Seq Scan", "Parent Relationship": "Outer", "Relation Name": "company_type", "Alias": "ct", "Startup Cost": 0.0, "Total Cost": 1.04, "Plan Rows": 1, "Plan Width": 4, "Actual Min Startup Time": 0.025, "Actual Max Startup Time": 0.025, "Actual Min Total Time": 0.028, "Actual Max Total Time": 0.028, "Filter": "((kind)::text = 'production companies'::text)", "Rows Removed by Filter": 2, "Actual Rows": 1}], "Actual Rows": 16}], "Actual Rows": 16}], "Actual Rows": 140904}], "Actual Rows": 140904}], "Actual Rows": 3}], "Actual Rows": 16}], "Actual Rows": 16}], "Actual Rows": 1}, "Triggers": [], "Planner Runtime": 22.586, "Total Runtime": 315.381, "Unique SQL Id": 1162488282}}, "(16, '107')": {"explain_plan": {"Plan": {"Node Type": "Aggregate", "Strategy": "Plain", "Startup Cost": 5000024236430.26, "Total Cost": 5000024236430.27, "Plan Rows": 1, "Plan Width": 113, "Plans": [{"Node Type": "Hash Join", "Parent Relationship": "Outer", "Join Type": "Inner", "Startup Cost": 3020022297039.18, "Total Cost": 5000024233074.24, "Plan Rows": 447470, "Plan Width": 45, "Inner Unique": true, "Hash Cond": "(mc.movie_id = t.id), (LLVM Optimized)", "Plans": [{"Node Type": "Hash Join", "Parent Relationship": "Outer", "Join Type": "Inner", "Startup Cost": 2020010011844.26, "Total Cost": 4000011941525.2, "Plan Rows": 501180, "Plan Width": 32, "Inner Unique": true, "Hash Cond": "(mc.company_type_id = ct.id), (LLVM Optimized)", "Plans": [{"Node Type": "Hash Join", "Parent Relationship": "Outer", "Join Type": "Inner", "Startup Cost": 1020010010614.0, "Total Cost": 3000011933547.98, "Plan Rows": 829046, "Plan Width": 36, "Inner Unique": false, "Hash Cond": "(mi_idx.movie_id = mc.movie_id), (LLVM Optimized)", "Plans": [{"Node Type": "Nested Loop", "Parent Relationship": "Outer", "Join Type": "Inner", "Startup Cost": 20000007502.06, "Total Cost": 2000001833737.28, "Plan Rows": 345008, "Plan Width": 4, "Inner Unique": false, "Plans": [{"Node Type": "Index Scan", "Parent Relationship": "Outer", "Scan Direction": "Forward", "Index Name": "info_type_pkey", "Relation Name": "info_type", "Alias": "it", "Startup Cost": 10000000000.0, "Total Cost": 1000000001421.0, "Plan Rows": 1, "Plan Width": 4, "Filter": "((info)::text = 'bottom 10 rank'::text)"}, {"Node Type": "Bitmap Heap Scan", "Parent Relationship": "Inner", "Relation Name": "movie_info_idx", "Alias": "mi_idx", "Startup Cost": 10000007502.06, "Total Cost": 1000001828866.2, "Plan Rows": 345008, "Plan Width": 8, "Recheck Cond": "(info_type_id = it.id), (LLVM Optimized)", "Plans": [{"Node Type": "Bitmap Index Scan", "Parent Relationship": "Outer", "Index Name": "info_type_id_movie_info_idx", "Startup Cost": 0.0, "Total Cost": 7415.81, "Plan Rows": 345008, "Plan Width": 0, "Index Cond": "(info_type_id = it.id)"}]}]}, {"Node Type": "Hash", "Parent Relationship": "Inner", "Startup Cost": 1000009970499.0, "Total Cost": 1000009970499.0, "Plan Rows": 2609035, "Plan Width": 32, "Plans": [{"Node Type": "Index Scan", "Parent Relationship": "Outer", "Scan Direction": "Forward", "Index Name": "company_type_id_movie_companies", "Relation Name": "movie_companies", "Alias": "mc", "Startup Cost": 10000000000.0, "Total Cost": 1000009970499.0, "Plan Rows": 2609035, "Plan Width": 32, "Filter": "((note)::text !~~ '%(as Metro-Goldwyn-Mayer Pictures)%'::text), (LLVM Optimized)"}]}]}, {"Node Type": "Hash", "Parent Relationship": "Inner", "Startup Cost": 1000000001230.25, "Total Cost": 1000000001230.25, "Plan Rows": 1, "Plan Width": 4, "Plans": [{"Node Type": "Index Scan", "Parent Relationship": "Outer", "Scan Direction": "Forward", "Index Name": "company_type_pkey", "Relation Name": "company_type", "Alias": "ct", "Startup Cost": 10000000000.0, "Total Cost": 1000000001230.25, "Plan Rows": 1, "Plan Width": 4, "Filter": "((kind)::text = 'production companies'::text)"}]}]}, {"Node Type": "Hash", "Parent Relationship": "Inner", "Startup Cost": 1000012276204.41, "Total Cost": 1000012276204.41, "Plan Rows": 719240, "Plan Width": 25, "Plans": [{"Node Type": "Index Scan", "Parent Relationship": "Outer", "Scan Direction": "Forward", "Index Name": "title_pkey", "Relation Name": "title", "Alias": "t", "Startup Cost": 10000000000.0, "Total Cost": 1000012276204.41, "Plan Rows": 719240, "Plan Width": 25, "Filter": "((production_year >= 2005) AND (production_year <= 2010)), (LLVM Optimized)"}]}]}]}, "Unique SQL Id": 1162488282, "Planner Runtime": 6}, "explain_analyze_plan": null}, "(16, '108')": {"explain_plan": {"Plan": {"Node Type": "Aggregate", "Strategy": "Plain", "Startup Cost": 156456.49, "Total Cost": 156456.52, "Plan Rows": 1, "Plan Width": 113, "Plans": [{"Node Type": "Streaming(type: LOCAL GATHER dop: 1/16)", "Parent Relationship": "Outer", "Startup Cost": 156456.49, "Total Cost": 156456.52, "Plan Rows": 1, "Plan Width": 113, "Plans": [{"Node Type": "Aggregate", "Strategy": "Plain", "Parent Relationship": "Outer", "Startup Cost": 156456.49, "Total Cost": 156456.5, "Plan Rows": 1, "Plan Width": 113, "Plans": [{"Node Type": "Hash Join", "Parent Relationship": "Outer", "Join Type": "Inner", "Startup Cost": 70374.89, "Total Cost": 153100.47, "Plan Rows": 447470, "Plan Width": 45, "Inner Unique": false, "Hash Cond": "(t.id = mc.movie_id), (LLVM Optimized)", "Plans": [{"Node Type": "Streaming(type: BROADCAST dop: 16/16)", "Parent Relationship": "Outer", "Startup Cost": 35109.08, "Total Cost": 113469.42, "Plan Rows": 6342464, "Plan Width": 29, "Plans": [{"Node Type": "Hash Join", "Parent Relationship": "Outer", "Join Type": "Inner", "Startup Cost": 35109.08, "Total Cost": 82365.51, "Plan Rows": 396404, "Plan Width": 29, "Inner Unique": true, "Hash Cond": "(mi_idx.movie_id = t.id), (LLVM Optimized)", "Plans": [{"Node Type": "Streaming(type: BROADCAST dop: 16/16)", "Parent Relationship": "Outer", "Startup Cost": 15002.76, "Total Cost": 60717.65, "Plan Rows": 5520128, "Plan Width": 4, "Plans": [{"Node Type": "Hash Join", "Parent Relationship": "Outer", "Join Type": "Inner", "Startup Cost": 15002.76, "Total Cost": 31701.7, "Plan Rows": 345008, "Plan Width": 4, "Inner Unique": true, "Hash Cond": "(mi_idx.info_type_id = it.id), (LLVM Optimized)", "Plans": [{"Node Type": "Seq Scan", "Parent Relationship": "Outer", "Relation Name": "movie_info_idx", "Alias": "mi_idx", "Startup Cost": 0.0, "Total Cost": 16267.15, "Plan Rows": 1380034, "Plan Width": 8}, {"Node Type": "Hash", "Parent Relationship": "Inner", "Startup Cost": 15002.75, "Total Cost": 15002.75, "Plan Rows": 16, "Plan Width": 4, "Plans": [{"Node Type": "Streaming(type: BROADCAST dop: 16/1)", "Parent Relationship": "Outer", "Startup Cost": 0.0, "Total Cost": 15002.75, "Plan Rows": 16, "Plan Width": 4, "Plans": [{"Node Type": "Seq Scan", "Parent Relationship": "Outer", "Relation Name": "info_type", "Alias": "it", "Startup Cost": 0.0, "Total Cost": 2.4, "Plan Rows": 1, "Plan Width": 4, "Filter": "((info)::text = 'bottom 10 rank'::text)"}]}]}]}]}, {"Node Type": "Hash", "Parent Relationship": "Inner", "Startup Cost": 19544.42, "Total Cost": 19544.42, "Plan Rows": 719240, "Plan Width": 25, "Plans": [{"Node Type": "Seq Scan", "Parent Relationship": "Outer", "Relation Name": "title", "Alias": "t", "Startup Cost": 554.15, "Total Cost": 19544.42, "Plan Rows": 719240, "Plan Width": 25, "Filter": "((production_year >= 2005) AND (production_year <= 2010)), (LLVM Optimized)"}]}]}]}, {"Node Type": "Hash", "Parent Relationship": "Inner", "Startup Cost": 34246.65, "Total Cost": 34246.65, "Plan Rows": 1304518, "Plan Width": 28, "Plans": [{"Node Type": "Hash Join", "Parent Relationship": "Outer", "Join Type": "Inner", "Startup Cost": 15001.4, "Total Cost": 34246.65, "Plan Rows": 1304518, "Plan Width": 28, "Inner Unique": true, "Hash Cond": "(mc.company_type_id = ct.id), (LLVM Optimized)", "Plans": [{"Node Type": "Seq Scan", "Parent Relationship": "Outer", "Relation Name": "movie_companies", "Alias": "mc", "Startup Cost": 0.0, "Total Cost": 18021.26, "Plan Rows": 2609035, "Plan Width": 32, "Filter": "((note)::text !~~ '%(as Metro-Goldwyn-Mayer Pictures)%'::text), (LLVM Optimized)"}, {"Node Type": "Hash", "Parent Relationship": "Inner", "Startup Cost": 15001.38, "Total Cost": 15001.38, "Plan Rows": 16, "Plan Width": 4, "Plans": [{"Node Type": "Streaming(type: BROADCAST dop: 16/1)", "Parent Relationship": "Outer", "Startup Cost": 0.0, "Total Cost": 15001.38, "Plan Rows": 16, "Plan Width": 4, "Plans": [{"Node Type": "Seq Scan", "Parent Relationship": "Outer", "Relation Name": "company_type", "Alias": "ct", "Startup Cost": 0.0, "Total Cost": 1.04, "Plan Rows": 1, "Plan Width": 4, "Filter": "((kind)::text = 'production companies'::text)"}]}]}]}]}]}]}]}]}, "Unique SQL Id": 1162488282, "Planner Runtime": 19}, "explain_analyze_plan": {"Plan": {"Node Type": "Aggregate", "Strategy": "Plain", "Startup Cost": 156456.49, "Total Cost": 156456.52, "Plan Rows": 1, "Plan Width": 113, "Actual Min Startup Time": 291.737, "Actual Max Startup Time": 291.737, "Actual Min Total Time": 291.737, "Actual Max Total Time": 291.737, "Plans": [{"Node Type": "Streaming(type: LOCAL GATHER dop: 1/16)", "Parent Relationship": "Outer", "Startup Cost": 156456.49, "Total Cost": 156456.52, "Plan Rows": 1, "Plan Width": 113, "Actual Min Startup Time": 288.745, "Actual Max Startup Time": 288.745, "Actual Min Total Time": 291.714, "Actual Max Total Time": 291.714, "Plans": [{"Node Type": "Aggregate", "Strategy": "Plain", "Parent Relationship": "Outer", "Startup Cost": 156456.49, "Total Cost": 156456.5, "Plan Rows": 1, "Plan Width": 113, "Actual Min Startup Time": 87.212, "Actual Max Startup Time": 173.643, "Actual Min Total Time": 87.212, "Actual Max Total Time": 173.643, "Plans": [{"Node Type": "Hash Join", "Parent Relationship": "Outer", "Join Type": "Inner", "Startup Cost": 70374.89, "Total Cost": 153100.47, "Plan Rows": 447470, "Plan Width": 45, "Actual Min Startup Time": 87.206, "Actual Max Startup Time": 173.637, "Actual Min Total Time": 87.206, "Actual Max Total Time": 173.637, "Inner Unique": false, "Hash Cond": "(t.id = mc.movie_id), (LLVM Optimized)", "Plans": [{"Node Type": "Streaming(type: BROADCAST dop: 16/16)", "Parent Relationship": "Outer", "Startup Cost": 35109.08, "Total Cost": 113469.42, "Plan Rows": 6342464, "Plan Width": 29, "Actual Min Startup Time": 0.041, "Actual Max Startup Time": 32.958, "Actual Min Total Time": 0.045, "Actual Max Total Time": 89.021, "Plans": [{"Node Type": "Hash Join", "Parent Relationship": "Outer", "Join Type": "Inner", "Startup Cost": 35109.08, "Total Cost": 82365.51, "Plan Rows": 396404, "Plan Width": 29, "Actual Min Startup Time": 81.077, "Actual Max Startup Time": 116.668, "Actual Min Total Time": 82.306, "Actual Max Total Time": 116.668, "Inner Unique": true, "Hash Cond": "(mi_idx.movie_id = t.id), (LLVM Optimized)", "Plans": [{"Node Type": "Streaming(type: BROADCAST dop: 16/16)", "Parent Relationship": "Outer", "Startup Cost": 15002.76, "Total Cost": 60717.65, "Plan Rows": 5520128, "Plan Width": 4, "Actual Min Startup Time": 0.033, "Actual Max Startup Time": 0.065, "Actual Min Total Time": 0.037, "Actual Max Total Time": 35.246, "Plans": [{"Node Type": "Hash Join", "Parent Relationship": "Outer", "Join Type": "Inner", "Startup Cost": 15002.76, "Total Cost": 31701.7, "Plan Rows": 345008, "Plan Width": 4, "Actual Min Startup Time": 33.102, "Actual Max Startup Time": 40.897, "Actual Min Total Time": 33.102, "Actual Max Total Time": 40.903, "Inner Unique": true, "Hash Cond": "(mi_idx.info_type_id = it.id), (LLVM Optimized)", "Plans": [{"Node Type": "Seq Scan", "Parent Relationship": "Outer", "Relation Name": "movie_info_idx", "Alias": "mi_idx", "Startup Cost": 0.0, "Total Cost": 16267.15, "Plan Rows": 1380034, "Plan Width": 8, "Actual Min Startup Time": 0.035, "Actual Max Startup Time": 0.075, "Actual Min Total Time": 18.863, "Actual Max Total Time": 23.828, "Actual Rows": 1380034}, {"Node Type": "Hash", "Parent Relationship": "Inner", "Startup Cost": 15002.75, "Total Cost": 15002.75, "Plan Rows": 16, "Plan Width": 4, "Actual Min Startup Time": 0.016, "Actual Max Startup Time": 0.026, "Actual Min Total Time": 0.016, "Actual Max Total Time": 0.026, "Max Hash Buckets": 32768, "Min Hash Buckets": 32768, "Max Hash Batches": 1, "Min Hash Batches": 1, "Max Original Hash Batches": 1, "Min Original Hash Batches": 1, "Max Peak Memory Usage": 1, "min Peak Memory Usage": 1, "Plans": [{"Node Type": "Streaming(type: BROADCAST dop: 16/1)", "Parent Relationship": "Outer", "Startup Cost": 0.0, "Total Cost": 15002.75, "Plan Rows": 16, "Plan Width": 4, "Actual Min Startup Time": 0.004, "Actual Max Startup Time": 0.009, "Actual Min Total Time": 0.004, "Actual Max Total Time": 0.01, "Plans": [{"Node Type": "Seq Scan", "Parent Relationship": "Outer", "Relation Name": "info_type", "Alias": "it", "Startup Cost": 0.0, "Total Cost": 2.4, "Plan Rows": 1, "Plan Width": 4, "Actual Min Startup Time": 0.058, "Actual Max Startup Time": 0.058, "Actual Min Total Time": 0.06, "Actual Max Total Time": 0.06, "Filter": "((info)::text = 'bottom 10 rank'::text)", "Rows Removed by Filter": 111, "Actual Rows": 1}], "Actual Rows": 16}], "Actual Rows": 16}], "Actual Rows": 10}], "Actual Rows": 160}, {"Node Type": "Hash", "Parent Relationship": "Inner", "Startup Cost": 19544.42, "Total Cost": 19544.42, "Plan Rows": 719240, "Plan Width": 25, "Actual Min Startup Time": 77.538, "Actual Max Startup Time": 90.505, "Actual Min Total Time": 77.538, "Actual Max Total Time": 90.505, "Max Hash Buckets": 65536, "Min Hash Buckets": 65536, "Max Hash Batches": 1, "Min Hash Batches": 1, "Max Original Hash Batches": 1, "Min Original Hash Batches": 1, "Max Peak Memory Usage": 2621, "min Peak Memory Usage": 2621, "Plans": [{"Node Type": "Seq Scan", "Parent Relationship": "Outer", "Relation Name": "title", "Alias": "t", "Startup Cost": 554.15, "Total Cost": 19544.42, "Plan Rows": 719240, "Plan Width": 25, "Actual Min Startup Time": 0.027, "Actual Max Startup Time": 0.048, "Actual Min Total Time": 63.976, "Actual Max Total Time": 73.192, "Filter": "((production_year >= 2005) AND (production_year <= 2010)), (LLVM Optimized)", "Rows Removed by Filter": 1812052, "Actual Rows": 716259}], "Actual Rows": 716259}], "Actual Rows": 4}], "Actual Rows": 64}, {"Node Type": "Hash", "Parent Relationship": "Inner", "Startup Cost": 34246.65, "Total Cost": 34246.65, "Plan Rows": 1304518, "Plan Width": 28, "Actual Min Startup Time": 77.142, "Actual Max Startup Time": 90.181, "Actual Min Total Time": 77.142, "Actual Max Total Time": 90.181, "Max Hash Buckets": 131072, "Min Hash Buckets": 131072, "Max Hash Batches": 1, "Min Hash Batches": 1, "Max Original Hash Batches": 1, "Min Original Hash Batches": 1, "Max Peak Memory Usage": 488, "min Peak Memory Usage": 488, "Plans": [{"Node Type": "Hash Join", "Parent Relationship": "Outer", "Join Type": "Inner", "Startup Cost": 15001.4, "Total Cost": 34246.65, "Plan Rows": 1304518, "Plan Width": 28, "Actual Min Startup Time": 49.679, "Actual Max Startup Time": 57.435, "Actual Min Total Time": 74.466, "Actual Max Total Time": 85.667, "Inner Unique": true, "Hash Cond": "(mc.company_type_id = ct.id), (LLVM Optimized)", "Plans": [{"Node Type": "Seq Scan", "Parent Relationship": "Outer", "Relation Name": "movie_companies", "Alias": "mc", "Startup Cost": 0.0, "Total Cost": 18021.26, "Plan Rows": 2609035, "Plan Width": 32, "Actual Min Startup Time": 0.038, "Actual Max Startup Time": 0.078, "Actual Min Total Time": 58.43, "Actual Max Total Time": 67.703, "Filter": "((note)::text !~~ '%(as Metro-Goldwyn-Mayer Pictures)%'::text), (LLVM Optimized)", "Rows Removed by Filter": 1272041, "Actual Rows": 1337087}, {"Node Type": "Hash", "Parent Relationship": "Inner", "Startup Cost": 15001.38, "Total Cost": 15001.38, "Plan Rows": 16, "Plan Width": 4, "Actual Min Startup Time": 0.016, "Actual Max Startup Time": 0.038, "Actual Min Total Time": 0.016, "Actual Max Total Time": 0.038, "Max Hash Buckets": 32768, "Min Hash Buckets": 32768, "Max Hash Batches": 1, "Min Hash Batches": 1, "Max Original Hash Batches": 1, "Min Original Hash Batches": 1, "Max Peak Memory Usage": 1, "min Peak Memory Usage": 1, "Plans": [{"Node Type": "Streaming(type: BROADCAST dop: 16/1)", "Parent Relationship": "Outer", "Startup Cost": 0.0, "Total Cost": 15001.38, "Plan Rows": 16, "Plan Width": 4, "Actual Min Startup Time": 0.005, "Actual Max Startup Time": 0.02, "Actual Min Total Time": 0.005, "Actual Max Total Time": 0.021, "Plans": [{"Node Type": "Seq Scan", "Parent Relationship": "Outer", "Relation Name": "company_type", "Alias": "ct", "Startup Cost": 0.0, "Total Cost": 1.04, "Plan Rows": 1, "Plan Width": 4, "Actual Min Startup Time": 0.025, "Actual Max Startup Time": 0.025, "Actual Min Total Time": 0.028, "Actual Max Total Time": 0.028, "Filter": "((kind)::text = 'production companies'::text)", "Rows Removed by Filter": 2, "Actual Rows": 1}], "Actual Rows": 16}], "Actual Rows": 16}], "Actual Rows": 140904}], "Actual Rows": 140904}], "Actual Rows": 3}], "Actual Rows": 16}], "Actual Rows": 16}], "Actual Rows": 1}, "Triggers": [], "Planner Runtime": 22.586, "Total Runtime": 315.381, "Unique SQL Id": 1162488282}}, "(16, '109')": {"explain_plan": {"Plan": {"Node Type": "Aggregate", "Strategy": "Plain", "Startup Cost": 250800.12, "Total Cost": 250800.14, "Plan Rows": 1, "Plan Width": 113, "Plans": [{"Node Type": "Streaming(type: LOCAL GATHER dop: 1/16)", "Parent Relationship": "Outer", "Startup Cost": 250800.12, "Total Cost": 250800.14, "Plan Rows": 1, "Plan Width": 113, "Plans": [{"Node Type": "Aggregate", "Strategy": "Plain", "Parent Relationship": "Outer", "Startup Cost": 250800.12, "Total Cost": 250800.13, "Plan Rows": 1, "Plan Width": 113, "Plans": [{"Node Type": "Hash Join", "Parent Relationship": "Outer", "Join Type": "Inner", "Startup Cost": 171025.57, "Total Cost": 247444.09, "Plan Rows": 447470, "Plan Width": 45, "Inner Unique": true, "Hash Cond": "(mc.company_type_id = ct.id), (LLVM Optimized)", "Plans": [{"Node Type": "Hash Join", "Parent Relationship": "Outer", "Join Type": "Inner", "Startup Cost": 156012.91, "Total Cost": 232152.09, "Plan Rows": 549199, "Plan Width": 49, "Inner Unique": false, "Hash Cond": "(t.id = mc.movie_id), (LLVM Optimized)", "Plans": [{"Node Type": "Streaming(type: LOCAL REDISTRIBUTE dop: 16/1)", "Parent Relationship": "Outer", "Startup Cost": 126720.83, "Total Cost": 201800.13, "Plan Rows": 396404, "Plan Width": 29, "Plans": [{"Node Type": "Hash Join", "Parent Relationship": "Outer", "Join Type": "Inner", "Startup Cost": 126720.83, "Total Cost": 170316.85, "Plan Rows": 396404, "Plan Width": 29, "Inner Unique": true, "Hash Cond": "(mi_idx.movie_id = t.id), (LLVM Optimized)", "Plans": [{"Node Type": "Nested Loop", "Parent Relationship": "Outer", "Join Type": "Inner", "Startup Cost": 0.0, "Total Cost": 38338.2, "Plan Rows": 345008, "Plan Width": 4, "Inner Unique": false, "Plans": [{"Node Type": "Index Scan", "Parent Relationship": "Outer", "Scan Direction": "Forward", "Index Name": "info_type_pkey", "Relation Name": "info_type", "Alias": "it", "Startup Cost": 0.0, "Total Cost": 14.21, "Plan Rows": 1, "Plan Width": 4, "Filter": "((info)::text = 'bottom 10 rank'::text)"}, {"Node Type": "Index Scan", "Parent Relationship": "Inner", "Scan Direction": "Forward", "Index Name": "info_type_id_movie_info_idx", "Relation Name": "movie_info_idx", "Alias": "mi_idx", "Startup Cost": 0.0, "Total Cost": 34873.91, "Plan Rows": 345008, "Plan Width": 8, "Index Cond": "(info_type_id = it.id), (LLVM Optimized)"}]}, {"Node Type": "Hash", "Parent Relationship": "Inner", "Startup Cost": 117730.33, "Total Cost": 117730.33, "Plan Rows": 719240, "Plan Width": 25, "Plans": [{"Node Type": "Streaming(type: LOCAL GATHER dop: 1/16)", "Parent Relationship": "Outer", "Startup Cost": 0.0, "Total Cost": 117730.33, "Plan Rows": 719240, "Plan Width": 25, "Plans": [{"Node Type": "Index Scan", "Parent Relationship": "Outer", "Scan Direction": "Forward", "Index Name": "title_pkey", "Relation Name": "title", "Alias": "t", "Startup Cost": 0.0, "Total Cost": 102207.67, "Plan Rows": 719240, "Plan Width": 25, "Filter": "((production_year >= 2005) AND (production_year <= 2010)), (LLVM Optimized)"}]}]}]}]}, {"Node Type": "Hash", "Parent Relationship": "Inner", "Startup Cost": 109015.07, "Total Cost": 109015.07, "Plan Rows": 2609035, "Plan Width": 32, "Plans": [{"Node Type": "Streaming(type: LOCAL REDISTRIBUTE dop: 16/16)", "Parent Relationship": "Outer", "Startup Cost": 0.0, "Total Cost": 109015.07, "Plan Rows": 2609035, "Plan Width": 32, "Plans": [{"Node Type": "Index Scan", "Parent Relationship": "Outer", "Scan Direction": "Forward", "Index Name": "company_type_id_movie_companies", "Relation Name": "movie_companies", "Alias": "mc", "Startup Cost": 0.0, "Total Cost": 84129.27, "Plan Rows": 2609035, "Plan Width": 32, "Filter": "((note)::text !~~ '%(as Metro-Goldwyn-Mayer Pictures)%'::text), (LLVM Optimized)"}]}]}]}, {"Node Type": "Hash", "Parent Relationship": "Inner", "Startup Cost": 15012.65, "Total Cost": 15012.65, "Plan Rows": 16, "Plan Width": 4, "Plans": [{"Node Type": "Streaming(type: BROADCAST dop: 16/1)", "Parent Relationship": "Outer", "Startup Cost": 0.0, "Total Cost": 15012.65, "Plan Rows": 16, "Plan Width": 4, "Plans": [{"Node Type": "Index Scan", "Parent Relationship": "Outer", "Scan Direction": "Forward", "Index Name": "company_type_pkey", "Relation Name": "company_type", "Alias": "ct", "Startup Cost": 0.0, "Total Cost": 12.3, "Plan Rows": 1, "Plan Width": 4, "Filter": "((kind)::text = 'production companies'::text)"}]}]}]}]}]}]}, "Unique SQL Id": 1162488282, "Planner Runtime": 15}, "explain_analyze_plan": {"Plan": {"Node Type": "Aggregate", "Strategy": "Plain", "Startup Cost": 250800.12, "Total Cost": 250800.14, "Plan Rows": 1, "Plan Width": 113, "Actual Min Startup Time": 838.089, "Actual Max Startup Time": 838.089, "Actual Min Total Time": 838.089, "Actual Max Total Time": 838.089, "Plans": [{"Node Type": "Streaming(type: LOCAL GATHER dop: 1/16)", "Parent Relationship": "Outer", "Startup Cost": 250800.12, "Total Cost": 250800.14, "Plan Rows": 1, "Plan Width": 113, "Actual Min Startup Time": 837.918, "Actual Max Startup Time": 837.918, "Actual Min Total Time": 838.073, "Actual Max Total Time": 838.073, "Plans": [{"Node Type": "Aggregate", "Strategy": "Plain", "Parent Relationship": "Outer", "Startup Cost": 250800.12, "Total Cost": 250800.13, "Plan Rows": 1, "Plan Width": 113, "Actual Min Startup Time": 673.082, "Actual Max Startup Time": 706.13, "Actual Min Total Time": 673.082, "Actual Max Total Time": 706.13, "Plans": [{"Node Type": "Hash Join", "Parent Relationship": "Outer", "Join Type": "Inner", "Startup Cost": 171025.57, "Total Cost": 247444.09, "Plan Rows": 447470, "Plan Width": 45, "Actual Min Startup Time": 673.077, "Actual Max Startup Time": 706.123, "Actual Min Total Time": 673.077, "Actual Max Total Time": 706.123, "Inner Unique": true, "Hash Cond": "(mc.company_type_id = ct.id), (LLVM Optimized, Jit Execute)", "Plans": [{"Node Type": "Hash Join", "Parent Relationship": "Outer", "Join Type": "Inner", "Startup Cost": 156012.91, "Total Cost": 232152.09, "Plan Rows": 549199, "Plan Width": 49, "Actual Min Startup Time": 672.437, "Actual Max Startup Time": 705.46, "Actual Min Total Time": 672.437, "Actual Max Total Time": 705.46, "Inner Unique": false, "Hash Cond": "(t.id = mc.movie_id), (LLVM Optimized, Jit Execute)", "Plans": [{"Node Type": "Streaming(type: LOCAL REDISTRIBUTE dop: 16/1)", "Parent Relationship": "Outer", "Startup Cost": 126720.83, "Total Cost": 201800.13, "Plan Rows": 396404, "Plan Width": 29, "Actual Min Startup Time": 368.837, "Actual Max Startup Time": 368.893, "Actual Min Total Time": 368.837, "Actual Max Total Time": 368.894, "Plans": [{"Node Type": "Hash Join", "Parent Relationship": "Outer", "Join Type": "Inner", "Startup Cost": 126720.83, "Total Cost": 170316.85, "Plan Rows": 396404, "Plan Width": 29, "Actual Min Startup Time": 670.503, "Actual Max Startup Time": 670.503, "Actual Min Total Time": 670.511, "Actual Max Total Time": 670.511, "Inner Unique": true, "Hash Cond": "(mi_idx.movie_id = t.id), (LLVM Optimized, Jit Execute)", "Plans": [{"Node Type": "Nested Loop", "Parent Relationship": "Outer", "Join Type": "Inner", "Startup Cost": 0.0, "Total Cost": 38338.2, "Plan Rows": 345008, "Plan Width": 4, "Actual Min Startup Time": 0.162, "Actual Max Startup Time": 0.162, "Actual Min Total Time": 0.171, "Actual Max Total Time": 0.171, "Inner Unique": false, "Plans": [{"Node Type": "Index Scan", "Parent Relationship": "Outer", "Scan Direction": "Forward", "Index Name": "info_type_pkey", "Relation Name": "info_type", "Alias": "it", "Startup Cost": 0.0, "Total Cost": 14.21, "Plan Rows": 1, "Plan Width": 4, "Actual Min Startup Time": 0.123, "Actual Max Startup Time": 0.123, "Actual Min Total Time": 0.124, "Actual Max Total Time": 0.124, "Filter": "((info)::text = 'bottom 10 rank'::text)", "Rows Removed by Filter": 111, "Actual Rows": 1}, {"Node Type": "Index Scan", "Parent Relationship": "Inner", "Scan Direction": "Forward", "Index Name": "info_type_id_movie_info_idx", "Relation Name": "movie_info_idx", "Alias": "mi_idx", "Startup Cost": 0.0, "Total Cost": 34873.91, "Plan Rows": 345008, "Plan Width": 8, "Actual Min Startup Time": 0.029, "Actual Max Startup Time": 0.029, "Actual Min Total Time": 0.034, "Actual Max Total Time": 0.034, "Index Cond": "(info_type_id = it.id), (LLVM Optimized, Jit Execute)", "Rows Removed by Index Recheck": 0, "Actual Rows": 10}], "Actual Rows": 10}, {"Node Type": "Hash", "Parent Relationship": "Inner", "Startup Cost": 117730.33, "Total Cost": 117730.33, "Plan Rows": 719240, "Plan Width": 25, "Actual Min Startup Time": 669.067, "Actual Max Startup Time": 669.067, "Actual Min Total Time": 669.067, "Actual Max Total Time": 669.067, "Max Hash Buckets": 1048576, "Min Hash Buckets": 1048576, "Max Hash Batches": 1, "Min Hash Batches": 1, "Max Original Hash Batches": 1, "Min Original Hash Batches": 1, "Max Peak Memory Usage": 41052, "min Peak Memory Usage": 41052, "Plans": [{"Node Type": "Streaming(type: LOCAL GATHER dop: 1/16)", "Parent Relationship": "Outer", "Startup Cost": 0.0, "Total Cost": 117730.33, "Plan Rows": 719240, "Plan Width": 25, "Actual Min Startup Time": 0.121, "Actual Max Startup Time": 0.121, "Actual Min Total Time": 467.948, "Actual Max Total Time": 467.948, "Plans": [{"Node Type": "Index Scan", "Parent Relationship": "Outer", "Scan Direction": "Forward", "Index Name": "title_pkey", "Relation Name": "title", "Alias": "t", "Startup Cost": 0.0, "Total Cost": 102207.67, "Plan Rows": 719240, "Plan Width": 25, "Actual Min Startup Time": 0.038, "Actual Max Startup Time": 57.842, "Actual Min Total Time": 231.238, "Actual Max Total Time": 314.201, "Filter": "((production_year >= 2005) AND (production_year <= 2010)), (LLVM Optimized, Jit Execute)", "Rows Removed by Filter": 1812052, "Actual Rows": 716259}], "Actual Rows": 716259}], "Actual Rows": 716259}], "Actual Rows": 4}], "Actual Rows": 4}, {"Node Type": "Hash", "Parent Relationship": "Inner", "Startup Cost": 109015.07, "Total Cost": 109015.07, "Plan Rows": 2609035, "Plan Width": 32, "Actual Min Startup Time": 303.368, "Actual Max Startup Time": 336.411, "Actual Min Total Time": 303.368, "Actual Max Total Time": 336.411, "Max Hash Buckets": 262144, "Min Hash Buckets": 262144, "Max Hash Batches": 1, "Min Hash Batches": 1, "Max Original Hash Batches": 1, "Min Original Hash Batches": 1, "Max Peak Memory Usage": 5435, "min Peak Memory Usage": 5435, "Plans": [{"Node Type": "Streaming(type: LOCAL REDISTRIBUTE dop: 16/16)", "Parent Relationship": "Outer", "Startup Cost": 0.0, "Total Cost": 109015.07, "Plan Rows": 2609035, "Plan Width": 32, "Actual Min Startup Time": 14.747, "Actual Max Startup Time": 48.168, "Actual Min Total Time": 279.186, "Actual Max Total Time": 312.264, "Plans": [{"Node Type": "Index Scan", "Parent Relationship": "Outer", "Scan Direction": "Forward", "Index Name": "company_type_id_movie_companies", "Relation Name": "movie_companies", "Alias": "mc", "Startup Cost": 0.0, "Total Cost": 84129.27, "Plan Rows": 2609035, "Plan Width": 32, "Actual Min Startup Time": 15.167, "Actual Max Startup Time": 118.139, "Actual Min Total Time": 93.097, "Actual Max Total Time": 262.114, "Filter": "((note)::text !~~ '%(as Metro-Goldwyn-Mayer Pictures)%'::text), (LLVM Optimized, Jit Execute)", "Rows Removed by Filter": 1272041, "Actual Rows": 1337087}], "Actual Rows": 1337087}], "Actual Rows": 1337087}], "Actual Rows": 66}, {"Node Type": "Hash", "Parent Relationship": "Inner", "Startup Cost": 15012.65, "Total Cost": 15012.65, "Plan Rows": 16, "Plan Width": 4, "Actual Min Startup Time": 0.007, "Actual Max Startup Time": 0.024, "Actual Min Total Time": 0.007, "Actual Max Total Time": 0.024, "Max Hash Buckets": 32768, "Min Hash Buckets": 32768, "Max Hash Batches": 1, "Min Hash Batches": 1, "Max Original Hash Batches": 1, "Min Original Hash Batches": 1, "Max Peak Memory Usage": 1, "min Peak Memory Usage": 1, "Plans": [{"Node Type": "Streaming(type: BROADCAST dop: 16/1)", "Parent Relationship": "Outer", "Startup Cost": 0.0, "Total Cost": 15012.65, "Plan Rows": 16, "Plan Width": 4, "Actual Min Startup Time": 0.003, "Actual Max Startup Time": 0.009, "Actual Min Total Time": 0.003, "Actual Max Total Time": 0.01, "Plans": [{"Node Type": "Index Scan", "Parent Relationship": "Outer", "Scan Direction": "Forward", "Index Name": "company_type_pkey", "Relation Name": "company_type", "Alias": "ct", "Startup Cost": 0.0, "Total Cost": 12.3, "Plan Rows": 1, "Plan Width": 4, "Actual Min Startup Time": 0.048, "Actual Max Startup Time": 0.048, "Actual Min Total Time": 0.052, "Actual Max Total Time": 0.052, "Filter": "((kind)::text = 'production companies'::text)", "Rows Removed by Filter": 2, "Actual Rows": 1}], "Actual Rows": 16}], "Actual Rows": 16}], "Actual Rows": 3}], "Actual Rows": 16}], "Actual Rows": 16}], "Actual Rows": 1}, "Triggers": [], "Planner Runtime": 18.905, "Total Runtime": 857.762, "Unique SQL Id": 1162488282}}, "(16, '110')": {"explain_plan": {"Plan": {"Node Type": "Aggregate", "Strategy": "Plain", "Startup Cost": 156456.49, "Total Cost": 156456.52, "Plan Rows": 1, "Plan Width": 113, "Plans": [{"Node Type": "Streaming(type: LOCAL GATHER dop: 1/16)", "Parent Relationship": "Outer", "Startup Cost": 156456.49, "Total Cost": 156456.52, "Plan Rows": 1, "Plan Width": 113, "Plans": [{"Node Type": "Aggregate", "Strategy": "Plain", "Parent Relationship": "Outer", "Startup Cost": 156456.49, "Total Cost": 156456.5, "Plan Rows": 1, "Plan Width": 113, "Plans": [{"Node Type": "Hash Join", "Parent Relationship": "Outer", "Join Type": "Inner", "Startup Cost": 70374.89, "Total Cost": 153100.47, "Plan Rows": 447470, "Plan Width": 45, "Inner Unique": false, "Hash Cond": "(t.id = mc.movie_id), (LLVM Optimized)", "Plans": [{"Node Type": "Streaming(type: BROADCAST dop: 16/16)", "Parent Relationship": "Outer", "Startup Cost": 35109.08, "Total Cost": 113469.42, "Plan Rows": 6342464, "Plan Width": 29, "Plans": [{"Node Type": "Hash Join", "Parent Relationship": "Outer", "Join Type": "Inner", "Startup Cost": 35109.08, "Total Cost": 82365.51, "Plan Rows": 396404, "Plan Width": 29, "Inner Unique": true, "Hash Cond": "(mi_idx.movie_id = t.id), (LLVM Optimized)", "Plans": [{"Node Type": "Streaming(type: BROADCAST dop: 16/16)", "Parent Relationship": "Outer", "Startup Cost": 15002.76, "Total Cost": 60717.65, "Plan Rows": 5520128, "Plan Width": 4, "Plans": [{"Node Type": "Hash Join", "Parent Relationship": "Outer", "Join Type": "Inner", "Startup Cost": 15002.76, "Total Cost": 31701.7, "Plan Rows": 345008, "Plan Width": 4, "Inner Unique": true, "Hash Cond": "(mi_idx.info_type_id = it.id), (LLVM Optimized)", "Plans": [{"Node Type": "Seq Scan", "Parent Relationship": "Outer", "Relation Name": "movie_info_idx", "Alias": "mi_idx", "Startup Cost": 0.0, "Total Cost": 16267.15, "Plan Rows": 1380034, "Plan Width": 8}, {"Node Type": "Hash", "Parent Relationship": "Inner", "Startup Cost": 15002.75, "Total Cost": 15002.75, "Plan Rows": 16, "Plan Width": 4, "Plans": [{"Node Type": "Streaming(type: BROADCAST dop: 16/1)", "Parent Relationship": "Outer", "Startup Cost": 0.0, "Total Cost": 15002.75, "Plan Rows": 16, "Plan Width": 4, "Plans": [{"Node Type": "Seq Scan", "Parent Relationship": "Outer", "Relation Name": "info_type", "Alias": "it", "Startup Cost": 0.0, "Total Cost": 2.4, "Plan Rows": 1, "Plan Width": 4, "Filter": "((info)::text = 'bottom 10 rank'::text)"}]}]}]}]}, {"Node Type": "Hash", "Parent Relationship": "Inner", "Startup Cost": 19544.42, "Total Cost": 19544.42, "Plan Rows": 719240, "Plan Width": 25, "Plans": [{"Node Type": "Seq Scan", "Parent Relationship": "Outer", "Relation Name": "title", "Alias": "t", "Startup Cost": 554.15, "Total Cost": 19544.42, "Plan Rows": 719240, "Plan Width": 25, "Filter": "((production_year >= 2005) AND (production_year <= 2010)), (LLVM Optimized)"}]}]}]}, {"Node Type": "Hash", "Parent Relationship": "Inner", "Startup Cost": 34246.65, "Total Cost": 34246.65, "Plan Rows": 1304518, "Plan Width": 28, "Plans": [{"Node Type": "Hash Join", "Parent Relationship": "Outer", "Join Type": "Inner", "Startup Cost": 15001.4, "Total Cost": 34246.65, "Plan Rows": 1304518, "Plan Width": 28, "Inner Unique": true, "Hash Cond": "(mc.company_type_id = ct.id), (LLVM Optimized)", "Plans": [{"Node Type": "Seq Scan", "Parent Relationship": "Outer", "Relation Name": "movie_companies", "Alias": "mc", "Startup Cost": 0.0, "Total Cost": 18021.26, "Plan Rows": 2609035, "Plan Width": 32, "Filter": "((note)::text !~~ '%(as Metro-Goldwyn-Mayer Pictures)%'::text), (LLVM Optimized)"}, {"Node Type": "Hash", "Parent Relationship": "Inner", "Startup Cost": 15001.38, "Total Cost": 15001.38, "Plan Rows": 16, "Plan Width": 4, "Plans": [{"Node Type": "Streaming(type: BROADCAST dop: 16/1)", "Parent Relationship": "Outer", "Startup Cost": 0.0, "Total Cost": 15001.38, "Plan Rows": 16, "Plan Width": 4, "Plans": [{"Node Type": "Seq Scan", "Parent Relationship": "Outer", "Relation Name": "company_type", "Alias": "ct", "Startup Cost": 0.0, "Total Cost": 1.04, "Plan Rows": 1, "Plan Width": 4, "Filter": "((kind)::text = 'production companies'::text)"}]}]}]}]}]}]}]}]}, "Unique SQL Id": 1162488282, "Planner Runtime": 24}, "explain_analyze_plan": {"Plan": {"Node Type": "Aggregate", "Strategy": "Plain", "Startup Cost": 156456.49, "Total Cost": 156456.52, "Plan Rows": 1, "Plan Width": 113, "Actual Min Startup Time": 291.737, "Actual Max Startup Time": 291.737, "Actual Min Total Time": 291.737, "Actual Max Total Time": 291.737, "Plans": [{"Node Type": "Streaming(type: LOCAL GATHER dop: 1/16)", "Parent Relationship": "Outer", "Startup Cost": 156456.49, "Total Cost": 156456.52, "Plan Rows": 1, "Plan Width": 113, "Actual Min Startup Time": 288.745, "Actual Max Startup Time": 288.745, "Actual Min Total Time": 291.714, "Actual Max Total Time": 291.714, "Plans": [{"Node Type": "Aggregate", "Strategy": "Plain", "Parent Relationship": "Outer", "Startup Cost": 156456.49, "Total Cost": 156456.5, "Plan Rows": 1, "Plan Width": 113, "Actual Min Startup Time": 87.212, "Actual Max Startup Time": 173.643, "Actual Min Total Time": 87.212, "Actual Max Total Time": 173.643, "Plans": [{"Node Type": "Hash Join", "Parent Relationship": "Outer", "Join Type": "Inner", "Startup Cost": 70374.89, "Total Cost": 153100.47, "Plan Rows": 447470, "Plan Width": 45, "Actual Min Startup Time": 87.206, "Actual Max Startup Time": 173.637, "Actual Min Total Time": 87.206, "Actual Max Total Time": 173.637, "Inner Unique": false, "Hash Cond": "(t.id = mc.movie_id), (LLVM Optimized)", "Plans": [{"Node Type": "Streaming(type: BROADCAST dop: 16/16)", "Parent Relationship": "Outer", "Startup Cost": 35109.08, "Total Cost": 113469.42, "Plan Rows": 6342464, "Plan Width": 29, "Actual Min Startup Time": 0.041, "Actual Max Startup Time": 32.958, "Actual Min Total Time": 0.045, "Actual Max Total Time": 89.021, "Plans": [{"Node Type": "Hash Join", "Parent Relationship": "Outer", "Join Type": "Inner", "Startup Cost": 35109.08, "Total Cost": 82365.51, "Plan Rows": 396404, "Plan Width": 29, "Actual Min Startup Time": 81.077, "Actual Max Startup Time": 116.668, "Actual Min Total Time": 82.306, "Actual Max Total Time": 116.668, "Inner Unique": true, "Hash Cond": "(mi_idx.movie_id = t.id), (LLVM Optimized)", "Plans": [{"Node Type": "Streaming(type: BROADCAST dop: 16/16)", "Parent Relationship": "Outer", "Startup Cost": 15002.76, "Total Cost": 60717.65, "Plan Rows": 5520128, "Plan Width": 4, "Actual Min Startup Time": 0.033, "Actual Max Startup Time": 0.065, "Actual Min Total Time": 0.037, "Actual Max Total Time": 35.246, "Plans": [{"Node Type": "Hash Join", "Parent Relationship": "Outer", "Join Type": "Inner", "Startup Cost": 15002.76, "Total Cost": 31701.7, "Plan Rows": 345008, "Plan Width": 4, "Actual Min Startup Time": 33.102, "Actual Max Startup Time": 40.897, "Actual Min Total Time": 33.102, "Actual Max Total Time": 40.903, "Inner Unique": true, "Hash Cond": "(mi_idx.info_type_id = it.id), (LLVM Optimized)", "Plans": [{"Node Type": "Seq Scan", "Parent Relationship": "Outer", "Relation Name": "movie_info_idx", "Alias": "mi_idx", "Startup Cost": 0.0, "Total Cost": 16267.15, "Plan Rows": 1380034, "Plan Width": 8, "Actual Min Startup Time": 0.035, "Actual Max Startup Time": 0.075, "Actual Min Total Time": 18.863, "Actual Max Total Time": 23.828, "Actual Rows": 1380034}, {"Node Type": "Hash", "Parent Relationship": "Inner", "Startup Cost": 15002.75, "Total Cost": 15002.75, "Plan Rows": 16, "Plan Width": 4, "Actual Min Startup Time": 0.016, "Actual Max Startup Time": 0.026, "Actual Min Total Time": 0.016, "Actual Max Total Time": 0.026, "Max Hash Buckets": 32768, "Min Hash Buckets": 32768, "Max Hash Batches": 1, "Min Hash Batches": 1, "Max Original Hash Batches": 1, "Min Original Hash Batches": 1, "Max Peak Memory Usage": 1, "min Peak Memory Usage": 1, "Plans": [{"Node Type": "Streaming(type: BROADCAST dop: 16/1)", "Parent Relationship": "Outer", "Startup Cost": 0.0, "Total Cost": 15002.75, "Plan Rows": 16, "Plan Width": 4, "Actual Min Startup Time": 0.004, "Actual Max Startup Time": 0.009, "Actual Min Total Time": 0.004, "Actual Max Total Time": 0.01, "Plans": [{"Node Type": "Seq Scan", "Parent Relationship": "Outer", "Relation Name": "info_type", "Alias": "it", "Startup Cost": 0.0, "Total Cost": 2.4, "Plan Rows": 1, "Plan Width": 4, "Actual Min Startup Time": 0.058, "Actual Max Startup Time": 0.058, "Actual Min Total Time": 0.06, "Actual Max Total Time": 0.06, "Filter": "((info)::text = 'bottom 10 rank'::text)", "Rows Removed by Filter": 111, "Actual Rows": 1}], "Actual Rows": 16}], "Actual Rows": 16}], "Actual Rows": 10}], "Actual Rows": 160}, {"Node Type": "Hash", "Parent Relationship": "Inner", "Startup Cost": 19544.42, "Total Cost": 19544.42, "Plan Rows": 719240, "Plan Width": 25, "Actual Min Startup Time": 77.538, "Actual Max Startup Time": 90.505, "Actual Min Total Time": 77.538, "Actual Max Total Time": 90.505, "Max Hash Buckets": 65536, "Min Hash Buckets": 65536, "Max Hash Batches": 1, "Min Hash Batches": 1, "Max Original Hash Batches": 1, "Min Original Hash Batches": 1, "Max Peak Memory Usage": 2621, "min Peak Memory Usage": 2621, "Plans": [{"Node Type": "Seq Scan", "Parent Relationship": "Outer", "Relation Name": "title", "Alias": "t", "Startup Cost": 554.15, "Total Cost": 19544.42, "Plan Rows": 719240, "Plan Width": 25, "Actual Min Startup Time": 0.027, "Actual Max Startup Time": 0.048, "Actual Min Total Time": 63.976, "Actual Max Total Time": 73.192, "Filter": "((production_year >= 2005) AND (production_year <= 2010)), (LLVM Optimized)", "Rows Removed by Filter": 1812052, "Actual Rows": 716259}], "Actual Rows": 716259}], "Actual Rows": 4}], "Actual Rows": 64}, {"Node Type": "Hash", "Parent Relationship": "Inner", "Startup Cost": 34246.65, "Total Cost": 34246.65, "Plan Rows": 1304518, "Plan Width": 28, "Actual Min Startup Time": 77.142, "Actual Max Startup Time": 90.181, "Actual Min Total Time": 77.142, "Actual Max Total Time": 90.181, "Max Hash Buckets": 131072, "Min Hash Buckets": 131072, "Max Hash Batches": 1, "Min Hash Batches": 1, "Max Original Hash Batches": 1, "Min Original Hash Batches": 1, "Max Peak Memory Usage": 488, "min Peak Memory Usage": 488, "Plans": [{"Node Type": "Hash Join", "Parent Relationship": "Outer", "Join Type": "Inner", "Startup Cost": 15001.4, "Total Cost": 34246.65, "Plan Rows": 1304518, "Plan Width": 28, "Actual Min Startup Time": 49.679, "Actual Max Startup Time": 57.435, "Actual Min Total Time": 74.466, "Actual Max Total Time": 85.667, "Inner Unique": true, "Hash Cond": "(mc.company_type_id = ct.id), (LLVM Optimized)", "Plans": [{"Node Type": "Seq Scan", "Parent Relationship": "Outer", "Relation Name": "movie_companies", "Alias": "mc", "Startup Cost": 0.0, "Total Cost": 18021.26, "Plan Rows": 2609035, "Plan Width": 32, "Actual Min Startup Time": 0.038, "Actual Max Startup Time": 0.078, "Actual Min Total Time": 58.43, "Actual Max Total Time": 67.703, "Filter": "((note)::text !~~ '%(as Metro-Goldwyn-Mayer Pictures)%'::text), (LLVM Optimized)", "Rows Removed by Filter": 1272041, "Actual Rows": 1337087}, {"Node Type": "Hash", "Parent Relationship": "Inner", "Startup Cost": 15001.38, "Total Cost": 15001.38, "Plan Rows": 16, "Plan Width": 4, "Actual Min Startup Time": 0.016, "Actual Max Startup Time": 0.038, "Actual Min Total Time": 0.016, "Actual Max Total Time": 0.038, "Max Hash Buckets": 32768, "Min Hash Buckets": 32768, "Max Hash Batches": 1, "Min Hash Batches": 1, "Max Original Hash Batches": 1, "Min Original Hash Batches": 1, "Max Peak Memory Usage": 1, "min Peak Memory Usage": 1, "Plans": [{"Node Type": "Streaming(type: BROADCAST dop: 16/1)", "Parent Relationship": "Outer", "Startup Cost": 0.0, "Total Cost": 15001.38, "Plan Rows": 16, "Plan Width": 4, "Actual Min Startup Time": 0.005, "Actual Max Startup Time": 0.02, "Actual Min Total Time": 0.005, "Actual Max Total Time": 0.021, "Plans": [{"Node Type": "Seq Scan", "Parent Relationship": "Outer", "Relation Name": "company_type", "Alias": "ct", "Startup Cost": 0.0, "Total Cost": 1.04, "Plan Rows": 1, "Plan Width": 4, "Actual Min Startup Time": 0.025, "Actual Max Startup Time": 0.025, "Actual Min Total Time": 0.028, "Actual Max Total Time": 0.028, "Filter": "((kind)::text = 'production companies'::text)", "Rows Removed by Filter": 2, "Actual Rows": 1}], "Actual Rows": 16}], "Actual Rows": 16}], "Actual Rows": 140904}], "Actual Rows": 140904}], "Actual Rows": 3}], "Actual Rows": 16}], "Actual Rows": 16}], "Actual Rows": 1}, "Triggers": [], "Planner Runtime": 22.586, "Total Runtime": 315.381, "Unique SQL Id": 1162488282}}, "(16, '111')": {"explain_plan": {"Plan": {"Node Type": "Aggregate", "Strategy": "Plain", "Startup Cost": 5000024236430.26, "Total Cost": 5000024236430.27, "Plan Rows": 1, "Plan Width": 113, "Plans": [{"Node Type": "Hash Join", "Parent Relationship": "Outer", "Join Type": "Inner", "Startup Cost": 3020022297039.18, "Total Cost": 5000024233074.24, "Plan Rows": 447470, "Plan Width": 45, "Inner Unique": true, "Hash Cond": "(mc.movie_id = t.id), (LLVM Optimized)", "Plans": [{"Node Type": "Hash Join", "Parent Relationship": "Outer", "Join Type": "Inner", "Startup Cost": 2020010011844.26, "Total Cost": 4000011941525.2, "Plan Rows": 501180, "Plan Width": 32, "Inner Unique": true, "Hash Cond": "(mc.company_type_id = ct.id), (LLVM Optimized)", "Plans": [{"Node Type": "Hash Join", "Parent Relationship": "Outer", "Join Type": "Inner", "Startup Cost": 1020010010614.0, "Total Cost": 3000011933547.98, "Plan Rows": 829046, "Plan Width": 36, "Inner Unique": false, "Hash Cond": "(mi_idx.movie_id = mc.movie_id), (LLVM Optimized)", "Plans": [{"Node Type": "Nested Loop", "Parent Relationship": "Outer", "Join Type": "Inner", "Startup Cost": 20000007502.06, "Total Cost": 2000001833737.28, "Plan Rows": 345008, "Plan Width": 4, "Inner Unique": false, "Plans": [{"Node Type": "Index Scan", "Parent Relationship": "Outer", "Scan Direction": "Forward", "Index Name": "info_type_pkey", "Relation Name": "info_type", "Alias": "it", "Startup Cost": 10000000000.0, "Total Cost": 1000000001421.0, "Plan Rows": 1, "Plan Width": 4, "Filter": "((info)::text = 'bottom 10 rank'::text)"}, {"Node Type": "Bitmap Heap Scan", "Parent Relationship": "Inner", "Relation Name": "movie_info_idx", "Alias": "mi_idx", "Startup Cost": 10000007502.06, "Total Cost": 1000001828866.2, "Plan Rows": 345008, "Plan Width": 8, "Recheck Cond": "(info_type_id = it.id), (LLVM Optimized)", "Plans": [{"Node Type": "Bitmap Index Scan", "Parent Relationship": "Outer", "Index Name": "info_type_id_movie_info_idx", "Startup Cost": 0.0, "Total Cost": 7415.81, "Plan Rows": 345008, "Plan Width": 0, "Index Cond": "(info_type_id = it.id)"}]}]}, {"Node Type": "Hash", "Parent Relationship": "Inner", "Startup Cost": 1000009970499.0, "Total Cost": 1000009970499.0, "Plan Rows": 2609035, "Plan Width": 32, "Plans": [{"Node Type": "Index Scan", "Parent Relationship": "Outer", "Scan Direction": "Forward", "Index Name": "company_type_id_movie_companies", "Relation Name": "movie_companies", "Alias": "mc", "Startup Cost": 10000000000.0, "Total Cost": 1000009970499.0, "Plan Rows": 2609035, "Plan Width": 32, "Filter": "((note)::text !~~ '%(as Metro-Goldwyn-Mayer Pictures)%'::text), (LLVM Optimized)"}]}]}, {"Node Type": "Hash", "Parent Relationship": "Inner", "Startup Cost": 1000000001230.25, "Total Cost": 1000000001230.25, "Plan Rows": 1, "Plan Width": 4, "Plans": [{"Node Type": "Index Scan", "Parent Relationship": "Outer", "Scan Direction": "Forward", "Index Name": "company_type_pkey", "Relation Name": "company_type", "Alias": "ct", "Startup Cost": 10000000000.0, "Total Cost": 1000000001230.25, "Plan Rows": 1, "Plan Width": 4, "Filter": "((kind)::text = 'production companies'::text)"}]}]}, {"Node Type": "Hash", "Parent Relationship": "Inner", "Startup Cost": 1000012276204.41, "Total Cost": 1000012276204.41, "Plan Rows": 719240, "Plan Width": 25, "Plans": [{"Node Type": "Index Scan", "Parent Relationship": "Outer", "Scan Direction": "Forward", "Index Name": "title_pkey", "Relation Name": "title", "Alias": "t", "Startup Cost": 10000000000.0, "Total Cost": 1000012276204.41, "Plan Rows": 719240, "Plan Width": 25, "Filter": "((production_year >= 2005) AND (production_year <= 2010)), (LLVM Optimized)"}]}]}]}, "Unique SQL Id": 1162488282, "Planner Runtime": 6}, "explain_analyze_plan": null}, "(16, '112')": {"explain_plan": {"Plan": {"Node Type": "Aggregate", "Strategy": "Plain", "Startup Cost": 329380.46, "Total Cost": 329380.47, "Plan Rows": 1, "Plan Width": 113, "Plans": [{"Node Type": "Nested Loop", "Parent Relationship": "Outer", "Join Type": "Inner", "Startup Cost": 7502.06, "Total Cost": 326890.42, "Plan Rows": 332005, "Plan Width": 45, "Inner Unique": false, "Join Filter": "(mc.company_type_id = ct.id), (LLVM Optimized)", "Plans": [{"Node Type": "Seq Scan", "Parent Relationship": "Outer", "Relation Name": "company_type", "Alias": "ct", "Startup Cost": 0.0, "Total Cost": 1.04, "Plan Rows": 1, "Plan Width": 4, "Filter": "((kind)::text = 'production companies'::text)"}, {"Node Type": "Nested Loop", "Parent Relationship": "Inner", "Join Type": "Inner", "Startup Cost": 7502.06, "Total Cost": 320024.4, "Plan Rows": 549199, "Plan Width": 49, "Inner Unique": false, "Join Filter": "(t.id = mc.movie_id), (LLVM Optimized)", "Plans": [{"Node Type": "Nested Loop", "Parent Relationship": "Outer", "Join Type": "Inner", "Startup Cost": 7502.06, "Total Cost": 164107.36, "Plan Rows": 396404, "Plan Width": 29, "Inner Unique": true, "Plans": [{"Node Type": "Nested Loop", "Parent Relationship": "Outer", "Join Type": "Inner", "Startup Cost": 7502.06, "Total Cost": 21741.14, "Plan Rows": 345008, "Plan Width": 4, "Inner Unique": false, "Plans": [{"Node Type": "Seq Scan", "Parent Relationship": "Outer", "Relation Name": "info_type", "Alias": "it", "Startup Cost": 0.0, "Total Cost": 2.4, "Plan Rows": 1, "Plan Width": 4, "Filter": "((info)::text = 'bottom 10 rank'::text)"}, {"Node Type": "Bitmap Heap Scan", "Parent Relationship": "Inner", "Relation Name": "movie_info_idx", "Alias": "mi_idx", "Startup Cost": 7502.06, "Total Cost": 18288.66, "Plan Rows": 345008, "Plan Width": 8, "Recheck Cond": "(info_type_id = it.id), (LLVM Optimized)", "Plans": [{"Node Type": "Bitmap Index Scan", "Parent Relationship": "Outer", "Index Name": "info_type_id_movie_info_idx", "Startup Cost": 0.0, "Total Cost": 7415.81, "Plan Rows": 345008, "Plan Width": 0, "Index Cond": "(info_type_id = it.id)"}]}]}, {"Node Type": "Index Scan", "Parent Relationship": "Inner", "Scan Direction": "Forward", "Index Name": "title_pkey", "Relation Name": "title", "Alias": "t", "Startup Cost": 0.0, "Total Cost": 0.4, "Plan Rows": 1, "Plan Width": 25, "Index Cond": "(id = mi_idx.movie_id)", "Filter": "((production_year >= 2005) AND (production_year <= 2010))"}]}, {"Node Type": "Index Scan", "Parent Relationship": "Inner", "Scan Direction": "Forward", "Index Name": "movie_id_movie_companies", "Relation Name": "movie_companies", "Alias": "mc", "Startup Cost": 0.0, "Total Cost": 0.37, "Plan Rows": 2, "Plan Width": 32, "Index Cond": "(movie_id = mi_idx.movie_id)", "Filter": "((note)::text !~~ '%(as Metro-Goldwyn-Mayer Pictures)%'::text)"}]}]}]}, "Unique SQL Id": 1162488282, "Planner Runtime": 3}, "explain_analyze_plan": {"Plan": {"Node Type": "Aggregate", "Strategy": "Plain", "Startup Cost": 329380.46, "Total Cost": 329380.47, "Plan Rows": 1, "Plan Width": 113, "Actual Startup Time": 0.51, "Actual Total Time": 0.51, "Actual Rows": 1, "Actual Loops": 1, "Plans": [{"Node Type": "Nested Loop", "Parent Relationship": "Outer", "Join Type": "Inner", "Startup Cost": 7502.06, "Total Cost": 326890.42, "Plan Rows": 332005, "Plan Width": 45, "Actual Startup Time": 0.481, "Actual Total Time": 0.494, "Actual Rows": 3, "Actual Loops": 1, "Inner Unique": false, "Join Filter": "(mc.company_type_id = ct.id), (LLVM Optimized)", "Rows Removed by Join Filter": 63, "Plans": [{"Node Type": "Seq Scan", "Parent Relationship": "Outer", "Relation Name": "company_type", "Alias": "ct", "Startup Cost": 0.0, "Total Cost": 1.04, "Plan Rows": 1, "Plan Width": 4, "Actual Startup Time": 0.022, "Actual Total Time": 0.024, "Actual Rows": 1, "Actual Loops": 1, "Filter": "((kind)::text = 'production companies'::text)", "Rows Removed by Filter": 2}, {"Node Type": "Nested Loop", "Parent Relationship": "Inner", "Join Type": "Inner", "Startup Cost": 7502.06, "Total Cost": 320024.4, "Plan Rows": 549199, "Plan Width": 49, "Actual Startup Time": 0.235, "Actual Total Time": 0.447, "Actual Rows": 66, "Actual Loops": 1, "Inner Unique": false, "Join Filter": "(t.id = mc.movie_id), (LLVM Optimized)", "Rows Removed by Join Filter": 0, "Plans": [{"Node Type": "Nested Loop", "Parent Relationship": "Outer", "Join Type": "Inner", "Startup Cost": 7502.06, "Total Cost": 164107.36, "Plan Rows": 396404, "Plan Width": 29, "Actual Startup Time": 0.209, "Actual Total Time": 0.273, "Actual Rows": 4, "Actual Loops": 1, "Inner Unique": true, "Plans": [{"Node Type": "Nested Loop", "Parent Relationship": "Outer", "Join Type": "Inner", "Startup Cost": 7502.06, "Total Cost": 21741.14, "Plan Rows": 345008, "Plan Width": 4, "Actual Startup Time": 0.093, "Actual Total Time": 0.102, "Actual Rows": 10, "Actual Loops": 1, "Inner Unique": false, "Plans": [{"Node Type": "Seq Scan", "Parent Relationship": "Outer", "Relation Name": "info_type", "Alias": "it", "Startup Cost": 0.0, "Total Cost": 2.4, "Plan Rows": 1, "Plan Width": 4, "Actual Startup Time": 0.053, "Actual Total Time": 0.058, "Actual Rows": 1, "Actual Loops": 1, "Filter": "((info)::text = 'bottom 10 rank'::text)", "Rows Removed by Filter": 111}, {"Node Type": "Bitmap Heap Scan", "Parent Relationship": "Inner", "Relation Name": "movie_info_idx", "Alias": "mi_idx", "Startup Cost": 7502.06, "Total Cost": 18288.66, "Plan Rows": 345008, "Plan Width": 8, "Actual Startup Time": 0.034, "Actual Total Time": 0.035, "Actual Rows": 10, "Actual Loops": 1, "Recheck Cond": "(info_type_id = it.id), (LLVM Optimized)", "Rows Removed by Index Recheck": 0, "Exact Heap Blocks": 1, "Lossy Heap Blocks": 1, "Plans": [{"Node Type": "Bitmap Index Scan", "Parent Relationship": "Outer", "Index Name": "info_type_id_movie_info_idx", "Startup Cost": 0.0, "Total Cost": 7415.81, "Plan Rows": 345008, "Plan Width": 0, "Actual Startup Time": 0.022, "Actual Total Time": 0.022, "Actual Rows": 10, "Actual Loops": 1, "Index Cond": "(info_type_id = it.id)"}]}]}, {"Node Type": "Index Scan", "Parent Relationship": "Inner", "Scan Direction": "Forward", "Index Name": "title_pkey", "Relation Name": "title", "Alias": "t", "Startup Cost": 0.0, "Total Cost": 0.4, "Plan Rows": 1, "Plan Width": 25, "Actual Startup Time": 0.164, "Actual Total Time": 0.164, "Actual Rows": 4, "Actual Loops": 10, "Index Cond": "(id = mi_idx.movie_id)", "Rows Removed by Index Recheck": 0, "Filter": "((production_year >= 2005) AND (production_year <= 2010))", "Rows Removed by Filter": 6}]}, {"Node Type": "Index Scan", "Parent Relationship": "Inner", "Scan Direction": "Forward", "Index Name": "movie_id_movie_companies", "Relation Name": "movie_companies", "Alias": "mc", "Startup Cost": 0.0, "Total Cost": 0.37, "Plan Rows": 2, "Plan Width": 32, "Actual Startup Time": 0.072, "Actual Total Time": 0.15, "Actual Rows": 66, "Actual Loops": 4, "Index Cond": "(movie_id = mi_idx.movie_id)", "Rows Removed by Index Recheck": 0, "Filter": "((note)::text !~~ '%(as Metro-Goldwyn-Mayer Pictures)%'::text)", "Rows Removed by Filter": 7}]}]}]}, "Triggers": [], "Planner Runtime": 3.187, "Total Runtime": 10.355, "Unique SQL Id": 1162488282}}, "(16, '113')": {"explain_plan": {"Plan": {"Node Type": "Aggregate", "Strategy": "Plain", "Startup Cost": 329403.54, "Total Cost": 329403.55, "Plan Rows": 1, "Plan Width": 113, "Plans": [{"Node Type": "Nested Loop", "Parent Relationship": "Outer", "Join Type": "Inner", "Startup Cost": 7502.06, "Total Cost": 326913.5, "Plan Rows": 332005, "Plan Width": 45, "Inner Unique": false, "Join Filter": "(mc.company_type_id = ct.id), (LLVM Optimized)", "Plans": [{"Node Type": "Index Scan", "Parent Relationship": "Outer", "Scan Direction": "Forward", "Index Name": "company_type_pkey", "Relation Name": "company_type", "Alias": "ct", "Startup Cost": 0.0, "Total Cost": 12.3, "Plan Rows": 1, "Plan Width": 4, "Filter": "((kind)::text = 'production companies'::text)"}, {"Node Type": "Nested Loop", "Parent Relationship": "Inner", "Join Type": "Inner", "Startup Cost": 7502.06, "Total Cost": 320036.21, "Plan Rows": 549199, "Plan Width": 49, "Inner Unique": false, "Join Filter": "(t.id = mc.movie_id), (LLVM Optimized)", "Plans": [{"Node Type": "Nested Loop", "Parent Relationship": "Outer", "Join Type": "Inner", "Startup Cost": 7502.06, "Total Cost": 164119.17, "Plan Rows": 396404, "Plan Width": 29, "Inner Unique": true, "Plans": [{"Node Type": "Nested Loop", "Parent Relationship": "Outer", "Join Type": "Inner", "Startup Cost": 7502.06, "Total Cost": 21752.95, "Plan Rows": 345008, "Plan Width": 4, "Inner Unique": false, "Plans": [{"Node Type": "Index Scan", "Parent Relationship": "Outer", "Scan Direction": "Forward", "Index Name": "info_type_pkey", "Relation Name": "info_type", "Alias": "it", "Startup Cost": 0.0, "Total Cost": 14.21, "Plan Rows": 1, "Plan Width": 4, "Filter": "((info)::text = 'bottom 10 rank'::text)"}, {"Node Type": "Bitmap Heap Scan", "Parent Relationship": "Inner", "Relation Name": "movie_info_idx", "Alias": "mi_idx", "Startup Cost": 7502.06, "Total Cost": 18288.66, "Plan Rows": 345008, "Plan Width": 8, "Recheck Cond": "(info_type_id = it.id), (LLVM Optimized)", "Plans": [{"Node Type": "Bitmap Index Scan", "Parent Relationship": "Outer", "Index Name": "info_type_id_movie_info_idx", "Startup Cost": 0.0, "Total Cost": 7415.81, "Plan Rows": 345008, "Plan Width": 0, "Index Cond": "(info_type_id = it.id)"}]}]}, {"Node Type": "Index Scan", "Parent Relationship": "Inner", "Scan Direction": "Forward", "Index Name": "title_pkey", "Relation Name": "title", "Alias": "t", "Startup Cost": 0.0, "Total Cost": 0.4, "Plan Rows": 1, "Plan Width": 25, "Index Cond": "(id = mi_idx.movie_id)", "Filter": "((production_year >= 2005) AND (production_year <= 2010))"}]}, {"Node Type": "Index Scan", "Parent Relationship": "Inner", "Scan Direction": "Forward", "Index Name": "movie_id_movie_companies", "Relation Name": "movie_companies", "Alias": "mc", "Startup Cost": 0.0, "Total Cost": 0.37, "Plan Rows": 2, "Plan Width": 32, "Index Cond": "(movie_id = mi_idx.movie_id)", "Filter": "((note)::text !~~ '%(as Metro-Goldwyn-Mayer Pictures)%'::text)"}]}]}]}, "Unique SQL Id": 1162488282, "Planner Runtime": 2}, "explain_analyze_plan": {"Plan": {"Node Type": "Aggregate", "Strategy": "Plain", "Startup Cost": 329403.54, "Total Cost": 329403.55, "Plan Rows": 1, "Plan Width": 113, "Actual Startup Time": 0.352, "Actual Total Time": 0.352, "Actual Rows": 1, "Actual Loops": 1, "Plans": [{"Node Type": "Nested Loop", "Parent Relationship": "Outer", "Join Type": "Inner", "Startup Cost": 7502.06, "Total Cost": 326913.5, "Plan Rows": 332005, "Plan Width": 45, "Actual Startup Time": 0.33, "Actual Total Time": 0.339, "Actual Rows": 3, "Actual Loops": 1, "Inner Unique": false, "Join Filter": "(mc.company_type_id = ct.id), (LLVM Optimized)", "Rows Removed by Join Filter": 63, "Plans": [{"Node Type": "Index Scan", "Parent Relationship": "Outer", "Scan Direction": "Forward", "Index Name": "company_type_pkey", "Relation Name": "company_type", "Alias": "ct", "Startup Cost": 0.0, "Total Cost": 12.3, "Plan Rows": 1, "Plan Width": 4, "Actual Startup Time": 0.021, "Actual Total Time": 0.024, "Actual Rows": 1, "Actual Loops": 1, "Filter": "((kind)::text = 'production companies'::text)", "Rows Removed by Filter": 2}, {"Node Type": "Nested Loop", "Parent Relationship": "Inner", "Join Type": "Inner", "Startup Cost": 7502.06, "Total Cost": 320036.21, "Plan Rows": 549199, "Plan Width": 49, "Actual Startup Time": 0.162, "Actual Total Time": 0.296, "Actual Rows": 66, "Actual Loops": 1, "Inner Unique": false, "Join Filter": "(t.id = mc.movie_id), (LLVM Optimized)", "Rows Removed by Join Filter": 0, "Plans": [{"Node Type": "Nested Loop", "Parent Relationship": "Outer", "Join Type": "Inner", "Startup Cost": 7502.06, "Total Cost": 164119.17, "Plan Rows": 396404, "Plan Width": 29, "Actual Startup Time": 0.145, "Actual Total Time": 0.174, "Actual Rows": 4, "Actual Loops": 1, "Inner Unique": true, "Plans": [{"Node Type": "Nested Loop", "Parent Relationship": "Outer", "Join Type": "Inner", "Startup Cost": 7502.06, "Total Cost": 21752.95, "Plan Rows": 345008, "Plan Width": 4, "Actual Startup Time": 0.089, "Actual Total Time": 0.093, "Actual Rows": 10, "Actual Loops": 1, "Inner Unique": false, "Plans": [{"Node Type": "Index Scan", "Parent Relationship": "Outer", "Scan Direction": "Forward", "Index Name": "info_type_pkey", "Relation Name": "info_type", "Alias": "it", "Startup Cost": 0.0, "Total Cost": 14.21, "Plan Rows": 1, "Plan Width": 4, "Actual Startup Time": 0.066, "Actual Total Time": 0.067, "Actual Rows": 1, "Actual Loops": 1, "Filter": "((info)::text = 'bottom 10 rank'::text)", "Rows Removed by Filter": 111}, {"Node Type": "Bitmap Heap Scan", "Parent Relationship": "Inner", "Relation Name": "movie_info_idx", "Alias": "mi_idx", "Startup Cost": 7502.06, "Total Cost": 18288.66, "Plan Rows": 345008, "Plan Width": 8, "Actual Startup Time": 0.018, "Actual Total Time": 0.019, "Actual Rows": 10, "Actual Loops": 1, "Recheck Cond": "(info_type_id = it.id), (LLVM Optimized)", "Rows Removed by Index Recheck": 0, "Exact Heap Blocks": 1, "Lossy Heap Blocks": 1, "Plans": [{"Node Type": "Bitmap Index Scan", "Parent Relationship": "Outer", "Index Name": "info_type_id_movie_info_idx", "Startup Cost": 0.0, "Total Cost": 7415.81, "Plan Rows": 345008, "Plan Width": 0, "Actual Startup Time": 0.011, "Actual Total Time": 0.011, "Actual Rows": 10, "Actual Loops": 1, "Index Cond": "(info_type_id = it.id)"}]}]}, {"Node Type": "Index Scan", "Parent Relationship": "Inner", "Scan Direction": "Forward", "Index Name": "title_pkey", "Relation Name": "title", "Alias": "t", "Startup Cost": 0.0, "Total Cost": 0.4, "Plan Rows": 1, "Plan Width": 25, "Actual Startup Time": 0.07, "Actual Total Time": 0.07, "Actual Rows": 4, "Actual Loops": 10, "Index Cond": "(id = mi_idx.movie_id)", "Rows Removed by Index Recheck": 0, "Filter": "((production_year >= 2005) AND (production_year <= 2010))", "Rows Removed by Filter": 6}]}, {"Node Type": "Index Scan", "Parent Relationship": "Inner", "Scan Direction": "Forward", "Index Name": "movie_id_movie_companies", "Relation Name": "movie_companies", "Alias": "mc", "Startup Cost": 0.0, "Total Cost": 0.37, "Plan Rows": 2, "Plan Width": 32, "Actual Startup Time": 0.039, "Actual Total Time": 0.096, "Actual Rows": 66, "Actual Loops": 4, "Index Cond": "(movie_id = mi_idx.movie_id)", "Rows Removed by Index Recheck": 0, "Filter": "((note)::text !~~ '%(as Metro-Goldwyn-Mayer Pictures)%'::text)", "Rows Removed by Filter": 7}]}]}]}, "Triggers": [], "Planner Runtime": 2.984, "Total Runtime": 10.262, "Unique SQL Id": 1162488282}}, "(16, '114')": {"explain_plan": {"Plan": {"Node Type": "Aggregate", "Strategy": "Plain", "Startup Cost": 3260511.16, "Total Cost": 3260511.17, "Plan Rows": 1, "Plan Width": 113, "Plans": [{"Node Type": "Nested Loop", "Parent Relationship": "Outer", "Join Type": "Inner", "Startup Cost": 0.58, "Total Cost": 3258021.12, "Plan Rows": 332005, "Plan Width": 45, "Inner Unique": false, "Join Filter": "(mc.company_type_id = ct.id), (LLVM Optimized)", "Plans": [{"Node Type": "Seq Scan", "Parent Relationship": "Outer", "Relation Name": "company_type", "Alias": "ct", "Startup Cost": 0.0, "Total Cost": 1.04, "Plan Rows": 1, "Plan Width": 4, "Filter": "((kind)::text = 'production companies'::text)"}, {"Node Type": "Materialize", "Parent Relationship": "Inner", "Startup Cost": 0.58, "Total Cost": 3252528.09, "Plan Rows": 549199, "Plan Width": 49, "Plans": [{"Node Type": "Nested Loop", "Parent Relationship": "Outer", "Join Type": "Inner", "Startup Cost": 0.58, "Total Cost": 3251155.1, "Plan Rows": 549199, "Plan Width": 49, "Inner Unique": false, "Join Filter": "(t.id = mc.movie_id), (LLVM Optimized)", "Plans": [{"Node Type": "Nested Loop", "Parent Relationship": "Outer", "Join Type": "Inner", "Startup Cost": 0.28, "Total Cost": 1527492.54, "Plan Rows": 396404, "Plan Width": 29, "Inner Unique": true, "Plans": [{"Node Type": "Streaming(type: LOCAL GATHER dop: 1/16)", "Parent Relationship": "Outer", "Startup Cost": 0.0, "Total Cost": 39794.02, "Plan Rows": 345008, "Plan Width": 4, "Plans": [{"Node Type": "Nested Loop", "Parent Relationship": "Outer", "Join Type": "Inner", "Startup Cost": 0.0, "Total Cost": 32348.04, "Plan Rows": 345008, "Plan Width": 4, "Inner Unique": false, "Join Filter": "(it.id = mi_idx.info_type_id), (LLVM Optimized)", "Plans": [{"Node Type": "Streaming(type: BROADCAST dop: 16/1)", "Parent Relationship": "Outer", "Startup Cost": 0.0, "Total Cost": 15002.75, "Plan Rows": 16, "Plan Width": 4, "Plans": [{"Node Type": "Seq Scan", "Parent Relationship": "Outer", "Relation Name": "info_type", "Alias": "it", "Startup Cost": 0.0, "Total Cost": 2.4, "Plan Rows": 1, "Plan Width": 4, "Filter": "((info)::text = 'bottom 10 rank'::text)"}]}, {"Node Type": "Seq Scan", "Parent Relationship": "Inner", "Relation Name": "movie_info_idx", "Alias": "mi_idx", "Startup Cost": 0.0, "Total Cost": 16267.15, "Plan Rows": 1380034, "Plan Width": 8}]}]}, {"Node Type": "Bitmap Heap Scan", "Parent Relationship": "Inner", "Relation Name": "title", "Alias": "t", "Startup Cost": 0.28, "Total Cost": 4.3, "Plan Rows": 1, "Plan Width": 25, "Recheck Cond": "(id = mi_idx.movie_id)", "Filter": "((production_year >= 2005) AND (production_year <= 2010))", "Plans": [{"Node Type": "Bitmap Index Scan", "Parent Relationship": "Outer", "Index Name": "title_pkey", "Startup Cost": 0.0, "Total Cost": 0.28, "Plan Rows": 1, "Plan Width": 0, "Index Cond": "(id = mi_idx.movie_id)"}]}]}, {"Node Type": "Bitmap Heap Scan", "Parent Relationship": "Inner", "Relation Name": "movie_companies", "Alias": "mc", "Startup Cost": 0.29, "Total Cost": 4.32, "Plan Rows": 2, "Plan Width": 32, "Recheck Cond": "(movie_id = mi_idx.movie_id)", "Filter": "((note)::text !~~ '%(as Metro-Goldwyn-Mayer Pictures)%'::text)", "Plans": [{"Node Type": "Bitmap Index Scan", "Parent Relationship": "Outer", "Index Name": "movie_id_movie_companies", "Startup Cost": 0.0, "Total Cost": 0.29, "Plan Rows": 2, "Plan Width": 0, "Index Cond": "(movie_id = mi_idx.movie_id)"}]}]}]}]}]}, "Unique SQL Id": 1162488282, "Planner Runtime": 3}, "explain_analyze_plan": {"Plan": {"Node Type": "Aggregate", "Strategy": "Plain", "Startup Cost": 3260511.16, "Total Cost": 3260511.17, "Plan Rows": 1, "Plan Width": 113, "Actual Min Startup Time": 76.113, "Actual Max Startup Time": 76.113, "Actual Min Total Time": 76.113, "Actual Max Total Time": 76.113, "Plans": [{"Node Type": "Nested Loop", "Parent Relationship": "Outer", "Join Type": "Inner", "Startup Cost": 0.58, "Total Cost": 3258021.12, "Plan Rows": 332005, "Plan Width": 45, "Actual Min Startup Time": 76.08, "Actual Max Startup Time": 76.08, "Actual Min Total Time": 76.084, "Actual Max Total Time": 76.084, "Inner Unique": false, "Join Filter": "(mc.company_type_id = ct.id), (LLVM Optimized)", "Rows Removed by Join Filter": 63, "Plans": [{"Node Type": "Seq Scan", "Parent Relationship": "Outer", "Relation Name": "company_type", "Alias": "ct", "Startup Cost": 0.0, "Total Cost": 1.04, "Plan Rows": 1, "Plan Width": 4, "Actual Min Startup Time": 0.021, "Actual Max Startup Time": 0.021, "Actual Min Total Time": 0.023, "Actual Max Total Time": 0.023, "Filter": "((kind)::text = 'production companies'::text)", "Rows Removed by Filter": 2, "Actual Rows": 1}, {"Node Type": "Materialize", "Parent Relationship": "Inner", "Startup Cost": 0.58, "Total Cost": 3252528.09, "Plan Rows": 549199, "Plan Width": 49, "Actual Min Startup Time": 76.028, "Actual Max Startup Time": 76.028, "Actual Min Total Time": 76.036, "Actual Max Total Time": 76.036, "Plans": [{"Node Type": "Nested Loop", "Parent Relationship": "Outer", "Join Type": "Inner", "Startup Cost": 0.58, "Total Cost": 3251155.1, "Plan Rows": 549199, "Plan Width": 49, "Actual Min Startup Time": 68.964, "Actual Max Startup Time": 68.964, "Actual Min Total Time": 76.003, "Actual Max Total Time": 76.003, "Inner Unique": false, "Join Filter": "(t.id = mc.movie_id), (LLVM Optimized)", "Rows Removed by Join Filter": 0, "Plans": [{"Node Type": "Nested Loop", "Parent Relationship": "Outer", "Join Type": "Inner", "Startup Cost": 0.28, "Total Cost": 1527492.54, "Plan Rows": 396404, "Plan Width": 29, "Actual Min Startup Time": 68.888, "Actual Max Startup Time": 68.888, "Actual Min Total Time": 75.783, "Actual Max Total Time": 75.783, "Inner Unique": true, "Plans": [{"Node Type": "Streaming(type: LOCAL GATHER dop: 1/16)", "Parent Relationship": "Outer", "Startup Cost": 0.0, "Total Cost": 39794.02, "Plan Rows": 345008, "Plan Width": 4, "Actual Min Startup Time": 68.703, "Actual Max Startup Time": 68.703, "Actual Min Total Time": 75.543, "Actual Max Total Time": 75.543, "Plans": [{"Node Type": "Nested Loop", "Parent Relationship": "Outer", "Join Type": "Inner", "Startup Cost": 0.0, "Total Cost": 32348.04, "Plan Rows": 345008, "Plan Width": 4, "Actual Min Startup Time": 34.759, "Actual Max Startup Time": 41.151, "Actual Min Total Time": 34.759, "Actual Max Total Time": 41.161, "Inner Unique": false, "Join Filter": "(it.id = mi_idx.info_type_id), (LLVM Optimized)", "Rows Removed by Join Filter": 1380024, "Plans": [{"Node Type": "Streaming(type: BROADCAST dop: 16/1)", "Parent Relationship": "Outer", "Startup Cost": 0.0, "Total Cost": 15002.75, "Plan Rows": 16, "Plan Width": 4, "Actual Min Startup Time": 0.003, "Actual Max Startup Time": 0.008, "Actual Min Total Time": 0.003, "Actual Max Total Time": 0.01, "Plans": [{"Node Type": "Seq Scan", "Parent Relationship": "Outer", "Relation Name": "info_type", "Alias": "it", "Startup Cost": 0.0, "Total Cost": 2.4, "Plan Rows": 1, "Plan Width": 4, "Actual Min Startup Time": 0.076, "Actual Max Startup Time": 0.076, "Actual Min Total Time": 0.079, "Actual Max Total Time": 0.079, "Filter": "((info)::text = 'bottom 10 rank'::text)", "Rows Removed by Filter": 111, "Actual Rows": 1}], "Actual Rows": 16}, {"Node Type": "Seq Scan", "Parent Relationship": "Inner", "Relation Name": "movie_info_idx", "Alias": "mi_idx", "Startup Cost": 0.0, "Total Cost": 16267.15, "Plan Rows": 1380034, "Plan Width": 8, "Actual Min Startup Time": 0.032, "Actual Max Startup Time": 0.04, "Actual Min Total Time": 18.566, "Actual Max Total Time": 21.957, "Actual Rows": 1380034}], "Actual Rows": 10}], "Actual Rows": 10}, {"Node Type": "Bitmap Heap Scan", "Parent Relationship": "Inner", "Relation Name": "title", "Alias": "t", "Startup Cost": 0.28, "Total Cost": 4.3, "Plan Rows": 1, "Plan Width": 25, "Actual Min Startup Time": 0.208, "Actual Max Startup Time": 0.208, "Actual Min Total Time": 0.208, "Actual Max Total Time": 0.208, "Recheck Cond": "(id = mi_idx.movie_id)", "Rows Removed by Index Recheck": 0, "Filter": "((production_year >= 2005) AND (production_year <= 2010))", "Rows Removed by Filter": 6, "Exact Heap Blocks": 10, "Lossy Heap Blocks": 10, "Plans": [{"Node Type": "Bitmap Index Scan", "Parent Relationship": "Outer", "Index Name": "title_pkey", "Startup Cost": 0.0, "Total Cost": 0.28, "Plan Rows": 1, "Plan Width": 0, "Actual Min Startup Time": 0.117, "Actual Max Startup Time": 0.117, "Actual Min Total Time": 0.117, "Actual Max Total Time": 0.117, "Index Cond": "(id = mi_idx.movie_id)", "Actual Rows": 10}], "Actual Rows": 4}], "Actual Rows": 4}, {"Node Type": "Bitmap Heap Scan", "Parent Relationship": "Inner", "Relation Name": "movie_companies", "Alias": "mc", "Startup Cost": 0.29, "Total Cost": 4.32, "Plan Rows": 2, "Plan Width": 32, "Actual Min Startup Time": 0.128, "Actual Max Startup Time": 0.128, "Actual Min Total Time": 0.192, "Actual Max Total Time": 0.192, "Recheck Cond": "(movie_id = mi_idx.movie_id)", "Rows Removed by Index Recheck": 0, "Filter": "((note)::text !~~ '%(as Metro-Goldwyn-Mayer Pictures)%'::text)", "Rows Removed by Filter": 7, "Exact Heap Blocks": 9, "Lossy Heap Blocks": 9, "Plans": [{"Node Type": "Bitmap Index Scan", "Parent Relationship": "Outer", "Index Name": "movie_id_movie_companies", "Startup Cost": 0.0, "Total Cost": 0.29, "Plan Rows": 2, "Plan Width": 0, "Actual Min Startup Time": 0.055, "Actual Max Startup Time": 0.055, "Actual Min Total Time": 0.055, "Actual Max Total Time": 0.055, "Index Cond": "(movie_id = mi_idx.movie_id)", "Actual Rows": 73}], "Actual Rows": 66}], "Actual Rows": 66}], "Actual Rows": 67}], "Actual Rows": 3}], "Actual Rows": 1}, "Triggers": [], "Planner Runtime": 3.714, "Total Runtime": 90.707, "Unique SQL Id": 1162488282}}, "(16, '115')": {"explain_plan": {"Plan": {"Node Type": "Aggregate", "Strategy": "Plain", "Startup Cost": 3242481.36, "Total Cost": 3242481.37, "Plan Rows": 1, "Plan Width": 113, "Plans": [{"Node Type": "Nested Loop", "Parent Relationship": "Outer", "Join Type": "Inner", "Startup Cost": 7519.72, "Total Cost": 3239991.32, "Plan Rows": 332005, "Plan Width": 45, "Inner Unique": false, "Join Filter": "(mc.company_type_id = ct.id), (LLVM Optimized)", "Plans": [{"Node Type": "Bitmap Heap Scan", "Parent Relationship": "Outer", "Relation Name": "company_type", "Alias": "ct", "Startup Cost": 8.27, "Total Cost": 12.3, "Plan Rows": 1, "Plan Width": 4, "Filter": "((kind)::text = 'production companies'::text)", "Plans": [{"Node Type": "Bitmap Index Scan", "Parent Relationship": "Outer", "Index Name": "company_type_pkey", "Startup Cost": 0.0, "Total Cost": 8.27, "Plan Rows": 3, "Plan Width": 0}]}, {"Node Type": "Nested Loop", "Parent Relationship": "Inner", "Join Type": "Inner", "Startup Cost": 7511.45, "Total Cost": 3233114.03, "Plan Rows": 549199, "Plan Width": 49, "Inner Unique": false, "Join Filter": "(t.id = mc.movie_id), (LLVM Optimized)", "Plans": [{"Node Type": "Nested Loop", "Parent Relationship": "Outer", "Join Type": "Inner", "Startup Cost": 7511.16, "Total Cost": 1509451.47, "Plan Rows": 396404, "Plan Width": 29, "Inner Unique": true, "Plans": [{"Node Type": "Nested Loop", "Parent Relationship": "Outer", "Join Type": "Inner", "Startup Cost": 7510.87, "Total Cost": 21752.95, "Plan Rows": 345008, "Plan Width": 4, "Inner Unique": false, "Plans": [{"Node Type": "Bitmap Heap Scan", "Parent Relationship": "Outer", "Relation Name": "info_type", "Alias": "it", "Startup Cost": 8.81, "Total Cost": 14.21, "Plan Rows": 1, "Plan Width": 4, "Filter": "((info)::text = 'bottom 10 rank'::text)", "Plans": [{"Node Type": "Bitmap Index Scan", "Parent Relationship": "Outer", "Index Name": "info_type_pkey", "Startup Cost": 0.0, "Total Cost": 8.81, "Plan Rows": 112, "Plan Width": 0}]}, {"Node Type": "Bitmap Heap Scan", "Parent Relationship": "Inner", "Relation Name": "movie_info_idx", "Alias": "mi_idx", "Startup Cost": 7502.06, "Total Cost": 18288.66, "Plan Rows": 345008, "Plan Width": 8, "Recheck Cond": "(info_type_id = it.id), (LLVM Optimized)", "Plans": [{"Node Type": "Bitmap Index Scan", "Parent Relationship": "Outer", "Index Name": "info_type_id_movie_info_idx", "Startup Cost": 0.0, "Total Cost": 7415.81, "Plan Rows": 345008, "Plan Width": 0, "Index Cond": "(info_type_id = it.id)"}]}]}, {"Node Type": "Bitmap Heap Scan", "Parent Relationship": "Inner", "Relation Name": "title", "Alias": "t", "Startup Cost": 0.28, "Total Cost": 4.3, "Plan Rows": 1, "Plan Width": 25, "Recheck Cond": "(id = mi_idx.movie_id)", "Filter": "((production_year >= 2005) AND (production_year <= 2010))", "Plans": [{"Node Type": "Bitmap Index Scan", "Parent Relationship": "Outer", "Index Name": "title_pkey", "Startup Cost": 0.0, "Total Cost": 0.28, "Plan Rows": 1, "Plan Width": 0, "Index Cond": "(id = mi_idx.movie_id)"}]}]}, {"Node Type": "Bitmap Heap Scan", "Parent Relationship": "Inner", "Relation Name": "movie_companies", "Alias": "mc", "Startup Cost": 0.29, "Total Cost": 4.32, "Plan Rows": 2, "Plan Width": 32, "Recheck Cond": "(movie_id = mi_idx.movie_id)", "Filter": "((note)::text !~~ '%(as Metro-Goldwyn-Mayer Pictures)%'::text)", "Plans": [{"Node Type": "Bitmap Index Scan", "Parent Relationship": "Outer", "Index Name": "movie_id_movie_companies", "Startup Cost": 0.0, "Total Cost": 0.29, "Plan Rows": 2, "Plan Width": 0, "Index Cond": "(movie_id = mi_idx.movie_id)"}]}]}]}]}, "Unique SQL Id": 1162488282, "Planner Runtime": 2}, "explain_analyze_plan": {"Plan": {"Node Type": "Aggregate", "Strategy": "Plain", "Startup Cost": 3242481.36, "Total Cost": 3242481.37, "Plan Rows": 1, "Plan Width": 113, "Actual Startup Time": 0.424, "Actual Total Time": 0.425, "Actual Rows": 1, "Actual Loops": 1, "Plans": [{"Node Type": "Nested Loop", "Parent Relationship": "Outer", "Join Type": "Inner", "Startup Cost": 7519.72, "Total Cost": 3239991.32, "Plan Rows": 332005, "Plan Width": 45, "Actual Startup Time": 0.4, "Actual Total Time": 0.406, "Actual Rows": 3, "Actual Loops": 1, "Inner Unique": false, "Join Filter": "(mc.company_type_id = ct.id), (LLVM Optimized)", "Rows Removed by Join Filter": 63, "Plans": [{"Node Type": "Bitmap Heap Scan", "Parent Relationship": "Outer", "Relation Name": "company_type", "Alias": "ct", "Startup Cost": 8.27, "Total Cost": 12.3, "Plan Rows": 1, "Plan Width": 4, "Actual Startup Time": 0.038, "Actual Total Time": 0.039, "Actual Rows": 1, "Actual Loops": 1, "Filter": "((kind)::text = 'production companies'::text)", "Rows Removed by Filter": 2, "Exact Heap Blocks": 1, "Lossy Heap Blocks": 1, "Plans": [{"Node Type": "Bitmap Index Scan", "Parent Relationship": "Outer", "Index Name": "company_type_pkey", "Startup Cost": 0.0, "Total Cost": 8.27, "Plan Rows": 3, "Plan Width": 0, "Actual Startup Time": 0.014, "Actual Total Time": 0.014, "Actual Rows": 3, "Actual Loops": 1}]}, {"Node Type": "Nested Loop", "Parent Relationship": "Inner", "Join Type": "Inner", "Startup Cost": 7511.45, "Total Cost": 3233114.03, "Plan Rows": 549199, "Plan Width": 49, "Actual Startup Time": 0.197, "Actual Total Time": 0.347, "Actual Rows": 66, "Actual Loops": 1, "Inner Unique": false, "Join Filter": "(t.id = mc.movie_id), (LLVM Optimized)", "Rows Removed by Join Filter": 0, "Plans": [{"Node Type": "Nested Loop", "Parent Relationship": "Outer", "Join Type": "Inner", "Startup Cost": 7511.16, "Total Cost": 1509451.47, "Plan Rows": 396404, "Plan Width": 29, "Actual Startup Time": 0.157, "Actual Total Time": 0.196, "Actual Rows": 4, "Actual Loops": 1, "Inner Unique": true, "Plans": [{"Node Type": "Nested Loop", "Parent Relationship": "Outer", "Join Type": "Inner", "Startup Cost": 7510.87, "Total Cost": 21752.95, "Plan Rows": 345008, "Plan Width": 4, "Actual Startup Time": 0.087, "Actual Total Time": 0.091, "Actual Rows": 10, "Actual Loops": 1, "Inner Unique": false, "Plans": [{"Node Type": "Bitmap Heap Scan", "Parent Relationship": "Outer", "Relation Name": "info_type", "Alias": "it", "Startup Cost": 8.81, "Total Cost": 14.21, "Plan Rows": 1, "Plan Width": 4, "Actual Startup Time": 0.062, "Actual Total Time": 0.062, "Actual Rows": 1, "Actual Loops": 1, "Filter": "((info)::text = 'bottom 10 rank'::text)", "Rows Removed by Filter": 111, "Exact Heap Blocks": 1, "Lossy Heap Blocks": 1, "Plans": [{"Node Type": "Bitmap Index Scan", "Parent Relationship": "Outer", "Index Name": "info_type_pkey", "Startup Cost": 0.0, "Total Cost": 8.81, "Plan Rows": 112, "Plan Width": 0, "Actual Startup Time": 0.012, "Actual Total Time": 0.012, "Actual Rows": 112, "Actual Loops": 1}]}, {"Node Type": "Bitmap Heap Scan", "Parent Relationship": "Inner", "Relation Name": "movie_info_idx", "Alias": "mi_idx", "Startup Cost": 7502.06, "Total Cost": 18288.66, "Plan Rows": 345008, "Plan Width": 8, "Actual Startup Time": 0.022, "Actual Total Time": 0.022, "Actual Rows": 10, "Actual Loops": 1, "Recheck Cond": "(info_type_id = it.id), (LLVM Optimized)", "Rows Removed by Index Recheck": 0, "Exact Heap Blocks": 1, "Lossy Heap Blocks": 1, "Plans": [{"Node Type": "Bitmap Index Scan", "Parent Relationship": "Outer", "Index Name": "info_type_id_movie_info_idx", "Startup Cost": 0.0, "Total Cost": 7415.81, "Plan Rows": 345008, "Plan Width": 0, "Actual Startup Time": 0.012, "Actual Total Time": 0.012, "Actual Rows": 10, "Actual Loops": 1, "Index Cond": "(info_type_id = it.id)"}]}]}, {"Node Type": "Bitmap Heap Scan", "Parent Relationship": "Inner", "Relation Name": "title", "Alias": "t", "Startup Cost": 0.28, "Total Cost": 4.3, "Plan Rows": 1, "Plan Width": 25, "Actual Startup Time": 0.089, "Actual Total Time": 0.089, "Actual Rows": 4, "Actual Loops": 10, "Recheck Cond": "(id = mi_idx.movie_id)", "Rows Removed by Index Recheck": 0, "Filter": "((production_year >= 2005) AND (production_year <= 2010))", "Rows Removed by Filter": 6, "Exact Heap Blocks": 10, "Lossy Heap Blocks": 10, "Plans": [{"Node Type": "Bitmap Index Scan", "Parent Relationship": "Outer", "Index Name": "title_pkey", "Startup Cost": 0.0, "Total Cost": 0.28, "Plan Rows": 1, "Plan Width": 0, "Actual Startup Time": 0.057, "Actual Total Time": 0.057, "Actual Rows": 10, "Actual Loops": 10, "Index Cond": "(id = mi_idx.movie_id)"}]}]}, {"Node Type": "Bitmap Heap Scan", "Parent Relationship": "Inner", "Relation Name": "movie_companies", "Alias": "mc", "Startup Cost": 0.29, "Total Cost": 4.32, "Plan Rows": 2, "Plan Width": 32, "Actual Startup Time": 0.073, "Actual Total Time": 0.116, "Actual Rows": 66, "Actual Loops": 4, "Recheck Cond": "(movie_id = mi_idx.movie_id)", "Rows Removed by Index Recheck": 0, "Filter": "((note)::text !~~ '%(as Metro-Goldwyn-Mayer Pictures)%'::text)", "Rows Removed by Filter": 7, "Exact Heap Blocks": 9, "Lossy Heap Blocks": 9, "Plans": [{"Node Type": "Bitmap Index Scan", "Parent Relationship": "Outer", "Index Name": "movie_id_movie_companies", "Startup Cost": 0.0, "Total Cost": 0.29, "Plan Rows": 2, "Plan Width": 0, "Actual Startup Time": 0.036, "Actual Total Time": 0.036, "Actual Rows": 73, "Actual Loops": 4, "Index Cond": "(movie_id = mi_idx.movie_id)"}]}]}]}]}, "Triggers": [], "Planner Runtime": 2.835, "Total Runtime": 10.327, "Unique SQL Id": 1162488282}}, "(16, '116')": {"explain_plan": {"Plan": {"Node Type": "Aggregate", "Strategy": "Plain", "Startup Cost": 329380.46, "Total Cost": 329380.47, "Plan Rows": 1, "Plan Width": 113, "Plans": [{"Node Type": "Nested Loop", "Parent Relationship": "Outer", "Join Type": "Inner", "Startup Cost": 7502.06, "Total Cost": 326890.42, "Plan Rows": 332005, "Plan Width": 45, "Inner Unique": false, "Join Filter": "(mc.company_type_id = ct.id), (LLVM Optimized)", "Plans": [{"Node Type": "Seq Scan", "Parent Relationship": "Outer", "Relation Name": "company_type", "Alias": "ct", "Startup Cost": 0.0, "Total Cost": 1.04, "Plan Rows": 1, "Plan Width": 4, "Filter": "((kind)::text = 'production companies'::text)"}, {"Node Type": "Nested Loop", "Parent Relationship": "Inner", "Join Type": "Inner", "Startup Cost": 7502.06, "Total Cost": 320024.4, "Plan Rows": 549199, "Plan Width": 49, "Inner Unique": false, "Join Filter": "(t.id = mc.movie_id), (LLVM Optimized)", "Plans": [{"Node Type": "Nested Loop", "Parent Relationship": "Outer", "Join Type": "Inner", "Startup Cost": 7502.06, "Total Cost": 164107.36, "Plan Rows": 396404, "Plan Width": 29, "Inner Unique": true, "Plans": [{"Node Type": "Nested Loop", "Parent Relationship": "Outer", "Join Type": "Inner", "Startup Cost": 7502.06, "Total Cost": 21741.14, "Plan Rows": 345008, "Plan Width": 4, "Inner Unique": false, "Plans": [{"Node Type": "Seq Scan", "Parent Relationship": "Outer", "Relation Name": "info_type", "Alias": "it", "Startup Cost": 0.0, "Total Cost": 2.4, "Plan Rows": 1, "Plan Width": 4, "Filter": "((info)::text = 'bottom 10 rank'::text)"}, {"Node Type": "Bitmap Heap Scan", "Parent Relationship": "Inner", "Relation Name": "movie_info_idx", "Alias": "mi_idx", "Startup Cost": 7502.06, "Total Cost": 18288.66, "Plan Rows": 345008, "Plan Width": 8, "Recheck Cond": "(info_type_id = it.id), (LLVM Optimized)", "Plans": [{"Node Type": "Bitmap Index Scan", "Parent Relationship": "Outer", "Index Name": "info_type_id_movie_info_idx", "Startup Cost": 0.0, "Total Cost": 7415.81, "Plan Rows": 345008, "Plan Width": 0, "Index Cond": "(info_type_id = it.id)"}]}]}, {"Node Type": "Index Scan", "Parent Relationship": "Inner", "Scan Direction": "Forward", "Index Name": "title_pkey", "Relation Name": "title", "Alias": "t", "Startup Cost": 0.0, "Total Cost": 0.4, "Plan Rows": 1, "Plan Width": 25, "Index Cond": "(id = mi_idx.movie_id)", "Filter": "((production_year >= 2005) AND (production_year <= 2010))"}]}, {"Node Type": "Index Scan", "Parent Relationship": "Inner", "Scan Direction": "Forward", "Index Name": "movie_id_movie_companies", "Relation Name": "movie_companies", "Alias": "mc", "Startup Cost": 0.0, "Total Cost": 0.37, "Plan Rows": 2, "Plan Width": 32, "Index Cond": "(movie_id = mi_idx.movie_id)", "Filter": "((note)::text !~~ '%(as Metro-Goldwyn-Mayer Pictures)%'::text)"}]}]}]}, "Unique SQL Id": 1162488282, "Planner Runtime": 3}, "explain_analyze_plan": {"Plan": {"Node Type": "Aggregate", "Strategy": "Plain", "Startup Cost": 329380.46, "Total Cost": 329380.47, "Plan Rows": 1, "Plan Width": 113, "Actual Startup Time": 0.51, "Actual Total Time": 0.51, "Actual Rows": 1, "Actual Loops": 1, "Plans": [{"Node Type": "Nested Loop", "Parent Relationship": "Outer", "Join Type": "Inner", "Startup Cost": 7502.06, "Total Cost": 326890.42, "Plan Rows": 332005, "Plan Width": 45, "Actual Startup Time": 0.481, "Actual Total Time": 0.494, "Actual Rows": 3, "Actual Loops": 1, "Inner Unique": false, "Join Filter": "(mc.company_type_id = ct.id), (LLVM Optimized)", "Rows Removed by Join Filter": 63, "Plans": [{"Node Type": "Seq Scan", "Parent Relationship": "Outer", "Relation Name": "company_type", "Alias": "ct", "Startup Cost": 0.0, "Total Cost": 1.04, "Plan Rows": 1, "Plan Width": 4, "Actual Startup Time": 0.022, "Actual Total Time": 0.024, "Actual Rows": 1, "Actual Loops": 1, "Filter": "((kind)::text = 'production companies'::text)", "Rows Removed by Filter": 2}, {"Node Type": "Nested Loop", "Parent Relationship": "Inner", "Join Type": "Inner", "Startup Cost": 7502.06, "Total Cost": 320024.4, "Plan Rows": 549199, "Plan Width": 49, "Actual Startup Time": 0.235, "Actual Total Time": 0.447, "Actual Rows": 66, "Actual Loops": 1, "Inner Unique": false, "Join Filter": "(t.id = mc.movie_id), (LLVM Optimized)", "Rows Removed by Join Filter": 0, "Plans": [{"Node Type": "Nested Loop", "Parent Relationship": "Outer", "Join Type": "Inner", "Startup Cost": 7502.06, "Total Cost": 164107.36, "Plan Rows": 396404, "Plan Width": 29, "Actual Startup Time": 0.209, "Actual Total Time": 0.273, "Actual Rows": 4, "Actual Loops": 1, "Inner Unique": true, "Plans": [{"Node Type": "Nested Loop", "Parent Relationship": "Outer", "Join Type": "Inner", "Startup Cost": 7502.06, "Total Cost": 21741.14, "Plan Rows": 345008, "Plan Width": 4, "Actual Startup Time": 0.093, "Actual Total Time": 0.102, "Actual Rows": 10, "Actual Loops": 1, "Inner Unique": false, "Plans": [{"Node Type": "Seq Scan", "Parent Relationship": "Outer", "Relation Name": "info_type", "Alias": "it", "Startup Cost": 0.0, "Total Cost": 2.4, "Plan Rows": 1, "Plan Width": 4, "Actual Startup Time": 0.053, "Actual Total Time": 0.058, "Actual Rows": 1, "Actual Loops": 1, "Filter": "((info)::text = 'bottom 10 rank'::text)", "Rows Removed by Filter": 111}, {"Node Type": "Bitmap Heap Scan", "Parent Relationship": "Inner", "Relation Name": "movie_info_idx", "Alias": "mi_idx", "Startup Cost": 7502.06, "Total Cost": 18288.66, "Plan Rows": 345008, "Plan Width": 8, "Actual Startup Time": 0.034, "Actual Total Time": 0.035, "Actual Rows": 10, "Actual Loops": 1, "Recheck Cond": "(info_type_id = it.id), (LLVM Optimized)", "Rows Removed by Index Recheck": 0, "Exact Heap Blocks": 1, "Lossy Heap Blocks": 1, "Plans": [{"Node Type": "Bitmap Index Scan", "Parent Relationship": "Outer", "Index Name": "info_type_id_movie_info_idx", "Startup Cost": 0.0, "Total Cost": 7415.81, "Plan Rows": 345008, "Plan Width": 0, "Actual Startup Time": 0.022, "Actual Total Time": 0.022, "Actual Rows": 10, "Actual Loops": 1, "Index Cond": "(info_type_id = it.id)"}]}]}, {"Node Type": "Index Scan", "Parent Relationship": "Inner", "Scan Direction": "Forward", "Index Name": "title_pkey", "Relation Name": "title", "Alias": "t", "Startup Cost": 0.0, "Total Cost": 0.4, "Plan Rows": 1, "Plan Width": 25, "Actual Startup Time": 0.164, "Actual Total Time": 0.164, "Actual Rows": 4, "Actual Loops": 10, "Index Cond": "(id = mi_idx.movie_id)", "Rows Removed by Index Recheck": 0, "Filter": "((production_year >= 2005) AND (production_year <= 2010))", "Rows Removed by Filter": 6}]}, {"Node Type": "Index Scan", "Parent Relationship": "Inner", "Scan Direction": "Forward", "Index Name": "movie_id_movie_companies", "Relation Name": "movie_companies", "Alias": "mc", "Startup Cost": 0.0, "Total Cost": 0.37, "Plan Rows": 2, "Plan Width": 32, "Actual Startup Time": 0.072, "Actual Total Time": 0.15, "Actual Rows": 66, "Actual Loops": 4, "Index Cond": "(movie_id = mi_idx.movie_id)", "Rows Removed by Index Recheck": 0, "Filter": "((note)::text !~~ '%(as Metro-Goldwyn-Mayer Pictures)%'::text)", "Rows Removed by Filter": 7}]}]}]}, "Triggers": [], "Planner Runtime": 3.187, "Total Runtime": 10.355, "Unique SQL Id": 1162488282}}, "(16, '117')": {"explain_plan": {"Plan": {"Node Type": "Aggregate", "Strategy": "Plain", "Startup Cost": 329403.54, "Total Cost": 329403.55, "Plan Rows": 1, "Plan Width": 113, "Plans": [{"Node Type": "Nested Loop", "Parent Relationship": "Outer", "Join Type": "Inner", "Startup Cost": 7502.06, "Total Cost": 326913.5, "Plan Rows": 332005, "Plan Width": 45, "Inner Unique": false, "Join Filter": "(mc.company_type_id = ct.id), (LLVM Optimized)", "Plans": [{"Node Type": "Index Scan", "Parent Relationship": "Outer", "Scan Direction": "Forward", "Index Name": "company_type_pkey", "Relation Name": "company_type", "Alias": "ct", "Startup Cost": 0.0, "Total Cost": 12.3, "Plan Rows": 1, "Plan Width": 4, "Filter": "((kind)::text = 'production companies'::text)"}, {"Node Type": "Nested Loop", "Parent Relationship": "Inner", "Join Type": "Inner", "Startup Cost": 7502.06, "Total Cost": 320036.21, "Plan Rows": 549199, "Plan Width": 49, "Inner Unique": false, "Join Filter": "(t.id = mc.movie_id), (LLVM Optimized)", "Plans": [{"Node Type": "Nested Loop", "Parent Relationship": "Outer", "Join Type": "Inner", "Startup Cost": 7502.06, "Total Cost": 164119.17, "Plan Rows": 396404, "Plan Width": 29, "Inner Unique": true, "Plans": [{"Node Type": "Nested Loop", "Parent Relationship": "Outer", "Join Type": "Inner", "Startup Cost": 7502.06, "Total Cost": 21752.95, "Plan Rows": 345008, "Plan Width": 4, "Inner Unique": false, "Plans": [{"Node Type": "Index Scan", "Parent Relationship": "Outer", "Scan Direction": "Forward", "Index Name": "info_type_pkey", "Relation Name": "info_type", "Alias": "it", "Startup Cost": 0.0, "Total Cost": 14.21, "Plan Rows": 1, "Plan Width": 4, "Filter": "((info)::text = 'bottom 10 rank'::text)"}, {"Node Type": "Bitmap Heap Scan", "Parent Relationship": "Inner", "Relation Name": "movie_info_idx", "Alias": "mi_idx", "Startup Cost": 7502.06, "Total Cost": 18288.66, "Plan Rows": 345008, "Plan Width": 8, "Recheck Cond": "(info_type_id = it.id), (LLVM Optimized)", "Plans": [{"Node Type": "Bitmap Index Scan", "Parent Relationship": "Outer", "Index Name": "info_type_id_movie_info_idx", "Startup Cost": 0.0, "Total Cost": 7415.81, "Plan Rows": 345008, "Plan Width": 0, "Index Cond": "(info_type_id = it.id)"}]}]}, {"Node Type": "Index Scan", "Parent Relationship": "Inner", "Scan Direction": "Forward", "Index Name": "title_pkey", "Relation Name": "title", "Alias": "t", "Startup Cost": 0.0, "Total Cost": 0.4, "Plan Rows": 1, "Plan Width": 25, "Index Cond": "(id = mi_idx.movie_id)", "Filter": "((production_year >= 2005) AND (production_year <= 2010))"}]}, {"Node Type": "Index Scan", "Parent Relationship": "Inner", "Scan Direction": "Forward", "Index Name": "movie_id_movie_companies", "Relation Name": "movie_companies", "Alias": "mc", "Startup Cost": 0.0, "Total Cost": 0.37, "Plan Rows": 2, "Plan Width": 32, "Index Cond": "(movie_id = mi_idx.movie_id)", "Filter": "((note)::text !~~ '%(as Metro-Goldwyn-Mayer Pictures)%'::text)"}]}]}]}, "Unique SQL Id": 1162488282, "Planner Runtime": 2}, "explain_analyze_plan": {"Plan": {"Node Type": "Aggregate", "Strategy": "Plain", "Startup Cost": 329403.54, "Total Cost": 329403.55, "Plan Rows": 1, "Plan Width": 113, "Actual Startup Time": 0.352, "Actual Total Time": 0.352, "Actual Rows": 1, "Actual Loops": 1, "Plans": [{"Node Type": "Nested Loop", "Parent Relationship": "Outer", "Join Type": "Inner", "Startup Cost": 7502.06, "Total Cost": 326913.5, "Plan Rows": 332005, "Plan Width": 45, "Actual Startup Time": 0.33, "Actual Total Time": 0.339, "Actual Rows": 3, "Actual Loops": 1, "Inner Unique": false, "Join Filter": "(mc.company_type_id = ct.id), (LLVM Optimized)", "Rows Removed by Join Filter": 63, "Plans": [{"Node Type": "Index Scan", "Parent Relationship": "Outer", "Scan Direction": "Forward", "Index Name": "company_type_pkey", "Relation Name": "company_type", "Alias": "ct", "Startup Cost": 0.0, "Total Cost": 12.3, "Plan Rows": 1, "Plan Width": 4, "Actual Startup Time": 0.021, "Actual Total Time": 0.024, "Actual Rows": 1, "Actual Loops": 1, "Filter": "((kind)::text = 'production companies'::text)", "Rows Removed by Filter": 2}, {"Node Type": "Nested Loop", "Parent Relationship": "Inner", "Join Type": "Inner", "Startup Cost": 7502.06, "Total Cost": 320036.21, "Plan Rows": 549199, "Plan Width": 49, "Actual Startup Time": 0.162, "Actual Total Time": 0.296, "Actual Rows": 66, "Actual Loops": 1, "Inner Unique": false, "Join Filter": "(t.id = mc.movie_id), (LLVM Optimized)", "Rows Removed by Join Filter": 0, "Plans": [{"Node Type": "Nested Loop", "Parent Relationship": "Outer", "Join Type": "Inner", "Startup Cost": 7502.06, "Total Cost": 164119.17, "Plan Rows": 396404, "Plan Width": 29, "Actual Startup Time": 0.145, "Actual Total Time": 0.174, "Actual Rows": 4, "Actual Loops": 1, "Inner Unique": true, "Plans": [{"Node Type": "Nested Loop", "Parent Relationship": "Outer", "Join Type": "Inner", "Startup Cost": 7502.06, "Total Cost": 21752.95, "Plan Rows": 345008, "Plan Width": 4, "Actual Startup Time": 0.089, "Actual Total Time": 0.093, "Actual Rows": 10, "Actual Loops": 1, "Inner Unique": false, "Plans": [{"Node Type": "Index Scan", "Parent Relationship": "Outer", "Scan Direction": "Forward", "Index Name": "info_type_pkey", "Relation Name": "info_type", "Alias": "it", "Startup Cost": 0.0, "Total Cost": 14.21, "Plan Rows": 1, "Plan Width": 4, "Actual Startup Time": 0.066, "Actual Total Time": 0.067, "Actual Rows": 1, "Actual Loops": 1, "Filter": "((info)::text = 'bottom 10 rank'::text)", "Rows Removed by Filter": 111}, {"Node Type": "Bitmap Heap Scan", "Parent Relationship": "Inner", "Relation Name": "movie_info_idx", "Alias": "mi_idx", "Startup Cost": 7502.06, "Total Cost": 18288.66, "Plan Rows": 345008, "Plan Width": 8, "Actual Startup Time": 0.018, "Actual Total Time": 0.019, "Actual Rows": 10, "Actual Loops": 1, "Recheck Cond": "(info_type_id = it.id), (LLVM Optimized)", "Rows Removed by Index Recheck": 0, "Exact Heap Blocks": 1, "Lossy Heap Blocks": 1, "Plans": [{"Node Type": "Bitmap Index Scan", "Parent Relationship": "Outer", "Index Name": "info_type_id_movie_info_idx", "Startup Cost": 0.0, "Total Cost": 7415.81, "Plan Rows": 345008, "Plan Width": 0, "Actual Startup Time": 0.011, "Actual Total Time": 0.011, "Actual Rows": 10, "Actual Loops": 1, "Index Cond": "(info_type_id = it.id)"}]}]}, {"Node Type": "Index Scan", "Parent Relationship": "Inner", "Scan Direction": "Forward", "Index Name": "title_pkey", "Relation Name": "title", "Alias": "t", "Startup Cost": 0.0, "Total Cost": 0.4, "Plan Rows": 1, "Plan Width": 25, "Actual Startup Time": 0.07, "Actual Total Time": 0.07, "Actual Rows": 4, "Actual Loops": 10, "Index Cond": "(id = mi_idx.movie_id)", "Rows Removed by Index Recheck": 0, "Filter": "((production_year >= 2005) AND (production_year <= 2010))", "Rows Removed by Filter": 6}]}, {"Node Type": "Index Scan", "Parent Relationship": "Inner", "Scan Direction": "Forward", "Index Name": "movie_id_movie_companies", "Relation Name": "movie_companies", "Alias": "mc", "Startup Cost": 0.0, "Total Cost": 0.37, "Plan Rows": 2, "Plan Width": 32, "Actual Startup Time": 0.039, "Actual Total Time": 0.096, "Actual Rows": 66, "Actual Loops": 4, "Index Cond": "(movie_id = mi_idx.movie_id)", "Rows Removed by Index Recheck": 0, "Filter": "((note)::text !~~ '%(as Metro-Goldwyn-Mayer Pictures)%'::text)", "Rows Removed by Filter": 7}]}]}]}, "Triggers": [], "Planner Runtime": 2.984, "Total Runtime": 10.262, "Unique SQL Id": 1162488282}}, "(16, '118')": {"explain_plan": {"Plan": {"Node Type": "Aggregate", "Strategy": "Plain", "Startup Cost": 3260511.16, "Total Cost": 3260511.17, "Plan Rows": 1, "Plan Width": 113, "Plans": [{"Node Type": "Nested Loop", "Parent Relationship": "Outer", "Join Type": "Inner", "Startup Cost": 0.58, "Total Cost": 3258021.12, "Plan Rows": 332005, "Plan Width": 45, "Inner Unique": false, "Join Filter": "(mc.company_type_id = ct.id), (LLVM Optimized)", "Plans": [{"Node Type": "Seq Scan", "Parent Relationship": "Outer", "Relation Name": "company_type", "Alias": "ct", "Startup Cost": 0.0, "Total Cost": 1.04, "Plan Rows": 1, "Plan Width": 4, "Filter": "((kind)::text = 'production companies'::text)"}, {"Node Type": "Materialize", "Parent Relationship": "Inner", "Startup Cost": 0.58, "Total Cost": 3252528.09, "Plan Rows": 549199, "Plan Width": 49, "Plans": [{"Node Type": "Nested Loop", "Parent Relationship": "Outer", "Join Type": "Inner", "Startup Cost": 0.58, "Total Cost": 3251155.1, "Plan Rows": 549199, "Plan Width": 49, "Inner Unique": false, "Join Filter": "(t.id = mc.movie_id), (LLVM Optimized)", "Plans": [{"Node Type": "Nested Loop", "Parent Relationship": "Outer", "Join Type": "Inner", "Startup Cost": 0.28, "Total Cost": 1527492.54, "Plan Rows": 396404, "Plan Width": 29, "Inner Unique": true, "Plans": [{"Node Type": "Streaming(type: LOCAL GATHER dop: 1/16)", "Parent Relationship": "Outer", "Startup Cost": 0.0, "Total Cost": 39794.02, "Plan Rows": 345008, "Plan Width": 4, "Plans": [{"Node Type": "Nested Loop", "Parent Relationship": "Outer", "Join Type": "Inner", "Startup Cost": 0.0, "Total Cost": 32348.04, "Plan Rows": 345008, "Plan Width": 4, "Inner Unique": false, "Join Filter": "(it.id = mi_idx.info_type_id), (LLVM Optimized)", "Plans": [{"Node Type": "Streaming(type: BROADCAST dop: 16/1)", "Parent Relationship": "Outer", "Startup Cost": 0.0, "Total Cost": 15002.75, "Plan Rows": 16, "Plan Width": 4, "Plans": [{"Node Type": "Seq Scan", "Parent Relationship": "Outer", "Relation Name": "info_type", "Alias": "it", "Startup Cost": 0.0, "Total Cost": 2.4, "Plan Rows": 1, "Plan Width": 4, "Filter": "((info)::text = 'bottom 10 rank'::text)"}]}, {"Node Type": "Seq Scan", "Parent Relationship": "Inner", "Relation Name": "movie_info_idx", "Alias": "mi_idx", "Startup Cost": 0.0, "Total Cost": 16267.15, "Plan Rows": 1380034, "Plan Width": 8}]}]}, {"Node Type": "Bitmap Heap Scan", "Parent Relationship": "Inner", "Relation Name": "title", "Alias": "t", "Startup Cost": 0.28, "Total Cost": 4.3, "Plan Rows": 1, "Plan Width": 25, "Recheck Cond": "(id = mi_idx.movie_id)", "Filter": "((production_year >= 2005) AND (production_year <= 2010))", "Plans": [{"Node Type": "Bitmap Index Scan", "Parent Relationship": "Outer", "Index Name": "title_pkey", "Startup Cost": 0.0, "Total Cost": 0.28, "Plan Rows": 1, "Plan Width": 0, "Index Cond": "(id = mi_idx.movie_id)"}]}]}, {"Node Type": "Bitmap Heap Scan", "Parent Relationship": "Inner", "Relation Name": "movie_companies", "Alias": "mc", "Startup Cost": 0.29, "Total Cost": 4.32, "Plan Rows": 2, "Plan Width": 32, "Recheck Cond": "(movie_id = mi_idx.movie_id)", "Filter": "((note)::text !~~ '%(as Metro-Goldwyn-Mayer Pictures)%'::text)", "Plans": [{"Node Type": "Bitmap Index Scan", "Parent Relationship": "Outer", "Index Name": "movie_id_movie_companies", "Startup Cost": 0.0, "Total Cost": 0.29, "Plan Rows": 2, "Plan Width": 0, "Index Cond": "(movie_id = mi_idx.movie_id)"}]}]}]}]}]}, "Unique SQL Id": 1162488282, "Planner Runtime": 3}, "explain_analyze_plan": {"Plan": {"Node Type": "Aggregate", "Strategy": "Plain", "Startup Cost": 3260511.16, "Total Cost": 3260511.17, "Plan Rows": 1, "Plan Width": 113, "Actual Min Startup Time": 76.113, "Actual Max Startup Time": 76.113, "Actual Min Total Time": 76.113, "Actual Max Total Time": 76.113, "Plans": [{"Node Type": "Nested Loop", "Parent Relationship": "Outer", "Join Type": "Inner", "Startup Cost": 0.58, "Total Cost": 3258021.12, "Plan Rows": 332005, "Plan Width": 45, "Actual Min Startup Time": 76.08, "Actual Max Startup Time": 76.08, "Actual Min Total Time": 76.084, "Actual Max Total Time": 76.084, "Inner Unique": false, "Join Filter": "(mc.company_type_id = ct.id), (LLVM Optimized)", "Rows Removed by Join Filter": 63, "Plans": [{"Node Type": "Seq Scan", "Parent Relationship": "Outer", "Relation Name": "company_type", "Alias": "ct", "Startup Cost": 0.0, "Total Cost": 1.04, "Plan Rows": 1, "Plan Width": 4, "Actual Min Startup Time": 0.021, "Actual Max Startup Time": 0.021, "Actual Min Total Time": 0.023, "Actual Max Total Time": 0.023, "Filter": "((kind)::text = 'production companies'::text)", "Rows Removed by Filter": 2, "Actual Rows": 1}, {"Node Type": "Materialize", "Parent Relationship": "Inner", "Startup Cost": 0.58, "Total Cost": 3252528.09, "Plan Rows": 549199, "Plan Width": 49, "Actual Min Startup Time": 76.028, "Actual Max Startup Time": 76.028, "Actual Min Total Time": 76.036, "Actual Max Total Time": 76.036, "Plans": [{"Node Type": "Nested Loop", "Parent Relationship": "Outer", "Join Type": "Inner", "Startup Cost": 0.58, "Total Cost": 3251155.1, "Plan Rows": 549199, "Plan Width": 49, "Actual Min Startup Time": 68.964, "Actual Max Startup Time": 68.964, "Actual Min Total Time": 76.003, "Actual Max Total Time": 76.003, "Inner Unique": false, "Join Filter": "(t.id = mc.movie_id), (LLVM Optimized)", "Rows Removed by Join Filter": 0, "Plans": [{"Node Type": "Nested Loop", "Parent Relationship": "Outer", "Join Type": "Inner", "Startup Cost": 0.28, "Total Cost": 1527492.54, "Plan Rows": 396404, "Plan Width": 29, "Actual Min Startup Time": 68.888, "Actual Max Startup Time": 68.888, "Actual Min Total Time": 75.783, "Actual Max Total Time": 75.783, "Inner Unique": true, "Plans": [{"Node Type": "Streaming(type: LOCAL GATHER dop: 1/16)", "Parent Relationship": "Outer", "Startup Cost": 0.0, "Total Cost": 39794.02, "Plan Rows": 345008, "Plan Width": 4, "Actual Min Startup Time": 68.703, "Actual Max Startup Time": 68.703, "Actual Min Total Time": 75.543, "Actual Max Total Time": 75.543, "Plans": [{"Node Type": "Nested Loop", "Parent Relationship": "Outer", "Join Type": "Inner", "Startup Cost": 0.0, "Total Cost": 32348.04, "Plan Rows": 345008, "Plan Width": 4, "Actual Min Startup Time": 34.759, "Actual Max Startup Time": 41.151, "Actual Min Total Time": 34.759, "Actual Max Total Time": 41.161, "Inner Unique": false, "Join Filter": "(it.id = mi_idx.info_type_id), (LLVM Optimized)", "Rows Removed by Join Filter": 1380024, "Plans": [{"Node Type": "Streaming(type: BROADCAST dop: 16/1)", "Parent Relationship": "Outer", "Startup Cost": 0.0, "Total Cost": 15002.75, "Plan Rows": 16, "Plan Width": 4, "Actual Min Startup Time": 0.003, "Actual Max Startup Time": 0.008, "Actual Min Total Time": 0.003, "Actual Max Total Time": 0.01, "Plans": [{"Node Type": "Seq Scan", "Parent Relationship": "Outer", "Relation Name": "info_type", "Alias": "it", "Startup Cost": 0.0, "Total Cost": 2.4, "Plan Rows": 1, "Plan Width": 4, "Actual Min Startup Time": 0.076, "Actual Max Startup Time": 0.076, "Actual Min Total Time": 0.079, "Actual Max Total Time": 0.079, "Filter": "((info)::text = 'bottom 10 rank'::text)", "Rows Removed by Filter": 111, "Actual Rows": 1}], "Actual Rows": 16}, {"Node Type": "Seq Scan", "Parent Relationship": "Inner", "Relation Name": "movie_info_idx", "Alias": "mi_idx", "Startup Cost": 0.0, "Total Cost": 16267.15, "Plan Rows": 1380034, "Plan Width": 8, "Actual Min Startup Time": 0.032, "Actual Max Startup Time": 0.04, "Actual Min Total Time": 18.566, "Actual Max Total Time": 21.957, "Actual Rows": 1380034}], "Actual Rows": 10}], "Actual Rows": 10}, {"Node Type": "Bitmap Heap Scan", "Parent Relationship": "Inner", "Relation Name": "title", "Alias": "t", "Startup Cost": 0.28, "Total Cost": 4.3, "Plan Rows": 1, "Plan Width": 25, "Actual Min Startup Time": 0.208, "Actual Max Startup Time": 0.208, "Actual Min Total Time": 0.208, "Actual Max Total Time": 0.208, "Recheck Cond": "(id = mi_idx.movie_id)", "Rows Removed by Index Recheck": 0, "Filter": "((production_year >= 2005) AND (production_year <= 2010))", "Rows Removed by Filter": 6, "Exact Heap Blocks": 10, "Lossy Heap Blocks": 10, "Plans": [{"Node Type": "Bitmap Index Scan", "Parent Relationship": "Outer", "Index Name": "title_pkey", "Startup Cost": 0.0, "Total Cost": 0.28, "Plan Rows": 1, "Plan Width": 0, "Actual Min Startup Time": 0.117, "Actual Max Startup Time": 0.117, "Actual Min Total Time": 0.117, "Actual Max Total Time": 0.117, "Index Cond": "(id = mi_idx.movie_id)", "Actual Rows": 10}], "Actual Rows": 4}], "Actual Rows": 4}, {"Node Type": "Bitmap Heap Scan", "Parent Relationship": "Inner", "Relation Name": "movie_companies", "Alias": "mc", "Startup Cost": 0.29, "Total Cost": 4.32, "Plan Rows": 2, "Plan Width": 32, "Actual Min Startup Time": 0.128, "Actual Max Startup Time": 0.128, "Actual Min Total Time": 0.192, "Actual Max Total Time": 0.192, "Recheck Cond": "(movie_id = mi_idx.movie_id)", "Rows Removed by Index Recheck": 0, "Filter": "((note)::text !~~ '%(as Metro-Goldwyn-Mayer Pictures)%'::text)", "Rows Removed by Filter": 7, "Exact Heap Blocks": 9, "Lossy Heap Blocks": 9, "Plans": [{"Node Type": "Bitmap Index Scan", "Parent Relationship": "Outer", "Index Name": "movie_id_movie_companies", "Startup Cost": 0.0, "Total Cost": 0.29, "Plan Rows": 2, "Plan Width": 0, "Actual Min Startup Time": 0.055, "Actual Max Startup Time": 0.055, "Actual Min Total Time": 0.055, "Actual Max Total Time": 0.055, "Index Cond": "(movie_id = mi_idx.movie_id)", "Actual Rows": 73}], "Actual Rows": 66}], "Actual Rows": 66}], "Actual Rows": 67}], "Actual Rows": 3}], "Actual Rows": 1}, "Triggers": [], "Planner Runtime": 3.714, "Total Runtime": 90.707, "Unique SQL Id": 1162488282}}, "(16, '119')": {"explain_plan": {"Plan": {"Node Type": "Aggregate", "Strategy": "Plain", "Startup Cost": 3242481.36, "Total Cost": 3242481.37, "Plan Rows": 1, "Plan Width": 113, "Plans": [{"Node Type": "Nested Loop", "Parent Relationship": "Outer", "Join Type": "Inner", "Startup Cost": 7519.72, "Total Cost": 3239991.32, "Plan Rows": 332005, "Plan Width": 45, "Inner Unique": false, "Join Filter": "(mc.company_type_id = ct.id), (LLVM Optimized)", "Plans": [{"Node Type": "Bitmap Heap Scan", "Parent Relationship": "Outer", "Relation Name": "company_type", "Alias": "ct", "Startup Cost": 8.27, "Total Cost": 12.3, "Plan Rows": 1, "Plan Width": 4, "Filter": "((kind)::text = 'production companies'::text)", "Plans": [{"Node Type": "Bitmap Index Scan", "Parent Relationship": "Outer", "Index Name": "company_type_pkey", "Startup Cost": 0.0, "Total Cost": 8.27, "Plan Rows": 3, "Plan Width": 0}]}, {"Node Type": "Nested Loop", "Parent Relationship": "Inner", "Join Type": "Inner", "Startup Cost": 7511.45, "Total Cost": 3233114.03, "Plan Rows": 549199, "Plan Width": 49, "Inner Unique": false, "Join Filter": "(t.id = mc.movie_id), (LLVM Optimized)", "Plans": [{"Node Type": "Nested Loop", "Parent Relationship": "Outer", "Join Type": "Inner", "Startup Cost": 7511.16, "Total Cost": 1509451.47, "Plan Rows": 396404, "Plan Width": 29, "Inner Unique": true, "Plans": [{"Node Type": "Nested Loop", "Parent Relationship": "Outer", "Join Type": "Inner", "Startup Cost": 7510.87, "Total Cost": 21752.95, "Plan Rows": 345008, "Plan Width": 4, "Inner Unique": false, "Plans": [{"Node Type": "Bitmap Heap Scan", "Parent Relationship": "Outer", "Relation Name": "info_type", "Alias": "it", "Startup Cost": 8.81, "Total Cost": 14.21, "Plan Rows": 1, "Plan Width": 4, "Filter": "((info)::text = 'bottom 10 rank'::text)", "Plans": [{"Node Type": "Bitmap Index Scan", "Parent Relationship": "Outer", "Index Name": "info_type_pkey", "Startup Cost": 0.0, "Total Cost": 8.81, "Plan Rows": 112, "Plan Width": 0}]}, {"Node Type": "Bitmap Heap Scan", "Parent Relationship": "Inner", "Relation Name": "movie_info_idx", "Alias": "mi_idx", "Startup Cost": 7502.06, "Total Cost": 18288.66, "Plan Rows": 345008, "Plan Width": 8, "Recheck Cond": "(info_type_id = it.id), (LLVM Optimized)", "Plans": [{"Node Type": "Bitmap Index Scan", "Parent Relationship": "Outer", "Index Name": "info_type_id_movie_info_idx", "Startup Cost": 0.0, "Total Cost": 7415.81, "Plan Rows": 345008, "Plan Width": 0, "Index Cond": "(info_type_id = it.id)"}]}]}, {"Node Type": "Bitmap Heap Scan", "Parent Relationship": "Inner", "Relation Name": "title", "Alias": "t", "Startup Cost": 0.28, "Total Cost": 4.3, "Plan Rows": 1, "Plan Width": 25, "Recheck Cond": "(id = mi_idx.movie_id)", "Filter": "((production_year >= 2005) AND (production_year <= 2010))", "Plans": [{"Node Type": "Bitmap Index Scan", "Parent Relationship": "Outer", "Index Name": "title_pkey", "Startup Cost": 0.0, "Total Cost": 0.28, "Plan Rows": 1, "Plan Width": 0, "Index Cond": "(id = mi_idx.movie_id)"}]}]}, {"Node Type": "Bitmap Heap Scan", "Parent Relationship": "Inner", "Relation Name": "movie_companies", "Alias": "mc", "Startup Cost": 0.29, "Total Cost": 4.32, "Plan Rows": 2, "Plan Width": 32, "Recheck Cond": "(movie_id = mi_idx.movie_id)", "Filter": "((note)::text !~~ '%(as Metro-Goldwyn-Mayer Pictures)%'::text)", "Plans": [{"Node Type": "Bitmap Index Scan", "Parent Relationship": "Outer", "Index Name": "movie_id_movie_companies", "Startup Cost": 0.0, "Total Cost": 0.29, "Plan Rows": 2, "Plan Width": 0, "Index Cond": "(movie_id = mi_idx.movie_id)"}]}]}]}]}, "Unique SQL Id": 1162488282, "Planner Runtime": 2}, "explain_analyze_plan": {"Plan": {"Node Type": "Aggregate", "Strategy": "Plain", "Startup Cost": 3242481.36, "Total Cost": 3242481.37, "Plan Rows": 1, "Plan Width": 113, "Actual Startup Time": 0.424, "Actual Total Time": 0.425, "Actual Rows": 1, "Actual Loops": 1, "Plans": [{"Node Type": "Nested Loop", "Parent Relationship": "Outer", "Join Type": "Inner", "Startup Cost": 7519.72, "Total Cost": 3239991.32, "Plan Rows": 332005, "Plan Width": 45, "Actual Startup Time": 0.4, "Actual Total Time": 0.406, "Actual Rows": 3, "Actual Loops": 1, "Inner Unique": false, "Join Filter": "(mc.company_type_id = ct.id), (LLVM Optimized)", "Rows Removed by Join Filter": 63, "Plans": [{"Node Type": "Bitmap Heap Scan", "Parent Relationship": "Outer", "Relation Name": "company_type", "Alias": "ct", "Startup Cost": 8.27, "Total Cost": 12.3, "Plan Rows": 1, "Plan Width": 4, "Actual Startup Time": 0.038, "Actual Total Time": 0.039, "Actual Rows": 1, "Actual Loops": 1, "Filter": "((kind)::text = 'production companies'::text)", "Rows Removed by Filter": 2, "Exact Heap Blocks": 1, "Lossy Heap Blocks": 1, "Plans": [{"Node Type": "Bitmap Index Scan", "Parent Relationship": "Outer", "Index Name": "company_type_pkey", "Startup Cost": 0.0, "Total Cost": 8.27, "Plan Rows": 3, "Plan Width": 0, "Actual Startup Time": 0.014, "Actual Total Time": 0.014, "Actual Rows": 3, "Actual Loops": 1}]}, {"Node Type": "Nested Loop", "Parent Relationship": "Inner", "Join Type": "Inner", "Startup Cost": 7511.45, "Total Cost": 3233114.03, "Plan Rows": 549199, "Plan Width": 49, "Actual Startup Time": 0.197, "Actual Total Time": 0.347, "Actual Rows": 66, "Actual Loops": 1, "Inner Unique": false, "Join Filter": "(t.id = mc.movie_id), (LLVM Optimized)", "Rows Removed by Join Filter": 0, "Plans": [{"Node Type": "Nested Loop", "Parent Relationship": "Outer", "Join Type": "Inner", "Startup Cost": 7511.16, "Total Cost": 1509451.47, "Plan Rows": 396404, "Plan Width": 29, "Actual Startup Time": 0.157, "Actual Total Time": 0.196, "Actual Rows": 4, "Actual Loops": 1, "Inner Unique": true, "Plans": [{"Node Type": "Nested Loop", "Parent Relationship": "Outer", "Join Type": "Inner", "Startup Cost": 7510.87, "Total Cost": 21752.95, "Plan Rows": 345008, "Plan Width": 4, "Actual Startup Time": 0.087, "Actual Total Time": 0.091, "Actual Rows": 10, "Actual Loops": 1, "Inner Unique": false, "Plans": [{"Node Type": "Bitmap Heap Scan", "Parent Relationship": "Outer", "Relation Name": "info_type", "Alias": "it", "Startup Cost": 8.81, "Total Cost": 14.21, "Plan Rows": 1, "Plan Width": 4, "Actual Startup Time": 0.062, "Actual Total Time": 0.062, "Actual Rows": 1, "Actual Loops": 1, "Filter": "((info)::text = 'bottom 10 rank'::text)", "Rows Removed by Filter": 111, "Exact Heap Blocks": 1, "Lossy Heap Blocks": 1, "Plans": [{"Node Type": "Bitmap Index Scan", "Parent Relationship": "Outer", "Index Name": "info_type_pkey", "Startup Cost": 0.0, "Total Cost": 8.81, "Plan Rows": 112, "Plan Width": 0, "Actual Startup Time": 0.012, "Actual Total Time": 0.012, "Actual Rows": 112, "Actual Loops": 1}]}, {"Node Type": "Bitmap Heap Scan", "Parent Relationship": "Inner", "Relation Name": "movie_info_idx", "Alias": "mi_idx", "Startup Cost": 7502.06, "Total Cost": 18288.66, "Plan Rows": 345008, "Plan Width": 8, "Actual Startup Time": 0.022, "Actual Total Time": 0.022, "Actual Rows": 10, "Actual Loops": 1, "Recheck Cond": "(info_type_id = it.id), (LLVM Optimized)", "Rows Removed by Index Recheck": 0, "Exact Heap Blocks": 1, "Lossy Heap Blocks": 1, "Plans": [{"Node Type": "Bitmap Index Scan", "Parent Relationship": "Outer", "Index Name": "info_type_id_movie_info_idx", "Startup Cost": 0.0, "Total Cost": 7415.81, "Plan Rows": 345008, "Plan Width": 0, "Actual Startup Time": 0.012, "Actual Total Time": 0.012, "Actual Rows": 10, "Actual Loops": 1, "Index Cond": "(info_type_id = it.id)"}]}]}, {"Node Type": "Bitmap Heap Scan", "Parent Relationship": "Inner", "Relation Name": "title", "Alias": "t", "Startup Cost": 0.28, "Total Cost": 4.3, "Plan Rows": 1, "Plan Width": 25, "Actual Startup Time": 0.089, "Actual Total Time": 0.089, "Actual Rows": 4, "Actual Loops": 10, "Recheck Cond": "(id = mi_idx.movie_id)", "Rows Removed by Index Recheck": 0, "Filter": "((production_year >= 2005) AND (production_year <= 2010))", "Rows Removed by Filter": 6, "Exact Heap Blocks": 10, "Lossy Heap Blocks": 10, "Plans": [{"Node Type": "Bitmap Index Scan", "Parent Relationship": "Outer", "Index Name": "title_pkey", "Startup Cost": 0.0, "Total Cost": 0.28, "Plan Rows": 1, "Plan Width": 0, "Actual Startup Time": 0.057, "Actual Total Time": 0.057, "Actual Rows": 10, "Actual Loops": 10, "Index Cond": "(id = mi_idx.movie_id)"}]}]}, {"Node Type": "Bitmap Heap Scan", "Parent Relationship": "Inner", "Relation Name": "movie_companies", "Alias": "mc", "Startup Cost": 0.29, "Total Cost": 4.32, "Plan Rows": 2, "Plan Width": 32, "Actual Startup Time": 0.073, "Actual Total Time": 0.116, "Actual Rows": 66, "Actual Loops": 4, "Recheck Cond": "(movie_id = mi_idx.movie_id)", "Rows Removed by Index Recheck": 0, "Filter": "((note)::text !~~ '%(as Metro-Goldwyn-Mayer Pictures)%'::text)", "Rows Removed by Filter": 7, "Exact Heap Blocks": 9, "Lossy Heap Blocks": 9, "Plans": [{"Node Type": "Bitmap Index Scan", "Parent Relationship": "Outer", "Index Name": "movie_id_movie_companies", "Startup Cost": 0.0, "Total Cost": 0.29, "Plan Rows": 2, "Plan Width": 0, "Actual Startup Time": 0.036, "Actual Total Time": 0.036, "Actual Rows": 73, "Actual Loops": 4, "Index Cond": "(movie_id = mi_idx.movie_id)"}]}]}]}]}, "Triggers": [], "Planner Runtime": 2.835, "Total Runtime": 10.327, "Unique SQL Id": 1162488282}}, "(16, '120')": {"explain_plan": {"Plan": {"Node Type": "Aggregate", "Strategy": "Plain", "Startup Cost": 347433.34, "Total Cost": 347433.35, "Plan Rows": 1, "Plan Width": 113, "Plans": [{"Node Type": "Nested Loop", "Parent Relationship": "Outer", "Join Type": "Inner", "Startup Cost": 0.0, "Total Cost": 344943.3, "Plan Rows": 332005, "Plan Width": 45, "Inner Unique": false, "Join Filter": "(mc.company_type_id = ct.id), (LLVM Optimized)", "Plans": [{"Node Type": "Seq Scan", "Parent Relationship": "Outer", "Relation Name": "company_type", "Alias": "ct", "Startup Cost": 0.0, "Total Cost": 1.04, "Plan Rows": 1, "Plan Width": 4, "Filter": "((kind)::text = 'production companies'::text)"}, {"Node Type": "Materialize", "Parent Relationship": "Inner", "Startup Cost": 0.0, "Total Cost": 339450.27, "Plan Rows": 549199, "Plan Width": 49, "Plans": [{"Node Type": "Nested Loop", "Parent Relationship": "Outer", "Join Type": "Inner", "Startup Cost": 0.0, "Total Cost": 338077.27, "Plan Rows": 549199, "Plan Width": 49, "Inner Unique": false, "Join Filter": "(t.id = mc.movie_id), (LLVM Optimized)", "Plans": [{"Node Type": "Nested Loop", "Parent Relationship": "Outer", "Join Type": "Inner", "Startup Cost": 0.0, "Total Cost": 182160.23, "Plan Rows": 396404, "Plan Width": 29, "Inner Unique": true, "Plans": [{"Node Type": "Streaming(type: LOCAL GATHER dop: 1/16)", "Parent Relationship": "Outer", "Startup Cost": 0.0, "Total Cost": 39794.02, "Plan Rows": 345008, "Plan Width": 4, "Plans": [{"Node Type": "Nested Loop", "Parent Relationship": "Outer", "Join Type": "Inner", "Startup Cost": 0.0, "Total Cost": 32348.04, "Plan Rows": 345008, "Plan Width": 4, "Inner Unique": false, "Join Filter": "(it.id = mi_idx.info_type_id), (LLVM Optimized)", "Plans": [{"Node Type": "Streaming(type: BROADCAST dop: 16/1)", "Parent Relationship": "Outer", "Startup Cost": 0.0, "Total Cost": 15002.75, "Plan Rows": 16, "Plan Width": 4, "Plans": [{"Node Type": "Seq Scan", "Parent Relationship": "Outer", "Relation Name": "info_type", "Alias": "it", "Startup Cost": 0.0, "Total Cost": 2.4, "Plan Rows": 1, "Plan Width": 4, "Filter": "((info)::text = 'bottom 10 rank'::text)"}]}, {"Node Type": "Seq Scan", "Parent Relationship": "Inner", "Relation Name": "movie_info_idx", "Alias": "mi_idx", "Startup Cost": 0.0, "Total Cost": 16267.15, "Plan Rows": 1380034, "Plan Width": 8}]}]}, {"Node Type": "Index Scan", "Parent Relationship": "Inner", "Scan Direction": "Forward", "Index Name": "title_pkey", "Relation Name": "title", "Alias": "t", "Startup Cost": 0.0, "Total Cost": 0.4, "Plan Rows": 1, "Plan Width": 25, "Index Cond": "(id = mi_idx.movie_id)", "Filter": "((production_year >= 2005) AND (production_year <= 2010))"}]}, {"Node Type": "Index Scan", "Parent Relationship": "Inner", "Scan Direction": "Forward", "Index Name": "movie_id_movie_companies", "Relation Name": "movie_companies", "Alias": "mc", "Startup Cost": 0.0, "Total Cost": 0.37, "Plan Rows": 2, "Plan Width": 32, "Index Cond": "(movie_id = mi_idx.movie_id)", "Filter": "((note)::text !~~ '%(as Metro-Goldwyn-Mayer Pictures)%'::text)"}]}]}]}]}, "Unique SQL Id": 1162488282, "Planner Runtime": 3}, "explain_analyze_plan": {"Plan": {"Node Type": "Aggregate", "Strategy": "Plain", "Startup Cost": 347433.34, "Total Cost": 347433.35, "Plan Rows": 1, "Plan Width": 113, "Actual Min Startup Time": 88.206, "Actual Max Startup Time": 88.206, "Actual Min Total Time": 88.207, "Actual Max Total Time": 88.207, "Plans": [{"Node Type": "Nested Loop", "Parent Relationship": "Outer", "Join Type": "Inner", "Startup Cost": 0.0, "Total Cost": 344943.3, "Plan Rows": 332005, "Plan Width": 45, "Actual Min Startup Time": 88.175, "Actual Max Startup Time": 88.175, "Actual Min Total Time": 88.181, "Actual Max Total Time": 88.181, "Inner Unique": false, "Join Filter": "(mc.company_type_id = ct.id), (LLVM Optimized)", "Rows Removed by Join Filter": 63, "Plans": [{"Node Type": "Seq Scan", "Parent Relationship": "Outer", "Relation Name": "company_type", "Alias": "ct", "Startup Cost": 0.0, "Total Cost": 1.04, "Plan Rows": 1, "Plan Width": 4, "Actual Min Startup Time": 0.014, "Actual Max Startup Time": 0.014, "Actual Min Total Time": 0.017, "Actual Max Total Time": 0.017, "Filter": "((kind)::text = 'production companies'::text)", "Rows Removed by Filter": 2, "Actual Rows": 1}, {"Node Type": "Materialize", "Parent Relationship": "Inner", "Startup Cost": 0.0, "Total Cost": 339450.27, "Plan Rows": 549199, "Plan Width": 49, "Actual Min Startup Time": 88.125, "Actual Max Startup Time": 88.125, "Actual Min Total Time": 88.132, "Actual Max Total Time": 88.132, "Plans": [{"Node Type": "Nested Loop", "Parent Relationship": "Outer", "Join Type": "Inner", "Startup Cost": 0.0, "Total Cost": 338077.27, "Plan Rows": 549199, "Plan Width": 49, "Actual Min Startup Time": 87.923, "Actual Max Startup Time": 87.923, "Actual Min Total Time": 88.074, "Actual Max Total Time": 88.074, "Inner Unique": false, "Join Filter": "(t.id = mc.movie_id), (LLVM Optimized)", "Rows Removed by Join Filter": 0, "Plans": [{"Node Type": "Nested Loop", "Parent Relationship": "Outer", "Join Type": "Inner", "Startup Cost": 0.0, "Total Cost": 182160.23, "Plan Rows": 396404, "Plan Width": 29, "Actual Min Startup Time": 87.897, "Actual Max Startup Time": 87.897, "Actual Min Total Time": 87.931, "Actual Max Total Time": 87.931, "Inner Unique": true, "Plans": [{"Node Type": "Streaming(type: LOCAL GATHER dop: 1/16)", "Parent Relationship": "Outer", "Startup Cost": 0.0, "Total Cost": 39794.02, "Plan Rows": 345008, "Plan Width": 4, "Actual Min Startup Time": 87.77, "Actual Max Startup Time": 87.77, "Actual Min Total Time": 87.771, "Actual Max Total Time": 87.771, "Plans": [{"Node Type": "Nested Loop", "Parent Relationship": "Outer", "Join Type": "Inner", "Startup Cost": 0.0, "Total Cost": 32348.04, "Plan Rows": 345008, "Plan Width": 4, "Actual Min Startup Time": 34.745, "Actual Max Startup Time": 41.135, "Actual Min Total Time": 34.745, "Actual Max Total Time": 41.141, "Inner Unique": false, "Join Filter": "(it.id = mi_idx.info_type_id), (LLVM Optimized)", "Rows Removed by Join Filter": 1380024, "Plans": [{"Node Type": "Streaming(type: BROADCAST dop: 16/1)", "Parent Relationship": "Outer", "Startup Cost": 0.0, "Total Cost": 15002.75, "Plan Rows": 16, "Plan Width": 4, "Actual Min Startup Time": 0.002, "Actual Max Startup Time": 0.006, "Actual Min Total Time": 0.002, "Actual Max Total Time": 0.009, "Plans": [{"Node Type": "Seq Scan", "Parent Relationship": "Outer", "Relation Name": "info_type", "Alias": "it", "Startup Cost": 0.0, "Total Cost": 2.4, "Plan Rows": 1, "Plan Width": 4, "Actual Min Startup Time": 0.07, "Actual Max Startup Time": 0.07, "Actual Min Total Time": 0.073, "Actual Max Total Time": 0.073, "Filter": "((info)::text = 'bottom 10 rank'::text)", "Rows Removed by Filter": 111, "Actual Rows": 1}], "Actual Rows": 16}, {"Node Type": "Seq Scan", "Parent Relationship": "Inner", "Relation Name": "movie_info_idx", "Alias": "mi_idx", "Startup Cost": 0.0, "Total Cost": 16267.15, "Plan Rows": 1380034, "Plan Width": 8, "Actual Min Startup Time": 0.035, "Actual Max Startup Time": 0.048, "Actual Min Total Time": 18.527, "Actual Max Total Time": 21.924, "Actual Rows": 1380034}], "Actual Rows": 10}], "Actual Rows": 10}, {"Node Type": "Index Scan", "Parent Relationship": "Inner", "Scan Direction": "Forward", "Index Name": "title_pkey", "Relation Name": "title", "Alias": "t", "Startup Cost": 0.0, "Total Cost": 0.4, "Plan Rows": 1, "Plan Width": 25, "Actual Min Startup Time": 0.142, "Actual Max Startup Time": 0.142, "Actual Min Total Time": 0.142, "Actual Max Total Time": 0.142, "Index Cond": "(id = mi_idx.movie_id)", "Rows Removed by Index Recheck": 0, "Filter": "((production_year >= 2005) AND (production_year <= 2010))", "Rows Removed by Filter": 6, "Actual Rows": 4}], "Actual Rows": 4}, {"Node Type": "Index Scan", "Parent Relationship": "Inner", "Scan Direction": "Forward", "Index Name": "movie_id_movie_companies", "Relation Name": "movie_companies", "Alias": "mc", "Startup Cost": 0.0, "Total Cost": 0.37, "Plan Rows": 2, "Plan Width": 32, "Actual Min Startup Time": 0.048, "Actual Max Startup Time": 0.048, "Actual Min Total Time": 0.113, "Actual Max Total Time": 0.113, "Index Cond": "(movie_id = mi_idx.movie_id)", "Rows Removed by Index Recheck": 0, "Filter": "((note)::text !~~ '%(as Metro-Goldwyn-Mayer Pictures)%'::text)", "Rows Removed by Filter": 7, "Actual Rows": 66}], "Actual Rows": 66}], "Actual Rows": 67}], "Actual Rows": 3}], "Actual Rows": 1}, "Triggers": [], "Planner Runtime": 3.145, "Total Runtime": 100.719, "Unique SQL Id": 1162488282}}, "(16, '121')": {"explain_plan": {"Plan": {"Node Type": "Aggregate", "Strategy": "Plain", "Startup Cost": 345988.79, "Total Cost": 345988.8, "Plan Rows": 1, "Plan Width": 113, "Plans": [{"Node Type": "Nested Loop", "Parent Relationship": "Outer", "Join Type": "Inner", "Startup Cost": 0.0, "Total Cost": 343498.75, "Plan Rows": 332005, "Plan Width": 45, "Inner Unique": false, "Join Filter": "(mc.company_type_id = ct.id), (LLVM Optimized)", "Plans": [{"Node Type": "Index Scan", "Parent Relationship": "Outer", "Scan Direction": "Forward", "Index Name": "company_type_pkey", "Relation Name": "company_type", "Alias": "ct", "Startup Cost": 0.0, "Total Cost": 12.3, "Plan Rows": 1, "Plan Width": 4, "Filter": "((kind)::text = 'production companies'::text)"}, {"Node Type": "Nested Loop", "Parent Relationship": "Inner", "Join Type": "Inner", "Startup Cost": 0.0, "Total Cost": 336621.46, "Plan Rows": 549199, "Plan Width": 49, "Inner Unique": false, "Join Filter": "(t.id = mc.movie_id), (LLVM Optimized)", "Plans": [{"Node Type": "Nested Loop", "Parent Relationship": "Outer", "Join Type": "Inner", "Startup Cost": 0.0, "Total Cost": 180704.42, "Plan Rows": 396404, "Plan Width": 29, "Inner Unique": true, "Plans": [{"Node Type": "Nested Loop", "Parent Relationship": "Outer", "Join Type": "Inner", "Startup Cost": 0.0, "Total Cost": 38338.2, "Plan Rows": 345008, "Plan Width": 4, "Inner Unique": false, "Plans": [{"Node Type": "Index Scan", "Parent Relationship": "Outer", "Scan Direction": "Forward", "Index Name": "info_type_pkey", "Relation Name": "info_type", "Alias": "it", "Startup Cost": 0.0, "Total Cost": 14.21, "Plan Rows": 1, "Plan Width": 4, "Filter": "((info)::text = 'bottom 10 rank'::text)"}, {"Node Type": "Index Scan", "Parent Relationship": "Inner", "Scan Direction": "Forward", "Index Name": "info_type_id_movie_info_idx", "Relation Name": "movie_info_idx", "Alias": "mi_idx", "Startup Cost": 0.0, "Total Cost": 34873.91, "Plan Rows": 345008, "Plan Width": 8, "Index Cond": "(info_type_id = it.id), (LLVM Optimized)"}]}, {"Node Type": "Index Scan", "Parent Relationship": "Inner", "Scan Direction": "Forward", "Index Name": "title_pkey", "Relation Name": "title", "Alias": "t", "Startup Cost": 0.0, "Total Cost": 0.4, "Plan Rows": 1, "Plan Width": 25, "Index Cond": "(id = mi_idx.movie_id)", "Filter": "((production_year >= 2005) AND (production_year <= 2010))"}]}, {"Node Type": "Index Scan", "Parent Relationship": "Inner", "Scan Direction": "Forward", "Index Name": "movie_id_movie_companies", "Relation Name": "movie_companies", "Alias": "mc", "Startup Cost": 0.0, "Total Cost": 0.37, "Plan Rows": 2, "Plan Width": 32, "Index Cond": "(movie_id = mi_idx.movie_id)", "Filter": "((note)::text !~~ '%(as Metro-Goldwyn-Mayer Pictures)%'::text)"}]}]}]}, "Unique SQL Id": 1162488282, "Planner Runtime": 2}, "explain_analyze_plan": {"Plan": {"Node Type": "Aggregate", "Strategy": "Plain", "Startup Cost": 345988.79, "Total Cost": 345988.8, "Plan Rows": 1, "Plan Width": 113, "Actual Startup Time": 0.36, "Actual Total Time": 0.36, "Actual Rows": 1, "Actual Loops": 1, "Plans": [{"Node Type": "Nested Loop", "Parent Relationship": "Outer", "Join Type": "Inner", "Startup Cost": 0.0, "Total Cost": 343498.75, "Plan Rows": 332005, "Plan Width": 45, "Actual Startup Time": 0.331, "Actual Total Time": 0.34, "Actual Rows": 3, "Actual Loops": 1, "Inner Unique": false, "Join Filter": "(mc.company_type_id = ct.id), (LLVM Optimized)", "Rows Removed by Join Filter": 63, "Plans": [{"Node Type": "Index Scan", "Parent Relationship": "Outer", "Scan Direction": "Forward", "Index Name": "company_type_pkey", "Relation Name": "company_type", "Alias": "ct", "Startup Cost": 0.0, "Total Cost": 12.3, "Plan Rows": 1, "Plan Width": 4, "Actual Startup Time": 0.034, "Actual Total Time": 0.037, "Actual Rows": 1, "Actual Loops": 1, "Filter": "((kind)::text = 'production companies'::text)", "Rows Removed by Filter": 2}, {"Node Type": "Nested Loop", "Parent Relationship": "Inner", "Join Type": "Inner", "Startup Cost": 0.0, "Total Cost": 336621.46, "Plan Rows": 549199, "Plan Width": 49, "Actual Startup Time": 0.148, "Actual Total Time": 0.285, "Actual Rows": 66, "Actual Loops": 1, "Inner Unique": false, "Join Filter": "(t.id = mc.movie_id), (LLVM Optimized)", "Rows Removed by Join Filter": 0, "Plans": [{"Node Type": "Nested Loop", "Parent Relationship": "Outer", "Join Type": "Inner", "Startup Cost": 0.0, "Total Cost": 180704.42, "Plan Rows": 396404, "Plan Width": 29, "Actual Startup Time": 0.131, "Actual Total Time": 0.164, "Actual Rows": 4, "Actual Loops": 1, "Inner Unique": true, "Plans": [{"Node Type": "Nested Loop", "Parent Relationship": "Outer", "Join Type": "Inner", "Startup Cost": 0.0, "Total Cost": 38338.2, "Plan Rows": 345008, "Plan Width": 4, "Actual Startup Time": 0.075, "Actual Total Time": 0.086, "Actual Rows": 10, "Actual Loops": 1, "Inner Unique": false, "Plans": [{"Node Type": "Index Scan", "Parent Relationship": "Outer", "Scan Direction": "Forward", "Index Name": "info_type_pkey", "Relation Name": "info_type", "Alias": "it", "Startup Cost": 0.0, "Total Cost": 14.21, "Plan Rows": 1, "Plan Width": 4, "Actual Startup Time": 0.059, "Actual Total Time": 0.06, "Actual Rows": 1, "Actual Loops": 1, "Filter": "((info)::text = 'bottom 10 rank'::text)", "Rows Removed by Filter": 111}, {"Node Type": "Index Scan", "Parent Relationship": "Inner", "Scan Direction": "Forward", "Index Name": "info_type_id_movie_info_idx", "Relation Name": "movie_info_idx", "Alias": "mi_idx", "Startup Cost": 0.0, "Total Cost": 34873.91, "Plan Rows": 345008, "Plan Width": 8, "Actual Startup Time": 0.013, "Actual Total Time": 0.017, "Actual Rows": 10, "Actual Loops": 1, "Index Cond": "(info_type_id = it.id), (LLVM Optimized)", "Rows Removed by Index Recheck": 0}]}, {"Node Type": "Index Scan", "Parent Relationship": "Inner", "Scan Direction": "Forward", "Index Name": "title_pkey", "Relation Name": "title", "Alias": "t", "Startup Cost": 0.0, "Total Cost": 0.4, "Plan Rows": 1, "Plan Width": 25, "Actual Startup Time": 0.072, "Actual Total Time": 0.072, "Actual Rows": 4, "Actual Loops": 10, "Index Cond": "(id = mi_idx.movie_id)", "Rows Removed by Index Recheck": 0, "Filter": "((production_year >= 2005) AND (production_year <= 2010))", "Rows Removed by Filter": 6}]}, {"Node Type": "Index Scan", "Parent Relationship": "Inner", "Scan Direction": "Forward", "Index Name": "movie_id_movie_companies", "Relation Name": "movie_companies", "Alias": "mc", "Startup Cost": 0.0, "Total Cost": 0.37, "Plan Rows": 2, "Plan Width": 32, "Actual Startup Time": 0.038, "Actual Total Time": 0.096, "Actual Rows": 66, "Actual Loops": 4, "Index Cond": "(movie_id = mi_idx.movie_id)", "Rows Removed by Index Recheck": 0, "Filter": "((note)::text !~~ '%(as Metro-Goldwyn-Mayer Pictures)%'::text)", "Rows Removed by Filter": 7}]}]}]}, "Triggers": [], "Planner Runtime": 2.982, "Total Runtime": 10.431, "Unique SQL Id": 1162488282}}, "(16, '122')": {"explain_plan": {"Plan": {"Node Type": "Aggregate", "Strategy": "Plain", "Startup Cost": 44999472.66, "Total Cost": 44999472.69, "Plan Rows": 1, "Plan Width": 113, "Plans": [{"Node Type": "Streaming(type: LOCAL GATHER dop: 1/16)", "Parent Relationship": "Outer", "Startup Cost": 44999472.66, "Total Cost": 44999472.69, "Plan Rows": 1, "Plan Width": 113, "Plans": [{"Node Type": "Aggregate", "Strategy": "Plain", "Parent Relationship": "Outer", "Startup Cost": 44999472.66, "Total Cost": 44999472.67, "Plan Rows": 1, "Plan Width": 113, "Plans": [{"Node Type": "Nested Loop", "Parent Relationship": "Outer", "Join Type": "Inner", "Startup Cost": 554.15, "Total Cost": 44996982.62, "Plan Rows": 332005, "Plan Width": 45, "Inner Unique": false, "Join Filter": "(mc.movie_id = t.id), (LLVM Optimized)", "Plans": [{"Node Type": "Streaming(type: LOCAL REDISTRIBUTE dop: 16/16)", "Parent Relationship": "Outer", "Startup Cost": 0.0, "Total Cost": 55003.85, "Plan Rows": 1304518, "Plan Width": 28, "Plans": [{"Node Type": "Nested Loop", "Parent Relationship": "Outer", "Join Type": "Inner", "Startup Cost": 0.0, "Total Cost": 35060.95, "Plan Rows": 1304518, "Plan Width": 28, "Inner Unique": false, "Join Filter": "(ct.id = mc.company_type_id), (LLVM Optimized)", "Plans": [{"Node Type": "Streaming(type: BROADCAST dop: 16/1)", "Parent Relationship": "Outer", "Startup Cost": 0.0, "Total Cost": 15001.38, "Plan Rows": 16, "Plan Width": 4, "Plans": [{"Node Type": "Seq Scan", "Parent Relationship": "Outer", "Relation Name": "company_type", "Alias": "ct", "Startup Cost": 0.0, "Total Cost": 1.04, "Plan Rows": 1, "Plan Width": 4, "Filter": "((kind)::text = 'production companies'::text)"}]}, {"Node Type": "Seq Scan", "Parent Relationship": "Inner", "Relation Name": "movie_companies", "Alias": "mc", "Startup Cost": 0.0, "Total Cost": 18021.26, "Plan Rows": 2609035, "Plan Width": 32, "Filter": "((note)::text !~~ '%(as Metro-Goldwyn-Mayer Pictures)%'::text), (LLVM Optimized)"}]}]}, {"Node Type": "Materialize", "Parent Relationship": "Inner", "Startup Cost": 554.15, "Total Cost": 14642266.11, "Plan Rows": 396404, "Plan Width": 29, "Plans": [{"Node Type": "Streaming(type: LOCAL REDISTRIBUTE dop: 16/16)", "Parent Relationship": "Outer", "Startup Cost": 554.15, "Total Cost": 14642142.23, "Plan Rows": 396404, "Plan Width": 29, "Plans": [{"Node Type": "Nested Loop", "Parent Relationship": "Outer", "Join Type": "Inner", "Startup Cost": 554.15, "Total Cost": 14625640.23, "Plan Rows": 396404, "Plan Width": 29, "Inner Unique": false, "Join Filter": "(mi_idx.movie_id = t.id), (LLVM Optimized)", "Plans": [{"Node Type": "Streaming(type: LOCAL REDISTRIBUTE dop: 16/16)", "Parent Relationship": "Outer", "Startup Cost": 554.15, "Total Cost": 37269.66, "Plan Rows": 719240, "Plan Width": 25, "Plans": [{"Node Type": "Seq Scan", "Parent Relationship": "Outer", "Relation Name": "title", "Alias": "t", "Startup Cost": 554.15, "Total Cost": 19544.42, "Plan Rows": 719240, "Plan Width": 25, "Filter": "((production_year >= 2005) AND (production_year <= 2010)), (LLVM Optimized)"}]}, {"Node Type": "Materialize", "Parent Relationship": "Inner", "Startup Cost": 0.0, "Total Cost": 48763.12, "Plan Rows": 345008, "Plan Width": 4, "Plans": [{"Node Type": "Streaming(type: LOCAL REDISTRIBUTE dop: 16/16)", "Parent Relationship": "Outer", "Startup Cost": 0.0, "Total Cost": 48655.3, "Plan Rows": 345008, "Plan Width": 4, "Plans": [{"Node Type": "Nested Loop", "Parent Relationship": "Outer", "Join Type": "Inner", "Startup Cost": 0.0, "Total Cost": 32348.04, "Plan Rows": 345008, "Plan Width": 4, "Inner Unique": false, "Join Filter": "(it.id = mi_idx.info_type_id), (LLVM Optimized)", "Plans": [{"Node Type": "Streaming(type: BROADCAST dop: 16/1)", "Parent Relationship": "Outer", "Startup Cost": 0.0, "Total Cost": 15002.75, "Plan Rows": 16, "Plan Width": 4, "Plans": [{"Node Type": "Seq Scan", "Parent Relationship": "Outer", "Relation Name": "info_type", "Alias": "it", "Startup Cost": 0.0, "Total Cost": 2.4, "Plan Rows": 1, "Plan Width": 4, "Filter": "((info)::text = 'bottom 10 rank'::text)"}]}, {"Node Type": "Seq Scan", "Parent Relationship": "Inner", "Relation Name": "movie_info_idx", "Alias": "mi_idx", "Startup Cost": 0.0, "Total Cost": 16267.15, "Plan Rows": 1380034, "Plan Width": 8}]}]}]}]}]}]}]}]}]}]}, "Unique SQL Id": 1162488282, "Planner Runtime": 3}, "explain_analyze_plan": {"Plan": {"Node Type": "Aggregate", "Strategy": "Plain", "Startup Cost": 44999472.66, "Total Cost": 44999472.69, "Plan Rows": 1, "Plan Width": 113, "Actual Min Startup Time": 464.917, "Actual Max Startup Time": 464.917, "Actual Min Total Time": 464.918, "Actual Max Total Time": 464.918, "Plans": [{"Node Type": "Streaming(type: LOCAL GATHER dop: 1/16)", "Parent Relationship": "Outer", "Startup Cost": 44999472.66, "Total Cost": 44999472.69, "Plan Rows": 1, "Plan Width": 113, "Actual Min Startup Time": 464.813, "Actual Max Startup Time": 464.813, "Actual Min Total Time": 464.898, "Actual Max Total Time": 464.898, "Plans": [{"Node Type": "Aggregate", "Strategy": "Plain", "Parent Relationship": "Outer", "Startup Cost": 44999472.66, "Total Cost": 44999472.67, "Plan Rows": 1, "Plan Width": 113, "Actual Min Startup Time": 207.577, "Actual Max Startup Time": 274.583, "Actual Min Total Time": 207.577, "Actual Max Total Time": 274.583, "Plans": [{"Node Type": "Nested Loop", "Parent Relationship": "Outer", "Join Type": "Inner", "Startup Cost": 554.15, "Total Cost": 44996982.62, "Plan Rows": 332005, "Plan Width": 45, "Actual Min Startup Time": 187.348, "Actual Max Startup Time": 274.576, "Actual Min Total Time": 207.57, "Actual Max Total Time": 274.576, "Inner Unique": false, "Join Filter": "(mc.movie_id = t.id), (LLVM Optimized)", "Rows Removed by Join Filter": 35584, "Plans": [{"Node Type": "Streaming(type: LOCAL REDISTRIBUTE dop: 16/16)", "Parent Relationship": "Outer", "Startup Cost": 0.0, "Total Cost": 55003.85, "Plan Rows": 1304518, "Plan Width": 28, "Actual Min Startup Time": 0.053, "Actual Max Startup Time": 0.43, "Actual Min Total Time": 33.507, "Actual Max Total Time": 36.469, "Plans": [{"Node Type": "Nested Loop", "Parent Relationship": "Outer", "Join Type": "Inner", "Startup Cost": 0.0, "Total Cost": 35060.95, "Plan Rows": 1304518, "Plan Width": 28, "Actual Min Startup Time": 49.122, "Actual Max Startup Time": 62.491, "Actual Min Total Time": 71.807, "Actual Max Total Time": 88.001, "Inner Unique": false, "Join Filter": "(ct.id = mc.company_type_id), (LLVM Optimized)", "Rows Removed by Join Filter": 1196183, "Plans": [{"Node Type": "Streaming(type: BROADCAST dop: 16/1)", "Parent Relationship": "Outer", "Startup Cost": 0.0, "Total Cost": 15001.38, "Plan Rows": 16, "Plan Width": 4, "Actual Min Startup Time": 0.004, "Actual Max Startup Time": 6.011, "Actual Min Total Time": 0.005, "Actual Max Total Time": 6.012, "Plans": [{"Node Type": "Seq Scan", "Parent Relationship": "Outer", "Relation Name": "company_type", "Alias": "ct", "Startup Cost": 0.0, "Total Cost": 1.04, "Plan Rows": 1, "Plan Width": 4, "Actual Min Startup Time": 0.028, "Actual Max Startup Time": 0.028, "Actual Min Total Time": 0.032, "Actual Max Total Time": 0.032, "Filter": "((kind)::text = 'production companies'::text)", "Rows Removed by Filter": 2, "Actual Rows": 1}], "Actual Rows": 16}, {"Node Type": "Seq Scan", "Parent Relationship": "Inner", "Relation Name": "movie_companies", "Alias": "mc", "Startup Cost": 0.0, "Total Cost": 18021.26, "Plan Rows": 2609035, "Plan Width": 32, "Actual Min Startup Time": 0.03, "Actual Max Startup Time": 0.058, "Actual Min Total Time": 56.624, "Actual Max Total Time": 67.579, "Filter": "((note)::text !~~ '%(as Metro-Goldwyn-Mayer Pictures)%'::text), (LLVM Optimized)", "Rows Removed by Filter": 1272041, "Actual Rows": 1337087}], "Actual Rows": 140904}], "Actual Rows": 140904}, {"Node Type": "Materialize", "Parent Relationship": "Inner", "Startup Cost": 554.15, "Total Cost": 14642266.11, "Plan Rows": 396404, "Plan Width": 29, "Actual Min Startup Time": 169.763, "Actual Max Startup Time": 236.654, "Actual Min Total Time": 169.763, "Actual Max Total Time": 236.654, "Plans": [{"Node Type": "Streaming(type: LOCAL REDISTRIBUTE dop: 16/16)", "Parent Relationship": "Outer", "Startup Cost": 554.15, "Total Cost": 14642142.23, "Plan Rows": 396404, "Plan Width": 29, "Actual Min Startup Time": 168.837, "Actual Max Startup Time": 235.848, "Actual Min Total Time": 168.837, "Actual Max Total Time": 235.848, "Plans": [{"Node Type": "Nested Loop", "Parent Relationship": "Outer", "Join Type": "Inner", "Startup Cost": 554.15, "Total Cost": 14625640.23, "Plan Rows": 396404, "Plan Width": 29, "Actual Min Startup Time": 124.561, "Actual Max Startup Time": 213.985, "Actual Min Total Time": 168.34, "Actual Max Total Time": 213.985, "Inner Unique": false, "Join Filter": "(mi_idx.movie_id = t.id), (LLVM Optimized)", "Rows Removed by Join Filter": 447303, "Plans": [{"Node Type": "Streaming(type: LOCAL REDISTRIBUTE dop: 16/16)", "Parent Relationship": "Outer", "Startup Cost": 554.15, "Total Cost": 37269.66, "Plan Rows": 719240, "Plan Width": 25, "Actual Min Startup Time": 0.055, "Actual Max Startup Time": 0.224, "Actual Min Total Time": 100.277, "Actual Max Total Time": 126.154, "Plans": [{"Node Type": "Seq Scan", "Parent Relationship": "Outer", "Relation Name": "title", "Alias": "t", "Startup Cost": 554.15, "Total Cost": 19544.42, "Plan Rows": 719240, "Plan Width": 25, "Actual Min Startup Time": 0.03, "Actual Max Startup Time": 0.048, "Actual Min Total Time": 63.57, "Actual Max Total Time": 72.145, "Filter": "((production_year >= 2005) AND (production_year <= 2010)), (LLVM Optimized)", "Rows Removed by Filter": 1812052, "Actual Rows": 716259}], "Actual Rows": 716259}, {"Node Type": "Materialize", "Parent Relationship": "Inner", "Startup Cost": 0.0, "Total Cost": 48763.12, "Plan Rows": 345008, "Plan Width": 4, "Actual Min Startup Time": 34.084, "Actual Max Startup Time": 80.696, "Actual Min Total Time": 37.97, "Actual Max Total Time": 80.696, "Plans": [{"Node Type": "Streaming(type: LOCAL REDISTRIBUTE dop: 16/16)", "Parent Relationship": "Outer", "Startup Cost": 0.0, "Total Cost": 48655.3, "Plan Rows": 345008, "Plan Width": 4, "Actual Min Startup Time": 0.024, "Actual Max Startup Time": 75.748, "Actual Min Total Time": 30.128, "Actual Max Total Time": 75.748, "Plans": [{"Node Type": "Nested Loop", "Parent Relationship": "Outer", "Join Type": "Inner", "Startup Cost": 0.0, "Total Cost": 32348.04, "Plan Rows": 345008, "Plan Width": 4, "Actual Min Startup Time": 34.813, "Actual Max Startup Time": 51.632, "Actual Min Total Time": 34.813, "Actual Max Total Time": 51.632, "Inner Unique": false, "Join Filter": "(it.id = mi_idx.info_type_id), (LLVM Optimized)", "Rows Removed by Join Filter": 1380024, "Plans": [{"Node Type": "Streaming(type: BROADCAST dop: 16/1)", "Parent Relationship": "Outer", "Startup Cost": 0.0, "Total Cost": 15002.75, "Plan Rows": 16, "Plan Width": 4, "Actual Min Startup Time": 0.004, "Actual Max Startup Time": 16.436, "Actual Min Total Time": 0.005, "Actual Max Total Time": 16.438, "Plans": [{"Node Type": "Seq Scan", "Parent Relationship": "Outer", "Relation Name": "info_type", "Alias": "it", "Startup Cost": 0.0, "Total Cost": 2.4, "Plan Rows": 1, "Plan Width": 4, "Actual Min Startup Time": 0.066, "Actual Max Startup Time": 0.066, "Actual Min Total Time": 0.07, "Actual Max Total Time": 0.07, "Filter": "((info)::text = 'bottom 10 rank'::text)", "Rows Removed by Filter": 111, "Actual Rows": 1}], "Actual Rows": 16}, {"Node Type": "Seq Scan", "Parent Relationship": "Inner", "Relation Name": "movie_info_idx", "Alias": "mi_idx", "Startup Cost": 0.0, "Total Cost": 16267.15, "Plan Rows": 1380034, "Plan Width": 8, "Actual Min Startup Time": 0.031, "Actual Max Startup Time": 0.043, "Actual Min Total Time": 18.594, "Actual Max Total Time": 22.465, "Actual Rows": 1380034}], "Actual Rows": 10}], "Actual Rows": 10}], "Actual Rows": 447315}], "Actual Rows": 4}], "Actual Rows": 4}], "Actual Rows": 35591}], "Actual Rows": 3}], "Actual Rows": 16}], "Actual Rows": 16}], "Actual Rows": 1}, "Triggers": [], "Planner Runtime": 4.854, "Total Runtime": 492.446, "Unique SQL Id": 1162488282}}, "(16, '123')": {"explain_plan": {"Plan": {"Node Type": "Aggregate", "Strategy": "Plain", "Startup Cost": 5011509592906.65, "Total Cost": 5011509592906.66, "Plan Rows": 1, "Plan Width": 113, "Plans": [{"Node Type": "Nested Loop", "Parent Relationship": "Outer", "Join Type": "Inner", "Startup Cost": 50000000000.0, "Total Cost": 5011509590416.61, "Plan Rows": 332005, "Plan Width": 45, "Inner Unique": false, "Join Filter": "(mc.movie_id = t.id), (LLVM Optimized)", "Plans": [{"Node Type": "Nested Loop", "Parent Relationship": "Outer", "Join Type": "Inner", "Startup Cost": 20000000000.0, "Total Cost": 2000013744593.91, "Plan Rows": 1304518, "Plan Width": 28, "Inner Unique": true, "Join Filter": "(ct.id = mc.company_type_id), (LLVM Optimized)", "Plans": [{"Node Type": "Index Scan", "Parent Relationship": "Outer", "Scan Direction": "Forward", "Index Name": "movie_id_movie_companies", "Relation Name": "movie_companies", "Alias": "mc", "Startup Cost": 10000000000.0, "Total Cost": 1000013704228.13, "Plan Rows": 2609035, "Plan Width": 32, "Filter": "((note)::text !~~ '%(as Metro-Goldwyn-Mayer Pictures)%'::text), (LLVM Optimized)"}, {"Node Type": "Materialize", "Parent Relationship": "Inner", "Startup Cost": 10000000000.0, "Total Cost": 1000000001230.26, "Plan Rows": 1, "Plan Width": 4, "Plans": [{"Node Type": "Index Scan", "Parent Relationship": "Outer", "Scan Direction": "Forward", "Index Name": "company_type_pkey", "Relation Name": "company_type", "Alias": "ct", "Startup Cost": 10000000000.0, "Total Cost": 1000000001230.25, "Plan Rows": 1, "Plan Width": 4, "Filter": "((kind)::text = 'production companies'::text)"}]}]}, {"Node Type": "Materialize", "Parent Relationship": "Inner", "Startup Cost": 30000000000.0, "Total Cost": 3003739104514.63, "Plan Rows": 396404, "Plan Width": 29, "Plans": [{"Node Type": "Nested Loop", "Parent Relationship": "Outer", "Join Type": "Inner", "Startup Cost": 30000000000.0, "Total Cost": 3003739102532.61, "Plan Rows": 396404, "Plan Width": 29, "Inner Unique": false, "Join Filter": "(mi_idx.movie_id = t.id), (LLVM Optimized)", "Plans": [{"Node Type": "Index Scan", "Parent Relationship": "Outer", "Scan Direction": "Forward", "Index Name": "title_pkey", "Relation Name": "title", "Alias": "t", "Startup Cost": 10000000000.0, "Total Cost": 1000012276204.41, "Plan Rows": 719240, "Plan Width": 25, "Filter": "((production_year >= 2005) AND (production_year <= 2010)), (LLVM Optimized)"}, {"Node Type": "Materialize", "Parent Relationship": "Inner", "Startup Cost": 20000000000.0, "Total Cost": 2000004673881.92, "Plan Rows": 345008, "Plan Width": 4, "Plans": [{"Node Type": "Nested Loop", "Parent Relationship": "Outer", "Join Type": "Inner", "Startup Cost": 20000000000.0, "Total Cost": 2000004672156.88, "Plan Rows": 345008, "Plan Width": 4, "Inner Unique": true, "Join Filter": "(it.id = mi_idx.info_type_id), (LLVM Optimized)", "Plans": [{"Node Type": "Index Scan", "Parent Relationship": "Outer", "Scan Direction": "Forward", "Index Name": "movie_id_movie_info_idx", "Relation Name": "movie_info_idx", "Alias": "mi_idx", "Startup Cost": 10000000000.0, "Total Cost": 1000004650035.37, "Plan Rows": 1380034, "Plan Width": 8}, {"Node Type": "Materialize", "Parent Relationship": "Inner", "Startup Cost": 10000000000.0, "Total Cost": 1000000001421.0, "Plan Rows": 1, "Plan Width": 4, "Plans": [{"Node Type": "Index Scan", "Parent Relationship": "Outer", "Scan Direction": "Forward", "Index Name": "info_type_pkey", "Relation Name": "info_type", "Alias": "it", "Startup Cost": 10000000000.0, "Total Cost": 1000000001421.0, "Plan Rows": 1, "Plan Width": 4, "Filter": "((info)::text = 'bottom 10 rank'::text)"}]}]}]}]}]}]}]}, "Unique SQL Id": 1162488282, "Planner Runtime": 2}, "explain_analyze_plan": null}, "(16, '124')": {"explain_plan": {"Plan": {"Node Type": "Aggregate", "Strategy": "Plain", "Startup Cost": 347433.34, "Total Cost": 347433.35, "Plan Rows": 1, "Plan Width": 113, "Plans": [{"Node Type": "Nested Loop", "Parent Relationship": "Outer", "Join Type": "Inner", "Startup Cost": 0.0, "Total Cost": 344943.3, "Plan Rows": 332005, "Plan Width": 45, "Inner Unique": false, "Join Filter": "(mc.company_type_id = ct.id), (LLVM Optimized)", "Plans": [{"Node Type": "Seq Scan", "Parent Relationship": "Outer", "Relation Name": "company_type", "Alias": "ct", "Startup Cost": 0.0, "Total Cost": 1.04, "Plan Rows": 1, "Plan Width": 4, "Filter": "((kind)::text = 'production companies'::text)"}, {"Node Type": "Materialize", "Parent Relationship": "Inner", "Startup Cost": 0.0, "Total Cost": 339450.27, "Plan Rows": 549199, "Plan Width": 49, "Plans": [{"Node Type": "Nested Loop", "Parent Relationship": "Outer", "Join Type": "Inner", "Startup Cost": 0.0, "Total Cost": 338077.27, "Plan Rows": 549199, "Plan Width": 49, "Inner Unique": false, "Join Filter": "(t.id = mc.movie_id), (LLVM Optimized)", "Plans": [{"Node Type": "Nested Loop", "Parent Relationship": "Outer", "Join Type": "Inner", "Startup Cost": 0.0, "Total Cost": 182160.23, "Plan Rows": 396404, "Plan Width": 29, "Inner Unique": true, "Plans": [{"Node Type": "Streaming(type: LOCAL GATHER dop: 1/16)", "Parent Relationship": "Outer", "Startup Cost": 0.0, "Total Cost": 39794.02, "Plan Rows": 345008, "Plan Width": 4, "Plans": [{"Node Type": "Nested Loop", "Parent Relationship": "Outer", "Join Type": "Inner", "Startup Cost": 0.0, "Total Cost": 32348.04, "Plan Rows": 345008, "Plan Width": 4, "Inner Unique": false, "Join Filter": "(it.id = mi_idx.info_type_id), (LLVM Optimized)", "Plans": [{"Node Type": "Streaming(type: BROADCAST dop: 16/1)", "Parent Relationship": "Outer", "Startup Cost": 0.0, "Total Cost": 15002.75, "Plan Rows": 16, "Plan Width": 4, "Plans": [{"Node Type": "Seq Scan", "Parent Relationship": "Outer", "Relation Name": "info_type", "Alias": "it", "Startup Cost": 0.0, "Total Cost": 2.4, "Plan Rows": 1, "Plan Width": 4, "Filter": "((info)::text = 'bottom 10 rank'::text)"}]}, {"Node Type": "Seq Scan", "Parent Relationship": "Inner", "Relation Name": "movie_info_idx", "Alias": "mi_idx", "Startup Cost": 0.0, "Total Cost": 16267.15, "Plan Rows": 1380034, "Plan Width": 8}]}]}, {"Node Type": "Index Scan", "Parent Relationship": "Inner", "Scan Direction": "Forward", "Index Name": "title_pkey", "Relation Name": "title", "Alias": "t", "Startup Cost": 0.0, "Total Cost": 0.4, "Plan Rows": 1, "Plan Width": 25, "Index Cond": "(id = mi_idx.movie_id)", "Filter": "((production_year >= 2005) AND (production_year <= 2010))"}]}, {"Node Type": "Index Scan", "Parent Relationship": "Inner", "Scan Direction": "Forward", "Index Name": "movie_id_movie_companies", "Relation Name": "movie_companies", "Alias": "mc", "Startup Cost": 0.0, "Total Cost": 0.37, "Plan Rows": 2, "Plan Width": 32, "Index Cond": "(movie_id = mi_idx.movie_id)", "Filter": "((note)::text !~~ '%(as Metro-Goldwyn-Mayer Pictures)%'::text)"}]}]}]}]}, "Unique SQL Id": 1162488282, "Planner Runtime": 3}, "explain_analyze_plan": {"Plan": {"Node Type": "Aggregate", "Strategy": "Plain", "Startup Cost": 347433.34, "Total Cost": 347433.35, "Plan Rows": 1, "Plan Width": 113, "Actual Min Startup Time": 88.206, "Actual Max Startup Time": 88.206, "Actual Min Total Time": 88.207, "Actual Max Total Time": 88.207, "Plans": [{"Node Type": "Nested Loop", "Parent Relationship": "Outer", "Join Type": "Inner", "Startup Cost": 0.0, "Total Cost": 344943.3, "Plan Rows": 332005, "Plan Width": 45, "Actual Min Startup Time": 88.175, "Actual Max Startup Time": 88.175, "Actual Min Total Time": 88.181, "Actual Max Total Time": 88.181, "Inner Unique": false, "Join Filter": "(mc.company_type_id = ct.id), (LLVM Optimized)", "Rows Removed by Join Filter": 63, "Plans": [{"Node Type": "Seq Scan", "Parent Relationship": "Outer", "Relation Name": "company_type", "Alias": "ct", "Startup Cost": 0.0, "Total Cost": 1.04, "Plan Rows": 1, "Plan Width": 4, "Actual Min Startup Time": 0.014, "Actual Max Startup Time": 0.014, "Actual Min Total Time": 0.017, "Actual Max Total Time": 0.017, "Filter": "((kind)::text = 'production companies'::text)", "Rows Removed by Filter": 2, "Actual Rows": 1}, {"Node Type": "Materialize", "Parent Relationship": "Inner", "Startup Cost": 0.0, "Total Cost": 339450.27, "Plan Rows": 549199, "Plan Width": 49, "Actual Min Startup Time": 88.125, "Actual Max Startup Time": 88.125, "Actual Min Total Time": 88.132, "Actual Max Total Time": 88.132, "Plans": [{"Node Type": "Nested Loop", "Parent Relationship": "Outer", "Join Type": "Inner", "Startup Cost": 0.0, "Total Cost": 338077.27, "Plan Rows": 549199, "Plan Width": 49, "Actual Min Startup Time": 87.923, "Actual Max Startup Time": 87.923, "Actual Min Total Time": 88.074, "Actual Max Total Time": 88.074, "Inner Unique": false, "Join Filter": "(t.id = mc.movie_id), (LLVM Optimized)", "Rows Removed by Join Filter": 0, "Plans": [{"Node Type": "Nested Loop", "Parent Relationship": "Outer", "Join Type": "Inner", "Startup Cost": 0.0, "Total Cost": 182160.23, "Plan Rows": 396404, "Plan Width": 29, "Actual Min Startup Time": 87.897, "Actual Max Startup Time": 87.897, "Actual Min Total Time": 87.931, "Actual Max Total Time": 87.931, "Inner Unique": true, "Plans": [{"Node Type": "Streaming(type: LOCAL GATHER dop: 1/16)", "Parent Relationship": "Outer", "Startup Cost": 0.0, "Total Cost": 39794.02, "Plan Rows": 345008, "Plan Width": 4, "Actual Min Startup Time": 87.77, "Actual Max Startup Time": 87.77, "Actual Min Total Time": 87.771, "Actual Max Total Time": 87.771, "Plans": [{"Node Type": "Nested Loop", "Parent Relationship": "Outer", "Join Type": "Inner", "Startup Cost": 0.0, "Total Cost": 32348.04, "Plan Rows": 345008, "Plan Width": 4, "Actual Min Startup Time": 34.745, "Actual Max Startup Time": 41.135, "Actual Min Total Time": 34.745, "Actual Max Total Time": 41.141, "Inner Unique": false, "Join Filter": "(it.id = mi_idx.info_type_id), (LLVM Optimized)", "Rows Removed by Join Filter": 1380024, "Plans": [{"Node Type": "Streaming(type: BROADCAST dop: 16/1)", "Parent Relationship": "Outer", "Startup Cost": 0.0, "Total Cost": 15002.75, "Plan Rows": 16, "Plan Width": 4, "Actual Min Startup Time": 0.002, "Actual Max Startup Time": 0.006, "Actual Min Total Time": 0.002, "Actual Max Total Time": 0.009, "Plans": [{"Node Type": "Seq Scan", "Parent Relationship": "Outer", "Relation Name": "info_type", "Alias": "it", "Startup Cost": 0.0, "Total Cost": 2.4, "Plan Rows": 1, "Plan Width": 4, "Actual Min Startup Time": 0.07, "Actual Max Startup Time": 0.07, "Actual Min Total Time": 0.073, "Actual Max Total Time": 0.073, "Filter": "((info)::text = 'bottom 10 rank'::text)", "Rows Removed by Filter": 111, "Actual Rows": 1}], "Actual Rows": 16}, {"Node Type": "Seq Scan", "Parent Relationship": "Inner", "Relation Name": "movie_info_idx", "Alias": "mi_idx", "Startup Cost": 0.0, "Total Cost": 16267.15, "Plan Rows": 1380034, "Plan Width": 8, "Actual Min Startup Time": 0.035, "Actual Max Startup Time": 0.048, "Actual Min Total Time": 18.527, "Actual Max Total Time": 21.924, "Actual Rows": 1380034}], "Actual Rows": 10}], "Actual Rows": 10}, {"Node Type": "Index Scan", "Parent Relationship": "Inner", "Scan Direction": "Forward", "Index Name": "title_pkey", "Relation Name": "title", "Alias": "t", "Startup Cost": 0.0, "Total Cost": 0.4, "Plan Rows": 1, "Plan Width": 25, "Actual Min Startup Time": 0.142, "Actual Max Startup Time": 0.142, "Actual Min Total Time": 0.142, "Actual Max Total Time": 0.142, "Index Cond": "(id = mi_idx.movie_id)", "Rows Removed by Index Recheck": 0, "Filter": "((production_year >= 2005) AND (production_year <= 2010))", "Rows Removed by Filter": 6, "Actual Rows": 4}], "Actual Rows": 4}, {"Node Type": "Index Scan", "Parent Relationship": "Inner", "Scan Direction": "Forward", "Index Name": "movie_id_movie_companies", "Relation Name": "movie_companies", "Alias": "mc", "Startup Cost": 0.0, "Total Cost": 0.37, "Plan Rows": 2, "Plan Width": 32, "Actual Min Startup Time": 0.048, "Actual Max Startup Time": 0.048, "Actual Min Total Time": 0.113, "Actual Max Total Time": 0.113, "Index Cond": "(movie_id = mi_idx.movie_id)", "Rows Removed by Index Recheck": 0, "Filter": "((note)::text !~~ '%(as Metro-Goldwyn-Mayer Pictures)%'::text)", "Rows Removed by Filter": 7, "Actual Rows": 66}], "Actual Rows": 66}], "Actual Rows": 67}], "Actual Rows": 3}], "Actual Rows": 1}, "Triggers": [], "Planner Runtime": 3.145, "Total Runtime": 100.719, "Unique SQL Id": 1162488282}}, "(16, '125')": {"explain_plan": {"Plan": {"Node Type": "Aggregate", "Strategy": "Plain", "Startup Cost": 345988.79, "Total Cost": 345988.8, "Plan Rows": 1, "Plan Width": 113, "Plans": [{"Node Type": "Nested Loop", "Parent Relationship": "Outer", "Join Type": "Inner", "Startup Cost": 0.0, "Total Cost": 343498.75, "Plan Rows": 332005, "Plan Width": 45, "Inner Unique": false, "Join Filter": "(mc.company_type_id = ct.id), (LLVM Optimized)", "Plans": [{"Node Type": "Index Scan", "Parent Relationship": "Outer", "Scan Direction": "Forward", "Index Name": "company_type_pkey", "Relation Name": "company_type", "Alias": "ct", "Startup Cost": 0.0, "Total Cost": 12.3, "Plan Rows": 1, "Plan Width": 4, "Filter": "((kind)::text = 'production companies'::text)"}, {"Node Type": "Nested Loop", "Parent Relationship": "Inner", "Join Type": "Inner", "Startup Cost": 0.0, "Total Cost": 336621.46, "Plan Rows": 549199, "Plan Width": 49, "Inner Unique": false, "Join Filter": "(t.id = mc.movie_id), (LLVM Optimized)", "Plans": [{"Node Type": "Nested Loop", "Parent Relationship": "Outer", "Join Type": "Inner", "Startup Cost": 0.0, "Total Cost": 180704.42, "Plan Rows": 396404, "Plan Width": 29, "Inner Unique": true, "Plans": [{"Node Type": "Nested Loop", "Parent Relationship": "Outer", "Join Type": "Inner", "Startup Cost": 0.0, "Total Cost": 38338.2, "Plan Rows": 345008, "Plan Width": 4, "Inner Unique": false, "Plans": [{"Node Type": "Index Scan", "Parent Relationship": "Outer", "Scan Direction": "Forward", "Index Name": "info_type_pkey", "Relation Name": "info_type", "Alias": "it", "Startup Cost": 0.0, "Total Cost": 14.21, "Plan Rows": 1, "Plan Width": 4, "Filter": "((info)::text = 'bottom 10 rank'::text)"}, {"Node Type": "Index Scan", "Parent Relationship": "Inner", "Scan Direction": "Forward", "Index Name": "info_type_id_movie_info_idx", "Relation Name": "movie_info_idx", "Alias": "mi_idx", "Startup Cost": 0.0, "Total Cost": 34873.91, "Plan Rows": 345008, "Plan Width": 8, "Index Cond": "(info_type_id = it.id), (LLVM Optimized)"}]}, {"Node Type": "Index Scan", "Parent Relationship": "Inner", "Scan Direction": "Forward", "Index Name": "title_pkey", "Relation Name": "title", "Alias": "t", "Startup Cost": 0.0, "Total Cost": 0.4, "Plan Rows": 1, "Plan Width": 25, "Index Cond": "(id = mi_idx.movie_id)", "Filter": "((production_year >= 2005) AND (production_year <= 2010))"}]}, {"Node Type": "Index Scan", "Parent Relationship": "Inner", "Scan Direction": "Forward", "Index Name": "movie_id_movie_companies", "Relation Name": "movie_companies", "Alias": "mc", "Startup Cost": 0.0, "Total Cost": 0.37, "Plan Rows": 2, "Plan Width": 32, "Index Cond": "(movie_id = mi_idx.movie_id)", "Filter": "((note)::text !~~ '%(as Metro-Goldwyn-Mayer Pictures)%'::text)"}]}]}]}, "Unique SQL Id": 1162488282, "Planner Runtime": 2}, "explain_analyze_plan": {"Plan": {"Node Type": "Aggregate", "Strategy": "Plain", "Startup Cost": 345988.79, "Total Cost": 345988.8, "Plan Rows": 1, "Plan Width": 113, "Actual Startup Time": 0.36, "Actual Total Time": 0.36, "Actual Rows": 1, "Actual Loops": 1, "Plans": [{"Node Type": "Nested Loop", "Parent Relationship": "Outer", "Join Type": "Inner", "Startup Cost": 0.0, "Total Cost": 343498.75, "Plan Rows": 332005, "Plan Width": 45, "Actual Startup Time": 0.331, "Actual Total Time": 0.34, "Actual Rows": 3, "Actual Loops": 1, "Inner Unique": false, "Join Filter": "(mc.company_type_id = ct.id), (LLVM Optimized)", "Rows Removed by Join Filter": 63, "Plans": [{"Node Type": "Index Scan", "Parent Relationship": "Outer", "Scan Direction": "Forward", "Index Name": "company_type_pkey", "Relation Name": "company_type", "Alias": "ct", "Startup Cost": 0.0, "Total Cost": 12.3, "Plan Rows": 1, "Plan Width": 4, "Actual Startup Time": 0.034, "Actual Total Time": 0.037, "Actual Rows": 1, "Actual Loops": 1, "Filter": "((kind)::text = 'production companies'::text)", "Rows Removed by Filter": 2}, {"Node Type": "Nested Loop", "Parent Relationship": "Inner", "Join Type": "Inner", "Startup Cost": 0.0, "Total Cost": 336621.46, "Plan Rows": 549199, "Plan Width": 49, "Actual Startup Time": 0.148, "Actual Total Time": 0.285, "Actual Rows": 66, "Actual Loops": 1, "Inner Unique": false, "Join Filter": "(t.id = mc.movie_id), (LLVM Optimized)", "Rows Removed by Join Filter": 0, "Plans": [{"Node Type": "Nested Loop", "Parent Relationship": "Outer", "Join Type": "Inner", "Startup Cost": 0.0, "Total Cost": 180704.42, "Plan Rows": 396404, "Plan Width": 29, "Actual Startup Time": 0.131, "Actual Total Time": 0.164, "Actual Rows": 4, "Actual Loops": 1, "Inner Unique": true, "Plans": [{"Node Type": "Nested Loop", "Parent Relationship": "Outer", "Join Type": "Inner", "Startup Cost": 0.0, "Total Cost": 38338.2, "Plan Rows": 345008, "Plan Width": 4, "Actual Startup Time": 0.075, "Actual Total Time": 0.086, "Actual Rows": 10, "Actual Loops": 1, "Inner Unique": false, "Plans": [{"Node Type": "Index Scan", "Parent Relationship": "Outer", "Scan Direction": "Forward", "Index Name": "info_type_pkey", "Relation Name": "info_type", "Alias": "it", "Startup Cost": 0.0, "Total Cost": 14.21, "Plan Rows": 1, "Plan Width": 4, "Actual Startup Time": 0.059, "Actual Total Time": 0.06, "Actual Rows": 1, "Actual Loops": 1, "Filter": "((info)::text = 'bottom 10 rank'::text)", "Rows Removed by Filter": 111}, {"Node Type": "Index Scan", "Parent Relationship": "Inner", "Scan Direction": "Forward", "Index Name": "info_type_id_movie_info_idx", "Relation Name": "movie_info_idx", "Alias": "mi_idx", "Startup Cost": 0.0, "Total Cost": 34873.91, "Plan Rows": 345008, "Plan Width": 8, "Actual Startup Time": 0.013, "Actual Total Time": 0.017, "Actual Rows": 10, "Actual Loops": 1, "Index Cond": "(info_type_id = it.id), (LLVM Optimized)", "Rows Removed by Index Recheck": 0}]}, {"Node Type": "Index Scan", "Parent Relationship": "Inner", "Scan Direction": "Forward", "Index Name": "title_pkey", "Relation Name": "title", "Alias": "t", "Startup Cost": 0.0, "Total Cost": 0.4, "Plan Rows": 1, "Plan Width": 25, "Actual Startup Time": 0.072, "Actual Total Time": 0.072, "Actual Rows": 4, "Actual Loops": 10, "Index Cond": "(id = mi_idx.movie_id)", "Rows Removed by Index Recheck": 0, "Filter": "((production_year >= 2005) AND (production_year <= 2010))", "Rows Removed by Filter": 6}]}, {"Node Type": "Index Scan", "Parent Relationship": "Inner", "Scan Direction": "Forward", "Index Name": "movie_id_movie_companies", "Relation Name": "movie_companies", "Alias": "mc", "Startup Cost": 0.0, "Total Cost": 0.37, "Plan Rows": 2, "Plan Width": 32, "Actual Startup Time": 0.038, "Actual Total Time": 0.096, "Actual Rows": 66, "Actual Loops": 4, "Index Cond": "(movie_id = mi_idx.movie_id)", "Rows Removed by Index Recheck": 0, "Filter": "((note)::text !~~ '%(as Metro-Goldwyn-Mayer Pictures)%'::text)", "Rows Removed by Filter": 7}]}]}]}, "Triggers": [], "Planner Runtime": 2.982, "Total Runtime": 10.431, "Unique SQL Id": 1162488282}}, "(16, '126')": {"explain_plan": {"Plan": {"Node Type": "Aggregate", "Strategy": "Plain", "Startup Cost": 44999472.66, "Total Cost": 44999472.69, "Plan Rows": 1, "Plan Width": 113, "Plans": [{"Node Type": "Streaming(type: LOCAL GATHER dop: 1/16)", "Parent Relationship": "Outer", "Startup Cost": 44999472.66, "Total Cost": 44999472.69, "Plan Rows": 1, "Plan Width": 113, "Plans": [{"Node Type": "Aggregate", "Strategy": "Plain", "Parent Relationship": "Outer", "Startup Cost": 44999472.66, "Total Cost": 44999472.67, "Plan Rows": 1, "Plan Width": 113, "Plans": [{"Node Type": "Nested Loop", "Parent Relationship": "Outer", "Join Type": "Inner", "Startup Cost": 554.15, "Total Cost": 44996982.62, "Plan Rows": 332005, "Plan Width": 45, "Inner Unique": false, "Join Filter": "(mc.movie_id = t.id), (LLVM Optimized)", "Plans": [{"Node Type": "Streaming(type: LOCAL REDISTRIBUTE dop: 16/16)", "Parent Relationship": "Outer", "Startup Cost": 0.0, "Total Cost": 55003.85, "Plan Rows": 1304518, "Plan Width": 28, "Plans": [{"Node Type": "Nested Loop", "Parent Relationship": "Outer", "Join Type": "Inner", "Startup Cost": 0.0, "Total Cost": 35060.95, "Plan Rows": 1304518, "Plan Width": 28, "Inner Unique": false, "Join Filter": "(ct.id = mc.company_type_id), (LLVM Optimized)", "Plans": [{"Node Type": "Streaming(type: BROADCAST dop: 16/1)", "Parent Relationship": "Outer", "Startup Cost": 0.0, "Total Cost": 15001.38, "Plan Rows": 16, "Plan Width": 4, "Plans": [{"Node Type": "Seq Scan", "Parent Relationship": "Outer", "Relation Name": "company_type", "Alias": "ct", "Startup Cost": 0.0, "Total Cost": 1.04, "Plan Rows": 1, "Plan Width": 4, "Filter": "((kind)::text = 'production companies'::text)"}]}, {"Node Type": "Seq Scan", "Parent Relationship": "Inner", "Relation Name": "movie_companies", "Alias": "mc", "Startup Cost": 0.0, "Total Cost": 18021.26, "Plan Rows": 2609035, "Plan Width": 32, "Filter": "((note)::text !~~ '%(as Metro-Goldwyn-Mayer Pictures)%'::text), (LLVM Optimized)"}]}]}, {"Node Type": "Materialize", "Parent Relationship": "Inner", "Startup Cost": 554.15, "Total Cost": 14642266.11, "Plan Rows": 396404, "Plan Width": 29, "Plans": [{"Node Type": "Streaming(type: LOCAL REDISTRIBUTE dop: 16/16)", "Parent Relationship": "Outer", "Startup Cost": 554.15, "Total Cost": 14642142.23, "Plan Rows": 396404, "Plan Width": 29, "Plans": [{"Node Type": "Nested Loop", "Parent Relationship": "Outer", "Join Type": "Inner", "Startup Cost": 554.15, "Total Cost": 14625640.23, "Plan Rows": 396404, "Plan Width": 29, "Inner Unique": false, "Join Filter": "(mi_idx.movie_id = t.id), (LLVM Optimized)", "Plans": [{"Node Type": "Streaming(type: LOCAL REDISTRIBUTE dop: 16/16)", "Parent Relationship": "Outer", "Startup Cost": 554.15, "Total Cost": 37269.66, "Plan Rows": 719240, "Plan Width": 25, "Plans": [{"Node Type": "Seq Scan", "Parent Relationship": "Outer", "Relation Name": "title", "Alias": "t", "Startup Cost": 554.15, "Total Cost": 19544.42, "Plan Rows": 719240, "Plan Width": 25, "Filter": "((production_year >= 2005) AND (production_year <= 2010)), (LLVM Optimized)"}]}, {"Node Type": "Materialize", "Parent Relationship": "Inner", "Startup Cost": 0.0, "Total Cost": 48763.12, "Plan Rows": 345008, "Plan Width": 4, "Plans": [{"Node Type": "Streaming(type: LOCAL REDISTRIBUTE dop: 16/16)", "Parent Relationship": "Outer", "Startup Cost": 0.0, "Total Cost": 48655.3, "Plan Rows": 345008, "Plan Width": 4, "Plans": [{"Node Type": "Nested Loop", "Parent Relationship": "Outer", "Join Type": "Inner", "Startup Cost": 0.0, "Total Cost": 32348.04, "Plan Rows": 345008, "Plan Width": 4, "Inner Unique": false, "Join Filter": "(it.id = mi_idx.info_type_id), (LLVM Optimized)", "Plans": [{"Node Type": "Streaming(type: BROADCAST dop: 16/1)", "Parent Relationship": "Outer", "Startup Cost": 0.0, "Total Cost": 15002.75, "Plan Rows": 16, "Plan Width": 4, "Plans": [{"Node Type": "Seq Scan", "Parent Relationship": "Outer", "Relation Name": "info_type", "Alias": "it", "Startup Cost": 0.0, "Total Cost": 2.4, "Plan Rows": 1, "Plan Width": 4, "Filter": "((info)::text = 'bottom 10 rank'::text)"}]}, {"Node Type": "Seq Scan", "Parent Relationship": "Inner", "Relation Name": "movie_info_idx", "Alias": "mi_idx", "Startup Cost": 0.0, "Total Cost": 16267.15, "Plan Rows": 1380034, "Plan Width": 8}]}]}]}]}]}]}]}]}]}]}, "Unique SQL Id": 1162488282, "Planner Runtime": 3}, "explain_analyze_plan": {"Plan": {"Node Type": "Aggregate", "Strategy": "Plain", "Startup Cost": 44999472.66, "Total Cost": 44999472.69, "Plan Rows": 1, "Plan Width": 113, "Actual Min Startup Time": 464.917, "Actual Max Startup Time": 464.917, "Actual Min Total Time": 464.918, "Actual Max Total Time": 464.918, "Plans": [{"Node Type": "Streaming(type: LOCAL GATHER dop: 1/16)", "Parent Relationship": "Outer", "Startup Cost": 44999472.66, "Total Cost": 44999472.69, "Plan Rows": 1, "Plan Width": 113, "Actual Min Startup Time": 464.813, "Actual Max Startup Time": 464.813, "Actual Min Total Time": 464.898, "Actual Max Total Time": 464.898, "Plans": [{"Node Type": "Aggregate", "Strategy": "Plain", "Parent Relationship": "Outer", "Startup Cost": 44999472.66, "Total Cost": 44999472.67, "Plan Rows": 1, "Plan Width": 113, "Actual Min Startup Time": 207.577, "Actual Max Startup Time": 274.583, "Actual Min Total Time": 207.577, "Actual Max Total Time": 274.583, "Plans": [{"Node Type": "Nested Loop", "Parent Relationship": "Outer", "Join Type": "Inner", "Startup Cost": 554.15, "Total Cost": 44996982.62, "Plan Rows": 332005, "Plan Width": 45, "Actual Min Startup Time": 187.348, "Actual Max Startup Time": 274.576, "Actual Min Total Time": 207.57, "Actual Max Total Time": 274.576, "Inner Unique": false, "Join Filter": "(mc.movie_id = t.id), (LLVM Optimized)", "Rows Removed by Join Filter": 35584, "Plans": [{"Node Type": "Streaming(type: LOCAL REDISTRIBUTE dop: 16/16)", "Parent Relationship": "Outer", "Startup Cost": 0.0, "Total Cost": 55003.85, "Plan Rows": 1304518, "Plan Width": 28, "Actual Min Startup Time": 0.053, "Actual Max Startup Time": 0.43, "Actual Min Total Time": 33.507, "Actual Max Total Time": 36.469, "Plans": [{"Node Type": "Nested Loop", "Parent Relationship": "Outer", "Join Type": "Inner", "Startup Cost": 0.0, "Total Cost": 35060.95, "Plan Rows": 1304518, "Plan Width": 28, "Actual Min Startup Time": 49.122, "Actual Max Startup Time": 62.491, "Actual Min Total Time": 71.807, "Actual Max Total Time": 88.001, "Inner Unique": false, "Join Filter": "(ct.id = mc.company_type_id), (LLVM Optimized)", "Rows Removed by Join Filter": 1196183, "Plans": [{"Node Type": "Streaming(type: BROADCAST dop: 16/1)", "Parent Relationship": "Outer", "Startup Cost": 0.0, "Total Cost": 15001.38, "Plan Rows": 16, "Plan Width": 4, "Actual Min Startup Time": 0.004, "Actual Max Startup Time": 6.011, "Actual Min Total Time": 0.005, "Actual Max Total Time": 6.012, "Plans": [{"Node Type": "Seq Scan", "Parent Relationship": "Outer", "Relation Name": "company_type", "Alias": "ct", "Startup Cost": 0.0, "Total Cost": 1.04, "Plan Rows": 1, "Plan Width": 4, "Actual Min Startup Time": 0.028, "Actual Max Startup Time": 0.028, "Actual Min Total Time": 0.032, "Actual Max Total Time": 0.032, "Filter": "((kind)::text = 'production companies'::text)", "Rows Removed by Filter": 2, "Actual Rows": 1}], "Actual Rows": 16}, {"Node Type": "Seq Scan", "Parent Relationship": "Inner", "Relation Name": "movie_companies", "Alias": "mc", "Startup Cost": 0.0, "Total Cost": 18021.26, "Plan Rows": 2609035, "Plan Width": 32, "Actual Min Startup Time": 0.03, "Actual Max Startup Time": 0.058, "Actual Min Total Time": 56.624, "Actual Max Total Time": 67.579, "Filter": "((note)::text !~~ '%(as Metro-Goldwyn-Mayer Pictures)%'::text), (LLVM Optimized)", "Rows Removed by Filter": 1272041, "Actual Rows": 1337087}], "Actual Rows": 140904}], "Actual Rows": 140904}, {"Node Type": "Materialize", "Parent Relationship": "Inner", "Startup Cost": 554.15, "Total Cost": 14642266.11, "Plan Rows": 396404, "Plan Width": 29, "Actual Min Startup Time": 169.763, "Actual Max Startup Time": 236.654, "Actual Min Total Time": 169.763, "Actual Max Total Time": 236.654, "Plans": [{"Node Type": "Streaming(type: LOCAL REDISTRIBUTE dop: 16/16)", "Parent Relationship": "Outer", "Startup Cost": 554.15, "Total Cost": 14642142.23, "Plan Rows": 396404, "Plan Width": 29, "Actual Min Startup Time": 168.837, "Actual Max Startup Time": 235.848, "Actual Min Total Time": 168.837, "Actual Max Total Time": 235.848, "Plans": [{"Node Type": "Nested Loop", "Parent Relationship": "Outer", "Join Type": "Inner", "Startup Cost": 554.15, "Total Cost": 14625640.23, "Plan Rows": 396404, "Plan Width": 29, "Actual Min Startup Time": 124.561, "Actual Max Startup Time": 213.985, "Actual Min Total Time": 168.34, "Actual Max Total Time": 213.985, "Inner Unique": false, "Join Filter": "(mi_idx.movie_id = t.id), (LLVM Optimized)", "Rows Removed by Join Filter": 447303, "Plans": [{"Node Type": "Streaming(type: LOCAL REDISTRIBUTE dop: 16/16)", "Parent Relationship": "Outer", "Startup Cost": 554.15, "Total Cost": 37269.66, "Plan Rows": 719240, "Plan Width": 25, "Actual Min Startup Time": 0.055, "Actual Max Startup Time": 0.224, "Actual Min Total Time": 100.277, "Actual Max Total Time": 126.154, "Plans": [{"Node Type": "Seq Scan", "Parent Relationship": "Outer", "Relation Name": "title", "Alias": "t", "Startup Cost": 554.15, "Total Cost": 19544.42, "Plan Rows": 719240, "Plan Width": 25, "Actual Min Startup Time": 0.03, "Actual Max Startup Time": 0.048, "Actual Min Total Time": 63.57, "Actual Max Total Time": 72.145, "Filter": "((production_year >= 2005) AND (production_year <= 2010)), (LLVM Optimized)", "Rows Removed by Filter": 1812052, "Actual Rows": 716259}], "Actual Rows": 716259}, {"Node Type": "Materialize", "Parent Relationship": "Inner", "Startup Cost": 0.0, "Total Cost": 48763.12, "Plan Rows": 345008, "Plan Width": 4, "Actual Min Startup Time": 34.084, "Actual Max Startup Time": 80.696, "Actual Min Total Time": 37.97, "Actual Max Total Time": 80.696, "Plans": [{"Node Type": "Streaming(type: LOCAL REDISTRIBUTE dop: 16/16)", "Parent Relationship": "Outer", "Startup Cost": 0.0, "Total Cost": 48655.3, "Plan Rows": 345008, "Plan Width": 4, "Actual Min Startup Time": 0.024, "Actual Max Startup Time": 75.748, "Actual Min Total Time": 30.128, "Actual Max Total Time": 75.748, "Plans": [{"Node Type": "Nested Loop", "Parent Relationship": "Outer", "Join Type": "Inner", "Startup Cost": 0.0, "Total Cost": 32348.04, "Plan Rows": 345008, "Plan Width": 4, "Actual Min Startup Time": 34.813, "Actual Max Startup Time": 51.632, "Actual Min Total Time": 34.813, "Actual Max Total Time": 51.632, "Inner Unique": false, "Join Filter": "(it.id = mi_idx.info_type_id), (LLVM Optimized)", "Rows Removed by Join Filter": 1380024, "Plans": [{"Node Type": "Streaming(type: BROADCAST dop: 16/1)", "Parent Relationship": "Outer", "Startup Cost": 0.0, "Total Cost": 15002.75, "Plan Rows": 16, "Plan Width": 4, "Actual Min Startup Time": 0.004, "Actual Max Startup Time": 16.436, "Actual Min Total Time": 0.005, "Actual Max Total Time": 16.438, "Plans": [{"Node Type": "Seq Scan", "Parent Relationship": "Outer", "Relation Name": "info_type", "Alias": "it", "Startup Cost": 0.0, "Total Cost": 2.4, "Plan Rows": 1, "Plan Width": 4, "Actual Min Startup Time": 0.066, "Actual Max Startup Time": 0.066, "Actual Min Total Time": 0.07, "Actual Max Total Time": 0.07, "Filter": "((info)::text = 'bottom 10 rank'::text)", "Rows Removed by Filter": 111, "Actual Rows": 1}], "Actual Rows": 16}, {"Node Type": "Seq Scan", "Parent Relationship": "Inner", "Relation Name": "movie_info_idx", "Alias": "mi_idx", "Startup Cost": 0.0, "Total Cost": 16267.15, "Plan Rows": 1380034, "Plan Width": 8, "Actual Min Startup Time": 0.031, "Actual Max Startup Time": 0.043, "Actual Min Total Time": 18.594, "Actual Max Total Time": 22.465, "Actual Rows": 1380034}], "Actual Rows": 10}], "Actual Rows": 10}], "Actual Rows": 447315}], "Actual Rows": 4}], "Actual Rows": 4}], "Actual Rows": 35591}], "Actual Rows": 3}], "Actual Rows": 16}], "Actual Rows": 16}], "Actual Rows": 1}, "Triggers": [], "Planner Runtime": 4.854, "Total Runtime": 492.446, "Unique SQL Id": 1162488282}}, "(16, '127')": {"explain_plan": {"Plan": {"Node Type": "Aggregate", "Strategy": "Plain", "Startup Cost": 5011509592906.65, "Total Cost": 5011509592906.66, "Plan Rows": 1, "Plan Width": 113, "Plans": [{"Node Type": "Nested Loop", "Parent Relationship": "Outer", "Join Type": "Inner", "Startup Cost": 50000000000.0, "Total Cost": 5011509590416.61, "Plan Rows": 332005, "Plan Width": 45, "Inner Unique": false, "Join Filter": "(mc.movie_id = t.id), (LLVM Optimized)", "Plans": [{"Node Type": "Nested Loop", "Parent Relationship": "Outer", "Join Type": "Inner", "Startup Cost": 20000000000.0, "Total Cost": 2000013744593.91, "Plan Rows": 1304518, "Plan Width": 28, "Inner Unique": true, "Join Filter": "(ct.id = mc.company_type_id), (LLVM Optimized)", "Plans": [{"Node Type": "Index Scan", "Parent Relationship": "Outer", "Scan Direction": "Forward", "Index Name": "movie_id_movie_companies", "Relation Name": "movie_companies", "Alias": "mc", "Startup Cost": 10000000000.0, "Total Cost": 1000013704228.13, "Plan Rows": 2609035, "Plan Width": 32, "Filter": "((note)::text !~~ '%(as Metro-Goldwyn-Mayer Pictures)%'::text), (LLVM Optimized)"}, {"Node Type": "Materialize", "Parent Relationship": "Inner", "Startup Cost": 10000000000.0, "Total Cost": 1000000001230.26, "Plan Rows": 1, "Plan Width": 4, "Plans": [{"Node Type": "Index Scan", "Parent Relationship": "Outer", "Scan Direction": "Forward", "Index Name": "company_type_pkey", "Relation Name": "company_type", "Alias": "ct", "Startup Cost": 10000000000.0, "Total Cost": 1000000001230.25, "Plan Rows": 1, "Plan Width": 4, "Filter": "((kind)::text = 'production companies'::text)"}]}]}, {"Node Type": "Materialize", "Parent Relationship": "Inner", "Startup Cost": 30000000000.0, "Total Cost": 3003739104514.63, "Plan Rows": 396404, "Plan Width": 29, "Plans": [{"Node Type": "Nested Loop", "Parent Relationship": "Outer", "Join Type": "Inner", "Startup Cost": 30000000000.0, "Total Cost": 3003739102532.61, "Plan Rows": 396404, "Plan Width": 29, "Inner Unique": false, "Join Filter": "(mi_idx.movie_id = t.id), (LLVM Optimized)", "Plans": [{"Node Type": "Index Scan", "Parent Relationship": "Outer", "Scan Direction": "Forward", "Index Name": "title_pkey", "Relation Name": "title", "Alias": "t", "Startup Cost": 10000000000.0, "Total Cost": 1000012276204.41, "Plan Rows": 719240, "Plan Width": 25, "Filter": "((production_year >= 2005) AND (production_year <= 2010)), (LLVM Optimized)"}, {"Node Type": "Materialize", "Parent Relationship": "Inner", "Startup Cost": 20000000000.0, "Total Cost": 2000004673881.92, "Plan Rows": 345008, "Plan Width": 4, "Plans": [{"Node Type": "Nested Loop", "Parent Relationship": "Outer", "Join Type": "Inner", "Startup Cost": 20000000000.0, "Total Cost": 2000004672156.88, "Plan Rows": 345008, "Plan Width": 4, "Inner Unique": true, "Join Filter": "(it.id = mi_idx.info_type_id), (LLVM Optimized)", "Plans": [{"Node Type": "Index Scan", "Parent Relationship": "Outer", "Scan Direction": "Forward", "Index Name": "movie_id_movie_info_idx", "Relation Name": "movie_info_idx", "Alias": "mi_idx", "Startup Cost": 10000000000.0, "Total Cost": 1000004650035.37, "Plan Rows": 1380034, "Plan Width": 8}, {"Node Type": "Materialize", "Parent Relationship": "Inner", "Startup Cost": 10000000000.0, "Total Cost": 1000000001421.0, "Plan Rows": 1, "Plan Width": 4, "Plans": [{"Node Type": "Index Scan", "Parent Relationship": "Outer", "Scan Direction": "Forward", "Index Name": "info_type_pkey", "Relation Name": "info_type", "Alias": "it", "Startup Cost": 10000000000.0, "Total Cost": 1000000001421.0, "Plan Rows": 1, "Plan Width": 4, "Filter": "((info)::text = 'bottom 10 rank'::text)"}]}]}]}]}]}]}]}, "Unique SQL Id": 1162488282, "Planner Runtime": 2}, "explain_analyze_plan": null}, "(64, '0')": {"explain_plan": {"Plan": {"Node Type": "Aggregate", "Strategy": "Plain", "Startup Cost": 195394.68, "Total Cost": 195394.69, "Plan Rows": 1, "Plan Width": 113, "Plans": [{"Node Type": "Hash Join", "Parent Relationship": "Outer", "Join Type": "Inner", "Startup Cost": 119919.5, "Total Cost": 192038.65, "Plan Rows": 447470, "Plan Width": 45, "Inner Unique": true, "Hash Cond": "(mc.company_type_id = ct.id), (LLVM Optimized)", "Plans": [{"Node Type": "Hash Join", "Parent Relationship": "Outer", "Join Type": "Inner", "Startup Cost": 119918.45, "Total Cost": 187568.09, "Plan Rows": 549199, "Plan Width": 49, "Inner Unique": false, "Hash Cond": "(mc.movie_id = t.id), (LLVM Optimized)", "Plans": [{"Node Type": "Seq Scan", "Parent Relationship": "Outer", "Relation Name": "movie_companies", "Alias": "mc", "Startup Cost": 0.0, "Total Cost": 48340.1, "Plan Rows": 2609035, "Plan Width": 32, "Filter": "((note)::text !~~ '%(as Metro-Goldwyn-Mayer Pictures)%'::text), (LLVM Optimized)"}, {"Node Type": "Hash", "Parent Relationship": "Inner", "Startup Cost": 114963.4, "Total Cost": 114963.4, "Plan Rows": 396404, "Plan Width": 29, "Plans": [{"Node Type": "Hash Join", "Parent Relationship": "Outer", "Join Type": "Inner", "Startup Cost": 95466.5, "Total Cost": 114963.4, "Plan Rows": 396404, "Plan Width": 29, "Inner Unique": true, "Hash Cond": "(mi_idx.movie_id = t.id), (LLVM Optimized)", "Plans": [{"Node Type": "Nested Loop", "Parent Relationship": "Outer", "Join Type": "Inner", "Startup Cost": 7502.06, "Total Cost": 21741.14, "Plan Rows": 345008, "Plan Width": 4, "Inner Unique": false, "Plans": [{"Node Type": "Seq Scan", "Parent Relationship": "Outer", "Relation Name": "info_type", "Alias": "it", "Startup Cost": 0.0, "Total Cost": 2.4, "Plan Rows": 1, "Plan Width": 4, "Filter": "((info)::text = 'bottom 10 rank'::text)"}, {"Node Type": "Bitmap Heap Scan", "Parent Relationship": "Inner", "Relation Name": "movie_info_idx", "Alias": "mi_idx", "Startup Cost": 7502.06, "Total Cost": 18288.66, "Plan Rows": 345008, "Plan Width": 8, "Recheck Cond": "(info_type_id = it.id), (LLVM Optimized)", "Plans": [{"Node Type": "Bitmap Index Scan", "Parent Relationship": "Outer", "Index Name": "info_type_id_movie_info_idx", "Startup Cost": 0.0, "Total Cost": 7415.81, "Plan Rows": 345008, "Plan Width": 0, "Index Cond": "(info_type_id = it.id)"}]}]}, {"Node Type": "Hash", "Parent Relationship": "Inner", "Startup Cost": 78973.94, "Total Cost": 78973.94, "Plan Rows": 719240, "Plan Width": 25, "Plans": [{"Node Type": "Streaming(type: LOCAL GATHER dop: 1/64)", "Parent Relationship": "Outer", "Startup Cost": 1813.35, "Total Cost": 78973.94, "Plan Rows": 719240, "Plan Width": 25, "Plans": [{"Node Type": "Seq Scan", "Parent Relationship": "Outer", "Relation Name": "title", "Alias": "t", "Startup Cost": 1813.35, "Total Cost": 64136.1, "Plan Rows": 719240, "Plan Width": 25, "Filter": "((production_year >= 2005) AND (production_year <= 2010)), (LLVM Optimized)"}]}]}]}]}]}, {"Node Type": "Hash", "Parent Relationship": "Inner", "Startup Cost": 1.04, "Total Cost": 1.04, "Plan Rows": 1, "Plan Width": 4, "Plans": [{"Node Type": "Seq Scan", "Parent Relationship": "Outer", "Relation Name": "company_type", "Alias": "ct", "Startup Cost": 0.0, "Total Cost": 1.04, "Plan Rows": 1, "Plan Width": 4, "Filter": "((kind)::text = 'production companies'::text)"}]}]}]}, "Unique SQL Id": 1162488282, "Planner Runtime": 13}, "explain_analyze_plan": {"Plan": {"Node Type": "Aggregate", "Strategy": "Plain", "Startup Cost": 195394.68, "Total Cost": 195394.69, "Plan Rows": 1, "Plan Width": 113, "Actual Min Startup Time": 1712.317, "Actual Max Startup Time": 1712.317, "Actual Min Total Time": 1712.318, "Actual Max Total Time": 1712.318, "Plans": [{"Node Type": "Hash Join", "Parent Relationship": "Outer", "Join Type": "Inner", "Startup Cost": 119919.5, "Total Cost": 192038.65, "Plan Rows": 447470, "Plan Width": 45, "Actual Min Startup Time": 1537.422, "Actual Max Startup Time": 1537.422, "Actual Min Total Time": 1712.281, "Actual Max Total Time": 1712.281, "Inner Unique": true, "Hash Cond": "(mc.company_type_id = ct.id), (LLVM Optimized, Jit Execute)", "Plans": [{"Node Type": "Hash Join", "Parent Relationship": "Outer", "Join Type": "Inner", "Startup Cost": 119918.45, "Total Cost": 187568.09, "Plan Rows": 549199, "Plan Width": 49, "Actual Min Startup Time": 868.88, "Actual Max Startup Time": 868.88, "Actual Min Total Time": 1712.01, "Actual Max Total Time": 1712.01, "Inner Unique": false, "Hash Cond": "(mc.movie_id = t.id), (LLVM Optimized, Jit Execute)", "Plans": [{"Node Type": "Seq Scan", "Parent Relationship": "Outer", "Relation Name": "movie_companies", "Alias": "mc", "Startup Cost": 0.0, "Total Cost": 48340.1, "Plan Rows": 2609035, "Plan Width": 32, "Actual Min Startup Time": 0.044, "Actual Max Startup Time": 0.044, "Actual Min Total Time": 910.434, "Actual Max Total Time": 910.434, "Filter": "((note)::text !~~ '%(as Metro-Goldwyn-Mayer Pictures)%'::text), (LLVM Optimized, Jit Execute)", "Rows Removed by Filter": 1272041, "Actual Rows": 1337087}, {"Node Type": "Hash", "Parent Relationship": "Inner", "Startup Cost": 114963.4, "Total Cost": 114963.4, "Plan Rows": 396404, "Plan Width": 29, "Actual Min Startup Time": 538.726, "Actual Max Startup Time": 538.726, "Actual Min Total Time": 538.726, "Actual Max Total Time": 538.726, "Max Hash Buckets": 524288, "Min Hash Buckets": 524288, "Max Hash Batches": 1, "Min Hash Batches": 1, "Max Original Hash Batches": 1, "Min Original Hash Batches": 1, "Max Peak Memory Usage": 1, "min Peak Memory Usage": 1, "Plans": [{"Node Type": "Hash Join", "Parent Relationship": "Outer", "Join Type": "Inner", "Startup Cost": 95466.5, "Total Cost": 114963.4, "Plan Rows": 396404, "Plan Width": 29, "Actual Min Startup Time": 538.701, "Actual Max Startup Time": 538.701, "Actual Min Total Time": 538.713, "Actual Max Total Time": 538.713, "Inner Unique": true, "Hash Cond": "(mi_idx.movie_id = t.id), (LLVM Optimized, Jit Execute)", "Plans": [{"Node Type": "Nested Loop", "Parent Relationship": "Outer", "Join Type": "Inner", "Startup Cost": 7502.06, "Total Cost": 21741.14, "Plan Rows": 345008, "Plan Width": 4, "Actual Min Startup Time": 0.142, "Actual Max Startup Time": 0.142, "Actual Min Total Time": 0.151, "Actual Max Total Time": 0.151, "Inner Unique": false, "Plans": [{"Node Type": "Seq Scan", "Parent Relationship": "Outer", "Relation Name": "info_type", "Alias": "it", "Startup Cost": 0.0, "Total Cost": 2.4, "Plan Rows": 1, "Plan Width": 4, "Actual Min Startup Time": 0.071, "Actual Max Startup Time": 0.071, "Actual Min Total Time": 0.074, "Actual Max Total Time": 0.074, "Filter": "((info)::text = 'bottom 10 rank'::text)", "Rows Removed by Filter": 111, "Actual Rows": 1}, {"Node Type": "Bitmap Heap Scan", "Parent Relationship": "Inner", "Relation Name": "movie_info_idx", "Alias": "mi_idx", "Startup Cost": 7502.06, "Total Cost": 18288.66, "Plan Rows": 345008, "Plan Width": 8, "Actual Min Startup Time": 0.052, "Actual Max Startup Time": 0.052, "Actual Min Total Time": 0.055, "Actual Max Total Time": 0.055, "Recheck Cond": "(info_type_id = it.id), (LLVM Optimized, Jit Execute)", "Rows Removed by Index Recheck": 0, "Exact Heap Blocks": 1, "Lossy Heap Blocks": 1, "Plans": [{"Node Type": "Bitmap Index Scan", "Parent Relationship": "Outer", "Index Name": "info_type_id_movie_info_idx", "Startup Cost": 0.0, "Total Cost": 7415.81, "Plan Rows": 345008, "Plan Width": 0, "Actual Min Startup Time": 0.033, "Actual Max Startup Time": 0.033, "Actual Min Total Time": 0.033, "Actual Max Total Time": 0.033, "Index Cond": "(info_type_id = it.id)", "Actual Rows": 10}], "Actual Rows": 10}], "Actual Rows": 10}, {"Node Type": "Hash", "Parent Relationship": "Inner", "Startup Cost": 78973.94, "Total Cost": 78973.94, "Plan Rows": 719240, "Plan Width": 25, "Actual Min Startup Time": 537.811, "Actual Max Startup Time": 537.811, "Actual Min Total Time": 537.811, "Actual Max Total Time": 537.811, "Max Hash Buckets": 1048576, "Min Hash Buckets": 1048576, "Max Hash Batches": 1, "Min Hash Batches": 1, "Max Original Hash Batches": 1, "Min Original Hash Batches": 1, "Max Peak Memory Usage": 41052, "min Peak Memory Usage": 41052, "Plans": [{"Node Type": "Streaming(type: LOCAL GATHER dop: 1/64)", "Parent Relationship": "Outer", "Startup Cost": 1813.35, "Total Cost": 78973.94, "Plan Rows": 719240, "Plan Width": 25, "Actual Min Startup Time": 105.933, "Actual Max Startup Time": 105.933, "Actual Min Total Time": 332.282, "Actual Max Total Time": 332.282, "Plans": [{"Node Type": "Seq Scan", "Parent Relationship": "Outer", "Relation Name": "title", "Alias": "t", "Startup Cost": 1813.35, "Total Cost": 64136.1, "Plan Rows": 719240, "Plan Width": 25, "Actual Min Startup Time": 0.028, "Actual Max Startup Time": 0.049, "Actual Min Total Time": 15.397, "Actual Max Total Time": 19.822, "Filter": "((production_year >= 2005) AND (production_year <= 2010)), (LLVM Optimized, Jit Execute)", "Rows Removed by Filter": 1812052, "Actual Rows": 716259}], "Actual Rows": 716259}], "Actual Rows": 716259}], "Actual Rows": 4}], "Actual Rows": 4}], "Actual Rows": 66}, {"Node Type": "Hash", "Parent Relationship": "Inner", "Startup Cost": 1.04, "Total Cost": 1.04, "Plan Rows": 1, "Plan Width": 4, "Actual Min Startup Time": 0.08, "Actual Max Startup Time": 0.08, "Actual Min Total Time": 0.08, "Actual Max Total Time": 0.08, "Max Hash Buckets": 32768, "Min Hash Buckets": 32768, "Max Hash Batches": 1, "Min Hash Batches": 1, "Max Original Hash Batches": 1, "Min Original Hash Batches": 1, "Max Peak Memory Usage": 1, "min Peak Memory Usage": 1, "Plans": [{"Node Type": "Seq Scan", "Parent Relationship": "Outer", "Relation Name": "company_type", "Alias": "ct", "Startup Cost": 0.0, "Total Cost": 1.04, "Plan Rows": 1, "Plan Width": 4, "Actual Min Startup Time": 0.055, "Actual Max Startup Time": 0.055, "Actual Min Total Time": 0.059, "Actual Max Total Time": 0.059, "Filter": "((kind)::text = 'production companies'::text)", "Rows Removed by Filter": 2, "Actual Rows": 1}], "Actual Rows": 1}], "Actual Rows": 3}], "Actual Rows": 1}, "Triggers": [], "Planner Runtime": 12.679, "Total Runtime": 1735.32, "Unique SQL Id": 1162488282}}, "(64, '1')": {"explain_plan": {"Plan": {"Node Type": "Aggregate", "Strategy": "Plain", "Startup Cost": 247822.0, "Total Cost": 247822.01, "Plan Rows": 1, "Plan Width": 113, "Plans": [{"Node Type": "Hash Join", "Parent Relationship": "Outer", "Join Type": "Inner", "Startup Cost": 163718.37, "Total Cost": 244465.97, "Plan Rows": 447470, "Plan Width": 45, "Inner Unique": false, "Hash Cond": "(mc.movie_id = t.id), (LLVM Optimized)", "Plans": [{"Node Type": "Nested Loop", "Parent Relationship": "Outer", "Join Type": "Inner", "Startup Cost": 0.0, "Total Cost": 69436.41, "Plan Rows": 1304518, "Plan Width": 28, "Inner Unique": false, "Plans": [{"Node Type": "Index Scan", "Parent Relationship": "Outer", "Scan Direction": "Forward", "Index Name": "company_type_pkey", "Relation Name": "company_type", "Alias": "ct", "Startup Cost": 0.0, "Total Cost": 12.3, "Plan Rows": 1, "Plan Width": 4, "Filter": "((kind)::text = 'production companies'::text)"}, {"Node Type": "Index Scan", "Parent Relationship": "Inner", "Scan Direction": "Forward", "Index Name": "company_type_id_movie_companies", "Relation Name": "movie_companies", "Alias": "mc", "Startup Cost": 0.0, "Total Cost": 56378.94, "Plan Rows": 1304517, "Plan Width": 32, "Index Cond": "(company_type_id = ct.id), (LLVM Optimized)", "Filter": "((note)::text !~~ '%(as Metro-Goldwyn-Mayer Pictures)%'::text), (LLVM Optimized)"}]}, {"Node Type": "Hash", "Parent Relationship": "Inner", "Startup Cost": 158763.32, "Total Cost": 158763.32, "Plan Rows": 396404, "Plan Width": 29, "Plans": [{"Node Type": "Hash Join", "Parent Relationship": "Outer", "Join Type": "Inner", "Startup Cost": 139254.61, "Total Cost": 158763.32, "Plan Rows": 396404, "Plan Width": 29, "Inner Unique": true, "Hash Cond": "(mi_idx.movie_id = t.id), (LLVM Optimized)", "Plans": [{"Node Type": "Nested Loop", "Parent Relationship": "Outer", "Join Type": "Inner", "Startup Cost": 7502.06, "Total Cost": 21752.95, "Plan Rows": 345008, "Plan Width": 4, "Inner Unique": false, "Plans": [{"Node Type": "Index Scan", "Parent Relationship": "Outer", "Scan Direction": "Forward", "Index Name": "info_type_pkey", "Relation Name": "info_type", "Alias": "it", "Startup Cost": 0.0, "Total Cost": 14.21, "Plan Rows": 1, "Plan Width": 4, "Filter": "((info)::text = 'bottom 10 rank'::text)"}, {"Node Type": "Bitmap Heap Scan", "Parent Relationship": "Inner", "Relation Name": "movie_info_idx", "Alias": "mi_idx", "Startup Cost": 7502.06, "Total Cost": 18288.66, "Plan Rows": 345008, "Plan Width": 8, "Recheck Cond": "(info_type_id = it.id), (LLVM Optimized)", "Plans": [{"Node Type": "Bitmap Index Scan", "Parent Relationship": "Outer", "Index Name": "info_type_id_movie_info_idx", "Startup Cost": 0.0, "Total Cost": 7415.81, "Plan Rows": 345008, "Plan Width": 0, "Index Cond": "(info_type_id = it.id)"}]}]}, {"Node Type": "Hash", "Parent Relationship": "Inner", "Startup Cost": 122762.04, "Total Cost": 122762.04, "Plan Rows": 719240, "Plan Width": 25, "Plans": [{"Node Type": "Index Scan", "Parent Relationship": "Outer", "Scan Direction": "Forward", "Index Name": "title_pkey", "Relation Name": "title", "Alias": "t", "Startup Cost": 0.0, "Total Cost": 122762.04, "Plan Rows": 719240, "Plan Width": 25, "Filter": "((production_year >= 2005) AND (production_year <= 2010)), (LLVM Optimized)"}]}]}]}]}]}, "Unique SQL Id": 1162488282, "Planner Runtime": 10}, "explain_analyze_plan": null}, "(64, '2')": {"explain_plan": {"Plan": {"Node Type": "Aggregate", "Strategy": "Plain", "Startup Cost": 195394.68, "Total Cost": 195394.69, "Plan Rows": 1, "Plan Width": 113, "Plans": [{"Node Type": "Hash Join", "Parent Relationship": "Outer", "Join Type": "Inner", "Startup Cost": 119919.5, "Total Cost": 192038.65, "Plan Rows": 447470, "Plan Width": 45, "Inner Unique": true, "Hash Cond": "(mc.company_type_id = ct.id), (LLVM Optimized)", "Plans": [{"Node Type": "Hash Join", "Parent Relationship": "Outer", "Join Type": "Inner", "Startup Cost": 119918.45, "Total Cost": 187568.09, "Plan Rows": 549199, "Plan Width": 49, "Inner Unique": false, "Hash Cond": "(mc.movie_id = t.id), (LLVM Optimized)", "Plans": [{"Node Type": "Seq Scan", "Parent Relationship": "Outer", "Relation Name": "movie_companies", "Alias": "mc", "Startup Cost": 0.0, "Total Cost": 48340.1, "Plan Rows": 2609035, "Plan Width": 32, "Filter": "((note)::text !~~ '%(as Metro-Goldwyn-Mayer Pictures)%'::text), (LLVM Optimized)"}, {"Node Type": "Hash", "Parent Relationship": "Inner", "Startup Cost": 114963.4, "Total Cost": 114963.4, "Plan Rows": 396404, "Plan Width": 29, "Plans": [{"Node Type": "Hash Join", "Parent Relationship": "Outer", "Join Type": "Inner", "Startup Cost": 95466.5, "Total Cost": 114963.4, "Plan Rows": 396404, "Plan Width": 29, "Inner Unique": true, "Hash Cond": "(mi_idx.movie_id = t.id), (LLVM Optimized)", "Plans": [{"Node Type": "Nested Loop", "Parent Relationship": "Outer", "Join Type": "Inner", "Startup Cost": 7502.06, "Total Cost": 21741.14, "Plan Rows": 345008, "Plan Width": 4, "Inner Unique": false, "Plans": [{"Node Type": "Seq Scan", "Parent Relationship": "Outer", "Relation Name": "info_type", "Alias": "it", "Startup Cost": 0.0, "Total Cost": 2.4, "Plan Rows": 1, "Plan Width": 4, "Filter": "((info)::text = 'bottom 10 rank'::text)"}, {"Node Type": "Bitmap Heap Scan", "Parent Relationship": "Inner", "Relation Name": "movie_info_idx", "Alias": "mi_idx", "Startup Cost": 7502.06, "Total Cost": 18288.66, "Plan Rows": 345008, "Plan Width": 8, "Recheck Cond": "(info_type_id = it.id), (LLVM Optimized)", "Plans": [{"Node Type": "Bitmap Index Scan", "Parent Relationship": "Outer", "Index Name": "info_type_id_movie_info_idx", "Startup Cost": 0.0, "Total Cost": 7415.81, "Plan Rows": 345008, "Plan Width": 0, "Index Cond": "(info_type_id = it.id)"}]}]}, {"Node Type": "Hash", "Parent Relationship": "Inner", "Startup Cost": 78973.94, "Total Cost": 78973.94, "Plan Rows": 719240, "Plan Width": 25, "Plans": [{"Node Type": "Streaming(type: LOCAL GATHER dop: 1/64)", "Parent Relationship": "Outer", "Startup Cost": 1813.35, "Total Cost": 78973.94, "Plan Rows": 719240, "Plan Width": 25, "Plans": [{"Node Type": "Seq Scan", "Parent Relationship": "Outer", "Relation Name": "title", "Alias": "t", "Startup Cost": 1813.35, "Total Cost": 64136.1, "Plan Rows": 719240, "Plan Width": 25, "Filter": "((production_year >= 2005) AND (production_year <= 2010)), (LLVM Optimized)"}]}]}]}]}]}, {"Node Type": "Hash", "Parent Relationship": "Inner", "Startup Cost": 1.04, "Total Cost": 1.04, "Plan Rows": 1, "Plan Width": 4, "Plans": [{"Node Type": "Seq Scan", "Parent Relationship": "Outer", "Relation Name": "company_type", "Alias": "ct", "Startup Cost": 0.0, "Total Cost": 1.04, "Plan Rows": 1, "Plan Width": 4, "Filter": "((kind)::text = 'production companies'::text)"}]}]}]}, "Unique SQL Id": 1162488282, "Planner Runtime": 12}, "explain_analyze_plan": {"Plan": {"Node Type": "Aggregate", "Strategy": "Plain", "Startup Cost": 195394.68, "Total Cost": 195394.69, "Plan Rows": 1, "Plan Width": 113, "Actual Min Startup Time": 1712.317, "Actual Max Startup Time": 1712.317, "Actual Min Total Time": 1712.318, "Actual Max Total Time": 1712.318, "Plans": [{"Node Type": "Hash Join", "Parent Relationship": "Outer", "Join Type": "Inner", "Startup Cost": 119919.5, "Total Cost": 192038.65, "Plan Rows": 447470, "Plan Width": 45, "Actual Min Startup Time": 1537.422, "Actual Max Startup Time": 1537.422, "Actual Min Total Time": 1712.281, "Actual Max Total Time": 1712.281, "Inner Unique": true, "Hash Cond": "(mc.company_type_id = ct.id), (LLVM Optimized, Jit Execute)", "Plans": [{"Node Type": "Hash Join", "Parent Relationship": "Outer", "Join Type": "Inner", "Startup Cost": 119918.45, "Total Cost": 187568.09, "Plan Rows": 549199, "Plan Width": 49, "Actual Min Startup Time": 868.88, "Actual Max Startup Time": 868.88, "Actual Min Total Time": 1712.01, "Actual Max Total Time": 1712.01, "Inner Unique": false, "Hash Cond": "(mc.movie_id = t.id), (LLVM Optimized, Jit Execute)", "Plans": [{"Node Type": "Seq Scan", "Parent Relationship": "Outer", "Relation Name": "movie_companies", "Alias": "mc", "Startup Cost": 0.0, "Total Cost": 48340.1, "Plan Rows": 2609035, "Plan Width": 32, "Actual Min Startup Time": 0.044, "Actual Max Startup Time": 0.044, "Actual Min Total Time": 910.434, "Actual Max Total Time": 910.434, "Filter": "((note)::text !~~ '%(as Metro-Goldwyn-Mayer Pictures)%'::text), (LLVM Optimized, Jit Execute)", "Rows Removed by Filter": 1272041, "Actual Rows": 1337087}, {"Node Type": "Hash", "Parent Relationship": "Inner", "Startup Cost": 114963.4, "Total Cost": 114963.4, "Plan Rows": 396404, "Plan Width": 29, "Actual Min Startup Time": 538.726, "Actual Max Startup Time": 538.726, "Actual Min Total Time": 538.726, "Actual Max Total Time": 538.726, "Max Hash Buckets": 524288, "Min Hash Buckets": 524288, "Max Hash Batches": 1, "Min Hash Batches": 1, "Max Original Hash Batches": 1, "Min Original Hash Batches": 1, "Max Peak Memory Usage": 1, "min Peak Memory Usage": 1, "Plans": [{"Node Type": "Hash Join", "Parent Relationship": "Outer", "Join Type": "Inner", "Startup Cost": 95466.5, "Total Cost": 114963.4, "Plan Rows": 396404, "Plan Width": 29, "Actual Min Startup Time": 538.701, "Actual Max Startup Time": 538.701, "Actual Min Total Time": 538.713, "Actual Max Total Time": 538.713, "Inner Unique": true, "Hash Cond": "(mi_idx.movie_id = t.id), (LLVM Optimized, Jit Execute)", "Plans": [{"Node Type": "Nested Loop", "Parent Relationship": "Outer", "Join Type": "Inner", "Startup Cost": 7502.06, "Total Cost": 21741.14, "Plan Rows": 345008, "Plan Width": 4, "Actual Min Startup Time": 0.142, "Actual Max Startup Time": 0.142, "Actual Min Total Time": 0.151, "Actual Max Total Time": 0.151, "Inner Unique": false, "Plans": [{"Node Type": "Seq Scan", "Parent Relationship": "Outer", "Relation Name": "info_type", "Alias": "it", "Startup Cost": 0.0, "Total Cost": 2.4, "Plan Rows": 1, "Plan Width": 4, "Actual Min Startup Time": 0.071, "Actual Max Startup Time": 0.071, "Actual Min Total Time": 0.074, "Actual Max Total Time": 0.074, "Filter": "((info)::text = 'bottom 10 rank'::text)", "Rows Removed by Filter": 111, "Actual Rows": 1}, {"Node Type": "Bitmap Heap Scan", "Parent Relationship": "Inner", "Relation Name": "movie_info_idx", "Alias": "mi_idx", "Startup Cost": 7502.06, "Total Cost": 18288.66, "Plan Rows": 345008, "Plan Width": 8, "Actual Min Startup Time": 0.052, "Actual Max Startup Time": 0.052, "Actual Min Total Time": 0.055, "Actual Max Total Time": 0.055, "Recheck Cond": "(info_type_id = it.id), (LLVM Optimized, Jit Execute)", "Rows Removed by Index Recheck": 0, "Exact Heap Blocks": 1, "Lossy Heap Blocks": 1, "Plans": [{"Node Type": "Bitmap Index Scan", "Parent Relationship": "Outer", "Index Name": "info_type_id_movie_info_idx", "Startup Cost": 0.0, "Total Cost": 7415.81, "Plan Rows": 345008, "Plan Width": 0, "Actual Min Startup Time": 0.033, "Actual Max Startup Time": 0.033, "Actual Min Total Time": 0.033, "Actual Max Total Time": 0.033, "Index Cond": "(info_type_id = it.id)", "Actual Rows": 10}], "Actual Rows": 10}], "Actual Rows": 10}, {"Node Type": "Hash", "Parent Relationship": "Inner", "Startup Cost": 78973.94, "Total Cost": 78973.94, "Plan Rows": 719240, "Plan Width": 25, "Actual Min Startup Time": 537.811, "Actual Max Startup Time": 537.811, "Actual Min Total Time": 537.811, "Actual Max Total Time": 537.811, "Max Hash Buckets": 1048576, "Min Hash Buckets": 1048576, "Max Hash Batches": 1, "Min Hash Batches": 1, "Max Original Hash Batches": 1, "Min Original Hash Batches": 1, "Max Peak Memory Usage": 41052, "min Peak Memory Usage": 41052, "Plans": [{"Node Type": "Streaming(type: LOCAL GATHER dop: 1/64)", "Parent Relationship": "Outer", "Startup Cost": 1813.35, "Total Cost": 78973.94, "Plan Rows": 719240, "Plan Width": 25, "Actual Min Startup Time": 105.933, "Actual Max Startup Time": 105.933, "Actual Min Total Time": 332.282, "Actual Max Total Time": 332.282, "Plans": [{"Node Type": "Seq Scan", "Parent Relationship": "Outer", "Relation Name": "title", "Alias": "t", "Startup Cost": 1813.35, "Total Cost": 64136.1, "Plan Rows": 719240, "Plan Width": 25, "Actual Min Startup Time": 0.028, "Actual Max Startup Time": 0.049, "Actual Min Total Time": 15.397, "Actual Max Total Time": 19.822, "Filter": "((production_year >= 2005) AND (production_year <= 2010)), (LLVM Optimized, Jit Execute)", "Rows Removed by Filter": 1812052, "Actual Rows": 716259}], "Actual Rows": 716259}], "Actual Rows": 716259}], "Actual Rows": 4}], "Actual Rows": 4}], "Actual Rows": 66}, {"Node Type": "Hash", "Parent Relationship": "Inner", "Startup Cost": 1.04, "Total Cost": 1.04, "Plan Rows": 1, "Plan Width": 4, "Actual Min Startup Time": 0.08, "Actual Max Startup Time": 0.08, "Actual Min Total Time": 0.08, "Actual Max Total Time": 0.08, "Max Hash Buckets": 32768, "Min Hash Buckets": 32768, "Max Hash Batches": 1, "Min Hash Batches": 1, "Max Original Hash Batches": 1, "Min Original Hash Batches": 1, "Max Peak Memory Usage": 1, "min Peak Memory Usage": 1, "Plans": [{"Node Type": "Seq Scan", "Parent Relationship": "Outer", "Relation Name": "company_type", "Alias": "ct", "Startup Cost": 0.0, "Total Cost": 1.04, "Plan Rows": 1, "Plan Width": 4, "Actual Min Startup Time": 0.055, "Actual Max Startup Time": 0.055, "Actual Min Total Time": 0.059, "Actual Max Total Time": 0.059, "Filter": "((kind)::text = 'production companies'::text)", "Rows Removed by Filter": 2, "Actual Rows": 1}], "Actual Rows": 1}], "Actual Rows": 3}], "Actual Rows": 1}, "Triggers": [], "Planner Runtime": 12.679, "Total Runtime": 1735.32, "Unique SQL Id": 1162488282}}, "(64, '3')": {"explain_plan": {"Plan": {"Node Type": "Aggregate", "Strategy": "Plain", "Startup Cost": 255790.36, "Total Cost": 255790.37, "Plan Rows": 1, "Plan Width": 113, "Plans": [{"Node Type": "Hash Join", "Parent Relationship": "Outer", "Join Type": "Inner", "Startup Cost": 192779.48, "Total Cost": 252434.34, "Plan Rows": 447470, "Plan Width": 45, "Inner Unique": false, "Hash Cond": "(mc.movie_id = t.id), (LLVM Optimized)", "Plans": [{"Node Type": "Nested Loop", "Parent Relationship": "Outer", "Join Type": "Inner", "Startup Cost": 29278.87, "Total Cost": 77622.54, "Plan Rows": 1304518, "Plan Width": 28, "Inner Unique": false, "Plans": [{"Node Type": "Bitmap Heap Scan", "Parent Relationship": "Outer", "Relation Name": "company_type", "Alias": "ct", "Startup Cost": 8.27, "Total Cost": 12.3, "Plan Rows": 1, "Plan Width": 4, "Filter": "((kind)::text = 'production companies'::text)", "Plans": [{"Node Type": "Bitmap Index Scan", "Parent Relationship": "Outer", "Index Name": "company_type_pkey", "Startup Cost": 0.0, "Total Cost": 8.27, "Plan Rows": 3, "Plan Width": 0}]}, {"Node Type": "Bitmap Heap Scan", "Parent Relationship": "Inner", "Relation Name": "movie_companies", "Alias": "mc", "Startup Cost": 29270.61, "Total Cost": 64565.07, "Plan Rows": 1304517, "Plan Width": 32, "Recheck Cond": "(company_type_id = ct.id), (LLVM Optimized)", "Filter": "((note)::text !~~ '%(as Metro-Goldwyn-Mayer Pictures)%'::text), (LLVM Optimized)", "Plans": [{"Node Type": "Bitmap Index Scan", "Parent Relationship": "Outer", "Index Name": "company_type_id_movie_companies", "Startup Cost": 0.0, "Total Cost": 28944.48, "Plan Rows": 1304564, "Plan Width": 0, "Index Cond": "(company_type_id = ct.id)"}]}]}, {"Node Type": "Hash", "Parent Relationship": "Inner", "Startup Cost": 158545.55, "Total Cost": 158545.55, "Plan Rows": 396404, "Plan Width": 29, "Plans": [{"Node Type": "Hash Join", "Parent Relationship": "Outer", "Join Type": "Inner", "Startup Cost": 139045.65, "Total Cost": 158545.55, "Plan Rows": 396404, "Plan Width": 29, "Inner Unique": true, "Hash Cond": "(mi_idx.movie_id = t.id), (LLVM Optimized)", "Plans": [{"Node Type": "Nested Loop", "Parent Relationship": "Outer", "Join Type": "Inner", "Startup Cost": 7510.87, "Total Cost": 21752.95, "Plan Rows": 345008, "Plan Width": 4, "Inner Unique": false, "Plans": [{"Node Type": "Bitmap Heap Scan", "Parent Relationship": "Outer", "Relation Name": "info_type", "Alias": "it", "Startup Cost": 8.81, "Total Cost": 14.21, "Plan Rows": 1, "Plan Width": 4, "Filter": "((info)::text = 'bottom 10 rank'::text)", "Plans": [{"Node Type": "Bitmap Index Scan", "Parent Relationship": "Outer", "Index Name": "info_type_pkey", "Startup Cost": 0.0, "Total Cost": 8.81, "Plan Rows": 112, "Plan Width": 0}]}, {"Node Type": "Bitmap Heap Scan", "Parent Relationship": "Inner", "Relation Name": "movie_info_idx", "Alias": "mi_idx", "Startup Cost": 7502.06, "Total Cost": 18288.66, "Plan Rows": 345008, "Plan Width": 8, "Recheck Cond": "(info_type_id = it.id), (LLVM Optimized)", "Plans": [{"Node Type": "Bitmap Index Scan", "Parent Relationship": "Outer", "Index Name": "info_type_id_movie_info_idx", "Startup Cost": 0.0, "Total Cost": 7415.81, "Plan Rows": 345008, "Plan Width": 0, "Index Cond": "(info_type_id = it.id)"}]}]}, {"Node Type": "Hash", "Parent Relationship": "Inner", "Startup Cost": 122544.28, "Total Cost": 122544.28, "Plan Rows": 719240, "Plan Width": 25, "Plans": [{"Node Type": "Bitmap Heap Scan", "Parent Relationship": "Outer", "Relation Name": "title", "Alias": "t", "Startup Cost": 49833.61, "Total Cost": 122544.28, "Plan Rows": 719240, "Plan Width": 25, "Filter": "((production_year >= 2005) AND (production_year <= 2010)), (LLVM Optimized)", "Plans": [{"Node Type": "Bitmap Index Scan", "Parent Relationship": "Outer", "Index Name": "title_pkey", "Startup Cost": 0.0, "Total Cost": 49653.81, "Plan Rows": 2528311, "Plan Width": 0}]}]}]}]}]}]}, "Unique SQL Id": 1162488282, "Planner Runtime": 9}, "explain_analyze_plan": {"Plan": {"Node Type": "Aggregate", "Strategy": "Plain", "Startup Cost": 255790.36, "Total Cost": 255790.37, "Plan Rows": 1, "Plan Width": 113, "Actual Startup Time": 2480.211, "Actual Total Time": 2480.211, "Actual Rows": 1, "Actual Loops": 1, "Plans": [{"Node Type": "Hash Join", "Parent Relationship": "Outer", "Join Type": "Inner", "Startup Cost": 192779.48, "Total Cost": 252434.34, "Plan Rows": 447470, "Plan Width": 45, "Actual Startup Time": 2231.498, "Actual Total Time": 2480.182, "Actual Rows": 3, "Actual Loops": 1, "Inner Unique": false, "Hash Cond": "(mc.movie_id = t.id), (LLVM Optimized, Jit Execute)", "Plans": [{"Node Type": "Nested Loop", "Parent Relationship": "Outer", "Join Type": "Inner", "Startup Cost": 29278.87, "Total Cost": 77622.54, "Plan Rows": 1304518, "Plan Width": 28, "Actual Startup Time": 145.631, "Actual Total Time": 617.096, "Actual Rows": 140904, "Actual Loops": 1, "Inner Unique": false, "Plans": [{"Node Type": "Bitmap Heap Scan", "Parent Relationship": "Outer", "Relation Name": "company_type", "Alias": "ct", "Startup Cost": 8.27, "Total Cost": 12.3, "Plan Rows": 1, "Plan Width": 4, "Actual Startup Time": 0.026, "Actual Total Time": 0.033, "Actual Rows": 1, "Actual Loops": 1, "Filter": "((kind)::text = 'production companies'::text)", "Rows Removed by Filter": 2, "Exact Heap Blocks": 1, "Lossy Heap Blocks": 1, "Plans": [{"Node Type": "Bitmap Index Scan", "Parent Relationship": "Outer", "Index Name": "company_type_pkey", "Startup Cost": 0.0, "Total Cost": 8.27, "Plan Rows": 3, "Plan Width": 0, "Actual Startup Time": 0.008, "Actual Total Time": 0.008, "Actual Rows": 3, "Actual Loops": 1}]}, {"Node Type": "Bitmap Heap Scan", "Parent Relationship": "Inner", "Relation Name": "movie_companies", "Alias": "mc", "Startup Cost": 29270.61, "Total Cost": 64565.07, "Plan Rows": 1304517, "Plan Width": 32, "Actual Startup Time": 145.599, "Actual Total Time": 588.947, "Actual Rows": 140904, "Actual Loops": 1, "Recheck Cond": "(company_type_id = ct.id), (LLVM Optimized, Jit Execute)", "Rows Removed by Index Recheck": 0, "Filter": "((note)::text !~~ '%(as Metro-Goldwyn-Mayer Pictures)%'::text), (LLVM Optimized, Jit Execute)", "Rows Removed by Filter": 1193979, "Exact Heap Blocks": 6196, "Lossy Heap Blocks": 6196, "Plans": [{"Node Type": "Bitmap Index Scan", "Parent Relationship": "Outer", "Index Name": "company_type_id_movie_companies", "Startup Cost": 0.0, "Total Cost": 28944.48, "Plan Rows": 1304564, "Plan Width": 0, "Actual Startup Time": 144.252, "Actual Total Time": 144.252, "Actual Rows": 1334883, "Actual Loops": 1, "Index Cond": "(company_type_id = ct.id)"}]}]}, {"Node Type": "Hash", "Parent Relationship": "Inner", "Startup Cost": 158545.55, "Total Cost": 158545.55, "Plan Rows": 396404, "Plan Width": 29, "Actual Startup Time": 1831.643, "Actual Total Time": 1831.643, "Actual Rows": 4, "Actual Loops": 1, "Hash Buckets": 524288, "Hash Batches": 1, "Original Hash Batches": 1, "Peak Memory Usage": 1, "Plans": [{"Node Type": "Hash Join", "Parent Relationship": "Outer", "Join Type": "Inner", "Startup Cost": 139045.65, "Total Cost": 158545.55, "Plan Rows": 396404, "Plan Width": 29, "Actual Startup Time": 1831.606, "Actual Total Time": 1831.616, "Actual Rows": 4, "Actual Loops": 1, "Inner Unique": true, "Hash Cond": "(mi_idx.movie_id = t.id), (LLVM Optimized, Jit Execute)", "Plans": [{"Node Type": "Nested Loop", "Parent Relationship": "Outer", "Join Type": "Inner", "Startup Cost": 7510.87, "Total Cost": 21752.95, "Plan Rows": 345008, "Plan Width": 4, "Actual Startup Time": 0.134, "Actual Total Time": 0.145, "Actual Rows": 10, "Actual Loops": 1, "Inner Unique": false, "Plans": [{"Node Type": "Bitmap Heap Scan", "Parent Relationship": "Outer", "Relation Name": "info_type", "Alias": "it", "Startup Cost": 8.81, "Total Cost": 14.21, "Plan Rows": 1, "Plan Width": 4, "Actual Startup Time": 0.093, "Actual Total Time": 0.094, "Actual Rows": 1, "Actual Loops": 1, "Filter": "((info)::text = 'bottom 10 rank'::text)", "Rows Removed by Filter": 111, "Exact Heap Blocks": 1, "Lossy Heap Blocks": 1, "Plans": [{"Node Type": "Bitmap Index Scan", "Parent Relationship": "Outer", "Index Name": "info_type_pkey", "Startup Cost": 0.0, "Total Cost": 8.81, "Plan Rows": 112, "Plan Width": 0, "Actual Startup Time": 0.019, "Actual Total Time": 0.019, "Actual Rows": 112, "Actual Loops": 1}]}, {"Node Type": "Bitmap Heap Scan", "Parent Relationship": "Inner", "Relation Name": "movie_info_idx", "Alias": "mi_idx", "Startup Cost": 7502.06, "Total Cost": 18288.66, "Plan Rows": 345008, "Plan Width": 8, "Actual Startup Time": 0.028, "Actual Total Time": 0.032, "Actual Rows": 10, "Actual Loops": 1, "Recheck Cond": "(info_type_id = it.id), (LLVM Optimized, Jit Execute)", "Rows Removed by Index Recheck": 0, "Exact Heap Blocks": 1, "Lossy Heap Blocks": 1, "Plans": [{"Node Type": "Bitmap Index Scan", "Parent Relationship": "Outer", "Index Name": "info_type_id_movie_info_idx", "Startup Cost": 0.0, "Total Cost": 7415.81, "Plan Rows": 345008, "Plan Width": 0, "Actual Startup Time": 0.013, "Actual Total Time": 0.013, "Actual Rows": 10, "Actual Loops": 1, "Index Cond": "(info_type_id = it.id)"}]}]}, {"Node Type": "Hash", "Parent Relationship": "Inner", "Startup Cost": 122544.28, "Total Cost": 122544.28, "Plan Rows": 719240, "Plan Width": 25, "Actual Startup Time": 1830.245, "Actual Total Time": 1830.245, "Actual Rows": 716259, "Actual Loops": 1, "Hash Buckets": 1048576, "Hash Batches": 1, "Original Hash Batches": 1, "Peak Memory Usage": 41052, "Plans": [{"Node Type": "Bitmap Heap Scan", "Parent Relationship": "Outer", "Relation Name": "title", "Alias": "t", "Startup Cost": 49833.61, "Total Cost": 122544.28, "Plan Rows": 719240, "Plan Width": 25, "Actual Startup Time": 311.902, "Actual Total Time": 1515.668, "Actual Rows": 716259, "Actual Loops": 1, "Filter": "((production_year >= 2005) AND (production_year <= 2010)), (LLVM Optimized, Jit Execute)", "Rows Removed by Filter": 1812052, "Exact Heap Blocks": 34786, "Lossy Heap Blocks": 34786, "Plans": [{"Node Type": "Bitmap Index Scan", "Parent Relationship": "Outer", "Index Name": "title_pkey", "Startup Cost": 0.0, "Total Cost": 49653.81, "Plan Rows": 2528311, "Plan Width": 0, "Actual Startup Time": 303.867, "Actual Total Time": 303.867, "Actual Rows": 2528311, "Actual Loops": 1}]}]}]}]}]}]}, "Triggers": [], "Planner Runtime": 9.336, "Total Runtime": 2491.956, "Unique SQL Id": 1162488282}}, "(64, '4')": {"explain_plan": {"Plan": {"Node Type": "Aggregate", "Strategy": "Plain", "Startup Cost": 195394.68, "Total Cost": 195394.69, "Plan Rows": 1, "Plan Width": 113, "Plans": [{"Node Type": "Hash Join", "Parent Relationship": "Outer", "Join Type": "Inner", "Startup Cost": 119919.5, "Total Cost": 192038.65, "Plan Rows": 447470, "Plan Width": 45, "Inner Unique": true, "Hash Cond": "(mc.company_type_id = ct.id), (LLVM Optimized)", "Plans": [{"Node Type": "Hash Join", "Parent Relationship": "Outer", "Join Type": "Inner", "Startup Cost": 119918.45, "Total Cost": 187568.09, "Plan Rows": 549199, "Plan Width": 49, "Inner Unique": false, "Hash Cond": "(mc.movie_id = t.id), (LLVM Optimized)", "Plans": [{"Node Type": "Seq Scan", "Parent Relationship": "Outer", "Relation Name": "movie_companies", "Alias": "mc", "Startup Cost": 0.0, "Total Cost": 48340.1, "Plan Rows": 2609035, "Plan Width": 32, "Filter": "((note)::text !~~ '%(as Metro-Goldwyn-Mayer Pictures)%'::text), (LLVM Optimized)"}, {"Node Type": "Hash", "Parent Relationship": "Inner", "Startup Cost": 114963.4, "Total Cost": 114963.4, "Plan Rows": 396404, "Plan Width": 29, "Plans": [{"Node Type": "Hash Join", "Parent Relationship": "Outer", "Join Type": "Inner", "Startup Cost": 95466.5, "Total Cost": 114963.4, "Plan Rows": 396404, "Plan Width": 29, "Inner Unique": true, "Hash Cond": "(mi_idx.movie_id = t.id), (LLVM Optimized)", "Plans": [{"Node Type": "Nested Loop", "Parent Relationship": "Outer", "Join Type": "Inner", "Startup Cost": 7502.06, "Total Cost": 21741.14, "Plan Rows": 345008, "Plan Width": 4, "Inner Unique": false, "Plans": [{"Node Type": "Seq Scan", "Parent Relationship": "Outer", "Relation Name": "info_type", "Alias": "it", "Startup Cost": 0.0, "Total Cost": 2.4, "Plan Rows": 1, "Plan Width": 4, "Filter": "((info)::text = 'bottom 10 rank'::text)"}, {"Node Type": "Bitmap Heap Scan", "Parent Relationship": "Inner", "Relation Name": "movie_info_idx", "Alias": "mi_idx", "Startup Cost": 7502.06, "Total Cost": 18288.66, "Plan Rows": 345008, "Plan Width": 8, "Recheck Cond": "(info_type_id = it.id), (LLVM Optimized)", "Plans": [{"Node Type": "Bitmap Index Scan", "Parent Relationship": "Outer", "Index Name": "info_type_id_movie_info_idx", "Startup Cost": 0.0, "Total Cost": 7415.81, "Plan Rows": 345008, "Plan Width": 0, "Index Cond": "(info_type_id = it.id)"}]}]}, {"Node Type": "Hash", "Parent Relationship": "Inner", "Startup Cost": 78973.94, "Total Cost": 78973.94, "Plan Rows": 719240, "Plan Width": 25, "Plans": [{"Node Type": "Streaming(type: LOCAL GATHER dop: 1/64)", "Parent Relationship": "Outer", "Startup Cost": 1813.35, "Total Cost": 78973.94, "Plan Rows": 719240, "Plan Width": 25, "Plans": [{"Node Type": "Seq Scan", "Parent Relationship": "Outer", "Relation Name": "title", "Alias": "t", "Startup Cost": 1813.35, "Total Cost": 64136.1, "Plan Rows": 719240, "Plan Width": 25, "Filter": "((production_year >= 2005) AND (production_year <= 2010)), (LLVM Optimized)"}]}]}]}]}]}, {"Node Type": "Hash", "Parent Relationship": "Inner", "Startup Cost": 1.04, "Total Cost": 1.04, "Plan Rows": 1, "Plan Width": 4, "Plans": [{"Node Type": "Seq Scan", "Parent Relationship": "Outer", "Relation Name": "company_type", "Alias": "ct", "Startup Cost": 0.0, "Total Cost": 1.04, "Plan Rows": 1, "Plan Width": 4, "Filter": "((kind)::text = 'production companies'::text)"}]}]}]}, "Unique SQL Id": 1162488282, "Planner Runtime": 13}, "explain_analyze_plan": {"Plan": {"Node Type": "Aggregate", "Strategy": "Plain", "Startup Cost": 195394.68, "Total Cost": 195394.69, "Plan Rows": 1, "Plan Width": 113, "Actual Min Startup Time": 1712.317, "Actual Max Startup Time": 1712.317, "Actual Min Total Time": 1712.318, "Actual Max Total Time": 1712.318, "Plans": [{"Node Type": "Hash Join", "Parent Relationship": "Outer", "Join Type": "Inner", "Startup Cost": 119919.5, "Total Cost": 192038.65, "Plan Rows": 447470, "Plan Width": 45, "Actual Min Startup Time": 1537.422, "Actual Max Startup Time": 1537.422, "Actual Min Total Time": 1712.281, "Actual Max Total Time": 1712.281, "Inner Unique": true, "Hash Cond": "(mc.company_type_id = ct.id), (LLVM Optimized, Jit Execute)", "Plans": [{"Node Type": "Hash Join", "Parent Relationship": "Outer", "Join Type": "Inner", "Startup Cost": 119918.45, "Total Cost": 187568.09, "Plan Rows": 549199, "Plan Width": 49, "Actual Min Startup Time": 868.88, "Actual Max Startup Time": 868.88, "Actual Min Total Time": 1712.01, "Actual Max Total Time": 1712.01, "Inner Unique": false, "Hash Cond": "(mc.movie_id = t.id), (LLVM Optimized, Jit Execute)", "Plans": [{"Node Type": "Seq Scan", "Parent Relationship": "Outer", "Relation Name": "movie_companies", "Alias": "mc", "Startup Cost": 0.0, "Total Cost": 48340.1, "Plan Rows": 2609035, "Plan Width": 32, "Actual Min Startup Time": 0.044, "Actual Max Startup Time": 0.044, "Actual Min Total Time": 910.434, "Actual Max Total Time": 910.434, "Filter": "((note)::text !~~ '%(as Metro-Goldwyn-Mayer Pictures)%'::text), (LLVM Optimized, Jit Execute)", "Rows Removed by Filter": 1272041, "Actual Rows": 1337087}, {"Node Type": "Hash", "Parent Relationship": "Inner", "Startup Cost": 114963.4, "Total Cost": 114963.4, "Plan Rows": 396404, "Plan Width": 29, "Actual Min Startup Time": 538.726, "Actual Max Startup Time": 538.726, "Actual Min Total Time": 538.726, "Actual Max Total Time": 538.726, "Max Hash Buckets": 524288, "Min Hash Buckets": 524288, "Max Hash Batches": 1, "Min Hash Batches": 1, "Max Original Hash Batches": 1, "Min Original Hash Batches": 1, "Max Peak Memory Usage": 1, "min Peak Memory Usage": 1, "Plans": [{"Node Type": "Hash Join", "Parent Relationship": "Outer", "Join Type": "Inner", "Startup Cost": 95466.5, "Total Cost": 114963.4, "Plan Rows": 396404, "Plan Width": 29, "Actual Min Startup Time": 538.701, "Actual Max Startup Time": 538.701, "Actual Min Total Time": 538.713, "Actual Max Total Time": 538.713, "Inner Unique": true, "Hash Cond": "(mi_idx.movie_id = t.id), (LLVM Optimized, Jit Execute)", "Plans": [{"Node Type": "Nested Loop", "Parent Relationship": "Outer", "Join Type": "Inner", "Startup Cost": 7502.06, "Total Cost": 21741.14, "Plan Rows": 345008, "Plan Width": 4, "Actual Min Startup Time": 0.142, "Actual Max Startup Time": 0.142, "Actual Min Total Time": 0.151, "Actual Max Total Time": 0.151, "Inner Unique": false, "Plans": [{"Node Type": "Seq Scan", "Parent Relationship": "Outer", "Relation Name": "info_type", "Alias": "it", "Startup Cost": 0.0, "Total Cost": 2.4, "Plan Rows": 1, "Plan Width": 4, "Actual Min Startup Time": 0.071, "Actual Max Startup Time": 0.071, "Actual Min Total Time": 0.074, "Actual Max Total Time": 0.074, "Filter": "((info)::text = 'bottom 10 rank'::text)", "Rows Removed by Filter": 111, "Actual Rows": 1}, {"Node Type": "Bitmap Heap Scan", "Parent Relationship": "Inner", "Relation Name": "movie_info_idx", "Alias": "mi_idx", "Startup Cost": 7502.06, "Total Cost": 18288.66, "Plan Rows": 345008, "Plan Width": 8, "Actual Min Startup Time": 0.052, "Actual Max Startup Time": 0.052, "Actual Min Total Time": 0.055, "Actual Max Total Time": 0.055, "Recheck Cond": "(info_type_id = it.id), (LLVM Optimized, Jit Execute)", "Rows Removed by Index Recheck": 0, "Exact Heap Blocks": 1, "Lossy Heap Blocks": 1, "Plans": [{"Node Type": "Bitmap Index Scan", "Parent Relationship": "Outer", "Index Name": "info_type_id_movie_info_idx", "Startup Cost": 0.0, "Total Cost": 7415.81, "Plan Rows": 345008, "Plan Width": 0, "Actual Min Startup Time": 0.033, "Actual Max Startup Time": 0.033, "Actual Min Total Time": 0.033, "Actual Max Total Time": 0.033, "Index Cond": "(info_type_id = it.id)", "Actual Rows": 10}], "Actual Rows": 10}], "Actual Rows": 10}, {"Node Type": "Hash", "Parent Relationship": "Inner", "Startup Cost": 78973.94, "Total Cost": 78973.94, "Plan Rows": 719240, "Plan Width": 25, "Actual Min Startup Time": 537.811, "Actual Max Startup Time": 537.811, "Actual Min Total Time": 537.811, "Actual Max Total Time": 537.811, "Max Hash Buckets": 1048576, "Min Hash Buckets": 1048576, "Max Hash Batches": 1, "Min Hash Batches": 1, "Max Original Hash Batches": 1, "Min Original Hash Batches": 1, "Max Peak Memory Usage": 41052, "min Peak Memory Usage": 41052, "Plans": [{"Node Type": "Streaming(type: LOCAL GATHER dop: 1/64)", "Parent Relationship": "Outer", "Startup Cost": 1813.35, "Total Cost": 78973.94, "Plan Rows": 719240, "Plan Width": 25, "Actual Min Startup Time": 105.933, "Actual Max Startup Time": 105.933, "Actual Min Total Time": 332.282, "Actual Max Total Time": 332.282, "Plans": [{"Node Type": "Seq Scan", "Parent Relationship": "Outer", "Relation Name": "title", "Alias": "t", "Startup Cost": 1813.35, "Total Cost": 64136.1, "Plan Rows": 719240, "Plan Width": 25, "Actual Min Startup Time": 0.028, "Actual Max Startup Time": 0.049, "Actual Min Total Time": 15.397, "Actual Max Total Time": 19.822, "Filter": "((production_year >= 2005) AND (production_year <= 2010)), (LLVM Optimized, Jit Execute)", "Rows Removed by Filter": 1812052, "Actual Rows": 716259}], "Actual Rows": 716259}], "Actual Rows": 716259}], "Actual Rows": 4}], "Actual Rows": 4}], "Actual Rows": 66}, {"Node Type": "Hash", "Parent Relationship": "Inner", "Startup Cost": 1.04, "Total Cost": 1.04, "Plan Rows": 1, "Plan Width": 4, "Actual Min Startup Time": 0.08, "Actual Max Startup Time": 0.08, "Actual Min Total Time": 0.08, "Actual Max Total Time": 0.08, "Max Hash Buckets": 32768, "Min Hash Buckets": 32768, "Max Hash Batches": 1, "Min Hash Batches": 1, "Max Original Hash Batches": 1, "Min Original Hash Batches": 1, "Max Peak Memory Usage": 1, "min Peak Memory Usage": 1, "Plans": [{"Node Type": "Seq Scan", "Parent Relationship": "Outer", "Relation Name": "company_type", "Alias": "ct", "Startup Cost": 0.0, "Total Cost": 1.04, "Plan Rows": 1, "Plan Width": 4, "Actual Min Startup Time": 0.055, "Actual Max Startup Time": 0.055, "Actual Min Total Time": 0.059, "Actual Max Total Time": 0.059, "Filter": "((kind)::text = 'production companies'::text)", "Rows Removed by Filter": 2, "Actual Rows": 1}], "Actual Rows": 1}], "Actual Rows": 3}], "Actual Rows": 1}, "Triggers": [], "Planner Runtime": 12.679, "Total Runtime": 1735.32, "Unique SQL Id": 1162488282}}, "(64, '5')": {"explain_plan": {"Plan": {"Node Type": "Aggregate", "Strategy": "Plain", "Startup Cost": 247822.0, "Total Cost": 247822.01, "Plan Rows": 1, "Plan Width": 113, "Plans": [{"Node Type": "Hash Join", "Parent Relationship": "Outer", "Join Type": "Inner", "Startup Cost": 163718.37, "Total Cost": 244465.97, "Plan Rows": 447470, "Plan Width": 45, "Inner Unique": false, "Hash Cond": "(mc.movie_id = t.id), (LLVM Optimized)", "Plans": [{"Node Type": "Nested Loop", "Parent Relationship": "Outer", "Join Type": "Inner", "Startup Cost": 0.0, "Total Cost": 69436.41, "Plan Rows": 1304518, "Plan Width": 28, "Inner Unique": false, "Plans": [{"Node Type": "Index Scan", "Parent Relationship": "Outer", "Scan Direction": "Forward", "Index Name": "company_type_pkey", "Relation Name": "company_type", "Alias": "ct", "Startup Cost": 0.0, "Total Cost": 12.3, "Plan Rows": 1, "Plan Width": 4, "Filter": "((kind)::text = 'production companies'::text)"}, {"Node Type": "Index Scan", "Parent Relationship": "Inner", "Scan Direction": "Forward", "Index Name": "company_type_id_movie_companies", "Relation Name": "movie_companies", "Alias": "mc", "Startup Cost": 0.0, "Total Cost": 56378.94, "Plan Rows": 1304517, "Plan Width": 32, "Index Cond": "(company_type_id = ct.id), (LLVM Optimized)", "Filter": "((note)::text !~~ '%(as Metro-Goldwyn-Mayer Pictures)%'::text), (LLVM Optimized)"}]}, {"Node Type": "Hash", "Parent Relationship": "Inner", "Startup Cost": 158763.32, "Total Cost": 158763.32, "Plan Rows": 396404, "Plan Width": 29, "Plans": [{"Node Type": "Hash Join", "Parent Relationship": "Outer", "Join Type": "Inner", "Startup Cost": 139254.61, "Total Cost": 158763.32, "Plan Rows": 396404, "Plan Width": 29, "Inner Unique": true, "Hash Cond": "(mi_idx.movie_id = t.id), (LLVM Optimized)", "Plans": [{"Node Type": "Nested Loop", "Parent Relationship": "Outer", "Join Type": "Inner", "Startup Cost": 7502.06, "Total Cost": 21752.95, "Plan Rows": 345008, "Plan Width": 4, "Inner Unique": false, "Plans": [{"Node Type": "Index Scan", "Parent Relationship": "Outer", "Scan Direction": "Forward", "Index Name": "info_type_pkey", "Relation Name": "info_type", "Alias": "it", "Startup Cost": 0.0, "Total Cost": 14.21, "Plan Rows": 1, "Plan Width": 4, "Filter": "((info)::text = 'bottom 10 rank'::text)"}, {"Node Type": "Bitmap Heap Scan", "Parent Relationship": "Inner", "Relation Name": "movie_info_idx", "Alias": "mi_idx", "Startup Cost": 7502.06, "Total Cost": 18288.66, "Plan Rows": 345008, "Plan Width": 8, "Recheck Cond": "(info_type_id = it.id), (LLVM Optimized)", "Plans": [{"Node Type": "Bitmap Index Scan", "Parent Relationship": "Outer", "Index Name": "info_type_id_movie_info_idx", "Startup Cost": 0.0, "Total Cost": 7415.81, "Plan Rows": 345008, "Plan Width": 0, "Index Cond": "(info_type_id = it.id)"}]}]}, {"Node Type": "Hash", "Parent Relationship": "Inner", "Startup Cost": 122762.04, "Total Cost": 122762.04, "Plan Rows": 719240, "Plan Width": 25, "Plans": [{"Node Type": "Index Scan", "Parent Relationship": "Outer", "Scan Direction": "Forward", "Index Name": "title_pkey", "Relation Name": "title", "Alias": "t", "Startup Cost": 0.0, "Total Cost": 122762.04, "Plan Rows": 719240, "Plan Width": 25, "Filter": "((production_year >= 2005) AND (production_year <= 2010)), (LLVM Optimized)"}]}]}]}]}]}, "Unique SQL Id": 1162488282, "Planner Runtime": 10}, "explain_analyze_plan": null}, "(64, '6')": {"explain_plan": {"Plan": {"Node Type": "Aggregate", "Strategy": "Plain", "Startup Cost": 195394.68, "Total Cost": 195394.69, "Plan Rows": 1, "Plan Width": 113, "Plans": [{"Node Type": "Hash Join", "Parent Relationship": "Outer", "Join Type": "Inner", "Startup Cost": 119919.5, "Total Cost": 192038.65, "Plan Rows": 447470, "Plan Width": 45, "Inner Unique": true, "Hash Cond": "(mc.company_type_id = ct.id), (LLVM Optimized)", "Plans": [{"Node Type": "Hash Join", "Parent Relationship": "Outer", "Join Type": "Inner", "Startup Cost": 119918.45, "Total Cost": 187568.09, "Plan Rows": 549199, "Plan Width": 49, "Inner Unique": false, "Hash Cond": "(mc.movie_id = t.id), (LLVM Optimized)", "Plans": [{"Node Type": "Seq Scan", "Parent Relationship": "Outer", "Relation Name": "movie_companies", "Alias": "mc", "Startup Cost": 0.0, "Total Cost": 48340.1, "Plan Rows": 2609035, "Plan Width": 32, "Filter": "((note)::text !~~ '%(as Metro-Goldwyn-Mayer Pictures)%'::text), (LLVM Optimized)"}, {"Node Type": "Hash", "Parent Relationship": "Inner", "Startup Cost": 114963.4, "Total Cost": 114963.4, "Plan Rows": 396404, "Plan Width": 29, "Plans": [{"Node Type": "Hash Join", "Parent Relationship": "Outer", "Join Type": "Inner", "Startup Cost": 95466.5, "Total Cost": 114963.4, "Plan Rows": 396404, "Plan Width": 29, "Inner Unique": true, "Hash Cond": "(mi_idx.movie_id = t.id), (LLVM Optimized)", "Plans": [{"Node Type": "Nested Loop", "Parent Relationship": "Outer", "Join Type": "Inner", "Startup Cost": 7502.06, "Total Cost": 21741.14, "Plan Rows": 345008, "Plan Width": 4, "Inner Unique": false, "Plans": [{"Node Type": "Seq Scan", "Parent Relationship": "Outer", "Relation Name": "info_type", "Alias": "it", "Startup Cost": 0.0, "Total Cost": 2.4, "Plan Rows": 1, "Plan Width": 4, "Filter": "((info)::text = 'bottom 10 rank'::text)"}, {"Node Type": "Bitmap Heap Scan", "Parent Relationship": "Inner", "Relation Name": "movie_info_idx", "Alias": "mi_idx", "Startup Cost": 7502.06, "Total Cost": 18288.66, "Plan Rows": 345008, "Plan Width": 8, "Recheck Cond": "(info_type_id = it.id), (LLVM Optimized)", "Plans": [{"Node Type": "Bitmap Index Scan", "Parent Relationship": "Outer", "Index Name": "info_type_id_movie_info_idx", "Startup Cost": 0.0, "Total Cost": 7415.81, "Plan Rows": 345008, "Plan Width": 0, "Index Cond": "(info_type_id = it.id)"}]}]}, {"Node Type": "Hash", "Parent Relationship": "Inner", "Startup Cost": 78973.94, "Total Cost": 78973.94, "Plan Rows": 719240, "Plan Width": 25, "Plans": [{"Node Type": "Streaming(type: LOCAL GATHER dop: 1/64)", "Parent Relationship": "Outer", "Startup Cost": 1813.35, "Total Cost": 78973.94, "Plan Rows": 719240, "Plan Width": 25, "Plans": [{"Node Type": "Seq Scan", "Parent Relationship": "Outer", "Relation Name": "title", "Alias": "t", "Startup Cost": 1813.35, "Total Cost": 64136.1, "Plan Rows": 719240, "Plan Width": 25, "Filter": "((production_year >= 2005) AND (production_year <= 2010)), (LLVM Optimized)"}]}]}]}]}]}, {"Node Type": "Hash", "Parent Relationship": "Inner", "Startup Cost": 1.04, "Total Cost": 1.04, "Plan Rows": 1, "Plan Width": 4, "Plans": [{"Node Type": "Seq Scan", "Parent Relationship": "Outer", "Relation Name": "company_type", "Alias": "ct", "Startup Cost": 0.0, "Total Cost": 1.04, "Plan Rows": 1, "Plan Width": 4, "Filter": "((kind)::text = 'production companies'::text)"}]}]}]}, "Unique SQL Id": 1162488282, "Planner Runtime": 11}, "explain_analyze_plan": {"Plan": {"Node Type": "Aggregate", "Strategy": "Plain", "Startup Cost": 195394.68, "Total Cost": 195394.69, "Plan Rows": 1, "Plan Width": 113, "Actual Min Startup Time": 1712.317, "Actual Max Startup Time": 1712.317, "Actual Min Total Time": 1712.318, "Actual Max Total Time": 1712.318, "Plans": [{"Node Type": "Hash Join", "Parent Relationship": "Outer", "Join Type": "Inner", "Startup Cost": 119919.5, "Total Cost": 192038.65, "Plan Rows": 447470, "Plan Width": 45, "Actual Min Startup Time": 1537.422, "Actual Max Startup Time": 1537.422, "Actual Min Total Time": 1712.281, "Actual Max Total Time": 1712.281, "Inner Unique": true, "Hash Cond": "(mc.company_type_id = ct.id), (LLVM Optimized, Jit Execute)", "Plans": [{"Node Type": "Hash Join", "Parent Relationship": "Outer", "Join Type": "Inner", "Startup Cost": 119918.45, "Total Cost": 187568.09, "Plan Rows": 549199, "Plan Width": 49, "Actual Min Startup Time": 868.88, "Actual Max Startup Time": 868.88, "Actual Min Total Time": 1712.01, "Actual Max Total Time": 1712.01, "Inner Unique": false, "Hash Cond": "(mc.movie_id = t.id), (LLVM Optimized, Jit Execute)", "Plans": [{"Node Type": "Seq Scan", "Parent Relationship": "Outer", "Relation Name": "movie_companies", "Alias": "mc", "Startup Cost": 0.0, "Total Cost": 48340.1, "Plan Rows": 2609035, "Plan Width": 32, "Actual Min Startup Time": 0.044, "Actual Max Startup Time": 0.044, "Actual Min Total Time": 910.434, "Actual Max Total Time": 910.434, "Filter": "((note)::text !~~ '%(as Metro-Goldwyn-Mayer Pictures)%'::text), (LLVM Optimized, Jit Execute)", "Rows Removed by Filter": 1272041, "Actual Rows": 1337087}, {"Node Type": "Hash", "Parent Relationship": "Inner", "Startup Cost": 114963.4, "Total Cost": 114963.4, "Plan Rows": 396404, "Plan Width": 29, "Actual Min Startup Time": 538.726, "Actual Max Startup Time": 538.726, "Actual Min Total Time": 538.726, "Actual Max Total Time": 538.726, "Max Hash Buckets": 524288, "Min Hash Buckets": 524288, "Max Hash Batches": 1, "Min Hash Batches": 1, "Max Original Hash Batches": 1, "Min Original Hash Batches": 1, "Max Peak Memory Usage": 1, "min Peak Memory Usage": 1, "Plans": [{"Node Type": "Hash Join", "Parent Relationship": "Outer", "Join Type": "Inner", "Startup Cost": 95466.5, "Total Cost": 114963.4, "Plan Rows": 396404, "Plan Width": 29, "Actual Min Startup Time": 538.701, "Actual Max Startup Time": 538.701, "Actual Min Total Time": 538.713, "Actual Max Total Time": 538.713, "Inner Unique": true, "Hash Cond": "(mi_idx.movie_id = t.id), (LLVM Optimized, Jit Execute)", "Plans": [{"Node Type": "Nested Loop", "Parent Relationship": "Outer", "Join Type": "Inner", "Startup Cost": 7502.06, "Total Cost": 21741.14, "Plan Rows": 345008, "Plan Width": 4, "Actual Min Startup Time": 0.142, "Actual Max Startup Time": 0.142, "Actual Min Total Time": 0.151, "Actual Max Total Time": 0.151, "Inner Unique": false, "Plans": [{"Node Type": "Seq Scan", "Parent Relationship": "Outer", "Relation Name": "info_type", "Alias": "it", "Startup Cost": 0.0, "Total Cost": 2.4, "Plan Rows": 1, "Plan Width": 4, "Actual Min Startup Time": 0.071, "Actual Max Startup Time": 0.071, "Actual Min Total Time": 0.074, "Actual Max Total Time": 0.074, "Filter": "((info)::text = 'bottom 10 rank'::text)", "Rows Removed by Filter": 111, "Actual Rows": 1}, {"Node Type": "Bitmap Heap Scan", "Parent Relationship": "Inner", "Relation Name": "movie_info_idx", "Alias": "mi_idx", "Startup Cost": 7502.06, "Total Cost": 18288.66, "Plan Rows": 345008, "Plan Width": 8, "Actual Min Startup Time": 0.052, "Actual Max Startup Time": 0.052, "Actual Min Total Time": 0.055, "Actual Max Total Time": 0.055, "Recheck Cond": "(info_type_id = it.id), (LLVM Optimized, Jit Execute)", "Rows Removed by Index Recheck": 0, "Exact Heap Blocks": 1, "Lossy Heap Blocks": 1, "Plans": [{"Node Type": "Bitmap Index Scan", "Parent Relationship": "Outer", "Index Name": "info_type_id_movie_info_idx", "Startup Cost": 0.0, "Total Cost": 7415.81, "Plan Rows": 345008, "Plan Width": 0, "Actual Min Startup Time": 0.033, "Actual Max Startup Time": 0.033, "Actual Min Total Time": 0.033, "Actual Max Total Time": 0.033, "Index Cond": "(info_type_id = it.id)", "Actual Rows": 10}], "Actual Rows": 10}], "Actual Rows": 10}, {"Node Type": "Hash", "Parent Relationship": "Inner", "Startup Cost": 78973.94, "Total Cost": 78973.94, "Plan Rows": 719240, "Plan Width": 25, "Actual Min Startup Time": 537.811, "Actual Max Startup Time": 537.811, "Actual Min Total Time": 537.811, "Actual Max Total Time": 537.811, "Max Hash Buckets": 1048576, "Min Hash Buckets": 1048576, "Max Hash Batches": 1, "Min Hash Batches": 1, "Max Original Hash Batches": 1, "Min Original Hash Batches": 1, "Max Peak Memory Usage": 41052, "min Peak Memory Usage": 41052, "Plans": [{"Node Type": "Streaming(type: LOCAL GATHER dop: 1/64)", "Parent Relationship": "Outer", "Startup Cost": 1813.35, "Total Cost": 78973.94, "Plan Rows": 719240, "Plan Width": 25, "Actual Min Startup Time": 105.933, "Actual Max Startup Time": 105.933, "Actual Min Total Time": 332.282, "Actual Max Total Time": 332.282, "Plans": [{"Node Type": "Seq Scan", "Parent Relationship": "Outer", "Relation Name": "title", "Alias": "t", "Startup Cost": 1813.35, "Total Cost": 64136.1, "Plan Rows": 719240, "Plan Width": 25, "Actual Min Startup Time": 0.028, "Actual Max Startup Time": 0.049, "Actual Min Total Time": 15.397, "Actual Max Total Time": 19.822, "Filter": "((production_year >= 2005) AND (production_year <= 2010)), (LLVM Optimized, Jit Execute)", "Rows Removed by Filter": 1812052, "Actual Rows": 716259}], "Actual Rows": 716259}], "Actual Rows": 716259}], "Actual Rows": 4}], "Actual Rows": 4}], "Actual Rows": 66}, {"Node Type": "Hash", "Parent Relationship": "Inner", "Startup Cost": 1.04, "Total Cost": 1.04, "Plan Rows": 1, "Plan Width": 4, "Actual Min Startup Time": 0.08, "Actual Max Startup Time": 0.08, "Actual Min Total Time": 0.08, "Actual Max Total Time": 0.08, "Max Hash Buckets": 32768, "Min Hash Buckets": 32768, "Max Hash Batches": 1, "Min Hash Batches": 1, "Max Original Hash Batches": 1, "Min Original Hash Batches": 1, "Max Peak Memory Usage": 1, "min Peak Memory Usage": 1, "Plans": [{"Node Type": "Seq Scan", "Parent Relationship": "Outer", "Relation Name": "company_type", "Alias": "ct", "Startup Cost": 0.0, "Total Cost": 1.04, "Plan Rows": 1, "Plan Width": 4, "Actual Min Startup Time": 0.055, "Actual Max Startup Time": 0.055, "Actual Min Total Time": 0.059, "Actual Max Total Time": 0.059, "Filter": "((kind)::text = 'production companies'::text)", "Rows Removed by Filter": 2, "Actual Rows": 1}], "Actual Rows": 1}], "Actual Rows": 3}], "Actual Rows": 1}, "Triggers": [], "Planner Runtime": 12.679, "Total Runtime": 1735.32, "Unique SQL Id": 1162488282}}, "(64, '7')": {"explain_plan": {"Plan": {"Node Type": "Aggregate", "Strategy": "Plain", "Startup Cost": 255790.36, "Total Cost": 255790.37, "Plan Rows": 1, "Plan Width": 113, "Plans": [{"Node Type": "Hash Join", "Parent Relationship": "Outer", "Join Type": "Inner", "Startup Cost": 192779.48, "Total Cost": 252434.34, "Plan Rows": 447470, "Plan Width": 45, "Inner Unique": false, "Hash Cond": "(mc.movie_id = t.id), (LLVM Optimized)", "Plans": [{"Node Type": "Nested Loop", "Parent Relationship": "Outer", "Join Type": "Inner", "Startup Cost": 29278.87, "Total Cost": 77622.54, "Plan Rows": 1304518, "Plan Width": 28, "Inner Unique": false, "Plans": [{"Node Type": "Bitmap Heap Scan", "Parent Relationship": "Outer", "Relation Name": "company_type", "Alias": "ct", "Startup Cost": 8.27, "Total Cost": 12.3, "Plan Rows": 1, "Plan Width": 4, "Filter": "((kind)::text = 'production companies'::text)", "Plans": [{"Node Type": "Bitmap Index Scan", "Parent Relationship": "Outer", "Index Name": "company_type_pkey", "Startup Cost": 0.0, "Total Cost": 8.27, "Plan Rows": 3, "Plan Width": 0}]}, {"Node Type": "Bitmap Heap Scan", "Parent Relationship": "Inner", "Relation Name": "movie_companies", "Alias": "mc", "Startup Cost": 29270.61, "Total Cost": 64565.07, "Plan Rows": 1304517, "Plan Width": 32, "Recheck Cond": "(company_type_id = ct.id), (LLVM Optimized)", "Filter": "((note)::text !~~ '%(as Metro-Goldwyn-Mayer Pictures)%'::text), (LLVM Optimized)", "Plans": [{"Node Type": "Bitmap Index Scan", "Parent Relationship": "Outer", "Index Name": "company_type_id_movie_companies", "Startup Cost": 0.0, "Total Cost": 28944.48, "Plan Rows": 1304564, "Plan Width": 0, "Index Cond": "(company_type_id = ct.id)"}]}]}, {"Node Type": "Hash", "Parent Relationship": "Inner", "Startup Cost": 158545.55, "Total Cost": 158545.55, "Plan Rows": 396404, "Plan Width": 29, "Plans": [{"Node Type": "Hash Join", "Parent Relationship": "Outer", "Join Type": "Inner", "Startup Cost": 139045.65, "Total Cost": 158545.55, "Plan Rows": 396404, "Plan Width": 29, "Inner Unique": true, "Hash Cond": "(mi_idx.movie_id = t.id), (LLVM Optimized)", "Plans": [{"Node Type": "Nested Loop", "Parent Relationship": "Outer", "Join Type": "Inner", "Startup Cost": 7510.87, "Total Cost": 21752.95, "Plan Rows": 345008, "Plan Width": 4, "Inner Unique": false, "Plans": [{"Node Type": "Bitmap Heap Scan", "Parent Relationship": "Outer", "Relation Name": "info_type", "Alias": "it", "Startup Cost": 8.81, "Total Cost": 14.21, "Plan Rows": 1, "Plan Width": 4, "Filter": "((info)::text = 'bottom 10 rank'::text)", "Plans": [{"Node Type": "Bitmap Index Scan", "Parent Relationship": "Outer", "Index Name": "info_type_pkey", "Startup Cost": 0.0, "Total Cost": 8.81, "Plan Rows": 112, "Plan Width": 0}]}, {"Node Type": "Bitmap Heap Scan", "Parent Relationship": "Inner", "Relation Name": "movie_info_idx", "Alias": "mi_idx", "Startup Cost": 7502.06, "Total Cost": 18288.66, "Plan Rows": 345008, "Plan Width": 8, "Recheck Cond": "(info_type_id = it.id), (LLVM Optimized)", "Plans": [{"Node Type": "Bitmap Index Scan", "Parent Relationship": "Outer", "Index Name": "info_type_id_movie_info_idx", "Startup Cost": 0.0, "Total Cost": 7415.81, "Plan Rows": 345008, "Plan Width": 0, "Index Cond": "(info_type_id = it.id)"}]}]}, {"Node Type": "Hash", "Parent Relationship": "Inner", "Startup Cost": 122544.28, "Total Cost": 122544.28, "Plan Rows": 719240, "Plan Width": 25, "Plans": [{"Node Type": "Bitmap Heap Scan", "Parent Relationship": "Outer", "Relation Name": "title", "Alias": "t", "Startup Cost": 49833.61, "Total Cost": 122544.28, "Plan Rows": 719240, "Plan Width": 25, "Filter": "((production_year >= 2005) AND (production_year <= 2010)), (LLVM Optimized)", "Plans": [{"Node Type": "Bitmap Index Scan", "Parent Relationship": "Outer", "Index Name": "title_pkey", "Startup Cost": 0.0, "Total Cost": 49653.81, "Plan Rows": 2528311, "Plan Width": 0}]}]}]}]}]}]}, "Unique SQL Id": 1162488282, "Planner Runtime": 9}, "explain_analyze_plan": {"Plan": {"Node Type": "Aggregate", "Strategy": "Plain", "Startup Cost": 255790.36, "Total Cost": 255790.37, "Plan Rows": 1, "Plan Width": 113, "Actual Startup Time": 2480.211, "Actual Total Time": 2480.211, "Actual Rows": 1, "Actual Loops": 1, "Plans": [{"Node Type": "Hash Join", "Parent Relationship": "Outer", "Join Type": "Inner", "Startup Cost": 192779.48, "Total Cost": 252434.34, "Plan Rows": 447470, "Plan Width": 45, "Actual Startup Time": 2231.498, "Actual Total Time": 2480.182, "Actual Rows": 3, "Actual Loops": 1, "Inner Unique": false, "Hash Cond": "(mc.movie_id = t.id), (LLVM Optimized, Jit Execute)", "Plans": [{"Node Type": "Nested Loop", "Parent Relationship": "Outer", "Join Type": "Inner", "Startup Cost": 29278.87, "Total Cost": 77622.54, "Plan Rows": 1304518, "Plan Width": 28, "Actual Startup Time": 145.631, "Actual Total Time": 617.096, "Actual Rows": 140904, "Actual Loops": 1, "Inner Unique": false, "Plans": [{"Node Type": "Bitmap Heap Scan", "Parent Relationship": "Outer", "Relation Name": "company_type", "Alias": "ct", "Startup Cost": 8.27, "Total Cost": 12.3, "Plan Rows": 1, "Plan Width": 4, "Actual Startup Time": 0.026, "Actual Total Time": 0.033, "Actual Rows": 1, "Actual Loops": 1, "Filter": "((kind)::text = 'production companies'::text)", "Rows Removed by Filter": 2, "Exact Heap Blocks": 1, "Lossy Heap Blocks": 1, "Plans": [{"Node Type": "Bitmap Index Scan", "Parent Relationship": "Outer", "Index Name": "company_type_pkey", "Startup Cost": 0.0, "Total Cost": 8.27, "Plan Rows": 3, "Plan Width": 0, "Actual Startup Time": 0.008, "Actual Total Time": 0.008, "Actual Rows": 3, "Actual Loops": 1}]}, {"Node Type": "Bitmap Heap Scan", "Parent Relationship": "Inner", "Relation Name": "movie_companies", "Alias": "mc", "Startup Cost": 29270.61, "Total Cost": 64565.07, "Plan Rows": 1304517, "Plan Width": 32, "Actual Startup Time": 145.599, "Actual Total Time": 588.947, "Actual Rows": 140904, "Actual Loops": 1, "Recheck Cond": "(company_type_id = ct.id), (LLVM Optimized, Jit Execute)", "Rows Removed by Index Recheck": 0, "Filter": "((note)::text !~~ '%(as Metro-Goldwyn-Mayer Pictures)%'::text), (LLVM Optimized, Jit Execute)", "Rows Removed by Filter": 1193979, "Exact Heap Blocks": 6196, "Lossy Heap Blocks": 6196, "Plans": [{"Node Type": "Bitmap Index Scan", "Parent Relationship": "Outer", "Index Name": "company_type_id_movie_companies", "Startup Cost": 0.0, "Total Cost": 28944.48, "Plan Rows": 1304564, "Plan Width": 0, "Actual Startup Time": 144.252, "Actual Total Time": 144.252, "Actual Rows": 1334883, "Actual Loops": 1, "Index Cond": "(company_type_id = ct.id)"}]}]}, {"Node Type": "Hash", "Parent Relationship": "Inner", "Startup Cost": 158545.55, "Total Cost": 158545.55, "Plan Rows": 396404, "Plan Width": 29, "Actual Startup Time": 1831.643, "Actual Total Time": 1831.643, "Actual Rows": 4, "Actual Loops": 1, "Hash Buckets": 524288, "Hash Batches": 1, "Original Hash Batches": 1, "Peak Memory Usage": 1, "Plans": [{"Node Type": "Hash Join", "Parent Relationship": "Outer", "Join Type": "Inner", "Startup Cost": 139045.65, "Total Cost": 158545.55, "Plan Rows": 396404, "Plan Width": 29, "Actual Startup Time": 1831.606, "Actual Total Time": 1831.616, "Actual Rows": 4, "Actual Loops": 1, "Inner Unique": true, "Hash Cond": "(mi_idx.movie_id = t.id), (LLVM Optimized, Jit Execute)", "Plans": [{"Node Type": "Nested Loop", "Parent Relationship": "Outer", "Join Type": "Inner", "Startup Cost": 7510.87, "Total Cost": 21752.95, "Plan Rows": 345008, "Plan Width": 4, "Actual Startup Time": 0.134, "Actual Total Time": 0.145, "Actual Rows": 10, "Actual Loops": 1, "Inner Unique": false, "Plans": [{"Node Type": "Bitmap Heap Scan", "Parent Relationship": "Outer", "Relation Name": "info_type", "Alias": "it", "Startup Cost": 8.81, "Total Cost": 14.21, "Plan Rows": 1, "Plan Width": 4, "Actual Startup Time": 0.093, "Actual Total Time": 0.094, "Actual Rows": 1, "Actual Loops": 1, "Filter": "((info)::text = 'bottom 10 rank'::text)", "Rows Removed by Filter": 111, "Exact Heap Blocks": 1, "Lossy Heap Blocks": 1, "Plans": [{"Node Type": "Bitmap Index Scan", "Parent Relationship": "Outer", "Index Name": "info_type_pkey", "Startup Cost": 0.0, "Total Cost": 8.81, "Plan Rows": 112, "Plan Width": 0, "Actual Startup Time": 0.019, "Actual Total Time": 0.019, "Actual Rows": 112, "Actual Loops": 1}]}, {"Node Type": "Bitmap Heap Scan", "Parent Relationship": "Inner", "Relation Name": "movie_info_idx", "Alias": "mi_idx", "Startup Cost": 7502.06, "Total Cost": 18288.66, "Plan Rows": 345008, "Plan Width": 8, "Actual Startup Time": 0.028, "Actual Total Time": 0.032, "Actual Rows": 10, "Actual Loops": 1, "Recheck Cond": "(info_type_id = it.id), (LLVM Optimized, Jit Execute)", "Rows Removed by Index Recheck": 0, "Exact Heap Blocks": 1, "Lossy Heap Blocks": 1, "Plans": [{"Node Type": "Bitmap Index Scan", "Parent Relationship": "Outer", "Index Name": "info_type_id_movie_info_idx", "Startup Cost": 0.0, "Total Cost": 7415.81, "Plan Rows": 345008, "Plan Width": 0, "Actual Startup Time": 0.013, "Actual Total Time": 0.013, "Actual Rows": 10, "Actual Loops": 1, "Index Cond": "(info_type_id = it.id)"}]}]}, {"Node Type": "Hash", "Parent Relationship": "Inner", "Startup Cost": 122544.28, "Total Cost": 122544.28, "Plan Rows": 719240, "Plan Width": 25, "Actual Startup Time": 1830.245, "Actual Total Time": 1830.245, "Actual Rows": 716259, "Actual Loops": 1, "Hash Buckets": 1048576, "Hash Batches": 1, "Original Hash Batches": 1, "Peak Memory Usage": 41052, "Plans": [{"Node Type": "Bitmap Heap Scan", "Parent Relationship": "Outer", "Relation Name": "title", "Alias": "t", "Startup Cost": 49833.61, "Total Cost": 122544.28, "Plan Rows": 719240, "Plan Width": 25, "Actual Startup Time": 311.902, "Actual Total Time": 1515.668, "Actual Rows": 716259, "Actual Loops": 1, "Filter": "((production_year >= 2005) AND (production_year <= 2010)), (LLVM Optimized, Jit Execute)", "Rows Removed by Filter": 1812052, "Exact Heap Blocks": 34786, "Lossy Heap Blocks": 34786, "Plans": [{"Node Type": "Bitmap Index Scan", "Parent Relationship": "Outer", "Index Name": "title_pkey", "Startup Cost": 0.0, "Total Cost": 49653.81, "Plan Rows": 2528311, "Plan Width": 0, "Actual Startup Time": 303.867, "Actual Total Time": 303.867, "Actual Rows": 2528311, "Actual Loops": 1}]}]}]}]}]}]}, "Triggers": [], "Planner Runtime": 9.336, "Total Runtime": 2491.956, "Unique SQL Id": 1162488282}}, "(64, '8')": {"explain_plan": {"Plan": {"Node Type": "Aggregate", "Strategy": "Plain", "Startup Cost": 200839.08, "Total Cost": 200839.09, "Plan Rows": 1, "Plan Width": 113, "Plans": [{"Node Type": "Hash Join", "Parent Relationship": "Outer", "Join Type": "Inner", "Startup Cost": 125363.9, "Total Cost": 197483.05, "Plan Rows": 447470, "Plan Width": 45, "Inner Unique": true, "Hash Cond": "(mc.company_type_id = ct.id), (LLVM Optimized)", "Plans": [{"Node Type": "Hash Join", "Parent Relationship": "Outer", "Join Type": "Inner", "Startup Cost": 125362.85, "Total Cost": 193012.49, "Plan Rows": 549199, "Plan Width": 49, "Inner Unique": false, "Hash Cond": "(mc.movie_id = t.id), (LLVM Optimized)", "Plans": [{"Node Type": "Seq Scan", "Parent Relationship": "Outer", "Relation Name": "movie_companies", "Alias": "mc", "Startup Cost": 0.0, "Total Cost": 48340.1, "Plan Rows": 2609035, "Plan Width": 32, "Filter": "((note)::text !~~ '%(as Metro-Goldwyn-Mayer Pictures)%'::text), (LLVM Optimized)"}, {"Node Type": "Hash", "Parent Relationship": "Inner", "Startup Cost": 120407.8, "Total Cost": 120407.8, "Plan Rows": 396404, "Plan Width": 29, "Plans": [{"Node Type": "Hash Join", "Parent Relationship": "Outer", "Join Type": "Inner", "Startup Cost": 87966.85, "Total Cost": 120407.8, "Plan Rows": 396404, "Plan Width": 29, "Inner Unique": true, "Hash Cond": "(mi_idx.movie_id = t.id), (LLVM Optimized)", "Plans": [{"Node Type": "Hash Join", "Parent Relationship": "Outer", "Join Type": "Inner", "Startup Cost": 2.41, "Total Cost": 27185.54, "Plan Rows": 345008, "Plan Width": 4, "Inner Unique": true, "Hash Cond": "(mi_idx.info_type_id = it.id), (LLVM Optimized)", "Plans": [{"Node Type": "Seq Scan", "Parent Relationship": "Outer", "Relation Name": "movie_info_idx", "Alias": "mi_idx", "Startup Cost": 0.0, "Total Cost": 20274.34, "Plan Rows": 1380034, "Plan Width": 8}, {"Node Type": "Hash", "Parent Relationship": "Inner", "Startup Cost": 2.4, "Total Cost": 2.4, "Plan Rows": 1, "Plan Width": 4, "Plans": [{"Node Type": "Seq Scan", "Parent Relationship": "Outer", "Relation Name": "info_type", "Alias": "it", "Startup Cost": 0.0, "Total Cost": 2.4, "Plan Rows": 1, "Plan Width": 4, "Filter": "((info)::text = 'bottom 10 rank'::text)"}]}]}, {"Node Type": "Hash", "Parent Relationship": "Inner", "Startup Cost": 78973.94, "Total Cost": 78973.94, "Plan Rows": 719240, "Plan Width": 25, "Plans": [{"Node Type": "Streaming(type: LOCAL GATHER dop: 1/64)", "Parent Relationship": "Outer", "Startup Cost": 1813.35, "Total Cost": 78973.94, "Plan Rows": 719240, "Plan Width": 25, "Plans": [{"Node Type": "Seq Scan", "Parent Relationship": "Outer", "Relation Name": "title", "Alias": "t", "Startup Cost": 1813.35, "Total Cost": 64136.1, "Plan Rows": 719240, "Plan Width": 25, "Filter": "((production_year >= 2005) AND (production_year <= 2010)), (LLVM Optimized)"}]}]}]}]}]}, {"Node Type": "Hash", "Parent Relationship": "Inner", "Startup Cost": 1.04, "Total Cost": 1.04, "Plan Rows": 1, "Plan Width": 4, "Plans": [{"Node Type": "Seq Scan", "Parent Relationship": "Outer", "Relation Name": "company_type", "Alias": "ct", "Startup Cost": 0.0, "Total Cost": 1.04, "Plan Rows": 1, "Plan Width": 4, "Filter": "((kind)::text = 'production companies'::text)"}]}]}]}, "Unique SQL Id": 1162488282, "Planner Runtime": 12}, "explain_analyze_plan": {"Plan": {"Node Type": "Aggregate", "Strategy": "Plain", "Startup Cost": 200839.08, "Total Cost": 200839.09, "Plan Rows": 1, "Plan Width": 113, "Actual Min Startup Time": 2478.651, "Actual Max Startup Time": 2478.651, "Actual Min Total Time": 2478.651, "Actual Max Total Time": 2478.651, "Plans": [{"Node Type": "Hash Join", "Parent Relationship": "Outer", "Join Type": "Inner", "Startup Cost": 125363.9, "Total Cost": 197483.05, "Plan Rows": 447470, "Plan Width": 45, "Actual Min Startup Time": 2304.972, "Actual Max Startup Time": 2304.972, "Actual Min Total Time": 2478.612, "Actual Max Total Time": 2478.612, "Inner Unique": true, "Hash Cond": "(mc.company_type_id = ct.id), (LLVM Optimized, Jit Execute)", "Plans": [{"Node Type": "Hash Join", "Parent Relationship": "Outer", "Join Type": "Inner", "Startup Cost": 125362.85, "Total Cost": 193012.49, "Plan Rows": 549199, "Plan Width": 49, "Actual Min Startup Time": 1633.274, "Actual Max Startup Time": 1633.274, "Actual Min Total Time": 2478.314, "Actual Max Total Time": 2478.314, "Inner Unique": false, "Hash Cond": "(mc.movie_id = t.id), (LLVM Optimized, Jit Execute)", "Plans": [{"Node Type": "Seq Scan", "Parent Relationship": "Outer", "Relation Name": "movie_companies", "Alias": "mc", "Startup Cost": 0.0, "Total Cost": 48340.1, "Plan Rows": 2609035, "Plan Width": 32, "Actual Min Startup Time": 0.048, "Actual Max Startup Time": 0.048, "Actual Min Total Time": 915.023, "Actual Max Total Time": 915.023, "Filter": "((note)::text !~~ '%(as Metro-Goldwyn-Mayer Pictures)%'::text), (LLVM Optimized, Jit Execute)", "Rows Removed by Filter": 1272041, "Actual Rows": 1337087}, {"Node Type": "Hash", "Parent Relationship": "Inner", "Startup Cost": 120407.8, "Total Cost": 120407.8, "Plan Rows": 396404, "Plan Width": 29, "Actual Min Startup Time": 1300.215, "Actual Max Startup Time": 1300.215, "Actual Min Total Time": 1300.215, "Actual Max Total Time": 1300.215, "Max Hash Buckets": 524288, "Min Hash Buckets": 524288, "Max Hash Batches": 1, "Min Hash Batches": 1, "Max Original Hash Batches": 1, "Min Original Hash Batches": 1, "Max Peak Memory Usage": 1, "min Peak Memory Usage": 1, "Plans": [{"Node Type": "Hash Join", "Parent Relationship": "Outer", "Join Type": "Inner", "Startup Cost": 87966.85, "Total Cost": 120407.8, "Plan Rows": 396404, "Plan Width": 29, "Actual Min Startup Time": 1300.153, "Actual Max Startup Time": 1300.153, "Actual Min Total Time": 1300.201, "Actual Max Total Time": 1300.201, "Inner Unique": true, "Hash Cond": "(mi_idx.movie_id = t.id), (LLVM Optimized, Jit Execute)", "Plans": [{"Node Type": "Hash Join", "Parent Relationship": "Outer", "Join Type": "Inner", "Startup Cost": 2.41, "Total Cost": 27185.54, "Plan Rows": 345008, "Plan Width": 4, "Actual Min Startup Time": 531.151, "Actual Max Startup Time": 531.151, "Actual Min Total Time": 531.158, "Actual Max Total Time": 531.158, "Inner Unique": true, "Hash Cond": "(mi_idx.info_type_id = it.id), (LLVM Optimized, Jit Execute)", "Plans": [{"Node Type": "Seq Scan", "Parent Relationship": "Outer", "Relation Name": "movie_info_idx", "Alias": "mi_idx", "Startup Cost": 0.0, "Total Cost": 20274.34, "Plan Rows": 1380034, "Plan Width": 8, "Actual Min Startup Time": 0.043, "Actual Max Startup Time": 0.043, "Actual Min Total Time": 300.571, "Actual Max Total Time": 300.571, "Actual Rows": 1380034}, {"Node Type": "Hash", "Parent Relationship": "Inner", "Startup Cost": 2.4, "Total Cost": 2.4, "Plan Rows": 1, "Plan Width": 4, "Actual Min Startup Time": 0.089, "Actual Max Startup Time": 0.089, "Actual Min Total Time": 0.089, "Actual Max Total Time": 0.089, "Max Hash Buckets": 32768, "Min Hash Buckets": 32768, "Max Hash Batches": 1, "Min Hash Batches": 1, "Max Original Hash Batches": 1, "Min Original Hash Batches": 1, "Max Peak Memory Usage": 1, "min Peak Memory Usage": 1, "Plans": [{"Node Type": "Seq Scan", "Parent Relationship": "Outer", "Relation Name": "info_type", "Alias": "it", "Startup Cost": 0.0, "Total Cost": 2.4, "Plan Rows": 1, "Plan Width": 4, "Actual Min Startup Time": 0.074, "Actual Max Startup Time": 0.074, "Actual Min Total Time": 0.077, "Actual Max Total Time": 0.077, "Filter": "((info)::text = 'bottom 10 rank'::text)", "Rows Removed by Filter": 111, "Actual Rows": 1}], "Actual Rows": 1}], "Actual Rows": 10}, {"Node Type": "Hash", "Parent Relationship": "Inner", "Startup Cost": 78973.94, "Total Cost": 78973.94, "Plan Rows": 719240, "Plan Width": 25, "Actual Min Startup Time": 767.713, "Actual Max Startup Time": 767.713, "Actual Min Total Time": 767.713, "Actual Max Total Time": 767.713, "Max Hash Buckets": 1048576, "Min Hash Buckets": 1048576, "Max Hash Batches": 1, "Min Hash Batches": 1, "Max Original Hash Batches": 1, "Min Original Hash Batches": 1, "Max Peak Memory Usage": 41052, "min Peak Memory Usage": 41052, "Plans": [{"Node Type": "Streaming(type: LOCAL GATHER dop: 1/64)", "Parent Relationship": "Outer", "Startup Cost": 1813.35, "Total Cost": 78973.94, "Plan Rows": 719240, "Plan Width": 25, "Actual Min Startup Time": 46.843, "Actual Max Startup Time": 46.843, "Actual Min Total Time": 498.917, "Actual Max Total Time": 498.917, "Plans": [{"Node Type": "Seq Scan", "Parent Relationship": "Outer", "Relation Name": "title", "Alias": "t", "Startup Cost": 1813.35, "Total Cost": 64136.1, "Plan Rows": 719240, "Plan Width": 25, "Actual Min Startup Time": 0.029, "Actual Max Startup Time": 0.066, "Actual Min Total Time": 15.489, "Actual Max Total Time": 19.26, "Filter": "((production_year >= 2005) AND (production_year <= 2010)), (LLVM Optimized, Jit Execute)", "Rows Removed by Filter": 1812052, "Actual Rows": 716259}], "Actual Rows": 716259}], "Actual Rows": 716259}], "Actual Rows": 4}], "Actual Rows": 4}], "Actual Rows": 66}, {"Node Type": "Hash", "Parent Relationship": "Inner", "Startup Cost": 1.04, "Total Cost": 1.04, "Plan Rows": 1, "Plan Width": 4, "Actual Min Startup Time": 0.059, "Actual Max Startup Time": 0.059, "Actual Min Total Time": 0.059, "Actual Max Total Time": 0.059, "Max Hash Buckets": 32768, "Min Hash Buckets": 32768, "Max Hash Batches": 1, "Min Hash Batches": 1, "Max Original Hash Batches": 1, "Min Original Hash Batches": 1, "Max Peak Memory Usage": 1, "min Peak Memory Usage": 1, "Plans": [{"Node Type": "Seq Scan", "Parent Relationship": "Outer", "Relation Name": "company_type", "Alias": "ct", "Startup Cost": 0.0, "Total Cost": 1.04, "Plan Rows": 1, "Plan Width": 4, "Actual Min Startup Time": 0.039, "Actual Max Startup Time": 0.039, "Actual Min Total Time": 0.042, "Actual Max Total Time": 0.042, "Filter": "((kind)::text = 'production companies'::text)", "Rows Removed by Filter": 2, "Actual Rows": 1}], "Actual Rows": 1}], "Actual Rows": 3}], "Actual Rows": 1}, "Triggers": [], "Planner Runtime": 12.541, "Total Runtime": 2502.712, "Unique SQL Id": 1162488282}}, "(64, '9')": {"explain_plan": {"Plan": {"Node Type": "Aggregate", "Strategy": "Plain", "Startup Cost": 264407.24, "Total Cost": 264407.25, "Plan Rows": 1, "Plan Width": 113, "Plans": [{"Node Type": "Hash Join", "Parent Relationship": "Outer", "Join Type": "Inner", "Startup Cost": 180303.61, "Total Cost": 261051.22, "Plan Rows": 447470, "Plan Width": 45, "Inner Unique": false, "Hash Cond": "(mc.movie_id = t.id), (LLVM Optimized)", "Plans": [{"Node Type": "Nested Loop", "Parent Relationship": "Outer", "Join Type": "Inner", "Startup Cost": 0.0, "Total Cost": 69436.41, "Plan Rows": 1304518, "Plan Width": 28, "Inner Unique": false, "Plans": [{"Node Type": "Index Scan", "Parent Relationship": "Outer", "Scan Direction": "Forward", "Index Name": "company_type_pkey", "Relation Name": "company_type", "Alias": "ct", "Startup Cost": 0.0, "Total Cost": 12.3, "Plan Rows": 1, "Plan Width": 4, "Filter": "((kind)::text = 'production companies'::text)"}, {"Node Type": "Index Scan", "Parent Relationship": "Inner", "Scan Direction": "Forward", "Index Name": "company_type_id_movie_companies", "Relation Name": "movie_companies", "Alias": "mc", "Startup Cost": 0.0, "Total Cost": 56378.94, "Plan Rows": 1304517, "Plan Width": 32, "Index Cond": "(company_type_id = ct.id), (LLVM Optimized)", "Filter": "((note)::text !~~ '%(as Metro-Goldwyn-Mayer Pictures)%'::text), (LLVM Optimized)"}]}, {"Node Type": "Hash", "Parent Relationship": "Inner", "Startup Cost": 175348.56, "Total Cost": 175348.56, "Plan Rows": 396404, "Plan Width": 29, "Plans": [{"Node Type": "Hash Join", "Parent Relationship": "Outer", "Join Type": "Inner", "Startup Cost": 131752.54, "Total Cost": 175348.56, "Plan Rows": 396404, "Plan Width": 29, "Inner Unique": true, "Hash Cond": "(mi_idx.movie_id = t.id), (LLVM Optimized)", "Plans": [{"Node Type": "Nested Loop", "Parent Relationship": "Outer", "Join Type": "Inner", "Startup Cost": 0.0, "Total Cost": 38338.2, "Plan Rows": 345008, "Plan Width": 4, "Inner Unique": false, "Plans": [{"Node Type": "Index Scan", "Parent Relationship": "Outer", "Scan Direction": "Forward", "Index Name": "info_type_pkey", "Relation Name": "info_type", "Alias": "it", "Startup Cost": 0.0, "Total Cost": 14.21, "Plan Rows": 1, "Plan Width": 4, "Filter": "((info)::text = 'bottom 10 rank'::text)"}, {"Node Type": "Index Scan", "Parent Relationship": "Inner", "Scan Direction": "Forward", "Index Name": "info_type_id_movie_info_idx", "Relation Name": "movie_info_idx", "Alias": "mi_idx", "Startup Cost": 0.0, "Total Cost": 34873.91, "Plan Rows": 345008, "Plan Width": 8, "Index Cond": "(info_type_id = it.id), (LLVM Optimized)"}]}, {"Node Type": "Hash", "Parent Relationship": "Inner", "Startup Cost": 122762.04, "Total Cost": 122762.04, "Plan Rows": 719240, "Plan Width": 25, "Plans": [{"Node Type": "Index Scan", "Parent Relationship": "Outer", "Scan Direction": "Forward", "Index Name": "title_pkey", "Relation Name": "title", "Alias": "t", "Startup Cost": 0.0, "Total Cost": 122762.04, "Plan Rows": 719240, "Plan Width": 25, "Filter": "((production_year >= 2005) AND (production_year <= 2010)), (LLVM Optimized)"}]}]}]}]}]}, "Unique SQL Id": 1162488282, "Planner Runtime": 10}, "explain_analyze_plan": null}, "(64, '10')": {"explain_plan": {"Plan": {"Node Type": "Aggregate", "Strategy": "Plain", "Startup Cost": 200839.08, "Total Cost": 200839.09, "Plan Rows": 1, "Plan Width": 113, "Plans": [{"Node Type": "Hash Join", "Parent Relationship": "Outer", "Join Type": "Inner", "Startup Cost": 125363.9, "Total Cost": 197483.05, "Plan Rows": 447470, "Plan Width": 45, "Inner Unique": true, "Hash Cond": "(mc.company_type_id = ct.id), (LLVM Optimized)", "Plans": [{"Node Type": "Hash Join", "Parent Relationship": "Outer", "Join Type": "Inner", "Startup Cost": 125362.85, "Total Cost": 193012.49, "Plan Rows": 549199, "Plan Width": 49, "Inner Unique": false, "Hash Cond": "(mc.movie_id = t.id), (LLVM Optimized)", "Plans": [{"Node Type": "Seq Scan", "Parent Relationship": "Outer", "Relation Name": "movie_companies", "Alias": "mc", "Startup Cost": 0.0, "Total Cost": 48340.1, "Plan Rows": 2609035, "Plan Width": 32, "Filter": "((note)::text !~~ '%(as Metro-Goldwyn-Mayer Pictures)%'::text), (LLVM Optimized)"}, {"Node Type": "Hash", "Parent Relationship": "Inner", "Startup Cost": 120407.8, "Total Cost": 120407.8, "Plan Rows": 396404, "Plan Width": 29, "Plans": [{"Node Type": "Hash Join", "Parent Relationship": "Outer", "Join Type": "Inner", "Startup Cost": 87966.85, "Total Cost": 120407.8, "Plan Rows": 396404, "Plan Width": 29, "Inner Unique": true, "Hash Cond": "(mi_idx.movie_id = t.id), (LLVM Optimized)", "Plans": [{"Node Type": "Hash Join", "Parent Relationship": "Outer", "Join Type": "Inner", "Startup Cost": 2.41, "Total Cost": 27185.54, "Plan Rows": 345008, "Plan Width": 4, "Inner Unique": true, "Hash Cond": "(mi_idx.info_type_id = it.id), (LLVM Optimized)", "Plans": [{"Node Type": "Seq Scan", "Parent Relationship": "Outer", "Relation Name": "movie_info_idx", "Alias": "mi_idx", "Startup Cost": 0.0, "Total Cost": 20274.34, "Plan Rows": 1380034, "Plan Width": 8}, {"Node Type": "Hash", "Parent Relationship": "Inner", "Startup Cost": 2.4, "Total Cost": 2.4, "Plan Rows": 1, "Plan Width": 4, "Plans": [{"Node Type": "Seq Scan", "Parent Relationship": "Outer", "Relation Name": "info_type", "Alias": "it", "Startup Cost": 0.0, "Total Cost": 2.4, "Plan Rows": 1, "Plan Width": 4, "Filter": "((info)::text = 'bottom 10 rank'::text)"}]}]}, {"Node Type": "Hash", "Parent Relationship": "Inner", "Startup Cost": 78973.94, "Total Cost": 78973.94, "Plan Rows": 719240, "Plan Width": 25, "Plans": [{"Node Type": "Streaming(type: LOCAL GATHER dop: 1/64)", "Parent Relationship": "Outer", "Startup Cost": 1813.35, "Total Cost": 78973.94, "Plan Rows": 719240, "Plan Width": 25, "Plans": [{"Node Type": "Seq Scan", "Parent Relationship": "Outer", "Relation Name": "title", "Alias": "t", "Startup Cost": 1813.35, "Total Cost": 64136.1, "Plan Rows": 719240, "Plan Width": 25, "Filter": "((production_year >= 2005) AND (production_year <= 2010)), (LLVM Optimized)"}]}]}]}]}]}, {"Node Type": "Hash", "Parent Relationship": "Inner", "Startup Cost": 1.04, "Total Cost": 1.04, "Plan Rows": 1, "Plan Width": 4, "Plans": [{"Node Type": "Seq Scan", "Parent Relationship": "Outer", "Relation Name": "company_type", "Alias": "ct", "Startup Cost": 0.0, "Total Cost": 1.04, "Plan Rows": 1, "Plan Width": 4, "Filter": "((kind)::text = 'production companies'::text)"}]}]}]}, "Unique SQL Id": 1162488282, "Planner Runtime": 12}, "explain_analyze_plan": {"Plan": {"Node Type": "Aggregate", "Strategy": "Plain", "Startup Cost": 200839.08, "Total Cost": 200839.09, "Plan Rows": 1, "Plan Width": 113, "Actual Min Startup Time": 2478.651, "Actual Max Startup Time": 2478.651, "Actual Min Total Time": 2478.651, "Actual Max Total Time": 2478.651, "Plans": [{"Node Type": "Hash Join", "Parent Relationship": "Outer", "Join Type": "Inner", "Startup Cost": 125363.9, "Total Cost": 197483.05, "Plan Rows": 447470, "Plan Width": 45, "Actual Min Startup Time": 2304.972, "Actual Max Startup Time": 2304.972, "Actual Min Total Time": 2478.612, "Actual Max Total Time": 2478.612, "Inner Unique": true, "Hash Cond": "(mc.company_type_id = ct.id), (LLVM Optimized, Jit Execute)", "Plans": [{"Node Type": "Hash Join", "Parent Relationship": "Outer", "Join Type": "Inner", "Startup Cost": 125362.85, "Total Cost": 193012.49, "Plan Rows": 549199, "Plan Width": 49, "Actual Min Startup Time": 1633.274, "Actual Max Startup Time": 1633.274, "Actual Min Total Time": 2478.314, "Actual Max Total Time": 2478.314, "Inner Unique": false, "Hash Cond": "(mc.movie_id = t.id), (LLVM Optimized, Jit Execute)", "Plans": [{"Node Type": "Seq Scan", "Parent Relationship": "Outer", "Relation Name": "movie_companies", "Alias": "mc", "Startup Cost": 0.0, "Total Cost": 48340.1, "Plan Rows": 2609035, "Plan Width": 32, "Actual Min Startup Time": 0.048, "Actual Max Startup Time": 0.048, "Actual Min Total Time": 915.023, "Actual Max Total Time": 915.023, "Filter": "((note)::text !~~ '%(as Metro-Goldwyn-Mayer Pictures)%'::text), (LLVM Optimized, Jit Execute)", "Rows Removed by Filter": 1272041, "Actual Rows": 1337087}, {"Node Type": "Hash", "Parent Relationship": "Inner", "Startup Cost": 120407.8, "Total Cost": 120407.8, "Plan Rows": 396404, "Plan Width": 29, "Actual Min Startup Time": 1300.215, "Actual Max Startup Time": 1300.215, "Actual Min Total Time": 1300.215, "Actual Max Total Time": 1300.215, "Max Hash Buckets": 524288, "Min Hash Buckets": 524288, "Max Hash Batches": 1, "Min Hash Batches": 1, "Max Original Hash Batches": 1, "Min Original Hash Batches": 1, "Max Peak Memory Usage": 1, "min Peak Memory Usage": 1, "Plans": [{"Node Type": "Hash Join", "Parent Relationship": "Outer", "Join Type": "Inner", "Startup Cost": 87966.85, "Total Cost": 120407.8, "Plan Rows": 396404, "Plan Width": 29, "Actual Min Startup Time": 1300.153, "Actual Max Startup Time": 1300.153, "Actual Min Total Time": 1300.201, "Actual Max Total Time": 1300.201, "Inner Unique": true, "Hash Cond": "(mi_idx.movie_id = t.id), (LLVM Optimized, Jit Execute)", "Plans": [{"Node Type": "Hash Join", "Parent Relationship": "Outer", "Join Type": "Inner", "Startup Cost": 2.41, "Total Cost": 27185.54, "Plan Rows": 345008, "Plan Width": 4, "Actual Min Startup Time": 531.151, "Actual Max Startup Time": 531.151, "Actual Min Total Time": 531.158, "Actual Max Total Time": 531.158, "Inner Unique": true, "Hash Cond": "(mi_idx.info_type_id = it.id), (LLVM Optimized, Jit Execute)", "Plans": [{"Node Type": "Seq Scan", "Parent Relationship": "Outer", "Relation Name": "movie_info_idx", "Alias": "mi_idx", "Startup Cost": 0.0, "Total Cost": 20274.34, "Plan Rows": 1380034, "Plan Width": 8, "Actual Min Startup Time": 0.043, "Actual Max Startup Time": 0.043, "Actual Min Total Time": 300.571, "Actual Max Total Time": 300.571, "Actual Rows": 1380034}, {"Node Type": "Hash", "Parent Relationship": "Inner", "Startup Cost": 2.4, "Total Cost": 2.4, "Plan Rows": 1, "Plan Width": 4, "Actual Min Startup Time": 0.089, "Actual Max Startup Time": 0.089, "Actual Min Total Time": 0.089, "Actual Max Total Time": 0.089, "Max Hash Buckets": 32768, "Min Hash Buckets": 32768, "Max Hash Batches": 1, "Min Hash Batches": 1, "Max Original Hash Batches": 1, "Min Original Hash Batches": 1, "Max Peak Memory Usage": 1, "min Peak Memory Usage": 1, "Plans": [{"Node Type": "Seq Scan", "Parent Relationship": "Outer", "Relation Name": "info_type", "Alias": "it", "Startup Cost": 0.0, "Total Cost": 2.4, "Plan Rows": 1, "Plan Width": 4, "Actual Min Startup Time": 0.074, "Actual Max Startup Time": 0.074, "Actual Min Total Time": 0.077, "Actual Max Total Time": 0.077, "Filter": "((info)::text = 'bottom 10 rank'::text)", "Rows Removed by Filter": 111, "Actual Rows": 1}], "Actual Rows": 1}], "Actual Rows": 10}, {"Node Type": "Hash", "Parent Relationship": "Inner", "Startup Cost": 78973.94, "Total Cost": 78973.94, "Plan Rows": 719240, "Plan Width": 25, "Actual Min Startup Time": 767.713, "Actual Max Startup Time": 767.713, "Actual Min Total Time": 767.713, "Actual Max Total Time": 767.713, "Max Hash Buckets": 1048576, "Min Hash Buckets": 1048576, "Max Hash Batches": 1, "Min Hash Batches": 1, "Max Original Hash Batches": 1, "Min Original Hash Batches": 1, "Max Peak Memory Usage": 41052, "min Peak Memory Usage": 41052, "Plans": [{"Node Type": "Streaming(type: LOCAL GATHER dop: 1/64)", "Parent Relationship": "Outer", "Startup Cost": 1813.35, "Total Cost": 78973.94, "Plan Rows": 719240, "Plan Width": 25, "Actual Min Startup Time": 46.843, "Actual Max Startup Time": 46.843, "Actual Min Total Time": 498.917, "Actual Max Total Time": 498.917, "Plans": [{"Node Type": "Seq Scan", "Parent Relationship": "Outer", "Relation Name": "title", "Alias": "t", "Startup Cost": 1813.35, "Total Cost": 64136.1, "Plan Rows": 719240, "Plan Width": 25, "Actual Min Startup Time": 0.029, "Actual Max Startup Time": 0.066, "Actual Min Total Time": 15.489, "Actual Max Total Time": 19.26, "Filter": "((production_year >= 2005) AND (production_year <= 2010)), (LLVM Optimized, Jit Execute)", "Rows Removed by Filter": 1812052, "Actual Rows": 716259}], "Actual Rows": 716259}], "Actual Rows": 716259}], "Actual Rows": 4}], "Actual Rows": 4}], "Actual Rows": 66}, {"Node Type": "Hash", "Parent Relationship": "Inner", "Startup Cost": 1.04, "Total Cost": 1.04, "Plan Rows": 1, "Plan Width": 4, "Actual Min Startup Time": 0.059, "Actual Max Startup Time": 0.059, "Actual Min Total Time": 0.059, "Actual Max Total Time": 0.059, "Max Hash Buckets": 32768, "Min Hash Buckets": 32768, "Max Hash Batches": 1, "Min Hash Batches": 1, "Max Original Hash Batches": 1, "Min Original Hash Batches": 1, "Max Peak Memory Usage": 1, "min Peak Memory Usage": 1, "Plans": [{"Node Type": "Seq Scan", "Parent Relationship": "Outer", "Relation Name": "company_type", "Alias": "ct", "Startup Cost": 0.0, "Total Cost": 1.04, "Plan Rows": 1, "Plan Width": 4, "Actual Min Startup Time": 0.039, "Actual Max Startup Time": 0.039, "Actual Min Total Time": 0.042, "Actual Max Total Time": 0.042, "Filter": "((kind)::text = 'production companies'::text)", "Rows Removed by Filter": 2, "Actual Rows": 1}], "Actual Rows": 1}], "Actual Rows": 3}], "Actual Rows": 1}, "Triggers": [], "Planner Runtime": 12.541, "Total Runtime": 2502.712, "Unique SQL Id": 1162488282}}, "(64, '11')": {"explain_plan": {"Plan": {"Node Type": "Aggregate", "Strategy": "Plain", "Startup Cost": 4996298643025.23, "Total Cost": 4996298643025.24, "Plan Rows": 1, "Plan Width": 113, "Plans": [{"Node Type": "Merge Join", "Parent Relationship": "Outer", "Join Type": "Inner", "Startup Cost": 50033501541.7, "Total Cost": 4996298639669.21, "Plan Rows": 447470, "Plan Width": 45, "Inner Unique": false, "Merge Cond": "(t.id = mi_idx.movie_id)", "Plans": [{"Node Type": "Nested Loop", "Parent Relationship": "Outer", "Join Type": "Inner", "Startup Cost": 30022023519.89, "Total Cost": 2999077645366.78, "Plan Rows": 1164716, "Plan Width": 53, "Inner Unique": true, "Join Filter": "(mc.company_type_id = ct.id), (LLVM Optimized)", "Plans": [{"Node Type": "Merge Join", "Parent Relationship": "Outer", "Join Type": "Inner", "Startup Cost": 20022023519.89, "Total Cost": 1999077618211.31, "Plan Rows": 1728348, "Plan Width": 57, "Inner Unique": false, "Merge Cond": "(t.id = mc.movie_id)", "Plans": [{"Node Type": "Index Scan", "Parent Relationship": "Outer", "Scan Direction": "Forward", "Index Name": "title_pkey", "Relation Name": "title", "Alias": "t", "Startup Cost": 10000000000.0, "Total Cost": 1000012276204.41, "Plan Rows": 719240, "Plan Width": 25, "Filter": "((production_year >= 2005) AND (production_year <= 2010)), (LLVM Optimized)"}, {"Node Type": "Index Scan", "Parent Relationship": "Inner", "Scan Direction": "Forward", "Index Name": "movie_id_movie_companies", "Relation Name": "movie_companies", "Alias": "mc", "Startup Cost": 10000000000.0, "Total Cost": 1000013704228.13, "Plan Rows": 2609035, "Plan Width": 32, "Filter": "((note)::text !~~ '%(as Metro-Goldwyn-Mayer Pictures)%'::text), (LLVM Optimized)"}]}, {"Node Type": "Materialize", "Parent Relationship": "Inner", "Startup Cost": 10000000000.0, "Total Cost": 1000000001230.26, "Plan Rows": 1, "Plan Width": 4, "Plans": [{"Node Type": "Index Scan", "Parent Relationship": "Outer", "Scan Direction": "Forward", "Index Name": "company_type_pkey", "Relation Name": "company_type", "Alias": "ct", "Startup Cost": 10000000000.0, "Total Cost": 1000000001230.25, "Plan Rows": 1, "Plan Width": 4, "Filter": "((kind)::text = 'production companies'::text)"}]}]}, {"Node Type": "Materialize", "Parent Relationship": "Inner", "Startup Cost": 20000000000.0, "Total Cost": 2000004673019.4, "Plan Rows": 345008, "Plan Width": 4, "Plans": [{"Node Type": "Nested Loop", "Parent Relationship": "Outer", "Join Type": "Inner", "Startup Cost": 20000000000.0, "Total Cost": 2000004672156.88, "Plan Rows": 345008, "Plan Width": 4, "Inner Unique": true, "Join Filter": "(it.id = mi_idx.info_type_id), (LLVM Optimized)", "Plans": [{"Node Type": "Index Scan", "Parent Relationship": "Outer", "Scan Direction": "Forward", "Index Name": "movie_id_movie_info_idx", "Relation Name": "movie_info_idx", "Alias": "mi_idx", "Startup Cost": 10000000000.0, "Total Cost": 1000004650035.37, "Plan Rows": 1380034, "Plan Width": 8}, {"Node Type": "Materialize", "Parent Relationship": "Inner", "Startup Cost": 10000000000.0, "Total Cost": 1000000001421.0, "Plan Rows": 1, "Plan Width": 4, "Plans": [{"Node Type": "Index Scan", "Parent Relationship": "Outer", "Scan Direction": "Forward", "Index Name": "info_type_pkey", "Relation Name": "info_type", "Alias": "it", "Startup Cost": 10000000000.0, "Total Cost": 1000000001421.0, "Plan Rows": 1, "Plan Width": 4, "Filter": "((info)::text = 'bottom 10 rank'::text)"}]}]}]}]}]}, "Unique SQL Id": 1162488282, "Planner Runtime": 12}, "explain_analyze_plan": null}, "(64, '12')": {"explain_plan": {"Plan": {"Node Type": "Aggregate", "Strategy": "Plain", "Startup Cost": 200839.08, "Total Cost": 200839.09, "Plan Rows": 1, "Plan Width": 113, "Plans": [{"Node Type": "Hash Join", "Parent Relationship": "Outer", "Join Type": "Inner", "Startup Cost": 125363.9, "Total Cost": 197483.05, "Plan Rows": 447470, "Plan Width": 45, "Inner Unique": true, "Hash Cond": "(mc.company_type_id = ct.id), (LLVM Optimized)", "Plans": [{"Node Type": "Hash Join", "Parent Relationship": "Outer", "Join Type": "Inner", "Startup Cost": 125362.85, "Total Cost": 193012.49, "Plan Rows": 549199, "Plan Width": 49, "Inner Unique": false, "Hash Cond": "(mc.movie_id = t.id), (LLVM Optimized)", "Plans": [{"Node Type": "Seq Scan", "Parent Relationship": "Outer", "Relation Name": "movie_companies", "Alias": "mc", "Startup Cost": 0.0, "Total Cost": 48340.1, "Plan Rows": 2609035, "Plan Width": 32, "Filter": "((note)::text !~~ '%(as Metro-Goldwyn-Mayer Pictures)%'::text), (LLVM Optimized)"}, {"Node Type": "Hash", "Parent Relationship": "Inner", "Startup Cost": 120407.8, "Total Cost": 120407.8, "Plan Rows": 396404, "Plan Width": 29, "Plans": [{"Node Type": "Hash Join", "Parent Relationship": "Outer", "Join Type": "Inner", "Startup Cost": 87966.85, "Total Cost": 120407.8, "Plan Rows": 396404, "Plan Width": 29, "Inner Unique": true, "Hash Cond": "(mi_idx.movie_id = t.id), (LLVM Optimized)", "Plans": [{"Node Type": "Hash Join", "Parent Relationship": "Outer", "Join Type": "Inner", "Startup Cost": 2.41, "Total Cost": 27185.54, "Plan Rows": 345008, "Plan Width": 4, "Inner Unique": true, "Hash Cond": "(mi_idx.info_type_id = it.id), (LLVM Optimized)", "Plans": [{"Node Type": "Seq Scan", "Parent Relationship": "Outer", "Relation Name": "movie_info_idx", "Alias": "mi_idx", "Startup Cost": 0.0, "Total Cost": 20274.34, "Plan Rows": 1380034, "Plan Width": 8}, {"Node Type": "Hash", "Parent Relationship": "Inner", "Startup Cost": 2.4, "Total Cost": 2.4, "Plan Rows": 1, "Plan Width": 4, "Plans": [{"Node Type": "Seq Scan", "Parent Relationship": "Outer", "Relation Name": "info_type", "Alias": "it", "Startup Cost": 0.0, "Total Cost": 2.4, "Plan Rows": 1, "Plan Width": 4, "Filter": "((info)::text = 'bottom 10 rank'::text)"}]}]}, {"Node Type": "Hash", "Parent Relationship": "Inner", "Startup Cost": 78973.94, "Total Cost": 78973.94, "Plan Rows": 719240, "Plan Width": 25, "Plans": [{"Node Type": "Streaming(type: LOCAL GATHER dop: 1/64)", "Parent Relationship": "Outer", "Startup Cost": 1813.35, "Total Cost": 78973.94, "Plan Rows": 719240, "Plan Width": 25, "Plans": [{"Node Type": "Seq Scan", "Parent Relationship": "Outer", "Relation Name": "title", "Alias": "t", "Startup Cost": 1813.35, "Total Cost": 64136.1, "Plan Rows": 719240, "Plan Width": 25, "Filter": "((production_year >= 2005) AND (production_year <= 2010)), (LLVM Optimized)"}]}]}]}]}]}, {"Node Type": "Hash", "Parent Relationship": "Inner", "Startup Cost": 1.04, "Total Cost": 1.04, "Plan Rows": 1, "Plan Width": 4, "Plans": [{"Node Type": "Seq Scan", "Parent Relationship": "Outer", "Relation Name": "company_type", "Alias": "ct", "Startup Cost": 0.0, "Total Cost": 1.04, "Plan Rows": 1, "Plan Width": 4, "Filter": "((kind)::text = 'production companies'::text)"}]}]}]}, "Unique SQL Id": 1162488282, "Planner Runtime": 12}, "explain_analyze_plan": {"Plan": {"Node Type": "Aggregate", "Strategy": "Plain", "Startup Cost": 200839.08, "Total Cost": 200839.09, "Plan Rows": 1, "Plan Width": 113, "Actual Min Startup Time": 2478.651, "Actual Max Startup Time": 2478.651, "Actual Min Total Time": 2478.651, "Actual Max Total Time": 2478.651, "Plans": [{"Node Type": "Hash Join", "Parent Relationship": "Outer", "Join Type": "Inner", "Startup Cost": 125363.9, "Total Cost": 197483.05, "Plan Rows": 447470, "Plan Width": 45, "Actual Min Startup Time": 2304.972, "Actual Max Startup Time": 2304.972, "Actual Min Total Time": 2478.612, "Actual Max Total Time": 2478.612, "Inner Unique": true, "Hash Cond": "(mc.company_type_id = ct.id), (LLVM Optimized, Jit Execute)", "Plans": [{"Node Type": "Hash Join", "Parent Relationship": "Outer", "Join Type": "Inner", "Startup Cost": 125362.85, "Total Cost": 193012.49, "Plan Rows": 549199, "Plan Width": 49, "Actual Min Startup Time": 1633.274, "Actual Max Startup Time": 1633.274, "Actual Min Total Time": 2478.314, "Actual Max Total Time": 2478.314, "Inner Unique": false, "Hash Cond": "(mc.movie_id = t.id), (LLVM Optimized, Jit Execute)", "Plans": [{"Node Type": "Seq Scan", "Parent Relationship": "Outer", "Relation Name": "movie_companies", "Alias": "mc", "Startup Cost": 0.0, "Total Cost": 48340.1, "Plan Rows": 2609035, "Plan Width": 32, "Actual Min Startup Time": 0.048, "Actual Max Startup Time": 0.048, "Actual Min Total Time": 915.023, "Actual Max Total Time": 915.023, "Filter": "((note)::text !~~ '%(as Metro-Goldwyn-Mayer Pictures)%'::text), (LLVM Optimized, Jit Execute)", "Rows Removed by Filter": 1272041, "Actual Rows": 1337087}, {"Node Type": "Hash", "Parent Relationship": "Inner", "Startup Cost": 120407.8, "Total Cost": 120407.8, "Plan Rows": 396404, "Plan Width": 29, "Actual Min Startup Time": 1300.215, "Actual Max Startup Time": 1300.215, "Actual Min Total Time": 1300.215, "Actual Max Total Time": 1300.215, "Max Hash Buckets": 524288, "Min Hash Buckets": 524288, "Max Hash Batches": 1, "Min Hash Batches": 1, "Max Original Hash Batches": 1, "Min Original Hash Batches": 1, "Max Peak Memory Usage": 1, "min Peak Memory Usage": 1, "Plans": [{"Node Type": "Hash Join", "Parent Relationship": "Outer", "Join Type": "Inner", "Startup Cost": 87966.85, "Total Cost": 120407.8, "Plan Rows": 396404, "Plan Width": 29, "Actual Min Startup Time": 1300.153, "Actual Max Startup Time": 1300.153, "Actual Min Total Time": 1300.201, "Actual Max Total Time": 1300.201, "Inner Unique": true, "Hash Cond": "(mi_idx.movie_id = t.id), (LLVM Optimized, Jit Execute)", "Plans": [{"Node Type": "Hash Join", "Parent Relationship": "Outer", "Join Type": "Inner", "Startup Cost": 2.41, "Total Cost": 27185.54, "Plan Rows": 345008, "Plan Width": 4, "Actual Min Startup Time": 531.151, "Actual Max Startup Time": 531.151, "Actual Min Total Time": 531.158, "Actual Max Total Time": 531.158, "Inner Unique": true, "Hash Cond": "(mi_idx.info_type_id = it.id), (LLVM Optimized, Jit Execute)", "Plans": [{"Node Type": "Seq Scan", "Parent Relationship": "Outer", "Relation Name": "movie_info_idx", "Alias": "mi_idx", "Startup Cost": 0.0, "Total Cost": 20274.34, "Plan Rows": 1380034, "Plan Width": 8, "Actual Min Startup Time": 0.043, "Actual Max Startup Time": 0.043, "Actual Min Total Time": 300.571, "Actual Max Total Time": 300.571, "Actual Rows": 1380034}, {"Node Type": "Hash", "Parent Relationship": "Inner", "Startup Cost": 2.4, "Total Cost": 2.4, "Plan Rows": 1, "Plan Width": 4, "Actual Min Startup Time": 0.089, "Actual Max Startup Time": 0.089, "Actual Min Total Time": 0.089, "Actual Max Total Time": 0.089, "Max Hash Buckets": 32768, "Min Hash Buckets": 32768, "Max Hash Batches": 1, "Min Hash Batches": 1, "Max Original Hash Batches": 1, "Min Original Hash Batches": 1, "Max Peak Memory Usage": 1, "min Peak Memory Usage": 1, "Plans": [{"Node Type": "Seq Scan", "Parent Relationship": "Outer", "Relation Name": "info_type", "Alias": "it", "Startup Cost": 0.0, "Total Cost": 2.4, "Plan Rows": 1, "Plan Width": 4, "Actual Min Startup Time": 0.074, "Actual Max Startup Time": 0.074, "Actual Min Total Time": 0.077, "Actual Max Total Time": 0.077, "Filter": "((info)::text = 'bottom 10 rank'::text)", "Rows Removed by Filter": 111, "Actual Rows": 1}], "Actual Rows": 1}], "Actual Rows": 10}, {"Node Type": "Hash", "Parent Relationship": "Inner", "Startup Cost": 78973.94, "Total Cost": 78973.94, "Plan Rows": 719240, "Plan Width": 25, "Actual Min Startup Time": 767.713, "Actual Max Startup Time": 767.713, "Actual Min Total Time": 767.713, "Actual Max Total Time": 767.713, "Max Hash Buckets": 1048576, "Min Hash Buckets": 1048576, "Max Hash Batches": 1, "Min Hash Batches": 1, "Max Original Hash Batches": 1, "Min Original Hash Batches": 1, "Max Peak Memory Usage": 41052, "min Peak Memory Usage": 41052, "Plans": [{"Node Type": "Streaming(type: LOCAL GATHER dop: 1/64)", "Parent Relationship": "Outer", "Startup Cost": 1813.35, "Total Cost": 78973.94, "Plan Rows": 719240, "Plan Width": 25, "Actual Min Startup Time": 46.843, "Actual Max Startup Time": 46.843, "Actual Min Total Time": 498.917, "Actual Max Total Time": 498.917, "Plans": [{"Node Type": "Seq Scan", "Parent Relationship": "Outer", "Relation Name": "title", "Alias": "t", "Startup Cost": 1813.35, "Total Cost": 64136.1, "Plan Rows": 719240, "Plan Width": 25, "Actual Min Startup Time": 0.029, "Actual Max Startup Time": 0.066, "Actual Min Total Time": 15.489, "Actual Max Total Time": 19.26, "Filter": "((production_year >= 2005) AND (production_year <= 2010)), (LLVM Optimized, Jit Execute)", "Rows Removed by Filter": 1812052, "Actual Rows": 716259}], "Actual Rows": 716259}], "Actual Rows": 716259}], "Actual Rows": 4}], "Actual Rows": 4}], "Actual Rows": 66}, {"Node Type": "Hash", "Parent Relationship": "Inner", "Startup Cost": 1.04, "Total Cost": 1.04, "Plan Rows": 1, "Plan Width": 4, "Actual Min Startup Time": 0.059, "Actual Max Startup Time": 0.059, "Actual Min Total Time": 0.059, "Actual Max Total Time": 0.059, "Max Hash Buckets": 32768, "Min Hash Buckets": 32768, "Max Hash Batches": 1, "Min Hash Batches": 1, "Max Original Hash Batches": 1, "Min Original Hash Batches": 1, "Max Peak Memory Usage": 1, "min Peak Memory Usage": 1, "Plans": [{"Node Type": "Seq Scan", "Parent Relationship": "Outer", "Relation Name": "company_type", "Alias": "ct", "Startup Cost": 0.0, "Total Cost": 1.04, "Plan Rows": 1, "Plan Width": 4, "Actual Min Startup Time": 0.039, "Actual Max Startup Time": 0.039, "Actual Min Total Time": 0.042, "Actual Max Total Time": 0.042, "Filter": "((kind)::text = 'production companies'::text)", "Rows Removed by Filter": 2, "Actual Rows": 1}], "Actual Rows": 1}], "Actual Rows": 3}], "Actual Rows": 1}, "Triggers": [], "Planner Runtime": 12.541, "Total Runtime": 2502.712, "Unique SQL Id": 1162488282}}, "(64, '13')": {"explain_plan": {"Plan": {"Node Type": "Aggregate", "Strategy": "Plain", "Startup Cost": 264407.24, "Total Cost": 264407.25, "Plan Rows": 1, "Plan Width": 113, "Plans": [{"Node Type": "Hash Join", "Parent Relationship": "Outer", "Join Type": "Inner", "Startup Cost": 180303.61, "Total Cost": 261051.22, "Plan Rows": 447470, "Plan Width": 45, "Inner Unique": false, "Hash Cond": "(mc.movie_id = t.id), (LLVM Optimized)", "Plans": [{"Node Type": "Nested Loop", "Parent Relationship": "Outer", "Join Type": "Inner", "Startup Cost": 0.0, "Total Cost": 69436.41, "Plan Rows": 1304518, "Plan Width": 28, "Inner Unique": false, "Plans": [{"Node Type": "Index Scan", "Parent Relationship": "Outer", "Scan Direction": "Forward", "Index Name": "company_type_pkey", "Relation Name": "company_type", "Alias": "ct", "Startup Cost": 0.0, "Total Cost": 12.3, "Plan Rows": 1, "Plan Width": 4, "Filter": "((kind)::text = 'production companies'::text)"}, {"Node Type": "Index Scan", "Parent Relationship": "Inner", "Scan Direction": "Forward", "Index Name": "company_type_id_movie_companies", "Relation Name": "movie_companies", "Alias": "mc", "Startup Cost": 0.0, "Total Cost": 56378.94, "Plan Rows": 1304517, "Plan Width": 32, "Index Cond": "(company_type_id = ct.id), (LLVM Optimized)", "Filter": "((note)::text !~~ '%(as Metro-Goldwyn-Mayer Pictures)%'::text), (LLVM Optimized)"}]}, {"Node Type": "Hash", "Parent Relationship": "Inner", "Startup Cost": 175348.56, "Total Cost": 175348.56, "Plan Rows": 396404, "Plan Width": 29, "Plans": [{"Node Type": "Hash Join", "Parent Relationship": "Outer", "Join Type": "Inner", "Startup Cost": 131752.54, "Total Cost": 175348.56, "Plan Rows": 396404, "Plan Width": 29, "Inner Unique": true, "Hash Cond": "(mi_idx.movie_id = t.id), (LLVM Optimized)", "Plans": [{"Node Type": "Nested Loop", "Parent Relationship": "Outer", "Join Type": "Inner", "Startup Cost": 0.0, "Total Cost": 38338.2, "Plan Rows": 345008, "Plan Width": 4, "Inner Unique": false, "Plans": [{"Node Type": "Index Scan", "Parent Relationship": "Outer", "Scan Direction": "Forward", "Index Name": "info_type_pkey", "Relation Name": "info_type", "Alias": "it", "Startup Cost": 0.0, "Total Cost": 14.21, "Plan Rows": 1, "Plan Width": 4, "Filter": "((info)::text = 'bottom 10 rank'::text)"}, {"Node Type": "Index Scan", "Parent Relationship": "Inner", "Scan Direction": "Forward", "Index Name": "info_type_id_movie_info_idx", "Relation Name": "movie_info_idx", "Alias": "mi_idx", "Startup Cost": 0.0, "Total Cost": 34873.91, "Plan Rows": 345008, "Plan Width": 8, "Index Cond": "(info_type_id = it.id), (LLVM Optimized)"}]}, {"Node Type": "Hash", "Parent Relationship": "Inner", "Startup Cost": 122762.04, "Total Cost": 122762.04, "Plan Rows": 719240, "Plan Width": 25, "Plans": [{"Node Type": "Index Scan", "Parent Relationship": "Outer", "Scan Direction": "Forward", "Index Name": "title_pkey", "Relation Name": "title", "Alias": "t", "Startup Cost": 0.0, "Total Cost": 122762.04, "Plan Rows": 719240, "Plan Width": 25, "Filter": "((production_year >= 2005) AND (production_year <= 2010)), (LLVM Optimized)"}]}]}]}]}]}, "Unique SQL Id": 1162488282, "Planner Runtime": 9}, "explain_analyze_plan": null}, "(64, '14')": {"explain_plan": {"Plan": {"Node Type": "Aggregate", "Strategy": "Plain", "Startup Cost": 200839.08, "Total Cost": 200839.09, "Plan Rows": 1, "Plan Width": 113, "Plans": [{"Node Type": "Hash Join", "Parent Relationship": "Outer", "Join Type": "Inner", "Startup Cost": 125363.9, "Total Cost": 197483.05, "Plan Rows": 447470, "Plan Width": 45, "Inner Unique": true, "Hash Cond": "(mc.company_type_id = ct.id), (LLVM Optimized)", "Plans": [{"Node Type": "Hash Join", "Parent Relationship": "Outer", "Join Type": "Inner", "Startup Cost": 125362.85, "Total Cost": 193012.49, "Plan Rows": 549199, "Plan Width": 49, "Inner Unique": false, "Hash Cond": "(mc.movie_id = t.id), (LLVM Optimized)", "Plans": [{"Node Type": "Seq Scan", "Parent Relationship": "Outer", "Relation Name": "movie_companies", "Alias": "mc", "Startup Cost": 0.0, "Total Cost": 48340.1, "Plan Rows": 2609035, "Plan Width": 32, "Filter": "((note)::text !~~ '%(as Metro-Goldwyn-Mayer Pictures)%'::text), (LLVM Optimized)"}, {"Node Type": "Hash", "Parent Relationship": "Inner", "Startup Cost": 120407.8, "Total Cost": 120407.8, "Plan Rows": 396404, "Plan Width": 29, "Plans": [{"Node Type": "Hash Join", "Parent Relationship": "Outer", "Join Type": "Inner", "Startup Cost": 87966.85, "Total Cost": 120407.8, "Plan Rows": 396404, "Plan Width": 29, "Inner Unique": true, "Hash Cond": "(mi_idx.movie_id = t.id), (LLVM Optimized)", "Plans": [{"Node Type": "Hash Join", "Parent Relationship": "Outer", "Join Type": "Inner", "Startup Cost": 2.41, "Total Cost": 27185.54, "Plan Rows": 345008, "Plan Width": 4, "Inner Unique": true, "Hash Cond": "(mi_idx.info_type_id = it.id), (LLVM Optimized)", "Plans": [{"Node Type": "Seq Scan", "Parent Relationship": "Outer", "Relation Name": "movie_info_idx", "Alias": "mi_idx", "Startup Cost": 0.0, "Total Cost": 20274.34, "Plan Rows": 1380034, "Plan Width": 8}, {"Node Type": "Hash", "Parent Relationship": "Inner", "Startup Cost": 2.4, "Total Cost": 2.4, "Plan Rows": 1, "Plan Width": 4, "Plans": [{"Node Type": "Seq Scan", "Parent Relationship": "Outer", "Relation Name": "info_type", "Alias": "it", "Startup Cost": 0.0, "Total Cost": 2.4, "Plan Rows": 1, "Plan Width": 4, "Filter": "((info)::text = 'bottom 10 rank'::text)"}]}]}, {"Node Type": "Hash", "Parent Relationship": "Inner", "Startup Cost": 78973.94, "Total Cost": 78973.94, "Plan Rows": 719240, "Plan Width": 25, "Plans": [{"Node Type": "Streaming(type: LOCAL GATHER dop: 1/64)", "Parent Relationship": "Outer", "Startup Cost": 1813.35, "Total Cost": 78973.94, "Plan Rows": 719240, "Plan Width": 25, "Plans": [{"Node Type": "Seq Scan", "Parent Relationship": "Outer", "Relation Name": "title", "Alias": "t", "Startup Cost": 1813.35, "Total Cost": 64136.1, "Plan Rows": 719240, "Plan Width": 25, "Filter": "((production_year >= 2005) AND (production_year <= 2010)), (LLVM Optimized)"}]}]}]}]}]}, {"Node Type": "Hash", "Parent Relationship": "Inner", "Startup Cost": 1.04, "Total Cost": 1.04, "Plan Rows": 1, "Plan Width": 4, "Plans": [{"Node Type": "Seq Scan", "Parent Relationship": "Outer", "Relation Name": "company_type", "Alias": "ct", "Startup Cost": 0.0, "Total Cost": 1.04, "Plan Rows": 1, "Plan Width": 4, "Filter": "((kind)::text = 'production companies'::text)"}]}]}]}, "Unique SQL Id": 1162488282, "Planner Runtime": 11}, "explain_analyze_plan": {"Plan": {"Node Type": "Aggregate", "Strategy": "Plain", "Startup Cost": 200839.08, "Total Cost": 200839.09, "Plan Rows": 1, "Plan Width": 113, "Actual Min Startup Time": 2478.651, "Actual Max Startup Time": 2478.651, "Actual Min Total Time": 2478.651, "Actual Max Total Time": 2478.651, "Plans": [{"Node Type": "Hash Join", "Parent Relationship": "Outer", "Join Type": "Inner", "Startup Cost": 125363.9, "Total Cost": 197483.05, "Plan Rows": 447470, "Plan Width": 45, "Actual Min Startup Time": 2304.972, "Actual Max Startup Time": 2304.972, "Actual Min Total Time": 2478.612, "Actual Max Total Time": 2478.612, "Inner Unique": true, "Hash Cond": "(mc.company_type_id = ct.id), (LLVM Optimized, Jit Execute)", "Plans": [{"Node Type": "Hash Join", "Parent Relationship": "Outer", "Join Type": "Inner", "Startup Cost": 125362.85, "Total Cost": 193012.49, "Plan Rows": 549199, "Plan Width": 49, "Actual Min Startup Time": 1633.274, "Actual Max Startup Time": 1633.274, "Actual Min Total Time": 2478.314, "Actual Max Total Time": 2478.314, "Inner Unique": false, "Hash Cond": "(mc.movie_id = t.id), (LLVM Optimized, Jit Execute)", "Plans": [{"Node Type": "Seq Scan", "Parent Relationship": "Outer", "Relation Name": "movie_companies", "Alias": "mc", "Startup Cost": 0.0, "Total Cost": 48340.1, "Plan Rows": 2609035, "Plan Width": 32, "Actual Min Startup Time": 0.048, "Actual Max Startup Time": 0.048, "Actual Min Total Time": 915.023, "Actual Max Total Time": 915.023, "Filter": "((note)::text !~~ '%(as Metro-Goldwyn-Mayer Pictures)%'::text), (LLVM Optimized, Jit Execute)", "Rows Removed by Filter": 1272041, "Actual Rows": 1337087}, {"Node Type": "Hash", "Parent Relationship": "Inner", "Startup Cost": 120407.8, "Total Cost": 120407.8, "Plan Rows": 396404, "Plan Width": 29, "Actual Min Startup Time": 1300.215, "Actual Max Startup Time": 1300.215, "Actual Min Total Time": 1300.215, "Actual Max Total Time": 1300.215, "Max Hash Buckets": 524288, "Min Hash Buckets": 524288, "Max Hash Batches": 1, "Min Hash Batches": 1, "Max Original Hash Batches": 1, "Min Original Hash Batches": 1, "Max Peak Memory Usage": 1, "min Peak Memory Usage": 1, "Plans": [{"Node Type": "Hash Join", "Parent Relationship": "Outer", "Join Type": "Inner", "Startup Cost": 87966.85, "Total Cost": 120407.8, "Plan Rows": 396404, "Plan Width": 29, "Actual Min Startup Time": 1300.153, "Actual Max Startup Time": 1300.153, "Actual Min Total Time": 1300.201, "Actual Max Total Time": 1300.201, "Inner Unique": true, "Hash Cond": "(mi_idx.movie_id = t.id), (LLVM Optimized, Jit Execute)", "Plans": [{"Node Type": "Hash Join", "Parent Relationship": "Outer", "Join Type": "Inner", "Startup Cost": 2.41, "Total Cost": 27185.54, "Plan Rows": 345008, "Plan Width": 4, "Actual Min Startup Time": 531.151, "Actual Max Startup Time": 531.151, "Actual Min Total Time": 531.158, "Actual Max Total Time": 531.158, "Inner Unique": true, "Hash Cond": "(mi_idx.info_type_id = it.id), (LLVM Optimized, Jit Execute)", "Plans": [{"Node Type": "Seq Scan", "Parent Relationship": "Outer", "Relation Name": "movie_info_idx", "Alias": "mi_idx", "Startup Cost": 0.0, "Total Cost": 20274.34, "Plan Rows": 1380034, "Plan Width": 8, "Actual Min Startup Time": 0.043, "Actual Max Startup Time": 0.043, "Actual Min Total Time": 300.571, "Actual Max Total Time": 300.571, "Actual Rows": 1380034}, {"Node Type": "Hash", "Parent Relationship": "Inner", "Startup Cost": 2.4, "Total Cost": 2.4, "Plan Rows": 1, "Plan Width": 4, "Actual Min Startup Time": 0.089, "Actual Max Startup Time": 0.089, "Actual Min Total Time": 0.089, "Actual Max Total Time": 0.089, "Max Hash Buckets": 32768, "Min Hash Buckets": 32768, "Max Hash Batches": 1, "Min Hash Batches": 1, "Max Original Hash Batches": 1, "Min Original Hash Batches": 1, "Max Peak Memory Usage": 1, "min Peak Memory Usage": 1, "Plans": [{"Node Type": "Seq Scan", "Parent Relationship": "Outer", "Relation Name": "info_type", "Alias": "it", "Startup Cost": 0.0, "Total Cost": 2.4, "Plan Rows": 1, "Plan Width": 4, "Actual Min Startup Time": 0.074, "Actual Max Startup Time": 0.074, "Actual Min Total Time": 0.077, "Actual Max Total Time": 0.077, "Filter": "((info)::text = 'bottom 10 rank'::text)", "Rows Removed by Filter": 111, "Actual Rows": 1}], "Actual Rows": 1}], "Actual Rows": 10}, {"Node Type": "Hash", "Parent Relationship": "Inner", "Startup Cost": 78973.94, "Total Cost": 78973.94, "Plan Rows": 719240, "Plan Width": 25, "Actual Min Startup Time": 767.713, "Actual Max Startup Time": 767.713, "Actual Min Total Time": 767.713, "Actual Max Total Time": 767.713, "Max Hash Buckets": 1048576, "Min Hash Buckets": 1048576, "Max Hash Batches": 1, "Min Hash Batches": 1, "Max Original Hash Batches": 1, "Min Original Hash Batches": 1, "Max Peak Memory Usage": 41052, "min Peak Memory Usage": 41052, "Plans": [{"Node Type": "Streaming(type: LOCAL GATHER dop: 1/64)", "Parent Relationship": "Outer", "Startup Cost": 1813.35, "Total Cost": 78973.94, "Plan Rows": 719240, "Plan Width": 25, "Actual Min Startup Time": 46.843, "Actual Max Startup Time": 46.843, "Actual Min Total Time": 498.917, "Actual Max Total Time": 498.917, "Plans": [{"Node Type": "Seq Scan", "Parent Relationship": "Outer", "Relation Name": "title", "Alias": "t", "Startup Cost": 1813.35, "Total Cost": 64136.1, "Plan Rows": 719240, "Plan Width": 25, "Actual Min Startup Time": 0.029, "Actual Max Startup Time": 0.066, "Actual Min Total Time": 15.489, "Actual Max Total Time": 19.26, "Filter": "((production_year >= 2005) AND (production_year <= 2010)), (LLVM Optimized, Jit Execute)", "Rows Removed by Filter": 1812052, "Actual Rows": 716259}], "Actual Rows": 716259}], "Actual Rows": 716259}], "Actual Rows": 4}], "Actual Rows": 4}], "Actual Rows": 66}, {"Node Type": "Hash", "Parent Relationship": "Inner", "Startup Cost": 1.04, "Total Cost": 1.04, "Plan Rows": 1, "Plan Width": 4, "Actual Min Startup Time": 0.059, "Actual Max Startup Time": 0.059, "Actual Min Total Time": 0.059, "Actual Max Total Time": 0.059, "Max Hash Buckets": 32768, "Min Hash Buckets": 32768, "Max Hash Batches": 1, "Min Hash Batches": 1, "Max Original Hash Batches": 1, "Min Original Hash Batches": 1, "Max Peak Memory Usage": 1, "min Peak Memory Usage": 1, "Plans": [{"Node Type": "Seq Scan", "Parent Relationship": "Outer", "Relation Name": "company_type", "Alias": "ct", "Startup Cost": 0.0, "Total Cost": 1.04, "Plan Rows": 1, "Plan Width": 4, "Actual Min Startup Time": 0.039, "Actual Max Startup Time": 0.039, "Actual Min Total Time": 0.042, "Actual Max Total Time": 0.042, "Filter": "((kind)::text = 'production companies'::text)", "Rows Removed by Filter": 2, "Actual Rows": 1}], "Actual Rows": 1}], "Actual Rows": 3}], "Actual Rows": 1}, "Triggers": [], "Planner Runtime": 12.541, "Total Runtime": 2502.712, "Unique SQL Id": 1162488282}}, "(64, '15')": {"explain_plan": {"Plan": {"Node Type": "Aggregate", "Strategy": "Plain", "Startup Cost": 4996298643025.23, "Total Cost": 4996298643025.24, "Plan Rows": 1, "Plan Width": 113, "Plans": [{"Node Type": "Merge Join", "Parent Relationship": "Outer", "Join Type": "Inner", "Startup Cost": 50033501541.7, "Total Cost": 4996298639669.21, "Plan Rows": 447470, "Plan Width": 45, "Inner Unique": false, "Merge Cond": "(t.id = mi_idx.movie_id)", "Plans": [{"Node Type": "Nested Loop", "Parent Relationship": "Outer", "Join Type": "Inner", "Startup Cost": 30022023519.89, "Total Cost": 2999077645366.78, "Plan Rows": 1164716, "Plan Width": 53, "Inner Unique": true, "Join Filter": "(mc.company_type_id = ct.id), (LLVM Optimized)", "Plans": [{"Node Type": "Merge Join", "Parent Relationship": "Outer", "Join Type": "Inner", "Startup Cost": 20022023519.89, "Total Cost": 1999077618211.31, "Plan Rows": 1728348, "Plan Width": 57, "Inner Unique": false, "Merge Cond": "(t.id = mc.movie_id)", "Plans": [{"Node Type": "Index Scan", "Parent Relationship": "Outer", "Scan Direction": "Forward", "Index Name": "title_pkey", "Relation Name": "title", "Alias": "t", "Startup Cost": 10000000000.0, "Total Cost": 1000012276204.41, "Plan Rows": 719240, "Plan Width": 25, "Filter": "((production_year >= 2005) AND (production_year <= 2010)), (LLVM Optimized)"}, {"Node Type": "Index Scan", "Parent Relationship": "Inner", "Scan Direction": "Forward", "Index Name": "movie_id_movie_companies", "Relation Name": "movie_companies", "Alias": "mc", "Startup Cost": 10000000000.0, "Total Cost": 1000013704228.13, "Plan Rows": 2609035, "Plan Width": 32, "Filter": "((note)::text !~~ '%(as Metro-Goldwyn-Mayer Pictures)%'::text), (LLVM Optimized)"}]}, {"Node Type": "Materialize", "Parent Relationship": "Inner", "Startup Cost": 10000000000.0, "Total Cost": 1000000001230.26, "Plan Rows": 1, "Plan Width": 4, "Plans": [{"Node Type": "Index Scan", "Parent Relationship": "Outer", "Scan Direction": "Forward", "Index Name": "company_type_pkey", "Relation Name": "company_type", "Alias": "ct", "Startup Cost": 10000000000.0, "Total Cost": 1000000001230.25, "Plan Rows": 1, "Plan Width": 4, "Filter": "((kind)::text = 'production companies'::text)"}]}]}, {"Node Type": "Materialize", "Parent Relationship": "Inner", "Startup Cost": 20000000000.0, "Total Cost": 2000004673019.4, "Plan Rows": 345008, "Plan Width": 4, "Plans": [{"Node Type": "Nested Loop", "Parent Relationship": "Outer", "Join Type": "Inner", "Startup Cost": 20000000000.0, "Total Cost": 2000004672156.88, "Plan Rows": 345008, "Plan Width": 4, "Inner Unique": true, "Join Filter": "(it.id = mi_idx.info_type_id), (LLVM Optimized)", "Plans": [{"Node Type": "Index Scan", "Parent Relationship": "Outer", "Scan Direction": "Forward", "Index Name": "movie_id_movie_info_idx", "Relation Name": "movie_info_idx", "Alias": "mi_idx", "Startup Cost": 10000000000.0, "Total Cost": 1000004650035.37, "Plan Rows": 1380034, "Plan Width": 8}, {"Node Type": "Materialize", "Parent Relationship": "Inner", "Startup Cost": 10000000000.0, "Total Cost": 1000000001421.0, "Plan Rows": 1, "Plan Width": 4, "Plans": [{"Node Type": "Index Scan", "Parent Relationship": "Outer", "Scan Direction": "Forward", "Index Name": "info_type_pkey", "Relation Name": "info_type", "Alias": "it", "Startup Cost": 10000000000.0, "Total Cost": 1000000001421.0, "Plan Rows": 1, "Plan Width": 4, "Filter": "((info)::text = 'bottom 10 rank'::text)"}]}]}]}]}]}, "Unique SQL Id": 1162488282, "Planner Runtime": 12}, "explain_analyze_plan": null}, "(64, '16')": {"explain_plan": {"Plan": {"Node Type": "Aggregate", "Strategy": "Plain", "Startup Cost": 330246.45, "Total Cost": 330246.46, "Plan Rows": 1, "Plan Width": 113, "Plans": [{"Node Type": "Nested Loop", "Parent Relationship": "Outer", "Join Type": "Inner", "Startup Cost": 7502.06, "Total Cost": 326890.42, "Plan Rows": 447470, "Plan Width": 45, "Inner Unique": false, "Join Filter": "(mc.company_type_id = ct.id), (LLVM Optimized)", "Plans": [{"Node Type": "Seq Scan", "Parent Relationship": "Outer", "Relation Name": "company_type", "Alias": "ct", "Startup Cost": 0.0, "Total Cost": 1.04, "Plan Rows": 1, "Plan Width": 4, "Filter": "((kind)::text = 'production companies'::text)"}, {"Node Type": "Nested Loop", "Parent Relationship": "Inner", "Join Type": "Inner", "Startup Cost": 7502.06, "Total Cost": 320024.4, "Plan Rows": 549199, "Plan Width": 49, "Inner Unique": false, "Join Filter": "(t.id = mc.movie_id), (LLVM Optimized)", "Plans": [{"Node Type": "Nested Loop", "Parent Relationship": "Outer", "Join Type": "Inner", "Startup Cost": 7502.06, "Total Cost": 164107.36, "Plan Rows": 396404, "Plan Width": 29, "Inner Unique": true, "Plans": [{"Node Type": "Nested Loop", "Parent Relationship": "Outer", "Join Type": "Inner", "Startup Cost": 7502.06, "Total Cost": 21741.14, "Plan Rows": 345008, "Plan Width": 4, "Inner Unique": false, "Plans": [{"Node Type": "Seq Scan", "Parent Relationship": "Outer", "Relation Name": "info_type", "Alias": "it", "Startup Cost": 0.0, "Total Cost": 2.4, "Plan Rows": 1, "Plan Width": 4, "Filter": "((info)::text = 'bottom 10 rank'::text)"}, {"Node Type": "Bitmap Heap Scan", "Parent Relationship": "Inner", "Relation Name": "movie_info_idx", "Alias": "mi_idx", "Startup Cost": 7502.06, "Total Cost": 18288.66, "Plan Rows": 345008, "Plan Width": 8, "Recheck Cond": "(info_type_id = it.id), (LLVM Optimized)", "Plans": [{"Node Type": "Bitmap Index Scan", "Parent Relationship": "Outer", "Index Name": "info_type_id_movie_info_idx", "Startup Cost": 0.0, "Total Cost": 7415.81, "Plan Rows": 345008, "Plan Width": 0, "Index Cond": "(info_type_id = it.id)"}]}]}, {"Node Type": "Index Scan", "Parent Relationship": "Inner", "Scan Direction": "Forward", "Index Name": "title_pkey", "Relation Name": "title", "Alias": "t", "Startup Cost": 0.0, "Total Cost": 0.4, "Plan Rows": 1, "Plan Width": 25, "Index Cond": "(id = mi_idx.movie_id)", "Filter": "((production_year >= 2005) AND (production_year <= 2010))"}]}, {"Node Type": "Index Scan", "Parent Relationship": "Inner", "Scan Direction": "Forward", "Index Name": "movie_id_movie_companies", "Relation Name": "movie_companies", "Alias": "mc", "Startup Cost": 0.0, "Total Cost": 0.37, "Plan Rows": 2, "Plan Width": 32, "Index Cond": "(movie_id = mi_idx.movie_id)", "Filter": "((note)::text !~~ '%(as Metro-Goldwyn-Mayer Pictures)%'::text)"}]}]}]}, "Unique SQL Id": 1162488282, "Planner Runtime": 7}, "explain_analyze_plan": {"Plan": {"Node Type": "Aggregate", "Strategy": "Plain", "Startup Cost": 330246.45, "Total Cost": 330246.46, "Plan Rows": 1, "Plan Width": 113, "Actual Startup Time": 0.416, "Actual Total Time": 0.416, "Actual Rows": 1, "Actual Loops": 1, "Plans": [{"Node Type": "Nested Loop", "Parent Relationship": "Outer", "Join Type": "Inner", "Startup Cost": 7502.06, "Total Cost": 326890.42, "Plan Rows": 447470, "Plan Width": 45, "Actual Startup Time": 0.386, "Actual Total Time": 0.397, "Actual Rows": 3, "Actual Loops": 1, "Inner Unique": false, "Join Filter": "(mc.company_type_id = ct.id), (LLVM Optimized)", "Rows Removed by Join Filter": 63, "Plans": [{"Node Type": "Seq Scan", "Parent Relationship": "Outer", "Relation Name": "company_type", "Alias": "ct", "Startup Cost": 0.0, "Total Cost": 1.04, "Plan Rows": 1, "Plan Width": 4, "Actual Startup Time": 0.018, "Actual Total Time": 0.02, "Actual Rows": 1, "Actual Loops": 1, "Filter": "((kind)::text = 'production companies'::text)", "Rows Removed by Filter": 2}, {"Node Type": "Nested Loop", "Parent Relationship": "Inner", "Join Type": "Inner", "Startup Cost": 7502.06, "Total Cost": 320024.4, "Plan Rows": 549199, "Plan Width": 49, "Actual Startup Time": 0.181, "Actual Total Time": 0.358, "Actual Rows": 66, "Actual Loops": 1, "Inner Unique": false, "Join Filter": "(t.id = mc.movie_id), (LLVM Optimized)", "Rows Removed by Join Filter": 0, "Plans": [{"Node Type": "Nested Loop", "Parent Relationship": "Outer", "Join Type": "Inner", "Startup Cost": 7502.06, "Total Cost": 164107.36, "Plan Rows": 396404, "Plan Width": 29, "Actual Startup Time": 0.161, "Actual Total Time": 0.212, "Actual Rows": 4, "Actual Loops": 1, "Inner Unique": true, "Plans": [{"Node Type": "Nested Loop", "Parent Relationship": "Outer", "Join Type": "Inner", "Startup Cost": 7502.06, "Total Cost": 21741.14, "Plan Rows": 345008, "Plan Width": 4, "Actual Startup Time": 0.074, "Actual Total Time": 0.084, "Actual Rows": 10, "Actual Loops": 1, "Inner Unique": false, "Plans": [{"Node Type": "Seq Scan", "Parent Relationship": "Outer", "Relation Name": "info_type", "Alias": "it", "Startup Cost": 0.0, "Total Cost": 2.4, "Plan Rows": 1, "Plan Width": 4, "Actual Startup Time": 0.042, "Actual Total Time": 0.045, "Actual Rows": 1, "Actual Loops": 1, "Filter": "((info)::text = 'bottom 10 rank'::text)", "Rows Removed by Filter": 111}, {"Node Type": "Bitmap Heap Scan", "Parent Relationship": "Inner", "Relation Name": "movie_info_idx", "Alias": "mi_idx", "Startup Cost": 7502.06, "Total Cost": 18288.66, "Plan Rows": 345008, "Plan Width": 8, "Actual Startup Time": 0.028, "Actual Total Time": 0.03, "Actual Rows": 10, "Actual Loops": 1, "Recheck Cond": "(info_type_id = it.id), (LLVM Optimized)", "Rows Removed by Index Recheck": 0, "Exact Heap Blocks": 1, "Lossy Heap Blocks": 1, "Plans": [{"Node Type": "Bitmap Index Scan", "Parent Relationship": "Outer", "Index Name": "info_type_id_movie_info_idx", "Startup Cost": 0.0, "Total Cost": 7415.81, "Plan Rows": 345008, "Plan Width": 0, "Actual Startup Time": 0.016, "Actual Total Time": 0.016, "Actual Rows": 10, "Actual Loops": 1, "Index Cond": "(info_type_id = it.id)"}]}]}, {"Node Type": "Index Scan", "Parent Relationship": "Inner", "Scan Direction": "Forward", "Index Name": "title_pkey", "Relation Name": "title", "Alias": "t", "Startup Cost": 0.0, "Total Cost": 0.4, "Plan Rows": 1, "Plan Width": 25, "Actual Startup Time": 0.12, "Actual Total Time": 0.12, "Actual Rows": 4, "Actual Loops": 10, "Index Cond": "(id = mi_idx.movie_id)", "Rows Removed by Index Recheck": 0, "Filter": "((production_year >= 2005) AND (production_year <= 2010))", "Rows Removed by Filter": 6}]}, {"Node Type": "Index Scan", "Parent Relationship": "Inner", "Scan Direction": "Forward", "Index Name": "movie_id_movie_companies", "Relation Name": "movie_companies", "Alias": "mc", "Startup Cost": 0.0, "Total Cost": 0.37, "Plan Rows": 2, "Plan Width": 32, "Actual Startup Time": 0.056, "Actual Total Time": 0.122, "Actual Rows": 66, "Actual Loops": 4, "Index Cond": "(movie_id = mi_idx.movie_id)", "Rows Removed by Index Recheck": 0, "Filter": "((note)::text !~~ '%(as Metro-Goldwyn-Mayer Pictures)%'::text)", "Rows Removed by Filter": 7}]}]}]}, "Triggers": [], "Planner Runtime": 7.736, "Total Runtime": 10.29, "Unique SQL Id": 1162488282}}, "(64, '17')": {"explain_plan": {"Plan": {"Node Type": "Aggregate", "Strategy": "Plain", "Startup Cost": 330269.52, "Total Cost": 330269.53, "Plan Rows": 1, "Plan Width": 113, "Plans": [{"Node Type": "Nested Loop", "Parent Relationship": "Outer", "Join Type": "Inner", "Startup Cost": 7502.06, "Total Cost": 326913.5, "Plan Rows": 447470, "Plan Width": 45, "Inner Unique": false, "Join Filter": "(mc.company_type_id = ct.id), (LLVM Optimized)", "Plans": [{"Node Type": "Index Scan", "Parent Relationship": "Outer", "Scan Direction": "Forward", "Index Name": "company_type_pkey", "Relation Name": "company_type", "Alias": "ct", "Startup Cost": 0.0, "Total Cost": 12.3, "Plan Rows": 1, "Plan Width": 4, "Filter": "((kind)::text = 'production companies'::text)"}, {"Node Type": "Nested Loop", "Parent Relationship": "Inner", "Join Type": "Inner", "Startup Cost": 7502.06, "Total Cost": 320036.21, "Plan Rows": 549199, "Plan Width": 49, "Inner Unique": false, "Join Filter": "(t.id = mc.movie_id), (LLVM Optimized)", "Plans": [{"Node Type": "Nested Loop", "Parent Relationship": "Outer", "Join Type": "Inner", "Startup Cost": 7502.06, "Total Cost": 164119.17, "Plan Rows": 396404, "Plan Width": 29, "Inner Unique": true, "Plans": [{"Node Type": "Nested Loop", "Parent Relationship": "Outer", "Join Type": "Inner", "Startup Cost": 7502.06, "Total Cost": 21752.95, "Plan Rows": 345008, "Plan Width": 4, "Inner Unique": false, "Plans": [{"Node Type": "Index Scan", "Parent Relationship": "Outer", "Scan Direction": "Forward", "Index Name": "info_type_pkey", "Relation Name": "info_type", "Alias": "it", "Startup Cost": 0.0, "Total Cost": 14.21, "Plan Rows": 1, "Plan Width": 4, "Filter": "((info)::text = 'bottom 10 rank'::text)"}, {"Node Type": "Bitmap Heap Scan", "Parent Relationship": "Inner", "Relation Name": "movie_info_idx", "Alias": "mi_idx", "Startup Cost": 7502.06, "Total Cost": 18288.66, "Plan Rows": 345008, "Plan Width": 8, "Recheck Cond": "(info_type_id = it.id), (LLVM Optimized)", "Plans": [{"Node Type": "Bitmap Index Scan", "Parent Relationship": "Outer", "Index Name": "info_type_id_movie_info_idx", "Startup Cost": 0.0, "Total Cost": 7415.81, "Plan Rows": 345008, "Plan Width": 0, "Index Cond": "(info_type_id = it.id)"}]}]}, {"Node Type": "Index Scan", "Parent Relationship": "Inner", "Scan Direction": "Forward", "Index Name": "title_pkey", "Relation Name": "title", "Alias": "t", "Startup Cost": 0.0, "Total Cost": 0.4, "Plan Rows": 1, "Plan Width": 25, "Index Cond": "(id = mi_idx.movie_id)", "Filter": "((production_year >= 2005) AND (production_year <= 2010))"}]}, {"Node Type": "Index Scan", "Parent Relationship": "Inner", "Scan Direction": "Forward", "Index Name": "movie_id_movie_companies", "Relation Name": "movie_companies", "Alias": "mc", "Startup Cost": 0.0, "Total Cost": 0.37, "Plan Rows": 2, "Plan Width": 32, "Index Cond": "(movie_id = mi_idx.movie_id)", "Filter": "((note)::text !~~ '%(as Metro-Goldwyn-Mayer Pictures)%'::text)"}]}]}]}, "Unique SQL Id": 1162488282, "Planner Runtime": 7}, "explain_analyze_plan": {"Plan": {"Node Type": "Aggregate", "Strategy": "Plain", "Startup Cost": 330269.52, "Total Cost": 330269.53, "Plan Rows": 1, "Plan Width": 113, "Actual Startup Time": 0.34, "Actual Total Time": 0.34, "Actual Rows": 1, "Actual Loops": 1, "Plans": [{"Node Type": "Nested Loop", "Parent Relationship": "Outer", "Join Type": "Inner", "Startup Cost": 7502.06, "Total Cost": 326913.5, "Plan Rows": 447470, "Plan Width": 45, "Actual Startup Time": 0.317, "Actual Total Time": 0.327, "Actual Rows": 3, "Actual Loops": 1, "Inner Unique": false, "Join Filter": "(mc.company_type_id = ct.id), (LLVM Optimized)", "Rows Removed by Join Filter": 63, "Plans": [{"Node Type": "Index Scan", "Parent Relationship": "Outer", "Scan Direction": "Forward", "Index Name": "company_type_pkey", "Relation Name": "company_type", "Alias": "ct", "Startup Cost": 0.0, "Total Cost": 12.3, "Plan Rows": 1, "Plan Width": 4, "Actual Startup Time": 0.018, "Actual Total Time": 0.02, "Actual Rows": 1, "Actual Loops": 1, "Filter": "((kind)::text = 'production companies'::text)", "Rows Removed by Filter": 2}, {"Node Type": "Nested Loop", "Parent Relationship": "Inner", "Join Type": "Inner", "Startup Cost": 7502.06, "Total Cost": 320036.21, "Plan Rows": 549199, "Plan Width": 49, "Actual Startup Time": 0.153, "Actual Total Time": 0.289, "Actual Rows": 66, "Actual Loops": 1, "Inner Unique": false, "Join Filter": "(t.id = mc.movie_id), (LLVM Optimized)", "Rows Removed by Join Filter": 0, "Plans": [{"Node Type": "Nested Loop", "Parent Relationship": "Outer", "Join Type": "Inner", "Startup Cost": 7502.06, "Total Cost": 164119.17, "Plan Rows": 396404, "Plan Width": 29, "Actual Startup Time": 0.136, "Actual Total Time": 0.17, "Actual Rows": 4, "Actual Loops": 1, "Inner Unique": true, "Plans": [{"Node Type": "Nested Loop", "Parent Relationship": "Outer", "Join Type": "Inner", "Startup Cost": 7502.06, "Total Cost": 21752.95, "Plan Rows": 345008, "Plan Width": 4, "Actual Startup Time": 0.082, "Actual Total Time": 0.09, "Actual Rows": 10, "Actual Loops": 1, "Inner Unique": false, "Plans": [{"Node Type": "Index Scan", "Parent Relationship": "Outer", "Scan Direction": "Forward", "Index Name": "info_type_pkey", "Relation Name": "info_type", "Alias": "it", "Startup Cost": 0.0, "Total Cost": 14.21, "Plan Rows": 1, "Plan Width": 4, "Actual Startup Time": 0.06, "Actual Total Time": 0.061, "Actual Rows": 1, "Actual Loops": 1, "Filter": "((info)::text = 'bottom 10 rank'::text)", "Rows Removed by Filter": 111}, {"Node Type": "Bitmap Heap Scan", "Parent Relationship": "Inner", "Relation Name": "movie_info_idx", "Alias": "mi_idx", "Startup Cost": 7502.06, "Total Cost": 18288.66, "Plan Rows": 345008, "Plan Width": 8, "Actual Startup Time": 0.017, "Actual Total Time": 0.021, "Actual Rows": 10, "Actual Loops": 1, "Recheck Cond": "(info_type_id = it.id), (LLVM Optimized)", "Rows Removed by Index Recheck": 0, "Exact Heap Blocks": 1, "Lossy Heap Blocks": 1, "Plans": [{"Node Type": "Bitmap Index Scan", "Parent Relationship": "Outer", "Index Name": "info_type_id_movie_info_idx", "Startup Cost": 0.0, "Total Cost": 7415.81, "Plan Rows": 345008, "Plan Width": 0, "Actual Startup Time": 0.01, "Actual Total Time": 0.01, "Actual Rows": 10, "Actual Loops": 1, "Index Cond": "(info_type_id = it.id)"}]}]}, {"Node Type": "Index Scan", "Parent Relationship": "Inner", "Scan Direction": "Forward", "Index Name": "title_pkey", "Relation Name": "title", "Alias": "t", "Startup Cost": 0.0, "Total Cost": 0.4, "Plan Rows": 1, "Plan Width": 25, "Actual Startup Time": 0.069, "Actual Total Time": 0.069, "Actual Rows": 4, "Actual Loops": 10, "Index Cond": "(id = mi_idx.movie_id)", "Rows Removed by Index Recheck": 0, "Filter": "((production_year >= 2005) AND (production_year <= 2010))", "Rows Removed by Filter": 6}]}, {"Node Type": "Index Scan", "Parent Relationship": "Inner", "Scan Direction": "Forward", "Index Name": "movie_id_movie_companies", "Relation Name": "movie_companies", "Alias": "mc", "Startup Cost": 0.0, "Total Cost": 0.37, "Plan Rows": 2, "Plan Width": 32, "Actual Startup Time": 0.039, "Actual Total Time": 0.091, "Actual Rows": 66, "Actual Loops": 4, "Index Cond": "(movie_id = mi_idx.movie_id)", "Rows Removed by Index Recheck": 0, "Filter": "((note)::text !~~ '%(as Metro-Goldwyn-Mayer Pictures)%'::text)", "Rows Removed by Filter": 7}]}]}]}, "Triggers": [], "Planner Runtime": 7.211, "Total Runtime": 10.285, "Unique SQL Id": 1162488282}}, "(64, '18')": {"explain_plan": {"Plan": {"Node Type": "Aggregate", "Strategy": "Plain", "Startup Cost": 1811202.35, "Total Cost": 1811202.38, "Plan Rows": 1, "Plan Width": 113, "Plans": [{"Node Type": "Streaming(type: LOCAL GATHER dop: 1/64)", "Parent Relationship": "Outer", "Startup Cost": 1811202.35, "Total Cost": 1811202.38, "Plan Rows": 1, "Plan Width": 113, "Plans": [{"Node Type": "Aggregate", "Strategy": "Plain", "Parent Relationship": "Outer", "Startup Cost": 1811202.35, "Total Cost": 1811202.36, "Plan Rows": 1, "Plan Width": 113, "Plans": [{"Node Type": "Nested Loop", "Parent Relationship": "Outer", "Join Type": "Inner", "Startup Cost": 265407.08, "Total Cost": 1808712.31, "Plan Rows": 332005, "Plan Width": 45, "Inner Unique": true, "Join Filter": "(mc.movie_id = t.id), (LLVM Optimized)", "Plans": [{"Node Type": "Streaming(type: LOCAL REDISTRIBUTE dop: 64/1)", "Parent Relationship": "Outer", "Startup Cost": 263593.72, "Total Cost": 360790.98, "Plan Rows": 501180, "Plan Width": 32, "Plans": [{"Node Type": "Merge Join", "Parent Relationship": "Outer", "Join Type": "Inner", "Startup Cost": 263593.72, "Total Cost": 277428.1, "Plan Rows": 501180, "Plan Width": 32, "Inner Unique": false, "Merge Cond": "(mi_idx.movie_id = mc.movie_id)", "Plans": [{"Node Type": "Sort", "Parent Relationship": "Outer", "Startup Cost": 53475.44, "Total Cost": 54337.96, "Plan Rows": 345008, "Plan Width": 4, "Sort Key": ["mi_idx.movie_id"], "Plans": [{"Node Type": "Nested Loop", "Parent Relationship": "Outer", "Join Type": "Inner", "Startup Cost": 7502.06, "Total Cost": 21741.14, "Plan Rows": 345008, "Plan Width": 4, "Inner Unique": false, "Plans": [{"Node Type": "Seq Scan", "Parent Relationship": "Outer", "Relation Name": "info_type", "Alias": "it", "Startup Cost": 0.0, "Total Cost": 2.4, "Plan Rows": 1, "Plan Width": 4, "Filter": "((info)::text = 'bottom 10 rank'::text)"}, {"Node Type": "Bitmap Heap Scan", "Parent Relationship": "Inner", "Relation Name": "movie_info_idx", "Alias": "mi_idx", "Startup Cost": 7502.06, "Total Cost": 18288.66, "Plan Rows": 345008, "Plan Width": 8, "Recheck Cond": "(info_type_id = it.id), (LLVM Optimized)", "Plans": [{"Node Type": "Bitmap Index Scan", "Parent Relationship": "Outer", "Index Name": "info_type_id_movie_info_idx", "Startup Cost": 0.0, "Total Cost": 7415.81, "Plan Rows": 345008, "Plan Width": 0, "Index Cond": "(info_type_id = it.id)"}]}]}]}, {"Node Type": "Sort", "Parent Relationship": "Inner", "Startup Cost": 210118.25, "Total Cost": 213379.54, "Plan Rows": 1304518, "Plan Width": 28, "Sort Key": ["mc.movie_id"], "Plans": [{"Node Type": "Nested Loop", "Parent Relationship": "Outer", "Join Type": "Inner", "Startup Cost": 29270.61, "Total Cost": 77611.28, "Plan Rows": 1304518, "Plan Width": 28, "Inner Unique": false, "Plans": [{"Node Type": "Seq Scan", "Parent Relationship": "Outer", "Relation Name": "company_type", "Alias": "ct", "Startup Cost": 0.0, "Total Cost": 1.04, "Plan Rows": 1, "Plan Width": 4, "Filter": "((kind)::text = 'production companies'::text)"}, {"Node Type": "Bitmap Heap Scan", "Parent Relationship": "Inner", "Relation Name": "movie_companies", "Alias": "mc", "Startup Cost": 29270.61, "Total Cost": 64565.07, "Plan Rows": 1304517, "Plan Width": 32, "Recheck Cond": "(company_type_id = ct.id), (LLVM Optimized)", "Filter": "((note)::text !~~ '%(as Metro-Goldwyn-Mayer Pictures)%'::text), (LLVM Optimized)", "Plans": [{"Node Type": "Bitmap Index Scan", "Parent Relationship": "Outer", "Index Name": "company_type_id_movie_companies", "Startup Cost": 0.0, "Total Cost": 28944.48, "Plan Rows": 1304564, "Plan Width": 0, "Index Cond": "(company_type_id = ct.id)"}]}]}]}]}]}, {"Node Type": "Materialize", "Parent Relationship": "Inner", "Startup Cost": 1813.35, "Total Cost": 127873.61, "Plan Rows": 719240, "Plan Width": 25, "Plans": [{"Node Type": "Streaming(type: LOCAL REDISTRIBUTE dop: 64/64)", "Parent Relationship": "Outer", "Startup Cost": 1813.35, "Total Cost": 127817.42, "Plan Rows": 719240, "Plan Width": 25, "Plans": [{"Node Type": "Seq Scan", "Parent Relationship": "Outer", "Relation Name": "title", "Alias": "t", "Startup Cost": 1813.35, "Total Cost": 64136.1, "Plan Rows": 719240, "Plan Width": 25, "Filter": "((production_year >= 2005) AND (production_year <= 2010)), (LLVM Optimized)"}]}]}]}]}]}]}, "Unique SQL Id": 1162488282, "Planner Runtime": 7}, "explain_analyze_plan": {"Plan": {"Node Type": "Aggregate", "Strategy": "Plain", "Startup Cost": 1811202.35, "Total Cost": 1811202.38, "Plan Rows": 1, "Plan Width": 113, "Actual Min Startup Time": 1031.829, "Actual Max Startup Time": 1031.829, "Actual Min Total Time": 1031.829, "Actual Max Total Time": 1031.829, "Plans": [{"Node Type": "Streaming(type: LOCAL GATHER dop: 1/64)", "Parent Relationship": "Outer", "Startup Cost": 1811202.35, "Total Cost": 1811202.38, "Plan Rows": 1, "Plan Width": 113, "Actual Min Startup Time": 1025.879, "Actual Max Startup Time": 1025.879, "Actual Min Total Time": 1031.79, "Actual Max Total Time": 1031.79, "Plans": [{"Node Type": "Aggregate", "Strategy": "Plain", "Parent Relationship": "Outer", "Startup Cost": 1811202.35, "Total Cost": 1811202.36, "Plan Rows": 1, "Plan Width": 113, "Actual Min Startup Time": 545.765, "Actual Max Startup Time": 851.103, "Actual Min Total Time": 545.765, "Actual Max Total Time": 851.103, "Plans": [{"Node Type": "Nested Loop", "Parent Relationship": "Outer", "Join Type": "Inner", "Startup Cost": 265407.08, "Total Cost": 1808712.31, "Plan Rows": 332005, "Plan Width": 45, "Actual Min Startup Time": 545.756, "Actual Max Startup Time": 851.095, "Actual Min Total Time": 545.756, "Actual Max Total Time": 851.095, "Inner Unique": true, "Join Filter": "(mc.movie_id = t.id), (LLVM Optimized, Jit Execute)", "Rows Removed by Join Filter": 42780, "Plans": [{"Node Type": "Streaming(type: LOCAL REDISTRIBUTE dop: 64/1)", "Parent Relationship": "Outer", "Startup Cost": 263593.72, "Total Cost": 360790.98, "Plan Rows": 501180, "Plan Width": 32, "Actual Min Startup Time": 511.2, "Actual Max Startup Time": 512.607, "Actual Min Total Time": 511.2, "Actual Max Total Time": 512.607, "Plans": [{"Node Type": "Merge Join", "Parent Relationship": "Outer", "Join Type": "Inner", "Startup Cost": 263593.72, "Total Cost": 277428.1, "Plan Rows": 501180, "Plan Width": 32, "Actual Min Startup Time": 717.297, "Actual Max Startup Time": 717.297, "Actual Min Total Time": 734.341, "Actual Max Total Time": 734.341, "Inner Unique": false, "Merge Cond": "(mi_idx.movie_id = mc.movie_id)", "Plans": [{"Node Type": "Sort", "Parent Relationship": "Outer", "Startup Cost": 53475.44, "Total Cost": 54337.96, "Plan Rows": 345008, "Plan Width": 4, "Actual Min Startup Time": 0.16, "Actual Max Startup Time": 0.16, "Actual Min Total Time": 0.164, "Actual Max Total Time": 0.164, "Sort Key": ["mi_idx.movie_id"], "Sort Method": "quicksort", "Sort Space Min Used": 25, "Sort Space Max Used": 25, "Sort Space Type": "Memory", "Plans": [{"Node Type": "Nested Loop", "Parent Relationship": "Outer", "Join Type": "Inner", "Startup Cost": 7502.06, "Total Cost": 21741.14, "Plan Rows": 345008, "Plan Width": 4, "Actual Min Startup Time": 0.128, "Actual Max Startup Time": 0.128, "Actual Min Total Time": 0.135, "Actual Max Total Time": 0.135, "Inner Unique": false, "Plans": [{"Node Type": "Seq Scan", "Parent Relationship": "Outer", "Relation Name": "info_type", "Alias": "it", "Startup Cost": 0.0, "Total Cost": 2.4, "Plan Rows": 1, "Plan Width": 4, "Actual Min Startup Time": 0.065, "Actual Max Startup Time": 0.065, "Actual Min Total Time": 0.069, "Actual Max Total Time": 0.069, "Filter": "((info)::text = 'bottom 10 rank'::text)", "Rows Removed by Filter": 111, "Actual Rows": 1}, {"Node Type": "Bitmap Heap Scan", "Parent Relationship": "Inner", "Relation Name": "movie_info_idx", "Alias": "mi_idx", "Startup Cost": 7502.06, "Total Cost": 18288.66, "Plan Rows": 345008, "Plan Width": 8, "Actual Min Startup Time": 0.052, "Actual Max Startup Time": 0.052, "Actual Min Total Time": 0.052, "Actual Max Total Time": 0.052, "Recheck Cond": "(info_type_id = it.id), (LLVM Optimized, Jit Execute)", "Rows Removed by Index Recheck": 0, "Exact Heap Blocks": 0, "Lossy Heap Blocks": 0, "Plans": [{"Node Type": "Bitmap Index Scan", "Parent Relationship": "Outer", "Index Name": "info_type_id_movie_info_idx", "Startup Cost": 0.0, "Total Cost": 7415.81, "Plan Rows": 345008, "Plan Width": 0, "Actual Min Startup Time": 0.035, "Actual Max Startup Time": 0.035, "Actual Min Total Time": 0.035, "Actual Max Total Time": 0.035, "Index Cond": "(info_type_id = it.id)", "Actual Rows": 10}], "Actual Rows": 10}], "Actual Rows": 10}], "Actual Rows": 10}, {"Node Type": "Sort", "Parent Relationship": "Inner", "Startup Cost": 210118.25, "Total Cost": 213379.54, "Plan Rows": 1304518, "Plan Width": 28, "Actual Min Startup Time": 700.672, "Actual Max Startup Time": 700.672, "Actual Min Total Time": 714.601, "Actual Max Total Time": 714.601, "Sort Key": ["mc.movie_id"], "Sort Method": "quicksort", "Sort Space Min Used": 20170, "Sort Space Max Used": 20170, "Sort Space Type": "Memory", "Plans": [{"Node Type": "Nested Loop", "Parent Relationship": "Outer", "Join Type": "Inner", "Startup Cost": 29270.61, "Total Cost": 77611.28, "Plan Rows": 1304518, "Plan Width": 28, "Actual Min Startup Time": 165.332, "Actual Max Startup Time": 165.332, "Actual Min Total Time": 649.365, "Actual Max Total Time": 649.365, "Inner Unique": false, "Plans": [{"Node Type": "Seq Scan", "Parent Relationship": "Outer", "Relation Name": "company_type", "Alias": "ct", "Startup Cost": 0.0, "Total Cost": 1.04, "Plan Rows": 1, "Plan Width": 4, "Actual Min Startup Time": 0.009, "Actual Max Startup Time": 0.009, "Actual Min Total Time": 0.018, "Actual Max Total Time": 0.018, "Filter": "((kind)::text = 'production companies'::text)", "Rows Removed by Filter": 2, "Actual Rows": 1}, {"Node Type": "Bitmap Heap Scan", "Parent Relationship": "Inner", "Relation Name": "movie_companies", "Alias": "mc", "Startup Cost": 29270.61, "Total Cost": 64565.07, "Plan Rows": 1304517, "Plan Width": 32, "Actual Min Startup Time": 165.318, "Actual Max Startup Time": 165.318, "Actual Min Total Time": 621.42, "Actual Max Total Time": 621.42, "Recheck Cond": "(company_type_id = ct.id), (LLVM Optimized, Jit Execute)", "Rows Removed by Index Recheck": 0, "Filter": "((note)::text !~~ '%(as Metro-Goldwyn-Mayer Pictures)%'::text), (LLVM Optimized, Jit Execute)", "Rows Removed by Filter": 1193979, "Exact Heap Blocks": 0, "Lossy Heap Blocks": 0, "Plans": [{"Node Type": "Bitmap Index Scan", "Parent Relationship": "Outer", "Index Name": "company_type_id_movie_companies", "Startup Cost": 0.0, "Total Cost": 28944.48, "Plan Rows": 1304564, "Plan Width": 0, "Actual Min Startup Time": 164.021, "Actual Max Startup Time": 164.021, "Actual Min Total Time": 164.021, "Actual Max Total Time": 164.021, "Index Cond": "(company_type_id = ct.id)", "Actual Rows": 1334883}], "Actual Rows": 140904}], "Actual Rows": 140904}], "Actual Rows": 132371}], "Actual Rows": 5}], "Actual Rows": 5}, {"Node Type": "Materialize", "Parent Relationship": "Inner", "Startup Cost": 1813.35, "Total Cost": 127873.61, "Plan Rows": 719240, "Plan Width": 25, "Actual Min Startup Time": 32.421, "Actual Max Startup Time": 337.679, "Actual Min Total Time": 32.421, "Actual Max Total Time": 337.679, "Plans": [{"Node Type": "Streaming(type: LOCAL REDISTRIBUTE dop: 64/64)", "Parent Relationship": "Outer", "Startup Cost": 1813.35, "Total Cost": 127817.42, "Plan Rows": 719240, "Plan Width": 25, "Actual Min Startup Time": 0.143, "Actual Max Startup Time": 275.168, "Actual Min Total Time": 29.675, "Actual Max Total Time": 335.6, "Plans": [{"Node Type": "Seq Scan", "Parent Relationship": "Outer", "Relation Name": "title", "Alias": "t", "Startup Cost": 1813.35, "Total Cost": 64136.1, "Plan Rows": 719240, "Plan Width": 25, "Actual Min Startup Time": 0.033, "Actual Max Startup Time": 0.294, "Actual Min Total Time": 15.841, "Actual Max Total Time": 20.209, "Filter": "((production_year >= 2005) AND (production_year <= 2010)), (LLVM Optimized, Jit Execute)", "Rows Removed by Filter": 1812052, "Actual Rows": 716259}], "Actual Rows": 716259}], "Actual Rows": 42847}], "Actual Rows": 3}], "Actual Rows": 64}], "Actual Rows": 64}], "Actual Rows": 1}, "Triggers": [], "Planner Runtime": 7.196, "Total Runtime": 1075.626, "Unique SQL Id": 1162488282}}, "(64, '19')": {"explain_plan": {"Plan": {"Node Type": "Aggregate", "Strategy": "Plain", "Startup Cost": 480619.32, "Total Cost": 480619.33, "Plan Rows": 1, "Plan Width": 113, "Plans": [{"Node Type": "Merge Join", "Parent Relationship": "Outer", "Join Type": "Inner", "Startup Cost": 456129.24, "Total Cost": 478129.29, "Plan Rows": 332005, "Plan Width": 45, "Inner Unique": true, "Merge Cond": "(mc.movie_id = t.id)", "Plans": [{"Node Type": "Merge Join", "Parent Relationship": "Outer", "Join Type": "Inner", "Startup Cost": 263616.8, "Total Cost": 277451.17, "Plan Rows": 501180, "Plan Width": 32, "Inner Unique": false, "Merge Cond": "(mi_idx.movie_id = mc.movie_id)", "Plans": [{"Node Type": "Sort", "Parent Relationship": "Outer", "Startup Cost": 53487.25, "Total Cost": 54349.77, "Plan Rows": 345008, "Plan Width": 4, "Sort Key": ["mi_idx.movie_id"], "Plans": [{"Node Type": "Nested Loop", "Parent Relationship": "Outer", "Join Type": "Inner", "Startup Cost": 7510.87, "Total Cost": 21752.95, "Plan Rows": 345008, "Plan Width": 4, "Inner Unique": false, "Plans": [{"Node Type": "Bitmap Heap Scan", "Parent Relationship": "Outer", "Relation Name": "info_type", "Alias": "it", "Startup Cost": 8.81, "Total Cost": 14.21, "Plan Rows": 1, "Plan Width": 4, "Filter": "((info)::text = 'bottom 10 rank'::text)", "Plans": [{"Node Type": "Bitmap Index Scan", "Parent Relationship": "Outer", "Index Name": "info_type_pkey", "Startup Cost": 0.0, "Total Cost": 8.81, "Plan Rows": 112, "Plan Width": 0}]}, {"Node Type": "Bitmap Heap Scan", "Parent Relationship": "Inner", "Relation Name": "movie_info_idx", "Alias": "mi_idx", "Startup Cost": 7502.06, "Total Cost": 18288.66, "Plan Rows": 345008, "Plan Width": 8, "Recheck Cond": "(info_type_id = it.id), (LLVM Optimized)", "Plans": [{"Node Type": "Bitmap Index Scan", "Parent Relationship": "Outer", "Index Name": "info_type_id_movie_info_idx", "Startup Cost": 0.0, "Total Cost": 7415.81, "Plan Rows": 345008, "Plan Width": 0, "Index Cond": "(info_type_id = it.id)"}]}]}]}, {"Node Type": "Sort", "Parent Relationship": "Inner", "Startup Cost": 210129.52, "Total Cost": 213390.81, "Plan Rows": 1304518, "Plan Width": 28, "Sort Key": ["mc.movie_id"], "Plans": [{"Node Type": "Nested Loop", "Parent Relationship": "Outer", "Join Type": "Inner", "Startup Cost": 29278.87, "Total Cost": 77622.54, "Plan Rows": 1304518, "Plan Width": 28, "Inner Unique": false, "Plans": [{"Node Type": "Bitmap Heap Scan", "Parent Relationship": "Outer", "Relation Name": "company_type", "Alias": "ct", "Startup Cost": 8.27, "Total Cost": 12.3, "Plan Rows": 1, "Plan Width": 4, "Filter": "((kind)::text = 'production companies'::text)", "Plans": [{"Node Type": "Bitmap Index Scan", "Parent Relationship": "Outer", "Index Name": "company_type_pkey", "Startup Cost": 0.0, "Total Cost": 8.27, "Plan Rows": 3, "Plan Width": 0}]}, {"Node Type": "Bitmap Heap Scan", "Parent Relationship": "Inner", "Relation Name": "movie_companies", "Alias": "mc", "Startup Cost": 29270.61, "Total Cost": 64565.07, "Plan Rows": 1304517, "Plan Width": 32, "Recheck Cond": "(company_type_id = ct.id), (LLVM Optimized)", "Filter": "((note)::text !~~ '%(as Metro-Goldwyn-Mayer Pictures)%'::text), (LLVM Optimized)", "Plans": [{"Node Type": "Bitmap Index Scan", "Parent Relationship": "Outer", "Index Name": "company_type_id_movie_companies", "Startup Cost": 0.0, "Total Cost": 28944.48, "Plan Rows": 1304564, "Plan Width": 0, "Index Cond": "(company_type_id = ct.id)"}]}]}]}]}, {"Node Type": "Sort", "Parent Relationship": "Inner", "Startup Cost": 192512.36, "Total Cost": 194310.46, "Plan Rows": 719240, "Plan Width": 25, "Sort Key": ["t.id"], "Plans": [{"Node Type": "Bitmap Heap Scan", "Parent Relationship": "Outer", "Relation Name": "title", "Alias": "t", "Startup Cost": 49833.61, "Total Cost": 122544.28, "Plan Rows": 719240, "Plan Width": 25, "Filter": "((production_year >= 2005) AND (production_year <= 2010)), (LLVM Optimized)", "Plans": [{"Node Type": "Bitmap Index Scan", "Parent Relationship": "Outer", "Index Name": "title_pkey", "Startup Cost": 0.0, "Total Cost": 49653.81, "Plan Rows": 2528311, "Plan Width": 0}]}]}]}]}, "Unique SQL Id": 1162488282, "Planner Runtime": 7}, "explain_analyze_plan": {"Plan": {"Node Type": "Aggregate", "Strategy": "Plain", "Startup Cost": 480619.32, "Total Cost": 480619.33, "Plan Rows": 1, "Plan Width": 113, "Actual Startup Time": 2734.037, "Actual Total Time": 2734.038, "Actual Rows": 1, "Actual Loops": 1, "Plans": [{"Node Type": "Merge Join", "Parent Relationship": "Outer", "Join Type": "Inner", "Startup Cost": 456129.24, "Total Cost": 478129.29, "Plan Rows": 332005, "Plan Width": 45, "Actual Startup Time": 2668.623, "Actual Total Time": 2734.008, "Actual Rows": 3, "Actual Loops": 1, "Inner Unique": true, "Merge Cond": "(mc.movie_id = t.id)", "Plans": [{"Node Type": "Merge Join", "Parent Relationship": "Outer", "Join Type": "Inner", "Startup Cost": 263616.8, "Total Cost": 277451.17, "Plan Rows": 501180, "Plan Width": 32, "Actual Startup Time": 700.871, "Actual Total Time": 721.957, "Actual Rows": 5, "Actual Loops": 1, "Inner Unique": false, "Merge Cond": "(mi_idx.movie_id = mc.movie_id)", "Plans": [{"Node Type": "Sort", "Parent Relationship": "Outer", "Startup Cost": 53487.25, "Total Cost": 54349.77, "Plan Rows": 345008, "Plan Width": 4, "Actual Startup Time": 0.124, "Actual Total Time": 0.128, "Actual Rows": 10, "Actual Loops": 1, "Sort Key": ["mi_idx.movie_id"], "Sort Method": "quicksort", "Sort Space Used": 25, "Sort Space Type": "Memory", "Plans": [{"Node Type": "Nested Loop", "Parent Relationship": "Outer", "Join Type": "Inner", "Startup Cost": 7510.87, "Total Cost": 21752.95, "Plan Rows": 345008, "Plan Width": 4, "Actual Startup Time": 0.105, "Actual Total Time": 0.109, "Actual Rows": 10, "Actual Loops": 1, "Inner Unique": false, "Plans": [{"Node Type": "Bitmap Heap Scan", "Parent Relationship": "Outer", "Relation Name": "info_type", "Alias": "it", "Startup Cost": 8.81, "Total Cost": 14.21, "Plan Rows": 1, "Plan Width": 4, "Actual Startup Time": 0.077, "Actual Total Time": 0.077, "Actual Rows": 1, "Actual Loops": 1, "Filter": "((info)::text = 'bottom 10 rank'::text)", "Rows Removed by Filter": 111, "Exact Heap Blocks": 1, "Lossy Heap Blocks": 1, "Plans": [{"Node Type": "Bitmap Index Scan", "Parent Relationship": "Outer", "Index Name": "info_type_pkey", "Startup Cost": 0.0, "Total Cost": 8.81, "Plan Rows": 112, "Plan Width": 0, "Actual Startup Time": 0.014, "Actual Total Time": 0.014, "Actual Rows": 112, "Actual Loops": 1}]}, {"Node Type": "Bitmap Heap Scan", "Parent Relationship": "Inner", "Relation Name": "movie_info_idx", "Alias": "mi_idx", "Startup Cost": 7502.06, "Total Cost": 18288.66, "Plan Rows": 345008, "Plan Width": 8, "Actual Startup Time": 0.023, "Actual Total Time": 0.024, "Actual Rows": 10, "Actual Loops": 1, "Recheck Cond": "(info_type_id = it.id), (LLVM Optimized, Jit Execute)", "Rows Removed by Index Recheck": 0, "Exact Heap Blocks": 1, "Lossy Heap Blocks": 1, "Plans": [{"Node Type": "Bitmap Index Scan", "Parent Relationship": "Outer", "Index Name": "info_type_id_movie_info_idx", "Startup Cost": 0.0, "Total Cost": 7415.81, "Plan Rows": 345008, "Plan Width": 0, "Actual Startup Time": 0.015, "Actual Total Time": 0.015, "Actual Rows": 10, "Actual Loops": 1, "Index Cond": "(info_type_id = it.id)"}]}]}]}, {"Node Type": "Sort", "Parent Relationship": "Inner", "Startup Cost": 210129.52, "Total Cost": 213390.81, "Plan Rows": 1304518, "Plan Width": 28, "Actual Startup Time": 683.149, "Actual Total Time": 700.118, "Actual Rows": 132371, "Actual Loops": 1, "Sort Key": ["mc.movie_id"], "Sort Method": "quicksort", "Sort Space Used": 20170, "Sort Space Type": "Memory", "Plans": [{"Node Type": "Nested Loop", "Parent Relationship": "Outer", "Join Type": "Inner", "Startup Cost": 29278.87, "Total Cost": 77622.54, "Plan Rows": 1304518, "Plan Width": 28, "Actual Startup Time": 145.729, "Actual Total Time": 632.121, "Actual Rows": 140904, "Actual Loops": 1, "Inner Unique": false, "Plans": [{"Node Type": "Bitmap Heap Scan", "Parent Relationship": "Outer", "Relation Name": "company_type", "Alias": "ct", "Startup Cost": 8.27, "Total Cost": 12.3, "Plan Rows": 1, "Plan Width": 4, "Actual Startup Time": 0.008, "Actual Total Time": 0.014, "Actual Rows": 1, "Actual Loops": 1, "Filter": "((kind)::text = 'production companies'::text)", "Rows Removed by Filter": 2, "Exact Heap Blocks": 1, "Lossy Heap Blocks": 1, "Plans": [{"Node Type": "Bitmap Index Scan", "Parent Relationship": "Outer", "Index Name": "company_type_pkey", "Startup Cost": 0.0, "Total Cost": 8.27, "Plan Rows": 3, "Plan Width": 0, "Actual Startup Time": 0.002, "Actual Total Time": 0.002, "Actual Rows": 3, "Actual Loops": 1}]}, {"Node Type": "Bitmap Heap Scan", "Parent Relationship": "Inner", "Relation Name": "movie_companies", "Alias": "mc", "Startup Cost": 29270.61, "Total Cost": 64565.07, "Plan Rows": 1304517, "Plan Width": 32, "Actual Startup Time": 145.716, "Actual Total Time": 604.267, "Actual Rows": 140904, "Actual Loops": 1, "Recheck Cond": "(company_type_id = ct.id), (LLVM Optimized, Jit Execute)", "Rows Removed by Index Recheck": 0, "Filter": "((note)::text !~~ '%(as Metro-Goldwyn-Mayer Pictures)%'::text), (LLVM Optimized, Jit Execute)", "Rows Removed by Filter": 1193979, "Exact Heap Blocks": 6196, "Lossy Heap Blocks": 6196, "Plans": [{"Node Type": "Bitmap Index Scan", "Parent Relationship": "Outer", "Index Name": "company_type_id_movie_companies", "Startup Cost": 0.0, "Total Cost": 28944.48, "Plan Rows": 1304564, "Plan Width": 0, "Actual Startup Time": 144.504, "Actual Total Time": 144.504, "Actual Rows": 1334883, "Actual Loops": 1, "Index Cond": "(company_type_id = ct.id)"}]}]}]}]}, {"Node Type": "Sort", "Parent Relationship": "Inner", "Startup Cost": 192512.36, "Total Cost": 194310.46, "Plan Rows": 719240, "Plan Width": 25, "Actual Startup Time": 1769.826, "Actual Total Time": 1902.185, "Actual Rows": 669805, "Actual Loops": 1, "Sort Key": ["t.id"], "Sort Method": "quicksort", "Sort Space Used": 95710, "Sort Space Type": "Memory", "Plans": [{"Node Type": "Bitmap Heap Scan", "Parent Relationship": "Outer", "Relation Name": "title", "Alias": "t", "Startup Cost": 49833.61, "Total Cost": 122544.28, "Plan Rows": 719240, "Plan Width": 25, "Actual Startup Time": 312.62, "Actual Total Time": 1464.382, "Actual Rows": 716259, "Actual Loops": 1, "Filter": "((production_year >= 2005) AND (production_year <= 2010)), (LLVM Optimized, Jit Execute)", "Rows Removed by Filter": 1812052, "Exact Heap Blocks": 34786, "Lossy Heap Blocks": 34786, "Plans": [{"Node Type": "Bitmap Index Scan", "Parent Relationship": "Outer", "Index Name": "title_pkey", "Startup Cost": 0.0, "Total Cost": 49653.81, "Plan Rows": 2528311, "Plan Width": 0, "Actual Startup Time": 304.821, "Actual Total Time": 304.821, "Actual Rows": 2528311, "Actual Loops": 1}]}]}]}]}, "Triggers": [], "Planner Runtime": 6.613, "Total Runtime": 2744.695, "Unique SQL Id": 1162488282}}, "(64, '20')": {"explain_plan": {"Plan": {"Node Type": "Aggregate", "Strategy": "Plain", "Startup Cost": 330246.45, "Total Cost": 330246.46, "Plan Rows": 1, "Plan Width": 113, "Plans": [{"Node Type": "Nested Loop", "Parent Relationship": "Outer", "Join Type": "Inner", "Startup Cost": 7502.06, "Total Cost": 326890.42, "Plan Rows": 447470, "Plan Width": 45, "Inner Unique": false, "Join Filter": "(mc.company_type_id = ct.id), (LLVM Optimized)", "Plans": [{"Node Type": "Seq Scan", "Parent Relationship": "Outer", "Relation Name": "company_type", "Alias": "ct", "Startup Cost": 0.0, "Total Cost": 1.04, "Plan Rows": 1, "Plan Width": 4, "Filter": "((kind)::text = 'production companies'::text)"}, {"Node Type": "Nested Loop", "Parent Relationship": "Inner", "Join Type": "Inner", "Startup Cost": 7502.06, "Total Cost": 320024.4, "Plan Rows": 549199, "Plan Width": 49, "Inner Unique": false, "Join Filter": "(t.id = mc.movie_id), (LLVM Optimized)", "Plans": [{"Node Type": "Nested Loop", "Parent Relationship": "Outer", "Join Type": "Inner", "Startup Cost": 7502.06, "Total Cost": 164107.36, "Plan Rows": 396404, "Plan Width": 29, "Inner Unique": true, "Plans": [{"Node Type": "Nested Loop", "Parent Relationship": "Outer", "Join Type": "Inner", "Startup Cost": 7502.06, "Total Cost": 21741.14, "Plan Rows": 345008, "Plan Width": 4, "Inner Unique": false, "Plans": [{"Node Type": "Seq Scan", "Parent Relationship": "Outer", "Relation Name": "info_type", "Alias": "it", "Startup Cost": 0.0, "Total Cost": 2.4, "Plan Rows": 1, "Plan Width": 4, "Filter": "((info)::text = 'bottom 10 rank'::text)"}, {"Node Type": "Bitmap Heap Scan", "Parent Relationship": "Inner", "Relation Name": "movie_info_idx", "Alias": "mi_idx", "Startup Cost": 7502.06, "Total Cost": 18288.66, "Plan Rows": 345008, "Plan Width": 8, "Recheck Cond": "(info_type_id = it.id), (LLVM Optimized)", "Plans": [{"Node Type": "Bitmap Index Scan", "Parent Relationship": "Outer", "Index Name": "info_type_id_movie_info_idx", "Startup Cost": 0.0, "Total Cost": 7415.81, "Plan Rows": 345008, "Plan Width": 0, "Index Cond": "(info_type_id = it.id)"}]}]}, {"Node Type": "Index Scan", "Parent Relationship": "Inner", "Scan Direction": "Forward", "Index Name": "title_pkey", "Relation Name": "title", "Alias": "t", "Startup Cost": 0.0, "Total Cost": 0.4, "Plan Rows": 1, "Plan Width": 25, "Index Cond": "(id = mi_idx.movie_id)", "Filter": "((production_year >= 2005) AND (production_year <= 2010))"}]}, {"Node Type": "Index Scan", "Parent Relationship": "Inner", "Scan Direction": "Forward", "Index Name": "movie_id_movie_companies", "Relation Name": "movie_companies", "Alias": "mc", "Startup Cost": 0.0, "Total Cost": 0.37, "Plan Rows": 2, "Plan Width": 32, "Index Cond": "(movie_id = mi_idx.movie_id)", "Filter": "((note)::text !~~ '%(as Metro-Goldwyn-Mayer Pictures)%'::text)"}]}]}]}, "Unique SQL Id": 1162488282, "Planner Runtime": 8}, "explain_analyze_plan": {"Plan": {"Node Type": "Aggregate", "Strategy": "Plain", "Startup Cost": 330246.45, "Total Cost": 330246.46, "Plan Rows": 1, "Plan Width": 113, "Actual Startup Time": 0.416, "Actual Total Time": 0.416, "Actual Rows": 1, "Actual Loops": 1, "Plans": [{"Node Type": "Nested Loop", "Parent Relationship": "Outer", "Join Type": "Inner", "Startup Cost": 7502.06, "Total Cost": 326890.42, "Plan Rows": 447470, "Plan Width": 45, "Actual Startup Time": 0.386, "Actual Total Time": 0.397, "Actual Rows": 3, "Actual Loops": 1, "Inner Unique": false, "Join Filter": "(mc.company_type_id = ct.id), (LLVM Optimized)", "Rows Removed by Join Filter": 63, "Plans": [{"Node Type": "Seq Scan", "Parent Relationship": "Outer", "Relation Name": "company_type", "Alias": "ct", "Startup Cost": 0.0, "Total Cost": 1.04, "Plan Rows": 1, "Plan Width": 4, "Actual Startup Time": 0.018, "Actual Total Time": 0.02, "Actual Rows": 1, "Actual Loops": 1, "Filter": "((kind)::text = 'production companies'::text)", "Rows Removed by Filter": 2}, {"Node Type": "Nested Loop", "Parent Relationship": "Inner", "Join Type": "Inner", "Startup Cost": 7502.06, "Total Cost": 320024.4, "Plan Rows": 549199, "Plan Width": 49, "Actual Startup Time": 0.181, "Actual Total Time": 0.358, "Actual Rows": 66, "Actual Loops": 1, "Inner Unique": false, "Join Filter": "(t.id = mc.movie_id), (LLVM Optimized)", "Rows Removed by Join Filter": 0, "Plans": [{"Node Type": "Nested Loop", "Parent Relationship": "Outer", "Join Type": "Inner", "Startup Cost": 7502.06, "Total Cost": 164107.36, "Plan Rows": 396404, "Plan Width": 29, "Actual Startup Time": 0.161, "Actual Total Time": 0.212, "Actual Rows": 4, "Actual Loops": 1, "Inner Unique": true, "Plans": [{"Node Type": "Nested Loop", "Parent Relationship": "Outer", "Join Type": "Inner", "Startup Cost": 7502.06, "Total Cost": 21741.14, "Plan Rows": 345008, "Plan Width": 4, "Actual Startup Time": 0.074, "Actual Total Time": 0.084, "Actual Rows": 10, "Actual Loops": 1, "Inner Unique": false, "Plans": [{"Node Type": "Seq Scan", "Parent Relationship": "Outer", "Relation Name": "info_type", "Alias": "it", "Startup Cost": 0.0, "Total Cost": 2.4, "Plan Rows": 1, "Plan Width": 4, "Actual Startup Time": 0.042, "Actual Total Time": 0.045, "Actual Rows": 1, "Actual Loops": 1, "Filter": "((info)::text = 'bottom 10 rank'::text)", "Rows Removed by Filter": 111}, {"Node Type": "Bitmap Heap Scan", "Parent Relationship": "Inner", "Relation Name": "movie_info_idx", "Alias": "mi_idx", "Startup Cost": 7502.06, "Total Cost": 18288.66, "Plan Rows": 345008, "Plan Width": 8, "Actual Startup Time": 0.028, "Actual Total Time": 0.03, "Actual Rows": 10, "Actual Loops": 1, "Recheck Cond": "(info_type_id = it.id), (LLVM Optimized)", "Rows Removed by Index Recheck": 0, "Exact Heap Blocks": 1, "Lossy Heap Blocks": 1, "Plans": [{"Node Type": "Bitmap Index Scan", "Parent Relationship": "Outer", "Index Name": "info_type_id_movie_info_idx", "Startup Cost": 0.0, "Total Cost": 7415.81, "Plan Rows": 345008, "Plan Width": 0, "Actual Startup Time": 0.016, "Actual Total Time": 0.016, "Actual Rows": 10, "Actual Loops": 1, "Index Cond": "(info_type_id = it.id)"}]}]}, {"Node Type": "Index Scan", "Parent Relationship": "Inner", "Scan Direction": "Forward", "Index Name": "title_pkey", "Relation Name": "title", "Alias": "t", "Startup Cost": 0.0, "Total Cost": 0.4, "Plan Rows": 1, "Plan Width": 25, "Actual Startup Time": 0.12, "Actual Total Time": 0.12, "Actual Rows": 4, "Actual Loops": 10, "Index Cond": "(id = mi_idx.movie_id)", "Rows Removed by Index Recheck": 0, "Filter": "((production_year >= 2005) AND (production_year <= 2010))", "Rows Removed by Filter": 6}]}, {"Node Type": "Index Scan", "Parent Relationship": "Inner", "Scan Direction": "Forward", "Index Name": "movie_id_movie_companies", "Relation Name": "movie_companies", "Alias": "mc", "Startup Cost": 0.0, "Total Cost": 0.37, "Plan Rows": 2, "Plan Width": 32, "Actual Startup Time": 0.056, "Actual Total Time": 0.122, "Actual Rows": 66, "Actual Loops": 4, "Index Cond": "(movie_id = mi_idx.movie_id)", "Rows Removed by Index Recheck": 0, "Filter": "((note)::text !~~ '%(as Metro-Goldwyn-Mayer Pictures)%'::text)", "Rows Removed by Filter": 7}]}]}]}, "Triggers": [], "Planner Runtime": 7.736, "Total Runtime": 10.29, "Unique SQL Id": 1162488282}}, "(64, '21')": {"explain_plan": {"Plan": {"Node Type": "Aggregate", "Strategy": "Plain", "Startup Cost": 330269.52, "Total Cost": 330269.53, "Plan Rows": 1, "Plan Width": 113, "Plans": [{"Node Type": "Nested Loop", "Parent Relationship": "Outer", "Join Type": "Inner", "Startup Cost": 7502.06, "Total Cost": 326913.5, "Plan Rows": 447470, "Plan Width": 45, "Inner Unique": false, "Join Filter": "(mc.company_type_id = ct.id), (LLVM Optimized)", "Plans": [{"Node Type": "Index Scan", "Parent Relationship": "Outer", "Scan Direction": "Forward", "Index Name": "company_type_pkey", "Relation Name": "company_type", "Alias": "ct", "Startup Cost": 0.0, "Total Cost": 12.3, "Plan Rows": 1, "Plan Width": 4, "Filter": "((kind)::text = 'production companies'::text)"}, {"Node Type": "Nested Loop", "Parent Relationship": "Inner", "Join Type": "Inner", "Startup Cost": 7502.06, "Total Cost": 320036.21, "Plan Rows": 549199, "Plan Width": 49, "Inner Unique": false, "Join Filter": "(t.id = mc.movie_id), (LLVM Optimized)", "Plans": [{"Node Type": "Nested Loop", "Parent Relationship": "Outer", "Join Type": "Inner", "Startup Cost": 7502.06, "Total Cost": 164119.17, "Plan Rows": 396404, "Plan Width": 29, "Inner Unique": true, "Plans": [{"Node Type": "Nested Loop", "Parent Relationship": "Outer", "Join Type": "Inner", "Startup Cost": 7502.06, "Total Cost": 21752.95, "Plan Rows": 345008, "Plan Width": 4, "Inner Unique": false, "Plans": [{"Node Type": "Index Scan", "Parent Relationship": "Outer", "Scan Direction": "Forward", "Index Name": "info_type_pkey", "Relation Name": "info_type", "Alias": "it", "Startup Cost": 0.0, "Total Cost": 14.21, "Plan Rows": 1, "Plan Width": 4, "Filter": "((info)::text = 'bottom 10 rank'::text)"}, {"Node Type": "Bitmap Heap Scan", "Parent Relationship": "Inner", "Relation Name": "movie_info_idx", "Alias": "mi_idx", "Startup Cost": 7502.06, "Total Cost": 18288.66, "Plan Rows": 345008, "Plan Width": 8, "Recheck Cond": "(info_type_id = it.id), (LLVM Optimized)", "Plans": [{"Node Type": "Bitmap Index Scan", "Parent Relationship": "Outer", "Index Name": "info_type_id_movie_info_idx", "Startup Cost": 0.0, "Total Cost": 7415.81, "Plan Rows": 345008, "Plan Width": 0, "Index Cond": "(info_type_id = it.id)"}]}]}, {"Node Type": "Index Scan", "Parent Relationship": "Inner", "Scan Direction": "Forward", "Index Name": "title_pkey", "Relation Name": "title", "Alias": "t", "Startup Cost": 0.0, "Total Cost": 0.4, "Plan Rows": 1, "Plan Width": 25, "Index Cond": "(id = mi_idx.movie_id)", "Filter": "((production_year >= 2005) AND (production_year <= 2010))"}]}, {"Node Type": "Index Scan", "Parent Relationship": "Inner", "Scan Direction": "Forward", "Index Name": "movie_id_movie_companies", "Relation Name": "movie_companies", "Alias": "mc", "Startup Cost": 0.0, "Total Cost": 0.37, "Plan Rows": 2, "Plan Width": 32, "Index Cond": "(movie_id = mi_idx.movie_id)", "Filter": "((note)::text !~~ '%(as Metro-Goldwyn-Mayer Pictures)%'::text)"}]}]}]}, "Unique SQL Id": 1162488282, "Planner Runtime": 7}, "explain_analyze_plan": {"Plan": {"Node Type": "Aggregate", "Strategy": "Plain", "Startup Cost": 330269.52, "Total Cost": 330269.53, "Plan Rows": 1, "Plan Width": 113, "Actual Startup Time": 0.34, "Actual Total Time": 0.34, "Actual Rows": 1, "Actual Loops": 1, "Plans": [{"Node Type": "Nested Loop", "Parent Relationship": "Outer", "Join Type": "Inner", "Startup Cost": 7502.06, "Total Cost": 326913.5, "Plan Rows": 447470, "Plan Width": 45, "Actual Startup Time": 0.317, "Actual Total Time": 0.327, "Actual Rows": 3, "Actual Loops": 1, "Inner Unique": false, "Join Filter": "(mc.company_type_id = ct.id), (LLVM Optimized)", "Rows Removed by Join Filter": 63, "Plans": [{"Node Type": "Index Scan", "Parent Relationship": "Outer", "Scan Direction": "Forward", "Index Name": "company_type_pkey", "Relation Name": "company_type", "Alias": "ct", "Startup Cost": 0.0, "Total Cost": 12.3, "Plan Rows": 1, "Plan Width": 4, "Actual Startup Time": 0.018, "Actual Total Time": 0.02, "Actual Rows": 1, "Actual Loops": 1, "Filter": "((kind)::text = 'production companies'::text)", "Rows Removed by Filter": 2}, {"Node Type": "Nested Loop", "Parent Relationship": "Inner", "Join Type": "Inner", "Startup Cost": 7502.06, "Total Cost": 320036.21, "Plan Rows": 549199, "Plan Width": 49, "Actual Startup Time": 0.153, "Actual Total Time": 0.289, "Actual Rows": 66, "Actual Loops": 1, "Inner Unique": false, "Join Filter": "(t.id = mc.movie_id), (LLVM Optimized)", "Rows Removed by Join Filter": 0, "Plans": [{"Node Type": "Nested Loop", "Parent Relationship": "Outer", "Join Type": "Inner", "Startup Cost": 7502.06, "Total Cost": 164119.17, "Plan Rows": 396404, "Plan Width": 29, "Actual Startup Time": 0.136, "Actual Total Time": 0.17, "Actual Rows": 4, "Actual Loops": 1, "Inner Unique": true, "Plans": [{"Node Type": "Nested Loop", "Parent Relationship": "Outer", "Join Type": "Inner", "Startup Cost": 7502.06, "Total Cost": 21752.95, "Plan Rows": 345008, "Plan Width": 4, "Actual Startup Time": 0.082, "Actual Total Time": 0.09, "Actual Rows": 10, "Actual Loops": 1, "Inner Unique": false, "Plans": [{"Node Type": "Index Scan", "Parent Relationship": "Outer", "Scan Direction": "Forward", "Index Name": "info_type_pkey", "Relation Name": "info_type", "Alias": "it", "Startup Cost": 0.0, "Total Cost": 14.21, "Plan Rows": 1, "Plan Width": 4, "Actual Startup Time": 0.06, "Actual Total Time": 0.061, "Actual Rows": 1, "Actual Loops": 1, "Filter": "((info)::text = 'bottom 10 rank'::text)", "Rows Removed by Filter": 111}, {"Node Type": "Bitmap Heap Scan", "Parent Relationship": "Inner", "Relation Name": "movie_info_idx", "Alias": "mi_idx", "Startup Cost": 7502.06, "Total Cost": 18288.66, "Plan Rows": 345008, "Plan Width": 8, "Actual Startup Time": 0.017, "Actual Total Time": 0.021, "Actual Rows": 10, "Actual Loops": 1, "Recheck Cond": "(info_type_id = it.id), (LLVM Optimized)", "Rows Removed by Index Recheck": 0, "Exact Heap Blocks": 1, "Lossy Heap Blocks": 1, "Plans": [{"Node Type": "Bitmap Index Scan", "Parent Relationship": "Outer", "Index Name": "info_type_id_movie_info_idx", "Startup Cost": 0.0, "Total Cost": 7415.81, "Plan Rows": 345008, "Plan Width": 0, "Actual Startup Time": 0.01, "Actual Total Time": 0.01, "Actual Rows": 10, "Actual Loops": 1, "Index Cond": "(info_type_id = it.id)"}]}]}, {"Node Type": "Index Scan", "Parent Relationship": "Inner", "Scan Direction": "Forward", "Index Name": "title_pkey", "Relation Name": "title", "Alias": "t", "Startup Cost": 0.0, "Total Cost": 0.4, "Plan Rows": 1, "Plan Width": 25, "Actual Startup Time": 0.069, "Actual Total Time": 0.069, "Actual Rows": 4, "Actual Loops": 10, "Index Cond": "(id = mi_idx.movie_id)", "Rows Removed by Index Recheck": 0, "Filter": "((production_year >= 2005) AND (production_year <= 2010))", "Rows Removed by Filter": 6}]}, {"Node Type": "Index Scan", "Parent Relationship": "Inner", "Scan Direction": "Forward", "Index Name": "movie_id_movie_companies", "Relation Name": "movie_companies", "Alias": "mc", "Startup Cost": 0.0, "Total Cost": 0.37, "Plan Rows": 2, "Plan Width": 32, "Actual Startup Time": 0.039, "Actual Total Time": 0.091, "Actual Rows": 66, "Actual Loops": 4, "Index Cond": "(movie_id = mi_idx.movie_id)", "Rows Removed by Index Recheck": 0, "Filter": "((note)::text !~~ '%(as Metro-Goldwyn-Mayer Pictures)%'::text)", "Rows Removed by Filter": 7}]}]}]}, "Triggers": [], "Planner Runtime": 7.211, "Total Runtime": 10.285, "Unique SQL Id": 1162488282}}, "(64, '22')": {"explain_plan": {"Plan": {"Node Type": "Aggregate", "Strategy": "Plain", "Startup Cost": 1811202.35, "Total Cost": 1811202.38, "Plan Rows": 1, "Plan Width": 113, "Plans": [{"Node Type": "Streaming(type: LOCAL GATHER dop: 1/64)", "Parent Relationship": "Outer", "Startup Cost": 1811202.35, "Total Cost": 1811202.38, "Plan Rows": 1, "Plan Width": 113, "Plans": [{"Node Type": "Aggregate", "Strategy": "Plain", "Parent Relationship": "Outer", "Startup Cost": 1811202.35, "Total Cost": 1811202.36, "Plan Rows": 1, "Plan Width": 113, "Plans": [{"Node Type": "Nested Loop", "Parent Relationship": "Outer", "Join Type": "Inner", "Startup Cost": 265407.08, "Total Cost": 1808712.31, "Plan Rows": 332005, "Plan Width": 45, "Inner Unique": true, "Join Filter": "(mc.movie_id = t.id), (LLVM Optimized)", "Plans": [{"Node Type": "Streaming(type: LOCAL REDISTRIBUTE dop: 64/1)", "Parent Relationship": "Outer", "Startup Cost": 263593.72, "Total Cost": 360790.98, "Plan Rows": 501180, "Plan Width": 32, "Plans": [{"Node Type": "Merge Join", "Parent Relationship": "Outer", "Join Type": "Inner", "Startup Cost": 263593.72, "Total Cost": 277428.1, "Plan Rows": 501180, "Plan Width": 32, "Inner Unique": false, "Merge Cond": "(mi_idx.movie_id = mc.movie_id)", "Plans": [{"Node Type": "Sort", "Parent Relationship": "Outer", "Startup Cost": 53475.44, "Total Cost": 54337.96, "Plan Rows": 345008, "Plan Width": 4, "Sort Key": ["mi_idx.movie_id"], "Plans": [{"Node Type": "Nested Loop", "Parent Relationship": "Outer", "Join Type": "Inner", "Startup Cost": 7502.06, "Total Cost": 21741.14, "Plan Rows": 345008, "Plan Width": 4, "Inner Unique": false, "Plans": [{"Node Type": "Seq Scan", "Parent Relationship": "Outer", "Relation Name": "info_type", "Alias": "it", "Startup Cost": 0.0, "Total Cost": 2.4, "Plan Rows": 1, "Plan Width": 4, "Filter": "((info)::text = 'bottom 10 rank'::text)"}, {"Node Type": "Bitmap Heap Scan", "Parent Relationship": "Inner", "Relation Name": "movie_info_idx", "Alias": "mi_idx", "Startup Cost": 7502.06, "Total Cost": 18288.66, "Plan Rows": 345008, "Plan Width": 8, "Recheck Cond": "(info_type_id = it.id), (LLVM Optimized)", "Plans": [{"Node Type": "Bitmap Index Scan", "Parent Relationship": "Outer", "Index Name": "info_type_id_movie_info_idx", "Startup Cost": 0.0, "Total Cost": 7415.81, "Plan Rows": 345008, "Plan Width": 0, "Index Cond": "(info_type_id = it.id)"}]}]}]}, {"Node Type": "Sort", "Parent Relationship": "Inner", "Startup Cost": 210118.25, "Total Cost": 213379.54, "Plan Rows": 1304518, "Plan Width": 28, "Sort Key": ["mc.movie_id"], "Plans": [{"Node Type": "Nested Loop", "Parent Relationship": "Outer", "Join Type": "Inner", "Startup Cost": 29270.61, "Total Cost": 77611.28, "Plan Rows": 1304518, "Plan Width": 28, "Inner Unique": false, "Plans": [{"Node Type": "Seq Scan", "Parent Relationship": "Outer", "Relation Name": "company_type", "Alias": "ct", "Startup Cost": 0.0, "Total Cost": 1.04, "Plan Rows": 1, "Plan Width": 4, "Filter": "((kind)::text = 'production companies'::text)"}, {"Node Type": "Bitmap Heap Scan", "Parent Relationship": "Inner", "Relation Name": "movie_companies", "Alias": "mc", "Startup Cost": 29270.61, "Total Cost": 64565.07, "Plan Rows": 1304517, "Plan Width": 32, "Recheck Cond": "(company_type_id = ct.id), (LLVM Optimized)", "Filter": "((note)::text !~~ '%(as Metro-Goldwyn-Mayer Pictures)%'::text), (LLVM Optimized)", "Plans": [{"Node Type": "Bitmap Index Scan", "Parent Relationship": "Outer", "Index Name": "company_type_id_movie_companies", "Startup Cost": 0.0, "Total Cost": 28944.48, "Plan Rows": 1304564, "Plan Width": 0, "Index Cond": "(company_type_id = ct.id)"}]}]}]}]}]}, {"Node Type": "Materialize", "Parent Relationship": "Inner", "Startup Cost": 1813.35, "Total Cost": 127873.61, "Plan Rows": 719240, "Plan Width": 25, "Plans": [{"Node Type": "Streaming(type: LOCAL REDISTRIBUTE dop: 64/64)", "Parent Relationship": "Outer", "Startup Cost": 1813.35, "Total Cost": 127817.42, "Plan Rows": 719240, "Plan Width": 25, "Plans": [{"Node Type": "Seq Scan", "Parent Relationship": "Outer", "Relation Name": "title", "Alias": "t", "Startup Cost": 1813.35, "Total Cost": 64136.1, "Plan Rows": 719240, "Plan Width": 25, "Filter": "((production_year >= 2005) AND (production_year <= 2010)), (LLVM Optimized)"}]}]}]}]}]}]}, "Unique SQL Id": 1162488282, "Planner Runtime": 7}, "explain_analyze_plan": {"Plan": {"Node Type": "Aggregate", "Strategy": "Plain", "Startup Cost": 1811202.35, "Total Cost": 1811202.38, "Plan Rows": 1, "Plan Width": 113, "Actual Min Startup Time": 1031.829, "Actual Max Startup Time": 1031.829, "Actual Min Total Time": 1031.829, "Actual Max Total Time": 1031.829, "Plans": [{"Node Type": "Streaming(type: LOCAL GATHER dop: 1/64)", "Parent Relationship": "Outer", "Startup Cost": 1811202.35, "Total Cost": 1811202.38, "Plan Rows": 1, "Plan Width": 113, "Actual Min Startup Time": 1025.879, "Actual Max Startup Time": 1025.879, "Actual Min Total Time": 1031.79, "Actual Max Total Time": 1031.79, "Plans": [{"Node Type": "Aggregate", "Strategy": "Plain", "Parent Relationship": "Outer", "Startup Cost": 1811202.35, "Total Cost": 1811202.36, "Plan Rows": 1, "Plan Width": 113, "Actual Min Startup Time": 545.765, "Actual Max Startup Time": 851.103, "Actual Min Total Time": 545.765, "Actual Max Total Time": 851.103, "Plans": [{"Node Type": "Nested Loop", "Parent Relationship": "Outer", "Join Type": "Inner", "Startup Cost": 265407.08, "Total Cost": 1808712.31, "Plan Rows": 332005, "Plan Width": 45, "Actual Min Startup Time": 545.756, "Actual Max Startup Time": 851.095, "Actual Min Total Time": 545.756, "Actual Max Total Time": 851.095, "Inner Unique": true, "Join Filter": "(mc.movie_id = t.id), (LLVM Optimized, Jit Execute)", "Rows Removed by Join Filter": 42780, "Plans": [{"Node Type": "Streaming(type: LOCAL REDISTRIBUTE dop: 64/1)", "Parent Relationship": "Outer", "Startup Cost": 263593.72, "Total Cost": 360790.98, "Plan Rows": 501180, "Plan Width": 32, "Actual Min Startup Time": 511.2, "Actual Max Startup Time": 512.607, "Actual Min Total Time": 511.2, "Actual Max Total Time": 512.607, "Plans": [{"Node Type": "Merge Join", "Parent Relationship": "Outer", "Join Type": "Inner", "Startup Cost": 263593.72, "Total Cost": 277428.1, "Plan Rows": 501180, "Plan Width": 32, "Actual Min Startup Time": 717.297, "Actual Max Startup Time": 717.297, "Actual Min Total Time": 734.341, "Actual Max Total Time": 734.341, "Inner Unique": false, "Merge Cond": "(mi_idx.movie_id = mc.movie_id)", "Plans": [{"Node Type": "Sort", "Parent Relationship": "Outer", "Startup Cost": 53475.44, "Total Cost": 54337.96, "Plan Rows": 345008, "Plan Width": 4, "Actual Min Startup Time": 0.16, "Actual Max Startup Time": 0.16, "Actual Min Total Time": 0.164, "Actual Max Total Time": 0.164, "Sort Key": ["mi_idx.movie_id"], "Sort Method": "quicksort", "Sort Space Min Used": 25, "Sort Space Max Used": 25, "Sort Space Type": "Memory", "Plans": [{"Node Type": "Nested Loop", "Parent Relationship": "Outer", "Join Type": "Inner", "Startup Cost": 7502.06, "Total Cost": 21741.14, "Plan Rows": 345008, "Plan Width": 4, "Actual Min Startup Time": 0.128, "Actual Max Startup Time": 0.128, "Actual Min Total Time": 0.135, "Actual Max Total Time": 0.135, "Inner Unique": false, "Plans": [{"Node Type": "Seq Scan", "Parent Relationship": "Outer", "Relation Name": "info_type", "Alias": "it", "Startup Cost": 0.0, "Total Cost": 2.4, "Plan Rows": 1, "Plan Width": 4, "Actual Min Startup Time": 0.065, "Actual Max Startup Time": 0.065, "Actual Min Total Time": 0.069, "Actual Max Total Time": 0.069, "Filter": "((info)::text = 'bottom 10 rank'::text)", "Rows Removed by Filter": 111, "Actual Rows": 1}, {"Node Type": "Bitmap Heap Scan", "Parent Relationship": "Inner", "Relation Name": "movie_info_idx", "Alias": "mi_idx", "Startup Cost": 7502.06, "Total Cost": 18288.66, "Plan Rows": 345008, "Plan Width": 8, "Actual Min Startup Time": 0.052, "Actual Max Startup Time": 0.052, "Actual Min Total Time": 0.052, "Actual Max Total Time": 0.052, "Recheck Cond": "(info_type_id = it.id), (LLVM Optimized, Jit Execute)", "Rows Removed by Index Recheck": 0, "Exact Heap Blocks": 0, "Lossy Heap Blocks": 0, "Plans": [{"Node Type": "Bitmap Index Scan", "Parent Relationship": "Outer", "Index Name": "info_type_id_movie_info_idx", "Startup Cost": 0.0, "Total Cost": 7415.81, "Plan Rows": 345008, "Plan Width": 0, "Actual Min Startup Time": 0.035, "Actual Max Startup Time": 0.035, "Actual Min Total Time": 0.035, "Actual Max Total Time": 0.035, "Index Cond": "(info_type_id = it.id)", "Actual Rows": 10}], "Actual Rows": 10}], "Actual Rows": 10}], "Actual Rows": 10}, {"Node Type": "Sort", "Parent Relationship": "Inner", "Startup Cost": 210118.25, "Total Cost": 213379.54, "Plan Rows": 1304518, "Plan Width": 28, "Actual Min Startup Time": 700.672, "Actual Max Startup Time": 700.672, "Actual Min Total Time": 714.601, "Actual Max Total Time": 714.601, "Sort Key": ["mc.movie_id"], "Sort Method": "quicksort", "Sort Space Min Used": 20170, "Sort Space Max Used": 20170, "Sort Space Type": "Memory", "Plans": [{"Node Type": "Nested Loop", "Parent Relationship": "Outer", "Join Type": "Inner", "Startup Cost": 29270.61, "Total Cost": 77611.28, "Plan Rows": 1304518, "Plan Width": 28, "Actual Min Startup Time": 165.332, "Actual Max Startup Time": 165.332, "Actual Min Total Time": 649.365, "Actual Max Total Time": 649.365, "Inner Unique": false, "Plans": [{"Node Type": "Seq Scan", "Parent Relationship": "Outer", "Relation Name": "company_type", "Alias": "ct", "Startup Cost": 0.0, "Total Cost": 1.04, "Plan Rows": 1, "Plan Width": 4, "Actual Min Startup Time": 0.009, "Actual Max Startup Time": 0.009, "Actual Min Total Time": 0.018, "Actual Max Total Time": 0.018, "Filter": "((kind)::text = 'production companies'::text)", "Rows Removed by Filter": 2, "Actual Rows": 1}, {"Node Type": "Bitmap Heap Scan", "Parent Relationship": "Inner", "Relation Name": "movie_companies", "Alias": "mc", "Startup Cost": 29270.61, "Total Cost": 64565.07, "Plan Rows": 1304517, "Plan Width": 32, "Actual Min Startup Time": 165.318, "Actual Max Startup Time": 165.318, "Actual Min Total Time": 621.42, "Actual Max Total Time": 621.42, "Recheck Cond": "(company_type_id = ct.id), (LLVM Optimized, Jit Execute)", "Rows Removed by Index Recheck": 0, "Filter": "((note)::text !~~ '%(as Metro-Goldwyn-Mayer Pictures)%'::text), (LLVM Optimized, Jit Execute)", "Rows Removed by Filter": 1193979, "Exact Heap Blocks": 0, "Lossy Heap Blocks": 0, "Plans": [{"Node Type": "Bitmap Index Scan", "Parent Relationship": "Outer", "Index Name": "company_type_id_movie_companies", "Startup Cost": 0.0, "Total Cost": 28944.48, "Plan Rows": 1304564, "Plan Width": 0, "Actual Min Startup Time": 164.021, "Actual Max Startup Time": 164.021, "Actual Min Total Time": 164.021, "Actual Max Total Time": 164.021, "Index Cond": "(company_type_id = ct.id)", "Actual Rows": 1334883}], "Actual Rows": 140904}], "Actual Rows": 140904}], "Actual Rows": 132371}], "Actual Rows": 5}], "Actual Rows": 5}, {"Node Type": "Materialize", "Parent Relationship": "Inner", "Startup Cost": 1813.35, "Total Cost": 127873.61, "Plan Rows": 719240, "Plan Width": 25, "Actual Min Startup Time": 32.421, "Actual Max Startup Time": 337.679, "Actual Min Total Time": 32.421, "Actual Max Total Time": 337.679, "Plans": [{"Node Type": "Streaming(type: LOCAL REDISTRIBUTE dop: 64/64)", "Parent Relationship": "Outer", "Startup Cost": 1813.35, "Total Cost": 127817.42, "Plan Rows": 719240, "Plan Width": 25, "Actual Min Startup Time": 0.143, "Actual Max Startup Time": 275.168, "Actual Min Total Time": 29.675, "Actual Max Total Time": 335.6, "Plans": [{"Node Type": "Seq Scan", "Parent Relationship": "Outer", "Relation Name": "title", "Alias": "t", "Startup Cost": 1813.35, "Total Cost": 64136.1, "Plan Rows": 719240, "Plan Width": 25, "Actual Min Startup Time": 0.033, "Actual Max Startup Time": 0.294, "Actual Min Total Time": 15.841, "Actual Max Total Time": 20.209, "Filter": "((production_year >= 2005) AND (production_year <= 2010)), (LLVM Optimized, Jit Execute)", "Rows Removed by Filter": 1812052, "Actual Rows": 716259}], "Actual Rows": 716259}], "Actual Rows": 42847}], "Actual Rows": 3}], "Actual Rows": 64}], "Actual Rows": 64}], "Actual Rows": 1}, "Triggers": [], "Planner Runtime": 7.196, "Total Runtime": 1075.626, "Unique SQL Id": 1162488282}}, "(64, '23')": {"explain_plan": {"Plan": {"Node Type": "Aggregate", "Strategy": "Plain", "Startup Cost": 480619.32, "Total Cost": 480619.33, "Plan Rows": 1, "Plan Width": 113, "Plans": [{"Node Type": "Merge Join", "Parent Relationship": "Outer", "Join Type": "Inner", "Startup Cost": 456129.24, "Total Cost": 478129.29, "Plan Rows": 332005, "Plan Width": 45, "Inner Unique": true, "Merge Cond": "(mc.movie_id = t.id)", "Plans": [{"Node Type": "Merge Join", "Parent Relationship": "Outer", "Join Type": "Inner", "Startup Cost": 263616.8, "Total Cost": 277451.17, "Plan Rows": 501180, "Plan Width": 32, "Inner Unique": false, "Merge Cond": "(mi_idx.movie_id = mc.movie_id)", "Plans": [{"Node Type": "Sort", "Parent Relationship": "Outer", "Startup Cost": 53487.25, "Total Cost": 54349.77, "Plan Rows": 345008, "Plan Width": 4, "Sort Key": ["mi_idx.movie_id"], "Plans": [{"Node Type": "Nested Loop", "Parent Relationship": "Outer", "Join Type": "Inner", "Startup Cost": 7510.87, "Total Cost": 21752.95, "Plan Rows": 345008, "Plan Width": 4, "Inner Unique": false, "Plans": [{"Node Type": "Bitmap Heap Scan", "Parent Relationship": "Outer", "Relation Name": "info_type", "Alias": "it", "Startup Cost": 8.81, "Total Cost": 14.21, "Plan Rows": 1, "Plan Width": 4, "Filter": "((info)::text = 'bottom 10 rank'::text)", "Plans": [{"Node Type": "Bitmap Index Scan", "Parent Relationship": "Outer", "Index Name": "info_type_pkey", "Startup Cost": 0.0, "Total Cost": 8.81, "Plan Rows": 112, "Plan Width": 0}]}, {"Node Type": "Bitmap Heap Scan", "Parent Relationship": "Inner", "Relation Name": "movie_info_idx", "Alias": "mi_idx", "Startup Cost": 7502.06, "Total Cost": 18288.66, "Plan Rows": 345008, "Plan Width": 8, "Recheck Cond": "(info_type_id = it.id), (LLVM Optimized)", "Plans": [{"Node Type": "Bitmap Index Scan", "Parent Relationship": "Outer", "Index Name": "info_type_id_movie_info_idx", "Startup Cost": 0.0, "Total Cost": 7415.81, "Plan Rows": 345008, "Plan Width": 0, "Index Cond": "(info_type_id = it.id)"}]}]}]}, {"Node Type": "Sort", "Parent Relationship": "Inner", "Startup Cost": 210129.52, "Total Cost": 213390.81, "Plan Rows": 1304518, "Plan Width": 28, "Sort Key": ["mc.movie_id"], "Plans": [{"Node Type": "Nested Loop", "Parent Relationship": "Outer", "Join Type": "Inner", "Startup Cost": 29278.87, "Total Cost": 77622.54, "Plan Rows": 1304518, "Plan Width": 28, "Inner Unique": false, "Plans": [{"Node Type": "Bitmap Heap Scan", "Parent Relationship": "Outer", "Relation Name": "company_type", "Alias": "ct", "Startup Cost": 8.27, "Total Cost": 12.3, "Plan Rows": 1, "Plan Width": 4, "Filter": "((kind)::text = 'production companies'::text)", "Plans": [{"Node Type": "Bitmap Index Scan", "Parent Relationship": "Outer", "Index Name": "company_type_pkey", "Startup Cost": 0.0, "Total Cost": 8.27, "Plan Rows": 3, "Plan Width": 0}]}, {"Node Type": "Bitmap Heap Scan", "Parent Relationship": "Inner", "Relation Name": "movie_companies", "Alias": "mc", "Startup Cost": 29270.61, "Total Cost": 64565.07, "Plan Rows": 1304517, "Plan Width": 32, "Recheck Cond": "(company_type_id = ct.id), (LLVM Optimized)", "Filter": "((note)::text !~~ '%(as Metro-Goldwyn-Mayer Pictures)%'::text), (LLVM Optimized)", "Plans": [{"Node Type": "Bitmap Index Scan", "Parent Relationship": "Outer", "Index Name": "company_type_id_movie_companies", "Startup Cost": 0.0, "Total Cost": 28944.48, "Plan Rows": 1304564, "Plan Width": 0, "Index Cond": "(company_type_id = ct.id)"}]}]}]}]}, {"Node Type": "Sort", "Parent Relationship": "Inner", "Startup Cost": 192512.36, "Total Cost": 194310.46, "Plan Rows": 719240, "Plan Width": 25, "Sort Key": ["t.id"], "Plans": [{"Node Type": "Bitmap Heap Scan", "Parent Relationship": "Outer", "Relation Name": "title", "Alias": "t", "Startup Cost": 49833.61, "Total Cost": 122544.28, "Plan Rows": 719240, "Plan Width": 25, "Filter": "((production_year >= 2005) AND (production_year <= 2010)), (LLVM Optimized)", "Plans": [{"Node Type": "Bitmap Index Scan", "Parent Relationship": "Outer", "Index Name": "title_pkey", "Startup Cost": 0.0, "Total Cost": 49653.81, "Plan Rows": 2528311, "Plan Width": 0}]}]}]}]}, "Unique SQL Id": 1162488282, "Planner Runtime": 6}, "explain_analyze_plan": {"Plan": {"Node Type": "Aggregate", "Strategy": "Plain", "Startup Cost": 480619.32, "Total Cost": 480619.33, "Plan Rows": 1, "Plan Width": 113, "Actual Startup Time": 2734.037, "Actual Total Time": 2734.038, "Actual Rows": 1, "Actual Loops": 1, "Plans": [{"Node Type": "Merge Join", "Parent Relationship": "Outer", "Join Type": "Inner", "Startup Cost": 456129.24, "Total Cost": 478129.29, "Plan Rows": 332005, "Plan Width": 45, "Actual Startup Time": 2668.623, "Actual Total Time": 2734.008, "Actual Rows": 3, "Actual Loops": 1, "Inner Unique": true, "Merge Cond": "(mc.movie_id = t.id)", "Plans": [{"Node Type": "Merge Join", "Parent Relationship": "Outer", "Join Type": "Inner", "Startup Cost": 263616.8, "Total Cost": 277451.17, "Plan Rows": 501180, "Plan Width": 32, "Actual Startup Time": 700.871, "Actual Total Time": 721.957, "Actual Rows": 5, "Actual Loops": 1, "Inner Unique": false, "Merge Cond": "(mi_idx.movie_id = mc.movie_id)", "Plans": [{"Node Type": "Sort", "Parent Relationship": "Outer", "Startup Cost": 53487.25, "Total Cost": 54349.77, "Plan Rows": 345008, "Plan Width": 4, "Actual Startup Time": 0.124, "Actual Total Time": 0.128, "Actual Rows": 10, "Actual Loops": 1, "Sort Key": ["mi_idx.movie_id"], "Sort Method": "quicksort", "Sort Space Used": 25, "Sort Space Type": "Memory", "Plans": [{"Node Type": "Nested Loop", "Parent Relationship": "Outer", "Join Type": "Inner", "Startup Cost": 7510.87, "Total Cost": 21752.95, "Plan Rows": 345008, "Plan Width": 4, "Actual Startup Time": 0.105, "Actual Total Time": 0.109, "Actual Rows": 10, "Actual Loops": 1, "Inner Unique": false, "Plans": [{"Node Type": "Bitmap Heap Scan", "Parent Relationship": "Outer", "Relation Name": "info_type", "Alias": "it", "Startup Cost": 8.81, "Total Cost": 14.21, "Plan Rows": 1, "Plan Width": 4, "Actual Startup Time": 0.077, "Actual Total Time": 0.077, "Actual Rows": 1, "Actual Loops": 1, "Filter": "((info)::text = 'bottom 10 rank'::text)", "Rows Removed by Filter": 111, "Exact Heap Blocks": 1, "Lossy Heap Blocks": 1, "Plans": [{"Node Type": "Bitmap Index Scan", "Parent Relationship": "Outer", "Index Name": "info_type_pkey", "Startup Cost": 0.0, "Total Cost": 8.81, "Plan Rows": 112, "Plan Width": 0, "Actual Startup Time": 0.014, "Actual Total Time": 0.014, "Actual Rows": 112, "Actual Loops": 1}]}, {"Node Type": "Bitmap Heap Scan", "Parent Relationship": "Inner", "Relation Name": "movie_info_idx", "Alias": "mi_idx", "Startup Cost": 7502.06, "Total Cost": 18288.66, "Plan Rows": 345008, "Plan Width": 8, "Actual Startup Time": 0.023, "Actual Total Time": 0.024, "Actual Rows": 10, "Actual Loops": 1, "Recheck Cond": "(info_type_id = it.id), (LLVM Optimized, Jit Execute)", "Rows Removed by Index Recheck": 0, "Exact Heap Blocks": 1, "Lossy Heap Blocks": 1, "Plans": [{"Node Type": "Bitmap Index Scan", "Parent Relationship": "Outer", "Index Name": "info_type_id_movie_info_idx", "Startup Cost": 0.0, "Total Cost": 7415.81, "Plan Rows": 345008, "Plan Width": 0, "Actual Startup Time": 0.015, "Actual Total Time": 0.015, "Actual Rows": 10, "Actual Loops": 1, "Index Cond": "(info_type_id = it.id)"}]}]}]}, {"Node Type": "Sort", "Parent Relationship": "Inner", "Startup Cost": 210129.52, "Total Cost": 213390.81, "Plan Rows": 1304518, "Plan Width": 28, "Actual Startup Time": 683.149, "Actual Total Time": 700.118, "Actual Rows": 132371, "Actual Loops": 1, "Sort Key": ["mc.movie_id"], "Sort Method": "quicksort", "Sort Space Used": 20170, "Sort Space Type": "Memory", "Plans": [{"Node Type": "Nested Loop", "Parent Relationship": "Outer", "Join Type": "Inner", "Startup Cost": 29278.87, "Total Cost": 77622.54, "Plan Rows": 1304518, "Plan Width": 28, "Actual Startup Time": 145.729, "Actual Total Time": 632.121, "Actual Rows": 140904, "Actual Loops": 1, "Inner Unique": false, "Plans": [{"Node Type": "Bitmap Heap Scan", "Parent Relationship": "Outer", "Relation Name": "company_type", "Alias": "ct", "Startup Cost": 8.27, "Total Cost": 12.3, "Plan Rows": 1, "Plan Width": 4, "Actual Startup Time": 0.008, "Actual Total Time": 0.014, "Actual Rows": 1, "Actual Loops": 1, "Filter": "((kind)::text = 'production companies'::text)", "Rows Removed by Filter": 2, "Exact Heap Blocks": 1, "Lossy Heap Blocks": 1, "Plans": [{"Node Type": "Bitmap Index Scan", "Parent Relationship": "Outer", "Index Name": "company_type_pkey", "Startup Cost": 0.0, "Total Cost": 8.27, "Plan Rows": 3, "Plan Width": 0, "Actual Startup Time": 0.002, "Actual Total Time": 0.002, "Actual Rows": 3, "Actual Loops": 1}]}, {"Node Type": "Bitmap Heap Scan", "Parent Relationship": "Inner", "Relation Name": "movie_companies", "Alias": "mc", "Startup Cost": 29270.61, "Total Cost": 64565.07, "Plan Rows": 1304517, "Plan Width": 32, "Actual Startup Time": 145.716, "Actual Total Time": 604.267, "Actual Rows": 140904, "Actual Loops": 1, "Recheck Cond": "(company_type_id = ct.id), (LLVM Optimized, Jit Execute)", "Rows Removed by Index Recheck": 0, "Filter": "((note)::text !~~ '%(as Metro-Goldwyn-Mayer Pictures)%'::text), (LLVM Optimized, Jit Execute)", "Rows Removed by Filter": 1193979, "Exact Heap Blocks": 6196, "Lossy Heap Blocks": 6196, "Plans": [{"Node Type": "Bitmap Index Scan", "Parent Relationship": "Outer", "Index Name": "company_type_id_movie_companies", "Startup Cost": 0.0, "Total Cost": 28944.48, "Plan Rows": 1304564, "Plan Width": 0, "Actual Startup Time": 144.504, "Actual Total Time": 144.504, "Actual Rows": 1334883, "Actual Loops": 1, "Index Cond": "(company_type_id = ct.id)"}]}]}]}]}, {"Node Type": "Sort", "Parent Relationship": "Inner", "Startup Cost": 192512.36, "Total Cost": 194310.46, "Plan Rows": 719240, "Plan Width": 25, "Actual Startup Time": 1769.826, "Actual Total Time": 1902.185, "Actual Rows": 669805, "Actual Loops": 1, "Sort Key": ["t.id"], "Sort Method": "quicksort", "Sort Space Used": 95710, "Sort Space Type": "Memory", "Plans": [{"Node Type": "Bitmap Heap Scan", "Parent Relationship": "Outer", "Relation Name": "title", "Alias": "t", "Startup Cost": 49833.61, "Total Cost": 122544.28, "Plan Rows": 719240, "Plan Width": 25, "Actual Startup Time": 312.62, "Actual Total Time": 1464.382, "Actual Rows": 716259, "Actual Loops": 1, "Filter": "((production_year >= 2005) AND (production_year <= 2010)), (LLVM Optimized, Jit Execute)", "Rows Removed by Filter": 1812052, "Exact Heap Blocks": 34786, "Lossy Heap Blocks": 34786, "Plans": [{"Node Type": "Bitmap Index Scan", "Parent Relationship": "Outer", "Index Name": "title_pkey", "Startup Cost": 0.0, "Total Cost": 49653.81, "Plan Rows": 2528311, "Plan Width": 0, "Actual Startup Time": 304.821, "Actual Total Time": 304.821, "Actual Rows": 2528311, "Actual Loops": 1}]}]}]}]}, "Triggers": [], "Planner Runtime": 6.613, "Total Runtime": 2744.695, "Unique SQL Id": 1162488282}}, "(64, '24')": {"explain_plan": {"Plan": {"Node Type": "Aggregate", "Strategy": "Plain", "Startup Cost": 346032.47, "Total Cost": 346032.48, "Plan Rows": 1, "Plan Width": 113, "Plans": [{"Node Type": "Nested Loop", "Parent Relationship": "Outer", "Join Type": "Inner", "Startup Cost": 0.0, "Total Cost": 342676.45, "Plan Rows": 447470, "Plan Width": 45, "Inner Unique": false, "Join Filter": "(mc.company_type_id = ct.id), (LLVM Optimized)", "Plans": [{"Node Type": "Seq Scan", "Parent Relationship": "Outer", "Relation Name": "company_type", "Alias": "ct", "Startup Cost": 0.0, "Total Cost": 1.04, "Plan Rows": 1, "Plan Width": 4, "Filter": "((kind)::text = 'production companies'::text)"}, {"Node Type": "Nested Loop", "Parent Relationship": "Inner", "Join Type": "Inner", "Startup Cost": 0.0, "Total Cost": 335810.42, "Plan Rows": 549199, "Plan Width": 49, "Inner Unique": false, "Join Filter": "(t.id = mc.movie_id), (LLVM Optimized)", "Plans": [{"Node Type": "Nested Loop", "Parent Relationship": "Outer", "Join Type": "Inner", "Startup Cost": 0.0, "Total Cost": 179893.38, "Plan Rows": 396404, "Plan Width": 29, "Inner Unique": true, "Plans": [{"Node Type": "Nested Loop", "Parent Relationship": "Outer", "Join Type": "Inner", "Startup Cost": 0.0, "Total Cost": 37527.17, "Plan Rows": 345008, "Plan Width": 4, "Inner Unique": false, "Join Filter": "(it.id = mi_idx.info_type_id), (LLVM Optimized)", "Plans": [{"Node Type": "Seq Scan", "Parent Relationship": "Outer", "Relation Name": "info_type", "Alias": "it", "Startup Cost": 0.0, "Total Cost": 2.4, "Plan Rows": 1, "Plan Width": 4, "Filter": "((info)::text = 'bottom 10 rank'::text)"}, {"Node Type": "Seq Scan", "Parent Relationship": "Inner", "Relation Name": "movie_info_idx", "Alias": "mi_idx", "Startup Cost": 0.0, "Total Cost": 20274.34, "Plan Rows": 1380034, "Plan Width": 8}]}, {"Node Type": "Index Scan", "Parent Relationship": "Inner", "Scan Direction": "Forward", "Index Name": "title_pkey", "Relation Name": "title", "Alias": "t", "Startup Cost": 0.0, "Total Cost": 0.4, "Plan Rows": 1, "Plan Width": 25, "Index Cond": "(id = mi_idx.movie_id)", "Filter": "((production_year >= 2005) AND (production_year <= 2010))"}]}, {"Node Type": "Index Scan", "Parent Relationship": "Inner", "Scan Direction": "Forward", "Index Name": "movie_id_movie_companies", "Relation Name": "movie_companies", "Alias": "mc", "Startup Cost": 0.0, "Total Cost": 0.37, "Plan Rows": 2, "Plan Width": 32, "Index Cond": "(movie_id = mi_idx.movie_id)", "Filter": "((note)::text !~~ '%(as Metro-Goldwyn-Mayer Pictures)%'::text)"}]}]}]}, "Unique SQL Id": 1162488282, "Planner Runtime": 7}, "explain_analyze_plan": {"Plan": {"Node Type": "Aggregate", "Strategy": "Plain", "Startup Cost": 346032.47, "Total Cost": 346032.48, "Plan Rows": 1, "Plan Width": 113, "Actual Startup Time": 609.639, "Actual Total Time": 609.639, "Actual Rows": 1, "Actual Loops": 1, "Plans": [{"Node Type": "Nested Loop", "Parent Relationship": "Outer", "Join Type": "Inner", "Startup Cost": 0.0, "Total Cost": 342676.45, "Plan Rows": 447470, "Plan Width": 45, "Actual Startup Time": 609.579, "Actual Total Time": 609.611, "Actual Rows": 3, "Actual Loops": 1, "Inner Unique": false, "Join Filter": "(mc.company_type_id = ct.id), (LLVM Optimized)", "Rows Removed by Join Filter": 63, "Plans": [{"Node Type": "Seq Scan", "Parent Relationship": "Outer", "Relation Name": "company_type", "Alias": "ct", "Startup Cost": 0.0, "Total Cost": 1.04, "Plan Rows": 1, "Plan Width": 4, "Actual Startup Time": 0.018, "Actual Total Time": 0.024, "Actual Rows": 1, "Actual Loops": 1, "Filter": "((kind)::text = 'production companies'::text)", "Rows Removed by Filter": 2}, {"Node Type": "Nested Loop", "Parent Relationship": "Inner", "Join Type": "Inner", "Startup Cost": 0.0, "Total Cost": 335810.42, "Plan Rows": 549199, "Plan Width": 49, "Actual Startup Time": 609.377, "Actual Total Time": 609.56, "Actual Rows": 66, "Actual Loops": 1, "Inner Unique": false, "Join Filter": "(t.id = mc.movie_id), (LLVM Optimized)", "Rows Removed by Join Filter": 0, "Plans": [{"Node Type": "Nested Loop", "Parent Relationship": "Outer", "Join Type": "Inner", "Startup Cost": 0.0, "Total Cost": 179893.38, "Plan Rows": 396404, "Plan Width": 29, "Actual Startup Time": 609.332, "Actual Total Time": 609.396, "Actual Rows": 4, "Actual Loops": 1, "Inner Unique": true, "Plans": [{"Node Type": "Nested Loop", "Parent Relationship": "Outer", "Join Type": "Inner", "Startup Cost": 0.0, "Total Cost": 37527.17, "Plan Rows": 345008, "Plan Width": 4, "Actual Startup Time": 609.192, "Actual Total Time": 609.219, "Actual Rows": 10, "Actual Loops": 1, "Inner Unique": false, "Join Filter": "(it.id = mi_idx.info_type_id), (LLVM Optimized)", "Rows Removed by Join Filter": 1380024, "Plans": [{"Node Type": "Seq Scan", "Parent Relationship": "Outer", "Relation Name": "info_type", "Alias": "it", "Startup Cost": 0.0, "Total Cost": 2.4, "Plan Rows": 1, "Plan Width": 4, "Actual Startup Time": 0.053, "Actual Total Time": 0.07, "Actual Rows": 1, "Actual Loops": 1, "Filter": "((info)::text = 'bottom 10 rank'::text)", "Rows Removed by Filter": 111}, {"Node Type": "Seq Scan", "Parent Relationship": "Inner", "Relation Name": "movie_info_idx", "Alias": "mi_idx", "Startup Cost": 0.0, "Total Cost": 20274.34, "Plan Rows": 1380034, "Plan Width": 8, "Actual Startup Time": 0.035, "Actual Total Time": 298.442, "Actual Rows": 1380034, "Actual Loops": 1}]}, {"Node Type": "Index Scan", "Parent Relationship": "Inner", "Scan Direction": "Forward", "Index Name": "title_pkey", "Relation Name": "title", "Alias": "t", "Startup Cost": 0.0, "Total Cost": 0.4, "Plan Rows": 1, "Plan Width": 25, "Actual Startup Time": 0.155, "Actual Total Time": 0.155, "Actual Rows": 4, "Actual Loops": 10, "Index Cond": "(id = mi_idx.movie_id)", "Rows Removed by Index Recheck": 0, "Filter": "((production_year >= 2005) AND (production_year <= 2010))", "Rows Removed by Filter": 6}]}, {"Node Type": "Index Scan", "Parent Relationship": "Inner", "Scan Direction": "Forward", "Index Name": "movie_id_movie_companies", "Relation Name": "movie_companies", "Alias": "mc", "Startup Cost": 0.0, "Total Cost": 0.37, "Plan Rows": 2, "Plan Width": 32, "Actual Startup Time": 0.064, "Actual Total Time": 0.124, "Actual Rows": 66, "Actual Loops": 4, "Index Cond": "(movie_id = mi_idx.movie_id)", "Rows Removed by Index Recheck": 0, "Filter": "((note)::text !~~ '%(as Metro-Goldwyn-Mayer Pictures)%'::text)", "Rows Removed by Filter": 7}]}]}]}, "Triggers": [], "Planner Runtime": 7.364, "Total Runtime": 619.588, "Unique SQL Id": 1162488282}}, "(64, '25')": {"explain_plan": {"Plan": {"Node Type": "Aggregate", "Strategy": "Plain", "Startup Cost": 343430.3, "Total Cost": 343430.31, "Plan Rows": 1, "Plan Width": 113, "Plans": [{"Node Type": "Nested Loop", "Parent Relationship": "Outer", "Join Type": "Inner", "Startup Cost": 2.77, "Total Cost": 340074.28, "Plan Rows": 447470, "Plan Width": 45, "Inner Unique": false, "Join Filter": "(mc.company_type_id = ct.id), (LLVM Optimized)", "Plans": [{"Node Type": "Index Scan", "Parent Relationship": "Outer", "Scan Direction": "Forward", "Index Name": "company_type_pkey", "Relation Name": "company_type", "Alias": "ct", "Startup Cost": 0.0, "Total Cost": 12.3, "Plan Rows": 1, "Plan Width": 4, "Filter": "((kind)::text = 'production companies'::text)"}, {"Node Type": "Merge Join", "Parent Relationship": "Inner", "Join Type": "Inner", "Startup Cost": 2.77, "Total Cost": 333196.99, "Plan Rows": 549199, "Plan Width": 49, "Inner Unique": true, "Merge Cond": "(mc.movie_id = t.id)", "Plans": [{"Node Type": "Nested Loop", "Parent Relationship": "Outer", "Join Type": "Inner", "Startup Cost": 0.0, "Total Cost": 201191.56, "Plan Rows": 829046, "Plan Width": 36, "Inner Unique": false, "Plans": [{"Node Type": "Nested Loop", "Parent Relationship": "Outer", "Join Type": "Inner", "Startup Cost": 0.0, "Total Cost": 67215.08, "Plan Rows": 345008, "Plan Width": 4, "Inner Unique": true, "Join Filter": "(it.id = mi_idx.info_type_id), (LLVM Optimized)", "Plans": [{"Node Type": "Index Scan", "Parent Relationship": "Outer", "Scan Direction": "Forward", "Index Name": "movie_id_movie_info_idx", "Relation Name": "movie_info_idx", "Alias": "mi_idx", "Startup Cost": 0.0, "Total Cost": 46500.35, "Plan Rows": 1380034, "Plan Width": 8}, {"Node Type": "Materialize", "Parent Relationship": "Inner", "Startup Cost": 0.0, "Total Cost": 14.22, "Plan Rows": 1, "Plan Width": 4, "Plans": [{"Node Type": "Index Scan", "Parent Relationship": "Outer", "Scan Direction": "Forward", "Index Name": "info_type_pkey", "Relation Name": "info_type", "Alias": "it", "Startup Cost": 0.0, "Total Cost": 14.21, "Plan Rows": 1, "Plan Width": 4, "Filter": "((info)::text = 'bottom 10 rank'::text)"}]}]}, {"Node Type": "Index Scan", "Parent Relationship": "Inner", "Scan Direction": "Forward", "Index Name": "movie_id_movie_companies", "Relation Name": "movie_companies", "Alias": "mc", "Startup Cost": 0.0, "Total Cost": 0.37, "Plan Rows": 2, "Plan Width": 32, "Index Cond": "(movie_id = mi_idx.movie_id)", "Filter": "((note)::text !~~ '%(as Metro-Goldwyn-Mayer Pictures)%'::text)"}]}, {"Node Type": "Index Scan", "Parent Relationship": "Inner", "Scan Direction": "Forward", "Index Name": "title_pkey", "Relation Name": "title", "Alias": "t", "Startup Cost": 0.0, "Total Cost": 122762.04, "Plan Rows": 719240, "Plan Width": 25, "Filter": "((production_year >= 2005) AND (production_year <= 2010)), (LLVM Optimized)"}]}]}]}, "Unique SQL Id": 1162488282, "Planner Runtime": 7}, "explain_analyze_plan": null}, "(64, '26')": {"explain_plan": {"Plan": {"Node Type": "Aggregate", "Strategy": "Plain", "Startup Cost": 1830331.17, "Total Cost": 1830331.2, "Plan Rows": 1, "Plan Width": 113, "Plans": [{"Node Type": "Streaming(type: LOCAL GATHER dop: 1/64)", "Parent Relationship": "Outer", "Startup Cost": 1830331.17, "Total Cost": 1830331.2, "Plan Rows": 1, "Plan Width": 113, "Plans": [{"Node Type": "Aggregate", "Strategy": "Plain", "Parent Relationship": "Outer", "Startup Cost": 1830331.17, "Total Cost": 1830331.18, "Plan Rows": 1, "Plan Width": 113, "Plans": [{"Node Type": "Nested Loop", "Parent Relationship": "Outer", "Join Type": "Inner", "Startup Cost": 284535.9, "Total Cost": 1827841.13, "Plan Rows": 332005, "Plan Width": 45, "Inner Unique": true, "Join Filter": "(mc.movie_id = t.id), (LLVM Optimized)", "Plans": [{"Node Type": "Streaming(type: LOCAL REDISTRIBUTE dop: 64/1)", "Parent Relationship": "Outer", "Startup Cost": 282722.55, "Total Cost": 379919.8, "Plan Rows": 501180, "Plan Width": 32, "Plans": [{"Node Type": "Merge Join", "Parent Relationship": "Outer", "Join Type": "Inner", "Startup Cost": 282722.55, "Total Cost": 296556.92, "Plan Rows": 501180, "Plan Width": 32, "Inner Unique": false, "Merge Cond": "(mi_idx.movie_id = mc.movie_id)", "Plans": [{"Node Type": "Sort", "Parent Relationship": "Outer", "Startup Cost": 69261.47, "Total Cost": 70123.99, "Plan Rows": 345008, "Plan Width": 4, "Sort Key": ["mi_idx.movie_id"], "Plans": [{"Node Type": "Nested Loop", "Parent Relationship": "Outer", "Join Type": "Inner", "Startup Cost": 0.0, "Total Cost": 37527.17, "Plan Rows": 345008, "Plan Width": 4, "Inner Unique": false, "Join Filter": "(it.id = mi_idx.info_type_id), (LLVM Optimized)", "Plans": [{"Node Type": "Seq Scan", "Parent Relationship": "Outer", "Relation Name": "info_type", "Alias": "it", "Startup Cost": 0.0, "Total Cost": 2.4, "Plan Rows": 1, "Plan Width": 4, "Filter": "((info)::text = 'bottom 10 rank'::text)"}, {"Node Type": "Seq Scan", "Parent Relationship": "Inner", "Relation Name": "movie_info_idx", "Alias": "mi_idx", "Startup Cost": 0.0, "Total Cost": 20274.34, "Plan Rows": 1380034, "Plan Width": 8}]}]}, {"Node Type": "Sort", "Parent Relationship": "Inner", "Startup Cost": 213461.05, "Total Cost": 216722.34, "Plan Rows": 1304518, "Plan Width": 28, "Sort Key": ["mc.movie_id"], "Plans": [{"Node Type": "Nested Loop", "Parent Relationship": "Outer", "Join Type": "Inner", "Startup Cost": 0.0, "Total Cost": 80954.08, "Plan Rows": 1304518, "Plan Width": 28, "Inner Unique": false, "Join Filter": "(ct.id = mc.company_type_id), (LLVM Optimized)", "Plans": [{"Node Type": "Seq Scan", "Parent Relationship": "Outer", "Relation Name": "company_type", "Alias": "ct", "Startup Cost": 0.0, "Total Cost": 1.04, "Plan Rows": 1, "Plan Width": 4, "Filter": "((kind)::text = 'production companies'::text)"}, {"Node Type": "Seq Scan", "Parent Relationship": "Inner", "Relation Name": "movie_companies", "Alias": "mc", "Startup Cost": 0.0, "Total Cost": 48340.1, "Plan Rows": 2609035, "Plan Width": 32, "Filter": "((note)::text !~~ '%(as Metro-Goldwyn-Mayer Pictures)%'::text), (LLVM Optimized)"}]}]}]}]}, {"Node Type": "Materialize", "Parent Relationship": "Inner", "Startup Cost": 1813.35, "Total Cost": 127873.61, "Plan Rows": 719240, "Plan Width": 25, "Plans": [{"Node Type": "Streaming(type: LOCAL REDISTRIBUTE dop: 64/64)", "Parent Relationship": "Outer", "Startup Cost": 1813.35, "Total Cost": 127817.42, "Plan Rows": 719240, "Plan Width": 25, "Plans": [{"Node Type": "Seq Scan", "Parent Relationship": "Outer", "Relation Name": "title", "Alias": "t", "Startup Cost": 1813.35, "Total Cost": 64136.1, "Plan Rows": 719240, "Plan Width": 25, "Filter": "((production_year >= 2005) AND (production_year <= 2010)), (LLVM Optimized)"}]}]}]}]}]}]}, "Unique SQL Id": 1162488282, "Planner Runtime": 7}, "explain_analyze_plan": {"Plan": {"Node Type": "Aggregate", "Strategy": "Plain", "Startup Cost": 1830331.17, "Total Cost": 1830331.2, "Plan Rows": 1, "Plan Width": 113, "Actual Min Startup Time": 2400.884, "Actual Max Startup Time": 2400.884, "Actual Min Total Time": 2400.884, "Actual Max Total Time": 2400.884, "Plans": [{"Node Type": "Streaming(type: LOCAL GATHER dop: 1/64)", "Parent Relationship": "Outer", "Startup Cost": 1830331.17, "Total Cost": 1830331.2, "Plan Rows": 1, "Plan Width": 113, "Actual Min Startup Time": 2393.396, "Actual Max Startup Time": 2393.396, "Actual Min Total Time": 2400.847, "Actual Max Total Time": 2400.847, "Plans": [{"Node Type": "Aggregate", "Strategy": "Plain", "Parent Relationship": "Outer", "Startup Cost": 1830331.17, "Total Cost": 1830331.18, "Plan Rows": 1, "Plan Width": 113, "Actual Min Startup Time": 1884.756, "Actual Max Startup Time": 2213.121, "Actual Min Total Time": 1884.757, "Actual Max Total Time": 2213.122, "Plans": [{"Node Type": "Nested Loop", "Parent Relationship": "Outer", "Join Type": "Inner", "Startup Cost": 284535.9, "Total Cost": 1827841.13, "Plan Rows": 332005, "Plan Width": 45, "Actual Min Startup Time": 1884.741, "Actual Max Startup Time": 2213.11, "Actual Min Total Time": 1884.741, "Actual Max Total Time": 2213.11, "Inner Unique": true, "Join Filter": "(mc.movie_id = t.id), (LLVM Optimized, Jit Execute)", "Rows Removed by Join Filter": 46566, "Plans": [{"Node Type": "Streaming(type: LOCAL REDISTRIBUTE dop: 64/1)", "Parent Relationship": "Outer", "Startup Cost": 282722.55, "Total Cost": 379919.8, "Plan Rows": 501180, "Plan Width": 32, "Actual Min Startup Time": 1853.135, "Actual Max Startup Time": 1854.622, "Actual Min Total Time": 1853.135, "Actual Max Total Time": 1854.622, "Plans": [{"Node Type": "Merge Join", "Parent Relationship": "Outer", "Join Type": "Inner", "Startup Cost": 282722.55, "Total Cost": 296556.92, "Plan Rows": 501180, "Plan Width": 32, "Actual Min Startup Time": 1974.446, "Actual Max Startup Time": 1974.446, "Actual Min Total Time": 1990.078, "Actual Max Total Time": 1990.078, "Inner Unique": false, "Merge Cond": "(mi_idx.movie_id = mc.movie_id)", "Plans": [{"Node Type": "Sort", "Parent Relationship": "Outer", "Startup Cost": 69261.47, "Total Cost": 70123.99, "Plan Rows": 345008, "Plan Width": 4, "Actual Min Startup Time": 609.33, "Actual Max Startup Time": 609.33, "Actual Min Total Time": 609.331, "Actual Max Total Time": 609.331, "Sort Key": ["mi_idx.movie_id"], "Sort Method": "quicksort", "Sort Space Min Used": 25, "Sort Space Max Used": 25, "Sort Space Type": "Memory", "Plans": [{"Node Type": "Nested Loop", "Parent Relationship": "Outer", "Join Type": "Inner", "Startup Cost": 0.0, "Total Cost": 37527.17, "Plan Rows": 345008, "Plan Width": 4, "Actual Min Startup Time": 609.281, "Actual Max Startup Time": 609.281, "Actual Min Total Time": 609.296, "Actual Max Total Time": 609.296, "Inner Unique": false, "Join Filter": "(it.id = mi_idx.info_type_id), (LLVM Optimized, Jit Execute)", "Rows Removed by Join Filter": 1380024, "Plans": [{"Node Type": "Seq Scan", "Parent Relationship": "Outer", "Relation Name": "info_type", "Alias": "it", "Startup Cost": 0.0, "Total Cost": 2.4, "Plan Rows": 1, "Plan Width": 4, "Actual Min Startup Time": 0.068, "Actual Max Startup Time": 0.068, "Actual Min Total Time": 0.076, "Actual Max Total Time": 0.076, "Filter": "((info)::text = 'bottom 10 rank'::text)", "Rows Removed by Filter": 111, "Actual Rows": 1}, {"Node Type": "Seq Scan", "Parent Relationship": "Inner", "Relation Name": "movie_info_idx", "Alias": "mi_idx", "Startup Cost": 0.0, "Total Cost": 20274.34, "Plan Rows": 1380034, "Plan Width": 8, "Actual Min Startup Time": 0.039, "Actual Max Startup Time": 0.039, "Actual Min Total Time": 321.28, "Actual Max Total Time": 321.28, "Actual Rows": 1380034}], "Actual Rows": 10}], "Actual Rows": 10}, {"Node Type": "Sort", "Parent Relationship": "Inner", "Startup Cost": 213461.05, "Total Cost": 216722.34, "Plan Rows": 1304518, "Plan Width": 28, "Actual Min Startup Time": 1349.737, "Actual Max Startup Time": 1349.737, "Actual Min Total Time": 1361.346, "Actual Max Total Time": 1361.346, "Sort Key": ["mc.movie_id"], "Sort Method": "quicksort", "Sort Space Min Used": 20170, "Sort Space Max Used": 20170, "Sort Space Type": "Memory", "Plans": [{"Node Type": "Nested Loop", "Parent Relationship": "Outer", "Join Type": "Inner", "Startup Cost": 0.0, "Total Cost": 80954.08, "Plan Rows": 1304518, "Plan Width": 28, "Actual Min Startup Time": 906.567, "Actual Max Startup Time": 906.567, "Actual Min Total Time": 1298.842, "Actual Max Total Time": 1298.842, "Inner Unique": false, "Join Filter": "(ct.id = mc.company_type_id), (LLVM Optimized, Jit Execute)", "Rows Removed by Join Filter": 1196183, "Plans": [{"Node Type": "Seq Scan", "Parent Relationship": "Outer", "Relation Name": "company_type", "Alias": "ct", "Startup Cost": 0.0, "Total Cost": 1.04, "Plan Rows": 1, "Plan Width": 4, "Actual Min Startup Time": 0.031, "Actual Max Startup Time": 0.031, "Actual Min Total Time": 0.034, "Actual Max Total Time": 0.034, "Filter": "((kind)::text = 'production companies'::text)", "Rows Removed by Filter": 2, "Actual Rows": 1}, {"Node Type": "Seq Scan", "Parent Relationship": "Inner", "Relation Name": "movie_companies", "Alias": "mc", "Startup Cost": 0.0, "Total Cost": 48340.1, "Plan Rows": 2609035, "Plan Width": 32, "Actual Min Startup Time": 0.041, "Actual Max Startup Time": 0.041, "Actual Min Total Time": 1000.827, "Actual Max Total Time": 1000.827, "Filter": "((note)::text !~~ '%(as Metro-Goldwyn-Mayer Pictures)%'::text), (LLVM Optimized, Jit Execute)", "Rows Removed by Filter": 1272041, "Actual Rows": 1337087}], "Actual Rows": 140904}], "Actual Rows": 132371}], "Actual Rows": 5}], "Actual Rows": 5}, {"Node Type": "Materialize", "Parent Relationship": "Inner", "Startup Cost": 1813.35, "Total Cost": 127873.61, "Plan Rows": 719240, "Plan Width": 25, "Actual Min Startup Time": 29.452, "Actual Max Startup Time": 357.778, "Actual Min Total Time": 29.452, "Actual Max Total Time": 357.778, "Plans": [{"Node Type": "Streaming(type: LOCAL REDISTRIBUTE dop: 64/64)", "Parent Relationship": "Outer", "Startup Cost": 1813.35, "Total Cost": 127817.42, "Plan Rows": 719240, "Plan Width": 25, "Actual Min Startup Time": 0.127, "Actual Max Startup Time": 257.726, "Actual Min Total Time": 26.993, "Actual Max Total Time": 355.079, "Plans": [{"Node Type": "Seq Scan", "Parent Relationship": "Outer", "Relation Name": "title", "Alias": "t", "Startup Cost": 1813.35, "Total Cost": 64136.1, "Plan Rows": 719240, "Plan Width": 25, "Actual Min Startup Time": 0.03, "Actual Max Startup Time": 0.057, "Actual Min Total Time": 15.722, "Actual Max Total Time": 19.787, "Filter": "((production_year >= 2005) AND (production_year <= 2010)), (LLVM Optimized, Jit Execute)", "Rows Removed by Filter": 1812052, "Actual Rows": 716259}], "Actual Rows": 716259}], "Actual Rows": 46633}], "Actual Rows": 3}], "Actual Rows": 64}], "Actual Rows": 64}], "Actual Rows": 1}, "Triggers": [], "Planner Runtime": 6.838, "Total Runtime": 2441.931, "Unique SQL Id": 1162488282}}, "(64, '27')": {"explain_plan": {"Plan": {"Node Type": "Aggregate", "Strategy": "Plain", "Startup Cost": 4996298643025.23, "Total Cost": 4996298643025.24, "Plan Rows": 1, "Plan Width": 113, "Plans": [{"Node Type": "Merge Join", "Parent Relationship": "Outer", "Join Type": "Inner", "Startup Cost": 50033501541.7, "Total Cost": 4996298639669.21, "Plan Rows": 447470, "Plan Width": 45, "Inner Unique": false, "Merge Cond": "(t.id = mi_idx.movie_id)", "Plans": [{"Node Type": "Nested Loop", "Parent Relationship": "Outer", "Join Type": "Inner", "Startup Cost": 30022023519.89, "Total Cost": 2999077645366.78, "Plan Rows": 1164716, "Plan Width": 53, "Inner Unique": true, "Join Filter": "(mc.company_type_id = ct.id), (LLVM Optimized)", "Plans": [{"Node Type": "Merge Join", "Parent Relationship": "Outer", "Join Type": "Inner", "Startup Cost": 20022023519.89, "Total Cost": 1999077618211.31, "Plan Rows": 1728348, "Plan Width": 57, "Inner Unique": false, "Merge Cond": "(t.id = mc.movie_id)", "Plans": [{"Node Type": "Index Scan", "Parent Relationship": "Outer", "Scan Direction": "Forward", "Index Name": "title_pkey", "Relation Name": "title", "Alias": "t", "Startup Cost": 10000000000.0, "Total Cost": 1000012276204.41, "Plan Rows": 719240, "Plan Width": 25, "Filter": "((production_year >= 2005) AND (production_year <= 2010)), (LLVM Optimized)"}, {"Node Type": "Index Scan", "Parent Relationship": "Inner", "Scan Direction": "Forward", "Index Name": "movie_id_movie_companies", "Relation Name": "movie_companies", "Alias": "mc", "Startup Cost": 10000000000.0, "Total Cost": 1000013704228.13, "Plan Rows": 2609035, "Plan Width": 32, "Filter": "((note)::text !~~ '%(as Metro-Goldwyn-Mayer Pictures)%'::text), (LLVM Optimized)"}]}, {"Node Type": "Materialize", "Parent Relationship": "Inner", "Startup Cost": 10000000000.0, "Total Cost": 1000000001230.26, "Plan Rows": 1, "Plan Width": 4, "Plans": [{"Node Type": "Index Scan", "Parent Relationship": "Outer", "Scan Direction": "Forward", "Index Name": "company_type_pkey", "Relation Name": "company_type", "Alias": "ct", "Startup Cost": 10000000000.0, "Total Cost": 1000000001230.25, "Plan Rows": 1, "Plan Width": 4, "Filter": "((kind)::text = 'production companies'::text)"}]}]}, {"Node Type": "Materialize", "Parent Relationship": "Inner", "Startup Cost": 20000000000.0, "Total Cost": 2000004673019.4, "Plan Rows": 345008, "Plan Width": 4, "Plans": [{"Node Type": "Nested Loop", "Parent Relationship": "Outer", "Join Type": "Inner", "Startup Cost": 20000000000.0, "Total Cost": 2000004672156.88, "Plan Rows": 345008, "Plan Width": 4, "Inner Unique": true, "Join Filter": "(it.id = mi_idx.info_type_id), (LLVM Optimized)", "Plans": [{"Node Type": "Index Scan", "Parent Relationship": "Outer", "Scan Direction": "Forward", "Index Name": "movie_id_movie_info_idx", "Relation Name": "movie_info_idx", "Alias": "mi_idx", "Startup Cost": 10000000000.0, "Total Cost": 1000004650035.37, "Plan Rows": 1380034, "Plan Width": 8}, {"Node Type": "Materialize", "Parent Relationship": "Inner", "Startup Cost": 10000000000.0, "Total Cost": 1000000001421.0, "Plan Rows": 1, "Plan Width": 4, "Plans": [{"Node Type": "Index Scan", "Parent Relationship": "Outer", "Scan Direction": "Forward", "Index Name": "info_type_pkey", "Relation Name": "info_type", "Alias": "it", "Startup Cost": 10000000000.0, "Total Cost": 1000000001421.0, "Plan Rows": 1, "Plan Width": 4, "Filter": "((info)::text = 'bottom 10 rank'::text)"}]}]}]}]}]}, "Unique SQL Id": 1162488282, "Planner Runtime": 10}, "explain_analyze_plan": null}, "(64, '28')": {"explain_plan": {"Plan": {"Node Type": "Aggregate", "Strategy": "Plain", "Startup Cost": 346032.47, "Total Cost": 346032.48, "Plan Rows": 1, "Plan Width": 113, "Plans": [{"Node Type": "Nested Loop", "Parent Relationship": "Outer", "Join Type": "Inner", "Startup Cost": 0.0, "Total Cost": 342676.45, "Plan Rows": 447470, "Plan Width": 45, "Inner Unique": false, "Join Filter": "(mc.company_type_id = ct.id), (LLVM Optimized)", "Plans": [{"Node Type": "Seq Scan", "Parent Relationship": "Outer", "Relation Name": "company_type", "Alias": "ct", "Startup Cost": 0.0, "Total Cost": 1.04, "Plan Rows": 1, "Plan Width": 4, "Filter": "((kind)::text = 'production companies'::text)"}, {"Node Type": "Nested Loop", "Parent Relationship": "Inner", "Join Type": "Inner", "Startup Cost": 0.0, "Total Cost": 335810.42, "Plan Rows": 549199, "Plan Width": 49, "Inner Unique": false, "Join Filter": "(t.id = mc.movie_id), (LLVM Optimized)", "Plans": [{"Node Type": "Nested Loop", "Parent Relationship": "Outer", "Join Type": "Inner", "Startup Cost": 0.0, "Total Cost": 179893.38, "Plan Rows": 396404, "Plan Width": 29, "Inner Unique": true, "Plans": [{"Node Type": "Nested Loop", "Parent Relationship": "Outer", "Join Type": "Inner", "Startup Cost": 0.0, "Total Cost": 37527.17, "Plan Rows": 345008, "Plan Width": 4, "Inner Unique": false, "Join Filter": "(it.id = mi_idx.info_type_id), (LLVM Optimized)", "Plans": [{"Node Type": "Seq Scan", "Parent Relationship": "Outer", "Relation Name": "info_type", "Alias": "it", "Startup Cost": 0.0, "Total Cost": 2.4, "Plan Rows": 1, "Plan Width": 4, "Filter": "((info)::text = 'bottom 10 rank'::text)"}, {"Node Type": "Seq Scan", "Parent Relationship": "Inner", "Relation Name": "movie_info_idx", "Alias": "mi_idx", "Startup Cost": 0.0, "Total Cost": 20274.34, "Plan Rows": 1380034, "Plan Width": 8}]}, {"Node Type": "Index Scan", "Parent Relationship": "Inner", "Scan Direction": "Forward", "Index Name": "title_pkey", "Relation Name": "title", "Alias": "t", "Startup Cost": 0.0, "Total Cost": 0.4, "Plan Rows": 1, "Plan Width": 25, "Index Cond": "(id = mi_idx.movie_id)", "Filter": "((production_year >= 2005) AND (production_year <= 2010))"}]}, {"Node Type": "Index Scan", "Parent Relationship": "Inner", "Scan Direction": "Forward", "Index Name": "movie_id_movie_companies", "Relation Name": "movie_companies", "Alias": "mc", "Startup Cost": 0.0, "Total Cost": 0.37, "Plan Rows": 2, "Plan Width": 32, "Index Cond": "(movie_id = mi_idx.movie_id)", "Filter": "((note)::text !~~ '%(as Metro-Goldwyn-Mayer Pictures)%'::text)"}]}]}]}, "Unique SQL Id": 1162488282, "Planner Runtime": 7}, "explain_analyze_plan": {"Plan": {"Node Type": "Aggregate", "Strategy": "Plain", "Startup Cost": 346032.47, "Total Cost": 346032.48, "Plan Rows": 1, "Plan Width": 113, "Actual Startup Time": 609.639, "Actual Total Time": 609.639, "Actual Rows": 1, "Actual Loops": 1, "Plans": [{"Node Type": "Nested Loop", "Parent Relationship": "Outer", "Join Type": "Inner", "Startup Cost": 0.0, "Total Cost": 342676.45, "Plan Rows": 447470, "Plan Width": 45, "Actual Startup Time": 609.579, "Actual Total Time": 609.611, "Actual Rows": 3, "Actual Loops": 1, "Inner Unique": false, "Join Filter": "(mc.company_type_id = ct.id), (LLVM Optimized)", "Rows Removed by Join Filter": 63, "Plans": [{"Node Type": "Seq Scan", "Parent Relationship": "Outer", "Relation Name": "company_type", "Alias": "ct", "Startup Cost": 0.0, "Total Cost": 1.04, "Plan Rows": 1, "Plan Width": 4, "Actual Startup Time": 0.018, "Actual Total Time": 0.024, "Actual Rows": 1, "Actual Loops": 1, "Filter": "((kind)::text = 'production companies'::text)", "Rows Removed by Filter": 2}, {"Node Type": "Nested Loop", "Parent Relationship": "Inner", "Join Type": "Inner", "Startup Cost": 0.0, "Total Cost": 335810.42, "Plan Rows": 549199, "Plan Width": 49, "Actual Startup Time": 609.377, "Actual Total Time": 609.56, "Actual Rows": 66, "Actual Loops": 1, "Inner Unique": false, "Join Filter": "(t.id = mc.movie_id), (LLVM Optimized)", "Rows Removed by Join Filter": 0, "Plans": [{"Node Type": "Nested Loop", "Parent Relationship": "Outer", "Join Type": "Inner", "Startup Cost": 0.0, "Total Cost": 179893.38, "Plan Rows": 396404, "Plan Width": 29, "Actual Startup Time": 609.332, "Actual Total Time": 609.396, "Actual Rows": 4, "Actual Loops": 1, "Inner Unique": true, "Plans": [{"Node Type": "Nested Loop", "Parent Relationship": "Outer", "Join Type": "Inner", "Startup Cost": 0.0, "Total Cost": 37527.17, "Plan Rows": 345008, "Plan Width": 4, "Actual Startup Time": 609.192, "Actual Total Time": 609.219, "Actual Rows": 10, "Actual Loops": 1, "Inner Unique": false, "Join Filter": "(it.id = mi_idx.info_type_id), (LLVM Optimized)", "Rows Removed by Join Filter": 1380024, "Plans": [{"Node Type": "Seq Scan", "Parent Relationship": "Outer", "Relation Name": "info_type", "Alias": "it", "Startup Cost": 0.0, "Total Cost": 2.4, "Plan Rows": 1, "Plan Width": 4, "Actual Startup Time": 0.053, "Actual Total Time": 0.07, "Actual Rows": 1, "Actual Loops": 1, "Filter": "((info)::text = 'bottom 10 rank'::text)", "Rows Removed by Filter": 111}, {"Node Type": "Seq Scan", "Parent Relationship": "Inner", "Relation Name": "movie_info_idx", "Alias": "mi_idx", "Startup Cost": 0.0, "Total Cost": 20274.34, "Plan Rows": 1380034, "Plan Width": 8, "Actual Startup Time": 0.035, "Actual Total Time": 298.442, "Actual Rows": 1380034, "Actual Loops": 1}]}, {"Node Type": "Index Scan", "Parent Relationship": "Inner", "Scan Direction": "Forward", "Index Name": "title_pkey", "Relation Name": "title", "Alias": "t", "Startup Cost": 0.0, "Total Cost": 0.4, "Plan Rows": 1, "Plan Width": 25, "Actual Startup Time": 0.155, "Actual Total Time": 0.155, "Actual Rows": 4, "Actual Loops": 10, "Index Cond": "(id = mi_idx.movie_id)", "Rows Removed by Index Recheck": 0, "Filter": "((production_year >= 2005) AND (production_year <= 2010))", "Rows Removed by Filter": 6}]}, {"Node Type": "Index Scan", "Parent Relationship": "Inner", "Scan Direction": "Forward", "Index Name": "movie_id_movie_companies", "Relation Name": "movie_companies", "Alias": "mc", "Startup Cost": 0.0, "Total Cost": 0.37, "Plan Rows": 2, "Plan Width": 32, "Actual Startup Time": 0.064, "Actual Total Time": 0.124, "Actual Rows": 66, "Actual Loops": 4, "Index Cond": "(movie_id = mi_idx.movie_id)", "Rows Removed by Index Recheck": 0, "Filter": "((note)::text !~~ '%(as Metro-Goldwyn-Mayer Pictures)%'::text)", "Rows Removed by Filter": 7}]}]}]}, "Triggers": [], "Planner Runtime": 7.364, "Total Runtime": 619.588, "Unique SQL Id": 1162488282}}, "(64, '29')": {"explain_plan": {"Plan": {"Node Type": "Aggregate", "Strategy": "Plain", "Startup Cost": 343430.3, "Total Cost": 343430.31, "Plan Rows": 1, "Plan Width": 113, "Plans": [{"Node Type": "Nested Loop", "Parent Relationship": "Outer", "Join Type": "Inner", "Startup Cost": 2.77, "Total Cost": 340074.28, "Plan Rows": 447470, "Plan Width": 45, "Inner Unique": false, "Join Filter": "(mc.company_type_id = ct.id), (LLVM Optimized)", "Plans": [{"Node Type": "Index Scan", "Parent Relationship": "Outer", "Scan Direction": "Forward", "Index Name": "company_type_pkey", "Relation Name": "company_type", "Alias": "ct", "Startup Cost": 0.0, "Total Cost": 12.3, "Plan Rows": 1, "Plan Width": 4, "Filter": "((kind)::text = 'production companies'::text)"}, {"Node Type": "Merge Join", "Parent Relationship": "Inner", "Join Type": "Inner", "Startup Cost": 2.77, "Total Cost": 333196.99, "Plan Rows": 549199, "Plan Width": 49, "Inner Unique": true, "Merge Cond": "(mc.movie_id = t.id)", "Plans": [{"Node Type": "Nested Loop", "Parent Relationship": "Outer", "Join Type": "Inner", "Startup Cost": 0.0, "Total Cost": 201191.56, "Plan Rows": 829046, "Plan Width": 36, "Inner Unique": false, "Plans": [{"Node Type": "Nested Loop", "Parent Relationship": "Outer", "Join Type": "Inner", "Startup Cost": 0.0, "Total Cost": 67215.08, "Plan Rows": 345008, "Plan Width": 4, "Inner Unique": true, "Join Filter": "(it.id = mi_idx.info_type_id), (LLVM Optimized)", "Plans": [{"Node Type": "Index Scan", "Parent Relationship": "Outer", "Scan Direction": "Forward", "Index Name": "movie_id_movie_info_idx", "Relation Name": "movie_info_idx", "Alias": "mi_idx", "Startup Cost": 0.0, "Total Cost": 46500.35, "Plan Rows": 1380034, "Plan Width": 8}, {"Node Type": "Materialize", "Parent Relationship": "Inner", "Startup Cost": 0.0, "Total Cost": 14.22, "Plan Rows": 1, "Plan Width": 4, "Plans": [{"Node Type": "Index Scan", "Parent Relationship": "Outer", "Scan Direction": "Forward", "Index Name": "info_type_pkey", "Relation Name": "info_type", "Alias": "it", "Startup Cost": 0.0, "Total Cost": 14.21, "Plan Rows": 1, "Plan Width": 4, "Filter": "((info)::text = 'bottom 10 rank'::text)"}]}]}, {"Node Type": "Index Scan", "Parent Relationship": "Inner", "Scan Direction": "Forward", "Index Name": "movie_id_movie_companies", "Relation Name": "movie_companies", "Alias": "mc", "Startup Cost": 0.0, "Total Cost": 0.37, "Plan Rows": 2, "Plan Width": 32, "Index Cond": "(movie_id = mi_idx.movie_id)", "Filter": "((note)::text !~~ '%(as Metro-Goldwyn-Mayer Pictures)%'::text)"}]}, {"Node Type": "Index Scan", "Parent Relationship": "Inner", "Scan Direction": "Forward", "Index Name": "title_pkey", "Relation Name": "title", "Alias": "t", "Startup Cost": 0.0, "Total Cost": 122762.04, "Plan Rows": 719240, "Plan Width": 25, "Filter": "((production_year >= 2005) AND (production_year <= 2010)), (LLVM Optimized)"}]}]}]}, "Unique SQL Id": 1162488282, "Planner Runtime": 6}, "explain_analyze_plan": null}, "(64, '30')": {"explain_plan": {"Plan": {"Node Type": "Aggregate", "Strategy": "Plain", "Startup Cost": 1830331.17, "Total Cost": 1830331.2, "Plan Rows": 1, "Plan Width": 113, "Plans": [{"Node Type": "Streaming(type: LOCAL GATHER dop: 1/64)", "Parent Relationship": "Outer", "Startup Cost": 1830331.17, "Total Cost": 1830331.2, "Plan Rows": 1, "Plan Width": 113, "Plans": [{"Node Type": "Aggregate", "Strategy": "Plain", "Parent Relationship": "Outer", "Startup Cost": 1830331.17, "Total Cost": 1830331.18, "Plan Rows": 1, "Plan Width": 113, "Plans": [{"Node Type": "Nested Loop", "Parent Relationship": "Outer", "Join Type": "Inner", "Startup Cost": 284535.9, "Total Cost": 1827841.13, "Plan Rows": 332005, "Plan Width": 45, "Inner Unique": true, "Join Filter": "(mc.movie_id = t.id), (LLVM Optimized)", "Plans": [{"Node Type": "Streaming(type: LOCAL REDISTRIBUTE dop: 64/1)", "Parent Relationship": "Outer", "Startup Cost": 282722.55, "Total Cost": 379919.8, "Plan Rows": 501180, "Plan Width": 32, "Plans": [{"Node Type": "Merge Join", "Parent Relationship": "Outer", "Join Type": "Inner", "Startup Cost": 282722.55, "Total Cost": 296556.92, "Plan Rows": 501180, "Plan Width": 32, "Inner Unique": false, "Merge Cond": "(mi_idx.movie_id = mc.movie_id)", "Plans": [{"Node Type": "Sort", "Parent Relationship": "Outer", "Startup Cost": 69261.47, "Total Cost": 70123.99, "Plan Rows": 345008, "Plan Width": 4, "Sort Key": ["mi_idx.movie_id"], "Plans": [{"Node Type": "Nested Loop", "Parent Relationship": "Outer", "Join Type": "Inner", "Startup Cost": 0.0, "Total Cost": 37527.17, "Plan Rows": 345008, "Plan Width": 4, "Inner Unique": false, "Join Filter": "(it.id = mi_idx.info_type_id), (LLVM Optimized)", "Plans": [{"Node Type": "Seq Scan", "Parent Relationship": "Outer", "Relation Name": "info_type", "Alias": "it", "Startup Cost": 0.0, "Total Cost": 2.4, "Plan Rows": 1, "Plan Width": 4, "Filter": "((info)::text = 'bottom 10 rank'::text)"}, {"Node Type": "Seq Scan", "Parent Relationship": "Inner", "Relation Name": "movie_info_idx", "Alias": "mi_idx", "Startup Cost": 0.0, "Total Cost": 20274.34, "Plan Rows": 1380034, "Plan Width": 8}]}]}, {"Node Type": "Sort", "Parent Relationship": "Inner", "Startup Cost": 213461.05, "Total Cost": 216722.34, "Plan Rows": 1304518, "Plan Width": 28, "Sort Key": ["mc.movie_id"], "Plans": [{"Node Type": "Nested Loop", "Parent Relationship": "Outer", "Join Type": "Inner", "Startup Cost": 0.0, "Total Cost": 80954.08, "Plan Rows": 1304518, "Plan Width": 28, "Inner Unique": false, "Join Filter": "(ct.id = mc.company_type_id), (LLVM Optimized)", "Plans": [{"Node Type": "Seq Scan", "Parent Relationship": "Outer", "Relation Name": "company_type", "Alias": "ct", "Startup Cost": 0.0, "Total Cost": 1.04, "Plan Rows": 1, "Plan Width": 4, "Filter": "((kind)::text = 'production companies'::text)"}, {"Node Type": "Seq Scan", "Parent Relationship": "Inner", "Relation Name": "movie_companies", "Alias": "mc", "Startup Cost": 0.0, "Total Cost": 48340.1, "Plan Rows": 2609035, "Plan Width": 32, "Filter": "((note)::text !~~ '%(as Metro-Goldwyn-Mayer Pictures)%'::text), (LLVM Optimized)"}]}]}]}]}, {"Node Type": "Materialize", "Parent Relationship": "Inner", "Startup Cost": 1813.35, "Total Cost": 127873.61, "Plan Rows": 719240, "Plan Width": 25, "Plans": [{"Node Type": "Streaming(type: LOCAL REDISTRIBUTE dop: 64/64)", "Parent Relationship": "Outer", "Startup Cost": 1813.35, "Total Cost": 127817.42, "Plan Rows": 719240, "Plan Width": 25, "Plans": [{"Node Type": "Seq Scan", "Parent Relationship": "Outer", "Relation Name": "title", "Alias": "t", "Startup Cost": 1813.35, "Total Cost": 64136.1, "Plan Rows": 719240, "Plan Width": 25, "Filter": "((production_year >= 2005) AND (production_year <= 2010)), (LLVM Optimized)"}]}]}]}]}]}]}, "Unique SQL Id": 1162488282, "Planner Runtime": 6}, "explain_analyze_plan": {"Plan": {"Node Type": "Aggregate", "Strategy": "Plain", "Startup Cost": 1830331.17, "Total Cost": 1830331.2, "Plan Rows": 1, "Plan Width": 113, "Actual Min Startup Time": 2400.884, "Actual Max Startup Time": 2400.884, "Actual Min Total Time": 2400.884, "Actual Max Total Time": 2400.884, "Plans": [{"Node Type": "Streaming(type: LOCAL GATHER dop: 1/64)", "Parent Relationship": "Outer", "Startup Cost": 1830331.17, "Total Cost": 1830331.2, "Plan Rows": 1, "Plan Width": 113, "Actual Min Startup Time": 2393.396, "Actual Max Startup Time": 2393.396, "Actual Min Total Time": 2400.847, "Actual Max Total Time": 2400.847, "Plans": [{"Node Type": "Aggregate", "Strategy": "Plain", "Parent Relationship": "Outer", "Startup Cost": 1830331.17, "Total Cost": 1830331.18, "Plan Rows": 1, "Plan Width": 113, "Actual Min Startup Time": 1884.756, "Actual Max Startup Time": 2213.121, "Actual Min Total Time": 1884.757, "Actual Max Total Time": 2213.122, "Plans": [{"Node Type": "Nested Loop", "Parent Relationship": "Outer", "Join Type": "Inner", "Startup Cost": 284535.9, "Total Cost": 1827841.13, "Plan Rows": 332005, "Plan Width": 45, "Actual Min Startup Time": 1884.741, "Actual Max Startup Time": 2213.11, "Actual Min Total Time": 1884.741, "Actual Max Total Time": 2213.11, "Inner Unique": true, "Join Filter": "(mc.movie_id = t.id), (LLVM Optimized, Jit Execute)", "Rows Removed by Join Filter": 46566, "Plans": [{"Node Type": "Streaming(type: LOCAL REDISTRIBUTE dop: 64/1)", "Parent Relationship": "Outer", "Startup Cost": 282722.55, "Total Cost": 379919.8, "Plan Rows": 501180, "Plan Width": 32, "Actual Min Startup Time": 1853.135, "Actual Max Startup Time": 1854.622, "Actual Min Total Time": 1853.135, "Actual Max Total Time": 1854.622, "Plans": [{"Node Type": "Merge Join", "Parent Relationship": "Outer", "Join Type": "Inner", "Startup Cost": 282722.55, "Total Cost": 296556.92, "Plan Rows": 501180, "Plan Width": 32, "Actual Min Startup Time": 1974.446, "Actual Max Startup Time": 1974.446, "Actual Min Total Time": 1990.078, "Actual Max Total Time": 1990.078, "Inner Unique": false, "Merge Cond": "(mi_idx.movie_id = mc.movie_id)", "Plans": [{"Node Type": "Sort", "Parent Relationship": "Outer", "Startup Cost": 69261.47, "Total Cost": 70123.99, "Plan Rows": 345008, "Plan Width": 4, "Actual Min Startup Time": 609.33, "Actual Max Startup Time": 609.33, "Actual Min Total Time": 609.331, "Actual Max Total Time": 609.331, "Sort Key": ["mi_idx.movie_id"], "Sort Method": "quicksort", "Sort Space Min Used": 25, "Sort Space Max Used": 25, "Sort Space Type": "Memory", "Plans": [{"Node Type": "Nested Loop", "Parent Relationship": "Outer", "Join Type": "Inner", "Startup Cost": 0.0, "Total Cost": 37527.17, "Plan Rows": 345008, "Plan Width": 4, "Actual Min Startup Time": 609.281, "Actual Max Startup Time": 609.281, "Actual Min Total Time": 609.296, "Actual Max Total Time": 609.296, "Inner Unique": false, "Join Filter": "(it.id = mi_idx.info_type_id), (LLVM Optimized, Jit Execute)", "Rows Removed by Join Filter": 1380024, "Plans": [{"Node Type": "Seq Scan", "Parent Relationship": "Outer", "Relation Name": "info_type", "Alias": "it", "Startup Cost": 0.0, "Total Cost": 2.4, "Plan Rows": 1, "Plan Width": 4, "Actual Min Startup Time": 0.068, "Actual Max Startup Time": 0.068, "Actual Min Total Time": 0.076, "Actual Max Total Time": 0.076, "Filter": "((info)::text = 'bottom 10 rank'::text)", "Rows Removed by Filter": 111, "Actual Rows": 1}, {"Node Type": "Seq Scan", "Parent Relationship": "Inner", "Relation Name": "movie_info_idx", "Alias": "mi_idx", "Startup Cost": 0.0, "Total Cost": 20274.34, "Plan Rows": 1380034, "Plan Width": 8, "Actual Min Startup Time": 0.039, "Actual Max Startup Time": 0.039, "Actual Min Total Time": 321.28, "Actual Max Total Time": 321.28, "Actual Rows": 1380034}], "Actual Rows": 10}], "Actual Rows": 10}, {"Node Type": "Sort", "Parent Relationship": "Inner", "Startup Cost": 213461.05, "Total Cost": 216722.34, "Plan Rows": 1304518, "Plan Width": 28, "Actual Min Startup Time": 1349.737, "Actual Max Startup Time": 1349.737, "Actual Min Total Time": 1361.346, "Actual Max Total Time": 1361.346, "Sort Key": ["mc.movie_id"], "Sort Method": "quicksort", "Sort Space Min Used": 20170, "Sort Space Max Used": 20170, "Sort Space Type": "Memory", "Plans": [{"Node Type": "Nested Loop", "Parent Relationship": "Outer", "Join Type": "Inner", "Startup Cost": 0.0, "Total Cost": 80954.08, "Plan Rows": 1304518, "Plan Width": 28, "Actual Min Startup Time": 906.567, "Actual Max Startup Time": 906.567, "Actual Min Total Time": 1298.842, "Actual Max Total Time": 1298.842, "Inner Unique": false, "Join Filter": "(ct.id = mc.company_type_id), (LLVM Optimized, Jit Execute)", "Rows Removed by Join Filter": 1196183, "Plans": [{"Node Type": "Seq Scan", "Parent Relationship": "Outer", "Relation Name": "company_type", "Alias": "ct", "Startup Cost": 0.0, "Total Cost": 1.04, "Plan Rows": 1, "Plan Width": 4, "Actual Min Startup Time": 0.031, "Actual Max Startup Time": 0.031, "Actual Min Total Time": 0.034, "Actual Max Total Time": 0.034, "Filter": "((kind)::text = 'production companies'::text)", "Rows Removed by Filter": 2, "Actual Rows": 1}, {"Node Type": "Seq Scan", "Parent Relationship": "Inner", "Relation Name": "movie_companies", "Alias": "mc", "Startup Cost": 0.0, "Total Cost": 48340.1, "Plan Rows": 2609035, "Plan Width": 32, "Actual Min Startup Time": 0.041, "Actual Max Startup Time": 0.041, "Actual Min Total Time": 1000.827, "Actual Max Total Time": 1000.827, "Filter": "((note)::text !~~ '%(as Metro-Goldwyn-Mayer Pictures)%'::text), (LLVM Optimized, Jit Execute)", "Rows Removed by Filter": 1272041, "Actual Rows": 1337087}], "Actual Rows": 140904}], "Actual Rows": 132371}], "Actual Rows": 5}], "Actual Rows": 5}, {"Node Type": "Materialize", "Parent Relationship": "Inner", "Startup Cost": 1813.35, "Total Cost": 127873.61, "Plan Rows": 719240, "Plan Width": 25, "Actual Min Startup Time": 29.452, "Actual Max Startup Time": 357.778, "Actual Min Total Time": 29.452, "Actual Max Total Time": 357.778, "Plans": [{"Node Type": "Streaming(type: LOCAL REDISTRIBUTE dop: 64/64)", "Parent Relationship": "Outer", "Startup Cost": 1813.35, "Total Cost": 127817.42, "Plan Rows": 719240, "Plan Width": 25, "Actual Min Startup Time": 0.127, "Actual Max Startup Time": 257.726, "Actual Min Total Time": 26.993, "Actual Max Total Time": 355.079, "Plans": [{"Node Type": "Seq Scan", "Parent Relationship": "Outer", "Relation Name": "title", "Alias": "t", "Startup Cost": 1813.35, "Total Cost": 64136.1, "Plan Rows": 719240, "Plan Width": 25, "Actual Min Startup Time": 0.03, "Actual Max Startup Time": 0.057, "Actual Min Total Time": 15.722, "Actual Max Total Time": 19.787, "Filter": "((production_year >= 2005) AND (production_year <= 2010)), (LLVM Optimized, Jit Execute)", "Rows Removed by Filter": 1812052, "Actual Rows": 716259}], "Actual Rows": 716259}], "Actual Rows": 46633}], "Actual Rows": 3}], "Actual Rows": 64}], "Actual Rows": 64}], "Actual Rows": 1}, "Triggers": [], "Planner Runtime": 6.838, "Total Runtime": 2441.931, "Unique SQL Id": 1162488282}}, "(64, '31')": {"explain_plan": {"Plan": {"Node Type": "Aggregate", "Strategy": "Plain", "Startup Cost": 4996298643025.23, "Total Cost": 4996298643025.24, "Plan Rows": 1, "Plan Width": 113, "Plans": [{"Node Type": "Merge Join", "Parent Relationship": "Outer", "Join Type": "Inner", "Startup Cost": 50033501541.7, "Total Cost": 4996298639669.21, "Plan Rows": 447470, "Plan Width": 45, "Inner Unique": false, "Merge Cond": "(t.id = mi_idx.movie_id)", "Plans": [{"Node Type": "Nested Loop", "Parent Relationship": "Outer", "Join Type": "Inner", "Startup Cost": 30022023519.89, "Total Cost": 2999077645366.78, "Plan Rows": 1164716, "Plan Width": 53, "Inner Unique": true, "Join Filter": "(mc.company_type_id = ct.id), (LLVM Optimized)", "Plans": [{"Node Type": "Merge Join", "Parent Relationship": "Outer", "Join Type": "Inner", "Startup Cost": 20022023519.89, "Total Cost": 1999077618211.31, "Plan Rows": 1728348, "Plan Width": 57, "Inner Unique": false, "Merge Cond": "(t.id = mc.movie_id)", "Plans": [{"Node Type": "Index Scan", "Parent Relationship": "Outer", "Scan Direction": "Forward", "Index Name": "title_pkey", "Relation Name": "title", "Alias": "t", "Startup Cost": 10000000000.0, "Total Cost": 1000012276204.41, "Plan Rows": 719240, "Plan Width": 25, "Filter": "((production_year >= 2005) AND (production_year <= 2010)), (LLVM Optimized)"}, {"Node Type": "Index Scan", "Parent Relationship": "Inner", "Scan Direction": "Forward", "Index Name": "movie_id_movie_companies", "Relation Name": "movie_companies", "Alias": "mc", "Startup Cost": 10000000000.0, "Total Cost": 1000013704228.13, "Plan Rows": 2609035, "Plan Width": 32, "Filter": "((note)::text !~~ '%(as Metro-Goldwyn-Mayer Pictures)%'::text), (LLVM Optimized)"}]}, {"Node Type": "Materialize", "Parent Relationship": "Inner", "Startup Cost": 10000000000.0, "Total Cost": 1000000001230.26, "Plan Rows": 1, "Plan Width": 4, "Plans": [{"Node Type": "Index Scan", "Parent Relationship": "Outer", "Scan Direction": "Forward", "Index Name": "company_type_pkey", "Relation Name": "company_type", "Alias": "ct", "Startup Cost": 10000000000.0, "Total Cost": 1000000001230.25, "Plan Rows": 1, "Plan Width": 4, "Filter": "((kind)::text = 'production companies'::text)"}]}]}, {"Node Type": "Materialize", "Parent Relationship": "Inner", "Startup Cost": 20000000000.0, "Total Cost": 2000004673019.4, "Plan Rows": 345008, "Plan Width": 4, "Plans": [{"Node Type": "Nested Loop", "Parent Relationship": "Outer", "Join Type": "Inner", "Startup Cost": 20000000000.0, "Total Cost": 2000004672156.88, "Plan Rows": 345008, "Plan Width": 4, "Inner Unique": true, "Join Filter": "(it.id = mi_idx.info_type_id), (LLVM Optimized)", "Plans": [{"Node Type": "Index Scan", "Parent Relationship": "Outer", "Scan Direction": "Forward", "Index Name": "movie_id_movie_info_idx", "Relation Name": "movie_info_idx", "Alias": "mi_idx", "Startup Cost": 10000000000.0, "Total Cost": 1000004650035.37, "Plan Rows": 1380034, "Plan Width": 8}, {"Node Type": "Materialize", "Parent Relationship": "Inner", "Startup Cost": 10000000000.0, "Total Cost": 1000000001421.0, "Plan Rows": 1, "Plan Width": 4, "Plans": [{"Node Type": "Index Scan", "Parent Relationship": "Outer", "Scan Direction": "Forward", "Index Name": "info_type_pkey", "Relation Name": "info_type", "Alias": "it", "Startup Cost": 10000000000.0, "Total Cost": 1000000001421.0, "Plan Rows": 1, "Plan Width": 4, "Filter": "((info)::text = 'bottom 10 rank'::text)"}]}]}]}]}]}, "Unique SQL Id": 1162488282, "Planner Runtime": 9}, "explain_analyze_plan": null}, "(64, '32')": {"explain_plan": {"Plan": {"Node Type": "Aggregate", "Strategy": "Plain", "Startup Cost": 195394.68, "Total Cost": 195394.69, "Plan Rows": 1, "Plan Width": 113, "Plans": [{"Node Type": "Hash Join", "Parent Relationship": "Outer", "Join Type": "Inner", "Startup Cost": 119919.5, "Total Cost": 192038.65, "Plan Rows": 447470, "Plan Width": 45, "Inner Unique": true, "Hash Cond": "(mc.company_type_id = ct.id), (LLVM Optimized)", "Plans": [{"Node Type": "Hash Join", "Parent Relationship": "Outer", "Join Type": "Inner", "Startup Cost": 119918.45, "Total Cost": 187568.09, "Plan Rows": 549199, "Plan Width": 49, "Inner Unique": false, "Hash Cond": "(mc.movie_id = t.id), (LLVM Optimized)", "Plans": [{"Node Type": "Seq Scan", "Parent Relationship": "Outer", "Relation Name": "movie_companies", "Alias": "mc", "Startup Cost": 0.0, "Total Cost": 48340.1, "Plan Rows": 2609035, "Plan Width": 32, "Filter": "((note)::text !~~ '%(as Metro-Goldwyn-Mayer Pictures)%'::text), (LLVM Optimized)"}, {"Node Type": "Hash", "Parent Relationship": "Inner", "Startup Cost": 114963.4, "Total Cost": 114963.4, "Plan Rows": 396404, "Plan Width": 29, "Plans": [{"Node Type": "Hash Join", "Parent Relationship": "Outer", "Join Type": "Inner", "Startup Cost": 95466.5, "Total Cost": 114963.4, "Plan Rows": 396404, "Plan Width": 29, "Inner Unique": true, "Hash Cond": "(mi_idx.movie_id = t.id), (LLVM Optimized)", "Plans": [{"Node Type": "Nested Loop", "Parent Relationship": "Outer", "Join Type": "Inner", "Startup Cost": 7502.06, "Total Cost": 21741.14, "Plan Rows": 345008, "Plan Width": 4, "Inner Unique": false, "Plans": [{"Node Type": "Seq Scan", "Parent Relationship": "Outer", "Relation Name": "info_type", "Alias": "it", "Startup Cost": 0.0, "Total Cost": 2.4, "Plan Rows": 1, "Plan Width": 4, "Filter": "((info)::text = 'bottom 10 rank'::text)"}, {"Node Type": "Bitmap Heap Scan", "Parent Relationship": "Inner", "Relation Name": "movie_info_idx", "Alias": "mi_idx", "Startup Cost": 7502.06, "Total Cost": 18288.66, "Plan Rows": 345008, "Plan Width": 8, "Recheck Cond": "(info_type_id = it.id), (LLVM Optimized)", "Plans": [{"Node Type": "Bitmap Index Scan", "Parent Relationship": "Outer", "Index Name": "info_type_id_movie_info_idx", "Startup Cost": 0.0, "Total Cost": 7415.81, "Plan Rows": 345008, "Plan Width": 0, "Index Cond": "(info_type_id = it.id)"}]}]}, {"Node Type": "Hash", "Parent Relationship": "Inner", "Startup Cost": 78973.94, "Total Cost": 78973.94, "Plan Rows": 719240, "Plan Width": 25, "Plans": [{"Node Type": "Streaming(type: LOCAL GATHER dop: 1/64)", "Parent Relationship": "Outer", "Startup Cost": 1813.35, "Total Cost": 78973.94, "Plan Rows": 719240, "Plan Width": 25, "Plans": [{"Node Type": "Seq Scan", "Parent Relationship": "Outer", "Relation Name": "title", "Alias": "t", "Startup Cost": 1813.35, "Total Cost": 64136.1, "Plan Rows": 719240, "Plan Width": 25, "Filter": "((production_year >= 2005) AND (production_year <= 2010)), (LLVM Optimized)"}]}]}]}]}]}, {"Node Type": "Hash", "Parent Relationship": "Inner", "Startup Cost": 1.04, "Total Cost": 1.04, "Plan Rows": 1, "Plan Width": 4, "Plans": [{"Node Type": "Seq Scan", "Parent Relationship": "Outer", "Relation Name": "company_type", "Alias": "ct", "Startup Cost": 0.0, "Total Cost": 1.04, "Plan Rows": 1, "Plan Width": 4, "Filter": "((kind)::text = 'production companies'::text)"}]}]}]}, "Unique SQL Id": 1162488282, "Planner Runtime": 8}, "explain_analyze_plan": {"Plan": {"Node Type": "Aggregate", "Strategy": "Plain", "Startup Cost": 195394.68, "Total Cost": 195394.69, "Plan Rows": 1, "Plan Width": 113, "Actual Min Startup Time": 1712.317, "Actual Max Startup Time": 1712.317, "Actual Min Total Time": 1712.318, "Actual Max Total Time": 1712.318, "Plans": [{"Node Type": "Hash Join", "Parent Relationship": "Outer", "Join Type": "Inner", "Startup Cost": 119919.5, "Total Cost": 192038.65, "Plan Rows": 447470, "Plan Width": 45, "Actual Min Startup Time": 1537.422, "Actual Max Startup Time": 1537.422, "Actual Min Total Time": 1712.281, "Actual Max Total Time": 1712.281, "Inner Unique": true, "Hash Cond": "(mc.company_type_id = ct.id), (LLVM Optimized, Jit Execute)", "Plans": [{"Node Type": "Hash Join", "Parent Relationship": "Outer", "Join Type": "Inner", "Startup Cost": 119918.45, "Total Cost": 187568.09, "Plan Rows": 549199, "Plan Width": 49, "Actual Min Startup Time": 868.88, "Actual Max Startup Time": 868.88, "Actual Min Total Time": 1712.01, "Actual Max Total Time": 1712.01, "Inner Unique": false, "Hash Cond": "(mc.movie_id = t.id), (LLVM Optimized, Jit Execute)", "Plans": [{"Node Type": "Seq Scan", "Parent Relationship": "Outer", "Relation Name": "movie_companies", "Alias": "mc", "Startup Cost": 0.0, "Total Cost": 48340.1, "Plan Rows": 2609035, "Plan Width": 32, "Actual Min Startup Time": 0.044, "Actual Max Startup Time": 0.044, "Actual Min Total Time": 910.434, "Actual Max Total Time": 910.434, "Filter": "((note)::text !~~ '%(as Metro-Goldwyn-Mayer Pictures)%'::text), (LLVM Optimized, Jit Execute)", "Rows Removed by Filter": 1272041, "Actual Rows": 1337087}, {"Node Type": "Hash", "Parent Relationship": "Inner", "Startup Cost": 114963.4, "Total Cost": 114963.4, "Plan Rows": 396404, "Plan Width": 29, "Actual Min Startup Time": 538.726, "Actual Max Startup Time": 538.726, "Actual Min Total Time": 538.726, "Actual Max Total Time": 538.726, "Max Hash Buckets": 524288, "Min Hash Buckets": 524288, "Max Hash Batches": 1, "Min Hash Batches": 1, "Max Original Hash Batches": 1, "Min Original Hash Batches": 1, "Max Peak Memory Usage": 1, "min Peak Memory Usage": 1, "Plans": [{"Node Type": "Hash Join", "Parent Relationship": "Outer", "Join Type": "Inner", "Startup Cost": 95466.5, "Total Cost": 114963.4, "Plan Rows": 396404, "Plan Width": 29, "Actual Min Startup Time": 538.701, "Actual Max Startup Time": 538.701, "Actual Min Total Time": 538.713, "Actual Max Total Time": 538.713, "Inner Unique": true, "Hash Cond": "(mi_idx.movie_id = t.id), (LLVM Optimized, Jit Execute)", "Plans": [{"Node Type": "Nested Loop", "Parent Relationship": "Outer", "Join Type": "Inner", "Startup Cost": 7502.06, "Total Cost": 21741.14, "Plan Rows": 345008, "Plan Width": 4, "Actual Min Startup Time": 0.142, "Actual Max Startup Time": 0.142, "Actual Min Total Time": 0.151, "Actual Max Total Time": 0.151, "Inner Unique": false, "Plans": [{"Node Type": "Seq Scan", "Parent Relationship": "Outer", "Relation Name": "info_type", "Alias": "it", "Startup Cost": 0.0, "Total Cost": 2.4, "Plan Rows": 1, "Plan Width": 4, "Actual Min Startup Time": 0.071, "Actual Max Startup Time": 0.071, "Actual Min Total Time": 0.074, "Actual Max Total Time": 0.074, "Filter": "((info)::text = 'bottom 10 rank'::text)", "Rows Removed by Filter": 111, "Actual Rows": 1}, {"Node Type": "Bitmap Heap Scan", "Parent Relationship": "Inner", "Relation Name": "movie_info_idx", "Alias": "mi_idx", "Startup Cost": 7502.06, "Total Cost": 18288.66, "Plan Rows": 345008, "Plan Width": 8, "Actual Min Startup Time": 0.052, "Actual Max Startup Time": 0.052, "Actual Min Total Time": 0.055, "Actual Max Total Time": 0.055, "Recheck Cond": "(info_type_id = it.id), (LLVM Optimized, Jit Execute)", "Rows Removed by Index Recheck": 0, "Exact Heap Blocks": 1, "Lossy Heap Blocks": 1, "Plans": [{"Node Type": "Bitmap Index Scan", "Parent Relationship": "Outer", "Index Name": "info_type_id_movie_info_idx", "Startup Cost": 0.0, "Total Cost": 7415.81, "Plan Rows": 345008, "Plan Width": 0, "Actual Min Startup Time": 0.033, "Actual Max Startup Time": 0.033, "Actual Min Total Time": 0.033, "Actual Max Total Time": 0.033, "Index Cond": "(info_type_id = it.id)", "Actual Rows": 10}], "Actual Rows": 10}], "Actual Rows": 10}, {"Node Type": "Hash", "Parent Relationship": "Inner", "Startup Cost": 78973.94, "Total Cost": 78973.94, "Plan Rows": 719240, "Plan Width": 25, "Actual Min Startup Time": 537.811, "Actual Max Startup Time": 537.811, "Actual Min Total Time": 537.811, "Actual Max Total Time": 537.811, "Max Hash Buckets": 1048576, "Min Hash Buckets": 1048576, "Max Hash Batches": 1, "Min Hash Batches": 1, "Max Original Hash Batches": 1, "Min Original Hash Batches": 1, "Max Peak Memory Usage": 41052, "min Peak Memory Usage": 41052, "Plans": [{"Node Type": "Streaming(type: LOCAL GATHER dop: 1/64)", "Parent Relationship": "Outer", "Startup Cost": 1813.35, "Total Cost": 78973.94, "Plan Rows": 719240, "Plan Width": 25, "Actual Min Startup Time": 105.933, "Actual Max Startup Time": 105.933, "Actual Min Total Time": 332.282, "Actual Max Total Time": 332.282, "Plans": [{"Node Type": "Seq Scan", "Parent Relationship": "Outer", "Relation Name": "title", "Alias": "t", "Startup Cost": 1813.35, "Total Cost": 64136.1, "Plan Rows": 719240, "Plan Width": 25, "Actual Min Startup Time": 0.028, "Actual Max Startup Time": 0.049, "Actual Min Total Time": 15.397, "Actual Max Total Time": 19.822, "Filter": "((production_year >= 2005) AND (production_year <= 2010)), (LLVM Optimized, Jit Execute)", "Rows Removed by Filter": 1812052, "Actual Rows": 716259}], "Actual Rows": 716259}], "Actual Rows": 716259}], "Actual Rows": 4}], "Actual Rows": 4}], "Actual Rows": 66}, {"Node Type": "Hash", "Parent Relationship": "Inner", "Startup Cost": 1.04, "Total Cost": 1.04, "Plan Rows": 1, "Plan Width": 4, "Actual Min Startup Time": 0.08, "Actual Max Startup Time": 0.08, "Actual Min Total Time": 0.08, "Actual Max Total Time": 0.08, "Max Hash Buckets": 32768, "Min Hash Buckets": 32768, "Max Hash Batches": 1, "Min Hash Batches": 1, "Max Original Hash Batches": 1, "Min Original Hash Batches": 1, "Max Peak Memory Usage": 1, "min Peak Memory Usage": 1, "Plans": [{"Node Type": "Seq Scan", "Parent Relationship": "Outer", "Relation Name": "company_type", "Alias": "ct", "Startup Cost": 0.0, "Total Cost": 1.04, "Plan Rows": 1, "Plan Width": 4, "Actual Min Startup Time": 0.055, "Actual Max Startup Time": 0.055, "Actual Min Total Time": 0.059, "Actual Max Total Time": 0.059, "Filter": "((kind)::text = 'production companies'::text)", "Rows Removed by Filter": 2, "Actual Rows": 1}], "Actual Rows": 1}], "Actual Rows": 3}], "Actual Rows": 1}, "Triggers": [], "Planner Runtime": 12.679, "Total Runtime": 1735.32, "Unique SQL Id": 1162488282}}, "(64, '33')": {"explain_plan": {"Plan": {"Node Type": "Aggregate", "Strategy": "Plain", "Startup Cost": 247822.0, "Total Cost": 247822.01, "Plan Rows": 1, "Plan Width": 113, "Plans": [{"Node Type": "Hash Join", "Parent Relationship": "Outer", "Join Type": "Inner", "Startup Cost": 163718.37, "Total Cost": 244465.97, "Plan Rows": 447470, "Plan Width": 45, "Inner Unique": false, "Hash Cond": "(mc.movie_id = t.id), (LLVM Optimized)", "Plans": [{"Node Type": "Nested Loop", "Parent Relationship": "Outer", "Join Type": "Inner", "Startup Cost": 0.0, "Total Cost": 69436.41, "Plan Rows": 1304518, "Plan Width": 28, "Inner Unique": false, "Plans": [{"Node Type": "Index Scan", "Parent Relationship": "Outer", "Scan Direction": "Forward", "Index Name": "company_type_pkey", "Relation Name": "company_type", "Alias": "ct", "Startup Cost": 0.0, "Total Cost": 12.3, "Plan Rows": 1, "Plan Width": 4, "Filter": "((kind)::text = 'production companies'::text)"}, {"Node Type": "Index Scan", "Parent Relationship": "Inner", "Scan Direction": "Forward", "Index Name": "company_type_id_movie_companies", "Relation Name": "movie_companies", "Alias": "mc", "Startup Cost": 0.0, "Total Cost": 56378.94, "Plan Rows": 1304517, "Plan Width": 32, "Index Cond": "(company_type_id = ct.id), (LLVM Optimized)", "Filter": "((note)::text !~~ '%(as Metro-Goldwyn-Mayer Pictures)%'::text), (LLVM Optimized)"}]}, {"Node Type": "Hash", "Parent Relationship": "Inner", "Startup Cost": 158763.32, "Total Cost": 158763.32, "Plan Rows": 396404, "Plan Width": 29, "Plans": [{"Node Type": "Hash Join", "Parent Relationship": "Outer", "Join Type": "Inner", "Startup Cost": 139254.61, "Total Cost": 158763.32, "Plan Rows": 396404, "Plan Width": 29, "Inner Unique": true, "Hash Cond": "(mi_idx.movie_id = t.id), (LLVM Optimized)", "Plans": [{"Node Type": "Nested Loop", "Parent Relationship": "Outer", "Join Type": "Inner", "Startup Cost": 7502.06, "Total Cost": 21752.95, "Plan Rows": 345008, "Plan Width": 4, "Inner Unique": false, "Plans": [{"Node Type": "Index Scan", "Parent Relationship": "Outer", "Scan Direction": "Forward", "Index Name": "info_type_pkey", "Relation Name": "info_type", "Alias": "it", "Startup Cost": 0.0, "Total Cost": 14.21, "Plan Rows": 1, "Plan Width": 4, "Filter": "((info)::text = 'bottom 10 rank'::text)"}, {"Node Type": "Bitmap Heap Scan", "Parent Relationship": "Inner", "Relation Name": "movie_info_idx", "Alias": "mi_idx", "Startup Cost": 7502.06, "Total Cost": 18288.66, "Plan Rows": 345008, "Plan Width": 8, "Recheck Cond": "(info_type_id = it.id), (LLVM Optimized)", "Plans": [{"Node Type": "Bitmap Index Scan", "Parent Relationship": "Outer", "Index Name": "info_type_id_movie_info_idx", "Startup Cost": 0.0, "Total Cost": 7415.81, "Plan Rows": 345008, "Plan Width": 0, "Index Cond": "(info_type_id = it.id)"}]}]}, {"Node Type": "Hash", "Parent Relationship": "Inner", "Startup Cost": 122762.04, "Total Cost": 122762.04, "Plan Rows": 719240, "Plan Width": 25, "Plans": [{"Node Type": "Index Scan", "Parent Relationship": "Outer", "Scan Direction": "Forward", "Index Name": "title_pkey", "Relation Name": "title", "Alias": "t", "Startup Cost": 0.0, "Total Cost": 122762.04, "Plan Rows": 719240, "Plan Width": 25, "Filter": "((production_year >= 2005) AND (production_year <= 2010)), (LLVM Optimized)"}]}]}]}]}]}, "Unique SQL Id": 1162488282, "Planner Runtime": 5}, "explain_analyze_plan": null}, "(64, '34')": {"explain_plan": {"Plan": {"Node Type": "Aggregate", "Strategy": "Plain", "Startup Cost": 195394.68, "Total Cost": 195394.69, "Plan Rows": 1, "Plan Width": 113, "Plans": [{"Node Type": "Hash Join", "Parent Relationship": "Outer", "Join Type": "Inner", "Startup Cost": 119919.5, "Total Cost": 192038.65, "Plan Rows": 447470, "Plan Width": 45, "Inner Unique": true, "Hash Cond": "(mc.company_type_id = ct.id), (LLVM Optimized)", "Plans": [{"Node Type": "Hash Join", "Parent Relationship": "Outer", "Join Type": "Inner", "Startup Cost": 119918.45, "Total Cost": 187568.09, "Plan Rows": 549199, "Plan Width": 49, "Inner Unique": false, "Hash Cond": "(mc.movie_id = t.id), (LLVM Optimized)", "Plans": [{"Node Type": "Seq Scan", "Parent Relationship": "Outer", "Relation Name": "movie_companies", "Alias": "mc", "Startup Cost": 0.0, "Total Cost": 48340.1, "Plan Rows": 2609035, "Plan Width": 32, "Filter": "((note)::text !~~ '%(as Metro-Goldwyn-Mayer Pictures)%'::text), (LLVM Optimized)"}, {"Node Type": "Hash", "Parent Relationship": "Inner", "Startup Cost": 114963.4, "Total Cost": 114963.4, "Plan Rows": 396404, "Plan Width": 29, "Plans": [{"Node Type": "Hash Join", "Parent Relationship": "Outer", "Join Type": "Inner", "Startup Cost": 95466.5, "Total Cost": 114963.4, "Plan Rows": 396404, "Plan Width": 29, "Inner Unique": true, "Hash Cond": "(mi_idx.movie_id = t.id), (LLVM Optimized)", "Plans": [{"Node Type": "Nested Loop", "Parent Relationship": "Outer", "Join Type": "Inner", "Startup Cost": 7502.06, "Total Cost": 21741.14, "Plan Rows": 345008, "Plan Width": 4, "Inner Unique": false, "Plans": [{"Node Type": "Seq Scan", "Parent Relationship": "Outer", "Relation Name": "info_type", "Alias": "it", "Startup Cost": 0.0, "Total Cost": 2.4, "Plan Rows": 1, "Plan Width": 4, "Filter": "((info)::text = 'bottom 10 rank'::text)"}, {"Node Type": "Bitmap Heap Scan", "Parent Relationship": "Inner", "Relation Name": "movie_info_idx", "Alias": "mi_idx", "Startup Cost": 7502.06, "Total Cost": 18288.66, "Plan Rows": 345008, "Plan Width": 8, "Recheck Cond": "(info_type_id = it.id), (LLVM Optimized)", "Plans": [{"Node Type": "Bitmap Index Scan", "Parent Relationship": "Outer", "Index Name": "info_type_id_movie_info_idx", "Startup Cost": 0.0, "Total Cost": 7415.81, "Plan Rows": 345008, "Plan Width": 0, "Index Cond": "(info_type_id = it.id)"}]}]}, {"Node Type": "Hash", "Parent Relationship": "Inner", "Startup Cost": 78973.94, "Total Cost": 78973.94, "Plan Rows": 719240, "Plan Width": 25, "Plans": [{"Node Type": "Streaming(type: LOCAL GATHER dop: 1/64)", "Parent Relationship": "Outer", "Startup Cost": 1813.35, "Total Cost": 78973.94, "Plan Rows": 719240, "Plan Width": 25, "Plans": [{"Node Type": "Seq Scan", "Parent Relationship": "Outer", "Relation Name": "title", "Alias": "t", "Startup Cost": 1813.35, "Total Cost": 64136.1, "Plan Rows": 719240, "Plan Width": 25, "Filter": "((production_year >= 2005) AND (production_year <= 2010)), (LLVM Optimized)"}]}]}]}]}]}, {"Node Type": "Hash", "Parent Relationship": "Inner", "Startup Cost": 1.04, "Total Cost": 1.04, "Plan Rows": 1, "Plan Width": 4, "Plans": [{"Node Type": "Seq Scan", "Parent Relationship": "Outer", "Relation Name": "company_type", "Alias": "ct", "Startup Cost": 0.0, "Total Cost": 1.04, "Plan Rows": 1, "Plan Width": 4, "Filter": "((kind)::text = 'production companies'::text)"}]}]}]}, "Unique SQL Id": 1162488282, "Planner Runtime": 8}, "explain_analyze_plan": {"Plan": {"Node Type": "Aggregate", "Strategy": "Plain", "Startup Cost": 195394.68, "Total Cost": 195394.69, "Plan Rows": 1, "Plan Width": 113, "Actual Min Startup Time": 1712.317, "Actual Max Startup Time": 1712.317, "Actual Min Total Time": 1712.318, "Actual Max Total Time": 1712.318, "Plans": [{"Node Type": "Hash Join", "Parent Relationship": "Outer", "Join Type": "Inner", "Startup Cost": 119919.5, "Total Cost": 192038.65, "Plan Rows": 447470, "Plan Width": 45, "Actual Min Startup Time": 1537.422, "Actual Max Startup Time": 1537.422, "Actual Min Total Time": 1712.281, "Actual Max Total Time": 1712.281, "Inner Unique": true, "Hash Cond": "(mc.company_type_id = ct.id), (LLVM Optimized, Jit Execute)", "Plans": [{"Node Type": "Hash Join", "Parent Relationship": "Outer", "Join Type": "Inner", "Startup Cost": 119918.45, "Total Cost": 187568.09, "Plan Rows": 549199, "Plan Width": 49, "Actual Min Startup Time": 868.88, "Actual Max Startup Time": 868.88, "Actual Min Total Time": 1712.01, "Actual Max Total Time": 1712.01, "Inner Unique": false, "Hash Cond": "(mc.movie_id = t.id), (LLVM Optimized, Jit Execute)", "Plans": [{"Node Type": "Seq Scan", "Parent Relationship": "Outer", "Relation Name": "movie_companies", "Alias": "mc", "Startup Cost": 0.0, "Total Cost": 48340.1, "Plan Rows": 2609035, "Plan Width": 32, "Actual Min Startup Time": 0.044, "Actual Max Startup Time": 0.044, "Actual Min Total Time": 910.434, "Actual Max Total Time": 910.434, "Filter": "((note)::text !~~ '%(as Metro-Goldwyn-Mayer Pictures)%'::text), (LLVM Optimized, Jit Execute)", "Rows Removed by Filter": 1272041, "Actual Rows": 1337087}, {"Node Type": "Hash", "Parent Relationship": "Inner", "Startup Cost": 114963.4, "Total Cost": 114963.4, "Plan Rows": 396404, "Plan Width": 29, "Actual Min Startup Time": 538.726, "Actual Max Startup Time": 538.726, "Actual Min Total Time": 538.726, "Actual Max Total Time": 538.726, "Max Hash Buckets": 524288, "Min Hash Buckets": 524288, "Max Hash Batches": 1, "Min Hash Batches": 1, "Max Original Hash Batches": 1, "Min Original Hash Batches": 1, "Max Peak Memory Usage": 1, "min Peak Memory Usage": 1, "Plans": [{"Node Type": "Hash Join", "Parent Relationship": "Outer", "Join Type": "Inner", "Startup Cost": 95466.5, "Total Cost": 114963.4, "Plan Rows": 396404, "Plan Width": 29, "Actual Min Startup Time": 538.701, "Actual Max Startup Time": 538.701, "Actual Min Total Time": 538.713, "Actual Max Total Time": 538.713, "Inner Unique": true, "Hash Cond": "(mi_idx.movie_id = t.id), (LLVM Optimized, Jit Execute)", "Plans": [{"Node Type": "Nested Loop", "Parent Relationship": "Outer", "Join Type": "Inner", "Startup Cost": 7502.06, "Total Cost": 21741.14, "Plan Rows": 345008, "Plan Width": 4, "Actual Min Startup Time": 0.142, "Actual Max Startup Time": 0.142, "Actual Min Total Time": 0.151, "Actual Max Total Time": 0.151, "Inner Unique": false, "Plans": [{"Node Type": "Seq Scan", "Parent Relationship": "Outer", "Relation Name": "info_type", "Alias": "it", "Startup Cost": 0.0, "Total Cost": 2.4, "Plan Rows": 1, "Plan Width": 4, "Actual Min Startup Time": 0.071, "Actual Max Startup Time": 0.071, "Actual Min Total Time": 0.074, "Actual Max Total Time": 0.074, "Filter": "((info)::text = 'bottom 10 rank'::text)", "Rows Removed by Filter": 111, "Actual Rows": 1}, {"Node Type": "Bitmap Heap Scan", "Parent Relationship": "Inner", "Relation Name": "movie_info_idx", "Alias": "mi_idx", "Startup Cost": 7502.06, "Total Cost": 18288.66, "Plan Rows": 345008, "Plan Width": 8, "Actual Min Startup Time": 0.052, "Actual Max Startup Time": 0.052, "Actual Min Total Time": 0.055, "Actual Max Total Time": 0.055, "Recheck Cond": "(info_type_id = it.id), (LLVM Optimized, Jit Execute)", "Rows Removed by Index Recheck": 0, "Exact Heap Blocks": 1, "Lossy Heap Blocks": 1, "Plans": [{"Node Type": "Bitmap Index Scan", "Parent Relationship": "Outer", "Index Name": "info_type_id_movie_info_idx", "Startup Cost": 0.0, "Total Cost": 7415.81, "Plan Rows": 345008, "Plan Width": 0, "Actual Min Startup Time": 0.033, "Actual Max Startup Time": 0.033, "Actual Min Total Time": 0.033, "Actual Max Total Time": 0.033, "Index Cond": "(info_type_id = it.id)", "Actual Rows": 10}], "Actual Rows": 10}], "Actual Rows": 10}, {"Node Type": "Hash", "Parent Relationship": "Inner", "Startup Cost": 78973.94, "Total Cost": 78973.94, "Plan Rows": 719240, "Plan Width": 25, "Actual Min Startup Time": 537.811, "Actual Max Startup Time": 537.811, "Actual Min Total Time": 537.811, "Actual Max Total Time": 537.811, "Max Hash Buckets": 1048576, "Min Hash Buckets": 1048576, "Max Hash Batches": 1, "Min Hash Batches": 1, "Max Original Hash Batches": 1, "Min Original Hash Batches": 1, "Max Peak Memory Usage": 41052, "min Peak Memory Usage": 41052, "Plans": [{"Node Type": "Streaming(type: LOCAL GATHER dop: 1/64)", "Parent Relationship": "Outer", "Startup Cost": 1813.35, "Total Cost": 78973.94, "Plan Rows": 719240, "Plan Width": 25, "Actual Min Startup Time": 105.933, "Actual Max Startup Time": 105.933, "Actual Min Total Time": 332.282, "Actual Max Total Time": 332.282, "Plans": [{"Node Type": "Seq Scan", "Parent Relationship": "Outer", "Relation Name": "title", "Alias": "t", "Startup Cost": 1813.35, "Total Cost": 64136.1, "Plan Rows": 719240, "Plan Width": 25, "Actual Min Startup Time": 0.028, "Actual Max Startup Time": 0.049, "Actual Min Total Time": 15.397, "Actual Max Total Time": 19.822, "Filter": "((production_year >= 2005) AND (production_year <= 2010)), (LLVM Optimized, Jit Execute)", "Rows Removed by Filter": 1812052, "Actual Rows": 716259}], "Actual Rows": 716259}], "Actual Rows": 716259}], "Actual Rows": 4}], "Actual Rows": 4}], "Actual Rows": 66}, {"Node Type": "Hash", "Parent Relationship": "Inner", "Startup Cost": 1.04, "Total Cost": 1.04, "Plan Rows": 1, "Plan Width": 4, "Actual Min Startup Time": 0.08, "Actual Max Startup Time": 0.08, "Actual Min Total Time": 0.08, "Actual Max Total Time": 0.08, "Max Hash Buckets": 32768, "Min Hash Buckets": 32768, "Max Hash Batches": 1, "Min Hash Batches": 1, "Max Original Hash Batches": 1, "Min Original Hash Batches": 1, "Max Peak Memory Usage": 1, "min Peak Memory Usage": 1, "Plans": [{"Node Type": "Seq Scan", "Parent Relationship": "Outer", "Relation Name": "company_type", "Alias": "ct", "Startup Cost": 0.0, "Total Cost": 1.04, "Plan Rows": 1, "Plan Width": 4, "Actual Min Startup Time": 0.055, "Actual Max Startup Time": 0.055, "Actual Min Total Time": 0.059, "Actual Max Total Time": 0.059, "Filter": "((kind)::text = 'production companies'::text)", "Rows Removed by Filter": 2, "Actual Rows": 1}], "Actual Rows": 1}], "Actual Rows": 3}], "Actual Rows": 1}, "Triggers": [], "Planner Runtime": 12.679, "Total Runtime": 1735.32, "Unique SQL Id": 1162488282}}, "(64, '35')": {"explain_plan": {"Plan": {"Node Type": "Aggregate", "Strategy": "Plain", "Startup Cost": 255790.36, "Total Cost": 255790.37, "Plan Rows": 1, "Plan Width": 113, "Plans": [{"Node Type": "Hash Join", "Parent Relationship": "Outer", "Join Type": "Inner", "Startup Cost": 192779.48, "Total Cost": 252434.34, "Plan Rows": 447470, "Plan Width": 45, "Inner Unique": false, "Hash Cond": "(mc.movie_id = t.id), (LLVM Optimized)", "Plans": [{"Node Type": "Nested Loop", "Parent Relationship": "Outer", "Join Type": "Inner", "Startup Cost": 29278.87, "Total Cost": 77622.54, "Plan Rows": 1304518, "Plan Width": 28, "Inner Unique": false, "Plans": [{"Node Type": "Bitmap Heap Scan", "Parent Relationship": "Outer", "Relation Name": "company_type", "Alias": "ct", "Startup Cost": 8.27, "Total Cost": 12.3, "Plan Rows": 1, "Plan Width": 4, "Filter": "((kind)::text = 'production companies'::text)", "Plans": [{"Node Type": "Bitmap Index Scan", "Parent Relationship": "Outer", "Index Name": "company_type_pkey", "Startup Cost": 0.0, "Total Cost": 8.27, "Plan Rows": 3, "Plan Width": 0}]}, {"Node Type": "Bitmap Heap Scan", "Parent Relationship": "Inner", "Relation Name": "movie_companies", "Alias": "mc", "Startup Cost": 29270.61, "Total Cost": 64565.07, "Plan Rows": 1304517, "Plan Width": 32, "Recheck Cond": "(company_type_id = ct.id), (LLVM Optimized)", "Filter": "((note)::text !~~ '%(as Metro-Goldwyn-Mayer Pictures)%'::text), (LLVM Optimized)", "Plans": [{"Node Type": "Bitmap Index Scan", "Parent Relationship": "Outer", "Index Name": "company_type_id_movie_companies", "Startup Cost": 0.0, "Total Cost": 28944.48, "Plan Rows": 1304564, "Plan Width": 0, "Index Cond": "(company_type_id = ct.id)"}]}]}, {"Node Type": "Hash", "Parent Relationship": "Inner", "Startup Cost": 158545.55, "Total Cost": 158545.55, "Plan Rows": 396404, "Plan Width": 29, "Plans": [{"Node Type": "Hash Join", "Parent Relationship": "Outer", "Join Type": "Inner", "Startup Cost": 139045.65, "Total Cost": 158545.55, "Plan Rows": 396404, "Plan Width": 29, "Inner Unique": true, "Hash Cond": "(mi_idx.movie_id = t.id), (LLVM Optimized)", "Plans": [{"Node Type": "Nested Loop", "Parent Relationship": "Outer", "Join Type": "Inner", "Startup Cost": 7510.87, "Total Cost": 21752.95, "Plan Rows": 345008, "Plan Width": 4, "Inner Unique": false, "Plans": [{"Node Type": "Bitmap Heap Scan", "Parent Relationship": "Outer", "Relation Name": "info_type", "Alias": "it", "Startup Cost": 8.81, "Total Cost": 14.21, "Plan Rows": 1, "Plan Width": 4, "Filter": "((info)::text = 'bottom 10 rank'::text)", "Plans": [{"Node Type": "Bitmap Index Scan", "Parent Relationship": "Outer", "Index Name": "info_type_pkey", "Startup Cost": 0.0, "Total Cost": 8.81, "Plan Rows": 112, "Plan Width": 0}]}, {"Node Type": "Bitmap Heap Scan", "Parent Relationship": "Inner", "Relation Name": "movie_info_idx", "Alias": "mi_idx", "Startup Cost": 7502.06, "Total Cost": 18288.66, "Plan Rows": 345008, "Plan Width": 8, "Recheck Cond": "(info_type_id = it.id), (LLVM Optimized)", "Plans": [{"Node Type": "Bitmap Index Scan", "Parent Relationship": "Outer", "Index Name": "info_type_id_movie_info_idx", "Startup Cost": 0.0, "Total Cost": 7415.81, "Plan Rows": 345008, "Plan Width": 0, "Index Cond": "(info_type_id = it.id)"}]}]}, {"Node Type": "Hash", "Parent Relationship": "Inner", "Startup Cost": 122544.28, "Total Cost": 122544.28, "Plan Rows": 719240, "Plan Width": 25, "Plans": [{"Node Type": "Bitmap Heap Scan", "Parent Relationship": "Outer", "Relation Name": "title", "Alias": "t", "Startup Cost": 49833.61, "Total Cost": 122544.28, "Plan Rows": 719240, "Plan Width": 25, "Filter": "((production_year >= 2005) AND (production_year <= 2010)), (LLVM Optimized)", "Plans": [{"Node Type": "Bitmap Index Scan", "Parent Relationship": "Outer", "Index Name": "title_pkey", "Startup Cost": 0.0, "Total Cost": 49653.81, "Plan Rows": 2528311, "Plan Width": 0}]}]}]}]}]}]}, "Unique SQL Id": 1162488282, "Planner Runtime": 5}, "explain_analyze_plan": {"Plan": {"Node Type": "Aggregate", "Strategy": "Plain", "Startup Cost": 255790.36, "Total Cost": 255790.37, "Plan Rows": 1, "Plan Width": 113, "Actual Startup Time": 2480.211, "Actual Total Time": 2480.211, "Actual Rows": 1, "Actual Loops": 1, "Plans": [{"Node Type": "Hash Join", "Parent Relationship": "Outer", "Join Type": "Inner", "Startup Cost": 192779.48, "Total Cost": 252434.34, "Plan Rows": 447470, "Plan Width": 45, "Actual Startup Time": 2231.498, "Actual Total Time": 2480.182, "Actual Rows": 3, "Actual Loops": 1, "Inner Unique": false, "Hash Cond": "(mc.movie_id = t.id), (LLVM Optimized, Jit Execute)", "Plans": [{"Node Type": "Nested Loop", "Parent Relationship": "Outer", "Join Type": "Inner", "Startup Cost": 29278.87, "Total Cost": 77622.54, "Plan Rows": 1304518, "Plan Width": 28, "Actual Startup Time": 145.631, "Actual Total Time": 617.096, "Actual Rows": 140904, "Actual Loops": 1, "Inner Unique": false, "Plans": [{"Node Type": "Bitmap Heap Scan", "Parent Relationship": "Outer", "Relation Name": "company_type", "Alias": "ct", "Startup Cost": 8.27, "Total Cost": 12.3, "Plan Rows": 1, "Plan Width": 4, "Actual Startup Time": 0.026, "Actual Total Time": 0.033, "Actual Rows": 1, "Actual Loops": 1, "Filter": "((kind)::text = 'production companies'::text)", "Rows Removed by Filter": 2, "Exact Heap Blocks": 1, "Lossy Heap Blocks": 1, "Plans": [{"Node Type": "Bitmap Index Scan", "Parent Relationship": "Outer", "Index Name": "company_type_pkey", "Startup Cost": 0.0, "Total Cost": 8.27, "Plan Rows": 3, "Plan Width": 0, "Actual Startup Time": 0.008, "Actual Total Time": 0.008, "Actual Rows": 3, "Actual Loops": 1}]}, {"Node Type": "Bitmap Heap Scan", "Parent Relationship": "Inner", "Relation Name": "movie_companies", "Alias": "mc", "Startup Cost": 29270.61, "Total Cost": 64565.07, "Plan Rows": 1304517, "Plan Width": 32, "Actual Startup Time": 145.599, "Actual Total Time": 588.947, "Actual Rows": 140904, "Actual Loops": 1, "Recheck Cond": "(company_type_id = ct.id), (LLVM Optimized, Jit Execute)", "Rows Removed by Index Recheck": 0, "Filter": "((note)::text !~~ '%(as Metro-Goldwyn-Mayer Pictures)%'::text), (LLVM Optimized, Jit Execute)", "Rows Removed by Filter": 1193979, "Exact Heap Blocks": 6196, "Lossy Heap Blocks": 6196, "Plans": [{"Node Type": "Bitmap Index Scan", "Parent Relationship": "Outer", "Index Name": "company_type_id_movie_companies", "Startup Cost": 0.0, "Total Cost": 28944.48, "Plan Rows": 1304564, "Plan Width": 0, "Actual Startup Time": 144.252, "Actual Total Time": 144.252, "Actual Rows": 1334883, "Actual Loops": 1, "Index Cond": "(company_type_id = ct.id)"}]}]}, {"Node Type": "Hash", "Parent Relationship": "Inner", "Startup Cost": 158545.55, "Total Cost": 158545.55, "Plan Rows": 396404, "Plan Width": 29, "Actual Startup Time": 1831.643, "Actual Total Time": 1831.643, "Actual Rows": 4, "Actual Loops": 1, "Hash Buckets": 524288, "Hash Batches": 1, "Original Hash Batches": 1, "Peak Memory Usage": 1, "Plans": [{"Node Type": "Hash Join", "Parent Relationship": "Outer", "Join Type": "Inner", "Startup Cost": 139045.65, "Total Cost": 158545.55, "Plan Rows": 396404, "Plan Width": 29, "Actual Startup Time": 1831.606, "Actual Total Time": 1831.616, "Actual Rows": 4, "Actual Loops": 1, "Inner Unique": true, "Hash Cond": "(mi_idx.movie_id = t.id), (LLVM Optimized, Jit Execute)", "Plans": [{"Node Type": "Nested Loop", "Parent Relationship": "Outer", "Join Type": "Inner", "Startup Cost": 7510.87, "Total Cost": 21752.95, "Plan Rows": 345008, "Plan Width": 4, "Actual Startup Time": 0.134, "Actual Total Time": 0.145, "Actual Rows": 10, "Actual Loops": 1, "Inner Unique": false, "Plans": [{"Node Type": "Bitmap Heap Scan", "Parent Relationship": "Outer", "Relation Name": "info_type", "Alias": "it", "Startup Cost": 8.81, "Total Cost": 14.21, "Plan Rows": 1, "Plan Width": 4, "Actual Startup Time": 0.093, "Actual Total Time": 0.094, "Actual Rows": 1, "Actual Loops": 1, "Filter": "((info)::text = 'bottom 10 rank'::text)", "Rows Removed by Filter": 111, "Exact Heap Blocks": 1, "Lossy Heap Blocks": 1, "Plans": [{"Node Type": "Bitmap Index Scan", "Parent Relationship": "Outer", "Index Name": "info_type_pkey", "Startup Cost": 0.0, "Total Cost": 8.81, "Plan Rows": 112, "Plan Width": 0, "Actual Startup Time": 0.019, "Actual Total Time": 0.019, "Actual Rows": 112, "Actual Loops": 1}]}, {"Node Type": "Bitmap Heap Scan", "Parent Relationship": "Inner", "Relation Name": "movie_info_idx", "Alias": "mi_idx", "Startup Cost": 7502.06, "Total Cost": 18288.66, "Plan Rows": 345008, "Plan Width": 8, "Actual Startup Time": 0.028, "Actual Total Time": 0.032, "Actual Rows": 10, "Actual Loops": 1, "Recheck Cond": "(info_type_id = it.id), (LLVM Optimized, Jit Execute)", "Rows Removed by Index Recheck": 0, "Exact Heap Blocks": 1, "Lossy Heap Blocks": 1, "Plans": [{"Node Type": "Bitmap Index Scan", "Parent Relationship": "Outer", "Index Name": "info_type_id_movie_info_idx", "Startup Cost": 0.0, "Total Cost": 7415.81, "Plan Rows": 345008, "Plan Width": 0, "Actual Startup Time": 0.013, "Actual Total Time": 0.013, "Actual Rows": 10, "Actual Loops": 1, "Index Cond": "(info_type_id = it.id)"}]}]}, {"Node Type": "Hash", "Parent Relationship": "Inner", "Startup Cost": 122544.28, "Total Cost": 122544.28, "Plan Rows": 719240, "Plan Width": 25, "Actual Startup Time": 1830.245, "Actual Total Time": 1830.245, "Actual Rows": 716259, "Actual Loops": 1, "Hash Buckets": 1048576, "Hash Batches": 1, "Original Hash Batches": 1, "Peak Memory Usage": 41052, "Plans": [{"Node Type": "Bitmap Heap Scan", "Parent Relationship": "Outer", "Relation Name": "title", "Alias": "t", "Startup Cost": 49833.61, "Total Cost": 122544.28, "Plan Rows": 719240, "Plan Width": 25, "Actual Startup Time": 311.902, "Actual Total Time": 1515.668, "Actual Rows": 716259, "Actual Loops": 1, "Filter": "((production_year >= 2005) AND (production_year <= 2010)), (LLVM Optimized, Jit Execute)", "Rows Removed by Filter": 1812052, "Exact Heap Blocks": 34786, "Lossy Heap Blocks": 34786, "Plans": [{"Node Type": "Bitmap Index Scan", "Parent Relationship": "Outer", "Index Name": "title_pkey", "Startup Cost": 0.0, "Total Cost": 49653.81, "Plan Rows": 2528311, "Plan Width": 0, "Actual Startup Time": 303.867, "Actual Total Time": 303.867, "Actual Rows": 2528311, "Actual Loops": 1}]}]}]}]}]}]}, "Triggers": [], "Planner Runtime": 9.336, "Total Runtime": 2491.956, "Unique SQL Id": 1162488282}}, "(64, '36')": {"explain_plan": {"Plan": {"Node Type": "Aggregate", "Strategy": "Plain", "Startup Cost": 195394.68, "Total Cost": 195394.69, "Plan Rows": 1, "Plan Width": 113, "Plans": [{"Node Type": "Hash Join", "Parent Relationship": "Outer", "Join Type": "Inner", "Startup Cost": 119919.5, "Total Cost": 192038.65, "Plan Rows": 447470, "Plan Width": 45, "Inner Unique": true, "Hash Cond": "(mc.company_type_id = ct.id), (LLVM Optimized)", "Plans": [{"Node Type": "Hash Join", "Parent Relationship": "Outer", "Join Type": "Inner", "Startup Cost": 119918.45, "Total Cost": 187568.09, "Plan Rows": 549199, "Plan Width": 49, "Inner Unique": false, "Hash Cond": "(mc.movie_id = t.id), (LLVM Optimized)", "Plans": [{"Node Type": "Seq Scan", "Parent Relationship": "Outer", "Relation Name": "movie_companies", "Alias": "mc", "Startup Cost": 0.0, "Total Cost": 48340.1, "Plan Rows": 2609035, "Plan Width": 32, "Filter": "((note)::text !~~ '%(as Metro-Goldwyn-Mayer Pictures)%'::text), (LLVM Optimized)"}, {"Node Type": "Hash", "Parent Relationship": "Inner", "Startup Cost": 114963.4, "Total Cost": 114963.4, "Plan Rows": 396404, "Plan Width": 29, "Plans": [{"Node Type": "Hash Join", "Parent Relationship": "Outer", "Join Type": "Inner", "Startup Cost": 95466.5, "Total Cost": 114963.4, "Plan Rows": 396404, "Plan Width": 29, "Inner Unique": true, "Hash Cond": "(mi_idx.movie_id = t.id), (LLVM Optimized)", "Plans": [{"Node Type": "Nested Loop", "Parent Relationship": "Outer", "Join Type": "Inner", "Startup Cost": 7502.06, "Total Cost": 21741.14, "Plan Rows": 345008, "Plan Width": 4, "Inner Unique": false, "Plans": [{"Node Type": "Seq Scan", "Parent Relationship": "Outer", "Relation Name": "info_type", "Alias": "it", "Startup Cost": 0.0, "Total Cost": 2.4, "Plan Rows": 1, "Plan Width": 4, "Filter": "((info)::text = 'bottom 10 rank'::text)"}, {"Node Type": "Bitmap Heap Scan", "Parent Relationship": "Inner", "Relation Name": "movie_info_idx", "Alias": "mi_idx", "Startup Cost": 7502.06, "Total Cost": 18288.66, "Plan Rows": 345008, "Plan Width": 8, "Recheck Cond": "(info_type_id = it.id), (LLVM Optimized)", "Plans": [{"Node Type": "Bitmap Index Scan", "Parent Relationship": "Outer", "Index Name": "info_type_id_movie_info_idx", "Startup Cost": 0.0, "Total Cost": 7415.81, "Plan Rows": 345008, "Plan Width": 0, "Index Cond": "(info_type_id = it.id)"}]}]}, {"Node Type": "Hash", "Parent Relationship": "Inner", "Startup Cost": 78973.94, "Total Cost": 78973.94, "Plan Rows": 719240, "Plan Width": 25, "Plans": [{"Node Type": "Streaming(type: LOCAL GATHER dop: 1/64)", "Parent Relationship": "Outer", "Startup Cost": 1813.35, "Total Cost": 78973.94, "Plan Rows": 719240, "Plan Width": 25, "Plans": [{"Node Type": "Seq Scan", "Parent Relationship": "Outer", "Relation Name": "title", "Alias": "t", "Startup Cost": 1813.35, "Total Cost": 64136.1, "Plan Rows": 719240, "Plan Width": 25, "Filter": "((production_year >= 2005) AND (production_year <= 2010)), (LLVM Optimized)"}]}]}]}]}]}, {"Node Type": "Hash", "Parent Relationship": "Inner", "Startup Cost": 1.04, "Total Cost": 1.04, "Plan Rows": 1, "Plan Width": 4, "Plans": [{"Node Type": "Seq Scan", "Parent Relationship": "Outer", "Relation Name": "company_type", "Alias": "ct", "Startup Cost": 0.0, "Total Cost": 1.04, "Plan Rows": 1, "Plan Width": 4, "Filter": "((kind)::text = 'production companies'::text)"}]}]}]}, "Unique SQL Id": 1162488282, "Planner Runtime": 8}, "explain_analyze_plan": {"Plan": {"Node Type": "Aggregate", "Strategy": "Plain", "Startup Cost": 195394.68, "Total Cost": 195394.69, "Plan Rows": 1, "Plan Width": 113, "Actual Min Startup Time": 1712.317, "Actual Max Startup Time": 1712.317, "Actual Min Total Time": 1712.318, "Actual Max Total Time": 1712.318, "Plans": [{"Node Type": "Hash Join", "Parent Relationship": "Outer", "Join Type": "Inner", "Startup Cost": 119919.5, "Total Cost": 192038.65, "Plan Rows": 447470, "Plan Width": 45, "Actual Min Startup Time": 1537.422, "Actual Max Startup Time": 1537.422, "Actual Min Total Time": 1712.281, "Actual Max Total Time": 1712.281, "Inner Unique": true, "Hash Cond": "(mc.company_type_id = ct.id), (LLVM Optimized, Jit Execute)", "Plans": [{"Node Type": "Hash Join", "Parent Relationship": "Outer", "Join Type": "Inner", "Startup Cost": 119918.45, "Total Cost": 187568.09, "Plan Rows": 549199, "Plan Width": 49, "Actual Min Startup Time": 868.88, "Actual Max Startup Time": 868.88, "Actual Min Total Time": 1712.01, "Actual Max Total Time": 1712.01, "Inner Unique": false, "Hash Cond": "(mc.movie_id = t.id), (LLVM Optimized, Jit Execute)", "Plans": [{"Node Type": "Seq Scan", "Parent Relationship": "Outer", "Relation Name": "movie_companies", "Alias": "mc", "Startup Cost": 0.0, "Total Cost": 48340.1, "Plan Rows": 2609035, "Plan Width": 32, "Actual Min Startup Time": 0.044, "Actual Max Startup Time": 0.044, "Actual Min Total Time": 910.434, "Actual Max Total Time": 910.434, "Filter": "((note)::text !~~ '%(as Metro-Goldwyn-Mayer Pictures)%'::text), (LLVM Optimized, Jit Execute)", "Rows Removed by Filter": 1272041, "Actual Rows": 1337087}, {"Node Type": "Hash", "Parent Relationship": "Inner", "Startup Cost": 114963.4, "Total Cost": 114963.4, "Plan Rows": 396404, "Plan Width": 29, "Actual Min Startup Time": 538.726, "Actual Max Startup Time": 538.726, "Actual Min Total Time": 538.726, "Actual Max Total Time": 538.726, "Max Hash Buckets": 524288, "Min Hash Buckets": 524288, "Max Hash Batches": 1, "Min Hash Batches": 1, "Max Original Hash Batches": 1, "Min Original Hash Batches": 1, "Max Peak Memory Usage": 1, "min Peak Memory Usage": 1, "Plans": [{"Node Type": "Hash Join", "Parent Relationship": "Outer", "Join Type": "Inner", "Startup Cost": 95466.5, "Total Cost": 114963.4, "Plan Rows": 396404, "Plan Width": 29, "Actual Min Startup Time": 538.701, "Actual Max Startup Time": 538.701, "Actual Min Total Time": 538.713, "Actual Max Total Time": 538.713, "Inner Unique": true, "Hash Cond": "(mi_idx.movie_id = t.id), (LLVM Optimized, Jit Execute)", "Plans": [{"Node Type": "Nested Loop", "Parent Relationship": "Outer", "Join Type": "Inner", "Startup Cost": 7502.06, "Total Cost": 21741.14, "Plan Rows": 345008, "Plan Width": 4, "Actual Min Startup Time": 0.142, "Actual Max Startup Time": 0.142, "Actual Min Total Time": 0.151, "Actual Max Total Time": 0.151, "Inner Unique": false, "Plans": [{"Node Type": "Seq Scan", "Parent Relationship": "Outer", "Relation Name": "info_type", "Alias": "it", "Startup Cost": 0.0, "Total Cost": 2.4, "Plan Rows": 1, "Plan Width": 4, "Actual Min Startup Time": 0.071, "Actual Max Startup Time": 0.071, "Actual Min Total Time": 0.074, "Actual Max Total Time": 0.074, "Filter": "((info)::text = 'bottom 10 rank'::text)", "Rows Removed by Filter": 111, "Actual Rows": 1}, {"Node Type": "Bitmap Heap Scan", "Parent Relationship": "Inner", "Relation Name": "movie_info_idx", "Alias": "mi_idx", "Startup Cost": 7502.06, "Total Cost": 18288.66, "Plan Rows": 345008, "Plan Width": 8, "Actual Min Startup Time": 0.052, "Actual Max Startup Time": 0.052, "Actual Min Total Time": 0.055, "Actual Max Total Time": 0.055, "Recheck Cond": "(info_type_id = it.id), (LLVM Optimized, Jit Execute)", "Rows Removed by Index Recheck": 0, "Exact Heap Blocks": 1, "Lossy Heap Blocks": 1, "Plans": [{"Node Type": "Bitmap Index Scan", "Parent Relationship": "Outer", "Index Name": "info_type_id_movie_info_idx", "Startup Cost": 0.0, "Total Cost": 7415.81, "Plan Rows": 345008, "Plan Width": 0, "Actual Min Startup Time": 0.033, "Actual Max Startup Time": 0.033, "Actual Min Total Time": 0.033, "Actual Max Total Time": 0.033, "Index Cond": "(info_type_id = it.id)", "Actual Rows": 10}], "Actual Rows": 10}], "Actual Rows": 10}, {"Node Type": "Hash", "Parent Relationship": "Inner", "Startup Cost": 78973.94, "Total Cost": 78973.94, "Plan Rows": 719240, "Plan Width": 25, "Actual Min Startup Time": 537.811, "Actual Max Startup Time": 537.811, "Actual Min Total Time": 537.811, "Actual Max Total Time": 537.811, "Max Hash Buckets": 1048576, "Min Hash Buckets": 1048576, "Max Hash Batches": 1, "Min Hash Batches": 1, "Max Original Hash Batches": 1, "Min Original Hash Batches": 1, "Max Peak Memory Usage": 41052, "min Peak Memory Usage": 41052, "Plans": [{"Node Type": "Streaming(type: LOCAL GATHER dop: 1/64)", "Parent Relationship": "Outer", "Startup Cost": 1813.35, "Total Cost": 78973.94, "Plan Rows": 719240, "Plan Width": 25, "Actual Min Startup Time": 105.933, "Actual Max Startup Time": 105.933, "Actual Min Total Time": 332.282, "Actual Max Total Time": 332.282, "Plans": [{"Node Type": "Seq Scan", "Parent Relationship": "Outer", "Relation Name": "title", "Alias": "t", "Startup Cost": 1813.35, "Total Cost": 64136.1, "Plan Rows": 719240, "Plan Width": 25, "Actual Min Startup Time": 0.028, "Actual Max Startup Time": 0.049, "Actual Min Total Time": 15.397, "Actual Max Total Time": 19.822, "Filter": "((production_year >= 2005) AND (production_year <= 2010)), (LLVM Optimized, Jit Execute)", "Rows Removed by Filter": 1812052, "Actual Rows": 716259}], "Actual Rows": 716259}], "Actual Rows": 716259}], "Actual Rows": 4}], "Actual Rows": 4}], "Actual Rows": 66}, {"Node Type": "Hash", "Parent Relationship": "Inner", "Startup Cost": 1.04, "Total Cost": 1.04, "Plan Rows": 1, "Plan Width": 4, "Actual Min Startup Time": 0.08, "Actual Max Startup Time": 0.08, "Actual Min Total Time": 0.08, "Actual Max Total Time": 0.08, "Max Hash Buckets": 32768, "Min Hash Buckets": 32768, "Max Hash Batches": 1, "Min Hash Batches": 1, "Max Original Hash Batches": 1, "Min Original Hash Batches": 1, "Max Peak Memory Usage": 1, "min Peak Memory Usage": 1, "Plans": [{"Node Type": "Seq Scan", "Parent Relationship": "Outer", "Relation Name": "company_type", "Alias": "ct", "Startup Cost": 0.0, "Total Cost": 1.04, "Plan Rows": 1, "Plan Width": 4, "Actual Min Startup Time": 0.055, "Actual Max Startup Time": 0.055, "Actual Min Total Time": 0.059, "Actual Max Total Time": 0.059, "Filter": "((kind)::text = 'production companies'::text)", "Rows Removed by Filter": 2, "Actual Rows": 1}], "Actual Rows": 1}], "Actual Rows": 3}], "Actual Rows": 1}, "Triggers": [], "Planner Runtime": 12.679, "Total Runtime": 1735.32, "Unique SQL Id": 1162488282}}, "(64, '37')": {"explain_plan": {"Plan": {"Node Type": "Aggregate", "Strategy": "Plain", "Startup Cost": 247822.0, "Total Cost": 247822.01, "Plan Rows": 1, "Plan Width": 113, "Plans": [{"Node Type": "Hash Join", "Parent Relationship": "Outer", "Join Type": "Inner", "Startup Cost": 163718.37, "Total Cost": 244465.97, "Plan Rows": 447470, "Plan Width": 45, "Inner Unique": false, "Hash Cond": "(mc.movie_id = t.id), (LLVM Optimized)", "Plans": [{"Node Type": "Nested Loop", "Parent Relationship": "Outer", "Join Type": "Inner", "Startup Cost": 0.0, "Total Cost": 69436.41, "Plan Rows": 1304518, "Plan Width": 28, "Inner Unique": false, "Plans": [{"Node Type": "Index Scan", "Parent Relationship": "Outer", "Scan Direction": "Forward", "Index Name": "company_type_pkey", "Relation Name": "company_type", "Alias": "ct", "Startup Cost": 0.0, "Total Cost": 12.3, "Plan Rows": 1, "Plan Width": 4, "Filter": "((kind)::text = 'production companies'::text)"}, {"Node Type": "Index Scan", "Parent Relationship": "Inner", "Scan Direction": "Forward", "Index Name": "company_type_id_movie_companies", "Relation Name": "movie_companies", "Alias": "mc", "Startup Cost": 0.0, "Total Cost": 56378.94, "Plan Rows": 1304517, "Plan Width": 32, "Index Cond": "(company_type_id = ct.id), (LLVM Optimized)", "Filter": "((note)::text !~~ '%(as Metro-Goldwyn-Mayer Pictures)%'::text), (LLVM Optimized)"}]}, {"Node Type": "Hash", "Parent Relationship": "Inner", "Startup Cost": 158763.32, "Total Cost": 158763.32, "Plan Rows": 396404, "Plan Width": 29, "Plans": [{"Node Type": "Hash Join", "Parent Relationship": "Outer", "Join Type": "Inner", "Startup Cost": 139254.61, "Total Cost": 158763.32, "Plan Rows": 396404, "Plan Width": 29, "Inner Unique": true, "Hash Cond": "(mi_idx.movie_id = t.id), (LLVM Optimized)", "Plans": [{"Node Type": "Nested Loop", "Parent Relationship": "Outer", "Join Type": "Inner", "Startup Cost": 7502.06, "Total Cost": 21752.95, "Plan Rows": 345008, "Plan Width": 4, "Inner Unique": false, "Plans": [{"Node Type": "Index Scan", "Parent Relationship": "Outer", "Scan Direction": "Forward", "Index Name": "info_type_pkey", "Relation Name": "info_type", "Alias": "it", "Startup Cost": 0.0, "Total Cost": 14.21, "Plan Rows": 1, "Plan Width": 4, "Filter": "((info)::text = 'bottom 10 rank'::text)"}, {"Node Type": "Bitmap Heap Scan", "Parent Relationship": "Inner", "Relation Name": "movie_info_idx", "Alias": "mi_idx", "Startup Cost": 7502.06, "Total Cost": 18288.66, "Plan Rows": 345008, "Plan Width": 8, "Recheck Cond": "(info_type_id = it.id), (LLVM Optimized)", "Plans": [{"Node Type": "Bitmap Index Scan", "Parent Relationship": "Outer", "Index Name": "info_type_id_movie_info_idx", "Startup Cost": 0.0, "Total Cost": 7415.81, "Plan Rows": 345008, "Plan Width": 0, "Index Cond": "(info_type_id = it.id)"}]}]}, {"Node Type": "Hash", "Parent Relationship": "Inner", "Startup Cost": 122762.04, "Total Cost": 122762.04, "Plan Rows": 719240, "Plan Width": 25, "Plans": [{"Node Type": "Index Scan", "Parent Relationship": "Outer", "Scan Direction": "Forward", "Index Name": "title_pkey", "Relation Name": "title", "Alias": "t", "Startup Cost": 0.0, "Total Cost": 122762.04, "Plan Rows": 719240, "Plan Width": 25, "Filter": "((production_year >= 2005) AND (production_year <= 2010)), (LLVM Optimized)"}]}]}]}]}]}, "Unique SQL Id": 1162488282, "Planner Runtime": 5}, "explain_analyze_plan": null}, "(64, '38')": {"explain_plan": {"Plan": {"Node Type": "Aggregate", "Strategy": "Plain", "Startup Cost": 195394.68, "Total Cost": 195394.69, "Plan Rows": 1, "Plan Width": 113, "Plans": [{"Node Type": "Hash Join", "Parent Relationship": "Outer", "Join Type": "Inner", "Startup Cost": 119919.5, "Total Cost": 192038.65, "Plan Rows": 447470, "Plan Width": 45, "Inner Unique": true, "Hash Cond": "(mc.company_type_id = ct.id), (LLVM Optimized)", "Plans": [{"Node Type": "Hash Join", "Parent Relationship": "Outer", "Join Type": "Inner", "Startup Cost": 119918.45, "Total Cost": 187568.09, "Plan Rows": 549199, "Plan Width": 49, "Inner Unique": false, "Hash Cond": "(mc.movie_id = t.id), (LLVM Optimized)", "Plans": [{"Node Type": "Seq Scan", "Parent Relationship": "Outer", "Relation Name": "movie_companies", "Alias": "mc", "Startup Cost": 0.0, "Total Cost": 48340.1, "Plan Rows": 2609035, "Plan Width": 32, "Filter": "((note)::text !~~ '%(as Metro-Goldwyn-Mayer Pictures)%'::text), (LLVM Optimized)"}, {"Node Type": "Hash", "Parent Relationship": "Inner", "Startup Cost": 114963.4, "Total Cost": 114963.4, "Plan Rows": 396404, "Plan Width": 29, "Plans": [{"Node Type": "Hash Join", "Parent Relationship": "Outer", "Join Type": "Inner", "Startup Cost": 95466.5, "Total Cost": 114963.4, "Plan Rows": 396404, "Plan Width": 29, "Inner Unique": true, "Hash Cond": "(mi_idx.movie_id = t.id), (LLVM Optimized)", "Plans": [{"Node Type": "Nested Loop", "Parent Relationship": "Outer", "Join Type": "Inner", "Startup Cost": 7502.06, "Total Cost": 21741.14, "Plan Rows": 345008, "Plan Width": 4, "Inner Unique": false, "Plans": [{"Node Type": "Seq Scan", "Parent Relationship": "Outer", "Relation Name": "info_type", "Alias": "it", "Startup Cost": 0.0, "Total Cost": 2.4, "Plan Rows": 1, "Plan Width": 4, "Filter": "((info)::text = 'bottom 10 rank'::text)"}, {"Node Type": "Bitmap Heap Scan", "Parent Relationship": "Inner", "Relation Name": "movie_info_idx", "Alias": "mi_idx", "Startup Cost": 7502.06, "Total Cost": 18288.66, "Plan Rows": 345008, "Plan Width": 8, "Recheck Cond": "(info_type_id = it.id), (LLVM Optimized)", "Plans": [{"Node Type": "Bitmap Index Scan", "Parent Relationship": "Outer", "Index Name": "info_type_id_movie_info_idx", "Startup Cost": 0.0, "Total Cost": 7415.81, "Plan Rows": 345008, "Plan Width": 0, "Index Cond": "(info_type_id = it.id)"}]}]}, {"Node Type": "Hash", "Parent Relationship": "Inner", "Startup Cost": 78973.94, "Total Cost": 78973.94, "Plan Rows": 719240, "Plan Width": 25, "Plans": [{"Node Type": "Streaming(type: LOCAL GATHER dop: 1/64)", "Parent Relationship": "Outer", "Startup Cost": 1813.35, "Total Cost": 78973.94, "Plan Rows": 719240, "Plan Width": 25, "Plans": [{"Node Type": "Seq Scan", "Parent Relationship": "Outer", "Relation Name": "title", "Alias": "t", "Startup Cost": 1813.35, "Total Cost": 64136.1, "Plan Rows": 719240, "Plan Width": 25, "Filter": "((production_year >= 2005) AND (production_year <= 2010)), (LLVM Optimized)"}]}]}]}]}]}, {"Node Type": "Hash", "Parent Relationship": "Inner", "Startup Cost": 1.04, "Total Cost": 1.04, "Plan Rows": 1, "Plan Width": 4, "Plans": [{"Node Type": "Seq Scan", "Parent Relationship": "Outer", "Relation Name": "company_type", "Alias": "ct", "Startup Cost": 0.0, "Total Cost": 1.04, "Plan Rows": 1, "Plan Width": 4, "Filter": "((kind)::text = 'production companies'::text)"}]}]}]}, "Unique SQL Id": 1162488282, "Planner Runtime": 8}, "explain_analyze_plan": {"Plan": {"Node Type": "Aggregate", "Strategy": "Plain", "Startup Cost": 195394.68, "Total Cost": 195394.69, "Plan Rows": 1, "Plan Width": 113, "Actual Min Startup Time": 1712.317, "Actual Max Startup Time": 1712.317, "Actual Min Total Time": 1712.318, "Actual Max Total Time": 1712.318, "Plans": [{"Node Type": "Hash Join", "Parent Relationship": "Outer", "Join Type": "Inner", "Startup Cost": 119919.5, "Total Cost": 192038.65, "Plan Rows": 447470, "Plan Width": 45, "Actual Min Startup Time": 1537.422, "Actual Max Startup Time": 1537.422, "Actual Min Total Time": 1712.281, "Actual Max Total Time": 1712.281, "Inner Unique": true, "Hash Cond": "(mc.company_type_id = ct.id), (LLVM Optimized, Jit Execute)", "Plans": [{"Node Type": "Hash Join", "Parent Relationship": "Outer", "Join Type": "Inner", "Startup Cost": 119918.45, "Total Cost": 187568.09, "Plan Rows": 549199, "Plan Width": 49, "Actual Min Startup Time": 868.88, "Actual Max Startup Time": 868.88, "Actual Min Total Time": 1712.01, "Actual Max Total Time": 1712.01, "Inner Unique": false, "Hash Cond": "(mc.movie_id = t.id), (LLVM Optimized, Jit Execute)", "Plans": [{"Node Type": "Seq Scan", "Parent Relationship": "Outer", "Relation Name": "movie_companies", "Alias": "mc", "Startup Cost": 0.0, "Total Cost": 48340.1, "Plan Rows": 2609035, "Plan Width": 32, "Actual Min Startup Time": 0.044, "Actual Max Startup Time": 0.044, "Actual Min Total Time": 910.434, "Actual Max Total Time": 910.434, "Filter": "((note)::text !~~ '%(as Metro-Goldwyn-Mayer Pictures)%'::text), (LLVM Optimized, Jit Execute)", "Rows Removed by Filter": 1272041, "Actual Rows": 1337087}, {"Node Type": "Hash", "Parent Relationship": "Inner", "Startup Cost": 114963.4, "Total Cost": 114963.4, "Plan Rows": 396404, "Plan Width": 29, "Actual Min Startup Time": 538.726, "Actual Max Startup Time": 538.726, "Actual Min Total Time": 538.726, "Actual Max Total Time": 538.726, "Max Hash Buckets": 524288, "Min Hash Buckets": 524288, "Max Hash Batches": 1, "Min Hash Batches": 1, "Max Original Hash Batches": 1, "Min Original Hash Batches": 1, "Max Peak Memory Usage": 1, "min Peak Memory Usage": 1, "Plans": [{"Node Type": "Hash Join", "Parent Relationship": "Outer", "Join Type": "Inner", "Startup Cost": 95466.5, "Total Cost": 114963.4, "Plan Rows": 396404, "Plan Width": 29, "Actual Min Startup Time": 538.701, "Actual Max Startup Time": 538.701, "Actual Min Total Time": 538.713, "Actual Max Total Time": 538.713, "Inner Unique": true, "Hash Cond": "(mi_idx.movie_id = t.id), (LLVM Optimized, Jit Execute)", "Plans": [{"Node Type": "Nested Loop", "Parent Relationship": "Outer", "Join Type": "Inner", "Startup Cost": 7502.06, "Total Cost": 21741.14, "Plan Rows": 345008, "Plan Width": 4, "Actual Min Startup Time": 0.142, "Actual Max Startup Time": 0.142, "Actual Min Total Time": 0.151, "Actual Max Total Time": 0.151, "Inner Unique": false, "Plans": [{"Node Type": "Seq Scan", "Parent Relationship": "Outer", "Relation Name": "info_type", "Alias": "it", "Startup Cost": 0.0, "Total Cost": 2.4, "Plan Rows": 1, "Plan Width": 4, "Actual Min Startup Time": 0.071, "Actual Max Startup Time": 0.071, "Actual Min Total Time": 0.074, "Actual Max Total Time": 0.074, "Filter": "((info)::text = 'bottom 10 rank'::text)", "Rows Removed by Filter": 111, "Actual Rows": 1}, {"Node Type": "Bitmap Heap Scan", "Parent Relationship": "Inner", "Relation Name": "movie_info_idx", "Alias": "mi_idx", "Startup Cost": 7502.06, "Total Cost": 18288.66, "Plan Rows": 345008, "Plan Width": 8, "Actual Min Startup Time": 0.052, "Actual Max Startup Time": 0.052, "Actual Min Total Time": 0.055, "Actual Max Total Time": 0.055, "Recheck Cond": "(info_type_id = it.id), (LLVM Optimized, Jit Execute)", "Rows Removed by Index Recheck": 0, "Exact Heap Blocks": 1, "Lossy Heap Blocks": 1, "Plans": [{"Node Type": "Bitmap Index Scan", "Parent Relationship": "Outer", "Index Name": "info_type_id_movie_info_idx", "Startup Cost": 0.0, "Total Cost": 7415.81, "Plan Rows": 345008, "Plan Width": 0, "Actual Min Startup Time": 0.033, "Actual Max Startup Time": 0.033, "Actual Min Total Time": 0.033, "Actual Max Total Time": 0.033, "Index Cond": "(info_type_id = it.id)", "Actual Rows": 10}], "Actual Rows": 10}], "Actual Rows": 10}, {"Node Type": "Hash", "Parent Relationship": "Inner", "Startup Cost": 78973.94, "Total Cost": 78973.94, "Plan Rows": 719240, "Plan Width": 25, "Actual Min Startup Time": 537.811, "Actual Max Startup Time": 537.811, "Actual Min Total Time": 537.811, "Actual Max Total Time": 537.811, "Max Hash Buckets": 1048576, "Min Hash Buckets": 1048576, "Max Hash Batches": 1, "Min Hash Batches": 1, "Max Original Hash Batches": 1, "Min Original Hash Batches": 1, "Max Peak Memory Usage": 41052, "min Peak Memory Usage": 41052, "Plans": [{"Node Type": "Streaming(type: LOCAL GATHER dop: 1/64)", "Parent Relationship": "Outer", "Startup Cost": 1813.35, "Total Cost": 78973.94, "Plan Rows": 719240, "Plan Width": 25, "Actual Min Startup Time": 105.933, "Actual Max Startup Time": 105.933, "Actual Min Total Time": 332.282, "Actual Max Total Time": 332.282, "Plans": [{"Node Type": "Seq Scan", "Parent Relationship": "Outer", "Relation Name": "title", "Alias": "t", "Startup Cost": 1813.35, "Total Cost": 64136.1, "Plan Rows": 719240, "Plan Width": 25, "Actual Min Startup Time": 0.028, "Actual Max Startup Time": 0.049, "Actual Min Total Time": 15.397, "Actual Max Total Time": 19.822, "Filter": "((production_year >= 2005) AND (production_year <= 2010)), (LLVM Optimized, Jit Execute)", "Rows Removed by Filter": 1812052, "Actual Rows": 716259}], "Actual Rows": 716259}], "Actual Rows": 716259}], "Actual Rows": 4}], "Actual Rows": 4}], "Actual Rows": 66}, {"Node Type": "Hash", "Parent Relationship": "Inner", "Startup Cost": 1.04, "Total Cost": 1.04, "Plan Rows": 1, "Plan Width": 4, "Actual Min Startup Time": 0.08, "Actual Max Startup Time": 0.08, "Actual Min Total Time": 0.08, "Actual Max Total Time": 0.08, "Max Hash Buckets": 32768, "Min Hash Buckets": 32768, "Max Hash Batches": 1, "Min Hash Batches": 1, "Max Original Hash Batches": 1, "Min Original Hash Batches": 1, "Max Peak Memory Usage": 1, "min Peak Memory Usage": 1, "Plans": [{"Node Type": "Seq Scan", "Parent Relationship": "Outer", "Relation Name": "company_type", "Alias": "ct", "Startup Cost": 0.0, "Total Cost": 1.04, "Plan Rows": 1, "Plan Width": 4, "Actual Min Startup Time": 0.055, "Actual Max Startup Time": 0.055, "Actual Min Total Time": 0.059, "Actual Max Total Time": 0.059, "Filter": "((kind)::text = 'production companies'::text)", "Rows Removed by Filter": 2, "Actual Rows": 1}], "Actual Rows": 1}], "Actual Rows": 3}], "Actual Rows": 1}, "Triggers": [], "Planner Runtime": 12.679, "Total Runtime": 1735.32, "Unique SQL Id": 1162488282}}, "(64, '39')": {"explain_plan": {"Plan": {"Node Type": "Aggregate", "Strategy": "Plain", "Startup Cost": 255790.36, "Total Cost": 255790.37, "Plan Rows": 1, "Plan Width": 113, "Plans": [{"Node Type": "Hash Join", "Parent Relationship": "Outer", "Join Type": "Inner", "Startup Cost": 192779.48, "Total Cost": 252434.34, "Plan Rows": 447470, "Plan Width": 45, "Inner Unique": false, "Hash Cond": "(mc.movie_id = t.id), (LLVM Optimized)", "Plans": [{"Node Type": "Nested Loop", "Parent Relationship": "Outer", "Join Type": "Inner", "Startup Cost": 29278.87, "Total Cost": 77622.54, "Plan Rows": 1304518, "Plan Width": 28, "Inner Unique": false, "Plans": [{"Node Type": "Bitmap Heap Scan", "Parent Relationship": "Outer", "Relation Name": "company_type", "Alias": "ct", "Startup Cost": 8.27, "Total Cost": 12.3, "Plan Rows": 1, "Plan Width": 4, "Filter": "((kind)::text = 'production companies'::text)", "Plans": [{"Node Type": "Bitmap Index Scan", "Parent Relationship": "Outer", "Index Name": "company_type_pkey", "Startup Cost": 0.0, "Total Cost": 8.27, "Plan Rows": 3, "Plan Width": 0}]}, {"Node Type": "Bitmap Heap Scan", "Parent Relationship": "Inner", "Relation Name": "movie_companies", "Alias": "mc", "Startup Cost": 29270.61, "Total Cost": 64565.07, "Plan Rows": 1304517, "Plan Width": 32, "Recheck Cond": "(company_type_id = ct.id), (LLVM Optimized)", "Filter": "((note)::text !~~ '%(as Metro-Goldwyn-Mayer Pictures)%'::text), (LLVM Optimized)", "Plans": [{"Node Type": "Bitmap Index Scan", "Parent Relationship": "Outer", "Index Name": "company_type_id_movie_companies", "Startup Cost": 0.0, "Total Cost": 28944.48, "Plan Rows": 1304564, "Plan Width": 0, "Index Cond": "(company_type_id = ct.id)"}]}]}, {"Node Type": "Hash", "Parent Relationship": "Inner", "Startup Cost": 158545.55, "Total Cost": 158545.55, "Plan Rows": 396404, "Plan Width": 29, "Plans": [{"Node Type": "Hash Join", "Parent Relationship": "Outer", "Join Type": "Inner", "Startup Cost": 139045.65, "Total Cost": 158545.55, "Plan Rows": 396404, "Plan Width": 29, "Inner Unique": true, "Hash Cond": "(mi_idx.movie_id = t.id), (LLVM Optimized)", "Plans": [{"Node Type": "Nested Loop", "Parent Relationship": "Outer", "Join Type": "Inner", "Startup Cost": 7510.87, "Total Cost": 21752.95, "Plan Rows": 345008, "Plan Width": 4, "Inner Unique": false, "Plans": [{"Node Type": "Bitmap Heap Scan", "Parent Relationship": "Outer", "Relation Name": "info_type", "Alias": "it", "Startup Cost": 8.81, "Total Cost": 14.21, "Plan Rows": 1, "Plan Width": 4, "Filter": "((info)::text = 'bottom 10 rank'::text)", "Plans": [{"Node Type": "Bitmap Index Scan", "Parent Relationship": "Outer", "Index Name": "info_type_pkey", "Startup Cost": 0.0, "Total Cost": 8.81, "Plan Rows": 112, "Plan Width": 0}]}, {"Node Type": "Bitmap Heap Scan", "Parent Relationship": "Inner", "Relation Name": "movie_info_idx", "Alias": "mi_idx", "Startup Cost": 7502.06, "Total Cost": 18288.66, "Plan Rows": 345008, "Plan Width": 8, "Recheck Cond": "(info_type_id = it.id), (LLVM Optimized)", "Plans": [{"Node Type": "Bitmap Index Scan", "Parent Relationship": "Outer", "Index Name": "info_type_id_movie_info_idx", "Startup Cost": 0.0, "Total Cost": 7415.81, "Plan Rows": 345008, "Plan Width": 0, "Index Cond": "(info_type_id = it.id)"}]}]}, {"Node Type": "Hash", "Parent Relationship": "Inner", "Startup Cost": 122544.28, "Total Cost": 122544.28, "Plan Rows": 719240, "Plan Width": 25, "Plans": [{"Node Type": "Bitmap Heap Scan", "Parent Relationship": "Outer", "Relation Name": "title", "Alias": "t", "Startup Cost": 49833.61, "Total Cost": 122544.28, "Plan Rows": 719240, "Plan Width": 25, "Filter": "((production_year >= 2005) AND (production_year <= 2010)), (LLVM Optimized)", "Plans": [{"Node Type": "Bitmap Index Scan", "Parent Relationship": "Outer", "Index Name": "title_pkey", "Startup Cost": 0.0, "Total Cost": 49653.81, "Plan Rows": 2528311, "Plan Width": 0}]}]}]}]}]}]}, "Unique SQL Id": 1162488282, "Planner Runtime": 5}, "explain_analyze_plan": {"Plan": {"Node Type": "Aggregate", "Strategy": "Plain", "Startup Cost": 255790.36, "Total Cost": 255790.37, "Plan Rows": 1, "Plan Width": 113, "Actual Startup Time": 2480.211, "Actual Total Time": 2480.211, "Actual Rows": 1, "Actual Loops": 1, "Plans": [{"Node Type": "Hash Join", "Parent Relationship": "Outer", "Join Type": "Inner", "Startup Cost": 192779.48, "Total Cost": 252434.34, "Plan Rows": 447470, "Plan Width": 45, "Actual Startup Time": 2231.498, "Actual Total Time": 2480.182, "Actual Rows": 3, "Actual Loops": 1, "Inner Unique": false, "Hash Cond": "(mc.movie_id = t.id), (LLVM Optimized, Jit Execute)", "Plans": [{"Node Type": "Nested Loop", "Parent Relationship": "Outer", "Join Type": "Inner", "Startup Cost": 29278.87, "Total Cost": 77622.54, "Plan Rows": 1304518, "Plan Width": 28, "Actual Startup Time": 145.631, "Actual Total Time": 617.096, "Actual Rows": 140904, "Actual Loops": 1, "Inner Unique": false, "Plans": [{"Node Type": "Bitmap Heap Scan", "Parent Relationship": "Outer", "Relation Name": "company_type", "Alias": "ct", "Startup Cost": 8.27, "Total Cost": 12.3, "Plan Rows": 1, "Plan Width": 4, "Actual Startup Time": 0.026, "Actual Total Time": 0.033, "Actual Rows": 1, "Actual Loops": 1, "Filter": "((kind)::text = 'production companies'::text)", "Rows Removed by Filter": 2, "Exact Heap Blocks": 1, "Lossy Heap Blocks": 1, "Plans": [{"Node Type": "Bitmap Index Scan", "Parent Relationship": "Outer", "Index Name": "company_type_pkey", "Startup Cost": 0.0, "Total Cost": 8.27, "Plan Rows": 3, "Plan Width": 0, "Actual Startup Time": 0.008, "Actual Total Time": 0.008, "Actual Rows": 3, "Actual Loops": 1}]}, {"Node Type": "Bitmap Heap Scan", "Parent Relationship": "Inner", "Relation Name": "movie_companies", "Alias": "mc", "Startup Cost": 29270.61, "Total Cost": 64565.07, "Plan Rows": 1304517, "Plan Width": 32, "Actual Startup Time": 145.599, "Actual Total Time": 588.947, "Actual Rows": 140904, "Actual Loops": 1, "Recheck Cond": "(company_type_id = ct.id), (LLVM Optimized, Jit Execute)", "Rows Removed by Index Recheck": 0, "Filter": "((note)::text !~~ '%(as Metro-Goldwyn-Mayer Pictures)%'::text), (LLVM Optimized, Jit Execute)", "Rows Removed by Filter": 1193979, "Exact Heap Blocks": 6196, "Lossy Heap Blocks": 6196, "Plans": [{"Node Type": "Bitmap Index Scan", "Parent Relationship": "Outer", "Index Name": "company_type_id_movie_companies", "Startup Cost": 0.0, "Total Cost": 28944.48, "Plan Rows": 1304564, "Plan Width": 0, "Actual Startup Time": 144.252, "Actual Total Time": 144.252, "Actual Rows": 1334883, "Actual Loops": 1, "Index Cond": "(company_type_id = ct.id)"}]}]}, {"Node Type": "Hash", "Parent Relationship": "Inner", "Startup Cost": 158545.55, "Total Cost": 158545.55, "Plan Rows": 396404, "Plan Width": 29, "Actual Startup Time": 1831.643, "Actual Total Time": 1831.643, "Actual Rows": 4, "Actual Loops": 1, "Hash Buckets": 524288, "Hash Batches": 1, "Original Hash Batches": 1, "Peak Memory Usage": 1, "Plans": [{"Node Type": "Hash Join", "Parent Relationship": "Outer", "Join Type": "Inner", "Startup Cost": 139045.65, "Total Cost": 158545.55, "Plan Rows": 396404, "Plan Width": 29, "Actual Startup Time": 1831.606, "Actual Total Time": 1831.616, "Actual Rows": 4, "Actual Loops": 1, "Inner Unique": true, "Hash Cond": "(mi_idx.movie_id = t.id), (LLVM Optimized, Jit Execute)", "Plans": [{"Node Type": "Nested Loop", "Parent Relationship": "Outer", "Join Type": "Inner", "Startup Cost": 7510.87, "Total Cost": 21752.95, "Plan Rows": 345008, "Plan Width": 4, "Actual Startup Time": 0.134, "Actual Total Time": 0.145, "Actual Rows": 10, "Actual Loops": 1, "Inner Unique": false, "Plans": [{"Node Type": "Bitmap Heap Scan", "Parent Relationship": "Outer", "Relation Name": "info_type", "Alias": "it", "Startup Cost": 8.81, "Total Cost": 14.21, "Plan Rows": 1, "Plan Width": 4, "Actual Startup Time": 0.093, "Actual Total Time": 0.094, "Actual Rows": 1, "Actual Loops": 1, "Filter": "((info)::text = 'bottom 10 rank'::text)", "Rows Removed by Filter": 111, "Exact Heap Blocks": 1, "Lossy Heap Blocks": 1, "Plans": [{"Node Type": "Bitmap Index Scan", "Parent Relationship": "Outer", "Index Name": "info_type_pkey", "Startup Cost": 0.0, "Total Cost": 8.81, "Plan Rows": 112, "Plan Width": 0, "Actual Startup Time": 0.019, "Actual Total Time": 0.019, "Actual Rows": 112, "Actual Loops": 1}]}, {"Node Type": "Bitmap Heap Scan", "Parent Relationship": "Inner", "Relation Name": "movie_info_idx", "Alias": "mi_idx", "Startup Cost": 7502.06, "Total Cost": 18288.66, "Plan Rows": 345008, "Plan Width": 8, "Actual Startup Time": 0.028, "Actual Total Time": 0.032, "Actual Rows": 10, "Actual Loops": 1, "Recheck Cond": "(info_type_id = it.id), (LLVM Optimized, Jit Execute)", "Rows Removed by Index Recheck": 0, "Exact Heap Blocks": 1, "Lossy Heap Blocks": 1, "Plans": [{"Node Type": "Bitmap Index Scan", "Parent Relationship": "Outer", "Index Name": "info_type_id_movie_info_idx", "Startup Cost": 0.0, "Total Cost": 7415.81, "Plan Rows": 345008, "Plan Width": 0, "Actual Startup Time": 0.013, "Actual Total Time": 0.013, "Actual Rows": 10, "Actual Loops": 1, "Index Cond": "(info_type_id = it.id)"}]}]}, {"Node Type": "Hash", "Parent Relationship": "Inner", "Startup Cost": 122544.28, "Total Cost": 122544.28, "Plan Rows": 719240, "Plan Width": 25, "Actual Startup Time": 1830.245, "Actual Total Time": 1830.245, "Actual Rows": 716259, "Actual Loops": 1, "Hash Buckets": 1048576, "Hash Batches": 1, "Original Hash Batches": 1, "Peak Memory Usage": 41052, "Plans": [{"Node Type": "Bitmap Heap Scan", "Parent Relationship": "Outer", "Relation Name": "title", "Alias": "t", "Startup Cost": 49833.61, "Total Cost": 122544.28, "Plan Rows": 719240, "Plan Width": 25, "Actual Startup Time": 311.902, "Actual Total Time": 1515.668, "Actual Rows": 716259, "Actual Loops": 1, "Filter": "((production_year >= 2005) AND (production_year <= 2010)), (LLVM Optimized, Jit Execute)", "Rows Removed by Filter": 1812052, "Exact Heap Blocks": 34786, "Lossy Heap Blocks": 34786, "Plans": [{"Node Type": "Bitmap Index Scan", "Parent Relationship": "Outer", "Index Name": "title_pkey", "Startup Cost": 0.0, "Total Cost": 49653.81, "Plan Rows": 2528311, "Plan Width": 0, "Actual Startup Time": 303.867, "Actual Total Time": 303.867, "Actual Rows": 2528311, "Actual Loops": 1}]}]}]}]}]}]}, "Triggers": [], "Planner Runtime": 9.336, "Total Runtime": 2491.956, "Unique SQL Id": 1162488282}}, "(64, '40')": {"explain_plan": {"Plan": {"Node Type": "Aggregate", "Strategy": "Plain", "Startup Cost": 200839.08, "Total Cost": 200839.09, "Plan Rows": 1, "Plan Width": 113, "Plans": [{"Node Type": "Hash Join", "Parent Relationship": "Outer", "Join Type": "Inner", "Startup Cost": 125363.9, "Total Cost": 197483.05, "Plan Rows": 447470, "Plan Width": 45, "Inner Unique": true, "Hash Cond": "(mc.company_type_id = ct.id), (LLVM Optimized)", "Plans": [{"Node Type": "Hash Join", "Parent Relationship": "Outer", "Join Type": "Inner", "Startup Cost": 125362.85, "Total Cost": 193012.49, "Plan Rows": 549199, "Plan Width": 49, "Inner Unique": false, "Hash Cond": "(mc.movie_id = t.id), (LLVM Optimized)", "Plans": [{"Node Type": "Seq Scan", "Parent Relationship": "Outer", "Relation Name": "movie_companies", "Alias": "mc", "Startup Cost": 0.0, "Total Cost": 48340.1, "Plan Rows": 2609035, "Plan Width": 32, "Filter": "((note)::text !~~ '%(as Metro-Goldwyn-Mayer Pictures)%'::text), (LLVM Optimized)"}, {"Node Type": "Hash", "Parent Relationship": "Inner", "Startup Cost": 120407.8, "Total Cost": 120407.8, "Plan Rows": 396404, "Plan Width": 29, "Plans": [{"Node Type": "Hash Join", "Parent Relationship": "Outer", "Join Type": "Inner", "Startup Cost": 87966.85, "Total Cost": 120407.8, "Plan Rows": 396404, "Plan Width": 29, "Inner Unique": true, "Hash Cond": "(mi_idx.movie_id = t.id), (LLVM Optimized)", "Plans": [{"Node Type": "Hash Join", "Parent Relationship": "Outer", "Join Type": "Inner", "Startup Cost": 2.41, "Total Cost": 27185.54, "Plan Rows": 345008, "Plan Width": 4, "Inner Unique": true, "Hash Cond": "(mi_idx.info_type_id = it.id), (LLVM Optimized)", "Plans": [{"Node Type": "Seq Scan", "Parent Relationship": "Outer", "Relation Name": "movie_info_idx", "Alias": "mi_idx", "Startup Cost": 0.0, "Total Cost": 20274.34, "Plan Rows": 1380034, "Plan Width": 8}, {"Node Type": "Hash", "Parent Relationship": "Inner", "Startup Cost": 2.4, "Total Cost": 2.4, "Plan Rows": 1, "Plan Width": 4, "Plans": [{"Node Type": "Seq Scan", "Parent Relationship": "Outer", "Relation Name": "info_type", "Alias": "it", "Startup Cost": 0.0, "Total Cost": 2.4, "Plan Rows": 1, "Plan Width": 4, "Filter": "((info)::text = 'bottom 10 rank'::text)"}]}]}, {"Node Type": "Hash", "Parent Relationship": "Inner", "Startup Cost": 78973.94, "Total Cost": 78973.94, "Plan Rows": 719240, "Plan Width": 25, "Plans": [{"Node Type": "Streaming(type: LOCAL GATHER dop: 1/64)", "Parent Relationship": "Outer", "Startup Cost": 1813.35, "Total Cost": 78973.94, "Plan Rows": 719240, "Plan Width": 25, "Plans": [{"Node Type": "Seq Scan", "Parent Relationship": "Outer", "Relation Name": "title", "Alias": "t", "Startup Cost": 1813.35, "Total Cost": 64136.1, "Plan Rows": 719240, "Plan Width": 25, "Filter": "((production_year >= 2005) AND (production_year <= 2010)), (LLVM Optimized)"}]}]}]}]}]}, {"Node Type": "Hash", "Parent Relationship": "Inner", "Startup Cost": 1.04, "Total Cost": 1.04, "Plan Rows": 1, "Plan Width": 4, "Plans": [{"Node Type": "Seq Scan", "Parent Relationship": "Outer", "Relation Name": "company_type", "Alias": "ct", "Startup Cost": 0.0, "Total Cost": 1.04, "Plan Rows": 1, "Plan Width": 4, "Filter": "((kind)::text = 'production companies'::text)"}]}]}]}, "Unique SQL Id": 1162488282, "Planner Runtime": 7}, "explain_analyze_plan": {"Plan": {"Node Type": "Aggregate", "Strategy": "Plain", "Startup Cost": 200839.08, "Total Cost": 200839.09, "Plan Rows": 1, "Plan Width": 113, "Actual Min Startup Time": 2478.651, "Actual Max Startup Time": 2478.651, "Actual Min Total Time": 2478.651, "Actual Max Total Time": 2478.651, "Plans": [{"Node Type": "Hash Join", "Parent Relationship": "Outer", "Join Type": "Inner", "Startup Cost": 125363.9, "Total Cost": 197483.05, "Plan Rows": 447470, "Plan Width": 45, "Actual Min Startup Time": 2304.972, "Actual Max Startup Time": 2304.972, "Actual Min Total Time": 2478.612, "Actual Max Total Time": 2478.612, "Inner Unique": true, "Hash Cond": "(mc.company_type_id = ct.id), (LLVM Optimized, Jit Execute)", "Plans": [{"Node Type": "Hash Join", "Parent Relationship": "Outer", "Join Type": "Inner", "Startup Cost": 125362.85, "Total Cost": 193012.49, "Plan Rows": 549199, "Plan Width": 49, "Actual Min Startup Time": 1633.274, "Actual Max Startup Time": 1633.274, "Actual Min Total Time": 2478.314, "Actual Max Total Time": 2478.314, "Inner Unique": false, "Hash Cond": "(mc.movie_id = t.id), (LLVM Optimized, Jit Execute)", "Plans": [{"Node Type": "Seq Scan", "Parent Relationship": "Outer", "Relation Name": "movie_companies", "Alias": "mc", "Startup Cost": 0.0, "Total Cost": 48340.1, "Plan Rows": 2609035, "Plan Width": 32, "Actual Min Startup Time": 0.048, "Actual Max Startup Time": 0.048, "Actual Min Total Time": 915.023, "Actual Max Total Time": 915.023, "Filter": "((note)::text !~~ '%(as Metro-Goldwyn-Mayer Pictures)%'::text), (LLVM Optimized, Jit Execute)", "Rows Removed by Filter": 1272041, "Actual Rows": 1337087}, {"Node Type": "Hash", "Parent Relationship": "Inner", "Startup Cost": 120407.8, "Total Cost": 120407.8, "Plan Rows": 396404, "Plan Width": 29, "Actual Min Startup Time": 1300.215, "Actual Max Startup Time": 1300.215, "Actual Min Total Time": 1300.215, "Actual Max Total Time": 1300.215, "Max Hash Buckets": 524288, "Min Hash Buckets": 524288, "Max Hash Batches": 1, "Min Hash Batches": 1, "Max Original Hash Batches": 1, "Min Original Hash Batches": 1, "Max Peak Memory Usage": 1, "min Peak Memory Usage": 1, "Plans": [{"Node Type": "Hash Join", "Parent Relationship": "Outer", "Join Type": "Inner", "Startup Cost": 87966.85, "Total Cost": 120407.8, "Plan Rows": 396404, "Plan Width": 29, "Actual Min Startup Time": 1300.153, "Actual Max Startup Time": 1300.153, "Actual Min Total Time": 1300.201, "Actual Max Total Time": 1300.201, "Inner Unique": true, "Hash Cond": "(mi_idx.movie_id = t.id), (LLVM Optimized, Jit Execute)", "Plans": [{"Node Type": "Hash Join", "Parent Relationship": "Outer", "Join Type": "Inner", "Startup Cost": 2.41, "Total Cost": 27185.54, "Plan Rows": 345008, "Plan Width": 4, "Actual Min Startup Time": 531.151, "Actual Max Startup Time": 531.151, "Actual Min Total Time": 531.158, "Actual Max Total Time": 531.158, "Inner Unique": true, "Hash Cond": "(mi_idx.info_type_id = it.id), (LLVM Optimized, Jit Execute)", "Plans": [{"Node Type": "Seq Scan", "Parent Relationship": "Outer", "Relation Name": "movie_info_idx", "Alias": "mi_idx", "Startup Cost": 0.0, "Total Cost": 20274.34, "Plan Rows": 1380034, "Plan Width": 8, "Actual Min Startup Time": 0.043, "Actual Max Startup Time": 0.043, "Actual Min Total Time": 300.571, "Actual Max Total Time": 300.571, "Actual Rows": 1380034}, {"Node Type": "Hash", "Parent Relationship": "Inner", "Startup Cost": 2.4, "Total Cost": 2.4, "Plan Rows": 1, "Plan Width": 4, "Actual Min Startup Time": 0.089, "Actual Max Startup Time": 0.089, "Actual Min Total Time": 0.089, "Actual Max Total Time": 0.089, "Max Hash Buckets": 32768, "Min Hash Buckets": 32768, "Max Hash Batches": 1, "Min Hash Batches": 1, "Max Original Hash Batches": 1, "Min Original Hash Batches": 1, "Max Peak Memory Usage": 1, "min Peak Memory Usage": 1, "Plans": [{"Node Type": "Seq Scan", "Parent Relationship": "Outer", "Relation Name": "info_type", "Alias": "it", "Startup Cost": 0.0, "Total Cost": 2.4, "Plan Rows": 1, "Plan Width": 4, "Actual Min Startup Time": 0.074, "Actual Max Startup Time": 0.074, "Actual Min Total Time": 0.077, "Actual Max Total Time": 0.077, "Filter": "((info)::text = 'bottom 10 rank'::text)", "Rows Removed by Filter": 111, "Actual Rows": 1}], "Actual Rows": 1}], "Actual Rows": 10}, {"Node Type": "Hash", "Parent Relationship": "Inner", "Startup Cost": 78973.94, "Total Cost": 78973.94, "Plan Rows": 719240, "Plan Width": 25, "Actual Min Startup Time": 767.713, "Actual Max Startup Time": 767.713, "Actual Min Total Time": 767.713, "Actual Max Total Time": 767.713, "Max Hash Buckets": 1048576, "Min Hash Buckets": 1048576, "Max Hash Batches": 1, "Min Hash Batches": 1, "Max Original Hash Batches": 1, "Min Original Hash Batches": 1, "Max Peak Memory Usage": 41052, "min Peak Memory Usage": 41052, "Plans": [{"Node Type": "Streaming(type: LOCAL GATHER dop: 1/64)", "Parent Relationship": "Outer", "Startup Cost": 1813.35, "Total Cost": 78973.94, "Plan Rows": 719240, "Plan Width": 25, "Actual Min Startup Time": 46.843, "Actual Max Startup Time": 46.843, "Actual Min Total Time": 498.917, "Actual Max Total Time": 498.917, "Plans": [{"Node Type": "Seq Scan", "Parent Relationship": "Outer", "Relation Name": "title", "Alias": "t", "Startup Cost": 1813.35, "Total Cost": 64136.1, "Plan Rows": 719240, "Plan Width": 25, "Actual Min Startup Time": 0.029, "Actual Max Startup Time": 0.066, "Actual Min Total Time": 15.489, "Actual Max Total Time": 19.26, "Filter": "((production_year >= 2005) AND (production_year <= 2010)), (LLVM Optimized, Jit Execute)", "Rows Removed by Filter": 1812052, "Actual Rows": 716259}], "Actual Rows": 716259}], "Actual Rows": 716259}], "Actual Rows": 4}], "Actual Rows": 4}], "Actual Rows": 66}, {"Node Type": "Hash", "Parent Relationship": "Inner", "Startup Cost": 1.04, "Total Cost": 1.04, "Plan Rows": 1, "Plan Width": 4, "Actual Min Startup Time": 0.059, "Actual Max Startup Time": 0.059, "Actual Min Total Time": 0.059, "Actual Max Total Time": 0.059, "Max Hash Buckets": 32768, "Min Hash Buckets": 32768, "Max Hash Batches": 1, "Min Hash Batches": 1, "Max Original Hash Batches": 1, "Min Original Hash Batches": 1, "Max Peak Memory Usage": 1, "min Peak Memory Usage": 1, "Plans": [{"Node Type": "Seq Scan", "Parent Relationship": "Outer", "Relation Name": "company_type", "Alias": "ct", "Startup Cost": 0.0, "Total Cost": 1.04, "Plan Rows": 1, "Plan Width": 4, "Actual Min Startup Time": 0.039, "Actual Max Startup Time": 0.039, "Actual Min Total Time": 0.042, "Actual Max Total Time": 0.042, "Filter": "((kind)::text = 'production companies'::text)", "Rows Removed by Filter": 2, "Actual Rows": 1}], "Actual Rows": 1}], "Actual Rows": 3}], "Actual Rows": 1}, "Triggers": [], "Planner Runtime": 12.541, "Total Runtime": 2502.712, "Unique SQL Id": 1162488282}}, "(64, '41')": {"explain_plan": {"Plan": {"Node Type": "Aggregate", "Strategy": "Plain", "Startup Cost": 264407.24, "Total Cost": 264407.25, "Plan Rows": 1, "Plan Width": 113, "Plans": [{"Node Type": "Hash Join", "Parent Relationship": "Outer", "Join Type": "Inner", "Startup Cost": 180303.61, "Total Cost": 261051.22, "Plan Rows": 447470, "Plan Width": 45, "Inner Unique": false, "Hash Cond": "(mc.movie_id = t.id), (LLVM Optimized)", "Plans": [{"Node Type": "Nested Loop", "Parent Relationship": "Outer", "Join Type": "Inner", "Startup Cost": 0.0, "Total Cost": 69436.41, "Plan Rows": 1304518, "Plan Width": 28, "Inner Unique": false, "Plans": [{"Node Type": "Index Scan", "Parent Relationship": "Outer", "Scan Direction": "Forward", "Index Name": "company_type_pkey", "Relation Name": "company_type", "Alias": "ct", "Startup Cost": 0.0, "Total Cost": 12.3, "Plan Rows": 1, "Plan Width": 4, "Filter": "((kind)::text = 'production companies'::text)"}, {"Node Type": "Index Scan", "Parent Relationship": "Inner", "Scan Direction": "Forward", "Index Name": "company_type_id_movie_companies", "Relation Name": "movie_companies", "Alias": "mc", "Startup Cost": 0.0, "Total Cost": 56378.94, "Plan Rows": 1304517, "Plan Width": 32, "Index Cond": "(company_type_id = ct.id), (LLVM Optimized)", "Filter": "((note)::text !~~ '%(as Metro-Goldwyn-Mayer Pictures)%'::text), (LLVM Optimized)"}]}, {"Node Type": "Hash", "Parent Relationship": "Inner", "Startup Cost": 175348.56, "Total Cost": 175348.56, "Plan Rows": 396404, "Plan Width": 29, "Plans": [{"Node Type": "Hash Join", "Parent Relationship": "Outer", "Join Type": "Inner", "Startup Cost": 131752.54, "Total Cost": 175348.56, "Plan Rows": 396404, "Plan Width": 29, "Inner Unique": true, "Hash Cond": "(mi_idx.movie_id = t.id), (LLVM Optimized)", "Plans": [{"Node Type": "Nested Loop", "Parent Relationship": "Outer", "Join Type": "Inner", "Startup Cost": 0.0, "Total Cost": 38338.2, "Plan Rows": 345008, "Plan Width": 4, "Inner Unique": false, "Plans": [{"Node Type": "Index Scan", "Parent Relationship": "Outer", "Scan Direction": "Forward", "Index Name": "info_type_pkey", "Relation Name": "info_type", "Alias": "it", "Startup Cost": 0.0, "Total Cost": 14.21, "Plan Rows": 1, "Plan Width": 4, "Filter": "((info)::text = 'bottom 10 rank'::text)"}, {"Node Type": "Index Scan", "Parent Relationship": "Inner", "Scan Direction": "Forward", "Index Name": "info_type_id_movie_info_idx", "Relation Name": "movie_info_idx", "Alias": "mi_idx", "Startup Cost": 0.0, "Total Cost": 34873.91, "Plan Rows": 345008, "Plan Width": 8, "Index Cond": "(info_type_id = it.id), (LLVM Optimized)"}]}, {"Node Type": "Hash", "Parent Relationship": "Inner", "Startup Cost": 122762.04, "Total Cost": 122762.04, "Plan Rows": 719240, "Plan Width": 25, "Plans": [{"Node Type": "Index Scan", "Parent Relationship": "Outer", "Scan Direction": "Forward", "Index Name": "title_pkey", "Relation Name": "title", "Alias": "t", "Startup Cost": 0.0, "Total Cost": 122762.04, "Plan Rows": 719240, "Plan Width": 25, "Filter": "((production_year >= 2005) AND (production_year <= 2010)), (LLVM Optimized)"}]}]}]}]}]}, "Unique SQL Id": 1162488282, "Planner Runtime": 5}, "explain_analyze_plan": null}, "(64, '42')": {"explain_plan": {"Plan": {"Node Type": "Aggregate", "Strategy": "Plain", "Startup Cost": 200839.08, "Total Cost": 200839.09, "Plan Rows": 1, "Plan Width": 113, "Plans": [{"Node Type": "Hash Join", "Parent Relationship": "Outer", "Join Type": "Inner", "Startup Cost": 125363.9, "Total Cost": 197483.05, "Plan Rows": 447470, "Plan Width": 45, "Inner Unique": true, "Hash Cond": "(mc.company_type_id = ct.id), (LLVM Optimized)", "Plans": [{"Node Type": "Hash Join", "Parent Relationship": "Outer", "Join Type": "Inner", "Startup Cost": 125362.85, "Total Cost": 193012.49, "Plan Rows": 549199, "Plan Width": 49, "Inner Unique": false, "Hash Cond": "(mc.movie_id = t.id), (LLVM Optimized)", "Plans": [{"Node Type": "Seq Scan", "Parent Relationship": "Outer", "Relation Name": "movie_companies", "Alias": "mc", "Startup Cost": 0.0, "Total Cost": 48340.1, "Plan Rows": 2609035, "Plan Width": 32, "Filter": "((note)::text !~~ '%(as Metro-Goldwyn-Mayer Pictures)%'::text), (LLVM Optimized)"}, {"Node Type": "Hash", "Parent Relationship": "Inner", "Startup Cost": 120407.8, "Total Cost": 120407.8, "Plan Rows": 396404, "Plan Width": 29, "Plans": [{"Node Type": "Hash Join", "Parent Relationship": "Outer", "Join Type": "Inner", "Startup Cost": 87966.85, "Total Cost": 120407.8, "Plan Rows": 396404, "Plan Width": 29, "Inner Unique": true, "Hash Cond": "(mi_idx.movie_id = t.id), (LLVM Optimized)", "Plans": [{"Node Type": "Hash Join", "Parent Relationship": "Outer", "Join Type": "Inner", "Startup Cost": 2.41, "Total Cost": 27185.54, "Plan Rows": 345008, "Plan Width": 4, "Inner Unique": true, "Hash Cond": "(mi_idx.info_type_id = it.id), (LLVM Optimized)", "Plans": [{"Node Type": "Seq Scan", "Parent Relationship": "Outer", "Relation Name": "movie_info_idx", "Alias": "mi_idx", "Startup Cost": 0.0, "Total Cost": 20274.34, "Plan Rows": 1380034, "Plan Width": 8}, {"Node Type": "Hash", "Parent Relationship": "Inner", "Startup Cost": 2.4, "Total Cost": 2.4, "Plan Rows": 1, "Plan Width": 4, "Plans": [{"Node Type": "Seq Scan", "Parent Relationship": "Outer", "Relation Name": "info_type", "Alias": "it", "Startup Cost": 0.0, "Total Cost": 2.4, "Plan Rows": 1, "Plan Width": 4, "Filter": "((info)::text = 'bottom 10 rank'::text)"}]}]}, {"Node Type": "Hash", "Parent Relationship": "Inner", "Startup Cost": 78973.94, "Total Cost": 78973.94, "Plan Rows": 719240, "Plan Width": 25, "Plans": [{"Node Type": "Streaming(type: LOCAL GATHER dop: 1/64)", "Parent Relationship": "Outer", "Startup Cost": 1813.35, "Total Cost": 78973.94, "Plan Rows": 719240, "Plan Width": 25, "Plans": [{"Node Type": "Seq Scan", "Parent Relationship": "Outer", "Relation Name": "title", "Alias": "t", "Startup Cost": 1813.35, "Total Cost": 64136.1, "Plan Rows": 719240, "Plan Width": 25, "Filter": "((production_year >= 2005) AND (production_year <= 2010)), (LLVM Optimized)"}]}]}]}]}]}, {"Node Type": "Hash", "Parent Relationship": "Inner", "Startup Cost": 1.04, "Total Cost": 1.04, "Plan Rows": 1, "Plan Width": 4, "Plans": [{"Node Type": "Seq Scan", "Parent Relationship": "Outer", "Relation Name": "company_type", "Alias": "ct", "Startup Cost": 0.0, "Total Cost": 1.04, "Plan Rows": 1, "Plan Width": 4, "Filter": "((kind)::text = 'production companies'::text)"}]}]}]}, "Unique SQL Id": 1162488282, "Planner Runtime": 8}, "explain_analyze_plan": {"Plan": {"Node Type": "Aggregate", "Strategy": "Plain", "Startup Cost": 200839.08, "Total Cost": 200839.09, "Plan Rows": 1, "Plan Width": 113, "Actual Min Startup Time": 2478.651, "Actual Max Startup Time": 2478.651, "Actual Min Total Time": 2478.651, "Actual Max Total Time": 2478.651, "Plans": [{"Node Type": "Hash Join", "Parent Relationship": "Outer", "Join Type": "Inner", "Startup Cost": 125363.9, "Total Cost": 197483.05, "Plan Rows": 447470, "Plan Width": 45, "Actual Min Startup Time": 2304.972, "Actual Max Startup Time": 2304.972, "Actual Min Total Time": 2478.612, "Actual Max Total Time": 2478.612, "Inner Unique": true, "Hash Cond": "(mc.company_type_id = ct.id), (LLVM Optimized, Jit Execute)", "Plans": [{"Node Type": "Hash Join", "Parent Relationship": "Outer", "Join Type": "Inner", "Startup Cost": 125362.85, "Total Cost": 193012.49, "Plan Rows": 549199, "Plan Width": 49, "Actual Min Startup Time": 1633.274, "Actual Max Startup Time": 1633.274, "Actual Min Total Time": 2478.314, "Actual Max Total Time": 2478.314, "Inner Unique": false, "Hash Cond": "(mc.movie_id = t.id), (LLVM Optimized, Jit Execute)", "Plans": [{"Node Type": "Seq Scan", "Parent Relationship": "Outer", "Relation Name": "movie_companies", "Alias": "mc", "Startup Cost": 0.0, "Total Cost": 48340.1, "Plan Rows": 2609035, "Plan Width": 32, "Actual Min Startup Time": 0.048, "Actual Max Startup Time": 0.048, "Actual Min Total Time": 915.023, "Actual Max Total Time": 915.023, "Filter": "((note)::text !~~ '%(as Metro-Goldwyn-Mayer Pictures)%'::text), (LLVM Optimized, Jit Execute)", "Rows Removed by Filter": 1272041, "Actual Rows": 1337087}, {"Node Type": "Hash", "Parent Relationship": "Inner", "Startup Cost": 120407.8, "Total Cost": 120407.8, "Plan Rows": 396404, "Plan Width": 29, "Actual Min Startup Time": 1300.215, "Actual Max Startup Time": 1300.215, "Actual Min Total Time": 1300.215, "Actual Max Total Time": 1300.215, "Max Hash Buckets": 524288, "Min Hash Buckets": 524288, "Max Hash Batches": 1, "Min Hash Batches": 1, "Max Original Hash Batches": 1, "Min Original Hash Batches": 1, "Max Peak Memory Usage": 1, "min Peak Memory Usage": 1, "Plans": [{"Node Type": "Hash Join", "Parent Relationship": "Outer", "Join Type": "Inner", "Startup Cost": 87966.85, "Total Cost": 120407.8, "Plan Rows": 396404, "Plan Width": 29, "Actual Min Startup Time": 1300.153, "Actual Max Startup Time": 1300.153, "Actual Min Total Time": 1300.201, "Actual Max Total Time": 1300.201, "Inner Unique": true, "Hash Cond": "(mi_idx.movie_id = t.id), (LLVM Optimized, Jit Execute)", "Plans": [{"Node Type": "Hash Join", "Parent Relationship": "Outer", "Join Type": "Inner", "Startup Cost": 2.41, "Total Cost": 27185.54, "Plan Rows": 345008, "Plan Width": 4, "Actual Min Startup Time": 531.151, "Actual Max Startup Time": 531.151, "Actual Min Total Time": 531.158, "Actual Max Total Time": 531.158, "Inner Unique": true, "Hash Cond": "(mi_idx.info_type_id = it.id), (LLVM Optimized, Jit Execute)", "Plans": [{"Node Type": "Seq Scan", "Parent Relationship": "Outer", "Relation Name": "movie_info_idx", "Alias": "mi_idx", "Startup Cost": 0.0, "Total Cost": 20274.34, "Plan Rows": 1380034, "Plan Width": 8, "Actual Min Startup Time": 0.043, "Actual Max Startup Time": 0.043, "Actual Min Total Time": 300.571, "Actual Max Total Time": 300.571, "Actual Rows": 1380034}, {"Node Type": "Hash", "Parent Relationship": "Inner", "Startup Cost": 2.4, "Total Cost": 2.4, "Plan Rows": 1, "Plan Width": 4, "Actual Min Startup Time": 0.089, "Actual Max Startup Time": 0.089, "Actual Min Total Time": 0.089, "Actual Max Total Time": 0.089, "Max Hash Buckets": 32768, "Min Hash Buckets": 32768, "Max Hash Batches": 1, "Min Hash Batches": 1, "Max Original Hash Batches": 1, "Min Original Hash Batches": 1, "Max Peak Memory Usage": 1, "min Peak Memory Usage": 1, "Plans": [{"Node Type": "Seq Scan", "Parent Relationship": "Outer", "Relation Name": "info_type", "Alias": "it", "Startup Cost": 0.0, "Total Cost": 2.4, "Plan Rows": 1, "Plan Width": 4, "Actual Min Startup Time": 0.074, "Actual Max Startup Time": 0.074, "Actual Min Total Time": 0.077, "Actual Max Total Time": 0.077, "Filter": "((info)::text = 'bottom 10 rank'::text)", "Rows Removed by Filter": 111, "Actual Rows": 1}], "Actual Rows": 1}], "Actual Rows": 10}, {"Node Type": "Hash", "Parent Relationship": "Inner", "Startup Cost": 78973.94, "Total Cost": 78973.94, "Plan Rows": 719240, "Plan Width": 25, "Actual Min Startup Time": 767.713, "Actual Max Startup Time": 767.713, "Actual Min Total Time": 767.713, "Actual Max Total Time": 767.713, "Max Hash Buckets": 1048576, "Min Hash Buckets": 1048576, "Max Hash Batches": 1, "Min Hash Batches": 1, "Max Original Hash Batches": 1, "Min Original Hash Batches": 1, "Max Peak Memory Usage": 41052, "min Peak Memory Usage": 41052, "Plans": [{"Node Type": "Streaming(type: LOCAL GATHER dop: 1/64)", "Parent Relationship": "Outer", "Startup Cost": 1813.35, "Total Cost": 78973.94, "Plan Rows": 719240, "Plan Width": 25, "Actual Min Startup Time": 46.843, "Actual Max Startup Time": 46.843, "Actual Min Total Time": 498.917, "Actual Max Total Time": 498.917, "Plans": [{"Node Type": "Seq Scan", "Parent Relationship": "Outer", "Relation Name": "title", "Alias": "t", "Startup Cost": 1813.35, "Total Cost": 64136.1, "Plan Rows": 719240, "Plan Width": 25, "Actual Min Startup Time": 0.029, "Actual Max Startup Time": 0.066, "Actual Min Total Time": 15.489, "Actual Max Total Time": 19.26, "Filter": "((production_year >= 2005) AND (production_year <= 2010)), (LLVM Optimized, Jit Execute)", "Rows Removed by Filter": 1812052, "Actual Rows": 716259}], "Actual Rows": 716259}], "Actual Rows": 716259}], "Actual Rows": 4}], "Actual Rows": 4}], "Actual Rows": 66}, {"Node Type": "Hash", "Parent Relationship": "Inner", "Startup Cost": 1.04, "Total Cost": 1.04, "Plan Rows": 1, "Plan Width": 4, "Actual Min Startup Time": 0.059, "Actual Max Startup Time": 0.059, "Actual Min Total Time": 0.059, "Actual Max Total Time": 0.059, "Max Hash Buckets": 32768, "Min Hash Buckets": 32768, "Max Hash Batches": 1, "Min Hash Batches": 1, "Max Original Hash Batches": 1, "Min Original Hash Batches": 1, "Max Peak Memory Usage": 1, "min Peak Memory Usage": 1, "Plans": [{"Node Type": "Seq Scan", "Parent Relationship": "Outer", "Relation Name": "company_type", "Alias": "ct", "Startup Cost": 0.0, "Total Cost": 1.04, "Plan Rows": 1, "Plan Width": 4, "Actual Min Startup Time": 0.039, "Actual Max Startup Time": 0.039, "Actual Min Total Time": 0.042, "Actual Max Total Time": 0.042, "Filter": "((kind)::text = 'production companies'::text)", "Rows Removed by Filter": 2, "Actual Rows": 1}], "Actual Rows": 1}], "Actual Rows": 3}], "Actual Rows": 1}, "Triggers": [], "Planner Runtime": 12.541, "Total Runtime": 2502.712, "Unique SQL Id": 1162488282}}, "(64, '43')": {"explain_plan": {"Plan": {"Node Type": "Aggregate", "Strategy": "Plain", "Startup Cost": 5011509593772.63, "Total Cost": 5011509593772.64, "Plan Rows": 1, "Plan Width": 113, "Plans": [{"Node Type": "Nested Loop", "Parent Relationship": "Outer", "Join Type": "Inner", "Startup Cost": 50000000000.0, "Total Cost": 5011509590416.61, "Plan Rows": 447470, "Plan Width": 45, "Inner Unique": false, "Join Filter": "(mc.movie_id = t.id), (LLVM Optimized)", "Plans": [{"Node Type": "Nested Loop", "Parent Relationship": "Outer", "Join Type": "Inner", "Startup Cost": 20000000000.0, "Total Cost": 2000013744593.91, "Plan Rows": 1304518, "Plan Width": 28, "Inner Unique": true, "Join Filter": "(ct.id = mc.company_type_id), (LLVM Optimized)", "Plans": [{"Node Type": "Index Scan", "Parent Relationship": "Outer", "Scan Direction": "Forward", "Index Name": "movie_id_movie_companies", "Relation Name": "movie_companies", "Alias": "mc", "Startup Cost": 10000000000.0, "Total Cost": 1000013704228.13, "Plan Rows": 2609035, "Plan Width": 32, "Filter": "((note)::text !~~ '%(as Metro-Goldwyn-Mayer Pictures)%'::text), (LLVM Optimized)"}, {"Node Type": "Materialize", "Parent Relationship": "Inner", "Startup Cost": 10000000000.0, "Total Cost": 1000000001230.26, "Plan Rows": 1, "Plan Width": 4, "Plans": [{"Node Type": "Index Scan", "Parent Relationship": "Outer", "Scan Direction": "Forward", "Index Name": "company_type_pkey", "Relation Name": "company_type", "Alias": "ct", "Startup Cost": 10000000000.0, "Total Cost": 1000000001230.25, "Plan Rows": 1, "Plan Width": 4, "Filter": "((kind)::text = 'production companies'::text)"}]}]}, {"Node Type": "Materialize", "Parent Relationship": "Inner", "Startup Cost": 30000000000.0, "Total Cost": 3003739104514.63, "Plan Rows": 396404, "Plan Width": 29, "Plans": [{"Node Type": "Nested Loop", "Parent Relationship": "Outer", "Join Type": "Inner", "Startup Cost": 30000000000.0, "Total Cost": 3003739102532.61, "Plan Rows": 396404, "Plan Width": 29, "Inner Unique": false, "Join Filter": "(mi_idx.movie_id = t.id), (LLVM Optimized)", "Plans": [{"Node Type": "Index Scan", "Parent Relationship": "Outer", "Scan Direction": "Forward", "Index Name": "title_pkey", "Relation Name": "title", "Alias": "t", "Startup Cost": 10000000000.0, "Total Cost": 1000012276204.41, "Plan Rows": 719240, "Plan Width": 25, "Filter": "((production_year >= 2005) AND (production_year <= 2010)), (LLVM Optimized)"}, {"Node Type": "Materialize", "Parent Relationship": "Inner", "Startup Cost": 20000000000.0, "Total Cost": 2000004673881.92, "Plan Rows": 345008, "Plan Width": 4, "Plans": [{"Node Type": "Nested Loop", "Parent Relationship": "Outer", "Join Type": "Inner", "Startup Cost": 20000000000.0, "Total Cost": 2000004672156.88, "Plan Rows": 345008, "Plan Width": 4, "Inner Unique": true, "Join Filter": "(it.id = mi_idx.info_type_id), (LLVM Optimized)", "Plans": [{"Node Type": "Index Scan", "Parent Relationship": "Outer", "Scan Direction": "Forward", "Index Name": "movie_id_movie_info_idx", "Relation Name": "movie_info_idx", "Alias": "mi_idx", "Startup Cost": 10000000000.0, "Total Cost": 1000004650035.37, "Plan Rows": 1380034, "Plan Width": 8}, {"Node Type": "Materialize", "Parent Relationship": "Inner", "Startup Cost": 10000000000.0, "Total Cost": 1000000001421.0, "Plan Rows": 1, "Plan Width": 4, "Plans": [{"Node Type": "Index Scan", "Parent Relationship": "Outer", "Scan Direction": "Forward", "Index Name": "info_type_pkey", "Relation Name": "info_type", "Alias": "it", "Startup Cost": 10000000000.0, "Total Cost": 1000000001421.0, "Plan Rows": 1, "Plan Width": 4, "Filter": "((info)::text = 'bottom 10 rank'::text)"}]}]}]}]}]}]}]}, "Unique SQL Id": 1162488282, "Planner Runtime": 5}, "explain_analyze_plan": null}, "(64, '44')": {"explain_plan": {"Plan": {"Node Type": "Aggregate", "Strategy": "Plain", "Startup Cost": 200839.08, "Total Cost": 200839.09, "Plan Rows": 1, "Plan Width": 113, "Plans": [{"Node Type": "Hash Join", "Parent Relationship": "Outer", "Join Type": "Inner", "Startup Cost": 125363.9, "Total Cost": 197483.05, "Plan Rows": 447470, "Plan Width": 45, "Inner Unique": true, "Hash Cond": "(mc.company_type_id = ct.id), (LLVM Optimized)", "Plans": [{"Node Type": "Hash Join", "Parent Relationship": "Outer", "Join Type": "Inner", "Startup Cost": 125362.85, "Total Cost": 193012.49, "Plan Rows": 549199, "Plan Width": 49, "Inner Unique": false, "Hash Cond": "(mc.movie_id = t.id), (LLVM Optimized)", "Plans": [{"Node Type": "Seq Scan", "Parent Relationship": "Outer", "Relation Name": "movie_companies", "Alias": "mc", "Startup Cost": 0.0, "Total Cost": 48340.1, "Plan Rows": 2609035, "Plan Width": 32, "Filter": "((note)::text !~~ '%(as Metro-Goldwyn-Mayer Pictures)%'::text), (LLVM Optimized)"}, {"Node Type": "Hash", "Parent Relationship": "Inner", "Startup Cost": 120407.8, "Total Cost": 120407.8, "Plan Rows": 396404, "Plan Width": 29, "Plans": [{"Node Type": "Hash Join", "Parent Relationship": "Outer", "Join Type": "Inner", "Startup Cost": 87966.85, "Total Cost": 120407.8, "Plan Rows": 396404, "Plan Width": 29, "Inner Unique": true, "Hash Cond": "(mi_idx.movie_id = t.id), (LLVM Optimized)", "Plans": [{"Node Type": "Hash Join", "Parent Relationship": "Outer", "Join Type": "Inner", "Startup Cost": 2.41, "Total Cost": 27185.54, "Plan Rows": 345008, "Plan Width": 4, "Inner Unique": true, "Hash Cond": "(mi_idx.info_type_id = it.id), (LLVM Optimized)", "Plans": [{"Node Type": "Seq Scan", "Parent Relationship": "Outer", "Relation Name": "movie_info_idx", "Alias": "mi_idx", "Startup Cost": 0.0, "Total Cost": 20274.34, "Plan Rows": 1380034, "Plan Width": 8}, {"Node Type": "Hash", "Parent Relationship": "Inner", "Startup Cost": 2.4, "Total Cost": 2.4, "Plan Rows": 1, "Plan Width": 4, "Plans": [{"Node Type": "Seq Scan", "Parent Relationship": "Outer", "Relation Name": "info_type", "Alias": "it", "Startup Cost": 0.0, "Total Cost": 2.4, "Plan Rows": 1, "Plan Width": 4, "Filter": "((info)::text = 'bottom 10 rank'::text)"}]}]}, {"Node Type": "Hash", "Parent Relationship": "Inner", "Startup Cost": 78973.94, "Total Cost": 78973.94, "Plan Rows": 719240, "Plan Width": 25, "Plans": [{"Node Type": "Streaming(type: LOCAL GATHER dop: 1/64)", "Parent Relationship": "Outer", "Startup Cost": 1813.35, "Total Cost": 78973.94, "Plan Rows": 719240, "Plan Width": 25, "Plans": [{"Node Type": "Seq Scan", "Parent Relationship": "Outer", "Relation Name": "title", "Alias": "t", "Startup Cost": 1813.35, "Total Cost": 64136.1, "Plan Rows": 719240, "Plan Width": 25, "Filter": "((production_year >= 2005) AND (production_year <= 2010)), (LLVM Optimized)"}]}]}]}]}]}, {"Node Type": "Hash", "Parent Relationship": "Inner", "Startup Cost": 1.04, "Total Cost": 1.04, "Plan Rows": 1, "Plan Width": 4, "Plans": [{"Node Type": "Seq Scan", "Parent Relationship": "Outer", "Relation Name": "company_type", "Alias": "ct", "Startup Cost": 0.0, "Total Cost": 1.04, "Plan Rows": 1, "Plan Width": 4, "Filter": "((kind)::text = 'production companies'::text)"}]}]}]}, "Unique SQL Id": 1162488282, "Planner Runtime": 8}, "explain_analyze_plan": {"Plan": {"Node Type": "Aggregate", "Strategy": "Plain", "Startup Cost": 200839.08, "Total Cost": 200839.09, "Plan Rows": 1, "Plan Width": 113, "Actual Min Startup Time": 2478.651, "Actual Max Startup Time": 2478.651, "Actual Min Total Time": 2478.651, "Actual Max Total Time": 2478.651, "Plans": [{"Node Type": "Hash Join", "Parent Relationship": "Outer", "Join Type": "Inner", "Startup Cost": 125363.9, "Total Cost": 197483.05, "Plan Rows": 447470, "Plan Width": 45, "Actual Min Startup Time": 2304.972, "Actual Max Startup Time": 2304.972, "Actual Min Total Time": 2478.612, "Actual Max Total Time": 2478.612, "Inner Unique": true, "Hash Cond": "(mc.company_type_id = ct.id), (LLVM Optimized, Jit Execute)", "Plans": [{"Node Type": "Hash Join", "Parent Relationship": "Outer", "Join Type": "Inner", "Startup Cost": 125362.85, "Total Cost": 193012.49, "Plan Rows": 549199, "Plan Width": 49, "Actual Min Startup Time": 1633.274, "Actual Max Startup Time": 1633.274, "Actual Min Total Time": 2478.314, "Actual Max Total Time": 2478.314, "Inner Unique": false, "Hash Cond": "(mc.movie_id = t.id), (LLVM Optimized, Jit Execute)", "Plans": [{"Node Type": "Seq Scan", "Parent Relationship": "Outer", "Relation Name": "movie_companies", "Alias": "mc", "Startup Cost": 0.0, "Total Cost": 48340.1, "Plan Rows": 2609035, "Plan Width": 32, "Actual Min Startup Time": 0.048, "Actual Max Startup Time": 0.048, "Actual Min Total Time": 915.023, "Actual Max Total Time": 915.023, "Filter": "((note)::text !~~ '%(as Metro-Goldwyn-Mayer Pictures)%'::text), (LLVM Optimized, Jit Execute)", "Rows Removed by Filter": 1272041, "Actual Rows": 1337087}, {"Node Type": "Hash", "Parent Relationship": "Inner", "Startup Cost": 120407.8, "Total Cost": 120407.8, "Plan Rows": 396404, "Plan Width": 29, "Actual Min Startup Time": 1300.215, "Actual Max Startup Time": 1300.215, "Actual Min Total Time": 1300.215, "Actual Max Total Time": 1300.215, "Max Hash Buckets": 524288, "Min Hash Buckets": 524288, "Max Hash Batches": 1, "Min Hash Batches": 1, "Max Original Hash Batches": 1, "Min Original Hash Batches": 1, "Max Peak Memory Usage": 1, "min Peak Memory Usage": 1, "Plans": [{"Node Type": "Hash Join", "Parent Relationship": "Outer", "Join Type": "Inner", "Startup Cost": 87966.85, "Total Cost": 120407.8, "Plan Rows": 396404, "Plan Width": 29, "Actual Min Startup Time": 1300.153, "Actual Max Startup Time": 1300.153, "Actual Min Total Time": 1300.201, "Actual Max Total Time": 1300.201, "Inner Unique": true, "Hash Cond": "(mi_idx.movie_id = t.id), (LLVM Optimized, Jit Execute)", "Plans": [{"Node Type": "Hash Join", "Parent Relationship": "Outer", "Join Type": "Inner", "Startup Cost": 2.41, "Total Cost": 27185.54, "Plan Rows": 345008, "Plan Width": 4, "Actual Min Startup Time": 531.151, "Actual Max Startup Time": 531.151, "Actual Min Total Time": 531.158, "Actual Max Total Time": 531.158, "Inner Unique": true, "Hash Cond": "(mi_idx.info_type_id = it.id), (LLVM Optimized, Jit Execute)", "Plans": [{"Node Type": "Seq Scan", "Parent Relationship": "Outer", "Relation Name": "movie_info_idx", "Alias": "mi_idx", "Startup Cost": 0.0, "Total Cost": 20274.34, "Plan Rows": 1380034, "Plan Width": 8, "Actual Min Startup Time": 0.043, "Actual Max Startup Time": 0.043, "Actual Min Total Time": 300.571, "Actual Max Total Time": 300.571, "Actual Rows": 1380034}, {"Node Type": "Hash", "Parent Relationship": "Inner", "Startup Cost": 2.4, "Total Cost": 2.4, "Plan Rows": 1, "Plan Width": 4, "Actual Min Startup Time": 0.089, "Actual Max Startup Time": 0.089, "Actual Min Total Time": 0.089, "Actual Max Total Time": 0.089, "Max Hash Buckets": 32768, "Min Hash Buckets": 32768, "Max Hash Batches": 1, "Min Hash Batches": 1, "Max Original Hash Batches": 1, "Min Original Hash Batches": 1, "Max Peak Memory Usage": 1, "min Peak Memory Usage": 1, "Plans": [{"Node Type": "Seq Scan", "Parent Relationship": "Outer", "Relation Name": "info_type", "Alias": "it", "Startup Cost": 0.0, "Total Cost": 2.4, "Plan Rows": 1, "Plan Width": 4, "Actual Min Startup Time": 0.074, "Actual Max Startup Time": 0.074, "Actual Min Total Time": 0.077, "Actual Max Total Time": 0.077, "Filter": "((info)::text = 'bottom 10 rank'::text)", "Rows Removed by Filter": 111, "Actual Rows": 1}], "Actual Rows": 1}], "Actual Rows": 10}, {"Node Type": "Hash", "Parent Relationship": "Inner", "Startup Cost": 78973.94, "Total Cost": 78973.94, "Plan Rows": 719240, "Plan Width": 25, "Actual Min Startup Time": 767.713, "Actual Max Startup Time": 767.713, "Actual Min Total Time": 767.713, "Actual Max Total Time": 767.713, "Max Hash Buckets": 1048576, "Min Hash Buckets": 1048576, "Max Hash Batches": 1, "Min Hash Batches": 1, "Max Original Hash Batches": 1, "Min Original Hash Batches": 1, "Max Peak Memory Usage": 41052, "min Peak Memory Usage": 41052, "Plans": [{"Node Type": "Streaming(type: LOCAL GATHER dop: 1/64)", "Parent Relationship": "Outer", "Startup Cost": 1813.35, "Total Cost": 78973.94, "Plan Rows": 719240, "Plan Width": 25, "Actual Min Startup Time": 46.843, "Actual Max Startup Time": 46.843, "Actual Min Total Time": 498.917, "Actual Max Total Time": 498.917, "Plans": [{"Node Type": "Seq Scan", "Parent Relationship": "Outer", "Relation Name": "title", "Alias": "t", "Startup Cost": 1813.35, "Total Cost": 64136.1, "Plan Rows": 719240, "Plan Width": 25, "Actual Min Startup Time": 0.029, "Actual Max Startup Time": 0.066, "Actual Min Total Time": 15.489, "Actual Max Total Time": 19.26, "Filter": "((production_year >= 2005) AND (production_year <= 2010)), (LLVM Optimized, Jit Execute)", "Rows Removed by Filter": 1812052, "Actual Rows": 716259}], "Actual Rows": 716259}], "Actual Rows": 716259}], "Actual Rows": 4}], "Actual Rows": 4}], "Actual Rows": 66}, {"Node Type": "Hash", "Parent Relationship": "Inner", "Startup Cost": 1.04, "Total Cost": 1.04, "Plan Rows": 1, "Plan Width": 4, "Actual Min Startup Time": 0.059, "Actual Max Startup Time": 0.059, "Actual Min Total Time": 0.059, "Actual Max Total Time": 0.059, "Max Hash Buckets": 32768, "Min Hash Buckets": 32768, "Max Hash Batches": 1, "Min Hash Batches": 1, "Max Original Hash Batches": 1, "Min Original Hash Batches": 1, "Max Peak Memory Usage": 1, "min Peak Memory Usage": 1, "Plans": [{"Node Type": "Seq Scan", "Parent Relationship": "Outer", "Relation Name": "company_type", "Alias": "ct", "Startup Cost": 0.0, "Total Cost": 1.04, "Plan Rows": 1, "Plan Width": 4, "Actual Min Startup Time": 0.039, "Actual Max Startup Time": 0.039, "Actual Min Total Time": 0.042, "Actual Max Total Time": 0.042, "Filter": "((kind)::text = 'production companies'::text)", "Rows Removed by Filter": 2, "Actual Rows": 1}], "Actual Rows": 1}], "Actual Rows": 3}], "Actual Rows": 1}, "Triggers": [], "Planner Runtime": 12.541, "Total Runtime": 2502.712, "Unique SQL Id": 1162488282}}, "(64, '45')": {"explain_plan": {"Plan": {"Node Type": "Aggregate", "Strategy": "Plain", "Startup Cost": 264407.24, "Total Cost": 264407.25, "Plan Rows": 1, "Plan Width": 113, "Plans": [{"Node Type": "Hash Join", "Parent Relationship": "Outer", "Join Type": "Inner", "Startup Cost": 180303.61, "Total Cost": 261051.22, "Plan Rows": 447470, "Plan Width": 45, "Inner Unique": false, "Hash Cond": "(mc.movie_id = t.id), (LLVM Optimized)", "Plans": [{"Node Type": "Nested Loop", "Parent Relationship": "Outer", "Join Type": "Inner", "Startup Cost": 0.0, "Total Cost": 69436.41, "Plan Rows": 1304518, "Plan Width": 28, "Inner Unique": false, "Plans": [{"Node Type": "Index Scan", "Parent Relationship": "Outer", "Scan Direction": "Forward", "Index Name": "company_type_pkey", "Relation Name": "company_type", "Alias": "ct", "Startup Cost": 0.0, "Total Cost": 12.3, "Plan Rows": 1, "Plan Width": 4, "Filter": "((kind)::text = 'production companies'::text)"}, {"Node Type": "Index Scan", "Parent Relationship": "Inner", "Scan Direction": "Forward", "Index Name": "company_type_id_movie_companies", "Relation Name": "movie_companies", "Alias": "mc", "Startup Cost": 0.0, "Total Cost": 56378.94, "Plan Rows": 1304517, "Plan Width": 32, "Index Cond": "(company_type_id = ct.id), (LLVM Optimized)", "Filter": "((note)::text !~~ '%(as Metro-Goldwyn-Mayer Pictures)%'::text), (LLVM Optimized)"}]}, {"Node Type": "Hash", "Parent Relationship": "Inner", "Startup Cost": 175348.56, "Total Cost": 175348.56, "Plan Rows": 396404, "Plan Width": 29, "Plans": [{"Node Type": "Hash Join", "Parent Relationship": "Outer", "Join Type": "Inner", "Startup Cost": 131752.54, "Total Cost": 175348.56, "Plan Rows": 396404, "Plan Width": 29, "Inner Unique": true, "Hash Cond": "(mi_idx.movie_id = t.id), (LLVM Optimized)", "Plans": [{"Node Type": "Nested Loop", "Parent Relationship": "Outer", "Join Type": "Inner", "Startup Cost": 0.0, "Total Cost": 38338.2, "Plan Rows": 345008, "Plan Width": 4, "Inner Unique": false, "Plans": [{"Node Type": "Index Scan", "Parent Relationship": "Outer", "Scan Direction": "Forward", "Index Name": "info_type_pkey", "Relation Name": "info_type", "Alias": "it", "Startup Cost": 0.0, "Total Cost": 14.21, "Plan Rows": 1, "Plan Width": 4, "Filter": "((info)::text = 'bottom 10 rank'::text)"}, {"Node Type": "Index Scan", "Parent Relationship": "Inner", "Scan Direction": "Forward", "Index Name": "info_type_id_movie_info_idx", "Relation Name": "movie_info_idx", "Alias": "mi_idx", "Startup Cost": 0.0, "Total Cost": 34873.91, "Plan Rows": 345008, "Plan Width": 8, "Index Cond": "(info_type_id = it.id), (LLVM Optimized)"}]}, {"Node Type": "Hash", "Parent Relationship": "Inner", "Startup Cost": 122762.04, "Total Cost": 122762.04, "Plan Rows": 719240, "Plan Width": 25, "Plans": [{"Node Type": "Index Scan", "Parent Relationship": "Outer", "Scan Direction": "Forward", "Index Name": "title_pkey", "Relation Name": "title", "Alias": "t", "Startup Cost": 0.0, "Total Cost": 122762.04, "Plan Rows": 719240, "Plan Width": 25, "Filter": "((production_year >= 2005) AND (production_year <= 2010)), (LLVM Optimized)"}]}]}]}]}]}, "Unique SQL Id": 1162488282, "Planner Runtime": 5}, "explain_analyze_plan": null}, "(64, '46')": {"explain_plan": {"Plan": {"Node Type": "Aggregate", "Strategy": "Plain", "Startup Cost": 200839.08, "Total Cost": 200839.09, "Plan Rows": 1, "Plan Width": 113, "Plans": [{"Node Type": "Hash Join", "Parent Relationship": "Outer", "Join Type": "Inner", "Startup Cost": 125363.9, "Total Cost": 197483.05, "Plan Rows": 447470, "Plan Width": 45, "Inner Unique": true, "Hash Cond": "(mc.company_type_id = ct.id), (LLVM Optimized)", "Plans": [{"Node Type": "Hash Join", "Parent Relationship": "Outer", "Join Type": "Inner", "Startup Cost": 125362.85, "Total Cost": 193012.49, "Plan Rows": 549199, "Plan Width": 49, "Inner Unique": false, "Hash Cond": "(mc.movie_id = t.id), (LLVM Optimized)", "Plans": [{"Node Type": "Seq Scan", "Parent Relationship": "Outer", "Relation Name": "movie_companies", "Alias": "mc", "Startup Cost": 0.0, "Total Cost": 48340.1, "Plan Rows": 2609035, "Plan Width": 32, "Filter": "((note)::text !~~ '%(as Metro-Goldwyn-Mayer Pictures)%'::text), (LLVM Optimized)"}, {"Node Type": "Hash", "Parent Relationship": "Inner", "Startup Cost": 120407.8, "Total Cost": 120407.8, "Plan Rows": 396404, "Plan Width": 29, "Plans": [{"Node Type": "Hash Join", "Parent Relationship": "Outer", "Join Type": "Inner", "Startup Cost": 87966.85, "Total Cost": 120407.8, "Plan Rows": 396404, "Plan Width": 29, "Inner Unique": true, "Hash Cond": "(mi_idx.movie_id = t.id), (LLVM Optimized)", "Plans": [{"Node Type": "Hash Join", "Parent Relationship": "Outer", "Join Type": "Inner", "Startup Cost": 2.41, "Total Cost": 27185.54, "Plan Rows": 345008, "Plan Width": 4, "Inner Unique": true, "Hash Cond": "(mi_idx.info_type_id = it.id), (LLVM Optimized)", "Plans": [{"Node Type": "Seq Scan", "Parent Relationship": "Outer", "Relation Name": "movie_info_idx", "Alias": "mi_idx", "Startup Cost": 0.0, "Total Cost": 20274.34, "Plan Rows": 1380034, "Plan Width": 8}, {"Node Type": "Hash", "Parent Relationship": "Inner", "Startup Cost": 2.4, "Total Cost": 2.4, "Plan Rows": 1, "Plan Width": 4, "Plans": [{"Node Type": "Seq Scan", "Parent Relationship": "Outer", "Relation Name": "info_type", "Alias": "it", "Startup Cost": 0.0, "Total Cost": 2.4, "Plan Rows": 1, "Plan Width": 4, "Filter": "((info)::text = 'bottom 10 rank'::text)"}]}]}, {"Node Type": "Hash", "Parent Relationship": "Inner", "Startup Cost": 78973.94, "Total Cost": 78973.94, "Plan Rows": 719240, "Plan Width": 25, "Plans": [{"Node Type": "Streaming(type: LOCAL GATHER dop: 1/64)", "Parent Relationship": "Outer", "Startup Cost": 1813.35, "Total Cost": 78973.94, "Plan Rows": 719240, "Plan Width": 25, "Plans": [{"Node Type": "Seq Scan", "Parent Relationship": "Outer", "Relation Name": "title", "Alias": "t", "Startup Cost": 1813.35, "Total Cost": 64136.1, "Plan Rows": 719240, "Plan Width": 25, "Filter": "((production_year >= 2005) AND (production_year <= 2010)), (LLVM Optimized)"}]}]}]}]}]}, {"Node Type": "Hash", "Parent Relationship": "Inner", "Startup Cost": 1.04, "Total Cost": 1.04, "Plan Rows": 1, "Plan Width": 4, "Plans": [{"Node Type": "Seq Scan", "Parent Relationship": "Outer", "Relation Name": "company_type", "Alias": "ct", "Startup Cost": 0.0, "Total Cost": 1.04, "Plan Rows": 1, "Plan Width": 4, "Filter": "((kind)::text = 'production companies'::text)"}]}]}]}, "Unique SQL Id": 1162488282, "Planner Runtime": 8}, "explain_analyze_plan": {"Plan": {"Node Type": "Aggregate", "Strategy": "Plain", "Startup Cost": 200839.08, "Total Cost": 200839.09, "Plan Rows": 1, "Plan Width": 113, "Actual Min Startup Time": 2478.651, "Actual Max Startup Time": 2478.651, "Actual Min Total Time": 2478.651, "Actual Max Total Time": 2478.651, "Plans": [{"Node Type": "Hash Join", "Parent Relationship": "Outer", "Join Type": "Inner", "Startup Cost": 125363.9, "Total Cost": 197483.05, "Plan Rows": 447470, "Plan Width": 45, "Actual Min Startup Time": 2304.972, "Actual Max Startup Time": 2304.972, "Actual Min Total Time": 2478.612, "Actual Max Total Time": 2478.612, "Inner Unique": true, "Hash Cond": "(mc.company_type_id = ct.id), (LLVM Optimized, Jit Execute)", "Plans": [{"Node Type": "Hash Join", "Parent Relationship": "Outer", "Join Type": "Inner", "Startup Cost": 125362.85, "Total Cost": 193012.49, "Plan Rows": 549199, "Plan Width": 49, "Actual Min Startup Time": 1633.274, "Actual Max Startup Time": 1633.274, "Actual Min Total Time": 2478.314, "Actual Max Total Time": 2478.314, "Inner Unique": false, "Hash Cond": "(mc.movie_id = t.id), (LLVM Optimized, Jit Execute)", "Plans": [{"Node Type": "Seq Scan", "Parent Relationship": "Outer", "Relation Name": "movie_companies", "Alias": "mc", "Startup Cost": 0.0, "Total Cost": 48340.1, "Plan Rows": 2609035, "Plan Width": 32, "Actual Min Startup Time": 0.048, "Actual Max Startup Time": 0.048, "Actual Min Total Time": 915.023, "Actual Max Total Time": 915.023, "Filter": "((note)::text !~~ '%(as Metro-Goldwyn-Mayer Pictures)%'::text), (LLVM Optimized, Jit Execute)", "Rows Removed by Filter": 1272041, "Actual Rows": 1337087}, {"Node Type": "Hash", "Parent Relationship": "Inner", "Startup Cost": 120407.8, "Total Cost": 120407.8, "Plan Rows": 396404, "Plan Width": 29, "Actual Min Startup Time": 1300.215, "Actual Max Startup Time": 1300.215, "Actual Min Total Time": 1300.215, "Actual Max Total Time": 1300.215, "Max Hash Buckets": 524288, "Min Hash Buckets": 524288, "Max Hash Batches": 1, "Min Hash Batches": 1, "Max Original Hash Batches": 1, "Min Original Hash Batches": 1, "Max Peak Memory Usage": 1, "min Peak Memory Usage": 1, "Plans": [{"Node Type": "Hash Join", "Parent Relationship": "Outer", "Join Type": "Inner", "Startup Cost": 87966.85, "Total Cost": 120407.8, "Plan Rows": 396404, "Plan Width": 29, "Actual Min Startup Time": 1300.153, "Actual Max Startup Time": 1300.153, "Actual Min Total Time": 1300.201, "Actual Max Total Time": 1300.201, "Inner Unique": true, "Hash Cond": "(mi_idx.movie_id = t.id), (LLVM Optimized, Jit Execute)", "Plans": [{"Node Type": "Hash Join", "Parent Relationship": "Outer", "Join Type": "Inner", "Startup Cost": 2.41, "Total Cost": 27185.54, "Plan Rows": 345008, "Plan Width": 4, "Actual Min Startup Time": 531.151, "Actual Max Startup Time": 531.151, "Actual Min Total Time": 531.158, "Actual Max Total Time": 531.158, "Inner Unique": true, "Hash Cond": "(mi_idx.info_type_id = it.id), (LLVM Optimized, Jit Execute)", "Plans": [{"Node Type": "Seq Scan", "Parent Relationship": "Outer", "Relation Name": "movie_info_idx", "Alias": "mi_idx", "Startup Cost": 0.0, "Total Cost": 20274.34, "Plan Rows": 1380034, "Plan Width": 8, "Actual Min Startup Time": 0.043, "Actual Max Startup Time": 0.043, "Actual Min Total Time": 300.571, "Actual Max Total Time": 300.571, "Actual Rows": 1380034}, {"Node Type": "Hash", "Parent Relationship": "Inner", "Startup Cost": 2.4, "Total Cost": 2.4, "Plan Rows": 1, "Plan Width": 4, "Actual Min Startup Time": 0.089, "Actual Max Startup Time": 0.089, "Actual Min Total Time": 0.089, "Actual Max Total Time": 0.089, "Max Hash Buckets": 32768, "Min Hash Buckets": 32768, "Max Hash Batches": 1, "Min Hash Batches": 1, "Max Original Hash Batches": 1, "Min Original Hash Batches": 1, "Max Peak Memory Usage": 1, "min Peak Memory Usage": 1, "Plans": [{"Node Type": "Seq Scan", "Parent Relationship": "Outer", "Relation Name": "info_type", "Alias": "it", "Startup Cost": 0.0, "Total Cost": 2.4, "Plan Rows": 1, "Plan Width": 4, "Actual Min Startup Time": 0.074, "Actual Max Startup Time": 0.074, "Actual Min Total Time": 0.077, "Actual Max Total Time": 0.077, "Filter": "((info)::text = 'bottom 10 rank'::text)", "Rows Removed by Filter": 111, "Actual Rows": 1}], "Actual Rows": 1}], "Actual Rows": 10}, {"Node Type": "Hash", "Parent Relationship": "Inner", "Startup Cost": 78973.94, "Total Cost": 78973.94, "Plan Rows": 719240, "Plan Width": 25, "Actual Min Startup Time": 767.713, "Actual Max Startup Time": 767.713, "Actual Min Total Time": 767.713, "Actual Max Total Time": 767.713, "Max Hash Buckets": 1048576, "Min Hash Buckets": 1048576, "Max Hash Batches": 1, "Min Hash Batches": 1, "Max Original Hash Batches": 1, "Min Original Hash Batches": 1, "Max Peak Memory Usage": 41052, "min Peak Memory Usage": 41052, "Plans": [{"Node Type": "Streaming(type: LOCAL GATHER dop: 1/64)", "Parent Relationship": "Outer", "Startup Cost": 1813.35, "Total Cost": 78973.94, "Plan Rows": 719240, "Plan Width": 25, "Actual Min Startup Time": 46.843, "Actual Max Startup Time": 46.843, "Actual Min Total Time": 498.917, "Actual Max Total Time": 498.917, "Plans": [{"Node Type": "Seq Scan", "Parent Relationship": "Outer", "Relation Name": "title", "Alias": "t", "Startup Cost": 1813.35, "Total Cost": 64136.1, "Plan Rows": 719240, "Plan Width": 25, "Actual Min Startup Time": 0.029, "Actual Max Startup Time": 0.066, "Actual Min Total Time": 15.489, "Actual Max Total Time": 19.26, "Filter": "((production_year >= 2005) AND (production_year <= 2010)), (LLVM Optimized, Jit Execute)", "Rows Removed by Filter": 1812052, "Actual Rows": 716259}], "Actual Rows": 716259}], "Actual Rows": 716259}], "Actual Rows": 4}], "Actual Rows": 4}], "Actual Rows": 66}, {"Node Type": "Hash", "Parent Relationship": "Inner", "Startup Cost": 1.04, "Total Cost": 1.04, "Plan Rows": 1, "Plan Width": 4, "Actual Min Startup Time": 0.059, "Actual Max Startup Time": 0.059, "Actual Min Total Time": 0.059, "Actual Max Total Time": 0.059, "Max Hash Buckets": 32768, "Min Hash Buckets": 32768, "Max Hash Batches": 1, "Min Hash Batches": 1, "Max Original Hash Batches": 1, "Min Original Hash Batches": 1, "Max Peak Memory Usage": 1, "min Peak Memory Usage": 1, "Plans": [{"Node Type": "Seq Scan", "Parent Relationship": "Outer", "Relation Name": "company_type", "Alias": "ct", "Startup Cost": 0.0, "Total Cost": 1.04, "Plan Rows": 1, "Plan Width": 4, "Actual Min Startup Time": 0.039, "Actual Max Startup Time": 0.039, "Actual Min Total Time": 0.042, "Actual Max Total Time": 0.042, "Filter": "((kind)::text = 'production companies'::text)", "Rows Removed by Filter": 2, "Actual Rows": 1}], "Actual Rows": 1}], "Actual Rows": 3}], "Actual Rows": 1}, "Triggers": [], "Planner Runtime": 12.541, "Total Runtime": 2502.712, "Unique SQL Id": 1162488282}}, "(64, '47')": {"explain_plan": {"Plan": {"Node Type": "Aggregate", "Strategy": "Plain", "Startup Cost": 5011509593772.63, "Total Cost": 5011509593772.64, "Plan Rows": 1, "Plan Width": 113, "Plans": [{"Node Type": "Nested Loop", "Parent Relationship": "Outer", "Join Type": "Inner", "Startup Cost": 50000000000.0, "Total Cost": 5011509590416.61, "Plan Rows": 447470, "Plan Width": 45, "Inner Unique": false, "Join Filter": "(mc.movie_id = t.id), (LLVM Optimized)", "Plans": [{"Node Type": "Nested Loop", "Parent Relationship": "Outer", "Join Type": "Inner", "Startup Cost": 20000000000.0, "Total Cost": 2000013744593.91, "Plan Rows": 1304518, "Plan Width": 28, "Inner Unique": true, "Join Filter": "(ct.id = mc.company_type_id), (LLVM Optimized)", "Plans": [{"Node Type": "Index Scan", "Parent Relationship": "Outer", "Scan Direction": "Forward", "Index Name": "movie_id_movie_companies", "Relation Name": "movie_companies", "Alias": "mc", "Startup Cost": 10000000000.0, "Total Cost": 1000013704228.13, "Plan Rows": 2609035, "Plan Width": 32, "Filter": "((note)::text !~~ '%(as Metro-Goldwyn-Mayer Pictures)%'::text), (LLVM Optimized)"}, {"Node Type": "Materialize", "Parent Relationship": "Inner", "Startup Cost": 10000000000.0, "Total Cost": 1000000001230.26, "Plan Rows": 1, "Plan Width": 4, "Plans": [{"Node Type": "Index Scan", "Parent Relationship": "Outer", "Scan Direction": "Forward", "Index Name": "company_type_pkey", "Relation Name": "company_type", "Alias": "ct", "Startup Cost": 10000000000.0, "Total Cost": 1000000001230.25, "Plan Rows": 1, "Plan Width": 4, "Filter": "((kind)::text = 'production companies'::text)"}]}]}, {"Node Type": "Materialize", "Parent Relationship": "Inner", "Startup Cost": 30000000000.0, "Total Cost": 3003739104514.63, "Plan Rows": 396404, "Plan Width": 29, "Plans": [{"Node Type": "Nested Loop", "Parent Relationship": "Outer", "Join Type": "Inner", "Startup Cost": 30000000000.0, "Total Cost": 3003739102532.61, "Plan Rows": 396404, "Plan Width": 29, "Inner Unique": false, "Join Filter": "(mi_idx.movie_id = t.id), (LLVM Optimized)", "Plans": [{"Node Type": "Index Scan", "Parent Relationship": "Outer", "Scan Direction": "Forward", "Index Name": "title_pkey", "Relation Name": "title", "Alias": "t", "Startup Cost": 10000000000.0, "Total Cost": 1000012276204.41, "Plan Rows": 719240, "Plan Width": 25, "Filter": "((production_year >= 2005) AND (production_year <= 2010)), (LLVM Optimized)"}, {"Node Type": "Materialize", "Parent Relationship": "Inner", "Startup Cost": 20000000000.0, "Total Cost": 2000004673881.92, "Plan Rows": 345008, "Plan Width": 4, "Plans": [{"Node Type": "Nested Loop", "Parent Relationship": "Outer", "Join Type": "Inner", "Startup Cost": 20000000000.0, "Total Cost": 2000004672156.88, "Plan Rows": 345008, "Plan Width": 4, "Inner Unique": true, "Join Filter": "(it.id = mi_idx.info_type_id), (LLVM Optimized)", "Plans": [{"Node Type": "Index Scan", "Parent Relationship": "Outer", "Scan Direction": "Forward", "Index Name": "movie_id_movie_info_idx", "Relation Name": "movie_info_idx", "Alias": "mi_idx", "Startup Cost": 10000000000.0, "Total Cost": 1000004650035.37, "Plan Rows": 1380034, "Plan Width": 8}, {"Node Type": "Materialize", "Parent Relationship": "Inner", "Startup Cost": 10000000000.0, "Total Cost": 1000000001421.0, "Plan Rows": 1, "Plan Width": 4, "Plans": [{"Node Type": "Index Scan", "Parent Relationship": "Outer", "Scan Direction": "Forward", "Index Name": "info_type_pkey", "Relation Name": "info_type", "Alias": "it", "Startup Cost": 10000000000.0, "Total Cost": 1000000001421.0, "Plan Rows": 1, "Plan Width": 4, "Filter": "((info)::text = 'bottom 10 rank'::text)"}]}]}]}]}]}]}]}, "Unique SQL Id": 1162488282, "Planner Runtime": 5}, "explain_analyze_plan": null}, "(64, '48')": {"explain_plan": {"Plan": {"Node Type": "Aggregate", "Strategy": "Plain", "Startup Cost": 329380.46, "Total Cost": 329380.47, "Plan Rows": 1, "Plan Width": 113, "Plans": [{"Node Type": "Nested Loop", "Parent Relationship": "Outer", "Join Type": "Inner", "Startup Cost": 7502.06, "Total Cost": 326890.42, "Plan Rows": 332005, "Plan Width": 45, "Inner Unique": false, "Join Filter": "(mc.company_type_id = ct.id), (LLVM Optimized)", "Plans": [{"Node Type": "Seq Scan", "Parent Relationship": "Outer", "Relation Name": "company_type", "Alias": "ct", "Startup Cost": 0.0, "Total Cost": 1.04, "Plan Rows": 1, "Plan Width": 4, "Filter": "((kind)::text = 'production companies'::text)"}, {"Node Type": "Nested Loop", "Parent Relationship": "Inner", "Join Type": "Inner", "Startup Cost": 7502.06, "Total Cost": 320024.4, "Plan Rows": 549199, "Plan Width": 49, "Inner Unique": false, "Join Filter": "(t.id = mc.movie_id), (LLVM Optimized)", "Plans": [{"Node Type": "Nested Loop", "Parent Relationship": "Outer", "Join Type": "Inner", "Startup Cost": 7502.06, "Total Cost": 164107.36, "Plan Rows": 396404, "Plan Width": 29, "Inner Unique": true, "Plans": [{"Node Type": "Nested Loop", "Parent Relationship": "Outer", "Join Type": "Inner", "Startup Cost": 7502.06, "Total Cost": 21741.14, "Plan Rows": 345008, "Plan Width": 4, "Inner Unique": false, "Plans": [{"Node Type": "Seq Scan", "Parent Relationship": "Outer", "Relation Name": "info_type", "Alias": "it", "Startup Cost": 0.0, "Total Cost": 2.4, "Plan Rows": 1, "Plan Width": 4, "Filter": "((info)::text = 'bottom 10 rank'::text)"}, {"Node Type": "Bitmap Heap Scan", "Parent Relationship": "Inner", "Relation Name": "movie_info_idx", "Alias": "mi_idx", "Startup Cost": 7502.06, "Total Cost": 18288.66, "Plan Rows": 345008, "Plan Width": 8, "Recheck Cond": "(info_type_id = it.id), (LLVM Optimized)", "Plans": [{"Node Type": "Bitmap Index Scan", "Parent Relationship": "Outer", "Index Name": "info_type_id_movie_info_idx", "Startup Cost": 0.0, "Total Cost": 7415.81, "Plan Rows": 345008, "Plan Width": 0, "Index Cond": "(info_type_id = it.id)"}]}]}, {"Node Type": "Index Scan", "Parent Relationship": "Inner", "Scan Direction": "Forward", "Index Name": "title_pkey", "Relation Name": "title", "Alias": "t", "Startup Cost": 0.0, "Total Cost": 0.4, "Plan Rows": 1, "Plan Width": 25, "Index Cond": "(id = mi_idx.movie_id)", "Filter": "((production_year >= 2005) AND (production_year <= 2010))"}]}, {"Node Type": "Index Scan", "Parent Relationship": "Inner", "Scan Direction": "Forward", "Index Name": "movie_id_movie_companies", "Relation Name": "movie_companies", "Alias": "mc", "Startup Cost": 0.0, "Total Cost": 0.37, "Plan Rows": 2, "Plan Width": 32, "Index Cond": "(movie_id = mi_idx.movie_id)", "Filter": "((note)::text !~~ '%(as Metro-Goldwyn-Mayer Pictures)%'::text)"}]}]}]}, "Unique SQL Id": 1162488282, "Planner Runtime": 3}, "explain_analyze_plan": {"Plan": {"Node Type": "Aggregate", "Strategy": "Plain", "Startup Cost": 329380.46, "Total Cost": 329380.47, "Plan Rows": 1, "Plan Width": 113, "Actual Startup Time": 0.422, "Actual Total Time": 0.422, "Actual Rows": 1, "Actual Loops": 1, "Plans": [{"Node Type": "Nested Loop", "Parent Relationship": "Outer", "Join Type": "Inner", "Startup Cost": 7502.06, "Total Cost": 326890.42, "Plan Rows": 332005, "Plan Width": 45, "Actual Startup Time": 0.395, "Actual Total Time": 0.406, "Actual Rows": 3, "Actual Loops": 1, "Inner Unique": false, "Join Filter": "(mc.company_type_id = ct.id), (LLVM Optimized)", "Rows Removed by Join Filter": 63, "Plans": [{"Node Type": "Seq Scan", "Parent Relationship": "Outer", "Relation Name": "company_type", "Alias": "ct", "Startup Cost": 0.0, "Total Cost": 1.04, "Plan Rows": 1, "Plan Width": 4, "Actual Startup Time": 0.02, "Actual Total Time": 0.022, "Actual Rows": 1, "Actual Loops": 1, "Filter": "((kind)::text = 'production companies'::text)", "Rows Removed by Filter": 2}, {"Node Type": "Nested Loop", "Parent Relationship": "Inner", "Join Type": "Inner", "Startup Cost": 7502.06, "Total Cost": 320024.4, "Plan Rows": 549199, "Plan Width": 49, "Actual Startup Time": 0.194, "Actual Total Time": 0.365, "Actual Rows": 66, "Actual Loops": 1, "Inner Unique": false, "Join Filter": "(t.id = mc.movie_id), (LLVM Optimized)", "Rows Removed by Join Filter": 0, "Plans": [{"Node Type": "Nested Loop", "Parent Relationship": "Outer", "Join Type": "Inner", "Startup Cost": 7502.06, "Total Cost": 164107.36, "Plan Rows": 396404, "Plan Width": 29, "Actual Startup Time": 0.173, "Actual Total Time": 0.22, "Actual Rows": 4, "Actual Loops": 1, "Inner Unique": true, "Plans": [{"Node Type": "Nested Loop", "Parent Relationship": "Outer", "Join Type": "Inner", "Startup Cost": 7502.06, "Total Cost": 21741.14, "Plan Rows": 345008, "Plan Width": 4, "Actual Startup Time": 0.087, "Actual Total Time": 0.094, "Actual Rows": 10, "Actual Loops": 1, "Inner Unique": false, "Plans": [{"Node Type": "Seq Scan", "Parent Relationship": "Outer", "Relation Name": "info_type", "Alias": "it", "Startup Cost": 0.0, "Total Cost": 2.4, "Plan Rows": 1, "Plan Width": 4, "Actual Startup Time": 0.045, "Actual Total Time": 0.049, "Actual Rows": 1, "Actual Loops": 1, "Filter": "((info)::text = 'bottom 10 rank'::text)", "Rows Removed by Filter": 111}, {"Node Type": "Bitmap Heap Scan", "Parent Relationship": "Inner", "Relation Name": "movie_info_idx", "Alias": "mi_idx", "Startup Cost": 7502.06, "Total Cost": 18288.66, "Plan Rows": 345008, "Plan Width": 8, "Actual Startup Time": 0.038, "Actual Total Time": 0.039, "Actual Rows": 10, "Actual Loops": 1, "Recheck Cond": "(info_type_id = it.id), (LLVM Optimized)", "Rows Removed by Index Recheck": 0, "Exact Heap Blocks": 1, "Lossy Heap Blocks": 1, "Plans": [{"Node Type": "Bitmap Index Scan", "Parent Relationship": "Outer", "Index Name": "info_type_id_movie_info_idx", "Startup Cost": 0.0, "Total Cost": 7415.81, "Plan Rows": 345008, "Plan Width": 0, "Actual Startup Time": 0.019, "Actual Total Time": 0.019, "Actual Rows": 10, "Actual Loops": 1, "Index Cond": "(info_type_id = it.id)"}]}]}, {"Node Type": "Index Scan", "Parent Relationship": "Inner", "Scan Direction": "Forward", "Index Name": "title_pkey", "Relation Name": "title", "Alias": "t", "Startup Cost": 0.0, "Total Cost": 0.4, "Plan Rows": 1, "Plan Width": 25, "Actual Startup Time": 0.113, "Actual Total Time": 0.113, "Actual Rows": 4, "Actual Loops": 10, "Index Cond": "(id = mi_idx.movie_id)", "Rows Removed by Index Recheck": 0, "Filter": "((production_year >= 2005) AND (production_year <= 2010))", "Rows Removed by Filter": 6}]}, {"Node Type": "Index Scan", "Parent Relationship": "Inner", "Scan Direction": "Forward", "Index Name": "movie_id_movie_companies", "Relation Name": "movie_companies", "Alias": "mc", "Startup Cost": 0.0, "Total Cost": 0.37, "Plan Rows": 2, "Plan Width": 32, "Actual Startup Time": 0.053, "Actual Total Time": 0.116, "Actual Rows": 66, "Actual Loops": 4, "Index Cond": "(movie_id = mi_idx.movie_id)", "Rows Removed by Index Recheck": 0, "Filter": "((note)::text !~~ '%(as Metro-Goldwyn-Mayer Pictures)%'::text)", "Rows Removed by Filter": 7}]}]}]}, "Triggers": [], "Planner Runtime": 2.977, "Total Runtime": 10.296, "Unique SQL Id": 1162488282}}, "(64, '49')": {"explain_plan": {"Plan": {"Node Type": "Aggregate", "Strategy": "Plain", "Startup Cost": 329403.54, "Total Cost": 329403.55, "Plan Rows": 1, "Plan Width": 113, "Plans": [{"Node Type": "Nested Loop", "Parent Relationship": "Outer", "Join Type": "Inner", "Startup Cost": 7502.06, "Total Cost": 326913.5, "Plan Rows": 332005, "Plan Width": 45, "Inner Unique": false, "Join Filter": "(mc.company_type_id = ct.id), (LLVM Optimized)", "Plans": [{"Node Type": "Index Scan", "Parent Relationship": "Outer", "Scan Direction": "Forward", "Index Name": "company_type_pkey", "Relation Name": "company_type", "Alias": "ct", "Startup Cost": 0.0, "Total Cost": 12.3, "Plan Rows": 1, "Plan Width": 4, "Filter": "((kind)::text = 'production companies'::text)"}, {"Node Type": "Nested Loop", "Parent Relationship": "Inner", "Join Type": "Inner", "Startup Cost": 7502.06, "Total Cost": 320036.21, "Plan Rows": 549199, "Plan Width": 49, "Inner Unique": false, "Join Filter": "(t.id = mc.movie_id), (LLVM Optimized)", "Plans": [{"Node Type": "Nested Loop", "Parent Relationship": "Outer", "Join Type": "Inner", "Startup Cost": 7502.06, "Total Cost": 164119.17, "Plan Rows": 396404, "Plan Width": 29, "Inner Unique": true, "Plans": [{"Node Type": "Nested Loop", "Parent Relationship": "Outer", "Join Type": "Inner", "Startup Cost": 7502.06, "Total Cost": 21752.95, "Plan Rows": 345008, "Plan Width": 4, "Inner Unique": false, "Plans": [{"Node Type": "Index Scan", "Parent Relationship": "Outer", "Scan Direction": "Forward", "Index Name": "info_type_pkey", "Relation Name": "info_type", "Alias": "it", "Startup Cost": 0.0, "Total Cost": 14.21, "Plan Rows": 1, "Plan Width": 4, "Filter": "((info)::text = 'bottom 10 rank'::text)"}, {"Node Type": "Bitmap Heap Scan", "Parent Relationship": "Inner", "Relation Name": "movie_info_idx", "Alias": "mi_idx", "Startup Cost": 7502.06, "Total Cost": 18288.66, "Plan Rows": 345008, "Plan Width": 8, "Recheck Cond": "(info_type_id = it.id), (LLVM Optimized)", "Plans": [{"Node Type": "Bitmap Index Scan", "Parent Relationship": "Outer", "Index Name": "info_type_id_movie_info_idx", "Startup Cost": 0.0, "Total Cost": 7415.81, "Plan Rows": 345008, "Plan Width": 0, "Index Cond": "(info_type_id = it.id)"}]}]}, {"Node Type": "Index Scan", "Parent Relationship": "Inner", "Scan Direction": "Forward", "Index Name": "title_pkey", "Relation Name": "title", "Alias": "t", "Startup Cost": 0.0, "Total Cost": 0.4, "Plan Rows": 1, "Plan Width": 25, "Index Cond": "(id = mi_idx.movie_id)", "Filter": "((production_year >= 2005) AND (production_year <= 2010))"}]}, {"Node Type": "Index Scan", "Parent Relationship": "Inner", "Scan Direction": "Forward", "Index Name": "movie_id_movie_companies", "Relation Name": "movie_companies", "Alias": "mc", "Startup Cost": 0.0, "Total Cost": 0.37, "Plan Rows": 2, "Plan Width": 32, "Index Cond": "(movie_id = mi_idx.movie_id)", "Filter": "((note)::text !~~ '%(as Metro-Goldwyn-Mayer Pictures)%'::text)"}]}]}]}, "Unique SQL Id": 1162488282, "Planner Runtime": 2}, "explain_analyze_plan": {"Plan": {"Node Type": "Aggregate", "Strategy": "Plain", "Startup Cost": 329403.54, "Total Cost": 329403.55, "Plan Rows": 1, "Plan Width": 113, "Actual Startup Time": 0.342, "Actual Total Time": 0.342, "Actual Rows": 1, "Actual Loops": 1, "Plans": [{"Node Type": "Nested Loop", "Parent Relationship": "Outer", "Join Type": "Inner", "Startup Cost": 7502.06, "Total Cost": 326913.5, "Plan Rows": 332005, "Plan Width": 45, "Actual Startup Time": 0.32, "Actual Total Time": 0.328, "Actual Rows": 3, "Actual Loops": 1, "Inner Unique": false, "Join Filter": "(mc.company_type_id = ct.id), (LLVM Optimized)", "Rows Removed by Join Filter": 63, "Plans": [{"Node Type": "Index Scan", "Parent Relationship": "Outer", "Scan Direction": "Forward", "Index Name": "company_type_pkey", "Relation Name": "company_type", "Alias": "ct", "Startup Cost": 0.0, "Total Cost": 12.3, "Plan Rows": 1, "Plan Width": 4, "Actual Startup Time": 0.021, "Actual Total Time": 0.024, "Actual Rows": 1, "Actual Loops": 1, "Filter": "((kind)::text = 'production companies'::text)", "Rows Removed by Filter": 2}, {"Node Type": "Nested Loop", "Parent Relationship": "Inner", "Join Type": "Inner", "Startup Cost": 7502.06, "Total Cost": 320036.21, "Plan Rows": 549199, "Plan Width": 49, "Actual Startup Time": 0.155, "Actual Total Time": 0.288, "Actual Rows": 66, "Actual Loops": 1, "Inner Unique": false, "Join Filter": "(t.id = mc.movie_id), (LLVM Optimized)", "Rows Removed by Join Filter": 0, "Plans": [{"Node Type": "Nested Loop", "Parent Relationship": "Outer", "Join Type": "Inner", "Startup Cost": 7502.06, "Total Cost": 164119.17, "Plan Rows": 396404, "Plan Width": 29, "Actual Startup Time": 0.137, "Actual Total Time": 0.167, "Actual Rows": 4, "Actual Loops": 1, "Inner Unique": true, "Plans": [{"Node Type": "Nested Loop", "Parent Relationship": "Outer", "Join Type": "Inner", "Startup Cost": 7502.06, "Total Cost": 21752.95, "Plan Rows": 345008, "Plan Width": 4, "Actual Startup Time": 0.082, "Actual Total Time": 0.085, "Actual Rows": 10, "Actual Loops": 1, "Inner Unique": false, "Plans": [{"Node Type": "Index Scan", "Parent Relationship": "Outer", "Scan Direction": "Forward", "Index Name": "info_type_pkey", "Relation Name": "info_type", "Alias": "it", "Startup Cost": 0.0, "Total Cost": 14.21, "Plan Rows": 1, "Plan Width": 4, "Actual Startup Time": 0.059, "Actual Total Time": 0.06, "Actual Rows": 1, "Actual Loops": 1, "Filter": "((info)::text = 'bottom 10 rank'::text)", "Rows Removed by Filter": 111}, {"Node Type": "Bitmap Heap Scan", "Parent Relationship": "Inner", "Relation Name": "movie_info_idx", "Alias": "mi_idx", "Startup Cost": 7502.06, "Total Cost": 18288.66, "Plan Rows": 345008, "Plan Width": 8, "Actual Startup Time": 0.018, "Actual Total Time": 0.018, "Actual Rows": 10, "Actual Loops": 1, "Recheck Cond": "(info_type_id = it.id), (LLVM Optimized)", "Rows Removed by Index Recheck": 0, "Exact Heap Blocks": 1, "Lossy Heap Blocks": 1, "Plans": [{"Node Type": "Bitmap Index Scan", "Parent Relationship": "Outer", "Index Name": "info_type_id_movie_info_idx", "Startup Cost": 0.0, "Total Cost": 7415.81, "Plan Rows": 345008, "Plan Width": 0, "Actual Startup Time": 0.01, "Actual Total Time": 0.01, "Actual Rows": 10, "Actual Loops": 1, "Index Cond": "(info_type_id = it.id)"}]}]}, {"Node Type": "Index Scan", "Parent Relationship": "Inner", "Scan Direction": "Forward", "Index Name": "title_pkey", "Relation Name": "title", "Alias": "t", "Startup Cost": 0.0, "Total Cost": 0.4, "Plan Rows": 1, "Plan Width": 25, "Actual Startup Time": 0.071, "Actual Total Time": 0.071, "Actual Rows": 4, "Actual Loops": 10, "Index Cond": "(id = mi_idx.movie_id)", "Rows Removed by Index Recheck": 0, "Filter": "((production_year >= 2005) AND (production_year <= 2010))", "Rows Removed by Filter": 6}]}, {"Node Type": "Index Scan", "Parent Relationship": "Inner", "Scan Direction": "Forward", "Index Name": "movie_id_movie_companies", "Relation Name": "movie_companies", "Alias": "mc", "Startup Cost": 0.0, "Total Cost": 0.37, "Plan Rows": 2, "Plan Width": 32, "Actual Startup Time": 0.038, "Actual Total Time": 0.095, "Actual Rows": 66, "Actual Loops": 4, "Index Cond": "(movie_id = mi_idx.movie_id)", "Rows Removed by Index Recheck": 0, "Filter": "((note)::text !~~ '%(as Metro-Goldwyn-Mayer Pictures)%'::text)", "Rows Removed by Filter": 7}]}]}]}, "Triggers": [], "Planner Runtime": 2.685, "Total Runtime": 10.183, "Unique SQL Id": 1162488282}}, "(64, '50')": {"explain_plan": {"Plan": {"Node Type": "Aggregate", "Strategy": "Plain", "Startup Cost": 2892315.54, "Total Cost": 2892315.55, "Plan Rows": 1, "Plan Width": 113, "Plans": [{"Node Type": "Nested Loop", "Parent Relationship": "Outer", "Join Type": "Inner", "Startup Cost": 1813.65, "Total Cost": 2889825.5, "Plan Rows": 332005, "Plan Width": 45, "Inner Unique": false, "Join Filter": "(mc.company_type_id = ct.id), (LLVM Optimized)", "Plans": [{"Node Type": "Seq Scan", "Parent Relationship": "Outer", "Relation Name": "company_type", "Alias": "ct", "Startup Cost": 0.0, "Total Cost": 1.04, "Plan Rows": 1, "Plan Width": 4, "Filter": "((kind)::text = 'production companies'::text)"}, {"Node Type": "Materialize", "Parent Relationship": "Inner", "Startup Cost": 1813.65, "Total Cost": 2884332.47, "Plan Rows": 549199, "Plan Width": 49, "Plans": [{"Node Type": "Nested Loop", "Parent Relationship": "Outer", "Join Type": "Inner", "Startup Cost": 1813.65, "Total Cost": 2882959.47, "Plan Rows": 549199, "Plan Width": 49, "Inner Unique": false, "Join Filter": "(t.id = mc.movie_id), (LLVM Optimized)", "Plans": [{"Node Type": "Streaming(type: LOCAL GATHER dop: 1/64)", "Parent Relationship": "Outer", "Startup Cost": 1813.35, "Total Cost": 1159296.91, "Plan Rows": 396404, "Plan Width": 29, "Plans": [{"Node Type": "Nested Loop", "Parent Relationship": "Outer", "Join Type": "Inner", "Startup Cost": 1813.35, "Total Cost": 1151119.15, "Plan Rows": 396404, "Plan Width": 29, "Inner Unique": true, "Join Filter": "(mi_idx.movie_id = t.id), (LLVM Optimized)", "Plans": [{"Node Type": "Streaming(type: LOCAL REDISTRIBUTE dop: 64/1)", "Parent Relationship": "Outer", "Startup Cost": 0.0, "Total Cost": 114544.8, "Plan Rows": 345008, "Plan Width": 4, "Plans": [{"Node Type": "Nested Loop", "Parent Relationship": "Outer", "Join Type": "Inner", "Startup Cost": 0.0, "Total Cost": 37527.17, "Plan Rows": 345008, "Plan Width": 4, "Inner Unique": false, "Join Filter": "(it.id = mi_idx.info_type_id), (LLVM Optimized)", "Plans": [{"Node Type": "Seq Scan", "Parent Relationship": "Outer", "Relation Name": "info_type", "Alias": "it", "Startup Cost": 0.0, "Total Cost": 2.4, "Plan Rows": 1, "Plan Width": 4, "Filter": "((info)::text = 'bottom 10 rank'::text)"}, {"Node Type": "Seq Scan", "Parent Relationship": "Inner", "Relation Name": "movie_info_idx", "Alias": "mi_idx", "Startup Cost": 0.0, "Total Cost": 20274.34, "Plan Rows": 1380034, "Plan Width": 8}]}]}, {"Node Type": "Materialize", "Parent Relationship": "Inner", "Startup Cost": 1813.35, "Total Cost": 127873.61, "Plan Rows": 719240, "Plan Width": 25, "Plans": [{"Node Type": "Streaming(type: LOCAL REDISTRIBUTE dop: 64/64)", "Parent Relationship": "Outer", "Startup Cost": 1813.35, "Total Cost": 127817.42, "Plan Rows": 719240, "Plan Width": 25, "Plans": [{"Node Type": "Seq Scan", "Parent Relationship": "Outer", "Relation Name": "title", "Alias": "t", "Startup Cost": 1813.35, "Total Cost": 64136.1, "Plan Rows": 719240, "Plan Width": 25, "Filter": "((production_year >= 2005) AND (production_year <= 2010)), (LLVM Optimized)"}]}]}]}]}, {"Node Type": "Bitmap Heap Scan", "Parent Relationship": "Inner", "Relation Name": "movie_companies", "Alias": "mc", "Startup Cost": 0.29, "Total Cost": 4.32, "Plan Rows": 2, "Plan Width": 32, "Recheck Cond": "(movie_id = mi_idx.movie_id)", "Filter": "((note)::text !~~ '%(as Metro-Goldwyn-Mayer Pictures)%'::text)", "Plans": [{"Node Type": "Bitmap Index Scan", "Parent Relationship": "Outer", "Index Name": "movie_id_movie_companies", "Startup Cost": 0.0, "Total Cost": 0.29, "Plan Rows": 2, "Plan Width": 0, "Index Cond": "(movie_id = mi_idx.movie_id)"}]}]}]}]}]}, "Unique SQL Id": 1162488282, "Planner Runtime": 3}, "explain_analyze_plan": {"Plan": {"Node Type": "Aggregate", "Strategy": "Plain", "Startup Cost": 2892315.54, "Total Cost": 2892315.55, "Plan Rows": 1, "Plan Width": 113, "Actual Min Startup Time": 1032.845, "Actual Max Startup Time": 1032.845, "Actual Min Total Time": 1032.846, "Actual Max Total Time": 1032.846, "Plans": [{"Node Type": "Nested Loop", "Parent Relationship": "Outer", "Join Type": "Inner", "Startup Cost": 1813.65, "Total Cost": 2889825.5, "Plan Rows": 332005, "Plan Width": 45, "Actual Min Startup Time": 1032.808, "Actual Max Startup Time": 1032.808, "Actual Min Total Time": 1032.817, "Actual Max Total Time": 1032.817, "Inner Unique": false, "Join Filter": "(mc.company_type_id = ct.id), (LLVM Optimized)", "Rows Removed by Join Filter": 63, "Plans": [{"Node Type": "Seq Scan", "Parent Relationship": "Outer", "Relation Name": "company_type", "Alias": "ct", "Startup Cost": 0.0, "Total Cost": 1.04, "Plan Rows": 1, "Plan Width": 4, "Actual Min Startup Time": 0.017, "Actual Max Startup Time": 0.017, "Actual Min Total Time": 0.02, "Actual Max Total Time": 0.02, "Filter": "((kind)::text = 'production companies'::text)", "Rows Removed by Filter": 2, "Actual Rows": 1}, {"Node Type": "Materialize", "Parent Relationship": "Inner", "Startup Cost": 1813.65, "Total Cost": 2884332.47, "Plan Rows": 549199, "Plan Width": 49, "Actual Min Startup Time": 1032.76, "Actual Max Startup Time": 1032.76, "Actual Min Total Time": 1032.77, "Actual Max Total Time": 1032.77, "Plans": [{"Node Type": "Nested Loop", "Parent Relationship": "Outer", "Join Type": "Inner", "Startup Cost": 1813.65, "Total Cost": 2882959.47, "Plan Rows": 549199, "Plan Width": 49, "Actual Min Startup Time": 1029.755, "Actual Max Startup Time": 1029.755, "Actual Min Total Time": 1032.718, "Actual Max Total Time": 1032.718, "Inner Unique": false, "Join Filter": "(t.id = mc.movie_id), (LLVM Optimized)", "Rows Removed by Join Filter": 0, "Plans": [{"Node Type": "Streaming(type: LOCAL GATHER dop: 1/64)", "Parent Relationship": "Outer", "Startup Cost": 1813.35, "Total Cost": 1159296.91, "Plan Rows": 396404, "Plan Width": 29, "Actual Min Startup Time": 1029.617, "Actual Max Startup Time": 1029.617, "Actual Min Total Time": 1032.44, "Actual Max Total Time": 1032.44, "Plans": [{"Node Type": "Nested Loop", "Parent Relationship": "Outer", "Join Type": "Inner", "Startup Cost": 1813.35, "Total Cost": 1151119.15, "Plan Rows": 396404, "Plan Width": 29, "Actual Min Startup Time": 581.646, "Actual Max Startup Time": 884.936, "Actual Min Total Time": 581.646, "Actual Max Total Time": 884.936, "Inner Unique": true, "Join Filter": "(mi_idx.movie_id = t.id), (LLVM Optimized)", "Rows Removed by Join Filter": 96982, "Plans": [{"Node Type": "Streaming(type: LOCAL REDISTRIBUTE dop: 64/1)", "Parent Relationship": "Outer", "Startup Cost": 0.0, "Total Cost": 114544.8, "Plan Rows": 345008, "Plan Width": 4, "Actual Min Startup Time": 541.132, "Actual Max Startup Time": 542.548, "Actual Min Total Time": 541.132, "Actual Max Total Time": 542.548, "Plans": [{"Node Type": "Nested Loop", "Parent Relationship": "Outer", "Join Type": "Inner", "Startup Cost": 0.0, "Total Cost": 37527.17, "Plan Rows": 345008, "Plan Width": 4, "Actual Min Startup Time": 611.945, "Actual Max Startup Time": 611.945, "Actual Min Total Time": 611.96, "Actual Max Total Time": 611.96, "Inner Unique": false, "Join Filter": "(it.id = mi_idx.info_type_id), (LLVM Optimized)", "Rows Removed by Join Filter": 1380024, "Plans": [{"Node Type": "Seq Scan", "Parent Relationship": "Outer", "Relation Name": "info_type", "Alias": "it", "Startup Cost": 0.0, "Total Cost": 2.4, "Plan Rows": 1, "Plan Width": 4, "Actual Min Startup Time": 0.067, "Actual Max Startup Time": 0.067, "Actual Min Total Time": 0.076, "Actual Max Total Time": 0.076, "Filter": "((info)::text = 'bottom 10 rank'::text)", "Rows Removed by Filter": 111, "Actual Rows": 1}, {"Node Type": "Seq Scan", "Parent Relationship": "Inner", "Relation Name": "movie_info_idx", "Alias": "mi_idx", "Startup Cost": 0.0, "Total Cost": 20274.34, "Plan Rows": 1380034, "Plan Width": 8, "Actual Min Startup Time": 0.049, "Actual Max Startup Time": 0.049, "Actual Min Total Time": 322.339, "Actual Max Total Time": 322.339, "Actual Rows": 1380034}], "Actual Rows": 10}], "Actual Rows": 10}, {"Node Type": "Materialize", "Parent Relationship": "Inner", "Startup Cost": 1813.35, "Total Cost": 127873.61, "Plan Rows": 719240, "Plan Width": 25, "Actual Min Startup Time": 38.602, "Actual Max Startup Time": 338.287, "Actual Min Total Time": 38.602, "Actual Max Total Time": 339.674, "Plans": [{"Node Type": "Streaming(type: LOCAL REDISTRIBUTE dop: 64/64)", "Parent Relationship": "Outer", "Startup Cost": 1813.35, "Total Cost": 127817.42, "Plan Rows": 719240, "Plan Width": 25, "Actual Min Startup Time": 0.119, "Actual Max Startup Time": 266.365, "Actual Min Total Time": 35.752, "Actual Max Total Time": 335.881, "Plans": [{"Node Type": "Seq Scan", "Parent Relationship": "Outer", "Relation Name": "title", "Alias": "t", "Startup Cost": 1813.35, "Total Cost": 64136.1, "Plan Rows": 719240, "Plan Width": 25, "Actual Min Startup Time": 0.031, "Actual Max Startup Time": 0.094, "Actual Min Total Time": 15.843, "Actual Max Total Time": 20.341, "Filter": "((production_year >= 2005) AND (production_year <= 2010)), (LLVM Optimized)", "Rows Removed by Filter": 1812052, "Actual Rows": 716259}], "Actual Rows": 716259}], "Actual Rows": 97050}], "Actual Rows": 4}], "Actual Rows": 4}, {"Node Type": "Bitmap Heap Scan", "Parent Relationship": "Inner", "Relation Name": "movie_companies", "Alias": "mc", "Startup Cost": 0.29, "Total Cost": 4.32, "Plan Rows": 2, "Plan Width": 32, "Actual Min Startup Time": 0.177, "Actual Max Startup Time": 0.177, "Actual Min Total Time": 0.229, "Actual Max Total Time": 0.229, "Recheck Cond": "(movie_id = mi_idx.movie_id)", "Rows Removed by Index Recheck": 0, "Filter": "((note)::text !~~ '%(as Metro-Goldwyn-Mayer Pictures)%'::text)", "Rows Removed by Filter": 7, "Exact Heap Blocks": 9, "Lossy Heap Blocks": 9, "Plans": [{"Node Type": "Bitmap Index Scan", "Parent Relationship": "Outer", "Index Name": "movie_id_movie_companies", "Startup Cost": 0.0, "Total Cost": 0.29, "Plan Rows": 2, "Plan Width": 0, "Actual Min Startup Time": 0.09, "Actual Max Startup Time": 0.09, "Actual Min Total Time": 0.09, "Actual Max Total Time": 0.09, "Index Cond": "(movie_id = mi_idx.movie_id)", "Actual Rows": 73}], "Actual Rows": 66}], "Actual Rows": 66}], "Actual Rows": 67}], "Actual Rows": 3}], "Actual Rows": 1}, "Triggers": [], "Planner Runtime": 3.52, "Total Runtime": 1077.439, "Unique SQL Id": 1162488282}}, "(64, '51')": {"explain_plan": {"Plan": {"Node Type": "Aggregate", "Strategy": "Plain", "Startup Cost": 3242481.36, "Total Cost": 3242481.37, "Plan Rows": 1, "Plan Width": 113, "Plans": [{"Node Type": "Nested Loop", "Parent Relationship": "Outer", "Join Type": "Inner", "Startup Cost": 7519.72, "Total Cost": 3239991.32, "Plan Rows": 332005, "Plan Width": 45, "Inner Unique": false, "Join Filter": "(mc.company_type_id = ct.id), (LLVM Optimized)", "Plans": [{"Node Type": "Bitmap Heap Scan", "Parent Relationship": "Outer", "Relation Name": "company_type", "Alias": "ct", "Startup Cost": 8.27, "Total Cost": 12.3, "Plan Rows": 1, "Plan Width": 4, "Filter": "((kind)::text = 'production companies'::text)", "Plans": [{"Node Type": "Bitmap Index Scan", "Parent Relationship": "Outer", "Index Name": "company_type_pkey", "Startup Cost": 0.0, "Total Cost": 8.27, "Plan Rows": 3, "Plan Width": 0}]}, {"Node Type": "Nested Loop", "Parent Relationship": "Inner", "Join Type": "Inner", "Startup Cost": 7511.45, "Total Cost": 3233114.03, "Plan Rows": 549199, "Plan Width": 49, "Inner Unique": false, "Join Filter": "(t.id = mc.movie_id), (LLVM Optimized)", "Plans": [{"Node Type": "Nested Loop", "Parent Relationship": "Outer", "Join Type": "Inner", "Startup Cost": 7511.16, "Total Cost": 1509451.47, "Plan Rows": 396404, "Plan Width": 29, "Inner Unique": true, "Plans": [{"Node Type": "Nested Loop", "Parent Relationship": "Outer", "Join Type": "Inner", "Startup Cost": 7510.87, "Total Cost": 21752.95, "Plan Rows": 345008, "Plan Width": 4, "Inner Unique": false, "Plans": [{"Node Type": "Bitmap Heap Scan", "Parent Relationship": "Outer", "Relation Name": "info_type", "Alias": "it", "Startup Cost": 8.81, "Total Cost": 14.21, "Plan Rows": 1, "Plan Width": 4, "Filter": "((info)::text = 'bottom 10 rank'::text)", "Plans": [{"Node Type": "Bitmap Index Scan", "Parent Relationship": "Outer", "Index Name": "info_type_pkey", "Startup Cost": 0.0, "Total Cost": 8.81, "Plan Rows": 112, "Plan Width": 0}]}, {"Node Type": "Bitmap Heap Scan", "Parent Relationship": "Inner", "Relation Name": "movie_info_idx", "Alias": "mi_idx", "Startup Cost": 7502.06, "Total Cost": 18288.66, "Plan Rows": 345008, "Plan Width": 8, "Recheck Cond": "(info_type_id = it.id), (LLVM Optimized)", "Plans": [{"Node Type": "Bitmap Index Scan", "Parent Relationship": "Outer", "Index Name": "info_type_id_movie_info_idx", "Startup Cost": 0.0, "Total Cost": 7415.81, "Plan Rows": 345008, "Plan Width": 0, "Index Cond": "(info_type_id = it.id)"}]}]}, {"Node Type": "Bitmap Heap Scan", "Parent Relationship": "Inner", "Relation Name": "title", "Alias": "t", "Startup Cost": 0.28, "Total Cost": 4.3, "Plan Rows": 1, "Plan Width": 25, "Recheck Cond": "(id = mi_idx.movie_id)", "Filter": "((production_year >= 2005) AND (production_year <= 2010))", "Plans": [{"Node Type": "Bitmap Index Scan", "Parent Relationship": "Outer", "Index Name": "title_pkey", "Startup Cost": 0.0, "Total Cost": 0.28, "Plan Rows": 1, "Plan Width": 0, "Index Cond": "(id = mi_idx.movie_id)"}]}]}, {"Node Type": "Bitmap Heap Scan", "Parent Relationship": "Inner", "Relation Name": "movie_companies", "Alias": "mc", "Startup Cost": 0.29, "Total Cost": 4.32, "Plan Rows": 2, "Plan Width": 32, "Recheck Cond": "(movie_id = mi_idx.movie_id)", "Filter": "((note)::text !~~ '%(as Metro-Goldwyn-Mayer Pictures)%'::text)", "Plans": [{"Node Type": "Bitmap Index Scan", "Parent Relationship": "Outer", "Index Name": "movie_id_movie_companies", "Startup Cost": 0.0, "Total Cost": 0.29, "Plan Rows": 2, "Plan Width": 0, "Index Cond": "(movie_id = mi_idx.movie_id)"}]}]}]}]}, "Unique SQL Id": 1162488282, "Planner Runtime": 3}, "explain_analyze_plan": {"Plan": {"Node Type": "Aggregate", "Strategy": "Plain", "Startup Cost": 3242481.36, "Total Cost": 3242481.37, "Plan Rows": 1, "Plan Width": 113, "Actual Startup Time": 0.542, "Actual Total Time": 0.542, "Actual Rows": 1, "Actual Loops": 1, "Plans": [{"Node Type": "Nested Loop", "Parent Relationship": "Outer", "Join Type": "Inner", "Startup Cost": 7519.72, "Total Cost": 3239991.32, "Plan Rows": 332005, "Plan Width": 45, "Actual Startup Time": 0.513, "Actual Total Time": 0.52, "Actual Rows": 3, "Actual Loops": 1, "Inner Unique": false, "Join Filter": "(mc.company_type_id = ct.id), (LLVM Optimized)", "Rows Removed by Join Filter": 63, "Plans": [{"Node Type": "Bitmap Heap Scan", "Parent Relationship": "Outer", "Relation Name": "company_type", "Alias": "ct", "Startup Cost": 8.27, "Total Cost": 12.3, "Plan Rows": 1, "Plan Width": 4, "Actual Startup Time": 0.05, "Actual Total Time": 0.051, "Actual Rows": 1, "Actual Loops": 1, "Filter": "((kind)::text = 'production companies'::text)", "Rows Removed by Filter": 2, "Exact Heap Blocks": 1, "Lossy Heap Blocks": 1, "Plans": [{"Node Type": "Bitmap Index Scan", "Parent Relationship": "Outer", "Index Name": "company_type_pkey", "Startup Cost": 0.0, "Total Cost": 8.27, "Plan Rows": 3, "Plan Width": 0, "Actual Startup Time": 0.018, "Actual Total Time": 0.018, "Actual Rows": 3, "Actual Loops": 1}]}, {"Node Type": "Nested Loop", "Parent Relationship": "Inner", "Join Type": "Inner", "Startup Cost": 7511.45, "Total Cost": 3233114.03, "Plan Rows": 549199, "Plan Width": 49, "Actual Startup Time": 0.248, "Actual Total Time": 0.446, "Actual Rows": 66, "Actual Loops": 1, "Inner Unique": false, "Join Filter": "(t.id = mc.movie_id), (LLVM Optimized)", "Rows Removed by Join Filter": 0, "Plans": [{"Node Type": "Nested Loop", "Parent Relationship": "Outer", "Join Type": "Inner", "Startup Cost": 7511.16, "Total Cost": 1509451.47, "Plan Rows": 396404, "Plan Width": 29, "Actual Startup Time": 0.212, "Actual Total Time": 0.269, "Actual Rows": 4, "Actual Loops": 1, "Inner Unique": true, "Plans": [{"Node Type": "Nested Loop", "Parent Relationship": "Outer", "Join Type": "Inner", "Startup Cost": 7510.87, "Total Cost": 21752.95, "Plan Rows": 345008, "Plan Width": 4, "Actual Startup Time": 0.107, "Actual Total Time": 0.11, "Actual Rows": 10, "Actual Loops": 1, "Inner Unique": false, "Plans": [{"Node Type": "Bitmap Heap Scan", "Parent Relationship": "Outer", "Relation Name": "info_type", "Alias": "it", "Startup Cost": 8.81, "Total Cost": 14.21, "Plan Rows": 1, "Plan Width": 4, "Actual Startup Time": 0.071, "Actual Total Time": 0.071, "Actual Rows": 1, "Actual Loops": 1, "Filter": "((info)::text = 'bottom 10 rank'::text)", "Rows Removed by Filter": 111, "Exact Heap Blocks": 1, "Lossy Heap Blocks": 1, "Plans": [{"Node Type": "Bitmap Index Scan", "Parent Relationship": "Outer", "Index Name": "info_type_pkey", "Startup Cost": 0.0, "Total Cost": 8.81, "Plan Rows": 112, "Plan Width": 0, "Actual Startup Time": 0.011, "Actual Total Time": 0.011, "Actual Rows": 112, "Actual Loops": 1}]}, {"Node Type": "Bitmap Heap Scan", "Parent Relationship": "Inner", "Relation Name": "movie_info_idx", "Alias": "mi_idx", "Startup Cost": 7502.06, "Total Cost": 18288.66, "Plan Rows": 345008, "Plan Width": 8, "Actual Startup Time": 0.033, "Actual Total Time": 0.033, "Actual Rows": 10, "Actual Loops": 1, "Recheck Cond": "(info_type_id = it.id), (LLVM Optimized)", "Rows Removed by Index Recheck": 0, "Exact Heap Blocks": 1, "Lossy Heap Blocks": 1, "Plans": [{"Node Type": "Bitmap Index Scan", "Parent Relationship": "Outer", "Index Name": "info_type_id_movie_info_idx", "Startup Cost": 0.0, "Total Cost": 7415.81, "Plan Rows": 345008, "Plan Width": 0, "Actual Startup Time": 0.015, "Actual Total Time": 0.015, "Actual Rows": 10, "Actual Loops": 1, "Index Cond": "(info_type_id = it.id)"}]}]}, {"Node Type": "Bitmap Heap Scan", "Parent Relationship": "Inner", "Relation Name": "title", "Alias": "t", "Startup Cost": 0.28, "Total Cost": 4.3, "Plan Rows": 1, "Plan Width": 25, "Actual Startup Time": 0.137, "Actual Total Time": 0.137, "Actual Rows": 4, "Actual Loops": 10, "Recheck Cond": "(id = mi_idx.movie_id)", "Rows Removed by Index Recheck": 0, "Filter": "((production_year >= 2005) AND (production_year <= 2010))", "Rows Removed by Filter": 6, "Exact Heap Blocks": 10, "Lossy Heap Blocks": 10, "Plans": [{"Node Type": "Bitmap Index Scan", "Parent Relationship": "Outer", "Index Name": "title_pkey", "Startup Cost": 0.0, "Total Cost": 0.28, "Plan Rows": 1, "Plan Width": 0, "Actual Startup Time": 0.084, "Actual Total Time": 0.084, "Actual Rows": 10, "Actual Loops": 10, "Index Cond": "(id = mi_idx.movie_id)"}]}]}, {"Node Type": "Bitmap Heap Scan", "Parent Relationship": "Inner", "Relation Name": "movie_companies", "Alias": "mc", "Startup Cost": 0.29, "Total Cost": 4.32, "Plan Rows": 2, "Plan Width": 32, "Actual Startup Time": 0.098, "Actual Total Time": 0.148, "Actual Rows": 66, "Actual Loops": 4, "Recheck Cond": "(movie_id = mi_idx.movie_id)", "Rows Removed by Index Recheck": 0, "Filter": "((note)::text !~~ '%(as Metro-Goldwyn-Mayer Pictures)%'::text)", "Rows Removed by Filter": 7, "Exact Heap Blocks": 9, "Lossy Heap Blocks": 9, "Plans": [{"Node Type": "Bitmap Index Scan", "Parent Relationship": "Outer", "Index Name": "movie_id_movie_companies", "Startup Cost": 0.0, "Total Cost": 0.29, "Plan Rows": 2, "Plan Width": 0, "Actual Startup Time": 0.052, "Actual Total Time": 0.052, "Actual Rows": 73, "Actual Loops": 4, "Index Cond": "(movie_id = mi_idx.movie_id)"}]}]}]}]}, "Triggers": [], "Planner Runtime": 2.816, "Total Runtime": 10.468, "Unique SQL Id": 1162488282}}, "(64, '52')": {"explain_plan": {"Plan": {"Node Type": "Aggregate", "Strategy": "Plain", "Startup Cost": 329380.46, "Total Cost": 329380.47, "Plan Rows": 1, "Plan Width": 113, "Plans": [{"Node Type": "Nested Loop", "Parent Relationship": "Outer", "Join Type": "Inner", "Startup Cost": 7502.06, "Total Cost": 326890.42, "Plan Rows": 332005, "Plan Width": 45, "Inner Unique": false, "Join Filter": "(mc.company_type_id = ct.id)", "Plans": [{"Node Type": "Seq Scan", "Parent Relationship": "Outer", "Relation Name": "company_type", "Alias": "ct", "Startup Cost": 0.0, "Total Cost": 1.04, "Plan Rows": 1, "Plan Width": 4, "Filter": "((kind)::text = 'production companies'::text)"}, {"Node Type": "Nested Loop", "Parent Relationship": "Inner", "Join Type": "Inner", "Startup Cost": 7502.06, "Total Cost": 320024.4, "Plan Rows": 549199, "Plan Width": 49, "Inner Unique": false, "Join Filter": "(t.id = mc.movie_id)", "Plans": [{"Node Type": "Nested Loop", "Parent Relationship": "Outer", "Join Type": "Inner", "Startup Cost": 7502.06, "Total Cost": 164107.36, "Plan Rows": 396404, "Plan Width": 29, "Inner Unique": true, "Plans": [{"Node Type": "Nested Loop", "Parent Relationship": "Outer", "Join Type": "Inner", "Startup Cost": 7502.06, "Total Cost": 21741.14, "Plan Rows": 345008, "Plan Width": 4, "Inner Unique": false, "Plans": [{"Node Type": "Seq Scan", "Parent Relationship": "Outer", "Relation Name": "info_type", "Alias": "it", "Startup Cost": 0.0, "Total Cost": 2.4, "Plan Rows": 1, "Plan Width": 4, "Filter": "((info)::text = 'bottom 10 rank'::text)"}, {"Node Type": "Bitmap Heap Scan", "Parent Relationship": "Inner", "Relation Name": "movie_info_idx", "Alias": "mi_idx", "Startup Cost": 7502.06, "Total Cost": 18288.66, "Plan Rows": 345008, "Plan Width": 8, "Recheck Cond": "(info_type_id = it.id)", "Plans": [{"Node Type": "Bitmap Index Scan", "Parent Relationship": "Outer", "Index Name": "info_type_id_movie_info_idx", "Startup Cost": 0.0, "Total Cost": 7415.81, "Plan Rows": 345008, "Plan Width": 0, "Index Cond": "(info_type_id = it.id)"}]}]}, {"Node Type": "Index Scan", "Parent Relationship": "Inner", "Scan Direction": "Forward", "Index Name": "title_pkey", "Relation Name": "title", "Alias": "t", "Startup Cost": 0.0, "Total Cost": 0.4, "Plan Rows": 1, "Plan Width": 25, "Index Cond": "(id = mi_idx.movie_id)", "Filter": "((production_year >= 2005) AND (production_year <= 2010))"}]}, {"Node Type": "Index Scan", "Parent Relationship": "Inner", "Scan Direction": "Forward", "Index Name": "movie_id_movie_companies", "Relation Name": "movie_companies", "Alias": "mc", "Startup Cost": 0.0, "Total Cost": 0.37, "Plan Rows": 2, "Plan Width": 32, "Index Cond": "(movie_id = mi_idx.movie_id)", "Filter": "((note)::text !~~ '%(as Metro-Goldwyn-Mayer Pictures)%'::text)"}]}]}]}, "Unique SQL Id": 1162488282, "Planner Runtime": 3}, "explain_analyze_plan": {"Plan": {"Node Type": "Aggregate", "Strategy": "Plain", "Startup Cost": 329380.46, "Total Cost": 329380.47, "Plan Rows": 1, "Plan Width": 113, "Actual Startup Time": 0.349, "Actual Total Time": 0.349, "Actual Rows": 1, "Actual Loops": 1, "Plans": [{"Node Type": "Nested Loop", "Parent Relationship": "Outer", "Join Type": "Inner", "Startup Cost": 7502.06, "Total Cost": 326890.42, "Plan Rows": 332005, "Plan Width": 45, "Actual Startup Time": 0.323, "Actual Total Time": 0.335, "Actual Rows": 3, "Actual Loops": 1, "Inner Unique": false, "Join Filter": "(mc.company_type_id = ct.id)", "Rows Removed by Join Filter": 63, "Plans": [{"Node Type": "Seq Scan", "Parent Relationship": "Outer", "Relation Name": "company_type", "Alias": "ct", "Startup Cost": 0.0, "Total Cost": 1.04, "Plan Rows": 1, "Plan Width": 4, "Actual Startup Time": 0.021, "Actual Total Time": 0.022, "Actual Rows": 1, "Actual Loops": 1, "Filter": "((kind)::text = 'production companies'::text)", "Rows Removed by Filter": 2}, {"Node Type": "Nested Loop", "Parent Relationship": "Inner", "Join Type": "Inner", "Startup Cost": 7502.06, "Total Cost": 320024.4, "Plan Rows": 549199, "Plan Width": 49, "Actual Startup Time": 0.15, "Actual Total Time": 0.292, "Actual Rows": 66, "Actual Loops": 1, "Inner Unique": false, "Join Filter": "(t.id = mc.movie_id)", "Rows Removed by Join Filter": 0, "Plans": [{"Node Type": "Nested Loop", "Parent Relationship": "Outer", "Join Type": "Inner", "Startup Cost": 7502.06, "Total Cost": 164107.36, "Plan Rows": 396404, "Plan Width": 29, "Actual Startup Time": 0.134, "Actual Total Time": 0.171, "Actual Rows": 4, "Actual Loops": 1, "Inner Unique": true, "Plans": [{"Node Type": "Nested Loop", "Parent Relationship": "Outer", "Join Type": "Inner", "Startup Cost": 7502.06, "Total Cost": 21741.14, "Plan Rows": 345008, "Plan Width": 4, "Actual Startup Time": 0.071, "Actual Total Time": 0.082, "Actual Rows": 10, "Actual Loops": 1, "Inner Unique": false, "Plans": [{"Node Type": "Seq Scan", "Parent Relationship": "Outer", "Relation Name": "info_type", "Alias": "it", "Startup Cost": 0.0, "Total Cost": 2.4, "Plan Rows": 1, "Plan Width": 4, "Actual Startup Time": 0.041, "Actual Total Time": 0.046, "Actual Rows": 1, "Actual Loops": 1, "Filter": "((info)::text = 'bottom 10 rank'::text)", "Rows Removed by Filter": 111}, {"Node Type": "Bitmap Heap Scan", "Parent Relationship": "Inner", "Relation Name": "movie_info_idx", "Alias": "mi_idx", "Startup Cost": 7502.06, "Total Cost": 18288.66, "Plan Rows": 345008, "Plan Width": 8, "Actual Startup Time": 0.028, "Actual Total Time": 0.03, "Actual Rows": 10, "Actual Loops": 1, "Recheck Cond": "(info_type_id = it.id)", "Rows Removed by Index Recheck": 0, "Exact Heap Blocks": 1, "Lossy Heap Blocks": 1, "Plans": [{"Node Type": "Bitmap Index Scan", "Parent Relationship": "Outer", "Index Name": "info_type_id_movie_info_idx", "Startup Cost": 0.0, "Total Cost": 7415.81, "Plan Rows": 345008, "Plan Width": 0, "Actual Startup Time": 0.018, "Actual Total Time": 0.018, "Actual Rows": 10, "Actual Loops": 1, "Index Cond": "(info_type_id = it.id)"}]}]}, {"Node Type": "Index Scan", "Parent Relationship": "Inner", "Scan Direction": "Forward", "Index Name": "title_pkey", "Relation Name": "title", "Alias": "t", "Startup Cost": 0.0, "Total Cost": 0.4, "Plan Rows": 1, "Plan Width": 25, "Actual Startup Time": 0.082, "Actual Total Time": 0.082, "Actual Rows": 4, "Actual Loops": 10, "Index Cond": "(id = mi_idx.movie_id)", "Rows Removed by Index Recheck": 0, "Filter": "((production_year >= 2005) AND (production_year <= 2010))", "Rows Removed by Filter": 6}]}, {"Node Type": "Index Scan", "Parent Relationship": "Inner", "Scan Direction": "Forward", "Index Name": "movie_id_movie_companies", "Relation Name": "movie_companies", "Alias": "mc", "Startup Cost": 0.0, "Total Cost": 0.37, "Plan Rows": 2, "Plan Width": 32, "Actual Startup Time": 0.039, "Actual Total Time": 0.097, "Actual Rows": 66, "Actual Loops": 4, "Index Cond": "(movie_id = mi_idx.movie_id)", "Rows Removed by Index Recheck": 0, "Filter": "((note)::text !~~ '%(as Metro-Goldwyn-Mayer Pictures)%'::text)", "Rows Removed by Filter": 7}]}]}]}, "Triggers": [], "Planner Runtime": 2.945, "Total Runtime": 0.555, "Unique SQL Id": 1162488282}}, "(64, '53')": {"explain_plan": {"Plan": {"Node Type": "Aggregate", "Strategy": "Plain", "Startup Cost": 329403.54, "Total Cost": 329403.55, "Plan Rows": 1, "Plan Width": 113, "Plans": [{"Node Type": "Nested Loop", "Parent Relationship": "Outer", "Join Type": "Inner", "Startup Cost": 7502.06, "Total Cost": 326913.5, "Plan Rows": 332005, "Plan Width": 45, "Inner Unique": false, "Join Filter": "(mc.company_type_id = ct.id)", "Plans": [{"Node Type": "Index Scan", "Parent Relationship": "Outer", "Scan Direction": "Forward", "Index Name": "company_type_pkey", "Relation Name": "company_type", "Alias": "ct", "Startup Cost": 0.0, "Total Cost": 12.3, "Plan Rows": 1, "Plan Width": 4, "Filter": "((kind)::text = 'production companies'::text)"}, {"Node Type": "Nested Loop", "Parent Relationship": "Inner", "Join Type": "Inner", "Startup Cost": 7502.06, "Total Cost": 320036.21, "Plan Rows": 549199, "Plan Width": 49, "Inner Unique": false, "Join Filter": "(t.id = mc.movie_id)", "Plans": [{"Node Type": "Nested Loop", "Parent Relationship": "Outer", "Join Type": "Inner", "Startup Cost": 7502.06, "Total Cost": 164119.17, "Plan Rows": 396404, "Plan Width": 29, "Inner Unique": true, "Plans": [{"Node Type": "Nested Loop", "Parent Relationship": "Outer", "Join Type": "Inner", "Startup Cost": 7502.06, "Total Cost": 21752.95, "Plan Rows": 345008, "Plan Width": 4, "Inner Unique": false, "Plans": [{"Node Type": "Index Scan", "Parent Relationship": "Outer", "Scan Direction": "Forward", "Index Name": "info_type_pkey", "Relation Name": "info_type", "Alias": "it", "Startup Cost": 0.0, "Total Cost": 14.21, "Plan Rows": 1, "Plan Width": 4, "Filter": "((info)::text = 'bottom 10 rank'::text)"}, {"Node Type": "Bitmap Heap Scan", "Parent Relationship": "Inner", "Relation Name": "movie_info_idx", "Alias": "mi_idx", "Startup Cost": 7502.06, "Total Cost": 18288.66, "Plan Rows": 345008, "Plan Width": 8, "Recheck Cond": "(info_type_id = it.id)", "Plans": [{"Node Type": "Bitmap Index Scan", "Parent Relationship": "Outer", "Index Name": "info_type_id_movie_info_idx", "Startup Cost": 0.0, "Total Cost": 7415.81, "Plan Rows": 345008, "Plan Width": 0, "Index Cond": "(info_type_id = it.id)"}]}]}, {"Node Type": "Index Scan", "Parent Relationship": "Inner", "Scan Direction": "Forward", "Index Name": "title_pkey", "Relation Name": "title", "Alias": "t", "Startup Cost": 0.0, "Total Cost": 0.4, "Plan Rows": 1, "Plan Width": 25, "Index Cond": "(id = mi_idx.movie_id)", "Filter": "((production_year >= 2005) AND (production_year <= 2010))"}]}, {"Node Type": "Index Scan", "Parent Relationship": "Inner", "Scan Direction": "Forward", "Index Name": "movie_id_movie_companies", "Relation Name": "movie_companies", "Alias": "mc", "Startup Cost": 0.0, "Total Cost": 0.37, "Plan Rows": 2, "Plan Width": 32, "Index Cond": "(movie_id = mi_idx.movie_id)", "Filter": "((note)::text !~~ '%(as Metro-Goldwyn-Mayer Pictures)%'::text)"}]}]}]}, "Unique SQL Id": 1162488282, "Planner Runtime": 2}, "explain_analyze_plan": {"Plan": {"Node Type": "Aggregate", "Strategy": "Plain", "Startup Cost": 329403.54, "Total Cost": 329403.55, "Plan Rows": 1, "Plan Width": 113, "Actual Startup Time": 0.334, "Actual Total Time": 0.334, "Actual Rows": 1, "Actual Loops": 1, "Plans": [{"Node Type": "Nested Loop", "Parent Relationship": "Outer", "Join Type": "Inner", "Startup Cost": 7502.06, "Total Cost": 326913.5, "Plan Rows": 332005, "Plan Width": 45, "Actual Startup Time": 0.313, "Actual Total Time": 0.322, "Actual Rows": 3, "Actual Loops": 1, "Inner Unique": false, "Join Filter": "(mc.company_type_id = ct.id)", "Rows Removed by Join Filter": 63, "Plans": [{"Node Type": "Index Scan", "Parent Relationship": "Outer", "Scan Direction": "Forward", "Index Name": "company_type_pkey", "Relation Name": "company_type", "Alias": "ct", "Startup Cost": 0.0, "Total Cost": 12.3, "Plan Rows": 1, "Plan Width": 4, "Actual Startup Time": 0.019, "Actual Total Time": 0.021, "Actual Rows": 1, "Actual Loops": 1, "Filter": "((kind)::text = 'production companies'::text)", "Rows Removed by Filter": 2}, {"Node Type": "Nested Loop", "Parent Relationship": "Inner", "Join Type": "Inner", "Startup Cost": 7502.06, "Total Cost": 320036.21, "Plan Rows": 549199, "Plan Width": 49, "Actual Startup Time": 0.15, "Actual Total Time": 0.285, "Actual Rows": 66, "Actual Loops": 1, "Inner Unique": false, "Join Filter": "(t.id = mc.movie_id)", "Rows Removed by Join Filter": 0, "Plans": [{"Node Type": "Nested Loop", "Parent Relationship": "Outer", "Join Type": "Inner", "Startup Cost": 7502.06, "Total Cost": 164119.17, "Plan Rows": 396404, "Plan Width": 29, "Actual Startup Time": 0.135, "Actual Total Time": 0.165, "Actual Rows": 4, "Actual Loops": 1, "Inner Unique": true, "Plans": [{"Node Type": "Nested Loop", "Parent Relationship": "Outer", "Join Type": "Inner", "Startup Cost": 7502.06, "Total Cost": 21752.95, "Plan Rows": 345008, "Plan Width": 4, "Actual Startup Time": 0.086, "Actual Total Time": 0.09, "Actual Rows": 10, "Actual Loops": 1, "Inner Unique": false, "Plans": [{"Node Type": "Index Scan", "Parent Relationship": "Outer", "Scan Direction": "Forward", "Index Name": "info_type_pkey", "Relation Name": "info_type", "Alias": "it", "Startup Cost": 0.0, "Total Cost": 14.21, "Plan Rows": 1, "Plan Width": 4, "Actual Startup Time": 0.063, "Actual Total Time": 0.064, "Actual Rows": 1, "Actual Loops": 1, "Filter": "((info)::text = 'bottom 10 rank'::text)", "Rows Removed by Filter": 111}, {"Node Type": "Bitmap Heap Scan", "Parent Relationship": "Inner", "Relation Name": "movie_info_idx", "Alias": "mi_idx", "Startup Cost": 7502.06, "Total Cost": 18288.66, "Plan Rows": 345008, "Plan Width": 8, "Actual Startup Time": 0.018, "Actual Total Time": 0.019, "Actual Rows": 10, "Actual Loops": 1, "Recheck Cond": "(info_type_id = it.id)", "Rows Removed by Index Recheck": 0, "Exact Heap Blocks": 1, "Lossy Heap Blocks": 1, "Plans": [{"Node Type": "Bitmap Index Scan", "Parent Relationship": "Outer", "Index Name": "info_type_id_movie_info_idx", "Startup Cost": 0.0, "Total Cost": 7415.81, "Plan Rows": 345008, "Plan Width": 0, "Actual Startup Time": 0.011, "Actual Total Time": 0.011, "Actual Rows": 10, "Actual Loops": 1, "Index Cond": "(info_type_id = it.id)"}]}]}, {"Node Type": "Index Scan", "Parent Relationship": "Inner", "Scan Direction": "Forward", "Index Name": "title_pkey", "Relation Name": "title", "Alias": "t", "Startup Cost": 0.0, "Total Cost": 0.4, "Plan Rows": 1, "Plan Width": 25, "Actual Startup Time": 0.066, "Actual Total Time": 0.066, "Actual Rows": 4, "Actual Loops": 10, "Index Cond": "(id = mi_idx.movie_id)", "Rows Removed by Index Recheck": 0, "Filter": "((production_year >= 2005) AND (production_year <= 2010))", "Rows Removed by Filter": 6}]}, {"Node Type": "Index Scan", "Parent Relationship": "Inner", "Scan Direction": "Forward", "Index Name": "movie_id_movie_companies", "Relation Name": "movie_companies", "Alias": "mc", "Startup Cost": 0.0, "Total Cost": 0.37, "Plan Rows": 2, "Plan Width": 32, "Actual Startup Time": 0.035, "Actual Total Time": 0.091, "Actual Rows": 66, "Actual Loops": 4, "Index Cond": "(movie_id = mi_idx.movie_id)", "Rows Removed by Index Recheck": 0, "Filter": "((note)::text !~~ '%(as Metro-Goldwyn-Mayer Pictures)%'::text)", "Rows Removed by Filter": 7}]}]}]}, "Triggers": [], "Planner Runtime": 2.628, "Total Runtime": 0.529, "Unique SQL Id": 1162488282}}, "(64, '54')": {"explain_plan": {"Plan": {"Node Type": "Aggregate", "Strategy": "Plain", "Startup Cost": 2892315.54, "Total Cost": 2892315.55, "Plan Rows": 1, "Plan Width": 113, "Plans": [{"Node Type": "Nested Loop", "Parent Relationship": "Outer", "Join Type": "Inner", "Startup Cost": 1813.65, "Total Cost": 2889825.5, "Plan Rows": 332005, "Plan Width": 45, "Inner Unique": false, "Join Filter": "(mc.company_type_id = ct.id)", "Plans": [{"Node Type": "Seq Scan", "Parent Relationship": "Outer", "Relation Name": "company_type", "Alias": "ct", "Startup Cost": 0.0, "Total Cost": 1.04, "Plan Rows": 1, "Plan Width": 4, "Filter": "((kind)::text = 'production companies'::text)"}, {"Node Type": "Materialize", "Parent Relationship": "Inner", "Startup Cost": 1813.65, "Total Cost": 2884332.47, "Plan Rows": 549199, "Plan Width": 49, "Plans": [{"Node Type": "Nested Loop", "Parent Relationship": "Outer", "Join Type": "Inner", "Startup Cost": 1813.65, "Total Cost": 2882959.47, "Plan Rows": 549199, "Plan Width": 49, "Inner Unique": false, "Join Filter": "(t.id = mc.movie_id)", "Plans": [{"Node Type": "Streaming(type: LOCAL GATHER dop: 1/64)", "Parent Relationship": "Outer", "Startup Cost": 1813.35, "Total Cost": 1159296.91, "Plan Rows": 396404, "Plan Width": 29, "Plans": [{"Node Type": "Nested Loop", "Parent Relationship": "Outer", "Join Type": "Inner", "Startup Cost": 1813.35, "Total Cost": 1151119.15, "Plan Rows": 396404, "Plan Width": 29, "Inner Unique": true, "Join Filter": "(mi_idx.movie_id = t.id)", "Plans": [{"Node Type": "Streaming(type: LOCAL REDISTRIBUTE dop: 64/1)", "Parent Relationship": "Outer", "Startup Cost": 0.0, "Total Cost": 114544.8, "Plan Rows": 345008, "Plan Width": 4, "Plans": [{"Node Type": "Nested Loop", "Parent Relationship": "Outer", "Join Type": "Inner", "Startup Cost": 0.0, "Total Cost": 37527.17, "Plan Rows": 345008, "Plan Width": 4, "Inner Unique": false, "Join Filter": "(it.id = mi_idx.info_type_id)", "Plans": [{"Node Type": "Seq Scan", "Parent Relationship": "Outer", "Relation Name": "info_type", "Alias": "it", "Startup Cost": 0.0, "Total Cost": 2.4, "Plan Rows": 1, "Plan Width": 4, "Filter": "((info)::text = 'bottom 10 rank'::text)"}, {"Node Type": "Seq Scan", "Parent Relationship": "Inner", "Relation Name": "movie_info_idx", "Alias": "mi_idx", "Startup Cost": 0.0, "Total Cost": 20274.34, "Plan Rows": 1380034, "Plan Width": 8}]}]}, {"Node Type": "Materialize", "Parent Relationship": "Inner", "Startup Cost": 1813.35, "Total Cost": 127873.61, "Plan Rows": 719240, "Plan Width": 25, "Plans": [{"Node Type": "Streaming(type: LOCAL REDISTRIBUTE dop: 64/64)", "Parent Relationship": "Outer", "Startup Cost": 1813.35, "Total Cost": 127817.42, "Plan Rows": 719240, "Plan Width": 25, "Plans": [{"Node Type": "Seq Scan", "Parent Relationship": "Outer", "Relation Name": "title", "Alias": "t", "Startup Cost": 1813.35, "Total Cost": 64136.1, "Plan Rows": 719240, "Plan Width": 25, "Filter": "((production_year >= 2005) AND (production_year <= 2010))"}]}]}]}]}, {"Node Type": "Bitmap Heap Scan", "Parent Relationship": "Inner", "Relation Name": "movie_companies", "Alias": "mc", "Startup Cost": 0.29, "Total Cost": 4.32, "Plan Rows": 2, "Plan Width": 32, "Recheck Cond": "(movie_id = mi_idx.movie_id)", "Filter": "((note)::text !~~ '%(as Metro-Goldwyn-Mayer Pictures)%'::text)", "Plans": [{"Node Type": "Bitmap Index Scan", "Parent Relationship": "Outer", "Index Name": "movie_id_movie_companies", "Startup Cost": 0.0, "Total Cost": 0.29, "Plan Rows": 2, "Plan Width": 0, "Index Cond": "(movie_id = mi_idx.movie_id)"}]}]}]}]}]}, "Unique SQL Id": 1162488282, "Planner Runtime": 3}, "explain_analyze_plan": {"Plan": {"Node Type": "Aggregate", "Strategy": "Plain", "Startup Cost": 2892315.54, "Total Cost": 2892315.55, "Plan Rows": 1, "Plan Width": 113, "Actual Min Startup Time": 927.164, "Actual Max Startup Time": 927.164, "Actual Min Total Time": 927.164, "Actual Max Total Time": 927.164, "Plans": [{"Node Type": "Nested Loop", "Parent Relationship": "Outer", "Join Type": "Inner", "Startup Cost": 1813.65, "Total Cost": 2889825.5, "Plan Rows": 332005, "Plan Width": 45, "Actual Min Startup Time": 927.119, "Actual Max Startup Time": 927.119, "Actual Min Total Time": 927.133, "Actual Max Total Time": 927.133, "Inner Unique": false, "Join Filter": "(mc.company_type_id = ct.id)", "Rows Removed by Join Filter": 63, "Plans": [{"Node Type": "Seq Scan", "Parent Relationship": "Outer", "Relation Name": "company_type", "Alias": "ct", "Startup Cost": 0.0, "Total Cost": 1.04, "Plan Rows": 1, "Plan Width": 4, "Actual Min Startup Time": 0.018, "Actual Max Startup Time": 0.018, "Actual Min Total Time": 0.02, "Actual Max Total Time": 0.02, "Filter": "((kind)::text = 'production companies'::text)", "Rows Removed by Filter": 2, "Actual Rows": 1}, {"Node Type": "Materialize", "Parent Relationship": "Inner", "Startup Cost": 1813.65, "Total Cost": 2884332.47, "Plan Rows": 549199, "Plan Width": 49, "Actual Min Startup Time": 927.084, "Actual Max Startup Time": 927.084, "Actual Min Total Time": 927.089, "Actual Max Total Time": 927.089, "Plans": [{"Node Type": "Nested Loop", "Parent Relationship": "Outer", "Join Type": "Inner", "Startup Cost": 1813.65, "Total Cost": 2882959.47, "Plan Rows": 549199, "Plan Width": 49, "Actual Min Startup Time": 925.609, "Actual Max Startup Time": 925.609, "Actual Min Total Time": 927.029, "Actual Max Total Time": 927.029, "Inner Unique": false, "Join Filter": "(t.id = mc.movie_id)", "Rows Removed by Join Filter": 0, "Plans": [{"Node Type": "Streaming(type: LOCAL GATHER dop: 1/64)", "Parent Relationship": "Outer", "Startup Cost": 1813.35, "Total Cost": 1159296.91, "Plan Rows": 396404, "Plan Width": 29, "Actual Min Startup Time": 925.5, "Actual Max Startup Time": 925.5, "Actual Min Total Time": 926.75, "Actual Max Total Time": 926.75, "Plans": [{"Node Type": "Nested Loop", "Parent Relationship": "Outer", "Join Type": "Inner", "Startup Cost": 1813.35, "Total Cost": 1151119.15, "Plan Rows": 396404, "Plan Width": 29, "Actual Min Startup Time": 370.665, "Actual Max Startup Time": 675.611, "Actual Min Total Time": 370.665, "Actual Max Total Time": 675.611, "Inner Unique": true, "Join Filter": "(mi_idx.movie_id = t.id)", "Rows Removed by Join Filter": 100112, "Plans": [{"Node Type": "Streaming(type: LOCAL REDISTRIBUTE dop: 64/1)", "Parent Relationship": "Outer", "Startup Cost": 0.0, "Total Cost": 114544.8, "Plan Rows": 345008, "Plan Width": 4, "Actual Min Startup Time": 329.22, "Actual Max Startup Time": 330.394, "Actual Min Total Time": 329.22, "Actual Max Total Time": 330.394, "Plans": [{"Node Type": "Nested Loop", "Parent Relationship": "Outer", "Join Type": "Inner", "Startup Cost": 0.0, "Total Cost": 37527.17, "Plan Rows": 345008, "Plan Width": 4, "Actual Min Startup Time": 608.795, "Actual Max Startup Time": 608.795, "Actual Min Total Time": 608.808, "Actual Max Total Time": 608.808, "Inner Unique": false, "Join Filter": "(it.id = mi_idx.info_type_id)", "Rows Removed by Join Filter": 1380024, "Plans": [{"Node Type": "Seq Scan", "Parent Relationship": "Outer", "Relation Name": "info_type", "Alias": "it", "Startup Cost": 0.0, "Total Cost": 2.4, "Plan Rows": 1, "Plan Width": 4, "Actual Min Startup Time": 0.062, "Actual Max Startup Time": 0.062, "Actual Min Total Time": 0.069, "Actual Max Total Time": 0.069, "Filter": "((info)::text = 'bottom 10 rank'::text)", "Rows Removed by Filter": 111, "Actual Rows": 1}, {"Node Type": "Seq Scan", "Parent Relationship": "Inner", "Relation Name": "movie_info_idx", "Alias": "mi_idx", "Startup Cost": 0.0, "Total Cost": 20274.34, "Plan Rows": 1380034, "Plan Width": 8, "Actual Min Startup Time": 0.037, "Actual Max Startup Time": 0.037, "Actual Min Total Time": 320.861, "Actual Max Total Time": 320.861, "Actual Rows": 1380034}], "Actual Rows": 10}], "Actual Rows": 10}, {"Node Type": "Materialize", "Parent Relationship": "Inner", "Startup Cost": 1813.35, "Total Cost": 127873.61, "Plan Rows": 719240, "Plan Width": 25, "Actual Min Startup Time": 40.054, "Actual Max Startup Time": 344.804, "Actual Min Total Time": 40.054, "Actual Max Total Time": 344.804, "Plans": [{"Node Type": "Streaming(type: LOCAL REDISTRIBUTE dop: 64/64)", "Parent Relationship": "Outer", "Startup Cost": 1813.35, "Total Cost": 127817.42, "Plan Rows": 719240, "Plan Width": 25, "Actual Min Startup Time": 0.114, "Actual Max Startup Time": 201.919, "Actual Min Total Time": 37.799, "Actual Max Total Time": 342.876, "Plans": [{"Node Type": "Seq Scan", "Parent Relationship": "Outer", "Relation Name": "title", "Alias": "t", "Startup Cost": 1813.35, "Total Cost": 64136.1, "Plan Rows": 719240, "Plan Width": 25, "Actual Min Startup Time": 0.031, "Actual Max Startup Time": 0.051, "Actual Min Total Time": 15.661, "Actual Max Total Time": 20.073, "Filter": "((production_year >= 2005) AND (production_year <= 2010))", "Rows Removed by Filter": 1812052, "Actual Rows": 716259}], "Actual Rows": 716259}], "Actual Rows": 100180}], "Actual Rows": 4}], "Actual Rows": 4}, {"Node Type": "Bitmap Heap Scan", "Parent Relationship": "Inner", "Relation Name": "movie_companies", "Alias": "mc", "Startup Cost": 0.29, "Total Cost": 4.32, "Plan Rows": 2, "Plan Width": 32, "Actual Min Startup Time": 0.176, "Actual Max Startup Time": 0.176, "Actual Min Total Time": 0.223, "Actual Max Total Time": 0.223, "Recheck Cond": "(movie_id = mi_idx.movie_id)", "Rows Removed by Index Recheck": 0, "Filter": "((note)::text !~~ '%(as Metro-Goldwyn-Mayer Pictures)%'::text)", "Rows Removed by Filter": 7, "Exact Heap Blocks": 9, "Lossy Heap Blocks": 9, "Plans": [{"Node Type": "Bitmap Index Scan", "Parent Relationship": "Outer", "Index Name": "movie_id_movie_companies", "Startup Cost": 0.0, "Total Cost": 0.29, "Plan Rows": 2, "Plan Width": 0, "Actual Min Startup Time": 0.084, "Actual Max Startup Time": 0.084, "Actual Min Total Time": 0.084, "Actual Max Total Time": 0.084, "Index Cond": "(movie_id = mi_idx.movie_id)", "Actual Rows": 73}], "Actual Rows": 66}], "Actual Rows": 66}], "Actual Rows": 67}], "Actual Rows": 3}], "Actual Rows": 1}, "Triggers": [], "Planner Runtime": 3.486, "Total Runtime": 953.548, "Unique SQL Id": 1162488282}}, "(64, '55')": {"explain_plan": {"Plan": {"Node Type": "Aggregate", "Strategy": "Plain", "Startup Cost": 3242481.36, "Total Cost": 3242481.37, "Plan Rows": 1, "Plan Width": 113, "Plans": [{"Node Type": "Nested Loop", "Parent Relationship": "Outer", "Join Type": "Inner", "Startup Cost": 7519.72, "Total Cost": 3239991.32, "Plan Rows": 332005, "Plan Width": 45, "Inner Unique": false, "Join Filter": "(mc.company_type_id = ct.id), (LLVM Optimized)", "Plans": [{"Node Type": "Bitmap Heap Scan", "Parent Relationship": "Outer", "Relation Name": "company_type", "Alias": "ct", "Startup Cost": 8.27, "Total Cost": 12.3, "Plan Rows": 1, "Plan Width": 4, "Filter": "((kind)::text = 'production companies'::text)", "Plans": [{"Node Type": "Bitmap Index Scan", "Parent Relationship": "Outer", "Index Name": "company_type_pkey", "Startup Cost": 0.0, "Total Cost": 8.27, "Plan Rows": 3, "Plan Width": 0}]}, {"Node Type": "Nested Loop", "Parent Relationship": "Inner", "Join Type": "Inner", "Startup Cost": 7511.45, "Total Cost": 3233114.03, "Plan Rows": 549199, "Plan Width": 49, "Inner Unique": false, "Join Filter": "(t.id = mc.movie_id), (LLVM Optimized)", "Plans": [{"Node Type": "Nested Loop", "Parent Relationship": "Outer", "Join Type": "Inner", "Startup Cost": 7511.16, "Total Cost": 1509451.47, "Plan Rows": 396404, "Plan Width": 29, "Inner Unique": true, "Plans": [{"Node Type": "Nested Loop", "Parent Relationship": "Outer", "Join Type": "Inner", "Startup Cost": 7510.87, "Total Cost": 21752.95, "Plan Rows": 345008, "Plan Width": 4, "Inner Unique": false, "Plans": [{"Node Type": "Bitmap Heap Scan", "Parent Relationship": "Outer", "Relation Name": "info_type", "Alias": "it", "Startup Cost": 8.81, "Total Cost": 14.21, "Plan Rows": 1, "Plan Width": 4, "Filter": "((info)::text = 'bottom 10 rank'::text)", "Plans": [{"Node Type": "Bitmap Index Scan", "Parent Relationship": "Outer", "Index Name": "info_type_pkey", "Startup Cost": 0.0, "Total Cost": 8.81, "Plan Rows": 112, "Plan Width": 0}]}, {"Node Type": "Bitmap Heap Scan", "Parent Relationship": "Inner", "Relation Name": "movie_info_idx", "Alias": "mi_idx", "Startup Cost": 7502.06, "Total Cost": 18288.66, "Plan Rows": 345008, "Plan Width": 8, "Recheck Cond": "(info_type_id = it.id), (LLVM Optimized)", "Plans": [{"Node Type": "Bitmap Index Scan", "Parent Relationship": "Outer", "Index Name": "info_type_id_movie_info_idx", "Startup Cost": 0.0, "Total Cost": 7415.81, "Plan Rows": 345008, "Plan Width": 0, "Index Cond": "(info_type_id = it.id)"}]}]}, {"Node Type": "Bitmap Heap Scan", "Parent Relationship": "Inner", "Relation Name": "title", "Alias": "t", "Startup Cost": 0.28, "Total Cost": 4.3, "Plan Rows": 1, "Plan Width": 25, "Recheck Cond": "(id = mi_idx.movie_id)", "Filter": "((production_year >= 2005) AND (production_year <= 2010))", "Plans": [{"Node Type": "Bitmap Index Scan", "Parent Relationship": "Outer", "Index Name": "title_pkey", "Startup Cost": 0.0, "Total Cost": 0.28, "Plan Rows": 1, "Plan Width": 0, "Index Cond": "(id = mi_idx.movie_id)"}]}]}, {"Node Type": "Bitmap Heap Scan", "Parent Relationship": "Inner", "Relation Name": "movie_companies", "Alias": "mc", "Startup Cost": 0.29, "Total Cost": 4.32, "Plan Rows": 2, "Plan Width": 32, "Recheck Cond": "(movie_id = mi_idx.movie_id)", "Filter": "((note)::text !~~ '%(as Metro-Goldwyn-Mayer Pictures)%'::text)", "Plans": [{"Node Type": "Bitmap Index Scan", "Parent Relationship": "Outer", "Index Name": "movie_id_movie_companies", "Startup Cost": 0.0, "Total Cost": 0.29, "Plan Rows": 2, "Plan Width": 0, "Index Cond": "(movie_id = mi_idx.movie_id)"}]}]}]}]}, "Unique SQL Id": 1162488282, "Planner Runtime": 3}, "explain_analyze_plan": {"Plan": {"Node Type": "Aggregate", "Strategy": "Plain", "Startup Cost": 3242481.36, "Total Cost": 3242481.37, "Plan Rows": 1, "Plan Width": 113, "Actual Startup Time": 0.542, "Actual Total Time": 0.542, "Actual Rows": 1, "Actual Loops": 1, "Plans": [{"Node Type": "Nested Loop", "Parent Relationship": "Outer", "Join Type": "Inner", "Startup Cost": 7519.72, "Total Cost": 3239991.32, "Plan Rows": 332005, "Plan Width": 45, "Actual Startup Time": 0.513, "Actual Total Time": 0.52, "Actual Rows": 3, "Actual Loops": 1, "Inner Unique": false, "Join Filter": "(mc.company_type_id = ct.id), (LLVM Optimized)", "Rows Removed by Join Filter": 63, "Plans": [{"Node Type": "Bitmap Heap Scan", "Parent Relationship": "Outer", "Relation Name": "company_type", "Alias": "ct", "Startup Cost": 8.27, "Total Cost": 12.3, "Plan Rows": 1, "Plan Width": 4, "Actual Startup Time": 0.05, "Actual Total Time": 0.051, "Actual Rows": 1, "Actual Loops": 1, "Filter": "((kind)::text = 'production companies'::text)", "Rows Removed by Filter": 2, "Exact Heap Blocks": 1, "Lossy Heap Blocks": 1, "Plans": [{"Node Type": "Bitmap Index Scan", "Parent Relationship": "Outer", "Index Name": "company_type_pkey", "Startup Cost": 0.0, "Total Cost": 8.27, "Plan Rows": 3, "Plan Width": 0, "Actual Startup Time": 0.018, "Actual Total Time": 0.018, "Actual Rows": 3, "Actual Loops": 1}]}, {"Node Type": "Nested Loop", "Parent Relationship": "Inner", "Join Type": "Inner", "Startup Cost": 7511.45, "Total Cost": 3233114.03, "Plan Rows": 549199, "Plan Width": 49, "Actual Startup Time": 0.248, "Actual Total Time": 0.446, "Actual Rows": 66, "Actual Loops": 1, "Inner Unique": false, "Join Filter": "(t.id = mc.movie_id), (LLVM Optimized)", "Rows Removed by Join Filter": 0, "Plans": [{"Node Type": "Nested Loop", "Parent Relationship": "Outer", "Join Type": "Inner", "Startup Cost": 7511.16, "Total Cost": 1509451.47, "Plan Rows": 396404, "Plan Width": 29, "Actual Startup Time": 0.212, "Actual Total Time": 0.269, "Actual Rows": 4, "Actual Loops": 1, "Inner Unique": true, "Plans": [{"Node Type": "Nested Loop", "Parent Relationship": "Outer", "Join Type": "Inner", "Startup Cost": 7510.87, "Total Cost": 21752.95, "Plan Rows": 345008, "Plan Width": 4, "Actual Startup Time": 0.107, "Actual Total Time": 0.11, "Actual Rows": 10, "Actual Loops": 1, "Inner Unique": false, "Plans": [{"Node Type": "Bitmap Heap Scan", "Parent Relationship": "Outer", "Relation Name": "info_type", "Alias": "it", "Startup Cost": 8.81, "Total Cost": 14.21, "Plan Rows": 1, "Plan Width": 4, "Actual Startup Time": 0.071, "Actual Total Time": 0.071, "Actual Rows": 1, "Actual Loops": 1, "Filter": "((info)::text = 'bottom 10 rank'::text)", "Rows Removed by Filter": 111, "Exact Heap Blocks": 1, "Lossy Heap Blocks": 1, "Plans": [{"Node Type": "Bitmap Index Scan", "Parent Relationship": "Outer", "Index Name": "info_type_pkey", "Startup Cost": 0.0, "Total Cost": 8.81, "Plan Rows": 112, "Plan Width": 0, "Actual Startup Time": 0.011, "Actual Total Time": 0.011, "Actual Rows": 112, "Actual Loops": 1}]}, {"Node Type": "Bitmap Heap Scan", "Parent Relationship": "Inner", "Relation Name": "movie_info_idx", "Alias": "mi_idx", "Startup Cost": 7502.06, "Total Cost": 18288.66, "Plan Rows": 345008, "Plan Width": 8, "Actual Startup Time": 0.033, "Actual Total Time": 0.033, "Actual Rows": 10, "Actual Loops": 1, "Recheck Cond": "(info_type_id = it.id), (LLVM Optimized)", "Rows Removed by Index Recheck": 0, "Exact Heap Blocks": 1, "Lossy Heap Blocks": 1, "Plans": [{"Node Type": "Bitmap Index Scan", "Parent Relationship": "Outer", "Index Name": "info_type_id_movie_info_idx", "Startup Cost": 0.0, "Total Cost": 7415.81, "Plan Rows": 345008, "Plan Width": 0, "Actual Startup Time": 0.015, "Actual Total Time": 0.015, "Actual Rows": 10, "Actual Loops": 1, "Index Cond": "(info_type_id = it.id)"}]}]}, {"Node Type": "Bitmap Heap Scan", "Parent Relationship": "Inner", "Relation Name": "title", "Alias": "t", "Startup Cost": 0.28, "Total Cost": 4.3, "Plan Rows": 1, "Plan Width": 25, "Actual Startup Time": 0.137, "Actual Total Time": 0.137, "Actual Rows": 4, "Actual Loops": 10, "Recheck Cond": "(id = mi_idx.movie_id)", "Rows Removed by Index Recheck": 0, "Filter": "((production_year >= 2005) AND (production_year <= 2010))", "Rows Removed by Filter": 6, "Exact Heap Blocks": 10, "Lossy Heap Blocks": 10, "Plans": [{"Node Type": "Bitmap Index Scan", "Parent Relationship": "Outer", "Index Name": "title_pkey", "Startup Cost": 0.0, "Total Cost": 0.28, "Plan Rows": 1, "Plan Width": 0, "Actual Startup Time": 0.084, "Actual Total Time": 0.084, "Actual Rows": 10, "Actual Loops": 10, "Index Cond": "(id = mi_idx.movie_id)"}]}]}, {"Node Type": "Bitmap Heap Scan", "Parent Relationship": "Inner", "Relation Name": "movie_companies", "Alias": "mc", "Startup Cost": 0.29, "Total Cost": 4.32, "Plan Rows": 2, "Plan Width": 32, "Actual Startup Time": 0.098, "Actual Total Time": 0.148, "Actual Rows": 66, "Actual Loops": 4, "Recheck Cond": "(movie_id = mi_idx.movie_id)", "Rows Removed by Index Recheck": 0, "Filter": "((note)::text !~~ '%(as Metro-Goldwyn-Mayer Pictures)%'::text)", "Rows Removed by Filter": 7, "Exact Heap Blocks": 9, "Lossy Heap Blocks": 9, "Plans": [{"Node Type": "Bitmap Index Scan", "Parent Relationship": "Outer", "Index Name": "movie_id_movie_companies", "Startup Cost": 0.0, "Total Cost": 0.29, "Plan Rows": 2, "Plan Width": 0, "Actual Startup Time": 0.052, "Actual Total Time": 0.052, "Actual Rows": 73, "Actual Loops": 4, "Index Cond": "(movie_id = mi_idx.movie_id)"}]}]}]}]}, "Triggers": [], "Planner Runtime": 2.816, "Total Runtime": 10.468, "Unique SQL Id": 1162488282}}, "(64, '56')": {"explain_plan": {"Plan": {"Node Type": "Aggregate", "Strategy": "Plain", "Startup Cost": 345166.49, "Total Cost": 345166.5, "Plan Rows": 1, "Plan Width": 113, "Plans": [{"Node Type": "Nested Loop", "Parent Relationship": "Outer", "Join Type": "Inner", "Startup Cost": 0.0, "Total Cost": 342676.45, "Plan Rows": 332005, "Plan Width": 45, "Inner Unique": false, "Join Filter": "(mc.company_type_id = ct.id), (LLVM Optimized)", "Plans": [{"Node Type": "Seq Scan", "Parent Relationship": "Outer", "Relation Name": "company_type", "Alias": "ct", "Startup Cost": 0.0, "Total Cost": 1.04, "Plan Rows": 1, "Plan Width": 4, "Filter": "((kind)::text = 'production companies'::text)"}, {"Node Type": "Nested Loop", "Parent Relationship": "Inner", "Join Type": "Inner", "Startup Cost": 0.0, "Total Cost": 335810.42, "Plan Rows": 549199, "Plan Width": 49, "Inner Unique": false, "Join Filter": "(t.id = mc.movie_id), (LLVM Optimized)", "Plans": [{"Node Type": "Nested Loop", "Parent Relationship": "Outer", "Join Type": "Inner", "Startup Cost": 0.0, "Total Cost": 179893.38, "Plan Rows": 396404, "Plan Width": 29, "Inner Unique": true, "Plans": [{"Node Type": "Nested Loop", "Parent Relationship": "Outer", "Join Type": "Inner", "Startup Cost": 0.0, "Total Cost": 37527.17, "Plan Rows": 345008, "Plan Width": 4, "Inner Unique": false, "Join Filter": "(it.id = mi_idx.info_type_id), (LLVM Optimized)", "Plans": [{"Node Type": "Seq Scan", "Parent Relationship": "Outer", "Relation Name": "info_type", "Alias": "it", "Startup Cost": 0.0, "Total Cost": 2.4, "Plan Rows": 1, "Plan Width": 4, "Filter": "((info)::text = 'bottom 10 rank'::text)"}, {"Node Type": "Seq Scan", "Parent Relationship": "Inner", "Relation Name": "movie_info_idx", "Alias": "mi_idx", "Startup Cost": 0.0, "Total Cost": 20274.34, "Plan Rows": 1380034, "Plan Width": 8}]}, {"Node Type": "Index Scan", "Parent Relationship": "Inner", "Scan Direction": "Forward", "Index Name": "title_pkey", "Relation Name": "title", "Alias": "t", "Startup Cost": 0.0, "Total Cost": 0.4, "Plan Rows": 1, "Plan Width": 25, "Index Cond": "(id = mi_idx.movie_id)", "Filter": "((production_year >= 2005) AND (production_year <= 2010))"}]}, {"Node Type": "Index Scan", "Parent Relationship": "Inner", "Scan Direction": "Forward", "Index Name": "movie_id_movie_companies", "Relation Name": "movie_companies", "Alias": "mc", "Startup Cost": 0.0, "Total Cost": 0.37, "Plan Rows": 2, "Plan Width": 32, "Index Cond": "(movie_id = mi_idx.movie_id)", "Filter": "((note)::text !~~ '%(as Metro-Goldwyn-Mayer Pictures)%'::text)"}]}]}]}, "Unique SQL Id": 1162488282, "Planner Runtime": 2}, "explain_analyze_plan": {"Plan": {"Node Type": "Aggregate", "Strategy": "Plain", "Startup Cost": 345166.49, "Total Cost": 345166.5, "Plan Rows": 1, "Plan Width": 113, "Actual Startup Time": 625.852, "Actual Total Time": 625.852, "Actual Rows": 1, "Actual Loops": 1, "Plans": [{"Node Type": "Nested Loop", "Parent Relationship": "Outer", "Join Type": "Inner", "Startup Cost": 0.0, "Total Cost": 342676.45, "Plan Rows": 332005, "Plan Width": 45, "Actual Startup Time": 625.805, "Actual Total Time": 625.823, "Actual Rows": 3, "Actual Loops": 1, "Inner Unique": false, "Join Filter": "(mc.company_type_id = ct.id), (LLVM Optimized, Jit Execute)", "Rows Removed by Join Filter": 63, "Plans": [{"Node Type": "Seq Scan", "Parent Relationship": "Outer", "Relation Name": "company_type", "Alias": "ct", "Startup Cost": 0.0, "Total Cost": 1.04, "Plan Rows": 1, "Plan Width": 4, "Actual Startup Time": 0.03, "Actual Total Time": 0.034, "Actual Rows": 1, "Actual Loops": 1, "Filter": "((kind)::text = 'production companies'::text)", "Rows Removed by Filter": 2}, {"Node Type": "Nested Loop", "Parent Relationship": "Inner", "Join Type": "Inner", "Startup Cost": 0.0, "Total Cost": 335810.42, "Plan Rows": 549199, "Plan Width": 49, "Actual Startup Time": 625.578, "Actual Total Time": 625.763, "Actual Rows": 66, "Actual Loops": 1, "Inner Unique": false, "Join Filter": "(t.id = mc.movie_id), (LLVM Optimized, Jit Execute)", "Rows Removed by Join Filter": 0, "Plans": [{"Node Type": "Nested Loop", "Parent Relationship": "Outer", "Join Type": "Inner", "Startup Cost": 0.0, "Total Cost": 179893.38, "Plan Rows": 396404, "Plan Width": 29, "Actual Startup Time": 625.545, "Actual Total Time": 625.598, "Actual Rows": 4, "Actual Loops": 1, "Inner Unique": true, "Plans": [{"Node Type": "Nested Loop", "Parent Relationship": "Outer", "Join Type": "Inner", "Startup Cost": 0.0, "Total Cost": 37527.17, "Plan Rows": 345008, "Plan Width": 4, "Actual Startup Time": 625.387, "Actual Total Time": 625.401, "Actual Rows": 10, "Actual Loops": 1, "Inner Unique": false, "Join Filter": "(it.id = mi_idx.info_type_id), (LLVM Optimized, Jit Execute)", "Rows Removed by Join Filter": 1380024, "Plans": [{"Node Type": "Seq Scan", "Parent Relationship": "Outer", "Relation Name": "info_type", "Alias": "it", "Startup Cost": 0.0, "Total Cost": 2.4, "Plan Rows": 1, "Plan Width": 4, "Actual Startup Time": 0.042, "Actual Total Time": 0.047, "Actual Rows": 1, "Actual Loops": 1, "Filter": "((info)::text = 'bottom 10 rank'::text)", "Rows Removed by Filter": 111}, {"Node Type": "Seq Scan", "Parent Relationship": "Inner", "Relation Name": "movie_info_idx", "Alias": "mi_idx", "Startup Cost": 0.0, "Total Cost": 20274.34, "Plan Rows": 1380034, "Plan Width": 8, "Actual Startup Time": 0.039, "Actual Total Time": 317.471, "Actual Rows": 1380034, "Actual Loops": 1}]}, {"Node Type": "Index Scan", "Parent Relationship": "Inner", "Scan Direction": "Forward", "Index Name": "title_pkey", "Relation Name": "title", "Alias": "t", "Startup Cost": 0.0, "Total Cost": 0.4, "Plan Rows": 1, "Plan Width": 25, "Actual Startup Time": 0.174, "Actual Total Time": 0.174, "Actual Rows": 4, "Actual Loops": 10, "Index Cond": "(id = mi_idx.movie_id)", "Rows Removed by Index Recheck": 0, "Filter": "((production_year >= 2005) AND (production_year <= 2010))", "Rows Removed by Filter": 6}]}, {"Node Type": "Index Scan", "Parent Relationship": "Inner", "Scan Direction": "Forward", "Index Name": "movie_id_movie_companies", "Relation Name": "movie_companies", "Alias": "mc", "Startup Cost": 0.0, "Total Cost": 0.37, "Plan Rows": 2, "Plan Width": 32, "Actual Startup Time": 0.066, "Actual Total Time": 0.137, "Actual Rows": 66, "Actual Loops": 4, "Index Cond": "(movie_id = mi_idx.movie_id)", "Rows Removed by Index Recheck": 0, "Filter": "((note)::text !~~ '%(as Metro-Goldwyn-Mayer Pictures)%'::text)", "Rows Removed by Filter": 7}]}]}]}, "Triggers": [], "Planner Runtime": 2.879, "Total Runtime": 635.659, "Unique SQL Id": 1162488282}}, "(64, '57')": {"explain_plan": {"Plan": {"Node Type": "Aggregate", "Strategy": "Plain", "Startup Cost": 345988.79, "Total Cost": 345988.8, "Plan Rows": 1, "Plan Width": 113, "Plans": [{"Node Type": "Nested Loop", "Parent Relationship": "Outer", "Join Type": "Inner", "Startup Cost": 0.0, "Total Cost": 343498.75, "Plan Rows": 332005, "Plan Width": 45, "Inner Unique": false, "Join Filter": "(mc.company_type_id = ct.id), (LLVM Optimized)", "Plans": [{"Node Type": "Index Scan", "Parent Relationship": "Outer", "Scan Direction": "Forward", "Index Name": "company_type_pkey", "Relation Name": "company_type", "Alias": "ct", "Startup Cost": 0.0, "Total Cost": 12.3, "Plan Rows": 1, "Plan Width": 4, "Filter": "((kind)::text = 'production companies'::text)"}, {"Node Type": "Nested Loop", "Parent Relationship": "Inner", "Join Type": "Inner", "Startup Cost": 0.0, "Total Cost": 336621.46, "Plan Rows": 549199, "Plan Width": 49, "Inner Unique": false, "Join Filter": "(t.id = mc.movie_id), (LLVM Optimized)", "Plans": [{"Node Type": "Nested Loop", "Parent Relationship": "Outer", "Join Type": "Inner", "Startup Cost": 0.0, "Total Cost": 180704.42, "Plan Rows": 396404, "Plan Width": 29, "Inner Unique": true, "Plans": [{"Node Type": "Nested Loop", "Parent Relationship": "Outer", "Join Type": "Inner", "Startup Cost": 0.0, "Total Cost": 38338.2, "Plan Rows": 345008, "Plan Width": 4, "Inner Unique": false, "Plans": [{"Node Type": "Index Scan", "Parent Relationship": "Outer", "Scan Direction": "Forward", "Index Name": "info_type_pkey", "Relation Name": "info_type", "Alias": "it", "Startup Cost": 0.0, "Total Cost": 14.21, "Plan Rows": 1, "Plan Width": 4, "Filter": "((info)::text = 'bottom 10 rank'::text)"}, {"Node Type": "Index Scan", "Parent Relationship": "Inner", "Scan Direction": "Forward", "Index Name": "info_type_id_movie_info_idx", "Relation Name": "movie_info_idx", "Alias": "mi_idx", "Startup Cost": 0.0, "Total Cost": 34873.91, "Plan Rows": 345008, "Plan Width": 8, "Index Cond": "(info_type_id = it.id), (LLVM Optimized)"}]}, {"Node Type": "Index Scan", "Parent Relationship": "Inner", "Scan Direction": "Forward", "Index Name": "title_pkey", "Relation Name": "title", "Alias": "t", "Startup Cost": 0.0, "Total Cost": 0.4, "Plan Rows": 1, "Plan Width": 25, "Index Cond": "(id = mi_idx.movie_id)", "Filter": "((production_year >= 2005) AND (production_year <= 2010))"}]}, {"Node Type": "Index Scan", "Parent Relationship": "Inner", "Scan Direction": "Forward", "Index Name": "movie_id_movie_companies", "Relation Name": "movie_companies", "Alias": "mc", "Startup Cost": 0.0, "Total Cost": 0.37, "Plan Rows": 2, "Plan Width": 32, "Index Cond": "(movie_id = mi_idx.movie_id)", "Filter": "((note)::text !~~ '%(as Metro-Goldwyn-Mayer Pictures)%'::text)"}]}]}]}, "Unique SQL Id": 1162488282, "Planner Runtime": 2}, "explain_analyze_plan": {"Plan": {"Node Type": "Aggregate", "Strategy": "Plain", "Startup Cost": 345988.79, "Total Cost": 345988.8, "Plan Rows": 1, "Plan Width": 113, "Actual Startup Time": 0.455, "Actual Total Time": 0.455, "Actual Rows": 1, "Actual Loops": 1, "Plans": [{"Node Type": "Nested Loop", "Parent Relationship": "Outer", "Join Type": "Inner", "Startup Cost": 0.0, "Total Cost": 343498.75, "Plan Rows": 332005, "Plan Width": 45, "Actual Startup Time": 0.425, "Actual Total Time": 0.434, "Actual Rows": 3, "Actual Loops": 1, "Inner Unique": false, "Join Filter": "(mc.company_type_id = ct.id), (LLVM Optimized)", "Rows Removed by Join Filter": 63, "Plans": [{"Node Type": "Index Scan", "Parent Relationship": "Outer", "Scan Direction": "Forward", "Index Name": "company_type_pkey", "Relation Name": "company_type", "Alias": "ct", "Startup Cost": 0.0, "Total Cost": 12.3, "Plan Rows": 1, "Plan Width": 4, "Actual Startup Time": 0.038, "Actual Total Time": 0.04, "Actual Rows": 1, "Actual Loops": 1, "Filter": "((kind)::text = 'production companies'::text)", "Rows Removed by Filter": 2}, {"Node Type": "Nested Loop", "Parent Relationship": "Inner", "Join Type": "Inner", "Startup Cost": 0.0, "Total Cost": 336621.46, "Plan Rows": 549199, "Plan Width": 49, "Actual Startup Time": 0.202, "Actual Total Time": 0.377, "Actual Rows": 66, "Actual Loops": 1, "Inner Unique": false, "Join Filter": "(t.id = mc.movie_id), (LLVM Optimized)", "Rows Removed by Join Filter": 0, "Plans": [{"Node Type": "Nested Loop", "Parent Relationship": "Outer", "Join Type": "Inner", "Startup Cost": 0.0, "Total Cost": 180704.42, "Plan Rows": 396404, "Plan Width": 29, "Actual Startup Time": 0.178, "Actual Total Time": 0.229, "Actual Rows": 4, "Actual Loops": 1, "Inner Unique": true, "Plans": [{"Node Type": "Nested Loop", "Parent Relationship": "Outer", "Join Type": "Inner", "Startup Cost": 0.0, "Total Cost": 38338.2, "Plan Rows": 345008, "Plan Width": 4, "Actual Startup Time": 0.092, "Actual Total Time": 0.101, "Actual Rows": 10, "Actual Loops": 1, "Inner Unique": false, "Plans": [{"Node Type": "Index Scan", "Parent Relationship": "Outer", "Scan Direction": "Forward", "Index Name": "info_type_pkey", "Relation Name": "info_type", "Alias": "it", "Startup Cost": 0.0, "Total Cost": 14.21, "Plan Rows": 1, "Plan Width": 4, "Actual Startup Time": 0.073, "Actual Total Time": 0.074, "Actual Rows": 1, "Actual Loops": 1, "Filter": "((info)::text = 'bottom 10 rank'::text)", "Rows Removed by Filter": 111}, {"Node Type": "Index Scan", "Parent Relationship": "Inner", "Scan Direction": "Forward", "Index Name": "info_type_id_movie_info_idx", "Relation Name": "movie_info_idx", "Alias": "mi_idx", "Startup Cost": 0.0, "Total Cost": 34873.91, "Plan Rows": 345008, "Plan Width": 8, "Actual Startup Time": 0.017, "Actual Total Time": 0.022, "Actual Rows": 10, "Actual Loops": 1, "Index Cond": "(info_type_id = it.id), (LLVM Optimized)", "Rows Removed by Index Recheck": 0}]}, {"Node Type": "Index Scan", "Parent Relationship": "Inner", "Scan Direction": "Forward", "Index Name": "title_pkey", "Relation Name": "title", "Alias": "t", "Startup Cost": 0.0, "Total Cost": 0.4, "Plan Rows": 1, "Plan Width": 25, "Actual Startup Time": 0.118, "Actual Total Time": 0.118, "Actual Rows": 4, "Actual Loops": 10, "Index Cond": "(id = mi_idx.movie_id)", "Rows Removed by Index Recheck": 0, "Filter": "((production_year >= 2005) AND (production_year <= 2010))", "Rows Removed by Filter": 6}]}, {"Node Type": "Index Scan", "Parent Relationship": "Inner", "Scan Direction": "Forward", "Index Name": "movie_id_movie_companies", "Relation Name": "movie_companies", "Alias": "mc", "Startup Cost": 0.0, "Total Cost": 0.37, "Plan Rows": 2, "Plan Width": 32, "Actual Startup Time": 0.055, "Actual Total Time": 0.118, "Actual Rows": 66, "Actual Loops": 4, "Index Cond": "(movie_id = mi_idx.movie_id)", "Rows Removed by Index Recheck": 0, "Filter": "((note)::text !~~ '%(as Metro-Goldwyn-Mayer Pictures)%'::text)", "Rows Removed by Filter": 7}]}]}]}, "Triggers": [], "Planner Runtime": 2.681, "Total Runtime": 11.409, "Unique SQL Id": 1162488282}}, "(64, '58')": {"explain_plan": {"Plan": {"Node Type": "Aggregate", "Strategy": "Plain", "Startup Cost": 3307692.57, "Total Cost": 3307692.6, "Plan Rows": 1, "Plan Width": 113, "Plans": [{"Node Type": "Streaming(type: LOCAL GATHER dop: 1/64)", "Parent Relationship": "Outer", "Startup Cost": 3307692.57, "Total Cost": 3307692.6, "Plan Rows": 1, "Plan Width": 113, "Plans": [{"Node Type": "Aggregate", "Strategy": "Plain", "Parent Relationship": "Outer", "Startup Cost": 3307692.57, "Total Cost": 3307692.58, "Plan Rows": 1, "Plan Width": 113, "Plans": [{"Node Type": "Nested Loop", "Parent Relationship": "Outer", "Join Type": "Inner", "Startup Cost": 1813.35, "Total Cost": 3305202.53, "Plan Rows": 332005, "Plan Width": 45, "Inner Unique": false, "Join Filter": "(mc.movie_id = t.id), (LLVM Optimized)", "Plans": [{"Node Type": "Streaming(type: LOCAL REDISTRIBUTE dop: 64/1)", "Parent Relationship": "Outer", "Startup Cost": 0.0, "Total Cost": 196956.49, "Plan Rows": 1304518, "Plan Width": 28, "Plans": [{"Node Type": "Nested Loop", "Parent Relationship": "Outer", "Join Type": "Inner", "Startup Cost": 0.0, "Total Cost": 80954.08, "Plan Rows": 1304518, "Plan Width": 28, "Inner Unique": false, "Join Filter": "(ct.id = mc.company_type_id), (LLVM Optimized)", "Plans": [{"Node Type": "Seq Scan", "Parent Relationship": "Outer", "Relation Name": "company_type", "Alias": "ct", "Startup Cost": 0.0, "Total Cost": 1.04, "Plan Rows": 1, "Plan Width": 4, "Filter": "((kind)::text = 'production companies'::text)"}, {"Node Type": "Seq Scan", "Parent Relationship": "Inner", "Relation Name": "movie_companies", "Alias": "mc", "Startup Cost": 0.0, "Total Cost": 48340.1, "Plan Rows": 2609035, "Plan Width": 32, "Filter": "((note)::text !~~ '%(as Metro-Goldwyn-Mayer Pictures)%'::text), (LLVM Optimized)"}]}]}, {"Node Type": "Materialize", "Parent Relationship": "Inner", "Startup Cost": 1813.35, "Total Cost": 1214525.61, "Plan Rows": 396404, "Plan Width": 29, "Plans": [{"Node Type": "Streaming(type: LOCAL REDISTRIBUTE dop: 64/64)", "Parent Relationship": "Outer", "Startup Cost": 1813.35, "Total Cost": 1214494.65, "Plan Rows": 396404, "Plan Width": 29, "Plans": [{"Node Type": "Nested Loop", "Parent Relationship": "Outer", "Join Type": "Inner", "Startup Cost": 1813.35, "Total Cost": 1151119.15, "Plan Rows": 396404, "Plan Width": 29, "Inner Unique": true, "Join Filter": "(mi_idx.movie_id = t.id), (LLVM Optimized)", "Plans": [{"Node Type": "Streaming(type: LOCAL REDISTRIBUTE dop: 64/1)", "Parent Relationship": "Outer", "Startup Cost": 0.0, "Total Cost": 114544.8, "Plan Rows": 345008, "Plan Width": 4, "Plans": [{"Node Type": "Nested Loop", "Parent Relationship": "Outer", "Join Type": "Inner", "Startup Cost": 0.0, "Total Cost": 37527.17, "Plan Rows": 345008, "Plan Width": 4, "Inner Unique": false, "Join Filter": "(it.id = mi_idx.info_type_id), (LLVM Optimized)", "Plans": [{"Node Type": "Seq Scan", "Parent Relationship": "Outer", "Relation Name": "info_type", "Alias": "it", "Startup Cost": 0.0, "Total Cost": 2.4, "Plan Rows": 1, "Plan Width": 4, "Filter": "((info)::text = 'bottom 10 rank'::text)"}, {"Node Type": "Seq Scan", "Parent Relationship": "Inner", "Relation Name": "movie_info_idx", "Alias": "mi_idx", "Startup Cost": 0.0, "Total Cost": 20274.34, "Plan Rows": 1380034, "Plan Width": 8}]}]}, {"Node Type": "Materialize", "Parent Relationship": "Inner", "Startup Cost": 1813.35, "Total Cost": 127873.61, "Plan Rows": 719240, "Plan Width": 25, "Plans": [{"Node Type": "Streaming(type: LOCAL REDISTRIBUTE dop: 64/64)", "Parent Relationship": "Outer", "Startup Cost": 1813.35, "Total Cost": 127817.42, "Plan Rows": 719240, "Plan Width": 25, "Plans": [{"Node Type": "Seq Scan", "Parent Relationship": "Outer", "Relation Name": "title", "Alias": "t", "Startup Cost": 1813.35, "Total Cost": 64136.1, "Plan Rows": 719240, "Plan Width": 25, "Filter": "((production_year >= 2005) AND (production_year <= 2010)), (LLVM Optimized)"}]}]}]}]}]}]}]}]}]}, "Unique SQL Id": 1162488282, "Planner Runtime": 3}, "explain_analyze_plan": {"Plan": {"Node Type": "Aggregate", "Strategy": "Plain", "Startup Cost": 3307692.57, "Total Cost": 3307692.6, "Plan Rows": 1, "Plan Width": 113, "Actual Min Startup Time": 1952.379, "Actual Max Startup Time": 1952.379, "Actual Min Total Time": 1952.379, "Actual Max Total Time": 1952.379, "Plans": [{"Node Type": "Streaming(type: LOCAL GATHER dop: 1/64)", "Parent Relationship": "Outer", "Startup Cost": 3307692.57, "Total Cost": 3307692.6, "Plan Rows": 1, "Plan Width": 113, "Actual Min Startup Time": 1950.16, "Actual Max Startup Time": 1950.16, "Actual Min Total Time": 1952.342, "Actual Max Total Time": 1952.342, "Plans": [{"Node Type": "Aggregate", "Strategy": "Plain", "Parent Relationship": "Outer", "Startup Cost": 3307692.57, "Total Cost": 3307692.58, "Plan Rows": 1, "Plan Width": 113, "Actual Min Startup Time": 1323.488, "Actual Max Startup Time": 1692.967, "Actual Min Total Time": 1323.488, "Actual Max Total Time": 1692.967, "Plans": [{"Node Type": "Nested Loop", "Parent Relationship": "Outer", "Join Type": "Inner", "Startup Cost": 1813.35, "Total Cost": 3305202.53, "Plan Rows": 332005, "Plan Width": 45, "Actual Min Startup Time": 1077.466, "Actual Max Startup Time": 1692.959, "Actual Min Total Time": 1323.481, "Actual Max Total Time": 1692.959, "Inner Unique": false, "Join Filter": "(mc.movie_id = t.id), (LLVM Optimized, Jit Execute)", "Rows Removed by Join Filter": 8804, "Plans": [{"Node Type": "Streaming(type: LOCAL REDISTRIBUTE dop: 64/1)", "Parent Relationship": "Outer", "Startup Cost": 0.0, "Total Cost": 196956.49, "Plan Rows": 1304518, "Plan Width": 28, "Actual Min Startup Time": 341.84, "Actual Max Startup Time": 362.301, "Actual Min Total Time": 859.403, "Actual Max Total Time": 861.414, "Plans": [{"Node Type": "Nested Loop", "Parent Relationship": "Outer", "Join Type": "Inner", "Startup Cost": 0.0, "Total Cost": 80954.08, "Plan Rows": 1304518, "Plan Width": 28, "Actual Min Startup Time": 936.646, "Actual Max Startup Time": 936.646, "Actual Min Total Time": 1336.534, "Actual Max Total Time": 1336.534, "Inner Unique": false, "Join Filter": "(ct.id = mc.company_type_id), (LLVM Optimized, Jit Execute)", "Rows Removed by Join Filter": 1196183, "Plans": [{"Node Type": "Seq Scan", "Parent Relationship": "Outer", "Relation Name": "company_type", "Alias": "ct", "Startup Cost": 0.0, "Total Cost": 1.04, "Plan Rows": 1, "Plan Width": 4, "Actual Min Startup Time": 0.029, "Actual Max Startup Time": 0.029, "Actual Min Total Time": 0.033, "Actual Max Total Time": 0.033, "Filter": "((kind)::text = 'production companies'::text)", "Rows Removed by Filter": 2, "Actual Rows": 1}, {"Node Type": "Seq Scan", "Parent Relationship": "Inner", "Relation Name": "movie_companies", "Alias": "mc", "Startup Cost": 0.0, "Total Cost": 48340.1, "Plan Rows": 2609035, "Plan Width": 32, "Actual Min Startup Time": 0.064, "Actual Max Startup Time": 0.064, "Actual Min Total Time": 1037.82, "Actual Max Total Time": 1037.82, "Filter": "((note)::text !~~ '%(as Metro-Goldwyn-Mayer Pictures)%'::text), (LLVM Optimized, Jit Execute)", "Rows Removed by Filter": 1272041, "Actual Rows": 1337087}], "Actual Rows": 140904}], "Actual Rows": 140904}, {"Node Type": "Materialize", "Parent Relationship": "Inner", "Startup Cost": 1813.35, "Total Cost": 1214525.61, "Plan Rows": 396404, "Plan Width": 29, "Actual Min Startup Time": 461.775, "Actual Max Startup Time": 831.303, "Actual Min Total Time": 461.775, "Actual Max Total Time": 831.303, "Plans": [{"Node Type": "Streaming(type: LOCAL REDISTRIBUTE dop: 64/64)", "Parent Relationship": "Outer", "Startup Cost": 1813.35, "Total Cost": 1214494.65, "Plan Rows": 396404, "Plan Width": 29, "Actual Min Startup Time": 461.542, "Actual Max Startup Time": 831.002, "Actual Min Total Time": 461.542, "Actual Max Total Time": 831.002, "Plans": [{"Node Type": "Nested Loop", "Parent Relationship": "Outer", "Join Type": "Inner", "Startup Cost": 1813.35, "Total Cost": 1151119.15, "Plan Rows": 396404, "Plan Width": 29, "Actual Min Startup Time": 456.289, "Actual Max Startup Time": 761.575, "Actual Min Total Time": 456.289, "Actual Max Total Time": 761.575, "Inner Unique": true, "Join Filter": "(mi_idx.movie_id = t.id), (LLVM Optimized, Jit Execute)", "Rows Removed by Join Filter": 98095, "Plans": [{"Node Type": "Streaming(type: LOCAL REDISTRIBUTE dop: 64/1)", "Parent Relationship": "Outer", "Startup Cost": 0.0, "Total Cost": 114544.8, "Plan Rows": 345008, "Plan Width": 4, "Actual Min Startup Time": 419.11, "Actual Max Startup Time": 420.614, "Actual Min Total Time": 419.112, "Actual Max Total Time": 420.614, "Plans": [{"Node Type": "Nested Loop", "Parent Relationship": "Outer", "Join Type": "Inner", "Startup Cost": 0.0, "Total Cost": 37527.17, "Plan Rows": 345008, "Plan Width": 4, "Actual Min Startup Time": 603.87, "Actual Max Startup Time": 603.87, "Actual Min Total Time": 603.884, "Actual Max Total Time": 603.884, "Inner Unique": false, "Join Filter": "(it.id = mi_idx.info_type_id), (LLVM Optimized, Jit Execute)", "Rows Removed by Join Filter": 1380024, "Plans": [{"Node Type": "Seq Scan", "Parent Relationship": "Outer", "Relation Name": "info_type", "Alias": "it", "Startup Cost": 0.0, "Total Cost": 2.4, "Plan Rows": 1, "Plan Width": 4, "Actual Min Startup Time": 0.126, "Actual Max Startup Time": 0.126, "Actual Min Total Time": 0.133, "Actual Max Total Time": 0.133, "Filter": "((info)::text = 'bottom 10 rank'::text)", "Rows Removed by Filter": 111, "Actual Rows": 1}, {"Node Type": "Seq Scan", "Parent Relationship": "Inner", "Relation Name": "movie_info_idx", "Alias": "mi_idx", "Startup Cost": 0.0, "Total Cost": 20274.34, "Plan Rows": 1380034, "Plan Width": 8, "Actual Min Startup Time": 0.096, "Actual Max Startup Time": 0.096, "Actual Min Total Time": 315.257, "Actual Max Total Time": 315.257, "Actual Rows": 1380034}], "Actual Rows": 10}], "Actual Rows": 10}, {"Node Type": "Materialize", "Parent Relationship": "Inner", "Startup Cost": 1813.35, "Total Cost": 127873.61, "Plan Rows": 719240, "Plan Width": 25, "Actual Min Startup Time": 35.11, "Actual Max Startup Time": 340.03, "Actual Min Total Time": 35.11, "Actual Max Total Time": 340.03, "Plans": [{"Node Type": "Streaming(type: LOCAL REDISTRIBUTE dop: 64/64)", "Parent Relationship": "Outer", "Startup Cost": 1813.35, "Total Cost": 127817.42, "Plan Rows": 719240, "Plan Width": 25, "Actual Min Startup Time": 0.12, "Actual Max Startup Time": 157.753, "Actual Min Total Time": 32.394, "Actual Max Total Time": 337.261, "Plans": [{"Node Type": "Seq Scan", "Parent Relationship": "Outer", "Relation Name": "title", "Alias": "t", "Startup Cost": 1813.35, "Total Cost": 64136.1, "Plan Rows": 719240, "Plan Width": 25, "Actual Min Startup Time": 0.03, "Actual Max Startup Time": 0.133, "Actual Min Total Time": 15.886, "Actual Max Total Time": 20.094, "Filter": "((production_year >= 2005) AND (production_year <= 2010)), (LLVM Optimized, Jit Execute)", "Rows Removed by Filter": 1812052, "Actual Rows": 716259}], "Actual Rows": 716259}], "Actual Rows": 98163}], "Actual Rows": 4}], "Actual Rows": 4}], "Actual Rows": 8811}], "Actual Rows": 3}], "Actual Rows": 64}], "Actual Rows": 64}], "Actual Rows": 1}, "Triggers": [], "Planner Runtime": 3.453, "Total Runtime": 2011.677, "Unique SQL Id": 1162488282}}, "(64, '59')": {"explain_plan": {"Plan": {"Node Type": "Aggregate", "Strategy": "Plain", "Startup Cost": 5011509592906.65, "Total Cost": 5011509592906.66, "Plan Rows": 1, "Plan Width": 113, "Plans": [{"Node Type": "Nested Loop", "Parent Relationship": "Outer", "Join Type": "Inner", "Startup Cost": 50000000000.0, "Total Cost": 5011509590416.61, "Plan Rows": 332005, "Plan Width": 45, "Inner Unique": false, "Join Filter": "(mc.movie_id = t.id), (LLVM Optimized)", "Plans": [{"Node Type": "Nested Loop", "Parent Relationship": "Outer", "Join Type": "Inner", "Startup Cost": 20000000000.0, "Total Cost": 2000013744593.91, "Plan Rows": 1304518, "Plan Width": 28, "Inner Unique": true, "Join Filter": "(ct.id = mc.company_type_id), (LLVM Optimized)", "Plans": [{"Node Type": "Index Scan", "Parent Relationship": "Outer", "Scan Direction": "Forward", "Index Name": "movie_id_movie_companies", "Relation Name": "movie_companies", "Alias": "mc", "Startup Cost": 10000000000.0, "Total Cost": 1000013704228.13, "Plan Rows": 2609035, "Plan Width": 32, "Filter": "((note)::text !~~ '%(as Metro-Goldwyn-Mayer Pictures)%'::text), (LLVM Optimized)"}, {"Node Type": "Materialize", "Parent Relationship": "Inner", "Startup Cost": 10000000000.0, "Total Cost": 1000000001230.26, "Plan Rows": 1, "Plan Width": 4, "Plans": [{"Node Type": "Index Scan", "Parent Relationship": "Outer", "Scan Direction": "Forward", "Index Name": "company_type_pkey", "Relation Name": "company_type", "Alias": "ct", "Startup Cost": 10000000000.0, "Total Cost": 1000000001230.25, "Plan Rows": 1, "Plan Width": 4, "Filter": "((kind)::text = 'production companies'::text)"}]}]}, {"Node Type": "Materialize", "Parent Relationship": "Inner", "Startup Cost": 30000000000.0, "Total Cost": 3003739104514.63, "Plan Rows": 396404, "Plan Width": 29, "Plans": [{"Node Type": "Nested Loop", "Parent Relationship": "Outer", "Join Type": "Inner", "Startup Cost": 30000000000.0, "Total Cost": 3003739102532.61, "Plan Rows": 396404, "Plan Width": 29, "Inner Unique": false, "Join Filter": "(mi_idx.movie_id = t.id), (LLVM Optimized)", "Plans": [{"Node Type": "Index Scan", "Parent Relationship": "Outer", "Scan Direction": "Forward", "Index Name": "title_pkey", "Relation Name": "title", "Alias": "t", "Startup Cost": 10000000000.0, "Total Cost": 1000012276204.41, "Plan Rows": 719240, "Plan Width": 25, "Filter": "((production_year >= 2005) AND (production_year <= 2010)), (LLVM Optimized)"}, {"Node Type": "Materialize", "Parent Relationship": "Inner", "Startup Cost": 20000000000.0, "Total Cost": 2000004673881.92, "Plan Rows": 345008, "Plan Width": 4, "Plans": [{"Node Type": "Nested Loop", "Parent Relationship": "Outer", "Join Type": "Inner", "Startup Cost": 20000000000.0, "Total Cost": 2000004672156.88, "Plan Rows": 345008, "Plan Width": 4, "Inner Unique": true, "Join Filter": "(it.id = mi_idx.info_type_id), (LLVM Optimized)", "Plans": [{"Node Type": "Index Scan", "Parent Relationship": "Outer", "Scan Direction": "Forward", "Index Name": "movie_id_movie_info_idx", "Relation Name": "movie_info_idx", "Alias": "mi_idx", "Startup Cost": 10000000000.0, "Total Cost": 1000004650035.37, "Plan Rows": 1380034, "Plan Width": 8}, {"Node Type": "Materialize", "Parent Relationship": "Inner", "Startup Cost": 10000000000.0, "Total Cost": 1000000001421.0, "Plan Rows": 1, "Plan Width": 4, "Plans": [{"Node Type": "Index Scan", "Parent Relationship": "Outer", "Scan Direction": "Forward", "Index Name": "info_type_pkey", "Relation Name": "info_type", "Alias": "it", "Startup Cost": 10000000000.0, "Total Cost": 1000000001421.0, "Plan Rows": 1, "Plan Width": 4, "Filter": "((info)::text = 'bottom 10 rank'::text)"}]}]}]}]}]}]}]}, "Unique SQL Id": 1162488282, "Planner Runtime": 3}, "explain_analyze_plan": null}, "(64, '60')": {"explain_plan": {"Plan": {"Node Type": "Aggregate", "Strategy": "Plain", "Startup Cost": 345166.49, "Total Cost": 345166.5, "Plan Rows": 1, "Plan Width": 113, "Plans": [{"Node Type": "Nested Loop", "Parent Relationship": "Outer", "Join Type": "Inner", "Startup Cost": 0.0, "Total Cost": 342676.45, "Plan Rows": 332005, "Plan Width": 45, "Inner Unique": false, "Join Filter": "(mc.company_type_id = ct.id), (LLVM Optimized)", "Plans": [{"Node Type": "Seq Scan", "Parent Relationship": "Outer", "Relation Name": "company_type", "Alias": "ct", "Startup Cost": 0.0, "Total Cost": 1.04, "Plan Rows": 1, "Plan Width": 4, "Filter": "((kind)::text = 'production companies'::text)"}, {"Node Type": "Nested Loop", "Parent Relationship": "Inner", "Join Type": "Inner", "Startup Cost": 0.0, "Total Cost": 335810.42, "Plan Rows": 549199, "Plan Width": 49, "Inner Unique": false, "Join Filter": "(t.id = mc.movie_id), (LLVM Optimized)", "Plans": [{"Node Type": "Nested Loop", "Parent Relationship": "Outer", "Join Type": "Inner", "Startup Cost": 0.0, "Total Cost": 179893.38, "Plan Rows": 396404, "Plan Width": 29, "Inner Unique": true, "Plans": [{"Node Type": "Nested Loop", "Parent Relationship": "Outer", "Join Type": "Inner", "Startup Cost": 0.0, "Total Cost": 37527.17, "Plan Rows": 345008, "Plan Width": 4, "Inner Unique": false, "Join Filter": "(it.id = mi_idx.info_type_id), (LLVM Optimized)", "Plans": [{"Node Type": "Seq Scan", "Parent Relationship": "Outer", "Relation Name": "info_type", "Alias": "it", "Startup Cost": 0.0, "Total Cost": 2.4, "Plan Rows": 1, "Plan Width": 4, "Filter": "((info)::text = 'bottom 10 rank'::text)"}, {"Node Type": "Seq Scan", "Parent Relationship": "Inner", "Relation Name": "movie_info_idx", "Alias": "mi_idx", "Startup Cost": 0.0, "Total Cost": 20274.34, "Plan Rows": 1380034, "Plan Width": 8}]}, {"Node Type": "Index Scan", "Parent Relationship": "Inner", "Scan Direction": "Forward", "Index Name": "title_pkey", "Relation Name": "title", "Alias": "t", "Startup Cost": 0.0, "Total Cost": 0.4, "Plan Rows": 1, "Plan Width": 25, "Index Cond": "(id = mi_idx.movie_id)", "Filter": "((production_year >= 2005) AND (production_year <= 2010))"}]}, {"Node Type": "Index Scan", "Parent Relationship": "Inner", "Scan Direction": "Forward", "Index Name": "movie_id_movie_companies", "Relation Name": "movie_companies", "Alias": "mc", "Startup Cost": 0.0, "Total Cost": 0.37, "Plan Rows": 2, "Plan Width": 32, "Index Cond": "(movie_id = mi_idx.movie_id)", "Filter": "((note)::text !~~ '%(as Metro-Goldwyn-Mayer Pictures)%'::text)"}]}]}]}, "Unique SQL Id": 1162488282, "Planner Runtime": 3}, "explain_analyze_plan": {"Plan": {"Node Type": "Aggregate", "Strategy": "Plain", "Startup Cost": 345166.49, "Total Cost": 345166.5, "Plan Rows": 1, "Plan Width": 113, "Actual Startup Time": 625.852, "Actual Total Time": 625.852, "Actual Rows": 1, "Actual Loops": 1, "Plans": [{"Node Type": "Nested Loop", "Parent Relationship": "Outer", "Join Type": "Inner", "Startup Cost": 0.0, "Total Cost": 342676.45, "Plan Rows": 332005, "Plan Width": 45, "Actual Startup Time": 625.805, "Actual Total Time": 625.823, "Actual Rows": 3, "Actual Loops": 1, "Inner Unique": false, "Join Filter": "(mc.company_type_id = ct.id), (LLVM Optimized, Jit Execute)", "Rows Removed by Join Filter": 63, "Plans": [{"Node Type": "Seq Scan", "Parent Relationship": "Outer", "Relation Name": "company_type", "Alias": "ct", "Startup Cost": 0.0, "Total Cost": 1.04, "Plan Rows": 1, "Plan Width": 4, "Actual Startup Time": 0.03, "Actual Total Time": 0.034, "Actual Rows": 1, "Actual Loops": 1, "Filter": "((kind)::text = 'production companies'::text)", "Rows Removed by Filter": 2}, {"Node Type": "Nested Loop", "Parent Relationship": "Inner", "Join Type": "Inner", "Startup Cost": 0.0, "Total Cost": 335810.42, "Plan Rows": 549199, "Plan Width": 49, "Actual Startup Time": 625.578, "Actual Total Time": 625.763, "Actual Rows": 66, "Actual Loops": 1, "Inner Unique": false, "Join Filter": "(t.id = mc.movie_id), (LLVM Optimized, Jit Execute)", "Rows Removed by Join Filter": 0, "Plans": [{"Node Type": "Nested Loop", "Parent Relationship": "Outer", "Join Type": "Inner", "Startup Cost": 0.0, "Total Cost": 179893.38, "Plan Rows": 396404, "Plan Width": 29, "Actual Startup Time": 625.545, "Actual Total Time": 625.598, "Actual Rows": 4, "Actual Loops": 1, "Inner Unique": true, "Plans": [{"Node Type": "Nested Loop", "Parent Relationship": "Outer", "Join Type": "Inner", "Startup Cost": 0.0, "Total Cost": 37527.17, "Plan Rows": 345008, "Plan Width": 4, "Actual Startup Time": 625.387, "Actual Total Time": 625.401, "Actual Rows": 10, "Actual Loops": 1, "Inner Unique": false, "Join Filter": "(it.id = mi_idx.info_type_id), (LLVM Optimized, Jit Execute)", "Rows Removed by Join Filter": 1380024, "Plans": [{"Node Type": "Seq Scan", "Parent Relationship": "Outer", "Relation Name": "info_type", "Alias": "it", "Startup Cost": 0.0, "Total Cost": 2.4, "Plan Rows": 1, "Plan Width": 4, "Actual Startup Time": 0.042, "Actual Total Time": 0.047, "Actual Rows": 1, "Actual Loops": 1, "Filter": "((info)::text = 'bottom 10 rank'::text)", "Rows Removed by Filter": 111}, {"Node Type": "Seq Scan", "Parent Relationship": "Inner", "Relation Name": "movie_info_idx", "Alias": "mi_idx", "Startup Cost": 0.0, "Total Cost": 20274.34, "Plan Rows": 1380034, "Plan Width": 8, "Actual Startup Time": 0.039, "Actual Total Time": 317.471, "Actual Rows": 1380034, "Actual Loops": 1}]}, {"Node Type": "Index Scan", "Parent Relationship": "Inner", "Scan Direction": "Forward", "Index Name": "title_pkey", "Relation Name": "title", "Alias": "t", "Startup Cost": 0.0, "Total Cost": 0.4, "Plan Rows": 1, "Plan Width": 25, "Actual Startup Time": 0.174, "Actual Total Time": 0.174, "Actual Rows": 4, "Actual Loops": 10, "Index Cond": "(id = mi_idx.movie_id)", "Rows Removed by Index Recheck": 0, "Filter": "((production_year >= 2005) AND (production_year <= 2010))", "Rows Removed by Filter": 6}]}, {"Node Type": "Index Scan", "Parent Relationship": "Inner", "Scan Direction": "Forward", "Index Name": "movie_id_movie_companies", "Relation Name": "movie_companies", "Alias": "mc", "Startup Cost": 0.0, "Total Cost": 0.37, "Plan Rows": 2, "Plan Width": 32, "Actual Startup Time": 0.066, "Actual Total Time": 0.137, "Actual Rows": 66, "Actual Loops": 4, "Index Cond": "(movie_id = mi_idx.movie_id)", "Rows Removed by Index Recheck": 0, "Filter": "((note)::text !~~ '%(as Metro-Goldwyn-Mayer Pictures)%'::text)", "Rows Removed by Filter": 7}]}]}]}, "Triggers": [], "Planner Runtime": 2.879, "Total Runtime": 635.659, "Unique SQL Id": 1162488282}}, "(64, '61')": {"explain_plan": {"Plan": {"Node Type": "Aggregate", "Strategy": "Plain", "Startup Cost": 345988.79, "Total Cost": 345988.8, "Plan Rows": 1, "Plan Width": 113, "Plans": [{"Node Type": "Nested Loop", "Parent Relationship": "Outer", "Join Type": "Inner", "Startup Cost": 0.0, "Total Cost": 343498.75, "Plan Rows": 332005, "Plan Width": 45, "Inner Unique": false, "Join Filter": "(mc.company_type_id = ct.id), (LLVM Optimized)", "Plans": [{"Node Type": "Index Scan", "Parent Relationship": "Outer", "Scan Direction": "Forward", "Index Name": "company_type_pkey", "Relation Name": "company_type", "Alias": "ct", "Startup Cost": 0.0, "Total Cost": 12.3, "Plan Rows": 1, "Plan Width": 4, "Filter": "((kind)::text = 'production companies'::text)"}, {"Node Type": "Nested Loop", "Parent Relationship": "Inner", "Join Type": "Inner", "Startup Cost": 0.0, "Total Cost": 336621.46, "Plan Rows": 549199, "Plan Width": 49, "Inner Unique": false, "Join Filter": "(t.id = mc.movie_id), (LLVM Optimized)", "Plans": [{"Node Type": "Nested Loop", "Parent Relationship": "Outer", "Join Type": "Inner", "Startup Cost": 0.0, "Total Cost": 180704.42, "Plan Rows": 396404, "Plan Width": 29, "Inner Unique": true, "Plans": [{"Node Type": "Nested Loop", "Parent Relationship": "Outer", "Join Type": "Inner", "Startup Cost": 0.0, "Total Cost": 38338.2, "Plan Rows": 345008, "Plan Width": 4, "Inner Unique": false, "Plans": [{"Node Type": "Index Scan", "Parent Relationship": "Outer", "Scan Direction": "Forward", "Index Name": "info_type_pkey", "Relation Name": "info_type", "Alias": "it", "Startup Cost": 0.0, "Total Cost": 14.21, "Plan Rows": 1, "Plan Width": 4, "Filter": "((info)::text = 'bottom 10 rank'::text)"}, {"Node Type": "Index Scan", "Parent Relationship": "Inner", "Scan Direction": "Forward", "Index Name": "info_type_id_movie_info_idx", "Relation Name": "movie_info_idx", "Alias": "mi_idx", "Startup Cost": 0.0, "Total Cost": 34873.91, "Plan Rows": 345008, "Plan Width": 8, "Index Cond": "(info_type_id = it.id), (LLVM Optimized)"}]}, {"Node Type": "Index Scan", "Parent Relationship": "Inner", "Scan Direction": "Forward", "Index Name": "title_pkey", "Relation Name": "title", "Alias": "t", "Startup Cost": 0.0, "Total Cost": 0.4, "Plan Rows": 1, "Plan Width": 25, "Index Cond": "(id = mi_idx.movie_id)", "Filter": "((production_year >= 2005) AND (production_year <= 2010))"}]}, {"Node Type": "Index Scan", "Parent Relationship": "Inner", "Scan Direction": "Forward", "Index Name": "movie_id_movie_companies", "Relation Name": "movie_companies", "Alias": "mc", "Startup Cost": 0.0, "Total Cost": 0.37, "Plan Rows": 2, "Plan Width": 32, "Index Cond": "(movie_id = mi_idx.movie_id)", "Filter": "((note)::text !~~ '%(as Metro-Goldwyn-Mayer Pictures)%'::text)"}]}]}]}, "Unique SQL Id": 1162488282, "Planner Runtime": 2}, "explain_analyze_plan": {"Plan": {"Node Type": "Aggregate", "Strategy": "Plain", "Startup Cost": 345988.79, "Total Cost": 345988.8, "Plan Rows": 1, "Plan Width": 113, "Actual Startup Time": 0.455, "Actual Total Time": 0.455, "Actual Rows": 1, "Actual Loops": 1, "Plans": [{"Node Type": "Nested Loop", "Parent Relationship": "Outer", "Join Type": "Inner", "Startup Cost": 0.0, "Total Cost": 343498.75, "Plan Rows": 332005, "Plan Width": 45, "Actual Startup Time": 0.425, "Actual Total Time": 0.434, "Actual Rows": 3, "Actual Loops": 1, "Inner Unique": false, "Join Filter": "(mc.company_type_id = ct.id), (LLVM Optimized)", "Rows Removed by Join Filter": 63, "Plans": [{"Node Type": "Index Scan", "Parent Relationship": "Outer", "Scan Direction": "Forward", "Index Name": "company_type_pkey", "Relation Name": "company_type", "Alias": "ct", "Startup Cost": 0.0, "Total Cost": 12.3, "Plan Rows": 1, "Plan Width": 4, "Actual Startup Time": 0.038, "Actual Total Time": 0.04, "Actual Rows": 1, "Actual Loops": 1, "Filter": "((kind)::text = 'production companies'::text)", "Rows Removed by Filter": 2}, {"Node Type": "Nested Loop", "Parent Relationship": "Inner", "Join Type": "Inner", "Startup Cost": 0.0, "Total Cost": 336621.46, "Plan Rows": 549199, "Plan Width": 49, "Actual Startup Time": 0.202, "Actual Total Time": 0.377, "Actual Rows": 66, "Actual Loops": 1, "Inner Unique": false, "Join Filter": "(t.id = mc.movie_id), (LLVM Optimized)", "Rows Removed by Join Filter": 0, "Plans": [{"Node Type": "Nested Loop", "Parent Relationship": "Outer", "Join Type": "Inner", "Startup Cost": 0.0, "Total Cost": 180704.42, "Plan Rows": 396404, "Plan Width": 29, "Actual Startup Time": 0.178, "Actual Total Time": 0.229, "Actual Rows": 4, "Actual Loops": 1, "Inner Unique": true, "Plans": [{"Node Type": "Nested Loop", "Parent Relationship": "Outer", "Join Type": "Inner", "Startup Cost": 0.0, "Total Cost": 38338.2, "Plan Rows": 345008, "Plan Width": 4, "Actual Startup Time": 0.092, "Actual Total Time": 0.101, "Actual Rows": 10, "Actual Loops": 1, "Inner Unique": false, "Plans": [{"Node Type": "Index Scan", "Parent Relationship": "Outer", "Scan Direction": "Forward", "Index Name": "info_type_pkey", "Relation Name": "info_type", "Alias": "it", "Startup Cost": 0.0, "Total Cost": 14.21, "Plan Rows": 1, "Plan Width": 4, "Actual Startup Time": 0.073, "Actual Total Time": 0.074, "Actual Rows": 1, "Actual Loops": 1, "Filter": "((info)::text = 'bottom 10 rank'::text)", "Rows Removed by Filter": 111}, {"Node Type": "Index Scan", "Parent Relationship": "Inner", "Scan Direction": "Forward", "Index Name": "info_type_id_movie_info_idx", "Relation Name": "movie_info_idx", "Alias": "mi_idx", "Startup Cost": 0.0, "Total Cost": 34873.91, "Plan Rows": 345008, "Plan Width": 8, "Actual Startup Time": 0.017, "Actual Total Time": 0.022, "Actual Rows": 10, "Actual Loops": 1, "Index Cond": "(info_type_id = it.id), (LLVM Optimized)", "Rows Removed by Index Recheck": 0}]}, {"Node Type": "Index Scan", "Parent Relationship": "Inner", "Scan Direction": "Forward", "Index Name": "title_pkey", "Relation Name": "title", "Alias": "t", "Startup Cost": 0.0, "Total Cost": 0.4, "Plan Rows": 1, "Plan Width": 25, "Actual Startup Time": 0.118, "Actual Total Time": 0.118, "Actual Rows": 4, "Actual Loops": 10, "Index Cond": "(id = mi_idx.movie_id)", "Rows Removed by Index Recheck": 0, "Filter": "((production_year >= 2005) AND (production_year <= 2010))", "Rows Removed by Filter": 6}]}, {"Node Type": "Index Scan", "Parent Relationship": "Inner", "Scan Direction": "Forward", "Index Name": "movie_id_movie_companies", "Relation Name": "movie_companies", "Alias": "mc", "Startup Cost": 0.0, "Total Cost": 0.37, "Plan Rows": 2, "Plan Width": 32, "Actual Startup Time": 0.055, "Actual Total Time": 0.118, "Actual Rows": 66, "Actual Loops": 4, "Index Cond": "(movie_id = mi_idx.movie_id)", "Rows Removed by Index Recheck": 0, "Filter": "((note)::text !~~ '%(as Metro-Goldwyn-Mayer Pictures)%'::text)", "Rows Removed by Filter": 7}]}]}]}, "Triggers": [], "Planner Runtime": 2.681, "Total Runtime": 11.409, "Unique SQL Id": 1162488282}}, "(64, '62')": {"explain_plan": {"Plan": {"Node Type": "Aggregate", "Strategy": "Plain", "Startup Cost": 3307692.57, "Total Cost": 3307692.6, "Plan Rows": 1, "Plan Width": 113, "Plans": [{"Node Type": "Streaming(type: LOCAL GATHER dop: 1/64)", "Parent Relationship": "Outer", "Startup Cost": 3307692.57, "Total Cost": 3307692.6, "Plan Rows": 1, "Plan Width": 113, "Plans": [{"Node Type": "Aggregate", "Strategy": "Plain", "Parent Relationship": "Outer", "Startup Cost": 3307692.57, "Total Cost": 3307692.58, "Plan Rows": 1, "Plan Width": 113, "Plans": [{"Node Type": "Nested Loop", "Parent Relationship": "Outer", "Join Type": "Inner", "Startup Cost": 1813.35, "Total Cost": 3305202.53, "Plan Rows": 332005, "Plan Width": 45, "Inner Unique": false, "Join Filter": "(mc.movie_id = t.id), (LLVM Optimized)", "Plans": [{"Node Type": "Streaming(type: LOCAL REDISTRIBUTE dop: 64/1)", "Parent Relationship": "Outer", "Startup Cost": 0.0, "Total Cost": 196956.49, "Plan Rows": 1304518, "Plan Width": 28, "Plans": [{"Node Type": "Nested Loop", "Parent Relationship": "Outer", "Join Type": "Inner", "Startup Cost": 0.0, "Total Cost": 80954.08, "Plan Rows": 1304518, "Plan Width": 28, "Inner Unique": false, "Join Filter": "(ct.id = mc.company_type_id), (LLVM Optimized)", "Plans": [{"Node Type": "Seq Scan", "Parent Relationship": "Outer", "Relation Name": "company_type", "Alias": "ct", "Startup Cost": 0.0, "Total Cost": 1.04, "Plan Rows": 1, "Plan Width": 4, "Filter": "((kind)::text = 'production companies'::text)"}, {"Node Type": "Seq Scan", "Parent Relationship": "Inner", "Relation Name": "movie_companies", "Alias": "mc", "Startup Cost": 0.0, "Total Cost": 48340.1, "Plan Rows": 2609035, "Plan Width": 32, "Filter": "((note)::text !~~ '%(as Metro-Goldwyn-Mayer Pictures)%'::text), (LLVM Optimized)"}]}]}, {"Node Type": "Materialize", "Parent Relationship": "Inner", "Startup Cost": 1813.35, "Total Cost": 1214525.61, "Plan Rows": 396404, "Plan Width": 29, "Plans": [{"Node Type": "Streaming(type: LOCAL REDISTRIBUTE dop: 64/64)", "Parent Relationship": "Outer", "Startup Cost": 1813.35, "Total Cost": 1214494.65, "Plan Rows": 396404, "Plan Width": 29, "Plans": [{"Node Type": "Nested Loop", "Parent Relationship": "Outer", "Join Type": "Inner", "Startup Cost": 1813.35, "Total Cost": 1151119.15, "Plan Rows": 396404, "Plan Width": 29, "Inner Unique": true, "Join Filter": "(mi_idx.movie_id = t.id), (LLVM Optimized)", "Plans": [{"Node Type": "Streaming(type: LOCAL REDISTRIBUTE dop: 64/1)", "Parent Relationship": "Outer", "Startup Cost": 0.0, "Total Cost": 114544.8, "Plan Rows": 345008, "Plan Width": 4, "Plans": [{"Node Type": "Nested Loop", "Parent Relationship": "Outer", "Join Type": "Inner", "Startup Cost": 0.0, "Total Cost": 37527.17, "Plan Rows": 345008, "Plan Width": 4, "Inner Unique": false, "Join Filter": "(it.id = mi_idx.info_type_id), (LLVM Optimized)", "Plans": [{"Node Type": "Seq Scan", "Parent Relationship": "Outer", "Relation Name": "info_type", "Alias": "it", "Startup Cost": 0.0, "Total Cost": 2.4, "Plan Rows": 1, "Plan Width": 4, "Filter": "((info)::text = 'bottom 10 rank'::text)"}, {"Node Type": "Seq Scan", "Parent Relationship": "Inner", "Relation Name": "movie_info_idx", "Alias": "mi_idx", "Startup Cost": 0.0, "Total Cost": 20274.34, "Plan Rows": 1380034, "Plan Width": 8}]}]}, {"Node Type": "Materialize", "Parent Relationship": "Inner", "Startup Cost": 1813.35, "Total Cost": 127873.61, "Plan Rows": 719240, "Plan Width": 25, "Plans": [{"Node Type": "Streaming(type: LOCAL REDISTRIBUTE dop: 64/64)", "Parent Relationship": "Outer", "Startup Cost": 1813.35, "Total Cost": 127817.42, "Plan Rows": 719240, "Plan Width": 25, "Plans": [{"Node Type": "Seq Scan", "Parent Relationship": "Outer", "Relation Name": "title", "Alias": "t", "Startup Cost": 1813.35, "Total Cost": 64136.1, "Plan Rows": 719240, "Plan Width": 25, "Filter": "((production_year >= 2005) AND (production_year <= 2010)), (LLVM Optimized)"}]}]}]}]}]}]}]}]}]}, "Unique SQL Id": 1162488282, "Planner Runtime": 3}, "explain_analyze_plan": {"Plan": {"Node Type": "Aggregate", "Strategy": "Plain", "Startup Cost": 3307692.57, "Total Cost": 3307692.6, "Plan Rows": 1, "Plan Width": 113, "Actual Min Startup Time": 1952.379, "Actual Max Startup Time": 1952.379, "Actual Min Total Time": 1952.379, "Actual Max Total Time": 1952.379, "Plans": [{"Node Type": "Streaming(type: LOCAL GATHER dop: 1/64)", "Parent Relationship": "Outer", "Startup Cost": 3307692.57, "Total Cost": 3307692.6, "Plan Rows": 1, "Plan Width": 113, "Actual Min Startup Time": 1950.16, "Actual Max Startup Time": 1950.16, "Actual Min Total Time": 1952.342, "Actual Max Total Time": 1952.342, "Plans": [{"Node Type": "Aggregate", "Strategy": "Plain", "Parent Relationship": "Outer", "Startup Cost": 3307692.57, "Total Cost": 3307692.58, "Plan Rows": 1, "Plan Width": 113, "Actual Min Startup Time": 1323.488, "Actual Max Startup Time": 1692.967, "Actual Min Total Time": 1323.488, "Actual Max Total Time": 1692.967, "Plans": [{"Node Type": "Nested Loop", "Parent Relationship": "Outer", "Join Type": "Inner", "Startup Cost": 1813.35, "Total Cost": 3305202.53, "Plan Rows": 332005, "Plan Width": 45, "Actual Min Startup Time": 1077.466, "Actual Max Startup Time": 1692.959, "Actual Min Total Time": 1323.481, "Actual Max Total Time": 1692.959, "Inner Unique": false, "Join Filter": "(mc.movie_id = t.id), (LLVM Optimized, Jit Execute)", "Rows Removed by Join Filter": 8804, "Plans": [{"Node Type": "Streaming(type: LOCAL REDISTRIBUTE dop: 64/1)", "Parent Relationship": "Outer", "Startup Cost": 0.0, "Total Cost": 196956.49, "Plan Rows": 1304518, "Plan Width": 28, "Actual Min Startup Time": 341.84, "Actual Max Startup Time": 362.301, "Actual Min Total Time": 859.403, "Actual Max Total Time": 861.414, "Plans": [{"Node Type": "Nested Loop", "Parent Relationship": "Outer", "Join Type": "Inner", "Startup Cost": 0.0, "Total Cost": 80954.08, "Plan Rows": 1304518, "Plan Width": 28, "Actual Min Startup Time": 936.646, "Actual Max Startup Time": 936.646, "Actual Min Total Time": 1336.534, "Actual Max Total Time": 1336.534, "Inner Unique": false, "Join Filter": "(ct.id = mc.company_type_id), (LLVM Optimized, Jit Execute)", "Rows Removed by Join Filter": 1196183, "Plans": [{"Node Type": "Seq Scan", "Parent Relationship": "Outer", "Relation Name": "company_type", "Alias": "ct", "Startup Cost": 0.0, "Total Cost": 1.04, "Plan Rows": 1, "Plan Width": 4, "Actual Min Startup Time": 0.029, "Actual Max Startup Time": 0.029, "Actual Min Total Time": 0.033, "Actual Max Total Time": 0.033, "Filter": "((kind)::text = 'production companies'::text)", "Rows Removed by Filter": 2, "Actual Rows": 1}, {"Node Type": "Seq Scan", "Parent Relationship": "Inner", "Relation Name": "movie_companies", "Alias": "mc", "Startup Cost": 0.0, "Total Cost": 48340.1, "Plan Rows": 2609035, "Plan Width": 32, "Actual Min Startup Time": 0.064, "Actual Max Startup Time": 0.064, "Actual Min Total Time": 1037.82, "Actual Max Total Time": 1037.82, "Filter": "((note)::text !~~ '%(as Metro-Goldwyn-Mayer Pictures)%'::text), (LLVM Optimized, Jit Execute)", "Rows Removed by Filter": 1272041, "Actual Rows": 1337087}], "Actual Rows": 140904}], "Actual Rows": 140904}, {"Node Type": "Materialize", "Parent Relationship": "Inner", "Startup Cost": 1813.35, "Total Cost": 1214525.61, "Plan Rows": 396404, "Plan Width": 29, "Actual Min Startup Time": 461.775, "Actual Max Startup Time": 831.303, "Actual Min Total Time": 461.775, "Actual Max Total Time": 831.303, "Plans": [{"Node Type": "Streaming(type: LOCAL REDISTRIBUTE dop: 64/64)", "Parent Relationship": "Outer", "Startup Cost": 1813.35, "Total Cost": 1214494.65, "Plan Rows": 396404, "Plan Width": 29, "Actual Min Startup Time": 461.542, "Actual Max Startup Time": 831.002, "Actual Min Total Time": 461.542, "Actual Max Total Time": 831.002, "Plans": [{"Node Type": "Nested Loop", "Parent Relationship": "Outer", "Join Type": "Inner", "Startup Cost": 1813.35, "Total Cost": 1151119.15, "Plan Rows": 396404, "Plan Width": 29, "Actual Min Startup Time": 456.289, "Actual Max Startup Time": 761.575, "Actual Min Total Time": 456.289, "Actual Max Total Time": 761.575, "Inner Unique": true, "Join Filter": "(mi_idx.movie_id = t.id), (LLVM Optimized, Jit Execute)", "Rows Removed by Join Filter": 98095, "Plans": [{"Node Type": "Streaming(type: LOCAL REDISTRIBUTE dop: 64/1)", "Parent Relationship": "Outer", "Startup Cost": 0.0, "Total Cost": 114544.8, "Plan Rows": 345008, "Plan Width": 4, "Actual Min Startup Time": 419.11, "Actual Max Startup Time": 420.614, "Actual Min Total Time": 419.112, "Actual Max Total Time": 420.614, "Plans": [{"Node Type": "Nested Loop", "Parent Relationship": "Outer", "Join Type": "Inner", "Startup Cost": 0.0, "Total Cost": 37527.17, "Plan Rows": 345008, "Plan Width": 4, "Actual Min Startup Time": 603.87, "Actual Max Startup Time": 603.87, "Actual Min Total Time": 603.884, "Actual Max Total Time": 603.884, "Inner Unique": false, "Join Filter": "(it.id = mi_idx.info_type_id), (LLVM Optimized, Jit Execute)", "Rows Removed by Join Filter": 1380024, "Plans": [{"Node Type": "Seq Scan", "Parent Relationship": "Outer", "Relation Name": "info_type", "Alias": "it", "Startup Cost": 0.0, "Total Cost": 2.4, "Plan Rows": 1, "Plan Width": 4, "Actual Min Startup Time": 0.126, "Actual Max Startup Time": 0.126, "Actual Min Total Time": 0.133, "Actual Max Total Time": 0.133, "Filter": "((info)::text = 'bottom 10 rank'::text)", "Rows Removed by Filter": 111, "Actual Rows": 1}, {"Node Type": "Seq Scan", "Parent Relationship": "Inner", "Relation Name": "movie_info_idx", "Alias": "mi_idx", "Startup Cost": 0.0, "Total Cost": 20274.34, "Plan Rows": 1380034, "Plan Width": 8, "Actual Min Startup Time": 0.096, "Actual Max Startup Time": 0.096, "Actual Min Total Time": 315.257, "Actual Max Total Time": 315.257, "Actual Rows": 1380034}], "Actual Rows": 10}], "Actual Rows": 10}, {"Node Type": "Materialize", "Parent Relationship": "Inner", "Startup Cost": 1813.35, "Total Cost": 127873.61, "Plan Rows": 719240, "Plan Width": 25, "Actual Min Startup Time": 35.11, "Actual Max Startup Time": 340.03, "Actual Min Total Time": 35.11, "Actual Max Total Time": 340.03, "Plans": [{"Node Type": "Streaming(type: LOCAL REDISTRIBUTE dop: 64/64)", "Parent Relationship": "Outer", "Startup Cost": 1813.35, "Total Cost": 127817.42, "Plan Rows": 719240, "Plan Width": 25, "Actual Min Startup Time": 0.12, "Actual Max Startup Time": 157.753, "Actual Min Total Time": 32.394, "Actual Max Total Time": 337.261, "Plans": [{"Node Type": "Seq Scan", "Parent Relationship": "Outer", "Relation Name": "title", "Alias": "t", "Startup Cost": 1813.35, "Total Cost": 64136.1, "Plan Rows": 719240, "Plan Width": 25, "Actual Min Startup Time": 0.03, "Actual Max Startup Time": 0.133, "Actual Min Total Time": 15.886, "Actual Max Total Time": 20.094, "Filter": "((production_year >= 2005) AND (production_year <= 2010)), (LLVM Optimized, Jit Execute)", "Rows Removed by Filter": 1812052, "Actual Rows": 716259}], "Actual Rows": 716259}], "Actual Rows": 98163}], "Actual Rows": 4}], "Actual Rows": 4}], "Actual Rows": 8811}], "Actual Rows": 3}], "Actual Rows": 64}], "Actual Rows": 64}], "Actual Rows": 1}, "Triggers": [], "Planner Runtime": 3.453, "Total Runtime": 2011.677, "Unique SQL Id": 1162488282}}, "(64, '63')": {"explain_plan": {"Plan": {"Node Type": "Aggregate", "Strategy": "Plain", "Startup Cost": 5011509592906.65, "Total Cost": 5011509592906.66, "Plan Rows": 1, "Plan Width": 113, "Plans": [{"Node Type": "Nested Loop", "Parent Relationship": "Outer", "Join Type": "Inner", "Startup Cost": 50000000000.0, "Total Cost": 5011509590416.61, "Plan Rows": 332005, "Plan Width": 45, "Inner Unique": false, "Join Filter": "(mc.movie_id = t.id), (LLVM Optimized)", "Plans": [{"Node Type": "Nested Loop", "Parent Relationship": "Outer", "Join Type": "Inner", "Startup Cost": 20000000000.0, "Total Cost": 2000013744593.91, "Plan Rows": 1304518, "Plan Width": 28, "Inner Unique": true, "Join Filter": "(ct.id = mc.company_type_id), (LLVM Optimized)", "Plans": [{"Node Type": "Index Scan", "Parent Relationship": "Outer", "Scan Direction": "Forward", "Index Name": "movie_id_movie_companies", "Relation Name": "movie_companies", "Alias": "mc", "Startup Cost": 10000000000.0, "Total Cost": 1000013704228.13, "Plan Rows": 2609035, "Plan Width": 32, "Filter": "((note)::text !~~ '%(as Metro-Goldwyn-Mayer Pictures)%'::text), (LLVM Optimized)"}, {"Node Type": "Materialize", "Parent Relationship": "Inner", "Startup Cost": 10000000000.0, "Total Cost": 1000000001230.26, "Plan Rows": 1, "Plan Width": 4, "Plans": [{"Node Type": "Index Scan", "Parent Relationship": "Outer", "Scan Direction": "Forward", "Index Name": "company_type_pkey", "Relation Name": "company_type", "Alias": "ct", "Startup Cost": 10000000000.0, "Total Cost": 1000000001230.25, "Plan Rows": 1, "Plan Width": 4, "Filter": "((kind)::text = 'production companies'::text)"}]}]}, {"Node Type": "Materialize", "Parent Relationship": "Inner", "Startup Cost": 30000000000.0, "Total Cost": 3003739104514.63, "Plan Rows": 396404, "Plan Width": 29, "Plans": [{"Node Type": "Nested Loop", "Parent Relationship": "Outer", "Join Type": "Inner", "Startup Cost": 30000000000.0, "Total Cost": 3003739102532.61, "Plan Rows": 396404, "Plan Width": 29, "Inner Unique": false, "Join Filter": "(mi_idx.movie_id = t.id), (LLVM Optimized)", "Plans": [{"Node Type": "Index Scan", "Parent Relationship": "Outer", "Scan Direction": "Forward", "Index Name": "title_pkey", "Relation Name": "title", "Alias": "t", "Startup Cost": 10000000000.0, "Total Cost": 1000012276204.41, "Plan Rows": 719240, "Plan Width": 25, "Filter": "((production_year >= 2005) AND (production_year <= 2010)), (LLVM Optimized)"}, {"Node Type": "Materialize", "Parent Relationship": "Inner", "Startup Cost": 20000000000.0, "Total Cost": 2000004673881.92, "Plan Rows": 345008, "Plan Width": 4, "Plans": [{"Node Type": "Nested Loop", "Parent Relationship": "Outer", "Join Type": "Inner", "Startup Cost": 20000000000.0, "Total Cost": 2000004672156.88, "Plan Rows": 345008, "Plan Width": 4, "Inner Unique": true, "Join Filter": "(it.id = mi_idx.info_type_id), (LLVM Optimized)", "Plans": [{"Node Type": "Index Scan", "Parent Relationship": "Outer", "Scan Direction": "Forward", "Index Name": "movie_id_movie_info_idx", "Relation Name": "movie_info_idx", "Alias": "mi_idx", "Startup Cost": 10000000000.0, "Total Cost": 1000004650035.37, "Plan Rows": 1380034, "Plan Width": 8}, {"Node Type": "Materialize", "Parent Relationship": "Inner", "Startup Cost": 10000000000.0, "Total Cost": 1000000001421.0, "Plan Rows": 1, "Plan Width": 4, "Plans": [{"Node Type": "Index Scan", "Parent Relationship": "Outer", "Scan Direction": "Forward", "Index Name": "info_type_pkey", "Relation Name": "info_type", "Alias": "it", "Startup Cost": 10000000000.0, "Total Cost": 1000000001421.0, "Plan Rows": 1, "Plan Width": 4, "Filter": "((info)::text = 'bottom 10 rank'::text)"}]}]}]}]}]}]}]}, "Unique SQL Id": 1162488282, "Planner Runtime": 2}, "explain_analyze_plan": null}, "(64, '64')": {"explain_plan": {"Plan": {"Node Type": "Aggregate", "Strategy": "Plain", "Startup Cost": 195394.68, "Total Cost": 195394.69, "Plan Rows": 1, "Plan Width": 113, "Plans": [{"Node Type": "Hash Join", "Parent Relationship": "Outer", "Join Type": "Inner", "Startup Cost": 119919.5, "Total Cost": 192038.65, "Plan Rows": 447470, "Plan Width": 45, "Inner Unique": true, "Hash Cond": "(mc.company_type_id = ct.id), (LLVM Optimized)", "Plans": [{"Node Type": "Hash Join", "Parent Relationship": "Outer", "Join Type": "Inner", "Startup Cost": 119918.45, "Total Cost": 187568.09, "Plan Rows": 549199, "Plan Width": 49, "Inner Unique": false, "Hash Cond": "(mc.movie_id = t.id), (LLVM Optimized)", "Plans": [{"Node Type": "Seq Scan", "Parent Relationship": "Outer", "Relation Name": "movie_companies", "Alias": "mc", "Startup Cost": 0.0, "Total Cost": 48340.1, "Plan Rows": 2609035, "Plan Width": 32, "Filter": "((note)::text !~~ '%(as Metro-Goldwyn-Mayer Pictures)%'::text), (LLVM Optimized)"}, {"Node Type": "Hash", "Parent Relationship": "Inner", "Startup Cost": 114963.4, "Total Cost": 114963.4, "Plan Rows": 396404, "Plan Width": 29, "Plans": [{"Node Type": "Hash Join", "Parent Relationship": "Outer", "Join Type": "Inner", "Startup Cost": 95466.5, "Total Cost": 114963.4, "Plan Rows": 396404, "Plan Width": 29, "Inner Unique": true, "Hash Cond": "(mi_idx.movie_id = t.id), (LLVM Optimized)", "Plans": [{"Node Type": "Nested Loop", "Parent Relationship": "Outer", "Join Type": "Inner", "Startup Cost": 7502.06, "Total Cost": 21741.14, "Plan Rows": 345008, "Plan Width": 4, "Inner Unique": false, "Plans": [{"Node Type": "Seq Scan", "Parent Relationship": "Outer", "Relation Name": "info_type", "Alias": "it", "Startup Cost": 0.0, "Total Cost": 2.4, "Plan Rows": 1, "Plan Width": 4, "Filter": "((info)::text = 'bottom 10 rank'::text)"}, {"Node Type": "Bitmap Heap Scan", "Parent Relationship": "Inner", "Relation Name": "movie_info_idx", "Alias": "mi_idx", "Startup Cost": 7502.06, "Total Cost": 18288.66, "Plan Rows": 345008, "Plan Width": 8, "Recheck Cond": "(info_type_id = it.id), (LLVM Optimized)", "Plans": [{"Node Type": "Bitmap Index Scan", "Parent Relationship": "Outer", "Index Name": "info_type_id_movie_info_idx", "Startup Cost": 0.0, "Total Cost": 7415.81, "Plan Rows": 345008, "Plan Width": 0, "Index Cond": "(info_type_id = it.id)"}]}]}, {"Node Type": "Hash", "Parent Relationship": "Inner", "Startup Cost": 78973.94, "Total Cost": 78973.94, "Plan Rows": 719240, "Plan Width": 25, "Plans": [{"Node Type": "Streaming(type: LOCAL GATHER dop: 1/64)", "Parent Relationship": "Outer", "Startup Cost": 1813.35, "Total Cost": 78973.94, "Plan Rows": 719240, "Plan Width": 25, "Plans": [{"Node Type": "Seq Scan", "Parent Relationship": "Outer", "Relation Name": "title", "Alias": "t", "Startup Cost": 1813.35, "Total Cost": 64136.1, "Plan Rows": 719240, "Plan Width": 25, "Filter": "((production_year >= 2005) AND (production_year <= 2010)), (LLVM Optimized)"}]}]}]}]}]}, {"Node Type": "Hash", "Parent Relationship": "Inner", "Startup Cost": 1.04, "Total Cost": 1.04, "Plan Rows": 1, "Plan Width": 4, "Plans": [{"Node Type": "Seq Scan", "Parent Relationship": "Outer", "Relation Name": "company_type", "Alias": "ct", "Startup Cost": 0.0, "Total Cost": 1.04, "Plan Rows": 1, "Plan Width": 4, "Filter": "((kind)::text = 'production companies'::text)"}]}]}]}, "Unique SQL Id": 1162488282, "Planner Runtime": 14}, "explain_analyze_plan": {"Plan": {"Node Type": "Aggregate", "Strategy": "Plain", "Startup Cost": 195394.68, "Total Cost": 195394.69, "Plan Rows": 1, "Plan Width": 113, "Actual Min Startup Time": 1712.317, "Actual Max Startup Time": 1712.317, "Actual Min Total Time": 1712.318, "Actual Max Total Time": 1712.318, "Plans": [{"Node Type": "Hash Join", "Parent Relationship": "Outer", "Join Type": "Inner", "Startup Cost": 119919.5, "Total Cost": 192038.65, "Plan Rows": 447470, "Plan Width": 45, "Actual Min Startup Time": 1537.422, "Actual Max Startup Time": 1537.422, "Actual Min Total Time": 1712.281, "Actual Max Total Time": 1712.281, "Inner Unique": true, "Hash Cond": "(mc.company_type_id = ct.id), (LLVM Optimized, Jit Execute)", "Plans": [{"Node Type": "Hash Join", "Parent Relationship": "Outer", "Join Type": "Inner", "Startup Cost": 119918.45, "Total Cost": 187568.09, "Plan Rows": 549199, "Plan Width": 49, "Actual Min Startup Time": 868.88, "Actual Max Startup Time": 868.88, "Actual Min Total Time": 1712.01, "Actual Max Total Time": 1712.01, "Inner Unique": false, "Hash Cond": "(mc.movie_id = t.id), (LLVM Optimized, Jit Execute)", "Plans": [{"Node Type": "Seq Scan", "Parent Relationship": "Outer", "Relation Name": "movie_companies", "Alias": "mc", "Startup Cost": 0.0, "Total Cost": 48340.1, "Plan Rows": 2609035, "Plan Width": 32, "Actual Min Startup Time": 0.044, "Actual Max Startup Time": 0.044, "Actual Min Total Time": 910.434, "Actual Max Total Time": 910.434, "Filter": "((note)::text !~~ '%(as Metro-Goldwyn-Mayer Pictures)%'::text), (LLVM Optimized, Jit Execute)", "Rows Removed by Filter": 1272041, "Actual Rows": 1337087}, {"Node Type": "Hash", "Parent Relationship": "Inner", "Startup Cost": 114963.4, "Total Cost": 114963.4, "Plan Rows": 396404, "Plan Width": 29, "Actual Min Startup Time": 538.726, "Actual Max Startup Time": 538.726, "Actual Min Total Time": 538.726, "Actual Max Total Time": 538.726, "Max Hash Buckets": 524288, "Min Hash Buckets": 524288, "Max Hash Batches": 1, "Min Hash Batches": 1, "Max Original Hash Batches": 1, "Min Original Hash Batches": 1, "Max Peak Memory Usage": 1, "min Peak Memory Usage": 1, "Plans": [{"Node Type": "Hash Join", "Parent Relationship": "Outer", "Join Type": "Inner", "Startup Cost": 95466.5, "Total Cost": 114963.4, "Plan Rows": 396404, "Plan Width": 29, "Actual Min Startup Time": 538.701, "Actual Max Startup Time": 538.701, "Actual Min Total Time": 538.713, "Actual Max Total Time": 538.713, "Inner Unique": true, "Hash Cond": "(mi_idx.movie_id = t.id), (LLVM Optimized, Jit Execute)", "Plans": [{"Node Type": "Nested Loop", "Parent Relationship": "Outer", "Join Type": "Inner", "Startup Cost": 7502.06, "Total Cost": 21741.14, "Plan Rows": 345008, "Plan Width": 4, "Actual Min Startup Time": 0.142, "Actual Max Startup Time": 0.142, "Actual Min Total Time": 0.151, "Actual Max Total Time": 0.151, "Inner Unique": false, "Plans": [{"Node Type": "Seq Scan", "Parent Relationship": "Outer", "Relation Name": "info_type", "Alias": "it", "Startup Cost": 0.0, "Total Cost": 2.4, "Plan Rows": 1, "Plan Width": 4, "Actual Min Startup Time": 0.071, "Actual Max Startup Time": 0.071, "Actual Min Total Time": 0.074, "Actual Max Total Time": 0.074, "Filter": "((info)::text = 'bottom 10 rank'::text)", "Rows Removed by Filter": 111, "Actual Rows": 1}, {"Node Type": "Bitmap Heap Scan", "Parent Relationship": "Inner", "Relation Name": "movie_info_idx", "Alias": "mi_idx", "Startup Cost": 7502.06, "Total Cost": 18288.66, "Plan Rows": 345008, "Plan Width": 8, "Actual Min Startup Time": 0.052, "Actual Max Startup Time": 0.052, "Actual Min Total Time": 0.055, "Actual Max Total Time": 0.055, "Recheck Cond": "(info_type_id = it.id), (LLVM Optimized, Jit Execute)", "Rows Removed by Index Recheck": 0, "Exact Heap Blocks": 1, "Lossy Heap Blocks": 1, "Plans": [{"Node Type": "Bitmap Index Scan", "Parent Relationship": "Outer", "Index Name": "info_type_id_movie_info_idx", "Startup Cost": 0.0, "Total Cost": 7415.81, "Plan Rows": 345008, "Plan Width": 0, "Actual Min Startup Time": 0.033, "Actual Max Startup Time": 0.033, "Actual Min Total Time": 0.033, "Actual Max Total Time": 0.033, "Index Cond": "(info_type_id = it.id)", "Actual Rows": 10}], "Actual Rows": 10}], "Actual Rows": 10}, {"Node Type": "Hash", "Parent Relationship": "Inner", "Startup Cost": 78973.94, "Total Cost": 78973.94, "Plan Rows": 719240, "Plan Width": 25, "Actual Min Startup Time": 537.811, "Actual Max Startup Time": 537.811, "Actual Min Total Time": 537.811, "Actual Max Total Time": 537.811, "Max Hash Buckets": 1048576, "Min Hash Buckets": 1048576, "Max Hash Batches": 1, "Min Hash Batches": 1, "Max Original Hash Batches": 1, "Min Original Hash Batches": 1, "Max Peak Memory Usage": 41052, "min Peak Memory Usage": 41052, "Plans": [{"Node Type": "Streaming(type: LOCAL GATHER dop: 1/64)", "Parent Relationship": "Outer", "Startup Cost": 1813.35, "Total Cost": 78973.94, "Plan Rows": 719240, "Plan Width": 25, "Actual Min Startup Time": 105.933, "Actual Max Startup Time": 105.933, "Actual Min Total Time": 332.282, "Actual Max Total Time": 332.282, "Plans": [{"Node Type": "Seq Scan", "Parent Relationship": "Outer", "Relation Name": "title", "Alias": "t", "Startup Cost": 1813.35, "Total Cost": 64136.1, "Plan Rows": 719240, "Plan Width": 25, "Actual Min Startup Time": 0.028, "Actual Max Startup Time": 0.049, "Actual Min Total Time": 15.397, "Actual Max Total Time": 19.822, "Filter": "((production_year >= 2005) AND (production_year <= 2010)), (LLVM Optimized, Jit Execute)", "Rows Removed by Filter": 1812052, "Actual Rows": 716259}], "Actual Rows": 716259}], "Actual Rows": 716259}], "Actual Rows": 4}], "Actual Rows": 4}], "Actual Rows": 66}, {"Node Type": "Hash", "Parent Relationship": "Inner", "Startup Cost": 1.04, "Total Cost": 1.04, "Plan Rows": 1, "Plan Width": 4, "Actual Min Startup Time": 0.08, "Actual Max Startup Time": 0.08, "Actual Min Total Time": 0.08, "Actual Max Total Time": 0.08, "Max Hash Buckets": 32768, "Min Hash Buckets": 32768, "Max Hash Batches": 1, "Min Hash Batches": 1, "Max Original Hash Batches": 1, "Min Original Hash Batches": 1, "Max Peak Memory Usage": 1, "min Peak Memory Usage": 1, "Plans": [{"Node Type": "Seq Scan", "Parent Relationship": "Outer", "Relation Name": "company_type", "Alias": "ct", "Startup Cost": 0.0, "Total Cost": 1.04, "Plan Rows": 1, "Plan Width": 4, "Actual Min Startup Time": 0.055, "Actual Max Startup Time": 0.055, "Actual Min Total Time": 0.059, "Actual Max Total Time": 0.059, "Filter": "((kind)::text = 'production companies'::text)", "Rows Removed by Filter": 2, "Actual Rows": 1}], "Actual Rows": 1}], "Actual Rows": 3}], "Actual Rows": 1}, "Triggers": [], "Planner Runtime": 12.679, "Total Runtime": 1735.32, "Unique SQL Id": 1162488282}}, "(64, '65')": {"explain_plan": {"Plan": {"Node Type": "Aggregate", "Strategy": "Plain", "Startup Cost": 247822.0, "Total Cost": 247822.01, "Plan Rows": 1, "Plan Width": 113, "Plans": [{"Node Type": "Hash Join", "Parent Relationship": "Outer", "Join Type": "Inner", "Startup Cost": 163718.37, "Total Cost": 244465.97, "Plan Rows": 447470, "Plan Width": 45, "Inner Unique": false, "Hash Cond": "(mc.movie_id = t.id), (LLVM Optimized)", "Plans": [{"Node Type": "Nested Loop", "Parent Relationship": "Outer", "Join Type": "Inner", "Startup Cost": 0.0, "Total Cost": 69436.41, "Plan Rows": 1304518, "Plan Width": 28, "Inner Unique": false, "Plans": [{"Node Type": "Index Scan", "Parent Relationship": "Outer", "Scan Direction": "Forward", "Index Name": "company_type_pkey", "Relation Name": "company_type", "Alias": "ct", "Startup Cost": 0.0, "Total Cost": 12.3, "Plan Rows": 1, "Plan Width": 4, "Filter": "((kind)::text = 'production companies'::text)"}, {"Node Type": "Index Scan", "Parent Relationship": "Inner", "Scan Direction": "Forward", "Index Name": "company_type_id_movie_companies", "Relation Name": "movie_companies", "Alias": "mc", "Startup Cost": 0.0, "Total Cost": 56378.94, "Plan Rows": 1304517, "Plan Width": 32, "Index Cond": "(company_type_id = ct.id), (LLVM Optimized)", "Filter": "((note)::text !~~ '%(as Metro-Goldwyn-Mayer Pictures)%'::text), (LLVM Optimized)"}]}, {"Node Type": "Hash", "Parent Relationship": "Inner", "Startup Cost": 158763.32, "Total Cost": 158763.32, "Plan Rows": 396404, "Plan Width": 29, "Plans": [{"Node Type": "Hash Join", "Parent Relationship": "Outer", "Join Type": "Inner", "Startup Cost": 139254.61, "Total Cost": 158763.32, "Plan Rows": 396404, "Plan Width": 29, "Inner Unique": true, "Hash Cond": "(mi_idx.movie_id = t.id), (LLVM Optimized)", "Plans": [{"Node Type": "Nested Loop", "Parent Relationship": "Outer", "Join Type": "Inner", "Startup Cost": 7502.06, "Total Cost": 21752.95, "Plan Rows": 345008, "Plan Width": 4, "Inner Unique": false, "Plans": [{"Node Type": "Index Scan", "Parent Relationship": "Outer", "Scan Direction": "Forward", "Index Name": "info_type_pkey", "Relation Name": "info_type", "Alias": "it", "Startup Cost": 0.0, "Total Cost": 14.21, "Plan Rows": 1, "Plan Width": 4, "Filter": "((info)::text = 'bottom 10 rank'::text)"}, {"Node Type": "Bitmap Heap Scan", "Parent Relationship": "Inner", "Relation Name": "movie_info_idx", "Alias": "mi_idx", "Startup Cost": 7502.06, "Total Cost": 18288.66, "Plan Rows": 345008, "Plan Width": 8, "Recheck Cond": "(info_type_id = it.id), (LLVM Optimized)", "Plans": [{"Node Type": "Bitmap Index Scan", "Parent Relationship": "Outer", "Index Name": "info_type_id_movie_info_idx", "Startup Cost": 0.0, "Total Cost": 7415.81, "Plan Rows": 345008, "Plan Width": 0, "Index Cond": "(info_type_id = it.id)"}]}]}, {"Node Type": "Hash", "Parent Relationship": "Inner", "Startup Cost": 122762.04, "Total Cost": 122762.04, "Plan Rows": 719240, "Plan Width": 25, "Plans": [{"Node Type": "Index Scan", "Parent Relationship": "Outer", "Scan Direction": "Forward", "Index Name": "title_pkey", "Relation Name": "title", "Alias": "t", "Startup Cost": 0.0, "Total Cost": 122762.04, "Plan Rows": 719240, "Plan Width": 25, "Filter": "((production_year >= 2005) AND (production_year <= 2010)), (LLVM Optimized)"}]}]}]}]}]}, "Unique SQL Id": 1162488282, "Planner Runtime": 11}, "explain_analyze_plan": null}, "(64, '66')": {"explain_plan": {"Plan": {"Node Type": "Aggregate", "Strategy": "Plain", "Startup Cost": 195394.68, "Total Cost": 195394.69, "Plan Rows": 1, "Plan Width": 113, "Plans": [{"Node Type": "Hash Join", "Parent Relationship": "Outer", "Join Type": "Inner", "Startup Cost": 119919.5, "Total Cost": 192038.65, "Plan Rows": 447470, "Plan Width": 45, "Inner Unique": true, "Hash Cond": "(mc.company_type_id = ct.id), (LLVM Optimized)", "Plans": [{"Node Type": "Hash Join", "Parent Relationship": "Outer", "Join Type": "Inner", "Startup Cost": 119918.45, "Total Cost": 187568.09, "Plan Rows": 549199, "Plan Width": 49, "Inner Unique": false, "Hash Cond": "(mc.movie_id = t.id), (LLVM Optimized)", "Plans": [{"Node Type": "Seq Scan", "Parent Relationship": "Outer", "Relation Name": "movie_companies", "Alias": "mc", "Startup Cost": 0.0, "Total Cost": 48340.1, "Plan Rows": 2609035, "Plan Width": 32, "Filter": "((note)::text !~~ '%(as Metro-Goldwyn-Mayer Pictures)%'::text), (LLVM Optimized)"}, {"Node Type": "Hash", "Parent Relationship": "Inner", "Startup Cost": 114963.4, "Total Cost": 114963.4, "Plan Rows": 396404, "Plan Width": 29, "Plans": [{"Node Type": "Hash Join", "Parent Relationship": "Outer", "Join Type": "Inner", "Startup Cost": 95466.5, "Total Cost": 114963.4, "Plan Rows": 396404, "Plan Width": 29, "Inner Unique": true, "Hash Cond": "(mi_idx.movie_id = t.id), (LLVM Optimized)", "Plans": [{"Node Type": "Nested Loop", "Parent Relationship": "Outer", "Join Type": "Inner", "Startup Cost": 7502.06, "Total Cost": 21741.14, "Plan Rows": 345008, "Plan Width": 4, "Inner Unique": false, "Plans": [{"Node Type": "Seq Scan", "Parent Relationship": "Outer", "Relation Name": "info_type", "Alias": "it", "Startup Cost": 0.0, "Total Cost": 2.4, "Plan Rows": 1, "Plan Width": 4, "Filter": "((info)::text = 'bottom 10 rank'::text)"}, {"Node Type": "Bitmap Heap Scan", "Parent Relationship": "Inner", "Relation Name": "movie_info_idx", "Alias": "mi_idx", "Startup Cost": 7502.06, "Total Cost": 18288.66, "Plan Rows": 345008, "Plan Width": 8, "Recheck Cond": "(info_type_id = it.id), (LLVM Optimized)", "Plans": [{"Node Type": "Bitmap Index Scan", "Parent Relationship": "Outer", "Index Name": "info_type_id_movie_info_idx", "Startup Cost": 0.0, "Total Cost": 7415.81, "Plan Rows": 345008, "Plan Width": 0, "Index Cond": "(info_type_id = it.id)"}]}]}, {"Node Type": "Hash", "Parent Relationship": "Inner", "Startup Cost": 78973.94, "Total Cost": 78973.94, "Plan Rows": 719240, "Plan Width": 25, "Plans": [{"Node Type": "Streaming(type: LOCAL GATHER dop: 1/64)", "Parent Relationship": "Outer", "Startup Cost": 1813.35, "Total Cost": 78973.94, "Plan Rows": 719240, "Plan Width": 25, "Plans": [{"Node Type": "Seq Scan", "Parent Relationship": "Outer", "Relation Name": "title", "Alias": "t", "Startup Cost": 1813.35, "Total Cost": 64136.1, "Plan Rows": 719240, "Plan Width": 25, "Filter": "((production_year >= 2005) AND (production_year <= 2010)), (LLVM Optimized)"}]}]}]}]}]}, {"Node Type": "Hash", "Parent Relationship": "Inner", "Startup Cost": 1.04, "Total Cost": 1.04, "Plan Rows": 1, "Plan Width": 4, "Plans": [{"Node Type": "Seq Scan", "Parent Relationship": "Outer", "Relation Name": "company_type", "Alias": "ct", "Startup Cost": 0.0, "Total Cost": 1.04, "Plan Rows": 1, "Plan Width": 4, "Filter": "((kind)::text = 'production companies'::text)"}]}]}]}, "Unique SQL Id": 1162488282, "Planner Runtime": 11}, "explain_analyze_plan": {"Plan": {"Node Type": "Aggregate", "Strategy": "Plain", "Startup Cost": 195394.68, "Total Cost": 195394.69, "Plan Rows": 1, "Plan Width": 113, "Actual Min Startup Time": 1712.317, "Actual Max Startup Time": 1712.317, "Actual Min Total Time": 1712.318, "Actual Max Total Time": 1712.318, "Plans": [{"Node Type": "Hash Join", "Parent Relationship": "Outer", "Join Type": "Inner", "Startup Cost": 119919.5, "Total Cost": 192038.65, "Plan Rows": 447470, "Plan Width": 45, "Actual Min Startup Time": 1537.422, "Actual Max Startup Time": 1537.422, "Actual Min Total Time": 1712.281, "Actual Max Total Time": 1712.281, "Inner Unique": true, "Hash Cond": "(mc.company_type_id = ct.id), (LLVM Optimized, Jit Execute)", "Plans": [{"Node Type": "Hash Join", "Parent Relationship": "Outer", "Join Type": "Inner", "Startup Cost": 119918.45, "Total Cost": 187568.09, "Plan Rows": 549199, "Plan Width": 49, "Actual Min Startup Time": 868.88, "Actual Max Startup Time": 868.88, "Actual Min Total Time": 1712.01, "Actual Max Total Time": 1712.01, "Inner Unique": false, "Hash Cond": "(mc.movie_id = t.id), (LLVM Optimized, Jit Execute)", "Plans": [{"Node Type": "Seq Scan", "Parent Relationship": "Outer", "Relation Name": "movie_companies", "Alias": "mc", "Startup Cost": 0.0, "Total Cost": 48340.1, "Plan Rows": 2609035, "Plan Width": 32, "Actual Min Startup Time": 0.044, "Actual Max Startup Time": 0.044, "Actual Min Total Time": 910.434, "Actual Max Total Time": 910.434, "Filter": "((note)::text !~~ '%(as Metro-Goldwyn-Mayer Pictures)%'::text), (LLVM Optimized, Jit Execute)", "Rows Removed by Filter": 1272041, "Actual Rows": 1337087}, {"Node Type": "Hash", "Parent Relationship": "Inner", "Startup Cost": 114963.4, "Total Cost": 114963.4, "Plan Rows": 396404, "Plan Width": 29, "Actual Min Startup Time": 538.726, "Actual Max Startup Time": 538.726, "Actual Min Total Time": 538.726, "Actual Max Total Time": 538.726, "Max Hash Buckets": 524288, "Min Hash Buckets": 524288, "Max Hash Batches": 1, "Min Hash Batches": 1, "Max Original Hash Batches": 1, "Min Original Hash Batches": 1, "Max Peak Memory Usage": 1, "min Peak Memory Usage": 1, "Plans": [{"Node Type": "Hash Join", "Parent Relationship": "Outer", "Join Type": "Inner", "Startup Cost": 95466.5, "Total Cost": 114963.4, "Plan Rows": 396404, "Plan Width": 29, "Actual Min Startup Time": 538.701, "Actual Max Startup Time": 538.701, "Actual Min Total Time": 538.713, "Actual Max Total Time": 538.713, "Inner Unique": true, "Hash Cond": "(mi_idx.movie_id = t.id), (LLVM Optimized, Jit Execute)", "Plans": [{"Node Type": "Nested Loop", "Parent Relationship": "Outer", "Join Type": "Inner", "Startup Cost": 7502.06, "Total Cost": 21741.14, "Plan Rows": 345008, "Plan Width": 4, "Actual Min Startup Time": 0.142, "Actual Max Startup Time": 0.142, "Actual Min Total Time": 0.151, "Actual Max Total Time": 0.151, "Inner Unique": false, "Plans": [{"Node Type": "Seq Scan", "Parent Relationship": "Outer", "Relation Name": "info_type", "Alias": "it", "Startup Cost": 0.0, "Total Cost": 2.4, "Plan Rows": 1, "Plan Width": 4, "Actual Min Startup Time": 0.071, "Actual Max Startup Time": 0.071, "Actual Min Total Time": 0.074, "Actual Max Total Time": 0.074, "Filter": "((info)::text = 'bottom 10 rank'::text)", "Rows Removed by Filter": 111, "Actual Rows": 1}, {"Node Type": "Bitmap Heap Scan", "Parent Relationship": "Inner", "Relation Name": "movie_info_idx", "Alias": "mi_idx", "Startup Cost": 7502.06, "Total Cost": 18288.66, "Plan Rows": 345008, "Plan Width": 8, "Actual Min Startup Time": 0.052, "Actual Max Startup Time": 0.052, "Actual Min Total Time": 0.055, "Actual Max Total Time": 0.055, "Recheck Cond": "(info_type_id = it.id), (LLVM Optimized, Jit Execute)", "Rows Removed by Index Recheck": 0, "Exact Heap Blocks": 1, "Lossy Heap Blocks": 1, "Plans": [{"Node Type": "Bitmap Index Scan", "Parent Relationship": "Outer", "Index Name": "info_type_id_movie_info_idx", "Startup Cost": 0.0, "Total Cost": 7415.81, "Plan Rows": 345008, "Plan Width": 0, "Actual Min Startup Time": 0.033, "Actual Max Startup Time": 0.033, "Actual Min Total Time": 0.033, "Actual Max Total Time": 0.033, "Index Cond": "(info_type_id = it.id)", "Actual Rows": 10}], "Actual Rows": 10}], "Actual Rows": 10}, {"Node Type": "Hash", "Parent Relationship": "Inner", "Startup Cost": 78973.94, "Total Cost": 78973.94, "Plan Rows": 719240, "Plan Width": 25, "Actual Min Startup Time": 537.811, "Actual Max Startup Time": 537.811, "Actual Min Total Time": 537.811, "Actual Max Total Time": 537.811, "Max Hash Buckets": 1048576, "Min Hash Buckets": 1048576, "Max Hash Batches": 1, "Min Hash Batches": 1, "Max Original Hash Batches": 1, "Min Original Hash Batches": 1, "Max Peak Memory Usage": 41052, "min Peak Memory Usage": 41052, "Plans": [{"Node Type": "Streaming(type: LOCAL GATHER dop: 1/64)", "Parent Relationship": "Outer", "Startup Cost": 1813.35, "Total Cost": 78973.94, "Plan Rows": 719240, "Plan Width": 25, "Actual Min Startup Time": 105.933, "Actual Max Startup Time": 105.933, "Actual Min Total Time": 332.282, "Actual Max Total Time": 332.282, "Plans": [{"Node Type": "Seq Scan", "Parent Relationship": "Outer", "Relation Name": "title", "Alias": "t", "Startup Cost": 1813.35, "Total Cost": 64136.1, "Plan Rows": 719240, "Plan Width": 25, "Actual Min Startup Time": 0.028, "Actual Max Startup Time": 0.049, "Actual Min Total Time": 15.397, "Actual Max Total Time": 19.822, "Filter": "((production_year >= 2005) AND (production_year <= 2010)), (LLVM Optimized, Jit Execute)", "Rows Removed by Filter": 1812052, "Actual Rows": 716259}], "Actual Rows": 716259}], "Actual Rows": 716259}], "Actual Rows": 4}], "Actual Rows": 4}], "Actual Rows": 66}, {"Node Type": "Hash", "Parent Relationship": "Inner", "Startup Cost": 1.04, "Total Cost": 1.04, "Plan Rows": 1, "Plan Width": 4, "Actual Min Startup Time": 0.08, "Actual Max Startup Time": 0.08, "Actual Min Total Time": 0.08, "Actual Max Total Time": 0.08, "Max Hash Buckets": 32768, "Min Hash Buckets": 32768, "Max Hash Batches": 1, "Min Hash Batches": 1, "Max Original Hash Batches": 1, "Min Original Hash Batches": 1, "Max Peak Memory Usage": 1, "min Peak Memory Usage": 1, "Plans": [{"Node Type": "Seq Scan", "Parent Relationship": "Outer", "Relation Name": "company_type", "Alias": "ct", "Startup Cost": 0.0, "Total Cost": 1.04, "Plan Rows": 1, "Plan Width": 4, "Actual Min Startup Time": 0.055, "Actual Max Startup Time": 0.055, "Actual Min Total Time": 0.059, "Actual Max Total Time": 0.059, "Filter": "((kind)::text = 'production companies'::text)", "Rows Removed by Filter": 2, "Actual Rows": 1}], "Actual Rows": 1}], "Actual Rows": 3}], "Actual Rows": 1}, "Triggers": [], "Planner Runtime": 12.679, "Total Runtime": 1735.32, "Unique SQL Id": 1162488282}}, "(64, '67')": {"explain_plan": {"Plan": {"Node Type": "Aggregate", "Strategy": "Plain", "Startup Cost": 255790.36, "Total Cost": 255790.37, "Plan Rows": 1, "Plan Width": 113, "Plans": [{"Node Type": "Hash Join", "Parent Relationship": "Outer", "Join Type": "Inner", "Startup Cost": 192779.48, "Total Cost": 252434.34, "Plan Rows": 447470, "Plan Width": 45, "Inner Unique": false, "Hash Cond": "(mc.movie_id = t.id), (LLVM Optimized)", "Plans": [{"Node Type": "Nested Loop", "Parent Relationship": "Outer", "Join Type": "Inner", "Startup Cost": 29278.87, "Total Cost": 77622.54, "Plan Rows": 1304518, "Plan Width": 28, "Inner Unique": false, "Plans": [{"Node Type": "Bitmap Heap Scan", "Parent Relationship": "Outer", "Relation Name": "company_type", "Alias": "ct", "Startup Cost": 8.27, "Total Cost": 12.3, "Plan Rows": 1, "Plan Width": 4, "Filter": "((kind)::text = 'production companies'::text)", "Plans": [{"Node Type": "Bitmap Index Scan", "Parent Relationship": "Outer", "Index Name": "company_type_pkey", "Startup Cost": 0.0, "Total Cost": 8.27, "Plan Rows": 3, "Plan Width": 0}]}, {"Node Type": "Bitmap Heap Scan", "Parent Relationship": "Inner", "Relation Name": "movie_companies", "Alias": "mc", "Startup Cost": 29270.61, "Total Cost": 64565.07, "Plan Rows": 1304517, "Plan Width": 32, "Recheck Cond": "(company_type_id = ct.id), (LLVM Optimized)", "Filter": "((note)::text !~~ '%(as Metro-Goldwyn-Mayer Pictures)%'::text), (LLVM Optimized)", "Plans": [{"Node Type": "Bitmap Index Scan", "Parent Relationship": "Outer", "Index Name": "company_type_id_movie_companies", "Startup Cost": 0.0, "Total Cost": 28944.48, "Plan Rows": 1304564, "Plan Width": 0, "Index Cond": "(company_type_id = ct.id)"}]}]}, {"Node Type": "Hash", "Parent Relationship": "Inner", "Startup Cost": 158545.55, "Total Cost": 158545.55, "Plan Rows": 396404, "Plan Width": 29, "Plans": [{"Node Type": "Hash Join", "Parent Relationship": "Outer", "Join Type": "Inner", "Startup Cost": 139045.65, "Total Cost": 158545.55, "Plan Rows": 396404, "Plan Width": 29, "Inner Unique": true, "Hash Cond": "(mi_idx.movie_id = t.id), (LLVM Optimized)", "Plans": [{"Node Type": "Nested Loop", "Parent Relationship": "Outer", "Join Type": "Inner", "Startup Cost": 7510.87, "Total Cost": 21752.95, "Plan Rows": 345008, "Plan Width": 4, "Inner Unique": false, "Plans": [{"Node Type": "Bitmap Heap Scan", "Parent Relationship": "Outer", "Relation Name": "info_type", "Alias": "it", "Startup Cost": 8.81, "Total Cost": 14.21, "Plan Rows": 1, "Plan Width": 4, "Filter": "((info)::text = 'bottom 10 rank'::text)", "Plans": [{"Node Type": "Bitmap Index Scan", "Parent Relationship": "Outer", "Index Name": "info_type_pkey", "Startup Cost": 0.0, "Total Cost": 8.81, "Plan Rows": 112, "Plan Width": 0}]}, {"Node Type": "Bitmap Heap Scan", "Parent Relationship": "Inner", "Relation Name": "movie_info_idx", "Alias": "mi_idx", "Startup Cost": 7502.06, "Total Cost": 18288.66, "Plan Rows": 345008, "Plan Width": 8, "Recheck Cond": "(info_type_id = it.id), (LLVM Optimized)", "Plans": [{"Node Type": "Bitmap Index Scan", "Parent Relationship": "Outer", "Index Name": "info_type_id_movie_info_idx", "Startup Cost": 0.0, "Total Cost": 7415.81, "Plan Rows": 345008, "Plan Width": 0, "Index Cond": "(info_type_id = it.id)"}]}]}, {"Node Type": "Hash", "Parent Relationship": "Inner", "Startup Cost": 122544.28, "Total Cost": 122544.28, "Plan Rows": 719240, "Plan Width": 25, "Plans": [{"Node Type": "Bitmap Heap Scan", "Parent Relationship": "Outer", "Relation Name": "title", "Alias": "t", "Startup Cost": 49833.61, "Total Cost": 122544.28, "Plan Rows": 719240, "Plan Width": 25, "Filter": "((production_year >= 2005) AND (production_year <= 2010)), (LLVM Optimized)", "Plans": [{"Node Type": "Bitmap Index Scan", "Parent Relationship": "Outer", "Index Name": "title_pkey", "Startup Cost": 0.0, "Total Cost": 49653.81, "Plan Rows": 2528311, "Plan Width": 0}]}]}]}]}]}]}, "Unique SQL Id": 1162488282, "Planner Runtime": 9}, "explain_analyze_plan": {"Plan": {"Node Type": "Aggregate", "Strategy": "Plain", "Startup Cost": 255790.36, "Total Cost": 255790.37, "Plan Rows": 1, "Plan Width": 113, "Actual Startup Time": 2480.211, "Actual Total Time": 2480.211, "Actual Rows": 1, "Actual Loops": 1, "Plans": [{"Node Type": "Hash Join", "Parent Relationship": "Outer", "Join Type": "Inner", "Startup Cost": 192779.48, "Total Cost": 252434.34, "Plan Rows": 447470, "Plan Width": 45, "Actual Startup Time": 2231.498, "Actual Total Time": 2480.182, "Actual Rows": 3, "Actual Loops": 1, "Inner Unique": false, "Hash Cond": "(mc.movie_id = t.id), (LLVM Optimized, Jit Execute)", "Plans": [{"Node Type": "Nested Loop", "Parent Relationship": "Outer", "Join Type": "Inner", "Startup Cost": 29278.87, "Total Cost": 77622.54, "Plan Rows": 1304518, "Plan Width": 28, "Actual Startup Time": 145.631, "Actual Total Time": 617.096, "Actual Rows": 140904, "Actual Loops": 1, "Inner Unique": false, "Plans": [{"Node Type": "Bitmap Heap Scan", "Parent Relationship": "Outer", "Relation Name": "company_type", "Alias": "ct", "Startup Cost": 8.27, "Total Cost": 12.3, "Plan Rows": 1, "Plan Width": 4, "Actual Startup Time": 0.026, "Actual Total Time": 0.033, "Actual Rows": 1, "Actual Loops": 1, "Filter": "((kind)::text = 'production companies'::text)", "Rows Removed by Filter": 2, "Exact Heap Blocks": 1, "Lossy Heap Blocks": 1, "Plans": [{"Node Type": "Bitmap Index Scan", "Parent Relationship": "Outer", "Index Name": "company_type_pkey", "Startup Cost": 0.0, "Total Cost": 8.27, "Plan Rows": 3, "Plan Width": 0, "Actual Startup Time": 0.008, "Actual Total Time": 0.008, "Actual Rows": 3, "Actual Loops": 1}]}, {"Node Type": "Bitmap Heap Scan", "Parent Relationship": "Inner", "Relation Name": "movie_companies", "Alias": "mc", "Startup Cost": 29270.61, "Total Cost": 64565.07, "Plan Rows": 1304517, "Plan Width": 32, "Actual Startup Time": 145.599, "Actual Total Time": 588.947, "Actual Rows": 140904, "Actual Loops": 1, "Recheck Cond": "(company_type_id = ct.id), (LLVM Optimized, Jit Execute)", "Rows Removed by Index Recheck": 0, "Filter": "((note)::text !~~ '%(as Metro-Goldwyn-Mayer Pictures)%'::text), (LLVM Optimized, Jit Execute)", "Rows Removed by Filter": 1193979, "Exact Heap Blocks": 6196, "Lossy Heap Blocks": 6196, "Plans": [{"Node Type": "Bitmap Index Scan", "Parent Relationship": "Outer", "Index Name": "company_type_id_movie_companies", "Startup Cost": 0.0, "Total Cost": 28944.48, "Plan Rows": 1304564, "Plan Width": 0, "Actual Startup Time": 144.252, "Actual Total Time": 144.252, "Actual Rows": 1334883, "Actual Loops": 1, "Index Cond": "(company_type_id = ct.id)"}]}]}, {"Node Type": "Hash", "Parent Relationship": "Inner", "Startup Cost": 158545.55, "Total Cost": 158545.55, "Plan Rows": 396404, "Plan Width": 29, "Actual Startup Time": 1831.643, "Actual Total Time": 1831.643, "Actual Rows": 4, "Actual Loops": 1, "Hash Buckets": 524288, "Hash Batches": 1, "Original Hash Batches": 1, "Peak Memory Usage": 1, "Plans": [{"Node Type": "Hash Join", "Parent Relationship": "Outer", "Join Type": "Inner", "Startup Cost": 139045.65, "Total Cost": 158545.55, "Plan Rows": 396404, "Plan Width": 29, "Actual Startup Time": 1831.606, "Actual Total Time": 1831.616, "Actual Rows": 4, "Actual Loops": 1, "Inner Unique": true, "Hash Cond": "(mi_idx.movie_id = t.id), (LLVM Optimized, Jit Execute)", "Plans": [{"Node Type": "Nested Loop", "Parent Relationship": "Outer", "Join Type": "Inner", "Startup Cost": 7510.87, "Total Cost": 21752.95, "Plan Rows": 345008, "Plan Width": 4, "Actual Startup Time": 0.134, "Actual Total Time": 0.145, "Actual Rows": 10, "Actual Loops": 1, "Inner Unique": false, "Plans": [{"Node Type": "Bitmap Heap Scan", "Parent Relationship": "Outer", "Relation Name": "info_type", "Alias": "it", "Startup Cost": 8.81, "Total Cost": 14.21, "Plan Rows": 1, "Plan Width": 4, "Actual Startup Time": 0.093, "Actual Total Time": 0.094, "Actual Rows": 1, "Actual Loops": 1, "Filter": "((info)::text = 'bottom 10 rank'::text)", "Rows Removed by Filter": 111, "Exact Heap Blocks": 1, "Lossy Heap Blocks": 1, "Plans": [{"Node Type": "Bitmap Index Scan", "Parent Relationship": "Outer", "Index Name": "info_type_pkey", "Startup Cost": 0.0, "Total Cost": 8.81, "Plan Rows": 112, "Plan Width": 0, "Actual Startup Time": 0.019, "Actual Total Time": 0.019, "Actual Rows": 112, "Actual Loops": 1}]}, {"Node Type": "Bitmap Heap Scan", "Parent Relationship": "Inner", "Relation Name": "movie_info_idx", "Alias": "mi_idx", "Startup Cost": 7502.06, "Total Cost": 18288.66, "Plan Rows": 345008, "Plan Width": 8, "Actual Startup Time": 0.028, "Actual Total Time": 0.032, "Actual Rows": 10, "Actual Loops": 1, "Recheck Cond": "(info_type_id = it.id), (LLVM Optimized, Jit Execute)", "Rows Removed by Index Recheck": 0, "Exact Heap Blocks": 1, "Lossy Heap Blocks": 1, "Plans": [{"Node Type": "Bitmap Index Scan", "Parent Relationship": "Outer", "Index Name": "info_type_id_movie_info_idx", "Startup Cost": 0.0, "Total Cost": 7415.81, "Plan Rows": 345008, "Plan Width": 0, "Actual Startup Time": 0.013, "Actual Total Time": 0.013, "Actual Rows": 10, "Actual Loops": 1, "Index Cond": "(info_type_id = it.id)"}]}]}, {"Node Type": "Hash", "Parent Relationship": "Inner", "Startup Cost": 122544.28, "Total Cost": 122544.28, "Plan Rows": 719240, "Plan Width": 25, "Actual Startup Time": 1830.245, "Actual Total Time": 1830.245, "Actual Rows": 716259, "Actual Loops": 1, "Hash Buckets": 1048576, "Hash Batches": 1, "Original Hash Batches": 1, "Peak Memory Usage": 41052, "Plans": [{"Node Type": "Bitmap Heap Scan", "Parent Relationship": "Outer", "Relation Name": "title", "Alias": "t", "Startup Cost": 49833.61, "Total Cost": 122544.28, "Plan Rows": 719240, "Plan Width": 25, "Actual Startup Time": 311.902, "Actual Total Time": 1515.668, "Actual Rows": 716259, "Actual Loops": 1, "Filter": "((production_year >= 2005) AND (production_year <= 2010)), (LLVM Optimized, Jit Execute)", "Rows Removed by Filter": 1812052, "Exact Heap Blocks": 34786, "Lossy Heap Blocks": 34786, "Plans": [{"Node Type": "Bitmap Index Scan", "Parent Relationship": "Outer", "Index Name": "title_pkey", "Startup Cost": 0.0, "Total Cost": 49653.81, "Plan Rows": 2528311, "Plan Width": 0, "Actual Startup Time": 303.867, "Actual Total Time": 303.867, "Actual Rows": 2528311, "Actual Loops": 1}]}]}]}]}]}]}, "Triggers": [], "Planner Runtime": 9.336, "Total Runtime": 2491.956, "Unique SQL Id": 1162488282}}, "(64, '68')": {"explain_plan": {"Plan": {"Node Type": "Aggregate", "Strategy": "Plain", "Startup Cost": 195394.68, "Total Cost": 195394.69, "Plan Rows": 1, "Plan Width": 113, "Plans": [{"Node Type": "Hash Join", "Parent Relationship": "Outer", "Join Type": "Inner", "Startup Cost": 119919.5, "Total Cost": 192038.65, "Plan Rows": 447470, "Plan Width": 45, "Inner Unique": true, "Hash Cond": "(mc.company_type_id = ct.id), (LLVM Optimized)", "Plans": [{"Node Type": "Hash Join", "Parent Relationship": "Outer", "Join Type": "Inner", "Startup Cost": 119918.45, "Total Cost": 187568.09, "Plan Rows": 549199, "Plan Width": 49, "Inner Unique": false, "Hash Cond": "(mc.movie_id = t.id), (LLVM Optimized)", "Plans": [{"Node Type": "Seq Scan", "Parent Relationship": "Outer", "Relation Name": "movie_companies", "Alias": "mc", "Startup Cost": 0.0, "Total Cost": 48340.1, "Plan Rows": 2609035, "Plan Width": 32, "Filter": "((note)::text !~~ '%(as Metro-Goldwyn-Mayer Pictures)%'::text), (LLVM Optimized)"}, {"Node Type": "Hash", "Parent Relationship": "Inner", "Startup Cost": 114963.4, "Total Cost": 114963.4, "Plan Rows": 396404, "Plan Width": 29, "Plans": [{"Node Type": "Hash Join", "Parent Relationship": "Outer", "Join Type": "Inner", "Startup Cost": 95466.5, "Total Cost": 114963.4, "Plan Rows": 396404, "Plan Width": 29, "Inner Unique": true, "Hash Cond": "(mi_idx.movie_id = t.id), (LLVM Optimized)", "Plans": [{"Node Type": "Nested Loop", "Parent Relationship": "Outer", "Join Type": "Inner", "Startup Cost": 7502.06, "Total Cost": 21741.14, "Plan Rows": 345008, "Plan Width": 4, "Inner Unique": false, "Plans": [{"Node Type": "Seq Scan", "Parent Relationship": "Outer", "Relation Name": "info_type", "Alias": "it", "Startup Cost": 0.0, "Total Cost": 2.4, "Plan Rows": 1, "Plan Width": 4, "Filter": "((info)::text = 'bottom 10 rank'::text)"}, {"Node Type": "Bitmap Heap Scan", "Parent Relationship": "Inner", "Relation Name": "movie_info_idx", "Alias": "mi_idx", "Startup Cost": 7502.06, "Total Cost": 18288.66, "Plan Rows": 345008, "Plan Width": 8, "Recheck Cond": "(info_type_id = it.id), (LLVM Optimized)", "Plans": [{"Node Type": "Bitmap Index Scan", "Parent Relationship": "Outer", "Index Name": "info_type_id_movie_info_idx", "Startup Cost": 0.0, "Total Cost": 7415.81, "Plan Rows": 345008, "Plan Width": 0, "Index Cond": "(info_type_id = it.id)"}]}]}, {"Node Type": "Hash", "Parent Relationship": "Inner", "Startup Cost": 78973.94, "Total Cost": 78973.94, "Plan Rows": 719240, "Plan Width": 25, "Plans": [{"Node Type": "Streaming(type: LOCAL GATHER dop: 1/64)", "Parent Relationship": "Outer", "Startup Cost": 1813.35, "Total Cost": 78973.94, "Plan Rows": 719240, "Plan Width": 25, "Plans": [{"Node Type": "Seq Scan", "Parent Relationship": "Outer", "Relation Name": "title", "Alias": "t", "Startup Cost": 1813.35, "Total Cost": 64136.1, "Plan Rows": 719240, "Plan Width": 25, "Filter": "((production_year >= 2005) AND (production_year <= 2010)), (LLVM Optimized)"}]}]}]}]}]}, {"Node Type": "Hash", "Parent Relationship": "Inner", "Startup Cost": 1.04, "Total Cost": 1.04, "Plan Rows": 1, "Plan Width": 4, "Plans": [{"Node Type": "Seq Scan", "Parent Relationship": "Outer", "Relation Name": "company_type", "Alias": "ct", "Startup Cost": 0.0, "Total Cost": 1.04, "Plan Rows": 1, "Plan Width": 4, "Filter": "((kind)::text = 'production companies'::text)"}]}]}]}, "Unique SQL Id": 1162488282, "Planner Runtime": 13}, "explain_analyze_plan": {"Plan": {"Node Type": "Aggregate", "Strategy": "Plain", "Startup Cost": 195394.68, "Total Cost": 195394.69, "Plan Rows": 1, "Plan Width": 113, "Actual Min Startup Time": 1712.317, "Actual Max Startup Time": 1712.317, "Actual Min Total Time": 1712.318, "Actual Max Total Time": 1712.318, "Plans": [{"Node Type": "Hash Join", "Parent Relationship": "Outer", "Join Type": "Inner", "Startup Cost": 119919.5, "Total Cost": 192038.65, "Plan Rows": 447470, "Plan Width": 45, "Actual Min Startup Time": 1537.422, "Actual Max Startup Time": 1537.422, "Actual Min Total Time": 1712.281, "Actual Max Total Time": 1712.281, "Inner Unique": true, "Hash Cond": "(mc.company_type_id = ct.id), (LLVM Optimized, Jit Execute)", "Plans": [{"Node Type": "Hash Join", "Parent Relationship": "Outer", "Join Type": "Inner", "Startup Cost": 119918.45, "Total Cost": 187568.09, "Plan Rows": 549199, "Plan Width": 49, "Actual Min Startup Time": 868.88, "Actual Max Startup Time": 868.88, "Actual Min Total Time": 1712.01, "Actual Max Total Time": 1712.01, "Inner Unique": false, "Hash Cond": "(mc.movie_id = t.id), (LLVM Optimized, Jit Execute)", "Plans": [{"Node Type": "Seq Scan", "Parent Relationship": "Outer", "Relation Name": "movie_companies", "Alias": "mc", "Startup Cost": 0.0, "Total Cost": 48340.1, "Plan Rows": 2609035, "Plan Width": 32, "Actual Min Startup Time": 0.044, "Actual Max Startup Time": 0.044, "Actual Min Total Time": 910.434, "Actual Max Total Time": 910.434, "Filter": "((note)::text !~~ '%(as Metro-Goldwyn-Mayer Pictures)%'::text), (LLVM Optimized, Jit Execute)", "Rows Removed by Filter": 1272041, "Actual Rows": 1337087}, {"Node Type": "Hash", "Parent Relationship": "Inner", "Startup Cost": 114963.4, "Total Cost": 114963.4, "Plan Rows": 396404, "Plan Width": 29, "Actual Min Startup Time": 538.726, "Actual Max Startup Time": 538.726, "Actual Min Total Time": 538.726, "Actual Max Total Time": 538.726, "Max Hash Buckets": 524288, "Min Hash Buckets": 524288, "Max Hash Batches": 1, "Min Hash Batches": 1, "Max Original Hash Batches": 1, "Min Original Hash Batches": 1, "Max Peak Memory Usage": 1, "min Peak Memory Usage": 1, "Plans": [{"Node Type": "Hash Join", "Parent Relationship": "Outer", "Join Type": "Inner", "Startup Cost": 95466.5, "Total Cost": 114963.4, "Plan Rows": 396404, "Plan Width": 29, "Actual Min Startup Time": 538.701, "Actual Max Startup Time": 538.701, "Actual Min Total Time": 538.713, "Actual Max Total Time": 538.713, "Inner Unique": true, "Hash Cond": "(mi_idx.movie_id = t.id), (LLVM Optimized, Jit Execute)", "Plans": [{"Node Type": "Nested Loop", "Parent Relationship": "Outer", "Join Type": "Inner", "Startup Cost": 7502.06, "Total Cost": 21741.14, "Plan Rows": 345008, "Plan Width": 4, "Actual Min Startup Time": 0.142, "Actual Max Startup Time": 0.142, "Actual Min Total Time": 0.151, "Actual Max Total Time": 0.151, "Inner Unique": false, "Plans": [{"Node Type": "Seq Scan", "Parent Relationship": "Outer", "Relation Name": "info_type", "Alias": "it", "Startup Cost": 0.0, "Total Cost": 2.4, "Plan Rows": 1, "Plan Width": 4, "Actual Min Startup Time": 0.071, "Actual Max Startup Time": 0.071, "Actual Min Total Time": 0.074, "Actual Max Total Time": 0.074, "Filter": "((info)::text = 'bottom 10 rank'::text)", "Rows Removed by Filter": 111, "Actual Rows": 1}, {"Node Type": "Bitmap Heap Scan", "Parent Relationship": "Inner", "Relation Name": "movie_info_idx", "Alias": "mi_idx", "Startup Cost": 7502.06, "Total Cost": 18288.66, "Plan Rows": 345008, "Plan Width": 8, "Actual Min Startup Time": 0.052, "Actual Max Startup Time": 0.052, "Actual Min Total Time": 0.055, "Actual Max Total Time": 0.055, "Recheck Cond": "(info_type_id = it.id), (LLVM Optimized, Jit Execute)", "Rows Removed by Index Recheck": 0, "Exact Heap Blocks": 1, "Lossy Heap Blocks": 1, "Plans": [{"Node Type": "Bitmap Index Scan", "Parent Relationship": "Outer", "Index Name": "info_type_id_movie_info_idx", "Startup Cost": 0.0, "Total Cost": 7415.81, "Plan Rows": 345008, "Plan Width": 0, "Actual Min Startup Time": 0.033, "Actual Max Startup Time": 0.033, "Actual Min Total Time": 0.033, "Actual Max Total Time": 0.033, "Index Cond": "(info_type_id = it.id)", "Actual Rows": 10}], "Actual Rows": 10}], "Actual Rows": 10}, {"Node Type": "Hash", "Parent Relationship": "Inner", "Startup Cost": 78973.94, "Total Cost": 78973.94, "Plan Rows": 719240, "Plan Width": 25, "Actual Min Startup Time": 537.811, "Actual Max Startup Time": 537.811, "Actual Min Total Time": 537.811, "Actual Max Total Time": 537.811, "Max Hash Buckets": 1048576, "Min Hash Buckets": 1048576, "Max Hash Batches": 1, "Min Hash Batches": 1, "Max Original Hash Batches": 1, "Min Original Hash Batches": 1, "Max Peak Memory Usage": 41052, "min Peak Memory Usage": 41052, "Plans": [{"Node Type": "Streaming(type: LOCAL GATHER dop: 1/64)", "Parent Relationship": "Outer", "Startup Cost": 1813.35, "Total Cost": 78973.94, "Plan Rows": 719240, "Plan Width": 25, "Actual Min Startup Time": 105.933, "Actual Max Startup Time": 105.933, "Actual Min Total Time": 332.282, "Actual Max Total Time": 332.282, "Plans": [{"Node Type": "Seq Scan", "Parent Relationship": "Outer", "Relation Name": "title", "Alias": "t", "Startup Cost": 1813.35, "Total Cost": 64136.1, "Plan Rows": 719240, "Plan Width": 25, "Actual Min Startup Time": 0.028, "Actual Max Startup Time": 0.049, "Actual Min Total Time": 15.397, "Actual Max Total Time": 19.822, "Filter": "((production_year >= 2005) AND (production_year <= 2010)), (LLVM Optimized, Jit Execute)", "Rows Removed by Filter": 1812052, "Actual Rows": 716259}], "Actual Rows": 716259}], "Actual Rows": 716259}], "Actual Rows": 4}], "Actual Rows": 4}], "Actual Rows": 66}, {"Node Type": "Hash", "Parent Relationship": "Inner", "Startup Cost": 1.04, "Total Cost": 1.04, "Plan Rows": 1, "Plan Width": 4, "Actual Min Startup Time": 0.08, "Actual Max Startup Time": 0.08, "Actual Min Total Time": 0.08, "Actual Max Total Time": 0.08, "Max Hash Buckets": 32768, "Min Hash Buckets": 32768, "Max Hash Batches": 1, "Min Hash Batches": 1, "Max Original Hash Batches": 1, "Min Original Hash Batches": 1, "Max Peak Memory Usage": 1, "min Peak Memory Usage": 1, "Plans": [{"Node Type": "Seq Scan", "Parent Relationship": "Outer", "Relation Name": "company_type", "Alias": "ct", "Startup Cost": 0.0, "Total Cost": 1.04, "Plan Rows": 1, "Plan Width": 4, "Actual Min Startup Time": 0.055, "Actual Max Startup Time": 0.055, "Actual Min Total Time": 0.059, "Actual Max Total Time": 0.059, "Filter": "((kind)::text = 'production companies'::text)", "Rows Removed by Filter": 2, "Actual Rows": 1}], "Actual Rows": 1}], "Actual Rows": 3}], "Actual Rows": 1}, "Triggers": [], "Planner Runtime": 12.679, "Total Runtime": 1735.32, "Unique SQL Id": 1162488282}}, "(64, '69')": {"explain_plan": {"Plan": {"Node Type": "Aggregate", "Strategy": "Plain", "Startup Cost": 247822.0, "Total Cost": 247822.01, "Plan Rows": 1, "Plan Width": 113, "Plans": [{"Node Type": "Hash Join", "Parent Relationship": "Outer", "Join Type": "Inner", "Startup Cost": 163718.37, "Total Cost": 244465.97, "Plan Rows": 447470, "Plan Width": 45, "Inner Unique": false, "Hash Cond": "(mc.movie_id = t.id), (LLVM Optimized)", "Plans": [{"Node Type": "Nested Loop", "Parent Relationship": "Outer", "Join Type": "Inner", "Startup Cost": 0.0, "Total Cost": 69436.41, "Plan Rows": 1304518, "Plan Width": 28, "Inner Unique": false, "Plans": [{"Node Type": "Index Scan", "Parent Relationship": "Outer", "Scan Direction": "Forward", "Index Name": "company_type_pkey", "Relation Name": "company_type", "Alias": "ct", "Startup Cost": 0.0, "Total Cost": 12.3, "Plan Rows": 1, "Plan Width": 4, "Filter": "((kind)::text = 'production companies'::text)"}, {"Node Type": "Index Scan", "Parent Relationship": "Inner", "Scan Direction": "Forward", "Index Name": "company_type_id_movie_companies", "Relation Name": "movie_companies", "Alias": "mc", "Startup Cost": 0.0, "Total Cost": 56378.94, "Plan Rows": 1304517, "Plan Width": 32, "Index Cond": "(company_type_id = ct.id), (LLVM Optimized)", "Filter": "((note)::text !~~ '%(as Metro-Goldwyn-Mayer Pictures)%'::text), (LLVM Optimized)"}]}, {"Node Type": "Hash", "Parent Relationship": "Inner", "Startup Cost": 158763.32, "Total Cost": 158763.32, "Plan Rows": 396404, "Plan Width": 29, "Plans": [{"Node Type": "Hash Join", "Parent Relationship": "Outer", "Join Type": "Inner", "Startup Cost": 139254.61, "Total Cost": 158763.32, "Plan Rows": 396404, "Plan Width": 29, "Inner Unique": true, "Hash Cond": "(mi_idx.movie_id = t.id), (LLVM Optimized)", "Plans": [{"Node Type": "Nested Loop", "Parent Relationship": "Outer", "Join Type": "Inner", "Startup Cost": 7502.06, "Total Cost": 21752.95, "Plan Rows": 345008, "Plan Width": 4, "Inner Unique": false, "Plans": [{"Node Type": "Index Scan", "Parent Relationship": "Outer", "Scan Direction": "Forward", "Index Name": "info_type_pkey", "Relation Name": "info_type", "Alias": "it", "Startup Cost": 0.0, "Total Cost": 14.21, "Plan Rows": 1, "Plan Width": 4, "Filter": "((info)::text = 'bottom 10 rank'::text)"}, {"Node Type": "Bitmap Heap Scan", "Parent Relationship": "Inner", "Relation Name": "movie_info_idx", "Alias": "mi_idx", "Startup Cost": 7502.06, "Total Cost": 18288.66, "Plan Rows": 345008, "Plan Width": 8, "Recheck Cond": "(info_type_id = it.id), (LLVM Optimized)", "Plans": [{"Node Type": "Bitmap Index Scan", "Parent Relationship": "Outer", "Index Name": "info_type_id_movie_info_idx", "Startup Cost": 0.0, "Total Cost": 7415.81, "Plan Rows": 345008, "Plan Width": 0, "Index Cond": "(info_type_id = it.id)"}]}]}, {"Node Type": "Hash", "Parent Relationship": "Inner", "Startup Cost": 122762.04, "Total Cost": 122762.04, "Plan Rows": 719240, "Plan Width": 25, "Plans": [{"Node Type": "Index Scan", "Parent Relationship": "Outer", "Scan Direction": "Forward", "Index Name": "title_pkey", "Relation Name": "title", "Alias": "t", "Startup Cost": 0.0, "Total Cost": 122762.04, "Plan Rows": 719240, "Plan Width": 25, "Filter": "((production_year >= 2005) AND (production_year <= 2010)), (LLVM Optimized)"}]}]}]}]}]}, "Unique SQL Id": 1162488282, "Planner Runtime": 11}, "explain_analyze_plan": null}, "(64, '70')": {"explain_plan": {"Plan": {"Node Type": "Aggregate", "Strategy": "Plain", "Startup Cost": 195394.68, "Total Cost": 195394.69, "Plan Rows": 1, "Plan Width": 113, "Plans": [{"Node Type": "Hash Join", "Parent Relationship": "Outer", "Join Type": "Inner", "Startup Cost": 119919.5, "Total Cost": 192038.65, "Plan Rows": 447470, "Plan Width": 45, "Inner Unique": true, "Hash Cond": "(mc.company_type_id = ct.id), (LLVM Optimized)", "Plans": [{"Node Type": "Hash Join", "Parent Relationship": "Outer", "Join Type": "Inner", "Startup Cost": 119918.45, "Total Cost": 187568.09, "Plan Rows": 549199, "Plan Width": 49, "Inner Unique": false, "Hash Cond": "(mc.movie_id = t.id), (LLVM Optimized)", "Plans": [{"Node Type": "Seq Scan", "Parent Relationship": "Outer", "Relation Name": "movie_companies", "Alias": "mc", "Startup Cost": 0.0, "Total Cost": 48340.1, "Plan Rows": 2609035, "Plan Width": 32, "Filter": "((note)::text !~~ '%(as Metro-Goldwyn-Mayer Pictures)%'::text), (LLVM Optimized)"}, {"Node Type": "Hash", "Parent Relationship": "Inner", "Startup Cost": 114963.4, "Total Cost": 114963.4, "Plan Rows": 396404, "Plan Width": 29, "Plans": [{"Node Type": "Hash Join", "Parent Relationship": "Outer", "Join Type": "Inner", "Startup Cost": 95466.5, "Total Cost": 114963.4, "Plan Rows": 396404, "Plan Width": 29, "Inner Unique": true, "Hash Cond": "(mi_idx.movie_id = t.id), (LLVM Optimized)", "Plans": [{"Node Type": "Nested Loop", "Parent Relationship": "Outer", "Join Type": "Inner", "Startup Cost": 7502.06, "Total Cost": 21741.14, "Plan Rows": 345008, "Plan Width": 4, "Inner Unique": false, "Plans": [{"Node Type": "Seq Scan", "Parent Relationship": "Outer", "Relation Name": "info_type", "Alias": "it", "Startup Cost": 0.0, "Total Cost": 2.4, "Plan Rows": 1, "Plan Width": 4, "Filter": "((info)::text = 'bottom 10 rank'::text)"}, {"Node Type": "Bitmap Heap Scan", "Parent Relationship": "Inner", "Relation Name": "movie_info_idx", "Alias": "mi_idx", "Startup Cost": 7502.06, "Total Cost": 18288.66, "Plan Rows": 345008, "Plan Width": 8, "Recheck Cond": "(info_type_id = it.id), (LLVM Optimized)", "Plans": [{"Node Type": "Bitmap Index Scan", "Parent Relationship": "Outer", "Index Name": "info_type_id_movie_info_idx", "Startup Cost": 0.0, "Total Cost": 7415.81, "Plan Rows": 345008, "Plan Width": 0, "Index Cond": "(info_type_id = it.id)"}]}]}, {"Node Type": "Hash", "Parent Relationship": "Inner", "Startup Cost": 78973.94, "Total Cost": 78973.94, "Plan Rows": 719240, "Plan Width": 25, "Plans": [{"Node Type": "Streaming(type: LOCAL GATHER dop: 1/64)", "Parent Relationship": "Outer", "Startup Cost": 1813.35, "Total Cost": 78973.94, "Plan Rows": 719240, "Plan Width": 25, "Plans": [{"Node Type": "Seq Scan", "Parent Relationship": "Outer", "Relation Name": "title", "Alias": "t", "Startup Cost": 1813.35, "Total Cost": 64136.1, "Plan Rows": 719240, "Plan Width": 25, "Filter": "((production_year >= 2005) AND (production_year <= 2010)), (LLVM Optimized)"}]}]}]}]}]}, {"Node Type": "Hash", "Parent Relationship": "Inner", "Startup Cost": 1.04, "Total Cost": 1.04, "Plan Rows": 1, "Plan Width": 4, "Plans": [{"Node Type": "Seq Scan", "Parent Relationship": "Outer", "Relation Name": "company_type", "Alias": "ct", "Startup Cost": 0.0, "Total Cost": 1.04, "Plan Rows": 1, "Plan Width": 4, "Filter": "((kind)::text = 'production companies'::text)"}]}]}]}, "Unique SQL Id": 1162488282, "Planner Runtime": 11}, "explain_analyze_plan": {"Plan": {"Node Type": "Aggregate", "Strategy": "Plain", "Startup Cost": 195394.68, "Total Cost": 195394.69, "Plan Rows": 1, "Plan Width": 113, "Actual Min Startup Time": 1712.317, "Actual Max Startup Time": 1712.317, "Actual Min Total Time": 1712.318, "Actual Max Total Time": 1712.318, "Plans": [{"Node Type": "Hash Join", "Parent Relationship": "Outer", "Join Type": "Inner", "Startup Cost": 119919.5, "Total Cost": 192038.65, "Plan Rows": 447470, "Plan Width": 45, "Actual Min Startup Time": 1537.422, "Actual Max Startup Time": 1537.422, "Actual Min Total Time": 1712.281, "Actual Max Total Time": 1712.281, "Inner Unique": true, "Hash Cond": "(mc.company_type_id = ct.id), (LLVM Optimized, Jit Execute)", "Plans": [{"Node Type": "Hash Join", "Parent Relationship": "Outer", "Join Type": "Inner", "Startup Cost": 119918.45, "Total Cost": 187568.09, "Plan Rows": 549199, "Plan Width": 49, "Actual Min Startup Time": 868.88, "Actual Max Startup Time": 868.88, "Actual Min Total Time": 1712.01, "Actual Max Total Time": 1712.01, "Inner Unique": false, "Hash Cond": "(mc.movie_id = t.id), (LLVM Optimized, Jit Execute)", "Plans": [{"Node Type": "Seq Scan", "Parent Relationship": "Outer", "Relation Name": "movie_companies", "Alias": "mc", "Startup Cost": 0.0, "Total Cost": 48340.1, "Plan Rows": 2609035, "Plan Width": 32, "Actual Min Startup Time": 0.044, "Actual Max Startup Time": 0.044, "Actual Min Total Time": 910.434, "Actual Max Total Time": 910.434, "Filter": "((note)::text !~~ '%(as Metro-Goldwyn-Mayer Pictures)%'::text), (LLVM Optimized, Jit Execute)", "Rows Removed by Filter": 1272041, "Actual Rows": 1337087}, {"Node Type": "Hash", "Parent Relationship": "Inner", "Startup Cost": 114963.4, "Total Cost": 114963.4, "Plan Rows": 396404, "Plan Width": 29, "Actual Min Startup Time": 538.726, "Actual Max Startup Time": 538.726, "Actual Min Total Time": 538.726, "Actual Max Total Time": 538.726, "Max Hash Buckets": 524288, "Min Hash Buckets": 524288, "Max Hash Batches": 1, "Min Hash Batches": 1, "Max Original Hash Batches": 1, "Min Original Hash Batches": 1, "Max Peak Memory Usage": 1, "min Peak Memory Usage": 1, "Plans": [{"Node Type": "Hash Join", "Parent Relationship": "Outer", "Join Type": "Inner", "Startup Cost": 95466.5, "Total Cost": 114963.4, "Plan Rows": 396404, "Plan Width": 29, "Actual Min Startup Time": 538.701, "Actual Max Startup Time": 538.701, "Actual Min Total Time": 538.713, "Actual Max Total Time": 538.713, "Inner Unique": true, "Hash Cond": "(mi_idx.movie_id = t.id), (LLVM Optimized, Jit Execute)", "Plans": [{"Node Type": "Nested Loop", "Parent Relationship": "Outer", "Join Type": "Inner", "Startup Cost": 7502.06, "Total Cost": 21741.14, "Plan Rows": 345008, "Plan Width": 4, "Actual Min Startup Time": 0.142, "Actual Max Startup Time": 0.142, "Actual Min Total Time": 0.151, "Actual Max Total Time": 0.151, "Inner Unique": false, "Plans": [{"Node Type": "Seq Scan", "Parent Relationship": "Outer", "Relation Name": "info_type", "Alias": "it", "Startup Cost": 0.0, "Total Cost": 2.4, "Plan Rows": 1, "Plan Width": 4, "Actual Min Startup Time": 0.071, "Actual Max Startup Time": 0.071, "Actual Min Total Time": 0.074, "Actual Max Total Time": 0.074, "Filter": "((info)::text = 'bottom 10 rank'::text)", "Rows Removed by Filter": 111, "Actual Rows": 1}, {"Node Type": "Bitmap Heap Scan", "Parent Relationship": "Inner", "Relation Name": "movie_info_idx", "Alias": "mi_idx", "Startup Cost": 7502.06, "Total Cost": 18288.66, "Plan Rows": 345008, "Plan Width": 8, "Actual Min Startup Time": 0.052, "Actual Max Startup Time": 0.052, "Actual Min Total Time": 0.055, "Actual Max Total Time": 0.055, "Recheck Cond": "(info_type_id = it.id), (LLVM Optimized, Jit Execute)", "Rows Removed by Index Recheck": 0, "Exact Heap Blocks": 1, "Lossy Heap Blocks": 1, "Plans": [{"Node Type": "Bitmap Index Scan", "Parent Relationship": "Outer", "Index Name": "info_type_id_movie_info_idx", "Startup Cost": 0.0, "Total Cost": 7415.81, "Plan Rows": 345008, "Plan Width": 0, "Actual Min Startup Time": 0.033, "Actual Max Startup Time": 0.033, "Actual Min Total Time": 0.033, "Actual Max Total Time": 0.033, "Index Cond": "(info_type_id = it.id)", "Actual Rows": 10}], "Actual Rows": 10}], "Actual Rows": 10}, {"Node Type": "Hash", "Parent Relationship": "Inner", "Startup Cost": 78973.94, "Total Cost": 78973.94, "Plan Rows": 719240, "Plan Width": 25, "Actual Min Startup Time": 537.811, "Actual Max Startup Time": 537.811, "Actual Min Total Time": 537.811, "Actual Max Total Time": 537.811, "Max Hash Buckets": 1048576, "Min Hash Buckets": 1048576, "Max Hash Batches": 1, "Min Hash Batches": 1, "Max Original Hash Batches": 1, "Min Original Hash Batches": 1, "Max Peak Memory Usage": 41052, "min Peak Memory Usage": 41052, "Plans": [{"Node Type": "Streaming(type: LOCAL GATHER dop: 1/64)", "Parent Relationship": "Outer", "Startup Cost": 1813.35, "Total Cost": 78973.94, "Plan Rows": 719240, "Plan Width": 25, "Actual Min Startup Time": 105.933, "Actual Max Startup Time": 105.933, "Actual Min Total Time": 332.282, "Actual Max Total Time": 332.282, "Plans": [{"Node Type": "Seq Scan", "Parent Relationship": "Outer", "Relation Name": "title", "Alias": "t", "Startup Cost": 1813.35, "Total Cost": 64136.1, "Plan Rows": 719240, "Plan Width": 25, "Actual Min Startup Time": 0.028, "Actual Max Startup Time": 0.049, "Actual Min Total Time": 15.397, "Actual Max Total Time": 19.822, "Filter": "((production_year >= 2005) AND (production_year <= 2010)), (LLVM Optimized, Jit Execute)", "Rows Removed by Filter": 1812052, "Actual Rows": 716259}], "Actual Rows": 716259}], "Actual Rows": 716259}], "Actual Rows": 4}], "Actual Rows": 4}], "Actual Rows": 66}, {"Node Type": "Hash", "Parent Relationship": "Inner", "Startup Cost": 1.04, "Total Cost": 1.04, "Plan Rows": 1, "Plan Width": 4, "Actual Min Startup Time": 0.08, "Actual Max Startup Time": 0.08, "Actual Min Total Time": 0.08, "Actual Max Total Time": 0.08, "Max Hash Buckets": 32768, "Min Hash Buckets": 32768, "Max Hash Batches": 1, "Min Hash Batches": 1, "Max Original Hash Batches": 1, "Min Original Hash Batches": 1, "Max Peak Memory Usage": 1, "min Peak Memory Usage": 1, "Plans": [{"Node Type": "Seq Scan", "Parent Relationship": "Outer", "Relation Name": "company_type", "Alias": "ct", "Startup Cost": 0.0, "Total Cost": 1.04, "Plan Rows": 1, "Plan Width": 4, "Actual Min Startup Time": 0.055, "Actual Max Startup Time": 0.055, "Actual Min Total Time": 0.059, "Actual Max Total Time": 0.059, "Filter": "((kind)::text = 'production companies'::text)", "Rows Removed by Filter": 2, "Actual Rows": 1}], "Actual Rows": 1}], "Actual Rows": 3}], "Actual Rows": 1}, "Triggers": [], "Planner Runtime": 12.679, "Total Runtime": 1735.32, "Unique SQL Id": 1162488282}}, "(64, '71')": {"explain_plan": {"Plan": {"Node Type": "Aggregate", "Strategy": "Plain", "Startup Cost": 255790.36, "Total Cost": 255790.37, "Plan Rows": 1, "Plan Width": 113, "Plans": [{"Node Type": "Hash Join", "Parent Relationship": "Outer", "Join Type": "Inner", "Startup Cost": 192779.48, "Total Cost": 252434.34, "Plan Rows": 447470, "Plan Width": 45, "Inner Unique": false, "Hash Cond": "(mc.movie_id = t.id), (LLVM Optimized)", "Plans": [{"Node Type": "Nested Loop", "Parent Relationship": "Outer", "Join Type": "Inner", "Startup Cost": 29278.87, "Total Cost": 77622.54, "Plan Rows": 1304518, "Plan Width": 28, "Inner Unique": false, "Plans": [{"Node Type": "Bitmap Heap Scan", "Parent Relationship": "Outer", "Relation Name": "company_type", "Alias": "ct", "Startup Cost": 8.27, "Total Cost": 12.3, "Plan Rows": 1, "Plan Width": 4, "Filter": "((kind)::text = 'production companies'::text)", "Plans": [{"Node Type": "Bitmap Index Scan", "Parent Relationship": "Outer", "Index Name": "company_type_pkey", "Startup Cost": 0.0, "Total Cost": 8.27, "Plan Rows": 3, "Plan Width": 0}]}, {"Node Type": "Bitmap Heap Scan", "Parent Relationship": "Inner", "Relation Name": "movie_companies", "Alias": "mc", "Startup Cost": 29270.61, "Total Cost": 64565.07, "Plan Rows": 1304517, "Plan Width": 32, "Recheck Cond": "(company_type_id = ct.id), (LLVM Optimized)", "Filter": "((note)::text !~~ '%(as Metro-Goldwyn-Mayer Pictures)%'::text), (LLVM Optimized)", "Plans": [{"Node Type": "Bitmap Index Scan", "Parent Relationship": "Outer", "Index Name": "company_type_id_movie_companies", "Startup Cost": 0.0, "Total Cost": 28944.48, "Plan Rows": 1304564, "Plan Width": 0, "Index Cond": "(company_type_id = ct.id)"}]}]}, {"Node Type": "Hash", "Parent Relationship": "Inner", "Startup Cost": 158545.55, "Total Cost": 158545.55, "Plan Rows": 396404, "Plan Width": 29, "Plans": [{"Node Type": "Hash Join", "Parent Relationship": "Outer", "Join Type": "Inner", "Startup Cost": 139045.65, "Total Cost": 158545.55, "Plan Rows": 396404, "Plan Width": 29, "Inner Unique": true, "Hash Cond": "(mi_idx.movie_id = t.id), (LLVM Optimized)", "Plans": [{"Node Type": "Nested Loop", "Parent Relationship": "Outer", "Join Type": "Inner", "Startup Cost": 7510.87, "Total Cost": 21752.95, "Plan Rows": 345008, "Plan Width": 4, "Inner Unique": false, "Plans": [{"Node Type": "Bitmap Heap Scan", "Parent Relationship": "Outer", "Relation Name": "info_type", "Alias": "it", "Startup Cost": 8.81, "Total Cost": 14.21, "Plan Rows": 1, "Plan Width": 4, "Filter": "((info)::text = 'bottom 10 rank'::text)", "Plans": [{"Node Type": "Bitmap Index Scan", "Parent Relationship": "Outer", "Index Name": "info_type_pkey", "Startup Cost": 0.0, "Total Cost": 8.81, "Plan Rows": 112, "Plan Width": 0}]}, {"Node Type": "Bitmap Heap Scan", "Parent Relationship": "Inner", "Relation Name": "movie_info_idx", "Alias": "mi_idx", "Startup Cost": 7502.06, "Total Cost": 18288.66, "Plan Rows": 345008, "Plan Width": 8, "Recheck Cond": "(info_type_id = it.id), (LLVM Optimized)", "Plans": [{"Node Type": "Bitmap Index Scan", "Parent Relationship": "Outer", "Index Name": "info_type_id_movie_info_idx", "Startup Cost": 0.0, "Total Cost": 7415.81, "Plan Rows": 345008, "Plan Width": 0, "Index Cond": "(info_type_id = it.id)"}]}]}, {"Node Type": "Hash", "Parent Relationship": "Inner", "Startup Cost": 122544.28, "Total Cost": 122544.28, "Plan Rows": 719240, "Plan Width": 25, "Plans": [{"Node Type": "Bitmap Heap Scan", "Parent Relationship": "Outer", "Relation Name": "title", "Alias": "t", "Startup Cost": 49833.61, "Total Cost": 122544.28, "Plan Rows": 719240, "Plan Width": 25, "Filter": "((production_year >= 2005) AND (production_year <= 2010)), (LLVM Optimized)", "Plans": [{"Node Type": "Bitmap Index Scan", "Parent Relationship": "Outer", "Index Name": "title_pkey", "Startup Cost": 0.0, "Total Cost": 49653.81, "Plan Rows": 2528311, "Plan Width": 0}]}]}]}]}]}]}, "Unique SQL Id": 1162488282, "Planner Runtime": 9}, "explain_analyze_plan": {"Plan": {"Node Type": "Aggregate", "Strategy": "Plain", "Startup Cost": 255790.36, "Total Cost": 255790.37, "Plan Rows": 1, "Plan Width": 113, "Actual Startup Time": 2480.211, "Actual Total Time": 2480.211, "Actual Rows": 1, "Actual Loops": 1, "Plans": [{"Node Type": "Hash Join", "Parent Relationship": "Outer", "Join Type": "Inner", "Startup Cost": 192779.48, "Total Cost": 252434.34, "Plan Rows": 447470, "Plan Width": 45, "Actual Startup Time": 2231.498, "Actual Total Time": 2480.182, "Actual Rows": 3, "Actual Loops": 1, "Inner Unique": false, "Hash Cond": "(mc.movie_id = t.id), (LLVM Optimized, Jit Execute)", "Plans": [{"Node Type": "Nested Loop", "Parent Relationship": "Outer", "Join Type": "Inner", "Startup Cost": 29278.87, "Total Cost": 77622.54, "Plan Rows": 1304518, "Plan Width": 28, "Actual Startup Time": 145.631, "Actual Total Time": 617.096, "Actual Rows": 140904, "Actual Loops": 1, "Inner Unique": false, "Plans": [{"Node Type": "Bitmap Heap Scan", "Parent Relationship": "Outer", "Relation Name": "company_type", "Alias": "ct", "Startup Cost": 8.27, "Total Cost": 12.3, "Plan Rows": 1, "Plan Width": 4, "Actual Startup Time": 0.026, "Actual Total Time": 0.033, "Actual Rows": 1, "Actual Loops": 1, "Filter": "((kind)::text = 'production companies'::text)", "Rows Removed by Filter": 2, "Exact Heap Blocks": 1, "Lossy Heap Blocks": 1, "Plans": [{"Node Type": "Bitmap Index Scan", "Parent Relationship": "Outer", "Index Name": "company_type_pkey", "Startup Cost": 0.0, "Total Cost": 8.27, "Plan Rows": 3, "Plan Width": 0, "Actual Startup Time": 0.008, "Actual Total Time": 0.008, "Actual Rows": 3, "Actual Loops": 1}]}, {"Node Type": "Bitmap Heap Scan", "Parent Relationship": "Inner", "Relation Name": "movie_companies", "Alias": "mc", "Startup Cost": 29270.61, "Total Cost": 64565.07, "Plan Rows": 1304517, "Plan Width": 32, "Actual Startup Time": 145.599, "Actual Total Time": 588.947, "Actual Rows": 140904, "Actual Loops": 1, "Recheck Cond": "(company_type_id = ct.id), (LLVM Optimized, Jit Execute)", "Rows Removed by Index Recheck": 0, "Filter": "((note)::text !~~ '%(as Metro-Goldwyn-Mayer Pictures)%'::text), (LLVM Optimized, Jit Execute)", "Rows Removed by Filter": 1193979, "Exact Heap Blocks": 6196, "Lossy Heap Blocks": 6196, "Plans": [{"Node Type": "Bitmap Index Scan", "Parent Relationship": "Outer", "Index Name": "company_type_id_movie_companies", "Startup Cost": 0.0, "Total Cost": 28944.48, "Plan Rows": 1304564, "Plan Width": 0, "Actual Startup Time": 144.252, "Actual Total Time": 144.252, "Actual Rows": 1334883, "Actual Loops": 1, "Index Cond": "(company_type_id = ct.id)"}]}]}, {"Node Type": "Hash", "Parent Relationship": "Inner", "Startup Cost": 158545.55, "Total Cost": 158545.55, "Plan Rows": 396404, "Plan Width": 29, "Actual Startup Time": 1831.643, "Actual Total Time": 1831.643, "Actual Rows": 4, "Actual Loops": 1, "Hash Buckets": 524288, "Hash Batches": 1, "Original Hash Batches": 1, "Peak Memory Usage": 1, "Plans": [{"Node Type": "Hash Join", "Parent Relationship": "Outer", "Join Type": "Inner", "Startup Cost": 139045.65, "Total Cost": 158545.55, "Plan Rows": 396404, "Plan Width": 29, "Actual Startup Time": 1831.606, "Actual Total Time": 1831.616, "Actual Rows": 4, "Actual Loops": 1, "Inner Unique": true, "Hash Cond": "(mi_idx.movie_id = t.id), (LLVM Optimized, Jit Execute)", "Plans": [{"Node Type": "Nested Loop", "Parent Relationship": "Outer", "Join Type": "Inner", "Startup Cost": 7510.87, "Total Cost": 21752.95, "Plan Rows": 345008, "Plan Width": 4, "Actual Startup Time": 0.134, "Actual Total Time": 0.145, "Actual Rows": 10, "Actual Loops": 1, "Inner Unique": false, "Plans": [{"Node Type": "Bitmap Heap Scan", "Parent Relationship": "Outer", "Relation Name": "info_type", "Alias": "it", "Startup Cost": 8.81, "Total Cost": 14.21, "Plan Rows": 1, "Plan Width": 4, "Actual Startup Time": 0.093, "Actual Total Time": 0.094, "Actual Rows": 1, "Actual Loops": 1, "Filter": "((info)::text = 'bottom 10 rank'::text)", "Rows Removed by Filter": 111, "Exact Heap Blocks": 1, "Lossy Heap Blocks": 1, "Plans": [{"Node Type": "Bitmap Index Scan", "Parent Relationship": "Outer", "Index Name": "info_type_pkey", "Startup Cost": 0.0, "Total Cost": 8.81, "Plan Rows": 112, "Plan Width": 0, "Actual Startup Time": 0.019, "Actual Total Time": 0.019, "Actual Rows": 112, "Actual Loops": 1}]}, {"Node Type": "Bitmap Heap Scan", "Parent Relationship": "Inner", "Relation Name": "movie_info_idx", "Alias": "mi_idx", "Startup Cost": 7502.06, "Total Cost": 18288.66, "Plan Rows": 345008, "Plan Width": 8, "Actual Startup Time": 0.028, "Actual Total Time": 0.032, "Actual Rows": 10, "Actual Loops": 1, "Recheck Cond": "(info_type_id = it.id), (LLVM Optimized, Jit Execute)", "Rows Removed by Index Recheck": 0, "Exact Heap Blocks": 1, "Lossy Heap Blocks": 1, "Plans": [{"Node Type": "Bitmap Index Scan", "Parent Relationship": "Outer", "Index Name": "info_type_id_movie_info_idx", "Startup Cost": 0.0, "Total Cost": 7415.81, "Plan Rows": 345008, "Plan Width": 0, "Actual Startup Time": 0.013, "Actual Total Time": 0.013, "Actual Rows": 10, "Actual Loops": 1, "Index Cond": "(info_type_id = it.id)"}]}]}, {"Node Type": "Hash", "Parent Relationship": "Inner", "Startup Cost": 122544.28, "Total Cost": 122544.28, "Plan Rows": 719240, "Plan Width": 25, "Actual Startup Time": 1830.245, "Actual Total Time": 1830.245, "Actual Rows": 716259, "Actual Loops": 1, "Hash Buckets": 1048576, "Hash Batches": 1, "Original Hash Batches": 1, "Peak Memory Usage": 41052, "Plans": [{"Node Type": "Bitmap Heap Scan", "Parent Relationship": "Outer", "Relation Name": "title", "Alias": "t", "Startup Cost": 49833.61, "Total Cost": 122544.28, "Plan Rows": 719240, "Plan Width": 25, "Actual Startup Time": 311.902, "Actual Total Time": 1515.668, "Actual Rows": 716259, "Actual Loops": 1, "Filter": "((production_year >= 2005) AND (production_year <= 2010)), (LLVM Optimized, Jit Execute)", "Rows Removed by Filter": 1812052, "Exact Heap Blocks": 34786, "Lossy Heap Blocks": 34786, "Plans": [{"Node Type": "Bitmap Index Scan", "Parent Relationship": "Outer", "Index Name": "title_pkey", "Startup Cost": 0.0, "Total Cost": 49653.81, "Plan Rows": 2528311, "Plan Width": 0, "Actual Startup Time": 303.867, "Actual Total Time": 303.867, "Actual Rows": 2528311, "Actual Loops": 1}]}]}]}]}]}]}, "Triggers": [], "Planner Runtime": 9.336, "Total Runtime": 2491.956, "Unique SQL Id": 1162488282}}, "(64, '72')": {"explain_plan": {"Plan": {"Node Type": "Aggregate", "Strategy": "Plain", "Startup Cost": 200839.08, "Total Cost": 200839.09, "Plan Rows": 1, "Plan Width": 113, "Plans": [{"Node Type": "Hash Join", "Parent Relationship": "Outer", "Join Type": "Inner", "Startup Cost": 125363.9, "Total Cost": 197483.05, "Plan Rows": 447470, "Plan Width": 45, "Inner Unique": true, "Hash Cond": "(mc.company_type_id = ct.id), (LLVM Optimized)", "Plans": [{"Node Type": "Hash Join", "Parent Relationship": "Outer", "Join Type": "Inner", "Startup Cost": 125362.85, "Total Cost": 193012.49, "Plan Rows": 549199, "Plan Width": 49, "Inner Unique": false, "Hash Cond": "(mc.movie_id = t.id), (LLVM Optimized)", "Plans": [{"Node Type": "Seq Scan", "Parent Relationship": "Outer", "Relation Name": "movie_companies", "Alias": "mc", "Startup Cost": 0.0, "Total Cost": 48340.1, "Plan Rows": 2609035, "Plan Width": 32, "Filter": "((note)::text !~~ '%(as Metro-Goldwyn-Mayer Pictures)%'::text), (LLVM Optimized)"}, {"Node Type": "Hash", "Parent Relationship": "Inner", "Startup Cost": 120407.8, "Total Cost": 120407.8, "Plan Rows": 396404, "Plan Width": 29, "Plans": [{"Node Type": "Hash Join", "Parent Relationship": "Outer", "Join Type": "Inner", "Startup Cost": 87966.85, "Total Cost": 120407.8, "Plan Rows": 396404, "Plan Width": 29, "Inner Unique": true, "Hash Cond": "(mi_idx.movie_id = t.id), (LLVM Optimized)", "Plans": [{"Node Type": "Hash Join", "Parent Relationship": "Outer", "Join Type": "Inner", "Startup Cost": 2.41, "Total Cost": 27185.54, "Plan Rows": 345008, "Plan Width": 4, "Inner Unique": true, "Hash Cond": "(mi_idx.info_type_id = it.id), (LLVM Optimized)", "Plans": [{"Node Type": "Seq Scan", "Parent Relationship": "Outer", "Relation Name": "movie_info_idx", "Alias": "mi_idx", "Startup Cost": 0.0, "Total Cost": 20274.34, "Plan Rows": 1380034, "Plan Width": 8}, {"Node Type": "Hash", "Parent Relationship": "Inner", "Startup Cost": 2.4, "Total Cost": 2.4, "Plan Rows": 1, "Plan Width": 4, "Plans": [{"Node Type": "Seq Scan", "Parent Relationship": "Outer", "Relation Name": "info_type", "Alias": "it", "Startup Cost": 0.0, "Total Cost": 2.4, "Plan Rows": 1, "Plan Width": 4, "Filter": "((info)::text = 'bottom 10 rank'::text)"}]}]}, {"Node Type": "Hash", "Parent Relationship": "Inner", "Startup Cost": 78973.94, "Total Cost": 78973.94, "Plan Rows": 719240, "Plan Width": 25, "Plans": [{"Node Type": "Streaming(type: LOCAL GATHER dop: 1/64)", "Parent Relationship": "Outer", "Startup Cost": 1813.35, "Total Cost": 78973.94, "Plan Rows": 719240, "Plan Width": 25, "Plans": [{"Node Type": "Seq Scan", "Parent Relationship": "Outer", "Relation Name": "title", "Alias": "t", "Startup Cost": 1813.35, "Total Cost": 64136.1, "Plan Rows": 719240, "Plan Width": 25, "Filter": "((production_year >= 2005) AND (production_year <= 2010)), (LLVM Optimized)"}]}]}]}]}]}, {"Node Type": "Hash", "Parent Relationship": "Inner", "Startup Cost": 1.04, "Total Cost": 1.04, "Plan Rows": 1, "Plan Width": 4, "Plans": [{"Node Type": "Seq Scan", "Parent Relationship": "Outer", "Relation Name": "company_type", "Alias": "ct", "Startup Cost": 0.0, "Total Cost": 1.04, "Plan Rows": 1, "Plan Width": 4, "Filter": "((kind)::text = 'production companies'::text)"}]}]}]}, "Unique SQL Id": 1162488282, "Planner Runtime": 14}, "explain_analyze_plan": {"Plan": {"Node Type": "Aggregate", "Strategy": "Plain", "Startup Cost": 200839.08, "Total Cost": 200839.09, "Plan Rows": 1, "Plan Width": 113, "Actual Min Startup Time": 2478.651, "Actual Max Startup Time": 2478.651, "Actual Min Total Time": 2478.651, "Actual Max Total Time": 2478.651, "Plans": [{"Node Type": "Hash Join", "Parent Relationship": "Outer", "Join Type": "Inner", "Startup Cost": 125363.9, "Total Cost": 197483.05, "Plan Rows": 447470, "Plan Width": 45, "Actual Min Startup Time": 2304.972, "Actual Max Startup Time": 2304.972, "Actual Min Total Time": 2478.612, "Actual Max Total Time": 2478.612, "Inner Unique": true, "Hash Cond": "(mc.company_type_id = ct.id), (LLVM Optimized, Jit Execute)", "Plans": [{"Node Type": "Hash Join", "Parent Relationship": "Outer", "Join Type": "Inner", "Startup Cost": 125362.85, "Total Cost": 193012.49, "Plan Rows": 549199, "Plan Width": 49, "Actual Min Startup Time": 1633.274, "Actual Max Startup Time": 1633.274, "Actual Min Total Time": 2478.314, "Actual Max Total Time": 2478.314, "Inner Unique": false, "Hash Cond": "(mc.movie_id = t.id), (LLVM Optimized, Jit Execute)", "Plans": [{"Node Type": "Seq Scan", "Parent Relationship": "Outer", "Relation Name": "movie_companies", "Alias": "mc", "Startup Cost": 0.0, "Total Cost": 48340.1, "Plan Rows": 2609035, "Plan Width": 32, "Actual Min Startup Time": 0.048, "Actual Max Startup Time": 0.048, "Actual Min Total Time": 915.023, "Actual Max Total Time": 915.023, "Filter": "((note)::text !~~ '%(as Metro-Goldwyn-Mayer Pictures)%'::text), (LLVM Optimized, Jit Execute)", "Rows Removed by Filter": 1272041, "Actual Rows": 1337087}, {"Node Type": "Hash", "Parent Relationship": "Inner", "Startup Cost": 120407.8, "Total Cost": 120407.8, "Plan Rows": 396404, "Plan Width": 29, "Actual Min Startup Time": 1300.215, "Actual Max Startup Time": 1300.215, "Actual Min Total Time": 1300.215, "Actual Max Total Time": 1300.215, "Max Hash Buckets": 524288, "Min Hash Buckets": 524288, "Max Hash Batches": 1, "Min Hash Batches": 1, "Max Original Hash Batches": 1, "Min Original Hash Batches": 1, "Max Peak Memory Usage": 1, "min Peak Memory Usage": 1, "Plans": [{"Node Type": "Hash Join", "Parent Relationship": "Outer", "Join Type": "Inner", "Startup Cost": 87966.85, "Total Cost": 120407.8, "Plan Rows": 396404, "Plan Width": 29, "Actual Min Startup Time": 1300.153, "Actual Max Startup Time": 1300.153, "Actual Min Total Time": 1300.201, "Actual Max Total Time": 1300.201, "Inner Unique": true, "Hash Cond": "(mi_idx.movie_id = t.id), (LLVM Optimized, Jit Execute)", "Plans": [{"Node Type": "Hash Join", "Parent Relationship": "Outer", "Join Type": "Inner", "Startup Cost": 2.41, "Total Cost": 27185.54, "Plan Rows": 345008, "Plan Width": 4, "Actual Min Startup Time": 531.151, "Actual Max Startup Time": 531.151, "Actual Min Total Time": 531.158, "Actual Max Total Time": 531.158, "Inner Unique": true, "Hash Cond": "(mi_idx.info_type_id = it.id), (LLVM Optimized, Jit Execute)", "Plans": [{"Node Type": "Seq Scan", "Parent Relationship": "Outer", "Relation Name": "movie_info_idx", "Alias": "mi_idx", "Startup Cost": 0.0, "Total Cost": 20274.34, "Plan Rows": 1380034, "Plan Width": 8, "Actual Min Startup Time": 0.043, "Actual Max Startup Time": 0.043, "Actual Min Total Time": 300.571, "Actual Max Total Time": 300.571, "Actual Rows": 1380034}, {"Node Type": "Hash", "Parent Relationship": "Inner", "Startup Cost": 2.4, "Total Cost": 2.4, "Plan Rows": 1, "Plan Width": 4, "Actual Min Startup Time": 0.089, "Actual Max Startup Time": 0.089, "Actual Min Total Time": 0.089, "Actual Max Total Time": 0.089, "Max Hash Buckets": 32768, "Min Hash Buckets": 32768, "Max Hash Batches": 1, "Min Hash Batches": 1, "Max Original Hash Batches": 1, "Min Original Hash Batches": 1, "Max Peak Memory Usage": 1, "min Peak Memory Usage": 1, "Plans": [{"Node Type": "Seq Scan", "Parent Relationship": "Outer", "Relation Name": "info_type", "Alias": "it", "Startup Cost": 0.0, "Total Cost": 2.4, "Plan Rows": 1, "Plan Width": 4, "Actual Min Startup Time": 0.074, "Actual Max Startup Time": 0.074, "Actual Min Total Time": 0.077, "Actual Max Total Time": 0.077, "Filter": "((info)::text = 'bottom 10 rank'::text)", "Rows Removed by Filter": 111, "Actual Rows": 1}], "Actual Rows": 1}], "Actual Rows": 10}, {"Node Type": "Hash", "Parent Relationship": "Inner", "Startup Cost": 78973.94, "Total Cost": 78973.94, "Plan Rows": 719240, "Plan Width": 25, "Actual Min Startup Time": 767.713, "Actual Max Startup Time": 767.713, "Actual Min Total Time": 767.713, "Actual Max Total Time": 767.713, "Max Hash Buckets": 1048576, "Min Hash Buckets": 1048576, "Max Hash Batches": 1, "Min Hash Batches": 1, "Max Original Hash Batches": 1, "Min Original Hash Batches": 1, "Max Peak Memory Usage": 41052, "min Peak Memory Usage": 41052, "Plans": [{"Node Type": "Streaming(type: LOCAL GATHER dop: 1/64)", "Parent Relationship": "Outer", "Startup Cost": 1813.35, "Total Cost": 78973.94, "Plan Rows": 719240, "Plan Width": 25, "Actual Min Startup Time": 46.843, "Actual Max Startup Time": 46.843, "Actual Min Total Time": 498.917, "Actual Max Total Time": 498.917, "Plans": [{"Node Type": "Seq Scan", "Parent Relationship": "Outer", "Relation Name": "title", "Alias": "t", "Startup Cost": 1813.35, "Total Cost": 64136.1, "Plan Rows": 719240, "Plan Width": 25, "Actual Min Startup Time": 0.029, "Actual Max Startup Time": 0.066, "Actual Min Total Time": 15.489, "Actual Max Total Time": 19.26, "Filter": "((production_year >= 2005) AND (production_year <= 2010)), (LLVM Optimized, Jit Execute)", "Rows Removed by Filter": 1812052, "Actual Rows": 716259}], "Actual Rows": 716259}], "Actual Rows": 716259}], "Actual Rows": 4}], "Actual Rows": 4}], "Actual Rows": 66}, {"Node Type": "Hash", "Parent Relationship": "Inner", "Startup Cost": 1.04, "Total Cost": 1.04, "Plan Rows": 1, "Plan Width": 4, "Actual Min Startup Time": 0.059, "Actual Max Startup Time": 0.059, "Actual Min Total Time": 0.059, "Actual Max Total Time": 0.059, "Max Hash Buckets": 32768, "Min Hash Buckets": 32768, "Max Hash Batches": 1, "Min Hash Batches": 1, "Max Original Hash Batches": 1, "Min Original Hash Batches": 1, "Max Peak Memory Usage": 1, "min Peak Memory Usage": 1, "Plans": [{"Node Type": "Seq Scan", "Parent Relationship": "Outer", "Relation Name": "company_type", "Alias": "ct", "Startup Cost": 0.0, "Total Cost": 1.04, "Plan Rows": 1, "Plan Width": 4, "Actual Min Startup Time": 0.039, "Actual Max Startup Time": 0.039, "Actual Min Total Time": 0.042, "Actual Max Total Time": 0.042, "Filter": "((kind)::text = 'production companies'::text)", "Rows Removed by Filter": 2, "Actual Rows": 1}], "Actual Rows": 1}], "Actual Rows": 3}], "Actual Rows": 1}, "Triggers": [], "Planner Runtime": 12.541, "Total Runtime": 2502.712, "Unique SQL Id": 1162488282}}, "(64, '73')": {"explain_plan": {"Plan": {"Node Type": "Aggregate", "Strategy": "Plain", "Startup Cost": 264407.24, "Total Cost": 264407.25, "Plan Rows": 1, "Plan Width": 113, "Plans": [{"Node Type": "Hash Join", "Parent Relationship": "Outer", "Join Type": "Inner", "Startup Cost": 180303.61, "Total Cost": 261051.22, "Plan Rows": 447470, "Plan Width": 45, "Inner Unique": false, "Hash Cond": "(mc.movie_id = t.id), (LLVM Optimized)", "Plans": [{"Node Type": "Nested Loop", "Parent Relationship": "Outer", "Join Type": "Inner", "Startup Cost": 0.0, "Total Cost": 69436.41, "Plan Rows": 1304518, "Plan Width": 28, "Inner Unique": false, "Plans": [{"Node Type": "Index Scan", "Parent Relationship": "Outer", "Scan Direction": "Forward", "Index Name": "company_type_pkey", "Relation Name": "company_type", "Alias": "ct", "Startup Cost": 0.0, "Total Cost": 12.3, "Plan Rows": 1, "Plan Width": 4, "Filter": "((kind)::text = 'production companies'::text)"}, {"Node Type": "Index Scan", "Parent Relationship": "Inner", "Scan Direction": "Forward", "Index Name": "company_type_id_movie_companies", "Relation Name": "movie_companies", "Alias": "mc", "Startup Cost": 0.0, "Total Cost": 56378.94, "Plan Rows": 1304517, "Plan Width": 32, "Index Cond": "(company_type_id = ct.id), (LLVM Optimized)", "Filter": "((note)::text !~~ '%(as Metro-Goldwyn-Mayer Pictures)%'::text), (LLVM Optimized)"}]}, {"Node Type": "Hash", "Parent Relationship": "Inner", "Startup Cost": 175348.56, "Total Cost": 175348.56, "Plan Rows": 396404, "Plan Width": 29, "Plans": [{"Node Type": "Hash Join", "Parent Relationship": "Outer", "Join Type": "Inner", "Startup Cost": 131752.54, "Total Cost": 175348.56, "Plan Rows": 396404, "Plan Width": 29, "Inner Unique": true, "Hash Cond": "(mi_idx.movie_id = t.id), (LLVM Optimized)", "Plans": [{"Node Type": "Nested Loop", "Parent Relationship": "Outer", "Join Type": "Inner", "Startup Cost": 0.0, "Total Cost": 38338.2, "Plan Rows": 345008, "Plan Width": 4, "Inner Unique": false, "Plans": [{"Node Type": "Index Scan", "Parent Relationship": "Outer", "Scan Direction": "Forward", "Index Name": "info_type_pkey", "Relation Name": "info_type", "Alias": "it", "Startup Cost": 0.0, "Total Cost": 14.21, "Plan Rows": 1, "Plan Width": 4, "Filter": "((info)::text = 'bottom 10 rank'::text)"}, {"Node Type": "Index Scan", "Parent Relationship": "Inner", "Scan Direction": "Forward", "Index Name": "info_type_id_movie_info_idx", "Relation Name": "movie_info_idx", "Alias": "mi_idx", "Startup Cost": 0.0, "Total Cost": 34873.91, "Plan Rows": 345008, "Plan Width": 8, "Index Cond": "(info_type_id = it.id), (LLVM Optimized)"}]}, {"Node Type": "Hash", "Parent Relationship": "Inner", "Startup Cost": 122762.04, "Total Cost": 122762.04, "Plan Rows": 719240, "Plan Width": 25, "Plans": [{"Node Type": "Index Scan", "Parent Relationship": "Outer", "Scan Direction": "Forward", "Index Name": "title_pkey", "Relation Name": "title", "Alias": "t", "Startup Cost": 0.0, "Total Cost": 122762.04, "Plan Rows": 719240, "Plan Width": 25, "Filter": "((production_year >= 2005) AND (production_year <= 2010)), (LLVM Optimized)"}]}]}]}]}]}, "Unique SQL Id": 1162488282, "Planner Runtime": 11}, "explain_analyze_plan": null}, "(64, '74')": {"explain_plan": {"Plan": {"Node Type": "Aggregate", "Strategy": "Plain", "Startup Cost": 200839.08, "Total Cost": 200839.09, "Plan Rows": 1, "Plan Width": 113, "Plans": [{"Node Type": "Hash Join", "Parent Relationship": "Outer", "Join Type": "Inner", "Startup Cost": 125363.9, "Total Cost": 197483.05, "Plan Rows": 447470, "Plan Width": 45, "Inner Unique": true, "Hash Cond": "(mc.company_type_id = ct.id), (LLVM Optimized)", "Plans": [{"Node Type": "Hash Join", "Parent Relationship": "Outer", "Join Type": "Inner", "Startup Cost": 125362.85, "Total Cost": 193012.49, "Plan Rows": 549199, "Plan Width": 49, "Inner Unique": false, "Hash Cond": "(mc.movie_id = t.id), (LLVM Optimized)", "Plans": [{"Node Type": "Seq Scan", "Parent Relationship": "Outer", "Relation Name": "movie_companies", "Alias": "mc", "Startup Cost": 0.0, "Total Cost": 48340.1, "Plan Rows": 2609035, "Plan Width": 32, "Filter": "((note)::text !~~ '%(as Metro-Goldwyn-Mayer Pictures)%'::text), (LLVM Optimized)"}, {"Node Type": "Hash", "Parent Relationship": "Inner", "Startup Cost": 120407.8, "Total Cost": 120407.8, "Plan Rows": 396404, "Plan Width": 29, "Plans": [{"Node Type": "Hash Join", "Parent Relationship": "Outer", "Join Type": "Inner", "Startup Cost": 87966.85, "Total Cost": 120407.8, "Plan Rows": 396404, "Plan Width": 29, "Inner Unique": true, "Hash Cond": "(mi_idx.movie_id = t.id), (LLVM Optimized)", "Plans": [{"Node Type": "Hash Join", "Parent Relationship": "Outer", "Join Type": "Inner", "Startup Cost": 2.41, "Total Cost": 27185.54, "Plan Rows": 345008, "Plan Width": 4, "Inner Unique": true, "Hash Cond": "(mi_idx.info_type_id = it.id), (LLVM Optimized)", "Plans": [{"Node Type": "Seq Scan", "Parent Relationship": "Outer", "Relation Name": "movie_info_idx", "Alias": "mi_idx", "Startup Cost": 0.0, "Total Cost": 20274.34, "Plan Rows": 1380034, "Plan Width": 8}, {"Node Type": "Hash", "Parent Relationship": "Inner", "Startup Cost": 2.4, "Total Cost": 2.4, "Plan Rows": 1, "Plan Width": 4, "Plans": [{"Node Type": "Seq Scan", "Parent Relationship": "Outer", "Relation Name": "info_type", "Alias": "it", "Startup Cost": 0.0, "Total Cost": 2.4, "Plan Rows": 1, "Plan Width": 4, "Filter": "((info)::text = 'bottom 10 rank'::text)"}]}]}, {"Node Type": "Hash", "Parent Relationship": "Inner", "Startup Cost": 78973.94, "Total Cost": 78973.94, "Plan Rows": 719240, "Plan Width": 25, "Plans": [{"Node Type": "Streaming(type: LOCAL GATHER dop: 1/64)", "Parent Relationship": "Outer", "Startup Cost": 1813.35, "Total Cost": 78973.94, "Plan Rows": 719240, "Plan Width": 25, "Plans": [{"Node Type": "Seq Scan", "Parent Relationship": "Outer", "Relation Name": "title", "Alias": "t", "Startup Cost": 1813.35, "Total Cost": 64136.1, "Plan Rows": 719240, "Plan Width": 25, "Filter": "((production_year >= 2005) AND (production_year <= 2010)), (LLVM Optimized)"}]}]}]}]}]}, {"Node Type": "Hash", "Parent Relationship": "Inner", "Startup Cost": 1.04, "Total Cost": 1.04, "Plan Rows": 1, "Plan Width": 4, "Plans": [{"Node Type": "Seq Scan", "Parent Relationship": "Outer", "Relation Name": "company_type", "Alias": "ct", "Startup Cost": 0.0, "Total Cost": 1.04, "Plan Rows": 1, "Plan Width": 4, "Filter": "((kind)::text = 'production companies'::text)"}]}]}]}, "Unique SQL Id": 1162488282, "Planner Runtime": 10}, "explain_analyze_plan": {"Plan": {"Node Type": "Aggregate", "Strategy": "Plain", "Startup Cost": 200839.08, "Total Cost": 200839.09, "Plan Rows": 1, "Plan Width": 113, "Actual Min Startup Time": 2478.651, "Actual Max Startup Time": 2478.651, "Actual Min Total Time": 2478.651, "Actual Max Total Time": 2478.651, "Plans": [{"Node Type": "Hash Join", "Parent Relationship": "Outer", "Join Type": "Inner", "Startup Cost": 125363.9, "Total Cost": 197483.05, "Plan Rows": 447470, "Plan Width": 45, "Actual Min Startup Time": 2304.972, "Actual Max Startup Time": 2304.972, "Actual Min Total Time": 2478.612, "Actual Max Total Time": 2478.612, "Inner Unique": true, "Hash Cond": "(mc.company_type_id = ct.id), (LLVM Optimized, Jit Execute)", "Plans": [{"Node Type": "Hash Join", "Parent Relationship": "Outer", "Join Type": "Inner", "Startup Cost": 125362.85, "Total Cost": 193012.49, "Plan Rows": 549199, "Plan Width": 49, "Actual Min Startup Time": 1633.274, "Actual Max Startup Time": 1633.274, "Actual Min Total Time": 2478.314, "Actual Max Total Time": 2478.314, "Inner Unique": false, "Hash Cond": "(mc.movie_id = t.id), (LLVM Optimized, Jit Execute)", "Plans": [{"Node Type": "Seq Scan", "Parent Relationship": "Outer", "Relation Name": "movie_companies", "Alias": "mc", "Startup Cost": 0.0, "Total Cost": 48340.1, "Plan Rows": 2609035, "Plan Width": 32, "Actual Min Startup Time": 0.048, "Actual Max Startup Time": 0.048, "Actual Min Total Time": 915.023, "Actual Max Total Time": 915.023, "Filter": "((note)::text !~~ '%(as Metro-Goldwyn-Mayer Pictures)%'::text), (LLVM Optimized, Jit Execute)", "Rows Removed by Filter": 1272041, "Actual Rows": 1337087}, {"Node Type": "Hash", "Parent Relationship": "Inner", "Startup Cost": 120407.8, "Total Cost": 120407.8, "Plan Rows": 396404, "Plan Width": 29, "Actual Min Startup Time": 1300.215, "Actual Max Startup Time": 1300.215, "Actual Min Total Time": 1300.215, "Actual Max Total Time": 1300.215, "Max Hash Buckets": 524288, "Min Hash Buckets": 524288, "Max Hash Batches": 1, "Min Hash Batches": 1, "Max Original Hash Batches": 1, "Min Original Hash Batches": 1, "Max Peak Memory Usage": 1, "min Peak Memory Usage": 1, "Plans": [{"Node Type": "Hash Join", "Parent Relationship": "Outer", "Join Type": "Inner", "Startup Cost": 87966.85, "Total Cost": 120407.8, "Plan Rows": 396404, "Plan Width": 29, "Actual Min Startup Time": 1300.153, "Actual Max Startup Time": 1300.153, "Actual Min Total Time": 1300.201, "Actual Max Total Time": 1300.201, "Inner Unique": true, "Hash Cond": "(mi_idx.movie_id = t.id), (LLVM Optimized, Jit Execute)", "Plans": [{"Node Type": "Hash Join", "Parent Relationship": "Outer", "Join Type": "Inner", "Startup Cost": 2.41, "Total Cost": 27185.54, "Plan Rows": 345008, "Plan Width": 4, "Actual Min Startup Time": 531.151, "Actual Max Startup Time": 531.151, "Actual Min Total Time": 531.158, "Actual Max Total Time": 531.158, "Inner Unique": true, "Hash Cond": "(mi_idx.info_type_id = it.id), (LLVM Optimized, Jit Execute)", "Plans": [{"Node Type": "Seq Scan", "Parent Relationship": "Outer", "Relation Name": "movie_info_idx", "Alias": "mi_idx", "Startup Cost": 0.0, "Total Cost": 20274.34, "Plan Rows": 1380034, "Plan Width": 8, "Actual Min Startup Time": 0.043, "Actual Max Startup Time": 0.043, "Actual Min Total Time": 300.571, "Actual Max Total Time": 300.571, "Actual Rows": 1380034}, {"Node Type": "Hash", "Parent Relationship": "Inner", "Startup Cost": 2.4, "Total Cost": 2.4, "Plan Rows": 1, "Plan Width": 4, "Actual Min Startup Time": 0.089, "Actual Max Startup Time": 0.089, "Actual Min Total Time": 0.089, "Actual Max Total Time": 0.089, "Max Hash Buckets": 32768, "Min Hash Buckets": 32768, "Max Hash Batches": 1, "Min Hash Batches": 1, "Max Original Hash Batches": 1, "Min Original Hash Batches": 1, "Max Peak Memory Usage": 1, "min Peak Memory Usage": 1, "Plans": [{"Node Type": "Seq Scan", "Parent Relationship": "Outer", "Relation Name": "info_type", "Alias": "it", "Startup Cost": 0.0, "Total Cost": 2.4, "Plan Rows": 1, "Plan Width": 4, "Actual Min Startup Time": 0.074, "Actual Max Startup Time": 0.074, "Actual Min Total Time": 0.077, "Actual Max Total Time": 0.077, "Filter": "((info)::text = 'bottom 10 rank'::text)", "Rows Removed by Filter": 111, "Actual Rows": 1}], "Actual Rows": 1}], "Actual Rows": 10}, {"Node Type": "Hash", "Parent Relationship": "Inner", "Startup Cost": 78973.94, "Total Cost": 78973.94, "Plan Rows": 719240, "Plan Width": 25, "Actual Min Startup Time": 767.713, "Actual Max Startup Time": 767.713, "Actual Min Total Time": 767.713, "Actual Max Total Time": 767.713, "Max Hash Buckets": 1048576, "Min Hash Buckets": 1048576, "Max Hash Batches": 1, "Min Hash Batches": 1, "Max Original Hash Batches": 1, "Min Original Hash Batches": 1, "Max Peak Memory Usage": 41052, "min Peak Memory Usage": 41052, "Plans": [{"Node Type": "Streaming(type: LOCAL GATHER dop: 1/64)", "Parent Relationship": "Outer", "Startup Cost": 1813.35, "Total Cost": 78973.94, "Plan Rows": 719240, "Plan Width": 25, "Actual Min Startup Time": 46.843, "Actual Max Startup Time": 46.843, "Actual Min Total Time": 498.917, "Actual Max Total Time": 498.917, "Plans": [{"Node Type": "Seq Scan", "Parent Relationship": "Outer", "Relation Name": "title", "Alias": "t", "Startup Cost": 1813.35, "Total Cost": 64136.1, "Plan Rows": 719240, "Plan Width": 25, "Actual Min Startup Time": 0.029, "Actual Max Startup Time": 0.066, "Actual Min Total Time": 15.489, "Actual Max Total Time": 19.26, "Filter": "((production_year >= 2005) AND (production_year <= 2010)), (LLVM Optimized, Jit Execute)", "Rows Removed by Filter": 1812052, "Actual Rows": 716259}], "Actual Rows": 716259}], "Actual Rows": 716259}], "Actual Rows": 4}], "Actual Rows": 4}], "Actual Rows": 66}, {"Node Type": "Hash", "Parent Relationship": "Inner", "Startup Cost": 1.04, "Total Cost": 1.04, "Plan Rows": 1, "Plan Width": 4, "Actual Min Startup Time": 0.059, "Actual Max Startup Time": 0.059, "Actual Min Total Time": 0.059, "Actual Max Total Time": 0.059, "Max Hash Buckets": 32768, "Min Hash Buckets": 32768, "Max Hash Batches": 1, "Min Hash Batches": 1, "Max Original Hash Batches": 1, "Min Original Hash Batches": 1, "Max Peak Memory Usage": 1, "min Peak Memory Usage": 1, "Plans": [{"Node Type": "Seq Scan", "Parent Relationship": "Outer", "Relation Name": "company_type", "Alias": "ct", "Startup Cost": 0.0, "Total Cost": 1.04, "Plan Rows": 1, "Plan Width": 4, "Actual Min Startup Time": 0.039, "Actual Max Startup Time": 0.039, "Actual Min Total Time": 0.042, "Actual Max Total Time": 0.042, "Filter": "((kind)::text = 'production companies'::text)", "Rows Removed by Filter": 2, "Actual Rows": 1}], "Actual Rows": 1}], "Actual Rows": 3}], "Actual Rows": 1}, "Triggers": [], "Planner Runtime": 12.541, "Total Runtime": 2502.712, "Unique SQL Id": 1162488282}}, "(64, '75')": {"explain_plan": {"Plan": {"Node Type": "Aggregate", "Strategy": "Plain", "Startup Cost": 4997227341960.98, "Total Cost": 4997227341960.99, "Plan Rows": 1, "Plan Width": 113, "Plans": [{"Node Type": "Hash Join", "Parent Relationship": "Outer", "Join Type": "Inner", "Startup Cost": 2030027765187.18, "Total Cost": 4997227338604.96, "Plan Rows": 447470, "Plan Width": 45, "Inner Unique": true, "Hash Cond": "(mc.company_type_id = ct.id), (LLVM Optimized)", "Plans": [{"Node Type": "Hash Join", "Parent Relationship": "Outer", "Join Type": "Inner", "Startup Cost": 1030027763956.92, "Total Cost": 3997227332905.19, "Plan Rows": 549199, "Plan Width": 49, "Inner Unique": true, "Hash Cond": "(mi_idx.info_type_id = it.id), (LLVM Optimized)", "Plans": [{"Node Type": "Merge Join", "Parent Relationship": "Outer", "Join Type": "Inner", "Startup Cost": 30027762535.91, "Total Cost": 2997227320486.44, "Plan Rows": 2196800, "Plan Width": 53, "Inner Unique": false, "Merge Cond": "(mi_idx.movie_id = t.id)", "Plans": [{"Node Type": "Index Scan", "Parent Relationship": "Outer", "Scan Direction": "Forward", "Index Name": "movie_id_movie_info_idx", "Relation Name": "movie_info_idx", "Alias": "mi_idx", "Startup Cost": 10000000000.0, "Total Cost": 1000004650035.37, "Plan Rows": 1380034, "Plan Width": 8}, {"Node Type": "Materialize", "Parent Relationship": "Inner", "Startup Cost": 20022023519.89, "Total Cost": 1999077622532.18, "Plan Rows": 1728348, "Plan Width": 57, "Plans": [{"Node Type": "Merge Join", "Parent Relationship": "Outer", "Join Type": "Inner", "Startup Cost": 20022023519.89, "Total Cost": 1999077618211.31, "Plan Rows": 1728348, "Plan Width": 57, "Inner Unique": false, "Merge Cond": "(t.id = mc.movie_id)", "Plans": [{"Node Type": "Index Scan", "Parent Relationship": "Outer", "Scan Direction": "Forward", "Index Name": "title_pkey", "Relation Name": "title", "Alias": "t", "Startup Cost": 10000000000.0, "Total Cost": 1000012276204.41, "Plan Rows": 719240, "Plan Width": 25, "Filter": "((production_year >= 2005) AND (production_year <= 2010)), (LLVM Optimized)"}, {"Node Type": "Index Scan", "Parent Relationship": "Inner", "Scan Direction": "Forward", "Index Name": "movie_id_movie_companies", "Relation Name": "movie_companies", "Alias": "mc", "Startup Cost": 10000000000.0, "Total Cost": 1000013704228.13, "Plan Rows": 2609035, "Plan Width": 32, "Filter": "((note)::text !~~ '%(as Metro-Goldwyn-Mayer Pictures)%'::text), (LLVM Optimized)"}]}]}]}, {"Node Type": "Hash", "Parent Relationship": "Inner", "Startup Cost": 1000000001421.0, "Total Cost": 1000000001421.0, "Plan Rows": 1, "Plan Width": 4, "Plans": [{"Node Type": "Index Scan", "Parent Relationship": "Outer", "Scan Direction": "Forward", "Index Name": "info_type_pkey", "Relation Name": "info_type", "Alias": "it", "Startup Cost": 10000000000.0, "Total Cost": 1000000001421.0, "Plan Rows": 1, "Plan Width": 4, "Filter": "((info)::text = 'bottom 10 rank'::text)"}]}]}, {"Node Type": "Hash", "Parent Relationship": "Inner", "Startup Cost": 1000000001230.25, "Total Cost": 1000000001230.25, "Plan Rows": 1, "Plan Width": 4, "Plans": [{"Node Type": "Index Scan", "Parent Relationship": "Outer", "Scan Direction": "Forward", "Index Name": "company_type_pkey", "Relation Name": "company_type", "Alias": "ct", "Startup Cost": 10000000000.0, "Total Cost": 1000000001230.25, "Plan Rows": 1, "Plan Width": 4, "Filter": "((kind)::text = 'production companies'::text)"}]}]}]}, "Unique SQL Id": 1162488282, "Planner Runtime": 14}, "explain_analyze_plan": null}, "(64, '76')": {"explain_plan": {"Plan": {"Node Type": "Aggregate", "Strategy": "Plain", "Startup Cost": 200839.08, "Total Cost": 200839.09, "Plan Rows": 1, "Plan Width": 113, "Plans": [{"Node Type": "Hash Join", "Parent Relationship": "Outer", "Join Type": "Inner", "Startup Cost": 125363.9, "Total Cost": 197483.05, "Plan Rows": 447470, "Plan Width": 45, "Inner Unique": true, "Hash Cond": "(mc.company_type_id = ct.id), (LLVM Optimized)", "Plans": [{"Node Type": "Hash Join", "Parent Relationship": "Outer", "Join Type": "Inner", "Startup Cost": 125362.85, "Total Cost": 193012.49, "Plan Rows": 549199, "Plan Width": 49, "Inner Unique": false, "Hash Cond": "(mc.movie_id = t.id), (LLVM Optimized)", "Plans": [{"Node Type": "Seq Scan", "Parent Relationship": "Outer", "Relation Name": "movie_companies", "Alias": "mc", "Startup Cost": 0.0, "Total Cost": 48340.1, "Plan Rows": 2609035, "Plan Width": 32, "Filter": "((note)::text !~~ '%(as Metro-Goldwyn-Mayer Pictures)%'::text), (LLVM Optimized)"}, {"Node Type": "Hash", "Parent Relationship": "Inner", "Startup Cost": 120407.8, "Total Cost": 120407.8, "Plan Rows": 396404, "Plan Width": 29, "Plans": [{"Node Type": "Hash Join", "Parent Relationship": "Outer", "Join Type": "Inner", "Startup Cost": 87966.85, "Total Cost": 120407.8, "Plan Rows": 396404, "Plan Width": 29, "Inner Unique": true, "Hash Cond": "(mi_idx.movie_id = t.id), (LLVM Optimized)", "Plans": [{"Node Type": "Hash Join", "Parent Relationship": "Outer", "Join Type": "Inner", "Startup Cost": 2.41, "Total Cost": 27185.54, "Plan Rows": 345008, "Plan Width": 4, "Inner Unique": true, "Hash Cond": "(mi_idx.info_type_id = it.id), (LLVM Optimized)", "Plans": [{"Node Type": "Seq Scan", "Parent Relationship": "Outer", "Relation Name": "movie_info_idx", "Alias": "mi_idx", "Startup Cost": 0.0, "Total Cost": 20274.34, "Plan Rows": 1380034, "Plan Width": 8}, {"Node Type": "Hash", "Parent Relationship": "Inner", "Startup Cost": 2.4, "Total Cost": 2.4, "Plan Rows": 1, "Plan Width": 4, "Plans": [{"Node Type": "Seq Scan", "Parent Relationship": "Outer", "Relation Name": "info_type", "Alias": "it", "Startup Cost": 0.0, "Total Cost": 2.4, "Plan Rows": 1, "Plan Width": 4, "Filter": "((info)::text = 'bottom 10 rank'::text)"}]}]}, {"Node Type": "Hash", "Parent Relationship": "Inner", "Startup Cost": 78973.94, "Total Cost": 78973.94, "Plan Rows": 719240, "Plan Width": 25, "Plans": [{"Node Type": "Streaming(type: LOCAL GATHER dop: 1/64)", "Parent Relationship": "Outer", "Startup Cost": 1813.35, "Total Cost": 78973.94, "Plan Rows": 719240, "Plan Width": 25, "Plans": [{"Node Type": "Seq Scan", "Parent Relationship": "Outer", "Relation Name": "title", "Alias": "t", "Startup Cost": 1813.35, "Total Cost": 64136.1, "Plan Rows": 719240, "Plan Width": 25, "Filter": "((production_year >= 2005) AND (production_year <= 2010)), (LLVM Optimized)"}]}]}]}]}]}, {"Node Type": "Hash", "Parent Relationship": "Inner", "Startup Cost": 1.04, "Total Cost": 1.04, "Plan Rows": 1, "Plan Width": 4, "Plans": [{"Node Type": "Seq Scan", "Parent Relationship": "Outer", "Relation Name": "company_type", "Alias": "ct", "Startup Cost": 0.0, "Total Cost": 1.04, "Plan Rows": 1, "Plan Width": 4, "Filter": "((kind)::text = 'production companies'::text)"}]}]}]}, "Unique SQL Id": 1162488282, "Planner Runtime": 14}, "explain_analyze_plan": {"Plan": {"Node Type": "Aggregate", "Strategy": "Plain", "Startup Cost": 200839.08, "Total Cost": 200839.09, "Plan Rows": 1, "Plan Width": 113, "Actual Min Startup Time": 2478.651, "Actual Max Startup Time": 2478.651, "Actual Min Total Time": 2478.651, "Actual Max Total Time": 2478.651, "Plans": [{"Node Type": "Hash Join", "Parent Relationship": "Outer", "Join Type": "Inner", "Startup Cost": 125363.9, "Total Cost": 197483.05, "Plan Rows": 447470, "Plan Width": 45, "Actual Min Startup Time": 2304.972, "Actual Max Startup Time": 2304.972, "Actual Min Total Time": 2478.612, "Actual Max Total Time": 2478.612, "Inner Unique": true, "Hash Cond": "(mc.company_type_id = ct.id), (LLVM Optimized, Jit Execute)", "Plans": [{"Node Type": "Hash Join", "Parent Relationship": "Outer", "Join Type": "Inner", "Startup Cost": 125362.85, "Total Cost": 193012.49, "Plan Rows": 549199, "Plan Width": 49, "Actual Min Startup Time": 1633.274, "Actual Max Startup Time": 1633.274, "Actual Min Total Time": 2478.314, "Actual Max Total Time": 2478.314, "Inner Unique": false, "Hash Cond": "(mc.movie_id = t.id), (LLVM Optimized, Jit Execute)", "Plans": [{"Node Type": "Seq Scan", "Parent Relationship": "Outer", "Relation Name": "movie_companies", "Alias": "mc", "Startup Cost": 0.0, "Total Cost": 48340.1, "Plan Rows": 2609035, "Plan Width": 32, "Actual Min Startup Time": 0.048, "Actual Max Startup Time": 0.048, "Actual Min Total Time": 915.023, "Actual Max Total Time": 915.023, "Filter": "((note)::text !~~ '%(as Metro-Goldwyn-Mayer Pictures)%'::text), (LLVM Optimized, Jit Execute)", "Rows Removed by Filter": 1272041, "Actual Rows": 1337087}, {"Node Type": "Hash", "Parent Relationship": "Inner", "Startup Cost": 120407.8, "Total Cost": 120407.8, "Plan Rows": 396404, "Plan Width": 29, "Actual Min Startup Time": 1300.215, "Actual Max Startup Time": 1300.215, "Actual Min Total Time": 1300.215, "Actual Max Total Time": 1300.215, "Max Hash Buckets": 524288, "Min Hash Buckets": 524288, "Max Hash Batches": 1, "Min Hash Batches": 1, "Max Original Hash Batches": 1, "Min Original Hash Batches": 1, "Max Peak Memory Usage": 1, "min Peak Memory Usage": 1, "Plans": [{"Node Type": "Hash Join", "Parent Relationship": "Outer", "Join Type": "Inner", "Startup Cost": 87966.85, "Total Cost": 120407.8, "Plan Rows": 396404, "Plan Width": 29, "Actual Min Startup Time": 1300.153, "Actual Max Startup Time": 1300.153, "Actual Min Total Time": 1300.201, "Actual Max Total Time": 1300.201, "Inner Unique": true, "Hash Cond": "(mi_idx.movie_id = t.id), (LLVM Optimized, Jit Execute)", "Plans": [{"Node Type": "Hash Join", "Parent Relationship": "Outer", "Join Type": "Inner", "Startup Cost": 2.41, "Total Cost": 27185.54, "Plan Rows": 345008, "Plan Width": 4, "Actual Min Startup Time": 531.151, "Actual Max Startup Time": 531.151, "Actual Min Total Time": 531.158, "Actual Max Total Time": 531.158, "Inner Unique": true, "Hash Cond": "(mi_idx.info_type_id = it.id), (LLVM Optimized, Jit Execute)", "Plans": [{"Node Type": "Seq Scan", "Parent Relationship": "Outer", "Relation Name": "movie_info_idx", "Alias": "mi_idx", "Startup Cost": 0.0, "Total Cost": 20274.34, "Plan Rows": 1380034, "Plan Width": 8, "Actual Min Startup Time": 0.043, "Actual Max Startup Time": 0.043, "Actual Min Total Time": 300.571, "Actual Max Total Time": 300.571, "Actual Rows": 1380034}, {"Node Type": "Hash", "Parent Relationship": "Inner", "Startup Cost": 2.4, "Total Cost": 2.4, "Plan Rows": 1, "Plan Width": 4, "Actual Min Startup Time": 0.089, "Actual Max Startup Time": 0.089, "Actual Min Total Time": 0.089, "Actual Max Total Time": 0.089, "Max Hash Buckets": 32768, "Min Hash Buckets": 32768, "Max Hash Batches": 1, "Min Hash Batches": 1, "Max Original Hash Batches": 1, "Min Original Hash Batches": 1, "Max Peak Memory Usage": 1, "min Peak Memory Usage": 1, "Plans": [{"Node Type": "Seq Scan", "Parent Relationship": "Outer", "Relation Name": "info_type", "Alias": "it", "Startup Cost": 0.0, "Total Cost": 2.4, "Plan Rows": 1, "Plan Width": 4, "Actual Min Startup Time": 0.074, "Actual Max Startup Time": 0.074, "Actual Min Total Time": 0.077, "Actual Max Total Time": 0.077, "Filter": "((info)::text = 'bottom 10 rank'::text)", "Rows Removed by Filter": 111, "Actual Rows": 1}], "Actual Rows": 1}], "Actual Rows": 10}, {"Node Type": "Hash", "Parent Relationship": "Inner", "Startup Cost": 78973.94, "Total Cost": 78973.94, "Plan Rows": 719240, "Plan Width": 25, "Actual Min Startup Time": 767.713, "Actual Max Startup Time": 767.713, "Actual Min Total Time": 767.713, "Actual Max Total Time": 767.713, "Max Hash Buckets": 1048576, "Min Hash Buckets": 1048576, "Max Hash Batches": 1, "Min Hash Batches": 1, "Max Original Hash Batches": 1, "Min Original Hash Batches": 1, "Max Peak Memory Usage": 41052, "min Peak Memory Usage": 41052, "Plans": [{"Node Type": "Streaming(type: LOCAL GATHER dop: 1/64)", "Parent Relationship": "Outer", "Startup Cost": 1813.35, "Total Cost": 78973.94, "Plan Rows": 719240, "Plan Width": 25, "Actual Min Startup Time": 46.843, "Actual Max Startup Time": 46.843, "Actual Min Total Time": 498.917, "Actual Max Total Time": 498.917, "Plans": [{"Node Type": "Seq Scan", "Parent Relationship": "Outer", "Relation Name": "title", "Alias": "t", "Startup Cost": 1813.35, "Total Cost": 64136.1, "Plan Rows": 719240, "Plan Width": 25, "Actual Min Startup Time": 0.029, "Actual Max Startup Time": 0.066, "Actual Min Total Time": 15.489, "Actual Max Total Time": 19.26, "Filter": "((production_year >= 2005) AND (production_year <= 2010)), (LLVM Optimized, Jit Execute)", "Rows Removed by Filter": 1812052, "Actual Rows": 716259}], "Actual Rows": 716259}], "Actual Rows": 716259}], "Actual Rows": 4}], "Actual Rows": 4}], "Actual Rows": 66}, {"Node Type": "Hash", "Parent Relationship": "Inner", "Startup Cost": 1.04, "Total Cost": 1.04, "Plan Rows": 1, "Plan Width": 4, "Actual Min Startup Time": 0.059, "Actual Max Startup Time": 0.059, "Actual Min Total Time": 0.059, "Actual Max Total Time": 0.059, "Max Hash Buckets": 32768, "Min Hash Buckets": 32768, "Max Hash Batches": 1, "Min Hash Batches": 1, "Max Original Hash Batches": 1, "Min Original Hash Batches": 1, "Max Peak Memory Usage": 1, "min Peak Memory Usage": 1, "Plans": [{"Node Type": "Seq Scan", "Parent Relationship": "Outer", "Relation Name": "company_type", "Alias": "ct", "Startup Cost": 0.0, "Total Cost": 1.04, "Plan Rows": 1, "Plan Width": 4, "Actual Min Startup Time": 0.039, "Actual Max Startup Time": 0.039, "Actual Min Total Time": 0.042, "Actual Max Total Time": 0.042, "Filter": "((kind)::text = 'production companies'::text)", "Rows Removed by Filter": 2, "Actual Rows": 1}], "Actual Rows": 1}], "Actual Rows": 3}], "Actual Rows": 1}, "Triggers": [], "Planner Runtime": 12.541, "Total Runtime": 2502.712, "Unique SQL Id": 1162488282}}, "(64, '77')": {"explain_plan": {"Plan": {"Node Type": "Aggregate", "Strategy": "Plain", "Startup Cost": 264407.24, "Total Cost": 264407.25, "Plan Rows": 1, "Plan Width": 113, "Plans": [{"Node Type": "Hash Join", "Parent Relationship": "Outer", "Join Type": "Inner", "Startup Cost": 180303.61, "Total Cost": 261051.22, "Plan Rows": 447470, "Plan Width": 45, "Inner Unique": false, "Hash Cond": "(mc.movie_id = t.id), (LLVM Optimized)", "Plans": [{"Node Type": "Nested Loop", "Parent Relationship": "Outer", "Join Type": "Inner", "Startup Cost": 0.0, "Total Cost": 69436.41, "Plan Rows": 1304518, "Plan Width": 28, "Inner Unique": false, "Plans": [{"Node Type": "Index Scan", "Parent Relationship": "Outer", "Scan Direction": "Forward", "Index Name": "company_type_pkey", "Relation Name": "company_type", "Alias": "ct", "Startup Cost": 0.0, "Total Cost": 12.3, "Plan Rows": 1, "Plan Width": 4, "Filter": "((kind)::text = 'production companies'::text)"}, {"Node Type": "Index Scan", "Parent Relationship": "Inner", "Scan Direction": "Forward", "Index Name": "company_type_id_movie_companies", "Relation Name": "movie_companies", "Alias": "mc", "Startup Cost": 0.0, "Total Cost": 56378.94, "Plan Rows": 1304517, "Plan Width": 32, "Index Cond": "(company_type_id = ct.id), (LLVM Optimized)", "Filter": "((note)::text !~~ '%(as Metro-Goldwyn-Mayer Pictures)%'::text), (LLVM Optimized)"}]}, {"Node Type": "Hash", "Parent Relationship": "Inner", "Startup Cost": 175348.56, "Total Cost": 175348.56, "Plan Rows": 396404, "Plan Width": 29, "Plans": [{"Node Type": "Hash Join", "Parent Relationship": "Outer", "Join Type": "Inner", "Startup Cost": 131752.54, "Total Cost": 175348.56, "Plan Rows": 396404, "Plan Width": 29, "Inner Unique": true, "Hash Cond": "(mi_idx.movie_id = t.id), (LLVM Optimized)", "Plans": [{"Node Type": "Nested Loop", "Parent Relationship": "Outer", "Join Type": "Inner", "Startup Cost": 0.0, "Total Cost": 38338.2, "Plan Rows": 345008, "Plan Width": 4, "Inner Unique": false, "Plans": [{"Node Type": "Index Scan", "Parent Relationship": "Outer", "Scan Direction": "Forward", "Index Name": "info_type_pkey", "Relation Name": "info_type", "Alias": "it", "Startup Cost": 0.0, "Total Cost": 14.21, "Plan Rows": 1, "Plan Width": 4, "Filter": "((info)::text = 'bottom 10 rank'::text)"}, {"Node Type": "Index Scan", "Parent Relationship": "Inner", "Scan Direction": "Forward", "Index Name": "info_type_id_movie_info_idx", "Relation Name": "movie_info_idx", "Alias": "mi_idx", "Startup Cost": 0.0, "Total Cost": 34873.91, "Plan Rows": 345008, "Plan Width": 8, "Index Cond": "(info_type_id = it.id), (LLVM Optimized)"}]}, {"Node Type": "Hash", "Parent Relationship": "Inner", "Startup Cost": 122762.04, "Total Cost": 122762.04, "Plan Rows": 719240, "Plan Width": 25, "Plans": [{"Node Type": "Index Scan", "Parent Relationship": "Outer", "Scan Direction": "Forward", "Index Name": "title_pkey", "Relation Name": "title", "Alias": "t", "Startup Cost": 0.0, "Total Cost": 122762.04, "Plan Rows": 719240, "Plan Width": 25, "Filter": "((production_year >= 2005) AND (production_year <= 2010)), (LLVM Optimized)"}]}]}]}]}]}, "Unique SQL Id": 1162488282, "Planner Runtime": 11}, "explain_analyze_plan": null}, "(64, '78')": {"explain_plan": {"Plan": {"Node Type": "Aggregate", "Strategy": "Plain", "Startup Cost": 200839.08, "Total Cost": 200839.09, "Plan Rows": 1, "Plan Width": 113, "Plans": [{"Node Type": "Hash Join", "Parent Relationship": "Outer", "Join Type": "Inner", "Startup Cost": 125363.9, "Total Cost": 197483.05, "Plan Rows": 447470, "Plan Width": 45, "Inner Unique": true, "Hash Cond": "(mc.company_type_id = ct.id), (LLVM Optimized)", "Plans": [{"Node Type": "Hash Join", "Parent Relationship": "Outer", "Join Type": "Inner", "Startup Cost": 125362.85, "Total Cost": 193012.49, "Plan Rows": 549199, "Plan Width": 49, "Inner Unique": false, "Hash Cond": "(mc.movie_id = t.id), (LLVM Optimized)", "Plans": [{"Node Type": "Seq Scan", "Parent Relationship": "Outer", "Relation Name": "movie_companies", "Alias": "mc", "Startup Cost": 0.0, "Total Cost": 48340.1, "Plan Rows": 2609035, "Plan Width": 32, "Filter": "((note)::text !~~ '%(as Metro-Goldwyn-Mayer Pictures)%'::text), (LLVM Optimized)"}, {"Node Type": "Hash", "Parent Relationship": "Inner", "Startup Cost": 120407.8, "Total Cost": 120407.8, "Plan Rows": 396404, "Plan Width": 29, "Plans": [{"Node Type": "Hash Join", "Parent Relationship": "Outer", "Join Type": "Inner", "Startup Cost": 87966.85, "Total Cost": 120407.8, "Plan Rows": 396404, "Plan Width": 29, "Inner Unique": true, "Hash Cond": "(mi_idx.movie_id = t.id), (LLVM Optimized)", "Plans": [{"Node Type": "Hash Join", "Parent Relationship": "Outer", "Join Type": "Inner", "Startup Cost": 2.41, "Total Cost": 27185.54, "Plan Rows": 345008, "Plan Width": 4, "Inner Unique": true, "Hash Cond": "(mi_idx.info_type_id = it.id), (LLVM Optimized)", "Plans": [{"Node Type": "Seq Scan", "Parent Relationship": "Outer", "Relation Name": "movie_info_idx", "Alias": "mi_idx", "Startup Cost": 0.0, "Total Cost": 20274.34, "Plan Rows": 1380034, "Plan Width": 8}, {"Node Type": "Hash", "Parent Relationship": "Inner", "Startup Cost": 2.4, "Total Cost": 2.4, "Plan Rows": 1, "Plan Width": 4, "Plans": [{"Node Type": "Seq Scan", "Parent Relationship": "Outer", "Relation Name": "info_type", "Alias": "it", "Startup Cost": 0.0, "Total Cost": 2.4, "Plan Rows": 1, "Plan Width": 4, "Filter": "((info)::text = 'bottom 10 rank'::text)"}]}]}, {"Node Type": "Hash", "Parent Relationship": "Inner", "Startup Cost": 78973.94, "Total Cost": 78973.94, "Plan Rows": 719240, "Plan Width": 25, "Plans": [{"Node Type": "Streaming(type: LOCAL GATHER dop: 1/64)", "Parent Relationship": "Outer", "Startup Cost": 1813.35, "Total Cost": 78973.94, "Plan Rows": 719240, "Plan Width": 25, "Plans": [{"Node Type": "Seq Scan", "Parent Relationship": "Outer", "Relation Name": "title", "Alias": "t", "Startup Cost": 1813.35, "Total Cost": 64136.1, "Plan Rows": 719240, "Plan Width": 25, "Filter": "((production_year >= 2005) AND (production_year <= 2010)), (LLVM Optimized)"}]}]}]}]}]}, {"Node Type": "Hash", "Parent Relationship": "Inner", "Startup Cost": 1.04, "Total Cost": 1.04, "Plan Rows": 1, "Plan Width": 4, "Plans": [{"Node Type": "Seq Scan", "Parent Relationship": "Outer", "Relation Name": "company_type", "Alias": "ct", "Startup Cost": 0.0, "Total Cost": 1.04, "Plan Rows": 1, "Plan Width": 4, "Filter": "((kind)::text = 'production companies'::text)"}]}]}]}, "Unique SQL Id": 1162488282, "Planner Runtime": 10}, "explain_analyze_plan": {"Plan": {"Node Type": "Aggregate", "Strategy": "Plain", "Startup Cost": 200839.08, "Total Cost": 200839.09, "Plan Rows": 1, "Plan Width": 113, "Actual Min Startup Time": 2478.651, "Actual Max Startup Time": 2478.651, "Actual Min Total Time": 2478.651, "Actual Max Total Time": 2478.651, "Plans": [{"Node Type": "Hash Join", "Parent Relationship": "Outer", "Join Type": "Inner", "Startup Cost": 125363.9, "Total Cost": 197483.05, "Plan Rows": 447470, "Plan Width": 45, "Actual Min Startup Time": 2304.972, "Actual Max Startup Time": 2304.972, "Actual Min Total Time": 2478.612, "Actual Max Total Time": 2478.612, "Inner Unique": true, "Hash Cond": "(mc.company_type_id = ct.id), (LLVM Optimized, Jit Execute)", "Plans": [{"Node Type": "Hash Join", "Parent Relationship": "Outer", "Join Type": "Inner", "Startup Cost": 125362.85, "Total Cost": 193012.49, "Plan Rows": 549199, "Plan Width": 49, "Actual Min Startup Time": 1633.274, "Actual Max Startup Time": 1633.274, "Actual Min Total Time": 2478.314, "Actual Max Total Time": 2478.314, "Inner Unique": false, "Hash Cond": "(mc.movie_id = t.id), (LLVM Optimized, Jit Execute)", "Plans": [{"Node Type": "Seq Scan", "Parent Relationship": "Outer", "Relation Name": "movie_companies", "Alias": "mc", "Startup Cost": 0.0, "Total Cost": 48340.1, "Plan Rows": 2609035, "Plan Width": 32, "Actual Min Startup Time": 0.048, "Actual Max Startup Time": 0.048, "Actual Min Total Time": 915.023, "Actual Max Total Time": 915.023, "Filter": "((note)::text !~~ '%(as Metro-Goldwyn-Mayer Pictures)%'::text), (LLVM Optimized, Jit Execute)", "Rows Removed by Filter": 1272041, "Actual Rows": 1337087}, {"Node Type": "Hash", "Parent Relationship": "Inner", "Startup Cost": 120407.8, "Total Cost": 120407.8, "Plan Rows": 396404, "Plan Width": 29, "Actual Min Startup Time": 1300.215, "Actual Max Startup Time": 1300.215, "Actual Min Total Time": 1300.215, "Actual Max Total Time": 1300.215, "Max Hash Buckets": 524288, "Min Hash Buckets": 524288, "Max Hash Batches": 1, "Min Hash Batches": 1, "Max Original Hash Batches": 1, "Min Original Hash Batches": 1, "Max Peak Memory Usage": 1, "min Peak Memory Usage": 1, "Plans": [{"Node Type": "Hash Join", "Parent Relationship": "Outer", "Join Type": "Inner", "Startup Cost": 87966.85, "Total Cost": 120407.8, "Plan Rows": 396404, "Plan Width": 29, "Actual Min Startup Time": 1300.153, "Actual Max Startup Time": 1300.153, "Actual Min Total Time": 1300.201, "Actual Max Total Time": 1300.201, "Inner Unique": true, "Hash Cond": "(mi_idx.movie_id = t.id), (LLVM Optimized, Jit Execute)", "Plans": [{"Node Type": "Hash Join", "Parent Relationship": "Outer", "Join Type": "Inner", "Startup Cost": 2.41, "Total Cost": 27185.54, "Plan Rows": 345008, "Plan Width": 4, "Actual Min Startup Time": 531.151, "Actual Max Startup Time": 531.151, "Actual Min Total Time": 531.158, "Actual Max Total Time": 531.158, "Inner Unique": true, "Hash Cond": "(mi_idx.info_type_id = it.id), (LLVM Optimized, Jit Execute)", "Plans": [{"Node Type": "Seq Scan", "Parent Relationship": "Outer", "Relation Name": "movie_info_idx", "Alias": "mi_idx", "Startup Cost": 0.0, "Total Cost": 20274.34, "Plan Rows": 1380034, "Plan Width": 8, "Actual Min Startup Time": 0.043, "Actual Max Startup Time": 0.043, "Actual Min Total Time": 300.571, "Actual Max Total Time": 300.571, "Actual Rows": 1380034}, {"Node Type": "Hash", "Parent Relationship": "Inner", "Startup Cost": 2.4, "Total Cost": 2.4, "Plan Rows": 1, "Plan Width": 4, "Actual Min Startup Time": 0.089, "Actual Max Startup Time": 0.089, "Actual Min Total Time": 0.089, "Actual Max Total Time": 0.089, "Max Hash Buckets": 32768, "Min Hash Buckets": 32768, "Max Hash Batches": 1, "Min Hash Batches": 1, "Max Original Hash Batches": 1, "Min Original Hash Batches": 1, "Max Peak Memory Usage": 1, "min Peak Memory Usage": 1, "Plans": [{"Node Type": "Seq Scan", "Parent Relationship": "Outer", "Relation Name": "info_type", "Alias": "it", "Startup Cost": 0.0, "Total Cost": 2.4, "Plan Rows": 1, "Plan Width": 4, "Actual Min Startup Time": 0.074, "Actual Max Startup Time": 0.074, "Actual Min Total Time": 0.077, "Actual Max Total Time": 0.077, "Filter": "((info)::text = 'bottom 10 rank'::text)", "Rows Removed by Filter": 111, "Actual Rows": 1}], "Actual Rows": 1}], "Actual Rows": 10}, {"Node Type": "Hash", "Parent Relationship": "Inner", "Startup Cost": 78973.94, "Total Cost": 78973.94, "Plan Rows": 719240, "Plan Width": 25, "Actual Min Startup Time": 767.713, "Actual Max Startup Time": 767.713, "Actual Min Total Time": 767.713, "Actual Max Total Time": 767.713, "Max Hash Buckets": 1048576, "Min Hash Buckets": 1048576, "Max Hash Batches": 1, "Min Hash Batches": 1, "Max Original Hash Batches": 1, "Min Original Hash Batches": 1, "Max Peak Memory Usage": 41052, "min Peak Memory Usage": 41052, "Plans": [{"Node Type": "Streaming(type: LOCAL GATHER dop: 1/64)", "Parent Relationship": "Outer", "Startup Cost": 1813.35, "Total Cost": 78973.94, "Plan Rows": 719240, "Plan Width": 25, "Actual Min Startup Time": 46.843, "Actual Max Startup Time": 46.843, "Actual Min Total Time": 498.917, "Actual Max Total Time": 498.917, "Plans": [{"Node Type": "Seq Scan", "Parent Relationship": "Outer", "Relation Name": "title", "Alias": "t", "Startup Cost": 1813.35, "Total Cost": 64136.1, "Plan Rows": 719240, "Plan Width": 25, "Actual Min Startup Time": 0.029, "Actual Max Startup Time": 0.066, "Actual Min Total Time": 15.489, "Actual Max Total Time": 19.26, "Filter": "((production_year >= 2005) AND (production_year <= 2010)), (LLVM Optimized, Jit Execute)", "Rows Removed by Filter": 1812052, "Actual Rows": 716259}], "Actual Rows": 716259}], "Actual Rows": 716259}], "Actual Rows": 4}], "Actual Rows": 4}], "Actual Rows": 66}, {"Node Type": "Hash", "Parent Relationship": "Inner", "Startup Cost": 1.04, "Total Cost": 1.04, "Plan Rows": 1, "Plan Width": 4, "Actual Min Startup Time": 0.059, "Actual Max Startup Time": 0.059, "Actual Min Total Time": 0.059, "Actual Max Total Time": 0.059, "Max Hash Buckets": 32768, "Min Hash Buckets": 32768, "Max Hash Batches": 1, "Min Hash Batches": 1, "Max Original Hash Batches": 1, "Min Original Hash Batches": 1, "Max Peak Memory Usage": 1, "min Peak Memory Usage": 1, "Plans": [{"Node Type": "Seq Scan", "Parent Relationship": "Outer", "Relation Name": "company_type", "Alias": "ct", "Startup Cost": 0.0, "Total Cost": 1.04, "Plan Rows": 1, "Plan Width": 4, "Actual Min Startup Time": 0.039, "Actual Max Startup Time": 0.039, "Actual Min Total Time": 0.042, "Actual Max Total Time": 0.042, "Filter": "((kind)::text = 'production companies'::text)", "Rows Removed by Filter": 2, "Actual Rows": 1}], "Actual Rows": 1}], "Actual Rows": 3}], "Actual Rows": 1}, "Triggers": [], "Planner Runtime": 12.541, "Total Runtime": 2502.712, "Unique SQL Id": 1162488282}}, "(64, '79')": {"explain_plan": {"Plan": {"Node Type": "Aggregate", "Strategy": "Plain", "Startup Cost": 4997227341960.98, "Total Cost": 4997227341960.99, "Plan Rows": 1, "Plan Width": 113, "Plans": [{"Node Type": "Hash Join", "Parent Relationship": "Outer", "Join Type": "Inner", "Startup Cost": 2030027765187.18, "Total Cost": 4997227338604.96, "Plan Rows": 447470, "Plan Width": 45, "Inner Unique": true, "Hash Cond": "(mc.company_type_id = ct.id), (LLVM Optimized)", "Plans": [{"Node Type": "Hash Join", "Parent Relationship": "Outer", "Join Type": "Inner", "Startup Cost": 1030027763956.92, "Total Cost": 3997227332905.19, "Plan Rows": 549199, "Plan Width": 49, "Inner Unique": true, "Hash Cond": "(mi_idx.info_type_id = it.id), (LLVM Optimized)", "Plans": [{"Node Type": "Merge Join", "Parent Relationship": "Outer", "Join Type": "Inner", "Startup Cost": 30027762535.91, "Total Cost": 2997227320486.44, "Plan Rows": 2196800, "Plan Width": 53, "Inner Unique": false, "Merge Cond": "(mi_idx.movie_id = t.id)", "Plans": [{"Node Type": "Index Scan", "Parent Relationship": "Outer", "Scan Direction": "Forward", "Index Name": "movie_id_movie_info_idx", "Relation Name": "movie_info_idx", "Alias": "mi_idx", "Startup Cost": 10000000000.0, "Total Cost": 1000004650035.37, "Plan Rows": 1380034, "Plan Width": 8}, {"Node Type": "Materialize", "Parent Relationship": "Inner", "Startup Cost": 20022023519.89, "Total Cost": 1999077622532.18, "Plan Rows": 1728348, "Plan Width": 57, "Plans": [{"Node Type": "Merge Join", "Parent Relationship": "Outer", "Join Type": "Inner", "Startup Cost": 20022023519.89, "Total Cost": 1999077618211.31, "Plan Rows": 1728348, "Plan Width": 57, "Inner Unique": false, "Merge Cond": "(t.id = mc.movie_id)", "Plans": [{"Node Type": "Index Scan", "Parent Relationship": "Outer", "Scan Direction": "Forward", "Index Name": "title_pkey", "Relation Name": "title", "Alias": "t", "Startup Cost": 10000000000.0, "Total Cost": 1000012276204.41, "Plan Rows": 719240, "Plan Width": 25, "Filter": "((production_year >= 2005) AND (production_year <= 2010)), (LLVM Optimized)"}, {"Node Type": "Index Scan", "Parent Relationship": "Inner", "Scan Direction": "Forward", "Index Name": "movie_id_movie_companies", "Relation Name": "movie_companies", "Alias": "mc", "Startup Cost": 10000000000.0, "Total Cost": 1000013704228.13, "Plan Rows": 2609035, "Plan Width": 32, "Filter": "((note)::text !~~ '%(as Metro-Goldwyn-Mayer Pictures)%'::text), (LLVM Optimized)"}]}]}]}, {"Node Type": "Hash", "Parent Relationship": "Inner", "Startup Cost": 1000000001421.0, "Total Cost": 1000000001421.0, "Plan Rows": 1, "Plan Width": 4, "Plans": [{"Node Type": "Index Scan", "Parent Relationship": "Outer", "Scan Direction": "Forward", "Index Name": "info_type_pkey", "Relation Name": "info_type", "Alias": "it", "Startup Cost": 10000000000.0, "Total Cost": 1000000001421.0, "Plan Rows": 1, "Plan Width": 4, "Filter": "((info)::text = 'bottom 10 rank'::text)"}]}]}, {"Node Type": "Hash", "Parent Relationship": "Inner", "Startup Cost": 1000000001230.25, "Total Cost": 1000000001230.25, "Plan Rows": 1, "Plan Width": 4, "Plans": [{"Node Type": "Index Scan", "Parent Relationship": "Outer", "Scan Direction": "Forward", "Index Name": "company_type_pkey", "Relation Name": "company_type", "Alias": "ct", "Startup Cost": 10000000000.0, "Total Cost": 1000000001230.25, "Plan Rows": 1, "Plan Width": 4, "Filter": "((kind)::text = 'production companies'::text)"}]}]}]}, "Unique SQL Id": 1162488282, "Planner Runtime": 14}, "explain_analyze_plan": null}, "(64, '80')": {"explain_plan": {"Plan": {"Node Type": "Aggregate", "Strategy": "Plain", "Startup Cost": 381231.28, "Total Cost": 381231.29, "Plan Rows": 1, "Plan Width": 113, "Plans": [{"Node Type": "Merge Join", "Parent Relationship": "Outer", "Join Type": "Inner", "Startup Cost": 373727.26, "Total Cost": 377875.25, "Plan Rows": 447470, "Plan Width": 45, "Inner Unique": false, "Merge Cond": "(ct.id = mc.company_type_id)", "Plans": [{"Node Type": "Sort", "Parent Relationship": "Outer", "Startup Cost": 1.05, "Total Cost": 1.05, "Plan Rows": 1, "Plan Width": 4, "Sort Key": ["ct.id"], "Plans": [{"Node Type": "Seq Scan", "Parent Relationship": "Outer", "Relation Name": "company_type", "Alias": "ct", "Startup Cost": 0.0, "Total Cost": 1.04, "Plan Rows": 1, "Plan Width": 4, "Filter": "((kind)::text = 'production companies'::text)"}]}, {"Node Type": "Sort", "Parent Relationship": "Inner", "Startup Cost": 372382.2, "Total Cost": 373755.2, "Plan Rows": 549199, "Plan Width": 49, "Sort Key": ["mc.company_type_id"], "Plans": [{"Node Type": "Nested Loop", "Parent Relationship": "Outer", "Join Type": "Inner", "Startup Cost": 7502.06, "Total Cost": 320024.4, "Plan Rows": 549199, "Plan Width": 49, "Inner Unique": false, "Join Filter": "(t.id = mc.movie_id), (LLVM Optimized)", "Plans": [{"Node Type": "Nested Loop", "Parent Relationship": "Outer", "Join Type": "Inner", "Startup Cost": 7502.06, "Total Cost": 164107.36, "Plan Rows": 396404, "Plan Width": 29, "Inner Unique": true, "Plans": [{"Node Type": "Nested Loop", "Parent Relationship": "Outer", "Join Type": "Inner", "Startup Cost": 7502.06, "Total Cost": 21741.14, "Plan Rows": 345008, "Plan Width": 4, "Inner Unique": false, "Plans": [{"Node Type": "Seq Scan", "Parent Relationship": "Outer", "Relation Name": "info_type", "Alias": "it", "Startup Cost": 0.0, "Total Cost": 2.4, "Plan Rows": 1, "Plan Width": 4, "Filter": "((info)::text = 'bottom 10 rank'::text)"}, {"Node Type": "Bitmap Heap Scan", "Parent Relationship": "Inner", "Relation Name": "movie_info_idx", "Alias": "mi_idx", "Startup Cost": 7502.06, "Total Cost": 18288.66, "Plan Rows": 345008, "Plan Width": 8, "Recheck Cond": "(info_type_id = it.id), (LLVM Optimized)", "Plans": [{"Node Type": "Bitmap Index Scan", "Parent Relationship": "Outer", "Index Name": "info_type_id_movie_info_idx", "Startup Cost": 0.0, "Total Cost": 7415.81, "Plan Rows": 345008, "Plan Width": 0, "Index Cond": "(info_type_id = it.id)"}]}]}, {"Node Type": "Index Scan", "Parent Relationship": "Inner", "Scan Direction": "Forward", "Index Name": "title_pkey", "Relation Name": "title", "Alias": "t", "Startup Cost": 0.0, "Total Cost": 0.4, "Plan Rows": 1, "Plan Width": 25, "Index Cond": "(id = mi_idx.movie_id)", "Filter": "((production_year >= 2005) AND (production_year <= 2010))"}]}, {"Node Type": "Index Scan", "Parent Relationship": "Inner", "Scan Direction": "Forward", "Index Name": "movie_id_movie_companies", "Relation Name": "movie_companies", "Alias": "mc", "Startup Cost": 0.0, "Total Cost": 0.37, "Plan Rows": 2, "Plan Width": 32, "Index Cond": "(movie_id = mi_idx.movie_id)", "Filter": "((note)::text !~~ '%(as Metro-Goldwyn-Mayer Pictures)%'::text)"}]}]}]}]}, "Unique SQL Id": 1162488282, "Planner Runtime": 9}, "explain_analyze_plan": {"Plan": {"Node Type": "Aggregate", "Strategy": "Plain", "Startup Cost": 381231.28, "Total Cost": 381231.29, "Plan Rows": 1, "Plan Width": 113, "Actual Startup Time": 0.562, "Actual Total Time": 0.562, "Actual Rows": 1, "Actual Loops": 1, "Plans": [{"Node Type": "Merge Join", "Parent Relationship": "Outer", "Join Type": "Inner", "Startup Cost": 373727.26, "Total Cost": 377875.25, "Plan Rows": 447470, "Plan Width": 45, "Actual Startup Time": 0.534, "Actual Total Time": 0.539, "Actual Rows": 3, "Actual Loops": 1, "Inner Unique": false, "Merge Cond": "(ct.id = mc.company_type_id)", "Plans": [{"Node Type": "Sort", "Parent Relationship": "Outer", "Startup Cost": 1.05, "Total Cost": 1.05, "Plan Rows": 1, "Plan Width": 4, "Actual Startup Time": 0.065, "Actual Total Time": 0.066, "Actual Rows": 1, "Actual Loops": 1, "Sort Key": ["ct.id"], "Sort Method": "quicksort", "Sort Space Used": 25, "Sort Space Type": "Memory", "Plans": [{"Node Type": "Seq Scan", "Parent Relationship": "Outer", "Relation Name": "company_type", "Alias": "ct", "Startup Cost": 0.0, "Total Cost": 1.04, "Plan Rows": 1, "Plan Width": 4, "Actual Startup Time": 0.037, "Actual Total Time": 0.042, "Actual Rows": 1, "Actual Loops": 1, "Filter": "((kind)::text = 'production companies'::text)", "Rows Removed by Filter": 2}]}, {"Node Type": "Sort", "Parent Relationship": "Inner", "Startup Cost": 372382.2, "Total Cost": 373755.2, "Plan Rows": 549199, "Plan Width": 49, "Actual Startup Time": 0.447, "Actual Total Time": 0.451, "Actual Rows": 66, "Actual Loops": 1, "Sort Key": ["mc.company_type_id"], "Sort Method": "quicksort", "Sort Space Used": 35, "Sort Space Type": "Memory", "Plans": [{"Node Type": "Nested Loop", "Parent Relationship": "Outer", "Join Type": "Inner", "Startup Cost": 7502.06, "Total Cost": 320024.4, "Plan Rows": 549199, "Plan Width": 49, "Actual Startup Time": 0.222, "Actual Total Time": 0.414, "Actual Rows": 66, "Actual Loops": 1, "Inner Unique": false, "Join Filter": "(t.id = mc.movie_id), (LLVM Optimized)", "Rows Removed by Join Filter": 0, "Plans": [{"Node Type": "Nested Loop", "Parent Relationship": "Outer", "Join Type": "Inner", "Startup Cost": 7502.06, "Total Cost": 164107.36, "Plan Rows": 396404, "Plan Width": 29, "Actual Startup Time": 0.197, "Actual Total Time": 0.249, "Actual Rows": 4, "Actual Loops": 1, "Inner Unique": true, "Plans": [{"Node Type": "Nested Loop", "Parent Relationship": "Outer", "Join Type": "Inner", "Startup Cost": 7502.06, "Total Cost": 21741.14, "Plan Rows": 345008, "Plan Width": 4, "Actual Startup Time": 0.099, "Actual Total Time": 0.106, "Actual Rows": 10, "Actual Loops": 1, "Inner Unique": false, "Plans": [{"Node Type": "Seq Scan", "Parent Relationship": "Outer", "Relation Name": "info_type", "Alias": "it", "Startup Cost": 0.0, "Total Cost": 2.4, "Plan Rows": 1, "Plan Width": 4, "Actual Startup Time": 0.044, "Actual Total Time": 0.047, "Actual Rows": 1, "Actual Loops": 1, "Filter": "((info)::text = 'bottom 10 rank'::text)", "Rows Removed by Filter": 111}, {"Node Type": "Bitmap Heap Scan", "Parent Relationship": "Inner", "Relation Name": "movie_info_idx", "Alias": "mi_idx", "Startup Cost": 7502.06, "Total Cost": 18288.66, "Plan Rows": 345008, "Plan Width": 8, "Actual Startup Time": 0.047, "Actual Total Time": 0.048, "Actual Rows": 10, "Actual Loops": 1, "Recheck Cond": "(info_type_id = it.id), (LLVM Optimized)", "Rows Removed by Index Recheck": 0, "Exact Heap Blocks": 1, "Lossy Heap Blocks": 1, "Plans": [{"Node Type": "Bitmap Index Scan", "Parent Relationship": "Outer", "Index Name": "info_type_id_movie_info_idx", "Startup Cost": 0.0, "Total Cost": 7415.81, "Plan Rows": 345008, "Plan Width": 0, "Actual Startup Time": 0.029, "Actual Total Time": 0.029, "Actual Rows": 10, "Actual Loops": 1, "Index Cond": "(info_type_id = it.id)"}]}]}, {"Node Type": "Index Scan", "Parent Relationship": "Inner", "Scan Direction": "Forward", "Index Name": "title_pkey", "Relation Name": "title", "Alias": "t", "Startup Cost": 0.0, "Total Cost": 0.4, "Plan Rows": 1, "Plan Width": 25, "Actual Startup Time": 0.13, "Actual Total Time": 0.13, "Actual Rows": 4, "Actual Loops": 10, "Index Cond": "(id = mi_idx.movie_id)", "Rows Removed by Index Recheck": 0, "Filter": "((production_year >= 2005) AND (production_year <= 2010))", "Rows Removed by Filter": 6}]}, {"Node Type": "Index Scan", "Parent Relationship": "Inner", "Scan Direction": "Forward", "Index Name": "movie_id_movie_companies", "Relation Name": "movie_companies", "Alias": "mc", "Startup Cost": 0.0, "Total Cost": 0.37, "Plan Rows": 2, "Plan Width": 32, "Actual Startup Time": 0.063, "Actual Total Time": 0.137, "Actual Rows": 66, "Actual Loops": 4, "Index Cond": "(movie_id = mi_idx.movie_id)", "Rows Removed by Index Recheck": 0, "Filter": "((note)::text !~~ '%(as Metro-Goldwyn-Mayer Pictures)%'::text)", "Rows Removed by Filter": 7}]}]}]}]}, "Triggers": [], "Planner Runtime": 10.149, "Total Runtime": 11.049, "Unique SQL Id": 1162488282}}, "(64, '81')": {"explain_plan": {"Plan": {"Node Type": "Aggregate", "Strategy": "Plain", "Startup Cost": 381254.34, "Total Cost": 381254.35, "Plan Rows": 1, "Plan Width": 113, "Plans": [{"Node Type": "Merge Join", "Parent Relationship": "Outer", "Join Type": "Inner", "Startup Cost": 373738.02, "Total Cost": 377898.31, "Plan Rows": 447470, "Plan Width": 45, "Inner Unique": false, "Merge Cond": "(ct.id = mc.company_type_id)", "Plans": [{"Node Type": "Index Scan", "Parent Relationship": "Outer", "Scan Direction": "Forward", "Index Name": "company_type_pkey", "Relation Name": "company_type", "Alias": "ct", "Startup Cost": 0.0, "Total Cost": 12.3, "Plan Rows": 1, "Plan Width": 4, "Filter": "((kind)::text = 'production companies'::text)"}, {"Node Type": "Sort", "Parent Relationship": "Inner", "Startup Cost": 372394.01, "Total Cost": 373767.01, "Plan Rows": 549199, "Plan Width": 49, "Sort Key": ["mc.company_type_id"], "Plans": [{"Node Type": "Nested Loop", "Parent Relationship": "Outer", "Join Type": "Inner", "Startup Cost": 7502.06, "Total Cost": 320036.21, "Plan Rows": 549199, "Plan Width": 49, "Inner Unique": false, "Join Filter": "(t.id = mc.movie_id), (LLVM Optimized)", "Plans": [{"Node Type": "Nested Loop", "Parent Relationship": "Outer", "Join Type": "Inner", "Startup Cost": 7502.06, "Total Cost": 164119.17, "Plan Rows": 396404, "Plan Width": 29, "Inner Unique": true, "Plans": [{"Node Type": "Nested Loop", "Parent Relationship": "Outer", "Join Type": "Inner", "Startup Cost": 7502.06, "Total Cost": 21752.95, "Plan Rows": 345008, "Plan Width": 4, "Inner Unique": false, "Plans": [{"Node Type": "Index Scan", "Parent Relationship": "Outer", "Scan Direction": "Forward", "Index Name": "info_type_pkey", "Relation Name": "info_type", "Alias": "it", "Startup Cost": 0.0, "Total Cost": 14.21, "Plan Rows": 1, "Plan Width": 4, "Filter": "((info)::text = 'bottom 10 rank'::text)"}, {"Node Type": "Bitmap Heap Scan", "Parent Relationship": "Inner", "Relation Name": "movie_info_idx", "Alias": "mi_idx", "Startup Cost": 7502.06, "Total Cost": 18288.66, "Plan Rows": 345008, "Plan Width": 8, "Recheck Cond": "(info_type_id = it.id), (LLVM Optimized)", "Plans": [{"Node Type": "Bitmap Index Scan", "Parent Relationship": "Outer", "Index Name": "info_type_id_movie_info_idx", "Startup Cost": 0.0, "Total Cost": 7415.81, "Plan Rows": 345008, "Plan Width": 0, "Index Cond": "(info_type_id = it.id)"}]}]}, {"Node Type": "Index Scan", "Parent Relationship": "Inner", "Scan Direction": "Forward", "Index Name": "title_pkey", "Relation Name": "title", "Alias": "t", "Startup Cost": 0.0, "Total Cost": 0.4, "Plan Rows": 1, "Plan Width": 25, "Index Cond": "(id = mi_idx.movie_id)", "Filter": "((production_year >= 2005) AND (production_year <= 2010))"}]}, {"Node Type": "Index Scan", "Parent Relationship": "Inner", "Scan Direction": "Forward", "Index Name": "movie_id_movie_companies", "Relation Name": "movie_companies", "Alias": "mc", "Startup Cost": 0.0, "Total Cost": 0.37, "Plan Rows": 2, "Plan Width": 32, "Index Cond": "(movie_id = mi_idx.movie_id)", "Filter": "((note)::text !~~ '%(as Metro-Goldwyn-Mayer Pictures)%'::text)"}]}]}]}]}, "Unique SQL Id": 1162488282, "Planner Runtime": 9}, "explain_analyze_plan": {"Plan": {"Node Type": "Aggregate", "Strategy": "Plain", "Startup Cost": 381254.34, "Total Cost": 381254.35, "Plan Rows": 1, "Plan Width": 113, "Actual Startup Time": 0.478, "Actual Total Time": 0.478, "Actual Rows": 1, "Actual Loops": 1, "Plans": [{"Node Type": "Merge Join", "Parent Relationship": "Outer", "Join Type": "Inner", "Startup Cost": 373738.02, "Total Cost": 377898.31, "Plan Rows": 447470, "Plan Width": 45, "Actual Startup Time": 0.454, "Actual Total Time": 0.461, "Actual Rows": 3, "Actual Loops": 1, "Inner Unique": false, "Merge Cond": "(ct.id = mc.company_type_id)", "Plans": [{"Node Type": "Index Scan", "Parent Relationship": "Outer", "Scan Direction": "Forward", "Index Name": "company_type_pkey", "Relation Name": "company_type", "Alias": "ct", "Startup Cost": 0.0, "Total Cost": 12.3, "Plan Rows": 1, "Plan Width": 4, "Actual Startup Time": 0.026, "Actual Total Time": 0.029, "Actual Rows": 1, "Actual Loops": 1, "Filter": "((kind)::text = 'production companies'::text)", "Rows Removed by Filter": 2}, {"Node Type": "Sort", "Parent Relationship": "Inner", "Startup Cost": 372394.01, "Total Cost": 373767.01, "Plan Rows": 549199, "Plan Width": 49, "Actual Startup Time": 0.406, "Actual Total Time": 0.411, "Actual Rows": 66, "Actual Loops": 1, "Sort Key": ["mc.company_type_id"], "Sort Method": "quicksort", "Sort Space Used": 35, "Sort Space Type": "Memory", "Plans": [{"Node Type": "Nested Loop", "Parent Relationship": "Outer", "Join Type": "Inner", "Startup Cost": 7502.06, "Total Cost": 320036.21, "Plan Rows": 549199, "Plan Width": 49, "Actual Startup Time": 0.196, "Actual Total Time": 0.37, "Actual Rows": 66, "Actual Loops": 1, "Inner Unique": false, "Join Filter": "(t.id = mc.movie_id), (LLVM Optimized)", "Rows Removed by Join Filter": 0, "Plans": [{"Node Type": "Nested Loop", "Parent Relationship": "Outer", "Join Type": "Inner", "Startup Cost": 7502.06, "Total Cost": 164119.17, "Plan Rows": 396404, "Plan Width": 29, "Actual Startup Time": 0.174, "Actual Total Time": 0.218, "Actual Rows": 4, "Actual Loops": 1, "Inner Unique": true, "Plans": [{"Node Type": "Nested Loop", "Parent Relationship": "Outer", "Join Type": "Inner", "Startup Cost": 7502.06, "Total Cost": 21752.95, "Plan Rows": 345008, "Plan Width": 4, "Actual Startup Time": 0.097, "Actual Total Time": 0.102, "Actual Rows": 10, "Actual Loops": 1, "Inner Unique": false, "Plans": [{"Node Type": "Index Scan", "Parent Relationship": "Outer", "Scan Direction": "Forward", "Index Name": "info_type_pkey", "Relation Name": "info_type", "Alias": "it", "Startup Cost": 0.0, "Total Cost": 14.21, "Plan Rows": 1, "Plan Width": 4, "Actual Startup Time": 0.063, "Actual Total Time": 0.064, "Actual Rows": 1, "Actual Loops": 1, "Filter": "((info)::text = 'bottom 10 rank'::text)", "Rows Removed by Filter": 111}, {"Node Type": "Bitmap Heap Scan", "Parent Relationship": "Inner", "Relation Name": "movie_info_idx", "Alias": "mi_idx", "Startup Cost": 7502.06, "Total Cost": 18288.66, "Plan Rows": 345008, "Plan Width": 8, "Actual Startup Time": 0.028, "Actual Total Time": 0.029, "Actual Rows": 10, "Actual Loops": 1, "Recheck Cond": "(info_type_id = it.id), (LLVM Optimized)", "Rows Removed by Index Recheck": 0, "Exact Heap Blocks": 1, "Lossy Heap Blocks": 1, "Plans": [{"Node Type": "Bitmap Index Scan", "Parent Relationship": "Outer", "Index Name": "info_type_id_movie_info_idx", "Startup Cost": 0.0, "Total Cost": 7415.81, "Plan Rows": 345008, "Plan Width": 0, "Actual Startup Time": 0.015, "Actual Total Time": 0.015, "Actual Rows": 10, "Actual Loops": 1, "Index Cond": "(info_type_id = it.id)"}]}]}, {"Node Type": "Index Scan", "Parent Relationship": "Inner", "Scan Direction": "Forward", "Index Name": "title_pkey", "Relation Name": "title", "Alias": "t", "Startup Cost": 0.0, "Total Cost": 0.4, "Plan Rows": 1, "Plan Width": 25, "Actual Startup Time": 0.107, "Actual Total Time": 0.107, "Actual Rows": 4, "Actual Loops": 10, "Index Cond": "(id = mi_idx.movie_id)", "Rows Removed by Index Recheck": 0, "Filter": "((production_year >= 2005) AND (production_year <= 2010))", "Rows Removed by Filter": 6}]}, {"Node Type": "Index Scan", "Parent Relationship": "Inner", "Scan Direction": "Forward", "Index Name": "movie_id_movie_companies", "Relation Name": "movie_companies", "Alias": "mc", "Startup Cost": 0.0, "Total Cost": 0.37, "Plan Rows": 2, "Plan Width": 32, "Actual Startup Time": 0.052, "Actual Total Time": 0.121, "Actual Rows": 66, "Actual Loops": 4, "Index Cond": "(movie_id = mi_idx.movie_id)", "Rows Removed by Index Recheck": 0, "Filter": "((note)::text !~~ '%(as Metro-Goldwyn-Mayer Pictures)%'::text)", "Rows Removed by Filter": 7}]}]}]}]}, "Triggers": [], "Planner Runtime": 9.029, "Total Runtime": 10.15, "Unique SQL Id": 1162488282}}, "(64, '82')": {"explain_plan": {"Plan": {"Node Type": "Aggregate", "Strategy": "Plain", "Startup Cost": 1774694.75, "Total Cost": 1774694.76, "Plan Rows": 1, "Plan Width": 113, "Plans": [{"Node Type": "Merge Join", "Parent Relationship": "Outer", "Join Type": "Inner", "Startup Cost": 1756416.81, "Total Cost": 1771338.73, "Plan Rows": 447470, "Plan Width": 45, "Inner Unique": false, "Merge Cond": "(t.id = mc.movie_id)", "Plans": [{"Node Type": "Sort", "Parent Relationship": "Outer", "Startup Cost": 1546298.52, "Total Cost": 1547289.53, "Plan Rows": 396404, "Plan Width": 29, "Sort Key": ["mi_idx.movie_id"], "Plans": [{"Node Type": "Nested Loop", "Parent Relationship": "Outer", "Join Type": "Inner", "Startup Cost": 7502.35, "Total Cost": 1509439.66, "Plan Rows": 396404, "Plan Width": 29, "Inner Unique": true, "Plans": [{"Node Type": "Nested Loop", "Parent Relationship": "Outer", "Join Type": "Inner", "Startup Cost": 7502.06, "Total Cost": 21741.14, "Plan Rows": 345008, "Plan Width": 4, "Inner Unique": false, "Plans": [{"Node Type": "Seq Scan", "Parent Relationship": "Outer", "Relation Name": "info_type", "Alias": "it", "Startup Cost": 0.0, "Total Cost": 2.4, "Plan Rows": 1, "Plan Width": 4, "Filter": "((info)::text = 'bottom 10 rank'::text)"}, {"Node Type": "Bitmap Heap Scan", "Parent Relationship": "Inner", "Relation Name": "movie_info_idx", "Alias": "mi_idx", "Startup Cost": 7502.06, "Total Cost": 18288.66, "Plan Rows": 345008, "Plan Width": 8, "Recheck Cond": "(info_type_id = it.id), (LLVM Optimized)", "Plans": [{"Node Type": "Bitmap Index Scan", "Parent Relationship": "Outer", "Index Name": "info_type_id_movie_info_idx", "Startup Cost": 0.0, "Total Cost": 7415.81, "Plan Rows": 345008, "Plan Width": 0, "Index Cond": "(info_type_id = it.id)"}]}]}, {"Node Type": "Bitmap Heap Scan", "Parent Relationship": "Inner", "Relation Name": "title", "Alias": "t", "Startup Cost": 0.28, "Total Cost": 4.3, "Plan Rows": 1, "Plan Width": 25, "Recheck Cond": "(id = mi_idx.movie_id)", "Filter": "((production_year >= 2005) AND (production_year <= 2010))", "Plans": [{"Node Type": "Bitmap Index Scan", "Parent Relationship": "Outer", "Index Name": "title_pkey", "Startup Cost": 0.0, "Total Cost": 0.28, "Plan Rows": 1, "Plan Width": 0, "Index Cond": "(id = mi_idx.movie_id)"}]}]}]}, {"Node Type": "Sort", "Parent Relationship": "Inner", "Startup Cost": 210118.25, "Total Cost": 213379.54, "Plan Rows": 1304518, "Plan Width": 28, "Sort Key": ["mc.movie_id"], "Plans": [{"Node Type": "Nested Loop", "Parent Relationship": "Outer", "Join Type": "Inner", "Startup Cost": 29270.61, "Total Cost": 77611.28, "Plan Rows": 1304518, "Plan Width": 28, "Inner Unique": false, "Plans": [{"Node Type": "Seq Scan", "Parent Relationship": "Outer", "Relation Name": "company_type", "Alias": "ct", "Startup Cost": 0.0, "Total Cost": 1.04, "Plan Rows": 1, "Plan Width": 4, "Filter": "((kind)::text = 'production companies'::text)"}, {"Node Type": "Bitmap Heap Scan", "Parent Relationship": "Inner", "Relation Name": "movie_companies", "Alias": "mc", "Startup Cost": 29270.61, "Total Cost": 64565.07, "Plan Rows": 1304517, "Plan Width": 32, "Recheck Cond": "(company_type_id = ct.id), (LLVM Optimized)", "Filter": "((note)::text !~~ '%(as Metro-Goldwyn-Mayer Pictures)%'::text), (LLVM Optimized)", "Plans": [{"Node Type": "Bitmap Index Scan", "Parent Relationship": "Outer", "Index Name": "company_type_id_movie_companies", "Startup Cost": 0.0, "Total Cost": 28944.48, "Plan Rows": 1304564, "Plan Width": 0, "Index Cond": "(company_type_id = ct.id)"}]}]}]}]}]}, "Unique SQL Id": 1162488282, "Planner Runtime": 6}, "explain_analyze_plan": {"Plan": {"Node Type": "Aggregate", "Strategy": "Plain", "Startup Cost": 1774694.75, "Total Cost": 1774694.76, "Plan Rows": 1, "Plan Width": 113, "Actual Startup Time": 690.086, "Actual Total Time": 690.086, "Actual Rows": 1, "Actual Loops": 1, "Plans": [{"Node Type": "Merge Join", "Parent Relationship": "Outer", "Join Type": "Inner", "Startup Cost": 1756416.81, "Total Cost": 1771338.73, "Plan Rows": 447470, "Plan Width": 45, "Actual Startup Time": 674.113, "Actual Total Time": 690.056, "Actual Rows": 3, "Actual Loops": 1, "Inner Unique": false, "Merge Cond": "(t.id = mc.movie_id)", "Plans": [{"Node Type": "Sort", "Parent Relationship": "Outer", "Startup Cost": 1546298.52, "Total Cost": 1547289.53, "Plan Rows": 396404, "Plan Width": 29, "Actual Startup Time": 0.232, "Actual Total Time": 0.233, "Actual Rows": 4, "Actual Loops": 1, "Sort Key": ["mi_idx.movie_id"], "Sort Method": "quicksort", "Sort Space Used": 25, "Sort Space Type": "Memory", "Plans": [{"Node Type": "Nested Loop", "Parent Relationship": "Outer", "Join Type": "Inner", "Startup Cost": 7502.35, "Total Cost": 1509439.66, "Plan Rows": 396404, "Plan Width": 29, "Actual Startup Time": 0.177, "Actual Total Time": 0.22, "Actual Rows": 4, "Actual Loops": 1, "Inner Unique": true, "Plans": [{"Node Type": "Nested Loop", "Parent Relationship": "Outer", "Join Type": "Inner", "Startup Cost": 7502.06, "Total Cost": 21741.14, "Plan Rows": 345008, "Plan Width": 4, "Actual Startup Time": 0.096, "Actual Total Time": 0.104, "Actual Rows": 10, "Actual Loops": 1, "Inner Unique": false, "Plans": [{"Node Type": "Seq Scan", "Parent Relationship": "Outer", "Relation Name": "info_type", "Alias": "it", "Startup Cost": 0.0, "Total Cost": 2.4, "Plan Rows": 1, "Plan Width": 4, "Actual Startup Time": 0.064, "Actual Total Time": 0.068, "Actual Rows": 1, "Actual Loops": 1, "Filter": "((info)::text = 'bottom 10 rank'::text)", "Rows Removed by Filter": 111}, {"Node Type": "Bitmap Heap Scan", "Parent Relationship": "Inner", "Relation Name": "movie_info_idx", "Alias": "mi_idx", "Startup Cost": 7502.06, "Total Cost": 18288.66, "Plan Rows": 345008, "Plan Width": 8, "Actual Startup Time": 0.024, "Actual Total Time": 0.026, "Actual Rows": 10, "Actual Loops": 1, "Recheck Cond": "(info_type_id = it.id), (LLVM Optimized, Jit Execute)", "Rows Removed by Index Recheck": 0, "Exact Heap Blocks": 1, "Lossy Heap Blocks": 1, "Plans": [{"Node Type": "Bitmap Index Scan", "Parent Relationship": "Outer", "Index Name": "info_type_id_movie_info_idx", "Startup Cost": 0.0, "Total Cost": 7415.81, "Plan Rows": 345008, "Plan Width": 0, "Actual Startup Time": 0.013, "Actual Total Time": 0.013, "Actual Rows": 10, "Actual Loops": 1, "Index Cond": "(info_type_id = it.id)"}]}]}, {"Node Type": "Bitmap Heap Scan", "Parent Relationship": "Inner", "Relation Name": "title", "Alias": "t", "Startup Cost": 0.28, "Total Cost": 4.3, "Plan Rows": 1, "Plan Width": 25, "Actual Startup Time": 0.101, "Actual Total Time": 0.101, "Actual Rows": 4, "Actual Loops": 10, "Recheck Cond": "(id = mi_idx.movie_id)", "Rows Removed by Index Recheck": 0, "Filter": "((production_year >= 2005) AND (production_year <= 2010))", "Rows Removed by Filter": 6, "Exact Heap Blocks": 10, "Lossy Heap Blocks": 10, "Plans": [{"Node Type": "Bitmap Index Scan", "Parent Relationship": "Outer", "Index Name": "title_pkey", "Startup Cost": 0.0, "Total Cost": 0.28, "Plan Rows": 1, "Plan Width": 0, "Actual Startup Time": 0.063, "Actual Total Time": 0.063, "Actual Rows": 10, "Actual Loops": 10, "Index Cond": "(id = mi_idx.movie_id)"}]}]}]}, {"Node Type": "Sort", "Parent Relationship": "Inner", "Startup Cost": 210118.25, "Total Cost": 213379.54, "Plan Rows": 1304518, "Plan Width": 28, "Actual Startup Time": 656.118, "Actual Total Time": 670.18, "Actual Rows": 124632, "Actual Loops": 1, "Sort Key": ["mc.movie_id"], "Sort Method": "quicksort", "Sort Space Used": 20170, "Sort Space Type": "Memory", "Plans": [{"Node Type": "Nested Loop", "Parent Relationship": "Outer", "Join Type": "Inner", "Startup Cost": 29270.61, "Total Cost": 77611.28, "Plan Rows": 1304518, "Plan Width": 28, "Actual Startup Time": 149.066, "Actual Total Time": 605.128, "Actual Rows": 140904, "Actual Loops": 1, "Inner Unique": false, "Plans": [{"Node Type": "Seq Scan", "Parent Relationship": "Outer", "Relation Name": "company_type", "Alias": "ct", "Startup Cost": 0.0, "Total Cost": 1.04, "Plan Rows": 1, "Plan Width": 4, "Actual Startup Time": 0.007, "Actual Total Time": 0.018, "Actual Rows": 1, "Actual Loops": 1, "Filter": "((kind)::text = 'production companies'::text)", "Rows Removed by Filter": 2}, {"Node Type": "Bitmap Heap Scan", "Parent Relationship": "Inner", "Relation Name": "movie_companies", "Alias": "mc", "Startup Cost": 29270.61, "Total Cost": 64565.07, "Plan Rows": 1304517, "Plan Width": 32, "Actual Startup Time": 149.054, "Actual Total Time": 577.524, "Actual Rows": 140904, "Actual Loops": 1, "Recheck Cond": "(company_type_id = ct.id), (LLVM Optimized, Jit Execute)", "Rows Removed by Index Recheck": 0, "Filter": "((note)::text !~~ '%(as Metro-Goldwyn-Mayer Pictures)%'::text), (LLVM Optimized, Jit Execute)", "Rows Removed by Filter": 1193979, "Exact Heap Blocks": 6196, "Lossy Heap Blocks": 6196, "Plans": [{"Node Type": "Bitmap Index Scan", "Parent Relationship": "Outer", "Index Name": "company_type_id_movie_companies", "Startup Cost": 0.0, "Total Cost": 28944.48, "Plan Rows": 1304564, "Plan Width": 0, "Actual Startup Time": 147.812, "Actual Total Time": 147.812, "Actual Rows": 1334883, "Actual Loops": 1, "Index Cond": "(company_type_id = ct.id)"}]}]}]}]}]}, "Triggers": [], "Planner Runtime": 6.929, "Total Runtime": 700.165, "Unique SQL Id": 1162488282}}, "(64, '83')": {"explain_plan": {"Plan": {"Node Type": "Aggregate", "Strategy": "Plain", "Startup Cost": 482639.96, "Total Cost": 482639.97, "Plan Rows": 1, "Plan Width": 113, "Plans": [{"Node Type": "Merge Join", "Parent Relationship": "Outer", "Join Type": "Inner", "Startup Cost": 456129.24, "Total Cost": 479283.94, "Plan Rows": 447470, "Plan Width": 45, "Inner Unique": true, "Merge Cond": "(mc.movie_id = t.id)", "Plans": [{"Node Type": "Merge Join", "Parent Relationship": "Outer", "Join Type": "Inner", "Startup Cost": 263616.8, "Total Cost": 277451.17, "Plan Rows": 501180, "Plan Width": 32, "Inner Unique": false, "Merge Cond": "(mi_idx.movie_id = mc.movie_id)", "Plans": [{"Node Type": "Sort", "Parent Relationship": "Outer", "Startup Cost": 53487.25, "Total Cost": 54349.77, "Plan Rows": 345008, "Plan Width": 4, "Sort Key": ["mi_idx.movie_id"], "Plans": [{"Node Type": "Nested Loop", "Parent Relationship": "Outer", "Join Type": "Inner", "Startup Cost": 7510.87, "Total Cost": 21752.95, "Plan Rows": 345008, "Plan Width": 4, "Inner Unique": false, "Plans": [{"Node Type": "Bitmap Heap Scan", "Parent Relationship": "Outer", "Relation Name": "info_type", "Alias": "it", "Startup Cost": 8.81, "Total Cost": 14.21, "Plan Rows": 1, "Plan Width": 4, "Filter": "((info)::text = 'bottom 10 rank'::text)", "Plans": [{"Node Type": "Bitmap Index Scan", "Parent Relationship": "Outer", "Index Name": "info_type_pkey", "Startup Cost": 0.0, "Total Cost": 8.81, "Plan Rows": 112, "Plan Width": 0}]}, {"Node Type": "Bitmap Heap Scan", "Parent Relationship": "Inner", "Relation Name": "movie_info_idx", "Alias": "mi_idx", "Startup Cost": 7502.06, "Total Cost": 18288.66, "Plan Rows": 345008, "Plan Width": 8, "Recheck Cond": "(info_type_id = it.id), (LLVM Optimized)", "Plans": [{"Node Type": "Bitmap Index Scan", "Parent Relationship": "Outer", "Index Name": "info_type_id_movie_info_idx", "Startup Cost": 0.0, "Total Cost": 7415.81, "Plan Rows": 345008, "Plan Width": 0, "Index Cond": "(info_type_id = it.id)"}]}]}]}, {"Node Type": "Sort", "Parent Relationship": "Inner", "Startup Cost": 210129.52, "Total Cost": 213390.81, "Plan Rows": 1304518, "Plan Width": 28, "Sort Key": ["mc.movie_id"], "Plans": [{"Node Type": "Nested Loop", "Parent Relationship": "Outer", "Join Type": "Inner", "Startup Cost": 29278.87, "Total Cost": 77622.54, "Plan Rows": 1304518, "Plan Width": 28, "Inner Unique": false, "Plans": [{"Node Type": "Bitmap Heap Scan", "Parent Relationship": "Outer", "Relation Name": "company_type", "Alias": "ct", "Startup Cost": 8.27, "Total Cost": 12.3, "Plan Rows": 1, "Plan Width": 4, "Filter": "((kind)::text = 'production companies'::text)", "Plans": [{"Node Type": "Bitmap Index Scan", "Parent Relationship": "Outer", "Index Name": "company_type_pkey", "Startup Cost": 0.0, "Total Cost": 8.27, "Plan Rows": 3, "Plan Width": 0}]}, {"Node Type": "Bitmap Heap Scan", "Parent Relationship": "Inner", "Relation Name": "movie_companies", "Alias": "mc", "Startup Cost": 29270.61, "Total Cost": 64565.07, "Plan Rows": 1304517, "Plan Width": 32, "Recheck Cond": "(company_type_id = ct.id), (LLVM Optimized)", "Filter": "((note)::text !~~ '%(as Metro-Goldwyn-Mayer Pictures)%'::text), (LLVM Optimized)", "Plans": [{"Node Type": "Bitmap Index Scan", "Parent Relationship": "Outer", "Index Name": "company_type_id_movie_companies", "Startup Cost": 0.0, "Total Cost": 28944.48, "Plan Rows": 1304564, "Plan Width": 0, "Index Cond": "(company_type_id = ct.id)"}]}]}]}]}, {"Node Type": "Sort", "Parent Relationship": "Inner", "Startup Cost": 192512.36, "Total Cost": 194310.46, "Plan Rows": 719240, "Plan Width": 25, "Sort Key": ["t.id"], "Plans": [{"Node Type": "Bitmap Heap Scan", "Parent Relationship": "Outer", "Relation Name": "title", "Alias": "t", "Startup Cost": 49833.61, "Total Cost": 122544.28, "Plan Rows": 719240, "Plan Width": 25, "Filter": "((production_year >= 2005) AND (production_year <= 2010)), (LLVM Optimized)", "Plans": [{"Node Type": "Bitmap Index Scan", "Parent Relationship": "Outer", "Index Name": "title_pkey", "Startup Cost": 0.0, "Total Cost": 49653.81, "Plan Rows": 2528311, "Plan Width": 0}]}]}]}]}, "Unique SQL Id": 1162488282, "Planner Runtime": 7}, "explain_analyze_plan": {"Plan": {"Node Type": "Aggregate", "Strategy": "Plain", "Startup Cost": 482639.96, "Total Cost": 482639.97, "Plan Rows": 1, "Plan Width": 113, "Actual Startup Time": 2664.569, "Actual Total Time": 2664.57, "Actual Rows": 1, "Actual Loops": 1, "Plans": [{"Node Type": "Merge Join", "Parent Relationship": "Outer", "Join Type": "Inner", "Startup Cost": 456129.24, "Total Cost": 479283.94, "Plan Rows": 447470, "Plan Width": 45, "Actual Startup Time": 2608.604, "Actual Total Time": 2664.531, "Actual Rows": 3, "Actual Loops": 1, "Inner Unique": true, "Merge Cond": "(mc.movie_id = t.id)", "Plans": [{"Node Type": "Merge Join", "Parent Relationship": "Outer", "Join Type": "Inner", "Startup Cost": 263616.8, "Total Cost": 277451.17, "Plan Rows": 501180, "Plan Width": 32, "Actual Startup Time": 703.654, "Actual Total Time": 722.741, "Actual Rows": 5, "Actual Loops": 1, "Inner Unique": false, "Merge Cond": "(mi_idx.movie_id = mc.movie_id)", "Plans": [{"Node Type": "Sort", "Parent Relationship": "Outer", "Startup Cost": 53487.25, "Total Cost": 54349.77, "Plan Rows": 345008, "Plan Width": 4, "Actual Startup Time": 0.138, "Actual Total Time": 0.142, "Actual Rows": 10, "Actual Loops": 1, "Sort Key": ["mi_idx.movie_id"], "Sort Method": "quicksort", "Sort Space Used": 25, "Sort Space Type": "Memory", "Plans": [{"Node Type": "Nested Loop", "Parent Relationship": "Outer", "Join Type": "Inner", "Startup Cost": 7510.87, "Total Cost": 21752.95, "Plan Rows": 345008, "Plan Width": 4, "Actual Startup Time": 0.117, "Actual Total Time": 0.123, "Actual Rows": 10, "Actual Loops": 1, "Inner Unique": false, "Plans": [{"Node Type": "Bitmap Heap Scan", "Parent Relationship": "Outer", "Relation Name": "info_type", "Alias": "it", "Startup Cost": 8.81, "Total Cost": 14.21, "Plan Rows": 1, "Plan Width": 4, "Actual Startup Time": 0.087, "Actual Total Time": 0.088, "Actual Rows": 1, "Actual Loops": 1, "Filter": "((info)::text = 'bottom 10 rank'::text)", "Rows Removed by Filter": 111, "Exact Heap Blocks": 1, "Lossy Heap Blocks": 1, "Plans": [{"Node Type": "Bitmap Index Scan", "Parent Relationship": "Outer", "Index Name": "info_type_pkey", "Startup Cost": 0.0, "Total Cost": 8.81, "Plan Rows": 112, "Plan Width": 0, "Actual Startup Time": 0.016, "Actual Total Time": 0.016, "Actual Rows": 112, "Actual Loops": 1}]}, {"Node Type": "Bitmap Heap Scan", "Parent Relationship": "Inner", "Relation Name": "movie_info_idx", "Alias": "mi_idx", "Startup Cost": 7502.06, "Total Cost": 18288.66, "Plan Rows": 345008, "Plan Width": 8, "Actual Startup Time": 0.023, "Actual Total Time": 0.026, "Actual Rows": 10, "Actual Loops": 1, "Recheck Cond": "(info_type_id = it.id), (LLVM Optimized, Jit Execute)", "Rows Removed by Index Recheck": 0, "Exact Heap Blocks": 1, "Lossy Heap Blocks": 1, "Plans": [{"Node Type": "Bitmap Index Scan", "Parent Relationship": "Outer", "Index Name": "info_type_id_movie_info_idx", "Startup Cost": 0.0, "Total Cost": 7415.81, "Plan Rows": 345008, "Plan Width": 0, "Actual Startup Time": 0.013, "Actual Total Time": 0.013, "Actual Rows": 10, "Actual Loops": 1, "Index Cond": "(info_type_id = it.id)"}]}]}]}, {"Node Type": "Sort", "Parent Relationship": "Inner", "Startup Cost": 210129.52, "Total Cost": 213390.81, "Plan Rows": 1304518, "Plan Width": 28, "Actual Startup Time": 685.726, "Actual Total Time": 701.482, "Actual Rows": 132371, "Actual Loops": 1, "Sort Key": ["mc.movie_id"], "Sort Method": "quicksort", "Sort Space Used": 20170, "Sort Space Type": "Memory", "Plans": [{"Node Type": "Nested Loop", "Parent Relationship": "Outer", "Join Type": "Inner", "Startup Cost": 29278.87, "Total Cost": 77622.54, "Plan Rows": 1304518, "Plan Width": 28, "Actual Startup Time": 151.442, "Actual Total Time": 634.916, "Actual Rows": 140904, "Actual Loops": 1, "Inner Unique": false, "Plans": [{"Node Type": "Bitmap Heap Scan", "Parent Relationship": "Outer", "Relation Name": "company_type", "Alias": "ct", "Startup Cost": 8.27, "Total Cost": 12.3, "Plan Rows": 1, "Plan Width": 4, "Actual Startup Time": 0.008, "Actual Total Time": 0.011, "Actual Rows": 1, "Actual Loops": 1, "Filter": "((kind)::text = 'production companies'::text)", "Rows Removed by Filter": 2, "Exact Heap Blocks": 1, "Lossy Heap Blocks": 1, "Plans": [{"Node Type": "Bitmap Index Scan", "Parent Relationship": "Outer", "Index Name": "company_type_pkey", "Startup Cost": 0.0, "Total Cost": 8.27, "Plan Rows": 3, "Plan Width": 0, "Actual Startup Time": 0.002, "Actual Total Time": 0.002, "Actual Rows": 3, "Actual Loops": 1}]}, {"Node Type": "Bitmap Heap Scan", "Parent Relationship": "Inner", "Relation Name": "movie_companies", "Alias": "mc", "Startup Cost": 29270.61, "Total Cost": 64565.07, "Plan Rows": 1304517, "Plan Width": 32, "Actual Startup Time": 151.429, "Actual Total Time": 607.152, "Actual Rows": 140904, "Actual Loops": 1, "Recheck Cond": "(company_type_id = ct.id), (LLVM Optimized, Jit Execute)", "Rows Removed by Index Recheck": 0, "Filter": "((note)::text !~~ '%(as Metro-Goldwyn-Mayer Pictures)%'::text), (LLVM Optimized, Jit Execute)", "Rows Removed by Filter": 1193979, "Exact Heap Blocks": 6196, "Lossy Heap Blocks": 6196, "Plans": [{"Node Type": "Bitmap Index Scan", "Parent Relationship": "Outer", "Index Name": "company_type_id_movie_companies", "Startup Cost": 0.0, "Total Cost": 28944.48, "Plan Rows": 1304564, "Plan Width": 0, "Actual Startup Time": 150.206, "Actual Total Time": 150.206, "Actual Rows": 1334883, "Actual Loops": 1, "Index Cond": "(company_type_id = ct.id)"}]}]}]}]}, {"Node Type": "Sort", "Parent Relationship": "Inner", "Startup Cost": 192512.36, "Total Cost": 194310.46, "Plan Rows": 719240, "Plan Width": 25, "Actual Startup Time": 1727.592, "Actual Total Time": 1834.22, "Actual Rows": 669805, "Actual Loops": 1, "Sort Key": ["t.id"], "Sort Method": "quicksort", "Sort Space Used": 95710, "Sort Space Type": "Memory", "Plans": [{"Node Type": "Bitmap Heap Scan", "Parent Relationship": "Outer", "Relation Name": "title", "Alias": "t", "Startup Cost": 49833.61, "Total Cost": 122544.28, "Plan Rows": 719240, "Plan Width": 25, "Actual Startup Time": 307.261, "Actual Total Time": 1421.314, "Actual Rows": 716259, "Actual Loops": 1, "Filter": "((production_year >= 2005) AND (production_year <= 2010)), (LLVM Optimized, Jit Execute)", "Rows Removed by Filter": 1812052, "Exact Heap Blocks": 34786, "Lossy Heap Blocks": 34786, "Plans": [{"Node Type": "Bitmap Index Scan", "Parent Relationship": "Outer", "Index Name": "title_pkey", "Startup Cost": 0.0, "Total Cost": 49653.81, "Plan Rows": 2528311, "Plan Width": 0, "Actual Startup Time": 299.399, "Actual Total Time": 299.399, "Actual Rows": 2528311, "Actual Loops": 1}]}]}]}]}, "Triggers": [], "Planner Runtime": 6.574, "Total Runtime": 2675.056, "Unique SQL Id": 1162488282}}, "(64, '84')": {"explain_plan": {"Plan": {"Node Type": "Aggregate", "Strategy": "Plain", "Startup Cost": 381231.28, "Total Cost": 381231.29, "Plan Rows": 1, "Plan Width": 113, "Plans": [{"Node Type": "Merge Join", "Parent Relationship": "Outer", "Join Type": "Inner", "Startup Cost": 373727.26, "Total Cost": 377875.25, "Plan Rows": 447470, "Plan Width": 45, "Inner Unique": false, "Merge Cond": "(ct.id = mc.company_type_id)", "Plans": [{"Node Type": "Sort", "Parent Relationship": "Outer", "Startup Cost": 1.05, "Total Cost": 1.05, "Plan Rows": 1, "Plan Width": 4, "Sort Key": ["ct.id"], "Plans": [{"Node Type": "Seq Scan", "Parent Relationship": "Outer", "Relation Name": "company_type", "Alias": "ct", "Startup Cost": 0.0, "Total Cost": 1.04, "Plan Rows": 1, "Plan Width": 4, "Filter": "((kind)::text = 'production companies'::text)"}]}, {"Node Type": "Sort", "Parent Relationship": "Inner", "Startup Cost": 372382.2, "Total Cost": 373755.2, "Plan Rows": 549199, "Plan Width": 49, "Sort Key": ["mc.company_type_id"], "Plans": [{"Node Type": "Nested Loop", "Parent Relationship": "Outer", "Join Type": "Inner", "Startup Cost": 7502.06, "Total Cost": 320024.4, "Plan Rows": 549199, "Plan Width": 49, "Inner Unique": false, "Join Filter": "(t.id = mc.movie_id), (LLVM Optimized)", "Plans": [{"Node Type": "Nested Loop", "Parent Relationship": "Outer", "Join Type": "Inner", "Startup Cost": 7502.06, "Total Cost": 164107.36, "Plan Rows": 396404, "Plan Width": 29, "Inner Unique": true, "Plans": [{"Node Type": "Nested Loop", "Parent Relationship": "Outer", "Join Type": "Inner", "Startup Cost": 7502.06, "Total Cost": 21741.14, "Plan Rows": 345008, "Plan Width": 4, "Inner Unique": false, "Plans": [{"Node Type": "Seq Scan", "Parent Relationship": "Outer", "Relation Name": "info_type", "Alias": "it", "Startup Cost": 0.0, "Total Cost": 2.4, "Plan Rows": 1, "Plan Width": 4, "Filter": "((info)::text = 'bottom 10 rank'::text)"}, {"Node Type": "Bitmap Heap Scan", "Parent Relationship": "Inner", "Relation Name": "movie_info_idx", "Alias": "mi_idx", "Startup Cost": 7502.06, "Total Cost": 18288.66, "Plan Rows": 345008, "Plan Width": 8, "Recheck Cond": "(info_type_id = it.id), (LLVM Optimized)", "Plans": [{"Node Type": "Bitmap Index Scan", "Parent Relationship": "Outer", "Index Name": "info_type_id_movie_info_idx", "Startup Cost": 0.0, "Total Cost": 7415.81, "Plan Rows": 345008, "Plan Width": 0, "Index Cond": "(info_type_id = it.id)"}]}]}, {"Node Type": "Index Scan", "Parent Relationship": "Inner", "Scan Direction": "Forward", "Index Name": "title_pkey", "Relation Name": "title", "Alias": "t", "Startup Cost": 0.0, "Total Cost": 0.4, "Plan Rows": 1, "Plan Width": 25, "Index Cond": "(id = mi_idx.movie_id)", "Filter": "((production_year >= 2005) AND (production_year <= 2010))"}]}, {"Node Type": "Index Scan", "Parent Relationship": "Inner", "Scan Direction": "Forward", "Index Name": "movie_id_movie_companies", "Relation Name": "movie_companies", "Alias": "mc", "Startup Cost": 0.0, "Total Cost": 0.37, "Plan Rows": 2, "Plan Width": 32, "Index Cond": "(movie_id = mi_idx.movie_id)", "Filter": "((note)::text !~~ '%(as Metro-Goldwyn-Mayer Pictures)%'::text)"}]}]}]}]}, "Unique SQL Id": 1162488282, "Planner Runtime": 10}, "explain_analyze_plan": {"Plan": {"Node Type": "Aggregate", "Strategy": "Plain", "Startup Cost": 381231.28, "Total Cost": 381231.29, "Plan Rows": 1, "Plan Width": 113, "Actual Startup Time": 0.562, "Actual Total Time": 0.562, "Actual Rows": 1, "Actual Loops": 1, "Plans": [{"Node Type": "Merge Join", "Parent Relationship": "Outer", "Join Type": "Inner", "Startup Cost": 373727.26, "Total Cost": 377875.25, "Plan Rows": 447470, "Plan Width": 45, "Actual Startup Time": 0.534, "Actual Total Time": 0.539, "Actual Rows": 3, "Actual Loops": 1, "Inner Unique": false, "Merge Cond": "(ct.id = mc.company_type_id)", "Plans": [{"Node Type": "Sort", "Parent Relationship": "Outer", "Startup Cost": 1.05, "Total Cost": 1.05, "Plan Rows": 1, "Plan Width": 4, "Actual Startup Time": 0.065, "Actual Total Time": 0.066, "Actual Rows": 1, "Actual Loops": 1, "Sort Key": ["ct.id"], "Sort Method": "quicksort", "Sort Space Used": 25, "Sort Space Type": "Memory", "Plans": [{"Node Type": "Seq Scan", "Parent Relationship": "Outer", "Relation Name": "company_type", "Alias": "ct", "Startup Cost": 0.0, "Total Cost": 1.04, "Plan Rows": 1, "Plan Width": 4, "Actual Startup Time": 0.037, "Actual Total Time": 0.042, "Actual Rows": 1, "Actual Loops": 1, "Filter": "((kind)::text = 'production companies'::text)", "Rows Removed by Filter": 2}]}, {"Node Type": "Sort", "Parent Relationship": "Inner", "Startup Cost": 372382.2, "Total Cost": 373755.2, "Plan Rows": 549199, "Plan Width": 49, "Actual Startup Time": 0.447, "Actual Total Time": 0.451, "Actual Rows": 66, "Actual Loops": 1, "Sort Key": ["mc.company_type_id"], "Sort Method": "quicksort", "Sort Space Used": 35, "Sort Space Type": "Memory", "Plans": [{"Node Type": "Nested Loop", "Parent Relationship": "Outer", "Join Type": "Inner", "Startup Cost": 7502.06, "Total Cost": 320024.4, "Plan Rows": 549199, "Plan Width": 49, "Actual Startup Time": 0.222, "Actual Total Time": 0.414, "Actual Rows": 66, "Actual Loops": 1, "Inner Unique": false, "Join Filter": "(t.id = mc.movie_id), (LLVM Optimized)", "Rows Removed by Join Filter": 0, "Plans": [{"Node Type": "Nested Loop", "Parent Relationship": "Outer", "Join Type": "Inner", "Startup Cost": 7502.06, "Total Cost": 164107.36, "Plan Rows": 396404, "Plan Width": 29, "Actual Startup Time": 0.197, "Actual Total Time": 0.249, "Actual Rows": 4, "Actual Loops": 1, "Inner Unique": true, "Plans": [{"Node Type": "Nested Loop", "Parent Relationship": "Outer", "Join Type": "Inner", "Startup Cost": 7502.06, "Total Cost": 21741.14, "Plan Rows": 345008, "Plan Width": 4, "Actual Startup Time": 0.099, "Actual Total Time": 0.106, "Actual Rows": 10, "Actual Loops": 1, "Inner Unique": false, "Plans": [{"Node Type": "Seq Scan", "Parent Relationship": "Outer", "Relation Name": "info_type", "Alias": "it", "Startup Cost": 0.0, "Total Cost": 2.4, "Plan Rows": 1, "Plan Width": 4, "Actual Startup Time": 0.044, "Actual Total Time": 0.047, "Actual Rows": 1, "Actual Loops": 1, "Filter": "((info)::text = 'bottom 10 rank'::text)", "Rows Removed by Filter": 111}, {"Node Type": "Bitmap Heap Scan", "Parent Relationship": "Inner", "Relation Name": "movie_info_idx", "Alias": "mi_idx", "Startup Cost": 7502.06, "Total Cost": 18288.66, "Plan Rows": 345008, "Plan Width": 8, "Actual Startup Time": 0.047, "Actual Total Time": 0.048, "Actual Rows": 10, "Actual Loops": 1, "Recheck Cond": "(info_type_id = it.id), (LLVM Optimized)", "Rows Removed by Index Recheck": 0, "Exact Heap Blocks": 1, "Lossy Heap Blocks": 1, "Plans": [{"Node Type": "Bitmap Index Scan", "Parent Relationship": "Outer", "Index Name": "info_type_id_movie_info_idx", "Startup Cost": 0.0, "Total Cost": 7415.81, "Plan Rows": 345008, "Plan Width": 0, "Actual Startup Time": 0.029, "Actual Total Time": 0.029, "Actual Rows": 10, "Actual Loops": 1, "Index Cond": "(info_type_id = it.id)"}]}]}, {"Node Type": "Index Scan", "Parent Relationship": "Inner", "Scan Direction": "Forward", "Index Name": "title_pkey", "Relation Name": "title", "Alias": "t", "Startup Cost": 0.0, "Total Cost": 0.4, "Plan Rows": 1, "Plan Width": 25, "Actual Startup Time": 0.13, "Actual Total Time": 0.13, "Actual Rows": 4, "Actual Loops": 10, "Index Cond": "(id = mi_idx.movie_id)", "Rows Removed by Index Recheck": 0, "Filter": "((production_year >= 2005) AND (production_year <= 2010))", "Rows Removed by Filter": 6}]}, {"Node Type": "Index Scan", "Parent Relationship": "Inner", "Scan Direction": "Forward", "Index Name": "movie_id_movie_companies", "Relation Name": "movie_companies", "Alias": "mc", "Startup Cost": 0.0, "Total Cost": 0.37, "Plan Rows": 2, "Plan Width": 32, "Actual Startup Time": 0.063, "Actual Total Time": 0.137, "Actual Rows": 66, "Actual Loops": 4, "Index Cond": "(movie_id = mi_idx.movie_id)", "Rows Removed by Index Recheck": 0, "Filter": "((note)::text !~~ '%(as Metro-Goldwyn-Mayer Pictures)%'::text)", "Rows Removed by Filter": 7}]}]}]}]}, "Triggers": [], "Planner Runtime": 10.149, "Total Runtime": 11.049, "Unique SQL Id": 1162488282}}, "(64, '85')": {"explain_plan": {"Plan": {"Node Type": "Aggregate", "Strategy": "Plain", "Startup Cost": 381254.34, "Total Cost": 381254.35, "Plan Rows": 1, "Plan Width": 113, "Plans": [{"Node Type": "Merge Join", "Parent Relationship": "Outer", "Join Type": "Inner", "Startup Cost": 373738.02, "Total Cost": 377898.31, "Plan Rows": 447470, "Plan Width": 45, "Inner Unique": false, "Merge Cond": "(ct.id = mc.company_type_id)", "Plans": [{"Node Type": "Index Scan", "Parent Relationship": "Outer", "Scan Direction": "Forward", "Index Name": "company_type_pkey", "Relation Name": "company_type", "Alias": "ct", "Startup Cost": 0.0, "Total Cost": 12.3, "Plan Rows": 1, "Plan Width": 4, "Filter": "((kind)::text = 'production companies'::text)"}, {"Node Type": "Sort", "Parent Relationship": "Inner", "Startup Cost": 372394.01, "Total Cost": 373767.01, "Plan Rows": 549199, "Plan Width": 49, "Sort Key": ["mc.company_type_id"], "Plans": [{"Node Type": "Nested Loop", "Parent Relationship": "Outer", "Join Type": "Inner", "Startup Cost": 7502.06, "Total Cost": 320036.21, "Plan Rows": 549199, "Plan Width": 49, "Inner Unique": false, "Join Filter": "(t.id = mc.movie_id), (LLVM Optimized)", "Plans": [{"Node Type": "Nested Loop", "Parent Relationship": "Outer", "Join Type": "Inner", "Startup Cost": 7502.06, "Total Cost": 164119.17, "Plan Rows": 396404, "Plan Width": 29, "Inner Unique": true, "Plans": [{"Node Type": "Nested Loop", "Parent Relationship": "Outer", "Join Type": "Inner", "Startup Cost": 7502.06, "Total Cost": 21752.95, "Plan Rows": 345008, "Plan Width": 4, "Inner Unique": false, "Plans": [{"Node Type": "Index Scan", "Parent Relationship": "Outer", "Scan Direction": "Forward", "Index Name": "info_type_pkey", "Relation Name": "info_type", "Alias": "it", "Startup Cost": 0.0, "Total Cost": 14.21, "Plan Rows": 1, "Plan Width": 4, "Filter": "((info)::text = 'bottom 10 rank'::text)"}, {"Node Type": "Bitmap Heap Scan", "Parent Relationship": "Inner", "Relation Name": "movie_info_idx", "Alias": "mi_idx", "Startup Cost": 7502.06, "Total Cost": 18288.66, "Plan Rows": 345008, "Plan Width": 8, "Recheck Cond": "(info_type_id = it.id), (LLVM Optimized)", "Plans": [{"Node Type": "Bitmap Index Scan", "Parent Relationship": "Outer", "Index Name": "info_type_id_movie_info_idx", "Startup Cost": 0.0, "Total Cost": 7415.81, "Plan Rows": 345008, "Plan Width": 0, "Index Cond": "(info_type_id = it.id)"}]}]}, {"Node Type": "Index Scan", "Parent Relationship": "Inner", "Scan Direction": "Forward", "Index Name": "title_pkey", "Relation Name": "title", "Alias": "t", "Startup Cost": 0.0, "Total Cost": 0.4, "Plan Rows": 1, "Plan Width": 25, "Index Cond": "(id = mi_idx.movie_id)", "Filter": "((production_year >= 2005) AND (production_year <= 2010))"}]}, {"Node Type": "Index Scan", "Parent Relationship": "Inner", "Scan Direction": "Forward", "Index Name": "movie_id_movie_companies", "Relation Name": "movie_companies", "Alias": "mc", "Startup Cost": 0.0, "Total Cost": 0.37, "Plan Rows": 2, "Plan Width": 32, "Index Cond": "(movie_id = mi_idx.movie_id)", "Filter": "((note)::text !~~ '%(as Metro-Goldwyn-Mayer Pictures)%'::text)"}]}]}]}]}, "Unique SQL Id": 1162488282, "Planner Runtime": 8}, "explain_analyze_plan": {"Plan": {"Node Type": "Aggregate", "Strategy": "Plain", "Startup Cost": 381254.34, "Total Cost": 381254.35, "Plan Rows": 1, "Plan Width": 113, "Actual Startup Time": 0.478, "Actual Total Time": 0.478, "Actual Rows": 1, "Actual Loops": 1, "Plans": [{"Node Type": "Merge Join", "Parent Relationship": "Outer", "Join Type": "Inner", "Startup Cost": 373738.02, "Total Cost": 377898.31, "Plan Rows": 447470, "Plan Width": 45, "Actual Startup Time": 0.454, "Actual Total Time": 0.461, "Actual Rows": 3, "Actual Loops": 1, "Inner Unique": false, "Merge Cond": "(ct.id = mc.company_type_id)", "Plans": [{"Node Type": "Index Scan", "Parent Relationship": "Outer", "Scan Direction": "Forward", "Index Name": "company_type_pkey", "Relation Name": "company_type", "Alias": "ct", "Startup Cost": 0.0, "Total Cost": 12.3, "Plan Rows": 1, "Plan Width": 4, "Actual Startup Time": 0.026, "Actual Total Time": 0.029, "Actual Rows": 1, "Actual Loops": 1, "Filter": "((kind)::text = 'production companies'::text)", "Rows Removed by Filter": 2}, {"Node Type": "Sort", "Parent Relationship": "Inner", "Startup Cost": 372394.01, "Total Cost": 373767.01, "Plan Rows": 549199, "Plan Width": 49, "Actual Startup Time": 0.406, "Actual Total Time": 0.411, "Actual Rows": 66, "Actual Loops": 1, "Sort Key": ["mc.company_type_id"], "Sort Method": "quicksort", "Sort Space Used": 35, "Sort Space Type": "Memory", "Plans": [{"Node Type": "Nested Loop", "Parent Relationship": "Outer", "Join Type": "Inner", "Startup Cost": 7502.06, "Total Cost": 320036.21, "Plan Rows": 549199, "Plan Width": 49, "Actual Startup Time": 0.196, "Actual Total Time": 0.37, "Actual Rows": 66, "Actual Loops": 1, "Inner Unique": false, "Join Filter": "(t.id = mc.movie_id), (LLVM Optimized)", "Rows Removed by Join Filter": 0, "Plans": [{"Node Type": "Nested Loop", "Parent Relationship": "Outer", "Join Type": "Inner", "Startup Cost": 7502.06, "Total Cost": 164119.17, "Plan Rows": 396404, "Plan Width": 29, "Actual Startup Time": 0.174, "Actual Total Time": 0.218, "Actual Rows": 4, "Actual Loops": 1, "Inner Unique": true, "Plans": [{"Node Type": "Nested Loop", "Parent Relationship": "Outer", "Join Type": "Inner", "Startup Cost": 7502.06, "Total Cost": 21752.95, "Plan Rows": 345008, "Plan Width": 4, "Actual Startup Time": 0.097, "Actual Total Time": 0.102, "Actual Rows": 10, "Actual Loops": 1, "Inner Unique": false, "Plans": [{"Node Type": "Index Scan", "Parent Relationship": "Outer", "Scan Direction": "Forward", "Index Name": "info_type_pkey", "Relation Name": "info_type", "Alias": "it", "Startup Cost": 0.0, "Total Cost": 14.21, "Plan Rows": 1, "Plan Width": 4, "Actual Startup Time": 0.063, "Actual Total Time": 0.064, "Actual Rows": 1, "Actual Loops": 1, "Filter": "((info)::text = 'bottom 10 rank'::text)", "Rows Removed by Filter": 111}, {"Node Type": "Bitmap Heap Scan", "Parent Relationship": "Inner", "Relation Name": "movie_info_idx", "Alias": "mi_idx", "Startup Cost": 7502.06, "Total Cost": 18288.66, "Plan Rows": 345008, "Plan Width": 8, "Actual Startup Time": 0.028, "Actual Total Time": 0.029, "Actual Rows": 10, "Actual Loops": 1, "Recheck Cond": "(info_type_id = it.id), (LLVM Optimized)", "Rows Removed by Index Recheck": 0, "Exact Heap Blocks": 1, "Lossy Heap Blocks": 1, "Plans": [{"Node Type": "Bitmap Index Scan", "Parent Relationship": "Outer", "Index Name": "info_type_id_movie_info_idx", "Startup Cost": 0.0, "Total Cost": 7415.81, "Plan Rows": 345008, "Plan Width": 0, "Actual Startup Time": 0.015, "Actual Total Time": 0.015, "Actual Rows": 10, "Actual Loops": 1, "Index Cond": "(info_type_id = it.id)"}]}]}, {"Node Type": "Index Scan", "Parent Relationship": "Inner", "Scan Direction": "Forward", "Index Name": "title_pkey", "Relation Name": "title", "Alias": "t", "Startup Cost": 0.0, "Total Cost": 0.4, "Plan Rows": 1, "Plan Width": 25, "Actual Startup Time": 0.107, "Actual Total Time": 0.107, "Actual Rows": 4, "Actual Loops": 10, "Index Cond": "(id = mi_idx.movie_id)", "Rows Removed by Index Recheck": 0, "Filter": "((production_year >= 2005) AND (production_year <= 2010))", "Rows Removed by Filter": 6}]}, {"Node Type": "Index Scan", "Parent Relationship": "Inner", "Scan Direction": "Forward", "Index Name": "movie_id_movie_companies", "Relation Name": "movie_companies", "Alias": "mc", "Startup Cost": 0.0, "Total Cost": 0.37, "Plan Rows": 2, "Plan Width": 32, "Actual Startup Time": 0.052, "Actual Total Time": 0.121, "Actual Rows": 66, "Actual Loops": 4, "Index Cond": "(movie_id = mi_idx.movie_id)", "Rows Removed by Index Recheck": 0, "Filter": "((note)::text !~~ '%(as Metro-Goldwyn-Mayer Pictures)%'::text)", "Rows Removed by Filter": 7}]}]}]}]}, "Triggers": [], "Planner Runtime": 9.029, "Total Runtime": 10.15, "Unique SQL Id": 1162488282}}, "(64, '86')": {"explain_plan": {"Plan": {"Node Type": "Aggregate", "Strategy": "Plain", "Startup Cost": 1774694.75, "Total Cost": 1774694.76, "Plan Rows": 1, "Plan Width": 113, "Plans": [{"Node Type": "Merge Join", "Parent Relationship": "Outer", "Join Type": "Inner", "Startup Cost": 1756416.81, "Total Cost": 1771338.73, "Plan Rows": 447470, "Plan Width": 45, "Inner Unique": false, "Merge Cond": "(t.id = mc.movie_id)", "Plans": [{"Node Type": "Sort", "Parent Relationship": "Outer", "Startup Cost": 1546298.52, "Total Cost": 1547289.53, "Plan Rows": 396404, "Plan Width": 29, "Sort Key": ["mi_idx.movie_id"], "Plans": [{"Node Type": "Nested Loop", "Parent Relationship": "Outer", "Join Type": "Inner", "Startup Cost": 7502.35, "Total Cost": 1509439.66, "Plan Rows": 396404, "Plan Width": 29, "Inner Unique": true, "Plans": [{"Node Type": "Nested Loop", "Parent Relationship": "Outer", "Join Type": "Inner", "Startup Cost": 7502.06, "Total Cost": 21741.14, "Plan Rows": 345008, "Plan Width": 4, "Inner Unique": false, "Plans": [{"Node Type": "Seq Scan", "Parent Relationship": "Outer", "Relation Name": "info_type", "Alias": "it", "Startup Cost": 0.0, "Total Cost": 2.4, "Plan Rows": 1, "Plan Width": 4, "Filter": "((info)::text = 'bottom 10 rank'::text)"}, {"Node Type": "Bitmap Heap Scan", "Parent Relationship": "Inner", "Relation Name": "movie_info_idx", "Alias": "mi_idx", "Startup Cost": 7502.06, "Total Cost": 18288.66, "Plan Rows": 345008, "Plan Width": 8, "Recheck Cond": "(info_type_id = it.id), (LLVM Optimized)", "Plans": [{"Node Type": "Bitmap Index Scan", "Parent Relationship": "Outer", "Index Name": "info_type_id_movie_info_idx", "Startup Cost": 0.0, "Total Cost": 7415.81, "Plan Rows": 345008, "Plan Width": 0, "Index Cond": "(info_type_id = it.id)"}]}]}, {"Node Type": "Bitmap Heap Scan", "Parent Relationship": "Inner", "Relation Name": "title", "Alias": "t", "Startup Cost": 0.28, "Total Cost": 4.3, "Plan Rows": 1, "Plan Width": 25, "Recheck Cond": "(id = mi_idx.movie_id)", "Filter": "((production_year >= 2005) AND (production_year <= 2010))", "Plans": [{"Node Type": "Bitmap Index Scan", "Parent Relationship": "Outer", "Index Name": "title_pkey", "Startup Cost": 0.0, "Total Cost": 0.28, "Plan Rows": 1, "Plan Width": 0, "Index Cond": "(id = mi_idx.movie_id)"}]}]}]}, {"Node Type": "Sort", "Parent Relationship": "Inner", "Startup Cost": 210118.25, "Total Cost": 213379.54, "Plan Rows": 1304518, "Plan Width": 28, "Sort Key": ["mc.movie_id"], "Plans": [{"Node Type": "Nested Loop", "Parent Relationship": "Outer", "Join Type": "Inner", "Startup Cost": 29270.61, "Total Cost": 77611.28, "Plan Rows": 1304518, "Plan Width": 28, "Inner Unique": false, "Plans": [{"Node Type": "Seq Scan", "Parent Relationship": "Outer", "Relation Name": "company_type", "Alias": "ct", "Startup Cost": 0.0, "Total Cost": 1.04, "Plan Rows": 1, "Plan Width": 4, "Filter": "((kind)::text = 'production companies'::text)"}, {"Node Type": "Bitmap Heap Scan", "Parent Relationship": "Inner", "Relation Name": "movie_companies", "Alias": "mc", "Startup Cost": 29270.61, "Total Cost": 64565.07, "Plan Rows": 1304517, "Plan Width": 32, "Recheck Cond": "(company_type_id = ct.id), (LLVM Optimized)", "Filter": "((note)::text !~~ '%(as Metro-Goldwyn-Mayer Pictures)%'::text), (LLVM Optimized)", "Plans": [{"Node Type": "Bitmap Index Scan", "Parent Relationship": "Outer", "Index Name": "company_type_id_movie_companies", "Startup Cost": 0.0, "Total Cost": 28944.48, "Plan Rows": 1304564, "Plan Width": 0, "Index Cond": "(company_type_id = ct.id)"}]}]}]}]}]}, "Unique SQL Id": 1162488282, "Planner Runtime": 6}, "explain_analyze_plan": {"Plan": {"Node Type": "Aggregate", "Strategy": "Plain", "Startup Cost": 1774694.75, "Total Cost": 1774694.76, "Plan Rows": 1, "Plan Width": 113, "Actual Startup Time": 690.086, "Actual Total Time": 690.086, "Actual Rows": 1, "Actual Loops": 1, "Plans": [{"Node Type": "Merge Join", "Parent Relationship": "Outer", "Join Type": "Inner", "Startup Cost": 1756416.81, "Total Cost": 1771338.73, "Plan Rows": 447470, "Plan Width": 45, "Actual Startup Time": 674.113, "Actual Total Time": 690.056, "Actual Rows": 3, "Actual Loops": 1, "Inner Unique": false, "Merge Cond": "(t.id = mc.movie_id)", "Plans": [{"Node Type": "Sort", "Parent Relationship": "Outer", "Startup Cost": 1546298.52, "Total Cost": 1547289.53, "Plan Rows": 396404, "Plan Width": 29, "Actual Startup Time": 0.232, "Actual Total Time": 0.233, "Actual Rows": 4, "Actual Loops": 1, "Sort Key": ["mi_idx.movie_id"], "Sort Method": "quicksort", "Sort Space Used": 25, "Sort Space Type": "Memory", "Plans": [{"Node Type": "Nested Loop", "Parent Relationship": "Outer", "Join Type": "Inner", "Startup Cost": 7502.35, "Total Cost": 1509439.66, "Plan Rows": 396404, "Plan Width": 29, "Actual Startup Time": 0.177, "Actual Total Time": 0.22, "Actual Rows": 4, "Actual Loops": 1, "Inner Unique": true, "Plans": [{"Node Type": "Nested Loop", "Parent Relationship": "Outer", "Join Type": "Inner", "Startup Cost": 7502.06, "Total Cost": 21741.14, "Plan Rows": 345008, "Plan Width": 4, "Actual Startup Time": 0.096, "Actual Total Time": 0.104, "Actual Rows": 10, "Actual Loops": 1, "Inner Unique": false, "Plans": [{"Node Type": "Seq Scan", "Parent Relationship": "Outer", "Relation Name": "info_type", "Alias": "it", "Startup Cost": 0.0, "Total Cost": 2.4, "Plan Rows": 1, "Plan Width": 4, "Actual Startup Time": 0.064, "Actual Total Time": 0.068, "Actual Rows": 1, "Actual Loops": 1, "Filter": "((info)::text = 'bottom 10 rank'::text)", "Rows Removed by Filter": 111}, {"Node Type": "Bitmap Heap Scan", "Parent Relationship": "Inner", "Relation Name": "movie_info_idx", "Alias": "mi_idx", "Startup Cost": 7502.06, "Total Cost": 18288.66, "Plan Rows": 345008, "Plan Width": 8, "Actual Startup Time": 0.024, "Actual Total Time": 0.026, "Actual Rows": 10, "Actual Loops": 1, "Recheck Cond": "(info_type_id = it.id), (LLVM Optimized, Jit Execute)", "Rows Removed by Index Recheck": 0, "Exact Heap Blocks": 1, "Lossy Heap Blocks": 1, "Plans": [{"Node Type": "Bitmap Index Scan", "Parent Relationship": "Outer", "Index Name": "info_type_id_movie_info_idx", "Startup Cost": 0.0, "Total Cost": 7415.81, "Plan Rows": 345008, "Plan Width": 0, "Actual Startup Time": 0.013, "Actual Total Time": 0.013, "Actual Rows": 10, "Actual Loops": 1, "Index Cond": "(info_type_id = it.id)"}]}]}, {"Node Type": "Bitmap Heap Scan", "Parent Relationship": "Inner", "Relation Name": "title", "Alias": "t", "Startup Cost": 0.28, "Total Cost": 4.3, "Plan Rows": 1, "Plan Width": 25, "Actual Startup Time": 0.101, "Actual Total Time": 0.101, "Actual Rows": 4, "Actual Loops": 10, "Recheck Cond": "(id = mi_idx.movie_id)", "Rows Removed by Index Recheck": 0, "Filter": "((production_year >= 2005) AND (production_year <= 2010))", "Rows Removed by Filter": 6, "Exact Heap Blocks": 10, "Lossy Heap Blocks": 10, "Plans": [{"Node Type": "Bitmap Index Scan", "Parent Relationship": "Outer", "Index Name": "title_pkey", "Startup Cost": 0.0, "Total Cost": 0.28, "Plan Rows": 1, "Plan Width": 0, "Actual Startup Time": 0.063, "Actual Total Time": 0.063, "Actual Rows": 10, "Actual Loops": 10, "Index Cond": "(id = mi_idx.movie_id)"}]}]}]}, {"Node Type": "Sort", "Parent Relationship": "Inner", "Startup Cost": 210118.25, "Total Cost": 213379.54, "Plan Rows": 1304518, "Plan Width": 28, "Actual Startup Time": 656.118, "Actual Total Time": 670.18, "Actual Rows": 124632, "Actual Loops": 1, "Sort Key": ["mc.movie_id"], "Sort Method": "quicksort", "Sort Space Used": 20170, "Sort Space Type": "Memory", "Plans": [{"Node Type": "Nested Loop", "Parent Relationship": "Outer", "Join Type": "Inner", "Startup Cost": 29270.61, "Total Cost": 77611.28, "Plan Rows": 1304518, "Plan Width": 28, "Actual Startup Time": 149.066, "Actual Total Time": 605.128, "Actual Rows": 140904, "Actual Loops": 1, "Inner Unique": false, "Plans": [{"Node Type": "Seq Scan", "Parent Relationship": "Outer", "Relation Name": "company_type", "Alias": "ct", "Startup Cost": 0.0, "Total Cost": 1.04, "Plan Rows": 1, "Plan Width": 4, "Actual Startup Time": 0.007, "Actual Total Time": 0.018, "Actual Rows": 1, "Actual Loops": 1, "Filter": "((kind)::text = 'production companies'::text)", "Rows Removed by Filter": 2}, {"Node Type": "Bitmap Heap Scan", "Parent Relationship": "Inner", "Relation Name": "movie_companies", "Alias": "mc", "Startup Cost": 29270.61, "Total Cost": 64565.07, "Plan Rows": 1304517, "Plan Width": 32, "Actual Startup Time": 149.054, "Actual Total Time": 577.524, "Actual Rows": 140904, "Actual Loops": 1, "Recheck Cond": "(company_type_id = ct.id), (LLVM Optimized, Jit Execute)", "Rows Removed by Index Recheck": 0, "Filter": "((note)::text !~~ '%(as Metro-Goldwyn-Mayer Pictures)%'::text), (LLVM Optimized, Jit Execute)", "Rows Removed by Filter": 1193979, "Exact Heap Blocks": 6196, "Lossy Heap Blocks": 6196, "Plans": [{"Node Type": "Bitmap Index Scan", "Parent Relationship": "Outer", "Index Name": "company_type_id_movie_companies", "Startup Cost": 0.0, "Total Cost": 28944.48, "Plan Rows": 1304564, "Plan Width": 0, "Actual Startup Time": 147.812, "Actual Total Time": 147.812, "Actual Rows": 1334883, "Actual Loops": 1, "Index Cond": "(company_type_id = ct.id)"}]}]}]}]}]}, "Triggers": [], "Planner Runtime": 6.929, "Total Runtime": 700.165, "Unique SQL Id": 1162488282}}, "(64, '87')": {"explain_plan": {"Plan": {"Node Type": "Aggregate", "Strategy": "Plain", "Startup Cost": 482639.96, "Total Cost": 482639.97, "Plan Rows": 1, "Plan Width": 113, "Plans": [{"Node Type": "Merge Join", "Parent Relationship": "Outer", "Join Type": "Inner", "Startup Cost": 456129.24, "Total Cost": 479283.94, "Plan Rows": 447470, "Plan Width": 45, "Inner Unique": true, "Merge Cond": "(mc.movie_id = t.id)", "Plans": [{"Node Type": "Merge Join", "Parent Relationship": "Outer", "Join Type": "Inner", "Startup Cost": 263616.8, "Total Cost": 277451.17, "Plan Rows": 501180, "Plan Width": 32, "Inner Unique": false, "Merge Cond": "(mi_idx.movie_id = mc.movie_id)", "Plans": [{"Node Type": "Sort", "Parent Relationship": "Outer", "Startup Cost": 53487.25, "Total Cost": 54349.77, "Plan Rows": 345008, "Plan Width": 4, "Sort Key": ["mi_idx.movie_id"], "Plans": [{"Node Type": "Nested Loop", "Parent Relationship": "Outer", "Join Type": "Inner", "Startup Cost": 7510.87, "Total Cost": 21752.95, "Plan Rows": 345008, "Plan Width": 4, "Inner Unique": false, "Plans": [{"Node Type": "Bitmap Heap Scan", "Parent Relationship": "Outer", "Relation Name": "info_type", "Alias": "it", "Startup Cost": 8.81, "Total Cost": 14.21, "Plan Rows": 1, "Plan Width": 4, "Filter": "((info)::text = 'bottom 10 rank'::text)", "Plans": [{"Node Type": "Bitmap Index Scan", "Parent Relationship": "Outer", "Index Name": "info_type_pkey", "Startup Cost": 0.0, "Total Cost": 8.81, "Plan Rows": 112, "Plan Width": 0}]}, {"Node Type": "Bitmap Heap Scan", "Parent Relationship": "Inner", "Relation Name": "movie_info_idx", "Alias": "mi_idx", "Startup Cost": 7502.06, "Total Cost": 18288.66, "Plan Rows": 345008, "Plan Width": 8, "Recheck Cond": "(info_type_id = it.id), (LLVM Optimized)", "Plans": [{"Node Type": "Bitmap Index Scan", "Parent Relationship": "Outer", "Index Name": "info_type_id_movie_info_idx", "Startup Cost": 0.0, "Total Cost": 7415.81, "Plan Rows": 345008, "Plan Width": 0, "Index Cond": "(info_type_id = it.id)"}]}]}]}, {"Node Type": "Sort", "Parent Relationship": "Inner", "Startup Cost": 210129.52, "Total Cost": 213390.81, "Plan Rows": 1304518, "Plan Width": 28, "Sort Key": ["mc.movie_id"], "Plans": [{"Node Type": "Nested Loop", "Parent Relationship": "Outer", "Join Type": "Inner", "Startup Cost": 29278.87, "Total Cost": 77622.54, "Plan Rows": 1304518, "Plan Width": 28, "Inner Unique": false, "Plans": [{"Node Type": "Bitmap Heap Scan", "Parent Relationship": "Outer", "Relation Name": "company_type", "Alias": "ct", "Startup Cost": 8.27, "Total Cost": 12.3, "Plan Rows": 1, "Plan Width": 4, "Filter": "((kind)::text = 'production companies'::text)", "Plans": [{"Node Type": "Bitmap Index Scan", "Parent Relationship": "Outer", "Index Name": "company_type_pkey", "Startup Cost": 0.0, "Total Cost": 8.27, "Plan Rows": 3, "Plan Width": 0}]}, {"Node Type": "Bitmap Heap Scan", "Parent Relationship": "Inner", "Relation Name": "movie_companies", "Alias": "mc", "Startup Cost": 29270.61, "Total Cost": 64565.07, "Plan Rows": 1304517, "Plan Width": 32, "Recheck Cond": "(company_type_id = ct.id), (LLVM Optimized)", "Filter": "((note)::text !~~ '%(as Metro-Goldwyn-Mayer Pictures)%'::text), (LLVM Optimized)", "Plans": [{"Node Type": "Bitmap Index Scan", "Parent Relationship": "Outer", "Index Name": "company_type_id_movie_companies", "Startup Cost": 0.0, "Total Cost": 28944.48, "Plan Rows": 1304564, "Plan Width": 0, "Index Cond": "(company_type_id = ct.id)"}]}]}]}]}, {"Node Type": "Sort", "Parent Relationship": "Inner", "Startup Cost": 192512.36, "Total Cost": 194310.46, "Plan Rows": 719240, "Plan Width": 25, "Sort Key": ["t.id"], "Plans": [{"Node Type": "Bitmap Heap Scan", "Parent Relationship": "Outer", "Relation Name": "title", "Alias": "t", "Startup Cost": 49833.61, "Total Cost": 122544.28, "Plan Rows": 719240, "Plan Width": 25, "Filter": "((production_year >= 2005) AND (production_year <= 2010)), (LLVM Optimized)", "Plans": [{"Node Type": "Bitmap Index Scan", "Parent Relationship": "Outer", "Index Name": "title_pkey", "Startup Cost": 0.0, "Total Cost": 49653.81, "Plan Rows": 2528311, "Plan Width": 0}]}]}]}]}, "Unique SQL Id": 1162488282, "Planner Runtime": 6}, "explain_analyze_plan": {"Plan": {"Node Type": "Aggregate", "Strategy": "Plain", "Startup Cost": 482639.96, "Total Cost": 482639.97, "Plan Rows": 1, "Plan Width": 113, "Actual Startup Time": 2664.569, "Actual Total Time": 2664.57, "Actual Rows": 1, "Actual Loops": 1, "Plans": [{"Node Type": "Merge Join", "Parent Relationship": "Outer", "Join Type": "Inner", "Startup Cost": 456129.24, "Total Cost": 479283.94, "Plan Rows": 447470, "Plan Width": 45, "Actual Startup Time": 2608.604, "Actual Total Time": 2664.531, "Actual Rows": 3, "Actual Loops": 1, "Inner Unique": true, "Merge Cond": "(mc.movie_id = t.id)", "Plans": [{"Node Type": "Merge Join", "Parent Relationship": "Outer", "Join Type": "Inner", "Startup Cost": 263616.8, "Total Cost": 277451.17, "Plan Rows": 501180, "Plan Width": 32, "Actual Startup Time": 703.654, "Actual Total Time": 722.741, "Actual Rows": 5, "Actual Loops": 1, "Inner Unique": false, "Merge Cond": "(mi_idx.movie_id = mc.movie_id)", "Plans": [{"Node Type": "Sort", "Parent Relationship": "Outer", "Startup Cost": 53487.25, "Total Cost": 54349.77, "Plan Rows": 345008, "Plan Width": 4, "Actual Startup Time": 0.138, "Actual Total Time": 0.142, "Actual Rows": 10, "Actual Loops": 1, "Sort Key": ["mi_idx.movie_id"], "Sort Method": "quicksort", "Sort Space Used": 25, "Sort Space Type": "Memory", "Plans": [{"Node Type": "Nested Loop", "Parent Relationship": "Outer", "Join Type": "Inner", "Startup Cost": 7510.87, "Total Cost": 21752.95, "Plan Rows": 345008, "Plan Width": 4, "Actual Startup Time": 0.117, "Actual Total Time": 0.123, "Actual Rows": 10, "Actual Loops": 1, "Inner Unique": false, "Plans": [{"Node Type": "Bitmap Heap Scan", "Parent Relationship": "Outer", "Relation Name": "info_type", "Alias": "it", "Startup Cost": 8.81, "Total Cost": 14.21, "Plan Rows": 1, "Plan Width": 4, "Actual Startup Time": 0.087, "Actual Total Time": 0.088, "Actual Rows": 1, "Actual Loops": 1, "Filter": "((info)::text = 'bottom 10 rank'::text)", "Rows Removed by Filter": 111, "Exact Heap Blocks": 1, "Lossy Heap Blocks": 1, "Plans": [{"Node Type": "Bitmap Index Scan", "Parent Relationship": "Outer", "Index Name": "info_type_pkey", "Startup Cost": 0.0, "Total Cost": 8.81, "Plan Rows": 112, "Plan Width": 0, "Actual Startup Time": 0.016, "Actual Total Time": 0.016, "Actual Rows": 112, "Actual Loops": 1}]}, {"Node Type": "Bitmap Heap Scan", "Parent Relationship": "Inner", "Relation Name": "movie_info_idx", "Alias": "mi_idx", "Startup Cost": 7502.06, "Total Cost": 18288.66, "Plan Rows": 345008, "Plan Width": 8, "Actual Startup Time": 0.023, "Actual Total Time": 0.026, "Actual Rows": 10, "Actual Loops": 1, "Recheck Cond": "(info_type_id = it.id), (LLVM Optimized, Jit Execute)", "Rows Removed by Index Recheck": 0, "Exact Heap Blocks": 1, "Lossy Heap Blocks": 1, "Plans": [{"Node Type": "Bitmap Index Scan", "Parent Relationship": "Outer", "Index Name": "info_type_id_movie_info_idx", "Startup Cost": 0.0, "Total Cost": 7415.81, "Plan Rows": 345008, "Plan Width": 0, "Actual Startup Time": 0.013, "Actual Total Time": 0.013, "Actual Rows": 10, "Actual Loops": 1, "Index Cond": "(info_type_id = it.id)"}]}]}]}, {"Node Type": "Sort", "Parent Relationship": "Inner", "Startup Cost": 210129.52, "Total Cost": 213390.81, "Plan Rows": 1304518, "Plan Width": 28, "Actual Startup Time": 685.726, "Actual Total Time": 701.482, "Actual Rows": 132371, "Actual Loops": 1, "Sort Key": ["mc.movie_id"], "Sort Method": "quicksort", "Sort Space Used": 20170, "Sort Space Type": "Memory", "Plans": [{"Node Type": "Nested Loop", "Parent Relationship": "Outer", "Join Type": "Inner", "Startup Cost": 29278.87, "Total Cost": 77622.54, "Plan Rows": 1304518, "Plan Width": 28, "Actual Startup Time": 151.442, "Actual Total Time": 634.916, "Actual Rows": 140904, "Actual Loops": 1, "Inner Unique": false, "Plans": [{"Node Type": "Bitmap Heap Scan", "Parent Relationship": "Outer", "Relation Name": "company_type", "Alias": "ct", "Startup Cost": 8.27, "Total Cost": 12.3, "Plan Rows": 1, "Plan Width": 4, "Actual Startup Time": 0.008, "Actual Total Time": 0.011, "Actual Rows": 1, "Actual Loops": 1, "Filter": "((kind)::text = 'production companies'::text)", "Rows Removed by Filter": 2, "Exact Heap Blocks": 1, "Lossy Heap Blocks": 1, "Plans": [{"Node Type": "Bitmap Index Scan", "Parent Relationship": "Outer", "Index Name": "company_type_pkey", "Startup Cost": 0.0, "Total Cost": 8.27, "Plan Rows": 3, "Plan Width": 0, "Actual Startup Time": 0.002, "Actual Total Time": 0.002, "Actual Rows": 3, "Actual Loops": 1}]}, {"Node Type": "Bitmap Heap Scan", "Parent Relationship": "Inner", "Relation Name": "movie_companies", "Alias": "mc", "Startup Cost": 29270.61, "Total Cost": 64565.07, "Plan Rows": 1304517, "Plan Width": 32, "Actual Startup Time": 151.429, "Actual Total Time": 607.152, "Actual Rows": 140904, "Actual Loops": 1, "Recheck Cond": "(company_type_id = ct.id), (LLVM Optimized, Jit Execute)", "Rows Removed by Index Recheck": 0, "Filter": "((note)::text !~~ '%(as Metro-Goldwyn-Mayer Pictures)%'::text), (LLVM Optimized, Jit Execute)", "Rows Removed by Filter": 1193979, "Exact Heap Blocks": 6196, "Lossy Heap Blocks": 6196, "Plans": [{"Node Type": "Bitmap Index Scan", "Parent Relationship": "Outer", "Index Name": "company_type_id_movie_companies", "Startup Cost": 0.0, "Total Cost": 28944.48, "Plan Rows": 1304564, "Plan Width": 0, "Actual Startup Time": 150.206, "Actual Total Time": 150.206, "Actual Rows": 1334883, "Actual Loops": 1, "Index Cond": "(company_type_id = ct.id)"}]}]}]}]}, {"Node Type": "Sort", "Parent Relationship": "Inner", "Startup Cost": 192512.36, "Total Cost": 194310.46, "Plan Rows": 719240, "Plan Width": 25, "Actual Startup Time": 1727.592, "Actual Total Time": 1834.22, "Actual Rows": 669805, "Actual Loops": 1, "Sort Key": ["t.id"], "Sort Method": "quicksort", "Sort Space Used": 95710, "Sort Space Type": "Memory", "Plans": [{"Node Type": "Bitmap Heap Scan", "Parent Relationship": "Outer", "Relation Name": "title", "Alias": "t", "Startup Cost": 49833.61, "Total Cost": 122544.28, "Plan Rows": 719240, "Plan Width": 25, "Actual Startup Time": 307.261, "Actual Total Time": 1421.314, "Actual Rows": 716259, "Actual Loops": 1, "Filter": "((production_year >= 2005) AND (production_year <= 2010)), (LLVM Optimized, Jit Execute)", "Rows Removed by Filter": 1812052, "Exact Heap Blocks": 34786, "Lossy Heap Blocks": 34786, "Plans": [{"Node Type": "Bitmap Index Scan", "Parent Relationship": "Outer", "Index Name": "title_pkey", "Startup Cost": 0.0, "Total Cost": 49653.81, "Plan Rows": 2528311, "Plan Width": 0, "Actual Startup Time": 299.399, "Actual Total Time": 299.399, "Actual Rows": 2528311, "Actual Loops": 1}]}]}]}]}, "Triggers": [], "Planner Runtime": 6.574, "Total Runtime": 2675.056, "Unique SQL Id": 1162488282}}, "(64, '88')": {"explain_plan": {"Plan": {"Node Type": "Aggregate", "Strategy": "Plain", "Startup Cost": 397816.53, "Total Cost": 397816.54, "Plan Rows": 1, "Plan Width": 113, "Plans": [{"Node Type": "Merge Join", "Parent Relationship": "Outer", "Join Type": "Inner", "Startup Cost": 390312.51, "Total Cost": 394460.5, "Plan Rows": 447470, "Plan Width": 45, "Inner Unique": false, "Merge Cond": "(ct.id = mc.company_type_id)", "Plans": [{"Node Type": "Sort", "Parent Relationship": "Outer", "Startup Cost": 1.05, "Total Cost": 1.05, "Plan Rows": 1, "Plan Width": 4, "Sort Key": ["ct.id"], "Plans": [{"Node Type": "Seq Scan", "Parent Relationship": "Outer", "Relation Name": "company_type", "Alias": "ct", "Startup Cost": 0.0, "Total Cost": 1.04, "Plan Rows": 1, "Plan Width": 4, "Filter": "((kind)::text = 'production companies'::text)"}]}, {"Node Type": "Sort", "Parent Relationship": "Inner", "Startup Cost": 388967.45, "Total Cost": 390340.45, "Plan Rows": 549199, "Plan Width": 49, "Sort Key": ["mc.company_type_id"], "Plans": [{"Node Type": "Nested Loop", "Parent Relationship": "Outer", "Join Type": "Inner", "Startup Cost": 0.0, "Total Cost": 336609.65, "Plan Rows": 549199, "Plan Width": 49, "Inner Unique": false, "Join Filter": "(t.id = mc.movie_id), (LLVM Optimized)", "Plans": [{"Node Type": "Nested Loop", "Parent Relationship": "Outer", "Join Type": "Inner", "Startup Cost": 0.0, "Total Cost": 180692.61, "Plan Rows": 396404, "Plan Width": 29, "Inner Unique": true, "Plans": [{"Node Type": "Nested Loop", "Parent Relationship": "Outer", "Join Type": "Inner", "Startup Cost": 0.0, "Total Cost": 38326.39, "Plan Rows": 345008, "Plan Width": 4, "Inner Unique": false, "Plans": [{"Node Type": "Seq Scan", "Parent Relationship": "Outer", "Relation Name": "info_type", "Alias": "it", "Startup Cost": 0.0, "Total Cost": 2.4, "Plan Rows": 1, "Plan Width": 4, "Filter": "((info)::text = 'bottom 10 rank'::text)"}, {"Node Type": "Index Scan", "Parent Relationship": "Inner", "Scan Direction": "Forward", "Index Name": "info_type_id_movie_info_idx", "Relation Name": "movie_info_idx", "Alias": "mi_idx", "Startup Cost": 0.0, "Total Cost": 34873.91, "Plan Rows": 345008, "Plan Width": 8, "Index Cond": "(info_type_id = it.id), (LLVM Optimized)"}]}, {"Node Type": "Index Scan", "Parent Relationship": "Inner", "Scan Direction": "Forward", "Index Name": "title_pkey", "Relation Name": "title", "Alias": "t", "Startup Cost": 0.0, "Total Cost": 0.4, "Plan Rows": 1, "Plan Width": 25, "Index Cond": "(id = mi_idx.movie_id)", "Filter": "((production_year >= 2005) AND (production_year <= 2010))"}]}, {"Node Type": "Index Scan", "Parent Relationship": "Inner", "Scan Direction": "Forward", "Index Name": "movie_id_movie_companies", "Relation Name": "movie_companies", "Alias": "mc", "Startup Cost": 0.0, "Total Cost": 0.37, "Plan Rows": 2, "Plan Width": 32, "Index Cond": "(movie_id = mi_idx.movie_id)", "Filter": "((note)::text !~~ '%(as Metro-Goldwyn-Mayer Pictures)%'::text)"}]}]}]}]}, "Unique SQL Id": 1162488282, "Planner Runtime": 9}, "explain_analyze_plan": {"Plan": {"Node Type": "Aggregate", "Strategy": "Plain", "Startup Cost": 397816.53, "Total Cost": 397816.54, "Plan Rows": 1, "Plan Width": 113, "Actual Startup Time": 0.479, "Actual Total Time": 0.479, "Actual Rows": 1, "Actual Loops": 1, "Plans": [{"Node Type": "Merge Join", "Parent Relationship": "Outer", "Join Type": "Inner", "Startup Cost": 390312.51, "Total Cost": 394460.5, "Plan Rows": 447470, "Plan Width": 45, "Actual Startup Time": 0.462, "Actual Total Time": 0.466, "Actual Rows": 3, "Actual Loops": 1, "Inner Unique": false, "Merge Cond": "(ct.id = mc.company_type_id)", "Plans": [{"Node Type": "Sort", "Parent Relationship": "Outer", "Startup Cost": 1.05, "Total Cost": 1.05, "Plan Rows": 1, "Plan Width": 4, "Actual Startup Time": 0.046, "Actual Total Time": 0.046, "Actual Rows": 1, "Actual Loops": 1, "Sort Key": ["ct.id"], "Sort Method": "quicksort", "Sort Space Used": 25, "Sort Space Type": "Memory", "Plans": [{"Node Type": "Seq Scan", "Parent Relationship": "Outer", "Relation Name": "company_type", "Alias": "ct", "Startup Cost": 0.0, "Total Cost": 1.04, "Plan Rows": 1, "Plan Width": 4, "Actual Startup Time": 0.025, "Actual Total Time": 0.028, "Actual Rows": 1, "Actual Loops": 1, "Filter": "((kind)::text = 'production companies'::text)", "Rows Removed by Filter": 2}]}, {"Node Type": "Sort", "Parent Relationship": "Inner", "Startup Cost": 388967.45, "Total Cost": 390340.45, "Plan Rows": 549199, "Plan Width": 49, "Actual Startup Time": 0.395, "Actual Total Time": 0.401, "Actual Rows": 66, "Actual Loops": 1, "Sort Key": ["mc.company_type_id"], "Sort Method": "quicksort", "Sort Space Used": 35, "Sort Space Type": "Memory", "Plans": [{"Node Type": "Nested Loop", "Parent Relationship": "Outer", "Join Type": "Inner", "Startup Cost": 0.0, "Total Cost": 336609.65, "Plan Rows": 549199, "Plan Width": 49, "Actual Startup Time": 0.184, "Actual Total Time": 0.364, "Actual Rows": 66, "Actual Loops": 1, "Inner Unique": false, "Join Filter": "(t.id = mc.movie_id), (LLVM Optimized)", "Rows Removed by Join Filter": 0, "Plans": [{"Node Type": "Nested Loop", "Parent Relationship": "Outer", "Join Type": "Inner", "Startup Cost": 0.0, "Total Cost": 180692.61, "Plan Rows": 396404, "Plan Width": 29, "Actual Startup Time": 0.162, "Actual Total Time": 0.213, "Actual Rows": 4, "Actual Loops": 1, "Inner Unique": true, "Plans": [{"Node Type": "Nested Loop", "Parent Relationship": "Outer", "Join Type": "Inner", "Startup Cost": 0.0, "Total Cost": 38326.39, "Plan Rows": 345008, "Plan Width": 4, "Actual Startup Time": 0.069, "Actual Total Time": 0.08, "Actual Rows": 10, "Actual Loops": 1, "Inner Unique": false, "Plans": [{"Node Type": "Seq Scan", "Parent Relationship": "Outer", "Relation Name": "info_type", "Alias": "it", "Startup Cost": 0.0, "Total Cost": 2.4, "Plan Rows": 1, "Plan Width": 4, "Actual Startup Time": 0.044, "Actual Total Time": 0.047, "Actual Rows": 1, "Actual Loops": 1, "Filter": "((info)::text = 'bottom 10 rank'::text)", "Rows Removed by Filter": 111}, {"Node Type": "Index Scan", "Parent Relationship": "Inner", "Scan Direction": "Forward", "Index Name": "info_type_id_movie_info_idx", "Relation Name": "movie_info_idx", "Alias": "mi_idx", "Startup Cost": 0.0, "Total Cost": 34873.91, "Plan Rows": 345008, "Plan Width": 8, "Actual Startup Time": 0.022, "Actual Total Time": 0.027, "Actual Rows": 10, "Actual Loops": 1, "Index Cond": "(info_type_id = it.id), (LLVM Optimized)", "Rows Removed by Index Recheck": 0}]}, {"Node Type": "Index Scan", "Parent Relationship": "Inner", "Scan Direction": "Forward", "Index Name": "title_pkey", "Relation Name": "title", "Alias": "t", "Startup Cost": 0.0, "Total Cost": 0.4, "Plan Rows": 1, "Plan Width": 25, "Actual Startup Time": 0.126, "Actual Total Time": 0.126, "Actual Rows": 4, "Actual Loops": 10, "Index Cond": "(id = mi_idx.movie_id)", "Rows Removed by Index Recheck": 0, "Filter": "((production_year >= 2005) AND (production_year <= 2010))", "Rows Removed by Filter": 6}]}, {"Node Type": "Index Scan", "Parent Relationship": "Inner", "Scan Direction": "Forward", "Index Name": "movie_id_movie_companies", "Relation Name": "movie_companies", "Alias": "mc", "Startup Cost": 0.0, "Total Cost": 0.37, "Plan Rows": 2, "Plan Width": 32, "Actual Startup Time": 0.057, "Actual Total Time": 0.123, "Actual Rows": 66, "Actual Loops": 4, "Index Cond": "(movie_id = mi_idx.movie_id)", "Rows Removed by Index Recheck": 0, "Filter": "((note)::text !~~ '%(as Metro-Goldwyn-Mayer Pictures)%'::text)", "Rows Removed by Filter": 7}]}]}]}]}, "Triggers": [], "Planner Runtime": 9.661, "Total Runtime": 10.135, "Unique SQL Id": 1162488282}}, "(64, '89')": {"explain_plan": {"Plan": {"Node Type": "Aggregate", "Strategy": "Plain", "Startup Cost": 397839.59, "Total Cost": 397839.6, "Plan Rows": 1, "Plan Width": 113, "Plans": [{"Node Type": "Merge Join", "Parent Relationship": "Outer", "Join Type": "Inner", "Startup Cost": 390323.27, "Total Cost": 394483.56, "Plan Rows": 447470, "Plan Width": 45, "Inner Unique": false, "Merge Cond": "(ct.id = mc.company_type_id)", "Plans": [{"Node Type": "Index Scan", "Parent Relationship": "Outer", "Scan Direction": "Forward", "Index Name": "company_type_pkey", "Relation Name": "company_type", "Alias": "ct", "Startup Cost": 0.0, "Total Cost": 12.3, "Plan Rows": 1, "Plan Width": 4, "Filter": "((kind)::text = 'production companies'::text)"}, {"Node Type": "Sort", "Parent Relationship": "Inner", "Startup Cost": 388979.26, "Total Cost": 390352.26, "Plan Rows": 549199, "Plan Width": 49, "Sort Key": ["mc.company_type_id"], "Plans": [{"Node Type": "Nested Loop", "Parent Relationship": "Outer", "Join Type": "Inner", "Startup Cost": 0.0, "Total Cost": 336621.46, "Plan Rows": 549199, "Plan Width": 49, "Inner Unique": false, "Join Filter": "(t.id = mc.movie_id), (LLVM Optimized)", "Plans": [{"Node Type": "Nested Loop", "Parent Relationship": "Outer", "Join Type": "Inner", "Startup Cost": 0.0, "Total Cost": 180704.42, "Plan Rows": 396404, "Plan Width": 29, "Inner Unique": true, "Plans": [{"Node Type": "Nested Loop", "Parent Relationship": "Outer", "Join Type": "Inner", "Startup Cost": 0.0, "Total Cost": 38338.2, "Plan Rows": 345008, "Plan Width": 4, "Inner Unique": false, "Plans": [{"Node Type": "Index Scan", "Parent Relationship": "Outer", "Scan Direction": "Forward", "Index Name": "info_type_pkey", "Relation Name": "info_type", "Alias": "it", "Startup Cost": 0.0, "Total Cost": 14.21, "Plan Rows": 1, "Plan Width": 4, "Filter": "((info)::text = 'bottom 10 rank'::text)"}, {"Node Type": "Index Scan", "Parent Relationship": "Inner", "Scan Direction": "Forward", "Index Name": "info_type_id_movie_info_idx", "Relation Name": "movie_info_idx", "Alias": "mi_idx", "Startup Cost": 0.0, "Total Cost": 34873.91, "Plan Rows": 345008, "Plan Width": 8, "Index Cond": "(info_type_id = it.id), (LLVM Optimized)"}]}, {"Node Type": "Index Scan", "Parent Relationship": "Inner", "Scan Direction": "Forward", "Index Name": "title_pkey", "Relation Name": "title", "Alias": "t", "Startup Cost": 0.0, "Total Cost": 0.4, "Plan Rows": 1, "Plan Width": 25, "Index Cond": "(id = mi_idx.movie_id)", "Filter": "((production_year >= 2005) AND (production_year <= 2010))"}]}, {"Node Type": "Index Scan", "Parent Relationship": "Inner", "Scan Direction": "Forward", "Index Name": "movie_id_movie_companies", "Relation Name": "movie_companies", "Alias": "mc", "Startup Cost": 0.0, "Total Cost": 0.37, "Plan Rows": 2, "Plan Width": 32, "Index Cond": "(movie_id = mi_idx.movie_id)", "Filter": "((note)::text !~~ '%(as Metro-Goldwyn-Mayer Pictures)%'::text)"}]}]}]}]}, "Unique SQL Id": 1162488282, "Planner Runtime": 8}, "explain_analyze_plan": {"Plan": {"Node Type": "Aggregate", "Strategy": "Plain", "Startup Cost": 397839.59, "Total Cost": 397839.6, "Plan Rows": 1, "Plan Width": 113, "Actual Startup Time": 0.492, "Actual Total Time": 0.492, "Actual Rows": 1, "Actual Loops": 1, "Plans": [{"Node Type": "Merge Join", "Parent Relationship": "Outer", "Join Type": "Inner", "Startup Cost": 390323.27, "Total Cost": 394483.56, "Plan Rows": 447470, "Plan Width": 45, "Actual Startup Time": 0.472, "Actual Total Time": 0.48, "Actual Rows": 3, "Actual Loops": 1, "Inner Unique": false, "Merge Cond": "(ct.id = mc.company_type_id)", "Plans": [{"Node Type": "Index Scan", "Parent Relationship": "Outer", "Scan Direction": "Forward", "Index Name": "company_type_pkey", "Relation Name": "company_type", "Alias": "ct", "Startup Cost": 0.0, "Total Cost": 12.3, "Plan Rows": 1, "Plan Width": 4, "Actual Startup Time": 0.018, "Actual Total Time": 0.021, "Actual Rows": 1, "Actual Loops": 1, "Filter": "((kind)::text = 'production companies'::text)", "Rows Removed by Filter": 2}, {"Node Type": "Sort", "Parent Relationship": "Inner", "Startup Cost": 388979.26, "Total Cost": 390352.26, "Plan Rows": 549199, "Plan Width": 49, "Actual Startup Time": 0.434, "Actual Total Time": 0.441, "Actual Rows": 66, "Actual Loops": 1, "Sort Key": ["mc.company_type_id"], "Sort Method": "quicksort", "Sort Space Used": 35, "Sort Space Type": "Memory", "Plans": [{"Node Type": "Nested Loop", "Parent Relationship": "Outer", "Join Type": "Inner", "Startup Cost": 0.0, "Total Cost": 336621.46, "Plan Rows": 549199, "Plan Width": 49, "Actual Startup Time": 0.198, "Actual Total Time": 0.393, "Actual Rows": 66, "Actual Loops": 1, "Inner Unique": false, "Join Filter": "(t.id = mc.movie_id), (LLVM Optimized)", "Rows Removed by Join Filter": 0, "Plans": [{"Node Type": "Nested Loop", "Parent Relationship": "Outer", "Join Type": "Inner", "Startup Cost": 0.0, "Total Cost": 180704.42, "Plan Rows": 396404, "Plan Width": 29, "Actual Startup Time": 0.173, "Actual Total Time": 0.228, "Actual Rows": 4, "Actual Loops": 1, "Inner Unique": true, "Plans": [{"Node Type": "Nested Loop", "Parent Relationship": "Outer", "Join Type": "Inner", "Startup Cost": 0.0, "Total Cost": 38338.2, "Plan Rows": 345008, "Plan Width": 4, "Actual Startup Time": 0.081, "Actual Total Time": 0.09, "Actual Rows": 10, "Actual Loops": 1, "Inner Unique": false, "Plans": [{"Node Type": "Index Scan", "Parent Relationship": "Outer", "Scan Direction": "Forward", "Index Name": "info_type_pkey", "Relation Name": "info_type", "Alias": "it", "Startup Cost": 0.0, "Total Cost": 14.21, "Plan Rows": 1, "Plan Width": 4, "Actual Startup Time": 0.06, "Actual Total Time": 0.061, "Actual Rows": 1, "Actual Loops": 1, "Filter": "((info)::text = 'bottom 10 rank'::text)", "Rows Removed by Filter": 111}, {"Node Type": "Index Scan", "Parent Relationship": "Inner", "Scan Direction": "Forward", "Index Name": "info_type_id_movie_info_idx", "Relation Name": "movie_info_idx", "Alias": "mi_idx", "Startup Cost": 0.0, "Total Cost": 34873.91, "Plan Rows": 345008, "Plan Width": 8, "Actual Startup Time": 0.017, "Actual Total Time": 0.022, "Actual Rows": 10, "Actual Loops": 1, "Index Cond": "(info_type_id = it.id), (LLVM Optimized)", "Rows Removed by Index Recheck": 0}]}, {"Node Type": "Index Scan", "Parent Relationship": "Inner", "Scan Direction": "Forward", "Index Name": "title_pkey", "Relation Name": "title", "Alias": "t", "Startup Cost": 0.0, "Total Cost": 0.4, "Plan Rows": 1, "Plan Width": 25, "Actual Startup Time": 0.129, "Actual Total Time": 0.129, "Actual Rows": 4, "Actual Loops": 10, "Index Cond": "(id = mi_idx.movie_id)", "Rows Removed by Index Recheck": 0, "Filter": "((production_year >= 2005) AND (production_year <= 2010))", "Rows Removed by Filter": 6}]}, {"Node Type": "Index Scan", "Parent Relationship": "Inner", "Scan Direction": "Forward", "Index Name": "movie_id_movie_companies", "Relation Name": "movie_companies", "Alias": "mc", "Startup Cost": 0.0, "Total Cost": 0.37, "Plan Rows": 2, "Plan Width": 32, "Actual Startup Time": 0.063, "Actual Total Time": 0.134, "Actual Rows": 66, "Actual Loops": 4, "Index Cond": "(movie_id = mi_idx.movie_id)", "Rows Removed by Index Recheck": 0, "Filter": "((note)::text !~~ '%(as Metro-Goldwyn-Mayer Pictures)%'::text)", "Rows Removed by Filter": 7}]}]}]}]}, "Triggers": [], "Planner Runtime": 9.389, "Total Runtime": 10.424, "Unique SQL Id": 1162488282}}, "(64, '90')": {"explain_plan": {"Plan": {"Node Type": "Aggregate", "Strategy": "Plain", "Startup Cost": 100021739613.22, "Total Cost": 100021739613.25, "Plan Rows": 1, "Plan Width": 113, "Plans": [{"Node Type": "Streaming(type: LOCAL GATHER dop: 1/64)", "Parent Relationship": "Outer", "Startup Cost": 100021739613.22, "Total Cost": 100021739613.25, "Plan Rows": 1, "Plan Width": 113, "Plans": [{"Node Type": "Aggregate", "Strategy": "Plain", "Parent Relationship": "Outer", "Startup Cost": 100021739613.22, "Total Cost": 100021739613.23, "Plan Rows": 1, "Plan Width": 113, "Plans": [{"Node Type": "Nested Loop", "Parent Relationship": "Outer", "Join Type": "Inner", "Startup Cost": 10000637901.77, "Total Cost": 100021736257.19, "Plan Rows": 447470, "Plan Width": 45, "Inner Unique": false, "Join Filter": "(mc.movie_id = t.id), (LLVM Optimized)", "Plans": [{"Node Type": "Streaming(type: LOCAL REDISTRIBUTE dop: 64/64)", "Parent Relationship": "Outer", "Startup Cost": 1813.35, "Total Cost": 127817.42, "Plan Rows": 719240, "Plan Width": 25, "Plans": [{"Node Type": "Seq Scan", "Parent Relationship": "Outer", "Relation Name": "title", "Alias": "t", "Startup Cost": 1813.35, "Total Cost": 64136.1, "Plan Rows": 719240, "Plan Width": 25, "Filter": "((production_year >= 2005) AND (production_year <= 2010)), (LLVM Optimized)"}]}, {"Node Type": "Materialize", "Parent Relationship": "Inner", "Startup Cost": 636088.42, "Total Cost": 725752.06, "Plan Rows": 501180, "Plan Width": 32, "Plans": [{"Node Type": "Streaming(type: LOCAL REDISTRIBUTE dop: 64/1)", "Parent Relationship": "Outer", "Startup Cost": 636088.42, "Total Cost": 725712.91, "Plan Rows": 501180, "Plan Width": 32, "Plans": [{"Node Type": "Merge Join", "Parent Relationship": "Outer", "Join Type": "Inner", "Startup Cost": 636088.42, "Total Cost": 642350.02, "Plan Rows": 501180, "Plan Width": 32, "Inner Unique": false, "Merge Cond": "(ct.id = mc.company_type_id)", "Plans": [{"Node Type": "Sort", "Parent Relationship": "Outer", "Startup Cost": 1.05, "Total Cost": 1.05, "Plan Rows": 1, "Plan Width": 4, "Sort Key": ["ct.id"], "Plans": [{"Node Type": "Seq Scan", "Parent Relationship": "Outer", "Relation Name": "company_type", "Alias": "ct", "Startup Cost": 0.0, "Total Cost": 1.04, "Plan Rows": 1, "Plan Width": 4, "Filter": "((kind)::text = 'production companies'::text)"}]}, {"Node Type": "Sort", "Parent Relationship": "Inner", "Startup Cost": 634058.51, "Total Cost": 636131.12, "Plan Rows": 829046, "Plan Width": 36, "Sort Key": ["mc.company_type_id"], "Plans": [{"Node Type": "Merge Join", "Parent Relationship": "Outer", "Join Type": "Inner", "Startup Cost": 529498.2, "Total Cost": 552558.76, "Plan Rows": 829046, "Plan Width": 36, "Inner Unique": false, "Merge Cond": "(mi_idx.movie_id = mc.movie_id)", "Plans": [{"Node Type": "Sort", "Parent Relationship": "Outer", "Startup Cost": 203099.06, "Total Cost": 203961.58, "Plan Rows": 345008, "Plan Width": 4, "Sort Key": ["mi_idx.movie_id"], "Plans": [{"Node Type": "Merge Join", "Parent Relationship": "Outer", "Join Type": "Inner", "Startup Cost": 161014.5, "Total Cost": 171364.75, "Plan Rows": 345008, "Plan Width": 4, "Inner Unique": false, "Merge Cond": "(it.id = mi_idx.info_type_id)", "Plans": [{"Node Type": "Sort", "Parent Relationship": "Outer", "Startup Cost": 2.41, "Total Cost": 2.42, "Plan Rows": 1, "Plan Width": 4, "Sort Key": ["it.id"], "Plans": [{"Node Type": "Seq Scan", "Parent Relationship": "Outer", "Relation Name": "info_type", "Alias": "it", "Startup Cost": 0.0, "Total Cost": 2.4, "Plan Rows": 1, "Plan Width": 4, "Filter": "((info)::text = 'bottom 10 rank'::text)"}]}, {"Node Type": "Sort", "Parent Relationship": "Inner", "Startup Cost": 161012.09, "Total Cost": 164462.17, "Plan Rows": 1380034, "Plan Width": 8, "Sort Key": ["mi_idx.info_type_id"], "Plans": [{"Node Type": "Seq Scan", "Parent Relationship": "Outer", "Relation Name": "movie_info_idx", "Alias": "mi_idx", "Startup Cost": 0.0, "Total Cost": 20274.34, "Plan Rows": 1380034, "Plan Width": 8}]}]}]}, {"Node Type": "Sort", "Parent Relationship": "Inner", "Startup Cost": 326399.11, "Total Cost": 332921.7, "Plan Rows": 2609035, "Plan Width": 32, "Sort Key": ["mc.movie_id"], "Plans": [{"Node Type": "Seq Scan", "Parent Relationship": "Outer", "Relation Name": "movie_companies", "Alias": "mc", "Startup Cost": 0.0, "Total Cost": 48340.1, "Plan Rows": 2609035, "Plan Width": 32, "Filter": "((note)::text !~~ '%(as Metro-Goldwyn-Mayer Pictures)%'::text), (LLVM Optimized)"}]}]}]}]}]}]}]}]}]}]}, "Unique SQL Id": 1162488282, "Planner Runtime": 7}, "explain_analyze_plan": {"Plan": {"Node Type": "Aggregate", "Strategy": "Plain", "Startup Cost": 100021739613.22, "Total Cost": 100021739613.25, "Plan Rows": 1, "Plan Width": 113, "Actual Min Startup Time": 3345.784, "Actual Max Startup Time": 3345.784, "Actual Min Total Time": 3345.784, "Actual Max Total Time": 3345.784, "Plans": [{"Node Type": "Streaming(type: LOCAL GATHER dop: 1/64)", "Parent Relationship": "Outer", "Startup Cost": 100021739613.22, "Total Cost": 100021739613.25, "Plan Rows": 1, "Plan Width": 113, "Actual Min Startup Time": 3343.586, "Actual Max Startup Time": 3343.586, "Actual Min Total Time": 3345.753, "Actual Max Total Time": 3345.753, "Plans": [{"Node Type": "Aggregate", "Strategy": "Plain", "Parent Relationship": "Outer", "Startup Cost": 100021739613.22, "Total Cost": 100021739613.23, "Plan Rows": 1, "Plan Width": 113, "Actual Min Startup Time": 2790.666, "Actual Max Startup Time": 3184.93, "Actual Min Total Time": 2790.666, "Actual Max Total Time": 3184.93, "Plans": [{"Node Type": "Nested Loop", "Parent Relationship": "Outer", "Join Type": "Inner", "Startup Cost": 10000637901.77, "Total Cost": 100021736257.19, "Plan Rows": 447470, "Plan Width": 45, "Actual Min Startup Time": 2790.66, "Actual Max Startup Time": 3173.465, "Actual Min Total Time": 2790.66, "Actual Max Total Time": 3184.899, "Inner Unique": false, "Join Filter": "(mc.movie_id = t.id), (LLVM Optimized, Jit Execute)", "Rows Removed by Join Filter": 56628, "Plans": [{"Node Type": "Streaming(type: LOCAL REDISTRIBUTE dop: 64/64)", "Parent Relationship": "Outer", "Startup Cost": 1813.35, "Total Cost": 127817.42, "Plan Rows": 719240, "Plan Width": 25, "Actual Min Startup Time": 0.176, "Actual Max Startup Time": 2.029, "Actual Min Total Time": 19.572, "Actual Max Total Time": 28.77, "Plans": [{"Node Type": "Seq Scan", "Parent Relationship": "Outer", "Relation Name": "title", "Alias": "t", "Startup Cost": 1813.35, "Total Cost": 64136.1, "Plan Rows": 719240, "Plan Width": 25, "Actual Min Startup Time": 0.03, "Actual Max Startup Time": 0.183, "Actual Min Total Time": 13.984, "Actual Max Total Time": 19.713, "Filter": "((production_year >= 2005) AND (production_year <= 2010)), (LLVM Optimized, Jit Execute)", "Rows Removed by Filter": 1812052, "Actual Rows": 716259}], "Actual Rows": 716259}, {"Node Type": "Materialize", "Parent Relationship": "Inner", "Startup Cost": 636088.42, "Total Cost": 725752.06, "Plan Rows": 501180, "Plan Width": 32, "Actual Min Startup Time": 2760.101, "Actual Max Startup Time": 3154.12, "Actual Min Total Time": 2760.101, "Actual Max Total Time": 3157.32, "Plans": [{"Node Type": "Streaming(type: LOCAL REDISTRIBUTE dop: 64/1)", "Parent Relationship": "Outer", "Startup Cost": 636088.42, "Total Cost": 725712.91, "Plan Rows": 501180, "Plan Width": 32, "Actual Min Startup Time": 2758.946, "Actual Max Startup Time": 3153.089, "Actual Min Total Time": 2758.946, "Actual Max Total Time": 3153.09, "Plans": [{"Node Type": "Merge Join", "Parent Relationship": "Outer", "Join Type": "Inner", "Startup Cost": 636088.42, "Total Cost": 642350.02, "Plan Rows": 501180, "Plan Width": 32, "Actual Min Startup Time": 3275.081, "Actual Max Startup Time": 3275.081, "Actual Min Total Time": 3275.087, "Actual Max Total Time": 3275.087, "Inner Unique": false, "Merge Cond": "(ct.id = mc.company_type_id)", "Plans": [{"Node Type": "Sort", "Parent Relationship": "Outer", "Startup Cost": 1.05, "Total Cost": 1.05, "Plan Rows": 1, "Plan Width": 4, "Actual Min Startup Time": 0.038, "Actual Max Startup Time": 0.038, "Actual Min Total Time": 0.038, "Actual Max Total Time": 0.038, "Sort Key": ["ct.id"], "Sort Method": "quicksort", "Sort Space Min Used": 25, "Sort Space Max Used": 25, "Sort Space Type": "Memory", "Plans": [{"Node Type": "Seq Scan", "Parent Relationship": "Outer", "Relation Name": "company_type", "Alias": "ct", "Startup Cost": 0.0, "Total Cost": 1.04, "Plan Rows": 1, "Plan Width": 4, "Actual Min Startup Time": 0.021, "Actual Max Startup Time": 0.021, "Actual Min Total Time": 0.023, "Actual Max Total Time": 0.023, "Filter": "((kind)::text = 'production companies'::text)", "Rows Removed by Filter": 2, "Actual Rows": 1}], "Actual Rows": 1}, {"Node Type": "Sort", "Parent Relationship": "Inner", "Startup Cost": 634058.51, "Total Cost": 636131.12, "Plan Rows": 829046, "Plan Width": 36, "Actual Min Startup Time": 3275.005, "Actual Max Startup Time": 3275.005, "Actual Min Total Time": 3275.018, "Actual Max Total Time": 3275.018, "Sort Key": ["mc.company_type_id"], "Sort Method": "quicksort", "Sort Space Min Used": 36, "Sort Space Max Used": 36, "Sort Space Type": "Memory", "Plans": [{"Node Type": "Merge Join", "Parent Relationship": "Outer", "Join Type": "Inner", "Startup Cost": 529498.2, "Total Cost": 552558.76, "Plan Rows": 829046, "Plan Width": 36, "Actual Min Startup Time": 3017.545, "Actual Max Startup Time": 3017.545, "Actual Min Total Time": 3274.915, "Actual Max Total Time": 3274.915, "Inner Unique": false, "Merge Cond": "(mi_idx.movie_id = mc.movie_id)", "Plans": [{"Node Type": "Sort", "Parent Relationship": "Outer", "Startup Cost": 203099.06, "Total Cost": 203961.58, "Plan Rows": 345008, "Plan Width": 4, "Actual Min Startup Time": 1359.256, "Actual Max Startup Time": 1359.256, "Actual Min Total Time": 1359.26, "Actual Max Total Time": 1359.26, "Sort Key": ["mi_idx.movie_id"], "Sort Method": "quicksort", "Sort Space Min Used": 25, "Sort Space Max Used": 25, "Sort Space Type": "Memory", "Plans": [{"Node Type": "Merge Join", "Parent Relationship": "Outer", "Join Type": "Inner", "Startup Cost": 161014.5, "Total Cost": 171364.75, "Plan Rows": 345008, "Plan Width": 4, "Actual Min Startup Time": 1357.67, "Actual Max Startup Time": 1357.67, "Actual Min Total Time": 1359.242, "Actual Max Total Time": 1359.242, "Inner Unique": false, "Merge Cond": "(it.id = mi_idx.info_type_id)", "Plans": [{"Node Type": "Sort", "Parent Relationship": "Outer", "Startup Cost": 2.41, "Total Cost": 2.42, "Plan Rows": 1, "Plan Width": 4, "Actual Min Startup Time": 0.055, "Actual Max Startup Time": 0.055, "Actual Min Total Time": 0.056, "Actual Max Total Time": 0.056, "Sort Key": ["it.id"], "Sort Method": "quicksort", "Sort Space Min Used": 25, "Sort Space Max Used": 25, "Sort Space Type": "Memory", "Plans": [{"Node Type": "Seq Scan", "Parent Relationship": "Outer", "Relation Name": "info_type", "Alias": "it", "Startup Cost": 0.0, "Total Cost": 2.4, "Plan Rows": 1, "Plan Width": 4, "Actual Min Startup Time": 0.042, "Actual Max Startup Time": 0.042, "Actual Min Total Time": 0.043, "Actual Max Total Time": 0.043, "Filter": "((info)::text = 'bottom 10 rank'::text)", "Rows Removed by Filter": 111, "Actual Rows": 1}], "Actual Rows": 1}, {"Node Type": "Sort", "Parent Relationship": "Inner", "Startup Cost": 161012.09, "Total Cost": 164462.17, "Plan Rows": 1380034, "Plan Width": 8, "Actual Min Startup Time": 793.274, "Actual Max Startup Time": 793.274, "Actual Min Total Time": 1169.229, "Actual Max Total Time": 1169.229, "Sort Key": ["mi_idx.info_type_id"], "Sort Method": "quicksort", "Sort Space Min Used": 135405, "Sort Space Max Used": 135405, "Sort Space Type": "Memory", "Plans": [{"Node Type": "Seq Scan", "Parent Relationship": "Outer", "Relation Name": "movie_info_idx", "Alias": "mi_idx", "Startup Cost": 0.0, "Total Cost": 20274.34, "Plan Rows": 1380034, "Plan Width": 8, "Actual Min Startup Time": 0.041, "Actual Max Startup Time": 0.041, "Actual Min Total Time": 368.586, "Actual Max Total Time": 368.586, "Actual Rows": 1380034}], "Actual Rows": 1380034}], "Actual Rows": 10}], "Actual Rows": 10}, {"Node Type": "Sort", "Parent Relationship": "Inner", "Startup Cost": 326399.11, "Total Cost": 332921.7, "Plan Rows": 2609035, "Plan Width": 32, "Actual Min Startup Time": 1516.643, "Actual Max Startup Time": 1516.643, "Actual Min Total Time": 1689.872, "Actual Max Total Time": 1689.872, "Sort Key": ["mc.movie_id"], "Sort Method": "quicksort", "Sort Space Min Used": 184544, "Sort Space Max Used": 184544, "Sort Space Type": "Memory", "Plans": [{"Node Type": "Seq Scan", "Parent Relationship": "Outer", "Relation Name": "movie_companies", "Alias": "mc", "Startup Cost": 0.0, "Total Cost": 48340.1, "Plan Rows": 2609035, "Plan Width": 32, "Actual Min Startup Time": 0.04, "Actual Max Startup Time": 0.04, "Actual Min Total Time": 985.633, "Actual Max Total Time": 985.633, "Filter": "((note)::text !~~ '%(as Metro-Goldwyn-Mayer Pictures)%'::text), (LLVM Optimized, Jit Execute)", "Rows Removed by Filter": 1272041, "Actual Rows": 1337087}], "Actual Rows": 1263891}], "Actual Rows": 100}], "Actual Rows": 100}], "Actual Rows": 5}], "Actual Rows": 5}], "Actual Rows": 56634}], "Actual Rows": 3}], "Actual Rows": 64}], "Actual Rows": 64}], "Actual Rows": 1}, "Triggers": [], "Planner Runtime": 7.728, "Total Runtime": 3388.11, "Unique SQL Id": 1162488282}}, "(64, '91')": {"explain_plan": {"Plan": {"Node Type": "Aggregate", "Strategy": "Plain", "Startup Cost": 4997224573678.84, "Total Cost": 4997224573678.85, "Plan Rows": 1, "Plan Width": 113, "Plans": [{"Node Type": "Merge Join", "Parent Relationship": "Outer", "Join Type": "Inner", "Startup Cost": 4007224564944.58, "Total Cost": 4997224570322.82, "Plan Rows": 447470, "Plan Width": 45, "Inner Unique": false, "Merge Cond": "(ct.id = mc.company_type_id)", "Plans": [{"Node Type": "Index Scan", "Parent Relationship": "Outer", "Scan Direction": "Forward", "Index Name": "company_type_pkey", "Relation Name": "company_type", "Alias": "ct", "Startup Cost": 10000000000.0, "Total Cost": 1000000001230.25, "Plan Rows": 1, "Plan Width": 4, "Filter": "((kind)::text = 'production companies'::text)"}, {"Node Type": "Sort", "Parent Relationship": "Inner", "Startup Cost": 3997224563600.57, "Total Cost": 3997224564973.57, "Plan Rows": 549199, "Plan Width": 49, "Sort Key": ["mc.company_type_id"], "Plans": [{"Node Type": "Merge Join", "Parent Relationship": "Outer", "Join Type": "Inner", "Startup Cost": 2020023888991.49, "Total Cost": 3997224511242.77, "Plan Rows": 549199, "Plan Width": 49, "Inner Unique": false, "Merge Cond": "(t.id = mi_idx.movie_id)", "Plans": [{"Node Type": "Merge Join", "Parent Relationship": "Outer", "Join Type": "Inner", "Startup Cost": 20022023519.89, "Total Cost": 1999077618211.31, "Plan Rows": 1728348, "Plan Width": 57, "Inner Unique": false, "Merge Cond": "(t.id = mc.movie_id)", "Plans": [{"Node Type": "Index Scan", "Parent Relationship": "Outer", "Scan Direction": "Forward", "Index Name": "title_pkey", "Relation Name": "title", "Alias": "t", "Startup Cost": 10000000000.0, "Total Cost": 1000012276204.41, "Plan Rows": 719240, "Plan Width": 25, "Filter": "((production_year >= 2005) AND (production_year <= 2010)), (LLVM Optimized)"}, {"Node Type": "Index Scan", "Parent Relationship": "Inner", "Scan Direction": "Forward", "Index Name": "movie_id_movie_companies", "Relation Name": "movie_companies", "Alias": "mc", "Startup Cost": 10000000000.0, "Total Cost": 1000013704228.13, "Plan Rows": 2609035, "Plan Width": 32, "Filter": "((note)::text !~~ '%(as Metro-Goldwyn-Mayer Pictures)%'::text), (LLVM Optimized)"}]}, {"Node Type": "Sort", "Parent Relationship": "Inner", "Startup Cost": 2000001865471.58, "Total Cost": 2000001866334.1, "Plan Rows": 345008, "Plan Width": 4, "Sort Key": ["mi_idx.movie_id"], "Plans": [{"Node Type": "Nested Loop", "Parent Relationship": "Outer", "Join Type": "Inner", "Startup Cost": 20000007502.06, "Total Cost": 2000001833737.28, "Plan Rows": 345008, "Plan Width": 4, "Inner Unique": false, "Plans": [{"Node Type": "Index Scan", "Parent Relationship": "Outer", "Scan Direction": "Forward", "Index Name": "info_type_pkey", "Relation Name": "info_type", "Alias": "it", "Startup Cost": 10000000000.0, "Total Cost": 1000000001421.0, "Plan Rows": 1, "Plan Width": 4, "Filter": "((info)::text = 'bottom 10 rank'::text)"}, {"Node Type": "Bitmap Heap Scan", "Parent Relationship": "Inner", "Relation Name": "movie_info_idx", "Alias": "mi_idx", "Startup Cost": 10000007502.06, "Total Cost": 1000001828866.2, "Plan Rows": 345008, "Plan Width": 8, "Recheck Cond": "(info_type_id = it.id), (LLVM Optimized)", "Plans": [{"Node Type": "Bitmap Index Scan", "Parent Relationship": "Outer", "Index Name": "info_type_id_movie_info_idx", "Startup Cost": 0.0, "Total Cost": 7415.81, "Plan Rows": 345008, "Plan Width": 0, "Index Cond": "(info_type_id = it.id)"}]}]}]}]}]}]}]}, "Unique SQL Id": 1162488282, "Planner Runtime": 12}, "explain_analyze_plan": null}, "(64, '92')": {"explain_plan": {"Plan": {"Node Type": "Aggregate", "Strategy": "Plain", "Startup Cost": 397816.53, "Total Cost": 397816.54, "Plan Rows": 1, "Plan Width": 113, "Plans": [{"Node Type": "Merge Join", "Parent Relationship": "Outer", "Join Type": "Inner", "Startup Cost": 390312.51, "Total Cost": 394460.5, "Plan Rows": 447470, "Plan Width": 45, "Inner Unique": false, "Merge Cond": "(ct.id = mc.company_type_id)", "Plans": [{"Node Type": "Sort", "Parent Relationship": "Outer", "Startup Cost": 1.05, "Total Cost": 1.05, "Plan Rows": 1, "Plan Width": 4, "Sort Key": ["ct.id"], "Plans": [{"Node Type": "Seq Scan", "Parent Relationship": "Outer", "Relation Name": "company_type", "Alias": "ct", "Startup Cost": 0.0, "Total Cost": 1.04, "Plan Rows": 1, "Plan Width": 4, "Filter": "((kind)::text = 'production companies'::text)"}]}, {"Node Type": "Sort", "Parent Relationship": "Inner", "Startup Cost": 388967.45, "Total Cost": 390340.45, "Plan Rows": 549199, "Plan Width": 49, "Sort Key": ["mc.company_type_id"], "Plans": [{"Node Type": "Nested Loop", "Parent Relationship": "Outer", "Join Type": "Inner", "Startup Cost": 0.0, "Total Cost": 336609.65, "Plan Rows": 549199, "Plan Width": 49, "Inner Unique": false, "Join Filter": "(t.id = mc.movie_id), (LLVM Optimized)", "Plans": [{"Node Type": "Nested Loop", "Parent Relationship": "Outer", "Join Type": "Inner", "Startup Cost": 0.0, "Total Cost": 180692.61, "Plan Rows": 396404, "Plan Width": 29, "Inner Unique": true, "Plans": [{"Node Type": "Nested Loop", "Parent Relationship": "Outer", "Join Type": "Inner", "Startup Cost": 0.0, "Total Cost": 38326.39, "Plan Rows": 345008, "Plan Width": 4, "Inner Unique": false, "Plans": [{"Node Type": "Seq Scan", "Parent Relationship": "Outer", "Relation Name": "info_type", "Alias": "it", "Startup Cost": 0.0, "Total Cost": 2.4, "Plan Rows": 1, "Plan Width": 4, "Filter": "((info)::text = 'bottom 10 rank'::text)"}, {"Node Type": "Index Scan", "Parent Relationship": "Inner", "Scan Direction": "Forward", "Index Name": "info_type_id_movie_info_idx", "Relation Name": "movie_info_idx", "Alias": "mi_idx", "Startup Cost": 0.0, "Total Cost": 34873.91, "Plan Rows": 345008, "Plan Width": 8, "Index Cond": "(info_type_id = it.id), (LLVM Optimized)"}]}, {"Node Type": "Index Scan", "Parent Relationship": "Inner", "Scan Direction": "Forward", "Index Name": "title_pkey", "Relation Name": "title", "Alias": "t", "Startup Cost": 0.0, "Total Cost": 0.4, "Plan Rows": 1, "Plan Width": 25, "Index Cond": "(id = mi_idx.movie_id)", "Filter": "((production_year >= 2005) AND (production_year <= 2010))"}]}, {"Node Type": "Index Scan", "Parent Relationship": "Inner", "Scan Direction": "Forward", "Index Name": "movie_id_movie_companies", "Relation Name": "movie_companies", "Alias": "mc", "Startup Cost": 0.0, "Total Cost": 0.37, "Plan Rows": 2, "Plan Width": 32, "Index Cond": "(movie_id = mi_idx.movie_id)", "Filter": "((note)::text !~~ '%(as Metro-Goldwyn-Mayer Pictures)%'::text)"}]}]}]}]}, "Unique SQL Id": 1162488282, "Planner Runtime": 10}, "explain_analyze_plan": {"Plan": {"Node Type": "Aggregate", "Strategy": "Plain", "Startup Cost": 397816.53, "Total Cost": 397816.54, "Plan Rows": 1, "Plan Width": 113, "Actual Startup Time": 0.479, "Actual Total Time": 0.479, "Actual Rows": 1, "Actual Loops": 1, "Plans": [{"Node Type": "Merge Join", "Parent Relationship": "Outer", "Join Type": "Inner", "Startup Cost": 390312.51, "Total Cost": 394460.5, "Plan Rows": 447470, "Plan Width": 45, "Actual Startup Time": 0.462, "Actual Total Time": 0.466, "Actual Rows": 3, "Actual Loops": 1, "Inner Unique": false, "Merge Cond": "(ct.id = mc.company_type_id)", "Plans": [{"Node Type": "Sort", "Parent Relationship": "Outer", "Startup Cost": 1.05, "Total Cost": 1.05, "Plan Rows": 1, "Plan Width": 4, "Actual Startup Time": 0.046, "Actual Total Time": 0.046, "Actual Rows": 1, "Actual Loops": 1, "Sort Key": ["ct.id"], "Sort Method": "quicksort", "Sort Space Used": 25, "Sort Space Type": "Memory", "Plans": [{"Node Type": "Seq Scan", "Parent Relationship": "Outer", "Relation Name": "company_type", "Alias": "ct", "Startup Cost": 0.0, "Total Cost": 1.04, "Plan Rows": 1, "Plan Width": 4, "Actual Startup Time": 0.025, "Actual Total Time": 0.028, "Actual Rows": 1, "Actual Loops": 1, "Filter": "((kind)::text = 'production companies'::text)", "Rows Removed by Filter": 2}]}, {"Node Type": "Sort", "Parent Relationship": "Inner", "Startup Cost": 388967.45, "Total Cost": 390340.45, "Plan Rows": 549199, "Plan Width": 49, "Actual Startup Time": 0.395, "Actual Total Time": 0.401, "Actual Rows": 66, "Actual Loops": 1, "Sort Key": ["mc.company_type_id"], "Sort Method": "quicksort", "Sort Space Used": 35, "Sort Space Type": "Memory", "Plans": [{"Node Type": "Nested Loop", "Parent Relationship": "Outer", "Join Type": "Inner", "Startup Cost": 0.0, "Total Cost": 336609.65, "Plan Rows": 549199, "Plan Width": 49, "Actual Startup Time": 0.184, "Actual Total Time": 0.364, "Actual Rows": 66, "Actual Loops": 1, "Inner Unique": false, "Join Filter": "(t.id = mc.movie_id), (LLVM Optimized)", "Rows Removed by Join Filter": 0, "Plans": [{"Node Type": "Nested Loop", "Parent Relationship": "Outer", "Join Type": "Inner", "Startup Cost": 0.0, "Total Cost": 180692.61, "Plan Rows": 396404, "Plan Width": 29, "Actual Startup Time": 0.162, "Actual Total Time": 0.213, "Actual Rows": 4, "Actual Loops": 1, "Inner Unique": true, "Plans": [{"Node Type": "Nested Loop", "Parent Relationship": "Outer", "Join Type": "Inner", "Startup Cost": 0.0, "Total Cost": 38326.39, "Plan Rows": 345008, "Plan Width": 4, "Actual Startup Time": 0.069, "Actual Total Time": 0.08, "Actual Rows": 10, "Actual Loops": 1, "Inner Unique": false, "Plans": [{"Node Type": "Seq Scan", "Parent Relationship": "Outer", "Relation Name": "info_type", "Alias": "it", "Startup Cost": 0.0, "Total Cost": 2.4, "Plan Rows": 1, "Plan Width": 4, "Actual Startup Time": 0.044, "Actual Total Time": 0.047, "Actual Rows": 1, "Actual Loops": 1, "Filter": "((info)::text = 'bottom 10 rank'::text)", "Rows Removed by Filter": 111}, {"Node Type": "Index Scan", "Parent Relationship": "Inner", "Scan Direction": "Forward", "Index Name": "info_type_id_movie_info_idx", "Relation Name": "movie_info_idx", "Alias": "mi_idx", "Startup Cost": 0.0, "Total Cost": 34873.91, "Plan Rows": 345008, "Plan Width": 8, "Actual Startup Time": 0.022, "Actual Total Time": 0.027, "Actual Rows": 10, "Actual Loops": 1, "Index Cond": "(info_type_id = it.id), (LLVM Optimized)", "Rows Removed by Index Recheck": 0}]}, {"Node Type": "Index Scan", "Parent Relationship": "Inner", "Scan Direction": "Forward", "Index Name": "title_pkey", "Relation Name": "title", "Alias": "t", "Startup Cost": 0.0, "Total Cost": 0.4, "Plan Rows": 1, "Plan Width": 25, "Actual Startup Time": 0.126, "Actual Total Time": 0.126, "Actual Rows": 4, "Actual Loops": 10, "Index Cond": "(id = mi_idx.movie_id)", "Rows Removed by Index Recheck": 0, "Filter": "((production_year >= 2005) AND (production_year <= 2010))", "Rows Removed by Filter": 6}]}, {"Node Type": "Index Scan", "Parent Relationship": "Inner", "Scan Direction": "Forward", "Index Name": "movie_id_movie_companies", "Relation Name": "movie_companies", "Alias": "mc", "Startup Cost": 0.0, "Total Cost": 0.37, "Plan Rows": 2, "Plan Width": 32, "Actual Startup Time": 0.057, "Actual Total Time": 0.123, "Actual Rows": 66, "Actual Loops": 4, "Index Cond": "(movie_id = mi_idx.movie_id)", "Rows Removed by Index Recheck": 0, "Filter": "((note)::text !~~ '%(as Metro-Goldwyn-Mayer Pictures)%'::text)", "Rows Removed by Filter": 7}]}]}]}]}, "Triggers": [], "Planner Runtime": 9.661, "Total Runtime": 10.135, "Unique SQL Id": 1162488282}}, "(64, '93')": {"explain_plan": {"Plan": {"Node Type": "Aggregate", "Strategy": "Plain", "Startup Cost": 397839.59, "Total Cost": 397839.6, "Plan Rows": 1, "Plan Width": 113, "Plans": [{"Node Type": "Merge Join", "Parent Relationship": "Outer", "Join Type": "Inner", "Startup Cost": 390323.27, "Total Cost": 394483.56, "Plan Rows": 447470, "Plan Width": 45, "Inner Unique": false, "Merge Cond": "(ct.id = mc.company_type_id)", "Plans": [{"Node Type": "Index Scan", "Parent Relationship": "Outer", "Scan Direction": "Forward", "Index Name": "company_type_pkey", "Relation Name": "company_type", "Alias": "ct", "Startup Cost": 0.0, "Total Cost": 12.3, "Plan Rows": 1, "Plan Width": 4, "Filter": "((kind)::text = 'production companies'::text)"}, {"Node Type": "Sort", "Parent Relationship": "Inner", "Startup Cost": 388979.26, "Total Cost": 390352.26, "Plan Rows": 549199, "Plan Width": 49, "Sort Key": ["mc.company_type_id"], "Plans": [{"Node Type": "Nested Loop", "Parent Relationship": "Outer", "Join Type": "Inner", "Startup Cost": 0.0, "Total Cost": 336621.46, "Plan Rows": 549199, "Plan Width": 49, "Inner Unique": false, "Join Filter": "(t.id = mc.movie_id), (LLVM Optimized)", "Plans": [{"Node Type": "Nested Loop", "Parent Relationship": "Outer", "Join Type": "Inner", "Startup Cost": 0.0, "Total Cost": 180704.42, "Plan Rows": 396404, "Plan Width": 29, "Inner Unique": true, "Plans": [{"Node Type": "Nested Loop", "Parent Relationship": "Outer", "Join Type": "Inner", "Startup Cost": 0.0, "Total Cost": 38338.2, "Plan Rows": 345008, "Plan Width": 4, "Inner Unique": false, "Plans": [{"Node Type": "Index Scan", "Parent Relationship": "Outer", "Scan Direction": "Forward", "Index Name": "info_type_pkey", "Relation Name": "info_type", "Alias": "it", "Startup Cost": 0.0, "Total Cost": 14.21, "Plan Rows": 1, "Plan Width": 4, "Filter": "((info)::text = 'bottom 10 rank'::text)"}, {"Node Type": "Index Scan", "Parent Relationship": "Inner", "Scan Direction": "Forward", "Index Name": "info_type_id_movie_info_idx", "Relation Name": "movie_info_idx", "Alias": "mi_idx", "Startup Cost": 0.0, "Total Cost": 34873.91, "Plan Rows": 345008, "Plan Width": 8, "Index Cond": "(info_type_id = it.id), (LLVM Optimized)"}]}, {"Node Type": "Index Scan", "Parent Relationship": "Inner", "Scan Direction": "Forward", "Index Name": "title_pkey", "Relation Name": "title", "Alias": "t", "Startup Cost": 0.0, "Total Cost": 0.4, "Plan Rows": 1, "Plan Width": 25, "Index Cond": "(id = mi_idx.movie_id)", "Filter": "((production_year >= 2005) AND (production_year <= 2010))"}]}, {"Node Type": "Index Scan", "Parent Relationship": "Inner", "Scan Direction": "Forward", "Index Name": "movie_id_movie_companies", "Relation Name": "movie_companies", "Alias": "mc", "Startup Cost": 0.0, "Total Cost": 0.37, "Plan Rows": 2, "Plan Width": 32, "Index Cond": "(movie_id = mi_idx.movie_id)", "Filter": "((note)::text !~~ '%(as Metro-Goldwyn-Mayer Pictures)%'::text)"}]}]}]}]}, "Unique SQL Id": 1162488282, "Planner Runtime": 8}, "explain_analyze_plan": {"Plan": {"Node Type": "Aggregate", "Strategy": "Plain", "Startup Cost": 397839.59, "Total Cost": 397839.6, "Plan Rows": 1, "Plan Width": 113, "Actual Startup Time": 0.492, "Actual Total Time": 0.492, "Actual Rows": 1, "Actual Loops": 1, "Plans": [{"Node Type": "Merge Join", "Parent Relationship": "Outer", "Join Type": "Inner", "Startup Cost": 390323.27, "Total Cost": 394483.56, "Plan Rows": 447470, "Plan Width": 45, "Actual Startup Time": 0.472, "Actual Total Time": 0.48, "Actual Rows": 3, "Actual Loops": 1, "Inner Unique": false, "Merge Cond": "(ct.id = mc.company_type_id)", "Plans": [{"Node Type": "Index Scan", "Parent Relationship": "Outer", "Scan Direction": "Forward", "Index Name": "company_type_pkey", "Relation Name": "company_type", "Alias": "ct", "Startup Cost": 0.0, "Total Cost": 12.3, "Plan Rows": 1, "Plan Width": 4, "Actual Startup Time": 0.018, "Actual Total Time": 0.021, "Actual Rows": 1, "Actual Loops": 1, "Filter": "((kind)::text = 'production companies'::text)", "Rows Removed by Filter": 2}, {"Node Type": "Sort", "Parent Relationship": "Inner", "Startup Cost": 388979.26, "Total Cost": 390352.26, "Plan Rows": 549199, "Plan Width": 49, "Actual Startup Time": 0.434, "Actual Total Time": 0.441, "Actual Rows": 66, "Actual Loops": 1, "Sort Key": ["mc.company_type_id"], "Sort Method": "quicksort", "Sort Space Used": 35, "Sort Space Type": "Memory", "Plans": [{"Node Type": "Nested Loop", "Parent Relationship": "Outer", "Join Type": "Inner", "Startup Cost": 0.0, "Total Cost": 336621.46, "Plan Rows": 549199, "Plan Width": 49, "Actual Startup Time": 0.198, "Actual Total Time": 0.393, "Actual Rows": 66, "Actual Loops": 1, "Inner Unique": false, "Join Filter": "(t.id = mc.movie_id), (LLVM Optimized)", "Rows Removed by Join Filter": 0, "Plans": [{"Node Type": "Nested Loop", "Parent Relationship": "Outer", "Join Type": "Inner", "Startup Cost": 0.0, "Total Cost": 180704.42, "Plan Rows": 396404, "Plan Width": 29, "Actual Startup Time": 0.173, "Actual Total Time": 0.228, "Actual Rows": 4, "Actual Loops": 1, "Inner Unique": true, "Plans": [{"Node Type": "Nested Loop", "Parent Relationship": "Outer", "Join Type": "Inner", "Startup Cost": 0.0, "Total Cost": 38338.2, "Plan Rows": 345008, "Plan Width": 4, "Actual Startup Time": 0.081, "Actual Total Time": 0.09, "Actual Rows": 10, "Actual Loops": 1, "Inner Unique": false, "Plans": [{"Node Type": "Index Scan", "Parent Relationship": "Outer", "Scan Direction": "Forward", "Index Name": "info_type_pkey", "Relation Name": "info_type", "Alias": "it", "Startup Cost": 0.0, "Total Cost": 14.21, "Plan Rows": 1, "Plan Width": 4, "Actual Startup Time": 0.06, "Actual Total Time": 0.061, "Actual Rows": 1, "Actual Loops": 1, "Filter": "((info)::text = 'bottom 10 rank'::text)", "Rows Removed by Filter": 111}, {"Node Type": "Index Scan", "Parent Relationship": "Inner", "Scan Direction": "Forward", "Index Name": "info_type_id_movie_info_idx", "Relation Name": "movie_info_idx", "Alias": "mi_idx", "Startup Cost": 0.0, "Total Cost": 34873.91, "Plan Rows": 345008, "Plan Width": 8, "Actual Startup Time": 0.017, "Actual Total Time": 0.022, "Actual Rows": 10, "Actual Loops": 1, "Index Cond": "(info_type_id = it.id), (LLVM Optimized)", "Rows Removed by Index Recheck": 0}]}, {"Node Type": "Index Scan", "Parent Relationship": "Inner", "Scan Direction": "Forward", "Index Name": "title_pkey", "Relation Name": "title", "Alias": "t", "Startup Cost": 0.0, "Total Cost": 0.4, "Plan Rows": 1, "Plan Width": 25, "Actual Startup Time": 0.129, "Actual Total Time": 0.129, "Actual Rows": 4, "Actual Loops": 10, "Index Cond": "(id = mi_idx.movie_id)", "Rows Removed by Index Recheck": 0, "Filter": "((production_year >= 2005) AND (production_year <= 2010))", "Rows Removed by Filter": 6}]}, {"Node Type": "Index Scan", "Parent Relationship": "Inner", "Scan Direction": "Forward", "Index Name": "movie_id_movie_companies", "Relation Name": "movie_companies", "Alias": "mc", "Startup Cost": 0.0, "Total Cost": 0.37, "Plan Rows": 2, "Plan Width": 32, "Actual Startup Time": 0.063, "Actual Total Time": 0.134, "Actual Rows": 66, "Actual Loops": 4, "Index Cond": "(movie_id = mi_idx.movie_id)", "Rows Removed by Index Recheck": 0, "Filter": "((note)::text !~~ '%(as Metro-Goldwyn-Mayer Pictures)%'::text)", "Rows Removed by Filter": 7}]}]}]}]}, "Triggers": [], "Planner Runtime": 9.389, "Total Runtime": 10.424, "Unique SQL Id": 1162488282}}, "(64, '94')": {"explain_plan": {"Plan": {"Node Type": "Aggregate", "Strategy": "Plain", "Startup Cost": 100021739613.22, "Total Cost": 100021739613.25, "Plan Rows": 1, "Plan Width": 113, "Plans": [{"Node Type": "Streaming(type: LOCAL GATHER dop: 1/64)", "Parent Relationship": "Outer", "Startup Cost": 100021739613.22, "Total Cost": 100021739613.25, "Plan Rows": 1, "Plan Width": 113, "Plans": [{"Node Type": "Aggregate", "Strategy": "Plain", "Parent Relationship": "Outer", "Startup Cost": 100021739613.22, "Total Cost": 100021739613.23, "Plan Rows": 1, "Plan Width": 113, "Plans": [{"Node Type": "Nested Loop", "Parent Relationship": "Outer", "Join Type": "Inner", "Startup Cost": 10000637901.77, "Total Cost": 100021736257.19, "Plan Rows": 447470, "Plan Width": 45, "Inner Unique": false, "Join Filter": "(mc.movie_id = t.id), (LLVM Optimized)", "Plans": [{"Node Type": "Streaming(type: LOCAL REDISTRIBUTE dop: 64/64)", "Parent Relationship": "Outer", "Startup Cost": 1813.35, "Total Cost": 127817.42, "Plan Rows": 719240, "Plan Width": 25, "Plans": [{"Node Type": "Seq Scan", "Parent Relationship": "Outer", "Relation Name": "title", "Alias": "t", "Startup Cost": 1813.35, "Total Cost": 64136.1, "Plan Rows": 719240, "Plan Width": 25, "Filter": "((production_year >= 2005) AND (production_year <= 2010)), (LLVM Optimized)"}]}, {"Node Type": "Materialize", "Parent Relationship": "Inner", "Startup Cost": 636088.42, "Total Cost": 725752.06, "Plan Rows": 501180, "Plan Width": 32, "Plans": [{"Node Type": "Streaming(type: LOCAL REDISTRIBUTE dop: 64/1)", "Parent Relationship": "Outer", "Startup Cost": 636088.42, "Total Cost": 725712.91, "Plan Rows": 501180, "Plan Width": 32, "Plans": [{"Node Type": "Merge Join", "Parent Relationship": "Outer", "Join Type": "Inner", "Startup Cost": 636088.42, "Total Cost": 642350.02, "Plan Rows": 501180, "Plan Width": 32, "Inner Unique": false, "Merge Cond": "(ct.id = mc.company_type_id)", "Plans": [{"Node Type": "Sort", "Parent Relationship": "Outer", "Startup Cost": 1.05, "Total Cost": 1.05, "Plan Rows": 1, "Plan Width": 4, "Sort Key": ["ct.id"], "Plans": [{"Node Type": "Seq Scan", "Parent Relationship": "Outer", "Relation Name": "company_type", "Alias": "ct", "Startup Cost": 0.0, "Total Cost": 1.04, "Plan Rows": 1, "Plan Width": 4, "Filter": "((kind)::text = 'production companies'::text)"}]}, {"Node Type": "Sort", "Parent Relationship": "Inner", "Startup Cost": 634058.51, "Total Cost": 636131.12, "Plan Rows": 829046, "Plan Width": 36, "Sort Key": ["mc.company_type_id"], "Plans": [{"Node Type": "Merge Join", "Parent Relationship": "Outer", "Join Type": "Inner", "Startup Cost": 529498.2, "Total Cost": 552558.76, "Plan Rows": 829046, "Plan Width": 36, "Inner Unique": false, "Merge Cond": "(mi_idx.movie_id = mc.movie_id)", "Plans": [{"Node Type": "Sort", "Parent Relationship": "Outer", "Startup Cost": 203099.06, "Total Cost": 203961.58, "Plan Rows": 345008, "Plan Width": 4, "Sort Key": ["mi_idx.movie_id"], "Plans": [{"Node Type": "Merge Join", "Parent Relationship": "Outer", "Join Type": "Inner", "Startup Cost": 161014.5, "Total Cost": 171364.75, "Plan Rows": 345008, "Plan Width": 4, "Inner Unique": false, "Merge Cond": "(it.id = mi_idx.info_type_id)", "Plans": [{"Node Type": "Sort", "Parent Relationship": "Outer", "Startup Cost": 2.41, "Total Cost": 2.42, "Plan Rows": 1, "Plan Width": 4, "Sort Key": ["it.id"], "Plans": [{"Node Type": "Seq Scan", "Parent Relationship": "Outer", "Relation Name": "info_type", "Alias": "it", "Startup Cost": 0.0, "Total Cost": 2.4, "Plan Rows": 1, "Plan Width": 4, "Filter": "((info)::text = 'bottom 10 rank'::text)"}]}, {"Node Type": "Sort", "Parent Relationship": "Inner", "Startup Cost": 161012.09, "Total Cost": 164462.17, "Plan Rows": 1380034, "Plan Width": 8, "Sort Key": ["mi_idx.info_type_id"], "Plans": [{"Node Type": "Seq Scan", "Parent Relationship": "Outer", "Relation Name": "movie_info_idx", "Alias": "mi_idx", "Startup Cost": 0.0, "Total Cost": 20274.34, "Plan Rows": 1380034, "Plan Width": 8}]}]}]}, {"Node Type": "Sort", "Parent Relationship": "Inner", "Startup Cost": 326399.11, "Total Cost": 332921.7, "Plan Rows": 2609035, "Plan Width": 32, "Sort Key": ["mc.movie_id"], "Plans": [{"Node Type": "Seq Scan", "Parent Relationship": "Outer", "Relation Name": "movie_companies", "Alias": "mc", "Startup Cost": 0.0, "Total Cost": 48340.1, "Plan Rows": 2609035, "Plan Width": 32, "Filter": "((note)::text !~~ '%(as Metro-Goldwyn-Mayer Pictures)%'::text), (LLVM Optimized)"}]}]}]}]}]}]}]}]}]}]}, "Unique SQL Id": 1162488282, "Planner Runtime": 7}, "explain_analyze_plan": {"Plan": {"Node Type": "Aggregate", "Strategy": "Plain", "Startup Cost": 100021739613.22, "Total Cost": 100021739613.25, "Plan Rows": 1, "Plan Width": 113, "Actual Min Startup Time": 3345.784, "Actual Max Startup Time": 3345.784, "Actual Min Total Time": 3345.784, "Actual Max Total Time": 3345.784, "Plans": [{"Node Type": "Streaming(type: LOCAL GATHER dop: 1/64)", "Parent Relationship": "Outer", "Startup Cost": 100021739613.22, "Total Cost": 100021739613.25, "Plan Rows": 1, "Plan Width": 113, "Actual Min Startup Time": 3343.586, "Actual Max Startup Time": 3343.586, "Actual Min Total Time": 3345.753, "Actual Max Total Time": 3345.753, "Plans": [{"Node Type": "Aggregate", "Strategy": "Plain", "Parent Relationship": "Outer", "Startup Cost": 100021739613.22, "Total Cost": 100021739613.23, "Plan Rows": 1, "Plan Width": 113, "Actual Min Startup Time": 2790.666, "Actual Max Startup Time": 3184.93, "Actual Min Total Time": 2790.666, "Actual Max Total Time": 3184.93, "Plans": [{"Node Type": "Nested Loop", "Parent Relationship": "Outer", "Join Type": "Inner", "Startup Cost": 10000637901.77, "Total Cost": 100021736257.19, "Plan Rows": 447470, "Plan Width": 45, "Actual Min Startup Time": 2790.66, "Actual Max Startup Time": 3173.465, "Actual Min Total Time": 2790.66, "Actual Max Total Time": 3184.899, "Inner Unique": false, "Join Filter": "(mc.movie_id = t.id), (LLVM Optimized, Jit Execute)", "Rows Removed by Join Filter": 56628, "Plans": [{"Node Type": "Streaming(type: LOCAL REDISTRIBUTE dop: 64/64)", "Parent Relationship": "Outer", "Startup Cost": 1813.35, "Total Cost": 127817.42, "Plan Rows": 719240, "Plan Width": 25, "Actual Min Startup Time": 0.176, "Actual Max Startup Time": 2.029, "Actual Min Total Time": 19.572, "Actual Max Total Time": 28.77, "Plans": [{"Node Type": "Seq Scan", "Parent Relationship": "Outer", "Relation Name": "title", "Alias": "t", "Startup Cost": 1813.35, "Total Cost": 64136.1, "Plan Rows": 719240, "Plan Width": 25, "Actual Min Startup Time": 0.03, "Actual Max Startup Time": 0.183, "Actual Min Total Time": 13.984, "Actual Max Total Time": 19.713, "Filter": "((production_year >= 2005) AND (production_year <= 2010)), (LLVM Optimized, Jit Execute)", "Rows Removed by Filter": 1812052, "Actual Rows": 716259}], "Actual Rows": 716259}, {"Node Type": "Materialize", "Parent Relationship": "Inner", "Startup Cost": 636088.42, "Total Cost": 725752.06, "Plan Rows": 501180, "Plan Width": 32, "Actual Min Startup Time": 2760.101, "Actual Max Startup Time": 3154.12, "Actual Min Total Time": 2760.101, "Actual Max Total Time": 3157.32, "Plans": [{"Node Type": "Streaming(type: LOCAL REDISTRIBUTE dop: 64/1)", "Parent Relationship": "Outer", "Startup Cost": 636088.42, "Total Cost": 725712.91, "Plan Rows": 501180, "Plan Width": 32, "Actual Min Startup Time": 2758.946, "Actual Max Startup Time": 3153.089, "Actual Min Total Time": 2758.946, "Actual Max Total Time": 3153.09, "Plans": [{"Node Type": "Merge Join", "Parent Relationship": "Outer", "Join Type": "Inner", "Startup Cost": 636088.42, "Total Cost": 642350.02, "Plan Rows": 501180, "Plan Width": 32, "Actual Min Startup Time": 3275.081, "Actual Max Startup Time": 3275.081, "Actual Min Total Time": 3275.087, "Actual Max Total Time": 3275.087, "Inner Unique": false, "Merge Cond": "(ct.id = mc.company_type_id)", "Plans": [{"Node Type": "Sort", "Parent Relationship": "Outer", "Startup Cost": 1.05, "Total Cost": 1.05, "Plan Rows": 1, "Plan Width": 4, "Actual Min Startup Time": 0.038, "Actual Max Startup Time": 0.038, "Actual Min Total Time": 0.038, "Actual Max Total Time": 0.038, "Sort Key": ["ct.id"], "Sort Method": "quicksort", "Sort Space Min Used": 25, "Sort Space Max Used": 25, "Sort Space Type": "Memory", "Plans": [{"Node Type": "Seq Scan", "Parent Relationship": "Outer", "Relation Name": "company_type", "Alias": "ct", "Startup Cost": 0.0, "Total Cost": 1.04, "Plan Rows": 1, "Plan Width": 4, "Actual Min Startup Time": 0.021, "Actual Max Startup Time": 0.021, "Actual Min Total Time": 0.023, "Actual Max Total Time": 0.023, "Filter": "((kind)::text = 'production companies'::text)", "Rows Removed by Filter": 2, "Actual Rows": 1}], "Actual Rows": 1}, {"Node Type": "Sort", "Parent Relationship": "Inner", "Startup Cost": 634058.51, "Total Cost": 636131.12, "Plan Rows": 829046, "Plan Width": 36, "Actual Min Startup Time": 3275.005, "Actual Max Startup Time": 3275.005, "Actual Min Total Time": 3275.018, "Actual Max Total Time": 3275.018, "Sort Key": ["mc.company_type_id"], "Sort Method": "quicksort", "Sort Space Min Used": 36, "Sort Space Max Used": 36, "Sort Space Type": "Memory", "Plans": [{"Node Type": "Merge Join", "Parent Relationship": "Outer", "Join Type": "Inner", "Startup Cost": 529498.2, "Total Cost": 552558.76, "Plan Rows": 829046, "Plan Width": 36, "Actual Min Startup Time": 3017.545, "Actual Max Startup Time": 3017.545, "Actual Min Total Time": 3274.915, "Actual Max Total Time": 3274.915, "Inner Unique": false, "Merge Cond": "(mi_idx.movie_id = mc.movie_id)", "Plans": [{"Node Type": "Sort", "Parent Relationship": "Outer", "Startup Cost": 203099.06, "Total Cost": 203961.58, "Plan Rows": 345008, "Plan Width": 4, "Actual Min Startup Time": 1359.256, "Actual Max Startup Time": 1359.256, "Actual Min Total Time": 1359.26, "Actual Max Total Time": 1359.26, "Sort Key": ["mi_idx.movie_id"], "Sort Method": "quicksort", "Sort Space Min Used": 25, "Sort Space Max Used": 25, "Sort Space Type": "Memory", "Plans": [{"Node Type": "Merge Join", "Parent Relationship": "Outer", "Join Type": "Inner", "Startup Cost": 161014.5, "Total Cost": 171364.75, "Plan Rows": 345008, "Plan Width": 4, "Actual Min Startup Time": 1357.67, "Actual Max Startup Time": 1357.67, "Actual Min Total Time": 1359.242, "Actual Max Total Time": 1359.242, "Inner Unique": false, "Merge Cond": "(it.id = mi_idx.info_type_id)", "Plans": [{"Node Type": "Sort", "Parent Relationship": "Outer", "Startup Cost": 2.41, "Total Cost": 2.42, "Plan Rows": 1, "Plan Width": 4, "Actual Min Startup Time": 0.055, "Actual Max Startup Time": 0.055, "Actual Min Total Time": 0.056, "Actual Max Total Time": 0.056, "Sort Key": ["it.id"], "Sort Method": "quicksort", "Sort Space Min Used": 25, "Sort Space Max Used": 25, "Sort Space Type": "Memory", "Plans": [{"Node Type": "Seq Scan", "Parent Relationship": "Outer", "Relation Name": "info_type", "Alias": "it", "Startup Cost": 0.0, "Total Cost": 2.4, "Plan Rows": 1, "Plan Width": 4, "Actual Min Startup Time": 0.042, "Actual Max Startup Time": 0.042, "Actual Min Total Time": 0.043, "Actual Max Total Time": 0.043, "Filter": "((info)::text = 'bottom 10 rank'::text)", "Rows Removed by Filter": 111, "Actual Rows": 1}], "Actual Rows": 1}, {"Node Type": "Sort", "Parent Relationship": "Inner", "Startup Cost": 161012.09, "Total Cost": 164462.17, "Plan Rows": 1380034, "Plan Width": 8, "Actual Min Startup Time": 793.274, "Actual Max Startup Time": 793.274, "Actual Min Total Time": 1169.229, "Actual Max Total Time": 1169.229, "Sort Key": ["mi_idx.info_type_id"], "Sort Method": "quicksort", "Sort Space Min Used": 135405, "Sort Space Max Used": 135405, "Sort Space Type": "Memory", "Plans": [{"Node Type": "Seq Scan", "Parent Relationship": "Outer", "Relation Name": "movie_info_idx", "Alias": "mi_idx", "Startup Cost": 0.0, "Total Cost": 20274.34, "Plan Rows": 1380034, "Plan Width": 8, "Actual Min Startup Time": 0.041, "Actual Max Startup Time": 0.041, "Actual Min Total Time": 368.586, "Actual Max Total Time": 368.586, "Actual Rows": 1380034}], "Actual Rows": 1380034}], "Actual Rows": 10}], "Actual Rows": 10}, {"Node Type": "Sort", "Parent Relationship": "Inner", "Startup Cost": 326399.11, "Total Cost": 332921.7, "Plan Rows": 2609035, "Plan Width": 32, "Actual Min Startup Time": 1516.643, "Actual Max Startup Time": 1516.643, "Actual Min Total Time": 1689.872, "Actual Max Total Time": 1689.872, "Sort Key": ["mc.movie_id"], "Sort Method": "quicksort", "Sort Space Min Used": 184544, "Sort Space Max Used": 184544, "Sort Space Type": "Memory", "Plans": [{"Node Type": "Seq Scan", "Parent Relationship": "Outer", "Relation Name": "movie_companies", "Alias": "mc", "Startup Cost": 0.0, "Total Cost": 48340.1, "Plan Rows": 2609035, "Plan Width": 32, "Actual Min Startup Time": 0.04, "Actual Max Startup Time": 0.04, "Actual Min Total Time": 985.633, "Actual Max Total Time": 985.633, "Filter": "((note)::text !~~ '%(as Metro-Goldwyn-Mayer Pictures)%'::text), (LLVM Optimized, Jit Execute)", "Rows Removed by Filter": 1272041, "Actual Rows": 1337087}], "Actual Rows": 1263891}], "Actual Rows": 100}], "Actual Rows": 100}], "Actual Rows": 5}], "Actual Rows": 5}], "Actual Rows": 56634}], "Actual Rows": 3}], "Actual Rows": 64}], "Actual Rows": 64}], "Actual Rows": 1}, "Triggers": [], "Planner Runtime": 7.728, "Total Runtime": 3388.11, "Unique SQL Id": 1162488282}}, "(64, '95')": {"explain_plan": {"Plan": {"Node Type": "Aggregate", "Strategy": "Plain", "Startup Cost": 4997224573678.84, "Total Cost": 4997224573678.85, "Plan Rows": 1, "Plan Width": 113, "Plans": [{"Node Type": "Merge Join", "Parent Relationship": "Outer", "Join Type": "Inner", "Startup Cost": 4007224564944.58, "Total Cost": 4997224570322.82, "Plan Rows": 447470, "Plan Width": 45, "Inner Unique": false, "Merge Cond": "(ct.id = mc.company_type_id)", "Plans": [{"Node Type": "Index Scan", "Parent Relationship": "Outer", "Scan Direction": "Forward", "Index Name": "company_type_pkey", "Relation Name": "company_type", "Alias": "ct", "Startup Cost": 10000000000.0, "Total Cost": 1000000001230.25, "Plan Rows": 1, "Plan Width": 4, "Filter": "((kind)::text = 'production companies'::text)"}, {"Node Type": "Sort", "Parent Relationship": "Inner", "Startup Cost": 3997224563600.57, "Total Cost": 3997224564973.57, "Plan Rows": 549199, "Plan Width": 49, "Sort Key": ["mc.company_type_id"], "Plans": [{"Node Type": "Merge Join", "Parent Relationship": "Outer", "Join Type": "Inner", "Startup Cost": 2020023888991.49, "Total Cost": 3997224511242.77, "Plan Rows": 549199, "Plan Width": 49, "Inner Unique": false, "Merge Cond": "(t.id = mi_idx.movie_id)", "Plans": [{"Node Type": "Merge Join", "Parent Relationship": "Outer", "Join Type": "Inner", "Startup Cost": 20022023519.89, "Total Cost": 1999077618211.31, "Plan Rows": 1728348, "Plan Width": 57, "Inner Unique": false, "Merge Cond": "(t.id = mc.movie_id)", "Plans": [{"Node Type": "Index Scan", "Parent Relationship": "Outer", "Scan Direction": "Forward", "Index Name": "title_pkey", "Relation Name": "title", "Alias": "t", "Startup Cost": 10000000000.0, "Total Cost": 1000012276204.41, "Plan Rows": 719240, "Plan Width": 25, "Filter": "((production_year >= 2005) AND (production_year <= 2010)), (LLVM Optimized)"}, {"Node Type": "Index Scan", "Parent Relationship": "Inner", "Scan Direction": "Forward", "Index Name": "movie_id_movie_companies", "Relation Name": "movie_companies", "Alias": "mc", "Startup Cost": 10000000000.0, "Total Cost": 1000013704228.13, "Plan Rows": 2609035, "Plan Width": 32, "Filter": "((note)::text !~~ '%(as Metro-Goldwyn-Mayer Pictures)%'::text), (LLVM Optimized)"}]}, {"Node Type": "Sort", "Parent Relationship": "Inner", "Startup Cost": 2000001865471.58, "Total Cost": 2000001866334.1, "Plan Rows": 345008, "Plan Width": 4, "Sort Key": ["mi_idx.movie_id"], "Plans": [{"Node Type": "Nested Loop", "Parent Relationship": "Outer", "Join Type": "Inner", "Startup Cost": 20000007502.06, "Total Cost": 2000001833737.28, "Plan Rows": 345008, "Plan Width": 4, "Inner Unique": false, "Plans": [{"Node Type": "Index Scan", "Parent Relationship": "Outer", "Scan Direction": "Forward", "Index Name": "info_type_pkey", "Relation Name": "info_type", "Alias": "it", "Startup Cost": 10000000000.0, "Total Cost": 1000000001421.0, "Plan Rows": 1, "Plan Width": 4, "Filter": "((info)::text = 'bottom 10 rank'::text)"}, {"Node Type": "Bitmap Heap Scan", "Parent Relationship": "Inner", "Relation Name": "movie_info_idx", "Alias": "mi_idx", "Startup Cost": 10000007502.06, "Total Cost": 1000001828866.2, "Plan Rows": 345008, "Plan Width": 8, "Recheck Cond": "(info_type_id = it.id), (LLVM Optimized)", "Plans": [{"Node Type": "Bitmap Index Scan", "Parent Relationship": "Outer", "Index Name": "info_type_id_movie_info_idx", "Startup Cost": 0.0, "Total Cost": 7415.81, "Plan Rows": 345008, "Plan Width": 0, "Index Cond": "(info_type_id = it.id)"}]}]}]}]}]}]}]}, "Unique SQL Id": 1162488282, "Planner Runtime": 11}, "explain_analyze_plan": null}, "(64, '96')": {"explain_plan": {"Plan": {"Node Type": "Aggregate", "Strategy": "Plain", "Startup Cost": 195394.68, "Total Cost": 195394.69, "Plan Rows": 1, "Plan Width": 113, "Plans": [{"Node Type": "Hash Join", "Parent Relationship": "Outer", "Join Type": "Inner", "Startup Cost": 119919.5, "Total Cost": 192038.65, "Plan Rows": 447470, "Plan Width": 45, "Inner Unique": true, "Hash Cond": "(mc.company_type_id = ct.id), (LLVM Optimized)", "Plans": [{"Node Type": "Hash Join", "Parent Relationship": "Outer", "Join Type": "Inner", "Startup Cost": 119918.45, "Total Cost": 187568.09, "Plan Rows": 549199, "Plan Width": 49, "Inner Unique": false, "Hash Cond": "(mc.movie_id = t.id), (LLVM Optimized)", "Plans": [{"Node Type": "Seq Scan", "Parent Relationship": "Outer", "Relation Name": "movie_companies", "Alias": "mc", "Startup Cost": 0.0, "Total Cost": 48340.1, "Plan Rows": 2609035, "Plan Width": 32, "Filter": "((note)::text !~~ '%(as Metro-Goldwyn-Mayer Pictures)%'::text), (LLVM Optimized)"}, {"Node Type": "Hash", "Parent Relationship": "Inner", "Startup Cost": 114963.4, "Total Cost": 114963.4, "Plan Rows": 396404, "Plan Width": 29, "Plans": [{"Node Type": "Hash Join", "Parent Relationship": "Outer", "Join Type": "Inner", "Startup Cost": 95466.5, "Total Cost": 114963.4, "Plan Rows": 396404, "Plan Width": 29, "Inner Unique": true, "Hash Cond": "(mi_idx.movie_id = t.id), (LLVM Optimized)", "Plans": [{"Node Type": "Nested Loop", "Parent Relationship": "Outer", "Join Type": "Inner", "Startup Cost": 7502.06, "Total Cost": 21741.14, "Plan Rows": 345008, "Plan Width": 4, "Inner Unique": false, "Plans": [{"Node Type": "Seq Scan", "Parent Relationship": "Outer", "Relation Name": "info_type", "Alias": "it", "Startup Cost": 0.0, "Total Cost": 2.4, "Plan Rows": 1, "Plan Width": 4, "Filter": "((info)::text = 'bottom 10 rank'::text)"}, {"Node Type": "Bitmap Heap Scan", "Parent Relationship": "Inner", "Relation Name": "movie_info_idx", "Alias": "mi_idx", "Startup Cost": 7502.06, "Total Cost": 18288.66, "Plan Rows": 345008, "Plan Width": 8, "Recheck Cond": "(info_type_id = it.id), (LLVM Optimized)", "Plans": [{"Node Type": "Bitmap Index Scan", "Parent Relationship": "Outer", "Index Name": "info_type_id_movie_info_idx", "Startup Cost": 0.0, "Total Cost": 7415.81, "Plan Rows": 345008, "Plan Width": 0, "Index Cond": "(info_type_id = it.id)"}]}]}, {"Node Type": "Hash", "Parent Relationship": "Inner", "Startup Cost": 78973.94, "Total Cost": 78973.94, "Plan Rows": 719240, "Plan Width": 25, "Plans": [{"Node Type": "Streaming(type: LOCAL GATHER dop: 1/64)", "Parent Relationship": "Outer", "Startup Cost": 1813.35, "Total Cost": 78973.94, "Plan Rows": 719240, "Plan Width": 25, "Plans": [{"Node Type": "Seq Scan", "Parent Relationship": "Outer", "Relation Name": "title", "Alias": "t", "Startup Cost": 1813.35, "Total Cost": 64136.1, "Plan Rows": 719240, "Plan Width": 25, "Filter": "((production_year >= 2005) AND (production_year <= 2010)), (LLVM Optimized)"}]}]}]}]}]}, {"Node Type": "Hash", "Parent Relationship": "Inner", "Startup Cost": 1.04, "Total Cost": 1.04, "Plan Rows": 1, "Plan Width": 4, "Plans": [{"Node Type": "Seq Scan", "Parent Relationship": "Outer", "Relation Name": "company_type", "Alias": "ct", "Startup Cost": 0.0, "Total Cost": 1.04, "Plan Rows": 1, "Plan Width": 4, "Filter": "((kind)::text = 'production companies'::text)"}]}]}]}, "Unique SQL Id": 1162488282, "Planner Runtime": 7}, "explain_analyze_plan": {"Plan": {"Node Type": "Aggregate", "Strategy": "Plain", "Startup Cost": 195394.68, "Total Cost": 195394.69, "Plan Rows": 1, "Plan Width": 113, "Actual Min Startup Time": 1712.317, "Actual Max Startup Time": 1712.317, "Actual Min Total Time": 1712.318, "Actual Max Total Time": 1712.318, "Plans": [{"Node Type": "Hash Join", "Parent Relationship": "Outer", "Join Type": "Inner", "Startup Cost": 119919.5, "Total Cost": 192038.65, "Plan Rows": 447470, "Plan Width": 45, "Actual Min Startup Time": 1537.422, "Actual Max Startup Time": 1537.422, "Actual Min Total Time": 1712.281, "Actual Max Total Time": 1712.281, "Inner Unique": true, "Hash Cond": "(mc.company_type_id = ct.id), (LLVM Optimized, Jit Execute)", "Plans": [{"Node Type": "Hash Join", "Parent Relationship": "Outer", "Join Type": "Inner", "Startup Cost": 119918.45, "Total Cost": 187568.09, "Plan Rows": 549199, "Plan Width": 49, "Actual Min Startup Time": 868.88, "Actual Max Startup Time": 868.88, "Actual Min Total Time": 1712.01, "Actual Max Total Time": 1712.01, "Inner Unique": false, "Hash Cond": "(mc.movie_id = t.id), (LLVM Optimized, Jit Execute)", "Plans": [{"Node Type": "Seq Scan", "Parent Relationship": "Outer", "Relation Name": "movie_companies", "Alias": "mc", "Startup Cost": 0.0, "Total Cost": 48340.1, "Plan Rows": 2609035, "Plan Width": 32, "Actual Min Startup Time": 0.044, "Actual Max Startup Time": 0.044, "Actual Min Total Time": 910.434, "Actual Max Total Time": 910.434, "Filter": "((note)::text !~~ '%(as Metro-Goldwyn-Mayer Pictures)%'::text), (LLVM Optimized, Jit Execute)", "Rows Removed by Filter": 1272041, "Actual Rows": 1337087}, {"Node Type": "Hash", "Parent Relationship": "Inner", "Startup Cost": 114963.4, "Total Cost": 114963.4, "Plan Rows": 396404, "Plan Width": 29, "Actual Min Startup Time": 538.726, "Actual Max Startup Time": 538.726, "Actual Min Total Time": 538.726, "Actual Max Total Time": 538.726, "Max Hash Buckets": 524288, "Min Hash Buckets": 524288, "Max Hash Batches": 1, "Min Hash Batches": 1, "Max Original Hash Batches": 1, "Min Original Hash Batches": 1, "Max Peak Memory Usage": 1, "min Peak Memory Usage": 1, "Plans": [{"Node Type": "Hash Join", "Parent Relationship": "Outer", "Join Type": "Inner", "Startup Cost": 95466.5, "Total Cost": 114963.4, "Plan Rows": 396404, "Plan Width": 29, "Actual Min Startup Time": 538.701, "Actual Max Startup Time": 538.701, "Actual Min Total Time": 538.713, "Actual Max Total Time": 538.713, "Inner Unique": true, "Hash Cond": "(mi_idx.movie_id = t.id), (LLVM Optimized, Jit Execute)", "Plans": [{"Node Type": "Nested Loop", "Parent Relationship": "Outer", "Join Type": "Inner", "Startup Cost": 7502.06, "Total Cost": 21741.14, "Plan Rows": 345008, "Plan Width": 4, "Actual Min Startup Time": 0.142, "Actual Max Startup Time": 0.142, "Actual Min Total Time": 0.151, "Actual Max Total Time": 0.151, "Inner Unique": false, "Plans": [{"Node Type": "Seq Scan", "Parent Relationship": "Outer", "Relation Name": "info_type", "Alias": "it", "Startup Cost": 0.0, "Total Cost": 2.4, "Plan Rows": 1, "Plan Width": 4, "Actual Min Startup Time": 0.071, "Actual Max Startup Time": 0.071, "Actual Min Total Time": 0.074, "Actual Max Total Time": 0.074, "Filter": "((info)::text = 'bottom 10 rank'::text)", "Rows Removed by Filter": 111, "Actual Rows": 1}, {"Node Type": "Bitmap Heap Scan", "Parent Relationship": "Inner", "Relation Name": "movie_info_idx", "Alias": "mi_idx", "Startup Cost": 7502.06, "Total Cost": 18288.66, "Plan Rows": 345008, "Plan Width": 8, "Actual Min Startup Time": 0.052, "Actual Max Startup Time": 0.052, "Actual Min Total Time": 0.055, "Actual Max Total Time": 0.055, "Recheck Cond": "(info_type_id = it.id), (LLVM Optimized, Jit Execute)", "Rows Removed by Index Recheck": 0, "Exact Heap Blocks": 1, "Lossy Heap Blocks": 1, "Plans": [{"Node Type": "Bitmap Index Scan", "Parent Relationship": "Outer", "Index Name": "info_type_id_movie_info_idx", "Startup Cost": 0.0, "Total Cost": 7415.81, "Plan Rows": 345008, "Plan Width": 0, "Actual Min Startup Time": 0.033, "Actual Max Startup Time": 0.033, "Actual Min Total Time": 0.033, "Actual Max Total Time": 0.033, "Index Cond": "(info_type_id = it.id)", "Actual Rows": 10}], "Actual Rows": 10}], "Actual Rows": 10}, {"Node Type": "Hash", "Parent Relationship": "Inner", "Startup Cost": 78973.94, "Total Cost": 78973.94, "Plan Rows": 719240, "Plan Width": 25, "Actual Min Startup Time": 537.811, "Actual Max Startup Time": 537.811, "Actual Min Total Time": 537.811, "Actual Max Total Time": 537.811, "Max Hash Buckets": 1048576, "Min Hash Buckets": 1048576, "Max Hash Batches": 1, "Min Hash Batches": 1, "Max Original Hash Batches": 1, "Min Original Hash Batches": 1, "Max Peak Memory Usage": 41052, "min Peak Memory Usage": 41052, "Plans": [{"Node Type": "Streaming(type: LOCAL GATHER dop: 1/64)", "Parent Relationship": "Outer", "Startup Cost": 1813.35, "Total Cost": 78973.94, "Plan Rows": 719240, "Plan Width": 25, "Actual Min Startup Time": 105.933, "Actual Max Startup Time": 105.933, "Actual Min Total Time": 332.282, "Actual Max Total Time": 332.282, "Plans": [{"Node Type": "Seq Scan", "Parent Relationship": "Outer", "Relation Name": "title", "Alias": "t", "Startup Cost": 1813.35, "Total Cost": 64136.1, "Plan Rows": 719240, "Plan Width": 25, "Actual Min Startup Time": 0.028, "Actual Max Startup Time": 0.049, "Actual Min Total Time": 15.397, "Actual Max Total Time": 19.822, "Filter": "((production_year >= 2005) AND (production_year <= 2010)), (LLVM Optimized, Jit Execute)", "Rows Removed by Filter": 1812052, "Actual Rows": 716259}], "Actual Rows": 716259}], "Actual Rows": 716259}], "Actual Rows": 4}], "Actual Rows": 4}], "Actual Rows": 66}, {"Node Type": "Hash", "Parent Relationship": "Inner", "Startup Cost": 1.04, "Total Cost": 1.04, "Plan Rows": 1, "Plan Width": 4, "Actual Min Startup Time": 0.08, "Actual Max Startup Time": 0.08, "Actual Min Total Time": 0.08, "Actual Max Total Time": 0.08, "Max Hash Buckets": 32768, "Min Hash Buckets": 32768, "Max Hash Batches": 1, "Min Hash Batches": 1, "Max Original Hash Batches": 1, "Min Original Hash Batches": 1, "Max Peak Memory Usage": 1, "min Peak Memory Usage": 1, "Plans": [{"Node Type": "Seq Scan", "Parent Relationship": "Outer", "Relation Name": "company_type", "Alias": "ct", "Startup Cost": 0.0, "Total Cost": 1.04, "Plan Rows": 1, "Plan Width": 4, "Actual Min Startup Time": 0.055, "Actual Max Startup Time": 0.055, "Actual Min Total Time": 0.059, "Actual Max Total Time": 0.059, "Filter": "((kind)::text = 'production companies'::text)", "Rows Removed by Filter": 2, "Actual Rows": 1}], "Actual Rows": 1}], "Actual Rows": 3}], "Actual Rows": 1}, "Triggers": [], "Planner Runtime": 12.679, "Total Runtime": 1735.32, "Unique SQL Id": 1162488282}}, "(64, '97')": {"explain_plan": {"Plan": {"Node Type": "Aggregate", "Strategy": "Plain", "Startup Cost": 247822.0, "Total Cost": 247822.01, "Plan Rows": 1, "Plan Width": 113, "Plans": [{"Node Type": "Hash Join", "Parent Relationship": "Outer", "Join Type": "Inner", "Startup Cost": 163718.37, "Total Cost": 244465.97, "Plan Rows": 447470, "Plan Width": 45, "Inner Unique": false, "Hash Cond": "(mc.movie_id = t.id), (LLVM Optimized)", "Plans": [{"Node Type": "Nested Loop", "Parent Relationship": "Outer", "Join Type": "Inner", "Startup Cost": 0.0, "Total Cost": 69436.41, "Plan Rows": 1304518, "Plan Width": 28, "Inner Unique": false, "Plans": [{"Node Type": "Index Scan", "Parent Relationship": "Outer", "Scan Direction": "Forward", "Index Name": "company_type_pkey", "Relation Name": "company_type", "Alias": "ct", "Startup Cost": 0.0, "Total Cost": 12.3, "Plan Rows": 1, "Plan Width": 4, "Filter": "((kind)::text = 'production companies'::text)"}, {"Node Type": "Index Scan", "Parent Relationship": "Inner", "Scan Direction": "Forward", "Index Name": "company_type_id_movie_companies", "Relation Name": "movie_companies", "Alias": "mc", "Startup Cost": 0.0, "Total Cost": 56378.94, "Plan Rows": 1304517, "Plan Width": 32, "Index Cond": "(company_type_id = ct.id), (LLVM Optimized)", "Filter": "((note)::text !~~ '%(as Metro-Goldwyn-Mayer Pictures)%'::text), (LLVM Optimized)"}]}, {"Node Type": "Hash", "Parent Relationship": "Inner", "Startup Cost": 158763.32, "Total Cost": 158763.32, "Plan Rows": 396404, "Plan Width": 29, "Plans": [{"Node Type": "Hash Join", "Parent Relationship": "Outer", "Join Type": "Inner", "Startup Cost": 139254.61, "Total Cost": 158763.32, "Plan Rows": 396404, "Plan Width": 29, "Inner Unique": true, "Hash Cond": "(mi_idx.movie_id = t.id), (LLVM Optimized)", "Plans": [{"Node Type": "Nested Loop", "Parent Relationship": "Outer", "Join Type": "Inner", "Startup Cost": 7502.06, "Total Cost": 21752.95, "Plan Rows": 345008, "Plan Width": 4, "Inner Unique": false, "Plans": [{"Node Type": "Index Scan", "Parent Relationship": "Outer", "Scan Direction": "Forward", "Index Name": "info_type_pkey", "Relation Name": "info_type", "Alias": "it", "Startup Cost": 0.0, "Total Cost": 14.21, "Plan Rows": 1, "Plan Width": 4, "Filter": "((info)::text = 'bottom 10 rank'::text)"}, {"Node Type": "Bitmap Heap Scan", "Parent Relationship": "Inner", "Relation Name": "movie_info_idx", "Alias": "mi_idx", "Startup Cost": 7502.06, "Total Cost": 18288.66, "Plan Rows": 345008, "Plan Width": 8, "Recheck Cond": "(info_type_id = it.id), (LLVM Optimized)", "Plans": [{"Node Type": "Bitmap Index Scan", "Parent Relationship": "Outer", "Index Name": "info_type_id_movie_info_idx", "Startup Cost": 0.0, "Total Cost": 7415.81, "Plan Rows": 345008, "Plan Width": 0, "Index Cond": "(info_type_id = it.id)"}]}]}, {"Node Type": "Hash", "Parent Relationship": "Inner", "Startup Cost": 122762.04, "Total Cost": 122762.04, "Plan Rows": 719240, "Plan Width": 25, "Plans": [{"Node Type": "Index Scan", "Parent Relationship": "Outer", "Scan Direction": "Forward", "Index Name": "title_pkey", "Relation Name": "title", "Alias": "t", "Startup Cost": 0.0, "Total Cost": 122762.04, "Plan Rows": 719240, "Plan Width": 25, "Filter": "((production_year >= 2005) AND (production_year <= 2010)), (LLVM Optimized)"}]}]}]}]}]}, "Unique SQL Id": 1162488282, "Planner Runtime": 5}, "explain_analyze_plan": null}, "(64, '98')": {"explain_plan": {"Plan": {"Node Type": "Aggregate", "Strategy": "Plain", "Startup Cost": 195394.68, "Total Cost": 195394.69, "Plan Rows": 1, "Plan Width": 113, "Plans": [{"Node Type": "Hash Join", "Parent Relationship": "Outer", "Join Type": "Inner", "Startup Cost": 119919.5, "Total Cost": 192038.65, "Plan Rows": 447470, "Plan Width": 45, "Inner Unique": true, "Hash Cond": "(mc.company_type_id = ct.id), (LLVM Optimized)", "Plans": [{"Node Type": "Hash Join", "Parent Relationship": "Outer", "Join Type": "Inner", "Startup Cost": 119918.45, "Total Cost": 187568.09, "Plan Rows": 549199, "Plan Width": 49, "Inner Unique": false, "Hash Cond": "(mc.movie_id = t.id), (LLVM Optimized)", "Plans": [{"Node Type": "Seq Scan", "Parent Relationship": "Outer", "Relation Name": "movie_companies", "Alias": "mc", "Startup Cost": 0.0, "Total Cost": 48340.1, "Plan Rows": 2609035, "Plan Width": 32, "Filter": "((note)::text !~~ '%(as Metro-Goldwyn-Mayer Pictures)%'::text), (LLVM Optimized)"}, {"Node Type": "Hash", "Parent Relationship": "Inner", "Startup Cost": 114963.4, "Total Cost": 114963.4, "Plan Rows": 396404, "Plan Width": 29, "Plans": [{"Node Type": "Hash Join", "Parent Relationship": "Outer", "Join Type": "Inner", "Startup Cost": 95466.5, "Total Cost": 114963.4, "Plan Rows": 396404, "Plan Width": 29, "Inner Unique": true, "Hash Cond": "(mi_idx.movie_id = t.id), (LLVM Optimized)", "Plans": [{"Node Type": "Nested Loop", "Parent Relationship": "Outer", "Join Type": "Inner", "Startup Cost": 7502.06, "Total Cost": 21741.14, "Plan Rows": 345008, "Plan Width": 4, "Inner Unique": false, "Plans": [{"Node Type": "Seq Scan", "Parent Relationship": "Outer", "Relation Name": "info_type", "Alias": "it", "Startup Cost": 0.0, "Total Cost": 2.4, "Plan Rows": 1, "Plan Width": 4, "Filter": "((info)::text = 'bottom 10 rank'::text)"}, {"Node Type": "Bitmap Heap Scan", "Parent Relationship": "Inner", "Relation Name": "movie_info_idx", "Alias": "mi_idx", "Startup Cost": 7502.06, "Total Cost": 18288.66, "Plan Rows": 345008, "Plan Width": 8, "Recheck Cond": "(info_type_id = it.id), (LLVM Optimized)", "Plans": [{"Node Type": "Bitmap Index Scan", "Parent Relationship": "Outer", "Index Name": "info_type_id_movie_info_idx", "Startup Cost": 0.0, "Total Cost": 7415.81, "Plan Rows": 345008, "Plan Width": 0, "Index Cond": "(info_type_id = it.id)"}]}]}, {"Node Type": "Hash", "Parent Relationship": "Inner", "Startup Cost": 78973.94, "Total Cost": 78973.94, "Plan Rows": 719240, "Plan Width": 25, "Plans": [{"Node Type": "Streaming(type: LOCAL GATHER dop: 1/64)", "Parent Relationship": "Outer", "Startup Cost": 1813.35, "Total Cost": 78973.94, "Plan Rows": 719240, "Plan Width": 25, "Plans": [{"Node Type": "Seq Scan", "Parent Relationship": "Outer", "Relation Name": "title", "Alias": "t", "Startup Cost": 1813.35, "Total Cost": 64136.1, "Plan Rows": 719240, "Plan Width": 25, "Filter": "((production_year >= 2005) AND (production_year <= 2010)), (LLVM Optimized)"}]}]}]}]}]}, {"Node Type": "Hash", "Parent Relationship": "Inner", "Startup Cost": 1.04, "Total Cost": 1.04, "Plan Rows": 1, "Plan Width": 4, "Plans": [{"Node Type": "Seq Scan", "Parent Relationship": "Outer", "Relation Name": "company_type", "Alias": "ct", "Startup Cost": 0.0, "Total Cost": 1.04, "Plan Rows": 1, "Plan Width": 4, "Filter": "((kind)::text = 'production companies'::text)"}]}]}]}, "Unique SQL Id": 1162488282, "Planner Runtime": 7}, "explain_analyze_plan": {"Plan": {"Node Type": "Aggregate", "Strategy": "Plain", "Startup Cost": 195394.68, "Total Cost": 195394.69, "Plan Rows": 1, "Plan Width": 113, "Actual Min Startup Time": 1712.317, "Actual Max Startup Time": 1712.317, "Actual Min Total Time": 1712.318, "Actual Max Total Time": 1712.318, "Plans": [{"Node Type": "Hash Join", "Parent Relationship": "Outer", "Join Type": "Inner", "Startup Cost": 119919.5, "Total Cost": 192038.65, "Plan Rows": 447470, "Plan Width": 45, "Actual Min Startup Time": 1537.422, "Actual Max Startup Time": 1537.422, "Actual Min Total Time": 1712.281, "Actual Max Total Time": 1712.281, "Inner Unique": true, "Hash Cond": "(mc.company_type_id = ct.id), (LLVM Optimized, Jit Execute)", "Plans": [{"Node Type": "Hash Join", "Parent Relationship": "Outer", "Join Type": "Inner", "Startup Cost": 119918.45, "Total Cost": 187568.09, "Plan Rows": 549199, "Plan Width": 49, "Actual Min Startup Time": 868.88, "Actual Max Startup Time": 868.88, "Actual Min Total Time": 1712.01, "Actual Max Total Time": 1712.01, "Inner Unique": false, "Hash Cond": "(mc.movie_id = t.id), (LLVM Optimized, Jit Execute)", "Plans": [{"Node Type": "Seq Scan", "Parent Relationship": "Outer", "Relation Name": "movie_companies", "Alias": "mc", "Startup Cost": 0.0, "Total Cost": 48340.1, "Plan Rows": 2609035, "Plan Width": 32, "Actual Min Startup Time": 0.044, "Actual Max Startup Time": 0.044, "Actual Min Total Time": 910.434, "Actual Max Total Time": 910.434, "Filter": "((note)::text !~~ '%(as Metro-Goldwyn-Mayer Pictures)%'::text), (LLVM Optimized, Jit Execute)", "Rows Removed by Filter": 1272041, "Actual Rows": 1337087}, {"Node Type": "Hash", "Parent Relationship": "Inner", "Startup Cost": 114963.4, "Total Cost": 114963.4, "Plan Rows": 396404, "Plan Width": 29, "Actual Min Startup Time": 538.726, "Actual Max Startup Time": 538.726, "Actual Min Total Time": 538.726, "Actual Max Total Time": 538.726, "Max Hash Buckets": 524288, "Min Hash Buckets": 524288, "Max Hash Batches": 1, "Min Hash Batches": 1, "Max Original Hash Batches": 1, "Min Original Hash Batches": 1, "Max Peak Memory Usage": 1, "min Peak Memory Usage": 1, "Plans": [{"Node Type": "Hash Join", "Parent Relationship": "Outer", "Join Type": "Inner", "Startup Cost": 95466.5, "Total Cost": 114963.4, "Plan Rows": 396404, "Plan Width": 29, "Actual Min Startup Time": 538.701, "Actual Max Startup Time": 538.701, "Actual Min Total Time": 538.713, "Actual Max Total Time": 538.713, "Inner Unique": true, "Hash Cond": "(mi_idx.movie_id = t.id), (LLVM Optimized, Jit Execute)", "Plans": [{"Node Type": "Nested Loop", "Parent Relationship": "Outer", "Join Type": "Inner", "Startup Cost": 7502.06, "Total Cost": 21741.14, "Plan Rows": 345008, "Plan Width": 4, "Actual Min Startup Time": 0.142, "Actual Max Startup Time": 0.142, "Actual Min Total Time": 0.151, "Actual Max Total Time": 0.151, "Inner Unique": false, "Plans": [{"Node Type": "Seq Scan", "Parent Relationship": "Outer", "Relation Name": "info_type", "Alias": "it", "Startup Cost": 0.0, "Total Cost": 2.4, "Plan Rows": 1, "Plan Width": 4, "Actual Min Startup Time": 0.071, "Actual Max Startup Time": 0.071, "Actual Min Total Time": 0.074, "Actual Max Total Time": 0.074, "Filter": "((info)::text = 'bottom 10 rank'::text)", "Rows Removed by Filter": 111, "Actual Rows": 1}, {"Node Type": "Bitmap Heap Scan", "Parent Relationship": "Inner", "Relation Name": "movie_info_idx", "Alias": "mi_idx", "Startup Cost": 7502.06, "Total Cost": 18288.66, "Plan Rows": 345008, "Plan Width": 8, "Actual Min Startup Time": 0.052, "Actual Max Startup Time": 0.052, "Actual Min Total Time": 0.055, "Actual Max Total Time": 0.055, "Recheck Cond": "(info_type_id = it.id), (LLVM Optimized, Jit Execute)", "Rows Removed by Index Recheck": 0, "Exact Heap Blocks": 1, "Lossy Heap Blocks": 1, "Plans": [{"Node Type": "Bitmap Index Scan", "Parent Relationship": "Outer", "Index Name": "info_type_id_movie_info_idx", "Startup Cost": 0.0, "Total Cost": 7415.81, "Plan Rows": 345008, "Plan Width": 0, "Actual Min Startup Time": 0.033, "Actual Max Startup Time": 0.033, "Actual Min Total Time": 0.033, "Actual Max Total Time": 0.033, "Index Cond": "(info_type_id = it.id)", "Actual Rows": 10}], "Actual Rows": 10}], "Actual Rows": 10}, {"Node Type": "Hash", "Parent Relationship": "Inner", "Startup Cost": 78973.94, "Total Cost": 78973.94, "Plan Rows": 719240, "Plan Width": 25, "Actual Min Startup Time": 537.811, "Actual Max Startup Time": 537.811, "Actual Min Total Time": 537.811, "Actual Max Total Time": 537.811, "Max Hash Buckets": 1048576, "Min Hash Buckets": 1048576, "Max Hash Batches": 1, "Min Hash Batches": 1, "Max Original Hash Batches": 1, "Min Original Hash Batches": 1, "Max Peak Memory Usage": 41052, "min Peak Memory Usage": 41052, "Plans": [{"Node Type": "Streaming(type: LOCAL GATHER dop: 1/64)", "Parent Relationship": "Outer", "Startup Cost": 1813.35, "Total Cost": 78973.94, "Plan Rows": 719240, "Plan Width": 25, "Actual Min Startup Time": 105.933, "Actual Max Startup Time": 105.933, "Actual Min Total Time": 332.282, "Actual Max Total Time": 332.282, "Plans": [{"Node Type": "Seq Scan", "Parent Relationship": "Outer", "Relation Name": "title", "Alias": "t", "Startup Cost": 1813.35, "Total Cost": 64136.1, "Plan Rows": 719240, "Plan Width": 25, "Actual Min Startup Time": 0.028, "Actual Max Startup Time": 0.049, "Actual Min Total Time": 15.397, "Actual Max Total Time": 19.822, "Filter": "((production_year >= 2005) AND (production_year <= 2010)), (LLVM Optimized, Jit Execute)", "Rows Removed by Filter": 1812052, "Actual Rows": 716259}], "Actual Rows": 716259}], "Actual Rows": 716259}], "Actual Rows": 4}], "Actual Rows": 4}], "Actual Rows": 66}, {"Node Type": "Hash", "Parent Relationship": "Inner", "Startup Cost": 1.04, "Total Cost": 1.04, "Plan Rows": 1, "Plan Width": 4, "Actual Min Startup Time": 0.08, "Actual Max Startup Time": 0.08, "Actual Min Total Time": 0.08, "Actual Max Total Time": 0.08, "Max Hash Buckets": 32768, "Min Hash Buckets": 32768, "Max Hash Batches": 1, "Min Hash Batches": 1, "Max Original Hash Batches": 1, "Min Original Hash Batches": 1, "Max Peak Memory Usage": 1, "min Peak Memory Usage": 1, "Plans": [{"Node Type": "Seq Scan", "Parent Relationship": "Outer", "Relation Name": "company_type", "Alias": "ct", "Startup Cost": 0.0, "Total Cost": 1.04, "Plan Rows": 1, "Plan Width": 4, "Actual Min Startup Time": 0.055, "Actual Max Startup Time": 0.055, "Actual Min Total Time": 0.059, "Actual Max Total Time": 0.059, "Filter": "((kind)::text = 'production companies'::text)", "Rows Removed by Filter": 2, "Actual Rows": 1}], "Actual Rows": 1}], "Actual Rows": 3}], "Actual Rows": 1}, "Triggers": [], "Planner Runtime": 12.679, "Total Runtime": 1735.32, "Unique SQL Id": 1162488282}}, "(64, '99')": {"explain_plan": {"Plan": {"Node Type": "Aggregate", "Strategy": "Plain", "Startup Cost": 255790.36, "Total Cost": 255790.37, "Plan Rows": 1, "Plan Width": 113, "Plans": [{"Node Type": "Hash Join", "Parent Relationship": "Outer", "Join Type": "Inner", "Startup Cost": 192779.48, "Total Cost": 252434.34, "Plan Rows": 447470, "Plan Width": 45, "Inner Unique": false, "Hash Cond": "(mc.movie_id = t.id), (LLVM Optimized)", "Plans": [{"Node Type": "Nested Loop", "Parent Relationship": "Outer", "Join Type": "Inner", "Startup Cost": 29278.87, "Total Cost": 77622.54, "Plan Rows": 1304518, "Plan Width": 28, "Inner Unique": false, "Plans": [{"Node Type": "Bitmap Heap Scan", "Parent Relationship": "Outer", "Relation Name": "company_type", "Alias": "ct", "Startup Cost": 8.27, "Total Cost": 12.3, "Plan Rows": 1, "Plan Width": 4, "Filter": "((kind)::text = 'production companies'::text)", "Plans": [{"Node Type": "Bitmap Index Scan", "Parent Relationship": "Outer", "Index Name": "company_type_pkey", "Startup Cost": 0.0, "Total Cost": 8.27, "Plan Rows": 3, "Plan Width": 0}]}, {"Node Type": "Bitmap Heap Scan", "Parent Relationship": "Inner", "Relation Name": "movie_companies", "Alias": "mc", "Startup Cost": 29270.61, "Total Cost": 64565.07, "Plan Rows": 1304517, "Plan Width": 32, "Recheck Cond": "(company_type_id = ct.id), (LLVM Optimized)", "Filter": "((note)::text !~~ '%(as Metro-Goldwyn-Mayer Pictures)%'::text), (LLVM Optimized)", "Plans": [{"Node Type": "Bitmap Index Scan", "Parent Relationship": "Outer", "Index Name": "company_type_id_movie_companies", "Startup Cost": 0.0, "Total Cost": 28944.48, "Plan Rows": 1304564, "Plan Width": 0, "Index Cond": "(company_type_id = ct.id)"}]}]}, {"Node Type": "Hash", "Parent Relationship": "Inner", "Startup Cost": 158545.55, "Total Cost": 158545.55, "Plan Rows": 396404, "Plan Width": 29, "Plans": [{"Node Type": "Hash Join", "Parent Relationship": "Outer", "Join Type": "Inner", "Startup Cost": 139045.65, "Total Cost": 158545.55, "Plan Rows": 396404, "Plan Width": 29, "Inner Unique": true, "Hash Cond": "(mi_idx.movie_id = t.id), (LLVM Optimized)", "Plans": [{"Node Type": "Nested Loop", "Parent Relationship": "Outer", "Join Type": "Inner", "Startup Cost": 7510.87, "Total Cost": 21752.95, "Plan Rows": 345008, "Plan Width": 4, "Inner Unique": false, "Plans": [{"Node Type": "Bitmap Heap Scan", "Parent Relationship": "Outer", "Relation Name": "info_type", "Alias": "it", "Startup Cost": 8.81, "Total Cost": 14.21, "Plan Rows": 1, "Plan Width": 4, "Filter": "((info)::text = 'bottom 10 rank'::text)", "Plans": [{"Node Type": "Bitmap Index Scan", "Parent Relationship": "Outer", "Index Name": "info_type_pkey", "Startup Cost": 0.0, "Total Cost": 8.81, "Plan Rows": 112, "Plan Width": 0}]}, {"Node Type": "Bitmap Heap Scan", "Parent Relationship": "Inner", "Relation Name": "movie_info_idx", "Alias": "mi_idx", "Startup Cost": 7502.06, "Total Cost": 18288.66, "Plan Rows": 345008, "Plan Width": 8, "Recheck Cond": "(info_type_id = it.id), (LLVM Optimized)", "Plans": [{"Node Type": "Bitmap Index Scan", "Parent Relationship": "Outer", "Index Name": "info_type_id_movie_info_idx", "Startup Cost": 0.0, "Total Cost": 7415.81, "Plan Rows": 345008, "Plan Width": 0, "Index Cond": "(info_type_id = it.id)"}]}]}, {"Node Type": "Hash", "Parent Relationship": "Inner", "Startup Cost": 122544.28, "Total Cost": 122544.28, "Plan Rows": 719240, "Plan Width": 25, "Plans": [{"Node Type": "Bitmap Heap Scan", "Parent Relationship": "Outer", "Relation Name": "title", "Alias": "t", "Startup Cost": 49833.61, "Total Cost": 122544.28, "Plan Rows": 719240, "Plan Width": 25, "Filter": "((production_year >= 2005) AND (production_year <= 2010)), (LLVM Optimized)", "Plans": [{"Node Type": "Bitmap Index Scan", "Parent Relationship": "Outer", "Index Name": "title_pkey", "Startup Cost": 0.0, "Total Cost": 49653.81, "Plan Rows": 2528311, "Plan Width": 0}]}]}]}]}]}]}, "Unique SQL Id": 1162488282, "Planner Runtime": 5}, "explain_analyze_plan": {"Plan": {"Node Type": "Aggregate", "Strategy": "Plain", "Startup Cost": 255790.36, "Total Cost": 255790.37, "Plan Rows": 1, "Plan Width": 113, "Actual Startup Time": 2480.211, "Actual Total Time": 2480.211, "Actual Rows": 1, "Actual Loops": 1, "Plans": [{"Node Type": "Hash Join", "Parent Relationship": "Outer", "Join Type": "Inner", "Startup Cost": 192779.48, "Total Cost": 252434.34, "Plan Rows": 447470, "Plan Width": 45, "Actual Startup Time": 2231.498, "Actual Total Time": 2480.182, "Actual Rows": 3, "Actual Loops": 1, "Inner Unique": false, "Hash Cond": "(mc.movie_id = t.id), (LLVM Optimized, Jit Execute)", "Plans": [{"Node Type": "Nested Loop", "Parent Relationship": "Outer", "Join Type": "Inner", "Startup Cost": 29278.87, "Total Cost": 77622.54, "Plan Rows": 1304518, "Plan Width": 28, "Actual Startup Time": 145.631, "Actual Total Time": 617.096, "Actual Rows": 140904, "Actual Loops": 1, "Inner Unique": false, "Plans": [{"Node Type": "Bitmap Heap Scan", "Parent Relationship": "Outer", "Relation Name": "company_type", "Alias": "ct", "Startup Cost": 8.27, "Total Cost": 12.3, "Plan Rows": 1, "Plan Width": 4, "Actual Startup Time": 0.026, "Actual Total Time": 0.033, "Actual Rows": 1, "Actual Loops": 1, "Filter": "((kind)::text = 'production companies'::text)", "Rows Removed by Filter": 2, "Exact Heap Blocks": 1, "Lossy Heap Blocks": 1, "Plans": [{"Node Type": "Bitmap Index Scan", "Parent Relationship": "Outer", "Index Name": "company_type_pkey", "Startup Cost": 0.0, "Total Cost": 8.27, "Plan Rows": 3, "Plan Width": 0, "Actual Startup Time": 0.008, "Actual Total Time": 0.008, "Actual Rows": 3, "Actual Loops": 1}]}, {"Node Type": "Bitmap Heap Scan", "Parent Relationship": "Inner", "Relation Name": "movie_companies", "Alias": "mc", "Startup Cost": 29270.61, "Total Cost": 64565.07, "Plan Rows": 1304517, "Plan Width": 32, "Actual Startup Time": 145.599, "Actual Total Time": 588.947, "Actual Rows": 140904, "Actual Loops": 1, "Recheck Cond": "(company_type_id = ct.id), (LLVM Optimized, Jit Execute)", "Rows Removed by Index Recheck": 0, "Filter": "((note)::text !~~ '%(as Metro-Goldwyn-Mayer Pictures)%'::text), (LLVM Optimized, Jit Execute)", "Rows Removed by Filter": 1193979, "Exact Heap Blocks": 6196, "Lossy Heap Blocks": 6196, "Plans": [{"Node Type": "Bitmap Index Scan", "Parent Relationship": "Outer", "Index Name": "company_type_id_movie_companies", "Startup Cost": 0.0, "Total Cost": 28944.48, "Plan Rows": 1304564, "Plan Width": 0, "Actual Startup Time": 144.252, "Actual Total Time": 144.252, "Actual Rows": 1334883, "Actual Loops": 1, "Index Cond": "(company_type_id = ct.id)"}]}]}, {"Node Type": "Hash", "Parent Relationship": "Inner", "Startup Cost": 158545.55, "Total Cost": 158545.55, "Plan Rows": 396404, "Plan Width": 29, "Actual Startup Time": 1831.643, "Actual Total Time": 1831.643, "Actual Rows": 4, "Actual Loops": 1, "Hash Buckets": 524288, "Hash Batches": 1, "Original Hash Batches": 1, "Peak Memory Usage": 1, "Plans": [{"Node Type": "Hash Join", "Parent Relationship": "Outer", "Join Type": "Inner", "Startup Cost": 139045.65, "Total Cost": 158545.55, "Plan Rows": 396404, "Plan Width": 29, "Actual Startup Time": 1831.606, "Actual Total Time": 1831.616, "Actual Rows": 4, "Actual Loops": 1, "Inner Unique": true, "Hash Cond": "(mi_idx.movie_id = t.id), (LLVM Optimized, Jit Execute)", "Plans": [{"Node Type": "Nested Loop", "Parent Relationship": "Outer", "Join Type": "Inner", "Startup Cost": 7510.87, "Total Cost": 21752.95, "Plan Rows": 345008, "Plan Width": 4, "Actual Startup Time": 0.134, "Actual Total Time": 0.145, "Actual Rows": 10, "Actual Loops": 1, "Inner Unique": false, "Plans": [{"Node Type": "Bitmap Heap Scan", "Parent Relationship": "Outer", "Relation Name": "info_type", "Alias": "it", "Startup Cost": 8.81, "Total Cost": 14.21, "Plan Rows": 1, "Plan Width": 4, "Actual Startup Time": 0.093, "Actual Total Time": 0.094, "Actual Rows": 1, "Actual Loops": 1, "Filter": "((info)::text = 'bottom 10 rank'::text)", "Rows Removed by Filter": 111, "Exact Heap Blocks": 1, "Lossy Heap Blocks": 1, "Plans": [{"Node Type": "Bitmap Index Scan", "Parent Relationship": "Outer", "Index Name": "info_type_pkey", "Startup Cost": 0.0, "Total Cost": 8.81, "Plan Rows": 112, "Plan Width": 0, "Actual Startup Time": 0.019, "Actual Total Time": 0.019, "Actual Rows": 112, "Actual Loops": 1}]}, {"Node Type": "Bitmap Heap Scan", "Parent Relationship": "Inner", "Relation Name": "movie_info_idx", "Alias": "mi_idx", "Startup Cost": 7502.06, "Total Cost": 18288.66, "Plan Rows": 345008, "Plan Width": 8, "Actual Startup Time": 0.028, "Actual Total Time": 0.032, "Actual Rows": 10, "Actual Loops": 1, "Recheck Cond": "(info_type_id = it.id), (LLVM Optimized, Jit Execute)", "Rows Removed by Index Recheck": 0, "Exact Heap Blocks": 1, "Lossy Heap Blocks": 1, "Plans": [{"Node Type": "Bitmap Index Scan", "Parent Relationship": "Outer", "Index Name": "info_type_id_movie_info_idx", "Startup Cost": 0.0, "Total Cost": 7415.81, "Plan Rows": 345008, "Plan Width": 0, "Actual Startup Time": 0.013, "Actual Total Time": 0.013, "Actual Rows": 10, "Actual Loops": 1, "Index Cond": "(info_type_id = it.id)"}]}]}, {"Node Type": "Hash", "Parent Relationship": "Inner", "Startup Cost": 122544.28, "Total Cost": 122544.28, "Plan Rows": 719240, "Plan Width": 25, "Actual Startup Time": 1830.245, "Actual Total Time": 1830.245, "Actual Rows": 716259, "Actual Loops": 1, "Hash Buckets": 1048576, "Hash Batches": 1, "Original Hash Batches": 1, "Peak Memory Usage": 41052, "Plans": [{"Node Type": "Bitmap Heap Scan", "Parent Relationship": "Outer", "Relation Name": "title", "Alias": "t", "Startup Cost": 49833.61, "Total Cost": 122544.28, "Plan Rows": 719240, "Plan Width": 25, "Actual Startup Time": 311.902, "Actual Total Time": 1515.668, "Actual Rows": 716259, "Actual Loops": 1, "Filter": "((production_year >= 2005) AND (production_year <= 2010)), (LLVM Optimized, Jit Execute)", "Rows Removed by Filter": 1812052, "Exact Heap Blocks": 34786, "Lossy Heap Blocks": 34786, "Plans": [{"Node Type": "Bitmap Index Scan", "Parent Relationship": "Outer", "Index Name": "title_pkey", "Startup Cost": 0.0, "Total Cost": 49653.81, "Plan Rows": 2528311, "Plan Width": 0, "Actual Startup Time": 303.867, "Actual Total Time": 303.867, "Actual Rows": 2528311, "Actual Loops": 1}]}]}]}]}]}]}, "Triggers": [], "Planner Runtime": 9.336, "Total Runtime": 2491.956, "Unique SQL Id": 1162488282}}, "(64, '100')": {"explain_plan": {"Plan": {"Node Type": "Aggregate", "Strategy": "Plain", "Startup Cost": 195394.68, "Total Cost": 195394.69, "Plan Rows": 1, "Plan Width": 113, "Plans": [{"Node Type": "Hash Join", "Parent Relationship": "Outer", "Join Type": "Inner", "Startup Cost": 119919.5, "Total Cost": 192038.65, "Plan Rows": 447470, "Plan Width": 45, "Inner Unique": true, "Hash Cond": "(mc.company_type_id = ct.id), (LLVM Optimized)", "Plans": [{"Node Type": "Hash Join", "Parent Relationship": "Outer", "Join Type": "Inner", "Startup Cost": 119918.45, "Total Cost": 187568.09, "Plan Rows": 549199, "Plan Width": 49, "Inner Unique": false, "Hash Cond": "(mc.movie_id = t.id), (LLVM Optimized)", "Plans": [{"Node Type": "Seq Scan", "Parent Relationship": "Outer", "Relation Name": "movie_companies", "Alias": "mc", "Startup Cost": 0.0, "Total Cost": 48340.1, "Plan Rows": 2609035, "Plan Width": 32, "Filter": "((note)::text !~~ '%(as Metro-Goldwyn-Mayer Pictures)%'::text), (LLVM Optimized)"}, {"Node Type": "Hash", "Parent Relationship": "Inner", "Startup Cost": 114963.4, "Total Cost": 114963.4, "Plan Rows": 396404, "Plan Width": 29, "Plans": [{"Node Type": "Hash Join", "Parent Relationship": "Outer", "Join Type": "Inner", "Startup Cost": 95466.5, "Total Cost": 114963.4, "Plan Rows": 396404, "Plan Width": 29, "Inner Unique": true, "Hash Cond": "(mi_idx.movie_id = t.id), (LLVM Optimized)", "Plans": [{"Node Type": "Nested Loop", "Parent Relationship": "Outer", "Join Type": "Inner", "Startup Cost": 7502.06, "Total Cost": 21741.14, "Plan Rows": 345008, "Plan Width": 4, "Inner Unique": false, "Plans": [{"Node Type": "Seq Scan", "Parent Relationship": "Outer", "Relation Name": "info_type", "Alias": "it", "Startup Cost": 0.0, "Total Cost": 2.4, "Plan Rows": 1, "Plan Width": 4, "Filter": "((info)::text = 'bottom 10 rank'::text)"}, {"Node Type": "Bitmap Heap Scan", "Parent Relationship": "Inner", "Relation Name": "movie_info_idx", "Alias": "mi_idx", "Startup Cost": 7502.06, "Total Cost": 18288.66, "Plan Rows": 345008, "Plan Width": 8, "Recheck Cond": "(info_type_id = it.id), (LLVM Optimized)", "Plans": [{"Node Type": "Bitmap Index Scan", "Parent Relationship": "Outer", "Index Name": "info_type_id_movie_info_idx", "Startup Cost": 0.0, "Total Cost": 7415.81, "Plan Rows": 345008, "Plan Width": 0, "Index Cond": "(info_type_id = it.id)"}]}]}, {"Node Type": "Hash", "Parent Relationship": "Inner", "Startup Cost": 78973.94, "Total Cost": 78973.94, "Plan Rows": 719240, "Plan Width": 25, "Plans": [{"Node Type": "Streaming(type: LOCAL GATHER dop: 1/64)", "Parent Relationship": "Outer", "Startup Cost": 1813.35, "Total Cost": 78973.94, "Plan Rows": 719240, "Plan Width": 25, "Plans": [{"Node Type": "Seq Scan", "Parent Relationship": "Outer", "Relation Name": "title", "Alias": "t", "Startup Cost": 1813.35, "Total Cost": 64136.1, "Plan Rows": 719240, "Plan Width": 25, "Filter": "((production_year >= 2005) AND (production_year <= 2010)), (LLVM Optimized)"}]}]}]}]}]}, {"Node Type": "Hash", "Parent Relationship": "Inner", "Startup Cost": 1.04, "Total Cost": 1.04, "Plan Rows": 1, "Plan Width": 4, "Plans": [{"Node Type": "Seq Scan", "Parent Relationship": "Outer", "Relation Name": "company_type", "Alias": "ct", "Startup Cost": 0.0, "Total Cost": 1.04, "Plan Rows": 1, "Plan Width": 4, "Filter": "((kind)::text = 'production companies'::text)"}]}]}]}, "Unique SQL Id": 1162488282, "Planner Runtime": 7}, "explain_analyze_plan": {"Plan": {"Node Type": "Aggregate", "Strategy": "Plain", "Startup Cost": 195394.68, "Total Cost": 195394.69, "Plan Rows": 1, "Plan Width": 113, "Actual Min Startup Time": 1712.317, "Actual Max Startup Time": 1712.317, "Actual Min Total Time": 1712.318, "Actual Max Total Time": 1712.318, "Plans": [{"Node Type": "Hash Join", "Parent Relationship": "Outer", "Join Type": "Inner", "Startup Cost": 119919.5, "Total Cost": 192038.65, "Plan Rows": 447470, "Plan Width": 45, "Actual Min Startup Time": 1537.422, "Actual Max Startup Time": 1537.422, "Actual Min Total Time": 1712.281, "Actual Max Total Time": 1712.281, "Inner Unique": true, "Hash Cond": "(mc.company_type_id = ct.id), (LLVM Optimized, Jit Execute)", "Plans": [{"Node Type": "Hash Join", "Parent Relationship": "Outer", "Join Type": "Inner", "Startup Cost": 119918.45, "Total Cost": 187568.09, "Plan Rows": 549199, "Plan Width": 49, "Actual Min Startup Time": 868.88, "Actual Max Startup Time": 868.88, "Actual Min Total Time": 1712.01, "Actual Max Total Time": 1712.01, "Inner Unique": false, "Hash Cond": "(mc.movie_id = t.id), (LLVM Optimized, Jit Execute)", "Plans": [{"Node Type": "Seq Scan", "Parent Relationship": "Outer", "Relation Name": "movie_companies", "Alias": "mc", "Startup Cost": 0.0, "Total Cost": 48340.1, "Plan Rows": 2609035, "Plan Width": 32, "Actual Min Startup Time": 0.044, "Actual Max Startup Time": 0.044, "Actual Min Total Time": 910.434, "Actual Max Total Time": 910.434, "Filter": "((note)::text !~~ '%(as Metro-Goldwyn-Mayer Pictures)%'::text), (LLVM Optimized, Jit Execute)", "Rows Removed by Filter": 1272041, "Actual Rows": 1337087}, {"Node Type": "Hash", "Parent Relationship": "Inner", "Startup Cost": 114963.4, "Total Cost": 114963.4, "Plan Rows": 396404, "Plan Width": 29, "Actual Min Startup Time": 538.726, "Actual Max Startup Time": 538.726, "Actual Min Total Time": 538.726, "Actual Max Total Time": 538.726, "Max Hash Buckets": 524288, "Min Hash Buckets": 524288, "Max Hash Batches": 1, "Min Hash Batches": 1, "Max Original Hash Batches": 1, "Min Original Hash Batches": 1, "Max Peak Memory Usage": 1, "min Peak Memory Usage": 1, "Plans": [{"Node Type": "Hash Join", "Parent Relationship": "Outer", "Join Type": "Inner", "Startup Cost": 95466.5, "Total Cost": 114963.4, "Plan Rows": 396404, "Plan Width": 29, "Actual Min Startup Time": 538.701, "Actual Max Startup Time": 538.701, "Actual Min Total Time": 538.713, "Actual Max Total Time": 538.713, "Inner Unique": true, "Hash Cond": "(mi_idx.movie_id = t.id), (LLVM Optimized, Jit Execute)", "Plans": [{"Node Type": "Nested Loop", "Parent Relationship": "Outer", "Join Type": "Inner", "Startup Cost": 7502.06, "Total Cost": 21741.14, "Plan Rows": 345008, "Plan Width": 4, "Actual Min Startup Time": 0.142, "Actual Max Startup Time": 0.142, "Actual Min Total Time": 0.151, "Actual Max Total Time": 0.151, "Inner Unique": false, "Plans": [{"Node Type": "Seq Scan", "Parent Relationship": "Outer", "Relation Name": "info_type", "Alias": "it", "Startup Cost": 0.0, "Total Cost": 2.4, "Plan Rows": 1, "Plan Width": 4, "Actual Min Startup Time": 0.071, "Actual Max Startup Time": 0.071, "Actual Min Total Time": 0.074, "Actual Max Total Time": 0.074, "Filter": "((info)::text = 'bottom 10 rank'::text)", "Rows Removed by Filter": 111, "Actual Rows": 1}, {"Node Type": "Bitmap Heap Scan", "Parent Relationship": "Inner", "Relation Name": "movie_info_idx", "Alias": "mi_idx", "Startup Cost": 7502.06, "Total Cost": 18288.66, "Plan Rows": 345008, "Plan Width": 8, "Actual Min Startup Time": 0.052, "Actual Max Startup Time": 0.052, "Actual Min Total Time": 0.055, "Actual Max Total Time": 0.055, "Recheck Cond": "(info_type_id = it.id), (LLVM Optimized, Jit Execute)", "Rows Removed by Index Recheck": 0, "Exact Heap Blocks": 1, "Lossy Heap Blocks": 1, "Plans": [{"Node Type": "Bitmap Index Scan", "Parent Relationship": "Outer", "Index Name": "info_type_id_movie_info_idx", "Startup Cost": 0.0, "Total Cost": 7415.81, "Plan Rows": 345008, "Plan Width": 0, "Actual Min Startup Time": 0.033, "Actual Max Startup Time": 0.033, "Actual Min Total Time": 0.033, "Actual Max Total Time": 0.033, "Index Cond": "(info_type_id = it.id)", "Actual Rows": 10}], "Actual Rows": 10}], "Actual Rows": 10}, {"Node Type": "Hash", "Parent Relationship": "Inner", "Startup Cost": 78973.94, "Total Cost": 78973.94, "Plan Rows": 719240, "Plan Width": 25, "Actual Min Startup Time": 537.811, "Actual Max Startup Time": 537.811, "Actual Min Total Time": 537.811, "Actual Max Total Time": 537.811, "Max Hash Buckets": 1048576, "Min Hash Buckets": 1048576, "Max Hash Batches": 1, "Min Hash Batches": 1, "Max Original Hash Batches": 1, "Min Original Hash Batches": 1, "Max Peak Memory Usage": 41052, "min Peak Memory Usage": 41052, "Plans": [{"Node Type": "Streaming(type: LOCAL GATHER dop: 1/64)", "Parent Relationship": "Outer", "Startup Cost": 1813.35, "Total Cost": 78973.94, "Plan Rows": 719240, "Plan Width": 25, "Actual Min Startup Time": 105.933, "Actual Max Startup Time": 105.933, "Actual Min Total Time": 332.282, "Actual Max Total Time": 332.282, "Plans": [{"Node Type": "Seq Scan", "Parent Relationship": "Outer", "Relation Name": "title", "Alias": "t", "Startup Cost": 1813.35, "Total Cost": 64136.1, "Plan Rows": 719240, "Plan Width": 25, "Actual Min Startup Time": 0.028, "Actual Max Startup Time": 0.049, "Actual Min Total Time": 15.397, "Actual Max Total Time": 19.822, "Filter": "((production_year >= 2005) AND (production_year <= 2010)), (LLVM Optimized, Jit Execute)", "Rows Removed by Filter": 1812052, "Actual Rows": 716259}], "Actual Rows": 716259}], "Actual Rows": 716259}], "Actual Rows": 4}], "Actual Rows": 4}], "Actual Rows": 66}, {"Node Type": "Hash", "Parent Relationship": "Inner", "Startup Cost": 1.04, "Total Cost": 1.04, "Plan Rows": 1, "Plan Width": 4, "Actual Min Startup Time": 0.08, "Actual Max Startup Time": 0.08, "Actual Min Total Time": 0.08, "Actual Max Total Time": 0.08, "Max Hash Buckets": 32768, "Min Hash Buckets": 32768, "Max Hash Batches": 1, "Min Hash Batches": 1, "Max Original Hash Batches": 1, "Min Original Hash Batches": 1, "Max Peak Memory Usage": 1, "min Peak Memory Usage": 1, "Plans": [{"Node Type": "Seq Scan", "Parent Relationship": "Outer", "Relation Name": "company_type", "Alias": "ct", "Startup Cost": 0.0, "Total Cost": 1.04, "Plan Rows": 1, "Plan Width": 4, "Actual Min Startup Time": 0.055, "Actual Max Startup Time": 0.055, "Actual Min Total Time": 0.059, "Actual Max Total Time": 0.059, "Filter": "((kind)::text = 'production companies'::text)", "Rows Removed by Filter": 2, "Actual Rows": 1}], "Actual Rows": 1}], "Actual Rows": 3}], "Actual Rows": 1}, "Triggers": [], "Planner Runtime": 12.679, "Total Runtime": 1735.32, "Unique SQL Id": 1162488282}}, "(64, '101')": {"explain_plan": {"Plan": {"Node Type": "Aggregate", "Strategy": "Plain", "Startup Cost": 247822.0, "Total Cost": 247822.01, "Plan Rows": 1, "Plan Width": 113, "Plans": [{"Node Type": "Hash Join", "Parent Relationship": "Outer", "Join Type": "Inner", "Startup Cost": 163718.37, "Total Cost": 244465.97, "Plan Rows": 447470, "Plan Width": 45, "Inner Unique": false, "Hash Cond": "(mc.movie_id = t.id), (LLVM Optimized)", "Plans": [{"Node Type": "Nested Loop", "Parent Relationship": "Outer", "Join Type": "Inner", "Startup Cost": 0.0, "Total Cost": 69436.41, "Plan Rows": 1304518, "Plan Width": 28, "Inner Unique": false, "Plans": [{"Node Type": "Index Scan", "Parent Relationship": "Outer", "Scan Direction": "Forward", "Index Name": "company_type_pkey", "Relation Name": "company_type", "Alias": "ct", "Startup Cost": 0.0, "Total Cost": 12.3, "Plan Rows": 1, "Plan Width": 4, "Filter": "((kind)::text = 'production companies'::text)"}, {"Node Type": "Index Scan", "Parent Relationship": "Inner", "Scan Direction": "Forward", "Index Name": "company_type_id_movie_companies", "Relation Name": "movie_companies", "Alias": "mc", "Startup Cost": 0.0, "Total Cost": 56378.94, "Plan Rows": 1304517, "Plan Width": 32, "Index Cond": "(company_type_id = ct.id), (LLVM Optimized)", "Filter": "((note)::text !~~ '%(as Metro-Goldwyn-Mayer Pictures)%'::text), (LLVM Optimized)"}]}, {"Node Type": "Hash", "Parent Relationship": "Inner", "Startup Cost": 158763.32, "Total Cost": 158763.32, "Plan Rows": 396404, "Plan Width": 29, "Plans": [{"Node Type": "Hash Join", "Parent Relationship": "Outer", "Join Type": "Inner", "Startup Cost": 139254.61, "Total Cost": 158763.32, "Plan Rows": 396404, "Plan Width": 29, "Inner Unique": true, "Hash Cond": "(mi_idx.movie_id = t.id), (LLVM Optimized)", "Plans": [{"Node Type": "Nested Loop", "Parent Relationship": "Outer", "Join Type": "Inner", "Startup Cost": 7502.06, "Total Cost": 21752.95, "Plan Rows": 345008, "Plan Width": 4, "Inner Unique": false, "Plans": [{"Node Type": "Index Scan", "Parent Relationship": "Outer", "Scan Direction": "Forward", "Index Name": "info_type_pkey", "Relation Name": "info_type", "Alias": "it", "Startup Cost": 0.0, "Total Cost": 14.21, "Plan Rows": 1, "Plan Width": 4, "Filter": "((info)::text = 'bottom 10 rank'::text)"}, {"Node Type": "Bitmap Heap Scan", "Parent Relationship": "Inner", "Relation Name": "movie_info_idx", "Alias": "mi_idx", "Startup Cost": 7502.06, "Total Cost": 18288.66, "Plan Rows": 345008, "Plan Width": 8, "Recheck Cond": "(info_type_id = it.id), (LLVM Optimized)", "Plans": [{"Node Type": "Bitmap Index Scan", "Parent Relationship": "Outer", "Index Name": "info_type_id_movie_info_idx", "Startup Cost": 0.0, "Total Cost": 7415.81, "Plan Rows": 345008, "Plan Width": 0, "Index Cond": "(info_type_id = it.id)"}]}]}, {"Node Type": "Hash", "Parent Relationship": "Inner", "Startup Cost": 122762.04, "Total Cost": 122762.04, "Plan Rows": 719240, "Plan Width": 25, "Plans": [{"Node Type": "Index Scan", "Parent Relationship": "Outer", "Scan Direction": "Forward", "Index Name": "title_pkey", "Relation Name": "title", "Alias": "t", "Startup Cost": 0.0, "Total Cost": 122762.04, "Plan Rows": 719240, "Plan Width": 25, "Filter": "((production_year >= 2005) AND (production_year <= 2010)), (LLVM Optimized)"}]}]}]}]}]}, "Unique SQL Id": 1162488282, "Planner Runtime": 5}, "explain_analyze_plan": null}, "(64, '102')": {"explain_plan": {"Plan": {"Node Type": "Aggregate", "Strategy": "Plain", "Startup Cost": 195394.68, "Total Cost": 195394.69, "Plan Rows": 1, "Plan Width": 113, "Plans": [{"Node Type": "Hash Join", "Parent Relationship": "Outer", "Join Type": "Inner", "Startup Cost": 119919.5, "Total Cost": 192038.65, "Plan Rows": 447470, "Plan Width": 45, "Inner Unique": true, "Hash Cond": "(mc.company_type_id = ct.id), (LLVM Optimized)", "Plans": [{"Node Type": "Hash Join", "Parent Relationship": "Outer", "Join Type": "Inner", "Startup Cost": 119918.45, "Total Cost": 187568.09, "Plan Rows": 549199, "Plan Width": 49, "Inner Unique": false, "Hash Cond": "(mc.movie_id = t.id), (LLVM Optimized)", "Plans": [{"Node Type": "Seq Scan", "Parent Relationship": "Outer", "Relation Name": "movie_companies", "Alias": "mc", "Startup Cost": 0.0, "Total Cost": 48340.1, "Plan Rows": 2609035, "Plan Width": 32, "Filter": "((note)::text !~~ '%(as Metro-Goldwyn-Mayer Pictures)%'::text), (LLVM Optimized)"}, {"Node Type": "Hash", "Parent Relationship": "Inner", "Startup Cost": 114963.4, "Total Cost": 114963.4, "Plan Rows": 396404, "Plan Width": 29, "Plans": [{"Node Type": "Hash Join", "Parent Relationship": "Outer", "Join Type": "Inner", "Startup Cost": 95466.5, "Total Cost": 114963.4, "Plan Rows": 396404, "Plan Width": 29, "Inner Unique": true, "Hash Cond": "(mi_idx.movie_id = t.id), (LLVM Optimized)", "Plans": [{"Node Type": "Nested Loop", "Parent Relationship": "Outer", "Join Type": "Inner", "Startup Cost": 7502.06, "Total Cost": 21741.14, "Plan Rows": 345008, "Plan Width": 4, "Inner Unique": false, "Plans": [{"Node Type": "Seq Scan", "Parent Relationship": "Outer", "Relation Name": "info_type", "Alias": "it", "Startup Cost": 0.0, "Total Cost": 2.4, "Plan Rows": 1, "Plan Width": 4, "Filter": "((info)::text = 'bottom 10 rank'::text)"}, {"Node Type": "Bitmap Heap Scan", "Parent Relationship": "Inner", "Relation Name": "movie_info_idx", "Alias": "mi_idx", "Startup Cost": 7502.06, "Total Cost": 18288.66, "Plan Rows": 345008, "Plan Width": 8, "Recheck Cond": "(info_type_id = it.id), (LLVM Optimized)", "Plans": [{"Node Type": "Bitmap Index Scan", "Parent Relationship": "Outer", "Index Name": "info_type_id_movie_info_idx", "Startup Cost": 0.0, "Total Cost": 7415.81, "Plan Rows": 345008, "Plan Width": 0, "Index Cond": "(info_type_id = it.id)"}]}]}, {"Node Type": "Hash", "Parent Relationship": "Inner", "Startup Cost": 78973.94, "Total Cost": 78973.94, "Plan Rows": 719240, "Plan Width": 25, "Plans": [{"Node Type": "Streaming(type: LOCAL GATHER dop: 1/64)", "Parent Relationship": "Outer", "Startup Cost": 1813.35, "Total Cost": 78973.94, "Plan Rows": 719240, "Plan Width": 25, "Plans": [{"Node Type": "Seq Scan", "Parent Relationship": "Outer", "Relation Name": "title", "Alias": "t", "Startup Cost": 1813.35, "Total Cost": 64136.1, "Plan Rows": 719240, "Plan Width": 25, "Filter": "((production_year >= 2005) AND (production_year <= 2010)), (LLVM Optimized)"}]}]}]}]}]}, {"Node Type": "Hash", "Parent Relationship": "Inner", "Startup Cost": 1.04, "Total Cost": 1.04, "Plan Rows": 1, "Plan Width": 4, "Plans": [{"Node Type": "Seq Scan", "Parent Relationship": "Outer", "Relation Name": "company_type", "Alias": "ct", "Startup Cost": 0.0, "Total Cost": 1.04, "Plan Rows": 1, "Plan Width": 4, "Filter": "((kind)::text = 'production companies'::text)"}]}]}]}, "Unique SQL Id": 1162488282, "Planner Runtime": 7}, "explain_analyze_plan": {"Plan": {"Node Type": "Aggregate", "Strategy": "Plain", "Startup Cost": 195394.68, "Total Cost": 195394.69, "Plan Rows": 1, "Plan Width": 113, "Actual Min Startup Time": 1712.317, "Actual Max Startup Time": 1712.317, "Actual Min Total Time": 1712.318, "Actual Max Total Time": 1712.318, "Plans": [{"Node Type": "Hash Join", "Parent Relationship": "Outer", "Join Type": "Inner", "Startup Cost": 119919.5, "Total Cost": 192038.65, "Plan Rows": 447470, "Plan Width": 45, "Actual Min Startup Time": 1537.422, "Actual Max Startup Time": 1537.422, "Actual Min Total Time": 1712.281, "Actual Max Total Time": 1712.281, "Inner Unique": true, "Hash Cond": "(mc.company_type_id = ct.id), (LLVM Optimized, Jit Execute)", "Plans": [{"Node Type": "Hash Join", "Parent Relationship": "Outer", "Join Type": "Inner", "Startup Cost": 119918.45, "Total Cost": 187568.09, "Plan Rows": 549199, "Plan Width": 49, "Actual Min Startup Time": 868.88, "Actual Max Startup Time": 868.88, "Actual Min Total Time": 1712.01, "Actual Max Total Time": 1712.01, "Inner Unique": false, "Hash Cond": "(mc.movie_id = t.id), (LLVM Optimized, Jit Execute)", "Plans": [{"Node Type": "Seq Scan", "Parent Relationship": "Outer", "Relation Name": "movie_companies", "Alias": "mc", "Startup Cost": 0.0, "Total Cost": 48340.1, "Plan Rows": 2609035, "Plan Width": 32, "Actual Min Startup Time": 0.044, "Actual Max Startup Time": 0.044, "Actual Min Total Time": 910.434, "Actual Max Total Time": 910.434, "Filter": "((note)::text !~~ '%(as Metro-Goldwyn-Mayer Pictures)%'::text), (LLVM Optimized, Jit Execute)", "Rows Removed by Filter": 1272041, "Actual Rows": 1337087}, {"Node Type": "Hash", "Parent Relationship": "Inner", "Startup Cost": 114963.4, "Total Cost": 114963.4, "Plan Rows": 396404, "Plan Width": 29, "Actual Min Startup Time": 538.726, "Actual Max Startup Time": 538.726, "Actual Min Total Time": 538.726, "Actual Max Total Time": 538.726, "Max Hash Buckets": 524288, "Min Hash Buckets": 524288, "Max Hash Batches": 1, "Min Hash Batches": 1, "Max Original Hash Batches": 1, "Min Original Hash Batches": 1, "Max Peak Memory Usage": 1, "min Peak Memory Usage": 1, "Plans": [{"Node Type": "Hash Join", "Parent Relationship": "Outer", "Join Type": "Inner", "Startup Cost": 95466.5, "Total Cost": 114963.4, "Plan Rows": 396404, "Plan Width": 29, "Actual Min Startup Time": 538.701, "Actual Max Startup Time": 538.701, "Actual Min Total Time": 538.713, "Actual Max Total Time": 538.713, "Inner Unique": true, "Hash Cond": "(mi_idx.movie_id = t.id), (LLVM Optimized, Jit Execute)", "Plans": [{"Node Type": "Nested Loop", "Parent Relationship": "Outer", "Join Type": "Inner", "Startup Cost": 7502.06, "Total Cost": 21741.14, "Plan Rows": 345008, "Plan Width": 4, "Actual Min Startup Time": 0.142, "Actual Max Startup Time": 0.142, "Actual Min Total Time": 0.151, "Actual Max Total Time": 0.151, "Inner Unique": false, "Plans": [{"Node Type": "Seq Scan", "Parent Relationship": "Outer", "Relation Name": "info_type", "Alias": "it", "Startup Cost": 0.0, "Total Cost": 2.4, "Plan Rows": 1, "Plan Width": 4, "Actual Min Startup Time": 0.071, "Actual Max Startup Time": 0.071, "Actual Min Total Time": 0.074, "Actual Max Total Time": 0.074, "Filter": "((info)::text = 'bottom 10 rank'::text)", "Rows Removed by Filter": 111, "Actual Rows": 1}, {"Node Type": "Bitmap Heap Scan", "Parent Relationship": "Inner", "Relation Name": "movie_info_idx", "Alias": "mi_idx", "Startup Cost": 7502.06, "Total Cost": 18288.66, "Plan Rows": 345008, "Plan Width": 8, "Actual Min Startup Time": 0.052, "Actual Max Startup Time": 0.052, "Actual Min Total Time": 0.055, "Actual Max Total Time": 0.055, "Recheck Cond": "(info_type_id = it.id), (LLVM Optimized, Jit Execute)", "Rows Removed by Index Recheck": 0, "Exact Heap Blocks": 1, "Lossy Heap Blocks": 1, "Plans": [{"Node Type": "Bitmap Index Scan", "Parent Relationship": "Outer", "Index Name": "info_type_id_movie_info_idx", "Startup Cost": 0.0, "Total Cost": 7415.81, "Plan Rows": 345008, "Plan Width": 0, "Actual Min Startup Time": 0.033, "Actual Max Startup Time": 0.033, "Actual Min Total Time": 0.033, "Actual Max Total Time": 0.033, "Index Cond": "(info_type_id = it.id)", "Actual Rows": 10}], "Actual Rows": 10}], "Actual Rows": 10}, {"Node Type": "Hash", "Parent Relationship": "Inner", "Startup Cost": 78973.94, "Total Cost": 78973.94, "Plan Rows": 719240, "Plan Width": 25, "Actual Min Startup Time": 537.811, "Actual Max Startup Time": 537.811, "Actual Min Total Time": 537.811, "Actual Max Total Time": 537.811, "Max Hash Buckets": 1048576, "Min Hash Buckets": 1048576, "Max Hash Batches": 1, "Min Hash Batches": 1, "Max Original Hash Batches": 1, "Min Original Hash Batches": 1, "Max Peak Memory Usage": 41052, "min Peak Memory Usage": 41052, "Plans": [{"Node Type": "Streaming(type: LOCAL GATHER dop: 1/64)", "Parent Relationship": "Outer", "Startup Cost": 1813.35, "Total Cost": 78973.94, "Plan Rows": 719240, "Plan Width": 25, "Actual Min Startup Time": 105.933, "Actual Max Startup Time": 105.933, "Actual Min Total Time": 332.282, "Actual Max Total Time": 332.282, "Plans": [{"Node Type": "Seq Scan", "Parent Relationship": "Outer", "Relation Name": "title", "Alias": "t", "Startup Cost": 1813.35, "Total Cost": 64136.1, "Plan Rows": 719240, "Plan Width": 25, "Actual Min Startup Time": 0.028, "Actual Max Startup Time": 0.049, "Actual Min Total Time": 15.397, "Actual Max Total Time": 19.822, "Filter": "((production_year >= 2005) AND (production_year <= 2010)), (LLVM Optimized, Jit Execute)", "Rows Removed by Filter": 1812052, "Actual Rows": 716259}], "Actual Rows": 716259}], "Actual Rows": 716259}], "Actual Rows": 4}], "Actual Rows": 4}], "Actual Rows": 66}, {"Node Type": "Hash", "Parent Relationship": "Inner", "Startup Cost": 1.04, "Total Cost": 1.04, "Plan Rows": 1, "Plan Width": 4, "Actual Min Startup Time": 0.08, "Actual Max Startup Time": 0.08, "Actual Min Total Time": 0.08, "Actual Max Total Time": 0.08, "Max Hash Buckets": 32768, "Min Hash Buckets": 32768, "Max Hash Batches": 1, "Min Hash Batches": 1, "Max Original Hash Batches": 1, "Min Original Hash Batches": 1, "Max Peak Memory Usage": 1, "min Peak Memory Usage": 1, "Plans": [{"Node Type": "Seq Scan", "Parent Relationship": "Outer", "Relation Name": "company_type", "Alias": "ct", "Startup Cost": 0.0, "Total Cost": 1.04, "Plan Rows": 1, "Plan Width": 4, "Actual Min Startup Time": 0.055, "Actual Max Startup Time": 0.055, "Actual Min Total Time": 0.059, "Actual Max Total Time": 0.059, "Filter": "((kind)::text = 'production companies'::text)", "Rows Removed by Filter": 2, "Actual Rows": 1}], "Actual Rows": 1}], "Actual Rows": 3}], "Actual Rows": 1}, "Triggers": [], "Planner Runtime": 12.679, "Total Runtime": 1735.32, "Unique SQL Id": 1162488282}}, "(64, '103')": {"explain_plan": {"Plan": {"Node Type": "Aggregate", "Strategy": "Plain", "Startup Cost": 255790.36, "Total Cost": 255790.37, "Plan Rows": 1, "Plan Width": 113, "Plans": [{"Node Type": "Hash Join", "Parent Relationship": "Outer", "Join Type": "Inner", "Startup Cost": 192779.48, "Total Cost": 252434.34, "Plan Rows": 447470, "Plan Width": 45, "Inner Unique": false, "Hash Cond": "(mc.movie_id = t.id), (LLVM Optimized)", "Plans": [{"Node Type": "Nested Loop", "Parent Relationship": "Outer", "Join Type": "Inner", "Startup Cost": 29278.87, "Total Cost": 77622.54, "Plan Rows": 1304518, "Plan Width": 28, "Inner Unique": false, "Plans": [{"Node Type": "Bitmap Heap Scan", "Parent Relationship": "Outer", "Relation Name": "company_type", "Alias": "ct", "Startup Cost": 8.27, "Total Cost": 12.3, "Plan Rows": 1, "Plan Width": 4, "Filter": "((kind)::text = 'production companies'::text)", "Plans": [{"Node Type": "Bitmap Index Scan", "Parent Relationship": "Outer", "Index Name": "company_type_pkey", "Startup Cost": 0.0, "Total Cost": 8.27, "Plan Rows": 3, "Plan Width": 0}]}, {"Node Type": "Bitmap Heap Scan", "Parent Relationship": "Inner", "Relation Name": "movie_companies", "Alias": "mc", "Startup Cost": 29270.61, "Total Cost": 64565.07, "Plan Rows": 1304517, "Plan Width": 32, "Recheck Cond": "(company_type_id = ct.id), (LLVM Optimized)", "Filter": "((note)::text !~~ '%(as Metro-Goldwyn-Mayer Pictures)%'::text), (LLVM Optimized)", "Plans": [{"Node Type": "Bitmap Index Scan", "Parent Relationship": "Outer", "Index Name": "company_type_id_movie_companies", "Startup Cost": 0.0, "Total Cost": 28944.48, "Plan Rows": 1304564, "Plan Width": 0, "Index Cond": "(company_type_id = ct.id)"}]}]}, {"Node Type": "Hash", "Parent Relationship": "Inner", "Startup Cost": 158545.55, "Total Cost": 158545.55, "Plan Rows": 396404, "Plan Width": 29, "Plans": [{"Node Type": "Hash Join", "Parent Relationship": "Outer", "Join Type": "Inner", "Startup Cost": 139045.65, "Total Cost": 158545.55, "Plan Rows": 396404, "Plan Width": 29, "Inner Unique": true, "Hash Cond": "(mi_idx.movie_id = t.id), (LLVM Optimized)", "Plans": [{"Node Type": "Nested Loop", "Parent Relationship": "Outer", "Join Type": "Inner", "Startup Cost": 7510.87, "Total Cost": 21752.95, "Plan Rows": 345008, "Plan Width": 4, "Inner Unique": false, "Plans": [{"Node Type": "Bitmap Heap Scan", "Parent Relationship": "Outer", "Relation Name": "info_type", "Alias": "it", "Startup Cost": 8.81, "Total Cost": 14.21, "Plan Rows": 1, "Plan Width": 4, "Filter": "((info)::text = 'bottom 10 rank'::text)", "Plans": [{"Node Type": "Bitmap Index Scan", "Parent Relationship": "Outer", "Index Name": "info_type_pkey", "Startup Cost": 0.0, "Total Cost": 8.81, "Plan Rows": 112, "Plan Width": 0}]}, {"Node Type": "Bitmap Heap Scan", "Parent Relationship": "Inner", "Relation Name": "movie_info_idx", "Alias": "mi_idx", "Startup Cost": 7502.06, "Total Cost": 18288.66, "Plan Rows": 345008, "Plan Width": 8, "Recheck Cond": "(info_type_id = it.id), (LLVM Optimized)", "Plans": [{"Node Type": "Bitmap Index Scan", "Parent Relationship": "Outer", "Index Name": "info_type_id_movie_info_idx", "Startup Cost": 0.0, "Total Cost": 7415.81, "Plan Rows": 345008, "Plan Width": 0, "Index Cond": "(info_type_id = it.id)"}]}]}, {"Node Type": "Hash", "Parent Relationship": "Inner", "Startup Cost": 122544.28, "Total Cost": 122544.28, "Plan Rows": 719240, "Plan Width": 25, "Plans": [{"Node Type": "Bitmap Heap Scan", "Parent Relationship": "Outer", "Relation Name": "title", "Alias": "t", "Startup Cost": 49833.61, "Total Cost": 122544.28, "Plan Rows": 719240, "Plan Width": 25, "Filter": "((production_year >= 2005) AND (production_year <= 2010)), (LLVM Optimized)", "Plans": [{"Node Type": "Bitmap Index Scan", "Parent Relationship": "Outer", "Index Name": "title_pkey", "Startup Cost": 0.0, "Total Cost": 49653.81, "Plan Rows": 2528311, "Plan Width": 0}]}]}]}]}]}]}, "Unique SQL Id": 1162488282, "Planner Runtime": 5}, "explain_analyze_plan": {"Plan": {"Node Type": "Aggregate", "Strategy": "Plain", "Startup Cost": 255790.36, "Total Cost": 255790.37, "Plan Rows": 1, "Plan Width": 113, "Actual Startup Time": 2480.211, "Actual Total Time": 2480.211, "Actual Rows": 1, "Actual Loops": 1, "Plans": [{"Node Type": "Hash Join", "Parent Relationship": "Outer", "Join Type": "Inner", "Startup Cost": 192779.48, "Total Cost": 252434.34, "Plan Rows": 447470, "Plan Width": 45, "Actual Startup Time": 2231.498, "Actual Total Time": 2480.182, "Actual Rows": 3, "Actual Loops": 1, "Inner Unique": false, "Hash Cond": "(mc.movie_id = t.id), (LLVM Optimized, Jit Execute)", "Plans": [{"Node Type": "Nested Loop", "Parent Relationship": "Outer", "Join Type": "Inner", "Startup Cost": 29278.87, "Total Cost": 77622.54, "Plan Rows": 1304518, "Plan Width": 28, "Actual Startup Time": 145.631, "Actual Total Time": 617.096, "Actual Rows": 140904, "Actual Loops": 1, "Inner Unique": false, "Plans": [{"Node Type": "Bitmap Heap Scan", "Parent Relationship": "Outer", "Relation Name": "company_type", "Alias": "ct", "Startup Cost": 8.27, "Total Cost": 12.3, "Plan Rows": 1, "Plan Width": 4, "Actual Startup Time": 0.026, "Actual Total Time": 0.033, "Actual Rows": 1, "Actual Loops": 1, "Filter": "((kind)::text = 'production companies'::text)", "Rows Removed by Filter": 2, "Exact Heap Blocks": 1, "Lossy Heap Blocks": 1, "Plans": [{"Node Type": "Bitmap Index Scan", "Parent Relationship": "Outer", "Index Name": "company_type_pkey", "Startup Cost": 0.0, "Total Cost": 8.27, "Plan Rows": 3, "Plan Width": 0, "Actual Startup Time": 0.008, "Actual Total Time": 0.008, "Actual Rows": 3, "Actual Loops": 1}]}, {"Node Type": "Bitmap Heap Scan", "Parent Relationship": "Inner", "Relation Name": "movie_companies", "Alias": "mc", "Startup Cost": 29270.61, "Total Cost": 64565.07, "Plan Rows": 1304517, "Plan Width": 32, "Actual Startup Time": 145.599, "Actual Total Time": 588.947, "Actual Rows": 140904, "Actual Loops": 1, "Recheck Cond": "(company_type_id = ct.id), (LLVM Optimized, Jit Execute)", "Rows Removed by Index Recheck": 0, "Filter": "((note)::text !~~ '%(as Metro-Goldwyn-Mayer Pictures)%'::text), (LLVM Optimized, Jit Execute)", "Rows Removed by Filter": 1193979, "Exact Heap Blocks": 6196, "Lossy Heap Blocks": 6196, "Plans": [{"Node Type": "Bitmap Index Scan", "Parent Relationship": "Outer", "Index Name": "company_type_id_movie_companies", "Startup Cost": 0.0, "Total Cost": 28944.48, "Plan Rows": 1304564, "Plan Width": 0, "Actual Startup Time": 144.252, "Actual Total Time": 144.252, "Actual Rows": 1334883, "Actual Loops": 1, "Index Cond": "(company_type_id = ct.id)"}]}]}, {"Node Type": "Hash", "Parent Relationship": "Inner", "Startup Cost": 158545.55, "Total Cost": 158545.55, "Plan Rows": 396404, "Plan Width": 29, "Actual Startup Time": 1831.643, "Actual Total Time": 1831.643, "Actual Rows": 4, "Actual Loops": 1, "Hash Buckets": 524288, "Hash Batches": 1, "Original Hash Batches": 1, "Peak Memory Usage": 1, "Plans": [{"Node Type": "Hash Join", "Parent Relationship": "Outer", "Join Type": "Inner", "Startup Cost": 139045.65, "Total Cost": 158545.55, "Plan Rows": 396404, "Plan Width": 29, "Actual Startup Time": 1831.606, "Actual Total Time": 1831.616, "Actual Rows": 4, "Actual Loops": 1, "Inner Unique": true, "Hash Cond": "(mi_idx.movie_id = t.id), (LLVM Optimized, Jit Execute)", "Plans": [{"Node Type": "Nested Loop", "Parent Relationship": "Outer", "Join Type": "Inner", "Startup Cost": 7510.87, "Total Cost": 21752.95, "Plan Rows": 345008, "Plan Width": 4, "Actual Startup Time": 0.134, "Actual Total Time": 0.145, "Actual Rows": 10, "Actual Loops": 1, "Inner Unique": false, "Plans": [{"Node Type": "Bitmap Heap Scan", "Parent Relationship": "Outer", "Relation Name": "info_type", "Alias": "it", "Startup Cost": 8.81, "Total Cost": 14.21, "Plan Rows": 1, "Plan Width": 4, "Actual Startup Time": 0.093, "Actual Total Time": 0.094, "Actual Rows": 1, "Actual Loops": 1, "Filter": "((info)::text = 'bottom 10 rank'::text)", "Rows Removed by Filter": 111, "Exact Heap Blocks": 1, "Lossy Heap Blocks": 1, "Plans": [{"Node Type": "Bitmap Index Scan", "Parent Relationship": "Outer", "Index Name": "info_type_pkey", "Startup Cost": 0.0, "Total Cost": 8.81, "Plan Rows": 112, "Plan Width": 0, "Actual Startup Time": 0.019, "Actual Total Time": 0.019, "Actual Rows": 112, "Actual Loops": 1}]}, {"Node Type": "Bitmap Heap Scan", "Parent Relationship": "Inner", "Relation Name": "movie_info_idx", "Alias": "mi_idx", "Startup Cost": 7502.06, "Total Cost": 18288.66, "Plan Rows": 345008, "Plan Width": 8, "Actual Startup Time": 0.028, "Actual Total Time": 0.032, "Actual Rows": 10, "Actual Loops": 1, "Recheck Cond": "(info_type_id = it.id), (LLVM Optimized, Jit Execute)", "Rows Removed by Index Recheck": 0, "Exact Heap Blocks": 1, "Lossy Heap Blocks": 1, "Plans": [{"Node Type": "Bitmap Index Scan", "Parent Relationship": "Outer", "Index Name": "info_type_id_movie_info_idx", "Startup Cost": 0.0, "Total Cost": 7415.81, "Plan Rows": 345008, "Plan Width": 0, "Actual Startup Time": 0.013, "Actual Total Time": 0.013, "Actual Rows": 10, "Actual Loops": 1, "Index Cond": "(info_type_id = it.id)"}]}]}, {"Node Type": "Hash", "Parent Relationship": "Inner", "Startup Cost": 122544.28, "Total Cost": 122544.28, "Plan Rows": 719240, "Plan Width": 25, "Actual Startup Time": 1830.245, "Actual Total Time": 1830.245, "Actual Rows": 716259, "Actual Loops": 1, "Hash Buckets": 1048576, "Hash Batches": 1, "Original Hash Batches": 1, "Peak Memory Usage": 41052, "Plans": [{"Node Type": "Bitmap Heap Scan", "Parent Relationship": "Outer", "Relation Name": "title", "Alias": "t", "Startup Cost": 49833.61, "Total Cost": 122544.28, "Plan Rows": 719240, "Plan Width": 25, "Actual Startup Time": 311.902, "Actual Total Time": 1515.668, "Actual Rows": 716259, "Actual Loops": 1, "Filter": "((production_year >= 2005) AND (production_year <= 2010)), (LLVM Optimized, Jit Execute)", "Rows Removed by Filter": 1812052, "Exact Heap Blocks": 34786, "Lossy Heap Blocks": 34786, "Plans": [{"Node Type": "Bitmap Index Scan", "Parent Relationship": "Outer", "Index Name": "title_pkey", "Startup Cost": 0.0, "Total Cost": 49653.81, "Plan Rows": 2528311, "Plan Width": 0, "Actual Startup Time": 303.867, "Actual Total Time": 303.867, "Actual Rows": 2528311, "Actual Loops": 1}]}]}]}]}]}]}, "Triggers": [], "Planner Runtime": 9.336, "Total Runtime": 2491.956, "Unique SQL Id": 1162488282}}, "(64, '104')": {"explain_plan": {"Plan": {"Node Type": "Aggregate", "Strategy": "Plain", "Startup Cost": 200839.08, "Total Cost": 200839.09, "Plan Rows": 1, "Plan Width": 113, "Plans": [{"Node Type": "Hash Join", "Parent Relationship": "Outer", "Join Type": "Inner", "Startup Cost": 125363.9, "Total Cost": 197483.05, "Plan Rows": 447470, "Plan Width": 45, "Inner Unique": true, "Hash Cond": "(mc.company_type_id = ct.id), (LLVM Optimized)", "Plans": [{"Node Type": "Hash Join", "Parent Relationship": "Outer", "Join Type": "Inner", "Startup Cost": 125362.85, "Total Cost": 193012.49, "Plan Rows": 549199, "Plan Width": 49, "Inner Unique": false, "Hash Cond": "(mc.movie_id = t.id), (LLVM Optimized)", "Plans": [{"Node Type": "Seq Scan", "Parent Relationship": "Outer", "Relation Name": "movie_companies", "Alias": "mc", "Startup Cost": 0.0, "Total Cost": 48340.1, "Plan Rows": 2609035, "Plan Width": 32, "Filter": "((note)::text !~~ '%(as Metro-Goldwyn-Mayer Pictures)%'::text), (LLVM Optimized)"}, {"Node Type": "Hash", "Parent Relationship": "Inner", "Startup Cost": 120407.8, "Total Cost": 120407.8, "Plan Rows": 396404, "Plan Width": 29, "Plans": [{"Node Type": "Hash Join", "Parent Relationship": "Outer", "Join Type": "Inner", "Startup Cost": 87966.85, "Total Cost": 120407.8, "Plan Rows": 396404, "Plan Width": 29, "Inner Unique": true, "Hash Cond": "(mi_idx.movie_id = t.id), (LLVM Optimized)", "Plans": [{"Node Type": "Hash Join", "Parent Relationship": "Outer", "Join Type": "Inner", "Startup Cost": 2.41, "Total Cost": 27185.54, "Plan Rows": 345008, "Plan Width": 4, "Inner Unique": true, "Hash Cond": "(mi_idx.info_type_id = it.id), (LLVM Optimized)", "Plans": [{"Node Type": "Seq Scan", "Parent Relationship": "Outer", "Relation Name": "movie_info_idx", "Alias": "mi_idx", "Startup Cost": 0.0, "Total Cost": 20274.34, "Plan Rows": 1380034, "Plan Width": 8}, {"Node Type": "Hash", "Parent Relationship": "Inner", "Startup Cost": 2.4, "Total Cost": 2.4, "Plan Rows": 1, "Plan Width": 4, "Plans": [{"Node Type": "Seq Scan", "Parent Relationship": "Outer", "Relation Name": "info_type", "Alias": "it", "Startup Cost": 0.0, "Total Cost": 2.4, "Plan Rows": 1, "Plan Width": 4, "Filter": "((info)::text = 'bottom 10 rank'::text)"}]}]}, {"Node Type": "Hash", "Parent Relationship": "Inner", "Startup Cost": 78973.94, "Total Cost": 78973.94, "Plan Rows": 719240, "Plan Width": 25, "Plans": [{"Node Type": "Streaming(type: LOCAL GATHER dop: 1/64)", "Parent Relationship": "Outer", "Startup Cost": 1813.35, "Total Cost": 78973.94, "Plan Rows": 719240, "Plan Width": 25, "Plans": [{"Node Type": "Seq Scan", "Parent Relationship": "Outer", "Relation Name": "title", "Alias": "t", "Startup Cost": 1813.35, "Total Cost": 64136.1, "Plan Rows": 719240, "Plan Width": 25, "Filter": "((production_year >= 2005) AND (production_year <= 2010)), (LLVM Optimized)"}]}]}]}]}]}, {"Node Type": "Hash", "Parent Relationship": "Inner", "Startup Cost": 1.04, "Total Cost": 1.04, "Plan Rows": 1, "Plan Width": 4, "Plans": [{"Node Type": "Seq Scan", "Parent Relationship": "Outer", "Relation Name": "company_type", "Alias": "ct", "Startup Cost": 0.0, "Total Cost": 1.04, "Plan Rows": 1, "Plan Width": 4, "Filter": "((kind)::text = 'production companies'::text)"}]}]}]}, "Unique SQL Id": 1162488282, "Planner Runtime": 7}, "explain_analyze_plan": {"Plan": {"Node Type": "Aggregate", "Strategy": "Plain", "Startup Cost": 200839.08, "Total Cost": 200839.09, "Plan Rows": 1, "Plan Width": 113, "Actual Min Startup Time": 2478.651, "Actual Max Startup Time": 2478.651, "Actual Min Total Time": 2478.651, "Actual Max Total Time": 2478.651, "Plans": [{"Node Type": "Hash Join", "Parent Relationship": "Outer", "Join Type": "Inner", "Startup Cost": 125363.9, "Total Cost": 197483.05, "Plan Rows": 447470, "Plan Width": 45, "Actual Min Startup Time": 2304.972, "Actual Max Startup Time": 2304.972, "Actual Min Total Time": 2478.612, "Actual Max Total Time": 2478.612, "Inner Unique": true, "Hash Cond": "(mc.company_type_id = ct.id), (LLVM Optimized, Jit Execute)", "Plans": [{"Node Type": "Hash Join", "Parent Relationship": "Outer", "Join Type": "Inner", "Startup Cost": 125362.85, "Total Cost": 193012.49, "Plan Rows": 549199, "Plan Width": 49, "Actual Min Startup Time": 1633.274, "Actual Max Startup Time": 1633.274, "Actual Min Total Time": 2478.314, "Actual Max Total Time": 2478.314, "Inner Unique": false, "Hash Cond": "(mc.movie_id = t.id), (LLVM Optimized, Jit Execute)", "Plans": [{"Node Type": "Seq Scan", "Parent Relationship": "Outer", "Relation Name": "movie_companies", "Alias": "mc", "Startup Cost": 0.0, "Total Cost": 48340.1, "Plan Rows": 2609035, "Plan Width": 32, "Actual Min Startup Time": 0.048, "Actual Max Startup Time": 0.048, "Actual Min Total Time": 915.023, "Actual Max Total Time": 915.023, "Filter": "((note)::text !~~ '%(as Metro-Goldwyn-Mayer Pictures)%'::text), (LLVM Optimized, Jit Execute)", "Rows Removed by Filter": 1272041, "Actual Rows": 1337087}, {"Node Type": "Hash", "Parent Relationship": "Inner", "Startup Cost": 120407.8, "Total Cost": 120407.8, "Plan Rows": 396404, "Plan Width": 29, "Actual Min Startup Time": 1300.215, "Actual Max Startup Time": 1300.215, "Actual Min Total Time": 1300.215, "Actual Max Total Time": 1300.215, "Max Hash Buckets": 524288, "Min Hash Buckets": 524288, "Max Hash Batches": 1, "Min Hash Batches": 1, "Max Original Hash Batches": 1, "Min Original Hash Batches": 1, "Max Peak Memory Usage": 1, "min Peak Memory Usage": 1, "Plans": [{"Node Type": "Hash Join", "Parent Relationship": "Outer", "Join Type": "Inner", "Startup Cost": 87966.85, "Total Cost": 120407.8, "Plan Rows": 396404, "Plan Width": 29, "Actual Min Startup Time": 1300.153, "Actual Max Startup Time": 1300.153, "Actual Min Total Time": 1300.201, "Actual Max Total Time": 1300.201, "Inner Unique": true, "Hash Cond": "(mi_idx.movie_id = t.id), (LLVM Optimized, Jit Execute)", "Plans": [{"Node Type": "Hash Join", "Parent Relationship": "Outer", "Join Type": "Inner", "Startup Cost": 2.41, "Total Cost": 27185.54, "Plan Rows": 345008, "Plan Width": 4, "Actual Min Startup Time": 531.151, "Actual Max Startup Time": 531.151, "Actual Min Total Time": 531.158, "Actual Max Total Time": 531.158, "Inner Unique": true, "Hash Cond": "(mi_idx.info_type_id = it.id), (LLVM Optimized, Jit Execute)", "Plans": [{"Node Type": "Seq Scan", "Parent Relationship": "Outer", "Relation Name": "movie_info_idx", "Alias": "mi_idx", "Startup Cost": 0.0, "Total Cost": 20274.34, "Plan Rows": 1380034, "Plan Width": 8, "Actual Min Startup Time": 0.043, "Actual Max Startup Time": 0.043, "Actual Min Total Time": 300.571, "Actual Max Total Time": 300.571, "Actual Rows": 1380034}, {"Node Type": "Hash", "Parent Relationship": "Inner", "Startup Cost": 2.4, "Total Cost": 2.4, "Plan Rows": 1, "Plan Width": 4, "Actual Min Startup Time": 0.089, "Actual Max Startup Time": 0.089, "Actual Min Total Time": 0.089, "Actual Max Total Time": 0.089, "Max Hash Buckets": 32768, "Min Hash Buckets": 32768, "Max Hash Batches": 1, "Min Hash Batches": 1, "Max Original Hash Batches": 1, "Min Original Hash Batches": 1, "Max Peak Memory Usage": 1, "min Peak Memory Usage": 1, "Plans": [{"Node Type": "Seq Scan", "Parent Relationship": "Outer", "Relation Name": "info_type", "Alias": "it", "Startup Cost": 0.0, "Total Cost": 2.4, "Plan Rows": 1, "Plan Width": 4, "Actual Min Startup Time": 0.074, "Actual Max Startup Time": 0.074, "Actual Min Total Time": 0.077, "Actual Max Total Time": 0.077, "Filter": "((info)::text = 'bottom 10 rank'::text)", "Rows Removed by Filter": 111, "Actual Rows": 1}], "Actual Rows": 1}], "Actual Rows": 10}, {"Node Type": "Hash", "Parent Relationship": "Inner", "Startup Cost": 78973.94, "Total Cost": 78973.94, "Plan Rows": 719240, "Plan Width": 25, "Actual Min Startup Time": 767.713, "Actual Max Startup Time": 767.713, "Actual Min Total Time": 767.713, "Actual Max Total Time": 767.713, "Max Hash Buckets": 1048576, "Min Hash Buckets": 1048576, "Max Hash Batches": 1, "Min Hash Batches": 1, "Max Original Hash Batches": 1, "Min Original Hash Batches": 1, "Max Peak Memory Usage": 41052, "min Peak Memory Usage": 41052, "Plans": [{"Node Type": "Streaming(type: LOCAL GATHER dop: 1/64)", "Parent Relationship": "Outer", "Startup Cost": 1813.35, "Total Cost": 78973.94, "Plan Rows": 719240, "Plan Width": 25, "Actual Min Startup Time": 46.843, "Actual Max Startup Time": 46.843, "Actual Min Total Time": 498.917, "Actual Max Total Time": 498.917, "Plans": [{"Node Type": "Seq Scan", "Parent Relationship": "Outer", "Relation Name": "title", "Alias": "t", "Startup Cost": 1813.35, "Total Cost": 64136.1, "Plan Rows": 719240, "Plan Width": 25, "Actual Min Startup Time": 0.029, "Actual Max Startup Time": 0.066, "Actual Min Total Time": 15.489, "Actual Max Total Time": 19.26, "Filter": "((production_year >= 2005) AND (production_year <= 2010)), (LLVM Optimized, Jit Execute)", "Rows Removed by Filter": 1812052, "Actual Rows": 716259}], "Actual Rows": 716259}], "Actual Rows": 716259}], "Actual Rows": 4}], "Actual Rows": 4}], "Actual Rows": 66}, {"Node Type": "Hash", "Parent Relationship": "Inner", "Startup Cost": 1.04, "Total Cost": 1.04, "Plan Rows": 1, "Plan Width": 4, "Actual Min Startup Time": 0.059, "Actual Max Startup Time": 0.059, "Actual Min Total Time": 0.059, "Actual Max Total Time": 0.059, "Max Hash Buckets": 32768, "Min Hash Buckets": 32768, "Max Hash Batches": 1, "Min Hash Batches": 1, "Max Original Hash Batches": 1, "Min Original Hash Batches": 1, "Max Peak Memory Usage": 1, "min Peak Memory Usage": 1, "Plans": [{"Node Type": "Seq Scan", "Parent Relationship": "Outer", "Relation Name": "company_type", "Alias": "ct", "Startup Cost": 0.0, "Total Cost": 1.04, "Plan Rows": 1, "Plan Width": 4, "Actual Min Startup Time": 0.039, "Actual Max Startup Time": 0.039, "Actual Min Total Time": 0.042, "Actual Max Total Time": 0.042, "Filter": "((kind)::text = 'production companies'::text)", "Rows Removed by Filter": 2, "Actual Rows": 1}], "Actual Rows": 1}], "Actual Rows": 3}], "Actual Rows": 1}, "Triggers": [], "Planner Runtime": 12.541, "Total Runtime": 2502.712, "Unique SQL Id": 1162488282}}, "(64, '105')": {"explain_plan": {"Plan": {"Node Type": "Aggregate", "Strategy": "Plain", "Startup Cost": 264407.24, "Total Cost": 264407.25, "Plan Rows": 1, "Plan Width": 113, "Plans": [{"Node Type": "Hash Join", "Parent Relationship": "Outer", "Join Type": "Inner", "Startup Cost": 180303.61, "Total Cost": 261051.22, "Plan Rows": 447470, "Plan Width": 45, "Inner Unique": false, "Hash Cond": "(mc.movie_id = t.id), (LLVM Optimized)", "Plans": [{"Node Type": "Nested Loop", "Parent Relationship": "Outer", "Join Type": "Inner", "Startup Cost": 0.0, "Total Cost": 69436.41, "Plan Rows": 1304518, "Plan Width": 28, "Inner Unique": false, "Plans": [{"Node Type": "Index Scan", "Parent Relationship": "Outer", "Scan Direction": "Forward", "Index Name": "company_type_pkey", "Relation Name": "company_type", "Alias": "ct", "Startup Cost": 0.0, "Total Cost": 12.3, "Plan Rows": 1, "Plan Width": 4, "Filter": "((kind)::text = 'production companies'::text)"}, {"Node Type": "Index Scan", "Parent Relationship": "Inner", "Scan Direction": "Forward", "Index Name": "company_type_id_movie_companies", "Relation Name": "movie_companies", "Alias": "mc", "Startup Cost": 0.0, "Total Cost": 56378.94, "Plan Rows": 1304517, "Plan Width": 32, "Index Cond": "(company_type_id = ct.id), (LLVM Optimized)", "Filter": "((note)::text !~~ '%(as Metro-Goldwyn-Mayer Pictures)%'::text), (LLVM Optimized)"}]}, {"Node Type": "Hash", "Parent Relationship": "Inner", "Startup Cost": 175348.56, "Total Cost": 175348.56, "Plan Rows": 396404, "Plan Width": 29, "Plans": [{"Node Type": "Hash Join", "Parent Relationship": "Outer", "Join Type": "Inner", "Startup Cost": 131752.54, "Total Cost": 175348.56, "Plan Rows": 396404, "Plan Width": 29, "Inner Unique": true, "Hash Cond": "(mi_idx.movie_id = t.id), (LLVM Optimized)", "Plans": [{"Node Type": "Nested Loop", "Parent Relationship": "Outer", "Join Type": "Inner", "Startup Cost": 0.0, "Total Cost": 38338.2, "Plan Rows": 345008, "Plan Width": 4, "Inner Unique": false, "Plans": [{"Node Type": "Index Scan", "Parent Relationship": "Outer", "Scan Direction": "Forward", "Index Name": "info_type_pkey", "Relation Name": "info_type", "Alias": "it", "Startup Cost": 0.0, "Total Cost": 14.21, "Plan Rows": 1, "Plan Width": 4, "Filter": "((info)::text = 'bottom 10 rank'::text)"}, {"Node Type": "Index Scan", "Parent Relationship": "Inner", "Scan Direction": "Forward", "Index Name": "info_type_id_movie_info_idx", "Relation Name": "movie_info_idx", "Alias": "mi_idx", "Startup Cost": 0.0, "Total Cost": 34873.91, "Plan Rows": 345008, "Plan Width": 8, "Index Cond": "(info_type_id = it.id), (LLVM Optimized)"}]}, {"Node Type": "Hash", "Parent Relationship": "Inner", "Startup Cost": 122762.04, "Total Cost": 122762.04, "Plan Rows": 719240, "Plan Width": 25, "Plans": [{"Node Type": "Index Scan", "Parent Relationship": "Outer", "Scan Direction": "Forward", "Index Name": "title_pkey", "Relation Name": "title", "Alias": "t", "Startup Cost": 0.0, "Total Cost": 122762.04, "Plan Rows": 719240, "Plan Width": 25, "Filter": "((production_year >= 2005) AND (production_year <= 2010)), (LLVM Optimized)"}]}]}]}]}]}, "Unique SQL Id": 1162488282, "Planner Runtime": 5}, "explain_analyze_plan": null}, "(64, '106')": {"explain_plan": {"Plan": {"Node Type": "Aggregate", "Strategy": "Plain", "Startup Cost": 200839.08, "Total Cost": 200839.09, "Plan Rows": 1, "Plan Width": 113, "Plans": [{"Node Type": "Hash Join", "Parent Relationship": "Outer", "Join Type": "Inner", "Startup Cost": 125363.9, "Total Cost": 197483.05, "Plan Rows": 447470, "Plan Width": 45, "Inner Unique": true, "Hash Cond": "(mc.company_type_id = ct.id), (LLVM Optimized)", "Plans": [{"Node Type": "Hash Join", "Parent Relationship": "Outer", "Join Type": "Inner", "Startup Cost": 125362.85, "Total Cost": 193012.49, "Plan Rows": 549199, "Plan Width": 49, "Inner Unique": false, "Hash Cond": "(mc.movie_id = t.id), (LLVM Optimized)", "Plans": [{"Node Type": "Seq Scan", "Parent Relationship": "Outer", "Relation Name": "movie_companies", "Alias": "mc", "Startup Cost": 0.0, "Total Cost": 48340.1, "Plan Rows": 2609035, "Plan Width": 32, "Filter": "((note)::text !~~ '%(as Metro-Goldwyn-Mayer Pictures)%'::text), (LLVM Optimized)"}, {"Node Type": "Hash", "Parent Relationship": "Inner", "Startup Cost": 120407.8, "Total Cost": 120407.8, "Plan Rows": 396404, "Plan Width": 29, "Plans": [{"Node Type": "Hash Join", "Parent Relationship": "Outer", "Join Type": "Inner", "Startup Cost": 87966.85, "Total Cost": 120407.8, "Plan Rows": 396404, "Plan Width": 29, "Inner Unique": true, "Hash Cond": "(mi_idx.movie_id = t.id), (LLVM Optimized)", "Plans": [{"Node Type": "Hash Join", "Parent Relationship": "Outer", "Join Type": "Inner", "Startup Cost": 2.41, "Total Cost": 27185.54, "Plan Rows": 345008, "Plan Width": 4, "Inner Unique": true, "Hash Cond": "(mi_idx.info_type_id = it.id), (LLVM Optimized)", "Plans": [{"Node Type": "Seq Scan", "Parent Relationship": "Outer", "Relation Name": "movie_info_idx", "Alias": "mi_idx", "Startup Cost": 0.0, "Total Cost": 20274.34, "Plan Rows": 1380034, "Plan Width": 8}, {"Node Type": "Hash", "Parent Relationship": "Inner", "Startup Cost": 2.4, "Total Cost": 2.4, "Plan Rows": 1, "Plan Width": 4, "Plans": [{"Node Type": "Seq Scan", "Parent Relationship": "Outer", "Relation Name": "info_type", "Alias": "it", "Startup Cost": 0.0, "Total Cost": 2.4, "Plan Rows": 1, "Plan Width": 4, "Filter": "((info)::text = 'bottom 10 rank'::text)"}]}]}, {"Node Type": "Hash", "Parent Relationship": "Inner", "Startup Cost": 78973.94, "Total Cost": 78973.94, "Plan Rows": 719240, "Plan Width": 25, "Plans": [{"Node Type": "Streaming(type: LOCAL GATHER dop: 1/64)", "Parent Relationship": "Outer", "Startup Cost": 1813.35, "Total Cost": 78973.94, "Plan Rows": 719240, "Plan Width": 25, "Plans": [{"Node Type": "Seq Scan", "Parent Relationship": "Outer", "Relation Name": "title", "Alias": "t", "Startup Cost": 1813.35, "Total Cost": 64136.1, "Plan Rows": 719240, "Plan Width": 25, "Filter": "((production_year >= 2005) AND (production_year <= 2010)), (LLVM Optimized)"}]}]}]}]}]}, {"Node Type": "Hash", "Parent Relationship": "Inner", "Startup Cost": 1.04, "Total Cost": 1.04, "Plan Rows": 1, "Plan Width": 4, "Plans": [{"Node Type": "Seq Scan", "Parent Relationship": "Outer", "Relation Name": "company_type", "Alias": "ct", "Startup Cost": 0.0, "Total Cost": 1.04, "Plan Rows": 1, "Plan Width": 4, "Filter": "((kind)::text = 'production companies'::text)"}]}]}]}, "Unique SQL Id": 1162488282, "Planner Runtime": 6}, "explain_analyze_plan": {"Plan": {"Node Type": "Aggregate", "Strategy": "Plain", "Startup Cost": 200839.08, "Total Cost": 200839.09, "Plan Rows": 1, "Plan Width": 113, "Actual Min Startup Time": 2478.651, "Actual Max Startup Time": 2478.651, "Actual Min Total Time": 2478.651, "Actual Max Total Time": 2478.651, "Plans": [{"Node Type": "Hash Join", "Parent Relationship": "Outer", "Join Type": "Inner", "Startup Cost": 125363.9, "Total Cost": 197483.05, "Plan Rows": 447470, "Plan Width": 45, "Actual Min Startup Time": 2304.972, "Actual Max Startup Time": 2304.972, "Actual Min Total Time": 2478.612, "Actual Max Total Time": 2478.612, "Inner Unique": true, "Hash Cond": "(mc.company_type_id = ct.id), (LLVM Optimized, Jit Execute)", "Plans": [{"Node Type": "Hash Join", "Parent Relationship": "Outer", "Join Type": "Inner", "Startup Cost": 125362.85, "Total Cost": 193012.49, "Plan Rows": 549199, "Plan Width": 49, "Actual Min Startup Time": 1633.274, "Actual Max Startup Time": 1633.274, "Actual Min Total Time": 2478.314, "Actual Max Total Time": 2478.314, "Inner Unique": false, "Hash Cond": "(mc.movie_id = t.id), (LLVM Optimized, Jit Execute)", "Plans": [{"Node Type": "Seq Scan", "Parent Relationship": "Outer", "Relation Name": "movie_companies", "Alias": "mc", "Startup Cost": 0.0, "Total Cost": 48340.1, "Plan Rows": 2609035, "Plan Width": 32, "Actual Min Startup Time": 0.048, "Actual Max Startup Time": 0.048, "Actual Min Total Time": 915.023, "Actual Max Total Time": 915.023, "Filter": "((note)::text !~~ '%(as Metro-Goldwyn-Mayer Pictures)%'::text), (LLVM Optimized, Jit Execute)", "Rows Removed by Filter": 1272041, "Actual Rows": 1337087}, {"Node Type": "Hash", "Parent Relationship": "Inner", "Startup Cost": 120407.8, "Total Cost": 120407.8, "Plan Rows": 396404, "Plan Width": 29, "Actual Min Startup Time": 1300.215, "Actual Max Startup Time": 1300.215, "Actual Min Total Time": 1300.215, "Actual Max Total Time": 1300.215, "Max Hash Buckets": 524288, "Min Hash Buckets": 524288, "Max Hash Batches": 1, "Min Hash Batches": 1, "Max Original Hash Batches": 1, "Min Original Hash Batches": 1, "Max Peak Memory Usage": 1, "min Peak Memory Usage": 1, "Plans": [{"Node Type": "Hash Join", "Parent Relationship": "Outer", "Join Type": "Inner", "Startup Cost": 87966.85, "Total Cost": 120407.8, "Plan Rows": 396404, "Plan Width": 29, "Actual Min Startup Time": 1300.153, "Actual Max Startup Time": 1300.153, "Actual Min Total Time": 1300.201, "Actual Max Total Time": 1300.201, "Inner Unique": true, "Hash Cond": "(mi_idx.movie_id = t.id), (LLVM Optimized, Jit Execute)", "Plans": [{"Node Type": "Hash Join", "Parent Relationship": "Outer", "Join Type": "Inner", "Startup Cost": 2.41, "Total Cost": 27185.54, "Plan Rows": 345008, "Plan Width": 4, "Actual Min Startup Time": 531.151, "Actual Max Startup Time": 531.151, "Actual Min Total Time": 531.158, "Actual Max Total Time": 531.158, "Inner Unique": true, "Hash Cond": "(mi_idx.info_type_id = it.id), (LLVM Optimized, Jit Execute)", "Plans": [{"Node Type": "Seq Scan", "Parent Relationship": "Outer", "Relation Name": "movie_info_idx", "Alias": "mi_idx", "Startup Cost": 0.0, "Total Cost": 20274.34, "Plan Rows": 1380034, "Plan Width": 8, "Actual Min Startup Time": 0.043, "Actual Max Startup Time": 0.043, "Actual Min Total Time": 300.571, "Actual Max Total Time": 300.571, "Actual Rows": 1380034}, {"Node Type": "Hash", "Parent Relationship": "Inner", "Startup Cost": 2.4, "Total Cost": 2.4, "Plan Rows": 1, "Plan Width": 4, "Actual Min Startup Time": 0.089, "Actual Max Startup Time": 0.089, "Actual Min Total Time": 0.089, "Actual Max Total Time": 0.089, "Max Hash Buckets": 32768, "Min Hash Buckets": 32768, "Max Hash Batches": 1, "Min Hash Batches": 1, "Max Original Hash Batches": 1, "Min Original Hash Batches": 1, "Max Peak Memory Usage": 1, "min Peak Memory Usage": 1, "Plans": [{"Node Type": "Seq Scan", "Parent Relationship": "Outer", "Relation Name": "info_type", "Alias": "it", "Startup Cost": 0.0, "Total Cost": 2.4, "Plan Rows": 1, "Plan Width": 4, "Actual Min Startup Time": 0.074, "Actual Max Startup Time": 0.074, "Actual Min Total Time": 0.077, "Actual Max Total Time": 0.077, "Filter": "((info)::text = 'bottom 10 rank'::text)", "Rows Removed by Filter": 111, "Actual Rows": 1}], "Actual Rows": 1}], "Actual Rows": 10}, {"Node Type": "Hash", "Parent Relationship": "Inner", "Startup Cost": 78973.94, "Total Cost": 78973.94, "Plan Rows": 719240, "Plan Width": 25, "Actual Min Startup Time": 767.713, "Actual Max Startup Time": 767.713, "Actual Min Total Time": 767.713, "Actual Max Total Time": 767.713, "Max Hash Buckets": 1048576, "Min Hash Buckets": 1048576, "Max Hash Batches": 1, "Min Hash Batches": 1, "Max Original Hash Batches": 1, "Min Original Hash Batches": 1, "Max Peak Memory Usage": 41052, "min Peak Memory Usage": 41052, "Plans": [{"Node Type": "Streaming(type: LOCAL GATHER dop: 1/64)", "Parent Relationship": "Outer", "Startup Cost": 1813.35, "Total Cost": 78973.94, "Plan Rows": 719240, "Plan Width": 25, "Actual Min Startup Time": 46.843, "Actual Max Startup Time": 46.843, "Actual Min Total Time": 498.917, "Actual Max Total Time": 498.917, "Plans": [{"Node Type": "Seq Scan", "Parent Relationship": "Outer", "Relation Name": "title", "Alias": "t", "Startup Cost": 1813.35, "Total Cost": 64136.1, "Plan Rows": 719240, "Plan Width": 25, "Actual Min Startup Time": 0.029, "Actual Max Startup Time": 0.066, "Actual Min Total Time": 15.489, "Actual Max Total Time": 19.26, "Filter": "((production_year >= 2005) AND (production_year <= 2010)), (LLVM Optimized, Jit Execute)", "Rows Removed by Filter": 1812052, "Actual Rows": 716259}], "Actual Rows": 716259}], "Actual Rows": 716259}], "Actual Rows": 4}], "Actual Rows": 4}], "Actual Rows": 66}, {"Node Type": "Hash", "Parent Relationship": "Inner", "Startup Cost": 1.04, "Total Cost": 1.04, "Plan Rows": 1, "Plan Width": 4, "Actual Min Startup Time": 0.059, "Actual Max Startup Time": 0.059, "Actual Min Total Time": 0.059, "Actual Max Total Time": 0.059, "Max Hash Buckets": 32768, "Min Hash Buckets": 32768, "Max Hash Batches": 1, "Min Hash Batches": 1, "Max Original Hash Batches": 1, "Min Original Hash Batches": 1, "Max Peak Memory Usage": 1, "min Peak Memory Usage": 1, "Plans": [{"Node Type": "Seq Scan", "Parent Relationship": "Outer", "Relation Name": "company_type", "Alias": "ct", "Startup Cost": 0.0, "Total Cost": 1.04, "Plan Rows": 1, "Plan Width": 4, "Actual Min Startup Time": 0.039, "Actual Max Startup Time": 0.039, "Actual Min Total Time": 0.042, "Actual Max Total Time": 0.042, "Filter": "((kind)::text = 'production companies'::text)", "Rows Removed by Filter": 2, "Actual Rows": 1}], "Actual Rows": 1}], "Actual Rows": 3}], "Actual Rows": 1}, "Triggers": [], "Planner Runtime": 12.541, "Total Runtime": 2502.712, "Unique SQL Id": 1162488282}}, "(64, '107')": {"explain_plan": {"Plan": {"Node Type": "Aggregate", "Strategy": "Plain", "Startup Cost": 5000019818432.23, "Total Cost": 5000019818432.24, "Plan Rows": 1, "Plan Width": 113, "Plans": [{"Node Type": "Hash Join", "Parent Relationship": "Outer", "Join Type": "Inner", "Startup Cost": 3020014123244.79, "Total Cost": 5000019815076.21, "Plan Rows": 447470, "Plan Width": 45, "Inner Unique": true, "Hash Cond": "(mc.movie_id = t.id), (LLVM Optimized)", "Plans": [{"Node Type": "Hash Join", "Parent Relationship": "Outer", "Join Type": "Inner", "Startup Cost": 2020001838049.88, "Total Cost": 4000007523527.17, "Plan Rows": 501180, "Plan Width": 32, "Inner Unique": false, "Hash Cond": "(mc.movie_id = mi_idx.movie_id), (LLVM Optimized)", "Plans": [{"Node Type": "Nested Loop", "Parent Relationship": "Outer", "Join Type": "Inner", "Startup Cost": 20000000000.0, "Total Cost": 2000005652169.42, "Plan Rows": 1304518, "Plan Width": 28, "Inner Unique": false, "Plans": [{"Node Type": "Index Scan", "Parent Relationship": "Outer", "Scan Direction": "Forward", "Index Name": "company_type_pkey", "Relation Name": "company_type", "Alias": "ct", "Startup Cost": 10000000000.0, "Total Cost": 1000000001230.25, "Plan Rows": 1, "Plan Width": 4, "Filter": "((kind)::text = 'production companies'::text)"}, {"Node Type": "Index Scan", "Parent Relationship": "Inner", "Scan Direction": "Forward", "Index Name": "company_type_id_movie_companies", "Relation Name": "movie_companies", "Alias": "mc", "Startup Cost": 10000000000.0, "Total Cost": 1000005637894.0, "Plan Rows": 1304517, "Plan Width": 32, "Index Cond": "(company_type_id = ct.id), (LLVM Optimized)", "Filter": "((note)::text !~~ '%(as Metro-Goldwyn-Mayer Pictures)%'::text), (LLVM Optimized)"}]}, {"Node Type": "Hash", "Parent Relationship": "Inner", "Startup Cost": 2000001833737.28, "Total Cost": 2000001833737.28, "Plan Rows": 345008, "Plan Width": 4, "Plans": [{"Node Type": "Nested Loop", "Parent Relationship": "Outer", "Join Type": "Inner", "Startup Cost": 20000007502.06, "Total Cost": 2000001833737.28, "Plan Rows": 345008, "Plan Width": 4, "Inner Unique": false, "Plans": [{"Node Type": "Index Scan", "Parent Relationship": "Outer", "Scan Direction": "Forward", "Index Name": "info_type_pkey", "Relation Name": "info_type", "Alias": "it", "Startup Cost": 10000000000.0, "Total Cost": 1000000001421.0, "Plan Rows": 1, "Plan Width": 4, "Filter": "((info)::text = 'bottom 10 rank'::text)"}, {"Node Type": "Bitmap Heap Scan", "Parent Relationship": "Inner", "Relation Name": "movie_info_idx", "Alias": "mi_idx", "Startup Cost": 10000007502.06, "Total Cost": 1000001828866.2, "Plan Rows": 345008, "Plan Width": 8, "Recheck Cond": "(info_type_id = it.id), (LLVM Optimized)", "Plans": [{"Node Type": "Bitmap Index Scan", "Parent Relationship": "Outer", "Index Name": "info_type_id_movie_info_idx", "Startup Cost": 0.0, "Total Cost": 7415.81, "Plan Rows": 345008, "Plan Width": 0, "Index Cond": "(info_type_id = it.id)"}]}]}]}]}, {"Node Type": "Hash", "Parent Relationship": "Inner", "Startup Cost": 1000012276204.41, "Total Cost": 1000012276204.41, "Plan Rows": 719240, "Plan Width": 25, "Plans": [{"Node Type": "Index Scan", "Parent Relationship": "Outer", "Scan Direction": "Forward", "Index Name": "title_pkey", "Relation Name": "title", "Alias": "t", "Startup Cost": 10000000000.0, "Total Cost": 1000012276204.41, "Plan Rows": 719240, "Plan Width": 25, "Filter": "((production_year >= 2005) AND (production_year <= 2010)), (LLVM Optimized)"}]}]}]}, "Unique SQL Id": 1162488282, "Planner Runtime": 5}, "explain_analyze_plan": null}, "(64, '108')": {"explain_plan": {"Plan": {"Node Type": "Aggregate", "Strategy": "Plain", "Startup Cost": 200839.08, "Total Cost": 200839.09, "Plan Rows": 1, "Plan Width": 113, "Plans": [{"Node Type": "Hash Join", "Parent Relationship": "Outer", "Join Type": "Inner", "Startup Cost": 125363.9, "Total Cost": 197483.05, "Plan Rows": 447470, "Plan Width": 45, "Inner Unique": true, "Hash Cond": "(mc.company_type_id = ct.id), (LLVM Optimized)", "Plans": [{"Node Type": "Hash Join", "Parent Relationship": "Outer", "Join Type": "Inner", "Startup Cost": 125362.85, "Total Cost": 193012.49, "Plan Rows": 549199, "Plan Width": 49, "Inner Unique": false, "Hash Cond": "(mc.movie_id = t.id), (LLVM Optimized)", "Plans": [{"Node Type": "Seq Scan", "Parent Relationship": "Outer", "Relation Name": "movie_companies", "Alias": "mc", "Startup Cost": 0.0, "Total Cost": 48340.1, "Plan Rows": 2609035, "Plan Width": 32, "Filter": "((note)::text !~~ '%(as Metro-Goldwyn-Mayer Pictures)%'::text), (LLVM Optimized)"}, {"Node Type": "Hash", "Parent Relationship": "Inner", "Startup Cost": 120407.8, "Total Cost": 120407.8, "Plan Rows": 396404, "Plan Width": 29, "Plans": [{"Node Type": "Hash Join", "Parent Relationship": "Outer", "Join Type": "Inner", "Startup Cost": 87966.85, "Total Cost": 120407.8, "Plan Rows": 396404, "Plan Width": 29, "Inner Unique": true, "Hash Cond": "(mi_idx.movie_id = t.id), (LLVM Optimized)", "Plans": [{"Node Type": "Hash Join", "Parent Relationship": "Outer", "Join Type": "Inner", "Startup Cost": 2.41, "Total Cost": 27185.54, "Plan Rows": 345008, "Plan Width": 4, "Inner Unique": true, "Hash Cond": "(mi_idx.info_type_id = it.id), (LLVM Optimized)", "Plans": [{"Node Type": "Seq Scan", "Parent Relationship": "Outer", "Relation Name": "movie_info_idx", "Alias": "mi_idx", "Startup Cost": 0.0, "Total Cost": 20274.34, "Plan Rows": 1380034, "Plan Width": 8}, {"Node Type": "Hash", "Parent Relationship": "Inner", "Startup Cost": 2.4, "Total Cost": 2.4, "Plan Rows": 1, "Plan Width": 4, "Plans": [{"Node Type": "Seq Scan", "Parent Relationship": "Outer", "Relation Name": "info_type", "Alias": "it", "Startup Cost": 0.0, "Total Cost": 2.4, "Plan Rows": 1, "Plan Width": 4, "Filter": "((info)::text = 'bottom 10 rank'::text)"}]}]}, {"Node Type": "Hash", "Parent Relationship": "Inner", "Startup Cost": 78973.94, "Total Cost": 78973.94, "Plan Rows": 719240, "Plan Width": 25, "Plans": [{"Node Type": "Streaming(type: LOCAL GATHER dop: 1/64)", "Parent Relationship": "Outer", "Startup Cost": 1813.35, "Total Cost": 78973.94, "Plan Rows": 719240, "Plan Width": 25, "Plans": [{"Node Type": "Seq Scan", "Parent Relationship": "Outer", "Relation Name": "title", "Alias": "t", "Startup Cost": 1813.35, "Total Cost": 64136.1, "Plan Rows": 719240, "Plan Width": 25, "Filter": "((production_year >= 2005) AND (production_year <= 2010)), (LLVM Optimized)"}]}]}]}]}]}, {"Node Type": "Hash", "Parent Relationship": "Inner", "Startup Cost": 1.04, "Total Cost": 1.04, "Plan Rows": 1, "Plan Width": 4, "Plans": [{"Node Type": "Seq Scan", "Parent Relationship": "Outer", "Relation Name": "company_type", "Alias": "ct", "Startup Cost": 0.0, "Total Cost": 1.04, "Plan Rows": 1, "Plan Width": 4, "Filter": "((kind)::text = 'production companies'::text)"}]}]}]}, "Unique SQL Id": 1162488282, "Planner Runtime": 8}, "explain_analyze_plan": {"Plan": {"Node Type": "Aggregate", "Strategy": "Plain", "Startup Cost": 200839.08, "Total Cost": 200839.09, "Plan Rows": 1, "Plan Width": 113, "Actual Min Startup Time": 2478.651, "Actual Max Startup Time": 2478.651, "Actual Min Total Time": 2478.651, "Actual Max Total Time": 2478.651, "Plans": [{"Node Type": "Hash Join", "Parent Relationship": "Outer", "Join Type": "Inner", "Startup Cost": 125363.9, "Total Cost": 197483.05, "Plan Rows": 447470, "Plan Width": 45, "Actual Min Startup Time": 2304.972, "Actual Max Startup Time": 2304.972, "Actual Min Total Time": 2478.612, "Actual Max Total Time": 2478.612, "Inner Unique": true, "Hash Cond": "(mc.company_type_id = ct.id), (LLVM Optimized, Jit Execute)", "Plans": [{"Node Type": "Hash Join", "Parent Relationship": "Outer", "Join Type": "Inner", "Startup Cost": 125362.85, "Total Cost": 193012.49, "Plan Rows": 549199, "Plan Width": 49, "Actual Min Startup Time": 1633.274, "Actual Max Startup Time": 1633.274, "Actual Min Total Time": 2478.314, "Actual Max Total Time": 2478.314, "Inner Unique": false, "Hash Cond": "(mc.movie_id = t.id), (LLVM Optimized, Jit Execute)", "Plans": [{"Node Type": "Seq Scan", "Parent Relationship": "Outer", "Relation Name": "movie_companies", "Alias": "mc", "Startup Cost": 0.0, "Total Cost": 48340.1, "Plan Rows": 2609035, "Plan Width": 32, "Actual Min Startup Time": 0.048, "Actual Max Startup Time": 0.048, "Actual Min Total Time": 915.023, "Actual Max Total Time": 915.023, "Filter": "((note)::text !~~ '%(as Metro-Goldwyn-Mayer Pictures)%'::text), (LLVM Optimized, Jit Execute)", "Rows Removed by Filter": 1272041, "Actual Rows": 1337087}, {"Node Type": "Hash", "Parent Relationship": "Inner", "Startup Cost": 120407.8, "Total Cost": 120407.8, "Plan Rows": 396404, "Plan Width": 29, "Actual Min Startup Time": 1300.215, "Actual Max Startup Time": 1300.215, "Actual Min Total Time": 1300.215, "Actual Max Total Time": 1300.215, "Max Hash Buckets": 524288, "Min Hash Buckets": 524288, "Max Hash Batches": 1, "Min Hash Batches": 1, "Max Original Hash Batches": 1, "Min Original Hash Batches": 1, "Max Peak Memory Usage": 1, "min Peak Memory Usage": 1, "Plans": [{"Node Type": "Hash Join", "Parent Relationship": "Outer", "Join Type": "Inner", "Startup Cost": 87966.85, "Total Cost": 120407.8, "Plan Rows": 396404, "Plan Width": 29, "Actual Min Startup Time": 1300.153, "Actual Max Startup Time": 1300.153, "Actual Min Total Time": 1300.201, "Actual Max Total Time": 1300.201, "Inner Unique": true, "Hash Cond": "(mi_idx.movie_id = t.id), (LLVM Optimized, Jit Execute)", "Plans": [{"Node Type": "Hash Join", "Parent Relationship": "Outer", "Join Type": "Inner", "Startup Cost": 2.41, "Total Cost": 27185.54, "Plan Rows": 345008, "Plan Width": 4, "Actual Min Startup Time": 531.151, "Actual Max Startup Time": 531.151, "Actual Min Total Time": 531.158, "Actual Max Total Time": 531.158, "Inner Unique": true, "Hash Cond": "(mi_idx.info_type_id = it.id), (LLVM Optimized, Jit Execute)", "Plans": [{"Node Type": "Seq Scan", "Parent Relationship": "Outer", "Relation Name": "movie_info_idx", "Alias": "mi_idx", "Startup Cost": 0.0, "Total Cost": 20274.34, "Plan Rows": 1380034, "Plan Width": 8, "Actual Min Startup Time": 0.043, "Actual Max Startup Time": 0.043, "Actual Min Total Time": 300.571, "Actual Max Total Time": 300.571, "Actual Rows": 1380034}, {"Node Type": "Hash", "Parent Relationship": "Inner", "Startup Cost": 2.4, "Total Cost": 2.4, "Plan Rows": 1, "Plan Width": 4, "Actual Min Startup Time": 0.089, "Actual Max Startup Time": 0.089, "Actual Min Total Time": 0.089, "Actual Max Total Time": 0.089, "Max Hash Buckets": 32768, "Min Hash Buckets": 32768, "Max Hash Batches": 1, "Min Hash Batches": 1, "Max Original Hash Batches": 1, "Min Original Hash Batches": 1, "Max Peak Memory Usage": 1, "min Peak Memory Usage": 1, "Plans": [{"Node Type": "Seq Scan", "Parent Relationship": "Outer", "Relation Name": "info_type", "Alias": "it", "Startup Cost": 0.0, "Total Cost": 2.4, "Plan Rows": 1, "Plan Width": 4, "Actual Min Startup Time": 0.074, "Actual Max Startup Time": 0.074, "Actual Min Total Time": 0.077, "Actual Max Total Time": 0.077, "Filter": "((info)::text = 'bottom 10 rank'::text)", "Rows Removed by Filter": 111, "Actual Rows": 1}], "Actual Rows": 1}], "Actual Rows": 10}, {"Node Type": "Hash", "Parent Relationship": "Inner", "Startup Cost": 78973.94, "Total Cost": 78973.94, "Plan Rows": 719240, "Plan Width": 25, "Actual Min Startup Time": 767.713, "Actual Max Startup Time": 767.713, "Actual Min Total Time": 767.713, "Actual Max Total Time": 767.713, "Max Hash Buckets": 1048576, "Min Hash Buckets": 1048576, "Max Hash Batches": 1, "Min Hash Batches": 1, "Max Original Hash Batches": 1, "Min Original Hash Batches": 1, "Max Peak Memory Usage": 41052, "min Peak Memory Usage": 41052, "Plans": [{"Node Type": "Streaming(type: LOCAL GATHER dop: 1/64)", "Parent Relationship": "Outer", "Startup Cost": 1813.35, "Total Cost": 78973.94, "Plan Rows": 719240, "Plan Width": 25, "Actual Min Startup Time": 46.843, "Actual Max Startup Time": 46.843, "Actual Min Total Time": 498.917, "Actual Max Total Time": 498.917, "Plans": [{"Node Type": "Seq Scan", "Parent Relationship": "Outer", "Relation Name": "title", "Alias": "t", "Startup Cost": 1813.35, "Total Cost": 64136.1, "Plan Rows": 719240, "Plan Width": 25, "Actual Min Startup Time": 0.029, "Actual Max Startup Time": 0.066, "Actual Min Total Time": 15.489, "Actual Max Total Time": 19.26, "Filter": "((production_year >= 2005) AND (production_year <= 2010)), (LLVM Optimized, Jit Execute)", "Rows Removed by Filter": 1812052, "Actual Rows": 716259}], "Actual Rows": 716259}], "Actual Rows": 716259}], "Actual Rows": 4}], "Actual Rows": 4}], "Actual Rows": 66}, {"Node Type": "Hash", "Parent Relationship": "Inner", "Startup Cost": 1.04, "Total Cost": 1.04, "Plan Rows": 1, "Plan Width": 4, "Actual Min Startup Time": 0.059, "Actual Max Startup Time": 0.059, "Actual Min Total Time": 0.059, "Actual Max Total Time": 0.059, "Max Hash Buckets": 32768, "Min Hash Buckets": 32768, "Max Hash Batches": 1, "Min Hash Batches": 1, "Max Original Hash Batches": 1, "Min Original Hash Batches": 1, "Max Peak Memory Usage": 1, "min Peak Memory Usage": 1, "Plans": [{"Node Type": "Seq Scan", "Parent Relationship": "Outer", "Relation Name": "company_type", "Alias": "ct", "Startup Cost": 0.0, "Total Cost": 1.04, "Plan Rows": 1, "Plan Width": 4, "Actual Min Startup Time": 0.039, "Actual Max Startup Time": 0.039, "Actual Min Total Time": 0.042, "Actual Max Total Time": 0.042, "Filter": "((kind)::text = 'production companies'::text)", "Rows Removed by Filter": 2, "Actual Rows": 1}], "Actual Rows": 1}], "Actual Rows": 3}], "Actual Rows": 1}, "Triggers": [], "Planner Runtime": 12.541, "Total Runtime": 2502.712, "Unique SQL Id": 1162488282}}, "(64, '109')": {"explain_plan": {"Plan": {"Node Type": "Aggregate", "Strategy": "Plain", "Startup Cost": 264407.24, "Total Cost": 264407.25, "Plan Rows": 1, "Plan Width": 113, "Plans": [{"Node Type": "Hash Join", "Parent Relationship": "Outer", "Join Type": "Inner", "Startup Cost": 180303.61, "Total Cost": 261051.22, "Plan Rows": 447470, "Plan Width": 45, "Inner Unique": false, "Hash Cond": "(mc.movie_id = t.id), (LLVM Optimized)", "Plans": [{"Node Type": "Nested Loop", "Parent Relationship": "Outer", "Join Type": "Inner", "Startup Cost": 0.0, "Total Cost": 69436.41, "Plan Rows": 1304518, "Plan Width": 28, "Inner Unique": false, "Plans": [{"Node Type": "Index Scan", "Parent Relationship": "Outer", "Scan Direction": "Forward", "Index Name": "company_type_pkey", "Relation Name": "company_type", "Alias": "ct", "Startup Cost": 0.0, "Total Cost": 12.3, "Plan Rows": 1, "Plan Width": 4, "Filter": "((kind)::text = 'production companies'::text)"}, {"Node Type": "Index Scan", "Parent Relationship": "Inner", "Scan Direction": "Forward", "Index Name": "company_type_id_movie_companies", "Relation Name": "movie_companies", "Alias": "mc", "Startup Cost": 0.0, "Total Cost": 56378.94, "Plan Rows": 1304517, "Plan Width": 32, "Index Cond": "(company_type_id = ct.id), (LLVM Optimized)", "Filter": "((note)::text !~~ '%(as Metro-Goldwyn-Mayer Pictures)%'::text), (LLVM Optimized)"}]}, {"Node Type": "Hash", "Parent Relationship": "Inner", "Startup Cost": 175348.56, "Total Cost": 175348.56, "Plan Rows": 396404, "Plan Width": 29, "Plans": [{"Node Type": "Hash Join", "Parent Relationship": "Outer", "Join Type": "Inner", "Startup Cost": 131752.54, "Total Cost": 175348.56, "Plan Rows": 396404, "Plan Width": 29, "Inner Unique": true, "Hash Cond": "(mi_idx.movie_id = t.id), (LLVM Optimized)", "Plans": [{"Node Type": "Nested Loop", "Parent Relationship": "Outer", "Join Type": "Inner", "Startup Cost": 0.0, "Total Cost": 38338.2, "Plan Rows": 345008, "Plan Width": 4, "Inner Unique": false, "Plans": [{"Node Type": "Index Scan", "Parent Relationship": "Outer", "Scan Direction": "Forward", "Index Name": "info_type_pkey", "Relation Name": "info_type", "Alias": "it", "Startup Cost": 0.0, "Total Cost": 14.21, "Plan Rows": 1, "Plan Width": 4, "Filter": "((info)::text = 'bottom 10 rank'::text)"}, {"Node Type": "Index Scan", "Parent Relationship": "Inner", "Scan Direction": "Forward", "Index Name": "info_type_id_movie_info_idx", "Relation Name": "movie_info_idx", "Alias": "mi_idx", "Startup Cost": 0.0, "Total Cost": 34873.91, "Plan Rows": 345008, "Plan Width": 8, "Index Cond": "(info_type_id = it.id), (LLVM Optimized)"}]}, {"Node Type": "Hash", "Parent Relationship": "Inner", "Startup Cost": 122762.04, "Total Cost": 122762.04, "Plan Rows": 719240, "Plan Width": 25, "Plans": [{"Node Type": "Index Scan", "Parent Relationship": "Outer", "Scan Direction": "Forward", "Index Name": "title_pkey", "Relation Name": "title", "Alias": "t", "Startup Cost": 0.0, "Total Cost": 122762.04, "Plan Rows": 719240, "Plan Width": 25, "Filter": "((production_year >= 2005) AND (production_year <= 2010)), (LLVM Optimized)"}]}]}]}]}]}, "Unique SQL Id": 1162488282, "Planner Runtime": 5}, "explain_analyze_plan": null}, "(64, '110')": {"explain_plan": {"Plan": {"Node Type": "Aggregate", "Strategy": "Plain", "Startup Cost": 200839.08, "Total Cost": 200839.09, "Plan Rows": 1, "Plan Width": 113, "Plans": [{"Node Type": "Hash Join", "Parent Relationship": "Outer", "Join Type": "Inner", "Startup Cost": 125363.9, "Total Cost": 197483.05, "Plan Rows": 447470, "Plan Width": 45, "Inner Unique": true, "Hash Cond": "(mc.company_type_id = ct.id), (LLVM Optimized)", "Plans": [{"Node Type": "Hash Join", "Parent Relationship": "Outer", "Join Type": "Inner", "Startup Cost": 125362.85, "Total Cost": 193012.49, "Plan Rows": 549199, "Plan Width": 49, "Inner Unique": false, "Hash Cond": "(mc.movie_id = t.id), (LLVM Optimized)", "Plans": [{"Node Type": "Seq Scan", "Parent Relationship": "Outer", "Relation Name": "movie_companies", "Alias": "mc", "Startup Cost": 0.0, "Total Cost": 48340.1, "Plan Rows": 2609035, "Plan Width": 32, "Filter": "((note)::text !~~ '%(as Metro-Goldwyn-Mayer Pictures)%'::text), (LLVM Optimized)"}, {"Node Type": "Hash", "Parent Relationship": "Inner", "Startup Cost": 120407.8, "Total Cost": 120407.8, "Plan Rows": 396404, "Plan Width": 29, "Plans": [{"Node Type": "Hash Join", "Parent Relationship": "Outer", "Join Type": "Inner", "Startup Cost": 87966.85, "Total Cost": 120407.8, "Plan Rows": 396404, "Plan Width": 29, "Inner Unique": true, "Hash Cond": "(mi_idx.movie_id = t.id), (LLVM Optimized)", "Plans": [{"Node Type": "Hash Join", "Parent Relationship": "Outer", "Join Type": "Inner", "Startup Cost": 2.41, "Total Cost": 27185.54, "Plan Rows": 345008, "Plan Width": 4, "Inner Unique": true, "Hash Cond": "(mi_idx.info_type_id = it.id), (LLVM Optimized)", "Plans": [{"Node Type": "Seq Scan", "Parent Relationship": "Outer", "Relation Name": "movie_info_idx", "Alias": "mi_idx", "Startup Cost": 0.0, "Total Cost": 20274.34, "Plan Rows": 1380034, "Plan Width": 8}, {"Node Type": "Hash", "Parent Relationship": "Inner", "Startup Cost": 2.4, "Total Cost": 2.4, "Plan Rows": 1, "Plan Width": 4, "Plans": [{"Node Type": "Seq Scan", "Parent Relationship": "Outer", "Relation Name": "info_type", "Alias": "it", "Startup Cost": 0.0, "Total Cost": 2.4, "Plan Rows": 1, "Plan Width": 4, "Filter": "((info)::text = 'bottom 10 rank'::text)"}]}]}, {"Node Type": "Hash", "Parent Relationship": "Inner", "Startup Cost": 78973.94, "Total Cost": 78973.94, "Plan Rows": 719240, "Plan Width": 25, "Plans": [{"Node Type": "Streaming(type: LOCAL GATHER dop: 1/64)", "Parent Relationship": "Outer", "Startup Cost": 1813.35, "Total Cost": 78973.94, "Plan Rows": 719240, "Plan Width": 25, "Plans": [{"Node Type": "Seq Scan", "Parent Relationship": "Outer", "Relation Name": "title", "Alias": "t", "Startup Cost": 1813.35, "Total Cost": 64136.1, "Plan Rows": 719240, "Plan Width": 25, "Filter": "((production_year >= 2005) AND (production_year <= 2010)), (LLVM Optimized)"}]}]}]}]}]}, {"Node Type": "Hash", "Parent Relationship": "Inner", "Startup Cost": 1.04, "Total Cost": 1.04, "Plan Rows": 1, "Plan Width": 4, "Plans": [{"Node Type": "Seq Scan", "Parent Relationship": "Outer", "Relation Name": "company_type", "Alias": "ct", "Startup Cost": 0.0, "Total Cost": 1.04, "Plan Rows": 1, "Plan Width": 4, "Filter": "((kind)::text = 'production companies'::text)"}]}]}]}, "Unique SQL Id": 1162488282, "Planner Runtime": 6}, "explain_analyze_plan": {"Plan": {"Node Type": "Aggregate", "Strategy": "Plain", "Startup Cost": 200839.08, "Total Cost": 200839.09, "Plan Rows": 1, "Plan Width": 113, "Actual Min Startup Time": 2478.651, "Actual Max Startup Time": 2478.651, "Actual Min Total Time": 2478.651, "Actual Max Total Time": 2478.651, "Plans": [{"Node Type": "Hash Join", "Parent Relationship": "Outer", "Join Type": "Inner", "Startup Cost": 125363.9, "Total Cost": 197483.05, "Plan Rows": 447470, "Plan Width": 45, "Actual Min Startup Time": 2304.972, "Actual Max Startup Time": 2304.972, "Actual Min Total Time": 2478.612, "Actual Max Total Time": 2478.612, "Inner Unique": true, "Hash Cond": "(mc.company_type_id = ct.id), (LLVM Optimized, Jit Execute)", "Plans": [{"Node Type": "Hash Join", "Parent Relationship": "Outer", "Join Type": "Inner", "Startup Cost": 125362.85, "Total Cost": 193012.49, "Plan Rows": 549199, "Plan Width": 49, "Actual Min Startup Time": 1633.274, "Actual Max Startup Time": 1633.274, "Actual Min Total Time": 2478.314, "Actual Max Total Time": 2478.314, "Inner Unique": false, "Hash Cond": "(mc.movie_id = t.id), (LLVM Optimized, Jit Execute)", "Plans": [{"Node Type": "Seq Scan", "Parent Relationship": "Outer", "Relation Name": "movie_companies", "Alias": "mc", "Startup Cost": 0.0, "Total Cost": 48340.1, "Plan Rows": 2609035, "Plan Width": 32, "Actual Min Startup Time": 0.048, "Actual Max Startup Time": 0.048, "Actual Min Total Time": 915.023, "Actual Max Total Time": 915.023, "Filter": "((note)::text !~~ '%(as Metro-Goldwyn-Mayer Pictures)%'::text), (LLVM Optimized, Jit Execute)", "Rows Removed by Filter": 1272041, "Actual Rows": 1337087}, {"Node Type": "Hash", "Parent Relationship": "Inner", "Startup Cost": 120407.8, "Total Cost": 120407.8, "Plan Rows": 396404, "Plan Width": 29, "Actual Min Startup Time": 1300.215, "Actual Max Startup Time": 1300.215, "Actual Min Total Time": 1300.215, "Actual Max Total Time": 1300.215, "Max Hash Buckets": 524288, "Min Hash Buckets": 524288, "Max Hash Batches": 1, "Min Hash Batches": 1, "Max Original Hash Batches": 1, "Min Original Hash Batches": 1, "Max Peak Memory Usage": 1, "min Peak Memory Usage": 1, "Plans": [{"Node Type": "Hash Join", "Parent Relationship": "Outer", "Join Type": "Inner", "Startup Cost": 87966.85, "Total Cost": 120407.8, "Plan Rows": 396404, "Plan Width": 29, "Actual Min Startup Time": 1300.153, "Actual Max Startup Time": 1300.153, "Actual Min Total Time": 1300.201, "Actual Max Total Time": 1300.201, "Inner Unique": true, "Hash Cond": "(mi_idx.movie_id = t.id), (LLVM Optimized, Jit Execute)", "Plans": [{"Node Type": "Hash Join", "Parent Relationship": "Outer", "Join Type": "Inner", "Startup Cost": 2.41, "Total Cost": 27185.54, "Plan Rows": 345008, "Plan Width": 4, "Actual Min Startup Time": 531.151, "Actual Max Startup Time": 531.151, "Actual Min Total Time": 531.158, "Actual Max Total Time": 531.158, "Inner Unique": true, "Hash Cond": "(mi_idx.info_type_id = it.id), (LLVM Optimized, Jit Execute)", "Plans": [{"Node Type": "Seq Scan", "Parent Relationship": "Outer", "Relation Name": "movie_info_idx", "Alias": "mi_idx", "Startup Cost": 0.0, "Total Cost": 20274.34, "Plan Rows": 1380034, "Plan Width": 8, "Actual Min Startup Time": 0.043, "Actual Max Startup Time": 0.043, "Actual Min Total Time": 300.571, "Actual Max Total Time": 300.571, "Actual Rows": 1380034}, {"Node Type": "Hash", "Parent Relationship": "Inner", "Startup Cost": 2.4, "Total Cost": 2.4, "Plan Rows": 1, "Plan Width": 4, "Actual Min Startup Time": 0.089, "Actual Max Startup Time": 0.089, "Actual Min Total Time": 0.089, "Actual Max Total Time": 0.089, "Max Hash Buckets": 32768, "Min Hash Buckets": 32768, "Max Hash Batches": 1, "Min Hash Batches": 1, "Max Original Hash Batches": 1, "Min Original Hash Batches": 1, "Max Peak Memory Usage": 1, "min Peak Memory Usage": 1, "Plans": [{"Node Type": "Seq Scan", "Parent Relationship": "Outer", "Relation Name": "info_type", "Alias": "it", "Startup Cost": 0.0, "Total Cost": 2.4, "Plan Rows": 1, "Plan Width": 4, "Actual Min Startup Time": 0.074, "Actual Max Startup Time": 0.074, "Actual Min Total Time": 0.077, "Actual Max Total Time": 0.077, "Filter": "((info)::text = 'bottom 10 rank'::text)", "Rows Removed by Filter": 111, "Actual Rows": 1}], "Actual Rows": 1}], "Actual Rows": 10}, {"Node Type": "Hash", "Parent Relationship": "Inner", "Startup Cost": 78973.94, "Total Cost": 78973.94, "Plan Rows": 719240, "Plan Width": 25, "Actual Min Startup Time": 767.713, "Actual Max Startup Time": 767.713, "Actual Min Total Time": 767.713, "Actual Max Total Time": 767.713, "Max Hash Buckets": 1048576, "Min Hash Buckets": 1048576, "Max Hash Batches": 1, "Min Hash Batches": 1, "Max Original Hash Batches": 1, "Min Original Hash Batches": 1, "Max Peak Memory Usage": 41052, "min Peak Memory Usage": 41052, "Plans": [{"Node Type": "Streaming(type: LOCAL GATHER dop: 1/64)", "Parent Relationship": "Outer", "Startup Cost": 1813.35, "Total Cost": 78973.94, "Plan Rows": 719240, "Plan Width": 25, "Actual Min Startup Time": 46.843, "Actual Max Startup Time": 46.843, "Actual Min Total Time": 498.917, "Actual Max Total Time": 498.917, "Plans": [{"Node Type": "Seq Scan", "Parent Relationship": "Outer", "Relation Name": "title", "Alias": "t", "Startup Cost": 1813.35, "Total Cost": 64136.1, "Plan Rows": 719240, "Plan Width": 25, "Actual Min Startup Time": 0.029, "Actual Max Startup Time": 0.066, "Actual Min Total Time": 15.489, "Actual Max Total Time": 19.26, "Filter": "((production_year >= 2005) AND (production_year <= 2010)), (LLVM Optimized, Jit Execute)", "Rows Removed by Filter": 1812052, "Actual Rows": 716259}], "Actual Rows": 716259}], "Actual Rows": 716259}], "Actual Rows": 4}], "Actual Rows": 4}], "Actual Rows": 66}, {"Node Type": "Hash", "Parent Relationship": "Inner", "Startup Cost": 1.04, "Total Cost": 1.04, "Plan Rows": 1, "Plan Width": 4, "Actual Min Startup Time": 0.059, "Actual Max Startup Time": 0.059, "Actual Min Total Time": 0.059, "Actual Max Total Time": 0.059, "Max Hash Buckets": 32768, "Min Hash Buckets": 32768, "Max Hash Batches": 1, "Min Hash Batches": 1, "Max Original Hash Batches": 1, "Min Original Hash Batches": 1, "Max Peak Memory Usage": 1, "min Peak Memory Usage": 1, "Plans": [{"Node Type": "Seq Scan", "Parent Relationship": "Outer", "Relation Name": "company_type", "Alias": "ct", "Startup Cost": 0.0, "Total Cost": 1.04, "Plan Rows": 1, "Plan Width": 4, "Actual Min Startup Time": 0.039, "Actual Max Startup Time": 0.039, "Actual Min Total Time": 0.042, "Actual Max Total Time": 0.042, "Filter": "((kind)::text = 'production companies'::text)", "Rows Removed by Filter": 2, "Actual Rows": 1}], "Actual Rows": 1}], "Actual Rows": 3}], "Actual Rows": 1}, "Triggers": [], "Planner Runtime": 12.541, "Total Runtime": 2502.712, "Unique SQL Id": 1162488282}}, "(64, '111')": {"explain_plan": {"Plan": {"Node Type": "Aggregate", "Strategy": "Plain", "Startup Cost": 5000019818432.23, "Total Cost": 5000019818432.24, "Plan Rows": 1, "Plan Width": 113, "Plans": [{"Node Type": "Hash Join", "Parent Relationship": "Outer", "Join Type": "Inner", "Startup Cost": 3020014123244.79, "Total Cost": 5000019815076.21, "Plan Rows": 447470, "Plan Width": 45, "Inner Unique": true, "Hash Cond": "(mc.movie_id = t.id), (LLVM Optimized)", "Plans": [{"Node Type": "Hash Join", "Parent Relationship": "Outer", "Join Type": "Inner", "Startup Cost": 2020001838049.88, "Total Cost": 4000007523527.17, "Plan Rows": 501180, "Plan Width": 32, "Inner Unique": false, "Hash Cond": "(mc.movie_id = mi_idx.movie_id), (LLVM Optimized)", "Plans": [{"Node Type": "Nested Loop", "Parent Relationship": "Outer", "Join Type": "Inner", "Startup Cost": 20000000000.0, "Total Cost": 2000005652169.42, "Plan Rows": 1304518, "Plan Width": 28, "Inner Unique": false, "Plans": [{"Node Type": "Index Scan", "Parent Relationship": "Outer", "Scan Direction": "Forward", "Index Name": "company_type_pkey", "Relation Name": "company_type", "Alias": "ct", "Startup Cost": 10000000000.0, "Total Cost": 1000000001230.25, "Plan Rows": 1, "Plan Width": 4, "Filter": "((kind)::text = 'production companies'::text)"}, {"Node Type": "Index Scan", "Parent Relationship": "Inner", "Scan Direction": "Forward", "Index Name": "company_type_id_movie_companies", "Relation Name": "movie_companies", "Alias": "mc", "Startup Cost": 10000000000.0, "Total Cost": 1000005637894.0, "Plan Rows": 1304517, "Plan Width": 32, "Index Cond": "(company_type_id = ct.id), (LLVM Optimized)", "Filter": "((note)::text !~~ '%(as Metro-Goldwyn-Mayer Pictures)%'::text), (LLVM Optimized)"}]}, {"Node Type": "Hash", "Parent Relationship": "Inner", "Startup Cost": 2000001833737.28, "Total Cost": 2000001833737.28, "Plan Rows": 345008, "Plan Width": 4, "Plans": [{"Node Type": "Nested Loop", "Parent Relationship": "Outer", "Join Type": "Inner", "Startup Cost": 20000007502.06, "Total Cost": 2000001833737.28, "Plan Rows": 345008, "Plan Width": 4, "Inner Unique": false, "Plans": [{"Node Type": "Index Scan", "Parent Relationship": "Outer", "Scan Direction": "Forward", "Index Name": "info_type_pkey", "Relation Name": "info_type", "Alias": "it", "Startup Cost": 10000000000.0, "Total Cost": 1000000001421.0, "Plan Rows": 1, "Plan Width": 4, "Filter": "((info)::text = 'bottom 10 rank'::text)"}, {"Node Type": "Bitmap Heap Scan", "Parent Relationship": "Inner", "Relation Name": "movie_info_idx", "Alias": "mi_idx", "Startup Cost": 10000007502.06, "Total Cost": 1000001828866.2, "Plan Rows": 345008, "Plan Width": 8, "Recheck Cond": "(info_type_id = it.id), (LLVM Optimized)", "Plans": [{"Node Type": "Bitmap Index Scan", "Parent Relationship": "Outer", "Index Name": "info_type_id_movie_info_idx", "Startup Cost": 0.0, "Total Cost": 7415.81, "Plan Rows": 345008, "Plan Width": 0, "Index Cond": "(info_type_id = it.id)"}]}]}]}]}, {"Node Type": "Hash", "Parent Relationship": "Inner", "Startup Cost": 1000012276204.41, "Total Cost": 1000012276204.41, "Plan Rows": 719240, "Plan Width": 25, "Plans": [{"Node Type": "Index Scan", "Parent Relationship": "Outer", "Scan Direction": "Forward", "Index Name": "title_pkey", "Relation Name": "title", "Alias": "t", "Startup Cost": 10000000000.0, "Total Cost": 1000012276204.41, "Plan Rows": 719240, "Plan Width": 25, "Filter": "((production_year >= 2005) AND (production_year <= 2010)), (LLVM Optimized)"}]}]}]}, "Unique SQL Id": 1162488282, "Planner Runtime": 6}, "explain_analyze_plan": null}, "(64, '112')": {"explain_plan": {"Plan": {"Node Type": "Aggregate", "Strategy": "Plain", "Startup Cost": 329380.46, "Total Cost": 329380.47, "Plan Rows": 1, "Plan Width": 113, "Plans": [{"Node Type": "Nested Loop", "Parent Relationship": "Outer", "Join Type": "Inner", "Startup Cost": 7502.06, "Total Cost": 326890.42, "Plan Rows": 332005, "Plan Width": 45, "Inner Unique": false, "Join Filter": "(mc.company_type_id = ct.id), (LLVM Optimized)", "Plans": [{"Node Type": "Seq Scan", "Parent Relationship": "Outer", "Relation Name": "company_type", "Alias": "ct", "Startup Cost": 0.0, "Total Cost": 1.04, "Plan Rows": 1, "Plan Width": 4, "Filter": "((kind)::text = 'production companies'::text)"}, {"Node Type": "Nested Loop", "Parent Relationship": "Inner", "Join Type": "Inner", "Startup Cost": 7502.06, "Total Cost": 320024.4, "Plan Rows": 549199, "Plan Width": 49, "Inner Unique": false, "Join Filter": "(t.id = mc.movie_id), (LLVM Optimized)", "Plans": [{"Node Type": "Nested Loop", "Parent Relationship": "Outer", "Join Type": "Inner", "Startup Cost": 7502.06, "Total Cost": 164107.36, "Plan Rows": 396404, "Plan Width": 29, "Inner Unique": true, "Plans": [{"Node Type": "Nested Loop", "Parent Relationship": "Outer", "Join Type": "Inner", "Startup Cost": 7502.06, "Total Cost": 21741.14, "Plan Rows": 345008, "Plan Width": 4, "Inner Unique": false, "Plans": [{"Node Type": "Seq Scan", "Parent Relationship": "Outer", "Relation Name": "info_type", "Alias": "it", "Startup Cost": 0.0, "Total Cost": 2.4, "Plan Rows": 1, "Plan Width": 4, "Filter": "((info)::text = 'bottom 10 rank'::text)"}, {"Node Type": "Bitmap Heap Scan", "Parent Relationship": "Inner", "Relation Name": "movie_info_idx", "Alias": "mi_idx", "Startup Cost": 7502.06, "Total Cost": 18288.66, "Plan Rows": 345008, "Plan Width": 8, "Recheck Cond": "(info_type_id = it.id), (LLVM Optimized)", "Plans": [{"Node Type": "Bitmap Index Scan", "Parent Relationship": "Outer", "Index Name": "info_type_id_movie_info_idx", "Startup Cost": 0.0, "Total Cost": 7415.81, "Plan Rows": 345008, "Plan Width": 0, "Index Cond": "(info_type_id = it.id)"}]}]}, {"Node Type": "Index Scan", "Parent Relationship": "Inner", "Scan Direction": "Forward", "Index Name": "title_pkey", "Relation Name": "title", "Alias": "t", "Startup Cost": 0.0, "Total Cost": 0.4, "Plan Rows": 1, "Plan Width": 25, "Index Cond": "(id = mi_idx.movie_id)", "Filter": "((production_year >= 2005) AND (production_year <= 2010))"}]}, {"Node Type": "Index Scan", "Parent Relationship": "Inner", "Scan Direction": "Forward", "Index Name": "movie_id_movie_companies", "Relation Name": "movie_companies", "Alias": "mc", "Startup Cost": 0.0, "Total Cost": 0.37, "Plan Rows": 2, "Plan Width": 32, "Index Cond": "(movie_id = mi_idx.movie_id)", "Filter": "((note)::text !~~ '%(as Metro-Goldwyn-Mayer Pictures)%'::text)"}]}]}]}, "Unique SQL Id": 1162488282, "Planner Runtime": 2}, "explain_analyze_plan": {"Plan": {"Node Type": "Aggregate", "Strategy": "Plain", "Startup Cost": 329380.46, "Total Cost": 329380.47, "Plan Rows": 1, "Plan Width": 113, "Actual Startup Time": 0.422, "Actual Total Time": 0.422, "Actual Rows": 1, "Actual Loops": 1, "Plans": [{"Node Type": "Nested Loop", "Parent Relationship": "Outer", "Join Type": "Inner", "Startup Cost": 7502.06, "Total Cost": 326890.42, "Plan Rows": 332005, "Plan Width": 45, "Actual Startup Time": 0.395, "Actual Total Time": 0.406, "Actual Rows": 3, "Actual Loops": 1, "Inner Unique": false, "Join Filter": "(mc.company_type_id = ct.id), (LLVM Optimized)", "Rows Removed by Join Filter": 63, "Plans": [{"Node Type": "Seq Scan", "Parent Relationship": "Outer", "Relation Name": "company_type", "Alias": "ct", "Startup Cost": 0.0, "Total Cost": 1.04, "Plan Rows": 1, "Plan Width": 4, "Actual Startup Time": 0.02, "Actual Total Time": 0.022, "Actual Rows": 1, "Actual Loops": 1, "Filter": "((kind)::text = 'production companies'::text)", "Rows Removed by Filter": 2}, {"Node Type": "Nested Loop", "Parent Relationship": "Inner", "Join Type": "Inner", "Startup Cost": 7502.06, "Total Cost": 320024.4, "Plan Rows": 549199, "Plan Width": 49, "Actual Startup Time": 0.194, "Actual Total Time": 0.365, "Actual Rows": 66, "Actual Loops": 1, "Inner Unique": false, "Join Filter": "(t.id = mc.movie_id), (LLVM Optimized)", "Rows Removed by Join Filter": 0, "Plans": [{"Node Type": "Nested Loop", "Parent Relationship": "Outer", "Join Type": "Inner", "Startup Cost": 7502.06, "Total Cost": 164107.36, "Plan Rows": 396404, "Plan Width": 29, "Actual Startup Time": 0.173, "Actual Total Time": 0.22, "Actual Rows": 4, "Actual Loops": 1, "Inner Unique": true, "Plans": [{"Node Type": "Nested Loop", "Parent Relationship": "Outer", "Join Type": "Inner", "Startup Cost": 7502.06, "Total Cost": 21741.14, "Plan Rows": 345008, "Plan Width": 4, "Actual Startup Time": 0.087, "Actual Total Time": 0.094, "Actual Rows": 10, "Actual Loops": 1, "Inner Unique": false, "Plans": [{"Node Type": "Seq Scan", "Parent Relationship": "Outer", "Relation Name": "info_type", "Alias": "it", "Startup Cost": 0.0, "Total Cost": 2.4, "Plan Rows": 1, "Plan Width": 4, "Actual Startup Time": 0.045, "Actual Total Time": 0.049, "Actual Rows": 1, "Actual Loops": 1, "Filter": "((info)::text = 'bottom 10 rank'::text)", "Rows Removed by Filter": 111}, {"Node Type": "Bitmap Heap Scan", "Parent Relationship": "Inner", "Relation Name": "movie_info_idx", "Alias": "mi_idx", "Startup Cost": 7502.06, "Total Cost": 18288.66, "Plan Rows": 345008, "Plan Width": 8, "Actual Startup Time": 0.038, "Actual Total Time": 0.039, "Actual Rows": 10, "Actual Loops": 1, "Recheck Cond": "(info_type_id = it.id), (LLVM Optimized)", "Rows Removed by Index Recheck": 0, "Exact Heap Blocks": 1, "Lossy Heap Blocks": 1, "Plans": [{"Node Type": "Bitmap Index Scan", "Parent Relationship": "Outer", "Index Name": "info_type_id_movie_info_idx", "Startup Cost": 0.0, "Total Cost": 7415.81, "Plan Rows": 345008, "Plan Width": 0, "Actual Startup Time": 0.019, "Actual Total Time": 0.019, "Actual Rows": 10, "Actual Loops": 1, "Index Cond": "(info_type_id = it.id)"}]}]}, {"Node Type": "Index Scan", "Parent Relationship": "Inner", "Scan Direction": "Forward", "Index Name": "title_pkey", "Relation Name": "title", "Alias": "t", "Startup Cost": 0.0, "Total Cost": 0.4, "Plan Rows": 1, "Plan Width": 25, "Actual Startup Time": 0.113, "Actual Total Time": 0.113, "Actual Rows": 4, "Actual Loops": 10, "Index Cond": "(id = mi_idx.movie_id)", "Rows Removed by Index Recheck": 0, "Filter": "((production_year >= 2005) AND (production_year <= 2010))", "Rows Removed by Filter": 6}]}, {"Node Type": "Index Scan", "Parent Relationship": "Inner", "Scan Direction": "Forward", "Index Name": "movie_id_movie_companies", "Relation Name": "movie_companies", "Alias": "mc", "Startup Cost": 0.0, "Total Cost": 0.37, "Plan Rows": 2, "Plan Width": 32, "Actual Startup Time": 0.053, "Actual Total Time": 0.116, "Actual Rows": 66, "Actual Loops": 4, "Index Cond": "(movie_id = mi_idx.movie_id)", "Rows Removed by Index Recheck": 0, "Filter": "((note)::text !~~ '%(as Metro-Goldwyn-Mayer Pictures)%'::text)", "Rows Removed by Filter": 7}]}]}]}, "Triggers": [], "Planner Runtime": 2.977, "Total Runtime": 10.296, "Unique SQL Id": 1162488282}}, "(64, '113')": {"explain_plan": {"Plan": {"Node Type": "Aggregate", "Strategy": "Plain", "Startup Cost": 329403.54, "Total Cost": 329403.55, "Plan Rows": 1, "Plan Width": 113, "Plans": [{"Node Type": "Nested Loop", "Parent Relationship": "Outer", "Join Type": "Inner", "Startup Cost": 7502.06, "Total Cost": 326913.5, "Plan Rows": 332005, "Plan Width": 45, "Inner Unique": false, "Join Filter": "(mc.company_type_id = ct.id), (LLVM Optimized)", "Plans": [{"Node Type": "Index Scan", "Parent Relationship": "Outer", "Scan Direction": "Forward", "Index Name": "company_type_pkey", "Relation Name": "company_type", "Alias": "ct", "Startup Cost": 0.0, "Total Cost": 12.3, "Plan Rows": 1, "Plan Width": 4, "Filter": "((kind)::text = 'production companies'::text)"}, {"Node Type": "Nested Loop", "Parent Relationship": "Inner", "Join Type": "Inner", "Startup Cost": 7502.06, "Total Cost": 320036.21, "Plan Rows": 549199, "Plan Width": 49, "Inner Unique": false, "Join Filter": "(t.id = mc.movie_id), (LLVM Optimized)", "Plans": [{"Node Type": "Nested Loop", "Parent Relationship": "Outer", "Join Type": "Inner", "Startup Cost": 7502.06, "Total Cost": 164119.17, "Plan Rows": 396404, "Plan Width": 29, "Inner Unique": true, "Plans": [{"Node Type": "Nested Loop", "Parent Relationship": "Outer", "Join Type": "Inner", "Startup Cost": 7502.06, "Total Cost": 21752.95, "Plan Rows": 345008, "Plan Width": 4, "Inner Unique": false, "Plans": [{"Node Type": "Index Scan", "Parent Relationship": "Outer", "Scan Direction": "Forward", "Index Name": "info_type_pkey", "Relation Name": "info_type", "Alias": "it", "Startup Cost": 0.0, "Total Cost": 14.21, "Plan Rows": 1, "Plan Width": 4, "Filter": "((info)::text = 'bottom 10 rank'::text)"}, {"Node Type": "Bitmap Heap Scan", "Parent Relationship": "Inner", "Relation Name": "movie_info_idx", "Alias": "mi_idx", "Startup Cost": 7502.06, "Total Cost": 18288.66, "Plan Rows": 345008, "Plan Width": 8, "Recheck Cond": "(info_type_id = it.id), (LLVM Optimized)", "Plans": [{"Node Type": "Bitmap Index Scan", "Parent Relationship": "Outer", "Index Name": "info_type_id_movie_info_idx", "Startup Cost": 0.0, "Total Cost": 7415.81, "Plan Rows": 345008, "Plan Width": 0, "Index Cond": "(info_type_id = it.id)"}]}]}, {"Node Type": "Index Scan", "Parent Relationship": "Inner", "Scan Direction": "Forward", "Index Name": "title_pkey", "Relation Name": "title", "Alias": "t", "Startup Cost": 0.0, "Total Cost": 0.4, "Plan Rows": 1, "Plan Width": 25, "Index Cond": "(id = mi_idx.movie_id)", "Filter": "((production_year >= 2005) AND (production_year <= 2010))"}]}, {"Node Type": "Index Scan", "Parent Relationship": "Inner", "Scan Direction": "Forward", "Index Name": "movie_id_movie_companies", "Relation Name": "movie_companies", "Alias": "mc", "Startup Cost": 0.0, "Total Cost": 0.37, "Plan Rows": 2, "Plan Width": 32, "Index Cond": "(movie_id = mi_idx.movie_id)", "Filter": "((note)::text !~~ '%(as Metro-Goldwyn-Mayer Pictures)%'::text)"}]}]}]}, "Unique SQL Id": 1162488282, "Planner Runtime": 2}, "explain_analyze_plan": {"Plan": {"Node Type": "Aggregate", "Strategy": "Plain", "Startup Cost": 329403.54, "Total Cost": 329403.55, "Plan Rows": 1, "Plan Width": 113, "Actual Startup Time": 0.342, "Actual Total Time": 0.342, "Actual Rows": 1, "Actual Loops": 1, "Plans": [{"Node Type": "Nested Loop", "Parent Relationship": "Outer", "Join Type": "Inner", "Startup Cost": 7502.06, "Total Cost": 326913.5, "Plan Rows": 332005, "Plan Width": 45, "Actual Startup Time": 0.32, "Actual Total Time": 0.328, "Actual Rows": 3, "Actual Loops": 1, "Inner Unique": false, "Join Filter": "(mc.company_type_id = ct.id), (LLVM Optimized)", "Rows Removed by Join Filter": 63, "Plans": [{"Node Type": "Index Scan", "Parent Relationship": "Outer", "Scan Direction": "Forward", "Index Name": "company_type_pkey", "Relation Name": "company_type", "Alias": "ct", "Startup Cost": 0.0, "Total Cost": 12.3, "Plan Rows": 1, "Plan Width": 4, "Actual Startup Time": 0.021, "Actual Total Time": 0.024, "Actual Rows": 1, "Actual Loops": 1, "Filter": "((kind)::text = 'production companies'::text)", "Rows Removed by Filter": 2}, {"Node Type": "Nested Loop", "Parent Relationship": "Inner", "Join Type": "Inner", "Startup Cost": 7502.06, "Total Cost": 320036.21, "Plan Rows": 549199, "Plan Width": 49, "Actual Startup Time": 0.155, "Actual Total Time": 0.288, "Actual Rows": 66, "Actual Loops": 1, "Inner Unique": false, "Join Filter": "(t.id = mc.movie_id), (LLVM Optimized)", "Rows Removed by Join Filter": 0, "Plans": [{"Node Type": "Nested Loop", "Parent Relationship": "Outer", "Join Type": "Inner", "Startup Cost": 7502.06, "Total Cost": 164119.17, "Plan Rows": 396404, "Plan Width": 29, "Actual Startup Time": 0.137, "Actual Total Time": 0.167, "Actual Rows": 4, "Actual Loops": 1, "Inner Unique": true, "Plans": [{"Node Type": "Nested Loop", "Parent Relationship": "Outer", "Join Type": "Inner", "Startup Cost": 7502.06, "Total Cost": 21752.95, "Plan Rows": 345008, "Plan Width": 4, "Actual Startup Time": 0.082, "Actual Total Time": 0.085, "Actual Rows": 10, "Actual Loops": 1, "Inner Unique": false, "Plans": [{"Node Type": "Index Scan", "Parent Relationship": "Outer", "Scan Direction": "Forward", "Index Name": "info_type_pkey", "Relation Name": "info_type", "Alias": "it", "Startup Cost": 0.0, "Total Cost": 14.21, "Plan Rows": 1, "Plan Width": 4, "Actual Startup Time": 0.059, "Actual Total Time": 0.06, "Actual Rows": 1, "Actual Loops": 1, "Filter": "((info)::text = 'bottom 10 rank'::text)", "Rows Removed by Filter": 111}, {"Node Type": "Bitmap Heap Scan", "Parent Relationship": "Inner", "Relation Name": "movie_info_idx", "Alias": "mi_idx", "Startup Cost": 7502.06, "Total Cost": 18288.66, "Plan Rows": 345008, "Plan Width": 8, "Actual Startup Time": 0.018, "Actual Total Time": 0.018, "Actual Rows": 10, "Actual Loops": 1, "Recheck Cond": "(info_type_id = it.id), (LLVM Optimized)", "Rows Removed by Index Recheck": 0, "Exact Heap Blocks": 1, "Lossy Heap Blocks": 1, "Plans": [{"Node Type": "Bitmap Index Scan", "Parent Relationship": "Outer", "Index Name": "info_type_id_movie_info_idx", "Startup Cost": 0.0, "Total Cost": 7415.81, "Plan Rows": 345008, "Plan Width": 0, "Actual Startup Time": 0.01, "Actual Total Time": 0.01, "Actual Rows": 10, "Actual Loops": 1, "Index Cond": "(info_type_id = it.id)"}]}]}, {"Node Type": "Index Scan", "Parent Relationship": "Inner", "Scan Direction": "Forward", "Index Name": "title_pkey", "Relation Name": "title", "Alias": "t", "Startup Cost": 0.0, "Total Cost": 0.4, "Plan Rows": 1, "Plan Width": 25, "Actual Startup Time": 0.071, "Actual Total Time": 0.071, "Actual Rows": 4, "Actual Loops": 10, "Index Cond": "(id = mi_idx.movie_id)", "Rows Removed by Index Recheck": 0, "Filter": "((production_year >= 2005) AND (production_year <= 2010))", "Rows Removed by Filter": 6}]}, {"Node Type": "Index Scan", "Parent Relationship": "Inner", "Scan Direction": "Forward", "Index Name": "movie_id_movie_companies", "Relation Name": "movie_companies", "Alias": "mc", "Startup Cost": 0.0, "Total Cost": 0.37, "Plan Rows": 2, "Plan Width": 32, "Actual Startup Time": 0.038, "Actual Total Time": 0.095, "Actual Rows": 66, "Actual Loops": 4, "Index Cond": "(movie_id = mi_idx.movie_id)", "Rows Removed by Index Recheck": 0, "Filter": "((note)::text !~~ '%(as Metro-Goldwyn-Mayer Pictures)%'::text)", "Rows Removed by Filter": 7}]}]}]}, "Triggers": [], "Planner Runtime": 2.685, "Total Runtime": 10.183, "Unique SQL Id": 1162488282}}, "(64, '114')": {"explain_plan": {"Plan": {"Node Type": "Aggregate", "Strategy": "Plain", "Startup Cost": 2892315.54, "Total Cost": 2892315.55, "Plan Rows": 1, "Plan Width": 113, "Plans": [{"Node Type": "Nested Loop", "Parent Relationship": "Outer", "Join Type": "Inner", "Startup Cost": 1813.65, "Total Cost": 2889825.5, "Plan Rows": 332005, "Plan Width": 45, "Inner Unique": false, "Join Filter": "(mc.company_type_id = ct.id), (LLVM Optimized)", "Plans": [{"Node Type": "Seq Scan", "Parent Relationship": "Outer", "Relation Name": "company_type", "Alias": "ct", "Startup Cost": 0.0, "Total Cost": 1.04, "Plan Rows": 1, "Plan Width": 4, "Filter": "((kind)::text = 'production companies'::text)"}, {"Node Type": "Materialize", "Parent Relationship": "Inner", "Startup Cost": 1813.65, "Total Cost": 2884332.47, "Plan Rows": 549199, "Plan Width": 49, "Plans": [{"Node Type": "Nested Loop", "Parent Relationship": "Outer", "Join Type": "Inner", "Startup Cost": 1813.65, "Total Cost": 2882959.47, "Plan Rows": 549199, "Plan Width": 49, "Inner Unique": false, "Join Filter": "(t.id = mc.movie_id), (LLVM Optimized)", "Plans": [{"Node Type": "Streaming(type: LOCAL GATHER dop: 1/64)", "Parent Relationship": "Outer", "Startup Cost": 1813.35, "Total Cost": 1159296.91, "Plan Rows": 396404, "Plan Width": 29, "Plans": [{"Node Type": "Nested Loop", "Parent Relationship": "Outer", "Join Type": "Inner", "Startup Cost": 1813.35, "Total Cost": 1151119.15, "Plan Rows": 396404, "Plan Width": 29, "Inner Unique": true, "Join Filter": "(mi_idx.movie_id = t.id), (LLVM Optimized)", "Plans": [{"Node Type": "Streaming(type: LOCAL REDISTRIBUTE dop: 64/1)", "Parent Relationship": "Outer", "Startup Cost": 0.0, "Total Cost": 114544.8, "Plan Rows": 345008, "Plan Width": 4, "Plans": [{"Node Type": "Nested Loop", "Parent Relationship": "Outer", "Join Type": "Inner", "Startup Cost": 0.0, "Total Cost": 37527.17, "Plan Rows": 345008, "Plan Width": 4, "Inner Unique": false, "Join Filter": "(it.id = mi_idx.info_type_id), (LLVM Optimized)", "Plans": [{"Node Type": "Seq Scan", "Parent Relationship": "Outer", "Relation Name": "info_type", "Alias": "it", "Startup Cost": 0.0, "Total Cost": 2.4, "Plan Rows": 1, "Plan Width": 4, "Filter": "((info)::text = 'bottom 10 rank'::text)"}, {"Node Type": "Seq Scan", "Parent Relationship": "Inner", "Relation Name": "movie_info_idx", "Alias": "mi_idx", "Startup Cost": 0.0, "Total Cost": 20274.34, "Plan Rows": 1380034, "Plan Width": 8}]}]}, {"Node Type": "Materialize", "Parent Relationship": "Inner", "Startup Cost": 1813.35, "Total Cost": 127873.61, "Plan Rows": 719240, "Plan Width": 25, "Plans": [{"Node Type": "Streaming(type: LOCAL REDISTRIBUTE dop: 64/64)", "Parent Relationship": "Outer", "Startup Cost": 1813.35, "Total Cost": 127817.42, "Plan Rows": 719240, "Plan Width": 25, "Plans": [{"Node Type": "Seq Scan", "Parent Relationship": "Outer", "Relation Name": "title", "Alias": "t", "Startup Cost": 1813.35, "Total Cost": 64136.1, "Plan Rows": 719240, "Plan Width": 25, "Filter": "((production_year >= 2005) AND (production_year <= 2010)), (LLVM Optimized)"}]}]}]}]}, {"Node Type": "Bitmap Heap Scan", "Parent Relationship": "Inner", "Relation Name": "movie_companies", "Alias": "mc", "Startup Cost": 0.29, "Total Cost": 4.32, "Plan Rows": 2, "Plan Width": 32, "Recheck Cond": "(movie_id = mi_idx.movie_id)", "Filter": "((note)::text !~~ '%(as Metro-Goldwyn-Mayer Pictures)%'::text)", "Plans": [{"Node Type": "Bitmap Index Scan", "Parent Relationship": "Outer", "Index Name": "movie_id_movie_companies", "Startup Cost": 0.0, "Total Cost": 0.29, "Plan Rows": 2, "Plan Width": 0, "Index Cond": "(movie_id = mi_idx.movie_id)"}]}]}]}]}]}, "Unique SQL Id": 1162488282, "Planner Runtime": 3}, "explain_analyze_plan": {"Plan": {"Node Type": "Aggregate", "Strategy": "Plain", "Startup Cost": 2892315.54, "Total Cost": 2892315.55, "Plan Rows": 1, "Plan Width": 113, "Actual Min Startup Time": 1032.845, "Actual Max Startup Time": 1032.845, "Actual Min Total Time": 1032.846, "Actual Max Total Time": 1032.846, "Plans": [{"Node Type": "Nested Loop", "Parent Relationship": "Outer", "Join Type": "Inner", "Startup Cost": 1813.65, "Total Cost": 2889825.5, "Plan Rows": 332005, "Plan Width": 45, "Actual Min Startup Time": 1032.808, "Actual Max Startup Time": 1032.808, "Actual Min Total Time": 1032.817, "Actual Max Total Time": 1032.817, "Inner Unique": false, "Join Filter": "(mc.company_type_id = ct.id), (LLVM Optimized)", "Rows Removed by Join Filter": 63, "Plans": [{"Node Type": "Seq Scan", "Parent Relationship": "Outer", "Relation Name": "company_type", "Alias": "ct", "Startup Cost": 0.0, "Total Cost": 1.04, "Plan Rows": 1, "Plan Width": 4, "Actual Min Startup Time": 0.017, "Actual Max Startup Time": 0.017, "Actual Min Total Time": 0.02, "Actual Max Total Time": 0.02, "Filter": "((kind)::text = 'production companies'::text)", "Rows Removed by Filter": 2, "Actual Rows": 1}, {"Node Type": "Materialize", "Parent Relationship": "Inner", "Startup Cost": 1813.65, "Total Cost": 2884332.47, "Plan Rows": 549199, "Plan Width": 49, "Actual Min Startup Time": 1032.76, "Actual Max Startup Time": 1032.76, "Actual Min Total Time": 1032.77, "Actual Max Total Time": 1032.77, "Plans": [{"Node Type": "Nested Loop", "Parent Relationship": "Outer", "Join Type": "Inner", "Startup Cost": 1813.65, "Total Cost": 2882959.47, "Plan Rows": 549199, "Plan Width": 49, "Actual Min Startup Time": 1029.755, "Actual Max Startup Time": 1029.755, "Actual Min Total Time": 1032.718, "Actual Max Total Time": 1032.718, "Inner Unique": false, "Join Filter": "(t.id = mc.movie_id), (LLVM Optimized)", "Rows Removed by Join Filter": 0, "Plans": [{"Node Type": "Streaming(type: LOCAL GATHER dop: 1/64)", "Parent Relationship": "Outer", "Startup Cost": 1813.35, "Total Cost": 1159296.91, "Plan Rows": 396404, "Plan Width": 29, "Actual Min Startup Time": 1029.617, "Actual Max Startup Time": 1029.617, "Actual Min Total Time": 1032.44, "Actual Max Total Time": 1032.44, "Plans": [{"Node Type": "Nested Loop", "Parent Relationship": "Outer", "Join Type": "Inner", "Startup Cost": 1813.35, "Total Cost": 1151119.15, "Plan Rows": 396404, "Plan Width": 29, "Actual Min Startup Time": 581.646, "Actual Max Startup Time": 884.936, "Actual Min Total Time": 581.646, "Actual Max Total Time": 884.936, "Inner Unique": true, "Join Filter": "(mi_idx.movie_id = t.id), (LLVM Optimized)", "Rows Removed by Join Filter": 96982, "Plans": [{"Node Type": "Streaming(type: LOCAL REDISTRIBUTE dop: 64/1)", "Parent Relationship": "Outer", "Startup Cost": 0.0, "Total Cost": 114544.8, "Plan Rows": 345008, "Plan Width": 4, "Actual Min Startup Time": 541.132, "Actual Max Startup Time": 542.548, "Actual Min Total Time": 541.132, "Actual Max Total Time": 542.548, "Plans": [{"Node Type": "Nested Loop", "Parent Relationship": "Outer", "Join Type": "Inner", "Startup Cost": 0.0, "Total Cost": 37527.17, "Plan Rows": 345008, "Plan Width": 4, "Actual Min Startup Time": 611.945, "Actual Max Startup Time": 611.945, "Actual Min Total Time": 611.96, "Actual Max Total Time": 611.96, "Inner Unique": false, "Join Filter": "(it.id = mi_idx.info_type_id), (LLVM Optimized)", "Rows Removed by Join Filter": 1380024, "Plans": [{"Node Type": "Seq Scan", "Parent Relationship": "Outer", "Relation Name": "info_type", "Alias": "it", "Startup Cost": 0.0, "Total Cost": 2.4, "Plan Rows": 1, "Plan Width": 4, "Actual Min Startup Time": 0.067, "Actual Max Startup Time": 0.067, "Actual Min Total Time": 0.076, "Actual Max Total Time": 0.076, "Filter": "((info)::text = 'bottom 10 rank'::text)", "Rows Removed by Filter": 111, "Actual Rows": 1}, {"Node Type": "Seq Scan", "Parent Relationship": "Inner", "Relation Name": "movie_info_idx", "Alias": "mi_idx", "Startup Cost": 0.0, "Total Cost": 20274.34, "Plan Rows": 1380034, "Plan Width": 8, "Actual Min Startup Time": 0.049, "Actual Max Startup Time": 0.049, "Actual Min Total Time": 322.339, "Actual Max Total Time": 322.339, "Actual Rows": 1380034}], "Actual Rows": 10}], "Actual Rows": 10}, {"Node Type": "Materialize", "Parent Relationship": "Inner", "Startup Cost": 1813.35, "Total Cost": 127873.61, "Plan Rows": 719240, "Plan Width": 25, "Actual Min Startup Time": 38.602, "Actual Max Startup Time": 338.287, "Actual Min Total Time": 38.602, "Actual Max Total Time": 339.674, "Plans": [{"Node Type": "Streaming(type: LOCAL REDISTRIBUTE dop: 64/64)", "Parent Relationship": "Outer", "Startup Cost": 1813.35, "Total Cost": 127817.42, "Plan Rows": 719240, "Plan Width": 25, "Actual Min Startup Time": 0.119, "Actual Max Startup Time": 266.365, "Actual Min Total Time": 35.752, "Actual Max Total Time": 335.881, "Plans": [{"Node Type": "Seq Scan", "Parent Relationship": "Outer", "Relation Name": "title", "Alias": "t", "Startup Cost": 1813.35, "Total Cost": 64136.1, "Plan Rows": 719240, "Plan Width": 25, "Actual Min Startup Time": 0.031, "Actual Max Startup Time": 0.094, "Actual Min Total Time": 15.843, "Actual Max Total Time": 20.341, "Filter": "((production_year >= 2005) AND (production_year <= 2010)), (LLVM Optimized)", "Rows Removed by Filter": 1812052, "Actual Rows": 716259}], "Actual Rows": 716259}], "Actual Rows": 97050}], "Actual Rows": 4}], "Actual Rows": 4}, {"Node Type": "Bitmap Heap Scan", "Parent Relationship": "Inner", "Relation Name": "movie_companies", "Alias": "mc", "Startup Cost": 0.29, "Total Cost": 4.32, "Plan Rows": 2, "Plan Width": 32, "Actual Min Startup Time": 0.177, "Actual Max Startup Time": 0.177, "Actual Min Total Time": 0.229, "Actual Max Total Time": 0.229, "Recheck Cond": "(movie_id = mi_idx.movie_id)", "Rows Removed by Index Recheck": 0, "Filter": "((note)::text !~~ '%(as Metro-Goldwyn-Mayer Pictures)%'::text)", "Rows Removed by Filter": 7, "Exact Heap Blocks": 9, "Lossy Heap Blocks": 9, "Plans": [{"Node Type": "Bitmap Index Scan", "Parent Relationship": "Outer", "Index Name": "movie_id_movie_companies", "Startup Cost": 0.0, "Total Cost": 0.29, "Plan Rows": 2, "Plan Width": 0, "Actual Min Startup Time": 0.09, "Actual Max Startup Time": 0.09, "Actual Min Total Time": 0.09, "Actual Max Total Time": 0.09, "Index Cond": "(movie_id = mi_idx.movie_id)", "Actual Rows": 73}], "Actual Rows": 66}], "Actual Rows": 66}], "Actual Rows": 67}], "Actual Rows": 3}], "Actual Rows": 1}, "Triggers": [], "Planner Runtime": 3.52, "Total Runtime": 1077.439, "Unique SQL Id": 1162488282}}, "(64, '115')": {"explain_plan": {"Plan": {"Node Type": "Aggregate", "Strategy": "Plain", "Startup Cost": 3242481.36, "Total Cost": 3242481.37, "Plan Rows": 1, "Plan Width": 113, "Plans": [{"Node Type": "Nested Loop", "Parent Relationship": "Outer", "Join Type": "Inner", "Startup Cost": 7519.72, "Total Cost": 3239991.32, "Plan Rows": 332005, "Plan Width": 45, "Inner Unique": false, "Join Filter": "(mc.company_type_id = ct.id), (LLVM Optimized)", "Plans": [{"Node Type": "Bitmap Heap Scan", "Parent Relationship": "Outer", "Relation Name": "company_type", "Alias": "ct", "Startup Cost": 8.27, "Total Cost": 12.3, "Plan Rows": 1, "Plan Width": 4, "Filter": "((kind)::text = 'production companies'::text)", "Plans": [{"Node Type": "Bitmap Index Scan", "Parent Relationship": "Outer", "Index Name": "company_type_pkey", "Startup Cost": 0.0, "Total Cost": 8.27, "Plan Rows": 3, "Plan Width": 0}]}, {"Node Type": "Nested Loop", "Parent Relationship": "Inner", "Join Type": "Inner", "Startup Cost": 7511.45, "Total Cost": 3233114.03, "Plan Rows": 549199, "Plan Width": 49, "Inner Unique": false, "Join Filter": "(t.id = mc.movie_id), (LLVM Optimized)", "Plans": [{"Node Type": "Nested Loop", "Parent Relationship": "Outer", "Join Type": "Inner", "Startup Cost": 7511.16, "Total Cost": 1509451.47, "Plan Rows": 396404, "Plan Width": 29, "Inner Unique": true, "Plans": [{"Node Type": "Nested Loop", "Parent Relationship": "Outer", "Join Type": "Inner", "Startup Cost": 7510.87, "Total Cost": 21752.95, "Plan Rows": 345008, "Plan Width": 4, "Inner Unique": false, "Plans": [{"Node Type": "Bitmap Heap Scan", "Parent Relationship": "Outer", "Relation Name": "info_type", "Alias": "it", "Startup Cost": 8.81, "Total Cost": 14.21, "Plan Rows": 1, "Plan Width": 4, "Filter": "((info)::text = 'bottom 10 rank'::text)", "Plans": [{"Node Type": "Bitmap Index Scan", "Parent Relationship": "Outer", "Index Name": "info_type_pkey", "Startup Cost": 0.0, "Total Cost": 8.81, "Plan Rows": 112, "Plan Width": 0}]}, {"Node Type": "Bitmap Heap Scan", "Parent Relationship": "Inner", "Relation Name": "movie_info_idx", "Alias": "mi_idx", "Startup Cost": 7502.06, "Total Cost": 18288.66, "Plan Rows": 345008, "Plan Width": 8, "Recheck Cond": "(info_type_id = it.id), (LLVM Optimized)", "Plans": [{"Node Type": "Bitmap Index Scan", "Parent Relationship": "Outer", "Index Name": "info_type_id_movie_info_idx", "Startup Cost": 0.0, "Total Cost": 7415.81, "Plan Rows": 345008, "Plan Width": 0, "Index Cond": "(info_type_id = it.id)"}]}]}, {"Node Type": "Bitmap Heap Scan", "Parent Relationship": "Inner", "Relation Name": "title", "Alias": "t", "Startup Cost": 0.28, "Total Cost": 4.3, "Plan Rows": 1, "Plan Width": 25, "Recheck Cond": "(id = mi_idx.movie_id)", "Filter": "((production_year >= 2005) AND (production_year <= 2010))", "Plans": [{"Node Type": "Bitmap Index Scan", "Parent Relationship": "Outer", "Index Name": "title_pkey", "Startup Cost": 0.0, "Total Cost": 0.28, "Plan Rows": 1, "Plan Width": 0, "Index Cond": "(id = mi_idx.movie_id)"}]}]}, {"Node Type": "Bitmap Heap Scan", "Parent Relationship": "Inner", "Relation Name": "movie_companies", "Alias": "mc", "Startup Cost": 0.29, "Total Cost": 4.32, "Plan Rows": 2, "Plan Width": 32, "Recheck Cond": "(movie_id = mi_idx.movie_id)", "Filter": "((note)::text !~~ '%(as Metro-Goldwyn-Mayer Pictures)%'::text)", "Plans": [{"Node Type": "Bitmap Index Scan", "Parent Relationship": "Outer", "Index Name": "movie_id_movie_companies", "Startup Cost": 0.0, "Total Cost": 0.29, "Plan Rows": 2, "Plan Width": 0, "Index Cond": "(movie_id = mi_idx.movie_id)"}]}]}]}]}, "Unique SQL Id": 1162488282, "Planner Runtime": 2}, "explain_analyze_plan": {"Plan": {"Node Type": "Aggregate", "Strategy": "Plain", "Startup Cost": 3242481.36, "Total Cost": 3242481.37, "Plan Rows": 1, "Plan Width": 113, "Actual Startup Time": 0.542, "Actual Total Time": 0.542, "Actual Rows": 1, "Actual Loops": 1, "Plans": [{"Node Type": "Nested Loop", "Parent Relationship": "Outer", "Join Type": "Inner", "Startup Cost": 7519.72, "Total Cost": 3239991.32, "Plan Rows": 332005, "Plan Width": 45, "Actual Startup Time": 0.513, "Actual Total Time": 0.52, "Actual Rows": 3, "Actual Loops": 1, "Inner Unique": false, "Join Filter": "(mc.company_type_id = ct.id), (LLVM Optimized)", "Rows Removed by Join Filter": 63, "Plans": [{"Node Type": "Bitmap Heap Scan", "Parent Relationship": "Outer", "Relation Name": "company_type", "Alias": "ct", "Startup Cost": 8.27, "Total Cost": 12.3, "Plan Rows": 1, "Plan Width": 4, "Actual Startup Time": 0.05, "Actual Total Time": 0.051, "Actual Rows": 1, "Actual Loops": 1, "Filter": "((kind)::text = 'production companies'::text)", "Rows Removed by Filter": 2, "Exact Heap Blocks": 1, "Lossy Heap Blocks": 1, "Plans": [{"Node Type": "Bitmap Index Scan", "Parent Relationship": "Outer", "Index Name": "company_type_pkey", "Startup Cost": 0.0, "Total Cost": 8.27, "Plan Rows": 3, "Plan Width": 0, "Actual Startup Time": 0.018, "Actual Total Time": 0.018, "Actual Rows": 3, "Actual Loops": 1}]}, {"Node Type": "Nested Loop", "Parent Relationship": "Inner", "Join Type": "Inner", "Startup Cost": 7511.45, "Total Cost": 3233114.03, "Plan Rows": 549199, "Plan Width": 49, "Actual Startup Time": 0.248, "Actual Total Time": 0.446, "Actual Rows": 66, "Actual Loops": 1, "Inner Unique": false, "Join Filter": "(t.id = mc.movie_id), (LLVM Optimized)", "Rows Removed by Join Filter": 0, "Plans": [{"Node Type": "Nested Loop", "Parent Relationship": "Outer", "Join Type": "Inner", "Startup Cost": 7511.16, "Total Cost": 1509451.47, "Plan Rows": 396404, "Plan Width": 29, "Actual Startup Time": 0.212, "Actual Total Time": 0.269, "Actual Rows": 4, "Actual Loops": 1, "Inner Unique": true, "Plans": [{"Node Type": "Nested Loop", "Parent Relationship": "Outer", "Join Type": "Inner", "Startup Cost": 7510.87, "Total Cost": 21752.95, "Plan Rows": 345008, "Plan Width": 4, "Actual Startup Time": 0.107, "Actual Total Time": 0.11, "Actual Rows": 10, "Actual Loops": 1, "Inner Unique": false, "Plans": [{"Node Type": "Bitmap Heap Scan", "Parent Relationship": "Outer", "Relation Name": "info_type", "Alias": "it", "Startup Cost": 8.81, "Total Cost": 14.21, "Plan Rows": 1, "Plan Width": 4, "Actual Startup Time": 0.071, "Actual Total Time": 0.071, "Actual Rows": 1, "Actual Loops": 1, "Filter": "((info)::text = 'bottom 10 rank'::text)", "Rows Removed by Filter": 111, "Exact Heap Blocks": 1, "Lossy Heap Blocks": 1, "Plans": [{"Node Type": "Bitmap Index Scan", "Parent Relationship": "Outer", "Index Name": "info_type_pkey", "Startup Cost": 0.0, "Total Cost": 8.81, "Plan Rows": 112, "Plan Width": 0, "Actual Startup Time": 0.011, "Actual Total Time": 0.011, "Actual Rows": 112, "Actual Loops": 1}]}, {"Node Type": "Bitmap Heap Scan", "Parent Relationship": "Inner", "Relation Name": "movie_info_idx", "Alias": "mi_idx", "Startup Cost": 7502.06, "Total Cost": 18288.66, "Plan Rows": 345008, "Plan Width": 8, "Actual Startup Time": 0.033, "Actual Total Time": 0.033, "Actual Rows": 10, "Actual Loops": 1, "Recheck Cond": "(info_type_id = it.id), (LLVM Optimized)", "Rows Removed by Index Recheck": 0, "Exact Heap Blocks": 1, "Lossy Heap Blocks": 1, "Plans": [{"Node Type": "Bitmap Index Scan", "Parent Relationship": "Outer", "Index Name": "info_type_id_movie_info_idx", "Startup Cost": 0.0, "Total Cost": 7415.81, "Plan Rows": 345008, "Plan Width": 0, "Actual Startup Time": 0.015, "Actual Total Time": 0.015, "Actual Rows": 10, "Actual Loops": 1, "Index Cond": "(info_type_id = it.id)"}]}]}, {"Node Type": "Bitmap Heap Scan", "Parent Relationship": "Inner", "Relation Name": "title", "Alias": "t", "Startup Cost": 0.28, "Total Cost": 4.3, "Plan Rows": 1, "Plan Width": 25, "Actual Startup Time": 0.137, "Actual Total Time": 0.137, "Actual Rows": 4, "Actual Loops": 10, "Recheck Cond": "(id = mi_idx.movie_id)", "Rows Removed by Index Recheck": 0, "Filter": "((production_year >= 2005) AND (production_year <= 2010))", "Rows Removed by Filter": 6, "Exact Heap Blocks": 10, "Lossy Heap Blocks": 10, "Plans": [{"Node Type": "Bitmap Index Scan", "Parent Relationship": "Outer", "Index Name": "title_pkey", "Startup Cost": 0.0, "Total Cost": 0.28, "Plan Rows": 1, "Plan Width": 0, "Actual Startup Time": 0.084, "Actual Total Time": 0.084, "Actual Rows": 10, "Actual Loops": 10, "Index Cond": "(id = mi_idx.movie_id)"}]}]}, {"Node Type": "Bitmap Heap Scan", "Parent Relationship": "Inner", "Relation Name": "movie_companies", "Alias": "mc", "Startup Cost": 0.29, "Total Cost": 4.32, "Plan Rows": 2, "Plan Width": 32, "Actual Startup Time": 0.098, "Actual Total Time": 0.148, "Actual Rows": 66, "Actual Loops": 4, "Recheck Cond": "(movie_id = mi_idx.movie_id)", "Rows Removed by Index Recheck": 0, "Filter": "((note)::text !~~ '%(as Metro-Goldwyn-Mayer Pictures)%'::text)", "Rows Removed by Filter": 7, "Exact Heap Blocks": 9, "Lossy Heap Blocks": 9, "Plans": [{"Node Type": "Bitmap Index Scan", "Parent Relationship": "Outer", "Index Name": "movie_id_movie_companies", "Startup Cost": 0.0, "Total Cost": 0.29, "Plan Rows": 2, "Plan Width": 0, "Actual Startup Time": 0.052, "Actual Total Time": 0.052, "Actual Rows": 73, "Actual Loops": 4, "Index Cond": "(movie_id = mi_idx.movie_id)"}]}]}]}]}, "Triggers": [], "Planner Runtime": 2.816, "Total Runtime": 10.468, "Unique SQL Id": 1162488282}}, "(64, '116')": {"explain_plan": {"Plan": {"Node Type": "Aggregate", "Strategy": "Plain", "Startup Cost": 329380.46, "Total Cost": 329380.47, "Plan Rows": 1, "Plan Width": 113, "Plans": [{"Node Type": "Nested Loop", "Parent Relationship": "Outer", "Join Type": "Inner", "Startup Cost": 7502.06, "Total Cost": 326890.42, "Plan Rows": 332005, "Plan Width": 45, "Inner Unique": false, "Join Filter": "(mc.company_type_id = ct.id), (LLVM Optimized)", "Plans": [{"Node Type": "Seq Scan", "Parent Relationship": "Outer", "Relation Name": "company_type", "Alias": "ct", "Startup Cost": 0.0, "Total Cost": 1.04, "Plan Rows": 1, "Plan Width": 4, "Filter": "((kind)::text = 'production companies'::text)"}, {"Node Type": "Nested Loop", "Parent Relationship": "Inner", "Join Type": "Inner", "Startup Cost": 7502.06, "Total Cost": 320024.4, "Plan Rows": 549199, "Plan Width": 49, "Inner Unique": false, "Join Filter": "(t.id = mc.movie_id), (LLVM Optimized)", "Plans": [{"Node Type": "Nested Loop", "Parent Relationship": "Outer", "Join Type": "Inner", "Startup Cost": 7502.06, "Total Cost": 164107.36, "Plan Rows": 396404, "Plan Width": 29, "Inner Unique": true, "Plans": [{"Node Type": "Nested Loop", "Parent Relationship": "Outer", "Join Type": "Inner", "Startup Cost": 7502.06, "Total Cost": 21741.14, "Plan Rows": 345008, "Plan Width": 4, "Inner Unique": false, "Plans": [{"Node Type": "Seq Scan", "Parent Relationship": "Outer", "Relation Name": "info_type", "Alias": "it", "Startup Cost": 0.0, "Total Cost": 2.4, "Plan Rows": 1, "Plan Width": 4, "Filter": "((info)::text = 'bottom 10 rank'::text)"}, {"Node Type": "Bitmap Heap Scan", "Parent Relationship": "Inner", "Relation Name": "movie_info_idx", "Alias": "mi_idx", "Startup Cost": 7502.06, "Total Cost": 18288.66, "Plan Rows": 345008, "Plan Width": 8, "Recheck Cond": "(info_type_id = it.id), (LLVM Optimized)", "Plans": [{"Node Type": "Bitmap Index Scan", "Parent Relationship": "Outer", "Index Name": "info_type_id_movie_info_idx", "Startup Cost": 0.0, "Total Cost": 7415.81, "Plan Rows": 345008, "Plan Width": 0, "Index Cond": "(info_type_id = it.id)"}]}]}, {"Node Type": "Index Scan", "Parent Relationship": "Inner", "Scan Direction": "Forward", "Index Name": "title_pkey", "Relation Name": "title", "Alias": "t", "Startup Cost": 0.0, "Total Cost": 0.4, "Plan Rows": 1, "Plan Width": 25, "Index Cond": "(id = mi_idx.movie_id)", "Filter": "((production_year >= 2005) AND (production_year <= 2010))"}]}, {"Node Type": "Index Scan", "Parent Relationship": "Inner", "Scan Direction": "Forward", "Index Name": "movie_id_movie_companies", "Relation Name": "movie_companies", "Alias": "mc", "Startup Cost": 0.0, "Total Cost": 0.37, "Plan Rows": 2, "Plan Width": 32, "Index Cond": "(movie_id = mi_idx.movie_id)", "Filter": "((note)::text !~~ '%(as Metro-Goldwyn-Mayer Pictures)%'::text)"}]}]}]}, "Unique SQL Id": 1162488282, "Planner Runtime": 2}, "explain_analyze_plan": {"Plan": {"Node Type": "Aggregate", "Strategy": "Plain", "Startup Cost": 329380.46, "Total Cost": 329380.47, "Plan Rows": 1, "Plan Width": 113, "Actual Startup Time": 0.422, "Actual Total Time": 0.422, "Actual Rows": 1, "Actual Loops": 1, "Plans": [{"Node Type": "Nested Loop", "Parent Relationship": "Outer", "Join Type": "Inner", "Startup Cost": 7502.06, "Total Cost": 326890.42, "Plan Rows": 332005, "Plan Width": 45, "Actual Startup Time": 0.395, "Actual Total Time": 0.406, "Actual Rows": 3, "Actual Loops": 1, "Inner Unique": false, "Join Filter": "(mc.company_type_id = ct.id), (LLVM Optimized)", "Rows Removed by Join Filter": 63, "Plans": [{"Node Type": "Seq Scan", "Parent Relationship": "Outer", "Relation Name": "company_type", "Alias": "ct", "Startup Cost": 0.0, "Total Cost": 1.04, "Plan Rows": 1, "Plan Width": 4, "Actual Startup Time": 0.02, "Actual Total Time": 0.022, "Actual Rows": 1, "Actual Loops": 1, "Filter": "((kind)::text = 'production companies'::text)", "Rows Removed by Filter": 2}, {"Node Type": "Nested Loop", "Parent Relationship": "Inner", "Join Type": "Inner", "Startup Cost": 7502.06, "Total Cost": 320024.4, "Plan Rows": 549199, "Plan Width": 49, "Actual Startup Time": 0.194, "Actual Total Time": 0.365, "Actual Rows": 66, "Actual Loops": 1, "Inner Unique": false, "Join Filter": "(t.id = mc.movie_id), (LLVM Optimized)", "Rows Removed by Join Filter": 0, "Plans": [{"Node Type": "Nested Loop", "Parent Relationship": "Outer", "Join Type": "Inner", "Startup Cost": 7502.06, "Total Cost": 164107.36, "Plan Rows": 396404, "Plan Width": 29, "Actual Startup Time": 0.173, "Actual Total Time": 0.22, "Actual Rows": 4, "Actual Loops": 1, "Inner Unique": true, "Plans": [{"Node Type": "Nested Loop", "Parent Relationship": "Outer", "Join Type": "Inner", "Startup Cost": 7502.06, "Total Cost": 21741.14, "Plan Rows": 345008, "Plan Width": 4, "Actual Startup Time": 0.087, "Actual Total Time": 0.094, "Actual Rows": 10, "Actual Loops": 1, "Inner Unique": false, "Plans": [{"Node Type": "Seq Scan", "Parent Relationship": "Outer", "Relation Name": "info_type", "Alias": "it", "Startup Cost": 0.0, "Total Cost": 2.4, "Plan Rows": 1, "Plan Width": 4, "Actual Startup Time": 0.045, "Actual Total Time": 0.049, "Actual Rows": 1, "Actual Loops": 1, "Filter": "((info)::text = 'bottom 10 rank'::text)", "Rows Removed by Filter": 111}, {"Node Type": "Bitmap Heap Scan", "Parent Relationship": "Inner", "Relation Name": "movie_info_idx", "Alias": "mi_idx", "Startup Cost": 7502.06, "Total Cost": 18288.66, "Plan Rows": 345008, "Plan Width": 8, "Actual Startup Time": 0.038, "Actual Total Time": 0.039, "Actual Rows": 10, "Actual Loops": 1, "Recheck Cond": "(info_type_id = it.id), (LLVM Optimized)", "Rows Removed by Index Recheck": 0, "Exact Heap Blocks": 1, "Lossy Heap Blocks": 1, "Plans": [{"Node Type": "Bitmap Index Scan", "Parent Relationship": "Outer", "Index Name": "info_type_id_movie_info_idx", "Startup Cost": 0.0, "Total Cost": 7415.81, "Plan Rows": 345008, "Plan Width": 0, "Actual Startup Time": 0.019, "Actual Total Time": 0.019, "Actual Rows": 10, "Actual Loops": 1, "Index Cond": "(info_type_id = it.id)"}]}]}, {"Node Type": "Index Scan", "Parent Relationship": "Inner", "Scan Direction": "Forward", "Index Name": "title_pkey", "Relation Name": "title", "Alias": "t", "Startup Cost": 0.0, "Total Cost": 0.4, "Plan Rows": 1, "Plan Width": 25, "Actual Startup Time": 0.113, "Actual Total Time": 0.113, "Actual Rows": 4, "Actual Loops": 10, "Index Cond": "(id = mi_idx.movie_id)", "Rows Removed by Index Recheck": 0, "Filter": "((production_year >= 2005) AND (production_year <= 2010))", "Rows Removed by Filter": 6}]}, {"Node Type": "Index Scan", "Parent Relationship": "Inner", "Scan Direction": "Forward", "Index Name": "movie_id_movie_companies", "Relation Name": "movie_companies", "Alias": "mc", "Startup Cost": 0.0, "Total Cost": 0.37, "Plan Rows": 2, "Plan Width": 32, "Actual Startup Time": 0.053, "Actual Total Time": 0.116, "Actual Rows": 66, "Actual Loops": 4, "Index Cond": "(movie_id = mi_idx.movie_id)", "Rows Removed by Index Recheck": 0, "Filter": "((note)::text !~~ '%(as Metro-Goldwyn-Mayer Pictures)%'::text)", "Rows Removed by Filter": 7}]}]}]}, "Triggers": [], "Planner Runtime": 2.977, "Total Runtime": 10.296, "Unique SQL Id": 1162488282}}, "(64, '117')": {"explain_plan": {"Plan": {"Node Type": "Aggregate", "Strategy": "Plain", "Startup Cost": 329403.54, "Total Cost": 329403.55, "Plan Rows": 1, "Plan Width": 113, "Plans": [{"Node Type": "Nested Loop", "Parent Relationship": "Outer", "Join Type": "Inner", "Startup Cost": 7502.06, "Total Cost": 326913.5, "Plan Rows": 332005, "Plan Width": 45, "Inner Unique": false, "Join Filter": "(mc.company_type_id = ct.id), (LLVM Optimized)", "Plans": [{"Node Type": "Index Scan", "Parent Relationship": "Outer", "Scan Direction": "Forward", "Index Name": "company_type_pkey", "Relation Name": "company_type", "Alias": "ct", "Startup Cost": 0.0, "Total Cost": 12.3, "Plan Rows": 1, "Plan Width": 4, "Filter": "((kind)::text = 'production companies'::text)"}, {"Node Type": "Nested Loop", "Parent Relationship": "Inner", "Join Type": "Inner", "Startup Cost": 7502.06, "Total Cost": 320036.21, "Plan Rows": 549199, "Plan Width": 49, "Inner Unique": false, "Join Filter": "(t.id = mc.movie_id), (LLVM Optimized)", "Plans": [{"Node Type": "Nested Loop", "Parent Relationship": "Outer", "Join Type": "Inner", "Startup Cost": 7502.06, "Total Cost": 164119.17, "Plan Rows": 396404, "Plan Width": 29, "Inner Unique": true, "Plans": [{"Node Type": "Nested Loop", "Parent Relationship": "Outer", "Join Type": "Inner", "Startup Cost": 7502.06, "Total Cost": 21752.95, "Plan Rows": 345008, "Plan Width": 4, "Inner Unique": false, "Plans": [{"Node Type": "Index Scan", "Parent Relationship": "Outer", "Scan Direction": "Forward", "Index Name": "info_type_pkey", "Relation Name": "info_type", "Alias": "it", "Startup Cost": 0.0, "Total Cost": 14.21, "Plan Rows": 1, "Plan Width": 4, "Filter": "((info)::text = 'bottom 10 rank'::text)"}, {"Node Type": "Bitmap Heap Scan", "Parent Relationship": "Inner", "Relation Name": "movie_info_idx", "Alias": "mi_idx", "Startup Cost": 7502.06, "Total Cost": 18288.66, "Plan Rows": 345008, "Plan Width": 8, "Recheck Cond": "(info_type_id = it.id), (LLVM Optimized)", "Plans": [{"Node Type": "Bitmap Index Scan", "Parent Relationship": "Outer", "Index Name": "info_type_id_movie_info_idx", "Startup Cost": 0.0, "Total Cost": 7415.81, "Plan Rows": 345008, "Plan Width": 0, "Index Cond": "(info_type_id = it.id)"}]}]}, {"Node Type": "Index Scan", "Parent Relationship": "Inner", "Scan Direction": "Forward", "Index Name": "title_pkey", "Relation Name": "title", "Alias": "t", "Startup Cost": 0.0, "Total Cost": 0.4, "Plan Rows": 1, "Plan Width": 25, "Index Cond": "(id = mi_idx.movie_id)", "Filter": "((production_year >= 2005) AND (production_year <= 2010))"}]}, {"Node Type": "Index Scan", "Parent Relationship": "Inner", "Scan Direction": "Forward", "Index Name": "movie_id_movie_companies", "Relation Name": "movie_companies", "Alias": "mc", "Startup Cost": 0.0, "Total Cost": 0.37, "Plan Rows": 2, "Plan Width": 32, "Index Cond": "(movie_id = mi_idx.movie_id)", "Filter": "((note)::text !~~ '%(as Metro-Goldwyn-Mayer Pictures)%'::text)"}]}]}]}, "Unique SQL Id": 1162488282, "Planner Runtime": 2}, "explain_analyze_plan": {"Plan": {"Node Type": "Aggregate", "Strategy": "Plain", "Startup Cost": 329403.54, "Total Cost": 329403.55, "Plan Rows": 1, "Plan Width": 113, "Actual Startup Time": 0.342, "Actual Total Time": 0.342, "Actual Rows": 1, "Actual Loops": 1, "Plans": [{"Node Type": "Nested Loop", "Parent Relationship": "Outer", "Join Type": "Inner", "Startup Cost": 7502.06, "Total Cost": 326913.5, "Plan Rows": 332005, "Plan Width": 45, "Actual Startup Time": 0.32, "Actual Total Time": 0.328, "Actual Rows": 3, "Actual Loops": 1, "Inner Unique": false, "Join Filter": "(mc.company_type_id = ct.id), (LLVM Optimized)", "Rows Removed by Join Filter": 63, "Plans": [{"Node Type": "Index Scan", "Parent Relationship": "Outer", "Scan Direction": "Forward", "Index Name": "company_type_pkey", "Relation Name": "company_type", "Alias": "ct", "Startup Cost": 0.0, "Total Cost": 12.3, "Plan Rows": 1, "Plan Width": 4, "Actual Startup Time": 0.021, "Actual Total Time": 0.024, "Actual Rows": 1, "Actual Loops": 1, "Filter": "((kind)::text = 'production companies'::text)", "Rows Removed by Filter": 2}, {"Node Type": "Nested Loop", "Parent Relationship": "Inner", "Join Type": "Inner", "Startup Cost": 7502.06, "Total Cost": 320036.21, "Plan Rows": 549199, "Plan Width": 49, "Actual Startup Time": 0.155, "Actual Total Time": 0.288, "Actual Rows": 66, "Actual Loops": 1, "Inner Unique": false, "Join Filter": "(t.id = mc.movie_id), (LLVM Optimized)", "Rows Removed by Join Filter": 0, "Plans": [{"Node Type": "Nested Loop", "Parent Relationship": "Outer", "Join Type": "Inner", "Startup Cost": 7502.06, "Total Cost": 164119.17, "Plan Rows": 396404, "Plan Width": 29, "Actual Startup Time": 0.137, "Actual Total Time": 0.167, "Actual Rows": 4, "Actual Loops": 1, "Inner Unique": true, "Plans": [{"Node Type": "Nested Loop", "Parent Relationship": "Outer", "Join Type": "Inner", "Startup Cost": 7502.06, "Total Cost": 21752.95, "Plan Rows": 345008, "Plan Width": 4, "Actual Startup Time": 0.082, "Actual Total Time": 0.085, "Actual Rows": 10, "Actual Loops": 1, "Inner Unique": false, "Plans": [{"Node Type": "Index Scan", "Parent Relationship": "Outer", "Scan Direction": "Forward", "Index Name": "info_type_pkey", "Relation Name": "info_type", "Alias": "it", "Startup Cost": 0.0, "Total Cost": 14.21, "Plan Rows": 1, "Plan Width": 4, "Actual Startup Time": 0.059, "Actual Total Time": 0.06, "Actual Rows": 1, "Actual Loops": 1, "Filter": "((info)::text = 'bottom 10 rank'::text)", "Rows Removed by Filter": 111}, {"Node Type": "Bitmap Heap Scan", "Parent Relationship": "Inner", "Relation Name": "movie_info_idx", "Alias": "mi_idx", "Startup Cost": 7502.06, "Total Cost": 18288.66, "Plan Rows": 345008, "Plan Width": 8, "Actual Startup Time": 0.018, "Actual Total Time": 0.018, "Actual Rows": 10, "Actual Loops": 1, "Recheck Cond": "(info_type_id = it.id), (LLVM Optimized)", "Rows Removed by Index Recheck": 0, "Exact Heap Blocks": 1, "Lossy Heap Blocks": 1, "Plans": [{"Node Type": "Bitmap Index Scan", "Parent Relationship": "Outer", "Index Name": "info_type_id_movie_info_idx", "Startup Cost": 0.0, "Total Cost": 7415.81, "Plan Rows": 345008, "Plan Width": 0, "Actual Startup Time": 0.01, "Actual Total Time": 0.01, "Actual Rows": 10, "Actual Loops": 1, "Index Cond": "(info_type_id = it.id)"}]}]}, {"Node Type": "Index Scan", "Parent Relationship": "Inner", "Scan Direction": "Forward", "Index Name": "title_pkey", "Relation Name": "title", "Alias": "t", "Startup Cost": 0.0, "Total Cost": 0.4, "Plan Rows": 1, "Plan Width": 25, "Actual Startup Time": 0.071, "Actual Total Time": 0.071, "Actual Rows": 4, "Actual Loops": 10, "Index Cond": "(id = mi_idx.movie_id)", "Rows Removed by Index Recheck": 0, "Filter": "((production_year >= 2005) AND (production_year <= 2010))", "Rows Removed by Filter": 6}]}, {"Node Type": "Index Scan", "Parent Relationship": "Inner", "Scan Direction": "Forward", "Index Name": "movie_id_movie_companies", "Relation Name": "movie_companies", "Alias": "mc", "Startup Cost": 0.0, "Total Cost": 0.37, "Plan Rows": 2, "Plan Width": 32, "Actual Startup Time": 0.038, "Actual Total Time": 0.095, "Actual Rows": 66, "Actual Loops": 4, "Index Cond": "(movie_id = mi_idx.movie_id)", "Rows Removed by Index Recheck": 0, "Filter": "((note)::text !~~ '%(as Metro-Goldwyn-Mayer Pictures)%'::text)", "Rows Removed by Filter": 7}]}]}]}, "Triggers": [], "Planner Runtime": 2.685, "Total Runtime": 10.183, "Unique SQL Id": 1162488282}}, "(64, '118')": {"explain_plan": {"Plan": {"Node Type": "Aggregate", "Strategy": "Plain", "Startup Cost": 2892315.54, "Total Cost": 2892315.55, "Plan Rows": 1, "Plan Width": 113, "Plans": [{"Node Type": "Nested Loop", "Parent Relationship": "Outer", "Join Type": "Inner", "Startup Cost": 1813.65, "Total Cost": 2889825.5, "Plan Rows": 332005, "Plan Width": 45, "Inner Unique": false, "Join Filter": "(mc.company_type_id = ct.id), (LLVM Optimized)", "Plans": [{"Node Type": "Seq Scan", "Parent Relationship": "Outer", "Relation Name": "company_type", "Alias": "ct", "Startup Cost": 0.0, "Total Cost": 1.04, "Plan Rows": 1, "Plan Width": 4, "Filter": "((kind)::text = 'production companies'::text)"}, {"Node Type": "Materialize", "Parent Relationship": "Inner", "Startup Cost": 1813.65, "Total Cost": 2884332.47, "Plan Rows": 549199, "Plan Width": 49, "Plans": [{"Node Type": "Nested Loop", "Parent Relationship": "Outer", "Join Type": "Inner", "Startup Cost": 1813.65, "Total Cost": 2882959.47, "Plan Rows": 549199, "Plan Width": 49, "Inner Unique": false, "Join Filter": "(t.id = mc.movie_id), (LLVM Optimized)", "Plans": [{"Node Type": "Streaming(type: LOCAL GATHER dop: 1/64)", "Parent Relationship": "Outer", "Startup Cost": 1813.35, "Total Cost": 1159296.91, "Plan Rows": 396404, "Plan Width": 29, "Plans": [{"Node Type": "Nested Loop", "Parent Relationship": "Outer", "Join Type": "Inner", "Startup Cost": 1813.35, "Total Cost": 1151119.15, "Plan Rows": 396404, "Plan Width": 29, "Inner Unique": true, "Join Filter": "(mi_idx.movie_id = t.id), (LLVM Optimized)", "Plans": [{"Node Type": "Streaming(type: LOCAL REDISTRIBUTE dop: 64/1)", "Parent Relationship": "Outer", "Startup Cost": 0.0, "Total Cost": 114544.8, "Plan Rows": 345008, "Plan Width": 4, "Plans": [{"Node Type": "Nested Loop", "Parent Relationship": "Outer", "Join Type": "Inner", "Startup Cost": 0.0, "Total Cost": 37527.17, "Plan Rows": 345008, "Plan Width": 4, "Inner Unique": false, "Join Filter": "(it.id = mi_idx.info_type_id), (LLVM Optimized)", "Plans": [{"Node Type": "Seq Scan", "Parent Relationship": "Outer", "Relation Name": "info_type", "Alias": "it", "Startup Cost": 0.0, "Total Cost": 2.4, "Plan Rows": 1, "Plan Width": 4, "Filter": "((info)::text = 'bottom 10 rank'::text)"}, {"Node Type": "Seq Scan", "Parent Relationship": "Inner", "Relation Name": "movie_info_idx", "Alias": "mi_idx", "Startup Cost": 0.0, "Total Cost": 20274.34, "Plan Rows": 1380034, "Plan Width": 8}]}]}, {"Node Type": "Materialize", "Parent Relationship": "Inner", "Startup Cost": 1813.35, "Total Cost": 127873.61, "Plan Rows": 719240, "Plan Width": 25, "Plans": [{"Node Type": "Streaming(type: LOCAL REDISTRIBUTE dop: 64/64)", "Parent Relationship": "Outer", "Startup Cost": 1813.35, "Total Cost": 127817.42, "Plan Rows": 719240, "Plan Width": 25, "Plans": [{"Node Type": "Seq Scan", "Parent Relationship": "Outer", "Relation Name": "title", "Alias": "t", "Startup Cost": 1813.35, "Total Cost": 64136.1, "Plan Rows": 719240, "Plan Width": 25, "Filter": "((production_year >= 2005) AND (production_year <= 2010)), (LLVM Optimized)"}]}]}]}]}, {"Node Type": "Bitmap Heap Scan", "Parent Relationship": "Inner", "Relation Name": "movie_companies", "Alias": "mc", "Startup Cost": 0.29, "Total Cost": 4.32, "Plan Rows": 2, "Plan Width": 32, "Recheck Cond": "(movie_id = mi_idx.movie_id)", "Filter": "((note)::text !~~ '%(as Metro-Goldwyn-Mayer Pictures)%'::text)", "Plans": [{"Node Type": "Bitmap Index Scan", "Parent Relationship": "Outer", "Index Name": "movie_id_movie_companies", "Startup Cost": 0.0, "Total Cost": 0.29, "Plan Rows": 2, "Plan Width": 0, "Index Cond": "(movie_id = mi_idx.movie_id)"}]}]}]}]}]}, "Unique SQL Id": 1162488282, "Planner Runtime": 3}, "explain_analyze_plan": {"Plan": {"Node Type": "Aggregate", "Strategy": "Plain", "Startup Cost": 2892315.54, "Total Cost": 2892315.55, "Plan Rows": 1, "Plan Width": 113, "Actual Min Startup Time": 1032.845, "Actual Max Startup Time": 1032.845, "Actual Min Total Time": 1032.846, "Actual Max Total Time": 1032.846, "Plans": [{"Node Type": "Nested Loop", "Parent Relationship": "Outer", "Join Type": "Inner", "Startup Cost": 1813.65, "Total Cost": 2889825.5, "Plan Rows": 332005, "Plan Width": 45, "Actual Min Startup Time": 1032.808, "Actual Max Startup Time": 1032.808, "Actual Min Total Time": 1032.817, "Actual Max Total Time": 1032.817, "Inner Unique": false, "Join Filter": "(mc.company_type_id = ct.id), (LLVM Optimized)", "Rows Removed by Join Filter": 63, "Plans": [{"Node Type": "Seq Scan", "Parent Relationship": "Outer", "Relation Name": "company_type", "Alias": "ct", "Startup Cost": 0.0, "Total Cost": 1.04, "Plan Rows": 1, "Plan Width": 4, "Actual Min Startup Time": 0.017, "Actual Max Startup Time": 0.017, "Actual Min Total Time": 0.02, "Actual Max Total Time": 0.02, "Filter": "((kind)::text = 'production companies'::text)", "Rows Removed by Filter": 2, "Actual Rows": 1}, {"Node Type": "Materialize", "Parent Relationship": "Inner", "Startup Cost": 1813.65, "Total Cost": 2884332.47, "Plan Rows": 549199, "Plan Width": 49, "Actual Min Startup Time": 1032.76, "Actual Max Startup Time": 1032.76, "Actual Min Total Time": 1032.77, "Actual Max Total Time": 1032.77, "Plans": [{"Node Type": "Nested Loop", "Parent Relationship": "Outer", "Join Type": "Inner", "Startup Cost": 1813.65, "Total Cost": 2882959.47, "Plan Rows": 549199, "Plan Width": 49, "Actual Min Startup Time": 1029.755, "Actual Max Startup Time": 1029.755, "Actual Min Total Time": 1032.718, "Actual Max Total Time": 1032.718, "Inner Unique": false, "Join Filter": "(t.id = mc.movie_id), (LLVM Optimized)", "Rows Removed by Join Filter": 0, "Plans": [{"Node Type": "Streaming(type: LOCAL GATHER dop: 1/64)", "Parent Relationship": "Outer", "Startup Cost": 1813.35, "Total Cost": 1159296.91, "Plan Rows": 396404, "Plan Width": 29, "Actual Min Startup Time": 1029.617, "Actual Max Startup Time": 1029.617, "Actual Min Total Time": 1032.44, "Actual Max Total Time": 1032.44, "Plans": [{"Node Type": "Nested Loop", "Parent Relationship": "Outer", "Join Type": "Inner", "Startup Cost": 1813.35, "Total Cost": 1151119.15, "Plan Rows": 396404, "Plan Width": 29, "Actual Min Startup Time": 581.646, "Actual Max Startup Time": 884.936, "Actual Min Total Time": 581.646, "Actual Max Total Time": 884.936, "Inner Unique": true, "Join Filter": "(mi_idx.movie_id = t.id), (LLVM Optimized)", "Rows Removed by Join Filter": 96982, "Plans": [{"Node Type": "Streaming(type: LOCAL REDISTRIBUTE dop: 64/1)", "Parent Relationship": "Outer", "Startup Cost": 0.0, "Total Cost": 114544.8, "Plan Rows": 345008, "Plan Width": 4, "Actual Min Startup Time": 541.132, "Actual Max Startup Time": 542.548, "Actual Min Total Time": 541.132, "Actual Max Total Time": 542.548, "Plans": [{"Node Type": "Nested Loop", "Parent Relationship": "Outer", "Join Type": "Inner", "Startup Cost": 0.0, "Total Cost": 37527.17, "Plan Rows": 345008, "Plan Width": 4, "Actual Min Startup Time": 611.945, "Actual Max Startup Time": 611.945, "Actual Min Total Time": 611.96, "Actual Max Total Time": 611.96, "Inner Unique": false, "Join Filter": "(it.id = mi_idx.info_type_id), (LLVM Optimized)", "Rows Removed by Join Filter": 1380024, "Plans": [{"Node Type": "Seq Scan", "Parent Relationship": "Outer", "Relation Name": "info_type", "Alias": "it", "Startup Cost": 0.0, "Total Cost": 2.4, "Plan Rows": 1, "Plan Width": 4, "Actual Min Startup Time": 0.067, "Actual Max Startup Time": 0.067, "Actual Min Total Time": 0.076, "Actual Max Total Time": 0.076, "Filter": "((info)::text = 'bottom 10 rank'::text)", "Rows Removed by Filter": 111, "Actual Rows": 1}, {"Node Type": "Seq Scan", "Parent Relationship": "Inner", "Relation Name": "movie_info_idx", "Alias": "mi_idx", "Startup Cost": 0.0, "Total Cost": 20274.34, "Plan Rows": 1380034, "Plan Width": 8, "Actual Min Startup Time": 0.049, "Actual Max Startup Time": 0.049, "Actual Min Total Time": 322.339, "Actual Max Total Time": 322.339, "Actual Rows": 1380034}], "Actual Rows": 10}], "Actual Rows": 10}, {"Node Type": "Materialize", "Parent Relationship": "Inner", "Startup Cost": 1813.35, "Total Cost": 127873.61, "Plan Rows": 719240, "Plan Width": 25, "Actual Min Startup Time": 38.602, "Actual Max Startup Time": 338.287, "Actual Min Total Time": 38.602, "Actual Max Total Time": 339.674, "Plans": [{"Node Type": "Streaming(type: LOCAL REDISTRIBUTE dop: 64/64)", "Parent Relationship": "Outer", "Startup Cost": 1813.35, "Total Cost": 127817.42, "Plan Rows": 719240, "Plan Width": 25, "Actual Min Startup Time": 0.119, "Actual Max Startup Time": 266.365, "Actual Min Total Time": 35.752, "Actual Max Total Time": 335.881, "Plans": [{"Node Type": "Seq Scan", "Parent Relationship": "Outer", "Relation Name": "title", "Alias": "t", "Startup Cost": 1813.35, "Total Cost": 64136.1, "Plan Rows": 719240, "Plan Width": 25, "Actual Min Startup Time": 0.031, "Actual Max Startup Time": 0.094, "Actual Min Total Time": 15.843, "Actual Max Total Time": 20.341, "Filter": "((production_year >= 2005) AND (production_year <= 2010)), (LLVM Optimized)", "Rows Removed by Filter": 1812052, "Actual Rows": 716259}], "Actual Rows": 716259}], "Actual Rows": 97050}], "Actual Rows": 4}], "Actual Rows": 4}, {"Node Type": "Bitmap Heap Scan", "Parent Relationship": "Inner", "Relation Name": "movie_companies", "Alias": "mc", "Startup Cost": 0.29, "Total Cost": 4.32, "Plan Rows": 2, "Plan Width": 32, "Actual Min Startup Time": 0.177, "Actual Max Startup Time": 0.177, "Actual Min Total Time": 0.229, "Actual Max Total Time": 0.229, "Recheck Cond": "(movie_id = mi_idx.movie_id)", "Rows Removed by Index Recheck": 0, "Filter": "((note)::text !~~ '%(as Metro-Goldwyn-Mayer Pictures)%'::text)", "Rows Removed by Filter": 7, "Exact Heap Blocks": 9, "Lossy Heap Blocks": 9, "Plans": [{"Node Type": "Bitmap Index Scan", "Parent Relationship": "Outer", "Index Name": "movie_id_movie_companies", "Startup Cost": 0.0, "Total Cost": 0.29, "Plan Rows": 2, "Plan Width": 0, "Actual Min Startup Time": 0.09, "Actual Max Startup Time": 0.09, "Actual Min Total Time": 0.09, "Actual Max Total Time": 0.09, "Index Cond": "(movie_id = mi_idx.movie_id)", "Actual Rows": 73}], "Actual Rows": 66}], "Actual Rows": 66}], "Actual Rows": 67}], "Actual Rows": 3}], "Actual Rows": 1}, "Triggers": [], "Planner Runtime": 3.52, "Total Runtime": 1077.439, "Unique SQL Id": 1162488282}}, "(64, '119')": {"explain_plan": {"Plan": {"Node Type": "Aggregate", "Strategy": "Plain", "Startup Cost": 3242481.36, "Total Cost": 3242481.37, "Plan Rows": 1, "Plan Width": 113, "Plans": [{"Node Type": "Nested Loop", "Parent Relationship": "Outer", "Join Type": "Inner", "Startup Cost": 7519.72, "Total Cost": 3239991.32, "Plan Rows": 332005, "Plan Width": 45, "Inner Unique": false, "Join Filter": "(mc.company_type_id = ct.id), (LLVM Optimized)", "Plans": [{"Node Type": "Bitmap Heap Scan", "Parent Relationship": "Outer", "Relation Name": "company_type", "Alias": "ct", "Startup Cost": 8.27, "Total Cost": 12.3, "Plan Rows": 1, "Plan Width": 4, "Filter": "((kind)::text = 'production companies'::text)", "Plans": [{"Node Type": "Bitmap Index Scan", "Parent Relationship": "Outer", "Index Name": "company_type_pkey", "Startup Cost": 0.0, "Total Cost": 8.27, "Plan Rows": 3, "Plan Width": 0}]}, {"Node Type": "Nested Loop", "Parent Relationship": "Inner", "Join Type": "Inner", "Startup Cost": 7511.45, "Total Cost": 3233114.03, "Plan Rows": 549199, "Plan Width": 49, "Inner Unique": false, "Join Filter": "(t.id = mc.movie_id), (LLVM Optimized)", "Plans": [{"Node Type": "Nested Loop", "Parent Relationship": "Outer", "Join Type": "Inner", "Startup Cost": 7511.16, "Total Cost": 1509451.47, "Plan Rows": 396404, "Plan Width": 29, "Inner Unique": true, "Plans": [{"Node Type": "Nested Loop", "Parent Relationship": "Outer", "Join Type": "Inner", "Startup Cost": 7510.87, "Total Cost": 21752.95, "Plan Rows": 345008, "Plan Width": 4, "Inner Unique": false, "Plans": [{"Node Type": "Bitmap Heap Scan", "Parent Relationship": "Outer", "Relation Name": "info_type", "Alias": "it", "Startup Cost": 8.81, "Total Cost": 14.21, "Plan Rows": 1, "Plan Width": 4, "Filter": "((info)::text = 'bottom 10 rank'::text)", "Plans": [{"Node Type": "Bitmap Index Scan", "Parent Relationship": "Outer", "Index Name": "info_type_pkey", "Startup Cost": 0.0, "Total Cost": 8.81, "Plan Rows": 112, "Plan Width": 0}]}, {"Node Type": "Bitmap Heap Scan", "Parent Relationship": "Inner", "Relation Name": "movie_info_idx", "Alias": "mi_idx", "Startup Cost": 7502.06, "Total Cost": 18288.66, "Plan Rows": 345008, "Plan Width": 8, "Recheck Cond": "(info_type_id = it.id), (LLVM Optimized)", "Plans": [{"Node Type": "Bitmap Index Scan", "Parent Relationship": "Outer", "Index Name": "info_type_id_movie_info_idx", "Startup Cost": 0.0, "Total Cost": 7415.81, "Plan Rows": 345008, "Plan Width": 0, "Index Cond": "(info_type_id = it.id)"}]}]}, {"Node Type": "Bitmap Heap Scan", "Parent Relationship": "Inner", "Relation Name": "title", "Alias": "t", "Startup Cost": 0.28, "Total Cost": 4.3, "Plan Rows": 1, "Plan Width": 25, "Recheck Cond": "(id = mi_idx.movie_id)", "Filter": "((production_year >= 2005) AND (production_year <= 2010))", "Plans": [{"Node Type": "Bitmap Index Scan", "Parent Relationship": "Outer", "Index Name": "title_pkey", "Startup Cost": 0.0, "Total Cost": 0.28, "Plan Rows": 1, "Plan Width": 0, "Index Cond": "(id = mi_idx.movie_id)"}]}]}, {"Node Type": "Bitmap Heap Scan", "Parent Relationship": "Inner", "Relation Name": "movie_companies", "Alias": "mc", "Startup Cost": 0.29, "Total Cost": 4.32, "Plan Rows": 2, "Plan Width": 32, "Recheck Cond": "(movie_id = mi_idx.movie_id)", "Filter": "((note)::text !~~ '%(as Metro-Goldwyn-Mayer Pictures)%'::text)", "Plans": [{"Node Type": "Bitmap Index Scan", "Parent Relationship": "Outer", "Index Name": "movie_id_movie_companies", "Startup Cost": 0.0, "Total Cost": 0.29, "Plan Rows": 2, "Plan Width": 0, "Index Cond": "(movie_id = mi_idx.movie_id)"}]}]}]}]}, "Unique SQL Id": 1162488282, "Planner Runtime": 2}, "explain_analyze_plan": {"Plan": {"Node Type": "Aggregate", "Strategy": "Plain", "Startup Cost": 3242481.36, "Total Cost": 3242481.37, "Plan Rows": 1, "Plan Width": 113, "Actual Startup Time": 0.542, "Actual Total Time": 0.542, "Actual Rows": 1, "Actual Loops": 1, "Plans": [{"Node Type": "Nested Loop", "Parent Relationship": "Outer", "Join Type": "Inner", "Startup Cost": 7519.72, "Total Cost": 3239991.32, "Plan Rows": 332005, "Plan Width": 45, "Actual Startup Time": 0.513, "Actual Total Time": 0.52, "Actual Rows": 3, "Actual Loops": 1, "Inner Unique": false, "Join Filter": "(mc.company_type_id = ct.id), (LLVM Optimized)", "Rows Removed by Join Filter": 63, "Plans": [{"Node Type": "Bitmap Heap Scan", "Parent Relationship": "Outer", "Relation Name": "company_type", "Alias": "ct", "Startup Cost": 8.27, "Total Cost": 12.3, "Plan Rows": 1, "Plan Width": 4, "Actual Startup Time": 0.05, "Actual Total Time": 0.051, "Actual Rows": 1, "Actual Loops": 1, "Filter": "((kind)::text = 'production companies'::text)", "Rows Removed by Filter": 2, "Exact Heap Blocks": 1, "Lossy Heap Blocks": 1, "Plans": [{"Node Type": "Bitmap Index Scan", "Parent Relationship": "Outer", "Index Name": "company_type_pkey", "Startup Cost": 0.0, "Total Cost": 8.27, "Plan Rows": 3, "Plan Width": 0, "Actual Startup Time": 0.018, "Actual Total Time": 0.018, "Actual Rows": 3, "Actual Loops": 1}]}, {"Node Type": "Nested Loop", "Parent Relationship": "Inner", "Join Type": "Inner", "Startup Cost": 7511.45, "Total Cost": 3233114.03, "Plan Rows": 549199, "Plan Width": 49, "Actual Startup Time": 0.248, "Actual Total Time": 0.446, "Actual Rows": 66, "Actual Loops": 1, "Inner Unique": false, "Join Filter": "(t.id = mc.movie_id), (LLVM Optimized)", "Rows Removed by Join Filter": 0, "Plans": [{"Node Type": "Nested Loop", "Parent Relationship": "Outer", "Join Type": "Inner", "Startup Cost": 7511.16, "Total Cost": 1509451.47, "Plan Rows": 396404, "Plan Width": 29, "Actual Startup Time": 0.212, "Actual Total Time": 0.269, "Actual Rows": 4, "Actual Loops": 1, "Inner Unique": true, "Plans": [{"Node Type": "Nested Loop", "Parent Relationship": "Outer", "Join Type": "Inner", "Startup Cost": 7510.87, "Total Cost": 21752.95, "Plan Rows": 345008, "Plan Width": 4, "Actual Startup Time": 0.107, "Actual Total Time": 0.11, "Actual Rows": 10, "Actual Loops": 1, "Inner Unique": false, "Plans": [{"Node Type": "Bitmap Heap Scan", "Parent Relationship": "Outer", "Relation Name": "info_type", "Alias": "it", "Startup Cost": 8.81, "Total Cost": 14.21, "Plan Rows": 1, "Plan Width": 4, "Actual Startup Time": 0.071, "Actual Total Time": 0.071, "Actual Rows": 1, "Actual Loops": 1, "Filter": "((info)::text = 'bottom 10 rank'::text)", "Rows Removed by Filter": 111, "Exact Heap Blocks": 1, "Lossy Heap Blocks": 1, "Plans": [{"Node Type": "Bitmap Index Scan", "Parent Relationship": "Outer", "Index Name": "info_type_pkey", "Startup Cost": 0.0, "Total Cost": 8.81, "Plan Rows": 112, "Plan Width": 0, "Actual Startup Time": 0.011, "Actual Total Time": 0.011, "Actual Rows": 112, "Actual Loops": 1}]}, {"Node Type": "Bitmap Heap Scan", "Parent Relationship": "Inner", "Relation Name": "movie_info_idx", "Alias": "mi_idx", "Startup Cost": 7502.06, "Total Cost": 18288.66, "Plan Rows": 345008, "Plan Width": 8, "Actual Startup Time": 0.033, "Actual Total Time": 0.033, "Actual Rows": 10, "Actual Loops": 1, "Recheck Cond": "(info_type_id = it.id), (LLVM Optimized)", "Rows Removed by Index Recheck": 0, "Exact Heap Blocks": 1, "Lossy Heap Blocks": 1, "Plans": [{"Node Type": "Bitmap Index Scan", "Parent Relationship": "Outer", "Index Name": "info_type_id_movie_info_idx", "Startup Cost": 0.0, "Total Cost": 7415.81, "Plan Rows": 345008, "Plan Width": 0, "Actual Startup Time": 0.015, "Actual Total Time": 0.015, "Actual Rows": 10, "Actual Loops": 1, "Index Cond": "(info_type_id = it.id)"}]}]}, {"Node Type": "Bitmap Heap Scan", "Parent Relationship": "Inner", "Relation Name": "title", "Alias": "t", "Startup Cost": 0.28, "Total Cost": 4.3, "Plan Rows": 1, "Plan Width": 25, "Actual Startup Time": 0.137, "Actual Total Time": 0.137, "Actual Rows": 4, "Actual Loops": 10, "Recheck Cond": "(id = mi_idx.movie_id)", "Rows Removed by Index Recheck": 0, "Filter": "((production_year >= 2005) AND (production_year <= 2010))", "Rows Removed by Filter": 6, "Exact Heap Blocks": 10, "Lossy Heap Blocks": 10, "Plans": [{"Node Type": "Bitmap Index Scan", "Parent Relationship": "Outer", "Index Name": "title_pkey", "Startup Cost": 0.0, "Total Cost": 0.28, "Plan Rows": 1, "Plan Width": 0, "Actual Startup Time": 0.084, "Actual Total Time": 0.084, "Actual Rows": 10, "Actual Loops": 10, "Index Cond": "(id = mi_idx.movie_id)"}]}]}, {"Node Type": "Bitmap Heap Scan", "Parent Relationship": "Inner", "Relation Name": "movie_companies", "Alias": "mc", "Startup Cost": 0.29, "Total Cost": 4.32, "Plan Rows": 2, "Plan Width": 32, "Actual Startup Time": 0.098, "Actual Total Time": 0.148, "Actual Rows": 66, "Actual Loops": 4, "Recheck Cond": "(movie_id = mi_idx.movie_id)", "Rows Removed by Index Recheck": 0, "Filter": "((note)::text !~~ '%(as Metro-Goldwyn-Mayer Pictures)%'::text)", "Rows Removed by Filter": 7, "Exact Heap Blocks": 9, "Lossy Heap Blocks": 9, "Plans": [{"Node Type": "Bitmap Index Scan", "Parent Relationship": "Outer", "Index Name": "movie_id_movie_companies", "Startup Cost": 0.0, "Total Cost": 0.29, "Plan Rows": 2, "Plan Width": 0, "Actual Startup Time": 0.052, "Actual Total Time": 0.052, "Actual Rows": 73, "Actual Loops": 4, "Index Cond": "(movie_id = mi_idx.movie_id)"}]}]}]}]}, "Triggers": [], "Planner Runtime": 2.816, "Total Runtime": 10.468, "Unique SQL Id": 1162488282}}, "(64, '120')": {"explain_plan": {"Plan": {"Node Type": "Aggregate", "Strategy": "Plain", "Startup Cost": 345166.49, "Total Cost": 345166.5, "Plan Rows": 1, "Plan Width": 113, "Plans": [{"Node Type": "Nested Loop", "Parent Relationship": "Outer", "Join Type": "Inner", "Startup Cost": 0.0, "Total Cost": 342676.45, "Plan Rows": 332005, "Plan Width": 45, "Inner Unique": false, "Join Filter": "(mc.company_type_id = ct.id), (LLVM Optimized)", "Plans": [{"Node Type": "Seq Scan", "Parent Relationship": "Outer", "Relation Name": "company_type", "Alias": "ct", "Startup Cost": 0.0, "Total Cost": 1.04, "Plan Rows": 1, "Plan Width": 4, "Filter": "((kind)::text = 'production companies'::text)"}, {"Node Type": "Nested Loop", "Parent Relationship": "Inner", "Join Type": "Inner", "Startup Cost": 0.0, "Total Cost": 335810.42, "Plan Rows": 549199, "Plan Width": 49, "Inner Unique": false, "Join Filter": "(t.id = mc.movie_id), (LLVM Optimized)", "Plans": [{"Node Type": "Nested Loop", "Parent Relationship": "Outer", "Join Type": "Inner", "Startup Cost": 0.0, "Total Cost": 179893.38, "Plan Rows": 396404, "Plan Width": 29, "Inner Unique": true, "Plans": [{"Node Type": "Nested Loop", "Parent Relationship": "Outer", "Join Type": "Inner", "Startup Cost": 0.0, "Total Cost": 37527.17, "Plan Rows": 345008, "Plan Width": 4, "Inner Unique": false, "Join Filter": "(it.id = mi_idx.info_type_id), (LLVM Optimized)", "Plans": [{"Node Type": "Seq Scan", "Parent Relationship": "Outer", "Relation Name": "info_type", "Alias": "it", "Startup Cost": 0.0, "Total Cost": 2.4, "Plan Rows": 1, "Plan Width": 4, "Filter": "((info)::text = 'bottom 10 rank'::text)"}, {"Node Type": "Seq Scan", "Parent Relationship": "Inner", "Relation Name": "movie_info_idx", "Alias": "mi_idx", "Startup Cost": 0.0, "Total Cost": 20274.34, "Plan Rows": 1380034, "Plan Width": 8}]}, {"Node Type": "Index Scan", "Parent Relationship": "Inner", "Scan Direction": "Forward", "Index Name": "title_pkey", "Relation Name": "title", "Alias": "t", "Startup Cost": 0.0, "Total Cost": 0.4, "Plan Rows": 1, "Plan Width": 25, "Index Cond": "(id = mi_idx.movie_id)", "Filter": "((production_year >= 2005) AND (production_year <= 2010))"}]}, {"Node Type": "Index Scan", "Parent Relationship": "Inner", "Scan Direction": "Forward", "Index Name": "movie_id_movie_companies", "Relation Name": "movie_companies", "Alias": "mc", "Startup Cost": 0.0, "Total Cost": 0.37, "Plan Rows": 2, "Plan Width": 32, "Index Cond": "(movie_id = mi_idx.movie_id)", "Filter": "((note)::text !~~ '%(as Metro-Goldwyn-Mayer Pictures)%'::text)"}]}]}]}, "Unique SQL Id": 1162488282, "Planner Runtime": 2}, "explain_analyze_plan": {"Plan": {"Node Type": "Aggregate", "Strategy": "Plain", "Startup Cost": 345166.49, "Total Cost": 345166.5, "Plan Rows": 1, "Plan Width": 113, "Actual Startup Time": 625.852, "Actual Total Time": 625.852, "Actual Rows": 1, "Actual Loops": 1, "Plans": [{"Node Type": "Nested Loop", "Parent Relationship": "Outer", "Join Type": "Inner", "Startup Cost": 0.0, "Total Cost": 342676.45, "Plan Rows": 332005, "Plan Width": 45, "Actual Startup Time": 625.805, "Actual Total Time": 625.823, "Actual Rows": 3, "Actual Loops": 1, "Inner Unique": false, "Join Filter": "(mc.company_type_id = ct.id), (LLVM Optimized, Jit Execute)", "Rows Removed by Join Filter": 63, "Plans": [{"Node Type": "Seq Scan", "Parent Relationship": "Outer", "Relation Name": "company_type", "Alias": "ct", "Startup Cost": 0.0, "Total Cost": 1.04, "Plan Rows": 1, "Plan Width": 4, "Actual Startup Time": 0.03, "Actual Total Time": 0.034, "Actual Rows": 1, "Actual Loops": 1, "Filter": "((kind)::text = 'production companies'::text)", "Rows Removed by Filter": 2}, {"Node Type": "Nested Loop", "Parent Relationship": "Inner", "Join Type": "Inner", "Startup Cost": 0.0, "Total Cost": 335810.42, "Plan Rows": 549199, "Plan Width": 49, "Actual Startup Time": 625.578, "Actual Total Time": 625.763, "Actual Rows": 66, "Actual Loops": 1, "Inner Unique": false, "Join Filter": "(t.id = mc.movie_id), (LLVM Optimized, Jit Execute)", "Rows Removed by Join Filter": 0, "Plans": [{"Node Type": "Nested Loop", "Parent Relationship": "Outer", "Join Type": "Inner", "Startup Cost": 0.0, "Total Cost": 179893.38, "Plan Rows": 396404, "Plan Width": 29, "Actual Startup Time": 625.545, "Actual Total Time": 625.598, "Actual Rows": 4, "Actual Loops": 1, "Inner Unique": true, "Plans": [{"Node Type": "Nested Loop", "Parent Relationship": "Outer", "Join Type": "Inner", "Startup Cost": 0.0, "Total Cost": 37527.17, "Plan Rows": 345008, "Plan Width": 4, "Actual Startup Time": 625.387, "Actual Total Time": 625.401, "Actual Rows": 10, "Actual Loops": 1, "Inner Unique": false, "Join Filter": "(it.id = mi_idx.info_type_id), (LLVM Optimized, Jit Execute)", "Rows Removed by Join Filter": 1380024, "Plans": [{"Node Type": "Seq Scan", "Parent Relationship": "Outer", "Relation Name": "info_type", "Alias": "it", "Startup Cost": 0.0, "Total Cost": 2.4, "Plan Rows": 1, "Plan Width": 4, "Actual Startup Time": 0.042, "Actual Total Time": 0.047, "Actual Rows": 1, "Actual Loops": 1, "Filter": "((info)::text = 'bottom 10 rank'::text)", "Rows Removed by Filter": 111}, {"Node Type": "Seq Scan", "Parent Relationship": "Inner", "Relation Name": "movie_info_idx", "Alias": "mi_idx", "Startup Cost": 0.0, "Total Cost": 20274.34, "Plan Rows": 1380034, "Plan Width": 8, "Actual Startup Time": 0.039, "Actual Total Time": 317.471, "Actual Rows": 1380034, "Actual Loops": 1}]}, {"Node Type": "Index Scan", "Parent Relationship": "Inner", "Scan Direction": "Forward", "Index Name": "title_pkey", "Relation Name": "title", "Alias": "t", "Startup Cost": 0.0, "Total Cost": 0.4, "Plan Rows": 1, "Plan Width": 25, "Actual Startup Time": 0.174, "Actual Total Time": 0.174, "Actual Rows": 4, "Actual Loops": 10, "Index Cond": "(id = mi_idx.movie_id)", "Rows Removed by Index Recheck": 0, "Filter": "((production_year >= 2005) AND (production_year <= 2010))", "Rows Removed by Filter": 6}]}, {"Node Type": "Index Scan", "Parent Relationship": "Inner", "Scan Direction": "Forward", "Index Name": "movie_id_movie_companies", "Relation Name": "movie_companies", "Alias": "mc", "Startup Cost": 0.0, "Total Cost": 0.37, "Plan Rows": 2, "Plan Width": 32, "Actual Startup Time": 0.066, "Actual Total Time": 0.137, "Actual Rows": 66, "Actual Loops": 4, "Index Cond": "(movie_id = mi_idx.movie_id)", "Rows Removed by Index Recheck": 0, "Filter": "((note)::text !~~ '%(as Metro-Goldwyn-Mayer Pictures)%'::text)", "Rows Removed by Filter": 7}]}]}]}, "Triggers": [], "Planner Runtime": 2.879, "Total Runtime": 635.659, "Unique SQL Id": 1162488282}}, "(64, '121')": {"explain_plan": {"Plan": {"Node Type": "Aggregate", "Strategy": "Plain", "Startup Cost": 345988.79, "Total Cost": 345988.8, "Plan Rows": 1, "Plan Width": 113, "Plans": [{"Node Type": "Nested Loop", "Parent Relationship": "Outer", "Join Type": "Inner", "Startup Cost": 0.0, "Total Cost": 343498.75, "Plan Rows": 332005, "Plan Width": 45, "Inner Unique": false, "Join Filter": "(mc.company_type_id = ct.id), (LLVM Optimized)", "Plans": [{"Node Type": "Index Scan", "Parent Relationship": "Outer", "Scan Direction": "Forward", "Index Name": "company_type_pkey", "Relation Name": "company_type", "Alias": "ct", "Startup Cost": 0.0, "Total Cost": 12.3, "Plan Rows": 1, "Plan Width": 4, "Filter": "((kind)::text = 'production companies'::text)"}, {"Node Type": "Nested Loop", "Parent Relationship": "Inner", "Join Type": "Inner", "Startup Cost": 0.0, "Total Cost": 336621.46, "Plan Rows": 549199, "Plan Width": 49, "Inner Unique": false, "Join Filter": "(t.id = mc.movie_id), (LLVM Optimized)", "Plans": [{"Node Type": "Nested Loop", "Parent Relationship": "Outer", "Join Type": "Inner", "Startup Cost": 0.0, "Total Cost": 180704.42, "Plan Rows": 396404, "Plan Width": 29, "Inner Unique": true, "Plans": [{"Node Type": "Nested Loop", "Parent Relationship": "Outer", "Join Type": "Inner", "Startup Cost": 0.0, "Total Cost": 38338.2, "Plan Rows": 345008, "Plan Width": 4, "Inner Unique": false, "Plans": [{"Node Type": "Index Scan", "Parent Relationship": "Outer", "Scan Direction": "Forward", "Index Name": "info_type_pkey", "Relation Name": "info_type", "Alias": "it", "Startup Cost": 0.0, "Total Cost": 14.21, "Plan Rows": 1, "Plan Width": 4, "Filter": "((info)::text = 'bottom 10 rank'::text)"}, {"Node Type": "Index Scan", "Parent Relationship": "Inner", "Scan Direction": "Forward", "Index Name": "info_type_id_movie_info_idx", "Relation Name": "movie_info_idx", "Alias": "mi_idx", "Startup Cost": 0.0, "Total Cost": 34873.91, "Plan Rows": 345008, "Plan Width": 8, "Index Cond": "(info_type_id = it.id), (LLVM Optimized)"}]}, {"Node Type": "Index Scan", "Parent Relationship": "Inner", "Scan Direction": "Forward", "Index Name": "title_pkey", "Relation Name": "title", "Alias": "t", "Startup Cost": 0.0, "Total Cost": 0.4, "Plan Rows": 1, "Plan Width": 25, "Index Cond": "(id = mi_idx.movie_id)", "Filter": "((production_year >= 2005) AND (production_year <= 2010))"}]}, {"Node Type": "Index Scan", "Parent Relationship": "Inner", "Scan Direction": "Forward", "Index Name": "movie_id_movie_companies", "Relation Name": "movie_companies", "Alias": "mc", "Startup Cost": 0.0, "Total Cost": 0.37, "Plan Rows": 2, "Plan Width": 32, "Index Cond": "(movie_id = mi_idx.movie_id)", "Filter": "((note)::text !~~ '%(as Metro-Goldwyn-Mayer Pictures)%'::text)"}]}]}]}, "Unique SQL Id": 1162488282, "Planner Runtime": 2}, "explain_analyze_plan": {"Plan": {"Node Type": "Aggregate", "Strategy": "Plain", "Startup Cost": 345988.79, "Total Cost": 345988.8, "Plan Rows": 1, "Plan Width": 113, "Actual Startup Time": 0.455, "Actual Total Time": 0.455, "Actual Rows": 1, "Actual Loops": 1, "Plans": [{"Node Type": "Nested Loop", "Parent Relationship": "Outer", "Join Type": "Inner", "Startup Cost": 0.0, "Total Cost": 343498.75, "Plan Rows": 332005, "Plan Width": 45, "Actual Startup Time": 0.425, "Actual Total Time": 0.434, "Actual Rows": 3, "Actual Loops": 1, "Inner Unique": false, "Join Filter": "(mc.company_type_id = ct.id), (LLVM Optimized)", "Rows Removed by Join Filter": 63, "Plans": [{"Node Type": "Index Scan", "Parent Relationship": "Outer", "Scan Direction": "Forward", "Index Name": "company_type_pkey", "Relation Name": "company_type", "Alias": "ct", "Startup Cost": 0.0, "Total Cost": 12.3, "Plan Rows": 1, "Plan Width": 4, "Actual Startup Time": 0.038, "Actual Total Time": 0.04, "Actual Rows": 1, "Actual Loops": 1, "Filter": "((kind)::text = 'production companies'::text)", "Rows Removed by Filter": 2}, {"Node Type": "Nested Loop", "Parent Relationship": "Inner", "Join Type": "Inner", "Startup Cost": 0.0, "Total Cost": 336621.46, "Plan Rows": 549199, "Plan Width": 49, "Actual Startup Time": 0.202, "Actual Total Time": 0.377, "Actual Rows": 66, "Actual Loops": 1, "Inner Unique": false, "Join Filter": "(t.id = mc.movie_id), (LLVM Optimized)", "Rows Removed by Join Filter": 0, "Plans": [{"Node Type": "Nested Loop", "Parent Relationship": "Outer", "Join Type": "Inner", "Startup Cost": 0.0, "Total Cost": 180704.42, "Plan Rows": 396404, "Plan Width": 29, "Actual Startup Time": 0.178, "Actual Total Time": 0.229, "Actual Rows": 4, "Actual Loops": 1, "Inner Unique": true, "Plans": [{"Node Type": "Nested Loop", "Parent Relationship": "Outer", "Join Type": "Inner", "Startup Cost": 0.0, "Total Cost": 38338.2, "Plan Rows": 345008, "Plan Width": 4, "Actual Startup Time": 0.092, "Actual Total Time": 0.101, "Actual Rows": 10, "Actual Loops": 1, "Inner Unique": false, "Plans": [{"Node Type": "Index Scan", "Parent Relationship": "Outer", "Scan Direction": "Forward", "Index Name": "info_type_pkey", "Relation Name": "info_type", "Alias": "it", "Startup Cost": 0.0, "Total Cost": 14.21, "Plan Rows": 1, "Plan Width": 4, "Actual Startup Time": 0.073, "Actual Total Time": 0.074, "Actual Rows": 1, "Actual Loops": 1, "Filter": "((info)::text = 'bottom 10 rank'::text)", "Rows Removed by Filter": 111}, {"Node Type": "Index Scan", "Parent Relationship": "Inner", "Scan Direction": "Forward", "Index Name": "info_type_id_movie_info_idx", "Relation Name": "movie_info_idx", "Alias": "mi_idx", "Startup Cost": 0.0, "Total Cost": 34873.91, "Plan Rows": 345008, "Plan Width": 8, "Actual Startup Time": 0.017, "Actual Total Time": 0.022, "Actual Rows": 10, "Actual Loops": 1, "Index Cond": "(info_type_id = it.id), (LLVM Optimized)", "Rows Removed by Index Recheck": 0}]}, {"Node Type": "Index Scan", "Parent Relationship": "Inner", "Scan Direction": "Forward", "Index Name": "title_pkey", "Relation Name": "title", "Alias": "t", "Startup Cost": 0.0, "Total Cost": 0.4, "Plan Rows": 1, "Plan Width": 25, "Actual Startup Time": 0.118, "Actual Total Time": 0.118, "Actual Rows": 4, "Actual Loops": 10, "Index Cond": "(id = mi_idx.movie_id)", "Rows Removed by Index Recheck": 0, "Filter": "((production_year >= 2005) AND (production_year <= 2010))", "Rows Removed by Filter": 6}]}, {"Node Type": "Index Scan", "Parent Relationship": "Inner", "Scan Direction": "Forward", "Index Name": "movie_id_movie_companies", "Relation Name": "movie_companies", "Alias": "mc", "Startup Cost": 0.0, "Total Cost": 0.37, "Plan Rows": 2, "Plan Width": 32, "Actual Startup Time": 0.055, "Actual Total Time": 0.118, "Actual Rows": 66, "Actual Loops": 4, "Index Cond": "(movie_id = mi_idx.movie_id)", "Rows Removed by Index Recheck": 0, "Filter": "((note)::text !~~ '%(as Metro-Goldwyn-Mayer Pictures)%'::text)", "Rows Removed by Filter": 7}]}]}]}, "Triggers": [], "Planner Runtime": 2.681, "Total Runtime": 11.409, "Unique SQL Id": 1162488282}}, "(64, '122')": {"explain_plan": {"Plan": {"Node Type": "Aggregate", "Strategy": "Plain", "Startup Cost": 3307692.57, "Total Cost": 3307692.6, "Plan Rows": 1, "Plan Width": 113, "Plans": [{"Node Type": "Streaming(type: LOCAL GATHER dop: 1/64)", "Parent Relationship": "Outer", "Startup Cost": 3307692.57, "Total Cost": 3307692.6, "Plan Rows": 1, "Plan Width": 113, "Plans": [{"Node Type": "Aggregate", "Strategy": "Plain", "Parent Relationship": "Outer", "Startup Cost": 3307692.57, "Total Cost": 3307692.58, "Plan Rows": 1, "Plan Width": 113, "Plans": [{"Node Type": "Nested Loop", "Parent Relationship": "Outer", "Join Type": "Inner", "Startup Cost": 1813.35, "Total Cost": 3305202.53, "Plan Rows": 332005, "Plan Width": 45, "Inner Unique": false, "Join Filter": "(mc.movie_id = t.id), (LLVM Optimized)", "Plans": [{"Node Type": "Streaming(type: LOCAL REDISTRIBUTE dop: 64/1)", "Parent Relationship": "Outer", "Startup Cost": 0.0, "Total Cost": 196956.49, "Plan Rows": 1304518, "Plan Width": 28, "Plans": [{"Node Type": "Nested Loop", "Parent Relationship": "Outer", "Join Type": "Inner", "Startup Cost": 0.0, "Total Cost": 80954.08, "Plan Rows": 1304518, "Plan Width": 28, "Inner Unique": false, "Join Filter": "(ct.id = mc.company_type_id), (LLVM Optimized)", "Plans": [{"Node Type": "Seq Scan", "Parent Relationship": "Outer", "Relation Name": "company_type", "Alias": "ct", "Startup Cost": 0.0, "Total Cost": 1.04, "Plan Rows": 1, "Plan Width": 4, "Filter": "((kind)::text = 'production companies'::text)"}, {"Node Type": "Seq Scan", "Parent Relationship": "Inner", "Relation Name": "movie_companies", "Alias": "mc", "Startup Cost": 0.0, "Total Cost": 48340.1, "Plan Rows": 2609035, "Plan Width": 32, "Filter": "((note)::text !~~ '%(as Metro-Goldwyn-Mayer Pictures)%'::text), (LLVM Optimized)"}]}]}, {"Node Type": "Materialize", "Parent Relationship": "Inner", "Startup Cost": 1813.35, "Total Cost": 1214525.61, "Plan Rows": 396404, "Plan Width": 29, "Plans": [{"Node Type": "Streaming(type: LOCAL REDISTRIBUTE dop: 64/64)", "Parent Relationship": "Outer", "Startup Cost": 1813.35, "Total Cost": 1214494.65, "Plan Rows": 396404, "Plan Width": 29, "Plans": [{"Node Type": "Nested Loop", "Parent Relationship": "Outer", "Join Type": "Inner", "Startup Cost": 1813.35, "Total Cost": 1151119.15, "Plan Rows": 396404, "Plan Width": 29, "Inner Unique": true, "Join Filter": "(mi_idx.movie_id = t.id), (LLVM Optimized)", "Plans": [{"Node Type": "Streaming(type: LOCAL REDISTRIBUTE dop: 64/1)", "Parent Relationship": "Outer", "Startup Cost": 0.0, "Total Cost": 114544.8, "Plan Rows": 345008, "Plan Width": 4, "Plans": [{"Node Type": "Nested Loop", "Parent Relationship": "Outer", "Join Type": "Inner", "Startup Cost": 0.0, "Total Cost": 37527.17, "Plan Rows": 345008, "Plan Width": 4, "Inner Unique": false, "Join Filter": "(it.id = mi_idx.info_type_id), (LLVM Optimized)", "Plans": [{"Node Type": "Seq Scan", "Parent Relationship": "Outer", "Relation Name": "info_type", "Alias": "it", "Startup Cost": 0.0, "Total Cost": 2.4, "Plan Rows": 1, "Plan Width": 4, "Filter": "((info)::text = 'bottom 10 rank'::text)"}, {"Node Type": "Seq Scan", "Parent Relationship": "Inner", "Relation Name": "movie_info_idx", "Alias": "mi_idx", "Startup Cost": 0.0, "Total Cost": 20274.34, "Plan Rows": 1380034, "Plan Width": 8}]}]}, {"Node Type": "Materialize", "Parent Relationship": "Inner", "Startup Cost": 1813.35, "Total Cost": 127873.61, "Plan Rows": 719240, "Plan Width": 25, "Plans": [{"Node Type": "Streaming(type: LOCAL REDISTRIBUTE dop: 64/64)", "Parent Relationship": "Outer", "Startup Cost": 1813.35, "Total Cost": 127817.42, "Plan Rows": 719240, "Plan Width": 25, "Plans": [{"Node Type": "Seq Scan", "Parent Relationship": "Outer", "Relation Name": "title", "Alias": "t", "Startup Cost": 1813.35, "Total Cost": 64136.1, "Plan Rows": 719240, "Plan Width": 25, "Filter": "((production_year >= 2005) AND (production_year <= 2010)), (LLVM Optimized)"}]}]}]}]}]}]}]}]}]}, "Unique SQL Id": 1162488282, "Planner Runtime": 3}, "explain_analyze_plan": {"Plan": {"Node Type": "Aggregate", "Strategy": "Plain", "Startup Cost": 3307692.57, "Total Cost": 3307692.6, "Plan Rows": 1, "Plan Width": 113, "Actual Min Startup Time": 1952.379, "Actual Max Startup Time": 1952.379, "Actual Min Total Time": 1952.379, "Actual Max Total Time": 1952.379, "Plans": [{"Node Type": "Streaming(type: LOCAL GATHER dop: 1/64)", "Parent Relationship": "Outer", "Startup Cost": 3307692.57, "Total Cost": 3307692.6, "Plan Rows": 1, "Plan Width": 113, "Actual Min Startup Time": 1950.16, "Actual Max Startup Time": 1950.16, "Actual Min Total Time": 1952.342, "Actual Max Total Time": 1952.342, "Plans": [{"Node Type": "Aggregate", "Strategy": "Plain", "Parent Relationship": "Outer", "Startup Cost": 3307692.57, "Total Cost": 3307692.58, "Plan Rows": 1, "Plan Width": 113, "Actual Min Startup Time": 1323.488, "Actual Max Startup Time": 1692.967, "Actual Min Total Time": 1323.488, "Actual Max Total Time": 1692.967, "Plans": [{"Node Type": "Nested Loop", "Parent Relationship": "Outer", "Join Type": "Inner", "Startup Cost": 1813.35, "Total Cost": 3305202.53, "Plan Rows": 332005, "Plan Width": 45, "Actual Min Startup Time": 1077.466, "Actual Max Startup Time": 1692.959, "Actual Min Total Time": 1323.481, "Actual Max Total Time": 1692.959, "Inner Unique": false, "Join Filter": "(mc.movie_id = t.id), (LLVM Optimized, Jit Execute)", "Rows Removed by Join Filter": 8804, "Plans": [{"Node Type": "Streaming(type: LOCAL REDISTRIBUTE dop: 64/1)", "Parent Relationship": "Outer", "Startup Cost": 0.0, "Total Cost": 196956.49, "Plan Rows": 1304518, "Plan Width": 28, "Actual Min Startup Time": 341.84, "Actual Max Startup Time": 362.301, "Actual Min Total Time": 859.403, "Actual Max Total Time": 861.414, "Plans": [{"Node Type": "Nested Loop", "Parent Relationship": "Outer", "Join Type": "Inner", "Startup Cost": 0.0, "Total Cost": 80954.08, "Plan Rows": 1304518, "Plan Width": 28, "Actual Min Startup Time": 936.646, "Actual Max Startup Time": 936.646, "Actual Min Total Time": 1336.534, "Actual Max Total Time": 1336.534, "Inner Unique": false, "Join Filter": "(ct.id = mc.company_type_id), (LLVM Optimized, Jit Execute)", "Rows Removed by Join Filter": 1196183, "Plans": [{"Node Type": "Seq Scan", "Parent Relationship": "Outer", "Relation Name": "company_type", "Alias": "ct", "Startup Cost": 0.0, "Total Cost": 1.04, "Plan Rows": 1, "Plan Width": 4, "Actual Min Startup Time": 0.029, "Actual Max Startup Time": 0.029, "Actual Min Total Time": 0.033, "Actual Max Total Time": 0.033, "Filter": "((kind)::text = 'production companies'::text)", "Rows Removed by Filter": 2, "Actual Rows": 1}, {"Node Type": "Seq Scan", "Parent Relationship": "Inner", "Relation Name": "movie_companies", "Alias": "mc", "Startup Cost": 0.0, "Total Cost": 48340.1, "Plan Rows": 2609035, "Plan Width": 32, "Actual Min Startup Time": 0.064, "Actual Max Startup Time": 0.064, "Actual Min Total Time": 1037.82, "Actual Max Total Time": 1037.82, "Filter": "((note)::text !~~ '%(as Metro-Goldwyn-Mayer Pictures)%'::text), (LLVM Optimized, Jit Execute)", "Rows Removed by Filter": 1272041, "Actual Rows": 1337087}], "Actual Rows": 140904}], "Actual Rows": 140904}, {"Node Type": "Materialize", "Parent Relationship": "Inner", "Startup Cost": 1813.35, "Total Cost": 1214525.61, "Plan Rows": 396404, "Plan Width": 29, "Actual Min Startup Time": 461.775, "Actual Max Startup Time": 831.303, "Actual Min Total Time": 461.775, "Actual Max Total Time": 831.303, "Plans": [{"Node Type": "Streaming(type: LOCAL REDISTRIBUTE dop: 64/64)", "Parent Relationship": "Outer", "Startup Cost": 1813.35, "Total Cost": 1214494.65, "Plan Rows": 396404, "Plan Width": 29, "Actual Min Startup Time": 461.542, "Actual Max Startup Time": 831.002, "Actual Min Total Time": 461.542, "Actual Max Total Time": 831.002, "Plans": [{"Node Type": "Nested Loop", "Parent Relationship": "Outer", "Join Type": "Inner", "Startup Cost": 1813.35, "Total Cost": 1151119.15, "Plan Rows": 396404, "Plan Width": 29, "Actual Min Startup Time": 456.289, "Actual Max Startup Time": 761.575, "Actual Min Total Time": 456.289, "Actual Max Total Time": 761.575, "Inner Unique": true, "Join Filter": "(mi_idx.movie_id = t.id), (LLVM Optimized, Jit Execute)", "Rows Removed by Join Filter": 98095, "Plans": [{"Node Type": "Streaming(type: LOCAL REDISTRIBUTE dop: 64/1)", "Parent Relationship": "Outer", "Startup Cost": 0.0, "Total Cost": 114544.8, "Plan Rows": 345008, "Plan Width": 4, "Actual Min Startup Time": 419.11, "Actual Max Startup Time": 420.614, "Actual Min Total Time": 419.112, "Actual Max Total Time": 420.614, "Plans": [{"Node Type": "Nested Loop", "Parent Relationship": "Outer", "Join Type": "Inner", "Startup Cost": 0.0, "Total Cost": 37527.17, "Plan Rows": 345008, "Plan Width": 4, "Actual Min Startup Time": 603.87, "Actual Max Startup Time": 603.87, "Actual Min Total Time": 603.884, "Actual Max Total Time": 603.884, "Inner Unique": false, "Join Filter": "(it.id = mi_idx.info_type_id), (LLVM Optimized, Jit Execute)", "Rows Removed by Join Filter": 1380024, "Plans": [{"Node Type": "Seq Scan", "Parent Relationship": "Outer", "Relation Name": "info_type", "Alias": "it", "Startup Cost": 0.0, "Total Cost": 2.4, "Plan Rows": 1, "Plan Width": 4, "Actual Min Startup Time": 0.126, "Actual Max Startup Time": 0.126, "Actual Min Total Time": 0.133, "Actual Max Total Time": 0.133, "Filter": "((info)::text = 'bottom 10 rank'::text)", "Rows Removed by Filter": 111, "Actual Rows": 1}, {"Node Type": "Seq Scan", "Parent Relationship": "Inner", "Relation Name": "movie_info_idx", "Alias": "mi_idx", "Startup Cost": 0.0, "Total Cost": 20274.34, "Plan Rows": 1380034, "Plan Width": 8, "Actual Min Startup Time": 0.096, "Actual Max Startup Time": 0.096, "Actual Min Total Time": 315.257, "Actual Max Total Time": 315.257, "Actual Rows": 1380034}], "Actual Rows": 10}], "Actual Rows": 10}, {"Node Type": "Materialize", "Parent Relationship": "Inner", "Startup Cost": 1813.35, "Total Cost": 127873.61, "Plan Rows": 719240, "Plan Width": 25, "Actual Min Startup Time": 35.11, "Actual Max Startup Time": 340.03, "Actual Min Total Time": 35.11, "Actual Max Total Time": 340.03, "Plans": [{"Node Type": "Streaming(type: LOCAL REDISTRIBUTE dop: 64/64)", "Parent Relationship": "Outer", "Startup Cost": 1813.35, "Total Cost": 127817.42, "Plan Rows": 719240, "Plan Width": 25, "Actual Min Startup Time": 0.12, "Actual Max Startup Time": 157.753, "Actual Min Total Time": 32.394, "Actual Max Total Time": 337.261, "Plans": [{"Node Type": "Seq Scan", "Parent Relationship": "Outer", "Relation Name": "title", "Alias": "t", "Startup Cost": 1813.35, "Total Cost": 64136.1, "Plan Rows": 719240, "Plan Width": 25, "Actual Min Startup Time": 0.03, "Actual Max Startup Time": 0.133, "Actual Min Total Time": 15.886, "Actual Max Total Time": 20.094, "Filter": "((production_year >= 2005) AND (production_year <= 2010)), (LLVM Optimized, Jit Execute)", "Rows Removed by Filter": 1812052, "Actual Rows": 716259}], "Actual Rows": 716259}], "Actual Rows": 98163}], "Actual Rows": 4}], "Actual Rows": 4}], "Actual Rows": 8811}], "Actual Rows": 3}], "Actual Rows": 64}], "Actual Rows": 64}], "Actual Rows": 1}, "Triggers": [], "Planner Runtime": 3.453, "Total Runtime": 2011.677, "Unique SQL Id": 1162488282}}, "(64, '123')": {"explain_plan": {"Plan": {"Node Type": "Aggregate", "Strategy": "Plain", "Startup Cost": 5011509592906.65, "Total Cost": 5011509592906.66, "Plan Rows": 1, "Plan Width": 113, "Plans": [{"Node Type": "Nested Loop", "Parent Relationship": "Outer", "Join Type": "Inner", "Startup Cost": 50000000000.0, "Total Cost": 5011509590416.61, "Plan Rows": 332005, "Plan Width": 45, "Inner Unique": false, "Join Filter": "(mc.movie_id = t.id), (LLVM Optimized)", "Plans": [{"Node Type": "Nested Loop", "Parent Relationship": "Outer", "Join Type": "Inner", "Startup Cost": 20000000000.0, "Total Cost": 2000013744593.91, "Plan Rows": 1304518, "Plan Width": 28, "Inner Unique": true, "Join Filter": "(ct.id = mc.company_type_id), (LLVM Optimized)", "Plans": [{"Node Type": "Index Scan", "Parent Relationship": "Outer", "Scan Direction": "Forward", "Index Name": "movie_id_movie_companies", "Relation Name": "movie_companies", "Alias": "mc", "Startup Cost": 10000000000.0, "Total Cost": 1000013704228.13, "Plan Rows": 2609035, "Plan Width": 32, "Filter": "((note)::text !~~ '%(as Metro-Goldwyn-Mayer Pictures)%'::text), (LLVM Optimized)"}, {"Node Type": "Materialize", "Parent Relationship": "Inner", "Startup Cost": 10000000000.0, "Total Cost": 1000000001230.26, "Plan Rows": 1, "Plan Width": 4, "Plans": [{"Node Type": "Index Scan", "Parent Relationship": "Outer", "Scan Direction": "Forward", "Index Name": "company_type_pkey", "Relation Name": "company_type", "Alias": "ct", "Startup Cost": 10000000000.0, "Total Cost": 1000000001230.25, "Plan Rows": 1, "Plan Width": 4, "Filter": "((kind)::text = 'production companies'::text)"}]}]}, {"Node Type": "Materialize", "Parent Relationship": "Inner", "Startup Cost": 30000000000.0, "Total Cost": 3003739104514.63, "Plan Rows": 396404, "Plan Width": 29, "Plans": [{"Node Type": "Nested Loop", "Parent Relationship": "Outer", "Join Type": "Inner", "Startup Cost": 30000000000.0, "Total Cost": 3003739102532.61, "Plan Rows": 396404, "Plan Width": 29, "Inner Unique": false, "Join Filter": "(mi_idx.movie_id = t.id), (LLVM Optimized)", "Plans": [{"Node Type": "Index Scan", "Parent Relationship": "Outer", "Scan Direction": "Forward", "Index Name": "title_pkey", "Relation Name": "title", "Alias": "t", "Startup Cost": 10000000000.0, "Total Cost": 1000012276204.41, "Plan Rows": 719240, "Plan Width": 25, "Filter": "((production_year >= 2005) AND (production_year <= 2010)), (LLVM Optimized)"}, {"Node Type": "Materialize", "Parent Relationship": "Inner", "Startup Cost": 20000000000.0, "Total Cost": 2000004673881.92, "Plan Rows": 345008, "Plan Width": 4, "Plans": [{"Node Type": "Nested Loop", "Parent Relationship": "Outer", "Join Type": "Inner", "Startup Cost": 20000000000.0, "Total Cost": 2000004672156.88, "Plan Rows": 345008, "Plan Width": 4, "Inner Unique": true, "Join Filter": "(it.id = mi_idx.info_type_id), (LLVM Optimized)", "Plans": [{"Node Type": "Index Scan", "Parent Relationship": "Outer", "Scan Direction": "Forward", "Index Name": "movie_id_movie_info_idx", "Relation Name": "movie_info_idx", "Alias": "mi_idx", "Startup Cost": 10000000000.0, "Total Cost": 1000004650035.37, "Plan Rows": 1380034, "Plan Width": 8}, {"Node Type": "Materialize", "Parent Relationship": "Inner", "Startup Cost": 10000000000.0, "Total Cost": 1000000001421.0, "Plan Rows": 1, "Plan Width": 4, "Plans": [{"Node Type": "Index Scan", "Parent Relationship": "Outer", "Scan Direction": "Forward", "Index Name": "info_type_pkey", "Relation Name": "info_type", "Alias": "it", "Startup Cost": 10000000000.0, "Total Cost": 1000000001421.0, "Plan Rows": 1, "Plan Width": 4, "Filter": "((info)::text = 'bottom 10 rank'::text)"}]}]}]}]}]}]}]}, "Unique SQL Id": 1162488282, "Planner Runtime": 2}, "explain_analyze_plan": null}, "(64, '124')": {"explain_plan": {"Plan": {"Node Type": "Aggregate", "Strategy": "Plain", "Startup Cost": 345166.49, "Total Cost": 345166.5, "Plan Rows": 1, "Plan Width": 113, "Plans": [{"Node Type": "Nested Loop", "Parent Relationship": "Outer", "Join Type": "Inner", "Startup Cost": 0.0, "Total Cost": 342676.45, "Plan Rows": 332005, "Plan Width": 45, "Inner Unique": false, "Join Filter": "(mc.company_type_id = ct.id), (LLVM Optimized)", "Plans": [{"Node Type": "Seq Scan", "Parent Relationship": "Outer", "Relation Name": "company_type", "Alias": "ct", "Startup Cost": 0.0, "Total Cost": 1.04, "Plan Rows": 1, "Plan Width": 4, "Filter": "((kind)::text = 'production companies'::text)"}, {"Node Type": "Nested Loop", "Parent Relationship": "Inner", "Join Type": "Inner", "Startup Cost": 0.0, "Total Cost": 335810.42, "Plan Rows": 549199, "Plan Width": 49, "Inner Unique": false, "Join Filter": "(t.id = mc.movie_id), (LLVM Optimized)", "Plans": [{"Node Type": "Nested Loop", "Parent Relationship": "Outer", "Join Type": "Inner", "Startup Cost": 0.0, "Total Cost": 179893.38, "Plan Rows": 396404, "Plan Width": 29, "Inner Unique": true, "Plans": [{"Node Type": "Nested Loop", "Parent Relationship": "Outer", "Join Type": "Inner", "Startup Cost": 0.0, "Total Cost": 37527.17, "Plan Rows": 345008, "Plan Width": 4, "Inner Unique": false, "Join Filter": "(it.id = mi_idx.info_type_id), (LLVM Optimized)", "Plans": [{"Node Type": "Seq Scan", "Parent Relationship": "Outer", "Relation Name": "info_type", "Alias": "it", "Startup Cost": 0.0, "Total Cost": 2.4, "Plan Rows": 1, "Plan Width": 4, "Filter": "((info)::text = 'bottom 10 rank'::text)"}, {"Node Type": "Seq Scan", "Parent Relationship": "Inner", "Relation Name": "movie_info_idx", "Alias": "mi_idx", "Startup Cost": 0.0, "Total Cost": 20274.34, "Plan Rows": 1380034, "Plan Width": 8}]}, {"Node Type": "Index Scan", "Parent Relationship": "Inner", "Scan Direction": "Forward", "Index Name": "title_pkey", "Relation Name": "title", "Alias": "t", "Startup Cost": 0.0, "Total Cost": 0.4, "Plan Rows": 1, "Plan Width": 25, "Index Cond": "(id = mi_idx.movie_id)", "Filter": "((production_year >= 2005) AND (production_year <= 2010))"}]}, {"Node Type": "Index Scan", "Parent Relationship": "Inner", "Scan Direction": "Forward", "Index Name": "movie_id_movie_companies", "Relation Name": "movie_companies", "Alias": "mc", "Startup Cost": 0.0, "Total Cost": 0.37, "Plan Rows": 2, "Plan Width": 32, "Index Cond": "(movie_id = mi_idx.movie_id)", "Filter": "((note)::text !~~ '%(as Metro-Goldwyn-Mayer Pictures)%'::text)"}]}]}]}, "Unique SQL Id": 1162488282, "Planner Runtime": 2}, "explain_analyze_plan": {"Plan": {"Node Type": "Aggregate", "Strategy": "Plain", "Startup Cost": 345166.49, "Total Cost": 345166.5, "Plan Rows": 1, "Plan Width": 113, "Actual Startup Time": 625.852, "Actual Total Time": 625.852, "Actual Rows": 1, "Actual Loops": 1, "Plans": [{"Node Type": "Nested Loop", "Parent Relationship": "Outer", "Join Type": "Inner", "Startup Cost": 0.0, "Total Cost": 342676.45, "Plan Rows": 332005, "Plan Width": 45, "Actual Startup Time": 625.805, "Actual Total Time": 625.823, "Actual Rows": 3, "Actual Loops": 1, "Inner Unique": false, "Join Filter": "(mc.company_type_id = ct.id), (LLVM Optimized, Jit Execute)", "Rows Removed by Join Filter": 63, "Plans": [{"Node Type": "Seq Scan", "Parent Relationship": "Outer", "Relation Name": "company_type", "Alias": "ct", "Startup Cost": 0.0, "Total Cost": 1.04, "Plan Rows": 1, "Plan Width": 4, "Actual Startup Time": 0.03, "Actual Total Time": 0.034, "Actual Rows": 1, "Actual Loops": 1, "Filter": "((kind)::text = 'production companies'::text)", "Rows Removed by Filter": 2}, {"Node Type": "Nested Loop", "Parent Relationship": "Inner", "Join Type": "Inner", "Startup Cost": 0.0, "Total Cost": 335810.42, "Plan Rows": 549199, "Plan Width": 49, "Actual Startup Time": 625.578, "Actual Total Time": 625.763, "Actual Rows": 66, "Actual Loops": 1, "Inner Unique": false, "Join Filter": "(t.id = mc.movie_id), (LLVM Optimized, Jit Execute)", "Rows Removed by Join Filter": 0, "Plans": [{"Node Type": "Nested Loop", "Parent Relationship": "Outer", "Join Type": "Inner", "Startup Cost": 0.0, "Total Cost": 179893.38, "Plan Rows": 396404, "Plan Width": 29, "Actual Startup Time": 625.545, "Actual Total Time": 625.598, "Actual Rows": 4, "Actual Loops": 1, "Inner Unique": true, "Plans": [{"Node Type": "Nested Loop", "Parent Relationship": "Outer", "Join Type": "Inner", "Startup Cost": 0.0, "Total Cost": 37527.17, "Plan Rows": 345008, "Plan Width": 4, "Actual Startup Time": 625.387, "Actual Total Time": 625.401, "Actual Rows": 10, "Actual Loops": 1, "Inner Unique": false, "Join Filter": "(it.id = mi_idx.info_type_id), (LLVM Optimized, Jit Execute)", "Rows Removed by Join Filter": 1380024, "Plans": [{"Node Type": "Seq Scan", "Parent Relationship": "Outer", "Relation Name": "info_type", "Alias": "it", "Startup Cost": 0.0, "Total Cost": 2.4, "Plan Rows": 1, "Plan Width": 4, "Actual Startup Time": 0.042, "Actual Total Time": 0.047, "Actual Rows": 1, "Actual Loops": 1, "Filter": "((info)::text = 'bottom 10 rank'::text)", "Rows Removed by Filter": 111}, {"Node Type": "Seq Scan", "Parent Relationship": "Inner", "Relation Name": "movie_info_idx", "Alias": "mi_idx", "Startup Cost": 0.0, "Total Cost": 20274.34, "Plan Rows": 1380034, "Plan Width": 8, "Actual Startup Time": 0.039, "Actual Total Time": 317.471, "Actual Rows": 1380034, "Actual Loops": 1}]}, {"Node Type": "Index Scan", "Parent Relationship": "Inner", "Scan Direction": "Forward", "Index Name": "title_pkey", "Relation Name": "title", "Alias": "t", "Startup Cost": 0.0, "Total Cost": 0.4, "Plan Rows": 1, "Plan Width": 25, "Actual Startup Time": 0.174, "Actual Total Time": 0.174, "Actual Rows": 4, "Actual Loops": 10, "Index Cond": "(id = mi_idx.movie_id)", "Rows Removed by Index Recheck": 0, "Filter": "((production_year >= 2005) AND (production_year <= 2010))", "Rows Removed by Filter": 6}]}, {"Node Type": "Index Scan", "Parent Relationship": "Inner", "Scan Direction": "Forward", "Index Name": "movie_id_movie_companies", "Relation Name": "movie_companies", "Alias": "mc", "Startup Cost": 0.0, "Total Cost": 0.37, "Plan Rows": 2, "Plan Width": 32, "Actual Startup Time": 0.066, "Actual Total Time": 0.137, "Actual Rows": 66, "Actual Loops": 4, "Index Cond": "(movie_id = mi_idx.movie_id)", "Rows Removed by Index Recheck": 0, "Filter": "((note)::text !~~ '%(as Metro-Goldwyn-Mayer Pictures)%'::text)", "Rows Removed by Filter": 7}]}]}]}, "Triggers": [], "Planner Runtime": 2.879, "Total Runtime": 635.659, "Unique SQL Id": 1162488282}}, "(64, '125')": {"explain_plan": {"Plan": {"Node Type": "Aggregate", "Strategy": "Plain", "Startup Cost": 345988.79, "Total Cost": 345988.8, "Plan Rows": 1, "Plan Width": 113, "Plans": [{"Node Type": "Nested Loop", "Parent Relationship": "Outer", "Join Type": "Inner", "Startup Cost": 0.0, "Total Cost": 343498.75, "Plan Rows": 332005, "Plan Width": 45, "Inner Unique": false, "Join Filter": "(mc.company_type_id = ct.id), (LLVM Optimized)", "Plans": [{"Node Type": "Index Scan", "Parent Relationship": "Outer", "Scan Direction": "Forward", "Index Name": "company_type_pkey", "Relation Name": "company_type", "Alias": "ct", "Startup Cost": 0.0, "Total Cost": 12.3, "Plan Rows": 1, "Plan Width": 4, "Filter": "((kind)::text = 'production companies'::text)"}, {"Node Type": "Nested Loop", "Parent Relationship": "Inner", "Join Type": "Inner", "Startup Cost": 0.0, "Total Cost": 336621.46, "Plan Rows": 549199, "Plan Width": 49, "Inner Unique": false, "Join Filter": "(t.id = mc.movie_id), (LLVM Optimized)", "Plans": [{"Node Type": "Nested Loop", "Parent Relationship": "Outer", "Join Type": "Inner", "Startup Cost": 0.0, "Total Cost": 180704.42, "Plan Rows": 396404, "Plan Width": 29, "Inner Unique": true, "Plans": [{"Node Type": "Nested Loop", "Parent Relationship": "Outer", "Join Type": "Inner", "Startup Cost": 0.0, "Total Cost": 38338.2, "Plan Rows": 345008, "Plan Width": 4, "Inner Unique": false, "Plans": [{"Node Type": "Index Scan", "Parent Relationship": "Outer", "Scan Direction": "Forward", "Index Name": "info_type_pkey", "Relation Name": "info_type", "Alias": "it", "Startup Cost": 0.0, "Total Cost": 14.21, "Plan Rows": 1, "Plan Width": 4, "Filter": "((info)::text = 'bottom 10 rank'::text)"}, {"Node Type": "Index Scan", "Parent Relationship": "Inner", "Scan Direction": "Forward", "Index Name": "info_type_id_movie_info_idx", "Relation Name": "movie_info_idx", "Alias": "mi_idx", "Startup Cost": 0.0, "Total Cost": 34873.91, "Plan Rows": 345008, "Plan Width": 8, "Index Cond": "(info_type_id = it.id), (LLVM Optimized)"}]}, {"Node Type": "Index Scan", "Parent Relationship": "Inner", "Scan Direction": "Forward", "Index Name": "title_pkey", "Relation Name": "title", "Alias": "t", "Startup Cost": 0.0, "Total Cost": 0.4, "Plan Rows": 1, "Plan Width": 25, "Index Cond": "(id = mi_idx.movie_id)", "Filter": "((production_year >= 2005) AND (production_year <= 2010))"}]}, {"Node Type": "Index Scan", "Parent Relationship": "Inner", "Scan Direction": "Forward", "Index Name": "movie_id_movie_companies", "Relation Name": "movie_companies", "Alias": "mc", "Startup Cost": 0.0, "Total Cost": 0.37, "Plan Rows": 2, "Plan Width": 32, "Index Cond": "(movie_id = mi_idx.movie_id)", "Filter": "((note)::text !~~ '%(as Metro-Goldwyn-Mayer Pictures)%'::text)"}]}]}]}, "Unique SQL Id": 1162488282, "Planner Runtime": 2}, "explain_analyze_plan": {"Plan": {"Node Type": "Aggregate", "Strategy": "Plain", "Startup Cost": 345988.79, "Total Cost": 345988.8, "Plan Rows": 1, "Plan Width": 113, "Actual Startup Time": 0.455, "Actual Total Time": 0.455, "Actual Rows": 1, "Actual Loops": 1, "Plans": [{"Node Type": "Nested Loop", "Parent Relationship": "Outer", "Join Type": "Inner", "Startup Cost": 0.0, "Total Cost": 343498.75, "Plan Rows": 332005, "Plan Width": 45, "Actual Startup Time": 0.425, "Actual Total Time": 0.434, "Actual Rows": 3, "Actual Loops": 1, "Inner Unique": false, "Join Filter": "(mc.company_type_id = ct.id), (LLVM Optimized)", "Rows Removed by Join Filter": 63, "Plans": [{"Node Type": "Index Scan", "Parent Relationship": "Outer", "Scan Direction": "Forward", "Index Name": "company_type_pkey", "Relation Name": "company_type", "Alias": "ct", "Startup Cost": 0.0, "Total Cost": 12.3, "Plan Rows": 1, "Plan Width": 4, "Actual Startup Time": 0.038, "Actual Total Time": 0.04, "Actual Rows": 1, "Actual Loops": 1, "Filter": "((kind)::text = 'production companies'::text)", "Rows Removed by Filter": 2}, {"Node Type": "Nested Loop", "Parent Relationship": "Inner", "Join Type": "Inner", "Startup Cost": 0.0, "Total Cost": 336621.46, "Plan Rows": 549199, "Plan Width": 49, "Actual Startup Time": 0.202, "Actual Total Time": 0.377, "Actual Rows": 66, "Actual Loops": 1, "Inner Unique": false, "Join Filter": "(t.id = mc.movie_id), (LLVM Optimized)", "Rows Removed by Join Filter": 0, "Plans": [{"Node Type": "Nested Loop", "Parent Relationship": "Outer", "Join Type": "Inner", "Startup Cost": 0.0, "Total Cost": 180704.42, "Plan Rows": 396404, "Plan Width": 29, "Actual Startup Time": 0.178, "Actual Total Time": 0.229, "Actual Rows": 4, "Actual Loops": 1, "Inner Unique": true, "Plans": [{"Node Type": "Nested Loop", "Parent Relationship": "Outer", "Join Type": "Inner", "Startup Cost": 0.0, "Total Cost": 38338.2, "Plan Rows": 345008, "Plan Width": 4, "Actual Startup Time": 0.092, "Actual Total Time": 0.101, "Actual Rows": 10, "Actual Loops": 1, "Inner Unique": false, "Plans": [{"Node Type": "Index Scan", "Parent Relationship": "Outer", "Scan Direction": "Forward", "Index Name": "info_type_pkey", "Relation Name": "info_type", "Alias": "it", "Startup Cost": 0.0, "Total Cost": 14.21, "Plan Rows": 1, "Plan Width": 4, "Actual Startup Time": 0.073, "Actual Total Time": 0.074, "Actual Rows": 1, "Actual Loops": 1, "Filter": "((info)::text = 'bottom 10 rank'::text)", "Rows Removed by Filter": 111}, {"Node Type": "Index Scan", "Parent Relationship": "Inner", "Scan Direction": "Forward", "Index Name": "info_type_id_movie_info_idx", "Relation Name": "movie_info_idx", "Alias": "mi_idx", "Startup Cost": 0.0, "Total Cost": 34873.91, "Plan Rows": 345008, "Plan Width": 8, "Actual Startup Time": 0.017, "Actual Total Time": 0.022, "Actual Rows": 10, "Actual Loops": 1, "Index Cond": "(info_type_id = it.id), (LLVM Optimized)", "Rows Removed by Index Recheck": 0}]}, {"Node Type": "Index Scan", "Parent Relationship": "Inner", "Scan Direction": "Forward", "Index Name": "title_pkey", "Relation Name": "title", "Alias": "t", "Startup Cost": 0.0, "Total Cost": 0.4, "Plan Rows": 1, "Plan Width": 25, "Actual Startup Time": 0.118, "Actual Total Time": 0.118, "Actual Rows": 4, "Actual Loops": 10, "Index Cond": "(id = mi_idx.movie_id)", "Rows Removed by Index Recheck": 0, "Filter": "((production_year >= 2005) AND (production_year <= 2010))", "Rows Removed by Filter": 6}]}, {"Node Type": "Index Scan", "Parent Relationship": "Inner", "Scan Direction": "Forward", "Index Name": "movie_id_movie_companies", "Relation Name": "movie_companies", "Alias": "mc", "Startup Cost": 0.0, "Total Cost": 0.37, "Plan Rows": 2, "Plan Width": 32, "Actual Startup Time": 0.055, "Actual Total Time": 0.118, "Actual Rows": 66, "Actual Loops": 4, "Index Cond": "(movie_id = mi_idx.movie_id)", "Rows Removed by Index Recheck": 0, "Filter": "((note)::text !~~ '%(as Metro-Goldwyn-Mayer Pictures)%'::text)", "Rows Removed by Filter": 7}]}]}]}, "Triggers": [], "Planner Runtime": 2.681, "Total Runtime": 11.409, "Unique SQL Id": 1162488282}}, "(64, '126')": {"explain_plan": {"Plan": {"Node Type": "Aggregate", "Strategy": "Plain", "Startup Cost": 3307692.57, "Total Cost": 3307692.6, "Plan Rows": 1, "Plan Width": 113, "Plans": [{"Node Type": "Streaming(type: LOCAL GATHER dop: 1/64)", "Parent Relationship": "Outer", "Startup Cost": 3307692.57, "Total Cost": 3307692.6, "Plan Rows": 1, "Plan Width": 113, "Plans": [{"Node Type": "Aggregate", "Strategy": "Plain", "Parent Relationship": "Outer", "Startup Cost": 3307692.57, "Total Cost": 3307692.58, "Plan Rows": 1, "Plan Width": 113, "Plans": [{"Node Type": "Nested Loop", "Parent Relationship": "Outer", "Join Type": "Inner", "Startup Cost": 1813.35, "Total Cost": 3305202.53, "Plan Rows": 332005, "Plan Width": 45, "Inner Unique": false, "Join Filter": "(mc.movie_id = t.id), (LLVM Optimized)", "Plans": [{"Node Type": "Streaming(type: LOCAL REDISTRIBUTE dop: 64/1)", "Parent Relationship": "Outer", "Startup Cost": 0.0, "Total Cost": 196956.49, "Plan Rows": 1304518, "Plan Width": 28, "Plans": [{"Node Type": "Nested Loop", "Parent Relationship": "Outer", "Join Type": "Inner", "Startup Cost": 0.0, "Total Cost": 80954.08, "Plan Rows": 1304518, "Plan Width": 28, "Inner Unique": false, "Join Filter": "(ct.id = mc.company_type_id), (LLVM Optimized)", "Plans": [{"Node Type": "Seq Scan", "Parent Relationship": "Outer", "Relation Name": "company_type", "Alias": "ct", "Startup Cost": 0.0, "Total Cost": 1.04, "Plan Rows": 1, "Plan Width": 4, "Filter": "((kind)::text = 'production companies'::text)"}, {"Node Type": "Seq Scan", "Parent Relationship": "Inner", "Relation Name": "movie_companies", "Alias": "mc", "Startup Cost": 0.0, "Total Cost": 48340.1, "Plan Rows": 2609035, "Plan Width": 32, "Filter": "((note)::text !~~ '%(as Metro-Goldwyn-Mayer Pictures)%'::text), (LLVM Optimized)"}]}]}, {"Node Type": "Materialize", "Parent Relationship": "Inner", "Startup Cost": 1813.35, "Total Cost": 1214525.61, "Plan Rows": 396404, "Plan Width": 29, "Plans": [{"Node Type": "Streaming(type: LOCAL REDISTRIBUTE dop: 64/64)", "Parent Relationship": "Outer", "Startup Cost": 1813.35, "Total Cost": 1214494.65, "Plan Rows": 396404, "Plan Width": 29, "Plans": [{"Node Type": "Nested Loop", "Parent Relationship": "Outer", "Join Type": "Inner", "Startup Cost": 1813.35, "Total Cost": 1151119.15, "Plan Rows": 396404, "Plan Width": 29, "Inner Unique": true, "Join Filter": "(mi_idx.movie_id = t.id), (LLVM Optimized)", "Plans": [{"Node Type": "Streaming(type: LOCAL REDISTRIBUTE dop: 64/1)", "Parent Relationship": "Outer", "Startup Cost": 0.0, "Total Cost": 114544.8, "Plan Rows": 345008, "Plan Width": 4, "Plans": [{"Node Type": "Nested Loop", "Parent Relationship": "Outer", "Join Type": "Inner", "Startup Cost": 0.0, "Total Cost": 37527.17, "Plan Rows": 345008, "Plan Width": 4, "Inner Unique": false, "Join Filter": "(it.id = mi_idx.info_type_id), (LLVM Optimized)", "Plans": [{"Node Type": "Seq Scan", "Parent Relationship": "Outer", "Relation Name": "info_type", "Alias": "it", "Startup Cost": 0.0, "Total Cost": 2.4, "Plan Rows": 1, "Plan Width": 4, "Filter": "((info)::text = 'bottom 10 rank'::text)"}, {"Node Type": "Seq Scan", "Parent Relationship": "Inner", "Relation Name": "movie_info_idx", "Alias": "mi_idx", "Startup Cost": 0.0, "Total Cost": 20274.34, "Plan Rows": 1380034, "Plan Width": 8}]}]}, {"Node Type": "Materialize", "Parent Relationship": "Inner", "Startup Cost": 1813.35, "Total Cost": 127873.61, "Plan Rows": 719240, "Plan Width": 25, "Plans": [{"Node Type": "Streaming(type: LOCAL REDISTRIBUTE dop: 64/64)", "Parent Relationship": "Outer", "Startup Cost": 1813.35, "Total Cost": 127817.42, "Plan Rows": 719240, "Plan Width": 25, "Plans": [{"Node Type": "Seq Scan", "Parent Relationship": "Outer", "Relation Name": "title", "Alias": "t", "Startup Cost": 1813.35, "Total Cost": 64136.1, "Plan Rows": 719240, "Plan Width": 25, "Filter": "((production_year >= 2005) AND (production_year <= 2010)), (LLVM Optimized)"}]}]}]}]}]}]}]}]}]}, "Unique SQL Id": 1162488282, "Planner Runtime": 3}, "explain_analyze_plan": {"Plan": {"Node Type": "Aggregate", "Strategy": "Plain", "Startup Cost": 3307692.57, "Total Cost": 3307692.6, "Plan Rows": 1, "Plan Width": 113, "Actual Min Startup Time": 1952.379, "Actual Max Startup Time": 1952.379, "Actual Min Total Time": 1952.379, "Actual Max Total Time": 1952.379, "Plans": [{"Node Type": "Streaming(type: LOCAL GATHER dop: 1/64)", "Parent Relationship": "Outer", "Startup Cost": 3307692.57, "Total Cost": 3307692.6, "Plan Rows": 1, "Plan Width": 113, "Actual Min Startup Time": 1950.16, "Actual Max Startup Time": 1950.16, "Actual Min Total Time": 1952.342, "Actual Max Total Time": 1952.342, "Plans": [{"Node Type": "Aggregate", "Strategy": "Plain", "Parent Relationship": "Outer", "Startup Cost": 3307692.57, "Total Cost": 3307692.58, "Plan Rows": 1, "Plan Width": 113, "Actual Min Startup Time": 1323.488, "Actual Max Startup Time": 1692.967, "Actual Min Total Time": 1323.488, "Actual Max Total Time": 1692.967, "Plans": [{"Node Type": "Nested Loop", "Parent Relationship": "Outer", "Join Type": "Inner", "Startup Cost": 1813.35, "Total Cost": 3305202.53, "Plan Rows": 332005, "Plan Width": 45, "Actual Min Startup Time": 1077.466, "Actual Max Startup Time": 1692.959, "Actual Min Total Time": 1323.481, "Actual Max Total Time": 1692.959, "Inner Unique": false, "Join Filter": "(mc.movie_id = t.id), (LLVM Optimized, Jit Execute)", "Rows Removed by Join Filter": 8804, "Plans": [{"Node Type": "Streaming(type: LOCAL REDISTRIBUTE dop: 64/1)", "Parent Relationship": "Outer", "Startup Cost": 0.0, "Total Cost": 196956.49, "Plan Rows": 1304518, "Plan Width": 28, "Actual Min Startup Time": 341.84, "Actual Max Startup Time": 362.301, "Actual Min Total Time": 859.403, "Actual Max Total Time": 861.414, "Plans": [{"Node Type": "Nested Loop", "Parent Relationship": "Outer", "Join Type": "Inner", "Startup Cost": 0.0, "Total Cost": 80954.08, "Plan Rows": 1304518, "Plan Width": 28, "Actual Min Startup Time": 936.646, "Actual Max Startup Time": 936.646, "Actual Min Total Time": 1336.534, "Actual Max Total Time": 1336.534, "Inner Unique": false, "Join Filter": "(ct.id = mc.company_type_id), (LLVM Optimized, Jit Execute)", "Rows Removed by Join Filter": 1196183, "Plans": [{"Node Type": "Seq Scan", "Parent Relationship": "Outer", "Relation Name": "company_type", "Alias": "ct", "Startup Cost": 0.0, "Total Cost": 1.04, "Plan Rows": 1, "Plan Width": 4, "Actual Min Startup Time": 0.029, "Actual Max Startup Time": 0.029, "Actual Min Total Time": 0.033, "Actual Max Total Time": 0.033, "Filter": "((kind)::text = 'production companies'::text)", "Rows Removed by Filter": 2, "Actual Rows": 1}, {"Node Type": "Seq Scan", "Parent Relationship": "Inner", "Relation Name": "movie_companies", "Alias": "mc", "Startup Cost": 0.0, "Total Cost": 48340.1, "Plan Rows": 2609035, "Plan Width": 32, "Actual Min Startup Time": 0.064, "Actual Max Startup Time": 0.064, "Actual Min Total Time": 1037.82, "Actual Max Total Time": 1037.82, "Filter": "((note)::text !~~ '%(as Metro-Goldwyn-Mayer Pictures)%'::text), (LLVM Optimized, Jit Execute)", "Rows Removed by Filter": 1272041, "Actual Rows": 1337087}], "Actual Rows": 140904}], "Actual Rows": 140904}, {"Node Type": "Materialize", "Parent Relationship": "Inner", "Startup Cost": 1813.35, "Total Cost": 1214525.61, "Plan Rows": 396404, "Plan Width": 29, "Actual Min Startup Time": 461.775, "Actual Max Startup Time": 831.303, "Actual Min Total Time": 461.775, "Actual Max Total Time": 831.303, "Plans": [{"Node Type": "Streaming(type: LOCAL REDISTRIBUTE dop: 64/64)", "Parent Relationship": "Outer", "Startup Cost": 1813.35, "Total Cost": 1214494.65, "Plan Rows": 396404, "Plan Width": 29, "Actual Min Startup Time": 461.542, "Actual Max Startup Time": 831.002, "Actual Min Total Time": 461.542, "Actual Max Total Time": 831.002, "Plans": [{"Node Type": "Nested Loop", "Parent Relationship": "Outer", "Join Type": "Inner", "Startup Cost": 1813.35, "Total Cost": 1151119.15, "Plan Rows": 396404, "Plan Width": 29, "Actual Min Startup Time": 456.289, "Actual Max Startup Time": 761.575, "Actual Min Total Time": 456.289, "Actual Max Total Time": 761.575, "Inner Unique": true, "Join Filter": "(mi_idx.movie_id = t.id), (LLVM Optimized, Jit Execute)", "Rows Removed by Join Filter": 98095, "Plans": [{"Node Type": "Streaming(type: LOCAL REDISTRIBUTE dop: 64/1)", "Parent Relationship": "Outer", "Startup Cost": 0.0, "Total Cost": 114544.8, "Plan Rows": 345008, "Plan Width": 4, "Actual Min Startup Time": 419.11, "Actual Max Startup Time": 420.614, "Actual Min Total Time": 419.112, "Actual Max Total Time": 420.614, "Plans": [{"Node Type": "Nested Loop", "Parent Relationship": "Outer", "Join Type": "Inner", "Startup Cost": 0.0, "Total Cost": 37527.17, "Plan Rows": 345008, "Plan Width": 4, "Actual Min Startup Time": 603.87, "Actual Max Startup Time": 603.87, "Actual Min Total Time": 603.884, "Actual Max Total Time": 603.884, "Inner Unique": false, "Join Filter": "(it.id = mi_idx.info_type_id), (LLVM Optimized, Jit Execute)", "Rows Removed by Join Filter": 1380024, "Plans": [{"Node Type": "Seq Scan", "Parent Relationship": "Outer", "Relation Name": "info_type", "Alias": "it", "Startup Cost": 0.0, "Total Cost": 2.4, "Plan Rows": 1, "Plan Width": 4, "Actual Min Startup Time": 0.126, "Actual Max Startup Time": 0.126, "Actual Min Total Time": 0.133, "Actual Max Total Time": 0.133, "Filter": "((info)::text = 'bottom 10 rank'::text)", "Rows Removed by Filter": 111, "Actual Rows": 1}, {"Node Type": "Seq Scan", "Parent Relationship": "Inner", "Relation Name": "movie_info_idx", "Alias": "mi_idx", "Startup Cost": 0.0, "Total Cost": 20274.34, "Plan Rows": 1380034, "Plan Width": 8, "Actual Min Startup Time": 0.096, "Actual Max Startup Time": 0.096, "Actual Min Total Time": 315.257, "Actual Max Total Time": 315.257, "Actual Rows": 1380034}], "Actual Rows": 10}], "Actual Rows": 10}, {"Node Type": "Materialize", "Parent Relationship": "Inner", "Startup Cost": 1813.35, "Total Cost": 127873.61, "Plan Rows": 719240, "Plan Width": 25, "Actual Min Startup Time": 35.11, "Actual Max Startup Time": 340.03, "Actual Min Total Time": 35.11, "Actual Max Total Time": 340.03, "Plans": [{"Node Type": "Streaming(type: LOCAL REDISTRIBUTE dop: 64/64)", "Parent Relationship": "Outer", "Startup Cost": 1813.35, "Total Cost": 127817.42, "Plan Rows": 719240, "Plan Width": 25, "Actual Min Startup Time": 0.12, "Actual Max Startup Time": 157.753, "Actual Min Total Time": 32.394, "Actual Max Total Time": 337.261, "Plans": [{"Node Type": "Seq Scan", "Parent Relationship": "Outer", "Relation Name": "title", "Alias": "t", "Startup Cost": 1813.35, "Total Cost": 64136.1, "Plan Rows": 719240, "Plan Width": 25, "Actual Min Startup Time": 0.03, "Actual Max Startup Time": 0.133, "Actual Min Total Time": 15.886, "Actual Max Total Time": 20.094, "Filter": "((production_year >= 2005) AND (production_year <= 2010)), (LLVM Optimized, Jit Execute)", "Rows Removed by Filter": 1812052, "Actual Rows": 716259}], "Actual Rows": 716259}], "Actual Rows": 98163}], "Actual Rows": 4}], "Actual Rows": 4}], "Actual Rows": 8811}], "Actual Rows": 3}], "Actual Rows": 64}], "Actual Rows": 64}], "Actual Rows": 1}, "Triggers": [], "Planner Runtime": 3.453, "Total Runtime": 2011.677, "Unique SQL Id": 1162488282}}, "(64, '127')": {"explain_plan": {"Plan": {"Node Type": "Aggregate", "Strategy": "Plain", "Startup Cost": 5011509592906.65, "Total Cost": 5011509592906.66, "Plan Rows": 1, "Plan Width": 113, "Plans": [{"Node Type": "Nested Loop", "Parent Relationship": "Outer", "Join Type": "Inner", "Startup Cost": 50000000000.0, "Total Cost": 5011509590416.61, "Plan Rows": 332005, "Plan Width": 45, "Inner Unique": false, "Join Filter": "(mc.movie_id = t.id), (LLVM Optimized)", "Plans": [{"Node Type": "Nested Loop", "Parent Relationship": "Outer", "Join Type": "Inner", "Startup Cost": 20000000000.0, "Total Cost": 2000013744593.91, "Plan Rows": 1304518, "Plan Width": 28, "Inner Unique": true, "Join Filter": "(ct.id = mc.company_type_id), (LLVM Optimized)", "Plans": [{"Node Type": "Index Scan", "Parent Relationship": "Outer", "Scan Direction": "Forward", "Index Name": "movie_id_movie_companies", "Relation Name": "movie_companies", "Alias": "mc", "Startup Cost": 10000000000.0, "Total Cost": 1000013704228.13, "Plan Rows": 2609035, "Plan Width": 32, "Filter": "((note)::text !~~ '%(as Metro-Goldwyn-Mayer Pictures)%'::text), (LLVM Optimized)"}, {"Node Type": "Materialize", "Parent Relationship": "Inner", "Startup Cost": 10000000000.0, "Total Cost": 1000000001230.26, "Plan Rows": 1, "Plan Width": 4, "Plans": [{"Node Type": "Index Scan", "Parent Relationship": "Outer", "Scan Direction": "Forward", "Index Name": "company_type_pkey", "Relation Name": "company_type", "Alias": "ct", "Startup Cost": 10000000000.0, "Total Cost": 1000000001230.25, "Plan Rows": 1, "Plan Width": 4, "Filter": "((kind)::text = 'production companies'::text)"}]}]}, {"Node Type": "Materialize", "Parent Relationship": "Inner", "Startup Cost": 30000000000.0, "Total Cost": 3003739104514.63, "Plan Rows": 396404, "Plan Width": 29, "Plans": [{"Node Type": "Nested Loop", "Parent Relationship": "Outer", "Join Type": "Inner", "Startup Cost": 30000000000.0, "Total Cost": 3003739102532.61, "Plan Rows": 396404, "Plan Width": 29, "Inner Unique": false, "Join Filter": "(mi_idx.movie_id = t.id), (LLVM Optimized)", "Plans": [{"Node Type": "Index Scan", "Parent Relationship": "Outer", "Scan Direction": "Forward", "Index Name": "title_pkey", "Relation Name": "title", "Alias": "t", "Startup Cost": 10000000000.0, "Total Cost": 1000012276204.41, "Plan Rows": 719240, "Plan Width": 25, "Filter": "((production_year >= 2005) AND (production_year <= 2010)), (LLVM Optimized)"}, {"Node Type": "Materialize", "Parent Relationship": "Inner", "Startup Cost": 20000000000.0, "Total Cost": 2000004673881.92, "Plan Rows": 345008, "Plan Width": 4, "Plans": [{"Node Type": "Nested Loop", "Parent Relationship": "Outer", "Join Type": "Inner", "Startup Cost": 20000000000.0, "Total Cost": 2000004672156.88, "Plan Rows": 345008, "Plan Width": 4, "Inner Unique": true, "Join Filter": "(it.id = mi_idx.info_type_id), (LLVM Optimized)", "Plans": [{"Node Type": "Index Scan", "Parent Relationship": "Outer", "Scan Direction": "Forward", "Index Name": "movie_id_movie_info_idx", "Relation Name": "movie_info_idx", "Alias": "mi_idx", "Startup Cost": 10000000000.0, "Total Cost": 1000004650035.37, "Plan Rows": 1380034, "Plan Width": 8}, {"Node Type": "Materialize", "Parent Relationship": "Inner", "Startup Cost": 10000000000.0, "Total Cost": 1000000001421.0, "Plan Rows": 1, "Plan Width": 4, "Plans": [{"Node Type": "Index Scan", "Parent Relationship": "Outer", "Scan Direction": "Forward", "Index Name": "info_type_pkey", "Relation Name": "info_type", "Alias": "it", "Startup Cost": 10000000000.0, "Total Cost": 1000000001421.0, "Plan Rows": 1, "Plan Width": 4, "Filter": "((info)::text = 'bottom 10 rank'::text)"}]}]}]}]}]}]}]}, "Unique SQL Id": 1162488282, "Planner Runtime": 2}, "explain_analyze_plan": null}}