{"(1, 0)": {"explain_plan": {"Plan": {"Node Type": "Aggregate", "Strategy": "Plain", "Startup Cost": 199127.96, "Total Cost": 199127.97, "Plan Rows": 1, "Plan Width": 113, "Plans": [{"Node Type": "Hash Join", "Parent Relationship": "Outer", "Join Type": "Inner", "Startup Cost": 116775.81, "Total Cost": 194248.77, "Plan Rows": 650559, "Plan Width": 45, "Inner Unique": true, "Hash Cond": "(mc.company_type_id = ct.id), (LLVM Optimized)", "Plans": [{"Node Type": "Hash Join", "Parent Relationship": "Outer", "Join Type": "Inner", "Startup Cost": 116774.76, "Total Cost": 185660.4, "Plan Rows": 1055184, "Plan Width": 49, "Inner Unique": false, "Hash Cond": "(mc.movie_id = t.id), (LLVM Optimized)", "Plans": [{"Node Type": "Seq Scan", "Parent Relationship": "Outer", "Relation Name": "movie_companies", "Alias": "mc", "Startup Cost": 0.0, "Total Cost": 48340.1, "Plan Rows": 2609035, "Plan Width": 32, "Filter": "((note)::text !~~ '%(as Metro-Goldwyn-Mayer Pictures)%'::text), (LLVM Optimized)"}, {"Node Type": "Hash", "Parent Relationship": "Inner", "Startup Cost": 111176.77, "Total Cost": 111176.77, "Plan Rows": 447839, "Plan Width": 29, "Plans": [{"Node Type": "Hash Join", "Parent Relationship": "Outer", "Join Type": "Inner", "Startup Cost": 91165.52, "Total Cost": 111176.77, "Plan Rows": 447839, "Plan Width": 29, "Inner Unique": true, "Hash Cond": "(mi_idx.movie_id = t.id), (LLVM Optimized)", "Plans": [{"Node Type": "Nested Loop", "Parent Relationship": "Outer", "Join Type": "Inner", "Startup Cost": 7502.06, "Total Cost": 21741.14, "Plan Rows": 345008, "Plan Width": 4, "Inner Unique": false, "Plans": [{"Node Type": "Seq Scan", "Parent Relationship": "Outer", "Relation Name": "info_type", "Alias": "it", "Startup Cost": 0.0, "Total Cost": 2.4, "Plan Rows": 1, "Plan Width": 4, "Filter": "((info)::text = 'bottom 10 rank'::text)"}, {"Node Type": "Bitmap Heap Scan", "Parent Relationship": "Inner", "Relation Name": "movie_info_idx", "Alias": "mi_idx", "Startup Cost": 7502.06, "Total Cost": 18288.66, "Plan Rows": 345008, "Plan Width": 8, "Recheck Cond": "(info_type_id = it.id), (LLVM Optimized)", "Plans": [{"Node Type": "Bitmap Index Scan", "Parent Relationship": "Outer", "Index Name": "info_type_id_movie_info_idx", "Startup Cost": 0.0, "Total Cost": 7415.81, "Plan Rows": 345008, "Plan Width": 0, "Index Cond": "(info_type_id = it.id)"}]}]}, {"Node Type": "Hash", "Parent Relationship": "Inner", "Startup Cost": 66389.89, "Total Cost": 66389.89, "Plan Rows": 1381886, "Plan Width": 25, "Plans": [{"Node Type": "Seq Scan", "Parent Relationship": "Outer", "Relation Name": "title", "Alias": "t", "Startup Cost": 0.0, "Total Cost": 66389.89, "Plan Rows": 1381886, "Plan Width": 25, "Filter": "(production_year > 2000), (LLVM Optimized)"}]}]}]}]}, {"Node Type": "Hash", "Parent Relationship": "Inner", "Startup Cost": 1.04, "Total Cost": 1.04, "Plan Rows": 1, "Plan Width": 4, "Plans": [{"Node Type": "Seq Scan", "Parent Relationship": "Outer", "Relation Name": "company_type", "Alias": "ct", "Startup Cost": 0.0, "Total Cost": 1.04, "Plan Rows": 1, "Plan Width": 4, "Filter": "((kind)::text = 'production companies'::text)"}]}]}]}, "Unique SQL Id": 2492542741, "Planner Runtime": 11}, "explain_analyze_plan": {"Plan": {"Node Type": "Aggregate", "Strategy": "Plain", "Startup Cost": 199127.96, "Total Cost": 199127.97, "Plan Rows": 1, "Plan Width": 113, "Actual Startup Time": 2728.625, "Actual Total Time": 2728.626, "Actual Rows": 1, "Actual Loops": 1, "Plans": [{"Node Type": "Hash Join", "Parent Relationship": "Outer", "Join Type": "Inner", "Startup Cost": 116775.81, "Total Cost": 194248.77, "Plan Rows": 650559, "Plan Width": 45, "Actual Startup Time": 2557.909, "Actual Total Time": 2728.582, "Actual Rows": 4, "Actual Loops": 1, "Inner Unique": true, "Hash Cond": "(mc.company_type_id = ct.id), (LLVM Optimized, Jit Execute)", "Plans": [{"Node Type": "Hash Join", "Parent Relationship": "Outer", "Join Type": "Inner", "Startup Cost": 116774.76, "Total Cost": 185660.4, "Plan Rows": 1055184, "Plan Width": 49, "Actual Startup Time": 1875.446, "Actual Total Time": 2728.348, "Actual Rows": 78, "Actual Loops": 1, "Inner Unique": false, "Hash Cond": "(mc.movie_id = t.id), (LLVM Optimized, Jit Execute)", "Plans": [{"Node Type": "Seq Scan", "Parent Relationship": "Outer", "Relation Name": "movie_companies", "Alias": "mc", "Startup Cost": 0.0, "Total Cost": 48340.1, "Plan Rows": 2609035, "Plan Width": 32, "Actual Startup Time": 0.025, "Actual Total Time": 903.429, "Actual Rows": 1337087, "Actual Loops": 1, "Filter": "((note)::text !~~ '%(as Metro-Goldwyn-Mayer Pictures)%'::text), (LLVM Optimized, Jit Execute)", "Rows Removed by Filter": 1272041}, {"Node Type": "Hash", "Parent Relationship": "Inner", "Startup Cost": 111176.77, "Total Cost": 111176.77, "Plan Rows": 447839, "Plan Width": 29, "Actual Startup Time": 1572.575, "Actual Total Time": 1572.575, "Actual Rows": 6, "Actual Loops": 1, "Hash Buckets": 524288, "Hash Batches": 1, "Original Hash Batches": 1, "Peak Memory Usage": 1, "Plans": [{"Node Type": "Hash Join", "Parent Relationship": "Outer", "Join Type": "Inner", "Startup Cost": 91165.52, "Total Cost": 111176.77, "Plan Rows": 447839, "Plan Width": 29, "Actual Startup Time": 1572.527, "Actual Total Time": 1572.562, "Actual Rows": 6, "Actual Loops": 1, "Inner Unique": true, "Hash Cond": "(mi_idx.movie_id = t.id), (LLVM Optimized, Jit Execute)", "Plans": [{"Node Type": "Nested Loop", "Parent Relationship": "Outer", "Join Type": "Inner", "Startup Cost": 7502.06, "Total Cost": 21741.14, "Plan Rows": 345008, "Plan Width": 4, "Actual Startup Time": 0.082, "Actual Total Time": 0.112, "Actual Rows": 10, "Actual Loops": 1, "Inner Unique": false, "Plans": [{"Node Type": "Seq Scan", "Parent Relationship": "Outer", "Relation Name": "info_type", "Alias": "it", "Startup Cost": 0.0, "Total Cost": 2.4, "Plan Rows": 1, "Plan Width": 4, "Actual Startup Time": 0.047, "Actual Total Time": 0.065, "Actual Rows": 1, "Actual Loops": 1, "Filter": "((info)::text = 'bottom 10 rank'::text)", "Rows Removed by Filter": 111}, {"Node Type": "Bitmap Heap Scan", "Parent Relationship": "Inner", "Relation Name": "movie_info_idx", "Alias": "mi_idx", "Startup Cost": 7502.06, "Total Cost": 18288.66, "Plan Rows": 345008, "Plan Width": 8, "Actual Startup Time": 0.028, "Actual Total Time": 0.034, "Actual Rows": 10, "Actual Loops": 1, "Recheck Cond": "(info_type_id = it.id), (LLVM Optimized, Jit Execute)", "Rows Removed by Index Recheck": 0, "Exact Heap Blocks": 1, "Lossy Heap Blocks": 1, "Plans": [{"Node Type": "Bitmap Index Scan", "Parent Relationship": "Outer", "Index Name": "info_type_id_movie_info_idx", "Startup Cost": 0.0, "Total Cost": 7415.81, "Plan Rows": 345008, "Plan Width": 0, "Actual Startup Time": 0.016, "Actual Total Time": 0.016, "Actual Rows": 10, "Actual Loops": 1, "Index Cond": "(info_type_id = it.id)"}]}]}, {"Node Type": "Hash", "Parent Relationship": "Inner", "Startup Cost": 66389.89, "Total Cost": 66389.89, "Plan Rows": 1381886, "Plan Width": 25, "Actual Startup Time": 1571.16, "Actual Total Time": 1571.16, "Actual Rows": 1381453, "Actual Loops": 1, "Hash Buckets": 2097152, "Hash Batches": 1, "Original Hash Batches": 1, "Peak Memory Usage": 79393, "Plans": [{"Node Type": "Seq Scan", "Parent Relationship": "Outer", "Relation Name": "title", "Alias": "t", "Startup Cost": 0.0, "Total Cost": 66389.89, "Plan Rows": 1381886, "Plan Width": 25, "Actual Startup Time": 0.025, "Actual Total Time": 993.497, "Actual Rows": 1381453, "Actual Loops": 1, "Filter": "(production_year > 2000), (LLVM Optimized, Jit Execute)", "Rows Removed by Filter": 1146858}]}]}]}]}, {"Node Type": "Hash", "Parent Relationship": "Inner", "Startup Cost": 1.04, "Total Cost": 1.04, "Plan Rows": 1, "Plan Width": 4, "Actual Startup Time": 0.045, "Actual Total Time": 0.045, "Actual Rows": 1, "Actual Loops": 1, "Hash Buckets": 32768, "Hash Batches": 1, "Original Hash Batches": 1, "Peak Memory Usage": 1, "Plans": [{"Node Type": "Seq Scan", "Parent Relationship": "Outer", "Relation Name": "company_type", "Alias": "ct", "Startup Cost": 0.0, "Total Cost": 1.04, "Plan Rows": 1, "Plan Width": 4, "Actual Startup Time": 0.027, "Actual Total Time": 0.03, "Actual Rows": 1, "Actual Loops": 1, "Filter": "((kind)::text = 'production companies'::text)", "Rows Removed by Filter": 2}]}]}]}, "Triggers": [], "Planner Runtime": 5, "Total Runtime": 2739.215, "Unique SQL Id": 2492542741}}, "(1, 1)": {"explain_plan": {"Plan": {"Node Type": "Aggregate", "Strategy": "Plain", "Startup Cost": 251533.23, "Total Cost": 251533.24, "Plan Rows": 1, "Plan Width": 113, "Plans": [{"Node Type": "Hash Join", "Parent Relationship": "Outer", "Join Type": "Inner", "Startup Cost": 166837.95, "Total Cost": 246654.04, "Plan Rows": 650559, "Plan Width": 45, "Inner Unique": false, "Hash Cond": "(mc.movie_id = t.id), (LLVM Optimized)", "Plans": [{"Node Type": "Nested Loop", "Parent Relationship": "Outer", "Join Type": "Inner", "Startup Cost": 0.0, "Total Cost": 69436.41, "Plan Rows": 1304518, "Plan Width": 28, "Inner Unique": false, "Plans": [{"Node Type": "Index Scan", "Parent Relationship": "Outer", "Scan Direction": "Forward", "Index Name": "company_type_pkey", "Relation Name": "company_type", "Alias": "ct", "Startup Cost": 0.0, "Total Cost": 12.3, "Plan Rows": 1, "Plan Width": 4, "Filter": "((kind)::text = 'production companies'::text)"}, {"Node Type": "Index Scan", "Parent Relationship": "Inner", "Scan Direction": "Forward", "Index Name": "company_type_id_movie_companies", "Relation Name": "movie_companies", "Alias": "mc", "Startup Cost": 0.0, "Total Cost": 56378.94, "Plan Rows": 1304517, "Plan Width": 32, "Index Cond": "(company_type_id = ct.id), (LLVM Optimized)", "Filter": "((note)::text !~~ '%(as Metro-Goldwyn-Mayer Pictures)%'::text), (LLVM Optimized)"}]}, {"Node Type": "Hash", "Parent Relationship": "Inner", "Startup Cost": 161239.96, "Total Cost": 161239.96, "Plan Rows": 447839, "Plan Width": 29, "Plans": [{"Node Type": "Hash Join", "Parent Relationship": "Outer", "Join Type": "Inner", "Startup Cost": 141216.9, "Total Cost": 161239.96, "Plan Rows": 447839, "Plan Width": 29, "Inner Unique": true, "Hash Cond": "(mi_idx.movie_id = t.id), (LLVM Optimized)", "Plans": [{"Node Type": "Nested Loop", "Parent Relationship": "Outer", "Join Type": "Inner", "Startup Cost": 7502.06, "Total Cost": 21752.95, "Plan Rows": 345008, "Plan Width": 4, "Inner Unique": false, "Plans": [{"Node Type": "Index Scan", "Parent Relationship": "Outer", "Scan Direction": "Forward", "Index Name": "info_type_pkey", "Relation Name": "info_type", "Alias": "it", "Startup Cost": 0.0, "Total Cost": 14.21, "Plan Rows": 1, "Plan Width": 4, "Filter": "((info)::text = 'bottom 10 rank'::text)"}, {"Node Type": "Bitmap Heap Scan", "Parent Relationship": "Inner", "Relation Name": "movie_info_idx", "Alias": "mi_idx", "Startup Cost": 7502.06, "Total Cost": 18288.66, "Plan Rows": 345008, "Plan Width": 8, "Recheck Cond": "(info_type_id = it.id), (LLVM Optimized)", "Plans": [{"Node Type": "Bitmap Index Scan", "Parent Relationship": "Outer", "Index Name": "info_type_id_movie_info_idx", "Startup Cost": 0.0, "Total Cost": 7415.81, "Plan Rows": 345008, "Plan Width": 0, "Index Cond": "(info_type_id = it.id)"}]}]}, {"Node Type": "Hash", "Parent Relationship": "Inner", "Startup Cost": 116441.27, "Total Cost": 116441.27, "Plan Rows": 1381886, "Plan Width": 25, "Plans": [{"Node Type": "Index Scan", "Parent Relationship": "Outer", "Scan Direction": "Forward", "Index Name": "title_pkey", "Relation Name": "title", "Alias": "t", "Startup Cost": 0.0, "Total Cost": 116441.27, "Plan Rows": 1381886, "Plan Width": 25, "Filter": "(production_year > 2000), (LLVM Optimized)"}]}]}]}]}]}, "Unique SQL Id": 2492542741, "Planner Runtime": 9}, "explain_analyze_plan": {"Plan": {"Node Type": "Aggregate", "Strategy": "Plain", "Startup Cost": 251533.23, "Total Cost": 251533.24, "Plan Rows": 1, "Plan Width": 113, "Actual Startup Time": 4421.886, "Actual Total Time": 4421.887, "Actual Rows": 1, "Actual Loops": 1, "Plans": [{"Node Type": "Hash Join", "Parent Relationship": "Outer", "Join Type": "Inner", "Startup Cost": 166837.95, "Total Cost": 246654.04, "Plan Rows": 650559, "Plan Width": 45, "Actual Startup Time": 4094.089, "Actual Total Time": 4421.84, "Actual Rows": 4, "Actual Loops": 1, "Inner Unique": false, "Hash Cond": "(mc.movie_id = t.id), (LLVM Optimized, Jit Execute)", "Plans": [{"Node Type": "Nested Loop", "Parent Relationship": "Outer", "Join Type": "Inner", "Startup Cost": 0.0, "Total Cost": 69436.41, "Plan Rows": 1304518, "Plan Width": 28, "Actual Startup Time": 0.108, "Actual Total Time": 638.366, "Actual Rows": 140904, "Actual Loops": 1, "Inner Unique": false, "Plans": [{"Node Type": "Index Scan", "Parent Relationship": "Outer", "Scan Direction": "Forward", "Index Name": "company_type_pkey", "Relation Name": "company_type", "Alias": "ct", "Startup Cost": 0.0, "Total Cost": 12.3, "Plan Rows": 1, "Plan Width": 4, "Actual Startup Time": 0.025, "Actual Total Time": 0.035, "Actual Rows": 1, "Actual Loops": 1, "Filter": "((kind)::text = 'production companies'::text)", "Rows Removed by Filter": 2}, {"Node Type": "Index Scan", "Parent Relationship": "Inner", "Scan Direction": "Forward", "Index Name": "company_type_id_movie_companies", "Relation Name": "movie_companies", "Alias": "mc", "Startup Cost": 0.0, "Total Cost": 56378.94, "Plan Rows": 1304517, "Plan Width": 32, "Actual Startup Time": 0.078, "Actual Total Time": 609.976, "Actual Rows": 140904, "Actual Loops": 1, "Index Cond": "(company_type_id = ct.id), (LLVM Optimized, Jit Execute)", "Rows Removed by Index Recheck": 0, "Filter": "((note)::text !~~ '%(as Metro-Goldwyn-Mayer Pictures)%'::text), (LLVM Optimized, Jit Execute)", "Rows Removed by Filter": 1193979}]}, {"Node Type": "Hash", "Parent Relationship": "Inner", "Startup Cost": 161239.96, "Total Cost": 161239.96, "Plan Rows": 447839, "Plan Width": 29, "Actual Startup Time": 3752.128, "Actual Total Time": 3752.128, "Actual Rows": 6, "Actual Loops": 1, "Hash Buckets": 524288, "Hash Batches": 1, "Original Hash Batches": 1, "Peak Memory Usage": 1, "Plans": [{"Node Type": "Hash Join", "Parent Relationship": "Outer", "Join Type": "Inner", "Startup Cost": 141216.9, "Total Cost": 161239.96, "Plan Rows": 447839, "Plan Width": 29, "Actual Startup Time": 3752.1, "Actual Total Time": 3752.117, "Actual Rows": 6, "Actual Loops": 1, "Inner Unique": true, "Hash Cond": "(mi_idx.movie_id = t.id), (LLVM Optimized, Jit Execute)", "Plans": [{"Node Type": "Nested Loop", "Parent Relationship": "Outer", "Join Type": "Inner", "Startup Cost": 7502.06, "Total Cost": 21752.95, "Plan Rows": 345008, "Plan Width": 4, "Actual Startup Time": 0.094, "Actual Total Time": 0.11, "Actual Rows": 10, "Actual Loops": 1, "Inner Unique": false, "Plans": [{"Node Type": "Index Scan", "Parent Relationship": "Outer", "Scan Direction": "Forward", "Index Name": "info_type_pkey", "Relation Name": "info_type", "Alias": "it", "Startup Cost": 0.0, "Total Cost": 14.21, "Plan Rows": 1, "Plan Width": 4, "Actual Startup Time": 0.061, "Actual Total Time": 0.066, "Actual Rows": 1, "Actual Loops": 1, "Filter": "((info)::text = 'bottom 10 rank'::text)", "Rows Removed by Filter": 111}, {"Node Type": "Bitmap Heap Scan", "Parent Relationship": "Inner", "Relation Name": "movie_info_idx", "Alias": "mi_idx", "Startup Cost": 7502.06, "Total Cost": 18288.66, "Plan Rows": 345008, "Plan Width": 8, "Actual Startup Time": 0.026, "Actual Total Time": 0.032, "Actual Rows": 10, "Actual Loops": 1, "Recheck Cond": "(info_type_id = it.id), (LLVM Optimized, Jit Execute)", "Rows Removed by Index Recheck": 0, "Exact Heap Blocks": 1, "Lossy Heap Blocks": 1, "Plans": [{"Node Type": "Bitmap Index Scan", "Parent Relationship": "Outer", "Index Name": "info_type_id_movie_info_idx", "Startup Cost": 0.0, "Total Cost": 7415.81, "Plan Rows": 345008, "Plan Width": 0, "Actual Startup Time": 0.012, "Actual Total Time": 0.012, "Actual Rows": 10, "Actual Loops": 1, "Index Cond": "(info_type_id = it.id)"}]}]}, {"Node Type": "Hash", "Parent Relationship": "Inner", "Startup Cost": 116441.27, "Total Cost": 116441.27, "Plan Rows": 1381886, "Plan Width": 25, "Actual Startup Time": 3750.712, "Actual Total Time": 3750.712, "Actual Rows": 1381453, "Actual Loops": 1, "Hash Buckets": 2097152, "Hash Batches": 1, "Original Hash Batches": 1, "Peak Memory Usage": 79393, "Plans": [{"Node Type": "Index Scan", "Parent Relationship": "Outer", "Scan Direction": "Forward", "Index Name": "title_pkey", "Relation Name": "title", "Alias": "t", "Startup Cost": 0.0, "Total Cost": 116441.27, "Plan Rows": 1381886, "Plan Width": 25, "Actual Startup Time": 0.027, "Actual Total Time": 3155.74, "Actual Rows": 1381453, "Actual Loops": 1, "Filter": "(production_year > 2000), (LLVM Optimized, Jit Execute)", "Rows Removed by Filter": 1146858}]}]}]}]}]}, "Triggers": [], "Planner Runtime": 4, "Total Runtime": 4432.594, "Unique SQL Id": 2492542741}}, "(1, 2)": {"explain_plan": {"Plan": {"Node Type": "Aggregate", "Strategy": "Plain", "Startup Cost": 199127.96, "Total Cost": 199127.97, "Plan Rows": 1, "Plan Width": 113, "Plans": [{"Node Type": "Hash Join", "Parent Relationship": "Outer", "Join Type": "Inner", "Startup Cost": 116775.81, "Total Cost": 194248.77, "Plan Rows": 650559, "Plan Width": 45, "Inner Unique": true, "Hash Cond": "(mc.company_type_id = ct.id), (LLVM Optimized)", "Plans": [{"Node Type": "Hash Join", "Parent Relationship": "Outer", "Join Type": "Inner", "Startup Cost": 116774.76, "Total Cost": 185660.4, "Plan Rows": 1055184, "Plan Width": 49, "Inner Unique": false, "Hash Cond": "(mc.movie_id = t.id), (LLVM Optimized)", "Plans": [{"Node Type": "Seq Scan", "Parent Relationship": "Outer", "Relation Name": "movie_companies", "Alias": "mc", "Startup Cost": 0.0, "Total Cost": 48340.1, "Plan Rows": 2609035, "Plan Width": 32, "Filter": "((note)::text !~~ '%(as Metro-Goldwyn-Mayer Pictures)%'::text), (LLVM Optimized)"}, {"Node Type": "Hash", "Parent Relationship": "Inner", "Startup Cost": 111176.77, "Total Cost": 111176.77, "Plan Rows": 447839, "Plan Width": 29, "Plans": [{"Node Type": "Hash Join", "Parent Relationship": "Outer", "Join Type": "Inner", "Startup Cost": 91165.52, "Total Cost": 111176.77, "Plan Rows": 447839, "Plan Width": 29, "Inner Unique": true, "Hash Cond": "(mi_idx.movie_id = t.id), (LLVM Optimized)", "Plans": [{"Node Type": "Nested Loop", "Parent Relationship": "Outer", "Join Type": "Inner", "Startup Cost": 7502.06, "Total Cost": 21741.14, "Plan Rows": 345008, "Plan Width": 4, "Inner Unique": false, "Plans": [{"Node Type": "Seq Scan", "Parent Relationship": "Outer", "Relation Name": "info_type", "Alias": "it", "Startup Cost": 0.0, "Total Cost": 2.4, "Plan Rows": 1, "Plan Width": 4, "Filter": "((info)::text = 'bottom 10 rank'::text)"}, {"Node Type": "Bitmap Heap Scan", "Parent Relationship": "Inner", "Relation Name": "movie_info_idx", "Alias": "mi_idx", "Startup Cost": 7502.06, "Total Cost": 18288.66, "Plan Rows": 345008, "Plan Width": 8, "Recheck Cond": "(info_type_id = it.id), (LLVM Optimized)", "Plans": [{"Node Type": "Bitmap Index Scan", "Parent Relationship": "Outer", "Index Name": "info_type_id_movie_info_idx", "Startup Cost": 0.0, "Total Cost": 7415.81, "Plan Rows": 345008, "Plan Width": 0, "Index Cond": "(info_type_id = it.id)"}]}]}, {"Node Type": "Hash", "Parent Relationship": "Inner", "Startup Cost": 66389.89, "Total Cost": 66389.89, "Plan Rows": 1381886, "Plan Width": 25, "Plans": [{"Node Type": "Seq Scan", "Parent Relationship": "Outer", "Relation Name": "title", "Alias": "t", "Startup Cost": 0.0, "Total Cost": 66389.89, "Plan Rows": 1381886, "Plan Width": 25, "Filter": "(production_year > 2000), (LLVM Optimized)"}]}]}]}]}, {"Node Type": "Hash", "Parent Relationship": "Inner", "Startup Cost": 1.04, "Total Cost": 1.04, "Plan Rows": 1, "Plan Width": 4, "Plans": [{"Node Type": "Seq Scan", "Parent Relationship": "Outer", "Relation Name": "company_type", "Alias": "ct", "Startup Cost": 0.0, "Total Cost": 1.04, "Plan Rows": 1, "Plan Width": 4, "Filter": "((kind)::text = 'production companies'::text)"}]}]}]}, "Unique SQL Id": 2492542741, "Planner Runtime": 10}, "explain_analyze_plan": {"Plan": {"Node Type": "Aggregate", "Strategy": "Plain", "Startup Cost": 199127.96, "Total Cost": 199127.97, "Plan Rows": 1, "Plan Width": 113, "Actual Startup Time": 2728.625, "Actual Total Time": 2728.626, "Actual Rows": 1, "Actual Loops": 1, "Plans": [{"Node Type": "Hash Join", "Parent Relationship": "Outer", "Join Type": "Inner", "Startup Cost": 116775.81, "Total Cost": 194248.77, "Plan Rows": 650559, "Plan Width": 45, "Actual Startup Time": 2557.909, "Actual Total Time": 2728.582, "Actual Rows": 4, "Actual Loops": 1, "Inner Unique": true, "Hash Cond": "(mc.company_type_id = ct.id), (LLVM Optimized, Jit Execute)", "Plans": [{"Node Type": "Hash Join", "Parent Relationship": "Outer", "Join Type": "Inner", "Startup Cost": 116774.76, "Total Cost": 185660.4, "Plan Rows": 1055184, "Plan Width": 49, "Actual Startup Time": 1875.446, "Actual Total Time": 2728.348, "Actual Rows": 78, "Actual Loops": 1, "Inner Unique": false, "Hash Cond": "(mc.movie_id = t.id), (LLVM Optimized, Jit Execute)", "Plans": [{"Node Type": "Seq Scan", "Parent Relationship": "Outer", "Relation Name": "movie_companies", "Alias": "mc", "Startup Cost": 0.0, "Total Cost": 48340.1, "Plan Rows": 2609035, "Plan Width": 32, "Actual Startup Time": 0.025, "Actual Total Time": 903.429, "Actual Rows": 1337087, "Actual Loops": 1, "Filter": "((note)::text !~~ '%(as Metro-Goldwyn-Mayer Pictures)%'::text), (LLVM Optimized, Jit Execute)", "Rows Removed by Filter": 1272041}, {"Node Type": "Hash", "Parent Relationship": "Inner", "Startup Cost": 111176.77, "Total Cost": 111176.77, "Plan Rows": 447839, "Plan Width": 29, "Actual Startup Time": 1572.575, "Actual Total Time": 1572.575, "Actual Rows": 6, "Actual Loops": 1, "Hash Buckets": 524288, "Hash Batches": 1, "Original Hash Batches": 1, "Peak Memory Usage": 1, "Plans": [{"Node Type": "Hash Join", "Parent Relationship": "Outer", "Join Type": "Inner", "Startup Cost": 91165.52, "Total Cost": 111176.77, "Plan Rows": 447839, "Plan Width": 29, "Actual Startup Time": 1572.527, "Actual Total Time": 1572.562, "Actual Rows": 6, "Actual Loops": 1, "Inner Unique": true, "Hash Cond": "(mi_idx.movie_id = t.id), (LLVM Optimized, Jit Execute)", "Plans": [{"Node Type": "Nested Loop", "Parent Relationship": "Outer", "Join Type": "Inner", "Startup Cost": 7502.06, "Total Cost": 21741.14, "Plan Rows": 345008, "Plan Width": 4, "Actual Startup Time": 0.082, "Actual Total Time": 0.112, "Actual Rows": 10, "Actual Loops": 1, "Inner Unique": false, "Plans": [{"Node Type": "Seq Scan", "Parent Relationship": "Outer", "Relation Name": "info_type", "Alias": "it", "Startup Cost": 0.0, "Total Cost": 2.4, "Plan Rows": 1, "Plan Width": 4, "Actual Startup Time": 0.047, "Actual Total Time": 0.065, "Actual Rows": 1, "Actual Loops": 1, "Filter": "((info)::text = 'bottom 10 rank'::text)", "Rows Removed by Filter": 111}, {"Node Type": "Bitmap Heap Scan", "Parent Relationship": "Inner", "Relation Name": "movie_info_idx", "Alias": "mi_idx", "Startup Cost": 7502.06, "Total Cost": 18288.66, "Plan Rows": 345008, "Plan Width": 8, "Actual Startup Time": 0.028, "Actual Total Time": 0.034, "Actual Rows": 10, "Actual Loops": 1, "Recheck Cond": "(info_type_id = it.id), (LLVM Optimized, Jit Execute)", "Rows Removed by Index Recheck": 0, "Exact Heap Blocks": 1, "Lossy Heap Blocks": 1, "Plans": [{"Node Type": "Bitmap Index Scan", "Parent Relationship": "Outer", "Index Name": "info_type_id_movie_info_idx", "Startup Cost": 0.0, "Total Cost": 7415.81, "Plan Rows": 345008, "Plan Width": 0, "Actual Startup Time": 0.016, "Actual Total Time": 0.016, "Actual Rows": 10, "Actual Loops": 1, "Index Cond": "(info_type_id = it.id)"}]}]}, {"Node Type": "Hash", "Parent Relationship": "Inner", "Startup Cost": 66389.89, "Total Cost": 66389.89, "Plan Rows": 1381886, "Plan Width": 25, "Actual Startup Time": 1571.16, "Actual Total Time": 1571.16, "Actual Rows": 1381453, "Actual Loops": 1, "Hash Buckets": 2097152, "Hash Batches": 1, "Original Hash Batches": 1, "Peak Memory Usage": 79393, "Plans": [{"Node Type": "Seq Scan", "Parent Relationship": "Outer", "Relation Name": "title", "Alias": "t", "Startup Cost": 0.0, "Total Cost": 66389.89, "Plan Rows": 1381886, "Plan Width": 25, "Actual Startup Time": 0.025, "Actual Total Time": 993.497, "Actual Rows": 1381453, "Actual Loops": 1, "Filter": "(production_year > 2000), (LLVM Optimized, Jit Execute)", "Rows Removed by Filter": 1146858}]}]}]}]}, {"Node Type": "Hash", "Parent Relationship": "Inner", "Startup Cost": 1.04, "Total Cost": 1.04, "Plan Rows": 1, "Plan Width": 4, "Actual Startup Time": 0.045, "Actual Total Time": 0.045, "Actual Rows": 1, "Actual Loops": 1, "Hash Buckets": 32768, "Hash Batches": 1, "Original Hash Batches": 1, "Peak Memory Usage": 1, "Plans": [{"Node Type": "Seq Scan", "Parent Relationship": "Outer", "Relation Name": "company_type", "Alias": "ct", "Startup Cost": 0.0, "Total Cost": 1.04, "Plan Rows": 1, "Plan Width": 4, "Actual Startup Time": 0.027, "Actual Total Time": 0.03, "Actual Rows": 1, "Actual Loops": 1, "Filter": "((kind)::text = 'production companies'::text)", "Rows Removed by Filter": 2}]}]}]}, "Triggers": [], "Planner Runtime": 5, "Total Runtime": 2739.215, "Unique SQL Id": 2492542741}}, "(1, 3)": {"explain_plan": {"Plan": {"Node Type": "Aggregate", "Strategy": "Plain", "Startup Cost": 1000017767760.86, "Total Cost": 1000017767760.87, "Plan Rows": 1, "Plan Width": 113, "Plans": [{"Node Type": "Nested Loop", "Parent Relationship": "Outer", "Join Type": "Inner", "Startup Cost": 10000000001.08, "Total Cost": 1000017762976.72, "Plan Rows": 637886, "Plan Width": 45, "Inner Unique": true, "Plans": [{"Node Type": "Nested Loop", "Parent Relationship": "Outer", "Join Type": "Inner", "Startup Cost": 10000000000.81, "Total Cost": 1000015609438.29, "Plan Rows": 501180, "Plan Width": 32, "Inner Unique": true, "Plans": [{"Node Type": "Nested Loop", "Parent Relationship": "Outer", "Join Type": "Inner", "Startup Cost": 10000000000.55, "Total Cost": 1000012058838.99, "Plan Rows": 829046, "Plan Width": 36, "Inner Unique": false, "Plans": [{"Node Type": "Nested Loop", "Parent Relationship": "Outer", "Join Type": "Inner", "Startup Cost": 10000000000.26, "Total Cost": 1000010560383.98, "Plan Rows": 345008, "Plan Width": 4, "Inner Unique": true, "Plans": [{"Node Type": "Index Scan", "Parent Relationship": "Outer", "Scan Direction": "Forward", "Index Name": "movie_id_movie_info_idx", "Relation Name": "movie_info_idx", "Alias": "mi_idx", "Startup Cost": 10000000000.0, "Total Cost": 1000004650035.37, "Plan Rows": 1380034, "Plan Width": 8}, {"Node Type": "Bitmap Heap Scan", "Parent Relationship": "Inner", "Relation Name": "info_type", "Alias": "it", "Startup Cost": 0.26, "Total Cost": 4.27, "Plan Rows": 1, "Plan Width": 4, "Recheck Cond": "(id = mi_idx.info_type_id)", "Filter": "((info)::text = 'bottom 10 rank'::text)", "Plans": [{"Node Type": "Bitmap Index Scan", "Parent Relationship": "Outer", "Index Name": "info_type_pkey", "Startup Cost": 0.0, "Total Cost": 0.26, "Plan Rows": 1, "Plan Width": 0, "Index Cond": "(id = mi_idx.info_type_id)"}]}]}, {"Node Type": "Bitmap Heap Scan", "Parent Relationship": "Inner", "Relation Name": "movie_companies", "Alias": "mc", "Startup Cost": 0.29, "Total Cost": 4.32, "Plan Rows": 2, "Plan Width": 32, "Recheck Cond": "(movie_id = mi_idx.movie_id)", "Filter": "((note)::text !~~ '%(as Metro-Goldwyn-Mayer Pictures)%'::text)", "Plans": [{"Node Type": "Bitmap Index Scan", "Parent Relationship": "Outer", "Index Name": "movie_id_movie_companies", "Startup Cost": 0.0, "Total Cost": 0.29, "Plan Rows": 2, "Plan Width": 0, "Index Cond": "(movie_id = mi_idx.movie_id)"}]}]}, {"Node Type": "Bitmap Heap Scan", "Parent Relationship": "Inner", "Relation Name": "company_type", "Alias": "ct", "Startup Cost": 0.26, "Total Cost": 4.27, "Plan Rows": 1, "Plan Width": 4, "Recheck Cond": "(id = mc.company_type_id)", "Filter": "((kind)::text = 'production companies'::text)", "Plans": [{"Node Type": "Bitmap Index Scan", "Parent Relationship": "Outer", "Index Name": "company_type_pkey", "Startup Cost": 0.0, "Total Cost": 0.26, "Plan Rows": 1, "Plan Width": 0, "Index Cond": "(id = mc.company_type_id)"}]}]}, {"Node Type": "Bitmap Heap Scan", "Parent Relationship": "Inner", "Relation Name": "title", "Alias": "t", "Startup Cost": 0.27, "Total Cost": 4.29, "Plan Rows": 1, "Plan Width": 25, "Recheck Cond": "(id = mc.movie_id)", "Filter": "(production_year > 2000)", "Plans": [{"Node Type": "Bitmap Index Scan", "Parent Relationship": "Outer", "Index Name": "title_pkey", "Startup Cost": 0.0, "Total Cost": 0.27, "Plan Rows": 1, "Plan Width": 0, "Index Cond": "(id = mc.movie_id)"}]}]}]}, "Unique SQL Id": 2492542741, "Planner Runtime": 4}, "explain_analyze_plan": null}, "(1, 4)": {"explain_plan": {"Plan": {"Node Type": "Aggregate", "Strategy": "Plain", "Startup Cost": 199127.96, "Total Cost": 199127.97, "Plan Rows": 1, "Plan Width": 113, "Plans": [{"Node Type": "Hash Join", "Parent Relationship": "Outer", "Join Type": "Inner", "Startup Cost": 116775.81, "Total Cost": 194248.77, "Plan Rows": 650559, "Plan Width": 45, "Inner Unique": true, "Hash Cond": "(mc.company_type_id = ct.id), (LLVM Optimized)", "Plans": [{"Node Type": "Hash Join", "Parent Relationship": "Outer", "Join Type": "Inner", "Startup Cost": 116774.76, "Total Cost": 185660.4, "Plan Rows": 1055184, "Plan Width": 49, "Inner Unique": false, "Hash Cond": "(mc.movie_id = t.id), (LLVM Optimized)", "Plans": [{"Node Type": "Seq Scan", "Parent Relationship": "Outer", "Relation Name": "movie_companies", "Alias": "mc", "Startup Cost": 0.0, "Total Cost": 48340.1, "Plan Rows": 2609035, "Plan Width": 32, "Filter": "((note)::text !~~ '%(as Metro-Goldwyn-Mayer Pictures)%'::text), (LLVM Optimized)"}, {"Node Type": "Hash", "Parent Relationship": "Inner", "Startup Cost": 111176.77, "Total Cost": 111176.77, "Plan Rows": 447839, "Plan Width": 29, "Plans": [{"Node Type": "Hash Join", "Parent Relationship": "Outer", "Join Type": "Inner", "Startup Cost": 91165.52, "Total Cost": 111176.77, "Plan Rows": 447839, "Plan Width": 29, "Inner Unique": true, "Hash Cond": "(mi_idx.movie_id = t.id), (LLVM Optimized)", "Plans": [{"Node Type": "Nested Loop", "Parent Relationship": "Outer", "Join Type": "Inner", "Startup Cost": 7502.06, "Total Cost": 21741.14, "Plan Rows": 345008, "Plan Width": 4, "Inner Unique": false, "Plans": [{"Node Type": "Seq Scan", "Parent Relationship": "Outer", "Relation Name": "info_type", "Alias": "it", "Startup Cost": 0.0, "Total Cost": 2.4, "Plan Rows": 1, "Plan Width": 4, "Filter": "((info)::text = 'bottom 10 rank'::text)"}, {"Node Type": "Bitmap Heap Scan", "Parent Relationship": "Inner", "Relation Name": "movie_info_idx", "Alias": "mi_idx", "Startup Cost": 7502.06, "Total Cost": 18288.66, "Plan Rows": 345008, "Plan Width": 8, "Recheck Cond": "(info_type_id = it.id), (LLVM Optimized)", "Plans": [{"Node Type": "Bitmap Index Scan", "Parent Relationship": "Outer", "Index Name": "info_type_id_movie_info_idx", "Startup Cost": 0.0, "Total Cost": 7415.81, "Plan Rows": 345008, "Plan Width": 0, "Index Cond": "(info_type_id = it.id)"}]}]}, {"Node Type": "Hash", "Parent Relationship": "Inner", "Startup Cost": 66389.89, "Total Cost": 66389.89, "Plan Rows": 1381886, "Plan Width": 25, "Plans": [{"Node Type": "Seq Scan", "Parent Relationship": "Outer", "Relation Name": "title", "Alias": "t", "Startup Cost": 0.0, "Total Cost": 66389.89, "Plan Rows": 1381886, "Plan Width": 25, "Filter": "(production_year > 2000), (LLVM Optimized)"}]}]}]}]}, {"Node Type": "Hash", "Parent Relationship": "Inner", "Startup Cost": 1.04, "Total Cost": 1.04, "Plan Rows": 1, "Plan Width": 4, "Plans": [{"Node Type": "Seq Scan", "Parent Relationship": "Outer", "Relation Name": "company_type", "Alias": "ct", "Startup Cost": 0.0, "Total Cost": 1.04, "Plan Rows": 1, "Plan Width": 4, "Filter": "((kind)::text = 'production companies'::text)"}]}]}]}, "Unique SQL Id": 2492542741, "Planner Runtime": 11}, "explain_analyze_plan": {"Plan": {"Node Type": "Aggregate", "Strategy": "Plain", "Startup Cost": 199127.96, "Total Cost": 199127.97, "Plan Rows": 1, "Plan Width": 113, "Actual Startup Time": 2728.625, "Actual Total Time": 2728.626, "Actual Rows": 1, "Actual Loops": 1, "Plans": [{"Node Type": "Hash Join", "Parent Relationship": "Outer", "Join Type": "Inner", "Startup Cost": 116775.81, "Total Cost": 194248.77, "Plan Rows": 650559, "Plan Width": 45, "Actual Startup Time": 2557.909, "Actual Total Time": 2728.582, "Actual Rows": 4, "Actual Loops": 1, "Inner Unique": true, "Hash Cond": "(mc.company_type_id = ct.id), (LLVM Optimized, Jit Execute)", "Plans": [{"Node Type": "Hash Join", "Parent Relationship": "Outer", "Join Type": "Inner", "Startup Cost": 116774.76, "Total Cost": 185660.4, "Plan Rows": 1055184, "Plan Width": 49, "Actual Startup Time": 1875.446, "Actual Total Time": 2728.348, "Actual Rows": 78, "Actual Loops": 1, "Inner Unique": false, "Hash Cond": "(mc.movie_id = t.id), (LLVM Optimized, Jit Execute)", "Plans": [{"Node Type": "Seq Scan", "Parent Relationship": "Outer", "Relation Name": "movie_companies", "Alias": "mc", "Startup Cost": 0.0, "Total Cost": 48340.1, "Plan Rows": 2609035, "Plan Width": 32, "Actual Startup Time": 0.025, "Actual Total Time": 903.429, "Actual Rows": 1337087, "Actual Loops": 1, "Filter": "((note)::text !~~ '%(as Metro-Goldwyn-Mayer Pictures)%'::text), (LLVM Optimized, Jit Execute)", "Rows Removed by Filter": 1272041}, {"Node Type": "Hash", "Parent Relationship": "Inner", "Startup Cost": 111176.77, "Total Cost": 111176.77, "Plan Rows": 447839, "Plan Width": 29, "Actual Startup Time": 1572.575, "Actual Total Time": 1572.575, "Actual Rows": 6, "Actual Loops": 1, "Hash Buckets": 524288, "Hash Batches": 1, "Original Hash Batches": 1, "Peak Memory Usage": 1, "Plans": [{"Node Type": "Hash Join", "Parent Relationship": "Outer", "Join Type": "Inner", "Startup Cost": 91165.52, "Total Cost": 111176.77, "Plan Rows": 447839, "Plan Width": 29, "Actual Startup Time": 1572.527, "Actual Total Time": 1572.562, "Actual Rows": 6, "Actual Loops": 1, "Inner Unique": true, "Hash Cond": "(mi_idx.movie_id = t.id), (LLVM Optimized, Jit Execute)", "Plans": [{"Node Type": "Nested Loop", "Parent Relationship": "Outer", "Join Type": "Inner", "Startup Cost": 7502.06, "Total Cost": 21741.14, "Plan Rows": 345008, "Plan Width": 4, "Actual Startup Time": 0.082, "Actual Total Time": 0.112, "Actual Rows": 10, "Actual Loops": 1, "Inner Unique": false, "Plans": [{"Node Type": "Seq Scan", "Parent Relationship": "Outer", "Relation Name": "info_type", "Alias": "it", "Startup Cost": 0.0, "Total Cost": 2.4, "Plan Rows": 1, "Plan Width": 4, "Actual Startup Time": 0.047, "Actual Total Time": 0.065, "Actual Rows": 1, "Actual Loops": 1, "Filter": "((info)::text = 'bottom 10 rank'::text)", "Rows Removed by Filter": 111}, {"Node Type": "Bitmap Heap Scan", "Parent Relationship": "Inner", "Relation Name": "movie_info_idx", "Alias": "mi_idx", "Startup Cost": 7502.06, "Total Cost": 18288.66, "Plan Rows": 345008, "Plan Width": 8, "Actual Startup Time": 0.028, "Actual Total Time": 0.034, "Actual Rows": 10, "Actual Loops": 1, "Recheck Cond": "(info_type_id = it.id), (LLVM Optimized, Jit Execute)", "Rows Removed by Index Recheck": 0, "Exact Heap Blocks": 1, "Lossy Heap Blocks": 1, "Plans": [{"Node Type": "Bitmap Index Scan", "Parent Relationship": "Outer", "Index Name": "info_type_id_movie_info_idx", "Startup Cost": 0.0, "Total Cost": 7415.81, "Plan Rows": 345008, "Plan Width": 0, "Actual Startup Time": 0.016, "Actual Total Time": 0.016, "Actual Rows": 10, "Actual Loops": 1, "Index Cond": "(info_type_id = it.id)"}]}]}, {"Node Type": "Hash", "Parent Relationship": "Inner", "Startup Cost": 66389.89, "Total Cost": 66389.89, "Plan Rows": 1381886, "Plan Width": 25, "Actual Startup Time": 1571.16, "Actual Total Time": 1571.16, "Actual Rows": 1381453, "Actual Loops": 1, "Hash Buckets": 2097152, "Hash Batches": 1, "Original Hash Batches": 1, "Peak Memory Usage": 79393, "Plans": [{"Node Type": "Seq Scan", "Parent Relationship": "Outer", "Relation Name": "title", "Alias": "t", "Startup Cost": 0.0, "Total Cost": 66389.89, "Plan Rows": 1381886, "Plan Width": 25, "Actual Startup Time": 0.025, "Actual Total Time": 993.497, "Actual Rows": 1381453, "Actual Loops": 1, "Filter": "(production_year > 2000), (LLVM Optimized, Jit Execute)", "Rows Removed by Filter": 1146858}]}]}]}]}, {"Node Type": "Hash", "Parent Relationship": "Inner", "Startup Cost": 1.04, "Total Cost": 1.04, "Plan Rows": 1, "Plan Width": 4, "Actual Startup Time": 0.045, "Actual Total Time": 0.045, "Actual Rows": 1, "Actual Loops": 1, "Hash Buckets": 32768, "Hash Batches": 1, "Original Hash Batches": 1, "Peak Memory Usage": 1, "Plans": [{"Node Type": "Seq Scan", "Parent Relationship": "Outer", "Relation Name": "company_type", "Alias": "ct", "Startup Cost": 0.0, "Total Cost": 1.04, "Plan Rows": 1, "Plan Width": 4, "Actual Startup Time": 0.027, "Actual Total Time": 0.03, "Actual Rows": 1, "Actual Loops": 1, "Filter": "((kind)::text = 'production companies'::text)", "Rows Removed by Filter": 2}]}]}]}, "Triggers": [], "Planner Runtime": 5, "Total Runtime": 2739.215, "Unique SQL Id": 2492542741}}, "(1, 5)": {"explain_plan": {"Plan": {"Node Type": "Aggregate", "Strategy": "Plain", "Startup Cost": 251533.23, "Total Cost": 251533.24, "Plan Rows": 1, "Plan Width": 113, "Plans": [{"Node Type": "Hash Join", "Parent Relationship": "Outer", "Join Type": "Inner", "Startup Cost": 166837.95, "Total Cost": 246654.04, "Plan Rows": 650559, "Plan Width": 45, "Inner Unique": false, "Hash Cond": "(mc.movie_id = t.id), (LLVM Optimized)", "Plans": [{"Node Type": "Nested Loop", "Parent Relationship": "Outer", "Join Type": "Inner", "Startup Cost": 0.0, "Total Cost": 69436.41, "Plan Rows": 1304518, "Plan Width": 28, "Inner Unique": false, "Plans": [{"Node Type": "Index Scan", "Parent Relationship": "Outer", "Scan Direction": "Forward", "Index Name": "company_type_pkey", "Relation Name": "company_type", "Alias": "ct", "Startup Cost": 0.0, "Total Cost": 12.3, "Plan Rows": 1, "Plan Width": 4, "Filter": "((kind)::text = 'production companies'::text)"}, {"Node Type": "Index Scan", "Parent Relationship": "Inner", "Scan Direction": "Forward", "Index Name": "company_type_id_movie_companies", "Relation Name": "movie_companies", "Alias": "mc", "Startup Cost": 0.0, "Total Cost": 56378.94, "Plan Rows": 1304517, "Plan Width": 32, "Index Cond": "(company_type_id = ct.id), (LLVM Optimized)", "Filter": "((note)::text !~~ '%(as Metro-Goldwyn-Mayer Pictures)%'::text), (LLVM Optimized)"}]}, {"Node Type": "Hash", "Parent Relationship": "Inner", "Startup Cost": 161239.96, "Total Cost": 161239.96, "Plan Rows": 447839, "Plan Width": 29, "Plans": [{"Node Type": "Hash Join", "Parent Relationship": "Outer", "Join Type": "Inner", "Startup Cost": 141216.9, "Total Cost": 161239.96, "Plan Rows": 447839, "Plan Width": 29, "Inner Unique": true, "Hash Cond": "(mi_idx.movie_id = t.id), (LLVM Optimized)", "Plans": [{"Node Type": "Nested Loop", "Parent Relationship": "Outer", "Join Type": "Inner", "Startup Cost": 7502.06, "Total Cost": 21752.95, "Plan Rows": 345008, "Plan Width": 4, "Inner Unique": false, "Plans": [{"Node Type": "Index Scan", "Parent Relationship": "Outer", "Scan Direction": "Forward", "Index Name": "info_type_pkey", "Relation Name": "info_type", "Alias": "it", "Startup Cost": 0.0, "Total Cost": 14.21, "Plan Rows": 1, "Plan Width": 4, "Filter": "((info)::text = 'bottom 10 rank'::text)"}, {"Node Type": "Bitmap Heap Scan", "Parent Relationship": "Inner", "Relation Name": "movie_info_idx", "Alias": "mi_idx", "Startup Cost": 7502.06, "Total Cost": 18288.66, "Plan Rows": 345008, "Plan Width": 8, "Recheck Cond": "(info_type_id = it.id), (LLVM Optimized)", "Plans": [{"Node Type": "Bitmap Index Scan", "Parent Relationship": "Outer", "Index Name": "info_type_id_movie_info_idx", "Startup Cost": 0.0, "Total Cost": 7415.81, "Plan Rows": 345008, "Plan Width": 0, "Index Cond": "(info_type_id = it.id)"}]}]}, {"Node Type": "Hash", "Parent Relationship": "Inner", "Startup Cost": 116441.27, "Total Cost": 116441.27, "Plan Rows": 1381886, "Plan Width": 25, "Plans": [{"Node Type": "Index Scan", "Parent Relationship": "Outer", "Scan Direction": "Forward", "Index Name": "title_pkey", "Relation Name": "title", "Alias": "t", "Startup Cost": 0.0, "Total Cost": 116441.27, "Plan Rows": 1381886, "Plan Width": 25, "Filter": "(production_year > 2000), (LLVM Optimized)"}]}]}]}]}]}, "Unique SQL Id": 2492542741, "Planner Runtime": 9}, "explain_analyze_plan": {"Plan": {"Node Type": "Aggregate", "Strategy": "Plain", "Startup Cost": 251533.23, "Total Cost": 251533.24, "Plan Rows": 1, "Plan Width": 113, "Actual Startup Time": 4421.886, "Actual Total Time": 4421.887, "Actual Rows": 1, "Actual Loops": 1, "Plans": [{"Node Type": "Hash Join", "Parent Relationship": "Outer", "Join Type": "Inner", "Startup Cost": 166837.95, "Total Cost": 246654.04, "Plan Rows": 650559, "Plan Width": 45, "Actual Startup Time": 4094.089, "Actual Total Time": 4421.84, "Actual Rows": 4, "Actual Loops": 1, "Inner Unique": false, "Hash Cond": "(mc.movie_id = t.id), (LLVM Optimized, Jit Execute)", "Plans": [{"Node Type": "Nested Loop", "Parent Relationship": "Outer", "Join Type": "Inner", "Startup Cost": 0.0, "Total Cost": 69436.41, "Plan Rows": 1304518, "Plan Width": 28, "Actual Startup Time": 0.108, "Actual Total Time": 638.366, "Actual Rows": 140904, "Actual Loops": 1, "Inner Unique": false, "Plans": [{"Node Type": "Index Scan", "Parent Relationship": "Outer", "Scan Direction": "Forward", "Index Name": "company_type_pkey", "Relation Name": "company_type", "Alias": "ct", "Startup Cost": 0.0, "Total Cost": 12.3, "Plan Rows": 1, "Plan Width": 4, "Actual Startup Time": 0.025, "Actual Total Time": 0.035, "Actual Rows": 1, "Actual Loops": 1, "Filter": "((kind)::text = 'production companies'::text)", "Rows Removed by Filter": 2}, {"Node Type": "Index Scan", "Parent Relationship": "Inner", "Scan Direction": "Forward", "Index Name": "company_type_id_movie_companies", "Relation Name": "movie_companies", "Alias": "mc", "Startup Cost": 0.0, "Total Cost": 56378.94, "Plan Rows": 1304517, "Plan Width": 32, "Actual Startup Time": 0.078, "Actual Total Time": 609.976, "Actual Rows": 140904, "Actual Loops": 1, "Index Cond": "(company_type_id = ct.id), (LLVM Optimized, Jit Execute)", "Rows Removed by Index Recheck": 0, "Filter": "((note)::text !~~ '%(as Metro-Goldwyn-Mayer Pictures)%'::text), (LLVM Optimized, Jit Execute)", "Rows Removed by Filter": 1193979}]}, {"Node Type": "Hash", "Parent Relationship": "Inner", "Startup Cost": 161239.96, "Total Cost": 161239.96, "Plan Rows": 447839, "Plan Width": 29, "Actual Startup Time": 3752.128, "Actual Total Time": 3752.128, "Actual Rows": 6, "Actual Loops": 1, "Hash Buckets": 524288, "Hash Batches": 1, "Original Hash Batches": 1, "Peak Memory Usage": 1, "Plans": [{"Node Type": "Hash Join", "Parent Relationship": "Outer", "Join Type": "Inner", "Startup Cost": 141216.9, "Total Cost": 161239.96, "Plan Rows": 447839, "Plan Width": 29, "Actual Startup Time": 3752.1, "Actual Total Time": 3752.117, "Actual Rows": 6, "Actual Loops": 1, "Inner Unique": true, "Hash Cond": "(mi_idx.movie_id = t.id), (LLVM Optimized, Jit Execute)", "Plans": [{"Node Type": "Nested Loop", "Parent Relationship": "Outer", "Join Type": "Inner", "Startup Cost": 7502.06, "Total Cost": 21752.95, "Plan Rows": 345008, "Plan Width": 4, "Actual Startup Time": 0.094, "Actual Total Time": 0.11, "Actual Rows": 10, "Actual Loops": 1, "Inner Unique": false, "Plans": [{"Node Type": "Index Scan", "Parent Relationship": "Outer", "Scan Direction": "Forward", "Index Name": "info_type_pkey", "Relation Name": "info_type", "Alias": "it", "Startup Cost": 0.0, "Total Cost": 14.21, "Plan Rows": 1, "Plan Width": 4, "Actual Startup Time": 0.061, "Actual Total Time": 0.066, "Actual Rows": 1, "Actual Loops": 1, "Filter": "((info)::text = 'bottom 10 rank'::text)", "Rows Removed by Filter": 111}, {"Node Type": "Bitmap Heap Scan", "Parent Relationship": "Inner", "Relation Name": "movie_info_idx", "Alias": "mi_idx", "Startup Cost": 7502.06, "Total Cost": 18288.66, "Plan Rows": 345008, "Plan Width": 8, "Actual Startup Time": 0.026, "Actual Total Time": 0.032, "Actual Rows": 10, "Actual Loops": 1, "Recheck Cond": "(info_type_id = it.id), (LLVM Optimized, Jit Execute)", "Rows Removed by Index Recheck": 0, "Exact Heap Blocks": 1, "Lossy Heap Blocks": 1, "Plans": [{"Node Type": "Bitmap Index Scan", "Parent Relationship": "Outer", "Index Name": "info_type_id_movie_info_idx", "Startup Cost": 0.0, "Total Cost": 7415.81, "Plan Rows": 345008, "Plan Width": 0, "Actual Startup Time": 0.012, "Actual Total Time": 0.012, "Actual Rows": 10, "Actual Loops": 1, "Index Cond": "(info_type_id = it.id)"}]}]}, {"Node Type": "Hash", "Parent Relationship": "Inner", "Startup Cost": 116441.27, "Total Cost": 116441.27, "Plan Rows": 1381886, "Plan Width": 25, "Actual Startup Time": 3750.712, "Actual Total Time": 3750.712, "Actual Rows": 1381453, "Actual Loops": 1, "Hash Buckets": 2097152, "Hash Batches": 1, "Original Hash Batches": 1, "Peak Memory Usage": 79393, "Plans": [{"Node Type": "Index Scan", "Parent Relationship": "Outer", "Scan Direction": "Forward", "Index Name": "title_pkey", "Relation Name": "title", "Alias": "t", "Startup Cost": 0.0, "Total Cost": 116441.27, "Plan Rows": 1381886, "Plan Width": 25, "Actual Startup Time": 0.027, "Actual Total Time": 3155.74, "Actual Rows": 1381453, "Actual Loops": 1, "Filter": "(production_year > 2000), (LLVM Optimized, Jit Execute)", "Rows Removed by Filter": 1146858}]}]}]}]}]}, "Triggers": [], "Planner Runtime": 4, "Total Runtime": 4432.594, "Unique SQL Id": 2492542741}}, "(1, 6)": {"explain_plan": {"Plan": {"Node Type": "Aggregate", "Strategy": "Plain", "Startup Cost": 199127.96, "Total Cost": 199127.97, "Plan Rows": 1, "Plan Width": 113, "Plans": [{"Node Type": "Hash Join", "Parent Relationship": "Outer", "Join Type": "Inner", "Startup Cost": 116775.81, "Total Cost": 194248.77, "Plan Rows": 650559, "Plan Width": 45, "Inner Unique": true, "Hash Cond": "(mc.company_type_id = ct.id), (LLVM Optimized)", "Plans": [{"Node Type": "Hash Join", "Parent Relationship": "Outer", "Join Type": "Inner", "Startup Cost": 116774.76, "Total Cost": 185660.4, "Plan Rows": 1055184, "Plan Width": 49, "Inner Unique": false, "Hash Cond": "(mc.movie_id = t.id), (LLVM Optimized)", "Plans": [{"Node Type": "Seq Scan", "Parent Relationship": "Outer", "Relation Name": "movie_companies", "Alias": "mc", "Startup Cost": 0.0, "Total Cost": 48340.1, "Plan Rows": 2609035, "Plan Width": 32, "Filter": "((note)::text !~~ '%(as Metro-Goldwyn-Mayer Pictures)%'::text), (LLVM Optimized)"}, {"Node Type": "Hash", "Parent Relationship": "Inner", "Startup Cost": 111176.77, "Total Cost": 111176.77, "Plan Rows": 447839, "Plan Width": 29, "Plans": [{"Node Type": "Hash Join", "Parent Relationship": "Outer", "Join Type": "Inner", "Startup Cost": 91165.52, "Total Cost": 111176.77, "Plan Rows": 447839, "Plan Width": 29, "Inner Unique": true, "Hash Cond": "(mi_idx.movie_id = t.id), (LLVM Optimized)", "Plans": [{"Node Type": "Nested Loop", "Parent Relationship": "Outer", "Join Type": "Inner", "Startup Cost": 7502.06, "Total Cost": 21741.14, "Plan Rows": 345008, "Plan Width": 4, "Inner Unique": false, "Plans": [{"Node Type": "Seq Scan", "Parent Relationship": "Outer", "Relation Name": "info_type", "Alias": "it", "Startup Cost": 0.0, "Total Cost": 2.4, "Plan Rows": 1, "Plan Width": 4, "Filter": "((info)::text = 'bottom 10 rank'::text)"}, {"Node Type": "Bitmap Heap Scan", "Parent Relationship": "Inner", "Relation Name": "movie_info_idx", "Alias": "mi_idx", "Startup Cost": 7502.06, "Total Cost": 18288.66, "Plan Rows": 345008, "Plan Width": 8, "Recheck Cond": "(info_type_id = it.id), (LLVM Optimized)", "Plans": [{"Node Type": "Bitmap Index Scan", "Parent Relationship": "Outer", "Index Name": "info_type_id_movie_info_idx", "Startup Cost": 0.0, "Total Cost": 7415.81, "Plan Rows": 345008, "Plan Width": 0, "Index Cond": "(info_type_id = it.id)"}]}]}, {"Node Type": "Hash", "Parent Relationship": "Inner", "Startup Cost": 66389.89, "Total Cost": 66389.89, "Plan Rows": 1381886, "Plan Width": 25, "Plans": [{"Node Type": "Seq Scan", "Parent Relationship": "Outer", "Relation Name": "title", "Alias": "t", "Startup Cost": 0.0, "Total Cost": 66389.89, "Plan Rows": 1381886, "Plan Width": 25, "Filter": "(production_year > 2000), (LLVM Optimized)"}]}]}]}]}, {"Node Type": "Hash", "Parent Relationship": "Inner", "Startup Cost": 1.04, "Total Cost": 1.04, "Plan Rows": 1, "Plan Width": 4, "Plans": [{"Node Type": "Seq Scan", "Parent Relationship": "Outer", "Relation Name": "company_type", "Alias": "ct", "Startup Cost": 0.0, "Total Cost": 1.04, "Plan Rows": 1, "Plan Width": 4, "Filter": "((kind)::text = 'production companies'::text)"}]}]}]}, "Unique SQL Id": 2492542741, "Planner Runtime": 9}, "explain_analyze_plan": {"Plan": {"Node Type": "Aggregate", "Strategy": "Plain", "Startup Cost": 199127.96, "Total Cost": 199127.97, "Plan Rows": 1, "Plan Width": 113, "Actual Startup Time": 2728.625, "Actual Total Time": 2728.626, "Actual Rows": 1, "Actual Loops": 1, "Plans": [{"Node Type": "Hash Join", "Parent Relationship": "Outer", "Join Type": "Inner", "Startup Cost": 116775.81, "Total Cost": 194248.77, "Plan Rows": 650559, "Plan Width": 45, "Actual Startup Time": 2557.909, "Actual Total Time": 2728.582, "Actual Rows": 4, "Actual Loops": 1, "Inner Unique": true, "Hash Cond": "(mc.company_type_id = ct.id), (LLVM Optimized, Jit Execute)", "Plans": [{"Node Type": "Hash Join", "Parent Relationship": "Outer", "Join Type": "Inner", "Startup Cost": 116774.76, "Total Cost": 185660.4, "Plan Rows": 1055184, "Plan Width": 49, "Actual Startup Time": 1875.446, "Actual Total Time": 2728.348, "Actual Rows": 78, "Actual Loops": 1, "Inner Unique": false, "Hash Cond": "(mc.movie_id = t.id), (LLVM Optimized, Jit Execute)", "Plans": [{"Node Type": "Seq Scan", "Parent Relationship": "Outer", "Relation Name": "movie_companies", "Alias": "mc", "Startup Cost": 0.0, "Total Cost": 48340.1, "Plan Rows": 2609035, "Plan Width": 32, "Actual Startup Time": 0.025, "Actual Total Time": 903.429, "Actual Rows": 1337087, "Actual Loops": 1, "Filter": "((note)::text !~~ '%(as Metro-Goldwyn-Mayer Pictures)%'::text), (LLVM Optimized, Jit Execute)", "Rows Removed by Filter": 1272041}, {"Node Type": "Hash", "Parent Relationship": "Inner", "Startup Cost": 111176.77, "Total Cost": 111176.77, "Plan Rows": 447839, "Plan Width": 29, "Actual Startup Time": 1572.575, "Actual Total Time": 1572.575, "Actual Rows": 6, "Actual Loops": 1, "Hash Buckets": 524288, "Hash Batches": 1, "Original Hash Batches": 1, "Peak Memory Usage": 1, "Plans": [{"Node Type": "Hash Join", "Parent Relationship": "Outer", "Join Type": "Inner", "Startup Cost": 91165.52, "Total Cost": 111176.77, "Plan Rows": 447839, "Plan Width": 29, "Actual Startup Time": 1572.527, "Actual Total Time": 1572.562, "Actual Rows": 6, "Actual Loops": 1, "Inner Unique": true, "Hash Cond": "(mi_idx.movie_id = t.id), (LLVM Optimized, Jit Execute)", "Plans": [{"Node Type": "Nested Loop", "Parent Relationship": "Outer", "Join Type": "Inner", "Startup Cost": 7502.06, "Total Cost": 21741.14, "Plan Rows": 345008, "Plan Width": 4, "Actual Startup Time": 0.082, "Actual Total Time": 0.112, "Actual Rows": 10, "Actual Loops": 1, "Inner Unique": false, "Plans": [{"Node Type": "Seq Scan", "Parent Relationship": "Outer", "Relation Name": "info_type", "Alias": "it", "Startup Cost": 0.0, "Total Cost": 2.4, "Plan Rows": 1, "Plan Width": 4, "Actual Startup Time": 0.047, "Actual Total Time": 0.065, "Actual Rows": 1, "Actual Loops": 1, "Filter": "((info)::text = 'bottom 10 rank'::text)", "Rows Removed by Filter": 111}, {"Node Type": "Bitmap Heap Scan", "Parent Relationship": "Inner", "Relation Name": "movie_info_idx", "Alias": "mi_idx", "Startup Cost": 7502.06, "Total Cost": 18288.66, "Plan Rows": 345008, "Plan Width": 8, "Actual Startup Time": 0.028, "Actual Total Time": 0.034, "Actual Rows": 10, "Actual Loops": 1, "Recheck Cond": "(info_type_id = it.id), (LLVM Optimized, Jit Execute)", "Rows Removed by Index Recheck": 0, "Exact Heap Blocks": 1, "Lossy Heap Blocks": 1, "Plans": [{"Node Type": "Bitmap Index Scan", "Parent Relationship": "Outer", "Index Name": "info_type_id_movie_info_idx", "Startup Cost": 0.0, "Total Cost": 7415.81, "Plan Rows": 345008, "Plan Width": 0, "Actual Startup Time": 0.016, "Actual Total Time": 0.016, "Actual Rows": 10, "Actual Loops": 1, "Index Cond": "(info_type_id = it.id)"}]}]}, {"Node Type": "Hash", "Parent Relationship": "Inner", "Startup Cost": 66389.89, "Total Cost": 66389.89, "Plan Rows": 1381886, "Plan Width": 25, "Actual Startup Time": 1571.16, "Actual Total Time": 1571.16, "Actual Rows": 1381453, "Actual Loops": 1, "Hash Buckets": 2097152, "Hash Batches": 1, "Original Hash Batches": 1, "Peak Memory Usage": 79393, "Plans": [{"Node Type": "Seq Scan", "Parent Relationship": "Outer", "Relation Name": "title", "Alias": "t", "Startup Cost": 0.0, "Total Cost": 66389.89, "Plan Rows": 1381886, "Plan Width": 25, "Actual Startup Time": 0.025, "Actual Total Time": 993.497, "Actual Rows": 1381453, "Actual Loops": 1, "Filter": "(production_year > 2000), (LLVM Optimized, Jit Execute)", "Rows Removed by Filter": 1146858}]}]}]}]}, {"Node Type": "Hash", "Parent Relationship": "Inner", "Startup Cost": 1.04, "Total Cost": 1.04, "Plan Rows": 1, "Plan Width": 4, "Actual Startup Time": 0.045, "Actual Total Time": 0.045, "Actual Rows": 1, "Actual Loops": 1, "Hash Buckets": 32768, "Hash Batches": 1, "Original Hash Batches": 1, "Peak Memory Usage": 1, "Plans": [{"Node Type": "Seq Scan", "Parent Relationship": "Outer", "Relation Name": "company_type", "Alias": "ct", "Startup Cost": 0.0, "Total Cost": 1.04, "Plan Rows": 1, "Plan Width": 4, "Actual Startup Time": 0.027, "Actual Total Time": 0.03, "Actual Rows": 1, "Actual Loops": 1, "Filter": "((kind)::text = 'production companies'::text)", "Rows Removed by Filter": 2}]}]}]}, "Triggers": [], "Planner Runtime": 5, "Total Runtime": 2739.215, "Unique SQL Id": 2492542741}}, "(1, 7)": {"explain_plan": {"Plan": {"Node Type": "Aggregate", "Strategy": "Plain", "Startup Cost": 1000017767760.86, "Total Cost": 1000017767760.87, "Plan Rows": 1, "Plan Width": 113, "Plans": [{"Node Type": "Nested Loop", "Parent Relationship": "Outer", "Join Type": "Inner", "Startup Cost": 10000000001.08, "Total Cost": 1000017762976.72, "Plan Rows": 637886, "Plan Width": 45, "Inner Unique": true, "Plans": [{"Node Type": "Nested Loop", "Parent Relationship": "Outer", "Join Type": "Inner", "Startup Cost": 10000000000.81, "Total Cost": 1000015609438.29, "Plan Rows": 501180, "Plan Width": 32, "Inner Unique": true, "Plans": [{"Node Type": "Nested Loop", "Parent Relationship": "Outer", "Join Type": "Inner", "Startup Cost": 10000000000.55, "Total Cost": 1000012058838.99, "Plan Rows": 829046, "Plan Width": 36, "Inner Unique": false, "Plans": [{"Node Type": "Nested Loop", "Parent Relationship": "Outer", "Join Type": "Inner", "Startup Cost": 10000000000.26, "Total Cost": 1000010560383.98, "Plan Rows": 345008, "Plan Width": 4, "Inner Unique": true, "Plans": [{"Node Type": "Index Scan", "Parent Relationship": "Outer", "Scan Direction": "Forward", "Index Name": "movie_id_movie_info_idx", "Relation Name": "movie_info_idx", "Alias": "mi_idx", "Startup Cost": 10000000000.0, "Total Cost": 1000004650035.37, "Plan Rows": 1380034, "Plan Width": 8}, {"Node Type": "Bitmap Heap Scan", "Parent Relationship": "Inner", "Relation Name": "info_type", "Alias": "it", "Startup Cost": 0.26, "Total Cost": 4.27, "Plan Rows": 1, "Plan Width": 4, "Recheck Cond": "(id = mi_idx.info_type_id)", "Filter": "((info)::text = 'bottom 10 rank'::text)", "Plans": [{"Node Type": "Bitmap Index Scan", "Parent Relationship": "Outer", "Index Name": "info_type_pkey", "Startup Cost": 0.0, "Total Cost": 0.26, "Plan Rows": 1, "Plan Width": 0, "Index Cond": "(id = mi_idx.info_type_id)"}]}]}, {"Node Type": "Bitmap Heap Scan", "Parent Relationship": "Inner", "Relation Name": "movie_companies", "Alias": "mc", "Startup Cost": 0.29, "Total Cost": 4.32, "Plan Rows": 2, "Plan Width": 32, "Recheck Cond": "(movie_id = mi_idx.movie_id)", "Filter": "((note)::text !~~ '%(as Metro-Goldwyn-Mayer Pictures)%'::text)", "Plans": [{"Node Type": "Bitmap Index Scan", "Parent Relationship": "Outer", "Index Name": "movie_id_movie_companies", "Startup Cost": 0.0, "Total Cost": 0.29, "Plan Rows": 2, "Plan Width": 0, "Index Cond": "(movie_id = mi_idx.movie_id)"}]}]}, {"Node Type": "Bitmap Heap Scan", "Parent Relationship": "Inner", "Relation Name": "company_type", "Alias": "ct", "Startup Cost": 0.26, "Total Cost": 4.27, "Plan Rows": 1, "Plan Width": 4, "Recheck Cond": "(id = mc.company_type_id)", "Filter": "((kind)::text = 'production companies'::text)", "Plans": [{"Node Type": "Bitmap Index Scan", "Parent Relationship": "Outer", "Index Name": "company_type_pkey", "Startup Cost": 0.0, "Total Cost": 0.26, "Plan Rows": 1, "Plan Width": 0, "Index Cond": "(id = mc.company_type_id)"}]}]}, {"Node Type": "Bitmap Heap Scan", "Parent Relationship": "Inner", "Relation Name": "title", "Alias": "t", "Startup Cost": 0.27, "Total Cost": 4.29, "Plan Rows": 1, "Plan Width": 25, "Recheck Cond": "(id = mc.movie_id)", "Filter": "(production_year > 2000)", "Plans": [{"Node Type": "Bitmap Index Scan", "Parent Relationship": "Outer", "Index Name": "title_pkey", "Startup Cost": 0.0, "Total Cost": 0.27, "Plan Rows": 1, "Plan Width": 0, "Index Cond": "(id = mc.movie_id)"}]}]}]}, "Unique SQL Id": 2492542741, "Planner Runtime": 4}, "explain_analyze_plan": null}, "(1, 8)": {"explain_plan": {"Plan": {"Node Type": "Aggregate", "Strategy": "Plain", "Startup Cost": 204572.36, "Total Cost": 204572.37, "Plan Rows": 1, "Plan Width": 113, "Plans": [{"Node Type": "Hash Join", "Parent Relationship": "Outer", "Join Type": "Inner", "Startup Cost": 122220.21, "Total Cost": 199693.17, "Plan Rows": 650559, "Plan Width": 45, "Inner Unique": true, "Hash Cond": "(mc.company_type_id = ct.id), (LLVM Optimized)", "Plans": [{"Node Type": "Hash Join", "Parent Relationship": "Outer", "Join Type": "Inner", "Startup Cost": 122219.16, "Total Cost": 191104.8, "Plan Rows": 1055184, "Plan Width": 49, "Inner Unique": false, "Hash Cond": "(mc.movie_id = t.id), (LLVM Optimized)", "Plans": [{"Node Type": "Seq Scan", "Parent Relationship": "Outer", "Relation Name": "movie_companies", "Alias": "mc", "Startup Cost": 0.0, "Total Cost": 48340.1, "Plan Rows": 2609035, "Plan Width": 32, "Filter": "((note)::text !~~ '%(as Metro-Goldwyn-Mayer Pictures)%'::text), (LLVM Optimized)"}, {"Node Type": "Hash", "Parent Relationship": "Inner", "Startup Cost": 116621.17, "Total Cost": 116621.17, "Plan Rows": 447839, "Plan Width": 29, "Plans": [{"Node Type": "Hash Join", "Parent Relationship": "Outer", "Join Type": "Inner", "Startup Cost": 83665.88, "Total Cost": 116621.17, "Plan Rows": 447839, "Plan Width": 29, "Inner Unique": true, "Hash Cond": "(mi_idx.movie_id = t.id), (LLVM Optimized)", "Plans": [{"Node Type": "Hash Join", "Parent Relationship": "Outer", "Join Type": "Inner", "Startup Cost": 2.41, "Total Cost": 27185.54, "Plan Rows": 345008, "Plan Width": 4, "Inner Unique": true, "Hash Cond": "(mi_idx.info_type_id = it.id), (LLVM Optimized)", "Plans": [{"Node Type": "Seq Scan", "Parent Relationship": "Outer", "Relation Name": "movie_info_idx", "Alias": "mi_idx", "Startup Cost": 0.0, "Total Cost": 20274.34, "Plan Rows": 1380034, "Plan Width": 8}, {"Node Type": "Hash", "Parent Relationship": "Inner", "Startup Cost": 2.4, "Total Cost": 2.4, "Plan Rows": 1, "Plan Width": 4, "Plans": [{"Node Type": "Seq Scan", "Parent Relationship": "Outer", "Relation Name": "info_type", "Alias": "it", "Startup Cost": 0.0, "Total Cost": 2.4, "Plan Rows": 1, "Plan Width": 4, "Filter": "((info)::text = 'bottom 10 rank'::text)"}]}]}, {"Node Type": "Hash", "Parent Relationship": "Inner", "Startup Cost": 66389.89, "Total Cost": 66389.89, "Plan Rows": 1381886, "Plan Width": 25, "Plans": [{"Node Type": "Seq Scan", "Parent Relationship": "Outer", "Relation Name": "title", "Alias": "t", "Startup Cost": 0.0, "Total Cost": 66389.89, "Plan Rows": 1381886, "Plan Width": 25, "Filter": "(production_year > 2000), (LLVM Optimized)"}]}]}]}]}, {"Node Type": "Hash", "Parent Relationship": "Inner", "Startup Cost": 1.04, "Total Cost": 1.04, "Plan Rows": 1, "Plan Width": 4, "Plans": [{"Node Type": "Seq Scan", "Parent Relationship": "Outer", "Relation Name": "company_type", "Alias": "ct", "Startup Cost": 0.0, "Total Cost": 1.04, "Plan Rows": 1, "Plan Width": 4, "Filter": "((kind)::text = 'production companies'::text)"}]}]}]}, "Unique SQL Id": 2492542741, "Planner Runtime": 10}, "explain_analyze_plan": {"Plan": {"Node Type": "Aggregate", "Strategy": "Plain", "Startup Cost": 204572.36, "Total Cost": 204572.37, "Plan Rows": 1, "Plan Width": 113, "Actual Startup Time": 3224.06, "Actual Total Time": 3224.06, "Actual Rows": 1, "Actual Loops": 1, "Plans": [{"Node Type": "Hash Join", "Parent Relationship": "Outer", "Join Type": "Inner", "Startup Cost": 122220.21, "Total Cost": 199693.17, "Plan Rows": 650559, "Plan Width": 45, "Actual Startup Time": 3046.139, "Actual Total Time": 3224.013, "Actual Rows": 4, "Actual Loops": 1, "Inner Unique": true, "Hash Cond": "(mc.company_type_id = ct.id), (LLVM Optimized, Jit Execute)", "Plans": [{"Node Type": "Hash Join", "Parent Relationship": "Outer", "Join Type": "Inner", "Startup Cost": 122219.16, "Total Cost": 191104.8, "Plan Rows": 1055184, "Plan Width": 49, "Actual Startup Time": 2326.995, "Actual Total Time": 3223.784, "Actual Rows": 78, "Actual Loops": 1, "Inner Unique": false, "Hash Cond": "(mc.movie_id = t.id), (LLVM Optimized, Jit Execute)", "Plans": [{"Node Type": "Seq Scan", "Parent Relationship": "Outer", "Relation Name": "movie_companies", "Alias": "mc", "Startup Cost": 0.0, "Total Cost": 48340.1, "Plan Rows": 2609035, "Plan Width": 32, "Actual Startup Time": 0.026, "Actual Total Time": 941.786, "Actual Rows": 1337087, "Actual Loops": 1, "Filter": "((note)::text !~~ '%(as Metro-Goldwyn-Mayer Pictures)%'::text), (LLVM Optimized, Jit Execute)", "Rows Removed by Filter": 1272041}, {"Node Type": "Hash", "Parent Relationship": "Inner", "Startup Cost": 116621.17, "Total Cost": 116621.17, "Plan Rows": 447839, "Plan Width": 29, "Actual Startup Time": 2012.885, "Actual Total Time": 2012.885, "Actual Rows": 6, "Actual Loops": 1, "Hash Buckets": 524288, "Hash Batches": 1, "Original Hash Batches": 1, "Peak Memory Usage": 1, "Plans": [{"Node Type": "Hash Join", "Parent Relationship": "Outer", "Join Type": "Inner", "Startup Cost": 83665.88, "Total Cost": 116621.17, "Plan Rows": 447839, "Plan Width": 29, "Actual Startup Time": 2012.819, "Actual Total Time": 2012.87, "Actual Rows": 6, "Actual Loops": 1, "Inner Unique": true, "Hash Cond": "(mi_idx.movie_id = t.id), (LLVM Optimized, Jit Execute)", "Plans": [{"Node Type": "Hash Join", "Parent Relationship": "Outer", "Join Type": "Inner", "Startup Cost": 2.41, "Total Cost": 27185.54, "Plan Rows": 345008, "Plan Width": 4, "Actual Startup Time": 534.697, "Actual Total Time": 534.72, "Actual Rows": 10, "Actual Loops": 1, "Inner Unique": true, "Hash Cond": "(mi_idx.info_type_id = it.id), (LLVM Optimized, Jit Execute)", "Plans": [{"Node Type": "Seq Scan", "Parent Relationship": "Outer", "Relation Name": "movie_info_idx", "Alias": "mi_idx", "Startup Cost": 0.0, "Total Cost": 20274.34, "Plan Rows": 1380034, "Plan Width": 8, "Actual Startup Time": 0.03, "Actual Total Time": 303.004, "Actual Rows": 1380034, "Actual Loops": 1}, {"Node Type": "Hash", "Parent Relationship": "Inner", "Startup Cost": 2.4, "Total Cost": 2.4, "Plan Rows": 1, "Plan Width": 4, "Actual Startup Time": 0.046, "Actual Total Time": 0.046, "Actual Rows": 1, "Actual Loops": 1, "Hash Buckets": 32768, "Hash Batches": 1, "Original Hash Batches": 1, "Peak Memory Usage": 1, "Plans": [{"Node Type": "Seq Scan", "Parent Relationship": "Outer", "Relation Name": "info_type", "Alias": "it", "Startup Cost": 0.0, "Total Cost": 2.4, "Plan Rows": 1, "Plan Width": 4, "Actual Startup Time": 0.042, "Actual Total Time": 0.044, "Actual Rows": 1, "Actual Loops": 1, "Filter": "((info)::text = 'bottom 10 rank'::text)", "Rows Removed by Filter": 111}]}]}, {"Node Type": "Hash", "Parent Relationship": "Inner", "Startup Cost": 66389.89, "Total Cost": 66389.89, "Plan Rows": 1381886, "Plan Width": 25, "Actual Startup Time": 1476.669, "Actual Total Time": 1476.669, "Actual Rows": 1381453, "Actual Loops": 1, "Hash Buckets": 2097152, "Hash Batches": 1, "Original Hash Batches": 1, "Peak Memory Usage": 79393, "Plans": [{"Node Type": "Seq Scan", "Parent Relationship": "Outer", "Relation Name": "title", "Alias": "t", "Startup Cost": 0.0, "Total Cost": 66389.89, "Plan Rows": 1381886, "Plan Width": 25, "Actual Startup Time": 0.071, "Actual Total Time": 926.834, "Actual Rows": 1381453, "Actual Loops": 1, "Filter": "(production_year > 2000), (LLVM Optimized, Jit Execute)", "Rows Removed by Filter": 1146858}]}]}]}]}, {"Node Type": "Hash", "Parent Relationship": "Inner", "Startup Cost": 1.04, "Total Cost": 1.04, "Plan Rows": 1, "Plan Width": 4, "Actual Startup Time": 0.044, "Actual Total Time": 0.044, "Actual Rows": 1, "Actual Loops": 1, "Hash Buckets": 32768, "Hash Batches": 1, "Original Hash Batches": 1, "Peak Memory Usage": 1, "Plans": [{"Node Type": "Seq Scan", "Parent Relationship": "Outer", "Relation Name": "company_type", "Alias": "ct", "Startup Cost": 0.0, "Total Cost": 1.04, "Plan Rows": 1, "Plan Width": 4, "Actual Startup Time": 0.025, "Actual Total Time": 0.028, "Actual Rows": 1, "Actual Loops": 1, "Filter": "((kind)::text = 'production companies'::text)", "Rows Removed by Filter": 2}]}]}]}, "Triggers": [], "Planner Runtime": 4, "Total Runtime": 3234.758, "Unique SQL Id": 2492542741}}, "(1, 9)": {"explain_plan": {"Plan": {"Node Type": "Aggregate", "Strategy": "Plain", "Startup Cost": 268118.48, "Total Cost": 268118.49, "Plan Rows": 1, "Plan Width": 113, "Plans": [{"Node Type": "Hash Join", "Parent Relationship": "Outer", "Join Type": "Inner", "Startup Cost": 183423.2, "Total Cost": 263239.28, "Plan Rows": 650559, "Plan Width": 45, "Inner Unique": false, "Hash Cond": "(mc.movie_id = t.id), (LLVM Optimized)", "Plans": [{"Node Type": "Nested Loop", "Parent Relationship": "Outer", "Join Type": "Inner", "Startup Cost": 0.0, "Total Cost": 69436.41, "Plan Rows": 1304518, "Plan Width": 28, "Inner Unique": false, "Plans": [{"Node Type": "Index Scan", "Parent Relationship": "Outer", "Scan Direction": "Forward", "Index Name": "company_type_pkey", "Relation Name": "company_type", "Alias": "ct", "Startup Cost": 0.0, "Total Cost": 12.3, "Plan Rows": 1, "Plan Width": 4, "Filter": "((kind)::text = 'production companies'::text)"}, {"Node Type": "Index Scan", "Parent Relationship": "Inner", "Scan Direction": "Forward", "Index Name": "company_type_id_movie_companies", "Relation Name": "movie_companies", "Alias": "mc", "Startup Cost": 0.0, "Total Cost": 56378.94, "Plan Rows": 1304517, "Plan Width": 32, "Index Cond": "(company_type_id = ct.id), (LLVM Optimized)", "Filter": "((note)::text !~~ '%(as Metro-Goldwyn-Mayer Pictures)%'::text), (LLVM Optimized)"}]}, {"Node Type": "Hash", "Parent Relationship": "Inner", "Startup Cost": 177825.21, "Total Cost": 177825.21, "Plan Rows": 447839, "Plan Width": 29, "Plans": [{"Node Type": "Hash Join", "Parent Relationship": "Outer", "Join Type": "Inner", "Startup Cost": 133714.84, "Total Cost": 177825.21, "Plan Rows": 447839, "Plan Width": 29, "Inner Unique": true, "Hash Cond": "(mi_idx.movie_id = t.id), (LLVM Optimized)", "Plans": [{"Node Type": "Nested Loop", "Parent Relationship": "Outer", "Join Type": "Inner", "Startup Cost": 0.0, "Total Cost": 38338.2, "Plan Rows": 345008, "Plan Width": 4, "Inner Unique": false, "Plans": [{"Node Type": "Index Scan", "Parent Relationship": "Outer", "Scan Direction": "Forward", "Index Name": "info_type_pkey", "Relation Name": "info_type", "Alias": "it", "Startup Cost": 0.0, "Total Cost": 14.21, "Plan Rows": 1, "Plan Width": 4, "Filter": "((info)::text = 'bottom 10 rank'::text)"}, {"Node Type": "Index Scan", "Parent Relationship": "Inner", "Scan Direction": "Forward", "Index Name": "info_type_id_movie_info_idx", "Relation Name": "movie_info_idx", "Alias": "mi_idx", "Startup Cost": 0.0, "Total Cost": 34873.91, "Plan Rows": 345008, "Plan Width": 8, "Index Cond": "(info_type_id = it.id), (LLVM Optimized)"}]}, {"Node Type": "Hash", "Parent Relationship": "Inner", "Startup Cost": 116441.27, "Total Cost": 116441.27, "Plan Rows": 1381886, "Plan Width": 25, "Plans": [{"Node Type": "Index Scan", "Parent Relationship": "Outer", "Scan Direction": "Forward", "Index Name": "title_pkey", "Relation Name": "title", "Alias": "t", "Startup Cost": 0.0, "Total Cost": 116441.27, "Plan Rows": 1381886, "Plan Width": 25, "Filter": "(production_year > 2000), (LLVM Optimized)"}]}]}]}]}]}, "Unique SQL Id": 2492542741, "Planner Runtime": 9}, "explain_analyze_plan": {"Plan": {"Node Type": "Aggregate", "Strategy": "Plain", "Startup Cost": 268118.48, "Total Cost": 268118.49, "Plan Rows": 1, "Plan Width": 113, "Actual Startup Time": 4780.141, "Actual Total Time": 4780.141, "Actual Rows": 1, "Actual Loops": 1, "Plans": [{"Node Type": "Hash Join", "Parent Relationship": "Outer", "Join Type": "Inner", "Startup Cost": 183423.2, "Total Cost": 263239.28, "Plan Rows": 650559, "Plan Width": 45, "Actual Startup Time": 4407.13, "Actual Total Time": 4780.091, "Actual Rows": 4, "Actual Loops": 1, "Inner Unique": false, "Hash Cond": "(mc.movie_id = t.id), (LLVM Optimized, Jit Execute)", "Plans": [{"Node Type": "Nested Loop", "Parent Relationship": "Outer", "Join Type": "Inner", "Startup Cost": 0.0, "Total Cost": 69436.41, "Plan Rows": 1304518, "Plan Width": 28, "Actual Startup Time": 0.124, "Actual Total Time": 736.559, "Actual Rows": 140904, "Actual Loops": 1, "Inner Unique": false, "Plans": [{"Node Type": "Index Scan", "Parent Relationship": "Outer", "Scan Direction": "Forward", "Index Name": "company_type_pkey", "Relation Name": "company_type", "Alias": "ct", "Startup Cost": 0.0, "Total Cost": 12.3, "Plan Rows": 1, "Plan Width": 4, "Actual Startup Time": 0.018, "Actual Total Time": 0.028, "Actual Rows": 1, "Actual Loops": 1, "Filter": "((kind)::text = 'production companies'::text)", "Rows Removed by Filter": 2}, {"Node Type": "Index Scan", "Parent Relationship": "Inner", "Scan Direction": "Forward", "Index Name": "company_type_id_movie_companies", "Relation Name": "movie_companies", "Alias": "mc", "Startup Cost": 0.0, "Total Cost": 56378.94, "Plan Rows": 1304517, "Plan Width": 32, "Actual Startup Time": 0.101, "Actual Total Time": 707.577, "Actual Rows": 140904, "Actual Loops": 1, "Index Cond": "(company_type_id = ct.id), (LLVM Optimized, Jit Execute)", "Rows Removed by Index Recheck": 0, "Filter": "((note)::text !~~ '%(as Metro-Goldwyn-Mayer Pictures)%'::text), (LLVM Optimized, Jit Execute)", "Rows Removed by Filter": 1193979}]}, {"Node Type": "Hash", "Parent Relationship": "Inner", "Startup Cost": 177825.21, "Total Cost": 177825.21, "Plan Rows": 447839, "Plan Width": 29, "Actual Startup Time": 4011.878, "Actual Total Time": 4011.878, "Actual Rows": 6, "Actual Loops": 1, "Hash Buckets": 524288, "Hash Batches": 1, "Original Hash Batches": 1, "Peak Memory Usage": 1, "Plans": [{"Node Type": "Hash Join", "Parent Relationship": "Outer", "Join Type": "Inner", "Startup Cost": 133714.84, "Total Cost": 177825.21, "Plan Rows": 447839, "Plan Width": 29, "Actual Startup Time": 4011.838, "Actual Total Time": 4011.861, "Actual Rows": 6, "Actual Loops": 1, "Inner Unique": true, "Hash Cond": "(mi_idx.movie_id = t.id), (LLVM Optimized, Jit Execute)", "Plans": [{"Node Type": "Nested Loop", "Parent Relationship": "Outer", "Join Type": "Inner", "Startup Cost": 0.0, "Total Cost": 38338.2, "Plan Rows": 345008, "Plan Width": 4, "Actual Startup Time": 0.087, "Actual Total Time": 0.106, "Actual Rows": 10, "Actual Loops": 1, "Inner Unique": false, "Plans": [{"Node Type": "Index Scan", "Parent Relationship": "Outer", "Scan Direction": "Forward", "Index Name": "info_type_pkey", "Relation Name": "info_type", "Alias": "it", "Startup Cost": 0.0, "Total Cost": 14.21, "Plan Rows": 1, "Plan Width": 4, "Actual Startup Time": 0.066, "Actual Total Time": 0.069, "Actual Rows": 1, "Actual Loops": 1, "Filter": "((info)::text = 'bottom 10 rank'::text)", "Rows Removed by Filter": 111}, {"Node Type": "Index Scan", "Parent Relationship": "Inner", "Scan Direction": "Forward", "Index Name": "info_type_id_movie_info_idx", "Relation Name": "movie_info_idx", "Alias": "mi_idx", "Startup Cost": 0.0, "Total Cost": 34873.91, "Plan Rows": 345008, "Plan Width": 8, "Actual Startup Time": 0.018, "Actual Total Time": 0.028, "Actual Rows": 10, "Actual Loops": 1, "Index Cond": "(info_type_id = it.id), (LLVM Optimized, Jit Execute)", "Rows Removed by Index Recheck": 0}]}, {"Node Type": "Hash", "Parent Relationship": "Inner", "Startup Cost": 116441.27, "Total Cost": 116441.27, "Plan Rows": 1381886, "Plan Width": 25, "Actual Startup Time": 4010.308, "Actual Total Time": 4010.308, "Actual Rows": 1381453, "Actual Loops": 1, "Hash Buckets": 2097152, "Hash Batches": 1, "Original Hash Batches": 1, "Peak Memory Usage": 79393, "Plans": [{"Node Type": "Index Scan", "Parent Relationship": "Outer", "Scan Direction": "Forward", "Index Name": "title_pkey", "Relation Name": "title", "Alias": "t", "Startup Cost": 0.0, "Total Cost": 116441.27, "Plan Rows": 1381886, "Plan Width": 25, "Actual Startup Time": 0.034, "Actual Total Time": 3282.905, "Actual Rows": 1381453, "Actual Loops": 1, "Filter": "(production_year > 2000), (LLVM Optimized, Jit Execute)", "Rows Removed by Filter": 1146858}]}]}]}]}]}, "Triggers": [], "Planner Runtime": 4, "Total Runtime": 4791.012, "Unique SQL Id": 2492542741}}, "(1, 10)": {"explain_plan": {"Plan": {"Node Type": "Aggregate", "Strategy": "Plain", "Startup Cost": 204572.36, "Total Cost": 204572.37, "Plan Rows": 1, "Plan Width": 113, "Plans": [{"Node Type": "Hash Join", "Parent Relationship": "Outer", "Join Type": "Inner", "Startup Cost": 122220.21, "Total Cost": 199693.17, "Plan Rows": 650559, "Plan Width": 45, "Inner Unique": true, "Hash Cond": "(mc.company_type_id = ct.id), (LLVM Optimized)", "Plans": [{"Node Type": "Hash Join", "Parent Relationship": "Outer", "Join Type": "Inner", "Startup Cost": 122219.16, "Total Cost": 191104.8, "Plan Rows": 1055184, "Plan Width": 49, "Inner Unique": false, "Hash Cond": "(mc.movie_id = t.id), (LLVM Optimized)", "Plans": [{"Node Type": "Seq Scan", "Parent Relationship": "Outer", "Relation Name": "movie_companies", "Alias": "mc", "Startup Cost": 0.0, "Total Cost": 48340.1, "Plan Rows": 2609035, "Plan Width": 32, "Filter": "((note)::text !~~ '%(as Metro-Goldwyn-Mayer Pictures)%'::text), (LLVM Optimized)"}, {"Node Type": "Hash", "Parent Relationship": "Inner", "Startup Cost": 116621.17, "Total Cost": 116621.17, "Plan Rows": 447839, "Plan Width": 29, "Plans": [{"Node Type": "Hash Join", "Parent Relationship": "Outer", "Join Type": "Inner", "Startup Cost": 83665.88, "Total Cost": 116621.17, "Plan Rows": 447839, "Plan Width": 29, "Inner Unique": true, "Hash Cond": "(mi_idx.movie_id = t.id), (LLVM Optimized)", "Plans": [{"Node Type": "Hash Join", "Parent Relationship": "Outer", "Join Type": "Inner", "Startup Cost": 2.41, "Total Cost": 27185.54, "Plan Rows": 345008, "Plan Width": 4, "Inner Unique": true, "Hash Cond": "(mi_idx.info_type_id = it.id), (LLVM Optimized)", "Plans": [{"Node Type": "Seq Scan", "Parent Relationship": "Outer", "Relation Name": "movie_info_idx", "Alias": "mi_idx", "Startup Cost": 0.0, "Total Cost": 20274.34, "Plan Rows": 1380034, "Plan Width": 8}, {"Node Type": "Hash", "Parent Relationship": "Inner", "Startup Cost": 2.4, "Total Cost": 2.4, "Plan Rows": 1, "Plan Width": 4, "Plans": [{"Node Type": "Seq Scan", "Parent Relationship": "Outer", "Relation Name": "info_type", "Alias": "it", "Startup Cost": 0.0, "Total Cost": 2.4, "Plan Rows": 1, "Plan Width": 4, "Filter": "((info)::text = 'bottom 10 rank'::text)"}]}]}, {"Node Type": "Hash", "Parent Relationship": "Inner", "Startup Cost": 66389.89, "Total Cost": 66389.89, "Plan Rows": 1381886, "Plan Width": 25, "Plans": [{"Node Type": "Seq Scan", "Parent Relationship": "Outer", "Relation Name": "title", "Alias": "t", "Startup Cost": 0.0, "Total Cost": 66389.89, "Plan Rows": 1381886, "Plan Width": 25, "Filter": "(production_year > 2000), (LLVM Optimized)"}]}]}]}]}, {"Node Type": "Hash", "Parent Relationship": "Inner", "Startup Cost": 1.04, "Total Cost": 1.04, "Plan Rows": 1, "Plan Width": 4, "Plans": [{"Node Type": "Seq Scan", "Parent Relationship": "Outer", "Relation Name": "company_type", "Alias": "ct", "Startup Cost": 0.0, "Total Cost": 1.04, "Plan Rows": 1, "Plan Width": 4, "Filter": "((kind)::text = 'production companies'::text)"}]}]}]}, "Unique SQL Id": 2492542741, "Planner Runtime": 10}, "explain_analyze_plan": {"Plan": {"Node Type": "Aggregate", "Strategy": "Plain", "Startup Cost": 204572.36, "Total Cost": 204572.37, "Plan Rows": 1, "Plan Width": 113, "Actual Startup Time": 3224.06, "Actual Total Time": 3224.06, "Actual Rows": 1, "Actual Loops": 1, "Plans": [{"Node Type": "Hash Join", "Parent Relationship": "Outer", "Join Type": "Inner", "Startup Cost": 122220.21, "Total Cost": 199693.17, "Plan Rows": 650559, "Plan Width": 45, "Actual Startup Time": 3046.139, "Actual Total Time": 3224.013, "Actual Rows": 4, "Actual Loops": 1, "Inner Unique": true, "Hash Cond": "(mc.company_type_id = ct.id), (LLVM Optimized, Jit Execute)", "Plans": [{"Node Type": "Hash Join", "Parent Relationship": "Outer", "Join Type": "Inner", "Startup Cost": 122219.16, "Total Cost": 191104.8, "Plan Rows": 1055184, "Plan Width": 49, "Actual Startup Time": 2326.995, "Actual Total Time": 3223.784, "Actual Rows": 78, "Actual Loops": 1, "Inner Unique": false, "Hash Cond": "(mc.movie_id = t.id), (LLVM Optimized, Jit Execute)", "Plans": [{"Node Type": "Seq Scan", "Parent Relationship": "Outer", "Relation Name": "movie_companies", "Alias": "mc", "Startup Cost": 0.0, "Total Cost": 48340.1, "Plan Rows": 2609035, "Plan Width": 32, "Actual Startup Time": 0.026, "Actual Total Time": 941.786, "Actual Rows": 1337087, "Actual Loops": 1, "Filter": "((note)::text !~~ '%(as Metro-Goldwyn-Mayer Pictures)%'::text), (LLVM Optimized, Jit Execute)", "Rows Removed by Filter": 1272041}, {"Node Type": "Hash", "Parent Relationship": "Inner", "Startup Cost": 116621.17, "Total Cost": 116621.17, "Plan Rows": 447839, "Plan Width": 29, "Actual Startup Time": 2012.885, "Actual Total Time": 2012.885, "Actual Rows": 6, "Actual Loops": 1, "Hash Buckets": 524288, "Hash Batches": 1, "Original Hash Batches": 1, "Peak Memory Usage": 1, "Plans": [{"Node Type": "Hash Join", "Parent Relationship": "Outer", "Join Type": "Inner", "Startup Cost": 83665.88, "Total Cost": 116621.17, "Plan Rows": 447839, "Plan Width": 29, "Actual Startup Time": 2012.819, "Actual Total Time": 2012.87, "Actual Rows": 6, "Actual Loops": 1, "Inner Unique": true, "Hash Cond": "(mi_idx.movie_id = t.id), (LLVM Optimized, Jit Execute)", "Plans": [{"Node Type": "Hash Join", "Parent Relationship": "Outer", "Join Type": "Inner", "Startup Cost": 2.41, "Total Cost": 27185.54, "Plan Rows": 345008, "Plan Width": 4, "Actual Startup Time": 534.697, "Actual Total Time": 534.72, "Actual Rows": 10, "Actual Loops": 1, "Inner Unique": true, "Hash Cond": "(mi_idx.info_type_id = it.id), (LLVM Optimized, Jit Execute)", "Plans": [{"Node Type": "Seq Scan", "Parent Relationship": "Outer", "Relation Name": "movie_info_idx", "Alias": "mi_idx", "Startup Cost": 0.0, "Total Cost": 20274.34, "Plan Rows": 1380034, "Plan Width": 8, "Actual Startup Time": 0.03, "Actual Total Time": 303.004, "Actual Rows": 1380034, "Actual Loops": 1}, {"Node Type": "Hash", "Parent Relationship": "Inner", "Startup Cost": 2.4, "Total Cost": 2.4, "Plan Rows": 1, "Plan Width": 4, "Actual Startup Time": 0.046, "Actual Total Time": 0.046, "Actual Rows": 1, "Actual Loops": 1, "Hash Buckets": 32768, "Hash Batches": 1, "Original Hash Batches": 1, "Peak Memory Usage": 1, "Plans": [{"Node Type": "Seq Scan", "Parent Relationship": "Outer", "Relation Name": "info_type", "Alias": "it", "Startup Cost": 0.0, "Total Cost": 2.4, "Plan Rows": 1, "Plan Width": 4, "Actual Startup Time": 0.042, "Actual Total Time": 0.044, "Actual Rows": 1, "Actual Loops": 1, "Filter": "((info)::text = 'bottom 10 rank'::text)", "Rows Removed by Filter": 111}]}]}, {"Node Type": "Hash", "Parent Relationship": "Inner", "Startup Cost": 66389.89, "Total Cost": 66389.89, "Plan Rows": 1381886, "Plan Width": 25, "Actual Startup Time": 1476.669, "Actual Total Time": 1476.669, "Actual Rows": 1381453, "Actual Loops": 1, "Hash Buckets": 2097152, "Hash Batches": 1, "Original Hash Batches": 1, "Peak Memory Usage": 79393, "Plans": [{"Node Type": "Seq Scan", "Parent Relationship": "Outer", "Relation Name": "title", "Alias": "t", "Startup Cost": 0.0, "Total Cost": 66389.89, "Plan Rows": 1381886, "Plan Width": 25, "Actual Startup Time": 0.071, "Actual Total Time": 926.834, "Actual Rows": 1381453, "Actual Loops": 1, "Filter": "(production_year > 2000), (LLVM Optimized, Jit Execute)", "Rows Removed by Filter": 1146858}]}]}]}]}, {"Node Type": "Hash", "Parent Relationship": "Inner", "Startup Cost": 1.04, "Total Cost": 1.04, "Plan Rows": 1, "Plan Width": 4, "Actual Startup Time": 0.044, "Actual Total Time": 0.044, "Actual Rows": 1, "Actual Loops": 1, "Hash Buckets": 32768, "Hash Batches": 1, "Original Hash Batches": 1, "Peak Memory Usage": 1, "Plans": [{"Node Type": "Seq Scan", "Parent Relationship": "Outer", "Relation Name": "company_type", "Alias": "ct", "Startup Cost": 0.0, "Total Cost": 1.04, "Plan Rows": 1, "Plan Width": 4, "Actual Startup Time": 0.025, "Actual Total Time": 0.028, "Actual Rows": 1, "Actual Loops": 1, "Filter": "((kind)::text = 'production companies'::text)", "Rows Removed by Filter": 2}]}]}]}, "Triggers": [], "Planner Runtime": 4, "Total Runtime": 3234.758, "Unique SQL Id": 2492542741}}, "(1, 11)": {"explain_plan": {"Plan": {"Node Type": "Aggregate", "Strategy": "Plain", "Startup Cost": 4997226399620.29, "Total Cost": 4997226399620.3, "Plan Rows": 1, "Plan Width": 113, "Plans": [{"Node Type": "Nested Loop", "Parent Relationship": "Outer", "Join Type": "Inner", "Startup Cost": 50027231635.11, "Total Cost": 4997226394836.15, "Plan Rows": 637886, "Plan Width": 45, "Inner Unique": false, "Join Filter": "(mi_idx.info_type_id = it.id), (LLVM Optimized)", "Plans": [{"Node Type": "Index Scan", "Parent Relationship": "Outer", "Scan Direction": "Forward", "Index Name": "info_type_pkey", "Relation Name": "info_type", "Alias": "it", "Startup Cost": 10000000000.0, "Total Cost": 1000000001421.0, "Plan Rows": 1, "Plan Width": 4, "Filter": "((info)::text = 'bottom 10 rank'::text)"}, {"Node Type": "Nested Loop", "Parent Relationship": "Inner", "Join Type": "Inner", "Startup Cost": 40027231635.11, "Total Cost": 3997226360887.19, "Plan Rows": 2602236, "Plan Width": 49, "Inner Unique": false, "Join Filter": "(mc.company_type_id = ct.id), (LLVM Optimized)", "Plans": [{"Node Type": "Index Scan", "Parent Relationship": "Outer", "Scan Direction": "Forward", "Index Name": "company_type_pkey", "Relation Name": "company_type", "Alias": "ct", "Startup Cost": 10000000000.0, "Total Cost": 1000000001230.25, "Plan Rows": 1, "Plan Width": 4, "Filter": "((kind)::text = 'production companies'::text)"}, {"Node Type": "Merge Join", "Parent Relationship": "Inner", "Join Type": "Inner", "Startup Cost": 30027231635.11, "Total Cost": 2997226306897.65, "Plan Rows": 4220744, "Plan Width": 53, "Inner Unique": false, "Merge Cond": "(mi_idx.movie_id = t.id)", "Plans": [{"Node Type": "Index Scan", "Parent Relationship": "Outer", "Scan Direction": "Forward", "Index Name": "movie_id_movie_info_idx", "Relation Name": "movie_info_idx", "Alias": "mi_idx", "Startup Cost": 10000000000.0, "Total Cost": 1000004650035.37, "Plan Rows": 1380034, "Plan Width": 8}, {"Node Type": "Materialize", "Parent Relationship": "Inner", "Startup Cost": 20021492619.09, "Total Cost": 1999076868999.12, "Plan Rows": 3320699, "Plan Width": 57, "Plans": [{"Node Type": "Merge Join", "Parent Relationship": "Outer", "Join Type": "Inner", "Startup Cost": 20021492619.09, "Total Cost": 1999076860697.37, "Plan Rows": 3320699, "Plan Width": 57, "Inner Unique": false, "Merge Cond": "(t.id = mc.movie_id)", "Plans": [{"Node Type": "Index Scan", "Parent Relationship": "Outer", "Scan Direction": "Forward", "Index Name": "title_pkey", "Relation Name": "title", "Alias": "t", "Startup Cost": 10000000000.0, "Total Cost": 1000011644126.66, "Plan Rows": 1381886, "Plan Width": 25, "Filter": "(production_year > 2000), (LLVM Optimized)"}, {"Node Type": "Materialize", "Parent Relationship": "Inner", "Startup Cost": 10000000000.0, "Total Cost": 1000013710750.72, "Plan Rows": 2609035, "Plan Width": 32, "Plans": [{"Node Type": "Index Scan", "Parent Relationship": "Outer", "Scan Direction": "Forward", "Index Name": "movie_id_movie_companies", "Relation Name": "movie_companies", "Alias": "mc", "Startup Cost": 10000000000.0, "Total Cost": 1000013704228.13, "Plan Rows": 2609035, "Plan Width": 32, "Filter": "((note)::text !~~ '%(as Metro-Goldwyn-Mayer Pictures)%'::text), (LLVM Optimized)"}]}]}]}]}]}]}]}, "Unique SQL Id": 2492542741, "Planner Runtime": 9}, "explain_analyze_plan": null}, "(1, 12)": {"explain_plan": {"Plan": {"Node Type": "Aggregate", "Strategy": "Plain", "Startup Cost": 204572.36, "Total Cost": 204572.37, "Plan Rows": 1, "Plan Width": 113, "Plans": [{"Node Type": "Hash Join", "Parent Relationship": "Outer", "Join Type": "Inner", "Startup Cost": 122220.21, "Total Cost": 199693.17, "Plan Rows": 650559, "Plan Width": 45, "Inner Unique": true, "Hash Cond": "(mc.company_type_id = ct.id), (LLVM Optimized)", "Plans": [{"Node Type": "Hash Join", "Parent Relationship": "Outer", "Join Type": "Inner", "Startup Cost": 122219.16, "Total Cost": 191104.8, "Plan Rows": 1055184, "Plan Width": 49, "Inner Unique": false, "Hash Cond": "(mc.movie_id = t.id), (LLVM Optimized)", "Plans": [{"Node Type": "Seq Scan", "Parent Relationship": "Outer", "Relation Name": "movie_companies", "Alias": "mc", "Startup Cost": 0.0, "Total Cost": 48340.1, "Plan Rows": 2609035, "Plan Width": 32, "Filter": "((note)::text !~~ '%(as Metro-Goldwyn-Mayer Pictures)%'::text), (LLVM Optimized)"}, {"Node Type": "Hash", "Parent Relationship": "Inner", "Startup Cost": 116621.17, "Total Cost": 116621.17, "Plan Rows": 447839, "Plan Width": 29, "Plans": [{"Node Type": "Hash Join", "Parent Relationship": "Outer", "Join Type": "Inner", "Startup Cost": 83665.88, "Total Cost": 116621.17, "Plan Rows": 447839, "Plan Width": 29, "Inner Unique": true, "Hash Cond": "(mi_idx.movie_id = t.id), (LLVM Optimized)", "Plans": [{"Node Type": "Hash Join", "Parent Relationship": "Outer", "Join Type": "Inner", "Startup Cost": 2.41, "Total Cost": 27185.54, "Plan Rows": 345008, "Plan Width": 4, "Inner Unique": true, "Hash Cond": "(mi_idx.info_type_id = it.id), (LLVM Optimized)", "Plans": [{"Node Type": "Seq Scan", "Parent Relationship": "Outer", "Relation Name": "movie_info_idx", "Alias": "mi_idx", "Startup Cost": 0.0, "Total Cost": 20274.34, "Plan Rows": 1380034, "Plan Width": 8}, {"Node Type": "Hash", "Parent Relationship": "Inner", "Startup Cost": 2.4, "Total Cost": 2.4, "Plan Rows": 1, "Plan Width": 4, "Plans": [{"Node Type": "Seq Scan", "Parent Relationship": "Outer", "Relation Name": "info_type", "Alias": "it", "Startup Cost": 0.0, "Total Cost": 2.4, "Plan Rows": 1, "Plan Width": 4, "Filter": "((info)::text = 'bottom 10 rank'::text)"}]}]}, {"Node Type": "Hash", "Parent Relationship": "Inner", "Startup Cost": 66389.89, "Total Cost": 66389.89, "Plan Rows": 1381886, "Plan Width": 25, "Plans": [{"Node Type": "Seq Scan", "Parent Relationship": "Outer", "Relation Name": "title", "Alias": "t", "Startup Cost": 0.0, "Total Cost": 66389.89, "Plan Rows": 1381886, "Plan Width": 25, "Filter": "(production_year > 2000), (LLVM Optimized)"}]}]}]}]}, {"Node Type": "Hash", "Parent Relationship": "Inner", "Startup Cost": 1.04, "Total Cost": 1.04, "Plan Rows": 1, "Plan Width": 4, "Plans": [{"Node Type": "Seq Scan", "Parent Relationship": "Outer", "Relation Name": "company_type", "Alias": "ct", "Startup Cost": 0.0, "Total Cost": 1.04, "Plan Rows": 1, "Plan Width": 4, "Filter": "((kind)::text = 'production companies'::text)"}]}]}]}, "Unique SQL Id": 2492542741, "Planner Runtime": 11}, "explain_analyze_plan": {"Plan": {"Node Type": "Aggregate", "Strategy": "Plain", "Startup Cost": 204572.36, "Total Cost": 204572.37, "Plan Rows": 1, "Plan Width": 113, "Actual Startup Time": 3224.06, "Actual Total Time": 3224.06, "Actual Rows": 1, "Actual Loops": 1, "Plans": [{"Node Type": "Hash Join", "Parent Relationship": "Outer", "Join Type": "Inner", "Startup Cost": 122220.21, "Total Cost": 199693.17, "Plan Rows": 650559, "Plan Width": 45, "Actual Startup Time": 3046.139, "Actual Total Time": 3224.013, "Actual Rows": 4, "Actual Loops": 1, "Inner Unique": true, "Hash Cond": "(mc.company_type_id = ct.id), (LLVM Optimized, Jit Execute)", "Plans": [{"Node Type": "Hash Join", "Parent Relationship": "Outer", "Join Type": "Inner", "Startup Cost": 122219.16, "Total Cost": 191104.8, "Plan Rows": 1055184, "Plan Width": 49, "Actual Startup Time": 2326.995, "Actual Total Time": 3223.784, "Actual Rows": 78, "Actual Loops": 1, "Inner Unique": false, "Hash Cond": "(mc.movie_id = t.id), (LLVM Optimized, Jit Execute)", "Plans": [{"Node Type": "Seq Scan", "Parent Relationship": "Outer", "Relation Name": "movie_companies", "Alias": "mc", "Startup Cost": 0.0, "Total Cost": 48340.1, "Plan Rows": 2609035, "Plan Width": 32, "Actual Startup Time": 0.026, "Actual Total Time": 941.786, "Actual Rows": 1337087, "Actual Loops": 1, "Filter": "((note)::text !~~ '%(as Metro-Goldwyn-Mayer Pictures)%'::text), (LLVM Optimized, Jit Execute)", "Rows Removed by Filter": 1272041}, {"Node Type": "Hash", "Parent Relationship": "Inner", "Startup Cost": 116621.17, "Total Cost": 116621.17, "Plan Rows": 447839, "Plan Width": 29, "Actual Startup Time": 2012.885, "Actual Total Time": 2012.885, "Actual Rows": 6, "Actual Loops": 1, "Hash Buckets": 524288, "Hash Batches": 1, "Original Hash Batches": 1, "Peak Memory Usage": 1, "Plans": [{"Node Type": "Hash Join", "Parent Relationship": "Outer", "Join Type": "Inner", "Startup Cost": 83665.88, "Total Cost": 116621.17, "Plan Rows": 447839, "Plan Width": 29, "Actual Startup Time": 2012.819, "Actual Total Time": 2012.87, "Actual Rows": 6, "Actual Loops": 1, "Inner Unique": true, "Hash Cond": "(mi_idx.movie_id = t.id), (LLVM Optimized, Jit Execute)", "Plans": [{"Node Type": "Hash Join", "Parent Relationship": "Outer", "Join Type": "Inner", "Startup Cost": 2.41, "Total Cost": 27185.54, "Plan Rows": 345008, "Plan Width": 4, "Actual Startup Time": 534.697, "Actual Total Time": 534.72, "Actual Rows": 10, "Actual Loops": 1, "Inner Unique": true, "Hash Cond": "(mi_idx.info_type_id = it.id), (LLVM Optimized, Jit Execute)", "Plans": [{"Node Type": "Seq Scan", "Parent Relationship": "Outer", "Relation Name": "movie_info_idx", "Alias": "mi_idx", "Startup Cost": 0.0, "Total Cost": 20274.34, "Plan Rows": 1380034, "Plan Width": 8, "Actual Startup Time": 0.03, "Actual Total Time": 303.004, "Actual Rows": 1380034, "Actual Loops": 1}, {"Node Type": "Hash", "Parent Relationship": "Inner", "Startup Cost": 2.4, "Total Cost": 2.4, "Plan Rows": 1, "Plan Width": 4, "Actual Startup Time": 0.046, "Actual Total Time": 0.046, "Actual Rows": 1, "Actual Loops": 1, "Hash Buckets": 32768, "Hash Batches": 1, "Original Hash Batches": 1, "Peak Memory Usage": 1, "Plans": [{"Node Type": "Seq Scan", "Parent Relationship": "Outer", "Relation Name": "info_type", "Alias": "it", "Startup Cost": 0.0, "Total Cost": 2.4, "Plan Rows": 1, "Plan Width": 4, "Actual Startup Time": 0.042, "Actual Total Time": 0.044, "Actual Rows": 1, "Actual Loops": 1, "Filter": "((info)::text = 'bottom 10 rank'::text)", "Rows Removed by Filter": 111}]}]}, {"Node Type": "Hash", "Parent Relationship": "Inner", "Startup Cost": 66389.89, "Total Cost": 66389.89, "Plan Rows": 1381886, "Plan Width": 25, "Actual Startup Time": 1476.669, "Actual Total Time": 1476.669, "Actual Rows": 1381453, "Actual Loops": 1, "Hash Buckets": 2097152, "Hash Batches": 1, "Original Hash Batches": 1, "Peak Memory Usage": 79393, "Plans": [{"Node Type": "Seq Scan", "Parent Relationship": "Outer", "Relation Name": "title", "Alias": "t", "Startup Cost": 0.0, "Total Cost": 66389.89, "Plan Rows": 1381886, "Plan Width": 25, "Actual Startup Time": 0.071, "Actual Total Time": 926.834, "Actual Rows": 1381453, "Actual Loops": 1, "Filter": "(production_year > 2000), (LLVM Optimized, Jit Execute)", "Rows Removed by Filter": 1146858}]}]}]}]}, {"Node Type": "Hash", "Parent Relationship": "Inner", "Startup Cost": 1.04, "Total Cost": 1.04, "Plan Rows": 1, "Plan Width": 4, "Actual Startup Time": 0.044, "Actual Total Time": 0.044, "Actual Rows": 1, "Actual Loops": 1, "Hash Buckets": 32768, "Hash Batches": 1, "Original Hash Batches": 1, "Peak Memory Usage": 1, "Plans": [{"Node Type": "Seq Scan", "Parent Relationship": "Outer", "Relation Name": "company_type", "Alias": "ct", "Startup Cost": 0.0, "Total Cost": 1.04, "Plan Rows": 1, "Plan Width": 4, "Actual Startup Time": 0.025, "Actual Total Time": 0.028, "Actual Rows": 1, "Actual Loops": 1, "Filter": "((kind)::text = 'production companies'::text)", "Rows Removed by Filter": 2}]}]}]}, "Triggers": [], "Planner Runtime": 4, "Total Runtime": 3234.758, "Unique SQL Id": 2492542741}}, "(1, 13)": {"explain_plan": {"Plan": {"Node Type": "Aggregate", "Strategy": "Plain", "Startup Cost": 268118.48, "Total Cost": 268118.49, "Plan Rows": 1, "Plan Width": 113, "Plans": [{"Node Type": "Hash Join", "Parent Relationship": "Outer", "Join Type": "Inner", "Startup Cost": 183423.2, "Total Cost": 263239.28, "Plan Rows": 650559, "Plan Width": 45, "Inner Unique": false, "Hash Cond": "(mc.movie_id = t.id), (LLVM Optimized)", "Plans": [{"Node Type": "Nested Loop", "Parent Relationship": "Outer", "Join Type": "Inner", "Startup Cost": 0.0, "Total Cost": 69436.41, "Plan Rows": 1304518, "Plan Width": 28, "Inner Unique": false, "Plans": [{"Node Type": "Index Scan", "Parent Relationship": "Outer", "Scan Direction": "Forward", "Index Name": "company_type_pkey", "Relation Name": "company_type", "Alias": "ct", "Startup Cost": 0.0, "Total Cost": 12.3, "Plan Rows": 1, "Plan Width": 4, "Filter": "((kind)::text = 'production companies'::text)"}, {"Node Type": "Index Scan", "Parent Relationship": "Inner", "Scan Direction": "Forward", "Index Name": "company_type_id_movie_companies", "Relation Name": "movie_companies", "Alias": "mc", "Startup Cost": 0.0, "Total Cost": 56378.94, "Plan Rows": 1304517, "Plan Width": 32, "Index Cond": "(company_type_id = ct.id), (LLVM Optimized)", "Filter": "((note)::text !~~ '%(as Metro-Goldwyn-Mayer Pictures)%'::text), (LLVM Optimized)"}]}, {"Node Type": "Hash", "Parent Relationship": "Inner", "Startup Cost": 177825.21, "Total Cost": 177825.21, "Plan Rows": 447839, "Plan Width": 29, "Plans": [{"Node Type": "Hash Join", "Parent Relationship": "Outer", "Join Type": "Inner", "Startup Cost": 133714.84, "Total Cost": 177825.21, "Plan Rows": 447839, "Plan Width": 29, "Inner Unique": true, "Hash Cond": "(mi_idx.movie_id = t.id), (LLVM Optimized)", "Plans": [{"Node Type": "Nested Loop", "Parent Relationship": "Outer", "Join Type": "Inner", "Startup Cost": 0.0, "Total Cost": 38338.2, "Plan Rows": 345008, "Plan Width": 4, "Inner Unique": false, "Plans": [{"Node Type": "Index Scan", "Parent Relationship": "Outer", "Scan Direction": "Forward", "Index Name": "info_type_pkey", "Relation Name": "info_type", "Alias": "it", "Startup Cost": 0.0, "Total Cost": 14.21, "Plan Rows": 1, "Plan Width": 4, "Filter": "((info)::text = 'bottom 10 rank'::text)"}, {"Node Type": "Index Scan", "Parent Relationship": "Inner", "Scan Direction": "Forward", "Index Name": "info_type_id_movie_info_idx", "Relation Name": "movie_info_idx", "Alias": "mi_idx", "Startup Cost": 0.0, "Total Cost": 34873.91, "Plan Rows": 345008, "Plan Width": 8, "Index Cond": "(info_type_id = it.id), (LLVM Optimized)"}]}, {"Node Type": "Hash", "Parent Relationship": "Inner", "Startup Cost": 116441.27, "Total Cost": 116441.27, "Plan Rows": 1381886, "Plan Width": 25, "Plans": [{"Node Type": "Index Scan", "Parent Relationship": "Outer", "Scan Direction": "Forward", "Index Name": "title_pkey", "Relation Name": "title", "Alias": "t", "Startup Cost": 0.0, "Total Cost": 116441.27, "Plan Rows": 1381886, "Plan Width": 25, "Filter": "(production_year > 2000), (LLVM Optimized)"}]}]}]}]}]}, "Unique SQL Id": 2492542741, "Planner Runtime": 8}, "explain_analyze_plan": {"Plan": {"Node Type": "Aggregate", "Strategy": "Plain", "Startup Cost": 268118.48, "Total Cost": 268118.49, "Plan Rows": 1, "Plan Width": 113, "Actual Startup Time": 4780.141, "Actual Total Time": 4780.141, "Actual Rows": 1, "Actual Loops": 1, "Plans": [{"Node Type": "Hash Join", "Parent Relationship": "Outer", "Join Type": "Inner", "Startup Cost": 183423.2, "Total Cost": 263239.28, "Plan Rows": 650559, "Plan Width": 45, "Actual Startup Time": 4407.13, "Actual Total Time": 4780.091, "Actual Rows": 4, "Actual Loops": 1, "Inner Unique": false, "Hash Cond": "(mc.movie_id = t.id), (LLVM Optimized, Jit Execute)", "Plans": [{"Node Type": "Nested Loop", "Parent Relationship": "Outer", "Join Type": "Inner", "Startup Cost": 0.0, "Total Cost": 69436.41, "Plan Rows": 1304518, "Plan Width": 28, "Actual Startup Time": 0.124, "Actual Total Time": 736.559, "Actual Rows": 140904, "Actual Loops": 1, "Inner Unique": false, "Plans": [{"Node Type": "Index Scan", "Parent Relationship": "Outer", "Scan Direction": "Forward", "Index Name": "company_type_pkey", "Relation Name": "company_type", "Alias": "ct", "Startup Cost": 0.0, "Total Cost": 12.3, "Plan Rows": 1, "Plan Width": 4, "Actual Startup Time": 0.018, "Actual Total Time": 0.028, "Actual Rows": 1, "Actual Loops": 1, "Filter": "((kind)::text = 'production companies'::text)", "Rows Removed by Filter": 2}, {"Node Type": "Index Scan", "Parent Relationship": "Inner", "Scan Direction": "Forward", "Index Name": "company_type_id_movie_companies", "Relation Name": "movie_companies", "Alias": "mc", "Startup Cost": 0.0, "Total Cost": 56378.94, "Plan Rows": 1304517, "Plan Width": 32, "Actual Startup Time": 0.101, "Actual Total Time": 707.577, "Actual Rows": 140904, "Actual Loops": 1, "Index Cond": "(company_type_id = ct.id), (LLVM Optimized, Jit Execute)", "Rows Removed by Index Recheck": 0, "Filter": "((note)::text !~~ '%(as Metro-Goldwyn-Mayer Pictures)%'::text), (LLVM Optimized, Jit Execute)", "Rows Removed by Filter": 1193979}]}, {"Node Type": "Hash", "Parent Relationship": "Inner", "Startup Cost": 177825.21, "Total Cost": 177825.21, "Plan Rows": 447839, "Plan Width": 29, "Actual Startup Time": 4011.878, "Actual Total Time": 4011.878, "Actual Rows": 6, "Actual Loops": 1, "Hash Buckets": 524288, "Hash Batches": 1, "Original Hash Batches": 1, "Peak Memory Usage": 1, "Plans": [{"Node Type": "Hash Join", "Parent Relationship": "Outer", "Join Type": "Inner", "Startup Cost": 133714.84, "Total Cost": 177825.21, "Plan Rows": 447839, "Plan Width": 29, "Actual Startup Time": 4011.838, "Actual Total Time": 4011.861, "Actual Rows": 6, "Actual Loops": 1, "Inner Unique": true, "Hash Cond": "(mi_idx.movie_id = t.id), (LLVM Optimized, Jit Execute)", "Plans": [{"Node Type": "Nested Loop", "Parent Relationship": "Outer", "Join Type": "Inner", "Startup Cost": 0.0, "Total Cost": 38338.2, "Plan Rows": 345008, "Plan Width": 4, "Actual Startup Time": 0.087, "Actual Total Time": 0.106, "Actual Rows": 10, "Actual Loops": 1, "Inner Unique": false, "Plans": [{"Node Type": "Index Scan", "Parent Relationship": "Outer", "Scan Direction": "Forward", "Index Name": "info_type_pkey", "Relation Name": "info_type", "Alias": "it", "Startup Cost": 0.0, "Total Cost": 14.21, "Plan Rows": 1, "Plan Width": 4, "Actual Startup Time": 0.066, "Actual Total Time": 0.069, "Actual Rows": 1, "Actual Loops": 1, "Filter": "((info)::text = 'bottom 10 rank'::text)", "Rows Removed by Filter": 111}, {"Node Type": "Index Scan", "Parent Relationship": "Inner", "Scan Direction": "Forward", "Index Name": "info_type_id_movie_info_idx", "Relation Name": "movie_info_idx", "Alias": "mi_idx", "Startup Cost": 0.0, "Total Cost": 34873.91, "Plan Rows": 345008, "Plan Width": 8, "Actual Startup Time": 0.018, "Actual Total Time": 0.028, "Actual Rows": 10, "Actual Loops": 1, "Index Cond": "(info_type_id = it.id), (LLVM Optimized, Jit Execute)", "Rows Removed by Index Recheck": 0}]}, {"Node Type": "Hash", "Parent Relationship": "Inner", "Startup Cost": 116441.27, "Total Cost": 116441.27, "Plan Rows": 1381886, "Plan Width": 25, "Actual Startup Time": 4010.308, "Actual Total Time": 4010.308, "Actual Rows": 1381453, "Actual Loops": 1, "Hash Buckets": 2097152, "Hash Batches": 1, "Original Hash Batches": 1, "Peak Memory Usage": 79393, "Plans": [{"Node Type": "Index Scan", "Parent Relationship": "Outer", "Scan Direction": "Forward", "Index Name": "title_pkey", "Relation Name": "title", "Alias": "t", "Startup Cost": 0.0, "Total Cost": 116441.27, "Plan Rows": 1381886, "Plan Width": 25, "Actual Startup Time": 0.034, "Actual Total Time": 3282.905, "Actual Rows": 1381453, "Actual Loops": 1, "Filter": "(production_year > 2000), (LLVM Optimized, Jit Execute)", "Rows Removed by Filter": 1146858}]}]}]}]}]}, "Triggers": [], "Planner Runtime": 4, "Total Runtime": 4791.012, "Unique SQL Id": 2492542741}}, "(1, 14)": {"explain_plan": {"Plan": {"Node Type": "Aggregate", "Strategy": "Plain", "Startup Cost": 204572.36, "Total Cost": 204572.37, "Plan Rows": 1, "Plan Width": 113, "Plans": [{"Node Type": "Hash Join", "Parent Relationship": "Outer", "Join Type": "Inner", "Startup Cost": 122220.21, "Total Cost": 199693.17, "Plan Rows": 650559, "Plan Width": 45, "Inner Unique": true, "Hash Cond": "(mc.company_type_id = ct.id), (LLVM Optimized)", "Plans": [{"Node Type": "Hash Join", "Parent Relationship": "Outer", "Join Type": "Inner", "Startup Cost": 122219.16, "Total Cost": 191104.8, "Plan Rows": 1055184, "Plan Width": 49, "Inner Unique": false, "Hash Cond": "(mc.movie_id = t.id), (LLVM Optimized)", "Plans": [{"Node Type": "Seq Scan", "Parent Relationship": "Outer", "Relation Name": "movie_companies", "Alias": "mc", "Startup Cost": 0.0, "Total Cost": 48340.1, "Plan Rows": 2609035, "Plan Width": 32, "Filter": "((note)::text !~~ '%(as Metro-Goldwyn-Mayer Pictures)%'::text), (LLVM Optimized)"}, {"Node Type": "Hash", "Parent Relationship": "Inner", "Startup Cost": 116621.17, "Total Cost": 116621.17, "Plan Rows": 447839, "Plan Width": 29, "Plans": [{"Node Type": "Hash Join", "Parent Relationship": "Outer", "Join Type": "Inner", "Startup Cost": 83665.88, "Total Cost": 116621.17, "Plan Rows": 447839, "Plan Width": 29, "Inner Unique": true, "Hash Cond": "(mi_idx.movie_id = t.id), (LLVM Optimized)", "Plans": [{"Node Type": "Hash Join", "Parent Relationship": "Outer", "Join Type": "Inner", "Startup Cost": 2.41, "Total Cost": 27185.54, "Plan Rows": 345008, "Plan Width": 4, "Inner Unique": true, "Hash Cond": "(mi_idx.info_type_id = it.id), (LLVM Optimized)", "Plans": [{"Node Type": "Seq Scan", "Parent Relationship": "Outer", "Relation Name": "movie_info_idx", "Alias": "mi_idx", "Startup Cost": 0.0, "Total Cost": 20274.34, "Plan Rows": 1380034, "Plan Width": 8}, {"Node Type": "Hash", "Parent Relationship": "Inner", "Startup Cost": 2.4, "Total Cost": 2.4, "Plan Rows": 1, "Plan Width": 4, "Plans": [{"Node Type": "Seq Scan", "Parent Relationship": "Outer", "Relation Name": "info_type", "Alias": "it", "Startup Cost": 0.0, "Total Cost": 2.4, "Plan Rows": 1, "Plan Width": 4, "Filter": "((info)::text = 'bottom 10 rank'::text)"}]}]}, {"Node Type": "Hash", "Parent Relationship": "Inner", "Startup Cost": 66389.89, "Total Cost": 66389.89, "Plan Rows": 1381886, "Plan Width": 25, "Plans": [{"Node Type": "Seq Scan", "Parent Relationship": "Outer", "Relation Name": "title", "Alias": "t", "Startup Cost": 0.0, "Total Cost": 66389.89, "Plan Rows": 1381886, "Plan Width": 25, "Filter": "(production_year > 2000), (LLVM Optimized)"}]}]}]}]}, {"Node Type": "Hash", "Parent Relationship": "Inner", "Startup Cost": 1.04, "Total Cost": 1.04, "Plan Rows": 1, "Plan Width": 4, "Plans": [{"Node Type": "Seq Scan", "Parent Relationship": "Outer", "Relation Name": "company_type", "Alias": "ct", "Startup Cost": 0.0, "Total Cost": 1.04, "Plan Rows": 1, "Plan Width": 4, "Filter": "((kind)::text = 'production companies'::text)"}]}]}]}, "Unique SQL Id": 2492542741, "Planner Runtime": 9}, "explain_analyze_plan": {"Plan": {"Node Type": "Aggregate", "Strategy": "Plain", "Startup Cost": 204572.36, "Total Cost": 204572.37, "Plan Rows": 1, "Plan Width": 113, "Actual Startup Time": 3224.06, "Actual Total Time": 3224.06, "Actual Rows": 1, "Actual Loops": 1, "Plans": [{"Node Type": "Hash Join", "Parent Relationship": "Outer", "Join Type": "Inner", "Startup Cost": 122220.21, "Total Cost": 199693.17, "Plan Rows": 650559, "Plan Width": 45, "Actual Startup Time": 3046.139, "Actual Total Time": 3224.013, "Actual Rows": 4, "Actual Loops": 1, "Inner Unique": true, "Hash Cond": "(mc.company_type_id = ct.id), (LLVM Optimized, Jit Execute)", "Plans": [{"Node Type": "Hash Join", "Parent Relationship": "Outer", "Join Type": "Inner", "Startup Cost": 122219.16, "Total Cost": 191104.8, "Plan Rows": 1055184, "Plan Width": 49, "Actual Startup Time": 2326.995, "Actual Total Time": 3223.784, "Actual Rows": 78, "Actual Loops": 1, "Inner Unique": false, "Hash Cond": "(mc.movie_id = t.id), (LLVM Optimized, Jit Execute)", "Plans": [{"Node Type": "Seq Scan", "Parent Relationship": "Outer", "Relation Name": "movie_companies", "Alias": "mc", "Startup Cost": 0.0, "Total Cost": 48340.1, "Plan Rows": 2609035, "Plan Width": 32, "Actual Startup Time": 0.026, "Actual Total Time": 941.786, "Actual Rows": 1337087, "Actual Loops": 1, "Filter": "((note)::text !~~ '%(as Metro-Goldwyn-Mayer Pictures)%'::text), (LLVM Optimized, Jit Execute)", "Rows Removed by Filter": 1272041}, {"Node Type": "Hash", "Parent Relationship": "Inner", "Startup Cost": 116621.17, "Total Cost": 116621.17, "Plan Rows": 447839, "Plan Width": 29, "Actual Startup Time": 2012.885, "Actual Total Time": 2012.885, "Actual Rows": 6, "Actual Loops": 1, "Hash Buckets": 524288, "Hash Batches": 1, "Original Hash Batches": 1, "Peak Memory Usage": 1, "Plans": [{"Node Type": "Hash Join", "Parent Relationship": "Outer", "Join Type": "Inner", "Startup Cost": 83665.88, "Total Cost": 116621.17, "Plan Rows": 447839, "Plan Width": 29, "Actual Startup Time": 2012.819, "Actual Total Time": 2012.87, "Actual Rows": 6, "Actual Loops": 1, "Inner Unique": true, "Hash Cond": "(mi_idx.movie_id = t.id), (LLVM Optimized, Jit Execute)", "Plans": [{"Node Type": "Hash Join", "Parent Relationship": "Outer", "Join Type": "Inner", "Startup Cost": 2.41, "Total Cost": 27185.54, "Plan Rows": 345008, "Plan Width": 4, "Actual Startup Time": 534.697, "Actual Total Time": 534.72, "Actual Rows": 10, "Actual Loops": 1, "Inner Unique": true, "Hash Cond": "(mi_idx.info_type_id = it.id), (LLVM Optimized, Jit Execute)", "Plans": [{"Node Type": "Seq Scan", "Parent Relationship": "Outer", "Relation Name": "movie_info_idx", "Alias": "mi_idx", "Startup Cost": 0.0, "Total Cost": 20274.34, "Plan Rows": 1380034, "Plan Width": 8, "Actual Startup Time": 0.03, "Actual Total Time": 303.004, "Actual Rows": 1380034, "Actual Loops": 1}, {"Node Type": "Hash", "Parent Relationship": "Inner", "Startup Cost": 2.4, "Total Cost": 2.4, "Plan Rows": 1, "Plan Width": 4, "Actual Startup Time": 0.046, "Actual Total Time": 0.046, "Actual Rows": 1, "Actual Loops": 1, "Hash Buckets": 32768, "Hash Batches": 1, "Original Hash Batches": 1, "Peak Memory Usage": 1, "Plans": [{"Node Type": "Seq Scan", "Parent Relationship": "Outer", "Relation Name": "info_type", "Alias": "it", "Startup Cost": 0.0, "Total Cost": 2.4, "Plan Rows": 1, "Plan Width": 4, "Actual Startup Time": 0.042, "Actual Total Time": 0.044, "Actual Rows": 1, "Actual Loops": 1, "Filter": "((info)::text = 'bottom 10 rank'::text)", "Rows Removed by Filter": 111}]}]}, {"Node Type": "Hash", "Parent Relationship": "Inner", "Startup Cost": 66389.89, "Total Cost": 66389.89, "Plan Rows": 1381886, "Plan Width": 25, "Actual Startup Time": 1476.669, "Actual Total Time": 1476.669, "Actual Rows": 1381453, "Actual Loops": 1, "Hash Buckets": 2097152, "Hash Batches": 1, "Original Hash Batches": 1, "Peak Memory Usage": 79393, "Plans": [{"Node Type": "Seq Scan", "Parent Relationship": "Outer", "Relation Name": "title", "Alias": "t", "Startup Cost": 0.0, "Total Cost": 66389.89, "Plan Rows": 1381886, "Plan Width": 25, "Actual Startup Time": 0.071, "Actual Total Time": 926.834, "Actual Rows": 1381453, "Actual Loops": 1, "Filter": "(production_year > 2000), (LLVM Optimized, Jit Execute)", "Rows Removed by Filter": 1146858}]}]}]}]}, {"Node Type": "Hash", "Parent Relationship": "Inner", "Startup Cost": 1.04, "Total Cost": 1.04, "Plan Rows": 1, "Plan Width": 4, "Actual Startup Time": 0.044, "Actual Total Time": 0.044, "Actual Rows": 1, "Actual Loops": 1, "Hash Buckets": 32768, "Hash Batches": 1, "Original Hash Batches": 1, "Peak Memory Usage": 1, "Plans": [{"Node Type": "Seq Scan", "Parent Relationship": "Outer", "Relation Name": "company_type", "Alias": "ct", "Startup Cost": 0.0, "Total Cost": 1.04, "Plan Rows": 1, "Plan Width": 4, "Actual Startup Time": 0.025, "Actual Total Time": 0.028, "Actual Rows": 1, "Actual Loops": 1, "Filter": "((kind)::text = 'production companies'::text)", "Rows Removed by Filter": 2}]}]}]}, "Triggers": [], "Planner Runtime": 4, "Total Runtime": 3234.758, "Unique SQL Id": 2492542741}}, "(1, 15)": {"explain_plan": {"Plan": {"Node Type": "Aggregate", "Strategy": "Plain", "Startup Cost": 4997226399620.29, "Total Cost": 4997226399620.3, "Plan Rows": 1, "Plan Width": 113, "Plans": [{"Node Type": "Nested Loop", "Parent Relationship": "Outer", "Join Type": "Inner", "Startup Cost": 50027231635.11, "Total Cost": 4997226394836.15, "Plan Rows": 637886, "Plan Width": 45, "Inner Unique": false, "Join Filter": "(mi_idx.info_type_id = it.id), (LLVM Optimized)", "Plans": [{"Node Type": "Index Scan", "Parent Relationship": "Outer", "Scan Direction": "Forward", "Index Name": "info_type_pkey", "Relation Name": "info_type", "Alias": "it", "Startup Cost": 10000000000.0, "Total Cost": 1000000001421.0, "Plan Rows": 1, "Plan Width": 4, "Filter": "((info)::text = 'bottom 10 rank'::text)"}, {"Node Type": "Nested Loop", "Parent Relationship": "Inner", "Join Type": "Inner", "Startup Cost": 40027231635.11, "Total Cost": 3997226360887.19, "Plan Rows": 2602236, "Plan Width": 49, "Inner Unique": false, "Join Filter": "(mc.company_type_id = ct.id), (LLVM Optimized)", "Plans": [{"Node Type": "Index Scan", "Parent Relationship": "Outer", "Scan Direction": "Forward", "Index Name": "company_type_pkey", "Relation Name": "company_type", "Alias": "ct", "Startup Cost": 10000000000.0, "Total Cost": 1000000001230.25, "Plan Rows": 1, "Plan Width": 4, "Filter": "((kind)::text = 'production companies'::text)"}, {"Node Type": "Merge Join", "Parent Relationship": "Inner", "Join Type": "Inner", "Startup Cost": 30027231635.11, "Total Cost": 2997226306897.65, "Plan Rows": 4220744, "Plan Width": 53, "Inner Unique": false, "Merge Cond": "(mi_idx.movie_id = t.id)", "Plans": [{"Node Type": "Index Scan", "Parent Relationship": "Outer", "Scan Direction": "Forward", "Index Name": "movie_id_movie_info_idx", "Relation Name": "movie_info_idx", "Alias": "mi_idx", "Startup Cost": 10000000000.0, "Total Cost": 1000004650035.37, "Plan Rows": 1380034, "Plan Width": 8}, {"Node Type": "Materialize", "Parent Relationship": "Inner", "Startup Cost": 20021492619.09, "Total Cost": 1999076868999.12, "Plan Rows": 3320699, "Plan Width": 57, "Plans": [{"Node Type": "Merge Join", "Parent Relationship": "Outer", "Join Type": "Inner", "Startup Cost": 20021492619.09, "Total Cost": 1999076860697.37, "Plan Rows": 3320699, "Plan Width": 57, "Inner Unique": false, "Merge Cond": "(t.id = mc.movie_id)", "Plans": [{"Node Type": "Index Scan", "Parent Relationship": "Outer", "Scan Direction": "Forward", "Index Name": "title_pkey", "Relation Name": "title", "Alias": "t", "Startup Cost": 10000000000.0, "Total Cost": 1000011644126.66, "Plan Rows": 1381886, "Plan Width": 25, "Filter": "(production_year > 2000), (LLVM Optimized)"}, {"Node Type": "Materialize", "Parent Relationship": "Inner", "Startup Cost": 10000000000.0, "Total Cost": 1000013710750.72, "Plan Rows": 2609035, "Plan Width": 32, "Plans": [{"Node Type": "Index Scan", "Parent Relationship": "Outer", "Scan Direction": "Forward", "Index Name": "movie_id_movie_companies", "Relation Name": "movie_companies", "Alias": "mc", "Startup Cost": 10000000000.0, "Total Cost": 1000013704228.13, "Plan Rows": 2609035, "Plan Width": 32, "Filter": "((note)::text !~~ '%(as Metro-Goldwyn-Mayer Pictures)%'::text), (LLVM Optimized)"}]}]}]}]}]}]}]}, "Unique SQL Id": 2492542741, "Planner Runtime": 9}, "explain_analyze_plan": null}, "(1, 16)": {"explain_plan": {"Plan": {"Node Type": "Aggregate", "Strategy": "Plain", "Startup Cost": 346035.32, "Total Cost": 346035.33, "Plan Rows": 1, "Plan Width": 113, "Plans": [{"Node Type": "Merge Join", "Parent Relationship": "Outer", "Join Type": "Inner", "Startup Cost": 2.6, "Total Cost": 341156.13, "Plan Rows": 650559, "Plan Width": 45, "Inner Unique": true, "Merge Cond": "(mc.movie_id = t.id)", "Plans": [{"Node Type": "Nested Loop", "Parent Relationship": "Outer", "Join Type": "Inner", "Startup Cost": 0.0, "Total Cost": 213616.48, "Plan Rows": 501180, "Plan Width": 32, "Inner Unique": true, "Join Filter": "(mc.company_type_id = ct.id), (LLVM Optimized)", "Plans": [{"Node Type": "Nested Loop", "Parent Relationship": "Outer", "Join Type": "Inner", "Startup Cost": 0.0, "Total Cost": 201179.75, "Plan Rows": 829046, "Plan Width": 36, "Inner Unique": false, "Plans": [{"Node Type": "Nested Loop", "Parent Relationship": "Outer", "Join Type": "Inner", "Startup Cost": 0.0, "Total Cost": 67203.27, "Plan Rows": 345008, "Plan Width": 4, "Inner Unique": true, "Join Filter": "(it.id = mi_idx.info_type_id), (LLVM Optimized)", "Plans": [{"Node Type": "Index Scan", "Parent Relationship": "Outer", "Scan Direction": "Forward", "Index Name": "movie_id_movie_info_idx", "Relation Name": "movie_info_idx", "Alias": "mi_idx", "Startup Cost": 0.0, "Total Cost": 46500.35, "Plan Rows": 1380034, "Plan Width": 8}, {"Node Type": "Materialize", "Parent Relationship": "Inner", "Startup Cost": 0.0, "Total Cost": 2.41, "Plan Rows": 1, "Plan Width": 4, "Plans": [{"Node Type": "Seq Scan", "Parent Relationship": "Outer", "Relation Name": "info_type", "Alias": "it", "Startup Cost": 0.0, "Total Cost": 2.4, "Plan Rows": 1, "Plan Width": 4, "Filter": "((info)::text = 'bottom 10 rank'::text)"}]}]}, {"Node Type": "Index Scan", "Parent Relationship": "Inner", "Scan Direction": "Forward", "Index Name": "movie_id_movie_companies", "Relation Name": "movie_companies", "Alias": "mc", "Startup Cost": 0.0, "Total Cost": 0.37, "Plan Rows": 2, "Plan Width": 32, "Index Cond": "(movie_id = mi_idx.movie_id)", "Filter": "((note)::text !~~ '%(as Metro-Goldwyn-Mayer Pictures)%'::text)"}]}, {"Node Type": "Materialize", "Parent Relationship": "Inner", "Startup Cost": 0.0, "Total Cost": 1.04, "Plan Rows": 1, "Plan Width": 4, "Plans": [{"Node Type": "Seq Scan", "Parent Relationship": "Outer", "Relation Name": "company_type", "Alias": "ct", "Startup Cost": 0.0, "Total Cost": 1.04, "Plan Rows": 1, "Plan Width": 4, "Filter": "((kind)::text = 'production companies'::text)"}]}]}, {"Node Type": "Index Scan", "Parent Relationship": "Inner", "Scan Direction": "Forward", "Index Name": "title_pkey", "Relation Name": "title", "Alias": "t", "Startup Cost": 0.0, "Total Cost": 116441.27, "Plan Rows": 1381886, "Plan Width": 25, "Filter": "(production_year > 2000), (LLVM Optimized)"}]}]}, "Unique SQL Id": 2492542741, "Planner Runtime": 6}, "explain_analyze_plan": {"Plan": {"Node Type": "Aggregate", "Strategy": "Plain", "Startup Cost": 346035.32, "Total Cost": 346035.33, "Plan Rows": 1, "Plan Width": 113, "Actual Startup Time": 4236.318, "Actual Total Time": 4236.319, "Actual Rows": 1, "Actual Loops": 1, "Plans": [{"Node Type": "Merge Join", "Parent Relationship": "Outer", "Join Type": "Inner", "Startup Cost": 2.6, "Total Cost": 341156.13, "Plan Rows": 650559, "Plan Width": 45, "Actual Startup Time": 3023.911, "Actual Total Time": 4236.257, "Actual Rows": 4, "Actual Loops": 1, "Inner Unique": true, "Merge Cond": "(mc.movie_id = t.id)", "Plans": [{"Node Type": "Nested Loop", "Parent Relationship": "Outer", "Join Type": "Inner", "Startup Cost": 0.0, "Total Cost": 213616.48, "Plan Rows": 501180, "Plan Width": 32, "Actual Startup Time": 720.219, "Actual Total Time": 1352.637, "Actual Rows": 5, "Actual Loops": 1, "Inner Unique": true, "Join Filter": "(mc.company_type_id = ct.id), (LLVM Optimized, Jit Execute)", "Rows Removed by Join Filter": 95, "Plans": [{"Node Type": "Nested Loop", "Parent Relationship": "Outer", "Join Type": "Inner", "Startup Cost": 0.0, "Total Cost": 201179.75, "Plan Rows": 829046, "Plan Width": 36, "Actual Startup Time": 584.117, "Actual Total Time": 1352.501, "Actual Rows": 100, "Actual Loops": 1, "Inner Unique": false, "Plans": [{"Node Type": "Nested Loop", "Parent Relationship": "Outer", "Join Type": "Inner", "Startup Cost": 0.0, "Total Cost": 67203.27, "Plan Rows": 345008, "Plan Width": 4, "Actual Startup Time": 583.978, "Actual Total Time": 1351.83, "Actual Rows": 10, "Actual Loops": 1, "Inner Unique": true, "Join Filter": "(it.id = mi_idx.info_type_id), (LLVM Optimized, Jit Execute)", "Rows Removed by Join Filter": 1380024, "Plans": [{"Node Type": "Index Scan", "Parent Relationship": "Outer", "Scan Direction": "Forward", "Index Name": "movie_id_movie_info_idx", "Relation Name": "movie_info_idx", "Alias": "mi_idx", "Startup Cost": 0.0, "Total Cost": 46500.35, "Plan Rows": 1380034, "Plan Width": 8, "Actual Startup Time": 0.029, "Actual Total Time": 584.464, "Actual Rows": 1380034, "Actual Loops": 1}, {"Node Type": "Materialize", "Parent Relationship": "Inner", "Startup Cost": 0.0, "Total Cost": 2.41, "Plan Rows": 1, "Plan Width": 4, "Actual Startup Time": 114.728, "Actual Total Time": 228.17, "Actual Rows": 1380034, "Actual Loops": 1380034, "Plans": [{"Node Type": "Seq Scan", "Parent Relationship": "Outer", "Relation Name": "info_type", "Alias": "it", "Startup Cost": 0.0, "Total Cost": 2.4, "Plan Rows": 1, "Plan Width": 4, "Actual Startup Time": 0.064, "Actual Total Time": 0.067, "Actual Rows": 1, "Actual Loops": 1, "Filter": "((info)::text = 'bottom 10 rank'::text)", "Rows Removed by Filter": 111}]}]}, {"Node Type": "Index Scan", "Parent Relationship": "Inner", "Scan Direction": "Forward", "Index Name": "movie_id_movie_companies", "Relation Name": "movie_companies", "Alias": "mc", "Startup Cost": 0.0, "Total Cost": 0.37, "Plan Rows": 2, "Plan Width": 32, "Actual Startup Time": 0.365, "Actual Total Time": 0.503, "Actual Rows": 100, "Actual Loops": 10, "Index Cond": "(movie_id = mi_idx.movie_id)", "Rows Removed by Index Recheck": 0, "Filter": "((note)::text !~~ '%(as Metro-Goldwyn-Mayer Pictures)%'::text)", "Rows Removed by Filter": 20}]}, {"Node Type": "Materialize", "Parent Relationship": "Inner", "Startup Cost": 0.0, "Total Cost": 1.04, "Plan Rows": 1, "Plan Width": 4, "Actual Startup Time": 0.051, "Actual Total Time": 0.062, "Actual Rows": 100, "Actual Loops": 100, "Plans": [{"Node Type": "Seq Scan", "Parent Relationship": "Outer", "Relation Name": "company_type", "Alias": "ct", "Startup Cost": 0.0, "Total Cost": 1.04, "Plan Rows": 1, "Plan Width": 4, "Actual Startup Time": 0.029, "Actual Total Time": 0.032, "Actual Rows": 1, "Actual Loops": 1, "Filter": "((kind)::text = 'production companies'::text)", "Rows Removed by Filter": 2}]}]}, {"Node Type": "Index Scan", "Parent Relationship": "Inner", "Scan Direction": "Forward", "Index Name": "title_pkey", "Relation Name": "title", "Alias": "t", "Startup Cost": 0.0, "Total Cost": 116441.27, "Plan Rows": 1381886, "Plan Width": 25, "Actual Startup Time": 0.04, "Actual Total Time": 2699.835, "Actual Rows": 1289090, "Actual Loops": 1, "Filter": "(production_year > 2000), (LLVM Optimized, Jit Execute)", "Rows Removed by Filter": 1033479}]}]}, "Triggers": [], "Planner Runtime": 6, "Total Runtime": 4246.179, "Unique SQL Id": 2492542741}}, "(1, 17)": {"explain_plan": {"Plan": {"Node Type": "Aggregate", "Strategy": "Plain", "Startup Cost": 346058.39, "Total Cost": 346058.4, "Plan Rows": 1, "Plan Width": 113, "Plans": [{"Node Type": "Merge Join", "Parent Relationship": "Outer", "Join Type": "Inner", "Startup Cost": 2.6, "Total Cost": 341179.2, "Plan Rows": 650559, "Plan Width": 45, "Inner Unique": true, "Merge Cond": "(mc.movie_id = t.id)", "Plans": [{"Node Type": "Nested Loop", "Parent Relationship": "Outer", "Join Type": "Inner", "Startup Cost": 0.0, "Total Cost": 213639.55, "Plan Rows": 501180, "Plan Width": 32, "Inner Unique": true, "Join Filter": "(mc.company_type_id = ct.id), (LLVM Optimized)", "Plans": [{"Node Type": "Nested Loop", "Parent Relationship": "Outer", "Join Type": "Inner", "Startup Cost": 0.0, "Total Cost": 201191.56, "Plan Rows": 829046, "Plan Width": 36, "Inner Unique": false, "Plans": [{"Node Type": "Nested Loop", "Parent Relationship": "Outer", "Join Type": "Inner", "Startup Cost": 0.0, "Total Cost": 67215.08, "Plan Rows": 345008, "Plan Width": 4, "Inner Unique": true, "Join Filter": "(it.id = mi_idx.info_type_id), (LLVM Optimized)", "Plans": [{"Node Type": "Index Scan", "Parent Relationship": "Outer", "Scan Direction": "Forward", "Index Name": "movie_id_movie_info_idx", "Relation Name": "movie_info_idx", "Alias": "mi_idx", "Startup Cost": 0.0, "Total Cost": 46500.35, "Plan Rows": 1380034, "Plan Width": 8}, {"Node Type": "Materialize", "Parent Relationship": "Inner", "Startup Cost": 0.0, "Total Cost": 14.22, "Plan Rows": 1, "Plan Width": 4, "Plans": [{"Node Type": "Index Scan", "Parent Relationship": "Outer", "Scan Direction": "Forward", "Index Name": "info_type_pkey", "Relation Name": "info_type", "Alias": "it", "Startup Cost": 0.0, "Total Cost": 14.21, "Plan Rows": 1, "Plan Width": 4, "Filter": "((info)::text = 'bottom 10 rank'::text)"}]}]}, {"Node Type": "Index Scan", "Parent Relationship": "Inner", "Scan Direction": "Forward", "Index Name": "movie_id_movie_companies", "Relation Name": "movie_companies", "Alias": "mc", "Startup Cost": 0.0, "Total Cost": 0.37, "Plan Rows": 2, "Plan Width": 32, "Index Cond": "(movie_id = mi_idx.movie_id)", "Filter": "((note)::text !~~ '%(as Metro-Goldwyn-Mayer Pictures)%'::text)"}]}, {"Node Type": "Materialize", "Parent Relationship": "Inner", "Startup Cost": 0.0, "Total Cost": 12.31, "Plan Rows": 1, "Plan Width": 4, "Plans": [{"Node Type": "Index Scan", "Parent Relationship": "Outer", "Scan Direction": "Forward", "Index Name": "company_type_pkey", "Relation Name": "company_type", "Alias": "ct", "Startup Cost": 0.0, "Total Cost": 12.3, "Plan Rows": 1, "Plan Width": 4, "Filter": "((kind)::text = 'production companies'::text)"}]}]}, {"Node Type": "Index Scan", "Parent Relationship": "Inner", "Scan Direction": "Forward", "Index Name": "title_pkey", "Relation Name": "title", "Alias": "t", "Startup Cost": 0.0, "Total Cost": 116441.27, "Plan Rows": 1381886, "Plan Width": 25, "Filter": "(production_year > 2000), (LLVM Optimized)"}]}]}, "Unique SQL Id": 2492542741, "Planner Runtime": 6}, "explain_analyze_plan": {"Plan": {"Node Type": "Aggregate", "Strategy": "Plain", "Startup Cost": 346058.39, "Total Cost": 346058.4, "Plan Rows": 1, "Plan Width": 113, "Actual Startup Time": 4474.048, "Actual Total Time": 4474.049, "Actual Rows": 1, "Actual Loops": 1, "Plans": [{"Node Type": "Merge Join", "Parent Relationship": "Outer", "Join Type": "Inner", "Startup Cost": 2.6, "Total Cost": 341179.2, "Plan Rows": 650559, "Plan Width": 45, "Actual Startup Time": 3177.477, "Actual Total Time": 4474.002, "Actual Rows": 4, "Actual Loops": 1, "Inner Unique": true, "Merge Cond": "(mc.movie_id = t.id)", "Plans": [{"Node Type": "Nested Loop", "Parent Relationship": "Outer", "Join Type": "Inner", "Startup Cost": 0.0, "Total Cost": 213639.55, "Plan Rows": 501180, "Plan Width": 32, "Actual Startup Time": 727.787, "Actual Total Time": 1373.646, "Actual Rows": 5, "Actual Loops": 1, "Inner Unique": true, "Join Filter": "(mc.company_type_id = ct.id), (LLVM Optimized, Jit Execute)", "Rows Removed by Join Filter": 95, "Plans": [{"Node Type": "Nested Loop", "Parent Relationship": "Outer", "Join Type": "Inner", "Startup Cost": 0.0, "Total Cost": 201191.56, "Plan Rows": 829046, "Plan Width": 36, "Actual Startup Time": 582.481, "Actual Total Time": 1373.514, "Actual Rows": 100, "Actual Loops": 1, "Inner Unique": false, "Plans": [{"Node Type": "Nested Loop", "Parent Relationship": "Outer", "Join Type": "Inner", "Startup Cost": 0.0, "Total Cost": 67215.08, "Plan Rows": 345008, "Plan Width": 4, "Actual Startup Time": 582.426, "Actual Total Time": 1373.008, "Actual Rows": 10, "Actual Loops": 1, "Inner Unique": true, "Join Filter": "(it.id = mi_idx.info_type_id), (LLVM Optimized, Jit Execute)", "Rows Removed by Join Filter": 1380024, "Plans": [{"Node Type": "Index Scan", "Parent Relationship": "Outer", "Scan Direction": "Forward", "Index Name": "movie_id_movie_info_idx", "Relation Name": "movie_info_idx", "Alias": "mi_idx", "Startup Cost": 0.0, "Total Cost": 46500.35, "Plan Rows": 1380034, "Plan Width": 8, "Actual Startup Time": 0.028, "Actual Total Time": 604.471, "Actual Rows": 1380034, "Actual Loops": 1}, {"Node Type": "Materialize", "Parent Relationship": "Inner", "Startup Cost": 0.0, "Total Cost": 14.22, "Plan Rows": 1, "Plan Width": 4, "Actual Startup Time": 115.589, "Actual Total Time": 228.676, "Actual Rows": 1380034, "Actual Loops": 1380034, "Plans": [{"Node Type": "Index Scan", "Parent Relationship": "Outer", "Scan Direction": "Forward", "Index Name": "info_type_pkey", "Relation Name": "info_type", "Alias": "it", "Startup Cost": 0.0, "Total Cost": 14.21, "Plan Rows": 1, "Plan Width": 4, "Actual Startup Time": 0.068, "Actual Total Time": 0.07, "Actual Rows": 1, "Actual Loops": 1, "Filter": "((info)::text = 'bottom 10 rank'::text)", "Rows Removed by Filter": 111}]}]}, {"Node Type": "Index Scan", "Parent Relationship": "Inner", "Scan Direction": "Forward", "Index Name": "movie_id_movie_companies", "Relation Name": "movie_companies", "Alias": "mc", "Startup Cost": 0.0, "Total Cost": 0.37, "Plan Rows": 2, "Plan Width": 32, "Actual Startup Time": 0.271, "Actual Total Time": 0.414, "Actual Rows": 100, "Actual Loops": 10, "Index Cond": "(movie_id = mi_idx.movie_id)", "Rows Removed by Index Recheck": 0, "Filter": "((note)::text !~~ '%(as Metro-Goldwyn-Mayer Pictures)%'::text)", "Rows Removed by Filter": 20}]}, {"Node Type": "Materialize", "Parent Relationship": "Inner", "Startup Cost": 0.0, "Total Cost": 12.31, "Plan Rows": 1, "Plan Width": 4, "Actual Startup Time": 0.038, "Actual Total Time": 0.05, "Actual Rows": 100, "Actual Loops": 100, "Plans": [{"Node Type": "Index Scan", "Parent Relationship": "Outer", "Scan Direction": "Forward", "Index Name": "company_type_pkey", "Relation Name": "company_type", "Alias": "ct", "Startup Cost": 0.0, "Total Cost": 12.3, "Plan Rows": 1, "Plan Width": 4, "Actual Startup Time": 0.017, "Actual Total Time": 0.02, "Actual Rows": 1, "Actual Loops": 1, "Filter": "((kind)::text = 'production companies'::text)", "Rows Removed by Filter": 2}]}]}, {"Node Type": "Index Scan", "Parent Relationship": "Inner", "Scan Direction": "Forward", "Index Name": "title_pkey", "Relation Name": "title", "Alias": "t", "Startup Cost": 0.0, "Total Cost": 116441.27, "Plan Rows": 1381886, "Plan Width": 25, "Actual Startup Time": 0.065, "Actual Total Time": 2914.904, "Actual Rows": 1289090, "Actual Loops": 1, "Filter": "(production_year > 2000), (LLVM Optimized, Jit Execute)", "Rows Removed by Filter": 1033479}]}]}, "Triggers": [], "Planner Runtime": 6, "Total Runtime": 4483.887, "Unique SQL Id": 2492542741}}, "(1, 18)": {"explain_plan": {"Plan": {"Node Type": "Aggregate", "Strategy": "Plain", "Startup Cost": 504076.74, "Total Cost": 504076.75, "Plan Rows": 1, "Plan Width": 113, "Plans": [{"Node Type": "Merge Join", "Parent Relationship": "Outer", "Join Type": "Inner", "Startup Cost": 470923.75, "Total Cost": 499292.59, "Plan Rows": 637886, "Plan Width": 45, "Inner Unique": true, "Merge Cond": "(mc.movie_id = t.id)", "Plans": [{"Node Type": "Merge Join", "Parent Relationship": "Outer", "Join Type": "Inner", "Startup Cost": 263593.72, "Total Cost": 277428.1, "Plan Rows": 501180, "Plan Width": 32, "Inner Unique": false, "Merge Cond": "(mi_idx.movie_id = mc.movie_id)", "Plans": [{"Node Type": "Sort", "Parent Relationship": "Outer", "Startup Cost": 53475.44, "Total Cost": 54337.96, "Plan Rows": 345008, "Plan Width": 4, "Sort Key": ["mi_idx.movie_id"], "Plans": [{"Node Type": "Nested Loop", "Parent Relationship": "Outer", "Join Type": "Inner", "Startup Cost": 7502.06, "Total Cost": 21741.14, "Plan Rows": 345008, "Plan Width": 4, "Inner Unique": false, "Plans": [{"Node Type": "Seq Scan", "Parent Relationship": "Outer", "Relation Name": "info_type", "Alias": "it", "Startup Cost": 0.0, "Total Cost": 2.4, "Plan Rows": 1, "Plan Width": 4, "Filter": "((info)::text = 'bottom 10 rank'::text)"}, {"Node Type": "Bitmap Heap Scan", "Parent Relationship": "Inner", "Relation Name": "movie_info_idx", "Alias": "mi_idx", "Startup Cost": 7502.06, "Total Cost": 18288.66, "Plan Rows": 345008, "Plan Width": 8, "Recheck Cond": "(info_type_id = it.id), (LLVM Optimized)", "Plans": [{"Node Type": "Bitmap Index Scan", "Parent Relationship": "Outer", "Index Name": "info_type_id_movie_info_idx", "Startup Cost": 0.0, "Total Cost": 7415.81, "Plan Rows": 345008, "Plan Width": 0, "Index Cond": "(info_type_id = it.id)"}]}]}]}, {"Node Type": "Sort", "Parent Relationship": "Inner", "Startup Cost": 210118.25, "Total Cost": 213379.54, "Plan Rows": 1304518, "Plan Width": 28, "Sort Key": ["mc.movie_id"], "Plans": [{"Node Type": "Nested Loop", "Parent Relationship": "Outer", "Join Type": "Inner", "Startup Cost": 29270.61, "Total Cost": 77611.28, "Plan Rows": 1304518, "Plan Width": 28, "Inner Unique": false, "Plans": [{"Node Type": "Seq Scan", "Parent Relationship": "Outer", "Relation Name": "company_type", "Alias": "ct", "Startup Cost": 0.0, "Total Cost": 1.04, "Plan Rows": 1, "Plan Width": 4, "Filter": "((kind)::text = 'production companies'::text)"}, {"Node Type": "Bitmap Heap Scan", "Parent Relationship": "Inner", "Relation Name": "movie_companies", "Alias": "mc", "Startup Cost": 29270.61, "Total Cost": 64565.07, "Plan Rows": 1304517, "Plan Width": 32, "Recheck Cond": "(company_type_id = ct.id), (LLVM Optimized)", "Filter": "((note)::text !~~ '%(as Metro-Goldwyn-Mayer Pictures)%'::text), (LLVM Optimized)", "Plans": [{"Node Type": "Bitmap Index Scan", "Parent Relationship": "Outer", "Index Name": "company_type_id_movie_companies", "Startup Cost": 0.0, "Total Cost": 28944.48, "Plan Rows": 1304564, "Plan Width": 0, "Index Cond": "(company_type_id = ct.id)"}]}]}]}]}, {"Node Type": "Sort", "Parent Relationship": "Inner", "Startup Cost": 207329.87, "Total Cost": 210784.59, "Plan Rows": 1381886, "Plan Width": 25, "Sort Key": ["t.id"], "Plans": [{"Node Type": "Seq Scan", "Parent Relationship": "Outer", "Relation Name": "title", "Alias": "t", "Startup Cost": 0.0, "Total Cost": 66389.89, "Plan Rows": 1381886, "Plan Width": 25, "Filter": "(production_year > 2000), (LLVM Optimized)"}]}]}]}, "Unique SQL Id": 2492542741, "Planner Runtime": 6}, "explain_analyze_plan": {"Plan": {"Node Type": "Aggregate", "Strategy": "Plain", "Startup Cost": 504076.74, "Total Cost": 504076.75, "Plan Rows": 1, "Plan Width": 113, "Actual Startup Time": 2659.764, "Actual Total Time": 2659.765, "Actual Rows": 1, "Actual Loops": 1, "Plans": [{"Node Type": "Merge Join", "Parent Relationship": "Outer", "Join Type": "Inner", "Startup Cost": 470923.75, "Total Cost": 499292.59, "Plan Rows": 637886, "Plan Width": 45, "Actual Startup Time": 2572.308, "Actual Total Time": 2659.701, "Actual Rows": 4, "Actual Loops": 1, "Inner Unique": true, "Merge Cond": "(mc.movie_id = t.id)", "Plans": [{"Node Type": "Merge Join", "Parent Relationship": "Outer", "Join Type": "Inner", "Startup Cost": 263593.72, "Total Cost": 277428.1, "Plan Rows": 501180, "Plan Width": 32, "Actual Startup Time": 793.769, "Actual Total Time": 810.896, "Actual Rows": 5, "Actual Loops": 1, "Inner Unique": false, "Merge Cond": "(mi_idx.movie_id = mc.movie_id)", "Plans": [{"Node Type": "Sort", "Parent Relationship": "Outer", "Startup Cost": 53475.44, "Total Cost": 54337.96, "Plan Rows": 345008, "Plan Width": 4, "Actual Startup Time": 0.143, "Actual Total Time": 0.145, "Actual Rows": 10, "Actual Loops": 1, "Sort Key": ["mi_idx.movie_id"], "Sort Method": "quicksort", "Sort Space Used": 25, "Sort Space Type": "Memory", "Plans": [{"Node Type": "Nested Loop", "Parent Relationship": "Outer", "Join Type": "Inner", "Startup Cost": 7502.06, "Total Cost": 21741.14, "Plan Rows": 345008, "Plan Width": 4, "Actual Startup Time": 0.113, "Actual Total Time": 0.122, "Actual Rows": 10, "Actual Loops": 1, "Inner Unique": false, "Plans": [{"Node Type": "Seq Scan", "Parent Relationship": "Outer", "Relation Name": "info_type", "Alias": "it", "Startup Cost": 0.0, "Total Cost": 2.4, "Plan Rows": 1, "Plan Width": 4, "Actual Startup Time": 0.07, "Actual Total Time": 0.074, "Actual Rows": 1, "Actual Loops": 1, "Filter": "((info)::text = 'bottom 10 rank'::text)", "Rows Removed by Filter": 111}, {"Node Type": "Bitmap Heap Scan", "Parent Relationship": "Inner", "Relation Name": "movie_info_idx", "Alias": "mi_idx", "Startup Cost": 7502.06, "Total Cost": 18288.66, "Plan Rows": 345008, "Plan Width": 8, "Actual Startup Time": 0.036, "Actual Total Time": 0.039, "Actual Rows": 10, "Actual Loops": 1, "Recheck Cond": "(info_type_id = it.id), (LLVM Optimized, Jit Execute)", "Rows Removed by Index Recheck": 0, "Exact Heap Blocks": 1, "Lossy Heap Blocks": 1, "Plans": [{"Node Type": "Bitmap Index Scan", "Parent Relationship": "Outer", "Index Name": "info_type_id_movie_info_idx", "Startup Cost": 0.0, "Total Cost": 7415.81, "Plan Rows": 345008, "Plan Width": 0, "Actual Startup Time": 0.018, "Actual Total Time": 0.018, "Actual Rows": 10, "Actual Loops": 1, "Index Cond": "(info_type_id = it.id)"}]}]}]}, {"Node Type": "Sort", "Parent Relationship": "Inner", "Startup Cost": 210118.25, "Total Cost": 213379.54, "Plan Rows": 1304518, "Plan Width": 28, "Actual Startup Time": 777.931, "Actual Total Time": 790.159, "Actual Rows": 132371, "Actual Loops": 1, "Sort Key": ["mc.movie_id"], "Sort Method": "quicksort", "Sort Space Used": 20170, "Sort Space Type": "Memory", "Plans": [{"Node Type": "Nested Loop", "Parent Relationship": "Outer", "Join Type": "Inner", "Startup Cost": 29270.61, "Total Cost": 77611.28, "Plan Rows": 1304518, "Plan Width": 28, "Actual Startup Time": 222.922, "Actual Total Time": 723.889, "Actual Rows": 140904, "Actual Loops": 1, "Inner Unique": false, "Plans": [{"Node Type": "Seq Scan", "Parent Relationship": "Outer", "Relation Name": "company_type", "Alias": "ct", "Startup Cost": 0.0, "Total Cost": 1.04, "Plan Rows": 1, "Plan Width": 4, "Actual Startup Time": 0.007, "Actual Total Time": 0.017, "Actual Rows": 1, "Actual Loops": 1, "Filter": "((kind)::text = 'production companies'::text)", "Rows Removed by Filter": 2}, {"Node Type": "Bitmap Heap Scan", "Parent Relationship": "Inner", "Relation Name": "movie_companies", "Alias": "mc", "Startup Cost": 29270.61, "Total Cost": 64565.07, "Plan Rows": 1304517, "Plan Width": 32, "Actual Startup Time": 222.91, "Actual Total Time": 696.491, "Actual Rows": 140904, "Actual Loops": 1, "Recheck Cond": "(company_type_id = ct.id), (LLVM Optimized, Jit Execute)", "Rows Removed by Index Recheck": 0, "Filter": "((note)::text !~~ '%(as Metro-Goldwyn-Mayer Pictures)%'::text), (LLVM Optimized, Jit Execute)", "Rows Removed by Filter": 1193979, "Exact Heap Blocks": 6196, "Lossy Heap Blocks": 6196, "Plans": [{"Node Type": "Bitmap Index Scan", "Parent Relationship": "Outer", "Index Name": "company_type_id_movie_companies", "Startup Cost": 0.0, "Total Cost": 28944.48, "Plan Rows": 1304564, "Plan Width": 0, "Actual Startup Time": 221.7, "Actual Total Time": 221.7, "Actual Rows": 1334883, "Actual Loops": 1, "Index Cond": "(company_type_id = ct.id)"}]}]}]}]}, {"Node Type": "Sort", "Parent Relationship": "Inner", "Startup Cost": 207329.87, "Total Cost": 210784.59, "Plan Rows": 1381886, "Plan Width": 25, "Actual Startup Time": 1432.083, "Actual Total Time": 1643.223, "Actual Rows": 1289090, "Actual Loops": 1, "Sort Key": ["t.id"], "Sort Method": "quicksort", "Sort Space Used": 186407, "Sort Space Type": "Memory", "Plans": [{"Node Type": "Seq Scan", "Parent Relationship": "Outer", "Relation Name": "title", "Alias": "t", "Startup Cost": 0.0, "Total Cost": 66389.89, "Plan Rows": 1381886, "Plan Width": 25, "Actual Startup Time": 0.041, "Actual Total Time": 833.102, "Actual Rows": 1381453, "Actual Loops": 1, "Filter": "(production_year > 2000), (LLVM Optimized, Jit Execute)", "Rows Removed by Filter": 1146858}]}]}]}, "Triggers": [], "Planner Runtime": 5, "Total Runtime": 2670.205, "Unique SQL Id": 2492542741}}, "(1, 19)": {"explain_plan": {"Plan": {"Node Type": "Aggregate", "Strategy": "Plain", "Startup Cost": 1000017767760.86, "Total Cost": 1000017767760.87, "Plan Rows": 1, "Plan Width": 113, "Plans": [{"Node Type": "Nested Loop", "Parent Relationship": "Outer", "Join Type": "Inner", "Startup Cost": 10000000001.08, "Total Cost": 1000017762976.72, "Plan Rows": 637886, "Plan Width": 45, "Inner Unique": true, "Plans": [{"Node Type": "Nested Loop", "Parent Relationship": "Outer", "Join Type": "Inner", "Startup Cost": 10000000000.81, "Total Cost": 1000015609438.29, "Plan Rows": 501180, "Plan Width": 32, "Inner Unique": true, "Plans": [{"Node Type": "Nested Loop", "Parent Relationship": "Outer", "Join Type": "Inner", "Startup Cost": 10000000000.55, "Total Cost": 1000012058838.99, "Plan Rows": 829046, "Plan Width": 36, "Inner Unique": false, "Plans": [{"Node Type": "Nested Loop", "Parent Relationship": "Outer", "Join Type": "Inner", "Startup Cost": 10000000000.26, "Total Cost": 1000010560383.98, "Plan Rows": 345008, "Plan Width": 4, "Inner Unique": true, "Plans": [{"Node Type": "Index Scan", "Parent Relationship": "Outer", "Scan Direction": "Forward", "Index Name": "movie_id_movie_info_idx", "Relation Name": "movie_info_idx", "Alias": "mi_idx", "Startup Cost": 10000000000.0, "Total Cost": 1000004650035.37, "Plan Rows": 1380034, "Plan Width": 8}, {"Node Type": "Bitmap Heap Scan", "Parent Relationship": "Inner", "Relation Name": "info_type", "Alias": "it", "Startup Cost": 0.26, "Total Cost": 4.27, "Plan Rows": 1, "Plan Width": 4, "Recheck Cond": "(id = mi_idx.info_type_id)", "Filter": "((info)::text = 'bottom 10 rank'::text)", "Plans": [{"Node Type": "Bitmap Index Scan", "Parent Relationship": "Outer", "Index Name": "info_type_pkey", "Startup Cost": 0.0, "Total Cost": 0.26, "Plan Rows": 1, "Plan Width": 0, "Index Cond": "(id = mi_idx.info_type_id)"}]}]}, {"Node Type": "Bitmap Heap Scan", "Parent Relationship": "Inner", "Relation Name": "movie_companies", "Alias": "mc", "Startup Cost": 0.29, "Total Cost": 4.32, "Plan Rows": 2, "Plan Width": 32, "Recheck Cond": "(movie_id = mi_idx.movie_id)", "Filter": "((note)::text !~~ '%(as Metro-Goldwyn-Mayer Pictures)%'::text)", "Plans": [{"Node Type": "Bitmap Index Scan", "Parent Relationship": "Outer", "Index Name": "movie_id_movie_companies", "Startup Cost": 0.0, "Total Cost": 0.29, "Plan Rows": 2, "Plan Width": 0, "Index Cond": "(movie_id = mi_idx.movie_id)"}]}]}, {"Node Type": "Bitmap Heap Scan", "Parent Relationship": "Inner", "Relation Name": "company_type", "Alias": "ct", "Startup Cost": 0.26, "Total Cost": 4.27, "Plan Rows": 1, "Plan Width": 4, "Recheck Cond": "(id = mc.company_type_id)", "Filter": "((kind)::text = 'production companies'::text)", "Plans": [{"Node Type": "Bitmap Index Scan", "Parent Relationship": "Outer", "Index Name": "company_type_pkey", "Startup Cost": 0.0, "Total Cost": 0.26, "Plan Rows": 1, "Plan Width": 0, "Index Cond": "(id = mc.company_type_id)"}]}]}, {"Node Type": "Bitmap Heap Scan", "Parent Relationship": "Inner", "Relation Name": "title", "Alias": "t", "Startup Cost": 0.27, "Total Cost": 4.29, "Plan Rows": 1, "Plan Width": 25, "Recheck Cond": "(id = mc.movie_id)", "Filter": "(production_year > 2000)", "Plans": [{"Node Type": "Bitmap Index Scan", "Parent Relationship": "Outer", "Index Name": "title_pkey", "Startup Cost": 0.0, "Total Cost": 0.27, "Plan Rows": 1, "Plan Width": 0, "Index Cond": "(id = mc.movie_id)"}]}]}]}, "Unique SQL Id": 2492542741, "Planner Runtime": 4}, "explain_analyze_plan": null}, "(1, 20)": {"explain_plan": {"Plan": {"Node Type": "Aggregate", "Strategy": "Plain", "Startup Cost": 346035.32, "Total Cost": 346035.33, "Plan Rows": 1, "Plan Width": 113, "Plans": [{"Node Type": "Merge Join", "Parent Relationship": "Outer", "Join Type": "Inner", "Startup Cost": 2.6, "Total Cost": 341156.13, "Plan Rows": 650559, "Plan Width": 45, "Inner Unique": true, "Merge Cond": "(mc.movie_id = t.id)", "Plans": [{"Node Type": "Nested Loop", "Parent Relationship": "Outer", "Join Type": "Inner", "Startup Cost": 0.0, "Total Cost": 213616.48, "Plan Rows": 501180, "Plan Width": 32, "Inner Unique": true, "Join Filter": "(mc.company_type_id = ct.id), (LLVM Optimized)", "Plans": [{"Node Type": "Nested Loop", "Parent Relationship": "Outer", "Join Type": "Inner", "Startup Cost": 0.0, "Total Cost": 201179.75, "Plan Rows": 829046, "Plan Width": 36, "Inner Unique": false, "Plans": [{"Node Type": "Nested Loop", "Parent Relationship": "Outer", "Join Type": "Inner", "Startup Cost": 0.0, "Total Cost": 67203.27, "Plan Rows": 345008, "Plan Width": 4, "Inner Unique": true, "Join Filter": "(it.id = mi_idx.info_type_id), (LLVM Optimized)", "Plans": [{"Node Type": "Index Scan", "Parent Relationship": "Outer", "Scan Direction": "Forward", "Index Name": "movie_id_movie_info_idx", "Relation Name": "movie_info_idx", "Alias": "mi_idx", "Startup Cost": 0.0, "Total Cost": 46500.35, "Plan Rows": 1380034, "Plan Width": 8}, {"Node Type": "Materialize", "Parent Relationship": "Inner", "Startup Cost": 0.0, "Total Cost": 2.41, "Plan Rows": 1, "Plan Width": 4, "Plans": [{"Node Type": "Seq Scan", "Parent Relationship": "Outer", "Relation Name": "info_type", "Alias": "it", "Startup Cost": 0.0, "Total Cost": 2.4, "Plan Rows": 1, "Plan Width": 4, "Filter": "((info)::text = 'bottom 10 rank'::text)"}]}]}, {"Node Type": "Index Scan", "Parent Relationship": "Inner", "Scan Direction": "Forward", "Index Name": "movie_id_movie_companies", "Relation Name": "movie_companies", "Alias": "mc", "Startup Cost": 0.0, "Total Cost": 0.37, "Plan Rows": 2, "Plan Width": 32, "Index Cond": "(movie_id = mi_idx.movie_id)", "Filter": "((note)::text !~~ '%(as Metro-Goldwyn-Mayer Pictures)%'::text)"}]}, {"Node Type": "Materialize", "Parent Relationship": "Inner", "Startup Cost": 0.0, "Total Cost": 1.04, "Plan Rows": 1, "Plan Width": 4, "Plans": [{"Node Type": "Seq Scan", "Parent Relationship": "Outer", "Relation Name": "company_type", "Alias": "ct", "Startup Cost": 0.0, "Total Cost": 1.04, "Plan Rows": 1, "Plan Width": 4, "Filter": "((kind)::text = 'production companies'::text)"}]}]}, {"Node Type": "Index Scan", "Parent Relationship": "Inner", "Scan Direction": "Forward", "Index Name": "title_pkey", "Relation Name": "title", "Alias": "t", "Startup Cost": 0.0, "Total Cost": 116441.27, "Plan Rows": 1381886, "Plan Width": 25, "Filter": "(production_year > 2000), (LLVM Optimized)"}]}]}, "Unique SQL Id": 2492542741, "Planner Runtime": 6}, "explain_analyze_plan": {"Plan": {"Node Type": "Aggregate", "Strategy": "Plain", "Startup Cost": 346035.32, "Total Cost": 346035.33, "Plan Rows": 1, "Plan Width": 113, "Actual Startup Time": 4236.318, "Actual Total Time": 4236.319, "Actual Rows": 1, "Actual Loops": 1, "Plans": [{"Node Type": "Merge Join", "Parent Relationship": "Outer", "Join Type": "Inner", "Startup Cost": 2.6, "Total Cost": 341156.13, "Plan Rows": 650559, "Plan Width": 45, "Actual Startup Time": 3023.911, "Actual Total Time": 4236.257, "Actual Rows": 4, "Actual Loops": 1, "Inner Unique": true, "Merge Cond": "(mc.movie_id = t.id)", "Plans": [{"Node Type": "Nested Loop", "Parent Relationship": "Outer", "Join Type": "Inner", "Startup Cost": 0.0, "Total Cost": 213616.48, "Plan Rows": 501180, "Plan Width": 32, "Actual Startup Time": 720.219, "Actual Total Time": 1352.637, "Actual Rows": 5, "Actual Loops": 1, "Inner Unique": true, "Join Filter": "(mc.company_type_id = ct.id), (LLVM Optimized, Jit Execute)", "Rows Removed by Join Filter": 95, "Plans": [{"Node Type": "Nested Loop", "Parent Relationship": "Outer", "Join Type": "Inner", "Startup Cost": 0.0, "Total Cost": 201179.75, "Plan Rows": 829046, "Plan Width": 36, "Actual Startup Time": 584.117, "Actual Total Time": 1352.501, "Actual Rows": 100, "Actual Loops": 1, "Inner Unique": false, "Plans": [{"Node Type": "Nested Loop", "Parent Relationship": "Outer", "Join Type": "Inner", "Startup Cost": 0.0, "Total Cost": 67203.27, "Plan Rows": 345008, "Plan Width": 4, "Actual Startup Time": 583.978, "Actual Total Time": 1351.83, "Actual Rows": 10, "Actual Loops": 1, "Inner Unique": true, "Join Filter": "(it.id = mi_idx.info_type_id), (LLVM Optimized, Jit Execute)", "Rows Removed by Join Filter": 1380024, "Plans": [{"Node Type": "Index Scan", "Parent Relationship": "Outer", "Scan Direction": "Forward", "Index Name": "movie_id_movie_info_idx", "Relation Name": "movie_info_idx", "Alias": "mi_idx", "Startup Cost": 0.0, "Total Cost": 46500.35, "Plan Rows": 1380034, "Plan Width": 8, "Actual Startup Time": 0.029, "Actual Total Time": 584.464, "Actual Rows": 1380034, "Actual Loops": 1}, {"Node Type": "Materialize", "Parent Relationship": "Inner", "Startup Cost": 0.0, "Total Cost": 2.41, "Plan Rows": 1, "Plan Width": 4, "Actual Startup Time": 114.728, "Actual Total Time": 228.17, "Actual Rows": 1380034, "Actual Loops": 1380034, "Plans": [{"Node Type": "Seq Scan", "Parent Relationship": "Outer", "Relation Name": "info_type", "Alias": "it", "Startup Cost": 0.0, "Total Cost": 2.4, "Plan Rows": 1, "Plan Width": 4, "Actual Startup Time": 0.064, "Actual Total Time": 0.067, "Actual Rows": 1, "Actual Loops": 1, "Filter": "((info)::text = 'bottom 10 rank'::text)", "Rows Removed by Filter": 111}]}]}, {"Node Type": "Index Scan", "Parent Relationship": "Inner", "Scan Direction": "Forward", "Index Name": "movie_id_movie_companies", "Relation Name": "movie_companies", "Alias": "mc", "Startup Cost": 0.0, "Total Cost": 0.37, "Plan Rows": 2, "Plan Width": 32, "Actual Startup Time": 0.365, "Actual Total Time": 0.503, "Actual Rows": 100, "Actual Loops": 10, "Index Cond": "(movie_id = mi_idx.movie_id)", "Rows Removed by Index Recheck": 0, "Filter": "((note)::text !~~ '%(as Metro-Goldwyn-Mayer Pictures)%'::text)", "Rows Removed by Filter": 20}]}, {"Node Type": "Materialize", "Parent Relationship": "Inner", "Startup Cost": 0.0, "Total Cost": 1.04, "Plan Rows": 1, "Plan Width": 4, "Actual Startup Time": 0.051, "Actual Total Time": 0.062, "Actual Rows": 100, "Actual Loops": 100, "Plans": [{"Node Type": "Seq Scan", "Parent Relationship": "Outer", "Relation Name": "company_type", "Alias": "ct", "Startup Cost": 0.0, "Total Cost": 1.04, "Plan Rows": 1, "Plan Width": 4, "Actual Startup Time": 0.029, "Actual Total Time": 0.032, "Actual Rows": 1, "Actual Loops": 1, "Filter": "((kind)::text = 'production companies'::text)", "Rows Removed by Filter": 2}]}]}, {"Node Type": "Index Scan", "Parent Relationship": "Inner", "Scan Direction": "Forward", "Index Name": "title_pkey", "Relation Name": "title", "Alias": "t", "Startup Cost": 0.0, "Total Cost": 116441.27, "Plan Rows": 1381886, "Plan Width": 25, "Actual Startup Time": 0.04, "Actual Total Time": 2699.835, "Actual Rows": 1289090, "Actual Loops": 1, "Filter": "(production_year > 2000), (LLVM Optimized, Jit Execute)", "Rows Removed by Filter": 1033479}]}]}, "Triggers": [], "Planner Runtime": 6, "Total Runtime": 4246.179, "Unique SQL Id": 2492542741}}, "(1, 21)": {"explain_plan": {"Plan": {"Node Type": "Aggregate", "Strategy": "Plain", "Startup Cost": 346058.39, "Total Cost": 346058.4, "Plan Rows": 1, "Plan Width": 113, "Plans": [{"Node Type": "Merge Join", "Parent Relationship": "Outer", "Join Type": "Inner", "Startup Cost": 2.6, "Total Cost": 341179.2, "Plan Rows": 650559, "Plan Width": 45, "Inner Unique": true, "Merge Cond": "(mc.movie_id = t.id)", "Plans": [{"Node Type": "Nested Loop", "Parent Relationship": "Outer", "Join Type": "Inner", "Startup Cost": 0.0, "Total Cost": 213639.55, "Plan Rows": 501180, "Plan Width": 32, "Inner Unique": true, "Join Filter": "(mc.company_type_id = ct.id), (LLVM Optimized)", "Plans": [{"Node Type": "Nested Loop", "Parent Relationship": "Outer", "Join Type": "Inner", "Startup Cost": 0.0, "Total Cost": 201191.56, "Plan Rows": 829046, "Plan Width": 36, "Inner Unique": false, "Plans": [{"Node Type": "Nested Loop", "Parent Relationship": "Outer", "Join Type": "Inner", "Startup Cost": 0.0, "Total Cost": 67215.08, "Plan Rows": 345008, "Plan Width": 4, "Inner Unique": true, "Join Filter": "(it.id = mi_idx.info_type_id), (LLVM Optimized)", "Plans": [{"Node Type": "Index Scan", "Parent Relationship": "Outer", "Scan Direction": "Forward", "Index Name": "movie_id_movie_info_idx", "Relation Name": "movie_info_idx", "Alias": "mi_idx", "Startup Cost": 0.0, "Total Cost": 46500.35, "Plan Rows": 1380034, "Plan Width": 8}, {"Node Type": "Materialize", "Parent Relationship": "Inner", "Startup Cost": 0.0, "Total Cost": 14.22, "Plan Rows": 1, "Plan Width": 4, "Plans": [{"Node Type": "Index Scan", "Parent Relationship": "Outer", "Scan Direction": "Forward", "Index Name": "info_type_pkey", "Relation Name": "info_type", "Alias": "it", "Startup Cost": 0.0, "Total Cost": 14.21, "Plan Rows": 1, "Plan Width": 4, "Filter": "((info)::text = 'bottom 10 rank'::text)"}]}]}, {"Node Type": "Index Scan", "Parent Relationship": "Inner", "Scan Direction": "Forward", "Index Name": "movie_id_movie_companies", "Relation Name": "movie_companies", "Alias": "mc", "Startup Cost": 0.0, "Total Cost": 0.37, "Plan Rows": 2, "Plan Width": 32, "Index Cond": "(movie_id = mi_idx.movie_id)", "Filter": "((note)::text !~~ '%(as Metro-Goldwyn-Mayer Pictures)%'::text)"}]}, {"Node Type": "Materialize", "Parent Relationship": "Inner", "Startup Cost": 0.0, "Total Cost": 12.31, "Plan Rows": 1, "Plan Width": 4, "Plans": [{"Node Type": "Index Scan", "Parent Relationship": "Outer", "Scan Direction": "Forward", "Index Name": "company_type_pkey", "Relation Name": "company_type", "Alias": "ct", "Startup Cost": 0.0, "Total Cost": 12.3, "Plan Rows": 1, "Plan Width": 4, "Filter": "((kind)::text = 'production companies'::text)"}]}]}, {"Node Type": "Index Scan", "Parent Relationship": "Inner", "Scan Direction": "Forward", "Index Name": "title_pkey", "Relation Name": "title", "Alias": "t", "Startup Cost": 0.0, "Total Cost": 116441.27, "Plan Rows": 1381886, "Plan Width": 25, "Filter": "(production_year > 2000), (LLVM Optimized)"}]}]}, "Unique SQL Id": 2492542741, "Planner Runtime": 6}, "explain_analyze_plan": {"Plan": {"Node Type": "Aggregate", "Strategy": "Plain", "Startup Cost": 346058.39, "Total Cost": 346058.4, "Plan Rows": 1, "Plan Width": 113, "Actual Startup Time": 4474.048, "Actual Total Time": 4474.049, "Actual Rows": 1, "Actual Loops": 1, "Plans": [{"Node Type": "Merge Join", "Parent Relationship": "Outer", "Join Type": "Inner", "Startup Cost": 2.6, "Total Cost": 341179.2, "Plan Rows": 650559, "Plan Width": 45, "Actual Startup Time": 3177.477, "Actual Total Time": 4474.002, "Actual Rows": 4, "Actual Loops": 1, "Inner Unique": true, "Merge Cond": "(mc.movie_id = t.id)", "Plans": [{"Node Type": "Nested Loop", "Parent Relationship": "Outer", "Join Type": "Inner", "Startup Cost": 0.0, "Total Cost": 213639.55, "Plan Rows": 501180, "Plan Width": 32, "Actual Startup Time": 727.787, "Actual Total Time": 1373.646, "Actual Rows": 5, "Actual Loops": 1, "Inner Unique": true, "Join Filter": "(mc.company_type_id = ct.id), (LLVM Optimized, Jit Execute)", "Rows Removed by Join Filter": 95, "Plans": [{"Node Type": "Nested Loop", "Parent Relationship": "Outer", "Join Type": "Inner", "Startup Cost": 0.0, "Total Cost": 201191.56, "Plan Rows": 829046, "Plan Width": 36, "Actual Startup Time": 582.481, "Actual Total Time": 1373.514, "Actual Rows": 100, "Actual Loops": 1, "Inner Unique": false, "Plans": [{"Node Type": "Nested Loop", "Parent Relationship": "Outer", "Join Type": "Inner", "Startup Cost": 0.0, "Total Cost": 67215.08, "Plan Rows": 345008, "Plan Width": 4, "Actual Startup Time": 582.426, "Actual Total Time": 1373.008, "Actual Rows": 10, "Actual Loops": 1, "Inner Unique": true, "Join Filter": "(it.id = mi_idx.info_type_id), (LLVM Optimized, Jit Execute)", "Rows Removed by Join Filter": 1380024, "Plans": [{"Node Type": "Index Scan", "Parent Relationship": "Outer", "Scan Direction": "Forward", "Index Name": "movie_id_movie_info_idx", "Relation Name": "movie_info_idx", "Alias": "mi_idx", "Startup Cost": 0.0, "Total Cost": 46500.35, "Plan Rows": 1380034, "Plan Width": 8, "Actual Startup Time": 0.028, "Actual Total Time": 604.471, "Actual Rows": 1380034, "Actual Loops": 1}, {"Node Type": "Materialize", "Parent Relationship": "Inner", "Startup Cost": 0.0, "Total Cost": 14.22, "Plan Rows": 1, "Plan Width": 4, "Actual Startup Time": 115.589, "Actual Total Time": 228.676, "Actual Rows": 1380034, "Actual Loops": 1380034, "Plans": [{"Node Type": "Index Scan", "Parent Relationship": "Outer", "Scan Direction": "Forward", "Index Name": "info_type_pkey", "Relation Name": "info_type", "Alias": "it", "Startup Cost": 0.0, "Total Cost": 14.21, "Plan Rows": 1, "Plan Width": 4, "Actual Startup Time": 0.068, "Actual Total Time": 0.07, "Actual Rows": 1, "Actual Loops": 1, "Filter": "((info)::text = 'bottom 10 rank'::text)", "Rows Removed by Filter": 111}]}]}, {"Node Type": "Index Scan", "Parent Relationship": "Inner", "Scan Direction": "Forward", "Index Name": "movie_id_movie_companies", "Relation Name": "movie_companies", "Alias": "mc", "Startup Cost": 0.0, "Total Cost": 0.37, "Plan Rows": 2, "Plan Width": 32, "Actual Startup Time": 0.271, "Actual Total Time": 0.414, "Actual Rows": 100, "Actual Loops": 10, "Index Cond": "(movie_id = mi_idx.movie_id)", "Rows Removed by Index Recheck": 0, "Filter": "((note)::text !~~ '%(as Metro-Goldwyn-Mayer Pictures)%'::text)", "Rows Removed by Filter": 20}]}, {"Node Type": "Materialize", "Parent Relationship": "Inner", "Startup Cost": 0.0, "Total Cost": 12.31, "Plan Rows": 1, "Plan Width": 4, "Actual Startup Time": 0.038, "Actual Total Time": 0.05, "Actual Rows": 100, "Actual Loops": 100, "Plans": [{"Node Type": "Index Scan", "Parent Relationship": "Outer", "Scan Direction": "Forward", "Index Name": "company_type_pkey", "Relation Name": "company_type", "Alias": "ct", "Startup Cost": 0.0, "Total Cost": 12.3, "Plan Rows": 1, "Plan Width": 4, "Actual Startup Time": 0.017, "Actual Total Time": 0.02, "Actual Rows": 1, "Actual Loops": 1, "Filter": "((kind)::text = 'production companies'::text)", "Rows Removed by Filter": 2}]}]}, {"Node Type": "Index Scan", "Parent Relationship": "Inner", "Scan Direction": "Forward", "Index Name": "title_pkey", "Relation Name": "title", "Alias": "t", "Startup Cost": 0.0, "Total Cost": 116441.27, "Plan Rows": 1381886, "Plan Width": 25, "Actual Startup Time": 0.065, "Actual Total Time": 2914.904, "Actual Rows": 1289090, "Actual Loops": 1, "Filter": "(production_year > 2000), (LLVM Optimized, Jit Execute)", "Rows Removed by Filter": 1033479}]}]}, "Triggers": [], "Planner Runtime": 6, "Total Runtime": 4483.887, "Unique SQL Id": 2492542741}}, "(1, 22)": {"explain_plan": {"Plan": {"Node Type": "Aggregate", "Strategy": "Plain", "Startup Cost": 504076.74, "Total Cost": 504076.75, "Plan Rows": 1, "Plan Width": 113, "Plans": [{"Node Type": "Merge Join", "Parent Relationship": "Outer", "Join Type": "Inner", "Startup Cost": 470923.75, "Total Cost": 499292.59, "Plan Rows": 637886, "Plan Width": 45, "Inner Unique": true, "Merge Cond": "(mc.movie_id = t.id)", "Plans": [{"Node Type": "Merge Join", "Parent Relationship": "Outer", "Join Type": "Inner", "Startup Cost": 263593.72, "Total Cost": 277428.1, "Plan Rows": 501180, "Plan Width": 32, "Inner Unique": false, "Merge Cond": "(mi_idx.movie_id = mc.movie_id)", "Plans": [{"Node Type": "Sort", "Parent Relationship": "Outer", "Startup Cost": 53475.44, "Total Cost": 54337.96, "Plan Rows": 345008, "Plan Width": 4, "Sort Key": ["mi_idx.movie_id"], "Plans": [{"Node Type": "Nested Loop", "Parent Relationship": "Outer", "Join Type": "Inner", "Startup Cost": 7502.06, "Total Cost": 21741.14, "Plan Rows": 345008, "Plan Width": 4, "Inner Unique": false, "Plans": [{"Node Type": "Seq Scan", "Parent Relationship": "Outer", "Relation Name": "info_type", "Alias": "it", "Startup Cost": 0.0, "Total Cost": 2.4, "Plan Rows": 1, "Plan Width": 4, "Filter": "((info)::text = 'bottom 10 rank'::text)"}, {"Node Type": "Bitmap Heap Scan", "Parent Relationship": "Inner", "Relation Name": "movie_info_idx", "Alias": "mi_idx", "Startup Cost": 7502.06, "Total Cost": 18288.66, "Plan Rows": 345008, "Plan Width": 8, "Recheck Cond": "(info_type_id = it.id), (LLVM Optimized)", "Plans": [{"Node Type": "Bitmap Index Scan", "Parent Relationship": "Outer", "Index Name": "info_type_id_movie_info_idx", "Startup Cost": 0.0, "Total Cost": 7415.81, "Plan Rows": 345008, "Plan Width": 0, "Index Cond": "(info_type_id = it.id)"}]}]}]}, {"Node Type": "Sort", "Parent Relationship": "Inner", "Startup Cost": 210118.25, "Total Cost": 213379.54, "Plan Rows": 1304518, "Plan Width": 28, "Sort Key": ["mc.movie_id"], "Plans": [{"Node Type": "Nested Loop", "Parent Relationship": "Outer", "Join Type": "Inner", "Startup Cost": 29270.61, "Total Cost": 77611.28, "Plan Rows": 1304518, "Plan Width": 28, "Inner Unique": false, "Plans": [{"Node Type": "Seq Scan", "Parent Relationship": "Outer", "Relation Name": "company_type", "Alias": "ct", "Startup Cost": 0.0, "Total Cost": 1.04, "Plan Rows": 1, "Plan Width": 4, "Filter": "((kind)::text = 'production companies'::text)"}, {"Node Type": "Bitmap Heap Scan", "Parent Relationship": "Inner", "Relation Name": "movie_companies", "Alias": "mc", "Startup Cost": 29270.61, "Total Cost": 64565.07, "Plan Rows": 1304517, "Plan Width": 32, "Recheck Cond": "(company_type_id = ct.id), (LLVM Optimized)", "Filter": "((note)::text !~~ '%(as Metro-Goldwyn-Mayer Pictures)%'::text), (LLVM Optimized)", "Plans": [{"Node Type": "Bitmap Index Scan", "Parent Relationship": "Outer", "Index Name": "company_type_id_movie_companies", "Startup Cost": 0.0, "Total Cost": 28944.48, "Plan Rows": 1304564, "Plan Width": 0, "Index Cond": "(company_type_id = ct.id)"}]}]}]}]}, {"Node Type": "Sort", "Parent Relationship": "Inner", "Startup Cost": 207329.87, "Total Cost": 210784.59, "Plan Rows": 1381886, "Plan Width": 25, "Sort Key": ["t.id"], "Plans": [{"Node Type": "Seq Scan", "Parent Relationship": "Outer", "Relation Name": "title", "Alias": "t", "Startup Cost": 0.0, "Total Cost": 66389.89, "Plan Rows": 1381886, "Plan Width": 25, "Filter": "(production_year > 2000), (LLVM Optimized)"}]}]}]}, "Unique SQL Id": 2492542741, "Planner Runtime": 5}, "explain_analyze_plan": {"Plan": {"Node Type": "Aggregate", "Strategy": "Plain", "Startup Cost": 504076.74, "Total Cost": 504076.75, "Plan Rows": 1, "Plan Width": 113, "Actual Startup Time": 2659.764, "Actual Total Time": 2659.765, "Actual Rows": 1, "Actual Loops": 1, "Plans": [{"Node Type": "Merge Join", "Parent Relationship": "Outer", "Join Type": "Inner", "Startup Cost": 470923.75, "Total Cost": 499292.59, "Plan Rows": 637886, "Plan Width": 45, "Actual Startup Time": 2572.308, "Actual Total Time": 2659.701, "Actual Rows": 4, "Actual Loops": 1, "Inner Unique": true, "Merge Cond": "(mc.movie_id = t.id)", "Plans": [{"Node Type": "Merge Join", "Parent Relationship": "Outer", "Join Type": "Inner", "Startup Cost": 263593.72, "Total Cost": 277428.1, "Plan Rows": 501180, "Plan Width": 32, "Actual Startup Time": 793.769, "Actual Total Time": 810.896, "Actual Rows": 5, "Actual Loops": 1, "Inner Unique": false, "Merge Cond": "(mi_idx.movie_id = mc.movie_id)", "Plans": [{"Node Type": "Sort", "Parent Relationship": "Outer", "Startup Cost": 53475.44, "Total Cost": 54337.96, "Plan Rows": 345008, "Plan Width": 4, "Actual Startup Time": 0.143, "Actual Total Time": 0.145, "Actual Rows": 10, "Actual Loops": 1, "Sort Key": ["mi_idx.movie_id"], "Sort Method": "quicksort", "Sort Space Used": 25, "Sort Space Type": "Memory", "Plans": [{"Node Type": "Nested Loop", "Parent Relationship": "Outer", "Join Type": "Inner", "Startup Cost": 7502.06, "Total Cost": 21741.14, "Plan Rows": 345008, "Plan Width": 4, "Actual Startup Time": 0.113, "Actual Total Time": 0.122, "Actual Rows": 10, "Actual Loops": 1, "Inner Unique": false, "Plans": [{"Node Type": "Seq Scan", "Parent Relationship": "Outer", "Relation Name": "info_type", "Alias": "it", "Startup Cost": 0.0, "Total Cost": 2.4, "Plan Rows": 1, "Plan Width": 4, "Actual Startup Time": 0.07, "Actual Total Time": 0.074, "Actual Rows": 1, "Actual Loops": 1, "Filter": "((info)::text = 'bottom 10 rank'::text)", "Rows Removed by Filter": 111}, {"Node Type": "Bitmap Heap Scan", "Parent Relationship": "Inner", "Relation Name": "movie_info_idx", "Alias": "mi_idx", "Startup Cost": 7502.06, "Total Cost": 18288.66, "Plan Rows": 345008, "Plan Width": 8, "Actual Startup Time": 0.036, "Actual Total Time": 0.039, "Actual Rows": 10, "Actual Loops": 1, "Recheck Cond": "(info_type_id = it.id), (LLVM Optimized, Jit Execute)", "Rows Removed by Index Recheck": 0, "Exact Heap Blocks": 1, "Lossy Heap Blocks": 1, "Plans": [{"Node Type": "Bitmap Index Scan", "Parent Relationship": "Outer", "Index Name": "info_type_id_movie_info_idx", "Startup Cost": 0.0, "Total Cost": 7415.81, "Plan Rows": 345008, "Plan Width": 0, "Actual Startup Time": 0.018, "Actual Total Time": 0.018, "Actual Rows": 10, "Actual Loops": 1, "Index Cond": "(info_type_id = it.id)"}]}]}]}, {"Node Type": "Sort", "Parent Relationship": "Inner", "Startup Cost": 210118.25, "Total Cost": 213379.54, "Plan Rows": 1304518, "Plan Width": 28, "Actual Startup Time": 777.931, "Actual Total Time": 790.159, "Actual Rows": 132371, "Actual Loops": 1, "Sort Key": ["mc.movie_id"], "Sort Method": "quicksort", "Sort Space Used": 20170, "Sort Space Type": "Memory", "Plans": [{"Node Type": "Nested Loop", "Parent Relationship": "Outer", "Join Type": "Inner", "Startup Cost": 29270.61, "Total Cost": 77611.28, "Plan Rows": 1304518, "Plan Width": 28, "Actual Startup Time": 222.922, "Actual Total Time": 723.889, "Actual Rows": 140904, "Actual Loops": 1, "Inner Unique": false, "Plans": [{"Node Type": "Seq Scan", "Parent Relationship": "Outer", "Relation Name": "company_type", "Alias": "ct", "Startup Cost": 0.0, "Total Cost": 1.04, "Plan Rows": 1, "Plan Width": 4, "Actual Startup Time": 0.007, "Actual Total Time": 0.017, "Actual Rows": 1, "Actual Loops": 1, "Filter": "((kind)::text = 'production companies'::text)", "Rows Removed by Filter": 2}, {"Node Type": "Bitmap Heap Scan", "Parent Relationship": "Inner", "Relation Name": "movie_companies", "Alias": "mc", "Startup Cost": 29270.61, "Total Cost": 64565.07, "Plan Rows": 1304517, "Plan Width": 32, "Actual Startup Time": 222.91, "Actual Total Time": 696.491, "Actual Rows": 140904, "Actual Loops": 1, "Recheck Cond": "(company_type_id = ct.id), (LLVM Optimized, Jit Execute)", "Rows Removed by Index Recheck": 0, "Filter": "((note)::text !~~ '%(as Metro-Goldwyn-Mayer Pictures)%'::text), (LLVM Optimized, Jit Execute)", "Rows Removed by Filter": 1193979, "Exact Heap Blocks": 6196, "Lossy Heap Blocks": 6196, "Plans": [{"Node Type": "Bitmap Index Scan", "Parent Relationship": "Outer", "Index Name": "company_type_id_movie_companies", "Startup Cost": 0.0, "Total Cost": 28944.48, "Plan Rows": 1304564, "Plan Width": 0, "Actual Startup Time": 221.7, "Actual Total Time": 221.7, "Actual Rows": 1334883, "Actual Loops": 1, "Index Cond": "(company_type_id = ct.id)"}]}]}]}]}, {"Node Type": "Sort", "Parent Relationship": "Inner", "Startup Cost": 207329.87, "Total Cost": 210784.59, "Plan Rows": 1381886, "Plan Width": 25, "Actual Startup Time": 1432.083, "Actual Total Time": 1643.223, "Actual Rows": 1289090, "Actual Loops": 1, "Sort Key": ["t.id"], "Sort Method": "quicksort", "Sort Space Used": 186407, "Sort Space Type": "Memory", "Plans": [{"Node Type": "Seq Scan", "Parent Relationship": "Outer", "Relation Name": "title", "Alias": "t", "Startup Cost": 0.0, "Total Cost": 66389.89, "Plan Rows": 1381886, "Plan Width": 25, "Actual Startup Time": 0.041, "Actual Total Time": 833.102, "Actual Rows": 1381453, "Actual Loops": 1, "Filter": "(production_year > 2000), (LLVM Optimized, Jit Execute)", "Rows Removed by Filter": 1146858}]}]}]}, "Triggers": [], "Planner Runtime": 5, "Total Runtime": 2670.205, "Unique SQL Id": 2492542741}}, "(1, 23)": {"explain_plan": {"Plan": {"Node Type": "Aggregate", "Strategy": "Plain", "Startup Cost": 1000017767760.86, "Total Cost": 1000017767760.87, "Plan Rows": 1, "Plan Width": 113, "Plans": [{"Node Type": "Nested Loop", "Parent Relationship": "Outer", "Join Type": "Inner", "Startup Cost": 10000000001.08, "Total Cost": 1000017762976.72, "Plan Rows": 637886, "Plan Width": 45, "Inner Unique": true, "Plans": [{"Node Type": "Nested Loop", "Parent Relationship": "Outer", "Join Type": "Inner", "Startup Cost": 10000000000.81, "Total Cost": 1000015609438.29, "Plan Rows": 501180, "Plan Width": 32, "Inner Unique": true, "Plans": [{"Node Type": "Nested Loop", "Parent Relationship": "Outer", "Join Type": "Inner", "Startup Cost": 10000000000.55, "Total Cost": 1000012058838.99, "Plan Rows": 829046, "Plan Width": 36, "Inner Unique": false, "Plans": [{"Node Type": "Nested Loop", "Parent Relationship": "Outer", "Join Type": "Inner", "Startup Cost": 10000000000.26, "Total Cost": 1000010560383.98, "Plan Rows": 345008, "Plan Width": 4, "Inner Unique": true, "Plans": [{"Node Type": "Index Scan", "Parent Relationship": "Outer", "Scan Direction": "Forward", "Index Name": "movie_id_movie_info_idx", "Relation Name": "movie_info_idx", "Alias": "mi_idx", "Startup Cost": 10000000000.0, "Total Cost": 1000004650035.37, "Plan Rows": 1380034, "Plan Width": 8}, {"Node Type": "Bitmap Heap Scan", "Parent Relationship": "Inner", "Relation Name": "info_type", "Alias": "it", "Startup Cost": 0.26, "Total Cost": 4.27, "Plan Rows": 1, "Plan Width": 4, "Recheck Cond": "(id = mi_idx.info_type_id)", "Filter": "((info)::text = 'bottom 10 rank'::text)", "Plans": [{"Node Type": "Bitmap Index Scan", "Parent Relationship": "Outer", "Index Name": "info_type_pkey", "Startup Cost": 0.0, "Total Cost": 0.26, "Plan Rows": 1, "Plan Width": 0, "Index Cond": "(id = mi_idx.info_type_id)"}]}]}, {"Node Type": "Bitmap Heap Scan", "Parent Relationship": "Inner", "Relation Name": "movie_companies", "Alias": "mc", "Startup Cost": 0.29, "Total Cost": 4.32, "Plan Rows": 2, "Plan Width": 32, "Recheck Cond": "(movie_id = mi_idx.movie_id)", "Filter": "((note)::text !~~ '%(as Metro-Goldwyn-Mayer Pictures)%'::text)", "Plans": [{"Node Type": "Bitmap Index Scan", "Parent Relationship": "Outer", "Index Name": "movie_id_movie_companies", "Startup Cost": 0.0, "Total Cost": 0.29, "Plan Rows": 2, "Plan Width": 0, "Index Cond": "(movie_id = mi_idx.movie_id)"}]}]}, {"Node Type": "Bitmap Heap Scan", "Parent Relationship": "Inner", "Relation Name": "company_type", "Alias": "ct", "Startup Cost": 0.26, "Total Cost": 4.27, "Plan Rows": 1, "Plan Width": 4, "Recheck Cond": "(id = mc.company_type_id)", "Filter": "((kind)::text = 'production companies'::text)", "Plans": [{"Node Type": "Bitmap Index Scan", "Parent Relationship": "Outer", "Index Name": "company_type_pkey", "Startup Cost": 0.0, "Total Cost": 0.26, "Plan Rows": 1, "Plan Width": 0, "Index Cond": "(id = mc.company_type_id)"}]}]}, {"Node Type": "Bitmap Heap Scan", "Parent Relationship": "Inner", "Relation Name": "title", "Alias": "t", "Startup Cost": 0.27, "Total Cost": 4.29, "Plan Rows": 1, "Plan Width": 25, "Recheck Cond": "(id = mc.movie_id)", "Filter": "(production_year > 2000)", "Plans": [{"Node Type": "Bitmap Index Scan", "Parent Relationship": "Outer", "Index Name": "title_pkey", "Startup Cost": 0.0, "Total Cost": 0.27, "Plan Rows": 1, "Plan Width": 0, "Index Cond": "(id = mc.movie_id)"}]}]}]}, "Unique SQL Id": 2492542741, "Planner Runtime": 4}, "explain_analyze_plan": null}, "(1, 24)": {"explain_plan": {"Plan": {"Node Type": "Aggregate", "Strategy": "Plain", "Startup Cost": 346035.32, "Total Cost": 346035.33, "Plan Rows": 1, "Plan Width": 113, "Plans": [{"Node Type": "Merge Join", "Parent Relationship": "Outer", "Join Type": "Inner", "Startup Cost": 2.6, "Total Cost": 341156.13, "Plan Rows": 650559, "Plan Width": 45, "Inner Unique": true, "Merge Cond": "(mc.movie_id = t.id)", "Plans": [{"Node Type": "Nested Loop", "Parent Relationship": "Outer", "Join Type": "Inner", "Startup Cost": 0.0, "Total Cost": 213616.48, "Plan Rows": 501180, "Plan Width": 32, "Inner Unique": true, "Join Filter": "(mc.company_type_id = ct.id), (LLVM Optimized)", "Plans": [{"Node Type": "Nested Loop", "Parent Relationship": "Outer", "Join Type": "Inner", "Startup Cost": 0.0, "Total Cost": 201179.75, "Plan Rows": 829046, "Plan Width": 36, "Inner Unique": false, "Plans": [{"Node Type": "Nested Loop", "Parent Relationship": "Outer", "Join Type": "Inner", "Startup Cost": 0.0, "Total Cost": 67203.27, "Plan Rows": 345008, "Plan Width": 4, "Inner Unique": true, "Join Filter": "(it.id = mi_idx.info_type_id), (LLVM Optimized)", "Plans": [{"Node Type": "Index Scan", "Parent Relationship": "Outer", "Scan Direction": "Forward", "Index Name": "movie_id_movie_info_idx", "Relation Name": "movie_info_idx", "Alias": "mi_idx", "Startup Cost": 0.0, "Total Cost": 46500.35, "Plan Rows": 1380034, "Plan Width": 8}, {"Node Type": "Materialize", "Parent Relationship": "Inner", "Startup Cost": 0.0, "Total Cost": 2.41, "Plan Rows": 1, "Plan Width": 4, "Plans": [{"Node Type": "Seq Scan", "Parent Relationship": "Outer", "Relation Name": "info_type", "Alias": "it", "Startup Cost": 0.0, "Total Cost": 2.4, "Plan Rows": 1, "Plan Width": 4, "Filter": "((info)::text = 'bottom 10 rank'::text)"}]}]}, {"Node Type": "Index Scan", "Parent Relationship": "Inner", "Scan Direction": "Forward", "Index Name": "movie_id_movie_companies", "Relation Name": "movie_companies", "Alias": "mc", "Startup Cost": 0.0, "Total Cost": 0.37, "Plan Rows": 2, "Plan Width": 32, "Index Cond": "(movie_id = mi_idx.movie_id)", "Filter": "((note)::text !~~ '%(as Metro-Goldwyn-Mayer Pictures)%'::text)"}]}, {"Node Type": "Materialize", "Parent Relationship": "Inner", "Startup Cost": 0.0, "Total Cost": 1.04, "Plan Rows": 1, "Plan Width": 4, "Plans": [{"Node Type": "Seq Scan", "Parent Relationship": "Outer", "Relation Name": "company_type", "Alias": "ct", "Startup Cost": 0.0, "Total Cost": 1.04, "Plan Rows": 1, "Plan Width": 4, "Filter": "((kind)::text = 'production companies'::text)"}]}]}, {"Node Type": "Index Scan", "Parent Relationship": "Inner", "Scan Direction": "Forward", "Index Name": "title_pkey", "Relation Name": "title", "Alias": "t", "Startup Cost": 0.0, "Total Cost": 116441.27, "Plan Rows": 1381886, "Plan Width": 25, "Filter": "(production_year > 2000), (LLVM Optimized)"}]}]}, "Unique SQL Id": 2492542741, "Planner Runtime": 6}, "explain_analyze_plan": {"Plan": {"Node Type": "Aggregate", "Strategy": "Plain", "Startup Cost": 346035.32, "Total Cost": 346035.33, "Plan Rows": 1, "Plan Width": 113, "Actual Startup Time": 4236.318, "Actual Total Time": 4236.319, "Actual Rows": 1, "Actual Loops": 1, "Plans": [{"Node Type": "Merge Join", "Parent Relationship": "Outer", "Join Type": "Inner", "Startup Cost": 2.6, "Total Cost": 341156.13, "Plan Rows": 650559, "Plan Width": 45, "Actual Startup Time": 3023.911, "Actual Total Time": 4236.257, "Actual Rows": 4, "Actual Loops": 1, "Inner Unique": true, "Merge Cond": "(mc.movie_id = t.id)", "Plans": [{"Node Type": "Nested Loop", "Parent Relationship": "Outer", "Join Type": "Inner", "Startup Cost": 0.0, "Total Cost": 213616.48, "Plan Rows": 501180, "Plan Width": 32, "Actual Startup Time": 720.219, "Actual Total Time": 1352.637, "Actual Rows": 5, "Actual Loops": 1, "Inner Unique": true, "Join Filter": "(mc.company_type_id = ct.id), (LLVM Optimized, Jit Execute)", "Rows Removed by Join Filter": 95, "Plans": [{"Node Type": "Nested Loop", "Parent Relationship": "Outer", "Join Type": "Inner", "Startup Cost": 0.0, "Total Cost": 201179.75, "Plan Rows": 829046, "Plan Width": 36, "Actual Startup Time": 584.117, "Actual Total Time": 1352.501, "Actual Rows": 100, "Actual Loops": 1, "Inner Unique": false, "Plans": [{"Node Type": "Nested Loop", "Parent Relationship": "Outer", "Join Type": "Inner", "Startup Cost": 0.0, "Total Cost": 67203.27, "Plan Rows": 345008, "Plan Width": 4, "Actual Startup Time": 583.978, "Actual Total Time": 1351.83, "Actual Rows": 10, "Actual Loops": 1, "Inner Unique": true, "Join Filter": "(it.id = mi_idx.info_type_id), (LLVM Optimized, Jit Execute)", "Rows Removed by Join Filter": 1380024, "Plans": [{"Node Type": "Index Scan", "Parent Relationship": "Outer", "Scan Direction": "Forward", "Index Name": "movie_id_movie_info_idx", "Relation Name": "movie_info_idx", "Alias": "mi_idx", "Startup Cost": 0.0, "Total Cost": 46500.35, "Plan Rows": 1380034, "Plan Width": 8, "Actual Startup Time": 0.029, "Actual Total Time": 584.464, "Actual Rows": 1380034, "Actual Loops": 1}, {"Node Type": "Materialize", "Parent Relationship": "Inner", "Startup Cost": 0.0, "Total Cost": 2.41, "Plan Rows": 1, "Plan Width": 4, "Actual Startup Time": 114.728, "Actual Total Time": 228.17, "Actual Rows": 1380034, "Actual Loops": 1380034, "Plans": [{"Node Type": "Seq Scan", "Parent Relationship": "Outer", "Relation Name": "info_type", "Alias": "it", "Startup Cost": 0.0, "Total Cost": 2.4, "Plan Rows": 1, "Plan Width": 4, "Actual Startup Time": 0.064, "Actual Total Time": 0.067, "Actual Rows": 1, "Actual Loops": 1, "Filter": "((info)::text = 'bottom 10 rank'::text)", "Rows Removed by Filter": 111}]}]}, {"Node Type": "Index Scan", "Parent Relationship": "Inner", "Scan Direction": "Forward", "Index Name": "movie_id_movie_companies", "Relation Name": "movie_companies", "Alias": "mc", "Startup Cost": 0.0, "Total Cost": 0.37, "Plan Rows": 2, "Plan Width": 32, "Actual Startup Time": 0.365, "Actual Total Time": 0.503, "Actual Rows": 100, "Actual Loops": 10, "Index Cond": "(movie_id = mi_idx.movie_id)", "Rows Removed by Index Recheck": 0, "Filter": "((note)::text !~~ '%(as Metro-Goldwyn-Mayer Pictures)%'::text)", "Rows Removed by Filter": 20}]}, {"Node Type": "Materialize", "Parent Relationship": "Inner", "Startup Cost": 0.0, "Total Cost": 1.04, "Plan Rows": 1, "Plan Width": 4, "Actual Startup Time": 0.051, "Actual Total Time": 0.062, "Actual Rows": 100, "Actual Loops": 100, "Plans": [{"Node Type": "Seq Scan", "Parent Relationship": "Outer", "Relation Name": "company_type", "Alias": "ct", "Startup Cost": 0.0, "Total Cost": 1.04, "Plan Rows": 1, "Plan Width": 4, "Actual Startup Time": 0.029, "Actual Total Time": 0.032, "Actual Rows": 1, "Actual Loops": 1, "Filter": "((kind)::text = 'production companies'::text)", "Rows Removed by Filter": 2}]}]}, {"Node Type": "Index Scan", "Parent Relationship": "Inner", "Scan Direction": "Forward", "Index Name": "title_pkey", "Relation Name": "title", "Alias": "t", "Startup Cost": 0.0, "Total Cost": 116441.27, "Plan Rows": 1381886, "Plan Width": 25, "Actual Startup Time": 0.04, "Actual Total Time": 2699.835, "Actual Rows": 1289090, "Actual Loops": 1, "Filter": "(production_year > 2000), (LLVM Optimized, Jit Execute)", "Rows Removed by Filter": 1033479}]}]}, "Triggers": [], "Planner Runtime": 6, "Total Runtime": 4246.179, "Unique SQL Id": 2492542741}}, "(1, 25)": {"explain_plan": {"Plan": {"Node Type": "Aggregate", "Strategy": "Plain", "Startup Cost": 346058.39, "Total Cost": 346058.4, "Plan Rows": 1, "Plan Width": 113, "Plans": [{"Node Type": "Merge Join", "Parent Relationship": "Outer", "Join Type": "Inner", "Startup Cost": 2.6, "Total Cost": 341179.2, "Plan Rows": 650559, "Plan Width": 45, "Inner Unique": true, "Merge Cond": "(mc.movie_id = t.id)", "Plans": [{"Node Type": "Nested Loop", "Parent Relationship": "Outer", "Join Type": "Inner", "Startup Cost": 0.0, "Total Cost": 213639.55, "Plan Rows": 501180, "Plan Width": 32, "Inner Unique": true, "Join Filter": "(mc.company_type_id = ct.id), (LLVM Optimized)", "Plans": [{"Node Type": "Nested Loop", "Parent Relationship": "Outer", "Join Type": "Inner", "Startup Cost": 0.0, "Total Cost": 201191.56, "Plan Rows": 829046, "Plan Width": 36, "Inner Unique": false, "Plans": [{"Node Type": "Nested Loop", "Parent Relationship": "Outer", "Join Type": "Inner", "Startup Cost": 0.0, "Total Cost": 67215.08, "Plan Rows": 345008, "Plan Width": 4, "Inner Unique": true, "Join Filter": "(it.id = mi_idx.info_type_id), (LLVM Optimized)", "Plans": [{"Node Type": "Index Scan", "Parent Relationship": "Outer", "Scan Direction": "Forward", "Index Name": "movie_id_movie_info_idx", "Relation Name": "movie_info_idx", "Alias": "mi_idx", "Startup Cost": 0.0, "Total Cost": 46500.35, "Plan Rows": 1380034, "Plan Width": 8}, {"Node Type": "Materialize", "Parent Relationship": "Inner", "Startup Cost": 0.0, "Total Cost": 14.22, "Plan Rows": 1, "Plan Width": 4, "Plans": [{"Node Type": "Index Scan", "Parent Relationship": "Outer", "Scan Direction": "Forward", "Index Name": "info_type_pkey", "Relation Name": "info_type", "Alias": "it", "Startup Cost": 0.0, "Total Cost": 14.21, "Plan Rows": 1, "Plan Width": 4, "Filter": "((info)::text = 'bottom 10 rank'::text)"}]}]}, {"Node Type": "Index Scan", "Parent Relationship": "Inner", "Scan Direction": "Forward", "Index Name": "movie_id_movie_companies", "Relation Name": "movie_companies", "Alias": "mc", "Startup Cost": 0.0, "Total Cost": 0.37, "Plan Rows": 2, "Plan Width": 32, "Index Cond": "(movie_id = mi_idx.movie_id)", "Filter": "((note)::text !~~ '%(as Metro-Goldwyn-Mayer Pictures)%'::text)"}]}, {"Node Type": "Materialize", "Parent Relationship": "Inner", "Startup Cost": 0.0, "Total Cost": 12.31, "Plan Rows": 1, "Plan Width": 4, "Plans": [{"Node Type": "Index Scan", "Parent Relationship": "Outer", "Scan Direction": "Forward", "Index Name": "company_type_pkey", "Relation Name": "company_type", "Alias": "ct", "Startup Cost": 0.0, "Total Cost": 12.3, "Plan Rows": 1, "Plan Width": 4, "Filter": "((kind)::text = 'production companies'::text)"}]}]}, {"Node Type": "Index Scan", "Parent Relationship": "Inner", "Scan Direction": "Forward", "Index Name": "title_pkey", "Relation Name": "title", "Alias": "t", "Startup Cost": 0.0, "Total Cost": 116441.27, "Plan Rows": 1381886, "Plan Width": 25, "Filter": "(production_year > 2000), (LLVM Optimized)"}]}]}, "Unique SQL Id": 2492542741, "Planner Runtime": 6}, "explain_analyze_plan": {"Plan": {"Node Type": "Aggregate", "Strategy": "Plain", "Startup Cost": 346058.39, "Total Cost": 346058.4, "Plan Rows": 1, "Plan Width": 113, "Actual Startup Time": 4474.048, "Actual Total Time": 4474.049, "Actual Rows": 1, "Actual Loops": 1, "Plans": [{"Node Type": "Merge Join", "Parent Relationship": "Outer", "Join Type": "Inner", "Startup Cost": 2.6, "Total Cost": 341179.2, "Plan Rows": 650559, "Plan Width": 45, "Actual Startup Time": 3177.477, "Actual Total Time": 4474.002, "Actual Rows": 4, "Actual Loops": 1, "Inner Unique": true, "Merge Cond": "(mc.movie_id = t.id)", "Plans": [{"Node Type": "Nested Loop", "Parent Relationship": "Outer", "Join Type": "Inner", "Startup Cost": 0.0, "Total Cost": 213639.55, "Plan Rows": 501180, "Plan Width": 32, "Actual Startup Time": 727.787, "Actual Total Time": 1373.646, "Actual Rows": 5, "Actual Loops": 1, "Inner Unique": true, "Join Filter": "(mc.company_type_id = ct.id), (LLVM Optimized, Jit Execute)", "Rows Removed by Join Filter": 95, "Plans": [{"Node Type": "Nested Loop", "Parent Relationship": "Outer", "Join Type": "Inner", "Startup Cost": 0.0, "Total Cost": 201191.56, "Plan Rows": 829046, "Plan Width": 36, "Actual Startup Time": 582.481, "Actual Total Time": 1373.514, "Actual Rows": 100, "Actual Loops": 1, "Inner Unique": false, "Plans": [{"Node Type": "Nested Loop", "Parent Relationship": "Outer", "Join Type": "Inner", "Startup Cost": 0.0, "Total Cost": 67215.08, "Plan Rows": 345008, "Plan Width": 4, "Actual Startup Time": 582.426, "Actual Total Time": 1373.008, "Actual Rows": 10, "Actual Loops": 1, "Inner Unique": true, "Join Filter": "(it.id = mi_idx.info_type_id), (LLVM Optimized, Jit Execute)", "Rows Removed by Join Filter": 1380024, "Plans": [{"Node Type": "Index Scan", "Parent Relationship": "Outer", "Scan Direction": "Forward", "Index Name": "movie_id_movie_info_idx", "Relation Name": "movie_info_idx", "Alias": "mi_idx", "Startup Cost": 0.0, "Total Cost": 46500.35, "Plan Rows": 1380034, "Plan Width": 8, "Actual Startup Time": 0.028, "Actual Total Time": 604.471, "Actual Rows": 1380034, "Actual Loops": 1}, {"Node Type": "Materialize", "Parent Relationship": "Inner", "Startup Cost": 0.0, "Total Cost": 14.22, "Plan Rows": 1, "Plan Width": 4, "Actual Startup Time": 115.589, "Actual Total Time": 228.676, "Actual Rows": 1380034, "Actual Loops": 1380034, "Plans": [{"Node Type": "Index Scan", "Parent Relationship": "Outer", "Scan Direction": "Forward", "Index Name": "info_type_pkey", "Relation Name": "info_type", "Alias": "it", "Startup Cost": 0.0, "Total Cost": 14.21, "Plan Rows": 1, "Plan Width": 4, "Actual Startup Time": 0.068, "Actual Total Time": 0.07, "Actual Rows": 1, "Actual Loops": 1, "Filter": "((info)::text = 'bottom 10 rank'::text)", "Rows Removed by Filter": 111}]}]}, {"Node Type": "Index Scan", "Parent Relationship": "Inner", "Scan Direction": "Forward", "Index Name": "movie_id_movie_companies", "Relation Name": "movie_companies", "Alias": "mc", "Startup Cost": 0.0, "Total Cost": 0.37, "Plan Rows": 2, "Plan Width": 32, "Actual Startup Time": 0.271, "Actual Total Time": 0.414, "Actual Rows": 100, "Actual Loops": 10, "Index Cond": "(movie_id = mi_idx.movie_id)", "Rows Removed by Index Recheck": 0, "Filter": "((note)::text !~~ '%(as Metro-Goldwyn-Mayer Pictures)%'::text)", "Rows Removed by Filter": 20}]}, {"Node Type": "Materialize", "Parent Relationship": "Inner", "Startup Cost": 0.0, "Total Cost": 12.31, "Plan Rows": 1, "Plan Width": 4, "Actual Startup Time": 0.038, "Actual Total Time": 0.05, "Actual Rows": 100, "Actual Loops": 100, "Plans": [{"Node Type": "Index Scan", "Parent Relationship": "Outer", "Scan Direction": "Forward", "Index Name": "company_type_pkey", "Relation Name": "company_type", "Alias": "ct", "Startup Cost": 0.0, "Total Cost": 12.3, "Plan Rows": 1, "Plan Width": 4, "Actual Startup Time": 0.017, "Actual Total Time": 0.02, "Actual Rows": 1, "Actual Loops": 1, "Filter": "((kind)::text = 'production companies'::text)", "Rows Removed by Filter": 2}]}]}, {"Node Type": "Index Scan", "Parent Relationship": "Inner", "Scan Direction": "Forward", "Index Name": "title_pkey", "Relation Name": "title", "Alias": "t", "Startup Cost": 0.0, "Total Cost": 116441.27, "Plan Rows": 1381886, "Plan Width": 25, "Actual Startup Time": 0.065, "Actual Total Time": 2914.904, "Actual Rows": 1289090, "Actual Loops": 1, "Filter": "(production_year > 2000), (LLVM Optimized, Jit Execute)", "Rows Removed by Filter": 1033479}]}]}, "Triggers": [], "Planner Runtime": 6, "Total Runtime": 4483.887, "Unique SQL Id": 2492542741}}, "(1, 26)": {"explain_plan": {"Plan": {"Node Type": "Aggregate", "Strategy": "Plain", "Startup Cost": 523205.56, "Total Cost": 523205.57, "Plan Rows": 1, "Plan Width": 113, "Plans": [{"Node Type": "Merge Join", "Parent Relationship": "Outer", "Join Type": "Inner", "Startup Cost": 490052.57, "Total Cost": 518421.41, "Plan Rows": 637886, "Plan Width": 45, "Inner Unique": true, "Merge Cond": "(mc.movie_id = t.id)", "Plans": [{"Node Type": "Merge Join", "Parent Relationship": "Outer", "Join Type": "Inner", "Startup Cost": 282722.55, "Total Cost": 296556.92, "Plan Rows": 501180, "Plan Width": 32, "Inner Unique": false, "Merge Cond": "(mi_idx.movie_id = mc.movie_id)", "Plans": [{"Node Type": "Sort", "Parent Relationship": "Outer", "Startup Cost": 69261.47, "Total Cost": 70123.99, "Plan Rows": 345008, "Plan Width": 4, "Sort Key": ["mi_idx.movie_id"], "Plans": [{"Node Type": "Nested Loop", "Parent Relationship": "Outer", "Join Type": "Inner", "Startup Cost": 0.0, "Total Cost": 37527.17, "Plan Rows": 345008, "Plan Width": 4, "Inner Unique": false, "Join Filter": "(it.id = mi_idx.info_type_id), (LLVM Optimized)", "Plans": [{"Node Type": "Seq Scan", "Parent Relationship": "Outer", "Relation Name": "info_type", "Alias": "it", "Startup Cost": 0.0, "Total Cost": 2.4, "Plan Rows": 1, "Plan Width": 4, "Filter": "((info)::text = 'bottom 10 rank'::text)"}, {"Node Type": "Seq Scan", "Parent Relationship": "Inner", "Relation Name": "movie_info_idx", "Alias": "mi_idx", "Startup Cost": 0.0, "Total Cost": 20274.34, "Plan Rows": 1380034, "Plan Width": 8}]}]}, {"Node Type": "Sort", "Parent Relationship": "Inner", "Startup Cost": 213461.05, "Total Cost": 216722.34, "Plan Rows": 1304518, "Plan Width": 28, "Sort Key": ["mc.movie_id"], "Plans": [{"Node Type": "Nested Loop", "Parent Relationship": "Outer", "Join Type": "Inner", "Startup Cost": 0.0, "Total Cost": 80954.08, "Plan Rows": 1304518, "Plan Width": 28, "Inner Unique": false, "Join Filter": "(ct.id = mc.company_type_id), (LLVM Optimized)", "Plans": [{"Node Type": "Seq Scan", "Parent Relationship": "Outer", "Relation Name": "company_type", "Alias": "ct", "Startup Cost": 0.0, "Total Cost": 1.04, "Plan Rows": 1, "Plan Width": 4, "Filter": "((kind)::text = 'production companies'::text)"}, {"Node Type": "Seq Scan", "Parent Relationship": "Inner", "Relation Name": "movie_companies", "Alias": "mc", "Startup Cost": 0.0, "Total Cost": 48340.1, "Plan Rows": 2609035, "Plan Width": 32, "Filter": "((note)::text !~~ '%(as Metro-Goldwyn-Mayer Pictures)%'::text), (LLVM Optimized)"}]}]}]}, {"Node Type": "Sort", "Parent Relationship": "Inner", "Startup Cost": 207329.87, "Total Cost": 210784.59, "Plan Rows": 1381886, "Plan Width": 25, "Sort Key": ["t.id"], "Plans": [{"Node Type": "Seq Scan", "Parent Relationship": "Outer", "Relation Name": "title", "Alias": "t", "Startup Cost": 0.0, "Total Cost": 66389.89, "Plan Rows": 1381886, "Plan Width": 25, "Filter": "(production_year > 2000), (LLVM Optimized)"}]}]}]}, "Unique SQL Id": 2492542741, "Planner Runtime": 5}, "explain_analyze_plan": {"Plan": {"Node Type": "Aggregate", "Strategy": "Plain", "Startup Cost": 523205.56, "Total Cost": 523205.57, "Plan Rows": 1, "Plan Width": 113, "Actual Startup Time": 3769.249, "Actual Total Time": 3769.25, "Actual Rows": 1, "Actual Loops": 1, "Plans": [{"Node Type": "Merge Join", "Parent Relationship": "Outer", "Join Type": "Inner", "Startup Cost": 490052.57, "Total Cost": 518421.41, "Plan Rows": 637886, "Plan Width": 45, "Actual Startup Time": 3665.677, "Actual Total Time": 3769.193, "Actual Rows": 4, "Actual Loops": 1, "Inner Unique": true, "Merge Cond": "(mc.movie_id = t.id)", "Plans": [{"Node Type": "Merge Join", "Parent Relationship": "Outer", "Join Type": "Inner", "Startup Cost": 282722.55, "Total Cost": 296556.92, "Plan Rows": 501180, "Plan Width": 32, "Actual Startup Time": 1853.743, "Actual Total Time": 1870.374, "Actual Rows": 5, "Actual Loops": 1, "Inner Unique": false, "Merge Cond": "(mi_idx.movie_id = mc.movie_id)", "Plans": [{"Node Type": "Sort", "Parent Relationship": "Outer", "Startup Cost": 69261.47, "Total Cost": 70123.99, "Plan Rows": 345008, "Plan Width": 4, "Actual Startup Time": 585.432, "Actual Total Time": 585.437, "Actual Rows": 10, "Actual Loops": 1, "Sort Key": ["mi_idx.movie_id"], "Sort Method": "quicksort", "Sort Space Used": 25, "Sort Space Type": "Memory", "Plans": [{"Node Type": "Nested Loop", "Parent Relationship": "Outer", "Join Type": "Inner", "Startup Cost": 0.0, "Total Cost": 37527.17, "Plan Rows": 345008, "Plan Width": 4, "Actual Startup Time": 585.387, "Actual Total Time": 585.403, "Actual Rows": 10, "Actual Loops": 1, "Inner Unique": false, "Join Filter": "(it.id = mi_idx.info_type_id), (LLVM Optimized, Jit Execute)", "Rows Removed by Join Filter": 1380024, "Plans": [{"Node Type": "Seq Scan", "Parent Relationship": "Outer", "Relation Name": "info_type", "Alias": "it", "Startup Cost": 0.0, "Total Cost": 2.4, "Plan Rows": 1, "Plan Width": 4, "Actual Startup Time": 0.067, "Actual Total Time": 0.074, "Actual Rows": 1, "Actual Loops": 1, "Filter": "((info)::text = 'bottom 10 rank'::text)", "Rows Removed by Filter": 111}, {"Node Type": "Seq Scan", "Parent Relationship": "Inner", "Relation Name": "movie_info_idx", "Alias": "mi_idx", "Startup Cost": 0.0, "Total Cost": 20274.34, "Plan Rows": 1380034, "Plan Width": 8, "Actual Startup Time": 0.037, "Actual Total Time": 294.339, "Actual Rows": 1380034, "Actual Loops": 1}]}]}, {"Node Type": "Sort", "Parent Relationship": "Inner", "Startup Cost": 213461.05, "Total Cost": 216722.34, "Plan Rows": 1304518, "Plan Width": 28, "Actual Startup Time": 1251.693, "Actual Total Time": 1264.39, "Actual Rows": 132371, "Actual Loops": 1, "Sort Key": ["mc.movie_id"], "Sort Method": "quicksort", "Sort Space Used": 20170, "Sort Space Type": "Memory", "Plans": [{"Node Type": "Nested Loop", "Parent Relationship": "Outer", "Join Type": "Inner", "Startup Cost": 0.0, "Total Cost": 80954.08, "Plan Rows": 1304518, "Plan Width": 28, "Actual Startup Time": 838.326, "Actual Total Time": 1200.383, "Actual Rows": 140904, "Actual Loops": 1, "Inner Unique": false, "Join Filter": "(ct.id = mc.company_type_id), (LLVM Optimized, Jit Execute)", "Rows Removed by Join Filter": 1196183, "Plans": [{"Node Type": "Seq Scan", "Parent Relationship": "Outer", "Relation Name": "company_type", "Alias": "ct", "Startup Cost": 0.0, "Total Cost": 1.04, "Plan Rows": 1, "Plan Width": 4, "Actual Startup Time": 0.027, "Actual Total Time": 0.035, "Actual Rows": 1, "Actual Loops": 1, "Filter": "((kind)::text = 'production companies'::text)", "Rows Removed by Filter": 2}, {"Node Type": "Seq Scan", "Parent Relationship": "Inner", "Relation Name": "movie_companies", "Alias": "mc", "Startup Cost": 0.0, "Total Cost": 48340.1, "Plan Rows": 2609035, "Plan Width": 32, "Actual Startup Time": 0.048, "Actual Total Time": 930.476, "Actual Rows": 1337087, "Actual Loops": 1, "Filter": "((note)::text !~~ '%(as Metro-Goldwyn-Mayer Pictures)%'::text), (LLVM Optimized, Jit Execute)", "Rows Removed by Filter": 1272041}]}]}]}, {"Node Type": "Sort", "Parent Relationship": "Inner", "Startup Cost": 207329.87, "Total Cost": 210784.59, "Plan Rows": 1381886, "Plan Width": 25, "Actual Startup Time": 1461.422, "Actual Total Time": 1690.473, "Actual Rows": 1289090, "Actual Loops": 1, "Sort Key": ["t.id"], "Sort Method": "quicksort", "Sort Space Used": 186407, "Sort Space Type": "Memory", "Plans": [{"Node Type": "Seq Scan", "Parent Relationship": "Outer", "Relation Name": "title", "Alias": "t", "Startup Cost": 0.0, "Total Cost": 66389.89, "Plan Rows": 1381886, "Plan Width": 25, "Actual Startup Time": 0.046, "Actual Total Time": 855.767, "Actual Rows": 1381453, "Actual Loops": 1, "Filter": "(production_year > 2000), (LLVM Optimized, Jit Execute)", "Rows Removed by Filter": 1146858}]}]}]}, "Triggers": [], "Planner Runtime": 5, "Total Runtime": 3779.323, "Unique SQL Id": 2492542741}}, "(1, 27)": {"explain_plan": {"Plan": {"Node Type": "Aggregate", "Strategy": "Plain", "Startup Cost": 4997226398986.68, "Total Cost": 4997226398986.69, "Plan Rows": 1, "Plan Width": 113, "Plans": [{"Node Type": "Nested Loop", "Parent Relationship": "Outer", "Join Type": "Inner", "Startup Cost": 50027231635.11, "Total Cost": 4997226394202.53, "Plan Rows": 637886, "Plan Width": 45, "Inner Unique": false, "Join Filter": "(mi_idx.info_type_id = it.id), (LLVM Optimized)", "Plans": [{"Node Type": "Index Scan", "Parent Relationship": "Outer", "Scan Direction": "Forward", "Index Name": "info_type_pkey", "Relation Name": "info_type", "Alias": "it", "Startup Cost": 10000000000.0, "Total Cost": 1000000001421.0, "Plan Rows": 1, "Plan Width": 4, "Filter": "((info)::text = 'bottom 10 rank'::text)"}, {"Node Type": "Nested Loop", "Parent Relationship": "Inner", "Join Type": "Inner", "Startup Cost": 40027231635.11, "Total Cost": 3997226360887.19, "Plan Rows": 2551547, "Plan Width": 49, "Inner Unique": false, "Join Filter": "(mc.company_type_id = ct.id), (LLVM Optimized)", "Plans": [{"Node Type": "Index Scan", "Parent Relationship": "Outer", "Scan Direction": "Forward", "Index Name": "company_type_pkey", "Relation Name": "company_type", "Alias": "ct", "Startup Cost": 10000000000.0, "Total Cost": 1000000001230.25, "Plan Rows": 1, "Plan Width": 4, "Filter": "((kind)::text = 'production companies'::text)"}, {"Node Type": "Merge Join", "Parent Relationship": "Inner", "Join Type": "Inner", "Startup Cost": 30027231635.11, "Total Cost": 2997226306897.65, "Plan Rows": 4220744, "Plan Width": 53, "Inner Unique": false, "Merge Cond": "(mi_idx.movie_id = t.id)", "Plans": [{"Node Type": "Index Scan", "Parent Relationship": "Outer", "Scan Direction": "Forward", "Index Name": "movie_id_movie_info_idx", "Relation Name": "movie_info_idx", "Alias": "mi_idx", "Startup Cost": 10000000000.0, "Total Cost": 1000004650035.37, "Plan Rows": 1380034, "Plan Width": 8}, {"Node Type": "Materialize", "Parent Relationship": "Inner", "Startup Cost": 20021492619.09, "Total Cost": 1999076868999.12, "Plan Rows": 3320699, "Plan Width": 57, "Plans": [{"Node Type": "Merge Join", "Parent Relationship": "Outer", "Join Type": "Inner", "Startup Cost": 20021492619.09, "Total Cost": 1999076860697.37, "Plan Rows": 3320699, "Plan Width": 57, "Inner Unique": false, "Merge Cond": "(t.id = mc.movie_id)", "Plans": [{"Node Type": "Index Scan", "Parent Relationship": "Outer", "Scan Direction": "Forward", "Index Name": "title_pkey", "Relation Name": "title", "Alias": "t", "Startup Cost": 10000000000.0, "Total Cost": 1000011644126.66, "Plan Rows": 1381886, "Plan Width": 25, "Filter": "(production_year > 2000), (LLVM Optimized)"}, {"Node Type": "Materialize", "Parent Relationship": "Inner", "Startup Cost": 10000000000.0, "Total Cost": 1000013710750.72, "Plan Rows": 2609035, "Plan Width": 32, "Plans": [{"Node Type": "Index Scan", "Parent Relationship": "Outer", "Scan Direction": "Forward", "Index Name": "movie_id_movie_companies", "Relation Name": "movie_companies", "Alias": "mc", "Startup Cost": 10000000000.0, "Total Cost": 1000013704228.13, "Plan Rows": 2609035, "Plan Width": 32, "Filter": "((note)::text !~~ '%(as Metro-Goldwyn-Mayer Pictures)%'::text), (LLVM Optimized)"}]}]}]}]}]}]}]}, "Unique SQL Id": 2492542741, "Planner Runtime": 9}, "explain_analyze_plan": null}, "(1, 28)": {"explain_plan": {"Plan": {"Node Type": "Aggregate", "Strategy": "Plain", "Startup Cost": 346035.32, "Total Cost": 346035.33, "Plan Rows": 1, "Plan Width": 113, "Plans": [{"Node Type": "Merge Join", "Parent Relationship": "Outer", "Join Type": "Inner", "Startup Cost": 2.6, "Total Cost": 341156.13, "Plan Rows": 650559, "Plan Width": 45, "Inner Unique": true, "Merge Cond": "(mc.movie_id = t.id)", "Plans": [{"Node Type": "Nested Loop", "Parent Relationship": "Outer", "Join Type": "Inner", "Startup Cost": 0.0, "Total Cost": 213616.48, "Plan Rows": 501180, "Plan Width": 32, "Inner Unique": true, "Join Filter": "(mc.company_type_id = ct.id), (LLVM Optimized)", "Plans": [{"Node Type": "Nested Loop", "Parent Relationship": "Outer", "Join Type": "Inner", "Startup Cost": 0.0, "Total Cost": 201179.75, "Plan Rows": 829046, "Plan Width": 36, "Inner Unique": false, "Plans": [{"Node Type": "Nested Loop", "Parent Relationship": "Outer", "Join Type": "Inner", "Startup Cost": 0.0, "Total Cost": 67203.27, "Plan Rows": 345008, "Plan Width": 4, "Inner Unique": true, "Join Filter": "(it.id = mi_idx.info_type_id), (LLVM Optimized)", "Plans": [{"Node Type": "Index Scan", "Parent Relationship": "Outer", "Scan Direction": "Forward", "Index Name": "movie_id_movie_info_idx", "Relation Name": "movie_info_idx", "Alias": "mi_idx", "Startup Cost": 0.0, "Total Cost": 46500.35, "Plan Rows": 1380034, "Plan Width": 8}, {"Node Type": "Materialize", "Parent Relationship": "Inner", "Startup Cost": 0.0, "Total Cost": 2.41, "Plan Rows": 1, "Plan Width": 4, "Plans": [{"Node Type": "Seq Scan", "Parent Relationship": "Outer", "Relation Name": "info_type", "Alias": "it", "Startup Cost": 0.0, "Total Cost": 2.4, "Plan Rows": 1, "Plan Width": 4, "Filter": "((info)::text = 'bottom 10 rank'::text)"}]}]}, {"Node Type": "Index Scan", "Parent Relationship": "Inner", "Scan Direction": "Forward", "Index Name": "movie_id_movie_companies", "Relation Name": "movie_companies", "Alias": "mc", "Startup Cost": 0.0, "Total Cost": 0.37, "Plan Rows": 2, "Plan Width": 32, "Index Cond": "(movie_id = mi_idx.movie_id)", "Filter": "((note)::text !~~ '%(as Metro-Goldwyn-Mayer Pictures)%'::text)"}]}, {"Node Type": "Materialize", "Parent Relationship": "Inner", "Startup Cost": 0.0, "Total Cost": 1.04, "Plan Rows": 1, "Plan Width": 4, "Plans": [{"Node Type": "Seq Scan", "Parent Relationship": "Outer", "Relation Name": "company_type", "Alias": "ct", "Startup Cost": 0.0, "Total Cost": 1.04, "Plan Rows": 1, "Plan Width": 4, "Filter": "((kind)::text = 'production companies'::text)"}]}]}, {"Node Type": "Index Scan", "Parent Relationship": "Inner", "Scan Direction": "Forward", "Index Name": "title_pkey", "Relation Name": "title", "Alias": "t", "Startup Cost": 0.0, "Total Cost": 116441.27, "Plan Rows": 1381886, "Plan Width": 25, "Filter": "(production_year > 2000), (LLVM Optimized)"}]}]}, "Unique SQL Id": 2492542741, "Planner Runtime": 6}, "explain_analyze_plan": {"Plan": {"Node Type": "Aggregate", "Strategy": "Plain", "Startup Cost": 346035.32, "Total Cost": 346035.33, "Plan Rows": 1, "Plan Width": 113, "Actual Startup Time": 4236.318, "Actual Total Time": 4236.319, "Actual Rows": 1, "Actual Loops": 1, "Plans": [{"Node Type": "Merge Join", "Parent Relationship": "Outer", "Join Type": "Inner", "Startup Cost": 2.6, "Total Cost": 341156.13, "Plan Rows": 650559, "Plan Width": 45, "Actual Startup Time": 3023.911, "Actual Total Time": 4236.257, "Actual Rows": 4, "Actual Loops": 1, "Inner Unique": true, "Merge Cond": "(mc.movie_id = t.id)", "Plans": [{"Node Type": "Nested Loop", "Parent Relationship": "Outer", "Join Type": "Inner", "Startup Cost": 0.0, "Total Cost": 213616.48, "Plan Rows": 501180, "Plan Width": 32, "Actual Startup Time": 720.219, "Actual Total Time": 1352.637, "Actual Rows": 5, "Actual Loops": 1, "Inner Unique": true, "Join Filter": "(mc.company_type_id = ct.id), (LLVM Optimized, Jit Execute)", "Rows Removed by Join Filter": 95, "Plans": [{"Node Type": "Nested Loop", "Parent Relationship": "Outer", "Join Type": "Inner", "Startup Cost": 0.0, "Total Cost": 201179.75, "Plan Rows": 829046, "Plan Width": 36, "Actual Startup Time": 584.117, "Actual Total Time": 1352.501, "Actual Rows": 100, "Actual Loops": 1, "Inner Unique": false, "Plans": [{"Node Type": "Nested Loop", "Parent Relationship": "Outer", "Join Type": "Inner", "Startup Cost": 0.0, "Total Cost": 67203.27, "Plan Rows": 345008, "Plan Width": 4, "Actual Startup Time": 583.978, "Actual Total Time": 1351.83, "Actual Rows": 10, "Actual Loops": 1, "Inner Unique": true, "Join Filter": "(it.id = mi_idx.info_type_id), (LLVM Optimized, Jit Execute)", "Rows Removed by Join Filter": 1380024, "Plans": [{"Node Type": "Index Scan", "Parent Relationship": "Outer", "Scan Direction": "Forward", "Index Name": "movie_id_movie_info_idx", "Relation Name": "movie_info_idx", "Alias": "mi_idx", "Startup Cost": 0.0, "Total Cost": 46500.35, "Plan Rows": 1380034, "Plan Width": 8, "Actual Startup Time": 0.029, "Actual Total Time": 584.464, "Actual Rows": 1380034, "Actual Loops": 1}, {"Node Type": "Materialize", "Parent Relationship": "Inner", "Startup Cost": 0.0, "Total Cost": 2.41, "Plan Rows": 1, "Plan Width": 4, "Actual Startup Time": 114.728, "Actual Total Time": 228.17, "Actual Rows": 1380034, "Actual Loops": 1380034, "Plans": [{"Node Type": "Seq Scan", "Parent Relationship": "Outer", "Relation Name": "info_type", "Alias": "it", "Startup Cost": 0.0, "Total Cost": 2.4, "Plan Rows": 1, "Plan Width": 4, "Actual Startup Time": 0.064, "Actual Total Time": 0.067, "Actual Rows": 1, "Actual Loops": 1, "Filter": "((info)::text = 'bottom 10 rank'::text)", "Rows Removed by Filter": 111}]}]}, {"Node Type": "Index Scan", "Parent Relationship": "Inner", "Scan Direction": "Forward", "Index Name": "movie_id_movie_companies", "Relation Name": "movie_companies", "Alias": "mc", "Startup Cost": 0.0, "Total Cost": 0.37, "Plan Rows": 2, "Plan Width": 32, "Actual Startup Time": 0.365, "Actual Total Time": 0.503, "Actual Rows": 100, "Actual Loops": 10, "Index Cond": "(movie_id = mi_idx.movie_id)", "Rows Removed by Index Recheck": 0, "Filter": "((note)::text !~~ '%(as Metro-Goldwyn-Mayer Pictures)%'::text)", "Rows Removed by Filter": 20}]}, {"Node Type": "Materialize", "Parent Relationship": "Inner", "Startup Cost": 0.0, "Total Cost": 1.04, "Plan Rows": 1, "Plan Width": 4, "Actual Startup Time": 0.051, "Actual Total Time": 0.062, "Actual Rows": 100, "Actual Loops": 100, "Plans": [{"Node Type": "Seq Scan", "Parent Relationship": "Outer", "Relation Name": "company_type", "Alias": "ct", "Startup Cost": 0.0, "Total Cost": 1.04, "Plan Rows": 1, "Plan Width": 4, "Actual Startup Time": 0.029, "Actual Total Time": 0.032, "Actual Rows": 1, "Actual Loops": 1, "Filter": "((kind)::text = 'production companies'::text)", "Rows Removed by Filter": 2}]}]}, {"Node Type": "Index Scan", "Parent Relationship": "Inner", "Scan Direction": "Forward", "Index Name": "title_pkey", "Relation Name": "title", "Alias": "t", "Startup Cost": 0.0, "Total Cost": 116441.27, "Plan Rows": 1381886, "Plan Width": 25, "Actual Startup Time": 0.04, "Actual Total Time": 2699.835, "Actual Rows": 1289090, "Actual Loops": 1, "Filter": "(production_year > 2000), (LLVM Optimized, Jit Execute)", "Rows Removed by Filter": 1033479}]}]}, "Triggers": [], "Planner Runtime": 6, "Total Runtime": 4246.179, "Unique SQL Id": 2492542741}}, "(1, 29)": {"explain_plan": {"Plan": {"Node Type": "Aggregate", "Strategy": "Plain", "Startup Cost": 346058.39, "Total Cost": 346058.4, "Plan Rows": 1, "Plan Width": 113, "Plans": [{"Node Type": "Merge Join", "Parent Relationship": "Outer", "Join Type": "Inner", "Startup Cost": 2.6, "Total Cost": 341179.2, "Plan Rows": 650559, "Plan Width": 45, "Inner Unique": true, "Merge Cond": "(mc.movie_id = t.id)", "Plans": [{"Node Type": "Nested Loop", "Parent Relationship": "Outer", "Join Type": "Inner", "Startup Cost": 0.0, "Total Cost": 213639.55, "Plan Rows": 501180, "Plan Width": 32, "Inner Unique": true, "Join Filter": "(mc.company_type_id = ct.id), (LLVM Optimized)", "Plans": [{"Node Type": "Nested Loop", "Parent Relationship": "Outer", "Join Type": "Inner", "Startup Cost": 0.0, "Total Cost": 201191.56, "Plan Rows": 829046, "Plan Width": 36, "Inner Unique": false, "Plans": [{"Node Type": "Nested Loop", "Parent Relationship": "Outer", "Join Type": "Inner", "Startup Cost": 0.0, "Total Cost": 67215.08, "Plan Rows": 345008, "Plan Width": 4, "Inner Unique": true, "Join Filter": "(it.id = mi_idx.info_type_id), (LLVM Optimized)", "Plans": [{"Node Type": "Index Scan", "Parent Relationship": "Outer", "Scan Direction": "Forward", "Index Name": "movie_id_movie_info_idx", "Relation Name": "movie_info_idx", "Alias": "mi_idx", "Startup Cost": 0.0, "Total Cost": 46500.35, "Plan Rows": 1380034, "Plan Width": 8}, {"Node Type": "Materialize", "Parent Relationship": "Inner", "Startup Cost": 0.0, "Total Cost": 14.22, "Plan Rows": 1, "Plan Width": 4, "Plans": [{"Node Type": "Index Scan", "Parent Relationship": "Outer", "Scan Direction": "Forward", "Index Name": "info_type_pkey", "Relation Name": "info_type", "Alias": "it", "Startup Cost": 0.0, "Total Cost": 14.21, "Plan Rows": 1, "Plan Width": 4, "Filter": "((info)::text = 'bottom 10 rank'::text)"}]}]}, {"Node Type": "Index Scan", "Parent Relationship": "Inner", "Scan Direction": "Forward", "Index Name": "movie_id_movie_companies", "Relation Name": "movie_companies", "Alias": "mc", "Startup Cost": 0.0, "Total Cost": 0.37, "Plan Rows": 2, "Plan Width": 32, "Index Cond": "(movie_id = mi_idx.movie_id)", "Filter": "((note)::text !~~ '%(as Metro-Goldwyn-Mayer Pictures)%'::text)"}]}, {"Node Type": "Materialize", "Parent Relationship": "Inner", "Startup Cost": 0.0, "Total Cost": 12.31, "Plan Rows": 1, "Plan Width": 4, "Plans": [{"Node Type": "Index Scan", "Parent Relationship": "Outer", "Scan Direction": "Forward", "Index Name": "company_type_pkey", "Relation Name": "company_type", "Alias": "ct", "Startup Cost": 0.0, "Total Cost": 12.3, "Plan Rows": 1, "Plan Width": 4, "Filter": "((kind)::text = 'production companies'::text)"}]}]}, {"Node Type": "Index Scan", "Parent Relationship": "Inner", "Scan Direction": "Forward", "Index Name": "title_pkey", "Relation Name": "title", "Alias": "t", "Startup Cost": 0.0, "Total Cost": 116441.27, "Plan Rows": 1381886, "Plan Width": 25, "Filter": "(production_year > 2000), (LLVM Optimized)"}]}]}, "Unique SQL Id": 2492542741, "Planner Runtime": 6}, "explain_analyze_plan": {"Plan": {"Node Type": "Aggregate", "Strategy": "Plain", "Startup Cost": 346058.39, "Total Cost": 346058.4, "Plan Rows": 1, "Plan Width": 113, "Actual Startup Time": 4474.048, "Actual Total Time": 4474.049, "Actual Rows": 1, "Actual Loops": 1, "Plans": [{"Node Type": "Merge Join", "Parent Relationship": "Outer", "Join Type": "Inner", "Startup Cost": 2.6, "Total Cost": 341179.2, "Plan Rows": 650559, "Plan Width": 45, "Actual Startup Time": 3177.477, "Actual Total Time": 4474.002, "Actual Rows": 4, "Actual Loops": 1, "Inner Unique": true, "Merge Cond": "(mc.movie_id = t.id)", "Plans": [{"Node Type": "Nested Loop", "Parent Relationship": "Outer", "Join Type": "Inner", "Startup Cost": 0.0, "Total Cost": 213639.55, "Plan Rows": 501180, "Plan Width": 32, "Actual Startup Time": 727.787, "Actual Total Time": 1373.646, "Actual Rows": 5, "Actual Loops": 1, "Inner Unique": true, "Join Filter": "(mc.company_type_id = ct.id), (LLVM Optimized, Jit Execute)", "Rows Removed by Join Filter": 95, "Plans": [{"Node Type": "Nested Loop", "Parent Relationship": "Outer", "Join Type": "Inner", "Startup Cost": 0.0, "Total Cost": 201191.56, "Plan Rows": 829046, "Plan Width": 36, "Actual Startup Time": 582.481, "Actual Total Time": 1373.514, "Actual Rows": 100, "Actual Loops": 1, "Inner Unique": false, "Plans": [{"Node Type": "Nested Loop", "Parent Relationship": "Outer", "Join Type": "Inner", "Startup Cost": 0.0, "Total Cost": 67215.08, "Plan Rows": 345008, "Plan Width": 4, "Actual Startup Time": 582.426, "Actual Total Time": 1373.008, "Actual Rows": 10, "Actual Loops": 1, "Inner Unique": true, "Join Filter": "(it.id = mi_idx.info_type_id), (LLVM Optimized, Jit Execute)", "Rows Removed by Join Filter": 1380024, "Plans": [{"Node Type": "Index Scan", "Parent Relationship": "Outer", "Scan Direction": "Forward", "Index Name": "movie_id_movie_info_idx", "Relation Name": "movie_info_idx", "Alias": "mi_idx", "Startup Cost": 0.0, "Total Cost": 46500.35, "Plan Rows": 1380034, "Plan Width": 8, "Actual Startup Time": 0.028, "Actual Total Time": 604.471, "Actual Rows": 1380034, "Actual Loops": 1}, {"Node Type": "Materialize", "Parent Relationship": "Inner", "Startup Cost": 0.0, "Total Cost": 14.22, "Plan Rows": 1, "Plan Width": 4, "Actual Startup Time": 115.589, "Actual Total Time": 228.676, "Actual Rows": 1380034, "Actual Loops": 1380034, "Plans": [{"Node Type": "Index Scan", "Parent Relationship": "Outer", "Scan Direction": "Forward", "Index Name": "info_type_pkey", "Relation Name": "info_type", "Alias": "it", "Startup Cost": 0.0, "Total Cost": 14.21, "Plan Rows": 1, "Plan Width": 4, "Actual Startup Time": 0.068, "Actual Total Time": 0.07, "Actual Rows": 1, "Actual Loops": 1, "Filter": "((info)::text = 'bottom 10 rank'::text)", "Rows Removed by Filter": 111}]}]}, {"Node Type": "Index Scan", "Parent Relationship": "Inner", "Scan Direction": "Forward", "Index Name": "movie_id_movie_companies", "Relation Name": "movie_companies", "Alias": "mc", "Startup Cost": 0.0, "Total Cost": 0.37, "Plan Rows": 2, "Plan Width": 32, "Actual Startup Time": 0.271, "Actual Total Time": 0.414, "Actual Rows": 100, "Actual Loops": 10, "Index Cond": "(movie_id = mi_idx.movie_id)", "Rows Removed by Index Recheck": 0, "Filter": "((note)::text !~~ '%(as Metro-Goldwyn-Mayer Pictures)%'::text)", "Rows Removed by Filter": 20}]}, {"Node Type": "Materialize", "Parent Relationship": "Inner", "Startup Cost": 0.0, "Total Cost": 12.31, "Plan Rows": 1, "Plan Width": 4, "Actual Startup Time": 0.038, "Actual Total Time": 0.05, "Actual Rows": 100, "Actual Loops": 100, "Plans": [{"Node Type": "Index Scan", "Parent Relationship": "Outer", "Scan Direction": "Forward", "Index Name": "company_type_pkey", "Relation Name": "company_type", "Alias": "ct", "Startup Cost": 0.0, "Total Cost": 12.3, "Plan Rows": 1, "Plan Width": 4, "Actual Startup Time": 0.017, "Actual Total Time": 0.02, "Actual Rows": 1, "Actual Loops": 1, "Filter": "((kind)::text = 'production companies'::text)", "Rows Removed by Filter": 2}]}]}, {"Node Type": "Index Scan", "Parent Relationship": "Inner", "Scan Direction": "Forward", "Index Name": "title_pkey", "Relation Name": "title", "Alias": "t", "Startup Cost": 0.0, "Total Cost": 116441.27, "Plan Rows": 1381886, "Plan Width": 25, "Actual Startup Time": 0.065, "Actual Total Time": 2914.904, "Actual Rows": 1289090, "Actual Loops": 1, "Filter": "(production_year > 2000), (LLVM Optimized, Jit Execute)", "Rows Removed by Filter": 1033479}]}]}, "Triggers": [], "Planner Runtime": 6, "Total Runtime": 4483.887, "Unique SQL Id": 2492542741}}, "(1, 30)": {"explain_plan": {"Plan": {"Node Type": "Aggregate", "Strategy": "Plain", "Startup Cost": 523205.56, "Total Cost": 523205.57, "Plan Rows": 1, "Plan Width": 113, "Plans": [{"Node Type": "Merge Join", "Parent Relationship": "Outer", "Join Type": "Inner", "Startup Cost": 490052.57, "Total Cost": 518421.41, "Plan Rows": 637886, "Plan Width": 45, "Inner Unique": true, "Merge Cond": "(mc.movie_id = t.id)", "Plans": [{"Node Type": "Merge Join", "Parent Relationship": "Outer", "Join Type": "Inner", "Startup Cost": 282722.55, "Total Cost": 296556.92, "Plan Rows": 501180, "Plan Width": 32, "Inner Unique": false, "Merge Cond": "(mi_idx.movie_id = mc.movie_id)", "Plans": [{"Node Type": "Sort", "Parent Relationship": "Outer", "Startup Cost": 69261.47, "Total Cost": 70123.99, "Plan Rows": 345008, "Plan Width": 4, "Sort Key": ["mi_idx.movie_id"], "Plans": [{"Node Type": "Nested Loop", "Parent Relationship": "Outer", "Join Type": "Inner", "Startup Cost": 0.0, "Total Cost": 37527.17, "Plan Rows": 345008, "Plan Width": 4, "Inner Unique": false, "Join Filter": "(it.id = mi_idx.info_type_id), (LLVM Optimized)", "Plans": [{"Node Type": "Seq Scan", "Parent Relationship": "Outer", "Relation Name": "info_type", "Alias": "it", "Startup Cost": 0.0, "Total Cost": 2.4, "Plan Rows": 1, "Plan Width": 4, "Filter": "((info)::text = 'bottom 10 rank'::text)"}, {"Node Type": "Seq Scan", "Parent Relationship": "Inner", "Relation Name": "movie_info_idx", "Alias": "mi_idx", "Startup Cost": 0.0, "Total Cost": 20274.34, "Plan Rows": 1380034, "Plan Width": 8}]}]}, {"Node Type": "Sort", "Parent Relationship": "Inner", "Startup Cost": 213461.05, "Total Cost": 216722.34, "Plan Rows": 1304518, "Plan Width": 28, "Sort Key": ["mc.movie_id"], "Plans": [{"Node Type": "Nested Loop", "Parent Relationship": "Outer", "Join Type": "Inner", "Startup Cost": 0.0, "Total Cost": 80954.08, "Plan Rows": 1304518, "Plan Width": 28, "Inner Unique": false, "Join Filter": "(ct.id = mc.company_type_id), (LLVM Optimized)", "Plans": [{"Node Type": "Seq Scan", "Parent Relationship": "Outer", "Relation Name": "company_type", "Alias": "ct", "Startup Cost": 0.0, "Total Cost": 1.04, "Plan Rows": 1, "Plan Width": 4, "Filter": "((kind)::text = 'production companies'::text)"}, {"Node Type": "Seq Scan", "Parent Relationship": "Inner", "Relation Name": "movie_companies", "Alias": "mc", "Startup Cost": 0.0, "Total Cost": 48340.1, "Plan Rows": 2609035, "Plan Width": 32, "Filter": "((note)::text !~~ '%(as Metro-Goldwyn-Mayer Pictures)%'::text), (LLVM Optimized)"}]}]}]}, {"Node Type": "Sort", "Parent Relationship": "Inner", "Startup Cost": 207329.87, "Total Cost": 210784.59, "Plan Rows": 1381886, "Plan Width": 25, "Sort Key": ["t.id"], "Plans": [{"Node Type": "Seq Scan", "Parent Relationship": "Outer", "Relation Name": "title", "Alias": "t", "Startup Cost": 0.0, "Total Cost": 66389.89, "Plan Rows": 1381886, "Plan Width": 25, "Filter": "(production_year > 2000), (LLVM Optimized)"}]}]}]}, "Unique SQL Id": 2492542741, "Planner Runtime": 5}, "explain_analyze_plan": {"Plan": {"Node Type": "Aggregate", "Strategy": "Plain", "Startup Cost": 523205.56, "Total Cost": 523205.57, "Plan Rows": 1, "Plan Width": 113, "Actual Startup Time": 3769.249, "Actual Total Time": 3769.25, "Actual Rows": 1, "Actual Loops": 1, "Plans": [{"Node Type": "Merge Join", "Parent Relationship": "Outer", "Join Type": "Inner", "Startup Cost": 490052.57, "Total Cost": 518421.41, "Plan Rows": 637886, "Plan Width": 45, "Actual Startup Time": 3665.677, "Actual Total Time": 3769.193, "Actual Rows": 4, "Actual Loops": 1, "Inner Unique": true, "Merge Cond": "(mc.movie_id = t.id)", "Plans": [{"Node Type": "Merge Join", "Parent Relationship": "Outer", "Join Type": "Inner", "Startup Cost": 282722.55, "Total Cost": 296556.92, "Plan Rows": 501180, "Plan Width": 32, "Actual Startup Time": 1853.743, "Actual Total Time": 1870.374, "Actual Rows": 5, "Actual Loops": 1, "Inner Unique": false, "Merge Cond": "(mi_idx.movie_id = mc.movie_id)", "Plans": [{"Node Type": "Sort", "Parent Relationship": "Outer", "Startup Cost": 69261.47, "Total Cost": 70123.99, "Plan Rows": 345008, "Plan Width": 4, "Actual Startup Time": 585.432, "Actual Total Time": 585.437, "Actual Rows": 10, "Actual Loops": 1, "Sort Key": ["mi_idx.movie_id"], "Sort Method": "quicksort", "Sort Space Used": 25, "Sort Space Type": "Memory", "Plans": [{"Node Type": "Nested Loop", "Parent Relationship": "Outer", "Join Type": "Inner", "Startup Cost": 0.0, "Total Cost": 37527.17, "Plan Rows": 345008, "Plan Width": 4, "Actual Startup Time": 585.387, "Actual Total Time": 585.403, "Actual Rows": 10, "Actual Loops": 1, "Inner Unique": false, "Join Filter": "(it.id = mi_idx.info_type_id), (LLVM Optimized, Jit Execute)", "Rows Removed by Join Filter": 1380024, "Plans": [{"Node Type": "Seq Scan", "Parent Relationship": "Outer", "Relation Name": "info_type", "Alias": "it", "Startup Cost": 0.0, "Total Cost": 2.4, "Plan Rows": 1, "Plan Width": 4, "Actual Startup Time": 0.067, "Actual Total Time": 0.074, "Actual Rows": 1, "Actual Loops": 1, "Filter": "((info)::text = 'bottom 10 rank'::text)", "Rows Removed by Filter": 111}, {"Node Type": "Seq Scan", "Parent Relationship": "Inner", "Relation Name": "movie_info_idx", "Alias": "mi_idx", "Startup Cost": 0.0, "Total Cost": 20274.34, "Plan Rows": 1380034, "Plan Width": 8, "Actual Startup Time": 0.037, "Actual Total Time": 294.339, "Actual Rows": 1380034, "Actual Loops": 1}]}]}, {"Node Type": "Sort", "Parent Relationship": "Inner", "Startup Cost": 213461.05, "Total Cost": 216722.34, "Plan Rows": 1304518, "Plan Width": 28, "Actual Startup Time": 1251.693, "Actual Total Time": 1264.39, "Actual Rows": 132371, "Actual Loops": 1, "Sort Key": ["mc.movie_id"], "Sort Method": "quicksort", "Sort Space Used": 20170, "Sort Space Type": "Memory", "Plans": [{"Node Type": "Nested Loop", "Parent Relationship": "Outer", "Join Type": "Inner", "Startup Cost": 0.0, "Total Cost": 80954.08, "Plan Rows": 1304518, "Plan Width": 28, "Actual Startup Time": 838.326, "Actual Total Time": 1200.383, "Actual Rows": 140904, "Actual Loops": 1, "Inner Unique": false, "Join Filter": "(ct.id = mc.company_type_id), (LLVM Optimized, Jit Execute)", "Rows Removed by Join Filter": 1196183, "Plans": [{"Node Type": "Seq Scan", "Parent Relationship": "Outer", "Relation Name": "company_type", "Alias": "ct", "Startup Cost": 0.0, "Total Cost": 1.04, "Plan Rows": 1, "Plan Width": 4, "Actual Startup Time": 0.027, "Actual Total Time": 0.035, "Actual Rows": 1, "Actual Loops": 1, "Filter": "((kind)::text = 'production companies'::text)", "Rows Removed by Filter": 2}, {"Node Type": "Seq Scan", "Parent Relationship": "Inner", "Relation Name": "movie_companies", "Alias": "mc", "Startup Cost": 0.0, "Total Cost": 48340.1, "Plan Rows": 2609035, "Plan Width": 32, "Actual Startup Time": 0.048, "Actual Total Time": 930.476, "Actual Rows": 1337087, "Actual Loops": 1, "Filter": "((note)::text !~~ '%(as Metro-Goldwyn-Mayer Pictures)%'::text), (LLVM Optimized, Jit Execute)", "Rows Removed by Filter": 1272041}]}]}]}, {"Node Type": "Sort", "Parent Relationship": "Inner", "Startup Cost": 207329.87, "Total Cost": 210784.59, "Plan Rows": 1381886, "Plan Width": 25, "Actual Startup Time": 1461.422, "Actual Total Time": 1690.473, "Actual Rows": 1289090, "Actual Loops": 1, "Sort Key": ["t.id"], "Sort Method": "quicksort", "Sort Space Used": 186407, "Sort Space Type": "Memory", "Plans": [{"Node Type": "Seq Scan", "Parent Relationship": "Outer", "Relation Name": "title", "Alias": "t", "Startup Cost": 0.0, "Total Cost": 66389.89, "Plan Rows": 1381886, "Plan Width": 25, "Actual Startup Time": 0.046, "Actual Total Time": 855.767, "Actual Rows": 1381453, "Actual Loops": 1, "Filter": "(production_year > 2000), (LLVM Optimized, Jit Execute)", "Rows Removed by Filter": 1146858}]}]}]}, "Triggers": [], "Planner Runtime": 5, "Total Runtime": 3779.323, "Unique SQL Id": 2492542741}}, "(1, 31)": {"explain_plan": {"Plan": {"Node Type": "Aggregate", "Strategy": "Plain", "Startup Cost": 4997226398986.68, "Total Cost": 4997226398986.69, "Plan Rows": 1, "Plan Width": 113, "Plans": [{"Node Type": "Nested Loop", "Parent Relationship": "Outer", "Join Type": "Inner", "Startup Cost": 50027231635.11, "Total Cost": 4997226394202.53, "Plan Rows": 637886, "Plan Width": 45, "Inner Unique": false, "Join Filter": "(mi_idx.info_type_id = it.id), (LLVM Optimized)", "Plans": [{"Node Type": "Index Scan", "Parent Relationship": "Outer", "Scan Direction": "Forward", "Index Name": "info_type_pkey", "Relation Name": "info_type", "Alias": "it", "Startup Cost": 10000000000.0, "Total Cost": 1000000001421.0, "Plan Rows": 1, "Plan Width": 4, "Filter": "((info)::text = 'bottom 10 rank'::text)"}, {"Node Type": "Nested Loop", "Parent Relationship": "Inner", "Join Type": "Inner", "Startup Cost": 40027231635.11, "Total Cost": 3997226360887.19, "Plan Rows": 2551547, "Plan Width": 49, "Inner Unique": false, "Join Filter": "(mc.company_type_id = ct.id), (LLVM Optimized)", "Plans": [{"Node Type": "Index Scan", "Parent Relationship": "Outer", "Scan Direction": "Forward", "Index Name": "company_type_pkey", "Relation Name": "company_type", "Alias": "ct", "Startup Cost": 10000000000.0, "Total Cost": 1000000001230.25, "Plan Rows": 1, "Plan Width": 4, "Filter": "((kind)::text = 'production companies'::text)"}, {"Node Type": "Merge Join", "Parent Relationship": "Inner", "Join Type": "Inner", "Startup Cost": 30027231635.11, "Total Cost": 2997226306897.65, "Plan Rows": 4220744, "Plan Width": 53, "Inner Unique": false, "Merge Cond": "(mi_idx.movie_id = t.id)", "Plans": [{"Node Type": "Index Scan", "Parent Relationship": "Outer", "Scan Direction": "Forward", "Index Name": "movie_id_movie_info_idx", "Relation Name": "movie_info_idx", "Alias": "mi_idx", "Startup Cost": 10000000000.0, "Total Cost": 1000004650035.37, "Plan Rows": 1380034, "Plan Width": 8}, {"Node Type": "Materialize", "Parent Relationship": "Inner", "Startup Cost": 20021492619.09, "Total Cost": 1999076868999.12, "Plan Rows": 3320699, "Plan Width": 57, "Plans": [{"Node Type": "Merge Join", "Parent Relationship": "Outer", "Join Type": "Inner", "Startup Cost": 20021492619.09, "Total Cost": 1999076860697.37, "Plan Rows": 3320699, "Plan Width": 57, "Inner Unique": false, "Merge Cond": "(t.id = mc.movie_id)", "Plans": [{"Node Type": "Index Scan", "Parent Relationship": "Outer", "Scan Direction": "Forward", "Index Name": "title_pkey", "Relation Name": "title", "Alias": "t", "Startup Cost": 10000000000.0, "Total Cost": 1000011644126.66, "Plan Rows": 1381886, "Plan Width": 25, "Filter": "(production_year > 2000), (LLVM Optimized)"}, {"Node Type": "Materialize", "Parent Relationship": "Inner", "Startup Cost": 10000000000.0, "Total Cost": 1000013710750.72, "Plan Rows": 2609035, "Plan Width": 32, "Plans": [{"Node Type": "Index Scan", "Parent Relationship": "Outer", "Scan Direction": "Forward", "Index Name": "movie_id_movie_companies", "Relation Name": "movie_companies", "Alias": "mc", "Startup Cost": 10000000000.0, "Total Cost": 1000013704228.13, "Plan Rows": 2609035, "Plan Width": 32, "Filter": "((note)::text !~~ '%(as Metro-Goldwyn-Mayer Pictures)%'::text), (LLVM Optimized)"}]}]}]}]}]}]}]}, "Unique SQL Id": 2492542741, "Planner Runtime": 8}, "explain_analyze_plan": null}, "(1, 32)": {"explain_plan": {"Plan": {"Node Type": "Aggregate", "Strategy": "Plain", "Startup Cost": 199127.96, "Total Cost": 199127.97, "Plan Rows": 1, "Plan Width": 113, "Plans": [{"Node Type": "Hash Join", "Parent Relationship": "Outer", "Join Type": "Inner", "Startup Cost": 116775.81, "Total Cost": 194248.77, "Plan Rows": 650559, "Plan Width": 45, "Inner Unique": true, "Hash Cond": "(mc.company_type_id = ct.id), (LLVM Optimized)", "Plans": [{"Node Type": "Hash Join", "Parent Relationship": "Outer", "Join Type": "Inner", "Startup Cost": 116774.76, "Total Cost": 185660.4, "Plan Rows": 1055184, "Plan Width": 49, "Inner Unique": false, "Hash Cond": "(mc.movie_id = t.id), (LLVM Optimized)", "Plans": [{"Node Type": "Seq Scan", "Parent Relationship": "Outer", "Relation Name": "movie_companies", "Alias": "mc", "Startup Cost": 0.0, "Total Cost": 48340.1, "Plan Rows": 2609035, "Plan Width": 32, "Filter": "((note)::text !~~ '%(as Metro-Goldwyn-Mayer Pictures)%'::text), (LLVM Optimized)"}, {"Node Type": "Hash", "Parent Relationship": "Inner", "Startup Cost": 111176.77, "Total Cost": 111176.77, "Plan Rows": 447839, "Plan Width": 29, "Plans": [{"Node Type": "Hash Join", "Parent Relationship": "Outer", "Join Type": "Inner", "Startup Cost": 91165.52, "Total Cost": 111176.77, "Plan Rows": 447839, "Plan Width": 29, "Inner Unique": true, "Hash Cond": "(mi_idx.movie_id = t.id), (LLVM Optimized)", "Plans": [{"Node Type": "Nested Loop", "Parent Relationship": "Outer", "Join Type": "Inner", "Startup Cost": 7502.06, "Total Cost": 21741.14, "Plan Rows": 345008, "Plan Width": 4, "Inner Unique": false, "Plans": [{"Node Type": "Seq Scan", "Parent Relationship": "Outer", "Relation Name": "info_type", "Alias": "it", "Startup Cost": 0.0, "Total Cost": 2.4, "Plan Rows": 1, "Plan Width": 4, "Filter": "((info)::text = 'bottom 10 rank'::text)"}, {"Node Type": "Bitmap Heap Scan", "Parent Relationship": "Inner", "Relation Name": "movie_info_idx", "Alias": "mi_idx", "Startup Cost": 7502.06, "Total Cost": 18288.66, "Plan Rows": 345008, "Plan Width": 8, "Recheck Cond": "(info_type_id = it.id), (LLVM Optimized)", "Plans": [{"Node Type": "Bitmap Index Scan", "Parent Relationship": "Outer", "Index Name": "info_type_id_movie_info_idx", "Startup Cost": 0.0, "Total Cost": 7415.81, "Plan Rows": 345008, "Plan Width": 0, "Index Cond": "(info_type_id = it.id)"}]}]}, {"Node Type": "Hash", "Parent Relationship": "Inner", "Startup Cost": 66389.89, "Total Cost": 66389.89, "Plan Rows": 1381886, "Plan Width": 25, "Plans": [{"Node Type": "Seq Scan", "Parent Relationship": "Outer", "Relation Name": "title", "Alias": "t", "Startup Cost": 0.0, "Total Cost": 66389.89, "Plan Rows": 1381886, "Plan Width": 25, "Filter": "(production_year > 2000), (LLVM Optimized)"}]}]}]}]}, {"Node Type": "Hash", "Parent Relationship": "Inner", "Startup Cost": 1.04, "Total Cost": 1.04, "Plan Rows": 1, "Plan Width": 4, "Plans": [{"Node Type": "Seq Scan", "Parent Relationship": "Outer", "Relation Name": "company_type", "Alias": "ct", "Startup Cost": 0.0, "Total Cost": 1.04, "Plan Rows": 1, "Plan Width": 4, "Filter": "((kind)::text = 'production companies'::text)"}]}]}]}, "Unique SQL Id": 2492542741, "Planner Runtime": 6}, "explain_analyze_plan": {"Plan": {"Node Type": "Aggregate", "Strategy": "Plain", "Startup Cost": 199127.96, "Total Cost": 199127.97, "Plan Rows": 1, "Plan Width": 113, "Actual Startup Time": 2728.625, "Actual Total Time": 2728.626, "Actual Rows": 1, "Actual Loops": 1, "Plans": [{"Node Type": "Hash Join", "Parent Relationship": "Outer", "Join Type": "Inner", "Startup Cost": 116775.81, "Total Cost": 194248.77, "Plan Rows": 650559, "Plan Width": 45, "Actual Startup Time": 2557.909, "Actual Total Time": 2728.582, "Actual Rows": 4, "Actual Loops": 1, "Inner Unique": true, "Hash Cond": "(mc.company_type_id = ct.id), (LLVM Optimized, Jit Execute)", "Plans": [{"Node Type": "Hash Join", "Parent Relationship": "Outer", "Join Type": "Inner", "Startup Cost": 116774.76, "Total Cost": 185660.4, "Plan Rows": 1055184, "Plan Width": 49, "Actual Startup Time": 1875.446, "Actual Total Time": 2728.348, "Actual Rows": 78, "Actual Loops": 1, "Inner Unique": false, "Hash Cond": "(mc.movie_id = t.id), (LLVM Optimized, Jit Execute)", "Plans": [{"Node Type": "Seq Scan", "Parent Relationship": "Outer", "Relation Name": "movie_companies", "Alias": "mc", "Startup Cost": 0.0, "Total Cost": 48340.1, "Plan Rows": 2609035, "Plan Width": 32, "Actual Startup Time": 0.025, "Actual Total Time": 903.429, "Actual Rows": 1337087, "Actual Loops": 1, "Filter": "((note)::text !~~ '%(as Metro-Goldwyn-Mayer Pictures)%'::text), (LLVM Optimized, Jit Execute)", "Rows Removed by Filter": 1272041}, {"Node Type": "Hash", "Parent Relationship": "Inner", "Startup Cost": 111176.77, "Total Cost": 111176.77, "Plan Rows": 447839, "Plan Width": 29, "Actual Startup Time": 1572.575, "Actual Total Time": 1572.575, "Actual Rows": 6, "Actual Loops": 1, "Hash Buckets": 524288, "Hash Batches": 1, "Original Hash Batches": 1, "Peak Memory Usage": 1, "Plans": [{"Node Type": "Hash Join", "Parent Relationship": "Outer", "Join Type": "Inner", "Startup Cost": 91165.52, "Total Cost": 111176.77, "Plan Rows": 447839, "Plan Width": 29, "Actual Startup Time": 1572.527, "Actual Total Time": 1572.562, "Actual Rows": 6, "Actual Loops": 1, "Inner Unique": true, "Hash Cond": "(mi_idx.movie_id = t.id), (LLVM Optimized, Jit Execute)", "Plans": [{"Node Type": "Nested Loop", "Parent Relationship": "Outer", "Join Type": "Inner", "Startup Cost": 7502.06, "Total Cost": 21741.14, "Plan Rows": 345008, "Plan Width": 4, "Actual Startup Time": 0.082, "Actual Total Time": 0.112, "Actual Rows": 10, "Actual Loops": 1, "Inner Unique": false, "Plans": [{"Node Type": "Seq Scan", "Parent Relationship": "Outer", "Relation Name": "info_type", "Alias": "it", "Startup Cost": 0.0, "Total Cost": 2.4, "Plan Rows": 1, "Plan Width": 4, "Actual Startup Time": 0.047, "Actual Total Time": 0.065, "Actual Rows": 1, "Actual Loops": 1, "Filter": "((info)::text = 'bottom 10 rank'::text)", "Rows Removed by Filter": 111}, {"Node Type": "Bitmap Heap Scan", "Parent Relationship": "Inner", "Relation Name": "movie_info_idx", "Alias": "mi_idx", "Startup Cost": 7502.06, "Total Cost": 18288.66, "Plan Rows": 345008, "Plan Width": 8, "Actual Startup Time": 0.028, "Actual Total Time": 0.034, "Actual Rows": 10, "Actual Loops": 1, "Recheck Cond": "(info_type_id = it.id), (LLVM Optimized, Jit Execute)", "Rows Removed by Index Recheck": 0, "Exact Heap Blocks": 1, "Lossy Heap Blocks": 1, "Plans": [{"Node Type": "Bitmap Index Scan", "Parent Relationship": "Outer", "Index Name": "info_type_id_movie_info_idx", "Startup Cost": 0.0, "Total Cost": 7415.81, "Plan Rows": 345008, "Plan Width": 0, "Actual Startup Time": 0.016, "Actual Total Time": 0.016, "Actual Rows": 10, "Actual Loops": 1, "Index Cond": "(info_type_id = it.id)"}]}]}, {"Node Type": "Hash", "Parent Relationship": "Inner", "Startup Cost": 66389.89, "Total Cost": 66389.89, "Plan Rows": 1381886, "Plan Width": 25, "Actual Startup Time": 1571.16, "Actual Total Time": 1571.16, "Actual Rows": 1381453, "Actual Loops": 1, "Hash Buckets": 2097152, "Hash Batches": 1, "Original Hash Batches": 1, "Peak Memory Usage": 79393, "Plans": [{"Node Type": "Seq Scan", "Parent Relationship": "Outer", "Relation Name": "title", "Alias": "t", "Startup Cost": 0.0, "Total Cost": 66389.89, "Plan Rows": 1381886, "Plan Width": 25, "Actual Startup Time": 0.025, "Actual Total Time": 993.497, "Actual Rows": 1381453, "Actual Loops": 1, "Filter": "(production_year > 2000), (LLVM Optimized, Jit Execute)", "Rows Removed by Filter": 1146858}]}]}]}]}, {"Node Type": "Hash", "Parent Relationship": "Inner", "Startup Cost": 1.04, "Total Cost": 1.04, "Plan Rows": 1, "Plan Width": 4, "Actual Startup Time": 0.045, "Actual Total Time": 0.045, "Actual Rows": 1, "Actual Loops": 1, "Hash Buckets": 32768, "Hash Batches": 1, "Original Hash Batches": 1, "Peak Memory Usage": 1, "Plans": [{"Node Type": "Seq Scan", "Parent Relationship": "Outer", "Relation Name": "company_type", "Alias": "ct", "Startup Cost": 0.0, "Total Cost": 1.04, "Plan Rows": 1, "Plan Width": 4, "Actual Startup Time": 0.027, "Actual Total Time": 0.03, "Actual Rows": 1, "Actual Loops": 1, "Filter": "((kind)::text = 'production companies'::text)", "Rows Removed by Filter": 2}]}]}]}, "Triggers": [], "Planner Runtime": 5, "Total Runtime": 2739.215, "Unique SQL Id": 2492542741}}, "(1, 33)": {"explain_plan": {"Plan": {"Node Type": "Aggregate", "Strategy": "Plain", "Startup Cost": 251533.23, "Total Cost": 251533.24, "Plan Rows": 1, "Plan Width": 113, "Plans": [{"Node Type": "Hash Join", "Parent Relationship": "Outer", "Join Type": "Inner", "Startup Cost": 166837.95, "Total Cost": 246654.04, "Plan Rows": 650559, "Plan Width": 45, "Inner Unique": false, "Hash Cond": "(mc.movie_id = t.id), (LLVM Optimized)", "Plans": [{"Node Type": "Nested Loop", "Parent Relationship": "Outer", "Join Type": "Inner", "Startup Cost": 0.0, "Total Cost": 69436.41, "Plan Rows": 1304518, "Plan Width": 28, "Inner Unique": false, "Plans": [{"Node Type": "Index Scan", "Parent Relationship": "Outer", "Scan Direction": "Forward", "Index Name": "company_type_pkey", "Relation Name": "company_type", "Alias": "ct", "Startup Cost": 0.0, "Total Cost": 12.3, "Plan Rows": 1, "Plan Width": 4, "Filter": "((kind)::text = 'production companies'::text)"}, {"Node Type": "Index Scan", "Parent Relationship": "Inner", "Scan Direction": "Forward", "Index Name": "company_type_id_movie_companies", "Relation Name": "movie_companies", "Alias": "mc", "Startup Cost": 0.0, "Total Cost": 56378.94, "Plan Rows": 1304517, "Plan Width": 32, "Index Cond": "(company_type_id = ct.id), (LLVM Optimized)", "Filter": "((note)::text !~~ '%(as Metro-Goldwyn-Mayer Pictures)%'::text), (LLVM Optimized)"}]}, {"Node Type": "Hash", "Parent Relationship": "Inner", "Startup Cost": 161239.96, "Total Cost": 161239.96, "Plan Rows": 447839, "Plan Width": 29, "Plans": [{"Node Type": "Hash Join", "Parent Relationship": "Outer", "Join Type": "Inner", "Startup Cost": 141216.9, "Total Cost": 161239.96, "Plan Rows": 447839, "Plan Width": 29, "Inner Unique": true, "Hash Cond": "(mi_idx.movie_id = t.id), (LLVM Optimized)", "Plans": [{"Node Type": "Nested Loop", "Parent Relationship": "Outer", "Join Type": "Inner", "Startup Cost": 7502.06, "Total Cost": 21752.95, "Plan Rows": 345008, "Plan Width": 4, "Inner Unique": false, "Plans": [{"Node Type": "Index Scan", "Parent Relationship": "Outer", "Scan Direction": "Forward", "Index Name": "info_type_pkey", "Relation Name": "info_type", "Alias": "it", "Startup Cost": 0.0, "Total Cost": 14.21, "Plan Rows": 1, "Plan Width": 4, "Filter": "((info)::text = 'bottom 10 rank'::text)"}, {"Node Type": "Bitmap Heap Scan", "Parent Relationship": "Inner", "Relation Name": "movie_info_idx", "Alias": "mi_idx", "Startup Cost": 7502.06, "Total Cost": 18288.66, "Plan Rows": 345008, "Plan Width": 8, "Recheck Cond": "(info_type_id = it.id), (LLVM Optimized)", "Plans": [{"Node Type": "Bitmap Index Scan", "Parent Relationship": "Outer", "Index Name": "info_type_id_movie_info_idx", "Startup Cost": 0.0, "Total Cost": 7415.81, "Plan Rows": 345008, "Plan Width": 0, "Index Cond": "(info_type_id = it.id)"}]}]}, {"Node Type": "Hash", "Parent Relationship": "Inner", "Startup Cost": 116441.27, "Total Cost": 116441.27, "Plan Rows": 1381886, "Plan Width": 25, "Plans": [{"Node Type": "Index Scan", "Parent Relationship": "Outer", "Scan Direction": "Forward", "Index Name": "title_pkey", "Relation Name": "title", "Alias": "t", "Startup Cost": 0.0, "Total Cost": 116441.27, "Plan Rows": 1381886, "Plan Width": 25, "Filter": "(production_year > 2000), (LLVM Optimized)"}]}]}]}]}]}, "Unique SQL Id": 2492542741, "Planner Runtime": 4}, "explain_analyze_plan": {"Plan": {"Node Type": "Aggregate", "Strategy": "Plain", "Startup Cost": 251533.23, "Total Cost": 251533.24, "Plan Rows": 1, "Plan Width": 113, "Actual Startup Time": 4421.886, "Actual Total Time": 4421.887, "Actual Rows": 1, "Actual Loops": 1, "Plans": [{"Node Type": "Hash Join", "Parent Relationship": "Outer", "Join Type": "Inner", "Startup Cost": 166837.95, "Total Cost": 246654.04, "Plan Rows": 650559, "Plan Width": 45, "Actual Startup Time": 4094.089, "Actual Total Time": 4421.84, "Actual Rows": 4, "Actual Loops": 1, "Inner Unique": false, "Hash Cond": "(mc.movie_id = t.id), (LLVM Optimized, Jit Execute)", "Plans": [{"Node Type": "Nested Loop", "Parent Relationship": "Outer", "Join Type": "Inner", "Startup Cost": 0.0, "Total Cost": 69436.41, "Plan Rows": 1304518, "Plan Width": 28, "Actual Startup Time": 0.108, "Actual Total Time": 638.366, "Actual Rows": 140904, "Actual Loops": 1, "Inner Unique": false, "Plans": [{"Node Type": "Index Scan", "Parent Relationship": "Outer", "Scan Direction": "Forward", "Index Name": "company_type_pkey", "Relation Name": "company_type", "Alias": "ct", "Startup Cost": 0.0, "Total Cost": 12.3, "Plan Rows": 1, "Plan Width": 4, "Actual Startup Time": 0.025, "Actual Total Time": 0.035, "Actual Rows": 1, "Actual Loops": 1, "Filter": "((kind)::text = 'production companies'::text)", "Rows Removed by Filter": 2}, {"Node Type": "Index Scan", "Parent Relationship": "Inner", "Scan Direction": "Forward", "Index Name": "company_type_id_movie_companies", "Relation Name": "movie_companies", "Alias": "mc", "Startup Cost": 0.0, "Total Cost": 56378.94, "Plan Rows": 1304517, "Plan Width": 32, "Actual Startup Time": 0.078, "Actual Total Time": 609.976, "Actual Rows": 140904, "Actual Loops": 1, "Index Cond": "(company_type_id = ct.id), (LLVM Optimized, Jit Execute)", "Rows Removed by Index Recheck": 0, "Filter": "((note)::text !~~ '%(as Metro-Goldwyn-Mayer Pictures)%'::text), (LLVM Optimized, Jit Execute)", "Rows Removed by Filter": 1193979}]}, {"Node Type": "Hash", "Parent Relationship": "Inner", "Startup Cost": 161239.96, "Total Cost": 161239.96, "Plan Rows": 447839, "Plan Width": 29, "Actual Startup Time": 3752.128, "Actual Total Time": 3752.128, "Actual Rows": 6, "Actual Loops": 1, "Hash Buckets": 524288, "Hash Batches": 1, "Original Hash Batches": 1, "Peak Memory Usage": 1, "Plans": [{"Node Type": "Hash Join", "Parent Relationship": "Outer", "Join Type": "Inner", "Startup Cost": 141216.9, "Total Cost": 161239.96, "Plan Rows": 447839, "Plan Width": 29, "Actual Startup Time": 3752.1, "Actual Total Time": 3752.117, "Actual Rows": 6, "Actual Loops": 1, "Inner Unique": true, "Hash Cond": "(mi_idx.movie_id = t.id), (LLVM Optimized, Jit Execute)", "Plans": [{"Node Type": "Nested Loop", "Parent Relationship": "Outer", "Join Type": "Inner", "Startup Cost": 7502.06, "Total Cost": 21752.95, "Plan Rows": 345008, "Plan Width": 4, "Actual Startup Time": 0.094, "Actual Total Time": 0.11, "Actual Rows": 10, "Actual Loops": 1, "Inner Unique": false, "Plans": [{"Node Type": "Index Scan", "Parent Relationship": "Outer", "Scan Direction": "Forward", "Index Name": "info_type_pkey", "Relation Name": "info_type", "Alias": "it", "Startup Cost": 0.0, "Total Cost": 14.21, "Plan Rows": 1, "Plan Width": 4, "Actual Startup Time": 0.061, "Actual Total Time": 0.066, "Actual Rows": 1, "Actual Loops": 1, "Filter": "((info)::text = 'bottom 10 rank'::text)", "Rows Removed by Filter": 111}, {"Node Type": "Bitmap Heap Scan", "Parent Relationship": "Inner", "Relation Name": "movie_info_idx", "Alias": "mi_idx", "Startup Cost": 7502.06, "Total Cost": 18288.66, "Plan Rows": 345008, "Plan Width": 8, "Actual Startup Time": 0.026, "Actual Total Time": 0.032, "Actual Rows": 10, "Actual Loops": 1, "Recheck Cond": "(info_type_id = it.id), (LLVM Optimized, Jit Execute)", "Rows Removed by Index Recheck": 0, "Exact Heap Blocks": 1, "Lossy Heap Blocks": 1, "Plans": [{"Node Type": "Bitmap Index Scan", "Parent Relationship": "Outer", "Index Name": "info_type_id_movie_info_idx", "Startup Cost": 0.0, "Total Cost": 7415.81, "Plan Rows": 345008, "Plan Width": 0, "Actual Startup Time": 0.012, "Actual Total Time": 0.012, "Actual Rows": 10, "Actual Loops": 1, "Index Cond": "(info_type_id = it.id)"}]}]}, {"Node Type": "Hash", "Parent Relationship": "Inner", "Startup Cost": 116441.27, "Total Cost": 116441.27, "Plan Rows": 1381886, "Plan Width": 25, "Actual Startup Time": 3750.712, "Actual Total Time": 3750.712, "Actual Rows": 1381453, "Actual Loops": 1, "Hash Buckets": 2097152, "Hash Batches": 1, "Original Hash Batches": 1, "Peak Memory Usage": 79393, "Plans": [{"Node Type": "Index Scan", "Parent Relationship": "Outer", "Scan Direction": "Forward", "Index Name": "title_pkey", "Relation Name": "title", "Alias": "t", "Startup Cost": 0.0, "Total Cost": 116441.27, "Plan Rows": 1381886, "Plan Width": 25, "Actual Startup Time": 0.027, "Actual Total Time": 3155.74, "Actual Rows": 1381453, "Actual Loops": 1, "Filter": "(production_year > 2000), (LLVM Optimized, Jit Execute)", "Rows Removed by Filter": 1146858}]}]}]}]}]}, "Triggers": [], "Planner Runtime": 4, "Total Runtime": 4432.594, "Unique SQL Id": 2492542741}}, "(1, 34)": {"explain_plan": {"Plan": {"Node Type": "Aggregate", "Strategy": "Plain", "Startup Cost": 199127.96, "Total Cost": 199127.97, "Plan Rows": 1, "Plan Width": 113, "Plans": [{"Node Type": "Hash Join", "Parent Relationship": "Outer", "Join Type": "Inner", "Startup Cost": 116775.81, "Total Cost": 194248.77, "Plan Rows": 650559, "Plan Width": 45, "Inner Unique": true, "Hash Cond": "(mc.company_type_id = ct.id), (LLVM Optimized)", "Plans": [{"Node Type": "Hash Join", "Parent Relationship": "Outer", "Join Type": "Inner", "Startup Cost": 116774.76, "Total Cost": 185660.4, "Plan Rows": 1055184, "Plan Width": 49, "Inner Unique": false, "Hash Cond": "(mc.movie_id = t.id), (LLVM Optimized)", "Plans": [{"Node Type": "Seq Scan", "Parent Relationship": "Outer", "Relation Name": "movie_companies", "Alias": "mc", "Startup Cost": 0.0, "Total Cost": 48340.1, "Plan Rows": 2609035, "Plan Width": 32, "Filter": "((note)::text !~~ '%(as Metro-Goldwyn-Mayer Pictures)%'::text), (LLVM Optimized)"}, {"Node Type": "Hash", "Parent Relationship": "Inner", "Startup Cost": 111176.77, "Total Cost": 111176.77, "Plan Rows": 447839, "Plan Width": 29, "Plans": [{"Node Type": "Hash Join", "Parent Relationship": "Outer", "Join Type": "Inner", "Startup Cost": 91165.52, "Total Cost": 111176.77, "Plan Rows": 447839, "Plan Width": 29, "Inner Unique": true, "Hash Cond": "(mi_idx.movie_id = t.id), (LLVM Optimized)", "Plans": [{"Node Type": "Nested Loop", "Parent Relationship": "Outer", "Join Type": "Inner", "Startup Cost": 7502.06, "Total Cost": 21741.14, "Plan Rows": 345008, "Plan Width": 4, "Inner Unique": false, "Plans": [{"Node Type": "Seq Scan", "Parent Relationship": "Outer", "Relation Name": "info_type", "Alias": "it", "Startup Cost": 0.0, "Total Cost": 2.4, "Plan Rows": 1, "Plan Width": 4, "Filter": "((info)::text = 'bottom 10 rank'::text)"}, {"Node Type": "Bitmap Heap Scan", "Parent Relationship": "Inner", "Relation Name": "movie_info_idx", "Alias": "mi_idx", "Startup Cost": 7502.06, "Total Cost": 18288.66, "Plan Rows": 345008, "Plan Width": 8, "Recheck Cond": "(info_type_id = it.id), (LLVM Optimized)", "Plans": [{"Node Type": "Bitmap Index Scan", "Parent Relationship": "Outer", "Index Name": "info_type_id_movie_info_idx", "Startup Cost": 0.0, "Total Cost": 7415.81, "Plan Rows": 345008, "Plan Width": 0, "Index Cond": "(info_type_id = it.id)"}]}]}, {"Node Type": "Hash", "Parent Relationship": "Inner", "Startup Cost": 66389.89, "Total Cost": 66389.89, "Plan Rows": 1381886, "Plan Width": 25, "Plans": [{"Node Type": "Seq Scan", "Parent Relationship": "Outer", "Relation Name": "title", "Alias": "t", "Startup Cost": 0.0, "Total Cost": 66389.89, "Plan Rows": 1381886, "Plan Width": 25, "Filter": "(production_year > 2000), (LLVM Optimized)"}]}]}]}]}, {"Node Type": "Hash", "Parent Relationship": "Inner", "Startup Cost": 1.04, "Total Cost": 1.04, "Plan Rows": 1, "Plan Width": 4, "Plans": [{"Node Type": "Seq Scan", "Parent Relationship": "Outer", "Relation Name": "company_type", "Alias": "ct", "Startup Cost": 0.0, "Total Cost": 1.04, "Plan Rows": 1, "Plan Width": 4, "Filter": "((kind)::text = 'production companies'::text)"}]}]}]}, "Unique SQL Id": 2492542741, "Planner Runtime": 6}, "explain_analyze_plan": {"Plan": {"Node Type": "Aggregate", "Strategy": "Plain", "Startup Cost": 199127.96, "Total Cost": 199127.97, "Plan Rows": 1, "Plan Width": 113, "Actual Startup Time": 2728.625, "Actual Total Time": 2728.626, "Actual Rows": 1, "Actual Loops": 1, "Plans": [{"Node Type": "Hash Join", "Parent Relationship": "Outer", "Join Type": "Inner", "Startup Cost": 116775.81, "Total Cost": 194248.77, "Plan Rows": 650559, "Plan Width": 45, "Actual Startup Time": 2557.909, "Actual Total Time": 2728.582, "Actual Rows": 4, "Actual Loops": 1, "Inner Unique": true, "Hash Cond": "(mc.company_type_id = ct.id), (LLVM Optimized, Jit Execute)", "Plans": [{"Node Type": "Hash Join", "Parent Relationship": "Outer", "Join Type": "Inner", "Startup Cost": 116774.76, "Total Cost": 185660.4, "Plan Rows": 1055184, "Plan Width": 49, "Actual Startup Time": 1875.446, "Actual Total Time": 2728.348, "Actual Rows": 78, "Actual Loops": 1, "Inner Unique": false, "Hash Cond": "(mc.movie_id = t.id), (LLVM Optimized, Jit Execute)", "Plans": [{"Node Type": "Seq Scan", "Parent Relationship": "Outer", "Relation Name": "movie_companies", "Alias": "mc", "Startup Cost": 0.0, "Total Cost": 48340.1, "Plan Rows": 2609035, "Plan Width": 32, "Actual Startup Time": 0.025, "Actual Total Time": 903.429, "Actual Rows": 1337087, "Actual Loops": 1, "Filter": "((note)::text !~~ '%(as Metro-Goldwyn-Mayer Pictures)%'::text), (LLVM Optimized, Jit Execute)", "Rows Removed by Filter": 1272041}, {"Node Type": "Hash", "Parent Relationship": "Inner", "Startup Cost": 111176.77, "Total Cost": 111176.77, "Plan Rows": 447839, "Plan Width": 29, "Actual Startup Time": 1572.575, "Actual Total Time": 1572.575, "Actual Rows": 6, "Actual Loops": 1, "Hash Buckets": 524288, "Hash Batches": 1, "Original Hash Batches": 1, "Peak Memory Usage": 1, "Plans": [{"Node Type": "Hash Join", "Parent Relationship": "Outer", "Join Type": "Inner", "Startup Cost": 91165.52, "Total Cost": 111176.77, "Plan Rows": 447839, "Plan Width": 29, "Actual Startup Time": 1572.527, "Actual Total Time": 1572.562, "Actual Rows": 6, "Actual Loops": 1, "Inner Unique": true, "Hash Cond": "(mi_idx.movie_id = t.id), (LLVM Optimized, Jit Execute)", "Plans": [{"Node Type": "Nested Loop", "Parent Relationship": "Outer", "Join Type": "Inner", "Startup Cost": 7502.06, "Total Cost": 21741.14, "Plan Rows": 345008, "Plan Width": 4, "Actual Startup Time": 0.082, "Actual Total Time": 0.112, "Actual Rows": 10, "Actual Loops": 1, "Inner Unique": false, "Plans": [{"Node Type": "Seq Scan", "Parent Relationship": "Outer", "Relation Name": "info_type", "Alias": "it", "Startup Cost": 0.0, "Total Cost": 2.4, "Plan Rows": 1, "Plan Width": 4, "Actual Startup Time": 0.047, "Actual Total Time": 0.065, "Actual Rows": 1, "Actual Loops": 1, "Filter": "((info)::text = 'bottom 10 rank'::text)", "Rows Removed by Filter": 111}, {"Node Type": "Bitmap Heap Scan", "Parent Relationship": "Inner", "Relation Name": "movie_info_idx", "Alias": "mi_idx", "Startup Cost": 7502.06, "Total Cost": 18288.66, "Plan Rows": 345008, "Plan Width": 8, "Actual Startup Time": 0.028, "Actual Total Time": 0.034, "Actual Rows": 10, "Actual Loops": 1, "Recheck Cond": "(info_type_id = it.id), (LLVM Optimized, Jit Execute)", "Rows Removed by Index Recheck": 0, "Exact Heap Blocks": 1, "Lossy Heap Blocks": 1, "Plans": [{"Node Type": "Bitmap Index Scan", "Parent Relationship": "Outer", "Index Name": "info_type_id_movie_info_idx", "Startup Cost": 0.0, "Total Cost": 7415.81, "Plan Rows": 345008, "Plan Width": 0, "Actual Startup Time": 0.016, "Actual Total Time": 0.016, "Actual Rows": 10, "Actual Loops": 1, "Index Cond": "(info_type_id = it.id)"}]}]}, {"Node Type": "Hash", "Parent Relationship": "Inner", "Startup Cost": 66389.89, "Total Cost": 66389.89, "Plan Rows": 1381886, "Plan Width": 25, "Actual Startup Time": 1571.16, "Actual Total Time": 1571.16, "Actual Rows": 1381453, "Actual Loops": 1, "Hash Buckets": 2097152, "Hash Batches": 1, "Original Hash Batches": 1, "Peak Memory Usage": 79393, "Plans": [{"Node Type": "Seq Scan", "Parent Relationship": "Outer", "Relation Name": "title", "Alias": "t", "Startup Cost": 0.0, "Total Cost": 66389.89, "Plan Rows": 1381886, "Plan Width": 25, "Actual Startup Time": 0.025, "Actual Total Time": 993.497, "Actual Rows": 1381453, "Actual Loops": 1, "Filter": "(production_year > 2000), (LLVM Optimized, Jit Execute)", "Rows Removed by Filter": 1146858}]}]}]}]}, {"Node Type": "Hash", "Parent Relationship": "Inner", "Startup Cost": 1.04, "Total Cost": 1.04, "Plan Rows": 1, "Plan Width": 4, "Actual Startup Time": 0.045, "Actual Total Time": 0.045, "Actual Rows": 1, "Actual Loops": 1, "Hash Buckets": 32768, "Hash Batches": 1, "Original Hash Batches": 1, "Peak Memory Usage": 1, "Plans": [{"Node Type": "Seq Scan", "Parent Relationship": "Outer", "Relation Name": "company_type", "Alias": "ct", "Startup Cost": 0.0, "Total Cost": 1.04, "Plan Rows": 1, "Plan Width": 4, "Actual Startup Time": 0.027, "Actual Total Time": 0.03, "Actual Rows": 1, "Actual Loops": 1, "Filter": "((kind)::text = 'production companies'::text)", "Rows Removed by Filter": 2}]}]}]}, "Triggers": [], "Planner Runtime": 5, "Total Runtime": 2739.215, "Unique SQL Id": 2492542741}}, "(1, 35)": {"explain_plan": {"Plan": {"Node Type": "Aggregate", "Strategy": "Plain", "Startup Cost": 1000017767760.86, "Total Cost": 1000017767760.87, "Plan Rows": 1, "Plan Width": 113, "Plans": [{"Node Type": "Nested Loop", "Parent Relationship": "Outer", "Join Type": "Inner", "Startup Cost": 10000000001.08, "Total Cost": 1000017762976.72, "Plan Rows": 637886, "Plan Width": 45, "Inner Unique": true, "Plans": [{"Node Type": "Nested Loop", "Parent Relationship": "Outer", "Join Type": "Inner", "Startup Cost": 10000000000.81, "Total Cost": 1000015609438.29, "Plan Rows": 501180, "Plan Width": 32, "Inner Unique": true, "Plans": [{"Node Type": "Nested Loop", "Parent Relationship": "Outer", "Join Type": "Inner", "Startup Cost": 10000000000.55, "Total Cost": 1000012058838.99, "Plan Rows": 829046, "Plan Width": 36, "Inner Unique": false, "Plans": [{"Node Type": "Nested Loop", "Parent Relationship": "Outer", "Join Type": "Inner", "Startup Cost": 10000000000.26, "Total Cost": 1000010560383.98, "Plan Rows": 345008, "Plan Width": 4, "Inner Unique": true, "Plans": [{"Node Type": "Index Scan", "Parent Relationship": "Outer", "Scan Direction": "Forward", "Index Name": "movie_id_movie_info_idx", "Relation Name": "movie_info_idx", "Alias": "mi_idx", "Startup Cost": 10000000000.0, "Total Cost": 1000004650035.37, "Plan Rows": 1380034, "Plan Width": 8}, {"Node Type": "Bitmap Heap Scan", "Parent Relationship": "Inner", "Relation Name": "info_type", "Alias": "it", "Startup Cost": 0.26, "Total Cost": 4.27, "Plan Rows": 1, "Plan Width": 4, "Recheck Cond": "(id = mi_idx.info_type_id)", "Filter": "((info)::text = 'bottom 10 rank'::text)", "Plans": [{"Node Type": "Bitmap Index Scan", "Parent Relationship": "Outer", "Index Name": "info_type_pkey", "Startup Cost": 0.0, "Total Cost": 0.26, "Plan Rows": 1, "Plan Width": 0, "Index Cond": "(id = mi_idx.info_type_id)"}]}]}, {"Node Type": "Bitmap Heap Scan", "Parent Relationship": "Inner", "Relation Name": "movie_companies", "Alias": "mc", "Startup Cost": 0.29, "Total Cost": 4.32, "Plan Rows": 2, "Plan Width": 32, "Recheck Cond": "(movie_id = mi_idx.movie_id)", "Filter": "((note)::text !~~ '%(as Metro-Goldwyn-Mayer Pictures)%'::text)", "Plans": [{"Node Type": "Bitmap Index Scan", "Parent Relationship": "Outer", "Index Name": "movie_id_movie_companies", "Startup Cost": 0.0, "Total Cost": 0.29, "Plan Rows": 2, "Plan Width": 0, "Index Cond": "(movie_id = mi_idx.movie_id)"}]}]}, {"Node Type": "Bitmap Heap Scan", "Parent Relationship": "Inner", "Relation Name": "company_type", "Alias": "ct", "Startup Cost": 0.26, "Total Cost": 4.27, "Plan Rows": 1, "Plan Width": 4, "Recheck Cond": "(id = mc.company_type_id)", "Filter": "((kind)::text = 'production companies'::text)", "Plans": [{"Node Type": "Bitmap Index Scan", "Parent Relationship": "Outer", "Index Name": "company_type_pkey", "Startup Cost": 0.0, "Total Cost": 0.26, "Plan Rows": 1, "Plan Width": 0, "Index Cond": "(id = mc.company_type_id)"}]}]}, {"Node Type": "Bitmap Heap Scan", "Parent Relationship": "Inner", "Relation Name": "title", "Alias": "t", "Startup Cost": 0.27, "Total Cost": 4.29, "Plan Rows": 1, "Plan Width": 25, "Recheck Cond": "(id = mc.movie_id)", "Filter": "(production_year > 2000)", "Plans": [{"Node Type": "Bitmap Index Scan", "Parent Relationship": "Outer", "Index Name": "title_pkey", "Startup Cost": 0.0, "Total Cost": 0.27, "Plan Rows": 1, "Plan Width": 0, "Index Cond": "(id = mc.movie_id)"}]}]}]}, "Unique SQL Id": 2492542741, "Planner Runtime": 2}, "explain_analyze_plan": null}, "(1, 36)": {"explain_plan": {"Plan": {"Node Type": "Aggregate", "Strategy": "Plain", "Startup Cost": 199127.96, "Total Cost": 199127.97, "Plan Rows": 1, "Plan Width": 113, "Plans": [{"Node Type": "Hash Join", "Parent Relationship": "Outer", "Join Type": "Inner", "Startup Cost": 116775.81, "Total Cost": 194248.77, "Plan Rows": 650559, "Plan Width": 45, "Inner Unique": true, "Hash Cond": "(mc.company_type_id = ct.id), (LLVM Optimized)", "Plans": [{"Node Type": "Hash Join", "Parent Relationship": "Outer", "Join Type": "Inner", "Startup Cost": 116774.76, "Total Cost": 185660.4, "Plan Rows": 1055184, "Plan Width": 49, "Inner Unique": false, "Hash Cond": "(mc.movie_id = t.id), (LLVM Optimized)", "Plans": [{"Node Type": "Seq Scan", "Parent Relationship": "Outer", "Relation Name": "movie_companies", "Alias": "mc", "Startup Cost": 0.0, "Total Cost": 48340.1, "Plan Rows": 2609035, "Plan Width": 32, "Filter": "((note)::text !~~ '%(as Metro-Goldwyn-Mayer Pictures)%'::text), (LLVM Optimized)"}, {"Node Type": "Hash", "Parent Relationship": "Inner", "Startup Cost": 111176.77, "Total Cost": 111176.77, "Plan Rows": 447839, "Plan Width": 29, "Plans": [{"Node Type": "Hash Join", "Parent Relationship": "Outer", "Join Type": "Inner", "Startup Cost": 91165.52, "Total Cost": 111176.77, "Plan Rows": 447839, "Plan Width": 29, "Inner Unique": true, "Hash Cond": "(mi_idx.movie_id = t.id), (LLVM Optimized)", "Plans": [{"Node Type": "Nested Loop", "Parent Relationship": "Outer", "Join Type": "Inner", "Startup Cost": 7502.06, "Total Cost": 21741.14, "Plan Rows": 345008, "Plan Width": 4, "Inner Unique": false, "Plans": [{"Node Type": "Seq Scan", "Parent Relationship": "Outer", "Relation Name": "info_type", "Alias": "it", "Startup Cost": 0.0, "Total Cost": 2.4, "Plan Rows": 1, "Plan Width": 4, "Filter": "((info)::text = 'bottom 10 rank'::text)"}, {"Node Type": "Bitmap Heap Scan", "Parent Relationship": "Inner", "Relation Name": "movie_info_idx", "Alias": "mi_idx", "Startup Cost": 7502.06, "Total Cost": 18288.66, "Plan Rows": 345008, "Plan Width": 8, "Recheck Cond": "(info_type_id = it.id), (LLVM Optimized)", "Plans": [{"Node Type": "Bitmap Index Scan", "Parent Relationship": "Outer", "Index Name": "info_type_id_movie_info_idx", "Startup Cost": 0.0, "Total Cost": 7415.81, "Plan Rows": 345008, "Plan Width": 0, "Index Cond": "(info_type_id = it.id)"}]}]}, {"Node Type": "Hash", "Parent Relationship": "Inner", "Startup Cost": 66389.89, "Total Cost": 66389.89, "Plan Rows": 1381886, "Plan Width": 25, "Plans": [{"Node Type": "Seq Scan", "Parent Relationship": "Outer", "Relation Name": "title", "Alias": "t", "Startup Cost": 0.0, "Total Cost": 66389.89, "Plan Rows": 1381886, "Plan Width": 25, "Filter": "(production_year > 2000), (LLVM Optimized)"}]}]}]}]}, {"Node Type": "Hash", "Parent Relationship": "Inner", "Startup Cost": 1.04, "Total Cost": 1.04, "Plan Rows": 1, "Plan Width": 4, "Plans": [{"Node Type": "Seq Scan", "Parent Relationship": "Outer", "Relation Name": "company_type", "Alias": "ct", "Startup Cost": 0.0, "Total Cost": 1.04, "Plan Rows": 1, "Plan Width": 4, "Filter": "((kind)::text = 'production companies'::text)"}]}]}]}, "Unique SQL Id": 2492542741, "Planner Runtime": 6}, "explain_analyze_plan": {"Plan": {"Node Type": "Aggregate", "Strategy": "Plain", "Startup Cost": 199127.96, "Total Cost": 199127.97, "Plan Rows": 1, "Plan Width": 113, "Actual Startup Time": 2728.625, "Actual Total Time": 2728.626, "Actual Rows": 1, "Actual Loops": 1, "Plans": [{"Node Type": "Hash Join", "Parent Relationship": "Outer", "Join Type": "Inner", "Startup Cost": 116775.81, "Total Cost": 194248.77, "Plan Rows": 650559, "Plan Width": 45, "Actual Startup Time": 2557.909, "Actual Total Time": 2728.582, "Actual Rows": 4, "Actual Loops": 1, "Inner Unique": true, "Hash Cond": "(mc.company_type_id = ct.id), (LLVM Optimized, Jit Execute)", "Plans": [{"Node Type": "Hash Join", "Parent Relationship": "Outer", "Join Type": "Inner", "Startup Cost": 116774.76, "Total Cost": 185660.4, "Plan Rows": 1055184, "Plan Width": 49, "Actual Startup Time": 1875.446, "Actual Total Time": 2728.348, "Actual Rows": 78, "Actual Loops": 1, "Inner Unique": false, "Hash Cond": "(mc.movie_id = t.id), (LLVM Optimized, Jit Execute)", "Plans": [{"Node Type": "Seq Scan", "Parent Relationship": "Outer", "Relation Name": "movie_companies", "Alias": "mc", "Startup Cost": 0.0, "Total Cost": 48340.1, "Plan Rows": 2609035, "Plan Width": 32, "Actual Startup Time": 0.025, "Actual Total Time": 903.429, "Actual Rows": 1337087, "Actual Loops": 1, "Filter": "((note)::text !~~ '%(as Metro-Goldwyn-Mayer Pictures)%'::text), (LLVM Optimized, Jit Execute)", "Rows Removed by Filter": 1272041}, {"Node Type": "Hash", "Parent Relationship": "Inner", "Startup Cost": 111176.77, "Total Cost": 111176.77, "Plan Rows": 447839, "Plan Width": 29, "Actual Startup Time": 1572.575, "Actual Total Time": 1572.575, "Actual Rows": 6, "Actual Loops": 1, "Hash Buckets": 524288, "Hash Batches": 1, "Original Hash Batches": 1, "Peak Memory Usage": 1, "Plans": [{"Node Type": "Hash Join", "Parent Relationship": "Outer", "Join Type": "Inner", "Startup Cost": 91165.52, "Total Cost": 111176.77, "Plan Rows": 447839, "Plan Width": 29, "Actual Startup Time": 1572.527, "Actual Total Time": 1572.562, "Actual Rows": 6, "Actual Loops": 1, "Inner Unique": true, "Hash Cond": "(mi_idx.movie_id = t.id), (LLVM Optimized, Jit Execute)", "Plans": [{"Node Type": "Nested Loop", "Parent Relationship": "Outer", "Join Type": "Inner", "Startup Cost": 7502.06, "Total Cost": 21741.14, "Plan Rows": 345008, "Plan Width": 4, "Actual Startup Time": 0.082, "Actual Total Time": 0.112, "Actual Rows": 10, "Actual Loops": 1, "Inner Unique": false, "Plans": [{"Node Type": "Seq Scan", "Parent Relationship": "Outer", "Relation Name": "info_type", "Alias": "it", "Startup Cost": 0.0, "Total Cost": 2.4, "Plan Rows": 1, "Plan Width": 4, "Actual Startup Time": 0.047, "Actual Total Time": 0.065, "Actual Rows": 1, "Actual Loops": 1, "Filter": "((info)::text = 'bottom 10 rank'::text)", "Rows Removed by Filter": 111}, {"Node Type": "Bitmap Heap Scan", "Parent Relationship": "Inner", "Relation Name": "movie_info_idx", "Alias": "mi_idx", "Startup Cost": 7502.06, "Total Cost": 18288.66, "Plan Rows": 345008, "Plan Width": 8, "Actual Startup Time": 0.028, "Actual Total Time": 0.034, "Actual Rows": 10, "Actual Loops": 1, "Recheck Cond": "(info_type_id = it.id), (LLVM Optimized, Jit Execute)", "Rows Removed by Index Recheck": 0, "Exact Heap Blocks": 1, "Lossy Heap Blocks": 1, "Plans": [{"Node Type": "Bitmap Index Scan", "Parent Relationship": "Outer", "Index Name": "info_type_id_movie_info_idx", "Startup Cost": 0.0, "Total Cost": 7415.81, "Plan Rows": 345008, "Plan Width": 0, "Actual Startup Time": 0.016, "Actual Total Time": 0.016, "Actual Rows": 10, "Actual Loops": 1, "Index Cond": "(info_type_id = it.id)"}]}]}, {"Node Type": "Hash", "Parent Relationship": "Inner", "Startup Cost": 66389.89, "Total Cost": 66389.89, "Plan Rows": 1381886, "Plan Width": 25, "Actual Startup Time": 1571.16, "Actual Total Time": 1571.16, "Actual Rows": 1381453, "Actual Loops": 1, "Hash Buckets": 2097152, "Hash Batches": 1, "Original Hash Batches": 1, "Peak Memory Usage": 79393, "Plans": [{"Node Type": "Seq Scan", "Parent Relationship": "Outer", "Relation Name": "title", "Alias": "t", "Startup Cost": 0.0, "Total Cost": 66389.89, "Plan Rows": 1381886, "Plan Width": 25, "Actual Startup Time": 0.025, "Actual Total Time": 993.497, "Actual Rows": 1381453, "Actual Loops": 1, "Filter": "(production_year > 2000), (LLVM Optimized, Jit Execute)", "Rows Removed by Filter": 1146858}]}]}]}]}, {"Node Type": "Hash", "Parent Relationship": "Inner", "Startup Cost": 1.04, "Total Cost": 1.04, "Plan Rows": 1, "Plan Width": 4, "Actual Startup Time": 0.045, "Actual Total Time": 0.045, "Actual Rows": 1, "Actual Loops": 1, "Hash Buckets": 32768, "Hash Batches": 1, "Original Hash Batches": 1, "Peak Memory Usage": 1, "Plans": [{"Node Type": "Seq Scan", "Parent Relationship": "Outer", "Relation Name": "company_type", "Alias": "ct", "Startup Cost": 0.0, "Total Cost": 1.04, "Plan Rows": 1, "Plan Width": 4, "Actual Startup Time": 0.027, "Actual Total Time": 0.03, "Actual Rows": 1, "Actual Loops": 1, "Filter": "((kind)::text = 'production companies'::text)", "Rows Removed by Filter": 2}]}]}]}, "Triggers": [], "Planner Runtime": 5, "Total Runtime": 2739.215, "Unique SQL Id": 2492542741}}, "(1, 37)": {"explain_plan": {"Plan": {"Node Type": "Aggregate", "Strategy": "Plain", "Startup Cost": 251533.23, "Total Cost": 251533.24, "Plan Rows": 1, "Plan Width": 113, "Plans": [{"Node Type": "Hash Join", "Parent Relationship": "Outer", "Join Type": "Inner", "Startup Cost": 166837.95, "Total Cost": 246654.04, "Plan Rows": 650559, "Plan Width": 45, "Inner Unique": false, "Hash Cond": "(mc.movie_id = t.id), (LLVM Optimized)", "Plans": [{"Node Type": "Nested Loop", "Parent Relationship": "Outer", "Join Type": "Inner", "Startup Cost": 0.0, "Total Cost": 69436.41, "Plan Rows": 1304518, "Plan Width": 28, "Inner Unique": false, "Plans": [{"Node Type": "Index Scan", "Parent Relationship": "Outer", "Scan Direction": "Forward", "Index Name": "company_type_pkey", "Relation Name": "company_type", "Alias": "ct", "Startup Cost": 0.0, "Total Cost": 12.3, "Plan Rows": 1, "Plan Width": 4, "Filter": "((kind)::text = 'production companies'::text)"}, {"Node Type": "Index Scan", "Parent Relationship": "Inner", "Scan Direction": "Forward", "Index Name": "company_type_id_movie_companies", "Relation Name": "movie_companies", "Alias": "mc", "Startup Cost": 0.0, "Total Cost": 56378.94, "Plan Rows": 1304517, "Plan Width": 32, "Index Cond": "(company_type_id = ct.id), (LLVM Optimized)", "Filter": "((note)::text !~~ '%(as Metro-Goldwyn-Mayer Pictures)%'::text), (LLVM Optimized)"}]}, {"Node Type": "Hash", "Parent Relationship": "Inner", "Startup Cost": 161239.96, "Total Cost": 161239.96, "Plan Rows": 447839, "Plan Width": 29, "Plans": [{"Node Type": "Hash Join", "Parent Relationship": "Outer", "Join Type": "Inner", "Startup Cost": 141216.9, "Total Cost": 161239.96, "Plan Rows": 447839, "Plan Width": 29, "Inner Unique": true, "Hash Cond": "(mi_idx.movie_id = t.id), (LLVM Optimized)", "Plans": [{"Node Type": "Nested Loop", "Parent Relationship": "Outer", "Join Type": "Inner", "Startup Cost": 7502.06, "Total Cost": 21752.95, "Plan Rows": 345008, "Plan Width": 4, "Inner Unique": false, "Plans": [{"Node Type": "Index Scan", "Parent Relationship": "Outer", "Scan Direction": "Forward", "Index Name": "info_type_pkey", "Relation Name": "info_type", "Alias": "it", "Startup Cost": 0.0, "Total Cost": 14.21, "Plan Rows": 1, "Plan Width": 4, "Filter": "((info)::text = 'bottom 10 rank'::text)"}, {"Node Type": "Bitmap Heap Scan", "Parent Relationship": "Inner", "Relation Name": "movie_info_idx", "Alias": "mi_idx", "Startup Cost": 7502.06, "Total Cost": 18288.66, "Plan Rows": 345008, "Plan Width": 8, "Recheck Cond": "(info_type_id = it.id), (LLVM Optimized)", "Plans": [{"Node Type": "Bitmap Index Scan", "Parent Relationship": "Outer", "Index Name": "info_type_id_movie_info_idx", "Startup Cost": 0.0, "Total Cost": 7415.81, "Plan Rows": 345008, "Plan Width": 0, "Index Cond": "(info_type_id = it.id)"}]}]}, {"Node Type": "Hash", "Parent Relationship": "Inner", "Startup Cost": 116441.27, "Total Cost": 116441.27, "Plan Rows": 1381886, "Plan Width": 25, "Plans": [{"Node Type": "Index Scan", "Parent Relationship": "Outer", "Scan Direction": "Forward", "Index Name": "title_pkey", "Relation Name": "title", "Alias": "t", "Startup Cost": 0.0, "Total Cost": 116441.27, "Plan Rows": 1381886, "Plan Width": 25, "Filter": "(production_year > 2000), (LLVM Optimized)"}]}]}]}]}]}, "Unique SQL Id": 2492542741, "Planner Runtime": 4}, "explain_analyze_plan": {"Plan": {"Node Type": "Aggregate", "Strategy": "Plain", "Startup Cost": 251533.23, "Total Cost": 251533.24, "Plan Rows": 1, "Plan Width": 113, "Actual Startup Time": 4421.886, "Actual Total Time": 4421.887, "Actual Rows": 1, "Actual Loops": 1, "Plans": [{"Node Type": "Hash Join", "Parent Relationship": "Outer", "Join Type": "Inner", "Startup Cost": 166837.95, "Total Cost": 246654.04, "Plan Rows": 650559, "Plan Width": 45, "Actual Startup Time": 4094.089, "Actual Total Time": 4421.84, "Actual Rows": 4, "Actual Loops": 1, "Inner Unique": false, "Hash Cond": "(mc.movie_id = t.id), (LLVM Optimized, Jit Execute)", "Plans": [{"Node Type": "Nested Loop", "Parent Relationship": "Outer", "Join Type": "Inner", "Startup Cost": 0.0, "Total Cost": 69436.41, "Plan Rows": 1304518, "Plan Width": 28, "Actual Startup Time": 0.108, "Actual Total Time": 638.366, "Actual Rows": 140904, "Actual Loops": 1, "Inner Unique": false, "Plans": [{"Node Type": "Index Scan", "Parent Relationship": "Outer", "Scan Direction": "Forward", "Index Name": "company_type_pkey", "Relation Name": "company_type", "Alias": "ct", "Startup Cost": 0.0, "Total Cost": 12.3, "Plan Rows": 1, "Plan Width": 4, "Actual Startup Time": 0.025, "Actual Total Time": 0.035, "Actual Rows": 1, "Actual Loops": 1, "Filter": "((kind)::text = 'production companies'::text)", "Rows Removed by Filter": 2}, {"Node Type": "Index Scan", "Parent Relationship": "Inner", "Scan Direction": "Forward", "Index Name": "company_type_id_movie_companies", "Relation Name": "movie_companies", "Alias": "mc", "Startup Cost": 0.0, "Total Cost": 56378.94, "Plan Rows": 1304517, "Plan Width": 32, "Actual Startup Time": 0.078, "Actual Total Time": 609.976, "Actual Rows": 140904, "Actual Loops": 1, "Index Cond": "(company_type_id = ct.id), (LLVM Optimized, Jit Execute)", "Rows Removed by Index Recheck": 0, "Filter": "((note)::text !~~ '%(as Metro-Goldwyn-Mayer Pictures)%'::text), (LLVM Optimized, Jit Execute)", "Rows Removed by Filter": 1193979}]}, {"Node Type": "Hash", "Parent Relationship": "Inner", "Startup Cost": 161239.96, "Total Cost": 161239.96, "Plan Rows": 447839, "Plan Width": 29, "Actual Startup Time": 3752.128, "Actual Total Time": 3752.128, "Actual Rows": 6, "Actual Loops": 1, "Hash Buckets": 524288, "Hash Batches": 1, "Original Hash Batches": 1, "Peak Memory Usage": 1, "Plans": [{"Node Type": "Hash Join", "Parent Relationship": "Outer", "Join Type": "Inner", "Startup Cost": 141216.9, "Total Cost": 161239.96, "Plan Rows": 447839, "Plan Width": 29, "Actual Startup Time": 3752.1, "Actual Total Time": 3752.117, "Actual Rows": 6, "Actual Loops": 1, "Inner Unique": true, "Hash Cond": "(mi_idx.movie_id = t.id), (LLVM Optimized, Jit Execute)", "Plans": [{"Node Type": "Nested Loop", "Parent Relationship": "Outer", "Join Type": "Inner", "Startup Cost": 7502.06, "Total Cost": 21752.95, "Plan Rows": 345008, "Plan Width": 4, "Actual Startup Time": 0.094, "Actual Total Time": 0.11, "Actual Rows": 10, "Actual Loops": 1, "Inner Unique": false, "Plans": [{"Node Type": "Index Scan", "Parent Relationship": "Outer", "Scan Direction": "Forward", "Index Name": "info_type_pkey", "Relation Name": "info_type", "Alias": "it", "Startup Cost": 0.0, "Total Cost": 14.21, "Plan Rows": 1, "Plan Width": 4, "Actual Startup Time": 0.061, "Actual Total Time": 0.066, "Actual Rows": 1, "Actual Loops": 1, "Filter": "((info)::text = 'bottom 10 rank'::text)", "Rows Removed by Filter": 111}, {"Node Type": "Bitmap Heap Scan", "Parent Relationship": "Inner", "Relation Name": "movie_info_idx", "Alias": "mi_idx", "Startup Cost": 7502.06, "Total Cost": 18288.66, "Plan Rows": 345008, "Plan Width": 8, "Actual Startup Time": 0.026, "Actual Total Time": 0.032, "Actual Rows": 10, "Actual Loops": 1, "Recheck Cond": "(info_type_id = it.id), (LLVM Optimized, Jit Execute)", "Rows Removed by Index Recheck": 0, "Exact Heap Blocks": 1, "Lossy Heap Blocks": 1, "Plans": [{"Node Type": "Bitmap Index Scan", "Parent Relationship": "Outer", "Index Name": "info_type_id_movie_info_idx", "Startup Cost": 0.0, "Total Cost": 7415.81, "Plan Rows": 345008, "Plan Width": 0, "Actual Startup Time": 0.012, "Actual Total Time": 0.012, "Actual Rows": 10, "Actual Loops": 1, "Index Cond": "(info_type_id = it.id)"}]}]}, {"Node Type": "Hash", "Parent Relationship": "Inner", "Startup Cost": 116441.27, "Total Cost": 116441.27, "Plan Rows": 1381886, "Plan Width": 25, "Actual Startup Time": 3750.712, "Actual Total Time": 3750.712, "Actual Rows": 1381453, "Actual Loops": 1, "Hash Buckets": 2097152, "Hash Batches": 1, "Original Hash Batches": 1, "Peak Memory Usage": 79393, "Plans": [{"Node Type": "Index Scan", "Parent Relationship": "Outer", "Scan Direction": "Forward", "Index Name": "title_pkey", "Relation Name": "title", "Alias": "t", "Startup Cost": 0.0, "Total Cost": 116441.27, "Plan Rows": 1381886, "Plan Width": 25, "Actual Startup Time": 0.027, "Actual Total Time": 3155.74, "Actual Rows": 1381453, "Actual Loops": 1, "Filter": "(production_year > 2000), (LLVM Optimized, Jit Execute)", "Rows Removed by Filter": 1146858}]}]}]}]}]}, "Triggers": [], "Planner Runtime": 4, "Total Runtime": 4432.594, "Unique SQL Id": 2492542741}}, "(1, 38)": {"explain_plan": {"Plan": {"Node Type": "Aggregate", "Strategy": "Plain", "Startup Cost": 199127.96, "Total Cost": 199127.97, "Plan Rows": 1, "Plan Width": 113, "Plans": [{"Node Type": "Hash Join", "Parent Relationship": "Outer", "Join Type": "Inner", "Startup Cost": 116775.81, "Total Cost": 194248.77, "Plan Rows": 650559, "Plan Width": 45, "Inner Unique": true, "Hash Cond": "(mc.company_type_id = ct.id), (LLVM Optimized)", "Plans": [{"Node Type": "Hash Join", "Parent Relationship": "Outer", "Join Type": "Inner", "Startup Cost": 116774.76, "Total Cost": 185660.4, "Plan Rows": 1055184, "Plan Width": 49, "Inner Unique": false, "Hash Cond": "(mc.movie_id = t.id), (LLVM Optimized)", "Plans": [{"Node Type": "Seq Scan", "Parent Relationship": "Outer", "Relation Name": "movie_companies", "Alias": "mc", "Startup Cost": 0.0, "Total Cost": 48340.1, "Plan Rows": 2609035, "Plan Width": 32, "Filter": "((note)::text !~~ '%(as Metro-Goldwyn-Mayer Pictures)%'::text), (LLVM Optimized)"}, {"Node Type": "Hash", "Parent Relationship": "Inner", "Startup Cost": 111176.77, "Total Cost": 111176.77, "Plan Rows": 447839, "Plan Width": 29, "Plans": [{"Node Type": "Hash Join", "Parent Relationship": "Outer", "Join Type": "Inner", "Startup Cost": 91165.52, "Total Cost": 111176.77, "Plan Rows": 447839, "Plan Width": 29, "Inner Unique": true, "Hash Cond": "(mi_idx.movie_id = t.id), (LLVM Optimized)", "Plans": [{"Node Type": "Nested Loop", "Parent Relationship": "Outer", "Join Type": "Inner", "Startup Cost": 7502.06, "Total Cost": 21741.14, "Plan Rows": 345008, "Plan Width": 4, "Inner Unique": false, "Plans": [{"Node Type": "Seq Scan", "Parent Relationship": "Outer", "Relation Name": "info_type", "Alias": "it", "Startup Cost": 0.0, "Total Cost": 2.4, "Plan Rows": 1, "Plan Width": 4, "Filter": "((info)::text = 'bottom 10 rank'::text)"}, {"Node Type": "Bitmap Heap Scan", "Parent Relationship": "Inner", "Relation Name": "movie_info_idx", "Alias": "mi_idx", "Startup Cost": 7502.06, "Total Cost": 18288.66, "Plan Rows": 345008, "Plan Width": 8, "Recheck Cond": "(info_type_id = it.id), (LLVM Optimized)", "Plans": [{"Node Type": "Bitmap Index Scan", "Parent Relationship": "Outer", "Index Name": "info_type_id_movie_info_idx", "Startup Cost": 0.0, "Total Cost": 7415.81, "Plan Rows": 345008, "Plan Width": 0, "Index Cond": "(info_type_id = it.id)"}]}]}, {"Node Type": "Hash", "Parent Relationship": "Inner", "Startup Cost": 66389.89, "Total Cost": 66389.89, "Plan Rows": 1381886, "Plan Width": 25, "Plans": [{"Node Type": "Seq Scan", "Parent Relationship": "Outer", "Relation Name": "title", "Alias": "t", "Startup Cost": 0.0, "Total Cost": 66389.89, "Plan Rows": 1381886, "Plan Width": 25, "Filter": "(production_year > 2000), (LLVM Optimized)"}]}]}]}]}, {"Node Type": "Hash", "Parent Relationship": "Inner", "Startup Cost": 1.04, "Total Cost": 1.04, "Plan Rows": 1, "Plan Width": 4, "Plans": [{"Node Type": "Seq Scan", "Parent Relationship": "Outer", "Relation Name": "company_type", "Alias": "ct", "Startup Cost": 0.0, "Total Cost": 1.04, "Plan Rows": 1, "Plan Width": 4, "Filter": "((kind)::text = 'production companies'::text)"}]}]}]}, "Unique SQL Id": 2492542741, "Planner Runtime": 6}, "explain_analyze_plan": {"Plan": {"Node Type": "Aggregate", "Strategy": "Plain", "Startup Cost": 199127.96, "Total Cost": 199127.97, "Plan Rows": 1, "Plan Width": 113, "Actual Startup Time": 2728.625, "Actual Total Time": 2728.626, "Actual Rows": 1, "Actual Loops": 1, "Plans": [{"Node Type": "Hash Join", "Parent Relationship": "Outer", "Join Type": "Inner", "Startup Cost": 116775.81, "Total Cost": 194248.77, "Plan Rows": 650559, "Plan Width": 45, "Actual Startup Time": 2557.909, "Actual Total Time": 2728.582, "Actual Rows": 4, "Actual Loops": 1, "Inner Unique": true, "Hash Cond": "(mc.company_type_id = ct.id), (LLVM Optimized, Jit Execute)", "Plans": [{"Node Type": "Hash Join", "Parent Relationship": "Outer", "Join Type": "Inner", "Startup Cost": 116774.76, "Total Cost": 185660.4, "Plan Rows": 1055184, "Plan Width": 49, "Actual Startup Time": 1875.446, "Actual Total Time": 2728.348, "Actual Rows": 78, "Actual Loops": 1, "Inner Unique": false, "Hash Cond": "(mc.movie_id = t.id), (LLVM Optimized, Jit Execute)", "Plans": [{"Node Type": "Seq Scan", "Parent Relationship": "Outer", "Relation Name": "movie_companies", "Alias": "mc", "Startup Cost": 0.0, "Total Cost": 48340.1, "Plan Rows": 2609035, "Plan Width": 32, "Actual Startup Time": 0.025, "Actual Total Time": 903.429, "Actual Rows": 1337087, "Actual Loops": 1, "Filter": "((note)::text !~~ '%(as Metro-Goldwyn-Mayer Pictures)%'::text), (LLVM Optimized, Jit Execute)", "Rows Removed by Filter": 1272041}, {"Node Type": "Hash", "Parent Relationship": "Inner", "Startup Cost": 111176.77, "Total Cost": 111176.77, "Plan Rows": 447839, "Plan Width": 29, "Actual Startup Time": 1572.575, "Actual Total Time": 1572.575, "Actual Rows": 6, "Actual Loops": 1, "Hash Buckets": 524288, "Hash Batches": 1, "Original Hash Batches": 1, "Peak Memory Usage": 1, "Plans": [{"Node Type": "Hash Join", "Parent Relationship": "Outer", "Join Type": "Inner", "Startup Cost": 91165.52, "Total Cost": 111176.77, "Plan Rows": 447839, "Plan Width": 29, "Actual Startup Time": 1572.527, "Actual Total Time": 1572.562, "Actual Rows": 6, "Actual Loops": 1, "Inner Unique": true, "Hash Cond": "(mi_idx.movie_id = t.id), (LLVM Optimized, Jit Execute)", "Plans": [{"Node Type": "Nested Loop", "Parent Relationship": "Outer", "Join Type": "Inner", "Startup Cost": 7502.06, "Total Cost": 21741.14, "Plan Rows": 345008, "Plan Width": 4, "Actual Startup Time": 0.082, "Actual Total Time": 0.112, "Actual Rows": 10, "Actual Loops": 1, "Inner Unique": false, "Plans": [{"Node Type": "Seq Scan", "Parent Relationship": "Outer", "Relation Name": "info_type", "Alias": "it", "Startup Cost": 0.0, "Total Cost": 2.4, "Plan Rows": 1, "Plan Width": 4, "Actual Startup Time": 0.047, "Actual Total Time": 0.065, "Actual Rows": 1, "Actual Loops": 1, "Filter": "((info)::text = 'bottom 10 rank'::text)", "Rows Removed by Filter": 111}, {"Node Type": "Bitmap Heap Scan", "Parent Relationship": "Inner", "Relation Name": "movie_info_idx", "Alias": "mi_idx", "Startup Cost": 7502.06, "Total Cost": 18288.66, "Plan Rows": 345008, "Plan Width": 8, "Actual Startup Time": 0.028, "Actual Total Time": 0.034, "Actual Rows": 10, "Actual Loops": 1, "Recheck Cond": "(info_type_id = it.id), (LLVM Optimized, Jit Execute)", "Rows Removed by Index Recheck": 0, "Exact Heap Blocks": 1, "Lossy Heap Blocks": 1, "Plans": [{"Node Type": "Bitmap Index Scan", "Parent Relationship": "Outer", "Index Name": "info_type_id_movie_info_idx", "Startup Cost": 0.0, "Total Cost": 7415.81, "Plan Rows": 345008, "Plan Width": 0, "Actual Startup Time": 0.016, "Actual Total Time": 0.016, "Actual Rows": 10, "Actual Loops": 1, "Index Cond": "(info_type_id = it.id)"}]}]}, {"Node Type": "Hash", "Parent Relationship": "Inner", "Startup Cost": 66389.89, "Total Cost": 66389.89, "Plan Rows": 1381886, "Plan Width": 25, "Actual Startup Time": 1571.16, "Actual Total Time": 1571.16, "Actual Rows": 1381453, "Actual Loops": 1, "Hash Buckets": 2097152, "Hash Batches": 1, "Original Hash Batches": 1, "Peak Memory Usage": 79393, "Plans": [{"Node Type": "Seq Scan", "Parent Relationship": "Outer", "Relation Name": "title", "Alias": "t", "Startup Cost": 0.0, "Total Cost": 66389.89, "Plan Rows": 1381886, "Plan Width": 25, "Actual Startup Time": 0.025, "Actual Total Time": 993.497, "Actual Rows": 1381453, "Actual Loops": 1, "Filter": "(production_year > 2000), (LLVM Optimized, Jit Execute)", "Rows Removed by Filter": 1146858}]}]}]}]}, {"Node Type": "Hash", "Parent Relationship": "Inner", "Startup Cost": 1.04, "Total Cost": 1.04, "Plan Rows": 1, "Plan Width": 4, "Actual Startup Time": 0.045, "Actual Total Time": 0.045, "Actual Rows": 1, "Actual Loops": 1, "Hash Buckets": 32768, "Hash Batches": 1, "Original Hash Batches": 1, "Peak Memory Usage": 1, "Plans": [{"Node Type": "Seq Scan", "Parent Relationship": "Outer", "Relation Name": "company_type", "Alias": "ct", "Startup Cost": 0.0, "Total Cost": 1.04, "Plan Rows": 1, "Plan Width": 4, "Actual Startup Time": 0.027, "Actual Total Time": 0.03, "Actual Rows": 1, "Actual Loops": 1, "Filter": "((kind)::text = 'production companies'::text)", "Rows Removed by Filter": 2}]}]}]}, "Triggers": [], "Planner Runtime": 5, "Total Runtime": 2739.215, "Unique SQL Id": 2492542741}}, "(1, 39)": {"explain_plan": {"Plan": {"Node Type": "Aggregate", "Strategy": "Plain", "Startup Cost": 1000017767760.86, "Total Cost": 1000017767760.87, "Plan Rows": 1, "Plan Width": 113, "Plans": [{"Node Type": "Nested Loop", "Parent Relationship": "Outer", "Join Type": "Inner", "Startup Cost": 10000000001.08, "Total Cost": 1000017762976.72, "Plan Rows": 637886, "Plan Width": 45, "Inner Unique": true, "Plans": [{"Node Type": "Nested Loop", "Parent Relationship": "Outer", "Join Type": "Inner", "Startup Cost": 10000000000.81, "Total Cost": 1000015609438.29, "Plan Rows": 501180, "Plan Width": 32, "Inner Unique": true, "Plans": [{"Node Type": "Nested Loop", "Parent Relationship": "Outer", "Join Type": "Inner", "Startup Cost": 10000000000.55, "Total Cost": 1000012058838.99, "Plan Rows": 829046, "Plan Width": 36, "Inner Unique": false, "Plans": [{"Node Type": "Nested Loop", "Parent Relationship": "Outer", "Join Type": "Inner", "Startup Cost": 10000000000.26, "Total Cost": 1000010560383.98, "Plan Rows": 345008, "Plan Width": 4, "Inner Unique": true, "Plans": [{"Node Type": "Index Scan", "Parent Relationship": "Outer", "Scan Direction": "Forward", "Index Name": "movie_id_movie_info_idx", "Relation Name": "movie_info_idx", "Alias": "mi_idx", "Startup Cost": 10000000000.0, "Total Cost": 1000004650035.37, "Plan Rows": 1380034, "Plan Width": 8}, {"Node Type": "Bitmap Heap Scan", "Parent Relationship": "Inner", "Relation Name": "info_type", "Alias": "it", "Startup Cost": 0.26, "Total Cost": 4.27, "Plan Rows": 1, "Plan Width": 4, "Recheck Cond": "(id = mi_idx.info_type_id)", "Filter": "((info)::text = 'bottom 10 rank'::text)", "Plans": [{"Node Type": "Bitmap Index Scan", "Parent Relationship": "Outer", "Index Name": "info_type_pkey", "Startup Cost": 0.0, "Total Cost": 0.26, "Plan Rows": 1, "Plan Width": 0, "Index Cond": "(id = mi_idx.info_type_id)"}]}]}, {"Node Type": "Bitmap Heap Scan", "Parent Relationship": "Inner", "Relation Name": "movie_companies", "Alias": "mc", "Startup Cost": 0.29, "Total Cost": 4.32, "Plan Rows": 2, "Plan Width": 32, "Recheck Cond": "(movie_id = mi_idx.movie_id)", "Filter": "((note)::text !~~ '%(as Metro-Goldwyn-Mayer Pictures)%'::text)", "Plans": [{"Node Type": "Bitmap Index Scan", "Parent Relationship": "Outer", "Index Name": "movie_id_movie_companies", "Startup Cost": 0.0, "Total Cost": 0.29, "Plan Rows": 2, "Plan Width": 0, "Index Cond": "(movie_id = mi_idx.movie_id)"}]}]}, {"Node Type": "Bitmap Heap Scan", "Parent Relationship": "Inner", "Relation Name": "company_type", "Alias": "ct", "Startup Cost": 0.26, "Total Cost": 4.27, "Plan Rows": 1, "Plan Width": 4, "Recheck Cond": "(id = mc.company_type_id)", "Filter": "((kind)::text = 'production companies'::text)", "Plans": [{"Node Type": "Bitmap Index Scan", "Parent Relationship": "Outer", "Index Name": "company_type_pkey", "Startup Cost": 0.0, "Total Cost": 0.26, "Plan Rows": 1, "Plan Width": 0, "Index Cond": "(id = mc.company_type_id)"}]}]}, {"Node Type": "Bitmap Heap Scan", "Parent Relationship": "Inner", "Relation Name": "title", "Alias": "t", "Startup Cost": 0.27, "Total Cost": 4.29, "Plan Rows": 1, "Plan Width": 25, "Recheck Cond": "(id = mc.movie_id)", "Filter": "(production_year > 2000)", "Plans": [{"Node Type": "Bitmap Index Scan", "Parent Relationship": "Outer", "Index Name": "title_pkey", "Startup Cost": 0.0, "Total Cost": 0.27, "Plan Rows": 1, "Plan Width": 0, "Index Cond": "(id = mc.movie_id)"}]}]}]}, "Unique SQL Id": 2492542741, "Planner Runtime": 2}, "explain_analyze_plan": null}, "(1, 40)": {"explain_plan": {"Plan": {"Node Type": "Aggregate", "Strategy": "Plain", "Startup Cost": 204572.36, "Total Cost": 204572.37, "Plan Rows": 1, "Plan Width": 113, "Plans": [{"Node Type": "Hash Join", "Parent Relationship": "Outer", "Join Type": "Inner", "Startup Cost": 122220.21, "Total Cost": 199693.17, "Plan Rows": 650559, "Plan Width": 45, "Inner Unique": true, "Hash Cond": "(mc.company_type_id = ct.id), (LLVM Optimized)", "Plans": [{"Node Type": "Hash Join", "Parent Relationship": "Outer", "Join Type": "Inner", "Startup Cost": 122219.16, "Total Cost": 191104.8, "Plan Rows": 1055184, "Plan Width": 49, "Inner Unique": false, "Hash Cond": "(mc.movie_id = t.id), (LLVM Optimized)", "Plans": [{"Node Type": "Seq Scan", "Parent Relationship": "Outer", "Relation Name": "movie_companies", "Alias": "mc", "Startup Cost": 0.0, "Total Cost": 48340.1, "Plan Rows": 2609035, "Plan Width": 32, "Filter": "((note)::text !~~ '%(as Metro-Goldwyn-Mayer Pictures)%'::text), (LLVM Optimized)"}, {"Node Type": "Hash", "Parent Relationship": "Inner", "Startup Cost": 116621.17, "Total Cost": 116621.17, "Plan Rows": 447839, "Plan Width": 29, "Plans": [{"Node Type": "Hash Join", "Parent Relationship": "Outer", "Join Type": "Inner", "Startup Cost": 83665.88, "Total Cost": 116621.17, "Plan Rows": 447839, "Plan Width": 29, "Inner Unique": true, "Hash Cond": "(mi_idx.movie_id = t.id), (LLVM Optimized)", "Plans": [{"Node Type": "Hash Join", "Parent Relationship": "Outer", "Join Type": "Inner", "Startup Cost": 2.41, "Total Cost": 27185.54, "Plan Rows": 345008, "Plan Width": 4, "Inner Unique": true, "Hash Cond": "(mi_idx.info_type_id = it.id), (LLVM Optimized)", "Plans": [{"Node Type": "Seq Scan", "Parent Relationship": "Outer", "Relation Name": "movie_info_idx", "Alias": "mi_idx", "Startup Cost": 0.0, "Total Cost": 20274.34, "Plan Rows": 1380034, "Plan Width": 8}, {"Node Type": "Hash", "Parent Relationship": "Inner", "Startup Cost": 2.4, "Total Cost": 2.4, "Plan Rows": 1, "Plan Width": 4, "Plans": [{"Node Type": "Seq Scan", "Parent Relationship": "Outer", "Relation Name": "info_type", "Alias": "it", "Startup Cost": 0.0, "Total Cost": 2.4, "Plan Rows": 1, "Plan Width": 4, "Filter": "((info)::text = 'bottom 10 rank'::text)"}]}]}, {"Node Type": "Hash", "Parent Relationship": "Inner", "Startup Cost": 66389.89, "Total Cost": 66389.89, "Plan Rows": 1381886, "Plan Width": 25, "Plans": [{"Node Type": "Seq Scan", "Parent Relationship": "Outer", "Relation Name": "title", "Alias": "t", "Startup Cost": 0.0, "Total Cost": 66389.89, "Plan Rows": 1381886, "Plan Width": 25, "Filter": "(production_year > 2000), (LLVM Optimized)"}]}]}]}]}, {"Node Type": "Hash", "Parent Relationship": "Inner", "Startup Cost": 1.04, "Total Cost": 1.04, "Plan Rows": 1, "Plan Width": 4, "Plans": [{"Node Type": "Seq Scan", "Parent Relationship": "Outer", "Relation Name": "company_type", "Alias": "ct", "Startup Cost": 0.0, "Total Cost": 1.04, "Plan Rows": 1, "Plan Width": 4, "Filter": "((kind)::text = 'production companies'::text)"}]}]}]}, "Unique SQL Id": 2492542741, "Planner Runtime": 6}, "explain_analyze_plan": {"Plan": {"Node Type": "Aggregate", "Strategy": "Plain", "Startup Cost": 204572.36, "Total Cost": 204572.37, "Plan Rows": 1, "Plan Width": 113, "Actual Startup Time": 3224.06, "Actual Total Time": 3224.06, "Actual Rows": 1, "Actual Loops": 1, "Plans": [{"Node Type": "Hash Join", "Parent Relationship": "Outer", "Join Type": "Inner", "Startup Cost": 122220.21, "Total Cost": 199693.17, "Plan Rows": 650559, "Plan Width": 45, "Actual Startup Time": 3046.139, "Actual Total Time": 3224.013, "Actual Rows": 4, "Actual Loops": 1, "Inner Unique": true, "Hash Cond": "(mc.company_type_id = ct.id), (LLVM Optimized, Jit Execute)", "Plans": [{"Node Type": "Hash Join", "Parent Relationship": "Outer", "Join Type": "Inner", "Startup Cost": 122219.16, "Total Cost": 191104.8, "Plan Rows": 1055184, "Plan Width": 49, "Actual Startup Time": 2326.995, "Actual Total Time": 3223.784, "Actual Rows": 78, "Actual Loops": 1, "Inner Unique": false, "Hash Cond": "(mc.movie_id = t.id), (LLVM Optimized, Jit Execute)", "Plans": [{"Node Type": "Seq Scan", "Parent Relationship": "Outer", "Relation Name": "movie_companies", "Alias": "mc", "Startup Cost": 0.0, "Total Cost": 48340.1, "Plan Rows": 2609035, "Plan Width": 32, "Actual Startup Time": 0.026, "Actual Total Time": 941.786, "Actual Rows": 1337087, "Actual Loops": 1, "Filter": "((note)::text !~~ '%(as Metro-Goldwyn-Mayer Pictures)%'::text), (LLVM Optimized, Jit Execute)", "Rows Removed by Filter": 1272041}, {"Node Type": "Hash", "Parent Relationship": "Inner", "Startup Cost": 116621.17, "Total Cost": 116621.17, "Plan Rows": 447839, "Plan Width": 29, "Actual Startup Time": 2012.885, "Actual Total Time": 2012.885, "Actual Rows": 6, "Actual Loops": 1, "Hash Buckets": 524288, "Hash Batches": 1, "Original Hash Batches": 1, "Peak Memory Usage": 1, "Plans": [{"Node Type": "Hash Join", "Parent Relationship": "Outer", "Join Type": "Inner", "Startup Cost": 83665.88, "Total Cost": 116621.17, "Plan Rows": 447839, "Plan Width": 29, "Actual Startup Time": 2012.819, "Actual Total Time": 2012.87, "Actual Rows": 6, "Actual Loops": 1, "Inner Unique": true, "Hash Cond": "(mi_idx.movie_id = t.id), (LLVM Optimized, Jit Execute)", "Plans": [{"Node Type": "Hash Join", "Parent Relationship": "Outer", "Join Type": "Inner", "Startup Cost": 2.41, "Total Cost": 27185.54, "Plan Rows": 345008, "Plan Width": 4, "Actual Startup Time": 534.697, "Actual Total Time": 534.72, "Actual Rows": 10, "Actual Loops": 1, "Inner Unique": true, "Hash Cond": "(mi_idx.info_type_id = it.id), (LLVM Optimized, Jit Execute)", "Plans": [{"Node Type": "Seq Scan", "Parent Relationship": "Outer", "Relation Name": "movie_info_idx", "Alias": "mi_idx", "Startup Cost": 0.0, "Total Cost": 20274.34, "Plan Rows": 1380034, "Plan Width": 8, "Actual Startup Time": 0.03, "Actual Total Time": 303.004, "Actual Rows": 1380034, "Actual Loops": 1}, {"Node Type": "Hash", "Parent Relationship": "Inner", "Startup Cost": 2.4, "Total Cost": 2.4, "Plan Rows": 1, "Plan Width": 4, "Actual Startup Time": 0.046, "Actual Total Time": 0.046, "Actual Rows": 1, "Actual Loops": 1, "Hash Buckets": 32768, "Hash Batches": 1, "Original Hash Batches": 1, "Peak Memory Usage": 1, "Plans": [{"Node Type": "Seq Scan", "Parent Relationship": "Outer", "Relation Name": "info_type", "Alias": "it", "Startup Cost": 0.0, "Total Cost": 2.4, "Plan Rows": 1, "Plan Width": 4, "Actual Startup Time": 0.042, "Actual Total Time": 0.044, "Actual Rows": 1, "Actual Loops": 1, "Filter": "((info)::text = 'bottom 10 rank'::text)", "Rows Removed by Filter": 111}]}]}, {"Node Type": "Hash", "Parent Relationship": "Inner", "Startup Cost": 66389.89, "Total Cost": 66389.89, "Plan Rows": 1381886, "Plan Width": 25, "Actual Startup Time": 1476.669, "Actual Total Time": 1476.669, "Actual Rows": 1381453, "Actual Loops": 1, "Hash Buckets": 2097152, "Hash Batches": 1, "Original Hash Batches": 1, "Peak Memory Usage": 79393, "Plans": [{"Node Type": "Seq Scan", "Parent Relationship": "Outer", "Relation Name": "title", "Alias": "t", "Startup Cost": 0.0, "Total Cost": 66389.89, "Plan Rows": 1381886, "Plan Width": 25, "Actual Startup Time": 0.071, "Actual Total Time": 926.834, "Actual Rows": 1381453, "Actual Loops": 1, "Filter": "(production_year > 2000), (LLVM Optimized, Jit Execute)", "Rows Removed by Filter": 1146858}]}]}]}]}, {"Node Type": "Hash", "Parent Relationship": "Inner", "Startup Cost": 1.04, "Total Cost": 1.04, "Plan Rows": 1, "Plan Width": 4, "Actual Startup Time": 0.044, "Actual Total Time": 0.044, "Actual Rows": 1, "Actual Loops": 1, "Hash Buckets": 32768, "Hash Batches": 1, "Original Hash Batches": 1, "Peak Memory Usage": 1, "Plans": [{"Node Type": "Seq Scan", "Parent Relationship": "Outer", "Relation Name": "company_type", "Alias": "ct", "Startup Cost": 0.0, "Total Cost": 1.04, "Plan Rows": 1, "Plan Width": 4, "Actual Startup Time": 0.025, "Actual Total Time": 0.028, "Actual Rows": 1, "Actual Loops": 1, "Filter": "((kind)::text = 'production companies'::text)", "Rows Removed by Filter": 2}]}]}]}, "Triggers": [], "Planner Runtime": 4, "Total Runtime": 3234.758, "Unique SQL Id": 2492542741}}, "(1, 41)": {"explain_plan": {"Plan": {"Node Type": "Aggregate", "Strategy": "Plain", "Startup Cost": 268118.48, "Total Cost": 268118.49, "Plan Rows": 1, "Plan Width": 113, "Plans": [{"Node Type": "Hash Join", "Parent Relationship": "Outer", "Join Type": "Inner", "Startup Cost": 183423.2, "Total Cost": 263239.28, "Plan Rows": 650559, "Plan Width": 45, "Inner Unique": false, "Hash Cond": "(mc.movie_id = t.id), (LLVM Optimized)", "Plans": [{"Node Type": "Nested Loop", "Parent Relationship": "Outer", "Join Type": "Inner", "Startup Cost": 0.0, "Total Cost": 69436.41, "Plan Rows": 1304518, "Plan Width": 28, "Inner Unique": false, "Plans": [{"Node Type": "Index Scan", "Parent Relationship": "Outer", "Scan Direction": "Forward", "Index Name": "company_type_pkey", "Relation Name": "company_type", "Alias": "ct", "Startup Cost": 0.0, "Total Cost": 12.3, "Plan Rows": 1, "Plan Width": 4, "Filter": "((kind)::text = 'production companies'::text)"}, {"Node Type": "Index Scan", "Parent Relationship": "Inner", "Scan Direction": "Forward", "Index Name": "company_type_id_movie_companies", "Relation Name": "movie_companies", "Alias": "mc", "Startup Cost": 0.0, "Total Cost": 56378.94, "Plan Rows": 1304517, "Plan Width": 32, "Index Cond": "(company_type_id = ct.id), (LLVM Optimized)", "Filter": "((note)::text !~~ '%(as Metro-Goldwyn-Mayer Pictures)%'::text), (LLVM Optimized)"}]}, {"Node Type": "Hash", "Parent Relationship": "Inner", "Startup Cost": 177825.21, "Total Cost": 177825.21, "Plan Rows": 447839, "Plan Width": 29, "Plans": [{"Node Type": "Hash Join", "Parent Relationship": "Outer", "Join Type": "Inner", "Startup Cost": 133714.84, "Total Cost": 177825.21, "Plan Rows": 447839, "Plan Width": 29, "Inner Unique": true, "Hash Cond": "(mi_idx.movie_id = t.id), (LLVM Optimized)", "Plans": [{"Node Type": "Nested Loop", "Parent Relationship": "Outer", "Join Type": "Inner", "Startup Cost": 0.0, "Total Cost": 38338.2, "Plan Rows": 345008, "Plan Width": 4, "Inner Unique": false, "Plans": [{"Node Type": "Index Scan", "Parent Relationship": "Outer", "Scan Direction": "Forward", "Index Name": "info_type_pkey", "Relation Name": "info_type", "Alias": "it", "Startup Cost": 0.0, "Total Cost": 14.21, "Plan Rows": 1, "Plan Width": 4, "Filter": "((info)::text = 'bottom 10 rank'::text)"}, {"Node Type": "Index Scan", "Parent Relationship": "Inner", "Scan Direction": "Forward", "Index Name": "info_type_id_movie_info_idx", "Relation Name": "movie_info_idx", "Alias": "mi_idx", "Startup Cost": 0.0, "Total Cost": 34873.91, "Plan Rows": 345008, "Plan Width": 8, "Index Cond": "(info_type_id = it.id), (LLVM Optimized)"}]}, {"Node Type": "Hash", "Parent Relationship": "Inner", "Startup Cost": 116441.27, "Total Cost": 116441.27, "Plan Rows": 1381886, "Plan Width": 25, "Plans": [{"Node Type": "Index Scan", "Parent Relationship": "Outer", "Scan Direction": "Forward", "Index Name": "title_pkey", "Relation Name": "title", "Alias": "t", "Startup Cost": 0.0, "Total Cost": 116441.27, "Plan Rows": 1381886, "Plan Width": 25, "Filter": "(production_year > 2000), (LLVM Optimized)"}]}]}]}]}]}, "Unique SQL Id": 2492542741, "Planner Runtime": 4}, "explain_analyze_plan": {"Plan": {"Node Type": "Aggregate", "Strategy": "Plain", "Startup Cost": 268118.48, "Total Cost": 268118.49, "Plan Rows": 1, "Plan Width": 113, "Actual Startup Time": 4780.141, "Actual Total Time": 4780.141, "Actual Rows": 1, "Actual Loops": 1, "Plans": [{"Node Type": "Hash Join", "Parent Relationship": "Outer", "Join Type": "Inner", "Startup Cost": 183423.2, "Total Cost": 263239.28, "Plan Rows": 650559, "Plan Width": 45, "Actual Startup Time": 4407.13, "Actual Total Time": 4780.091, "Actual Rows": 4, "Actual Loops": 1, "Inner Unique": false, "Hash Cond": "(mc.movie_id = t.id), (LLVM Optimized, Jit Execute)", "Plans": [{"Node Type": "Nested Loop", "Parent Relationship": "Outer", "Join Type": "Inner", "Startup Cost": 0.0, "Total Cost": 69436.41, "Plan Rows": 1304518, "Plan Width": 28, "Actual Startup Time": 0.124, "Actual Total Time": 736.559, "Actual Rows": 140904, "Actual Loops": 1, "Inner Unique": false, "Plans": [{"Node Type": "Index Scan", "Parent Relationship": "Outer", "Scan Direction": "Forward", "Index Name": "company_type_pkey", "Relation Name": "company_type", "Alias": "ct", "Startup Cost": 0.0, "Total Cost": 12.3, "Plan Rows": 1, "Plan Width": 4, "Actual Startup Time": 0.018, "Actual Total Time": 0.028, "Actual Rows": 1, "Actual Loops": 1, "Filter": "((kind)::text = 'production companies'::text)", "Rows Removed by Filter": 2}, {"Node Type": "Index Scan", "Parent Relationship": "Inner", "Scan Direction": "Forward", "Index Name": "company_type_id_movie_companies", "Relation Name": "movie_companies", "Alias": "mc", "Startup Cost": 0.0, "Total Cost": 56378.94, "Plan Rows": 1304517, "Plan Width": 32, "Actual Startup Time": 0.101, "Actual Total Time": 707.577, "Actual Rows": 140904, "Actual Loops": 1, "Index Cond": "(company_type_id = ct.id), (LLVM Optimized, Jit Execute)", "Rows Removed by Index Recheck": 0, "Filter": "((note)::text !~~ '%(as Metro-Goldwyn-Mayer Pictures)%'::text), (LLVM Optimized, Jit Execute)", "Rows Removed by Filter": 1193979}]}, {"Node Type": "Hash", "Parent Relationship": "Inner", "Startup Cost": 177825.21, "Total Cost": 177825.21, "Plan Rows": 447839, "Plan Width": 29, "Actual Startup Time": 4011.878, "Actual Total Time": 4011.878, "Actual Rows": 6, "Actual Loops": 1, "Hash Buckets": 524288, "Hash Batches": 1, "Original Hash Batches": 1, "Peak Memory Usage": 1, "Plans": [{"Node Type": "Hash Join", "Parent Relationship": "Outer", "Join Type": "Inner", "Startup Cost": 133714.84, "Total Cost": 177825.21, "Plan Rows": 447839, "Plan Width": 29, "Actual Startup Time": 4011.838, "Actual Total Time": 4011.861, "Actual Rows": 6, "Actual Loops": 1, "Inner Unique": true, "Hash Cond": "(mi_idx.movie_id = t.id), (LLVM Optimized, Jit Execute)", "Plans": [{"Node Type": "Nested Loop", "Parent Relationship": "Outer", "Join Type": "Inner", "Startup Cost": 0.0, "Total Cost": 38338.2, "Plan Rows": 345008, "Plan Width": 4, "Actual Startup Time": 0.087, "Actual Total Time": 0.106, "Actual Rows": 10, "Actual Loops": 1, "Inner Unique": false, "Plans": [{"Node Type": "Index Scan", "Parent Relationship": "Outer", "Scan Direction": "Forward", "Index Name": "info_type_pkey", "Relation Name": "info_type", "Alias": "it", "Startup Cost": 0.0, "Total Cost": 14.21, "Plan Rows": 1, "Plan Width": 4, "Actual Startup Time": 0.066, "Actual Total Time": 0.069, "Actual Rows": 1, "Actual Loops": 1, "Filter": "((info)::text = 'bottom 10 rank'::text)", "Rows Removed by Filter": 111}, {"Node Type": "Index Scan", "Parent Relationship": "Inner", "Scan Direction": "Forward", "Index Name": "info_type_id_movie_info_idx", "Relation Name": "movie_info_idx", "Alias": "mi_idx", "Startup Cost": 0.0, "Total Cost": 34873.91, "Plan Rows": 345008, "Plan Width": 8, "Actual Startup Time": 0.018, "Actual Total Time": 0.028, "Actual Rows": 10, "Actual Loops": 1, "Index Cond": "(info_type_id = it.id), (LLVM Optimized, Jit Execute)", "Rows Removed by Index Recheck": 0}]}, {"Node Type": "Hash", "Parent Relationship": "Inner", "Startup Cost": 116441.27, "Total Cost": 116441.27, "Plan Rows": 1381886, "Plan Width": 25, "Actual Startup Time": 4010.308, "Actual Total Time": 4010.308, "Actual Rows": 1381453, "Actual Loops": 1, "Hash Buckets": 2097152, "Hash Batches": 1, "Original Hash Batches": 1, "Peak Memory Usage": 79393, "Plans": [{"Node Type": "Index Scan", "Parent Relationship": "Outer", "Scan Direction": "Forward", "Index Name": "title_pkey", "Relation Name": "title", "Alias": "t", "Startup Cost": 0.0, "Total Cost": 116441.27, "Plan Rows": 1381886, "Plan Width": 25, "Actual Startup Time": 0.034, "Actual Total Time": 3282.905, "Actual Rows": 1381453, "Actual Loops": 1, "Filter": "(production_year > 2000), (LLVM Optimized, Jit Execute)", "Rows Removed by Filter": 1146858}]}]}]}]}]}, "Triggers": [], "Planner Runtime": 4, "Total Runtime": 4791.012, "Unique SQL Id": 2492542741}}, "(1, 42)": {"explain_plan": {"Plan": {"Node Type": "Aggregate", "Strategy": "Plain", "Startup Cost": 204572.36, "Total Cost": 204572.37, "Plan Rows": 1, "Plan Width": 113, "Plans": [{"Node Type": "Hash Join", "Parent Relationship": "Outer", "Join Type": "Inner", "Startup Cost": 122220.21, "Total Cost": 199693.17, "Plan Rows": 650559, "Plan Width": 45, "Inner Unique": true, "Hash Cond": "(mc.company_type_id = ct.id), (LLVM Optimized)", "Plans": [{"Node Type": "Hash Join", "Parent Relationship": "Outer", "Join Type": "Inner", "Startup Cost": 122219.16, "Total Cost": 191104.8, "Plan Rows": 1055184, "Plan Width": 49, "Inner Unique": false, "Hash Cond": "(mc.movie_id = t.id), (LLVM Optimized)", "Plans": [{"Node Type": "Seq Scan", "Parent Relationship": "Outer", "Relation Name": "movie_companies", "Alias": "mc", "Startup Cost": 0.0, "Total Cost": 48340.1, "Plan Rows": 2609035, "Plan Width": 32, "Filter": "((note)::text !~~ '%(as Metro-Goldwyn-Mayer Pictures)%'::text), (LLVM Optimized)"}, {"Node Type": "Hash", "Parent Relationship": "Inner", "Startup Cost": 116621.17, "Total Cost": 116621.17, "Plan Rows": 447839, "Plan Width": 29, "Plans": [{"Node Type": "Hash Join", "Parent Relationship": "Outer", "Join Type": "Inner", "Startup Cost": 83665.88, "Total Cost": 116621.17, "Plan Rows": 447839, "Plan Width": 29, "Inner Unique": true, "Hash Cond": "(mi_idx.movie_id = t.id), (LLVM Optimized)", "Plans": [{"Node Type": "Hash Join", "Parent Relationship": "Outer", "Join Type": "Inner", "Startup Cost": 2.41, "Total Cost": 27185.54, "Plan Rows": 345008, "Plan Width": 4, "Inner Unique": true, "Hash Cond": "(mi_idx.info_type_id = it.id), (LLVM Optimized)", "Plans": [{"Node Type": "Seq Scan", "Parent Relationship": "Outer", "Relation Name": "movie_info_idx", "Alias": "mi_idx", "Startup Cost": 0.0, "Total Cost": 20274.34, "Plan Rows": 1380034, "Plan Width": 8}, {"Node Type": "Hash", "Parent Relationship": "Inner", "Startup Cost": 2.4, "Total Cost": 2.4, "Plan Rows": 1, "Plan Width": 4, "Plans": [{"Node Type": "Seq Scan", "Parent Relationship": "Outer", "Relation Name": "info_type", "Alias": "it", "Startup Cost": 0.0, "Total Cost": 2.4, "Plan Rows": 1, "Plan Width": 4, "Filter": "((info)::text = 'bottom 10 rank'::text)"}]}]}, {"Node Type": "Hash", "Parent Relationship": "Inner", "Startup Cost": 66389.89, "Total Cost": 66389.89, "Plan Rows": 1381886, "Plan Width": 25, "Plans": [{"Node Type": "Seq Scan", "Parent Relationship": "Outer", "Relation Name": "title", "Alias": "t", "Startup Cost": 0.0, "Total Cost": 66389.89, "Plan Rows": 1381886, "Plan Width": 25, "Filter": "(production_year > 2000), (LLVM Optimized)"}]}]}]}]}, {"Node Type": "Hash", "Parent Relationship": "Inner", "Startup Cost": 1.04, "Total Cost": 1.04, "Plan Rows": 1, "Plan Width": 4, "Plans": [{"Node Type": "Seq Scan", "Parent Relationship": "Outer", "Relation Name": "company_type", "Alias": "ct", "Startup Cost": 0.0, "Total Cost": 1.04, "Plan Rows": 1, "Plan Width": 4, "Filter": "((kind)::text = 'production companies'::text)"}]}]}]}, "Unique SQL Id": 2492542741, "Planner Runtime": 6}, "explain_analyze_plan": {"Plan": {"Node Type": "Aggregate", "Strategy": "Plain", "Startup Cost": 204572.36, "Total Cost": 204572.37, "Plan Rows": 1, "Plan Width": 113, "Actual Startup Time": 3224.06, "Actual Total Time": 3224.06, "Actual Rows": 1, "Actual Loops": 1, "Plans": [{"Node Type": "Hash Join", "Parent Relationship": "Outer", "Join Type": "Inner", "Startup Cost": 122220.21, "Total Cost": 199693.17, "Plan Rows": 650559, "Plan Width": 45, "Actual Startup Time": 3046.139, "Actual Total Time": 3224.013, "Actual Rows": 4, "Actual Loops": 1, "Inner Unique": true, "Hash Cond": "(mc.company_type_id = ct.id), (LLVM Optimized, Jit Execute)", "Plans": [{"Node Type": "Hash Join", "Parent Relationship": "Outer", "Join Type": "Inner", "Startup Cost": 122219.16, "Total Cost": 191104.8, "Plan Rows": 1055184, "Plan Width": 49, "Actual Startup Time": 2326.995, "Actual Total Time": 3223.784, "Actual Rows": 78, "Actual Loops": 1, "Inner Unique": false, "Hash Cond": "(mc.movie_id = t.id), (LLVM Optimized, Jit Execute)", "Plans": [{"Node Type": "Seq Scan", "Parent Relationship": "Outer", "Relation Name": "movie_companies", "Alias": "mc", "Startup Cost": 0.0, "Total Cost": 48340.1, "Plan Rows": 2609035, "Plan Width": 32, "Actual Startup Time": 0.026, "Actual Total Time": 941.786, "Actual Rows": 1337087, "Actual Loops": 1, "Filter": "((note)::text !~~ '%(as Metro-Goldwyn-Mayer Pictures)%'::text), (LLVM Optimized, Jit Execute)", "Rows Removed by Filter": 1272041}, {"Node Type": "Hash", "Parent Relationship": "Inner", "Startup Cost": 116621.17, "Total Cost": 116621.17, "Plan Rows": 447839, "Plan Width": 29, "Actual Startup Time": 2012.885, "Actual Total Time": 2012.885, "Actual Rows": 6, "Actual Loops": 1, "Hash Buckets": 524288, "Hash Batches": 1, "Original Hash Batches": 1, "Peak Memory Usage": 1, "Plans": [{"Node Type": "Hash Join", "Parent Relationship": "Outer", "Join Type": "Inner", "Startup Cost": 83665.88, "Total Cost": 116621.17, "Plan Rows": 447839, "Plan Width": 29, "Actual Startup Time": 2012.819, "Actual Total Time": 2012.87, "Actual Rows": 6, "Actual Loops": 1, "Inner Unique": true, "Hash Cond": "(mi_idx.movie_id = t.id), (LLVM Optimized, Jit Execute)", "Plans": [{"Node Type": "Hash Join", "Parent Relationship": "Outer", "Join Type": "Inner", "Startup Cost": 2.41, "Total Cost": 27185.54, "Plan Rows": 345008, "Plan Width": 4, "Actual Startup Time": 534.697, "Actual Total Time": 534.72, "Actual Rows": 10, "Actual Loops": 1, "Inner Unique": true, "Hash Cond": "(mi_idx.info_type_id = it.id), (LLVM Optimized, Jit Execute)", "Plans": [{"Node Type": "Seq Scan", "Parent Relationship": "Outer", "Relation Name": "movie_info_idx", "Alias": "mi_idx", "Startup Cost": 0.0, "Total Cost": 20274.34, "Plan Rows": 1380034, "Plan Width": 8, "Actual Startup Time": 0.03, "Actual Total Time": 303.004, "Actual Rows": 1380034, "Actual Loops": 1}, {"Node Type": "Hash", "Parent Relationship": "Inner", "Startup Cost": 2.4, "Total Cost": 2.4, "Plan Rows": 1, "Plan Width": 4, "Actual Startup Time": 0.046, "Actual Total Time": 0.046, "Actual Rows": 1, "Actual Loops": 1, "Hash Buckets": 32768, "Hash Batches": 1, "Original Hash Batches": 1, "Peak Memory Usage": 1, "Plans": [{"Node Type": "Seq Scan", "Parent Relationship": "Outer", "Relation Name": "info_type", "Alias": "it", "Startup Cost": 0.0, "Total Cost": 2.4, "Plan Rows": 1, "Plan Width": 4, "Actual Startup Time": 0.042, "Actual Total Time": 0.044, "Actual Rows": 1, "Actual Loops": 1, "Filter": "((info)::text = 'bottom 10 rank'::text)", "Rows Removed by Filter": 111}]}]}, {"Node Type": "Hash", "Parent Relationship": "Inner", "Startup Cost": 66389.89, "Total Cost": 66389.89, "Plan Rows": 1381886, "Plan Width": 25, "Actual Startup Time": 1476.669, "Actual Total Time": 1476.669, "Actual Rows": 1381453, "Actual Loops": 1, "Hash Buckets": 2097152, "Hash Batches": 1, "Original Hash Batches": 1, "Peak Memory Usage": 79393, "Plans": [{"Node Type": "Seq Scan", "Parent Relationship": "Outer", "Relation Name": "title", "Alias": "t", "Startup Cost": 0.0, "Total Cost": 66389.89, "Plan Rows": 1381886, "Plan Width": 25, "Actual Startup Time": 0.071, "Actual Total Time": 926.834, "Actual Rows": 1381453, "Actual Loops": 1, "Filter": "(production_year > 2000), (LLVM Optimized, Jit Execute)", "Rows Removed by Filter": 1146858}]}]}]}]}, {"Node Type": "Hash", "Parent Relationship": "Inner", "Startup Cost": 1.04, "Total Cost": 1.04, "Plan Rows": 1, "Plan Width": 4, "Actual Startup Time": 0.044, "Actual Total Time": 0.044, "Actual Rows": 1, "Actual Loops": 1, "Hash Buckets": 32768, "Hash Batches": 1, "Original Hash Batches": 1, "Peak Memory Usage": 1, "Plans": [{"Node Type": "Seq Scan", "Parent Relationship": "Outer", "Relation Name": "company_type", "Alias": "ct", "Startup Cost": 0.0, "Total Cost": 1.04, "Plan Rows": 1, "Plan Width": 4, "Actual Startup Time": 0.025, "Actual Total Time": 0.028, "Actual Rows": 1, "Actual Loops": 1, "Filter": "((kind)::text = 'production companies'::text)", "Rows Removed by Filter": 2}]}]}]}, "Triggers": [], "Planner Runtime": 4, "Total Runtime": 3234.758, "Unique SQL Id": 2492542741}}, "(1, 43)": {"explain_plan": {"Plan": {"Node Type": "Aggregate", "Strategy": "Plain", "Startup Cost": 5015944704164.11, "Total Cost": 5015944704164.12, "Plan Rows": 1, "Plan Width": 113, "Plans": [{"Node Type": "Nested Loop", "Parent Relationship": "Outer", "Join Type": "Inner", "Startup Cost": 50000000000.0, "Total Cost": 5015944699284.92, "Plan Rows": 650559, "Plan Width": 45, "Inner Unique": false, "Join Filter": "(mc.movie_id = t.id), (LLVM Optimized)", "Plans": [{"Node Type": "Nested Loop", "Parent Relationship": "Outer", "Join Type": "Inner", "Startup Cost": 20000000000.0, "Total Cost": 2000013744593.91, "Plan Rows": 1304518, "Plan Width": 28, "Inner Unique": true, "Join Filter": "(ct.id = mc.company_type_id), (LLVM Optimized)", "Plans": [{"Node Type": "Index Scan", "Parent Relationship": "Outer", "Scan Direction": "Forward", "Index Name": "movie_id_movie_companies", "Relation Name": "movie_companies", "Alias": "mc", "Startup Cost": 10000000000.0, "Total Cost": 1000013704228.13, "Plan Rows": 2609035, "Plan Width": 32, "Filter": "((note)::text !~~ '%(as Metro-Goldwyn-Mayer Pictures)%'::text), (LLVM Optimized)"}, {"Node Type": "Materialize", "Parent Relationship": "Inner", "Startup Cost": 10000000000.0, "Total Cost": 1000000001230.26, "Plan Rows": 1, "Plan Width": 4, "Plans": [{"Node Type": "Index Scan", "Parent Relationship": "Outer", "Scan Direction": "Forward", "Index Name": "company_type_pkey", "Relation Name": "company_type", "Alias": "ct", "Startup Cost": 10000000000.0, "Total Cost": 1000000001230.25, "Plan Rows": 1, "Plan Width": 4, "Filter": "((kind)::text = 'production companies'::text)"}]}]}, {"Node Type": "Materialize", "Parent Relationship": "Inner", "Startup Cost": 30000000000.0, "Total Cost": 3007167745261.58, "Plan Rows": 447839, "Plan Width": 29, "Plans": [{"Node Type": "Nested Loop", "Parent Relationship": "Outer", "Join Type": "Inner", "Startup Cost": 30000000000.0, "Total Cost": 3007167743022.38, "Plan Rows": 447839, "Plan Width": 29, "Inner Unique": false, "Join Filter": "(mi_idx.movie_id = t.id), (LLVM Optimized)", "Plans": [{"Node Type": "Index Scan", "Parent Relationship": "Outer", "Scan Direction": "Forward", "Index Name": "title_pkey", "Relation Name": "title", "Alias": "t", "Startup Cost": 10000000000.0, "Total Cost": 1000011644126.66, "Plan Rows": 1381886, "Plan Width": 25, "Filter": "(production_year > 2000), (LLVM Optimized)"}, {"Node Type": "Materialize", "Parent Relationship": "Inner", "Startup Cost": 20000000000.0, "Total Cost": 2000004673881.92, "Plan Rows": 345008, "Plan Width": 4, "Plans": [{"Node Type": "Nested Loop", "Parent Relationship": "Outer", "Join Type": "Inner", "Startup Cost": 20000000000.0, "Total Cost": 2000004672156.88, "Plan Rows": 345008, "Plan Width": 4, "Inner Unique": true, "Join Filter": "(it.id = mi_idx.info_type_id), (LLVM Optimized)", "Plans": [{"Node Type": "Index Scan", "Parent Relationship": "Outer", "Scan Direction": "Forward", "Index Name": "movie_id_movie_info_idx", "Relation Name": "movie_info_idx", "Alias": "mi_idx", "Startup Cost": 10000000000.0, "Total Cost": 1000004650035.37, "Plan Rows": 1380034, "Plan Width": 8}, {"Node Type": "Materialize", "Parent Relationship": "Inner", "Startup Cost": 10000000000.0, "Total Cost": 1000000001421.0, "Plan Rows": 1, "Plan Width": 4, "Plans": [{"Node Type": "Index Scan", "Parent Relationship": "Outer", "Scan Direction": "Forward", "Index Name": "info_type_pkey", "Relation Name": "info_type", "Alias": "it", "Startup Cost": 10000000000.0, "Total Cost": 1000000001421.0, "Plan Rows": 1, "Plan Width": 4, "Filter": "((info)::text = 'bottom 10 rank'::text)"}]}]}]}]}]}]}]}, "Unique SQL Id": 2492542741, "Planner Runtime": 4}, "explain_analyze_plan": null}, "(1, 44)": {"explain_plan": {"Plan": {"Node Type": "Aggregate", "Strategy": "Plain", "Startup Cost": 204572.36, "Total Cost": 204572.37, "Plan Rows": 1, "Plan Width": 113, "Plans": [{"Node Type": "Hash Join", "Parent Relationship": "Outer", "Join Type": "Inner", "Startup Cost": 122220.21, "Total Cost": 199693.17, "Plan Rows": 650559, "Plan Width": 45, "Inner Unique": true, "Hash Cond": "(mc.company_type_id = ct.id), (LLVM Optimized)", "Plans": [{"Node Type": "Hash Join", "Parent Relationship": "Outer", "Join Type": "Inner", "Startup Cost": 122219.16, "Total Cost": 191104.8, "Plan Rows": 1055184, "Plan Width": 49, "Inner Unique": false, "Hash Cond": "(mc.movie_id = t.id), (LLVM Optimized)", "Plans": [{"Node Type": "Seq Scan", "Parent Relationship": "Outer", "Relation Name": "movie_companies", "Alias": "mc", "Startup Cost": 0.0, "Total Cost": 48340.1, "Plan Rows": 2609035, "Plan Width": 32, "Filter": "((note)::text !~~ '%(as Metro-Goldwyn-Mayer Pictures)%'::text), (LLVM Optimized)"}, {"Node Type": "Hash", "Parent Relationship": "Inner", "Startup Cost": 116621.17, "Total Cost": 116621.17, "Plan Rows": 447839, "Plan Width": 29, "Plans": [{"Node Type": "Hash Join", "Parent Relationship": "Outer", "Join Type": "Inner", "Startup Cost": 83665.88, "Total Cost": 116621.17, "Plan Rows": 447839, "Plan Width": 29, "Inner Unique": true, "Hash Cond": "(mi_idx.movie_id = t.id), (LLVM Optimized)", "Plans": [{"Node Type": "Hash Join", "Parent Relationship": "Outer", "Join Type": "Inner", "Startup Cost": 2.41, "Total Cost": 27185.54, "Plan Rows": 345008, "Plan Width": 4, "Inner Unique": true, "Hash Cond": "(mi_idx.info_type_id = it.id), (LLVM Optimized)", "Plans": [{"Node Type": "Seq Scan", "Parent Relationship": "Outer", "Relation Name": "movie_info_idx", "Alias": "mi_idx", "Startup Cost": 0.0, "Total Cost": 20274.34, "Plan Rows": 1380034, "Plan Width": 8}, {"Node Type": "Hash", "Parent Relationship": "Inner", "Startup Cost": 2.4, "Total Cost": 2.4, "Plan Rows": 1, "Plan Width": 4, "Plans": [{"Node Type": "Seq Scan", "Parent Relationship": "Outer", "Relation Name": "info_type", "Alias": "it", "Startup Cost": 0.0, "Total Cost": 2.4, "Plan Rows": 1, "Plan Width": 4, "Filter": "((info)::text = 'bottom 10 rank'::text)"}]}]}, {"Node Type": "Hash", "Parent Relationship": "Inner", "Startup Cost": 66389.89, "Total Cost": 66389.89, "Plan Rows": 1381886, "Plan Width": 25, "Plans": [{"Node Type": "Seq Scan", "Parent Relationship": "Outer", "Relation Name": "title", "Alias": "t", "Startup Cost": 0.0, "Total Cost": 66389.89, "Plan Rows": 1381886, "Plan Width": 25, "Filter": "(production_year > 2000), (LLVM Optimized)"}]}]}]}]}, {"Node Type": "Hash", "Parent Relationship": "Inner", "Startup Cost": 1.04, "Total Cost": 1.04, "Plan Rows": 1, "Plan Width": 4, "Plans": [{"Node Type": "Seq Scan", "Parent Relationship": "Outer", "Relation Name": "company_type", "Alias": "ct", "Startup Cost": 0.0, "Total Cost": 1.04, "Plan Rows": 1, "Plan Width": 4, "Filter": "((kind)::text = 'production companies'::text)"}]}]}]}, "Unique SQL Id": 2492542741, "Planner Runtime": 6}, "explain_analyze_plan": {"Plan": {"Node Type": "Aggregate", "Strategy": "Plain", "Startup Cost": 204572.36, "Total Cost": 204572.37, "Plan Rows": 1, "Plan Width": 113, "Actual Startup Time": 3224.06, "Actual Total Time": 3224.06, "Actual Rows": 1, "Actual Loops": 1, "Plans": [{"Node Type": "Hash Join", "Parent Relationship": "Outer", "Join Type": "Inner", "Startup Cost": 122220.21, "Total Cost": 199693.17, "Plan Rows": 650559, "Plan Width": 45, "Actual Startup Time": 3046.139, "Actual Total Time": 3224.013, "Actual Rows": 4, "Actual Loops": 1, "Inner Unique": true, "Hash Cond": "(mc.company_type_id = ct.id), (LLVM Optimized, Jit Execute)", "Plans": [{"Node Type": "Hash Join", "Parent Relationship": "Outer", "Join Type": "Inner", "Startup Cost": 122219.16, "Total Cost": 191104.8, "Plan Rows": 1055184, "Plan Width": 49, "Actual Startup Time": 2326.995, "Actual Total Time": 3223.784, "Actual Rows": 78, "Actual Loops": 1, "Inner Unique": false, "Hash Cond": "(mc.movie_id = t.id), (LLVM Optimized, Jit Execute)", "Plans": [{"Node Type": "Seq Scan", "Parent Relationship": "Outer", "Relation Name": "movie_companies", "Alias": "mc", "Startup Cost": 0.0, "Total Cost": 48340.1, "Plan Rows": 2609035, "Plan Width": 32, "Actual Startup Time": 0.026, "Actual Total Time": 941.786, "Actual Rows": 1337087, "Actual Loops": 1, "Filter": "((note)::text !~~ '%(as Metro-Goldwyn-Mayer Pictures)%'::text), (LLVM Optimized, Jit Execute)", "Rows Removed by Filter": 1272041}, {"Node Type": "Hash", "Parent Relationship": "Inner", "Startup Cost": 116621.17, "Total Cost": 116621.17, "Plan Rows": 447839, "Plan Width": 29, "Actual Startup Time": 2012.885, "Actual Total Time": 2012.885, "Actual Rows": 6, "Actual Loops": 1, "Hash Buckets": 524288, "Hash Batches": 1, "Original Hash Batches": 1, "Peak Memory Usage": 1, "Plans": [{"Node Type": "Hash Join", "Parent Relationship": "Outer", "Join Type": "Inner", "Startup Cost": 83665.88, "Total Cost": 116621.17, "Plan Rows": 447839, "Plan Width": 29, "Actual Startup Time": 2012.819, "Actual Total Time": 2012.87, "Actual Rows": 6, "Actual Loops": 1, "Inner Unique": true, "Hash Cond": "(mi_idx.movie_id = t.id), (LLVM Optimized, Jit Execute)", "Plans": [{"Node Type": "Hash Join", "Parent Relationship": "Outer", "Join Type": "Inner", "Startup Cost": 2.41, "Total Cost": 27185.54, "Plan Rows": 345008, "Plan Width": 4, "Actual Startup Time": 534.697, "Actual Total Time": 534.72, "Actual Rows": 10, "Actual Loops": 1, "Inner Unique": true, "Hash Cond": "(mi_idx.info_type_id = it.id), (LLVM Optimized, Jit Execute)", "Plans": [{"Node Type": "Seq Scan", "Parent Relationship": "Outer", "Relation Name": "movie_info_idx", "Alias": "mi_idx", "Startup Cost": 0.0, "Total Cost": 20274.34, "Plan Rows": 1380034, "Plan Width": 8, "Actual Startup Time": 0.03, "Actual Total Time": 303.004, "Actual Rows": 1380034, "Actual Loops": 1}, {"Node Type": "Hash", "Parent Relationship": "Inner", "Startup Cost": 2.4, "Total Cost": 2.4, "Plan Rows": 1, "Plan Width": 4, "Actual Startup Time": 0.046, "Actual Total Time": 0.046, "Actual Rows": 1, "Actual Loops": 1, "Hash Buckets": 32768, "Hash Batches": 1, "Original Hash Batches": 1, "Peak Memory Usage": 1, "Plans": [{"Node Type": "Seq Scan", "Parent Relationship": "Outer", "Relation Name": "info_type", "Alias": "it", "Startup Cost": 0.0, "Total Cost": 2.4, "Plan Rows": 1, "Plan Width": 4, "Actual Startup Time": 0.042, "Actual Total Time": 0.044, "Actual Rows": 1, "Actual Loops": 1, "Filter": "((info)::text = 'bottom 10 rank'::text)", "Rows Removed by Filter": 111}]}]}, {"Node Type": "Hash", "Parent Relationship": "Inner", "Startup Cost": 66389.89, "Total Cost": 66389.89, "Plan Rows": 1381886, "Plan Width": 25, "Actual Startup Time": 1476.669, "Actual Total Time": 1476.669, "Actual Rows": 1381453, "Actual Loops": 1, "Hash Buckets": 2097152, "Hash Batches": 1, "Original Hash Batches": 1, "Peak Memory Usage": 79393, "Plans": [{"Node Type": "Seq Scan", "Parent Relationship": "Outer", "Relation Name": "title", "Alias": "t", "Startup Cost": 0.0, "Total Cost": 66389.89, "Plan Rows": 1381886, "Plan Width": 25, "Actual Startup Time": 0.071, "Actual Total Time": 926.834, "Actual Rows": 1381453, "Actual Loops": 1, "Filter": "(production_year > 2000), (LLVM Optimized, Jit Execute)", "Rows Removed by Filter": 1146858}]}]}]}]}, {"Node Type": "Hash", "Parent Relationship": "Inner", "Startup Cost": 1.04, "Total Cost": 1.04, "Plan Rows": 1, "Plan Width": 4, "Actual Startup Time": 0.044, "Actual Total Time": 0.044, "Actual Rows": 1, "Actual Loops": 1, "Hash Buckets": 32768, "Hash Batches": 1, "Original Hash Batches": 1, "Peak Memory Usage": 1, "Plans": [{"Node Type": "Seq Scan", "Parent Relationship": "Outer", "Relation Name": "company_type", "Alias": "ct", "Startup Cost": 0.0, "Total Cost": 1.04, "Plan Rows": 1, "Plan Width": 4, "Actual Startup Time": 0.025, "Actual Total Time": 0.028, "Actual Rows": 1, "Actual Loops": 1, "Filter": "((kind)::text = 'production companies'::text)", "Rows Removed by Filter": 2}]}]}]}, "Triggers": [], "Planner Runtime": 4, "Total Runtime": 3234.758, "Unique SQL Id": 2492542741}}, "(1, 45)": {"explain_plan": {"Plan": {"Node Type": "Aggregate", "Strategy": "Plain", "Startup Cost": 268118.48, "Total Cost": 268118.49, "Plan Rows": 1, "Plan Width": 113, "Plans": [{"Node Type": "Hash Join", "Parent Relationship": "Outer", "Join Type": "Inner", "Startup Cost": 183423.2, "Total Cost": 263239.28, "Plan Rows": 650559, "Plan Width": 45, "Inner Unique": false, "Hash Cond": "(mc.movie_id = t.id), (LLVM Optimized)", "Plans": [{"Node Type": "Nested Loop", "Parent Relationship": "Outer", "Join Type": "Inner", "Startup Cost": 0.0, "Total Cost": 69436.41, "Plan Rows": 1304518, "Plan Width": 28, "Inner Unique": false, "Plans": [{"Node Type": "Index Scan", "Parent Relationship": "Outer", "Scan Direction": "Forward", "Index Name": "company_type_pkey", "Relation Name": "company_type", "Alias": "ct", "Startup Cost": 0.0, "Total Cost": 12.3, "Plan Rows": 1, "Plan Width": 4, "Filter": "((kind)::text = 'production companies'::text)"}, {"Node Type": "Index Scan", "Parent Relationship": "Inner", "Scan Direction": "Forward", "Index Name": "company_type_id_movie_companies", "Relation Name": "movie_companies", "Alias": "mc", "Startup Cost": 0.0, "Total Cost": 56378.94, "Plan Rows": 1304517, "Plan Width": 32, "Index Cond": "(company_type_id = ct.id), (LLVM Optimized)", "Filter": "((note)::text !~~ '%(as Metro-Goldwyn-Mayer Pictures)%'::text), (LLVM Optimized)"}]}, {"Node Type": "Hash", "Parent Relationship": "Inner", "Startup Cost": 177825.21, "Total Cost": 177825.21, "Plan Rows": 447839, "Plan Width": 29, "Plans": [{"Node Type": "Hash Join", "Parent Relationship": "Outer", "Join Type": "Inner", "Startup Cost": 133714.84, "Total Cost": 177825.21, "Plan Rows": 447839, "Plan Width": 29, "Inner Unique": true, "Hash Cond": "(mi_idx.movie_id = t.id), (LLVM Optimized)", "Plans": [{"Node Type": "Nested Loop", "Parent Relationship": "Outer", "Join Type": "Inner", "Startup Cost": 0.0, "Total Cost": 38338.2, "Plan Rows": 345008, "Plan Width": 4, "Inner Unique": false, "Plans": [{"Node Type": "Index Scan", "Parent Relationship": "Outer", "Scan Direction": "Forward", "Index Name": "info_type_pkey", "Relation Name": "info_type", "Alias": "it", "Startup Cost": 0.0, "Total Cost": 14.21, "Plan Rows": 1, "Plan Width": 4, "Filter": "((info)::text = 'bottom 10 rank'::text)"}, {"Node Type": "Index Scan", "Parent Relationship": "Inner", "Scan Direction": "Forward", "Index Name": "info_type_id_movie_info_idx", "Relation Name": "movie_info_idx", "Alias": "mi_idx", "Startup Cost": 0.0, "Total Cost": 34873.91, "Plan Rows": 345008, "Plan Width": 8, "Index Cond": "(info_type_id = it.id), (LLVM Optimized)"}]}, {"Node Type": "Hash", "Parent Relationship": "Inner", "Startup Cost": 116441.27, "Total Cost": 116441.27, "Plan Rows": 1381886, "Plan Width": 25, "Plans": [{"Node Type": "Index Scan", "Parent Relationship": "Outer", "Scan Direction": "Forward", "Index Name": "title_pkey", "Relation Name": "title", "Alias": "t", "Startup Cost": 0.0, "Total Cost": 116441.27, "Plan Rows": 1381886, "Plan Width": 25, "Filter": "(production_year > 2000), (LLVM Optimized)"}]}]}]}]}]}, "Unique SQL Id": 2492542741, "Planner Runtime": 4}, "explain_analyze_plan": {"Plan": {"Node Type": "Aggregate", "Strategy": "Plain", "Startup Cost": 268118.48, "Total Cost": 268118.49, "Plan Rows": 1, "Plan Width": 113, "Actual Startup Time": 4780.141, "Actual Total Time": 4780.141, "Actual Rows": 1, "Actual Loops": 1, "Plans": [{"Node Type": "Hash Join", "Parent Relationship": "Outer", "Join Type": "Inner", "Startup Cost": 183423.2, "Total Cost": 263239.28, "Plan Rows": 650559, "Plan Width": 45, "Actual Startup Time": 4407.13, "Actual Total Time": 4780.091, "Actual Rows": 4, "Actual Loops": 1, "Inner Unique": false, "Hash Cond": "(mc.movie_id = t.id), (LLVM Optimized, Jit Execute)", "Plans": [{"Node Type": "Nested Loop", "Parent Relationship": "Outer", "Join Type": "Inner", "Startup Cost": 0.0, "Total Cost": 69436.41, "Plan Rows": 1304518, "Plan Width": 28, "Actual Startup Time": 0.124, "Actual Total Time": 736.559, "Actual Rows": 140904, "Actual Loops": 1, "Inner Unique": false, "Plans": [{"Node Type": "Index Scan", "Parent Relationship": "Outer", "Scan Direction": "Forward", "Index Name": "company_type_pkey", "Relation Name": "company_type", "Alias": "ct", "Startup Cost": 0.0, "Total Cost": 12.3, "Plan Rows": 1, "Plan Width": 4, "Actual Startup Time": 0.018, "Actual Total Time": 0.028, "Actual Rows": 1, "Actual Loops": 1, "Filter": "((kind)::text = 'production companies'::text)", "Rows Removed by Filter": 2}, {"Node Type": "Index Scan", "Parent Relationship": "Inner", "Scan Direction": "Forward", "Index Name": "company_type_id_movie_companies", "Relation Name": "movie_companies", "Alias": "mc", "Startup Cost": 0.0, "Total Cost": 56378.94, "Plan Rows": 1304517, "Plan Width": 32, "Actual Startup Time": 0.101, "Actual Total Time": 707.577, "Actual Rows": 140904, "Actual Loops": 1, "Index Cond": "(company_type_id = ct.id), (LLVM Optimized, Jit Execute)", "Rows Removed by Index Recheck": 0, "Filter": "((note)::text !~~ '%(as Metro-Goldwyn-Mayer Pictures)%'::text), (LLVM Optimized, Jit Execute)", "Rows Removed by Filter": 1193979}]}, {"Node Type": "Hash", "Parent Relationship": "Inner", "Startup Cost": 177825.21, "Total Cost": 177825.21, "Plan Rows": 447839, "Plan Width": 29, "Actual Startup Time": 4011.878, "Actual Total Time": 4011.878, "Actual Rows": 6, "Actual Loops": 1, "Hash Buckets": 524288, "Hash Batches": 1, "Original Hash Batches": 1, "Peak Memory Usage": 1, "Plans": [{"Node Type": "Hash Join", "Parent Relationship": "Outer", "Join Type": "Inner", "Startup Cost": 133714.84, "Total Cost": 177825.21, "Plan Rows": 447839, "Plan Width": 29, "Actual Startup Time": 4011.838, "Actual Total Time": 4011.861, "Actual Rows": 6, "Actual Loops": 1, "Inner Unique": true, "Hash Cond": "(mi_idx.movie_id = t.id), (LLVM Optimized, Jit Execute)", "Plans": [{"Node Type": "Nested Loop", "Parent Relationship": "Outer", "Join Type": "Inner", "Startup Cost": 0.0, "Total Cost": 38338.2, "Plan Rows": 345008, "Plan Width": 4, "Actual Startup Time": 0.087, "Actual Total Time": 0.106, "Actual Rows": 10, "Actual Loops": 1, "Inner Unique": false, "Plans": [{"Node Type": "Index Scan", "Parent Relationship": "Outer", "Scan Direction": "Forward", "Index Name": "info_type_pkey", "Relation Name": "info_type", "Alias": "it", "Startup Cost": 0.0, "Total Cost": 14.21, "Plan Rows": 1, "Plan Width": 4, "Actual Startup Time": 0.066, "Actual Total Time": 0.069, "Actual Rows": 1, "Actual Loops": 1, "Filter": "((info)::text = 'bottom 10 rank'::text)", "Rows Removed by Filter": 111}, {"Node Type": "Index Scan", "Parent Relationship": "Inner", "Scan Direction": "Forward", "Index Name": "info_type_id_movie_info_idx", "Relation Name": "movie_info_idx", "Alias": "mi_idx", "Startup Cost": 0.0, "Total Cost": 34873.91, "Plan Rows": 345008, "Plan Width": 8, "Actual Startup Time": 0.018, "Actual Total Time": 0.028, "Actual Rows": 10, "Actual Loops": 1, "Index Cond": "(info_type_id = it.id), (LLVM Optimized, Jit Execute)", "Rows Removed by Index Recheck": 0}]}, {"Node Type": "Hash", "Parent Relationship": "Inner", "Startup Cost": 116441.27, "Total Cost": 116441.27, "Plan Rows": 1381886, "Plan Width": 25, "Actual Startup Time": 4010.308, "Actual Total Time": 4010.308, "Actual Rows": 1381453, "Actual Loops": 1, "Hash Buckets": 2097152, "Hash Batches": 1, "Original Hash Batches": 1, "Peak Memory Usage": 79393, "Plans": [{"Node Type": "Index Scan", "Parent Relationship": "Outer", "Scan Direction": "Forward", "Index Name": "title_pkey", "Relation Name": "title", "Alias": "t", "Startup Cost": 0.0, "Total Cost": 116441.27, "Plan Rows": 1381886, "Plan Width": 25, "Actual Startup Time": 0.034, "Actual Total Time": 3282.905, "Actual Rows": 1381453, "Actual Loops": 1, "Filter": "(production_year > 2000), (LLVM Optimized, Jit Execute)", "Rows Removed by Filter": 1146858}]}]}]}]}]}, "Triggers": [], "Planner Runtime": 4, "Total Runtime": 4791.012, "Unique SQL Id": 2492542741}}, "(1, 46)": {"explain_plan": {"Plan": {"Node Type": "Aggregate", "Strategy": "Plain", "Startup Cost": 204572.36, "Total Cost": 204572.37, "Plan Rows": 1, "Plan Width": 113, "Plans": [{"Node Type": "Hash Join", "Parent Relationship": "Outer", "Join Type": "Inner", "Startup Cost": 122220.21, "Total Cost": 199693.17, "Plan Rows": 650559, "Plan Width": 45, "Inner Unique": true, "Hash Cond": "(mc.company_type_id = ct.id), (LLVM Optimized)", "Plans": [{"Node Type": "Hash Join", "Parent Relationship": "Outer", "Join Type": "Inner", "Startup Cost": 122219.16, "Total Cost": 191104.8, "Plan Rows": 1055184, "Plan Width": 49, "Inner Unique": false, "Hash Cond": "(mc.movie_id = t.id), (LLVM Optimized)", "Plans": [{"Node Type": "Seq Scan", "Parent Relationship": "Outer", "Relation Name": "movie_companies", "Alias": "mc", "Startup Cost": 0.0, "Total Cost": 48340.1, "Plan Rows": 2609035, "Plan Width": 32, "Filter": "((note)::text !~~ '%(as Metro-Goldwyn-Mayer Pictures)%'::text), (LLVM Optimized)"}, {"Node Type": "Hash", "Parent Relationship": "Inner", "Startup Cost": 116621.17, "Total Cost": 116621.17, "Plan Rows": 447839, "Plan Width": 29, "Plans": [{"Node Type": "Hash Join", "Parent Relationship": "Outer", "Join Type": "Inner", "Startup Cost": 83665.88, "Total Cost": 116621.17, "Plan Rows": 447839, "Plan Width": 29, "Inner Unique": true, "Hash Cond": "(mi_idx.movie_id = t.id), (LLVM Optimized)", "Plans": [{"Node Type": "Hash Join", "Parent Relationship": "Outer", "Join Type": "Inner", "Startup Cost": 2.41, "Total Cost": 27185.54, "Plan Rows": 345008, "Plan Width": 4, "Inner Unique": true, "Hash Cond": "(mi_idx.info_type_id = it.id), (LLVM Optimized)", "Plans": [{"Node Type": "Seq Scan", "Parent Relationship": "Outer", "Relation Name": "movie_info_idx", "Alias": "mi_idx", "Startup Cost": 0.0, "Total Cost": 20274.34, "Plan Rows": 1380034, "Plan Width": 8}, {"Node Type": "Hash", "Parent Relationship": "Inner", "Startup Cost": 2.4, "Total Cost": 2.4, "Plan Rows": 1, "Plan Width": 4, "Plans": [{"Node Type": "Seq Scan", "Parent Relationship": "Outer", "Relation Name": "info_type", "Alias": "it", "Startup Cost": 0.0, "Total Cost": 2.4, "Plan Rows": 1, "Plan Width": 4, "Filter": "((info)::text = 'bottom 10 rank'::text)"}]}]}, {"Node Type": "Hash", "Parent Relationship": "Inner", "Startup Cost": 66389.89, "Total Cost": 66389.89, "Plan Rows": 1381886, "Plan Width": 25, "Plans": [{"Node Type": "Seq Scan", "Parent Relationship": "Outer", "Relation Name": "title", "Alias": "t", "Startup Cost": 0.0, "Total Cost": 66389.89, "Plan Rows": 1381886, "Plan Width": 25, "Filter": "(production_year > 2000), (LLVM Optimized)"}]}]}]}]}, {"Node Type": "Hash", "Parent Relationship": "Inner", "Startup Cost": 1.04, "Total Cost": 1.04, "Plan Rows": 1, "Plan Width": 4, "Plans": [{"Node Type": "Seq Scan", "Parent Relationship": "Outer", "Relation Name": "company_type", "Alias": "ct", "Startup Cost": 0.0, "Total Cost": 1.04, "Plan Rows": 1, "Plan Width": 4, "Filter": "((kind)::text = 'production companies'::text)"}]}]}]}, "Unique SQL Id": 2492542741, "Planner Runtime": 6}, "explain_analyze_plan": {"Plan": {"Node Type": "Aggregate", "Strategy": "Plain", "Startup Cost": 204572.36, "Total Cost": 204572.37, "Plan Rows": 1, "Plan Width": 113, "Actual Startup Time": 3224.06, "Actual Total Time": 3224.06, "Actual Rows": 1, "Actual Loops": 1, "Plans": [{"Node Type": "Hash Join", "Parent Relationship": "Outer", "Join Type": "Inner", "Startup Cost": 122220.21, "Total Cost": 199693.17, "Plan Rows": 650559, "Plan Width": 45, "Actual Startup Time": 3046.139, "Actual Total Time": 3224.013, "Actual Rows": 4, "Actual Loops": 1, "Inner Unique": true, "Hash Cond": "(mc.company_type_id = ct.id), (LLVM Optimized, Jit Execute)", "Plans": [{"Node Type": "Hash Join", "Parent Relationship": "Outer", "Join Type": "Inner", "Startup Cost": 122219.16, "Total Cost": 191104.8, "Plan Rows": 1055184, "Plan Width": 49, "Actual Startup Time": 2326.995, "Actual Total Time": 3223.784, "Actual Rows": 78, "Actual Loops": 1, "Inner Unique": false, "Hash Cond": "(mc.movie_id = t.id), (LLVM Optimized, Jit Execute)", "Plans": [{"Node Type": "Seq Scan", "Parent Relationship": "Outer", "Relation Name": "movie_companies", "Alias": "mc", "Startup Cost": 0.0, "Total Cost": 48340.1, "Plan Rows": 2609035, "Plan Width": 32, "Actual Startup Time": 0.026, "Actual Total Time": 941.786, "Actual Rows": 1337087, "Actual Loops": 1, "Filter": "((note)::text !~~ '%(as Metro-Goldwyn-Mayer Pictures)%'::text), (LLVM Optimized, Jit Execute)", "Rows Removed by Filter": 1272041}, {"Node Type": "Hash", "Parent Relationship": "Inner", "Startup Cost": 116621.17, "Total Cost": 116621.17, "Plan Rows": 447839, "Plan Width": 29, "Actual Startup Time": 2012.885, "Actual Total Time": 2012.885, "Actual Rows": 6, "Actual Loops": 1, "Hash Buckets": 524288, "Hash Batches": 1, "Original Hash Batches": 1, "Peak Memory Usage": 1, "Plans": [{"Node Type": "Hash Join", "Parent Relationship": "Outer", "Join Type": "Inner", "Startup Cost": 83665.88, "Total Cost": 116621.17, "Plan Rows": 447839, "Plan Width": 29, "Actual Startup Time": 2012.819, "Actual Total Time": 2012.87, "Actual Rows": 6, "Actual Loops": 1, "Inner Unique": true, "Hash Cond": "(mi_idx.movie_id = t.id), (LLVM Optimized, Jit Execute)", "Plans": [{"Node Type": "Hash Join", "Parent Relationship": "Outer", "Join Type": "Inner", "Startup Cost": 2.41, "Total Cost": 27185.54, "Plan Rows": 345008, "Plan Width": 4, "Actual Startup Time": 534.697, "Actual Total Time": 534.72, "Actual Rows": 10, "Actual Loops": 1, "Inner Unique": true, "Hash Cond": "(mi_idx.info_type_id = it.id), (LLVM Optimized, Jit Execute)", "Plans": [{"Node Type": "Seq Scan", "Parent Relationship": "Outer", "Relation Name": "movie_info_idx", "Alias": "mi_idx", "Startup Cost": 0.0, "Total Cost": 20274.34, "Plan Rows": 1380034, "Plan Width": 8, "Actual Startup Time": 0.03, "Actual Total Time": 303.004, "Actual Rows": 1380034, "Actual Loops": 1}, {"Node Type": "Hash", "Parent Relationship": "Inner", "Startup Cost": 2.4, "Total Cost": 2.4, "Plan Rows": 1, "Plan Width": 4, "Actual Startup Time": 0.046, "Actual Total Time": 0.046, "Actual Rows": 1, "Actual Loops": 1, "Hash Buckets": 32768, "Hash Batches": 1, "Original Hash Batches": 1, "Peak Memory Usage": 1, "Plans": [{"Node Type": "Seq Scan", "Parent Relationship": "Outer", "Relation Name": "info_type", "Alias": "it", "Startup Cost": 0.0, "Total Cost": 2.4, "Plan Rows": 1, "Plan Width": 4, "Actual Startup Time": 0.042, "Actual Total Time": 0.044, "Actual Rows": 1, "Actual Loops": 1, "Filter": "((info)::text = 'bottom 10 rank'::text)", "Rows Removed by Filter": 111}]}]}, {"Node Type": "Hash", "Parent Relationship": "Inner", "Startup Cost": 66389.89, "Total Cost": 66389.89, "Plan Rows": 1381886, "Plan Width": 25, "Actual Startup Time": 1476.669, "Actual Total Time": 1476.669, "Actual Rows": 1381453, "Actual Loops": 1, "Hash Buckets": 2097152, "Hash Batches": 1, "Original Hash Batches": 1, "Peak Memory Usage": 79393, "Plans": [{"Node Type": "Seq Scan", "Parent Relationship": "Outer", "Relation Name": "title", "Alias": "t", "Startup Cost": 0.0, "Total Cost": 66389.89, "Plan Rows": 1381886, "Plan Width": 25, "Actual Startup Time": 0.071, "Actual Total Time": 926.834, "Actual Rows": 1381453, "Actual Loops": 1, "Filter": "(production_year > 2000), (LLVM Optimized, Jit Execute)", "Rows Removed by Filter": 1146858}]}]}]}]}, {"Node Type": "Hash", "Parent Relationship": "Inner", "Startup Cost": 1.04, "Total Cost": 1.04, "Plan Rows": 1, "Plan Width": 4, "Actual Startup Time": 0.044, "Actual Total Time": 0.044, "Actual Rows": 1, "Actual Loops": 1, "Hash Buckets": 32768, "Hash Batches": 1, "Original Hash Batches": 1, "Peak Memory Usage": 1, "Plans": [{"Node Type": "Seq Scan", "Parent Relationship": "Outer", "Relation Name": "company_type", "Alias": "ct", "Startup Cost": 0.0, "Total Cost": 1.04, "Plan Rows": 1, "Plan Width": 4, "Actual Startup Time": 0.025, "Actual Total Time": 0.028, "Actual Rows": 1, "Actual Loops": 1, "Filter": "((kind)::text = 'production companies'::text)", "Rows Removed by Filter": 2}]}]}]}, "Triggers": [], "Planner Runtime": 4, "Total Runtime": 3234.758, "Unique SQL Id": 2492542741}}, "(1, 47)": {"explain_plan": {"Plan": {"Node Type": "Aggregate", "Strategy": "Plain", "Startup Cost": 5015944704164.11, "Total Cost": 5015944704164.12, "Plan Rows": 1, "Plan Width": 113, "Plans": [{"Node Type": "Nested Loop", "Parent Relationship": "Outer", "Join Type": "Inner", "Startup Cost": 50000000000.0, "Total Cost": 5015944699284.92, "Plan Rows": 650559, "Plan Width": 45, "Inner Unique": false, "Join Filter": "(mc.movie_id = t.id), (LLVM Optimized)", "Plans": [{"Node Type": "Nested Loop", "Parent Relationship": "Outer", "Join Type": "Inner", "Startup Cost": 20000000000.0, "Total Cost": 2000013744593.91, "Plan Rows": 1304518, "Plan Width": 28, "Inner Unique": true, "Join Filter": "(ct.id = mc.company_type_id), (LLVM Optimized)", "Plans": [{"Node Type": "Index Scan", "Parent Relationship": "Outer", "Scan Direction": "Forward", "Index Name": "movie_id_movie_companies", "Relation Name": "movie_companies", "Alias": "mc", "Startup Cost": 10000000000.0, "Total Cost": 1000013704228.13, "Plan Rows": 2609035, "Plan Width": 32, "Filter": "((note)::text !~~ '%(as Metro-Goldwyn-Mayer Pictures)%'::text), (LLVM Optimized)"}, {"Node Type": "Materialize", "Parent Relationship": "Inner", "Startup Cost": 10000000000.0, "Total Cost": 1000000001230.26, "Plan Rows": 1, "Plan Width": 4, "Plans": [{"Node Type": "Index Scan", "Parent Relationship": "Outer", "Scan Direction": "Forward", "Index Name": "company_type_pkey", "Relation Name": "company_type", "Alias": "ct", "Startup Cost": 10000000000.0, "Total Cost": 1000000001230.25, "Plan Rows": 1, "Plan Width": 4, "Filter": "((kind)::text = 'production companies'::text)"}]}]}, {"Node Type": "Materialize", "Parent Relationship": "Inner", "Startup Cost": 30000000000.0, "Total Cost": 3007167745261.58, "Plan Rows": 447839, "Plan Width": 29, "Plans": [{"Node Type": "Nested Loop", "Parent Relationship": "Outer", "Join Type": "Inner", "Startup Cost": 30000000000.0, "Total Cost": 3007167743022.38, "Plan Rows": 447839, "Plan Width": 29, "Inner Unique": false, "Join Filter": "(mi_idx.movie_id = t.id), (LLVM Optimized)", "Plans": [{"Node Type": "Index Scan", "Parent Relationship": "Outer", "Scan Direction": "Forward", "Index Name": "title_pkey", "Relation Name": "title", "Alias": "t", "Startup Cost": 10000000000.0, "Total Cost": 1000011644126.66, "Plan Rows": 1381886, "Plan Width": 25, "Filter": "(production_year > 2000), (LLVM Optimized)"}, {"Node Type": "Materialize", "Parent Relationship": "Inner", "Startup Cost": 20000000000.0, "Total Cost": 2000004673881.92, "Plan Rows": 345008, "Plan Width": 4, "Plans": [{"Node Type": "Nested Loop", "Parent Relationship": "Outer", "Join Type": "Inner", "Startup Cost": 20000000000.0, "Total Cost": 2000004672156.88, "Plan Rows": 345008, "Plan Width": 4, "Inner Unique": true, "Join Filter": "(it.id = mi_idx.info_type_id), (LLVM Optimized)", "Plans": [{"Node Type": "Index Scan", "Parent Relationship": "Outer", "Scan Direction": "Forward", "Index Name": "movie_id_movie_info_idx", "Relation Name": "movie_info_idx", "Alias": "mi_idx", "Startup Cost": 10000000000.0, "Total Cost": 1000004650035.37, "Plan Rows": 1380034, "Plan Width": 8}, {"Node Type": "Materialize", "Parent Relationship": "Inner", "Startup Cost": 10000000000.0, "Total Cost": 1000000001421.0, "Plan Rows": 1, "Plan Width": 4, "Plans": [{"Node Type": "Index Scan", "Parent Relationship": "Outer", "Scan Direction": "Forward", "Index Name": "info_type_pkey", "Relation Name": "info_type", "Alias": "it", "Startup Cost": 10000000000.0, "Total Cost": 1000000001421.0, "Plan Rows": 1, "Plan Width": 4, "Filter": "((info)::text = 'bottom 10 rank'::text)"}]}]}]}]}]}]}]}, "Unique SQL Id": 2492542741, "Planner Runtime": 4}, "explain_analyze_plan": null}, "(1, 48)": {"explain_plan": {"Plan": {"Node Type": "Aggregate", "Strategy": "Plain", "Startup Cost": 346287.75, "Total Cost": 346287.76, "Plan Rows": 1, "Plan Width": 113, "Plans": [{"Node Type": "Nested Loop", "Parent Relationship": "Outer", "Join Type": "Inner", "Startup Cost": 7502.06, "Total Cost": 341503.6, "Plan Rows": 637886, "Plan Width": 45, "Inner Unique": true, "Plans": [{"Node Type": "Nested Loop", "Parent Relationship": "Outer", "Join Type": "Inner", "Startup Cost": 7502.06, "Total Cost": 166081.74, "Plan Rows": 501180, "Plan Width": 32, "Inner Unique": false, "Join Filter": "(mc.company_type_id = ct.id), (LLVM Optimized)", "Plans": [{"Node Type": "Seq Scan", "Parent Relationship": "Outer", "Relation Name": "company_type", "Alias": "ct", "Startup Cost": 0.0, "Total Cost": 1.04, "Plan Rows": 1, "Plan Width": 4, "Filter": "((kind)::text = 'production companies'::text)"}, {"Node Type": "Nested Loop", "Parent Relationship": "Inner", "Join Type": "Inner", "Startup Cost": 7502.06, "Total Cost": 155717.63, "Plan Rows": 829046, "Plan Width": 36, "Inner Unique": false, "Plans": [{"Node Type": "Nested Loop", "Parent Relationship": "Outer", "Join Type": "Inner", "Startup Cost": 7502.06, "Total Cost": 21741.14, "Plan Rows": 345008, "Plan Width": 4, "Inner Unique": false, "Plans": [{"Node Type": "Seq Scan", "Parent Relationship": "Outer", "Relation Name": "info_type", "Alias": "it", "Startup Cost": 0.0, "Total Cost": 2.4, "Plan Rows": 1, "Plan Width": 4, "Filter": "((info)::text = 'bottom 10 rank'::text)"}, {"Node Type": "Bitmap Heap Scan", "Parent Relationship": "Inner", "Relation Name": "movie_info_idx", "Alias": "mi_idx", "Startup Cost": 7502.06, "Total Cost": 18288.66, "Plan Rows": 345008, "Plan Width": 8, "Recheck Cond": "(info_type_id = it.id), (LLVM Optimized)", "Plans": [{"Node Type": "Bitmap Index Scan", "Parent Relationship": "Outer", "Index Name": "info_type_id_movie_info_idx", "Startup Cost": 0.0, "Total Cost": 7415.81, "Plan Rows": 345008, "Plan Width": 0, "Index Cond": "(info_type_id = it.id)"}]}]}, {"Node Type": "Index Scan", "Parent Relationship": "Inner", "Scan Direction": "Forward", "Index Name": "movie_id_movie_companies", "Relation Name": "movie_companies", "Alias": "mc", "Startup Cost": 0.0, "Total Cost": 0.37, "Plan Rows": 2, "Plan Width": 32, "Index Cond": "(movie_id = mi_idx.movie_id)", "Filter": "((note)::text !~~ '%(as Metro-Goldwyn-Mayer Pictures)%'::text)"}]}]}, {"Node Type": "Index Scan", "Parent Relationship": "Inner", "Scan Direction": "Forward", "Index Name": "title_pkey", "Relation Name": "title", "Alias": "t", "Startup Cost": 0.0, "Total Cost": 0.34, "Plan Rows": 1, "Plan Width": 25, "Index Cond": "(id = mc.movie_id)", "Filter": "(production_year > 2000)"}]}]}, "Unique SQL Id": 2492542741, "Planner Runtime": 2}, "explain_analyze_plan": {"Plan": {"Node Type": "Aggregate", "Strategy": "Plain", "Startup Cost": 346287.75, "Total Cost": 346287.76, "Plan Rows": 1, "Plan Width": 113, "Actual Startup Time": 0.466, "Actual Total Time": 0.467, "Actual Rows": 1, "Actual Loops": 1, "Plans": [{"Node Type": "Nested Loop", "Parent Relationship": "Outer", "Join Type": "Inner", "Startup Cost": 7502.06, "Total Cost": 341503.6, "Plan Rows": 637886, "Plan Width": 45, "Actual Startup Time": 0.362, "Actual Total Time": 0.437, "Actual Rows": 4, "Actual Loops": 1, "Inner Unique": true, "Plans": [{"Node Type": "Nested Loop", "Parent Relationship": "Outer", "Join Type": "Inner", "Startup Cost": 7502.06, "Total Cost": 166081.74, "Plan Rows": 501180, "Plan Width": 32, "Actual Startup Time": 0.232, "Actual Total Time": 0.396, "Actual Rows": 5, "Actual Loops": 1, "Inner Unique": false, "Join Filter": "(mc.company_type_id = ct.id), (LLVM Optimized)", "Rows Removed by Join Filter": 95, "Plans": [{"Node Type": "Seq Scan", "Parent Relationship": "Outer", "Relation Name": "company_type", "Alias": "ct", "Startup Cost": 0.0, "Total Cost": 1.04, "Plan Rows": 1, "Plan Width": 4, "Actual Startup Time": 0.028, "Actual Total Time": 0.029, "Actual Rows": 1, "Actual Loops": 1, "Filter": "((kind)::text = 'production companies'::text)", "Rows Removed by Filter": 2}, {"Node Type": "Nested Loop", "Parent Relationship": "Inner", "Join Type": "Inner", "Startup Cost": 7502.06, "Total Cost": 155717.63, "Plan Rows": 829046, "Plan Width": 36, "Actual Startup Time": 0.12, "Actual Total Time": 0.338, "Actual Rows": 100, "Actual Loops": 1, "Inner Unique": false, "Plans": [{"Node Type": "Nested Loop", "Parent Relationship": "Outer", "Join Type": "Inner", "Startup Cost": 7502.06, "Total Cost": 21741.14, "Plan Rows": 345008, "Plan Width": 4, "Actual Startup Time": 0.099, "Actual Total Time": 0.105, "Actual Rows": 10, "Actual Loops": 1, "Inner Unique": false, "Plans": [{"Node Type": "Seq Scan", "Parent Relationship": "Outer", "Relation Name": "info_type", "Alias": "it", "Startup Cost": 0.0, "Total Cost": 2.4, "Plan Rows": 1, "Plan Width": 4, "Actual Startup Time": 0.049, "Actual Total Time": 0.053, "Actual Rows": 1, "Actual Loops": 1, "Filter": "((info)::text = 'bottom 10 rank'::text)", "Rows Removed by Filter": 111}, {"Node Type": "Bitmap Heap Scan", "Parent Relationship": "Inner", "Relation Name": "movie_info_idx", "Alias": "mi_idx", "Startup Cost": 7502.06, "Total Cost": 18288.66, "Plan Rows": 345008, "Plan Width": 8, "Actual Startup Time": 0.046, "Actual Total Time": 0.047, "Actual Rows": 10, "Actual Loops": 1, "Recheck Cond": "(info_type_id = it.id), (LLVM Optimized)", "Rows Removed by Index Recheck": 0, "Exact Heap Blocks": 1, "Lossy Heap Blocks": 1, "Plans": [{"Node Type": "Bitmap Index Scan", "Parent Relationship": "Outer", "Index Name": "info_type_id_movie_info_idx", "Startup Cost": 0.0, "Total Cost": 7415.81, "Plan Rows": 345008, "Plan Width": 0, "Actual Startup Time": 0.025, "Actual Total Time": 0.025, "Actual Rows": 10, "Actual Loops": 1, "Index Cond": "(info_type_id = it.id)"}]}]}, {"Node Type": "Index Scan", "Parent Relationship": "Inner", "Scan Direction": "Forward", "Index Name": "movie_id_movie_companies", "Relation Name": "movie_companies", "Alias": "mc", "Startup Cost": 0.0, "Total Cost": 0.37, "Plan Rows": 2, "Plan Width": 32, "Actual Startup Time": 0.104, "Actual Total Time": 0.207, "Actual Rows": 100, "Actual Loops": 10, "Index Cond": "(movie_id = mi_idx.movie_id)", "Rows Removed by Index Recheck": 0, "Filter": "((note)::text !~~ '%(as Metro-Goldwyn-Mayer Pictures)%'::text)", "Rows Removed by Filter": 20}]}]}, {"Node Type": "Index Scan", "Parent Relationship": "Inner", "Scan Direction": "Forward", "Index Name": "title_pkey", "Relation Name": "title", "Alias": "t", "Startup Cost": 0.0, "Total Cost": 0.34, "Plan Rows": 1, "Plan Width": 25, "Actual Startup Time": 0.035, "Actual Total Time": 0.035, "Actual Rows": 4, "Actual Loops": 5, "Index Cond": "(id = mc.movie_id)", "Rows Removed by Index Recheck": 0, "Filter": "(production_year > 2000)", "Rows Removed by Filter": 1}]}]}, "Triggers": [], "Planner Runtime": 2, "Total Runtime": 9.979, "Unique SQL Id": 2492542741}}, "(1, 49)": {"explain_plan": {"Plan": {"Node Type": "Aggregate", "Strategy": "Plain", "Startup Cost": 346310.82, "Total Cost": 346310.83, "Plan Rows": 1, "Plan Width": 113, "Plans": [{"Node Type": "Nested Loop", "Parent Relationship": "Outer", "Join Type": "Inner", "Startup Cost": 7502.06, "Total Cost": 341526.68, "Plan Rows": 637886, "Plan Width": 45, "Inner Unique": true, "Plans": [{"Node Type": "Nested Loop", "Parent Relationship": "Outer", "Join Type": "Inner", "Startup Cost": 7502.06, "Total Cost": 166104.81, "Plan Rows": 501180, "Plan Width": 32, "Inner Unique": false, "Join Filter": "(mc.company_type_id = ct.id), (LLVM Optimized)", "Plans": [{"Node Type": "Index Scan", "Parent Relationship": "Outer", "Scan Direction": "Forward", "Index Name": "company_type_pkey", "Relation Name": "company_type", "Alias": "ct", "Startup Cost": 0.0, "Total Cost": 12.3, "Plan Rows": 1, "Plan Width": 4, "Filter": "((kind)::text = 'production companies'::text)"}, {"Node Type": "Nested Loop", "Parent Relationship": "Inner", "Join Type": "Inner", "Startup Cost": 7502.06, "Total Cost": 155729.44, "Plan Rows": 829046, "Plan Width": 36, "Inner Unique": false, "Plans": [{"Node Type": "Nested Loop", "Parent Relationship": "Outer", "Join Type": "Inner", "Startup Cost": 7502.06, "Total Cost": 21752.95, "Plan Rows": 345008, "Plan Width": 4, "Inner Unique": false, "Plans": [{"Node Type": "Index Scan", "Parent Relationship": "Outer", "Scan Direction": "Forward", "Index Name": "info_type_pkey", "Relation Name": "info_type", "Alias": "it", "Startup Cost": 0.0, "Total Cost": 14.21, "Plan Rows": 1, "Plan Width": 4, "Filter": "((info)::text = 'bottom 10 rank'::text)"}, {"Node Type": "Bitmap Heap Scan", "Parent Relationship": "Inner", "Relation Name": "movie_info_idx", "Alias": "mi_idx", "Startup Cost": 7502.06, "Total Cost": 18288.66, "Plan Rows": 345008, "Plan Width": 8, "Recheck Cond": "(info_type_id = it.id), (LLVM Optimized)", "Plans": [{"Node Type": "Bitmap Index Scan", "Parent Relationship": "Outer", "Index Name": "info_type_id_movie_info_idx", "Startup Cost": 0.0, "Total Cost": 7415.81, "Plan Rows": 345008, "Plan Width": 0, "Index Cond": "(info_type_id = it.id)"}]}]}, {"Node Type": "Index Scan", "Parent Relationship": "Inner", "Scan Direction": "Forward", "Index Name": "movie_id_movie_companies", "Relation Name": "movie_companies", "Alias": "mc", "Startup Cost": 0.0, "Total Cost": 0.37, "Plan Rows": 2, "Plan Width": 32, "Index Cond": "(movie_id = mi_idx.movie_id)", "Filter": "((note)::text !~~ '%(as Metro-Goldwyn-Mayer Pictures)%'::text)"}]}]}, {"Node Type": "Index Scan", "Parent Relationship": "Inner", "Scan Direction": "Forward", "Index Name": "title_pkey", "Relation Name": "title", "Alias": "t", "Startup Cost": 0.0, "Total Cost": 0.34, "Plan Rows": 1, "Plan Width": 25, "Index Cond": "(id = mc.movie_id)", "Filter": "(production_year > 2000)"}]}]}, "Unique SQL Id": 2492542741, "Planner Runtime": 2}, "explain_analyze_plan": {"Plan": {"Node Type": "Aggregate", "Strategy": "Plain", "Startup Cost": 346310.82, "Total Cost": 346310.83, "Plan Rows": 1, "Plan Width": 113, "Actual Startup Time": 0.407, "Actual Total Time": 0.407, "Actual Rows": 1, "Actual Loops": 1, "Plans": [{"Node Type": "Nested Loop", "Parent Relationship": "Outer", "Join Type": "Inner", "Startup Cost": 7502.06, "Total Cost": 341526.68, "Plan Rows": 637886, "Plan Width": 45, "Actual Startup Time": 0.324, "Actual Total Time": 0.39, "Actual Rows": 4, "Actual Loops": 1, "Inner Unique": true, "Plans": [{"Node Type": "Nested Loop", "Parent Relationship": "Outer", "Join Type": "Inner", "Startup Cost": 7502.06, "Total Cost": 166104.81, "Plan Rows": 501180, "Plan Width": 32, "Actual Startup Time": 0.208, "Actual Total Time": 0.356, "Actual Rows": 5, "Actual Loops": 1, "Inner Unique": false, "Join Filter": "(mc.company_type_id = ct.id), (LLVM Optimized)", "Rows Removed by Join Filter": 95, "Plans": [{"Node Type": "Index Scan", "Parent Relationship": "Outer", "Scan Direction": "Forward", "Index Name": "company_type_pkey", "Relation Name": "company_type", "Alias": "ct", "Startup Cost": 0.0, "Total Cost": 12.3, "Plan Rows": 1, "Plan Width": 4, "Actual Startup Time": 0.027, "Actual Total Time": 0.029, "Actual Rows": 1, "Actual Loops": 1, "Filter": "((kind)::text = 'production companies'::text)", "Rows Removed by Filter": 2}, {"Node Type": "Nested Loop", "Parent Relationship": "Inner", "Join Type": "Inner", "Startup Cost": 7502.06, "Total Cost": 155729.44, "Plan Rows": 829046, "Plan Width": 36, "Actual Startup Time": 0.111, "Actual Total Time": 0.293, "Actual Rows": 100, "Actual Loops": 1, "Inner Unique": false, "Plans": [{"Node Type": "Nested Loop", "Parent Relationship": "Outer", "Join Type": "Inner", "Startup Cost": 7502.06, "Total Cost": 21752.95, "Plan Rows": 345008, "Plan Width": 4, "Actual Startup Time": 0.096, "Actual Total Time": 0.103, "Actual Rows": 10, "Actual Loops": 1, "Inner Unique": false, "Plans": [{"Node Type": "Index Scan", "Parent Relationship": "Outer", "Scan Direction": "Forward", "Index Name": "info_type_pkey", "Relation Name": "info_type", "Alias": "it", "Startup Cost": 0.0, "Total Cost": 14.21, "Plan Rows": 1, "Plan Width": 4, "Actual Startup Time": 0.06, "Actual Total Time": 0.061, "Actual Rows": 1, "Actual Loops": 1, "Filter": "((info)::text = 'bottom 10 rank'::text)", "Rows Removed by Filter": 111}, {"Node Type": "Bitmap Heap Scan", "Parent Relationship": "Inner", "Relation Name": "movie_info_idx", "Alias": "mi_idx", "Startup Cost": 7502.06, "Total Cost": 18288.66, "Plan Rows": 345008, "Plan Width": 8, "Actual Startup Time": 0.03, "Actual Total Time": 0.033, "Actual Rows": 10, "Actual Loops": 1, "Recheck Cond": "(info_type_id = it.id), (LLVM Optimized)", "Rows Removed by Index Recheck": 0, "Exact Heap Blocks": 1, "Lossy Heap Blocks": 1, "Plans": [{"Node Type": "Bitmap Index Scan", "Parent Relationship": "Outer", "Index Name": "info_type_id_movie_info_idx", "Startup Cost": 0.0, "Total Cost": 7415.81, "Plan Rows": 345008, "Plan Width": 0, "Actual Startup Time": 0.012, "Actual Total Time": 0.012, "Actual Rows": 10, "Actual Loops": 1, "Index Cond": "(info_type_id = it.id)"}]}]}, {"Node Type": "Index Scan", "Parent Relationship": "Inner", "Scan Direction": "Forward", "Index Name": "movie_id_movie_companies", "Relation Name": "movie_companies", "Alias": "mc", "Startup Cost": 0.0, "Total Cost": 0.37, "Plan Rows": 2, "Plan Width": 32, "Actual Startup Time": 0.08, "Actual Total Time": 0.155, "Actual Rows": 100, "Actual Loops": 10, "Index Cond": "(movie_id = mi_idx.movie_id)", "Rows Removed by Index Recheck": 0, "Filter": "((note)::text !~~ '%(as Metro-Goldwyn-Mayer Pictures)%'::text)", "Rows Removed by Filter": 20}]}]}, {"Node Type": "Index Scan", "Parent Relationship": "Inner", "Scan Direction": "Forward", "Index Name": "title_pkey", "Relation Name": "title", "Alias": "t", "Startup Cost": 0.0, "Total Cost": 0.34, "Plan Rows": 1, "Plan Width": 25, "Actual Startup Time": 0.029, "Actual Total Time": 0.029, "Actual Rows": 4, "Actual Loops": 5, "Index Cond": "(id = mc.movie_id)", "Rows Removed by Index Recheck": 0, "Filter": "(production_year > 2000)", "Rows Removed by Filter": 1}]}]}, "Triggers": [], "Planner Runtime": 2, "Total Runtime": 9.982, "Unique SQL Id": 2492542741}}, "(1, 50)": {"explain_plan": {"Plan": {"Node Type": "Aggregate", "Strategy": "Plain", "Startup Cost": 3487396.95, "Total Cost": 3487396.96, "Plan Rows": 1, "Plan Width": 113, "Plans": [{"Node Type": "Nested Loop", "Parent Relationship": "Outer", "Join Type": "Inner", "Startup Cost": 0.58, "Total Cost": 3482612.8, "Plan Rows": 637886, "Plan Width": 45, "Inner Unique": false, "Join Filter": "(mc.company_type_id = ct.id), (LLVM Optimized)", "Plans": [{"Node Type": "Seq Scan", "Parent Relationship": "Outer", "Relation Name": "company_type", "Alias": "ct", "Startup Cost": 0.0, "Total Cost": 1.04, "Plan Rows": 1, "Plan Width": 4, "Filter": "((kind)::text = 'production companies'::text)"}, {"Node Type": "Nested Loop", "Parent Relationship": "Inner", "Join Type": "Inner", "Startup Cost": 0.58, "Total Cost": 3469421.97, "Plan Rows": 1055184, "Plan Width": 49, "Inner Unique": false, "Plans": [{"Node Type": "Nested Loop", "Parent Relationship": "Outer", "Join Type": "Inner", "Startup Cost": 0.28, "Total Cost": 1524363.16, "Plan Rows": 447839, "Plan Width": 29, "Inner Unique": true, "Plans": [{"Node Type": "Nested Loop", "Parent Relationship": "Outer", "Join Type": "Inner", "Startup Cost": 0.0, "Total Cost": 37527.17, "Plan Rows": 345008, "Plan Width": 4, "Inner Unique": false, "Join Filter": "(it.id = mi_idx.info_type_id), (LLVM Optimized)", "Plans": [{"Node Type": "Seq Scan", "Parent Relationship": "Outer", "Relation Name": "info_type", "Alias": "it", "Startup Cost": 0.0, "Total Cost": 2.4, "Plan Rows": 1, "Plan Width": 4, "Filter": "((info)::text = 'bottom 10 rank'::text)"}, {"Node Type": "Seq Scan", "Parent Relationship": "Inner", "Relation Name": "movie_info_idx", "Alias": "mi_idx", "Startup Cost": 0.0, "Total Cost": 20274.34, "Plan Rows": 1380034, "Plan Width": 8}]}, {"Node Type": "Bitmap Heap Scan", "Parent Relationship": "Inner", "Relation Name": "title", "Alias": "t", "Startup Cost": 0.28, "Total Cost": 4.3, "Plan Rows": 1, "Plan Width": 25, "Recheck Cond": "(id = mi_idx.movie_id)", "Filter": "(production_year > 2000)", "Plans": [{"Node Type": "Bitmap Index Scan", "Parent Relationship": "Outer", "Index Name": "title_pkey", "Startup Cost": 0.0, "Total Cost": 0.28, "Plan Rows": 1, "Plan Width": 0, "Index Cond": "(id = mi_idx.movie_id)"}]}]}, {"Node Type": "Bitmap Heap Scan", "Parent Relationship": "Inner", "Relation Name": "movie_companies", "Alias": "mc", "Startup Cost": 0.29, "Total Cost": 4.32, "Plan Rows": 2, "Plan Width": 32, "Recheck Cond": "(movie_id = t.id)", "Filter": "((note)::text !~~ '%(as Metro-Goldwyn-Mayer Pictures)%'::text)", "Plans": [{"Node Type": "Bitmap Index Scan", "Parent Relationship": "Outer", "Index Name": "movie_id_movie_companies", "Startup Cost": 0.0, "Total Cost": 0.29, "Plan Rows": 2, "Plan Width": 0, "Index Cond": "(movie_id = t.id)"}]}]}]}]}, "Unique SQL Id": 2492542741, "Planner Runtime": 2}, "explain_analyze_plan": {"Plan": {"Node Type": "Aggregate", "Strategy": "Plain", "Startup Cost": 3487396.95, "Total Cost": 3487396.96, "Plan Rows": 1, "Plan Width": 113, "Actual Startup Time": 586.607, "Actual Total Time": 586.608, "Actual Rows": 1, "Actual Loops": 1, "Plans": [{"Node Type": "Nested Loop", "Parent Relationship": "Outer", "Join Type": "Inner", "Startup Cost": 0.58, "Total Cost": 3482612.8, "Plan Rows": 637886, "Plan Width": 45, "Actual Startup Time": 586.505, "Actual Total Time": 586.574, "Actual Rows": 4, "Actual Loops": 1, "Inner Unique": false, "Join Filter": "(mc.company_type_id = ct.id), (LLVM Optimized)", "Rows Removed by Join Filter": 74, "Plans": [{"Node Type": "Seq Scan", "Parent Relationship": "Outer", "Relation Name": "company_type", "Alias": "ct", "Startup Cost": 0.0, "Total Cost": 1.04, "Plan Rows": 1, "Plan Width": 4, "Actual Startup Time": 0.025, "Actual Total Time": 0.028, "Actual Rows": 1, "Actual Loops": 1, "Filter": "((kind)::text = 'production companies'::text)", "Rows Removed by Filter": 2}, {"Node Type": "Nested Loop", "Parent Relationship": "Inner", "Join Type": "Inner", "Startup Cost": 0.58, "Total Cost": 3469421.97, "Plan Rows": 1055184, "Plan Width": 49, "Actual Startup Time": 586.272, "Actual Total Time": 586.521, "Actual Rows": 78, "Actual Loops": 1, "Inner Unique": false, "Plans": [{"Node Type": "Nested Loop", "Parent Relationship": "Outer", "Join Type": "Inner", "Startup Cost": 0.28, "Total Cost": 1524363.16, "Plan Rows": 447839, "Plan Width": 29, "Actual Startup Time": 586.207, "Actual Total Time": 586.304, "Actual Rows": 6, "Actual Loops": 1, "Inner Unique": true, "Plans": [{"Node Type": "Nested Loop", "Parent Relationship": "Outer", "Join Type": "Inner", "Startup Cost": 0.0, "Total Cost": 37527.17, "Plan Rows": 345008, "Plan Width": 4, "Actual Startup Time": 586.088, "Actual Total Time": 586.108, "Actual Rows": 10, "Actual Loops": 1, "Inner Unique": false, "Join Filter": "(it.id = mi_idx.info_type_id), (LLVM Optimized)", "Rows Removed by Join Filter": 1380024, "Plans": [{"Node Type": "Seq Scan", "Parent Relationship": "Outer", "Relation Name": "info_type", "Alias": "it", "Startup Cost": 0.0, "Total Cost": 2.4, "Plan Rows": 1, "Plan Width": 4, "Actual Startup Time": 0.05, "Actual Total Time": 0.057, "Actual Rows": 1, "Actual Loops": 1, "Filter": "((info)::text = 'bottom 10 rank'::text)", "Rows Removed by Filter": 111}, {"Node Type": "Seq Scan", "Parent Relationship": "Inner", "Relation Name": "movie_info_idx", "Alias": "mi_idx", "Startup Cost": 0.0, "Total Cost": 20274.34, "Plan Rows": 1380034, "Plan Width": 8, "Actual Startup Time": 0.03, "Actual Total Time": 295.085, "Actual Rows": 1380034, "Actual Loops": 1}]}, {"Node Type": "Bitmap Heap Scan", "Parent Relationship": "Inner", "Relation Name": "title", "Alias": "t", "Startup Cost": 0.28, "Total Cost": 4.3, "Plan Rows": 1, "Plan Width": 25, "Actual Startup Time": 0.158, "Actual Total Time": 0.158, "Actual Rows": 6, "Actual Loops": 10, "Recheck Cond": "(id = mi_idx.movie_id)", "Rows Removed by Index Recheck": 0, "Filter": "(production_year > 2000)", "Rows Removed by Filter": 4, "Exact Heap Blocks": 10, "Lossy Heap Blocks": 10, "Plans": [{"Node Type": "Bitmap Index Scan", "Parent Relationship": "Outer", "Index Name": "title_pkey", "Startup Cost": 0.0, "Total Cost": 0.28, "Plan Rows": 1, "Plan Width": 0, "Actual Startup Time": 0.086, "Actual Total Time": 0.086, "Actual Rows": 10, "Actual Loops": 10, "Index Cond": "(id = mi_idx.movie_id)"}]}]}, {"Node Type": "Bitmap Heap Scan", "Parent Relationship": "Inner", "Relation Name": "movie_companies", "Alias": "mc", "Startup Cost": 0.29, "Total Cost": 4.32, "Plan Rows": 2, "Plan Width": 32, "Actual Startup Time": 0.134, "Actual Total Time": 0.19, "Actual Rows": 78, "Actual Loops": 6, "Recheck Cond": "(movie_id = t.id)", "Rows Removed by Index Recheck": 0, "Filter": "((note)::text !~~ '%(as Metro-Goldwyn-Mayer Pictures)%'::text)", "Rows Removed by Filter": 15, "Exact Heap Blocks": 13, "Lossy Heap Blocks": 13, "Plans": [{"Node Type": "Bitmap Index Scan", "Parent Relationship": "Outer", "Index Name": "movie_id_movie_companies", "Startup Cost": 0.0, "Total Cost": 0.29, "Plan Rows": 2, "Plan Width": 0, "Actual Startup Time": 0.065, "Actual Total Time": 0.065, "Actual Rows": 93, "Actual Loops": 6, "Index Cond": "(movie_id = t.id)"}]}]}]}]}, "Triggers": [], "Planner Runtime": 2, "Total Runtime": 596.24, "Unique SQL Id": 2492542741}}, "(1, 51)": {"explain_plan": {"Plan": {"Node Type": "Aggregate", "Strategy": "Plain", "Startup Cost": 1000017767760.86, "Total Cost": 1000017767760.87, "Plan Rows": 1, "Plan Width": 113, "Plans": [{"Node Type": "Nested Loop", "Parent Relationship": "Outer", "Join Type": "Inner", "Startup Cost": 10000000001.08, "Total Cost": 1000017762976.72, "Plan Rows": 637886, "Plan Width": 45, "Inner Unique": true, "Plans": [{"Node Type": "Nested Loop", "Parent Relationship": "Outer", "Join Type": "Inner", "Startup Cost": 10000000000.81, "Total Cost": 1000015609438.29, "Plan Rows": 501180, "Plan Width": 32, "Inner Unique": true, "Plans": [{"Node Type": "Nested Loop", "Parent Relationship": "Outer", "Join Type": "Inner", "Startup Cost": 10000000000.55, "Total Cost": 1000012058838.99, "Plan Rows": 829046, "Plan Width": 36, "Inner Unique": false, "Plans": [{"Node Type": "Nested Loop", "Parent Relationship": "Outer", "Join Type": "Inner", "Startup Cost": 10000000000.26, "Total Cost": 1000010560383.98, "Plan Rows": 345008, "Plan Width": 4, "Inner Unique": true, "Plans": [{"Node Type": "Index Scan", "Parent Relationship": "Outer", "Scan Direction": "Forward", "Index Name": "movie_id_movie_info_idx", "Relation Name": "movie_info_idx", "Alias": "mi_idx", "Startup Cost": 10000000000.0, "Total Cost": 1000004650035.37, "Plan Rows": 1380034, "Plan Width": 8}, {"Node Type": "Bitmap Heap Scan", "Parent Relationship": "Inner", "Relation Name": "info_type", "Alias": "it", "Startup Cost": 0.26, "Total Cost": 4.27, "Plan Rows": 1, "Plan Width": 4, "Recheck Cond": "(id = mi_idx.info_type_id)", "Filter": "((info)::text = 'bottom 10 rank'::text)", "Plans": [{"Node Type": "Bitmap Index Scan", "Parent Relationship": "Outer", "Index Name": "info_type_pkey", "Startup Cost": 0.0, "Total Cost": 0.26, "Plan Rows": 1, "Plan Width": 0, "Index Cond": "(id = mi_idx.info_type_id)"}]}]}, {"Node Type": "Bitmap Heap Scan", "Parent Relationship": "Inner", "Relation Name": "movie_companies", "Alias": "mc", "Startup Cost": 0.29, "Total Cost": 4.32, "Plan Rows": 2, "Plan Width": 32, "Recheck Cond": "(movie_id = mi_idx.movie_id)", "Filter": "((note)::text !~~ '%(as Metro-Goldwyn-Mayer Pictures)%'::text)", "Plans": [{"Node Type": "Bitmap Index Scan", "Parent Relationship": "Outer", "Index Name": "movie_id_movie_companies", "Startup Cost": 0.0, "Total Cost": 0.29, "Plan Rows": 2, "Plan Width": 0, "Index Cond": "(movie_id = mi_idx.movie_id)"}]}]}, {"Node Type": "Bitmap Heap Scan", "Parent Relationship": "Inner", "Relation Name": "company_type", "Alias": "ct", "Startup Cost": 0.26, "Total Cost": 4.27, "Plan Rows": 1, "Plan Width": 4, "Recheck Cond": "(id = mc.company_type_id)", "Filter": "((kind)::text = 'production companies'::text)", "Plans": [{"Node Type": "Bitmap Index Scan", "Parent Relationship": "Outer", "Index Name": "company_type_pkey", "Startup Cost": 0.0, "Total Cost": 0.26, "Plan Rows": 1, "Plan Width": 0, "Index Cond": "(id = mc.company_type_id)"}]}]}, {"Node Type": "Bitmap Heap Scan", "Parent Relationship": "Inner", "Relation Name": "title", "Alias": "t", "Startup Cost": 0.27, "Total Cost": 4.29, "Plan Rows": 1, "Plan Width": 25, "Recheck Cond": "(id = mc.movie_id)", "Filter": "(production_year > 2000)", "Plans": [{"Node Type": "Bitmap Index Scan", "Parent Relationship": "Outer", "Index Name": "title_pkey", "Startup Cost": 0.0, "Total Cost": 0.27, "Plan Rows": 1, "Plan Width": 0, "Index Cond": "(id = mc.movie_id)"}]}]}]}, "Unique SQL Id": 2492542741, "Planner Runtime": 2}, "explain_analyze_plan": null}, "(1, 52)": {"explain_plan": {"Plan": {"Node Type": "Aggregate", "Strategy": "Plain", "Startup Cost": 346287.75, "Total Cost": 346287.76, "Plan Rows": 1, "Plan Width": 113, "Plans": [{"Node Type": "Nested Loop", "Parent Relationship": "Outer", "Join Type": "Inner", "Startup Cost": 7502.06, "Total Cost": 341503.6, "Plan Rows": 637886, "Plan Width": 45, "Inner Unique": true, "Plans": [{"Node Type": "Nested Loop", "Parent Relationship": "Outer", "Join Type": "Inner", "Startup Cost": 7502.06, "Total Cost": 166081.74, "Plan Rows": 501180, "Plan Width": 32, "Inner Unique": false, "Join Filter": "(mc.company_type_id = ct.id), (LLVM Optimized)", "Plans": [{"Node Type": "Seq Scan", "Parent Relationship": "Outer", "Relation Name": "company_type", "Alias": "ct", "Startup Cost": 0.0, "Total Cost": 1.04, "Plan Rows": 1, "Plan Width": 4, "Filter": "((kind)::text = 'production companies'::text)"}, {"Node Type": "Nested Loop", "Parent Relationship": "Inner", "Join Type": "Inner", "Startup Cost": 7502.06, "Total Cost": 155717.63, "Plan Rows": 829046, "Plan Width": 36, "Inner Unique": false, "Plans": [{"Node Type": "Nested Loop", "Parent Relationship": "Outer", "Join Type": "Inner", "Startup Cost": 7502.06, "Total Cost": 21741.14, "Plan Rows": 345008, "Plan Width": 4, "Inner Unique": false, "Plans": [{"Node Type": "Seq Scan", "Parent Relationship": "Outer", "Relation Name": "info_type", "Alias": "it", "Startup Cost": 0.0, "Total Cost": 2.4, "Plan Rows": 1, "Plan Width": 4, "Filter": "((info)::text = 'bottom 10 rank'::text)"}, {"Node Type": "Bitmap Heap Scan", "Parent Relationship": "Inner", "Relation Name": "movie_info_idx", "Alias": "mi_idx", "Startup Cost": 7502.06, "Total Cost": 18288.66, "Plan Rows": 345008, "Plan Width": 8, "Recheck Cond": "(info_type_id = it.id), (LLVM Optimized)", "Plans": [{"Node Type": "Bitmap Index Scan", "Parent Relationship": "Outer", "Index Name": "info_type_id_movie_info_idx", "Startup Cost": 0.0, "Total Cost": 7415.81, "Plan Rows": 345008, "Plan Width": 0, "Index Cond": "(info_type_id = it.id)"}]}]}, {"Node Type": "Index Scan", "Parent Relationship": "Inner", "Scan Direction": "Forward", "Index Name": "movie_id_movie_companies", "Relation Name": "movie_companies", "Alias": "mc", "Startup Cost": 0.0, "Total Cost": 0.37, "Plan Rows": 2, "Plan Width": 32, "Index Cond": "(movie_id = mi_idx.movie_id)", "Filter": "((note)::text !~~ '%(as Metro-Goldwyn-Mayer Pictures)%'::text)"}]}]}, {"Node Type": "Index Scan", "Parent Relationship": "Inner", "Scan Direction": "Forward", "Index Name": "title_pkey", "Relation Name": "title", "Alias": "t", "Startup Cost": 0.0, "Total Cost": 0.34, "Plan Rows": 1, "Plan Width": 25, "Index Cond": "(id = mc.movie_id)", "Filter": "(production_year > 2000)"}]}]}, "Unique SQL Id": 2492542741, "Planner Runtime": 2}, "explain_analyze_plan": {"Plan": {"Node Type": "Aggregate", "Strategy": "Plain", "Startup Cost": 346287.75, "Total Cost": 346287.76, "Plan Rows": 1, "Plan Width": 113, "Actual Startup Time": 0.466, "Actual Total Time": 0.467, "Actual Rows": 1, "Actual Loops": 1, "Plans": [{"Node Type": "Nested Loop", "Parent Relationship": "Outer", "Join Type": "Inner", "Startup Cost": 7502.06, "Total Cost": 341503.6, "Plan Rows": 637886, "Plan Width": 45, "Actual Startup Time": 0.362, "Actual Total Time": 0.437, "Actual Rows": 4, "Actual Loops": 1, "Inner Unique": true, "Plans": [{"Node Type": "Nested Loop", "Parent Relationship": "Outer", "Join Type": "Inner", "Startup Cost": 7502.06, "Total Cost": 166081.74, "Plan Rows": 501180, "Plan Width": 32, "Actual Startup Time": 0.232, "Actual Total Time": 0.396, "Actual Rows": 5, "Actual Loops": 1, "Inner Unique": false, "Join Filter": "(mc.company_type_id = ct.id), (LLVM Optimized)", "Rows Removed by Join Filter": 95, "Plans": [{"Node Type": "Seq Scan", "Parent Relationship": "Outer", "Relation Name": "company_type", "Alias": "ct", "Startup Cost": 0.0, "Total Cost": 1.04, "Plan Rows": 1, "Plan Width": 4, "Actual Startup Time": 0.028, "Actual Total Time": 0.029, "Actual Rows": 1, "Actual Loops": 1, "Filter": "((kind)::text = 'production companies'::text)", "Rows Removed by Filter": 2}, {"Node Type": "Nested Loop", "Parent Relationship": "Inner", "Join Type": "Inner", "Startup Cost": 7502.06, "Total Cost": 155717.63, "Plan Rows": 829046, "Plan Width": 36, "Actual Startup Time": 0.12, "Actual Total Time": 0.338, "Actual Rows": 100, "Actual Loops": 1, "Inner Unique": false, "Plans": [{"Node Type": "Nested Loop", "Parent Relationship": "Outer", "Join Type": "Inner", "Startup Cost": 7502.06, "Total Cost": 21741.14, "Plan Rows": 345008, "Plan Width": 4, "Actual Startup Time": 0.099, "Actual Total Time": 0.105, "Actual Rows": 10, "Actual Loops": 1, "Inner Unique": false, "Plans": [{"Node Type": "Seq Scan", "Parent Relationship": "Outer", "Relation Name": "info_type", "Alias": "it", "Startup Cost": 0.0, "Total Cost": 2.4, "Plan Rows": 1, "Plan Width": 4, "Actual Startup Time": 0.049, "Actual Total Time": 0.053, "Actual Rows": 1, "Actual Loops": 1, "Filter": "((info)::text = 'bottom 10 rank'::text)", "Rows Removed by Filter": 111}, {"Node Type": "Bitmap Heap Scan", "Parent Relationship": "Inner", "Relation Name": "movie_info_idx", "Alias": "mi_idx", "Startup Cost": 7502.06, "Total Cost": 18288.66, "Plan Rows": 345008, "Plan Width": 8, "Actual Startup Time": 0.046, "Actual Total Time": 0.047, "Actual Rows": 10, "Actual Loops": 1, "Recheck Cond": "(info_type_id = it.id), (LLVM Optimized)", "Rows Removed by Index Recheck": 0, "Exact Heap Blocks": 1, "Lossy Heap Blocks": 1, "Plans": [{"Node Type": "Bitmap Index Scan", "Parent Relationship": "Outer", "Index Name": "info_type_id_movie_info_idx", "Startup Cost": 0.0, "Total Cost": 7415.81, "Plan Rows": 345008, "Plan Width": 0, "Actual Startup Time": 0.025, "Actual Total Time": 0.025, "Actual Rows": 10, "Actual Loops": 1, "Index Cond": "(info_type_id = it.id)"}]}]}, {"Node Type": "Index Scan", "Parent Relationship": "Inner", "Scan Direction": "Forward", "Index Name": "movie_id_movie_companies", "Relation Name": "movie_companies", "Alias": "mc", "Startup Cost": 0.0, "Total Cost": 0.37, "Plan Rows": 2, "Plan Width": 32, "Actual Startup Time": 0.104, "Actual Total Time": 0.207, "Actual Rows": 100, "Actual Loops": 10, "Index Cond": "(movie_id = mi_idx.movie_id)", "Rows Removed by Index Recheck": 0, "Filter": "((note)::text !~~ '%(as Metro-Goldwyn-Mayer Pictures)%'::text)", "Rows Removed by Filter": 20}]}]}, {"Node Type": "Index Scan", "Parent Relationship": "Inner", "Scan Direction": "Forward", "Index Name": "title_pkey", "Relation Name": "title", "Alias": "t", "Startup Cost": 0.0, "Total Cost": 0.34, "Plan Rows": 1, "Plan Width": 25, "Actual Startup Time": 0.035, "Actual Total Time": 0.035, "Actual Rows": 4, "Actual Loops": 5, "Index Cond": "(id = mc.movie_id)", "Rows Removed by Index Recheck": 0, "Filter": "(production_year > 2000)", "Rows Removed by Filter": 1}]}]}, "Triggers": [], "Planner Runtime": 2, "Total Runtime": 9.979, "Unique SQL Id": 2492542741}}, "(1, 53)": {"explain_plan": {"Plan": {"Node Type": "Aggregate", "Strategy": "Plain", "Startup Cost": 346310.82, "Total Cost": 346310.83, "Plan Rows": 1, "Plan Width": 113, "Plans": [{"Node Type": "Nested Loop", "Parent Relationship": "Outer", "Join Type": "Inner", "Startup Cost": 7502.06, "Total Cost": 341526.68, "Plan Rows": 637886, "Plan Width": 45, "Inner Unique": true, "Plans": [{"Node Type": "Nested Loop", "Parent Relationship": "Outer", "Join Type": "Inner", "Startup Cost": 7502.06, "Total Cost": 166104.81, "Plan Rows": 501180, "Plan Width": 32, "Inner Unique": false, "Join Filter": "(mc.company_type_id = ct.id), (LLVM Optimized)", "Plans": [{"Node Type": "Index Scan", "Parent Relationship": "Outer", "Scan Direction": "Forward", "Index Name": "company_type_pkey", "Relation Name": "company_type", "Alias": "ct", "Startup Cost": 0.0, "Total Cost": 12.3, "Plan Rows": 1, "Plan Width": 4, "Filter": "((kind)::text = 'production companies'::text)"}, {"Node Type": "Nested Loop", "Parent Relationship": "Inner", "Join Type": "Inner", "Startup Cost": 7502.06, "Total Cost": 155729.44, "Plan Rows": 829046, "Plan Width": 36, "Inner Unique": false, "Plans": [{"Node Type": "Nested Loop", "Parent Relationship": "Outer", "Join Type": "Inner", "Startup Cost": 7502.06, "Total Cost": 21752.95, "Plan Rows": 345008, "Plan Width": 4, "Inner Unique": false, "Plans": [{"Node Type": "Index Scan", "Parent Relationship": "Outer", "Scan Direction": "Forward", "Index Name": "info_type_pkey", "Relation Name": "info_type", "Alias": "it", "Startup Cost": 0.0, "Total Cost": 14.21, "Plan Rows": 1, "Plan Width": 4, "Filter": "((info)::text = 'bottom 10 rank'::text)"}, {"Node Type": "Bitmap Heap Scan", "Parent Relationship": "Inner", "Relation Name": "movie_info_idx", "Alias": "mi_idx", "Startup Cost": 7502.06, "Total Cost": 18288.66, "Plan Rows": 345008, "Plan Width": 8, "Recheck Cond": "(info_type_id = it.id), (LLVM Optimized)", "Plans": [{"Node Type": "Bitmap Index Scan", "Parent Relationship": "Outer", "Index Name": "info_type_id_movie_info_idx", "Startup Cost": 0.0, "Total Cost": 7415.81, "Plan Rows": 345008, "Plan Width": 0, "Index Cond": "(info_type_id = it.id)"}]}]}, {"Node Type": "Index Scan", "Parent Relationship": "Inner", "Scan Direction": "Forward", "Index Name": "movie_id_movie_companies", "Relation Name": "movie_companies", "Alias": "mc", "Startup Cost": 0.0, "Total Cost": 0.37, "Plan Rows": 2, "Plan Width": 32, "Index Cond": "(movie_id = mi_idx.movie_id)", "Filter": "((note)::text !~~ '%(as Metro-Goldwyn-Mayer Pictures)%'::text)"}]}]}, {"Node Type": "Index Scan", "Parent Relationship": "Inner", "Scan Direction": "Forward", "Index Name": "title_pkey", "Relation Name": "title", "Alias": "t", "Startup Cost": 0.0, "Total Cost": 0.34, "Plan Rows": 1, "Plan Width": 25, "Index Cond": "(id = mc.movie_id)", "Filter": "(production_year > 2000)"}]}]}, "Unique SQL Id": 2492542741, "Planner Runtime": 2}, "explain_analyze_plan": {"Plan": {"Node Type": "Aggregate", "Strategy": "Plain", "Startup Cost": 346310.82, "Total Cost": 346310.83, "Plan Rows": 1, "Plan Width": 113, "Actual Startup Time": 0.407, "Actual Total Time": 0.407, "Actual Rows": 1, "Actual Loops": 1, "Plans": [{"Node Type": "Nested Loop", "Parent Relationship": "Outer", "Join Type": "Inner", "Startup Cost": 7502.06, "Total Cost": 341526.68, "Plan Rows": 637886, "Plan Width": 45, "Actual Startup Time": 0.324, "Actual Total Time": 0.39, "Actual Rows": 4, "Actual Loops": 1, "Inner Unique": true, "Plans": [{"Node Type": "Nested Loop", "Parent Relationship": "Outer", "Join Type": "Inner", "Startup Cost": 7502.06, "Total Cost": 166104.81, "Plan Rows": 501180, "Plan Width": 32, "Actual Startup Time": 0.208, "Actual Total Time": 0.356, "Actual Rows": 5, "Actual Loops": 1, "Inner Unique": false, "Join Filter": "(mc.company_type_id = ct.id), (LLVM Optimized)", "Rows Removed by Join Filter": 95, "Plans": [{"Node Type": "Index Scan", "Parent Relationship": "Outer", "Scan Direction": "Forward", "Index Name": "company_type_pkey", "Relation Name": "company_type", "Alias": "ct", "Startup Cost": 0.0, "Total Cost": 12.3, "Plan Rows": 1, "Plan Width": 4, "Actual Startup Time": 0.027, "Actual Total Time": 0.029, "Actual Rows": 1, "Actual Loops": 1, "Filter": "((kind)::text = 'production companies'::text)", "Rows Removed by Filter": 2}, {"Node Type": "Nested Loop", "Parent Relationship": "Inner", "Join Type": "Inner", "Startup Cost": 7502.06, "Total Cost": 155729.44, "Plan Rows": 829046, "Plan Width": 36, "Actual Startup Time": 0.111, "Actual Total Time": 0.293, "Actual Rows": 100, "Actual Loops": 1, "Inner Unique": false, "Plans": [{"Node Type": "Nested Loop", "Parent Relationship": "Outer", "Join Type": "Inner", "Startup Cost": 7502.06, "Total Cost": 21752.95, "Plan Rows": 345008, "Plan Width": 4, "Actual Startup Time": 0.096, "Actual Total Time": 0.103, "Actual Rows": 10, "Actual Loops": 1, "Inner Unique": false, "Plans": [{"Node Type": "Index Scan", "Parent Relationship": "Outer", "Scan Direction": "Forward", "Index Name": "info_type_pkey", "Relation Name": "info_type", "Alias": "it", "Startup Cost": 0.0, "Total Cost": 14.21, "Plan Rows": 1, "Plan Width": 4, "Actual Startup Time": 0.06, "Actual Total Time": 0.061, "Actual Rows": 1, "Actual Loops": 1, "Filter": "((info)::text = 'bottom 10 rank'::text)", "Rows Removed by Filter": 111}, {"Node Type": "Bitmap Heap Scan", "Parent Relationship": "Inner", "Relation Name": "movie_info_idx", "Alias": "mi_idx", "Startup Cost": 7502.06, "Total Cost": 18288.66, "Plan Rows": 345008, "Plan Width": 8, "Actual Startup Time": 0.03, "Actual Total Time": 0.033, "Actual Rows": 10, "Actual Loops": 1, "Recheck Cond": "(info_type_id = it.id), (LLVM Optimized)", "Rows Removed by Index Recheck": 0, "Exact Heap Blocks": 1, "Lossy Heap Blocks": 1, "Plans": [{"Node Type": "Bitmap Index Scan", "Parent Relationship": "Outer", "Index Name": "info_type_id_movie_info_idx", "Startup Cost": 0.0, "Total Cost": 7415.81, "Plan Rows": 345008, "Plan Width": 0, "Actual Startup Time": 0.012, "Actual Total Time": 0.012, "Actual Rows": 10, "Actual Loops": 1, "Index Cond": "(info_type_id = it.id)"}]}]}, {"Node Type": "Index Scan", "Parent Relationship": "Inner", "Scan Direction": "Forward", "Index Name": "movie_id_movie_companies", "Relation Name": "movie_companies", "Alias": "mc", "Startup Cost": 0.0, "Total Cost": 0.37, "Plan Rows": 2, "Plan Width": 32, "Actual Startup Time": 0.08, "Actual Total Time": 0.155, "Actual Rows": 100, "Actual Loops": 10, "Index Cond": "(movie_id = mi_idx.movie_id)", "Rows Removed by Index Recheck": 0, "Filter": "((note)::text !~~ '%(as Metro-Goldwyn-Mayer Pictures)%'::text)", "Rows Removed by Filter": 20}]}]}, {"Node Type": "Index Scan", "Parent Relationship": "Inner", "Scan Direction": "Forward", "Index Name": "title_pkey", "Relation Name": "title", "Alias": "t", "Startup Cost": 0.0, "Total Cost": 0.34, "Plan Rows": 1, "Plan Width": 25, "Actual Startup Time": 0.029, "Actual Total Time": 0.029, "Actual Rows": 4, "Actual Loops": 5, "Index Cond": "(id = mc.movie_id)", "Rows Removed by Index Recheck": 0, "Filter": "(production_year > 2000)", "Rows Removed by Filter": 1}]}]}, "Triggers": [], "Planner Runtime": 2, "Total Runtime": 9.982, "Unique SQL Id": 2492542741}}, "(1, 54)": {"explain_plan": {"Plan": {"Node Type": "Aggregate", "Strategy": "Plain", "Startup Cost": 3487396.95, "Total Cost": 3487396.96, "Plan Rows": 1, "Plan Width": 113, "Plans": [{"Node Type": "Nested Loop", "Parent Relationship": "Outer", "Join Type": "Inner", "Startup Cost": 0.58, "Total Cost": 3482612.8, "Plan Rows": 637886, "Plan Width": 45, "Inner Unique": false, "Join Filter": "(mc.company_type_id = ct.id), (LLVM Optimized)", "Plans": [{"Node Type": "Seq Scan", "Parent Relationship": "Outer", "Relation Name": "company_type", "Alias": "ct", "Startup Cost": 0.0, "Total Cost": 1.04, "Plan Rows": 1, "Plan Width": 4, "Filter": "((kind)::text = 'production companies'::text)"}, {"Node Type": "Nested Loop", "Parent Relationship": "Inner", "Join Type": "Inner", "Startup Cost": 0.58, "Total Cost": 3469421.97, "Plan Rows": 1055184, "Plan Width": 49, "Inner Unique": false, "Plans": [{"Node Type": "Nested Loop", "Parent Relationship": "Outer", "Join Type": "Inner", "Startup Cost": 0.28, "Total Cost": 1524363.16, "Plan Rows": 447839, "Plan Width": 29, "Inner Unique": true, "Plans": [{"Node Type": "Nested Loop", "Parent Relationship": "Outer", "Join Type": "Inner", "Startup Cost": 0.0, "Total Cost": 37527.17, "Plan Rows": 345008, "Plan Width": 4, "Inner Unique": false, "Join Filter": "(it.id = mi_idx.info_type_id), (LLVM Optimized)", "Plans": [{"Node Type": "Seq Scan", "Parent Relationship": "Outer", "Relation Name": "info_type", "Alias": "it", "Startup Cost": 0.0, "Total Cost": 2.4, "Plan Rows": 1, "Plan Width": 4, "Filter": "((info)::text = 'bottom 10 rank'::text)"}, {"Node Type": "Seq Scan", "Parent Relationship": "Inner", "Relation Name": "movie_info_idx", "Alias": "mi_idx", "Startup Cost": 0.0, "Total Cost": 20274.34, "Plan Rows": 1380034, "Plan Width": 8}]}, {"Node Type": "Bitmap Heap Scan", "Parent Relationship": "Inner", "Relation Name": "title", "Alias": "t", "Startup Cost": 0.28, "Total Cost": 4.3, "Plan Rows": 1, "Plan Width": 25, "Recheck Cond": "(id = mi_idx.movie_id)", "Filter": "(production_year > 2000)", "Plans": [{"Node Type": "Bitmap Index Scan", "Parent Relationship": "Outer", "Index Name": "title_pkey", "Startup Cost": 0.0, "Total Cost": 0.28, "Plan Rows": 1, "Plan Width": 0, "Index Cond": "(id = mi_idx.movie_id)"}]}]}, {"Node Type": "Bitmap Heap Scan", "Parent Relationship": "Inner", "Relation Name": "movie_companies", "Alias": "mc", "Startup Cost": 0.29, "Total Cost": 4.32, "Plan Rows": 2, "Plan Width": 32, "Recheck Cond": "(movie_id = t.id)", "Filter": "((note)::text !~~ '%(as Metro-Goldwyn-Mayer Pictures)%'::text)", "Plans": [{"Node Type": "Bitmap Index Scan", "Parent Relationship": "Outer", "Index Name": "movie_id_movie_companies", "Startup Cost": 0.0, "Total Cost": 0.29, "Plan Rows": 2, "Plan Width": 0, "Index Cond": "(movie_id = t.id)"}]}]}]}]}, "Unique SQL Id": 2492542741, "Planner Runtime": 2}, "explain_analyze_plan": {"Plan": {"Node Type": "Aggregate", "Strategy": "Plain", "Startup Cost": 3487396.95, "Total Cost": 3487396.96, "Plan Rows": 1, "Plan Width": 113, "Actual Startup Time": 586.607, "Actual Total Time": 586.608, "Actual Rows": 1, "Actual Loops": 1, "Plans": [{"Node Type": "Nested Loop", "Parent Relationship": "Outer", "Join Type": "Inner", "Startup Cost": 0.58, "Total Cost": 3482612.8, "Plan Rows": 637886, "Plan Width": 45, "Actual Startup Time": 586.505, "Actual Total Time": 586.574, "Actual Rows": 4, "Actual Loops": 1, "Inner Unique": false, "Join Filter": "(mc.company_type_id = ct.id), (LLVM Optimized)", "Rows Removed by Join Filter": 74, "Plans": [{"Node Type": "Seq Scan", "Parent Relationship": "Outer", "Relation Name": "company_type", "Alias": "ct", "Startup Cost": 0.0, "Total Cost": 1.04, "Plan Rows": 1, "Plan Width": 4, "Actual Startup Time": 0.025, "Actual Total Time": 0.028, "Actual Rows": 1, "Actual Loops": 1, "Filter": "((kind)::text = 'production companies'::text)", "Rows Removed by Filter": 2}, {"Node Type": "Nested Loop", "Parent Relationship": "Inner", "Join Type": "Inner", "Startup Cost": 0.58, "Total Cost": 3469421.97, "Plan Rows": 1055184, "Plan Width": 49, "Actual Startup Time": 586.272, "Actual Total Time": 586.521, "Actual Rows": 78, "Actual Loops": 1, "Inner Unique": false, "Plans": [{"Node Type": "Nested Loop", "Parent Relationship": "Outer", "Join Type": "Inner", "Startup Cost": 0.28, "Total Cost": 1524363.16, "Plan Rows": 447839, "Plan Width": 29, "Actual Startup Time": 586.207, "Actual Total Time": 586.304, "Actual Rows": 6, "Actual Loops": 1, "Inner Unique": true, "Plans": [{"Node Type": "Nested Loop", "Parent Relationship": "Outer", "Join Type": "Inner", "Startup Cost": 0.0, "Total Cost": 37527.17, "Plan Rows": 345008, "Plan Width": 4, "Actual Startup Time": 586.088, "Actual Total Time": 586.108, "Actual Rows": 10, "Actual Loops": 1, "Inner Unique": false, "Join Filter": "(it.id = mi_idx.info_type_id), (LLVM Optimized)", "Rows Removed by Join Filter": 1380024, "Plans": [{"Node Type": "Seq Scan", "Parent Relationship": "Outer", "Relation Name": "info_type", "Alias": "it", "Startup Cost": 0.0, "Total Cost": 2.4, "Plan Rows": 1, "Plan Width": 4, "Actual Startup Time": 0.05, "Actual Total Time": 0.057, "Actual Rows": 1, "Actual Loops": 1, "Filter": "((info)::text = 'bottom 10 rank'::text)", "Rows Removed by Filter": 111}, {"Node Type": "Seq Scan", "Parent Relationship": "Inner", "Relation Name": "movie_info_idx", "Alias": "mi_idx", "Startup Cost": 0.0, "Total Cost": 20274.34, "Plan Rows": 1380034, "Plan Width": 8, "Actual Startup Time": 0.03, "Actual Total Time": 295.085, "Actual Rows": 1380034, "Actual Loops": 1}]}, {"Node Type": "Bitmap Heap Scan", "Parent Relationship": "Inner", "Relation Name": "title", "Alias": "t", "Startup Cost": 0.28, "Total Cost": 4.3, "Plan Rows": 1, "Plan Width": 25, "Actual Startup Time": 0.158, "Actual Total Time": 0.158, "Actual Rows": 6, "Actual Loops": 10, "Recheck Cond": "(id = mi_idx.movie_id)", "Rows Removed by Index Recheck": 0, "Filter": "(production_year > 2000)", "Rows Removed by Filter": 4, "Exact Heap Blocks": 10, "Lossy Heap Blocks": 10, "Plans": [{"Node Type": "Bitmap Index Scan", "Parent Relationship": "Outer", "Index Name": "title_pkey", "Startup Cost": 0.0, "Total Cost": 0.28, "Plan Rows": 1, "Plan Width": 0, "Actual Startup Time": 0.086, "Actual Total Time": 0.086, "Actual Rows": 10, "Actual Loops": 10, "Index Cond": "(id = mi_idx.movie_id)"}]}]}, {"Node Type": "Bitmap Heap Scan", "Parent Relationship": "Inner", "Relation Name": "movie_companies", "Alias": "mc", "Startup Cost": 0.29, "Total Cost": 4.32, "Plan Rows": 2, "Plan Width": 32, "Actual Startup Time": 0.134, "Actual Total Time": 0.19, "Actual Rows": 78, "Actual Loops": 6, "Recheck Cond": "(movie_id = t.id)", "Rows Removed by Index Recheck": 0, "Filter": "((note)::text !~~ '%(as Metro-Goldwyn-Mayer Pictures)%'::text)", "Rows Removed by Filter": 15, "Exact Heap Blocks": 13, "Lossy Heap Blocks": 13, "Plans": [{"Node Type": "Bitmap Index Scan", "Parent Relationship": "Outer", "Index Name": "movie_id_movie_companies", "Startup Cost": 0.0, "Total Cost": 0.29, "Plan Rows": 2, "Plan Width": 0, "Actual Startup Time": 0.065, "Actual Total Time": 0.065, "Actual Rows": 93, "Actual Loops": 6, "Index Cond": "(movie_id = t.id)"}]}]}]}]}, "Triggers": [], "Planner Runtime": 2, "Total Runtime": 596.24, "Unique SQL Id": 2492542741}}, "(1, 55)": {"explain_plan": {"Plan": {"Node Type": "Aggregate", "Strategy": "Plain", "Startup Cost": 1000017767760.86, "Total Cost": 1000017767760.87, "Plan Rows": 1, "Plan Width": 113, "Plans": [{"Node Type": "Nested Loop", "Parent Relationship": "Outer", "Join Type": "Inner", "Startup Cost": 10000000001.08, "Total Cost": 1000017762976.72, "Plan Rows": 637886, "Plan Width": 45, "Inner Unique": true, "Plans": [{"Node Type": "Nested Loop", "Parent Relationship": "Outer", "Join Type": "Inner", "Startup Cost": 10000000000.81, "Total Cost": 1000015609438.29, "Plan Rows": 501180, "Plan Width": 32, "Inner Unique": true, "Plans": [{"Node Type": "Nested Loop", "Parent Relationship": "Outer", "Join Type": "Inner", "Startup Cost": 10000000000.55, "Total Cost": 1000012058838.99, "Plan Rows": 829046, "Plan Width": 36, "Inner Unique": false, "Plans": [{"Node Type": "Nested Loop", "Parent Relationship": "Outer", "Join Type": "Inner", "Startup Cost": 10000000000.26, "Total Cost": 1000010560383.98, "Plan Rows": 345008, "Plan Width": 4, "Inner Unique": true, "Plans": [{"Node Type": "Index Scan", "Parent Relationship": "Outer", "Scan Direction": "Forward", "Index Name": "movie_id_movie_info_idx", "Relation Name": "movie_info_idx", "Alias": "mi_idx", "Startup Cost": 10000000000.0, "Total Cost": 1000004650035.37, "Plan Rows": 1380034, "Plan Width": 8}, {"Node Type": "Bitmap Heap Scan", "Parent Relationship": "Inner", "Relation Name": "info_type", "Alias": "it", "Startup Cost": 0.26, "Total Cost": 4.27, "Plan Rows": 1, "Plan Width": 4, "Recheck Cond": "(id = mi_idx.info_type_id)", "Filter": "((info)::text = 'bottom 10 rank'::text)", "Plans": [{"Node Type": "Bitmap Index Scan", "Parent Relationship": "Outer", "Index Name": "info_type_pkey", "Startup Cost": 0.0, "Total Cost": 0.26, "Plan Rows": 1, "Plan Width": 0, "Index Cond": "(id = mi_idx.info_type_id)"}]}]}, {"Node Type": "Bitmap Heap Scan", "Parent Relationship": "Inner", "Relation Name": "movie_companies", "Alias": "mc", "Startup Cost": 0.29, "Total Cost": 4.32, "Plan Rows": 2, "Plan Width": 32, "Recheck Cond": "(movie_id = mi_idx.movie_id)", "Filter": "((note)::text !~~ '%(as Metro-Goldwyn-Mayer Pictures)%'::text)", "Plans": [{"Node Type": "Bitmap Index Scan", "Parent Relationship": "Outer", "Index Name": "movie_id_movie_companies", "Startup Cost": 0.0, "Total Cost": 0.29, "Plan Rows": 2, "Plan Width": 0, "Index Cond": "(movie_id = mi_idx.movie_id)"}]}]}, {"Node Type": "Bitmap Heap Scan", "Parent Relationship": "Inner", "Relation Name": "company_type", "Alias": "ct", "Startup Cost": 0.26, "Total Cost": 4.27, "Plan Rows": 1, "Plan Width": 4, "Recheck Cond": "(id = mc.company_type_id)", "Filter": "((kind)::text = 'production companies'::text)", "Plans": [{"Node Type": "Bitmap Index Scan", "Parent Relationship": "Outer", "Index Name": "company_type_pkey", "Startup Cost": 0.0, "Total Cost": 0.26, "Plan Rows": 1, "Plan Width": 0, "Index Cond": "(id = mc.company_type_id)"}]}]}, {"Node Type": "Bitmap Heap Scan", "Parent Relationship": "Inner", "Relation Name": "title", "Alias": "t", "Startup Cost": 0.27, "Total Cost": 4.29, "Plan Rows": 1, "Plan Width": 25, "Recheck Cond": "(id = mc.movie_id)", "Filter": "(production_year > 2000)", "Plans": [{"Node Type": "Bitmap Index Scan", "Parent Relationship": "Outer", "Index Name": "title_pkey", "Startup Cost": 0.0, "Total Cost": 0.27, "Plan Rows": 1, "Plan Width": 0, "Index Cond": "(id = mc.movie_id)"}]}]}]}, "Unique SQL Id": 2492542741, "Planner Runtime": 2}, "explain_analyze_plan": null}, "(1, 56)": {"explain_plan": {"Plan": {"Node Type": "Aggregate", "Strategy": "Plain", "Startup Cost": 362073.77, "Total Cost": 362073.78, "Plan Rows": 1, "Plan Width": 113, "Plans": [{"Node Type": "Nested Loop", "Parent Relationship": "Outer", "Join Type": "Inner", "Startup Cost": 0.0, "Total Cost": 357289.62, "Plan Rows": 637886, "Plan Width": 45, "Inner Unique": true, "Plans": [{"Node Type": "Nested Loop", "Parent Relationship": "Outer", "Join Type": "Inner", "Startup Cost": 0.0, "Total Cost": 181867.76, "Plan Rows": 501180, "Plan Width": 32, "Inner Unique": false, "Join Filter": "(mc.company_type_id = ct.id), (LLVM Optimized)", "Plans": [{"Node Type": "Seq Scan", "Parent Relationship": "Outer", "Relation Name": "company_type", "Alias": "ct", "Startup Cost": 0.0, "Total Cost": 1.04, "Plan Rows": 1, "Plan Width": 4, "Filter": "((kind)::text = 'production companies'::text)"}, {"Node Type": "Nested Loop", "Parent Relationship": "Inner", "Join Type": "Inner", "Startup Cost": 0.0, "Total Cost": 171503.65, "Plan Rows": 829046, "Plan Width": 36, "Inner Unique": false, "Plans": [{"Node Type": "Nested Loop", "Parent Relationship": "Outer", "Join Type": "Inner", "Startup Cost": 0.0, "Total Cost": 37527.17, "Plan Rows": 345008, "Plan Width": 4, "Inner Unique": false, "Join Filter": "(it.id = mi_idx.info_type_id), (LLVM Optimized)", "Plans": [{"Node Type": "Seq Scan", "Parent Relationship": "Outer", "Relation Name": "info_type", "Alias": "it", "Startup Cost": 0.0, "Total Cost": 2.4, "Plan Rows": 1, "Plan Width": 4, "Filter": "((info)::text = 'bottom 10 rank'::text)"}, {"Node Type": "Seq Scan", "Parent Relationship": "Inner", "Relation Name": "movie_info_idx", "Alias": "mi_idx", "Startup Cost": 0.0, "Total Cost": 20274.34, "Plan Rows": 1380034, "Plan Width": 8}]}, {"Node Type": "Index Scan", "Parent Relationship": "Inner", "Scan Direction": "Forward", "Index Name": "movie_id_movie_companies", "Relation Name": "movie_companies", "Alias": "mc", "Startup Cost": 0.0, "Total Cost": 0.37, "Plan Rows": 2, "Plan Width": 32, "Index Cond": "(movie_id = mi_idx.movie_id)", "Filter": "((note)::text !~~ '%(as Metro-Goldwyn-Mayer Pictures)%'::text)"}]}]}, {"Node Type": "Index Scan", "Parent Relationship": "Inner", "Scan Direction": "Forward", "Index Name": "title_pkey", "Relation Name": "title", "Alias": "t", "Startup Cost": 0.0, "Total Cost": 0.34, "Plan Rows": 1, "Plan Width": 25, "Index Cond": "(id = mc.movie_id)", "Filter": "(production_year > 2000)"}]}]}, "Unique SQL Id": 2492542741, "Planner Runtime": 2}, "explain_analyze_plan": {"Plan": {"Node Type": "Aggregate", "Strategy": "Plain", "Startup Cost": 362073.77, "Total Cost": 362073.78, "Plan Rows": 1, "Plan Width": 113, "Actual Startup Time": 553.61, "Actual Total Time": 553.611, "Actual Rows": 1, "Actual Loops": 1, "Plans": [{"Node Type": "Nested Loop", "Parent Relationship": "Outer", "Join Type": "Inner", "Startup Cost": 0.0, "Total Cost": 357289.62, "Plan Rows": 637886, "Plan Width": 45, "Actual Startup Time": 553.503, "Actual Total Time": 553.578, "Actual Rows": 4, "Actual Loops": 1, "Inner Unique": true, "Plans": [{"Node Type": "Nested Loop", "Parent Relationship": "Outer", "Join Type": "Inner", "Startup Cost": 0.0, "Total Cost": 181867.76, "Plan Rows": 501180, "Plan Width": 32, "Actual Startup Time": 553.378, "Actual Total Time": 553.535, "Actual Rows": 5, "Actual Loops": 1, "Inner Unique": false, "Join Filter": "(mc.company_type_id = ct.id), (LLVM Optimized, Jit Execute)", "Rows Removed by Join Filter": 95, "Plans": [{"Node Type": "Seq Scan", "Parent Relationship": "Outer", "Relation Name": "company_type", "Alias": "ct", "Startup Cost": 0.0, "Total Cost": 1.04, "Plan Rows": 1, "Plan Width": 4, "Actual Startup Time": 0.025, "Actual Total Time": 0.028, "Actual Rows": 1, "Actual Loops": 1, "Filter": "((kind)::text = 'production companies'::text)", "Rows Removed by Filter": 2}, {"Node Type": "Nested Loop", "Parent Relationship": "Inner", "Join Type": "Inner", "Startup Cost": 0.0, "Total Cost": 171503.65, "Plan Rows": 829046, "Plan Width": 36, "Actual Startup Time": 553.266, "Actual Total Time": 553.48, "Actual Rows": 100, "Actual Loops": 1, "Inner Unique": false, "Plans": [{"Node Type": "Nested Loop", "Parent Relationship": "Outer", "Join Type": "Inner", "Startup Cost": 0.0, "Total Cost": 37527.17, "Plan Rows": 345008, "Plan Width": 4, "Actual Startup Time": 553.187, "Actual Total Time": 553.204, "Actual Rows": 10, "Actual Loops": 1, "Inner Unique": false, "Join Filter": "(it.id = mi_idx.info_type_id), (LLVM Optimized, Jit Execute)", "Rows Removed by Join Filter": 1380024, "Plans": [{"Node Type": "Seq Scan", "Parent Relationship": "Outer", "Relation Name": "info_type", "Alias": "it", "Startup Cost": 0.0, "Total Cost": 2.4, "Plan Rows": 1, "Plan Width": 4, "Actual Startup Time": 0.053, "Actual Total Time": 0.059, "Actual Rows": 1, "Actual Loops": 1, "Filter": "((info)::text = 'bottom 10 rank'::text)", "Rows Removed by Filter": 111}, {"Node Type": "Seq Scan", "Parent Relationship": "Inner", "Relation Name": "movie_info_idx", "Alias": "mi_idx", "Startup Cost": 0.0, "Total Cost": 20274.34, "Plan Rows": 1380034, "Plan Width": 8, "Actual Startup Time": 0.03, "Actual Total Time": 293.735, "Actual Rows": 1380034, "Actual Loops": 1}]}, {"Node Type": "Index Scan", "Parent Relationship": "Inner", "Scan Direction": "Forward", "Index Name": "movie_id_movie_companies", "Relation Name": "movie_companies", "Alias": "mc", "Startup Cost": 0.0, "Total Cost": 0.37, "Plan Rows": 2, "Plan Width": 32, "Actual Startup Time": 0.144, "Actual Total Time": 0.23, "Actual Rows": 100, "Actual Loops": 10, "Index Cond": "(movie_id = mi_idx.movie_id)", "Rows Removed by Index Recheck": 0, "Filter": "((note)::text !~~ '%(as Metro-Goldwyn-Mayer Pictures)%'::text)", "Rows Removed by Filter": 20}]}]}, {"Node Type": "Index Scan", "Parent Relationship": "Inner", "Scan Direction": "Forward", "Index Name": "title_pkey", "Relation Name": "title", "Alias": "t", "Startup Cost": 0.0, "Total Cost": 0.34, "Plan Rows": 1, "Plan Width": 25, "Actual Startup Time": 0.037, "Actual Total Time": 0.037, "Actual Rows": 4, "Actual Loops": 5, "Index Cond": "(id = mc.movie_id)", "Rows Removed by Index Recheck": 0, "Filter": "(production_year > 2000)", "Rows Removed by Filter": 1}]}]}, "Triggers": [], "Planner Runtime": 2, "Total Runtime": 563.212, "Unique SQL Id": 2492542741}}, "(1, 57)": {"explain_plan": {"Plan": {"Node Type": "Aggregate", "Strategy": "Plain", "Startup Cost": 362896.07, "Total Cost": 362896.08, "Plan Rows": 1, "Plan Width": 113, "Plans": [{"Node Type": "Nested Loop", "Parent Relationship": "Outer", "Join Type": "Inner", "Startup Cost": 0.0, "Total Cost": 358111.92, "Plan Rows": 637886, "Plan Width": 45, "Inner Unique": true, "Plans": [{"Node Type": "Nested Loop", "Parent Relationship": "Outer", "Join Type": "Inner", "Startup Cost": 0.0, "Total Cost": 182690.06, "Plan Rows": 501180, "Plan Width": 32, "Inner Unique": false, "Join Filter": "(mc.company_type_id = ct.id), (LLVM Optimized)", "Plans": [{"Node Type": "Index Scan", "Parent Relationship": "Outer", "Scan Direction": "Forward", "Index Name": "company_type_pkey", "Relation Name": "company_type", "Alias": "ct", "Startup Cost": 0.0, "Total Cost": 12.3, "Plan Rows": 1, "Plan Width": 4, "Filter": "((kind)::text = 'production companies'::text)"}, {"Node Type": "Nested Loop", "Parent Relationship": "Inner", "Join Type": "Inner", "Startup Cost": 0.0, "Total Cost": 172314.68, "Plan Rows": 829046, "Plan Width": 36, "Inner Unique": false, "Plans": [{"Node Type": "Nested Loop", "Parent Relationship": "Outer", "Join Type": "Inner", "Startup Cost": 0.0, "Total Cost": 38338.2, "Plan Rows": 345008, "Plan Width": 4, "Inner Unique": false, "Plans": [{"Node Type": "Index Scan", "Parent Relationship": "Outer", "Scan Direction": "Forward", "Index Name": "info_type_pkey", "Relation Name": "info_type", "Alias": "it", "Startup Cost": 0.0, "Total Cost": 14.21, "Plan Rows": 1, "Plan Width": 4, "Filter": "((info)::text = 'bottom 10 rank'::text)"}, {"Node Type": "Index Scan", "Parent Relationship": "Inner", "Scan Direction": "Forward", "Index Name": "info_type_id_movie_info_idx", "Relation Name": "movie_info_idx", "Alias": "mi_idx", "Startup Cost": 0.0, "Total Cost": 34873.91, "Plan Rows": 345008, "Plan Width": 8, "Index Cond": "(info_type_id = it.id), (LLVM Optimized)"}]}, {"Node Type": "Index Scan", "Parent Relationship": "Inner", "Scan Direction": "Forward", "Index Name": "movie_id_movie_companies", "Relation Name": "movie_companies", "Alias": "mc", "Startup Cost": 0.0, "Total Cost": 0.37, "Plan Rows": 2, "Plan Width": 32, "Index Cond": "(movie_id = mi_idx.movie_id)", "Filter": "((note)::text !~~ '%(as Metro-Goldwyn-Mayer Pictures)%'::text)"}]}]}, {"Node Type": "Index Scan", "Parent Relationship": "Inner", "Scan Direction": "Forward", "Index Name": "title_pkey", "Relation Name": "title", "Alias": "t", "Startup Cost": 0.0, "Total Cost": 0.34, "Plan Rows": 1, "Plan Width": 25, "Index Cond": "(id = mc.movie_id)", "Filter": "(production_year > 2000)"}]}]}, "Unique SQL Id": 2492542741, "Planner Runtime": 2}, "explain_analyze_plan": {"Plan": {"Node Type": "Aggregate", "Strategy": "Plain", "Startup Cost": 362896.07, "Total Cost": 362896.08, "Plan Rows": 1, "Plan Width": 113, "Actual Startup Time": 0.531, "Actual Total Time": 0.531, "Actual Rows": 1, "Actual Loops": 1, "Plans": [{"Node Type": "Nested Loop", "Parent Relationship": "Outer", "Join Type": "Inner", "Startup Cost": 0.0, "Total Cost": 358111.92, "Plan Rows": 637886, "Plan Width": 45, "Actual Startup Time": 0.428, "Actual Total Time": 0.512, "Actual Rows": 4, "Actual Loops": 1, "Inner Unique": true, "Plans": [{"Node Type": "Nested Loop", "Parent Relationship": "Outer", "Join Type": "Inner", "Startup Cost": 0.0, "Total Cost": 182690.06, "Plan Rows": 501180, "Plan Width": 32, "Actual Startup Time": 0.25, "Actual Total Time": 0.451, "Actual Rows": 5, "Actual Loops": 1, "Inner Unique": false, "Join Filter": "(mc.company_type_id = ct.id), (LLVM Optimized)", "Rows Removed by Join Filter": 95, "Plans": [{"Node Type": "Index Scan", "Parent Relationship": "Outer", "Scan Direction": "Forward", "Index Name": "company_type_pkey", "Relation Name": "company_type", "Alias": "ct", "Startup Cost": 0.0, "Total Cost": 12.3, "Plan Rows": 1, "Plan Width": 4, "Actual Startup Time": 0.027, "Actual Total Time": 0.029, "Actual Rows": 1, "Actual Loops": 1, "Filter": "((kind)::text = 'production companies'::text)", "Rows Removed by Filter": 2}, {"Node Type": "Nested Loop", "Parent Relationship": "Inner", "Join Type": "Inner", "Startup Cost": 0.0, "Total Cost": 172314.68, "Plan Rows": 829046, "Plan Width": 36, "Actual Startup Time": 0.115, "Actual Total Time": 0.396, "Actual Rows": 100, "Actual Loops": 1, "Inner Unique": false, "Plans": [{"Node Type": "Nested Loop", "Parent Relationship": "Outer", "Join Type": "Inner", "Startup Cost": 0.0, "Total Cost": 38338.2, "Plan Rows": 345008, "Plan Width": 4, "Actual Startup Time": 0.09, "Actual Total Time": 0.096, "Actual Rows": 10, "Actual Loops": 1, "Inner Unique": false, "Plans": [{"Node Type": "Index Scan", "Parent Relationship": "Outer", "Scan Direction": "Forward", "Index Name": "info_type_pkey", "Relation Name": "info_type", "Alias": "it", "Startup Cost": 0.0, "Total Cost": 14.21, "Plan Rows": 1, "Plan Width": 4, "Actual Startup Time": 0.068, "Actual Total Time": 0.069, "Actual Rows": 1, "Actual Loops": 1, "Filter": "((info)::text = 'bottom 10 rank'::text)", "Rows Removed by Filter": 111}, {"Node Type": "Index Scan", "Parent Relationship": "Inner", "Scan Direction": "Forward", "Index Name": "info_type_id_movie_info_idx", "Relation Name": "movie_info_idx", "Alias": "mi_idx", "Startup Cost": 0.0, "Total Cost": 34873.91, "Plan Rows": 345008, "Plan Width": 8, "Actual Startup Time": 0.019, "Actual Total Time": 0.022, "Actual Rows": 10, "Actual Loops": 1, "Index Cond": "(info_type_id = it.id), (LLVM Optimized)", "Rows Removed by Index Recheck": 0}]}, {"Node Type": "Index Scan", "Parent Relationship": "Inner", "Scan Direction": "Forward", "Index Name": "movie_id_movie_companies", "Relation Name": "movie_companies", "Alias": "mc", "Startup Cost": 0.0, "Total Cost": 0.37, "Plan Rows": 2, "Plan Width": 32, "Actual Startup Time": 0.16, "Actual Total Time": 0.269, "Actual Rows": 100, "Actual Loops": 10, "Index Cond": "(movie_id = mi_idx.movie_id)", "Rows Removed by Index Recheck": 0, "Filter": "((note)::text !~~ '%(as Metro-Goldwyn-Mayer Pictures)%'::text)", "Rows Removed by Filter": 20}]}]}, {"Node Type": "Index Scan", "Parent Relationship": "Inner", "Scan Direction": "Forward", "Index Name": "title_pkey", "Relation Name": "title", "Alias": "t", "Startup Cost": 0.0, "Total Cost": 0.34, "Plan Rows": 1, "Plan Width": 25, "Actual Startup Time": 0.057, "Actual Total Time": 0.057, "Actual Rows": 4, "Actual Loops": 5, "Index Cond": "(id = mc.movie_id)", "Rows Removed by Index Recheck": 0, "Filter": "(production_year > 2000)", "Rows Removed by Filter": 1}]}]}, "Triggers": [], "Planner Runtime": 2, "Total Runtime": 10.313, "Unique SQL Id": 2492542741}}, "(1, 58)": {"explain_plan": {"Plan": {"Node Type": "Aggregate", "Strategy": "Plain", "Startup Cost": 15914828062.74, "Total Cost": 15914828062.75, "Plan Rows": 1, "Plan Width": 113, "Plans": [{"Node Type": "Nested Loop", "Parent Relationship": "Outer", "Join Type": "Inner", "Startup Cost": 0.0, "Total Cost": 15914823278.6, "Plan Rows": 637886, "Plan Width": 45, "Inner Unique": false, "Join Filter": "(mc.movie_id = t.id), (LLVM Optimized)", "Plans": [{"Node Type": "Nested Loop", "Parent Relationship": "Outer", "Join Type": "Inner", "Startup Cost": 0.0, "Total Cost": 80954.08, "Plan Rows": 1304518, "Plan Width": 28, "Inner Unique": false, "Join Filter": "(ct.id = mc.company_type_id), (LLVM Optimized)", "Plans": [{"Node Type": "Seq Scan", "Parent Relationship": "Outer", "Relation Name": "company_type", "Alias": "ct", "Startup Cost": 0.0, "Total Cost": 1.04, "Plan Rows": 1, "Plan Width": 4, "Filter": "((kind)::text = 'production companies'::text)"}, {"Node Type": "Seq Scan", "Parent Relationship": "Inner", "Relation Name": "movie_companies", "Alias": "mc", "Startup Cost": 0.0, "Total Cost": 48340.1, "Plan Rows": 2609035, "Plan Width": 32, "Filter": "((note)::text !~~ '%(as Metro-Goldwyn-Mayer Pictures)%'::text), (LLVM Optimized)"}]}, {"Node Type": "Materialize", "Parent Relationship": "Inner", "Startup Cost": 0.0, "Total Cost": 7151532895.09, "Plan Rows": 447839, "Plan Width": 29, "Plans": [{"Node Type": "Nested Loop", "Parent Relationship": "Outer", "Join Type": "Inner", "Startup Cost": 0.0, "Total Cost": 7151530655.89, "Plan Rows": 447839, "Plan Width": 29, "Inner Unique": false, "Join Filter": "(mi_idx.movie_id = t.id), (LLVM Optimized)", "Plans": [{"Node Type": "Seq Scan", "Parent Relationship": "Outer", "Relation Name": "title", "Alias": "t", "Startup Cost": 0.0, "Total Cost": 66389.89, "Plan Rows": 1381886, "Plan Width": 25, "Filter": "(production_year > 2000), (LLVM Optimized)"}, {"Node Type": "Materialize", "Parent Relationship": "Inner", "Startup Cost": 0.0, "Total Cost": 39252.21, "Plan Rows": 345008, "Plan Width": 4, "Plans": [{"Node Type": "Nested Loop", "Parent Relationship": "Outer", "Join Type": "Inner", "Startup Cost": 0.0, "Total Cost": 37527.17, "Plan Rows": 345008, "Plan Width": 4, "Inner Unique": false, "Join Filter": "(it.id = mi_idx.info_type_id), (LLVM Optimized)", "Plans": [{"Node Type": "Seq Scan", "Parent Relationship": "Outer", "Relation Name": "info_type", "Alias": "it", "Startup Cost": 0.0, "Total Cost": 2.4, "Plan Rows": 1, "Plan Width": 4, "Filter": "((info)::text = 'bottom 10 rank'::text)"}, {"Node Type": "Seq Scan", "Parent Relationship": "Inner", "Relation Name": "movie_info_idx", "Alias": "mi_idx", "Startup Cost": 0.0, "Total Cost": 20274.34, "Plan Rows": 1380034, "Plan Width": 8}]}]}]}]}]}]}, "Unique SQL Id": 2492542741, "Planner Runtime": 2}, "explain_analyze_plan": null}, "(1, 59)": {"explain_plan": {"Plan": {"Node Type": "Aggregate", "Strategy": "Plain", "Startup Cost": 5015944704069.06, "Total Cost": 5015944704069.07, "Plan Rows": 1, "Plan Width": 113, "Plans": [{"Node Type": "Nested Loop", "Parent Relationship": "Outer", "Join Type": "Inner", "Startup Cost": 50000000000.0, "Total Cost": 5015944699284.92, "Plan Rows": 637886, "Plan Width": 45, "Inner Unique": false, "Join Filter": "(mc.movie_id = t.id), (LLVM Optimized)", "Plans": [{"Node Type": "Nested Loop", "Parent Relationship": "Outer", "Join Type": "Inner", "Startup Cost": 20000000000.0, "Total Cost": 2000013744593.91, "Plan Rows": 1304518, "Plan Width": 28, "Inner Unique": true, "Join Filter": "(ct.id = mc.company_type_id), (LLVM Optimized)", "Plans": [{"Node Type": "Index Scan", "Parent Relationship": "Outer", "Scan Direction": "Forward", "Index Name": "movie_id_movie_companies", "Relation Name": "movie_companies", "Alias": "mc", "Startup Cost": 10000000000.0, "Total Cost": 1000013704228.13, "Plan Rows": 2609035, "Plan Width": 32, "Filter": "((note)::text !~~ '%(as Metro-Goldwyn-Mayer Pictures)%'::text), (LLVM Optimized)"}, {"Node Type": "Materialize", "Parent Relationship": "Inner", "Startup Cost": 10000000000.0, "Total Cost": 1000000001230.26, "Plan Rows": 1, "Plan Width": 4, "Plans": [{"Node Type": "Index Scan", "Parent Relationship": "Outer", "Scan Direction": "Forward", "Index Name": "company_type_pkey", "Relation Name": "company_type", "Alias": "ct", "Startup Cost": 10000000000.0, "Total Cost": 1000000001230.25, "Plan Rows": 1, "Plan Width": 4, "Filter": "((kind)::text = 'production companies'::text)"}]}]}, {"Node Type": "Materialize", "Parent Relationship": "Inner", "Startup Cost": 30000000000.0, "Total Cost": 3007167745261.58, "Plan Rows": 447839, "Plan Width": 29, "Plans": [{"Node Type": "Nested Loop", "Parent Relationship": "Outer", "Join Type": "Inner", "Startup Cost": 30000000000.0, "Total Cost": 3007167743022.38, "Plan Rows": 447839, "Plan Width": 29, "Inner Unique": false, "Join Filter": "(mi_idx.movie_id = t.id), (LLVM Optimized)", "Plans": [{"Node Type": "Index Scan", "Parent Relationship": "Outer", "Scan Direction": "Forward", "Index Name": "title_pkey", "Relation Name": "title", "Alias": "t", "Startup Cost": 10000000000.0, "Total Cost": 1000011644126.66, "Plan Rows": 1381886, "Plan Width": 25, "Filter": "(production_year > 2000), (LLVM Optimized)"}, {"Node Type": "Materialize", "Parent Relationship": "Inner", "Startup Cost": 20000000000.0, "Total Cost": 2000004673881.92, "Plan Rows": 345008, "Plan Width": 4, "Plans": [{"Node Type": "Nested Loop", "Parent Relationship": "Outer", "Join Type": "Inner", "Startup Cost": 20000000000.0, "Total Cost": 2000004672156.88, "Plan Rows": 345008, "Plan Width": 4, "Inner Unique": true, "Join Filter": "(it.id = mi_idx.info_type_id), (LLVM Optimized)", "Plans": [{"Node Type": "Index Scan", "Parent Relationship": "Outer", "Scan Direction": "Forward", "Index Name": "movie_id_movie_info_idx", "Relation Name": "movie_info_idx", "Alias": "mi_idx", "Startup Cost": 10000000000.0, "Total Cost": 1000004650035.37, "Plan Rows": 1380034, "Plan Width": 8}, {"Node Type": "Materialize", "Parent Relationship": "Inner", "Startup Cost": 10000000000.0, "Total Cost": 1000000001421.0, "Plan Rows": 1, "Plan Width": 4, "Plans": [{"Node Type": "Index Scan", "Parent Relationship": "Outer", "Scan Direction": "Forward", "Index Name": "info_type_pkey", "Relation Name": "info_type", "Alias": "it", "Startup Cost": 10000000000.0, "Total Cost": 1000000001421.0, "Plan Rows": 1, "Plan Width": 4, "Filter": "((info)::text = 'bottom 10 rank'::text)"}]}]}]}]}]}]}]}, "Unique SQL Id": 2492542741, "Planner Runtime": 2}, "explain_analyze_plan": null}, "(1, 60)": {"explain_plan": {"Plan": {"Node Type": "Aggregate", "Strategy": "Plain", "Startup Cost": 362073.77, "Total Cost": 362073.78, "Plan Rows": 1, "Plan Width": 113, "Plans": [{"Node Type": "Nested Loop", "Parent Relationship": "Outer", "Join Type": "Inner", "Startup Cost": 0.0, "Total Cost": 357289.62, "Plan Rows": 637886, "Plan Width": 45, "Inner Unique": true, "Plans": [{"Node Type": "Nested Loop", "Parent Relationship": "Outer", "Join Type": "Inner", "Startup Cost": 0.0, "Total Cost": 181867.76, "Plan Rows": 501180, "Plan Width": 32, "Inner Unique": false, "Join Filter": "(mc.company_type_id = ct.id), (LLVM Optimized)", "Plans": [{"Node Type": "Seq Scan", "Parent Relationship": "Outer", "Relation Name": "company_type", "Alias": "ct", "Startup Cost": 0.0, "Total Cost": 1.04, "Plan Rows": 1, "Plan Width": 4, "Filter": "((kind)::text = 'production companies'::text)"}, {"Node Type": "Nested Loop", "Parent Relationship": "Inner", "Join Type": "Inner", "Startup Cost": 0.0, "Total Cost": 171503.65, "Plan Rows": 829046, "Plan Width": 36, "Inner Unique": false, "Plans": [{"Node Type": "Nested Loop", "Parent Relationship": "Outer", "Join Type": "Inner", "Startup Cost": 0.0, "Total Cost": 37527.17, "Plan Rows": 345008, "Plan Width": 4, "Inner Unique": false, "Join Filter": "(it.id = mi_idx.info_type_id), (LLVM Optimized)", "Plans": [{"Node Type": "Seq Scan", "Parent Relationship": "Outer", "Relation Name": "info_type", "Alias": "it", "Startup Cost": 0.0, "Total Cost": 2.4, "Plan Rows": 1, "Plan Width": 4, "Filter": "((info)::text = 'bottom 10 rank'::text)"}, {"Node Type": "Seq Scan", "Parent Relationship": "Inner", "Relation Name": "movie_info_idx", "Alias": "mi_idx", "Startup Cost": 0.0, "Total Cost": 20274.34, "Plan Rows": 1380034, "Plan Width": 8}]}, {"Node Type": "Index Scan", "Parent Relationship": "Inner", "Scan Direction": "Forward", "Index Name": "movie_id_movie_companies", "Relation Name": "movie_companies", "Alias": "mc", "Startup Cost": 0.0, "Total Cost": 0.37, "Plan Rows": 2, "Plan Width": 32, "Index Cond": "(movie_id = mi_idx.movie_id)", "Filter": "((note)::text !~~ '%(as Metro-Goldwyn-Mayer Pictures)%'::text)"}]}]}, {"Node Type": "Index Scan", "Parent Relationship": "Inner", "Scan Direction": "Forward", "Index Name": "title_pkey", "Relation Name": "title", "Alias": "t", "Startup Cost": 0.0, "Total Cost": 0.34, "Plan Rows": 1, "Plan Width": 25, "Index Cond": "(id = mc.movie_id)", "Filter": "(production_year > 2000)"}]}]}, "Unique SQL Id": 2492542741, "Planner Runtime": 2}, "explain_analyze_plan": {"Plan": {"Node Type": "Aggregate", "Strategy": "Plain", "Startup Cost": 362073.77, "Total Cost": 362073.78, "Plan Rows": 1, "Plan Width": 113, "Actual Startup Time": 553.61, "Actual Total Time": 553.611, "Actual Rows": 1, "Actual Loops": 1, "Plans": [{"Node Type": "Nested Loop", "Parent Relationship": "Outer", "Join Type": "Inner", "Startup Cost": 0.0, "Total Cost": 357289.62, "Plan Rows": 637886, "Plan Width": 45, "Actual Startup Time": 553.503, "Actual Total Time": 553.578, "Actual Rows": 4, "Actual Loops": 1, "Inner Unique": true, "Plans": [{"Node Type": "Nested Loop", "Parent Relationship": "Outer", "Join Type": "Inner", "Startup Cost": 0.0, "Total Cost": 181867.76, "Plan Rows": 501180, "Plan Width": 32, "Actual Startup Time": 553.378, "Actual Total Time": 553.535, "Actual Rows": 5, "Actual Loops": 1, "Inner Unique": false, "Join Filter": "(mc.company_type_id = ct.id), (LLVM Optimized, Jit Execute)", "Rows Removed by Join Filter": 95, "Plans": [{"Node Type": "Seq Scan", "Parent Relationship": "Outer", "Relation Name": "company_type", "Alias": "ct", "Startup Cost": 0.0, "Total Cost": 1.04, "Plan Rows": 1, "Plan Width": 4, "Actual Startup Time": 0.025, "Actual Total Time": 0.028, "Actual Rows": 1, "Actual Loops": 1, "Filter": "((kind)::text = 'production companies'::text)", "Rows Removed by Filter": 2}, {"Node Type": "Nested Loop", "Parent Relationship": "Inner", "Join Type": "Inner", "Startup Cost": 0.0, "Total Cost": 171503.65, "Plan Rows": 829046, "Plan Width": 36, "Actual Startup Time": 553.266, "Actual Total Time": 553.48, "Actual Rows": 100, "Actual Loops": 1, "Inner Unique": false, "Plans": [{"Node Type": "Nested Loop", "Parent Relationship": "Outer", "Join Type": "Inner", "Startup Cost": 0.0, "Total Cost": 37527.17, "Plan Rows": 345008, "Plan Width": 4, "Actual Startup Time": 553.187, "Actual Total Time": 553.204, "Actual Rows": 10, "Actual Loops": 1, "Inner Unique": false, "Join Filter": "(it.id = mi_idx.info_type_id), (LLVM Optimized, Jit Execute)", "Rows Removed by Join Filter": 1380024, "Plans": [{"Node Type": "Seq Scan", "Parent Relationship": "Outer", "Relation Name": "info_type", "Alias": "it", "Startup Cost": 0.0, "Total Cost": 2.4, "Plan Rows": 1, "Plan Width": 4, "Actual Startup Time": 0.053, "Actual Total Time": 0.059, "Actual Rows": 1, "Actual Loops": 1, "Filter": "((info)::text = 'bottom 10 rank'::text)", "Rows Removed by Filter": 111}, {"Node Type": "Seq Scan", "Parent Relationship": "Inner", "Relation Name": "movie_info_idx", "Alias": "mi_idx", "Startup Cost": 0.0, "Total Cost": 20274.34, "Plan Rows": 1380034, "Plan Width": 8, "Actual Startup Time": 0.03, "Actual Total Time": 293.735, "Actual Rows": 1380034, "Actual Loops": 1}]}, {"Node Type": "Index Scan", "Parent Relationship": "Inner", "Scan Direction": "Forward", "Index Name": "movie_id_movie_companies", "Relation Name": "movie_companies", "Alias": "mc", "Startup Cost": 0.0, "Total Cost": 0.37, "Plan Rows": 2, "Plan Width": 32, "Actual Startup Time": 0.144, "Actual Total Time": 0.23, "Actual Rows": 100, "Actual Loops": 10, "Index Cond": "(movie_id = mi_idx.movie_id)", "Rows Removed by Index Recheck": 0, "Filter": "((note)::text !~~ '%(as Metro-Goldwyn-Mayer Pictures)%'::text)", "Rows Removed by Filter": 20}]}]}, {"Node Type": "Index Scan", "Parent Relationship": "Inner", "Scan Direction": "Forward", "Index Name": "title_pkey", "Relation Name": "title", "Alias": "t", "Startup Cost": 0.0, "Total Cost": 0.34, "Plan Rows": 1, "Plan Width": 25, "Actual Startup Time": 0.037, "Actual Total Time": 0.037, "Actual Rows": 4, "Actual Loops": 5, "Index Cond": "(id = mc.movie_id)", "Rows Removed by Index Recheck": 0, "Filter": "(production_year > 2000)", "Rows Removed by Filter": 1}]}]}, "Triggers": [], "Planner Runtime": 2, "Total Runtime": 563.212, "Unique SQL Id": 2492542741}}, "(1, 61)": {"explain_plan": {"Plan": {"Node Type": "Aggregate", "Strategy": "Plain", "Startup Cost": 362896.07, "Total Cost": 362896.08, "Plan Rows": 1, "Plan Width": 113, "Plans": [{"Node Type": "Nested Loop", "Parent Relationship": "Outer", "Join Type": "Inner", "Startup Cost": 0.0, "Total Cost": 358111.92, "Plan Rows": 637886, "Plan Width": 45, "Inner Unique": true, "Plans": [{"Node Type": "Nested Loop", "Parent Relationship": "Outer", "Join Type": "Inner", "Startup Cost": 0.0, "Total Cost": 182690.06, "Plan Rows": 501180, "Plan Width": 32, "Inner Unique": false, "Join Filter": "(mc.company_type_id = ct.id), (LLVM Optimized)", "Plans": [{"Node Type": "Index Scan", "Parent Relationship": "Outer", "Scan Direction": "Forward", "Index Name": "company_type_pkey", "Relation Name": "company_type", "Alias": "ct", "Startup Cost": 0.0, "Total Cost": 12.3, "Plan Rows": 1, "Plan Width": 4, "Filter": "((kind)::text = 'production companies'::text)"}, {"Node Type": "Nested Loop", "Parent Relationship": "Inner", "Join Type": "Inner", "Startup Cost": 0.0, "Total Cost": 172314.68, "Plan Rows": 829046, "Plan Width": 36, "Inner Unique": false, "Plans": [{"Node Type": "Nested Loop", "Parent Relationship": "Outer", "Join Type": "Inner", "Startup Cost": 0.0, "Total Cost": 38338.2, "Plan Rows": 345008, "Plan Width": 4, "Inner Unique": false, "Plans": [{"Node Type": "Index Scan", "Parent Relationship": "Outer", "Scan Direction": "Forward", "Index Name": "info_type_pkey", "Relation Name": "info_type", "Alias": "it", "Startup Cost": 0.0, "Total Cost": 14.21, "Plan Rows": 1, "Plan Width": 4, "Filter": "((info)::text = 'bottom 10 rank'::text)"}, {"Node Type": "Index Scan", "Parent Relationship": "Inner", "Scan Direction": "Forward", "Index Name": "info_type_id_movie_info_idx", "Relation Name": "movie_info_idx", "Alias": "mi_idx", "Startup Cost": 0.0, "Total Cost": 34873.91, "Plan Rows": 345008, "Plan Width": 8, "Index Cond": "(info_type_id = it.id), (LLVM Optimized)"}]}, {"Node Type": "Index Scan", "Parent Relationship": "Inner", "Scan Direction": "Forward", "Index Name": "movie_id_movie_companies", "Relation Name": "movie_companies", "Alias": "mc", "Startup Cost": 0.0, "Total Cost": 0.37, "Plan Rows": 2, "Plan Width": 32, "Index Cond": "(movie_id = mi_idx.movie_id)", "Filter": "((note)::text !~~ '%(as Metro-Goldwyn-Mayer Pictures)%'::text)"}]}]}, {"Node Type": "Index Scan", "Parent Relationship": "Inner", "Scan Direction": "Forward", "Index Name": "title_pkey", "Relation Name": "title", "Alias": "t", "Startup Cost": 0.0, "Total Cost": 0.34, "Plan Rows": 1, "Plan Width": 25, "Index Cond": "(id = mc.movie_id)", "Filter": "(production_year > 2000)"}]}]}, "Unique SQL Id": 2492542741, "Planner Runtime": 2}, "explain_analyze_plan": {"Plan": {"Node Type": "Aggregate", "Strategy": "Plain", "Startup Cost": 362896.07, "Total Cost": 362896.08, "Plan Rows": 1, "Plan Width": 113, "Actual Startup Time": 0.531, "Actual Total Time": 0.531, "Actual Rows": 1, "Actual Loops": 1, "Plans": [{"Node Type": "Nested Loop", "Parent Relationship": "Outer", "Join Type": "Inner", "Startup Cost": 0.0, "Total Cost": 358111.92, "Plan Rows": 637886, "Plan Width": 45, "Actual Startup Time": 0.428, "Actual Total Time": 0.512, "Actual Rows": 4, "Actual Loops": 1, "Inner Unique": true, "Plans": [{"Node Type": "Nested Loop", "Parent Relationship": "Outer", "Join Type": "Inner", "Startup Cost": 0.0, "Total Cost": 182690.06, "Plan Rows": 501180, "Plan Width": 32, "Actual Startup Time": 0.25, "Actual Total Time": 0.451, "Actual Rows": 5, "Actual Loops": 1, "Inner Unique": false, "Join Filter": "(mc.company_type_id = ct.id), (LLVM Optimized)", "Rows Removed by Join Filter": 95, "Plans": [{"Node Type": "Index Scan", "Parent Relationship": "Outer", "Scan Direction": "Forward", "Index Name": "company_type_pkey", "Relation Name": "company_type", "Alias": "ct", "Startup Cost": 0.0, "Total Cost": 12.3, "Plan Rows": 1, "Plan Width": 4, "Actual Startup Time": 0.027, "Actual Total Time": 0.029, "Actual Rows": 1, "Actual Loops": 1, "Filter": "((kind)::text = 'production companies'::text)", "Rows Removed by Filter": 2}, {"Node Type": "Nested Loop", "Parent Relationship": "Inner", "Join Type": "Inner", "Startup Cost": 0.0, "Total Cost": 172314.68, "Plan Rows": 829046, "Plan Width": 36, "Actual Startup Time": 0.115, "Actual Total Time": 0.396, "Actual Rows": 100, "Actual Loops": 1, "Inner Unique": false, "Plans": [{"Node Type": "Nested Loop", "Parent Relationship": "Outer", "Join Type": "Inner", "Startup Cost": 0.0, "Total Cost": 38338.2, "Plan Rows": 345008, "Plan Width": 4, "Actual Startup Time": 0.09, "Actual Total Time": 0.096, "Actual Rows": 10, "Actual Loops": 1, "Inner Unique": false, "Plans": [{"Node Type": "Index Scan", "Parent Relationship": "Outer", "Scan Direction": "Forward", "Index Name": "info_type_pkey", "Relation Name": "info_type", "Alias": "it", "Startup Cost": 0.0, "Total Cost": 14.21, "Plan Rows": 1, "Plan Width": 4, "Actual Startup Time": 0.068, "Actual Total Time": 0.069, "Actual Rows": 1, "Actual Loops": 1, "Filter": "((info)::text = 'bottom 10 rank'::text)", "Rows Removed by Filter": 111}, {"Node Type": "Index Scan", "Parent Relationship": "Inner", "Scan Direction": "Forward", "Index Name": "info_type_id_movie_info_idx", "Relation Name": "movie_info_idx", "Alias": "mi_idx", "Startup Cost": 0.0, "Total Cost": 34873.91, "Plan Rows": 345008, "Plan Width": 8, "Actual Startup Time": 0.019, "Actual Total Time": 0.022, "Actual Rows": 10, "Actual Loops": 1, "Index Cond": "(info_type_id = it.id), (LLVM Optimized)", "Rows Removed by Index Recheck": 0}]}, {"Node Type": "Index Scan", "Parent Relationship": "Inner", "Scan Direction": "Forward", "Index Name": "movie_id_movie_companies", "Relation Name": "movie_companies", "Alias": "mc", "Startup Cost": 0.0, "Total Cost": 0.37, "Plan Rows": 2, "Plan Width": 32, "Actual Startup Time": 0.16, "Actual Total Time": 0.269, "Actual Rows": 100, "Actual Loops": 10, "Index Cond": "(movie_id = mi_idx.movie_id)", "Rows Removed by Index Recheck": 0, "Filter": "((note)::text !~~ '%(as Metro-Goldwyn-Mayer Pictures)%'::text)", "Rows Removed by Filter": 20}]}]}, {"Node Type": "Index Scan", "Parent Relationship": "Inner", "Scan Direction": "Forward", "Index Name": "title_pkey", "Relation Name": "title", "Alias": "t", "Startup Cost": 0.0, "Total Cost": 0.34, "Plan Rows": 1, "Plan Width": 25, "Actual Startup Time": 0.057, "Actual Total Time": 0.057, "Actual Rows": 4, "Actual Loops": 5, "Index Cond": "(id = mc.movie_id)", "Rows Removed by Index Recheck": 0, "Filter": "(production_year > 2000)", "Rows Removed by Filter": 1}]}]}, "Triggers": [], "Planner Runtime": 2, "Total Runtime": 10.313, "Unique SQL Id": 2492542741}}, "(1, 62)": {"explain_plan": {"Plan": {"Node Type": "Aggregate", "Strategy": "Plain", "Startup Cost": 15914828062.74, "Total Cost": 15914828062.75, "Plan Rows": 1, "Plan Width": 113, "Plans": [{"Node Type": "Nested Loop", "Parent Relationship": "Outer", "Join Type": "Inner", "Startup Cost": 0.0, "Total Cost": 15914823278.6, "Plan Rows": 637886, "Plan Width": 45, "Inner Unique": false, "Join Filter": "(mc.movie_id = t.id), (LLVM Optimized)", "Plans": [{"Node Type": "Nested Loop", "Parent Relationship": "Outer", "Join Type": "Inner", "Startup Cost": 0.0, "Total Cost": 80954.08, "Plan Rows": 1304518, "Plan Width": 28, "Inner Unique": false, "Join Filter": "(ct.id = mc.company_type_id), (LLVM Optimized)", "Plans": [{"Node Type": "Seq Scan", "Parent Relationship": "Outer", "Relation Name": "company_type", "Alias": "ct", "Startup Cost": 0.0, "Total Cost": 1.04, "Plan Rows": 1, "Plan Width": 4, "Filter": "((kind)::text = 'production companies'::text)"}, {"Node Type": "Seq Scan", "Parent Relationship": "Inner", "Relation Name": "movie_companies", "Alias": "mc", "Startup Cost": 0.0, "Total Cost": 48340.1, "Plan Rows": 2609035, "Plan Width": 32, "Filter": "((note)::text !~~ '%(as Metro-Goldwyn-Mayer Pictures)%'::text), (LLVM Optimized)"}]}, {"Node Type": "Materialize", "Parent Relationship": "Inner", "Startup Cost": 0.0, "Total Cost": 7151532895.09, "Plan Rows": 447839, "Plan Width": 29, "Plans": [{"Node Type": "Nested Loop", "Parent Relationship": "Outer", "Join Type": "Inner", "Startup Cost": 0.0, "Total Cost": 7151530655.89, "Plan Rows": 447839, "Plan Width": 29, "Inner Unique": false, "Join Filter": "(mi_idx.movie_id = t.id), (LLVM Optimized)", "Plans": [{"Node Type": "Seq Scan", "Parent Relationship": "Outer", "Relation Name": "title", "Alias": "t", "Startup Cost": 0.0, "Total Cost": 66389.89, "Plan Rows": 1381886, "Plan Width": 25, "Filter": "(production_year > 2000), (LLVM Optimized)"}, {"Node Type": "Materialize", "Parent Relationship": "Inner", "Startup Cost": 0.0, "Total Cost": 39252.21, "Plan Rows": 345008, "Plan Width": 4, "Plans": [{"Node Type": "Nested Loop", "Parent Relationship": "Outer", "Join Type": "Inner", "Startup Cost": 0.0, "Total Cost": 37527.17, "Plan Rows": 345008, "Plan Width": 4, "Inner Unique": false, "Join Filter": "(it.id = mi_idx.info_type_id), (LLVM Optimized)", "Plans": [{"Node Type": "Seq Scan", "Parent Relationship": "Outer", "Relation Name": "info_type", "Alias": "it", "Startup Cost": 0.0, "Total Cost": 2.4, "Plan Rows": 1, "Plan Width": 4, "Filter": "((info)::text = 'bottom 10 rank'::text)"}, {"Node Type": "Seq Scan", "Parent Relationship": "Inner", "Relation Name": "movie_info_idx", "Alias": "mi_idx", "Startup Cost": 0.0, "Total Cost": 20274.34, "Plan Rows": 1380034, "Plan Width": 8}]}]}]}]}]}]}, "Unique SQL Id": 2492542741, "Planner Runtime": 2}, "explain_analyze_plan": null}, "(1, 63)": {"explain_plan": {"Plan": {"Node Type": "Aggregate", "Strategy": "Plain", "Startup Cost": 5015944704069.06, "Total Cost": 5015944704069.07, "Plan Rows": 1, "Plan Width": 113, "Plans": [{"Node Type": "Nested Loop", "Parent Relationship": "Outer", "Join Type": "Inner", "Startup Cost": 50000000000.0, "Total Cost": 5015944699284.92, "Plan Rows": 637886, "Plan Width": 45, "Inner Unique": false, "Join Filter": "(mc.movie_id = t.id), (LLVM Optimized)", "Plans": [{"Node Type": "Nested Loop", "Parent Relationship": "Outer", "Join Type": "Inner", "Startup Cost": 20000000000.0, "Total Cost": 2000013744593.91, "Plan Rows": 1304518, "Plan Width": 28, "Inner Unique": true, "Join Filter": "(ct.id = mc.company_type_id), (LLVM Optimized)", "Plans": [{"Node Type": "Index Scan", "Parent Relationship": "Outer", "Scan Direction": "Forward", "Index Name": "movie_id_movie_companies", "Relation Name": "movie_companies", "Alias": "mc", "Startup Cost": 10000000000.0, "Total Cost": 1000013704228.13, "Plan Rows": 2609035, "Plan Width": 32, "Filter": "((note)::text !~~ '%(as Metro-Goldwyn-Mayer Pictures)%'::text), (LLVM Optimized)"}, {"Node Type": "Materialize", "Parent Relationship": "Inner", "Startup Cost": 10000000000.0, "Total Cost": 1000000001230.26, "Plan Rows": 1, "Plan Width": 4, "Plans": [{"Node Type": "Index Scan", "Parent Relationship": "Outer", "Scan Direction": "Forward", "Index Name": "company_type_pkey", "Relation Name": "company_type", "Alias": "ct", "Startup Cost": 10000000000.0, "Total Cost": 1000000001230.25, "Plan Rows": 1, "Plan Width": 4, "Filter": "((kind)::text = 'production companies'::text)"}]}]}, {"Node Type": "Materialize", "Parent Relationship": "Inner", "Startup Cost": 30000000000.0, "Total Cost": 3007167745261.58, "Plan Rows": 447839, "Plan Width": 29, "Plans": [{"Node Type": "Nested Loop", "Parent Relationship": "Outer", "Join Type": "Inner", "Startup Cost": 30000000000.0, "Total Cost": 3007167743022.38, "Plan Rows": 447839, "Plan Width": 29, "Inner Unique": false, "Join Filter": "(mi_idx.movie_id = t.id), (LLVM Optimized)", "Plans": [{"Node Type": "Index Scan", "Parent Relationship": "Outer", "Scan Direction": "Forward", "Index Name": "title_pkey", "Relation Name": "title", "Alias": "t", "Startup Cost": 10000000000.0, "Total Cost": 1000011644126.66, "Plan Rows": 1381886, "Plan Width": 25, "Filter": "(production_year > 2000), (LLVM Optimized)"}, {"Node Type": "Materialize", "Parent Relationship": "Inner", "Startup Cost": 20000000000.0, "Total Cost": 2000004673881.92, "Plan Rows": 345008, "Plan Width": 4, "Plans": [{"Node Type": "Nested Loop", "Parent Relationship": "Outer", "Join Type": "Inner", "Startup Cost": 20000000000.0, "Total Cost": 2000004672156.88, "Plan Rows": 345008, "Plan Width": 4, "Inner Unique": true, "Join Filter": "(it.id = mi_idx.info_type_id), (LLVM Optimized)", "Plans": [{"Node Type": "Index Scan", "Parent Relationship": "Outer", "Scan Direction": "Forward", "Index Name": "movie_id_movie_info_idx", "Relation Name": "movie_info_idx", "Alias": "mi_idx", "Startup Cost": 10000000000.0, "Total Cost": 1000004650035.37, "Plan Rows": 1380034, "Plan Width": 8}, {"Node Type": "Materialize", "Parent Relationship": "Inner", "Startup Cost": 10000000000.0, "Total Cost": 1000000001421.0, "Plan Rows": 1, "Plan Width": 4, "Plans": [{"Node Type": "Index Scan", "Parent Relationship": "Outer", "Scan Direction": "Forward", "Index Name": "info_type_pkey", "Relation Name": "info_type", "Alias": "it", "Startup Cost": 10000000000.0, "Total Cost": 1000000001421.0, "Plan Rows": 1, "Plan Width": 4, "Filter": "((info)::text = 'bottom 10 rank'::text)"}]}]}]}]}]}]}]}, "Unique SQL Id": 2492542741, "Planner Runtime": 2}, "explain_analyze_plan": null}, "(1, 64)": {"explain_plan": {"Plan": {"Node Type": "Aggregate", "Strategy": "Plain", "Startup Cost": 199127.96, "Total Cost": 199127.97, "Plan Rows": 1, "Plan Width": 113, "Plans": [{"Node Type": "Hash Join", "Parent Relationship": "Outer", "Join Type": "Inner", "Startup Cost": 116775.81, "Total Cost": 194248.77, "Plan Rows": 650559, "Plan Width": 45, "Inner Unique": true, "Hash Cond": "(mc.company_type_id = ct.id), (LLVM Optimized)", "Plans": [{"Node Type": "Hash Join", "Parent Relationship": "Outer", "Join Type": "Inner", "Startup Cost": 116774.76, "Total Cost": 185660.4, "Plan Rows": 1055184, "Plan Width": 49, "Inner Unique": false, "Hash Cond": "(mc.movie_id = t.id), (LLVM Optimized)", "Plans": [{"Node Type": "Seq Scan", "Parent Relationship": "Outer", "Relation Name": "movie_companies", "Alias": "mc", "Startup Cost": 0.0, "Total Cost": 48340.1, "Plan Rows": 2609035, "Plan Width": 32, "Filter": "((note)::text !~~ '%(as Metro-Goldwyn-Mayer Pictures)%'::text), (LLVM Optimized)"}, {"Node Type": "Hash", "Parent Relationship": "Inner", "Startup Cost": 111176.77, "Total Cost": 111176.77, "Plan Rows": 447839, "Plan Width": 29, "Plans": [{"Node Type": "Hash Join", "Parent Relationship": "Outer", "Join Type": "Inner", "Startup Cost": 91165.52, "Total Cost": 111176.77, "Plan Rows": 447839, "Plan Width": 29, "Inner Unique": true, "Hash Cond": "(mi_idx.movie_id = t.id), (LLVM Optimized)", "Plans": [{"Node Type": "Nested Loop", "Parent Relationship": "Outer", "Join Type": "Inner", "Startup Cost": 7502.06, "Total Cost": 21741.14, "Plan Rows": 345008, "Plan Width": 4, "Inner Unique": false, "Plans": [{"Node Type": "Seq Scan", "Parent Relationship": "Outer", "Relation Name": "info_type", "Alias": "it", "Startup Cost": 0.0, "Total Cost": 2.4, "Plan Rows": 1, "Plan Width": 4, "Filter": "((info)::text = 'bottom 10 rank'::text)"}, {"Node Type": "Bitmap Heap Scan", "Parent Relationship": "Inner", "Relation Name": "movie_info_idx", "Alias": "mi_idx", "Startup Cost": 7502.06, "Total Cost": 18288.66, "Plan Rows": 345008, "Plan Width": 8, "Recheck Cond": "(info_type_id = it.id), (LLVM Optimized)", "Plans": [{"Node Type": "Bitmap Index Scan", "Parent Relationship": "Outer", "Index Name": "info_type_id_movie_info_idx", "Startup Cost": 0.0, "Total Cost": 7415.81, "Plan Rows": 345008, "Plan Width": 0, "Index Cond": "(info_type_id = it.id)"}]}]}, {"Node Type": "Hash", "Parent Relationship": "Inner", "Startup Cost": 66389.89, "Total Cost": 66389.89, "Plan Rows": 1381886, "Plan Width": 25, "Plans": [{"Node Type": "Seq Scan", "Parent Relationship": "Outer", "Relation Name": "title", "Alias": "t", "Startup Cost": 0.0, "Total Cost": 66389.89, "Plan Rows": 1381886, "Plan Width": 25, "Filter": "(production_year > 2000), (LLVM Optimized)"}]}]}]}]}, {"Node Type": "Hash", "Parent Relationship": "Inner", "Startup Cost": 1.04, "Total Cost": 1.04, "Plan Rows": 1, "Plan Width": 4, "Plans": [{"Node Type": "Seq Scan", "Parent Relationship": "Outer", "Relation Name": "company_type", "Alias": "ct", "Startup Cost": 0.0, "Total Cost": 1.04, "Plan Rows": 1, "Plan Width": 4, "Filter": "((kind)::text = 'production companies'::text)"}]}]}]}, "Unique SQL Id": 2492542741, "Planner Runtime": 11}, "explain_analyze_plan": {"Plan": {"Node Type": "Aggregate", "Strategy": "Plain", "Startup Cost": 199127.96, "Total Cost": 199127.97, "Plan Rows": 1, "Plan Width": 113, "Actual Startup Time": 2728.625, "Actual Total Time": 2728.626, "Actual Rows": 1, "Actual Loops": 1, "Plans": [{"Node Type": "Hash Join", "Parent Relationship": "Outer", "Join Type": "Inner", "Startup Cost": 116775.81, "Total Cost": 194248.77, "Plan Rows": 650559, "Plan Width": 45, "Actual Startup Time": 2557.909, "Actual Total Time": 2728.582, "Actual Rows": 4, "Actual Loops": 1, "Inner Unique": true, "Hash Cond": "(mc.company_type_id = ct.id), (LLVM Optimized, Jit Execute)", "Plans": [{"Node Type": "Hash Join", "Parent Relationship": "Outer", "Join Type": "Inner", "Startup Cost": 116774.76, "Total Cost": 185660.4, "Plan Rows": 1055184, "Plan Width": 49, "Actual Startup Time": 1875.446, "Actual Total Time": 2728.348, "Actual Rows": 78, "Actual Loops": 1, "Inner Unique": false, "Hash Cond": "(mc.movie_id = t.id), (LLVM Optimized, Jit Execute)", "Plans": [{"Node Type": "Seq Scan", "Parent Relationship": "Outer", "Relation Name": "movie_companies", "Alias": "mc", "Startup Cost": 0.0, "Total Cost": 48340.1, "Plan Rows": 2609035, "Plan Width": 32, "Actual Startup Time": 0.025, "Actual Total Time": 903.429, "Actual Rows": 1337087, "Actual Loops": 1, "Filter": "((note)::text !~~ '%(as Metro-Goldwyn-Mayer Pictures)%'::text), (LLVM Optimized, Jit Execute)", "Rows Removed by Filter": 1272041}, {"Node Type": "Hash", "Parent Relationship": "Inner", "Startup Cost": 111176.77, "Total Cost": 111176.77, "Plan Rows": 447839, "Plan Width": 29, "Actual Startup Time": 1572.575, "Actual Total Time": 1572.575, "Actual Rows": 6, "Actual Loops": 1, "Hash Buckets": 524288, "Hash Batches": 1, "Original Hash Batches": 1, "Peak Memory Usage": 1, "Plans": [{"Node Type": "Hash Join", "Parent Relationship": "Outer", "Join Type": "Inner", "Startup Cost": 91165.52, "Total Cost": 111176.77, "Plan Rows": 447839, "Plan Width": 29, "Actual Startup Time": 1572.527, "Actual Total Time": 1572.562, "Actual Rows": 6, "Actual Loops": 1, "Inner Unique": true, "Hash Cond": "(mi_idx.movie_id = t.id), (LLVM Optimized, Jit Execute)", "Plans": [{"Node Type": "Nested Loop", "Parent Relationship": "Outer", "Join Type": "Inner", "Startup Cost": 7502.06, "Total Cost": 21741.14, "Plan Rows": 345008, "Plan Width": 4, "Actual Startup Time": 0.082, "Actual Total Time": 0.112, "Actual Rows": 10, "Actual Loops": 1, "Inner Unique": false, "Plans": [{"Node Type": "Seq Scan", "Parent Relationship": "Outer", "Relation Name": "info_type", "Alias": "it", "Startup Cost": 0.0, "Total Cost": 2.4, "Plan Rows": 1, "Plan Width": 4, "Actual Startup Time": 0.047, "Actual Total Time": 0.065, "Actual Rows": 1, "Actual Loops": 1, "Filter": "((info)::text = 'bottom 10 rank'::text)", "Rows Removed by Filter": 111}, {"Node Type": "Bitmap Heap Scan", "Parent Relationship": "Inner", "Relation Name": "movie_info_idx", "Alias": "mi_idx", "Startup Cost": 7502.06, "Total Cost": 18288.66, "Plan Rows": 345008, "Plan Width": 8, "Actual Startup Time": 0.028, "Actual Total Time": 0.034, "Actual Rows": 10, "Actual Loops": 1, "Recheck Cond": "(info_type_id = it.id), (LLVM Optimized, Jit Execute)", "Rows Removed by Index Recheck": 0, "Exact Heap Blocks": 1, "Lossy Heap Blocks": 1, "Plans": [{"Node Type": "Bitmap Index Scan", "Parent Relationship": "Outer", "Index Name": "info_type_id_movie_info_idx", "Startup Cost": 0.0, "Total Cost": 7415.81, "Plan Rows": 345008, "Plan Width": 0, "Actual Startup Time": 0.016, "Actual Total Time": 0.016, "Actual Rows": 10, "Actual Loops": 1, "Index Cond": "(info_type_id = it.id)"}]}]}, {"Node Type": "Hash", "Parent Relationship": "Inner", "Startup Cost": 66389.89, "Total Cost": 66389.89, "Plan Rows": 1381886, "Plan Width": 25, "Actual Startup Time": 1571.16, "Actual Total Time": 1571.16, "Actual Rows": 1381453, "Actual Loops": 1, "Hash Buckets": 2097152, "Hash Batches": 1, "Original Hash Batches": 1, "Peak Memory Usage": 79393, "Plans": [{"Node Type": "Seq Scan", "Parent Relationship": "Outer", "Relation Name": "title", "Alias": "t", "Startup Cost": 0.0, "Total Cost": 66389.89, "Plan Rows": 1381886, "Plan Width": 25, "Actual Startup Time": 0.025, "Actual Total Time": 993.497, "Actual Rows": 1381453, "Actual Loops": 1, "Filter": "(production_year > 2000), (LLVM Optimized, Jit Execute)", "Rows Removed by Filter": 1146858}]}]}]}]}, {"Node Type": "Hash", "Parent Relationship": "Inner", "Startup Cost": 1.04, "Total Cost": 1.04, "Plan Rows": 1, "Plan Width": 4, "Actual Startup Time": 0.045, "Actual Total Time": 0.045, "Actual Rows": 1, "Actual Loops": 1, "Hash Buckets": 32768, "Hash Batches": 1, "Original Hash Batches": 1, "Peak Memory Usage": 1, "Plans": [{"Node Type": "Seq Scan", "Parent Relationship": "Outer", "Relation Name": "company_type", "Alias": "ct", "Startup Cost": 0.0, "Total Cost": 1.04, "Plan Rows": 1, "Plan Width": 4, "Actual Startup Time": 0.027, "Actual Total Time": 0.03, "Actual Rows": 1, "Actual Loops": 1, "Filter": "((kind)::text = 'production companies'::text)", "Rows Removed by Filter": 2}]}]}]}, "Triggers": [], "Planner Runtime": 5, "Total Runtime": 2739.215, "Unique SQL Id": 2492542741}}, "(1, 65)": {"explain_plan": {"Plan": {"Node Type": "Aggregate", "Strategy": "Plain", "Startup Cost": 251533.23, "Total Cost": 251533.24, "Plan Rows": 1, "Plan Width": 113, "Plans": [{"Node Type": "Hash Join", "Parent Relationship": "Outer", "Join Type": "Inner", "Startup Cost": 166837.95, "Total Cost": 246654.04, "Plan Rows": 650559, "Plan Width": 45, "Inner Unique": false, "Hash Cond": "(mc.movie_id = t.id), (LLVM Optimized)", "Plans": [{"Node Type": "Nested Loop", "Parent Relationship": "Outer", "Join Type": "Inner", "Startup Cost": 0.0, "Total Cost": 69436.41, "Plan Rows": 1304518, "Plan Width": 28, "Inner Unique": false, "Plans": [{"Node Type": "Index Scan", "Parent Relationship": "Outer", "Scan Direction": "Forward", "Index Name": "company_type_pkey", "Relation Name": "company_type", "Alias": "ct", "Startup Cost": 0.0, "Total Cost": 12.3, "Plan Rows": 1, "Plan Width": 4, "Filter": "((kind)::text = 'production companies'::text)"}, {"Node Type": "Index Scan", "Parent Relationship": "Inner", "Scan Direction": "Forward", "Index Name": "company_type_id_movie_companies", "Relation Name": "movie_companies", "Alias": "mc", "Startup Cost": 0.0, "Total Cost": 56378.94, "Plan Rows": 1304517, "Plan Width": 32, "Index Cond": "(company_type_id = ct.id), (LLVM Optimized)", "Filter": "((note)::text !~~ '%(as Metro-Goldwyn-Mayer Pictures)%'::text), (LLVM Optimized)"}]}, {"Node Type": "Hash", "Parent Relationship": "Inner", "Startup Cost": 161239.96, "Total Cost": 161239.96, "Plan Rows": 447839, "Plan Width": 29, "Plans": [{"Node Type": "Hash Join", "Parent Relationship": "Outer", "Join Type": "Inner", "Startup Cost": 141216.9, "Total Cost": 161239.96, "Plan Rows": 447839, "Plan Width": 29, "Inner Unique": true, "Hash Cond": "(mi_idx.movie_id = t.id), (LLVM Optimized)", "Plans": [{"Node Type": "Nested Loop", "Parent Relationship": "Outer", "Join Type": "Inner", "Startup Cost": 7502.06, "Total Cost": 21752.95, "Plan Rows": 345008, "Plan Width": 4, "Inner Unique": false, "Plans": [{"Node Type": "Index Scan", "Parent Relationship": "Outer", "Scan Direction": "Forward", "Index Name": "info_type_pkey", "Relation Name": "info_type", "Alias": "it", "Startup Cost": 0.0, "Total Cost": 14.21, "Plan Rows": 1, "Plan Width": 4, "Filter": "((info)::text = 'bottom 10 rank'::text)"}, {"Node Type": "Bitmap Heap Scan", "Parent Relationship": "Inner", "Relation Name": "movie_info_idx", "Alias": "mi_idx", "Startup Cost": 7502.06, "Total Cost": 18288.66, "Plan Rows": 345008, "Plan Width": 8, "Recheck Cond": "(info_type_id = it.id), (LLVM Optimized)", "Plans": [{"Node Type": "Bitmap Index Scan", "Parent Relationship": "Outer", "Index Name": "info_type_id_movie_info_idx", "Startup Cost": 0.0, "Total Cost": 7415.81, "Plan Rows": 345008, "Plan Width": 0, "Index Cond": "(info_type_id = it.id)"}]}]}, {"Node Type": "Hash", "Parent Relationship": "Inner", "Startup Cost": 116441.27, "Total Cost": 116441.27, "Plan Rows": 1381886, "Plan Width": 25, "Plans": [{"Node Type": "Index Scan", "Parent Relationship": "Outer", "Scan Direction": "Forward", "Index Name": "title_pkey", "Relation Name": "title", "Alias": "t", "Startup Cost": 0.0, "Total Cost": 116441.27, "Plan Rows": 1381886, "Plan Width": 25, "Filter": "(production_year > 2000), (LLVM Optimized)"}]}]}]}]}]}, "Unique SQL Id": 2492542741, "Planner Runtime": 10}, "explain_analyze_plan": {"Plan": {"Node Type": "Aggregate", "Strategy": "Plain", "Startup Cost": 251533.23, "Total Cost": 251533.24, "Plan Rows": 1, "Plan Width": 113, "Actual Startup Time": 4421.886, "Actual Total Time": 4421.887, "Actual Rows": 1, "Actual Loops": 1, "Plans": [{"Node Type": "Hash Join", "Parent Relationship": "Outer", "Join Type": "Inner", "Startup Cost": 166837.95, "Total Cost": 246654.04, "Plan Rows": 650559, "Plan Width": 45, "Actual Startup Time": 4094.089, "Actual Total Time": 4421.84, "Actual Rows": 4, "Actual Loops": 1, "Inner Unique": false, "Hash Cond": "(mc.movie_id = t.id), (LLVM Optimized, Jit Execute)", "Plans": [{"Node Type": "Nested Loop", "Parent Relationship": "Outer", "Join Type": "Inner", "Startup Cost": 0.0, "Total Cost": 69436.41, "Plan Rows": 1304518, "Plan Width": 28, "Actual Startup Time": 0.108, "Actual Total Time": 638.366, "Actual Rows": 140904, "Actual Loops": 1, "Inner Unique": false, "Plans": [{"Node Type": "Index Scan", "Parent Relationship": "Outer", "Scan Direction": "Forward", "Index Name": "company_type_pkey", "Relation Name": "company_type", "Alias": "ct", "Startup Cost": 0.0, "Total Cost": 12.3, "Plan Rows": 1, "Plan Width": 4, "Actual Startup Time": 0.025, "Actual Total Time": 0.035, "Actual Rows": 1, "Actual Loops": 1, "Filter": "((kind)::text = 'production companies'::text)", "Rows Removed by Filter": 2}, {"Node Type": "Index Scan", "Parent Relationship": "Inner", "Scan Direction": "Forward", "Index Name": "company_type_id_movie_companies", "Relation Name": "movie_companies", "Alias": "mc", "Startup Cost": 0.0, "Total Cost": 56378.94, "Plan Rows": 1304517, "Plan Width": 32, "Actual Startup Time": 0.078, "Actual Total Time": 609.976, "Actual Rows": 140904, "Actual Loops": 1, "Index Cond": "(company_type_id = ct.id), (LLVM Optimized, Jit Execute)", "Rows Removed by Index Recheck": 0, "Filter": "((note)::text !~~ '%(as Metro-Goldwyn-Mayer Pictures)%'::text), (LLVM Optimized, Jit Execute)", "Rows Removed by Filter": 1193979}]}, {"Node Type": "Hash", "Parent Relationship": "Inner", "Startup Cost": 161239.96, "Total Cost": 161239.96, "Plan Rows": 447839, "Plan Width": 29, "Actual Startup Time": 3752.128, "Actual Total Time": 3752.128, "Actual Rows": 6, "Actual Loops": 1, "Hash Buckets": 524288, "Hash Batches": 1, "Original Hash Batches": 1, "Peak Memory Usage": 1, "Plans": [{"Node Type": "Hash Join", "Parent Relationship": "Outer", "Join Type": "Inner", "Startup Cost": 141216.9, "Total Cost": 161239.96, "Plan Rows": 447839, "Plan Width": 29, "Actual Startup Time": 3752.1, "Actual Total Time": 3752.117, "Actual Rows": 6, "Actual Loops": 1, "Inner Unique": true, "Hash Cond": "(mi_idx.movie_id = t.id), (LLVM Optimized, Jit Execute)", "Plans": [{"Node Type": "Nested Loop", "Parent Relationship": "Outer", "Join Type": "Inner", "Startup Cost": 7502.06, "Total Cost": 21752.95, "Plan Rows": 345008, "Plan Width": 4, "Actual Startup Time": 0.094, "Actual Total Time": 0.11, "Actual Rows": 10, "Actual Loops": 1, "Inner Unique": false, "Plans": [{"Node Type": "Index Scan", "Parent Relationship": "Outer", "Scan Direction": "Forward", "Index Name": "info_type_pkey", "Relation Name": "info_type", "Alias": "it", "Startup Cost": 0.0, "Total Cost": 14.21, "Plan Rows": 1, "Plan Width": 4, "Actual Startup Time": 0.061, "Actual Total Time": 0.066, "Actual Rows": 1, "Actual Loops": 1, "Filter": "((info)::text = 'bottom 10 rank'::text)", "Rows Removed by Filter": 111}, {"Node Type": "Bitmap Heap Scan", "Parent Relationship": "Inner", "Relation Name": "movie_info_idx", "Alias": "mi_idx", "Startup Cost": 7502.06, "Total Cost": 18288.66, "Plan Rows": 345008, "Plan Width": 8, "Actual Startup Time": 0.026, "Actual Total Time": 0.032, "Actual Rows": 10, "Actual Loops": 1, "Recheck Cond": "(info_type_id = it.id), (LLVM Optimized, Jit Execute)", "Rows Removed by Index Recheck": 0, "Exact Heap Blocks": 1, "Lossy Heap Blocks": 1, "Plans": [{"Node Type": "Bitmap Index Scan", "Parent Relationship": "Outer", "Index Name": "info_type_id_movie_info_idx", "Startup Cost": 0.0, "Total Cost": 7415.81, "Plan Rows": 345008, "Plan Width": 0, "Actual Startup Time": 0.012, "Actual Total Time": 0.012, "Actual Rows": 10, "Actual Loops": 1, "Index Cond": "(info_type_id = it.id)"}]}]}, {"Node Type": "Hash", "Parent Relationship": "Inner", "Startup Cost": 116441.27, "Total Cost": 116441.27, "Plan Rows": 1381886, "Plan Width": 25, "Actual Startup Time": 3750.712, "Actual Total Time": 3750.712, "Actual Rows": 1381453, "Actual Loops": 1, "Hash Buckets": 2097152, "Hash Batches": 1, "Original Hash Batches": 1, "Peak Memory Usage": 79393, "Plans": [{"Node Type": "Index Scan", "Parent Relationship": "Outer", "Scan Direction": "Forward", "Index Name": "title_pkey", "Relation Name": "title", "Alias": "t", "Startup Cost": 0.0, "Total Cost": 116441.27, "Plan Rows": 1381886, "Plan Width": 25, "Actual Startup Time": 0.027, "Actual Total Time": 3155.74, "Actual Rows": 1381453, "Actual Loops": 1, "Filter": "(production_year > 2000), (LLVM Optimized, Jit Execute)", "Rows Removed by Filter": 1146858}]}]}]}]}]}, "Triggers": [], "Planner Runtime": 4, "Total Runtime": 4432.594, "Unique SQL Id": 2492542741}}, "(1, 66)": {"explain_plan": {"Plan": {"Node Type": "Aggregate", "Strategy": "Plain", "Startup Cost": 199127.96, "Total Cost": 199127.97, "Plan Rows": 1, "Plan Width": 113, "Plans": [{"Node Type": "Hash Join", "Parent Relationship": "Outer", "Join Type": "Inner", "Startup Cost": 116775.81, "Total Cost": 194248.77, "Plan Rows": 650559, "Plan Width": 45, "Inner Unique": true, "Hash Cond": "(mc.company_type_id = ct.id), (LLVM Optimized)", "Plans": [{"Node Type": "Hash Join", "Parent Relationship": "Outer", "Join Type": "Inner", "Startup Cost": 116774.76, "Total Cost": 185660.4, "Plan Rows": 1055184, "Plan Width": 49, "Inner Unique": false, "Hash Cond": "(mc.movie_id = t.id), (LLVM Optimized)", "Plans": [{"Node Type": "Seq Scan", "Parent Relationship": "Outer", "Relation Name": "movie_companies", "Alias": "mc", "Startup Cost": 0.0, "Total Cost": 48340.1, "Plan Rows": 2609035, "Plan Width": 32, "Filter": "((note)::text !~~ '%(as Metro-Goldwyn-Mayer Pictures)%'::text), (LLVM Optimized)"}, {"Node Type": "Hash", "Parent Relationship": "Inner", "Startup Cost": 111176.77, "Total Cost": 111176.77, "Plan Rows": 447839, "Plan Width": 29, "Plans": [{"Node Type": "Hash Join", "Parent Relationship": "Outer", "Join Type": "Inner", "Startup Cost": 91165.52, "Total Cost": 111176.77, "Plan Rows": 447839, "Plan Width": 29, "Inner Unique": true, "Hash Cond": "(mi_idx.movie_id = t.id), (LLVM Optimized)", "Plans": [{"Node Type": "Nested Loop", "Parent Relationship": "Outer", "Join Type": "Inner", "Startup Cost": 7502.06, "Total Cost": 21741.14, "Plan Rows": 345008, "Plan Width": 4, "Inner Unique": false, "Plans": [{"Node Type": "Seq Scan", "Parent Relationship": "Outer", "Relation Name": "info_type", "Alias": "it", "Startup Cost": 0.0, "Total Cost": 2.4, "Plan Rows": 1, "Plan Width": 4, "Filter": "((info)::text = 'bottom 10 rank'::text)"}, {"Node Type": "Bitmap Heap Scan", "Parent Relationship": "Inner", "Relation Name": "movie_info_idx", "Alias": "mi_idx", "Startup Cost": 7502.06, "Total Cost": 18288.66, "Plan Rows": 345008, "Plan Width": 8, "Recheck Cond": "(info_type_id = it.id), (LLVM Optimized)", "Plans": [{"Node Type": "Bitmap Index Scan", "Parent Relationship": "Outer", "Index Name": "info_type_id_movie_info_idx", "Startup Cost": 0.0, "Total Cost": 7415.81, "Plan Rows": 345008, "Plan Width": 0, "Index Cond": "(info_type_id = it.id)"}]}]}, {"Node Type": "Hash", "Parent Relationship": "Inner", "Startup Cost": 66389.89, "Total Cost": 66389.89, "Plan Rows": 1381886, "Plan Width": 25, "Plans": [{"Node Type": "Seq Scan", "Parent Relationship": "Outer", "Relation Name": "title", "Alias": "t", "Startup Cost": 0.0, "Total Cost": 66389.89, "Plan Rows": 1381886, "Plan Width": 25, "Filter": "(production_year > 2000), (LLVM Optimized)"}]}]}]}]}, {"Node Type": "Hash", "Parent Relationship": "Inner", "Startup Cost": 1.04, "Total Cost": 1.04, "Plan Rows": 1, "Plan Width": 4, "Plans": [{"Node Type": "Seq Scan", "Parent Relationship": "Outer", "Relation Name": "company_type", "Alias": "ct", "Startup Cost": 0.0, "Total Cost": 1.04, "Plan Rows": 1, "Plan Width": 4, "Filter": "((kind)::text = 'production companies'::text)"}]}]}]}, "Unique SQL Id": 2492542741, "Planner Runtime": 9}, "explain_analyze_plan": {"Plan": {"Node Type": "Aggregate", "Strategy": "Plain", "Startup Cost": 199127.96, "Total Cost": 199127.97, "Plan Rows": 1, "Plan Width": 113, "Actual Startup Time": 2728.625, "Actual Total Time": 2728.626, "Actual Rows": 1, "Actual Loops": 1, "Plans": [{"Node Type": "Hash Join", "Parent Relationship": "Outer", "Join Type": "Inner", "Startup Cost": 116775.81, "Total Cost": 194248.77, "Plan Rows": 650559, "Plan Width": 45, "Actual Startup Time": 2557.909, "Actual Total Time": 2728.582, "Actual Rows": 4, "Actual Loops": 1, "Inner Unique": true, "Hash Cond": "(mc.company_type_id = ct.id), (LLVM Optimized, Jit Execute)", "Plans": [{"Node Type": "Hash Join", "Parent Relationship": "Outer", "Join Type": "Inner", "Startup Cost": 116774.76, "Total Cost": 185660.4, "Plan Rows": 1055184, "Plan Width": 49, "Actual Startup Time": 1875.446, "Actual Total Time": 2728.348, "Actual Rows": 78, "Actual Loops": 1, "Inner Unique": false, "Hash Cond": "(mc.movie_id = t.id), (LLVM Optimized, Jit Execute)", "Plans": [{"Node Type": "Seq Scan", "Parent Relationship": "Outer", "Relation Name": "movie_companies", "Alias": "mc", "Startup Cost": 0.0, "Total Cost": 48340.1, "Plan Rows": 2609035, "Plan Width": 32, "Actual Startup Time": 0.025, "Actual Total Time": 903.429, "Actual Rows": 1337087, "Actual Loops": 1, "Filter": "((note)::text !~~ '%(as Metro-Goldwyn-Mayer Pictures)%'::text), (LLVM Optimized, Jit Execute)", "Rows Removed by Filter": 1272041}, {"Node Type": "Hash", "Parent Relationship": "Inner", "Startup Cost": 111176.77, "Total Cost": 111176.77, "Plan Rows": 447839, "Plan Width": 29, "Actual Startup Time": 1572.575, "Actual Total Time": 1572.575, "Actual Rows": 6, "Actual Loops": 1, "Hash Buckets": 524288, "Hash Batches": 1, "Original Hash Batches": 1, "Peak Memory Usage": 1, "Plans": [{"Node Type": "Hash Join", "Parent Relationship": "Outer", "Join Type": "Inner", "Startup Cost": 91165.52, "Total Cost": 111176.77, "Plan Rows": 447839, "Plan Width": 29, "Actual Startup Time": 1572.527, "Actual Total Time": 1572.562, "Actual Rows": 6, "Actual Loops": 1, "Inner Unique": true, "Hash Cond": "(mi_idx.movie_id = t.id), (LLVM Optimized, Jit Execute)", "Plans": [{"Node Type": "Nested Loop", "Parent Relationship": "Outer", "Join Type": "Inner", "Startup Cost": 7502.06, "Total Cost": 21741.14, "Plan Rows": 345008, "Plan Width": 4, "Actual Startup Time": 0.082, "Actual Total Time": 0.112, "Actual Rows": 10, "Actual Loops": 1, "Inner Unique": false, "Plans": [{"Node Type": "Seq Scan", "Parent Relationship": "Outer", "Relation Name": "info_type", "Alias": "it", "Startup Cost": 0.0, "Total Cost": 2.4, "Plan Rows": 1, "Plan Width": 4, "Actual Startup Time": 0.047, "Actual Total Time": 0.065, "Actual Rows": 1, "Actual Loops": 1, "Filter": "((info)::text = 'bottom 10 rank'::text)", "Rows Removed by Filter": 111}, {"Node Type": "Bitmap Heap Scan", "Parent Relationship": "Inner", "Relation Name": "movie_info_idx", "Alias": "mi_idx", "Startup Cost": 7502.06, "Total Cost": 18288.66, "Plan Rows": 345008, "Plan Width": 8, "Actual Startup Time": 0.028, "Actual Total Time": 0.034, "Actual Rows": 10, "Actual Loops": 1, "Recheck Cond": "(info_type_id = it.id), (LLVM Optimized, Jit Execute)", "Rows Removed by Index Recheck": 0, "Exact Heap Blocks": 1, "Lossy Heap Blocks": 1, "Plans": [{"Node Type": "Bitmap Index Scan", "Parent Relationship": "Outer", "Index Name": "info_type_id_movie_info_idx", "Startup Cost": 0.0, "Total Cost": 7415.81, "Plan Rows": 345008, "Plan Width": 0, "Actual Startup Time": 0.016, "Actual Total Time": 0.016, "Actual Rows": 10, "Actual Loops": 1, "Index Cond": "(info_type_id = it.id)"}]}]}, {"Node Type": "Hash", "Parent Relationship": "Inner", "Startup Cost": 66389.89, "Total Cost": 66389.89, "Plan Rows": 1381886, "Plan Width": 25, "Actual Startup Time": 1571.16, "Actual Total Time": 1571.16, "Actual Rows": 1381453, "Actual Loops": 1, "Hash Buckets": 2097152, "Hash Batches": 1, "Original Hash Batches": 1, "Peak Memory Usage": 79393, "Plans": [{"Node Type": "Seq Scan", "Parent Relationship": "Outer", "Relation Name": "title", "Alias": "t", "Startup Cost": 0.0, "Total Cost": 66389.89, "Plan Rows": 1381886, "Plan Width": 25, "Actual Startup Time": 0.025, "Actual Total Time": 993.497, "Actual Rows": 1381453, "Actual Loops": 1, "Filter": "(production_year > 2000), (LLVM Optimized, Jit Execute)", "Rows Removed by Filter": 1146858}]}]}]}]}, {"Node Type": "Hash", "Parent Relationship": "Inner", "Startup Cost": 1.04, "Total Cost": 1.04, "Plan Rows": 1, "Plan Width": 4, "Actual Startup Time": 0.045, "Actual Total Time": 0.045, "Actual Rows": 1, "Actual Loops": 1, "Hash Buckets": 32768, "Hash Batches": 1, "Original Hash Batches": 1, "Peak Memory Usage": 1, "Plans": [{"Node Type": "Seq Scan", "Parent Relationship": "Outer", "Relation Name": "company_type", "Alias": "ct", "Startup Cost": 0.0, "Total Cost": 1.04, "Plan Rows": 1, "Plan Width": 4, "Actual Startup Time": 0.027, "Actual Total Time": 0.03, "Actual Rows": 1, "Actual Loops": 1, "Filter": "((kind)::text = 'production companies'::text)", "Rows Removed by Filter": 2}]}]}]}, "Triggers": [], "Planner Runtime": 5, "Total Runtime": 2739.215, "Unique SQL Id": 2492542741}}, "(1, 67)": {"explain_plan": {"Plan": {"Node Type": "Aggregate", "Strategy": "Plain", "Startup Cost": 1000017767760.86, "Total Cost": 1000017767760.87, "Plan Rows": 1, "Plan Width": 113, "Plans": [{"Node Type": "Nested Loop", "Parent Relationship": "Outer", "Join Type": "Inner", "Startup Cost": 10000000001.08, "Total Cost": 1000017762976.72, "Plan Rows": 637886, "Plan Width": 45, "Inner Unique": true, "Plans": [{"Node Type": "Nested Loop", "Parent Relationship": "Outer", "Join Type": "Inner", "Startup Cost": 10000000000.81, "Total Cost": 1000015609438.29, "Plan Rows": 501180, "Plan Width": 32, "Inner Unique": true, "Plans": [{"Node Type": "Nested Loop", "Parent Relationship": "Outer", "Join Type": "Inner", "Startup Cost": 10000000000.55, "Total Cost": 1000012058838.99, "Plan Rows": 829046, "Plan Width": 36, "Inner Unique": false, "Plans": [{"Node Type": "Nested Loop", "Parent Relationship": "Outer", "Join Type": "Inner", "Startup Cost": 10000000000.26, "Total Cost": 1000010560383.98, "Plan Rows": 345008, "Plan Width": 4, "Inner Unique": true, "Plans": [{"Node Type": "Index Scan", "Parent Relationship": "Outer", "Scan Direction": "Forward", "Index Name": "movie_id_movie_info_idx", "Relation Name": "movie_info_idx", "Alias": "mi_idx", "Startup Cost": 10000000000.0, "Total Cost": 1000004650035.37, "Plan Rows": 1380034, "Plan Width": 8}, {"Node Type": "Bitmap Heap Scan", "Parent Relationship": "Inner", "Relation Name": "info_type", "Alias": "it", "Startup Cost": 0.26, "Total Cost": 4.27, "Plan Rows": 1, "Plan Width": 4, "Recheck Cond": "(id = mi_idx.info_type_id)", "Filter": "((info)::text = 'bottom 10 rank'::text)", "Plans": [{"Node Type": "Bitmap Index Scan", "Parent Relationship": "Outer", "Index Name": "info_type_pkey", "Startup Cost": 0.0, "Total Cost": 0.26, "Plan Rows": 1, "Plan Width": 0, "Index Cond": "(id = mi_idx.info_type_id)"}]}]}, {"Node Type": "Bitmap Heap Scan", "Parent Relationship": "Inner", "Relation Name": "movie_companies", "Alias": "mc", "Startup Cost": 0.29, "Total Cost": 4.32, "Plan Rows": 2, "Plan Width": 32, "Recheck Cond": "(movie_id = mi_idx.movie_id)", "Filter": "((note)::text !~~ '%(as Metro-Goldwyn-Mayer Pictures)%'::text)", "Plans": [{"Node Type": "Bitmap Index Scan", "Parent Relationship": "Outer", "Index Name": "movie_id_movie_companies", "Startup Cost": 0.0, "Total Cost": 0.29, "Plan Rows": 2, "Plan Width": 0, "Index Cond": "(movie_id = mi_idx.movie_id)"}]}]}, {"Node Type": "Bitmap Heap Scan", "Parent Relationship": "Inner", "Relation Name": "company_type", "Alias": "ct", "Startup Cost": 0.26, "Total Cost": 4.27, "Plan Rows": 1, "Plan Width": 4, "Recheck Cond": "(id = mc.company_type_id)", "Filter": "((kind)::text = 'production companies'::text)", "Plans": [{"Node Type": "Bitmap Index Scan", "Parent Relationship": "Outer", "Index Name": "company_type_pkey", "Startup Cost": 0.0, "Total Cost": 0.26, "Plan Rows": 1, "Plan Width": 0, "Index Cond": "(id = mc.company_type_id)"}]}]}, {"Node Type": "Bitmap Heap Scan", "Parent Relationship": "Inner", "Relation Name": "title", "Alias": "t", "Startup Cost": 0.27, "Total Cost": 4.29, "Plan Rows": 1, "Plan Width": 25, "Recheck Cond": "(id = mc.movie_id)", "Filter": "(production_year > 2000)", "Plans": [{"Node Type": "Bitmap Index Scan", "Parent Relationship": "Outer", "Index Name": "title_pkey", "Startup Cost": 0.0, "Total Cost": 0.27, "Plan Rows": 1, "Plan Width": 0, "Index Cond": "(id = mc.movie_id)"}]}]}]}, "Unique SQL Id": 2492542741, "Planner Runtime": 4}, "explain_analyze_plan": null}, "(1, 68)": {"explain_plan": {"Plan": {"Node Type": "Aggregate", "Strategy": "Plain", "Startup Cost": 199127.96, "Total Cost": 199127.97, "Plan Rows": 1, "Plan Width": 113, "Plans": [{"Node Type": "Hash Join", "Parent Relationship": "Outer", "Join Type": "Inner", "Startup Cost": 116775.81, "Total Cost": 194248.77, "Plan Rows": 650559, "Plan Width": 45, "Inner Unique": true, "Hash Cond": "(mc.company_type_id = ct.id), (LLVM Optimized)", "Plans": [{"Node Type": "Hash Join", "Parent Relationship": "Outer", "Join Type": "Inner", "Startup Cost": 116774.76, "Total Cost": 185660.4, "Plan Rows": 1055184, "Plan Width": 49, "Inner Unique": false, "Hash Cond": "(mc.movie_id = t.id), (LLVM Optimized)", "Plans": [{"Node Type": "Seq Scan", "Parent Relationship": "Outer", "Relation Name": "movie_companies", "Alias": "mc", "Startup Cost": 0.0, "Total Cost": 48340.1, "Plan Rows": 2609035, "Plan Width": 32, "Filter": "((note)::text !~~ '%(as Metro-Goldwyn-Mayer Pictures)%'::text), (LLVM Optimized)"}, {"Node Type": "Hash", "Parent Relationship": "Inner", "Startup Cost": 111176.77, "Total Cost": 111176.77, "Plan Rows": 447839, "Plan Width": 29, "Plans": [{"Node Type": "Hash Join", "Parent Relationship": "Outer", "Join Type": "Inner", "Startup Cost": 91165.52, "Total Cost": 111176.77, "Plan Rows": 447839, "Plan Width": 29, "Inner Unique": true, "Hash Cond": "(mi_idx.movie_id = t.id), (LLVM Optimized)", "Plans": [{"Node Type": "Nested Loop", "Parent Relationship": "Outer", "Join Type": "Inner", "Startup Cost": 7502.06, "Total Cost": 21741.14, "Plan Rows": 345008, "Plan Width": 4, "Inner Unique": false, "Plans": [{"Node Type": "Seq Scan", "Parent Relationship": "Outer", "Relation Name": "info_type", "Alias": "it", "Startup Cost": 0.0, "Total Cost": 2.4, "Plan Rows": 1, "Plan Width": 4, "Filter": "((info)::text = 'bottom 10 rank'::text)"}, {"Node Type": "Bitmap Heap Scan", "Parent Relationship": "Inner", "Relation Name": "movie_info_idx", "Alias": "mi_idx", "Startup Cost": 7502.06, "Total Cost": 18288.66, "Plan Rows": 345008, "Plan Width": 8, "Recheck Cond": "(info_type_id = it.id), (LLVM Optimized)", "Plans": [{"Node Type": "Bitmap Index Scan", "Parent Relationship": "Outer", "Index Name": "info_type_id_movie_info_idx", "Startup Cost": 0.0, "Total Cost": 7415.81, "Plan Rows": 345008, "Plan Width": 0, "Index Cond": "(info_type_id = it.id)"}]}]}, {"Node Type": "Hash", "Parent Relationship": "Inner", "Startup Cost": 66389.89, "Total Cost": 66389.89, "Plan Rows": 1381886, "Plan Width": 25, "Plans": [{"Node Type": "Seq Scan", "Parent Relationship": "Outer", "Relation Name": "title", "Alias": "t", "Startup Cost": 0.0, "Total Cost": 66389.89, "Plan Rows": 1381886, "Plan Width": 25, "Filter": "(production_year > 2000), (LLVM Optimized)"}]}]}]}]}, {"Node Type": "Hash", "Parent Relationship": "Inner", "Startup Cost": 1.04, "Total Cost": 1.04, "Plan Rows": 1, "Plan Width": 4, "Plans": [{"Node Type": "Seq Scan", "Parent Relationship": "Outer", "Relation Name": "company_type", "Alias": "ct", "Startup Cost": 0.0, "Total Cost": 1.04, "Plan Rows": 1, "Plan Width": 4, "Filter": "((kind)::text = 'production companies'::text)"}]}]}]}, "Unique SQL Id": 2492542741, "Planner Runtime": 11}, "explain_analyze_plan": {"Plan": {"Node Type": "Aggregate", "Strategy": "Plain", "Startup Cost": 199127.96, "Total Cost": 199127.97, "Plan Rows": 1, "Plan Width": 113, "Actual Startup Time": 2728.625, "Actual Total Time": 2728.626, "Actual Rows": 1, "Actual Loops": 1, "Plans": [{"Node Type": "Hash Join", "Parent Relationship": "Outer", "Join Type": "Inner", "Startup Cost": 116775.81, "Total Cost": 194248.77, "Plan Rows": 650559, "Plan Width": 45, "Actual Startup Time": 2557.909, "Actual Total Time": 2728.582, "Actual Rows": 4, "Actual Loops": 1, "Inner Unique": true, "Hash Cond": "(mc.company_type_id = ct.id), (LLVM Optimized, Jit Execute)", "Plans": [{"Node Type": "Hash Join", "Parent Relationship": "Outer", "Join Type": "Inner", "Startup Cost": 116774.76, "Total Cost": 185660.4, "Plan Rows": 1055184, "Plan Width": 49, "Actual Startup Time": 1875.446, "Actual Total Time": 2728.348, "Actual Rows": 78, "Actual Loops": 1, "Inner Unique": false, "Hash Cond": "(mc.movie_id = t.id), (LLVM Optimized, Jit Execute)", "Plans": [{"Node Type": "Seq Scan", "Parent Relationship": "Outer", "Relation Name": "movie_companies", "Alias": "mc", "Startup Cost": 0.0, "Total Cost": 48340.1, "Plan Rows": 2609035, "Plan Width": 32, "Actual Startup Time": 0.025, "Actual Total Time": 903.429, "Actual Rows": 1337087, "Actual Loops": 1, "Filter": "((note)::text !~~ '%(as Metro-Goldwyn-Mayer Pictures)%'::text), (LLVM Optimized, Jit Execute)", "Rows Removed by Filter": 1272041}, {"Node Type": "Hash", "Parent Relationship": "Inner", "Startup Cost": 111176.77, "Total Cost": 111176.77, "Plan Rows": 447839, "Plan Width": 29, "Actual Startup Time": 1572.575, "Actual Total Time": 1572.575, "Actual Rows": 6, "Actual Loops": 1, "Hash Buckets": 524288, "Hash Batches": 1, "Original Hash Batches": 1, "Peak Memory Usage": 1, "Plans": [{"Node Type": "Hash Join", "Parent Relationship": "Outer", "Join Type": "Inner", "Startup Cost": 91165.52, "Total Cost": 111176.77, "Plan Rows": 447839, "Plan Width": 29, "Actual Startup Time": 1572.527, "Actual Total Time": 1572.562, "Actual Rows": 6, "Actual Loops": 1, "Inner Unique": true, "Hash Cond": "(mi_idx.movie_id = t.id), (LLVM Optimized, Jit Execute)", "Plans": [{"Node Type": "Nested Loop", "Parent Relationship": "Outer", "Join Type": "Inner", "Startup Cost": 7502.06, "Total Cost": 21741.14, "Plan Rows": 345008, "Plan Width": 4, "Actual Startup Time": 0.082, "Actual Total Time": 0.112, "Actual Rows": 10, "Actual Loops": 1, "Inner Unique": false, "Plans": [{"Node Type": "Seq Scan", "Parent Relationship": "Outer", "Relation Name": "info_type", "Alias": "it", "Startup Cost": 0.0, "Total Cost": 2.4, "Plan Rows": 1, "Plan Width": 4, "Actual Startup Time": 0.047, "Actual Total Time": 0.065, "Actual Rows": 1, "Actual Loops": 1, "Filter": "((info)::text = 'bottom 10 rank'::text)", "Rows Removed by Filter": 111}, {"Node Type": "Bitmap Heap Scan", "Parent Relationship": "Inner", "Relation Name": "movie_info_idx", "Alias": "mi_idx", "Startup Cost": 7502.06, "Total Cost": 18288.66, "Plan Rows": 345008, "Plan Width": 8, "Actual Startup Time": 0.028, "Actual Total Time": 0.034, "Actual Rows": 10, "Actual Loops": 1, "Recheck Cond": "(info_type_id = it.id), (LLVM Optimized, Jit Execute)", "Rows Removed by Index Recheck": 0, "Exact Heap Blocks": 1, "Lossy Heap Blocks": 1, "Plans": [{"Node Type": "Bitmap Index Scan", "Parent Relationship": "Outer", "Index Name": "info_type_id_movie_info_idx", "Startup Cost": 0.0, "Total Cost": 7415.81, "Plan Rows": 345008, "Plan Width": 0, "Actual Startup Time": 0.016, "Actual Total Time": 0.016, "Actual Rows": 10, "Actual Loops": 1, "Index Cond": "(info_type_id = it.id)"}]}]}, {"Node Type": "Hash", "Parent Relationship": "Inner", "Startup Cost": 66389.89, "Total Cost": 66389.89, "Plan Rows": 1381886, "Plan Width": 25, "Actual Startup Time": 1571.16, "Actual Total Time": 1571.16, "Actual Rows": 1381453, "Actual Loops": 1, "Hash Buckets": 2097152, "Hash Batches": 1, "Original Hash Batches": 1, "Peak Memory Usage": 79393, "Plans": [{"Node Type": "Seq Scan", "Parent Relationship": "Outer", "Relation Name": "title", "Alias": "t", "Startup Cost": 0.0, "Total Cost": 66389.89, "Plan Rows": 1381886, "Plan Width": 25, "Actual Startup Time": 0.025, "Actual Total Time": 993.497, "Actual Rows": 1381453, "Actual Loops": 1, "Filter": "(production_year > 2000), (LLVM Optimized, Jit Execute)", "Rows Removed by Filter": 1146858}]}]}]}]}, {"Node Type": "Hash", "Parent Relationship": "Inner", "Startup Cost": 1.04, "Total Cost": 1.04, "Plan Rows": 1, "Plan Width": 4, "Actual Startup Time": 0.045, "Actual Total Time": 0.045, "Actual Rows": 1, "Actual Loops": 1, "Hash Buckets": 32768, "Hash Batches": 1, "Original Hash Batches": 1, "Peak Memory Usage": 1, "Plans": [{"Node Type": "Seq Scan", "Parent Relationship": "Outer", "Relation Name": "company_type", "Alias": "ct", "Startup Cost": 0.0, "Total Cost": 1.04, "Plan Rows": 1, "Plan Width": 4, "Actual Startup Time": 0.027, "Actual Total Time": 0.03, "Actual Rows": 1, "Actual Loops": 1, "Filter": "((kind)::text = 'production companies'::text)", "Rows Removed by Filter": 2}]}]}]}, "Triggers": [], "Planner Runtime": 5, "Total Runtime": 2739.215, "Unique SQL Id": 2492542741}}, "(1, 69)": {"explain_plan": {"Plan": {"Node Type": "Aggregate", "Strategy": "Plain", "Startup Cost": 251533.23, "Total Cost": 251533.24, "Plan Rows": 1, "Plan Width": 113, "Plans": [{"Node Type": "Hash Join", "Parent Relationship": "Outer", "Join Type": "Inner", "Startup Cost": 166837.95, "Total Cost": 246654.04, "Plan Rows": 650559, "Plan Width": 45, "Inner Unique": false, "Hash Cond": "(mc.movie_id = t.id), (LLVM Optimized)", "Plans": [{"Node Type": "Nested Loop", "Parent Relationship": "Outer", "Join Type": "Inner", "Startup Cost": 0.0, "Total Cost": 69436.41, "Plan Rows": 1304518, "Plan Width": 28, "Inner Unique": false, "Plans": [{"Node Type": "Index Scan", "Parent Relationship": "Outer", "Scan Direction": "Forward", "Index Name": "company_type_pkey", "Relation Name": "company_type", "Alias": "ct", "Startup Cost": 0.0, "Total Cost": 12.3, "Plan Rows": 1, "Plan Width": 4, "Filter": "((kind)::text = 'production companies'::text)"}, {"Node Type": "Index Scan", "Parent Relationship": "Inner", "Scan Direction": "Forward", "Index Name": "company_type_id_movie_companies", "Relation Name": "movie_companies", "Alias": "mc", "Startup Cost": 0.0, "Total Cost": 56378.94, "Plan Rows": 1304517, "Plan Width": 32, "Index Cond": "(company_type_id = ct.id), (LLVM Optimized)", "Filter": "((note)::text !~~ '%(as Metro-Goldwyn-Mayer Pictures)%'::text), (LLVM Optimized)"}]}, {"Node Type": "Hash", "Parent Relationship": "Inner", "Startup Cost": 161239.96, "Total Cost": 161239.96, "Plan Rows": 447839, "Plan Width": 29, "Plans": [{"Node Type": "Hash Join", "Parent Relationship": "Outer", "Join Type": "Inner", "Startup Cost": 141216.9, "Total Cost": 161239.96, "Plan Rows": 447839, "Plan Width": 29, "Inner Unique": true, "Hash Cond": "(mi_idx.movie_id = t.id), (LLVM Optimized)", "Plans": [{"Node Type": "Nested Loop", "Parent Relationship": "Outer", "Join Type": "Inner", "Startup Cost": 7502.06, "Total Cost": 21752.95, "Plan Rows": 345008, "Plan Width": 4, "Inner Unique": false, "Plans": [{"Node Type": "Index Scan", "Parent Relationship": "Outer", "Scan Direction": "Forward", "Index Name": "info_type_pkey", "Relation Name": "info_type", "Alias": "it", "Startup Cost": 0.0, "Total Cost": 14.21, "Plan Rows": 1, "Plan Width": 4, "Filter": "((info)::text = 'bottom 10 rank'::text)"}, {"Node Type": "Bitmap Heap Scan", "Parent Relationship": "Inner", "Relation Name": "movie_info_idx", "Alias": "mi_idx", "Startup Cost": 7502.06, "Total Cost": 18288.66, "Plan Rows": 345008, "Plan Width": 8, "Recheck Cond": "(info_type_id = it.id), (LLVM Optimized)", "Plans": [{"Node Type": "Bitmap Index Scan", "Parent Relationship": "Outer", "Index Name": "info_type_id_movie_info_idx", "Startup Cost": 0.0, "Total Cost": 7415.81, "Plan Rows": 345008, "Plan Width": 0, "Index Cond": "(info_type_id = it.id)"}]}]}, {"Node Type": "Hash", "Parent Relationship": "Inner", "Startup Cost": 116441.27, "Total Cost": 116441.27, "Plan Rows": 1381886, "Plan Width": 25, "Plans": [{"Node Type": "Index Scan", "Parent Relationship": "Outer", "Scan Direction": "Forward", "Index Name": "title_pkey", "Relation Name": "title", "Alias": "t", "Startup Cost": 0.0, "Total Cost": 116441.27, "Plan Rows": 1381886, "Plan Width": 25, "Filter": "(production_year > 2000), (LLVM Optimized)"}]}]}]}]}]}, "Unique SQL Id": 2492542741, "Planner Runtime": 10}, "explain_analyze_plan": {"Plan": {"Node Type": "Aggregate", "Strategy": "Plain", "Startup Cost": 251533.23, "Total Cost": 251533.24, "Plan Rows": 1, "Plan Width": 113, "Actual Startup Time": 4421.886, "Actual Total Time": 4421.887, "Actual Rows": 1, "Actual Loops": 1, "Plans": [{"Node Type": "Hash Join", "Parent Relationship": "Outer", "Join Type": "Inner", "Startup Cost": 166837.95, "Total Cost": 246654.04, "Plan Rows": 650559, "Plan Width": 45, "Actual Startup Time": 4094.089, "Actual Total Time": 4421.84, "Actual Rows": 4, "Actual Loops": 1, "Inner Unique": false, "Hash Cond": "(mc.movie_id = t.id), (LLVM Optimized, Jit Execute)", "Plans": [{"Node Type": "Nested Loop", "Parent Relationship": "Outer", "Join Type": "Inner", "Startup Cost": 0.0, "Total Cost": 69436.41, "Plan Rows": 1304518, "Plan Width": 28, "Actual Startup Time": 0.108, "Actual Total Time": 638.366, "Actual Rows": 140904, "Actual Loops": 1, "Inner Unique": false, "Plans": [{"Node Type": "Index Scan", "Parent Relationship": "Outer", "Scan Direction": "Forward", "Index Name": "company_type_pkey", "Relation Name": "company_type", "Alias": "ct", "Startup Cost": 0.0, "Total Cost": 12.3, "Plan Rows": 1, "Plan Width": 4, "Actual Startup Time": 0.025, "Actual Total Time": 0.035, "Actual Rows": 1, "Actual Loops": 1, "Filter": "((kind)::text = 'production companies'::text)", "Rows Removed by Filter": 2}, {"Node Type": "Index Scan", "Parent Relationship": "Inner", "Scan Direction": "Forward", "Index Name": "company_type_id_movie_companies", "Relation Name": "movie_companies", "Alias": "mc", "Startup Cost": 0.0, "Total Cost": 56378.94, "Plan Rows": 1304517, "Plan Width": 32, "Actual Startup Time": 0.078, "Actual Total Time": 609.976, "Actual Rows": 140904, "Actual Loops": 1, "Index Cond": "(company_type_id = ct.id), (LLVM Optimized, Jit Execute)", "Rows Removed by Index Recheck": 0, "Filter": "((note)::text !~~ '%(as Metro-Goldwyn-Mayer Pictures)%'::text), (LLVM Optimized, Jit Execute)", "Rows Removed by Filter": 1193979}]}, {"Node Type": "Hash", "Parent Relationship": "Inner", "Startup Cost": 161239.96, "Total Cost": 161239.96, "Plan Rows": 447839, "Plan Width": 29, "Actual Startup Time": 3752.128, "Actual Total Time": 3752.128, "Actual Rows": 6, "Actual Loops": 1, "Hash Buckets": 524288, "Hash Batches": 1, "Original Hash Batches": 1, "Peak Memory Usage": 1, "Plans": [{"Node Type": "Hash Join", "Parent Relationship": "Outer", "Join Type": "Inner", "Startup Cost": 141216.9, "Total Cost": 161239.96, "Plan Rows": 447839, "Plan Width": 29, "Actual Startup Time": 3752.1, "Actual Total Time": 3752.117, "Actual Rows": 6, "Actual Loops": 1, "Inner Unique": true, "Hash Cond": "(mi_idx.movie_id = t.id), (LLVM Optimized, Jit Execute)", "Plans": [{"Node Type": "Nested Loop", "Parent Relationship": "Outer", "Join Type": "Inner", "Startup Cost": 7502.06, "Total Cost": 21752.95, "Plan Rows": 345008, "Plan Width": 4, "Actual Startup Time": 0.094, "Actual Total Time": 0.11, "Actual Rows": 10, "Actual Loops": 1, "Inner Unique": false, "Plans": [{"Node Type": "Index Scan", "Parent Relationship": "Outer", "Scan Direction": "Forward", "Index Name": "info_type_pkey", "Relation Name": "info_type", "Alias": "it", "Startup Cost": 0.0, "Total Cost": 14.21, "Plan Rows": 1, "Plan Width": 4, "Actual Startup Time": 0.061, "Actual Total Time": 0.066, "Actual Rows": 1, "Actual Loops": 1, "Filter": "((info)::text = 'bottom 10 rank'::text)", "Rows Removed by Filter": 111}, {"Node Type": "Bitmap Heap Scan", "Parent Relationship": "Inner", "Relation Name": "movie_info_idx", "Alias": "mi_idx", "Startup Cost": 7502.06, "Total Cost": 18288.66, "Plan Rows": 345008, "Plan Width": 8, "Actual Startup Time": 0.026, "Actual Total Time": 0.032, "Actual Rows": 10, "Actual Loops": 1, "Recheck Cond": "(info_type_id = it.id), (LLVM Optimized, Jit Execute)", "Rows Removed by Index Recheck": 0, "Exact Heap Blocks": 1, "Lossy Heap Blocks": 1, "Plans": [{"Node Type": "Bitmap Index Scan", "Parent Relationship": "Outer", "Index Name": "info_type_id_movie_info_idx", "Startup Cost": 0.0, "Total Cost": 7415.81, "Plan Rows": 345008, "Plan Width": 0, "Actual Startup Time": 0.012, "Actual Total Time": 0.012, "Actual Rows": 10, "Actual Loops": 1, "Index Cond": "(info_type_id = it.id)"}]}]}, {"Node Type": "Hash", "Parent Relationship": "Inner", "Startup Cost": 116441.27, "Total Cost": 116441.27, "Plan Rows": 1381886, "Plan Width": 25, "Actual Startup Time": 3750.712, "Actual Total Time": 3750.712, "Actual Rows": 1381453, "Actual Loops": 1, "Hash Buckets": 2097152, "Hash Batches": 1, "Original Hash Batches": 1, "Peak Memory Usage": 79393, "Plans": [{"Node Type": "Index Scan", "Parent Relationship": "Outer", "Scan Direction": "Forward", "Index Name": "title_pkey", "Relation Name": "title", "Alias": "t", "Startup Cost": 0.0, "Total Cost": 116441.27, "Plan Rows": 1381886, "Plan Width": 25, "Actual Startup Time": 0.027, "Actual Total Time": 3155.74, "Actual Rows": 1381453, "Actual Loops": 1, "Filter": "(production_year > 2000), (LLVM Optimized, Jit Execute)", "Rows Removed by Filter": 1146858}]}]}]}]}]}, "Triggers": [], "Planner Runtime": 4, "Total Runtime": 4432.594, "Unique SQL Id": 2492542741}}, "(1, 70)": {"explain_plan": {"Plan": {"Node Type": "Aggregate", "Strategy": "Plain", "Startup Cost": 199127.96, "Total Cost": 199127.97, "Plan Rows": 1, "Plan Width": 113, "Plans": [{"Node Type": "Hash Join", "Parent Relationship": "Outer", "Join Type": "Inner", "Startup Cost": 116775.81, "Total Cost": 194248.77, "Plan Rows": 650559, "Plan Width": 45, "Inner Unique": true, "Hash Cond": "(mc.company_type_id = ct.id), (LLVM Optimized)", "Plans": [{"Node Type": "Hash Join", "Parent Relationship": "Outer", "Join Type": "Inner", "Startup Cost": 116774.76, "Total Cost": 185660.4, "Plan Rows": 1055184, "Plan Width": 49, "Inner Unique": false, "Hash Cond": "(mc.movie_id = t.id), (LLVM Optimized)", "Plans": [{"Node Type": "Seq Scan", "Parent Relationship": "Outer", "Relation Name": "movie_companies", "Alias": "mc", "Startup Cost": 0.0, "Total Cost": 48340.1, "Plan Rows": 2609035, "Plan Width": 32, "Filter": "((note)::text !~~ '%(as Metro-Goldwyn-Mayer Pictures)%'::text), (LLVM Optimized)"}, {"Node Type": "Hash", "Parent Relationship": "Inner", "Startup Cost": 111176.77, "Total Cost": 111176.77, "Plan Rows": 447839, "Plan Width": 29, "Plans": [{"Node Type": "Hash Join", "Parent Relationship": "Outer", "Join Type": "Inner", "Startup Cost": 91165.52, "Total Cost": 111176.77, "Plan Rows": 447839, "Plan Width": 29, "Inner Unique": true, "Hash Cond": "(mi_idx.movie_id = t.id), (LLVM Optimized)", "Plans": [{"Node Type": "Nested Loop", "Parent Relationship": "Outer", "Join Type": "Inner", "Startup Cost": 7502.06, "Total Cost": 21741.14, "Plan Rows": 345008, "Plan Width": 4, "Inner Unique": false, "Plans": [{"Node Type": "Seq Scan", "Parent Relationship": "Outer", "Relation Name": "info_type", "Alias": "it", "Startup Cost": 0.0, "Total Cost": 2.4, "Plan Rows": 1, "Plan Width": 4, "Filter": "((info)::text = 'bottom 10 rank'::text)"}, {"Node Type": "Bitmap Heap Scan", "Parent Relationship": "Inner", "Relation Name": "movie_info_idx", "Alias": "mi_idx", "Startup Cost": 7502.06, "Total Cost": 18288.66, "Plan Rows": 345008, "Plan Width": 8, "Recheck Cond": "(info_type_id = it.id), (LLVM Optimized)", "Plans": [{"Node Type": "Bitmap Index Scan", "Parent Relationship": "Outer", "Index Name": "info_type_id_movie_info_idx", "Startup Cost": 0.0, "Total Cost": 7415.81, "Plan Rows": 345008, "Plan Width": 0, "Index Cond": "(info_type_id = it.id)"}]}]}, {"Node Type": "Hash", "Parent Relationship": "Inner", "Startup Cost": 66389.89, "Total Cost": 66389.89, "Plan Rows": 1381886, "Plan Width": 25, "Plans": [{"Node Type": "Seq Scan", "Parent Relationship": "Outer", "Relation Name": "title", "Alias": "t", "Startup Cost": 0.0, "Total Cost": 66389.89, "Plan Rows": 1381886, "Plan Width": 25, "Filter": "(production_year > 2000), (LLVM Optimized)"}]}]}]}]}, {"Node Type": "Hash", "Parent Relationship": "Inner", "Startup Cost": 1.04, "Total Cost": 1.04, "Plan Rows": 1, "Plan Width": 4, "Plans": [{"Node Type": "Seq Scan", "Parent Relationship": "Outer", "Relation Name": "company_type", "Alias": "ct", "Startup Cost": 0.0, "Total Cost": 1.04, "Plan Rows": 1, "Plan Width": 4, "Filter": "((kind)::text = 'production companies'::text)"}]}]}]}, "Unique SQL Id": 2492542741, "Planner Runtime": 9}, "explain_analyze_plan": {"Plan": {"Node Type": "Aggregate", "Strategy": "Plain", "Startup Cost": 199127.96, "Total Cost": 199127.97, "Plan Rows": 1, "Plan Width": 113, "Actual Startup Time": 2728.625, "Actual Total Time": 2728.626, "Actual Rows": 1, "Actual Loops": 1, "Plans": [{"Node Type": "Hash Join", "Parent Relationship": "Outer", "Join Type": "Inner", "Startup Cost": 116775.81, "Total Cost": 194248.77, "Plan Rows": 650559, "Plan Width": 45, "Actual Startup Time": 2557.909, "Actual Total Time": 2728.582, "Actual Rows": 4, "Actual Loops": 1, "Inner Unique": true, "Hash Cond": "(mc.company_type_id = ct.id), (LLVM Optimized, Jit Execute)", "Plans": [{"Node Type": "Hash Join", "Parent Relationship": "Outer", "Join Type": "Inner", "Startup Cost": 116774.76, "Total Cost": 185660.4, "Plan Rows": 1055184, "Plan Width": 49, "Actual Startup Time": 1875.446, "Actual Total Time": 2728.348, "Actual Rows": 78, "Actual Loops": 1, "Inner Unique": false, "Hash Cond": "(mc.movie_id = t.id), (LLVM Optimized, Jit Execute)", "Plans": [{"Node Type": "Seq Scan", "Parent Relationship": "Outer", "Relation Name": "movie_companies", "Alias": "mc", "Startup Cost": 0.0, "Total Cost": 48340.1, "Plan Rows": 2609035, "Plan Width": 32, "Actual Startup Time": 0.025, "Actual Total Time": 903.429, "Actual Rows": 1337087, "Actual Loops": 1, "Filter": "((note)::text !~~ '%(as Metro-Goldwyn-Mayer Pictures)%'::text), (LLVM Optimized, Jit Execute)", "Rows Removed by Filter": 1272041}, {"Node Type": "Hash", "Parent Relationship": "Inner", "Startup Cost": 111176.77, "Total Cost": 111176.77, "Plan Rows": 447839, "Plan Width": 29, "Actual Startup Time": 1572.575, "Actual Total Time": 1572.575, "Actual Rows": 6, "Actual Loops": 1, "Hash Buckets": 524288, "Hash Batches": 1, "Original Hash Batches": 1, "Peak Memory Usage": 1, "Plans": [{"Node Type": "Hash Join", "Parent Relationship": "Outer", "Join Type": "Inner", "Startup Cost": 91165.52, "Total Cost": 111176.77, "Plan Rows": 447839, "Plan Width": 29, "Actual Startup Time": 1572.527, "Actual Total Time": 1572.562, "Actual Rows": 6, "Actual Loops": 1, "Inner Unique": true, "Hash Cond": "(mi_idx.movie_id = t.id), (LLVM Optimized, Jit Execute)", "Plans": [{"Node Type": "Nested Loop", "Parent Relationship": "Outer", "Join Type": "Inner", "Startup Cost": 7502.06, "Total Cost": 21741.14, "Plan Rows": 345008, "Plan Width": 4, "Actual Startup Time": 0.082, "Actual Total Time": 0.112, "Actual Rows": 10, "Actual Loops": 1, "Inner Unique": false, "Plans": [{"Node Type": "Seq Scan", "Parent Relationship": "Outer", "Relation Name": "info_type", "Alias": "it", "Startup Cost": 0.0, "Total Cost": 2.4, "Plan Rows": 1, "Plan Width": 4, "Actual Startup Time": 0.047, "Actual Total Time": 0.065, "Actual Rows": 1, "Actual Loops": 1, "Filter": "((info)::text = 'bottom 10 rank'::text)", "Rows Removed by Filter": 111}, {"Node Type": "Bitmap Heap Scan", "Parent Relationship": "Inner", "Relation Name": "movie_info_idx", "Alias": "mi_idx", "Startup Cost": 7502.06, "Total Cost": 18288.66, "Plan Rows": 345008, "Plan Width": 8, "Actual Startup Time": 0.028, "Actual Total Time": 0.034, "Actual Rows": 10, "Actual Loops": 1, "Recheck Cond": "(info_type_id = it.id), (LLVM Optimized, Jit Execute)", "Rows Removed by Index Recheck": 0, "Exact Heap Blocks": 1, "Lossy Heap Blocks": 1, "Plans": [{"Node Type": "Bitmap Index Scan", "Parent Relationship": "Outer", "Index Name": "info_type_id_movie_info_idx", "Startup Cost": 0.0, "Total Cost": 7415.81, "Plan Rows": 345008, "Plan Width": 0, "Actual Startup Time": 0.016, "Actual Total Time": 0.016, "Actual Rows": 10, "Actual Loops": 1, "Index Cond": "(info_type_id = it.id)"}]}]}, {"Node Type": "Hash", "Parent Relationship": "Inner", "Startup Cost": 66389.89, "Total Cost": 66389.89, "Plan Rows": 1381886, "Plan Width": 25, "Actual Startup Time": 1571.16, "Actual Total Time": 1571.16, "Actual Rows": 1381453, "Actual Loops": 1, "Hash Buckets": 2097152, "Hash Batches": 1, "Original Hash Batches": 1, "Peak Memory Usage": 79393, "Plans": [{"Node Type": "Seq Scan", "Parent Relationship": "Outer", "Relation Name": "title", "Alias": "t", "Startup Cost": 0.0, "Total Cost": 66389.89, "Plan Rows": 1381886, "Plan Width": 25, "Actual Startup Time": 0.025, "Actual Total Time": 993.497, "Actual Rows": 1381453, "Actual Loops": 1, "Filter": "(production_year > 2000), (LLVM Optimized, Jit Execute)", "Rows Removed by Filter": 1146858}]}]}]}]}, {"Node Type": "Hash", "Parent Relationship": "Inner", "Startup Cost": 1.04, "Total Cost": 1.04, "Plan Rows": 1, "Plan Width": 4, "Actual Startup Time": 0.045, "Actual Total Time": 0.045, "Actual Rows": 1, "Actual Loops": 1, "Hash Buckets": 32768, "Hash Batches": 1, "Original Hash Batches": 1, "Peak Memory Usage": 1, "Plans": [{"Node Type": "Seq Scan", "Parent Relationship": "Outer", "Relation Name": "company_type", "Alias": "ct", "Startup Cost": 0.0, "Total Cost": 1.04, "Plan Rows": 1, "Plan Width": 4, "Actual Startup Time": 0.027, "Actual Total Time": 0.03, "Actual Rows": 1, "Actual Loops": 1, "Filter": "((kind)::text = 'production companies'::text)", "Rows Removed by Filter": 2}]}]}]}, "Triggers": [], "Planner Runtime": 5, "Total Runtime": 2739.215, "Unique SQL Id": 2492542741}}, "(1, 71)": {"explain_plan": {"Plan": {"Node Type": "Aggregate", "Strategy": "Plain", "Startup Cost": 1000017767760.86, "Total Cost": 1000017767760.87, "Plan Rows": 1, "Plan Width": 113, "Plans": [{"Node Type": "Nested Loop", "Parent Relationship": "Outer", "Join Type": "Inner", "Startup Cost": 10000000001.08, "Total Cost": 1000017762976.72, "Plan Rows": 637886, "Plan Width": 45, "Inner Unique": true, "Plans": [{"Node Type": "Nested Loop", "Parent Relationship": "Outer", "Join Type": "Inner", "Startup Cost": 10000000000.81, "Total Cost": 1000015609438.29, "Plan Rows": 501180, "Plan Width": 32, "Inner Unique": true, "Plans": [{"Node Type": "Nested Loop", "Parent Relationship": "Outer", "Join Type": "Inner", "Startup Cost": 10000000000.55, "Total Cost": 1000012058838.99, "Plan Rows": 829046, "Plan Width": 36, "Inner Unique": false, "Plans": [{"Node Type": "Nested Loop", "Parent Relationship": "Outer", "Join Type": "Inner", "Startup Cost": 10000000000.26, "Total Cost": 1000010560383.98, "Plan Rows": 345008, "Plan Width": 4, "Inner Unique": true, "Plans": [{"Node Type": "Index Scan", "Parent Relationship": "Outer", "Scan Direction": "Forward", "Index Name": "movie_id_movie_info_idx", "Relation Name": "movie_info_idx", "Alias": "mi_idx", "Startup Cost": 10000000000.0, "Total Cost": 1000004650035.37, "Plan Rows": 1380034, "Plan Width": 8}, {"Node Type": "Bitmap Heap Scan", "Parent Relationship": "Inner", "Relation Name": "info_type", "Alias": "it", "Startup Cost": 0.26, "Total Cost": 4.27, "Plan Rows": 1, "Plan Width": 4, "Recheck Cond": "(id = mi_idx.info_type_id)", "Filter": "((info)::text = 'bottom 10 rank'::text)", "Plans": [{"Node Type": "Bitmap Index Scan", "Parent Relationship": "Outer", "Index Name": "info_type_pkey", "Startup Cost": 0.0, "Total Cost": 0.26, "Plan Rows": 1, "Plan Width": 0, "Index Cond": "(id = mi_idx.info_type_id)"}]}]}, {"Node Type": "Bitmap Heap Scan", "Parent Relationship": "Inner", "Relation Name": "movie_companies", "Alias": "mc", "Startup Cost": 0.29, "Total Cost": 4.32, "Plan Rows": 2, "Plan Width": 32, "Recheck Cond": "(movie_id = mi_idx.movie_id)", "Filter": "((note)::text !~~ '%(as Metro-Goldwyn-Mayer Pictures)%'::text)", "Plans": [{"Node Type": "Bitmap Index Scan", "Parent Relationship": "Outer", "Index Name": "movie_id_movie_companies", "Startup Cost": 0.0, "Total Cost": 0.29, "Plan Rows": 2, "Plan Width": 0, "Index Cond": "(movie_id = mi_idx.movie_id)"}]}]}, {"Node Type": "Bitmap Heap Scan", "Parent Relationship": "Inner", "Relation Name": "company_type", "Alias": "ct", "Startup Cost": 0.26, "Total Cost": 4.27, "Plan Rows": 1, "Plan Width": 4, "Recheck Cond": "(id = mc.company_type_id)", "Filter": "((kind)::text = 'production companies'::text)", "Plans": [{"Node Type": "Bitmap Index Scan", "Parent Relationship": "Outer", "Index Name": "company_type_pkey", "Startup Cost": 0.0, "Total Cost": 0.26, "Plan Rows": 1, "Plan Width": 0, "Index Cond": "(id = mc.company_type_id)"}]}]}, {"Node Type": "Bitmap Heap Scan", "Parent Relationship": "Inner", "Relation Name": "title", "Alias": "t", "Startup Cost": 0.27, "Total Cost": 4.29, "Plan Rows": 1, "Plan Width": 25, "Recheck Cond": "(id = mc.movie_id)", "Filter": "(production_year > 2000)", "Plans": [{"Node Type": "Bitmap Index Scan", "Parent Relationship": "Outer", "Index Name": "title_pkey", "Startup Cost": 0.0, "Total Cost": 0.27, "Plan Rows": 1, "Plan Width": 0, "Index Cond": "(id = mc.movie_id)"}]}]}]}, "Unique SQL Id": 2492542741, "Planner Runtime": 4}, "explain_analyze_plan": null}, "(1, 72)": {"explain_plan": {"Plan": {"Node Type": "Aggregate", "Strategy": "Plain", "Startup Cost": 204572.36, "Total Cost": 204572.37, "Plan Rows": 1, "Plan Width": 113, "Plans": [{"Node Type": "Hash Join", "Parent Relationship": "Outer", "Join Type": "Inner", "Startup Cost": 122220.21, "Total Cost": 199693.17, "Plan Rows": 650559, "Plan Width": 45, "Inner Unique": true, "Hash Cond": "(mc.company_type_id = ct.id), (LLVM Optimized)", "Plans": [{"Node Type": "Hash Join", "Parent Relationship": "Outer", "Join Type": "Inner", "Startup Cost": 122219.16, "Total Cost": 191104.8, "Plan Rows": 1055184, "Plan Width": 49, "Inner Unique": false, "Hash Cond": "(mc.movie_id = t.id), (LLVM Optimized)", "Plans": [{"Node Type": "Seq Scan", "Parent Relationship": "Outer", "Relation Name": "movie_companies", "Alias": "mc", "Startup Cost": 0.0, "Total Cost": 48340.1, "Plan Rows": 2609035, "Plan Width": 32, "Filter": "((note)::text !~~ '%(as Metro-Goldwyn-Mayer Pictures)%'::text), (LLVM Optimized)"}, {"Node Type": "Hash", "Parent Relationship": "Inner", "Startup Cost": 116621.17, "Total Cost": 116621.17, "Plan Rows": 447839, "Plan Width": 29, "Plans": [{"Node Type": "Hash Join", "Parent Relationship": "Outer", "Join Type": "Inner", "Startup Cost": 83665.88, "Total Cost": 116621.17, "Plan Rows": 447839, "Plan Width": 29, "Inner Unique": true, "Hash Cond": "(mi_idx.movie_id = t.id), (LLVM Optimized)", "Plans": [{"Node Type": "Hash Join", "Parent Relationship": "Outer", "Join Type": "Inner", "Startup Cost": 2.41, "Total Cost": 27185.54, "Plan Rows": 345008, "Plan Width": 4, "Inner Unique": true, "Hash Cond": "(mi_idx.info_type_id = it.id), (LLVM Optimized)", "Plans": [{"Node Type": "Seq Scan", "Parent Relationship": "Outer", "Relation Name": "movie_info_idx", "Alias": "mi_idx", "Startup Cost": 0.0, "Total Cost": 20274.34, "Plan Rows": 1380034, "Plan Width": 8}, {"Node Type": "Hash", "Parent Relationship": "Inner", "Startup Cost": 2.4, "Total Cost": 2.4, "Plan Rows": 1, "Plan Width": 4, "Plans": [{"Node Type": "Seq Scan", "Parent Relationship": "Outer", "Relation Name": "info_type", "Alias": "it", "Startup Cost": 0.0, "Total Cost": 2.4, "Plan Rows": 1, "Plan Width": 4, "Filter": "((info)::text = 'bottom 10 rank'::text)"}]}]}, {"Node Type": "Hash", "Parent Relationship": "Inner", "Startup Cost": 66389.89, "Total Cost": 66389.89, "Plan Rows": 1381886, "Plan Width": 25, "Plans": [{"Node Type": "Seq Scan", "Parent Relationship": "Outer", "Relation Name": "title", "Alias": "t", "Startup Cost": 0.0, "Total Cost": 66389.89, "Plan Rows": 1381886, "Plan Width": 25, "Filter": "(production_year > 2000), (LLVM Optimized)"}]}]}]}]}, {"Node Type": "Hash", "Parent Relationship": "Inner", "Startup Cost": 1.04, "Total Cost": 1.04, "Plan Rows": 1, "Plan Width": 4, "Plans": [{"Node Type": "Seq Scan", "Parent Relationship": "Outer", "Relation Name": "company_type", "Alias": "ct", "Startup Cost": 0.0, "Total Cost": 1.04, "Plan Rows": 1, "Plan Width": 4, "Filter": "((kind)::text = 'production companies'::text)"}]}]}]}, "Unique SQL Id": 2492542741, "Planner Runtime": 11}, "explain_analyze_plan": {"Plan": {"Node Type": "Aggregate", "Strategy": "Plain", "Startup Cost": 204572.36, "Total Cost": 204572.37, "Plan Rows": 1, "Plan Width": 113, "Actual Startup Time": 3224.06, "Actual Total Time": 3224.06, "Actual Rows": 1, "Actual Loops": 1, "Plans": [{"Node Type": "Hash Join", "Parent Relationship": "Outer", "Join Type": "Inner", "Startup Cost": 122220.21, "Total Cost": 199693.17, "Plan Rows": 650559, "Plan Width": 45, "Actual Startup Time": 3046.139, "Actual Total Time": 3224.013, "Actual Rows": 4, "Actual Loops": 1, "Inner Unique": true, "Hash Cond": "(mc.company_type_id = ct.id), (LLVM Optimized, Jit Execute)", "Plans": [{"Node Type": "Hash Join", "Parent Relationship": "Outer", "Join Type": "Inner", "Startup Cost": 122219.16, "Total Cost": 191104.8, "Plan Rows": 1055184, "Plan Width": 49, "Actual Startup Time": 2326.995, "Actual Total Time": 3223.784, "Actual Rows": 78, "Actual Loops": 1, "Inner Unique": false, "Hash Cond": "(mc.movie_id = t.id), (LLVM Optimized, Jit Execute)", "Plans": [{"Node Type": "Seq Scan", "Parent Relationship": "Outer", "Relation Name": "movie_companies", "Alias": "mc", "Startup Cost": 0.0, "Total Cost": 48340.1, "Plan Rows": 2609035, "Plan Width": 32, "Actual Startup Time": 0.026, "Actual Total Time": 941.786, "Actual Rows": 1337087, "Actual Loops": 1, "Filter": "((note)::text !~~ '%(as Metro-Goldwyn-Mayer Pictures)%'::text), (LLVM Optimized, Jit Execute)", "Rows Removed by Filter": 1272041}, {"Node Type": "Hash", "Parent Relationship": "Inner", "Startup Cost": 116621.17, "Total Cost": 116621.17, "Plan Rows": 447839, "Plan Width": 29, "Actual Startup Time": 2012.885, "Actual Total Time": 2012.885, "Actual Rows": 6, "Actual Loops": 1, "Hash Buckets": 524288, "Hash Batches": 1, "Original Hash Batches": 1, "Peak Memory Usage": 1, "Plans": [{"Node Type": "Hash Join", "Parent Relationship": "Outer", "Join Type": "Inner", "Startup Cost": 83665.88, "Total Cost": 116621.17, "Plan Rows": 447839, "Plan Width": 29, "Actual Startup Time": 2012.819, "Actual Total Time": 2012.87, "Actual Rows": 6, "Actual Loops": 1, "Inner Unique": true, "Hash Cond": "(mi_idx.movie_id = t.id), (LLVM Optimized, Jit Execute)", "Plans": [{"Node Type": "Hash Join", "Parent Relationship": "Outer", "Join Type": "Inner", "Startup Cost": 2.41, "Total Cost": 27185.54, "Plan Rows": 345008, "Plan Width": 4, "Actual Startup Time": 534.697, "Actual Total Time": 534.72, "Actual Rows": 10, "Actual Loops": 1, "Inner Unique": true, "Hash Cond": "(mi_idx.info_type_id = it.id), (LLVM Optimized, Jit Execute)", "Plans": [{"Node Type": "Seq Scan", "Parent Relationship": "Outer", "Relation Name": "movie_info_idx", "Alias": "mi_idx", "Startup Cost": 0.0, "Total Cost": 20274.34, "Plan Rows": 1380034, "Plan Width": 8, "Actual Startup Time": 0.03, "Actual Total Time": 303.004, "Actual Rows": 1380034, "Actual Loops": 1}, {"Node Type": "Hash", "Parent Relationship": "Inner", "Startup Cost": 2.4, "Total Cost": 2.4, "Plan Rows": 1, "Plan Width": 4, "Actual Startup Time": 0.046, "Actual Total Time": 0.046, "Actual Rows": 1, "Actual Loops": 1, "Hash Buckets": 32768, "Hash Batches": 1, "Original Hash Batches": 1, "Peak Memory Usage": 1, "Plans": [{"Node Type": "Seq Scan", "Parent Relationship": "Outer", "Relation Name": "info_type", "Alias": "it", "Startup Cost": 0.0, "Total Cost": 2.4, "Plan Rows": 1, "Plan Width": 4, "Actual Startup Time": 0.042, "Actual Total Time": 0.044, "Actual Rows": 1, "Actual Loops": 1, "Filter": "((info)::text = 'bottom 10 rank'::text)", "Rows Removed by Filter": 111}]}]}, {"Node Type": "Hash", "Parent Relationship": "Inner", "Startup Cost": 66389.89, "Total Cost": 66389.89, "Plan Rows": 1381886, "Plan Width": 25, "Actual Startup Time": 1476.669, "Actual Total Time": 1476.669, "Actual Rows": 1381453, "Actual Loops": 1, "Hash Buckets": 2097152, "Hash Batches": 1, "Original Hash Batches": 1, "Peak Memory Usage": 79393, "Plans": [{"Node Type": "Seq Scan", "Parent Relationship": "Outer", "Relation Name": "title", "Alias": "t", "Startup Cost": 0.0, "Total Cost": 66389.89, "Plan Rows": 1381886, "Plan Width": 25, "Actual Startup Time": 0.071, "Actual Total Time": 926.834, "Actual Rows": 1381453, "Actual Loops": 1, "Filter": "(production_year > 2000), (LLVM Optimized, Jit Execute)", "Rows Removed by Filter": 1146858}]}]}]}]}, {"Node Type": "Hash", "Parent Relationship": "Inner", "Startup Cost": 1.04, "Total Cost": 1.04, "Plan Rows": 1, "Plan Width": 4, "Actual Startup Time": 0.044, "Actual Total Time": 0.044, "Actual Rows": 1, "Actual Loops": 1, "Hash Buckets": 32768, "Hash Batches": 1, "Original Hash Batches": 1, "Peak Memory Usage": 1, "Plans": [{"Node Type": "Seq Scan", "Parent Relationship": "Outer", "Relation Name": "company_type", "Alias": "ct", "Startup Cost": 0.0, "Total Cost": 1.04, "Plan Rows": 1, "Plan Width": 4, "Actual Startup Time": 0.025, "Actual Total Time": 0.028, "Actual Rows": 1, "Actual Loops": 1, "Filter": "((kind)::text = 'production companies'::text)", "Rows Removed by Filter": 2}]}]}]}, "Triggers": [], "Planner Runtime": 4, "Total Runtime": 3234.758, "Unique SQL Id": 2492542741}}, "(1, 73)": {"explain_plan": {"Plan": {"Node Type": "Aggregate", "Strategy": "Plain", "Startup Cost": 268118.48, "Total Cost": 268118.49, "Plan Rows": 1, "Plan Width": 113, "Plans": [{"Node Type": "Hash Join", "Parent Relationship": "Outer", "Join Type": "Inner", "Startup Cost": 183423.2, "Total Cost": 263239.28, "Plan Rows": 650559, "Plan Width": 45, "Inner Unique": false, "Hash Cond": "(mc.movie_id = t.id), (LLVM Optimized)", "Plans": [{"Node Type": "Nested Loop", "Parent Relationship": "Outer", "Join Type": "Inner", "Startup Cost": 0.0, "Total Cost": 69436.41, "Plan Rows": 1304518, "Plan Width": 28, "Inner Unique": false, "Plans": [{"Node Type": "Index Scan", "Parent Relationship": "Outer", "Scan Direction": "Forward", "Index Name": "company_type_pkey", "Relation Name": "company_type", "Alias": "ct", "Startup Cost": 0.0, "Total Cost": 12.3, "Plan Rows": 1, "Plan Width": 4, "Filter": "((kind)::text = 'production companies'::text)"}, {"Node Type": "Index Scan", "Parent Relationship": "Inner", "Scan Direction": "Forward", "Index Name": "company_type_id_movie_companies", "Relation Name": "movie_companies", "Alias": "mc", "Startup Cost": 0.0, "Total Cost": 56378.94, "Plan Rows": 1304517, "Plan Width": 32, "Index Cond": "(company_type_id = ct.id), (LLVM Optimized)", "Filter": "((note)::text !~~ '%(as Metro-Goldwyn-Mayer Pictures)%'::text), (LLVM Optimized)"}]}, {"Node Type": "Hash", "Parent Relationship": "Inner", "Startup Cost": 177825.21, "Total Cost": 177825.21, "Plan Rows": 447839, "Plan Width": 29, "Plans": [{"Node Type": "Hash Join", "Parent Relationship": "Outer", "Join Type": "Inner", "Startup Cost": 133714.84, "Total Cost": 177825.21, "Plan Rows": 447839, "Plan Width": 29, "Inner Unique": true, "Hash Cond": "(mi_idx.movie_id = t.id), (LLVM Optimized)", "Plans": [{"Node Type": "Nested Loop", "Parent Relationship": "Outer", "Join Type": "Inner", "Startup Cost": 0.0, "Total Cost": 38338.2, "Plan Rows": 345008, "Plan Width": 4, "Inner Unique": false, "Plans": [{"Node Type": "Index Scan", "Parent Relationship": "Outer", "Scan Direction": "Forward", "Index Name": "info_type_pkey", "Relation Name": "info_type", "Alias": "it", "Startup Cost": 0.0, "Total Cost": 14.21, "Plan Rows": 1, "Plan Width": 4, "Filter": "((info)::text = 'bottom 10 rank'::text)"}, {"Node Type": "Index Scan", "Parent Relationship": "Inner", "Scan Direction": "Forward", "Index Name": "info_type_id_movie_info_idx", "Relation Name": "movie_info_idx", "Alias": "mi_idx", "Startup Cost": 0.0, "Total Cost": 34873.91, "Plan Rows": 345008, "Plan Width": 8, "Index Cond": "(info_type_id = it.id), (LLVM Optimized)"}]}, {"Node Type": "Hash", "Parent Relationship": "Inner", "Startup Cost": 116441.27, "Total Cost": 116441.27, "Plan Rows": 1381886, "Plan Width": 25, "Plans": [{"Node Type": "Index Scan", "Parent Relationship": "Outer", "Scan Direction": "Forward", "Index Name": "title_pkey", "Relation Name": "title", "Alias": "t", "Startup Cost": 0.0, "Total Cost": 116441.27, "Plan Rows": 1381886, "Plan Width": 25, "Filter": "(production_year > 2000), (LLVM Optimized)"}]}]}]}]}]}, "Unique SQL Id": 2492542741, "Planner Runtime": 10}, "explain_analyze_plan": {"Plan": {"Node Type": "Aggregate", "Strategy": "Plain", "Startup Cost": 268118.48, "Total Cost": 268118.49, "Plan Rows": 1, "Plan Width": 113, "Actual Startup Time": 4780.141, "Actual Total Time": 4780.141, "Actual Rows": 1, "Actual Loops": 1, "Plans": [{"Node Type": "Hash Join", "Parent Relationship": "Outer", "Join Type": "Inner", "Startup Cost": 183423.2, "Total Cost": 263239.28, "Plan Rows": 650559, "Plan Width": 45, "Actual Startup Time": 4407.13, "Actual Total Time": 4780.091, "Actual Rows": 4, "Actual Loops": 1, "Inner Unique": false, "Hash Cond": "(mc.movie_id = t.id), (LLVM Optimized, Jit Execute)", "Plans": [{"Node Type": "Nested Loop", "Parent Relationship": "Outer", "Join Type": "Inner", "Startup Cost": 0.0, "Total Cost": 69436.41, "Plan Rows": 1304518, "Plan Width": 28, "Actual Startup Time": 0.124, "Actual Total Time": 736.559, "Actual Rows": 140904, "Actual Loops": 1, "Inner Unique": false, "Plans": [{"Node Type": "Index Scan", "Parent Relationship": "Outer", "Scan Direction": "Forward", "Index Name": "company_type_pkey", "Relation Name": "company_type", "Alias": "ct", "Startup Cost": 0.0, "Total Cost": 12.3, "Plan Rows": 1, "Plan Width": 4, "Actual Startup Time": 0.018, "Actual Total Time": 0.028, "Actual Rows": 1, "Actual Loops": 1, "Filter": "((kind)::text = 'production companies'::text)", "Rows Removed by Filter": 2}, {"Node Type": "Index Scan", "Parent Relationship": "Inner", "Scan Direction": "Forward", "Index Name": "company_type_id_movie_companies", "Relation Name": "movie_companies", "Alias": "mc", "Startup Cost": 0.0, "Total Cost": 56378.94, "Plan Rows": 1304517, "Plan Width": 32, "Actual Startup Time": 0.101, "Actual Total Time": 707.577, "Actual Rows": 140904, "Actual Loops": 1, "Index Cond": "(company_type_id = ct.id), (LLVM Optimized, Jit Execute)", "Rows Removed by Index Recheck": 0, "Filter": "((note)::text !~~ '%(as Metro-Goldwyn-Mayer Pictures)%'::text), (LLVM Optimized, Jit Execute)", "Rows Removed by Filter": 1193979}]}, {"Node Type": "Hash", "Parent Relationship": "Inner", "Startup Cost": 177825.21, "Total Cost": 177825.21, "Plan Rows": 447839, "Plan Width": 29, "Actual Startup Time": 4011.878, "Actual Total Time": 4011.878, "Actual Rows": 6, "Actual Loops": 1, "Hash Buckets": 524288, "Hash Batches": 1, "Original Hash Batches": 1, "Peak Memory Usage": 1, "Plans": [{"Node Type": "Hash Join", "Parent Relationship": "Outer", "Join Type": "Inner", "Startup Cost": 133714.84, "Total Cost": 177825.21, "Plan Rows": 447839, "Plan Width": 29, "Actual Startup Time": 4011.838, "Actual Total Time": 4011.861, "Actual Rows": 6, "Actual Loops": 1, "Inner Unique": true, "Hash Cond": "(mi_idx.movie_id = t.id), (LLVM Optimized, Jit Execute)", "Plans": [{"Node Type": "Nested Loop", "Parent Relationship": "Outer", "Join Type": "Inner", "Startup Cost": 0.0, "Total Cost": 38338.2, "Plan Rows": 345008, "Plan Width": 4, "Actual Startup Time": 0.087, "Actual Total Time": 0.106, "Actual Rows": 10, "Actual Loops": 1, "Inner Unique": false, "Plans": [{"Node Type": "Index Scan", "Parent Relationship": "Outer", "Scan Direction": "Forward", "Index Name": "info_type_pkey", "Relation Name": "info_type", "Alias": "it", "Startup Cost": 0.0, "Total Cost": 14.21, "Plan Rows": 1, "Plan Width": 4, "Actual Startup Time": 0.066, "Actual Total Time": 0.069, "Actual Rows": 1, "Actual Loops": 1, "Filter": "((info)::text = 'bottom 10 rank'::text)", "Rows Removed by Filter": 111}, {"Node Type": "Index Scan", "Parent Relationship": "Inner", "Scan Direction": "Forward", "Index Name": "info_type_id_movie_info_idx", "Relation Name": "movie_info_idx", "Alias": "mi_idx", "Startup Cost": 0.0, "Total Cost": 34873.91, "Plan Rows": 345008, "Plan Width": 8, "Actual Startup Time": 0.018, "Actual Total Time": 0.028, "Actual Rows": 10, "Actual Loops": 1, "Index Cond": "(info_type_id = it.id), (LLVM Optimized, Jit Execute)", "Rows Removed by Index Recheck": 0}]}, {"Node Type": "Hash", "Parent Relationship": "Inner", "Startup Cost": 116441.27, "Total Cost": 116441.27, "Plan Rows": 1381886, "Plan Width": 25, "Actual Startup Time": 4010.308, "Actual Total Time": 4010.308, "Actual Rows": 1381453, "Actual Loops": 1, "Hash Buckets": 2097152, "Hash Batches": 1, "Original Hash Batches": 1, "Peak Memory Usage": 79393, "Plans": [{"Node Type": "Index Scan", "Parent Relationship": "Outer", "Scan Direction": "Forward", "Index Name": "title_pkey", "Relation Name": "title", "Alias": "t", "Startup Cost": 0.0, "Total Cost": 116441.27, "Plan Rows": 1381886, "Plan Width": 25, "Actual Startup Time": 0.034, "Actual Total Time": 3282.905, "Actual Rows": 1381453, "Actual Loops": 1, "Filter": "(production_year > 2000), (LLVM Optimized, Jit Execute)", "Rows Removed by Filter": 1146858}]}]}]}]}]}, "Triggers": [], "Planner Runtime": 4, "Total Runtime": 4791.012, "Unique SQL Id": 2492542741}}, "(1, 74)": {"explain_plan": {"Plan": {"Node Type": "Aggregate", "Strategy": "Plain", "Startup Cost": 204572.36, "Total Cost": 204572.37, "Plan Rows": 1, "Plan Width": 113, "Plans": [{"Node Type": "Hash Join", "Parent Relationship": "Outer", "Join Type": "Inner", "Startup Cost": 122220.21, "Total Cost": 199693.17, "Plan Rows": 650559, "Plan Width": 45, "Inner Unique": true, "Hash Cond": "(mc.company_type_id = ct.id), (LLVM Optimized)", "Plans": [{"Node Type": "Hash Join", "Parent Relationship": "Outer", "Join Type": "Inner", "Startup Cost": 122219.16, "Total Cost": 191104.8, "Plan Rows": 1055184, "Plan Width": 49, "Inner Unique": false, "Hash Cond": "(mc.movie_id = t.id), (LLVM Optimized)", "Plans": [{"Node Type": "Seq Scan", "Parent Relationship": "Outer", "Relation Name": "movie_companies", "Alias": "mc", "Startup Cost": 0.0, "Total Cost": 48340.1, "Plan Rows": 2609035, "Plan Width": 32, "Filter": "((note)::text !~~ '%(as Metro-Goldwyn-Mayer Pictures)%'::text), (LLVM Optimized)"}, {"Node Type": "Hash", "Parent Relationship": "Inner", "Startup Cost": 116621.17, "Total Cost": 116621.17, "Plan Rows": 447839, "Plan Width": 29, "Plans": [{"Node Type": "Hash Join", "Parent Relationship": "Outer", "Join Type": "Inner", "Startup Cost": 83665.88, "Total Cost": 116621.17, "Plan Rows": 447839, "Plan Width": 29, "Inner Unique": true, "Hash Cond": "(mi_idx.movie_id = t.id), (LLVM Optimized)", "Plans": [{"Node Type": "Hash Join", "Parent Relationship": "Outer", "Join Type": "Inner", "Startup Cost": 2.41, "Total Cost": 27185.54, "Plan Rows": 345008, "Plan Width": 4, "Inner Unique": true, "Hash Cond": "(mi_idx.info_type_id = it.id), (LLVM Optimized)", "Plans": [{"Node Type": "Seq Scan", "Parent Relationship": "Outer", "Relation Name": "movie_info_idx", "Alias": "mi_idx", "Startup Cost": 0.0, "Total Cost": 20274.34, "Plan Rows": 1380034, "Plan Width": 8}, {"Node Type": "Hash", "Parent Relationship": "Inner", "Startup Cost": 2.4, "Total Cost": 2.4, "Plan Rows": 1, "Plan Width": 4, "Plans": [{"Node Type": "Seq Scan", "Parent Relationship": "Outer", "Relation Name": "info_type", "Alias": "it", "Startup Cost": 0.0, "Total Cost": 2.4, "Plan Rows": 1, "Plan Width": 4, "Filter": "((info)::text = 'bottom 10 rank'::text)"}]}]}, {"Node Type": "Hash", "Parent Relationship": "Inner", "Startup Cost": 66389.89, "Total Cost": 66389.89, "Plan Rows": 1381886, "Plan Width": 25, "Plans": [{"Node Type": "Seq Scan", "Parent Relationship": "Outer", "Relation Name": "title", "Alias": "t", "Startup Cost": 0.0, "Total Cost": 66389.89, "Plan Rows": 1381886, "Plan Width": 25, "Filter": "(production_year > 2000), (LLVM Optimized)"}]}]}]}]}, {"Node Type": "Hash", "Parent Relationship": "Inner", "Startup Cost": 1.04, "Total Cost": 1.04, "Plan Rows": 1, "Plan Width": 4, "Plans": [{"Node Type": "Seq Scan", "Parent Relationship": "Outer", "Relation Name": "company_type", "Alias": "ct", "Startup Cost": 0.0, "Total Cost": 1.04, "Plan Rows": 1, "Plan Width": 4, "Filter": "((kind)::text = 'production companies'::text)"}]}]}]}, "Unique SQL Id": 2492542741, "Planner Runtime": 8}, "explain_analyze_plan": {"Plan": {"Node Type": "Aggregate", "Strategy": "Plain", "Startup Cost": 204572.36, "Total Cost": 204572.37, "Plan Rows": 1, "Plan Width": 113, "Actual Startup Time": 3224.06, "Actual Total Time": 3224.06, "Actual Rows": 1, "Actual Loops": 1, "Plans": [{"Node Type": "Hash Join", "Parent Relationship": "Outer", "Join Type": "Inner", "Startup Cost": 122220.21, "Total Cost": 199693.17, "Plan Rows": 650559, "Plan Width": 45, "Actual Startup Time": 3046.139, "Actual Total Time": 3224.013, "Actual Rows": 4, "Actual Loops": 1, "Inner Unique": true, "Hash Cond": "(mc.company_type_id = ct.id), (LLVM Optimized, Jit Execute)", "Plans": [{"Node Type": "Hash Join", "Parent Relationship": "Outer", "Join Type": "Inner", "Startup Cost": 122219.16, "Total Cost": 191104.8, "Plan Rows": 1055184, "Plan Width": 49, "Actual Startup Time": 2326.995, "Actual Total Time": 3223.784, "Actual Rows": 78, "Actual Loops": 1, "Inner Unique": false, "Hash Cond": "(mc.movie_id = t.id), (LLVM Optimized, Jit Execute)", "Plans": [{"Node Type": "Seq Scan", "Parent Relationship": "Outer", "Relation Name": "movie_companies", "Alias": "mc", "Startup Cost": 0.0, "Total Cost": 48340.1, "Plan Rows": 2609035, "Plan Width": 32, "Actual Startup Time": 0.026, "Actual Total Time": 941.786, "Actual Rows": 1337087, "Actual Loops": 1, "Filter": "((note)::text !~~ '%(as Metro-Goldwyn-Mayer Pictures)%'::text), (LLVM Optimized, Jit Execute)", "Rows Removed by Filter": 1272041}, {"Node Type": "Hash", "Parent Relationship": "Inner", "Startup Cost": 116621.17, "Total Cost": 116621.17, "Plan Rows": 447839, "Plan Width": 29, "Actual Startup Time": 2012.885, "Actual Total Time": 2012.885, "Actual Rows": 6, "Actual Loops": 1, "Hash Buckets": 524288, "Hash Batches": 1, "Original Hash Batches": 1, "Peak Memory Usage": 1, "Plans": [{"Node Type": "Hash Join", "Parent Relationship": "Outer", "Join Type": "Inner", "Startup Cost": 83665.88, "Total Cost": 116621.17, "Plan Rows": 447839, "Plan Width": 29, "Actual Startup Time": 2012.819, "Actual Total Time": 2012.87, "Actual Rows": 6, "Actual Loops": 1, "Inner Unique": true, "Hash Cond": "(mi_idx.movie_id = t.id), (LLVM Optimized, Jit Execute)", "Plans": [{"Node Type": "Hash Join", "Parent Relationship": "Outer", "Join Type": "Inner", "Startup Cost": 2.41, "Total Cost": 27185.54, "Plan Rows": 345008, "Plan Width": 4, "Actual Startup Time": 534.697, "Actual Total Time": 534.72, "Actual Rows": 10, "Actual Loops": 1, "Inner Unique": true, "Hash Cond": "(mi_idx.info_type_id = it.id), (LLVM Optimized, Jit Execute)", "Plans": [{"Node Type": "Seq Scan", "Parent Relationship": "Outer", "Relation Name": "movie_info_idx", "Alias": "mi_idx", "Startup Cost": 0.0, "Total Cost": 20274.34, "Plan Rows": 1380034, "Plan Width": 8, "Actual Startup Time": 0.03, "Actual Total Time": 303.004, "Actual Rows": 1380034, "Actual Loops": 1}, {"Node Type": "Hash", "Parent Relationship": "Inner", "Startup Cost": 2.4, "Total Cost": 2.4, "Plan Rows": 1, "Plan Width": 4, "Actual Startup Time": 0.046, "Actual Total Time": 0.046, "Actual Rows": 1, "Actual Loops": 1, "Hash Buckets": 32768, "Hash Batches": 1, "Original Hash Batches": 1, "Peak Memory Usage": 1, "Plans": [{"Node Type": "Seq Scan", "Parent Relationship": "Outer", "Relation Name": "info_type", "Alias": "it", "Startup Cost": 0.0, "Total Cost": 2.4, "Plan Rows": 1, "Plan Width": 4, "Actual Startup Time": 0.042, "Actual Total Time": 0.044, "Actual Rows": 1, "Actual Loops": 1, "Filter": "((info)::text = 'bottom 10 rank'::text)", "Rows Removed by Filter": 111}]}]}, {"Node Type": "Hash", "Parent Relationship": "Inner", "Startup Cost": 66389.89, "Total Cost": 66389.89, "Plan Rows": 1381886, "Plan Width": 25, "Actual Startup Time": 1476.669, "Actual Total Time": 1476.669, "Actual Rows": 1381453, "Actual Loops": 1, "Hash Buckets": 2097152, "Hash Batches": 1, "Original Hash Batches": 1, "Peak Memory Usage": 79393, "Plans": [{"Node Type": "Seq Scan", "Parent Relationship": "Outer", "Relation Name": "title", "Alias": "t", "Startup Cost": 0.0, "Total Cost": 66389.89, "Plan Rows": 1381886, "Plan Width": 25, "Actual Startup Time": 0.071, "Actual Total Time": 926.834, "Actual Rows": 1381453, "Actual Loops": 1, "Filter": "(production_year > 2000), (LLVM Optimized, Jit Execute)", "Rows Removed by Filter": 1146858}]}]}]}]}, {"Node Type": "Hash", "Parent Relationship": "Inner", "Startup Cost": 1.04, "Total Cost": 1.04, "Plan Rows": 1, "Plan Width": 4, "Actual Startup Time": 0.044, "Actual Total Time": 0.044, "Actual Rows": 1, "Actual Loops": 1, "Hash Buckets": 32768, "Hash Batches": 1, "Original Hash Batches": 1, "Peak Memory Usage": 1, "Plans": [{"Node Type": "Seq Scan", "Parent Relationship": "Outer", "Relation Name": "company_type", "Alias": "ct", "Startup Cost": 0.0, "Total Cost": 1.04, "Plan Rows": 1, "Plan Width": 4, "Actual Startup Time": 0.025, "Actual Total Time": 0.028, "Actual Rows": 1, "Actual Loops": 1, "Filter": "((kind)::text = 'production companies'::text)", "Rows Removed by Filter": 2}]}]}]}, "Triggers": [], "Planner Runtime": 4, "Total Runtime": 3234.758, "Unique SQL Id": 2492542741}}, "(1, 75)": {"explain_plan": {"Plan": {"Node Type": "Aggregate", "Strategy": "Plain", "Startup Cost": 4997226344145.53, "Total Cost": 4997226344145.54, "Plan Rows": 1, "Plan Width": 113, "Plans": [{"Node Type": "Hash Join", "Parent Relationship": "Outer", "Join Type": "Inner", "Startup Cost": 2030027234286.38, "Total Cost": 4997226339266.34, "Plan Rows": 650559, "Plan Width": 45, "Inner Unique": true, "Hash Cond": "(mc.company_type_id = ct.id), (LLVM Optimized)", "Plans": [{"Node Type": "Hash Join", "Parent Relationship": "Outer", "Join Type": "Inner", "Startup Cost": 1030027233056.12, "Total Cost": 3997226329448.76, "Plan Rows": 1055184, "Plan Width": 49, "Inner Unique": true, "Hash Cond": "(mi_idx.info_type_id = it.id), (LLVM Optimized)", "Plans": [{"Node Type": "Merge Join", "Parent Relationship": "Outer", "Join Type": "Inner", "Startup Cost": 30027231635.11, "Total Cost": 2997226306897.65, "Plan Rows": 4220744, "Plan Width": 53, "Inner Unique": false, "Merge Cond": "(mi_idx.movie_id = t.id)", "Plans": [{"Node Type": "Index Scan", "Parent Relationship": "Outer", "Scan Direction": "Forward", "Index Name": "movie_id_movie_info_idx", "Relation Name": "movie_info_idx", "Alias": "mi_idx", "Startup Cost": 10000000000.0, "Total Cost": 1000004650035.37, "Plan Rows": 1380034, "Plan Width": 8}, {"Node Type": "Materialize", "Parent Relationship": "Inner", "Startup Cost": 20021492619.09, "Total Cost": 1999076868999.12, "Plan Rows": 3320699, "Plan Width": 57, "Plans": [{"Node Type": "Merge Join", "Parent Relationship": "Outer", "Join Type": "Inner", "Startup Cost": 20021492619.09, "Total Cost": 1999076860697.37, "Plan Rows": 3320699, "Plan Width": 57, "Inner Unique": false, "Merge Cond": "(t.id = mc.movie_id)", "Plans": [{"Node Type": "Index Scan", "Parent Relationship": "Outer", "Scan Direction": "Forward", "Index Name": "title_pkey", "Relation Name": "title", "Alias": "t", "Startup Cost": 10000000000.0, "Total Cost": 1000011644126.66, "Plan Rows": 1381886, "Plan Width": 25, "Filter": "(production_year > 2000), (LLVM Optimized)"}, {"Node Type": "Materialize", "Parent Relationship": "Inner", "Startup Cost": 10000000000.0, "Total Cost": 1000013710750.72, "Plan Rows": 2609035, "Plan Width": 32, "Plans": [{"Node Type": "Index Scan", "Parent Relationship": "Outer", "Scan Direction": "Forward", "Index Name": "movie_id_movie_companies", "Relation Name": "movie_companies", "Alias": "mc", "Startup Cost": 10000000000.0, "Total Cost": 1000013704228.13, "Plan Rows": 2609035, "Plan Width": 32, "Filter": "((note)::text !~~ '%(as Metro-Goldwyn-Mayer Pictures)%'::text), (LLVM Optimized)"}]}]}]}]}, {"Node Type": "Hash", "Parent Relationship": "Inner", "Startup Cost": 1000000001421.0, "Total Cost": 1000000001421.0, "Plan Rows": 1, "Plan Width": 4, "Plans": [{"Node Type": "Index Scan", "Parent Relationship": "Outer", "Scan Direction": "Forward", "Index Name": "info_type_pkey", "Relation Name": "info_type", "Alias": "it", "Startup Cost": 10000000000.0, "Total Cost": 1000000001421.0, "Plan Rows": 1, "Plan Width": 4, "Filter": "((info)::text = 'bottom 10 rank'::text)"}]}]}, {"Node Type": "Hash", "Parent Relationship": "Inner", "Startup Cost": 1000000001230.25, "Total Cost": 1000000001230.25, "Plan Rows": 1, "Plan Width": 4, "Plans": [{"Node Type": "Index Scan", "Parent Relationship": "Outer", "Scan Direction": "Forward", "Index Name": "company_type_pkey", "Relation Name": "company_type", "Alias": "ct", "Startup Cost": 10000000000.0, "Total Cost": 1000000001230.25, "Plan Rows": 1, "Plan Width": 4, "Filter": "((kind)::text = 'production companies'::text)"}]}]}]}, "Unique SQL Id": 2492542741, "Planner Runtime": 12}, "explain_analyze_plan": null}, "(1, 76)": {"explain_plan": {"Plan": {"Node Type": "Aggregate", "Strategy": "Plain", "Startup Cost": 204572.36, "Total Cost": 204572.37, "Plan Rows": 1, "Plan Width": 113, "Plans": [{"Node Type": "Hash Join", "Parent Relationship": "Outer", "Join Type": "Inner", "Startup Cost": 122220.21, "Total Cost": 199693.17, "Plan Rows": 650559, "Plan Width": 45, "Inner Unique": true, "Hash Cond": "(mc.company_type_id = ct.id), (LLVM Optimized)", "Plans": [{"Node Type": "Hash Join", "Parent Relationship": "Outer", "Join Type": "Inner", "Startup Cost": 122219.16, "Total Cost": 191104.8, "Plan Rows": 1055184, "Plan Width": 49, "Inner Unique": false, "Hash Cond": "(mc.movie_id = t.id), (LLVM Optimized)", "Plans": [{"Node Type": "Seq Scan", "Parent Relationship": "Outer", "Relation Name": "movie_companies", "Alias": "mc", "Startup Cost": 0.0, "Total Cost": 48340.1, "Plan Rows": 2609035, "Plan Width": 32, "Filter": "((note)::text !~~ '%(as Metro-Goldwyn-Mayer Pictures)%'::text), (LLVM Optimized)"}, {"Node Type": "Hash", "Parent Relationship": "Inner", "Startup Cost": 116621.17, "Total Cost": 116621.17, "Plan Rows": 447839, "Plan Width": 29, "Plans": [{"Node Type": "Hash Join", "Parent Relationship": "Outer", "Join Type": "Inner", "Startup Cost": 83665.88, "Total Cost": 116621.17, "Plan Rows": 447839, "Plan Width": 29, "Inner Unique": true, "Hash Cond": "(mi_idx.movie_id = t.id), (LLVM Optimized)", "Plans": [{"Node Type": "Hash Join", "Parent Relationship": "Outer", "Join Type": "Inner", "Startup Cost": 2.41, "Total Cost": 27185.54, "Plan Rows": 345008, "Plan Width": 4, "Inner Unique": true, "Hash Cond": "(mi_idx.info_type_id = it.id), (LLVM Optimized)", "Plans": [{"Node Type": "Seq Scan", "Parent Relationship": "Outer", "Relation Name": "movie_info_idx", "Alias": "mi_idx", "Startup Cost": 0.0, "Total Cost": 20274.34, "Plan Rows": 1380034, "Plan Width": 8}, {"Node Type": "Hash", "Parent Relationship": "Inner", "Startup Cost": 2.4, "Total Cost": 2.4, "Plan Rows": 1, "Plan Width": 4, "Plans": [{"Node Type": "Seq Scan", "Parent Relationship": "Outer", "Relation Name": "info_type", "Alias": "it", "Startup Cost": 0.0, "Total Cost": 2.4, "Plan Rows": 1, "Plan Width": 4, "Filter": "((info)::text = 'bottom 10 rank'::text)"}]}]}, {"Node Type": "Hash", "Parent Relationship": "Inner", "Startup Cost": 66389.89, "Total Cost": 66389.89, "Plan Rows": 1381886, "Plan Width": 25, "Plans": [{"Node Type": "Seq Scan", "Parent Relationship": "Outer", "Relation Name": "title", "Alias": "t", "Startup Cost": 0.0, "Total Cost": 66389.89, "Plan Rows": 1381886, "Plan Width": 25, "Filter": "(production_year > 2000), (LLVM Optimized)"}]}]}]}]}, {"Node Type": "Hash", "Parent Relationship": "Inner", "Startup Cost": 1.04, "Total Cost": 1.04, "Plan Rows": 1, "Plan Width": 4, "Plans": [{"Node Type": "Seq Scan", "Parent Relationship": "Outer", "Relation Name": "company_type", "Alias": "ct", "Startup Cost": 0.0, "Total Cost": 1.04, "Plan Rows": 1, "Plan Width": 4, "Filter": "((kind)::text = 'production companies'::text)"}]}]}]}, "Unique SQL Id": 2492542741, "Planner Runtime": 12}, "explain_analyze_plan": {"Plan": {"Node Type": "Aggregate", "Strategy": "Plain", "Startup Cost": 204572.36, "Total Cost": 204572.37, "Plan Rows": 1, "Plan Width": 113, "Actual Startup Time": 3224.06, "Actual Total Time": 3224.06, "Actual Rows": 1, "Actual Loops": 1, "Plans": [{"Node Type": "Hash Join", "Parent Relationship": "Outer", "Join Type": "Inner", "Startup Cost": 122220.21, "Total Cost": 199693.17, "Plan Rows": 650559, "Plan Width": 45, "Actual Startup Time": 3046.139, "Actual Total Time": 3224.013, "Actual Rows": 4, "Actual Loops": 1, "Inner Unique": true, "Hash Cond": "(mc.company_type_id = ct.id), (LLVM Optimized, Jit Execute)", "Plans": [{"Node Type": "Hash Join", "Parent Relationship": "Outer", "Join Type": "Inner", "Startup Cost": 122219.16, "Total Cost": 191104.8, "Plan Rows": 1055184, "Plan Width": 49, "Actual Startup Time": 2326.995, "Actual Total Time": 3223.784, "Actual Rows": 78, "Actual Loops": 1, "Inner Unique": false, "Hash Cond": "(mc.movie_id = t.id), (LLVM Optimized, Jit Execute)", "Plans": [{"Node Type": "Seq Scan", "Parent Relationship": "Outer", "Relation Name": "movie_companies", "Alias": "mc", "Startup Cost": 0.0, "Total Cost": 48340.1, "Plan Rows": 2609035, "Plan Width": 32, "Actual Startup Time": 0.026, "Actual Total Time": 941.786, "Actual Rows": 1337087, "Actual Loops": 1, "Filter": "((note)::text !~~ '%(as Metro-Goldwyn-Mayer Pictures)%'::text), (LLVM Optimized, Jit Execute)", "Rows Removed by Filter": 1272041}, {"Node Type": "Hash", "Parent Relationship": "Inner", "Startup Cost": 116621.17, "Total Cost": 116621.17, "Plan Rows": 447839, "Plan Width": 29, "Actual Startup Time": 2012.885, "Actual Total Time": 2012.885, "Actual Rows": 6, "Actual Loops": 1, "Hash Buckets": 524288, "Hash Batches": 1, "Original Hash Batches": 1, "Peak Memory Usage": 1, "Plans": [{"Node Type": "Hash Join", "Parent Relationship": "Outer", "Join Type": "Inner", "Startup Cost": 83665.88, "Total Cost": 116621.17, "Plan Rows": 447839, "Plan Width": 29, "Actual Startup Time": 2012.819, "Actual Total Time": 2012.87, "Actual Rows": 6, "Actual Loops": 1, "Inner Unique": true, "Hash Cond": "(mi_idx.movie_id = t.id), (LLVM Optimized, Jit Execute)", "Plans": [{"Node Type": "Hash Join", "Parent Relationship": "Outer", "Join Type": "Inner", "Startup Cost": 2.41, "Total Cost": 27185.54, "Plan Rows": 345008, "Plan Width": 4, "Actual Startup Time": 534.697, "Actual Total Time": 534.72, "Actual Rows": 10, "Actual Loops": 1, "Inner Unique": true, "Hash Cond": "(mi_idx.info_type_id = it.id), (LLVM Optimized, Jit Execute)", "Plans": [{"Node Type": "Seq Scan", "Parent Relationship": "Outer", "Relation Name": "movie_info_idx", "Alias": "mi_idx", "Startup Cost": 0.0, "Total Cost": 20274.34, "Plan Rows": 1380034, "Plan Width": 8, "Actual Startup Time": 0.03, "Actual Total Time": 303.004, "Actual Rows": 1380034, "Actual Loops": 1}, {"Node Type": "Hash", "Parent Relationship": "Inner", "Startup Cost": 2.4, "Total Cost": 2.4, "Plan Rows": 1, "Plan Width": 4, "Actual Startup Time": 0.046, "Actual Total Time": 0.046, "Actual Rows": 1, "Actual Loops": 1, "Hash Buckets": 32768, "Hash Batches": 1, "Original Hash Batches": 1, "Peak Memory Usage": 1, "Plans": [{"Node Type": "Seq Scan", "Parent Relationship": "Outer", "Relation Name": "info_type", "Alias": "it", "Startup Cost": 0.0, "Total Cost": 2.4, "Plan Rows": 1, "Plan Width": 4, "Actual Startup Time": 0.042, "Actual Total Time": 0.044, "Actual Rows": 1, "Actual Loops": 1, "Filter": "((info)::text = 'bottom 10 rank'::text)", "Rows Removed by Filter": 111}]}]}, {"Node Type": "Hash", "Parent Relationship": "Inner", "Startup Cost": 66389.89, "Total Cost": 66389.89, "Plan Rows": 1381886, "Plan Width": 25, "Actual Startup Time": 1476.669, "Actual Total Time": 1476.669, "Actual Rows": 1381453, "Actual Loops": 1, "Hash Buckets": 2097152, "Hash Batches": 1, "Original Hash Batches": 1, "Peak Memory Usage": 79393, "Plans": [{"Node Type": "Seq Scan", "Parent Relationship": "Outer", "Relation Name": "title", "Alias": "t", "Startup Cost": 0.0, "Total Cost": 66389.89, "Plan Rows": 1381886, "Plan Width": 25, "Actual Startup Time": 0.071, "Actual Total Time": 926.834, "Actual Rows": 1381453, "Actual Loops": 1, "Filter": "(production_year > 2000), (LLVM Optimized, Jit Execute)", "Rows Removed by Filter": 1146858}]}]}]}]}, {"Node Type": "Hash", "Parent Relationship": "Inner", "Startup Cost": 1.04, "Total Cost": 1.04, "Plan Rows": 1, "Plan Width": 4, "Actual Startup Time": 0.044, "Actual Total Time": 0.044, "Actual Rows": 1, "Actual Loops": 1, "Hash Buckets": 32768, "Hash Batches": 1, "Original Hash Batches": 1, "Peak Memory Usage": 1, "Plans": [{"Node Type": "Seq Scan", "Parent Relationship": "Outer", "Relation Name": "company_type", "Alias": "ct", "Startup Cost": 0.0, "Total Cost": 1.04, "Plan Rows": 1, "Plan Width": 4, "Actual Startup Time": 0.025, "Actual Total Time": 0.028, "Actual Rows": 1, "Actual Loops": 1, "Filter": "((kind)::text = 'production companies'::text)", "Rows Removed by Filter": 2}]}]}]}, "Triggers": [], "Planner Runtime": 4, "Total Runtime": 3234.758, "Unique SQL Id": 2492542741}}, "(1, 77)": {"explain_plan": {"Plan": {"Node Type": "Aggregate", "Strategy": "Plain", "Startup Cost": 268118.48, "Total Cost": 268118.49, "Plan Rows": 1, "Plan Width": 113, "Plans": [{"Node Type": "Hash Join", "Parent Relationship": "Outer", "Join Type": "Inner", "Startup Cost": 183423.2, "Total Cost": 263239.28, "Plan Rows": 650559, "Plan Width": 45, "Inner Unique": false, "Hash Cond": "(mc.movie_id = t.id), (LLVM Optimized)", "Plans": [{"Node Type": "Nested Loop", "Parent Relationship": "Outer", "Join Type": "Inner", "Startup Cost": 0.0, "Total Cost": 69436.41, "Plan Rows": 1304518, "Plan Width": 28, "Inner Unique": false, "Plans": [{"Node Type": "Index Scan", "Parent Relationship": "Outer", "Scan Direction": "Forward", "Index Name": "company_type_pkey", "Relation Name": "company_type", "Alias": "ct", "Startup Cost": 0.0, "Total Cost": 12.3, "Plan Rows": 1, "Plan Width": 4, "Filter": "((kind)::text = 'production companies'::text)"}, {"Node Type": "Index Scan", "Parent Relationship": "Inner", "Scan Direction": "Forward", "Index Name": "company_type_id_movie_companies", "Relation Name": "movie_companies", "Alias": "mc", "Startup Cost": 0.0, "Total Cost": 56378.94, "Plan Rows": 1304517, "Plan Width": 32, "Index Cond": "(company_type_id = ct.id), (LLVM Optimized)", "Filter": "((note)::text !~~ '%(as Metro-Goldwyn-Mayer Pictures)%'::text), (LLVM Optimized)"}]}, {"Node Type": "Hash", "Parent Relationship": "Inner", "Startup Cost": 177825.21, "Total Cost": 177825.21, "Plan Rows": 447839, "Plan Width": 29, "Plans": [{"Node Type": "Hash Join", "Parent Relationship": "Outer", "Join Type": "Inner", "Startup Cost": 133714.84, "Total Cost": 177825.21, "Plan Rows": 447839, "Plan Width": 29, "Inner Unique": true, "Hash Cond": "(mi_idx.movie_id = t.id), (LLVM Optimized)", "Plans": [{"Node Type": "Nested Loop", "Parent Relationship": "Outer", "Join Type": "Inner", "Startup Cost": 0.0, "Total Cost": 38338.2, "Plan Rows": 345008, "Plan Width": 4, "Inner Unique": false, "Plans": [{"Node Type": "Index Scan", "Parent Relationship": "Outer", "Scan Direction": "Forward", "Index Name": "info_type_pkey", "Relation Name": "info_type", "Alias": "it", "Startup Cost": 0.0, "Total Cost": 14.21, "Plan Rows": 1, "Plan Width": 4, "Filter": "((info)::text = 'bottom 10 rank'::text)"}, {"Node Type": "Index Scan", "Parent Relationship": "Inner", "Scan Direction": "Forward", "Index Name": "info_type_id_movie_info_idx", "Relation Name": "movie_info_idx", "Alias": "mi_idx", "Startup Cost": 0.0, "Total Cost": 34873.91, "Plan Rows": 345008, "Plan Width": 8, "Index Cond": "(info_type_id = it.id), (LLVM Optimized)"}]}, {"Node Type": "Hash", "Parent Relationship": "Inner", "Startup Cost": 116441.27, "Total Cost": 116441.27, "Plan Rows": 1381886, "Plan Width": 25, "Plans": [{"Node Type": "Index Scan", "Parent Relationship": "Outer", "Scan Direction": "Forward", "Index Name": "title_pkey", "Relation Name": "title", "Alias": "t", "Startup Cost": 0.0, "Total Cost": 116441.27, "Plan Rows": 1381886, "Plan Width": 25, "Filter": "(production_year > 2000), (LLVM Optimized)"}]}]}]}]}]}, "Unique SQL Id": 2492542741, "Planner Runtime": 10}, "explain_analyze_plan": {"Plan": {"Node Type": "Aggregate", "Strategy": "Plain", "Startup Cost": 268118.48, "Total Cost": 268118.49, "Plan Rows": 1, "Plan Width": 113, "Actual Startup Time": 4780.141, "Actual Total Time": 4780.141, "Actual Rows": 1, "Actual Loops": 1, "Plans": [{"Node Type": "Hash Join", "Parent Relationship": "Outer", "Join Type": "Inner", "Startup Cost": 183423.2, "Total Cost": 263239.28, "Plan Rows": 650559, "Plan Width": 45, "Actual Startup Time": 4407.13, "Actual Total Time": 4780.091, "Actual Rows": 4, "Actual Loops": 1, "Inner Unique": false, "Hash Cond": "(mc.movie_id = t.id), (LLVM Optimized, Jit Execute)", "Plans": [{"Node Type": "Nested Loop", "Parent Relationship": "Outer", "Join Type": "Inner", "Startup Cost": 0.0, "Total Cost": 69436.41, "Plan Rows": 1304518, "Plan Width": 28, "Actual Startup Time": 0.124, "Actual Total Time": 736.559, "Actual Rows": 140904, "Actual Loops": 1, "Inner Unique": false, "Plans": [{"Node Type": "Index Scan", "Parent Relationship": "Outer", "Scan Direction": "Forward", "Index Name": "company_type_pkey", "Relation Name": "company_type", "Alias": "ct", "Startup Cost": 0.0, "Total Cost": 12.3, "Plan Rows": 1, "Plan Width": 4, "Actual Startup Time": 0.018, "Actual Total Time": 0.028, "Actual Rows": 1, "Actual Loops": 1, "Filter": "((kind)::text = 'production companies'::text)", "Rows Removed by Filter": 2}, {"Node Type": "Index Scan", "Parent Relationship": "Inner", "Scan Direction": "Forward", "Index Name": "company_type_id_movie_companies", "Relation Name": "movie_companies", "Alias": "mc", "Startup Cost": 0.0, "Total Cost": 56378.94, "Plan Rows": 1304517, "Plan Width": 32, "Actual Startup Time": 0.101, "Actual Total Time": 707.577, "Actual Rows": 140904, "Actual Loops": 1, "Index Cond": "(company_type_id = ct.id), (LLVM Optimized, Jit Execute)", "Rows Removed by Index Recheck": 0, "Filter": "((note)::text !~~ '%(as Metro-Goldwyn-Mayer Pictures)%'::text), (LLVM Optimized, Jit Execute)", "Rows Removed by Filter": 1193979}]}, {"Node Type": "Hash", "Parent Relationship": "Inner", "Startup Cost": 177825.21, "Total Cost": 177825.21, "Plan Rows": 447839, "Plan Width": 29, "Actual Startup Time": 4011.878, "Actual Total Time": 4011.878, "Actual Rows": 6, "Actual Loops": 1, "Hash Buckets": 524288, "Hash Batches": 1, "Original Hash Batches": 1, "Peak Memory Usage": 1, "Plans": [{"Node Type": "Hash Join", "Parent Relationship": "Outer", "Join Type": "Inner", "Startup Cost": 133714.84, "Total Cost": 177825.21, "Plan Rows": 447839, "Plan Width": 29, "Actual Startup Time": 4011.838, "Actual Total Time": 4011.861, "Actual Rows": 6, "Actual Loops": 1, "Inner Unique": true, "Hash Cond": "(mi_idx.movie_id = t.id), (LLVM Optimized, Jit Execute)", "Plans": [{"Node Type": "Nested Loop", "Parent Relationship": "Outer", "Join Type": "Inner", "Startup Cost": 0.0, "Total Cost": 38338.2, "Plan Rows": 345008, "Plan Width": 4, "Actual Startup Time": 0.087, "Actual Total Time": 0.106, "Actual Rows": 10, "Actual Loops": 1, "Inner Unique": false, "Plans": [{"Node Type": "Index Scan", "Parent Relationship": "Outer", "Scan Direction": "Forward", "Index Name": "info_type_pkey", "Relation Name": "info_type", "Alias": "it", "Startup Cost": 0.0, "Total Cost": 14.21, "Plan Rows": 1, "Plan Width": 4, "Actual Startup Time": 0.066, "Actual Total Time": 0.069, "Actual Rows": 1, "Actual Loops": 1, "Filter": "((info)::text = 'bottom 10 rank'::text)", "Rows Removed by Filter": 111}, {"Node Type": "Index Scan", "Parent Relationship": "Inner", "Scan Direction": "Forward", "Index Name": "info_type_id_movie_info_idx", "Relation Name": "movie_info_idx", "Alias": "mi_idx", "Startup Cost": 0.0, "Total Cost": 34873.91, "Plan Rows": 345008, "Plan Width": 8, "Actual Startup Time": 0.018, "Actual Total Time": 0.028, "Actual Rows": 10, "Actual Loops": 1, "Index Cond": "(info_type_id = it.id), (LLVM Optimized, Jit Execute)", "Rows Removed by Index Recheck": 0}]}, {"Node Type": "Hash", "Parent Relationship": "Inner", "Startup Cost": 116441.27, "Total Cost": 116441.27, "Plan Rows": 1381886, "Plan Width": 25, "Actual Startup Time": 4010.308, "Actual Total Time": 4010.308, "Actual Rows": 1381453, "Actual Loops": 1, "Hash Buckets": 2097152, "Hash Batches": 1, "Original Hash Batches": 1, "Peak Memory Usage": 79393, "Plans": [{"Node Type": "Index Scan", "Parent Relationship": "Outer", "Scan Direction": "Forward", "Index Name": "title_pkey", "Relation Name": "title", "Alias": "t", "Startup Cost": 0.0, "Total Cost": 116441.27, "Plan Rows": 1381886, "Plan Width": 25, "Actual Startup Time": 0.034, "Actual Total Time": 3282.905, "Actual Rows": 1381453, "Actual Loops": 1, "Filter": "(production_year > 2000), (LLVM Optimized, Jit Execute)", "Rows Removed by Filter": 1146858}]}]}]}]}]}, "Triggers": [], "Planner Runtime": 4, "Total Runtime": 4791.012, "Unique SQL Id": 2492542741}}, "(1, 78)": {"explain_plan": {"Plan": {"Node Type": "Aggregate", "Strategy": "Plain", "Startup Cost": 204572.36, "Total Cost": 204572.37, "Plan Rows": 1, "Plan Width": 113, "Plans": [{"Node Type": "Hash Join", "Parent Relationship": "Outer", "Join Type": "Inner", "Startup Cost": 122220.21, "Total Cost": 199693.17, "Plan Rows": 650559, "Plan Width": 45, "Inner Unique": true, "Hash Cond": "(mc.company_type_id = ct.id), (LLVM Optimized)", "Plans": [{"Node Type": "Hash Join", "Parent Relationship": "Outer", "Join Type": "Inner", "Startup Cost": 122219.16, "Total Cost": 191104.8, "Plan Rows": 1055184, "Plan Width": 49, "Inner Unique": false, "Hash Cond": "(mc.movie_id = t.id), (LLVM Optimized)", "Plans": [{"Node Type": "Seq Scan", "Parent Relationship": "Outer", "Relation Name": "movie_companies", "Alias": "mc", "Startup Cost": 0.0, "Total Cost": 48340.1, "Plan Rows": 2609035, "Plan Width": 32, "Filter": "((note)::text !~~ '%(as Metro-Goldwyn-Mayer Pictures)%'::text), (LLVM Optimized)"}, {"Node Type": "Hash", "Parent Relationship": "Inner", "Startup Cost": 116621.17, "Total Cost": 116621.17, "Plan Rows": 447839, "Plan Width": 29, "Plans": [{"Node Type": "Hash Join", "Parent Relationship": "Outer", "Join Type": "Inner", "Startup Cost": 83665.88, "Total Cost": 116621.17, "Plan Rows": 447839, "Plan Width": 29, "Inner Unique": true, "Hash Cond": "(mi_idx.movie_id = t.id), (LLVM Optimized)", "Plans": [{"Node Type": "Hash Join", "Parent Relationship": "Outer", "Join Type": "Inner", "Startup Cost": 2.41, "Total Cost": 27185.54, "Plan Rows": 345008, "Plan Width": 4, "Inner Unique": true, "Hash Cond": "(mi_idx.info_type_id = it.id), (LLVM Optimized)", "Plans": [{"Node Type": "Seq Scan", "Parent Relationship": "Outer", "Relation Name": "movie_info_idx", "Alias": "mi_idx", "Startup Cost": 0.0, "Total Cost": 20274.34, "Plan Rows": 1380034, "Plan Width": 8}, {"Node Type": "Hash", "Parent Relationship": "Inner", "Startup Cost": 2.4, "Total Cost": 2.4, "Plan Rows": 1, "Plan Width": 4, "Plans": [{"Node Type": "Seq Scan", "Parent Relationship": "Outer", "Relation Name": "info_type", "Alias": "it", "Startup Cost": 0.0, "Total Cost": 2.4, "Plan Rows": 1, "Plan Width": 4, "Filter": "((info)::text = 'bottom 10 rank'::text)"}]}]}, {"Node Type": "Hash", "Parent Relationship": "Inner", "Startup Cost": 66389.89, "Total Cost": 66389.89, "Plan Rows": 1381886, "Plan Width": 25, "Plans": [{"Node Type": "Seq Scan", "Parent Relationship": "Outer", "Relation Name": "title", "Alias": "t", "Startup Cost": 0.0, "Total Cost": 66389.89, "Plan Rows": 1381886, "Plan Width": 25, "Filter": "(production_year > 2000), (LLVM Optimized)"}]}]}]}]}, {"Node Type": "Hash", "Parent Relationship": "Inner", "Startup Cost": 1.04, "Total Cost": 1.04, "Plan Rows": 1, "Plan Width": 4, "Plans": [{"Node Type": "Seq Scan", "Parent Relationship": "Outer", "Relation Name": "company_type", "Alias": "ct", "Startup Cost": 0.0, "Total Cost": 1.04, "Plan Rows": 1, "Plan Width": 4, "Filter": "((kind)::text = 'production companies'::text)"}]}]}]}, "Unique SQL Id": 2492542741, "Planner Runtime": 8}, "explain_analyze_plan": {"Plan": {"Node Type": "Aggregate", "Strategy": "Plain", "Startup Cost": 204572.36, "Total Cost": 204572.37, "Plan Rows": 1, "Plan Width": 113, "Actual Startup Time": 3224.06, "Actual Total Time": 3224.06, "Actual Rows": 1, "Actual Loops": 1, "Plans": [{"Node Type": "Hash Join", "Parent Relationship": "Outer", "Join Type": "Inner", "Startup Cost": 122220.21, "Total Cost": 199693.17, "Plan Rows": 650559, "Plan Width": 45, "Actual Startup Time": 3046.139, "Actual Total Time": 3224.013, "Actual Rows": 4, "Actual Loops": 1, "Inner Unique": true, "Hash Cond": "(mc.company_type_id = ct.id), (LLVM Optimized, Jit Execute)", "Plans": [{"Node Type": "Hash Join", "Parent Relationship": "Outer", "Join Type": "Inner", "Startup Cost": 122219.16, "Total Cost": 191104.8, "Plan Rows": 1055184, "Plan Width": 49, "Actual Startup Time": 2326.995, "Actual Total Time": 3223.784, "Actual Rows": 78, "Actual Loops": 1, "Inner Unique": false, "Hash Cond": "(mc.movie_id = t.id), (LLVM Optimized, Jit Execute)", "Plans": [{"Node Type": "Seq Scan", "Parent Relationship": "Outer", "Relation Name": "movie_companies", "Alias": "mc", "Startup Cost": 0.0, "Total Cost": 48340.1, "Plan Rows": 2609035, "Plan Width": 32, "Actual Startup Time": 0.026, "Actual Total Time": 941.786, "Actual Rows": 1337087, "Actual Loops": 1, "Filter": "((note)::text !~~ '%(as Metro-Goldwyn-Mayer Pictures)%'::text), (LLVM Optimized, Jit Execute)", "Rows Removed by Filter": 1272041}, {"Node Type": "Hash", "Parent Relationship": "Inner", "Startup Cost": 116621.17, "Total Cost": 116621.17, "Plan Rows": 447839, "Plan Width": 29, "Actual Startup Time": 2012.885, "Actual Total Time": 2012.885, "Actual Rows": 6, "Actual Loops": 1, "Hash Buckets": 524288, "Hash Batches": 1, "Original Hash Batches": 1, "Peak Memory Usage": 1, "Plans": [{"Node Type": "Hash Join", "Parent Relationship": "Outer", "Join Type": "Inner", "Startup Cost": 83665.88, "Total Cost": 116621.17, "Plan Rows": 447839, "Plan Width": 29, "Actual Startup Time": 2012.819, "Actual Total Time": 2012.87, "Actual Rows": 6, "Actual Loops": 1, "Inner Unique": true, "Hash Cond": "(mi_idx.movie_id = t.id), (LLVM Optimized, Jit Execute)", "Plans": [{"Node Type": "Hash Join", "Parent Relationship": "Outer", "Join Type": "Inner", "Startup Cost": 2.41, "Total Cost": 27185.54, "Plan Rows": 345008, "Plan Width": 4, "Actual Startup Time": 534.697, "Actual Total Time": 534.72, "Actual Rows": 10, "Actual Loops": 1, "Inner Unique": true, "Hash Cond": "(mi_idx.info_type_id = it.id), (LLVM Optimized, Jit Execute)", "Plans": [{"Node Type": "Seq Scan", "Parent Relationship": "Outer", "Relation Name": "movie_info_idx", "Alias": "mi_idx", "Startup Cost": 0.0, "Total Cost": 20274.34, "Plan Rows": 1380034, "Plan Width": 8, "Actual Startup Time": 0.03, "Actual Total Time": 303.004, "Actual Rows": 1380034, "Actual Loops": 1}, {"Node Type": "Hash", "Parent Relationship": "Inner", "Startup Cost": 2.4, "Total Cost": 2.4, "Plan Rows": 1, "Plan Width": 4, "Actual Startup Time": 0.046, "Actual Total Time": 0.046, "Actual Rows": 1, "Actual Loops": 1, "Hash Buckets": 32768, "Hash Batches": 1, "Original Hash Batches": 1, "Peak Memory Usage": 1, "Plans": [{"Node Type": "Seq Scan", "Parent Relationship": "Outer", "Relation Name": "info_type", "Alias": "it", "Startup Cost": 0.0, "Total Cost": 2.4, "Plan Rows": 1, "Plan Width": 4, "Actual Startup Time": 0.042, "Actual Total Time": 0.044, "Actual Rows": 1, "Actual Loops": 1, "Filter": "((info)::text = 'bottom 10 rank'::text)", "Rows Removed by Filter": 111}]}]}, {"Node Type": "Hash", "Parent Relationship": "Inner", "Startup Cost": 66389.89, "Total Cost": 66389.89, "Plan Rows": 1381886, "Plan Width": 25, "Actual Startup Time": 1476.669, "Actual Total Time": 1476.669, "Actual Rows": 1381453, "Actual Loops": 1, "Hash Buckets": 2097152, "Hash Batches": 1, "Original Hash Batches": 1, "Peak Memory Usage": 79393, "Plans": [{"Node Type": "Seq Scan", "Parent Relationship": "Outer", "Relation Name": "title", "Alias": "t", "Startup Cost": 0.0, "Total Cost": 66389.89, "Plan Rows": 1381886, "Plan Width": 25, "Actual Startup Time": 0.071, "Actual Total Time": 926.834, "Actual Rows": 1381453, "Actual Loops": 1, "Filter": "(production_year > 2000), (LLVM Optimized, Jit Execute)", "Rows Removed by Filter": 1146858}]}]}]}]}, {"Node Type": "Hash", "Parent Relationship": "Inner", "Startup Cost": 1.04, "Total Cost": 1.04, "Plan Rows": 1, "Plan Width": 4, "Actual Startup Time": 0.044, "Actual Total Time": 0.044, "Actual Rows": 1, "Actual Loops": 1, "Hash Buckets": 32768, "Hash Batches": 1, "Original Hash Batches": 1, "Peak Memory Usage": 1, "Plans": [{"Node Type": "Seq Scan", "Parent Relationship": "Outer", "Relation Name": "company_type", "Alias": "ct", "Startup Cost": 0.0, "Total Cost": 1.04, "Plan Rows": 1, "Plan Width": 4, "Actual Startup Time": 0.025, "Actual Total Time": 0.028, "Actual Rows": 1, "Actual Loops": 1, "Filter": "((kind)::text = 'production companies'::text)", "Rows Removed by Filter": 2}]}]}]}, "Triggers": [], "Planner Runtime": 4, "Total Runtime": 3234.758, "Unique SQL Id": 2492542741}}, "(1, 79)": {"explain_plan": {"Plan": {"Node Type": "Aggregate", "Strategy": "Plain", "Startup Cost": 4997226344145.53, "Total Cost": 4997226344145.54, "Plan Rows": 1, "Plan Width": 113, "Plans": [{"Node Type": "Hash Join", "Parent Relationship": "Outer", "Join Type": "Inner", "Startup Cost": 2030027234286.38, "Total Cost": 4997226339266.34, "Plan Rows": 650559, "Plan Width": 45, "Inner Unique": true, "Hash Cond": "(mc.company_type_id = ct.id), (LLVM Optimized)", "Plans": [{"Node Type": "Hash Join", "Parent Relationship": "Outer", "Join Type": "Inner", "Startup Cost": 1030027233056.12, "Total Cost": 3997226329448.76, "Plan Rows": 1055184, "Plan Width": 49, "Inner Unique": true, "Hash Cond": "(mi_idx.info_type_id = it.id), (LLVM Optimized)", "Plans": [{"Node Type": "Merge Join", "Parent Relationship": "Outer", "Join Type": "Inner", "Startup Cost": 30027231635.11, "Total Cost": 2997226306897.65, "Plan Rows": 4220744, "Plan Width": 53, "Inner Unique": false, "Merge Cond": "(mi_idx.movie_id = t.id)", "Plans": [{"Node Type": "Index Scan", "Parent Relationship": "Outer", "Scan Direction": "Forward", "Index Name": "movie_id_movie_info_idx", "Relation Name": "movie_info_idx", "Alias": "mi_idx", "Startup Cost": 10000000000.0, "Total Cost": 1000004650035.37, "Plan Rows": 1380034, "Plan Width": 8}, {"Node Type": "Materialize", "Parent Relationship": "Inner", "Startup Cost": 20021492619.09, "Total Cost": 1999076868999.12, "Plan Rows": 3320699, "Plan Width": 57, "Plans": [{"Node Type": "Merge Join", "Parent Relationship": "Outer", "Join Type": "Inner", "Startup Cost": 20021492619.09, "Total Cost": 1999076860697.37, "Plan Rows": 3320699, "Plan Width": 57, "Inner Unique": false, "Merge Cond": "(t.id = mc.movie_id)", "Plans": [{"Node Type": "Index Scan", "Parent Relationship": "Outer", "Scan Direction": "Forward", "Index Name": "title_pkey", "Relation Name": "title", "Alias": "t", "Startup Cost": 10000000000.0, "Total Cost": 1000011644126.66, "Plan Rows": 1381886, "Plan Width": 25, "Filter": "(production_year > 2000), (LLVM Optimized)"}, {"Node Type": "Materialize", "Parent Relationship": "Inner", "Startup Cost": 10000000000.0, "Total Cost": 1000013710750.72, "Plan Rows": 2609035, "Plan Width": 32, "Plans": [{"Node Type": "Index Scan", "Parent Relationship": "Outer", "Scan Direction": "Forward", "Index Name": "movie_id_movie_companies", "Relation Name": "movie_companies", "Alias": "mc", "Startup Cost": 10000000000.0, "Total Cost": 1000013704228.13, "Plan Rows": 2609035, "Plan Width": 32, "Filter": "((note)::text !~~ '%(as Metro-Goldwyn-Mayer Pictures)%'::text), (LLVM Optimized)"}]}]}]}]}, {"Node Type": "Hash", "Parent Relationship": "Inner", "Startup Cost": 1000000001421.0, "Total Cost": 1000000001421.0, "Plan Rows": 1, "Plan Width": 4, "Plans": [{"Node Type": "Index Scan", "Parent Relationship": "Outer", "Scan Direction": "Forward", "Index Name": "info_type_pkey", "Relation Name": "info_type", "Alias": "it", "Startup Cost": 10000000000.0, "Total Cost": 1000000001421.0, "Plan Rows": 1, "Plan Width": 4, "Filter": "((info)::text = 'bottom 10 rank'::text)"}]}]}, {"Node Type": "Hash", "Parent Relationship": "Inner", "Startup Cost": 1000000001230.25, "Total Cost": 1000000001230.25, "Plan Rows": 1, "Plan Width": 4, "Plans": [{"Node Type": "Index Scan", "Parent Relationship": "Outer", "Scan Direction": "Forward", "Index Name": "company_type_pkey", "Relation Name": "company_type", "Alias": "ct", "Startup Cost": 10000000000.0, "Total Cost": 1000000001230.25, "Plan Rows": 1, "Plan Width": 4, "Filter": "((kind)::text = 'production companies'::text)"}]}]}]}, "Unique SQL Id": 2492542741, "Planner Runtime": 12}, "explain_analyze_plan": null}, "(1, 80)": {"explain_plan": {"Plan": {"Node Type": "Aggregate", "Strategy": "Plain", "Startup Cost": 401660.81, "Total Cost": 401660.82, "Plan Rows": 1, "Plan Width": 113, "Plans": [{"Node Type": "Merge Join", "Parent Relationship": "Outer", "Join Type": "Inner", "Startup Cost": 255410.2, "Total Cost": 396781.62, "Plan Rows": 650559, "Plan Width": 45, "Inner Unique": true, "Merge Cond": "(mc.movie_id = t.id)", "Plans": [{"Node Type": "Merge Join", "Parent Relationship": "Outer", "Join Type": "Inner", "Startup Cost": 255407.59, "Total Cost": 269241.97, "Plan Rows": 501180, "Plan Width": 32, "Inner Unique": false, "Merge Cond": "(mi_idx.movie_id = mc.movie_id)", "Plans": [{"Node Type": "Sort", "Parent Relationship": "Outer", "Startup Cost": 53475.44, "Total Cost": 54337.96, "Plan Rows": 345008, "Plan Width": 4, "Sort Key": ["mi_idx.movie_id"], "Plans": [{"Node Type": "Nested Loop", "Parent Relationship": "Outer", "Join Type": "Inner", "Startup Cost": 7502.06, "Total Cost": 21741.14, "Plan Rows": 345008, "Plan Width": 4, "Inner Unique": false, "Plans": [{"Node Type": "Seq Scan", "Parent Relationship": "Outer", "Relation Name": "info_type", "Alias": "it", "Startup Cost": 0.0, "Total Cost": 2.4, "Plan Rows": 1, "Plan Width": 4, "Filter": "((info)::text = 'bottom 10 rank'::text)"}, {"Node Type": "Bitmap Heap Scan", "Parent Relationship": "Inner", "Relation Name": "movie_info_idx", "Alias": "mi_idx", "Startup Cost": 7502.06, "Total Cost": 18288.66, "Plan Rows": 345008, "Plan Width": 8, "Recheck Cond": "(info_type_id = it.id), (LLVM Optimized)", "Plans": [{"Node Type": "Bitmap Index Scan", "Parent Relationship": "Outer", "Index Name": "info_type_id_movie_info_idx", "Startup Cost": 0.0, "Total Cost": 7415.81, "Plan Rows": 345008, "Plan Width": 0, "Index Cond": "(info_type_id = it.id)"}]}]}]}, {"Node Type": "Sort", "Parent Relationship": "Inner", "Startup Cost": 201932.12, "Total Cost": 205193.42, "Plan Rows": 1304518, "Plan Width": 28, "Sort Key": ["mc.movie_id"], "Plans": [{"Node Type": "Nested Loop", "Parent Relationship": "Outer", "Join Type": "Inner", "Startup Cost": 0.0, "Total Cost": 69425.15, "Plan Rows": 1304518, "Plan Width": 28, "Inner Unique": false, "Plans": [{"Node Type": "Seq Scan", "Parent Relationship": "Outer", "Relation Name": "company_type", "Alias": "ct", "Startup Cost": 0.0, "Total Cost": 1.04, "Plan Rows": 1, "Plan Width": 4, "Filter": "((kind)::text = 'production companies'::text)"}, {"Node Type": "Index Scan", "Parent Relationship": "Inner", "Scan Direction": "Forward", "Index Name": "company_type_id_movie_companies", "Relation Name": "movie_companies", "Alias": "mc", "Startup Cost": 0.0, "Total Cost": 56378.94, "Plan Rows": 1304517, "Plan Width": 32, "Index Cond": "(company_type_id = ct.id), (LLVM Optimized)", "Filter": "((note)::text !~~ '%(as Metro-Goldwyn-Mayer Pictures)%'::text), (LLVM Optimized)"}]}]}]}, {"Node Type": "Index Scan", "Parent Relationship": "Inner", "Scan Direction": "Forward", "Index Name": "title_pkey", "Relation Name": "title", "Alias": "t", "Startup Cost": 0.0, "Total Cost": 116441.27, "Plan Rows": 1381886, "Plan Width": 25, "Filter": "(production_year > 2000), (LLVM Optimized)"}]}]}, "Unique SQL Id": 2492542741, "Planner Runtime": 8}, "explain_analyze_plan": {"Plan": {"Node Type": "Aggregate", "Strategy": "Plain", "Startup Cost": 401660.81, "Total Cost": 401660.82, "Plan Rows": 1, "Plan Width": 113, "Actual Startup Time": 3885.108, "Actual Total Time": 3885.109, "Actual Rows": 1, "Actual Loops": 1, "Plans": [{"Node Type": "Merge Join", "Parent Relationship": "Outer", "Join Type": "Inner", "Startup Cost": 255410.2, "Total Cost": 396781.62, "Plan Rows": 650559, "Plan Width": 45, "Actual Startup Time": 3228.315, "Actual Total Time": 3885.065, "Actual Rows": 4, "Actual Loops": 1, "Inner Unique": true, "Merge Cond": "(mc.movie_id = t.id)", "Plans": [{"Node Type": "Merge Join", "Parent Relationship": "Outer", "Join Type": "Inner", "Startup Cost": 255407.59, "Total Cost": 269241.97, "Plan Rows": 501180, "Plan Width": 32, "Actual Startup Time": 815.3, "Actual Total Time": 832.821, "Actual Rows": 5, "Actual Loops": 1, "Inner Unique": false, "Merge Cond": "(mi_idx.movie_id = mc.movie_id)", "Plans": [{"Node Type": "Sort", "Parent Relationship": "Outer", "Startup Cost": 53475.44, "Total Cost": 54337.96, "Plan Rows": 345008, "Plan Width": 4, "Actual Startup Time": 0.144, "Actual Total Time": 0.15, "Actual Rows": 10, "Actual Loops": 1, "Sort Key": ["mi_idx.movie_id"], "Sort Method": "quicksort", "Sort Space Used": 25, "Sort Space Type": "Memory", "Plans": [{"Node Type": "Nested Loop", "Parent Relationship": "Outer", "Join Type": "Inner", "Startup Cost": 7502.06, "Total Cost": 21741.14, "Plan Rows": 345008, "Plan Width": 4, "Actual Startup Time": 0.111, "Actual Total Time": 0.119, "Actual Rows": 10, "Actual Loops": 1, "Inner Unique": false, "Plans": [{"Node Type": "Seq Scan", "Parent Relationship": "Outer", "Relation Name": "info_type", "Alias": "it", "Startup Cost": 0.0, "Total Cost": 2.4, "Plan Rows": 1, "Plan Width": 4, "Actual Startup Time": 0.062, "Actual Total Time": 0.066, "Actual Rows": 1, "Actual Loops": 1, "Filter": "((info)::text = 'bottom 10 rank'::text)", "Rows Removed by Filter": 111}, {"Node Type": "Bitmap Heap Scan", "Parent Relationship": "Inner", "Relation Name": "movie_info_idx", "Alias": "mi_idx", "Startup Cost": 7502.06, "Total Cost": 18288.66, "Plan Rows": 345008, "Plan Width": 8, "Actual Startup Time": 0.04, "Actual Total Time": 0.041, "Actual Rows": 10, "Actual Loops": 1, "Recheck Cond": "(info_type_id = it.id), (LLVM Optimized, Jit Execute)", "Rows Removed by Index Recheck": 0, "Exact Heap Blocks": 1, "Lossy Heap Blocks": 1, "Plans": [{"Node Type": "Bitmap Index Scan", "Parent Relationship": "Outer", "Index Name": "info_type_id_movie_info_idx", "Startup Cost": 0.0, "Total Cost": 7415.81, "Plan Rows": 345008, "Plan Width": 0, "Actual Startup Time": 0.015, "Actual Total Time": 0.015, "Actual Rows": 10, "Actual Loops": 1, "Index Cond": "(info_type_id = it.id)"}]}]}]}, {"Node Type": "Sort", "Parent Relationship": "Inner", "Startup Cost": 201932.12, "Total Cost": 205193.42, "Plan Rows": 1304518, "Plan Width": 28, "Actual Startup Time": 797.6, "Actual Total Time": 812.001, "Actual Rows": 132371, "Actual Loops": 1, "Sort Key": ["mc.movie_id"], "Sort Method": "quicksort", "Sort Space Used": 20170, "Sort Space Type": "Memory", "Plans": [{"Node Type": "Nested Loop", "Parent Relationship": "Outer", "Join Type": "Inner", "Startup Cost": 0.0, "Total Cost": 69425.15, "Plan Rows": 1304518, "Plan Width": 28, "Actual Startup Time": 0.087, "Actual Total Time": 741.399, "Actual Rows": 140904, "Actual Loops": 1, "Inner Unique": false, "Plans": [{"Node Type": "Seq Scan", "Parent Relationship": "Outer", "Relation Name": "company_type", "Alias": "ct", "Startup Cost": 0.0, "Total Cost": 1.04, "Plan Rows": 1, "Plan Width": 4, "Actual Startup Time": 0.008, "Actual Total Time": 0.018, "Actual Rows": 1, "Actual Loops": 1, "Filter": "((kind)::text = 'production companies'::text)", "Rows Removed by Filter": 2}, {"Node Type": "Index Scan", "Parent Relationship": "Inner", "Scan Direction": "Forward", "Index Name": "company_type_id_movie_companies", "Relation Name": "movie_companies", "Alias": "mc", "Startup Cost": 0.0, "Total Cost": 56378.94, "Plan Rows": 1304517, "Plan Width": 32, "Actual Startup Time": 0.077, "Actual Total Time": 712.664, "Actual Rows": 140904, "Actual Loops": 1, "Index Cond": "(company_type_id = ct.id), (LLVM Optimized, Jit Execute)", "Rows Removed by Index Recheck": 0, "Filter": "((note)::text !~~ '%(as Metro-Goldwyn-Mayer Pictures)%'::text), (LLVM Optimized, Jit Execute)", "Rows Removed by Filter": 1193979}]}]}]}, {"Node Type": "Index Scan", "Parent Relationship": "Inner", "Scan Direction": "Forward", "Index Name": "title_pkey", "Relation Name": "title", "Alias": "t", "Startup Cost": 0.0, "Total Cost": 116441.27, "Plan Rows": 1381886, "Plan Width": 25, "Actual Startup Time": 0.048, "Actual Total Time": 2867.264, "Actual Rows": 1289090, "Actual Loops": 1, "Filter": "(production_year > 2000), (LLVM Optimized, Jit Execute)", "Rows Removed by Filter": 1033479}]}]}, "Triggers": [], "Planner Runtime": 8, "Total Runtime": 3895.902, "Unique SQL Id": 2492542741}}, "(1, 81)": {"explain_plan": {"Plan": {"Node Type": "Aggregate", "Strategy": "Plain", "Startup Cost": 401683.89, "Total Cost": 401683.9, "Plan Rows": 1, "Plan Width": 113, "Plans": [{"Node Type": "Merge Join", "Parent Relationship": "Outer", "Join Type": "Inner", "Startup Cost": 255433.27, "Total Cost": 396804.69, "Plan Rows": 650559, "Plan Width": 45, "Inner Unique": true, "Merge Cond": "(mc.movie_id = t.id)", "Plans": [{"Node Type": "Merge Join", "Parent Relationship": "Outer", "Join Type": "Inner", "Startup Cost": 255430.67, "Total Cost": 269265.04, "Plan Rows": 501180, "Plan Width": 32, "Inner Unique": false, "Merge Cond": "(mi_idx.movie_id = mc.movie_id)", "Plans": [{"Node Type": "Sort", "Parent Relationship": "Outer", "Startup Cost": 53487.25, "Total Cost": 54349.77, "Plan Rows": 345008, "Plan Width": 4, "Sort Key": ["mi_idx.movie_id"], "Plans": [{"Node Type": "Nested Loop", "Parent Relationship": "Outer", "Join Type": "Inner", "Startup Cost": 7502.06, "Total Cost": 21752.95, "Plan Rows": 345008, "Plan Width": 4, "Inner Unique": false, "Plans": [{"Node Type": "Index Scan", "Parent Relationship": "Outer", "Scan Direction": "Forward", "Index Name": "info_type_pkey", "Relation Name": "info_type", "Alias": "it", "Startup Cost": 0.0, "Total Cost": 14.21, "Plan Rows": 1, "Plan Width": 4, "Filter": "((info)::text = 'bottom 10 rank'::text)"}, {"Node Type": "Bitmap Heap Scan", "Parent Relationship": "Inner", "Relation Name": "movie_info_idx", "Alias": "mi_idx", "Startup Cost": 7502.06, "Total Cost": 18288.66, "Plan Rows": 345008, "Plan Width": 8, "Recheck Cond": "(info_type_id = it.id), (LLVM Optimized)", "Plans": [{"Node Type": "Bitmap Index Scan", "Parent Relationship": "Outer", "Index Name": "info_type_id_movie_info_idx", "Startup Cost": 0.0, "Total Cost": 7415.81, "Plan Rows": 345008, "Plan Width": 0, "Index Cond": "(info_type_id = it.id)"}]}]}]}, {"Node Type": "Sort", "Parent Relationship": "Inner", "Startup Cost": 201943.39, "Total Cost": 205204.68, "Plan Rows": 1304518, "Plan Width": 28, "Sort Key": ["mc.movie_id"], "Plans": [{"Node Type": "Nested Loop", "Parent Relationship": "Outer", "Join Type": "Inner", "Startup Cost": 0.0, "Total Cost": 69436.41, "Plan Rows": 1304518, "Plan Width": 28, "Inner Unique": false, "Plans": [{"Node Type": "Index Scan", "Parent Relationship": "Outer", "Scan Direction": "Forward", "Index Name": "company_type_pkey", "Relation Name": "company_type", "Alias": "ct", "Startup Cost": 0.0, "Total Cost": 12.3, "Plan Rows": 1, "Plan Width": 4, "Filter": "((kind)::text = 'production companies'::text)"}, {"Node Type": "Index Scan", "Parent Relationship": "Inner", "Scan Direction": "Forward", "Index Name": "company_type_id_movie_companies", "Relation Name": "movie_companies", "Alias": "mc", "Startup Cost": 0.0, "Total Cost": 56378.94, "Plan Rows": 1304517, "Plan Width": 32, "Index Cond": "(company_type_id = ct.id), (LLVM Optimized)", "Filter": "((note)::text !~~ '%(as Metro-Goldwyn-Mayer Pictures)%'::text), (LLVM Optimized)"}]}]}]}, {"Node Type": "Index Scan", "Parent Relationship": "Inner", "Scan Direction": "Forward", "Index Name": "title_pkey", "Relation Name": "title", "Alias": "t", "Startup Cost": 0.0, "Total Cost": 116441.27, "Plan Rows": 1381886, "Plan Width": 25, "Filter": "(production_year > 2000), (LLVM Optimized)"}]}]}, "Unique SQL Id": 2492542741, "Planner Runtime": 7}, "explain_analyze_plan": {"Plan": {"Node Type": "Aggregate", "Strategy": "Plain", "Startup Cost": 401683.89, "Total Cost": 401683.9, "Plan Rows": 1, "Plan Width": 113, "Actual Startup Time": 3837.773, "Actual Total Time": 3837.773, "Actual Rows": 1, "Actual Loops": 1, "Plans": [{"Node Type": "Merge Join", "Parent Relationship": "Outer", "Join Type": "Inner", "Startup Cost": 255433.27, "Total Cost": 396804.69, "Plan Rows": 650559, "Plan Width": 45, "Actual Startup Time": 3170.645, "Actual Total Time": 3837.727, "Actual Rows": 4, "Actual Loops": 1, "Inner Unique": true, "Merge Cond": "(mc.movie_id = t.id)", "Plans": [{"Node Type": "Merge Join", "Parent Relationship": "Outer", "Join Type": "Inner", "Startup Cost": 255430.67, "Total Cost": 269265.04, "Plan Rows": 501180, "Plan Width": 32, "Actual Startup Time": 855.308, "Actual Total Time": 872.321, "Actual Rows": 5, "Actual Loops": 1, "Inner Unique": false, "Merge Cond": "(mi_idx.movie_id = mc.movie_id)", "Plans": [{"Node Type": "Sort", "Parent Relationship": "Outer", "Startup Cost": 53487.25, "Total Cost": 54349.77, "Plan Rows": 345008, "Plan Width": 4, "Actual Startup Time": 0.129, "Actual Total Time": 0.134, "Actual Rows": 10, "Actual Loops": 1, "Sort Key": ["mi_idx.movie_id"], "Sort Method": "quicksort", "Sort Space Used": 25, "Sort Space Type": "Memory", "Plans": [{"Node Type": "Nested Loop", "Parent Relationship": "Outer", "Join Type": "Inner", "Startup Cost": 7502.06, "Total Cost": 21752.95, "Plan Rows": 345008, "Plan Width": 4, "Actual Startup Time": 0.108, "Actual Total Time": 0.112, "Actual Rows": 10, "Actual Loops": 1, "Inner Unique": false, "Plans": [{"Node Type": "Index Scan", "Parent Relationship": "Outer", "Scan Direction": "Forward", "Index Name": "info_type_pkey", "Relation Name": "info_type", "Alias": "it", "Startup Cost": 0.0, "Total Cost": 14.21, "Plan Rows": 1, "Plan Width": 4, "Actual Startup Time": 0.071, "Actual Total Time": 0.072, "Actual Rows": 1, "Actual Loops": 1, "Filter": "((info)::text = 'bottom 10 rank'::text)", "Rows Removed by Filter": 111}, {"Node Type": "Bitmap Heap Scan", "Parent Relationship": "Inner", "Relation Name": "movie_info_idx", "Alias": "mi_idx", "Startup Cost": 7502.06, "Total Cost": 18288.66, "Plan Rows": 345008, "Plan Width": 8, "Actual Startup Time": 0.032, "Actual Total Time": 0.032, "Actual Rows": 10, "Actual Loops": 1, "Recheck Cond": "(info_type_id = it.id), (LLVM Optimized, Jit Execute)", "Rows Removed by Index Recheck": 0, "Exact Heap Blocks": 1, "Lossy Heap Blocks": 1, "Plans": [{"Node Type": "Bitmap Index Scan", "Parent Relationship": "Outer", "Index Name": "info_type_id_movie_info_idx", "Startup Cost": 0.0, "Total Cost": 7415.81, "Plan Rows": 345008, "Plan Width": 0, "Actual Startup Time": 0.016, "Actual Total Time": 0.016, "Actual Rows": 10, "Actual Loops": 1, "Index Cond": "(info_type_id = it.id)"}]}]}]}, {"Node Type": "Sort", "Parent Relationship": "Inner", "Startup Cost": 201943.39, "Total Cost": 205204.68, "Plan Rows": 1304518, "Plan Width": 28, "Actual Startup Time": 838.679, "Actual Total Time": 851.654, "Actual Rows": 132371, "Actual Loops": 1, "Sort Key": ["mc.movie_id"], "Sort Method": "quicksort", "Sort Space Used": 20170, "Sort Space Type": "Memory", "Plans": [{"Node Type": "Nested Loop", "Parent Relationship": "Outer", "Join Type": "Inner", "Startup Cost": 0.0, "Total Cost": 69436.41, "Plan Rows": 1304518, "Plan Width": 28, "Actual Startup Time": 0.106, "Actual Total Time": 782.341, "Actual Rows": 140904, "Actual Loops": 1, "Inner Unique": false, "Plans": [{"Node Type": "Index Scan", "Parent Relationship": "Outer", "Scan Direction": "Forward", "Index Name": "company_type_pkey", "Relation Name": "company_type", "Alias": "ct", "Startup Cost": 0.0, "Total Cost": 12.3, "Plan Rows": 1, "Plan Width": 4, "Actual Startup Time": 0.006, "Actual Total Time": 0.017, "Actual Rows": 1, "Actual Loops": 1, "Filter": "((kind)::text = 'production companies'::text)", "Rows Removed by Filter": 2}, {"Node Type": "Index Scan", "Parent Relationship": "Inner", "Scan Direction": "Forward", "Index Name": "company_type_id_movie_companies", "Relation Name": "movie_companies", "Alias": "mc", "Startup Cost": 0.0, "Total Cost": 56378.94, "Plan Rows": 1304517, "Plan Width": 32, "Actual Startup Time": 0.097, "Actual Total Time": 753.462, "Actual Rows": 140904, "Actual Loops": 1, "Index Cond": "(company_type_id = ct.id), (LLVM Optimized, Jit Execute)", "Rows Removed by Index Recheck": 0, "Filter": "((note)::text !~~ '%(as Metro-Goldwyn-Mayer Pictures)%'::text), (LLVM Optimized, Jit Execute)", "Rows Removed by Filter": 1193979}]}]}]}, {"Node Type": "Index Scan", "Parent Relationship": "Inner", "Scan Direction": "Forward", "Index Name": "title_pkey", "Relation Name": "title", "Alias": "t", "Startup Cost": 0.0, "Total Cost": 116441.27, "Plan Rows": 1381886, "Plan Width": 25, "Actual Startup Time": 0.046, "Actual Total Time": 2781.723, "Actual Rows": 1289090, "Actual Loops": 1, "Filter": "(production_year > 2000), (LLVM Optimized, Jit Execute)", "Rows Removed by Filter": 1033479}]}]}, "Triggers": [], "Planner Runtime": 7, "Total Runtime": 3848.027, "Unique SQL Id": 2492542741}}, "(1, 82)": {"explain_plan": {"Plan": {"Node Type": "Aggregate", "Strategy": "Plain", "Startup Cost": 504298.51, "Total Cost": 504298.52, "Plan Rows": 1, "Plan Width": 113, "Plans": [{"Node Type": "Merge Join", "Parent Relationship": "Outer", "Join Type": "Inner", "Startup Cost": 470923.75, "Total Cost": 499419.32, "Plan Rows": 650559, "Plan Width": 45, "Inner Unique": true, "Merge Cond": "(mc.movie_id = t.id)", "Plans": [{"Node Type": "Merge Join", "Parent Relationship": "Outer", "Join Type": "Inner", "Startup Cost": 263593.72, "Total Cost": 277428.1, "Plan Rows": 501180, "Plan Width": 32, "Inner Unique": false, "Merge Cond": "(mi_idx.movie_id = mc.movie_id)", "Plans": [{"Node Type": "Sort", "Parent Relationship": "Outer", "Startup Cost": 53475.44, "Total Cost": 54337.96, "Plan Rows": 345008, "Plan Width": 4, "Sort Key": ["mi_idx.movie_id"], "Plans": [{"Node Type": "Nested Loop", "Parent Relationship": "Outer", "Join Type": "Inner", "Startup Cost": 7502.06, "Total Cost": 21741.14, "Plan Rows": 345008, "Plan Width": 4, "Inner Unique": false, "Plans": [{"Node Type": "Seq Scan", "Parent Relationship": "Outer", "Relation Name": "info_type", "Alias": "it", "Startup Cost": 0.0, "Total Cost": 2.4, "Plan Rows": 1, "Plan Width": 4, "Filter": "((info)::text = 'bottom 10 rank'::text)"}, {"Node Type": "Bitmap Heap Scan", "Parent Relationship": "Inner", "Relation Name": "movie_info_idx", "Alias": "mi_idx", "Startup Cost": 7502.06, "Total Cost": 18288.66, "Plan Rows": 345008, "Plan Width": 8, "Recheck Cond": "(info_type_id = it.id), (LLVM Optimized)", "Plans": [{"Node Type": "Bitmap Index Scan", "Parent Relationship": "Outer", "Index Name": "info_type_id_movie_info_idx", "Startup Cost": 0.0, "Total Cost": 7415.81, "Plan Rows": 345008, "Plan Width": 0, "Index Cond": "(info_type_id = it.id)"}]}]}]}, {"Node Type": "Sort", "Parent Relationship": "Inner", "Startup Cost": 210118.25, "Total Cost": 213379.54, "Plan Rows": 1304518, "Plan Width": 28, "Sort Key": ["mc.movie_id"], "Plans": [{"Node Type": "Nested Loop", "Parent Relationship": "Outer", "Join Type": "Inner", "Startup Cost": 29270.61, "Total Cost": 77611.28, "Plan Rows": 1304518, "Plan Width": 28, "Inner Unique": false, "Plans": [{"Node Type": "Seq Scan", "Parent Relationship": "Outer", "Relation Name": "company_type", "Alias": "ct", "Startup Cost": 0.0, "Total Cost": 1.04, "Plan Rows": 1, "Plan Width": 4, "Filter": "((kind)::text = 'production companies'::text)"}, {"Node Type": "Bitmap Heap Scan", "Parent Relationship": "Inner", "Relation Name": "movie_companies", "Alias": "mc", "Startup Cost": 29270.61, "Total Cost": 64565.07, "Plan Rows": 1304517, "Plan Width": 32, "Recheck Cond": "(company_type_id = ct.id), (LLVM Optimized)", "Filter": "((note)::text !~~ '%(as Metro-Goldwyn-Mayer Pictures)%'::text), (LLVM Optimized)", "Plans": [{"Node Type": "Bitmap Index Scan", "Parent Relationship": "Outer", "Index Name": "company_type_id_movie_companies", "Startup Cost": 0.0, "Total Cost": 28944.48, "Plan Rows": 1304564, "Plan Width": 0, "Index Cond": "(company_type_id = ct.id)"}]}]}]}]}, {"Node Type": "Sort", "Parent Relationship": "Inner", "Startup Cost": 207329.87, "Total Cost": 210784.59, "Plan Rows": 1381886, "Plan Width": 25, "Sort Key": ["t.id"], "Plans": [{"Node Type": "Seq Scan", "Parent Relationship": "Outer", "Relation Name": "title", "Alias": "t", "Startup Cost": 0.0, "Total Cost": 66389.89, "Plan Rows": 1381886, "Plan Width": 25, "Filter": "(production_year > 2000), (LLVM Optimized)"}]}]}]}, "Unique SQL Id": 2492542741, "Planner Runtime": 6}, "explain_analyze_plan": {"Plan": {"Node Type": "Aggregate", "Strategy": "Plain", "Startup Cost": 504298.51, "Total Cost": 504298.52, "Plan Rows": 1, "Plan Width": 113, "Actual Startup Time": 2605.647, "Actual Total Time": 2605.648, "Actual Rows": 1, "Actual Loops": 1, "Plans": [{"Node Type": "Merge Join", "Parent Relationship": "Outer", "Join Type": "Inner", "Startup Cost": 470923.75, "Total Cost": 499419.32, "Plan Rows": 650559, "Plan Width": 45, "Actual Startup Time": 2519.184, "Actual Total Time": 2605.597, "Actual Rows": 4, "Actual Loops": 1, "Inner Unique": true, "Merge Cond": "(mc.movie_id = t.id)", "Plans": [{"Node Type": "Merge Join", "Parent Relationship": "Outer", "Join Type": "Inner", "Startup Cost": 263593.72, "Total Cost": 277428.1, "Plan Rows": 501180, "Plan Width": 32, "Actual Startup Time": 707.633, "Actual Total Time": 723.871, "Actual Rows": 5, "Actual Loops": 1, "Inner Unique": false, "Merge Cond": "(mi_idx.movie_id = mc.movie_id)", "Plans": [{"Node Type": "Sort", "Parent Relationship": "Outer", "Startup Cost": 53475.44, "Total Cost": 54337.96, "Plan Rows": 345008, "Plan Width": 4, "Actual Startup Time": 0.167, "Actual Total Time": 0.172, "Actual Rows": 10, "Actual Loops": 1, "Sort Key": ["mi_idx.movie_id"], "Sort Method": "quicksort", "Sort Space Used": 25, "Sort Space Type": "Memory", "Plans": [{"Node Type": "Nested Loop", "Parent Relationship": "Outer", "Join Type": "Inner", "Startup Cost": 7502.06, "Total Cost": 21741.14, "Plan Rows": 345008, "Plan Width": 4, "Actual Startup Time": 0.134, "Actual Total Time": 0.142, "Actual Rows": 10, "Actual Loops": 1, "Inner Unique": false, "Plans": [{"Node Type": "Seq Scan", "Parent Relationship": "Outer", "Relation Name": "info_type", "Alias": "it", "Startup Cost": 0.0, "Total Cost": 2.4, "Plan Rows": 1, "Plan Width": 4, "Actual Startup Time": 0.075, "Actual Total Time": 0.079, "Actual Rows": 1, "Actual Loops": 1, "Filter": "((info)::text = 'bottom 10 rank'::text)", "Rows Removed by Filter": 111}, {"Node Type": "Bitmap Heap Scan", "Parent Relationship": "Inner", "Relation Name": "movie_info_idx", "Alias": "mi_idx", "Startup Cost": 7502.06, "Total Cost": 18288.66, "Plan Rows": 345008, "Plan Width": 8, "Actual Startup Time": 0.049, "Actual Total Time": 0.05, "Actual Rows": 10, "Actual Loops": 1, "Recheck Cond": "(info_type_id = it.id), (LLVM Optimized, Jit Execute)", "Rows Removed by Index Recheck": 0, "Exact Heap Blocks": 1, "Lossy Heap Blocks": 1, "Plans": [{"Node Type": "Bitmap Index Scan", "Parent Relationship": "Outer", "Index Name": "info_type_id_movie_info_idx", "Startup Cost": 0.0, "Total Cost": 7415.81, "Plan Rows": 345008, "Plan Width": 0, "Actual Startup Time": 0.025, "Actual Total Time": 0.025, "Actual Rows": 10, "Actual Loops": 1, "Index Cond": "(info_type_id = it.id)"}]}]}]}, {"Node Type": "Sort", "Parent Relationship": "Inner", "Startup Cost": 210118.25, "Total Cost": 213379.54, "Plan Rows": 1304518, "Plan Width": 28, "Actual Startup Time": 691.4, "Actual Total Time": 703.381, "Actual Rows": 132371, "Actual Loops": 1, "Sort Key": ["mc.movie_id"], "Sort Method": "quicksort", "Sort Space Used": 20170, "Sort Space Type": "Memory", "Plans": [{"Node Type": "Nested Loop", "Parent Relationship": "Outer", "Join Type": "Inner", "Startup Cost": 29270.61, "Total Cost": 77611.28, "Plan Rows": 1304518, "Plan Width": 28, "Actual Startup Time": 184.538, "Actual Total Time": 640.311, "Actual Rows": 140904, "Actual Loops": 1, "Inner Unique": false, "Plans": [{"Node Type": "Seq Scan", "Parent Relationship": "Outer", "Relation Name": "company_type", "Alias": "ct", "Startup Cost": 0.0, "Total Cost": 1.04, "Plan Rows": 1, "Plan Width": 4, "Actual Startup Time": 0.011, "Actual Total Time": 0.02, "Actual Rows": 1, "Actual Loops": 1, "Filter": "((kind)::text = 'production companies'::text)", "Rows Removed by Filter": 2}, {"Node Type": "Bitmap Heap Scan", "Parent Relationship": "Inner", "Relation Name": "movie_companies", "Alias": "mc", "Startup Cost": 29270.61, "Total Cost": 64565.07, "Plan Rows": 1304517, "Plan Width": 32, "Actual Startup Time": 184.521, "Actual Total Time": 612.577, "Actual Rows": 140904, "Actual Loops": 1, "Recheck Cond": "(company_type_id = ct.id), (LLVM Optimized, Jit Execute)", "Rows Removed by Index Recheck": 0, "Filter": "((note)::text !~~ '%(as Metro-Goldwyn-Mayer Pictures)%'::text), (LLVM Optimized, Jit Execute)", "Rows Removed by Filter": 1193979, "Exact Heap Blocks": 6196, "Lossy Heap Blocks": 6196, "Plans": [{"Node Type": "Bitmap Index Scan", "Parent Relationship": "Outer", "Index Name": "company_type_id_movie_companies", "Startup Cost": 0.0, "Total Cost": 28944.48, "Plan Rows": 1304564, "Plan Width": 0, "Actual Startup Time": 183.243, "Actual Total Time": 183.243, "Actual Rows": 1334883, "Actual Loops": 1, "Index Cond": "(company_type_id = ct.id)"}]}]}]}]}, {"Node Type": "Sort", "Parent Relationship": "Inner", "Startup Cost": 207329.87, "Total Cost": 210784.59, "Plan Rows": 1381886, "Plan Width": 25, "Actual Startup Time": 1441.527, "Actual Total Time": 1674.451, "Actual Rows": 1289090, "Actual Loops": 1, "Sort Key": ["t.id"], "Sort Method": "quicksort", "Sort Space Used": 186407, "Sort Space Type": "Memory", "Plans": [{"Node Type": "Seq Scan", "Parent Relationship": "Outer", "Relation Name": "title", "Alias": "t", "Startup Cost": 0.0, "Total Cost": 66389.89, "Plan Rows": 1381886, "Plan Width": 25, "Actual Startup Time": 0.056, "Actual Total Time": 850.22, "Actual Rows": 1381453, "Actual Loops": 1, "Filter": "(production_year > 2000), (LLVM Optimized, Jit Execute)", "Rows Removed by Filter": 1146858}]}]}]}, "Triggers": [], "Planner Runtime": 5, "Total Runtime": 2617.608, "Unique SQL Id": 2492542741}}, "(1, 83)": {"explain_plan": {"Plan": {"Node Type": "Aggregate", "Strategy": "Plain", "Startup Cost": 1000017767760.86, "Total Cost": 1000017767760.87, "Plan Rows": 1, "Plan Width": 113, "Plans": [{"Node Type": "Nested Loop", "Parent Relationship": "Outer", "Join Type": "Inner", "Startup Cost": 10000000001.08, "Total Cost": 1000017762976.72, "Plan Rows": 637886, "Plan Width": 45, "Inner Unique": true, "Plans": [{"Node Type": "Nested Loop", "Parent Relationship": "Outer", "Join Type": "Inner", "Startup Cost": 10000000000.81, "Total Cost": 1000015609438.29, "Plan Rows": 501180, "Plan Width": 32, "Inner Unique": true, "Plans": [{"Node Type": "Nested Loop", "Parent Relationship": "Outer", "Join Type": "Inner", "Startup Cost": 10000000000.55, "Total Cost": 1000012058838.99, "Plan Rows": 829046, "Plan Width": 36, "Inner Unique": false, "Plans": [{"Node Type": "Nested Loop", "Parent Relationship": "Outer", "Join Type": "Inner", "Startup Cost": 10000000000.26, "Total Cost": 1000010560383.98, "Plan Rows": 345008, "Plan Width": 4, "Inner Unique": true, "Plans": [{"Node Type": "Index Scan", "Parent Relationship": "Outer", "Scan Direction": "Forward", "Index Name": "movie_id_movie_info_idx", "Relation Name": "movie_info_idx", "Alias": "mi_idx", "Startup Cost": 10000000000.0, "Total Cost": 1000004650035.37, "Plan Rows": 1380034, "Plan Width": 8}, {"Node Type": "Bitmap Heap Scan", "Parent Relationship": "Inner", "Relation Name": "info_type", "Alias": "it", "Startup Cost": 0.26, "Total Cost": 4.27, "Plan Rows": 1, "Plan Width": 4, "Recheck Cond": "(id = mi_idx.info_type_id)", "Filter": "((info)::text = 'bottom 10 rank'::text)", "Plans": [{"Node Type": "Bitmap Index Scan", "Parent Relationship": "Outer", "Index Name": "info_type_pkey", "Startup Cost": 0.0, "Total Cost": 0.26, "Plan Rows": 1, "Plan Width": 0, "Index Cond": "(id = mi_idx.info_type_id)"}]}]}, {"Node Type": "Bitmap Heap Scan", "Parent Relationship": "Inner", "Relation Name": "movie_companies", "Alias": "mc", "Startup Cost": 0.29, "Total Cost": 4.32, "Plan Rows": 2, "Plan Width": 32, "Recheck Cond": "(movie_id = mi_idx.movie_id)", "Filter": "((note)::text !~~ '%(as Metro-Goldwyn-Mayer Pictures)%'::text)", "Plans": [{"Node Type": "Bitmap Index Scan", "Parent Relationship": "Outer", "Index Name": "movie_id_movie_companies", "Startup Cost": 0.0, "Total Cost": 0.29, "Plan Rows": 2, "Plan Width": 0, "Index Cond": "(movie_id = mi_idx.movie_id)"}]}]}, {"Node Type": "Bitmap Heap Scan", "Parent Relationship": "Inner", "Relation Name": "company_type", "Alias": "ct", "Startup Cost": 0.26, "Total Cost": 4.27, "Plan Rows": 1, "Plan Width": 4, "Recheck Cond": "(id = mc.company_type_id)", "Filter": "((kind)::text = 'production companies'::text)", "Plans": [{"Node Type": "Bitmap Index Scan", "Parent Relationship": "Outer", "Index Name": "company_type_pkey", "Startup Cost": 0.0, "Total Cost": 0.26, "Plan Rows": 1, "Plan Width": 0, "Index Cond": "(id = mc.company_type_id)"}]}]}, {"Node Type": "Bitmap Heap Scan", "Parent Relationship": "Inner", "Relation Name": "title", "Alias": "t", "Startup Cost": 0.27, "Total Cost": 4.29, "Plan Rows": 1, "Plan Width": 25, "Recheck Cond": "(id = mc.movie_id)", "Filter": "(production_year > 2000)", "Plans": [{"Node Type": "Bitmap Index Scan", "Parent Relationship": "Outer", "Index Name": "title_pkey", "Startup Cost": 0.0, "Total Cost": 0.27, "Plan Rows": 1, "Plan Width": 0, "Index Cond": "(id = mc.movie_id)"}]}]}]}, "Unique SQL Id": 2492542741, "Planner Runtime": 4}, "explain_analyze_plan": null}, "(1, 84)": {"explain_plan": {"Plan": {"Node Type": "Aggregate", "Strategy": "Plain", "Startup Cost": 401660.81, "Total Cost": 401660.82, "Plan Rows": 1, "Plan Width": 113, "Plans": [{"Node Type": "Merge Join", "Parent Relationship": "Outer", "Join Type": "Inner", "Startup Cost": 255410.2, "Total Cost": 396781.62, "Plan Rows": 650559, "Plan Width": 45, "Inner Unique": true, "Merge Cond": "(mc.movie_id = t.id)", "Plans": [{"Node Type": "Merge Join", "Parent Relationship": "Outer", "Join Type": "Inner", "Startup Cost": 255407.59, "Total Cost": 269241.97, "Plan Rows": 501180, "Plan Width": 32, "Inner Unique": false, "Merge Cond": "(mi_idx.movie_id = mc.movie_id)", "Plans": [{"Node Type": "Sort", "Parent Relationship": "Outer", "Startup Cost": 53475.44, "Total Cost": 54337.96, "Plan Rows": 345008, "Plan Width": 4, "Sort Key": ["mi_idx.movie_id"], "Plans": [{"Node Type": "Nested Loop", "Parent Relationship": "Outer", "Join Type": "Inner", "Startup Cost": 7502.06, "Total Cost": 21741.14, "Plan Rows": 345008, "Plan Width": 4, "Inner Unique": false, "Plans": [{"Node Type": "Seq Scan", "Parent Relationship": "Outer", "Relation Name": "info_type", "Alias": "it", "Startup Cost": 0.0, "Total Cost": 2.4, "Plan Rows": 1, "Plan Width": 4, "Filter": "((info)::text = 'bottom 10 rank'::text)"}, {"Node Type": "Bitmap Heap Scan", "Parent Relationship": "Inner", "Relation Name": "movie_info_idx", "Alias": "mi_idx", "Startup Cost": 7502.06, "Total Cost": 18288.66, "Plan Rows": 345008, "Plan Width": 8, "Recheck Cond": "(info_type_id = it.id), (LLVM Optimized)", "Plans": [{"Node Type": "Bitmap Index Scan", "Parent Relationship": "Outer", "Index Name": "info_type_id_movie_info_idx", "Startup Cost": 0.0, "Total Cost": 7415.81, "Plan Rows": 345008, "Plan Width": 0, "Index Cond": "(info_type_id = it.id)"}]}]}]}, {"Node Type": "Sort", "Parent Relationship": "Inner", "Startup Cost": 201932.12, "Total Cost": 205193.42, "Plan Rows": 1304518, "Plan Width": 28, "Sort Key": ["mc.movie_id"], "Plans": [{"Node Type": "Nested Loop", "Parent Relationship": "Outer", "Join Type": "Inner", "Startup Cost": 0.0, "Total Cost": 69425.15, "Plan Rows": 1304518, "Plan Width": 28, "Inner Unique": false, "Plans": [{"Node Type": "Seq Scan", "Parent Relationship": "Outer", "Relation Name": "company_type", "Alias": "ct", "Startup Cost": 0.0, "Total Cost": 1.04, "Plan Rows": 1, "Plan Width": 4, "Filter": "((kind)::text = 'production companies'::text)"}, {"Node Type": "Index Scan", "Parent Relationship": "Inner", "Scan Direction": "Forward", "Index Name": "company_type_id_movie_companies", "Relation Name": "movie_companies", "Alias": "mc", "Startup Cost": 0.0, "Total Cost": 56378.94, "Plan Rows": 1304517, "Plan Width": 32, "Index Cond": "(company_type_id = ct.id), (LLVM Optimized)", "Filter": "((note)::text !~~ '%(as Metro-Goldwyn-Mayer Pictures)%'::text), (LLVM Optimized)"}]}]}]}, {"Node Type": "Index Scan", "Parent Relationship": "Inner", "Scan Direction": "Forward", "Index Name": "title_pkey", "Relation Name": "title", "Alias": "t", "Startup Cost": 0.0, "Total Cost": 116441.27, "Plan Rows": 1381886, "Plan Width": 25, "Filter": "(production_year > 2000), (LLVM Optimized)"}]}]}, "Unique SQL Id": 2492542741, "Planner Runtime": 8}, "explain_analyze_plan": {"Plan": {"Node Type": "Aggregate", "Strategy": "Plain", "Startup Cost": 401660.81, "Total Cost": 401660.82, "Plan Rows": 1, "Plan Width": 113, "Actual Startup Time": 3885.108, "Actual Total Time": 3885.109, "Actual Rows": 1, "Actual Loops": 1, "Plans": [{"Node Type": "Merge Join", "Parent Relationship": "Outer", "Join Type": "Inner", "Startup Cost": 255410.2, "Total Cost": 396781.62, "Plan Rows": 650559, "Plan Width": 45, "Actual Startup Time": 3228.315, "Actual Total Time": 3885.065, "Actual Rows": 4, "Actual Loops": 1, "Inner Unique": true, "Merge Cond": "(mc.movie_id = t.id)", "Plans": [{"Node Type": "Merge Join", "Parent Relationship": "Outer", "Join Type": "Inner", "Startup Cost": 255407.59, "Total Cost": 269241.97, "Plan Rows": 501180, "Plan Width": 32, "Actual Startup Time": 815.3, "Actual Total Time": 832.821, "Actual Rows": 5, "Actual Loops": 1, "Inner Unique": false, "Merge Cond": "(mi_idx.movie_id = mc.movie_id)", "Plans": [{"Node Type": "Sort", "Parent Relationship": "Outer", "Startup Cost": 53475.44, "Total Cost": 54337.96, "Plan Rows": 345008, "Plan Width": 4, "Actual Startup Time": 0.144, "Actual Total Time": 0.15, "Actual Rows": 10, "Actual Loops": 1, "Sort Key": ["mi_idx.movie_id"], "Sort Method": "quicksort", "Sort Space Used": 25, "Sort Space Type": "Memory", "Plans": [{"Node Type": "Nested Loop", "Parent Relationship": "Outer", "Join Type": "Inner", "Startup Cost": 7502.06, "Total Cost": 21741.14, "Plan Rows": 345008, "Plan Width": 4, "Actual Startup Time": 0.111, "Actual Total Time": 0.119, "Actual Rows": 10, "Actual Loops": 1, "Inner Unique": false, "Plans": [{"Node Type": "Seq Scan", "Parent Relationship": "Outer", "Relation Name": "info_type", "Alias": "it", "Startup Cost": 0.0, "Total Cost": 2.4, "Plan Rows": 1, "Plan Width": 4, "Actual Startup Time": 0.062, "Actual Total Time": 0.066, "Actual Rows": 1, "Actual Loops": 1, "Filter": "((info)::text = 'bottom 10 rank'::text)", "Rows Removed by Filter": 111}, {"Node Type": "Bitmap Heap Scan", "Parent Relationship": "Inner", "Relation Name": "movie_info_idx", "Alias": "mi_idx", "Startup Cost": 7502.06, "Total Cost": 18288.66, "Plan Rows": 345008, "Plan Width": 8, "Actual Startup Time": 0.04, "Actual Total Time": 0.041, "Actual Rows": 10, "Actual Loops": 1, "Recheck Cond": "(info_type_id = it.id), (LLVM Optimized, Jit Execute)", "Rows Removed by Index Recheck": 0, "Exact Heap Blocks": 1, "Lossy Heap Blocks": 1, "Plans": [{"Node Type": "Bitmap Index Scan", "Parent Relationship": "Outer", "Index Name": "info_type_id_movie_info_idx", "Startup Cost": 0.0, "Total Cost": 7415.81, "Plan Rows": 345008, "Plan Width": 0, "Actual Startup Time": 0.015, "Actual Total Time": 0.015, "Actual Rows": 10, "Actual Loops": 1, "Index Cond": "(info_type_id = it.id)"}]}]}]}, {"Node Type": "Sort", "Parent Relationship": "Inner", "Startup Cost": 201932.12, "Total Cost": 205193.42, "Plan Rows": 1304518, "Plan Width": 28, "Actual Startup Time": 797.6, "Actual Total Time": 812.001, "Actual Rows": 132371, "Actual Loops": 1, "Sort Key": ["mc.movie_id"], "Sort Method": "quicksort", "Sort Space Used": 20170, "Sort Space Type": "Memory", "Plans": [{"Node Type": "Nested Loop", "Parent Relationship": "Outer", "Join Type": "Inner", "Startup Cost": 0.0, "Total Cost": 69425.15, "Plan Rows": 1304518, "Plan Width": 28, "Actual Startup Time": 0.087, "Actual Total Time": 741.399, "Actual Rows": 140904, "Actual Loops": 1, "Inner Unique": false, "Plans": [{"Node Type": "Seq Scan", "Parent Relationship": "Outer", "Relation Name": "company_type", "Alias": "ct", "Startup Cost": 0.0, "Total Cost": 1.04, "Plan Rows": 1, "Plan Width": 4, "Actual Startup Time": 0.008, "Actual Total Time": 0.018, "Actual Rows": 1, "Actual Loops": 1, "Filter": "((kind)::text = 'production companies'::text)", "Rows Removed by Filter": 2}, {"Node Type": "Index Scan", "Parent Relationship": "Inner", "Scan Direction": "Forward", "Index Name": "company_type_id_movie_companies", "Relation Name": "movie_companies", "Alias": "mc", "Startup Cost": 0.0, "Total Cost": 56378.94, "Plan Rows": 1304517, "Plan Width": 32, "Actual Startup Time": 0.077, "Actual Total Time": 712.664, "Actual Rows": 140904, "Actual Loops": 1, "Index Cond": "(company_type_id = ct.id), (LLVM Optimized, Jit Execute)", "Rows Removed by Index Recheck": 0, "Filter": "((note)::text !~~ '%(as Metro-Goldwyn-Mayer Pictures)%'::text), (LLVM Optimized, Jit Execute)", "Rows Removed by Filter": 1193979}]}]}]}, {"Node Type": "Index Scan", "Parent Relationship": "Inner", "Scan Direction": "Forward", "Index Name": "title_pkey", "Relation Name": "title", "Alias": "t", "Startup Cost": 0.0, "Total Cost": 116441.27, "Plan Rows": 1381886, "Plan Width": 25, "Actual Startup Time": 0.048, "Actual Total Time": 2867.264, "Actual Rows": 1289090, "Actual Loops": 1, "Filter": "(production_year > 2000), (LLVM Optimized, Jit Execute)", "Rows Removed by Filter": 1033479}]}]}, "Triggers": [], "Planner Runtime": 8, "Total Runtime": 3895.902, "Unique SQL Id": 2492542741}}, "(1, 85)": {"explain_plan": {"Plan": {"Node Type": "Aggregate", "Strategy": "Plain", "Startup Cost": 401683.89, "Total Cost": 401683.9, "Plan Rows": 1, "Plan Width": 113, "Plans": [{"Node Type": "Merge Join", "Parent Relationship": "Outer", "Join Type": "Inner", "Startup Cost": 255433.27, "Total Cost": 396804.69, "Plan Rows": 650559, "Plan Width": 45, "Inner Unique": true, "Merge Cond": "(mc.movie_id = t.id)", "Plans": [{"Node Type": "Merge Join", "Parent Relationship": "Outer", "Join Type": "Inner", "Startup Cost": 255430.67, "Total Cost": 269265.04, "Plan Rows": 501180, "Plan Width": 32, "Inner Unique": false, "Merge Cond": "(mi_idx.movie_id = mc.movie_id)", "Plans": [{"Node Type": "Sort", "Parent Relationship": "Outer", "Startup Cost": 53487.25, "Total Cost": 54349.77, "Plan Rows": 345008, "Plan Width": 4, "Sort Key": ["mi_idx.movie_id"], "Plans": [{"Node Type": "Nested Loop", "Parent Relationship": "Outer", "Join Type": "Inner", "Startup Cost": 7502.06, "Total Cost": 21752.95, "Plan Rows": 345008, "Plan Width": 4, "Inner Unique": false, "Plans": [{"Node Type": "Index Scan", "Parent Relationship": "Outer", "Scan Direction": "Forward", "Index Name": "info_type_pkey", "Relation Name": "info_type", "Alias": "it", "Startup Cost": 0.0, "Total Cost": 14.21, "Plan Rows": 1, "Plan Width": 4, "Filter": "((info)::text = 'bottom 10 rank'::text)"}, {"Node Type": "Bitmap Heap Scan", "Parent Relationship": "Inner", "Relation Name": "movie_info_idx", "Alias": "mi_idx", "Startup Cost": 7502.06, "Total Cost": 18288.66, "Plan Rows": 345008, "Plan Width": 8, "Recheck Cond": "(info_type_id = it.id), (LLVM Optimized)", "Plans": [{"Node Type": "Bitmap Index Scan", "Parent Relationship": "Outer", "Index Name": "info_type_id_movie_info_idx", "Startup Cost": 0.0, "Total Cost": 7415.81, "Plan Rows": 345008, "Plan Width": 0, "Index Cond": "(info_type_id = it.id)"}]}]}]}, {"Node Type": "Sort", "Parent Relationship": "Inner", "Startup Cost": 201943.39, "Total Cost": 205204.68, "Plan Rows": 1304518, "Plan Width": 28, "Sort Key": ["mc.movie_id"], "Plans": [{"Node Type": "Nested Loop", "Parent Relationship": "Outer", "Join Type": "Inner", "Startup Cost": 0.0, "Total Cost": 69436.41, "Plan Rows": 1304518, "Plan Width": 28, "Inner Unique": false, "Plans": [{"Node Type": "Index Scan", "Parent Relationship": "Outer", "Scan Direction": "Forward", "Index Name": "company_type_pkey", "Relation Name": "company_type", "Alias": "ct", "Startup Cost": 0.0, "Total Cost": 12.3, "Plan Rows": 1, "Plan Width": 4, "Filter": "((kind)::text = 'production companies'::text)"}, {"Node Type": "Index Scan", "Parent Relationship": "Inner", "Scan Direction": "Forward", "Index Name": "company_type_id_movie_companies", "Relation Name": "movie_companies", "Alias": "mc", "Startup Cost": 0.0, "Total Cost": 56378.94, "Plan Rows": 1304517, "Plan Width": 32, "Index Cond": "(company_type_id = ct.id), (LLVM Optimized)", "Filter": "((note)::text !~~ '%(as Metro-Goldwyn-Mayer Pictures)%'::text), (LLVM Optimized)"}]}]}]}, {"Node Type": "Index Scan", "Parent Relationship": "Inner", "Scan Direction": "Forward", "Index Name": "title_pkey", "Relation Name": "title", "Alias": "t", "Startup Cost": 0.0, "Total Cost": 116441.27, "Plan Rows": 1381886, "Plan Width": 25, "Filter": "(production_year > 2000), (LLVM Optimized)"}]}]}, "Unique SQL Id": 2492542741, "Planner Runtime": 7}, "explain_analyze_plan": {"Plan": {"Node Type": "Aggregate", "Strategy": "Plain", "Startup Cost": 401683.89, "Total Cost": 401683.9, "Plan Rows": 1, "Plan Width": 113, "Actual Startup Time": 3837.773, "Actual Total Time": 3837.773, "Actual Rows": 1, "Actual Loops": 1, "Plans": [{"Node Type": "Merge Join", "Parent Relationship": "Outer", "Join Type": "Inner", "Startup Cost": 255433.27, "Total Cost": 396804.69, "Plan Rows": 650559, "Plan Width": 45, "Actual Startup Time": 3170.645, "Actual Total Time": 3837.727, "Actual Rows": 4, "Actual Loops": 1, "Inner Unique": true, "Merge Cond": "(mc.movie_id = t.id)", "Plans": [{"Node Type": "Merge Join", "Parent Relationship": "Outer", "Join Type": "Inner", "Startup Cost": 255430.67, "Total Cost": 269265.04, "Plan Rows": 501180, "Plan Width": 32, "Actual Startup Time": 855.308, "Actual Total Time": 872.321, "Actual Rows": 5, "Actual Loops": 1, "Inner Unique": false, "Merge Cond": "(mi_idx.movie_id = mc.movie_id)", "Plans": [{"Node Type": "Sort", "Parent Relationship": "Outer", "Startup Cost": 53487.25, "Total Cost": 54349.77, "Plan Rows": 345008, "Plan Width": 4, "Actual Startup Time": 0.129, "Actual Total Time": 0.134, "Actual Rows": 10, "Actual Loops": 1, "Sort Key": ["mi_idx.movie_id"], "Sort Method": "quicksort", "Sort Space Used": 25, "Sort Space Type": "Memory", "Plans": [{"Node Type": "Nested Loop", "Parent Relationship": "Outer", "Join Type": "Inner", "Startup Cost": 7502.06, "Total Cost": 21752.95, "Plan Rows": 345008, "Plan Width": 4, "Actual Startup Time": 0.108, "Actual Total Time": 0.112, "Actual Rows": 10, "Actual Loops": 1, "Inner Unique": false, "Plans": [{"Node Type": "Index Scan", "Parent Relationship": "Outer", "Scan Direction": "Forward", "Index Name": "info_type_pkey", "Relation Name": "info_type", "Alias": "it", "Startup Cost": 0.0, "Total Cost": 14.21, "Plan Rows": 1, "Plan Width": 4, "Actual Startup Time": 0.071, "Actual Total Time": 0.072, "Actual Rows": 1, "Actual Loops": 1, "Filter": "((info)::text = 'bottom 10 rank'::text)", "Rows Removed by Filter": 111}, {"Node Type": "Bitmap Heap Scan", "Parent Relationship": "Inner", "Relation Name": "movie_info_idx", "Alias": "mi_idx", "Startup Cost": 7502.06, "Total Cost": 18288.66, "Plan Rows": 345008, "Plan Width": 8, "Actual Startup Time": 0.032, "Actual Total Time": 0.032, "Actual Rows": 10, "Actual Loops": 1, "Recheck Cond": "(info_type_id = it.id), (LLVM Optimized, Jit Execute)", "Rows Removed by Index Recheck": 0, "Exact Heap Blocks": 1, "Lossy Heap Blocks": 1, "Plans": [{"Node Type": "Bitmap Index Scan", "Parent Relationship": "Outer", "Index Name": "info_type_id_movie_info_idx", "Startup Cost": 0.0, "Total Cost": 7415.81, "Plan Rows": 345008, "Plan Width": 0, "Actual Startup Time": 0.016, "Actual Total Time": 0.016, "Actual Rows": 10, "Actual Loops": 1, "Index Cond": "(info_type_id = it.id)"}]}]}]}, {"Node Type": "Sort", "Parent Relationship": "Inner", "Startup Cost": 201943.39, "Total Cost": 205204.68, "Plan Rows": 1304518, "Plan Width": 28, "Actual Startup Time": 838.679, "Actual Total Time": 851.654, "Actual Rows": 132371, "Actual Loops": 1, "Sort Key": ["mc.movie_id"], "Sort Method": "quicksort", "Sort Space Used": 20170, "Sort Space Type": "Memory", "Plans": [{"Node Type": "Nested Loop", "Parent Relationship": "Outer", "Join Type": "Inner", "Startup Cost": 0.0, "Total Cost": 69436.41, "Plan Rows": 1304518, "Plan Width": 28, "Actual Startup Time": 0.106, "Actual Total Time": 782.341, "Actual Rows": 140904, "Actual Loops": 1, "Inner Unique": false, "Plans": [{"Node Type": "Index Scan", "Parent Relationship": "Outer", "Scan Direction": "Forward", "Index Name": "company_type_pkey", "Relation Name": "company_type", "Alias": "ct", "Startup Cost": 0.0, "Total Cost": 12.3, "Plan Rows": 1, "Plan Width": 4, "Actual Startup Time": 0.006, "Actual Total Time": 0.017, "Actual Rows": 1, "Actual Loops": 1, "Filter": "((kind)::text = 'production companies'::text)", "Rows Removed by Filter": 2}, {"Node Type": "Index Scan", "Parent Relationship": "Inner", "Scan Direction": "Forward", "Index Name": "company_type_id_movie_companies", "Relation Name": "movie_companies", "Alias": "mc", "Startup Cost": 0.0, "Total Cost": 56378.94, "Plan Rows": 1304517, "Plan Width": 32, "Actual Startup Time": 0.097, "Actual Total Time": 753.462, "Actual Rows": 140904, "Actual Loops": 1, "Index Cond": "(company_type_id = ct.id), (LLVM Optimized, Jit Execute)", "Rows Removed by Index Recheck": 0, "Filter": "((note)::text !~~ '%(as Metro-Goldwyn-Mayer Pictures)%'::text), (LLVM Optimized, Jit Execute)", "Rows Removed by Filter": 1193979}]}]}]}, {"Node Type": "Index Scan", "Parent Relationship": "Inner", "Scan Direction": "Forward", "Index Name": "title_pkey", "Relation Name": "title", "Alias": "t", "Startup Cost": 0.0, "Total Cost": 116441.27, "Plan Rows": 1381886, "Plan Width": 25, "Actual Startup Time": 0.046, "Actual Total Time": 2781.723, "Actual Rows": 1289090, "Actual Loops": 1, "Filter": "(production_year > 2000), (LLVM Optimized, Jit Execute)", "Rows Removed by Filter": 1033479}]}]}, "Triggers": [], "Planner Runtime": 7, "Total Runtime": 3848.027, "Unique SQL Id": 2492542741}}, "(1, 86)": {"explain_plan": {"Plan": {"Node Type": "Aggregate", "Strategy": "Plain", "Startup Cost": 504298.51, "Total Cost": 504298.52, "Plan Rows": 1, "Plan Width": 113, "Plans": [{"Node Type": "Merge Join", "Parent Relationship": "Outer", "Join Type": "Inner", "Startup Cost": 470923.75, "Total Cost": 499419.32, "Plan Rows": 650559, "Plan Width": 45, "Inner Unique": true, "Merge Cond": "(mc.movie_id = t.id)", "Plans": [{"Node Type": "Merge Join", "Parent Relationship": "Outer", "Join Type": "Inner", "Startup Cost": 263593.72, "Total Cost": 277428.1, "Plan Rows": 501180, "Plan Width": 32, "Inner Unique": false, "Merge Cond": "(mi_idx.movie_id = mc.movie_id)", "Plans": [{"Node Type": "Sort", "Parent Relationship": "Outer", "Startup Cost": 53475.44, "Total Cost": 54337.96, "Plan Rows": 345008, "Plan Width": 4, "Sort Key": ["mi_idx.movie_id"], "Plans": [{"Node Type": "Nested Loop", "Parent Relationship": "Outer", "Join Type": "Inner", "Startup Cost": 7502.06, "Total Cost": 21741.14, "Plan Rows": 345008, "Plan Width": 4, "Inner Unique": false, "Plans": [{"Node Type": "Seq Scan", "Parent Relationship": "Outer", "Relation Name": "info_type", "Alias": "it", "Startup Cost": 0.0, "Total Cost": 2.4, "Plan Rows": 1, "Plan Width": 4, "Filter": "((info)::text = 'bottom 10 rank'::text)"}, {"Node Type": "Bitmap Heap Scan", "Parent Relationship": "Inner", "Relation Name": "movie_info_idx", "Alias": "mi_idx", "Startup Cost": 7502.06, "Total Cost": 18288.66, "Plan Rows": 345008, "Plan Width": 8, "Recheck Cond": "(info_type_id = it.id), (LLVM Optimized)", "Plans": [{"Node Type": "Bitmap Index Scan", "Parent Relationship": "Outer", "Index Name": "info_type_id_movie_info_idx", "Startup Cost": 0.0, "Total Cost": 7415.81, "Plan Rows": 345008, "Plan Width": 0, "Index Cond": "(info_type_id = it.id)"}]}]}]}, {"Node Type": "Sort", "Parent Relationship": "Inner", "Startup Cost": 210118.25, "Total Cost": 213379.54, "Plan Rows": 1304518, "Plan Width": 28, "Sort Key": ["mc.movie_id"], "Plans": [{"Node Type": "Nested Loop", "Parent Relationship": "Outer", "Join Type": "Inner", "Startup Cost": 29270.61, "Total Cost": 77611.28, "Plan Rows": 1304518, "Plan Width": 28, "Inner Unique": false, "Plans": [{"Node Type": "Seq Scan", "Parent Relationship": "Outer", "Relation Name": "company_type", "Alias": "ct", "Startup Cost": 0.0, "Total Cost": 1.04, "Plan Rows": 1, "Plan Width": 4, "Filter": "((kind)::text = 'production companies'::text)"}, {"Node Type": "Bitmap Heap Scan", "Parent Relationship": "Inner", "Relation Name": "movie_companies", "Alias": "mc", "Startup Cost": 29270.61, "Total Cost": 64565.07, "Plan Rows": 1304517, "Plan Width": 32, "Recheck Cond": "(company_type_id = ct.id), (LLVM Optimized)", "Filter": "((note)::text !~~ '%(as Metro-Goldwyn-Mayer Pictures)%'::text), (LLVM Optimized)", "Plans": [{"Node Type": "Bitmap Index Scan", "Parent Relationship": "Outer", "Index Name": "company_type_id_movie_companies", "Startup Cost": 0.0, "Total Cost": 28944.48, "Plan Rows": 1304564, "Plan Width": 0, "Index Cond": "(company_type_id = ct.id)"}]}]}]}]}, {"Node Type": "Sort", "Parent Relationship": "Inner", "Startup Cost": 207329.87, "Total Cost": 210784.59, "Plan Rows": 1381886, "Plan Width": 25, "Sort Key": ["t.id"], "Plans": [{"Node Type": "Seq Scan", "Parent Relationship": "Outer", "Relation Name": "title", "Alias": "t", "Startup Cost": 0.0, "Total Cost": 66389.89, "Plan Rows": 1381886, "Plan Width": 25, "Filter": "(production_year > 2000), (LLVM Optimized)"}]}]}]}, "Unique SQL Id": 2492542741, "Planner Runtime": 5}, "explain_analyze_plan": {"Plan": {"Node Type": "Aggregate", "Strategy": "Plain", "Startup Cost": 504298.51, "Total Cost": 504298.52, "Plan Rows": 1, "Plan Width": 113, "Actual Startup Time": 2605.647, "Actual Total Time": 2605.648, "Actual Rows": 1, "Actual Loops": 1, "Plans": [{"Node Type": "Merge Join", "Parent Relationship": "Outer", "Join Type": "Inner", "Startup Cost": 470923.75, "Total Cost": 499419.32, "Plan Rows": 650559, "Plan Width": 45, "Actual Startup Time": 2519.184, "Actual Total Time": 2605.597, "Actual Rows": 4, "Actual Loops": 1, "Inner Unique": true, "Merge Cond": "(mc.movie_id = t.id)", "Plans": [{"Node Type": "Merge Join", "Parent Relationship": "Outer", "Join Type": "Inner", "Startup Cost": 263593.72, "Total Cost": 277428.1, "Plan Rows": 501180, "Plan Width": 32, "Actual Startup Time": 707.633, "Actual Total Time": 723.871, "Actual Rows": 5, "Actual Loops": 1, "Inner Unique": false, "Merge Cond": "(mi_idx.movie_id = mc.movie_id)", "Plans": [{"Node Type": "Sort", "Parent Relationship": "Outer", "Startup Cost": 53475.44, "Total Cost": 54337.96, "Plan Rows": 345008, "Plan Width": 4, "Actual Startup Time": 0.167, "Actual Total Time": 0.172, "Actual Rows": 10, "Actual Loops": 1, "Sort Key": ["mi_idx.movie_id"], "Sort Method": "quicksort", "Sort Space Used": 25, "Sort Space Type": "Memory", "Plans": [{"Node Type": "Nested Loop", "Parent Relationship": "Outer", "Join Type": "Inner", "Startup Cost": 7502.06, "Total Cost": 21741.14, "Plan Rows": 345008, "Plan Width": 4, "Actual Startup Time": 0.134, "Actual Total Time": 0.142, "Actual Rows": 10, "Actual Loops": 1, "Inner Unique": false, "Plans": [{"Node Type": "Seq Scan", "Parent Relationship": "Outer", "Relation Name": "info_type", "Alias": "it", "Startup Cost": 0.0, "Total Cost": 2.4, "Plan Rows": 1, "Plan Width": 4, "Actual Startup Time": 0.075, "Actual Total Time": 0.079, "Actual Rows": 1, "Actual Loops": 1, "Filter": "((info)::text = 'bottom 10 rank'::text)", "Rows Removed by Filter": 111}, {"Node Type": "Bitmap Heap Scan", "Parent Relationship": "Inner", "Relation Name": "movie_info_idx", "Alias": "mi_idx", "Startup Cost": 7502.06, "Total Cost": 18288.66, "Plan Rows": 345008, "Plan Width": 8, "Actual Startup Time": 0.049, "Actual Total Time": 0.05, "Actual Rows": 10, "Actual Loops": 1, "Recheck Cond": "(info_type_id = it.id), (LLVM Optimized, Jit Execute)", "Rows Removed by Index Recheck": 0, "Exact Heap Blocks": 1, "Lossy Heap Blocks": 1, "Plans": [{"Node Type": "Bitmap Index Scan", "Parent Relationship": "Outer", "Index Name": "info_type_id_movie_info_idx", "Startup Cost": 0.0, "Total Cost": 7415.81, "Plan Rows": 345008, "Plan Width": 0, "Actual Startup Time": 0.025, "Actual Total Time": 0.025, "Actual Rows": 10, "Actual Loops": 1, "Index Cond": "(info_type_id = it.id)"}]}]}]}, {"Node Type": "Sort", "Parent Relationship": "Inner", "Startup Cost": 210118.25, "Total Cost": 213379.54, "Plan Rows": 1304518, "Plan Width": 28, "Actual Startup Time": 691.4, "Actual Total Time": 703.381, "Actual Rows": 132371, "Actual Loops": 1, "Sort Key": ["mc.movie_id"], "Sort Method": "quicksort", "Sort Space Used": 20170, "Sort Space Type": "Memory", "Plans": [{"Node Type": "Nested Loop", "Parent Relationship": "Outer", "Join Type": "Inner", "Startup Cost": 29270.61, "Total Cost": 77611.28, "Plan Rows": 1304518, "Plan Width": 28, "Actual Startup Time": 184.538, "Actual Total Time": 640.311, "Actual Rows": 140904, "Actual Loops": 1, "Inner Unique": false, "Plans": [{"Node Type": "Seq Scan", "Parent Relationship": "Outer", "Relation Name": "company_type", "Alias": "ct", "Startup Cost": 0.0, "Total Cost": 1.04, "Plan Rows": 1, "Plan Width": 4, "Actual Startup Time": 0.011, "Actual Total Time": 0.02, "Actual Rows": 1, "Actual Loops": 1, "Filter": "((kind)::text = 'production companies'::text)", "Rows Removed by Filter": 2}, {"Node Type": "Bitmap Heap Scan", "Parent Relationship": "Inner", "Relation Name": "movie_companies", "Alias": "mc", "Startup Cost": 29270.61, "Total Cost": 64565.07, "Plan Rows": 1304517, "Plan Width": 32, "Actual Startup Time": 184.521, "Actual Total Time": 612.577, "Actual Rows": 140904, "Actual Loops": 1, "Recheck Cond": "(company_type_id = ct.id), (LLVM Optimized, Jit Execute)", "Rows Removed by Index Recheck": 0, "Filter": "((note)::text !~~ '%(as Metro-Goldwyn-Mayer Pictures)%'::text), (LLVM Optimized, Jit Execute)", "Rows Removed by Filter": 1193979, "Exact Heap Blocks": 6196, "Lossy Heap Blocks": 6196, "Plans": [{"Node Type": "Bitmap Index Scan", "Parent Relationship": "Outer", "Index Name": "company_type_id_movie_companies", "Startup Cost": 0.0, "Total Cost": 28944.48, "Plan Rows": 1304564, "Plan Width": 0, "Actual Startup Time": 183.243, "Actual Total Time": 183.243, "Actual Rows": 1334883, "Actual Loops": 1, "Index Cond": "(company_type_id = ct.id)"}]}]}]}]}, {"Node Type": "Sort", "Parent Relationship": "Inner", "Startup Cost": 207329.87, "Total Cost": 210784.59, "Plan Rows": 1381886, "Plan Width": 25, "Actual Startup Time": 1441.527, "Actual Total Time": 1674.451, "Actual Rows": 1289090, "Actual Loops": 1, "Sort Key": ["t.id"], "Sort Method": "quicksort", "Sort Space Used": 186407, "Sort Space Type": "Memory", "Plans": [{"Node Type": "Seq Scan", "Parent Relationship": "Outer", "Relation Name": "title", "Alias": "t", "Startup Cost": 0.0, "Total Cost": 66389.89, "Plan Rows": 1381886, "Plan Width": 25, "Actual Startup Time": 0.056, "Actual Total Time": 850.22, "Actual Rows": 1381453, "Actual Loops": 1, "Filter": "(production_year > 2000), (LLVM Optimized, Jit Execute)", "Rows Removed by Filter": 1146858}]}]}]}, "Triggers": [], "Planner Runtime": 5, "Total Runtime": 2617.608, "Unique SQL Id": 2492542741}}, "(1, 87)": {"explain_plan": {"Plan": {"Node Type": "Aggregate", "Strategy": "Plain", "Startup Cost": 1000017767760.86, "Total Cost": 1000017767760.87, "Plan Rows": 1, "Plan Width": 113, "Plans": [{"Node Type": "Nested Loop", "Parent Relationship": "Outer", "Join Type": "Inner", "Startup Cost": 10000000001.08, "Total Cost": 1000017762976.72, "Plan Rows": 637886, "Plan Width": 45, "Inner Unique": true, "Plans": [{"Node Type": "Nested Loop", "Parent Relationship": "Outer", "Join Type": "Inner", "Startup Cost": 10000000000.81, "Total Cost": 1000015609438.29, "Plan Rows": 501180, "Plan Width": 32, "Inner Unique": true, "Plans": [{"Node Type": "Nested Loop", "Parent Relationship": "Outer", "Join Type": "Inner", "Startup Cost": 10000000000.55, "Total Cost": 1000012058838.99, "Plan Rows": 829046, "Plan Width": 36, "Inner Unique": false, "Plans": [{"Node Type": "Nested Loop", "Parent Relationship": "Outer", "Join Type": "Inner", "Startup Cost": 10000000000.26, "Total Cost": 1000010560383.98, "Plan Rows": 345008, "Plan Width": 4, "Inner Unique": true, "Plans": [{"Node Type": "Index Scan", "Parent Relationship": "Outer", "Scan Direction": "Forward", "Index Name": "movie_id_movie_info_idx", "Relation Name": "movie_info_idx", "Alias": "mi_idx", "Startup Cost": 10000000000.0, "Total Cost": 1000004650035.37, "Plan Rows": 1380034, "Plan Width": 8}, {"Node Type": "Bitmap Heap Scan", "Parent Relationship": "Inner", "Relation Name": "info_type", "Alias": "it", "Startup Cost": 0.26, "Total Cost": 4.27, "Plan Rows": 1, "Plan Width": 4, "Recheck Cond": "(id = mi_idx.info_type_id)", "Filter": "((info)::text = 'bottom 10 rank'::text)", "Plans": [{"Node Type": "Bitmap Index Scan", "Parent Relationship": "Outer", "Index Name": "info_type_pkey", "Startup Cost": 0.0, "Total Cost": 0.26, "Plan Rows": 1, "Plan Width": 0, "Index Cond": "(id = mi_idx.info_type_id)"}]}]}, {"Node Type": "Bitmap Heap Scan", "Parent Relationship": "Inner", "Relation Name": "movie_companies", "Alias": "mc", "Startup Cost": 0.29, "Total Cost": 4.32, "Plan Rows": 2, "Plan Width": 32, "Recheck Cond": "(movie_id = mi_idx.movie_id)", "Filter": "((note)::text !~~ '%(as Metro-Goldwyn-Mayer Pictures)%'::text)", "Plans": [{"Node Type": "Bitmap Index Scan", "Parent Relationship": "Outer", "Index Name": "movie_id_movie_companies", "Startup Cost": 0.0, "Total Cost": 0.29, "Plan Rows": 2, "Plan Width": 0, "Index Cond": "(movie_id = mi_idx.movie_id)"}]}]}, {"Node Type": "Bitmap Heap Scan", "Parent Relationship": "Inner", "Relation Name": "company_type", "Alias": "ct", "Startup Cost": 0.26, "Total Cost": 4.27, "Plan Rows": 1, "Plan Width": 4, "Recheck Cond": "(id = mc.company_type_id)", "Filter": "((kind)::text = 'production companies'::text)", "Plans": [{"Node Type": "Bitmap Index Scan", "Parent Relationship": "Outer", "Index Name": "company_type_pkey", "Startup Cost": 0.0, "Total Cost": 0.26, "Plan Rows": 1, "Plan Width": 0, "Index Cond": "(id = mc.company_type_id)"}]}]}, {"Node Type": "Bitmap Heap Scan", "Parent Relationship": "Inner", "Relation Name": "title", "Alias": "t", "Startup Cost": 0.27, "Total Cost": 4.29, "Plan Rows": 1, "Plan Width": 25, "Recheck Cond": "(id = mc.movie_id)", "Filter": "(production_year > 2000)", "Plans": [{"Node Type": "Bitmap Index Scan", "Parent Relationship": "Outer", "Index Name": "title_pkey", "Startup Cost": 0.0, "Total Cost": 0.27, "Plan Rows": 1, "Plan Width": 0, "Index Cond": "(id = mc.movie_id)"}]}]}]}, "Unique SQL Id": 2492542741, "Planner Runtime": 4}, "explain_analyze_plan": null}, "(1, 88)": {"explain_plan": {"Plan": {"Node Type": "Aggregate", "Strategy": "Plain", "Startup Cost": 418246.06, "Total Cost": 418246.07, "Plan Rows": 1, "Plan Width": 113, "Plans": [{"Node Type": "Merge Join", "Parent Relationship": "Outer", "Join Type": "Inner", "Startup Cost": 271995.45, "Total Cost": 413366.87, "Plan Rows": 650559, "Plan Width": 45, "Inner Unique": true, "Merge Cond": "(mc.movie_id = t.id)", "Plans": [{"Node Type": "Merge Join", "Parent Relationship": "Outer", "Join Type": "Inner", "Startup Cost": 271992.84, "Total Cost": 285827.22, "Plan Rows": 501180, "Plan Width": 32, "Inner Unique": false, "Merge Cond": "(mi_idx.movie_id = mc.movie_id)", "Plans": [{"Node Type": "Sort", "Parent Relationship": "Outer", "Startup Cost": 70060.69, "Total Cost": 70923.21, "Plan Rows": 345008, "Plan Width": 4, "Sort Key": ["mi_idx.movie_id"], "Plans": [{"Node Type": "Nested Loop", "Parent Relationship": "Outer", "Join Type": "Inner", "Startup Cost": 0.0, "Total Cost": 38326.39, "Plan Rows": 345008, "Plan Width": 4, "Inner Unique": false, "Plans": [{"Node Type": "Seq Scan", "Parent Relationship": "Outer", "Relation Name": "info_type", "Alias": "it", "Startup Cost": 0.0, "Total Cost": 2.4, "Plan Rows": 1, "Plan Width": 4, "Filter": "((info)::text = 'bottom 10 rank'::text)"}, {"Node Type": "Index Scan", "Parent Relationship": "Inner", "Scan Direction": "Forward", "Index Name": "info_type_id_movie_info_idx", "Relation Name": "movie_info_idx", "Alias": "mi_idx", "Startup Cost": 0.0, "Total Cost": 34873.91, "Plan Rows": 345008, "Plan Width": 8, "Index Cond": "(info_type_id = it.id), (LLVM Optimized)"}]}]}, {"Node Type": "Sort", "Parent Relationship": "Inner", "Startup Cost": 201932.12, "Total Cost": 205193.42, "Plan Rows": 1304518, "Plan Width": 28, "Sort Key": ["mc.movie_id"], "Plans": [{"Node Type": "Nested Loop", "Parent Relationship": "Outer", "Join Type": "Inner", "Startup Cost": 0.0, "Total Cost": 69425.15, "Plan Rows": 1304518, "Plan Width": 28, "Inner Unique": false, "Plans": [{"Node Type": "Seq Scan", "Parent Relationship": "Outer", "Relation Name": "company_type", "Alias": "ct", "Startup Cost": 0.0, "Total Cost": 1.04, "Plan Rows": 1, "Plan Width": 4, "Filter": "((kind)::text = 'production companies'::text)"}, {"Node Type": "Index Scan", "Parent Relationship": "Inner", "Scan Direction": "Forward", "Index Name": "company_type_id_movie_companies", "Relation Name": "movie_companies", "Alias": "mc", "Startup Cost": 0.0, "Total Cost": 56378.94, "Plan Rows": 1304517, "Plan Width": 32, "Index Cond": "(company_type_id = ct.id), (LLVM Optimized)", "Filter": "((note)::text !~~ '%(as Metro-Goldwyn-Mayer Pictures)%'::text), (LLVM Optimized)"}]}]}]}, {"Node Type": "Index Scan", "Parent Relationship": "Inner", "Scan Direction": "Forward", "Index Name": "title_pkey", "Relation Name": "title", "Alias": "t", "Startup Cost": 0.0, "Total Cost": 116441.27, "Plan Rows": 1381886, "Plan Width": 25, "Filter": "(production_year > 2000), (LLVM Optimized)"}]}]}, "Unique SQL Id": 2492542741, "Planner Runtime": 8}, "explain_analyze_plan": {"Plan": {"Node Type": "Aggregate", "Strategy": "Plain", "Startup Cost": 418246.06, "Total Cost": 418246.07, "Plan Rows": 1, "Plan Width": 113, "Actual Startup Time": 3628.088, "Actual Total Time": 3628.088, "Actual Rows": 1, "Actual Loops": 1, "Plans": [{"Node Type": "Merge Join", "Parent Relationship": "Outer", "Join Type": "Inner", "Startup Cost": 271995.45, "Total Cost": 413366.87, "Plan Rows": 650559, "Plan Width": 45, "Actual Startup Time": 2974.386, "Actual Total Time": 3628.039, "Actual Rows": 4, "Actual Loops": 1, "Inner Unique": true, "Merge Cond": "(mc.movie_id = t.id)", "Plans": [{"Node Type": "Merge Join", "Parent Relationship": "Outer", "Join Type": "Inner", "Startup Cost": 271992.84, "Total Cost": 285827.22, "Plan Rows": 501180, "Plan Width": 32, "Actual Startup Time": 732.82, "Actual Total Time": 753.361, "Actual Rows": 5, "Actual Loops": 1, "Inner Unique": false, "Merge Cond": "(mi_idx.movie_id = mc.movie_id)", "Plans": [{"Node Type": "Sort", "Parent Relationship": "Outer", "Startup Cost": 70060.69, "Total Cost": 70923.21, "Plan Rows": 345008, "Plan Width": 4, "Actual Startup Time": 0.124, "Actual Total Time": 0.127, "Actual Rows": 10, "Actual Loops": 1, "Sort Key": ["mi_idx.movie_id"], "Sort Method": "quicksort", "Sort Space Used": 25, "Sort Space Type": "Memory", "Plans": [{"Node Type": "Nested Loop", "Parent Relationship": "Outer", "Join Type": "Inner", "Startup Cost": 0.0, "Total Cost": 38326.39, "Plan Rows": 345008, "Plan Width": 4, "Actual Startup Time": 0.092, "Actual Total Time": 0.104, "Actual Rows": 10, "Actual Loops": 1, "Inner Unique": false, "Plans": [{"Node Type": "Seq Scan", "Parent Relationship": "Outer", "Relation Name": "info_type", "Alias": "it", "Startup Cost": 0.0, "Total Cost": 2.4, "Plan Rows": 1, "Plan Width": 4, "Actual Startup Time": 0.069, "Actual Total Time": 0.073, "Actual Rows": 1, "Actual Loops": 1, "Filter": "((info)::text = 'bottom 10 rank'::text)", "Rows Removed by Filter": 111}, {"Node Type": "Index Scan", "Parent Relationship": "Inner", "Scan Direction": "Forward", "Index Name": "info_type_id_movie_info_idx", "Relation Name": "movie_info_idx", "Alias": "mi_idx", "Startup Cost": 0.0, "Total Cost": 34873.91, "Plan Rows": 345008, "Plan Width": 8, "Actual Startup Time": 0.017, "Actual Total Time": 0.021, "Actual Rows": 10, "Actual Loops": 1, "Index Cond": "(info_type_id = it.id), (LLVM Optimized, Jit Execute)", "Rows Removed by Index Recheck": 0}]}]}, {"Node Type": "Sort", "Parent Relationship": "Inner", "Startup Cost": 201932.12, "Total Cost": 205193.42, "Plan Rows": 1304518, "Plan Width": 28, "Actual Startup Time": 716.654, "Actual Total Time": 731.658, "Actual Rows": 132371, "Actual Loops": 1, "Sort Key": ["mc.movie_id"], "Sort Method": "quicksort", "Sort Space Used": 20170, "Sort Space Type": "Memory", "Plans": [{"Node Type": "Nested Loop", "Parent Relationship": "Outer", "Join Type": "Inner", "Startup Cost": 0.0, "Total Cost": 69425.15, "Plan Rows": 1304518, "Plan Width": 28, "Actual Startup Time": 0.084, "Actual Total Time": 663.03, "Actual Rows": 140904, "Actual Loops": 1, "Inner Unique": false, "Plans": [{"Node Type": "Seq Scan", "Parent Relationship": "Outer", "Relation Name": "company_type", "Alias": "ct", "Startup Cost": 0.0, "Total Cost": 1.04, "Plan Rows": 1, "Plan Width": 4, "Actual Startup Time": 0.007, "Actual Total Time": 0.016, "Actual Rows": 1, "Actual Loops": 1, "Filter": "((kind)::text = 'production companies'::text)", "Rows Removed by Filter": 2}, {"Node Type": "Index Scan", "Parent Relationship": "Inner", "Scan Direction": "Forward", "Index Name": "company_type_id_movie_companies", "Relation Name": "movie_companies", "Alias": "mc", "Startup Cost": 0.0, "Total Cost": 56378.94, "Plan Rows": 1304517, "Plan Width": 32, "Actual Startup Time": 0.076, "Actual Total Time": 634.14, "Actual Rows": 140904, "Actual Loops": 1, "Index Cond": "(company_type_id = ct.id), (LLVM Optimized, Jit Execute)", "Rows Removed by Index Recheck": 0, "Filter": "((note)::text !~~ '%(as Metro-Goldwyn-Mayer Pictures)%'::text), (LLVM Optimized, Jit Execute)", "Rows Removed by Filter": 1193979}]}]}]}, {"Node Type": "Index Scan", "Parent Relationship": "Inner", "Scan Direction": "Forward", "Index Name": "title_pkey", "Relation Name": "title", "Alias": "t", "Startup Cost": 0.0, "Total Cost": 116441.27, "Plan Rows": 1381886, "Plan Width": 25, "Actual Startup Time": 0.042, "Actual Total Time": 2690.388, "Actual Rows": 1289090, "Actual Loops": 1, "Filter": "(production_year > 2000), (LLVM Optimized, Jit Execute)", "Rows Removed by Filter": 1033479}]}]}, "Triggers": [], "Planner Runtime": 8, "Total Runtime": 3638.161, "Unique SQL Id": 2492542741}}, "(1, 89)": {"explain_plan": {"Plan": {"Node Type": "Aggregate", "Strategy": "Plain", "Startup Cost": 418269.13, "Total Cost": 418269.14, "Plan Rows": 1, "Plan Width": 113, "Plans": [{"Node Type": "Merge Join", "Parent Relationship": "Outer", "Join Type": "Inner", "Startup Cost": 272018.52, "Total Cost": 413389.94, "Plan Rows": 650559, "Plan Width": 45, "Inner Unique": true, "Merge Cond": "(mc.movie_id = t.id)", "Plans": [{"Node Type": "Merge Join", "Parent Relationship": "Outer", "Join Type": "Inner", "Startup Cost": 272015.92, "Total Cost": 285850.29, "Plan Rows": 501180, "Plan Width": 32, "Inner Unique": false, "Merge Cond": "(mi_idx.movie_id = mc.movie_id)", "Plans": [{"Node Type": "Sort", "Parent Relationship": "Outer", "Startup Cost": 70072.5, "Total Cost": 70935.02, "Plan Rows": 345008, "Plan Width": 4, "Sort Key": ["mi_idx.movie_id"], "Plans": [{"Node Type": "Nested Loop", "Parent Relationship": "Outer", "Join Type": "Inner", "Startup Cost": 0.0, "Total Cost": 38338.2, "Plan Rows": 345008, "Plan Width": 4, "Inner Unique": false, "Plans": [{"Node Type": "Index Scan", "Parent Relationship": "Outer", "Scan Direction": "Forward", "Index Name": "info_type_pkey", "Relation Name": "info_type", "Alias": "it", "Startup Cost": 0.0, "Total Cost": 14.21, "Plan Rows": 1, "Plan Width": 4, "Filter": "((info)::text = 'bottom 10 rank'::text)"}, {"Node Type": "Index Scan", "Parent Relationship": "Inner", "Scan Direction": "Forward", "Index Name": "info_type_id_movie_info_idx", "Relation Name": "movie_info_idx", "Alias": "mi_idx", "Startup Cost": 0.0, "Total Cost": 34873.91, "Plan Rows": 345008, "Plan Width": 8, "Index Cond": "(info_type_id = it.id), (LLVM Optimized)"}]}]}, {"Node Type": "Sort", "Parent Relationship": "Inner", "Startup Cost": 201943.39, "Total Cost": 205204.68, "Plan Rows": 1304518, "Plan Width": 28, "Sort Key": ["mc.movie_id"], "Plans": [{"Node Type": "Nested Loop", "Parent Relationship": "Outer", "Join Type": "Inner", "Startup Cost": 0.0, "Total Cost": 69436.41, "Plan Rows": 1304518, "Plan Width": 28, "Inner Unique": false, "Plans": [{"Node Type": "Index Scan", "Parent Relationship": "Outer", "Scan Direction": "Forward", "Index Name": "company_type_pkey", "Relation Name": "company_type", "Alias": "ct", "Startup Cost": 0.0, "Total Cost": 12.3, "Plan Rows": 1, "Plan Width": 4, "Filter": "((kind)::text = 'production companies'::text)"}, {"Node Type": "Index Scan", "Parent Relationship": "Inner", "Scan Direction": "Forward", "Index Name": "company_type_id_movie_companies", "Relation Name": "movie_companies", "Alias": "mc", "Startup Cost": 0.0, "Total Cost": 56378.94, "Plan Rows": 1304517, "Plan Width": 32, "Index Cond": "(company_type_id = ct.id), (LLVM Optimized)", "Filter": "((note)::text !~~ '%(as Metro-Goldwyn-Mayer Pictures)%'::text), (LLVM Optimized)"}]}]}]}, {"Node Type": "Index Scan", "Parent Relationship": "Inner", "Scan Direction": "Forward", "Index Name": "title_pkey", "Relation Name": "title", "Alias": "t", "Startup Cost": 0.0, "Total Cost": 116441.27, "Plan Rows": 1381886, "Plan Width": 25, "Filter": "(production_year > 2000), (LLVM Optimized)"}]}]}, "Unique SQL Id": 2492542741, "Planner Runtime": 7}, "explain_analyze_plan": {"Plan": {"Node Type": "Aggregate", "Strategy": "Plain", "Startup Cost": 418269.13, "Total Cost": 418269.14, "Plan Rows": 1, "Plan Width": 113, "Actual Startup Time": 3638.534, "Actual Total Time": 3638.534, "Actual Rows": 1, "Actual Loops": 1, "Plans": [{"Node Type": "Merge Join", "Parent Relationship": "Outer", "Join Type": "Inner", "Startup Cost": 272018.52, "Total Cost": 413389.94, "Plan Rows": 650559, "Plan Width": 45, "Actual Startup Time": 2969.717, "Actual Total Time": 3638.471, "Actual Rows": 4, "Actual Loops": 1, "Inner Unique": true, "Merge Cond": "(mc.movie_id = t.id)", "Plans": [{"Node Type": "Merge Join", "Parent Relationship": "Outer", "Join Type": "Inner", "Startup Cost": 272015.92, "Total Cost": 285850.29, "Plan Rows": 501180, "Plan Width": 32, "Actual Startup Time": 755.103, "Actual Total Time": 772.525, "Actual Rows": 5, "Actual Loops": 1, "Inner Unique": false, "Merge Cond": "(mi_idx.movie_id = mc.movie_id)", "Plans": [{"Node Type": "Sort", "Parent Relationship": "Outer", "Startup Cost": 70072.5, "Total Cost": 70935.02, "Plan Rows": 345008, "Plan Width": 4, "Actual Startup Time": 0.126, "Actual Total Time": 0.13, "Actual Rows": 10, "Actual Loops": 1, "Sort Key": ["mi_idx.movie_id"], "Sort Method": "quicksort", "Sort Space Used": 25, "Sort Space Type": "Memory", "Plans": [{"Node Type": "Nested Loop", "Parent Relationship": "Outer", "Join Type": "Inner", "Startup Cost": 0.0, "Total Cost": 38338.2, "Plan Rows": 345008, "Plan Width": 4, "Actual Startup Time": 0.097, "Actual Total Time": 0.105, "Actual Rows": 10, "Actual Loops": 1, "Inner Unique": false, "Plans": [{"Node Type": "Index Scan", "Parent Relationship": "Outer", "Scan Direction": "Forward", "Index Name": "info_type_pkey", "Relation Name": "info_type", "Alias": "it", "Startup Cost": 0.0, "Total Cost": 14.21, "Plan Rows": 1, "Plan Width": 4, "Actual Startup Time": 0.08, "Actual Total Time": 0.081, "Actual Rows": 1, "Actual Loops": 1, "Filter": "((info)::text = 'bottom 10 rank'::text)", "Rows Removed by Filter": 111}, {"Node Type": "Index Scan", "Parent Relationship": "Inner", "Scan Direction": "Forward", "Index Name": "info_type_id_movie_info_idx", "Relation Name": "movie_info_idx", "Alias": "mi_idx", "Startup Cost": 0.0, "Total Cost": 34873.91, "Plan Rows": 345008, "Plan Width": 8, "Actual Startup Time": 0.012, "Actual Total Time": 0.018, "Actual Rows": 10, "Actual Loops": 1, "Index Cond": "(info_type_id = it.id), (LLVM Optimized, Jit Execute)", "Rows Removed by Index Recheck": 0}]}]}, {"Node Type": "Sort", "Parent Relationship": "Inner", "Startup Cost": 201943.39, "Total Cost": 205204.68, "Plan Rows": 1304518, "Plan Width": 28, "Actual Startup Time": 739.619, "Actual Total Time": 751.835, "Actual Rows": 132371, "Actual Loops": 1, "Sort Key": ["mc.movie_id"], "Sort Method": "quicksort", "Sort Space Used": 20170, "Sort Space Type": "Memory", "Plans": [{"Node Type": "Nested Loop", "Parent Relationship": "Outer", "Join Type": "Inner", "Startup Cost": 0.0, "Total Cost": 69436.41, "Plan Rows": 1304518, "Plan Width": 28, "Actual Startup Time": 0.084, "Actual Total Time": 685.249, "Actual Rows": 140904, "Actual Loops": 1, "Inner Unique": false, "Plans": [{"Node Type": "Index Scan", "Parent Relationship": "Outer", "Scan Direction": "Forward", "Index Name": "company_type_pkey", "Relation Name": "company_type", "Alias": "ct", "Startup Cost": 0.0, "Total Cost": 12.3, "Plan Rows": 1, "Plan Width": 4, "Actual Startup Time": 0.005, "Actual Total Time": 0.011, "Actual Rows": 1, "Actual Loops": 1, "Filter": "((kind)::text = 'production companies'::text)", "Rows Removed by Filter": 2}, {"Node Type": "Index Scan", "Parent Relationship": "Inner", "Scan Direction": "Forward", "Index Name": "company_type_id_movie_companies", "Relation Name": "movie_companies", "Alias": "mc", "Startup Cost": 0.0, "Total Cost": 56378.94, "Plan Rows": 1304517, "Plan Width": 32, "Actual Startup Time": 0.076, "Actual Total Time": 656.006, "Actual Rows": 140904, "Actual Loops": 1, "Index Cond": "(company_type_id = ct.id), (LLVM Optimized, Jit Execute)", "Rows Removed by Index Recheck": 0, "Filter": "((note)::text !~~ '%(as Metro-Goldwyn-Mayer Pictures)%'::text), (LLVM Optimized, Jit Execute)", "Rows Removed by Filter": 1193979}]}]}]}, {"Node Type": "Index Scan", "Parent Relationship": "Inner", "Scan Direction": "Forward", "Index Name": "title_pkey", "Relation Name": "title", "Alias": "t", "Startup Cost": 0.0, "Total Cost": 116441.27, "Plan Rows": 1381886, "Plan Width": 25, "Actual Startup Time": 0.066, "Actual Total Time": 2681.576, "Actual Rows": 1289090, "Actual Loops": 1, "Filter": "(production_year > 2000), (LLVM Optimized, Jit Execute)", "Rows Removed by Filter": 1033479}]}]}, "Triggers": [], "Planner Runtime": 7, "Total Runtime": 3648.755, "Unique SQL Id": 2492542741}}, "(1, 90)": {"explain_plan": {"Plan": {"Node Type": "Aggregate", "Strategy": "Plain", "Startup Cost": 900414.2, "Total Cost": 900414.21, "Plan Rows": 1, "Plan Width": 113, "Plans": [{"Node Type": "Merge Join", "Parent Relationship": "Outer", "Join Type": "Inner", "Startup Cost": 887565.43, "Total Cost": 895535.01, "Plan Rows": 650559, "Plan Width": 45, "Inner Unique": false, "Merge Cond": "(ct.id = mc.company_type_id)", "Plans": [{"Node Type": "Sort", "Parent Relationship": "Outer", "Startup Cost": 1.05, "Total Cost": 1.05, "Plan Rows": 1, "Plan Width": 4, "Sort Key": ["ct.id"], "Plans": [{"Node Type": "Seq Scan", "Parent Relationship": "Outer", "Relation Name": "company_type", "Alias": "ct", "Startup Cost": 0.0, "Total Cost": 1.04, "Plan Rows": 1, "Plan Width": 4, "Filter": "((kind)::text = 'production companies'::text)"}]}, {"Node Type": "Sort", "Parent Relationship": "Inner", "Startup Cost": 884982.11, "Total Cost": 887620.07, "Plan Rows": 1055184, "Plan Width": 49, "Sort Key": ["mc.company_type_id"], "Plans": [{"Node Type": "Merge Join", "Parent Relationship": "Outer", "Join Type": "Inner", "Startup Cost": 736828.22, "Total Cost": 779415.9, "Plan Rows": 1055184, "Plan Width": 49, "Inner Unique": true, "Merge Cond": "(mc.movie_id = t.id)", "Plans": [{"Node Type": "Merge Join", "Parent Relationship": "Outer", "Join Type": "Inner", "Startup Cost": 529498.2, "Total Cost": 552558.76, "Plan Rows": 829046, "Plan Width": 36, "Inner Unique": false, "Merge Cond": "(mi_idx.movie_id = mc.movie_id)", "Plans": [{"Node Type": "Sort", "Parent Relationship": "Outer", "Startup Cost": 203099.06, "Total Cost": 203961.58, "Plan Rows": 345008, "Plan Width": 4, "Sort Key": ["mi_idx.movie_id"], "Plans": [{"Node Type": "Merge Join", "Parent Relationship": "Outer", "Join Type": "Inner", "Startup Cost": 161014.5, "Total Cost": 171364.75, "Plan Rows": 345008, "Plan Width": 4, "Inner Unique": false, "Merge Cond": "(it.id = mi_idx.info_type_id)", "Plans": [{"Node Type": "Sort", "Parent Relationship": "Outer", "Startup Cost": 2.41, "Total Cost": 2.42, "Plan Rows": 1, "Plan Width": 4, "Sort Key": ["it.id"], "Plans": [{"Node Type": "Seq Scan", "Parent Relationship": "Outer", "Relation Name": "info_type", "Alias": "it", "Startup Cost": 0.0, "Total Cost": 2.4, "Plan Rows": 1, "Plan Width": 4, "Filter": "((info)::text = 'bottom 10 rank'::text)"}]}, {"Node Type": "Sort", "Parent Relationship": "Inner", "Startup Cost": 161012.09, "Total Cost": 164462.17, "Plan Rows": 1380034, "Plan Width": 8, "Sort Key": ["mi_idx.info_type_id"], "Plans": [{"Node Type": "Seq Scan", "Parent Relationship": "Outer", "Relation Name": "movie_info_idx", "Alias": "mi_idx", "Startup Cost": 0.0, "Total Cost": 20274.34, "Plan Rows": 1380034, "Plan Width": 8}]}]}]}, {"Node Type": "Sort", "Parent Relationship": "Inner", "Startup Cost": 326399.11, "Total Cost": 332921.7, "Plan Rows": 2609035, "Plan Width": 32, "Sort Key": ["mc.movie_id"], "Plans": [{"Node Type": "Seq Scan", "Parent Relationship": "Outer", "Relation Name": "movie_companies", "Alias": "mc", "Startup Cost": 0.0, "Total Cost": 48340.1, "Plan Rows": 2609035, "Plan Width": 32, "Filter": "((note)::text !~~ '%(as Metro-Goldwyn-Mayer Pictures)%'::text), (LLVM Optimized)"}]}]}, {"Node Type": "Sort", "Parent Relationship": "Inner", "Startup Cost": 207329.87, "Total Cost": 210784.59, "Plan Rows": 1381886, "Plan Width": 25, "Sort Key": ["t.id"], "Plans": [{"Node Type": "Seq Scan", "Parent Relationship": "Outer", "Relation Name": "title", "Alias": "t", "Startup Cost": 0.0, "Total Cost": 66389.89, "Plan Rows": 1381886, "Plan Width": 25, "Filter": "(production_year > 2000), (LLVM Optimized)"}]}]}]}]}]}, "Unique SQL Id": 2492542741, "Planner Runtime": 6}, "explain_analyze_plan": {"Plan": {"Node Type": "Aggregate", "Strategy": "Plain", "Startup Cost": 900414.2, "Total Cost": 900414.21, "Plan Rows": 1, "Plan Width": 113, "Actual Startup Time": 5014.542, "Actual Total Time": 5014.542, "Actual Rows": 1, "Actual Loops": 1, "Plans": [{"Node Type": "Merge Join", "Parent Relationship": "Outer", "Join Type": "Inner", "Startup Cost": 887565.43, "Total Cost": 895535.01, "Plan Rows": 650559, "Plan Width": 45, "Actual Startup Time": 5014.455, "Actual Total Time": 5014.462, "Actual Rows": 4, "Actual Loops": 1, "Inner Unique": false, "Merge Cond": "(ct.id = mc.company_type_id)", "Plans": [{"Node Type": "Sort", "Parent Relationship": "Outer", "Startup Cost": 1.05, "Total Cost": 1.05, "Plan Rows": 1, "Plan Width": 4, "Actual Startup Time": 0.037, "Actual Total Time": 0.037, "Actual Rows": 1, "Actual Loops": 1, "Sort Key": ["ct.id"], "Sort Method": "quicksort", "Sort Space Used": 25, "Sort Space Type": "Memory", "Plans": [{"Node Type": "Seq Scan", "Parent Relationship": "Outer", "Relation Name": "company_type", "Alias": "ct", "Startup Cost": 0.0, "Total Cost": 1.04, "Plan Rows": 1, "Plan Width": 4, "Actual Startup Time": 0.02, "Actual Total Time": 0.023, "Actual Rows": 1, "Actual Loops": 1, "Filter": "((kind)::text = 'production companies'::text)", "Rows Removed by Filter": 2}]}, {"Node Type": "Sort", "Parent Relationship": "Inner", "Startup Cost": 884982.11, "Total Cost": 887620.07, "Plan Rows": 1055184, "Plan Width": 49, "Actual Startup Time": 5014.383, "Actual Total Time": 5014.398, "Actual Rows": 78, "Actual Loops": 1, "Sort Key": ["mc.company_type_id"], "Sort Method": "quicksort", "Sort Space Used": 37, "Sort Space Type": "Memory", "Plans": [{"Node Type": "Merge Join", "Parent Relationship": "Outer", "Join Type": "Inner", "Startup Cost": 736828.22, "Total Cost": 779415.9, "Plan Rows": 1055184, "Plan Width": 49, "Actual Startup Time": 4692.372, "Actual Total Time": 5014.248, "Actual Rows": 78, "Actual Loops": 1, "Inner Unique": true, "Merge Cond": "(mc.movie_id = t.id)", "Plans": [{"Node Type": "Merge Join", "Parent Relationship": "Outer", "Join Type": "Inner", "Startup Cost": 529498.2, "Total Cost": 552558.76, "Plan Rows": 829046, "Plan Width": 36, "Actual Startup Time": 2907.266, "Actual Total Time": 3118.726, "Actual Rows": 100, "Actual Loops": 1, "Inner Unique": false, "Merge Cond": "(mi_idx.movie_id = mc.movie_id)", "Plans": [{"Node Type": "Sort", "Parent Relationship": "Outer", "Startup Cost": 203099.06, "Total Cost": 203961.58, "Plan Rows": 345008, "Plan Width": 4, "Actual Startup Time": 1240.605, "Actual Total Time": 1240.61, "Actual Rows": 10, "Actual Loops": 1, "Sort Key": ["mi_idx.movie_id"], "Sort Method": "quicksort", "Sort Space Used": 25, "Sort Space Type": "Memory", "Plans": [{"Node Type": "Merge Join", "Parent Relationship": "Outer", "Join Type": "Inner", "Startup Cost": 161014.5, "Total Cost": 171364.75, "Plan Rows": 345008, "Plan Width": 4, "Actual Startup Time": 1239.09, "Actual Total Time": 1240.582, "Actual Rows": 10, "Actual Loops": 1, "Inner Unique": false, "Merge Cond": "(it.id = mi_idx.info_type_id)", "Plans": [{"Node Type": "Sort", "Parent Relationship": "Outer", "Startup Cost": 2.41, "Total Cost": 2.42, "Plan Rows": 1, "Plan Width": 4, "Actual Startup Time": 0.049, "Actual Total Time": 0.049, "Actual Rows": 1, "Actual Loops": 1, "Sort Key": ["it.id"], "Sort Method": "quicksort", "Sort Space Used": 25, "Sort Space Type": "Memory", "Plans": [{"Node Type": "Seq Scan", "Parent Relationship": "Outer", "Relation Name": "info_type", "Alias": "it", "Startup Cost": 0.0, "Total Cost": 2.4, "Plan Rows": 1, "Plan Width": 4, "Actual Startup Time": 0.044, "Actual Total Time": 0.045, "Actual Rows": 1, "Actual Loops": 1, "Filter": "((info)::text = 'bottom 10 rank'::text)", "Rows Removed by Filter": 111}]}, {"Node Type": "Sort", "Parent Relationship": "Inner", "Startup Cost": 161012.09, "Total Cost": 164462.17, "Plan Rows": 1380034, "Plan Width": 8, "Actual Startup Time": 724.424, "Actual Total Time": 1047.452, "Actual Rows": 1380034, "Actual Loops": 1, "Sort Key": ["mi_idx.info_type_id"], "Sort Method": "quicksort", "Sort Space Used": 135405, "Sort Space Type": "Memory", "Plans": [{"Node Type": "Seq Scan", "Parent Relationship": "Outer", "Relation Name": "movie_info_idx", "Alias": "mi_idx", "Startup Cost": 0.0, "Total Cost": 20274.34, "Plan Rows": 1380034, "Plan Width": 8, "Actual Startup Time": 0.049, "Actual Total Time": 374.098, "Actual Rows": 1380034, "Actual Loops": 1}]}]}]}, {"Node Type": "Sort", "Parent Relationship": "Inner", "Startup Cost": 326399.11, "Total Cost": 332921.7, "Plan Rows": 2609035, "Plan Width": 32, "Actual Startup Time": 1530.6, "Actual Total Time": 1663.469, "Actual Rows": 1263891, "Actual Loops": 1, "Sort Key": ["mc.movie_id"], "Sort Method": "quicksort", "Sort Space Used": 184544, "Sort Space Type": "Memory", "Plans": [{"Node Type": "Seq Scan", "Parent Relationship": "Outer", "Relation Name": "movie_companies", "Alias": "mc", "Startup Cost": 0.0, "Total Cost": 48340.1, "Plan Rows": 2609035, "Plan Width": 32, "Actual Startup Time": 0.065, "Actual Total Time": 1008.68, "Actual Rows": 1337087, "Actual Loops": 1, "Filter": "((note)::text !~~ '%(as Metro-Goldwyn-Mayer Pictures)%'::text), (LLVM Optimized, Jit Execute)", "Rows Removed by Filter": 1272041}]}]}, {"Node Type": "Sort", "Parent Relationship": "Inner", "Startup Cost": 207329.87, "Total Cost": 210784.59, "Plan Rows": 1381886, "Plan Width": 25, "Actual Startup Time": 1466.705, "Actual Total Time": 1681.434, "Actual Rows": 1345390, "Actual Loops": 1, "Sort Key": ["t.id"], "Sort Method": "quicksort", "Sort Space Used": 186407, "Sort Space Type": "Memory", "Plans": [{"Node Type": "Seq Scan", "Parent Relationship": "Outer", "Relation Name": "title", "Alias": "t", "Startup Cost": 0.0, "Total Cost": 66389.89, "Plan Rows": 1381886, "Plan Width": 25, "Actual Startup Time": 0.051, "Actual Total Time": 861.32, "Actual Rows": 1381453, "Actual Loops": 1, "Filter": "(production_year > 2000), (LLVM Optimized, Jit Execute)", "Rows Removed by Filter": 1146858}]}]}]}]}]}, "Triggers": [], "Planner Runtime": 5, "Total Runtime": 5024.328, "Unique SQL Id": 2492542741}}, "(1, 91)": {"explain_plan": {"Plan": {"Node Type": "Aggregate", "Strategy": "Plain", "Startup Cost": 4997223600987.78, "Total Cost": 4997223600987.79, "Plan Rows": 1, "Plan Width": 113, "Plans": [{"Node Type": "Merge Join", "Parent Relationship": "Outer", "Join Type": "Inner", "Startup Cost": 4007223586908.76, "Total Cost": 4997223596108.58, "Plan Rows": 650559, "Plan Width": 45, "Inner Unique": false, "Merge Cond": "(ct.id = mc.company_type_id)", "Plans": [{"Node Type": "Index Scan", "Parent Relationship": "Outer", "Scan Direction": "Forward", "Index Name": "company_type_pkey", "Relation Name": "company_type", "Alias": "ct", "Startup Cost": 10000000000.0, "Total Cost": 1000000001230.25, "Plan Rows": 1, "Plan Width": 4, "Filter": "((kind)::text = 'production companies'::text)"}, {"Node Type": "Sort", "Parent Relationship": "Inner", "Startup Cost": 3997223584326.49, "Total Cost": 3997223586964.45, "Plan Rows": 1055184, "Plan Width": 49, "Sort Key": ["mc.company_type_id"], "Plans": [{"Node Type": "Merge Join", "Parent Relationship": "Outer", "Join Type": "Inner", "Startup Cost": 2020023358090.7, "Total Cost": 3997223478760.27, "Plan Rows": 1055184, "Plan Width": 49, "Inner Unique": false, "Merge Cond": "(t.id = mi_idx.movie_id)", "Plans": [{"Node Type": "Merge Join", "Parent Relationship": "Outer", "Join Type": "Inner", "Startup Cost": 20021492619.09, "Total Cost": 1999076860697.37, "Plan Rows": 3320699, "Plan Width": 57, "Inner Unique": false, "Merge Cond": "(t.id = mc.movie_id)", "Plans": [{"Node Type": "Index Scan", "Parent Relationship": "Outer", "Scan Direction": "Forward", "Index Name": "title_pkey", "Relation Name": "title", "Alias": "t", "Startup Cost": 10000000000.0, "Total Cost": 1000011644126.66, "Plan Rows": 1381886, "Plan Width": 25, "Filter": "(production_year > 2000), (LLVM Optimized)"}, {"Node Type": "Materialize", "Parent Relationship": "Inner", "Startup Cost": 10000000000.0, "Total Cost": 1000013710750.72, "Plan Rows": 2609035, "Plan Width": 32, "Plans": [{"Node Type": "Index Scan", "Parent Relationship": "Outer", "Scan Direction": "Forward", "Index Name": "movie_id_movie_companies", "Relation Name": "movie_companies", "Alias": "mc", "Startup Cost": 10000000000.0, "Total Cost": 1000013704228.13, "Plan Rows": 2609035, "Plan Width": 32, "Filter": "((note)::text !~~ '%(as Metro-Goldwyn-Mayer Pictures)%'::text), (LLVM Optimized)"}]}]}, {"Node Type": "Sort", "Parent Relationship": "Inner", "Startup Cost": 2000001865471.58, "Total Cost": 2000001866334.1, "Plan Rows": 345008, "Plan Width": 4, "Sort Key": ["mi_idx.movie_id"], "Plans": [{"Node Type": "Nested Loop", "Parent Relationship": "Outer", "Join Type": "Inner", "Startup Cost": 20000007502.06, "Total Cost": 2000001833737.28, "Plan Rows": 345008, "Plan Width": 4, "Inner Unique": false, "Plans": [{"Node Type": "Index Scan", "Parent Relationship": "Outer", "Scan Direction": "Forward", "Index Name": "info_type_pkey", "Relation Name": "info_type", "Alias": "it", "Startup Cost": 10000000000.0, "Total Cost": 1000000001421.0, "Plan Rows": 1, "Plan Width": 4, "Filter": "((info)::text = 'bottom 10 rank'::text)"}, {"Node Type": "Bitmap Heap Scan", "Parent Relationship": "Inner", "Relation Name": "movie_info_idx", "Alias": "mi_idx", "Startup Cost": 10000007502.06, "Total Cost": 1000001828866.2, "Plan Rows": 345008, "Plan Width": 8, "Recheck Cond": "(info_type_id = it.id), (LLVM Optimized)", "Plans": [{"Node Type": "Bitmap Index Scan", "Parent Relationship": "Outer", "Index Name": "info_type_id_movie_info_idx", "Startup Cost": 0.0, "Total Cost": 7415.81, "Plan Rows": 345008, "Plan Width": 0, "Index Cond": "(info_type_id = it.id)"}]}]}]}]}]}]}]}, "Unique SQL Id": 2492542741, "Planner Runtime": 10}, "explain_analyze_plan": null}, "(1, 92)": {"explain_plan": {"Plan": {"Node Type": "Aggregate", "Strategy": "Plain", "Startup Cost": 418246.06, "Total Cost": 418246.07, "Plan Rows": 1, "Plan Width": 113, "Plans": [{"Node Type": "Merge Join", "Parent Relationship": "Outer", "Join Type": "Inner", "Startup Cost": 271995.45, "Total Cost": 413366.87, "Plan Rows": 650559, "Plan Width": 45, "Inner Unique": true, "Merge Cond": "(mc.movie_id = t.id)", "Plans": [{"Node Type": "Merge Join", "Parent Relationship": "Outer", "Join Type": "Inner", "Startup Cost": 271992.84, "Total Cost": 285827.22, "Plan Rows": 501180, "Plan Width": 32, "Inner Unique": false, "Merge Cond": "(mi_idx.movie_id = mc.movie_id)", "Plans": [{"Node Type": "Sort", "Parent Relationship": "Outer", "Startup Cost": 70060.69, "Total Cost": 70923.21, "Plan Rows": 345008, "Plan Width": 4, "Sort Key": ["mi_idx.movie_id"], "Plans": [{"Node Type": "Nested Loop", "Parent Relationship": "Outer", "Join Type": "Inner", "Startup Cost": 0.0, "Total Cost": 38326.39, "Plan Rows": 345008, "Plan Width": 4, "Inner Unique": false, "Plans": [{"Node Type": "Seq Scan", "Parent Relationship": "Outer", "Relation Name": "info_type", "Alias": "it", "Startup Cost": 0.0, "Total Cost": 2.4, "Plan Rows": 1, "Plan Width": 4, "Filter": "((info)::text = 'bottom 10 rank'::text)"}, {"Node Type": "Index Scan", "Parent Relationship": "Inner", "Scan Direction": "Forward", "Index Name": "info_type_id_movie_info_idx", "Relation Name": "movie_info_idx", "Alias": "mi_idx", "Startup Cost": 0.0, "Total Cost": 34873.91, "Plan Rows": 345008, "Plan Width": 8, "Index Cond": "(info_type_id = it.id), (LLVM Optimized)"}]}]}, {"Node Type": "Sort", "Parent Relationship": "Inner", "Startup Cost": 201932.12, "Total Cost": 205193.42, "Plan Rows": 1304518, "Plan Width": 28, "Sort Key": ["mc.movie_id"], "Plans": [{"Node Type": "Nested Loop", "Parent Relationship": "Outer", "Join Type": "Inner", "Startup Cost": 0.0, "Total Cost": 69425.15, "Plan Rows": 1304518, "Plan Width": 28, "Inner Unique": false, "Plans": [{"Node Type": "Seq Scan", "Parent Relationship": "Outer", "Relation Name": "company_type", "Alias": "ct", "Startup Cost": 0.0, "Total Cost": 1.04, "Plan Rows": 1, "Plan Width": 4, "Filter": "((kind)::text = 'production companies'::text)"}, {"Node Type": "Index Scan", "Parent Relationship": "Inner", "Scan Direction": "Forward", "Index Name": "company_type_id_movie_companies", "Relation Name": "movie_companies", "Alias": "mc", "Startup Cost": 0.0, "Total Cost": 56378.94, "Plan Rows": 1304517, "Plan Width": 32, "Index Cond": "(company_type_id = ct.id), (LLVM Optimized)", "Filter": "((note)::text !~~ '%(as Metro-Goldwyn-Mayer Pictures)%'::text), (LLVM Optimized)"}]}]}]}, {"Node Type": "Index Scan", "Parent Relationship": "Inner", "Scan Direction": "Forward", "Index Name": "title_pkey", "Relation Name": "title", "Alias": "t", "Startup Cost": 0.0, "Total Cost": 116441.27, "Plan Rows": 1381886, "Plan Width": 25, "Filter": "(production_year > 2000), (LLVM Optimized)"}]}]}, "Unique SQL Id": 2492542741, "Planner Runtime": 8}, "explain_analyze_plan": {"Plan": {"Node Type": "Aggregate", "Strategy": "Plain", "Startup Cost": 418246.06, "Total Cost": 418246.07, "Plan Rows": 1, "Plan Width": 113, "Actual Startup Time": 3628.088, "Actual Total Time": 3628.088, "Actual Rows": 1, "Actual Loops": 1, "Plans": [{"Node Type": "Merge Join", "Parent Relationship": "Outer", "Join Type": "Inner", "Startup Cost": 271995.45, "Total Cost": 413366.87, "Plan Rows": 650559, "Plan Width": 45, "Actual Startup Time": 2974.386, "Actual Total Time": 3628.039, "Actual Rows": 4, "Actual Loops": 1, "Inner Unique": true, "Merge Cond": "(mc.movie_id = t.id)", "Plans": [{"Node Type": "Merge Join", "Parent Relationship": "Outer", "Join Type": "Inner", "Startup Cost": 271992.84, "Total Cost": 285827.22, "Plan Rows": 501180, "Plan Width": 32, "Actual Startup Time": 732.82, "Actual Total Time": 753.361, "Actual Rows": 5, "Actual Loops": 1, "Inner Unique": false, "Merge Cond": "(mi_idx.movie_id = mc.movie_id)", "Plans": [{"Node Type": "Sort", "Parent Relationship": "Outer", "Startup Cost": 70060.69, "Total Cost": 70923.21, "Plan Rows": 345008, "Plan Width": 4, "Actual Startup Time": 0.124, "Actual Total Time": 0.127, "Actual Rows": 10, "Actual Loops": 1, "Sort Key": ["mi_idx.movie_id"], "Sort Method": "quicksort", "Sort Space Used": 25, "Sort Space Type": "Memory", "Plans": [{"Node Type": "Nested Loop", "Parent Relationship": "Outer", "Join Type": "Inner", "Startup Cost": 0.0, "Total Cost": 38326.39, "Plan Rows": 345008, "Plan Width": 4, "Actual Startup Time": 0.092, "Actual Total Time": 0.104, "Actual Rows": 10, "Actual Loops": 1, "Inner Unique": false, "Plans": [{"Node Type": "Seq Scan", "Parent Relationship": "Outer", "Relation Name": "info_type", "Alias": "it", "Startup Cost": 0.0, "Total Cost": 2.4, "Plan Rows": 1, "Plan Width": 4, "Actual Startup Time": 0.069, "Actual Total Time": 0.073, "Actual Rows": 1, "Actual Loops": 1, "Filter": "((info)::text = 'bottom 10 rank'::text)", "Rows Removed by Filter": 111}, {"Node Type": "Index Scan", "Parent Relationship": "Inner", "Scan Direction": "Forward", "Index Name": "info_type_id_movie_info_idx", "Relation Name": "movie_info_idx", "Alias": "mi_idx", "Startup Cost": 0.0, "Total Cost": 34873.91, "Plan Rows": 345008, "Plan Width": 8, "Actual Startup Time": 0.017, "Actual Total Time": 0.021, "Actual Rows": 10, "Actual Loops": 1, "Index Cond": "(info_type_id = it.id), (LLVM Optimized, Jit Execute)", "Rows Removed by Index Recheck": 0}]}]}, {"Node Type": "Sort", "Parent Relationship": "Inner", "Startup Cost": 201932.12, "Total Cost": 205193.42, "Plan Rows": 1304518, "Plan Width": 28, "Actual Startup Time": 716.654, "Actual Total Time": 731.658, "Actual Rows": 132371, "Actual Loops": 1, "Sort Key": ["mc.movie_id"], "Sort Method": "quicksort", "Sort Space Used": 20170, "Sort Space Type": "Memory", "Plans": [{"Node Type": "Nested Loop", "Parent Relationship": "Outer", "Join Type": "Inner", "Startup Cost": 0.0, "Total Cost": 69425.15, "Plan Rows": 1304518, "Plan Width": 28, "Actual Startup Time": 0.084, "Actual Total Time": 663.03, "Actual Rows": 140904, "Actual Loops": 1, "Inner Unique": false, "Plans": [{"Node Type": "Seq Scan", "Parent Relationship": "Outer", "Relation Name": "company_type", "Alias": "ct", "Startup Cost": 0.0, "Total Cost": 1.04, "Plan Rows": 1, "Plan Width": 4, "Actual Startup Time": 0.007, "Actual Total Time": 0.016, "Actual Rows": 1, "Actual Loops": 1, "Filter": "((kind)::text = 'production companies'::text)", "Rows Removed by Filter": 2}, {"Node Type": "Index Scan", "Parent Relationship": "Inner", "Scan Direction": "Forward", "Index Name": "company_type_id_movie_companies", "Relation Name": "movie_companies", "Alias": "mc", "Startup Cost": 0.0, "Total Cost": 56378.94, "Plan Rows": 1304517, "Plan Width": 32, "Actual Startup Time": 0.076, "Actual Total Time": 634.14, "Actual Rows": 140904, "Actual Loops": 1, "Index Cond": "(company_type_id = ct.id), (LLVM Optimized, Jit Execute)", "Rows Removed by Index Recheck": 0, "Filter": "((note)::text !~~ '%(as Metro-Goldwyn-Mayer Pictures)%'::text), (LLVM Optimized, Jit Execute)", "Rows Removed by Filter": 1193979}]}]}]}, {"Node Type": "Index Scan", "Parent Relationship": "Inner", "Scan Direction": "Forward", "Index Name": "title_pkey", "Relation Name": "title", "Alias": "t", "Startup Cost": 0.0, "Total Cost": 116441.27, "Plan Rows": 1381886, "Plan Width": 25, "Actual Startup Time": 0.042, "Actual Total Time": 2690.388, "Actual Rows": 1289090, "Actual Loops": 1, "Filter": "(production_year > 2000), (LLVM Optimized, Jit Execute)", "Rows Removed by Filter": 1033479}]}]}, "Triggers": [], "Planner Runtime": 8, "Total Runtime": 3638.161, "Unique SQL Id": 2492542741}}, "(1, 93)": {"explain_plan": {"Plan": {"Node Type": "Aggregate", "Strategy": "Plain", "Startup Cost": 418269.13, "Total Cost": 418269.14, "Plan Rows": 1, "Plan Width": 113, "Plans": [{"Node Type": "Merge Join", "Parent Relationship": "Outer", "Join Type": "Inner", "Startup Cost": 272018.52, "Total Cost": 413389.94, "Plan Rows": 650559, "Plan Width": 45, "Inner Unique": true, "Merge Cond": "(mc.movie_id = t.id)", "Plans": [{"Node Type": "Merge Join", "Parent Relationship": "Outer", "Join Type": "Inner", "Startup Cost": 272015.92, "Total Cost": 285850.29, "Plan Rows": 501180, "Plan Width": 32, "Inner Unique": false, "Merge Cond": "(mi_idx.movie_id = mc.movie_id)", "Plans": [{"Node Type": "Sort", "Parent Relationship": "Outer", "Startup Cost": 70072.5, "Total Cost": 70935.02, "Plan Rows": 345008, "Plan Width": 4, "Sort Key": ["mi_idx.movie_id"], "Plans": [{"Node Type": "Nested Loop", "Parent Relationship": "Outer", "Join Type": "Inner", "Startup Cost": 0.0, "Total Cost": 38338.2, "Plan Rows": 345008, "Plan Width": 4, "Inner Unique": false, "Plans": [{"Node Type": "Index Scan", "Parent Relationship": "Outer", "Scan Direction": "Forward", "Index Name": "info_type_pkey", "Relation Name": "info_type", "Alias": "it", "Startup Cost": 0.0, "Total Cost": 14.21, "Plan Rows": 1, "Plan Width": 4, "Filter": "((info)::text = 'bottom 10 rank'::text)"}, {"Node Type": "Index Scan", "Parent Relationship": "Inner", "Scan Direction": "Forward", "Index Name": "info_type_id_movie_info_idx", "Relation Name": "movie_info_idx", "Alias": "mi_idx", "Startup Cost": 0.0, "Total Cost": 34873.91, "Plan Rows": 345008, "Plan Width": 8, "Index Cond": "(info_type_id = it.id), (LLVM Optimized)"}]}]}, {"Node Type": "Sort", "Parent Relationship": "Inner", "Startup Cost": 201943.39, "Total Cost": 205204.68, "Plan Rows": 1304518, "Plan Width": 28, "Sort Key": ["mc.movie_id"], "Plans": [{"Node Type": "Nested Loop", "Parent Relationship": "Outer", "Join Type": "Inner", "Startup Cost": 0.0, "Total Cost": 69436.41, "Plan Rows": 1304518, "Plan Width": 28, "Inner Unique": false, "Plans": [{"Node Type": "Index Scan", "Parent Relationship": "Outer", "Scan Direction": "Forward", "Index Name": "company_type_pkey", "Relation Name": "company_type", "Alias": "ct", "Startup Cost": 0.0, "Total Cost": 12.3, "Plan Rows": 1, "Plan Width": 4, "Filter": "((kind)::text = 'production companies'::text)"}, {"Node Type": "Index Scan", "Parent Relationship": "Inner", "Scan Direction": "Forward", "Index Name": "company_type_id_movie_companies", "Relation Name": "movie_companies", "Alias": "mc", "Startup Cost": 0.0, "Total Cost": 56378.94, "Plan Rows": 1304517, "Plan Width": 32, "Index Cond": "(company_type_id = ct.id), (LLVM Optimized)", "Filter": "((note)::text !~~ '%(as Metro-Goldwyn-Mayer Pictures)%'::text), (LLVM Optimized)"}]}]}]}, {"Node Type": "Index Scan", "Parent Relationship": "Inner", "Scan Direction": "Forward", "Index Name": "title_pkey", "Relation Name": "title", "Alias": "t", "Startup Cost": 0.0, "Total Cost": 116441.27, "Plan Rows": 1381886, "Plan Width": 25, "Filter": "(production_year > 2000), (LLVM Optimized)"}]}]}, "Unique SQL Id": 2492542741, "Planner Runtime": 7}, "explain_analyze_plan": {"Plan": {"Node Type": "Aggregate", "Strategy": "Plain", "Startup Cost": 418269.13, "Total Cost": 418269.14, "Plan Rows": 1, "Plan Width": 113, "Actual Startup Time": 3638.534, "Actual Total Time": 3638.534, "Actual Rows": 1, "Actual Loops": 1, "Plans": [{"Node Type": "Merge Join", "Parent Relationship": "Outer", "Join Type": "Inner", "Startup Cost": 272018.52, "Total Cost": 413389.94, "Plan Rows": 650559, "Plan Width": 45, "Actual Startup Time": 2969.717, "Actual Total Time": 3638.471, "Actual Rows": 4, "Actual Loops": 1, "Inner Unique": true, "Merge Cond": "(mc.movie_id = t.id)", "Plans": [{"Node Type": "Merge Join", "Parent Relationship": "Outer", "Join Type": "Inner", "Startup Cost": 272015.92, "Total Cost": 285850.29, "Plan Rows": 501180, "Plan Width": 32, "Actual Startup Time": 755.103, "Actual Total Time": 772.525, "Actual Rows": 5, "Actual Loops": 1, "Inner Unique": false, "Merge Cond": "(mi_idx.movie_id = mc.movie_id)", "Plans": [{"Node Type": "Sort", "Parent Relationship": "Outer", "Startup Cost": 70072.5, "Total Cost": 70935.02, "Plan Rows": 345008, "Plan Width": 4, "Actual Startup Time": 0.126, "Actual Total Time": 0.13, "Actual Rows": 10, "Actual Loops": 1, "Sort Key": ["mi_idx.movie_id"], "Sort Method": "quicksort", "Sort Space Used": 25, "Sort Space Type": "Memory", "Plans": [{"Node Type": "Nested Loop", "Parent Relationship": "Outer", "Join Type": "Inner", "Startup Cost": 0.0, "Total Cost": 38338.2, "Plan Rows": 345008, "Plan Width": 4, "Actual Startup Time": 0.097, "Actual Total Time": 0.105, "Actual Rows": 10, "Actual Loops": 1, "Inner Unique": false, "Plans": [{"Node Type": "Index Scan", "Parent Relationship": "Outer", "Scan Direction": "Forward", "Index Name": "info_type_pkey", "Relation Name": "info_type", "Alias": "it", "Startup Cost": 0.0, "Total Cost": 14.21, "Plan Rows": 1, "Plan Width": 4, "Actual Startup Time": 0.08, "Actual Total Time": 0.081, "Actual Rows": 1, "Actual Loops": 1, "Filter": "((info)::text = 'bottom 10 rank'::text)", "Rows Removed by Filter": 111}, {"Node Type": "Index Scan", "Parent Relationship": "Inner", "Scan Direction": "Forward", "Index Name": "info_type_id_movie_info_idx", "Relation Name": "movie_info_idx", "Alias": "mi_idx", "Startup Cost": 0.0, "Total Cost": 34873.91, "Plan Rows": 345008, "Plan Width": 8, "Actual Startup Time": 0.012, "Actual Total Time": 0.018, "Actual Rows": 10, "Actual Loops": 1, "Index Cond": "(info_type_id = it.id), (LLVM Optimized, Jit Execute)", "Rows Removed by Index Recheck": 0}]}]}, {"Node Type": "Sort", "Parent Relationship": "Inner", "Startup Cost": 201943.39, "Total Cost": 205204.68, "Plan Rows": 1304518, "Plan Width": 28, "Actual Startup Time": 739.619, "Actual Total Time": 751.835, "Actual Rows": 132371, "Actual Loops": 1, "Sort Key": ["mc.movie_id"], "Sort Method": "quicksort", "Sort Space Used": 20170, "Sort Space Type": "Memory", "Plans": [{"Node Type": "Nested Loop", "Parent Relationship": "Outer", "Join Type": "Inner", "Startup Cost": 0.0, "Total Cost": 69436.41, "Plan Rows": 1304518, "Plan Width": 28, "Actual Startup Time": 0.084, "Actual Total Time": 685.249, "Actual Rows": 140904, "Actual Loops": 1, "Inner Unique": false, "Plans": [{"Node Type": "Index Scan", "Parent Relationship": "Outer", "Scan Direction": "Forward", "Index Name": "company_type_pkey", "Relation Name": "company_type", "Alias": "ct", "Startup Cost": 0.0, "Total Cost": 12.3, "Plan Rows": 1, "Plan Width": 4, "Actual Startup Time": 0.005, "Actual Total Time": 0.011, "Actual Rows": 1, "Actual Loops": 1, "Filter": "((kind)::text = 'production companies'::text)", "Rows Removed by Filter": 2}, {"Node Type": "Index Scan", "Parent Relationship": "Inner", "Scan Direction": "Forward", "Index Name": "company_type_id_movie_companies", "Relation Name": "movie_companies", "Alias": "mc", "Startup Cost": 0.0, "Total Cost": 56378.94, "Plan Rows": 1304517, "Plan Width": 32, "Actual Startup Time": 0.076, "Actual Total Time": 656.006, "Actual Rows": 140904, "Actual Loops": 1, "Index Cond": "(company_type_id = ct.id), (LLVM Optimized, Jit Execute)", "Rows Removed by Index Recheck": 0, "Filter": "((note)::text !~~ '%(as Metro-Goldwyn-Mayer Pictures)%'::text), (LLVM Optimized, Jit Execute)", "Rows Removed by Filter": 1193979}]}]}]}, {"Node Type": "Index Scan", "Parent Relationship": "Inner", "Scan Direction": "Forward", "Index Name": "title_pkey", "Relation Name": "title", "Alias": "t", "Startup Cost": 0.0, "Total Cost": 116441.27, "Plan Rows": 1381886, "Plan Width": 25, "Actual Startup Time": 0.066, "Actual Total Time": 2681.576, "Actual Rows": 1289090, "Actual Loops": 1, "Filter": "(production_year > 2000), (LLVM Optimized, Jit Execute)", "Rows Removed by Filter": 1033479}]}]}, "Triggers": [], "Planner Runtime": 7, "Total Runtime": 3648.755, "Unique SQL Id": 2492542741}}, "(1, 94)": {"explain_plan": {"Plan": {"Node Type": "Aggregate", "Strategy": "Plain", "Startup Cost": 900414.2, "Total Cost": 900414.21, "Plan Rows": 1, "Plan Width": 113, "Plans": [{"Node Type": "Merge Join", "Parent Relationship": "Outer", "Join Type": "Inner", "Startup Cost": 887565.43, "Total Cost": 895535.01, "Plan Rows": 650559, "Plan Width": 45, "Inner Unique": false, "Merge Cond": "(ct.id = mc.company_type_id)", "Plans": [{"Node Type": "Sort", "Parent Relationship": "Outer", "Startup Cost": 1.05, "Total Cost": 1.05, "Plan Rows": 1, "Plan Width": 4, "Sort Key": ["ct.id"], "Plans": [{"Node Type": "Seq Scan", "Parent Relationship": "Outer", "Relation Name": "company_type", "Alias": "ct", "Startup Cost": 0.0, "Total Cost": 1.04, "Plan Rows": 1, "Plan Width": 4, "Filter": "((kind)::text = 'production companies'::text)"}]}, {"Node Type": "Sort", "Parent Relationship": "Inner", "Startup Cost": 884982.11, "Total Cost": 887620.07, "Plan Rows": 1055184, "Plan Width": 49, "Sort Key": ["mc.company_type_id"], "Plans": [{"Node Type": "Merge Join", "Parent Relationship": "Outer", "Join Type": "Inner", "Startup Cost": 736828.22, "Total Cost": 779415.9, "Plan Rows": 1055184, "Plan Width": 49, "Inner Unique": true, "Merge Cond": "(mc.movie_id = t.id)", "Plans": [{"Node Type": "Merge Join", "Parent Relationship": "Outer", "Join Type": "Inner", "Startup Cost": 529498.2, "Total Cost": 552558.76, "Plan Rows": 829046, "Plan Width": 36, "Inner Unique": false, "Merge Cond": "(mi_idx.movie_id = mc.movie_id)", "Plans": [{"Node Type": "Sort", "Parent Relationship": "Outer", "Startup Cost": 203099.06, "Total Cost": 203961.58, "Plan Rows": 345008, "Plan Width": 4, "Sort Key": ["mi_idx.movie_id"], "Plans": [{"Node Type": "Merge Join", "Parent Relationship": "Outer", "Join Type": "Inner", "Startup Cost": 161014.5, "Total Cost": 171364.75, "Plan Rows": 345008, "Plan Width": 4, "Inner Unique": false, "Merge Cond": "(it.id = mi_idx.info_type_id)", "Plans": [{"Node Type": "Sort", "Parent Relationship": "Outer", "Startup Cost": 2.41, "Total Cost": 2.42, "Plan Rows": 1, "Plan Width": 4, "Sort Key": ["it.id"], "Plans": [{"Node Type": "Seq Scan", "Parent Relationship": "Outer", "Relation Name": "info_type", "Alias": "it", "Startup Cost": 0.0, "Total Cost": 2.4, "Plan Rows": 1, "Plan Width": 4, "Filter": "((info)::text = 'bottom 10 rank'::text)"}]}, {"Node Type": "Sort", "Parent Relationship": "Inner", "Startup Cost": 161012.09, "Total Cost": 164462.17, "Plan Rows": 1380034, "Plan Width": 8, "Sort Key": ["mi_idx.info_type_id"], "Plans": [{"Node Type": "Seq Scan", "Parent Relationship": "Outer", "Relation Name": "movie_info_idx", "Alias": "mi_idx", "Startup Cost": 0.0, "Total Cost": 20274.34, "Plan Rows": 1380034, "Plan Width": 8}]}]}]}, {"Node Type": "Sort", "Parent Relationship": "Inner", "Startup Cost": 326399.11, "Total Cost": 332921.7, "Plan Rows": 2609035, "Plan Width": 32, "Sort Key": ["mc.movie_id"], "Plans": [{"Node Type": "Seq Scan", "Parent Relationship": "Outer", "Relation Name": "movie_companies", "Alias": "mc", "Startup Cost": 0.0, "Total Cost": 48340.1, "Plan Rows": 2609035, "Plan Width": 32, "Filter": "((note)::text !~~ '%(as Metro-Goldwyn-Mayer Pictures)%'::text), (LLVM Optimized)"}]}]}, {"Node Type": "Sort", "Parent Relationship": "Inner", "Startup Cost": 207329.87, "Total Cost": 210784.59, "Plan Rows": 1381886, "Plan Width": 25, "Sort Key": ["t.id"], "Plans": [{"Node Type": "Seq Scan", "Parent Relationship": "Outer", "Relation Name": "title", "Alias": "t", "Startup Cost": 0.0, "Total Cost": 66389.89, "Plan Rows": 1381886, "Plan Width": 25, "Filter": "(production_year > 2000), (LLVM Optimized)"}]}]}]}]}]}, "Unique SQL Id": 2492542741, "Planner Runtime": 5}, "explain_analyze_plan": {"Plan": {"Node Type": "Aggregate", "Strategy": "Plain", "Startup Cost": 900414.2, "Total Cost": 900414.21, "Plan Rows": 1, "Plan Width": 113, "Actual Startup Time": 5014.542, "Actual Total Time": 5014.542, "Actual Rows": 1, "Actual Loops": 1, "Plans": [{"Node Type": "Merge Join", "Parent Relationship": "Outer", "Join Type": "Inner", "Startup Cost": 887565.43, "Total Cost": 895535.01, "Plan Rows": 650559, "Plan Width": 45, "Actual Startup Time": 5014.455, "Actual Total Time": 5014.462, "Actual Rows": 4, "Actual Loops": 1, "Inner Unique": false, "Merge Cond": "(ct.id = mc.company_type_id)", "Plans": [{"Node Type": "Sort", "Parent Relationship": "Outer", "Startup Cost": 1.05, "Total Cost": 1.05, "Plan Rows": 1, "Plan Width": 4, "Actual Startup Time": 0.037, "Actual Total Time": 0.037, "Actual Rows": 1, "Actual Loops": 1, "Sort Key": ["ct.id"], "Sort Method": "quicksort", "Sort Space Used": 25, "Sort Space Type": "Memory", "Plans": [{"Node Type": "Seq Scan", "Parent Relationship": "Outer", "Relation Name": "company_type", "Alias": "ct", "Startup Cost": 0.0, "Total Cost": 1.04, "Plan Rows": 1, "Plan Width": 4, "Actual Startup Time": 0.02, "Actual Total Time": 0.023, "Actual Rows": 1, "Actual Loops": 1, "Filter": "((kind)::text = 'production companies'::text)", "Rows Removed by Filter": 2}]}, {"Node Type": "Sort", "Parent Relationship": "Inner", "Startup Cost": 884982.11, "Total Cost": 887620.07, "Plan Rows": 1055184, "Plan Width": 49, "Actual Startup Time": 5014.383, "Actual Total Time": 5014.398, "Actual Rows": 78, "Actual Loops": 1, "Sort Key": ["mc.company_type_id"], "Sort Method": "quicksort", "Sort Space Used": 37, "Sort Space Type": "Memory", "Plans": [{"Node Type": "Merge Join", "Parent Relationship": "Outer", "Join Type": "Inner", "Startup Cost": 736828.22, "Total Cost": 779415.9, "Plan Rows": 1055184, "Plan Width": 49, "Actual Startup Time": 4692.372, "Actual Total Time": 5014.248, "Actual Rows": 78, "Actual Loops": 1, "Inner Unique": true, "Merge Cond": "(mc.movie_id = t.id)", "Plans": [{"Node Type": "Merge Join", "Parent Relationship": "Outer", "Join Type": "Inner", "Startup Cost": 529498.2, "Total Cost": 552558.76, "Plan Rows": 829046, "Plan Width": 36, "Actual Startup Time": 2907.266, "Actual Total Time": 3118.726, "Actual Rows": 100, "Actual Loops": 1, "Inner Unique": false, "Merge Cond": "(mi_idx.movie_id = mc.movie_id)", "Plans": [{"Node Type": "Sort", "Parent Relationship": "Outer", "Startup Cost": 203099.06, "Total Cost": 203961.58, "Plan Rows": 345008, "Plan Width": 4, "Actual Startup Time": 1240.605, "Actual Total Time": 1240.61, "Actual Rows": 10, "Actual Loops": 1, "Sort Key": ["mi_idx.movie_id"], "Sort Method": "quicksort", "Sort Space Used": 25, "Sort Space Type": "Memory", "Plans": [{"Node Type": "Merge Join", "Parent Relationship": "Outer", "Join Type": "Inner", "Startup Cost": 161014.5, "Total Cost": 171364.75, "Plan Rows": 345008, "Plan Width": 4, "Actual Startup Time": 1239.09, "Actual Total Time": 1240.582, "Actual Rows": 10, "Actual Loops": 1, "Inner Unique": false, "Merge Cond": "(it.id = mi_idx.info_type_id)", "Plans": [{"Node Type": "Sort", "Parent Relationship": "Outer", "Startup Cost": 2.41, "Total Cost": 2.42, "Plan Rows": 1, "Plan Width": 4, "Actual Startup Time": 0.049, "Actual Total Time": 0.049, "Actual Rows": 1, "Actual Loops": 1, "Sort Key": ["it.id"], "Sort Method": "quicksort", "Sort Space Used": 25, "Sort Space Type": "Memory", "Plans": [{"Node Type": "Seq Scan", "Parent Relationship": "Outer", "Relation Name": "info_type", "Alias": "it", "Startup Cost": 0.0, "Total Cost": 2.4, "Plan Rows": 1, "Plan Width": 4, "Actual Startup Time": 0.044, "Actual Total Time": 0.045, "Actual Rows": 1, "Actual Loops": 1, "Filter": "((info)::text = 'bottom 10 rank'::text)", "Rows Removed by Filter": 111}]}, {"Node Type": "Sort", "Parent Relationship": "Inner", "Startup Cost": 161012.09, "Total Cost": 164462.17, "Plan Rows": 1380034, "Plan Width": 8, "Actual Startup Time": 724.424, "Actual Total Time": 1047.452, "Actual Rows": 1380034, "Actual Loops": 1, "Sort Key": ["mi_idx.info_type_id"], "Sort Method": "quicksort", "Sort Space Used": 135405, "Sort Space Type": "Memory", "Plans": [{"Node Type": "Seq Scan", "Parent Relationship": "Outer", "Relation Name": "movie_info_idx", "Alias": "mi_idx", "Startup Cost": 0.0, "Total Cost": 20274.34, "Plan Rows": 1380034, "Plan Width": 8, "Actual Startup Time": 0.049, "Actual Total Time": 374.098, "Actual Rows": 1380034, "Actual Loops": 1}]}]}]}, {"Node Type": "Sort", "Parent Relationship": "Inner", "Startup Cost": 326399.11, "Total Cost": 332921.7, "Plan Rows": 2609035, "Plan Width": 32, "Actual Startup Time": 1530.6, "Actual Total Time": 1663.469, "Actual Rows": 1263891, "Actual Loops": 1, "Sort Key": ["mc.movie_id"], "Sort Method": "quicksort", "Sort Space Used": 184544, "Sort Space Type": "Memory", "Plans": [{"Node Type": "Seq Scan", "Parent Relationship": "Outer", "Relation Name": "movie_companies", "Alias": "mc", "Startup Cost": 0.0, "Total Cost": 48340.1, "Plan Rows": 2609035, "Plan Width": 32, "Actual Startup Time": 0.065, "Actual Total Time": 1008.68, "Actual Rows": 1337087, "Actual Loops": 1, "Filter": "((note)::text !~~ '%(as Metro-Goldwyn-Mayer Pictures)%'::text), (LLVM Optimized, Jit Execute)", "Rows Removed by Filter": 1272041}]}]}, {"Node Type": "Sort", "Parent Relationship": "Inner", "Startup Cost": 207329.87, "Total Cost": 210784.59, "Plan Rows": 1381886, "Plan Width": 25, "Actual Startup Time": 1466.705, "Actual Total Time": 1681.434, "Actual Rows": 1345390, "Actual Loops": 1, "Sort Key": ["t.id"], "Sort Method": "quicksort", "Sort Space Used": 186407, "Sort Space Type": "Memory", "Plans": [{"Node Type": "Seq Scan", "Parent Relationship": "Outer", "Relation Name": "title", "Alias": "t", "Startup Cost": 0.0, "Total Cost": 66389.89, "Plan Rows": 1381886, "Plan Width": 25, "Actual Startup Time": 0.051, "Actual Total Time": 861.32, "Actual Rows": 1381453, "Actual Loops": 1, "Filter": "(production_year > 2000), (LLVM Optimized, Jit Execute)", "Rows Removed by Filter": 1146858}]}]}]}]}]}, "Triggers": [], "Planner Runtime": 5, "Total Runtime": 5024.328, "Unique SQL Id": 2492542741}}, "(1, 95)": {"explain_plan": {"Plan": {"Node Type": "Aggregate", "Strategy": "Plain", "Startup Cost": 4997223600987.78, "Total Cost": 4997223600987.79, "Plan Rows": 1, "Plan Width": 113, "Plans": [{"Node Type": "Merge Join", "Parent Relationship": "Outer", "Join Type": "Inner", "Startup Cost": 4007223586908.76, "Total Cost": 4997223596108.58, "Plan Rows": 650559, "Plan Width": 45, "Inner Unique": false, "Merge Cond": "(ct.id = mc.company_type_id)", "Plans": [{"Node Type": "Index Scan", "Parent Relationship": "Outer", "Scan Direction": "Forward", "Index Name": "company_type_pkey", "Relation Name": "company_type", "Alias": "ct", "Startup Cost": 10000000000.0, "Total Cost": 1000000001230.25, "Plan Rows": 1, "Plan Width": 4, "Filter": "((kind)::text = 'production companies'::text)"}, {"Node Type": "Sort", "Parent Relationship": "Inner", "Startup Cost": 3997223584326.49, "Total Cost": 3997223586964.45, "Plan Rows": 1055184, "Plan Width": 49, "Sort Key": ["mc.company_type_id"], "Plans": [{"Node Type": "Merge Join", "Parent Relationship": "Outer", "Join Type": "Inner", "Startup Cost": 2020023358090.7, "Total Cost": 3997223478760.27, "Plan Rows": 1055184, "Plan Width": 49, "Inner Unique": false, "Merge Cond": "(t.id = mi_idx.movie_id)", "Plans": [{"Node Type": "Merge Join", "Parent Relationship": "Outer", "Join Type": "Inner", "Startup Cost": 20021492619.09, "Total Cost": 1999076860697.37, "Plan Rows": 3320699, "Plan Width": 57, "Inner Unique": false, "Merge Cond": "(t.id = mc.movie_id)", "Plans": [{"Node Type": "Index Scan", "Parent Relationship": "Outer", "Scan Direction": "Forward", "Index Name": "title_pkey", "Relation Name": "title", "Alias": "t", "Startup Cost": 10000000000.0, "Total Cost": 1000011644126.66, "Plan Rows": 1381886, "Plan Width": 25, "Filter": "(production_year > 2000), (LLVM Optimized)"}, {"Node Type": "Materialize", "Parent Relationship": "Inner", "Startup Cost": 10000000000.0, "Total Cost": 1000013710750.72, "Plan Rows": 2609035, "Plan Width": 32, "Plans": [{"Node Type": "Index Scan", "Parent Relationship": "Outer", "Scan Direction": "Forward", "Index Name": "movie_id_movie_companies", "Relation Name": "movie_companies", "Alias": "mc", "Startup Cost": 10000000000.0, "Total Cost": 1000013704228.13, "Plan Rows": 2609035, "Plan Width": 32, "Filter": "((note)::text !~~ '%(as Metro-Goldwyn-Mayer Pictures)%'::text), (LLVM Optimized)"}]}]}, {"Node Type": "Sort", "Parent Relationship": "Inner", "Startup Cost": 2000001865471.58, "Total Cost": 2000001866334.1, "Plan Rows": 345008, "Plan Width": 4, "Sort Key": ["mi_idx.movie_id"], "Plans": [{"Node Type": "Nested Loop", "Parent Relationship": "Outer", "Join Type": "Inner", "Startup Cost": 20000007502.06, "Total Cost": 2000001833737.28, "Plan Rows": 345008, "Plan Width": 4, "Inner Unique": false, "Plans": [{"Node Type": "Index Scan", "Parent Relationship": "Outer", "Scan Direction": "Forward", "Index Name": "info_type_pkey", "Relation Name": "info_type", "Alias": "it", "Startup Cost": 10000000000.0, "Total Cost": 1000000001421.0, "Plan Rows": 1, "Plan Width": 4, "Filter": "((info)::text = 'bottom 10 rank'::text)"}, {"Node Type": "Bitmap Heap Scan", "Parent Relationship": "Inner", "Relation Name": "movie_info_idx", "Alias": "mi_idx", "Startup Cost": 10000007502.06, "Total Cost": 1000001828866.2, "Plan Rows": 345008, "Plan Width": 8, "Recheck Cond": "(info_type_id = it.id), (LLVM Optimized)", "Plans": [{"Node Type": "Bitmap Index Scan", "Parent Relationship": "Outer", "Index Name": "info_type_id_movie_info_idx", "Startup Cost": 0.0, "Total Cost": 7415.81, "Plan Rows": 345008, "Plan Width": 0, "Index Cond": "(info_type_id = it.id)"}]}]}]}]}]}]}]}, "Unique SQL Id": 2492542741, "Planner Runtime": 10}, "explain_analyze_plan": null}, "(1, 96)": {"explain_plan": {"Plan": {"Node Type": "Aggregate", "Strategy": "Plain", "Startup Cost": 199127.96, "Total Cost": 199127.97, "Plan Rows": 1, "Plan Width": 113, "Plans": [{"Node Type": "Hash Join", "Parent Relationship": "Outer", "Join Type": "Inner", "Startup Cost": 116775.81, "Total Cost": 194248.77, "Plan Rows": 650559, "Plan Width": 45, "Inner Unique": true, "Hash Cond": "(mc.company_type_id = ct.id), (LLVM Optimized)", "Plans": [{"Node Type": "Hash Join", "Parent Relationship": "Outer", "Join Type": "Inner", "Startup Cost": 116774.76, "Total Cost": 185660.4, "Plan Rows": 1055184, "Plan Width": 49, "Inner Unique": false, "Hash Cond": "(mc.movie_id = t.id), (LLVM Optimized)", "Plans": [{"Node Type": "Seq Scan", "Parent Relationship": "Outer", "Relation Name": "movie_companies", "Alias": "mc", "Startup Cost": 0.0, "Total Cost": 48340.1, "Plan Rows": 2609035, "Plan Width": 32, "Filter": "((note)::text !~~ '%(as Metro-Goldwyn-Mayer Pictures)%'::text), (LLVM Optimized)"}, {"Node Type": "Hash", "Parent Relationship": "Inner", "Startup Cost": 111176.77, "Total Cost": 111176.77, "Plan Rows": 447839, "Plan Width": 29, "Plans": [{"Node Type": "Hash Join", "Parent Relationship": "Outer", "Join Type": "Inner", "Startup Cost": 91165.52, "Total Cost": 111176.77, "Plan Rows": 447839, "Plan Width": 29, "Inner Unique": true, "Hash Cond": "(mi_idx.movie_id = t.id), (LLVM Optimized)", "Plans": [{"Node Type": "Nested Loop", "Parent Relationship": "Outer", "Join Type": "Inner", "Startup Cost": 7502.06, "Total Cost": 21741.14, "Plan Rows": 345008, "Plan Width": 4, "Inner Unique": false, "Plans": [{"Node Type": "Seq Scan", "Parent Relationship": "Outer", "Relation Name": "info_type", "Alias": "it", "Startup Cost": 0.0, "Total Cost": 2.4, "Plan Rows": 1, "Plan Width": 4, "Filter": "((info)::text = 'bottom 10 rank'::text)"}, {"Node Type": "Bitmap Heap Scan", "Parent Relationship": "Inner", "Relation Name": "movie_info_idx", "Alias": "mi_idx", "Startup Cost": 7502.06, "Total Cost": 18288.66, "Plan Rows": 345008, "Plan Width": 8, "Recheck Cond": "(info_type_id = it.id), (LLVM Optimized)", "Plans": [{"Node Type": "Bitmap Index Scan", "Parent Relationship": "Outer", "Index Name": "info_type_id_movie_info_idx", "Startup Cost": 0.0, "Total Cost": 7415.81, "Plan Rows": 345008, "Plan Width": 0, "Index Cond": "(info_type_id = it.id)"}]}]}, {"Node Type": "Hash", "Parent Relationship": "Inner", "Startup Cost": 66389.89, "Total Cost": 66389.89, "Plan Rows": 1381886, "Plan Width": 25, "Plans": [{"Node Type": "Seq Scan", "Parent Relationship": "Outer", "Relation Name": "title", "Alias": "t", "Startup Cost": 0.0, "Total Cost": 66389.89, "Plan Rows": 1381886, "Plan Width": 25, "Filter": "(production_year > 2000), (LLVM Optimized)"}]}]}]}]}, {"Node Type": "Hash", "Parent Relationship": "Inner", "Startup Cost": 1.04, "Total Cost": 1.04, "Plan Rows": 1, "Plan Width": 4, "Plans": [{"Node Type": "Seq Scan", "Parent Relationship": "Outer", "Relation Name": "company_type", "Alias": "ct", "Startup Cost": 0.0, "Total Cost": 1.04, "Plan Rows": 1, "Plan Width": 4, "Filter": "((kind)::text = 'production companies'::text)"}]}]}]}, "Unique SQL Id": 2492542741, "Planner Runtime": 5}, "explain_analyze_plan": {"Plan": {"Node Type": "Aggregate", "Strategy": "Plain", "Startup Cost": 199127.96, "Total Cost": 199127.97, "Plan Rows": 1, "Plan Width": 113, "Actual Startup Time": 2728.625, "Actual Total Time": 2728.626, "Actual Rows": 1, "Actual Loops": 1, "Plans": [{"Node Type": "Hash Join", "Parent Relationship": "Outer", "Join Type": "Inner", "Startup Cost": 116775.81, "Total Cost": 194248.77, "Plan Rows": 650559, "Plan Width": 45, "Actual Startup Time": 2557.909, "Actual Total Time": 2728.582, "Actual Rows": 4, "Actual Loops": 1, "Inner Unique": true, "Hash Cond": "(mc.company_type_id = ct.id), (LLVM Optimized, Jit Execute)", "Plans": [{"Node Type": "Hash Join", "Parent Relationship": "Outer", "Join Type": "Inner", "Startup Cost": 116774.76, "Total Cost": 185660.4, "Plan Rows": 1055184, "Plan Width": 49, "Actual Startup Time": 1875.446, "Actual Total Time": 2728.348, "Actual Rows": 78, "Actual Loops": 1, "Inner Unique": false, "Hash Cond": "(mc.movie_id = t.id), (LLVM Optimized, Jit Execute)", "Plans": [{"Node Type": "Seq Scan", "Parent Relationship": "Outer", "Relation Name": "movie_companies", "Alias": "mc", "Startup Cost": 0.0, "Total Cost": 48340.1, "Plan Rows": 2609035, "Plan Width": 32, "Actual Startup Time": 0.025, "Actual Total Time": 903.429, "Actual Rows": 1337087, "Actual Loops": 1, "Filter": "((note)::text !~~ '%(as Metro-Goldwyn-Mayer Pictures)%'::text), (LLVM Optimized, Jit Execute)", "Rows Removed by Filter": 1272041}, {"Node Type": "Hash", "Parent Relationship": "Inner", "Startup Cost": 111176.77, "Total Cost": 111176.77, "Plan Rows": 447839, "Plan Width": 29, "Actual Startup Time": 1572.575, "Actual Total Time": 1572.575, "Actual Rows": 6, "Actual Loops": 1, "Hash Buckets": 524288, "Hash Batches": 1, "Original Hash Batches": 1, "Peak Memory Usage": 1, "Plans": [{"Node Type": "Hash Join", "Parent Relationship": "Outer", "Join Type": "Inner", "Startup Cost": 91165.52, "Total Cost": 111176.77, "Plan Rows": 447839, "Plan Width": 29, "Actual Startup Time": 1572.527, "Actual Total Time": 1572.562, "Actual Rows": 6, "Actual Loops": 1, "Inner Unique": true, "Hash Cond": "(mi_idx.movie_id = t.id), (LLVM Optimized, Jit Execute)", "Plans": [{"Node Type": "Nested Loop", "Parent Relationship": "Outer", "Join Type": "Inner", "Startup Cost": 7502.06, "Total Cost": 21741.14, "Plan Rows": 345008, "Plan Width": 4, "Actual Startup Time": 0.082, "Actual Total Time": 0.112, "Actual Rows": 10, "Actual Loops": 1, "Inner Unique": false, "Plans": [{"Node Type": "Seq Scan", "Parent Relationship": "Outer", "Relation Name": "info_type", "Alias": "it", "Startup Cost": 0.0, "Total Cost": 2.4, "Plan Rows": 1, "Plan Width": 4, "Actual Startup Time": 0.047, "Actual Total Time": 0.065, "Actual Rows": 1, "Actual Loops": 1, "Filter": "((info)::text = 'bottom 10 rank'::text)", "Rows Removed by Filter": 111}, {"Node Type": "Bitmap Heap Scan", "Parent Relationship": "Inner", "Relation Name": "movie_info_idx", "Alias": "mi_idx", "Startup Cost": 7502.06, "Total Cost": 18288.66, "Plan Rows": 345008, "Plan Width": 8, "Actual Startup Time": 0.028, "Actual Total Time": 0.034, "Actual Rows": 10, "Actual Loops": 1, "Recheck Cond": "(info_type_id = it.id), (LLVM Optimized, Jit Execute)", "Rows Removed by Index Recheck": 0, "Exact Heap Blocks": 1, "Lossy Heap Blocks": 1, "Plans": [{"Node Type": "Bitmap Index Scan", "Parent Relationship": "Outer", "Index Name": "info_type_id_movie_info_idx", "Startup Cost": 0.0, "Total Cost": 7415.81, "Plan Rows": 345008, "Plan Width": 0, "Actual Startup Time": 0.016, "Actual Total Time": 0.016, "Actual Rows": 10, "Actual Loops": 1, "Index Cond": "(info_type_id = it.id)"}]}]}, {"Node Type": "Hash", "Parent Relationship": "Inner", "Startup Cost": 66389.89, "Total Cost": 66389.89, "Plan Rows": 1381886, "Plan Width": 25, "Actual Startup Time": 1571.16, "Actual Total Time": 1571.16, "Actual Rows": 1381453, "Actual Loops": 1, "Hash Buckets": 2097152, "Hash Batches": 1, "Original Hash Batches": 1, "Peak Memory Usage": 79393, "Plans": [{"Node Type": "Seq Scan", "Parent Relationship": "Outer", "Relation Name": "title", "Alias": "t", "Startup Cost": 0.0, "Total Cost": 66389.89, "Plan Rows": 1381886, "Plan Width": 25, "Actual Startup Time": 0.025, "Actual Total Time": 993.497, "Actual Rows": 1381453, "Actual Loops": 1, "Filter": "(production_year > 2000), (LLVM Optimized, Jit Execute)", "Rows Removed by Filter": 1146858}]}]}]}]}, {"Node Type": "Hash", "Parent Relationship": "Inner", "Startup Cost": 1.04, "Total Cost": 1.04, "Plan Rows": 1, "Plan Width": 4, "Actual Startup Time": 0.045, "Actual Total Time": 0.045, "Actual Rows": 1, "Actual Loops": 1, "Hash Buckets": 32768, "Hash Batches": 1, "Original Hash Batches": 1, "Peak Memory Usage": 1, "Plans": [{"Node Type": "Seq Scan", "Parent Relationship": "Outer", "Relation Name": "company_type", "Alias": "ct", "Startup Cost": 0.0, "Total Cost": 1.04, "Plan Rows": 1, "Plan Width": 4, "Actual Startup Time": 0.027, "Actual Total Time": 0.03, "Actual Rows": 1, "Actual Loops": 1, "Filter": "((kind)::text = 'production companies'::text)", "Rows Removed by Filter": 2}]}]}]}, "Triggers": [], "Planner Runtime": 5, "Total Runtime": 2739.215, "Unique SQL Id": 2492542741}}, "(1, 97)": {"explain_plan": {"Plan": {"Node Type": "Aggregate", "Strategy": "Plain", "Startup Cost": 251533.23, "Total Cost": 251533.24, "Plan Rows": 1, "Plan Width": 113, "Plans": [{"Node Type": "Hash Join", "Parent Relationship": "Outer", "Join Type": "Inner", "Startup Cost": 166837.95, "Total Cost": 246654.04, "Plan Rows": 650559, "Plan Width": 45, "Inner Unique": false, "Hash Cond": "(mc.movie_id = t.id), (LLVM Optimized)", "Plans": [{"Node Type": "Nested Loop", "Parent Relationship": "Outer", "Join Type": "Inner", "Startup Cost": 0.0, "Total Cost": 69436.41, "Plan Rows": 1304518, "Plan Width": 28, "Inner Unique": false, "Plans": [{"Node Type": "Index Scan", "Parent Relationship": "Outer", "Scan Direction": "Forward", "Index Name": "company_type_pkey", "Relation Name": "company_type", "Alias": "ct", "Startup Cost": 0.0, "Total Cost": 12.3, "Plan Rows": 1, "Plan Width": 4, "Filter": "((kind)::text = 'production companies'::text)"}, {"Node Type": "Index Scan", "Parent Relationship": "Inner", "Scan Direction": "Forward", "Index Name": "company_type_id_movie_companies", "Relation Name": "movie_companies", "Alias": "mc", "Startup Cost": 0.0, "Total Cost": 56378.94, "Plan Rows": 1304517, "Plan Width": 32, "Index Cond": "(company_type_id = ct.id), (LLVM Optimized)", "Filter": "((note)::text !~~ '%(as Metro-Goldwyn-Mayer Pictures)%'::text), (LLVM Optimized)"}]}, {"Node Type": "Hash", "Parent Relationship": "Inner", "Startup Cost": 161239.96, "Total Cost": 161239.96, "Plan Rows": 447839, "Plan Width": 29, "Plans": [{"Node Type": "Hash Join", "Parent Relationship": "Outer", "Join Type": "Inner", "Startup Cost": 141216.9, "Total Cost": 161239.96, "Plan Rows": 447839, "Plan Width": 29, "Inner Unique": true, "Hash Cond": "(mi_idx.movie_id = t.id), (LLVM Optimized)", "Plans": [{"Node Type": "Nested Loop", "Parent Relationship": "Outer", "Join Type": "Inner", "Startup Cost": 7502.06, "Total Cost": 21752.95, "Plan Rows": 345008, "Plan Width": 4, "Inner Unique": false, "Plans": [{"Node Type": "Index Scan", "Parent Relationship": "Outer", "Scan Direction": "Forward", "Index Name": "info_type_pkey", "Relation Name": "info_type", "Alias": "it", "Startup Cost": 0.0, "Total Cost": 14.21, "Plan Rows": 1, "Plan Width": 4, "Filter": "((info)::text = 'bottom 10 rank'::text)"}, {"Node Type": "Bitmap Heap Scan", "Parent Relationship": "Inner", "Relation Name": "movie_info_idx", "Alias": "mi_idx", "Startup Cost": 7502.06, "Total Cost": 18288.66, "Plan Rows": 345008, "Plan Width": 8, "Recheck Cond": "(info_type_id = it.id), (LLVM Optimized)", "Plans": [{"Node Type": "Bitmap Index Scan", "Parent Relationship": "Outer", "Index Name": "info_type_id_movie_info_idx", "Startup Cost": 0.0, "Total Cost": 7415.81, "Plan Rows": 345008, "Plan Width": 0, "Index Cond": "(info_type_id = it.id)"}]}]}, {"Node Type": "Hash", "Parent Relationship": "Inner", "Startup Cost": 116441.27, "Total Cost": 116441.27, "Plan Rows": 1381886, "Plan Width": 25, "Plans": [{"Node Type": "Index Scan", "Parent Relationship": "Outer", "Scan Direction": "Forward", "Index Name": "title_pkey", "Relation Name": "title", "Alias": "t", "Startup Cost": 0.0, "Total Cost": 116441.27, "Plan Rows": 1381886, "Plan Width": 25, "Filter": "(production_year > 2000), (LLVM Optimized)"}]}]}]}]}]}, "Unique SQL Id": 2492542741, "Planner Runtime": 4}, "explain_analyze_plan": {"Plan": {"Node Type": "Aggregate", "Strategy": "Plain", "Startup Cost": 251533.23, "Total Cost": 251533.24, "Plan Rows": 1, "Plan Width": 113, "Actual Startup Time": 4421.886, "Actual Total Time": 4421.887, "Actual Rows": 1, "Actual Loops": 1, "Plans": [{"Node Type": "Hash Join", "Parent Relationship": "Outer", "Join Type": "Inner", "Startup Cost": 166837.95, "Total Cost": 246654.04, "Plan Rows": 650559, "Plan Width": 45, "Actual Startup Time": 4094.089, "Actual Total Time": 4421.84, "Actual Rows": 4, "Actual Loops": 1, "Inner Unique": false, "Hash Cond": "(mc.movie_id = t.id), (LLVM Optimized, Jit Execute)", "Plans": [{"Node Type": "Nested Loop", "Parent Relationship": "Outer", "Join Type": "Inner", "Startup Cost": 0.0, "Total Cost": 69436.41, "Plan Rows": 1304518, "Plan Width": 28, "Actual Startup Time": 0.108, "Actual Total Time": 638.366, "Actual Rows": 140904, "Actual Loops": 1, "Inner Unique": false, "Plans": [{"Node Type": "Index Scan", "Parent Relationship": "Outer", "Scan Direction": "Forward", "Index Name": "company_type_pkey", "Relation Name": "company_type", "Alias": "ct", "Startup Cost": 0.0, "Total Cost": 12.3, "Plan Rows": 1, "Plan Width": 4, "Actual Startup Time": 0.025, "Actual Total Time": 0.035, "Actual Rows": 1, "Actual Loops": 1, "Filter": "((kind)::text = 'production companies'::text)", "Rows Removed by Filter": 2}, {"Node Type": "Index Scan", "Parent Relationship": "Inner", "Scan Direction": "Forward", "Index Name": "company_type_id_movie_companies", "Relation Name": "movie_companies", "Alias": "mc", "Startup Cost": 0.0, "Total Cost": 56378.94, "Plan Rows": 1304517, "Plan Width": 32, "Actual Startup Time": 0.078, "Actual Total Time": 609.976, "Actual Rows": 140904, "Actual Loops": 1, "Index Cond": "(company_type_id = ct.id), (LLVM Optimized, Jit Execute)", "Rows Removed by Index Recheck": 0, "Filter": "((note)::text !~~ '%(as Metro-Goldwyn-Mayer Pictures)%'::text), (LLVM Optimized, Jit Execute)", "Rows Removed by Filter": 1193979}]}, {"Node Type": "Hash", "Parent Relationship": "Inner", "Startup Cost": 161239.96, "Total Cost": 161239.96, "Plan Rows": 447839, "Plan Width": 29, "Actual Startup Time": 3752.128, "Actual Total Time": 3752.128, "Actual Rows": 6, "Actual Loops": 1, "Hash Buckets": 524288, "Hash Batches": 1, "Original Hash Batches": 1, "Peak Memory Usage": 1, "Plans": [{"Node Type": "Hash Join", "Parent Relationship": "Outer", "Join Type": "Inner", "Startup Cost": 141216.9, "Total Cost": 161239.96, "Plan Rows": 447839, "Plan Width": 29, "Actual Startup Time": 3752.1, "Actual Total Time": 3752.117, "Actual Rows": 6, "Actual Loops": 1, "Inner Unique": true, "Hash Cond": "(mi_idx.movie_id = t.id), (LLVM Optimized, Jit Execute)", "Plans": [{"Node Type": "Nested Loop", "Parent Relationship": "Outer", "Join Type": "Inner", "Startup Cost": 7502.06, "Total Cost": 21752.95, "Plan Rows": 345008, "Plan Width": 4, "Actual Startup Time": 0.094, "Actual Total Time": 0.11, "Actual Rows": 10, "Actual Loops": 1, "Inner Unique": false, "Plans": [{"Node Type": "Index Scan", "Parent Relationship": "Outer", "Scan Direction": "Forward", "Index Name": "info_type_pkey", "Relation Name": "info_type", "Alias": "it", "Startup Cost": 0.0, "Total Cost": 14.21, "Plan Rows": 1, "Plan Width": 4, "Actual Startup Time": 0.061, "Actual Total Time": 0.066, "Actual Rows": 1, "Actual Loops": 1, "Filter": "((info)::text = 'bottom 10 rank'::text)", "Rows Removed by Filter": 111}, {"Node Type": "Bitmap Heap Scan", "Parent Relationship": "Inner", "Relation Name": "movie_info_idx", "Alias": "mi_idx", "Startup Cost": 7502.06, "Total Cost": 18288.66, "Plan Rows": 345008, "Plan Width": 8, "Actual Startup Time": 0.026, "Actual Total Time": 0.032, "Actual Rows": 10, "Actual Loops": 1, "Recheck Cond": "(info_type_id = it.id), (LLVM Optimized, Jit Execute)", "Rows Removed by Index Recheck": 0, "Exact Heap Blocks": 1, "Lossy Heap Blocks": 1, "Plans": [{"Node Type": "Bitmap Index Scan", "Parent Relationship": "Outer", "Index Name": "info_type_id_movie_info_idx", "Startup Cost": 0.0, "Total Cost": 7415.81, "Plan Rows": 345008, "Plan Width": 0, "Actual Startup Time": 0.012, "Actual Total Time": 0.012, "Actual Rows": 10, "Actual Loops": 1, "Index Cond": "(info_type_id = it.id)"}]}]}, {"Node Type": "Hash", "Parent Relationship": "Inner", "Startup Cost": 116441.27, "Total Cost": 116441.27, "Plan Rows": 1381886, "Plan Width": 25, "Actual Startup Time": 3750.712, "Actual Total Time": 3750.712, "Actual Rows": 1381453, "Actual Loops": 1, "Hash Buckets": 2097152, "Hash Batches": 1, "Original Hash Batches": 1, "Peak Memory Usage": 79393, "Plans": [{"Node Type": "Index Scan", "Parent Relationship": "Outer", "Scan Direction": "Forward", "Index Name": "title_pkey", "Relation Name": "title", "Alias": "t", "Startup Cost": 0.0, "Total Cost": 116441.27, "Plan Rows": 1381886, "Plan Width": 25, "Actual Startup Time": 0.027, "Actual Total Time": 3155.74, "Actual Rows": 1381453, "Actual Loops": 1, "Filter": "(production_year > 2000), (LLVM Optimized, Jit Execute)", "Rows Removed by Filter": 1146858}]}]}]}]}]}, "Triggers": [], "Planner Runtime": 4, "Total Runtime": 4432.594, "Unique SQL Id": 2492542741}}, "(1, 98)": {"explain_plan": {"Plan": {"Node Type": "Aggregate", "Strategy": "Plain", "Startup Cost": 199127.96, "Total Cost": 199127.97, "Plan Rows": 1, "Plan Width": 113, "Plans": [{"Node Type": "Hash Join", "Parent Relationship": "Outer", "Join Type": "Inner", "Startup Cost": 116775.81, "Total Cost": 194248.77, "Plan Rows": 650559, "Plan Width": 45, "Inner Unique": true, "Hash Cond": "(mc.company_type_id = ct.id), (LLVM Optimized)", "Plans": [{"Node Type": "Hash Join", "Parent Relationship": "Outer", "Join Type": "Inner", "Startup Cost": 116774.76, "Total Cost": 185660.4, "Plan Rows": 1055184, "Plan Width": 49, "Inner Unique": false, "Hash Cond": "(mc.movie_id = t.id), (LLVM Optimized)", "Plans": [{"Node Type": "Seq Scan", "Parent Relationship": "Outer", "Relation Name": "movie_companies", "Alias": "mc", "Startup Cost": 0.0, "Total Cost": 48340.1, "Plan Rows": 2609035, "Plan Width": 32, "Filter": "((note)::text !~~ '%(as Metro-Goldwyn-Mayer Pictures)%'::text), (LLVM Optimized)"}, {"Node Type": "Hash", "Parent Relationship": "Inner", "Startup Cost": 111176.77, "Total Cost": 111176.77, "Plan Rows": 447839, "Plan Width": 29, "Plans": [{"Node Type": "Hash Join", "Parent Relationship": "Outer", "Join Type": "Inner", "Startup Cost": 91165.52, "Total Cost": 111176.77, "Plan Rows": 447839, "Plan Width": 29, "Inner Unique": true, "Hash Cond": "(mi_idx.movie_id = t.id), (LLVM Optimized)", "Plans": [{"Node Type": "Nested Loop", "Parent Relationship": "Outer", "Join Type": "Inner", "Startup Cost": 7502.06, "Total Cost": 21741.14, "Plan Rows": 345008, "Plan Width": 4, "Inner Unique": false, "Plans": [{"Node Type": "Seq Scan", "Parent Relationship": "Outer", "Relation Name": "info_type", "Alias": "it", "Startup Cost": 0.0, "Total Cost": 2.4, "Plan Rows": 1, "Plan Width": 4, "Filter": "((info)::text = 'bottom 10 rank'::text)"}, {"Node Type": "Bitmap Heap Scan", "Parent Relationship": "Inner", "Relation Name": "movie_info_idx", "Alias": "mi_idx", "Startup Cost": 7502.06, "Total Cost": 18288.66, "Plan Rows": 345008, "Plan Width": 8, "Recheck Cond": "(info_type_id = it.id), (LLVM Optimized)", "Plans": [{"Node Type": "Bitmap Index Scan", "Parent Relationship": "Outer", "Index Name": "info_type_id_movie_info_idx", "Startup Cost": 0.0, "Total Cost": 7415.81, "Plan Rows": 345008, "Plan Width": 0, "Index Cond": "(info_type_id = it.id)"}]}]}, {"Node Type": "Hash", "Parent Relationship": "Inner", "Startup Cost": 66389.89, "Total Cost": 66389.89, "Plan Rows": 1381886, "Plan Width": 25, "Plans": [{"Node Type": "Seq Scan", "Parent Relationship": "Outer", "Relation Name": "title", "Alias": "t", "Startup Cost": 0.0, "Total Cost": 66389.89, "Plan Rows": 1381886, "Plan Width": 25, "Filter": "(production_year > 2000), (LLVM Optimized)"}]}]}]}]}, {"Node Type": "Hash", "Parent Relationship": "Inner", "Startup Cost": 1.04, "Total Cost": 1.04, "Plan Rows": 1, "Plan Width": 4, "Plans": [{"Node Type": "Seq Scan", "Parent Relationship": "Outer", "Relation Name": "company_type", "Alias": "ct", "Startup Cost": 0.0, "Total Cost": 1.04, "Plan Rows": 1, "Plan Width": 4, "Filter": "((kind)::text = 'production companies'::text)"}]}]}]}, "Unique SQL Id": 2492542741, "Planner Runtime": 5}, "explain_analyze_plan": {"Plan": {"Node Type": "Aggregate", "Strategy": "Plain", "Startup Cost": 199127.96, "Total Cost": 199127.97, "Plan Rows": 1, "Plan Width": 113, "Actual Startup Time": 2728.625, "Actual Total Time": 2728.626, "Actual Rows": 1, "Actual Loops": 1, "Plans": [{"Node Type": "Hash Join", "Parent Relationship": "Outer", "Join Type": "Inner", "Startup Cost": 116775.81, "Total Cost": 194248.77, "Plan Rows": 650559, "Plan Width": 45, "Actual Startup Time": 2557.909, "Actual Total Time": 2728.582, "Actual Rows": 4, "Actual Loops": 1, "Inner Unique": true, "Hash Cond": "(mc.company_type_id = ct.id), (LLVM Optimized, Jit Execute)", "Plans": [{"Node Type": "Hash Join", "Parent Relationship": "Outer", "Join Type": "Inner", "Startup Cost": 116774.76, "Total Cost": 185660.4, "Plan Rows": 1055184, "Plan Width": 49, "Actual Startup Time": 1875.446, "Actual Total Time": 2728.348, "Actual Rows": 78, "Actual Loops": 1, "Inner Unique": false, "Hash Cond": "(mc.movie_id = t.id), (LLVM Optimized, Jit Execute)", "Plans": [{"Node Type": "Seq Scan", "Parent Relationship": "Outer", "Relation Name": "movie_companies", "Alias": "mc", "Startup Cost": 0.0, "Total Cost": 48340.1, "Plan Rows": 2609035, "Plan Width": 32, "Actual Startup Time": 0.025, "Actual Total Time": 903.429, "Actual Rows": 1337087, "Actual Loops": 1, "Filter": "((note)::text !~~ '%(as Metro-Goldwyn-Mayer Pictures)%'::text), (LLVM Optimized, Jit Execute)", "Rows Removed by Filter": 1272041}, {"Node Type": "Hash", "Parent Relationship": "Inner", "Startup Cost": 111176.77, "Total Cost": 111176.77, "Plan Rows": 447839, "Plan Width": 29, "Actual Startup Time": 1572.575, "Actual Total Time": 1572.575, "Actual Rows": 6, "Actual Loops": 1, "Hash Buckets": 524288, "Hash Batches": 1, "Original Hash Batches": 1, "Peak Memory Usage": 1, "Plans": [{"Node Type": "Hash Join", "Parent Relationship": "Outer", "Join Type": "Inner", "Startup Cost": 91165.52, "Total Cost": 111176.77, "Plan Rows": 447839, "Plan Width": 29, "Actual Startup Time": 1572.527, "Actual Total Time": 1572.562, "Actual Rows": 6, "Actual Loops": 1, "Inner Unique": true, "Hash Cond": "(mi_idx.movie_id = t.id), (LLVM Optimized, Jit Execute)", "Plans": [{"Node Type": "Nested Loop", "Parent Relationship": "Outer", "Join Type": "Inner", "Startup Cost": 7502.06, "Total Cost": 21741.14, "Plan Rows": 345008, "Plan Width": 4, "Actual Startup Time": 0.082, "Actual Total Time": 0.112, "Actual Rows": 10, "Actual Loops": 1, "Inner Unique": false, "Plans": [{"Node Type": "Seq Scan", "Parent Relationship": "Outer", "Relation Name": "info_type", "Alias": "it", "Startup Cost": 0.0, "Total Cost": 2.4, "Plan Rows": 1, "Plan Width": 4, "Actual Startup Time": 0.047, "Actual Total Time": 0.065, "Actual Rows": 1, "Actual Loops": 1, "Filter": "((info)::text = 'bottom 10 rank'::text)", "Rows Removed by Filter": 111}, {"Node Type": "Bitmap Heap Scan", "Parent Relationship": "Inner", "Relation Name": "movie_info_idx", "Alias": "mi_idx", "Startup Cost": 7502.06, "Total Cost": 18288.66, "Plan Rows": 345008, "Plan Width": 8, "Actual Startup Time": 0.028, "Actual Total Time": 0.034, "Actual Rows": 10, "Actual Loops": 1, "Recheck Cond": "(info_type_id = it.id), (LLVM Optimized, Jit Execute)", "Rows Removed by Index Recheck": 0, "Exact Heap Blocks": 1, "Lossy Heap Blocks": 1, "Plans": [{"Node Type": "Bitmap Index Scan", "Parent Relationship": "Outer", "Index Name": "info_type_id_movie_info_idx", "Startup Cost": 0.0, "Total Cost": 7415.81, "Plan Rows": 345008, "Plan Width": 0, "Actual Startup Time": 0.016, "Actual Total Time": 0.016, "Actual Rows": 10, "Actual Loops": 1, "Index Cond": "(info_type_id = it.id)"}]}]}, {"Node Type": "Hash", "Parent Relationship": "Inner", "Startup Cost": 66389.89, "Total Cost": 66389.89, "Plan Rows": 1381886, "Plan Width": 25, "Actual Startup Time": 1571.16, "Actual Total Time": 1571.16, "Actual Rows": 1381453, "Actual Loops": 1, "Hash Buckets": 2097152, "Hash Batches": 1, "Original Hash Batches": 1, "Peak Memory Usage": 79393, "Plans": [{"Node Type": "Seq Scan", "Parent Relationship": "Outer", "Relation Name": "title", "Alias": "t", "Startup Cost": 0.0, "Total Cost": 66389.89, "Plan Rows": 1381886, "Plan Width": 25, "Actual Startup Time": 0.025, "Actual Total Time": 993.497, "Actual Rows": 1381453, "Actual Loops": 1, "Filter": "(production_year > 2000), (LLVM Optimized, Jit Execute)", "Rows Removed by Filter": 1146858}]}]}]}]}, {"Node Type": "Hash", "Parent Relationship": "Inner", "Startup Cost": 1.04, "Total Cost": 1.04, "Plan Rows": 1, "Plan Width": 4, "Actual Startup Time": 0.045, "Actual Total Time": 0.045, "Actual Rows": 1, "Actual Loops": 1, "Hash Buckets": 32768, "Hash Batches": 1, "Original Hash Batches": 1, "Peak Memory Usage": 1, "Plans": [{"Node Type": "Seq Scan", "Parent Relationship": "Outer", "Relation Name": "company_type", "Alias": "ct", "Startup Cost": 0.0, "Total Cost": 1.04, "Plan Rows": 1, "Plan Width": 4, "Actual Startup Time": 0.027, "Actual Total Time": 0.03, "Actual Rows": 1, "Actual Loops": 1, "Filter": "((kind)::text = 'production companies'::text)", "Rows Removed by Filter": 2}]}]}]}, "Triggers": [], "Planner Runtime": 5, "Total Runtime": 2739.215, "Unique SQL Id": 2492542741}}, "(1, 99)": {"explain_plan": {"Plan": {"Node Type": "Aggregate", "Strategy": "Plain", "Startup Cost": 1000017767760.86, "Total Cost": 1000017767760.87, "Plan Rows": 1, "Plan Width": 113, "Plans": [{"Node Type": "Nested Loop", "Parent Relationship": "Outer", "Join Type": "Inner", "Startup Cost": 10000000001.08, "Total Cost": 1000017762976.72, "Plan Rows": 637886, "Plan Width": 45, "Inner Unique": true, "Plans": [{"Node Type": "Nested Loop", "Parent Relationship": "Outer", "Join Type": "Inner", "Startup Cost": 10000000000.81, "Total Cost": 1000015609438.29, "Plan Rows": 501180, "Plan Width": 32, "Inner Unique": true, "Plans": [{"Node Type": "Nested Loop", "Parent Relationship": "Outer", "Join Type": "Inner", "Startup Cost": 10000000000.55, "Total Cost": 1000012058838.99, "Plan Rows": 829046, "Plan Width": 36, "Inner Unique": false, "Plans": [{"Node Type": "Nested Loop", "Parent Relationship": "Outer", "Join Type": "Inner", "Startup Cost": 10000000000.26, "Total Cost": 1000010560383.98, "Plan Rows": 345008, "Plan Width": 4, "Inner Unique": true, "Plans": [{"Node Type": "Index Scan", "Parent Relationship": "Outer", "Scan Direction": "Forward", "Index Name": "movie_id_movie_info_idx", "Relation Name": "movie_info_idx", "Alias": "mi_idx", "Startup Cost": 10000000000.0, "Total Cost": 1000004650035.37, "Plan Rows": 1380034, "Plan Width": 8}, {"Node Type": "Bitmap Heap Scan", "Parent Relationship": "Inner", "Relation Name": "info_type", "Alias": "it", "Startup Cost": 0.26, "Total Cost": 4.27, "Plan Rows": 1, "Plan Width": 4, "Recheck Cond": "(id = mi_idx.info_type_id)", "Filter": "((info)::text = 'bottom 10 rank'::text)", "Plans": [{"Node Type": "Bitmap Index Scan", "Parent Relationship": "Outer", "Index Name": "info_type_pkey", "Startup Cost": 0.0, "Total Cost": 0.26, "Plan Rows": 1, "Plan Width": 0, "Index Cond": "(id = mi_idx.info_type_id)"}]}]}, {"Node Type": "Bitmap Heap Scan", "Parent Relationship": "Inner", "Relation Name": "movie_companies", "Alias": "mc", "Startup Cost": 0.29, "Total Cost": 4.32, "Plan Rows": 2, "Plan Width": 32, "Recheck Cond": "(movie_id = mi_idx.movie_id)", "Filter": "((note)::text !~~ '%(as Metro-Goldwyn-Mayer Pictures)%'::text)", "Plans": [{"Node Type": "Bitmap Index Scan", "Parent Relationship": "Outer", "Index Name": "movie_id_movie_companies", "Startup Cost": 0.0, "Total Cost": 0.29, "Plan Rows": 2, "Plan Width": 0, "Index Cond": "(movie_id = mi_idx.movie_id)"}]}]}, {"Node Type": "Bitmap Heap Scan", "Parent Relationship": "Inner", "Relation Name": "company_type", "Alias": "ct", "Startup Cost": 0.26, "Total Cost": 4.27, "Plan Rows": 1, "Plan Width": 4, "Recheck Cond": "(id = mc.company_type_id)", "Filter": "((kind)::text = 'production companies'::text)", "Plans": [{"Node Type": "Bitmap Index Scan", "Parent Relationship": "Outer", "Index Name": "company_type_pkey", "Startup Cost": 0.0, "Total Cost": 0.26, "Plan Rows": 1, "Plan Width": 0, "Index Cond": "(id = mc.company_type_id)"}]}]}, {"Node Type": "Bitmap Heap Scan", "Parent Relationship": "Inner", "Relation Name": "title", "Alias": "t", "Startup Cost": 0.27, "Total Cost": 4.29, "Plan Rows": 1, "Plan Width": 25, "Recheck Cond": "(id = mc.movie_id)", "Filter": "(production_year > 2000)", "Plans": [{"Node Type": "Bitmap Index Scan", "Parent Relationship": "Outer", "Index Name": "title_pkey", "Startup Cost": 0.0, "Total Cost": 0.27, "Plan Rows": 1, "Plan Width": 0, "Index Cond": "(id = mc.movie_id)"}]}]}]}, "Unique SQL Id": 2492542741, "Planner Runtime": 2}, "explain_analyze_plan": null}, "(1, 100)": {"explain_plan": {"Plan": {"Node Type": "Aggregate", "Strategy": "Plain", "Startup Cost": 199127.96, "Total Cost": 199127.97, "Plan Rows": 1, "Plan Width": 113, "Plans": [{"Node Type": "Hash Join", "Parent Relationship": "Outer", "Join Type": "Inner", "Startup Cost": 116775.81, "Total Cost": 194248.77, "Plan Rows": 650559, "Plan Width": 45, "Inner Unique": true, "Hash Cond": "(mc.company_type_id = ct.id), (LLVM Optimized)", "Plans": [{"Node Type": "Hash Join", "Parent Relationship": "Outer", "Join Type": "Inner", "Startup Cost": 116774.76, "Total Cost": 185660.4, "Plan Rows": 1055184, "Plan Width": 49, "Inner Unique": false, "Hash Cond": "(mc.movie_id = t.id), (LLVM Optimized)", "Plans": [{"Node Type": "Seq Scan", "Parent Relationship": "Outer", "Relation Name": "movie_companies", "Alias": "mc", "Startup Cost": 0.0, "Total Cost": 48340.1, "Plan Rows": 2609035, "Plan Width": 32, "Filter": "((note)::text !~~ '%(as Metro-Goldwyn-Mayer Pictures)%'::text), (LLVM Optimized)"}, {"Node Type": "Hash", "Parent Relationship": "Inner", "Startup Cost": 111176.77, "Total Cost": 111176.77, "Plan Rows": 447839, "Plan Width": 29, "Plans": [{"Node Type": "Hash Join", "Parent Relationship": "Outer", "Join Type": "Inner", "Startup Cost": 91165.52, "Total Cost": 111176.77, "Plan Rows": 447839, "Plan Width": 29, "Inner Unique": true, "Hash Cond": "(mi_idx.movie_id = t.id), (LLVM Optimized)", "Plans": [{"Node Type": "Nested Loop", "Parent Relationship": "Outer", "Join Type": "Inner", "Startup Cost": 7502.06, "Total Cost": 21741.14, "Plan Rows": 345008, "Plan Width": 4, "Inner Unique": false, "Plans": [{"Node Type": "Seq Scan", "Parent Relationship": "Outer", "Relation Name": "info_type", "Alias": "it", "Startup Cost": 0.0, "Total Cost": 2.4, "Plan Rows": 1, "Plan Width": 4, "Filter": "((info)::text = 'bottom 10 rank'::text)"}, {"Node Type": "Bitmap Heap Scan", "Parent Relationship": "Inner", "Relation Name": "movie_info_idx", "Alias": "mi_idx", "Startup Cost": 7502.06, "Total Cost": 18288.66, "Plan Rows": 345008, "Plan Width": 8, "Recheck Cond": "(info_type_id = it.id), (LLVM Optimized)", "Plans": [{"Node Type": "Bitmap Index Scan", "Parent Relationship": "Outer", "Index Name": "info_type_id_movie_info_idx", "Startup Cost": 0.0, "Total Cost": 7415.81, "Plan Rows": 345008, "Plan Width": 0, "Index Cond": "(info_type_id = it.id)"}]}]}, {"Node Type": "Hash", "Parent Relationship": "Inner", "Startup Cost": 66389.89, "Total Cost": 66389.89, "Plan Rows": 1381886, "Plan Width": 25, "Plans": [{"Node Type": "Seq Scan", "Parent Relationship": "Outer", "Relation Name": "title", "Alias": "t", "Startup Cost": 0.0, "Total Cost": 66389.89, "Plan Rows": 1381886, "Plan Width": 25, "Filter": "(production_year > 2000), (LLVM Optimized)"}]}]}]}]}, {"Node Type": "Hash", "Parent Relationship": "Inner", "Startup Cost": 1.04, "Total Cost": 1.04, "Plan Rows": 1, "Plan Width": 4, "Plans": [{"Node Type": "Seq Scan", "Parent Relationship": "Outer", "Relation Name": "company_type", "Alias": "ct", "Startup Cost": 0.0, "Total Cost": 1.04, "Plan Rows": 1, "Plan Width": 4, "Filter": "((kind)::text = 'production companies'::text)"}]}]}]}, "Unique SQL Id": 2492542741, "Planner Runtime": 5}, "explain_analyze_plan": {"Plan": {"Node Type": "Aggregate", "Strategy": "Plain", "Startup Cost": 199127.96, "Total Cost": 199127.97, "Plan Rows": 1, "Plan Width": 113, "Actual Startup Time": 2728.625, "Actual Total Time": 2728.626, "Actual Rows": 1, "Actual Loops": 1, "Plans": [{"Node Type": "Hash Join", "Parent Relationship": "Outer", "Join Type": "Inner", "Startup Cost": 116775.81, "Total Cost": 194248.77, "Plan Rows": 650559, "Plan Width": 45, "Actual Startup Time": 2557.909, "Actual Total Time": 2728.582, "Actual Rows": 4, "Actual Loops": 1, "Inner Unique": true, "Hash Cond": "(mc.company_type_id = ct.id), (LLVM Optimized, Jit Execute)", "Plans": [{"Node Type": "Hash Join", "Parent Relationship": "Outer", "Join Type": "Inner", "Startup Cost": 116774.76, "Total Cost": 185660.4, "Plan Rows": 1055184, "Plan Width": 49, "Actual Startup Time": 1875.446, "Actual Total Time": 2728.348, "Actual Rows": 78, "Actual Loops": 1, "Inner Unique": false, "Hash Cond": "(mc.movie_id = t.id), (LLVM Optimized, Jit Execute)", "Plans": [{"Node Type": "Seq Scan", "Parent Relationship": "Outer", "Relation Name": "movie_companies", "Alias": "mc", "Startup Cost": 0.0, "Total Cost": 48340.1, "Plan Rows": 2609035, "Plan Width": 32, "Actual Startup Time": 0.025, "Actual Total Time": 903.429, "Actual Rows": 1337087, "Actual Loops": 1, "Filter": "((note)::text !~~ '%(as Metro-Goldwyn-Mayer Pictures)%'::text), (LLVM Optimized, Jit Execute)", "Rows Removed by Filter": 1272041}, {"Node Type": "Hash", "Parent Relationship": "Inner", "Startup Cost": 111176.77, "Total Cost": 111176.77, "Plan Rows": 447839, "Plan Width": 29, "Actual Startup Time": 1572.575, "Actual Total Time": 1572.575, "Actual Rows": 6, "Actual Loops": 1, "Hash Buckets": 524288, "Hash Batches": 1, "Original Hash Batches": 1, "Peak Memory Usage": 1, "Plans": [{"Node Type": "Hash Join", "Parent Relationship": "Outer", "Join Type": "Inner", "Startup Cost": 91165.52, "Total Cost": 111176.77, "Plan Rows": 447839, "Plan Width": 29, "Actual Startup Time": 1572.527, "Actual Total Time": 1572.562, "Actual Rows": 6, "Actual Loops": 1, "Inner Unique": true, "Hash Cond": "(mi_idx.movie_id = t.id), (LLVM Optimized, Jit Execute)", "Plans": [{"Node Type": "Nested Loop", "Parent Relationship": "Outer", "Join Type": "Inner", "Startup Cost": 7502.06, "Total Cost": 21741.14, "Plan Rows": 345008, "Plan Width": 4, "Actual Startup Time": 0.082, "Actual Total Time": 0.112, "Actual Rows": 10, "Actual Loops": 1, "Inner Unique": false, "Plans": [{"Node Type": "Seq Scan", "Parent Relationship": "Outer", "Relation Name": "info_type", "Alias": "it", "Startup Cost": 0.0, "Total Cost": 2.4, "Plan Rows": 1, "Plan Width": 4, "Actual Startup Time": 0.047, "Actual Total Time": 0.065, "Actual Rows": 1, "Actual Loops": 1, "Filter": "((info)::text = 'bottom 10 rank'::text)", "Rows Removed by Filter": 111}, {"Node Type": "Bitmap Heap Scan", "Parent Relationship": "Inner", "Relation Name": "movie_info_idx", "Alias": "mi_idx", "Startup Cost": 7502.06, "Total Cost": 18288.66, "Plan Rows": 345008, "Plan Width": 8, "Actual Startup Time": 0.028, "Actual Total Time": 0.034, "Actual Rows": 10, "Actual Loops": 1, "Recheck Cond": "(info_type_id = it.id), (LLVM Optimized, Jit Execute)", "Rows Removed by Index Recheck": 0, "Exact Heap Blocks": 1, "Lossy Heap Blocks": 1, "Plans": [{"Node Type": "Bitmap Index Scan", "Parent Relationship": "Outer", "Index Name": "info_type_id_movie_info_idx", "Startup Cost": 0.0, "Total Cost": 7415.81, "Plan Rows": 345008, "Plan Width": 0, "Actual Startup Time": 0.016, "Actual Total Time": 0.016, "Actual Rows": 10, "Actual Loops": 1, "Index Cond": "(info_type_id = it.id)"}]}]}, {"Node Type": "Hash", "Parent Relationship": "Inner", "Startup Cost": 66389.89, "Total Cost": 66389.89, "Plan Rows": 1381886, "Plan Width": 25, "Actual Startup Time": 1571.16, "Actual Total Time": 1571.16, "Actual Rows": 1381453, "Actual Loops": 1, "Hash Buckets": 2097152, "Hash Batches": 1, "Original Hash Batches": 1, "Peak Memory Usage": 79393, "Plans": [{"Node Type": "Seq Scan", "Parent Relationship": "Outer", "Relation Name": "title", "Alias": "t", "Startup Cost": 0.0, "Total Cost": 66389.89, "Plan Rows": 1381886, "Plan Width": 25, "Actual Startup Time": 0.025, "Actual Total Time": 993.497, "Actual Rows": 1381453, "Actual Loops": 1, "Filter": "(production_year > 2000), (LLVM Optimized, Jit Execute)", "Rows Removed by Filter": 1146858}]}]}]}]}, {"Node Type": "Hash", "Parent Relationship": "Inner", "Startup Cost": 1.04, "Total Cost": 1.04, "Plan Rows": 1, "Plan Width": 4, "Actual Startup Time": 0.045, "Actual Total Time": 0.045, "Actual Rows": 1, "Actual Loops": 1, "Hash Buckets": 32768, "Hash Batches": 1, "Original Hash Batches": 1, "Peak Memory Usage": 1, "Plans": [{"Node Type": "Seq Scan", "Parent Relationship": "Outer", "Relation Name": "company_type", "Alias": "ct", "Startup Cost": 0.0, "Total Cost": 1.04, "Plan Rows": 1, "Plan Width": 4, "Actual Startup Time": 0.027, "Actual Total Time": 0.03, "Actual Rows": 1, "Actual Loops": 1, "Filter": "((kind)::text = 'production companies'::text)", "Rows Removed by Filter": 2}]}]}]}, "Triggers": [], "Planner Runtime": 5, "Total Runtime": 2739.215, "Unique SQL Id": 2492542741}}, "(1, 101)": {"explain_plan": {"Plan": {"Node Type": "Aggregate", "Strategy": "Plain", "Startup Cost": 251533.23, "Total Cost": 251533.24, "Plan Rows": 1, "Plan Width": 113, "Plans": [{"Node Type": "Hash Join", "Parent Relationship": "Outer", "Join Type": "Inner", "Startup Cost": 166837.95, "Total Cost": 246654.04, "Plan Rows": 650559, "Plan Width": 45, "Inner Unique": false, "Hash Cond": "(mc.movie_id = t.id), (LLVM Optimized)", "Plans": [{"Node Type": "Nested Loop", "Parent Relationship": "Outer", "Join Type": "Inner", "Startup Cost": 0.0, "Total Cost": 69436.41, "Plan Rows": 1304518, "Plan Width": 28, "Inner Unique": false, "Plans": [{"Node Type": "Index Scan", "Parent Relationship": "Outer", "Scan Direction": "Forward", "Index Name": "company_type_pkey", "Relation Name": "company_type", "Alias": "ct", "Startup Cost": 0.0, "Total Cost": 12.3, "Plan Rows": 1, "Plan Width": 4, "Filter": "((kind)::text = 'production companies'::text)"}, {"Node Type": "Index Scan", "Parent Relationship": "Inner", "Scan Direction": "Forward", "Index Name": "company_type_id_movie_companies", "Relation Name": "movie_companies", "Alias": "mc", "Startup Cost": 0.0, "Total Cost": 56378.94, "Plan Rows": 1304517, "Plan Width": 32, "Index Cond": "(company_type_id = ct.id), (LLVM Optimized)", "Filter": "((note)::text !~~ '%(as Metro-Goldwyn-Mayer Pictures)%'::text), (LLVM Optimized)"}]}, {"Node Type": "Hash", "Parent Relationship": "Inner", "Startup Cost": 161239.96, "Total Cost": 161239.96, "Plan Rows": 447839, "Plan Width": 29, "Plans": [{"Node Type": "Hash Join", "Parent Relationship": "Outer", "Join Type": "Inner", "Startup Cost": 141216.9, "Total Cost": 161239.96, "Plan Rows": 447839, "Plan Width": 29, "Inner Unique": true, "Hash Cond": "(mi_idx.movie_id = t.id), (LLVM Optimized)", "Plans": [{"Node Type": "Nested Loop", "Parent Relationship": "Outer", "Join Type": "Inner", "Startup Cost": 7502.06, "Total Cost": 21752.95, "Plan Rows": 345008, "Plan Width": 4, "Inner Unique": false, "Plans": [{"Node Type": "Index Scan", "Parent Relationship": "Outer", "Scan Direction": "Forward", "Index Name": "info_type_pkey", "Relation Name": "info_type", "Alias": "it", "Startup Cost": 0.0, "Total Cost": 14.21, "Plan Rows": 1, "Plan Width": 4, "Filter": "((info)::text = 'bottom 10 rank'::text)"}, {"Node Type": "Bitmap Heap Scan", "Parent Relationship": "Inner", "Relation Name": "movie_info_idx", "Alias": "mi_idx", "Startup Cost": 7502.06, "Total Cost": 18288.66, "Plan Rows": 345008, "Plan Width": 8, "Recheck Cond": "(info_type_id = it.id), (LLVM Optimized)", "Plans": [{"Node Type": "Bitmap Index Scan", "Parent Relationship": "Outer", "Index Name": "info_type_id_movie_info_idx", "Startup Cost": 0.0, "Total Cost": 7415.81, "Plan Rows": 345008, "Plan Width": 0, "Index Cond": "(info_type_id = it.id)"}]}]}, {"Node Type": "Hash", "Parent Relationship": "Inner", "Startup Cost": 116441.27, "Total Cost": 116441.27, "Plan Rows": 1381886, "Plan Width": 25, "Plans": [{"Node Type": "Index Scan", "Parent Relationship": "Outer", "Scan Direction": "Forward", "Index Name": "title_pkey", "Relation Name": "title", "Alias": "t", "Startup Cost": 0.0, "Total Cost": 116441.27, "Plan Rows": 1381886, "Plan Width": 25, "Filter": "(production_year > 2000), (LLVM Optimized)"}]}]}]}]}]}, "Unique SQL Id": 2492542741, "Planner Runtime": 4}, "explain_analyze_plan": {"Plan": {"Node Type": "Aggregate", "Strategy": "Plain", "Startup Cost": 251533.23, "Total Cost": 251533.24, "Plan Rows": 1, "Plan Width": 113, "Actual Startup Time": 4421.886, "Actual Total Time": 4421.887, "Actual Rows": 1, "Actual Loops": 1, "Plans": [{"Node Type": "Hash Join", "Parent Relationship": "Outer", "Join Type": "Inner", "Startup Cost": 166837.95, "Total Cost": 246654.04, "Plan Rows": 650559, "Plan Width": 45, "Actual Startup Time": 4094.089, "Actual Total Time": 4421.84, "Actual Rows": 4, "Actual Loops": 1, "Inner Unique": false, "Hash Cond": "(mc.movie_id = t.id), (LLVM Optimized, Jit Execute)", "Plans": [{"Node Type": "Nested Loop", "Parent Relationship": "Outer", "Join Type": "Inner", "Startup Cost": 0.0, "Total Cost": 69436.41, "Plan Rows": 1304518, "Plan Width": 28, "Actual Startup Time": 0.108, "Actual Total Time": 638.366, "Actual Rows": 140904, "Actual Loops": 1, "Inner Unique": false, "Plans": [{"Node Type": "Index Scan", "Parent Relationship": "Outer", "Scan Direction": "Forward", "Index Name": "company_type_pkey", "Relation Name": "company_type", "Alias": "ct", "Startup Cost": 0.0, "Total Cost": 12.3, "Plan Rows": 1, "Plan Width": 4, "Actual Startup Time": 0.025, "Actual Total Time": 0.035, "Actual Rows": 1, "Actual Loops": 1, "Filter": "((kind)::text = 'production companies'::text)", "Rows Removed by Filter": 2}, {"Node Type": "Index Scan", "Parent Relationship": "Inner", "Scan Direction": "Forward", "Index Name": "company_type_id_movie_companies", "Relation Name": "movie_companies", "Alias": "mc", "Startup Cost": 0.0, "Total Cost": 56378.94, "Plan Rows": 1304517, "Plan Width": 32, "Actual Startup Time": 0.078, "Actual Total Time": 609.976, "Actual Rows": 140904, "Actual Loops": 1, "Index Cond": "(company_type_id = ct.id), (LLVM Optimized, Jit Execute)", "Rows Removed by Index Recheck": 0, "Filter": "((note)::text !~~ '%(as Metro-Goldwyn-Mayer Pictures)%'::text), (LLVM Optimized, Jit Execute)", "Rows Removed by Filter": 1193979}]}, {"Node Type": "Hash", "Parent Relationship": "Inner", "Startup Cost": 161239.96, "Total Cost": 161239.96, "Plan Rows": 447839, "Plan Width": 29, "Actual Startup Time": 3752.128, "Actual Total Time": 3752.128, "Actual Rows": 6, "Actual Loops": 1, "Hash Buckets": 524288, "Hash Batches": 1, "Original Hash Batches": 1, "Peak Memory Usage": 1, "Plans": [{"Node Type": "Hash Join", "Parent Relationship": "Outer", "Join Type": "Inner", "Startup Cost": 141216.9, "Total Cost": 161239.96, "Plan Rows": 447839, "Plan Width": 29, "Actual Startup Time": 3752.1, "Actual Total Time": 3752.117, "Actual Rows": 6, "Actual Loops": 1, "Inner Unique": true, "Hash Cond": "(mi_idx.movie_id = t.id), (LLVM Optimized, Jit Execute)", "Plans": [{"Node Type": "Nested Loop", "Parent Relationship": "Outer", "Join Type": "Inner", "Startup Cost": 7502.06, "Total Cost": 21752.95, "Plan Rows": 345008, "Plan Width": 4, "Actual Startup Time": 0.094, "Actual Total Time": 0.11, "Actual Rows": 10, "Actual Loops": 1, "Inner Unique": false, "Plans": [{"Node Type": "Index Scan", "Parent Relationship": "Outer", "Scan Direction": "Forward", "Index Name": "info_type_pkey", "Relation Name": "info_type", "Alias": "it", "Startup Cost": 0.0, "Total Cost": 14.21, "Plan Rows": 1, "Plan Width": 4, "Actual Startup Time": 0.061, "Actual Total Time": 0.066, "Actual Rows": 1, "Actual Loops": 1, "Filter": "((info)::text = 'bottom 10 rank'::text)", "Rows Removed by Filter": 111}, {"Node Type": "Bitmap Heap Scan", "Parent Relationship": "Inner", "Relation Name": "movie_info_idx", "Alias": "mi_idx", "Startup Cost": 7502.06, "Total Cost": 18288.66, "Plan Rows": 345008, "Plan Width": 8, "Actual Startup Time": 0.026, "Actual Total Time": 0.032, "Actual Rows": 10, "Actual Loops": 1, "Recheck Cond": "(info_type_id = it.id), (LLVM Optimized, Jit Execute)", "Rows Removed by Index Recheck": 0, "Exact Heap Blocks": 1, "Lossy Heap Blocks": 1, "Plans": [{"Node Type": "Bitmap Index Scan", "Parent Relationship": "Outer", "Index Name": "info_type_id_movie_info_idx", "Startup Cost": 0.0, "Total Cost": 7415.81, "Plan Rows": 345008, "Plan Width": 0, "Actual Startup Time": 0.012, "Actual Total Time": 0.012, "Actual Rows": 10, "Actual Loops": 1, "Index Cond": "(info_type_id = it.id)"}]}]}, {"Node Type": "Hash", "Parent Relationship": "Inner", "Startup Cost": 116441.27, "Total Cost": 116441.27, "Plan Rows": 1381886, "Plan Width": 25, "Actual Startup Time": 3750.712, "Actual Total Time": 3750.712, "Actual Rows": 1381453, "Actual Loops": 1, "Hash Buckets": 2097152, "Hash Batches": 1, "Original Hash Batches": 1, "Peak Memory Usage": 79393, "Plans": [{"Node Type": "Index Scan", "Parent Relationship": "Outer", "Scan Direction": "Forward", "Index Name": "title_pkey", "Relation Name": "title", "Alias": "t", "Startup Cost": 0.0, "Total Cost": 116441.27, "Plan Rows": 1381886, "Plan Width": 25, "Actual Startup Time": 0.027, "Actual Total Time": 3155.74, "Actual Rows": 1381453, "Actual Loops": 1, "Filter": "(production_year > 2000), (LLVM Optimized, Jit Execute)", "Rows Removed by Filter": 1146858}]}]}]}]}]}, "Triggers": [], "Planner Runtime": 4, "Total Runtime": 4432.594, "Unique SQL Id": 2492542741}}, "(1, 102)": {"explain_plan": {"Plan": {"Node Type": "Aggregate", "Strategy": "Plain", "Startup Cost": 199127.96, "Total Cost": 199127.97, "Plan Rows": 1, "Plan Width": 113, "Plans": [{"Node Type": "Hash Join", "Parent Relationship": "Outer", "Join Type": "Inner", "Startup Cost": 116775.81, "Total Cost": 194248.77, "Plan Rows": 650559, "Plan Width": 45, "Inner Unique": true, "Hash Cond": "(mc.company_type_id = ct.id), (LLVM Optimized)", "Plans": [{"Node Type": "Hash Join", "Parent Relationship": "Outer", "Join Type": "Inner", "Startup Cost": 116774.76, "Total Cost": 185660.4, "Plan Rows": 1055184, "Plan Width": 49, "Inner Unique": false, "Hash Cond": "(mc.movie_id = t.id), (LLVM Optimized)", "Plans": [{"Node Type": "Seq Scan", "Parent Relationship": "Outer", "Relation Name": "movie_companies", "Alias": "mc", "Startup Cost": 0.0, "Total Cost": 48340.1, "Plan Rows": 2609035, "Plan Width": 32, "Filter": "((note)::text !~~ '%(as Metro-Goldwyn-Mayer Pictures)%'::text), (LLVM Optimized)"}, {"Node Type": "Hash", "Parent Relationship": "Inner", "Startup Cost": 111176.77, "Total Cost": 111176.77, "Plan Rows": 447839, "Plan Width": 29, "Plans": [{"Node Type": "Hash Join", "Parent Relationship": "Outer", "Join Type": "Inner", "Startup Cost": 91165.52, "Total Cost": 111176.77, "Plan Rows": 447839, "Plan Width": 29, "Inner Unique": true, "Hash Cond": "(mi_idx.movie_id = t.id), (LLVM Optimized)", "Plans": [{"Node Type": "Nested Loop", "Parent Relationship": "Outer", "Join Type": "Inner", "Startup Cost": 7502.06, "Total Cost": 21741.14, "Plan Rows": 345008, "Plan Width": 4, "Inner Unique": false, "Plans": [{"Node Type": "Seq Scan", "Parent Relationship": "Outer", "Relation Name": "info_type", "Alias": "it", "Startup Cost": 0.0, "Total Cost": 2.4, "Plan Rows": 1, "Plan Width": 4, "Filter": "((info)::text = 'bottom 10 rank'::text)"}, {"Node Type": "Bitmap Heap Scan", "Parent Relationship": "Inner", "Relation Name": "movie_info_idx", "Alias": "mi_idx", "Startup Cost": 7502.06, "Total Cost": 18288.66, "Plan Rows": 345008, "Plan Width": 8, "Recheck Cond": "(info_type_id = it.id), (LLVM Optimized)", "Plans": [{"Node Type": "Bitmap Index Scan", "Parent Relationship": "Outer", "Index Name": "info_type_id_movie_info_idx", "Startup Cost": 0.0, "Total Cost": 7415.81, "Plan Rows": 345008, "Plan Width": 0, "Index Cond": "(info_type_id = it.id)"}]}]}, {"Node Type": "Hash", "Parent Relationship": "Inner", "Startup Cost": 66389.89, "Total Cost": 66389.89, "Plan Rows": 1381886, "Plan Width": 25, "Plans": [{"Node Type": "Seq Scan", "Parent Relationship": "Outer", "Relation Name": "title", "Alias": "t", "Startup Cost": 0.0, "Total Cost": 66389.89, "Plan Rows": 1381886, "Plan Width": 25, "Filter": "(production_year > 2000), (LLVM Optimized)"}]}]}]}]}, {"Node Type": "Hash", "Parent Relationship": "Inner", "Startup Cost": 1.04, "Total Cost": 1.04, "Plan Rows": 1, "Plan Width": 4, "Plans": [{"Node Type": "Seq Scan", "Parent Relationship": "Outer", "Relation Name": "company_type", "Alias": "ct", "Startup Cost": 0.0, "Total Cost": 1.04, "Plan Rows": 1, "Plan Width": 4, "Filter": "((kind)::text = 'production companies'::text)"}]}]}]}, "Unique SQL Id": 2492542741, "Planner Runtime": 5}, "explain_analyze_plan": {"Plan": {"Node Type": "Aggregate", "Strategy": "Plain", "Startup Cost": 199127.96, "Total Cost": 199127.97, "Plan Rows": 1, "Plan Width": 113, "Actual Startup Time": 2728.625, "Actual Total Time": 2728.626, "Actual Rows": 1, "Actual Loops": 1, "Plans": [{"Node Type": "Hash Join", "Parent Relationship": "Outer", "Join Type": "Inner", "Startup Cost": 116775.81, "Total Cost": 194248.77, "Plan Rows": 650559, "Plan Width": 45, "Actual Startup Time": 2557.909, "Actual Total Time": 2728.582, "Actual Rows": 4, "Actual Loops": 1, "Inner Unique": true, "Hash Cond": "(mc.company_type_id = ct.id), (LLVM Optimized, Jit Execute)", "Plans": [{"Node Type": "Hash Join", "Parent Relationship": "Outer", "Join Type": "Inner", "Startup Cost": 116774.76, "Total Cost": 185660.4, "Plan Rows": 1055184, "Plan Width": 49, "Actual Startup Time": 1875.446, "Actual Total Time": 2728.348, "Actual Rows": 78, "Actual Loops": 1, "Inner Unique": false, "Hash Cond": "(mc.movie_id = t.id), (LLVM Optimized, Jit Execute)", "Plans": [{"Node Type": "Seq Scan", "Parent Relationship": "Outer", "Relation Name": "movie_companies", "Alias": "mc", "Startup Cost": 0.0, "Total Cost": 48340.1, "Plan Rows": 2609035, "Plan Width": 32, "Actual Startup Time": 0.025, "Actual Total Time": 903.429, "Actual Rows": 1337087, "Actual Loops": 1, "Filter": "((note)::text !~~ '%(as Metro-Goldwyn-Mayer Pictures)%'::text), (LLVM Optimized, Jit Execute)", "Rows Removed by Filter": 1272041}, {"Node Type": "Hash", "Parent Relationship": "Inner", "Startup Cost": 111176.77, "Total Cost": 111176.77, "Plan Rows": 447839, "Plan Width": 29, "Actual Startup Time": 1572.575, "Actual Total Time": 1572.575, "Actual Rows": 6, "Actual Loops": 1, "Hash Buckets": 524288, "Hash Batches": 1, "Original Hash Batches": 1, "Peak Memory Usage": 1, "Plans": [{"Node Type": "Hash Join", "Parent Relationship": "Outer", "Join Type": "Inner", "Startup Cost": 91165.52, "Total Cost": 111176.77, "Plan Rows": 447839, "Plan Width": 29, "Actual Startup Time": 1572.527, "Actual Total Time": 1572.562, "Actual Rows": 6, "Actual Loops": 1, "Inner Unique": true, "Hash Cond": "(mi_idx.movie_id = t.id), (LLVM Optimized, Jit Execute)", "Plans": [{"Node Type": "Nested Loop", "Parent Relationship": "Outer", "Join Type": "Inner", "Startup Cost": 7502.06, "Total Cost": 21741.14, "Plan Rows": 345008, "Plan Width": 4, "Actual Startup Time": 0.082, "Actual Total Time": 0.112, "Actual Rows": 10, "Actual Loops": 1, "Inner Unique": false, "Plans": [{"Node Type": "Seq Scan", "Parent Relationship": "Outer", "Relation Name": "info_type", "Alias": "it", "Startup Cost": 0.0, "Total Cost": 2.4, "Plan Rows": 1, "Plan Width": 4, "Actual Startup Time": 0.047, "Actual Total Time": 0.065, "Actual Rows": 1, "Actual Loops": 1, "Filter": "((info)::text = 'bottom 10 rank'::text)", "Rows Removed by Filter": 111}, {"Node Type": "Bitmap Heap Scan", "Parent Relationship": "Inner", "Relation Name": "movie_info_idx", "Alias": "mi_idx", "Startup Cost": 7502.06, "Total Cost": 18288.66, "Plan Rows": 345008, "Plan Width": 8, "Actual Startup Time": 0.028, "Actual Total Time": 0.034, "Actual Rows": 10, "Actual Loops": 1, "Recheck Cond": "(info_type_id = it.id), (LLVM Optimized, Jit Execute)", "Rows Removed by Index Recheck": 0, "Exact Heap Blocks": 1, "Lossy Heap Blocks": 1, "Plans": [{"Node Type": "Bitmap Index Scan", "Parent Relationship": "Outer", "Index Name": "info_type_id_movie_info_idx", "Startup Cost": 0.0, "Total Cost": 7415.81, "Plan Rows": 345008, "Plan Width": 0, "Actual Startup Time": 0.016, "Actual Total Time": 0.016, "Actual Rows": 10, "Actual Loops": 1, "Index Cond": "(info_type_id = it.id)"}]}]}, {"Node Type": "Hash", "Parent Relationship": "Inner", "Startup Cost": 66389.89, "Total Cost": 66389.89, "Plan Rows": 1381886, "Plan Width": 25, "Actual Startup Time": 1571.16, "Actual Total Time": 1571.16, "Actual Rows": 1381453, "Actual Loops": 1, "Hash Buckets": 2097152, "Hash Batches": 1, "Original Hash Batches": 1, "Peak Memory Usage": 79393, "Plans": [{"Node Type": "Seq Scan", "Parent Relationship": "Outer", "Relation Name": "title", "Alias": "t", "Startup Cost": 0.0, "Total Cost": 66389.89, "Plan Rows": 1381886, "Plan Width": 25, "Actual Startup Time": 0.025, "Actual Total Time": 993.497, "Actual Rows": 1381453, "Actual Loops": 1, "Filter": "(production_year > 2000), (LLVM Optimized, Jit Execute)", "Rows Removed by Filter": 1146858}]}]}]}]}, {"Node Type": "Hash", "Parent Relationship": "Inner", "Startup Cost": 1.04, "Total Cost": 1.04, "Plan Rows": 1, "Plan Width": 4, "Actual Startup Time": 0.045, "Actual Total Time": 0.045, "Actual Rows": 1, "Actual Loops": 1, "Hash Buckets": 32768, "Hash Batches": 1, "Original Hash Batches": 1, "Peak Memory Usage": 1, "Plans": [{"Node Type": "Seq Scan", "Parent Relationship": "Outer", "Relation Name": "company_type", "Alias": "ct", "Startup Cost": 0.0, "Total Cost": 1.04, "Plan Rows": 1, "Plan Width": 4, "Actual Startup Time": 0.027, "Actual Total Time": 0.03, "Actual Rows": 1, "Actual Loops": 1, "Filter": "((kind)::text = 'production companies'::text)", "Rows Removed by Filter": 2}]}]}]}, "Triggers": [], "Planner Runtime": 5, "Total Runtime": 2739.215, "Unique SQL Id": 2492542741}}, "(1, 103)": {"explain_plan": {"Plan": {"Node Type": "Aggregate", "Strategy": "Plain", "Startup Cost": 1000017767760.86, "Total Cost": 1000017767760.87, "Plan Rows": 1, "Plan Width": 113, "Plans": [{"Node Type": "Nested Loop", "Parent Relationship": "Outer", "Join Type": "Inner", "Startup Cost": 10000000001.08, "Total Cost": 1000017762976.72, "Plan Rows": 637886, "Plan Width": 45, "Inner Unique": true, "Plans": [{"Node Type": "Nested Loop", "Parent Relationship": "Outer", "Join Type": "Inner", "Startup Cost": 10000000000.81, "Total Cost": 1000015609438.29, "Plan Rows": 501180, "Plan Width": 32, "Inner Unique": true, "Plans": [{"Node Type": "Nested Loop", "Parent Relationship": "Outer", "Join Type": "Inner", "Startup Cost": 10000000000.55, "Total Cost": 1000012058838.99, "Plan Rows": 829046, "Plan Width": 36, "Inner Unique": false, "Plans": [{"Node Type": "Nested Loop", "Parent Relationship": "Outer", "Join Type": "Inner", "Startup Cost": 10000000000.26, "Total Cost": 1000010560383.98, "Plan Rows": 345008, "Plan Width": 4, "Inner Unique": true, "Plans": [{"Node Type": "Index Scan", "Parent Relationship": "Outer", "Scan Direction": "Forward", "Index Name": "movie_id_movie_info_idx", "Relation Name": "movie_info_idx", "Alias": "mi_idx", "Startup Cost": 10000000000.0, "Total Cost": 1000004650035.37, "Plan Rows": 1380034, "Plan Width": 8}, {"Node Type": "Bitmap Heap Scan", "Parent Relationship": "Inner", "Relation Name": "info_type", "Alias": "it", "Startup Cost": 0.26, "Total Cost": 4.27, "Plan Rows": 1, "Plan Width": 4, "Recheck Cond": "(id = mi_idx.info_type_id)", "Filter": "((info)::text = 'bottom 10 rank'::text)", "Plans": [{"Node Type": "Bitmap Index Scan", "Parent Relationship": "Outer", "Index Name": "info_type_pkey", "Startup Cost": 0.0, "Total Cost": 0.26, "Plan Rows": 1, "Plan Width": 0, "Index Cond": "(id = mi_idx.info_type_id)"}]}]}, {"Node Type": "Bitmap Heap Scan", "Parent Relationship": "Inner", "Relation Name": "movie_companies", "Alias": "mc", "Startup Cost": 0.29, "Total Cost": 4.32, "Plan Rows": 2, "Plan Width": 32, "Recheck Cond": "(movie_id = mi_idx.movie_id)", "Filter": "((note)::text !~~ '%(as Metro-Goldwyn-Mayer Pictures)%'::text)", "Plans": [{"Node Type": "Bitmap Index Scan", "Parent Relationship": "Outer", "Index Name": "movie_id_movie_companies", "Startup Cost": 0.0, "Total Cost": 0.29, "Plan Rows": 2, "Plan Width": 0, "Index Cond": "(movie_id = mi_idx.movie_id)"}]}]}, {"Node Type": "Bitmap Heap Scan", "Parent Relationship": "Inner", "Relation Name": "company_type", "Alias": "ct", "Startup Cost": 0.26, "Total Cost": 4.27, "Plan Rows": 1, "Plan Width": 4, "Recheck Cond": "(id = mc.company_type_id)", "Filter": "((kind)::text = 'production companies'::text)", "Plans": [{"Node Type": "Bitmap Index Scan", "Parent Relationship": "Outer", "Index Name": "company_type_pkey", "Startup Cost": 0.0, "Total Cost": 0.26, "Plan Rows": 1, "Plan Width": 0, "Index Cond": "(id = mc.company_type_id)"}]}]}, {"Node Type": "Bitmap Heap Scan", "Parent Relationship": "Inner", "Relation Name": "title", "Alias": "t", "Startup Cost": 0.27, "Total Cost": 4.29, "Plan Rows": 1, "Plan Width": 25, "Recheck Cond": "(id = mc.movie_id)", "Filter": "(production_year > 2000)", "Plans": [{"Node Type": "Bitmap Index Scan", "Parent Relationship": "Outer", "Index Name": "title_pkey", "Startup Cost": 0.0, "Total Cost": 0.27, "Plan Rows": 1, "Plan Width": 0, "Index Cond": "(id = mc.movie_id)"}]}]}]}, "Unique SQL Id": 2492542741, "Planner Runtime": 2}, "explain_analyze_plan": null}, "(1, 104)": {"explain_plan": {"Plan": {"Node Type": "Aggregate", "Strategy": "Plain", "Startup Cost": 204572.36, "Total Cost": 204572.37, "Plan Rows": 1, "Plan Width": 113, "Plans": [{"Node Type": "Hash Join", "Parent Relationship": "Outer", "Join Type": "Inner", "Startup Cost": 122220.21, "Total Cost": 199693.17, "Plan Rows": 650559, "Plan Width": 45, "Inner Unique": true, "Hash Cond": "(mc.company_type_id = ct.id), (LLVM Optimized)", "Plans": [{"Node Type": "Hash Join", "Parent Relationship": "Outer", "Join Type": "Inner", "Startup Cost": 122219.16, "Total Cost": 191104.8, "Plan Rows": 1055184, "Plan Width": 49, "Inner Unique": false, "Hash Cond": "(mc.movie_id = t.id), (LLVM Optimized)", "Plans": [{"Node Type": "Seq Scan", "Parent Relationship": "Outer", "Relation Name": "movie_companies", "Alias": "mc", "Startup Cost": 0.0, "Total Cost": 48340.1, "Plan Rows": 2609035, "Plan Width": 32, "Filter": "((note)::text !~~ '%(as Metro-Goldwyn-Mayer Pictures)%'::text), (LLVM Optimized)"}, {"Node Type": "Hash", "Parent Relationship": "Inner", "Startup Cost": 116621.17, "Total Cost": 116621.17, "Plan Rows": 447839, "Plan Width": 29, "Plans": [{"Node Type": "Hash Join", "Parent Relationship": "Outer", "Join Type": "Inner", "Startup Cost": 83665.88, "Total Cost": 116621.17, "Plan Rows": 447839, "Plan Width": 29, "Inner Unique": true, "Hash Cond": "(mi_idx.movie_id = t.id), (LLVM Optimized)", "Plans": [{"Node Type": "Hash Join", "Parent Relationship": "Outer", "Join Type": "Inner", "Startup Cost": 2.41, "Total Cost": 27185.54, "Plan Rows": 345008, "Plan Width": 4, "Inner Unique": true, "Hash Cond": "(mi_idx.info_type_id = it.id), (LLVM Optimized)", "Plans": [{"Node Type": "Seq Scan", "Parent Relationship": "Outer", "Relation Name": "movie_info_idx", "Alias": "mi_idx", "Startup Cost": 0.0, "Total Cost": 20274.34, "Plan Rows": 1380034, "Plan Width": 8}, {"Node Type": "Hash", "Parent Relationship": "Inner", "Startup Cost": 2.4, "Total Cost": 2.4, "Plan Rows": 1, "Plan Width": 4, "Plans": [{"Node Type": "Seq Scan", "Parent Relationship": "Outer", "Relation Name": "info_type", "Alias": "it", "Startup Cost": 0.0, "Total Cost": 2.4, "Plan Rows": 1, "Plan Width": 4, "Filter": "((info)::text = 'bottom 10 rank'::text)"}]}]}, {"Node Type": "Hash", "Parent Relationship": "Inner", "Startup Cost": 66389.89, "Total Cost": 66389.89, "Plan Rows": 1381886, "Plan Width": 25, "Plans": [{"Node Type": "Seq Scan", "Parent Relationship": "Outer", "Relation Name": "title", "Alias": "t", "Startup Cost": 0.0, "Total Cost": 66389.89, "Plan Rows": 1381886, "Plan Width": 25, "Filter": "(production_year > 2000), (LLVM Optimized)"}]}]}]}]}, {"Node Type": "Hash", "Parent Relationship": "Inner", "Startup Cost": 1.04, "Total Cost": 1.04, "Plan Rows": 1, "Plan Width": 4, "Plans": [{"Node Type": "Seq Scan", "Parent Relationship": "Outer", "Relation Name": "company_type", "Alias": "ct", "Startup Cost": 0.0, "Total Cost": 1.04, "Plan Rows": 1, "Plan Width": 4, "Filter": "((kind)::text = 'production companies'::text)"}]}]}]}, "Unique SQL Id": 2492542741, "Planner Runtime": 6}, "explain_analyze_plan": {"Plan": {"Node Type": "Aggregate", "Strategy": "Plain", "Startup Cost": 204572.36, "Total Cost": 204572.37, "Plan Rows": 1, "Plan Width": 113, "Actual Startup Time": 3224.06, "Actual Total Time": 3224.06, "Actual Rows": 1, "Actual Loops": 1, "Plans": [{"Node Type": "Hash Join", "Parent Relationship": "Outer", "Join Type": "Inner", "Startup Cost": 122220.21, "Total Cost": 199693.17, "Plan Rows": 650559, "Plan Width": 45, "Actual Startup Time": 3046.139, "Actual Total Time": 3224.013, "Actual Rows": 4, "Actual Loops": 1, "Inner Unique": true, "Hash Cond": "(mc.company_type_id = ct.id), (LLVM Optimized, Jit Execute)", "Plans": [{"Node Type": "Hash Join", "Parent Relationship": "Outer", "Join Type": "Inner", "Startup Cost": 122219.16, "Total Cost": 191104.8, "Plan Rows": 1055184, "Plan Width": 49, "Actual Startup Time": 2326.995, "Actual Total Time": 3223.784, "Actual Rows": 78, "Actual Loops": 1, "Inner Unique": false, "Hash Cond": "(mc.movie_id = t.id), (LLVM Optimized, Jit Execute)", "Plans": [{"Node Type": "Seq Scan", "Parent Relationship": "Outer", "Relation Name": "movie_companies", "Alias": "mc", "Startup Cost": 0.0, "Total Cost": 48340.1, "Plan Rows": 2609035, "Plan Width": 32, "Actual Startup Time": 0.026, "Actual Total Time": 941.786, "Actual Rows": 1337087, "Actual Loops": 1, "Filter": "((note)::text !~~ '%(as Metro-Goldwyn-Mayer Pictures)%'::text), (LLVM Optimized, Jit Execute)", "Rows Removed by Filter": 1272041}, {"Node Type": "Hash", "Parent Relationship": "Inner", "Startup Cost": 116621.17, "Total Cost": 116621.17, "Plan Rows": 447839, "Plan Width": 29, "Actual Startup Time": 2012.885, "Actual Total Time": 2012.885, "Actual Rows": 6, "Actual Loops": 1, "Hash Buckets": 524288, "Hash Batches": 1, "Original Hash Batches": 1, "Peak Memory Usage": 1, "Plans": [{"Node Type": "Hash Join", "Parent Relationship": "Outer", "Join Type": "Inner", "Startup Cost": 83665.88, "Total Cost": 116621.17, "Plan Rows": 447839, "Plan Width": 29, "Actual Startup Time": 2012.819, "Actual Total Time": 2012.87, "Actual Rows": 6, "Actual Loops": 1, "Inner Unique": true, "Hash Cond": "(mi_idx.movie_id = t.id), (LLVM Optimized, Jit Execute)", "Plans": [{"Node Type": "Hash Join", "Parent Relationship": "Outer", "Join Type": "Inner", "Startup Cost": 2.41, "Total Cost": 27185.54, "Plan Rows": 345008, "Plan Width": 4, "Actual Startup Time": 534.697, "Actual Total Time": 534.72, "Actual Rows": 10, "Actual Loops": 1, "Inner Unique": true, "Hash Cond": "(mi_idx.info_type_id = it.id), (LLVM Optimized, Jit Execute)", "Plans": [{"Node Type": "Seq Scan", "Parent Relationship": "Outer", "Relation Name": "movie_info_idx", "Alias": "mi_idx", "Startup Cost": 0.0, "Total Cost": 20274.34, "Plan Rows": 1380034, "Plan Width": 8, "Actual Startup Time": 0.03, "Actual Total Time": 303.004, "Actual Rows": 1380034, "Actual Loops": 1}, {"Node Type": "Hash", "Parent Relationship": "Inner", "Startup Cost": 2.4, "Total Cost": 2.4, "Plan Rows": 1, "Plan Width": 4, "Actual Startup Time": 0.046, "Actual Total Time": 0.046, "Actual Rows": 1, "Actual Loops": 1, "Hash Buckets": 32768, "Hash Batches": 1, "Original Hash Batches": 1, "Peak Memory Usage": 1, "Plans": [{"Node Type": "Seq Scan", "Parent Relationship": "Outer", "Relation Name": "info_type", "Alias": "it", "Startup Cost": 0.0, "Total Cost": 2.4, "Plan Rows": 1, "Plan Width": 4, "Actual Startup Time": 0.042, "Actual Total Time": 0.044, "Actual Rows": 1, "Actual Loops": 1, "Filter": "((info)::text = 'bottom 10 rank'::text)", "Rows Removed by Filter": 111}]}]}, {"Node Type": "Hash", "Parent Relationship": "Inner", "Startup Cost": 66389.89, "Total Cost": 66389.89, "Plan Rows": 1381886, "Plan Width": 25, "Actual Startup Time": 1476.669, "Actual Total Time": 1476.669, "Actual Rows": 1381453, "Actual Loops": 1, "Hash Buckets": 2097152, "Hash Batches": 1, "Original Hash Batches": 1, "Peak Memory Usage": 79393, "Plans": [{"Node Type": "Seq Scan", "Parent Relationship": "Outer", "Relation Name": "title", "Alias": "t", "Startup Cost": 0.0, "Total Cost": 66389.89, "Plan Rows": 1381886, "Plan Width": 25, "Actual Startup Time": 0.071, "Actual Total Time": 926.834, "Actual Rows": 1381453, "Actual Loops": 1, "Filter": "(production_year > 2000), (LLVM Optimized, Jit Execute)", "Rows Removed by Filter": 1146858}]}]}]}]}, {"Node Type": "Hash", "Parent Relationship": "Inner", "Startup Cost": 1.04, "Total Cost": 1.04, "Plan Rows": 1, "Plan Width": 4, "Actual Startup Time": 0.044, "Actual Total Time": 0.044, "Actual Rows": 1, "Actual Loops": 1, "Hash Buckets": 32768, "Hash Batches": 1, "Original Hash Batches": 1, "Peak Memory Usage": 1, "Plans": [{"Node Type": "Seq Scan", "Parent Relationship": "Outer", "Relation Name": "company_type", "Alias": "ct", "Startup Cost": 0.0, "Total Cost": 1.04, "Plan Rows": 1, "Plan Width": 4, "Actual Startup Time": 0.025, "Actual Total Time": 0.028, "Actual Rows": 1, "Actual Loops": 1, "Filter": "((kind)::text = 'production companies'::text)", "Rows Removed by Filter": 2}]}]}]}, "Triggers": [], "Planner Runtime": 4, "Total Runtime": 3234.758, "Unique SQL Id": 2492542741}}, "(1, 105)": {"explain_plan": {"Plan": {"Node Type": "Aggregate", "Strategy": "Plain", "Startup Cost": 268118.48, "Total Cost": 268118.49, "Plan Rows": 1, "Plan Width": 113, "Plans": [{"Node Type": "Hash Join", "Parent Relationship": "Outer", "Join Type": "Inner", "Startup Cost": 183423.2, "Total Cost": 263239.28, "Plan Rows": 650559, "Plan Width": 45, "Inner Unique": false, "Hash Cond": "(mc.movie_id = t.id), (LLVM Optimized)", "Plans": [{"Node Type": "Nested Loop", "Parent Relationship": "Outer", "Join Type": "Inner", "Startup Cost": 0.0, "Total Cost": 69436.41, "Plan Rows": 1304518, "Plan Width": 28, "Inner Unique": false, "Plans": [{"Node Type": "Index Scan", "Parent Relationship": "Outer", "Scan Direction": "Forward", "Index Name": "company_type_pkey", "Relation Name": "company_type", "Alias": "ct", "Startup Cost": 0.0, "Total Cost": 12.3, "Plan Rows": 1, "Plan Width": 4, "Filter": "((kind)::text = 'production companies'::text)"}, {"Node Type": "Index Scan", "Parent Relationship": "Inner", "Scan Direction": "Forward", "Index Name": "company_type_id_movie_companies", "Relation Name": "movie_companies", "Alias": "mc", "Startup Cost": 0.0, "Total Cost": 56378.94, "Plan Rows": 1304517, "Plan Width": 32, "Index Cond": "(company_type_id = ct.id), (LLVM Optimized)", "Filter": "((note)::text !~~ '%(as Metro-Goldwyn-Mayer Pictures)%'::text), (LLVM Optimized)"}]}, {"Node Type": "Hash", "Parent Relationship": "Inner", "Startup Cost": 177825.21, "Total Cost": 177825.21, "Plan Rows": 447839, "Plan Width": 29, "Plans": [{"Node Type": "Hash Join", "Parent Relationship": "Outer", "Join Type": "Inner", "Startup Cost": 133714.84, "Total Cost": 177825.21, "Plan Rows": 447839, "Plan Width": 29, "Inner Unique": true, "Hash Cond": "(mi_idx.movie_id = t.id), (LLVM Optimized)", "Plans": [{"Node Type": "Nested Loop", "Parent Relationship": "Outer", "Join Type": "Inner", "Startup Cost": 0.0, "Total Cost": 38338.2, "Plan Rows": 345008, "Plan Width": 4, "Inner Unique": false, "Plans": [{"Node Type": "Index Scan", "Parent Relationship": "Outer", "Scan Direction": "Forward", "Index Name": "info_type_pkey", "Relation Name": "info_type", "Alias": "it", "Startup Cost": 0.0, "Total Cost": 14.21, "Plan Rows": 1, "Plan Width": 4, "Filter": "((info)::text = 'bottom 10 rank'::text)"}, {"Node Type": "Index Scan", "Parent Relationship": "Inner", "Scan Direction": "Forward", "Index Name": "info_type_id_movie_info_idx", "Relation Name": "movie_info_idx", "Alias": "mi_idx", "Startup Cost": 0.0, "Total Cost": 34873.91, "Plan Rows": 345008, "Plan Width": 8, "Index Cond": "(info_type_id = it.id), (LLVM Optimized)"}]}, {"Node Type": "Hash", "Parent Relationship": "Inner", "Startup Cost": 116441.27, "Total Cost": 116441.27, "Plan Rows": 1381886, "Plan Width": 25, "Plans": [{"Node Type": "Index Scan", "Parent Relationship": "Outer", "Scan Direction": "Forward", "Index Name": "title_pkey", "Relation Name": "title", "Alias": "t", "Startup Cost": 0.0, "Total Cost": 116441.27, "Plan Rows": 1381886, "Plan Width": 25, "Filter": "(production_year > 2000), (LLVM Optimized)"}]}]}]}]}]}, "Unique SQL Id": 2492542741, "Planner Runtime": 4}, "explain_analyze_plan": {"Plan": {"Node Type": "Aggregate", "Strategy": "Plain", "Startup Cost": 268118.48, "Total Cost": 268118.49, "Plan Rows": 1, "Plan Width": 113, "Actual Startup Time": 4780.141, "Actual Total Time": 4780.141, "Actual Rows": 1, "Actual Loops": 1, "Plans": [{"Node Type": "Hash Join", "Parent Relationship": "Outer", "Join Type": "Inner", "Startup Cost": 183423.2, "Total Cost": 263239.28, "Plan Rows": 650559, "Plan Width": 45, "Actual Startup Time": 4407.13, "Actual Total Time": 4780.091, "Actual Rows": 4, "Actual Loops": 1, "Inner Unique": false, "Hash Cond": "(mc.movie_id = t.id), (LLVM Optimized, Jit Execute)", "Plans": [{"Node Type": "Nested Loop", "Parent Relationship": "Outer", "Join Type": "Inner", "Startup Cost": 0.0, "Total Cost": 69436.41, "Plan Rows": 1304518, "Plan Width": 28, "Actual Startup Time": 0.124, "Actual Total Time": 736.559, "Actual Rows": 140904, "Actual Loops": 1, "Inner Unique": false, "Plans": [{"Node Type": "Index Scan", "Parent Relationship": "Outer", "Scan Direction": "Forward", "Index Name": "company_type_pkey", "Relation Name": "company_type", "Alias": "ct", "Startup Cost": 0.0, "Total Cost": 12.3, "Plan Rows": 1, "Plan Width": 4, "Actual Startup Time": 0.018, "Actual Total Time": 0.028, "Actual Rows": 1, "Actual Loops": 1, "Filter": "((kind)::text = 'production companies'::text)", "Rows Removed by Filter": 2}, {"Node Type": "Index Scan", "Parent Relationship": "Inner", "Scan Direction": "Forward", "Index Name": "company_type_id_movie_companies", "Relation Name": "movie_companies", "Alias": "mc", "Startup Cost": 0.0, "Total Cost": 56378.94, "Plan Rows": 1304517, "Plan Width": 32, "Actual Startup Time": 0.101, "Actual Total Time": 707.577, "Actual Rows": 140904, "Actual Loops": 1, "Index Cond": "(company_type_id = ct.id), (LLVM Optimized, Jit Execute)", "Rows Removed by Index Recheck": 0, "Filter": "((note)::text !~~ '%(as Metro-Goldwyn-Mayer Pictures)%'::text), (LLVM Optimized, Jit Execute)", "Rows Removed by Filter": 1193979}]}, {"Node Type": "Hash", "Parent Relationship": "Inner", "Startup Cost": 177825.21, "Total Cost": 177825.21, "Plan Rows": 447839, "Plan Width": 29, "Actual Startup Time": 4011.878, "Actual Total Time": 4011.878, "Actual Rows": 6, "Actual Loops": 1, "Hash Buckets": 524288, "Hash Batches": 1, "Original Hash Batches": 1, "Peak Memory Usage": 1, "Plans": [{"Node Type": "Hash Join", "Parent Relationship": "Outer", "Join Type": "Inner", "Startup Cost": 133714.84, "Total Cost": 177825.21, "Plan Rows": 447839, "Plan Width": 29, "Actual Startup Time": 4011.838, "Actual Total Time": 4011.861, "Actual Rows": 6, "Actual Loops": 1, "Inner Unique": true, "Hash Cond": "(mi_idx.movie_id = t.id), (LLVM Optimized, Jit Execute)", "Plans": [{"Node Type": "Nested Loop", "Parent Relationship": "Outer", "Join Type": "Inner", "Startup Cost": 0.0, "Total Cost": 38338.2, "Plan Rows": 345008, "Plan Width": 4, "Actual Startup Time": 0.087, "Actual Total Time": 0.106, "Actual Rows": 10, "Actual Loops": 1, "Inner Unique": false, "Plans": [{"Node Type": "Index Scan", "Parent Relationship": "Outer", "Scan Direction": "Forward", "Index Name": "info_type_pkey", "Relation Name": "info_type", "Alias": "it", "Startup Cost": 0.0, "Total Cost": 14.21, "Plan Rows": 1, "Plan Width": 4, "Actual Startup Time": 0.066, "Actual Total Time": 0.069, "Actual Rows": 1, "Actual Loops": 1, "Filter": "((info)::text = 'bottom 10 rank'::text)", "Rows Removed by Filter": 111}, {"Node Type": "Index Scan", "Parent Relationship": "Inner", "Scan Direction": "Forward", "Index Name": "info_type_id_movie_info_idx", "Relation Name": "movie_info_idx", "Alias": "mi_idx", "Startup Cost": 0.0, "Total Cost": 34873.91, "Plan Rows": 345008, "Plan Width": 8, "Actual Startup Time": 0.018, "Actual Total Time": 0.028, "Actual Rows": 10, "Actual Loops": 1, "Index Cond": "(info_type_id = it.id), (LLVM Optimized, Jit Execute)", "Rows Removed by Index Recheck": 0}]}, {"Node Type": "Hash", "Parent Relationship": "Inner", "Startup Cost": 116441.27, "Total Cost": 116441.27, "Plan Rows": 1381886, "Plan Width": 25, "Actual Startup Time": 4010.308, "Actual Total Time": 4010.308, "Actual Rows": 1381453, "Actual Loops": 1, "Hash Buckets": 2097152, "Hash Batches": 1, "Original Hash Batches": 1, "Peak Memory Usage": 79393, "Plans": [{"Node Type": "Index Scan", "Parent Relationship": "Outer", "Scan Direction": "Forward", "Index Name": "title_pkey", "Relation Name": "title", "Alias": "t", "Startup Cost": 0.0, "Total Cost": 116441.27, "Plan Rows": 1381886, "Plan Width": 25, "Actual Startup Time": 0.034, "Actual Total Time": 3282.905, "Actual Rows": 1381453, "Actual Loops": 1, "Filter": "(production_year > 2000), (LLVM Optimized, Jit Execute)", "Rows Removed by Filter": 1146858}]}]}]}]}]}, "Triggers": [], "Planner Runtime": 4, "Total Runtime": 4791.012, "Unique SQL Id": 2492542741}}, "(1, 106)": {"explain_plan": {"Plan": {"Node Type": "Aggregate", "Strategy": "Plain", "Startup Cost": 204572.36, "Total Cost": 204572.37, "Plan Rows": 1, "Plan Width": 113, "Plans": [{"Node Type": "Hash Join", "Parent Relationship": "Outer", "Join Type": "Inner", "Startup Cost": 122220.21, "Total Cost": 199693.17, "Plan Rows": 650559, "Plan Width": 45, "Inner Unique": true, "Hash Cond": "(mc.company_type_id = ct.id), (LLVM Optimized)", "Plans": [{"Node Type": "Hash Join", "Parent Relationship": "Outer", "Join Type": "Inner", "Startup Cost": 122219.16, "Total Cost": 191104.8, "Plan Rows": 1055184, "Plan Width": 49, "Inner Unique": false, "Hash Cond": "(mc.movie_id = t.id), (LLVM Optimized)", "Plans": [{"Node Type": "Seq Scan", "Parent Relationship": "Outer", "Relation Name": "movie_companies", "Alias": "mc", "Startup Cost": 0.0, "Total Cost": 48340.1, "Plan Rows": 2609035, "Plan Width": 32, "Filter": "((note)::text !~~ '%(as Metro-Goldwyn-Mayer Pictures)%'::text), (LLVM Optimized)"}, {"Node Type": "Hash", "Parent Relationship": "Inner", "Startup Cost": 116621.17, "Total Cost": 116621.17, "Plan Rows": 447839, "Plan Width": 29, "Plans": [{"Node Type": "Hash Join", "Parent Relationship": "Outer", "Join Type": "Inner", "Startup Cost": 83665.88, "Total Cost": 116621.17, "Plan Rows": 447839, "Plan Width": 29, "Inner Unique": true, "Hash Cond": "(mi_idx.movie_id = t.id), (LLVM Optimized)", "Plans": [{"Node Type": "Hash Join", "Parent Relationship": "Outer", "Join Type": "Inner", "Startup Cost": 2.41, "Total Cost": 27185.54, "Plan Rows": 345008, "Plan Width": 4, "Inner Unique": true, "Hash Cond": "(mi_idx.info_type_id = it.id), (LLVM Optimized)", "Plans": [{"Node Type": "Seq Scan", "Parent Relationship": "Outer", "Relation Name": "movie_info_idx", "Alias": "mi_idx", "Startup Cost": 0.0, "Total Cost": 20274.34, "Plan Rows": 1380034, "Plan Width": 8}, {"Node Type": "Hash", "Parent Relationship": "Inner", "Startup Cost": 2.4, "Total Cost": 2.4, "Plan Rows": 1, "Plan Width": 4, "Plans": [{"Node Type": "Seq Scan", "Parent Relationship": "Outer", "Relation Name": "info_type", "Alias": "it", "Startup Cost": 0.0, "Total Cost": 2.4, "Plan Rows": 1, "Plan Width": 4, "Filter": "((info)::text = 'bottom 10 rank'::text)"}]}]}, {"Node Type": "Hash", "Parent Relationship": "Inner", "Startup Cost": 66389.89, "Total Cost": 66389.89, "Plan Rows": 1381886, "Plan Width": 25, "Plans": [{"Node Type": "Seq Scan", "Parent Relationship": "Outer", "Relation Name": "title", "Alias": "t", "Startup Cost": 0.0, "Total Cost": 66389.89, "Plan Rows": 1381886, "Plan Width": 25, "Filter": "(production_year > 2000), (LLVM Optimized)"}]}]}]}]}, {"Node Type": "Hash", "Parent Relationship": "Inner", "Startup Cost": 1.04, "Total Cost": 1.04, "Plan Rows": 1, "Plan Width": 4, "Plans": [{"Node Type": "Seq Scan", "Parent Relationship": "Outer", "Relation Name": "company_type", "Alias": "ct", "Startup Cost": 0.0, "Total Cost": 1.04, "Plan Rows": 1, "Plan Width": 4, "Filter": "((kind)::text = 'production companies'::text)"}]}]}]}, "Unique SQL Id": 2492542741, "Planner Runtime": 4}, "explain_analyze_plan": {"Plan": {"Node Type": "Aggregate", "Strategy": "Plain", "Startup Cost": 204572.36, "Total Cost": 204572.37, "Plan Rows": 1, "Plan Width": 113, "Actual Startup Time": 3224.06, "Actual Total Time": 3224.06, "Actual Rows": 1, "Actual Loops": 1, "Plans": [{"Node Type": "Hash Join", "Parent Relationship": "Outer", "Join Type": "Inner", "Startup Cost": 122220.21, "Total Cost": 199693.17, "Plan Rows": 650559, "Plan Width": 45, "Actual Startup Time": 3046.139, "Actual Total Time": 3224.013, "Actual Rows": 4, "Actual Loops": 1, "Inner Unique": true, "Hash Cond": "(mc.company_type_id = ct.id), (LLVM Optimized, Jit Execute)", "Plans": [{"Node Type": "Hash Join", "Parent Relationship": "Outer", "Join Type": "Inner", "Startup Cost": 122219.16, "Total Cost": 191104.8, "Plan Rows": 1055184, "Plan Width": 49, "Actual Startup Time": 2326.995, "Actual Total Time": 3223.784, "Actual Rows": 78, "Actual Loops": 1, "Inner Unique": false, "Hash Cond": "(mc.movie_id = t.id), (LLVM Optimized, Jit Execute)", "Plans": [{"Node Type": "Seq Scan", "Parent Relationship": "Outer", "Relation Name": "movie_companies", "Alias": "mc", "Startup Cost": 0.0, "Total Cost": 48340.1, "Plan Rows": 2609035, "Plan Width": 32, "Actual Startup Time": 0.026, "Actual Total Time": 941.786, "Actual Rows": 1337087, "Actual Loops": 1, "Filter": "((note)::text !~~ '%(as Metro-Goldwyn-Mayer Pictures)%'::text), (LLVM Optimized, Jit Execute)", "Rows Removed by Filter": 1272041}, {"Node Type": "Hash", "Parent Relationship": "Inner", "Startup Cost": 116621.17, "Total Cost": 116621.17, "Plan Rows": 447839, "Plan Width": 29, "Actual Startup Time": 2012.885, "Actual Total Time": 2012.885, "Actual Rows": 6, "Actual Loops": 1, "Hash Buckets": 524288, "Hash Batches": 1, "Original Hash Batches": 1, "Peak Memory Usage": 1, "Plans": [{"Node Type": "Hash Join", "Parent Relationship": "Outer", "Join Type": "Inner", "Startup Cost": 83665.88, "Total Cost": 116621.17, "Plan Rows": 447839, "Plan Width": 29, "Actual Startup Time": 2012.819, "Actual Total Time": 2012.87, "Actual Rows": 6, "Actual Loops": 1, "Inner Unique": true, "Hash Cond": "(mi_idx.movie_id = t.id), (LLVM Optimized, Jit Execute)", "Plans": [{"Node Type": "Hash Join", "Parent Relationship": "Outer", "Join Type": "Inner", "Startup Cost": 2.41, "Total Cost": 27185.54, "Plan Rows": 345008, "Plan Width": 4, "Actual Startup Time": 534.697, "Actual Total Time": 534.72, "Actual Rows": 10, "Actual Loops": 1, "Inner Unique": true, "Hash Cond": "(mi_idx.info_type_id = it.id), (LLVM Optimized, Jit Execute)", "Plans": [{"Node Type": "Seq Scan", "Parent Relationship": "Outer", "Relation Name": "movie_info_idx", "Alias": "mi_idx", "Startup Cost": 0.0, "Total Cost": 20274.34, "Plan Rows": 1380034, "Plan Width": 8, "Actual Startup Time": 0.03, "Actual Total Time": 303.004, "Actual Rows": 1380034, "Actual Loops": 1}, {"Node Type": "Hash", "Parent Relationship": "Inner", "Startup Cost": 2.4, "Total Cost": 2.4, "Plan Rows": 1, "Plan Width": 4, "Actual Startup Time": 0.046, "Actual Total Time": 0.046, "Actual Rows": 1, "Actual Loops": 1, "Hash Buckets": 32768, "Hash Batches": 1, "Original Hash Batches": 1, "Peak Memory Usage": 1, "Plans": [{"Node Type": "Seq Scan", "Parent Relationship": "Outer", "Relation Name": "info_type", "Alias": "it", "Startup Cost": 0.0, "Total Cost": 2.4, "Plan Rows": 1, "Plan Width": 4, "Actual Startup Time": 0.042, "Actual Total Time": 0.044, "Actual Rows": 1, "Actual Loops": 1, "Filter": "((info)::text = 'bottom 10 rank'::text)", "Rows Removed by Filter": 111}]}]}, {"Node Type": "Hash", "Parent Relationship": "Inner", "Startup Cost": 66389.89, "Total Cost": 66389.89, "Plan Rows": 1381886, "Plan Width": 25, "Actual Startup Time": 1476.669, "Actual Total Time": 1476.669, "Actual Rows": 1381453, "Actual Loops": 1, "Hash Buckets": 2097152, "Hash Batches": 1, "Original Hash Batches": 1, "Peak Memory Usage": 79393, "Plans": [{"Node Type": "Seq Scan", "Parent Relationship": "Outer", "Relation Name": "title", "Alias": "t", "Startup Cost": 0.0, "Total Cost": 66389.89, "Plan Rows": 1381886, "Plan Width": 25, "Actual Startup Time": 0.071, "Actual Total Time": 926.834, "Actual Rows": 1381453, "Actual Loops": 1, "Filter": "(production_year > 2000), (LLVM Optimized, Jit Execute)", "Rows Removed by Filter": 1146858}]}]}]}]}, {"Node Type": "Hash", "Parent Relationship": "Inner", "Startup Cost": 1.04, "Total Cost": 1.04, "Plan Rows": 1, "Plan Width": 4, "Actual Startup Time": 0.044, "Actual Total Time": 0.044, "Actual Rows": 1, "Actual Loops": 1, "Hash Buckets": 32768, "Hash Batches": 1, "Original Hash Batches": 1, "Peak Memory Usage": 1, "Plans": [{"Node Type": "Seq Scan", "Parent Relationship": "Outer", "Relation Name": "company_type", "Alias": "ct", "Startup Cost": 0.0, "Total Cost": 1.04, "Plan Rows": 1, "Plan Width": 4, "Actual Startup Time": 0.025, "Actual Total Time": 0.028, "Actual Rows": 1, "Actual Loops": 1, "Filter": "((kind)::text = 'production companies'::text)", "Rows Removed by Filter": 2}]}]}]}, "Triggers": [], "Planner Runtime": 4, "Total Runtime": 3234.758, "Unique SQL Id": 2492542741}}, "(1, 107)": {"explain_plan": {"Plan": {"Node Type": "Aggregate", "Strategy": "Plain", "Startup Cost": 5000019197969.84, "Total Cost": 5000019197969.85, "Plan Rows": 1, "Plan Width": 113, "Plans": [{"Node Type": "Hash Join", "Parent Relationship": "Outer", "Join Type": "Inner", "Startup Cost": 3020013499450.12, "Total Cost": 5000019193185.69, "Plan Rows": 637886, "Plan Width": 45, "Inner Unique": true, "Hash Cond": "(mc.movie_id = t.id), (LLVM Optimized)", "Plans": [{"Node Type": "Hash Join", "Parent Relationship": "Outer", "Join Type": "Inner", "Startup Cost": 2020001838049.88, "Total Cost": 4000007523527.17, "Plan Rows": 501180, "Plan Width": 32, "Inner Unique": false, "Hash Cond": "(mc.movie_id = mi_idx.movie_id), (LLVM Optimized)", "Plans": [{"Node Type": "Nested Loop", "Parent Relationship": "Outer", "Join Type": "Inner", "Startup Cost": 20000000000.0, "Total Cost": 2000005652169.42, "Plan Rows": 1304518, "Plan Width": 28, "Inner Unique": false, "Plans": [{"Node Type": "Index Scan", "Parent Relationship": "Outer", "Scan Direction": "Forward", "Index Name": "company_type_pkey", "Relation Name": "company_type", "Alias": "ct", "Startup Cost": 10000000000.0, "Total Cost": 1000000001230.25, "Plan Rows": 1, "Plan Width": 4, "Filter": "((kind)::text = 'production companies'::text)"}, {"Node Type": "Index Scan", "Parent Relationship": "Inner", "Scan Direction": "Forward", "Index Name": "company_type_id_movie_companies", "Relation Name": "movie_companies", "Alias": "mc", "Startup Cost": 10000000000.0, "Total Cost": 1000005637894.0, "Plan Rows": 1304517, "Plan Width": 32, "Index Cond": "(company_type_id = ct.id), (LLVM Optimized)", "Filter": "((note)::text !~~ '%(as Metro-Goldwyn-Mayer Pictures)%'::text), (LLVM Optimized)"}]}, {"Node Type": "Hash", "Parent Relationship": "Inner", "Startup Cost": 2000001833737.28, "Total Cost": 2000001833737.28, "Plan Rows": 345008, "Plan Width": 4, "Plans": [{"Node Type": "Nested Loop", "Parent Relationship": "Outer", "Join Type": "Inner", "Startup Cost": 20000007502.06, "Total Cost": 2000001833737.28, "Plan Rows": 345008, "Plan Width": 4, "Inner Unique": false, "Plans": [{"Node Type": "Index Scan", "Parent Relationship": "Outer", "Scan Direction": "Forward", "Index Name": "info_type_pkey", "Relation Name": "info_type", "Alias": "it", "Startup Cost": 10000000000.0, "Total Cost": 1000000001421.0, "Plan Rows": 1, "Plan Width": 4, "Filter": "((info)::text = 'bottom 10 rank'::text)"}, {"Node Type": "Bitmap Heap Scan", "Parent Relationship": "Inner", "Relation Name": "movie_info_idx", "Alias": "mi_idx", "Startup Cost": 10000007502.06, "Total Cost": 1000001828866.2, "Plan Rows": 345008, "Plan Width": 8, "Recheck Cond": "(info_type_id = it.id), (LLVM Optimized)", "Plans": [{"Node Type": "Bitmap Index Scan", "Parent Relationship": "Outer", "Index Name": "info_type_id_movie_info_idx", "Startup Cost": 0.0, "Total Cost": 7415.81, "Plan Rows": 345008, "Plan Width": 0, "Index Cond": "(info_type_id = it.id)"}]}]}]}]}, {"Node Type": "Hash", "Parent Relationship": "Inner", "Startup Cost": 1000011644126.66, "Total Cost": 1000011644126.66, "Plan Rows": 1381886, "Plan Width": 25, "Plans": [{"Node Type": "Index Scan", "Parent Relationship": "Outer", "Scan Direction": "Forward", "Index Name": "title_pkey", "Relation Name": "title", "Alias": "t", "Startup Cost": 10000000000.0, "Total Cost": 1000011644126.66, "Plan Rows": 1381886, "Plan Width": 25, "Filter": "(production_year > 2000), (LLVM Optimized)"}]}]}]}, "Unique SQL Id": 2492542741, "Planner Runtime": 4}, "explain_analyze_plan": {"Plan": {"Node Type": "Aggregate", "Strategy": "Plain", "Startup Cost": 5000019197969.84, "Total Cost": 5000019197969.85, "Plan Rows": 1, "Plan Width": 113, "Actual Startup Time": 4487.226, "Actual Total Time": 4487.227, "Actual Rows": 1, "Actual Loops": 1, "Plans": [{"Node Type": "Hash Join", "Parent Relationship": "Outer", "Join Type": "Inner", "Startup Cost": 3020013499450.12, "Total Cost": 5000019193185.69, "Plan Rows": 637886, "Plan Width": 45, "Actual Startup Time": 4156.593, "Actual Total Time": 4487.175, "Actual Rows": 4, "Actual Loops": 1, "Inner Unique": true, "Hash Cond": "(mc.movie_id = t.id), (LLVM Optimized, Jit Execute)", "Plans": [{"Node Type": "Hash Join", "Parent Relationship": "Outer", "Join Type": "Inner", "Startup Cost": 2020001838049.88, "Total Cost": 4000007523527.17, "Plan Rows": 501180, "Plan Width": 32, "Actual Startup Time": 360.86, "Actual Total Time": 691.322, "Actual Rows": 5, "Actual Loops": 1, "Inner Unique": false, "Hash Cond": "(mc.movie_id = mi_idx.movie_id), (LLVM Optimized, Jit Execute)", "Plans": [{"Node Type": "Nested Loop", "Parent Relationship": "Outer", "Join Type": "Inner", "Startup Cost": 20000000000.0, "Total Cost": 2000005652169.42, "Plan Rows": 1304518, "Plan Width": 28, "Actual Startup Time": 0.137, "Actual Total Time": 659.7, "Actual Rows": 140904, "Actual Loops": 1, "Inner Unique": false, "Plans": [{"Node Type": "Index Scan", "Parent Relationship": "Outer", "Scan Direction": "Forward", "Index Name": "company_type_pkey", "Relation Name": "company_type", "Alias": "ct", "Startup Cost": 10000000000.0, "Total Cost": 1000000001230.25, "Plan Rows": 1, "Plan Width": 4, "Actual Startup Time": 0.03, "Actual Total Time": 0.039, "Actual Rows": 1, "Actual Loops": 1, "Filter": "((kind)::text = 'production companies'::text)", "Rows Removed by Filter": 2}, {"Node Type": "Index Scan", "Parent Relationship": "Inner", "Scan Direction": "Forward", "Index Name": "company_type_id_movie_companies", "Relation Name": "movie_companies", "Alias": "mc", "Startup Cost": 10000000000.0, "Total Cost": 1000005637894.0, "Plan Rows": 1304517, "Plan Width": 32, "Actual Startup Time": 0.097, "Actual Total Time": 630.235, "Actual Rows": 140904, "Actual Loops": 1, "Index Cond": "(company_type_id = ct.id), (LLVM Optimized, Jit Execute)", "Rows Removed by Index Recheck": 0, "Filter": "((note)::text !~~ '%(as Metro-Goldwyn-Mayer Pictures)%'::text), (LLVM Optimized, Jit Execute)", "Rows Removed by Filter": 1193979}]}, {"Node Type": "Hash", "Parent Relationship": "Inner", "Startup Cost": 2000001833737.28, "Total Cost": 2000001833737.28, "Plan Rows": 345008, "Plan Width": 4, "Actual Startup Time": 0.146, "Actual Total Time": 0.146, "Actual Rows": 10, "Actual Loops": 1, "Hash Buckets": 524288, "Hash Batches": 1, "Original Hash Batches": 1, "Peak Memory Usage": 1, "Plans": [{"Node Type": "Nested Loop", "Parent Relationship": "Outer", "Join Type": "Inner", "Startup Cost": 20000007502.06, "Total Cost": 2000001833737.28, "Plan Rows": 345008, "Plan Width": 4, "Actual Startup Time": 0.133, "Actual Total Time": 0.138, "Actual Rows": 10, "Actual Loops": 1, "Inner Unique": false, "Plans": [{"Node Type": "Index Scan", "Parent Relationship": "Outer", "Scan Direction": "Forward", "Index Name": "info_type_pkey", "Relation Name": "info_type", "Alias": "it", "Startup Cost": 10000000000.0, "Total Cost": 1000000001421.0, "Plan Rows": 1, "Plan Width": 4, "Actual Startup Time": 0.081, "Actual Total Time": 0.082, "Actual Rows": 1, "Actual Loops": 1, "Filter": "((info)::text = 'bottom 10 rank'::text)", "Rows Removed by Filter": 111}, {"Node Type": "Bitmap Heap Scan", "Parent Relationship": "Inner", "Relation Name": "movie_info_idx", "Alias": "mi_idx", "Startup Cost": 10000007502.06, "Total Cost": 1000001828866.2, "Plan Rows": 345008, "Plan Width": 8, "Actual Startup Time": 0.036, "Actual Total Time": 0.038, "Actual Rows": 10, "Actual Loops": 1, "Recheck Cond": "(info_type_id = it.id), (LLVM Optimized, Jit Execute)", "Rows Removed by Index Recheck": 0, "Exact Heap Blocks": 1, "Lossy Heap Blocks": 1, "Plans": [{"Node Type": "Bitmap Index Scan", "Parent Relationship": "Outer", "Index Name": "info_type_id_movie_info_idx", "Startup Cost": 0.0, "Total Cost": 7415.81, "Plan Rows": 345008, "Plan Width": 0, "Actual Startup Time": 0.016, "Actual Total Time": 0.016, "Actual Rows": 10, "Actual Loops": 1, "Index Cond": "(info_type_id = it.id)"}]}]}]}]}, {"Node Type": "Hash", "Parent Relationship": "Inner", "Startup Cost": 1000011644126.66, "Total Cost": 1000011644126.66, "Plan Rows": 1381886, "Plan Width": 25, "Actual Startup Time": 3794.432, "Actual Total Time": 3794.432, "Actual Rows": 1381453, "Actual Loops": 1, "Hash Buckets": 2097152, "Hash Batches": 1, "Original Hash Batches": 1, "Peak Memory Usage": 79393, "Plans": [{"Node Type": "Index Scan", "Parent Relationship": "Outer", "Scan Direction": "Forward", "Index Name": "title_pkey", "Relation Name": "title", "Alias": "t", "Startup Cost": 10000000000.0, "Total Cost": 1000011644126.66, "Plan Rows": 1381886, "Plan Width": 25, "Actual Startup Time": 0.058, "Actual Total Time": 3149.838, "Actual Rows": 1381453, "Actual Loops": 1, "Filter": "(production_year > 2000), (LLVM Optimized, Jit Execute)", "Rows Removed by Filter": 1146858}]}]}]}, "Triggers": [], "Planner Runtime": 4, "Total Runtime": 4500.404, "Unique SQL Id": 2492542741}}, "(1, 108)": {"explain_plan": {"Plan": {"Node Type": "Aggregate", "Strategy": "Plain", "Startup Cost": 204572.36, "Total Cost": 204572.37, "Plan Rows": 1, "Plan Width": 113, "Plans": [{"Node Type": "Hash Join", "Parent Relationship": "Outer", "Join Type": "Inner", "Startup Cost": 122220.21, "Total Cost": 199693.17, "Plan Rows": 650559, "Plan Width": 45, "Inner Unique": true, "Hash Cond": "(mc.company_type_id = ct.id), (LLVM Optimized)", "Plans": [{"Node Type": "Hash Join", "Parent Relationship": "Outer", "Join Type": "Inner", "Startup Cost": 122219.16, "Total Cost": 191104.8, "Plan Rows": 1055184, "Plan Width": 49, "Inner Unique": false, "Hash Cond": "(mc.movie_id = t.id), (LLVM Optimized)", "Plans": [{"Node Type": "Seq Scan", "Parent Relationship": "Outer", "Relation Name": "movie_companies", "Alias": "mc", "Startup Cost": 0.0, "Total Cost": 48340.1, "Plan Rows": 2609035, "Plan Width": 32, "Filter": "((note)::text !~~ '%(as Metro-Goldwyn-Mayer Pictures)%'::text), (LLVM Optimized)"}, {"Node Type": "Hash", "Parent Relationship": "Inner", "Startup Cost": 116621.17, "Total Cost": 116621.17, "Plan Rows": 447839, "Plan Width": 29, "Plans": [{"Node Type": "Hash Join", "Parent Relationship": "Outer", "Join Type": "Inner", "Startup Cost": 83665.88, "Total Cost": 116621.17, "Plan Rows": 447839, "Plan Width": 29, "Inner Unique": true, "Hash Cond": "(mi_idx.movie_id = t.id), (LLVM Optimized)", "Plans": [{"Node Type": "Hash Join", "Parent Relationship": "Outer", "Join Type": "Inner", "Startup Cost": 2.41, "Total Cost": 27185.54, "Plan Rows": 345008, "Plan Width": 4, "Inner Unique": true, "Hash Cond": "(mi_idx.info_type_id = it.id), (LLVM Optimized)", "Plans": [{"Node Type": "Seq Scan", "Parent Relationship": "Outer", "Relation Name": "movie_info_idx", "Alias": "mi_idx", "Startup Cost": 0.0, "Total Cost": 20274.34, "Plan Rows": 1380034, "Plan Width": 8}, {"Node Type": "Hash", "Parent Relationship": "Inner", "Startup Cost": 2.4, "Total Cost": 2.4, "Plan Rows": 1, "Plan Width": 4, "Plans": [{"Node Type": "Seq Scan", "Parent Relationship": "Outer", "Relation Name": "info_type", "Alias": "it", "Startup Cost": 0.0, "Total Cost": 2.4, "Plan Rows": 1, "Plan Width": 4, "Filter": "((info)::text = 'bottom 10 rank'::text)"}]}]}, {"Node Type": "Hash", "Parent Relationship": "Inner", "Startup Cost": 66389.89, "Total Cost": 66389.89, "Plan Rows": 1381886, "Plan Width": 25, "Plans": [{"Node Type": "Seq Scan", "Parent Relationship": "Outer", "Relation Name": "title", "Alias": "t", "Startup Cost": 0.0, "Total Cost": 66389.89, "Plan Rows": 1381886, "Plan Width": 25, "Filter": "(production_year > 2000), (LLVM Optimized)"}]}]}]}]}, {"Node Type": "Hash", "Parent Relationship": "Inner", "Startup Cost": 1.04, "Total Cost": 1.04, "Plan Rows": 1, "Plan Width": 4, "Plans": [{"Node Type": "Seq Scan", "Parent Relationship": "Outer", "Relation Name": "company_type", "Alias": "ct", "Startup Cost": 0.0, "Total Cost": 1.04, "Plan Rows": 1, "Plan Width": 4, "Filter": "((kind)::text = 'production companies'::text)"}]}]}]}, "Unique SQL Id": 2492542741, "Planner Runtime": 6}, "explain_analyze_plan": {"Plan": {"Node Type": "Aggregate", "Strategy": "Plain", "Startup Cost": 204572.36, "Total Cost": 204572.37, "Plan Rows": 1, "Plan Width": 113, "Actual Startup Time": 3224.06, "Actual Total Time": 3224.06, "Actual Rows": 1, "Actual Loops": 1, "Plans": [{"Node Type": "Hash Join", "Parent Relationship": "Outer", "Join Type": "Inner", "Startup Cost": 122220.21, "Total Cost": 199693.17, "Plan Rows": 650559, "Plan Width": 45, "Actual Startup Time": 3046.139, "Actual Total Time": 3224.013, "Actual Rows": 4, "Actual Loops": 1, "Inner Unique": true, "Hash Cond": "(mc.company_type_id = ct.id), (LLVM Optimized, Jit Execute)", "Plans": [{"Node Type": "Hash Join", "Parent Relationship": "Outer", "Join Type": "Inner", "Startup Cost": 122219.16, "Total Cost": 191104.8, "Plan Rows": 1055184, "Plan Width": 49, "Actual Startup Time": 2326.995, "Actual Total Time": 3223.784, "Actual Rows": 78, "Actual Loops": 1, "Inner Unique": false, "Hash Cond": "(mc.movie_id = t.id), (LLVM Optimized, Jit Execute)", "Plans": [{"Node Type": "Seq Scan", "Parent Relationship": "Outer", "Relation Name": "movie_companies", "Alias": "mc", "Startup Cost": 0.0, "Total Cost": 48340.1, "Plan Rows": 2609035, "Plan Width": 32, "Actual Startup Time": 0.026, "Actual Total Time": 941.786, "Actual Rows": 1337087, "Actual Loops": 1, "Filter": "((note)::text !~~ '%(as Metro-Goldwyn-Mayer Pictures)%'::text), (LLVM Optimized, Jit Execute)", "Rows Removed by Filter": 1272041}, {"Node Type": "Hash", "Parent Relationship": "Inner", "Startup Cost": 116621.17, "Total Cost": 116621.17, "Plan Rows": 447839, "Plan Width": 29, "Actual Startup Time": 2012.885, "Actual Total Time": 2012.885, "Actual Rows": 6, "Actual Loops": 1, "Hash Buckets": 524288, "Hash Batches": 1, "Original Hash Batches": 1, "Peak Memory Usage": 1, "Plans": [{"Node Type": "Hash Join", "Parent Relationship": "Outer", "Join Type": "Inner", "Startup Cost": 83665.88, "Total Cost": 116621.17, "Plan Rows": 447839, "Plan Width": 29, "Actual Startup Time": 2012.819, "Actual Total Time": 2012.87, "Actual Rows": 6, "Actual Loops": 1, "Inner Unique": true, "Hash Cond": "(mi_idx.movie_id = t.id), (LLVM Optimized, Jit Execute)", "Plans": [{"Node Type": "Hash Join", "Parent Relationship": "Outer", "Join Type": "Inner", "Startup Cost": 2.41, "Total Cost": 27185.54, "Plan Rows": 345008, "Plan Width": 4, "Actual Startup Time": 534.697, "Actual Total Time": 534.72, "Actual Rows": 10, "Actual Loops": 1, "Inner Unique": true, "Hash Cond": "(mi_idx.info_type_id = it.id), (LLVM Optimized, Jit Execute)", "Plans": [{"Node Type": "Seq Scan", "Parent Relationship": "Outer", "Relation Name": "movie_info_idx", "Alias": "mi_idx", "Startup Cost": 0.0, "Total Cost": 20274.34, "Plan Rows": 1380034, "Plan Width": 8, "Actual Startup Time": 0.03, "Actual Total Time": 303.004, "Actual Rows": 1380034, "Actual Loops": 1}, {"Node Type": "Hash", "Parent Relationship": "Inner", "Startup Cost": 2.4, "Total Cost": 2.4, "Plan Rows": 1, "Plan Width": 4, "Actual Startup Time": 0.046, "Actual Total Time": 0.046, "Actual Rows": 1, "Actual Loops": 1, "Hash Buckets": 32768, "Hash Batches": 1, "Original Hash Batches": 1, "Peak Memory Usage": 1, "Plans": [{"Node Type": "Seq Scan", "Parent Relationship": "Outer", "Relation Name": "info_type", "Alias": "it", "Startup Cost": 0.0, "Total Cost": 2.4, "Plan Rows": 1, "Plan Width": 4, "Actual Startup Time": 0.042, "Actual Total Time": 0.044, "Actual Rows": 1, "Actual Loops": 1, "Filter": "((info)::text = 'bottom 10 rank'::text)", "Rows Removed by Filter": 111}]}]}, {"Node Type": "Hash", "Parent Relationship": "Inner", "Startup Cost": 66389.89, "Total Cost": 66389.89, "Plan Rows": 1381886, "Plan Width": 25, "Actual Startup Time": 1476.669, "Actual Total Time": 1476.669, "Actual Rows": 1381453, "Actual Loops": 1, "Hash Buckets": 2097152, "Hash Batches": 1, "Original Hash Batches": 1, "Peak Memory Usage": 79393, "Plans": [{"Node Type": "Seq Scan", "Parent Relationship": "Outer", "Relation Name": "title", "Alias": "t", "Startup Cost": 0.0, "Total Cost": 66389.89, "Plan Rows": 1381886, "Plan Width": 25, "Actual Startup Time": 0.071, "Actual Total Time": 926.834, "Actual Rows": 1381453, "Actual Loops": 1, "Filter": "(production_year > 2000), (LLVM Optimized, Jit Execute)", "Rows Removed by Filter": 1146858}]}]}]}]}, {"Node Type": "Hash", "Parent Relationship": "Inner", "Startup Cost": 1.04, "Total Cost": 1.04, "Plan Rows": 1, "Plan Width": 4, "Actual Startup Time": 0.044, "Actual Total Time": 0.044, "Actual Rows": 1, "Actual Loops": 1, "Hash Buckets": 32768, "Hash Batches": 1, "Original Hash Batches": 1, "Peak Memory Usage": 1, "Plans": [{"Node Type": "Seq Scan", "Parent Relationship": "Outer", "Relation Name": "company_type", "Alias": "ct", "Startup Cost": 0.0, "Total Cost": 1.04, "Plan Rows": 1, "Plan Width": 4, "Actual Startup Time": 0.025, "Actual Total Time": 0.028, "Actual Rows": 1, "Actual Loops": 1, "Filter": "((kind)::text = 'production companies'::text)", "Rows Removed by Filter": 2}]}]}]}, "Triggers": [], "Planner Runtime": 4, "Total Runtime": 3234.758, "Unique SQL Id": 2492542741}}, "(1, 109)": {"explain_plan": {"Plan": {"Node Type": "Aggregate", "Strategy": "Plain", "Startup Cost": 268118.48, "Total Cost": 268118.49, "Plan Rows": 1, "Plan Width": 113, "Plans": [{"Node Type": "Hash Join", "Parent Relationship": "Outer", "Join Type": "Inner", "Startup Cost": 183423.2, "Total Cost": 263239.28, "Plan Rows": 650559, "Plan Width": 45, "Inner Unique": false, "Hash Cond": "(mc.movie_id = t.id), (LLVM Optimized)", "Plans": [{"Node Type": "Nested Loop", "Parent Relationship": "Outer", "Join Type": "Inner", "Startup Cost": 0.0, "Total Cost": 69436.41, "Plan Rows": 1304518, "Plan Width": 28, "Inner Unique": false, "Plans": [{"Node Type": "Index Scan", "Parent Relationship": "Outer", "Scan Direction": "Forward", "Index Name": "company_type_pkey", "Relation Name": "company_type", "Alias": "ct", "Startup Cost": 0.0, "Total Cost": 12.3, "Plan Rows": 1, "Plan Width": 4, "Filter": "((kind)::text = 'production companies'::text)"}, {"Node Type": "Index Scan", "Parent Relationship": "Inner", "Scan Direction": "Forward", "Index Name": "company_type_id_movie_companies", "Relation Name": "movie_companies", "Alias": "mc", "Startup Cost": 0.0, "Total Cost": 56378.94, "Plan Rows": 1304517, "Plan Width": 32, "Index Cond": "(company_type_id = ct.id), (LLVM Optimized)", "Filter": "((note)::text !~~ '%(as Metro-Goldwyn-Mayer Pictures)%'::text), (LLVM Optimized)"}]}, {"Node Type": "Hash", "Parent Relationship": "Inner", "Startup Cost": 177825.21, "Total Cost": 177825.21, "Plan Rows": 447839, "Plan Width": 29, "Plans": [{"Node Type": "Hash Join", "Parent Relationship": "Outer", "Join Type": "Inner", "Startup Cost": 133714.84, "Total Cost": 177825.21, "Plan Rows": 447839, "Plan Width": 29, "Inner Unique": true, "Hash Cond": "(mi_idx.movie_id = t.id), (LLVM Optimized)", "Plans": [{"Node Type": "Nested Loop", "Parent Relationship": "Outer", "Join Type": "Inner", "Startup Cost": 0.0, "Total Cost": 38338.2, "Plan Rows": 345008, "Plan Width": 4, "Inner Unique": false, "Plans": [{"Node Type": "Index Scan", "Parent Relationship": "Outer", "Scan Direction": "Forward", "Index Name": "info_type_pkey", "Relation Name": "info_type", "Alias": "it", "Startup Cost": 0.0, "Total Cost": 14.21, "Plan Rows": 1, "Plan Width": 4, "Filter": "((info)::text = 'bottom 10 rank'::text)"}, {"Node Type": "Index Scan", "Parent Relationship": "Inner", "Scan Direction": "Forward", "Index Name": "info_type_id_movie_info_idx", "Relation Name": "movie_info_idx", "Alias": "mi_idx", "Startup Cost": 0.0, "Total Cost": 34873.91, "Plan Rows": 345008, "Plan Width": 8, "Index Cond": "(info_type_id = it.id), (LLVM Optimized)"}]}, {"Node Type": "Hash", "Parent Relationship": "Inner", "Startup Cost": 116441.27, "Total Cost": 116441.27, "Plan Rows": 1381886, "Plan Width": 25, "Plans": [{"Node Type": "Index Scan", "Parent Relationship": "Outer", "Scan Direction": "Forward", "Index Name": "title_pkey", "Relation Name": "title", "Alias": "t", "Startup Cost": 0.0, "Total Cost": 116441.27, "Plan Rows": 1381886, "Plan Width": 25, "Filter": "(production_year > 2000), (LLVM Optimized)"}]}]}]}]}]}, "Unique SQL Id": 2492542741, "Planner Runtime": 4}, "explain_analyze_plan": {"Plan": {"Node Type": "Aggregate", "Strategy": "Plain", "Startup Cost": 268118.48, "Total Cost": 268118.49, "Plan Rows": 1, "Plan Width": 113, "Actual Startup Time": 4780.141, "Actual Total Time": 4780.141, "Actual Rows": 1, "Actual Loops": 1, "Plans": [{"Node Type": "Hash Join", "Parent Relationship": "Outer", "Join Type": "Inner", "Startup Cost": 183423.2, "Total Cost": 263239.28, "Plan Rows": 650559, "Plan Width": 45, "Actual Startup Time": 4407.13, "Actual Total Time": 4780.091, "Actual Rows": 4, "Actual Loops": 1, "Inner Unique": false, "Hash Cond": "(mc.movie_id = t.id), (LLVM Optimized, Jit Execute)", "Plans": [{"Node Type": "Nested Loop", "Parent Relationship": "Outer", "Join Type": "Inner", "Startup Cost": 0.0, "Total Cost": 69436.41, "Plan Rows": 1304518, "Plan Width": 28, "Actual Startup Time": 0.124, "Actual Total Time": 736.559, "Actual Rows": 140904, "Actual Loops": 1, "Inner Unique": false, "Plans": [{"Node Type": "Index Scan", "Parent Relationship": "Outer", "Scan Direction": "Forward", "Index Name": "company_type_pkey", "Relation Name": "company_type", "Alias": "ct", "Startup Cost": 0.0, "Total Cost": 12.3, "Plan Rows": 1, "Plan Width": 4, "Actual Startup Time": 0.018, "Actual Total Time": 0.028, "Actual Rows": 1, "Actual Loops": 1, "Filter": "((kind)::text = 'production companies'::text)", "Rows Removed by Filter": 2}, {"Node Type": "Index Scan", "Parent Relationship": "Inner", "Scan Direction": "Forward", "Index Name": "company_type_id_movie_companies", "Relation Name": "movie_companies", "Alias": "mc", "Startup Cost": 0.0, "Total Cost": 56378.94, "Plan Rows": 1304517, "Plan Width": 32, "Actual Startup Time": 0.101, "Actual Total Time": 707.577, "Actual Rows": 140904, "Actual Loops": 1, "Index Cond": "(company_type_id = ct.id), (LLVM Optimized, Jit Execute)", "Rows Removed by Index Recheck": 0, "Filter": "((note)::text !~~ '%(as Metro-Goldwyn-Mayer Pictures)%'::text), (LLVM Optimized, Jit Execute)", "Rows Removed by Filter": 1193979}]}, {"Node Type": "Hash", "Parent Relationship": "Inner", "Startup Cost": 177825.21, "Total Cost": 177825.21, "Plan Rows": 447839, "Plan Width": 29, "Actual Startup Time": 4011.878, "Actual Total Time": 4011.878, "Actual Rows": 6, "Actual Loops": 1, "Hash Buckets": 524288, "Hash Batches": 1, "Original Hash Batches": 1, "Peak Memory Usage": 1, "Plans": [{"Node Type": "Hash Join", "Parent Relationship": "Outer", "Join Type": "Inner", "Startup Cost": 133714.84, "Total Cost": 177825.21, "Plan Rows": 447839, "Plan Width": 29, "Actual Startup Time": 4011.838, "Actual Total Time": 4011.861, "Actual Rows": 6, "Actual Loops": 1, "Inner Unique": true, "Hash Cond": "(mi_idx.movie_id = t.id), (LLVM Optimized, Jit Execute)", "Plans": [{"Node Type": "Nested Loop", "Parent Relationship": "Outer", "Join Type": "Inner", "Startup Cost": 0.0, "Total Cost": 38338.2, "Plan Rows": 345008, "Plan Width": 4, "Actual Startup Time": 0.087, "Actual Total Time": 0.106, "Actual Rows": 10, "Actual Loops": 1, "Inner Unique": false, "Plans": [{"Node Type": "Index Scan", "Parent Relationship": "Outer", "Scan Direction": "Forward", "Index Name": "info_type_pkey", "Relation Name": "info_type", "Alias": "it", "Startup Cost": 0.0, "Total Cost": 14.21, "Plan Rows": 1, "Plan Width": 4, "Actual Startup Time": 0.066, "Actual Total Time": 0.069, "Actual Rows": 1, "Actual Loops": 1, "Filter": "((info)::text = 'bottom 10 rank'::text)", "Rows Removed by Filter": 111}, {"Node Type": "Index Scan", "Parent Relationship": "Inner", "Scan Direction": "Forward", "Index Name": "info_type_id_movie_info_idx", "Relation Name": "movie_info_idx", "Alias": "mi_idx", "Startup Cost": 0.0, "Total Cost": 34873.91, "Plan Rows": 345008, "Plan Width": 8, "Actual Startup Time": 0.018, "Actual Total Time": 0.028, "Actual Rows": 10, "Actual Loops": 1, "Index Cond": "(info_type_id = it.id), (LLVM Optimized, Jit Execute)", "Rows Removed by Index Recheck": 0}]}, {"Node Type": "Hash", "Parent Relationship": "Inner", "Startup Cost": 116441.27, "Total Cost": 116441.27, "Plan Rows": 1381886, "Plan Width": 25, "Actual Startup Time": 4010.308, "Actual Total Time": 4010.308, "Actual Rows": 1381453, "Actual Loops": 1, "Hash Buckets": 2097152, "Hash Batches": 1, "Original Hash Batches": 1, "Peak Memory Usage": 79393, "Plans": [{"Node Type": "Index Scan", "Parent Relationship": "Outer", "Scan Direction": "Forward", "Index Name": "title_pkey", "Relation Name": "title", "Alias": "t", "Startup Cost": 0.0, "Total Cost": 116441.27, "Plan Rows": 1381886, "Plan Width": 25, "Actual Startup Time": 0.034, "Actual Total Time": 3282.905, "Actual Rows": 1381453, "Actual Loops": 1, "Filter": "(production_year > 2000), (LLVM Optimized, Jit Execute)", "Rows Removed by Filter": 1146858}]}]}]}]}]}, "Triggers": [], "Planner Runtime": 4, "Total Runtime": 4791.012, "Unique SQL Id": 2492542741}}, "(1, 110)": {"explain_plan": {"Plan": {"Node Type": "Aggregate", "Strategy": "Plain", "Startup Cost": 204572.36, "Total Cost": 204572.37, "Plan Rows": 1, "Plan Width": 113, "Plans": [{"Node Type": "Hash Join", "Parent Relationship": "Outer", "Join Type": "Inner", "Startup Cost": 122220.21, "Total Cost": 199693.17, "Plan Rows": 650559, "Plan Width": 45, "Inner Unique": true, "Hash Cond": "(mc.company_type_id = ct.id), (LLVM Optimized)", "Plans": [{"Node Type": "Hash Join", "Parent Relationship": "Outer", "Join Type": "Inner", "Startup Cost": 122219.16, "Total Cost": 191104.8, "Plan Rows": 1055184, "Plan Width": 49, "Inner Unique": false, "Hash Cond": "(mc.movie_id = t.id), (LLVM Optimized)", "Plans": [{"Node Type": "Seq Scan", "Parent Relationship": "Outer", "Relation Name": "movie_companies", "Alias": "mc", "Startup Cost": 0.0, "Total Cost": 48340.1, "Plan Rows": 2609035, "Plan Width": 32, "Filter": "((note)::text !~~ '%(as Metro-Goldwyn-Mayer Pictures)%'::text), (LLVM Optimized)"}, {"Node Type": "Hash", "Parent Relationship": "Inner", "Startup Cost": 116621.17, "Total Cost": 116621.17, "Plan Rows": 447839, "Plan Width": 29, "Plans": [{"Node Type": "Hash Join", "Parent Relationship": "Outer", "Join Type": "Inner", "Startup Cost": 83665.88, "Total Cost": 116621.17, "Plan Rows": 447839, "Plan Width": 29, "Inner Unique": true, "Hash Cond": "(mi_idx.movie_id = t.id), (LLVM Optimized)", "Plans": [{"Node Type": "Hash Join", "Parent Relationship": "Outer", "Join Type": "Inner", "Startup Cost": 2.41, "Total Cost": 27185.54, "Plan Rows": 345008, "Plan Width": 4, "Inner Unique": true, "Hash Cond": "(mi_idx.info_type_id = it.id), (LLVM Optimized)", "Plans": [{"Node Type": "Seq Scan", "Parent Relationship": "Outer", "Relation Name": "movie_info_idx", "Alias": "mi_idx", "Startup Cost": 0.0, "Total Cost": 20274.34, "Plan Rows": 1380034, "Plan Width": 8}, {"Node Type": "Hash", "Parent Relationship": "Inner", "Startup Cost": 2.4, "Total Cost": 2.4, "Plan Rows": 1, "Plan Width": 4, "Plans": [{"Node Type": "Seq Scan", "Parent Relationship": "Outer", "Relation Name": "info_type", "Alias": "it", "Startup Cost": 0.0, "Total Cost": 2.4, "Plan Rows": 1, "Plan Width": 4, "Filter": "((info)::text = 'bottom 10 rank'::text)"}]}]}, {"Node Type": "Hash", "Parent Relationship": "Inner", "Startup Cost": 66389.89, "Total Cost": 66389.89, "Plan Rows": 1381886, "Plan Width": 25, "Plans": [{"Node Type": "Seq Scan", "Parent Relationship": "Outer", "Relation Name": "title", "Alias": "t", "Startup Cost": 0.0, "Total Cost": 66389.89, "Plan Rows": 1381886, "Plan Width": 25, "Filter": "(production_year > 2000), (LLVM Optimized)"}]}]}]}]}, {"Node Type": "Hash", "Parent Relationship": "Inner", "Startup Cost": 1.04, "Total Cost": 1.04, "Plan Rows": 1, "Plan Width": 4, "Plans": [{"Node Type": "Seq Scan", "Parent Relationship": "Outer", "Relation Name": "company_type", "Alias": "ct", "Startup Cost": 0.0, "Total Cost": 1.04, "Plan Rows": 1, "Plan Width": 4, "Filter": "((kind)::text = 'production companies'::text)"}]}]}]}, "Unique SQL Id": 2492542741, "Planner Runtime": 4}, "explain_analyze_plan": {"Plan": {"Node Type": "Aggregate", "Strategy": "Plain", "Startup Cost": 204572.36, "Total Cost": 204572.37, "Plan Rows": 1, "Plan Width": 113, "Actual Startup Time": 3224.06, "Actual Total Time": 3224.06, "Actual Rows": 1, "Actual Loops": 1, "Plans": [{"Node Type": "Hash Join", "Parent Relationship": "Outer", "Join Type": "Inner", "Startup Cost": 122220.21, "Total Cost": 199693.17, "Plan Rows": 650559, "Plan Width": 45, "Actual Startup Time": 3046.139, "Actual Total Time": 3224.013, "Actual Rows": 4, "Actual Loops": 1, "Inner Unique": true, "Hash Cond": "(mc.company_type_id = ct.id), (LLVM Optimized, Jit Execute)", "Plans": [{"Node Type": "Hash Join", "Parent Relationship": "Outer", "Join Type": "Inner", "Startup Cost": 122219.16, "Total Cost": 191104.8, "Plan Rows": 1055184, "Plan Width": 49, "Actual Startup Time": 2326.995, "Actual Total Time": 3223.784, "Actual Rows": 78, "Actual Loops": 1, "Inner Unique": false, "Hash Cond": "(mc.movie_id = t.id), (LLVM Optimized, Jit Execute)", "Plans": [{"Node Type": "Seq Scan", "Parent Relationship": "Outer", "Relation Name": "movie_companies", "Alias": "mc", "Startup Cost": 0.0, "Total Cost": 48340.1, "Plan Rows": 2609035, "Plan Width": 32, "Actual Startup Time": 0.026, "Actual Total Time": 941.786, "Actual Rows": 1337087, "Actual Loops": 1, "Filter": "((note)::text !~~ '%(as Metro-Goldwyn-Mayer Pictures)%'::text), (LLVM Optimized, Jit Execute)", "Rows Removed by Filter": 1272041}, {"Node Type": "Hash", "Parent Relationship": "Inner", "Startup Cost": 116621.17, "Total Cost": 116621.17, "Plan Rows": 447839, "Plan Width": 29, "Actual Startup Time": 2012.885, "Actual Total Time": 2012.885, "Actual Rows": 6, "Actual Loops": 1, "Hash Buckets": 524288, "Hash Batches": 1, "Original Hash Batches": 1, "Peak Memory Usage": 1, "Plans": [{"Node Type": "Hash Join", "Parent Relationship": "Outer", "Join Type": "Inner", "Startup Cost": 83665.88, "Total Cost": 116621.17, "Plan Rows": 447839, "Plan Width": 29, "Actual Startup Time": 2012.819, "Actual Total Time": 2012.87, "Actual Rows": 6, "Actual Loops": 1, "Inner Unique": true, "Hash Cond": "(mi_idx.movie_id = t.id), (LLVM Optimized, Jit Execute)", "Plans": [{"Node Type": "Hash Join", "Parent Relationship": "Outer", "Join Type": "Inner", "Startup Cost": 2.41, "Total Cost": 27185.54, "Plan Rows": 345008, "Plan Width": 4, "Actual Startup Time": 534.697, "Actual Total Time": 534.72, "Actual Rows": 10, "Actual Loops": 1, "Inner Unique": true, "Hash Cond": "(mi_idx.info_type_id = it.id), (LLVM Optimized, Jit Execute)", "Plans": [{"Node Type": "Seq Scan", "Parent Relationship": "Outer", "Relation Name": "movie_info_idx", "Alias": "mi_idx", "Startup Cost": 0.0, "Total Cost": 20274.34, "Plan Rows": 1380034, "Plan Width": 8, "Actual Startup Time": 0.03, "Actual Total Time": 303.004, "Actual Rows": 1380034, "Actual Loops": 1}, {"Node Type": "Hash", "Parent Relationship": "Inner", "Startup Cost": 2.4, "Total Cost": 2.4, "Plan Rows": 1, "Plan Width": 4, "Actual Startup Time": 0.046, "Actual Total Time": 0.046, "Actual Rows": 1, "Actual Loops": 1, "Hash Buckets": 32768, "Hash Batches": 1, "Original Hash Batches": 1, "Peak Memory Usage": 1, "Plans": [{"Node Type": "Seq Scan", "Parent Relationship": "Outer", "Relation Name": "info_type", "Alias": "it", "Startup Cost": 0.0, "Total Cost": 2.4, "Plan Rows": 1, "Plan Width": 4, "Actual Startup Time": 0.042, "Actual Total Time": 0.044, "Actual Rows": 1, "Actual Loops": 1, "Filter": "((info)::text = 'bottom 10 rank'::text)", "Rows Removed by Filter": 111}]}]}, {"Node Type": "Hash", "Parent Relationship": "Inner", "Startup Cost": 66389.89, "Total Cost": 66389.89, "Plan Rows": 1381886, "Plan Width": 25, "Actual Startup Time": 1476.669, "Actual Total Time": 1476.669, "Actual Rows": 1381453, "Actual Loops": 1, "Hash Buckets": 2097152, "Hash Batches": 1, "Original Hash Batches": 1, "Peak Memory Usage": 79393, "Plans": [{"Node Type": "Seq Scan", "Parent Relationship": "Outer", "Relation Name": "title", "Alias": "t", "Startup Cost": 0.0, "Total Cost": 66389.89, "Plan Rows": 1381886, "Plan Width": 25, "Actual Startup Time": 0.071, "Actual Total Time": 926.834, "Actual Rows": 1381453, "Actual Loops": 1, "Filter": "(production_year > 2000), (LLVM Optimized, Jit Execute)", "Rows Removed by Filter": 1146858}]}]}]}]}, {"Node Type": "Hash", "Parent Relationship": "Inner", "Startup Cost": 1.04, "Total Cost": 1.04, "Plan Rows": 1, "Plan Width": 4, "Actual Startup Time": 0.044, "Actual Total Time": 0.044, "Actual Rows": 1, "Actual Loops": 1, "Hash Buckets": 32768, "Hash Batches": 1, "Original Hash Batches": 1, "Peak Memory Usage": 1, "Plans": [{"Node Type": "Seq Scan", "Parent Relationship": "Outer", "Relation Name": "company_type", "Alias": "ct", "Startup Cost": 0.0, "Total Cost": 1.04, "Plan Rows": 1, "Plan Width": 4, "Actual Startup Time": 0.025, "Actual Total Time": 0.028, "Actual Rows": 1, "Actual Loops": 1, "Filter": "((kind)::text = 'production companies'::text)", "Rows Removed by Filter": 2}]}]}]}, "Triggers": [], "Planner Runtime": 4, "Total Runtime": 3234.758, "Unique SQL Id": 2492542741}}, "(1, 111)": {"explain_plan": {"Plan": {"Node Type": "Aggregate", "Strategy": "Plain", "Startup Cost": 5000019197969.84, "Total Cost": 5000019197969.85, "Plan Rows": 1, "Plan Width": 113, "Plans": [{"Node Type": "Hash Join", "Parent Relationship": "Outer", "Join Type": "Inner", "Startup Cost": 3020013499450.12, "Total Cost": 5000019193185.69, "Plan Rows": 637886, "Plan Width": 45, "Inner Unique": true, "Hash Cond": "(mc.movie_id = t.id), (LLVM Optimized)", "Plans": [{"Node Type": "Hash Join", "Parent Relationship": "Outer", "Join Type": "Inner", "Startup Cost": 2020001838049.88, "Total Cost": 4000007523527.17, "Plan Rows": 501180, "Plan Width": 32, "Inner Unique": false, "Hash Cond": "(mc.movie_id = mi_idx.movie_id), (LLVM Optimized)", "Plans": [{"Node Type": "Nested Loop", "Parent Relationship": "Outer", "Join Type": "Inner", "Startup Cost": 20000000000.0, "Total Cost": 2000005652169.42, "Plan Rows": 1304518, "Plan Width": 28, "Inner Unique": false, "Plans": [{"Node Type": "Index Scan", "Parent Relationship": "Outer", "Scan Direction": "Forward", "Index Name": "company_type_pkey", "Relation Name": "company_type", "Alias": "ct", "Startup Cost": 10000000000.0, "Total Cost": 1000000001230.25, "Plan Rows": 1, "Plan Width": 4, "Filter": "((kind)::text = 'production companies'::text)"}, {"Node Type": "Index Scan", "Parent Relationship": "Inner", "Scan Direction": "Forward", "Index Name": "company_type_id_movie_companies", "Relation Name": "movie_companies", "Alias": "mc", "Startup Cost": 10000000000.0, "Total Cost": 1000005637894.0, "Plan Rows": 1304517, "Plan Width": 32, "Index Cond": "(company_type_id = ct.id), (LLVM Optimized)", "Filter": "((note)::text !~~ '%(as Metro-Goldwyn-Mayer Pictures)%'::text), (LLVM Optimized)"}]}, {"Node Type": "Hash", "Parent Relationship": "Inner", "Startup Cost": 2000001833737.28, "Total Cost": 2000001833737.28, "Plan Rows": 345008, "Plan Width": 4, "Plans": [{"Node Type": "Nested Loop", "Parent Relationship": "Outer", "Join Type": "Inner", "Startup Cost": 20000007502.06, "Total Cost": 2000001833737.28, "Plan Rows": 345008, "Plan Width": 4, "Inner Unique": false, "Plans": [{"Node Type": "Index Scan", "Parent Relationship": "Outer", "Scan Direction": "Forward", "Index Name": "info_type_pkey", "Relation Name": "info_type", "Alias": "it", "Startup Cost": 10000000000.0, "Total Cost": 1000000001421.0, "Plan Rows": 1, "Plan Width": 4, "Filter": "((info)::text = 'bottom 10 rank'::text)"}, {"Node Type": "Bitmap Heap Scan", "Parent Relationship": "Inner", "Relation Name": "movie_info_idx", "Alias": "mi_idx", "Startup Cost": 10000007502.06, "Total Cost": 1000001828866.2, "Plan Rows": 345008, "Plan Width": 8, "Recheck Cond": "(info_type_id = it.id), (LLVM Optimized)", "Plans": [{"Node Type": "Bitmap Index Scan", "Parent Relationship": "Outer", "Index Name": "info_type_id_movie_info_idx", "Startup Cost": 0.0, "Total Cost": 7415.81, "Plan Rows": 345008, "Plan Width": 0, "Index Cond": "(info_type_id = it.id)"}]}]}]}]}, {"Node Type": "Hash", "Parent Relationship": "Inner", "Startup Cost": 1000011644126.66, "Total Cost": 1000011644126.66, "Plan Rows": 1381886, "Plan Width": 25, "Plans": [{"Node Type": "Index Scan", "Parent Relationship": "Outer", "Scan Direction": "Forward", "Index Name": "title_pkey", "Relation Name": "title", "Alias": "t", "Startup Cost": 10000000000.0, "Total Cost": 1000011644126.66, "Plan Rows": 1381886, "Plan Width": 25, "Filter": "(production_year > 2000), (LLVM Optimized)"}]}]}]}, "Unique SQL Id": 2492542741, "Planner Runtime": 4}, "explain_analyze_plan": {"Plan": {"Node Type": "Aggregate", "Strategy": "Plain", "Startup Cost": 5000019197969.84, "Total Cost": 5000019197969.85, "Plan Rows": 1, "Plan Width": 113, "Actual Startup Time": 4487.226, "Actual Total Time": 4487.227, "Actual Rows": 1, "Actual Loops": 1, "Plans": [{"Node Type": "Hash Join", "Parent Relationship": "Outer", "Join Type": "Inner", "Startup Cost": 3020013499450.12, "Total Cost": 5000019193185.69, "Plan Rows": 637886, "Plan Width": 45, "Actual Startup Time": 4156.593, "Actual Total Time": 4487.175, "Actual Rows": 4, "Actual Loops": 1, "Inner Unique": true, "Hash Cond": "(mc.movie_id = t.id), (LLVM Optimized, Jit Execute)", "Plans": [{"Node Type": "Hash Join", "Parent Relationship": "Outer", "Join Type": "Inner", "Startup Cost": 2020001838049.88, "Total Cost": 4000007523527.17, "Plan Rows": 501180, "Plan Width": 32, "Actual Startup Time": 360.86, "Actual Total Time": 691.322, "Actual Rows": 5, "Actual Loops": 1, "Inner Unique": false, "Hash Cond": "(mc.movie_id = mi_idx.movie_id), (LLVM Optimized, Jit Execute)", "Plans": [{"Node Type": "Nested Loop", "Parent Relationship": "Outer", "Join Type": "Inner", "Startup Cost": 20000000000.0, "Total Cost": 2000005652169.42, "Plan Rows": 1304518, "Plan Width": 28, "Actual Startup Time": 0.137, "Actual Total Time": 659.7, "Actual Rows": 140904, "Actual Loops": 1, "Inner Unique": false, "Plans": [{"Node Type": "Index Scan", "Parent Relationship": "Outer", "Scan Direction": "Forward", "Index Name": "company_type_pkey", "Relation Name": "company_type", "Alias": "ct", "Startup Cost": 10000000000.0, "Total Cost": 1000000001230.25, "Plan Rows": 1, "Plan Width": 4, "Actual Startup Time": 0.03, "Actual Total Time": 0.039, "Actual Rows": 1, "Actual Loops": 1, "Filter": "((kind)::text = 'production companies'::text)", "Rows Removed by Filter": 2}, {"Node Type": "Index Scan", "Parent Relationship": "Inner", "Scan Direction": "Forward", "Index Name": "company_type_id_movie_companies", "Relation Name": "movie_companies", "Alias": "mc", "Startup Cost": 10000000000.0, "Total Cost": 1000005637894.0, "Plan Rows": 1304517, "Plan Width": 32, "Actual Startup Time": 0.097, "Actual Total Time": 630.235, "Actual Rows": 140904, "Actual Loops": 1, "Index Cond": "(company_type_id = ct.id), (LLVM Optimized, Jit Execute)", "Rows Removed by Index Recheck": 0, "Filter": "((note)::text !~~ '%(as Metro-Goldwyn-Mayer Pictures)%'::text), (LLVM Optimized, Jit Execute)", "Rows Removed by Filter": 1193979}]}, {"Node Type": "Hash", "Parent Relationship": "Inner", "Startup Cost": 2000001833737.28, "Total Cost": 2000001833737.28, "Plan Rows": 345008, "Plan Width": 4, "Actual Startup Time": 0.146, "Actual Total Time": 0.146, "Actual Rows": 10, "Actual Loops": 1, "Hash Buckets": 524288, "Hash Batches": 1, "Original Hash Batches": 1, "Peak Memory Usage": 1, "Plans": [{"Node Type": "Nested Loop", "Parent Relationship": "Outer", "Join Type": "Inner", "Startup Cost": 20000007502.06, "Total Cost": 2000001833737.28, "Plan Rows": 345008, "Plan Width": 4, "Actual Startup Time": 0.133, "Actual Total Time": 0.138, "Actual Rows": 10, "Actual Loops": 1, "Inner Unique": false, "Plans": [{"Node Type": "Index Scan", "Parent Relationship": "Outer", "Scan Direction": "Forward", "Index Name": "info_type_pkey", "Relation Name": "info_type", "Alias": "it", "Startup Cost": 10000000000.0, "Total Cost": 1000000001421.0, "Plan Rows": 1, "Plan Width": 4, "Actual Startup Time": 0.081, "Actual Total Time": 0.082, "Actual Rows": 1, "Actual Loops": 1, "Filter": "((info)::text = 'bottom 10 rank'::text)", "Rows Removed by Filter": 111}, {"Node Type": "Bitmap Heap Scan", "Parent Relationship": "Inner", "Relation Name": "movie_info_idx", "Alias": "mi_idx", "Startup Cost": 10000007502.06, "Total Cost": 1000001828866.2, "Plan Rows": 345008, "Plan Width": 8, "Actual Startup Time": 0.036, "Actual Total Time": 0.038, "Actual Rows": 10, "Actual Loops": 1, "Recheck Cond": "(info_type_id = it.id), (LLVM Optimized, Jit Execute)", "Rows Removed by Index Recheck": 0, "Exact Heap Blocks": 1, "Lossy Heap Blocks": 1, "Plans": [{"Node Type": "Bitmap Index Scan", "Parent Relationship": "Outer", "Index Name": "info_type_id_movie_info_idx", "Startup Cost": 0.0, "Total Cost": 7415.81, "Plan Rows": 345008, "Plan Width": 0, "Actual Startup Time": 0.016, "Actual Total Time": 0.016, "Actual Rows": 10, "Actual Loops": 1, "Index Cond": "(info_type_id = it.id)"}]}]}]}]}, {"Node Type": "Hash", "Parent Relationship": "Inner", "Startup Cost": 1000011644126.66, "Total Cost": 1000011644126.66, "Plan Rows": 1381886, "Plan Width": 25, "Actual Startup Time": 3794.432, "Actual Total Time": 3794.432, "Actual Rows": 1381453, "Actual Loops": 1, "Hash Buckets": 2097152, "Hash Batches": 1, "Original Hash Batches": 1, "Peak Memory Usage": 79393, "Plans": [{"Node Type": "Index Scan", "Parent Relationship": "Outer", "Scan Direction": "Forward", "Index Name": "title_pkey", "Relation Name": "title", "Alias": "t", "Startup Cost": 10000000000.0, "Total Cost": 1000011644126.66, "Plan Rows": 1381886, "Plan Width": 25, "Actual Startup Time": 0.058, "Actual Total Time": 3149.838, "Actual Rows": 1381453, "Actual Loops": 1, "Filter": "(production_year > 2000), (LLVM Optimized, Jit Execute)", "Rows Removed by Filter": 1146858}]}]}]}, "Triggers": [], "Planner Runtime": 4, "Total Runtime": 4500.404, "Unique SQL Id": 2492542741}}, "(1, 112)": {"explain_plan": {"Plan": {"Node Type": "Aggregate", "Strategy": "Plain", "Startup Cost": 346287.75, "Total Cost": 346287.76, "Plan Rows": 1, "Plan Width": 113, "Plans": [{"Node Type": "Nested Loop", "Parent Relationship": "Outer", "Join Type": "Inner", "Startup Cost": 7502.06, "Total Cost": 341503.6, "Plan Rows": 637886, "Plan Width": 45, "Inner Unique": true, "Plans": [{"Node Type": "Nested Loop", "Parent Relationship": "Outer", "Join Type": "Inner", "Startup Cost": 7502.06, "Total Cost": 166081.74, "Plan Rows": 501180, "Plan Width": 32, "Inner Unique": false, "Join Filter": "(mc.company_type_id = ct.id), (LLVM Optimized)", "Plans": [{"Node Type": "Seq Scan", "Parent Relationship": "Outer", "Relation Name": "company_type", "Alias": "ct", "Startup Cost": 0.0, "Total Cost": 1.04, "Plan Rows": 1, "Plan Width": 4, "Filter": "((kind)::text = 'production companies'::text)"}, {"Node Type": "Nested Loop", "Parent Relationship": "Inner", "Join Type": "Inner", "Startup Cost": 7502.06, "Total Cost": 155717.63, "Plan Rows": 829046, "Plan Width": 36, "Inner Unique": false, "Plans": [{"Node Type": "Nested Loop", "Parent Relationship": "Outer", "Join Type": "Inner", "Startup Cost": 7502.06, "Total Cost": 21741.14, "Plan Rows": 345008, "Plan Width": 4, "Inner Unique": false, "Plans": [{"Node Type": "Seq Scan", "Parent Relationship": "Outer", "Relation Name": "info_type", "Alias": "it", "Startup Cost": 0.0, "Total Cost": 2.4, "Plan Rows": 1, "Plan Width": 4, "Filter": "((info)::text = 'bottom 10 rank'::text)"}, {"Node Type": "Bitmap Heap Scan", "Parent Relationship": "Inner", "Relation Name": "movie_info_idx", "Alias": "mi_idx", "Startup Cost": 7502.06, "Total Cost": 18288.66, "Plan Rows": 345008, "Plan Width": 8, "Recheck Cond": "(info_type_id = it.id), (LLVM Optimized)", "Plans": [{"Node Type": "Bitmap Index Scan", "Parent Relationship": "Outer", "Index Name": "info_type_id_movie_info_idx", "Startup Cost": 0.0, "Total Cost": 7415.81, "Plan Rows": 345008, "Plan Width": 0, "Index Cond": "(info_type_id = it.id)"}]}]}, {"Node Type": "Index Scan", "Parent Relationship": "Inner", "Scan Direction": "Forward", "Index Name": "movie_id_movie_companies", "Relation Name": "movie_companies", "Alias": "mc", "Startup Cost": 0.0, "Total Cost": 0.37, "Plan Rows": 2, "Plan Width": 32, "Index Cond": "(movie_id = mi_idx.movie_id)", "Filter": "((note)::text !~~ '%(as Metro-Goldwyn-Mayer Pictures)%'::text)"}]}]}, {"Node Type": "Index Scan", "Parent Relationship": "Inner", "Scan Direction": "Forward", "Index Name": "title_pkey", "Relation Name": "title", "Alias": "t", "Startup Cost": 0.0, "Total Cost": 0.34, "Plan Rows": 1, "Plan Width": 25, "Index Cond": "(id = mc.movie_id)", "Filter": "(production_year > 2000)"}]}]}, "Unique SQL Id": 2492542741, "Planner Runtime": 2}, "explain_analyze_plan": {"Plan": {"Node Type": "Aggregate", "Strategy": "Plain", "Startup Cost": 346287.75, "Total Cost": 346287.76, "Plan Rows": 1, "Plan Width": 113, "Actual Startup Time": 0.466, "Actual Total Time": 0.467, "Actual Rows": 1, "Actual Loops": 1, "Plans": [{"Node Type": "Nested Loop", "Parent Relationship": "Outer", "Join Type": "Inner", "Startup Cost": 7502.06, "Total Cost": 341503.6, "Plan Rows": 637886, "Plan Width": 45, "Actual Startup Time": 0.362, "Actual Total Time": 0.437, "Actual Rows": 4, "Actual Loops": 1, "Inner Unique": true, "Plans": [{"Node Type": "Nested Loop", "Parent Relationship": "Outer", "Join Type": "Inner", "Startup Cost": 7502.06, "Total Cost": 166081.74, "Plan Rows": 501180, "Plan Width": 32, "Actual Startup Time": 0.232, "Actual Total Time": 0.396, "Actual Rows": 5, "Actual Loops": 1, "Inner Unique": false, "Join Filter": "(mc.company_type_id = ct.id), (LLVM Optimized)", "Rows Removed by Join Filter": 95, "Plans": [{"Node Type": "Seq Scan", "Parent Relationship": "Outer", "Relation Name": "company_type", "Alias": "ct", "Startup Cost": 0.0, "Total Cost": 1.04, "Plan Rows": 1, "Plan Width": 4, "Actual Startup Time": 0.028, "Actual Total Time": 0.029, "Actual Rows": 1, "Actual Loops": 1, "Filter": "((kind)::text = 'production companies'::text)", "Rows Removed by Filter": 2}, {"Node Type": "Nested Loop", "Parent Relationship": "Inner", "Join Type": "Inner", "Startup Cost": 7502.06, "Total Cost": 155717.63, "Plan Rows": 829046, "Plan Width": 36, "Actual Startup Time": 0.12, "Actual Total Time": 0.338, "Actual Rows": 100, "Actual Loops": 1, "Inner Unique": false, "Plans": [{"Node Type": "Nested Loop", "Parent Relationship": "Outer", "Join Type": "Inner", "Startup Cost": 7502.06, "Total Cost": 21741.14, "Plan Rows": 345008, "Plan Width": 4, "Actual Startup Time": 0.099, "Actual Total Time": 0.105, "Actual Rows": 10, "Actual Loops": 1, "Inner Unique": false, "Plans": [{"Node Type": "Seq Scan", "Parent Relationship": "Outer", "Relation Name": "info_type", "Alias": "it", "Startup Cost": 0.0, "Total Cost": 2.4, "Plan Rows": 1, "Plan Width": 4, "Actual Startup Time": 0.049, "Actual Total Time": 0.053, "Actual Rows": 1, "Actual Loops": 1, "Filter": "((info)::text = 'bottom 10 rank'::text)", "Rows Removed by Filter": 111}, {"Node Type": "Bitmap Heap Scan", "Parent Relationship": "Inner", "Relation Name": "movie_info_idx", "Alias": "mi_idx", "Startup Cost": 7502.06, "Total Cost": 18288.66, "Plan Rows": 345008, "Plan Width": 8, "Actual Startup Time": 0.046, "Actual Total Time": 0.047, "Actual Rows": 10, "Actual Loops": 1, "Recheck Cond": "(info_type_id = it.id), (LLVM Optimized)", "Rows Removed by Index Recheck": 0, "Exact Heap Blocks": 1, "Lossy Heap Blocks": 1, "Plans": [{"Node Type": "Bitmap Index Scan", "Parent Relationship": "Outer", "Index Name": "info_type_id_movie_info_idx", "Startup Cost": 0.0, "Total Cost": 7415.81, "Plan Rows": 345008, "Plan Width": 0, "Actual Startup Time": 0.025, "Actual Total Time": 0.025, "Actual Rows": 10, "Actual Loops": 1, "Index Cond": "(info_type_id = it.id)"}]}]}, {"Node Type": "Index Scan", "Parent Relationship": "Inner", "Scan Direction": "Forward", "Index Name": "movie_id_movie_companies", "Relation Name": "movie_companies", "Alias": "mc", "Startup Cost": 0.0, "Total Cost": 0.37, "Plan Rows": 2, "Plan Width": 32, "Actual Startup Time": 0.104, "Actual Total Time": 0.207, "Actual Rows": 100, "Actual Loops": 10, "Index Cond": "(movie_id = mi_idx.movie_id)", "Rows Removed by Index Recheck": 0, "Filter": "((note)::text !~~ '%(as Metro-Goldwyn-Mayer Pictures)%'::text)", "Rows Removed by Filter": 20}]}]}, {"Node Type": "Index Scan", "Parent Relationship": "Inner", "Scan Direction": "Forward", "Index Name": "title_pkey", "Relation Name": "title", "Alias": "t", "Startup Cost": 0.0, "Total Cost": 0.34, "Plan Rows": 1, "Plan Width": 25, "Actual Startup Time": 0.035, "Actual Total Time": 0.035, "Actual Rows": 4, "Actual Loops": 5, "Index Cond": "(id = mc.movie_id)", "Rows Removed by Index Recheck": 0, "Filter": "(production_year > 2000)", "Rows Removed by Filter": 1}]}]}, "Triggers": [], "Planner Runtime": 2, "Total Runtime": 9.979, "Unique SQL Id": 2492542741}}, "(1, 113)": {"explain_plan": {"Plan": {"Node Type": "Aggregate", "Strategy": "Plain", "Startup Cost": 346310.82, "Total Cost": 346310.83, "Plan Rows": 1, "Plan Width": 113, "Plans": [{"Node Type": "Nested Loop", "Parent Relationship": "Outer", "Join Type": "Inner", "Startup Cost": 7502.06, "Total Cost": 341526.68, "Plan Rows": 637886, "Plan Width": 45, "Inner Unique": true, "Plans": [{"Node Type": "Nested Loop", "Parent Relationship": "Outer", "Join Type": "Inner", "Startup Cost": 7502.06, "Total Cost": 166104.81, "Plan Rows": 501180, "Plan Width": 32, "Inner Unique": false, "Join Filter": "(mc.company_type_id = ct.id), (LLVM Optimized)", "Plans": [{"Node Type": "Index Scan", "Parent Relationship": "Outer", "Scan Direction": "Forward", "Index Name": "company_type_pkey", "Relation Name": "company_type", "Alias": "ct", "Startup Cost": 0.0, "Total Cost": 12.3, "Plan Rows": 1, "Plan Width": 4, "Filter": "((kind)::text = 'production companies'::text)"}, {"Node Type": "Nested Loop", "Parent Relationship": "Inner", "Join Type": "Inner", "Startup Cost": 7502.06, "Total Cost": 155729.44, "Plan Rows": 829046, "Plan Width": 36, "Inner Unique": false, "Plans": [{"Node Type": "Nested Loop", "Parent Relationship": "Outer", "Join Type": "Inner", "Startup Cost": 7502.06, "Total Cost": 21752.95, "Plan Rows": 345008, "Plan Width": 4, "Inner Unique": false, "Plans": [{"Node Type": "Index Scan", "Parent Relationship": "Outer", "Scan Direction": "Forward", "Index Name": "info_type_pkey", "Relation Name": "info_type", "Alias": "it", "Startup Cost": 0.0, "Total Cost": 14.21, "Plan Rows": 1, "Plan Width": 4, "Filter": "((info)::text = 'bottom 10 rank'::text)"}, {"Node Type": "Bitmap Heap Scan", "Parent Relationship": "Inner", "Relation Name": "movie_info_idx", "Alias": "mi_idx", "Startup Cost": 7502.06, "Total Cost": 18288.66, "Plan Rows": 345008, "Plan Width": 8, "Recheck Cond": "(info_type_id = it.id), (LLVM Optimized)", "Plans": [{"Node Type": "Bitmap Index Scan", "Parent Relationship": "Outer", "Index Name": "info_type_id_movie_info_idx", "Startup Cost": 0.0, "Total Cost": 7415.81, "Plan Rows": 345008, "Plan Width": 0, "Index Cond": "(info_type_id = it.id)"}]}]}, {"Node Type": "Index Scan", "Parent Relationship": "Inner", "Scan Direction": "Forward", "Index Name": "movie_id_movie_companies", "Relation Name": "movie_companies", "Alias": "mc", "Startup Cost": 0.0, "Total Cost": 0.37, "Plan Rows": 2, "Plan Width": 32, "Index Cond": "(movie_id = mi_idx.movie_id)", "Filter": "((note)::text !~~ '%(as Metro-Goldwyn-Mayer Pictures)%'::text)"}]}]}, {"Node Type": "Index Scan", "Parent Relationship": "Inner", "Scan Direction": "Forward", "Index Name": "title_pkey", "Relation Name": "title", "Alias": "t", "Startup Cost": 0.0, "Total Cost": 0.34, "Plan Rows": 1, "Plan Width": 25, "Index Cond": "(id = mc.movie_id)", "Filter": "(production_year > 2000)"}]}]}, "Unique SQL Id": 2492542741, "Planner Runtime": 2}, "explain_analyze_plan": {"Plan": {"Node Type": "Aggregate", "Strategy": "Plain", "Startup Cost": 346310.82, "Total Cost": 346310.83, "Plan Rows": 1, "Plan Width": 113, "Actual Startup Time": 0.407, "Actual Total Time": 0.407, "Actual Rows": 1, "Actual Loops": 1, "Plans": [{"Node Type": "Nested Loop", "Parent Relationship": "Outer", "Join Type": "Inner", "Startup Cost": 7502.06, "Total Cost": 341526.68, "Plan Rows": 637886, "Plan Width": 45, "Actual Startup Time": 0.324, "Actual Total Time": 0.39, "Actual Rows": 4, "Actual Loops": 1, "Inner Unique": true, "Plans": [{"Node Type": "Nested Loop", "Parent Relationship": "Outer", "Join Type": "Inner", "Startup Cost": 7502.06, "Total Cost": 166104.81, "Plan Rows": 501180, "Plan Width": 32, "Actual Startup Time": 0.208, "Actual Total Time": 0.356, "Actual Rows": 5, "Actual Loops": 1, "Inner Unique": false, "Join Filter": "(mc.company_type_id = ct.id), (LLVM Optimized)", "Rows Removed by Join Filter": 95, "Plans": [{"Node Type": "Index Scan", "Parent Relationship": "Outer", "Scan Direction": "Forward", "Index Name": "company_type_pkey", "Relation Name": "company_type", "Alias": "ct", "Startup Cost": 0.0, "Total Cost": 12.3, "Plan Rows": 1, "Plan Width": 4, "Actual Startup Time": 0.027, "Actual Total Time": 0.029, "Actual Rows": 1, "Actual Loops": 1, "Filter": "((kind)::text = 'production companies'::text)", "Rows Removed by Filter": 2}, {"Node Type": "Nested Loop", "Parent Relationship": "Inner", "Join Type": "Inner", "Startup Cost": 7502.06, "Total Cost": 155729.44, "Plan Rows": 829046, "Plan Width": 36, "Actual Startup Time": 0.111, "Actual Total Time": 0.293, "Actual Rows": 100, "Actual Loops": 1, "Inner Unique": false, "Plans": [{"Node Type": "Nested Loop", "Parent Relationship": "Outer", "Join Type": "Inner", "Startup Cost": 7502.06, "Total Cost": 21752.95, "Plan Rows": 345008, "Plan Width": 4, "Actual Startup Time": 0.096, "Actual Total Time": 0.103, "Actual Rows": 10, "Actual Loops": 1, "Inner Unique": false, "Plans": [{"Node Type": "Index Scan", "Parent Relationship": "Outer", "Scan Direction": "Forward", "Index Name": "info_type_pkey", "Relation Name": "info_type", "Alias": "it", "Startup Cost": 0.0, "Total Cost": 14.21, "Plan Rows": 1, "Plan Width": 4, "Actual Startup Time": 0.06, "Actual Total Time": 0.061, "Actual Rows": 1, "Actual Loops": 1, "Filter": "((info)::text = 'bottom 10 rank'::text)", "Rows Removed by Filter": 111}, {"Node Type": "Bitmap Heap Scan", "Parent Relationship": "Inner", "Relation Name": "movie_info_idx", "Alias": "mi_idx", "Startup Cost": 7502.06, "Total Cost": 18288.66, "Plan Rows": 345008, "Plan Width": 8, "Actual Startup Time": 0.03, "Actual Total Time": 0.033, "Actual Rows": 10, "Actual Loops": 1, "Recheck Cond": "(info_type_id = it.id), (LLVM Optimized)", "Rows Removed by Index Recheck": 0, "Exact Heap Blocks": 1, "Lossy Heap Blocks": 1, "Plans": [{"Node Type": "Bitmap Index Scan", "Parent Relationship": "Outer", "Index Name": "info_type_id_movie_info_idx", "Startup Cost": 0.0, "Total Cost": 7415.81, "Plan Rows": 345008, "Plan Width": 0, "Actual Startup Time": 0.012, "Actual Total Time": 0.012, "Actual Rows": 10, "Actual Loops": 1, "Index Cond": "(info_type_id = it.id)"}]}]}, {"Node Type": "Index Scan", "Parent Relationship": "Inner", "Scan Direction": "Forward", "Index Name": "movie_id_movie_companies", "Relation Name": "movie_companies", "Alias": "mc", "Startup Cost": 0.0, "Total Cost": 0.37, "Plan Rows": 2, "Plan Width": 32, "Actual Startup Time": 0.08, "Actual Total Time": 0.155, "Actual Rows": 100, "Actual Loops": 10, "Index Cond": "(movie_id = mi_idx.movie_id)", "Rows Removed by Index Recheck": 0, "Filter": "((note)::text !~~ '%(as Metro-Goldwyn-Mayer Pictures)%'::text)", "Rows Removed by Filter": 20}]}]}, {"Node Type": "Index Scan", "Parent Relationship": "Inner", "Scan Direction": "Forward", "Index Name": "title_pkey", "Relation Name": "title", "Alias": "t", "Startup Cost": 0.0, "Total Cost": 0.34, "Plan Rows": 1, "Plan Width": 25, "Actual Startup Time": 0.029, "Actual Total Time": 0.029, "Actual Rows": 4, "Actual Loops": 5, "Index Cond": "(id = mc.movie_id)", "Rows Removed by Index Recheck": 0, "Filter": "(production_year > 2000)", "Rows Removed by Filter": 1}]}]}, "Triggers": [], "Planner Runtime": 2, "Total Runtime": 9.982, "Unique SQL Id": 2492542741}}, "(1, 114)": {"explain_plan": {"Plan": {"Node Type": "Aggregate", "Strategy": "Plain", "Startup Cost": 3487396.95, "Total Cost": 3487396.96, "Plan Rows": 1, "Plan Width": 113, "Plans": [{"Node Type": "Nested Loop", "Parent Relationship": "Outer", "Join Type": "Inner", "Startup Cost": 0.58, "Total Cost": 3482612.8, "Plan Rows": 637886, "Plan Width": 45, "Inner Unique": false, "Join Filter": "(mc.company_type_id = ct.id), (LLVM Optimized)", "Plans": [{"Node Type": "Seq Scan", "Parent Relationship": "Outer", "Relation Name": "company_type", "Alias": "ct", "Startup Cost": 0.0, "Total Cost": 1.04, "Plan Rows": 1, "Plan Width": 4, "Filter": "((kind)::text = 'production companies'::text)"}, {"Node Type": "Nested Loop", "Parent Relationship": "Inner", "Join Type": "Inner", "Startup Cost": 0.58, "Total Cost": 3469421.97, "Plan Rows": 1055184, "Plan Width": 49, "Inner Unique": false, "Plans": [{"Node Type": "Nested Loop", "Parent Relationship": "Outer", "Join Type": "Inner", "Startup Cost": 0.28, "Total Cost": 1524363.16, "Plan Rows": 447839, "Plan Width": 29, "Inner Unique": true, "Plans": [{"Node Type": "Nested Loop", "Parent Relationship": "Outer", "Join Type": "Inner", "Startup Cost": 0.0, "Total Cost": 37527.17, "Plan Rows": 345008, "Plan Width": 4, "Inner Unique": false, "Join Filter": "(it.id = mi_idx.info_type_id), (LLVM Optimized)", "Plans": [{"Node Type": "Seq Scan", "Parent Relationship": "Outer", "Relation Name": "info_type", "Alias": "it", "Startup Cost": 0.0, "Total Cost": 2.4, "Plan Rows": 1, "Plan Width": 4, "Filter": "((info)::text = 'bottom 10 rank'::text)"}, {"Node Type": "Seq Scan", "Parent Relationship": "Inner", "Relation Name": "movie_info_idx", "Alias": "mi_idx", "Startup Cost": 0.0, "Total Cost": 20274.34, "Plan Rows": 1380034, "Plan Width": 8}]}, {"Node Type": "Bitmap Heap Scan", "Parent Relationship": "Inner", "Relation Name": "title", "Alias": "t", "Startup Cost": 0.28, "Total Cost": 4.3, "Plan Rows": 1, "Plan Width": 25, "Recheck Cond": "(id = mi_idx.movie_id)", "Filter": "(production_year > 2000)", "Plans": [{"Node Type": "Bitmap Index Scan", "Parent Relationship": "Outer", "Index Name": "title_pkey", "Startup Cost": 0.0, "Total Cost": 0.28, "Plan Rows": 1, "Plan Width": 0, "Index Cond": "(id = mi_idx.movie_id)"}]}]}, {"Node Type": "Bitmap Heap Scan", "Parent Relationship": "Inner", "Relation Name": "movie_companies", "Alias": "mc", "Startup Cost": 0.29, "Total Cost": 4.32, "Plan Rows": 2, "Plan Width": 32, "Recheck Cond": "(movie_id = t.id)", "Filter": "((note)::text !~~ '%(as Metro-Goldwyn-Mayer Pictures)%'::text)", "Plans": [{"Node Type": "Bitmap Index Scan", "Parent Relationship": "Outer", "Index Name": "movie_id_movie_companies", "Startup Cost": 0.0, "Total Cost": 0.29, "Plan Rows": 2, "Plan Width": 0, "Index Cond": "(movie_id = t.id)"}]}]}]}]}, "Unique SQL Id": 2492542741, "Planner Runtime": 2}, "explain_analyze_plan": {"Plan": {"Node Type": "Aggregate", "Strategy": "Plain", "Startup Cost": 3487396.95, "Total Cost": 3487396.96, "Plan Rows": 1, "Plan Width": 113, "Actual Startup Time": 586.607, "Actual Total Time": 586.608, "Actual Rows": 1, "Actual Loops": 1, "Plans": [{"Node Type": "Nested Loop", "Parent Relationship": "Outer", "Join Type": "Inner", "Startup Cost": 0.58, "Total Cost": 3482612.8, "Plan Rows": 637886, "Plan Width": 45, "Actual Startup Time": 586.505, "Actual Total Time": 586.574, "Actual Rows": 4, "Actual Loops": 1, "Inner Unique": false, "Join Filter": "(mc.company_type_id = ct.id), (LLVM Optimized)", "Rows Removed by Join Filter": 74, "Plans": [{"Node Type": "Seq Scan", "Parent Relationship": "Outer", "Relation Name": "company_type", "Alias": "ct", "Startup Cost": 0.0, "Total Cost": 1.04, "Plan Rows": 1, "Plan Width": 4, "Actual Startup Time": 0.025, "Actual Total Time": 0.028, "Actual Rows": 1, "Actual Loops": 1, "Filter": "((kind)::text = 'production companies'::text)", "Rows Removed by Filter": 2}, {"Node Type": "Nested Loop", "Parent Relationship": "Inner", "Join Type": "Inner", "Startup Cost": 0.58, "Total Cost": 3469421.97, "Plan Rows": 1055184, "Plan Width": 49, "Actual Startup Time": 586.272, "Actual Total Time": 586.521, "Actual Rows": 78, "Actual Loops": 1, "Inner Unique": false, "Plans": [{"Node Type": "Nested Loop", "Parent Relationship": "Outer", "Join Type": "Inner", "Startup Cost": 0.28, "Total Cost": 1524363.16, "Plan Rows": 447839, "Plan Width": 29, "Actual Startup Time": 586.207, "Actual Total Time": 586.304, "Actual Rows": 6, "Actual Loops": 1, "Inner Unique": true, "Plans": [{"Node Type": "Nested Loop", "Parent Relationship": "Outer", "Join Type": "Inner", "Startup Cost": 0.0, "Total Cost": 37527.17, "Plan Rows": 345008, "Plan Width": 4, "Actual Startup Time": 586.088, "Actual Total Time": 586.108, "Actual Rows": 10, "Actual Loops": 1, "Inner Unique": false, "Join Filter": "(it.id = mi_idx.info_type_id), (LLVM Optimized)", "Rows Removed by Join Filter": 1380024, "Plans": [{"Node Type": "Seq Scan", "Parent Relationship": "Outer", "Relation Name": "info_type", "Alias": "it", "Startup Cost": 0.0, "Total Cost": 2.4, "Plan Rows": 1, "Plan Width": 4, "Actual Startup Time": 0.05, "Actual Total Time": 0.057, "Actual Rows": 1, "Actual Loops": 1, "Filter": "((info)::text = 'bottom 10 rank'::text)", "Rows Removed by Filter": 111}, {"Node Type": "Seq Scan", "Parent Relationship": "Inner", "Relation Name": "movie_info_idx", "Alias": "mi_idx", "Startup Cost": 0.0, "Total Cost": 20274.34, "Plan Rows": 1380034, "Plan Width": 8, "Actual Startup Time": 0.03, "Actual Total Time": 295.085, "Actual Rows": 1380034, "Actual Loops": 1}]}, {"Node Type": "Bitmap Heap Scan", "Parent Relationship": "Inner", "Relation Name": "title", "Alias": "t", "Startup Cost": 0.28, "Total Cost": 4.3, "Plan Rows": 1, "Plan Width": 25, "Actual Startup Time": 0.158, "Actual Total Time": 0.158, "Actual Rows": 6, "Actual Loops": 10, "Recheck Cond": "(id = mi_idx.movie_id)", "Rows Removed by Index Recheck": 0, "Filter": "(production_year > 2000)", "Rows Removed by Filter": 4, "Exact Heap Blocks": 10, "Lossy Heap Blocks": 10, "Plans": [{"Node Type": "Bitmap Index Scan", "Parent Relationship": "Outer", "Index Name": "title_pkey", "Startup Cost": 0.0, "Total Cost": 0.28, "Plan Rows": 1, "Plan Width": 0, "Actual Startup Time": 0.086, "Actual Total Time": 0.086, "Actual Rows": 10, "Actual Loops": 10, "Index Cond": "(id = mi_idx.movie_id)"}]}]}, {"Node Type": "Bitmap Heap Scan", "Parent Relationship": "Inner", "Relation Name": "movie_companies", "Alias": "mc", "Startup Cost": 0.29, "Total Cost": 4.32, "Plan Rows": 2, "Plan Width": 32, "Actual Startup Time": 0.134, "Actual Total Time": 0.19, "Actual Rows": 78, "Actual Loops": 6, "Recheck Cond": "(movie_id = t.id)", "Rows Removed by Index Recheck": 0, "Filter": "((note)::text !~~ '%(as Metro-Goldwyn-Mayer Pictures)%'::text)", "Rows Removed by Filter": 15, "Exact Heap Blocks": 13, "Lossy Heap Blocks": 13, "Plans": [{"Node Type": "Bitmap Index Scan", "Parent Relationship": "Outer", "Index Name": "movie_id_movie_companies", "Startup Cost": 0.0, "Total Cost": 0.29, "Plan Rows": 2, "Plan Width": 0, "Actual Startup Time": 0.065, "Actual Total Time": 0.065, "Actual Rows": 93, "Actual Loops": 6, "Index Cond": "(movie_id = t.id)"}]}]}]}]}, "Triggers": [], "Planner Runtime": 2, "Total Runtime": 596.24, "Unique SQL Id": 2492542741}}, "(1, 115)": {"explain_plan": {"Plan": {"Node Type": "Aggregate", "Strategy": "Plain", "Startup Cost": 1000017767760.86, "Total Cost": 1000017767760.87, "Plan Rows": 1, "Plan Width": 113, "Plans": [{"Node Type": "Nested Loop", "Parent Relationship": "Outer", "Join Type": "Inner", "Startup Cost": 10000000001.08, "Total Cost": 1000017762976.72, "Plan Rows": 637886, "Plan Width": 45, "Inner Unique": true, "Plans": [{"Node Type": "Nested Loop", "Parent Relationship": "Outer", "Join Type": "Inner", "Startup Cost": 10000000000.81, "Total Cost": 1000015609438.29, "Plan Rows": 501180, "Plan Width": 32, "Inner Unique": true, "Plans": [{"Node Type": "Nested Loop", "Parent Relationship": "Outer", "Join Type": "Inner", "Startup Cost": 10000000000.55, "Total Cost": 1000012058838.99, "Plan Rows": 829046, "Plan Width": 36, "Inner Unique": false, "Plans": [{"Node Type": "Nested Loop", "Parent Relationship": "Outer", "Join Type": "Inner", "Startup Cost": 10000000000.26, "Total Cost": 1000010560383.98, "Plan Rows": 345008, "Plan Width": 4, "Inner Unique": true, "Plans": [{"Node Type": "Index Scan", "Parent Relationship": "Outer", "Scan Direction": "Forward", "Index Name": "movie_id_movie_info_idx", "Relation Name": "movie_info_idx", "Alias": "mi_idx", "Startup Cost": 10000000000.0, "Total Cost": 1000004650035.37, "Plan Rows": 1380034, "Plan Width": 8}, {"Node Type": "Bitmap Heap Scan", "Parent Relationship": "Inner", "Relation Name": "info_type", "Alias": "it", "Startup Cost": 0.26, "Total Cost": 4.27, "Plan Rows": 1, "Plan Width": 4, "Recheck Cond": "(id = mi_idx.info_type_id)", "Filter": "((info)::text = 'bottom 10 rank'::text)", "Plans": [{"Node Type": "Bitmap Index Scan", "Parent Relationship": "Outer", "Index Name": "info_type_pkey", "Startup Cost": 0.0, "Total Cost": 0.26, "Plan Rows": 1, "Plan Width": 0, "Index Cond": "(id = mi_idx.info_type_id)"}]}]}, {"Node Type": "Bitmap Heap Scan", "Parent Relationship": "Inner", "Relation Name": "movie_companies", "Alias": "mc", "Startup Cost": 0.29, "Total Cost": 4.32, "Plan Rows": 2, "Plan Width": 32, "Recheck Cond": "(movie_id = mi_idx.movie_id)", "Filter": "((note)::text !~~ '%(as Metro-Goldwyn-Mayer Pictures)%'::text)", "Plans": [{"Node Type": "Bitmap Index Scan", "Parent Relationship": "Outer", "Index Name": "movie_id_movie_companies", "Startup Cost": 0.0, "Total Cost": 0.29, "Plan Rows": 2, "Plan Width": 0, "Index Cond": "(movie_id = mi_idx.movie_id)"}]}]}, {"Node Type": "Bitmap Heap Scan", "Parent Relationship": "Inner", "Relation Name": "company_type", "Alias": "ct", "Startup Cost": 0.26, "Total Cost": 4.27, "Plan Rows": 1, "Plan Width": 4, "Recheck Cond": "(id = mc.company_type_id)", "Filter": "((kind)::text = 'production companies'::text)", "Plans": [{"Node Type": "Bitmap Index Scan", "Parent Relationship": "Outer", "Index Name": "company_type_pkey", "Startup Cost": 0.0, "Total Cost": 0.26, "Plan Rows": 1, "Plan Width": 0, "Index Cond": "(id = mc.company_type_id)"}]}]}, {"Node Type": "Bitmap Heap Scan", "Parent Relationship": "Inner", "Relation Name": "title", "Alias": "t", "Startup Cost": 0.27, "Total Cost": 4.29, "Plan Rows": 1, "Plan Width": 25, "Recheck Cond": "(id = mc.movie_id)", "Filter": "(production_year > 2000)", "Plans": [{"Node Type": "Bitmap Index Scan", "Parent Relationship": "Outer", "Index Name": "title_pkey", "Startup Cost": 0.0, "Total Cost": 0.27, "Plan Rows": 1, "Plan Width": 0, "Index Cond": "(id = mc.movie_id)"}]}]}]}, "Unique SQL Id": 2492542741, "Planner Runtime": 2}, "explain_analyze_plan": null}, "(1, 116)": {"explain_plan": {"Plan": {"Node Type": "Aggregate", "Strategy": "Plain", "Startup Cost": 346287.75, "Total Cost": 346287.76, "Plan Rows": 1, "Plan Width": 113, "Plans": [{"Node Type": "Nested Loop", "Parent Relationship": "Outer", "Join Type": "Inner", "Startup Cost": 7502.06, "Total Cost": 341503.6, "Plan Rows": 637886, "Plan Width": 45, "Inner Unique": true, "Plans": [{"Node Type": "Nested Loop", "Parent Relationship": "Outer", "Join Type": "Inner", "Startup Cost": 7502.06, "Total Cost": 166081.74, "Plan Rows": 501180, "Plan Width": 32, "Inner Unique": false, "Join Filter": "(mc.company_type_id = ct.id), (LLVM Optimized)", "Plans": [{"Node Type": "Seq Scan", "Parent Relationship": "Outer", "Relation Name": "company_type", "Alias": "ct", "Startup Cost": 0.0, "Total Cost": 1.04, "Plan Rows": 1, "Plan Width": 4, "Filter": "((kind)::text = 'production companies'::text)"}, {"Node Type": "Nested Loop", "Parent Relationship": "Inner", "Join Type": "Inner", "Startup Cost": 7502.06, "Total Cost": 155717.63, "Plan Rows": 829046, "Plan Width": 36, "Inner Unique": false, "Plans": [{"Node Type": "Nested Loop", "Parent Relationship": "Outer", "Join Type": "Inner", "Startup Cost": 7502.06, "Total Cost": 21741.14, "Plan Rows": 345008, "Plan Width": 4, "Inner Unique": false, "Plans": [{"Node Type": "Seq Scan", "Parent Relationship": "Outer", "Relation Name": "info_type", "Alias": "it", "Startup Cost": 0.0, "Total Cost": 2.4, "Plan Rows": 1, "Plan Width": 4, "Filter": "((info)::text = 'bottom 10 rank'::text)"}, {"Node Type": "Bitmap Heap Scan", "Parent Relationship": "Inner", "Relation Name": "movie_info_idx", "Alias": "mi_idx", "Startup Cost": 7502.06, "Total Cost": 18288.66, "Plan Rows": 345008, "Plan Width": 8, "Recheck Cond": "(info_type_id = it.id), (LLVM Optimized)", "Plans": [{"Node Type": "Bitmap Index Scan", "Parent Relationship": "Outer", "Index Name": "info_type_id_movie_info_idx", "Startup Cost": 0.0, "Total Cost": 7415.81, "Plan Rows": 345008, "Plan Width": 0, "Index Cond": "(info_type_id = it.id)"}]}]}, {"Node Type": "Index Scan", "Parent Relationship": "Inner", "Scan Direction": "Forward", "Index Name": "movie_id_movie_companies", "Relation Name": "movie_companies", "Alias": "mc", "Startup Cost": 0.0, "Total Cost": 0.37, "Plan Rows": 2, "Plan Width": 32, "Index Cond": "(movie_id = mi_idx.movie_id)", "Filter": "((note)::text !~~ '%(as Metro-Goldwyn-Mayer Pictures)%'::text)"}]}]}, {"Node Type": "Index Scan", "Parent Relationship": "Inner", "Scan Direction": "Forward", "Index Name": "title_pkey", "Relation Name": "title", "Alias": "t", "Startup Cost": 0.0, "Total Cost": 0.34, "Plan Rows": 1, "Plan Width": 25, "Index Cond": "(id = mc.movie_id)", "Filter": "(production_year > 2000)"}]}]}, "Unique SQL Id": 2492542741, "Planner Runtime": 2}, "explain_analyze_plan": {"Plan": {"Node Type": "Aggregate", "Strategy": "Plain", "Startup Cost": 346287.75, "Total Cost": 346287.76, "Plan Rows": 1, "Plan Width": 113, "Actual Startup Time": 0.466, "Actual Total Time": 0.467, "Actual Rows": 1, "Actual Loops": 1, "Plans": [{"Node Type": "Nested Loop", "Parent Relationship": "Outer", "Join Type": "Inner", "Startup Cost": 7502.06, "Total Cost": 341503.6, "Plan Rows": 637886, "Plan Width": 45, "Actual Startup Time": 0.362, "Actual Total Time": 0.437, "Actual Rows": 4, "Actual Loops": 1, "Inner Unique": true, "Plans": [{"Node Type": "Nested Loop", "Parent Relationship": "Outer", "Join Type": "Inner", "Startup Cost": 7502.06, "Total Cost": 166081.74, "Plan Rows": 501180, "Plan Width": 32, "Actual Startup Time": 0.232, "Actual Total Time": 0.396, "Actual Rows": 5, "Actual Loops": 1, "Inner Unique": false, "Join Filter": "(mc.company_type_id = ct.id), (LLVM Optimized)", "Rows Removed by Join Filter": 95, "Plans": [{"Node Type": "Seq Scan", "Parent Relationship": "Outer", "Relation Name": "company_type", "Alias": "ct", "Startup Cost": 0.0, "Total Cost": 1.04, "Plan Rows": 1, "Plan Width": 4, "Actual Startup Time": 0.028, "Actual Total Time": 0.029, "Actual Rows": 1, "Actual Loops": 1, "Filter": "((kind)::text = 'production companies'::text)", "Rows Removed by Filter": 2}, {"Node Type": "Nested Loop", "Parent Relationship": "Inner", "Join Type": "Inner", "Startup Cost": 7502.06, "Total Cost": 155717.63, "Plan Rows": 829046, "Plan Width": 36, "Actual Startup Time": 0.12, "Actual Total Time": 0.338, "Actual Rows": 100, "Actual Loops": 1, "Inner Unique": false, "Plans": [{"Node Type": "Nested Loop", "Parent Relationship": "Outer", "Join Type": "Inner", "Startup Cost": 7502.06, "Total Cost": 21741.14, "Plan Rows": 345008, "Plan Width": 4, "Actual Startup Time": 0.099, "Actual Total Time": 0.105, "Actual Rows": 10, "Actual Loops": 1, "Inner Unique": false, "Plans": [{"Node Type": "Seq Scan", "Parent Relationship": "Outer", "Relation Name": "info_type", "Alias": "it", "Startup Cost": 0.0, "Total Cost": 2.4, "Plan Rows": 1, "Plan Width": 4, "Actual Startup Time": 0.049, "Actual Total Time": 0.053, "Actual Rows": 1, "Actual Loops": 1, "Filter": "((info)::text = 'bottom 10 rank'::text)", "Rows Removed by Filter": 111}, {"Node Type": "Bitmap Heap Scan", "Parent Relationship": "Inner", "Relation Name": "movie_info_idx", "Alias": "mi_idx", "Startup Cost": 7502.06, "Total Cost": 18288.66, "Plan Rows": 345008, "Plan Width": 8, "Actual Startup Time": 0.046, "Actual Total Time": 0.047, "Actual Rows": 10, "Actual Loops": 1, "Recheck Cond": "(info_type_id = it.id), (LLVM Optimized)", "Rows Removed by Index Recheck": 0, "Exact Heap Blocks": 1, "Lossy Heap Blocks": 1, "Plans": [{"Node Type": "Bitmap Index Scan", "Parent Relationship": "Outer", "Index Name": "info_type_id_movie_info_idx", "Startup Cost": 0.0, "Total Cost": 7415.81, "Plan Rows": 345008, "Plan Width": 0, "Actual Startup Time": 0.025, "Actual Total Time": 0.025, "Actual Rows": 10, "Actual Loops": 1, "Index Cond": "(info_type_id = it.id)"}]}]}, {"Node Type": "Index Scan", "Parent Relationship": "Inner", "Scan Direction": "Forward", "Index Name": "movie_id_movie_companies", "Relation Name": "movie_companies", "Alias": "mc", "Startup Cost": 0.0, "Total Cost": 0.37, "Plan Rows": 2, "Plan Width": 32, "Actual Startup Time": 0.104, "Actual Total Time": 0.207, "Actual Rows": 100, "Actual Loops": 10, "Index Cond": "(movie_id = mi_idx.movie_id)", "Rows Removed by Index Recheck": 0, "Filter": "((note)::text !~~ '%(as Metro-Goldwyn-Mayer Pictures)%'::text)", "Rows Removed by Filter": 20}]}]}, {"Node Type": "Index Scan", "Parent Relationship": "Inner", "Scan Direction": "Forward", "Index Name": "title_pkey", "Relation Name": "title", "Alias": "t", "Startup Cost": 0.0, "Total Cost": 0.34, "Plan Rows": 1, "Plan Width": 25, "Actual Startup Time": 0.035, "Actual Total Time": 0.035, "Actual Rows": 4, "Actual Loops": 5, "Index Cond": "(id = mc.movie_id)", "Rows Removed by Index Recheck": 0, "Filter": "(production_year > 2000)", "Rows Removed by Filter": 1}]}]}, "Triggers": [], "Planner Runtime": 2, "Total Runtime": 9.979, "Unique SQL Id": 2492542741}}, "(1, 117)": {"explain_plan": {"Plan": {"Node Type": "Aggregate", "Strategy": "Plain", "Startup Cost": 346310.82, "Total Cost": 346310.83, "Plan Rows": 1, "Plan Width": 113, "Plans": [{"Node Type": "Nested Loop", "Parent Relationship": "Outer", "Join Type": "Inner", "Startup Cost": 7502.06, "Total Cost": 341526.68, "Plan Rows": 637886, "Plan Width": 45, "Inner Unique": true, "Plans": [{"Node Type": "Nested Loop", "Parent Relationship": "Outer", "Join Type": "Inner", "Startup Cost": 7502.06, "Total Cost": 166104.81, "Plan Rows": 501180, "Plan Width": 32, "Inner Unique": false, "Join Filter": "(mc.company_type_id = ct.id), (LLVM Optimized)", "Plans": [{"Node Type": "Index Scan", "Parent Relationship": "Outer", "Scan Direction": "Forward", "Index Name": "company_type_pkey", "Relation Name": "company_type", "Alias": "ct", "Startup Cost": 0.0, "Total Cost": 12.3, "Plan Rows": 1, "Plan Width": 4, "Filter": "((kind)::text = 'production companies'::text)"}, {"Node Type": "Nested Loop", "Parent Relationship": "Inner", "Join Type": "Inner", "Startup Cost": 7502.06, "Total Cost": 155729.44, "Plan Rows": 829046, "Plan Width": 36, "Inner Unique": false, "Plans": [{"Node Type": "Nested Loop", "Parent Relationship": "Outer", "Join Type": "Inner", "Startup Cost": 7502.06, "Total Cost": 21752.95, "Plan Rows": 345008, "Plan Width": 4, "Inner Unique": false, "Plans": [{"Node Type": "Index Scan", "Parent Relationship": "Outer", "Scan Direction": "Forward", "Index Name": "info_type_pkey", "Relation Name": "info_type", "Alias": "it", "Startup Cost": 0.0, "Total Cost": 14.21, "Plan Rows": 1, "Plan Width": 4, "Filter": "((info)::text = 'bottom 10 rank'::text)"}, {"Node Type": "Bitmap Heap Scan", "Parent Relationship": "Inner", "Relation Name": "movie_info_idx", "Alias": "mi_idx", "Startup Cost": 7502.06, "Total Cost": 18288.66, "Plan Rows": 345008, "Plan Width": 8, "Recheck Cond": "(info_type_id = it.id), (LLVM Optimized)", "Plans": [{"Node Type": "Bitmap Index Scan", "Parent Relationship": "Outer", "Index Name": "info_type_id_movie_info_idx", "Startup Cost": 0.0, "Total Cost": 7415.81, "Plan Rows": 345008, "Plan Width": 0, "Index Cond": "(info_type_id = it.id)"}]}]}, {"Node Type": "Index Scan", "Parent Relationship": "Inner", "Scan Direction": "Forward", "Index Name": "movie_id_movie_companies", "Relation Name": "movie_companies", "Alias": "mc", "Startup Cost": 0.0, "Total Cost": 0.37, "Plan Rows": 2, "Plan Width": 32, "Index Cond": "(movie_id = mi_idx.movie_id)", "Filter": "((note)::text !~~ '%(as Metro-Goldwyn-Mayer Pictures)%'::text)"}]}]}, {"Node Type": "Index Scan", "Parent Relationship": "Inner", "Scan Direction": "Forward", "Index Name": "title_pkey", "Relation Name": "title", "Alias": "t", "Startup Cost": 0.0, "Total Cost": 0.34, "Plan Rows": 1, "Plan Width": 25, "Index Cond": "(id = mc.movie_id)", "Filter": "(production_year > 2000)"}]}]}, "Unique SQL Id": 2492542741, "Planner Runtime": 2}, "explain_analyze_plan": {"Plan": {"Node Type": "Aggregate", "Strategy": "Plain", "Startup Cost": 346310.82, "Total Cost": 346310.83, "Plan Rows": 1, "Plan Width": 113, "Actual Startup Time": 0.407, "Actual Total Time": 0.407, "Actual Rows": 1, "Actual Loops": 1, "Plans": [{"Node Type": "Nested Loop", "Parent Relationship": "Outer", "Join Type": "Inner", "Startup Cost": 7502.06, "Total Cost": 341526.68, "Plan Rows": 637886, "Plan Width": 45, "Actual Startup Time": 0.324, "Actual Total Time": 0.39, "Actual Rows": 4, "Actual Loops": 1, "Inner Unique": true, "Plans": [{"Node Type": "Nested Loop", "Parent Relationship": "Outer", "Join Type": "Inner", "Startup Cost": 7502.06, "Total Cost": 166104.81, "Plan Rows": 501180, "Plan Width": 32, "Actual Startup Time": 0.208, "Actual Total Time": 0.356, "Actual Rows": 5, "Actual Loops": 1, "Inner Unique": false, "Join Filter": "(mc.company_type_id = ct.id), (LLVM Optimized)", "Rows Removed by Join Filter": 95, "Plans": [{"Node Type": "Index Scan", "Parent Relationship": "Outer", "Scan Direction": "Forward", "Index Name": "company_type_pkey", "Relation Name": "company_type", "Alias": "ct", "Startup Cost": 0.0, "Total Cost": 12.3, "Plan Rows": 1, "Plan Width": 4, "Actual Startup Time": 0.027, "Actual Total Time": 0.029, "Actual Rows": 1, "Actual Loops": 1, "Filter": "((kind)::text = 'production companies'::text)", "Rows Removed by Filter": 2}, {"Node Type": "Nested Loop", "Parent Relationship": "Inner", "Join Type": "Inner", "Startup Cost": 7502.06, "Total Cost": 155729.44, "Plan Rows": 829046, "Plan Width": 36, "Actual Startup Time": 0.111, "Actual Total Time": 0.293, "Actual Rows": 100, "Actual Loops": 1, "Inner Unique": false, "Plans": [{"Node Type": "Nested Loop", "Parent Relationship": "Outer", "Join Type": "Inner", "Startup Cost": 7502.06, "Total Cost": 21752.95, "Plan Rows": 345008, "Plan Width": 4, "Actual Startup Time": 0.096, "Actual Total Time": 0.103, "Actual Rows": 10, "Actual Loops": 1, "Inner Unique": false, "Plans": [{"Node Type": "Index Scan", "Parent Relationship": "Outer", "Scan Direction": "Forward", "Index Name": "info_type_pkey", "Relation Name": "info_type", "Alias": "it", "Startup Cost": 0.0, "Total Cost": 14.21, "Plan Rows": 1, "Plan Width": 4, "Actual Startup Time": 0.06, "Actual Total Time": 0.061, "Actual Rows": 1, "Actual Loops": 1, "Filter": "((info)::text = 'bottom 10 rank'::text)", "Rows Removed by Filter": 111}, {"Node Type": "Bitmap Heap Scan", "Parent Relationship": "Inner", "Relation Name": "movie_info_idx", "Alias": "mi_idx", "Startup Cost": 7502.06, "Total Cost": 18288.66, "Plan Rows": 345008, "Plan Width": 8, "Actual Startup Time": 0.03, "Actual Total Time": 0.033, "Actual Rows": 10, "Actual Loops": 1, "Recheck Cond": "(info_type_id = it.id), (LLVM Optimized)", "Rows Removed by Index Recheck": 0, "Exact Heap Blocks": 1, "Lossy Heap Blocks": 1, "Plans": [{"Node Type": "Bitmap Index Scan", "Parent Relationship": "Outer", "Index Name": "info_type_id_movie_info_idx", "Startup Cost": 0.0, "Total Cost": 7415.81, "Plan Rows": 345008, "Plan Width": 0, "Actual Startup Time": 0.012, "Actual Total Time": 0.012, "Actual Rows": 10, "Actual Loops": 1, "Index Cond": "(info_type_id = it.id)"}]}]}, {"Node Type": "Index Scan", "Parent Relationship": "Inner", "Scan Direction": "Forward", "Index Name": "movie_id_movie_companies", "Relation Name": "movie_companies", "Alias": "mc", "Startup Cost": 0.0, "Total Cost": 0.37, "Plan Rows": 2, "Plan Width": 32, "Actual Startup Time": 0.08, "Actual Total Time": 0.155, "Actual Rows": 100, "Actual Loops": 10, "Index Cond": "(movie_id = mi_idx.movie_id)", "Rows Removed by Index Recheck": 0, "Filter": "((note)::text !~~ '%(as Metro-Goldwyn-Mayer Pictures)%'::text)", "Rows Removed by Filter": 20}]}]}, {"Node Type": "Index Scan", "Parent Relationship": "Inner", "Scan Direction": "Forward", "Index Name": "title_pkey", "Relation Name": "title", "Alias": "t", "Startup Cost": 0.0, "Total Cost": 0.34, "Plan Rows": 1, "Plan Width": 25, "Actual Startup Time": 0.029, "Actual Total Time": 0.029, "Actual Rows": 4, "Actual Loops": 5, "Index Cond": "(id = mc.movie_id)", "Rows Removed by Index Recheck": 0, "Filter": "(production_year > 2000)", "Rows Removed by Filter": 1}]}]}, "Triggers": [], "Planner Runtime": 2, "Total Runtime": 9.982, "Unique SQL Id": 2492542741}}, "(1, 118)": {"explain_plan": {"Plan": {"Node Type": "Aggregate", "Strategy": "Plain", "Startup Cost": 3487396.95, "Total Cost": 3487396.96, "Plan Rows": 1, "Plan Width": 113, "Plans": [{"Node Type": "Nested Loop", "Parent Relationship": "Outer", "Join Type": "Inner", "Startup Cost": 0.58, "Total Cost": 3482612.8, "Plan Rows": 637886, "Plan Width": 45, "Inner Unique": false, "Join Filter": "(mc.company_type_id = ct.id), (LLVM Optimized)", "Plans": [{"Node Type": "Seq Scan", "Parent Relationship": "Outer", "Relation Name": "company_type", "Alias": "ct", "Startup Cost": 0.0, "Total Cost": 1.04, "Plan Rows": 1, "Plan Width": 4, "Filter": "((kind)::text = 'production companies'::text)"}, {"Node Type": "Nested Loop", "Parent Relationship": "Inner", "Join Type": "Inner", "Startup Cost": 0.58, "Total Cost": 3469421.97, "Plan Rows": 1055184, "Plan Width": 49, "Inner Unique": false, "Plans": [{"Node Type": "Nested Loop", "Parent Relationship": "Outer", "Join Type": "Inner", "Startup Cost": 0.28, "Total Cost": 1524363.16, "Plan Rows": 447839, "Plan Width": 29, "Inner Unique": true, "Plans": [{"Node Type": "Nested Loop", "Parent Relationship": "Outer", "Join Type": "Inner", "Startup Cost": 0.0, "Total Cost": 37527.17, "Plan Rows": 345008, "Plan Width": 4, "Inner Unique": false, "Join Filter": "(it.id = mi_idx.info_type_id), (LLVM Optimized)", "Plans": [{"Node Type": "Seq Scan", "Parent Relationship": "Outer", "Relation Name": "info_type", "Alias": "it", "Startup Cost": 0.0, "Total Cost": 2.4, "Plan Rows": 1, "Plan Width": 4, "Filter": "((info)::text = 'bottom 10 rank'::text)"}, {"Node Type": "Seq Scan", "Parent Relationship": "Inner", "Relation Name": "movie_info_idx", "Alias": "mi_idx", "Startup Cost": 0.0, "Total Cost": 20274.34, "Plan Rows": 1380034, "Plan Width": 8}]}, {"Node Type": "Bitmap Heap Scan", "Parent Relationship": "Inner", "Relation Name": "title", "Alias": "t", "Startup Cost": 0.28, "Total Cost": 4.3, "Plan Rows": 1, "Plan Width": 25, "Recheck Cond": "(id = mi_idx.movie_id)", "Filter": "(production_year > 2000)", "Plans": [{"Node Type": "Bitmap Index Scan", "Parent Relationship": "Outer", "Index Name": "title_pkey", "Startup Cost": 0.0, "Total Cost": 0.28, "Plan Rows": 1, "Plan Width": 0, "Index Cond": "(id = mi_idx.movie_id)"}]}]}, {"Node Type": "Bitmap Heap Scan", "Parent Relationship": "Inner", "Relation Name": "movie_companies", "Alias": "mc", "Startup Cost": 0.29, "Total Cost": 4.32, "Plan Rows": 2, "Plan Width": 32, "Recheck Cond": "(movie_id = t.id)", "Filter": "((note)::text !~~ '%(as Metro-Goldwyn-Mayer Pictures)%'::text)", "Plans": [{"Node Type": "Bitmap Index Scan", "Parent Relationship": "Outer", "Index Name": "movie_id_movie_companies", "Startup Cost": 0.0, "Total Cost": 0.29, "Plan Rows": 2, "Plan Width": 0, "Index Cond": "(movie_id = t.id)"}]}]}]}]}, "Unique SQL Id": 2492542741, "Planner Runtime": 2}, "explain_analyze_plan": {"Plan": {"Node Type": "Aggregate", "Strategy": "Plain", "Startup Cost": 3487396.95, "Total Cost": 3487396.96, "Plan Rows": 1, "Plan Width": 113, "Actual Startup Time": 586.607, "Actual Total Time": 586.608, "Actual Rows": 1, "Actual Loops": 1, "Plans": [{"Node Type": "Nested Loop", "Parent Relationship": "Outer", "Join Type": "Inner", "Startup Cost": 0.58, "Total Cost": 3482612.8, "Plan Rows": 637886, "Plan Width": 45, "Actual Startup Time": 586.505, "Actual Total Time": 586.574, "Actual Rows": 4, "Actual Loops": 1, "Inner Unique": false, "Join Filter": "(mc.company_type_id = ct.id), (LLVM Optimized)", "Rows Removed by Join Filter": 74, "Plans": [{"Node Type": "Seq Scan", "Parent Relationship": "Outer", "Relation Name": "company_type", "Alias": "ct", "Startup Cost": 0.0, "Total Cost": 1.04, "Plan Rows": 1, "Plan Width": 4, "Actual Startup Time": 0.025, "Actual Total Time": 0.028, "Actual Rows": 1, "Actual Loops": 1, "Filter": "((kind)::text = 'production companies'::text)", "Rows Removed by Filter": 2}, {"Node Type": "Nested Loop", "Parent Relationship": "Inner", "Join Type": "Inner", "Startup Cost": 0.58, "Total Cost": 3469421.97, "Plan Rows": 1055184, "Plan Width": 49, "Actual Startup Time": 586.272, "Actual Total Time": 586.521, "Actual Rows": 78, "Actual Loops": 1, "Inner Unique": false, "Plans": [{"Node Type": "Nested Loop", "Parent Relationship": "Outer", "Join Type": "Inner", "Startup Cost": 0.28, "Total Cost": 1524363.16, "Plan Rows": 447839, "Plan Width": 29, "Actual Startup Time": 586.207, "Actual Total Time": 586.304, "Actual Rows": 6, "Actual Loops": 1, "Inner Unique": true, "Plans": [{"Node Type": "Nested Loop", "Parent Relationship": "Outer", "Join Type": "Inner", "Startup Cost": 0.0, "Total Cost": 37527.17, "Plan Rows": 345008, "Plan Width": 4, "Actual Startup Time": 586.088, "Actual Total Time": 586.108, "Actual Rows": 10, "Actual Loops": 1, "Inner Unique": false, "Join Filter": "(it.id = mi_idx.info_type_id), (LLVM Optimized)", "Rows Removed by Join Filter": 1380024, "Plans": [{"Node Type": "Seq Scan", "Parent Relationship": "Outer", "Relation Name": "info_type", "Alias": "it", "Startup Cost": 0.0, "Total Cost": 2.4, "Plan Rows": 1, "Plan Width": 4, "Actual Startup Time": 0.05, "Actual Total Time": 0.057, "Actual Rows": 1, "Actual Loops": 1, "Filter": "((info)::text = 'bottom 10 rank'::text)", "Rows Removed by Filter": 111}, {"Node Type": "Seq Scan", "Parent Relationship": "Inner", "Relation Name": "movie_info_idx", "Alias": "mi_idx", "Startup Cost": 0.0, "Total Cost": 20274.34, "Plan Rows": 1380034, "Plan Width": 8, "Actual Startup Time": 0.03, "Actual Total Time": 295.085, "Actual Rows": 1380034, "Actual Loops": 1}]}, {"Node Type": "Bitmap Heap Scan", "Parent Relationship": "Inner", "Relation Name": "title", "Alias": "t", "Startup Cost": 0.28, "Total Cost": 4.3, "Plan Rows": 1, "Plan Width": 25, "Actual Startup Time": 0.158, "Actual Total Time": 0.158, "Actual Rows": 6, "Actual Loops": 10, "Recheck Cond": "(id = mi_idx.movie_id)", "Rows Removed by Index Recheck": 0, "Filter": "(production_year > 2000)", "Rows Removed by Filter": 4, "Exact Heap Blocks": 10, "Lossy Heap Blocks": 10, "Plans": [{"Node Type": "Bitmap Index Scan", "Parent Relationship": "Outer", "Index Name": "title_pkey", "Startup Cost": 0.0, "Total Cost": 0.28, "Plan Rows": 1, "Plan Width": 0, "Actual Startup Time": 0.086, "Actual Total Time": 0.086, "Actual Rows": 10, "Actual Loops": 10, "Index Cond": "(id = mi_idx.movie_id)"}]}]}, {"Node Type": "Bitmap Heap Scan", "Parent Relationship": "Inner", "Relation Name": "movie_companies", "Alias": "mc", "Startup Cost": 0.29, "Total Cost": 4.32, "Plan Rows": 2, "Plan Width": 32, "Actual Startup Time": 0.134, "Actual Total Time": 0.19, "Actual Rows": 78, "Actual Loops": 6, "Recheck Cond": "(movie_id = t.id)", "Rows Removed by Index Recheck": 0, "Filter": "((note)::text !~~ '%(as Metro-Goldwyn-Mayer Pictures)%'::text)", "Rows Removed by Filter": 15, "Exact Heap Blocks": 13, "Lossy Heap Blocks": 13, "Plans": [{"Node Type": "Bitmap Index Scan", "Parent Relationship": "Outer", "Index Name": "movie_id_movie_companies", "Startup Cost": 0.0, "Total Cost": 0.29, "Plan Rows": 2, "Plan Width": 0, "Actual Startup Time": 0.065, "Actual Total Time": 0.065, "Actual Rows": 93, "Actual Loops": 6, "Index Cond": "(movie_id = t.id)"}]}]}]}]}, "Triggers": [], "Planner Runtime": 2, "Total Runtime": 596.24, "Unique SQL Id": 2492542741}}, "(1, 119)": {"explain_plan": {"Plan": {"Node Type": "Aggregate", "Strategy": "Plain", "Startup Cost": 1000017767760.86, "Total Cost": 1000017767760.87, "Plan Rows": 1, "Plan Width": 113, "Plans": [{"Node Type": "Nested Loop", "Parent Relationship": "Outer", "Join Type": "Inner", "Startup Cost": 10000000001.08, "Total Cost": 1000017762976.72, "Plan Rows": 637886, "Plan Width": 45, "Inner Unique": true, "Plans": [{"Node Type": "Nested Loop", "Parent Relationship": "Outer", "Join Type": "Inner", "Startup Cost": 10000000000.81, "Total Cost": 1000015609438.29, "Plan Rows": 501180, "Plan Width": 32, "Inner Unique": true, "Plans": [{"Node Type": "Nested Loop", "Parent Relationship": "Outer", "Join Type": "Inner", "Startup Cost": 10000000000.55, "Total Cost": 1000012058838.99, "Plan Rows": 829046, "Plan Width": 36, "Inner Unique": false, "Plans": [{"Node Type": "Nested Loop", "Parent Relationship": "Outer", "Join Type": "Inner", "Startup Cost": 10000000000.26, "Total Cost": 1000010560383.98, "Plan Rows": 345008, "Plan Width": 4, "Inner Unique": true, "Plans": [{"Node Type": "Index Scan", "Parent Relationship": "Outer", "Scan Direction": "Forward", "Index Name": "movie_id_movie_info_idx", "Relation Name": "movie_info_idx", "Alias": "mi_idx", "Startup Cost": 10000000000.0, "Total Cost": 1000004650035.37, "Plan Rows": 1380034, "Plan Width": 8}, {"Node Type": "Bitmap Heap Scan", "Parent Relationship": "Inner", "Relation Name": "info_type", "Alias": "it", "Startup Cost": 0.26, "Total Cost": 4.27, "Plan Rows": 1, "Plan Width": 4, "Recheck Cond": "(id = mi_idx.info_type_id)", "Filter": "((info)::text = 'bottom 10 rank'::text)", "Plans": [{"Node Type": "Bitmap Index Scan", "Parent Relationship": "Outer", "Index Name": "info_type_pkey", "Startup Cost": 0.0, "Total Cost": 0.26, "Plan Rows": 1, "Plan Width": 0, "Index Cond": "(id = mi_idx.info_type_id)"}]}]}, {"Node Type": "Bitmap Heap Scan", "Parent Relationship": "Inner", "Relation Name": "movie_companies", "Alias": "mc", "Startup Cost": 0.29, "Total Cost": 4.32, "Plan Rows": 2, "Plan Width": 32, "Recheck Cond": "(movie_id = mi_idx.movie_id)", "Filter": "((note)::text !~~ '%(as Metro-Goldwyn-Mayer Pictures)%'::text)", "Plans": [{"Node Type": "Bitmap Index Scan", "Parent Relationship": "Outer", "Index Name": "movie_id_movie_companies", "Startup Cost": 0.0, "Total Cost": 0.29, "Plan Rows": 2, "Plan Width": 0, "Index Cond": "(movie_id = mi_idx.movie_id)"}]}]}, {"Node Type": "Bitmap Heap Scan", "Parent Relationship": "Inner", "Relation Name": "company_type", "Alias": "ct", "Startup Cost": 0.26, "Total Cost": 4.27, "Plan Rows": 1, "Plan Width": 4, "Recheck Cond": "(id = mc.company_type_id)", "Filter": "((kind)::text = 'production companies'::text)", "Plans": [{"Node Type": "Bitmap Index Scan", "Parent Relationship": "Outer", "Index Name": "company_type_pkey", "Startup Cost": 0.0, "Total Cost": 0.26, "Plan Rows": 1, "Plan Width": 0, "Index Cond": "(id = mc.company_type_id)"}]}]}, {"Node Type": "Bitmap Heap Scan", "Parent Relationship": "Inner", "Relation Name": "title", "Alias": "t", "Startup Cost": 0.27, "Total Cost": 4.29, "Plan Rows": 1, "Plan Width": 25, "Recheck Cond": "(id = mc.movie_id)", "Filter": "(production_year > 2000)", "Plans": [{"Node Type": "Bitmap Index Scan", "Parent Relationship": "Outer", "Index Name": "title_pkey", "Startup Cost": 0.0, "Total Cost": 0.27, "Plan Rows": 1, "Plan Width": 0, "Index Cond": "(id = mc.movie_id)"}]}]}]}, "Unique SQL Id": 2492542741, "Planner Runtime": 2}, "explain_analyze_plan": null}, "(1, 120)": {"explain_plan": {"Plan": {"Node Type": "Aggregate", "Strategy": "Plain", "Startup Cost": 362073.77, "Total Cost": 362073.78, "Plan Rows": 1, "Plan Width": 113, "Plans": [{"Node Type": "Nested Loop", "Parent Relationship": "Outer", "Join Type": "Inner", "Startup Cost": 0.0, "Total Cost": 357289.62, "Plan Rows": 637886, "Plan Width": 45, "Inner Unique": true, "Plans": [{"Node Type": "Nested Loop", "Parent Relationship": "Outer", "Join Type": "Inner", "Startup Cost": 0.0, "Total Cost": 181867.76, "Plan Rows": 501180, "Plan Width": 32, "Inner Unique": false, "Join Filter": "(mc.company_type_id = ct.id), (LLVM Optimized)", "Plans": [{"Node Type": "Seq Scan", "Parent Relationship": "Outer", "Relation Name": "company_type", "Alias": "ct", "Startup Cost": 0.0, "Total Cost": 1.04, "Plan Rows": 1, "Plan Width": 4, "Filter": "((kind)::text = 'production companies'::text)"}, {"Node Type": "Nested Loop", "Parent Relationship": "Inner", "Join Type": "Inner", "Startup Cost": 0.0, "Total Cost": 171503.65, "Plan Rows": 829046, "Plan Width": 36, "Inner Unique": false, "Plans": [{"Node Type": "Nested Loop", "Parent Relationship": "Outer", "Join Type": "Inner", "Startup Cost": 0.0, "Total Cost": 37527.17, "Plan Rows": 345008, "Plan Width": 4, "Inner Unique": false, "Join Filter": "(it.id = mi_idx.info_type_id), (LLVM Optimized)", "Plans": [{"Node Type": "Seq Scan", "Parent Relationship": "Outer", "Relation Name": "info_type", "Alias": "it", "Startup Cost": 0.0, "Total Cost": 2.4, "Plan Rows": 1, "Plan Width": 4, "Filter": "((info)::text = 'bottom 10 rank'::text)"}, {"Node Type": "Seq Scan", "Parent Relationship": "Inner", "Relation Name": "movie_info_idx", "Alias": "mi_idx", "Startup Cost": 0.0, "Total Cost": 20274.34, "Plan Rows": 1380034, "Plan Width": 8}]}, {"Node Type": "Index Scan", "Parent Relationship": "Inner", "Scan Direction": "Forward", "Index Name": "movie_id_movie_companies", "Relation Name": "movie_companies", "Alias": "mc", "Startup Cost": 0.0, "Total Cost": 0.37, "Plan Rows": 2, "Plan Width": 32, "Index Cond": "(movie_id = mi_idx.movie_id)", "Filter": "((note)::text !~~ '%(as Metro-Goldwyn-Mayer Pictures)%'::text)"}]}]}, {"Node Type": "Index Scan", "Parent Relationship": "Inner", "Scan Direction": "Forward", "Index Name": "title_pkey", "Relation Name": "title", "Alias": "t", "Startup Cost": 0.0, "Total Cost": 0.34, "Plan Rows": 1, "Plan Width": 25, "Index Cond": "(id = mc.movie_id)", "Filter": "(production_year > 2000)"}]}]}, "Unique SQL Id": 2492542741, "Planner Runtime": 2}, "explain_analyze_plan": {"Plan": {"Node Type": "Aggregate", "Strategy": "Plain", "Startup Cost": 362073.77, "Total Cost": 362073.78, "Plan Rows": 1, "Plan Width": 113, "Actual Startup Time": 553.61, "Actual Total Time": 553.611, "Actual Rows": 1, "Actual Loops": 1, "Plans": [{"Node Type": "Nested Loop", "Parent Relationship": "Outer", "Join Type": "Inner", "Startup Cost": 0.0, "Total Cost": 357289.62, "Plan Rows": 637886, "Plan Width": 45, "Actual Startup Time": 553.503, "Actual Total Time": 553.578, "Actual Rows": 4, "Actual Loops": 1, "Inner Unique": true, "Plans": [{"Node Type": "Nested Loop", "Parent Relationship": "Outer", "Join Type": "Inner", "Startup Cost": 0.0, "Total Cost": 181867.76, "Plan Rows": 501180, "Plan Width": 32, "Actual Startup Time": 553.378, "Actual Total Time": 553.535, "Actual Rows": 5, "Actual Loops": 1, "Inner Unique": false, "Join Filter": "(mc.company_type_id = ct.id), (LLVM Optimized, Jit Execute)", "Rows Removed by Join Filter": 95, "Plans": [{"Node Type": "Seq Scan", "Parent Relationship": "Outer", "Relation Name": "company_type", "Alias": "ct", "Startup Cost": 0.0, "Total Cost": 1.04, "Plan Rows": 1, "Plan Width": 4, "Actual Startup Time": 0.025, "Actual Total Time": 0.028, "Actual Rows": 1, "Actual Loops": 1, "Filter": "((kind)::text = 'production companies'::text)", "Rows Removed by Filter": 2}, {"Node Type": "Nested Loop", "Parent Relationship": "Inner", "Join Type": "Inner", "Startup Cost": 0.0, "Total Cost": 171503.65, "Plan Rows": 829046, "Plan Width": 36, "Actual Startup Time": 553.266, "Actual Total Time": 553.48, "Actual Rows": 100, "Actual Loops": 1, "Inner Unique": false, "Plans": [{"Node Type": "Nested Loop", "Parent Relationship": "Outer", "Join Type": "Inner", "Startup Cost": 0.0, "Total Cost": 37527.17, "Plan Rows": 345008, "Plan Width": 4, "Actual Startup Time": 553.187, "Actual Total Time": 553.204, "Actual Rows": 10, "Actual Loops": 1, "Inner Unique": false, "Join Filter": "(it.id = mi_idx.info_type_id), (LLVM Optimized, Jit Execute)", "Rows Removed by Join Filter": 1380024, "Plans": [{"Node Type": "Seq Scan", "Parent Relationship": "Outer", "Relation Name": "info_type", "Alias": "it", "Startup Cost": 0.0, "Total Cost": 2.4, "Plan Rows": 1, "Plan Width": 4, "Actual Startup Time": 0.053, "Actual Total Time": 0.059, "Actual Rows": 1, "Actual Loops": 1, "Filter": "((info)::text = 'bottom 10 rank'::text)", "Rows Removed by Filter": 111}, {"Node Type": "Seq Scan", "Parent Relationship": "Inner", "Relation Name": "movie_info_idx", "Alias": "mi_idx", "Startup Cost": 0.0, "Total Cost": 20274.34, "Plan Rows": 1380034, "Plan Width": 8, "Actual Startup Time": 0.03, "Actual Total Time": 293.735, "Actual Rows": 1380034, "Actual Loops": 1}]}, {"Node Type": "Index Scan", "Parent Relationship": "Inner", "Scan Direction": "Forward", "Index Name": "movie_id_movie_companies", "Relation Name": "movie_companies", "Alias": "mc", "Startup Cost": 0.0, "Total Cost": 0.37, "Plan Rows": 2, "Plan Width": 32, "Actual Startup Time": 0.144, "Actual Total Time": 0.23, "Actual Rows": 100, "Actual Loops": 10, "Index Cond": "(movie_id = mi_idx.movie_id)", "Rows Removed by Index Recheck": 0, "Filter": "((note)::text !~~ '%(as Metro-Goldwyn-Mayer Pictures)%'::text)", "Rows Removed by Filter": 20}]}]}, {"Node Type": "Index Scan", "Parent Relationship": "Inner", "Scan Direction": "Forward", "Index Name": "title_pkey", "Relation Name": "title", "Alias": "t", "Startup Cost": 0.0, "Total Cost": 0.34, "Plan Rows": 1, "Plan Width": 25, "Actual Startup Time": 0.037, "Actual Total Time": 0.037, "Actual Rows": 4, "Actual Loops": 5, "Index Cond": "(id = mc.movie_id)", "Rows Removed by Index Recheck": 0, "Filter": "(production_year > 2000)", "Rows Removed by Filter": 1}]}]}, "Triggers": [], "Planner Runtime": 2, "Total Runtime": 563.212, "Unique SQL Id": 2492542741}}, "(1, 121)": {"explain_plan": {"Plan": {"Node Type": "Aggregate", "Strategy": "Plain", "Startup Cost": 362896.07, "Total Cost": 362896.08, "Plan Rows": 1, "Plan Width": 113, "Plans": [{"Node Type": "Nested Loop", "Parent Relationship": "Outer", "Join Type": "Inner", "Startup Cost": 0.0, "Total Cost": 358111.92, "Plan Rows": 637886, "Plan Width": 45, "Inner Unique": true, "Plans": [{"Node Type": "Nested Loop", "Parent Relationship": "Outer", "Join Type": "Inner", "Startup Cost": 0.0, "Total Cost": 182690.06, "Plan Rows": 501180, "Plan Width": 32, "Inner Unique": false, "Join Filter": "(mc.company_type_id = ct.id), (LLVM Optimized)", "Plans": [{"Node Type": "Index Scan", "Parent Relationship": "Outer", "Scan Direction": "Forward", "Index Name": "company_type_pkey", "Relation Name": "company_type", "Alias": "ct", "Startup Cost": 0.0, "Total Cost": 12.3, "Plan Rows": 1, "Plan Width": 4, "Filter": "((kind)::text = 'production companies'::text)"}, {"Node Type": "Nested Loop", "Parent Relationship": "Inner", "Join Type": "Inner", "Startup Cost": 0.0, "Total Cost": 172314.68, "Plan Rows": 829046, "Plan Width": 36, "Inner Unique": false, "Plans": [{"Node Type": "Nested Loop", "Parent Relationship": "Outer", "Join Type": "Inner", "Startup Cost": 0.0, "Total Cost": 38338.2, "Plan Rows": 345008, "Plan Width": 4, "Inner Unique": false, "Plans": [{"Node Type": "Index Scan", "Parent Relationship": "Outer", "Scan Direction": "Forward", "Index Name": "info_type_pkey", "Relation Name": "info_type", "Alias": "it", "Startup Cost": 0.0, "Total Cost": 14.21, "Plan Rows": 1, "Plan Width": 4, "Filter": "((info)::text = 'bottom 10 rank'::text)"}, {"Node Type": "Index Scan", "Parent Relationship": "Inner", "Scan Direction": "Forward", "Index Name": "info_type_id_movie_info_idx", "Relation Name": "movie_info_idx", "Alias": "mi_idx", "Startup Cost": 0.0, "Total Cost": 34873.91, "Plan Rows": 345008, "Plan Width": 8, "Index Cond": "(info_type_id = it.id), (LLVM Optimized)"}]}, {"Node Type": "Index Scan", "Parent Relationship": "Inner", "Scan Direction": "Forward", "Index Name": "movie_id_movie_companies", "Relation Name": "movie_companies", "Alias": "mc", "Startup Cost": 0.0, "Total Cost": 0.37, "Plan Rows": 2, "Plan Width": 32, "Index Cond": "(movie_id = mi_idx.movie_id)", "Filter": "((note)::text !~~ '%(as Metro-Goldwyn-Mayer Pictures)%'::text)"}]}]}, {"Node Type": "Index Scan", "Parent Relationship": "Inner", "Scan Direction": "Forward", "Index Name": "title_pkey", "Relation Name": "title", "Alias": "t", "Startup Cost": 0.0, "Total Cost": 0.34, "Plan Rows": 1, "Plan Width": 25, "Index Cond": "(id = mc.movie_id)", "Filter": "(production_year > 2000)"}]}]}, "Unique SQL Id": 2492542741, "Planner Runtime": 2}, "explain_analyze_plan": {"Plan": {"Node Type": "Aggregate", "Strategy": "Plain", "Startup Cost": 362896.07, "Total Cost": 362896.08, "Plan Rows": 1, "Plan Width": 113, "Actual Startup Time": 0.531, "Actual Total Time": 0.531, "Actual Rows": 1, "Actual Loops": 1, "Plans": [{"Node Type": "Nested Loop", "Parent Relationship": "Outer", "Join Type": "Inner", "Startup Cost": 0.0, "Total Cost": 358111.92, "Plan Rows": 637886, "Plan Width": 45, "Actual Startup Time": 0.428, "Actual Total Time": 0.512, "Actual Rows": 4, "Actual Loops": 1, "Inner Unique": true, "Plans": [{"Node Type": "Nested Loop", "Parent Relationship": "Outer", "Join Type": "Inner", "Startup Cost": 0.0, "Total Cost": 182690.06, "Plan Rows": 501180, "Plan Width": 32, "Actual Startup Time": 0.25, "Actual Total Time": 0.451, "Actual Rows": 5, "Actual Loops": 1, "Inner Unique": false, "Join Filter": "(mc.company_type_id = ct.id), (LLVM Optimized)", "Rows Removed by Join Filter": 95, "Plans": [{"Node Type": "Index Scan", "Parent Relationship": "Outer", "Scan Direction": "Forward", "Index Name": "company_type_pkey", "Relation Name": "company_type", "Alias": "ct", "Startup Cost": 0.0, "Total Cost": 12.3, "Plan Rows": 1, "Plan Width": 4, "Actual Startup Time": 0.027, "Actual Total Time": 0.029, "Actual Rows": 1, "Actual Loops": 1, "Filter": "((kind)::text = 'production companies'::text)", "Rows Removed by Filter": 2}, {"Node Type": "Nested Loop", "Parent Relationship": "Inner", "Join Type": "Inner", "Startup Cost": 0.0, "Total Cost": 172314.68, "Plan Rows": 829046, "Plan Width": 36, "Actual Startup Time": 0.115, "Actual Total Time": 0.396, "Actual Rows": 100, "Actual Loops": 1, "Inner Unique": false, "Plans": [{"Node Type": "Nested Loop", "Parent Relationship": "Outer", "Join Type": "Inner", "Startup Cost": 0.0, "Total Cost": 38338.2, "Plan Rows": 345008, "Plan Width": 4, "Actual Startup Time": 0.09, "Actual Total Time": 0.096, "Actual Rows": 10, "Actual Loops": 1, "Inner Unique": false, "Plans": [{"Node Type": "Index Scan", "Parent Relationship": "Outer", "Scan Direction": "Forward", "Index Name": "info_type_pkey", "Relation Name": "info_type", "Alias": "it", "Startup Cost": 0.0, "Total Cost": 14.21, "Plan Rows": 1, "Plan Width": 4, "Actual Startup Time": 0.068, "Actual Total Time": 0.069, "Actual Rows": 1, "Actual Loops": 1, "Filter": "((info)::text = 'bottom 10 rank'::text)", "Rows Removed by Filter": 111}, {"Node Type": "Index Scan", "Parent Relationship": "Inner", "Scan Direction": "Forward", "Index Name": "info_type_id_movie_info_idx", "Relation Name": "movie_info_idx", "Alias": "mi_idx", "Startup Cost": 0.0, "Total Cost": 34873.91, "Plan Rows": 345008, "Plan Width": 8, "Actual Startup Time": 0.019, "Actual Total Time": 0.022, "Actual Rows": 10, "Actual Loops": 1, "Index Cond": "(info_type_id = it.id), (LLVM Optimized)", "Rows Removed by Index Recheck": 0}]}, {"Node Type": "Index Scan", "Parent Relationship": "Inner", "Scan Direction": "Forward", "Index Name": "movie_id_movie_companies", "Relation Name": "movie_companies", "Alias": "mc", "Startup Cost": 0.0, "Total Cost": 0.37, "Plan Rows": 2, "Plan Width": 32, "Actual Startup Time": 0.16, "Actual Total Time": 0.269, "Actual Rows": 100, "Actual Loops": 10, "Index Cond": "(movie_id = mi_idx.movie_id)", "Rows Removed by Index Recheck": 0, "Filter": "((note)::text !~~ '%(as Metro-Goldwyn-Mayer Pictures)%'::text)", "Rows Removed by Filter": 20}]}]}, {"Node Type": "Index Scan", "Parent Relationship": "Inner", "Scan Direction": "Forward", "Index Name": "title_pkey", "Relation Name": "title", "Alias": "t", "Startup Cost": 0.0, "Total Cost": 0.34, "Plan Rows": 1, "Plan Width": 25, "Actual Startup Time": 0.057, "Actual Total Time": 0.057, "Actual Rows": 4, "Actual Loops": 5, "Index Cond": "(id = mc.movie_id)", "Rows Removed by Index Recheck": 0, "Filter": "(production_year > 2000)", "Rows Removed by Filter": 1}]}]}, "Triggers": [], "Planner Runtime": 2, "Total Runtime": 10.313, "Unique SQL Id": 2492542741}}, "(1, 122)": {"explain_plan": {"Plan": {"Node Type": "Aggregate", "Strategy": "Plain", "Startup Cost": 15914828062.74, "Total Cost": 15914828062.75, "Plan Rows": 1, "Plan Width": 113, "Plans": [{"Node Type": "Nested Loop", "Parent Relationship": "Outer", "Join Type": "Inner", "Startup Cost": 0.0, "Total Cost": 15914823278.6, "Plan Rows": 637886, "Plan Width": 45, "Inner Unique": false, "Join Filter": "(mc.movie_id = t.id), (LLVM Optimized)", "Plans": [{"Node Type": "Nested Loop", "Parent Relationship": "Outer", "Join Type": "Inner", "Startup Cost": 0.0, "Total Cost": 80954.08, "Plan Rows": 1304518, "Plan Width": 28, "Inner Unique": false, "Join Filter": "(ct.id = mc.company_type_id), (LLVM Optimized)", "Plans": [{"Node Type": "Seq Scan", "Parent Relationship": "Outer", "Relation Name": "company_type", "Alias": "ct", "Startup Cost": 0.0, "Total Cost": 1.04, "Plan Rows": 1, "Plan Width": 4, "Filter": "((kind)::text = 'production companies'::text)"}, {"Node Type": "Seq Scan", "Parent Relationship": "Inner", "Relation Name": "movie_companies", "Alias": "mc", "Startup Cost": 0.0, "Total Cost": 48340.1, "Plan Rows": 2609035, "Plan Width": 32, "Filter": "((note)::text !~~ '%(as Metro-Goldwyn-Mayer Pictures)%'::text), (LLVM Optimized)"}]}, {"Node Type": "Materialize", "Parent Relationship": "Inner", "Startup Cost": 0.0, "Total Cost": 7151532895.09, "Plan Rows": 447839, "Plan Width": 29, "Plans": [{"Node Type": "Nested Loop", "Parent Relationship": "Outer", "Join Type": "Inner", "Startup Cost": 0.0, "Total Cost": 7151530655.89, "Plan Rows": 447839, "Plan Width": 29, "Inner Unique": false, "Join Filter": "(mi_idx.movie_id = t.id), (LLVM Optimized)", "Plans": [{"Node Type": "Seq Scan", "Parent Relationship": "Outer", "Relation Name": "title", "Alias": "t", "Startup Cost": 0.0, "Total Cost": 66389.89, "Plan Rows": 1381886, "Plan Width": 25, "Filter": "(production_year > 2000), (LLVM Optimized)"}, {"Node Type": "Materialize", "Parent Relationship": "Inner", "Startup Cost": 0.0, "Total Cost": 39252.21, "Plan Rows": 345008, "Plan Width": 4, "Plans": [{"Node Type": "Nested Loop", "Parent Relationship": "Outer", "Join Type": "Inner", "Startup Cost": 0.0, "Total Cost": 37527.17, "Plan Rows": 345008, "Plan Width": 4, "Inner Unique": false, "Join Filter": "(it.id = mi_idx.info_type_id), (LLVM Optimized)", "Plans": [{"Node Type": "Seq Scan", "Parent Relationship": "Outer", "Relation Name": "info_type", "Alias": "it", "Startup Cost": 0.0, "Total Cost": 2.4, "Plan Rows": 1, "Plan Width": 4, "Filter": "((info)::text = 'bottom 10 rank'::text)"}, {"Node Type": "Seq Scan", "Parent Relationship": "Inner", "Relation Name": "movie_info_idx", "Alias": "mi_idx", "Startup Cost": 0.0, "Total Cost": 20274.34, "Plan Rows": 1380034, "Plan Width": 8}]}]}]}]}]}]}, "Unique SQL Id": 2492542741, "Planner Runtime": 2}, "explain_analyze_plan": null}, "(1, 123)": {"explain_plan": {"Plan": {"Node Type": "Aggregate", "Strategy": "Plain", "Startup Cost": 5015944704069.06, "Total Cost": 5015944704069.07, "Plan Rows": 1, "Plan Width": 113, "Plans": [{"Node Type": "Nested Loop", "Parent Relationship": "Outer", "Join Type": "Inner", "Startup Cost": 50000000000.0, "Total Cost": 5015944699284.92, "Plan Rows": 637886, "Plan Width": 45, "Inner Unique": false, "Join Filter": "(mc.movie_id = t.id), (LLVM Optimized)", "Plans": [{"Node Type": "Nested Loop", "Parent Relationship": "Outer", "Join Type": "Inner", "Startup Cost": 20000000000.0, "Total Cost": 2000013744593.91, "Plan Rows": 1304518, "Plan Width": 28, "Inner Unique": true, "Join Filter": "(ct.id = mc.company_type_id), (LLVM Optimized)", "Plans": [{"Node Type": "Index Scan", "Parent Relationship": "Outer", "Scan Direction": "Forward", "Index Name": "movie_id_movie_companies", "Relation Name": "movie_companies", "Alias": "mc", "Startup Cost": 10000000000.0, "Total Cost": 1000013704228.13, "Plan Rows": 2609035, "Plan Width": 32, "Filter": "((note)::text !~~ '%(as Metro-Goldwyn-Mayer Pictures)%'::text), (LLVM Optimized)"}, {"Node Type": "Materialize", "Parent Relationship": "Inner", "Startup Cost": 10000000000.0, "Total Cost": 1000000001230.26, "Plan Rows": 1, "Plan Width": 4, "Plans": [{"Node Type": "Index Scan", "Parent Relationship": "Outer", "Scan Direction": "Forward", "Index Name": "company_type_pkey", "Relation Name": "company_type", "Alias": "ct", "Startup Cost": 10000000000.0, "Total Cost": 1000000001230.25, "Plan Rows": 1, "Plan Width": 4, "Filter": "((kind)::text = 'production companies'::text)"}]}]}, {"Node Type": "Materialize", "Parent Relationship": "Inner", "Startup Cost": 30000000000.0, "Total Cost": 3007167745261.58, "Plan Rows": 447839, "Plan Width": 29, "Plans": [{"Node Type": "Nested Loop", "Parent Relationship": "Outer", "Join Type": "Inner", "Startup Cost": 30000000000.0, "Total Cost": 3007167743022.38, "Plan Rows": 447839, "Plan Width": 29, "Inner Unique": false, "Join Filter": "(mi_idx.movie_id = t.id), (LLVM Optimized)", "Plans": [{"Node Type": "Index Scan", "Parent Relationship": "Outer", "Scan Direction": "Forward", "Index Name": "title_pkey", "Relation Name": "title", "Alias": "t", "Startup Cost": 10000000000.0, "Total Cost": 1000011644126.66, "Plan Rows": 1381886, "Plan Width": 25, "Filter": "(production_year > 2000), (LLVM Optimized)"}, {"Node Type": "Materialize", "Parent Relationship": "Inner", "Startup Cost": 20000000000.0, "Total Cost": 2000004673881.92, "Plan Rows": 345008, "Plan Width": 4, "Plans": [{"Node Type": "Nested Loop", "Parent Relationship": "Outer", "Join Type": "Inner", "Startup Cost": 20000000000.0, "Total Cost": 2000004672156.88, "Plan Rows": 345008, "Plan Width": 4, "Inner Unique": true, "Join Filter": "(it.id = mi_idx.info_type_id), (LLVM Optimized)", "Plans": [{"Node Type": "Index Scan", "Parent Relationship": "Outer", "Scan Direction": "Forward", "Index Name": "movie_id_movie_info_idx", "Relation Name": "movie_info_idx", "Alias": "mi_idx", "Startup Cost": 10000000000.0, "Total Cost": 1000004650035.37, "Plan Rows": 1380034, "Plan Width": 8}, {"Node Type": "Materialize", "Parent Relationship": "Inner", "Startup Cost": 10000000000.0, "Total Cost": 1000000001421.0, "Plan Rows": 1, "Plan Width": 4, "Plans": [{"Node Type": "Index Scan", "Parent Relationship": "Outer", "Scan Direction": "Forward", "Index Name": "info_type_pkey", "Relation Name": "info_type", "Alias": "it", "Startup Cost": 10000000000.0, "Total Cost": 1000000001421.0, "Plan Rows": 1, "Plan Width": 4, "Filter": "((info)::text = 'bottom 10 rank'::text)"}]}]}]}]}]}]}]}, "Unique SQL Id": 2492542741, "Planner Runtime": 2}, "explain_analyze_plan": null}, "(1, 124)": {"explain_plan": {"Plan": {"Node Type": "Aggregate", "Strategy": "Plain", "Startup Cost": 362073.77, "Total Cost": 362073.78, "Plan Rows": 1, "Plan Width": 113, "Plans": [{"Node Type": "Nested Loop", "Parent Relationship": "Outer", "Join Type": "Inner", "Startup Cost": 0.0, "Total Cost": 357289.62, "Plan Rows": 637886, "Plan Width": 45, "Inner Unique": true, "Plans": [{"Node Type": "Nested Loop", "Parent Relationship": "Outer", "Join Type": "Inner", "Startup Cost": 0.0, "Total Cost": 181867.76, "Plan Rows": 501180, "Plan Width": 32, "Inner Unique": false, "Join Filter": "(mc.company_type_id = ct.id), (LLVM Optimized)", "Plans": [{"Node Type": "Seq Scan", "Parent Relationship": "Outer", "Relation Name": "company_type", "Alias": "ct", "Startup Cost": 0.0, "Total Cost": 1.04, "Plan Rows": 1, "Plan Width": 4, "Filter": "((kind)::text = 'production companies'::text)"}, {"Node Type": "Nested Loop", "Parent Relationship": "Inner", "Join Type": "Inner", "Startup Cost": 0.0, "Total Cost": 171503.65, "Plan Rows": 829046, "Plan Width": 36, "Inner Unique": false, "Plans": [{"Node Type": "Nested Loop", "Parent Relationship": "Outer", "Join Type": "Inner", "Startup Cost": 0.0, "Total Cost": 37527.17, "Plan Rows": 345008, "Plan Width": 4, "Inner Unique": false, "Join Filter": "(it.id = mi_idx.info_type_id), (LLVM Optimized)", "Plans": [{"Node Type": "Seq Scan", "Parent Relationship": "Outer", "Relation Name": "info_type", "Alias": "it", "Startup Cost": 0.0, "Total Cost": 2.4, "Plan Rows": 1, "Plan Width": 4, "Filter": "((info)::text = 'bottom 10 rank'::text)"}, {"Node Type": "Seq Scan", "Parent Relationship": "Inner", "Relation Name": "movie_info_idx", "Alias": "mi_idx", "Startup Cost": 0.0, "Total Cost": 20274.34, "Plan Rows": 1380034, "Plan Width": 8}]}, {"Node Type": "Index Scan", "Parent Relationship": "Inner", "Scan Direction": "Forward", "Index Name": "movie_id_movie_companies", "Relation Name": "movie_companies", "Alias": "mc", "Startup Cost": 0.0, "Total Cost": 0.37, "Plan Rows": 2, "Plan Width": 32, "Index Cond": "(movie_id = mi_idx.movie_id)", "Filter": "((note)::text !~~ '%(as Metro-Goldwyn-Mayer Pictures)%'::text)"}]}]}, {"Node Type": "Index Scan", "Parent Relationship": "Inner", "Scan Direction": "Forward", "Index Name": "title_pkey", "Relation Name": "title", "Alias": "t", "Startup Cost": 0.0, "Total Cost": 0.34, "Plan Rows": 1, "Plan Width": 25, "Index Cond": "(id = mc.movie_id)", "Filter": "(production_year > 2000)"}]}]}, "Unique SQL Id": 2492542741, "Planner Runtime": 2}, "explain_analyze_plan": {"Plan": {"Node Type": "Aggregate", "Strategy": "Plain", "Startup Cost": 362073.77, "Total Cost": 362073.78, "Plan Rows": 1, "Plan Width": 113, "Actual Startup Time": 553.61, "Actual Total Time": 553.611, "Actual Rows": 1, "Actual Loops": 1, "Plans": [{"Node Type": "Nested Loop", "Parent Relationship": "Outer", "Join Type": "Inner", "Startup Cost": 0.0, "Total Cost": 357289.62, "Plan Rows": 637886, "Plan Width": 45, "Actual Startup Time": 553.503, "Actual Total Time": 553.578, "Actual Rows": 4, "Actual Loops": 1, "Inner Unique": true, "Plans": [{"Node Type": "Nested Loop", "Parent Relationship": "Outer", "Join Type": "Inner", "Startup Cost": 0.0, "Total Cost": 181867.76, "Plan Rows": 501180, "Plan Width": 32, "Actual Startup Time": 553.378, "Actual Total Time": 553.535, "Actual Rows": 5, "Actual Loops": 1, "Inner Unique": false, "Join Filter": "(mc.company_type_id = ct.id), (LLVM Optimized, Jit Execute)", "Rows Removed by Join Filter": 95, "Plans": [{"Node Type": "Seq Scan", "Parent Relationship": "Outer", "Relation Name": "company_type", "Alias": "ct", "Startup Cost": 0.0, "Total Cost": 1.04, "Plan Rows": 1, "Plan Width": 4, "Actual Startup Time": 0.025, "Actual Total Time": 0.028, "Actual Rows": 1, "Actual Loops": 1, "Filter": "((kind)::text = 'production companies'::text)", "Rows Removed by Filter": 2}, {"Node Type": "Nested Loop", "Parent Relationship": "Inner", "Join Type": "Inner", "Startup Cost": 0.0, "Total Cost": 171503.65, "Plan Rows": 829046, "Plan Width": 36, "Actual Startup Time": 553.266, "Actual Total Time": 553.48, "Actual Rows": 100, "Actual Loops": 1, "Inner Unique": false, "Plans": [{"Node Type": "Nested Loop", "Parent Relationship": "Outer", "Join Type": "Inner", "Startup Cost": 0.0, "Total Cost": 37527.17, "Plan Rows": 345008, "Plan Width": 4, "Actual Startup Time": 553.187, "Actual Total Time": 553.204, "Actual Rows": 10, "Actual Loops": 1, "Inner Unique": false, "Join Filter": "(it.id = mi_idx.info_type_id), (LLVM Optimized, Jit Execute)", "Rows Removed by Join Filter": 1380024, "Plans": [{"Node Type": "Seq Scan", "Parent Relationship": "Outer", "Relation Name": "info_type", "Alias": "it", "Startup Cost": 0.0, "Total Cost": 2.4, "Plan Rows": 1, "Plan Width": 4, "Actual Startup Time": 0.053, "Actual Total Time": 0.059, "Actual Rows": 1, "Actual Loops": 1, "Filter": "((info)::text = 'bottom 10 rank'::text)", "Rows Removed by Filter": 111}, {"Node Type": "Seq Scan", "Parent Relationship": "Inner", "Relation Name": "movie_info_idx", "Alias": "mi_idx", "Startup Cost": 0.0, "Total Cost": 20274.34, "Plan Rows": 1380034, "Plan Width": 8, "Actual Startup Time": 0.03, "Actual Total Time": 293.735, "Actual Rows": 1380034, "Actual Loops": 1}]}, {"Node Type": "Index Scan", "Parent Relationship": "Inner", "Scan Direction": "Forward", "Index Name": "movie_id_movie_companies", "Relation Name": "movie_companies", "Alias": "mc", "Startup Cost": 0.0, "Total Cost": 0.37, "Plan Rows": 2, "Plan Width": 32, "Actual Startup Time": 0.144, "Actual Total Time": 0.23, "Actual Rows": 100, "Actual Loops": 10, "Index Cond": "(movie_id = mi_idx.movie_id)", "Rows Removed by Index Recheck": 0, "Filter": "((note)::text !~~ '%(as Metro-Goldwyn-Mayer Pictures)%'::text)", "Rows Removed by Filter": 20}]}]}, {"Node Type": "Index Scan", "Parent Relationship": "Inner", "Scan Direction": "Forward", "Index Name": "title_pkey", "Relation Name": "title", "Alias": "t", "Startup Cost": 0.0, "Total Cost": 0.34, "Plan Rows": 1, "Plan Width": 25, "Actual Startup Time": 0.037, "Actual Total Time": 0.037, "Actual Rows": 4, "Actual Loops": 5, "Index Cond": "(id = mc.movie_id)", "Rows Removed by Index Recheck": 0, "Filter": "(production_year > 2000)", "Rows Removed by Filter": 1}]}]}, "Triggers": [], "Planner Runtime": 2, "Total Runtime": 563.212, "Unique SQL Id": 2492542741}}, "(1, 125)": {"explain_plan": {"Plan": {"Node Type": "Aggregate", "Strategy": "Plain", "Startup Cost": 362896.07, "Total Cost": 362896.08, "Plan Rows": 1, "Plan Width": 113, "Plans": [{"Node Type": "Nested Loop", "Parent Relationship": "Outer", "Join Type": "Inner", "Startup Cost": 0.0, "Total Cost": 358111.92, "Plan Rows": 637886, "Plan Width": 45, "Inner Unique": true, "Plans": [{"Node Type": "Nested Loop", "Parent Relationship": "Outer", "Join Type": "Inner", "Startup Cost": 0.0, "Total Cost": 182690.06, "Plan Rows": 501180, "Plan Width": 32, "Inner Unique": false, "Join Filter": "(mc.company_type_id = ct.id), (LLVM Optimized)", "Plans": [{"Node Type": "Index Scan", "Parent Relationship": "Outer", "Scan Direction": "Forward", "Index Name": "company_type_pkey", "Relation Name": "company_type", "Alias": "ct", "Startup Cost": 0.0, "Total Cost": 12.3, "Plan Rows": 1, "Plan Width": 4, "Filter": "((kind)::text = 'production companies'::text)"}, {"Node Type": "Nested Loop", "Parent Relationship": "Inner", "Join Type": "Inner", "Startup Cost": 0.0, "Total Cost": 172314.68, "Plan Rows": 829046, "Plan Width": 36, "Inner Unique": false, "Plans": [{"Node Type": "Nested Loop", "Parent Relationship": "Outer", "Join Type": "Inner", "Startup Cost": 0.0, "Total Cost": 38338.2, "Plan Rows": 345008, "Plan Width": 4, "Inner Unique": false, "Plans": [{"Node Type": "Index Scan", "Parent Relationship": "Outer", "Scan Direction": "Forward", "Index Name": "info_type_pkey", "Relation Name": "info_type", "Alias": "it", "Startup Cost": 0.0, "Total Cost": 14.21, "Plan Rows": 1, "Plan Width": 4, "Filter": "((info)::text = 'bottom 10 rank'::text)"}, {"Node Type": "Index Scan", "Parent Relationship": "Inner", "Scan Direction": "Forward", "Index Name": "info_type_id_movie_info_idx", "Relation Name": "movie_info_idx", "Alias": "mi_idx", "Startup Cost": 0.0, "Total Cost": 34873.91, "Plan Rows": 345008, "Plan Width": 8, "Index Cond": "(info_type_id = it.id), (LLVM Optimized)"}]}, {"Node Type": "Index Scan", "Parent Relationship": "Inner", "Scan Direction": "Forward", "Index Name": "movie_id_movie_companies", "Relation Name": "movie_companies", "Alias": "mc", "Startup Cost": 0.0, "Total Cost": 0.37, "Plan Rows": 2, "Plan Width": 32, "Index Cond": "(movie_id = mi_idx.movie_id)", "Filter": "((note)::text !~~ '%(as Metro-Goldwyn-Mayer Pictures)%'::text)"}]}]}, {"Node Type": "Index Scan", "Parent Relationship": "Inner", "Scan Direction": "Forward", "Index Name": "title_pkey", "Relation Name": "title", "Alias": "t", "Startup Cost": 0.0, "Total Cost": 0.34, "Plan Rows": 1, "Plan Width": 25, "Index Cond": "(id = mc.movie_id)", "Filter": "(production_year > 2000)"}]}]}, "Unique SQL Id": 2492542741, "Planner Runtime": 2}, "explain_analyze_plan": {"Plan": {"Node Type": "Aggregate", "Strategy": "Plain", "Startup Cost": 362896.07, "Total Cost": 362896.08, "Plan Rows": 1, "Plan Width": 113, "Actual Startup Time": 0.531, "Actual Total Time": 0.531, "Actual Rows": 1, "Actual Loops": 1, "Plans": [{"Node Type": "Nested Loop", "Parent Relationship": "Outer", "Join Type": "Inner", "Startup Cost": 0.0, "Total Cost": 358111.92, "Plan Rows": 637886, "Plan Width": 45, "Actual Startup Time": 0.428, "Actual Total Time": 0.512, "Actual Rows": 4, "Actual Loops": 1, "Inner Unique": true, "Plans": [{"Node Type": "Nested Loop", "Parent Relationship": "Outer", "Join Type": "Inner", "Startup Cost": 0.0, "Total Cost": 182690.06, "Plan Rows": 501180, "Plan Width": 32, "Actual Startup Time": 0.25, "Actual Total Time": 0.451, "Actual Rows": 5, "Actual Loops": 1, "Inner Unique": false, "Join Filter": "(mc.company_type_id = ct.id), (LLVM Optimized)", "Rows Removed by Join Filter": 95, "Plans": [{"Node Type": "Index Scan", "Parent Relationship": "Outer", "Scan Direction": "Forward", "Index Name": "company_type_pkey", "Relation Name": "company_type", "Alias": "ct", "Startup Cost": 0.0, "Total Cost": 12.3, "Plan Rows": 1, "Plan Width": 4, "Actual Startup Time": 0.027, "Actual Total Time": 0.029, "Actual Rows": 1, "Actual Loops": 1, "Filter": "((kind)::text = 'production companies'::text)", "Rows Removed by Filter": 2}, {"Node Type": "Nested Loop", "Parent Relationship": "Inner", "Join Type": "Inner", "Startup Cost": 0.0, "Total Cost": 172314.68, "Plan Rows": 829046, "Plan Width": 36, "Actual Startup Time": 0.115, "Actual Total Time": 0.396, "Actual Rows": 100, "Actual Loops": 1, "Inner Unique": false, "Plans": [{"Node Type": "Nested Loop", "Parent Relationship": "Outer", "Join Type": "Inner", "Startup Cost": 0.0, "Total Cost": 38338.2, "Plan Rows": 345008, "Plan Width": 4, "Actual Startup Time": 0.09, "Actual Total Time": 0.096, "Actual Rows": 10, "Actual Loops": 1, "Inner Unique": false, "Plans": [{"Node Type": "Index Scan", "Parent Relationship": "Outer", "Scan Direction": "Forward", "Index Name": "info_type_pkey", "Relation Name": "info_type", "Alias": "it", "Startup Cost": 0.0, "Total Cost": 14.21, "Plan Rows": 1, "Plan Width": 4, "Actual Startup Time": 0.068, "Actual Total Time": 0.069, "Actual Rows": 1, "Actual Loops": 1, "Filter": "((info)::text = 'bottom 10 rank'::text)", "Rows Removed by Filter": 111}, {"Node Type": "Index Scan", "Parent Relationship": "Inner", "Scan Direction": "Forward", "Index Name": "info_type_id_movie_info_idx", "Relation Name": "movie_info_idx", "Alias": "mi_idx", "Startup Cost": 0.0, "Total Cost": 34873.91, "Plan Rows": 345008, "Plan Width": 8, "Actual Startup Time": 0.019, "Actual Total Time": 0.022, "Actual Rows": 10, "Actual Loops": 1, "Index Cond": "(info_type_id = it.id), (LLVM Optimized)", "Rows Removed by Index Recheck": 0}]}, {"Node Type": "Index Scan", "Parent Relationship": "Inner", "Scan Direction": "Forward", "Index Name": "movie_id_movie_companies", "Relation Name": "movie_companies", "Alias": "mc", "Startup Cost": 0.0, "Total Cost": 0.37, "Plan Rows": 2, "Plan Width": 32, "Actual Startup Time": 0.16, "Actual Total Time": 0.269, "Actual Rows": 100, "Actual Loops": 10, "Index Cond": "(movie_id = mi_idx.movie_id)", "Rows Removed by Index Recheck": 0, "Filter": "((note)::text !~~ '%(as Metro-Goldwyn-Mayer Pictures)%'::text)", "Rows Removed by Filter": 20}]}]}, {"Node Type": "Index Scan", "Parent Relationship": "Inner", "Scan Direction": "Forward", "Index Name": "title_pkey", "Relation Name": "title", "Alias": "t", "Startup Cost": 0.0, "Total Cost": 0.34, "Plan Rows": 1, "Plan Width": 25, "Actual Startup Time": 0.057, "Actual Total Time": 0.057, "Actual Rows": 4, "Actual Loops": 5, "Index Cond": "(id = mc.movie_id)", "Rows Removed by Index Recheck": 0, "Filter": "(production_year > 2000)", "Rows Removed by Filter": 1}]}]}, "Triggers": [], "Planner Runtime": 2, "Total Runtime": 10.313, "Unique SQL Id": 2492542741}}, "(1, 126)": {"explain_plan": {"Plan": {"Node Type": "Aggregate", "Strategy": "Plain", "Startup Cost": 15914828062.74, "Total Cost": 15914828062.75, "Plan Rows": 1, "Plan Width": 113, "Plans": [{"Node Type": "Nested Loop", "Parent Relationship": "Outer", "Join Type": "Inner", "Startup Cost": 0.0, "Total Cost": 15914823278.6, "Plan Rows": 637886, "Plan Width": 45, "Inner Unique": false, "Join Filter": "(mc.movie_id = t.id), (LLVM Optimized)", "Plans": [{"Node Type": "Nested Loop", "Parent Relationship": "Outer", "Join Type": "Inner", "Startup Cost": 0.0, "Total Cost": 80954.08, "Plan Rows": 1304518, "Plan Width": 28, "Inner Unique": false, "Join Filter": "(ct.id = mc.company_type_id), (LLVM Optimized)", "Plans": [{"Node Type": "Seq Scan", "Parent Relationship": "Outer", "Relation Name": "company_type", "Alias": "ct", "Startup Cost": 0.0, "Total Cost": 1.04, "Plan Rows": 1, "Plan Width": 4, "Filter": "((kind)::text = 'production companies'::text)"}, {"Node Type": "Seq Scan", "Parent Relationship": "Inner", "Relation Name": "movie_companies", "Alias": "mc", "Startup Cost": 0.0, "Total Cost": 48340.1, "Plan Rows": 2609035, "Plan Width": 32, "Filter": "((note)::text !~~ '%(as Metro-Goldwyn-Mayer Pictures)%'::text), (LLVM Optimized)"}]}, {"Node Type": "Materialize", "Parent Relationship": "Inner", "Startup Cost": 0.0, "Total Cost": 7151532895.09, "Plan Rows": 447839, "Plan Width": 29, "Plans": [{"Node Type": "Nested Loop", "Parent Relationship": "Outer", "Join Type": "Inner", "Startup Cost": 0.0, "Total Cost": 7151530655.89, "Plan Rows": 447839, "Plan Width": 29, "Inner Unique": false, "Join Filter": "(mi_idx.movie_id = t.id), (LLVM Optimized)", "Plans": [{"Node Type": "Seq Scan", "Parent Relationship": "Outer", "Relation Name": "title", "Alias": "t", "Startup Cost": 0.0, "Total Cost": 66389.89, "Plan Rows": 1381886, "Plan Width": 25, "Filter": "(production_year > 2000), (LLVM Optimized)"}, {"Node Type": "Materialize", "Parent Relationship": "Inner", "Startup Cost": 0.0, "Total Cost": 39252.21, "Plan Rows": 345008, "Plan Width": 4, "Plans": [{"Node Type": "Nested Loop", "Parent Relationship": "Outer", "Join Type": "Inner", "Startup Cost": 0.0, "Total Cost": 37527.17, "Plan Rows": 345008, "Plan Width": 4, "Inner Unique": false, "Join Filter": "(it.id = mi_idx.info_type_id), (LLVM Optimized)", "Plans": [{"Node Type": "Seq Scan", "Parent Relationship": "Outer", "Relation Name": "info_type", "Alias": "it", "Startup Cost": 0.0, "Total Cost": 2.4, "Plan Rows": 1, "Plan Width": 4, "Filter": "((info)::text = 'bottom 10 rank'::text)"}, {"Node Type": "Seq Scan", "Parent Relationship": "Inner", "Relation Name": "movie_info_idx", "Alias": "mi_idx", "Startup Cost": 0.0, "Total Cost": 20274.34, "Plan Rows": 1380034, "Plan Width": 8}]}]}]}]}]}]}, "Unique SQL Id": 2492542741, "Planner Runtime": 2}, "explain_analyze_plan": null}, "(1, 127)": {"explain_plan": {"Plan": {"Node Type": "Aggregate", "Strategy": "Plain", "Startup Cost": 5015944704069.06, "Total Cost": 5015944704069.07, "Plan Rows": 1, "Plan Width": 113, "Plans": [{"Node Type": "Nested Loop", "Parent Relationship": "Outer", "Join Type": "Inner", "Startup Cost": 50000000000.0, "Total Cost": 5015944699284.92, "Plan Rows": 637886, "Plan Width": 45, "Inner Unique": false, "Join Filter": "(mc.movie_id = t.id), (LLVM Optimized)", "Plans": [{"Node Type": "Nested Loop", "Parent Relationship": "Outer", "Join Type": "Inner", "Startup Cost": 20000000000.0, "Total Cost": 2000013744593.91, "Plan Rows": 1304518, "Plan Width": 28, "Inner Unique": true, "Join Filter": "(ct.id = mc.company_type_id), (LLVM Optimized)", "Plans": [{"Node Type": "Index Scan", "Parent Relationship": "Outer", "Scan Direction": "Forward", "Index Name": "movie_id_movie_companies", "Relation Name": "movie_companies", "Alias": "mc", "Startup Cost": 10000000000.0, "Total Cost": 1000013704228.13, "Plan Rows": 2609035, "Plan Width": 32, "Filter": "((note)::text !~~ '%(as Metro-Goldwyn-Mayer Pictures)%'::text), (LLVM Optimized)"}, {"Node Type": "Materialize", "Parent Relationship": "Inner", "Startup Cost": 10000000000.0, "Total Cost": 1000000001230.26, "Plan Rows": 1, "Plan Width": 4, "Plans": [{"Node Type": "Index Scan", "Parent Relationship": "Outer", "Scan Direction": "Forward", "Index Name": "company_type_pkey", "Relation Name": "company_type", "Alias": "ct", "Startup Cost": 10000000000.0, "Total Cost": 1000000001230.25, "Plan Rows": 1, "Plan Width": 4, "Filter": "((kind)::text = 'production companies'::text)"}]}]}, {"Node Type": "Materialize", "Parent Relationship": "Inner", "Startup Cost": 30000000000.0, "Total Cost": 3007167745261.58, "Plan Rows": 447839, "Plan Width": 29, "Plans": [{"Node Type": "Nested Loop", "Parent Relationship": "Outer", "Join Type": "Inner", "Startup Cost": 30000000000.0, "Total Cost": 3007167743022.38, "Plan Rows": 447839, "Plan Width": 29, "Inner Unique": false, "Join Filter": "(mi_idx.movie_id = t.id), (LLVM Optimized)", "Plans": [{"Node Type": "Index Scan", "Parent Relationship": "Outer", "Scan Direction": "Forward", "Index Name": "title_pkey", "Relation Name": "title", "Alias": "t", "Startup Cost": 10000000000.0, "Total Cost": 1000011644126.66, "Plan Rows": 1381886, "Plan Width": 25, "Filter": "(production_year > 2000), (LLVM Optimized)"}, {"Node Type": "Materialize", "Parent Relationship": "Inner", "Startup Cost": 20000000000.0, "Total Cost": 2000004673881.92, "Plan Rows": 345008, "Plan Width": 4, "Plans": [{"Node Type": "Nested Loop", "Parent Relationship": "Outer", "Join Type": "Inner", "Startup Cost": 20000000000.0, "Total Cost": 2000004672156.88, "Plan Rows": 345008, "Plan Width": 4, "Inner Unique": true, "Join Filter": "(it.id = mi_idx.info_type_id), (LLVM Optimized)", "Plans": [{"Node Type": "Index Scan", "Parent Relationship": "Outer", "Scan Direction": "Forward", "Index Name": "movie_id_movie_info_idx", "Relation Name": "movie_info_idx", "Alias": "mi_idx", "Startup Cost": 10000000000.0, "Total Cost": 1000004650035.37, "Plan Rows": 1380034, "Plan Width": 8}, {"Node Type": "Materialize", "Parent Relationship": "Inner", "Startup Cost": 10000000000.0, "Total Cost": 1000000001421.0, "Plan Rows": 1, "Plan Width": 4, "Plans": [{"Node Type": "Index Scan", "Parent Relationship": "Outer", "Scan Direction": "Forward", "Index Name": "info_type_pkey", "Relation Name": "info_type", "Alias": "it", "Startup Cost": 10000000000.0, "Total Cost": 1000000001421.0, "Plan Rows": 1, "Plan Width": 4, "Filter": "((info)::text = 'bottom 10 rank'::text)"}]}]}]}]}]}]}]}, "Unique SQL Id": 2492542741, "Planner Runtime": 2}, "explain_analyze_plan": null}, "(16, 0)": {"explain_plan": {"Plan": {"Node Type": "Aggregate", "Strategy": "Plain", "Startup Cost": 160574.31, "Total Cost": 160574.34, "Plan Rows": 1, "Plan Width": 113, "Plans": [{"Node Type": "Streaming(type: LOCAL GATHER dop: 1/16)", "Parent Relationship": "Outer", "Startup Cost": 160574.31, "Total Cost": 160574.34, "Plan Rows": 1, "Plan Width": 113, "Plans": [{"Node Type": "Aggregate", "Strategy": "Plain", "Parent Relationship": "Outer", "Startup Cost": 160574.31, "Total Cost": 160574.32, "Plan Rows": 1, "Plan Width": 113, "Plans": [{"Node Type": "Hash Join", "Parent Relationship": "Outer", "Join Type": "Inner", "Startup Cost": 75437.67, "Total Cost": 155695.12, "Plan Rows": 650559, "Plan Width": 45, "Inner Unique": false, "Hash Cond": "(t.id = mc.movie_id), (LLVM Optimized)", "Plans": [{"Node Type": "Streaming(type: LOCAL REDISTRIBUTE dop: 16/16)", "Parent Relationship": "Outer", "Startup Cost": 20228.97, "Total Cost": 99863.53, "Plan Rows": 447839, "Plan Width": 29, "Plans": [{"Node Type": "Hash Join", "Parent Relationship": "Outer", "Join Type": "Inner", "Startup Cost": 20228.97, "Total Cost": 83166.64, "Plan Rows": 447839, "Plan Width": 29, "Inner Unique": true, "Hash Cond": "(mi_idx.movie_id = t.id), (LLVM Optimized)", "Plans": [{"Node Type": "Streaming(type: BROADCAST dop: 16/16)", "Parent Relationship": "Outer", "Startup Cost": 0.0, "Total Cost": 61363.99, "Plan Rows": 5520128, "Plan Width": 4, "Plans": [{"Node Type": "Nested Loop", "Parent Relationship": "Outer", "Join Type": "Inner", "Startup Cost": 0.0, "Total Cost": 32348.04, "Plan Rows": 345008, "Plan Width": 4, "Inner Unique": false, "Join Filter": "(it.id = mi_idx.info_type_id), (LLVM Optimized)", "Plans": [{"Node Type": "Streaming(type: BROADCAST dop: 16/1)", "Parent Relationship": "Outer", "Startup Cost": 0.0, "Total Cost": 15002.75, "Plan Rows": 16, "Plan Width": 4, "Plans": [{"Node Type": "Seq Scan", "Parent Relationship": "Outer", "Relation Name": "info_type", "Alias": "it", "Startup Cost": 0.0, "Total Cost": 2.4, "Plan Rows": 1, "Plan Width": 4, "Filter": "((info)::text = 'bottom 10 rank'::text)"}]}, {"Node Type": "Seq Scan", "Parent Relationship": "Inner", "Relation Name": "movie_info_idx", "Alias": "mi_idx", "Startup Cost": 0.0, "Total Cost": 16267.15, "Plan Rows": 1380034, "Plan Width": 8}]}]}, {"Node Type": "Hash", "Parent Relationship": "Inner", "Startup Cost": 19149.37, "Total Cost": 19149.37, "Plan Rows": 1381886, "Plan Width": 25, "Plans": [{"Node Type": "Seq Scan", "Parent Relationship": "Outer", "Relation Name": "title", "Alias": "t", "Startup Cost": 0.0, "Total Cost": 19149.37, "Plan Rows": 1381886, "Plan Width": 25, "Filter": "(production_year > 2000), (LLVM Optimized)"}]}]}]}, {"Node Type": "Hash", "Parent Relationship": "Inner", "Startup Cost": 54189.55, "Total Cost": 54189.55, "Plan Rows": 1304518, "Plan Width": 28, "Plans": [{"Node Type": "Streaming(type: LOCAL REDISTRIBUTE dop: 16/16)", "Parent Relationship": "Outer", "Startup Cost": 15001.4, "Total Cost": 54189.55, "Plan Rows": 1304518, "Plan Width": 28, "Plans": [{"Node Type": "Hash Join", "Parent Relationship": "Outer", "Join Type": "Inner", "Startup Cost": 15001.4, "Total Cost": 34246.65, "Plan Rows": 1304518, "Plan Width": 28, "Inner Unique": true, "Hash Cond": "(mc.company_type_id = ct.id), (LLVM Optimized)", "Plans": [{"Node Type": "Seq Scan", "Parent Relationship": "Outer", "Relation Name": "movie_companies", "Alias": "mc", "Startup Cost": 0.0, "Total Cost": 18021.26, "Plan Rows": 2609035, "Plan Width": 32, "Filter": "((note)::text !~~ '%(as Metro-Goldwyn-Mayer Pictures)%'::text), (LLVM Optimized)"}, {"Node Type": "Hash", "Parent Relationship": "Inner", "Startup Cost": 15001.38, "Total Cost": 15001.38, "Plan Rows": 16, "Plan Width": 4, "Plans": [{"Node Type": "Streaming(type: BROADCAST dop: 16/1)", "Parent Relationship": "Outer", "Startup Cost": 0.0, "Total Cost": 15001.38, "Plan Rows": 16, "Plan Width": 4, "Plans": [{"Node Type": "Seq Scan", "Parent Relationship": "Outer", "Relation Name": "company_type", "Alias": "ct", "Startup Cost": 0.0, "Total Cost": 1.04, "Plan Rows": 1, "Plan Width": 4, "Filter": "((kind)::text = 'production companies'::text)"}]}]}]}]}]}]}]}]}]}, "Unique SQL Id": 2492542741, "Planner Runtime": 24}, "explain_analyze_plan": {"Plan": {"Node Type": "Aggregate", "Strategy": "Plain", "Startup Cost": 160574.31, "Total Cost": 160574.34, "Plan Rows": 1, "Plan Width": 113, "Actual Min Startup Time": 294.631, "Actual Max Startup Time": 294.631, "Actual Min Total Time": 294.631, "Actual Max Total Time": 294.631, "Plans": [{"Node Type": "Streaming(type: LOCAL GATHER dop: 1/16)", "Parent Relationship": "Outer", "Startup Cost": 160574.31, "Total Cost": 160574.34, "Plan Rows": 1, "Plan Width": 113, "Actual Min Startup Time": 294.32, "Actual Max Startup Time": 294.32, "Actual Min Total Time": 294.607, "Actual Max Total Time": 294.607, "Plans": [{"Node Type": "Aggregate", "Strategy": "Plain", "Parent Relationship": "Outer", "Startup Cost": 160574.31, "Total Cost": 160574.32, "Plan Rows": 1, "Plan Width": 113, "Actual Min Startup Time": 93.315, "Actual Max Startup Time": 144.24, "Actual Min Total Time": 93.315, "Actual Max Total Time": 144.24, "Plans": [{"Node Type": "Hash Join", "Parent Relationship": "Outer", "Join Type": "Inner", "Startup Cost": 75437.67, "Total Cost": 155695.12, "Plan Rows": 650559, "Plan Width": 45, "Actual Min Startup Time": 93.31, "Actual Max Startup Time": 144.232, "Actual Min Total Time": 93.31, "Actual Max Total Time": 144.232, "Inner Unique": false, "Hash Cond": "(t.id = mc.movie_id), (LLVM Optimized)", "Plans": [{"Node Type": "Streaming(type: LOCAL REDISTRIBUTE dop: 16/16)", "Parent Relationship": "Outer", "Startup Cost": 20228.97, "Total Cost": 99863.53, "Plan Rows": 447839, "Plan Width": 29, "Actual Min Startup Time": 0.026, "Actual Max Startup Time": 2.09, "Actual Min Total Time": 2.001, "Actual Max Total Time": 2.09, "Plans": [{"Node Type": "Hash Join", "Parent Relationship": "Outer", "Join Type": "Inner", "Startup Cost": 20228.97, "Total Cost": 83166.64, "Plan Rows": 447839, "Plan Width": 29, "Actual Min Startup Time": 89.837, "Actual Max Startup Time": 98.162, "Actual Min Total Time": 89.837, "Actual Max Total Time": 98.162, "Inner Unique": true, "Hash Cond": "(mi_idx.movie_id = t.id), (LLVM Optimized)", "Plans": [{"Node Type": "Streaming(type: BROADCAST dop: 16/16)", "Parent Relationship": "Outer", "Startup Cost": 0.0, "Total Cost": 61363.99, "Plan Rows": 5520128, "Plan Width": 4, "Actual Min Startup Time": 0.026, "Actual Max Startup Time": 0.057, "Actual Min Total Time": 0.028, "Actual Max Total Time": 0.059, "Plans": [{"Node Type": "Nested Loop", "Parent Relationship": "Outer", "Join Type": "Inner", "Startup Cost": 0.0, "Total Cost": 32348.04, "Plan Rows": 345008, "Plan Width": 4, "Actual Min Startup Time": 34.818, "Actual Max Startup Time": 48.797, "Actual Min Total Time": 34.818, "Actual Max Total Time": 48.797, "Inner Unique": false, "Join Filter": "(it.id = mi_idx.info_type_id), (LLVM Optimized)", "Rows Removed by Join Filter": 1380024, "Plans": [{"Node Type": "Streaming(type: BROADCAST dop: 16/1)", "Parent Relationship": "Outer", "Startup Cost": 0.0, "Total Cost": 15002.75, "Plan Rows": 16, "Plan Width": 4, "Actual Min Startup Time": 0.003, "Actual Max Startup Time": 11.925, "Actual Min Total Time": 0.004, "Actual Max Total Time": 11.925, "Plans": [{"Node Type": "Seq Scan", "Parent Relationship": "Outer", "Relation Name": "info_type", "Alias": "it", "Startup Cost": 0.0, "Total Cost": 2.4, "Plan Rows": 1, "Plan Width": 4, "Actual Min Startup Time": 0.077, "Actual Max Startup Time": 0.077, "Actual Min Total Time": 0.081, "Actual Max Total Time": 0.081, "Filter": "((info)::text = 'bottom 10 rank'::text)", "Rows Removed by Filter": 111, "Actual Rows": 1}], "Actual Rows": 16}, {"Node Type": "Seq Scan", "Parent Relationship": "Inner", "Relation Name": "movie_info_idx", "Alias": "mi_idx", "Startup Cost": 0.0, "Total Cost": 16267.15, "Plan Rows": 1380034, "Plan Width": 8, "Actual Min Startup Time": 0.037, "Actual Max Startup Time": 0.099, "Actual Min Total Time": 18.623, "Actual Max Total Time": 22.145, "Actual Rows": 1380034}], "Actual Rows": 10}], "Actual Rows": 160}, {"Node Type": "Hash", "Parent Relationship": "Inner", "Startup Cost": 19149.37, "Total Cost": 19149.37, "Plan Rows": 1381886, "Plan Width": 25, "Actual Min Startup Time": 89.69, "Actual Max Startup Time": 97.992, "Actual Min Total Time": 89.69, "Actual Max Total Time": 97.992, "Max Hash Buckets": 131072, "Min Hash Buckets": 131072, "Max Hash Batches": 1, "Min Hash Batches": 1, "Max Original Hash Batches": 1, "Min Original Hash Batches": 1, "Max Peak Memory Usage": 5066, "min Peak Memory Usage": 5066, "Plans": [{"Node Type": "Seq Scan", "Parent Relationship": "Outer", "Relation Name": "title", "Alias": "t", "Startup Cost": 0.0, "Total Cost": 19149.37, "Plan Rows": 1381886, "Plan Width": 25, "Actual Min Startup Time": 0.027, "Actual Max Startup Time": 0.045, "Actual Min Total Time": 61.934, "Actual Max Total Time": 69.455, "Filter": "(production_year > 2000), (LLVM Optimized)", "Rows Removed by Filter": 1146858, "Actual Rows": 1381453}], "Actual Rows": 1381453}], "Actual Rows": 6}], "Actual Rows": 6}, {"Node Type": "Hash", "Parent Relationship": "Inner", "Startup Cost": 54189.55, "Total Cost": 54189.55, "Plan Rows": 1304518, "Plan Width": 28, "Actual Min Startup Time": 91.078, "Actual Max Startup Time": 142.008, "Actual Min Total Time": 91.078, "Actual Max Total Time": 142.008, "Max Hash Buckets": 131072, "Min Hash Buckets": 131072, "Max Hash Batches": 1, "Min Hash Batches": 1, "Max Original Hash Batches": 1, "Min Original Hash Batches": 1, "Max Peak Memory Usage": 494, "min Peak Memory Usage": 494, "Plans": [{"Node Type": "Streaming(type: LOCAL REDISTRIBUTE dop: 16/16)", "Parent Relationship": "Outer", "Startup Cost": 15001.4, "Total Cost": 54189.55, "Plan Rows": 1304518, "Plan Width": 28, "Actual Min Startup Time": 0.052, "Actual Max Startup Time": 49.718, "Actual Min Total Time": 88.056, "Actual Max Total Time": 138.917, "Plans": [{"Node Type": "Hash Join", "Parent Relationship": "Outer", "Join Type": "Inner", "Startup Cost": 15001.4, "Total Cost": 34246.65, "Plan Rows": 1304518, "Plan Width": 28, "Actual Min Startup Time": 48.49, "Actual Max Startup Time": 55.874, "Actual Min Total Time": 72.267, "Actual Max Total Time": 83.096, "Inner Unique": true, "Hash Cond": "(mc.company_type_id = ct.id), (LLVM Optimized)", "Plans": [{"Node Type": "Seq Scan", "Parent Relationship": "Outer", "Relation Name": "movie_companies", "Alias": "mc", "Startup Cost": 0.0, "Total Cost": 18021.26, "Plan Rows": 2609035, "Plan Width": 32, "Actual Min Startup Time": 0.03, "Actual Max Startup Time": 0.052, "Actual Min Total Time": 57.433, "Actual Max Total Time": 64.847, "Filter": "((note)::text !~~ '%(as Metro-Goldwyn-Mayer Pictures)%'::text), (LLVM Optimized)", "Rows Removed by Filter": 1272041, "Actual Rows": 1337087}, {"Node Type": "Hash", "Parent Relationship": "Inner", "Startup Cost": 15001.38, "Total Cost": 15001.38, "Plan Rows": 16, "Plan Width": 4, "Actual Min Startup Time": 0.012, "Actual Max Startup Time": 0.027, "Actual Min Total Time": 0.012, "Actual Max Total Time": 0.027, "Max Hash Buckets": 32768, "Min Hash Buckets": 32768, "Max Hash Batches": 1, "Min Hash Batches": 1, "Max Original Hash Batches": 1, "Min Original Hash Batches": 1, "Max Peak Memory Usage": 1, "min Peak Memory Usage": 1, "Plans": [{"Node Type": "Streaming(type: BROADCAST dop: 16/1)", "Parent Relationship": "Outer", "Startup Cost": 0.0, "Total Cost": 15001.38, "Plan Rows": 16, "Plan Width": 4, "Actual Min Startup Time": 0.003, "Actual Max Startup Time": 0.008, "Actual Min Total Time": 0.003, "Actual Max Total Time": 0.009, "Plans": [{"Node Type": "Seq Scan", "Parent Relationship": "Outer", "Relation Name": "company_type", "Alias": "ct", "Startup Cost": 0.0, "Total Cost": 1.04, "Plan Rows": 1, "Plan Width": 4, "Actual Min Startup Time": 0.034, "Actual Max Startup Time": 0.034, "Actual Min Total Time": 0.037, "Actual Max Total Time": 0.037, "Filter": "((kind)::text = 'production companies'::text)", "Rows Removed by Filter": 2, "Actual Rows": 1}], "Actual Rows": 16}], "Actual Rows": 16}], "Actual Rows": 140904}], "Actual Rows": 140904}], "Actual Rows": 140904}], "Actual Rows": 4}], "Actual Rows": 16}], "Actual Rows": 16}], "Actual Rows": 1}, "Triggers": [], "Planner Runtime": 22, "Total Runtime": 318.495, "Unique SQL Id": 2492542741}}, "(16, 1)": {"explain_plan": {"Plan": {"Node Type": "Aggregate", "Strategy": "Plain", "Startup Cost": 285694.99, "Total Cost": 285695.01, "Plan Rows": 1, "Plan Width": 113, "Plans": [{"Node Type": "Streaming(type: LOCAL GATHER dop: 1/16)", "Parent Relationship": "Outer", "Startup Cost": 285694.99, "Total Cost": 285695.01, "Plan Rows": 1, "Plan Width": 113, "Plans": [{"Node Type": "Aggregate", "Strategy": "Plain", "Parent Relationship": "Outer", "Startup Cost": 285694.99, "Total Cost": 285695.0, "Plan Rows": 1, "Plan Width": 113, "Plans": [{"Node Type": "Hash Join", "Parent Relationship": "Outer", "Join Type": "Inner", "Startup Cost": 136172.58, "Total Cost": 280815.79, "Plan Rows": 650559, "Plan Width": 45, "Inner Unique": false, "Hash Cond": "(t.id = mi_idx.movie_id), (LLVM Optimized)", "Plans": [{"Node Type": "Streaming(type: LOCAL REDISTRIBUTE dop: 16/16)", "Parent Relationship": "Outer", "Startup Cost": 123128.27, "Total Cost": 267031.63, "Plan Rows": 1693335, "Plan Width": 53, "Plans": [{"Node Type": "Hash Join", "Parent Relationship": "Outer", "Join Type": "Inner", "Startup Cost": 123128.27, "Total Cost": 245615.48, "Plan Rows": 1693335, "Plan Width": 53, "Inner Unique": true, "Hash Cond": "(mc.movie_id = t.id), (LLVM Optimized)", "Plans": [{"Node Type": "Streaming(type: LOCAL REDISTRIBUTE dop: 16/16)", "Parent Relationship": "Outer", "Startup Cost": 0.0, "Total Cost": 121123.13, "Plan Rows": 1304518, "Plan Width": 28, "Plans": [{"Node Type": "Nested Loop", "Parent Relationship": "Outer", "Join Type": "Inner", "Startup Cost": 0.0, "Total Cost": 101180.23, "Plan Rows": 1304518, "Plan Width": 28, "Inner Unique": false, "Join Filter": "(ct.id = mc.company_type_id), (LLVM Optimized)", "Plans": [{"Node Type": "Streaming(type: BROADCAST dop: 16/1)", "Parent Relationship": "Outer", "Startup Cost": 0.0, "Total Cost": 15012.65, "Plan Rows": 16, "Plan Width": 4, "Plans": [{"Node Type": "Index Scan", "Parent Relationship": "Outer", "Scan Direction": "Forward", "Index Name": "company_type_pkey", "Relation Name": "company_type", "Alias": "ct", "Startup Cost": 0.0, "Total Cost": 12.3, "Plan Rows": 1, "Plan Width": 4, "Filter": "((kind)::text = 'production companies'::text)"}]}, {"Node Type": "Index Scan", "Parent Relationship": "Inner", "Scan Direction": "Forward", "Index Name": "company_type_id_movie_companies", "Relation Name": "movie_companies", "Alias": "mc", "Startup Cost": 0.0, "Total Cost": 84129.27, "Plan Rows": 2609035, "Plan Width": 32, "Filter": "((note)::text !~~ '%(as Metro-Goldwyn-Mayer Pictures)%'::text), (LLVM Optimized)"}]}]}, {"Node Type": "Hash", "Parent Relationship": "Inner", "Startup Cost": 122048.67, "Total Cost": 122048.67, "Plan Rows": 1381886, "Plan Width": 25, "Plans": [{"Node Type": "Streaming(type: LOCAL REDISTRIBUTE dop: 16/16)", "Parent Relationship": "Outer", "Startup Cost": 0.0, "Total Cost": 122048.67, "Plan Rows": 1381886, "Plan Width": 25, "Plans": [{"Node Type": "Index Scan", "Parent Relationship": "Outer", "Scan Direction": "Forward", "Index Name": "title_pkey", "Relation Name": "title", "Alias": "t", "Startup Cost": 0.0, "Total Cost": 101812.62, "Plan Rows": 1381886, "Plan Width": 25, "Filter": "(production_year > 2000), (LLVM Optimized)"}]}]}]}]}, {"Node Type": "Hash", "Parent Relationship": "Inner", "Startup Cost": 51099.09, "Total Cost": 51099.09, "Plan Rows": 345008, "Plan Width": 4, "Plans": [{"Node Type": "Streaming(type: LOCAL REDISTRIBUTE dop: 16/1)", "Parent Relationship": "Outer", "Startup Cost": 7502.06, "Total Cost": 51099.09, "Plan Rows": 345008, "Plan Width": 4, "Plans": [{"Node Type": "Nested Loop", "Parent Relationship": "Outer", "Join Type": "Inner", "Startup Cost": 7502.06, "Total Cost": 21752.95, "Plan Rows": 345008, "Plan Width": 4, "Inner Unique": false, "Plans": [{"Node Type": "Index Scan", "Parent Relationship": "Outer", "Scan Direction": "Forward", "Index Name": "info_type_pkey", "Relation Name": "info_type", "Alias": "it", "Startup Cost": 0.0, "Total Cost": 14.21, "Plan Rows": 1, "Plan Width": 4, "Filter": "((info)::text = 'bottom 10 rank'::text)"}, {"Node Type": "Bitmap Heap Scan", "Parent Relationship": "Inner", "Relation Name": "movie_info_idx", "Alias": "mi_idx", "Startup Cost": 7502.06, "Total Cost": 18288.66, "Plan Rows": 345008, "Plan Width": 8, "Recheck Cond": "(info_type_id = it.id), (LLVM Optimized)", "Plans": [{"Node Type": "Bitmap Index Scan", "Parent Relationship": "Outer", "Index Name": "info_type_id_movie_info_idx", "Startup Cost": 0.0, "Total Cost": 7415.81, "Plan Rows": 345008, "Plan Width": 0, "Index Cond": "(info_type_id = it.id)"}]}]}]}]}]}]}]}]}, "Unique SQL Id": 2492542741, "Planner Runtime": 20}, "explain_analyze_plan": null}, "(16, 2)": {"explain_plan": {"Plan": {"Node Type": "Aggregate", "Strategy": "Plain", "Startup Cost": 160574.31, "Total Cost": 160574.34, "Plan Rows": 1, "Plan Width": 113, "Plans": [{"Node Type": "Streaming(type: LOCAL GATHER dop: 1/16)", "Parent Relationship": "Outer", "Startup Cost": 160574.31, "Total Cost": 160574.34, "Plan Rows": 1, "Plan Width": 113, "Plans": [{"Node Type": "Aggregate", "Strategy": "Plain", "Parent Relationship": "Outer", "Startup Cost": 160574.31, "Total Cost": 160574.32, "Plan Rows": 1, "Plan Width": 113, "Plans": [{"Node Type": "Hash Join", "Parent Relationship": "Outer", "Join Type": "Inner", "Startup Cost": 75437.67, "Total Cost": 155695.12, "Plan Rows": 650559, "Plan Width": 45, "Inner Unique": false, "Hash Cond": "(t.id = mc.movie_id), (LLVM Optimized)", "Plans": [{"Node Type": "Streaming(type: LOCAL REDISTRIBUTE dop: 16/16)", "Parent Relationship": "Outer", "Startup Cost": 20228.97, "Total Cost": 99863.53, "Plan Rows": 447839, "Plan Width": 29, "Plans": [{"Node Type": "Hash Join", "Parent Relationship": "Outer", "Join Type": "Inner", "Startup Cost": 20228.97, "Total Cost": 83166.64, "Plan Rows": 447839, "Plan Width": 29, "Inner Unique": true, "Hash Cond": "(mi_idx.movie_id = t.id), (LLVM Optimized)", "Plans": [{"Node Type": "Streaming(type: BROADCAST dop: 16/16)", "Parent Relationship": "Outer", "Startup Cost": 0.0, "Total Cost": 61363.99, "Plan Rows": 5520128, "Plan Width": 4, "Plans": [{"Node Type": "Nested Loop", "Parent Relationship": "Outer", "Join Type": "Inner", "Startup Cost": 0.0, "Total Cost": 32348.04, "Plan Rows": 345008, "Plan Width": 4, "Inner Unique": false, "Join Filter": "(it.id = mi_idx.info_type_id), (LLVM Optimized)", "Plans": [{"Node Type": "Streaming(type: BROADCAST dop: 16/1)", "Parent Relationship": "Outer", "Startup Cost": 0.0, "Total Cost": 15002.75, "Plan Rows": 16, "Plan Width": 4, "Plans": [{"Node Type": "Seq Scan", "Parent Relationship": "Outer", "Relation Name": "info_type", "Alias": "it", "Startup Cost": 0.0, "Total Cost": 2.4, "Plan Rows": 1, "Plan Width": 4, "Filter": "((info)::text = 'bottom 10 rank'::text)"}]}, {"Node Type": "Seq Scan", "Parent Relationship": "Inner", "Relation Name": "movie_info_idx", "Alias": "mi_idx", "Startup Cost": 0.0, "Total Cost": 16267.15, "Plan Rows": 1380034, "Plan Width": 8}]}]}, {"Node Type": "Hash", "Parent Relationship": "Inner", "Startup Cost": 19149.37, "Total Cost": 19149.37, "Plan Rows": 1381886, "Plan Width": 25, "Plans": [{"Node Type": "Seq Scan", "Parent Relationship": "Outer", "Relation Name": "title", "Alias": "t", "Startup Cost": 0.0, "Total Cost": 19149.37, "Plan Rows": 1381886, "Plan Width": 25, "Filter": "(production_year > 2000), (LLVM Optimized)"}]}]}]}, {"Node Type": "Hash", "Parent Relationship": "Inner", "Startup Cost": 54189.55, "Total Cost": 54189.55, "Plan Rows": 1304518, "Plan Width": 28, "Plans": [{"Node Type": "Streaming(type: LOCAL REDISTRIBUTE dop: 16/16)", "Parent Relationship": "Outer", "Startup Cost": 15001.4, "Total Cost": 54189.55, "Plan Rows": 1304518, "Plan Width": 28, "Plans": [{"Node Type": "Hash Join", "Parent Relationship": "Outer", "Join Type": "Inner", "Startup Cost": 15001.4, "Total Cost": 34246.65, "Plan Rows": 1304518, "Plan Width": 28, "Inner Unique": true, "Hash Cond": "(mc.company_type_id = ct.id), (LLVM Optimized)", "Plans": [{"Node Type": "Seq Scan", "Parent Relationship": "Outer", "Relation Name": "movie_companies", "Alias": "mc", "Startup Cost": 0.0, "Total Cost": 18021.26, "Plan Rows": 2609035, "Plan Width": 32, "Filter": "((note)::text !~~ '%(as Metro-Goldwyn-Mayer Pictures)%'::text), (LLVM Optimized)"}, {"Node Type": "Hash", "Parent Relationship": "Inner", "Startup Cost": 15001.38, "Total Cost": 15001.38, "Plan Rows": 16, "Plan Width": 4, "Plans": [{"Node Type": "Streaming(type: BROADCAST dop: 16/1)", "Parent Relationship": "Outer", "Startup Cost": 0.0, "Total Cost": 15001.38, "Plan Rows": 16, "Plan Width": 4, "Plans": [{"Node Type": "Seq Scan", "Parent Relationship": "Outer", "Relation Name": "company_type", "Alias": "ct", "Startup Cost": 0.0, "Total Cost": 1.04, "Plan Rows": 1, "Plan Width": 4, "Filter": "((kind)::text = 'production companies'::text)"}]}]}]}]}]}]}]}]}]}, "Unique SQL Id": 2492542741, "Planner Runtime": 24}, "explain_analyze_plan": {"Plan": {"Node Type": "Aggregate", "Strategy": "Plain", "Startup Cost": 160574.31, "Total Cost": 160574.34, "Plan Rows": 1, "Plan Width": 113, "Actual Min Startup Time": 294.631, "Actual Max Startup Time": 294.631, "Actual Min Total Time": 294.631, "Actual Max Total Time": 294.631, "Plans": [{"Node Type": "Streaming(type: LOCAL GATHER dop: 1/16)", "Parent Relationship": "Outer", "Startup Cost": 160574.31, "Total Cost": 160574.34, "Plan Rows": 1, "Plan Width": 113, "Actual Min Startup Time": 294.32, "Actual Max Startup Time": 294.32, "Actual Min Total Time": 294.607, "Actual Max Total Time": 294.607, "Plans": [{"Node Type": "Aggregate", "Strategy": "Plain", "Parent Relationship": "Outer", "Startup Cost": 160574.31, "Total Cost": 160574.32, "Plan Rows": 1, "Plan Width": 113, "Actual Min Startup Time": 93.315, "Actual Max Startup Time": 144.24, "Actual Min Total Time": 93.315, "Actual Max Total Time": 144.24, "Plans": [{"Node Type": "Hash Join", "Parent Relationship": "Outer", "Join Type": "Inner", "Startup Cost": 75437.67, "Total Cost": 155695.12, "Plan Rows": 650559, "Plan Width": 45, "Actual Min Startup Time": 93.31, "Actual Max Startup Time": 144.232, "Actual Min Total Time": 93.31, "Actual Max Total Time": 144.232, "Inner Unique": false, "Hash Cond": "(t.id = mc.movie_id), (LLVM Optimized)", "Plans": [{"Node Type": "Streaming(type: LOCAL REDISTRIBUTE dop: 16/16)", "Parent Relationship": "Outer", "Startup Cost": 20228.97, "Total Cost": 99863.53, "Plan Rows": 447839, "Plan Width": 29, "Actual Min Startup Time": 0.026, "Actual Max Startup Time": 2.09, "Actual Min Total Time": 2.001, "Actual Max Total Time": 2.09, "Plans": [{"Node Type": "Hash Join", "Parent Relationship": "Outer", "Join Type": "Inner", "Startup Cost": 20228.97, "Total Cost": 83166.64, "Plan Rows": 447839, "Plan Width": 29, "Actual Min Startup Time": 89.837, "Actual Max Startup Time": 98.162, "Actual Min Total Time": 89.837, "Actual Max Total Time": 98.162, "Inner Unique": true, "Hash Cond": "(mi_idx.movie_id = t.id), (LLVM Optimized)", "Plans": [{"Node Type": "Streaming(type: BROADCAST dop: 16/16)", "Parent Relationship": "Outer", "Startup Cost": 0.0, "Total Cost": 61363.99, "Plan Rows": 5520128, "Plan Width": 4, "Actual Min Startup Time": 0.026, "Actual Max Startup Time": 0.057, "Actual Min Total Time": 0.028, "Actual Max Total Time": 0.059, "Plans": [{"Node Type": "Nested Loop", "Parent Relationship": "Outer", "Join Type": "Inner", "Startup Cost": 0.0, "Total Cost": 32348.04, "Plan Rows": 345008, "Plan Width": 4, "Actual Min Startup Time": 34.818, "Actual Max Startup Time": 48.797, "Actual Min Total Time": 34.818, "Actual Max Total Time": 48.797, "Inner Unique": false, "Join Filter": "(it.id = mi_idx.info_type_id), (LLVM Optimized)", "Rows Removed by Join Filter": 1380024, "Plans": [{"Node Type": "Streaming(type: BROADCAST dop: 16/1)", "Parent Relationship": "Outer", "Startup Cost": 0.0, "Total Cost": 15002.75, "Plan Rows": 16, "Plan Width": 4, "Actual Min Startup Time": 0.003, "Actual Max Startup Time": 11.925, "Actual Min Total Time": 0.004, "Actual Max Total Time": 11.925, "Plans": [{"Node Type": "Seq Scan", "Parent Relationship": "Outer", "Relation Name": "info_type", "Alias": "it", "Startup Cost": 0.0, "Total Cost": 2.4, "Plan Rows": 1, "Plan Width": 4, "Actual Min Startup Time": 0.077, "Actual Max Startup Time": 0.077, "Actual Min Total Time": 0.081, "Actual Max Total Time": 0.081, "Filter": "((info)::text = 'bottom 10 rank'::text)", "Rows Removed by Filter": 111, "Actual Rows": 1}], "Actual Rows": 16}, {"Node Type": "Seq Scan", "Parent Relationship": "Inner", "Relation Name": "movie_info_idx", "Alias": "mi_idx", "Startup Cost": 0.0, "Total Cost": 16267.15, "Plan Rows": 1380034, "Plan Width": 8, "Actual Min Startup Time": 0.037, "Actual Max Startup Time": 0.099, "Actual Min Total Time": 18.623, "Actual Max Total Time": 22.145, "Actual Rows": 1380034}], "Actual Rows": 10}], "Actual Rows": 160}, {"Node Type": "Hash", "Parent Relationship": "Inner", "Startup Cost": 19149.37, "Total Cost": 19149.37, "Plan Rows": 1381886, "Plan Width": 25, "Actual Min Startup Time": 89.69, "Actual Max Startup Time": 97.992, "Actual Min Total Time": 89.69, "Actual Max Total Time": 97.992, "Max Hash Buckets": 131072, "Min Hash Buckets": 131072, "Max Hash Batches": 1, "Min Hash Batches": 1, "Max Original Hash Batches": 1, "Min Original Hash Batches": 1, "Max Peak Memory Usage": 5066, "min Peak Memory Usage": 5066, "Plans": [{"Node Type": "Seq Scan", "Parent Relationship": "Outer", "Relation Name": "title", "Alias": "t", "Startup Cost": 0.0, "Total Cost": 19149.37, "Plan Rows": 1381886, "Plan Width": 25, "Actual Min Startup Time": 0.027, "Actual Max Startup Time": 0.045, "Actual Min Total Time": 61.934, "Actual Max Total Time": 69.455, "Filter": "(production_year > 2000), (LLVM Optimized)", "Rows Removed by Filter": 1146858, "Actual Rows": 1381453}], "Actual Rows": 1381453}], "Actual Rows": 6}], "Actual Rows": 6}, {"Node Type": "Hash", "Parent Relationship": "Inner", "Startup Cost": 54189.55, "Total Cost": 54189.55, "Plan Rows": 1304518, "Plan Width": 28, "Actual Min Startup Time": 91.078, "Actual Max Startup Time": 142.008, "Actual Min Total Time": 91.078, "Actual Max Total Time": 142.008, "Max Hash Buckets": 131072, "Min Hash Buckets": 131072, "Max Hash Batches": 1, "Min Hash Batches": 1, "Max Original Hash Batches": 1, "Min Original Hash Batches": 1, "Max Peak Memory Usage": 494, "min Peak Memory Usage": 494, "Plans": [{"Node Type": "Streaming(type: LOCAL REDISTRIBUTE dop: 16/16)", "Parent Relationship": "Outer", "Startup Cost": 15001.4, "Total Cost": 54189.55, "Plan Rows": 1304518, "Plan Width": 28, "Actual Min Startup Time": 0.052, "Actual Max Startup Time": 49.718, "Actual Min Total Time": 88.056, "Actual Max Total Time": 138.917, "Plans": [{"Node Type": "Hash Join", "Parent Relationship": "Outer", "Join Type": "Inner", "Startup Cost": 15001.4, "Total Cost": 34246.65, "Plan Rows": 1304518, "Plan Width": 28, "Actual Min Startup Time": 48.49, "Actual Max Startup Time": 55.874, "Actual Min Total Time": 72.267, "Actual Max Total Time": 83.096, "Inner Unique": true, "Hash Cond": "(mc.company_type_id = ct.id), (LLVM Optimized)", "Plans": [{"Node Type": "Seq Scan", "Parent Relationship": "Outer", "Relation Name": "movie_companies", "Alias": "mc", "Startup Cost": 0.0, "Total Cost": 18021.26, "Plan Rows": 2609035, "Plan Width": 32, "Actual Min Startup Time": 0.03, "Actual Max Startup Time": 0.052, "Actual Min Total Time": 57.433, "Actual Max Total Time": 64.847, "Filter": "((note)::text !~~ '%(as Metro-Goldwyn-Mayer Pictures)%'::text), (LLVM Optimized)", "Rows Removed by Filter": 1272041, "Actual Rows": 1337087}, {"Node Type": "Hash", "Parent Relationship": "Inner", "Startup Cost": 15001.38, "Total Cost": 15001.38, "Plan Rows": 16, "Plan Width": 4, "Actual Min Startup Time": 0.012, "Actual Max Startup Time": 0.027, "Actual Min Total Time": 0.012, "Actual Max Total Time": 0.027, "Max Hash Buckets": 32768, "Min Hash Buckets": 32768, "Max Hash Batches": 1, "Min Hash Batches": 1, "Max Original Hash Batches": 1, "Min Original Hash Batches": 1, "Max Peak Memory Usage": 1, "min Peak Memory Usage": 1, "Plans": [{"Node Type": "Streaming(type: BROADCAST dop: 16/1)", "Parent Relationship": "Outer", "Startup Cost": 0.0, "Total Cost": 15001.38, "Plan Rows": 16, "Plan Width": 4, "Actual Min Startup Time": 0.003, "Actual Max Startup Time": 0.008, "Actual Min Total Time": 0.003, "Actual Max Total Time": 0.009, "Plans": [{"Node Type": "Seq Scan", "Parent Relationship": "Outer", "Relation Name": "company_type", "Alias": "ct", "Startup Cost": 0.0, "Total Cost": 1.04, "Plan Rows": 1, "Plan Width": 4, "Actual Min Startup Time": 0.034, "Actual Max Startup Time": 0.034, "Actual Min Total Time": 0.037, "Actual Max Total Time": 0.037, "Filter": "((kind)::text = 'production companies'::text)", "Rows Removed by Filter": 2, "Actual Rows": 1}], "Actual Rows": 16}], "Actual Rows": 16}], "Actual Rows": 140904}], "Actual Rows": 140904}], "Actual Rows": 140904}], "Actual Rows": 4}], "Actual Rows": 16}], "Actual Rows": 16}], "Actual Rows": 1}, "Triggers": [], "Planner Runtime": 22, "Total Runtime": 318.495, "Unique SQL Id": 2492542741}}, "(16, 3)": {"explain_plan": {"Plan": {"Node Type": "Aggregate", "Strategy": "Plain", "Startup Cost": 259667.26, "Total Cost": 259667.27, "Plan Rows": 1, "Plan Width": 113, "Plans": [{"Node Type": "Hash Join", "Parent Relationship": "Outer", "Join Type": "Inner", "Startup Cost": 196064.72, "Total Cost": 254788.06, "Plan Rows": 650559, "Plan Width": 45, "Inner Unique": false, "Hash Cond": "(mc.movie_id = t.id), (LLVM Optimized)", "Plans": [{"Node Type": "Nested Loop", "Parent Relationship": "Outer", "Join Type": "Inner", "Startup Cost": 29278.87, "Total Cost": 77622.54, "Plan Rows": 1304518, "Plan Width": 28, "Inner Unique": false, "Plans": [{"Node Type": "Bitmap Heap Scan", "Parent Relationship": "Outer", "Relation Name": "company_type", "Alias": "ct", "Startup Cost": 8.27, "Total Cost": 12.3, "Plan Rows": 1, "Plan Width": 4, "Filter": "((kind)::text = 'production companies'::text)", "Plans": [{"Node Type": "Bitmap Index Scan", "Parent Relationship": "Outer", "Index Name": "company_type_pkey", "Startup Cost": 0.0, "Total Cost": 8.27, "Plan Rows": 3, "Plan Width": 0}]}, {"Node Type": "Bitmap Heap Scan", "Parent Relationship": "Inner", "Relation Name": "movie_companies", "Alias": "mc", "Startup Cost": 29270.61, "Total Cost": 64565.07, "Plan Rows": 1304517, "Plan Width": 32, "Recheck Cond": "(company_type_id = ct.id), (LLVM Optimized)", "Filter": "((note)::text !~~ '%(as Metro-Goldwyn-Mayer Pictures)%'::text), (LLVM Optimized)", "Plans": [{"Node Type": "Bitmap Index Scan", "Parent Relationship": "Outer", "Index Name": "company_type_id_movie_companies", "Startup Cost": 0.0, "Total Cost": 28944.48, "Plan Rows": 1304564, "Plan Width": 0, "Index Cond": "(company_type_id = ct.id)"}]}]}, {"Node Type": "Hash", "Parent Relationship": "Inner", "Startup Cost": 161187.86, "Total Cost": 161187.86, "Plan Rows": 447839, "Plan Width": 29, "Plans": [{"Node Type": "Hash Join", "Parent Relationship": "Outer", "Join Type": "Inner", "Startup Cost": 141173.61, "Total Cost": 161187.86, "Plan Rows": 447839, "Plan Width": 29, "Inner Unique": true, "Hash Cond": "(mi_idx.movie_id = t.id), (LLVM Optimized)", "Plans": [{"Node Type": "Nested Loop", "Parent Relationship": "Outer", "Join Type": "Inner", "Startup Cost": 7510.87, "Total Cost": 21752.95, "Plan Rows": 345008, "Plan Width": 4, "Inner Unique": false, "Plans": [{"Node Type": "Bitmap Heap Scan", "Parent Relationship": "Outer", "Relation Name": "info_type", "Alias": "it", "Startup Cost": 8.81, "Total Cost": 14.21, "Plan Rows": 1, "Plan Width": 4, "Filter": "((info)::text = 'bottom 10 rank'::text)", "Plans": [{"Node Type": "Bitmap Index Scan", "Parent Relationship": "Outer", "Index Name": "info_type_pkey", "Startup Cost": 0.0, "Total Cost": 8.81, "Plan Rows": 112, "Plan Width": 0}]}, {"Node Type": "Bitmap Heap Scan", "Parent Relationship": "Inner", "Relation Name": "movie_info_idx", "Alias": "mi_idx", "Startup Cost": 7502.06, "Total Cost": 18288.66, "Plan Rows": 345008, "Plan Width": 8, "Recheck Cond": "(info_type_id = it.id), (LLVM Optimized)", "Plans": [{"Node Type": "Bitmap Index Scan", "Parent Relationship": "Outer", "Index Name": "info_type_id_movie_info_idx", "Startup Cost": 0.0, "Total Cost": 7415.81, "Plan Rows": 345008, "Plan Width": 0, "Index Cond": "(info_type_id = it.id)"}]}]}, {"Node Type": "Hash", "Parent Relationship": "Inner", "Startup Cost": 116389.16, "Total Cost": 116389.16, "Plan Rows": 1381886, "Plan Width": 25, "Plans": [{"Node Type": "Bitmap Heap Scan", "Parent Relationship": "Outer", "Relation Name": "title", "Alias": "t", "Startup Cost": 49999.28, "Total Cost": 116389.16, "Plan Rows": 1381886, "Plan Width": 25, "Filter": "(production_year > 2000), (LLVM Optimized)", "Plans": [{"Node Type": "Bitmap Index Scan", "Parent Relationship": "Outer", "Index Name": "title_pkey", "Startup Cost": 0.0, "Total Cost": 49653.81, "Plan Rows": 2528311, "Plan Width": 0}]}]}]}]}]}]}, "Unique SQL Id": 2492542741, "Planner Runtime": 9}, "explain_analyze_plan": null}, "(16, 4)": {"explain_plan": {"Plan": {"Node Type": "Aggregate", "Strategy": "Plain", "Startup Cost": 160574.31, "Total Cost": 160574.34, "Plan Rows": 1, "Plan Width": 113, "Plans": [{"Node Type": "Streaming(type: LOCAL GATHER dop: 1/16)", "Parent Relationship": "Outer", "Startup Cost": 160574.31, "Total Cost": 160574.34, "Plan Rows": 1, "Plan Width": 113, "Plans": [{"Node Type": "Aggregate", "Strategy": "Plain", "Parent Relationship": "Outer", "Startup Cost": 160574.31, "Total Cost": 160574.32, "Plan Rows": 1, "Plan Width": 113, "Plans": [{"Node Type": "Hash Join", "Parent Relationship": "Outer", "Join Type": "Inner", "Startup Cost": 75437.67, "Total Cost": 155695.12, "Plan Rows": 650559, "Plan Width": 45, "Inner Unique": false, "Hash Cond": "(t.id = mc.movie_id), (LLVM Optimized)", "Plans": [{"Node Type": "Streaming(type: LOCAL REDISTRIBUTE dop: 16/16)", "Parent Relationship": "Outer", "Startup Cost": 20228.97, "Total Cost": 99863.53, "Plan Rows": 447839, "Plan Width": 29, "Plans": [{"Node Type": "Hash Join", "Parent Relationship": "Outer", "Join Type": "Inner", "Startup Cost": 20228.97, "Total Cost": 83166.64, "Plan Rows": 447839, "Plan Width": 29, "Inner Unique": true, "Hash Cond": "(mi_idx.movie_id = t.id), (LLVM Optimized)", "Plans": [{"Node Type": "Streaming(type: BROADCAST dop: 16/16)", "Parent Relationship": "Outer", "Startup Cost": 0.0, "Total Cost": 61363.99, "Plan Rows": 5520128, "Plan Width": 4, "Plans": [{"Node Type": "Nested Loop", "Parent Relationship": "Outer", "Join Type": "Inner", "Startup Cost": 0.0, "Total Cost": 32348.04, "Plan Rows": 345008, "Plan Width": 4, "Inner Unique": false, "Join Filter": "(it.id = mi_idx.info_type_id), (LLVM Optimized)", "Plans": [{"Node Type": "Streaming(type: BROADCAST dop: 16/1)", "Parent Relationship": "Outer", "Startup Cost": 0.0, "Total Cost": 15002.75, "Plan Rows": 16, "Plan Width": 4, "Plans": [{"Node Type": "Seq Scan", "Parent Relationship": "Outer", "Relation Name": "info_type", "Alias": "it", "Startup Cost": 0.0, "Total Cost": 2.4, "Plan Rows": 1, "Plan Width": 4, "Filter": "((info)::text = 'bottom 10 rank'::text)"}]}, {"Node Type": "Seq Scan", "Parent Relationship": "Inner", "Relation Name": "movie_info_idx", "Alias": "mi_idx", "Startup Cost": 0.0, "Total Cost": 16267.15, "Plan Rows": 1380034, "Plan Width": 8}]}]}, {"Node Type": "Hash", "Parent Relationship": "Inner", "Startup Cost": 19149.37, "Total Cost": 19149.37, "Plan Rows": 1381886, "Plan Width": 25, "Plans": [{"Node Type": "Seq Scan", "Parent Relationship": "Outer", "Relation Name": "title", "Alias": "t", "Startup Cost": 0.0, "Total Cost": 19149.37, "Plan Rows": 1381886, "Plan Width": 25, "Filter": "(production_year > 2000), (LLVM Optimized)"}]}]}]}, {"Node Type": "Hash", "Parent Relationship": "Inner", "Startup Cost": 54189.55, "Total Cost": 54189.55, "Plan Rows": 1304518, "Plan Width": 28, "Plans": [{"Node Type": "Streaming(type: LOCAL REDISTRIBUTE dop: 16/16)", "Parent Relationship": "Outer", "Startup Cost": 15001.4, "Total Cost": 54189.55, "Plan Rows": 1304518, "Plan Width": 28, "Plans": [{"Node Type": "Hash Join", "Parent Relationship": "Outer", "Join Type": "Inner", "Startup Cost": 15001.4, "Total Cost": 34246.65, "Plan Rows": 1304518, "Plan Width": 28, "Inner Unique": true, "Hash Cond": "(mc.company_type_id = ct.id), (LLVM Optimized)", "Plans": [{"Node Type": "Seq Scan", "Parent Relationship": "Outer", "Relation Name": "movie_companies", "Alias": "mc", "Startup Cost": 0.0, "Total Cost": 18021.26, "Plan Rows": 2609035, "Plan Width": 32, "Filter": "((note)::text !~~ '%(as Metro-Goldwyn-Mayer Pictures)%'::text), (LLVM Optimized)"}, {"Node Type": "Hash", "Parent Relationship": "Inner", "Startup Cost": 15001.38, "Total Cost": 15001.38, "Plan Rows": 16, "Plan Width": 4, "Plans": [{"Node Type": "Streaming(type: BROADCAST dop: 16/1)", "Parent Relationship": "Outer", "Startup Cost": 0.0, "Total Cost": 15001.38, "Plan Rows": 16, "Plan Width": 4, "Plans": [{"Node Type": "Seq Scan", "Parent Relationship": "Outer", "Relation Name": "company_type", "Alias": "ct", "Startup Cost": 0.0, "Total Cost": 1.04, "Plan Rows": 1, "Plan Width": 4, "Filter": "((kind)::text = 'production companies'::text)"}]}]}]}]}]}]}]}]}]}, "Unique SQL Id": 2492542741, "Planner Runtime": 24}, "explain_analyze_plan": {"Plan": {"Node Type": "Aggregate", "Strategy": "Plain", "Startup Cost": 160574.31, "Total Cost": 160574.34, "Plan Rows": 1, "Plan Width": 113, "Actual Min Startup Time": 294.631, "Actual Max Startup Time": 294.631, "Actual Min Total Time": 294.631, "Actual Max Total Time": 294.631, "Plans": [{"Node Type": "Streaming(type: LOCAL GATHER dop: 1/16)", "Parent Relationship": "Outer", "Startup Cost": 160574.31, "Total Cost": 160574.34, "Plan Rows": 1, "Plan Width": 113, "Actual Min Startup Time": 294.32, "Actual Max Startup Time": 294.32, "Actual Min Total Time": 294.607, "Actual Max Total Time": 294.607, "Plans": [{"Node Type": "Aggregate", "Strategy": "Plain", "Parent Relationship": "Outer", "Startup Cost": 160574.31, "Total Cost": 160574.32, "Plan Rows": 1, "Plan Width": 113, "Actual Min Startup Time": 93.315, "Actual Max Startup Time": 144.24, "Actual Min Total Time": 93.315, "Actual Max Total Time": 144.24, "Plans": [{"Node Type": "Hash Join", "Parent Relationship": "Outer", "Join Type": "Inner", "Startup Cost": 75437.67, "Total Cost": 155695.12, "Plan Rows": 650559, "Plan Width": 45, "Actual Min Startup Time": 93.31, "Actual Max Startup Time": 144.232, "Actual Min Total Time": 93.31, "Actual Max Total Time": 144.232, "Inner Unique": false, "Hash Cond": "(t.id = mc.movie_id), (LLVM Optimized)", "Plans": [{"Node Type": "Streaming(type: LOCAL REDISTRIBUTE dop: 16/16)", "Parent Relationship": "Outer", "Startup Cost": 20228.97, "Total Cost": 99863.53, "Plan Rows": 447839, "Plan Width": 29, "Actual Min Startup Time": 0.026, "Actual Max Startup Time": 2.09, "Actual Min Total Time": 2.001, "Actual Max Total Time": 2.09, "Plans": [{"Node Type": "Hash Join", "Parent Relationship": "Outer", "Join Type": "Inner", "Startup Cost": 20228.97, "Total Cost": 83166.64, "Plan Rows": 447839, "Plan Width": 29, "Actual Min Startup Time": 89.837, "Actual Max Startup Time": 98.162, "Actual Min Total Time": 89.837, "Actual Max Total Time": 98.162, "Inner Unique": true, "Hash Cond": "(mi_idx.movie_id = t.id), (LLVM Optimized)", "Plans": [{"Node Type": "Streaming(type: BROADCAST dop: 16/16)", "Parent Relationship": "Outer", "Startup Cost": 0.0, "Total Cost": 61363.99, "Plan Rows": 5520128, "Plan Width": 4, "Actual Min Startup Time": 0.026, "Actual Max Startup Time": 0.057, "Actual Min Total Time": 0.028, "Actual Max Total Time": 0.059, "Plans": [{"Node Type": "Nested Loop", "Parent Relationship": "Outer", "Join Type": "Inner", "Startup Cost": 0.0, "Total Cost": 32348.04, "Plan Rows": 345008, "Plan Width": 4, "Actual Min Startup Time": 34.818, "Actual Max Startup Time": 48.797, "Actual Min Total Time": 34.818, "Actual Max Total Time": 48.797, "Inner Unique": false, "Join Filter": "(it.id = mi_idx.info_type_id), (LLVM Optimized)", "Rows Removed by Join Filter": 1380024, "Plans": [{"Node Type": "Streaming(type: BROADCAST dop: 16/1)", "Parent Relationship": "Outer", "Startup Cost": 0.0, "Total Cost": 15002.75, "Plan Rows": 16, "Plan Width": 4, "Actual Min Startup Time": 0.003, "Actual Max Startup Time": 11.925, "Actual Min Total Time": 0.004, "Actual Max Total Time": 11.925, "Plans": [{"Node Type": "Seq Scan", "Parent Relationship": "Outer", "Relation Name": "info_type", "Alias": "it", "Startup Cost": 0.0, "Total Cost": 2.4, "Plan Rows": 1, "Plan Width": 4, "Actual Min Startup Time": 0.077, "Actual Max Startup Time": 0.077, "Actual Min Total Time": 0.081, "Actual Max Total Time": 0.081, "Filter": "((info)::text = 'bottom 10 rank'::text)", "Rows Removed by Filter": 111, "Actual Rows": 1}], "Actual Rows": 16}, {"Node Type": "Seq Scan", "Parent Relationship": "Inner", "Relation Name": "movie_info_idx", "Alias": "mi_idx", "Startup Cost": 0.0, "Total Cost": 16267.15, "Plan Rows": 1380034, "Plan Width": 8, "Actual Min Startup Time": 0.037, "Actual Max Startup Time": 0.099, "Actual Min Total Time": 18.623, "Actual Max Total Time": 22.145, "Actual Rows": 1380034}], "Actual Rows": 10}], "Actual Rows": 160}, {"Node Type": "Hash", "Parent Relationship": "Inner", "Startup Cost": 19149.37, "Total Cost": 19149.37, "Plan Rows": 1381886, "Plan Width": 25, "Actual Min Startup Time": 89.69, "Actual Max Startup Time": 97.992, "Actual Min Total Time": 89.69, "Actual Max Total Time": 97.992, "Max Hash Buckets": 131072, "Min Hash Buckets": 131072, "Max Hash Batches": 1, "Min Hash Batches": 1, "Max Original Hash Batches": 1, "Min Original Hash Batches": 1, "Max Peak Memory Usage": 5066, "min Peak Memory Usage": 5066, "Plans": [{"Node Type": "Seq Scan", "Parent Relationship": "Outer", "Relation Name": "title", "Alias": "t", "Startup Cost": 0.0, "Total Cost": 19149.37, "Plan Rows": 1381886, "Plan Width": 25, "Actual Min Startup Time": 0.027, "Actual Max Startup Time": 0.045, "Actual Min Total Time": 61.934, "Actual Max Total Time": 69.455, "Filter": "(production_year > 2000), (LLVM Optimized)", "Rows Removed by Filter": 1146858, "Actual Rows": 1381453}], "Actual Rows": 1381453}], "Actual Rows": 6}], "Actual Rows": 6}, {"Node Type": "Hash", "Parent Relationship": "Inner", "Startup Cost": 54189.55, "Total Cost": 54189.55, "Plan Rows": 1304518, "Plan Width": 28, "Actual Min Startup Time": 91.078, "Actual Max Startup Time": 142.008, "Actual Min Total Time": 91.078, "Actual Max Total Time": 142.008, "Max Hash Buckets": 131072, "Min Hash Buckets": 131072, "Max Hash Batches": 1, "Min Hash Batches": 1, "Max Original Hash Batches": 1, "Min Original Hash Batches": 1, "Max Peak Memory Usage": 494, "min Peak Memory Usage": 494, "Plans": [{"Node Type": "Streaming(type: LOCAL REDISTRIBUTE dop: 16/16)", "Parent Relationship": "Outer", "Startup Cost": 15001.4, "Total Cost": 54189.55, "Plan Rows": 1304518, "Plan Width": 28, "Actual Min Startup Time": 0.052, "Actual Max Startup Time": 49.718, "Actual Min Total Time": 88.056, "Actual Max Total Time": 138.917, "Plans": [{"Node Type": "Hash Join", "Parent Relationship": "Outer", "Join Type": "Inner", "Startup Cost": 15001.4, "Total Cost": 34246.65, "Plan Rows": 1304518, "Plan Width": 28, "Actual Min Startup Time": 48.49, "Actual Max Startup Time": 55.874, "Actual Min Total Time": 72.267, "Actual Max Total Time": 83.096, "Inner Unique": true, "Hash Cond": "(mc.company_type_id = ct.id), (LLVM Optimized)", "Plans": [{"Node Type": "Seq Scan", "Parent Relationship": "Outer", "Relation Name": "movie_companies", "Alias": "mc", "Startup Cost": 0.0, "Total Cost": 18021.26, "Plan Rows": 2609035, "Plan Width": 32, "Actual Min Startup Time": 0.03, "Actual Max Startup Time": 0.052, "Actual Min Total Time": 57.433, "Actual Max Total Time": 64.847, "Filter": "((note)::text !~~ '%(as Metro-Goldwyn-Mayer Pictures)%'::text), (LLVM Optimized)", "Rows Removed by Filter": 1272041, "Actual Rows": 1337087}, {"Node Type": "Hash", "Parent Relationship": "Inner", "Startup Cost": 15001.38, "Total Cost": 15001.38, "Plan Rows": 16, "Plan Width": 4, "Actual Min Startup Time": 0.012, "Actual Max Startup Time": 0.027, "Actual Min Total Time": 0.012, "Actual Max Total Time": 0.027, "Max Hash Buckets": 32768, "Min Hash Buckets": 32768, "Max Hash Batches": 1, "Min Hash Batches": 1, "Max Original Hash Batches": 1, "Min Original Hash Batches": 1, "Max Peak Memory Usage": 1, "min Peak Memory Usage": 1, "Plans": [{"Node Type": "Streaming(type: BROADCAST dop: 16/1)", "Parent Relationship": "Outer", "Startup Cost": 0.0, "Total Cost": 15001.38, "Plan Rows": 16, "Plan Width": 4, "Actual Min Startup Time": 0.003, "Actual Max Startup Time": 0.008, "Actual Min Total Time": 0.003, "Actual Max Total Time": 0.009, "Plans": [{"Node Type": "Seq Scan", "Parent Relationship": "Outer", "Relation Name": "company_type", "Alias": "ct", "Startup Cost": 0.0, "Total Cost": 1.04, "Plan Rows": 1, "Plan Width": 4, "Actual Min Startup Time": 0.034, "Actual Max Startup Time": 0.034, "Actual Min Total Time": 0.037, "Actual Max Total Time": 0.037, "Filter": "((kind)::text = 'production companies'::text)", "Rows Removed by Filter": 2, "Actual Rows": 1}], "Actual Rows": 16}], "Actual Rows": 16}], "Actual Rows": 140904}], "Actual Rows": 140904}], "Actual Rows": 140904}], "Actual Rows": 4}], "Actual Rows": 16}], "Actual Rows": 16}], "Actual Rows": 1}, "Triggers": [], "Planner Runtime": 22, "Total Runtime": 318.495, "Unique SQL Id": 2492542741}}, "(16, 5)": {"explain_plan": {"Plan": {"Node Type": "Aggregate", "Strategy": "Plain", "Startup Cost": 285694.99, "Total Cost": 285695.01, "Plan Rows": 1, "Plan Width": 113, "Plans": [{"Node Type": "Streaming(type: LOCAL GATHER dop: 1/16)", "Parent Relationship": "Outer", "Startup Cost": 285694.99, "Total Cost": 285695.01, "Plan Rows": 1, "Plan Width": 113, "Plans": [{"Node Type": "Aggregate", "Strategy": "Plain", "Parent Relationship": "Outer", "Startup Cost": 285694.99, "Total Cost": 285695.0, "Plan Rows": 1, "Plan Width": 113, "Plans": [{"Node Type": "Hash Join", "Parent Relationship": "Outer", "Join Type": "Inner", "Startup Cost": 136172.58, "Total Cost": 280815.79, "Plan Rows": 650559, "Plan Width": 45, "Inner Unique": false, "Hash Cond": "(t.id = mi_idx.movie_id), (LLVM Optimized)", "Plans": [{"Node Type": "Streaming(type: LOCAL REDISTRIBUTE dop: 16/16)", "Parent Relationship": "Outer", "Startup Cost": 123128.27, "Total Cost": 267031.63, "Plan Rows": 1693335, "Plan Width": 53, "Plans": [{"Node Type": "Hash Join", "Parent Relationship": "Outer", "Join Type": "Inner", "Startup Cost": 123128.27, "Total Cost": 245615.48, "Plan Rows": 1693335, "Plan Width": 53, "Inner Unique": true, "Hash Cond": "(mc.movie_id = t.id), (LLVM Optimized)", "Plans": [{"Node Type": "Streaming(type: LOCAL REDISTRIBUTE dop: 16/16)", "Parent Relationship": "Outer", "Startup Cost": 0.0, "Total Cost": 121123.13, "Plan Rows": 1304518, "Plan Width": 28, "Plans": [{"Node Type": "Nested Loop", "Parent Relationship": "Outer", "Join Type": "Inner", "Startup Cost": 0.0, "Total Cost": 101180.23, "Plan Rows": 1304518, "Plan Width": 28, "Inner Unique": false, "Join Filter": "(ct.id = mc.company_type_id), (LLVM Optimized)", "Plans": [{"Node Type": "Streaming(type: BROADCAST dop: 16/1)", "Parent Relationship": "Outer", "Startup Cost": 0.0, "Total Cost": 15012.65, "Plan Rows": 16, "Plan Width": 4, "Plans": [{"Node Type": "Index Scan", "Parent Relationship": "Outer", "Scan Direction": "Forward", "Index Name": "company_type_pkey", "Relation Name": "company_type", "Alias": "ct", "Startup Cost": 0.0, "Total Cost": 12.3, "Plan Rows": 1, "Plan Width": 4, "Filter": "((kind)::text = 'production companies'::text)"}]}, {"Node Type": "Index Scan", "Parent Relationship": "Inner", "Scan Direction": "Forward", "Index Name": "company_type_id_movie_companies", "Relation Name": "movie_companies", "Alias": "mc", "Startup Cost": 0.0, "Total Cost": 84129.27, "Plan Rows": 2609035, "Plan Width": 32, "Filter": "((note)::text !~~ '%(as Metro-Goldwyn-Mayer Pictures)%'::text), (LLVM Optimized)"}]}]}, {"Node Type": "Hash", "Parent Relationship": "Inner", "Startup Cost": 122048.67, "Total Cost": 122048.67, "Plan Rows": 1381886, "Plan Width": 25, "Plans": [{"Node Type": "Streaming(type: LOCAL REDISTRIBUTE dop: 16/16)", "Parent Relationship": "Outer", "Startup Cost": 0.0, "Total Cost": 122048.67, "Plan Rows": 1381886, "Plan Width": 25, "Plans": [{"Node Type": "Index Scan", "Parent Relationship": "Outer", "Scan Direction": "Forward", "Index Name": "title_pkey", "Relation Name": "title", "Alias": "t", "Startup Cost": 0.0, "Total Cost": 101812.62, "Plan Rows": 1381886, "Plan Width": 25, "Filter": "(production_year > 2000), (LLVM Optimized)"}]}]}]}]}, {"Node Type": "Hash", "Parent Relationship": "Inner", "Startup Cost": 51099.09, "Total Cost": 51099.09, "Plan Rows": 345008, "Plan Width": 4, "Plans": [{"Node Type": "Streaming(type: LOCAL REDISTRIBUTE dop: 16/1)", "Parent Relationship": "Outer", "Startup Cost": 7502.06, "Total Cost": 51099.09, "Plan Rows": 345008, "Plan Width": 4, "Plans": [{"Node Type": "Nested Loop", "Parent Relationship": "Outer", "Join Type": "Inner", "Startup Cost": 7502.06, "Total Cost": 21752.95, "Plan Rows": 345008, "Plan Width": 4, "Inner Unique": false, "Plans": [{"Node Type": "Index Scan", "Parent Relationship": "Outer", "Scan Direction": "Forward", "Index Name": "info_type_pkey", "Relation Name": "info_type", "Alias": "it", "Startup Cost": 0.0, "Total Cost": 14.21, "Plan Rows": 1, "Plan Width": 4, "Filter": "((info)::text = 'bottom 10 rank'::text)"}, {"Node Type": "Bitmap Heap Scan", "Parent Relationship": "Inner", "Relation Name": "movie_info_idx", "Alias": "mi_idx", "Startup Cost": 7502.06, "Total Cost": 18288.66, "Plan Rows": 345008, "Plan Width": 8, "Recheck Cond": "(info_type_id = it.id), (LLVM Optimized)", "Plans": [{"Node Type": "Bitmap Index Scan", "Parent Relationship": "Outer", "Index Name": "info_type_id_movie_info_idx", "Startup Cost": 0.0, "Total Cost": 7415.81, "Plan Rows": 345008, "Plan Width": 0, "Index Cond": "(info_type_id = it.id)"}]}]}]}]}]}]}]}]}, "Unique SQL Id": 2492542741, "Planner Runtime": 20}, "explain_analyze_plan": null}, "(16, 6)": {"explain_plan": {"Plan": {"Node Type": "Aggregate", "Strategy": "Plain", "Startup Cost": 160574.31, "Total Cost": 160574.34, "Plan Rows": 1, "Plan Width": 113, "Plans": [{"Node Type": "Streaming(type: LOCAL GATHER dop: 1/16)", "Parent Relationship": "Outer", "Startup Cost": 160574.31, "Total Cost": 160574.34, "Plan Rows": 1, "Plan Width": 113, "Plans": [{"Node Type": "Aggregate", "Strategy": "Plain", "Parent Relationship": "Outer", "Startup Cost": 160574.31, "Total Cost": 160574.32, "Plan Rows": 1, "Plan Width": 113, "Plans": [{"Node Type": "Hash Join", "Parent Relationship": "Outer", "Join Type": "Inner", "Startup Cost": 75437.67, "Total Cost": 155695.12, "Plan Rows": 650559, "Plan Width": 45, "Inner Unique": false, "Hash Cond": "(t.id = mc.movie_id), (LLVM Optimized)", "Plans": [{"Node Type": "Streaming(type: LOCAL REDISTRIBUTE dop: 16/16)", "Parent Relationship": "Outer", "Startup Cost": 20228.97, "Total Cost": 99863.53, "Plan Rows": 447839, "Plan Width": 29, "Plans": [{"Node Type": "Hash Join", "Parent Relationship": "Outer", "Join Type": "Inner", "Startup Cost": 20228.97, "Total Cost": 83166.64, "Plan Rows": 447839, "Plan Width": 29, "Inner Unique": true, "Hash Cond": "(mi_idx.movie_id = t.id), (LLVM Optimized)", "Plans": [{"Node Type": "Streaming(type: BROADCAST dop: 16/16)", "Parent Relationship": "Outer", "Startup Cost": 0.0, "Total Cost": 61363.99, "Plan Rows": 5520128, "Plan Width": 4, "Plans": [{"Node Type": "Nested Loop", "Parent Relationship": "Outer", "Join Type": "Inner", "Startup Cost": 0.0, "Total Cost": 32348.04, "Plan Rows": 345008, "Plan Width": 4, "Inner Unique": false, "Join Filter": "(it.id = mi_idx.info_type_id), (LLVM Optimized)", "Plans": [{"Node Type": "Streaming(type: BROADCAST dop: 16/1)", "Parent Relationship": "Outer", "Startup Cost": 0.0, "Total Cost": 15002.75, "Plan Rows": 16, "Plan Width": 4, "Plans": [{"Node Type": "Seq Scan", "Parent Relationship": "Outer", "Relation Name": "info_type", "Alias": "it", "Startup Cost": 0.0, "Total Cost": 2.4, "Plan Rows": 1, "Plan Width": 4, "Filter": "((info)::text = 'bottom 10 rank'::text)"}]}, {"Node Type": "Seq Scan", "Parent Relationship": "Inner", "Relation Name": "movie_info_idx", "Alias": "mi_idx", "Startup Cost": 0.0, "Total Cost": 16267.15, "Plan Rows": 1380034, "Plan Width": 8}]}]}, {"Node Type": "Hash", "Parent Relationship": "Inner", "Startup Cost": 19149.37, "Total Cost": 19149.37, "Plan Rows": 1381886, "Plan Width": 25, "Plans": [{"Node Type": "Seq Scan", "Parent Relationship": "Outer", "Relation Name": "title", "Alias": "t", "Startup Cost": 0.0, "Total Cost": 19149.37, "Plan Rows": 1381886, "Plan Width": 25, "Filter": "(production_year > 2000), (LLVM Optimized)"}]}]}]}, {"Node Type": "Hash", "Parent Relationship": "Inner", "Startup Cost": 54189.55, "Total Cost": 54189.55, "Plan Rows": 1304518, "Plan Width": 28, "Plans": [{"Node Type": "Streaming(type: LOCAL REDISTRIBUTE dop: 16/16)", "Parent Relationship": "Outer", "Startup Cost": 15001.4, "Total Cost": 54189.55, "Plan Rows": 1304518, "Plan Width": 28, "Plans": [{"Node Type": "Hash Join", "Parent Relationship": "Outer", "Join Type": "Inner", "Startup Cost": 15001.4, "Total Cost": 34246.65, "Plan Rows": 1304518, "Plan Width": 28, "Inner Unique": true, "Hash Cond": "(mc.company_type_id = ct.id), (LLVM Optimized)", "Plans": [{"Node Type": "Seq Scan", "Parent Relationship": "Outer", "Relation Name": "movie_companies", "Alias": "mc", "Startup Cost": 0.0, "Total Cost": 18021.26, "Plan Rows": 2609035, "Plan Width": 32, "Filter": "((note)::text !~~ '%(as Metro-Goldwyn-Mayer Pictures)%'::text), (LLVM Optimized)"}, {"Node Type": "Hash", "Parent Relationship": "Inner", "Startup Cost": 15001.38, "Total Cost": 15001.38, "Plan Rows": 16, "Plan Width": 4, "Plans": [{"Node Type": "Streaming(type: BROADCAST dop: 16/1)", "Parent Relationship": "Outer", "Startup Cost": 0.0, "Total Cost": 15001.38, "Plan Rows": 16, "Plan Width": 4, "Plans": [{"Node Type": "Seq Scan", "Parent Relationship": "Outer", "Relation Name": "company_type", "Alias": "ct", "Startup Cost": 0.0, "Total Cost": 1.04, "Plan Rows": 1, "Plan Width": 4, "Filter": "((kind)::text = 'production companies'::text)"}]}]}]}]}]}]}]}]}]}, "Unique SQL Id": 2492542741, "Planner Runtime": 24}, "explain_analyze_plan": {"Plan": {"Node Type": "Aggregate", "Strategy": "Plain", "Startup Cost": 160574.31, "Total Cost": 160574.34, "Plan Rows": 1, "Plan Width": 113, "Actual Min Startup Time": 294.631, "Actual Max Startup Time": 294.631, "Actual Min Total Time": 294.631, "Actual Max Total Time": 294.631, "Plans": [{"Node Type": "Streaming(type: LOCAL GATHER dop: 1/16)", "Parent Relationship": "Outer", "Startup Cost": 160574.31, "Total Cost": 160574.34, "Plan Rows": 1, "Plan Width": 113, "Actual Min Startup Time": 294.32, "Actual Max Startup Time": 294.32, "Actual Min Total Time": 294.607, "Actual Max Total Time": 294.607, "Plans": [{"Node Type": "Aggregate", "Strategy": "Plain", "Parent Relationship": "Outer", "Startup Cost": 160574.31, "Total Cost": 160574.32, "Plan Rows": 1, "Plan Width": 113, "Actual Min Startup Time": 93.315, "Actual Max Startup Time": 144.24, "Actual Min Total Time": 93.315, "Actual Max Total Time": 144.24, "Plans": [{"Node Type": "Hash Join", "Parent Relationship": "Outer", "Join Type": "Inner", "Startup Cost": 75437.67, "Total Cost": 155695.12, "Plan Rows": 650559, "Plan Width": 45, "Actual Min Startup Time": 93.31, "Actual Max Startup Time": 144.232, "Actual Min Total Time": 93.31, "Actual Max Total Time": 144.232, "Inner Unique": false, "Hash Cond": "(t.id = mc.movie_id), (LLVM Optimized)", "Plans": [{"Node Type": "Streaming(type: LOCAL REDISTRIBUTE dop: 16/16)", "Parent Relationship": "Outer", "Startup Cost": 20228.97, "Total Cost": 99863.53, "Plan Rows": 447839, "Plan Width": 29, "Actual Min Startup Time": 0.026, "Actual Max Startup Time": 2.09, "Actual Min Total Time": 2.001, "Actual Max Total Time": 2.09, "Plans": [{"Node Type": "Hash Join", "Parent Relationship": "Outer", "Join Type": "Inner", "Startup Cost": 20228.97, "Total Cost": 83166.64, "Plan Rows": 447839, "Plan Width": 29, "Actual Min Startup Time": 89.837, "Actual Max Startup Time": 98.162, "Actual Min Total Time": 89.837, "Actual Max Total Time": 98.162, "Inner Unique": true, "Hash Cond": "(mi_idx.movie_id = t.id), (LLVM Optimized)", "Plans": [{"Node Type": "Streaming(type: BROADCAST dop: 16/16)", "Parent Relationship": "Outer", "Startup Cost": 0.0, "Total Cost": 61363.99, "Plan Rows": 5520128, "Plan Width": 4, "Actual Min Startup Time": 0.026, "Actual Max Startup Time": 0.057, "Actual Min Total Time": 0.028, "Actual Max Total Time": 0.059, "Plans": [{"Node Type": "Nested Loop", "Parent Relationship": "Outer", "Join Type": "Inner", "Startup Cost": 0.0, "Total Cost": 32348.04, "Plan Rows": 345008, "Plan Width": 4, "Actual Min Startup Time": 34.818, "Actual Max Startup Time": 48.797, "Actual Min Total Time": 34.818, "Actual Max Total Time": 48.797, "Inner Unique": false, "Join Filter": "(it.id = mi_idx.info_type_id), (LLVM Optimized)", "Rows Removed by Join Filter": 1380024, "Plans": [{"Node Type": "Streaming(type: BROADCAST dop: 16/1)", "Parent Relationship": "Outer", "Startup Cost": 0.0, "Total Cost": 15002.75, "Plan Rows": 16, "Plan Width": 4, "Actual Min Startup Time": 0.003, "Actual Max Startup Time": 11.925, "Actual Min Total Time": 0.004, "Actual Max Total Time": 11.925, "Plans": [{"Node Type": "Seq Scan", "Parent Relationship": "Outer", "Relation Name": "info_type", "Alias": "it", "Startup Cost": 0.0, "Total Cost": 2.4, "Plan Rows": 1, "Plan Width": 4, "Actual Min Startup Time": 0.077, "Actual Max Startup Time": 0.077, "Actual Min Total Time": 0.081, "Actual Max Total Time": 0.081, "Filter": "((info)::text = 'bottom 10 rank'::text)", "Rows Removed by Filter": 111, "Actual Rows": 1}], "Actual Rows": 16}, {"Node Type": "Seq Scan", "Parent Relationship": "Inner", "Relation Name": "movie_info_idx", "Alias": "mi_idx", "Startup Cost": 0.0, "Total Cost": 16267.15, "Plan Rows": 1380034, "Plan Width": 8, "Actual Min Startup Time": 0.037, "Actual Max Startup Time": 0.099, "Actual Min Total Time": 18.623, "Actual Max Total Time": 22.145, "Actual Rows": 1380034}], "Actual Rows": 10}], "Actual Rows": 160}, {"Node Type": "Hash", "Parent Relationship": "Inner", "Startup Cost": 19149.37, "Total Cost": 19149.37, "Plan Rows": 1381886, "Plan Width": 25, "Actual Min Startup Time": 89.69, "Actual Max Startup Time": 97.992, "Actual Min Total Time": 89.69, "Actual Max Total Time": 97.992, "Max Hash Buckets": 131072, "Min Hash Buckets": 131072, "Max Hash Batches": 1, "Min Hash Batches": 1, "Max Original Hash Batches": 1, "Min Original Hash Batches": 1, "Max Peak Memory Usage": 5066, "min Peak Memory Usage": 5066, "Plans": [{"Node Type": "Seq Scan", "Parent Relationship": "Outer", "Relation Name": "title", "Alias": "t", "Startup Cost": 0.0, "Total Cost": 19149.37, "Plan Rows": 1381886, "Plan Width": 25, "Actual Min Startup Time": 0.027, "Actual Max Startup Time": 0.045, "Actual Min Total Time": 61.934, "Actual Max Total Time": 69.455, "Filter": "(production_year > 2000), (LLVM Optimized)", "Rows Removed by Filter": 1146858, "Actual Rows": 1381453}], "Actual Rows": 1381453}], "Actual Rows": 6}], "Actual Rows": 6}, {"Node Type": "Hash", "Parent Relationship": "Inner", "Startup Cost": 54189.55, "Total Cost": 54189.55, "Plan Rows": 1304518, "Plan Width": 28, "Actual Min Startup Time": 91.078, "Actual Max Startup Time": 142.008, "Actual Min Total Time": 91.078, "Actual Max Total Time": 142.008, "Max Hash Buckets": 131072, "Min Hash Buckets": 131072, "Max Hash Batches": 1, "Min Hash Batches": 1, "Max Original Hash Batches": 1, "Min Original Hash Batches": 1, "Max Peak Memory Usage": 494, "min Peak Memory Usage": 494, "Plans": [{"Node Type": "Streaming(type: LOCAL REDISTRIBUTE dop: 16/16)", "Parent Relationship": "Outer", "Startup Cost": 15001.4, "Total Cost": 54189.55, "Plan Rows": 1304518, "Plan Width": 28, "Actual Min Startup Time": 0.052, "Actual Max Startup Time": 49.718, "Actual Min Total Time": 88.056, "Actual Max Total Time": 138.917, "Plans": [{"Node Type": "Hash Join", "Parent Relationship": "Outer", "Join Type": "Inner", "Startup Cost": 15001.4, "Total Cost": 34246.65, "Plan Rows": 1304518, "Plan Width": 28, "Actual Min Startup Time": 48.49, "Actual Max Startup Time": 55.874, "Actual Min Total Time": 72.267, "Actual Max Total Time": 83.096, "Inner Unique": true, "Hash Cond": "(mc.company_type_id = ct.id), (LLVM Optimized)", "Plans": [{"Node Type": "Seq Scan", "Parent Relationship": "Outer", "Relation Name": "movie_companies", "Alias": "mc", "Startup Cost": 0.0, "Total Cost": 18021.26, "Plan Rows": 2609035, "Plan Width": 32, "Actual Min Startup Time": 0.03, "Actual Max Startup Time": 0.052, "Actual Min Total Time": 57.433, "Actual Max Total Time": 64.847, "Filter": "((note)::text !~~ '%(as Metro-Goldwyn-Mayer Pictures)%'::text), (LLVM Optimized)", "Rows Removed by Filter": 1272041, "Actual Rows": 1337087}, {"Node Type": "Hash", "Parent Relationship": "Inner", "Startup Cost": 15001.38, "Total Cost": 15001.38, "Plan Rows": 16, "Plan Width": 4, "Actual Min Startup Time": 0.012, "Actual Max Startup Time": 0.027, "Actual Min Total Time": 0.012, "Actual Max Total Time": 0.027, "Max Hash Buckets": 32768, "Min Hash Buckets": 32768, "Max Hash Batches": 1, "Min Hash Batches": 1, "Max Original Hash Batches": 1, "Min Original Hash Batches": 1, "Max Peak Memory Usage": 1, "min Peak Memory Usage": 1, "Plans": [{"Node Type": "Streaming(type: BROADCAST dop: 16/1)", "Parent Relationship": "Outer", "Startup Cost": 0.0, "Total Cost": 15001.38, "Plan Rows": 16, "Plan Width": 4, "Actual Min Startup Time": 0.003, "Actual Max Startup Time": 0.008, "Actual Min Total Time": 0.003, "Actual Max Total Time": 0.009, "Plans": [{"Node Type": "Seq Scan", "Parent Relationship": "Outer", "Relation Name": "company_type", "Alias": "ct", "Startup Cost": 0.0, "Total Cost": 1.04, "Plan Rows": 1, "Plan Width": 4, "Actual Min Startup Time": 0.034, "Actual Max Startup Time": 0.034, "Actual Min Total Time": 0.037, "Actual Max Total Time": 0.037, "Filter": "((kind)::text = 'production companies'::text)", "Rows Removed by Filter": 2, "Actual Rows": 1}], "Actual Rows": 16}], "Actual Rows": 16}], "Actual Rows": 140904}], "Actual Rows": 140904}], "Actual Rows": 140904}], "Actual Rows": 4}], "Actual Rows": 16}], "Actual Rows": 16}], "Actual Rows": 1}, "Triggers": [], "Planner Runtime": 22, "Total Runtime": 318.495, "Unique SQL Id": 2492542741}}, "(16, 7)": {"explain_plan": {"Plan": {"Node Type": "Aggregate", "Strategy": "Plain", "Startup Cost": 259667.26, "Total Cost": 259667.27, "Plan Rows": 1, "Plan Width": 113, "Plans": [{"Node Type": "Hash Join", "Parent Relationship": "Outer", "Join Type": "Inner", "Startup Cost": 196064.72, "Total Cost": 254788.06, "Plan Rows": 650559, "Plan Width": 45, "Inner Unique": false, "Hash Cond": "(mc.movie_id = t.id), (LLVM Optimized)", "Plans": [{"Node Type": "Nested Loop", "Parent Relationship": "Outer", "Join Type": "Inner", "Startup Cost": 29278.87, "Total Cost": 77622.54, "Plan Rows": 1304518, "Plan Width": 28, "Inner Unique": false, "Plans": [{"Node Type": "Bitmap Heap Scan", "Parent Relationship": "Outer", "Relation Name": "company_type", "Alias": "ct", "Startup Cost": 8.27, "Total Cost": 12.3, "Plan Rows": 1, "Plan Width": 4, "Filter": "((kind)::text = 'production companies'::text)", "Plans": [{"Node Type": "Bitmap Index Scan", "Parent Relationship": "Outer", "Index Name": "company_type_pkey", "Startup Cost": 0.0, "Total Cost": 8.27, "Plan Rows": 3, "Plan Width": 0}]}, {"Node Type": "Bitmap Heap Scan", "Parent Relationship": "Inner", "Relation Name": "movie_companies", "Alias": "mc", "Startup Cost": 29270.61, "Total Cost": 64565.07, "Plan Rows": 1304517, "Plan Width": 32, "Recheck Cond": "(company_type_id = ct.id), (LLVM Optimized)", "Filter": "((note)::text !~~ '%(as Metro-Goldwyn-Mayer Pictures)%'::text), (LLVM Optimized)", "Plans": [{"Node Type": "Bitmap Index Scan", "Parent Relationship": "Outer", "Index Name": "company_type_id_movie_companies", "Startup Cost": 0.0, "Total Cost": 28944.48, "Plan Rows": 1304564, "Plan Width": 0, "Index Cond": "(company_type_id = ct.id)"}]}]}, {"Node Type": "Hash", "Parent Relationship": "Inner", "Startup Cost": 161187.86, "Total Cost": 161187.86, "Plan Rows": 447839, "Plan Width": 29, "Plans": [{"Node Type": "Hash Join", "Parent Relationship": "Outer", "Join Type": "Inner", "Startup Cost": 141173.61, "Total Cost": 161187.86, "Plan Rows": 447839, "Plan Width": 29, "Inner Unique": true, "Hash Cond": "(mi_idx.movie_id = t.id), (LLVM Optimized)", "Plans": [{"Node Type": "Nested Loop", "Parent Relationship": "Outer", "Join Type": "Inner", "Startup Cost": 7510.87, "Total Cost": 21752.95, "Plan Rows": 345008, "Plan Width": 4, "Inner Unique": false, "Plans": [{"Node Type": "Bitmap Heap Scan", "Parent Relationship": "Outer", "Relation Name": "info_type", "Alias": "it", "Startup Cost": 8.81, "Total Cost": 14.21, "Plan Rows": 1, "Plan Width": 4, "Filter": "((info)::text = 'bottom 10 rank'::text)", "Plans": [{"Node Type": "Bitmap Index Scan", "Parent Relationship": "Outer", "Index Name": "info_type_pkey", "Startup Cost": 0.0, "Total Cost": 8.81, "Plan Rows": 112, "Plan Width": 0}]}, {"Node Type": "Bitmap Heap Scan", "Parent Relationship": "Inner", "Relation Name": "movie_info_idx", "Alias": "mi_idx", "Startup Cost": 7502.06, "Total Cost": 18288.66, "Plan Rows": 345008, "Plan Width": 8, "Recheck Cond": "(info_type_id = it.id), (LLVM Optimized)", "Plans": [{"Node Type": "Bitmap Index Scan", "Parent Relationship": "Outer", "Index Name": "info_type_id_movie_info_idx", "Startup Cost": 0.0, "Total Cost": 7415.81, "Plan Rows": 345008, "Plan Width": 0, "Index Cond": "(info_type_id = it.id)"}]}]}, {"Node Type": "Hash", "Parent Relationship": "Inner", "Startup Cost": 116389.16, "Total Cost": 116389.16, "Plan Rows": 1381886, "Plan Width": 25, "Plans": [{"Node Type": "Bitmap Heap Scan", "Parent Relationship": "Outer", "Relation Name": "title", "Alias": "t", "Startup Cost": 49999.28, "Total Cost": 116389.16, "Plan Rows": 1381886, "Plan Width": 25, "Filter": "(production_year > 2000), (LLVM Optimized)", "Plans": [{"Node Type": "Bitmap Index Scan", "Parent Relationship": "Outer", "Index Name": "title_pkey", "Startup Cost": 0.0, "Total Cost": 49653.81, "Plan Rows": 2528311, "Plan Width": 0}]}]}]}]}]}]}, "Unique SQL Id": 2492542741, "Planner Runtime": 9}, "explain_analyze_plan": null}, "(16, 8)": {"explain_plan": {"Plan": {"Node Type": "Aggregate", "Strategy": "Plain", "Startup Cost": 160574.31, "Total Cost": 160574.34, "Plan Rows": 1, "Plan Width": 113, "Plans": [{"Node Type": "Streaming(type: LOCAL GATHER dop: 1/16)", "Parent Relationship": "Outer", "Startup Cost": 160574.31, "Total Cost": 160574.34, "Plan Rows": 1, "Plan Width": 113, "Plans": [{"Node Type": "Aggregate", "Strategy": "Plain", "Parent Relationship": "Outer", "Startup Cost": 160574.31, "Total Cost": 160574.32, "Plan Rows": 1, "Plan Width": 113, "Plans": [{"Node Type": "Hash Join", "Parent Relationship": "Outer", "Join Type": "Inner", "Startup Cost": 75437.67, "Total Cost": 155695.12, "Plan Rows": 650559, "Plan Width": 45, "Inner Unique": false, "Hash Cond": "(t.id = mc.movie_id), (LLVM Optimized)", "Plans": [{"Node Type": "Streaming(type: LOCAL REDISTRIBUTE dop: 16/16)", "Parent Relationship": "Outer", "Startup Cost": 20228.97, "Total Cost": 99863.53, "Plan Rows": 447839, "Plan Width": 29, "Plans": [{"Node Type": "Hash Join", "Parent Relationship": "Outer", "Join Type": "Inner", "Startup Cost": 20228.97, "Total Cost": 83166.64, "Plan Rows": 447839, "Plan Width": 29, "Inner Unique": true, "Hash Cond": "(mi_idx.movie_id = t.id), (LLVM Optimized)", "Plans": [{"Node Type": "Streaming(type: BROADCAST dop: 16/16)", "Parent Relationship": "Outer", "Startup Cost": 0.0, "Total Cost": 61363.99, "Plan Rows": 5520128, "Plan Width": 4, "Plans": [{"Node Type": "Nested Loop", "Parent Relationship": "Outer", "Join Type": "Inner", "Startup Cost": 0.0, "Total Cost": 32348.04, "Plan Rows": 345008, "Plan Width": 4, "Inner Unique": false, "Join Filter": "(it.id = mi_idx.info_type_id), (LLVM Optimized)", "Plans": [{"Node Type": "Streaming(type: BROADCAST dop: 16/1)", "Parent Relationship": "Outer", "Startup Cost": 0.0, "Total Cost": 15002.75, "Plan Rows": 16, "Plan Width": 4, "Plans": [{"Node Type": "Seq Scan", "Parent Relationship": "Outer", "Relation Name": "info_type", "Alias": "it", "Startup Cost": 0.0, "Total Cost": 2.4, "Plan Rows": 1, "Plan Width": 4, "Filter": "((info)::text = 'bottom 10 rank'::text)"}]}, {"Node Type": "Seq Scan", "Parent Relationship": "Inner", "Relation Name": "movie_info_idx", "Alias": "mi_idx", "Startup Cost": 0.0, "Total Cost": 16267.15, "Plan Rows": 1380034, "Plan Width": 8}]}]}, {"Node Type": "Hash", "Parent Relationship": "Inner", "Startup Cost": 19149.37, "Total Cost": 19149.37, "Plan Rows": 1381886, "Plan Width": 25, "Plans": [{"Node Type": "Seq Scan", "Parent Relationship": "Outer", "Relation Name": "title", "Alias": "t", "Startup Cost": 0.0, "Total Cost": 19149.37, "Plan Rows": 1381886, "Plan Width": 25, "Filter": "(production_year > 2000), (LLVM Optimized)"}]}]}]}, {"Node Type": "Hash", "Parent Relationship": "Inner", "Startup Cost": 54189.55, "Total Cost": 54189.55, "Plan Rows": 1304518, "Plan Width": 28, "Plans": [{"Node Type": "Streaming(type: LOCAL REDISTRIBUTE dop: 16/16)", "Parent Relationship": "Outer", "Startup Cost": 15001.4, "Total Cost": 54189.55, "Plan Rows": 1304518, "Plan Width": 28, "Plans": [{"Node Type": "Hash Join", "Parent Relationship": "Outer", "Join Type": "Inner", "Startup Cost": 15001.4, "Total Cost": 34246.65, "Plan Rows": 1304518, "Plan Width": 28, "Inner Unique": true, "Hash Cond": "(mc.company_type_id = ct.id), (LLVM Optimized)", "Plans": [{"Node Type": "Seq Scan", "Parent Relationship": "Outer", "Relation Name": "movie_companies", "Alias": "mc", "Startup Cost": 0.0, "Total Cost": 18021.26, "Plan Rows": 2609035, "Plan Width": 32, "Filter": "((note)::text !~~ '%(as Metro-Goldwyn-Mayer Pictures)%'::text), (LLVM Optimized)"}, {"Node Type": "Hash", "Parent Relationship": "Inner", "Startup Cost": 15001.38, "Total Cost": 15001.38, "Plan Rows": 16, "Plan Width": 4, "Plans": [{"Node Type": "Streaming(type: BROADCAST dop: 16/1)", "Parent Relationship": "Outer", "Startup Cost": 0.0, "Total Cost": 15001.38, "Plan Rows": 16, "Plan Width": 4, "Plans": [{"Node Type": "Seq Scan", "Parent Relationship": "Outer", "Relation Name": "company_type", "Alias": "ct", "Startup Cost": 0.0, "Total Cost": 1.04, "Plan Rows": 1, "Plan Width": 4, "Filter": "((kind)::text = 'production companies'::text)"}]}]}]}]}]}]}]}]}]}, "Unique SQL Id": 2492542741, "Planner Runtime": 24}, "explain_analyze_plan": {"Plan": {"Node Type": "Aggregate", "Strategy": "Plain", "Startup Cost": 160574.31, "Total Cost": 160574.34, "Plan Rows": 1, "Plan Width": 113, "Actual Min Startup Time": 294.631, "Actual Max Startup Time": 294.631, "Actual Min Total Time": 294.631, "Actual Max Total Time": 294.631, "Plans": [{"Node Type": "Streaming(type: LOCAL GATHER dop: 1/16)", "Parent Relationship": "Outer", "Startup Cost": 160574.31, "Total Cost": 160574.34, "Plan Rows": 1, "Plan Width": 113, "Actual Min Startup Time": 294.32, "Actual Max Startup Time": 294.32, "Actual Min Total Time": 294.607, "Actual Max Total Time": 294.607, "Plans": [{"Node Type": "Aggregate", "Strategy": "Plain", "Parent Relationship": "Outer", "Startup Cost": 160574.31, "Total Cost": 160574.32, "Plan Rows": 1, "Plan Width": 113, "Actual Min Startup Time": 93.315, "Actual Max Startup Time": 144.24, "Actual Min Total Time": 93.315, "Actual Max Total Time": 144.24, "Plans": [{"Node Type": "Hash Join", "Parent Relationship": "Outer", "Join Type": "Inner", "Startup Cost": 75437.67, "Total Cost": 155695.12, "Plan Rows": 650559, "Plan Width": 45, "Actual Min Startup Time": 93.31, "Actual Max Startup Time": 144.232, "Actual Min Total Time": 93.31, "Actual Max Total Time": 144.232, "Inner Unique": false, "Hash Cond": "(t.id = mc.movie_id), (LLVM Optimized)", "Plans": [{"Node Type": "Streaming(type: LOCAL REDISTRIBUTE dop: 16/16)", "Parent Relationship": "Outer", "Startup Cost": 20228.97, "Total Cost": 99863.53, "Plan Rows": 447839, "Plan Width": 29, "Actual Min Startup Time": 0.026, "Actual Max Startup Time": 2.09, "Actual Min Total Time": 2.001, "Actual Max Total Time": 2.09, "Plans": [{"Node Type": "Hash Join", "Parent Relationship": "Outer", "Join Type": "Inner", "Startup Cost": 20228.97, "Total Cost": 83166.64, "Plan Rows": 447839, "Plan Width": 29, "Actual Min Startup Time": 89.837, "Actual Max Startup Time": 98.162, "Actual Min Total Time": 89.837, "Actual Max Total Time": 98.162, "Inner Unique": true, "Hash Cond": "(mi_idx.movie_id = t.id), (LLVM Optimized)", "Plans": [{"Node Type": "Streaming(type: BROADCAST dop: 16/16)", "Parent Relationship": "Outer", "Startup Cost": 0.0, "Total Cost": 61363.99, "Plan Rows": 5520128, "Plan Width": 4, "Actual Min Startup Time": 0.026, "Actual Max Startup Time": 0.057, "Actual Min Total Time": 0.028, "Actual Max Total Time": 0.059, "Plans": [{"Node Type": "Nested Loop", "Parent Relationship": "Outer", "Join Type": "Inner", "Startup Cost": 0.0, "Total Cost": 32348.04, "Plan Rows": 345008, "Plan Width": 4, "Actual Min Startup Time": 34.818, "Actual Max Startup Time": 48.797, "Actual Min Total Time": 34.818, "Actual Max Total Time": 48.797, "Inner Unique": false, "Join Filter": "(it.id = mi_idx.info_type_id), (LLVM Optimized)", "Rows Removed by Join Filter": 1380024, "Plans": [{"Node Type": "Streaming(type: BROADCAST dop: 16/1)", "Parent Relationship": "Outer", "Startup Cost": 0.0, "Total Cost": 15002.75, "Plan Rows": 16, "Plan Width": 4, "Actual Min Startup Time": 0.003, "Actual Max Startup Time": 11.925, "Actual Min Total Time": 0.004, "Actual Max Total Time": 11.925, "Plans": [{"Node Type": "Seq Scan", "Parent Relationship": "Outer", "Relation Name": "info_type", "Alias": "it", "Startup Cost": 0.0, "Total Cost": 2.4, "Plan Rows": 1, "Plan Width": 4, "Actual Min Startup Time": 0.077, "Actual Max Startup Time": 0.077, "Actual Min Total Time": 0.081, "Actual Max Total Time": 0.081, "Filter": "((info)::text = 'bottom 10 rank'::text)", "Rows Removed by Filter": 111, "Actual Rows": 1}], "Actual Rows": 16}, {"Node Type": "Seq Scan", "Parent Relationship": "Inner", "Relation Name": "movie_info_idx", "Alias": "mi_idx", "Startup Cost": 0.0, "Total Cost": 16267.15, "Plan Rows": 1380034, "Plan Width": 8, "Actual Min Startup Time": 0.037, "Actual Max Startup Time": 0.099, "Actual Min Total Time": 18.623, "Actual Max Total Time": 22.145, "Actual Rows": 1380034}], "Actual Rows": 10}], "Actual Rows": 160}, {"Node Type": "Hash", "Parent Relationship": "Inner", "Startup Cost": 19149.37, "Total Cost": 19149.37, "Plan Rows": 1381886, "Plan Width": 25, "Actual Min Startup Time": 89.69, "Actual Max Startup Time": 97.992, "Actual Min Total Time": 89.69, "Actual Max Total Time": 97.992, "Max Hash Buckets": 131072, "Min Hash Buckets": 131072, "Max Hash Batches": 1, "Min Hash Batches": 1, "Max Original Hash Batches": 1, "Min Original Hash Batches": 1, "Max Peak Memory Usage": 5066, "min Peak Memory Usage": 5066, "Plans": [{"Node Type": "Seq Scan", "Parent Relationship": "Outer", "Relation Name": "title", "Alias": "t", "Startup Cost": 0.0, "Total Cost": 19149.37, "Plan Rows": 1381886, "Plan Width": 25, "Actual Min Startup Time": 0.027, "Actual Max Startup Time": 0.045, "Actual Min Total Time": 61.934, "Actual Max Total Time": 69.455, "Filter": "(production_year > 2000), (LLVM Optimized)", "Rows Removed by Filter": 1146858, "Actual Rows": 1381453}], "Actual Rows": 1381453}], "Actual Rows": 6}], "Actual Rows": 6}, {"Node Type": "Hash", "Parent Relationship": "Inner", "Startup Cost": 54189.55, "Total Cost": 54189.55, "Plan Rows": 1304518, "Plan Width": 28, "Actual Min Startup Time": 91.078, "Actual Max Startup Time": 142.008, "Actual Min Total Time": 91.078, "Actual Max Total Time": 142.008, "Max Hash Buckets": 131072, "Min Hash Buckets": 131072, "Max Hash Batches": 1, "Min Hash Batches": 1, "Max Original Hash Batches": 1, "Min Original Hash Batches": 1, "Max Peak Memory Usage": 494, "min Peak Memory Usage": 494, "Plans": [{"Node Type": "Streaming(type: LOCAL REDISTRIBUTE dop: 16/16)", "Parent Relationship": "Outer", "Startup Cost": 15001.4, "Total Cost": 54189.55, "Plan Rows": 1304518, "Plan Width": 28, "Actual Min Startup Time": 0.052, "Actual Max Startup Time": 49.718, "Actual Min Total Time": 88.056, "Actual Max Total Time": 138.917, "Plans": [{"Node Type": "Hash Join", "Parent Relationship": "Outer", "Join Type": "Inner", "Startup Cost": 15001.4, "Total Cost": 34246.65, "Plan Rows": 1304518, "Plan Width": 28, "Actual Min Startup Time": 48.49, "Actual Max Startup Time": 55.874, "Actual Min Total Time": 72.267, "Actual Max Total Time": 83.096, "Inner Unique": true, "Hash Cond": "(mc.company_type_id = ct.id), (LLVM Optimized)", "Plans": [{"Node Type": "Seq Scan", "Parent Relationship": "Outer", "Relation Name": "movie_companies", "Alias": "mc", "Startup Cost": 0.0, "Total Cost": 18021.26, "Plan Rows": 2609035, "Plan Width": 32, "Actual Min Startup Time": 0.03, "Actual Max Startup Time": 0.052, "Actual Min Total Time": 57.433, "Actual Max Total Time": 64.847, "Filter": "((note)::text !~~ '%(as Metro-Goldwyn-Mayer Pictures)%'::text), (LLVM Optimized)", "Rows Removed by Filter": 1272041, "Actual Rows": 1337087}, {"Node Type": "Hash", "Parent Relationship": "Inner", "Startup Cost": 15001.38, "Total Cost": 15001.38, "Plan Rows": 16, "Plan Width": 4, "Actual Min Startup Time": 0.012, "Actual Max Startup Time": 0.027, "Actual Min Total Time": 0.012, "Actual Max Total Time": 0.027, "Max Hash Buckets": 32768, "Min Hash Buckets": 32768, "Max Hash Batches": 1, "Min Hash Batches": 1, "Max Original Hash Batches": 1, "Min Original Hash Batches": 1, "Max Peak Memory Usage": 1, "min Peak Memory Usage": 1, "Plans": [{"Node Type": "Streaming(type: BROADCAST dop: 16/1)", "Parent Relationship": "Outer", "Startup Cost": 0.0, "Total Cost": 15001.38, "Plan Rows": 16, "Plan Width": 4, "Actual Min Startup Time": 0.003, "Actual Max Startup Time": 0.008, "Actual Min Total Time": 0.003, "Actual Max Total Time": 0.009, "Plans": [{"Node Type": "Seq Scan", "Parent Relationship": "Outer", "Relation Name": "company_type", "Alias": "ct", "Startup Cost": 0.0, "Total Cost": 1.04, "Plan Rows": 1, "Plan Width": 4, "Actual Min Startup Time": 0.034, "Actual Max Startup Time": 0.034, "Actual Min Total Time": 0.037, "Actual Max Total Time": 0.037, "Filter": "((kind)::text = 'production companies'::text)", "Rows Removed by Filter": 2, "Actual Rows": 1}], "Actual Rows": 16}], "Actual Rows": 16}], "Actual Rows": 140904}], "Actual Rows": 140904}], "Actual Rows": 140904}], "Actual Rows": 4}], "Actual Rows": 16}], "Actual Rows": 16}], "Actual Rows": 1}, "Triggers": [], "Planner Runtime": 22, "Total Runtime": 318.495, "Unique SQL Id": 2492542741}}, "(16, 9)": {"explain_plan": {"Plan": {"Node Type": "Aggregate", "Strategy": "Plain", "Startup Cost": 289841.3, "Total Cost": 289841.33, "Plan Rows": 1, "Plan Width": 113, "Plans": [{"Node Type": "Streaming(type: LOCAL GATHER dop: 1/16)", "Parent Relationship": "Outer", "Startup Cost": 289841.3, "Total Cost": 289841.33, "Plan Rows": 1, "Plan Width": 113, "Plans": [{"Node Type": "Aggregate", "Strategy": "Plain", "Parent Relationship": "Outer", "Startup Cost": 289841.3, "Total Cost": 289841.31, "Plan Rows": 1, "Plan Width": 113, "Plans": [{"Node Type": "Hash Join", "Parent Relationship": "Outer", "Join Type": "Inner", "Startup Cost": 140318.89, "Total Cost": 284962.1, "Plan Rows": 650559, "Plan Width": 45, "Inner Unique": false, "Hash Cond": "(t.id = mi_idx.movie_id), (LLVM Optimized)", "Plans": [{"Node Type": "Streaming(type: LOCAL REDISTRIBUTE dop: 16/16)", "Parent Relationship": "Outer", "Startup Cost": 123128.27, "Total Cost": 267031.63, "Plan Rows": 1693335, "Plan Width": 53, "Plans": [{"Node Type": "Hash Join", "Parent Relationship": "Outer", "Join Type": "Inner", "Startup Cost": 123128.27, "Total Cost": 245615.48, "Plan Rows": 1693335, "Plan Width": 53, "Inner Unique": true, "Hash Cond": "(mc.movie_id = t.id), (LLVM Optimized)", "Plans": [{"Node Type": "Streaming(type: LOCAL REDISTRIBUTE dop: 16/16)", "Parent Relationship": "Outer", "Startup Cost": 0.0, "Total Cost": 121123.13, "Plan Rows": 1304518, "Plan Width": 28, "Plans": [{"Node Type": "Nested Loop", "Parent Relationship": "Outer", "Join Type": "Inner", "Startup Cost": 0.0, "Total Cost": 101180.23, "Plan Rows": 1304518, "Plan Width": 28, "Inner Unique": false, "Join Filter": "(ct.id = mc.company_type_id), (LLVM Optimized)", "Plans": [{"Node Type": "Streaming(type: BROADCAST dop: 16/1)", "Parent Relationship": "Outer", "Startup Cost": 0.0, "Total Cost": 15012.65, "Plan Rows": 16, "Plan Width": 4, "Plans": [{"Node Type": "Index Scan", "Parent Relationship": "Outer", "Scan Direction": "Forward", "Index Name": "company_type_pkey", "Relation Name": "company_type", "Alias": "ct", "Startup Cost": 0.0, "Total Cost": 12.3, "Plan Rows": 1, "Plan Width": 4, "Filter": "((kind)::text = 'production companies'::text)"}]}, {"Node Type": "Index Scan", "Parent Relationship": "Inner", "Scan Direction": "Forward", "Index Name": "company_type_id_movie_companies", "Relation Name": "movie_companies", "Alias": "mc", "Startup Cost": 0.0, "Total Cost": 84129.27, "Plan Rows": 2609035, "Plan Width": 32, "Filter": "((note)::text !~~ '%(as Metro-Goldwyn-Mayer Pictures)%'::text), (LLVM Optimized)"}]}]}, {"Node Type": "Hash", "Parent Relationship": "Inner", "Startup Cost": 122048.67, "Total Cost": 122048.67, "Plan Rows": 1381886, "Plan Width": 25, "Plans": [{"Node Type": "Streaming(type: LOCAL REDISTRIBUTE dop: 16/16)", "Parent Relationship": "Outer", "Startup Cost": 0.0, "Total Cost": 122048.67, "Plan Rows": 1381886, "Plan Width": 25, "Plans": [{"Node Type": "Index Scan", "Parent Relationship": "Outer", "Scan Direction": "Forward", "Index Name": "title_pkey", "Relation Name": "title", "Alias": "t", "Startup Cost": 0.0, "Total Cost": 101812.62, "Plan Rows": 1381886, "Plan Width": 25, "Filter": "(production_year > 2000), (LLVM Optimized)"}]}]}]}]}, {"Node Type": "Hash", "Parent Relationship": "Inner", "Startup Cost": 67684.33, "Total Cost": 67684.33, "Plan Rows": 345008, "Plan Width": 4, "Plans": [{"Node Type": "Streaming(type: LOCAL REDISTRIBUTE dop: 16/1)", "Parent Relationship": "Outer", "Startup Cost": 0.0, "Total Cost": 67684.33, "Plan Rows": 345008, "Plan Width": 4, "Plans": [{"Node Type": "Nested Loop", "Parent Relationship": "Outer", "Join Type": "Inner", "Startup Cost": 0.0, "Total Cost": 38338.2, "Plan Rows": 345008, "Plan Width": 4, "Inner Unique": false, "Plans": [{"Node Type": "Index Scan", "Parent Relationship": "Outer", "Scan Direction": "Forward", "Index Name": "info_type_pkey", "Relation Name": "info_type", "Alias": "it", "Startup Cost": 0.0, "Total Cost": 14.21, "Plan Rows": 1, "Plan Width": 4, "Filter": "((info)::text = 'bottom 10 rank'::text)"}, {"Node Type": "Index Scan", "Parent Relationship": "Inner", "Scan Direction": "Forward", "Index Name": "info_type_id_movie_info_idx", "Relation Name": "movie_info_idx", "Alias": "mi_idx", "Startup Cost": 0.0, "Total Cost": 34873.91, "Plan Rows": 345008, "Plan Width": 8, "Index Cond": "(info_type_id = it.id), (LLVM Optimized)"}]}]}]}]}]}]}]}, "Unique SQL Id": 2492542741, "Planner Runtime": 18}, "explain_analyze_plan": null}, "(16, 10)": {"explain_plan": {"Plan": {"Node Type": "Aggregate", "Strategy": "Plain", "Startup Cost": 160574.31, "Total Cost": 160574.34, "Plan Rows": 1, "Plan Width": 113, "Plans": [{"Node Type": "Streaming(type: LOCAL GATHER dop: 1/16)", "Parent Relationship": "Outer", "Startup Cost": 160574.31, "Total Cost": 160574.34, "Plan Rows": 1, "Plan Width": 113, "Plans": [{"Node Type": "Aggregate", "Strategy": "Plain", "Parent Relationship": "Outer", "Startup Cost": 160574.31, "Total Cost": 160574.32, "Plan Rows": 1, "Plan Width": 113, "Plans": [{"Node Type": "Hash Join", "Parent Relationship": "Outer", "Join Type": "Inner", "Startup Cost": 75437.67, "Total Cost": 155695.12, "Plan Rows": 650559, "Plan Width": 45, "Inner Unique": false, "Hash Cond": "(t.id = mc.movie_id), (LLVM Optimized)", "Plans": [{"Node Type": "Streaming(type: LOCAL REDISTRIBUTE dop: 16/16)", "Parent Relationship": "Outer", "Startup Cost": 20228.97, "Total Cost": 99863.53, "Plan Rows": 447839, "Plan Width": 29, "Plans": [{"Node Type": "Hash Join", "Parent Relationship": "Outer", "Join Type": "Inner", "Startup Cost": 20228.97, "Total Cost": 83166.64, "Plan Rows": 447839, "Plan Width": 29, "Inner Unique": true, "Hash Cond": "(mi_idx.movie_id = t.id), (LLVM Optimized)", "Plans": [{"Node Type": "Streaming(type: BROADCAST dop: 16/16)", "Parent Relationship": "Outer", "Startup Cost": 0.0, "Total Cost": 61363.99, "Plan Rows": 5520128, "Plan Width": 4, "Plans": [{"Node Type": "Nested Loop", "Parent Relationship": "Outer", "Join Type": "Inner", "Startup Cost": 0.0, "Total Cost": 32348.04, "Plan Rows": 345008, "Plan Width": 4, "Inner Unique": false, "Join Filter": "(it.id = mi_idx.info_type_id), (LLVM Optimized)", "Plans": [{"Node Type": "Streaming(type: BROADCAST dop: 16/1)", "Parent Relationship": "Outer", "Startup Cost": 0.0, "Total Cost": 15002.75, "Plan Rows": 16, "Plan Width": 4, "Plans": [{"Node Type": "Seq Scan", "Parent Relationship": "Outer", "Relation Name": "info_type", "Alias": "it", "Startup Cost": 0.0, "Total Cost": 2.4, "Plan Rows": 1, "Plan Width": 4, "Filter": "((info)::text = 'bottom 10 rank'::text)"}]}, {"Node Type": "Seq Scan", "Parent Relationship": "Inner", "Relation Name": "movie_info_idx", "Alias": "mi_idx", "Startup Cost": 0.0, "Total Cost": 16267.15, "Plan Rows": 1380034, "Plan Width": 8}]}]}, {"Node Type": "Hash", "Parent Relationship": "Inner", "Startup Cost": 19149.37, "Total Cost": 19149.37, "Plan Rows": 1381886, "Plan Width": 25, "Plans": [{"Node Type": "Seq Scan", "Parent Relationship": "Outer", "Relation Name": "title", "Alias": "t", "Startup Cost": 0.0, "Total Cost": 19149.37, "Plan Rows": 1381886, "Plan Width": 25, "Filter": "(production_year > 2000), (LLVM Optimized)"}]}]}]}, {"Node Type": "Hash", "Parent Relationship": "Inner", "Startup Cost": 54189.55, "Total Cost": 54189.55, "Plan Rows": 1304518, "Plan Width": 28, "Plans": [{"Node Type": "Streaming(type: LOCAL REDISTRIBUTE dop: 16/16)", "Parent Relationship": "Outer", "Startup Cost": 15001.4, "Total Cost": 54189.55, "Plan Rows": 1304518, "Plan Width": 28, "Plans": [{"Node Type": "Hash Join", "Parent Relationship": "Outer", "Join Type": "Inner", "Startup Cost": 15001.4, "Total Cost": 34246.65, "Plan Rows": 1304518, "Plan Width": 28, "Inner Unique": true, "Hash Cond": "(mc.company_type_id = ct.id), (LLVM Optimized)", "Plans": [{"Node Type": "Seq Scan", "Parent Relationship": "Outer", "Relation Name": "movie_companies", "Alias": "mc", "Startup Cost": 0.0, "Total Cost": 18021.26, "Plan Rows": 2609035, "Plan Width": 32, "Filter": "((note)::text !~~ '%(as Metro-Goldwyn-Mayer Pictures)%'::text), (LLVM Optimized)"}, {"Node Type": "Hash", "Parent Relationship": "Inner", "Startup Cost": 15001.38, "Total Cost": 15001.38, "Plan Rows": 16, "Plan Width": 4, "Plans": [{"Node Type": "Streaming(type: BROADCAST dop: 16/1)", "Parent Relationship": "Outer", "Startup Cost": 0.0, "Total Cost": 15001.38, "Plan Rows": 16, "Plan Width": 4, "Plans": [{"Node Type": "Seq Scan", "Parent Relationship": "Outer", "Relation Name": "company_type", "Alias": "ct", "Startup Cost": 0.0, "Total Cost": 1.04, "Plan Rows": 1, "Plan Width": 4, "Filter": "((kind)::text = 'production companies'::text)"}]}]}]}]}]}]}]}]}]}, "Unique SQL Id": 2492542741, "Planner Runtime": 24}, "explain_analyze_plan": {"Plan": {"Node Type": "Aggregate", "Strategy": "Plain", "Startup Cost": 160574.31, "Total Cost": 160574.34, "Plan Rows": 1, "Plan Width": 113, "Actual Min Startup Time": 294.631, "Actual Max Startup Time": 294.631, "Actual Min Total Time": 294.631, "Actual Max Total Time": 294.631, "Plans": [{"Node Type": "Streaming(type: LOCAL GATHER dop: 1/16)", "Parent Relationship": "Outer", "Startup Cost": 160574.31, "Total Cost": 160574.34, "Plan Rows": 1, "Plan Width": 113, "Actual Min Startup Time": 294.32, "Actual Max Startup Time": 294.32, "Actual Min Total Time": 294.607, "Actual Max Total Time": 294.607, "Plans": [{"Node Type": "Aggregate", "Strategy": "Plain", "Parent Relationship": "Outer", "Startup Cost": 160574.31, "Total Cost": 160574.32, "Plan Rows": 1, "Plan Width": 113, "Actual Min Startup Time": 93.315, "Actual Max Startup Time": 144.24, "Actual Min Total Time": 93.315, "Actual Max Total Time": 144.24, "Plans": [{"Node Type": "Hash Join", "Parent Relationship": "Outer", "Join Type": "Inner", "Startup Cost": 75437.67, "Total Cost": 155695.12, "Plan Rows": 650559, "Plan Width": 45, "Actual Min Startup Time": 93.31, "Actual Max Startup Time": 144.232, "Actual Min Total Time": 93.31, "Actual Max Total Time": 144.232, "Inner Unique": false, "Hash Cond": "(t.id = mc.movie_id), (LLVM Optimized)", "Plans": [{"Node Type": "Streaming(type: LOCAL REDISTRIBUTE dop: 16/16)", "Parent Relationship": "Outer", "Startup Cost": 20228.97, "Total Cost": 99863.53, "Plan Rows": 447839, "Plan Width": 29, "Actual Min Startup Time": 0.026, "Actual Max Startup Time": 2.09, "Actual Min Total Time": 2.001, "Actual Max Total Time": 2.09, "Plans": [{"Node Type": "Hash Join", "Parent Relationship": "Outer", "Join Type": "Inner", "Startup Cost": 20228.97, "Total Cost": 83166.64, "Plan Rows": 447839, "Plan Width": 29, "Actual Min Startup Time": 89.837, "Actual Max Startup Time": 98.162, "Actual Min Total Time": 89.837, "Actual Max Total Time": 98.162, "Inner Unique": true, "Hash Cond": "(mi_idx.movie_id = t.id), (LLVM Optimized)", "Plans": [{"Node Type": "Streaming(type: BROADCAST dop: 16/16)", "Parent Relationship": "Outer", "Startup Cost": 0.0, "Total Cost": 61363.99, "Plan Rows": 5520128, "Plan Width": 4, "Actual Min Startup Time": 0.026, "Actual Max Startup Time": 0.057, "Actual Min Total Time": 0.028, "Actual Max Total Time": 0.059, "Plans": [{"Node Type": "Nested Loop", "Parent Relationship": "Outer", "Join Type": "Inner", "Startup Cost": 0.0, "Total Cost": 32348.04, "Plan Rows": 345008, "Plan Width": 4, "Actual Min Startup Time": 34.818, "Actual Max Startup Time": 48.797, "Actual Min Total Time": 34.818, "Actual Max Total Time": 48.797, "Inner Unique": false, "Join Filter": "(it.id = mi_idx.info_type_id), (LLVM Optimized)", "Rows Removed by Join Filter": 1380024, "Plans": [{"Node Type": "Streaming(type: BROADCAST dop: 16/1)", "Parent Relationship": "Outer", "Startup Cost": 0.0, "Total Cost": 15002.75, "Plan Rows": 16, "Plan Width": 4, "Actual Min Startup Time": 0.003, "Actual Max Startup Time": 11.925, "Actual Min Total Time": 0.004, "Actual Max Total Time": 11.925, "Plans": [{"Node Type": "Seq Scan", "Parent Relationship": "Outer", "Relation Name": "info_type", "Alias": "it", "Startup Cost": 0.0, "Total Cost": 2.4, "Plan Rows": 1, "Plan Width": 4, "Actual Min Startup Time": 0.077, "Actual Max Startup Time": 0.077, "Actual Min Total Time": 0.081, "Actual Max Total Time": 0.081, "Filter": "((info)::text = 'bottom 10 rank'::text)", "Rows Removed by Filter": 111, "Actual Rows": 1}], "Actual Rows": 16}, {"Node Type": "Seq Scan", "Parent Relationship": "Inner", "Relation Name": "movie_info_idx", "Alias": "mi_idx", "Startup Cost": 0.0, "Total Cost": 16267.15, "Plan Rows": 1380034, "Plan Width": 8, "Actual Min Startup Time": 0.037, "Actual Max Startup Time": 0.099, "Actual Min Total Time": 18.623, "Actual Max Total Time": 22.145, "Actual Rows": 1380034}], "Actual Rows": 10}], "Actual Rows": 160}, {"Node Type": "Hash", "Parent Relationship": "Inner", "Startup Cost": 19149.37, "Total Cost": 19149.37, "Plan Rows": 1381886, "Plan Width": 25, "Actual Min Startup Time": 89.69, "Actual Max Startup Time": 97.992, "Actual Min Total Time": 89.69, "Actual Max Total Time": 97.992, "Max Hash Buckets": 131072, "Min Hash Buckets": 131072, "Max Hash Batches": 1, "Min Hash Batches": 1, "Max Original Hash Batches": 1, "Min Original Hash Batches": 1, "Max Peak Memory Usage": 5066, "min Peak Memory Usage": 5066, "Plans": [{"Node Type": "Seq Scan", "Parent Relationship": "Outer", "Relation Name": "title", "Alias": "t", "Startup Cost": 0.0, "Total Cost": 19149.37, "Plan Rows": 1381886, "Plan Width": 25, "Actual Min Startup Time": 0.027, "Actual Max Startup Time": 0.045, "Actual Min Total Time": 61.934, "Actual Max Total Time": 69.455, "Filter": "(production_year > 2000), (LLVM Optimized)", "Rows Removed by Filter": 1146858, "Actual Rows": 1381453}], "Actual Rows": 1381453}], "Actual Rows": 6}], "Actual Rows": 6}, {"Node Type": "Hash", "Parent Relationship": "Inner", "Startup Cost": 54189.55, "Total Cost": 54189.55, "Plan Rows": 1304518, "Plan Width": 28, "Actual Min Startup Time": 91.078, "Actual Max Startup Time": 142.008, "Actual Min Total Time": 91.078, "Actual Max Total Time": 142.008, "Max Hash Buckets": 131072, "Min Hash Buckets": 131072, "Max Hash Batches": 1, "Min Hash Batches": 1, "Max Original Hash Batches": 1, "Min Original Hash Batches": 1, "Max Peak Memory Usage": 494, "min Peak Memory Usage": 494, "Plans": [{"Node Type": "Streaming(type: LOCAL REDISTRIBUTE dop: 16/16)", "Parent Relationship": "Outer", "Startup Cost": 15001.4, "Total Cost": 54189.55, "Plan Rows": 1304518, "Plan Width": 28, "Actual Min Startup Time": 0.052, "Actual Max Startup Time": 49.718, "Actual Min Total Time": 88.056, "Actual Max Total Time": 138.917, "Plans": [{"Node Type": "Hash Join", "Parent Relationship": "Outer", "Join Type": "Inner", "Startup Cost": 15001.4, "Total Cost": 34246.65, "Plan Rows": 1304518, "Plan Width": 28, "Actual Min Startup Time": 48.49, "Actual Max Startup Time": 55.874, "Actual Min Total Time": 72.267, "Actual Max Total Time": 83.096, "Inner Unique": true, "Hash Cond": "(mc.company_type_id = ct.id), (LLVM Optimized)", "Plans": [{"Node Type": "Seq Scan", "Parent Relationship": "Outer", "Relation Name": "movie_companies", "Alias": "mc", "Startup Cost": 0.0, "Total Cost": 18021.26, "Plan Rows": 2609035, "Plan Width": 32, "Actual Min Startup Time": 0.03, "Actual Max Startup Time": 0.052, "Actual Min Total Time": 57.433, "Actual Max Total Time": 64.847, "Filter": "((note)::text !~~ '%(as Metro-Goldwyn-Mayer Pictures)%'::text), (LLVM Optimized)", "Rows Removed by Filter": 1272041, "Actual Rows": 1337087}, {"Node Type": "Hash", "Parent Relationship": "Inner", "Startup Cost": 15001.38, "Total Cost": 15001.38, "Plan Rows": 16, "Plan Width": 4, "Actual Min Startup Time": 0.012, "Actual Max Startup Time": 0.027, "Actual Min Total Time": 0.012, "Actual Max Total Time": 0.027, "Max Hash Buckets": 32768, "Min Hash Buckets": 32768, "Max Hash Batches": 1, "Min Hash Batches": 1, "Max Original Hash Batches": 1, "Min Original Hash Batches": 1, "Max Peak Memory Usage": 1, "min Peak Memory Usage": 1, "Plans": [{"Node Type": "Streaming(type: BROADCAST dop: 16/1)", "Parent Relationship": "Outer", "Startup Cost": 0.0, "Total Cost": 15001.38, "Plan Rows": 16, "Plan Width": 4, "Actual Min Startup Time": 0.003, "Actual Max Startup Time": 0.008, "Actual Min Total Time": 0.003, "Actual Max Total Time": 0.009, "Plans": [{"Node Type": "Seq Scan", "Parent Relationship": "Outer", "Relation Name": "company_type", "Alias": "ct", "Startup Cost": 0.0, "Total Cost": 1.04, "Plan Rows": 1, "Plan Width": 4, "Actual Min Startup Time": 0.034, "Actual Max Startup Time": 0.034, "Actual Min Total Time": 0.037, "Actual Max Total Time": 0.037, "Filter": "((kind)::text = 'production companies'::text)", "Rows Removed by Filter": 2, "Actual Rows": 1}], "Actual Rows": 16}], "Actual Rows": 16}], "Actual Rows": 140904}], "Actual Rows": 140904}], "Actual Rows": 140904}], "Actual Rows": 4}], "Actual Rows": 16}], "Actual Rows": 16}], "Actual Rows": 1}, "Triggers": [], "Planner Runtime": 22, "Total Runtime": 318.495, "Unique SQL Id": 2492542741}}, "(16, 11)": {"explain_plan": {"Plan": {"Node Type": "Aggregate", "Strategy": "Plain", "Startup Cost": 4997226399715.34, "Total Cost": 4997226399715.35, "Plan Rows": 1, "Plan Width": 113, "Plans": [{"Node Type": "Nested Loop", "Parent Relationship": "Outer", "Join Type": "Inner", "Startup Cost": 50027231635.11, "Total Cost": 4997226394836.15, "Plan Rows": 650559, "Plan Width": 45, "Inner Unique": false, "Join Filter": "(mi_idx.info_type_id = it.id), (LLVM Optimized)", "Plans": [{"Node Type": "Index Scan", "Parent Relationship": "Outer", "Scan Direction": "Forward", "Index Name": "info_type_pkey", "Relation Name": "info_type", "Alias": "it", "Startup Cost": 10000000000.0, "Total Cost": 1000000001421.0, "Plan Rows": 1, "Plan Width": 4, "Filter": "((info)::text = 'bottom 10 rank'::text)"}, {"Node Type": "Nested Loop", "Parent Relationship": "Inner", "Join Type": "Inner", "Startup Cost": 40027231635.11, "Total Cost": 3997226360887.19, "Plan Rows": 2602236, "Plan Width": 49, "Inner Unique": false, "Join Filter": "(mc.company_type_id = ct.id), (LLVM Optimized)", "Plans": [{"Node Type": "Index Scan", "Parent Relationship": "Outer", "Scan Direction": "Forward", "Index Name": "company_type_pkey", "Relation Name": "company_type", "Alias": "ct", "Startup Cost": 10000000000.0, "Total Cost": 1000000001230.25, "Plan Rows": 1, "Plan Width": 4, "Filter": "((kind)::text = 'production companies'::text)"}, {"Node Type": "Merge Join", "Parent Relationship": "Inner", "Join Type": "Inner", "Startup Cost": 30027231635.11, "Total Cost": 2997226306897.65, "Plan Rows": 4220744, "Plan Width": 53, "Inner Unique": false, "Merge Cond": "(mi_idx.movie_id = t.id)", "Plans": [{"Node Type": "Index Scan", "Parent Relationship": "Outer", "Scan Direction": "Forward", "Index Name": "movie_id_movie_info_idx", "Relation Name": "movie_info_idx", "Alias": "mi_idx", "Startup Cost": 10000000000.0, "Total Cost": 1000004650035.37, "Plan Rows": 1380034, "Plan Width": 8}, {"Node Type": "Materialize", "Parent Relationship": "Inner", "Startup Cost": 20021492619.09, "Total Cost": 1999076868999.12, "Plan Rows": 3320699, "Plan Width": 57, "Plans": [{"Node Type": "Merge Join", "Parent Relationship": "Outer", "Join Type": "Inner", "Startup Cost": 20021492619.09, "Total Cost": 1999076860697.37, "Plan Rows": 3320699, "Plan Width": 57, "Inner Unique": false, "Merge Cond": "(t.id = mc.movie_id)", "Plans": [{"Node Type": "Index Scan", "Parent Relationship": "Outer", "Scan Direction": "Forward", "Index Name": "title_pkey", "Relation Name": "title", "Alias": "t", "Startup Cost": 10000000000.0, "Total Cost": 1000011644126.66, "Plan Rows": 1381886, "Plan Width": 25, "Filter": "(production_year > 2000), (LLVM Optimized)"}, {"Node Type": "Materialize", "Parent Relationship": "Inner", "Startup Cost": 10000000000.0, "Total Cost": 1000013710750.72, "Plan Rows": 2609035, "Plan Width": 32, "Plans": [{"Node Type": "Index Scan", "Parent Relationship": "Outer", "Scan Direction": "Forward", "Index Name": "movie_id_movie_companies", "Relation Name": "movie_companies", "Alias": "mc", "Startup Cost": 10000000000.0, "Total Cost": 1000013704228.13, "Plan Rows": 2609035, "Plan Width": 32, "Filter": "((note)::text !~~ '%(as Metro-Goldwyn-Mayer Pictures)%'::text), (LLVM Optimized)"}]}]}]}]}]}]}]}, "Unique SQL Id": 2492542741, "Planner Runtime": 12}, "explain_analyze_plan": null}, "(16, 12)": {"explain_plan": {"Plan": {"Node Type": "Aggregate", "Strategy": "Plain", "Startup Cost": 160574.31, "Total Cost": 160574.34, "Plan Rows": 1, "Plan Width": 113, "Plans": [{"Node Type": "Streaming(type: LOCAL GATHER dop: 1/16)", "Parent Relationship": "Outer", "Startup Cost": 160574.31, "Total Cost": 160574.34, "Plan Rows": 1, "Plan Width": 113, "Plans": [{"Node Type": "Aggregate", "Strategy": "Plain", "Parent Relationship": "Outer", "Startup Cost": 160574.31, "Total Cost": 160574.32, "Plan Rows": 1, "Plan Width": 113, "Plans": [{"Node Type": "Hash Join", "Parent Relationship": "Outer", "Join Type": "Inner", "Startup Cost": 75437.67, "Total Cost": 155695.12, "Plan Rows": 650559, "Plan Width": 45, "Inner Unique": false, "Hash Cond": "(t.id = mc.movie_id), (LLVM Optimized)", "Plans": [{"Node Type": "Streaming(type: LOCAL REDISTRIBUTE dop: 16/16)", "Parent Relationship": "Outer", "Startup Cost": 20228.97, "Total Cost": 99863.53, "Plan Rows": 447839, "Plan Width": 29, "Plans": [{"Node Type": "Hash Join", "Parent Relationship": "Outer", "Join Type": "Inner", "Startup Cost": 20228.97, "Total Cost": 83166.64, "Plan Rows": 447839, "Plan Width": 29, "Inner Unique": true, "Hash Cond": "(mi_idx.movie_id = t.id), (LLVM Optimized)", "Plans": [{"Node Type": "Streaming(type: BROADCAST dop: 16/16)", "Parent Relationship": "Outer", "Startup Cost": 0.0, "Total Cost": 61363.99, "Plan Rows": 5520128, "Plan Width": 4, "Plans": [{"Node Type": "Nested Loop", "Parent Relationship": "Outer", "Join Type": "Inner", "Startup Cost": 0.0, "Total Cost": 32348.04, "Plan Rows": 345008, "Plan Width": 4, "Inner Unique": false, "Join Filter": "(it.id = mi_idx.info_type_id), (LLVM Optimized)", "Plans": [{"Node Type": "Streaming(type: BROADCAST dop: 16/1)", "Parent Relationship": "Outer", "Startup Cost": 0.0, "Total Cost": 15002.75, "Plan Rows": 16, "Plan Width": 4, "Plans": [{"Node Type": "Seq Scan", "Parent Relationship": "Outer", "Relation Name": "info_type", "Alias": "it", "Startup Cost": 0.0, "Total Cost": 2.4, "Plan Rows": 1, "Plan Width": 4, "Filter": "((info)::text = 'bottom 10 rank'::text)"}]}, {"Node Type": "Seq Scan", "Parent Relationship": "Inner", "Relation Name": "movie_info_idx", "Alias": "mi_idx", "Startup Cost": 0.0, "Total Cost": 16267.15, "Plan Rows": 1380034, "Plan Width": 8}]}]}, {"Node Type": "Hash", "Parent Relationship": "Inner", "Startup Cost": 19149.37, "Total Cost": 19149.37, "Plan Rows": 1381886, "Plan Width": 25, "Plans": [{"Node Type": "Seq Scan", "Parent Relationship": "Outer", "Relation Name": "title", "Alias": "t", "Startup Cost": 0.0, "Total Cost": 19149.37, "Plan Rows": 1381886, "Plan Width": 25, "Filter": "(production_year > 2000), (LLVM Optimized)"}]}]}]}, {"Node Type": "Hash", "Parent Relationship": "Inner", "Startup Cost": 54189.55, "Total Cost": 54189.55, "Plan Rows": 1304518, "Plan Width": 28, "Plans": [{"Node Type": "Streaming(type: LOCAL REDISTRIBUTE dop: 16/16)", "Parent Relationship": "Outer", "Startup Cost": 15001.4, "Total Cost": 54189.55, "Plan Rows": 1304518, "Plan Width": 28, "Plans": [{"Node Type": "Hash Join", "Parent Relationship": "Outer", "Join Type": "Inner", "Startup Cost": 15001.4, "Total Cost": 34246.65, "Plan Rows": 1304518, "Plan Width": 28, "Inner Unique": true, "Hash Cond": "(mc.company_type_id = ct.id), (LLVM Optimized)", "Plans": [{"Node Type": "Seq Scan", "Parent Relationship": "Outer", "Relation Name": "movie_companies", "Alias": "mc", "Startup Cost": 0.0, "Total Cost": 18021.26, "Plan Rows": 2609035, "Plan Width": 32, "Filter": "((note)::text !~~ '%(as Metro-Goldwyn-Mayer Pictures)%'::text), (LLVM Optimized)"}, {"Node Type": "Hash", "Parent Relationship": "Inner", "Startup Cost": 15001.38, "Total Cost": 15001.38, "Plan Rows": 16, "Plan Width": 4, "Plans": [{"Node Type": "Streaming(type: BROADCAST dop: 16/1)", "Parent Relationship": "Outer", "Startup Cost": 0.0, "Total Cost": 15001.38, "Plan Rows": 16, "Plan Width": 4, "Plans": [{"Node Type": "Seq Scan", "Parent Relationship": "Outer", "Relation Name": "company_type", "Alias": "ct", "Startup Cost": 0.0, "Total Cost": 1.04, "Plan Rows": 1, "Plan Width": 4, "Filter": "((kind)::text = 'production companies'::text)"}]}]}]}]}]}]}]}]}]}, "Unique SQL Id": 2492542741, "Planner Runtime": 24}, "explain_analyze_plan": {"Plan": {"Node Type": "Aggregate", "Strategy": "Plain", "Startup Cost": 160574.31, "Total Cost": 160574.34, "Plan Rows": 1, "Plan Width": 113, "Actual Min Startup Time": 294.631, "Actual Max Startup Time": 294.631, "Actual Min Total Time": 294.631, "Actual Max Total Time": 294.631, "Plans": [{"Node Type": "Streaming(type: LOCAL GATHER dop: 1/16)", "Parent Relationship": "Outer", "Startup Cost": 160574.31, "Total Cost": 160574.34, "Plan Rows": 1, "Plan Width": 113, "Actual Min Startup Time": 294.32, "Actual Max Startup Time": 294.32, "Actual Min Total Time": 294.607, "Actual Max Total Time": 294.607, "Plans": [{"Node Type": "Aggregate", "Strategy": "Plain", "Parent Relationship": "Outer", "Startup Cost": 160574.31, "Total Cost": 160574.32, "Plan Rows": 1, "Plan Width": 113, "Actual Min Startup Time": 93.315, "Actual Max Startup Time": 144.24, "Actual Min Total Time": 93.315, "Actual Max Total Time": 144.24, "Plans": [{"Node Type": "Hash Join", "Parent Relationship": "Outer", "Join Type": "Inner", "Startup Cost": 75437.67, "Total Cost": 155695.12, "Plan Rows": 650559, "Plan Width": 45, "Actual Min Startup Time": 93.31, "Actual Max Startup Time": 144.232, "Actual Min Total Time": 93.31, "Actual Max Total Time": 144.232, "Inner Unique": false, "Hash Cond": "(t.id = mc.movie_id), (LLVM Optimized)", "Plans": [{"Node Type": "Streaming(type: LOCAL REDISTRIBUTE dop: 16/16)", "Parent Relationship": "Outer", "Startup Cost": 20228.97, "Total Cost": 99863.53, "Plan Rows": 447839, "Plan Width": 29, "Actual Min Startup Time": 0.026, "Actual Max Startup Time": 2.09, "Actual Min Total Time": 2.001, "Actual Max Total Time": 2.09, "Plans": [{"Node Type": "Hash Join", "Parent Relationship": "Outer", "Join Type": "Inner", "Startup Cost": 20228.97, "Total Cost": 83166.64, "Plan Rows": 447839, "Plan Width": 29, "Actual Min Startup Time": 89.837, "Actual Max Startup Time": 98.162, "Actual Min Total Time": 89.837, "Actual Max Total Time": 98.162, "Inner Unique": true, "Hash Cond": "(mi_idx.movie_id = t.id), (LLVM Optimized)", "Plans": [{"Node Type": "Streaming(type: BROADCAST dop: 16/16)", "Parent Relationship": "Outer", "Startup Cost": 0.0, "Total Cost": 61363.99, "Plan Rows": 5520128, "Plan Width": 4, "Actual Min Startup Time": 0.026, "Actual Max Startup Time": 0.057, "Actual Min Total Time": 0.028, "Actual Max Total Time": 0.059, "Plans": [{"Node Type": "Nested Loop", "Parent Relationship": "Outer", "Join Type": "Inner", "Startup Cost": 0.0, "Total Cost": 32348.04, "Plan Rows": 345008, "Plan Width": 4, "Actual Min Startup Time": 34.818, "Actual Max Startup Time": 48.797, "Actual Min Total Time": 34.818, "Actual Max Total Time": 48.797, "Inner Unique": false, "Join Filter": "(it.id = mi_idx.info_type_id), (LLVM Optimized)", "Rows Removed by Join Filter": 1380024, "Plans": [{"Node Type": "Streaming(type: BROADCAST dop: 16/1)", "Parent Relationship": "Outer", "Startup Cost": 0.0, "Total Cost": 15002.75, "Plan Rows": 16, "Plan Width": 4, "Actual Min Startup Time": 0.003, "Actual Max Startup Time": 11.925, "Actual Min Total Time": 0.004, "Actual Max Total Time": 11.925, "Plans": [{"Node Type": "Seq Scan", "Parent Relationship": "Outer", "Relation Name": "info_type", "Alias": "it", "Startup Cost": 0.0, "Total Cost": 2.4, "Plan Rows": 1, "Plan Width": 4, "Actual Min Startup Time": 0.077, "Actual Max Startup Time": 0.077, "Actual Min Total Time": 0.081, "Actual Max Total Time": 0.081, "Filter": "((info)::text = 'bottom 10 rank'::text)", "Rows Removed by Filter": 111, "Actual Rows": 1}], "Actual Rows": 16}, {"Node Type": "Seq Scan", "Parent Relationship": "Inner", "Relation Name": "movie_info_idx", "Alias": "mi_idx", "Startup Cost": 0.0, "Total Cost": 16267.15, "Plan Rows": 1380034, "Plan Width": 8, "Actual Min Startup Time": 0.037, "Actual Max Startup Time": 0.099, "Actual Min Total Time": 18.623, "Actual Max Total Time": 22.145, "Actual Rows": 1380034}], "Actual Rows": 10}], "Actual Rows": 160}, {"Node Type": "Hash", "Parent Relationship": "Inner", "Startup Cost": 19149.37, "Total Cost": 19149.37, "Plan Rows": 1381886, "Plan Width": 25, "Actual Min Startup Time": 89.69, "Actual Max Startup Time": 97.992, "Actual Min Total Time": 89.69, "Actual Max Total Time": 97.992, "Max Hash Buckets": 131072, "Min Hash Buckets": 131072, "Max Hash Batches": 1, "Min Hash Batches": 1, "Max Original Hash Batches": 1, "Min Original Hash Batches": 1, "Max Peak Memory Usage": 5066, "min Peak Memory Usage": 5066, "Plans": [{"Node Type": "Seq Scan", "Parent Relationship": "Outer", "Relation Name": "title", "Alias": "t", "Startup Cost": 0.0, "Total Cost": 19149.37, "Plan Rows": 1381886, "Plan Width": 25, "Actual Min Startup Time": 0.027, "Actual Max Startup Time": 0.045, "Actual Min Total Time": 61.934, "Actual Max Total Time": 69.455, "Filter": "(production_year > 2000), (LLVM Optimized)", "Rows Removed by Filter": 1146858, "Actual Rows": 1381453}], "Actual Rows": 1381453}], "Actual Rows": 6}], "Actual Rows": 6}, {"Node Type": "Hash", "Parent Relationship": "Inner", "Startup Cost": 54189.55, "Total Cost": 54189.55, "Plan Rows": 1304518, "Plan Width": 28, "Actual Min Startup Time": 91.078, "Actual Max Startup Time": 142.008, "Actual Min Total Time": 91.078, "Actual Max Total Time": 142.008, "Max Hash Buckets": 131072, "Min Hash Buckets": 131072, "Max Hash Batches": 1, "Min Hash Batches": 1, "Max Original Hash Batches": 1, "Min Original Hash Batches": 1, "Max Peak Memory Usage": 494, "min Peak Memory Usage": 494, "Plans": [{"Node Type": "Streaming(type: LOCAL REDISTRIBUTE dop: 16/16)", "Parent Relationship": "Outer", "Startup Cost": 15001.4, "Total Cost": 54189.55, "Plan Rows": 1304518, "Plan Width": 28, "Actual Min Startup Time": 0.052, "Actual Max Startup Time": 49.718, "Actual Min Total Time": 88.056, "Actual Max Total Time": 138.917, "Plans": [{"Node Type": "Hash Join", "Parent Relationship": "Outer", "Join Type": "Inner", "Startup Cost": 15001.4, "Total Cost": 34246.65, "Plan Rows": 1304518, "Plan Width": 28, "Actual Min Startup Time": 48.49, "Actual Max Startup Time": 55.874, "Actual Min Total Time": 72.267, "Actual Max Total Time": 83.096, "Inner Unique": true, "Hash Cond": "(mc.company_type_id = ct.id), (LLVM Optimized)", "Plans": [{"Node Type": "Seq Scan", "Parent Relationship": "Outer", "Relation Name": "movie_companies", "Alias": "mc", "Startup Cost": 0.0, "Total Cost": 18021.26, "Plan Rows": 2609035, "Plan Width": 32, "Actual Min Startup Time": 0.03, "Actual Max Startup Time": 0.052, "Actual Min Total Time": 57.433, "Actual Max Total Time": 64.847, "Filter": "((note)::text !~~ '%(as Metro-Goldwyn-Mayer Pictures)%'::text), (LLVM Optimized)", "Rows Removed by Filter": 1272041, "Actual Rows": 1337087}, {"Node Type": "Hash", "Parent Relationship": "Inner", "Startup Cost": 15001.38, "Total Cost": 15001.38, "Plan Rows": 16, "Plan Width": 4, "Actual Min Startup Time": 0.012, "Actual Max Startup Time": 0.027, "Actual Min Total Time": 0.012, "Actual Max Total Time": 0.027, "Max Hash Buckets": 32768, "Min Hash Buckets": 32768, "Max Hash Batches": 1, "Min Hash Batches": 1, "Max Original Hash Batches": 1, "Min Original Hash Batches": 1, "Max Peak Memory Usage": 1, "min Peak Memory Usage": 1, "Plans": [{"Node Type": "Streaming(type: BROADCAST dop: 16/1)", "Parent Relationship": "Outer", "Startup Cost": 0.0, "Total Cost": 15001.38, "Plan Rows": 16, "Plan Width": 4, "Actual Min Startup Time": 0.003, "Actual Max Startup Time": 0.008, "Actual Min Total Time": 0.003, "Actual Max Total Time": 0.009, "Plans": [{"Node Type": "Seq Scan", "Parent Relationship": "Outer", "Relation Name": "company_type", "Alias": "ct", "Startup Cost": 0.0, "Total Cost": 1.04, "Plan Rows": 1, "Plan Width": 4, "Actual Min Startup Time": 0.034, "Actual Max Startup Time": 0.034, "Actual Min Total Time": 0.037, "Actual Max Total Time": 0.037, "Filter": "((kind)::text = 'production companies'::text)", "Rows Removed by Filter": 2, "Actual Rows": 1}], "Actual Rows": 16}], "Actual Rows": 16}], "Actual Rows": 140904}], "Actual Rows": 140904}], "Actual Rows": 140904}], "Actual Rows": 4}], "Actual Rows": 16}], "Actual Rows": 16}], "Actual Rows": 1}, "Triggers": [], "Planner Runtime": 22, "Total Runtime": 318.495, "Unique SQL Id": 2492542741}}, "(16, 13)": {"explain_plan": {"Plan": {"Node Type": "Aggregate", "Strategy": "Plain", "Startup Cost": 289841.3, "Total Cost": 289841.33, "Plan Rows": 1, "Plan Width": 113, "Plans": [{"Node Type": "Streaming(type: LOCAL GATHER dop: 1/16)", "Parent Relationship": "Outer", "Startup Cost": 289841.3, "Total Cost": 289841.33, "Plan Rows": 1, "Plan Width": 113, "Plans": [{"Node Type": "Aggregate", "Strategy": "Plain", "Parent Relationship": "Outer", "Startup Cost": 289841.3, "Total Cost": 289841.31, "Plan Rows": 1, "Plan Width": 113, "Plans": [{"Node Type": "Hash Join", "Parent Relationship": "Outer", "Join Type": "Inner", "Startup Cost": 140318.89, "Total Cost": 284962.1, "Plan Rows": 650559, "Plan Width": 45, "Inner Unique": false, "Hash Cond": "(t.id = mi_idx.movie_id), (LLVM Optimized)", "Plans": [{"Node Type": "Streaming(type: LOCAL REDISTRIBUTE dop: 16/16)", "Parent Relationship": "Outer", "Startup Cost": 123128.27, "Total Cost": 267031.63, "Plan Rows": 1693335, "Plan Width": 53, "Plans": [{"Node Type": "Hash Join", "Parent Relationship": "Outer", "Join Type": "Inner", "Startup Cost": 123128.27, "Total Cost": 245615.48, "Plan Rows": 1693335, "Plan Width": 53, "Inner Unique": true, "Hash Cond": "(mc.movie_id = t.id), (LLVM Optimized)", "Plans": [{"Node Type": "Streaming(type: LOCAL REDISTRIBUTE dop: 16/16)", "Parent Relationship": "Outer", "Startup Cost": 0.0, "Total Cost": 121123.13, "Plan Rows": 1304518, "Plan Width": 28, "Plans": [{"Node Type": "Nested Loop", "Parent Relationship": "Outer", "Join Type": "Inner", "Startup Cost": 0.0, "Total Cost": 101180.23, "Plan Rows": 1304518, "Plan Width": 28, "Inner Unique": false, "Join Filter": "(ct.id = mc.company_type_id), (LLVM Optimized)", "Plans": [{"Node Type": "Streaming(type: BROADCAST dop: 16/1)", "Parent Relationship": "Outer", "Startup Cost": 0.0, "Total Cost": 15012.65, "Plan Rows": 16, "Plan Width": 4, "Plans": [{"Node Type": "Index Scan", "Parent Relationship": "Outer", "Scan Direction": "Forward", "Index Name": "company_type_pkey", "Relation Name": "company_type", "Alias": "ct", "Startup Cost": 0.0, "Total Cost": 12.3, "Plan Rows": 1, "Plan Width": 4, "Filter": "((kind)::text = 'production companies'::text)"}]}, {"Node Type": "Index Scan", "Parent Relationship": "Inner", "Scan Direction": "Forward", "Index Name": "company_type_id_movie_companies", "Relation Name": "movie_companies", "Alias": "mc", "Startup Cost": 0.0, "Total Cost": 84129.27, "Plan Rows": 2609035, "Plan Width": 32, "Filter": "((note)::text !~~ '%(as Metro-Goldwyn-Mayer Pictures)%'::text), (LLVM Optimized)"}]}]}, {"Node Type": "Hash", "Parent Relationship": "Inner", "Startup Cost": 122048.67, "Total Cost": 122048.67, "Plan Rows": 1381886, "Plan Width": 25, "Plans": [{"Node Type": "Streaming(type: LOCAL REDISTRIBUTE dop: 16/16)", "Parent Relationship": "Outer", "Startup Cost": 0.0, "Total Cost": 122048.67, "Plan Rows": 1381886, "Plan Width": 25, "Plans": [{"Node Type": "Index Scan", "Parent Relationship": "Outer", "Scan Direction": "Forward", "Index Name": "title_pkey", "Relation Name": "title", "Alias": "t", "Startup Cost": 0.0, "Total Cost": 101812.62, "Plan Rows": 1381886, "Plan Width": 25, "Filter": "(production_year > 2000), (LLVM Optimized)"}]}]}]}]}, {"Node Type": "Hash", "Parent Relationship": "Inner", "Startup Cost": 67684.33, "Total Cost": 67684.33, "Plan Rows": 345008, "Plan Width": 4, "Plans": [{"Node Type": "Streaming(type: LOCAL REDISTRIBUTE dop: 16/1)", "Parent Relationship": "Outer", "Startup Cost": 0.0, "Total Cost": 67684.33, "Plan Rows": 345008, "Plan Width": 4, "Plans": [{"Node Type": "Nested Loop", "Parent Relationship": "Outer", "Join Type": "Inner", "Startup Cost": 0.0, "Total Cost": 38338.2, "Plan Rows": 345008, "Plan Width": 4, "Inner Unique": false, "Plans": [{"Node Type": "Index Scan", "Parent Relationship": "Outer", "Scan Direction": "Forward", "Index Name": "info_type_pkey", "Relation Name": "info_type", "Alias": "it", "Startup Cost": 0.0, "Total Cost": 14.21, "Plan Rows": 1, "Plan Width": 4, "Filter": "((info)::text = 'bottom 10 rank'::text)"}, {"Node Type": "Index Scan", "Parent Relationship": "Inner", "Scan Direction": "Forward", "Index Name": "info_type_id_movie_info_idx", "Relation Name": "movie_info_idx", "Alias": "mi_idx", "Startup Cost": 0.0, "Total Cost": 34873.91, "Plan Rows": 345008, "Plan Width": 8, "Index Cond": "(info_type_id = it.id), (LLVM Optimized)"}]}]}]}]}]}]}]}, "Unique SQL Id": 2492542741, "Planner Runtime": 18}, "explain_analyze_plan": null}, "(16, 14)": {"explain_plan": {"Plan": {"Node Type": "Aggregate", "Strategy": "Plain", "Startup Cost": 160574.31, "Total Cost": 160574.34, "Plan Rows": 1, "Plan Width": 113, "Plans": [{"Node Type": "Streaming(type: LOCAL GATHER dop: 1/16)", "Parent Relationship": "Outer", "Startup Cost": 160574.31, "Total Cost": 160574.34, "Plan Rows": 1, "Plan Width": 113, "Plans": [{"Node Type": "Aggregate", "Strategy": "Plain", "Parent Relationship": "Outer", "Startup Cost": 160574.31, "Total Cost": 160574.32, "Plan Rows": 1, "Plan Width": 113, "Plans": [{"Node Type": "Hash Join", "Parent Relationship": "Outer", "Join Type": "Inner", "Startup Cost": 75437.67, "Total Cost": 155695.12, "Plan Rows": 650559, "Plan Width": 45, "Inner Unique": false, "Hash Cond": "(t.id = mc.movie_id), (LLVM Optimized)", "Plans": [{"Node Type": "Streaming(type: LOCAL REDISTRIBUTE dop: 16/16)", "Parent Relationship": "Outer", "Startup Cost": 20228.97, "Total Cost": 99863.53, "Plan Rows": 447839, "Plan Width": 29, "Plans": [{"Node Type": "Hash Join", "Parent Relationship": "Outer", "Join Type": "Inner", "Startup Cost": 20228.97, "Total Cost": 83166.64, "Plan Rows": 447839, "Plan Width": 29, "Inner Unique": true, "Hash Cond": "(mi_idx.movie_id = t.id), (LLVM Optimized)", "Plans": [{"Node Type": "Streaming(type: BROADCAST dop: 16/16)", "Parent Relationship": "Outer", "Startup Cost": 0.0, "Total Cost": 61363.99, "Plan Rows": 5520128, "Plan Width": 4, "Plans": [{"Node Type": "Nested Loop", "Parent Relationship": "Outer", "Join Type": "Inner", "Startup Cost": 0.0, "Total Cost": 32348.04, "Plan Rows": 345008, "Plan Width": 4, "Inner Unique": false, "Join Filter": "(it.id = mi_idx.info_type_id), (LLVM Optimized)", "Plans": [{"Node Type": "Streaming(type: BROADCAST dop: 16/1)", "Parent Relationship": "Outer", "Startup Cost": 0.0, "Total Cost": 15002.75, "Plan Rows": 16, "Plan Width": 4, "Plans": [{"Node Type": "Seq Scan", "Parent Relationship": "Outer", "Relation Name": "info_type", "Alias": "it", "Startup Cost": 0.0, "Total Cost": 2.4, "Plan Rows": 1, "Plan Width": 4, "Filter": "((info)::text = 'bottom 10 rank'::text)"}]}, {"Node Type": "Seq Scan", "Parent Relationship": "Inner", "Relation Name": "movie_info_idx", "Alias": "mi_idx", "Startup Cost": 0.0, "Total Cost": 16267.15, "Plan Rows": 1380034, "Plan Width": 8}]}]}, {"Node Type": "Hash", "Parent Relationship": "Inner", "Startup Cost": 19149.37, "Total Cost": 19149.37, "Plan Rows": 1381886, "Plan Width": 25, "Plans": [{"Node Type": "Seq Scan", "Parent Relationship": "Outer", "Relation Name": "title", "Alias": "t", "Startup Cost": 0.0, "Total Cost": 19149.37, "Plan Rows": 1381886, "Plan Width": 25, "Filter": "(production_year > 2000), (LLVM Optimized)"}]}]}]}, {"Node Type": "Hash", "Parent Relationship": "Inner", "Startup Cost": 54189.55, "Total Cost": 54189.55, "Plan Rows": 1304518, "Plan Width": 28, "Plans": [{"Node Type": "Streaming(type: LOCAL REDISTRIBUTE dop: 16/16)", "Parent Relationship": "Outer", "Startup Cost": 15001.4, "Total Cost": 54189.55, "Plan Rows": 1304518, "Plan Width": 28, "Plans": [{"Node Type": "Hash Join", "Parent Relationship": "Outer", "Join Type": "Inner", "Startup Cost": 15001.4, "Total Cost": 34246.65, "Plan Rows": 1304518, "Plan Width": 28, "Inner Unique": true, "Hash Cond": "(mc.company_type_id = ct.id), (LLVM Optimized)", "Plans": [{"Node Type": "Seq Scan", "Parent Relationship": "Outer", "Relation Name": "movie_companies", "Alias": "mc", "Startup Cost": 0.0, "Total Cost": 18021.26, "Plan Rows": 2609035, "Plan Width": 32, "Filter": "((note)::text !~~ '%(as Metro-Goldwyn-Mayer Pictures)%'::text), (LLVM Optimized)"}, {"Node Type": "Hash", "Parent Relationship": "Inner", "Startup Cost": 15001.38, "Total Cost": 15001.38, "Plan Rows": 16, "Plan Width": 4, "Plans": [{"Node Type": "Streaming(type: BROADCAST dop: 16/1)", "Parent Relationship": "Outer", "Startup Cost": 0.0, "Total Cost": 15001.38, "Plan Rows": 16, "Plan Width": 4, "Plans": [{"Node Type": "Seq Scan", "Parent Relationship": "Outer", "Relation Name": "company_type", "Alias": "ct", "Startup Cost": 0.0, "Total Cost": 1.04, "Plan Rows": 1, "Plan Width": 4, "Filter": "((kind)::text = 'production companies'::text)"}]}]}]}]}]}]}]}]}]}, "Unique SQL Id": 2492542741, "Planner Runtime": 24}, "explain_analyze_plan": {"Plan": {"Node Type": "Aggregate", "Strategy": "Plain", "Startup Cost": 160574.31, "Total Cost": 160574.34, "Plan Rows": 1, "Plan Width": 113, "Actual Min Startup Time": 294.631, "Actual Max Startup Time": 294.631, "Actual Min Total Time": 294.631, "Actual Max Total Time": 294.631, "Plans": [{"Node Type": "Streaming(type: LOCAL GATHER dop: 1/16)", "Parent Relationship": "Outer", "Startup Cost": 160574.31, "Total Cost": 160574.34, "Plan Rows": 1, "Plan Width": 113, "Actual Min Startup Time": 294.32, "Actual Max Startup Time": 294.32, "Actual Min Total Time": 294.607, "Actual Max Total Time": 294.607, "Plans": [{"Node Type": "Aggregate", "Strategy": "Plain", "Parent Relationship": "Outer", "Startup Cost": 160574.31, "Total Cost": 160574.32, "Plan Rows": 1, "Plan Width": 113, "Actual Min Startup Time": 93.315, "Actual Max Startup Time": 144.24, "Actual Min Total Time": 93.315, "Actual Max Total Time": 144.24, "Plans": [{"Node Type": "Hash Join", "Parent Relationship": "Outer", "Join Type": "Inner", "Startup Cost": 75437.67, "Total Cost": 155695.12, "Plan Rows": 650559, "Plan Width": 45, "Actual Min Startup Time": 93.31, "Actual Max Startup Time": 144.232, "Actual Min Total Time": 93.31, "Actual Max Total Time": 144.232, "Inner Unique": false, "Hash Cond": "(t.id = mc.movie_id), (LLVM Optimized)", "Plans": [{"Node Type": "Streaming(type: LOCAL REDISTRIBUTE dop: 16/16)", "Parent Relationship": "Outer", "Startup Cost": 20228.97, "Total Cost": 99863.53, "Plan Rows": 447839, "Plan Width": 29, "Actual Min Startup Time": 0.026, "Actual Max Startup Time": 2.09, "Actual Min Total Time": 2.001, "Actual Max Total Time": 2.09, "Plans": [{"Node Type": "Hash Join", "Parent Relationship": "Outer", "Join Type": "Inner", "Startup Cost": 20228.97, "Total Cost": 83166.64, "Plan Rows": 447839, "Plan Width": 29, "Actual Min Startup Time": 89.837, "Actual Max Startup Time": 98.162, "Actual Min Total Time": 89.837, "Actual Max Total Time": 98.162, "Inner Unique": true, "Hash Cond": "(mi_idx.movie_id = t.id), (LLVM Optimized)", "Plans": [{"Node Type": "Streaming(type: BROADCAST dop: 16/16)", "Parent Relationship": "Outer", "Startup Cost": 0.0, "Total Cost": 61363.99, "Plan Rows": 5520128, "Plan Width": 4, "Actual Min Startup Time": 0.026, "Actual Max Startup Time": 0.057, "Actual Min Total Time": 0.028, "Actual Max Total Time": 0.059, "Plans": [{"Node Type": "Nested Loop", "Parent Relationship": "Outer", "Join Type": "Inner", "Startup Cost": 0.0, "Total Cost": 32348.04, "Plan Rows": 345008, "Plan Width": 4, "Actual Min Startup Time": 34.818, "Actual Max Startup Time": 48.797, "Actual Min Total Time": 34.818, "Actual Max Total Time": 48.797, "Inner Unique": false, "Join Filter": "(it.id = mi_idx.info_type_id), (LLVM Optimized)", "Rows Removed by Join Filter": 1380024, "Plans": [{"Node Type": "Streaming(type: BROADCAST dop: 16/1)", "Parent Relationship": "Outer", "Startup Cost": 0.0, "Total Cost": 15002.75, "Plan Rows": 16, "Plan Width": 4, "Actual Min Startup Time": 0.003, "Actual Max Startup Time": 11.925, "Actual Min Total Time": 0.004, "Actual Max Total Time": 11.925, "Plans": [{"Node Type": "Seq Scan", "Parent Relationship": "Outer", "Relation Name": "info_type", "Alias": "it", "Startup Cost": 0.0, "Total Cost": 2.4, "Plan Rows": 1, "Plan Width": 4, "Actual Min Startup Time": 0.077, "Actual Max Startup Time": 0.077, "Actual Min Total Time": 0.081, "Actual Max Total Time": 0.081, "Filter": "((info)::text = 'bottom 10 rank'::text)", "Rows Removed by Filter": 111, "Actual Rows": 1}], "Actual Rows": 16}, {"Node Type": "Seq Scan", "Parent Relationship": "Inner", "Relation Name": "movie_info_idx", "Alias": "mi_idx", "Startup Cost": 0.0, "Total Cost": 16267.15, "Plan Rows": 1380034, "Plan Width": 8, "Actual Min Startup Time": 0.037, "Actual Max Startup Time": 0.099, "Actual Min Total Time": 18.623, "Actual Max Total Time": 22.145, "Actual Rows": 1380034}], "Actual Rows": 10}], "Actual Rows": 160}, {"Node Type": "Hash", "Parent Relationship": "Inner", "Startup Cost": 19149.37, "Total Cost": 19149.37, "Plan Rows": 1381886, "Plan Width": 25, "Actual Min Startup Time": 89.69, "Actual Max Startup Time": 97.992, "Actual Min Total Time": 89.69, "Actual Max Total Time": 97.992, "Max Hash Buckets": 131072, "Min Hash Buckets": 131072, "Max Hash Batches": 1, "Min Hash Batches": 1, "Max Original Hash Batches": 1, "Min Original Hash Batches": 1, "Max Peak Memory Usage": 5066, "min Peak Memory Usage": 5066, "Plans": [{"Node Type": "Seq Scan", "Parent Relationship": "Outer", "Relation Name": "title", "Alias": "t", "Startup Cost": 0.0, "Total Cost": 19149.37, "Plan Rows": 1381886, "Plan Width": 25, "Actual Min Startup Time": 0.027, "Actual Max Startup Time": 0.045, "Actual Min Total Time": 61.934, "Actual Max Total Time": 69.455, "Filter": "(production_year > 2000), (LLVM Optimized)", "Rows Removed by Filter": 1146858, "Actual Rows": 1381453}], "Actual Rows": 1381453}], "Actual Rows": 6}], "Actual Rows": 6}, {"Node Type": "Hash", "Parent Relationship": "Inner", "Startup Cost": 54189.55, "Total Cost": 54189.55, "Plan Rows": 1304518, "Plan Width": 28, "Actual Min Startup Time": 91.078, "Actual Max Startup Time": 142.008, "Actual Min Total Time": 91.078, "Actual Max Total Time": 142.008, "Max Hash Buckets": 131072, "Min Hash Buckets": 131072, "Max Hash Batches": 1, "Min Hash Batches": 1, "Max Original Hash Batches": 1, "Min Original Hash Batches": 1, "Max Peak Memory Usage": 494, "min Peak Memory Usage": 494, "Plans": [{"Node Type": "Streaming(type: LOCAL REDISTRIBUTE dop: 16/16)", "Parent Relationship": "Outer", "Startup Cost": 15001.4, "Total Cost": 54189.55, "Plan Rows": 1304518, "Plan Width": 28, "Actual Min Startup Time": 0.052, "Actual Max Startup Time": 49.718, "Actual Min Total Time": 88.056, "Actual Max Total Time": 138.917, "Plans": [{"Node Type": "Hash Join", "Parent Relationship": "Outer", "Join Type": "Inner", "Startup Cost": 15001.4, "Total Cost": 34246.65, "Plan Rows": 1304518, "Plan Width": 28, "Actual Min Startup Time": 48.49, "Actual Max Startup Time": 55.874, "Actual Min Total Time": 72.267, "Actual Max Total Time": 83.096, "Inner Unique": true, "Hash Cond": "(mc.company_type_id = ct.id), (LLVM Optimized)", "Plans": [{"Node Type": "Seq Scan", "Parent Relationship": "Outer", "Relation Name": "movie_companies", "Alias": "mc", "Startup Cost": 0.0, "Total Cost": 18021.26, "Plan Rows": 2609035, "Plan Width": 32, "Actual Min Startup Time": 0.03, "Actual Max Startup Time": 0.052, "Actual Min Total Time": 57.433, "Actual Max Total Time": 64.847, "Filter": "((note)::text !~~ '%(as Metro-Goldwyn-Mayer Pictures)%'::text), (LLVM Optimized)", "Rows Removed by Filter": 1272041, "Actual Rows": 1337087}, {"Node Type": "Hash", "Parent Relationship": "Inner", "Startup Cost": 15001.38, "Total Cost": 15001.38, "Plan Rows": 16, "Plan Width": 4, "Actual Min Startup Time": 0.012, "Actual Max Startup Time": 0.027, "Actual Min Total Time": 0.012, "Actual Max Total Time": 0.027, "Max Hash Buckets": 32768, "Min Hash Buckets": 32768, "Max Hash Batches": 1, "Min Hash Batches": 1, "Max Original Hash Batches": 1, "Min Original Hash Batches": 1, "Max Peak Memory Usage": 1, "min Peak Memory Usage": 1, "Plans": [{"Node Type": "Streaming(type: BROADCAST dop: 16/1)", "Parent Relationship": "Outer", "Startup Cost": 0.0, "Total Cost": 15001.38, "Plan Rows": 16, "Plan Width": 4, "Actual Min Startup Time": 0.003, "Actual Max Startup Time": 0.008, "Actual Min Total Time": 0.003, "Actual Max Total Time": 0.009, "Plans": [{"Node Type": "Seq Scan", "Parent Relationship": "Outer", "Relation Name": "company_type", "Alias": "ct", "Startup Cost": 0.0, "Total Cost": 1.04, "Plan Rows": 1, "Plan Width": 4, "Actual Min Startup Time": 0.034, "Actual Max Startup Time": 0.034, "Actual Min Total Time": 0.037, "Actual Max Total Time": 0.037, "Filter": "((kind)::text = 'production companies'::text)", "Rows Removed by Filter": 2, "Actual Rows": 1}], "Actual Rows": 16}], "Actual Rows": 16}], "Actual Rows": 140904}], "Actual Rows": 140904}], "Actual Rows": 140904}], "Actual Rows": 4}], "Actual Rows": 16}], "Actual Rows": 16}], "Actual Rows": 1}, "Triggers": [], "Planner Runtime": 22, "Total Runtime": 318.495, "Unique SQL Id": 2492542741}}, "(16, 15)": {"explain_plan": {"Plan": {"Node Type": "Aggregate", "Strategy": "Plain", "Startup Cost": 4997226399715.34, "Total Cost": 4997226399715.35, "Plan Rows": 1, "Plan Width": 113, "Plans": [{"Node Type": "Nested Loop", "Parent Relationship": "Outer", "Join Type": "Inner", "Startup Cost": 50027231635.11, "Total Cost": 4997226394836.15, "Plan Rows": 650559, "Plan Width": 45, "Inner Unique": false, "Join Filter": "(mi_idx.info_type_id = it.id), (LLVM Optimized)", "Plans": [{"Node Type": "Index Scan", "Parent Relationship": "Outer", "Scan Direction": "Forward", "Index Name": "info_type_pkey", "Relation Name": "info_type", "Alias": "it", "Startup Cost": 10000000000.0, "Total Cost": 1000000001421.0, "Plan Rows": 1, "Plan Width": 4, "Filter": "((info)::text = 'bottom 10 rank'::text)"}, {"Node Type": "Nested Loop", "Parent Relationship": "Inner", "Join Type": "Inner", "Startup Cost": 40027231635.11, "Total Cost": 3997226360887.19, "Plan Rows": 2602236, "Plan Width": 49, "Inner Unique": false, "Join Filter": "(mc.company_type_id = ct.id), (LLVM Optimized)", "Plans": [{"Node Type": "Index Scan", "Parent Relationship": "Outer", "Scan Direction": "Forward", "Index Name": "company_type_pkey", "Relation Name": "company_type", "Alias": "ct", "Startup Cost": 10000000000.0, "Total Cost": 1000000001230.25, "Plan Rows": 1, "Plan Width": 4, "Filter": "((kind)::text = 'production companies'::text)"}, {"Node Type": "Merge Join", "Parent Relationship": "Inner", "Join Type": "Inner", "Startup Cost": 30027231635.11, "Total Cost": 2997226306897.65, "Plan Rows": 4220744, "Plan Width": 53, "Inner Unique": false, "Merge Cond": "(mi_idx.movie_id = t.id)", "Plans": [{"Node Type": "Index Scan", "Parent Relationship": "Outer", "Scan Direction": "Forward", "Index Name": "movie_id_movie_info_idx", "Relation Name": "movie_info_idx", "Alias": "mi_idx", "Startup Cost": 10000000000.0, "Total Cost": 1000004650035.37, "Plan Rows": 1380034, "Plan Width": 8}, {"Node Type": "Materialize", "Parent Relationship": "Inner", "Startup Cost": 20021492619.09, "Total Cost": 1999076868999.12, "Plan Rows": 3320699, "Plan Width": 57, "Plans": [{"Node Type": "Merge Join", "Parent Relationship": "Outer", "Join Type": "Inner", "Startup Cost": 20021492619.09, "Total Cost": 1999076860697.37, "Plan Rows": 3320699, "Plan Width": 57, "Inner Unique": false, "Merge Cond": "(t.id = mc.movie_id)", "Plans": [{"Node Type": "Index Scan", "Parent Relationship": "Outer", "Scan Direction": "Forward", "Index Name": "title_pkey", "Relation Name": "title", "Alias": "t", "Startup Cost": 10000000000.0, "Total Cost": 1000011644126.66, "Plan Rows": 1381886, "Plan Width": 25, "Filter": "(production_year > 2000), (LLVM Optimized)"}, {"Node Type": "Materialize", "Parent Relationship": "Inner", "Startup Cost": 10000000000.0, "Total Cost": 1000013710750.72, "Plan Rows": 2609035, "Plan Width": 32, "Plans": [{"Node Type": "Index Scan", "Parent Relationship": "Outer", "Scan Direction": "Forward", "Index Name": "movie_id_movie_companies", "Relation Name": "movie_companies", "Alias": "mc", "Startup Cost": 10000000000.0, "Total Cost": 1000013704228.13, "Plan Rows": 2609035, "Plan Width": 32, "Filter": "((note)::text !~~ '%(as Metro-Goldwyn-Mayer Pictures)%'::text), (LLVM Optimized)"}]}]}]}]}]}]}]}, "Unique SQL Id": 2492542741, "Planner Runtime": 12}, "explain_analyze_plan": null}, "(16, 16)": {"explain_plan": {"Plan": {"Node Type": "Aggregate", "Strategy": "Plain", "Startup Cost": 346035.32, "Total Cost": 346035.33, "Plan Rows": 1, "Plan Width": 113, "Plans": [{"Node Type": "Merge Join", "Parent Relationship": "Outer", "Join Type": "Inner", "Startup Cost": 2.6, "Total Cost": 341156.13, "Plan Rows": 650559, "Plan Width": 45, "Inner Unique": true, "Merge Cond": "(mc.movie_id = t.id)", "Plans": [{"Node Type": "Nested Loop", "Parent Relationship": "Outer", "Join Type": "Inner", "Startup Cost": 0.0, "Total Cost": 213616.48, "Plan Rows": 501180, "Plan Width": 32, "Inner Unique": true, "Join Filter": "(mc.company_type_id = ct.id), (LLVM Optimized)", "Plans": [{"Node Type": "Nested Loop", "Parent Relationship": "Outer", "Join Type": "Inner", "Startup Cost": 0.0, "Total Cost": 201179.75, "Plan Rows": 829046, "Plan Width": 36, "Inner Unique": false, "Plans": [{"Node Type": "Nested Loop", "Parent Relationship": "Outer", "Join Type": "Inner", "Startup Cost": 0.0, "Total Cost": 67203.27, "Plan Rows": 345008, "Plan Width": 4, "Inner Unique": true, "Join Filter": "(it.id = mi_idx.info_type_id), (LLVM Optimized)", "Plans": [{"Node Type": "Index Scan", "Parent Relationship": "Outer", "Scan Direction": "Forward", "Index Name": "movie_id_movie_info_idx", "Relation Name": "movie_info_idx", "Alias": "mi_idx", "Startup Cost": 0.0, "Total Cost": 46500.35, "Plan Rows": 1380034, "Plan Width": 8}, {"Node Type": "Materialize", "Parent Relationship": "Inner", "Startup Cost": 0.0, "Total Cost": 2.41, "Plan Rows": 1, "Plan Width": 4, "Plans": [{"Node Type": "Seq Scan", "Parent Relationship": "Outer", "Relation Name": "info_type", "Alias": "it", "Startup Cost": 0.0, "Total Cost": 2.4, "Plan Rows": 1, "Plan Width": 4, "Filter": "((info)::text = 'bottom 10 rank'::text)"}]}]}, {"Node Type": "Index Scan", "Parent Relationship": "Inner", "Scan Direction": "Forward", "Index Name": "movie_id_movie_companies", "Relation Name": "movie_companies", "Alias": "mc", "Startup Cost": 0.0, "Total Cost": 0.37, "Plan Rows": 2, "Plan Width": 32, "Index Cond": "(movie_id = mi_idx.movie_id)", "Filter": "((note)::text !~~ '%(as Metro-Goldwyn-Mayer Pictures)%'::text)"}]}, {"Node Type": "Materialize", "Parent Relationship": "Inner", "Startup Cost": 0.0, "Total Cost": 1.04, "Plan Rows": 1, "Plan Width": 4, "Plans": [{"Node Type": "Seq Scan", "Parent Relationship": "Outer", "Relation Name": "company_type", "Alias": "ct", "Startup Cost": 0.0, "Total Cost": 1.04, "Plan Rows": 1, "Plan Width": 4, "Filter": "((kind)::text = 'production companies'::text)"}]}]}, {"Node Type": "Index Scan", "Parent Relationship": "Inner", "Scan Direction": "Forward", "Index Name": "title_pkey", "Relation Name": "title", "Alias": "t", "Startup Cost": 0.0, "Total Cost": 116441.27, "Plan Rows": 1381886, "Plan Width": 25, "Filter": "(production_year > 2000), (LLVM Optimized)"}]}]}, "Unique SQL Id": 2492542741, "Planner Runtime": 6}, "explain_analyze_plan": null}, "(16, 17)": {"explain_plan": {"Plan": {"Node Type": "Aggregate", "Strategy": "Plain", "Startup Cost": 346058.39, "Total Cost": 346058.4, "Plan Rows": 1, "Plan Width": 113, "Plans": [{"Node Type": "Merge Join", "Parent Relationship": "Outer", "Join Type": "Inner", "Startup Cost": 2.6, "Total Cost": 341179.2, "Plan Rows": 650559, "Plan Width": 45, "Inner Unique": true, "Merge Cond": "(mc.movie_id = t.id)", "Plans": [{"Node Type": "Nested Loop", "Parent Relationship": "Outer", "Join Type": "Inner", "Startup Cost": 0.0, "Total Cost": 213639.55, "Plan Rows": 501180, "Plan Width": 32, "Inner Unique": true, "Join Filter": "(mc.company_type_id = ct.id), (LLVM Optimized)", "Plans": [{"Node Type": "Nested Loop", "Parent Relationship": "Outer", "Join Type": "Inner", "Startup Cost": 0.0, "Total Cost": 201191.56, "Plan Rows": 829046, "Plan Width": 36, "Inner Unique": false, "Plans": [{"Node Type": "Nested Loop", "Parent Relationship": "Outer", "Join Type": "Inner", "Startup Cost": 0.0, "Total Cost": 67215.08, "Plan Rows": 345008, "Plan Width": 4, "Inner Unique": true, "Join Filter": "(it.id = mi_idx.info_type_id), (LLVM Optimized)", "Plans": [{"Node Type": "Index Scan", "Parent Relationship": "Outer", "Scan Direction": "Forward", "Index Name": "movie_id_movie_info_idx", "Relation Name": "movie_info_idx", "Alias": "mi_idx", "Startup Cost": 0.0, "Total Cost": 46500.35, "Plan Rows": 1380034, "Plan Width": 8}, {"Node Type": "Materialize", "Parent Relationship": "Inner", "Startup Cost": 0.0, "Total Cost": 14.22, "Plan Rows": 1, "Plan Width": 4, "Plans": [{"Node Type": "Index Scan", "Parent Relationship": "Outer", "Scan Direction": "Forward", "Index Name": "info_type_pkey", "Relation Name": "info_type", "Alias": "it", "Startup Cost": 0.0, "Total Cost": 14.21, "Plan Rows": 1, "Plan Width": 4, "Filter": "((info)::text = 'bottom 10 rank'::text)"}]}]}, {"Node Type": "Index Scan", "Parent Relationship": "Inner", "Scan Direction": "Forward", "Index Name": "movie_id_movie_companies", "Relation Name": "movie_companies", "Alias": "mc", "Startup Cost": 0.0, "Total Cost": 0.37, "Plan Rows": 2, "Plan Width": 32, "Index Cond": "(movie_id = mi_idx.movie_id)", "Filter": "((note)::text !~~ '%(as Metro-Goldwyn-Mayer Pictures)%'::text)"}]}, {"Node Type": "Materialize", "Parent Relationship": "Inner", "Startup Cost": 0.0, "Total Cost": 12.31, "Plan Rows": 1, "Plan Width": 4, "Plans": [{"Node Type": "Index Scan", "Parent Relationship": "Outer", "Scan Direction": "Forward", "Index Name": "company_type_pkey", "Relation Name": "company_type", "Alias": "ct", "Startup Cost": 0.0, "Total Cost": 12.3, "Plan Rows": 1, "Plan Width": 4, "Filter": "((kind)::text = 'production companies'::text)"}]}]}, {"Node Type": "Index Scan", "Parent Relationship": "Inner", "Scan Direction": "Forward", "Index Name": "title_pkey", "Relation Name": "title", "Alias": "t", "Startup Cost": 0.0, "Total Cost": 116441.27, "Plan Rows": 1381886, "Plan Width": 25, "Filter": "(production_year > 2000), (LLVM Optimized)"}]}]}, "Unique SQL Id": 2492542741, "Planner Runtime": 7}, "explain_analyze_plan": null}, "(16, 18)": {"explain_plan": {"Plan": {"Node Type": "Aggregate", "Strategy": "Plain", "Startup Cost": 3489758.85, "Total Cost": 3489758.86, "Plan Rows": 1, "Plan Width": 113, "Plans": [{"Node Type": "Nested Loop", "Parent Relationship": "Outer", "Join Type": "Inner", "Startup Cost": 0.58, "Total Cost": 3484879.66, "Plan Rows": 650559, "Plan Width": 45, "Inner Unique": false, "Join Filter": "(mc.company_type_id = ct.id), (LLVM Optimized)", "Plans": [{"Node Type": "Seq Scan", "Parent Relationship": "Outer", "Relation Name": "company_type", "Alias": "ct", "Startup Cost": 0.0, "Total Cost": 1.04, "Plan Rows": 1, "Plan Width": 4, "Filter": "((kind)::text = 'production companies'::text)"}, {"Node Type": "Materialize", "Parent Relationship": "Inner", "Startup Cost": 0.58, "Total Cost": 3474326.78, "Plan Rows": 1055184, "Plan Width": 49, "Plans": [{"Node Type": "Nested Loop", "Parent Relationship": "Outer", "Join Type": "Inner", "Startup Cost": 0.58, "Total Cost": 3471688.82, "Plan Rows": 1055184, "Plan Width": 49, "Inner Unique": false, "Plans": [{"Node Type": "Nested Loop", "Parent Relationship": "Outer", "Join Type": "Inner", "Startup Cost": 0.28, "Total Cost": 1526630.02, "Plan Rows": 447839, "Plan Width": 29, "Inner Unique": true, "Plans": [{"Node Type": "Streaming(type: LOCAL GATHER dop: 1/16)", "Parent Relationship": "Outer", "Startup Cost": 0.0, "Total Cost": 39794.02, "Plan Rows": 345008, "Plan Width": 4, "Plans": [{"Node Type": "Nested Loop", "Parent Relationship": "Outer", "Join Type": "Inner", "Startup Cost": 0.0, "Total Cost": 32348.04, "Plan Rows": 345008, "Plan Width": 4, "Inner Unique": false, "Join Filter": "(it.id = mi_idx.info_type_id), (LLVM Optimized)", "Plans": [{"Node Type": "Streaming(type: BROADCAST dop: 16/1)", "Parent Relationship": "Outer", "Startup Cost": 0.0, "Total Cost": 15002.75, "Plan Rows": 16, "Plan Width": 4, "Plans": [{"Node Type": "Seq Scan", "Parent Relationship": "Outer", "Relation Name": "info_type", "Alias": "it", "Startup Cost": 0.0, "Total Cost": 2.4, "Plan Rows": 1, "Plan Width": 4, "Filter": "((info)::text = 'bottom 10 rank'::text)"}]}, {"Node Type": "Seq Scan", "Parent Relationship": "Inner", "Relation Name": "movie_info_idx", "Alias": "mi_idx", "Startup Cost": 0.0, "Total Cost": 16267.15, "Plan Rows": 1380034, "Plan Width": 8}]}]}, {"Node Type": "Bitmap Heap Scan", "Parent Relationship": "Inner", "Relation Name": "title", "Alias": "t", "Startup Cost": 0.28, "Total Cost": 4.3, "Plan Rows": 1, "Plan Width": 25, "Recheck Cond": "(id = mi_idx.movie_id)", "Filter": "(production_year > 2000)", "Plans": [{"Node Type": "Bitmap Index Scan", "Parent Relationship": "Outer", "Index Name": "title_pkey", "Startup Cost": 0.0, "Total Cost": 0.28, "Plan Rows": 1, "Plan Width": 0, "Index Cond": "(id = mi_idx.movie_id)"}]}]}, {"Node Type": "Bitmap Heap Scan", "Parent Relationship": "Inner", "Relation Name": "movie_companies", "Alias": "mc", "Startup Cost": 0.29, "Total Cost": 4.32, "Plan Rows": 2, "Plan Width": 32, "Recheck Cond": "(movie_id = t.id)", "Filter": "((note)::text !~~ '%(as Metro-Goldwyn-Mayer Pictures)%'::text)", "Plans": [{"Node Type": "Bitmap Index Scan", "Parent Relationship": "Outer", "Index Name": "movie_id_movie_companies", "Startup Cost": 0.0, "Total Cost": 0.29, "Plan Rows": 2, "Plan Width": 0, "Index Cond": "(movie_id = t.id)"}]}]}]}]}]}, "Unique SQL Id": 2492542741, "Planner Runtime": 6}, "explain_analyze_plan": {"Plan": {"Node Type": "Aggregate", "Strategy": "Plain", "Startup Cost": 3489758.85, "Total Cost": 3489758.86, "Plan Rows": 1, "Plan Width": 113, "Actual Min Startup Time": 86.692, "Actual Max Startup Time": 86.692, "Actual Min Total Time": 86.692, "Actual Max Total Time": 86.692, "Plans": [{"Node Type": "Nested Loop", "Parent Relationship": "Outer", "Join Type": "Inner", "Startup Cost": 0.58, "Total Cost": 3484879.66, "Plan Rows": 650559, "Plan Width": 45, "Actual Min Startup Time": 86.649, "Actual Max Startup Time": 86.649, "Actual Min Total Time": 86.662, "Actual Max Total Time": 86.662, "Inner Unique": false, "Join Filter": "(mc.company_type_id = ct.id), (LLVM Optimized)", "Rows Removed by Join Filter": 74, "Plans": [{"Node Type": "Seq Scan", "Parent Relationship": "Outer", "Relation Name": "company_type", "Alias": "ct", "Startup Cost": 0.0, "Total Cost": 1.04, "Plan Rows": 1, "Plan Width": 4, "Actual Min Startup Time": 0.013, "Actual Max Startup Time": 0.013, "Actual Min Total Time": 0.016, "Actual Max Total Time": 0.016, "Filter": "((kind)::text = 'production companies'::text)", "Rows Removed by Filter": 2, "Actual Rows": 1}, {"Node Type": "Materialize", "Parent Relationship": "Inner", "Startup Cost": 0.58, "Total Cost": 3474326.78, "Plan Rows": 1055184, "Plan Width": 49, "Actual Min Startup Time": 86.608, "Actual Max Startup Time": 86.608, "Actual Min Total Time": 86.615, "Actual Max Total Time": 86.615, "Plans": [{"Node Type": "Nested Loop", "Parent Relationship": "Outer", "Join Type": "Inner", "Startup Cost": 0.58, "Total Cost": 3471688.82, "Plan Rows": 1055184, "Plan Width": 49, "Actual Min Startup Time": 84.138, "Actual Max Startup Time": 84.138, "Actual Min Total Time": 86.576, "Actual Max Total Time": 86.576, "Inner Unique": false, "Plans": [{"Node Type": "Nested Loop", "Parent Relationship": "Outer", "Join Type": "Inner", "Startup Cost": 0.28, "Total Cost": 1526630.02, "Plan Rows": 447839, "Plan Width": 29, "Actual Min Startup Time": 84.097, "Actual Max Startup Time": 84.097, "Actual Min Total Time": 86.369, "Actual Max Total Time": 86.369, "Inner Unique": true, "Plans": [{"Node Type": "Streaming(type: LOCAL GATHER dop: 1/16)", "Parent Relationship": "Outer", "Startup Cost": 0.0, "Total Cost": 39794.02, "Plan Rows": 345008, "Plan Width": 4, "Actual Min Startup Time": 83.987, "Actual Max Startup Time": 83.987, "Actual Min Total Time": 86.174, "Actual Max Total Time": 86.174, "Plans": [{"Node Type": "Nested Loop", "Parent Relationship": "Outer", "Join Type": "Inner", "Startup Cost": 0.0, "Total Cost": 32348.04, "Plan Rows": 345008, "Plan Width": 4, "Actual Min Startup Time": 34.788, "Actual Max Startup Time": 41.131, "Actual Min Total Time": 34.788, "Actual Max Total Time": 41.137, "Inner Unique": false, "Join Filter": "(it.id = mi_idx.info_type_id), (LLVM Optimized)", "Rows Removed by Join Filter": 1380024, "Plans": [{"Node Type": "Streaming(type: BROADCAST dop: 16/1)", "Parent Relationship": "Outer", "Startup Cost": 0.0, "Total Cost": 15002.75, "Plan Rows": 16, "Plan Width": 4, "Actual Min Startup Time": 0.002, "Actual Max Startup Time": 0.009, "Actual Min Total Time": 0.003, "Actual Max Total Time": 0.012, "Plans": [{"Node Type": "Seq Scan", "Parent Relationship": "Outer", "Relation Name": "info_type", "Alias": "it", "Startup Cost": 0.0, "Total Cost": 2.4, "Plan Rows": 1, "Plan Width": 4, "Actual Min Startup Time": 0.084, "Actual Max Startup Time": 0.084, "Actual Min Total Time": 0.087, "Actual Max Total Time": 0.087, "Filter": "((info)::text = 'bottom 10 rank'::text)", "Rows Removed by Filter": 111, "Actual Rows": 1}], "Actual Rows": 16}, {"Node Type": "Seq Scan", "Parent Relationship": "Inner", "Relation Name": "movie_info_idx", "Alias": "mi_idx", "Startup Cost": 0.0, "Total Cost": 16267.15, "Plan Rows": 1380034, "Plan Width": 8, "Actual Min Startup Time": 0.029, "Actual Max Startup Time": 0.041, "Actual Min Total Time": 18.569, "Actual Max Total Time": 21.981, "Actual Rows": 1380034}], "Actual Rows": 10}], "Actual Rows": 10}, {"Node Type": "Bitmap Heap Scan", "Parent Relationship": "Inner", "Relation Name": "title", "Alias": "t", "Startup Cost": 0.28, "Total Cost": 4.3, "Plan Rows": 1, "Plan Width": 25, "Actual Min Startup Time": 0.16, "Actual Max Startup Time": 0.16, "Actual Min Total Time": 0.16, "Actual Max Total Time": 0.16, "Recheck Cond": "(id = mi_idx.movie_id)", "Rows Removed by Index Recheck": 0, "Filter": "(production_year > 2000)", "Rows Removed by Filter": 4, "Exact Heap Blocks": 10, "Lossy Heap Blocks": 10, "Plans": [{"Node Type": "Bitmap Index Scan", "Parent Relationship": "Outer", "Index Name": "title_pkey", "Startup Cost": 0.0, "Total Cost": 0.28, "Plan Rows": 1, "Plan Width": 0, "Actual Min Startup Time": 0.092, "Actual Max Startup Time": 0.092, "Actual Min Total Time": 0.092, "Actual Max Total Time": 0.092, "Index Cond": "(id = mi_idx.movie_id)", "Actual Rows": 10}], "Actual Rows": 6}], "Actual Rows": 6}, {"Node Type": "Bitmap Heap Scan", "Parent Relationship": "Inner", "Relation Name": "movie_companies", "Alias": "mc", "Startup Cost": 0.29, "Total Cost": 4.32, "Plan Rows": 2, "Plan Width": 32, "Actual Min Startup Time": 0.116, "Actual Max Startup Time": 0.116, "Actual Min Total Time": 0.176, "Actual Max Total Time": 0.176, "Recheck Cond": "(movie_id = t.id)", "Rows Removed by Index Recheck": 0, "Filter": "((note)::text !~~ '%(as Metro-Goldwyn-Mayer Pictures)%'::text)", "Rows Removed by Filter": 15, "Exact Heap Blocks": 13, "Lossy Heap Blocks": 13, "Plans": [{"Node Type": "Bitmap Index Scan", "Parent Relationship": "Outer", "Index Name": "movie_id_movie_companies", "Startup Cost": 0.0, "Total Cost": 0.29, "Plan Rows": 2, "Plan Width": 0, "Actual Min Startup Time": 0.061, "Actual Max Startup Time": 0.061, "Actual Min Total Time": 0.061, "Actual Max Total Time": 0.061, "Index Cond": "(movie_id = t.id)", "Actual Rows": 93}], "Actual Rows": 78}], "Actual Rows": 78}], "Actual Rows": 79}], "Actual Rows": 4}], "Actual Rows": 1}, "Triggers": [], "Planner Runtime": 5, "Total Runtime": 99.203, "Unique SQL Id": 2492542741}}, "(16, 19)": {"explain_plan": {"Plan": {"Node Type": "Aggregate", "Strategy": "Plain", "Startup Cost": 554099.09, "Total Cost": 554099.1, "Plan Rows": 1, "Plan Width": 113, "Plans": [{"Node Type": "Merge Join", "Parent Relationship": "Outer", "Join Type": "Inner", "Startup Cost": 520946.1, "Total Cost": 549314.94, "Plan Rows": 637886, "Plan Width": 45, "Inner Unique": true, "Merge Cond": "(mc.movie_id = t.id)", "Plans": [{"Node Type": "Merge Join", "Parent Relationship": "Outer", "Join Type": "Inner", "Startup Cost": 263616.8, "Total Cost": 277451.17, "Plan Rows": 501180, "Plan Width": 32, "Inner Unique": false, "Merge Cond": "(mi_idx.movie_id = mc.movie_id)", "Plans": [{"Node Type": "Sort", "Parent Relationship": "Outer", "Startup Cost": 53487.25, "Total Cost": 54349.77, "Plan Rows": 345008, "Plan Width": 4, "Sort Key": ["mi_idx.movie_id"], "Plans": [{"Node Type": "Nested Loop", "Parent Relationship": "Outer", "Join Type": "Inner", "Startup Cost": 7510.87, "Total Cost": 21752.95, "Plan Rows": 345008, "Plan Width": 4, "Inner Unique": false, "Plans": [{"Node Type": "Bitmap Heap Scan", "Parent Relationship": "Outer", "Relation Name": "info_type", "Alias": "it", "Startup Cost": 8.81, "Total Cost": 14.21, "Plan Rows": 1, "Plan Width": 4, "Filter": "((info)::text = 'bottom 10 rank'::text)", "Plans": [{"Node Type": "Bitmap Index Scan", "Parent Relationship": "Outer", "Index Name": "info_type_pkey", "Startup Cost": 0.0, "Total Cost": 8.81, "Plan Rows": 112, "Plan Width": 0}]}, {"Node Type": "Bitmap Heap Scan", "Parent Relationship": "Inner", "Relation Name": "movie_info_idx", "Alias": "mi_idx", "Startup Cost": 7502.06, "Total Cost": 18288.66, "Plan Rows": 345008, "Plan Width": 8, "Recheck Cond": "(info_type_id = it.id), (LLVM Optimized)", "Plans": [{"Node Type": "Bitmap Index Scan", "Parent Relationship": "Outer", "Index Name": "info_type_id_movie_info_idx", "Startup Cost": 0.0, "Total Cost": 7415.81, "Plan Rows": 345008, "Plan Width": 0, "Index Cond": "(info_type_id = it.id)"}]}]}]}, {"Node Type": "Sort", "Parent Relationship": "Inner", "Startup Cost": 210129.52, "Total Cost": 213390.81, "Plan Rows": 1304518, "Plan Width": 28, "Sort Key": ["mc.movie_id"], "Plans": [{"Node Type": "Nested Loop", "Parent Relationship": "Outer", "Join Type": "Inner", "Startup Cost": 29278.87, "Total Cost": 77622.54, "Plan Rows": 1304518, "Plan Width": 28, "Inner Unique": false, "Plans": [{"Node Type": "Bitmap Heap Scan", "Parent Relationship": "Outer", "Relation Name": "company_type", "Alias": "ct", "Startup Cost": 8.27, "Total Cost": 12.3, "Plan Rows": 1, "Plan Width": 4, "Filter": "((kind)::text = 'production companies'::text)", "Plans": [{"Node Type": "Bitmap Index Scan", "Parent Relationship": "Outer", "Index Name": "company_type_pkey", "Startup Cost": 0.0, "Total Cost": 8.27, "Plan Rows": 3, "Plan Width": 0}]}, {"Node Type": "Bitmap Heap Scan", "Parent Relationship": "Inner", "Relation Name": "movie_companies", "Alias": "mc", "Startup Cost": 29270.61, "Total Cost": 64565.07, "Plan Rows": 1304517, "Plan Width": 32, "Recheck Cond": "(company_type_id = ct.id), (LLVM Optimized)", "Filter": "((note)::text !~~ '%(as Metro-Goldwyn-Mayer Pictures)%'::text), (LLVM Optimized)", "Plans": [{"Node Type": "Bitmap Index Scan", "Parent Relationship": "Outer", "Index Name": "company_type_id_movie_companies", "Startup Cost": 0.0, "Total Cost": 28944.48, "Plan Rows": 1304564, "Plan Width": 0, "Index Cond": "(company_type_id = ct.id)"}]}]}]}]}, {"Node Type": "Sort", "Parent Relationship": "Inner", "Startup Cost": 257329.15, "Total Cost": 260783.86, "Plan Rows": 1381886, "Plan Width": 25, "Sort Key": ["t.id"], "Plans": [{"Node Type": "Bitmap Heap Scan", "Parent Relationship": "Outer", "Relation Name": "title", "Alias": "t", "Startup Cost": 49999.28, "Total Cost": 116389.16, "Plan Rows": 1381886, "Plan Width": 25, "Filter": "(production_year > 2000), (LLVM Optimized)", "Plans": [{"Node Type": "Bitmap Index Scan", "Parent Relationship": "Outer", "Index Name": "title_pkey", "Startup Cost": 0.0, "Total Cost": 49653.81, "Plan Rows": 2528311, "Plan Width": 0}]}]}]}]}, "Unique SQL Id": 2492542741, "Planner Runtime": 6}, "explain_analyze_plan": null}, "(16, 20)": {"explain_plan": {"Plan": {"Node Type": "Aggregate", "Strategy": "Plain", "Startup Cost": 346035.32, "Total Cost": 346035.33, "Plan Rows": 1, "Plan Width": 113, "Plans": [{"Node Type": "Merge Join", "Parent Relationship": "Outer", "Join Type": "Inner", "Startup Cost": 2.6, "Total Cost": 341156.13, "Plan Rows": 650559, "Plan Width": 45, "Inner Unique": true, "Merge Cond": "(mc.movie_id = t.id)", "Plans": [{"Node Type": "Nested Loop", "Parent Relationship": "Outer", "Join Type": "Inner", "Startup Cost": 0.0, "Total Cost": 213616.48, "Plan Rows": 501180, "Plan Width": 32, "Inner Unique": true, "Join Filter": "(mc.company_type_id = ct.id), (LLVM Optimized)", "Plans": [{"Node Type": "Nested Loop", "Parent Relationship": "Outer", "Join Type": "Inner", "Startup Cost": 0.0, "Total Cost": 201179.75, "Plan Rows": 829046, "Plan Width": 36, "Inner Unique": false, "Plans": [{"Node Type": "Nested Loop", "Parent Relationship": "Outer", "Join Type": "Inner", "Startup Cost": 0.0, "Total Cost": 67203.27, "Plan Rows": 345008, "Plan Width": 4, "Inner Unique": true, "Join Filter": "(it.id = mi_idx.info_type_id), (LLVM Optimized)", "Plans": [{"Node Type": "Index Scan", "Parent Relationship": "Outer", "Scan Direction": "Forward", "Index Name": "movie_id_movie_info_idx", "Relation Name": "movie_info_idx", "Alias": "mi_idx", "Startup Cost": 0.0, "Total Cost": 46500.35, "Plan Rows": 1380034, "Plan Width": 8}, {"Node Type": "Materialize", "Parent Relationship": "Inner", "Startup Cost": 0.0, "Total Cost": 2.41, "Plan Rows": 1, "Plan Width": 4, "Plans": [{"Node Type": "Seq Scan", "Parent Relationship": "Outer", "Relation Name": "info_type", "Alias": "it", "Startup Cost": 0.0, "Total Cost": 2.4, "Plan Rows": 1, "Plan Width": 4, "Filter": "((info)::text = 'bottom 10 rank'::text)"}]}]}, {"Node Type": "Index Scan", "Parent Relationship": "Inner", "Scan Direction": "Forward", "Index Name": "movie_id_movie_companies", "Relation Name": "movie_companies", "Alias": "mc", "Startup Cost": 0.0, "Total Cost": 0.37, "Plan Rows": 2, "Plan Width": 32, "Index Cond": "(movie_id = mi_idx.movie_id)", "Filter": "((note)::text !~~ '%(as Metro-Goldwyn-Mayer Pictures)%'::text)"}]}, {"Node Type": "Materialize", "Parent Relationship": "Inner", "Startup Cost": 0.0, "Total Cost": 1.04, "Plan Rows": 1, "Plan Width": 4, "Plans": [{"Node Type": "Seq Scan", "Parent Relationship": "Outer", "Relation Name": "company_type", "Alias": "ct", "Startup Cost": 0.0, "Total Cost": 1.04, "Plan Rows": 1, "Plan Width": 4, "Filter": "((kind)::text = 'production companies'::text)"}]}]}, {"Node Type": "Index Scan", "Parent Relationship": "Inner", "Scan Direction": "Forward", "Index Name": "title_pkey", "Relation Name": "title", "Alias": "t", "Startup Cost": 0.0, "Total Cost": 116441.27, "Plan Rows": 1381886, "Plan Width": 25, "Filter": "(production_year > 2000), (LLVM Optimized)"}]}]}, "Unique SQL Id": 2492542741, "Planner Runtime": 6}, "explain_analyze_plan": null}, "(16, 21)": {"explain_plan": {"Plan": {"Node Type": "Aggregate", "Strategy": "Plain", "Startup Cost": 346058.39, "Total Cost": 346058.4, "Plan Rows": 1, "Plan Width": 113, "Plans": [{"Node Type": "Merge Join", "Parent Relationship": "Outer", "Join Type": "Inner", "Startup Cost": 2.6, "Total Cost": 341179.2, "Plan Rows": 650559, "Plan Width": 45, "Inner Unique": true, "Merge Cond": "(mc.movie_id = t.id)", "Plans": [{"Node Type": "Nested Loop", "Parent Relationship": "Outer", "Join Type": "Inner", "Startup Cost": 0.0, "Total Cost": 213639.55, "Plan Rows": 501180, "Plan Width": 32, "Inner Unique": true, "Join Filter": "(mc.company_type_id = ct.id), (LLVM Optimized)", "Plans": [{"Node Type": "Nested Loop", "Parent Relationship": "Outer", "Join Type": "Inner", "Startup Cost": 0.0, "Total Cost": 201191.56, "Plan Rows": 829046, "Plan Width": 36, "Inner Unique": false, "Plans": [{"Node Type": "Nested Loop", "Parent Relationship": "Outer", "Join Type": "Inner", "Startup Cost": 0.0, "Total Cost": 67215.08, "Plan Rows": 345008, "Plan Width": 4, "Inner Unique": true, "Join Filter": "(it.id = mi_idx.info_type_id), (LLVM Optimized)", "Plans": [{"Node Type": "Index Scan", "Parent Relationship": "Outer", "Scan Direction": "Forward", "Index Name": "movie_id_movie_info_idx", "Relation Name": "movie_info_idx", "Alias": "mi_idx", "Startup Cost": 0.0, "Total Cost": 46500.35, "Plan Rows": 1380034, "Plan Width": 8}, {"Node Type": "Materialize", "Parent Relationship": "Inner", "Startup Cost": 0.0, "Total Cost": 14.22, "Plan Rows": 1, "Plan Width": 4, "Plans": [{"Node Type": "Index Scan", "Parent Relationship": "Outer", "Scan Direction": "Forward", "Index Name": "info_type_pkey", "Relation Name": "info_type", "Alias": "it", "Startup Cost": 0.0, "Total Cost": 14.21, "Plan Rows": 1, "Plan Width": 4, "Filter": "((info)::text = 'bottom 10 rank'::text)"}]}]}, {"Node Type": "Index Scan", "Parent Relationship": "Inner", "Scan Direction": "Forward", "Index Name": "movie_id_movie_companies", "Relation Name": "movie_companies", "Alias": "mc", "Startup Cost": 0.0, "Total Cost": 0.37, "Plan Rows": 2, "Plan Width": 32, "Index Cond": "(movie_id = mi_idx.movie_id)", "Filter": "((note)::text !~~ '%(as Metro-Goldwyn-Mayer Pictures)%'::text)"}]}, {"Node Type": "Materialize", "Parent Relationship": "Inner", "Startup Cost": 0.0, "Total Cost": 12.31, "Plan Rows": 1, "Plan Width": 4, "Plans": [{"Node Type": "Index Scan", "Parent Relationship": "Outer", "Scan Direction": "Forward", "Index Name": "company_type_pkey", "Relation Name": "company_type", "Alias": "ct", "Startup Cost": 0.0, "Total Cost": 12.3, "Plan Rows": 1, "Plan Width": 4, "Filter": "((kind)::text = 'production companies'::text)"}]}]}, {"Node Type": "Index Scan", "Parent Relationship": "Inner", "Scan Direction": "Forward", "Index Name": "title_pkey", "Relation Name": "title", "Alias": "t", "Startup Cost": 0.0, "Total Cost": 116441.27, "Plan Rows": 1381886, "Plan Width": 25, "Filter": "(production_year > 2000), (LLVM Optimized)"}]}]}, "Unique SQL Id": 2492542741, "Planner Runtime": 5}, "explain_analyze_plan": null}, "(16, 22)": {"explain_plan": {"Plan": {"Node Type": "Aggregate", "Strategy": "Plain", "Startup Cost": 3489758.85, "Total Cost": 3489758.86, "Plan Rows": 1, "Plan Width": 113, "Plans": [{"Node Type": "Nested Loop", "Parent Relationship": "Outer", "Join Type": "Inner", "Startup Cost": 0.58, "Total Cost": 3484879.66, "Plan Rows": 650559, "Plan Width": 45, "Inner Unique": false, "Join Filter": "(mc.company_type_id = ct.id), (LLVM Optimized)", "Plans": [{"Node Type": "Seq Scan", "Parent Relationship": "Outer", "Relation Name": "company_type", "Alias": "ct", "Startup Cost": 0.0, "Total Cost": 1.04, "Plan Rows": 1, "Plan Width": 4, "Filter": "((kind)::text = 'production companies'::text)"}, {"Node Type": "Materialize", "Parent Relationship": "Inner", "Startup Cost": 0.58, "Total Cost": 3474326.78, "Plan Rows": 1055184, "Plan Width": 49, "Plans": [{"Node Type": "Nested Loop", "Parent Relationship": "Outer", "Join Type": "Inner", "Startup Cost": 0.58, "Total Cost": 3471688.82, "Plan Rows": 1055184, "Plan Width": 49, "Inner Unique": false, "Plans": [{"Node Type": "Nested Loop", "Parent Relationship": "Outer", "Join Type": "Inner", "Startup Cost": 0.28, "Total Cost": 1526630.02, "Plan Rows": 447839, "Plan Width": 29, "Inner Unique": true, "Plans": [{"Node Type": "Streaming(type: LOCAL GATHER dop: 1/16)", "Parent Relationship": "Outer", "Startup Cost": 0.0, "Total Cost": 39794.02, "Plan Rows": 345008, "Plan Width": 4, "Plans": [{"Node Type": "Nested Loop", "Parent Relationship": "Outer", "Join Type": "Inner", "Startup Cost": 0.0, "Total Cost": 32348.04, "Plan Rows": 345008, "Plan Width": 4, "Inner Unique": false, "Join Filter": "(it.id = mi_idx.info_type_id), (LLVM Optimized)", "Plans": [{"Node Type": "Streaming(type: BROADCAST dop: 16/1)", "Parent Relationship": "Outer", "Startup Cost": 0.0, "Total Cost": 15002.75, "Plan Rows": 16, "Plan Width": 4, "Plans": [{"Node Type": "Seq Scan", "Parent Relationship": "Outer", "Relation Name": "info_type", "Alias": "it", "Startup Cost": 0.0, "Total Cost": 2.4, "Plan Rows": 1, "Plan Width": 4, "Filter": "((info)::text = 'bottom 10 rank'::text)"}]}, {"Node Type": "Seq Scan", "Parent Relationship": "Inner", "Relation Name": "movie_info_idx", "Alias": "mi_idx", "Startup Cost": 0.0, "Total Cost": 16267.15, "Plan Rows": 1380034, "Plan Width": 8}]}]}, {"Node Type": "Bitmap Heap Scan", "Parent Relationship": "Inner", "Relation Name": "title", "Alias": "t", "Startup Cost": 0.28, "Total Cost": 4.3, "Plan Rows": 1, "Plan Width": 25, "Recheck Cond": "(id = mi_idx.movie_id)", "Filter": "(production_year > 2000)", "Plans": [{"Node Type": "Bitmap Index Scan", "Parent Relationship": "Outer", "Index Name": "title_pkey", "Startup Cost": 0.0, "Total Cost": 0.28, "Plan Rows": 1, "Plan Width": 0, "Index Cond": "(id = mi_idx.movie_id)"}]}]}, {"Node Type": "Bitmap Heap Scan", "Parent Relationship": "Inner", "Relation Name": "movie_companies", "Alias": "mc", "Startup Cost": 0.29, "Total Cost": 4.32, "Plan Rows": 2, "Plan Width": 32, "Recheck Cond": "(movie_id = t.id)", "Filter": "((note)::text !~~ '%(as Metro-Goldwyn-Mayer Pictures)%'::text)", "Plans": [{"Node Type": "Bitmap Index Scan", "Parent Relationship": "Outer", "Index Name": "movie_id_movie_companies", "Startup Cost": 0.0, "Total Cost": 0.29, "Plan Rows": 2, "Plan Width": 0, "Index Cond": "(movie_id = t.id)"}]}]}]}]}]}, "Unique SQL Id": 2492542741, "Planner Runtime": 5}, "explain_analyze_plan": {"Plan": {"Node Type": "Aggregate", "Strategy": "Plain", "Startup Cost": 3489758.85, "Total Cost": 3489758.86, "Plan Rows": 1, "Plan Width": 113, "Actual Min Startup Time": 86.692, "Actual Max Startup Time": 86.692, "Actual Min Total Time": 86.692, "Actual Max Total Time": 86.692, "Plans": [{"Node Type": "Nested Loop", "Parent Relationship": "Outer", "Join Type": "Inner", "Startup Cost": 0.58, "Total Cost": 3484879.66, "Plan Rows": 650559, "Plan Width": 45, "Actual Min Startup Time": 86.649, "Actual Max Startup Time": 86.649, "Actual Min Total Time": 86.662, "Actual Max Total Time": 86.662, "Inner Unique": false, "Join Filter": "(mc.company_type_id = ct.id), (LLVM Optimized)", "Rows Removed by Join Filter": 74, "Plans": [{"Node Type": "Seq Scan", "Parent Relationship": "Outer", "Relation Name": "company_type", "Alias": "ct", "Startup Cost": 0.0, "Total Cost": 1.04, "Plan Rows": 1, "Plan Width": 4, "Actual Min Startup Time": 0.013, "Actual Max Startup Time": 0.013, "Actual Min Total Time": 0.016, "Actual Max Total Time": 0.016, "Filter": "((kind)::text = 'production companies'::text)", "Rows Removed by Filter": 2, "Actual Rows": 1}, {"Node Type": "Materialize", "Parent Relationship": "Inner", "Startup Cost": 0.58, "Total Cost": 3474326.78, "Plan Rows": 1055184, "Plan Width": 49, "Actual Min Startup Time": 86.608, "Actual Max Startup Time": 86.608, "Actual Min Total Time": 86.615, "Actual Max Total Time": 86.615, "Plans": [{"Node Type": "Nested Loop", "Parent Relationship": "Outer", "Join Type": "Inner", "Startup Cost": 0.58, "Total Cost": 3471688.82, "Plan Rows": 1055184, "Plan Width": 49, "Actual Min Startup Time": 84.138, "Actual Max Startup Time": 84.138, "Actual Min Total Time": 86.576, "Actual Max Total Time": 86.576, "Inner Unique": false, "Plans": [{"Node Type": "Nested Loop", "Parent Relationship": "Outer", "Join Type": "Inner", "Startup Cost": 0.28, "Total Cost": 1526630.02, "Plan Rows": 447839, "Plan Width": 29, "Actual Min Startup Time": 84.097, "Actual Max Startup Time": 84.097, "Actual Min Total Time": 86.369, "Actual Max Total Time": 86.369, "Inner Unique": true, "Plans": [{"Node Type": "Streaming(type: LOCAL GATHER dop: 1/16)", "Parent Relationship": "Outer", "Startup Cost": 0.0, "Total Cost": 39794.02, "Plan Rows": 345008, "Plan Width": 4, "Actual Min Startup Time": 83.987, "Actual Max Startup Time": 83.987, "Actual Min Total Time": 86.174, "Actual Max Total Time": 86.174, "Plans": [{"Node Type": "Nested Loop", "Parent Relationship": "Outer", "Join Type": "Inner", "Startup Cost": 0.0, "Total Cost": 32348.04, "Plan Rows": 345008, "Plan Width": 4, "Actual Min Startup Time": 34.788, "Actual Max Startup Time": 41.131, "Actual Min Total Time": 34.788, "Actual Max Total Time": 41.137, "Inner Unique": false, "Join Filter": "(it.id = mi_idx.info_type_id), (LLVM Optimized)", "Rows Removed by Join Filter": 1380024, "Plans": [{"Node Type": "Streaming(type: BROADCAST dop: 16/1)", "Parent Relationship": "Outer", "Startup Cost": 0.0, "Total Cost": 15002.75, "Plan Rows": 16, "Plan Width": 4, "Actual Min Startup Time": 0.002, "Actual Max Startup Time": 0.009, "Actual Min Total Time": 0.003, "Actual Max Total Time": 0.012, "Plans": [{"Node Type": "Seq Scan", "Parent Relationship": "Outer", "Relation Name": "info_type", "Alias": "it", "Startup Cost": 0.0, "Total Cost": 2.4, "Plan Rows": 1, "Plan Width": 4, "Actual Min Startup Time": 0.084, "Actual Max Startup Time": 0.084, "Actual Min Total Time": 0.087, "Actual Max Total Time": 0.087, "Filter": "((info)::text = 'bottom 10 rank'::text)", "Rows Removed by Filter": 111, "Actual Rows": 1}], "Actual Rows": 16}, {"Node Type": "Seq Scan", "Parent Relationship": "Inner", "Relation Name": "movie_info_idx", "Alias": "mi_idx", "Startup Cost": 0.0, "Total Cost": 16267.15, "Plan Rows": 1380034, "Plan Width": 8, "Actual Min Startup Time": 0.029, "Actual Max Startup Time": 0.041, "Actual Min Total Time": 18.569, "Actual Max Total Time": 21.981, "Actual Rows": 1380034}], "Actual Rows": 10}], "Actual Rows": 10}, {"Node Type": "Bitmap Heap Scan", "Parent Relationship": "Inner", "Relation Name": "title", "Alias": "t", "Startup Cost": 0.28, "Total Cost": 4.3, "Plan Rows": 1, "Plan Width": 25, "Actual Min Startup Time": 0.16, "Actual Max Startup Time": 0.16, "Actual Min Total Time": 0.16, "Actual Max Total Time": 0.16, "Recheck Cond": "(id = mi_idx.movie_id)", "Rows Removed by Index Recheck": 0, "Filter": "(production_year > 2000)", "Rows Removed by Filter": 4, "Exact Heap Blocks": 10, "Lossy Heap Blocks": 10, "Plans": [{"Node Type": "Bitmap Index Scan", "Parent Relationship": "Outer", "Index Name": "title_pkey", "Startup Cost": 0.0, "Total Cost": 0.28, "Plan Rows": 1, "Plan Width": 0, "Actual Min Startup Time": 0.092, "Actual Max Startup Time": 0.092, "Actual Min Total Time": 0.092, "Actual Max Total Time": 0.092, "Index Cond": "(id = mi_idx.movie_id)", "Actual Rows": 10}], "Actual Rows": 6}], "Actual Rows": 6}, {"Node Type": "Bitmap Heap Scan", "Parent Relationship": "Inner", "Relation Name": "movie_companies", "Alias": "mc", "Startup Cost": 0.29, "Total Cost": 4.32, "Plan Rows": 2, "Plan Width": 32, "Actual Min Startup Time": 0.116, "Actual Max Startup Time": 0.116, "Actual Min Total Time": 0.176, "Actual Max Total Time": 0.176, "Recheck Cond": "(movie_id = t.id)", "Rows Removed by Index Recheck": 0, "Filter": "((note)::text !~~ '%(as Metro-Goldwyn-Mayer Pictures)%'::text)", "Rows Removed by Filter": 15, "Exact Heap Blocks": 13, "Lossy Heap Blocks": 13, "Plans": [{"Node Type": "Bitmap Index Scan", "Parent Relationship": "Outer", "Index Name": "movie_id_movie_companies", "Startup Cost": 0.0, "Total Cost": 0.29, "Plan Rows": 2, "Plan Width": 0, "Actual Min Startup Time": 0.061, "Actual Max Startup Time": 0.061, "Actual Min Total Time": 0.061, "Actual Max Total Time": 0.061, "Index Cond": "(movie_id = t.id)", "Actual Rows": 93}], "Actual Rows": 78}], "Actual Rows": 78}], "Actual Rows": 79}], "Actual Rows": 4}], "Actual Rows": 1}, "Triggers": [], "Planner Runtime": 5, "Total Runtime": 99.203, "Unique SQL Id": 2492542741}}, "(16, 23)": {"explain_plan": {"Plan": {"Node Type": "Aggregate", "Strategy": "Plain", "Startup Cost": 554099.09, "Total Cost": 554099.1, "Plan Rows": 1, "Plan Width": 113, "Plans": [{"Node Type": "Merge Join", "Parent Relationship": "Outer", "Join Type": "Inner", "Startup Cost": 520946.1, "Total Cost": 549314.94, "Plan Rows": 637886, "Plan Width": 45, "Inner Unique": true, "Merge Cond": "(mc.movie_id = t.id)", "Plans": [{"Node Type": "Merge Join", "Parent Relationship": "Outer", "Join Type": "Inner", "Startup Cost": 263616.8, "Total Cost": 277451.17, "Plan Rows": 501180, "Plan Width": 32, "Inner Unique": false, "Merge Cond": "(mi_idx.movie_id = mc.movie_id)", "Plans": [{"Node Type": "Sort", "Parent Relationship": "Outer", "Startup Cost": 53487.25, "Total Cost": 54349.77, "Plan Rows": 345008, "Plan Width": 4, "Sort Key": ["mi_idx.movie_id"], "Plans": [{"Node Type": "Nested Loop", "Parent Relationship": "Outer", "Join Type": "Inner", "Startup Cost": 7510.87, "Total Cost": 21752.95, "Plan Rows": 345008, "Plan Width": 4, "Inner Unique": false, "Plans": [{"Node Type": "Bitmap Heap Scan", "Parent Relationship": "Outer", "Relation Name": "info_type", "Alias": "it", "Startup Cost": 8.81, "Total Cost": 14.21, "Plan Rows": 1, "Plan Width": 4, "Filter": "((info)::text = 'bottom 10 rank'::text)", "Plans": [{"Node Type": "Bitmap Index Scan", "Parent Relationship": "Outer", "Index Name": "info_type_pkey", "Startup Cost": 0.0, "Total Cost": 8.81, "Plan Rows": 112, "Plan Width": 0}]}, {"Node Type": "Bitmap Heap Scan", "Parent Relationship": "Inner", "Relation Name": "movie_info_idx", "Alias": "mi_idx", "Startup Cost": 7502.06, "Total Cost": 18288.66, "Plan Rows": 345008, "Plan Width": 8, "Recheck Cond": "(info_type_id = it.id), (LLVM Optimized)", "Plans": [{"Node Type": "Bitmap Index Scan", "Parent Relationship": "Outer", "Index Name": "info_type_id_movie_info_idx", "Startup Cost": 0.0, "Total Cost": 7415.81, "Plan Rows": 345008, "Plan Width": 0, "Index Cond": "(info_type_id = it.id)"}]}]}]}, {"Node Type": "Sort", "Parent Relationship": "Inner", "Startup Cost": 210129.52, "Total Cost": 213390.81, "Plan Rows": 1304518, "Plan Width": 28, "Sort Key": ["mc.movie_id"], "Plans": [{"Node Type": "Nested Loop", "Parent Relationship": "Outer", "Join Type": "Inner", "Startup Cost": 29278.87, "Total Cost": 77622.54, "Plan Rows": 1304518, "Plan Width": 28, "Inner Unique": false, "Plans": [{"Node Type": "Bitmap Heap Scan", "Parent Relationship": "Outer", "Relation Name": "company_type", "Alias": "ct", "Startup Cost": 8.27, "Total Cost": 12.3, "Plan Rows": 1, "Plan Width": 4, "Filter": "((kind)::text = 'production companies'::text)", "Plans": [{"Node Type": "Bitmap Index Scan", "Parent Relationship": "Outer", "Index Name": "company_type_pkey", "Startup Cost": 0.0, "Total Cost": 8.27, "Plan Rows": 3, "Plan Width": 0}]}, {"Node Type": "Bitmap Heap Scan", "Parent Relationship": "Inner", "Relation Name": "movie_companies", "Alias": "mc", "Startup Cost": 29270.61, "Total Cost": 64565.07, "Plan Rows": 1304517, "Plan Width": 32, "Recheck Cond": "(company_type_id = ct.id), (LLVM Optimized)", "Filter": "((note)::text !~~ '%(as Metro-Goldwyn-Mayer Pictures)%'::text), (LLVM Optimized)", "Plans": [{"Node Type": "Bitmap Index Scan", "Parent Relationship": "Outer", "Index Name": "company_type_id_movie_companies", "Startup Cost": 0.0, "Total Cost": 28944.48, "Plan Rows": 1304564, "Plan Width": 0, "Index Cond": "(company_type_id = ct.id)"}]}]}]}]}, {"Node Type": "Sort", "Parent Relationship": "Inner", "Startup Cost": 257329.15, "Total Cost": 260783.86, "Plan Rows": 1381886, "Plan Width": 25, "Sort Key": ["t.id"], "Plans": [{"Node Type": "Bitmap Heap Scan", "Parent Relationship": "Outer", "Relation Name": "title", "Alias": "t", "Startup Cost": 49999.28, "Total Cost": 116389.16, "Plan Rows": 1381886, "Plan Width": 25, "Filter": "(production_year > 2000), (LLVM Optimized)", "Plans": [{"Node Type": "Bitmap Index Scan", "Parent Relationship": "Outer", "Index Name": "title_pkey", "Startup Cost": 0.0, "Total Cost": 49653.81, "Plan Rows": 2528311, "Plan Width": 0}]}]}]}]}, "Unique SQL Id": 2492542741, "Planner Runtime": 6}, "explain_analyze_plan": null}, "(16, 24)": {"explain_plan": {"Plan": {"Node Type": "Aggregate", "Strategy": "Plain", "Startup Cost": 346035.32, "Total Cost": 346035.33, "Plan Rows": 1, "Plan Width": 113, "Plans": [{"Node Type": "Merge Join", "Parent Relationship": "Outer", "Join Type": "Inner", "Startup Cost": 2.6, "Total Cost": 341156.13, "Plan Rows": 650559, "Plan Width": 45, "Inner Unique": true, "Merge Cond": "(mc.movie_id = t.id)", "Plans": [{"Node Type": "Nested Loop", "Parent Relationship": "Outer", "Join Type": "Inner", "Startup Cost": 0.0, "Total Cost": 213616.48, "Plan Rows": 501180, "Plan Width": 32, "Inner Unique": true, "Join Filter": "(mc.company_type_id = ct.id), (LLVM Optimized)", "Plans": [{"Node Type": "Nested Loop", "Parent Relationship": "Outer", "Join Type": "Inner", "Startup Cost": 0.0, "Total Cost": 201179.75, "Plan Rows": 829046, "Plan Width": 36, "Inner Unique": false, "Plans": [{"Node Type": "Nested Loop", "Parent Relationship": "Outer", "Join Type": "Inner", "Startup Cost": 0.0, "Total Cost": 67203.27, "Plan Rows": 345008, "Plan Width": 4, "Inner Unique": true, "Join Filter": "(it.id = mi_idx.info_type_id), (LLVM Optimized)", "Plans": [{"Node Type": "Index Scan", "Parent Relationship": "Outer", "Scan Direction": "Forward", "Index Name": "movie_id_movie_info_idx", "Relation Name": "movie_info_idx", "Alias": "mi_idx", "Startup Cost": 0.0, "Total Cost": 46500.35, "Plan Rows": 1380034, "Plan Width": 8}, {"Node Type": "Materialize", "Parent Relationship": "Inner", "Startup Cost": 0.0, "Total Cost": 2.41, "Plan Rows": 1, "Plan Width": 4, "Plans": [{"Node Type": "Seq Scan", "Parent Relationship": "Outer", "Relation Name": "info_type", "Alias": "it", "Startup Cost": 0.0, "Total Cost": 2.4, "Plan Rows": 1, "Plan Width": 4, "Filter": "((info)::text = 'bottom 10 rank'::text)"}]}]}, {"Node Type": "Index Scan", "Parent Relationship": "Inner", "Scan Direction": "Forward", "Index Name": "movie_id_movie_companies", "Relation Name": "movie_companies", "Alias": "mc", "Startup Cost": 0.0, "Total Cost": 0.37, "Plan Rows": 2, "Plan Width": 32, "Index Cond": "(movie_id = mi_idx.movie_id)", "Filter": "((note)::text !~~ '%(as Metro-Goldwyn-Mayer Pictures)%'::text)"}]}, {"Node Type": "Materialize", "Parent Relationship": "Inner", "Startup Cost": 0.0, "Total Cost": 1.04, "Plan Rows": 1, "Plan Width": 4, "Plans": [{"Node Type": "Seq Scan", "Parent Relationship": "Outer", "Relation Name": "company_type", "Alias": "ct", "Startup Cost": 0.0, "Total Cost": 1.04, "Plan Rows": 1, "Plan Width": 4, "Filter": "((kind)::text = 'production companies'::text)"}]}]}, {"Node Type": "Index Scan", "Parent Relationship": "Inner", "Scan Direction": "Forward", "Index Name": "title_pkey", "Relation Name": "title", "Alias": "t", "Startup Cost": 0.0, "Total Cost": 116441.27, "Plan Rows": 1381886, "Plan Width": 25, "Filter": "(production_year > 2000), (LLVM Optimized)"}]}]}, "Unique SQL Id": 2492542741, "Planner Runtime": 5}, "explain_analyze_plan": null}, "(16, 25)": {"explain_plan": {"Plan": {"Node Type": "Aggregate", "Strategy": "Plain", "Startup Cost": 346058.39, "Total Cost": 346058.4, "Plan Rows": 1, "Plan Width": 113, "Plans": [{"Node Type": "Merge Join", "Parent Relationship": "Outer", "Join Type": "Inner", "Startup Cost": 2.6, "Total Cost": 341179.2, "Plan Rows": 650559, "Plan Width": 45, "Inner Unique": true, "Merge Cond": "(mc.movie_id = t.id)", "Plans": [{"Node Type": "Nested Loop", "Parent Relationship": "Outer", "Join Type": "Inner", "Startup Cost": 0.0, "Total Cost": 213639.55, "Plan Rows": 501180, "Plan Width": 32, "Inner Unique": true, "Join Filter": "(mc.company_type_id = ct.id), (LLVM Optimized)", "Plans": [{"Node Type": "Nested Loop", "Parent Relationship": "Outer", "Join Type": "Inner", "Startup Cost": 0.0, "Total Cost": 201191.56, "Plan Rows": 829046, "Plan Width": 36, "Inner Unique": false, "Plans": [{"Node Type": "Nested Loop", "Parent Relationship": "Outer", "Join Type": "Inner", "Startup Cost": 0.0, "Total Cost": 67215.08, "Plan Rows": 345008, "Plan Width": 4, "Inner Unique": true, "Join Filter": "(it.id = mi_idx.info_type_id), (LLVM Optimized)", "Plans": [{"Node Type": "Index Scan", "Parent Relationship": "Outer", "Scan Direction": "Forward", "Index Name": "movie_id_movie_info_idx", "Relation Name": "movie_info_idx", "Alias": "mi_idx", "Startup Cost": 0.0, "Total Cost": 46500.35, "Plan Rows": 1380034, "Plan Width": 8}, {"Node Type": "Materialize", "Parent Relationship": "Inner", "Startup Cost": 0.0, "Total Cost": 14.22, "Plan Rows": 1, "Plan Width": 4, "Plans": [{"Node Type": "Index Scan", "Parent Relationship": "Outer", "Scan Direction": "Forward", "Index Name": "info_type_pkey", "Relation Name": "info_type", "Alias": "it", "Startup Cost": 0.0, "Total Cost": 14.21, "Plan Rows": 1, "Plan Width": 4, "Filter": "((info)::text = 'bottom 10 rank'::text)"}]}]}, {"Node Type": "Index Scan", "Parent Relationship": "Inner", "Scan Direction": "Forward", "Index Name": "movie_id_movie_companies", "Relation Name": "movie_companies", "Alias": "mc", "Startup Cost": 0.0, "Total Cost": 0.37, "Plan Rows": 2, "Plan Width": 32, "Index Cond": "(movie_id = mi_idx.movie_id)", "Filter": "((note)::text !~~ '%(as Metro-Goldwyn-Mayer Pictures)%'::text)"}]}, {"Node Type": "Materialize", "Parent Relationship": "Inner", "Startup Cost": 0.0, "Total Cost": 12.31, "Plan Rows": 1, "Plan Width": 4, "Plans": [{"Node Type": "Index Scan", "Parent Relationship": "Outer", "Scan Direction": "Forward", "Index Name": "company_type_pkey", "Relation Name": "company_type", "Alias": "ct", "Startup Cost": 0.0, "Total Cost": 12.3, "Plan Rows": 1, "Plan Width": 4, "Filter": "((kind)::text = 'production companies'::text)"}]}]}, {"Node Type": "Index Scan", "Parent Relationship": "Inner", "Scan Direction": "Forward", "Index Name": "title_pkey", "Relation Name": "title", "Alias": "t", "Startup Cost": 0.0, "Total Cost": 116441.27, "Plan Rows": 1381886, "Plan Width": 25, "Filter": "(production_year > 2000), (LLVM Optimized)"}]}]}, "Unique SQL Id": 2492542741, "Planner Runtime": 5}, "explain_analyze_plan": null}, "(16, 26)": {"explain_plan": {"Plan": {"Node Type": "Aggregate", "Strategy": "Plain", "Startup Cost": 62331198.02, "Total Cost": 62331198.05, "Plan Rows": 1, "Plan Width": 113, "Plans": [{"Node Type": "Streaming(type: LOCAL GATHER dop: 1/16)", "Parent Relationship": "Outer", "Startup Cost": 62331198.02, "Total Cost": 62331198.05, "Plan Rows": 1, "Plan Width": 113, "Plans": [{"Node Type": "Aggregate", "Strategy": "Plain", "Parent Relationship": "Outer", "Startup Cost": 62331198.02, "Total Cost": 62331198.03, "Plan Rows": 1, "Plan Width": 113, "Plans": [{"Node Type": "Nested Loop", "Parent Relationship": "Outer", "Join Type": "Inner", "Startup Cost": 0.0, "Total Cost": 62326413.88, "Plan Rows": 637886, "Plan Width": 45, "Inner Unique": false, "Join Filter": "(mc.movie_id = t.id), (LLVM Optimized)", "Plans": [{"Node Type": "Streaming(type: LOCAL REDISTRIBUTE dop: 16/16)", "Parent Relationship": "Outer", "Startup Cost": 0.0, "Total Cost": 55003.85, "Plan Rows": 1304518, "Plan Width": 28, "Plans": [{"Node Type": "Nested Loop", "Parent Relationship": "Outer", "Join Type": "Inner", "Startup Cost": 0.0, "Total Cost": 35060.95, "Plan Rows": 1304518, "Plan Width": 28, "Inner Unique": false, "Join Filter": "(ct.id = mc.company_type_id), (LLVM Optimized)", "Plans": [{"Node Type": "Streaming(type: BROADCAST dop: 16/1)", "Parent Relationship": "Outer", "Startup Cost": 0.0, "Total Cost": 15001.38, "Plan Rows": 16, "Plan Width": 4, "Plans": [{"Node Type": "Seq Scan", "Parent Relationship": "Outer", "Relation Name": "company_type", "Alias": "ct", "Startup Cost": 0.0, "Total Cost": 1.04, "Plan Rows": 1, "Plan Width": 4, "Filter": "((kind)::text = 'production companies'::text)"}]}, {"Node Type": "Seq Scan", "Parent Relationship": "Inner", "Relation Name": "movie_companies", "Alias": "mc", "Startup Cost": 0.0, "Total Cost": 18021.26, "Plan Rows": 2609035, "Plan Width": 32, "Filter": "((note)::text !~~ '%(as Metro-Goldwyn-Mayer Pictures)%'::text), (LLVM Optimized)"}]}]}, {"Node Type": "Materialize", "Parent Relationship": "Inner", "Startup Cost": 0.0, "Total Cost": 28040188.8, "Plan Rows": 447839, "Plan Width": 29, "Plans": [{"Node Type": "Streaming(type: LOCAL REDISTRIBUTE dop: 16/16)", "Parent Relationship": "Outer", "Startup Cost": 0.0, "Total Cost": 28040048.85, "Plan Rows": 447839, "Plan Width": 29, "Plans": [{"Node Type": "Nested Loop", "Parent Relationship": "Outer", "Join Type": "Inner", "Startup Cost": 0.0, "Total Cost": 28023351.96, "Plan Rows": 447839, "Plan Width": 29, "Inner Unique": false, "Join Filter": "(mi_idx.movie_id = t.id), (LLVM Optimized)", "Plans": [{"Node Type": "Streaming(type: LOCAL REDISTRIBUTE dop: 16/16)", "Parent Relationship": "Outer", "Startup Cost": 0.0, "Total Cost": 39385.42, "Plan Rows": 1381886, "Plan Width": 25, "Plans": [{"Node Type": "Seq Scan", "Parent Relationship": "Outer", "Relation Name": "title", "Alias": "t", "Startup Cost": 0.0, "Total Cost": 19149.37, "Plan Rows": 1381886, "Plan Width": 25, "Filter": "(production_year > 2000), (LLVM Optimized)"}]}, {"Node Type": "Materialize", "Parent Relationship": "Inner", "Startup Cost": 0.0, "Total Cost": 48763.12, "Plan Rows": 345008, "Plan Width": 4, "Plans": [{"Node Type": "Streaming(type: LOCAL REDISTRIBUTE dop: 16/16)", "Parent Relationship": "Outer", "Startup Cost": 0.0, "Total Cost": 48655.3, "Plan Rows": 345008, "Plan Width": 4, "Plans": [{"Node Type": "Nested Loop", "Parent Relationship": "Outer", "Join Type": "Inner", "Startup Cost": 0.0, "Total Cost": 32348.04, "Plan Rows": 345008, "Plan Width": 4, "Inner Unique": false, "Join Filter": "(it.id = mi_idx.info_type_id), (LLVM Optimized)", "Plans": [{"Node Type": "Streaming(type: BROADCAST dop: 16/1)", "Parent Relationship": "Outer", "Startup Cost": 0.0, "Total Cost": 15002.75, "Plan Rows": 16, "Plan Width": 4, "Plans": [{"Node Type": "Seq Scan", "Parent Relationship": "Outer", "Relation Name": "info_type", "Alias": "it", "Startup Cost": 0.0, "Total Cost": 2.4, "Plan Rows": 1, "Plan Width": 4, "Filter": "((info)::text = 'bottom 10 rank'::text)"}]}, {"Node Type": "Seq Scan", "Parent Relationship": "Inner", "Relation Name": "movie_info_idx", "Alias": "mi_idx", "Startup Cost": 0.0, "Total Cost": 16267.15, "Plan Rows": 1380034, "Plan Width": 8}]}]}]}]}]}]}]}]}]}]}, "Unique SQL Id": 2492542741, "Planner Runtime": 4}, "explain_analyze_plan": {"Plan": {"Node Type": "Aggregate", "Strategy": "Plain", "Startup Cost": 62331198.02, "Total Cost": 62331198.05, "Plan Rows": 1, "Plan Width": 113, "Actual Min Startup Time": 538.289, "Actual Max Startup Time": 538.289, "Actual Min Total Time": 538.289, "Actual Max Total Time": 538.289, "Plans": [{"Node Type": "Streaming(type: LOCAL GATHER dop: 1/16)", "Parent Relationship": "Outer", "Startup Cost": 62331198.02, "Total Cost": 62331198.05, "Plan Rows": 1, "Plan Width": 113, "Actual Min Startup Time": 538.12, "Actual Max Startup Time": 538.12, "Actual Min Total Time": 538.259, "Actual Max Total Time": 538.259, "Plans": [{"Node Type": "Aggregate", "Strategy": "Plain", "Parent Relationship": "Outer", "Startup Cost": 62331198.02, "Total Cost": 62331198.03, "Plan Rows": 1, "Plan Width": 113, "Actual Min Startup Time": 289.035, "Actual Max Startup Time": 391.806, "Actual Min Total Time": 289.035, "Actual Max Total Time": 391.806, "Plans": [{"Node Type": "Nested Loop", "Parent Relationship": "Outer", "Join Type": "Inner", "Startup Cost": 0.0, "Total Cost": 62326413.88, "Plan Rows": 637886, "Plan Width": 45, "Actual Min Startup Time": 270.846, "Actual Max Startup Time": 391.798, "Actual Min Total Time": 289.031, "Actual Max Total Time": 391.798, "Inner Unique": false, "Join Filter": "(mc.movie_id = t.id), (LLVM Optimized)", "Rows Removed by Join Filter": 53201, "Plans": [{"Node Type": "Streaming(type: LOCAL REDISTRIBUTE dop: 16/16)", "Parent Relationship": "Outer", "Startup Cost": 0.0, "Total Cost": 55003.85, "Plan Rows": 1304518, "Plan Width": 28, "Actual Min Startup Time": 0.055, "Actual Max Startup Time": 0.423, "Actual Min Total Time": 33.679, "Actual Max Total Time": 36.63, "Plans": [{"Node Type": "Nested Loop", "Parent Relationship": "Outer", "Join Type": "Inner", "Startup Cost": 0.0, "Total Cost": 35060.95, "Plan Rows": 1304518, "Plan Width": 28, "Actual Min Startup Time": 49.375, "Actual Max Startup Time": 63.832, "Actual Min Total Time": 72.079, "Actual Max Total Time": 87.65, "Inner Unique": false, "Join Filter": "(ct.id = mc.company_type_id), (LLVM Optimized)", "Rows Removed by Join Filter": 1196183, "Plans": [{"Node Type": "Streaming(type: BROADCAST dop: 16/1)", "Parent Relationship": "Outer", "Startup Cost": 0.0, "Total Cost": 15001.38, "Plan Rows": 16, "Plan Width": 4, "Actual Min Startup Time": 0.004, "Actual Max Startup Time": 6.835, "Actual Min Total Time": 0.005, "Actual Max Total Time": 6.836, "Plans": [{"Node Type": "Seq Scan", "Parent Relationship": "Outer", "Relation Name": "company_type", "Alias": "ct", "Startup Cost": 0.0, "Total Cost": 1.04, "Plan Rows": 1, "Plan Width": 4, "Actual Min Startup Time": 0.034, "Actual Max Startup Time": 0.034, "Actual Min Total Time": 0.037, "Actual Max Total Time": 0.037, "Filter": "((kind)::text = 'production companies'::text)", "Rows Removed by Filter": 2, "Actual Rows": 1}], "Actual Rows": 16}, {"Node Type": "Seq Scan", "Parent Relationship": "Inner", "Relation Name": "movie_companies", "Alias": "mc", "Startup Cost": 0.0, "Total Cost": 18021.26, "Plan Rows": 2609035, "Plan Width": 32, "Actual Min Startup Time": 0.03, "Actual Max Startup Time": 0.045, "Actual Min Total Time": 57.049, "Actual Max Total Time": 67.143, "Filter": "((note)::text !~~ '%(as Metro-Goldwyn-Mayer Pictures)%'::text), (LLVM Optimized)", "Rows Removed by Filter": 1272041, "Actual Rows": 1337087}], "Actual Rows": 140904}], "Actual Rows": 140904}, {"Node Type": "Materialize", "Parent Relationship": "Inner", "Startup Cost": 0.0, "Total Cost": 28040188.8, "Plan Rows": 447839, "Plan Width": 29, "Actual Min Startup Time": 250.917, "Actual Max Startup Time": 353.666, "Actual Min Total Time": 251.57, "Actual Max Total Time": 353.666, "Plans": [{"Node Type": "Streaming(type: LOCAL REDISTRIBUTE dop: 16/16)", "Parent Relationship": "Outer", "Startup Cost": 0.0, "Total Cost": 28040048.85, "Plan Rows": 447839, "Plan Width": 29, "Actual Min Startup Time": 250.072, "Actual Max Startup Time": 352.902, "Actual Min Total Time": 250.104, "Actual Max Total Time": 352.902, "Plans": [{"Node Type": "Nested Loop", "Parent Relationship": "Outer", "Join Type": "Inner", "Startup Cost": 0.0, "Total Cost": 28023351.96, "Plan Rows": 447839, "Plan Width": 29, "Actual Min Startup Time": 154.52, "Actual Max Startup Time": 372.595, "Actual Min Total Time": 248.574, "Actual Max Total Time": 372.595, "Inner Unique": false, "Join Filter": "(mi_idx.movie_id = t.id), (LLVM Optimized)", "Rows Removed by Join Filter": 863716, "Plans": [{"Node Type": "Streaming(type: LOCAL REDISTRIBUTE dop: 16/16)", "Parent Relationship": "Outer", "Startup Cost": 0.0, "Total Cost": 39385.42, "Plan Rows": 1381886, "Plan Width": 25, "Actual Min Startup Time": 0.059, "Actual Max Startup Time": 0.467, "Actual Min Total Time": 140.136, "Actual Max Total Time": 189.556, "Plans": [{"Node Type": "Seq Scan", "Parent Relationship": "Outer", "Relation Name": "title", "Alias": "t", "Startup Cost": 0.0, "Total Cost": 19149.37, "Plan Rows": 1381886, "Plan Width": 25, "Actual Min Startup Time": 0.026, "Actual Max Startup Time": 0.046, "Actual Min Total Time": 61.353, "Actual Max Total Time": 69.966, "Filter": "(production_year > 2000), (LLVM Optimized)", "Rows Removed by Filter": 1146858, "Actual Rows": 1381453}], "Actual Rows": 1381453}, {"Node Type": "Materialize", "Parent Relationship": "Inner", "Startup Cost": 0.0, "Total Cost": 48763.12, "Plan Rows": 345008, "Plan Width": 4, "Actual Min Startup Time": 43.251, "Actual Max Startup Time": 170.63, "Actual Min Total Time": 45.588, "Actual Max Total Time": 170.63, "Plans": [{"Node Type": "Streaming(type: LOCAL REDISTRIBUTE dop: 16/16)", "Parent Relationship": "Outer", "Startup Cost": 0.0, "Total Cost": 48655.3, "Plan Rows": 345008, "Plan Width": 4, "Actual Min Startup Time": 0.024, "Actual Max Startup Time": 159.516, "Actual Min Total Time": 35.52, "Actual Max Total Time": 159.516, "Plans": [{"Node Type": "Nested Loop", "Parent Relationship": "Outer", "Join Type": "Inner", "Startup Cost": 0.0, "Total Cost": 32348.04, "Plan Rows": 345008, "Plan Width": 4, "Actual Min Startup Time": 34.897, "Actual Max Startup Time": 51.935, "Actual Min Total Time": 34.897, "Actual Max Total Time": 51.935, "Inner Unique": false, "Join Filter": "(it.id = mi_idx.info_type_id), (LLVM Optimized)", "Rows Removed by Join Filter": 1380024, "Plans": [{"Node Type": "Streaming(type: BROADCAST dop: 16/1)", "Parent Relationship": "Outer", "Startup Cost": 0.0, "Total Cost": 15002.75, "Plan Rows": 16, "Plan Width": 4, "Actual Min Startup Time": 0.003, "Actual Max Startup Time": 16.672, "Actual Min Total Time": 0.004, "Actual Max Total Time": 16.674, "Plans": [{"Node Type": "Seq Scan", "Parent Relationship": "Outer", "Relation Name": "info_type", "Alias": "it", "Startup Cost": 0.0, "Total Cost": 2.4, "Plan Rows": 1, "Plan Width": 4, "Actual Min Startup Time": 0.075, "Actual Max Startup Time": 0.075, "Actual Min Total Time": 0.078, "Actual Max Total Time": 0.078, "Filter": "((info)::text = 'bottom 10 rank'::text)", "Rows Removed by Filter": 111, "Actual Rows": 1}], "Actual Rows": 16}, {"Node Type": "Seq Scan", "Parent Relationship": "Inner", "Relation Name": "movie_info_idx", "Alias": "mi_idx", "Startup Cost": 0.0, "Total Cost": 16267.15, "Plan Rows": 1380034, "Plan Width": 8, "Actual Min Startup Time": 0.035, "Actual Max Startup Time": 0.061, "Actual Min Total Time": 18.708, "Actual Max Total Time": 22.481, "Actual Rows": 1380034}], "Actual Rows": 10}], "Actual Rows": 10}], "Actual Rows": 863730}], "Actual Rows": 6}], "Actual Rows": 6}], "Actual Rows": 53211}], "Actual Rows": 4}], "Actual Rows": 16}], "Actual Rows": 16}], "Actual Rows": 1}, "Triggers": [], "Planner Runtime": 3, "Total Runtime": 565.139, "Unique SQL Id": 2492542741}}, "(16, 27)": {"explain_plan": {"Plan": {"Node Type": "Aggregate", "Strategy": "Plain", "Startup Cost": 4997226399715.34, "Total Cost": 4997226399715.35, "Plan Rows": 1, "Plan Width": 113, "Plans": [{"Node Type": "Nested Loop", "Parent Relationship": "Outer", "Join Type": "Inner", "Startup Cost": 50027231635.11, "Total Cost": 4997226394836.15, "Plan Rows": 650559, "Plan Width": 45, "Inner Unique": false, "Join Filter": "(mi_idx.info_type_id = it.id), (LLVM Optimized)", "Plans": [{"Node Type": "Index Scan", "Parent Relationship": "Outer", "Scan Direction": "Forward", "Index Name": "info_type_pkey", "Relation Name": "info_type", "Alias": "it", "Startup Cost": 10000000000.0, "Total Cost": 1000000001421.0, "Plan Rows": 1, "Plan Width": 4, "Filter": "((info)::text = 'bottom 10 rank'::text)"}, {"Node Type": "Nested Loop", "Parent Relationship": "Inner", "Join Type": "Inner", "Startup Cost": 40027231635.11, "Total Cost": 3997226360887.19, "Plan Rows": 2602236, "Plan Width": 49, "Inner Unique": false, "Join Filter": "(mc.company_type_id = ct.id), (LLVM Optimized)", "Plans": [{"Node Type": "Index Scan", "Parent Relationship": "Outer", "Scan Direction": "Forward", "Index Name": "company_type_pkey", "Relation Name": "company_type", "Alias": "ct", "Startup Cost": 10000000000.0, "Total Cost": 1000000001230.25, "Plan Rows": 1, "Plan Width": 4, "Filter": "((kind)::text = 'production companies'::text)"}, {"Node Type": "Merge Join", "Parent Relationship": "Inner", "Join Type": "Inner", "Startup Cost": 30027231635.11, "Total Cost": 2997226306897.65, "Plan Rows": 4220744, "Plan Width": 53, "Inner Unique": false, "Merge Cond": "(mi_idx.movie_id = t.id)", "Plans": [{"Node Type": "Index Scan", "Parent Relationship": "Outer", "Scan Direction": "Forward", "Index Name": "movie_id_movie_info_idx", "Relation Name": "movie_info_idx", "Alias": "mi_idx", "Startup Cost": 10000000000.0, "Total Cost": 1000004650035.37, "Plan Rows": 1380034, "Plan Width": 8}, {"Node Type": "Materialize", "Parent Relationship": "Inner", "Startup Cost": 20021492619.09, "Total Cost": 1999076868999.12, "Plan Rows": 3320699, "Plan Width": 57, "Plans": [{"Node Type": "Merge Join", "Parent Relationship": "Outer", "Join Type": "Inner", "Startup Cost": 20021492619.09, "Total Cost": 1999076860697.37, "Plan Rows": 3320699, "Plan Width": 57, "Inner Unique": false, "Merge Cond": "(t.id = mc.movie_id)", "Plans": [{"Node Type": "Index Scan", "Parent Relationship": "Outer", "Scan Direction": "Forward", "Index Name": "title_pkey", "Relation Name": "title", "Alias": "t", "Startup Cost": 10000000000.0, "Total Cost": 1000011644126.66, "Plan Rows": 1381886, "Plan Width": 25, "Filter": "(production_year > 2000), (LLVM Optimized)"}, {"Node Type": "Materialize", "Parent Relationship": "Inner", "Startup Cost": 10000000000.0, "Total Cost": 1000013710750.72, "Plan Rows": 2609035, "Plan Width": 32, "Plans": [{"Node Type": "Index Scan", "Parent Relationship": "Outer", "Scan Direction": "Forward", "Index Name": "movie_id_movie_companies", "Relation Name": "movie_companies", "Alias": "mc", "Startup Cost": 10000000000.0, "Total Cost": 1000013704228.13, "Plan Rows": 2609035, "Plan Width": 32, "Filter": "((note)::text !~~ '%(as Metro-Goldwyn-Mayer Pictures)%'::text), (LLVM Optimized)"}]}]}]}]}]}]}]}, "Unique SQL Id": 2492542741, "Planner Runtime": 10}, "explain_analyze_plan": null}, "(16, 28)": {"explain_plan": {"Plan": {"Node Type": "Aggregate", "Strategy": "Plain", "Startup Cost": 346035.32, "Total Cost": 346035.33, "Plan Rows": 1, "Plan Width": 113, "Plans": [{"Node Type": "Merge Join", "Parent Relationship": "Outer", "Join Type": "Inner", "Startup Cost": 2.6, "Total Cost": 341156.13, "Plan Rows": 650559, "Plan Width": 45, "Inner Unique": true, "Merge Cond": "(mc.movie_id = t.id)", "Plans": [{"Node Type": "Nested Loop", "Parent Relationship": "Outer", "Join Type": "Inner", "Startup Cost": 0.0, "Total Cost": 213616.48, "Plan Rows": 501180, "Plan Width": 32, "Inner Unique": true, "Join Filter": "(mc.company_type_id = ct.id), (LLVM Optimized)", "Plans": [{"Node Type": "Nested Loop", "Parent Relationship": "Outer", "Join Type": "Inner", "Startup Cost": 0.0, "Total Cost": 201179.75, "Plan Rows": 829046, "Plan Width": 36, "Inner Unique": false, "Plans": [{"Node Type": "Nested Loop", "Parent Relationship": "Outer", "Join Type": "Inner", "Startup Cost": 0.0, "Total Cost": 67203.27, "Plan Rows": 345008, "Plan Width": 4, "Inner Unique": true, "Join Filter": "(it.id = mi_idx.info_type_id), (LLVM Optimized)", "Plans": [{"Node Type": "Index Scan", "Parent Relationship": "Outer", "Scan Direction": "Forward", "Index Name": "movie_id_movie_info_idx", "Relation Name": "movie_info_idx", "Alias": "mi_idx", "Startup Cost": 0.0, "Total Cost": 46500.35, "Plan Rows": 1380034, "Plan Width": 8}, {"Node Type": "Materialize", "Parent Relationship": "Inner", "Startup Cost": 0.0, "Total Cost": 2.41, "Plan Rows": 1, "Plan Width": 4, "Plans": [{"Node Type": "Seq Scan", "Parent Relationship": "Outer", "Relation Name": "info_type", "Alias": "it", "Startup Cost": 0.0, "Total Cost": 2.4, "Plan Rows": 1, "Plan Width": 4, "Filter": "((info)::text = 'bottom 10 rank'::text)"}]}]}, {"Node Type": "Index Scan", "Parent Relationship": "Inner", "Scan Direction": "Forward", "Index Name": "movie_id_movie_companies", "Relation Name": "movie_companies", "Alias": "mc", "Startup Cost": 0.0, "Total Cost": 0.37, "Plan Rows": 2, "Plan Width": 32, "Index Cond": "(movie_id = mi_idx.movie_id)", "Filter": "((note)::text !~~ '%(as Metro-Goldwyn-Mayer Pictures)%'::text)"}]}, {"Node Type": "Materialize", "Parent Relationship": "Inner", "Startup Cost": 0.0, "Total Cost": 1.04, "Plan Rows": 1, "Plan Width": 4, "Plans": [{"Node Type": "Seq Scan", "Parent Relationship": "Outer", "Relation Name": "company_type", "Alias": "ct", "Startup Cost": 0.0, "Total Cost": 1.04, "Plan Rows": 1, "Plan Width": 4, "Filter": "((kind)::text = 'production companies'::text)"}]}]}, {"Node Type": "Index Scan", "Parent Relationship": "Inner", "Scan Direction": "Forward", "Index Name": "title_pkey", "Relation Name": "title", "Alias": "t", "Startup Cost": 0.0, "Total Cost": 116441.27, "Plan Rows": 1381886, "Plan Width": 25, "Filter": "(production_year > 2000), (LLVM Optimized)"}]}]}, "Unique SQL Id": 2492542741, "Planner Runtime": 5}, "explain_analyze_plan": null}, "(16, 29)": {"explain_plan": {"Plan": {"Node Type": "Aggregate", "Strategy": "Plain", "Startup Cost": 346058.39, "Total Cost": 346058.4, "Plan Rows": 1, "Plan Width": 113, "Plans": [{"Node Type": "Merge Join", "Parent Relationship": "Outer", "Join Type": "Inner", "Startup Cost": 2.6, "Total Cost": 341179.2, "Plan Rows": 650559, "Plan Width": 45, "Inner Unique": true, "Merge Cond": "(mc.movie_id = t.id)", "Plans": [{"Node Type": "Nested Loop", "Parent Relationship": "Outer", "Join Type": "Inner", "Startup Cost": 0.0, "Total Cost": 213639.55, "Plan Rows": 501180, "Plan Width": 32, "Inner Unique": true, "Join Filter": "(mc.company_type_id = ct.id), (LLVM Optimized)", "Plans": [{"Node Type": "Nested Loop", "Parent Relationship": "Outer", "Join Type": "Inner", "Startup Cost": 0.0, "Total Cost": 201191.56, "Plan Rows": 829046, "Plan Width": 36, "Inner Unique": false, "Plans": [{"Node Type": "Nested Loop", "Parent Relationship": "Outer", "Join Type": "Inner", "Startup Cost": 0.0, "Total Cost": 67215.08, "Plan Rows": 345008, "Plan Width": 4, "Inner Unique": true, "Join Filter": "(it.id = mi_idx.info_type_id), (LLVM Optimized)", "Plans": [{"Node Type": "Index Scan", "Parent Relationship": "Outer", "Scan Direction": "Forward", "Index Name": "movie_id_movie_info_idx", "Relation Name": "movie_info_idx", "Alias": "mi_idx", "Startup Cost": 0.0, "Total Cost": 46500.35, "Plan Rows": 1380034, "Plan Width": 8}, {"Node Type": "Materialize", "Parent Relationship": "Inner", "Startup Cost": 0.0, "Total Cost": 14.22, "Plan Rows": 1, "Plan Width": 4, "Plans": [{"Node Type": "Index Scan", "Parent Relationship": "Outer", "Scan Direction": "Forward", "Index Name": "info_type_pkey", "Relation Name": "info_type", "Alias": "it", "Startup Cost": 0.0, "Total Cost": 14.21, "Plan Rows": 1, "Plan Width": 4, "Filter": "((info)::text = 'bottom 10 rank'::text)"}]}]}, {"Node Type": "Index Scan", "Parent Relationship": "Inner", "Scan Direction": "Forward", "Index Name": "movie_id_movie_companies", "Relation Name": "movie_companies", "Alias": "mc", "Startup Cost": 0.0, "Total Cost": 0.37, "Plan Rows": 2, "Plan Width": 32, "Index Cond": "(movie_id = mi_idx.movie_id)", "Filter": "((note)::text !~~ '%(as Metro-Goldwyn-Mayer Pictures)%'::text)"}]}, {"Node Type": "Materialize", "Parent Relationship": "Inner", "Startup Cost": 0.0, "Total Cost": 12.31, "Plan Rows": 1, "Plan Width": 4, "Plans": [{"Node Type": "Index Scan", "Parent Relationship": "Outer", "Scan Direction": "Forward", "Index Name": "company_type_pkey", "Relation Name": "company_type", "Alias": "ct", "Startup Cost": 0.0, "Total Cost": 12.3, "Plan Rows": 1, "Plan Width": 4, "Filter": "((kind)::text = 'production companies'::text)"}]}]}, {"Node Type": "Index Scan", "Parent Relationship": "Inner", "Scan Direction": "Forward", "Index Name": "title_pkey", "Relation Name": "title", "Alias": "t", "Startup Cost": 0.0, "Total Cost": 116441.27, "Plan Rows": 1381886, "Plan Width": 25, "Filter": "(production_year > 2000), (LLVM Optimized)"}]}]}, "Unique SQL Id": 2492542741, "Planner Runtime": 5}, "explain_analyze_plan": null}, "(16, 30)": {"explain_plan": {"Plan": {"Node Type": "Aggregate", "Strategy": "Plain", "Startup Cost": 62331198.02, "Total Cost": 62331198.05, "Plan Rows": 1, "Plan Width": 113, "Plans": [{"Node Type": "Streaming(type: LOCAL GATHER dop: 1/16)", "Parent Relationship": "Outer", "Startup Cost": 62331198.02, "Total Cost": 62331198.05, "Plan Rows": 1, "Plan Width": 113, "Plans": [{"Node Type": "Aggregate", "Strategy": "Plain", "Parent Relationship": "Outer", "Startup Cost": 62331198.02, "Total Cost": 62331198.03, "Plan Rows": 1, "Plan Width": 113, "Plans": [{"Node Type": "Nested Loop", "Parent Relationship": "Outer", "Join Type": "Inner", "Startup Cost": 0.0, "Total Cost": 62326413.88, "Plan Rows": 637886, "Plan Width": 45, "Inner Unique": false, "Join Filter": "(mc.movie_id = t.id), (LLVM Optimized)", "Plans": [{"Node Type": "Streaming(type: LOCAL REDISTRIBUTE dop: 16/16)", "Parent Relationship": "Outer", "Startup Cost": 0.0, "Total Cost": 55003.85, "Plan Rows": 1304518, "Plan Width": 28, "Plans": [{"Node Type": "Nested Loop", "Parent Relationship": "Outer", "Join Type": "Inner", "Startup Cost": 0.0, "Total Cost": 35060.95, "Plan Rows": 1304518, "Plan Width": 28, "Inner Unique": false, "Join Filter": "(ct.id = mc.company_type_id), (LLVM Optimized)", "Plans": [{"Node Type": "Streaming(type: BROADCAST dop: 16/1)", "Parent Relationship": "Outer", "Startup Cost": 0.0, "Total Cost": 15001.38, "Plan Rows": 16, "Plan Width": 4, "Plans": [{"Node Type": "Seq Scan", "Parent Relationship": "Outer", "Relation Name": "company_type", "Alias": "ct", "Startup Cost": 0.0, "Total Cost": 1.04, "Plan Rows": 1, "Plan Width": 4, "Filter": "((kind)::text = 'production companies'::text)"}]}, {"Node Type": "Seq Scan", "Parent Relationship": "Inner", "Relation Name": "movie_companies", "Alias": "mc", "Startup Cost": 0.0, "Total Cost": 18021.26, "Plan Rows": 2609035, "Plan Width": 32, "Filter": "((note)::text !~~ '%(as Metro-Goldwyn-Mayer Pictures)%'::text), (LLVM Optimized)"}]}]}, {"Node Type": "Materialize", "Parent Relationship": "Inner", "Startup Cost": 0.0, "Total Cost": 28040188.8, "Plan Rows": 447839, "Plan Width": 29, "Plans": [{"Node Type": "Streaming(type: LOCAL REDISTRIBUTE dop: 16/16)", "Parent Relationship": "Outer", "Startup Cost": 0.0, "Total Cost": 28040048.85, "Plan Rows": 447839, "Plan Width": 29, "Plans": [{"Node Type": "Nested Loop", "Parent Relationship": "Outer", "Join Type": "Inner", "Startup Cost": 0.0, "Total Cost": 28023351.96, "Plan Rows": 447839, "Plan Width": 29, "Inner Unique": false, "Join Filter": "(mi_idx.movie_id = t.id), (LLVM Optimized)", "Plans": [{"Node Type": "Streaming(type: LOCAL REDISTRIBUTE dop: 16/16)", "Parent Relationship": "Outer", "Startup Cost": 0.0, "Total Cost": 39385.42, "Plan Rows": 1381886, "Plan Width": 25, "Plans": [{"Node Type": "Seq Scan", "Parent Relationship": "Outer", "Relation Name": "title", "Alias": "t", "Startup Cost": 0.0, "Total Cost": 19149.37, "Plan Rows": 1381886, "Plan Width": 25, "Filter": "(production_year > 2000), (LLVM Optimized)"}]}, {"Node Type": "Materialize", "Parent Relationship": "Inner", "Startup Cost": 0.0, "Total Cost": 48763.12, "Plan Rows": 345008, "Plan Width": 4, "Plans": [{"Node Type": "Streaming(type: LOCAL REDISTRIBUTE dop: 16/16)", "Parent Relationship": "Outer", "Startup Cost": 0.0, "Total Cost": 48655.3, "Plan Rows": 345008, "Plan Width": 4, "Plans": [{"Node Type": "Nested Loop", "Parent Relationship": "Outer", "Join Type": "Inner", "Startup Cost": 0.0, "Total Cost": 32348.04, "Plan Rows": 345008, "Plan Width": 4, "Inner Unique": false, "Join Filter": "(it.id = mi_idx.info_type_id), (LLVM Optimized)", "Plans": [{"Node Type": "Streaming(type: BROADCAST dop: 16/1)", "Parent Relationship": "Outer", "Startup Cost": 0.0, "Total Cost": 15002.75, "Plan Rows": 16, "Plan Width": 4, "Plans": [{"Node Type": "Seq Scan", "Parent Relationship": "Outer", "Relation Name": "info_type", "Alias": "it", "Startup Cost": 0.0, "Total Cost": 2.4, "Plan Rows": 1, "Plan Width": 4, "Filter": "((info)::text = 'bottom 10 rank'::text)"}]}, {"Node Type": "Seq Scan", "Parent Relationship": "Inner", "Relation Name": "movie_info_idx", "Alias": "mi_idx", "Startup Cost": 0.0, "Total Cost": 16267.15, "Plan Rows": 1380034, "Plan Width": 8}]}]}]}]}]}]}]}]}]}]}, "Unique SQL Id": 2492542741, "Planner Runtime": 4}, "explain_analyze_plan": {"Plan": {"Node Type": "Aggregate", "Strategy": "Plain", "Startup Cost": 62331198.02, "Total Cost": 62331198.05, "Plan Rows": 1, "Plan Width": 113, "Actual Min Startup Time": 538.289, "Actual Max Startup Time": 538.289, "Actual Min Total Time": 538.289, "Actual Max Total Time": 538.289, "Plans": [{"Node Type": "Streaming(type: LOCAL GATHER dop: 1/16)", "Parent Relationship": "Outer", "Startup Cost": 62331198.02, "Total Cost": 62331198.05, "Plan Rows": 1, "Plan Width": 113, "Actual Min Startup Time": 538.12, "Actual Max Startup Time": 538.12, "Actual Min Total Time": 538.259, "Actual Max Total Time": 538.259, "Plans": [{"Node Type": "Aggregate", "Strategy": "Plain", "Parent Relationship": "Outer", "Startup Cost": 62331198.02, "Total Cost": 62331198.03, "Plan Rows": 1, "Plan Width": 113, "Actual Min Startup Time": 289.035, "Actual Max Startup Time": 391.806, "Actual Min Total Time": 289.035, "Actual Max Total Time": 391.806, "Plans": [{"Node Type": "Nested Loop", "Parent Relationship": "Outer", "Join Type": "Inner", "Startup Cost": 0.0, "Total Cost": 62326413.88, "Plan Rows": 637886, "Plan Width": 45, "Actual Min Startup Time": 270.846, "Actual Max Startup Time": 391.798, "Actual Min Total Time": 289.031, "Actual Max Total Time": 391.798, "Inner Unique": false, "Join Filter": "(mc.movie_id = t.id), (LLVM Optimized)", "Rows Removed by Join Filter": 53201, "Plans": [{"Node Type": "Streaming(type: LOCAL REDISTRIBUTE dop: 16/16)", "Parent Relationship": "Outer", "Startup Cost": 0.0, "Total Cost": 55003.85, "Plan Rows": 1304518, "Plan Width": 28, "Actual Min Startup Time": 0.055, "Actual Max Startup Time": 0.423, "Actual Min Total Time": 33.679, "Actual Max Total Time": 36.63, "Plans": [{"Node Type": "Nested Loop", "Parent Relationship": "Outer", "Join Type": "Inner", "Startup Cost": 0.0, "Total Cost": 35060.95, "Plan Rows": 1304518, "Plan Width": 28, "Actual Min Startup Time": 49.375, "Actual Max Startup Time": 63.832, "Actual Min Total Time": 72.079, "Actual Max Total Time": 87.65, "Inner Unique": false, "Join Filter": "(ct.id = mc.company_type_id), (LLVM Optimized)", "Rows Removed by Join Filter": 1196183, "Plans": [{"Node Type": "Streaming(type: BROADCAST dop: 16/1)", "Parent Relationship": "Outer", "Startup Cost": 0.0, "Total Cost": 15001.38, "Plan Rows": 16, "Plan Width": 4, "Actual Min Startup Time": 0.004, "Actual Max Startup Time": 6.835, "Actual Min Total Time": 0.005, "Actual Max Total Time": 6.836, "Plans": [{"Node Type": "Seq Scan", "Parent Relationship": "Outer", "Relation Name": "company_type", "Alias": "ct", "Startup Cost": 0.0, "Total Cost": 1.04, "Plan Rows": 1, "Plan Width": 4, "Actual Min Startup Time": 0.034, "Actual Max Startup Time": 0.034, "Actual Min Total Time": 0.037, "Actual Max Total Time": 0.037, "Filter": "((kind)::text = 'production companies'::text)", "Rows Removed by Filter": 2, "Actual Rows": 1}], "Actual Rows": 16}, {"Node Type": "Seq Scan", "Parent Relationship": "Inner", "Relation Name": "movie_companies", "Alias": "mc", "Startup Cost": 0.0, "Total Cost": 18021.26, "Plan Rows": 2609035, "Plan Width": 32, "Actual Min Startup Time": 0.03, "Actual Max Startup Time": 0.045, "Actual Min Total Time": 57.049, "Actual Max Total Time": 67.143, "Filter": "((note)::text !~~ '%(as Metro-Goldwyn-Mayer Pictures)%'::text), (LLVM Optimized)", "Rows Removed by Filter": 1272041, "Actual Rows": 1337087}], "Actual Rows": 140904}], "Actual Rows": 140904}, {"Node Type": "Materialize", "Parent Relationship": "Inner", "Startup Cost": 0.0, "Total Cost": 28040188.8, "Plan Rows": 447839, "Plan Width": 29, "Actual Min Startup Time": 250.917, "Actual Max Startup Time": 353.666, "Actual Min Total Time": 251.57, "Actual Max Total Time": 353.666, "Plans": [{"Node Type": "Streaming(type: LOCAL REDISTRIBUTE dop: 16/16)", "Parent Relationship": "Outer", "Startup Cost": 0.0, "Total Cost": 28040048.85, "Plan Rows": 447839, "Plan Width": 29, "Actual Min Startup Time": 250.072, "Actual Max Startup Time": 352.902, "Actual Min Total Time": 250.104, "Actual Max Total Time": 352.902, "Plans": [{"Node Type": "Nested Loop", "Parent Relationship": "Outer", "Join Type": "Inner", "Startup Cost": 0.0, "Total Cost": 28023351.96, "Plan Rows": 447839, "Plan Width": 29, "Actual Min Startup Time": 154.52, "Actual Max Startup Time": 372.595, "Actual Min Total Time": 248.574, "Actual Max Total Time": 372.595, "Inner Unique": false, "Join Filter": "(mi_idx.movie_id = t.id), (LLVM Optimized)", "Rows Removed by Join Filter": 863716, "Plans": [{"Node Type": "Streaming(type: LOCAL REDISTRIBUTE dop: 16/16)", "Parent Relationship": "Outer", "Startup Cost": 0.0, "Total Cost": 39385.42, "Plan Rows": 1381886, "Plan Width": 25, "Actual Min Startup Time": 0.059, "Actual Max Startup Time": 0.467, "Actual Min Total Time": 140.136, "Actual Max Total Time": 189.556, "Plans": [{"Node Type": "Seq Scan", "Parent Relationship": "Outer", "Relation Name": "title", "Alias": "t", "Startup Cost": 0.0, "Total Cost": 19149.37, "Plan Rows": 1381886, "Plan Width": 25, "Actual Min Startup Time": 0.026, "Actual Max Startup Time": 0.046, "Actual Min Total Time": 61.353, "Actual Max Total Time": 69.966, "Filter": "(production_year > 2000), (LLVM Optimized)", "Rows Removed by Filter": 1146858, "Actual Rows": 1381453}], "Actual Rows": 1381453}, {"Node Type": "Materialize", "Parent Relationship": "Inner", "Startup Cost": 0.0, "Total Cost": 48763.12, "Plan Rows": 345008, "Plan Width": 4, "Actual Min Startup Time": 43.251, "Actual Max Startup Time": 170.63, "Actual Min Total Time": 45.588, "Actual Max Total Time": 170.63, "Plans": [{"Node Type": "Streaming(type: LOCAL REDISTRIBUTE dop: 16/16)", "Parent Relationship": "Outer", "Startup Cost": 0.0, "Total Cost": 48655.3, "Plan Rows": 345008, "Plan Width": 4, "Actual Min Startup Time": 0.024, "Actual Max Startup Time": 159.516, "Actual Min Total Time": 35.52, "Actual Max Total Time": 159.516, "Plans": [{"Node Type": "Nested Loop", "Parent Relationship": "Outer", "Join Type": "Inner", "Startup Cost": 0.0, "Total Cost": 32348.04, "Plan Rows": 345008, "Plan Width": 4, "Actual Min Startup Time": 34.897, "Actual Max Startup Time": 51.935, "Actual Min Total Time": 34.897, "Actual Max Total Time": 51.935, "Inner Unique": false, "Join Filter": "(it.id = mi_idx.info_type_id), (LLVM Optimized)", "Rows Removed by Join Filter": 1380024, "Plans": [{"Node Type": "Streaming(type: BROADCAST dop: 16/1)", "Parent Relationship": "Outer", "Startup Cost": 0.0, "Total Cost": 15002.75, "Plan Rows": 16, "Plan Width": 4, "Actual Min Startup Time": 0.003, "Actual Max Startup Time": 16.672, "Actual Min Total Time": 0.004, "Actual Max Total Time": 16.674, "Plans": [{"Node Type": "Seq Scan", "Parent Relationship": "Outer", "Relation Name": "info_type", "Alias": "it", "Startup Cost": 0.0, "Total Cost": 2.4, "Plan Rows": 1, "Plan Width": 4, "Actual Min Startup Time": 0.075, "Actual Max Startup Time": 0.075, "Actual Min Total Time": 0.078, "Actual Max Total Time": 0.078, "Filter": "((info)::text = 'bottom 10 rank'::text)", "Rows Removed by Filter": 111, "Actual Rows": 1}], "Actual Rows": 16}, {"Node Type": "Seq Scan", "Parent Relationship": "Inner", "Relation Name": "movie_info_idx", "Alias": "mi_idx", "Startup Cost": 0.0, "Total Cost": 16267.15, "Plan Rows": 1380034, "Plan Width": 8, "Actual Min Startup Time": 0.035, "Actual Max Startup Time": 0.061, "Actual Min Total Time": 18.708, "Actual Max Total Time": 22.481, "Actual Rows": 1380034}], "Actual Rows": 10}], "Actual Rows": 10}], "Actual Rows": 863730}], "Actual Rows": 6}], "Actual Rows": 6}], "Actual Rows": 53211}], "Actual Rows": 4}], "Actual Rows": 16}], "Actual Rows": 16}], "Actual Rows": 1}, "Triggers": [], "Planner Runtime": 3, "Total Runtime": 565.139, "Unique SQL Id": 2492542741}}, "(16, 31)": {"explain_plan": {"Plan": {"Node Type": "Aggregate", "Strategy": "Plain", "Startup Cost": 4997226399715.34, "Total Cost": 4997226399715.35, "Plan Rows": 1, "Plan Width": 113, "Plans": [{"Node Type": "Nested Loop", "Parent Relationship": "Outer", "Join Type": "Inner", "Startup Cost": 50027231635.11, "Total Cost": 4997226394836.15, "Plan Rows": 650559, "Plan Width": 45, "Inner Unique": false, "Join Filter": "(mi_idx.info_type_id = it.id), (LLVM Optimized)", "Plans": [{"Node Type": "Index Scan", "Parent Relationship": "Outer", "Scan Direction": "Forward", "Index Name": "info_type_pkey", "Relation Name": "info_type", "Alias": "it", "Startup Cost": 10000000000.0, "Total Cost": 1000000001421.0, "Plan Rows": 1, "Plan Width": 4, "Filter": "((info)::text = 'bottom 10 rank'::text)"}, {"Node Type": "Nested Loop", "Parent Relationship": "Inner", "Join Type": "Inner", "Startup Cost": 40027231635.11, "Total Cost": 3997226360887.19, "Plan Rows": 2602236, "Plan Width": 49, "Inner Unique": false, "Join Filter": "(mc.company_type_id = ct.id), (LLVM Optimized)", "Plans": [{"Node Type": "Index Scan", "Parent Relationship": "Outer", "Scan Direction": "Forward", "Index Name": "company_type_pkey", "Relation Name": "company_type", "Alias": "ct", "Startup Cost": 10000000000.0, "Total Cost": 1000000001230.25, "Plan Rows": 1, "Plan Width": 4, "Filter": "((kind)::text = 'production companies'::text)"}, {"Node Type": "Merge Join", "Parent Relationship": "Inner", "Join Type": "Inner", "Startup Cost": 30027231635.11, "Total Cost": 2997226306897.65, "Plan Rows": 4220744, "Plan Width": 53, "Inner Unique": false, "Merge Cond": "(mi_idx.movie_id = t.id)", "Plans": [{"Node Type": "Index Scan", "Parent Relationship": "Outer", "Scan Direction": "Forward", "Index Name": "movie_id_movie_info_idx", "Relation Name": "movie_info_idx", "Alias": "mi_idx", "Startup Cost": 10000000000.0, "Total Cost": 1000004650035.37, "Plan Rows": 1380034, "Plan Width": 8}, {"Node Type": "Materialize", "Parent Relationship": "Inner", "Startup Cost": 20021492619.09, "Total Cost": 1999076868999.12, "Plan Rows": 3320699, "Plan Width": 57, "Plans": [{"Node Type": "Merge Join", "Parent Relationship": "Outer", "Join Type": "Inner", "Startup Cost": 20021492619.09, "Total Cost": 1999076860697.37, "Plan Rows": 3320699, "Plan Width": 57, "Inner Unique": false, "Merge Cond": "(t.id = mc.movie_id)", "Plans": [{"Node Type": "Index Scan", "Parent Relationship": "Outer", "Scan Direction": "Forward", "Index Name": "title_pkey", "Relation Name": "title", "Alias": "t", "Startup Cost": 10000000000.0, "Total Cost": 1000011644126.66, "Plan Rows": 1381886, "Plan Width": 25, "Filter": "(production_year > 2000), (LLVM Optimized)"}, {"Node Type": "Materialize", "Parent Relationship": "Inner", "Startup Cost": 10000000000.0, "Total Cost": 1000013710750.72, "Plan Rows": 2609035, "Plan Width": 32, "Plans": [{"Node Type": "Index Scan", "Parent Relationship": "Outer", "Scan Direction": "Forward", "Index Name": "movie_id_movie_companies", "Relation Name": "movie_companies", "Alias": "mc", "Startup Cost": 10000000000.0, "Total Cost": 1000013704228.13, "Plan Rows": 2609035, "Plan Width": 32, "Filter": "((note)::text !~~ '%(as Metro-Goldwyn-Mayer Pictures)%'::text), (LLVM Optimized)"}]}]}]}]}]}]}]}, "Unique SQL Id": 2492542741, "Planner Runtime": 9}, "explain_analyze_plan": null}, "(16, 32)": {"explain_plan": {"Plan": {"Node Type": "Aggregate", "Strategy": "Plain", "Startup Cost": 160574.31, "Total Cost": 160574.34, "Plan Rows": 1, "Plan Width": 113, "Plans": [{"Node Type": "Streaming(type: LOCAL GATHER dop: 1/16)", "Parent Relationship": "Outer", "Startup Cost": 160574.31, "Total Cost": 160574.34, "Plan Rows": 1, "Plan Width": 113, "Plans": [{"Node Type": "Aggregate", "Strategy": "Plain", "Parent Relationship": "Outer", "Startup Cost": 160574.31, "Total Cost": 160574.32, "Plan Rows": 1, "Plan Width": 113, "Plans": [{"Node Type": "Hash Join", "Parent Relationship": "Outer", "Join Type": "Inner", "Startup Cost": 75437.67, "Total Cost": 155695.12, "Plan Rows": 650559, "Plan Width": 45, "Inner Unique": false, "Hash Cond": "(t.id = mc.movie_id), (LLVM Optimized)", "Plans": [{"Node Type": "Streaming(type: LOCAL REDISTRIBUTE dop: 16/16)", "Parent Relationship": "Outer", "Startup Cost": 20228.97, "Total Cost": 99863.53, "Plan Rows": 447839, "Plan Width": 29, "Plans": [{"Node Type": "Hash Join", "Parent Relationship": "Outer", "Join Type": "Inner", "Startup Cost": 20228.97, "Total Cost": 83166.64, "Plan Rows": 447839, "Plan Width": 29, "Inner Unique": true, "Hash Cond": "(mi_idx.movie_id = t.id), (LLVM Optimized)", "Plans": [{"Node Type": "Streaming(type: BROADCAST dop: 16/16)", "Parent Relationship": "Outer", "Startup Cost": 0.0, "Total Cost": 61363.99, "Plan Rows": 5520128, "Plan Width": 4, "Plans": [{"Node Type": "Nested Loop", "Parent Relationship": "Outer", "Join Type": "Inner", "Startup Cost": 0.0, "Total Cost": 32348.04, "Plan Rows": 345008, "Plan Width": 4, "Inner Unique": false, "Join Filter": "(it.id = mi_idx.info_type_id), (LLVM Optimized)", "Plans": [{"Node Type": "Streaming(type: BROADCAST dop: 16/1)", "Parent Relationship": "Outer", "Startup Cost": 0.0, "Total Cost": 15002.75, "Plan Rows": 16, "Plan Width": 4, "Plans": [{"Node Type": "Seq Scan", "Parent Relationship": "Outer", "Relation Name": "info_type", "Alias": "it", "Startup Cost": 0.0, "Total Cost": 2.4, "Plan Rows": 1, "Plan Width": 4, "Filter": "((info)::text = 'bottom 10 rank'::text)"}]}, {"Node Type": "Seq Scan", "Parent Relationship": "Inner", "Relation Name": "movie_info_idx", "Alias": "mi_idx", "Startup Cost": 0.0, "Total Cost": 16267.15, "Plan Rows": 1380034, "Plan Width": 8}]}]}, {"Node Type": "Hash", "Parent Relationship": "Inner", "Startup Cost": 19149.37, "Total Cost": 19149.37, "Plan Rows": 1381886, "Plan Width": 25, "Plans": [{"Node Type": "Seq Scan", "Parent Relationship": "Outer", "Relation Name": "title", "Alias": "t", "Startup Cost": 0.0, "Total Cost": 19149.37, "Plan Rows": 1381886, "Plan Width": 25, "Filter": "(production_year > 2000), (LLVM Optimized)"}]}]}]}, {"Node Type": "Hash", "Parent Relationship": "Inner", "Startup Cost": 54189.55, "Total Cost": 54189.55, "Plan Rows": 1304518, "Plan Width": 28, "Plans": [{"Node Type": "Streaming(type: LOCAL REDISTRIBUTE dop: 16/16)", "Parent Relationship": "Outer", "Startup Cost": 15001.4, "Total Cost": 54189.55, "Plan Rows": 1304518, "Plan Width": 28, "Plans": [{"Node Type": "Hash Join", "Parent Relationship": "Outer", "Join Type": "Inner", "Startup Cost": 15001.4, "Total Cost": 34246.65, "Plan Rows": 1304518, "Plan Width": 28, "Inner Unique": true, "Hash Cond": "(mc.company_type_id = ct.id), (LLVM Optimized)", "Plans": [{"Node Type": "Seq Scan", "Parent Relationship": "Outer", "Relation Name": "movie_companies", "Alias": "mc", "Startup Cost": 0.0, "Total Cost": 18021.26, "Plan Rows": 2609035, "Plan Width": 32, "Filter": "((note)::text !~~ '%(as Metro-Goldwyn-Mayer Pictures)%'::text), (LLVM Optimized)"}, {"Node Type": "Hash", "Parent Relationship": "Inner", "Startup Cost": 15001.38, "Total Cost": 15001.38, "Plan Rows": 16, "Plan Width": 4, "Plans": [{"Node Type": "Streaming(type: BROADCAST dop: 16/1)", "Parent Relationship": "Outer", "Startup Cost": 0.0, "Total Cost": 15001.38, "Plan Rows": 16, "Plan Width": 4, "Plans": [{"Node Type": "Seq Scan", "Parent Relationship": "Outer", "Relation Name": "company_type", "Alias": "ct", "Startup Cost": 0.0, "Total Cost": 1.04, "Plan Rows": 1, "Plan Width": 4, "Filter": "((kind)::text = 'production companies'::text)"}]}]}]}]}]}]}]}]}]}, "Unique SQL Id": 2492542741, "Planner Runtime": 21}, "explain_analyze_plan": {"Plan": {"Node Type": "Aggregate", "Strategy": "Plain", "Startup Cost": 160574.31, "Total Cost": 160574.34, "Plan Rows": 1, "Plan Width": 113, "Actual Min Startup Time": 294.631, "Actual Max Startup Time": 294.631, "Actual Min Total Time": 294.631, "Actual Max Total Time": 294.631, "Plans": [{"Node Type": "Streaming(type: LOCAL GATHER dop: 1/16)", "Parent Relationship": "Outer", "Startup Cost": 160574.31, "Total Cost": 160574.34, "Plan Rows": 1, "Plan Width": 113, "Actual Min Startup Time": 294.32, "Actual Max Startup Time": 294.32, "Actual Min Total Time": 294.607, "Actual Max Total Time": 294.607, "Plans": [{"Node Type": "Aggregate", "Strategy": "Plain", "Parent Relationship": "Outer", "Startup Cost": 160574.31, "Total Cost": 160574.32, "Plan Rows": 1, "Plan Width": 113, "Actual Min Startup Time": 93.315, "Actual Max Startup Time": 144.24, "Actual Min Total Time": 93.315, "Actual Max Total Time": 144.24, "Plans": [{"Node Type": "Hash Join", "Parent Relationship": "Outer", "Join Type": "Inner", "Startup Cost": 75437.67, "Total Cost": 155695.12, "Plan Rows": 650559, "Plan Width": 45, "Actual Min Startup Time": 93.31, "Actual Max Startup Time": 144.232, "Actual Min Total Time": 93.31, "Actual Max Total Time": 144.232, "Inner Unique": false, "Hash Cond": "(t.id = mc.movie_id), (LLVM Optimized)", "Plans": [{"Node Type": "Streaming(type: LOCAL REDISTRIBUTE dop: 16/16)", "Parent Relationship": "Outer", "Startup Cost": 20228.97, "Total Cost": 99863.53, "Plan Rows": 447839, "Plan Width": 29, "Actual Min Startup Time": 0.026, "Actual Max Startup Time": 2.09, "Actual Min Total Time": 2.001, "Actual Max Total Time": 2.09, "Plans": [{"Node Type": "Hash Join", "Parent Relationship": "Outer", "Join Type": "Inner", "Startup Cost": 20228.97, "Total Cost": 83166.64, "Plan Rows": 447839, "Plan Width": 29, "Actual Min Startup Time": 89.837, "Actual Max Startup Time": 98.162, "Actual Min Total Time": 89.837, "Actual Max Total Time": 98.162, "Inner Unique": true, "Hash Cond": "(mi_idx.movie_id = t.id), (LLVM Optimized)", "Plans": [{"Node Type": "Streaming(type: BROADCAST dop: 16/16)", "Parent Relationship": "Outer", "Startup Cost": 0.0, "Total Cost": 61363.99, "Plan Rows": 5520128, "Plan Width": 4, "Actual Min Startup Time": 0.026, "Actual Max Startup Time": 0.057, "Actual Min Total Time": 0.028, "Actual Max Total Time": 0.059, "Plans": [{"Node Type": "Nested Loop", "Parent Relationship": "Outer", "Join Type": "Inner", "Startup Cost": 0.0, "Total Cost": 32348.04, "Plan Rows": 345008, "Plan Width": 4, "Actual Min Startup Time": 34.818, "Actual Max Startup Time": 48.797, "Actual Min Total Time": 34.818, "Actual Max Total Time": 48.797, "Inner Unique": false, "Join Filter": "(it.id = mi_idx.info_type_id), (LLVM Optimized)", "Rows Removed by Join Filter": 1380024, "Plans": [{"Node Type": "Streaming(type: BROADCAST dop: 16/1)", "Parent Relationship": "Outer", "Startup Cost": 0.0, "Total Cost": 15002.75, "Plan Rows": 16, "Plan Width": 4, "Actual Min Startup Time": 0.003, "Actual Max Startup Time": 11.925, "Actual Min Total Time": 0.004, "Actual Max Total Time": 11.925, "Plans": [{"Node Type": "Seq Scan", "Parent Relationship": "Outer", "Relation Name": "info_type", "Alias": "it", "Startup Cost": 0.0, "Total Cost": 2.4, "Plan Rows": 1, "Plan Width": 4, "Actual Min Startup Time": 0.077, "Actual Max Startup Time": 0.077, "Actual Min Total Time": 0.081, "Actual Max Total Time": 0.081, "Filter": "((info)::text = 'bottom 10 rank'::text)", "Rows Removed by Filter": 111, "Actual Rows": 1}], "Actual Rows": 16}, {"Node Type": "Seq Scan", "Parent Relationship": "Inner", "Relation Name": "movie_info_idx", "Alias": "mi_idx", "Startup Cost": 0.0, "Total Cost": 16267.15, "Plan Rows": 1380034, "Plan Width": 8, "Actual Min Startup Time": 0.037, "Actual Max Startup Time": 0.099, "Actual Min Total Time": 18.623, "Actual Max Total Time": 22.145, "Actual Rows": 1380034}], "Actual Rows": 10}], "Actual Rows": 160}, {"Node Type": "Hash", "Parent Relationship": "Inner", "Startup Cost": 19149.37, "Total Cost": 19149.37, "Plan Rows": 1381886, "Plan Width": 25, "Actual Min Startup Time": 89.69, "Actual Max Startup Time": 97.992, "Actual Min Total Time": 89.69, "Actual Max Total Time": 97.992, "Max Hash Buckets": 131072, "Min Hash Buckets": 131072, "Max Hash Batches": 1, "Min Hash Batches": 1, "Max Original Hash Batches": 1, "Min Original Hash Batches": 1, "Max Peak Memory Usage": 5066, "min Peak Memory Usage": 5066, "Plans": [{"Node Type": "Seq Scan", "Parent Relationship": "Outer", "Relation Name": "title", "Alias": "t", "Startup Cost": 0.0, "Total Cost": 19149.37, "Plan Rows": 1381886, "Plan Width": 25, "Actual Min Startup Time": 0.027, "Actual Max Startup Time": 0.045, "Actual Min Total Time": 61.934, "Actual Max Total Time": 69.455, "Filter": "(production_year > 2000), (LLVM Optimized)", "Rows Removed by Filter": 1146858, "Actual Rows": 1381453}], "Actual Rows": 1381453}], "Actual Rows": 6}], "Actual Rows": 6}, {"Node Type": "Hash", "Parent Relationship": "Inner", "Startup Cost": 54189.55, "Total Cost": 54189.55, "Plan Rows": 1304518, "Plan Width": 28, "Actual Min Startup Time": 91.078, "Actual Max Startup Time": 142.008, "Actual Min Total Time": 91.078, "Actual Max Total Time": 142.008, "Max Hash Buckets": 131072, "Min Hash Buckets": 131072, "Max Hash Batches": 1, "Min Hash Batches": 1, "Max Original Hash Batches": 1, "Min Original Hash Batches": 1, "Max Peak Memory Usage": 494, "min Peak Memory Usage": 494, "Plans": [{"Node Type": "Streaming(type: LOCAL REDISTRIBUTE dop: 16/16)", "Parent Relationship": "Outer", "Startup Cost": 15001.4, "Total Cost": 54189.55, "Plan Rows": 1304518, "Plan Width": 28, "Actual Min Startup Time": 0.052, "Actual Max Startup Time": 49.718, "Actual Min Total Time": 88.056, "Actual Max Total Time": 138.917, "Plans": [{"Node Type": "Hash Join", "Parent Relationship": "Outer", "Join Type": "Inner", "Startup Cost": 15001.4, "Total Cost": 34246.65, "Plan Rows": 1304518, "Plan Width": 28, "Actual Min Startup Time": 48.49, "Actual Max Startup Time": 55.874, "Actual Min Total Time": 72.267, "Actual Max Total Time": 83.096, "Inner Unique": true, "Hash Cond": "(mc.company_type_id = ct.id), (LLVM Optimized)", "Plans": [{"Node Type": "Seq Scan", "Parent Relationship": "Outer", "Relation Name": "movie_companies", "Alias": "mc", "Startup Cost": 0.0, "Total Cost": 18021.26, "Plan Rows": 2609035, "Plan Width": 32, "Actual Min Startup Time": 0.03, "Actual Max Startup Time": 0.052, "Actual Min Total Time": 57.433, "Actual Max Total Time": 64.847, "Filter": "((note)::text !~~ '%(as Metro-Goldwyn-Mayer Pictures)%'::text), (LLVM Optimized)", "Rows Removed by Filter": 1272041, "Actual Rows": 1337087}, {"Node Type": "Hash", "Parent Relationship": "Inner", "Startup Cost": 15001.38, "Total Cost": 15001.38, "Plan Rows": 16, "Plan Width": 4, "Actual Min Startup Time": 0.012, "Actual Max Startup Time": 0.027, "Actual Min Total Time": 0.012, "Actual Max Total Time": 0.027, "Max Hash Buckets": 32768, "Min Hash Buckets": 32768, "Max Hash Batches": 1, "Min Hash Batches": 1, "Max Original Hash Batches": 1, "Min Original Hash Batches": 1, "Max Peak Memory Usage": 1, "min Peak Memory Usage": 1, "Plans": [{"Node Type": "Streaming(type: BROADCAST dop: 16/1)", "Parent Relationship": "Outer", "Startup Cost": 0.0, "Total Cost": 15001.38, "Plan Rows": 16, "Plan Width": 4, "Actual Min Startup Time": 0.003, "Actual Max Startup Time": 0.008, "Actual Min Total Time": 0.003, "Actual Max Total Time": 0.009, "Plans": [{"Node Type": "Seq Scan", "Parent Relationship": "Outer", "Relation Name": "company_type", "Alias": "ct", "Startup Cost": 0.0, "Total Cost": 1.04, "Plan Rows": 1, "Plan Width": 4, "Actual Min Startup Time": 0.034, "Actual Max Startup Time": 0.034, "Actual Min Total Time": 0.037, "Actual Max Total Time": 0.037, "Filter": "((kind)::text = 'production companies'::text)", "Rows Removed by Filter": 2, "Actual Rows": 1}], "Actual Rows": 16}], "Actual Rows": 16}], "Actual Rows": 140904}], "Actual Rows": 140904}], "Actual Rows": 140904}], "Actual Rows": 4}], "Actual Rows": 16}], "Actual Rows": 16}], "Actual Rows": 1}, "Triggers": [], "Planner Runtime": 22, "Total Runtime": 318.495, "Unique SQL Id": 2492542741}}, "(16, 33)": {"explain_plan": {"Plan": {"Node Type": "Aggregate", "Strategy": "Plain", "Startup Cost": 285694.99, "Total Cost": 285695.01, "Plan Rows": 1, "Plan Width": 113, "Plans": [{"Node Type": "Streaming(type: LOCAL GATHER dop: 1/16)", "Parent Relationship": "Outer", "Startup Cost": 285694.99, "Total Cost": 285695.01, "Plan Rows": 1, "Plan Width": 113, "Plans": [{"Node Type": "Aggregate", "Strategy": "Plain", "Parent Relationship": "Outer", "Startup Cost": 285694.99, "Total Cost": 285695.0, "Plan Rows": 1, "Plan Width": 113, "Plans": [{"Node Type": "Hash Join", "Parent Relationship": "Outer", "Join Type": "Inner", "Startup Cost": 136172.58, "Total Cost": 280815.79, "Plan Rows": 650559, "Plan Width": 45, "Inner Unique": false, "Hash Cond": "(t.id = mi_idx.movie_id), (LLVM Optimized)", "Plans": [{"Node Type": "Streaming(type: LOCAL REDISTRIBUTE dop: 16/16)", "Parent Relationship": "Outer", "Startup Cost": 123128.27, "Total Cost": 267031.63, "Plan Rows": 1693335, "Plan Width": 53, "Plans": [{"Node Type": "Hash Join", "Parent Relationship": "Outer", "Join Type": "Inner", "Startup Cost": 123128.27, "Total Cost": 245615.48, "Plan Rows": 1693335, "Plan Width": 53, "Inner Unique": true, "Hash Cond": "(mc.movie_id = t.id), (LLVM Optimized)", "Plans": [{"Node Type": "Streaming(type: LOCAL REDISTRIBUTE dop: 16/16)", "Parent Relationship": "Outer", "Startup Cost": 0.0, "Total Cost": 121123.13, "Plan Rows": 1304518, "Plan Width": 28, "Plans": [{"Node Type": "Nested Loop", "Parent Relationship": "Outer", "Join Type": "Inner", "Startup Cost": 0.0, "Total Cost": 101180.23, "Plan Rows": 1304518, "Plan Width": 28, "Inner Unique": false, "Join Filter": "(ct.id = mc.company_type_id), (LLVM Optimized)", "Plans": [{"Node Type": "Streaming(type: BROADCAST dop: 16/1)", "Parent Relationship": "Outer", "Startup Cost": 0.0, "Total Cost": 15012.65, "Plan Rows": 16, "Plan Width": 4, "Plans": [{"Node Type": "Index Scan", "Parent Relationship": "Outer", "Scan Direction": "Forward", "Index Name": "company_type_pkey", "Relation Name": "company_type", "Alias": "ct", "Startup Cost": 0.0, "Total Cost": 12.3, "Plan Rows": 1, "Plan Width": 4, "Filter": "((kind)::text = 'production companies'::text)"}]}, {"Node Type": "Index Scan", "Parent Relationship": "Inner", "Scan Direction": "Forward", "Index Name": "company_type_id_movie_companies", "Relation Name": "movie_companies", "Alias": "mc", "Startup Cost": 0.0, "Total Cost": 84129.27, "Plan Rows": 2609035, "Plan Width": 32, "Filter": "((note)::text !~~ '%(as Metro-Goldwyn-Mayer Pictures)%'::text), (LLVM Optimized)"}]}]}, {"Node Type": "Hash", "Parent Relationship": "Inner", "Startup Cost": 122048.67, "Total Cost": 122048.67, "Plan Rows": 1381886, "Plan Width": 25, "Plans": [{"Node Type": "Streaming(type: LOCAL REDISTRIBUTE dop: 16/16)", "Parent Relationship": "Outer", "Startup Cost": 0.0, "Total Cost": 122048.67, "Plan Rows": 1381886, "Plan Width": 25, "Plans": [{"Node Type": "Index Scan", "Parent Relationship": "Outer", "Scan Direction": "Forward", "Index Name": "title_pkey", "Relation Name": "title", "Alias": "t", "Startup Cost": 0.0, "Total Cost": 101812.62, "Plan Rows": 1381886, "Plan Width": 25, "Filter": "(production_year > 2000), (LLVM Optimized)"}]}]}]}]}, {"Node Type": "Hash", "Parent Relationship": "Inner", "Startup Cost": 51099.09, "Total Cost": 51099.09, "Plan Rows": 345008, "Plan Width": 4, "Plans": [{"Node Type": "Streaming(type: LOCAL REDISTRIBUTE dop: 16/1)", "Parent Relationship": "Outer", "Startup Cost": 7502.06, "Total Cost": 51099.09, "Plan Rows": 345008, "Plan Width": 4, "Plans": [{"Node Type": "Nested Loop", "Parent Relationship": "Outer", "Join Type": "Inner", "Startup Cost": 7502.06, "Total Cost": 21752.95, "Plan Rows": 345008, "Plan Width": 4, "Inner Unique": false, "Plans": [{"Node Type": "Index Scan", "Parent Relationship": "Outer", "Scan Direction": "Forward", "Index Name": "info_type_pkey", "Relation Name": "info_type", "Alias": "it", "Startup Cost": 0.0, "Total Cost": 14.21, "Plan Rows": 1, "Plan Width": 4, "Filter": "((info)::text = 'bottom 10 rank'::text)"}, {"Node Type": "Bitmap Heap Scan", "Parent Relationship": "Inner", "Relation Name": "movie_info_idx", "Alias": "mi_idx", "Startup Cost": 7502.06, "Total Cost": 18288.66, "Plan Rows": 345008, "Plan Width": 8, "Recheck Cond": "(info_type_id = it.id), (LLVM Optimized)", "Plans": [{"Node Type": "Bitmap Index Scan", "Parent Relationship": "Outer", "Index Name": "info_type_id_movie_info_idx", "Startup Cost": 0.0, "Total Cost": 7415.81, "Plan Rows": 345008, "Plan Width": 0, "Index Cond": "(info_type_id = it.id)"}]}]}]}]}]}]}]}]}, "Unique SQL Id": 2492542741, "Planner Runtime": 17}, "explain_analyze_plan": null}, "(16, 34)": {"explain_plan": {"Plan": {"Node Type": "Aggregate", "Strategy": "Plain", "Startup Cost": 160574.31, "Total Cost": 160574.34, "Plan Rows": 1, "Plan Width": 113, "Plans": [{"Node Type": "Streaming(type: LOCAL GATHER dop: 1/16)", "Parent Relationship": "Outer", "Startup Cost": 160574.31, "Total Cost": 160574.34, "Plan Rows": 1, "Plan Width": 113, "Plans": [{"Node Type": "Aggregate", "Strategy": "Plain", "Parent Relationship": "Outer", "Startup Cost": 160574.31, "Total Cost": 160574.32, "Plan Rows": 1, "Plan Width": 113, "Plans": [{"Node Type": "Hash Join", "Parent Relationship": "Outer", "Join Type": "Inner", "Startup Cost": 75437.67, "Total Cost": 155695.12, "Plan Rows": 650559, "Plan Width": 45, "Inner Unique": false, "Hash Cond": "(t.id = mc.movie_id), (LLVM Optimized)", "Plans": [{"Node Type": "Streaming(type: LOCAL REDISTRIBUTE dop: 16/16)", "Parent Relationship": "Outer", "Startup Cost": 20228.97, "Total Cost": 99863.53, "Plan Rows": 447839, "Plan Width": 29, "Plans": [{"Node Type": "Hash Join", "Parent Relationship": "Outer", "Join Type": "Inner", "Startup Cost": 20228.97, "Total Cost": 83166.64, "Plan Rows": 447839, "Plan Width": 29, "Inner Unique": true, "Hash Cond": "(mi_idx.movie_id = t.id), (LLVM Optimized)", "Plans": [{"Node Type": "Streaming(type: BROADCAST dop: 16/16)", "Parent Relationship": "Outer", "Startup Cost": 0.0, "Total Cost": 61363.99, "Plan Rows": 5520128, "Plan Width": 4, "Plans": [{"Node Type": "Nested Loop", "Parent Relationship": "Outer", "Join Type": "Inner", "Startup Cost": 0.0, "Total Cost": 32348.04, "Plan Rows": 345008, "Plan Width": 4, "Inner Unique": false, "Join Filter": "(it.id = mi_idx.info_type_id), (LLVM Optimized)", "Plans": [{"Node Type": "Streaming(type: BROADCAST dop: 16/1)", "Parent Relationship": "Outer", "Startup Cost": 0.0, "Total Cost": 15002.75, "Plan Rows": 16, "Plan Width": 4, "Plans": [{"Node Type": "Seq Scan", "Parent Relationship": "Outer", "Relation Name": "info_type", "Alias": "it", "Startup Cost": 0.0, "Total Cost": 2.4, "Plan Rows": 1, "Plan Width": 4, "Filter": "((info)::text = 'bottom 10 rank'::text)"}]}, {"Node Type": "Seq Scan", "Parent Relationship": "Inner", "Relation Name": "movie_info_idx", "Alias": "mi_idx", "Startup Cost": 0.0, "Total Cost": 16267.15, "Plan Rows": 1380034, "Plan Width": 8}]}]}, {"Node Type": "Hash", "Parent Relationship": "Inner", "Startup Cost": 19149.37, "Total Cost": 19149.37, "Plan Rows": 1381886, "Plan Width": 25, "Plans": [{"Node Type": "Seq Scan", "Parent Relationship": "Outer", "Relation Name": "title", "Alias": "t", "Startup Cost": 0.0, "Total Cost": 19149.37, "Plan Rows": 1381886, "Plan Width": 25, "Filter": "(production_year > 2000), (LLVM Optimized)"}]}]}]}, {"Node Type": "Hash", "Parent Relationship": "Inner", "Startup Cost": 54189.55, "Total Cost": 54189.55, "Plan Rows": 1304518, "Plan Width": 28, "Plans": [{"Node Type": "Streaming(type: LOCAL REDISTRIBUTE dop: 16/16)", "Parent Relationship": "Outer", "Startup Cost": 15001.4, "Total Cost": 54189.55, "Plan Rows": 1304518, "Plan Width": 28, "Plans": [{"Node Type": "Hash Join", "Parent Relationship": "Outer", "Join Type": "Inner", "Startup Cost": 15001.4, "Total Cost": 34246.65, "Plan Rows": 1304518, "Plan Width": 28, "Inner Unique": true, "Hash Cond": "(mc.company_type_id = ct.id), (LLVM Optimized)", "Plans": [{"Node Type": "Seq Scan", "Parent Relationship": "Outer", "Relation Name": "movie_companies", "Alias": "mc", "Startup Cost": 0.0, "Total Cost": 18021.26, "Plan Rows": 2609035, "Plan Width": 32, "Filter": "((note)::text !~~ '%(as Metro-Goldwyn-Mayer Pictures)%'::text), (LLVM Optimized)"}, {"Node Type": "Hash", "Parent Relationship": "Inner", "Startup Cost": 15001.38, "Total Cost": 15001.38, "Plan Rows": 16, "Plan Width": 4, "Plans": [{"Node Type": "Streaming(type: BROADCAST dop: 16/1)", "Parent Relationship": "Outer", "Startup Cost": 0.0, "Total Cost": 15001.38, "Plan Rows": 16, "Plan Width": 4, "Plans": [{"Node Type": "Seq Scan", "Parent Relationship": "Outer", "Relation Name": "company_type", "Alias": "ct", "Startup Cost": 0.0, "Total Cost": 1.04, "Plan Rows": 1, "Plan Width": 4, "Filter": "((kind)::text = 'production companies'::text)"}]}]}]}]}]}]}]}]}]}, "Unique SQL Id": 2492542741, "Planner Runtime": 23}, "explain_analyze_plan": {"Plan": {"Node Type": "Aggregate", "Strategy": "Plain", "Startup Cost": 160574.31, "Total Cost": 160574.34, "Plan Rows": 1, "Plan Width": 113, "Actual Min Startup Time": 294.631, "Actual Max Startup Time": 294.631, "Actual Min Total Time": 294.631, "Actual Max Total Time": 294.631, "Plans": [{"Node Type": "Streaming(type: LOCAL GATHER dop: 1/16)", "Parent Relationship": "Outer", "Startup Cost": 160574.31, "Total Cost": 160574.34, "Plan Rows": 1, "Plan Width": 113, "Actual Min Startup Time": 294.32, "Actual Max Startup Time": 294.32, "Actual Min Total Time": 294.607, "Actual Max Total Time": 294.607, "Plans": [{"Node Type": "Aggregate", "Strategy": "Plain", "Parent Relationship": "Outer", "Startup Cost": 160574.31, "Total Cost": 160574.32, "Plan Rows": 1, "Plan Width": 113, "Actual Min Startup Time": 93.315, "Actual Max Startup Time": 144.24, "Actual Min Total Time": 93.315, "Actual Max Total Time": 144.24, "Plans": [{"Node Type": "Hash Join", "Parent Relationship": "Outer", "Join Type": "Inner", "Startup Cost": 75437.67, "Total Cost": 155695.12, "Plan Rows": 650559, "Plan Width": 45, "Actual Min Startup Time": 93.31, "Actual Max Startup Time": 144.232, "Actual Min Total Time": 93.31, "Actual Max Total Time": 144.232, "Inner Unique": false, "Hash Cond": "(t.id = mc.movie_id), (LLVM Optimized)", "Plans": [{"Node Type": "Streaming(type: LOCAL REDISTRIBUTE dop: 16/16)", "Parent Relationship": "Outer", "Startup Cost": 20228.97, "Total Cost": 99863.53, "Plan Rows": 447839, "Plan Width": 29, "Actual Min Startup Time": 0.026, "Actual Max Startup Time": 2.09, "Actual Min Total Time": 2.001, "Actual Max Total Time": 2.09, "Plans": [{"Node Type": "Hash Join", "Parent Relationship": "Outer", "Join Type": "Inner", "Startup Cost": 20228.97, "Total Cost": 83166.64, "Plan Rows": 447839, "Plan Width": 29, "Actual Min Startup Time": 89.837, "Actual Max Startup Time": 98.162, "Actual Min Total Time": 89.837, "Actual Max Total Time": 98.162, "Inner Unique": true, "Hash Cond": "(mi_idx.movie_id = t.id), (LLVM Optimized)", "Plans": [{"Node Type": "Streaming(type: BROADCAST dop: 16/16)", "Parent Relationship": "Outer", "Startup Cost": 0.0, "Total Cost": 61363.99, "Plan Rows": 5520128, "Plan Width": 4, "Actual Min Startup Time": 0.026, "Actual Max Startup Time": 0.057, "Actual Min Total Time": 0.028, "Actual Max Total Time": 0.059, "Plans": [{"Node Type": "Nested Loop", "Parent Relationship": "Outer", "Join Type": "Inner", "Startup Cost": 0.0, "Total Cost": 32348.04, "Plan Rows": 345008, "Plan Width": 4, "Actual Min Startup Time": 34.818, "Actual Max Startup Time": 48.797, "Actual Min Total Time": 34.818, "Actual Max Total Time": 48.797, "Inner Unique": false, "Join Filter": "(it.id = mi_idx.info_type_id), (LLVM Optimized)", "Rows Removed by Join Filter": 1380024, "Plans": [{"Node Type": "Streaming(type: BROADCAST dop: 16/1)", "Parent Relationship": "Outer", "Startup Cost": 0.0, "Total Cost": 15002.75, "Plan Rows": 16, "Plan Width": 4, "Actual Min Startup Time": 0.003, "Actual Max Startup Time": 11.925, "Actual Min Total Time": 0.004, "Actual Max Total Time": 11.925, "Plans": [{"Node Type": "Seq Scan", "Parent Relationship": "Outer", "Relation Name": "info_type", "Alias": "it", "Startup Cost": 0.0, "Total Cost": 2.4, "Plan Rows": 1, "Plan Width": 4, "Actual Min Startup Time": 0.077, "Actual Max Startup Time": 0.077, "Actual Min Total Time": 0.081, "Actual Max Total Time": 0.081, "Filter": "((info)::text = 'bottom 10 rank'::text)", "Rows Removed by Filter": 111, "Actual Rows": 1}], "Actual Rows": 16}, {"Node Type": "Seq Scan", "Parent Relationship": "Inner", "Relation Name": "movie_info_idx", "Alias": "mi_idx", "Startup Cost": 0.0, "Total Cost": 16267.15, "Plan Rows": 1380034, "Plan Width": 8, "Actual Min Startup Time": 0.037, "Actual Max Startup Time": 0.099, "Actual Min Total Time": 18.623, "Actual Max Total Time": 22.145, "Actual Rows": 1380034}], "Actual Rows": 10}], "Actual Rows": 160}, {"Node Type": "Hash", "Parent Relationship": "Inner", "Startup Cost": 19149.37, "Total Cost": 19149.37, "Plan Rows": 1381886, "Plan Width": 25, "Actual Min Startup Time": 89.69, "Actual Max Startup Time": 97.992, "Actual Min Total Time": 89.69, "Actual Max Total Time": 97.992, "Max Hash Buckets": 131072, "Min Hash Buckets": 131072, "Max Hash Batches": 1, "Min Hash Batches": 1, "Max Original Hash Batches": 1, "Min Original Hash Batches": 1, "Max Peak Memory Usage": 5066, "min Peak Memory Usage": 5066, "Plans": [{"Node Type": "Seq Scan", "Parent Relationship": "Outer", "Relation Name": "title", "Alias": "t", "Startup Cost": 0.0, "Total Cost": 19149.37, "Plan Rows": 1381886, "Plan Width": 25, "Actual Min Startup Time": 0.027, "Actual Max Startup Time": 0.045, "Actual Min Total Time": 61.934, "Actual Max Total Time": 69.455, "Filter": "(production_year > 2000), (LLVM Optimized)", "Rows Removed by Filter": 1146858, "Actual Rows": 1381453}], "Actual Rows": 1381453}], "Actual Rows": 6}], "Actual Rows": 6}, {"Node Type": "Hash", "Parent Relationship": "Inner", "Startup Cost": 54189.55, "Total Cost": 54189.55, "Plan Rows": 1304518, "Plan Width": 28, "Actual Min Startup Time": 91.078, "Actual Max Startup Time": 142.008, "Actual Min Total Time": 91.078, "Actual Max Total Time": 142.008, "Max Hash Buckets": 131072, "Min Hash Buckets": 131072, "Max Hash Batches": 1, "Min Hash Batches": 1, "Max Original Hash Batches": 1, "Min Original Hash Batches": 1, "Max Peak Memory Usage": 494, "min Peak Memory Usage": 494, "Plans": [{"Node Type": "Streaming(type: LOCAL REDISTRIBUTE dop: 16/16)", "Parent Relationship": "Outer", "Startup Cost": 15001.4, "Total Cost": 54189.55, "Plan Rows": 1304518, "Plan Width": 28, "Actual Min Startup Time": 0.052, "Actual Max Startup Time": 49.718, "Actual Min Total Time": 88.056, "Actual Max Total Time": 138.917, "Plans": [{"Node Type": "Hash Join", "Parent Relationship": "Outer", "Join Type": "Inner", "Startup Cost": 15001.4, "Total Cost": 34246.65, "Plan Rows": 1304518, "Plan Width": 28, "Actual Min Startup Time": 48.49, "Actual Max Startup Time": 55.874, "Actual Min Total Time": 72.267, "Actual Max Total Time": 83.096, "Inner Unique": true, "Hash Cond": "(mc.company_type_id = ct.id), (LLVM Optimized)", "Plans": [{"Node Type": "Seq Scan", "Parent Relationship": "Outer", "Relation Name": "movie_companies", "Alias": "mc", "Startup Cost": 0.0, "Total Cost": 18021.26, "Plan Rows": 2609035, "Plan Width": 32, "Actual Min Startup Time": 0.03, "Actual Max Startup Time": 0.052, "Actual Min Total Time": 57.433, "Actual Max Total Time": 64.847, "Filter": "((note)::text !~~ '%(as Metro-Goldwyn-Mayer Pictures)%'::text), (LLVM Optimized)", "Rows Removed by Filter": 1272041, "Actual Rows": 1337087}, {"Node Type": "Hash", "Parent Relationship": "Inner", "Startup Cost": 15001.38, "Total Cost": 15001.38, "Plan Rows": 16, "Plan Width": 4, "Actual Min Startup Time": 0.012, "Actual Max Startup Time": 0.027, "Actual Min Total Time": 0.012, "Actual Max Total Time": 0.027, "Max Hash Buckets": 32768, "Min Hash Buckets": 32768, "Max Hash Batches": 1, "Min Hash Batches": 1, "Max Original Hash Batches": 1, "Min Original Hash Batches": 1, "Max Peak Memory Usage": 1, "min Peak Memory Usage": 1, "Plans": [{"Node Type": "Streaming(type: BROADCAST dop: 16/1)", "Parent Relationship": "Outer", "Startup Cost": 0.0, "Total Cost": 15001.38, "Plan Rows": 16, "Plan Width": 4, "Actual Min Startup Time": 0.003, "Actual Max Startup Time": 0.008, "Actual Min Total Time": 0.003, "Actual Max Total Time": 0.009, "Plans": [{"Node Type": "Seq Scan", "Parent Relationship": "Outer", "Relation Name": "company_type", "Alias": "ct", "Startup Cost": 0.0, "Total Cost": 1.04, "Plan Rows": 1, "Plan Width": 4, "Actual Min Startup Time": 0.034, "Actual Max Startup Time": 0.034, "Actual Min Total Time": 0.037, "Actual Max Total Time": 0.037, "Filter": "((kind)::text = 'production companies'::text)", "Rows Removed by Filter": 2, "Actual Rows": 1}], "Actual Rows": 16}], "Actual Rows": 16}], "Actual Rows": 140904}], "Actual Rows": 140904}], "Actual Rows": 140904}], "Actual Rows": 4}], "Actual Rows": 16}], "Actual Rows": 16}], "Actual Rows": 1}, "Triggers": [], "Planner Runtime": 22, "Total Runtime": 318.495, "Unique SQL Id": 2492542741}}, "(16, 35)": {"explain_plan": {"Plan": {"Node Type": "Aggregate", "Strategy": "Plain", "Startup Cost": 259667.26, "Total Cost": 259667.27, "Plan Rows": 1, "Plan Width": 113, "Plans": [{"Node Type": "Hash Join", "Parent Relationship": "Outer", "Join Type": "Inner", "Startup Cost": 196064.72, "Total Cost": 254788.06, "Plan Rows": 650559, "Plan Width": 45, "Inner Unique": false, "Hash Cond": "(mc.movie_id = t.id), (LLVM Optimized)", "Plans": [{"Node Type": "Nested Loop", "Parent Relationship": "Outer", "Join Type": "Inner", "Startup Cost": 29278.87, "Total Cost": 77622.54, "Plan Rows": 1304518, "Plan Width": 28, "Inner Unique": false, "Plans": [{"Node Type": "Bitmap Heap Scan", "Parent Relationship": "Outer", "Relation Name": "company_type", "Alias": "ct", "Startup Cost": 8.27, "Total Cost": 12.3, "Plan Rows": 1, "Plan Width": 4, "Filter": "((kind)::text = 'production companies'::text)", "Plans": [{"Node Type": "Bitmap Index Scan", "Parent Relationship": "Outer", "Index Name": "company_type_pkey", "Startup Cost": 0.0, "Total Cost": 8.27, "Plan Rows": 3, "Plan Width": 0}]}, {"Node Type": "Bitmap Heap Scan", "Parent Relationship": "Inner", "Relation Name": "movie_companies", "Alias": "mc", "Startup Cost": 29270.61, "Total Cost": 64565.07, "Plan Rows": 1304517, "Plan Width": 32, "Recheck Cond": "(company_type_id = ct.id), (LLVM Optimized)", "Filter": "((note)::text !~~ '%(as Metro-Goldwyn-Mayer Pictures)%'::text), (LLVM Optimized)", "Plans": [{"Node Type": "Bitmap Index Scan", "Parent Relationship": "Outer", "Index Name": "company_type_id_movie_companies", "Startup Cost": 0.0, "Total Cost": 28944.48, "Plan Rows": 1304564, "Plan Width": 0, "Index Cond": "(company_type_id = ct.id)"}]}]}, {"Node Type": "Hash", "Parent Relationship": "Inner", "Startup Cost": 161187.86, "Total Cost": 161187.86, "Plan Rows": 447839, "Plan Width": 29, "Plans": [{"Node Type": "Hash Join", "Parent Relationship": "Outer", "Join Type": "Inner", "Startup Cost": 141173.61, "Total Cost": 161187.86, "Plan Rows": 447839, "Plan Width": 29, "Inner Unique": true, "Hash Cond": "(mi_idx.movie_id = t.id), (LLVM Optimized)", "Plans": [{"Node Type": "Nested Loop", "Parent Relationship": "Outer", "Join Type": "Inner", "Startup Cost": 7510.87, "Total Cost": 21752.95, "Plan Rows": 345008, "Plan Width": 4, "Inner Unique": false, "Plans": [{"Node Type": "Bitmap Heap Scan", "Parent Relationship": "Outer", "Relation Name": "info_type", "Alias": "it", "Startup Cost": 8.81, "Total Cost": 14.21, "Plan Rows": 1, "Plan Width": 4, "Filter": "((info)::text = 'bottom 10 rank'::text)", "Plans": [{"Node Type": "Bitmap Index Scan", "Parent Relationship": "Outer", "Index Name": "info_type_pkey", "Startup Cost": 0.0, "Total Cost": 8.81, "Plan Rows": 112, "Plan Width": 0}]}, {"Node Type": "Bitmap Heap Scan", "Parent Relationship": "Inner", "Relation Name": "movie_info_idx", "Alias": "mi_idx", "Startup Cost": 7502.06, "Total Cost": 18288.66, "Plan Rows": 345008, "Plan Width": 8, "Recheck Cond": "(info_type_id = it.id), (LLVM Optimized)", "Plans": [{"Node Type": "Bitmap Index Scan", "Parent Relationship": "Outer", "Index Name": "info_type_id_movie_info_idx", "Startup Cost": 0.0, "Total Cost": 7415.81, "Plan Rows": 345008, "Plan Width": 0, "Index Cond": "(info_type_id = it.id)"}]}]}, {"Node Type": "Hash", "Parent Relationship": "Inner", "Startup Cost": 116389.16, "Total Cost": 116389.16, "Plan Rows": 1381886, "Plan Width": 25, "Plans": [{"Node Type": "Bitmap Heap Scan", "Parent Relationship": "Outer", "Relation Name": "title", "Alias": "t", "Startup Cost": 49999.28, "Total Cost": 116389.16, "Plan Rows": 1381886, "Plan Width": 25, "Filter": "(production_year > 2000), (LLVM Optimized)", "Plans": [{"Node Type": "Bitmap Index Scan", "Parent Relationship": "Outer", "Index Name": "title_pkey", "Startup Cost": 0.0, "Total Cost": 49653.81, "Plan Rows": 2528311, "Plan Width": 0}]}]}]}]}]}]}, "Unique SQL Id": 2492542741, "Planner Runtime": 5}, "explain_analyze_plan": null}, "(16, 36)": {"explain_plan": {"Plan": {"Node Type": "Aggregate", "Strategy": "Plain", "Startup Cost": 160574.31, "Total Cost": 160574.34, "Plan Rows": 1, "Plan Width": 113, "Plans": [{"Node Type": "Streaming(type: LOCAL GATHER dop: 1/16)", "Parent Relationship": "Outer", "Startup Cost": 160574.31, "Total Cost": 160574.34, "Plan Rows": 1, "Plan Width": 113, "Plans": [{"Node Type": "Aggregate", "Strategy": "Plain", "Parent Relationship": "Outer", "Startup Cost": 160574.31, "Total Cost": 160574.32, "Plan Rows": 1, "Plan Width": 113, "Plans": [{"Node Type": "Hash Join", "Parent Relationship": "Outer", "Join Type": "Inner", "Startup Cost": 75437.67, "Total Cost": 155695.12, "Plan Rows": 650559, "Plan Width": 45, "Inner Unique": false, "Hash Cond": "(t.id = mc.movie_id), (LLVM Optimized)", "Plans": [{"Node Type": "Streaming(type: LOCAL REDISTRIBUTE dop: 16/16)", "Parent Relationship": "Outer", "Startup Cost": 20228.97, "Total Cost": 99863.53, "Plan Rows": 447839, "Plan Width": 29, "Plans": [{"Node Type": "Hash Join", "Parent Relationship": "Outer", "Join Type": "Inner", "Startup Cost": 20228.97, "Total Cost": 83166.64, "Plan Rows": 447839, "Plan Width": 29, "Inner Unique": true, "Hash Cond": "(mi_idx.movie_id = t.id), (LLVM Optimized)", "Plans": [{"Node Type": "Streaming(type: BROADCAST dop: 16/16)", "Parent Relationship": "Outer", "Startup Cost": 0.0, "Total Cost": 61363.99, "Plan Rows": 5520128, "Plan Width": 4, "Plans": [{"Node Type": "Nested Loop", "Parent Relationship": "Outer", "Join Type": "Inner", "Startup Cost": 0.0, "Total Cost": 32348.04, "Plan Rows": 345008, "Plan Width": 4, "Inner Unique": false, "Join Filter": "(it.id = mi_idx.info_type_id), (LLVM Optimized)", "Plans": [{"Node Type": "Streaming(type: BROADCAST dop: 16/1)", "Parent Relationship": "Outer", "Startup Cost": 0.0, "Total Cost": 15002.75, "Plan Rows": 16, "Plan Width": 4, "Plans": [{"Node Type": "Seq Scan", "Parent Relationship": "Outer", "Relation Name": "info_type", "Alias": "it", "Startup Cost": 0.0, "Total Cost": 2.4, "Plan Rows": 1, "Plan Width": 4, "Filter": "((info)::text = 'bottom 10 rank'::text)"}]}, {"Node Type": "Seq Scan", "Parent Relationship": "Inner", "Relation Name": "movie_info_idx", "Alias": "mi_idx", "Startup Cost": 0.0, "Total Cost": 16267.15, "Plan Rows": 1380034, "Plan Width": 8}]}]}, {"Node Type": "Hash", "Parent Relationship": "Inner", "Startup Cost": 19149.37, "Total Cost": 19149.37, "Plan Rows": 1381886, "Plan Width": 25, "Plans": [{"Node Type": "Seq Scan", "Parent Relationship": "Outer", "Relation Name": "title", "Alias": "t", "Startup Cost": 0.0, "Total Cost": 19149.37, "Plan Rows": 1381886, "Plan Width": 25, "Filter": "(production_year > 2000), (LLVM Optimized)"}]}]}]}, {"Node Type": "Hash", "Parent Relationship": "Inner", "Startup Cost": 54189.55, "Total Cost": 54189.55, "Plan Rows": 1304518, "Plan Width": 28, "Plans": [{"Node Type": "Streaming(type: LOCAL REDISTRIBUTE dop: 16/16)", "Parent Relationship": "Outer", "Startup Cost": 15001.4, "Total Cost": 54189.55, "Plan Rows": 1304518, "Plan Width": 28, "Plans": [{"Node Type": "Hash Join", "Parent Relationship": "Outer", "Join Type": "Inner", "Startup Cost": 15001.4, "Total Cost": 34246.65, "Plan Rows": 1304518, "Plan Width": 28, "Inner Unique": true, "Hash Cond": "(mc.company_type_id = ct.id), (LLVM Optimized)", "Plans": [{"Node Type": "Seq Scan", "Parent Relationship": "Outer", "Relation Name": "movie_companies", "Alias": "mc", "Startup Cost": 0.0, "Total Cost": 18021.26, "Plan Rows": 2609035, "Plan Width": 32, "Filter": "((note)::text !~~ '%(as Metro-Goldwyn-Mayer Pictures)%'::text), (LLVM Optimized)"}, {"Node Type": "Hash", "Parent Relationship": "Inner", "Startup Cost": 15001.38, "Total Cost": 15001.38, "Plan Rows": 16, "Plan Width": 4, "Plans": [{"Node Type": "Streaming(type: BROADCAST dop: 16/1)", "Parent Relationship": "Outer", "Startup Cost": 0.0, "Total Cost": 15001.38, "Plan Rows": 16, "Plan Width": 4, "Plans": [{"Node Type": "Seq Scan", "Parent Relationship": "Outer", "Relation Name": "company_type", "Alias": "ct", "Startup Cost": 0.0, "Total Cost": 1.04, "Plan Rows": 1, "Plan Width": 4, "Filter": "((kind)::text = 'production companies'::text)"}]}]}]}]}]}]}]}]}]}, "Unique SQL Id": 2492542741, "Planner Runtime": 21}, "explain_analyze_plan": {"Plan": {"Node Type": "Aggregate", "Strategy": "Plain", "Startup Cost": 160574.31, "Total Cost": 160574.34, "Plan Rows": 1, "Plan Width": 113, "Actual Min Startup Time": 294.631, "Actual Max Startup Time": 294.631, "Actual Min Total Time": 294.631, "Actual Max Total Time": 294.631, "Plans": [{"Node Type": "Streaming(type: LOCAL GATHER dop: 1/16)", "Parent Relationship": "Outer", "Startup Cost": 160574.31, "Total Cost": 160574.34, "Plan Rows": 1, "Plan Width": 113, "Actual Min Startup Time": 294.32, "Actual Max Startup Time": 294.32, "Actual Min Total Time": 294.607, "Actual Max Total Time": 294.607, "Plans": [{"Node Type": "Aggregate", "Strategy": "Plain", "Parent Relationship": "Outer", "Startup Cost": 160574.31, "Total Cost": 160574.32, "Plan Rows": 1, "Plan Width": 113, "Actual Min Startup Time": 93.315, "Actual Max Startup Time": 144.24, "Actual Min Total Time": 93.315, "Actual Max Total Time": 144.24, "Plans": [{"Node Type": "Hash Join", "Parent Relationship": "Outer", "Join Type": "Inner", "Startup Cost": 75437.67, "Total Cost": 155695.12, "Plan Rows": 650559, "Plan Width": 45, "Actual Min Startup Time": 93.31, "Actual Max Startup Time": 144.232, "Actual Min Total Time": 93.31, "Actual Max Total Time": 144.232, "Inner Unique": false, "Hash Cond": "(t.id = mc.movie_id), (LLVM Optimized)", "Plans": [{"Node Type": "Streaming(type: LOCAL REDISTRIBUTE dop: 16/16)", "Parent Relationship": "Outer", "Startup Cost": 20228.97, "Total Cost": 99863.53, "Plan Rows": 447839, "Plan Width": 29, "Actual Min Startup Time": 0.026, "Actual Max Startup Time": 2.09, "Actual Min Total Time": 2.001, "Actual Max Total Time": 2.09, "Plans": [{"Node Type": "Hash Join", "Parent Relationship": "Outer", "Join Type": "Inner", "Startup Cost": 20228.97, "Total Cost": 83166.64, "Plan Rows": 447839, "Plan Width": 29, "Actual Min Startup Time": 89.837, "Actual Max Startup Time": 98.162, "Actual Min Total Time": 89.837, "Actual Max Total Time": 98.162, "Inner Unique": true, "Hash Cond": "(mi_idx.movie_id = t.id), (LLVM Optimized)", "Plans": [{"Node Type": "Streaming(type: BROADCAST dop: 16/16)", "Parent Relationship": "Outer", "Startup Cost": 0.0, "Total Cost": 61363.99, "Plan Rows": 5520128, "Plan Width": 4, "Actual Min Startup Time": 0.026, "Actual Max Startup Time": 0.057, "Actual Min Total Time": 0.028, "Actual Max Total Time": 0.059, "Plans": [{"Node Type": "Nested Loop", "Parent Relationship": "Outer", "Join Type": "Inner", "Startup Cost": 0.0, "Total Cost": 32348.04, "Plan Rows": 345008, "Plan Width": 4, "Actual Min Startup Time": 34.818, "Actual Max Startup Time": 48.797, "Actual Min Total Time": 34.818, "Actual Max Total Time": 48.797, "Inner Unique": false, "Join Filter": "(it.id = mi_idx.info_type_id), (LLVM Optimized)", "Rows Removed by Join Filter": 1380024, "Plans": [{"Node Type": "Streaming(type: BROADCAST dop: 16/1)", "Parent Relationship": "Outer", "Startup Cost": 0.0, "Total Cost": 15002.75, "Plan Rows": 16, "Plan Width": 4, "Actual Min Startup Time": 0.003, "Actual Max Startup Time": 11.925, "Actual Min Total Time": 0.004, "Actual Max Total Time": 11.925, "Plans": [{"Node Type": "Seq Scan", "Parent Relationship": "Outer", "Relation Name": "info_type", "Alias": "it", "Startup Cost": 0.0, "Total Cost": 2.4, "Plan Rows": 1, "Plan Width": 4, "Actual Min Startup Time": 0.077, "Actual Max Startup Time": 0.077, "Actual Min Total Time": 0.081, "Actual Max Total Time": 0.081, "Filter": "((info)::text = 'bottom 10 rank'::text)", "Rows Removed by Filter": 111, "Actual Rows": 1}], "Actual Rows": 16}, {"Node Type": "Seq Scan", "Parent Relationship": "Inner", "Relation Name": "movie_info_idx", "Alias": "mi_idx", "Startup Cost": 0.0, "Total Cost": 16267.15, "Plan Rows": 1380034, "Plan Width": 8, "Actual Min Startup Time": 0.037, "Actual Max Startup Time": 0.099, "Actual Min Total Time": 18.623, "Actual Max Total Time": 22.145, "Actual Rows": 1380034}], "Actual Rows": 10}], "Actual Rows": 160}, {"Node Type": "Hash", "Parent Relationship": "Inner", "Startup Cost": 19149.37, "Total Cost": 19149.37, "Plan Rows": 1381886, "Plan Width": 25, "Actual Min Startup Time": 89.69, "Actual Max Startup Time": 97.992, "Actual Min Total Time": 89.69, "Actual Max Total Time": 97.992, "Max Hash Buckets": 131072, "Min Hash Buckets": 131072, "Max Hash Batches": 1, "Min Hash Batches": 1, "Max Original Hash Batches": 1, "Min Original Hash Batches": 1, "Max Peak Memory Usage": 5066, "min Peak Memory Usage": 5066, "Plans": [{"Node Type": "Seq Scan", "Parent Relationship": "Outer", "Relation Name": "title", "Alias": "t", "Startup Cost": 0.0, "Total Cost": 19149.37, "Plan Rows": 1381886, "Plan Width": 25, "Actual Min Startup Time": 0.027, "Actual Max Startup Time": 0.045, "Actual Min Total Time": 61.934, "Actual Max Total Time": 69.455, "Filter": "(production_year > 2000), (LLVM Optimized)", "Rows Removed by Filter": 1146858, "Actual Rows": 1381453}], "Actual Rows": 1381453}], "Actual Rows": 6}], "Actual Rows": 6}, {"Node Type": "Hash", "Parent Relationship": "Inner", "Startup Cost": 54189.55, "Total Cost": 54189.55, "Plan Rows": 1304518, "Plan Width": 28, "Actual Min Startup Time": 91.078, "Actual Max Startup Time": 142.008, "Actual Min Total Time": 91.078, "Actual Max Total Time": 142.008, "Max Hash Buckets": 131072, "Min Hash Buckets": 131072, "Max Hash Batches": 1, "Min Hash Batches": 1, "Max Original Hash Batches": 1, "Min Original Hash Batches": 1, "Max Peak Memory Usage": 494, "min Peak Memory Usage": 494, "Plans": [{"Node Type": "Streaming(type: LOCAL REDISTRIBUTE dop: 16/16)", "Parent Relationship": "Outer", "Startup Cost": 15001.4, "Total Cost": 54189.55, "Plan Rows": 1304518, "Plan Width": 28, "Actual Min Startup Time": 0.052, "Actual Max Startup Time": 49.718, "Actual Min Total Time": 88.056, "Actual Max Total Time": 138.917, "Plans": [{"Node Type": "Hash Join", "Parent Relationship": "Outer", "Join Type": "Inner", "Startup Cost": 15001.4, "Total Cost": 34246.65, "Plan Rows": 1304518, "Plan Width": 28, "Actual Min Startup Time": 48.49, "Actual Max Startup Time": 55.874, "Actual Min Total Time": 72.267, "Actual Max Total Time": 83.096, "Inner Unique": true, "Hash Cond": "(mc.company_type_id = ct.id), (LLVM Optimized)", "Plans": [{"Node Type": "Seq Scan", "Parent Relationship": "Outer", "Relation Name": "movie_companies", "Alias": "mc", "Startup Cost": 0.0, "Total Cost": 18021.26, "Plan Rows": 2609035, "Plan Width": 32, "Actual Min Startup Time": 0.03, "Actual Max Startup Time": 0.052, "Actual Min Total Time": 57.433, "Actual Max Total Time": 64.847, "Filter": "((note)::text !~~ '%(as Metro-Goldwyn-Mayer Pictures)%'::text), (LLVM Optimized)", "Rows Removed by Filter": 1272041, "Actual Rows": 1337087}, {"Node Type": "Hash", "Parent Relationship": "Inner", "Startup Cost": 15001.38, "Total Cost": 15001.38, "Plan Rows": 16, "Plan Width": 4, "Actual Min Startup Time": 0.012, "Actual Max Startup Time": 0.027, "Actual Min Total Time": 0.012, "Actual Max Total Time": 0.027, "Max Hash Buckets": 32768, "Min Hash Buckets": 32768, "Max Hash Batches": 1, "Min Hash Batches": 1, "Max Original Hash Batches": 1, "Min Original Hash Batches": 1, "Max Peak Memory Usage": 1, "min Peak Memory Usage": 1, "Plans": [{"Node Type": "Streaming(type: BROADCAST dop: 16/1)", "Parent Relationship": "Outer", "Startup Cost": 0.0, "Total Cost": 15001.38, "Plan Rows": 16, "Plan Width": 4, "Actual Min Startup Time": 0.003, "Actual Max Startup Time": 0.008, "Actual Min Total Time": 0.003, "Actual Max Total Time": 0.009, "Plans": [{"Node Type": "Seq Scan", "Parent Relationship": "Outer", "Relation Name": "company_type", "Alias": "ct", "Startup Cost": 0.0, "Total Cost": 1.04, "Plan Rows": 1, "Plan Width": 4, "Actual Min Startup Time": 0.034, "Actual Max Startup Time": 0.034, "Actual Min Total Time": 0.037, "Actual Max Total Time": 0.037, "Filter": "((kind)::text = 'production companies'::text)", "Rows Removed by Filter": 2, "Actual Rows": 1}], "Actual Rows": 16}], "Actual Rows": 16}], "Actual Rows": 140904}], "Actual Rows": 140904}], "Actual Rows": 140904}], "Actual Rows": 4}], "Actual Rows": 16}], "Actual Rows": 16}], "Actual Rows": 1}, "Triggers": [], "Planner Runtime": 22, "Total Runtime": 318.495, "Unique SQL Id": 2492542741}}, "(16, 37)": {"explain_plan": {"Plan": {"Node Type": "Aggregate", "Strategy": "Plain", "Startup Cost": 285694.99, "Total Cost": 285695.01, "Plan Rows": 1, "Plan Width": 113, "Plans": [{"Node Type": "Streaming(type: LOCAL GATHER dop: 1/16)", "Parent Relationship": "Outer", "Startup Cost": 285694.99, "Total Cost": 285695.01, "Plan Rows": 1, "Plan Width": 113, "Plans": [{"Node Type": "Aggregate", "Strategy": "Plain", "Parent Relationship": "Outer", "Startup Cost": 285694.99, "Total Cost": 285695.0, "Plan Rows": 1, "Plan Width": 113, "Plans": [{"Node Type": "Hash Join", "Parent Relationship": "Outer", "Join Type": "Inner", "Startup Cost": 136172.58, "Total Cost": 280815.79, "Plan Rows": 650559, "Plan Width": 45, "Inner Unique": false, "Hash Cond": "(t.id = mi_idx.movie_id), (LLVM Optimized)", "Plans": [{"Node Type": "Streaming(type: LOCAL REDISTRIBUTE dop: 16/16)", "Parent Relationship": "Outer", "Startup Cost": 123128.27, "Total Cost": 267031.63, "Plan Rows": 1693335, "Plan Width": 53, "Plans": [{"Node Type": "Hash Join", "Parent Relationship": "Outer", "Join Type": "Inner", "Startup Cost": 123128.27, "Total Cost": 245615.48, "Plan Rows": 1693335, "Plan Width": 53, "Inner Unique": true, "Hash Cond": "(mc.movie_id = t.id), (LLVM Optimized)", "Plans": [{"Node Type": "Streaming(type: LOCAL REDISTRIBUTE dop: 16/16)", "Parent Relationship": "Outer", "Startup Cost": 0.0, "Total Cost": 121123.13, "Plan Rows": 1304518, "Plan Width": 28, "Plans": [{"Node Type": "Nested Loop", "Parent Relationship": "Outer", "Join Type": "Inner", "Startup Cost": 0.0, "Total Cost": 101180.23, "Plan Rows": 1304518, "Plan Width": 28, "Inner Unique": false, "Join Filter": "(ct.id = mc.company_type_id), (LLVM Optimized)", "Plans": [{"Node Type": "Streaming(type: BROADCAST dop: 16/1)", "Parent Relationship": "Outer", "Startup Cost": 0.0, "Total Cost": 15012.65, "Plan Rows": 16, "Plan Width": 4, "Plans": [{"Node Type": "Index Scan", "Parent Relationship": "Outer", "Scan Direction": "Forward", "Index Name": "company_type_pkey", "Relation Name": "company_type", "Alias": "ct", "Startup Cost": 0.0, "Total Cost": 12.3, "Plan Rows": 1, "Plan Width": 4, "Filter": "((kind)::text = 'production companies'::text)"}]}, {"Node Type": "Index Scan", "Parent Relationship": "Inner", "Scan Direction": "Forward", "Index Name": "company_type_id_movie_companies", "Relation Name": "movie_companies", "Alias": "mc", "Startup Cost": 0.0, "Total Cost": 84129.27, "Plan Rows": 2609035, "Plan Width": 32, "Filter": "((note)::text !~~ '%(as Metro-Goldwyn-Mayer Pictures)%'::text), (LLVM Optimized)"}]}]}, {"Node Type": "Hash", "Parent Relationship": "Inner", "Startup Cost": 122048.67, "Total Cost": 122048.67, "Plan Rows": 1381886, "Plan Width": 25, "Plans": [{"Node Type": "Streaming(type: LOCAL REDISTRIBUTE dop: 16/16)", "Parent Relationship": "Outer", "Startup Cost": 0.0, "Total Cost": 122048.67, "Plan Rows": 1381886, "Plan Width": 25, "Plans": [{"Node Type": "Index Scan", "Parent Relationship": "Outer", "Scan Direction": "Forward", "Index Name": "title_pkey", "Relation Name": "title", "Alias": "t", "Startup Cost": 0.0, "Total Cost": 101812.62, "Plan Rows": 1381886, "Plan Width": 25, "Filter": "(production_year > 2000), (LLVM Optimized)"}]}]}]}]}, {"Node Type": "Hash", "Parent Relationship": "Inner", "Startup Cost": 51099.09, "Total Cost": 51099.09, "Plan Rows": 345008, "Plan Width": 4, "Plans": [{"Node Type": "Streaming(type: LOCAL REDISTRIBUTE dop: 16/1)", "Parent Relationship": "Outer", "Startup Cost": 7502.06, "Total Cost": 51099.09, "Plan Rows": 345008, "Plan Width": 4, "Plans": [{"Node Type": "Nested Loop", "Parent Relationship": "Outer", "Join Type": "Inner", "Startup Cost": 7502.06, "Total Cost": 21752.95, "Plan Rows": 345008, "Plan Width": 4, "Inner Unique": false, "Plans": [{"Node Type": "Index Scan", "Parent Relationship": "Outer", "Scan Direction": "Forward", "Index Name": "info_type_pkey", "Relation Name": "info_type", "Alias": "it", "Startup Cost": 0.0, "Total Cost": 14.21, "Plan Rows": 1, "Plan Width": 4, "Filter": "((info)::text = 'bottom 10 rank'::text)"}, {"Node Type": "Bitmap Heap Scan", "Parent Relationship": "Inner", "Relation Name": "movie_info_idx", "Alias": "mi_idx", "Startup Cost": 7502.06, "Total Cost": 18288.66, "Plan Rows": 345008, "Plan Width": 8, "Recheck Cond": "(info_type_id = it.id), (LLVM Optimized)", "Plans": [{"Node Type": "Bitmap Index Scan", "Parent Relationship": "Outer", "Index Name": "info_type_id_movie_info_idx", "Startup Cost": 0.0, "Total Cost": 7415.81, "Plan Rows": 345008, "Plan Width": 0, "Index Cond": "(info_type_id = it.id)"}]}]}]}]}]}]}]}]}, "Unique SQL Id": 2492542741, "Planner Runtime": 17}, "explain_analyze_plan": null}, "(16, 38)": {"explain_plan": {"Plan": {"Node Type": "Aggregate", "Strategy": "Plain", "Startup Cost": 160574.31, "Total Cost": 160574.34, "Plan Rows": 1, "Plan Width": 113, "Plans": [{"Node Type": "Streaming(type: LOCAL GATHER dop: 1/16)", "Parent Relationship": "Outer", "Startup Cost": 160574.31, "Total Cost": 160574.34, "Plan Rows": 1, "Plan Width": 113, "Plans": [{"Node Type": "Aggregate", "Strategy": "Plain", "Parent Relationship": "Outer", "Startup Cost": 160574.31, "Total Cost": 160574.32, "Plan Rows": 1, "Plan Width": 113, "Plans": [{"Node Type": "Hash Join", "Parent Relationship": "Outer", "Join Type": "Inner", "Startup Cost": 75437.67, "Total Cost": 155695.12, "Plan Rows": 650559, "Plan Width": 45, "Inner Unique": false, "Hash Cond": "(t.id = mc.movie_id), (LLVM Optimized)", "Plans": [{"Node Type": "Streaming(type: LOCAL REDISTRIBUTE dop: 16/16)", "Parent Relationship": "Outer", "Startup Cost": 20228.97, "Total Cost": 99863.53, "Plan Rows": 447839, "Plan Width": 29, "Plans": [{"Node Type": "Hash Join", "Parent Relationship": "Outer", "Join Type": "Inner", "Startup Cost": 20228.97, "Total Cost": 83166.64, "Plan Rows": 447839, "Plan Width": 29, "Inner Unique": true, "Hash Cond": "(mi_idx.movie_id = t.id), (LLVM Optimized)", "Plans": [{"Node Type": "Streaming(type: BROADCAST dop: 16/16)", "Parent Relationship": "Outer", "Startup Cost": 0.0, "Total Cost": 61363.99, "Plan Rows": 5520128, "Plan Width": 4, "Plans": [{"Node Type": "Nested Loop", "Parent Relationship": "Outer", "Join Type": "Inner", "Startup Cost": 0.0, "Total Cost": 32348.04, "Plan Rows": 345008, "Plan Width": 4, "Inner Unique": false, "Join Filter": "(it.id = mi_idx.info_type_id), (LLVM Optimized)", "Plans": [{"Node Type": "Streaming(type: BROADCAST dop: 16/1)", "Parent Relationship": "Outer", "Startup Cost": 0.0, "Total Cost": 15002.75, "Plan Rows": 16, "Plan Width": 4, "Plans": [{"Node Type": "Seq Scan", "Parent Relationship": "Outer", "Relation Name": "info_type", "Alias": "it", "Startup Cost": 0.0, "Total Cost": 2.4, "Plan Rows": 1, "Plan Width": 4, "Filter": "((info)::text = 'bottom 10 rank'::text)"}]}, {"Node Type": "Seq Scan", "Parent Relationship": "Inner", "Relation Name": "movie_info_idx", "Alias": "mi_idx", "Startup Cost": 0.0, "Total Cost": 16267.15, "Plan Rows": 1380034, "Plan Width": 8}]}]}, {"Node Type": "Hash", "Parent Relationship": "Inner", "Startup Cost": 19149.37, "Total Cost": 19149.37, "Plan Rows": 1381886, "Plan Width": 25, "Plans": [{"Node Type": "Seq Scan", "Parent Relationship": "Outer", "Relation Name": "title", "Alias": "t", "Startup Cost": 0.0, "Total Cost": 19149.37, "Plan Rows": 1381886, "Plan Width": 25, "Filter": "(production_year > 2000), (LLVM Optimized)"}]}]}]}, {"Node Type": "Hash", "Parent Relationship": "Inner", "Startup Cost": 54189.55, "Total Cost": 54189.55, "Plan Rows": 1304518, "Plan Width": 28, "Plans": [{"Node Type": "Streaming(type: LOCAL REDISTRIBUTE dop: 16/16)", "Parent Relationship": "Outer", "Startup Cost": 15001.4, "Total Cost": 54189.55, "Plan Rows": 1304518, "Plan Width": 28, "Plans": [{"Node Type": "Hash Join", "Parent Relationship": "Outer", "Join Type": "Inner", "Startup Cost": 15001.4, "Total Cost": 34246.65, "Plan Rows": 1304518, "Plan Width": 28, "Inner Unique": true, "Hash Cond": "(mc.company_type_id = ct.id), (LLVM Optimized)", "Plans": [{"Node Type": "Seq Scan", "Parent Relationship": "Outer", "Relation Name": "movie_companies", "Alias": "mc", "Startup Cost": 0.0, "Total Cost": 18021.26, "Plan Rows": 2609035, "Plan Width": 32, "Filter": "((note)::text !~~ '%(as Metro-Goldwyn-Mayer Pictures)%'::text), (LLVM Optimized)"}, {"Node Type": "Hash", "Parent Relationship": "Inner", "Startup Cost": 15001.38, "Total Cost": 15001.38, "Plan Rows": 16, "Plan Width": 4, "Plans": [{"Node Type": "Streaming(type: BROADCAST dop: 16/1)", "Parent Relationship": "Outer", "Startup Cost": 0.0, "Total Cost": 15001.38, "Plan Rows": 16, "Plan Width": 4, "Plans": [{"Node Type": "Seq Scan", "Parent Relationship": "Outer", "Relation Name": "company_type", "Alias": "ct", "Startup Cost": 0.0, "Total Cost": 1.04, "Plan Rows": 1, "Plan Width": 4, "Filter": "((kind)::text = 'production companies'::text)"}]}]}]}]}]}]}]}]}]}, "Unique SQL Id": 2492542741, "Planner Runtime": 22}, "explain_analyze_plan": {"Plan": {"Node Type": "Aggregate", "Strategy": "Plain", "Startup Cost": 160574.31, "Total Cost": 160574.34, "Plan Rows": 1, "Plan Width": 113, "Actual Min Startup Time": 294.631, "Actual Max Startup Time": 294.631, "Actual Min Total Time": 294.631, "Actual Max Total Time": 294.631, "Plans": [{"Node Type": "Streaming(type: LOCAL GATHER dop: 1/16)", "Parent Relationship": "Outer", "Startup Cost": 160574.31, "Total Cost": 160574.34, "Plan Rows": 1, "Plan Width": 113, "Actual Min Startup Time": 294.32, "Actual Max Startup Time": 294.32, "Actual Min Total Time": 294.607, "Actual Max Total Time": 294.607, "Plans": [{"Node Type": "Aggregate", "Strategy": "Plain", "Parent Relationship": "Outer", "Startup Cost": 160574.31, "Total Cost": 160574.32, "Plan Rows": 1, "Plan Width": 113, "Actual Min Startup Time": 93.315, "Actual Max Startup Time": 144.24, "Actual Min Total Time": 93.315, "Actual Max Total Time": 144.24, "Plans": [{"Node Type": "Hash Join", "Parent Relationship": "Outer", "Join Type": "Inner", "Startup Cost": 75437.67, "Total Cost": 155695.12, "Plan Rows": 650559, "Plan Width": 45, "Actual Min Startup Time": 93.31, "Actual Max Startup Time": 144.232, "Actual Min Total Time": 93.31, "Actual Max Total Time": 144.232, "Inner Unique": false, "Hash Cond": "(t.id = mc.movie_id), (LLVM Optimized)", "Plans": [{"Node Type": "Streaming(type: LOCAL REDISTRIBUTE dop: 16/16)", "Parent Relationship": "Outer", "Startup Cost": 20228.97, "Total Cost": 99863.53, "Plan Rows": 447839, "Plan Width": 29, "Actual Min Startup Time": 0.026, "Actual Max Startup Time": 2.09, "Actual Min Total Time": 2.001, "Actual Max Total Time": 2.09, "Plans": [{"Node Type": "Hash Join", "Parent Relationship": "Outer", "Join Type": "Inner", "Startup Cost": 20228.97, "Total Cost": 83166.64, "Plan Rows": 447839, "Plan Width": 29, "Actual Min Startup Time": 89.837, "Actual Max Startup Time": 98.162, "Actual Min Total Time": 89.837, "Actual Max Total Time": 98.162, "Inner Unique": true, "Hash Cond": "(mi_idx.movie_id = t.id), (LLVM Optimized)", "Plans": [{"Node Type": "Streaming(type: BROADCAST dop: 16/16)", "Parent Relationship": "Outer", "Startup Cost": 0.0, "Total Cost": 61363.99, "Plan Rows": 5520128, "Plan Width": 4, "Actual Min Startup Time": 0.026, "Actual Max Startup Time": 0.057, "Actual Min Total Time": 0.028, "Actual Max Total Time": 0.059, "Plans": [{"Node Type": "Nested Loop", "Parent Relationship": "Outer", "Join Type": "Inner", "Startup Cost": 0.0, "Total Cost": 32348.04, "Plan Rows": 345008, "Plan Width": 4, "Actual Min Startup Time": 34.818, "Actual Max Startup Time": 48.797, "Actual Min Total Time": 34.818, "Actual Max Total Time": 48.797, "Inner Unique": false, "Join Filter": "(it.id = mi_idx.info_type_id), (LLVM Optimized)", "Rows Removed by Join Filter": 1380024, "Plans": [{"Node Type": "Streaming(type: BROADCAST dop: 16/1)", "Parent Relationship": "Outer", "Startup Cost": 0.0, "Total Cost": 15002.75, "Plan Rows": 16, "Plan Width": 4, "Actual Min Startup Time": 0.003, "Actual Max Startup Time": 11.925, "Actual Min Total Time": 0.004, "Actual Max Total Time": 11.925, "Plans": [{"Node Type": "Seq Scan", "Parent Relationship": "Outer", "Relation Name": "info_type", "Alias": "it", "Startup Cost": 0.0, "Total Cost": 2.4, "Plan Rows": 1, "Plan Width": 4, "Actual Min Startup Time": 0.077, "Actual Max Startup Time": 0.077, "Actual Min Total Time": 0.081, "Actual Max Total Time": 0.081, "Filter": "((info)::text = 'bottom 10 rank'::text)", "Rows Removed by Filter": 111, "Actual Rows": 1}], "Actual Rows": 16}, {"Node Type": "Seq Scan", "Parent Relationship": "Inner", "Relation Name": "movie_info_idx", "Alias": "mi_idx", "Startup Cost": 0.0, "Total Cost": 16267.15, "Plan Rows": 1380034, "Plan Width": 8, "Actual Min Startup Time": 0.037, "Actual Max Startup Time": 0.099, "Actual Min Total Time": 18.623, "Actual Max Total Time": 22.145, "Actual Rows": 1380034}], "Actual Rows": 10}], "Actual Rows": 160}, {"Node Type": "Hash", "Parent Relationship": "Inner", "Startup Cost": 19149.37, "Total Cost": 19149.37, "Plan Rows": 1381886, "Plan Width": 25, "Actual Min Startup Time": 89.69, "Actual Max Startup Time": 97.992, "Actual Min Total Time": 89.69, "Actual Max Total Time": 97.992, "Max Hash Buckets": 131072, "Min Hash Buckets": 131072, "Max Hash Batches": 1, "Min Hash Batches": 1, "Max Original Hash Batches": 1, "Min Original Hash Batches": 1, "Max Peak Memory Usage": 5066, "min Peak Memory Usage": 5066, "Plans": [{"Node Type": "Seq Scan", "Parent Relationship": "Outer", "Relation Name": "title", "Alias": "t", "Startup Cost": 0.0, "Total Cost": 19149.37, "Plan Rows": 1381886, "Plan Width": 25, "Actual Min Startup Time": 0.027, "Actual Max Startup Time": 0.045, "Actual Min Total Time": 61.934, "Actual Max Total Time": 69.455, "Filter": "(production_year > 2000), (LLVM Optimized)", "Rows Removed by Filter": 1146858, "Actual Rows": 1381453}], "Actual Rows": 1381453}], "Actual Rows": 6}], "Actual Rows": 6}, {"Node Type": "Hash", "Parent Relationship": "Inner", "Startup Cost": 54189.55, "Total Cost": 54189.55, "Plan Rows": 1304518, "Plan Width": 28, "Actual Min Startup Time": 91.078, "Actual Max Startup Time": 142.008, "Actual Min Total Time": 91.078, "Actual Max Total Time": 142.008, "Max Hash Buckets": 131072, "Min Hash Buckets": 131072, "Max Hash Batches": 1, "Min Hash Batches": 1, "Max Original Hash Batches": 1, "Min Original Hash Batches": 1, "Max Peak Memory Usage": 494, "min Peak Memory Usage": 494, "Plans": [{"Node Type": "Streaming(type: LOCAL REDISTRIBUTE dop: 16/16)", "Parent Relationship": "Outer", "Startup Cost": 15001.4, "Total Cost": 54189.55, "Plan Rows": 1304518, "Plan Width": 28, "Actual Min Startup Time": 0.052, "Actual Max Startup Time": 49.718, "Actual Min Total Time": 88.056, "Actual Max Total Time": 138.917, "Plans": [{"Node Type": "Hash Join", "Parent Relationship": "Outer", "Join Type": "Inner", "Startup Cost": 15001.4, "Total Cost": 34246.65, "Plan Rows": 1304518, "Plan Width": 28, "Actual Min Startup Time": 48.49, "Actual Max Startup Time": 55.874, "Actual Min Total Time": 72.267, "Actual Max Total Time": 83.096, "Inner Unique": true, "Hash Cond": "(mc.company_type_id = ct.id), (LLVM Optimized)", "Plans": [{"Node Type": "Seq Scan", "Parent Relationship": "Outer", "Relation Name": "movie_companies", "Alias": "mc", "Startup Cost": 0.0, "Total Cost": 18021.26, "Plan Rows": 2609035, "Plan Width": 32, "Actual Min Startup Time": 0.03, "Actual Max Startup Time": 0.052, "Actual Min Total Time": 57.433, "Actual Max Total Time": 64.847, "Filter": "((note)::text !~~ '%(as Metro-Goldwyn-Mayer Pictures)%'::text), (LLVM Optimized)", "Rows Removed by Filter": 1272041, "Actual Rows": 1337087}, {"Node Type": "Hash", "Parent Relationship": "Inner", "Startup Cost": 15001.38, "Total Cost": 15001.38, "Plan Rows": 16, "Plan Width": 4, "Actual Min Startup Time": 0.012, "Actual Max Startup Time": 0.027, "Actual Min Total Time": 0.012, "Actual Max Total Time": 0.027, "Max Hash Buckets": 32768, "Min Hash Buckets": 32768, "Max Hash Batches": 1, "Min Hash Batches": 1, "Max Original Hash Batches": 1, "Min Original Hash Batches": 1, "Max Peak Memory Usage": 1, "min Peak Memory Usage": 1, "Plans": [{"Node Type": "Streaming(type: BROADCAST dop: 16/1)", "Parent Relationship": "Outer", "Startup Cost": 0.0, "Total Cost": 15001.38, "Plan Rows": 16, "Plan Width": 4, "Actual Min Startup Time": 0.003, "Actual Max Startup Time": 0.008, "Actual Min Total Time": 0.003, "Actual Max Total Time": 0.009, "Plans": [{"Node Type": "Seq Scan", "Parent Relationship": "Outer", "Relation Name": "company_type", "Alias": "ct", "Startup Cost": 0.0, "Total Cost": 1.04, "Plan Rows": 1, "Plan Width": 4, "Actual Min Startup Time": 0.034, "Actual Max Startup Time": 0.034, "Actual Min Total Time": 0.037, "Actual Max Total Time": 0.037, "Filter": "((kind)::text = 'production companies'::text)", "Rows Removed by Filter": 2, "Actual Rows": 1}], "Actual Rows": 16}], "Actual Rows": 16}], "Actual Rows": 140904}], "Actual Rows": 140904}], "Actual Rows": 140904}], "Actual Rows": 4}], "Actual Rows": 16}], "Actual Rows": 16}], "Actual Rows": 1}, "Triggers": [], "Planner Runtime": 22, "Total Runtime": 318.495, "Unique SQL Id": 2492542741}}, "(16, 39)": {"explain_plan": {"Plan": {"Node Type": "Aggregate", "Strategy": "Plain", "Startup Cost": 259667.26, "Total Cost": 259667.27, "Plan Rows": 1, "Plan Width": 113, "Plans": [{"Node Type": "Hash Join", "Parent Relationship": "Outer", "Join Type": "Inner", "Startup Cost": 196064.72, "Total Cost": 254788.06, "Plan Rows": 650559, "Plan Width": 45, "Inner Unique": false, "Hash Cond": "(mc.movie_id = t.id), (LLVM Optimized)", "Plans": [{"Node Type": "Nested Loop", "Parent Relationship": "Outer", "Join Type": "Inner", "Startup Cost": 29278.87, "Total Cost": 77622.54, "Plan Rows": 1304518, "Plan Width": 28, "Inner Unique": false, "Plans": [{"Node Type": "Bitmap Heap Scan", "Parent Relationship": "Outer", "Relation Name": "company_type", "Alias": "ct", "Startup Cost": 8.27, "Total Cost": 12.3, "Plan Rows": 1, "Plan Width": 4, "Filter": "((kind)::text = 'production companies'::text)", "Plans": [{"Node Type": "Bitmap Index Scan", "Parent Relationship": "Outer", "Index Name": "company_type_pkey", "Startup Cost": 0.0, "Total Cost": 8.27, "Plan Rows": 3, "Plan Width": 0}]}, {"Node Type": "Bitmap Heap Scan", "Parent Relationship": "Inner", "Relation Name": "movie_companies", "Alias": "mc", "Startup Cost": 29270.61, "Total Cost": 64565.07, "Plan Rows": 1304517, "Plan Width": 32, "Recheck Cond": "(company_type_id = ct.id), (LLVM Optimized)", "Filter": "((note)::text !~~ '%(as Metro-Goldwyn-Mayer Pictures)%'::text), (LLVM Optimized)", "Plans": [{"Node Type": "Bitmap Index Scan", "Parent Relationship": "Outer", "Index Name": "company_type_id_movie_companies", "Startup Cost": 0.0, "Total Cost": 28944.48, "Plan Rows": 1304564, "Plan Width": 0, "Index Cond": "(company_type_id = ct.id)"}]}]}, {"Node Type": "Hash", "Parent Relationship": "Inner", "Startup Cost": 161187.86, "Total Cost": 161187.86, "Plan Rows": 447839, "Plan Width": 29, "Plans": [{"Node Type": "Hash Join", "Parent Relationship": "Outer", "Join Type": "Inner", "Startup Cost": 141173.61, "Total Cost": 161187.86, "Plan Rows": 447839, "Plan Width": 29, "Inner Unique": true, "Hash Cond": "(mi_idx.movie_id = t.id), (LLVM Optimized)", "Plans": [{"Node Type": "Nested Loop", "Parent Relationship": "Outer", "Join Type": "Inner", "Startup Cost": 7510.87, "Total Cost": 21752.95, "Plan Rows": 345008, "Plan Width": 4, "Inner Unique": false, "Plans": [{"Node Type": "Bitmap Heap Scan", "Parent Relationship": "Outer", "Relation Name": "info_type", "Alias": "it", "Startup Cost": 8.81, "Total Cost": 14.21, "Plan Rows": 1, "Plan Width": 4, "Filter": "((info)::text = 'bottom 10 rank'::text)", "Plans": [{"Node Type": "Bitmap Index Scan", "Parent Relationship": "Outer", "Index Name": "info_type_pkey", "Startup Cost": 0.0, "Total Cost": 8.81, "Plan Rows": 112, "Plan Width": 0}]}, {"Node Type": "Bitmap Heap Scan", "Parent Relationship": "Inner", "Relation Name": "movie_info_idx", "Alias": "mi_idx", "Startup Cost": 7502.06, "Total Cost": 18288.66, "Plan Rows": 345008, "Plan Width": 8, "Recheck Cond": "(info_type_id = it.id), (LLVM Optimized)", "Plans": [{"Node Type": "Bitmap Index Scan", "Parent Relationship": "Outer", "Index Name": "info_type_id_movie_info_idx", "Startup Cost": 0.0, "Total Cost": 7415.81, "Plan Rows": 345008, "Plan Width": 0, "Index Cond": "(info_type_id = it.id)"}]}]}, {"Node Type": "Hash", "Parent Relationship": "Inner", "Startup Cost": 116389.16, "Total Cost": 116389.16, "Plan Rows": 1381886, "Plan Width": 25, "Plans": [{"Node Type": "Bitmap Heap Scan", "Parent Relationship": "Outer", "Relation Name": "title", "Alias": "t", "Startup Cost": 49999.28, "Total Cost": 116389.16, "Plan Rows": 1381886, "Plan Width": 25, "Filter": "(production_year > 2000), (LLVM Optimized)", "Plans": [{"Node Type": "Bitmap Index Scan", "Parent Relationship": "Outer", "Index Name": "title_pkey", "Startup Cost": 0.0, "Total Cost": 49653.81, "Plan Rows": 2528311, "Plan Width": 0}]}]}]}]}]}]}, "Unique SQL Id": 2492542741, "Planner Runtime": 5}, "explain_analyze_plan": null}, "(16, 40)": {"explain_plan": {"Plan": {"Node Type": "Aggregate", "Strategy": "Plain", "Startup Cost": 160574.31, "Total Cost": 160574.34, "Plan Rows": 1, "Plan Width": 113, "Plans": [{"Node Type": "Streaming(type: LOCAL GATHER dop: 1/16)", "Parent Relationship": "Outer", "Startup Cost": 160574.31, "Total Cost": 160574.34, "Plan Rows": 1, "Plan Width": 113, "Plans": [{"Node Type": "Aggregate", "Strategy": "Plain", "Parent Relationship": "Outer", "Startup Cost": 160574.31, "Total Cost": 160574.32, "Plan Rows": 1, "Plan Width": 113, "Plans": [{"Node Type": "Hash Join", "Parent Relationship": "Outer", "Join Type": "Inner", "Startup Cost": 75437.67, "Total Cost": 155695.12, "Plan Rows": 650559, "Plan Width": 45, "Inner Unique": false, "Hash Cond": "(t.id = mc.movie_id), (LLVM Optimized)", "Plans": [{"Node Type": "Streaming(type: LOCAL REDISTRIBUTE dop: 16/16)", "Parent Relationship": "Outer", "Startup Cost": 20228.97, "Total Cost": 99863.53, "Plan Rows": 447839, "Plan Width": 29, "Plans": [{"Node Type": "Hash Join", "Parent Relationship": "Outer", "Join Type": "Inner", "Startup Cost": 20228.97, "Total Cost": 83166.64, "Plan Rows": 447839, "Plan Width": 29, "Inner Unique": true, "Hash Cond": "(mi_idx.movie_id = t.id), (LLVM Optimized)", "Plans": [{"Node Type": "Streaming(type: BROADCAST dop: 16/16)", "Parent Relationship": "Outer", "Startup Cost": 0.0, "Total Cost": 61363.99, "Plan Rows": 5520128, "Plan Width": 4, "Plans": [{"Node Type": "Nested Loop", "Parent Relationship": "Outer", "Join Type": "Inner", "Startup Cost": 0.0, "Total Cost": 32348.04, "Plan Rows": 345008, "Plan Width": 4, "Inner Unique": false, "Join Filter": "(it.id = mi_idx.info_type_id), (LLVM Optimized)", "Plans": [{"Node Type": "Streaming(type: BROADCAST dop: 16/1)", "Parent Relationship": "Outer", "Startup Cost": 0.0, "Total Cost": 15002.75, "Plan Rows": 16, "Plan Width": 4, "Plans": [{"Node Type": "Seq Scan", "Parent Relationship": "Outer", "Relation Name": "info_type", "Alias": "it", "Startup Cost": 0.0, "Total Cost": 2.4, "Plan Rows": 1, "Plan Width": 4, "Filter": "((info)::text = 'bottom 10 rank'::text)"}]}, {"Node Type": "Seq Scan", "Parent Relationship": "Inner", "Relation Name": "movie_info_idx", "Alias": "mi_idx", "Startup Cost": 0.0, "Total Cost": 16267.15, "Plan Rows": 1380034, "Plan Width": 8}]}]}, {"Node Type": "Hash", "Parent Relationship": "Inner", "Startup Cost": 19149.37, "Total Cost": 19149.37, "Plan Rows": 1381886, "Plan Width": 25, "Plans": [{"Node Type": "Seq Scan", "Parent Relationship": "Outer", "Relation Name": "title", "Alias": "t", "Startup Cost": 0.0, "Total Cost": 19149.37, "Plan Rows": 1381886, "Plan Width": 25, "Filter": "(production_year > 2000), (LLVM Optimized)"}]}]}]}, {"Node Type": "Hash", "Parent Relationship": "Inner", "Startup Cost": 54189.55, "Total Cost": 54189.55, "Plan Rows": 1304518, "Plan Width": 28, "Plans": [{"Node Type": "Streaming(type: LOCAL REDISTRIBUTE dop: 16/16)", "Parent Relationship": "Outer", "Startup Cost": 15001.4, "Total Cost": 54189.55, "Plan Rows": 1304518, "Plan Width": 28, "Plans": [{"Node Type": "Hash Join", "Parent Relationship": "Outer", "Join Type": "Inner", "Startup Cost": 15001.4, "Total Cost": 34246.65, "Plan Rows": 1304518, "Plan Width": 28, "Inner Unique": true, "Hash Cond": "(mc.company_type_id = ct.id), (LLVM Optimized)", "Plans": [{"Node Type": "Seq Scan", "Parent Relationship": "Outer", "Relation Name": "movie_companies", "Alias": "mc", "Startup Cost": 0.0, "Total Cost": 18021.26, "Plan Rows": 2609035, "Plan Width": 32, "Filter": "((note)::text !~~ '%(as Metro-Goldwyn-Mayer Pictures)%'::text), (LLVM Optimized)"}, {"Node Type": "Hash", "Parent Relationship": "Inner", "Startup Cost": 15001.38, "Total Cost": 15001.38, "Plan Rows": 16, "Plan Width": 4, "Plans": [{"Node Type": "Streaming(type: BROADCAST dop: 16/1)", "Parent Relationship": "Outer", "Startup Cost": 0.0, "Total Cost": 15001.38, "Plan Rows": 16, "Plan Width": 4, "Plans": [{"Node Type": "Seq Scan", "Parent Relationship": "Outer", "Relation Name": "company_type", "Alias": "ct", "Startup Cost": 0.0, "Total Cost": 1.04, "Plan Rows": 1, "Plan Width": 4, "Filter": "((kind)::text = 'production companies'::text)"}]}]}]}]}]}]}]}]}]}, "Unique SQL Id": 2492542741, "Planner Runtime": 21}, "explain_analyze_plan": {"Plan": {"Node Type": "Aggregate", "Strategy": "Plain", "Startup Cost": 160574.31, "Total Cost": 160574.34, "Plan Rows": 1, "Plan Width": 113, "Actual Min Startup Time": 294.631, "Actual Max Startup Time": 294.631, "Actual Min Total Time": 294.631, "Actual Max Total Time": 294.631, "Plans": [{"Node Type": "Streaming(type: LOCAL GATHER dop: 1/16)", "Parent Relationship": "Outer", "Startup Cost": 160574.31, "Total Cost": 160574.34, "Plan Rows": 1, "Plan Width": 113, "Actual Min Startup Time": 294.32, "Actual Max Startup Time": 294.32, "Actual Min Total Time": 294.607, "Actual Max Total Time": 294.607, "Plans": [{"Node Type": "Aggregate", "Strategy": "Plain", "Parent Relationship": "Outer", "Startup Cost": 160574.31, "Total Cost": 160574.32, "Plan Rows": 1, "Plan Width": 113, "Actual Min Startup Time": 93.315, "Actual Max Startup Time": 144.24, "Actual Min Total Time": 93.315, "Actual Max Total Time": 144.24, "Plans": [{"Node Type": "Hash Join", "Parent Relationship": "Outer", "Join Type": "Inner", "Startup Cost": 75437.67, "Total Cost": 155695.12, "Plan Rows": 650559, "Plan Width": 45, "Actual Min Startup Time": 93.31, "Actual Max Startup Time": 144.232, "Actual Min Total Time": 93.31, "Actual Max Total Time": 144.232, "Inner Unique": false, "Hash Cond": "(t.id = mc.movie_id), (LLVM Optimized)", "Plans": [{"Node Type": "Streaming(type: LOCAL REDISTRIBUTE dop: 16/16)", "Parent Relationship": "Outer", "Startup Cost": 20228.97, "Total Cost": 99863.53, "Plan Rows": 447839, "Plan Width": 29, "Actual Min Startup Time": 0.026, "Actual Max Startup Time": 2.09, "Actual Min Total Time": 2.001, "Actual Max Total Time": 2.09, "Plans": [{"Node Type": "Hash Join", "Parent Relationship": "Outer", "Join Type": "Inner", "Startup Cost": 20228.97, "Total Cost": 83166.64, "Plan Rows": 447839, "Plan Width": 29, "Actual Min Startup Time": 89.837, "Actual Max Startup Time": 98.162, "Actual Min Total Time": 89.837, "Actual Max Total Time": 98.162, "Inner Unique": true, "Hash Cond": "(mi_idx.movie_id = t.id), (LLVM Optimized)", "Plans": [{"Node Type": "Streaming(type: BROADCAST dop: 16/16)", "Parent Relationship": "Outer", "Startup Cost": 0.0, "Total Cost": 61363.99, "Plan Rows": 5520128, "Plan Width": 4, "Actual Min Startup Time": 0.026, "Actual Max Startup Time": 0.057, "Actual Min Total Time": 0.028, "Actual Max Total Time": 0.059, "Plans": [{"Node Type": "Nested Loop", "Parent Relationship": "Outer", "Join Type": "Inner", "Startup Cost": 0.0, "Total Cost": 32348.04, "Plan Rows": 345008, "Plan Width": 4, "Actual Min Startup Time": 34.818, "Actual Max Startup Time": 48.797, "Actual Min Total Time": 34.818, "Actual Max Total Time": 48.797, "Inner Unique": false, "Join Filter": "(it.id = mi_idx.info_type_id), (LLVM Optimized)", "Rows Removed by Join Filter": 1380024, "Plans": [{"Node Type": "Streaming(type: BROADCAST dop: 16/1)", "Parent Relationship": "Outer", "Startup Cost": 0.0, "Total Cost": 15002.75, "Plan Rows": 16, "Plan Width": 4, "Actual Min Startup Time": 0.003, "Actual Max Startup Time": 11.925, "Actual Min Total Time": 0.004, "Actual Max Total Time": 11.925, "Plans": [{"Node Type": "Seq Scan", "Parent Relationship": "Outer", "Relation Name": "info_type", "Alias": "it", "Startup Cost": 0.0, "Total Cost": 2.4, "Plan Rows": 1, "Plan Width": 4, "Actual Min Startup Time": 0.077, "Actual Max Startup Time": 0.077, "Actual Min Total Time": 0.081, "Actual Max Total Time": 0.081, "Filter": "((info)::text = 'bottom 10 rank'::text)", "Rows Removed by Filter": 111, "Actual Rows": 1}], "Actual Rows": 16}, {"Node Type": "Seq Scan", "Parent Relationship": "Inner", "Relation Name": "movie_info_idx", "Alias": "mi_idx", "Startup Cost": 0.0, "Total Cost": 16267.15, "Plan Rows": 1380034, "Plan Width": 8, "Actual Min Startup Time": 0.037, "Actual Max Startup Time": 0.099, "Actual Min Total Time": 18.623, "Actual Max Total Time": 22.145, "Actual Rows": 1380034}], "Actual Rows": 10}], "Actual Rows": 160}, {"Node Type": "Hash", "Parent Relationship": "Inner", "Startup Cost": 19149.37, "Total Cost": 19149.37, "Plan Rows": 1381886, "Plan Width": 25, "Actual Min Startup Time": 89.69, "Actual Max Startup Time": 97.992, "Actual Min Total Time": 89.69, "Actual Max Total Time": 97.992, "Max Hash Buckets": 131072, "Min Hash Buckets": 131072, "Max Hash Batches": 1, "Min Hash Batches": 1, "Max Original Hash Batches": 1, "Min Original Hash Batches": 1, "Max Peak Memory Usage": 5066, "min Peak Memory Usage": 5066, "Plans": [{"Node Type": "Seq Scan", "Parent Relationship": "Outer", "Relation Name": "title", "Alias": "t", "Startup Cost": 0.0, "Total Cost": 19149.37, "Plan Rows": 1381886, "Plan Width": 25, "Actual Min Startup Time": 0.027, "Actual Max Startup Time": 0.045, "Actual Min Total Time": 61.934, "Actual Max Total Time": 69.455, "Filter": "(production_year > 2000), (LLVM Optimized)", "Rows Removed by Filter": 1146858, "Actual Rows": 1381453}], "Actual Rows": 1381453}], "Actual Rows": 6}], "Actual Rows": 6}, {"Node Type": "Hash", "Parent Relationship": "Inner", "Startup Cost": 54189.55, "Total Cost": 54189.55, "Plan Rows": 1304518, "Plan Width": 28, "Actual Min Startup Time": 91.078, "Actual Max Startup Time": 142.008, "Actual Min Total Time": 91.078, "Actual Max Total Time": 142.008, "Max Hash Buckets": 131072, "Min Hash Buckets": 131072, "Max Hash Batches": 1, "Min Hash Batches": 1, "Max Original Hash Batches": 1, "Min Original Hash Batches": 1, "Max Peak Memory Usage": 494, "min Peak Memory Usage": 494, "Plans": [{"Node Type": "Streaming(type: LOCAL REDISTRIBUTE dop: 16/16)", "Parent Relationship": "Outer", "Startup Cost": 15001.4, "Total Cost": 54189.55, "Plan Rows": 1304518, "Plan Width": 28, "Actual Min Startup Time": 0.052, "Actual Max Startup Time": 49.718, "Actual Min Total Time": 88.056, "Actual Max Total Time": 138.917, "Plans": [{"Node Type": "Hash Join", "Parent Relationship": "Outer", "Join Type": "Inner", "Startup Cost": 15001.4, "Total Cost": 34246.65, "Plan Rows": 1304518, "Plan Width": 28, "Actual Min Startup Time": 48.49, "Actual Max Startup Time": 55.874, "Actual Min Total Time": 72.267, "Actual Max Total Time": 83.096, "Inner Unique": true, "Hash Cond": "(mc.company_type_id = ct.id), (LLVM Optimized)", "Plans": [{"Node Type": "Seq Scan", "Parent Relationship": "Outer", "Relation Name": "movie_companies", "Alias": "mc", "Startup Cost": 0.0, "Total Cost": 18021.26, "Plan Rows": 2609035, "Plan Width": 32, "Actual Min Startup Time": 0.03, "Actual Max Startup Time": 0.052, "Actual Min Total Time": 57.433, "Actual Max Total Time": 64.847, "Filter": "((note)::text !~~ '%(as Metro-Goldwyn-Mayer Pictures)%'::text), (LLVM Optimized)", "Rows Removed by Filter": 1272041, "Actual Rows": 1337087}, {"Node Type": "Hash", "Parent Relationship": "Inner", "Startup Cost": 15001.38, "Total Cost": 15001.38, "Plan Rows": 16, "Plan Width": 4, "Actual Min Startup Time": 0.012, "Actual Max Startup Time": 0.027, "Actual Min Total Time": 0.012, "Actual Max Total Time": 0.027, "Max Hash Buckets": 32768, "Min Hash Buckets": 32768, "Max Hash Batches": 1, "Min Hash Batches": 1, "Max Original Hash Batches": 1, "Min Original Hash Batches": 1, "Max Peak Memory Usage": 1, "min Peak Memory Usage": 1, "Plans": [{"Node Type": "Streaming(type: BROADCAST dop: 16/1)", "Parent Relationship": "Outer", "Startup Cost": 0.0, "Total Cost": 15001.38, "Plan Rows": 16, "Plan Width": 4, "Actual Min Startup Time": 0.003, "Actual Max Startup Time": 0.008, "Actual Min Total Time": 0.003, "Actual Max Total Time": 0.009, "Plans": [{"Node Type": "Seq Scan", "Parent Relationship": "Outer", "Relation Name": "company_type", "Alias": "ct", "Startup Cost": 0.0, "Total Cost": 1.04, "Plan Rows": 1, "Plan Width": 4, "Actual Min Startup Time": 0.034, "Actual Max Startup Time": 0.034, "Actual Min Total Time": 0.037, "Actual Max Total Time": 0.037, "Filter": "((kind)::text = 'production companies'::text)", "Rows Removed by Filter": 2, "Actual Rows": 1}], "Actual Rows": 16}], "Actual Rows": 16}], "Actual Rows": 140904}], "Actual Rows": 140904}], "Actual Rows": 140904}], "Actual Rows": 4}], "Actual Rows": 16}], "Actual Rows": 16}], "Actual Rows": 1}, "Triggers": [], "Planner Runtime": 22, "Total Runtime": 318.495, "Unique SQL Id": 2492542741}}, "(16, 41)": {"explain_plan": {"Plan": {"Node Type": "Aggregate", "Strategy": "Plain", "Startup Cost": 289841.3, "Total Cost": 289841.33, "Plan Rows": 1, "Plan Width": 113, "Plans": [{"Node Type": "Streaming(type: LOCAL GATHER dop: 1/16)", "Parent Relationship": "Outer", "Startup Cost": 289841.3, "Total Cost": 289841.33, "Plan Rows": 1, "Plan Width": 113, "Plans": [{"Node Type": "Aggregate", "Strategy": "Plain", "Parent Relationship": "Outer", "Startup Cost": 289841.3, "Total Cost": 289841.31, "Plan Rows": 1, "Plan Width": 113, "Plans": [{"Node Type": "Hash Join", "Parent Relationship": "Outer", "Join Type": "Inner", "Startup Cost": 140318.89, "Total Cost": 284962.1, "Plan Rows": 650559, "Plan Width": 45, "Inner Unique": false, "Hash Cond": "(t.id = mi_idx.movie_id), (LLVM Optimized)", "Plans": [{"Node Type": "Streaming(type: LOCAL REDISTRIBUTE dop: 16/16)", "Parent Relationship": "Outer", "Startup Cost": 123128.27, "Total Cost": 267031.63, "Plan Rows": 1693335, "Plan Width": 53, "Plans": [{"Node Type": "Hash Join", "Parent Relationship": "Outer", "Join Type": "Inner", "Startup Cost": 123128.27, "Total Cost": 245615.48, "Plan Rows": 1693335, "Plan Width": 53, "Inner Unique": true, "Hash Cond": "(mc.movie_id = t.id), (LLVM Optimized)", "Plans": [{"Node Type": "Streaming(type: LOCAL REDISTRIBUTE dop: 16/16)", "Parent Relationship": "Outer", "Startup Cost": 0.0, "Total Cost": 121123.13, "Plan Rows": 1304518, "Plan Width": 28, "Plans": [{"Node Type": "Nested Loop", "Parent Relationship": "Outer", "Join Type": "Inner", "Startup Cost": 0.0, "Total Cost": 101180.23, "Plan Rows": 1304518, "Plan Width": 28, "Inner Unique": false, "Join Filter": "(ct.id = mc.company_type_id), (LLVM Optimized)", "Plans": [{"Node Type": "Streaming(type: BROADCAST dop: 16/1)", "Parent Relationship": "Outer", "Startup Cost": 0.0, "Total Cost": 15012.65, "Plan Rows": 16, "Plan Width": 4, "Plans": [{"Node Type": "Index Scan", "Parent Relationship": "Outer", "Scan Direction": "Forward", "Index Name": "company_type_pkey", "Relation Name": "company_type", "Alias": "ct", "Startup Cost": 0.0, "Total Cost": 12.3, "Plan Rows": 1, "Plan Width": 4, "Filter": "((kind)::text = 'production companies'::text)"}]}, {"Node Type": "Index Scan", "Parent Relationship": "Inner", "Scan Direction": "Forward", "Index Name": "company_type_id_movie_companies", "Relation Name": "movie_companies", "Alias": "mc", "Startup Cost": 0.0, "Total Cost": 84129.27, "Plan Rows": 2609035, "Plan Width": 32, "Filter": "((note)::text !~~ '%(as Metro-Goldwyn-Mayer Pictures)%'::text), (LLVM Optimized)"}]}]}, {"Node Type": "Hash", "Parent Relationship": "Inner", "Startup Cost": 122048.67, "Total Cost": 122048.67, "Plan Rows": 1381886, "Plan Width": 25, "Plans": [{"Node Type": "Streaming(type: LOCAL REDISTRIBUTE dop: 16/16)", "Parent Relationship": "Outer", "Startup Cost": 0.0, "Total Cost": 122048.67, "Plan Rows": 1381886, "Plan Width": 25, "Plans": [{"Node Type": "Index Scan", "Parent Relationship": "Outer", "Scan Direction": "Forward", "Index Name": "title_pkey", "Relation Name": "title", "Alias": "t", "Startup Cost": 0.0, "Total Cost": 101812.62, "Plan Rows": 1381886, "Plan Width": 25, "Filter": "(production_year > 2000), (LLVM Optimized)"}]}]}]}]}, {"Node Type": "Hash", "Parent Relationship": "Inner", "Startup Cost": 67684.33, "Total Cost": 67684.33, "Plan Rows": 345008, "Plan Width": 4, "Plans": [{"Node Type": "Streaming(type: LOCAL REDISTRIBUTE dop: 16/1)", "Parent Relationship": "Outer", "Startup Cost": 0.0, "Total Cost": 67684.33, "Plan Rows": 345008, "Plan Width": 4, "Plans": [{"Node Type": "Nested Loop", "Parent Relationship": "Outer", "Join Type": "Inner", "Startup Cost": 0.0, "Total Cost": 38338.2, "Plan Rows": 345008, "Plan Width": 4, "Inner Unique": false, "Plans": [{"Node Type": "Index Scan", "Parent Relationship": "Outer", "Scan Direction": "Forward", "Index Name": "info_type_pkey", "Relation Name": "info_type", "Alias": "it", "Startup Cost": 0.0, "Total Cost": 14.21, "Plan Rows": 1, "Plan Width": 4, "Filter": "((info)::text = 'bottom 10 rank'::text)"}, {"Node Type": "Index Scan", "Parent Relationship": "Inner", "Scan Direction": "Forward", "Index Name": "info_type_id_movie_info_idx", "Relation Name": "movie_info_idx", "Alias": "mi_idx", "Startup Cost": 0.0, "Total Cost": 34873.91, "Plan Rows": 345008, "Plan Width": 8, "Index Cond": "(info_type_id = it.id), (LLVM Optimized)"}]}]}]}]}]}]}]}, "Unique SQL Id": 2492542741, "Planner Runtime": 15}, "explain_analyze_plan": null}, "(16, 42)": {"explain_plan": {"Plan": {"Node Type": "Aggregate", "Strategy": "Plain", "Startup Cost": 160574.31, "Total Cost": 160574.34, "Plan Rows": 1, "Plan Width": 113, "Plans": [{"Node Type": "Streaming(type: LOCAL GATHER dop: 1/16)", "Parent Relationship": "Outer", "Startup Cost": 160574.31, "Total Cost": 160574.34, "Plan Rows": 1, "Plan Width": 113, "Plans": [{"Node Type": "Aggregate", "Strategy": "Plain", "Parent Relationship": "Outer", "Startup Cost": 160574.31, "Total Cost": 160574.32, "Plan Rows": 1, "Plan Width": 113, "Plans": [{"Node Type": "Hash Join", "Parent Relationship": "Outer", "Join Type": "Inner", "Startup Cost": 75437.67, "Total Cost": 155695.12, "Plan Rows": 650559, "Plan Width": 45, "Inner Unique": false, "Hash Cond": "(t.id = mc.movie_id), (LLVM Optimized)", "Plans": [{"Node Type": "Streaming(type: LOCAL REDISTRIBUTE dop: 16/16)", "Parent Relationship": "Outer", "Startup Cost": 20228.97, "Total Cost": 99863.53, "Plan Rows": 447839, "Plan Width": 29, "Plans": [{"Node Type": "Hash Join", "Parent Relationship": "Outer", "Join Type": "Inner", "Startup Cost": 20228.97, "Total Cost": 83166.64, "Plan Rows": 447839, "Plan Width": 29, "Inner Unique": true, "Hash Cond": "(mi_idx.movie_id = t.id), (LLVM Optimized)", "Plans": [{"Node Type": "Streaming(type: BROADCAST dop: 16/16)", "Parent Relationship": "Outer", "Startup Cost": 0.0, "Total Cost": 61363.99, "Plan Rows": 5520128, "Plan Width": 4, "Plans": [{"Node Type": "Nested Loop", "Parent Relationship": "Outer", "Join Type": "Inner", "Startup Cost": 0.0, "Total Cost": 32348.04, "Plan Rows": 345008, "Plan Width": 4, "Inner Unique": false, "Join Filter": "(it.id = mi_idx.info_type_id), (LLVM Optimized)", "Plans": [{"Node Type": "Streaming(type: BROADCAST dop: 16/1)", "Parent Relationship": "Outer", "Startup Cost": 0.0, "Total Cost": 15002.75, "Plan Rows": 16, "Plan Width": 4, "Plans": [{"Node Type": "Seq Scan", "Parent Relationship": "Outer", "Relation Name": "info_type", "Alias": "it", "Startup Cost": 0.0, "Total Cost": 2.4, "Plan Rows": 1, "Plan Width": 4, "Filter": "((info)::text = 'bottom 10 rank'::text)"}]}, {"Node Type": "Seq Scan", "Parent Relationship": "Inner", "Relation Name": "movie_info_idx", "Alias": "mi_idx", "Startup Cost": 0.0, "Total Cost": 16267.15, "Plan Rows": 1380034, "Plan Width": 8}]}]}, {"Node Type": "Hash", "Parent Relationship": "Inner", "Startup Cost": 19149.37, "Total Cost": 19149.37, "Plan Rows": 1381886, "Plan Width": 25, "Plans": [{"Node Type": "Seq Scan", "Parent Relationship": "Outer", "Relation Name": "title", "Alias": "t", "Startup Cost": 0.0, "Total Cost": 19149.37, "Plan Rows": 1381886, "Plan Width": 25, "Filter": "(production_year > 2000), (LLVM Optimized)"}]}]}]}, {"Node Type": "Hash", "Parent Relationship": "Inner", "Startup Cost": 54189.55, "Total Cost": 54189.55, "Plan Rows": 1304518, "Plan Width": 28, "Plans": [{"Node Type": "Streaming(type: LOCAL REDISTRIBUTE dop: 16/16)", "Parent Relationship": "Outer", "Startup Cost": 15001.4, "Total Cost": 54189.55, "Plan Rows": 1304518, "Plan Width": 28, "Plans": [{"Node Type": "Hash Join", "Parent Relationship": "Outer", "Join Type": "Inner", "Startup Cost": 15001.4, "Total Cost": 34246.65, "Plan Rows": 1304518, "Plan Width": 28, "Inner Unique": true, "Hash Cond": "(mc.company_type_id = ct.id), (LLVM Optimized)", "Plans": [{"Node Type": "Seq Scan", "Parent Relationship": "Outer", "Relation Name": "movie_companies", "Alias": "mc", "Startup Cost": 0.0, "Total Cost": 18021.26, "Plan Rows": 2609035, "Plan Width": 32, "Filter": "((note)::text !~~ '%(as Metro-Goldwyn-Mayer Pictures)%'::text), (LLVM Optimized)"}, {"Node Type": "Hash", "Parent Relationship": "Inner", "Startup Cost": 15001.38, "Total Cost": 15001.38, "Plan Rows": 16, "Plan Width": 4, "Plans": [{"Node Type": "Streaming(type: BROADCAST dop: 16/1)", "Parent Relationship": "Outer", "Startup Cost": 0.0, "Total Cost": 15001.38, "Plan Rows": 16, "Plan Width": 4, "Plans": [{"Node Type": "Seq Scan", "Parent Relationship": "Outer", "Relation Name": "company_type", "Alias": "ct", "Startup Cost": 0.0, "Total Cost": 1.04, "Plan Rows": 1, "Plan Width": 4, "Filter": "((kind)::text = 'production companies'::text)"}]}]}]}]}]}]}]}]}]}, "Unique SQL Id": 2492542741, "Planner Runtime": 23}, "explain_analyze_plan": {"Plan": {"Node Type": "Aggregate", "Strategy": "Plain", "Startup Cost": 160574.31, "Total Cost": 160574.34, "Plan Rows": 1, "Plan Width": 113, "Actual Min Startup Time": 294.631, "Actual Max Startup Time": 294.631, "Actual Min Total Time": 294.631, "Actual Max Total Time": 294.631, "Plans": [{"Node Type": "Streaming(type: LOCAL GATHER dop: 1/16)", "Parent Relationship": "Outer", "Startup Cost": 160574.31, "Total Cost": 160574.34, "Plan Rows": 1, "Plan Width": 113, "Actual Min Startup Time": 294.32, "Actual Max Startup Time": 294.32, "Actual Min Total Time": 294.607, "Actual Max Total Time": 294.607, "Plans": [{"Node Type": "Aggregate", "Strategy": "Plain", "Parent Relationship": "Outer", "Startup Cost": 160574.31, "Total Cost": 160574.32, "Plan Rows": 1, "Plan Width": 113, "Actual Min Startup Time": 93.315, "Actual Max Startup Time": 144.24, "Actual Min Total Time": 93.315, "Actual Max Total Time": 144.24, "Plans": [{"Node Type": "Hash Join", "Parent Relationship": "Outer", "Join Type": "Inner", "Startup Cost": 75437.67, "Total Cost": 155695.12, "Plan Rows": 650559, "Plan Width": 45, "Actual Min Startup Time": 93.31, "Actual Max Startup Time": 144.232, "Actual Min Total Time": 93.31, "Actual Max Total Time": 144.232, "Inner Unique": false, "Hash Cond": "(t.id = mc.movie_id), (LLVM Optimized)", "Plans": [{"Node Type": "Streaming(type: LOCAL REDISTRIBUTE dop: 16/16)", "Parent Relationship": "Outer", "Startup Cost": 20228.97, "Total Cost": 99863.53, "Plan Rows": 447839, "Plan Width": 29, "Actual Min Startup Time": 0.026, "Actual Max Startup Time": 2.09, "Actual Min Total Time": 2.001, "Actual Max Total Time": 2.09, "Plans": [{"Node Type": "Hash Join", "Parent Relationship": "Outer", "Join Type": "Inner", "Startup Cost": 20228.97, "Total Cost": 83166.64, "Plan Rows": 447839, "Plan Width": 29, "Actual Min Startup Time": 89.837, "Actual Max Startup Time": 98.162, "Actual Min Total Time": 89.837, "Actual Max Total Time": 98.162, "Inner Unique": true, "Hash Cond": "(mi_idx.movie_id = t.id), (LLVM Optimized)", "Plans": [{"Node Type": "Streaming(type: BROADCAST dop: 16/16)", "Parent Relationship": "Outer", "Startup Cost": 0.0, "Total Cost": 61363.99, "Plan Rows": 5520128, "Plan Width": 4, "Actual Min Startup Time": 0.026, "Actual Max Startup Time": 0.057, "Actual Min Total Time": 0.028, "Actual Max Total Time": 0.059, "Plans": [{"Node Type": "Nested Loop", "Parent Relationship": "Outer", "Join Type": "Inner", "Startup Cost": 0.0, "Total Cost": 32348.04, "Plan Rows": 345008, "Plan Width": 4, "Actual Min Startup Time": 34.818, "Actual Max Startup Time": 48.797, "Actual Min Total Time": 34.818, "Actual Max Total Time": 48.797, "Inner Unique": false, "Join Filter": "(it.id = mi_idx.info_type_id), (LLVM Optimized)", "Rows Removed by Join Filter": 1380024, "Plans": [{"Node Type": "Streaming(type: BROADCAST dop: 16/1)", "Parent Relationship": "Outer", "Startup Cost": 0.0, "Total Cost": 15002.75, "Plan Rows": 16, "Plan Width": 4, "Actual Min Startup Time": 0.003, "Actual Max Startup Time": 11.925, "Actual Min Total Time": 0.004, "Actual Max Total Time": 11.925, "Plans": [{"Node Type": "Seq Scan", "Parent Relationship": "Outer", "Relation Name": "info_type", "Alias": "it", "Startup Cost": 0.0, "Total Cost": 2.4, "Plan Rows": 1, "Plan Width": 4, "Actual Min Startup Time": 0.077, "Actual Max Startup Time": 0.077, "Actual Min Total Time": 0.081, "Actual Max Total Time": 0.081, "Filter": "((info)::text = 'bottom 10 rank'::text)", "Rows Removed by Filter": 111, "Actual Rows": 1}], "Actual Rows": 16}, {"Node Type": "Seq Scan", "Parent Relationship": "Inner", "Relation Name": "movie_info_idx", "Alias": "mi_idx", "Startup Cost": 0.0, "Total Cost": 16267.15, "Plan Rows": 1380034, "Plan Width": 8, "Actual Min Startup Time": 0.037, "Actual Max Startup Time": 0.099, "Actual Min Total Time": 18.623, "Actual Max Total Time": 22.145, "Actual Rows": 1380034}], "Actual Rows": 10}], "Actual Rows": 160}, {"Node Type": "Hash", "Parent Relationship": "Inner", "Startup Cost": 19149.37, "Total Cost": 19149.37, "Plan Rows": 1381886, "Plan Width": 25, "Actual Min Startup Time": 89.69, "Actual Max Startup Time": 97.992, "Actual Min Total Time": 89.69, "Actual Max Total Time": 97.992, "Max Hash Buckets": 131072, "Min Hash Buckets": 131072, "Max Hash Batches": 1, "Min Hash Batches": 1, "Max Original Hash Batches": 1, "Min Original Hash Batches": 1, "Max Peak Memory Usage": 5066, "min Peak Memory Usage": 5066, "Plans": [{"Node Type": "Seq Scan", "Parent Relationship": "Outer", "Relation Name": "title", "Alias": "t", "Startup Cost": 0.0, "Total Cost": 19149.37, "Plan Rows": 1381886, "Plan Width": 25, "Actual Min Startup Time": 0.027, "Actual Max Startup Time": 0.045, "Actual Min Total Time": 61.934, "Actual Max Total Time": 69.455, "Filter": "(production_year > 2000), (LLVM Optimized)", "Rows Removed by Filter": 1146858, "Actual Rows": 1381453}], "Actual Rows": 1381453}], "Actual Rows": 6}], "Actual Rows": 6}, {"Node Type": "Hash", "Parent Relationship": "Inner", "Startup Cost": 54189.55, "Total Cost": 54189.55, "Plan Rows": 1304518, "Plan Width": 28, "Actual Min Startup Time": 91.078, "Actual Max Startup Time": 142.008, "Actual Min Total Time": 91.078, "Actual Max Total Time": 142.008, "Max Hash Buckets": 131072, "Min Hash Buckets": 131072, "Max Hash Batches": 1, "Min Hash Batches": 1, "Max Original Hash Batches": 1, "Min Original Hash Batches": 1, "Max Peak Memory Usage": 494, "min Peak Memory Usage": 494, "Plans": [{"Node Type": "Streaming(type: LOCAL REDISTRIBUTE dop: 16/16)", "Parent Relationship": "Outer", "Startup Cost": 15001.4, "Total Cost": 54189.55, "Plan Rows": 1304518, "Plan Width": 28, "Actual Min Startup Time": 0.052, "Actual Max Startup Time": 49.718, "Actual Min Total Time": 88.056, "Actual Max Total Time": 138.917, "Plans": [{"Node Type": "Hash Join", "Parent Relationship": "Outer", "Join Type": "Inner", "Startup Cost": 15001.4, "Total Cost": 34246.65, "Plan Rows": 1304518, "Plan Width": 28, "Actual Min Startup Time": 48.49, "Actual Max Startup Time": 55.874, "Actual Min Total Time": 72.267, "Actual Max Total Time": 83.096, "Inner Unique": true, "Hash Cond": "(mc.company_type_id = ct.id), (LLVM Optimized)", "Plans": [{"Node Type": "Seq Scan", "Parent Relationship": "Outer", "Relation Name": "movie_companies", "Alias": "mc", "Startup Cost": 0.0, "Total Cost": 18021.26, "Plan Rows": 2609035, "Plan Width": 32, "Actual Min Startup Time": 0.03, "Actual Max Startup Time": 0.052, "Actual Min Total Time": 57.433, "Actual Max Total Time": 64.847, "Filter": "((note)::text !~~ '%(as Metro-Goldwyn-Mayer Pictures)%'::text), (LLVM Optimized)", "Rows Removed by Filter": 1272041, "Actual Rows": 1337087}, {"Node Type": "Hash", "Parent Relationship": "Inner", "Startup Cost": 15001.38, "Total Cost": 15001.38, "Plan Rows": 16, "Plan Width": 4, "Actual Min Startup Time": 0.012, "Actual Max Startup Time": 0.027, "Actual Min Total Time": 0.012, "Actual Max Total Time": 0.027, "Max Hash Buckets": 32768, "Min Hash Buckets": 32768, "Max Hash Batches": 1, "Min Hash Batches": 1, "Max Original Hash Batches": 1, "Min Original Hash Batches": 1, "Max Peak Memory Usage": 1, "min Peak Memory Usage": 1, "Plans": [{"Node Type": "Streaming(type: BROADCAST dop: 16/1)", "Parent Relationship": "Outer", "Startup Cost": 0.0, "Total Cost": 15001.38, "Plan Rows": 16, "Plan Width": 4, "Actual Min Startup Time": 0.003, "Actual Max Startup Time": 0.008, "Actual Min Total Time": 0.003, "Actual Max Total Time": 0.009, "Plans": [{"Node Type": "Seq Scan", "Parent Relationship": "Outer", "Relation Name": "company_type", "Alias": "ct", "Startup Cost": 0.0, "Total Cost": 1.04, "Plan Rows": 1, "Plan Width": 4, "Actual Min Startup Time": 0.034, "Actual Max Startup Time": 0.034, "Actual Min Total Time": 0.037, "Actual Max Total Time": 0.037, "Filter": "((kind)::text = 'production companies'::text)", "Rows Removed by Filter": 2, "Actual Rows": 1}], "Actual Rows": 16}], "Actual Rows": 16}], "Actual Rows": 140904}], "Actual Rows": 140904}], "Actual Rows": 140904}], "Actual Rows": 4}], "Actual Rows": 16}], "Actual Rows": 16}], "Actual Rows": 1}, "Triggers": [], "Planner Runtime": 22, "Total Runtime": 318.495, "Unique SQL Id": 2492542741}}, "(16, 43)": {"explain_plan": {"Plan": {"Node Type": "Aggregate", "Strategy": "Plain", "Startup Cost": 5015944704164.11, "Total Cost": 5015944704164.12, "Plan Rows": 1, "Plan Width": 113, "Plans": [{"Node Type": "Nested Loop", "Parent Relationship": "Outer", "Join Type": "Inner", "Startup Cost": 50000000000.0, "Total Cost": 5015944699284.92, "Plan Rows": 650559, "Plan Width": 45, "Inner Unique": false, "Join Filter": "(mc.movie_id = t.id), (LLVM Optimized)", "Plans": [{"Node Type": "Nested Loop", "Parent Relationship": "Outer", "Join Type": "Inner", "Startup Cost": 20000000000.0, "Total Cost": 2000013744593.91, "Plan Rows": 1304518, "Plan Width": 28, "Inner Unique": true, "Join Filter": "(ct.id = mc.company_type_id), (LLVM Optimized)", "Plans": [{"Node Type": "Index Scan", "Parent Relationship": "Outer", "Scan Direction": "Forward", "Index Name": "movie_id_movie_companies", "Relation Name": "movie_companies", "Alias": "mc", "Startup Cost": 10000000000.0, "Total Cost": 1000013704228.13, "Plan Rows": 2609035, "Plan Width": 32, "Filter": "((note)::text !~~ '%(as Metro-Goldwyn-Mayer Pictures)%'::text), (LLVM Optimized)"}, {"Node Type": "Materialize", "Parent Relationship": "Inner", "Startup Cost": 10000000000.0, "Total Cost": 1000000001230.26, "Plan Rows": 1, "Plan Width": 4, "Plans": [{"Node Type": "Index Scan", "Parent Relationship": "Outer", "Scan Direction": "Forward", "Index Name": "company_type_pkey", "Relation Name": "company_type", "Alias": "ct", "Startup Cost": 10000000000.0, "Total Cost": 1000000001230.25, "Plan Rows": 1, "Plan Width": 4, "Filter": "((kind)::text = 'production companies'::text)"}]}]}, {"Node Type": "Materialize", "Parent Relationship": "Inner", "Startup Cost": 30000000000.0, "Total Cost": 3007167745261.58, "Plan Rows": 447839, "Plan Width": 29, "Plans": [{"Node Type": "Nested Loop", "Parent Relationship": "Outer", "Join Type": "Inner", "Startup Cost": 30000000000.0, "Total Cost": 3007167743022.38, "Plan Rows": 447839, "Plan Width": 29, "Inner Unique": false, "Join Filter": "(mi_idx.movie_id = t.id), (LLVM Optimized)", "Plans": [{"Node Type": "Index Scan", "Parent Relationship": "Outer", "Scan Direction": "Forward", "Index Name": "title_pkey", "Relation Name": "title", "Alias": "t", "Startup Cost": 10000000000.0, "Total Cost": 1000011644126.66, "Plan Rows": 1381886, "Plan Width": 25, "Filter": "(production_year > 2000), (LLVM Optimized)"}, {"Node Type": "Materialize", "Parent Relationship": "Inner", "Startup Cost": 20000000000.0, "Total Cost": 2000004673881.92, "Plan Rows": 345008, "Plan Width": 4, "Plans": [{"Node Type": "Nested Loop", "Parent Relationship": "Outer", "Join Type": "Inner", "Startup Cost": 20000000000.0, "Total Cost": 2000004672156.88, "Plan Rows": 345008, "Plan Width": 4, "Inner Unique": true, "Join Filter": "(it.id = mi_idx.info_type_id), (LLVM Optimized)", "Plans": [{"Node Type": "Index Scan", "Parent Relationship": "Outer", "Scan Direction": "Forward", "Index Name": "movie_id_movie_info_idx", "Relation Name": "movie_info_idx", "Alias": "mi_idx", "Startup Cost": 10000000000.0, "Total Cost": 1000004650035.37, "Plan Rows": 1380034, "Plan Width": 8}, {"Node Type": "Materialize", "Parent Relationship": "Inner", "Startup Cost": 10000000000.0, "Total Cost": 1000000001421.0, "Plan Rows": 1, "Plan Width": 4, "Plans": [{"Node Type": "Index Scan", "Parent Relationship": "Outer", "Scan Direction": "Forward", "Index Name": "info_type_pkey", "Relation Name": "info_type", "Alias": "it", "Startup Cost": 10000000000.0, "Total Cost": 1000000001421.0, "Plan Rows": 1, "Plan Width": 4, "Filter": "((info)::text = 'bottom 10 rank'::text)"}]}]}]}]}]}]}]}, "Unique SQL Id": 2492542741, "Planner Runtime": 5}, "explain_analyze_plan": null}, "(16, 44)": {"explain_plan": {"Plan": {"Node Type": "Aggregate", "Strategy": "Plain", "Startup Cost": 160574.31, "Total Cost": 160574.34, "Plan Rows": 1, "Plan Width": 113, "Plans": [{"Node Type": "Streaming(type: LOCAL GATHER dop: 1/16)", "Parent Relationship": "Outer", "Startup Cost": 160574.31, "Total Cost": 160574.34, "Plan Rows": 1, "Plan Width": 113, "Plans": [{"Node Type": "Aggregate", "Strategy": "Plain", "Parent Relationship": "Outer", "Startup Cost": 160574.31, "Total Cost": 160574.32, "Plan Rows": 1, "Plan Width": 113, "Plans": [{"Node Type": "Hash Join", "Parent Relationship": "Outer", "Join Type": "Inner", "Startup Cost": 75437.67, "Total Cost": 155695.12, "Plan Rows": 650559, "Plan Width": 45, "Inner Unique": false, "Hash Cond": "(t.id = mc.movie_id), (LLVM Optimized)", "Plans": [{"Node Type": "Streaming(type: LOCAL REDISTRIBUTE dop: 16/16)", "Parent Relationship": "Outer", "Startup Cost": 20228.97, "Total Cost": 99863.53, "Plan Rows": 447839, "Plan Width": 29, "Plans": [{"Node Type": "Hash Join", "Parent Relationship": "Outer", "Join Type": "Inner", "Startup Cost": 20228.97, "Total Cost": 83166.64, "Plan Rows": 447839, "Plan Width": 29, "Inner Unique": true, "Hash Cond": "(mi_idx.movie_id = t.id), (LLVM Optimized)", "Plans": [{"Node Type": "Streaming(type: BROADCAST dop: 16/16)", "Parent Relationship": "Outer", "Startup Cost": 0.0, "Total Cost": 61363.99, "Plan Rows": 5520128, "Plan Width": 4, "Plans": [{"Node Type": "Nested Loop", "Parent Relationship": "Outer", "Join Type": "Inner", "Startup Cost": 0.0, "Total Cost": 32348.04, "Plan Rows": 345008, "Plan Width": 4, "Inner Unique": false, "Join Filter": "(it.id = mi_idx.info_type_id), (LLVM Optimized)", "Plans": [{"Node Type": "Streaming(type: BROADCAST dop: 16/1)", "Parent Relationship": "Outer", "Startup Cost": 0.0, "Total Cost": 15002.75, "Plan Rows": 16, "Plan Width": 4, "Plans": [{"Node Type": "Seq Scan", "Parent Relationship": "Outer", "Relation Name": "info_type", "Alias": "it", "Startup Cost": 0.0, "Total Cost": 2.4, "Plan Rows": 1, "Plan Width": 4, "Filter": "((info)::text = 'bottom 10 rank'::text)"}]}, {"Node Type": "Seq Scan", "Parent Relationship": "Inner", "Relation Name": "movie_info_idx", "Alias": "mi_idx", "Startup Cost": 0.0, "Total Cost": 16267.15, "Plan Rows": 1380034, "Plan Width": 8}]}]}, {"Node Type": "Hash", "Parent Relationship": "Inner", "Startup Cost": 19149.37, "Total Cost": 19149.37, "Plan Rows": 1381886, "Plan Width": 25, "Plans": [{"Node Type": "Seq Scan", "Parent Relationship": "Outer", "Relation Name": "title", "Alias": "t", "Startup Cost": 0.0, "Total Cost": 19149.37, "Plan Rows": 1381886, "Plan Width": 25, "Filter": "(production_year > 2000), (LLVM Optimized)"}]}]}]}, {"Node Type": "Hash", "Parent Relationship": "Inner", "Startup Cost": 54189.55, "Total Cost": 54189.55, "Plan Rows": 1304518, "Plan Width": 28, "Plans": [{"Node Type": "Streaming(type: LOCAL REDISTRIBUTE dop: 16/16)", "Parent Relationship": "Outer", "Startup Cost": 15001.4, "Total Cost": 54189.55, "Plan Rows": 1304518, "Plan Width": 28, "Plans": [{"Node Type": "Hash Join", "Parent Relationship": "Outer", "Join Type": "Inner", "Startup Cost": 15001.4, "Total Cost": 34246.65, "Plan Rows": 1304518, "Plan Width": 28, "Inner Unique": true, "Hash Cond": "(mc.company_type_id = ct.id), (LLVM Optimized)", "Plans": [{"Node Type": "Seq Scan", "Parent Relationship": "Outer", "Relation Name": "movie_companies", "Alias": "mc", "Startup Cost": 0.0, "Total Cost": 18021.26, "Plan Rows": 2609035, "Plan Width": 32, "Filter": "((note)::text !~~ '%(as Metro-Goldwyn-Mayer Pictures)%'::text), (LLVM Optimized)"}, {"Node Type": "Hash", "Parent Relationship": "Inner", "Startup Cost": 15001.38, "Total Cost": 15001.38, "Plan Rows": 16, "Plan Width": 4, "Plans": [{"Node Type": "Streaming(type: BROADCAST dop: 16/1)", "Parent Relationship": "Outer", "Startup Cost": 0.0, "Total Cost": 15001.38, "Plan Rows": 16, "Plan Width": 4, "Plans": [{"Node Type": "Seq Scan", "Parent Relationship": "Outer", "Relation Name": "company_type", "Alias": "ct", "Startup Cost": 0.0, "Total Cost": 1.04, "Plan Rows": 1, "Plan Width": 4, "Filter": "((kind)::text = 'production companies'::text)"}]}]}]}]}]}]}]}]}]}, "Unique SQL Id": 2492542741, "Planner Runtime": 21}, "explain_analyze_plan": {"Plan": {"Node Type": "Aggregate", "Strategy": "Plain", "Startup Cost": 160574.31, "Total Cost": 160574.34, "Plan Rows": 1, "Plan Width": 113, "Actual Min Startup Time": 294.631, "Actual Max Startup Time": 294.631, "Actual Min Total Time": 294.631, "Actual Max Total Time": 294.631, "Plans": [{"Node Type": "Streaming(type: LOCAL GATHER dop: 1/16)", "Parent Relationship": "Outer", "Startup Cost": 160574.31, "Total Cost": 160574.34, "Plan Rows": 1, "Plan Width": 113, "Actual Min Startup Time": 294.32, "Actual Max Startup Time": 294.32, "Actual Min Total Time": 294.607, "Actual Max Total Time": 294.607, "Plans": [{"Node Type": "Aggregate", "Strategy": "Plain", "Parent Relationship": "Outer", "Startup Cost": 160574.31, "Total Cost": 160574.32, "Plan Rows": 1, "Plan Width": 113, "Actual Min Startup Time": 93.315, "Actual Max Startup Time": 144.24, "Actual Min Total Time": 93.315, "Actual Max Total Time": 144.24, "Plans": [{"Node Type": "Hash Join", "Parent Relationship": "Outer", "Join Type": "Inner", "Startup Cost": 75437.67, "Total Cost": 155695.12, "Plan Rows": 650559, "Plan Width": 45, "Actual Min Startup Time": 93.31, "Actual Max Startup Time": 144.232, "Actual Min Total Time": 93.31, "Actual Max Total Time": 144.232, "Inner Unique": false, "Hash Cond": "(t.id = mc.movie_id), (LLVM Optimized)", "Plans": [{"Node Type": "Streaming(type: LOCAL REDISTRIBUTE dop: 16/16)", "Parent Relationship": "Outer", "Startup Cost": 20228.97, "Total Cost": 99863.53, "Plan Rows": 447839, "Plan Width": 29, "Actual Min Startup Time": 0.026, "Actual Max Startup Time": 2.09, "Actual Min Total Time": 2.001, "Actual Max Total Time": 2.09, "Plans": [{"Node Type": "Hash Join", "Parent Relationship": "Outer", "Join Type": "Inner", "Startup Cost": 20228.97, "Total Cost": 83166.64, "Plan Rows": 447839, "Plan Width": 29, "Actual Min Startup Time": 89.837, "Actual Max Startup Time": 98.162, "Actual Min Total Time": 89.837, "Actual Max Total Time": 98.162, "Inner Unique": true, "Hash Cond": "(mi_idx.movie_id = t.id), (LLVM Optimized)", "Plans": [{"Node Type": "Streaming(type: BROADCAST dop: 16/16)", "Parent Relationship": "Outer", "Startup Cost": 0.0, "Total Cost": 61363.99, "Plan Rows": 5520128, "Plan Width": 4, "Actual Min Startup Time": 0.026, "Actual Max Startup Time": 0.057, "Actual Min Total Time": 0.028, "Actual Max Total Time": 0.059, "Plans": [{"Node Type": "Nested Loop", "Parent Relationship": "Outer", "Join Type": "Inner", "Startup Cost": 0.0, "Total Cost": 32348.04, "Plan Rows": 345008, "Plan Width": 4, "Actual Min Startup Time": 34.818, "Actual Max Startup Time": 48.797, "Actual Min Total Time": 34.818, "Actual Max Total Time": 48.797, "Inner Unique": false, "Join Filter": "(it.id = mi_idx.info_type_id), (LLVM Optimized)", "Rows Removed by Join Filter": 1380024, "Plans": [{"Node Type": "Streaming(type: BROADCAST dop: 16/1)", "Parent Relationship": "Outer", "Startup Cost": 0.0, "Total Cost": 15002.75, "Plan Rows": 16, "Plan Width": 4, "Actual Min Startup Time": 0.003, "Actual Max Startup Time": 11.925, "Actual Min Total Time": 0.004, "Actual Max Total Time": 11.925, "Plans": [{"Node Type": "Seq Scan", "Parent Relationship": "Outer", "Relation Name": "info_type", "Alias": "it", "Startup Cost": 0.0, "Total Cost": 2.4, "Plan Rows": 1, "Plan Width": 4, "Actual Min Startup Time": 0.077, "Actual Max Startup Time": 0.077, "Actual Min Total Time": 0.081, "Actual Max Total Time": 0.081, "Filter": "((info)::text = 'bottom 10 rank'::text)", "Rows Removed by Filter": 111, "Actual Rows": 1}], "Actual Rows": 16}, {"Node Type": "Seq Scan", "Parent Relationship": "Inner", "Relation Name": "movie_info_idx", "Alias": "mi_idx", "Startup Cost": 0.0, "Total Cost": 16267.15, "Plan Rows": 1380034, "Plan Width": 8, "Actual Min Startup Time": 0.037, "Actual Max Startup Time": 0.099, "Actual Min Total Time": 18.623, "Actual Max Total Time": 22.145, "Actual Rows": 1380034}], "Actual Rows": 10}], "Actual Rows": 160}, {"Node Type": "Hash", "Parent Relationship": "Inner", "Startup Cost": 19149.37, "Total Cost": 19149.37, "Plan Rows": 1381886, "Plan Width": 25, "Actual Min Startup Time": 89.69, "Actual Max Startup Time": 97.992, "Actual Min Total Time": 89.69, "Actual Max Total Time": 97.992, "Max Hash Buckets": 131072, "Min Hash Buckets": 131072, "Max Hash Batches": 1, "Min Hash Batches": 1, "Max Original Hash Batches": 1, "Min Original Hash Batches": 1, "Max Peak Memory Usage": 5066, "min Peak Memory Usage": 5066, "Plans": [{"Node Type": "Seq Scan", "Parent Relationship": "Outer", "Relation Name": "title", "Alias": "t", "Startup Cost": 0.0, "Total Cost": 19149.37, "Plan Rows": 1381886, "Plan Width": 25, "Actual Min Startup Time": 0.027, "Actual Max Startup Time": 0.045, "Actual Min Total Time": 61.934, "Actual Max Total Time": 69.455, "Filter": "(production_year > 2000), (LLVM Optimized)", "Rows Removed by Filter": 1146858, "Actual Rows": 1381453}], "Actual Rows": 1381453}], "Actual Rows": 6}], "Actual Rows": 6}, {"Node Type": "Hash", "Parent Relationship": "Inner", "Startup Cost": 54189.55, "Total Cost": 54189.55, "Plan Rows": 1304518, "Plan Width": 28, "Actual Min Startup Time": 91.078, "Actual Max Startup Time": 142.008, "Actual Min Total Time": 91.078, "Actual Max Total Time": 142.008, "Max Hash Buckets": 131072, "Min Hash Buckets": 131072, "Max Hash Batches": 1, "Min Hash Batches": 1, "Max Original Hash Batches": 1, "Min Original Hash Batches": 1, "Max Peak Memory Usage": 494, "min Peak Memory Usage": 494, "Plans": [{"Node Type": "Streaming(type: LOCAL REDISTRIBUTE dop: 16/16)", "Parent Relationship": "Outer", "Startup Cost": 15001.4, "Total Cost": 54189.55, "Plan Rows": 1304518, "Plan Width": 28, "Actual Min Startup Time": 0.052, "Actual Max Startup Time": 49.718, "Actual Min Total Time": 88.056, "Actual Max Total Time": 138.917, "Plans": [{"Node Type": "Hash Join", "Parent Relationship": "Outer", "Join Type": "Inner", "Startup Cost": 15001.4, "Total Cost": 34246.65, "Plan Rows": 1304518, "Plan Width": 28, "Actual Min Startup Time": 48.49, "Actual Max Startup Time": 55.874, "Actual Min Total Time": 72.267, "Actual Max Total Time": 83.096, "Inner Unique": true, "Hash Cond": "(mc.company_type_id = ct.id), (LLVM Optimized)", "Plans": [{"Node Type": "Seq Scan", "Parent Relationship": "Outer", "Relation Name": "movie_companies", "Alias": "mc", "Startup Cost": 0.0, "Total Cost": 18021.26, "Plan Rows": 2609035, "Plan Width": 32, "Actual Min Startup Time": 0.03, "Actual Max Startup Time": 0.052, "Actual Min Total Time": 57.433, "Actual Max Total Time": 64.847, "Filter": "((note)::text !~~ '%(as Metro-Goldwyn-Mayer Pictures)%'::text), (LLVM Optimized)", "Rows Removed by Filter": 1272041, "Actual Rows": 1337087}, {"Node Type": "Hash", "Parent Relationship": "Inner", "Startup Cost": 15001.38, "Total Cost": 15001.38, "Plan Rows": 16, "Plan Width": 4, "Actual Min Startup Time": 0.012, "Actual Max Startup Time": 0.027, "Actual Min Total Time": 0.012, "Actual Max Total Time": 0.027, "Max Hash Buckets": 32768, "Min Hash Buckets": 32768, "Max Hash Batches": 1, "Min Hash Batches": 1, "Max Original Hash Batches": 1, "Min Original Hash Batches": 1, "Max Peak Memory Usage": 1, "min Peak Memory Usage": 1, "Plans": [{"Node Type": "Streaming(type: BROADCAST dop: 16/1)", "Parent Relationship": "Outer", "Startup Cost": 0.0, "Total Cost": 15001.38, "Plan Rows": 16, "Plan Width": 4, "Actual Min Startup Time": 0.003, "Actual Max Startup Time": 0.008, "Actual Min Total Time": 0.003, "Actual Max Total Time": 0.009, "Plans": [{"Node Type": "Seq Scan", "Parent Relationship": "Outer", "Relation Name": "company_type", "Alias": "ct", "Startup Cost": 0.0, "Total Cost": 1.04, "Plan Rows": 1, "Plan Width": 4, "Actual Min Startup Time": 0.034, "Actual Max Startup Time": 0.034, "Actual Min Total Time": 0.037, "Actual Max Total Time": 0.037, "Filter": "((kind)::text = 'production companies'::text)", "Rows Removed by Filter": 2, "Actual Rows": 1}], "Actual Rows": 16}], "Actual Rows": 16}], "Actual Rows": 140904}], "Actual Rows": 140904}], "Actual Rows": 140904}], "Actual Rows": 4}], "Actual Rows": 16}], "Actual Rows": 16}], "Actual Rows": 1}, "Triggers": [], "Planner Runtime": 22, "Total Runtime": 318.495, "Unique SQL Id": 2492542741}}, "(16, 45)": {"explain_plan": {"Plan": {"Node Type": "Aggregate", "Strategy": "Plain", "Startup Cost": 289841.3, "Total Cost": 289841.33, "Plan Rows": 1, "Plan Width": 113, "Plans": [{"Node Type": "Streaming(type: LOCAL GATHER dop: 1/16)", "Parent Relationship": "Outer", "Startup Cost": 289841.3, "Total Cost": 289841.33, "Plan Rows": 1, "Plan Width": 113, "Plans": [{"Node Type": "Aggregate", "Strategy": "Plain", "Parent Relationship": "Outer", "Startup Cost": 289841.3, "Total Cost": 289841.31, "Plan Rows": 1, "Plan Width": 113, "Plans": [{"Node Type": "Hash Join", "Parent Relationship": "Outer", "Join Type": "Inner", "Startup Cost": 140318.89, "Total Cost": 284962.1, "Plan Rows": 650559, "Plan Width": 45, "Inner Unique": false, "Hash Cond": "(t.id = mi_idx.movie_id), (LLVM Optimized)", "Plans": [{"Node Type": "Streaming(type: LOCAL REDISTRIBUTE dop: 16/16)", "Parent Relationship": "Outer", "Startup Cost": 123128.27, "Total Cost": 267031.63, "Plan Rows": 1693335, "Plan Width": 53, "Plans": [{"Node Type": "Hash Join", "Parent Relationship": "Outer", "Join Type": "Inner", "Startup Cost": 123128.27, "Total Cost": 245615.48, "Plan Rows": 1693335, "Plan Width": 53, "Inner Unique": true, "Hash Cond": "(mc.movie_id = t.id), (LLVM Optimized)", "Plans": [{"Node Type": "Streaming(type: LOCAL REDISTRIBUTE dop: 16/16)", "Parent Relationship": "Outer", "Startup Cost": 0.0, "Total Cost": 121123.13, "Plan Rows": 1304518, "Plan Width": 28, "Plans": [{"Node Type": "Nested Loop", "Parent Relationship": "Outer", "Join Type": "Inner", "Startup Cost": 0.0, "Total Cost": 101180.23, "Plan Rows": 1304518, "Plan Width": 28, "Inner Unique": false, "Join Filter": "(ct.id = mc.company_type_id), (LLVM Optimized)", "Plans": [{"Node Type": "Streaming(type: BROADCAST dop: 16/1)", "Parent Relationship": "Outer", "Startup Cost": 0.0, "Total Cost": 15012.65, "Plan Rows": 16, "Plan Width": 4, "Plans": [{"Node Type": "Index Scan", "Parent Relationship": "Outer", "Scan Direction": "Forward", "Index Name": "company_type_pkey", "Relation Name": "company_type", "Alias": "ct", "Startup Cost": 0.0, "Total Cost": 12.3, "Plan Rows": 1, "Plan Width": 4, "Filter": "((kind)::text = 'production companies'::text)"}]}, {"Node Type": "Index Scan", "Parent Relationship": "Inner", "Scan Direction": "Forward", "Index Name": "company_type_id_movie_companies", "Relation Name": "movie_companies", "Alias": "mc", "Startup Cost": 0.0, "Total Cost": 84129.27, "Plan Rows": 2609035, "Plan Width": 32, "Filter": "((note)::text !~~ '%(as Metro-Goldwyn-Mayer Pictures)%'::text), (LLVM Optimized)"}]}]}, {"Node Type": "Hash", "Parent Relationship": "Inner", "Startup Cost": 122048.67, "Total Cost": 122048.67, "Plan Rows": 1381886, "Plan Width": 25, "Plans": [{"Node Type": "Streaming(type: LOCAL REDISTRIBUTE dop: 16/16)", "Parent Relationship": "Outer", "Startup Cost": 0.0, "Total Cost": 122048.67, "Plan Rows": 1381886, "Plan Width": 25, "Plans": [{"Node Type": "Index Scan", "Parent Relationship": "Outer", "Scan Direction": "Forward", "Index Name": "title_pkey", "Relation Name": "title", "Alias": "t", "Startup Cost": 0.0, "Total Cost": 101812.62, "Plan Rows": 1381886, "Plan Width": 25, "Filter": "(production_year > 2000), (LLVM Optimized)"}]}]}]}]}, {"Node Type": "Hash", "Parent Relationship": "Inner", "Startup Cost": 67684.33, "Total Cost": 67684.33, "Plan Rows": 345008, "Plan Width": 4, "Plans": [{"Node Type": "Streaming(type: LOCAL REDISTRIBUTE dop: 16/1)", "Parent Relationship": "Outer", "Startup Cost": 0.0, "Total Cost": 67684.33, "Plan Rows": 345008, "Plan Width": 4, "Plans": [{"Node Type": "Nested Loop", "Parent Relationship": "Outer", "Join Type": "Inner", "Startup Cost": 0.0, "Total Cost": 38338.2, "Plan Rows": 345008, "Plan Width": 4, "Inner Unique": false, "Plans": [{"Node Type": "Index Scan", "Parent Relationship": "Outer", "Scan Direction": "Forward", "Index Name": "info_type_pkey", "Relation Name": "info_type", "Alias": "it", "Startup Cost": 0.0, "Total Cost": 14.21, "Plan Rows": 1, "Plan Width": 4, "Filter": "((info)::text = 'bottom 10 rank'::text)"}, {"Node Type": "Index Scan", "Parent Relationship": "Inner", "Scan Direction": "Forward", "Index Name": "info_type_id_movie_info_idx", "Relation Name": "movie_info_idx", "Alias": "mi_idx", "Startup Cost": 0.0, "Total Cost": 34873.91, "Plan Rows": 345008, "Plan Width": 8, "Index Cond": "(info_type_id = it.id), (LLVM Optimized)"}]}]}]}]}]}]}]}, "Unique SQL Id": 2492542741, "Planner Runtime": 15}, "explain_analyze_plan": null}, "(16, 46)": {"explain_plan": {"Plan": {"Node Type": "Aggregate", "Strategy": "Plain", "Startup Cost": 160574.31, "Total Cost": 160574.34, "Plan Rows": 1, "Plan Width": 113, "Plans": [{"Node Type": "Streaming(type: LOCAL GATHER dop: 1/16)", "Parent Relationship": "Outer", "Startup Cost": 160574.31, "Total Cost": 160574.34, "Plan Rows": 1, "Plan Width": 113, "Plans": [{"Node Type": "Aggregate", "Strategy": "Plain", "Parent Relationship": "Outer", "Startup Cost": 160574.31, "Total Cost": 160574.32, "Plan Rows": 1, "Plan Width": 113, "Plans": [{"Node Type": "Hash Join", "Parent Relationship": "Outer", "Join Type": "Inner", "Startup Cost": 75437.67, "Total Cost": 155695.12, "Plan Rows": 650559, "Plan Width": 45, "Inner Unique": false, "Hash Cond": "(t.id = mc.movie_id), (LLVM Optimized)", "Plans": [{"Node Type": "Streaming(type: LOCAL REDISTRIBUTE dop: 16/16)", "Parent Relationship": "Outer", "Startup Cost": 20228.97, "Total Cost": 99863.53, "Plan Rows": 447839, "Plan Width": 29, "Plans": [{"Node Type": "Hash Join", "Parent Relationship": "Outer", "Join Type": "Inner", "Startup Cost": 20228.97, "Total Cost": 83166.64, "Plan Rows": 447839, "Plan Width": 29, "Inner Unique": true, "Hash Cond": "(mi_idx.movie_id = t.id), (LLVM Optimized)", "Plans": [{"Node Type": "Streaming(type: BROADCAST dop: 16/16)", "Parent Relationship": "Outer", "Startup Cost": 0.0, "Total Cost": 61363.99, "Plan Rows": 5520128, "Plan Width": 4, "Plans": [{"Node Type": "Nested Loop", "Parent Relationship": "Outer", "Join Type": "Inner", "Startup Cost": 0.0, "Total Cost": 32348.04, "Plan Rows": 345008, "Plan Width": 4, "Inner Unique": false, "Join Filter": "(it.id = mi_idx.info_type_id), (LLVM Optimized)", "Plans": [{"Node Type": "Streaming(type: BROADCAST dop: 16/1)", "Parent Relationship": "Outer", "Startup Cost": 0.0, "Total Cost": 15002.75, "Plan Rows": 16, "Plan Width": 4, "Plans": [{"Node Type": "Seq Scan", "Parent Relationship": "Outer", "Relation Name": "info_type", "Alias": "it", "Startup Cost": 0.0, "Total Cost": 2.4, "Plan Rows": 1, "Plan Width": 4, "Filter": "((info)::text = 'bottom 10 rank'::text)"}]}, {"Node Type": "Seq Scan", "Parent Relationship": "Inner", "Relation Name": "movie_info_idx", "Alias": "mi_idx", "Startup Cost": 0.0, "Total Cost": 16267.15, "Plan Rows": 1380034, "Plan Width": 8}]}]}, {"Node Type": "Hash", "Parent Relationship": "Inner", "Startup Cost": 19149.37, "Total Cost": 19149.37, "Plan Rows": 1381886, "Plan Width": 25, "Plans": [{"Node Type": "Seq Scan", "Parent Relationship": "Outer", "Relation Name": "title", "Alias": "t", "Startup Cost": 0.0, "Total Cost": 19149.37, "Plan Rows": 1381886, "Plan Width": 25, "Filter": "(production_year > 2000), (LLVM Optimized)"}]}]}]}, {"Node Type": "Hash", "Parent Relationship": "Inner", "Startup Cost": 54189.55, "Total Cost": 54189.55, "Plan Rows": 1304518, "Plan Width": 28, "Plans": [{"Node Type": "Streaming(type: LOCAL REDISTRIBUTE dop: 16/16)", "Parent Relationship": "Outer", "Startup Cost": 15001.4, "Total Cost": 54189.55, "Plan Rows": 1304518, "Plan Width": 28, "Plans": [{"Node Type": "Hash Join", "Parent Relationship": "Outer", "Join Type": "Inner", "Startup Cost": 15001.4, "Total Cost": 34246.65, "Plan Rows": 1304518, "Plan Width": 28, "Inner Unique": true, "Hash Cond": "(mc.company_type_id = ct.id), (LLVM Optimized)", "Plans": [{"Node Type": "Seq Scan", "Parent Relationship": "Outer", "Relation Name": "movie_companies", "Alias": "mc", "Startup Cost": 0.0, "Total Cost": 18021.26, "Plan Rows": 2609035, "Plan Width": 32, "Filter": "((note)::text !~~ '%(as Metro-Goldwyn-Mayer Pictures)%'::text), (LLVM Optimized)"}, {"Node Type": "Hash", "Parent Relationship": "Inner", "Startup Cost": 15001.38, "Total Cost": 15001.38, "Plan Rows": 16, "Plan Width": 4, "Plans": [{"Node Type": "Streaming(type: BROADCAST dop: 16/1)", "Parent Relationship": "Outer", "Startup Cost": 0.0, "Total Cost": 15001.38, "Plan Rows": 16, "Plan Width": 4, "Plans": [{"Node Type": "Seq Scan", "Parent Relationship": "Outer", "Relation Name": "company_type", "Alias": "ct", "Startup Cost": 0.0, "Total Cost": 1.04, "Plan Rows": 1, "Plan Width": 4, "Filter": "((kind)::text = 'production companies'::text)"}]}]}]}]}]}]}]}]}]}, "Unique SQL Id": 2492542741, "Planner Runtime": 22}, "explain_analyze_plan": {"Plan": {"Node Type": "Aggregate", "Strategy": "Plain", "Startup Cost": 160574.31, "Total Cost": 160574.34, "Plan Rows": 1, "Plan Width": 113, "Actual Min Startup Time": 294.631, "Actual Max Startup Time": 294.631, "Actual Min Total Time": 294.631, "Actual Max Total Time": 294.631, "Plans": [{"Node Type": "Streaming(type: LOCAL GATHER dop: 1/16)", "Parent Relationship": "Outer", "Startup Cost": 160574.31, "Total Cost": 160574.34, "Plan Rows": 1, "Plan Width": 113, "Actual Min Startup Time": 294.32, "Actual Max Startup Time": 294.32, "Actual Min Total Time": 294.607, "Actual Max Total Time": 294.607, "Plans": [{"Node Type": "Aggregate", "Strategy": "Plain", "Parent Relationship": "Outer", "Startup Cost": 160574.31, "Total Cost": 160574.32, "Plan Rows": 1, "Plan Width": 113, "Actual Min Startup Time": 93.315, "Actual Max Startup Time": 144.24, "Actual Min Total Time": 93.315, "Actual Max Total Time": 144.24, "Plans": [{"Node Type": "Hash Join", "Parent Relationship": "Outer", "Join Type": "Inner", "Startup Cost": 75437.67, "Total Cost": 155695.12, "Plan Rows": 650559, "Plan Width": 45, "Actual Min Startup Time": 93.31, "Actual Max Startup Time": 144.232, "Actual Min Total Time": 93.31, "Actual Max Total Time": 144.232, "Inner Unique": false, "Hash Cond": "(t.id = mc.movie_id), (LLVM Optimized)", "Plans": [{"Node Type": "Streaming(type: LOCAL REDISTRIBUTE dop: 16/16)", "Parent Relationship": "Outer", "Startup Cost": 20228.97, "Total Cost": 99863.53, "Plan Rows": 447839, "Plan Width": 29, "Actual Min Startup Time": 0.026, "Actual Max Startup Time": 2.09, "Actual Min Total Time": 2.001, "Actual Max Total Time": 2.09, "Plans": [{"Node Type": "Hash Join", "Parent Relationship": "Outer", "Join Type": "Inner", "Startup Cost": 20228.97, "Total Cost": 83166.64, "Plan Rows": 447839, "Plan Width": 29, "Actual Min Startup Time": 89.837, "Actual Max Startup Time": 98.162, "Actual Min Total Time": 89.837, "Actual Max Total Time": 98.162, "Inner Unique": true, "Hash Cond": "(mi_idx.movie_id = t.id), (LLVM Optimized)", "Plans": [{"Node Type": "Streaming(type: BROADCAST dop: 16/16)", "Parent Relationship": "Outer", "Startup Cost": 0.0, "Total Cost": 61363.99, "Plan Rows": 5520128, "Plan Width": 4, "Actual Min Startup Time": 0.026, "Actual Max Startup Time": 0.057, "Actual Min Total Time": 0.028, "Actual Max Total Time": 0.059, "Plans": [{"Node Type": "Nested Loop", "Parent Relationship": "Outer", "Join Type": "Inner", "Startup Cost": 0.0, "Total Cost": 32348.04, "Plan Rows": 345008, "Plan Width": 4, "Actual Min Startup Time": 34.818, "Actual Max Startup Time": 48.797, "Actual Min Total Time": 34.818, "Actual Max Total Time": 48.797, "Inner Unique": false, "Join Filter": "(it.id = mi_idx.info_type_id), (LLVM Optimized)", "Rows Removed by Join Filter": 1380024, "Plans": [{"Node Type": "Streaming(type: BROADCAST dop: 16/1)", "Parent Relationship": "Outer", "Startup Cost": 0.0, "Total Cost": 15002.75, "Plan Rows": 16, "Plan Width": 4, "Actual Min Startup Time": 0.003, "Actual Max Startup Time": 11.925, "Actual Min Total Time": 0.004, "Actual Max Total Time": 11.925, "Plans": [{"Node Type": "Seq Scan", "Parent Relationship": "Outer", "Relation Name": "info_type", "Alias": "it", "Startup Cost": 0.0, "Total Cost": 2.4, "Plan Rows": 1, "Plan Width": 4, "Actual Min Startup Time": 0.077, "Actual Max Startup Time": 0.077, "Actual Min Total Time": 0.081, "Actual Max Total Time": 0.081, "Filter": "((info)::text = 'bottom 10 rank'::text)", "Rows Removed by Filter": 111, "Actual Rows": 1}], "Actual Rows": 16}, {"Node Type": "Seq Scan", "Parent Relationship": "Inner", "Relation Name": "movie_info_idx", "Alias": "mi_idx", "Startup Cost": 0.0, "Total Cost": 16267.15, "Plan Rows": 1380034, "Plan Width": 8, "Actual Min Startup Time": 0.037, "Actual Max Startup Time": 0.099, "Actual Min Total Time": 18.623, "Actual Max Total Time": 22.145, "Actual Rows": 1380034}], "Actual Rows": 10}], "Actual Rows": 160}, {"Node Type": "Hash", "Parent Relationship": "Inner", "Startup Cost": 19149.37, "Total Cost": 19149.37, "Plan Rows": 1381886, "Plan Width": 25, "Actual Min Startup Time": 89.69, "Actual Max Startup Time": 97.992, "Actual Min Total Time": 89.69, "Actual Max Total Time": 97.992, "Max Hash Buckets": 131072, "Min Hash Buckets": 131072, "Max Hash Batches": 1, "Min Hash Batches": 1, "Max Original Hash Batches": 1, "Min Original Hash Batches": 1, "Max Peak Memory Usage": 5066, "min Peak Memory Usage": 5066, "Plans": [{"Node Type": "Seq Scan", "Parent Relationship": "Outer", "Relation Name": "title", "Alias": "t", "Startup Cost": 0.0, "Total Cost": 19149.37, "Plan Rows": 1381886, "Plan Width": 25, "Actual Min Startup Time": 0.027, "Actual Max Startup Time": 0.045, "Actual Min Total Time": 61.934, "Actual Max Total Time": 69.455, "Filter": "(production_year > 2000), (LLVM Optimized)", "Rows Removed by Filter": 1146858, "Actual Rows": 1381453}], "Actual Rows": 1381453}], "Actual Rows": 6}], "Actual Rows": 6}, {"Node Type": "Hash", "Parent Relationship": "Inner", "Startup Cost": 54189.55, "Total Cost": 54189.55, "Plan Rows": 1304518, "Plan Width": 28, "Actual Min Startup Time": 91.078, "Actual Max Startup Time": 142.008, "Actual Min Total Time": 91.078, "Actual Max Total Time": 142.008, "Max Hash Buckets": 131072, "Min Hash Buckets": 131072, "Max Hash Batches": 1, "Min Hash Batches": 1, "Max Original Hash Batches": 1, "Min Original Hash Batches": 1, "Max Peak Memory Usage": 494, "min Peak Memory Usage": 494, "Plans": [{"Node Type": "Streaming(type: LOCAL REDISTRIBUTE dop: 16/16)", "Parent Relationship": "Outer", "Startup Cost": 15001.4, "Total Cost": 54189.55, "Plan Rows": 1304518, "Plan Width": 28, "Actual Min Startup Time": 0.052, "Actual Max Startup Time": 49.718, "Actual Min Total Time": 88.056, "Actual Max Total Time": 138.917, "Plans": [{"Node Type": "Hash Join", "Parent Relationship": "Outer", "Join Type": "Inner", "Startup Cost": 15001.4, "Total Cost": 34246.65, "Plan Rows": 1304518, "Plan Width": 28, "Actual Min Startup Time": 48.49, "Actual Max Startup Time": 55.874, "Actual Min Total Time": 72.267, "Actual Max Total Time": 83.096, "Inner Unique": true, "Hash Cond": "(mc.company_type_id = ct.id), (LLVM Optimized)", "Plans": [{"Node Type": "Seq Scan", "Parent Relationship": "Outer", "Relation Name": "movie_companies", "Alias": "mc", "Startup Cost": 0.0, "Total Cost": 18021.26, "Plan Rows": 2609035, "Plan Width": 32, "Actual Min Startup Time": 0.03, "Actual Max Startup Time": 0.052, "Actual Min Total Time": 57.433, "Actual Max Total Time": 64.847, "Filter": "((note)::text !~~ '%(as Metro-Goldwyn-Mayer Pictures)%'::text), (LLVM Optimized)", "Rows Removed by Filter": 1272041, "Actual Rows": 1337087}, {"Node Type": "Hash", "Parent Relationship": "Inner", "Startup Cost": 15001.38, "Total Cost": 15001.38, "Plan Rows": 16, "Plan Width": 4, "Actual Min Startup Time": 0.012, "Actual Max Startup Time": 0.027, "Actual Min Total Time": 0.012, "Actual Max Total Time": 0.027, "Max Hash Buckets": 32768, "Min Hash Buckets": 32768, "Max Hash Batches": 1, "Min Hash Batches": 1, "Max Original Hash Batches": 1, "Min Original Hash Batches": 1, "Max Peak Memory Usage": 1, "min Peak Memory Usage": 1, "Plans": [{"Node Type": "Streaming(type: BROADCAST dop: 16/1)", "Parent Relationship": "Outer", "Startup Cost": 0.0, "Total Cost": 15001.38, "Plan Rows": 16, "Plan Width": 4, "Actual Min Startup Time": 0.003, "Actual Max Startup Time": 0.008, "Actual Min Total Time": 0.003, "Actual Max Total Time": 0.009, "Plans": [{"Node Type": "Seq Scan", "Parent Relationship": "Outer", "Relation Name": "company_type", "Alias": "ct", "Startup Cost": 0.0, "Total Cost": 1.04, "Plan Rows": 1, "Plan Width": 4, "Actual Min Startup Time": 0.034, "Actual Max Startup Time": 0.034, "Actual Min Total Time": 0.037, "Actual Max Total Time": 0.037, "Filter": "((kind)::text = 'production companies'::text)", "Rows Removed by Filter": 2, "Actual Rows": 1}], "Actual Rows": 16}], "Actual Rows": 16}], "Actual Rows": 140904}], "Actual Rows": 140904}], "Actual Rows": 140904}], "Actual Rows": 4}], "Actual Rows": 16}], "Actual Rows": 16}], "Actual Rows": 1}, "Triggers": [], "Planner Runtime": 22, "Total Runtime": 318.495, "Unique SQL Id": 2492542741}}, "(16, 47)": {"explain_plan": {"Plan": {"Node Type": "Aggregate", "Strategy": "Plain", "Startup Cost": 5015944704164.11, "Total Cost": 5015944704164.12, "Plan Rows": 1, "Plan Width": 113, "Plans": [{"Node Type": "Nested Loop", "Parent Relationship": "Outer", "Join Type": "Inner", "Startup Cost": 50000000000.0, "Total Cost": 5015944699284.92, "Plan Rows": 650559, "Plan Width": 45, "Inner Unique": false, "Join Filter": "(mc.movie_id = t.id), (LLVM Optimized)", "Plans": [{"Node Type": "Nested Loop", "Parent Relationship": "Outer", "Join Type": "Inner", "Startup Cost": 20000000000.0, "Total Cost": 2000013744593.91, "Plan Rows": 1304518, "Plan Width": 28, "Inner Unique": true, "Join Filter": "(ct.id = mc.company_type_id), (LLVM Optimized)", "Plans": [{"Node Type": "Index Scan", "Parent Relationship": "Outer", "Scan Direction": "Forward", "Index Name": "movie_id_movie_companies", "Relation Name": "movie_companies", "Alias": "mc", "Startup Cost": 10000000000.0, "Total Cost": 1000013704228.13, "Plan Rows": 2609035, "Plan Width": 32, "Filter": "((note)::text !~~ '%(as Metro-Goldwyn-Mayer Pictures)%'::text), (LLVM Optimized)"}, {"Node Type": "Materialize", "Parent Relationship": "Inner", "Startup Cost": 10000000000.0, "Total Cost": 1000000001230.26, "Plan Rows": 1, "Plan Width": 4, "Plans": [{"Node Type": "Index Scan", "Parent Relationship": "Outer", "Scan Direction": "Forward", "Index Name": "company_type_pkey", "Relation Name": "company_type", "Alias": "ct", "Startup Cost": 10000000000.0, "Total Cost": 1000000001230.25, "Plan Rows": 1, "Plan Width": 4, "Filter": "((kind)::text = 'production companies'::text)"}]}]}, {"Node Type": "Materialize", "Parent Relationship": "Inner", "Startup Cost": 30000000000.0, "Total Cost": 3007167745261.58, "Plan Rows": 447839, "Plan Width": 29, "Plans": [{"Node Type": "Nested Loop", "Parent Relationship": "Outer", "Join Type": "Inner", "Startup Cost": 30000000000.0, "Total Cost": 3007167743022.38, "Plan Rows": 447839, "Plan Width": 29, "Inner Unique": false, "Join Filter": "(mi_idx.movie_id = t.id), (LLVM Optimized)", "Plans": [{"Node Type": "Index Scan", "Parent Relationship": "Outer", "Scan Direction": "Forward", "Index Name": "title_pkey", "Relation Name": "title", "Alias": "t", "Startup Cost": 10000000000.0, "Total Cost": 1000011644126.66, "Plan Rows": 1381886, "Plan Width": 25, "Filter": "(production_year > 2000), (LLVM Optimized)"}, {"Node Type": "Materialize", "Parent Relationship": "Inner", "Startup Cost": 20000000000.0, "Total Cost": 2000004673881.92, "Plan Rows": 345008, "Plan Width": 4, "Plans": [{"Node Type": "Nested Loop", "Parent Relationship": "Outer", "Join Type": "Inner", "Startup Cost": 20000000000.0, "Total Cost": 2000004672156.88, "Plan Rows": 345008, "Plan Width": 4, "Inner Unique": true, "Join Filter": "(it.id = mi_idx.info_type_id), (LLVM Optimized)", "Plans": [{"Node Type": "Index Scan", "Parent Relationship": "Outer", "Scan Direction": "Forward", "Index Name": "movie_id_movie_info_idx", "Relation Name": "movie_info_idx", "Alias": "mi_idx", "Startup Cost": 10000000000.0, "Total Cost": 1000004650035.37, "Plan Rows": 1380034, "Plan Width": 8}, {"Node Type": "Materialize", "Parent Relationship": "Inner", "Startup Cost": 10000000000.0, "Total Cost": 1000000001421.0, "Plan Rows": 1, "Plan Width": 4, "Plans": [{"Node Type": "Index Scan", "Parent Relationship": "Outer", "Scan Direction": "Forward", "Index Name": "info_type_pkey", "Relation Name": "info_type", "Alias": "it", "Startup Cost": 10000000000.0, "Total Cost": 1000000001421.0, "Plan Rows": 1, "Plan Width": 4, "Filter": "((info)::text = 'bottom 10 rank'::text)"}]}]}]}]}]}]}]}, "Unique SQL Id": 2492542741, "Planner Runtime": 5}, "explain_analyze_plan": null}, "(16, 48)": {"explain_plan": {"Plan": {"Node Type": "Aggregate", "Strategy": "Plain", "Startup Cost": 346287.75, "Total Cost": 346287.76, "Plan Rows": 1, "Plan Width": 113, "Plans": [{"Node Type": "Nested Loop", "Parent Relationship": "Outer", "Join Type": "Inner", "Startup Cost": 7502.06, "Total Cost": 341503.6, "Plan Rows": 637886, "Plan Width": 45, "Inner Unique": true, "Plans": [{"Node Type": "Nested Loop", "Parent Relationship": "Outer", "Join Type": "Inner", "Startup Cost": 7502.06, "Total Cost": 166081.74, "Plan Rows": 501180, "Plan Width": 32, "Inner Unique": false, "Join Filter": "(mc.company_type_id = ct.id), (LLVM Optimized)", "Plans": [{"Node Type": "Seq Scan", "Parent Relationship": "Outer", "Relation Name": "company_type", "Alias": "ct", "Startup Cost": 0.0, "Total Cost": 1.04, "Plan Rows": 1, "Plan Width": 4, "Filter": "((kind)::text = 'production companies'::text)"}, {"Node Type": "Nested Loop", "Parent Relationship": "Inner", "Join Type": "Inner", "Startup Cost": 7502.06, "Total Cost": 155717.63, "Plan Rows": 829046, "Plan Width": 36, "Inner Unique": false, "Plans": [{"Node Type": "Nested Loop", "Parent Relationship": "Outer", "Join Type": "Inner", "Startup Cost": 7502.06, "Total Cost": 21741.14, "Plan Rows": 345008, "Plan Width": 4, "Inner Unique": false, "Plans": [{"Node Type": "Seq Scan", "Parent Relationship": "Outer", "Relation Name": "info_type", "Alias": "it", "Startup Cost": 0.0, "Total Cost": 2.4, "Plan Rows": 1, "Plan Width": 4, "Filter": "((info)::text = 'bottom 10 rank'::text)"}, {"Node Type": "Bitmap Heap Scan", "Parent Relationship": "Inner", "Relation Name": "movie_info_idx", "Alias": "mi_idx", "Startup Cost": 7502.06, "Total Cost": 18288.66, "Plan Rows": 345008, "Plan Width": 8, "Recheck Cond": "(info_type_id = it.id), (LLVM Optimized)", "Plans": [{"Node Type": "Bitmap Index Scan", "Parent Relationship": "Outer", "Index Name": "info_type_id_movie_info_idx", "Startup Cost": 0.0, "Total Cost": 7415.81, "Plan Rows": 345008, "Plan Width": 0, "Index Cond": "(info_type_id = it.id)"}]}]}, {"Node Type": "Index Scan", "Parent Relationship": "Inner", "Scan Direction": "Forward", "Index Name": "movie_id_movie_companies", "Relation Name": "movie_companies", "Alias": "mc", "Startup Cost": 0.0, "Total Cost": 0.37, "Plan Rows": 2, "Plan Width": 32, "Index Cond": "(movie_id = mi_idx.movie_id)", "Filter": "((note)::text !~~ '%(as Metro-Goldwyn-Mayer Pictures)%'::text)"}]}]}, {"Node Type": "Index Scan", "Parent Relationship": "Inner", "Scan Direction": "Forward", "Index Name": "title_pkey", "Relation Name": "title", "Alias": "t", "Startup Cost": 0.0, "Total Cost": 0.34, "Plan Rows": 1, "Plan Width": 25, "Index Cond": "(id = mc.movie_id)", "Filter": "(production_year > 2000)"}]}]}, "Unique SQL Id": 2492542741, "Planner Runtime": 3}, "explain_analyze_plan": {"Plan": {"Node Type": "Aggregate", "Strategy": "Plain", "Startup Cost": 346287.75, "Total Cost": 346287.76, "Plan Rows": 1, "Plan Width": 113, "Actual Startup Time": 0.458, "Actual Total Time": 0.458, "Actual Rows": 1, "Actual Loops": 1, "Plans": [{"Node Type": "Nested Loop", "Parent Relationship": "Outer", "Join Type": "Inner", "Startup Cost": 7502.06, "Total Cost": 341503.6, "Plan Rows": 637886, "Plan Width": 45, "Actual Startup Time": 0.34, "Actual Total Time": 0.426, "Actual Rows": 4, "Actual Loops": 1, "Inner Unique": true, "Plans": [{"Node Type": "Nested Loop", "Parent Relationship": "Outer", "Join Type": "Inner", "Startup Cost": 7502.06, "Total Cost": 166081.74, "Plan Rows": 501180, "Plan Width": 32, "Actual Startup Time": 0.213, "Actual Total Time": 0.386, "Actual Rows": 5, "Actual Loops": 1, "Inner Unique": false, "Join Filter": "(mc.company_type_id = ct.id), (LLVM Optimized)", "Rows Removed by Join Filter": 95, "Plans": [{"Node Type": "Seq Scan", "Parent Relationship": "Outer", "Relation Name": "company_type", "Alias": "ct", "Startup Cost": 0.0, "Total Cost": 1.04, "Plan Rows": 1, "Plan Width": 4, "Actual Startup Time": 0.028, "Actual Total Time": 0.029, "Actual Rows": 1, "Actual Loops": 1, "Filter": "((kind)::text = 'production companies'::text)", "Rows Removed by Filter": 2}, {"Node Type": "Nested Loop", "Parent Relationship": "Inner", "Join Type": "Inner", "Startup Cost": 7502.06, "Total Cost": 155717.63, "Plan Rows": 829046, "Plan Width": 36, "Actual Startup Time": 0.104, "Actual Total Time": 0.327, "Actual Rows": 100, "Actual Loops": 1, "Inner Unique": false, "Plans": [{"Node Type": "Nested Loop", "Parent Relationship": "Outer", "Join Type": "Inner", "Startup Cost": 7502.06, "Total Cost": 21741.14, "Plan Rows": 345008, "Plan Width": 4, "Actual Startup Time": 0.084, "Actual Total Time": 0.106, "Actual Rows": 10, "Actual Loops": 1, "Inner Unique": false, "Plans": [{"Node Type": "Seq Scan", "Parent Relationship": "Outer", "Relation Name": "info_type", "Alias": "it", "Startup Cost": 0.0, "Total Cost": 2.4, "Plan Rows": 1, "Plan Width": 4, "Actual Startup Time": 0.043, "Actual Total Time": 0.061, "Actual Rows": 1, "Actual Loops": 1, "Filter": "((info)::text = 'bottom 10 rank'::text)", "Rows Removed by Filter": 111}, {"Node Type": "Bitmap Heap Scan", "Parent Relationship": "Inner", "Relation Name": "movie_info_idx", "Alias": "mi_idx", "Startup Cost": 7502.06, "Total Cost": 18288.66, "Plan Rows": 345008, "Plan Width": 8, "Actual Startup Time": 0.037, "Actual Total Time": 0.038, "Actual Rows": 10, "Actual Loops": 1, "Recheck Cond": "(info_type_id = it.id), (LLVM Optimized)", "Rows Removed by Index Recheck": 0, "Exact Heap Blocks": 1, "Lossy Heap Blocks": 1, "Plans": [{"Node Type": "Bitmap Index Scan", "Parent Relationship": "Outer", "Index Name": "info_type_id_movie_info_idx", "Startup Cost": 0.0, "Total Cost": 7415.81, "Plan Rows": 345008, "Plan Width": 0, "Actual Startup Time": 0.023, "Actual Total Time": 0.023, "Actual Rows": 10, "Actual Loops": 1, "Index Cond": "(info_type_id = it.id)"}]}]}, {"Node Type": "Index Scan", "Parent Relationship": "Inner", "Scan Direction": "Forward", "Index Name": "movie_id_movie_companies", "Relation Name": "movie_companies", "Alias": "mc", "Startup Cost": 0.0, "Total Cost": 0.37, "Plan Rows": 2, "Plan Width": 32, "Actual Startup Time": 0.095, "Actual Total Time": 0.191, "Actual Rows": 100, "Actual Loops": 10, "Index Cond": "(movie_id = mi_idx.movie_id)", "Rows Removed by Index Recheck": 0, "Filter": "((note)::text !~~ '%(as Metro-Goldwyn-Mayer Pictures)%'::text)", "Rows Removed by Filter": 20}]}]}, {"Node Type": "Index Scan", "Parent Relationship": "Inner", "Scan Direction": "Forward", "Index Name": "title_pkey", "Relation Name": "title", "Alias": "t", "Startup Cost": 0.0, "Total Cost": 0.34, "Plan Rows": 1, "Plan Width": 25, "Actual Startup Time": 0.035, "Actual Total Time": 0.035, "Actual Rows": 4, "Actual Loops": 5, "Index Cond": "(id = mc.movie_id)", "Rows Removed by Index Recheck": 0, "Filter": "(production_year > 2000)", "Rows Removed by Filter": 1}]}]}, "Triggers": [], "Planner Runtime": 3, "Total Runtime": 10.215, "Unique SQL Id": 2492542741}}, "(16, 49)": {"explain_plan": {"Plan": {"Node Type": "Aggregate", "Strategy": "Plain", "Startup Cost": 346310.82, "Total Cost": 346310.83, "Plan Rows": 1, "Plan Width": 113, "Plans": [{"Node Type": "Nested Loop", "Parent Relationship": "Outer", "Join Type": "Inner", "Startup Cost": 7502.06, "Total Cost": 341526.68, "Plan Rows": 637886, "Plan Width": 45, "Inner Unique": true, "Plans": [{"Node Type": "Nested Loop", "Parent Relationship": "Outer", "Join Type": "Inner", "Startup Cost": 7502.06, "Total Cost": 166104.81, "Plan Rows": 501180, "Plan Width": 32, "Inner Unique": false, "Join Filter": "(mc.company_type_id = ct.id), (LLVM Optimized)", "Plans": [{"Node Type": "Index Scan", "Parent Relationship": "Outer", "Scan Direction": "Forward", "Index Name": "company_type_pkey", "Relation Name": "company_type", "Alias": "ct", "Startup Cost": 0.0, "Total Cost": 12.3, "Plan Rows": 1, "Plan Width": 4, "Filter": "((kind)::text = 'production companies'::text)"}, {"Node Type": "Nested Loop", "Parent Relationship": "Inner", "Join Type": "Inner", "Startup Cost": 7502.06, "Total Cost": 155729.44, "Plan Rows": 829046, "Plan Width": 36, "Inner Unique": false, "Plans": [{"Node Type": "Nested Loop", "Parent Relationship": "Outer", "Join Type": "Inner", "Startup Cost": 7502.06, "Total Cost": 21752.95, "Plan Rows": 345008, "Plan Width": 4, "Inner Unique": false, "Plans": [{"Node Type": "Index Scan", "Parent Relationship": "Outer", "Scan Direction": "Forward", "Index Name": "info_type_pkey", "Relation Name": "info_type", "Alias": "it", "Startup Cost": 0.0, "Total Cost": 14.21, "Plan Rows": 1, "Plan Width": 4, "Filter": "((info)::text = 'bottom 10 rank'::text)"}, {"Node Type": "Bitmap Heap Scan", "Parent Relationship": "Inner", "Relation Name": "movie_info_idx", "Alias": "mi_idx", "Startup Cost": 7502.06, "Total Cost": 18288.66, "Plan Rows": 345008, "Plan Width": 8, "Recheck Cond": "(info_type_id = it.id), (LLVM Optimized)", "Plans": [{"Node Type": "Bitmap Index Scan", "Parent Relationship": "Outer", "Index Name": "info_type_id_movie_info_idx", "Startup Cost": 0.0, "Total Cost": 7415.81, "Plan Rows": 345008, "Plan Width": 0, "Index Cond": "(info_type_id = it.id)"}]}]}, {"Node Type": "Index Scan", "Parent Relationship": "Inner", "Scan Direction": "Forward", "Index Name": "movie_id_movie_companies", "Relation Name": "movie_companies", "Alias": "mc", "Startup Cost": 0.0, "Total Cost": 0.37, "Plan Rows": 2, "Plan Width": 32, "Index Cond": "(movie_id = mi_idx.movie_id)", "Filter": "((note)::text !~~ '%(as Metro-Goldwyn-Mayer Pictures)%'::text)"}]}]}, {"Node Type": "Index Scan", "Parent Relationship": "Inner", "Scan Direction": "Forward", "Index Name": "title_pkey", "Relation Name": "title", "Alias": "t", "Startup Cost": 0.0, "Total Cost": 0.34, "Plan Rows": 1, "Plan Width": 25, "Index Cond": "(id = mc.movie_id)", "Filter": "(production_year > 2000)"}]}]}, "Unique SQL Id": 2492542741, "Planner Runtime": 3}, "explain_analyze_plan": {"Plan": {"Node Type": "Aggregate", "Strategy": "Plain", "Startup Cost": 346310.82, "Total Cost": 346310.83, "Plan Rows": 1, "Plan Width": 113, "Actual Startup Time": 0.393, "Actual Total Time": 0.393, "Actual Rows": 1, "Actual Loops": 1, "Plans": [{"Node Type": "Nested Loop", "Parent Relationship": "Outer", "Join Type": "Inner", "Startup Cost": 7502.06, "Total Cost": 341526.68, "Plan Rows": 637886, "Plan Width": 45, "Actual Startup Time": 0.311, "Actual Total Time": 0.377, "Actual Rows": 4, "Actual Loops": 1, "Inner Unique": true, "Plans": [{"Node Type": "Nested Loop", "Parent Relationship": "Outer", "Join Type": "Inner", "Startup Cost": 7502.06, "Total Cost": 166104.81, "Plan Rows": 501180, "Plan Width": 32, "Actual Startup Time": 0.199, "Actual Total Time": 0.341, "Actual Rows": 5, "Actual Loops": 1, "Inner Unique": false, "Join Filter": "(mc.company_type_id = ct.id), (LLVM Optimized)", "Rows Removed by Join Filter": 95, "Plans": [{"Node Type": "Index Scan", "Parent Relationship": "Outer", "Scan Direction": "Forward", "Index Name": "company_type_pkey", "Relation Name": "company_type", "Alias": "ct", "Startup Cost": 0.0, "Total Cost": 12.3, "Plan Rows": 1, "Plan Width": 4, "Actual Startup Time": 0.027, "Actual Total Time": 0.029, "Actual Rows": 1, "Actual Loops": 1, "Filter": "((kind)::text = 'production companies'::text)", "Rows Removed by Filter": 2}, {"Node Type": "Nested Loop", "Parent Relationship": "Inner", "Join Type": "Inner", "Startup Cost": 7502.06, "Total Cost": 155729.44, "Plan Rows": 829046, "Plan Width": 36, "Actual Startup Time": 0.102, "Actual Total Time": 0.289, "Actual Rows": 100, "Actual Loops": 1, "Inner Unique": false, "Plans": [{"Node Type": "Nested Loop", "Parent Relationship": "Outer", "Join Type": "Inner", "Startup Cost": 7502.06, "Total Cost": 21752.95, "Plan Rows": 345008, "Plan Width": 4, "Actual Startup Time": 0.088, "Actual Total Time": 0.095, "Actual Rows": 10, "Actual Loops": 1, "Inner Unique": false, "Plans": [{"Node Type": "Index Scan", "Parent Relationship": "Outer", "Scan Direction": "Forward", "Index Name": "info_type_pkey", "Relation Name": "info_type", "Alias": "it", "Startup Cost": 0.0, "Total Cost": 14.21, "Plan Rows": 1, "Plan Width": 4, "Actual Startup Time": 0.06, "Actual Total Time": 0.061, "Actual Rows": 1, "Actual Loops": 1, "Filter": "((info)::text = 'bottom 10 rank'::text)", "Rows Removed by Filter": 111}, {"Node Type": "Bitmap Heap Scan", "Parent Relationship": "Inner", "Relation Name": "movie_info_idx", "Alias": "mi_idx", "Startup Cost": 7502.06, "Total Cost": 18288.66, "Plan Rows": 345008, "Plan Width": 8, "Actual Startup Time": 0.022, "Actual Total Time": 0.025, "Actual Rows": 10, "Actual Loops": 1, "Recheck Cond": "(info_type_id = it.id), (LLVM Optimized)", "Rows Removed by Index Recheck": 0, "Exact Heap Blocks": 1, "Lossy Heap Blocks": 1, "Plans": [{"Node Type": "Bitmap Index Scan", "Parent Relationship": "Outer", "Index Name": "info_type_id_movie_info_idx", "Startup Cost": 0.0, "Total Cost": 7415.81, "Plan Rows": 345008, "Plan Width": 0, "Actual Startup Time": 0.013, "Actual Total Time": 0.013, "Actual Rows": 10, "Actual Loops": 1, "Index Cond": "(info_type_id = it.id)"}]}]}, {"Node Type": "Index Scan", "Parent Relationship": "Inner", "Scan Direction": "Forward", "Index Name": "movie_id_movie_companies", "Relation Name": "movie_companies", "Alias": "mc", "Startup Cost": 0.0, "Total Cost": 0.37, "Plan Rows": 2, "Plan Width": 32, "Actual Startup Time": 0.079, "Actual Total Time": 0.163, "Actual Rows": 100, "Actual Loops": 10, "Index Cond": "(movie_id = mi_idx.movie_id)", "Rows Removed by Index Recheck": 0, "Filter": "((note)::text !~~ '%(as Metro-Goldwyn-Mayer Pictures)%'::text)", "Rows Removed by Filter": 20}]}]}, {"Node Type": "Index Scan", "Parent Relationship": "Inner", "Scan Direction": "Forward", "Index Name": "title_pkey", "Relation Name": "title", "Alias": "t", "Startup Cost": 0.0, "Total Cost": 0.34, "Plan Rows": 1, "Plan Width": 25, "Actual Startup Time": 0.027, "Actual Total Time": 0.027, "Actual Rows": 4, "Actual Loops": 5, "Index Cond": "(id = mc.movie_id)", "Rows Removed by Index Recheck": 0, "Filter": "(production_year > 2000)", "Rows Removed by Filter": 1}]}]}, "Triggers": [], "Planner Runtime": 2, "Total Runtime": 9.992, "Unique SQL Id": 2492542741}}, "(16, 50)": {"explain_plan": {"Plan": {"Node Type": "Aggregate", "Strategy": "Plain", "Startup Cost": 3489663.8, "Total Cost": 3489663.81, "Plan Rows": 1, "Plan Width": 113, "Plans": [{"Node Type": "Nested Loop", "Parent Relationship": "Outer", "Join Type": "Inner", "Startup Cost": 0.58, "Total Cost": 3484879.66, "Plan Rows": 637886, "Plan Width": 45, "Inner Unique": false, "Join Filter": "(mc.company_type_id = ct.id), (LLVM Optimized)", "Plans": [{"Node Type": "Seq Scan", "Parent Relationship": "Outer", "Relation Name": "company_type", "Alias": "ct", "Startup Cost": 0.0, "Total Cost": 1.04, "Plan Rows": 1, "Plan Width": 4, "Filter": "((kind)::text = 'production companies'::text)"}, {"Node Type": "Materialize", "Parent Relationship": "Inner", "Startup Cost": 0.58, "Total Cost": 3474326.78, "Plan Rows": 1055184, "Plan Width": 49, "Plans": [{"Node Type": "Nested Loop", "Parent Relationship": "Outer", "Join Type": "Inner", "Startup Cost": 0.58, "Total Cost": 3471688.82, "Plan Rows": 1055184, "Plan Width": 49, "Inner Unique": false, "Plans": [{"Node Type": "Nested Loop", "Parent Relationship": "Outer", "Join Type": "Inner", "Startup Cost": 0.28, "Total Cost": 1526630.02, "Plan Rows": 447839, "Plan Width": 29, "Inner Unique": true, "Plans": [{"Node Type": "Streaming(type: LOCAL GATHER dop: 1/16)", "Parent Relationship": "Outer", "Startup Cost": 0.0, "Total Cost": 39794.02, "Plan Rows": 345008, "Plan Width": 4, "Plans": [{"Node Type": "Nested Loop", "Parent Relationship": "Outer", "Join Type": "Inner", "Startup Cost": 0.0, "Total Cost": 32348.04, "Plan Rows": 345008, "Plan Width": 4, "Inner Unique": false, "Join Filter": "(it.id = mi_idx.info_type_id), (LLVM Optimized)", "Plans": [{"Node Type": "Streaming(type: BROADCAST dop: 16/1)", "Parent Relationship": "Outer", "Startup Cost": 0.0, "Total Cost": 15002.75, "Plan Rows": 16, "Plan Width": 4, "Plans": [{"Node Type": "Seq Scan", "Parent Relationship": "Outer", "Relation Name": "info_type", "Alias": "it", "Startup Cost": 0.0, "Total Cost": 2.4, "Plan Rows": 1, "Plan Width": 4, "Filter": "((info)::text = 'bottom 10 rank'::text)"}]}, {"Node Type": "Seq Scan", "Parent Relationship": "Inner", "Relation Name": "movie_info_idx", "Alias": "mi_idx", "Startup Cost": 0.0, "Total Cost": 16267.15, "Plan Rows": 1380034, "Plan Width": 8}]}]}, {"Node Type": "Bitmap Heap Scan", "Parent Relationship": "Inner", "Relation Name": "title", "Alias": "t", "Startup Cost": 0.28, "Total Cost": 4.3, "Plan Rows": 1, "Plan Width": 25, "Recheck Cond": "(id = mi_idx.movie_id)", "Filter": "(production_year > 2000)", "Plans": [{"Node Type": "Bitmap Index Scan", "Parent Relationship": "Outer", "Index Name": "title_pkey", "Startup Cost": 0.0, "Total Cost": 0.28, "Plan Rows": 1, "Plan Width": 0, "Index Cond": "(id = mi_idx.movie_id)"}]}]}, {"Node Type": "Bitmap Heap Scan", "Parent Relationship": "Inner", "Relation Name": "movie_companies", "Alias": "mc", "Startup Cost": 0.29, "Total Cost": 4.32, "Plan Rows": 2, "Plan Width": 32, "Recheck Cond": "(movie_id = t.id)", "Filter": "((note)::text !~~ '%(as Metro-Goldwyn-Mayer Pictures)%'::text)", "Plans": [{"Node Type": "Bitmap Index Scan", "Parent Relationship": "Outer", "Index Name": "movie_id_movie_companies", "Startup Cost": 0.0, "Total Cost": 0.29, "Plan Rows": 2, "Plan Width": 0, "Index Cond": "(movie_id = t.id)"}]}]}]}]}]}, "Unique SQL Id": 2492542741, "Planner Runtime": 4}, "explain_analyze_plan": {"Plan": {"Node Type": "Aggregate", "Strategy": "Plain", "Startup Cost": 3489663.8, "Total Cost": 3489663.81, "Plan Rows": 1, "Plan Width": 113, "Actual Min Startup Time": 83.688, "Actual Max Startup Time": 83.688, "Actual Min Total Time": 83.689, "Actual Max Total Time": 83.689, "Plans": [{"Node Type": "Nested Loop", "Parent Relationship": "Outer", "Join Type": "Inner", "Startup Cost": 0.58, "Total Cost": 3484879.66, "Plan Rows": 637886, "Plan Width": 45, "Actual Min Startup Time": 83.649, "Actual Max Startup Time": 83.649, "Actual Min Total Time": 83.663, "Actual Max Total Time": 83.663, "Inner Unique": false, "Join Filter": "(mc.company_type_id = ct.id), (LLVM Optimized)", "Rows Removed by Join Filter": 74, "Plans": [{"Node Type": "Seq Scan", "Parent Relationship": "Outer", "Relation Name": "company_type", "Alias": "ct", "Startup Cost": 0.0, "Total Cost": 1.04, "Plan Rows": 1, "Plan Width": 4, "Actual Min Startup Time": 0.012, "Actual Max Startup Time": 0.012, "Actual Min Total Time": 0.014, "Actual Max Total Time": 0.014, "Filter": "((kind)::text = 'production companies'::text)", "Rows Removed by Filter": 2, "Actual Rows": 1}, {"Node Type": "Materialize", "Parent Relationship": "Inner", "Startup Cost": 0.58, "Total Cost": 3474326.78, "Plan Rows": 1055184, "Plan Width": 49, "Actual Min Startup Time": 83.608, "Actual Max Startup Time": 83.608, "Actual Min Total Time": 83.617, "Actual Max Total Time": 83.617, "Plans": [{"Node Type": "Nested Loop", "Parent Relationship": "Outer", "Join Type": "Inner", "Startup Cost": 0.58, "Total Cost": 3471688.82, "Plan Rows": 1055184, "Plan Width": 49, "Actual Min Startup Time": 83.328, "Actual Max Startup Time": 83.328, "Actual Min Total Time": 83.563, "Actual Max Total Time": 83.563, "Inner Unique": false, "Plans": [{"Node Type": "Nested Loop", "Parent Relationship": "Outer", "Join Type": "Inner", "Startup Cost": 0.28, "Total Cost": 1526630.02, "Plan Rows": 447839, "Plan Width": 29, "Actual Min Startup Time": 83.292, "Actual Max Startup Time": 83.292, "Actual Min Total Time": 83.378, "Actual Max Total Time": 83.378, "Inner Unique": true, "Plans": [{"Node Type": "Streaming(type: LOCAL GATHER dop: 1/16)", "Parent Relationship": "Outer", "Startup Cost": 0.0, "Total Cost": 39794.02, "Plan Rows": 345008, "Plan Width": 4, "Actual Min Startup Time": 83.176, "Actual Max Startup Time": 83.176, "Actual Min Total Time": 83.177, "Actual Max Total Time": 83.177, "Plans": [{"Node Type": "Nested Loop", "Parent Relationship": "Outer", "Join Type": "Inner", "Startup Cost": 0.0, "Total Cost": 32348.04, "Plan Rows": 345008, "Plan Width": 4, "Actual Min Startup Time": 34.797, "Actual Max Startup Time": 41.126, "Actual Min Total Time": 34.797, "Actual Max Total Time": 41.133, "Inner Unique": false, "Join Filter": "(it.id = mi_idx.info_type_id), (LLVM Optimized)", "Rows Removed by Join Filter": 1380024, "Plans": [{"Node Type": "Streaming(type: BROADCAST dop: 16/1)", "Parent Relationship": "Outer", "Startup Cost": 0.0, "Total Cost": 15002.75, "Plan Rows": 16, "Plan Width": 4, "Actual Min Startup Time": 0.003, "Actual Max Startup Time": 0.009, "Actual Min Total Time": 0.004, "Actual Max Total Time": 0.013, "Plans": [{"Node Type": "Seq Scan", "Parent Relationship": "Outer", "Relation Name": "info_type", "Alias": "it", "Startup Cost": 0.0, "Total Cost": 2.4, "Plan Rows": 1, "Plan Width": 4, "Actual Min Startup Time": 0.081, "Actual Max Startup Time": 0.081, "Actual Min Total Time": 0.084, "Actual Max Total Time": 0.084, "Filter": "((info)::text = 'bottom 10 rank'::text)", "Rows Removed by Filter": 111, "Actual Rows": 1}], "Actual Rows": 16}, {"Node Type": "Seq Scan", "Parent Relationship": "Inner", "Relation Name": "movie_info_idx", "Alias": "mi_idx", "Startup Cost": 0.0, "Total Cost": 16267.15, "Plan Rows": 1380034, "Plan Width": 8, "Actual Min Startup Time": 0.031, "Actual Max Startup Time": 0.045, "Actual Min Total Time": 18.551, "Actual Max Total Time": 21.969, "Actual Rows": 1380034}], "Actual Rows": 10}], "Actual Rows": 10}, {"Node Type": "Bitmap Heap Scan", "Parent Relationship": "Inner", "Relation Name": "title", "Alias": "t", "Startup Cost": 0.28, "Total Cost": 4.3, "Plan Rows": 1, "Plan Width": 25, "Actual Min Startup Time": 0.168, "Actual Max Startup Time": 0.168, "Actual Min Total Time": 0.168, "Actual Max Total Time": 0.168, "Recheck Cond": "(id = mi_idx.movie_id)", "Rows Removed by Index Recheck": 0, "Filter": "(production_year > 2000)", "Rows Removed by Filter": 4, "Exact Heap Blocks": 10, "Lossy Heap Blocks": 10, "Plans": [{"Node Type": "Bitmap Index Scan", "Parent Relationship": "Outer", "Index Name": "title_pkey", "Startup Cost": 0.0, "Total Cost": 0.28, "Plan Rows": 1, "Plan Width": 0, "Actual Min Startup Time": 0.084, "Actual Max Startup Time": 0.084, "Actual Min Total Time": 0.084, "Actual Max Total Time": 0.084, "Index Cond": "(id = mi_idx.movie_id)", "Actual Rows": 10}], "Actual Rows": 6}], "Actual Rows": 6}, {"Node Type": "Bitmap Heap Scan", "Parent Relationship": "Inner", "Relation Name": "movie_companies", "Alias": "mc", "Startup Cost": 0.29, "Total Cost": 4.32, "Plan Rows": 2, "Plan Width": 32, "Actual Min Startup Time": 0.109, "Actual Max Startup Time": 0.109, "Actual Min Total Time": 0.158, "Actual Max Total Time": 0.158, "Recheck Cond": "(movie_id = t.id)", "Rows Removed by Index Recheck": 0, "Filter": "((note)::text !~~ '%(as Metro-Goldwyn-Mayer Pictures)%'::text)", "Rows Removed by Filter": 15, "Exact Heap Blocks": 13, "Lossy Heap Blocks": 13, "Plans": [{"Node Type": "Bitmap Index Scan", "Parent Relationship": "Outer", "Index Name": "movie_id_movie_companies", "Startup Cost": 0.0, "Total Cost": 0.29, "Plan Rows": 2, "Plan Width": 0, "Actual Min Startup Time": 0.058, "Actual Max Startup Time": 0.058, "Actual Min Total Time": 0.058, "Actual Max Total Time": 0.058, "Index Cond": "(movie_id = t.id)", "Actual Rows": 93}], "Actual Rows": 78}], "Actual Rows": 78}], "Actual Rows": 79}], "Actual Rows": 4}], "Actual Rows": 1}, "Triggers": [], "Planner Runtime": 4, "Total Runtime": 96.085, "Unique SQL Id": 2492542741}}, "(16, 51)": {"explain_plan": {"Plan": {"Node Type": "Aggregate", "Strategy": "Plain", "Startup Cost": 3471634.0, "Total Cost": 3471634.01, "Plan Rows": 1, "Plan Width": 113, "Plans": [{"Node Type": "Nested Loop", "Parent Relationship": "Outer", "Join Type": "Inner", "Startup Cost": 7519.72, "Total Cost": 3466849.86, "Plan Rows": 637886, "Plan Width": 45, "Inner Unique": false, "Join Filter": "(mc.company_type_id = ct.id), (LLVM Optimized)", "Plans": [{"Node Type": "Bitmap Heap Scan", "Parent Relationship": "Outer", "Relation Name": "company_type", "Alias": "ct", "Startup Cost": 8.27, "Total Cost": 12.3, "Plan Rows": 1, "Plan Width": 4, "Filter": "((kind)::text = 'production companies'::text)", "Plans": [{"Node Type": "Bitmap Index Scan", "Parent Relationship": "Outer", "Index Name": "company_type_pkey", "Startup Cost": 0.0, "Total Cost": 8.27, "Plan Rows": 3, "Plan Width": 0}]}, {"Node Type": "Nested Loop", "Parent Relationship": "Inner", "Join Type": "Inner", "Startup Cost": 7511.45, "Total Cost": 3453647.75, "Plan Rows": 1055184, "Plan Width": 49, "Inner Unique": false, "Plans": [{"Node Type": "Nested Loop", "Parent Relationship": "Outer", "Join Type": "Inner", "Startup Cost": 7511.16, "Total Cost": 1508588.95, "Plan Rows": 447839, "Plan Width": 29, "Inner Unique": true, "Plans": [{"Node Type": "Nested Loop", "Parent Relationship": "Outer", "Join Type": "Inner", "Startup Cost": 7510.87, "Total Cost": 21752.95, "Plan Rows": 345008, "Plan Width": 4, "Inner Unique": false, "Plans": [{"Node Type": "Bitmap Heap Scan", "Parent Relationship": "Outer", "Relation Name": "info_type", "Alias": "it", "Startup Cost": 8.81, "Total Cost": 14.21, "Plan Rows": 1, "Plan Width": 4, "Filter": "((info)::text = 'bottom 10 rank'::text)", "Plans": [{"Node Type": "Bitmap Index Scan", "Parent Relationship": "Outer", "Index Name": "info_type_pkey", "Startup Cost": 0.0, "Total Cost": 8.81, "Plan Rows": 112, "Plan Width": 0}]}, {"Node Type": "Bitmap Heap Scan", "Parent Relationship": "Inner", "Relation Name": "movie_info_idx", "Alias": "mi_idx", "Startup Cost": 7502.06, "Total Cost": 18288.66, "Plan Rows": 345008, "Plan Width": 8, "Recheck Cond": "(info_type_id = it.id), (LLVM Optimized)", "Plans": [{"Node Type": "Bitmap Index Scan", "Parent Relationship": "Outer", "Index Name": "info_type_id_movie_info_idx", "Startup Cost": 0.0, "Total Cost": 7415.81, "Plan Rows": 345008, "Plan Width": 0, "Index Cond": "(info_type_id = it.id)"}]}]}, {"Node Type": "Bitmap Heap Scan", "Parent Relationship": "Inner", "Relation Name": "title", "Alias": "t", "Startup Cost": 0.28, "Total Cost": 4.3, "Plan Rows": 1, "Plan Width": 25, "Recheck Cond": "(id = mi_idx.movie_id)", "Filter": "(production_year > 2000)", "Plans": [{"Node Type": "Bitmap Index Scan", "Parent Relationship": "Outer", "Index Name": "title_pkey", "Startup Cost": 0.0, "Total Cost": 0.28, "Plan Rows": 1, "Plan Width": 0, "Index Cond": "(id = mi_idx.movie_id)"}]}]}, {"Node Type": "Bitmap Heap Scan", "Parent Relationship": "Inner", "Relation Name": "movie_companies", "Alias": "mc", "Startup Cost": 0.29, "Total Cost": 4.32, "Plan Rows": 2, "Plan Width": 32, "Recheck Cond": "(movie_id = t.id)", "Filter": "((note)::text !~~ '%(as Metro-Goldwyn-Mayer Pictures)%'::text)", "Plans": [{"Node Type": "Bitmap Index Scan", "Parent Relationship": "Outer", "Index Name": "movie_id_movie_companies", "Startup Cost": 0.0, "Total Cost": 0.29, "Plan Rows": 2, "Plan Width": 0, "Index Cond": "(movie_id = t.id)"}]}]}]}]}, "Unique SQL Id": 2492542741, "Planner Runtime": 3}, "explain_analyze_plan": {"Plan": {"Node Type": "Aggregate", "Strategy": "Plain", "Startup Cost": 3471634.0, "Total Cost": 3471634.01, "Plan Rows": 1, "Plan Width": 113, "Actual Startup Time": 0.421, "Actual Total Time": 0.421, "Actual Rows": 1, "Actual Loops": 1, "Plans": [{"Node Type": "Nested Loop", "Parent Relationship": "Outer", "Join Type": "Inner", "Startup Cost": 7519.72, "Total Cost": 3466849.86, "Plan Rows": 637886, "Plan Width": 45, "Actual Startup Time": 0.345, "Actual Total Time": 0.4, "Actual Rows": 4, "Actual Loops": 1, "Inner Unique": false, "Join Filter": "(mc.company_type_id = ct.id), (LLVM Optimized)", "Rows Removed by Join Filter": 74, "Plans": [{"Node Type": "Bitmap Heap Scan", "Parent Relationship": "Outer", "Relation Name": "company_type", "Alias": "ct", "Startup Cost": 8.27, "Total Cost": 12.3, "Plan Rows": 1, "Plan Width": 4, "Actual Startup Time": 0.038, "Actual Total Time": 0.039, "Actual Rows": 1, "Actual Loops": 1, "Filter": "((kind)::text = 'production companies'::text)", "Rows Removed by Filter": 2, "Exact Heap Blocks": 1, "Lossy Heap Blocks": 1, "Plans": [{"Node Type": "Bitmap Index Scan", "Parent Relationship": "Outer", "Index Name": "company_type_pkey", "Startup Cost": 0.0, "Total Cost": 8.27, "Plan Rows": 3, "Plan Width": 0, "Actual Startup Time": 0.015, "Actual Total Time": 0.015, "Actual Rows": 3, "Actual Loops": 1}]}, {"Node Type": "Nested Loop", "Parent Relationship": "Inner", "Join Type": "Inner", "Startup Cost": 7511.45, "Total Cost": 3453647.75, "Plan Rows": 1055184, "Plan Width": 49, "Actual Startup Time": 0.128, "Actual Total Time": 0.339, "Actual Rows": 78, "Actual Loops": 1, "Inner Unique": false, "Plans": [{"Node Type": "Nested Loop", "Parent Relationship": "Outer", "Join Type": "Inner", "Startup Cost": 7511.16, "Total Cost": 1508588.95, "Plan Rows": 447839, "Plan Width": 29, "Actual Startup Time": 0.107, "Actual Total Time": 0.178, "Actual Rows": 6, "Actual Loops": 1, "Inner Unique": true, "Plans": [{"Node Type": "Nested Loop", "Parent Relationship": "Outer", "Join Type": "Inner", "Startup Cost": 7510.87, "Total Cost": 21752.95, "Plan Rows": 345008, "Plan Width": 4, "Actual Startup Time": 0.081, "Actual Total Time": 0.085, "Actual Rows": 10, "Actual Loops": 1, "Inner Unique": false, "Plans": [{"Node Type": "Bitmap Heap Scan", "Parent Relationship": "Outer", "Relation Name": "info_type", "Alias": "it", "Startup Cost": 8.81, "Total Cost": 14.21, "Plan Rows": 1, "Plan Width": 4, "Actual Startup Time": 0.059, "Actual Total Time": 0.059, "Actual Rows": 1, "Actual Loops": 1, "Filter": "((info)::text = 'bottom 10 rank'::text)", "Rows Removed by Filter": 111, "Exact Heap Blocks": 1, "Lossy Heap Blocks": 1, "Plans": [{"Node Type": "Bitmap Index Scan", "Parent Relationship": "Outer", "Index Name": "info_type_pkey", "Startup Cost": 0.0, "Total Cost": 8.81, "Plan Rows": 112, "Plan Width": 0, "Actual Startup Time": 0.011, "Actual Total Time": 0.011, "Actual Rows": 112, "Actual Loops": 1}]}, {"Node Type": "Bitmap Heap Scan", "Parent Relationship": "Inner", "Relation Name": "movie_info_idx", "Alias": "mi_idx", "Startup Cost": 7502.06, "Total Cost": 18288.66, "Plan Rows": 345008, "Plan Width": 8, "Actual Startup Time": 0.018, "Actual Total Time": 0.018, "Actual Rows": 10, "Actual Loops": 1, "Recheck Cond": "(info_type_id = it.id), (LLVM Optimized)", "Rows Removed by Index Recheck": 0, "Exact Heap Blocks": 1, "Lossy Heap Blocks": 1, "Plans": [{"Node Type": "Bitmap Index Scan", "Parent Relationship": "Outer", "Index Name": "info_type_id_movie_info_idx", "Startup Cost": 0.0, "Total Cost": 7415.81, "Plan Rows": 345008, "Plan Width": 0, "Actual Startup Time": 0.012, "Actual Total Time": 0.012, "Actual Rows": 10, "Actual Loops": 1, "Index Cond": "(info_type_id = it.id)"}]}]}, {"Node Type": "Bitmap Heap Scan", "Parent Relationship": "Inner", "Relation Name": "title", "Alias": "t", "Startup Cost": 0.28, "Total Cost": 4.3, "Plan Rows": 1, "Plan Width": 25, "Actual Startup Time": 0.075, "Actual Total Time": 0.075, "Actual Rows": 6, "Actual Loops": 10, "Recheck Cond": "(id = mi_idx.movie_id)", "Rows Removed by Index Recheck": 0, "Filter": "(production_year > 2000)", "Rows Removed by Filter": 4, "Exact Heap Blocks": 10, "Lossy Heap Blocks": 10, "Plans": [{"Node Type": "Bitmap Index Scan", "Parent Relationship": "Outer", "Index Name": "title_pkey", "Startup Cost": 0.0, "Total Cost": 0.28, "Plan Rows": 1, "Plan Width": 0, "Actual Startup Time": 0.043, "Actual Total Time": 0.043, "Actual Rows": 10, "Actual Loops": 10, "Index Cond": "(id = mi_idx.movie_id)"}]}]}, {"Node Type": "Bitmap Heap Scan", "Parent Relationship": "Inner", "Relation Name": "movie_companies", "Alias": "mc", "Startup Cost": 0.29, "Total Cost": 4.32, "Plan Rows": 2, "Plan Width": 32, "Actual Startup Time": 0.085, "Actual Total Time": 0.132, "Actual Rows": 78, "Actual Loops": 6, "Recheck Cond": "(movie_id = t.id)", "Rows Removed by Index Recheck": 0, "Filter": "((note)::text !~~ '%(as Metro-Goldwyn-Mayer Pictures)%'::text)", "Rows Removed by Filter": 15, "Exact Heap Blocks": 13, "Lossy Heap Blocks": 13, "Plans": [{"Node Type": "Bitmap Index Scan", "Parent Relationship": "Outer", "Index Name": "movie_id_movie_companies", "Startup Cost": 0.0, "Total Cost": 0.29, "Plan Rows": 2, "Plan Width": 0, "Actual Startup Time": 0.045, "Actual Total Time": 0.045, "Actual Rows": 93, "Actual Loops": 6, "Index Cond": "(movie_id = t.id)"}]}]}]}]}, "Triggers": [], "Planner Runtime": 2, "Total Runtime": 9.991, "Unique SQL Id": 2492542741}}, "(16, 52)": {"explain_plan": {"Plan": {"Node Type": "Aggregate", "Strategy": "Plain", "Startup Cost": 346287.75, "Total Cost": 346287.76, "Plan Rows": 1, "Plan Width": 113, "Plans": [{"Node Type": "Nested Loop", "Parent Relationship": "Outer", "Join Type": "Inner", "Startup Cost": 7502.06, "Total Cost": 341503.6, "Plan Rows": 637886, "Plan Width": 45, "Inner Unique": true, "Plans": [{"Node Type": "Nested Loop", "Parent Relationship": "Outer", "Join Type": "Inner", "Startup Cost": 7502.06, "Total Cost": 166081.74, "Plan Rows": 501180, "Plan Width": 32, "Inner Unique": false, "Join Filter": "(mc.company_type_id = ct.id), (LLVM Optimized)", "Plans": [{"Node Type": "Seq Scan", "Parent Relationship": "Outer", "Relation Name": "company_type", "Alias": "ct", "Startup Cost": 0.0, "Total Cost": 1.04, "Plan Rows": 1, "Plan Width": 4, "Filter": "((kind)::text = 'production companies'::text)"}, {"Node Type": "Nested Loop", "Parent Relationship": "Inner", "Join Type": "Inner", "Startup Cost": 7502.06, "Total Cost": 155717.63, "Plan Rows": 829046, "Plan Width": 36, "Inner Unique": false, "Plans": [{"Node Type": "Nested Loop", "Parent Relationship": "Outer", "Join Type": "Inner", "Startup Cost": 7502.06, "Total Cost": 21741.14, "Plan Rows": 345008, "Plan Width": 4, "Inner Unique": false, "Plans": [{"Node Type": "Seq Scan", "Parent Relationship": "Outer", "Relation Name": "info_type", "Alias": "it", "Startup Cost": 0.0, "Total Cost": 2.4, "Plan Rows": 1, "Plan Width": 4, "Filter": "((info)::text = 'bottom 10 rank'::text)"}, {"Node Type": "Bitmap Heap Scan", "Parent Relationship": "Inner", "Relation Name": "movie_info_idx", "Alias": "mi_idx", "Startup Cost": 7502.06, "Total Cost": 18288.66, "Plan Rows": 345008, "Plan Width": 8, "Recheck Cond": "(info_type_id = it.id), (LLVM Optimized)", "Plans": [{"Node Type": "Bitmap Index Scan", "Parent Relationship": "Outer", "Index Name": "info_type_id_movie_info_idx", "Startup Cost": 0.0, "Total Cost": 7415.81, "Plan Rows": 345008, "Plan Width": 0, "Index Cond": "(info_type_id = it.id)"}]}]}, {"Node Type": "Index Scan", "Parent Relationship": "Inner", "Scan Direction": "Forward", "Index Name": "movie_id_movie_companies", "Relation Name": "movie_companies", "Alias": "mc", "Startup Cost": 0.0, "Total Cost": 0.37, "Plan Rows": 2, "Plan Width": 32, "Index Cond": "(movie_id = mi_idx.movie_id)", "Filter": "((note)::text !~~ '%(as Metro-Goldwyn-Mayer Pictures)%'::text)"}]}]}, {"Node Type": "Index Scan", "Parent Relationship": "Inner", "Scan Direction": "Forward", "Index Name": "title_pkey", "Relation Name": "title", "Alias": "t", "Startup Cost": 0.0, "Total Cost": 0.34, "Plan Rows": 1, "Plan Width": 25, "Index Cond": "(id = mc.movie_id)", "Filter": "(production_year > 2000)"}]}]}, "Unique SQL Id": 2492542741, "Planner Runtime": 3}, "explain_analyze_plan": {"Plan": {"Node Type": "Aggregate", "Strategy": "Plain", "Startup Cost": 346287.75, "Total Cost": 346287.76, "Plan Rows": 1, "Plan Width": 113, "Actual Startup Time": 0.458, "Actual Total Time": 0.458, "Actual Rows": 1, "Actual Loops": 1, "Plans": [{"Node Type": "Nested Loop", "Parent Relationship": "Outer", "Join Type": "Inner", "Startup Cost": 7502.06, "Total Cost": 341503.6, "Plan Rows": 637886, "Plan Width": 45, "Actual Startup Time": 0.34, "Actual Total Time": 0.426, "Actual Rows": 4, "Actual Loops": 1, "Inner Unique": true, "Plans": [{"Node Type": "Nested Loop", "Parent Relationship": "Outer", "Join Type": "Inner", "Startup Cost": 7502.06, "Total Cost": 166081.74, "Plan Rows": 501180, "Plan Width": 32, "Actual Startup Time": 0.213, "Actual Total Time": 0.386, "Actual Rows": 5, "Actual Loops": 1, "Inner Unique": false, "Join Filter": "(mc.company_type_id = ct.id), (LLVM Optimized)", "Rows Removed by Join Filter": 95, "Plans": [{"Node Type": "Seq Scan", "Parent Relationship": "Outer", "Relation Name": "company_type", "Alias": "ct", "Startup Cost": 0.0, "Total Cost": 1.04, "Plan Rows": 1, "Plan Width": 4, "Actual Startup Time": 0.028, "Actual Total Time": 0.029, "Actual Rows": 1, "Actual Loops": 1, "Filter": "((kind)::text = 'production companies'::text)", "Rows Removed by Filter": 2}, {"Node Type": "Nested Loop", "Parent Relationship": "Inner", "Join Type": "Inner", "Startup Cost": 7502.06, "Total Cost": 155717.63, "Plan Rows": 829046, "Plan Width": 36, "Actual Startup Time": 0.104, "Actual Total Time": 0.327, "Actual Rows": 100, "Actual Loops": 1, "Inner Unique": false, "Plans": [{"Node Type": "Nested Loop", "Parent Relationship": "Outer", "Join Type": "Inner", "Startup Cost": 7502.06, "Total Cost": 21741.14, "Plan Rows": 345008, "Plan Width": 4, "Actual Startup Time": 0.084, "Actual Total Time": 0.106, "Actual Rows": 10, "Actual Loops": 1, "Inner Unique": false, "Plans": [{"Node Type": "Seq Scan", "Parent Relationship": "Outer", "Relation Name": "info_type", "Alias": "it", "Startup Cost": 0.0, "Total Cost": 2.4, "Plan Rows": 1, "Plan Width": 4, "Actual Startup Time": 0.043, "Actual Total Time": 0.061, "Actual Rows": 1, "Actual Loops": 1, "Filter": "((info)::text = 'bottom 10 rank'::text)", "Rows Removed by Filter": 111}, {"Node Type": "Bitmap Heap Scan", "Parent Relationship": "Inner", "Relation Name": "movie_info_idx", "Alias": "mi_idx", "Startup Cost": 7502.06, "Total Cost": 18288.66, "Plan Rows": 345008, "Plan Width": 8, "Actual Startup Time": 0.037, "Actual Total Time": 0.038, "Actual Rows": 10, "Actual Loops": 1, "Recheck Cond": "(info_type_id = it.id), (LLVM Optimized)", "Rows Removed by Index Recheck": 0, "Exact Heap Blocks": 1, "Lossy Heap Blocks": 1, "Plans": [{"Node Type": "Bitmap Index Scan", "Parent Relationship": "Outer", "Index Name": "info_type_id_movie_info_idx", "Startup Cost": 0.0, "Total Cost": 7415.81, "Plan Rows": 345008, "Plan Width": 0, "Actual Startup Time": 0.023, "Actual Total Time": 0.023, "Actual Rows": 10, "Actual Loops": 1, "Index Cond": "(info_type_id = it.id)"}]}]}, {"Node Type": "Index Scan", "Parent Relationship": "Inner", "Scan Direction": "Forward", "Index Name": "movie_id_movie_companies", "Relation Name": "movie_companies", "Alias": "mc", "Startup Cost": 0.0, "Total Cost": 0.37, "Plan Rows": 2, "Plan Width": 32, "Actual Startup Time": 0.095, "Actual Total Time": 0.191, "Actual Rows": 100, "Actual Loops": 10, "Index Cond": "(movie_id = mi_idx.movie_id)", "Rows Removed by Index Recheck": 0, "Filter": "((note)::text !~~ '%(as Metro-Goldwyn-Mayer Pictures)%'::text)", "Rows Removed by Filter": 20}]}]}, {"Node Type": "Index Scan", "Parent Relationship": "Inner", "Scan Direction": "Forward", "Index Name": "title_pkey", "Relation Name": "title", "Alias": "t", "Startup Cost": 0.0, "Total Cost": 0.34, "Plan Rows": 1, "Plan Width": 25, "Actual Startup Time": 0.035, "Actual Total Time": 0.035, "Actual Rows": 4, "Actual Loops": 5, "Index Cond": "(id = mc.movie_id)", "Rows Removed by Index Recheck": 0, "Filter": "(production_year > 2000)", "Rows Removed by Filter": 1}]}]}, "Triggers": [], "Planner Runtime": 3, "Total Runtime": 10.215, "Unique SQL Id": 2492542741}}, "(16, 53)": {"explain_plan": {"Plan": {"Node Type": "Aggregate", "Strategy": "Plain", "Startup Cost": 346310.82, "Total Cost": 346310.83, "Plan Rows": 1, "Plan Width": 113, "Plans": [{"Node Type": "Nested Loop", "Parent Relationship": "Outer", "Join Type": "Inner", "Startup Cost": 7502.06, "Total Cost": 341526.68, "Plan Rows": 637886, "Plan Width": 45, "Inner Unique": true, "Plans": [{"Node Type": "Nested Loop", "Parent Relationship": "Outer", "Join Type": "Inner", "Startup Cost": 7502.06, "Total Cost": 166104.81, "Plan Rows": 501180, "Plan Width": 32, "Inner Unique": false, "Join Filter": "(mc.company_type_id = ct.id), (LLVM Optimized)", "Plans": [{"Node Type": "Index Scan", "Parent Relationship": "Outer", "Scan Direction": "Forward", "Index Name": "company_type_pkey", "Relation Name": "company_type", "Alias": "ct", "Startup Cost": 0.0, "Total Cost": 12.3, "Plan Rows": 1, "Plan Width": 4, "Filter": "((kind)::text = 'production companies'::text)"}, {"Node Type": "Nested Loop", "Parent Relationship": "Inner", "Join Type": "Inner", "Startup Cost": 7502.06, "Total Cost": 155729.44, "Plan Rows": 829046, "Plan Width": 36, "Inner Unique": false, "Plans": [{"Node Type": "Nested Loop", "Parent Relationship": "Outer", "Join Type": "Inner", "Startup Cost": 7502.06, "Total Cost": 21752.95, "Plan Rows": 345008, "Plan Width": 4, "Inner Unique": false, "Plans": [{"Node Type": "Index Scan", "Parent Relationship": "Outer", "Scan Direction": "Forward", "Index Name": "info_type_pkey", "Relation Name": "info_type", "Alias": "it", "Startup Cost": 0.0, "Total Cost": 14.21, "Plan Rows": 1, "Plan Width": 4, "Filter": "((info)::text = 'bottom 10 rank'::text)"}, {"Node Type": "Bitmap Heap Scan", "Parent Relationship": "Inner", "Relation Name": "movie_info_idx", "Alias": "mi_idx", "Startup Cost": 7502.06, "Total Cost": 18288.66, "Plan Rows": 345008, "Plan Width": 8, "Recheck Cond": "(info_type_id = it.id), (LLVM Optimized)", "Plans": [{"Node Type": "Bitmap Index Scan", "Parent Relationship": "Outer", "Index Name": "info_type_id_movie_info_idx", "Startup Cost": 0.0, "Total Cost": 7415.81, "Plan Rows": 345008, "Plan Width": 0, "Index Cond": "(info_type_id = it.id)"}]}]}, {"Node Type": "Index Scan", "Parent Relationship": "Inner", "Scan Direction": "Forward", "Index Name": "movie_id_movie_companies", "Relation Name": "movie_companies", "Alias": "mc", "Startup Cost": 0.0, "Total Cost": 0.37, "Plan Rows": 2, "Plan Width": 32, "Index Cond": "(movie_id = mi_idx.movie_id)", "Filter": "((note)::text !~~ '%(as Metro-Goldwyn-Mayer Pictures)%'::text)"}]}]}, {"Node Type": "Index Scan", "Parent Relationship": "Inner", "Scan Direction": "Forward", "Index Name": "title_pkey", "Relation Name": "title", "Alias": "t", "Startup Cost": 0.0, "Total Cost": 0.34, "Plan Rows": 1, "Plan Width": 25, "Index Cond": "(id = mc.movie_id)", "Filter": "(production_year > 2000)"}]}]}, "Unique SQL Id": 2492542741, "Planner Runtime": 2}, "explain_analyze_plan": {"Plan": {"Node Type": "Aggregate", "Strategy": "Plain", "Startup Cost": 346310.82, "Total Cost": 346310.83, "Plan Rows": 1, "Plan Width": 113, "Actual Startup Time": 0.393, "Actual Total Time": 0.393, "Actual Rows": 1, "Actual Loops": 1, "Plans": [{"Node Type": "Nested Loop", "Parent Relationship": "Outer", "Join Type": "Inner", "Startup Cost": 7502.06, "Total Cost": 341526.68, "Plan Rows": 637886, "Plan Width": 45, "Actual Startup Time": 0.311, "Actual Total Time": 0.377, "Actual Rows": 4, "Actual Loops": 1, "Inner Unique": true, "Plans": [{"Node Type": "Nested Loop", "Parent Relationship": "Outer", "Join Type": "Inner", "Startup Cost": 7502.06, "Total Cost": 166104.81, "Plan Rows": 501180, "Plan Width": 32, "Actual Startup Time": 0.199, "Actual Total Time": 0.341, "Actual Rows": 5, "Actual Loops": 1, "Inner Unique": false, "Join Filter": "(mc.company_type_id = ct.id), (LLVM Optimized)", "Rows Removed by Join Filter": 95, "Plans": [{"Node Type": "Index Scan", "Parent Relationship": "Outer", "Scan Direction": "Forward", "Index Name": "company_type_pkey", "Relation Name": "company_type", "Alias": "ct", "Startup Cost": 0.0, "Total Cost": 12.3, "Plan Rows": 1, "Plan Width": 4, "Actual Startup Time": 0.027, "Actual Total Time": 0.029, "Actual Rows": 1, "Actual Loops": 1, "Filter": "((kind)::text = 'production companies'::text)", "Rows Removed by Filter": 2}, {"Node Type": "Nested Loop", "Parent Relationship": "Inner", "Join Type": "Inner", "Startup Cost": 7502.06, "Total Cost": 155729.44, "Plan Rows": 829046, "Plan Width": 36, "Actual Startup Time": 0.102, "Actual Total Time": 0.289, "Actual Rows": 100, "Actual Loops": 1, "Inner Unique": false, "Plans": [{"Node Type": "Nested Loop", "Parent Relationship": "Outer", "Join Type": "Inner", "Startup Cost": 7502.06, "Total Cost": 21752.95, "Plan Rows": 345008, "Plan Width": 4, "Actual Startup Time": 0.088, "Actual Total Time": 0.095, "Actual Rows": 10, "Actual Loops": 1, "Inner Unique": false, "Plans": [{"Node Type": "Index Scan", "Parent Relationship": "Outer", "Scan Direction": "Forward", "Index Name": "info_type_pkey", "Relation Name": "info_type", "Alias": "it", "Startup Cost": 0.0, "Total Cost": 14.21, "Plan Rows": 1, "Plan Width": 4, "Actual Startup Time": 0.06, "Actual Total Time": 0.061, "Actual Rows": 1, "Actual Loops": 1, "Filter": "((info)::text = 'bottom 10 rank'::text)", "Rows Removed by Filter": 111}, {"Node Type": "Bitmap Heap Scan", "Parent Relationship": "Inner", "Relation Name": "movie_info_idx", "Alias": "mi_idx", "Startup Cost": 7502.06, "Total Cost": 18288.66, "Plan Rows": 345008, "Plan Width": 8, "Actual Startup Time": 0.022, "Actual Total Time": 0.025, "Actual Rows": 10, "Actual Loops": 1, "Recheck Cond": "(info_type_id = it.id), (LLVM Optimized)", "Rows Removed by Index Recheck": 0, "Exact Heap Blocks": 1, "Lossy Heap Blocks": 1, "Plans": [{"Node Type": "Bitmap Index Scan", "Parent Relationship": "Outer", "Index Name": "info_type_id_movie_info_idx", "Startup Cost": 0.0, "Total Cost": 7415.81, "Plan Rows": 345008, "Plan Width": 0, "Actual Startup Time": 0.013, "Actual Total Time": 0.013, "Actual Rows": 10, "Actual Loops": 1, "Index Cond": "(info_type_id = it.id)"}]}]}, {"Node Type": "Index Scan", "Parent Relationship": "Inner", "Scan Direction": "Forward", "Index Name": "movie_id_movie_companies", "Relation Name": "movie_companies", "Alias": "mc", "Startup Cost": 0.0, "Total Cost": 0.37, "Plan Rows": 2, "Plan Width": 32, "Actual Startup Time": 0.079, "Actual Total Time": 0.163, "Actual Rows": 100, "Actual Loops": 10, "Index Cond": "(movie_id = mi_idx.movie_id)", "Rows Removed by Index Recheck": 0, "Filter": "((note)::text !~~ '%(as Metro-Goldwyn-Mayer Pictures)%'::text)", "Rows Removed by Filter": 20}]}]}, {"Node Type": "Index Scan", "Parent Relationship": "Inner", "Scan Direction": "Forward", "Index Name": "title_pkey", "Relation Name": "title", "Alias": "t", "Startup Cost": 0.0, "Total Cost": 0.34, "Plan Rows": 1, "Plan Width": 25, "Actual Startup Time": 0.027, "Actual Total Time": 0.027, "Actual Rows": 4, "Actual Loops": 5, "Index Cond": "(id = mc.movie_id)", "Rows Removed by Index Recheck": 0, "Filter": "(production_year > 2000)", "Rows Removed by Filter": 1}]}]}, "Triggers": [], "Planner Runtime": 2, "Total Runtime": 9.992, "Unique SQL Id": 2492542741}}, "(16, 54)": {"explain_plan": {"Plan": {"Node Type": "Aggregate", "Strategy": "Plain", "Startup Cost": 3489663.8, "Total Cost": 3489663.81, "Plan Rows": 1, "Plan Width": 113, "Plans": [{"Node Type": "Nested Loop", "Parent Relationship": "Outer", "Join Type": "Inner", "Startup Cost": 0.58, "Total Cost": 3484879.66, "Plan Rows": 637886, "Plan Width": 45, "Inner Unique": false, "Join Filter": "(mc.company_type_id = ct.id), (LLVM Optimized)", "Plans": [{"Node Type": "Seq Scan", "Parent Relationship": "Outer", "Relation Name": "company_type", "Alias": "ct", "Startup Cost": 0.0, "Total Cost": 1.04, "Plan Rows": 1, "Plan Width": 4, "Filter": "((kind)::text = 'production companies'::text)"}, {"Node Type": "Materialize", "Parent Relationship": "Inner", "Startup Cost": 0.58, "Total Cost": 3474326.78, "Plan Rows": 1055184, "Plan Width": 49, "Plans": [{"Node Type": "Nested Loop", "Parent Relationship": "Outer", "Join Type": "Inner", "Startup Cost": 0.58, "Total Cost": 3471688.82, "Plan Rows": 1055184, "Plan Width": 49, "Inner Unique": false, "Plans": [{"Node Type": "Nested Loop", "Parent Relationship": "Outer", "Join Type": "Inner", "Startup Cost": 0.28, "Total Cost": 1526630.02, "Plan Rows": 447839, "Plan Width": 29, "Inner Unique": true, "Plans": [{"Node Type": "Streaming(type: LOCAL GATHER dop: 1/16)", "Parent Relationship": "Outer", "Startup Cost": 0.0, "Total Cost": 39794.02, "Plan Rows": 345008, "Plan Width": 4, "Plans": [{"Node Type": "Nested Loop", "Parent Relationship": "Outer", "Join Type": "Inner", "Startup Cost": 0.0, "Total Cost": 32348.04, "Plan Rows": 345008, "Plan Width": 4, "Inner Unique": false, "Join Filter": "(it.id = mi_idx.info_type_id), (LLVM Optimized)", "Plans": [{"Node Type": "Streaming(type: BROADCAST dop: 16/1)", "Parent Relationship": "Outer", "Startup Cost": 0.0, "Total Cost": 15002.75, "Plan Rows": 16, "Plan Width": 4, "Plans": [{"Node Type": "Seq Scan", "Parent Relationship": "Outer", "Relation Name": "info_type", "Alias": "it", "Startup Cost": 0.0, "Total Cost": 2.4, "Plan Rows": 1, "Plan Width": 4, "Filter": "((info)::text = 'bottom 10 rank'::text)"}]}, {"Node Type": "Seq Scan", "Parent Relationship": "Inner", "Relation Name": "movie_info_idx", "Alias": "mi_idx", "Startup Cost": 0.0, "Total Cost": 16267.15, "Plan Rows": 1380034, "Plan Width": 8}]}]}, {"Node Type": "Bitmap Heap Scan", "Parent Relationship": "Inner", "Relation Name": "title", "Alias": "t", "Startup Cost": 0.28, "Total Cost": 4.3, "Plan Rows": 1, "Plan Width": 25, "Recheck Cond": "(id = mi_idx.movie_id)", "Filter": "(production_year > 2000)", "Plans": [{"Node Type": "Bitmap Index Scan", "Parent Relationship": "Outer", "Index Name": "title_pkey", "Startup Cost": 0.0, "Total Cost": 0.28, "Plan Rows": 1, "Plan Width": 0, "Index Cond": "(id = mi_idx.movie_id)"}]}]}, {"Node Type": "Bitmap Heap Scan", "Parent Relationship": "Inner", "Relation Name": "movie_companies", "Alias": "mc", "Startup Cost": 0.29, "Total Cost": 4.32, "Plan Rows": 2, "Plan Width": 32, "Recheck Cond": "(movie_id = t.id)", "Filter": "((note)::text !~~ '%(as Metro-Goldwyn-Mayer Pictures)%'::text)", "Plans": [{"Node Type": "Bitmap Index Scan", "Parent Relationship": "Outer", "Index Name": "movie_id_movie_companies", "Startup Cost": 0.0, "Total Cost": 0.29, "Plan Rows": 2, "Plan Width": 0, "Index Cond": "(movie_id = t.id)"}]}]}]}]}]}, "Unique SQL Id": 2492542741, "Planner Runtime": 4}, "explain_analyze_plan": {"Plan": {"Node Type": "Aggregate", "Strategy": "Plain", "Startup Cost": 3489663.8, "Total Cost": 3489663.81, "Plan Rows": 1, "Plan Width": 113, "Actual Min Startup Time": 83.688, "Actual Max Startup Time": 83.688, "Actual Min Total Time": 83.689, "Actual Max Total Time": 83.689, "Plans": [{"Node Type": "Nested Loop", "Parent Relationship": "Outer", "Join Type": "Inner", "Startup Cost": 0.58, "Total Cost": 3484879.66, "Plan Rows": 637886, "Plan Width": 45, "Actual Min Startup Time": 83.649, "Actual Max Startup Time": 83.649, "Actual Min Total Time": 83.663, "Actual Max Total Time": 83.663, "Inner Unique": false, "Join Filter": "(mc.company_type_id = ct.id), (LLVM Optimized)", "Rows Removed by Join Filter": 74, "Plans": [{"Node Type": "Seq Scan", "Parent Relationship": "Outer", "Relation Name": "company_type", "Alias": "ct", "Startup Cost": 0.0, "Total Cost": 1.04, "Plan Rows": 1, "Plan Width": 4, "Actual Min Startup Time": 0.012, "Actual Max Startup Time": 0.012, "Actual Min Total Time": 0.014, "Actual Max Total Time": 0.014, "Filter": "((kind)::text = 'production companies'::text)", "Rows Removed by Filter": 2, "Actual Rows": 1}, {"Node Type": "Materialize", "Parent Relationship": "Inner", "Startup Cost": 0.58, "Total Cost": 3474326.78, "Plan Rows": 1055184, "Plan Width": 49, "Actual Min Startup Time": 83.608, "Actual Max Startup Time": 83.608, "Actual Min Total Time": 83.617, "Actual Max Total Time": 83.617, "Plans": [{"Node Type": "Nested Loop", "Parent Relationship": "Outer", "Join Type": "Inner", "Startup Cost": 0.58, "Total Cost": 3471688.82, "Plan Rows": 1055184, "Plan Width": 49, "Actual Min Startup Time": 83.328, "Actual Max Startup Time": 83.328, "Actual Min Total Time": 83.563, "Actual Max Total Time": 83.563, "Inner Unique": false, "Plans": [{"Node Type": "Nested Loop", "Parent Relationship": "Outer", "Join Type": "Inner", "Startup Cost": 0.28, "Total Cost": 1526630.02, "Plan Rows": 447839, "Plan Width": 29, "Actual Min Startup Time": 83.292, "Actual Max Startup Time": 83.292, "Actual Min Total Time": 83.378, "Actual Max Total Time": 83.378, "Inner Unique": true, "Plans": [{"Node Type": "Streaming(type: LOCAL GATHER dop: 1/16)", "Parent Relationship": "Outer", "Startup Cost": 0.0, "Total Cost": 39794.02, "Plan Rows": 345008, "Plan Width": 4, "Actual Min Startup Time": 83.176, "Actual Max Startup Time": 83.176, "Actual Min Total Time": 83.177, "Actual Max Total Time": 83.177, "Plans": [{"Node Type": "Nested Loop", "Parent Relationship": "Outer", "Join Type": "Inner", "Startup Cost": 0.0, "Total Cost": 32348.04, "Plan Rows": 345008, "Plan Width": 4, "Actual Min Startup Time": 34.797, "Actual Max Startup Time": 41.126, "Actual Min Total Time": 34.797, "Actual Max Total Time": 41.133, "Inner Unique": false, "Join Filter": "(it.id = mi_idx.info_type_id), (LLVM Optimized)", "Rows Removed by Join Filter": 1380024, "Plans": [{"Node Type": "Streaming(type: BROADCAST dop: 16/1)", "Parent Relationship": "Outer", "Startup Cost": 0.0, "Total Cost": 15002.75, "Plan Rows": 16, "Plan Width": 4, "Actual Min Startup Time": 0.003, "Actual Max Startup Time": 0.009, "Actual Min Total Time": 0.004, "Actual Max Total Time": 0.013, "Plans": [{"Node Type": "Seq Scan", "Parent Relationship": "Outer", "Relation Name": "info_type", "Alias": "it", "Startup Cost": 0.0, "Total Cost": 2.4, "Plan Rows": 1, "Plan Width": 4, "Actual Min Startup Time": 0.081, "Actual Max Startup Time": 0.081, "Actual Min Total Time": 0.084, "Actual Max Total Time": 0.084, "Filter": "((info)::text = 'bottom 10 rank'::text)", "Rows Removed by Filter": 111, "Actual Rows": 1}], "Actual Rows": 16}, {"Node Type": "Seq Scan", "Parent Relationship": "Inner", "Relation Name": "movie_info_idx", "Alias": "mi_idx", "Startup Cost": 0.0, "Total Cost": 16267.15, "Plan Rows": 1380034, "Plan Width": 8, "Actual Min Startup Time": 0.031, "Actual Max Startup Time": 0.045, "Actual Min Total Time": 18.551, "Actual Max Total Time": 21.969, "Actual Rows": 1380034}], "Actual Rows": 10}], "Actual Rows": 10}, {"Node Type": "Bitmap Heap Scan", "Parent Relationship": "Inner", "Relation Name": "title", "Alias": "t", "Startup Cost": 0.28, "Total Cost": 4.3, "Plan Rows": 1, "Plan Width": 25, "Actual Min Startup Time": 0.168, "Actual Max Startup Time": 0.168, "Actual Min Total Time": 0.168, "Actual Max Total Time": 0.168, "Recheck Cond": "(id = mi_idx.movie_id)", "Rows Removed by Index Recheck": 0, "Filter": "(production_year > 2000)", "Rows Removed by Filter": 4, "Exact Heap Blocks": 10, "Lossy Heap Blocks": 10, "Plans": [{"Node Type": "Bitmap Index Scan", "Parent Relationship": "Outer", "Index Name": "title_pkey", "Startup Cost": 0.0, "Total Cost": 0.28, "Plan Rows": 1, "Plan Width": 0, "Actual Min Startup Time": 0.084, "Actual Max Startup Time": 0.084, "Actual Min Total Time": 0.084, "Actual Max Total Time": 0.084, "Index Cond": "(id = mi_idx.movie_id)", "Actual Rows": 10}], "Actual Rows": 6}], "Actual Rows": 6}, {"Node Type": "Bitmap Heap Scan", "Parent Relationship": "Inner", "Relation Name": "movie_companies", "Alias": "mc", "Startup Cost": 0.29, "Total Cost": 4.32, "Plan Rows": 2, "Plan Width": 32, "Actual Min Startup Time": 0.109, "Actual Max Startup Time": 0.109, "Actual Min Total Time": 0.158, "Actual Max Total Time": 0.158, "Recheck Cond": "(movie_id = t.id)", "Rows Removed by Index Recheck": 0, "Filter": "((note)::text !~~ '%(as Metro-Goldwyn-Mayer Pictures)%'::text)", "Rows Removed by Filter": 15, "Exact Heap Blocks": 13, "Lossy Heap Blocks": 13, "Plans": [{"Node Type": "Bitmap Index Scan", "Parent Relationship": "Outer", "Index Name": "movie_id_movie_companies", "Startup Cost": 0.0, "Total Cost": 0.29, "Plan Rows": 2, "Plan Width": 0, "Actual Min Startup Time": 0.058, "Actual Max Startup Time": 0.058, "Actual Min Total Time": 0.058, "Actual Max Total Time": 0.058, "Index Cond": "(movie_id = t.id)", "Actual Rows": 93}], "Actual Rows": 78}], "Actual Rows": 78}], "Actual Rows": 79}], "Actual Rows": 4}], "Actual Rows": 1}, "Triggers": [], "Planner Runtime": 4, "Total Runtime": 96.085, "Unique SQL Id": 2492542741}}, "(16, 55)": {"explain_plan": {"Plan": {"Node Type": "Aggregate", "Strategy": "Plain", "Startup Cost": 3471634.0, "Total Cost": 3471634.01, "Plan Rows": 1, "Plan Width": 113, "Plans": [{"Node Type": "Nested Loop", "Parent Relationship": "Outer", "Join Type": "Inner", "Startup Cost": 7519.72, "Total Cost": 3466849.86, "Plan Rows": 637886, "Plan Width": 45, "Inner Unique": false, "Join Filter": "(mc.company_type_id = ct.id), (LLVM Optimized)", "Plans": [{"Node Type": "Bitmap Heap Scan", "Parent Relationship": "Outer", "Relation Name": "company_type", "Alias": "ct", "Startup Cost": 8.27, "Total Cost": 12.3, "Plan Rows": 1, "Plan Width": 4, "Filter": "((kind)::text = 'production companies'::text)", "Plans": [{"Node Type": "Bitmap Index Scan", "Parent Relationship": "Outer", "Index Name": "company_type_pkey", "Startup Cost": 0.0, "Total Cost": 8.27, "Plan Rows": 3, "Plan Width": 0}]}, {"Node Type": "Nested Loop", "Parent Relationship": "Inner", "Join Type": "Inner", "Startup Cost": 7511.45, "Total Cost": 3453647.75, "Plan Rows": 1055184, "Plan Width": 49, "Inner Unique": false, "Plans": [{"Node Type": "Nested Loop", "Parent Relationship": "Outer", "Join Type": "Inner", "Startup Cost": 7511.16, "Total Cost": 1508588.95, "Plan Rows": 447839, "Plan Width": 29, "Inner Unique": true, "Plans": [{"Node Type": "Nested Loop", "Parent Relationship": "Outer", "Join Type": "Inner", "Startup Cost": 7510.87, "Total Cost": 21752.95, "Plan Rows": 345008, "Plan Width": 4, "Inner Unique": false, "Plans": [{"Node Type": "Bitmap Heap Scan", "Parent Relationship": "Outer", "Relation Name": "info_type", "Alias": "it", "Startup Cost": 8.81, "Total Cost": 14.21, "Plan Rows": 1, "Plan Width": 4, "Filter": "((info)::text = 'bottom 10 rank'::text)", "Plans": [{"Node Type": "Bitmap Index Scan", "Parent Relationship": "Outer", "Index Name": "info_type_pkey", "Startup Cost": 0.0, "Total Cost": 8.81, "Plan Rows": 112, "Plan Width": 0}]}, {"Node Type": "Bitmap Heap Scan", "Parent Relationship": "Inner", "Relation Name": "movie_info_idx", "Alias": "mi_idx", "Startup Cost": 7502.06, "Total Cost": 18288.66, "Plan Rows": 345008, "Plan Width": 8, "Recheck Cond": "(info_type_id = it.id), (LLVM Optimized)", "Plans": [{"Node Type": "Bitmap Index Scan", "Parent Relationship": "Outer", "Index Name": "info_type_id_movie_info_idx", "Startup Cost": 0.0, "Total Cost": 7415.81, "Plan Rows": 345008, "Plan Width": 0, "Index Cond": "(info_type_id = it.id)"}]}]}, {"Node Type": "Bitmap Heap Scan", "Parent Relationship": "Inner", "Relation Name": "title", "Alias": "t", "Startup Cost": 0.28, "Total Cost": 4.3, "Plan Rows": 1, "Plan Width": 25, "Recheck Cond": "(id = mi_idx.movie_id)", "Filter": "(production_year > 2000)", "Plans": [{"Node Type": "Bitmap Index Scan", "Parent Relationship": "Outer", "Index Name": "title_pkey", "Startup Cost": 0.0, "Total Cost": 0.28, "Plan Rows": 1, "Plan Width": 0, "Index Cond": "(id = mi_idx.movie_id)"}]}]}, {"Node Type": "Bitmap Heap Scan", "Parent Relationship": "Inner", "Relation Name": "movie_companies", "Alias": "mc", "Startup Cost": 0.29, "Total Cost": 4.32, "Plan Rows": 2, "Plan Width": 32, "Recheck Cond": "(movie_id = t.id)", "Filter": "((note)::text !~~ '%(as Metro-Goldwyn-Mayer Pictures)%'::text)", "Plans": [{"Node Type": "Bitmap Index Scan", "Parent Relationship": "Outer", "Index Name": "movie_id_movie_companies", "Startup Cost": 0.0, "Total Cost": 0.29, "Plan Rows": 2, "Plan Width": 0, "Index Cond": "(movie_id = t.id)"}]}]}]}]}, "Unique SQL Id": 2492542741, "Planner Runtime": 2}, "explain_analyze_plan": {"Plan": {"Node Type": "Aggregate", "Strategy": "Plain", "Startup Cost": 3471634.0, "Total Cost": 3471634.01, "Plan Rows": 1, "Plan Width": 113, "Actual Startup Time": 0.421, "Actual Total Time": 0.421, "Actual Rows": 1, "Actual Loops": 1, "Plans": [{"Node Type": "Nested Loop", "Parent Relationship": "Outer", "Join Type": "Inner", "Startup Cost": 7519.72, "Total Cost": 3466849.86, "Plan Rows": 637886, "Plan Width": 45, "Actual Startup Time": 0.345, "Actual Total Time": 0.4, "Actual Rows": 4, "Actual Loops": 1, "Inner Unique": false, "Join Filter": "(mc.company_type_id = ct.id), (LLVM Optimized)", "Rows Removed by Join Filter": 74, "Plans": [{"Node Type": "Bitmap Heap Scan", "Parent Relationship": "Outer", "Relation Name": "company_type", "Alias": "ct", "Startup Cost": 8.27, "Total Cost": 12.3, "Plan Rows": 1, "Plan Width": 4, "Actual Startup Time": 0.038, "Actual Total Time": 0.039, "Actual Rows": 1, "Actual Loops": 1, "Filter": "((kind)::text = 'production companies'::text)", "Rows Removed by Filter": 2, "Exact Heap Blocks": 1, "Lossy Heap Blocks": 1, "Plans": [{"Node Type": "Bitmap Index Scan", "Parent Relationship": "Outer", "Index Name": "company_type_pkey", "Startup Cost": 0.0, "Total Cost": 8.27, "Plan Rows": 3, "Plan Width": 0, "Actual Startup Time": 0.015, "Actual Total Time": 0.015, "Actual Rows": 3, "Actual Loops": 1}]}, {"Node Type": "Nested Loop", "Parent Relationship": "Inner", "Join Type": "Inner", "Startup Cost": 7511.45, "Total Cost": 3453647.75, "Plan Rows": 1055184, "Plan Width": 49, "Actual Startup Time": 0.128, "Actual Total Time": 0.339, "Actual Rows": 78, "Actual Loops": 1, "Inner Unique": false, "Plans": [{"Node Type": "Nested Loop", "Parent Relationship": "Outer", "Join Type": "Inner", "Startup Cost": 7511.16, "Total Cost": 1508588.95, "Plan Rows": 447839, "Plan Width": 29, "Actual Startup Time": 0.107, "Actual Total Time": 0.178, "Actual Rows": 6, "Actual Loops": 1, "Inner Unique": true, "Plans": [{"Node Type": "Nested Loop", "Parent Relationship": "Outer", "Join Type": "Inner", "Startup Cost": 7510.87, "Total Cost": 21752.95, "Plan Rows": 345008, "Plan Width": 4, "Actual Startup Time": 0.081, "Actual Total Time": 0.085, "Actual Rows": 10, "Actual Loops": 1, "Inner Unique": false, "Plans": [{"Node Type": "Bitmap Heap Scan", "Parent Relationship": "Outer", "Relation Name": "info_type", "Alias": "it", "Startup Cost": 8.81, "Total Cost": 14.21, "Plan Rows": 1, "Plan Width": 4, "Actual Startup Time": 0.059, "Actual Total Time": 0.059, "Actual Rows": 1, "Actual Loops": 1, "Filter": "((info)::text = 'bottom 10 rank'::text)", "Rows Removed by Filter": 111, "Exact Heap Blocks": 1, "Lossy Heap Blocks": 1, "Plans": [{"Node Type": "Bitmap Index Scan", "Parent Relationship": "Outer", "Index Name": "info_type_pkey", "Startup Cost": 0.0, "Total Cost": 8.81, "Plan Rows": 112, "Plan Width": 0, "Actual Startup Time": 0.011, "Actual Total Time": 0.011, "Actual Rows": 112, "Actual Loops": 1}]}, {"Node Type": "Bitmap Heap Scan", "Parent Relationship": "Inner", "Relation Name": "movie_info_idx", "Alias": "mi_idx", "Startup Cost": 7502.06, "Total Cost": 18288.66, "Plan Rows": 345008, "Plan Width": 8, "Actual Startup Time": 0.018, "Actual Total Time": 0.018, "Actual Rows": 10, "Actual Loops": 1, "Recheck Cond": "(info_type_id = it.id), (LLVM Optimized)", "Rows Removed by Index Recheck": 0, "Exact Heap Blocks": 1, "Lossy Heap Blocks": 1, "Plans": [{"Node Type": "Bitmap Index Scan", "Parent Relationship": "Outer", "Index Name": "info_type_id_movie_info_idx", "Startup Cost": 0.0, "Total Cost": 7415.81, "Plan Rows": 345008, "Plan Width": 0, "Actual Startup Time": 0.012, "Actual Total Time": 0.012, "Actual Rows": 10, "Actual Loops": 1, "Index Cond": "(info_type_id = it.id)"}]}]}, {"Node Type": "Bitmap Heap Scan", "Parent Relationship": "Inner", "Relation Name": "title", "Alias": "t", "Startup Cost": 0.28, "Total Cost": 4.3, "Plan Rows": 1, "Plan Width": 25, "Actual Startup Time": 0.075, "Actual Total Time": 0.075, "Actual Rows": 6, "Actual Loops": 10, "Recheck Cond": "(id = mi_idx.movie_id)", "Rows Removed by Index Recheck": 0, "Filter": "(production_year > 2000)", "Rows Removed by Filter": 4, "Exact Heap Blocks": 10, "Lossy Heap Blocks": 10, "Plans": [{"Node Type": "Bitmap Index Scan", "Parent Relationship": "Outer", "Index Name": "title_pkey", "Startup Cost": 0.0, "Total Cost": 0.28, "Plan Rows": 1, "Plan Width": 0, "Actual Startup Time": 0.043, "Actual Total Time": 0.043, "Actual Rows": 10, "Actual Loops": 10, "Index Cond": "(id = mi_idx.movie_id)"}]}]}, {"Node Type": "Bitmap Heap Scan", "Parent Relationship": "Inner", "Relation Name": "movie_companies", "Alias": "mc", "Startup Cost": 0.29, "Total Cost": 4.32, "Plan Rows": 2, "Plan Width": 32, "Actual Startup Time": 0.085, "Actual Total Time": 0.132, "Actual Rows": 78, "Actual Loops": 6, "Recheck Cond": "(movie_id = t.id)", "Rows Removed by Index Recheck": 0, "Filter": "((note)::text !~~ '%(as Metro-Goldwyn-Mayer Pictures)%'::text)", "Rows Removed by Filter": 15, "Exact Heap Blocks": 13, "Lossy Heap Blocks": 13, "Plans": [{"Node Type": "Bitmap Index Scan", "Parent Relationship": "Outer", "Index Name": "movie_id_movie_companies", "Startup Cost": 0.0, "Total Cost": 0.29, "Plan Rows": 2, "Plan Width": 0, "Actual Startup Time": 0.045, "Actual Total Time": 0.045, "Actual Rows": 93, "Actual Loops": 6, "Index Cond": "(movie_id = t.id)"}]}]}]}]}, "Triggers": [], "Planner Runtime": 2, "Total Runtime": 9.991, "Unique SQL Id": 2492542741}}, "(16, 56)": {"explain_plan": {"Plan": {"Node Type": "Aggregate", "Strategy": "Plain", "Startup Cost": 364340.62, "Total Cost": 364340.63, "Plan Rows": 1, "Plan Width": 113, "Plans": [{"Node Type": "Nested Loop", "Parent Relationship": "Outer", "Join Type": "Inner", "Startup Cost": 0.0, "Total Cost": 359556.48, "Plan Rows": 637886, "Plan Width": 45, "Inner Unique": true, "Plans": [{"Node Type": "Nested Loop", "Parent Relationship": "Outer", "Join Type": "Inner", "Startup Cost": 0.0, "Total Cost": 184134.61, "Plan Rows": 501180, "Plan Width": 32, "Inner Unique": false, "Join Filter": "(mc.company_type_id = ct.id), (LLVM Optimized)", "Plans": [{"Node Type": "Seq Scan", "Parent Relationship": "Outer", "Relation Name": "company_type", "Alias": "ct", "Startup Cost": 0.0, "Total Cost": 1.04, "Plan Rows": 1, "Plan Width": 4, "Filter": "((kind)::text = 'production companies'::text)"}, {"Node Type": "Materialize", "Parent Relationship": "Inner", "Startup Cost": 0.0, "Total Cost": 175843.11, "Plan Rows": 829046, "Plan Width": 36, "Plans": [{"Node Type": "Nested Loop", "Parent Relationship": "Outer", "Join Type": "Inner", "Startup Cost": 0.0, "Total Cost": 173770.5, "Plan Rows": 829046, "Plan Width": 36, "Inner Unique": false, "Plans": [{"Node Type": "Streaming(type: LOCAL GATHER dop: 1/16)", "Parent Relationship": "Outer", "Startup Cost": 0.0, "Total Cost": 39794.02, "Plan Rows": 345008, "Plan Width": 4, "Plans": [{"Node Type": "Nested Loop", "Parent Relationship": "Outer", "Join Type": "Inner", "Startup Cost": 0.0, "Total Cost": 32348.04, "Plan Rows": 345008, "Plan Width": 4, "Inner Unique": false, "Join Filter": "(it.id = mi_idx.info_type_id), (LLVM Optimized)", "Plans": [{"Node Type": "Streaming(type: BROADCAST dop: 16/1)", "Parent Relationship": "Outer", "Startup Cost": 0.0, "Total Cost": 15002.75, "Plan Rows": 16, "Plan Width": 4, "Plans": [{"Node Type": "Seq Scan", "Parent Relationship": "Outer", "Relation Name": "info_type", "Alias": "it", "Startup Cost": 0.0, "Total Cost": 2.4, "Plan Rows": 1, "Plan Width": 4, "Filter": "((info)::text = 'bottom 10 rank'::text)"}]}, {"Node Type": "Seq Scan", "Parent Relationship": "Inner", "Relation Name": "movie_info_idx", "Alias": "mi_idx", "Startup Cost": 0.0, "Total Cost": 16267.15, "Plan Rows": 1380034, "Plan Width": 8}]}]}, {"Node Type": "Index Scan", "Parent Relationship": "Inner", "Scan Direction": "Forward", "Index Name": "movie_id_movie_companies", "Relation Name": "movie_companies", "Alias": "mc", "Startup Cost": 0.0, "Total Cost": 0.37, "Plan Rows": 2, "Plan Width": 32, "Index Cond": "(movie_id = mi_idx.movie_id)", "Filter": "((note)::text !~~ '%(as Metro-Goldwyn-Mayer Pictures)%'::text)"}]}]}]}, {"Node Type": "Index Scan", "Parent Relationship": "Inner", "Scan Direction": "Forward", "Index Name": "title_pkey", "Relation Name": "title", "Alias": "t", "Startup Cost": 0.0, "Total Cost": 0.34, "Plan Rows": 1, "Plan Width": 25, "Index Cond": "(id = mc.movie_id)", "Filter": "(production_year > 2000)"}]}]}, "Unique SQL Id": 2492542741, "Planner Runtime": 2}, "explain_analyze_plan": {"Plan": {"Node Type": "Aggregate", "Strategy": "Plain", "Startup Cost": 364340.62, "Total Cost": 364340.63, "Plan Rows": 1, "Plan Width": 113, "Actual Min Startup Time": 80.902, "Actual Max Startup Time": 80.902, "Actual Min Total Time": 80.903, "Actual Max Total Time": 80.903, "Plans": [{"Node Type": "Nested Loop", "Parent Relationship": "Outer", "Join Type": "Inner", "Startup Cost": 0.0, "Total Cost": 359556.48, "Plan Rows": 637886, "Plan Width": 45, "Actual Min Startup Time": 80.84, "Actual Max Startup Time": 80.84, "Actual Min Total Time": 80.872, "Actual Max Total Time": 80.872, "Inner Unique": true, "Plans": [{"Node Type": "Nested Loop", "Parent Relationship": "Outer", "Join Type": "Inner", "Startup Cost": 0.0, "Total Cost": 184134.61, "Plan Rows": 501180, "Plan Width": 32, "Actual Min Startup Time": 80.798, "Actual Max Startup Time": 80.798, "Actual Min Total Time": 80.828, "Actual Max Total Time": 80.828, "Inner Unique": false, "Join Filter": "(mc.company_type_id = ct.id), (LLVM Optimized)", "Rows Removed by Join Filter": 95, "Plans": [{"Node Type": "Seq Scan", "Parent Relationship": "Outer", "Relation Name": "company_type", "Alias": "ct", "Startup Cost": 0.0, "Total Cost": 1.04, "Plan Rows": 1, "Plan Width": 4, "Actual Min Startup Time": 0.013, "Actual Max Startup Time": 0.013, "Actual Min Total Time": 0.016, "Actual Max Total Time": 0.016, "Filter": "((kind)::text = 'production companies'::text)", "Rows Removed by Filter": 2, "Actual Rows": 1}, {"Node Type": "Materialize", "Parent Relationship": "Inner", "Startup Cost": 0.0, "Total Cost": 175843.11, "Plan Rows": 829046, "Plan Width": 36, "Actual Min Startup Time": 80.764, "Actual Max Startup Time": 80.764, "Actual Min Total Time": 80.774, "Actual Max Total Time": 80.774, "Plans": [{"Node Type": "Nested Loop", "Parent Relationship": "Outer", "Join Type": "Inner", "Startup Cost": 0.0, "Total Cost": 173770.5, "Plan Rows": 829046, "Plan Width": 36, "Actual Min Startup Time": 80.509, "Actual Max Startup Time": 80.509, "Actual Min Total Time": 80.711, "Actual Max Total Time": 80.711, "Inner Unique": false, "Plans": [{"Node Type": "Streaming(type: LOCAL GATHER dop: 1/16)", "Parent Relationship": "Outer", "Startup Cost": 0.0, "Total Cost": 39794.02, "Plan Rows": 345008, "Plan Width": 4, "Actual Min Startup Time": 80.427, "Actual Max Startup Time": 80.427, "Actual Min Total Time": 80.429, "Actual Max Total Time": 80.429, "Plans": [{"Node Type": "Nested Loop", "Parent Relationship": "Outer", "Join Type": "Inner", "Startup Cost": 0.0, "Total Cost": 32348.04, "Plan Rows": 345008, "Plan Width": 4, "Actual Min Startup Time": 34.742, "Actual Max Startup Time": 41.136, "Actual Min Total Time": 34.742, "Actual Max Total Time": 41.143, "Inner Unique": false, "Join Filter": "(it.id = mi_idx.info_type_id), (LLVM Optimized)", "Rows Removed by Join Filter": 1380024, "Plans": [{"Node Type": "Streaming(type: BROADCAST dop: 16/1)", "Parent Relationship": "Outer", "Startup Cost": 0.0, "Total Cost": 15002.75, "Plan Rows": 16, "Plan Width": 4, "Actual Min Startup Time": 0.002, "Actual Max Startup Time": 0.008, "Actual Min Total Time": 0.003, "Actual Max Total Time": 0.011, "Plans": [{"Node Type": "Seq Scan", "Parent Relationship": "Outer", "Relation Name": "info_type", "Alias": "it", "Startup Cost": 0.0, "Total Cost": 2.4, "Plan Rows": 1, "Plan Width": 4, "Actual Min Startup Time": 0.072, "Actual Max Startup Time": 0.072, "Actual Min Total Time": 0.076, "Actual Max Total Time": 0.076, "Filter": "((info)::text = 'bottom 10 rank'::text)", "Rows Removed by Filter": 111, "Actual Rows": 1}], "Actual Rows": 16}, {"Node Type": "Seq Scan", "Parent Relationship": "Inner", "Relation Name": "movie_info_idx", "Alias": "mi_idx", "Startup Cost": 0.0, "Total Cost": 16267.15, "Plan Rows": 1380034, "Plan Width": 8, "Actual Min Startup Time": 0.031, "Actual Max Startup Time": 0.047, "Actual Min Total Time": 18.557, "Actual Max Total Time": 21.986, "Actual Rows": 1380034}], "Actual Rows": 10}], "Actual Rows": 10}, {"Node Type": "Index Scan", "Parent Relationship": "Inner", "Scan Direction": "Forward", "Index Name": "movie_id_movie_companies", "Relation Name": "movie_companies", "Alias": "mc", "Startup Cost": 0.0, "Total Cost": 0.37, "Plan Rows": 2, "Plan Width": 32, "Actual Min Startup Time": 0.146, "Actual Max Startup Time": 0.146, "Actual Min Total Time": 0.239, "Actual Max Total Time": 0.239, "Index Cond": "(movie_id = mi_idx.movie_id)", "Rows Removed by Index Recheck": 0, "Filter": "((note)::text !~~ '%(as Metro-Goldwyn-Mayer Pictures)%'::text)", "Rows Removed by Filter": 20, "Actual Rows": 100}], "Actual Rows": 100}], "Actual Rows": 101}], "Actual Rows": 5}, {"Node Type": "Index Scan", "Parent Relationship": "Inner", "Scan Direction": "Forward", "Index Name": "title_pkey", "Relation Name": "title", "Alias": "t", "Startup Cost": 0.0, "Total Cost": 0.34, "Plan Rows": 1, "Plan Width": 25, "Actual Min Startup Time": 0.037, "Actual Max Startup Time": 0.037, "Actual Min Total Time": 0.037, "Actual Max Total Time": 0.037, "Index Cond": "(id = mc.movie_id)", "Rows Removed by Index Recheck": 0, "Filter": "(production_year > 2000)", "Rows Removed by Filter": 1, "Actual Rows": 4}], "Actual Rows": 4}], "Actual Rows": 1}, "Triggers": [], "Planner Runtime": 2, "Total Runtime": 93.532, "Unique SQL Id": 2492542741}}, "(16, 57)": {"explain_plan": {"Plan": {"Node Type": "Aggregate", "Strategy": "Plain", "Startup Cost": 362896.07, "Total Cost": 362896.08, "Plan Rows": 1, "Plan Width": 113, "Plans": [{"Node Type": "Nested Loop", "Parent Relationship": "Outer", "Join Type": "Inner", "Startup Cost": 0.0, "Total Cost": 358111.92, "Plan Rows": 637886, "Plan Width": 45, "Inner Unique": true, "Plans": [{"Node Type": "Nested Loop", "Parent Relationship": "Outer", "Join Type": "Inner", "Startup Cost": 0.0, "Total Cost": 182690.06, "Plan Rows": 501180, "Plan Width": 32, "Inner Unique": false, "Join Filter": "(mc.company_type_id = ct.id), (LLVM Optimized)", "Plans": [{"Node Type": "Index Scan", "Parent Relationship": "Outer", "Scan Direction": "Forward", "Index Name": "company_type_pkey", "Relation Name": "company_type", "Alias": "ct", "Startup Cost": 0.0, "Total Cost": 12.3, "Plan Rows": 1, "Plan Width": 4, "Filter": "((kind)::text = 'production companies'::text)"}, {"Node Type": "Nested Loop", "Parent Relationship": "Inner", "Join Type": "Inner", "Startup Cost": 0.0, "Total Cost": 172314.68, "Plan Rows": 829046, "Plan Width": 36, "Inner Unique": false, "Plans": [{"Node Type": "Nested Loop", "Parent Relationship": "Outer", "Join Type": "Inner", "Startup Cost": 0.0, "Total Cost": 38338.2, "Plan Rows": 345008, "Plan Width": 4, "Inner Unique": false, "Plans": [{"Node Type": "Index Scan", "Parent Relationship": "Outer", "Scan Direction": "Forward", "Index Name": "info_type_pkey", "Relation Name": "info_type", "Alias": "it", "Startup Cost": 0.0, "Total Cost": 14.21, "Plan Rows": 1, "Plan Width": 4, "Filter": "((info)::text = 'bottom 10 rank'::text)"}, {"Node Type": "Index Scan", "Parent Relationship": "Inner", "Scan Direction": "Forward", "Index Name": "info_type_id_movie_info_idx", "Relation Name": "movie_info_idx", "Alias": "mi_idx", "Startup Cost": 0.0, "Total Cost": 34873.91, "Plan Rows": 345008, "Plan Width": 8, "Index Cond": "(info_type_id = it.id), (LLVM Optimized)"}]}, {"Node Type": "Index Scan", "Parent Relationship": "Inner", "Scan Direction": "Forward", "Index Name": "movie_id_movie_companies", "Relation Name": "movie_companies", "Alias": "mc", "Startup Cost": 0.0, "Total Cost": 0.37, "Plan Rows": 2, "Plan Width": 32, "Index Cond": "(movie_id = mi_idx.movie_id)", "Filter": "((note)::text !~~ '%(as Metro-Goldwyn-Mayer Pictures)%'::text)"}]}]}, {"Node Type": "Index Scan", "Parent Relationship": "Inner", "Scan Direction": "Forward", "Index Name": "title_pkey", "Relation Name": "title", "Alias": "t", "Startup Cost": 0.0, "Total Cost": 0.34, "Plan Rows": 1, "Plan Width": 25, "Index Cond": "(id = mc.movie_id)", "Filter": "(production_year > 2000)"}]}]}, "Unique SQL Id": 2492542741, "Planner Runtime": 3}, "explain_analyze_plan": {"Plan": {"Node Type": "Aggregate", "Strategy": "Plain", "Startup Cost": 362896.07, "Total Cost": 362896.08, "Plan Rows": 1, "Plan Width": 113, "Actual Startup Time": 0.397, "Actual Total Time": 0.397, "Actual Rows": 1, "Actual Loops": 1, "Plans": [{"Node Type": "Nested Loop", "Parent Relationship": "Outer", "Join Type": "Inner", "Startup Cost": 0.0, "Total Cost": 358111.92, "Plan Rows": 637886, "Plan Width": 45, "Actual Startup Time": 0.308, "Actual Total Time": 0.376, "Actual Rows": 4, "Actual Loops": 1, "Inner Unique": true, "Plans": [{"Node Type": "Nested Loop", "Parent Relationship": "Outer", "Join Type": "Inner", "Startup Cost": 0.0, "Total Cost": 182690.06, "Plan Rows": 501180, "Plan Width": 32, "Actual Startup Time": 0.192, "Actual Total Time": 0.339, "Actual Rows": 5, "Actual Loops": 1, "Inner Unique": false, "Join Filter": "(mc.company_type_id = ct.id), (LLVM Optimized)", "Rows Removed by Join Filter": 95, "Plans": [{"Node Type": "Index Scan", "Parent Relationship": "Outer", "Scan Direction": "Forward", "Index Name": "company_type_pkey", "Relation Name": "company_type", "Alias": "ct", "Startup Cost": 0.0, "Total Cost": 12.3, "Plan Rows": 1, "Plan Width": 4, "Actual Startup Time": 0.032, "Actual Total Time": 0.034, "Actual Rows": 1, "Actual Loops": 1, "Filter": "((kind)::text = 'production companies'::text)", "Rows Removed by Filter": 2}, {"Node Type": "Nested Loop", "Parent Relationship": "Inner", "Join Type": "Inner", "Startup Cost": 0.0, "Total Cost": 172314.68, "Plan Rows": 829046, "Plan Width": 36, "Actual Startup Time": 0.089, "Actual Total Time": 0.275, "Actual Rows": 100, "Actual Loops": 1, "Inner Unique": false, "Plans": [{"Node Type": "Nested Loop", "Parent Relationship": "Outer", "Join Type": "Inner", "Startup Cost": 0.0, "Total Cost": 38338.2, "Plan Rows": 345008, "Plan Width": 4, "Actual Startup Time": 0.075, "Actual Total Time": 0.081, "Actual Rows": 10, "Actual Loops": 1, "Inner Unique": false, "Plans": [{"Node Type": "Index Scan", "Parent Relationship": "Outer", "Scan Direction": "Forward", "Index Name": "info_type_pkey", "Relation Name": "info_type", "Alias": "it", "Startup Cost": 0.0, "Total Cost": 14.21, "Plan Rows": 1, "Plan Width": 4, "Actual Startup Time": 0.059, "Actual Total Time": 0.06, "Actual Rows": 1, "Actual Loops": 1, "Filter": "((info)::text = 'bottom 10 rank'::text)", "Rows Removed by Filter": 111}, {"Node Type": "Index Scan", "Parent Relationship": "Inner", "Scan Direction": "Forward", "Index Name": "info_type_id_movie_info_idx", "Relation Name": "movie_info_idx", "Alias": "mi_idx", "Startup Cost": 0.0, "Total Cost": 34873.91, "Plan Rows": 345008, "Plan Width": 8, "Actual Startup Time": 0.012, "Actual Total Time": 0.016, "Actual Rows": 10, "Actual Loops": 1, "Index Cond": "(info_type_id = it.id), (LLVM Optimized)", "Rows Removed by Index Recheck": 0}]}, {"Node Type": "Index Scan", "Parent Relationship": "Inner", "Scan Direction": "Forward", "Index Name": "movie_id_movie_companies", "Relation Name": "movie_companies", "Alias": "mc", "Startup Cost": 0.0, "Total Cost": 0.37, "Plan Rows": 2, "Plan Width": 32, "Actual Startup Time": 0.079, "Actual Total Time": 0.162, "Actual Rows": 100, "Actual Loops": 10, "Index Cond": "(movie_id = mi_idx.movie_id)", "Rows Removed by Index Recheck": 0, "Filter": "((note)::text !~~ '%(as Metro-Goldwyn-Mayer Pictures)%'::text)", "Rows Removed by Filter": 20}]}]}, {"Node Type": "Index Scan", "Parent Relationship": "Inner", "Scan Direction": "Forward", "Index Name": "title_pkey", "Relation Name": "title", "Alias": "t", "Startup Cost": 0.0, "Total Cost": 0.34, "Plan Rows": 1, "Plan Width": 25, "Actual Startup Time": 0.031, "Actual Total Time": 0.031, "Actual Rows": 4, "Actual Loops": 5, "Index Cond": "(id = mc.movie_id)", "Rows Removed by Index Recheck": 0, "Filter": "(production_year > 2000)", "Rows Removed by Filter": 1}]}]}, "Triggers": [], "Planner Runtime": 2, "Total Runtime": 9.953, "Unique SQL Id": 2492542741}}, "(16, 58)": {"explain_plan": {"Plan": {"Node Type": "Aggregate", "Strategy": "Plain", "Startup Cost": 62331198.02, "Total Cost": 62331198.05, "Plan Rows": 1, "Plan Width": 113, "Plans": [{"Node Type": "Streaming(type: LOCAL GATHER dop: 1/16)", "Parent Relationship": "Outer", "Startup Cost": 62331198.02, "Total Cost": 62331198.05, "Plan Rows": 1, "Plan Width": 113, "Plans": [{"Node Type": "Aggregate", "Strategy": "Plain", "Parent Relationship": "Outer", "Startup Cost": 62331198.02, "Total Cost": 62331198.03, "Plan Rows": 1, "Plan Width": 113, "Plans": [{"Node Type": "Nested Loop", "Parent Relationship": "Outer", "Join Type": "Inner", "Startup Cost": 0.0, "Total Cost": 62326413.88, "Plan Rows": 637886, "Plan Width": 45, "Inner Unique": false, "Join Filter": "(mc.movie_id = t.id), (LLVM Optimized)", "Plans": [{"Node Type": "Streaming(type: LOCAL REDISTRIBUTE dop: 16/16)", "Parent Relationship": "Outer", "Startup Cost": 0.0, "Total Cost": 55003.85, "Plan Rows": 1304518, "Plan Width": 28, "Plans": [{"Node Type": "Nested Loop", "Parent Relationship": "Outer", "Join Type": "Inner", "Startup Cost": 0.0, "Total Cost": 35060.95, "Plan Rows": 1304518, "Plan Width": 28, "Inner Unique": false, "Join Filter": "(ct.id = mc.company_type_id), (LLVM Optimized)", "Plans": [{"Node Type": "Streaming(type: BROADCAST dop: 16/1)", "Parent Relationship": "Outer", "Startup Cost": 0.0, "Total Cost": 15001.38, "Plan Rows": 16, "Plan Width": 4, "Plans": [{"Node Type": "Seq Scan", "Parent Relationship": "Outer", "Relation Name": "company_type", "Alias": "ct", "Startup Cost": 0.0, "Total Cost": 1.04, "Plan Rows": 1, "Plan Width": 4, "Filter": "((kind)::text = 'production companies'::text)"}]}, {"Node Type": "Seq Scan", "Parent Relationship": "Inner", "Relation Name": "movie_companies", "Alias": "mc", "Startup Cost": 0.0, "Total Cost": 18021.26, "Plan Rows": 2609035, "Plan Width": 32, "Filter": "((note)::text !~~ '%(as Metro-Goldwyn-Mayer Pictures)%'::text), (LLVM Optimized)"}]}]}, {"Node Type": "Materialize", "Parent Relationship": "Inner", "Startup Cost": 0.0, "Total Cost": 28040188.8, "Plan Rows": 447839, "Plan Width": 29, "Plans": [{"Node Type": "Streaming(type: LOCAL REDISTRIBUTE dop: 16/16)", "Parent Relationship": "Outer", "Startup Cost": 0.0, "Total Cost": 28040048.85, "Plan Rows": 447839, "Plan Width": 29, "Plans": [{"Node Type": "Nested Loop", "Parent Relationship": "Outer", "Join Type": "Inner", "Startup Cost": 0.0, "Total Cost": 28023351.96, "Plan Rows": 447839, "Plan Width": 29, "Inner Unique": false, "Join Filter": "(mi_idx.movie_id = t.id), (LLVM Optimized)", "Plans": [{"Node Type": "Streaming(type: LOCAL REDISTRIBUTE dop: 16/16)", "Parent Relationship": "Outer", "Startup Cost": 0.0, "Total Cost": 39385.42, "Plan Rows": 1381886, "Plan Width": 25, "Plans": [{"Node Type": "Seq Scan", "Parent Relationship": "Outer", "Relation Name": "title", "Alias": "t", "Startup Cost": 0.0, "Total Cost": 19149.37, "Plan Rows": 1381886, "Plan Width": 25, "Filter": "(production_year > 2000), (LLVM Optimized)"}]}, {"Node Type": "Materialize", "Parent Relationship": "Inner", "Startup Cost": 0.0, "Total Cost": 48763.12, "Plan Rows": 345008, "Plan Width": 4, "Plans": [{"Node Type": "Streaming(type: LOCAL REDISTRIBUTE dop: 16/16)", "Parent Relationship": "Outer", "Startup Cost": 0.0, "Total Cost": 48655.3, "Plan Rows": 345008, "Plan Width": 4, "Plans": [{"Node Type": "Nested Loop", "Parent Relationship": "Outer", "Join Type": "Inner", "Startup Cost": 0.0, "Total Cost": 32348.04, "Plan Rows": 345008, "Plan Width": 4, "Inner Unique": false, "Join Filter": "(it.id = mi_idx.info_type_id), (LLVM Optimized)", "Plans": [{"Node Type": "Streaming(type: BROADCAST dop: 16/1)", "Parent Relationship": "Outer", "Startup Cost": 0.0, "Total Cost": 15002.75, "Plan Rows": 16, "Plan Width": 4, "Plans": [{"Node Type": "Seq Scan", "Parent Relationship": "Outer", "Relation Name": "info_type", "Alias": "it", "Startup Cost": 0.0, "Total Cost": 2.4, "Plan Rows": 1, "Plan Width": 4, "Filter": "((info)::text = 'bottom 10 rank'::text)"}]}, {"Node Type": "Seq Scan", "Parent Relationship": "Inner", "Relation Name": "movie_info_idx", "Alias": "mi_idx", "Startup Cost": 0.0, "Total Cost": 16267.15, "Plan Rows": 1380034, "Plan Width": 8}]}]}]}]}]}]}]}]}]}]}, "Unique SQL Id": 2492542741, "Planner Runtime": 3}, "explain_analyze_plan": {"Plan": {"Node Type": "Aggregate", "Strategy": "Plain", "Startup Cost": 62331198.02, "Total Cost": 62331198.05, "Plan Rows": 1, "Plan Width": 113, "Actual Min Startup Time": 538.289, "Actual Max Startup Time": 538.289, "Actual Min Total Time": 538.289, "Actual Max Total Time": 538.289, "Plans": [{"Node Type": "Streaming(type: LOCAL GATHER dop: 1/16)", "Parent Relationship": "Outer", "Startup Cost": 62331198.02, "Total Cost": 62331198.05, "Plan Rows": 1, "Plan Width": 113, "Actual Min Startup Time": 538.12, "Actual Max Startup Time": 538.12, "Actual Min Total Time": 538.259, "Actual Max Total Time": 538.259, "Plans": [{"Node Type": "Aggregate", "Strategy": "Plain", "Parent Relationship": "Outer", "Startup Cost": 62331198.02, "Total Cost": 62331198.03, "Plan Rows": 1, "Plan Width": 113, "Actual Min Startup Time": 289.035, "Actual Max Startup Time": 391.806, "Actual Min Total Time": 289.035, "Actual Max Total Time": 391.806, "Plans": [{"Node Type": "Nested Loop", "Parent Relationship": "Outer", "Join Type": "Inner", "Startup Cost": 0.0, "Total Cost": 62326413.88, "Plan Rows": 637886, "Plan Width": 45, "Actual Min Startup Time": 270.846, "Actual Max Startup Time": 391.798, "Actual Min Total Time": 289.031, "Actual Max Total Time": 391.798, "Inner Unique": false, "Join Filter": "(mc.movie_id = t.id), (LLVM Optimized)", "Rows Removed by Join Filter": 53201, "Plans": [{"Node Type": "Streaming(type: LOCAL REDISTRIBUTE dop: 16/16)", "Parent Relationship": "Outer", "Startup Cost": 0.0, "Total Cost": 55003.85, "Plan Rows": 1304518, "Plan Width": 28, "Actual Min Startup Time": 0.055, "Actual Max Startup Time": 0.423, "Actual Min Total Time": 33.679, "Actual Max Total Time": 36.63, "Plans": [{"Node Type": "Nested Loop", "Parent Relationship": "Outer", "Join Type": "Inner", "Startup Cost": 0.0, "Total Cost": 35060.95, "Plan Rows": 1304518, "Plan Width": 28, "Actual Min Startup Time": 49.375, "Actual Max Startup Time": 63.832, "Actual Min Total Time": 72.079, "Actual Max Total Time": 87.65, "Inner Unique": false, "Join Filter": "(ct.id = mc.company_type_id), (LLVM Optimized)", "Rows Removed by Join Filter": 1196183, "Plans": [{"Node Type": "Streaming(type: BROADCAST dop: 16/1)", "Parent Relationship": "Outer", "Startup Cost": 0.0, "Total Cost": 15001.38, "Plan Rows": 16, "Plan Width": 4, "Actual Min Startup Time": 0.004, "Actual Max Startup Time": 6.835, "Actual Min Total Time": 0.005, "Actual Max Total Time": 6.836, "Plans": [{"Node Type": "Seq Scan", "Parent Relationship": "Outer", "Relation Name": "company_type", "Alias": "ct", "Startup Cost": 0.0, "Total Cost": 1.04, "Plan Rows": 1, "Plan Width": 4, "Actual Min Startup Time": 0.034, "Actual Max Startup Time": 0.034, "Actual Min Total Time": 0.037, "Actual Max Total Time": 0.037, "Filter": "((kind)::text = 'production companies'::text)", "Rows Removed by Filter": 2, "Actual Rows": 1}], "Actual Rows": 16}, {"Node Type": "Seq Scan", "Parent Relationship": "Inner", "Relation Name": "movie_companies", "Alias": "mc", "Startup Cost": 0.0, "Total Cost": 18021.26, "Plan Rows": 2609035, "Plan Width": 32, "Actual Min Startup Time": 0.03, "Actual Max Startup Time": 0.045, "Actual Min Total Time": 57.049, "Actual Max Total Time": 67.143, "Filter": "((note)::text !~~ '%(as Metro-Goldwyn-Mayer Pictures)%'::text), (LLVM Optimized)", "Rows Removed by Filter": 1272041, "Actual Rows": 1337087}], "Actual Rows": 140904}], "Actual Rows": 140904}, {"Node Type": "Materialize", "Parent Relationship": "Inner", "Startup Cost": 0.0, "Total Cost": 28040188.8, "Plan Rows": 447839, "Plan Width": 29, "Actual Min Startup Time": 250.917, "Actual Max Startup Time": 353.666, "Actual Min Total Time": 251.57, "Actual Max Total Time": 353.666, "Plans": [{"Node Type": "Streaming(type: LOCAL REDISTRIBUTE dop: 16/16)", "Parent Relationship": "Outer", "Startup Cost": 0.0, "Total Cost": 28040048.85, "Plan Rows": 447839, "Plan Width": 29, "Actual Min Startup Time": 250.072, "Actual Max Startup Time": 352.902, "Actual Min Total Time": 250.104, "Actual Max Total Time": 352.902, "Plans": [{"Node Type": "Nested Loop", "Parent Relationship": "Outer", "Join Type": "Inner", "Startup Cost": 0.0, "Total Cost": 28023351.96, "Plan Rows": 447839, "Plan Width": 29, "Actual Min Startup Time": 154.52, "Actual Max Startup Time": 372.595, "Actual Min Total Time": 248.574, "Actual Max Total Time": 372.595, "Inner Unique": false, "Join Filter": "(mi_idx.movie_id = t.id), (LLVM Optimized)", "Rows Removed by Join Filter": 863716, "Plans": [{"Node Type": "Streaming(type: LOCAL REDISTRIBUTE dop: 16/16)", "Parent Relationship": "Outer", "Startup Cost": 0.0, "Total Cost": 39385.42, "Plan Rows": 1381886, "Plan Width": 25, "Actual Min Startup Time": 0.059, "Actual Max Startup Time": 0.467, "Actual Min Total Time": 140.136, "Actual Max Total Time": 189.556, "Plans": [{"Node Type": "Seq Scan", "Parent Relationship": "Outer", "Relation Name": "title", "Alias": "t", "Startup Cost": 0.0, "Total Cost": 19149.37, "Plan Rows": 1381886, "Plan Width": 25, "Actual Min Startup Time": 0.026, "Actual Max Startup Time": 0.046, "Actual Min Total Time": 61.353, "Actual Max Total Time": 69.966, "Filter": "(production_year > 2000), (LLVM Optimized)", "Rows Removed by Filter": 1146858, "Actual Rows": 1381453}], "Actual Rows": 1381453}, {"Node Type": "Materialize", "Parent Relationship": "Inner", "Startup Cost": 0.0, "Total Cost": 48763.12, "Plan Rows": 345008, "Plan Width": 4, "Actual Min Startup Time": 43.251, "Actual Max Startup Time": 170.63, "Actual Min Total Time": 45.588, "Actual Max Total Time": 170.63, "Plans": [{"Node Type": "Streaming(type: LOCAL REDISTRIBUTE dop: 16/16)", "Parent Relationship": "Outer", "Startup Cost": 0.0, "Total Cost": 48655.3, "Plan Rows": 345008, "Plan Width": 4, "Actual Min Startup Time": 0.024, "Actual Max Startup Time": 159.516, "Actual Min Total Time": 35.52, "Actual Max Total Time": 159.516, "Plans": [{"Node Type": "Nested Loop", "Parent Relationship": "Outer", "Join Type": "Inner", "Startup Cost": 0.0, "Total Cost": 32348.04, "Plan Rows": 345008, "Plan Width": 4, "Actual Min Startup Time": 34.897, "Actual Max Startup Time": 51.935, "Actual Min Total Time": 34.897, "Actual Max Total Time": 51.935, "Inner Unique": false, "Join Filter": "(it.id = mi_idx.info_type_id), (LLVM Optimized)", "Rows Removed by Join Filter": 1380024, "Plans": [{"Node Type": "Streaming(type: BROADCAST dop: 16/1)", "Parent Relationship": "Outer", "Startup Cost": 0.0, "Total Cost": 15002.75, "Plan Rows": 16, "Plan Width": 4, "Actual Min Startup Time": 0.003, "Actual Max Startup Time": 16.672, "Actual Min Total Time": 0.004, "Actual Max Total Time": 16.674, "Plans": [{"Node Type": "Seq Scan", "Parent Relationship": "Outer", "Relation Name": "info_type", "Alias": "it", "Startup Cost": 0.0, "Total Cost": 2.4, "Plan Rows": 1, "Plan Width": 4, "Actual Min Startup Time": 0.075, "Actual Max Startup Time": 0.075, "Actual Min Total Time": 0.078, "Actual Max Total Time": 0.078, "Filter": "((info)::text = 'bottom 10 rank'::text)", "Rows Removed by Filter": 111, "Actual Rows": 1}], "Actual Rows": 16}, {"Node Type": "Seq Scan", "Parent Relationship": "Inner", "Relation Name": "movie_info_idx", "Alias": "mi_idx", "Startup Cost": 0.0, "Total Cost": 16267.15, "Plan Rows": 1380034, "Plan Width": 8, "Actual Min Startup Time": 0.035, "Actual Max Startup Time": 0.061, "Actual Min Total Time": 18.708, "Actual Max Total Time": 22.481, "Actual Rows": 1380034}], "Actual Rows": 10}], "Actual Rows": 10}], "Actual Rows": 863730}], "Actual Rows": 6}], "Actual Rows": 6}], "Actual Rows": 53211}], "Actual Rows": 4}], "Actual Rows": 16}], "Actual Rows": 16}], "Actual Rows": 1}, "Triggers": [], "Planner Runtime": 3, "Total Runtime": 565.139, "Unique SQL Id": 2492542741}}, "(16, 59)": {"explain_plan": {"Plan": {"Node Type": "Aggregate", "Strategy": "Plain", "Startup Cost": 5015944704069.06, "Total Cost": 5015944704069.07, "Plan Rows": 1, "Plan Width": 113, "Plans": [{"Node Type": "Nested Loop", "Parent Relationship": "Outer", "Join Type": "Inner", "Startup Cost": 50000000000.0, "Total Cost": 5015944699284.92, "Plan Rows": 637886, "Plan Width": 45, "Inner Unique": false, "Join Filter": "(mc.movie_id = t.id), (LLVM Optimized)", "Plans": [{"Node Type": "Nested Loop", "Parent Relationship": "Outer", "Join Type": "Inner", "Startup Cost": 20000000000.0, "Total Cost": 2000013744593.91, "Plan Rows": 1304518, "Plan Width": 28, "Inner Unique": true, "Join Filter": "(ct.id = mc.company_type_id), (LLVM Optimized)", "Plans": [{"Node Type": "Index Scan", "Parent Relationship": "Outer", "Scan Direction": "Forward", "Index Name": "movie_id_movie_companies", "Relation Name": "movie_companies", "Alias": "mc", "Startup Cost": 10000000000.0, "Total Cost": 1000013704228.13, "Plan Rows": 2609035, "Plan Width": 32, "Filter": "((note)::text !~~ '%(as Metro-Goldwyn-Mayer Pictures)%'::text), (LLVM Optimized)"}, {"Node Type": "Materialize", "Parent Relationship": "Inner", "Startup Cost": 10000000000.0, "Total Cost": 1000000001230.26, "Plan Rows": 1, "Plan Width": 4, "Plans": [{"Node Type": "Index Scan", "Parent Relationship": "Outer", "Scan Direction": "Forward", "Index Name": "company_type_pkey", "Relation Name": "company_type", "Alias": "ct", "Startup Cost": 10000000000.0, "Total Cost": 1000000001230.25, "Plan Rows": 1, "Plan Width": 4, "Filter": "((kind)::text = 'production companies'::text)"}]}]}, {"Node Type": "Materialize", "Parent Relationship": "Inner", "Startup Cost": 30000000000.0, "Total Cost": 3007167745261.58, "Plan Rows": 447839, "Plan Width": 29, "Plans": [{"Node Type": "Nested Loop", "Parent Relationship": "Outer", "Join Type": "Inner", "Startup Cost": 30000000000.0, "Total Cost": 3007167743022.38, "Plan Rows": 447839, "Plan Width": 29, "Inner Unique": false, "Join Filter": "(mi_idx.movie_id = t.id), (LLVM Optimized)", "Plans": [{"Node Type": "Index Scan", "Parent Relationship": "Outer", "Scan Direction": "Forward", "Index Name": "title_pkey", "Relation Name": "title", "Alias": "t", "Startup Cost": 10000000000.0, "Total Cost": 1000011644126.66, "Plan Rows": 1381886, "Plan Width": 25, "Filter": "(production_year > 2000), (LLVM Optimized)"}, {"Node Type": "Materialize", "Parent Relationship": "Inner", "Startup Cost": 20000000000.0, "Total Cost": 2000004673881.92, "Plan Rows": 345008, "Plan Width": 4, "Plans": [{"Node Type": "Nested Loop", "Parent Relationship": "Outer", "Join Type": "Inner", "Startup Cost": 20000000000.0, "Total Cost": 2000004672156.88, "Plan Rows": 345008, "Plan Width": 4, "Inner Unique": true, "Join Filter": "(it.id = mi_idx.info_type_id), (LLVM Optimized)", "Plans": [{"Node Type": "Index Scan", "Parent Relationship": "Outer", "Scan Direction": "Forward", "Index Name": "movie_id_movie_info_idx", "Relation Name": "movie_info_idx", "Alias": "mi_idx", "Startup Cost": 10000000000.0, "Total Cost": 1000004650035.37, "Plan Rows": 1380034, "Plan Width": 8}, {"Node Type": "Materialize", "Parent Relationship": "Inner", "Startup Cost": 10000000000.0, "Total Cost": 1000000001421.0, "Plan Rows": 1, "Plan Width": 4, "Plans": [{"Node Type": "Index Scan", "Parent Relationship": "Outer", "Scan Direction": "Forward", "Index Name": "info_type_pkey", "Relation Name": "info_type", "Alias": "it", "Startup Cost": 10000000000.0, "Total Cost": 1000000001421.0, "Plan Rows": 1, "Plan Width": 4, "Filter": "((info)::text = 'bottom 10 rank'::text)"}]}]}]}]}]}]}]}, "Unique SQL Id": 2492542741, "Planner Runtime": 2}, "explain_analyze_plan": null}, "(16, 60)": {"explain_plan": {"Plan": {"Node Type": "Aggregate", "Strategy": "Plain", "Startup Cost": 364340.62, "Total Cost": 364340.63, "Plan Rows": 1, "Plan Width": 113, "Plans": [{"Node Type": "Nested Loop", "Parent Relationship": "Outer", "Join Type": "Inner", "Startup Cost": 0.0, "Total Cost": 359556.48, "Plan Rows": 637886, "Plan Width": 45, "Inner Unique": true, "Plans": [{"Node Type": "Nested Loop", "Parent Relationship": "Outer", "Join Type": "Inner", "Startup Cost": 0.0, "Total Cost": 184134.61, "Plan Rows": 501180, "Plan Width": 32, "Inner Unique": false, "Join Filter": "(mc.company_type_id = ct.id), (LLVM Optimized)", "Plans": [{"Node Type": "Seq Scan", "Parent Relationship": "Outer", "Relation Name": "company_type", "Alias": "ct", "Startup Cost": 0.0, "Total Cost": 1.04, "Plan Rows": 1, "Plan Width": 4, "Filter": "((kind)::text = 'production companies'::text)"}, {"Node Type": "Materialize", "Parent Relationship": "Inner", "Startup Cost": 0.0, "Total Cost": 175843.11, "Plan Rows": 829046, "Plan Width": 36, "Plans": [{"Node Type": "Nested Loop", "Parent Relationship": "Outer", "Join Type": "Inner", "Startup Cost": 0.0, "Total Cost": 173770.5, "Plan Rows": 829046, "Plan Width": 36, "Inner Unique": false, "Plans": [{"Node Type": "Streaming(type: LOCAL GATHER dop: 1/16)", "Parent Relationship": "Outer", "Startup Cost": 0.0, "Total Cost": 39794.02, "Plan Rows": 345008, "Plan Width": 4, "Plans": [{"Node Type": "Nested Loop", "Parent Relationship": "Outer", "Join Type": "Inner", "Startup Cost": 0.0, "Total Cost": 32348.04, "Plan Rows": 345008, "Plan Width": 4, "Inner Unique": false, "Join Filter": "(it.id = mi_idx.info_type_id), (LLVM Optimized)", "Plans": [{"Node Type": "Streaming(type: BROADCAST dop: 16/1)", "Parent Relationship": "Outer", "Startup Cost": 0.0, "Total Cost": 15002.75, "Plan Rows": 16, "Plan Width": 4, "Plans": [{"Node Type": "Seq Scan", "Parent Relationship": "Outer", "Relation Name": "info_type", "Alias": "it", "Startup Cost": 0.0, "Total Cost": 2.4, "Plan Rows": 1, "Plan Width": 4, "Filter": "((info)::text = 'bottom 10 rank'::text)"}]}, {"Node Type": "Seq Scan", "Parent Relationship": "Inner", "Relation Name": "movie_info_idx", "Alias": "mi_idx", "Startup Cost": 0.0, "Total Cost": 16267.15, "Plan Rows": 1380034, "Plan Width": 8}]}]}, {"Node Type": "Index Scan", "Parent Relationship": "Inner", "Scan Direction": "Forward", "Index Name": "movie_id_movie_companies", "Relation Name": "movie_companies", "Alias": "mc", "Startup Cost": 0.0, "Total Cost": 0.37, "Plan Rows": 2, "Plan Width": 32, "Index Cond": "(movie_id = mi_idx.movie_id)", "Filter": "((note)::text !~~ '%(as Metro-Goldwyn-Mayer Pictures)%'::text)"}]}]}]}, {"Node Type": "Index Scan", "Parent Relationship": "Inner", "Scan Direction": "Forward", "Index Name": "title_pkey", "Relation Name": "title", "Alias": "t", "Startup Cost": 0.0, "Total Cost": 0.34, "Plan Rows": 1, "Plan Width": 25, "Index Cond": "(id = mc.movie_id)", "Filter": "(production_year > 2000)"}]}]}, "Unique SQL Id": 2492542741, "Planner Runtime": 3}, "explain_analyze_plan": {"Plan": {"Node Type": "Aggregate", "Strategy": "Plain", "Startup Cost": 364340.62, "Total Cost": 364340.63, "Plan Rows": 1, "Plan Width": 113, "Actual Min Startup Time": 80.902, "Actual Max Startup Time": 80.902, "Actual Min Total Time": 80.903, "Actual Max Total Time": 80.903, "Plans": [{"Node Type": "Nested Loop", "Parent Relationship": "Outer", "Join Type": "Inner", "Startup Cost": 0.0, "Total Cost": 359556.48, "Plan Rows": 637886, "Plan Width": 45, "Actual Min Startup Time": 80.84, "Actual Max Startup Time": 80.84, "Actual Min Total Time": 80.872, "Actual Max Total Time": 80.872, "Inner Unique": true, "Plans": [{"Node Type": "Nested Loop", "Parent Relationship": "Outer", "Join Type": "Inner", "Startup Cost": 0.0, "Total Cost": 184134.61, "Plan Rows": 501180, "Plan Width": 32, "Actual Min Startup Time": 80.798, "Actual Max Startup Time": 80.798, "Actual Min Total Time": 80.828, "Actual Max Total Time": 80.828, "Inner Unique": false, "Join Filter": "(mc.company_type_id = ct.id), (LLVM Optimized)", "Rows Removed by Join Filter": 95, "Plans": [{"Node Type": "Seq Scan", "Parent Relationship": "Outer", "Relation Name": "company_type", "Alias": "ct", "Startup Cost": 0.0, "Total Cost": 1.04, "Plan Rows": 1, "Plan Width": 4, "Actual Min Startup Time": 0.013, "Actual Max Startup Time": 0.013, "Actual Min Total Time": 0.016, "Actual Max Total Time": 0.016, "Filter": "((kind)::text = 'production companies'::text)", "Rows Removed by Filter": 2, "Actual Rows": 1}, {"Node Type": "Materialize", "Parent Relationship": "Inner", "Startup Cost": 0.0, "Total Cost": 175843.11, "Plan Rows": 829046, "Plan Width": 36, "Actual Min Startup Time": 80.764, "Actual Max Startup Time": 80.764, "Actual Min Total Time": 80.774, "Actual Max Total Time": 80.774, "Plans": [{"Node Type": "Nested Loop", "Parent Relationship": "Outer", "Join Type": "Inner", "Startup Cost": 0.0, "Total Cost": 173770.5, "Plan Rows": 829046, "Plan Width": 36, "Actual Min Startup Time": 80.509, "Actual Max Startup Time": 80.509, "Actual Min Total Time": 80.711, "Actual Max Total Time": 80.711, "Inner Unique": false, "Plans": [{"Node Type": "Streaming(type: LOCAL GATHER dop: 1/16)", "Parent Relationship": "Outer", "Startup Cost": 0.0, "Total Cost": 39794.02, "Plan Rows": 345008, "Plan Width": 4, "Actual Min Startup Time": 80.427, "Actual Max Startup Time": 80.427, "Actual Min Total Time": 80.429, "Actual Max Total Time": 80.429, "Plans": [{"Node Type": "Nested Loop", "Parent Relationship": "Outer", "Join Type": "Inner", "Startup Cost": 0.0, "Total Cost": 32348.04, "Plan Rows": 345008, "Plan Width": 4, "Actual Min Startup Time": 34.742, "Actual Max Startup Time": 41.136, "Actual Min Total Time": 34.742, "Actual Max Total Time": 41.143, "Inner Unique": false, "Join Filter": "(it.id = mi_idx.info_type_id), (LLVM Optimized)", "Rows Removed by Join Filter": 1380024, "Plans": [{"Node Type": "Streaming(type: BROADCAST dop: 16/1)", "Parent Relationship": "Outer", "Startup Cost": 0.0, "Total Cost": 15002.75, "Plan Rows": 16, "Plan Width": 4, "Actual Min Startup Time": 0.002, "Actual Max Startup Time": 0.008, "Actual Min Total Time": 0.003, "Actual Max Total Time": 0.011, "Plans": [{"Node Type": "Seq Scan", "Parent Relationship": "Outer", "Relation Name": "info_type", "Alias": "it", "Startup Cost": 0.0, "Total Cost": 2.4, "Plan Rows": 1, "Plan Width": 4, "Actual Min Startup Time": 0.072, "Actual Max Startup Time": 0.072, "Actual Min Total Time": 0.076, "Actual Max Total Time": 0.076, "Filter": "((info)::text = 'bottom 10 rank'::text)", "Rows Removed by Filter": 111, "Actual Rows": 1}], "Actual Rows": 16}, {"Node Type": "Seq Scan", "Parent Relationship": "Inner", "Relation Name": "movie_info_idx", "Alias": "mi_idx", "Startup Cost": 0.0, "Total Cost": 16267.15, "Plan Rows": 1380034, "Plan Width": 8, "Actual Min Startup Time": 0.031, "Actual Max Startup Time": 0.047, "Actual Min Total Time": 18.557, "Actual Max Total Time": 21.986, "Actual Rows": 1380034}], "Actual Rows": 10}], "Actual Rows": 10}, {"Node Type": "Index Scan", "Parent Relationship": "Inner", "Scan Direction": "Forward", "Index Name": "movie_id_movie_companies", "Relation Name": "movie_companies", "Alias": "mc", "Startup Cost": 0.0, "Total Cost": 0.37, "Plan Rows": 2, "Plan Width": 32, "Actual Min Startup Time": 0.146, "Actual Max Startup Time": 0.146, "Actual Min Total Time": 0.239, "Actual Max Total Time": 0.239, "Index Cond": "(movie_id = mi_idx.movie_id)", "Rows Removed by Index Recheck": 0, "Filter": "((note)::text !~~ '%(as Metro-Goldwyn-Mayer Pictures)%'::text)", "Rows Removed by Filter": 20, "Actual Rows": 100}], "Actual Rows": 100}], "Actual Rows": 101}], "Actual Rows": 5}, {"Node Type": "Index Scan", "Parent Relationship": "Inner", "Scan Direction": "Forward", "Index Name": "title_pkey", "Relation Name": "title", "Alias": "t", "Startup Cost": 0.0, "Total Cost": 0.34, "Plan Rows": 1, "Plan Width": 25, "Actual Min Startup Time": 0.037, "Actual Max Startup Time": 0.037, "Actual Min Total Time": 0.037, "Actual Max Total Time": 0.037, "Index Cond": "(id = mc.movie_id)", "Rows Removed by Index Recheck": 0, "Filter": "(production_year > 2000)", "Rows Removed by Filter": 1, "Actual Rows": 4}], "Actual Rows": 4}], "Actual Rows": 1}, "Triggers": [], "Planner Runtime": 2, "Total Runtime": 93.532, "Unique SQL Id": 2492542741}}, "(16, 61)": {"explain_plan": {"Plan": {"Node Type": "Aggregate", "Strategy": "Plain", "Startup Cost": 362896.07, "Total Cost": 362896.08, "Plan Rows": 1, "Plan Width": 113, "Plans": [{"Node Type": "Nested Loop", "Parent Relationship": "Outer", "Join Type": "Inner", "Startup Cost": 0.0, "Total Cost": 358111.92, "Plan Rows": 637886, "Plan Width": 45, "Inner Unique": true, "Plans": [{"Node Type": "Nested Loop", "Parent Relationship": "Outer", "Join Type": "Inner", "Startup Cost": 0.0, "Total Cost": 182690.06, "Plan Rows": 501180, "Plan Width": 32, "Inner Unique": false, "Join Filter": "(mc.company_type_id = ct.id), (LLVM Optimized)", "Plans": [{"Node Type": "Index Scan", "Parent Relationship": "Outer", "Scan Direction": "Forward", "Index Name": "company_type_pkey", "Relation Name": "company_type", "Alias": "ct", "Startup Cost": 0.0, "Total Cost": 12.3, "Plan Rows": 1, "Plan Width": 4, "Filter": "((kind)::text = 'production companies'::text)"}, {"Node Type": "Nested Loop", "Parent Relationship": "Inner", "Join Type": "Inner", "Startup Cost": 0.0, "Total Cost": 172314.68, "Plan Rows": 829046, "Plan Width": 36, "Inner Unique": false, "Plans": [{"Node Type": "Nested Loop", "Parent Relationship": "Outer", "Join Type": "Inner", "Startup Cost": 0.0, "Total Cost": 38338.2, "Plan Rows": 345008, "Plan Width": 4, "Inner Unique": false, "Plans": [{"Node Type": "Index Scan", "Parent Relationship": "Outer", "Scan Direction": "Forward", "Index Name": "info_type_pkey", "Relation Name": "info_type", "Alias": "it", "Startup Cost": 0.0, "Total Cost": 14.21, "Plan Rows": 1, "Plan Width": 4, "Filter": "((info)::text = 'bottom 10 rank'::text)"}, {"Node Type": "Index Scan", "Parent Relationship": "Inner", "Scan Direction": "Forward", "Index Name": "info_type_id_movie_info_idx", "Relation Name": "movie_info_idx", "Alias": "mi_idx", "Startup Cost": 0.0, "Total Cost": 34873.91, "Plan Rows": 345008, "Plan Width": 8, "Index Cond": "(info_type_id = it.id), (LLVM Optimized)"}]}, {"Node Type": "Index Scan", "Parent Relationship": "Inner", "Scan Direction": "Forward", "Index Name": "movie_id_movie_companies", "Relation Name": "movie_companies", "Alias": "mc", "Startup Cost": 0.0, "Total Cost": 0.37, "Plan Rows": 2, "Plan Width": 32, "Index Cond": "(movie_id = mi_idx.movie_id)", "Filter": "((note)::text !~~ '%(as Metro-Goldwyn-Mayer Pictures)%'::text)"}]}]}, {"Node Type": "Index Scan", "Parent Relationship": "Inner", "Scan Direction": "Forward", "Index Name": "title_pkey", "Relation Name": "title", "Alias": "t", "Startup Cost": 0.0, "Total Cost": 0.34, "Plan Rows": 1, "Plan Width": 25, "Index Cond": "(id = mc.movie_id)", "Filter": "(production_year > 2000)"}]}]}, "Unique SQL Id": 2492542741, "Planner Runtime": 2}, "explain_analyze_plan": {"Plan": {"Node Type": "Aggregate", "Strategy": "Plain", "Startup Cost": 362896.07, "Total Cost": 362896.08, "Plan Rows": 1, "Plan Width": 113, "Actual Startup Time": 0.397, "Actual Total Time": 0.397, "Actual Rows": 1, "Actual Loops": 1, "Plans": [{"Node Type": "Nested Loop", "Parent Relationship": "Outer", "Join Type": "Inner", "Startup Cost": 0.0, "Total Cost": 358111.92, "Plan Rows": 637886, "Plan Width": 45, "Actual Startup Time": 0.308, "Actual Total Time": 0.376, "Actual Rows": 4, "Actual Loops": 1, "Inner Unique": true, "Plans": [{"Node Type": "Nested Loop", "Parent Relationship": "Outer", "Join Type": "Inner", "Startup Cost": 0.0, "Total Cost": 182690.06, "Plan Rows": 501180, "Plan Width": 32, "Actual Startup Time": 0.192, "Actual Total Time": 0.339, "Actual Rows": 5, "Actual Loops": 1, "Inner Unique": false, "Join Filter": "(mc.company_type_id = ct.id), (LLVM Optimized)", "Rows Removed by Join Filter": 95, "Plans": [{"Node Type": "Index Scan", "Parent Relationship": "Outer", "Scan Direction": "Forward", "Index Name": "company_type_pkey", "Relation Name": "company_type", "Alias": "ct", "Startup Cost": 0.0, "Total Cost": 12.3, "Plan Rows": 1, "Plan Width": 4, "Actual Startup Time": 0.032, "Actual Total Time": 0.034, "Actual Rows": 1, "Actual Loops": 1, "Filter": "((kind)::text = 'production companies'::text)", "Rows Removed by Filter": 2}, {"Node Type": "Nested Loop", "Parent Relationship": "Inner", "Join Type": "Inner", "Startup Cost": 0.0, "Total Cost": 172314.68, "Plan Rows": 829046, "Plan Width": 36, "Actual Startup Time": 0.089, "Actual Total Time": 0.275, "Actual Rows": 100, "Actual Loops": 1, "Inner Unique": false, "Plans": [{"Node Type": "Nested Loop", "Parent Relationship": "Outer", "Join Type": "Inner", "Startup Cost": 0.0, "Total Cost": 38338.2, "Plan Rows": 345008, "Plan Width": 4, "Actual Startup Time": 0.075, "Actual Total Time": 0.081, "Actual Rows": 10, "Actual Loops": 1, "Inner Unique": false, "Plans": [{"Node Type": "Index Scan", "Parent Relationship": "Outer", "Scan Direction": "Forward", "Index Name": "info_type_pkey", "Relation Name": "info_type", "Alias": "it", "Startup Cost": 0.0, "Total Cost": 14.21, "Plan Rows": 1, "Plan Width": 4, "Actual Startup Time": 0.059, "Actual Total Time": 0.06, "Actual Rows": 1, "Actual Loops": 1, "Filter": "((info)::text = 'bottom 10 rank'::text)", "Rows Removed by Filter": 111}, {"Node Type": "Index Scan", "Parent Relationship": "Inner", "Scan Direction": "Forward", "Index Name": "info_type_id_movie_info_idx", "Relation Name": "movie_info_idx", "Alias": "mi_idx", "Startup Cost": 0.0, "Total Cost": 34873.91, "Plan Rows": 345008, "Plan Width": 8, "Actual Startup Time": 0.012, "Actual Total Time": 0.016, "Actual Rows": 10, "Actual Loops": 1, "Index Cond": "(info_type_id = it.id), (LLVM Optimized)", "Rows Removed by Index Recheck": 0}]}, {"Node Type": "Index Scan", "Parent Relationship": "Inner", "Scan Direction": "Forward", "Index Name": "movie_id_movie_companies", "Relation Name": "movie_companies", "Alias": "mc", "Startup Cost": 0.0, "Total Cost": 0.37, "Plan Rows": 2, "Plan Width": 32, "Actual Startup Time": 0.079, "Actual Total Time": 0.162, "Actual Rows": 100, "Actual Loops": 10, "Index Cond": "(movie_id = mi_idx.movie_id)", "Rows Removed by Index Recheck": 0, "Filter": "((note)::text !~~ '%(as Metro-Goldwyn-Mayer Pictures)%'::text)", "Rows Removed by Filter": 20}]}]}, {"Node Type": "Index Scan", "Parent Relationship": "Inner", "Scan Direction": "Forward", "Index Name": "title_pkey", "Relation Name": "title", "Alias": "t", "Startup Cost": 0.0, "Total Cost": 0.34, "Plan Rows": 1, "Plan Width": 25, "Actual Startup Time": 0.031, "Actual Total Time": 0.031, "Actual Rows": 4, "Actual Loops": 5, "Index Cond": "(id = mc.movie_id)", "Rows Removed by Index Recheck": 0, "Filter": "(production_year > 2000)", "Rows Removed by Filter": 1}]}]}, "Triggers": [], "Planner Runtime": 2, "Total Runtime": 9.953, "Unique SQL Id": 2492542741}}, "(16, 62)": {"explain_plan": {"Plan": {"Node Type": "Aggregate", "Strategy": "Plain", "Startup Cost": 62331198.02, "Total Cost": 62331198.05, "Plan Rows": 1, "Plan Width": 113, "Plans": [{"Node Type": "Streaming(type: LOCAL GATHER dop: 1/16)", "Parent Relationship": "Outer", "Startup Cost": 62331198.02, "Total Cost": 62331198.05, "Plan Rows": 1, "Plan Width": 113, "Plans": [{"Node Type": "Aggregate", "Strategy": "Plain", "Parent Relationship": "Outer", "Startup Cost": 62331198.02, "Total Cost": 62331198.03, "Plan Rows": 1, "Plan Width": 113, "Plans": [{"Node Type": "Nested Loop", "Parent Relationship": "Outer", "Join Type": "Inner", "Startup Cost": 0.0, "Total Cost": 62326413.88, "Plan Rows": 637886, "Plan Width": 45, "Inner Unique": false, "Join Filter": "(mc.movie_id = t.id), (LLVM Optimized)", "Plans": [{"Node Type": "Streaming(type: LOCAL REDISTRIBUTE dop: 16/16)", "Parent Relationship": "Outer", "Startup Cost": 0.0, "Total Cost": 55003.85, "Plan Rows": 1304518, "Plan Width": 28, "Plans": [{"Node Type": "Nested Loop", "Parent Relationship": "Outer", "Join Type": "Inner", "Startup Cost": 0.0, "Total Cost": 35060.95, "Plan Rows": 1304518, "Plan Width": 28, "Inner Unique": false, "Join Filter": "(ct.id = mc.company_type_id), (LLVM Optimized)", "Plans": [{"Node Type": "Streaming(type: BROADCAST dop: 16/1)", "Parent Relationship": "Outer", "Startup Cost": 0.0, "Total Cost": 15001.38, "Plan Rows": 16, "Plan Width": 4, "Plans": [{"Node Type": "Seq Scan", "Parent Relationship": "Outer", "Relation Name": "company_type", "Alias": "ct", "Startup Cost": 0.0, "Total Cost": 1.04, "Plan Rows": 1, "Plan Width": 4, "Filter": "((kind)::text = 'production companies'::text)"}]}, {"Node Type": "Seq Scan", "Parent Relationship": "Inner", "Relation Name": "movie_companies", "Alias": "mc", "Startup Cost": 0.0, "Total Cost": 18021.26, "Plan Rows": 2609035, "Plan Width": 32, "Filter": "((note)::text !~~ '%(as Metro-Goldwyn-Mayer Pictures)%'::text), (LLVM Optimized)"}]}]}, {"Node Type": "Materialize", "Parent Relationship": "Inner", "Startup Cost": 0.0, "Total Cost": 28040188.8, "Plan Rows": 447839, "Plan Width": 29, "Plans": [{"Node Type": "Streaming(type: LOCAL REDISTRIBUTE dop: 16/16)", "Parent Relationship": "Outer", "Startup Cost": 0.0, "Total Cost": 28040048.85, "Plan Rows": 447839, "Plan Width": 29, "Plans": [{"Node Type": "Nested Loop", "Parent Relationship": "Outer", "Join Type": "Inner", "Startup Cost": 0.0, "Total Cost": 28023351.96, "Plan Rows": 447839, "Plan Width": 29, "Inner Unique": false, "Join Filter": "(mi_idx.movie_id = t.id), (LLVM Optimized)", "Plans": [{"Node Type": "Streaming(type: LOCAL REDISTRIBUTE dop: 16/16)", "Parent Relationship": "Outer", "Startup Cost": 0.0, "Total Cost": 39385.42, "Plan Rows": 1381886, "Plan Width": 25, "Plans": [{"Node Type": "Seq Scan", "Parent Relationship": "Outer", "Relation Name": "title", "Alias": "t", "Startup Cost": 0.0, "Total Cost": 19149.37, "Plan Rows": 1381886, "Plan Width": 25, "Filter": "(production_year > 2000), (LLVM Optimized)"}]}, {"Node Type": "Materialize", "Parent Relationship": "Inner", "Startup Cost": 0.0, "Total Cost": 48763.12, "Plan Rows": 345008, "Plan Width": 4, "Plans": [{"Node Type": "Streaming(type: LOCAL REDISTRIBUTE dop: 16/16)", "Parent Relationship": "Outer", "Startup Cost": 0.0, "Total Cost": 48655.3, "Plan Rows": 345008, "Plan Width": 4, "Plans": [{"Node Type": "Nested Loop", "Parent Relationship": "Outer", "Join Type": "Inner", "Startup Cost": 0.0, "Total Cost": 32348.04, "Plan Rows": 345008, "Plan Width": 4, "Inner Unique": false, "Join Filter": "(it.id = mi_idx.info_type_id), (LLVM Optimized)", "Plans": [{"Node Type": "Streaming(type: BROADCAST dop: 16/1)", "Parent Relationship": "Outer", "Startup Cost": 0.0, "Total Cost": 15002.75, "Plan Rows": 16, "Plan Width": 4, "Plans": [{"Node Type": "Seq Scan", "Parent Relationship": "Outer", "Relation Name": "info_type", "Alias": "it", "Startup Cost": 0.0, "Total Cost": 2.4, "Plan Rows": 1, "Plan Width": 4, "Filter": "((info)::text = 'bottom 10 rank'::text)"}]}, {"Node Type": "Seq Scan", "Parent Relationship": "Inner", "Relation Name": "movie_info_idx", "Alias": "mi_idx", "Startup Cost": 0.0, "Total Cost": 16267.15, "Plan Rows": 1380034, "Plan Width": 8}]}]}]}]}]}]}]}]}]}]}, "Unique SQL Id": 2492542741, "Planner Runtime": 3}, "explain_analyze_plan": {"Plan": {"Node Type": "Aggregate", "Strategy": "Plain", "Startup Cost": 62331198.02, "Total Cost": 62331198.05, "Plan Rows": 1, "Plan Width": 113, "Actual Min Startup Time": 538.289, "Actual Max Startup Time": 538.289, "Actual Min Total Time": 538.289, "Actual Max Total Time": 538.289, "Plans": [{"Node Type": "Streaming(type: LOCAL GATHER dop: 1/16)", "Parent Relationship": "Outer", "Startup Cost": 62331198.02, "Total Cost": 62331198.05, "Plan Rows": 1, "Plan Width": 113, "Actual Min Startup Time": 538.12, "Actual Max Startup Time": 538.12, "Actual Min Total Time": 538.259, "Actual Max Total Time": 538.259, "Plans": [{"Node Type": "Aggregate", "Strategy": "Plain", "Parent Relationship": "Outer", "Startup Cost": 62331198.02, "Total Cost": 62331198.03, "Plan Rows": 1, "Plan Width": 113, "Actual Min Startup Time": 289.035, "Actual Max Startup Time": 391.806, "Actual Min Total Time": 289.035, "Actual Max Total Time": 391.806, "Plans": [{"Node Type": "Nested Loop", "Parent Relationship": "Outer", "Join Type": "Inner", "Startup Cost": 0.0, "Total Cost": 62326413.88, "Plan Rows": 637886, "Plan Width": 45, "Actual Min Startup Time": 270.846, "Actual Max Startup Time": 391.798, "Actual Min Total Time": 289.031, "Actual Max Total Time": 391.798, "Inner Unique": false, "Join Filter": "(mc.movie_id = t.id), (LLVM Optimized)", "Rows Removed by Join Filter": 53201, "Plans": [{"Node Type": "Streaming(type: LOCAL REDISTRIBUTE dop: 16/16)", "Parent Relationship": "Outer", "Startup Cost": 0.0, "Total Cost": 55003.85, "Plan Rows": 1304518, "Plan Width": 28, "Actual Min Startup Time": 0.055, "Actual Max Startup Time": 0.423, "Actual Min Total Time": 33.679, "Actual Max Total Time": 36.63, "Plans": [{"Node Type": "Nested Loop", "Parent Relationship": "Outer", "Join Type": "Inner", "Startup Cost": 0.0, "Total Cost": 35060.95, "Plan Rows": 1304518, "Plan Width": 28, "Actual Min Startup Time": 49.375, "Actual Max Startup Time": 63.832, "Actual Min Total Time": 72.079, "Actual Max Total Time": 87.65, "Inner Unique": false, "Join Filter": "(ct.id = mc.company_type_id), (LLVM Optimized)", "Rows Removed by Join Filter": 1196183, "Plans": [{"Node Type": "Streaming(type: BROADCAST dop: 16/1)", "Parent Relationship": "Outer", "Startup Cost": 0.0, "Total Cost": 15001.38, "Plan Rows": 16, "Plan Width": 4, "Actual Min Startup Time": 0.004, "Actual Max Startup Time": 6.835, "Actual Min Total Time": 0.005, "Actual Max Total Time": 6.836, "Plans": [{"Node Type": "Seq Scan", "Parent Relationship": "Outer", "Relation Name": "company_type", "Alias": "ct", "Startup Cost": 0.0, "Total Cost": 1.04, "Plan Rows": 1, "Plan Width": 4, "Actual Min Startup Time": 0.034, "Actual Max Startup Time": 0.034, "Actual Min Total Time": 0.037, "Actual Max Total Time": 0.037, "Filter": "((kind)::text = 'production companies'::text)", "Rows Removed by Filter": 2, "Actual Rows": 1}], "Actual Rows": 16}, {"Node Type": "Seq Scan", "Parent Relationship": "Inner", "Relation Name": "movie_companies", "Alias": "mc", "Startup Cost": 0.0, "Total Cost": 18021.26, "Plan Rows": 2609035, "Plan Width": 32, "Actual Min Startup Time": 0.03, "Actual Max Startup Time": 0.045, "Actual Min Total Time": 57.049, "Actual Max Total Time": 67.143, "Filter": "((note)::text !~~ '%(as Metro-Goldwyn-Mayer Pictures)%'::text), (LLVM Optimized)", "Rows Removed by Filter": 1272041, "Actual Rows": 1337087}], "Actual Rows": 140904}], "Actual Rows": 140904}, {"Node Type": "Materialize", "Parent Relationship": "Inner", "Startup Cost": 0.0, "Total Cost": 28040188.8, "Plan Rows": 447839, "Plan Width": 29, "Actual Min Startup Time": 250.917, "Actual Max Startup Time": 353.666, "Actual Min Total Time": 251.57, "Actual Max Total Time": 353.666, "Plans": [{"Node Type": "Streaming(type: LOCAL REDISTRIBUTE dop: 16/16)", "Parent Relationship": "Outer", "Startup Cost": 0.0, "Total Cost": 28040048.85, "Plan Rows": 447839, "Plan Width": 29, "Actual Min Startup Time": 250.072, "Actual Max Startup Time": 352.902, "Actual Min Total Time": 250.104, "Actual Max Total Time": 352.902, "Plans": [{"Node Type": "Nested Loop", "Parent Relationship": "Outer", "Join Type": "Inner", "Startup Cost": 0.0, "Total Cost": 28023351.96, "Plan Rows": 447839, "Plan Width": 29, "Actual Min Startup Time": 154.52, "Actual Max Startup Time": 372.595, "Actual Min Total Time": 248.574, "Actual Max Total Time": 372.595, "Inner Unique": false, "Join Filter": "(mi_idx.movie_id = t.id), (LLVM Optimized)", "Rows Removed by Join Filter": 863716, "Plans": [{"Node Type": "Streaming(type: LOCAL REDISTRIBUTE dop: 16/16)", "Parent Relationship": "Outer", "Startup Cost": 0.0, "Total Cost": 39385.42, "Plan Rows": 1381886, "Plan Width": 25, "Actual Min Startup Time": 0.059, "Actual Max Startup Time": 0.467, "Actual Min Total Time": 140.136, "Actual Max Total Time": 189.556, "Plans": [{"Node Type": "Seq Scan", "Parent Relationship": "Outer", "Relation Name": "title", "Alias": "t", "Startup Cost": 0.0, "Total Cost": 19149.37, "Plan Rows": 1381886, "Plan Width": 25, "Actual Min Startup Time": 0.026, "Actual Max Startup Time": 0.046, "Actual Min Total Time": 61.353, "Actual Max Total Time": 69.966, "Filter": "(production_year > 2000), (LLVM Optimized)", "Rows Removed by Filter": 1146858, "Actual Rows": 1381453}], "Actual Rows": 1381453}, {"Node Type": "Materialize", "Parent Relationship": "Inner", "Startup Cost": 0.0, "Total Cost": 48763.12, "Plan Rows": 345008, "Plan Width": 4, "Actual Min Startup Time": 43.251, "Actual Max Startup Time": 170.63, "Actual Min Total Time": 45.588, "Actual Max Total Time": 170.63, "Plans": [{"Node Type": "Streaming(type: LOCAL REDISTRIBUTE dop: 16/16)", "Parent Relationship": "Outer", "Startup Cost": 0.0, "Total Cost": 48655.3, "Plan Rows": 345008, "Plan Width": 4, "Actual Min Startup Time": 0.024, "Actual Max Startup Time": 159.516, "Actual Min Total Time": 35.52, "Actual Max Total Time": 159.516, "Plans": [{"Node Type": "Nested Loop", "Parent Relationship": "Outer", "Join Type": "Inner", "Startup Cost": 0.0, "Total Cost": 32348.04, "Plan Rows": 345008, "Plan Width": 4, "Actual Min Startup Time": 34.897, "Actual Max Startup Time": 51.935, "Actual Min Total Time": 34.897, "Actual Max Total Time": 51.935, "Inner Unique": false, "Join Filter": "(it.id = mi_idx.info_type_id), (LLVM Optimized)", "Rows Removed by Join Filter": 1380024, "Plans": [{"Node Type": "Streaming(type: BROADCAST dop: 16/1)", "Parent Relationship": "Outer", "Startup Cost": 0.0, "Total Cost": 15002.75, "Plan Rows": 16, "Plan Width": 4, "Actual Min Startup Time": 0.003, "Actual Max Startup Time": 16.672, "Actual Min Total Time": 0.004, "Actual Max Total Time": 16.674, "Plans": [{"Node Type": "Seq Scan", "Parent Relationship": "Outer", "Relation Name": "info_type", "Alias": "it", "Startup Cost": 0.0, "Total Cost": 2.4, "Plan Rows": 1, "Plan Width": 4, "Actual Min Startup Time": 0.075, "Actual Max Startup Time": 0.075, "Actual Min Total Time": 0.078, "Actual Max Total Time": 0.078, "Filter": "((info)::text = 'bottom 10 rank'::text)", "Rows Removed by Filter": 111, "Actual Rows": 1}], "Actual Rows": 16}, {"Node Type": "Seq Scan", "Parent Relationship": "Inner", "Relation Name": "movie_info_idx", "Alias": "mi_idx", "Startup Cost": 0.0, "Total Cost": 16267.15, "Plan Rows": 1380034, "Plan Width": 8, "Actual Min Startup Time": 0.035, "Actual Max Startup Time": 0.061, "Actual Min Total Time": 18.708, "Actual Max Total Time": 22.481, "Actual Rows": 1380034}], "Actual Rows": 10}], "Actual Rows": 10}], "Actual Rows": 863730}], "Actual Rows": 6}], "Actual Rows": 6}], "Actual Rows": 53211}], "Actual Rows": 4}], "Actual Rows": 16}], "Actual Rows": 16}], "Actual Rows": 1}, "Triggers": [], "Planner Runtime": 3, "Total Runtime": 565.139, "Unique SQL Id": 2492542741}}, "(16, 63)": {"explain_plan": {"Plan": {"Node Type": "Aggregate", "Strategy": "Plain", "Startup Cost": 5015944704069.06, "Total Cost": 5015944704069.07, "Plan Rows": 1, "Plan Width": 113, "Plans": [{"Node Type": "Nested Loop", "Parent Relationship": "Outer", "Join Type": "Inner", "Startup Cost": 50000000000.0, "Total Cost": 5015944699284.92, "Plan Rows": 637886, "Plan Width": 45, "Inner Unique": false, "Join Filter": "(mc.movie_id = t.id), (LLVM Optimized)", "Plans": [{"Node Type": "Nested Loop", "Parent Relationship": "Outer", "Join Type": "Inner", "Startup Cost": 20000000000.0, "Total Cost": 2000013744593.91, "Plan Rows": 1304518, "Plan Width": 28, "Inner Unique": true, "Join Filter": "(ct.id = mc.company_type_id), (LLVM Optimized)", "Plans": [{"Node Type": "Index Scan", "Parent Relationship": "Outer", "Scan Direction": "Forward", "Index Name": "movie_id_movie_companies", "Relation Name": "movie_companies", "Alias": "mc", "Startup Cost": 10000000000.0, "Total Cost": 1000013704228.13, "Plan Rows": 2609035, "Plan Width": 32, "Filter": "((note)::text !~~ '%(as Metro-Goldwyn-Mayer Pictures)%'::text), (LLVM Optimized)"}, {"Node Type": "Materialize", "Parent Relationship": "Inner", "Startup Cost": 10000000000.0, "Total Cost": 1000000001230.26, "Plan Rows": 1, "Plan Width": 4, "Plans": [{"Node Type": "Index Scan", "Parent Relationship": "Outer", "Scan Direction": "Forward", "Index Name": "company_type_pkey", "Relation Name": "company_type", "Alias": "ct", "Startup Cost": 10000000000.0, "Total Cost": 1000000001230.25, "Plan Rows": 1, "Plan Width": 4, "Filter": "((kind)::text = 'production companies'::text)"}]}]}, {"Node Type": "Materialize", "Parent Relationship": "Inner", "Startup Cost": 30000000000.0, "Total Cost": 3007167745261.58, "Plan Rows": 447839, "Plan Width": 29, "Plans": [{"Node Type": "Nested Loop", "Parent Relationship": "Outer", "Join Type": "Inner", "Startup Cost": 30000000000.0, "Total Cost": 3007167743022.38, "Plan Rows": 447839, "Plan Width": 29, "Inner Unique": false, "Join Filter": "(mi_idx.movie_id = t.id), (LLVM Optimized)", "Plans": [{"Node Type": "Index Scan", "Parent Relationship": "Outer", "Scan Direction": "Forward", "Index Name": "title_pkey", "Relation Name": "title", "Alias": "t", "Startup Cost": 10000000000.0, "Total Cost": 1000011644126.66, "Plan Rows": 1381886, "Plan Width": 25, "Filter": "(production_year > 2000), (LLVM Optimized)"}, {"Node Type": "Materialize", "Parent Relationship": "Inner", "Startup Cost": 20000000000.0, "Total Cost": 2000004673881.92, "Plan Rows": 345008, "Plan Width": 4, "Plans": [{"Node Type": "Nested Loop", "Parent Relationship": "Outer", "Join Type": "Inner", "Startup Cost": 20000000000.0, "Total Cost": 2000004672156.88, "Plan Rows": 345008, "Plan Width": 4, "Inner Unique": true, "Join Filter": "(it.id = mi_idx.info_type_id), (LLVM Optimized)", "Plans": [{"Node Type": "Index Scan", "Parent Relationship": "Outer", "Scan Direction": "Forward", "Index Name": "movie_id_movie_info_idx", "Relation Name": "movie_info_idx", "Alias": "mi_idx", "Startup Cost": 10000000000.0, "Total Cost": 1000004650035.37, "Plan Rows": 1380034, "Plan Width": 8}, {"Node Type": "Materialize", "Parent Relationship": "Inner", "Startup Cost": 10000000000.0, "Total Cost": 1000000001421.0, "Plan Rows": 1, "Plan Width": 4, "Plans": [{"Node Type": "Index Scan", "Parent Relationship": "Outer", "Scan Direction": "Forward", "Index Name": "info_type_pkey", "Relation Name": "info_type", "Alias": "it", "Startup Cost": 10000000000.0, "Total Cost": 1000000001421.0, "Plan Rows": 1, "Plan Width": 4, "Filter": "((info)::text = 'bottom 10 rank'::text)"}]}]}]}]}]}]}]}, "Unique SQL Id": 2492542741, "Planner Runtime": 2}, "explain_analyze_plan": null}, "(16, 64)": {"explain_plan": {"Plan": {"Node Type": "Aggregate", "Strategy": "Plain", "Startup Cost": 169320.72, "Total Cost": 169320.75, "Plan Rows": 1, "Plan Width": 113, "Plans": [{"Node Type": "Streaming(type: LOCAL GATHER dop: 1/16)", "Parent Relationship": "Outer", "Startup Cost": 169320.72, "Total Cost": 169320.75, "Plan Rows": 1, "Plan Width": 113, "Plans": [{"Node Type": "Aggregate", "Strategy": "Plain", "Parent Relationship": "Outer", "Startup Cost": 169320.72, "Total Cost": 169320.73, "Plan Rows": 1, "Plan Width": 113, "Plans": [{"Node Type": "Hash Join", "Parent Relationship": "Outer", "Join Type": "Inner", "Startup Cost": 103175.79, "Total Cost": 164441.53, "Plan Rows": 650559, "Plan Width": 45, "Inner Unique": false, "Hash Cond": "(t.id = mc.movie_id), (LLVM Optimized)", "Plans": [{"Node Type": "Streaming(type: LOCAL REDISTRIBUTE dop: 16/16)", "Parent Relationship": "Outer", "Startup Cost": 47967.08, "Total Cost": 108609.95, "Plan Rows": 447839, "Plan Width": 29, "Plans": [{"Node Type": "Hash Join", "Parent Relationship": "Outer", "Join Type": "Inner", "Startup Cost": 47967.08, "Total Cost": 91913.06, "Plan Rows": 447839, "Plan Width": 29, "Inner Unique": true, "Hash Cond": "(mi_idx.movie_id = t.id), (LLVM Optimized)", "Plans": [{"Node Type": "Streaming(type: LOCAL REDISTRIBUTE dop: 16/1)", "Parent Relationship": "Outer", "Startup Cost": 7502.06, "Total Cost": 51087.28, "Plan Rows": 345008, "Plan Width": 4, "Plans": [{"Node Type": "Nested Loop", "Parent Relationship": "Outer", "Join Type": "Inner", "Startup Cost": 7502.06, "Total Cost": 21741.14, "Plan Rows": 345008, "Plan Width": 4, "Inner Unique": false, "Plans": [{"Node Type": "Seq Scan", "Parent Relationship": "Outer", "Relation Name": "info_type", "Alias": "it", "Startup Cost": 0.0, "Total Cost": 2.4, "Plan Rows": 1, "Plan Width": 4, "Filter": "((info)::text = 'bottom 10 rank'::text)"}, {"Node Type": "Bitmap Heap Scan", "Parent Relationship": "Inner", "Relation Name": "movie_info_idx", "Alias": "mi_idx", "Startup Cost": 7502.06, "Total Cost": 18288.66, "Plan Rows": 345008, "Plan Width": 8, "Recheck Cond": "(info_type_id = it.id), (LLVM Optimized)", "Plans": [{"Node Type": "Bitmap Index Scan", "Parent Relationship": "Outer", "Index Name": "info_type_id_movie_info_idx", "Startup Cost": 0.0, "Total Cost": 7415.81, "Plan Rows": 345008, "Plan Width": 0, "Index Cond": "(info_type_id = it.id)"}]}]}]}, {"Node Type": "Hash", "Parent Relationship": "Inner", "Startup Cost": 39385.42, "Total Cost": 39385.42, "Plan Rows": 1381886, "Plan Width": 25, "Plans": [{"Node Type": "Streaming(type: LOCAL REDISTRIBUTE dop: 16/16)", "Parent Relationship": "Outer", "Startup Cost": 0.0, "Total Cost": 39385.42, "Plan Rows": 1381886, "Plan Width": 25, "Plans": [{"Node Type": "Seq Scan", "Parent Relationship": "Outer", "Relation Name": "title", "Alias": "t", "Startup Cost": 0.0, "Total Cost": 19149.37, "Plan Rows": 1381886, "Plan Width": 25, "Filter": "(production_year > 2000), (LLVM Optimized)"}]}]}]}]}, {"Node Type": "Hash", "Parent Relationship": "Inner", "Startup Cost": 54189.55, "Total Cost": 54189.55, "Plan Rows": 1304518, "Plan Width": 28, "Plans": [{"Node Type": "Streaming(type: LOCAL REDISTRIBUTE dop: 16/16)", "Parent Relationship": "Outer", "Startup Cost": 15001.4, "Total Cost": 54189.55, "Plan Rows": 1304518, "Plan Width": 28, "Plans": [{"Node Type": "Hash Join", "Parent Relationship": "Outer", "Join Type": "Inner", "Startup Cost": 15001.4, "Total Cost": 34246.65, "Plan Rows": 1304518, "Plan Width": 28, "Inner Unique": true, "Hash Cond": "(mc.company_type_id = ct.id), (LLVM Optimized)", "Plans": [{"Node Type": "Seq Scan", "Parent Relationship": "Outer", "Relation Name": "movie_companies", "Alias": "mc", "Startup Cost": 0.0, "Total Cost": 18021.26, "Plan Rows": 2609035, "Plan Width": 32, "Filter": "((note)::text !~~ '%(as Metro-Goldwyn-Mayer Pictures)%'::text), (LLVM Optimized)"}, {"Node Type": "Hash", "Parent Relationship": "Inner", "Startup Cost": 15001.38, "Total Cost": 15001.38, "Plan Rows": 16, "Plan Width": 4, "Plans": [{"Node Type": "Streaming(type: BROADCAST dop: 16/1)", "Parent Relationship": "Outer", "Startup Cost": 0.0, "Total Cost": 15001.38, "Plan Rows": 16, "Plan Width": 4, "Plans": [{"Node Type": "Seq Scan", "Parent Relationship": "Outer", "Relation Name": "company_type", "Alias": "ct", "Startup Cost": 0.0, "Total Cost": 1.04, "Plan Rows": 1, "Plan Width": 4, "Filter": "((kind)::text = 'production companies'::text)"}]}]}]}]}]}]}]}]}]}, "Unique SQL Id": 2492542741, "Planner Runtime": 19}, "explain_analyze_plan": {"Plan": {"Node Type": "Aggregate", "Strategy": "Plain", "Startup Cost": 169320.72, "Total Cost": 169320.75, "Plan Rows": 1, "Plan Width": 113, "Actual Min Startup Time": 411.624, "Actual Max Startup Time": 411.624, "Actual Min Total Time": 411.624, "Actual Max Total Time": 411.624, "Plans": [{"Node Type": "Streaming(type: LOCAL GATHER dop: 1/16)", "Parent Relationship": "Outer", "Startup Cost": 169320.72, "Total Cost": 169320.75, "Plan Rows": 1, "Plan Width": 113, "Actual Min Startup Time": 411.362, "Actual Max Startup Time": 411.362, "Actual Min Total Time": 411.597, "Actual Max Total Time": 411.597, "Plans": [{"Node Type": "Aggregate", "Strategy": "Plain", "Parent Relationship": "Outer", "Startup Cost": 169320.72, "Total Cost": 169320.73, "Plan Rows": 1, "Plan Width": 113, "Actual Min Startup Time": 202.755, "Actual Max Startup Time": 245.629, "Actual Min Total Time": 202.755, "Actual Max Total Time": 245.629, "Plans": [{"Node Type": "Hash Join", "Parent Relationship": "Outer", "Join Type": "Inner", "Startup Cost": 103175.79, "Total Cost": 164441.53, "Plan Rows": 650559, "Plan Width": 45, "Actual Min Startup Time": 202.745, "Actual Max Startup Time": 245.621, "Actual Min Total Time": 202.745, "Actual Max Total Time": 245.621, "Inner Unique": false, "Hash Cond": "(t.id = mc.movie_id), (LLVM Optimized, Jit Execute)", "Plans": [{"Node Type": "Streaming(type: LOCAL REDISTRIBUTE dop: 16/16)", "Parent Relationship": "Outer", "Startup Cost": 47967.08, "Total Cost": 108609.95, "Plan Rows": 447839, "Plan Width": 29, "Actual Min Startup Time": 118.114, "Actual Max Startup Time": 118.364, "Actual Min Total Time": 118.285, "Actual Max Total Time": 118.364, "Plans": [{"Node Type": "Hash Join", "Parent Relationship": "Outer", "Join Type": "Inner", "Startup Cost": 47967.08, "Total Cost": 91913.06, "Plan Rows": 447839, "Plan Width": 29, "Actual Min Startup Time": 203.393, "Actual Max Startup Time": 233.751, "Actual Min Total Time": 203.393, "Actual Max Total Time": 233.751, "Inner Unique": true, "Hash Cond": "(mi_idx.movie_id = t.id), (LLVM Optimized, Jit Execute)", "Plans": [{"Node Type": "Streaming(type: LOCAL REDISTRIBUTE dop: 16/1)", "Parent Relationship": "Outer", "Startup Cost": 7502.06, "Total Cost": 51087.28, "Plan Rows": 345008, "Plan Width": 4, "Actual Min Startup Time": 0.002, "Actual Max Startup Time": 0.006, "Actual Min Total Time": 0.002, "Actual Max Total Time": 0.007, "Plans": [{"Node Type": "Nested Loop", "Parent Relationship": "Outer", "Join Type": "Inner", "Startup Cost": 7502.06, "Total Cost": 21741.14, "Plan Rows": 345008, "Plan Width": 4, "Actual Min Startup Time": 0.122, "Actual Max Startup Time": 0.122, "Actual Min Total Time": 0.131, "Actual Max Total Time": 0.131, "Inner Unique": false, "Plans": [{"Node Type": "Seq Scan", "Parent Relationship": "Outer", "Relation Name": "info_type", "Alias": "it", "Startup Cost": 0.0, "Total Cost": 2.4, "Plan Rows": 1, "Plan Width": 4, "Actual Min Startup Time": 0.061, "Actual Max Startup Time": 0.061, "Actual Min Total Time": 0.065, "Actual Max Total Time": 0.065, "Filter": "((info)::text = 'bottom 10 rank'::text)", "Rows Removed by Filter": 111, "Actual Rows": 1}, {"Node Type": "Bitmap Heap Scan", "Parent Relationship": "Inner", "Relation Name": "movie_info_idx", "Alias": "mi_idx", "Startup Cost": 7502.06, "Total Cost": 18288.66, "Plan Rows": 345008, "Plan Width": 8, "Actual Min Startup Time": 0.052, "Actual Max Startup Time": 0.052, "Actual Min Total Time": 0.054, "Actual Max Total Time": 0.054, "Recheck Cond": "(info_type_id = it.id), (LLVM Optimized, Jit Execute)", "Rows Removed by Index Recheck": 0, "Exact Heap Blocks": 0, "Lossy Heap Blocks": 0, "Plans": [{"Node Type": "Bitmap Index Scan", "Parent Relationship": "Outer", "Index Name": "info_type_id_movie_info_idx", "Startup Cost": 0.0, "Total Cost": 7415.81, "Plan Rows": 345008, "Plan Width": 0, "Actual Min Startup Time": 0.035, "Actual Max Startup Time": 0.035, "Actual Min Total Time": 0.035, "Actual Max Total Time": 0.035, "Index Cond": "(info_type_id = it.id)", "Actual Rows": 10}], "Actual Rows": 10}], "Actual Rows": 10}], "Actual Rows": 10}, {"Node Type": "Hash", "Parent Relationship": "Inner", "Startup Cost": 39385.42, "Total Cost": 39385.42, "Plan Rows": 1381886, "Plan Width": 25, "Actual Min Startup Time": 203.177, "Actual Max Startup Time": 233.645, "Actual Min Total Time": 203.177, "Actual Max Total Time": 233.645, "Max Hash Buckets": 131072, "Min Hash Buckets": 131072, "Max Hash Batches": 1, "Min Hash Batches": 1, "Max Original Hash Batches": 1, "Min Original Hash Batches": 1, "Max Peak Memory Usage": 4984, "min Peak Memory Usage": 4984, "Plans": [{"Node Type": "Streaming(type: LOCAL REDISTRIBUTE dop: 16/16)", "Parent Relationship": "Outer", "Startup Cost": 0.0, "Total Cost": 39385.42, "Plan Rows": 1381886, "Plan Width": 25, "Actual Min Startup Time": 0.039, "Actual Max Startup Time": 10.28, "Actual Min Total Time": 176.212, "Actual Max Total Time": 208.781, "Plans": [{"Node Type": "Seq Scan", "Parent Relationship": "Outer", "Relation Name": "title", "Alias": "t", "Startup Cost": 0.0, "Total Cost": 19149.37, "Plan Rows": 1381886, "Plan Width": 25, "Actual Min Startup Time": 0.029, "Actual Max Startup Time": 0.044, "Actual Min Total Time": 61.246, "Actual Max Total Time": 65.802, "Filter": "(production_year > 2000), (LLVM Optimized, Jit Execute)", "Rows Removed by Filter": 1146858, "Actual Rows": 1381453}], "Actual Rows": 1381453}], "Actual Rows": 1381453}], "Actual Rows": 6}], "Actual Rows": 6}, {"Node Type": "Hash", "Parent Relationship": "Inner", "Startup Cost": 54189.55, "Total Cost": 54189.55, "Plan Rows": 1304518, "Plan Width": 28, "Actual Min Startup Time": 84.195, "Actual Max Startup Time": 127.124, "Actual Min Total Time": 84.195, "Actual Max Total Time": 127.124, "Max Hash Buckets": 131072, "Min Hash Buckets": 131072, "Max Hash Batches": 1, "Min Hash Batches": 1, "Max Original Hash Batches": 1, "Min Original Hash Batches": 1, "Max Peak Memory Usage": 494, "min Peak Memory Usage": 494, "Plans": [{"Node Type": "Streaming(type: LOCAL REDISTRIBUTE dop: 16/16)", "Parent Relationship": "Outer", "Startup Cost": 15001.4, "Total Cost": 54189.55, "Plan Rows": 1304518, "Plan Width": 28, "Actual Min Startup Time": 0.056, "Actual Max Startup Time": 37.884, "Actual Min Total Time": 80.861, "Actual Max Total Time": 124.457, "Plans": [{"Node Type": "Hash Join", "Parent Relationship": "Outer", "Join Type": "Inner", "Startup Cost": 15001.4, "Total Cost": 34246.65, "Plan Rows": 1304518, "Plan Width": 28, "Actual Min Startup Time": 48.489, "Actual Max Startup Time": 82.671, "Actual Min Total Time": 72.28, "Actual Max Total Time": 107.836, "Inner Unique": true, "Hash Cond": "(mc.company_type_id = ct.id), (LLVM Optimized, Jit Execute)", "Plans": [{"Node Type": "Seq Scan", "Parent Relationship": "Outer", "Relation Name": "movie_companies", "Alias": "mc", "Startup Cost": 0.0, "Total Cost": 18021.26, "Plan Rows": 2609035, "Plan Width": 32, "Actual Min Startup Time": 0.03, "Actual Max Startup Time": 0.057, "Actual Min Total Time": 57.531, "Actual Max Total Time": 64.89, "Filter": "((note)::text !~~ '%(as Metro-Goldwyn-Mayer Pictures)%'::text), (LLVM Optimized, Jit Execute)", "Rows Removed by Filter": 1272041, "Actual Rows": 1337087}, {"Node Type": "Hash", "Parent Relationship": "Inner", "Startup Cost": 15001.38, "Total Cost": 15001.38, "Plan Rows": 16, "Plan Width": 4, "Actual Min Startup Time": 0.011, "Actual Max Startup Time": 26.522, "Actual Min Total Time": 0.011, "Actual Max Total Time": 26.522, "Max Hash Buckets": 32768, "Min Hash Buckets": 32768, "Max Hash Batches": 1, "Min Hash Batches": 1, "Max Original Hash Batches": 1, "Min Original Hash Batches": 1, "Max Peak Memory Usage": 1, "min Peak Memory Usage": 1, "Plans": [{"Node Type": "Streaming(type: BROADCAST dop: 16/1)", "Parent Relationship": "Outer", "Startup Cost": 0.0, "Total Cost": 15001.38, "Plan Rows": 16, "Plan Width": 4, "Actual Min Startup Time": 0.003, "Actual Max Startup Time": 26.494, "Actual Min Total Time": 0.004, "Actual Max Total Time": 26.496, "Plans": [{"Node Type": "Seq Scan", "Parent Relationship": "Outer", "Relation Name": "company_type", "Alias": "ct", "Startup Cost": 0.0, "Total Cost": 1.04, "Plan Rows": 1, "Plan Width": 4, "Actual Min Startup Time": 0.038, "Actual Max Startup Time": 0.038, "Actual Min Total Time": 0.041, "Actual Max Total Time": 0.041, "Filter": "((kind)::text = 'production companies'::text)", "Rows Removed by Filter": 2, "Actual Rows": 1}], "Actual Rows": 16}], "Actual Rows": 16}], "Actual Rows": 140904}], "Actual Rows": 140904}], "Actual Rows": 140904}], "Actual Rows": 4}], "Actual Rows": 16}], "Actual Rows": 16}], "Actual Rows": 1}, "Triggers": [], "Planner Runtime": 20, "Total Runtime": 437.264, "Unique SQL Id": 2492542741}}, "(16, 65)": {"explain_plan": {"Plan": {"Node Type": "Aggregate", "Strategy": "Plain", "Startup Cost": 285378.18, "Total Cost": 285378.21, "Plan Rows": 1, "Plan Width": 113, "Plans": [{"Node Type": "Streaming(type: LOCAL GATHER dop: 1/16)", "Parent Relationship": "Outer", "Startup Cost": 285378.18, "Total Cost": 285378.21, "Plan Rows": 1, "Plan Width": 113, "Plans": [{"Node Type": "Aggregate", "Strategy": "Plain", "Parent Relationship": "Outer", "Startup Cost": 285378.18, "Total Cost": 285378.19, "Plan Rows": 1, "Plan Width": 113, "Plans": [{"Node Type": "Hash Join", "Parent Relationship": "Outer", "Join Type": "Inner", "Startup Cost": 134372.3, "Total Cost": 280498.99, "Plan Rows": 650559, "Plan Width": 45, "Inner Unique": false, "Hash Cond": "(t.id = mi_idx.movie_id), (LLVM Optimized)", "Plans": [{"Node Type": "Streaming(type: LOCAL REDISTRIBUTE dop: 16/16)", "Parent Relationship": "Outer", "Startup Cost": 121327.99, "Total Cost": 266714.82, "Plan Rows": 1693335, "Plan Width": 53, "Plans": [{"Node Type": "Hash Join", "Parent Relationship": "Outer", "Join Type": "Inner", "Startup Cost": 121327.99, "Total Cost": 245298.67, "Plan Rows": 1693335, "Plan Width": 53, "Inner Unique": false, "Hash Cond": "(t.id = mc.movie_id), (LLVM Optimized)", "Plans": [{"Node Type": "Streaming(type: LOCAL REDISTRIBUTE dop: 16/16)", "Parent Relationship": "Outer", "Startup Cost": 0.0, "Total Cost": 122048.67, "Plan Rows": 1381886, "Plan Width": 25, "Plans": [{"Node Type": "Index Scan", "Parent Relationship": "Outer", "Scan Direction": "Forward", "Index Name": "title_pkey", "Relation Name": "title", "Alias": "t", "Startup Cost": 0.0, "Total Cost": 101812.62, "Plan Rows": 1381886, "Plan Width": 25, "Filter": "(production_year > 2000), (LLVM Optimized)"}]}, {"Node Type": "Hash", "Parent Relationship": "Inner", "Startup Cost": 120308.83, "Total Cost": 120308.83, "Plan Rows": 1304518, "Plan Width": 28, "Plans": [{"Node Type": "Streaming(type: LOCAL REDISTRIBUTE dop: 16/16)", "Parent Relationship": "Outer", "Startup Cost": 15012.66, "Total Cost": 120308.83, "Plan Rows": 1304518, "Plan Width": 28, "Plans": [{"Node Type": "Hash Join", "Parent Relationship": "Outer", "Join Type": "Inner", "Startup Cost": 15012.66, "Total Cost": 100365.93, "Plan Rows": 1304518, "Plan Width": 28, "Inner Unique": true, "Hash Cond": "(mc.company_type_id = ct.id), (LLVM Optimized)", "Plans": [{"Node Type": "Index Scan", "Parent Relationship": "Outer", "Scan Direction": "Forward", "Index Name": "company_type_id_movie_companies", "Relation Name": "movie_companies", "Alias": "mc", "Startup Cost": 0.0, "Total Cost": 84129.27, "Plan Rows": 2609035, "Plan Width": 32, "Filter": "((note)::text !~~ '%(as Metro-Goldwyn-Mayer Pictures)%'::text), (LLVM Optimized)"}, {"Node Type": "Hash", "Parent Relationship": "Inner", "Startup Cost": 15012.65, "Total Cost": 15012.65, "Plan Rows": 16, "Plan Width": 4, "Plans": [{"Node Type": "Streaming(type: BROADCAST dop: 16/1)", "Parent Relationship": "Outer", "Startup Cost": 0.0, "Total Cost": 15012.65, "Plan Rows": 16, "Plan Width": 4, "Plans": [{"Node Type": "Index Scan", "Parent Relationship": "Outer", "Scan Direction": "Forward", "Index Name": "company_type_pkey", "Relation Name": "company_type", "Alias": "ct", "Startup Cost": 0.0, "Total Cost": 12.3, "Plan Rows": 1, "Plan Width": 4, "Filter": "((kind)::text = 'production companies'::text)"}]}]}]}]}]}]}]}, {"Node Type": "Hash", "Parent Relationship": "Inner", "Startup Cost": 51099.09, "Total Cost": 51099.09, "Plan Rows": 345008, "Plan Width": 4, "Plans": [{"Node Type": "Streaming(type: LOCAL REDISTRIBUTE dop: 16/1)", "Parent Relationship": "Outer", "Startup Cost": 7502.06, "Total Cost": 51099.09, "Plan Rows": 345008, "Plan Width": 4, "Plans": [{"Node Type": "Nested Loop", "Parent Relationship": "Outer", "Join Type": "Inner", "Startup Cost": 7502.06, "Total Cost": 21752.95, "Plan Rows": 345008, "Plan Width": 4, "Inner Unique": false, "Plans": [{"Node Type": "Index Scan", "Parent Relationship": "Outer", "Scan Direction": "Forward", "Index Name": "info_type_pkey", "Relation Name": "info_type", "Alias": "it", "Startup Cost": 0.0, "Total Cost": 14.21, "Plan Rows": 1, "Plan Width": 4, "Filter": "((info)::text = 'bottom 10 rank'::text)"}, {"Node Type": "Bitmap Heap Scan", "Parent Relationship": "Inner", "Relation Name": "movie_info_idx", "Alias": "mi_idx", "Startup Cost": 7502.06, "Total Cost": 18288.66, "Plan Rows": 345008, "Plan Width": 8, "Recheck Cond": "(info_type_id = it.id), (LLVM Optimized)", "Plans": [{"Node Type": "Bitmap Index Scan", "Parent Relationship": "Outer", "Index Name": "info_type_id_movie_info_idx", "Startup Cost": 0.0, "Total Cost": 7415.81, "Plan Rows": 345008, "Plan Width": 0, "Index Cond": "(info_type_id = it.id)"}]}]}]}]}]}]}]}]}, "Unique SQL Id": 2492542741, "Planner Runtime": 20}, "explain_analyze_plan": null}, "(16, 66)": {"explain_plan": {"Plan": {"Node Type": "Aggregate", "Strategy": "Plain", "Startup Cost": 169320.72, "Total Cost": 169320.75, "Plan Rows": 1, "Plan Width": 113, "Plans": [{"Node Type": "Streaming(type: LOCAL GATHER dop: 1/16)", "Parent Relationship": "Outer", "Startup Cost": 169320.72, "Total Cost": 169320.75, "Plan Rows": 1, "Plan Width": 113, "Plans": [{"Node Type": "Aggregate", "Strategy": "Plain", "Parent Relationship": "Outer", "Startup Cost": 169320.72, "Total Cost": 169320.73, "Plan Rows": 1, "Plan Width": 113, "Plans": [{"Node Type": "Hash Join", "Parent Relationship": "Outer", "Join Type": "Inner", "Startup Cost": 103175.79, "Total Cost": 164441.53, "Plan Rows": 650559, "Plan Width": 45, "Inner Unique": false, "Hash Cond": "(t.id = mc.movie_id), (LLVM Optimized)", "Plans": [{"Node Type": "Streaming(type: LOCAL REDISTRIBUTE dop: 16/16)", "Parent Relationship": "Outer", "Startup Cost": 47967.08, "Total Cost": 108609.95, "Plan Rows": 447839, "Plan Width": 29, "Plans": [{"Node Type": "Hash Join", "Parent Relationship": "Outer", "Join Type": "Inner", "Startup Cost": 47967.08, "Total Cost": 91913.06, "Plan Rows": 447839, "Plan Width": 29, "Inner Unique": true, "Hash Cond": "(mi_idx.movie_id = t.id), (LLVM Optimized)", "Plans": [{"Node Type": "Streaming(type: LOCAL REDISTRIBUTE dop: 16/1)", "Parent Relationship": "Outer", "Startup Cost": 7502.06, "Total Cost": 51087.28, "Plan Rows": 345008, "Plan Width": 4, "Plans": [{"Node Type": "Nested Loop", "Parent Relationship": "Outer", "Join Type": "Inner", "Startup Cost": 7502.06, "Total Cost": 21741.14, "Plan Rows": 345008, "Plan Width": 4, "Inner Unique": false, "Plans": [{"Node Type": "Seq Scan", "Parent Relationship": "Outer", "Relation Name": "info_type", "Alias": "it", "Startup Cost": 0.0, "Total Cost": 2.4, "Plan Rows": 1, "Plan Width": 4, "Filter": "((info)::text = 'bottom 10 rank'::text)"}, {"Node Type": "Bitmap Heap Scan", "Parent Relationship": "Inner", "Relation Name": "movie_info_idx", "Alias": "mi_idx", "Startup Cost": 7502.06, "Total Cost": 18288.66, "Plan Rows": 345008, "Plan Width": 8, "Recheck Cond": "(info_type_id = it.id), (LLVM Optimized)", "Plans": [{"Node Type": "Bitmap Index Scan", "Parent Relationship": "Outer", "Index Name": "info_type_id_movie_info_idx", "Startup Cost": 0.0, "Total Cost": 7415.81, "Plan Rows": 345008, "Plan Width": 0, "Index Cond": "(info_type_id = it.id)"}]}]}]}, {"Node Type": "Hash", "Parent Relationship": "Inner", "Startup Cost": 39385.42, "Total Cost": 39385.42, "Plan Rows": 1381886, "Plan Width": 25, "Plans": [{"Node Type": "Streaming(type: LOCAL REDISTRIBUTE dop: 16/16)", "Parent Relationship": "Outer", "Startup Cost": 0.0, "Total Cost": 39385.42, "Plan Rows": 1381886, "Plan Width": 25, "Plans": [{"Node Type": "Seq Scan", "Parent Relationship": "Outer", "Relation Name": "title", "Alias": "t", "Startup Cost": 0.0, "Total Cost": 19149.37, "Plan Rows": 1381886, "Plan Width": 25, "Filter": "(production_year > 2000), (LLVM Optimized)"}]}]}]}]}, {"Node Type": "Hash", "Parent Relationship": "Inner", "Startup Cost": 54189.55, "Total Cost": 54189.55, "Plan Rows": 1304518, "Plan Width": 28, "Plans": [{"Node Type": "Streaming(type: LOCAL REDISTRIBUTE dop: 16/16)", "Parent Relationship": "Outer", "Startup Cost": 15001.4, "Total Cost": 54189.55, "Plan Rows": 1304518, "Plan Width": 28, "Plans": [{"Node Type": "Hash Join", "Parent Relationship": "Outer", "Join Type": "Inner", "Startup Cost": 15001.4, "Total Cost": 34246.65, "Plan Rows": 1304518, "Plan Width": 28, "Inner Unique": true, "Hash Cond": "(mc.company_type_id = ct.id), (LLVM Optimized)", "Plans": [{"Node Type": "Seq Scan", "Parent Relationship": "Outer", "Relation Name": "movie_companies", "Alias": "mc", "Startup Cost": 0.0, "Total Cost": 18021.26, "Plan Rows": 2609035, "Plan Width": 32, "Filter": "((note)::text !~~ '%(as Metro-Goldwyn-Mayer Pictures)%'::text), (LLVM Optimized)"}, {"Node Type": "Hash", "Parent Relationship": "Inner", "Startup Cost": 15001.38, "Total Cost": 15001.38, "Plan Rows": 16, "Plan Width": 4, "Plans": [{"Node Type": "Streaming(type: BROADCAST dop: 16/1)", "Parent Relationship": "Outer", "Startup Cost": 0.0, "Total Cost": 15001.38, "Plan Rows": 16, "Plan Width": 4, "Plans": [{"Node Type": "Seq Scan", "Parent Relationship": "Outer", "Relation Name": "company_type", "Alias": "ct", "Startup Cost": 0.0, "Total Cost": 1.04, "Plan Rows": 1, "Plan Width": 4, "Filter": "((kind)::text = 'production companies'::text)"}]}]}]}]}]}]}]}]}]}, "Unique SQL Id": 2492542741, "Planner Runtime": 23}, "explain_analyze_plan": {"Plan": {"Node Type": "Aggregate", "Strategy": "Plain", "Startup Cost": 169320.72, "Total Cost": 169320.75, "Plan Rows": 1, "Plan Width": 113, "Actual Min Startup Time": 411.624, "Actual Max Startup Time": 411.624, "Actual Min Total Time": 411.624, "Actual Max Total Time": 411.624, "Plans": [{"Node Type": "Streaming(type: LOCAL GATHER dop: 1/16)", "Parent Relationship": "Outer", "Startup Cost": 169320.72, "Total Cost": 169320.75, "Plan Rows": 1, "Plan Width": 113, "Actual Min Startup Time": 411.362, "Actual Max Startup Time": 411.362, "Actual Min Total Time": 411.597, "Actual Max Total Time": 411.597, "Plans": [{"Node Type": "Aggregate", "Strategy": "Plain", "Parent Relationship": "Outer", "Startup Cost": 169320.72, "Total Cost": 169320.73, "Plan Rows": 1, "Plan Width": 113, "Actual Min Startup Time": 202.755, "Actual Max Startup Time": 245.629, "Actual Min Total Time": 202.755, "Actual Max Total Time": 245.629, "Plans": [{"Node Type": "Hash Join", "Parent Relationship": "Outer", "Join Type": "Inner", "Startup Cost": 103175.79, "Total Cost": 164441.53, "Plan Rows": 650559, "Plan Width": 45, "Actual Min Startup Time": 202.745, "Actual Max Startup Time": 245.621, "Actual Min Total Time": 202.745, "Actual Max Total Time": 245.621, "Inner Unique": false, "Hash Cond": "(t.id = mc.movie_id), (LLVM Optimized, Jit Execute)", "Plans": [{"Node Type": "Streaming(type: LOCAL REDISTRIBUTE dop: 16/16)", "Parent Relationship": "Outer", "Startup Cost": 47967.08, "Total Cost": 108609.95, "Plan Rows": 447839, "Plan Width": 29, "Actual Min Startup Time": 118.114, "Actual Max Startup Time": 118.364, "Actual Min Total Time": 118.285, "Actual Max Total Time": 118.364, "Plans": [{"Node Type": "Hash Join", "Parent Relationship": "Outer", "Join Type": "Inner", "Startup Cost": 47967.08, "Total Cost": 91913.06, "Plan Rows": 447839, "Plan Width": 29, "Actual Min Startup Time": 203.393, "Actual Max Startup Time": 233.751, "Actual Min Total Time": 203.393, "Actual Max Total Time": 233.751, "Inner Unique": true, "Hash Cond": "(mi_idx.movie_id = t.id), (LLVM Optimized, Jit Execute)", "Plans": [{"Node Type": "Streaming(type: LOCAL REDISTRIBUTE dop: 16/1)", "Parent Relationship": "Outer", "Startup Cost": 7502.06, "Total Cost": 51087.28, "Plan Rows": 345008, "Plan Width": 4, "Actual Min Startup Time": 0.002, "Actual Max Startup Time": 0.006, "Actual Min Total Time": 0.002, "Actual Max Total Time": 0.007, "Plans": [{"Node Type": "Nested Loop", "Parent Relationship": "Outer", "Join Type": "Inner", "Startup Cost": 7502.06, "Total Cost": 21741.14, "Plan Rows": 345008, "Plan Width": 4, "Actual Min Startup Time": 0.122, "Actual Max Startup Time": 0.122, "Actual Min Total Time": 0.131, "Actual Max Total Time": 0.131, "Inner Unique": false, "Plans": [{"Node Type": "Seq Scan", "Parent Relationship": "Outer", "Relation Name": "info_type", "Alias": "it", "Startup Cost": 0.0, "Total Cost": 2.4, "Plan Rows": 1, "Plan Width": 4, "Actual Min Startup Time": 0.061, "Actual Max Startup Time": 0.061, "Actual Min Total Time": 0.065, "Actual Max Total Time": 0.065, "Filter": "((info)::text = 'bottom 10 rank'::text)", "Rows Removed by Filter": 111, "Actual Rows": 1}, {"Node Type": "Bitmap Heap Scan", "Parent Relationship": "Inner", "Relation Name": "movie_info_idx", "Alias": "mi_idx", "Startup Cost": 7502.06, "Total Cost": 18288.66, "Plan Rows": 345008, "Plan Width": 8, "Actual Min Startup Time": 0.052, "Actual Max Startup Time": 0.052, "Actual Min Total Time": 0.054, "Actual Max Total Time": 0.054, "Recheck Cond": "(info_type_id = it.id), (LLVM Optimized, Jit Execute)", "Rows Removed by Index Recheck": 0, "Exact Heap Blocks": 0, "Lossy Heap Blocks": 0, "Plans": [{"Node Type": "Bitmap Index Scan", "Parent Relationship": "Outer", "Index Name": "info_type_id_movie_info_idx", "Startup Cost": 0.0, "Total Cost": 7415.81, "Plan Rows": 345008, "Plan Width": 0, "Actual Min Startup Time": 0.035, "Actual Max Startup Time": 0.035, "Actual Min Total Time": 0.035, "Actual Max Total Time": 0.035, "Index Cond": "(info_type_id = it.id)", "Actual Rows": 10}], "Actual Rows": 10}], "Actual Rows": 10}], "Actual Rows": 10}, {"Node Type": "Hash", "Parent Relationship": "Inner", "Startup Cost": 39385.42, "Total Cost": 39385.42, "Plan Rows": 1381886, "Plan Width": 25, "Actual Min Startup Time": 203.177, "Actual Max Startup Time": 233.645, "Actual Min Total Time": 203.177, "Actual Max Total Time": 233.645, "Max Hash Buckets": 131072, "Min Hash Buckets": 131072, "Max Hash Batches": 1, "Min Hash Batches": 1, "Max Original Hash Batches": 1, "Min Original Hash Batches": 1, "Max Peak Memory Usage": 4984, "min Peak Memory Usage": 4984, "Plans": [{"Node Type": "Streaming(type: LOCAL REDISTRIBUTE dop: 16/16)", "Parent Relationship": "Outer", "Startup Cost": 0.0, "Total Cost": 39385.42, "Plan Rows": 1381886, "Plan Width": 25, "Actual Min Startup Time": 0.039, "Actual Max Startup Time": 10.28, "Actual Min Total Time": 176.212, "Actual Max Total Time": 208.781, "Plans": [{"Node Type": "Seq Scan", "Parent Relationship": "Outer", "Relation Name": "title", "Alias": "t", "Startup Cost": 0.0, "Total Cost": 19149.37, "Plan Rows": 1381886, "Plan Width": 25, "Actual Min Startup Time": 0.029, "Actual Max Startup Time": 0.044, "Actual Min Total Time": 61.246, "Actual Max Total Time": 65.802, "Filter": "(production_year > 2000), (LLVM Optimized, Jit Execute)", "Rows Removed by Filter": 1146858, "Actual Rows": 1381453}], "Actual Rows": 1381453}], "Actual Rows": 1381453}], "Actual Rows": 6}], "Actual Rows": 6}, {"Node Type": "Hash", "Parent Relationship": "Inner", "Startup Cost": 54189.55, "Total Cost": 54189.55, "Plan Rows": 1304518, "Plan Width": 28, "Actual Min Startup Time": 84.195, "Actual Max Startup Time": 127.124, "Actual Min Total Time": 84.195, "Actual Max Total Time": 127.124, "Max Hash Buckets": 131072, "Min Hash Buckets": 131072, "Max Hash Batches": 1, "Min Hash Batches": 1, "Max Original Hash Batches": 1, "Min Original Hash Batches": 1, "Max Peak Memory Usage": 494, "min Peak Memory Usage": 494, "Plans": [{"Node Type": "Streaming(type: LOCAL REDISTRIBUTE dop: 16/16)", "Parent Relationship": "Outer", "Startup Cost": 15001.4, "Total Cost": 54189.55, "Plan Rows": 1304518, "Plan Width": 28, "Actual Min Startup Time": 0.056, "Actual Max Startup Time": 37.884, "Actual Min Total Time": 80.861, "Actual Max Total Time": 124.457, "Plans": [{"Node Type": "Hash Join", "Parent Relationship": "Outer", "Join Type": "Inner", "Startup Cost": 15001.4, "Total Cost": 34246.65, "Plan Rows": 1304518, "Plan Width": 28, "Actual Min Startup Time": 48.489, "Actual Max Startup Time": 82.671, "Actual Min Total Time": 72.28, "Actual Max Total Time": 107.836, "Inner Unique": true, "Hash Cond": "(mc.company_type_id = ct.id), (LLVM Optimized, Jit Execute)", "Plans": [{"Node Type": "Seq Scan", "Parent Relationship": "Outer", "Relation Name": "movie_companies", "Alias": "mc", "Startup Cost": 0.0, "Total Cost": 18021.26, "Plan Rows": 2609035, "Plan Width": 32, "Actual Min Startup Time": 0.03, "Actual Max Startup Time": 0.057, "Actual Min Total Time": 57.531, "Actual Max Total Time": 64.89, "Filter": "((note)::text !~~ '%(as Metro-Goldwyn-Mayer Pictures)%'::text), (LLVM Optimized, Jit Execute)", "Rows Removed by Filter": 1272041, "Actual Rows": 1337087}, {"Node Type": "Hash", "Parent Relationship": "Inner", "Startup Cost": 15001.38, "Total Cost": 15001.38, "Plan Rows": 16, "Plan Width": 4, "Actual Min Startup Time": 0.011, "Actual Max Startup Time": 26.522, "Actual Min Total Time": 0.011, "Actual Max Total Time": 26.522, "Max Hash Buckets": 32768, "Min Hash Buckets": 32768, "Max Hash Batches": 1, "Min Hash Batches": 1, "Max Original Hash Batches": 1, "Min Original Hash Batches": 1, "Max Peak Memory Usage": 1, "min Peak Memory Usage": 1, "Plans": [{"Node Type": "Streaming(type: BROADCAST dop: 16/1)", "Parent Relationship": "Outer", "Startup Cost": 0.0, "Total Cost": 15001.38, "Plan Rows": 16, "Plan Width": 4, "Actual Min Startup Time": 0.003, "Actual Max Startup Time": 26.494, "Actual Min Total Time": 0.004, "Actual Max Total Time": 26.496, "Plans": [{"Node Type": "Seq Scan", "Parent Relationship": "Outer", "Relation Name": "company_type", "Alias": "ct", "Startup Cost": 0.0, "Total Cost": 1.04, "Plan Rows": 1, "Plan Width": 4, "Actual Min Startup Time": 0.038, "Actual Max Startup Time": 0.038, "Actual Min Total Time": 0.041, "Actual Max Total Time": 0.041, "Filter": "((kind)::text = 'production companies'::text)", "Rows Removed by Filter": 2, "Actual Rows": 1}], "Actual Rows": 16}], "Actual Rows": 16}], "Actual Rows": 140904}], "Actual Rows": 140904}], "Actual Rows": 140904}], "Actual Rows": 4}], "Actual Rows": 16}], "Actual Rows": 16}], "Actual Rows": 1}, "Triggers": [], "Planner Runtime": 20, "Total Runtime": 437.264, "Unique SQL Id": 2492542741}}, "(16, 67)": {"explain_plan": {"Plan": {"Node Type": "Aggregate", "Strategy": "Plain", "Startup Cost": 259667.26, "Total Cost": 259667.27, "Plan Rows": 1, "Plan Width": 113, "Plans": [{"Node Type": "Hash Join", "Parent Relationship": "Outer", "Join Type": "Inner", "Startup Cost": 196064.72, "Total Cost": 254788.06, "Plan Rows": 650559, "Plan Width": 45, "Inner Unique": false, "Hash Cond": "(mc.movie_id = t.id), (LLVM Optimized)", "Plans": [{"Node Type": "Nested Loop", "Parent Relationship": "Outer", "Join Type": "Inner", "Startup Cost": 29278.87, "Total Cost": 77622.54, "Plan Rows": 1304518, "Plan Width": 28, "Inner Unique": false, "Plans": [{"Node Type": "Bitmap Heap Scan", "Parent Relationship": "Outer", "Relation Name": "company_type", "Alias": "ct", "Startup Cost": 8.27, "Total Cost": 12.3, "Plan Rows": 1, "Plan Width": 4, "Filter": "((kind)::text = 'production companies'::text)", "Plans": [{"Node Type": "Bitmap Index Scan", "Parent Relationship": "Outer", "Index Name": "company_type_pkey", "Startup Cost": 0.0, "Total Cost": 8.27, "Plan Rows": 3, "Plan Width": 0}]}, {"Node Type": "Bitmap Heap Scan", "Parent Relationship": "Inner", "Relation Name": "movie_companies", "Alias": "mc", "Startup Cost": 29270.61, "Total Cost": 64565.07, "Plan Rows": 1304517, "Plan Width": 32, "Recheck Cond": "(company_type_id = ct.id), (LLVM Optimized)", "Filter": "((note)::text !~~ '%(as Metro-Goldwyn-Mayer Pictures)%'::text), (LLVM Optimized)", "Plans": [{"Node Type": "Bitmap Index Scan", "Parent Relationship": "Outer", "Index Name": "company_type_id_movie_companies", "Startup Cost": 0.0, "Total Cost": 28944.48, "Plan Rows": 1304564, "Plan Width": 0, "Index Cond": "(company_type_id = ct.id)"}]}]}, {"Node Type": "Hash", "Parent Relationship": "Inner", "Startup Cost": 161187.86, "Total Cost": 161187.86, "Plan Rows": 447839, "Plan Width": 29, "Plans": [{"Node Type": "Hash Join", "Parent Relationship": "Outer", "Join Type": "Inner", "Startup Cost": 141173.61, "Total Cost": 161187.86, "Plan Rows": 447839, "Plan Width": 29, "Inner Unique": true, "Hash Cond": "(mi_idx.movie_id = t.id), (LLVM Optimized)", "Plans": [{"Node Type": "Nested Loop", "Parent Relationship": "Outer", "Join Type": "Inner", "Startup Cost": 7510.87, "Total Cost": 21752.95, "Plan Rows": 345008, "Plan Width": 4, "Inner Unique": false, "Plans": [{"Node Type": "Bitmap Heap Scan", "Parent Relationship": "Outer", "Relation Name": "info_type", "Alias": "it", "Startup Cost": 8.81, "Total Cost": 14.21, "Plan Rows": 1, "Plan Width": 4, "Filter": "((info)::text = 'bottom 10 rank'::text)", "Plans": [{"Node Type": "Bitmap Index Scan", "Parent Relationship": "Outer", "Index Name": "info_type_pkey", "Startup Cost": 0.0, "Total Cost": 8.81, "Plan Rows": 112, "Plan Width": 0}]}, {"Node Type": "Bitmap Heap Scan", "Parent Relationship": "Inner", "Relation Name": "movie_info_idx", "Alias": "mi_idx", "Startup Cost": 7502.06, "Total Cost": 18288.66, "Plan Rows": 345008, "Plan Width": 8, "Recheck Cond": "(info_type_id = it.id), (LLVM Optimized)", "Plans": [{"Node Type": "Bitmap Index Scan", "Parent Relationship": "Outer", "Index Name": "info_type_id_movie_info_idx", "Startup Cost": 0.0, "Total Cost": 7415.81, "Plan Rows": 345008, "Plan Width": 0, "Index Cond": "(info_type_id = it.id)"}]}]}, {"Node Type": "Hash", "Parent Relationship": "Inner", "Startup Cost": 116389.16, "Total Cost": 116389.16, "Plan Rows": 1381886, "Plan Width": 25, "Plans": [{"Node Type": "Bitmap Heap Scan", "Parent Relationship": "Outer", "Relation Name": "title", "Alias": "t", "Startup Cost": 49999.28, "Total Cost": 116389.16, "Plan Rows": 1381886, "Plan Width": 25, "Filter": "(production_year > 2000), (LLVM Optimized)", "Plans": [{"Node Type": "Bitmap Index Scan", "Parent Relationship": "Outer", "Index Name": "title_pkey", "Startup Cost": 0.0, "Total Cost": 49653.81, "Plan Rows": 2528311, "Plan Width": 0}]}]}]}]}]}]}, "Unique SQL Id": 2492542741, "Planner Runtime": 9}, "explain_analyze_plan": null}, "(16, 68)": {"explain_plan": {"Plan": {"Node Type": "Aggregate", "Strategy": "Plain", "Startup Cost": 169320.72, "Total Cost": 169320.75, "Plan Rows": 1, "Plan Width": 113, "Plans": [{"Node Type": "Streaming(type: LOCAL GATHER dop: 1/16)", "Parent Relationship": "Outer", "Startup Cost": 169320.72, "Total Cost": 169320.75, "Plan Rows": 1, "Plan Width": 113, "Plans": [{"Node Type": "Aggregate", "Strategy": "Plain", "Parent Relationship": "Outer", "Startup Cost": 169320.72, "Total Cost": 169320.73, "Plan Rows": 1, "Plan Width": 113, "Plans": [{"Node Type": "Hash Join", "Parent Relationship": "Outer", "Join Type": "Inner", "Startup Cost": 103175.79, "Total Cost": 164441.53, "Plan Rows": 650559, "Plan Width": 45, "Inner Unique": false, "Hash Cond": "(t.id = mc.movie_id), (LLVM Optimized)", "Plans": [{"Node Type": "Streaming(type: LOCAL REDISTRIBUTE dop: 16/16)", "Parent Relationship": "Outer", "Startup Cost": 47967.08, "Total Cost": 108609.95, "Plan Rows": 447839, "Plan Width": 29, "Plans": [{"Node Type": "Hash Join", "Parent Relationship": "Outer", "Join Type": "Inner", "Startup Cost": 47967.08, "Total Cost": 91913.06, "Plan Rows": 447839, "Plan Width": 29, "Inner Unique": true, "Hash Cond": "(mi_idx.movie_id = t.id), (LLVM Optimized)", "Plans": [{"Node Type": "Streaming(type: LOCAL REDISTRIBUTE dop: 16/1)", "Parent Relationship": "Outer", "Startup Cost": 7502.06, "Total Cost": 51087.28, "Plan Rows": 345008, "Plan Width": 4, "Plans": [{"Node Type": "Nested Loop", "Parent Relationship": "Outer", "Join Type": "Inner", "Startup Cost": 7502.06, "Total Cost": 21741.14, "Plan Rows": 345008, "Plan Width": 4, "Inner Unique": false, "Plans": [{"Node Type": "Seq Scan", "Parent Relationship": "Outer", "Relation Name": "info_type", "Alias": "it", "Startup Cost": 0.0, "Total Cost": 2.4, "Plan Rows": 1, "Plan Width": 4, "Filter": "((info)::text = 'bottom 10 rank'::text)"}, {"Node Type": "Bitmap Heap Scan", "Parent Relationship": "Inner", "Relation Name": "movie_info_idx", "Alias": "mi_idx", "Startup Cost": 7502.06, "Total Cost": 18288.66, "Plan Rows": 345008, "Plan Width": 8, "Recheck Cond": "(info_type_id = it.id), (LLVM Optimized)", "Plans": [{"Node Type": "Bitmap Index Scan", "Parent Relationship": "Outer", "Index Name": "info_type_id_movie_info_idx", "Startup Cost": 0.0, "Total Cost": 7415.81, "Plan Rows": 345008, "Plan Width": 0, "Index Cond": "(info_type_id = it.id)"}]}]}]}, {"Node Type": "Hash", "Parent Relationship": "Inner", "Startup Cost": 39385.42, "Total Cost": 39385.42, "Plan Rows": 1381886, "Plan Width": 25, "Plans": [{"Node Type": "Streaming(type: LOCAL REDISTRIBUTE dop: 16/16)", "Parent Relationship": "Outer", "Startup Cost": 0.0, "Total Cost": 39385.42, "Plan Rows": 1381886, "Plan Width": 25, "Plans": [{"Node Type": "Seq Scan", "Parent Relationship": "Outer", "Relation Name": "title", "Alias": "t", "Startup Cost": 0.0, "Total Cost": 19149.37, "Plan Rows": 1381886, "Plan Width": 25, "Filter": "(production_year > 2000), (LLVM Optimized)"}]}]}]}]}, {"Node Type": "Hash", "Parent Relationship": "Inner", "Startup Cost": 54189.55, "Total Cost": 54189.55, "Plan Rows": 1304518, "Plan Width": 28, "Plans": [{"Node Type": "Streaming(type: LOCAL REDISTRIBUTE dop: 16/16)", "Parent Relationship": "Outer", "Startup Cost": 15001.4, "Total Cost": 54189.55, "Plan Rows": 1304518, "Plan Width": 28, "Plans": [{"Node Type": "Hash Join", "Parent Relationship": "Outer", "Join Type": "Inner", "Startup Cost": 15001.4, "Total Cost": 34246.65, "Plan Rows": 1304518, "Plan Width": 28, "Inner Unique": true, "Hash Cond": "(mc.company_type_id = ct.id), (LLVM Optimized)", "Plans": [{"Node Type": "Seq Scan", "Parent Relationship": "Outer", "Relation Name": "movie_companies", "Alias": "mc", "Startup Cost": 0.0, "Total Cost": 18021.26, "Plan Rows": 2609035, "Plan Width": 32, "Filter": "((note)::text !~~ '%(as Metro-Goldwyn-Mayer Pictures)%'::text), (LLVM Optimized)"}, {"Node Type": "Hash", "Parent Relationship": "Inner", "Startup Cost": 15001.38, "Total Cost": 15001.38, "Plan Rows": 16, "Plan Width": 4, "Plans": [{"Node Type": "Streaming(type: BROADCAST dop: 16/1)", "Parent Relationship": "Outer", "Startup Cost": 0.0, "Total Cost": 15001.38, "Plan Rows": 16, "Plan Width": 4, "Plans": [{"Node Type": "Seq Scan", "Parent Relationship": "Outer", "Relation Name": "company_type", "Alias": "ct", "Startup Cost": 0.0, "Total Cost": 1.04, "Plan Rows": 1, "Plan Width": 4, "Filter": "((kind)::text = 'production companies'::text)"}]}]}]}]}]}]}]}]}]}, "Unique SQL Id": 2492542741, "Planner Runtime": 19}, "explain_analyze_plan": {"Plan": {"Node Type": "Aggregate", "Strategy": "Plain", "Startup Cost": 169320.72, "Total Cost": 169320.75, "Plan Rows": 1, "Plan Width": 113, "Actual Min Startup Time": 411.624, "Actual Max Startup Time": 411.624, "Actual Min Total Time": 411.624, "Actual Max Total Time": 411.624, "Plans": [{"Node Type": "Streaming(type: LOCAL GATHER dop: 1/16)", "Parent Relationship": "Outer", "Startup Cost": 169320.72, "Total Cost": 169320.75, "Plan Rows": 1, "Plan Width": 113, "Actual Min Startup Time": 411.362, "Actual Max Startup Time": 411.362, "Actual Min Total Time": 411.597, "Actual Max Total Time": 411.597, "Plans": [{"Node Type": "Aggregate", "Strategy": "Plain", "Parent Relationship": "Outer", "Startup Cost": 169320.72, "Total Cost": 169320.73, "Plan Rows": 1, "Plan Width": 113, "Actual Min Startup Time": 202.755, "Actual Max Startup Time": 245.629, "Actual Min Total Time": 202.755, "Actual Max Total Time": 245.629, "Plans": [{"Node Type": "Hash Join", "Parent Relationship": "Outer", "Join Type": "Inner", "Startup Cost": 103175.79, "Total Cost": 164441.53, "Plan Rows": 650559, "Plan Width": 45, "Actual Min Startup Time": 202.745, "Actual Max Startup Time": 245.621, "Actual Min Total Time": 202.745, "Actual Max Total Time": 245.621, "Inner Unique": false, "Hash Cond": "(t.id = mc.movie_id), (LLVM Optimized, Jit Execute)", "Plans": [{"Node Type": "Streaming(type: LOCAL REDISTRIBUTE dop: 16/16)", "Parent Relationship": "Outer", "Startup Cost": 47967.08, "Total Cost": 108609.95, "Plan Rows": 447839, "Plan Width": 29, "Actual Min Startup Time": 118.114, "Actual Max Startup Time": 118.364, "Actual Min Total Time": 118.285, "Actual Max Total Time": 118.364, "Plans": [{"Node Type": "Hash Join", "Parent Relationship": "Outer", "Join Type": "Inner", "Startup Cost": 47967.08, "Total Cost": 91913.06, "Plan Rows": 447839, "Plan Width": 29, "Actual Min Startup Time": 203.393, "Actual Max Startup Time": 233.751, "Actual Min Total Time": 203.393, "Actual Max Total Time": 233.751, "Inner Unique": true, "Hash Cond": "(mi_idx.movie_id = t.id), (LLVM Optimized, Jit Execute)", "Plans": [{"Node Type": "Streaming(type: LOCAL REDISTRIBUTE dop: 16/1)", "Parent Relationship": "Outer", "Startup Cost": 7502.06, "Total Cost": 51087.28, "Plan Rows": 345008, "Plan Width": 4, "Actual Min Startup Time": 0.002, "Actual Max Startup Time": 0.006, "Actual Min Total Time": 0.002, "Actual Max Total Time": 0.007, "Plans": [{"Node Type": "Nested Loop", "Parent Relationship": "Outer", "Join Type": "Inner", "Startup Cost": 7502.06, "Total Cost": 21741.14, "Plan Rows": 345008, "Plan Width": 4, "Actual Min Startup Time": 0.122, "Actual Max Startup Time": 0.122, "Actual Min Total Time": 0.131, "Actual Max Total Time": 0.131, "Inner Unique": false, "Plans": [{"Node Type": "Seq Scan", "Parent Relationship": "Outer", "Relation Name": "info_type", "Alias": "it", "Startup Cost": 0.0, "Total Cost": 2.4, "Plan Rows": 1, "Plan Width": 4, "Actual Min Startup Time": 0.061, "Actual Max Startup Time": 0.061, "Actual Min Total Time": 0.065, "Actual Max Total Time": 0.065, "Filter": "((info)::text = 'bottom 10 rank'::text)", "Rows Removed by Filter": 111, "Actual Rows": 1}, {"Node Type": "Bitmap Heap Scan", "Parent Relationship": "Inner", "Relation Name": "movie_info_idx", "Alias": "mi_idx", "Startup Cost": 7502.06, "Total Cost": 18288.66, "Plan Rows": 345008, "Plan Width": 8, "Actual Min Startup Time": 0.052, "Actual Max Startup Time": 0.052, "Actual Min Total Time": 0.054, "Actual Max Total Time": 0.054, "Recheck Cond": "(info_type_id = it.id), (LLVM Optimized, Jit Execute)", "Rows Removed by Index Recheck": 0, "Exact Heap Blocks": 0, "Lossy Heap Blocks": 0, "Plans": [{"Node Type": "Bitmap Index Scan", "Parent Relationship": "Outer", "Index Name": "info_type_id_movie_info_idx", "Startup Cost": 0.0, "Total Cost": 7415.81, "Plan Rows": 345008, "Plan Width": 0, "Actual Min Startup Time": 0.035, "Actual Max Startup Time": 0.035, "Actual Min Total Time": 0.035, "Actual Max Total Time": 0.035, "Index Cond": "(info_type_id = it.id)", "Actual Rows": 10}], "Actual Rows": 10}], "Actual Rows": 10}], "Actual Rows": 10}, {"Node Type": "Hash", "Parent Relationship": "Inner", "Startup Cost": 39385.42, "Total Cost": 39385.42, "Plan Rows": 1381886, "Plan Width": 25, "Actual Min Startup Time": 203.177, "Actual Max Startup Time": 233.645, "Actual Min Total Time": 203.177, "Actual Max Total Time": 233.645, "Max Hash Buckets": 131072, "Min Hash Buckets": 131072, "Max Hash Batches": 1, "Min Hash Batches": 1, "Max Original Hash Batches": 1, "Min Original Hash Batches": 1, "Max Peak Memory Usage": 4984, "min Peak Memory Usage": 4984, "Plans": [{"Node Type": "Streaming(type: LOCAL REDISTRIBUTE dop: 16/16)", "Parent Relationship": "Outer", "Startup Cost": 0.0, "Total Cost": 39385.42, "Plan Rows": 1381886, "Plan Width": 25, "Actual Min Startup Time": 0.039, "Actual Max Startup Time": 10.28, "Actual Min Total Time": 176.212, "Actual Max Total Time": 208.781, "Plans": [{"Node Type": "Seq Scan", "Parent Relationship": "Outer", "Relation Name": "title", "Alias": "t", "Startup Cost": 0.0, "Total Cost": 19149.37, "Plan Rows": 1381886, "Plan Width": 25, "Actual Min Startup Time": 0.029, "Actual Max Startup Time": 0.044, "Actual Min Total Time": 61.246, "Actual Max Total Time": 65.802, "Filter": "(production_year > 2000), (LLVM Optimized, Jit Execute)", "Rows Removed by Filter": 1146858, "Actual Rows": 1381453}], "Actual Rows": 1381453}], "Actual Rows": 1381453}], "Actual Rows": 6}], "Actual Rows": 6}, {"Node Type": "Hash", "Parent Relationship": "Inner", "Startup Cost": 54189.55, "Total Cost": 54189.55, "Plan Rows": 1304518, "Plan Width": 28, "Actual Min Startup Time": 84.195, "Actual Max Startup Time": 127.124, "Actual Min Total Time": 84.195, "Actual Max Total Time": 127.124, "Max Hash Buckets": 131072, "Min Hash Buckets": 131072, "Max Hash Batches": 1, "Min Hash Batches": 1, "Max Original Hash Batches": 1, "Min Original Hash Batches": 1, "Max Peak Memory Usage": 494, "min Peak Memory Usage": 494, "Plans": [{"Node Type": "Streaming(type: LOCAL REDISTRIBUTE dop: 16/16)", "Parent Relationship": "Outer", "Startup Cost": 15001.4, "Total Cost": 54189.55, "Plan Rows": 1304518, "Plan Width": 28, "Actual Min Startup Time": 0.056, "Actual Max Startup Time": 37.884, "Actual Min Total Time": 80.861, "Actual Max Total Time": 124.457, "Plans": [{"Node Type": "Hash Join", "Parent Relationship": "Outer", "Join Type": "Inner", "Startup Cost": 15001.4, "Total Cost": 34246.65, "Plan Rows": 1304518, "Plan Width": 28, "Actual Min Startup Time": 48.489, "Actual Max Startup Time": 82.671, "Actual Min Total Time": 72.28, "Actual Max Total Time": 107.836, "Inner Unique": true, "Hash Cond": "(mc.company_type_id = ct.id), (LLVM Optimized, Jit Execute)", "Plans": [{"Node Type": "Seq Scan", "Parent Relationship": "Outer", "Relation Name": "movie_companies", "Alias": "mc", "Startup Cost": 0.0, "Total Cost": 18021.26, "Plan Rows": 2609035, "Plan Width": 32, "Actual Min Startup Time": 0.03, "Actual Max Startup Time": 0.057, "Actual Min Total Time": 57.531, "Actual Max Total Time": 64.89, "Filter": "((note)::text !~~ '%(as Metro-Goldwyn-Mayer Pictures)%'::text), (LLVM Optimized, Jit Execute)", "Rows Removed by Filter": 1272041, "Actual Rows": 1337087}, {"Node Type": "Hash", "Parent Relationship": "Inner", "Startup Cost": 15001.38, "Total Cost": 15001.38, "Plan Rows": 16, "Plan Width": 4, "Actual Min Startup Time": 0.011, "Actual Max Startup Time": 26.522, "Actual Min Total Time": 0.011, "Actual Max Total Time": 26.522, "Max Hash Buckets": 32768, "Min Hash Buckets": 32768, "Max Hash Batches": 1, "Min Hash Batches": 1, "Max Original Hash Batches": 1, "Min Original Hash Batches": 1, "Max Peak Memory Usage": 1, "min Peak Memory Usage": 1, "Plans": [{"Node Type": "Streaming(type: BROADCAST dop: 16/1)", "Parent Relationship": "Outer", "Startup Cost": 0.0, "Total Cost": 15001.38, "Plan Rows": 16, "Plan Width": 4, "Actual Min Startup Time": 0.003, "Actual Max Startup Time": 26.494, "Actual Min Total Time": 0.004, "Actual Max Total Time": 26.496, "Plans": [{"Node Type": "Seq Scan", "Parent Relationship": "Outer", "Relation Name": "company_type", "Alias": "ct", "Startup Cost": 0.0, "Total Cost": 1.04, "Plan Rows": 1, "Plan Width": 4, "Actual Min Startup Time": 0.038, "Actual Max Startup Time": 0.038, "Actual Min Total Time": 0.041, "Actual Max Total Time": 0.041, "Filter": "((kind)::text = 'production companies'::text)", "Rows Removed by Filter": 2, "Actual Rows": 1}], "Actual Rows": 16}], "Actual Rows": 16}], "Actual Rows": 140904}], "Actual Rows": 140904}], "Actual Rows": 140904}], "Actual Rows": 4}], "Actual Rows": 16}], "Actual Rows": 16}], "Actual Rows": 1}, "Triggers": [], "Planner Runtime": 20, "Total Runtime": 437.264, "Unique SQL Id": 2492542741}}, "(16, 69)": {"explain_plan": {"Plan": {"Node Type": "Aggregate", "Strategy": "Plain", "Startup Cost": 285378.18, "Total Cost": 285378.21, "Plan Rows": 1, "Plan Width": 113, "Plans": [{"Node Type": "Streaming(type: LOCAL GATHER dop: 1/16)", "Parent Relationship": "Outer", "Startup Cost": 285378.18, "Total Cost": 285378.21, "Plan Rows": 1, "Plan Width": 113, "Plans": [{"Node Type": "Aggregate", "Strategy": "Plain", "Parent Relationship": "Outer", "Startup Cost": 285378.18, "Total Cost": 285378.19, "Plan Rows": 1, "Plan Width": 113, "Plans": [{"Node Type": "Hash Join", "Parent Relationship": "Outer", "Join Type": "Inner", "Startup Cost": 134372.3, "Total Cost": 280498.99, "Plan Rows": 650559, "Plan Width": 45, "Inner Unique": false, "Hash Cond": "(t.id = mi_idx.movie_id), (LLVM Optimized)", "Plans": [{"Node Type": "Streaming(type: LOCAL REDISTRIBUTE dop: 16/16)", "Parent Relationship": "Outer", "Startup Cost": 121327.99, "Total Cost": 266714.82, "Plan Rows": 1693335, "Plan Width": 53, "Plans": [{"Node Type": "Hash Join", "Parent Relationship": "Outer", "Join Type": "Inner", "Startup Cost": 121327.99, "Total Cost": 245298.67, "Plan Rows": 1693335, "Plan Width": 53, "Inner Unique": false, "Hash Cond": "(t.id = mc.movie_id), (LLVM Optimized)", "Plans": [{"Node Type": "Streaming(type: LOCAL REDISTRIBUTE dop: 16/16)", "Parent Relationship": "Outer", "Startup Cost": 0.0, "Total Cost": 122048.67, "Plan Rows": 1381886, "Plan Width": 25, "Plans": [{"Node Type": "Index Scan", "Parent Relationship": "Outer", "Scan Direction": "Forward", "Index Name": "title_pkey", "Relation Name": "title", "Alias": "t", "Startup Cost": 0.0, "Total Cost": 101812.62, "Plan Rows": 1381886, "Plan Width": 25, "Filter": "(production_year > 2000), (LLVM Optimized)"}]}, {"Node Type": "Hash", "Parent Relationship": "Inner", "Startup Cost": 120308.83, "Total Cost": 120308.83, "Plan Rows": 1304518, "Plan Width": 28, "Plans": [{"Node Type": "Streaming(type: LOCAL REDISTRIBUTE dop: 16/16)", "Parent Relationship": "Outer", "Startup Cost": 15012.66, "Total Cost": 120308.83, "Plan Rows": 1304518, "Plan Width": 28, "Plans": [{"Node Type": "Hash Join", "Parent Relationship": "Outer", "Join Type": "Inner", "Startup Cost": 15012.66, "Total Cost": 100365.93, "Plan Rows": 1304518, "Plan Width": 28, "Inner Unique": true, "Hash Cond": "(mc.company_type_id = ct.id), (LLVM Optimized)", "Plans": [{"Node Type": "Index Scan", "Parent Relationship": "Outer", "Scan Direction": "Forward", "Index Name": "company_type_id_movie_companies", "Relation Name": "movie_companies", "Alias": "mc", "Startup Cost": 0.0, "Total Cost": 84129.27, "Plan Rows": 2609035, "Plan Width": 32, "Filter": "((note)::text !~~ '%(as Metro-Goldwyn-Mayer Pictures)%'::text), (LLVM Optimized)"}, {"Node Type": "Hash", "Parent Relationship": "Inner", "Startup Cost": 15012.65, "Total Cost": 15012.65, "Plan Rows": 16, "Plan Width": 4, "Plans": [{"Node Type": "Streaming(type: BROADCAST dop: 16/1)", "Parent Relationship": "Outer", "Startup Cost": 0.0, "Total Cost": 15012.65, "Plan Rows": 16, "Plan Width": 4, "Plans": [{"Node Type": "Index Scan", "Parent Relationship": "Outer", "Scan Direction": "Forward", "Index Name": "company_type_pkey", "Relation Name": "company_type", "Alias": "ct", "Startup Cost": 0.0, "Total Cost": 12.3, "Plan Rows": 1, "Plan Width": 4, "Filter": "((kind)::text = 'production companies'::text)"}]}]}]}]}]}]}]}, {"Node Type": "Hash", "Parent Relationship": "Inner", "Startup Cost": 51099.09, "Total Cost": 51099.09, "Plan Rows": 345008, "Plan Width": 4, "Plans": [{"Node Type": "Streaming(type: LOCAL REDISTRIBUTE dop: 16/1)", "Parent Relationship": "Outer", "Startup Cost": 7502.06, "Total Cost": 51099.09, "Plan Rows": 345008, "Plan Width": 4, "Plans": [{"Node Type": "Nested Loop", "Parent Relationship": "Outer", "Join Type": "Inner", "Startup Cost": 7502.06, "Total Cost": 21752.95, "Plan Rows": 345008, "Plan Width": 4, "Inner Unique": false, "Plans": [{"Node Type": "Index Scan", "Parent Relationship": "Outer", "Scan Direction": "Forward", "Index Name": "info_type_pkey", "Relation Name": "info_type", "Alias": "it", "Startup Cost": 0.0, "Total Cost": 14.21, "Plan Rows": 1, "Plan Width": 4, "Filter": "((info)::text = 'bottom 10 rank'::text)"}, {"Node Type": "Bitmap Heap Scan", "Parent Relationship": "Inner", "Relation Name": "movie_info_idx", "Alias": "mi_idx", "Startup Cost": 7502.06, "Total Cost": 18288.66, "Plan Rows": 345008, "Plan Width": 8, "Recheck Cond": "(info_type_id = it.id), (LLVM Optimized)", "Plans": [{"Node Type": "Bitmap Index Scan", "Parent Relationship": "Outer", "Index Name": "info_type_id_movie_info_idx", "Startup Cost": 0.0, "Total Cost": 7415.81, "Plan Rows": 345008, "Plan Width": 0, "Index Cond": "(info_type_id = it.id)"}]}]}]}]}]}]}]}]}, "Unique SQL Id": 2492542741, "Planner Runtime": 19}, "explain_analyze_plan": null}, "(16, 70)": {"explain_plan": {"Plan": {"Node Type": "Aggregate", "Strategy": "Plain", "Startup Cost": 169320.72, "Total Cost": 169320.75, "Plan Rows": 1, "Plan Width": 113, "Plans": [{"Node Type": "Streaming(type: LOCAL GATHER dop: 1/16)", "Parent Relationship": "Outer", "Startup Cost": 169320.72, "Total Cost": 169320.75, "Plan Rows": 1, "Plan Width": 113, "Plans": [{"Node Type": "Aggregate", "Strategy": "Plain", "Parent Relationship": "Outer", "Startup Cost": 169320.72, "Total Cost": 169320.73, "Plan Rows": 1, "Plan Width": 113, "Plans": [{"Node Type": "Hash Join", "Parent Relationship": "Outer", "Join Type": "Inner", "Startup Cost": 103175.79, "Total Cost": 164441.53, "Plan Rows": 650559, "Plan Width": 45, "Inner Unique": false, "Hash Cond": "(t.id = mc.movie_id), (LLVM Optimized)", "Plans": [{"Node Type": "Streaming(type: LOCAL REDISTRIBUTE dop: 16/16)", "Parent Relationship": "Outer", "Startup Cost": 47967.08, "Total Cost": 108609.95, "Plan Rows": 447839, "Plan Width": 29, "Plans": [{"Node Type": "Hash Join", "Parent Relationship": "Outer", "Join Type": "Inner", "Startup Cost": 47967.08, "Total Cost": 91913.06, "Plan Rows": 447839, "Plan Width": 29, "Inner Unique": true, "Hash Cond": "(mi_idx.movie_id = t.id), (LLVM Optimized)", "Plans": [{"Node Type": "Streaming(type: LOCAL REDISTRIBUTE dop: 16/1)", "Parent Relationship": "Outer", "Startup Cost": 7502.06, "Total Cost": 51087.28, "Plan Rows": 345008, "Plan Width": 4, "Plans": [{"Node Type": "Nested Loop", "Parent Relationship": "Outer", "Join Type": "Inner", "Startup Cost": 7502.06, "Total Cost": 21741.14, "Plan Rows": 345008, "Plan Width": 4, "Inner Unique": false, "Plans": [{"Node Type": "Seq Scan", "Parent Relationship": "Outer", "Relation Name": "info_type", "Alias": "it", "Startup Cost": 0.0, "Total Cost": 2.4, "Plan Rows": 1, "Plan Width": 4, "Filter": "((info)::text = 'bottom 10 rank'::text)"}, {"Node Type": "Bitmap Heap Scan", "Parent Relationship": "Inner", "Relation Name": "movie_info_idx", "Alias": "mi_idx", "Startup Cost": 7502.06, "Total Cost": 18288.66, "Plan Rows": 345008, "Plan Width": 8, "Recheck Cond": "(info_type_id = it.id), (LLVM Optimized)", "Plans": [{"Node Type": "Bitmap Index Scan", "Parent Relationship": "Outer", "Index Name": "info_type_id_movie_info_idx", "Startup Cost": 0.0, "Total Cost": 7415.81, "Plan Rows": 345008, "Plan Width": 0, "Index Cond": "(info_type_id = it.id)"}]}]}]}, {"Node Type": "Hash", "Parent Relationship": "Inner", "Startup Cost": 39385.42, "Total Cost": 39385.42, "Plan Rows": 1381886, "Plan Width": 25, "Plans": [{"Node Type": "Streaming(type: LOCAL REDISTRIBUTE dop: 16/16)", "Parent Relationship": "Outer", "Startup Cost": 0.0, "Total Cost": 39385.42, "Plan Rows": 1381886, "Plan Width": 25, "Plans": [{"Node Type": "Seq Scan", "Parent Relationship": "Outer", "Relation Name": "title", "Alias": "t", "Startup Cost": 0.0, "Total Cost": 19149.37, "Plan Rows": 1381886, "Plan Width": 25, "Filter": "(production_year > 2000), (LLVM Optimized)"}]}]}]}]}, {"Node Type": "Hash", "Parent Relationship": "Inner", "Startup Cost": 54189.55, "Total Cost": 54189.55, "Plan Rows": 1304518, "Plan Width": 28, "Plans": [{"Node Type": "Streaming(type: LOCAL REDISTRIBUTE dop: 16/16)", "Parent Relationship": "Outer", "Startup Cost": 15001.4, "Total Cost": 54189.55, "Plan Rows": 1304518, "Plan Width": 28, "Plans": [{"Node Type": "Hash Join", "Parent Relationship": "Outer", "Join Type": "Inner", "Startup Cost": 15001.4, "Total Cost": 34246.65, "Plan Rows": 1304518, "Plan Width": 28, "Inner Unique": true, "Hash Cond": "(mc.company_type_id = ct.id), (LLVM Optimized)", "Plans": [{"Node Type": "Seq Scan", "Parent Relationship": "Outer", "Relation Name": "movie_companies", "Alias": "mc", "Startup Cost": 0.0, "Total Cost": 18021.26, "Plan Rows": 2609035, "Plan Width": 32, "Filter": "((note)::text !~~ '%(as Metro-Goldwyn-Mayer Pictures)%'::text), (LLVM Optimized)"}, {"Node Type": "Hash", "Parent Relationship": "Inner", "Startup Cost": 15001.38, "Total Cost": 15001.38, "Plan Rows": 16, "Plan Width": 4, "Plans": [{"Node Type": "Streaming(type: BROADCAST dop: 16/1)", "Parent Relationship": "Outer", "Startup Cost": 0.0, "Total Cost": 15001.38, "Plan Rows": 16, "Plan Width": 4, "Plans": [{"Node Type": "Seq Scan", "Parent Relationship": "Outer", "Relation Name": "company_type", "Alias": "ct", "Startup Cost": 0.0, "Total Cost": 1.04, "Plan Rows": 1, "Plan Width": 4, "Filter": "((kind)::text = 'production companies'::text)"}]}]}]}]}]}]}]}]}]}, "Unique SQL Id": 2492542741, "Planner Runtime": 23}, "explain_analyze_plan": {"Plan": {"Node Type": "Aggregate", "Strategy": "Plain", "Startup Cost": 169320.72, "Total Cost": 169320.75, "Plan Rows": 1, "Plan Width": 113, "Actual Min Startup Time": 411.624, "Actual Max Startup Time": 411.624, "Actual Min Total Time": 411.624, "Actual Max Total Time": 411.624, "Plans": [{"Node Type": "Streaming(type: LOCAL GATHER dop: 1/16)", "Parent Relationship": "Outer", "Startup Cost": 169320.72, "Total Cost": 169320.75, "Plan Rows": 1, "Plan Width": 113, "Actual Min Startup Time": 411.362, "Actual Max Startup Time": 411.362, "Actual Min Total Time": 411.597, "Actual Max Total Time": 411.597, "Plans": [{"Node Type": "Aggregate", "Strategy": "Plain", "Parent Relationship": "Outer", "Startup Cost": 169320.72, "Total Cost": 169320.73, "Plan Rows": 1, "Plan Width": 113, "Actual Min Startup Time": 202.755, "Actual Max Startup Time": 245.629, "Actual Min Total Time": 202.755, "Actual Max Total Time": 245.629, "Plans": [{"Node Type": "Hash Join", "Parent Relationship": "Outer", "Join Type": "Inner", "Startup Cost": 103175.79, "Total Cost": 164441.53, "Plan Rows": 650559, "Plan Width": 45, "Actual Min Startup Time": 202.745, "Actual Max Startup Time": 245.621, "Actual Min Total Time": 202.745, "Actual Max Total Time": 245.621, "Inner Unique": false, "Hash Cond": "(t.id = mc.movie_id), (LLVM Optimized, Jit Execute)", "Plans": [{"Node Type": "Streaming(type: LOCAL REDISTRIBUTE dop: 16/16)", "Parent Relationship": "Outer", "Startup Cost": 47967.08, "Total Cost": 108609.95, "Plan Rows": 447839, "Plan Width": 29, "Actual Min Startup Time": 118.114, "Actual Max Startup Time": 118.364, "Actual Min Total Time": 118.285, "Actual Max Total Time": 118.364, "Plans": [{"Node Type": "Hash Join", "Parent Relationship": "Outer", "Join Type": "Inner", "Startup Cost": 47967.08, "Total Cost": 91913.06, "Plan Rows": 447839, "Plan Width": 29, "Actual Min Startup Time": 203.393, "Actual Max Startup Time": 233.751, "Actual Min Total Time": 203.393, "Actual Max Total Time": 233.751, "Inner Unique": true, "Hash Cond": "(mi_idx.movie_id = t.id), (LLVM Optimized, Jit Execute)", "Plans": [{"Node Type": "Streaming(type: LOCAL REDISTRIBUTE dop: 16/1)", "Parent Relationship": "Outer", "Startup Cost": 7502.06, "Total Cost": 51087.28, "Plan Rows": 345008, "Plan Width": 4, "Actual Min Startup Time": 0.002, "Actual Max Startup Time": 0.006, "Actual Min Total Time": 0.002, "Actual Max Total Time": 0.007, "Plans": [{"Node Type": "Nested Loop", "Parent Relationship": "Outer", "Join Type": "Inner", "Startup Cost": 7502.06, "Total Cost": 21741.14, "Plan Rows": 345008, "Plan Width": 4, "Actual Min Startup Time": 0.122, "Actual Max Startup Time": 0.122, "Actual Min Total Time": 0.131, "Actual Max Total Time": 0.131, "Inner Unique": false, "Plans": [{"Node Type": "Seq Scan", "Parent Relationship": "Outer", "Relation Name": "info_type", "Alias": "it", "Startup Cost": 0.0, "Total Cost": 2.4, "Plan Rows": 1, "Plan Width": 4, "Actual Min Startup Time": 0.061, "Actual Max Startup Time": 0.061, "Actual Min Total Time": 0.065, "Actual Max Total Time": 0.065, "Filter": "((info)::text = 'bottom 10 rank'::text)", "Rows Removed by Filter": 111, "Actual Rows": 1}, {"Node Type": "Bitmap Heap Scan", "Parent Relationship": "Inner", "Relation Name": "movie_info_idx", "Alias": "mi_idx", "Startup Cost": 7502.06, "Total Cost": 18288.66, "Plan Rows": 345008, "Plan Width": 8, "Actual Min Startup Time": 0.052, "Actual Max Startup Time": 0.052, "Actual Min Total Time": 0.054, "Actual Max Total Time": 0.054, "Recheck Cond": "(info_type_id = it.id), (LLVM Optimized, Jit Execute)", "Rows Removed by Index Recheck": 0, "Exact Heap Blocks": 0, "Lossy Heap Blocks": 0, "Plans": [{"Node Type": "Bitmap Index Scan", "Parent Relationship": "Outer", "Index Name": "info_type_id_movie_info_idx", "Startup Cost": 0.0, "Total Cost": 7415.81, "Plan Rows": 345008, "Plan Width": 0, "Actual Min Startup Time": 0.035, "Actual Max Startup Time": 0.035, "Actual Min Total Time": 0.035, "Actual Max Total Time": 0.035, "Index Cond": "(info_type_id = it.id)", "Actual Rows": 10}], "Actual Rows": 10}], "Actual Rows": 10}], "Actual Rows": 10}, {"Node Type": "Hash", "Parent Relationship": "Inner", "Startup Cost": 39385.42, "Total Cost": 39385.42, "Plan Rows": 1381886, "Plan Width": 25, "Actual Min Startup Time": 203.177, "Actual Max Startup Time": 233.645, "Actual Min Total Time": 203.177, "Actual Max Total Time": 233.645, "Max Hash Buckets": 131072, "Min Hash Buckets": 131072, "Max Hash Batches": 1, "Min Hash Batches": 1, "Max Original Hash Batches": 1, "Min Original Hash Batches": 1, "Max Peak Memory Usage": 4984, "min Peak Memory Usage": 4984, "Plans": [{"Node Type": "Streaming(type: LOCAL REDISTRIBUTE dop: 16/16)", "Parent Relationship": "Outer", "Startup Cost": 0.0, "Total Cost": 39385.42, "Plan Rows": 1381886, "Plan Width": 25, "Actual Min Startup Time": 0.039, "Actual Max Startup Time": 10.28, "Actual Min Total Time": 176.212, "Actual Max Total Time": 208.781, "Plans": [{"Node Type": "Seq Scan", "Parent Relationship": "Outer", "Relation Name": "title", "Alias": "t", "Startup Cost": 0.0, "Total Cost": 19149.37, "Plan Rows": 1381886, "Plan Width": 25, "Actual Min Startup Time": 0.029, "Actual Max Startup Time": 0.044, "Actual Min Total Time": 61.246, "Actual Max Total Time": 65.802, "Filter": "(production_year > 2000), (LLVM Optimized, Jit Execute)", "Rows Removed by Filter": 1146858, "Actual Rows": 1381453}], "Actual Rows": 1381453}], "Actual Rows": 1381453}], "Actual Rows": 6}], "Actual Rows": 6}, {"Node Type": "Hash", "Parent Relationship": "Inner", "Startup Cost": 54189.55, "Total Cost": 54189.55, "Plan Rows": 1304518, "Plan Width": 28, "Actual Min Startup Time": 84.195, "Actual Max Startup Time": 127.124, "Actual Min Total Time": 84.195, "Actual Max Total Time": 127.124, "Max Hash Buckets": 131072, "Min Hash Buckets": 131072, "Max Hash Batches": 1, "Min Hash Batches": 1, "Max Original Hash Batches": 1, "Min Original Hash Batches": 1, "Max Peak Memory Usage": 494, "min Peak Memory Usage": 494, "Plans": [{"Node Type": "Streaming(type: LOCAL REDISTRIBUTE dop: 16/16)", "Parent Relationship": "Outer", "Startup Cost": 15001.4, "Total Cost": 54189.55, "Plan Rows": 1304518, "Plan Width": 28, "Actual Min Startup Time": 0.056, "Actual Max Startup Time": 37.884, "Actual Min Total Time": 80.861, "Actual Max Total Time": 124.457, "Plans": [{"Node Type": "Hash Join", "Parent Relationship": "Outer", "Join Type": "Inner", "Startup Cost": 15001.4, "Total Cost": 34246.65, "Plan Rows": 1304518, "Plan Width": 28, "Actual Min Startup Time": 48.489, "Actual Max Startup Time": 82.671, "Actual Min Total Time": 72.28, "Actual Max Total Time": 107.836, "Inner Unique": true, "Hash Cond": "(mc.company_type_id = ct.id), (LLVM Optimized, Jit Execute)", "Plans": [{"Node Type": "Seq Scan", "Parent Relationship": "Outer", "Relation Name": "movie_companies", "Alias": "mc", "Startup Cost": 0.0, "Total Cost": 18021.26, "Plan Rows": 2609035, "Plan Width": 32, "Actual Min Startup Time": 0.03, "Actual Max Startup Time": 0.057, "Actual Min Total Time": 57.531, "Actual Max Total Time": 64.89, "Filter": "((note)::text !~~ '%(as Metro-Goldwyn-Mayer Pictures)%'::text), (LLVM Optimized, Jit Execute)", "Rows Removed by Filter": 1272041, "Actual Rows": 1337087}, {"Node Type": "Hash", "Parent Relationship": "Inner", "Startup Cost": 15001.38, "Total Cost": 15001.38, "Plan Rows": 16, "Plan Width": 4, "Actual Min Startup Time": 0.011, "Actual Max Startup Time": 26.522, "Actual Min Total Time": 0.011, "Actual Max Total Time": 26.522, "Max Hash Buckets": 32768, "Min Hash Buckets": 32768, "Max Hash Batches": 1, "Min Hash Batches": 1, "Max Original Hash Batches": 1, "Min Original Hash Batches": 1, "Max Peak Memory Usage": 1, "min Peak Memory Usage": 1, "Plans": [{"Node Type": "Streaming(type: BROADCAST dop: 16/1)", "Parent Relationship": "Outer", "Startup Cost": 0.0, "Total Cost": 15001.38, "Plan Rows": 16, "Plan Width": 4, "Actual Min Startup Time": 0.003, "Actual Max Startup Time": 26.494, "Actual Min Total Time": 0.004, "Actual Max Total Time": 26.496, "Plans": [{"Node Type": "Seq Scan", "Parent Relationship": "Outer", "Relation Name": "company_type", "Alias": "ct", "Startup Cost": 0.0, "Total Cost": 1.04, "Plan Rows": 1, "Plan Width": 4, "Actual Min Startup Time": 0.038, "Actual Max Startup Time": 0.038, "Actual Min Total Time": 0.041, "Actual Max Total Time": 0.041, "Filter": "((kind)::text = 'production companies'::text)", "Rows Removed by Filter": 2, "Actual Rows": 1}], "Actual Rows": 16}], "Actual Rows": 16}], "Actual Rows": 140904}], "Actual Rows": 140904}], "Actual Rows": 140904}], "Actual Rows": 4}], "Actual Rows": 16}], "Actual Rows": 16}], "Actual Rows": 1}, "Triggers": [], "Planner Runtime": 20, "Total Runtime": 437.264, "Unique SQL Id": 2492542741}}, "(16, 71)": {"explain_plan": {"Plan": {"Node Type": "Aggregate", "Strategy": "Plain", "Startup Cost": 259667.26, "Total Cost": 259667.27, "Plan Rows": 1, "Plan Width": 113, "Plans": [{"Node Type": "Hash Join", "Parent Relationship": "Outer", "Join Type": "Inner", "Startup Cost": 196064.72, "Total Cost": 254788.06, "Plan Rows": 650559, "Plan Width": 45, "Inner Unique": false, "Hash Cond": "(mc.movie_id = t.id), (LLVM Optimized)", "Plans": [{"Node Type": "Nested Loop", "Parent Relationship": "Outer", "Join Type": "Inner", "Startup Cost": 29278.87, "Total Cost": 77622.54, "Plan Rows": 1304518, "Plan Width": 28, "Inner Unique": false, "Plans": [{"Node Type": "Bitmap Heap Scan", "Parent Relationship": "Outer", "Relation Name": "company_type", "Alias": "ct", "Startup Cost": 8.27, "Total Cost": 12.3, "Plan Rows": 1, "Plan Width": 4, "Filter": "((kind)::text = 'production companies'::text)", "Plans": [{"Node Type": "Bitmap Index Scan", "Parent Relationship": "Outer", "Index Name": "company_type_pkey", "Startup Cost": 0.0, "Total Cost": 8.27, "Plan Rows": 3, "Plan Width": 0}]}, {"Node Type": "Bitmap Heap Scan", "Parent Relationship": "Inner", "Relation Name": "movie_companies", "Alias": "mc", "Startup Cost": 29270.61, "Total Cost": 64565.07, "Plan Rows": 1304517, "Plan Width": 32, "Recheck Cond": "(company_type_id = ct.id), (LLVM Optimized)", "Filter": "((note)::text !~~ '%(as Metro-Goldwyn-Mayer Pictures)%'::text), (LLVM Optimized)", "Plans": [{"Node Type": "Bitmap Index Scan", "Parent Relationship": "Outer", "Index Name": "company_type_id_movie_companies", "Startup Cost": 0.0, "Total Cost": 28944.48, "Plan Rows": 1304564, "Plan Width": 0, "Index Cond": "(company_type_id = ct.id)"}]}]}, {"Node Type": "Hash", "Parent Relationship": "Inner", "Startup Cost": 161187.86, "Total Cost": 161187.86, "Plan Rows": 447839, "Plan Width": 29, "Plans": [{"Node Type": "Hash Join", "Parent Relationship": "Outer", "Join Type": "Inner", "Startup Cost": 141173.61, "Total Cost": 161187.86, "Plan Rows": 447839, "Plan Width": 29, "Inner Unique": true, "Hash Cond": "(mi_idx.movie_id = t.id), (LLVM Optimized)", "Plans": [{"Node Type": "Nested Loop", "Parent Relationship": "Outer", "Join Type": "Inner", "Startup Cost": 7510.87, "Total Cost": 21752.95, "Plan Rows": 345008, "Plan Width": 4, "Inner Unique": false, "Plans": [{"Node Type": "Bitmap Heap Scan", "Parent Relationship": "Outer", "Relation Name": "info_type", "Alias": "it", "Startup Cost": 8.81, "Total Cost": 14.21, "Plan Rows": 1, "Plan Width": 4, "Filter": "((info)::text = 'bottom 10 rank'::text)", "Plans": [{"Node Type": "Bitmap Index Scan", "Parent Relationship": "Outer", "Index Name": "info_type_pkey", "Startup Cost": 0.0, "Total Cost": 8.81, "Plan Rows": 112, "Plan Width": 0}]}, {"Node Type": "Bitmap Heap Scan", "Parent Relationship": "Inner", "Relation Name": "movie_info_idx", "Alias": "mi_idx", "Startup Cost": 7502.06, "Total Cost": 18288.66, "Plan Rows": 345008, "Plan Width": 8, "Recheck Cond": "(info_type_id = it.id), (LLVM Optimized)", "Plans": [{"Node Type": "Bitmap Index Scan", "Parent Relationship": "Outer", "Index Name": "info_type_id_movie_info_idx", "Startup Cost": 0.0, "Total Cost": 7415.81, "Plan Rows": 345008, "Plan Width": 0, "Index Cond": "(info_type_id = it.id)"}]}]}, {"Node Type": "Hash", "Parent Relationship": "Inner", "Startup Cost": 116389.16, "Total Cost": 116389.16, "Plan Rows": 1381886, "Plan Width": 25, "Plans": [{"Node Type": "Bitmap Heap Scan", "Parent Relationship": "Outer", "Relation Name": "title", "Alias": "t", "Startup Cost": 49999.28, "Total Cost": 116389.16, "Plan Rows": 1381886, "Plan Width": 25, "Filter": "(production_year > 2000), (LLVM Optimized)", "Plans": [{"Node Type": "Bitmap Index Scan", "Parent Relationship": "Outer", "Index Name": "title_pkey", "Startup Cost": 0.0, "Total Cost": 49653.81, "Plan Rows": 2528311, "Plan Width": 0}]}]}]}]}]}]}, "Unique SQL Id": 2492542741, "Planner Runtime": 9}, "explain_analyze_plan": null}, "(16, 72)": {"explain_plan": {"Plan": {"Node Type": "Aggregate", "Strategy": "Plain", "Startup Cost": 159927.97, "Total Cost": 159928.0, "Plan Rows": 1, "Plan Width": 113, "Plans": [{"Node Type": "Streaming(type: LOCAL GATHER dop: 1/16)", "Parent Relationship": "Outer", "Startup Cost": 159927.97, "Total Cost": 159928.0, "Plan Rows": 1, "Plan Width": 113, "Plans": [{"Node Type": "Aggregate", "Strategy": "Plain", "Parent Relationship": "Outer", "Startup Cost": 159927.97, "Total Cost": 159927.98, "Plan Rows": 1, "Plan Width": 113, "Plans": [{"Node Type": "Hash Join", "Parent Relationship": "Outer", "Join Type": "Inner", "Startup Cost": 90440.43, "Total Cost": 155048.78, "Plan Rows": 650559, "Plan Width": 45, "Inner Unique": false, "Hash Cond": "(t.id = mc.movie_id), (LLVM Optimized)", "Plans": [{"Node Type": "Streaming(type: LOCAL REDISTRIBUTE dop: 16/16)", "Parent Relationship": "Outer", "Startup Cost": 35231.72, "Total Cost": 99217.19, "Plan Rows": 447839, "Plan Width": 29, "Plans": [{"Node Type": "Hash Join", "Parent Relationship": "Outer", "Join Type": "Inner", "Startup Cost": 35231.72, "Total Cost": 82520.3, "Plan Rows": 447839, "Plan Width": 29, "Inner Unique": true, "Hash Cond": "(mi_idx.movie_id = t.id), (LLVM Optimized)", "Plans": [{"Node Type": "Streaming(type: BROADCAST dop: 16/16)", "Parent Relationship": "Outer", "Startup Cost": 15002.76, "Total Cost": 60717.65, "Plan Rows": 5520128, "Plan Width": 4, "Plans": [{"Node Type": "Hash Join", "Parent Relationship": "Outer", "Join Type": "Inner", "Startup Cost": 15002.76, "Total Cost": 31701.7, "Plan Rows": 345008, "Plan Width": 4, "Inner Unique": true, "Hash Cond": "(mi_idx.info_type_id = it.id), (LLVM Optimized)", "Plans": [{"Node Type": "Seq Scan", "Parent Relationship": "Outer", "Relation Name": "movie_info_idx", "Alias": "mi_idx", "Startup Cost": 0.0, "Total Cost": 16267.15, "Plan Rows": 1380034, "Plan Width": 8}, {"Node Type": "Hash", "Parent Relationship": "Inner", "Startup Cost": 15002.75, "Total Cost": 15002.75, "Plan Rows": 16, "Plan Width": 4, "Plans": [{"Node Type": "Streaming(type: BROADCAST dop: 16/1)", "Parent Relationship": "Outer", "Startup Cost": 0.0, "Total Cost": 15002.75, "Plan Rows": 16, "Plan Width": 4, "Plans": [{"Node Type": "Seq Scan", "Parent Relationship": "Outer", "Relation Name": "info_type", "Alias": "it", "Startup Cost": 0.0, "Total Cost": 2.4, "Plan Rows": 1, "Plan Width": 4, "Filter": "((info)::text = 'bottom 10 rank'::text)"}]}]}]}]}, {"Node Type": "Hash", "Parent Relationship": "Inner", "Startup Cost": 19149.37, "Total Cost": 19149.37, "Plan Rows": 1381886, "Plan Width": 25, "Plans": [{"Node Type": "Seq Scan", "Parent Relationship": "Outer", "Relation Name": "title", "Alias": "t", "Startup Cost": 0.0, "Total Cost": 19149.37, "Plan Rows": 1381886, "Plan Width": 25, "Filter": "(production_year > 2000), (LLVM Optimized)"}]}]}]}, {"Node Type": "Hash", "Parent Relationship": "Inner", "Startup Cost": 54189.55, "Total Cost": 54189.55, "Plan Rows": 1304518, "Plan Width": 28, "Plans": [{"Node Type": "Streaming(type: LOCAL REDISTRIBUTE dop: 16/16)", "Parent Relationship": "Outer", "Startup Cost": 15001.4, "Total Cost": 54189.55, "Plan Rows": 1304518, "Plan Width": 28, "Plans": [{"Node Type": "Hash Join", "Parent Relationship": "Outer", "Join Type": "Inner", "Startup Cost": 15001.4, "Total Cost": 34246.65, "Plan Rows": 1304518, "Plan Width": 28, "Inner Unique": true, "Hash Cond": "(mc.company_type_id = ct.id), (LLVM Optimized)", "Plans": [{"Node Type": "Seq Scan", "Parent Relationship": "Outer", "Relation Name": "movie_companies", "Alias": "mc", "Startup Cost": 0.0, "Total Cost": 18021.26, "Plan Rows": 2609035, "Plan Width": 32, "Filter": "((note)::text !~~ '%(as Metro-Goldwyn-Mayer Pictures)%'::text), (LLVM Optimized)"}, {"Node Type": "Hash", "Parent Relationship": "Inner", "Startup Cost": 15001.38, "Total Cost": 15001.38, "Plan Rows": 16, "Plan Width": 4, "Plans": [{"Node Type": "Streaming(type: BROADCAST dop: 16/1)", "Parent Relationship": "Outer", "Startup Cost": 0.0, "Total Cost": 15001.38, "Plan Rows": 16, "Plan Width": 4, "Plans": [{"Node Type": "Seq Scan", "Parent Relationship": "Outer", "Relation Name": "company_type", "Alias": "ct", "Startup Cost": 0.0, "Total Cost": 1.04, "Plan Rows": 1, "Plan Width": 4, "Filter": "((kind)::text = 'production companies'::text)"}]}]}]}]}]}]}]}]}]}, "Unique SQL Id": 2492542741, "Planner Runtime": 22}, "explain_analyze_plan": {"Plan": {"Node Type": "Aggregate", "Strategy": "Plain", "Startup Cost": 159927.97, "Total Cost": 159928.0, "Plan Rows": 1, "Plan Width": 113, "Actual Min Startup Time": 295.603, "Actual Max Startup Time": 295.603, "Actual Min Total Time": 295.603, "Actual Max Total Time": 295.603, "Plans": [{"Node Type": "Streaming(type: LOCAL GATHER dop: 1/16)", "Parent Relationship": "Outer", "Startup Cost": 159927.97, "Total Cost": 159928.0, "Plan Rows": 1, "Plan Width": 113, "Actual Min Startup Time": 295.35, "Actual Max Startup Time": 295.35, "Actual Min Total Time": 295.574, "Actual Max Total Time": 295.574, "Plans": [{"Node Type": "Aggregate", "Strategy": "Plain", "Parent Relationship": "Outer", "Startup Cost": 159927.97, "Total Cost": 159927.98, "Plan Rows": 1, "Plan Width": 113, "Actual Min Startup Time": 92.376, "Actual Max Startup Time": 179.786, "Actual Min Total Time": 92.377, "Actual Max Total Time": 179.786, "Plans": [{"Node Type": "Hash Join", "Parent Relationship": "Outer", "Join Type": "Inner", "Startup Cost": 90440.43, "Total Cost": 155048.78, "Plan Rows": 650559, "Plan Width": 45, "Actual Min Startup Time": 92.369, "Actual Max Startup Time": 172.064, "Actual Min Total Time": 92.369, "Actual Max Total Time": 179.766, "Inner Unique": false, "Hash Cond": "(t.id = mc.movie_id), (LLVM Optimized)", "Plans": [{"Node Type": "Streaming(type: LOCAL REDISTRIBUTE dop: 16/16)", "Parent Relationship": "Outer", "Startup Cost": 35231.72, "Total Cost": 99217.19, "Plan Rows": 447839, "Plan Width": 29, "Actual Min Startup Time": 0.029, "Actual Max Startup Time": 8.887, "Actual Min Total Time": 8.811, "Actual Max Total Time": 8.888, "Plans": [{"Node Type": "Hash Join", "Parent Relationship": "Outer", "Join Type": "Inner", "Startup Cost": 35231.72, "Total Cost": 82520.3, "Plan Rows": 447839, "Plan Width": 29, "Actual Min Startup Time": 89.903, "Actual Max Startup Time": 95.16, "Actual Min Total Time": 89.904, "Actual Max Total Time": 95.16, "Inner Unique": true, "Hash Cond": "(mi_idx.movie_id = t.id), (LLVM Optimized)", "Plans": [{"Node Type": "Streaming(type: BROADCAST dop: 16/16)", "Parent Relationship": "Outer", "Startup Cost": 15002.76, "Total Cost": 60717.65, "Plan Rows": 5520128, "Plan Width": 4, "Actual Min Startup Time": 0.028, "Actual Max Startup Time": 0.035, "Actual Min Total Time": 0.029, "Actual Max Total Time": 0.037, "Plans": [{"Node Type": "Hash Join", "Parent Relationship": "Outer", "Join Type": "Inner", "Startup Cost": 15002.76, "Total Cost": 31701.7, "Plan Rows": 345008, "Plan Width": 4, "Actual Min Startup Time": 33.1, "Actual Max Startup Time": 51.395, "Actual Min Total Time": 33.1, "Actual Max Total Time": 51.395, "Inner Unique": true, "Hash Cond": "(mi_idx.info_type_id = it.id), (LLVM Optimized)", "Plans": [{"Node Type": "Seq Scan", "Parent Relationship": "Outer", "Relation Name": "movie_info_idx", "Alias": "mi_idx", "Startup Cost": 0.0, "Total Cost": 16267.15, "Plan Rows": 1380034, "Plan Width": 8, "Actual Min Startup Time": 0.03, "Actual Max Startup Time": 0.074, "Actual Min Total Time": 18.823, "Actual Max Total Time": 22.541, "Actual Rows": 1380034}, {"Node Type": "Hash", "Parent Relationship": "Inner", "Startup Cost": 15002.75, "Total Cost": 15002.75, "Plan Rows": 16, "Plan Width": 4, "Actual Min Startup Time": 0.012, "Actual Max Startup Time": 16.159, "Actual Min Total Time": 0.012, "Actual Max Total Time": 16.159, "Max Hash Buckets": 32768, "Min Hash Buckets": 32768, "Max Hash Batches": 1, "Min Hash Batches": 1, "Max Original Hash Batches": 1, "Min Original Hash Batches": 1, "Max Peak Memory Usage": 1, "min Peak Memory Usage": 1, "Plans": [{"Node Type": "Streaming(type: BROADCAST dop: 16/1)", "Parent Relationship": "Outer", "Startup Cost": 0.0, "Total Cost": 15002.75, "Plan Rows": 16, "Plan Width": 4, "Actual Min Startup Time": 0.004, "Actual Max Startup Time": 16.126, "Actual Min Total Time": 0.004, "Actual Max Total Time": 16.128, "Plans": [{"Node Type": "Seq Scan", "Parent Relationship": "Outer", "Relation Name": "info_type", "Alias": "it", "Startup Cost": 0.0, "Total Cost": 2.4, "Plan Rows": 1, "Plan Width": 4, "Actual Min Startup Time": 0.074, "Actual Max Startup Time": 0.074, "Actual Min Total Time": 0.078, "Actual Max Total Time": 0.078, "Filter": "((info)::text = 'bottom 10 rank'::text)", "Rows Removed by Filter": 111, "Actual Rows": 1}], "Actual Rows": 16}], "Actual Rows": 16}], "Actual Rows": 10}], "Actual Rows": 160}, {"Node Type": "Hash", "Parent Relationship": "Inner", "Startup Cost": 19149.37, "Total Cost": 19149.37, "Plan Rows": 1381886, "Plan Width": 25, "Actual Min Startup Time": 89.735, "Actual Max Startup Time": 95.018, "Actual Min Total Time": 89.735, "Actual Max Total Time": 95.018, "Max Hash Buckets": 131072, "Min Hash Buckets": 131072, "Max Hash Batches": 1, "Min Hash Batches": 1, "Max Original Hash Batches": 1, "Min Original Hash Batches": 1, "Max Peak Memory Usage": 5066, "min Peak Memory Usage": 5066, "Plans": [{"Node Type": "Seq Scan", "Parent Relationship": "Outer", "Relation Name": "title", "Alias": "t", "Startup Cost": 0.0, "Total Cost": 19149.37, "Plan Rows": 1381886, "Plan Width": 25, "Actual Min Startup Time": 0.023, "Actual Max Startup Time": 0.032, "Actual Min Total Time": 62.244, "Actual Max Total Time": 65.656, "Filter": "(production_year > 2000), (LLVM Optimized)", "Rows Removed by Filter": 1146858, "Actual Rows": 1381453}], "Actual Rows": 1381453}], "Actual Rows": 6}], "Actual Rows": 6}, {"Node Type": "Hash", "Parent Relationship": "Inner", "Startup Cost": 54189.55, "Total Cost": 54189.55, "Plan Rows": 1304518, "Plan Width": 28, "Actual Min Startup Time": 83.309, "Actual Max Startup Time": 170.808, "Actual Min Total Time": 83.309, "Actual Max Total Time": 170.808, "Max Hash Buckets": 131072, "Min Hash Buckets": 131072, "Max Hash Batches": 1, "Min Hash Batches": 1, "Max Original Hash Batches": 1, "Min Original Hash Batches": 1, "Max Peak Memory Usage": 494, "min Peak Memory Usage": 494, "Plans": [{"Node Type": "Streaming(type: LOCAL REDISTRIBUTE dop: 16/16)", "Parent Relationship": "Outer", "Startup Cost": 15001.4, "Total Cost": 54189.55, "Plan Rows": 1304518, "Plan Width": 28, "Actual Min Startup Time": 0.058, "Actual Max Startup Time": 39.303, "Actual Min Total Time": 80.64, "Actual Max Total Time": 168.289, "Plans": [{"Node Type": "Hash Join", "Parent Relationship": "Outer", "Join Type": "Inner", "Startup Cost": 15001.4, "Total Cost": 34246.65, "Plan Rows": 1304518, "Plan Width": 28, "Actual Min Startup Time": 48.019, "Actual Max Startup Time": 65.68, "Actual Min Total Time": 71.726, "Actual Max Total Time": 91.499, "Inner Unique": true, "Hash Cond": "(mc.company_type_id = ct.id), (LLVM Optimized)", "Plans": [{"Node Type": "Seq Scan", "Parent Relationship": "Outer", "Relation Name": "movie_companies", "Alias": "mc", "Startup Cost": 0.0, "Total Cost": 18021.26, "Plan Rows": 2609035, "Plan Width": 32, "Actual Min Startup Time": 0.03, "Actual Max Startup Time": 0.091, "Actual Min Total Time": 56.932, "Actual Max Total Time": 65.138, "Filter": "((note)::text !~~ '%(as Metro-Goldwyn-Mayer Pictures)%'::text), (LLVM Optimized)", "Rows Removed by Filter": 1272041, "Actual Rows": 1337087}, {"Node Type": "Hash", "Parent Relationship": "Inner", "Startup Cost": 15001.38, "Total Cost": 15001.38, "Plan Rows": 16, "Plan Width": 4, "Actual Min Startup Time": 0.012, "Actual Max Startup Time": 10.021, "Actual Min Total Time": 0.012, "Actual Max Total Time": 10.021, "Max Hash Buckets": 32768, "Min Hash Buckets": 32768, "Max Hash Batches": 1, "Min Hash Batches": 1, "Max Original Hash Batches": 1, "Min Original Hash Batches": 1, "Max Peak Memory Usage": 1, "min Peak Memory Usage": 1, "Plans": [{"Node Type": "Streaming(type: BROADCAST dop: 16/1)", "Parent Relationship": "Outer", "Startup Cost": 0.0, "Total Cost": 15001.38, "Plan Rows": 16, "Plan Width": 4, "Actual Min Startup Time": 0.004, "Actual Max Startup Time": 9.989, "Actual Min Total Time": 0.004, "Actual Max Total Time": 9.992, "Plans": [{"Node Type": "Seq Scan", "Parent Relationship": "Outer", "Relation Name": "company_type", "Alias": "ct", "Startup Cost": 0.0, "Total Cost": 1.04, "Plan Rows": 1, "Plan Width": 4, "Actual Min Startup Time": 0.032, "Actual Max Startup Time": 0.032, "Actual Min Total Time": 0.035, "Actual Max Total Time": 0.035, "Filter": "((kind)::text = 'production companies'::text)", "Rows Removed by Filter": 2, "Actual Rows": 1}], "Actual Rows": 16}], "Actual Rows": 16}], "Actual Rows": 140904}], "Actual Rows": 140904}], "Actual Rows": 140904}], "Actual Rows": 4}], "Actual Rows": 16}], "Actual Rows": 16}], "Actual Rows": 1}, "Triggers": [], "Planner Runtime": 23, "Total Runtime": 319.65, "Unique SQL Id": 2492542741}}, "(16, 73)": {"explain_plan": {"Plan": {"Node Type": "Aggregate", "Strategy": "Plain", "Startup Cost": 289524.49, "Total Cost": 289524.52, "Plan Rows": 1, "Plan Width": 113, "Plans": [{"Node Type": "Streaming(type: LOCAL GATHER dop: 1/16)", "Parent Relationship": "Outer", "Startup Cost": 289524.49, "Total Cost": 289524.52, "Plan Rows": 1, "Plan Width": 113, "Plans": [{"Node Type": "Aggregate", "Strategy": "Plain", "Parent Relationship": "Outer", "Startup Cost": 289524.49, "Total Cost": 289524.5, "Plan Rows": 1, "Plan Width": 113, "Plans": [{"Node Type": "Hash Join", "Parent Relationship": "Outer", "Join Type": "Inner", "Startup Cost": 138518.61, "Total Cost": 284645.3, "Plan Rows": 650559, "Plan Width": 45, "Inner Unique": false, "Hash Cond": "(t.id = mi_idx.movie_id), (LLVM Optimized)", "Plans": [{"Node Type": "Streaming(type: LOCAL REDISTRIBUTE dop: 16/16)", "Parent Relationship": "Outer", "Startup Cost": 121327.99, "Total Cost": 266714.82, "Plan Rows": 1693335, "Plan Width": 53, "Plans": [{"Node Type": "Hash Join", "Parent Relationship": "Outer", "Join Type": "Inner", "Startup Cost": 121327.99, "Total Cost": 245298.67, "Plan Rows": 1693335, "Plan Width": 53, "Inner Unique": false, "Hash Cond": "(t.id = mc.movie_id), (LLVM Optimized)", "Plans": [{"Node Type": "Streaming(type: LOCAL REDISTRIBUTE dop: 16/16)", "Parent Relationship": "Outer", "Startup Cost": 0.0, "Total Cost": 122048.67, "Plan Rows": 1381886, "Plan Width": 25, "Plans": [{"Node Type": "Index Scan", "Parent Relationship": "Outer", "Scan Direction": "Forward", "Index Name": "title_pkey", "Relation Name": "title", "Alias": "t", "Startup Cost": 0.0, "Total Cost": 101812.62, "Plan Rows": 1381886, "Plan Width": 25, "Filter": "(production_year > 2000), (LLVM Optimized)"}]}, {"Node Type": "Hash", "Parent Relationship": "Inner", "Startup Cost": 120308.83, "Total Cost": 120308.83, "Plan Rows": 1304518, "Plan Width": 28, "Plans": [{"Node Type": "Streaming(type: LOCAL REDISTRIBUTE dop: 16/16)", "Parent Relationship": "Outer", "Startup Cost": 15012.66, "Total Cost": 120308.83, "Plan Rows": 1304518, "Plan Width": 28, "Plans": [{"Node Type": "Hash Join", "Parent Relationship": "Outer", "Join Type": "Inner", "Startup Cost": 15012.66, "Total Cost": 100365.93, "Plan Rows": 1304518, "Plan Width": 28, "Inner Unique": true, "Hash Cond": "(mc.company_type_id = ct.id), (LLVM Optimized)", "Plans": [{"Node Type": "Index Scan", "Parent Relationship": "Outer", "Scan Direction": "Forward", "Index Name": "company_type_id_movie_companies", "Relation Name": "movie_companies", "Alias": "mc", "Startup Cost": 0.0, "Total Cost": 84129.27, "Plan Rows": 2609035, "Plan Width": 32, "Filter": "((note)::text !~~ '%(as Metro-Goldwyn-Mayer Pictures)%'::text), (LLVM Optimized)"}, {"Node Type": "Hash", "Parent Relationship": "Inner", "Startup Cost": 15012.65, "Total Cost": 15012.65, "Plan Rows": 16, "Plan Width": 4, "Plans": [{"Node Type": "Streaming(type: BROADCAST dop: 16/1)", "Parent Relationship": "Outer", "Startup Cost": 0.0, "Total Cost": 15012.65, "Plan Rows": 16, "Plan Width": 4, "Plans": [{"Node Type": "Index Scan", "Parent Relationship": "Outer", "Scan Direction": "Forward", "Index Name": "company_type_pkey", "Relation Name": "company_type", "Alias": "ct", "Startup Cost": 0.0, "Total Cost": 12.3, "Plan Rows": 1, "Plan Width": 4, "Filter": "((kind)::text = 'production companies'::text)"}]}]}]}]}]}]}]}, {"Node Type": "Hash", "Parent Relationship": "Inner", "Startup Cost": 67684.33, "Total Cost": 67684.33, "Plan Rows": 345008, "Plan Width": 4, "Plans": [{"Node Type": "Streaming(type: LOCAL REDISTRIBUTE dop: 16/1)", "Parent Relationship": "Outer", "Startup Cost": 0.0, "Total Cost": 67684.33, "Plan Rows": 345008, "Plan Width": 4, "Plans": [{"Node Type": "Nested Loop", "Parent Relationship": "Outer", "Join Type": "Inner", "Startup Cost": 0.0, "Total Cost": 38338.2, "Plan Rows": 345008, "Plan Width": 4, "Inner Unique": false, "Plans": [{"Node Type": "Index Scan", "Parent Relationship": "Outer", "Scan Direction": "Forward", "Index Name": "info_type_pkey", "Relation Name": "info_type", "Alias": "it", "Startup Cost": 0.0, "Total Cost": 14.21, "Plan Rows": 1, "Plan Width": 4, "Filter": "((info)::text = 'bottom 10 rank'::text)"}, {"Node Type": "Index Scan", "Parent Relationship": "Inner", "Scan Direction": "Forward", "Index Name": "info_type_id_movie_info_idx", "Relation Name": "movie_info_idx", "Alias": "mi_idx", "Startup Cost": 0.0, "Total Cost": 34873.91, "Plan Rows": 345008, "Plan Width": 8, "Index Cond": "(info_type_id = it.id), (LLVM Optimized)"}]}]}]}]}]}]}]}, "Unique SQL Id": 2492542741, "Planner Runtime": 19}, "explain_analyze_plan": null}, "(16, 74)": {"explain_plan": {"Plan": {"Node Type": "Aggregate", "Strategy": "Plain", "Startup Cost": 159927.97, "Total Cost": 159928.0, "Plan Rows": 1, "Plan Width": 113, "Plans": [{"Node Type": "Streaming(type: LOCAL GATHER dop: 1/16)", "Parent Relationship": "Outer", "Startup Cost": 159927.97, "Total Cost": 159928.0, "Plan Rows": 1, "Plan Width": 113, "Plans": [{"Node Type": "Aggregate", "Strategy": "Plain", "Parent Relationship": "Outer", "Startup Cost": 159927.97, "Total Cost": 159927.98, "Plan Rows": 1, "Plan Width": 113, "Plans": [{"Node Type": "Hash Join", "Parent Relationship": "Outer", "Join Type": "Inner", "Startup Cost": 90440.43, "Total Cost": 155048.78, "Plan Rows": 650559, "Plan Width": 45, "Inner Unique": false, "Hash Cond": "(t.id = mc.movie_id), (LLVM Optimized)", "Plans": [{"Node Type": "Streaming(type: LOCAL REDISTRIBUTE dop: 16/16)", "Parent Relationship": "Outer", "Startup Cost": 35231.72, "Total Cost": 99217.19, "Plan Rows": 447839, "Plan Width": 29, "Plans": [{"Node Type": "Hash Join", "Parent Relationship": "Outer", "Join Type": "Inner", "Startup Cost": 35231.72, "Total Cost": 82520.3, "Plan Rows": 447839, "Plan Width": 29, "Inner Unique": true, "Hash Cond": "(mi_idx.movie_id = t.id), (LLVM Optimized)", "Plans": [{"Node Type": "Streaming(type: BROADCAST dop: 16/16)", "Parent Relationship": "Outer", "Startup Cost": 15002.76, "Total Cost": 60717.65, "Plan Rows": 5520128, "Plan Width": 4, "Plans": [{"Node Type": "Hash Join", "Parent Relationship": "Outer", "Join Type": "Inner", "Startup Cost": 15002.76, "Total Cost": 31701.7, "Plan Rows": 345008, "Plan Width": 4, "Inner Unique": true, "Hash Cond": "(mi_idx.info_type_id = it.id), (LLVM Optimized)", "Plans": [{"Node Type": "Seq Scan", "Parent Relationship": "Outer", "Relation Name": "movie_info_idx", "Alias": "mi_idx", "Startup Cost": 0.0, "Total Cost": 16267.15, "Plan Rows": 1380034, "Plan Width": 8}, {"Node Type": "Hash", "Parent Relationship": "Inner", "Startup Cost": 15002.75, "Total Cost": 15002.75, "Plan Rows": 16, "Plan Width": 4, "Plans": [{"Node Type": "Streaming(type: BROADCAST dop: 16/1)", "Parent Relationship": "Outer", "Startup Cost": 0.0, "Total Cost": 15002.75, "Plan Rows": 16, "Plan Width": 4, "Plans": [{"Node Type": "Seq Scan", "Parent Relationship": "Outer", "Relation Name": "info_type", "Alias": "it", "Startup Cost": 0.0, "Total Cost": 2.4, "Plan Rows": 1, "Plan Width": 4, "Filter": "((info)::text = 'bottom 10 rank'::text)"}]}]}]}]}, {"Node Type": "Hash", "Parent Relationship": "Inner", "Startup Cost": 19149.37, "Total Cost": 19149.37, "Plan Rows": 1381886, "Plan Width": 25, "Plans": [{"Node Type": "Seq Scan", "Parent Relationship": "Outer", "Relation Name": "title", "Alias": "t", "Startup Cost": 0.0, "Total Cost": 19149.37, "Plan Rows": 1381886, "Plan Width": 25, "Filter": "(production_year > 2000), (LLVM Optimized)"}]}]}]}, {"Node Type": "Hash", "Parent Relationship": "Inner", "Startup Cost": 54189.55, "Total Cost": 54189.55, "Plan Rows": 1304518, "Plan Width": 28, "Plans": [{"Node Type": "Streaming(type: LOCAL REDISTRIBUTE dop: 16/16)", "Parent Relationship": "Outer", "Startup Cost": 15001.4, "Total Cost": 54189.55, "Plan Rows": 1304518, "Plan Width": 28, "Plans": [{"Node Type": "Hash Join", "Parent Relationship": "Outer", "Join Type": "Inner", "Startup Cost": 15001.4, "Total Cost": 34246.65, "Plan Rows": 1304518, "Plan Width": 28, "Inner Unique": true, "Hash Cond": "(mc.company_type_id = ct.id), (LLVM Optimized)", "Plans": [{"Node Type": "Seq Scan", "Parent Relationship": "Outer", "Relation Name": "movie_companies", "Alias": "mc", "Startup Cost": 0.0, "Total Cost": 18021.26, "Plan Rows": 2609035, "Plan Width": 32, "Filter": "((note)::text !~~ '%(as Metro-Goldwyn-Mayer Pictures)%'::text), (LLVM Optimized)"}, {"Node Type": "Hash", "Parent Relationship": "Inner", "Startup Cost": 15001.38, "Total Cost": 15001.38, "Plan Rows": 16, "Plan Width": 4, "Plans": [{"Node Type": "Streaming(type: BROADCAST dop: 16/1)", "Parent Relationship": "Outer", "Startup Cost": 0.0, "Total Cost": 15001.38, "Plan Rows": 16, "Plan Width": 4, "Plans": [{"Node Type": "Seq Scan", "Parent Relationship": "Outer", "Relation Name": "company_type", "Alias": "ct", "Startup Cost": 0.0, "Total Cost": 1.04, "Plan Rows": 1, "Plan Width": 4, "Filter": "((kind)::text = 'production companies'::text)"}]}]}]}]}]}]}]}]}]}, "Unique SQL Id": 2492542741, "Planner Runtime": 27}, "explain_analyze_plan": {"Plan": {"Node Type": "Aggregate", "Strategy": "Plain", "Startup Cost": 159927.97, "Total Cost": 159928.0, "Plan Rows": 1, "Plan Width": 113, "Actual Min Startup Time": 295.603, "Actual Max Startup Time": 295.603, "Actual Min Total Time": 295.603, "Actual Max Total Time": 295.603, "Plans": [{"Node Type": "Streaming(type: LOCAL GATHER dop: 1/16)", "Parent Relationship": "Outer", "Startup Cost": 159927.97, "Total Cost": 159928.0, "Plan Rows": 1, "Plan Width": 113, "Actual Min Startup Time": 295.35, "Actual Max Startup Time": 295.35, "Actual Min Total Time": 295.574, "Actual Max Total Time": 295.574, "Plans": [{"Node Type": "Aggregate", "Strategy": "Plain", "Parent Relationship": "Outer", "Startup Cost": 159927.97, "Total Cost": 159927.98, "Plan Rows": 1, "Plan Width": 113, "Actual Min Startup Time": 92.376, "Actual Max Startup Time": 179.786, "Actual Min Total Time": 92.377, "Actual Max Total Time": 179.786, "Plans": [{"Node Type": "Hash Join", "Parent Relationship": "Outer", "Join Type": "Inner", "Startup Cost": 90440.43, "Total Cost": 155048.78, "Plan Rows": 650559, "Plan Width": 45, "Actual Min Startup Time": 92.369, "Actual Max Startup Time": 172.064, "Actual Min Total Time": 92.369, "Actual Max Total Time": 179.766, "Inner Unique": false, "Hash Cond": "(t.id = mc.movie_id), (LLVM Optimized)", "Plans": [{"Node Type": "Streaming(type: LOCAL REDISTRIBUTE dop: 16/16)", "Parent Relationship": "Outer", "Startup Cost": 35231.72, "Total Cost": 99217.19, "Plan Rows": 447839, "Plan Width": 29, "Actual Min Startup Time": 0.029, "Actual Max Startup Time": 8.887, "Actual Min Total Time": 8.811, "Actual Max Total Time": 8.888, "Plans": [{"Node Type": "Hash Join", "Parent Relationship": "Outer", "Join Type": "Inner", "Startup Cost": 35231.72, "Total Cost": 82520.3, "Plan Rows": 447839, "Plan Width": 29, "Actual Min Startup Time": 89.903, "Actual Max Startup Time": 95.16, "Actual Min Total Time": 89.904, "Actual Max Total Time": 95.16, "Inner Unique": true, "Hash Cond": "(mi_idx.movie_id = t.id), (LLVM Optimized)", "Plans": [{"Node Type": "Streaming(type: BROADCAST dop: 16/16)", "Parent Relationship": "Outer", "Startup Cost": 15002.76, "Total Cost": 60717.65, "Plan Rows": 5520128, "Plan Width": 4, "Actual Min Startup Time": 0.028, "Actual Max Startup Time": 0.035, "Actual Min Total Time": 0.029, "Actual Max Total Time": 0.037, "Plans": [{"Node Type": "Hash Join", "Parent Relationship": "Outer", "Join Type": "Inner", "Startup Cost": 15002.76, "Total Cost": 31701.7, "Plan Rows": 345008, "Plan Width": 4, "Actual Min Startup Time": 33.1, "Actual Max Startup Time": 51.395, "Actual Min Total Time": 33.1, "Actual Max Total Time": 51.395, "Inner Unique": true, "Hash Cond": "(mi_idx.info_type_id = it.id), (LLVM Optimized)", "Plans": [{"Node Type": "Seq Scan", "Parent Relationship": "Outer", "Relation Name": "movie_info_idx", "Alias": "mi_idx", "Startup Cost": 0.0, "Total Cost": 16267.15, "Plan Rows": 1380034, "Plan Width": 8, "Actual Min Startup Time": 0.03, "Actual Max Startup Time": 0.074, "Actual Min Total Time": 18.823, "Actual Max Total Time": 22.541, "Actual Rows": 1380034}, {"Node Type": "Hash", "Parent Relationship": "Inner", "Startup Cost": 15002.75, "Total Cost": 15002.75, "Plan Rows": 16, "Plan Width": 4, "Actual Min Startup Time": 0.012, "Actual Max Startup Time": 16.159, "Actual Min Total Time": 0.012, "Actual Max Total Time": 16.159, "Max Hash Buckets": 32768, "Min Hash Buckets": 32768, "Max Hash Batches": 1, "Min Hash Batches": 1, "Max Original Hash Batches": 1, "Min Original Hash Batches": 1, "Max Peak Memory Usage": 1, "min Peak Memory Usage": 1, "Plans": [{"Node Type": "Streaming(type: BROADCAST dop: 16/1)", "Parent Relationship": "Outer", "Startup Cost": 0.0, "Total Cost": 15002.75, "Plan Rows": 16, "Plan Width": 4, "Actual Min Startup Time": 0.004, "Actual Max Startup Time": 16.126, "Actual Min Total Time": 0.004, "Actual Max Total Time": 16.128, "Plans": [{"Node Type": "Seq Scan", "Parent Relationship": "Outer", "Relation Name": "info_type", "Alias": "it", "Startup Cost": 0.0, "Total Cost": 2.4, "Plan Rows": 1, "Plan Width": 4, "Actual Min Startup Time": 0.074, "Actual Max Startup Time": 0.074, "Actual Min Total Time": 0.078, "Actual Max Total Time": 0.078, "Filter": "((info)::text = 'bottom 10 rank'::text)", "Rows Removed by Filter": 111, "Actual Rows": 1}], "Actual Rows": 16}], "Actual Rows": 16}], "Actual Rows": 10}], "Actual Rows": 160}, {"Node Type": "Hash", "Parent Relationship": "Inner", "Startup Cost": 19149.37, "Total Cost": 19149.37, "Plan Rows": 1381886, "Plan Width": 25, "Actual Min Startup Time": 89.735, "Actual Max Startup Time": 95.018, "Actual Min Total Time": 89.735, "Actual Max Total Time": 95.018, "Max Hash Buckets": 131072, "Min Hash Buckets": 131072, "Max Hash Batches": 1, "Min Hash Batches": 1, "Max Original Hash Batches": 1, "Min Original Hash Batches": 1, "Max Peak Memory Usage": 5066, "min Peak Memory Usage": 5066, "Plans": [{"Node Type": "Seq Scan", "Parent Relationship": "Outer", "Relation Name": "title", "Alias": "t", "Startup Cost": 0.0, "Total Cost": 19149.37, "Plan Rows": 1381886, "Plan Width": 25, "Actual Min Startup Time": 0.023, "Actual Max Startup Time": 0.032, "Actual Min Total Time": 62.244, "Actual Max Total Time": 65.656, "Filter": "(production_year > 2000), (LLVM Optimized)", "Rows Removed by Filter": 1146858, "Actual Rows": 1381453}], "Actual Rows": 1381453}], "Actual Rows": 6}], "Actual Rows": 6}, {"Node Type": "Hash", "Parent Relationship": "Inner", "Startup Cost": 54189.55, "Total Cost": 54189.55, "Plan Rows": 1304518, "Plan Width": 28, "Actual Min Startup Time": 83.309, "Actual Max Startup Time": 170.808, "Actual Min Total Time": 83.309, "Actual Max Total Time": 170.808, "Max Hash Buckets": 131072, "Min Hash Buckets": 131072, "Max Hash Batches": 1, "Min Hash Batches": 1, "Max Original Hash Batches": 1, "Min Original Hash Batches": 1, "Max Peak Memory Usage": 494, "min Peak Memory Usage": 494, "Plans": [{"Node Type": "Streaming(type: LOCAL REDISTRIBUTE dop: 16/16)", "Parent Relationship": "Outer", "Startup Cost": 15001.4, "Total Cost": 54189.55, "Plan Rows": 1304518, "Plan Width": 28, "Actual Min Startup Time": 0.058, "Actual Max Startup Time": 39.303, "Actual Min Total Time": 80.64, "Actual Max Total Time": 168.289, "Plans": [{"Node Type": "Hash Join", "Parent Relationship": "Outer", "Join Type": "Inner", "Startup Cost": 15001.4, "Total Cost": 34246.65, "Plan Rows": 1304518, "Plan Width": 28, "Actual Min Startup Time": 48.019, "Actual Max Startup Time": 65.68, "Actual Min Total Time": 71.726, "Actual Max Total Time": 91.499, "Inner Unique": true, "Hash Cond": "(mc.company_type_id = ct.id), (LLVM Optimized)", "Plans": [{"Node Type": "Seq Scan", "Parent Relationship": "Outer", "Relation Name": "movie_companies", "Alias": "mc", "Startup Cost": 0.0, "Total Cost": 18021.26, "Plan Rows": 2609035, "Plan Width": 32, "Actual Min Startup Time": 0.03, "Actual Max Startup Time": 0.091, "Actual Min Total Time": 56.932, "Actual Max Total Time": 65.138, "Filter": "((note)::text !~~ '%(as Metro-Goldwyn-Mayer Pictures)%'::text), (LLVM Optimized)", "Rows Removed by Filter": 1272041, "Actual Rows": 1337087}, {"Node Type": "Hash", "Parent Relationship": "Inner", "Startup Cost": 15001.38, "Total Cost": 15001.38, "Plan Rows": 16, "Plan Width": 4, "Actual Min Startup Time": 0.012, "Actual Max Startup Time": 10.021, "Actual Min Total Time": 0.012, "Actual Max Total Time": 10.021, "Max Hash Buckets": 32768, "Min Hash Buckets": 32768, "Max Hash Batches": 1, "Min Hash Batches": 1, "Max Original Hash Batches": 1, "Min Original Hash Batches": 1, "Max Peak Memory Usage": 1, "min Peak Memory Usage": 1, "Plans": [{"Node Type": "Streaming(type: BROADCAST dop: 16/1)", "Parent Relationship": "Outer", "Startup Cost": 0.0, "Total Cost": 15001.38, "Plan Rows": 16, "Plan Width": 4, "Actual Min Startup Time": 0.004, "Actual Max Startup Time": 9.989, "Actual Min Total Time": 0.004, "Actual Max Total Time": 9.992, "Plans": [{"Node Type": "Seq Scan", "Parent Relationship": "Outer", "Relation Name": "company_type", "Alias": "ct", "Startup Cost": 0.0, "Total Cost": 1.04, "Plan Rows": 1, "Plan Width": 4, "Actual Min Startup Time": 0.032, "Actual Max Startup Time": 0.032, "Actual Min Total Time": 0.035, "Actual Max Total Time": 0.035, "Filter": "((kind)::text = 'production companies'::text)", "Rows Removed by Filter": 2, "Actual Rows": 1}], "Actual Rows": 16}], "Actual Rows": 16}], "Actual Rows": 140904}], "Actual Rows": 140904}], "Actual Rows": 140904}], "Actual Rows": 4}], "Actual Rows": 16}], "Actual Rows": 16}], "Actual Rows": 1}, "Triggers": [], "Planner Runtime": 23, "Total Runtime": 319.65, "Unique SQL Id": 2492542741}}, "(16, 75)": {"explain_plan": {"Plan": {"Node Type": "Aggregate", "Strategy": "Plain", "Startup Cost": 4997226344145.53, "Total Cost": 4997226344145.54, "Plan Rows": 1, "Plan Width": 113, "Plans": [{"Node Type": "Hash Join", "Parent Relationship": "Outer", "Join Type": "Inner", "Startup Cost": 2030027234286.38, "Total Cost": 4997226339266.34, "Plan Rows": 650559, "Plan Width": 45, "Inner Unique": true, "Hash Cond": "(mc.company_type_id = ct.id), (LLVM Optimized)", "Plans": [{"Node Type": "Hash Join", "Parent Relationship": "Outer", "Join Type": "Inner", "Startup Cost": 1030027233056.12, "Total Cost": 3997226329448.76, "Plan Rows": 1055184, "Plan Width": 49, "Inner Unique": true, "Hash Cond": "(mi_idx.info_type_id = it.id), (LLVM Optimized)", "Plans": [{"Node Type": "Merge Join", "Parent Relationship": "Outer", "Join Type": "Inner", "Startup Cost": 30027231635.11, "Total Cost": 2997226306897.65, "Plan Rows": 4220744, "Plan Width": 53, "Inner Unique": false, "Merge Cond": "(mi_idx.movie_id = t.id)", "Plans": [{"Node Type": "Index Scan", "Parent Relationship": "Outer", "Scan Direction": "Forward", "Index Name": "movie_id_movie_info_idx", "Relation Name": "movie_info_idx", "Alias": "mi_idx", "Startup Cost": 10000000000.0, "Total Cost": 1000004650035.37, "Plan Rows": 1380034, "Plan Width": 8}, {"Node Type": "Materialize", "Parent Relationship": "Inner", "Startup Cost": 20021492619.09, "Total Cost": 1999076868999.12, "Plan Rows": 3320699, "Plan Width": 57, "Plans": [{"Node Type": "Merge Join", "Parent Relationship": "Outer", "Join Type": "Inner", "Startup Cost": 20021492619.09, "Total Cost": 1999076860697.37, "Plan Rows": 3320699, "Plan Width": 57, "Inner Unique": false, "Merge Cond": "(t.id = mc.movie_id)", "Plans": [{"Node Type": "Index Scan", "Parent Relationship": "Outer", "Scan Direction": "Forward", "Index Name": "title_pkey", "Relation Name": "title", "Alias": "t", "Startup Cost": 10000000000.0, "Total Cost": 1000011644126.66, "Plan Rows": 1381886, "Plan Width": 25, "Filter": "(production_year > 2000), (LLVM Optimized)"}, {"Node Type": "Materialize", "Parent Relationship": "Inner", "Startup Cost": 10000000000.0, "Total Cost": 1000013710750.72, "Plan Rows": 2609035, "Plan Width": 32, "Plans": [{"Node Type": "Index Scan", "Parent Relationship": "Outer", "Scan Direction": "Forward", "Index Name": "movie_id_movie_companies", "Relation Name": "movie_companies", "Alias": "mc", "Startup Cost": 10000000000.0, "Total Cost": 1000013704228.13, "Plan Rows": 2609035, "Plan Width": 32, "Filter": "((note)::text !~~ '%(as Metro-Goldwyn-Mayer Pictures)%'::text), (LLVM Optimized)"}]}]}]}]}, {"Node Type": "Hash", "Parent Relationship": "Inner", "Startup Cost": 1000000001421.0, "Total Cost": 1000000001421.0, "Plan Rows": 1, "Plan Width": 4, "Plans": [{"Node Type": "Index Scan", "Parent Relationship": "Outer", "Scan Direction": "Forward", "Index Name": "info_type_pkey", "Relation Name": "info_type", "Alias": "it", "Startup Cost": 10000000000.0, "Total Cost": 1000000001421.0, "Plan Rows": 1, "Plan Width": 4, "Filter": "((info)::text = 'bottom 10 rank'::text)"}]}]}, {"Node Type": "Hash", "Parent Relationship": "Inner", "Startup Cost": 1000000001230.25, "Total Cost": 1000000001230.25, "Plan Rows": 1, "Plan Width": 4, "Plans": [{"Node Type": "Index Scan", "Parent Relationship": "Outer", "Scan Direction": "Forward", "Index Name": "company_type_pkey", "Relation Name": "company_type", "Alias": "ct", "Startup Cost": 10000000000.0, "Total Cost": 1000000001230.25, "Plan Rows": 1, "Plan Width": 4, "Filter": "((kind)::text = 'production companies'::text)"}]}]}]}, "Unique SQL Id": 2492542741, "Planner Runtime": 14}, "explain_analyze_plan": null}, "(16, 76)": {"explain_plan": {"Plan": {"Node Type": "Aggregate", "Strategy": "Plain", "Startup Cost": 159927.97, "Total Cost": 159928.0, "Plan Rows": 1, "Plan Width": 113, "Plans": [{"Node Type": "Streaming(type: LOCAL GATHER dop: 1/16)", "Parent Relationship": "Outer", "Startup Cost": 159927.97, "Total Cost": 159928.0, "Plan Rows": 1, "Plan Width": 113, "Plans": [{"Node Type": "Aggregate", "Strategy": "Plain", "Parent Relationship": "Outer", "Startup Cost": 159927.97, "Total Cost": 159927.98, "Plan Rows": 1, "Plan Width": 113, "Plans": [{"Node Type": "Hash Join", "Parent Relationship": "Outer", "Join Type": "Inner", "Startup Cost": 90440.43, "Total Cost": 155048.78, "Plan Rows": 650559, "Plan Width": 45, "Inner Unique": false, "Hash Cond": "(t.id = mc.movie_id), (LLVM Optimized)", "Plans": [{"Node Type": "Streaming(type: LOCAL REDISTRIBUTE dop: 16/16)", "Parent Relationship": "Outer", "Startup Cost": 35231.72, "Total Cost": 99217.19, "Plan Rows": 447839, "Plan Width": 29, "Plans": [{"Node Type": "Hash Join", "Parent Relationship": "Outer", "Join Type": "Inner", "Startup Cost": 35231.72, "Total Cost": 82520.3, "Plan Rows": 447839, "Plan Width": 29, "Inner Unique": true, "Hash Cond": "(mi_idx.movie_id = t.id), (LLVM Optimized)", "Plans": [{"Node Type": "Streaming(type: BROADCAST dop: 16/16)", "Parent Relationship": "Outer", "Startup Cost": 15002.76, "Total Cost": 60717.65, "Plan Rows": 5520128, "Plan Width": 4, "Plans": [{"Node Type": "Hash Join", "Parent Relationship": "Outer", "Join Type": "Inner", "Startup Cost": 15002.76, "Total Cost": 31701.7, "Plan Rows": 345008, "Plan Width": 4, "Inner Unique": true, "Hash Cond": "(mi_idx.info_type_id = it.id), (LLVM Optimized)", "Plans": [{"Node Type": "Seq Scan", "Parent Relationship": "Outer", "Relation Name": "movie_info_idx", "Alias": "mi_idx", "Startup Cost": 0.0, "Total Cost": 16267.15, "Plan Rows": 1380034, "Plan Width": 8}, {"Node Type": "Hash", "Parent Relationship": "Inner", "Startup Cost": 15002.75, "Total Cost": 15002.75, "Plan Rows": 16, "Plan Width": 4, "Plans": [{"Node Type": "Streaming(type: BROADCAST dop: 16/1)", "Parent Relationship": "Outer", "Startup Cost": 0.0, "Total Cost": 15002.75, "Plan Rows": 16, "Plan Width": 4, "Plans": [{"Node Type": "Seq Scan", "Parent Relationship": "Outer", "Relation Name": "info_type", "Alias": "it", "Startup Cost": 0.0, "Total Cost": 2.4, "Plan Rows": 1, "Plan Width": 4, "Filter": "((info)::text = 'bottom 10 rank'::text)"}]}]}]}]}, {"Node Type": "Hash", "Parent Relationship": "Inner", "Startup Cost": 19149.37, "Total Cost": 19149.37, "Plan Rows": 1381886, "Plan Width": 25, "Plans": [{"Node Type": "Seq Scan", "Parent Relationship": "Outer", "Relation Name": "title", "Alias": "t", "Startup Cost": 0.0, "Total Cost": 19149.37, "Plan Rows": 1381886, "Plan Width": 25, "Filter": "(production_year > 2000), (LLVM Optimized)"}]}]}]}, {"Node Type": "Hash", "Parent Relationship": "Inner", "Startup Cost": 54189.55, "Total Cost": 54189.55, "Plan Rows": 1304518, "Plan Width": 28, "Plans": [{"Node Type": "Streaming(type: LOCAL REDISTRIBUTE dop: 16/16)", "Parent Relationship": "Outer", "Startup Cost": 15001.4, "Total Cost": 54189.55, "Plan Rows": 1304518, "Plan Width": 28, "Plans": [{"Node Type": "Hash Join", "Parent Relationship": "Outer", "Join Type": "Inner", "Startup Cost": 15001.4, "Total Cost": 34246.65, "Plan Rows": 1304518, "Plan Width": 28, "Inner Unique": true, "Hash Cond": "(mc.company_type_id = ct.id), (LLVM Optimized)", "Plans": [{"Node Type": "Seq Scan", "Parent Relationship": "Outer", "Relation Name": "movie_companies", "Alias": "mc", "Startup Cost": 0.0, "Total Cost": 18021.26, "Plan Rows": 2609035, "Plan Width": 32, "Filter": "((note)::text !~~ '%(as Metro-Goldwyn-Mayer Pictures)%'::text), (LLVM Optimized)"}, {"Node Type": "Hash", "Parent Relationship": "Inner", "Startup Cost": 15001.38, "Total Cost": 15001.38, "Plan Rows": 16, "Plan Width": 4, "Plans": [{"Node Type": "Streaming(type: BROADCAST dop: 16/1)", "Parent Relationship": "Outer", "Startup Cost": 0.0, "Total Cost": 15001.38, "Plan Rows": 16, "Plan Width": 4, "Plans": [{"Node Type": "Seq Scan", "Parent Relationship": "Outer", "Relation Name": "company_type", "Alias": "ct", "Startup Cost": 0.0, "Total Cost": 1.04, "Plan Rows": 1, "Plan Width": 4, "Filter": "((kind)::text = 'production companies'::text)"}]}]}]}]}]}]}]}]}]}, "Unique SQL Id": 2492542741, "Planner Runtime": 22}, "explain_analyze_plan": {"Plan": {"Node Type": "Aggregate", "Strategy": "Plain", "Startup Cost": 159927.97, "Total Cost": 159928.0, "Plan Rows": 1, "Plan Width": 113, "Actual Min Startup Time": 295.603, "Actual Max Startup Time": 295.603, "Actual Min Total Time": 295.603, "Actual Max Total Time": 295.603, "Plans": [{"Node Type": "Streaming(type: LOCAL GATHER dop: 1/16)", "Parent Relationship": "Outer", "Startup Cost": 159927.97, "Total Cost": 159928.0, "Plan Rows": 1, "Plan Width": 113, "Actual Min Startup Time": 295.35, "Actual Max Startup Time": 295.35, "Actual Min Total Time": 295.574, "Actual Max Total Time": 295.574, "Plans": [{"Node Type": "Aggregate", "Strategy": "Plain", "Parent Relationship": "Outer", "Startup Cost": 159927.97, "Total Cost": 159927.98, "Plan Rows": 1, "Plan Width": 113, "Actual Min Startup Time": 92.376, "Actual Max Startup Time": 179.786, "Actual Min Total Time": 92.377, "Actual Max Total Time": 179.786, "Plans": [{"Node Type": "Hash Join", "Parent Relationship": "Outer", "Join Type": "Inner", "Startup Cost": 90440.43, "Total Cost": 155048.78, "Plan Rows": 650559, "Plan Width": 45, "Actual Min Startup Time": 92.369, "Actual Max Startup Time": 172.064, "Actual Min Total Time": 92.369, "Actual Max Total Time": 179.766, "Inner Unique": false, "Hash Cond": "(t.id = mc.movie_id), (LLVM Optimized)", "Plans": [{"Node Type": "Streaming(type: LOCAL REDISTRIBUTE dop: 16/16)", "Parent Relationship": "Outer", "Startup Cost": 35231.72, "Total Cost": 99217.19, "Plan Rows": 447839, "Plan Width": 29, "Actual Min Startup Time": 0.029, "Actual Max Startup Time": 8.887, "Actual Min Total Time": 8.811, "Actual Max Total Time": 8.888, "Plans": [{"Node Type": "Hash Join", "Parent Relationship": "Outer", "Join Type": "Inner", "Startup Cost": 35231.72, "Total Cost": 82520.3, "Plan Rows": 447839, "Plan Width": 29, "Actual Min Startup Time": 89.903, "Actual Max Startup Time": 95.16, "Actual Min Total Time": 89.904, "Actual Max Total Time": 95.16, "Inner Unique": true, "Hash Cond": "(mi_idx.movie_id = t.id), (LLVM Optimized)", "Plans": [{"Node Type": "Streaming(type: BROADCAST dop: 16/16)", "Parent Relationship": "Outer", "Startup Cost": 15002.76, "Total Cost": 60717.65, "Plan Rows": 5520128, "Plan Width": 4, "Actual Min Startup Time": 0.028, "Actual Max Startup Time": 0.035, "Actual Min Total Time": 0.029, "Actual Max Total Time": 0.037, "Plans": [{"Node Type": "Hash Join", "Parent Relationship": "Outer", "Join Type": "Inner", "Startup Cost": 15002.76, "Total Cost": 31701.7, "Plan Rows": 345008, "Plan Width": 4, "Actual Min Startup Time": 33.1, "Actual Max Startup Time": 51.395, "Actual Min Total Time": 33.1, "Actual Max Total Time": 51.395, "Inner Unique": true, "Hash Cond": "(mi_idx.info_type_id = it.id), (LLVM Optimized)", "Plans": [{"Node Type": "Seq Scan", "Parent Relationship": "Outer", "Relation Name": "movie_info_idx", "Alias": "mi_idx", "Startup Cost": 0.0, "Total Cost": 16267.15, "Plan Rows": 1380034, "Plan Width": 8, "Actual Min Startup Time": 0.03, "Actual Max Startup Time": 0.074, "Actual Min Total Time": 18.823, "Actual Max Total Time": 22.541, "Actual Rows": 1380034}, {"Node Type": "Hash", "Parent Relationship": "Inner", "Startup Cost": 15002.75, "Total Cost": 15002.75, "Plan Rows": 16, "Plan Width": 4, "Actual Min Startup Time": 0.012, "Actual Max Startup Time": 16.159, "Actual Min Total Time": 0.012, "Actual Max Total Time": 16.159, "Max Hash Buckets": 32768, "Min Hash Buckets": 32768, "Max Hash Batches": 1, "Min Hash Batches": 1, "Max Original Hash Batches": 1, "Min Original Hash Batches": 1, "Max Peak Memory Usage": 1, "min Peak Memory Usage": 1, "Plans": [{"Node Type": "Streaming(type: BROADCAST dop: 16/1)", "Parent Relationship": "Outer", "Startup Cost": 0.0, "Total Cost": 15002.75, "Plan Rows": 16, "Plan Width": 4, "Actual Min Startup Time": 0.004, "Actual Max Startup Time": 16.126, "Actual Min Total Time": 0.004, "Actual Max Total Time": 16.128, "Plans": [{"Node Type": "Seq Scan", "Parent Relationship": "Outer", "Relation Name": "info_type", "Alias": "it", "Startup Cost": 0.0, "Total Cost": 2.4, "Plan Rows": 1, "Plan Width": 4, "Actual Min Startup Time": 0.074, "Actual Max Startup Time": 0.074, "Actual Min Total Time": 0.078, "Actual Max Total Time": 0.078, "Filter": "((info)::text = 'bottom 10 rank'::text)", "Rows Removed by Filter": 111, "Actual Rows": 1}], "Actual Rows": 16}], "Actual Rows": 16}], "Actual Rows": 10}], "Actual Rows": 160}, {"Node Type": "Hash", "Parent Relationship": "Inner", "Startup Cost": 19149.37, "Total Cost": 19149.37, "Plan Rows": 1381886, "Plan Width": 25, "Actual Min Startup Time": 89.735, "Actual Max Startup Time": 95.018, "Actual Min Total Time": 89.735, "Actual Max Total Time": 95.018, "Max Hash Buckets": 131072, "Min Hash Buckets": 131072, "Max Hash Batches": 1, "Min Hash Batches": 1, "Max Original Hash Batches": 1, "Min Original Hash Batches": 1, "Max Peak Memory Usage": 5066, "min Peak Memory Usage": 5066, "Plans": [{"Node Type": "Seq Scan", "Parent Relationship": "Outer", "Relation Name": "title", "Alias": "t", "Startup Cost": 0.0, "Total Cost": 19149.37, "Plan Rows": 1381886, "Plan Width": 25, "Actual Min Startup Time": 0.023, "Actual Max Startup Time": 0.032, "Actual Min Total Time": 62.244, "Actual Max Total Time": 65.656, "Filter": "(production_year > 2000), (LLVM Optimized)", "Rows Removed by Filter": 1146858, "Actual Rows": 1381453}], "Actual Rows": 1381453}], "Actual Rows": 6}], "Actual Rows": 6}, {"Node Type": "Hash", "Parent Relationship": "Inner", "Startup Cost": 54189.55, "Total Cost": 54189.55, "Plan Rows": 1304518, "Plan Width": 28, "Actual Min Startup Time": 83.309, "Actual Max Startup Time": 170.808, "Actual Min Total Time": 83.309, "Actual Max Total Time": 170.808, "Max Hash Buckets": 131072, "Min Hash Buckets": 131072, "Max Hash Batches": 1, "Min Hash Batches": 1, "Max Original Hash Batches": 1, "Min Original Hash Batches": 1, "Max Peak Memory Usage": 494, "min Peak Memory Usage": 494, "Plans": [{"Node Type": "Streaming(type: LOCAL REDISTRIBUTE dop: 16/16)", "Parent Relationship": "Outer", "Startup Cost": 15001.4, "Total Cost": 54189.55, "Plan Rows": 1304518, "Plan Width": 28, "Actual Min Startup Time": 0.058, "Actual Max Startup Time": 39.303, "Actual Min Total Time": 80.64, "Actual Max Total Time": 168.289, "Plans": [{"Node Type": "Hash Join", "Parent Relationship": "Outer", "Join Type": "Inner", "Startup Cost": 15001.4, "Total Cost": 34246.65, "Plan Rows": 1304518, "Plan Width": 28, "Actual Min Startup Time": 48.019, "Actual Max Startup Time": 65.68, "Actual Min Total Time": 71.726, "Actual Max Total Time": 91.499, "Inner Unique": true, "Hash Cond": "(mc.company_type_id = ct.id), (LLVM Optimized)", "Plans": [{"Node Type": "Seq Scan", "Parent Relationship": "Outer", "Relation Name": "movie_companies", "Alias": "mc", "Startup Cost": 0.0, "Total Cost": 18021.26, "Plan Rows": 2609035, "Plan Width": 32, "Actual Min Startup Time": 0.03, "Actual Max Startup Time": 0.091, "Actual Min Total Time": 56.932, "Actual Max Total Time": 65.138, "Filter": "((note)::text !~~ '%(as Metro-Goldwyn-Mayer Pictures)%'::text), (LLVM Optimized)", "Rows Removed by Filter": 1272041, "Actual Rows": 1337087}, {"Node Type": "Hash", "Parent Relationship": "Inner", "Startup Cost": 15001.38, "Total Cost": 15001.38, "Plan Rows": 16, "Plan Width": 4, "Actual Min Startup Time": 0.012, "Actual Max Startup Time": 10.021, "Actual Min Total Time": 0.012, "Actual Max Total Time": 10.021, "Max Hash Buckets": 32768, "Min Hash Buckets": 32768, "Max Hash Batches": 1, "Min Hash Batches": 1, "Max Original Hash Batches": 1, "Min Original Hash Batches": 1, "Max Peak Memory Usage": 1, "min Peak Memory Usage": 1, "Plans": [{"Node Type": "Streaming(type: BROADCAST dop: 16/1)", "Parent Relationship": "Outer", "Startup Cost": 0.0, "Total Cost": 15001.38, "Plan Rows": 16, "Plan Width": 4, "Actual Min Startup Time": 0.004, "Actual Max Startup Time": 9.989, "Actual Min Total Time": 0.004, "Actual Max Total Time": 9.992, "Plans": [{"Node Type": "Seq Scan", "Parent Relationship": "Outer", "Relation Name": "company_type", "Alias": "ct", "Startup Cost": 0.0, "Total Cost": 1.04, "Plan Rows": 1, "Plan Width": 4, "Actual Min Startup Time": 0.032, "Actual Max Startup Time": 0.032, "Actual Min Total Time": 0.035, "Actual Max Total Time": 0.035, "Filter": "((kind)::text = 'production companies'::text)", "Rows Removed by Filter": 2, "Actual Rows": 1}], "Actual Rows": 16}], "Actual Rows": 16}], "Actual Rows": 140904}], "Actual Rows": 140904}], "Actual Rows": 140904}], "Actual Rows": 4}], "Actual Rows": 16}], "Actual Rows": 16}], "Actual Rows": 1}, "Triggers": [], "Planner Runtime": 23, "Total Runtime": 319.65, "Unique SQL Id": 2492542741}}, "(16, 77)": {"explain_plan": {"Plan": {"Node Type": "Aggregate", "Strategy": "Plain", "Startup Cost": 289524.49, "Total Cost": 289524.52, "Plan Rows": 1, "Plan Width": 113, "Plans": [{"Node Type": "Streaming(type: LOCAL GATHER dop: 1/16)", "Parent Relationship": "Outer", "Startup Cost": 289524.49, "Total Cost": 289524.52, "Plan Rows": 1, "Plan Width": 113, "Plans": [{"Node Type": "Aggregate", "Strategy": "Plain", "Parent Relationship": "Outer", "Startup Cost": 289524.49, "Total Cost": 289524.5, "Plan Rows": 1, "Plan Width": 113, "Plans": [{"Node Type": "Hash Join", "Parent Relationship": "Outer", "Join Type": "Inner", "Startup Cost": 138518.61, "Total Cost": 284645.3, "Plan Rows": 650559, "Plan Width": 45, "Inner Unique": false, "Hash Cond": "(t.id = mi_idx.movie_id), (LLVM Optimized)", "Plans": [{"Node Type": "Streaming(type: LOCAL REDISTRIBUTE dop: 16/16)", "Parent Relationship": "Outer", "Startup Cost": 121327.99, "Total Cost": 266714.82, "Plan Rows": 1693335, "Plan Width": 53, "Plans": [{"Node Type": "Hash Join", "Parent Relationship": "Outer", "Join Type": "Inner", "Startup Cost": 121327.99, "Total Cost": 245298.67, "Plan Rows": 1693335, "Plan Width": 53, "Inner Unique": false, "Hash Cond": "(t.id = mc.movie_id), (LLVM Optimized)", "Plans": [{"Node Type": "Streaming(type: LOCAL REDISTRIBUTE dop: 16/16)", "Parent Relationship": "Outer", "Startup Cost": 0.0, "Total Cost": 122048.67, "Plan Rows": 1381886, "Plan Width": 25, "Plans": [{"Node Type": "Index Scan", "Parent Relationship": "Outer", "Scan Direction": "Forward", "Index Name": "title_pkey", "Relation Name": "title", "Alias": "t", "Startup Cost": 0.0, "Total Cost": 101812.62, "Plan Rows": 1381886, "Plan Width": 25, "Filter": "(production_year > 2000), (LLVM Optimized)"}]}, {"Node Type": "Hash", "Parent Relationship": "Inner", "Startup Cost": 120308.83, "Total Cost": 120308.83, "Plan Rows": 1304518, "Plan Width": 28, "Plans": [{"Node Type": "Streaming(type: LOCAL REDISTRIBUTE dop: 16/16)", "Parent Relationship": "Outer", "Startup Cost": 15012.66, "Total Cost": 120308.83, "Plan Rows": 1304518, "Plan Width": 28, "Plans": [{"Node Type": "Hash Join", "Parent Relationship": "Outer", "Join Type": "Inner", "Startup Cost": 15012.66, "Total Cost": 100365.93, "Plan Rows": 1304518, "Plan Width": 28, "Inner Unique": true, "Hash Cond": "(mc.company_type_id = ct.id), (LLVM Optimized)", "Plans": [{"Node Type": "Index Scan", "Parent Relationship": "Outer", "Scan Direction": "Forward", "Index Name": "company_type_id_movie_companies", "Relation Name": "movie_companies", "Alias": "mc", "Startup Cost": 0.0, "Total Cost": 84129.27, "Plan Rows": 2609035, "Plan Width": 32, "Filter": "((note)::text !~~ '%(as Metro-Goldwyn-Mayer Pictures)%'::text), (LLVM Optimized)"}, {"Node Type": "Hash", "Parent Relationship": "Inner", "Startup Cost": 15012.65, "Total Cost": 15012.65, "Plan Rows": 16, "Plan Width": 4, "Plans": [{"Node Type": "Streaming(type: BROADCAST dop: 16/1)", "Parent Relationship": "Outer", "Startup Cost": 0.0, "Total Cost": 15012.65, "Plan Rows": 16, "Plan Width": 4, "Plans": [{"Node Type": "Index Scan", "Parent Relationship": "Outer", "Scan Direction": "Forward", "Index Name": "company_type_pkey", "Relation Name": "company_type", "Alias": "ct", "Startup Cost": 0.0, "Total Cost": 12.3, "Plan Rows": 1, "Plan Width": 4, "Filter": "((kind)::text = 'production companies'::text)"}]}]}]}]}]}]}]}, {"Node Type": "Hash", "Parent Relationship": "Inner", "Startup Cost": 67684.33, "Total Cost": 67684.33, "Plan Rows": 345008, "Plan Width": 4, "Plans": [{"Node Type": "Streaming(type: LOCAL REDISTRIBUTE dop: 16/1)", "Parent Relationship": "Outer", "Startup Cost": 0.0, "Total Cost": 67684.33, "Plan Rows": 345008, "Plan Width": 4, "Plans": [{"Node Type": "Nested Loop", "Parent Relationship": "Outer", "Join Type": "Inner", "Startup Cost": 0.0, "Total Cost": 38338.2, "Plan Rows": 345008, "Plan Width": 4, "Inner Unique": false, "Plans": [{"Node Type": "Index Scan", "Parent Relationship": "Outer", "Scan Direction": "Forward", "Index Name": "info_type_pkey", "Relation Name": "info_type", "Alias": "it", "Startup Cost": 0.0, "Total Cost": 14.21, "Plan Rows": 1, "Plan Width": 4, "Filter": "((info)::text = 'bottom 10 rank'::text)"}, {"Node Type": "Index Scan", "Parent Relationship": "Inner", "Scan Direction": "Forward", "Index Name": "info_type_id_movie_info_idx", "Relation Name": "movie_info_idx", "Alias": "mi_idx", "Startup Cost": 0.0, "Total Cost": 34873.91, "Plan Rows": 345008, "Plan Width": 8, "Index Cond": "(info_type_id = it.id), (LLVM Optimized)"}]}]}]}]}]}]}]}, "Unique SQL Id": 2492542741, "Planner Runtime": 19}, "explain_analyze_plan": null}, "(16, 78)": {"explain_plan": {"Plan": {"Node Type": "Aggregate", "Strategy": "Plain", "Startup Cost": 159927.97, "Total Cost": 159928.0, "Plan Rows": 1, "Plan Width": 113, "Plans": [{"Node Type": "Streaming(type: LOCAL GATHER dop: 1/16)", "Parent Relationship": "Outer", "Startup Cost": 159927.97, "Total Cost": 159928.0, "Plan Rows": 1, "Plan Width": 113, "Plans": [{"Node Type": "Aggregate", "Strategy": "Plain", "Parent Relationship": "Outer", "Startup Cost": 159927.97, "Total Cost": 159927.98, "Plan Rows": 1, "Plan Width": 113, "Plans": [{"Node Type": "Hash Join", "Parent Relationship": "Outer", "Join Type": "Inner", "Startup Cost": 90440.43, "Total Cost": 155048.78, "Plan Rows": 650559, "Plan Width": 45, "Inner Unique": false, "Hash Cond": "(t.id = mc.movie_id), (LLVM Optimized)", "Plans": [{"Node Type": "Streaming(type: LOCAL REDISTRIBUTE dop: 16/16)", "Parent Relationship": "Outer", "Startup Cost": 35231.72, "Total Cost": 99217.19, "Plan Rows": 447839, "Plan Width": 29, "Plans": [{"Node Type": "Hash Join", "Parent Relationship": "Outer", "Join Type": "Inner", "Startup Cost": 35231.72, "Total Cost": 82520.3, "Plan Rows": 447839, "Plan Width": 29, "Inner Unique": true, "Hash Cond": "(mi_idx.movie_id = t.id), (LLVM Optimized)", "Plans": [{"Node Type": "Streaming(type: BROADCAST dop: 16/16)", "Parent Relationship": "Outer", "Startup Cost": 15002.76, "Total Cost": 60717.65, "Plan Rows": 5520128, "Plan Width": 4, "Plans": [{"Node Type": "Hash Join", "Parent Relationship": "Outer", "Join Type": "Inner", "Startup Cost": 15002.76, "Total Cost": 31701.7, "Plan Rows": 345008, "Plan Width": 4, "Inner Unique": true, "Hash Cond": "(mi_idx.info_type_id = it.id), (LLVM Optimized)", "Plans": [{"Node Type": "Seq Scan", "Parent Relationship": "Outer", "Relation Name": "movie_info_idx", "Alias": "mi_idx", "Startup Cost": 0.0, "Total Cost": 16267.15, "Plan Rows": 1380034, "Plan Width": 8}, {"Node Type": "Hash", "Parent Relationship": "Inner", "Startup Cost": 15002.75, "Total Cost": 15002.75, "Plan Rows": 16, "Plan Width": 4, "Plans": [{"Node Type": "Streaming(type: BROADCAST dop: 16/1)", "Parent Relationship": "Outer", "Startup Cost": 0.0, "Total Cost": 15002.75, "Plan Rows": 16, "Plan Width": 4, "Plans": [{"Node Type": "Seq Scan", "Parent Relationship": "Outer", "Relation Name": "info_type", "Alias": "it", "Startup Cost": 0.0, "Total Cost": 2.4, "Plan Rows": 1, "Plan Width": 4, "Filter": "((info)::text = 'bottom 10 rank'::text)"}]}]}]}]}, {"Node Type": "Hash", "Parent Relationship": "Inner", "Startup Cost": 19149.37, "Total Cost": 19149.37, "Plan Rows": 1381886, "Plan Width": 25, "Plans": [{"Node Type": "Seq Scan", "Parent Relationship": "Outer", "Relation Name": "title", "Alias": "t", "Startup Cost": 0.0, "Total Cost": 19149.37, "Plan Rows": 1381886, "Plan Width": 25, "Filter": "(production_year > 2000), (LLVM Optimized)"}]}]}]}, {"Node Type": "Hash", "Parent Relationship": "Inner", "Startup Cost": 54189.55, "Total Cost": 54189.55, "Plan Rows": 1304518, "Plan Width": 28, "Plans": [{"Node Type": "Streaming(type: LOCAL REDISTRIBUTE dop: 16/16)", "Parent Relationship": "Outer", "Startup Cost": 15001.4, "Total Cost": 54189.55, "Plan Rows": 1304518, "Plan Width": 28, "Plans": [{"Node Type": "Hash Join", "Parent Relationship": "Outer", "Join Type": "Inner", "Startup Cost": 15001.4, "Total Cost": 34246.65, "Plan Rows": 1304518, "Plan Width": 28, "Inner Unique": true, "Hash Cond": "(mc.company_type_id = ct.id), (LLVM Optimized)", "Plans": [{"Node Type": "Seq Scan", "Parent Relationship": "Outer", "Relation Name": "movie_companies", "Alias": "mc", "Startup Cost": 0.0, "Total Cost": 18021.26, "Plan Rows": 2609035, "Plan Width": 32, "Filter": "((note)::text !~~ '%(as Metro-Goldwyn-Mayer Pictures)%'::text), (LLVM Optimized)"}, {"Node Type": "Hash", "Parent Relationship": "Inner", "Startup Cost": 15001.38, "Total Cost": 15001.38, "Plan Rows": 16, "Plan Width": 4, "Plans": [{"Node Type": "Streaming(type: BROADCAST dop: 16/1)", "Parent Relationship": "Outer", "Startup Cost": 0.0, "Total Cost": 15001.38, "Plan Rows": 16, "Plan Width": 4, "Plans": [{"Node Type": "Seq Scan", "Parent Relationship": "Outer", "Relation Name": "company_type", "Alias": "ct", "Startup Cost": 0.0, "Total Cost": 1.04, "Plan Rows": 1, "Plan Width": 4, "Filter": "((kind)::text = 'production companies'::text)"}]}]}]}]}]}]}]}]}]}, "Unique SQL Id": 2492542741, "Planner Runtime": 26}, "explain_analyze_plan": {"Plan": {"Node Type": "Aggregate", "Strategy": "Plain", "Startup Cost": 159927.97, "Total Cost": 159928.0, "Plan Rows": 1, "Plan Width": 113, "Actual Min Startup Time": 295.603, "Actual Max Startup Time": 295.603, "Actual Min Total Time": 295.603, "Actual Max Total Time": 295.603, "Plans": [{"Node Type": "Streaming(type: LOCAL GATHER dop: 1/16)", "Parent Relationship": "Outer", "Startup Cost": 159927.97, "Total Cost": 159928.0, "Plan Rows": 1, "Plan Width": 113, "Actual Min Startup Time": 295.35, "Actual Max Startup Time": 295.35, "Actual Min Total Time": 295.574, "Actual Max Total Time": 295.574, "Plans": [{"Node Type": "Aggregate", "Strategy": "Plain", "Parent Relationship": "Outer", "Startup Cost": 159927.97, "Total Cost": 159927.98, "Plan Rows": 1, "Plan Width": 113, "Actual Min Startup Time": 92.376, "Actual Max Startup Time": 179.786, "Actual Min Total Time": 92.377, "Actual Max Total Time": 179.786, "Plans": [{"Node Type": "Hash Join", "Parent Relationship": "Outer", "Join Type": "Inner", "Startup Cost": 90440.43, "Total Cost": 155048.78, "Plan Rows": 650559, "Plan Width": 45, "Actual Min Startup Time": 92.369, "Actual Max Startup Time": 172.064, "Actual Min Total Time": 92.369, "Actual Max Total Time": 179.766, "Inner Unique": false, "Hash Cond": "(t.id = mc.movie_id), (LLVM Optimized)", "Plans": [{"Node Type": "Streaming(type: LOCAL REDISTRIBUTE dop: 16/16)", "Parent Relationship": "Outer", "Startup Cost": 35231.72, "Total Cost": 99217.19, "Plan Rows": 447839, "Plan Width": 29, "Actual Min Startup Time": 0.029, "Actual Max Startup Time": 8.887, "Actual Min Total Time": 8.811, "Actual Max Total Time": 8.888, "Plans": [{"Node Type": "Hash Join", "Parent Relationship": "Outer", "Join Type": "Inner", "Startup Cost": 35231.72, "Total Cost": 82520.3, "Plan Rows": 447839, "Plan Width": 29, "Actual Min Startup Time": 89.903, "Actual Max Startup Time": 95.16, "Actual Min Total Time": 89.904, "Actual Max Total Time": 95.16, "Inner Unique": true, "Hash Cond": "(mi_idx.movie_id = t.id), (LLVM Optimized)", "Plans": [{"Node Type": "Streaming(type: BROADCAST dop: 16/16)", "Parent Relationship": "Outer", "Startup Cost": 15002.76, "Total Cost": 60717.65, "Plan Rows": 5520128, "Plan Width": 4, "Actual Min Startup Time": 0.028, "Actual Max Startup Time": 0.035, "Actual Min Total Time": 0.029, "Actual Max Total Time": 0.037, "Plans": [{"Node Type": "Hash Join", "Parent Relationship": "Outer", "Join Type": "Inner", "Startup Cost": 15002.76, "Total Cost": 31701.7, "Plan Rows": 345008, "Plan Width": 4, "Actual Min Startup Time": 33.1, "Actual Max Startup Time": 51.395, "Actual Min Total Time": 33.1, "Actual Max Total Time": 51.395, "Inner Unique": true, "Hash Cond": "(mi_idx.info_type_id = it.id), (LLVM Optimized)", "Plans": [{"Node Type": "Seq Scan", "Parent Relationship": "Outer", "Relation Name": "movie_info_idx", "Alias": "mi_idx", "Startup Cost": 0.0, "Total Cost": 16267.15, "Plan Rows": 1380034, "Plan Width": 8, "Actual Min Startup Time": 0.03, "Actual Max Startup Time": 0.074, "Actual Min Total Time": 18.823, "Actual Max Total Time": 22.541, "Actual Rows": 1380034}, {"Node Type": "Hash", "Parent Relationship": "Inner", "Startup Cost": 15002.75, "Total Cost": 15002.75, "Plan Rows": 16, "Plan Width": 4, "Actual Min Startup Time": 0.012, "Actual Max Startup Time": 16.159, "Actual Min Total Time": 0.012, "Actual Max Total Time": 16.159, "Max Hash Buckets": 32768, "Min Hash Buckets": 32768, "Max Hash Batches": 1, "Min Hash Batches": 1, "Max Original Hash Batches": 1, "Min Original Hash Batches": 1, "Max Peak Memory Usage": 1, "min Peak Memory Usage": 1, "Plans": [{"Node Type": "Streaming(type: BROADCAST dop: 16/1)", "Parent Relationship": "Outer", "Startup Cost": 0.0, "Total Cost": 15002.75, "Plan Rows": 16, "Plan Width": 4, "Actual Min Startup Time": 0.004, "Actual Max Startup Time": 16.126, "Actual Min Total Time": 0.004, "Actual Max Total Time": 16.128, "Plans": [{"Node Type": "Seq Scan", "Parent Relationship": "Outer", "Relation Name": "info_type", "Alias": "it", "Startup Cost": 0.0, "Total Cost": 2.4, "Plan Rows": 1, "Plan Width": 4, "Actual Min Startup Time": 0.074, "Actual Max Startup Time": 0.074, "Actual Min Total Time": 0.078, "Actual Max Total Time": 0.078, "Filter": "((info)::text = 'bottom 10 rank'::text)", "Rows Removed by Filter": 111, "Actual Rows": 1}], "Actual Rows": 16}], "Actual Rows": 16}], "Actual Rows": 10}], "Actual Rows": 160}, {"Node Type": "Hash", "Parent Relationship": "Inner", "Startup Cost": 19149.37, "Total Cost": 19149.37, "Plan Rows": 1381886, "Plan Width": 25, "Actual Min Startup Time": 89.735, "Actual Max Startup Time": 95.018, "Actual Min Total Time": 89.735, "Actual Max Total Time": 95.018, "Max Hash Buckets": 131072, "Min Hash Buckets": 131072, "Max Hash Batches": 1, "Min Hash Batches": 1, "Max Original Hash Batches": 1, "Min Original Hash Batches": 1, "Max Peak Memory Usage": 5066, "min Peak Memory Usage": 5066, "Plans": [{"Node Type": "Seq Scan", "Parent Relationship": "Outer", "Relation Name": "title", "Alias": "t", "Startup Cost": 0.0, "Total Cost": 19149.37, "Plan Rows": 1381886, "Plan Width": 25, "Actual Min Startup Time": 0.023, "Actual Max Startup Time": 0.032, "Actual Min Total Time": 62.244, "Actual Max Total Time": 65.656, "Filter": "(production_year > 2000), (LLVM Optimized)", "Rows Removed by Filter": 1146858, "Actual Rows": 1381453}], "Actual Rows": 1381453}], "Actual Rows": 6}], "Actual Rows": 6}, {"Node Type": "Hash", "Parent Relationship": "Inner", "Startup Cost": 54189.55, "Total Cost": 54189.55, "Plan Rows": 1304518, "Plan Width": 28, "Actual Min Startup Time": 83.309, "Actual Max Startup Time": 170.808, "Actual Min Total Time": 83.309, "Actual Max Total Time": 170.808, "Max Hash Buckets": 131072, "Min Hash Buckets": 131072, "Max Hash Batches": 1, "Min Hash Batches": 1, "Max Original Hash Batches": 1, "Min Original Hash Batches": 1, "Max Peak Memory Usage": 494, "min Peak Memory Usage": 494, "Plans": [{"Node Type": "Streaming(type: LOCAL REDISTRIBUTE dop: 16/16)", "Parent Relationship": "Outer", "Startup Cost": 15001.4, "Total Cost": 54189.55, "Plan Rows": 1304518, "Plan Width": 28, "Actual Min Startup Time": 0.058, "Actual Max Startup Time": 39.303, "Actual Min Total Time": 80.64, "Actual Max Total Time": 168.289, "Plans": [{"Node Type": "Hash Join", "Parent Relationship": "Outer", "Join Type": "Inner", "Startup Cost": 15001.4, "Total Cost": 34246.65, "Plan Rows": 1304518, "Plan Width": 28, "Actual Min Startup Time": 48.019, "Actual Max Startup Time": 65.68, "Actual Min Total Time": 71.726, "Actual Max Total Time": 91.499, "Inner Unique": true, "Hash Cond": "(mc.company_type_id = ct.id), (LLVM Optimized)", "Plans": [{"Node Type": "Seq Scan", "Parent Relationship": "Outer", "Relation Name": "movie_companies", "Alias": "mc", "Startup Cost": 0.0, "Total Cost": 18021.26, "Plan Rows": 2609035, "Plan Width": 32, "Actual Min Startup Time": 0.03, "Actual Max Startup Time": 0.091, "Actual Min Total Time": 56.932, "Actual Max Total Time": 65.138, "Filter": "((note)::text !~~ '%(as Metro-Goldwyn-Mayer Pictures)%'::text), (LLVM Optimized)", "Rows Removed by Filter": 1272041, "Actual Rows": 1337087}, {"Node Type": "Hash", "Parent Relationship": "Inner", "Startup Cost": 15001.38, "Total Cost": 15001.38, "Plan Rows": 16, "Plan Width": 4, "Actual Min Startup Time": 0.012, "Actual Max Startup Time": 10.021, "Actual Min Total Time": 0.012, "Actual Max Total Time": 10.021, "Max Hash Buckets": 32768, "Min Hash Buckets": 32768, "Max Hash Batches": 1, "Min Hash Batches": 1, "Max Original Hash Batches": 1, "Min Original Hash Batches": 1, "Max Peak Memory Usage": 1, "min Peak Memory Usage": 1, "Plans": [{"Node Type": "Streaming(type: BROADCAST dop: 16/1)", "Parent Relationship": "Outer", "Startup Cost": 0.0, "Total Cost": 15001.38, "Plan Rows": 16, "Plan Width": 4, "Actual Min Startup Time": 0.004, "Actual Max Startup Time": 9.989, "Actual Min Total Time": 0.004, "Actual Max Total Time": 9.992, "Plans": [{"Node Type": "Seq Scan", "Parent Relationship": "Outer", "Relation Name": "company_type", "Alias": "ct", "Startup Cost": 0.0, "Total Cost": 1.04, "Plan Rows": 1, "Plan Width": 4, "Actual Min Startup Time": 0.032, "Actual Max Startup Time": 0.032, "Actual Min Total Time": 0.035, "Actual Max Total Time": 0.035, "Filter": "((kind)::text = 'production companies'::text)", "Rows Removed by Filter": 2, "Actual Rows": 1}], "Actual Rows": 16}], "Actual Rows": 16}], "Actual Rows": 140904}], "Actual Rows": 140904}], "Actual Rows": 140904}], "Actual Rows": 4}], "Actual Rows": 16}], "Actual Rows": 16}], "Actual Rows": 1}, "Triggers": [], "Planner Runtime": 23, "Total Runtime": 319.65, "Unique SQL Id": 2492542741}}, "(16, 79)": {"explain_plan": {"Plan": {"Node Type": "Aggregate", "Strategy": "Plain", "Startup Cost": 4997226344145.53, "Total Cost": 4997226344145.54, "Plan Rows": 1, "Plan Width": 113, "Plans": [{"Node Type": "Hash Join", "Parent Relationship": "Outer", "Join Type": "Inner", "Startup Cost": 2030027234286.38, "Total Cost": 4997226339266.34, "Plan Rows": 650559, "Plan Width": 45, "Inner Unique": true, "Hash Cond": "(mc.company_type_id = ct.id), (LLVM Optimized)", "Plans": [{"Node Type": "Hash Join", "Parent Relationship": "Outer", "Join Type": "Inner", "Startup Cost": 1030027233056.12, "Total Cost": 3997226329448.76, "Plan Rows": 1055184, "Plan Width": 49, "Inner Unique": true, "Hash Cond": "(mi_idx.info_type_id = it.id), (LLVM Optimized)", "Plans": [{"Node Type": "Merge Join", "Parent Relationship": "Outer", "Join Type": "Inner", "Startup Cost": 30027231635.11, "Total Cost": 2997226306897.65, "Plan Rows": 4220744, "Plan Width": 53, "Inner Unique": false, "Merge Cond": "(mi_idx.movie_id = t.id)", "Plans": [{"Node Type": "Index Scan", "Parent Relationship": "Outer", "Scan Direction": "Forward", "Index Name": "movie_id_movie_info_idx", "Relation Name": "movie_info_idx", "Alias": "mi_idx", "Startup Cost": 10000000000.0, "Total Cost": 1000004650035.37, "Plan Rows": 1380034, "Plan Width": 8}, {"Node Type": "Materialize", "Parent Relationship": "Inner", "Startup Cost": 20021492619.09, "Total Cost": 1999076868999.12, "Plan Rows": 3320699, "Plan Width": 57, "Plans": [{"Node Type": "Merge Join", "Parent Relationship": "Outer", "Join Type": "Inner", "Startup Cost": 20021492619.09, "Total Cost": 1999076860697.37, "Plan Rows": 3320699, "Plan Width": 57, "Inner Unique": false, "Merge Cond": "(t.id = mc.movie_id)", "Plans": [{"Node Type": "Index Scan", "Parent Relationship": "Outer", "Scan Direction": "Forward", "Index Name": "title_pkey", "Relation Name": "title", "Alias": "t", "Startup Cost": 10000000000.0, "Total Cost": 1000011644126.66, "Plan Rows": 1381886, "Plan Width": 25, "Filter": "(production_year > 2000), (LLVM Optimized)"}, {"Node Type": "Materialize", "Parent Relationship": "Inner", "Startup Cost": 10000000000.0, "Total Cost": 1000013710750.72, "Plan Rows": 2609035, "Plan Width": 32, "Plans": [{"Node Type": "Index Scan", "Parent Relationship": "Outer", "Scan Direction": "Forward", "Index Name": "movie_id_movie_companies", "Relation Name": "movie_companies", "Alias": "mc", "Startup Cost": 10000000000.0, "Total Cost": 1000013704228.13, "Plan Rows": 2609035, "Plan Width": 32, "Filter": "((note)::text !~~ '%(as Metro-Goldwyn-Mayer Pictures)%'::text), (LLVM Optimized)"}]}]}]}]}, {"Node Type": "Hash", "Parent Relationship": "Inner", "Startup Cost": 1000000001421.0, "Total Cost": 1000000001421.0, "Plan Rows": 1, "Plan Width": 4, "Plans": [{"Node Type": "Index Scan", "Parent Relationship": "Outer", "Scan Direction": "Forward", "Index Name": "info_type_pkey", "Relation Name": "info_type", "Alias": "it", "Startup Cost": 10000000000.0, "Total Cost": 1000000001421.0, "Plan Rows": 1, "Plan Width": 4, "Filter": "((info)::text = 'bottom 10 rank'::text)"}]}]}, {"Node Type": "Hash", "Parent Relationship": "Inner", "Startup Cost": 1000000001230.25, "Total Cost": 1000000001230.25, "Plan Rows": 1, "Plan Width": 4, "Plans": [{"Node Type": "Index Scan", "Parent Relationship": "Outer", "Scan Direction": "Forward", "Index Name": "company_type_pkey", "Relation Name": "company_type", "Alias": "ct", "Startup Cost": 10000000000.0, "Total Cost": 1000000001230.25, "Plan Rows": 1, "Plan Width": 4, "Filter": "((kind)::text = 'production companies'::text)"}]}]}]}, "Unique SQL Id": 2492542741, "Planner Runtime": 14}, "explain_analyze_plan": null}, "(16, 80)": {"explain_plan": {"Plan": {"Node Type": "Aggregate", "Strategy": "Plain", "Startup Cost": 425809.95, "Total Cost": 425809.96, "Plan Rows": 1, "Plan Width": 113, "Plans": [{"Node Type": "Nested Loop", "Parent Relationship": "Outer", "Join Type": "Inner", "Startup Cost": 239247.28, "Total Cost": 420930.75, "Plan Rows": 650559, "Plan Width": 45, "Inner Unique": true, "Plans": [{"Node Type": "Merge Join", "Parent Relationship": "Outer", "Join Type": "Inner", "Startup Cost": 239247.28, "Total Cost": 245508.89, "Plan Rows": 501180, "Plan Width": 32, "Inner Unique": false, "Merge Cond": "(ct.id = mc.company_type_id)", "Plans": [{"Node Type": "Sort", "Parent Relationship": "Outer", "Startup Cost": 1.05, "Total Cost": 1.05, "Plan Rows": 1, "Plan Width": 4, "Sort Key": ["ct.id"], "Plans": [{"Node Type": "Seq Scan", "Parent Relationship": "Outer", "Relation Name": "company_type", "Alias": "ct", "Startup Cost": 0.0, "Total Cost": 1.04, "Plan Rows": 1, "Plan Width": 4, "Filter": "((kind)::text = 'production companies'::text)"}]}, {"Node Type": "Sort", "Parent Relationship": "Inner", "Startup Cost": 237217.38, "Total Cost": 239289.99, "Plan Rows": 829046, "Plan Width": 36, "Sort Key": ["mc.company_type_id"], "Plans": [{"Node Type": "Nested Loop", "Parent Relationship": "Outer", "Join Type": "Inner", "Startup Cost": 7502.06, "Total Cost": 155717.63, "Plan Rows": 829046, "Plan Width": 36, "Inner Unique": false, "Plans": [{"Node Type": "Nested Loop", "Parent Relationship": "Outer", "Join Type": "Inner", "Startup Cost": 7502.06, "Total Cost": 21741.14, "Plan Rows": 345008, "Plan Width": 4, "Inner Unique": false, "Plans": [{"Node Type": "Seq Scan", "Parent Relationship": "Outer", "Relation Name": "info_type", "Alias": "it", "Startup Cost": 0.0, "Total Cost": 2.4, "Plan Rows": 1, "Plan Width": 4, "Filter": "((info)::text = 'bottom 10 rank'::text)"}, {"Node Type": "Bitmap Heap Scan", "Parent Relationship": "Inner", "Relation Name": "movie_info_idx", "Alias": "mi_idx", "Startup Cost": 7502.06, "Total Cost": 18288.66, "Plan Rows": 345008, "Plan Width": 8, "Recheck Cond": "(info_type_id = it.id), (LLVM Optimized)", "Plans": [{"Node Type": "Bitmap Index Scan", "Parent Relationship": "Outer", "Index Name": "info_type_id_movie_info_idx", "Startup Cost": 0.0, "Total Cost": 7415.81, "Plan Rows": 345008, "Plan Width": 0, "Index Cond": "(info_type_id = it.id)"}]}]}, {"Node Type": "Index Scan", "Parent Relationship": "Inner", "Scan Direction": "Forward", "Index Name": "movie_id_movie_companies", "Relation Name": "movie_companies", "Alias": "mc", "Startup Cost": 0.0, "Total Cost": 0.37, "Plan Rows": 2, "Plan Width": 32, "Index Cond": "(movie_id = mi_idx.movie_id)", "Filter": "((note)::text !~~ '%(as Metro-Goldwyn-Mayer Pictures)%'::text)"}]}]}]}, {"Node Type": "Index Scan", "Parent Relationship": "Inner", "Scan Direction": "Forward", "Index Name": "title_pkey", "Relation Name": "title", "Alias": "t", "Startup Cost": 0.0, "Total Cost": 0.34, "Plan Rows": 1, "Plan Width": 25, "Index Cond": "(id = mc.movie_id)", "Filter": "(production_year > 2000)"}]}]}, "Unique SQL Id": 2492542741, "Planner Runtime": 8}, "explain_analyze_plan": {"Plan": {"Node Type": "Aggregate", "Strategy": "Plain", "Startup Cost": 425809.95, "Total Cost": 425809.96, "Plan Rows": 1, "Plan Width": 113, "Actual Startup Time": 0.51, "Actual Total Time": 0.51, "Actual Rows": 1, "Actual Loops": 1, "Plans": [{"Node Type": "Nested Loop", "Parent Relationship": "Outer", "Join Type": "Inner", "Startup Cost": 239247.28, "Total Cost": 420930.75, "Plan Rows": 650559, "Plan Width": 45, "Actual Startup Time": 0.466, "Actual Total Time": 0.489, "Actual Rows": 4, "Actual Loops": 1, "Inner Unique": true, "Plans": [{"Node Type": "Merge Join", "Parent Relationship": "Outer", "Join Type": "Inner", "Startup Cost": 239247.28, "Total Cost": 245508.89, "Plan Rows": 501180, "Plan Width": 32, "Actual Startup Time": 0.441, "Actual Total Time": 0.447, "Actual Rows": 5, "Actual Loops": 1, "Inner Unique": false, "Merge Cond": "(ct.id = mc.company_type_id)", "Plans": [{"Node Type": "Sort", "Parent Relationship": "Outer", "Startup Cost": 1.05, "Total Cost": 1.05, "Plan Rows": 1, "Plan Width": 4, "Actual Startup Time": 0.045, "Actual Total Time": 0.045, "Actual Rows": 1, "Actual Loops": 1, "Sort Key": ["ct.id"], "Sort Method": "quicksort", "Sort Space Used": 25, "Sort Space Type": "Memory", "Plans": [{"Node Type": "Seq Scan", "Parent Relationship": "Outer", "Relation Name": "company_type", "Alias": "ct", "Startup Cost": 0.0, "Total Cost": 1.04, "Plan Rows": 1, "Plan Width": 4, "Actual Startup Time": 0.023, "Actual Total Time": 0.026, "Actual Rows": 1, "Actual Loops": 1, "Filter": "((kind)::text = 'production companies'::text)", "Rows Removed by Filter": 2}]}, {"Node Type": "Sort", "Parent Relationship": "Inner", "Startup Cost": 237217.38, "Total Cost": 239289.99, "Plan Rows": 829046, "Plan Width": 36, "Actual Startup Time": 0.368, "Actual Total Time": 0.375, "Actual Rows": 100, "Actual Loops": 1, "Sort Key": ["mc.company_type_id"], "Sort Method": "quicksort", "Sort Space Used": 36, "Sort Space Type": "Memory", "Plans": [{"Node Type": "Nested Loop", "Parent Relationship": "Outer", "Join Type": "Inner", "Startup Cost": 7502.06, "Total Cost": 155717.63, "Plan Rows": 829046, "Plan Width": 36, "Actual Startup Time": 0.1, "Actual Total Time": 0.326, "Actual Rows": 100, "Actual Loops": 1, "Inner Unique": false, "Plans": [{"Node Type": "Nested Loop", "Parent Relationship": "Outer", "Join Type": "Inner", "Startup Cost": 7502.06, "Total Cost": 21741.14, "Plan Rows": 345008, "Plan Width": 4, "Actual Startup Time": 0.08, "Actual Total Time": 0.087, "Actual Rows": 10, "Actual Loops": 1, "Inner Unique": false, "Plans": [{"Node Type": "Seq Scan", "Parent Relationship": "Outer", "Relation Name": "info_type", "Alias": "it", "Startup Cost": 0.0, "Total Cost": 2.4, "Plan Rows": 1, "Plan Width": 4, "Actual Startup Time": 0.045, "Actual Total Time": 0.048, "Actual Rows": 1, "Actual Loops": 1, "Filter": "((info)::text = 'bottom 10 rank'::text)", "Rows Removed by Filter": 111}, {"Node Type": "Bitmap Heap Scan", "Parent Relationship": "Inner", "Relation Name": "movie_info_idx", "Alias": "mi_idx", "Startup Cost": 7502.06, "Total Cost": 18288.66, "Plan Rows": 345008, "Plan Width": 8, "Actual Startup Time": 0.03, "Actual Total Time": 0.031, "Actual Rows": 10, "Actual Loops": 1, "Recheck Cond": "(info_type_id = it.id), (LLVM Optimized)", "Rows Removed by Index Recheck": 0, "Exact Heap Blocks": 1, "Lossy Heap Blocks": 1, "Plans": [{"Node Type": "Bitmap Index Scan", "Parent Relationship": "Outer", "Index Name": "info_type_id_movie_info_idx", "Startup Cost": 0.0, "Total Cost": 7415.81, "Plan Rows": 345008, "Plan Width": 0, "Actual Startup Time": 0.016, "Actual Total Time": 0.016, "Actual Rows": 10, "Actual Loops": 1, "Index Cond": "(info_type_id = it.id)"}]}]}, {"Node Type": "Index Scan", "Parent Relationship": "Inner", "Scan Direction": "Forward", "Index Name": "movie_id_movie_companies", "Relation Name": "movie_companies", "Alias": "mc", "Startup Cost": 0.0, "Total Cost": 0.37, "Plan Rows": 2, "Plan Width": 32, "Actual Startup Time": 0.105, "Actual Total Time": 0.201, "Actual Rows": 100, "Actual Loops": 10, "Index Cond": "(movie_id = mi_idx.movie_id)", "Rows Removed by Index Recheck": 0, "Filter": "((note)::text !~~ '%(as Metro-Goldwyn-Mayer Pictures)%'::text)", "Rows Removed by Filter": 20}]}]}]}, {"Node Type": "Index Scan", "Parent Relationship": "Inner", "Scan Direction": "Forward", "Index Name": "title_pkey", "Relation Name": "title", "Alias": "t", "Startup Cost": 0.0, "Total Cost": 0.34, "Plan Rows": 1, "Plan Width": 25, "Actual Startup Time": 0.036, "Actual Total Time": 0.036, "Actual Rows": 4, "Actual Loops": 5, "Index Cond": "(id = mc.movie_id)", "Rows Removed by Index Recheck": 0, "Filter": "(production_year > 2000)", "Rows Removed by Filter": 1}]}]}, "Triggers": [], "Planner Runtime": 8, "Total Runtime": 10.026, "Unique SQL Id": 2492542741}}, "(16, 81)": {"explain_plan": {"Plan": {"Node Type": "Aggregate", "Strategy": "Plain", "Startup Cost": 425833.01, "Total Cost": 425833.02, "Plan Rows": 1, "Plan Width": 113, "Plans": [{"Node Type": "Nested Loop", "Parent Relationship": "Outer", "Join Type": "Inner", "Startup Cost": 239258.05, "Total Cost": 420953.81, "Plan Rows": 650559, "Plan Width": 45, "Inner Unique": true, "Plans": [{"Node Type": "Merge Join", "Parent Relationship": "Outer", "Join Type": "Inner", "Startup Cost": 239258.05, "Total Cost": 245531.95, "Plan Rows": 501180, "Plan Width": 32, "Inner Unique": false, "Merge Cond": "(ct.id = mc.company_type_id)", "Plans": [{"Node Type": "Index Scan", "Parent Relationship": "Outer", "Scan Direction": "Forward", "Index Name": "company_type_pkey", "Relation Name": "company_type", "Alias": "ct", "Startup Cost": 0.0, "Total Cost": 12.3, "Plan Rows": 1, "Plan Width": 4, "Filter": "((kind)::text = 'production companies'::text)"}, {"Node Type": "Sort", "Parent Relationship": "Inner", "Startup Cost": 237229.19, "Total Cost": 239301.8, "Plan Rows": 829046, "Plan Width": 36, "Sort Key": ["mc.company_type_id"], "Plans": [{"Node Type": "Nested Loop", "Parent Relationship": "Outer", "Join Type": "Inner", "Startup Cost": 7502.06, "Total Cost": 155729.44, "Plan Rows": 829046, "Plan Width": 36, "Inner Unique": false, "Plans": [{"Node Type": "Nested Loop", "Parent Relationship": "Outer", "Join Type": "Inner", "Startup Cost": 7502.06, "Total Cost": 21752.95, "Plan Rows": 345008, "Plan Width": 4, "Inner Unique": false, "Plans": [{"Node Type": "Index Scan", "Parent Relationship": "Outer", "Scan Direction": "Forward", "Index Name": "info_type_pkey", "Relation Name": "info_type", "Alias": "it", "Startup Cost": 0.0, "Total Cost": 14.21, "Plan Rows": 1, "Plan Width": 4, "Filter": "((info)::text = 'bottom 10 rank'::text)"}, {"Node Type": "Bitmap Heap Scan", "Parent Relationship": "Inner", "Relation Name": "movie_info_idx", "Alias": "mi_idx", "Startup Cost": 7502.06, "Total Cost": 18288.66, "Plan Rows": 345008, "Plan Width": 8, "Recheck Cond": "(info_type_id = it.id), (LLVM Optimized)", "Plans": [{"Node Type": "Bitmap Index Scan", "Parent Relationship": "Outer", "Index Name": "info_type_id_movie_info_idx", "Startup Cost": 0.0, "Total Cost": 7415.81, "Plan Rows": 345008, "Plan Width": 0, "Index Cond": "(info_type_id = it.id)"}]}]}, {"Node Type": "Index Scan", "Parent Relationship": "Inner", "Scan Direction": "Forward", "Index Name": "movie_id_movie_companies", "Relation Name": "movie_companies", "Alias": "mc", "Startup Cost": 0.0, "Total Cost": 0.37, "Plan Rows": 2, "Plan Width": 32, "Index Cond": "(movie_id = mi_idx.movie_id)", "Filter": "((note)::text !~~ '%(as Metro-Goldwyn-Mayer Pictures)%'::text)"}]}]}]}, {"Node Type": "Index Scan", "Parent Relationship": "Inner", "Scan Direction": "Forward", "Index Name": "title_pkey", "Relation Name": "title", "Alias": "t", "Startup Cost": 0.0, "Total Cost": 0.34, "Plan Rows": 1, "Plan Width": 25, "Index Cond": "(id = mc.movie_id)", "Filter": "(production_year > 2000)"}]}]}, "Unique SQL Id": 2492542741, "Planner Runtime": 8}, "explain_analyze_plan": {"Plan": {"Node Type": "Aggregate", "Strategy": "Plain", "Startup Cost": 425833.01, "Total Cost": 425833.02, "Plan Rows": 1, "Plan Width": 113, "Actual Startup Time": 0.455, "Actual Total Time": 0.456, "Actual Rows": 1, "Actual Loops": 1, "Plans": [{"Node Type": "Nested Loop", "Parent Relationship": "Outer", "Join Type": "Inner", "Startup Cost": 239258.05, "Total Cost": 420953.81, "Plan Rows": 650559, "Plan Width": 45, "Actual Startup Time": 0.42, "Actual Total Time": 0.444, "Actual Rows": 4, "Actual Loops": 1, "Inner Unique": true, "Plans": [{"Node Type": "Merge Join", "Parent Relationship": "Outer", "Join Type": "Inner", "Startup Cost": 239258.05, "Total Cost": 245531.95, "Plan Rows": 501180, "Plan Width": 32, "Actual Startup Time": 0.399, "Actual Total Time": 0.407, "Actual Rows": 5, "Actual Loops": 1, "Inner Unique": false, "Merge Cond": "(ct.id = mc.company_type_id)", "Plans": [{"Node Type": "Index Scan", "Parent Relationship": "Outer", "Scan Direction": "Forward", "Index Name": "company_type_pkey", "Relation Name": "company_type", "Alias": "ct", "Startup Cost": 0.0, "Total Cost": 12.3, "Plan Rows": 1, "Plan Width": 4, "Actual Startup Time": 0.019, "Actual Total Time": 0.021, "Actual Rows": 1, "Actual Loops": 1, "Filter": "((kind)::text = 'production companies'::text)", "Rows Removed by Filter": 2}, {"Node Type": "Sort", "Parent Relationship": "Inner", "Startup Cost": 237229.19, "Total Cost": 239301.8, "Plan Rows": 829046, "Plan Width": 36, "Actual Startup Time": 0.354, "Actual Total Time": 0.364, "Actual Rows": 100, "Actual Loops": 1, "Sort Key": ["mc.company_type_id"], "Sort Method": "quicksort", "Sort Space Used": 36, "Sort Space Type": "Memory", "Plans": [{"Node Type": "Nested Loop", "Parent Relationship": "Outer", "Join Type": "Inner", "Startup Cost": 7502.06, "Total Cost": 155729.44, "Plan Rows": 829046, "Plan Width": 36, "Actual Startup Time": 0.103, "Actual Total Time": 0.311, "Actual Rows": 100, "Actual Loops": 1, "Inner Unique": false, "Plans": [{"Node Type": "Nested Loop", "Parent Relationship": "Outer", "Join Type": "Inner", "Startup Cost": 7502.06, "Total Cost": 21752.95, "Plan Rows": 345008, "Plan Width": 4, "Actual Startup Time": 0.087, "Actual Total Time": 0.093, "Actual Rows": 10, "Actual Loops": 1, "Inner Unique": false, "Plans": [{"Node Type": "Index Scan", "Parent Relationship": "Outer", "Scan Direction": "Forward", "Index Name": "info_type_pkey", "Relation Name": "info_type", "Alias": "it", "Startup Cost": 0.0, "Total Cost": 14.21, "Plan Rows": 1, "Plan Width": 4, "Actual Startup Time": 0.06, "Actual Total Time": 0.061, "Actual Rows": 1, "Actual Loops": 1, "Filter": "((info)::text = 'bottom 10 rank'::text)", "Rows Removed by Filter": 111}, {"Node Type": "Bitmap Heap Scan", "Parent Relationship": "Inner", "Relation Name": "movie_info_idx", "Alias": "mi_idx", "Startup Cost": 7502.06, "Total Cost": 18288.66, "Plan Rows": 345008, "Plan Width": 8, "Actual Startup Time": 0.02, "Actual Total Time": 0.022, "Actual Rows": 10, "Actual Loops": 1, "Recheck Cond": "(info_type_id = it.id), (LLVM Optimized)", "Rows Removed by Index Recheck": 0, "Exact Heap Blocks": 1, "Lossy Heap Blocks": 1, "Plans": [{"Node Type": "Bitmap Index Scan", "Parent Relationship": "Outer", "Index Name": "info_type_id_movie_info_idx", "Startup Cost": 0.0, "Total Cost": 7415.81, "Plan Rows": 345008, "Plan Width": 0, "Actual Startup Time": 0.012, "Actual Total Time": 0.012, "Actual Rows": 10, "Actual Loops": 1, "Index Cond": "(info_type_id = it.id)"}]}]}, {"Node Type": "Index Scan", "Parent Relationship": "Inner", "Scan Direction": "Forward", "Index Name": "movie_id_movie_companies", "Relation Name": "movie_companies", "Alias": "mc", "Startup Cost": 0.0, "Total Cost": 0.37, "Plan Rows": 2, "Plan Width": 32, "Actual Startup Time": 0.091, "Actual Total Time": 0.187, "Actual Rows": 100, "Actual Loops": 10, "Index Cond": "(movie_id = mi_idx.movie_id)", "Rows Removed by Index Recheck": 0, "Filter": "((note)::text !~~ '%(as Metro-Goldwyn-Mayer Pictures)%'::text)", "Rows Removed by Filter": 20}]}]}]}, {"Node Type": "Index Scan", "Parent Relationship": "Inner", "Scan Direction": "Forward", "Index Name": "title_pkey", "Relation Name": "title", "Alias": "t", "Startup Cost": 0.0, "Total Cost": 0.34, "Plan Rows": 1, "Plan Width": 25, "Actual Startup Time": 0.031, "Actual Total Time": 0.031, "Actual Rows": 4, "Actual Loops": 5, "Index Cond": "(id = mc.movie_id)", "Rows Removed by Index Recheck": 0, "Filter": "(production_year > 2000)", "Rows Removed by Filter": 1}]}]}, "Triggers": [], "Planner Runtime": 8, "Total Runtime": 9.864, "Unique SQL Id": 2492542741}}, "(16, 82)": {"explain_plan": {"Plan": {"Node Type": "Aggregate", "Strategy": "Plain", "Startup Cost": 1779857.51, "Total Cost": 1779857.52, "Plan Rows": 1, "Plan Width": 113, "Plans": [{"Node Type": "Merge Join", "Parent Relationship": "Outer", "Join Type": "Inner", "Startup Cost": 1760731.0, "Total Cost": 1774978.32, "Plan Rows": 650559, "Plan Width": 45, "Inner Unique": false, "Merge Cond": "(t.id = mc.movie_id)", "Plans": [{"Node Type": "Sort", "Parent Relationship": "Outer", "Startup Cost": 1550612.7, "Total Cost": 1551732.3, "Plan Rows": 447839, "Plan Width": 29, "Sort Key": ["mi_idx.movie_id"], "Plans": [{"Node Type": "Nested Loop", "Parent Relationship": "Outer", "Join Type": "Inner", "Startup Cost": 7502.35, "Total Cost": 1508577.14, "Plan Rows": 447839, "Plan Width": 29, "Inner Unique": true, "Plans": [{"Node Type": "Nested Loop", "Parent Relationship": "Outer", "Join Type": "Inner", "Startup Cost": 7502.06, "Total Cost": 21741.14, "Plan Rows": 345008, "Plan Width": 4, "Inner Unique": false, "Plans": [{"Node Type": "Seq Scan", "Parent Relationship": "Outer", "Relation Name": "info_type", "Alias": "it", "Startup Cost": 0.0, "Total Cost": 2.4, "Plan Rows": 1, "Plan Width": 4, "Filter": "((info)::text = 'bottom 10 rank'::text)"}, {"Node Type": "Bitmap Heap Scan", "Parent Relationship": "Inner", "Relation Name": "movie_info_idx", "Alias": "mi_idx", "Startup Cost": 7502.06, "Total Cost": 18288.66, "Plan Rows": 345008, "Plan Width": 8, "Recheck Cond": "(info_type_id = it.id), (LLVM Optimized)", "Plans": [{"Node Type": "Bitmap Index Scan", "Parent Relationship": "Outer", "Index Name": "info_type_id_movie_info_idx", "Startup Cost": 0.0, "Total Cost": 7415.81, "Plan Rows": 345008, "Plan Width": 0, "Index Cond": "(info_type_id = it.id)"}]}]}, {"Node Type": "Bitmap Heap Scan", "Parent Relationship": "Inner", "Relation Name": "title", "Alias": "t", "Startup Cost": 0.28, "Total Cost": 4.3, "Plan Rows": 1, "Plan Width": 25, "Recheck Cond": "(id = mi_idx.movie_id)", "Filter": "(production_year > 2000)", "Plans": [{"Node Type": "Bitmap Index Scan", "Parent Relationship": "Outer", "Index Name": "title_pkey", "Startup Cost": 0.0, "Total Cost": 0.28, "Plan Rows": 1, "Plan Width": 0, "Index Cond": "(id = mi_idx.movie_id)"}]}]}]}, {"Node Type": "Sort", "Parent Relationship": "Inner", "Startup Cost": 210118.25, "Total Cost": 213379.54, "Plan Rows": 1304518, "Plan Width": 28, "Sort Key": ["mc.movie_id"], "Plans": [{"Node Type": "Nested Loop", "Parent Relationship": "Outer", "Join Type": "Inner", "Startup Cost": 29270.61, "Total Cost": 77611.28, "Plan Rows": 1304518, "Plan Width": 28, "Inner Unique": false, "Plans": [{"Node Type": "Seq Scan", "Parent Relationship": "Outer", "Relation Name": "company_type", "Alias": "ct", "Startup Cost": 0.0, "Total Cost": 1.04, "Plan Rows": 1, "Plan Width": 4, "Filter": "((kind)::text = 'production companies'::text)"}, {"Node Type": "Bitmap Heap Scan", "Parent Relationship": "Inner", "Relation Name": "movie_companies", "Alias": "mc", "Startup Cost": 29270.61, "Total Cost": 64565.07, "Plan Rows": 1304517, "Plan Width": 32, "Recheck Cond": "(company_type_id = ct.id), (LLVM Optimized)", "Filter": "((note)::text !~~ '%(as Metro-Goldwyn-Mayer Pictures)%'::text), (LLVM Optimized)", "Plans": [{"Node Type": "Bitmap Index Scan", "Parent Relationship": "Outer", "Index Name": "company_type_id_movie_companies", "Startup Cost": 0.0, "Total Cost": 28944.48, "Plan Rows": 1304564, "Plan Width": 0, "Index Cond": "(company_type_id = ct.id)"}]}]}]}]}]}, "Unique SQL Id": 2492542741, "Planner Runtime": 6}, "explain_analyze_plan": {"Plan": {"Node Type": "Aggregate", "Strategy": "Plain", "Startup Cost": 1779857.51, "Total Cost": 1779857.52, "Plan Rows": 1, "Plan Width": 113, "Actual Startup Time": 680.05, "Actual Total Time": 680.051, "Actual Rows": 1, "Actual Loops": 1, "Plans": [{"Node Type": "Merge Join", "Parent Relationship": "Outer", "Join Type": "Inner", "Startup Cost": 1760731.0, "Total Cost": 1774978.32, "Plan Rows": 650559, "Plan Width": 45, "Actual Startup Time": 665.408, "Actual Total Time": 680.015, "Actual Rows": 4, "Actual Loops": 1, "Inner Unique": false, "Merge Cond": "(t.id = mc.movie_id)", "Plans": [{"Node Type": "Sort", "Parent Relationship": "Outer", "Startup Cost": 1550612.7, "Total Cost": 1551732.3, "Plan Rows": 447839, "Plan Width": 29, "Actual Startup Time": 0.25, "Actual Total Time": 0.252, "Actual Rows": 6, "Actual Loops": 1, "Sort Key": ["mi_idx.movie_id"], "Sort Method": "quicksort", "Sort Space Used": 25, "Sort Space Type": "Memory", "Plans": [{"Node Type": "Nested Loop", "Parent Relationship": "Outer", "Join Type": "Inner", "Startup Cost": 7502.35, "Total Cost": 1508577.14, "Plan Rows": 447839, "Plan Width": 29, "Actual Startup Time": 0.144, "Actual Total Time": 0.23, "Actual Rows": 6, "Actual Loops": 1, "Inner Unique": true, "Plans": [{"Node Type": "Nested Loop", "Parent Relationship": "Outer", "Join Type": "Inner", "Startup Cost": 7502.06, "Total Cost": 21741.14, "Plan Rows": 345008, "Plan Width": 4, "Actual Startup Time": 0.11, "Actual Total Time": 0.115, "Actual Rows": 10, "Actual Loops": 1, "Inner Unique": false, "Plans": [{"Node Type": "Seq Scan", "Parent Relationship": "Outer", "Relation Name": "info_type", "Alias": "it", "Startup Cost": 0.0, "Total Cost": 2.4, "Plan Rows": 1, "Plan Width": 4, "Actual Startup Time": 0.062, "Actual Total Time": 0.066, "Actual Rows": 1, "Actual Loops": 1, "Filter": "((info)::text = 'bottom 10 rank'::text)", "Rows Removed by Filter": 111}, {"Node Type": "Bitmap Heap Scan", "Parent Relationship": "Inner", "Relation Name": "movie_info_idx", "Alias": "mi_idx", "Startup Cost": 7502.06, "Total Cost": 18288.66, "Plan Rows": 345008, "Plan Width": 8, "Actual Startup Time": 0.04, "Actual Total Time": 0.04, "Actual Rows": 10, "Actual Loops": 1, "Recheck Cond": "(info_type_id = it.id), (LLVM Optimized, Jit Execute)", "Rows Removed by Index Recheck": 0, "Exact Heap Blocks": 1, "Lossy Heap Blocks": 1, "Plans": [{"Node Type": "Bitmap Index Scan", "Parent Relationship": "Outer", "Index Name": "info_type_id_movie_info_idx", "Startup Cost": 0.0, "Total Cost": 7415.81, "Plan Rows": 345008, "Plan Width": 0, "Actual Startup Time": 0.016, "Actual Total Time": 0.016, "Actual Rows": 10, "Actual Loops": 1, "Index Cond": "(info_type_id = it.id)"}]}]}, {"Node Type": "Bitmap Heap Scan", "Parent Relationship": "Inner", "Relation Name": "title", "Alias": "t", "Startup Cost": 0.28, "Total Cost": 4.3, "Plan Rows": 1, "Plan Width": 25, "Actual Startup Time": 0.09, "Actual Total Time": 0.09, "Actual Rows": 6, "Actual Loops": 10, "Recheck Cond": "(id = mi_idx.movie_id)", "Rows Removed by Index Recheck": 0, "Filter": "(production_year > 2000)", "Rows Removed by Filter": 4, "Exact Heap Blocks": 10, "Lossy Heap Blocks": 10, "Plans": [{"Node Type": "Bitmap Index Scan", "Parent Relationship": "Outer", "Index Name": "title_pkey", "Startup Cost": 0.0, "Total Cost": 0.28, "Plan Rows": 1, "Plan Width": 0, "Actual Startup Time": 0.057, "Actual Total Time": 0.057, "Actual Rows": 10, "Actual Loops": 10, "Index Cond": "(id = mi_idx.movie_id)"}]}]}]}, {"Node Type": "Sort", "Parent Relationship": "Inner", "Startup Cost": 210118.25, "Total Cost": 213379.54, "Plan Rows": 1304518, "Plan Width": 28, "Actual Startup Time": 649.176, "Actual Total Time": 660.768, "Actual Rows": 124632, "Actual Loops": 1, "Sort Key": ["mc.movie_id"], "Sort Method": "quicksort", "Sort Space Used": 20170, "Sort Space Type": "Memory", "Plans": [{"Node Type": "Nested Loop", "Parent Relationship": "Outer", "Join Type": "Inner", "Startup Cost": 29270.61, "Total Cost": 77611.28, "Plan Rows": 1304518, "Plan Width": 28, "Actual Startup Time": 161.772, "Actual Total Time": 598.333, "Actual Rows": 140904, "Actual Loops": 1, "Inner Unique": false, "Plans": [{"Node Type": "Seq Scan", "Parent Relationship": "Outer", "Relation Name": "company_type", "Alias": "ct", "Startup Cost": 0.0, "Total Cost": 1.04, "Plan Rows": 1, "Plan Width": 4, "Actual Startup Time": 0.007, "Actual Total Time": 0.018, "Actual Rows": 1, "Actual Loops": 1, "Filter": "((kind)::text = 'production companies'::text)", "Rows Removed by Filter": 2}, {"Node Type": "Bitmap Heap Scan", "Parent Relationship": "Inner", "Relation Name": "movie_companies", "Alias": "mc", "Startup Cost": 29270.61, "Total Cost": 64565.07, "Plan Rows": 1304517, "Plan Width": 32, "Actual Startup Time": 161.761, "Actual Total Time": 570.426, "Actual Rows": 140904, "Actual Loops": 1, "Recheck Cond": "(company_type_id = ct.id), (LLVM Optimized, Jit Execute)", "Rows Removed by Index Recheck": 0, "Filter": "((note)::text !~~ '%(as Metro-Goldwyn-Mayer Pictures)%'::text), (LLVM Optimized, Jit Execute)", "Rows Removed by Filter": 1193979, "Exact Heap Blocks": 6196, "Lossy Heap Blocks": 6196, "Plans": [{"Node Type": "Bitmap Index Scan", "Parent Relationship": "Outer", "Index Name": "company_type_id_movie_companies", "Startup Cost": 0.0, "Total Cost": 28944.48, "Plan Rows": 1304564, "Plan Width": 0, "Actual Startup Time": 160.523, "Actual Total Time": 160.523, "Actual Rows": 1334883, "Actual Loops": 1, "Index Cond": "(company_type_id = ct.id)"}]}]}]}]}]}, "Triggers": [], "Planner Runtime": 6, "Total Runtime": 690.147, "Unique SQL Id": 2492542741}}, "(16, 83)": {"explain_plan": {"Plan": {"Node Type": "Aggregate", "Strategy": "Plain", "Startup Cost": 554320.87, "Total Cost": 554320.88, "Plan Rows": 1, "Plan Width": 113, "Plans": [{"Node Type": "Merge Join", "Parent Relationship": "Outer", "Join Type": "Inner", "Startup Cost": 520946.1, "Total Cost": 549441.67, "Plan Rows": 650559, "Plan Width": 45, "Inner Unique": true, "Merge Cond": "(mc.movie_id = t.id)", "Plans": [{"Node Type": "Merge Join", "Parent Relationship": "Outer", "Join Type": "Inner", "Startup Cost": 263616.8, "Total Cost": 277451.17, "Plan Rows": 501180, "Plan Width": 32, "Inner Unique": false, "Merge Cond": "(mi_idx.movie_id = mc.movie_id)", "Plans": [{"Node Type": "Sort", "Parent Relationship": "Outer", "Startup Cost": 53487.25, "Total Cost": 54349.77, "Plan Rows": 345008, "Plan Width": 4, "Sort Key": ["mi_idx.movie_id"], "Plans": [{"Node Type": "Nested Loop", "Parent Relationship": "Outer", "Join Type": "Inner", "Startup Cost": 7510.87, "Total Cost": 21752.95, "Plan Rows": 345008, "Plan Width": 4, "Inner Unique": false, "Plans": [{"Node Type": "Bitmap Heap Scan", "Parent Relationship": "Outer", "Relation Name": "info_type", "Alias": "it", "Startup Cost": 8.81, "Total Cost": 14.21, "Plan Rows": 1, "Plan Width": 4, "Filter": "((info)::text = 'bottom 10 rank'::text)", "Plans": [{"Node Type": "Bitmap Index Scan", "Parent Relationship": "Outer", "Index Name": "info_type_pkey", "Startup Cost": 0.0, "Total Cost": 8.81, "Plan Rows": 112, "Plan Width": 0}]}, {"Node Type": "Bitmap Heap Scan", "Parent Relationship": "Inner", "Relation Name": "movie_info_idx", "Alias": "mi_idx", "Startup Cost": 7502.06, "Total Cost": 18288.66, "Plan Rows": 345008, "Plan Width": 8, "Recheck Cond": "(info_type_id = it.id), (LLVM Optimized)", "Plans": [{"Node Type": "Bitmap Index Scan", "Parent Relationship": "Outer", "Index Name": "info_type_id_movie_info_idx", "Startup Cost": 0.0, "Total Cost": 7415.81, "Plan Rows": 345008, "Plan Width": 0, "Index Cond": "(info_type_id = it.id)"}]}]}]}, {"Node Type": "Sort", "Parent Relationship": "Inner", "Startup Cost": 210129.52, "Total Cost": 213390.81, "Plan Rows": 1304518, "Plan Width": 28, "Sort Key": ["mc.movie_id"], "Plans": [{"Node Type": "Nested Loop", "Parent Relationship": "Outer", "Join Type": "Inner", "Startup Cost": 29278.87, "Total Cost": 77622.54, "Plan Rows": 1304518, "Plan Width": 28, "Inner Unique": false, "Plans": [{"Node Type": "Bitmap Heap Scan", "Parent Relationship": "Outer", "Relation Name": "company_type", "Alias": "ct", "Startup Cost": 8.27, "Total Cost": 12.3, "Plan Rows": 1, "Plan Width": 4, "Filter": "((kind)::text = 'production companies'::text)", "Plans": [{"Node Type": "Bitmap Index Scan", "Parent Relationship": "Outer", "Index Name": "company_type_pkey", "Startup Cost": 0.0, "Total Cost": 8.27, "Plan Rows": 3, "Plan Width": 0}]}, {"Node Type": "Bitmap Heap Scan", "Parent Relationship": "Inner", "Relation Name": "movie_companies", "Alias": "mc", "Startup Cost": 29270.61, "Total Cost": 64565.07, "Plan Rows": 1304517, "Plan Width": 32, "Recheck Cond": "(company_type_id = ct.id), (LLVM Optimized)", "Filter": "((note)::text !~~ '%(as Metro-Goldwyn-Mayer Pictures)%'::text), (LLVM Optimized)", "Plans": [{"Node Type": "Bitmap Index Scan", "Parent Relationship": "Outer", "Index Name": "company_type_id_movie_companies", "Startup Cost": 0.0, "Total Cost": 28944.48, "Plan Rows": 1304564, "Plan Width": 0, "Index Cond": "(company_type_id = ct.id)"}]}]}]}]}, {"Node Type": "Sort", "Parent Relationship": "Inner", "Startup Cost": 257329.15, "Total Cost": 260783.86, "Plan Rows": 1381886, "Plan Width": 25, "Sort Key": ["t.id"], "Plans": [{"Node Type": "Bitmap Heap Scan", "Parent Relationship": "Outer", "Relation Name": "title", "Alias": "t", "Startup Cost": 49999.28, "Total Cost": 116389.16, "Plan Rows": 1381886, "Plan Width": 25, "Filter": "(production_year > 2000), (LLVM Optimized)", "Plans": [{"Node Type": "Bitmap Index Scan", "Parent Relationship": "Outer", "Index Name": "title_pkey", "Startup Cost": 0.0, "Total Cost": 49653.81, "Plan Rows": 2528311, "Plan Width": 0}]}]}]}]}, "Unique SQL Id": 2492542741, "Planner Runtime": 6}, "explain_analyze_plan": null}, "(16, 84)": {"explain_plan": {"Plan": {"Node Type": "Aggregate", "Strategy": "Plain", "Startup Cost": 425809.95, "Total Cost": 425809.96, "Plan Rows": 1, "Plan Width": 113, "Plans": [{"Node Type": "Nested Loop", "Parent Relationship": "Outer", "Join Type": "Inner", "Startup Cost": 239247.28, "Total Cost": 420930.75, "Plan Rows": 650559, "Plan Width": 45, "Inner Unique": true, "Plans": [{"Node Type": "Merge Join", "Parent Relationship": "Outer", "Join Type": "Inner", "Startup Cost": 239247.28, "Total Cost": 245508.89, "Plan Rows": 501180, "Plan Width": 32, "Inner Unique": false, "Merge Cond": "(ct.id = mc.company_type_id)", "Plans": [{"Node Type": "Sort", "Parent Relationship": "Outer", "Startup Cost": 1.05, "Total Cost": 1.05, "Plan Rows": 1, "Plan Width": 4, "Sort Key": ["ct.id"], "Plans": [{"Node Type": "Seq Scan", "Parent Relationship": "Outer", "Relation Name": "company_type", "Alias": "ct", "Startup Cost": 0.0, "Total Cost": 1.04, "Plan Rows": 1, "Plan Width": 4, "Filter": "((kind)::text = 'production companies'::text)"}]}, {"Node Type": "Sort", "Parent Relationship": "Inner", "Startup Cost": 237217.38, "Total Cost": 239289.99, "Plan Rows": 829046, "Plan Width": 36, "Sort Key": ["mc.company_type_id"], "Plans": [{"Node Type": "Nested Loop", "Parent Relationship": "Outer", "Join Type": "Inner", "Startup Cost": 7502.06, "Total Cost": 155717.63, "Plan Rows": 829046, "Plan Width": 36, "Inner Unique": false, "Plans": [{"Node Type": "Nested Loop", "Parent Relationship": "Outer", "Join Type": "Inner", "Startup Cost": 7502.06, "Total Cost": 21741.14, "Plan Rows": 345008, "Plan Width": 4, "Inner Unique": false, "Plans": [{"Node Type": "Seq Scan", "Parent Relationship": "Outer", "Relation Name": "info_type", "Alias": "it", "Startup Cost": 0.0, "Total Cost": 2.4, "Plan Rows": 1, "Plan Width": 4, "Filter": "((info)::text = 'bottom 10 rank'::text)"}, {"Node Type": "Bitmap Heap Scan", "Parent Relationship": "Inner", "Relation Name": "movie_info_idx", "Alias": "mi_idx", "Startup Cost": 7502.06, "Total Cost": 18288.66, "Plan Rows": 345008, "Plan Width": 8, "Recheck Cond": "(info_type_id = it.id), (LLVM Optimized)", "Plans": [{"Node Type": "Bitmap Index Scan", "Parent Relationship": "Outer", "Index Name": "info_type_id_movie_info_idx", "Startup Cost": 0.0, "Total Cost": 7415.81, "Plan Rows": 345008, "Plan Width": 0, "Index Cond": "(info_type_id = it.id)"}]}]}, {"Node Type": "Index Scan", "Parent Relationship": "Inner", "Scan Direction": "Forward", "Index Name": "movie_id_movie_companies", "Relation Name": "movie_companies", "Alias": "mc", "Startup Cost": 0.0, "Total Cost": 0.37, "Plan Rows": 2, "Plan Width": 32, "Index Cond": "(movie_id = mi_idx.movie_id)", "Filter": "((note)::text !~~ '%(as Metro-Goldwyn-Mayer Pictures)%'::text)"}]}]}]}, {"Node Type": "Index Scan", "Parent Relationship": "Inner", "Scan Direction": "Forward", "Index Name": "title_pkey", "Relation Name": "title", "Alias": "t", "Startup Cost": 0.0, "Total Cost": 0.34, "Plan Rows": 1, "Plan Width": 25, "Index Cond": "(id = mc.movie_id)", "Filter": "(production_year > 2000)"}]}]}, "Unique SQL Id": 2492542741, "Planner Runtime": 8}, "explain_analyze_plan": {"Plan": {"Node Type": "Aggregate", "Strategy": "Plain", "Startup Cost": 425809.95, "Total Cost": 425809.96, "Plan Rows": 1, "Plan Width": 113, "Actual Startup Time": 0.51, "Actual Total Time": 0.51, "Actual Rows": 1, "Actual Loops": 1, "Plans": [{"Node Type": "Nested Loop", "Parent Relationship": "Outer", "Join Type": "Inner", "Startup Cost": 239247.28, "Total Cost": 420930.75, "Plan Rows": 650559, "Plan Width": 45, "Actual Startup Time": 0.466, "Actual Total Time": 0.489, "Actual Rows": 4, "Actual Loops": 1, "Inner Unique": true, "Plans": [{"Node Type": "Merge Join", "Parent Relationship": "Outer", "Join Type": "Inner", "Startup Cost": 239247.28, "Total Cost": 245508.89, "Plan Rows": 501180, "Plan Width": 32, "Actual Startup Time": 0.441, "Actual Total Time": 0.447, "Actual Rows": 5, "Actual Loops": 1, "Inner Unique": false, "Merge Cond": "(ct.id = mc.company_type_id)", "Plans": [{"Node Type": "Sort", "Parent Relationship": "Outer", "Startup Cost": 1.05, "Total Cost": 1.05, "Plan Rows": 1, "Plan Width": 4, "Actual Startup Time": 0.045, "Actual Total Time": 0.045, "Actual Rows": 1, "Actual Loops": 1, "Sort Key": ["ct.id"], "Sort Method": "quicksort", "Sort Space Used": 25, "Sort Space Type": "Memory", "Plans": [{"Node Type": "Seq Scan", "Parent Relationship": "Outer", "Relation Name": "company_type", "Alias": "ct", "Startup Cost": 0.0, "Total Cost": 1.04, "Plan Rows": 1, "Plan Width": 4, "Actual Startup Time": 0.023, "Actual Total Time": 0.026, "Actual Rows": 1, "Actual Loops": 1, "Filter": "((kind)::text = 'production companies'::text)", "Rows Removed by Filter": 2}]}, {"Node Type": "Sort", "Parent Relationship": "Inner", "Startup Cost": 237217.38, "Total Cost": 239289.99, "Plan Rows": 829046, "Plan Width": 36, "Actual Startup Time": 0.368, "Actual Total Time": 0.375, "Actual Rows": 100, "Actual Loops": 1, "Sort Key": ["mc.company_type_id"], "Sort Method": "quicksort", "Sort Space Used": 36, "Sort Space Type": "Memory", "Plans": [{"Node Type": "Nested Loop", "Parent Relationship": "Outer", "Join Type": "Inner", "Startup Cost": 7502.06, "Total Cost": 155717.63, "Plan Rows": 829046, "Plan Width": 36, "Actual Startup Time": 0.1, "Actual Total Time": 0.326, "Actual Rows": 100, "Actual Loops": 1, "Inner Unique": false, "Plans": [{"Node Type": "Nested Loop", "Parent Relationship": "Outer", "Join Type": "Inner", "Startup Cost": 7502.06, "Total Cost": 21741.14, "Plan Rows": 345008, "Plan Width": 4, "Actual Startup Time": 0.08, "Actual Total Time": 0.087, "Actual Rows": 10, "Actual Loops": 1, "Inner Unique": false, "Plans": [{"Node Type": "Seq Scan", "Parent Relationship": "Outer", "Relation Name": "info_type", "Alias": "it", "Startup Cost": 0.0, "Total Cost": 2.4, "Plan Rows": 1, "Plan Width": 4, "Actual Startup Time": 0.045, "Actual Total Time": 0.048, "Actual Rows": 1, "Actual Loops": 1, "Filter": "((info)::text = 'bottom 10 rank'::text)", "Rows Removed by Filter": 111}, {"Node Type": "Bitmap Heap Scan", "Parent Relationship": "Inner", "Relation Name": "movie_info_idx", "Alias": "mi_idx", "Startup Cost": 7502.06, "Total Cost": 18288.66, "Plan Rows": 345008, "Plan Width": 8, "Actual Startup Time": 0.03, "Actual Total Time": 0.031, "Actual Rows": 10, "Actual Loops": 1, "Recheck Cond": "(info_type_id = it.id), (LLVM Optimized)", "Rows Removed by Index Recheck": 0, "Exact Heap Blocks": 1, "Lossy Heap Blocks": 1, "Plans": [{"Node Type": "Bitmap Index Scan", "Parent Relationship": "Outer", "Index Name": "info_type_id_movie_info_idx", "Startup Cost": 0.0, "Total Cost": 7415.81, "Plan Rows": 345008, "Plan Width": 0, "Actual Startup Time": 0.016, "Actual Total Time": 0.016, "Actual Rows": 10, "Actual Loops": 1, "Index Cond": "(info_type_id = it.id)"}]}]}, {"Node Type": "Index Scan", "Parent Relationship": "Inner", "Scan Direction": "Forward", "Index Name": "movie_id_movie_companies", "Relation Name": "movie_companies", "Alias": "mc", "Startup Cost": 0.0, "Total Cost": 0.37, "Plan Rows": 2, "Plan Width": 32, "Actual Startup Time": 0.105, "Actual Total Time": 0.201, "Actual Rows": 100, "Actual Loops": 10, "Index Cond": "(movie_id = mi_idx.movie_id)", "Rows Removed by Index Recheck": 0, "Filter": "((note)::text !~~ '%(as Metro-Goldwyn-Mayer Pictures)%'::text)", "Rows Removed by Filter": 20}]}]}]}, {"Node Type": "Index Scan", "Parent Relationship": "Inner", "Scan Direction": "Forward", "Index Name": "title_pkey", "Relation Name": "title", "Alias": "t", "Startup Cost": 0.0, "Total Cost": 0.34, "Plan Rows": 1, "Plan Width": 25, "Actual Startup Time": 0.036, "Actual Total Time": 0.036, "Actual Rows": 4, "Actual Loops": 5, "Index Cond": "(id = mc.movie_id)", "Rows Removed by Index Recheck": 0, "Filter": "(production_year > 2000)", "Rows Removed by Filter": 1}]}]}, "Triggers": [], "Planner Runtime": 8, "Total Runtime": 10.026, "Unique SQL Id": 2492542741}}, "(16, 85)": {"explain_plan": {"Plan": {"Node Type": "Aggregate", "Strategy": "Plain", "Startup Cost": 425833.01, "Total Cost": 425833.02, "Plan Rows": 1, "Plan Width": 113, "Plans": [{"Node Type": "Nested Loop", "Parent Relationship": "Outer", "Join Type": "Inner", "Startup Cost": 239258.05, "Total Cost": 420953.81, "Plan Rows": 650559, "Plan Width": 45, "Inner Unique": true, "Plans": [{"Node Type": "Merge Join", "Parent Relationship": "Outer", "Join Type": "Inner", "Startup Cost": 239258.05, "Total Cost": 245531.95, "Plan Rows": 501180, "Plan Width": 32, "Inner Unique": false, "Merge Cond": "(ct.id = mc.company_type_id)", "Plans": [{"Node Type": "Index Scan", "Parent Relationship": "Outer", "Scan Direction": "Forward", "Index Name": "company_type_pkey", "Relation Name": "company_type", "Alias": "ct", "Startup Cost": 0.0, "Total Cost": 12.3, "Plan Rows": 1, "Plan Width": 4, "Filter": "((kind)::text = 'production companies'::text)"}, {"Node Type": "Sort", "Parent Relationship": "Inner", "Startup Cost": 237229.19, "Total Cost": 239301.8, "Plan Rows": 829046, "Plan Width": 36, "Sort Key": ["mc.company_type_id"], "Plans": [{"Node Type": "Nested Loop", "Parent Relationship": "Outer", "Join Type": "Inner", "Startup Cost": 7502.06, "Total Cost": 155729.44, "Plan Rows": 829046, "Plan Width": 36, "Inner Unique": false, "Plans": [{"Node Type": "Nested Loop", "Parent Relationship": "Outer", "Join Type": "Inner", "Startup Cost": 7502.06, "Total Cost": 21752.95, "Plan Rows": 345008, "Plan Width": 4, "Inner Unique": false, "Plans": [{"Node Type": "Index Scan", "Parent Relationship": "Outer", "Scan Direction": "Forward", "Index Name": "info_type_pkey", "Relation Name": "info_type", "Alias": "it", "Startup Cost": 0.0, "Total Cost": 14.21, "Plan Rows": 1, "Plan Width": 4, "Filter": "((info)::text = 'bottom 10 rank'::text)"}, {"Node Type": "Bitmap Heap Scan", "Parent Relationship": "Inner", "Relation Name": "movie_info_idx", "Alias": "mi_idx", "Startup Cost": 7502.06, "Total Cost": 18288.66, "Plan Rows": 345008, "Plan Width": 8, "Recheck Cond": "(info_type_id = it.id), (LLVM Optimized)", "Plans": [{"Node Type": "Bitmap Index Scan", "Parent Relationship": "Outer", "Index Name": "info_type_id_movie_info_idx", "Startup Cost": 0.0, "Total Cost": 7415.81, "Plan Rows": 345008, "Plan Width": 0, "Index Cond": "(info_type_id = it.id)"}]}]}, {"Node Type": "Index Scan", "Parent Relationship": "Inner", "Scan Direction": "Forward", "Index Name": "movie_id_movie_companies", "Relation Name": "movie_companies", "Alias": "mc", "Startup Cost": 0.0, "Total Cost": 0.37, "Plan Rows": 2, "Plan Width": 32, "Index Cond": "(movie_id = mi_idx.movie_id)", "Filter": "((note)::text !~~ '%(as Metro-Goldwyn-Mayer Pictures)%'::text)"}]}]}]}, {"Node Type": "Index Scan", "Parent Relationship": "Inner", "Scan Direction": "Forward", "Index Name": "title_pkey", "Relation Name": "title", "Alias": "t", "Startup Cost": 0.0, "Total Cost": 0.34, "Plan Rows": 1, "Plan Width": 25, "Index Cond": "(id = mc.movie_id)", "Filter": "(production_year > 2000)"}]}]}, "Unique SQL Id": 2492542741, "Planner Runtime": 8}, "explain_analyze_plan": {"Plan": {"Node Type": "Aggregate", "Strategy": "Plain", "Startup Cost": 425833.01, "Total Cost": 425833.02, "Plan Rows": 1, "Plan Width": 113, "Actual Startup Time": 0.455, "Actual Total Time": 0.456, "Actual Rows": 1, "Actual Loops": 1, "Plans": [{"Node Type": "Nested Loop", "Parent Relationship": "Outer", "Join Type": "Inner", "Startup Cost": 239258.05, "Total Cost": 420953.81, "Plan Rows": 650559, "Plan Width": 45, "Actual Startup Time": 0.42, "Actual Total Time": 0.444, "Actual Rows": 4, "Actual Loops": 1, "Inner Unique": true, "Plans": [{"Node Type": "Merge Join", "Parent Relationship": "Outer", "Join Type": "Inner", "Startup Cost": 239258.05, "Total Cost": 245531.95, "Plan Rows": 501180, "Plan Width": 32, "Actual Startup Time": 0.399, "Actual Total Time": 0.407, "Actual Rows": 5, "Actual Loops": 1, "Inner Unique": false, "Merge Cond": "(ct.id = mc.company_type_id)", "Plans": [{"Node Type": "Index Scan", "Parent Relationship": "Outer", "Scan Direction": "Forward", "Index Name": "company_type_pkey", "Relation Name": "company_type", "Alias": "ct", "Startup Cost": 0.0, "Total Cost": 12.3, "Plan Rows": 1, "Plan Width": 4, "Actual Startup Time": 0.019, "Actual Total Time": 0.021, "Actual Rows": 1, "Actual Loops": 1, "Filter": "((kind)::text = 'production companies'::text)", "Rows Removed by Filter": 2}, {"Node Type": "Sort", "Parent Relationship": "Inner", "Startup Cost": 237229.19, "Total Cost": 239301.8, "Plan Rows": 829046, "Plan Width": 36, "Actual Startup Time": 0.354, "Actual Total Time": 0.364, "Actual Rows": 100, "Actual Loops": 1, "Sort Key": ["mc.company_type_id"], "Sort Method": "quicksort", "Sort Space Used": 36, "Sort Space Type": "Memory", "Plans": [{"Node Type": "Nested Loop", "Parent Relationship": "Outer", "Join Type": "Inner", "Startup Cost": 7502.06, "Total Cost": 155729.44, "Plan Rows": 829046, "Plan Width": 36, "Actual Startup Time": 0.103, "Actual Total Time": 0.311, "Actual Rows": 100, "Actual Loops": 1, "Inner Unique": false, "Plans": [{"Node Type": "Nested Loop", "Parent Relationship": "Outer", "Join Type": "Inner", "Startup Cost": 7502.06, "Total Cost": 21752.95, "Plan Rows": 345008, "Plan Width": 4, "Actual Startup Time": 0.087, "Actual Total Time": 0.093, "Actual Rows": 10, "Actual Loops": 1, "Inner Unique": false, "Plans": [{"Node Type": "Index Scan", "Parent Relationship": "Outer", "Scan Direction": "Forward", "Index Name": "info_type_pkey", "Relation Name": "info_type", "Alias": "it", "Startup Cost": 0.0, "Total Cost": 14.21, "Plan Rows": 1, "Plan Width": 4, "Actual Startup Time": 0.06, "Actual Total Time": 0.061, "Actual Rows": 1, "Actual Loops": 1, "Filter": "((info)::text = 'bottom 10 rank'::text)", "Rows Removed by Filter": 111}, {"Node Type": "Bitmap Heap Scan", "Parent Relationship": "Inner", "Relation Name": "movie_info_idx", "Alias": "mi_idx", "Startup Cost": 7502.06, "Total Cost": 18288.66, "Plan Rows": 345008, "Plan Width": 8, "Actual Startup Time": 0.02, "Actual Total Time": 0.022, "Actual Rows": 10, "Actual Loops": 1, "Recheck Cond": "(info_type_id = it.id), (LLVM Optimized)", "Rows Removed by Index Recheck": 0, "Exact Heap Blocks": 1, "Lossy Heap Blocks": 1, "Plans": [{"Node Type": "Bitmap Index Scan", "Parent Relationship": "Outer", "Index Name": "info_type_id_movie_info_idx", "Startup Cost": 0.0, "Total Cost": 7415.81, "Plan Rows": 345008, "Plan Width": 0, "Actual Startup Time": 0.012, "Actual Total Time": 0.012, "Actual Rows": 10, "Actual Loops": 1, "Index Cond": "(info_type_id = it.id)"}]}]}, {"Node Type": "Index Scan", "Parent Relationship": "Inner", "Scan Direction": "Forward", "Index Name": "movie_id_movie_companies", "Relation Name": "movie_companies", "Alias": "mc", "Startup Cost": 0.0, "Total Cost": 0.37, "Plan Rows": 2, "Plan Width": 32, "Actual Startup Time": 0.091, "Actual Total Time": 0.187, "Actual Rows": 100, "Actual Loops": 10, "Index Cond": "(movie_id = mi_idx.movie_id)", "Rows Removed by Index Recheck": 0, "Filter": "((note)::text !~~ '%(as Metro-Goldwyn-Mayer Pictures)%'::text)", "Rows Removed by Filter": 20}]}]}]}, {"Node Type": "Index Scan", "Parent Relationship": "Inner", "Scan Direction": "Forward", "Index Name": "title_pkey", "Relation Name": "title", "Alias": "t", "Startup Cost": 0.0, "Total Cost": 0.34, "Plan Rows": 1, "Plan Width": 25, "Actual Startup Time": 0.031, "Actual Total Time": 0.031, "Actual Rows": 4, "Actual Loops": 5, "Index Cond": "(id = mc.movie_id)", "Rows Removed by Index Recheck": 0, "Filter": "(production_year > 2000)", "Rows Removed by Filter": 1}]}]}, "Triggers": [], "Planner Runtime": 8, "Total Runtime": 9.864, "Unique SQL Id": 2492542741}}, "(16, 86)": {"explain_plan": {"Plan": {"Node Type": "Aggregate", "Strategy": "Plain", "Startup Cost": 1779857.51, "Total Cost": 1779857.52, "Plan Rows": 1, "Plan Width": 113, "Plans": [{"Node Type": "Merge Join", "Parent Relationship": "Outer", "Join Type": "Inner", "Startup Cost": 1760731.0, "Total Cost": 1774978.32, "Plan Rows": 650559, "Plan Width": 45, "Inner Unique": false, "Merge Cond": "(t.id = mc.movie_id)", "Plans": [{"Node Type": "Sort", "Parent Relationship": "Outer", "Startup Cost": 1550612.7, "Total Cost": 1551732.3, "Plan Rows": 447839, "Plan Width": 29, "Sort Key": ["mi_idx.movie_id"], "Plans": [{"Node Type": "Nested Loop", "Parent Relationship": "Outer", "Join Type": "Inner", "Startup Cost": 7502.35, "Total Cost": 1508577.14, "Plan Rows": 447839, "Plan Width": 29, "Inner Unique": true, "Plans": [{"Node Type": "Nested Loop", "Parent Relationship": "Outer", "Join Type": "Inner", "Startup Cost": 7502.06, "Total Cost": 21741.14, "Plan Rows": 345008, "Plan Width": 4, "Inner Unique": false, "Plans": [{"Node Type": "Seq Scan", "Parent Relationship": "Outer", "Relation Name": "info_type", "Alias": "it", "Startup Cost": 0.0, "Total Cost": 2.4, "Plan Rows": 1, "Plan Width": 4, "Filter": "((info)::text = 'bottom 10 rank'::text)"}, {"Node Type": "Bitmap Heap Scan", "Parent Relationship": "Inner", "Relation Name": "movie_info_idx", "Alias": "mi_idx", "Startup Cost": 7502.06, "Total Cost": 18288.66, "Plan Rows": 345008, "Plan Width": 8, "Recheck Cond": "(info_type_id = it.id), (LLVM Optimized)", "Plans": [{"Node Type": "Bitmap Index Scan", "Parent Relationship": "Outer", "Index Name": "info_type_id_movie_info_idx", "Startup Cost": 0.0, "Total Cost": 7415.81, "Plan Rows": 345008, "Plan Width": 0, "Index Cond": "(info_type_id = it.id)"}]}]}, {"Node Type": "Bitmap Heap Scan", "Parent Relationship": "Inner", "Relation Name": "title", "Alias": "t", "Startup Cost": 0.28, "Total Cost": 4.3, "Plan Rows": 1, "Plan Width": 25, "Recheck Cond": "(id = mi_idx.movie_id)", "Filter": "(production_year > 2000)", "Plans": [{"Node Type": "Bitmap Index Scan", "Parent Relationship": "Outer", "Index Name": "title_pkey", "Startup Cost": 0.0, "Total Cost": 0.28, "Plan Rows": 1, "Plan Width": 0, "Index Cond": "(id = mi_idx.movie_id)"}]}]}]}, {"Node Type": "Sort", "Parent Relationship": "Inner", "Startup Cost": 210118.25, "Total Cost": 213379.54, "Plan Rows": 1304518, "Plan Width": 28, "Sort Key": ["mc.movie_id"], "Plans": [{"Node Type": "Nested Loop", "Parent Relationship": "Outer", "Join Type": "Inner", "Startup Cost": 29270.61, "Total Cost": 77611.28, "Plan Rows": 1304518, "Plan Width": 28, "Inner Unique": false, "Plans": [{"Node Type": "Seq Scan", "Parent Relationship": "Outer", "Relation Name": "company_type", "Alias": "ct", "Startup Cost": 0.0, "Total Cost": 1.04, "Plan Rows": 1, "Plan Width": 4, "Filter": "((kind)::text = 'production companies'::text)"}, {"Node Type": "Bitmap Heap Scan", "Parent Relationship": "Inner", "Relation Name": "movie_companies", "Alias": "mc", "Startup Cost": 29270.61, "Total Cost": 64565.07, "Plan Rows": 1304517, "Plan Width": 32, "Recheck Cond": "(company_type_id = ct.id), (LLVM Optimized)", "Filter": "((note)::text !~~ '%(as Metro-Goldwyn-Mayer Pictures)%'::text), (LLVM Optimized)", "Plans": [{"Node Type": "Bitmap Index Scan", "Parent Relationship": "Outer", "Index Name": "company_type_id_movie_companies", "Startup Cost": 0.0, "Total Cost": 28944.48, "Plan Rows": 1304564, "Plan Width": 0, "Index Cond": "(company_type_id = ct.id)"}]}]}]}]}]}, "Unique SQL Id": 2492542741, "Planner Runtime": 6}, "explain_analyze_plan": {"Plan": {"Node Type": "Aggregate", "Strategy": "Plain", "Startup Cost": 1779857.51, "Total Cost": 1779857.52, "Plan Rows": 1, "Plan Width": 113, "Actual Startup Time": 680.05, "Actual Total Time": 680.051, "Actual Rows": 1, "Actual Loops": 1, "Plans": [{"Node Type": "Merge Join", "Parent Relationship": "Outer", "Join Type": "Inner", "Startup Cost": 1760731.0, "Total Cost": 1774978.32, "Plan Rows": 650559, "Plan Width": 45, "Actual Startup Time": 665.408, "Actual Total Time": 680.015, "Actual Rows": 4, "Actual Loops": 1, "Inner Unique": false, "Merge Cond": "(t.id = mc.movie_id)", "Plans": [{"Node Type": "Sort", "Parent Relationship": "Outer", "Startup Cost": 1550612.7, "Total Cost": 1551732.3, "Plan Rows": 447839, "Plan Width": 29, "Actual Startup Time": 0.25, "Actual Total Time": 0.252, "Actual Rows": 6, "Actual Loops": 1, "Sort Key": ["mi_idx.movie_id"], "Sort Method": "quicksort", "Sort Space Used": 25, "Sort Space Type": "Memory", "Plans": [{"Node Type": "Nested Loop", "Parent Relationship": "Outer", "Join Type": "Inner", "Startup Cost": 7502.35, "Total Cost": 1508577.14, "Plan Rows": 447839, "Plan Width": 29, "Actual Startup Time": 0.144, "Actual Total Time": 0.23, "Actual Rows": 6, "Actual Loops": 1, "Inner Unique": true, "Plans": [{"Node Type": "Nested Loop", "Parent Relationship": "Outer", "Join Type": "Inner", "Startup Cost": 7502.06, "Total Cost": 21741.14, "Plan Rows": 345008, "Plan Width": 4, "Actual Startup Time": 0.11, "Actual Total Time": 0.115, "Actual Rows": 10, "Actual Loops": 1, "Inner Unique": false, "Plans": [{"Node Type": "Seq Scan", "Parent Relationship": "Outer", "Relation Name": "info_type", "Alias": "it", "Startup Cost": 0.0, "Total Cost": 2.4, "Plan Rows": 1, "Plan Width": 4, "Actual Startup Time": 0.062, "Actual Total Time": 0.066, "Actual Rows": 1, "Actual Loops": 1, "Filter": "((info)::text = 'bottom 10 rank'::text)", "Rows Removed by Filter": 111}, {"Node Type": "Bitmap Heap Scan", "Parent Relationship": "Inner", "Relation Name": "movie_info_idx", "Alias": "mi_idx", "Startup Cost": 7502.06, "Total Cost": 18288.66, "Plan Rows": 345008, "Plan Width": 8, "Actual Startup Time": 0.04, "Actual Total Time": 0.04, "Actual Rows": 10, "Actual Loops": 1, "Recheck Cond": "(info_type_id = it.id), (LLVM Optimized, Jit Execute)", "Rows Removed by Index Recheck": 0, "Exact Heap Blocks": 1, "Lossy Heap Blocks": 1, "Plans": [{"Node Type": "Bitmap Index Scan", "Parent Relationship": "Outer", "Index Name": "info_type_id_movie_info_idx", "Startup Cost": 0.0, "Total Cost": 7415.81, "Plan Rows": 345008, "Plan Width": 0, "Actual Startup Time": 0.016, "Actual Total Time": 0.016, "Actual Rows": 10, "Actual Loops": 1, "Index Cond": "(info_type_id = it.id)"}]}]}, {"Node Type": "Bitmap Heap Scan", "Parent Relationship": "Inner", "Relation Name": "title", "Alias": "t", "Startup Cost": 0.28, "Total Cost": 4.3, "Plan Rows": 1, "Plan Width": 25, "Actual Startup Time": 0.09, "Actual Total Time": 0.09, "Actual Rows": 6, "Actual Loops": 10, "Recheck Cond": "(id = mi_idx.movie_id)", "Rows Removed by Index Recheck": 0, "Filter": "(production_year > 2000)", "Rows Removed by Filter": 4, "Exact Heap Blocks": 10, "Lossy Heap Blocks": 10, "Plans": [{"Node Type": "Bitmap Index Scan", "Parent Relationship": "Outer", "Index Name": "title_pkey", "Startup Cost": 0.0, "Total Cost": 0.28, "Plan Rows": 1, "Plan Width": 0, "Actual Startup Time": 0.057, "Actual Total Time": 0.057, "Actual Rows": 10, "Actual Loops": 10, "Index Cond": "(id = mi_idx.movie_id)"}]}]}]}, {"Node Type": "Sort", "Parent Relationship": "Inner", "Startup Cost": 210118.25, "Total Cost": 213379.54, "Plan Rows": 1304518, "Plan Width": 28, "Actual Startup Time": 649.176, "Actual Total Time": 660.768, "Actual Rows": 124632, "Actual Loops": 1, "Sort Key": ["mc.movie_id"], "Sort Method": "quicksort", "Sort Space Used": 20170, "Sort Space Type": "Memory", "Plans": [{"Node Type": "Nested Loop", "Parent Relationship": "Outer", "Join Type": "Inner", "Startup Cost": 29270.61, "Total Cost": 77611.28, "Plan Rows": 1304518, "Plan Width": 28, "Actual Startup Time": 161.772, "Actual Total Time": 598.333, "Actual Rows": 140904, "Actual Loops": 1, "Inner Unique": false, "Plans": [{"Node Type": "Seq Scan", "Parent Relationship": "Outer", "Relation Name": "company_type", "Alias": "ct", "Startup Cost": 0.0, "Total Cost": 1.04, "Plan Rows": 1, "Plan Width": 4, "Actual Startup Time": 0.007, "Actual Total Time": 0.018, "Actual Rows": 1, "Actual Loops": 1, "Filter": "((kind)::text = 'production companies'::text)", "Rows Removed by Filter": 2}, {"Node Type": "Bitmap Heap Scan", "Parent Relationship": "Inner", "Relation Name": "movie_companies", "Alias": "mc", "Startup Cost": 29270.61, "Total Cost": 64565.07, "Plan Rows": 1304517, "Plan Width": 32, "Actual Startup Time": 161.761, "Actual Total Time": 570.426, "Actual Rows": 140904, "Actual Loops": 1, "Recheck Cond": "(company_type_id = ct.id), (LLVM Optimized, Jit Execute)", "Rows Removed by Index Recheck": 0, "Filter": "((note)::text !~~ '%(as Metro-Goldwyn-Mayer Pictures)%'::text), (LLVM Optimized, Jit Execute)", "Rows Removed by Filter": 1193979, "Exact Heap Blocks": 6196, "Lossy Heap Blocks": 6196, "Plans": [{"Node Type": "Bitmap Index Scan", "Parent Relationship": "Outer", "Index Name": "company_type_id_movie_companies", "Startup Cost": 0.0, "Total Cost": 28944.48, "Plan Rows": 1304564, "Plan Width": 0, "Actual Startup Time": 160.523, "Actual Total Time": 160.523, "Actual Rows": 1334883, "Actual Loops": 1, "Index Cond": "(company_type_id = ct.id)"}]}]}]}]}]}, "Triggers": [], "Planner Runtime": 6, "Total Runtime": 690.147, "Unique SQL Id": 2492542741}}, "(16, 87)": {"explain_plan": {"Plan": {"Node Type": "Aggregate", "Strategy": "Plain", "Startup Cost": 554320.87, "Total Cost": 554320.88, "Plan Rows": 1, "Plan Width": 113, "Plans": [{"Node Type": "Merge Join", "Parent Relationship": "Outer", "Join Type": "Inner", "Startup Cost": 520946.1, "Total Cost": 549441.67, "Plan Rows": 650559, "Plan Width": 45, "Inner Unique": true, "Merge Cond": "(mc.movie_id = t.id)", "Plans": [{"Node Type": "Merge Join", "Parent Relationship": "Outer", "Join Type": "Inner", "Startup Cost": 263616.8, "Total Cost": 277451.17, "Plan Rows": 501180, "Plan Width": 32, "Inner Unique": false, "Merge Cond": "(mi_idx.movie_id = mc.movie_id)", "Plans": [{"Node Type": "Sort", "Parent Relationship": "Outer", "Startup Cost": 53487.25, "Total Cost": 54349.77, "Plan Rows": 345008, "Plan Width": 4, "Sort Key": ["mi_idx.movie_id"], "Plans": [{"Node Type": "Nested Loop", "Parent Relationship": "Outer", "Join Type": "Inner", "Startup Cost": 7510.87, "Total Cost": 21752.95, "Plan Rows": 345008, "Plan Width": 4, "Inner Unique": false, "Plans": [{"Node Type": "Bitmap Heap Scan", "Parent Relationship": "Outer", "Relation Name": "info_type", "Alias": "it", "Startup Cost": 8.81, "Total Cost": 14.21, "Plan Rows": 1, "Plan Width": 4, "Filter": "((info)::text = 'bottom 10 rank'::text)", "Plans": [{"Node Type": "Bitmap Index Scan", "Parent Relationship": "Outer", "Index Name": "info_type_pkey", "Startup Cost": 0.0, "Total Cost": 8.81, "Plan Rows": 112, "Plan Width": 0}]}, {"Node Type": "Bitmap Heap Scan", "Parent Relationship": "Inner", "Relation Name": "movie_info_idx", "Alias": "mi_idx", "Startup Cost": 7502.06, "Total Cost": 18288.66, "Plan Rows": 345008, "Plan Width": 8, "Recheck Cond": "(info_type_id = it.id), (LLVM Optimized)", "Plans": [{"Node Type": "Bitmap Index Scan", "Parent Relationship": "Outer", "Index Name": "info_type_id_movie_info_idx", "Startup Cost": 0.0, "Total Cost": 7415.81, "Plan Rows": 345008, "Plan Width": 0, "Index Cond": "(info_type_id = it.id)"}]}]}]}, {"Node Type": "Sort", "Parent Relationship": "Inner", "Startup Cost": 210129.52, "Total Cost": 213390.81, "Plan Rows": 1304518, "Plan Width": 28, "Sort Key": ["mc.movie_id"], "Plans": [{"Node Type": "Nested Loop", "Parent Relationship": "Outer", "Join Type": "Inner", "Startup Cost": 29278.87, "Total Cost": 77622.54, "Plan Rows": 1304518, "Plan Width": 28, "Inner Unique": false, "Plans": [{"Node Type": "Bitmap Heap Scan", "Parent Relationship": "Outer", "Relation Name": "company_type", "Alias": "ct", "Startup Cost": 8.27, "Total Cost": 12.3, "Plan Rows": 1, "Plan Width": 4, "Filter": "((kind)::text = 'production companies'::text)", "Plans": [{"Node Type": "Bitmap Index Scan", "Parent Relationship": "Outer", "Index Name": "company_type_pkey", "Startup Cost": 0.0, "Total Cost": 8.27, "Plan Rows": 3, "Plan Width": 0}]}, {"Node Type": "Bitmap Heap Scan", "Parent Relationship": "Inner", "Relation Name": "movie_companies", "Alias": "mc", "Startup Cost": 29270.61, "Total Cost": 64565.07, "Plan Rows": 1304517, "Plan Width": 32, "Recheck Cond": "(company_type_id = ct.id), (LLVM Optimized)", "Filter": "((note)::text !~~ '%(as Metro-Goldwyn-Mayer Pictures)%'::text), (LLVM Optimized)", "Plans": [{"Node Type": "Bitmap Index Scan", "Parent Relationship": "Outer", "Index Name": "company_type_id_movie_companies", "Startup Cost": 0.0, "Total Cost": 28944.48, "Plan Rows": 1304564, "Plan Width": 0, "Index Cond": "(company_type_id = ct.id)"}]}]}]}]}, {"Node Type": "Sort", "Parent Relationship": "Inner", "Startup Cost": 257329.15, "Total Cost": 260783.86, "Plan Rows": 1381886, "Plan Width": 25, "Sort Key": ["t.id"], "Plans": [{"Node Type": "Bitmap Heap Scan", "Parent Relationship": "Outer", "Relation Name": "title", "Alias": "t", "Startup Cost": 49999.28, "Total Cost": 116389.16, "Plan Rows": 1381886, "Plan Width": 25, "Filter": "(production_year > 2000), (LLVM Optimized)", "Plans": [{"Node Type": "Bitmap Index Scan", "Parent Relationship": "Outer", "Index Name": "title_pkey", "Startup Cost": 0.0, "Total Cost": 49653.81, "Plan Rows": 2528311, "Plan Width": 0}]}]}]}]}, "Unique SQL Id": 2492542741, "Planner Runtime": 6}, "explain_analyze_plan": null}, "(16, 88)": {"explain_plan": {"Plan": {"Node Type": "Aggregate", "Strategy": "Plain", "Startup Cost": 442395.19, "Total Cost": 442395.2, "Plan Rows": 1, "Plan Width": 113, "Plans": [{"Node Type": "Nested Loop", "Parent Relationship": "Outer", "Join Type": "Inner", "Startup Cost": 255832.53, "Total Cost": 437516.0, "Plan Rows": 650559, "Plan Width": 45, "Inner Unique": true, "Plans": [{"Node Type": "Merge Join", "Parent Relationship": "Outer", "Join Type": "Inner", "Startup Cost": 255832.53, "Total Cost": 262094.14, "Plan Rows": 501180, "Plan Width": 32, "Inner Unique": false, "Merge Cond": "(ct.id = mc.company_type_id)", "Plans": [{"Node Type": "Sort", "Parent Relationship": "Outer", "Startup Cost": 1.05, "Total Cost": 1.05, "Plan Rows": 1, "Plan Width": 4, "Sort Key": ["ct.id"], "Plans": [{"Node Type": "Seq Scan", "Parent Relationship": "Outer", "Relation Name": "company_type", "Alias": "ct", "Startup Cost": 0.0, "Total Cost": 1.04, "Plan Rows": 1, "Plan Width": 4, "Filter": "((kind)::text = 'production companies'::text)"}]}, {"Node Type": "Sort", "Parent Relationship": "Inner", "Startup Cost": 253802.62, "Total Cost": 255875.24, "Plan Rows": 829046, "Plan Width": 36, "Sort Key": ["mc.company_type_id"], "Plans": [{"Node Type": "Nested Loop", "Parent Relationship": "Outer", "Join Type": "Inner", "Startup Cost": 0.0, "Total Cost": 172302.87, "Plan Rows": 829046, "Plan Width": 36, "Inner Unique": false, "Plans": [{"Node Type": "Nested Loop", "Parent Relationship": "Outer", "Join Type": "Inner", "Startup Cost": 0.0, "Total Cost": 38326.39, "Plan Rows": 345008, "Plan Width": 4, "Inner Unique": false, "Plans": [{"Node Type": "Seq Scan", "Parent Relationship": "Outer", "Relation Name": "info_type", "Alias": "it", "Startup Cost": 0.0, "Total Cost": 2.4, "Plan Rows": 1, "Plan Width": 4, "Filter": "((info)::text = 'bottom 10 rank'::text)"}, {"Node Type": "Index Scan", "Parent Relationship": "Inner", "Scan Direction": "Forward", "Index Name": "info_type_id_movie_info_idx", "Relation Name": "movie_info_idx", "Alias": "mi_idx", "Startup Cost": 0.0, "Total Cost": 34873.91, "Plan Rows": 345008, "Plan Width": 8, "Index Cond": "(info_type_id = it.id), (LLVM Optimized)"}]}, {"Node Type": "Index Scan", "Parent Relationship": "Inner", "Scan Direction": "Forward", "Index Name": "movie_id_movie_companies", "Relation Name": "movie_companies", "Alias": "mc", "Startup Cost": 0.0, "Total Cost": 0.37, "Plan Rows": 2, "Plan Width": 32, "Index Cond": "(movie_id = mi_idx.movie_id)", "Filter": "((note)::text !~~ '%(as Metro-Goldwyn-Mayer Pictures)%'::text)"}]}]}]}, {"Node Type": "Index Scan", "Parent Relationship": "Inner", "Scan Direction": "Forward", "Index Name": "title_pkey", "Relation Name": "title", "Alias": "t", "Startup Cost": 0.0, "Total Cost": 0.34, "Plan Rows": 1, "Plan Width": 25, "Index Cond": "(id = mc.movie_id)", "Filter": "(production_year > 2000)"}]}]}, "Unique SQL Id": 2492542741, "Planner Runtime": 7}, "explain_analyze_plan": {"Plan": {"Node Type": "Aggregate", "Strategy": "Plain", "Startup Cost": 442395.19, "Total Cost": 442395.2, "Plan Rows": 1, "Plan Width": 113, "Actual Startup Time": 0.574, "Actual Total Time": 0.574, "Actual Rows": 1, "Actual Loops": 1, "Plans": [{"Node Type": "Nested Loop", "Parent Relationship": "Outer", "Join Type": "Inner", "Startup Cost": 255832.53, "Total Cost": 437516.0, "Plan Rows": 650559, "Plan Width": 45, "Actual Startup Time": 0.532, "Actual Total Time": 0.559, "Actual Rows": 4, "Actual Loops": 1, "Inner Unique": true, "Plans": [{"Node Type": "Merge Join", "Parent Relationship": "Outer", "Join Type": "Inner", "Startup Cost": 255832.53, "Total Cost": 262094.14, "Plan Rows": 501180, "Plan Width": 32, "Actual Startup Time": 0.497, "Actual Total Time": 0.5, "Actual Rows": 5, "Actual Loops": 1, "Inner Unique": false, "Merge Cond": "(ct.id = mc.company_type_id)", "Plans": [{"Node Type": "Sort", "Parent Relationship": "Outer", "Startup Cost": 1.05, "Total Cost": 1.05, "Plan Rows": 1, "Plan Width": 4, "Actual Startup Time": 0.032, "Actual Total Time": 0.032, "Actual Rows": 1, "Actual Loops": 1, "Sort Key": ["ct.id"], "Sort Method": "quicksort", "Sort Space Used": 25, "Sort Space Type": "Memory", "Plans": [{"Node Type": "Seq Scan", "Parent Relationship": "Outer", "Relation Name": "company_type", "Alias": "ct", "Startup Cost": 0.0, "Total Cost": 1.04, "Plan Rows": 1, "Plan Width": 4, "Actual Startup Time": 0.017, "Actual Total Time": 0.019, "Actual Rows": 1, "Actual Loops": 1, "Filter": "((kind)::text = 'production companies'::text)", "Rows Removed by Filter": 2}]}, {"Node Type": "Sort", "Parent Relationship": "Inner", "Startup Cost": 253802.62, "Total Cost": 255875.24, "Plan Rows": 829046, "Plan Width": 36, "Actual Startup Time": 0.437, "Actual Total Time": 0.446, "Actual Rows": 100, "Actual Loops": 1, "Sort Key": ["mc.company_type_id"], "Sort Method": "quicksort", "Sort Space Used": 36, "Sort Space Type": "Memory", "Plans": [{"Node Type": "Nested Loop", "Parent Relationship": "Outer", "Join Type": "Inner", "Startup Cost": 0.0, "Total Cost": 172302.87, "Plan Rows": 829046, "Plan Width": 36, "Actual Startup Time": 0.097, "Actual Total Time": 0.39, "Actual Rows": 100, "Actual Loops": 1, "Inner Unique": false, "Plans": [{"Node Type": "Nested Loop", "Parent Relationship": "Outer", "Join Type": "Inner", "Startup Cost": 0.0, "Total Cost": 38326.39, "Plan Rows": 345008, "Plan Width": 4, "Actual Startup Time": 0.073, "Actual Total Time": 0.082, "Actual Rows": 10, "Actual Loops": 1, "Inner Unique": false, "Plans": [{"Node Type": "Seq Scan", "Parent Relationship": "Outer", "Relation Name": "info_type", "Alias": "it", "Startup Cost": 0.0, "Total Cost": 2.4, "Plan Rows": 1, "Plan Width": 4, "Actual Startup Time": 0.049, "Actual Total Time": 0.052, "Actual Rows": 1, "Actual Loops": 1, "Filter": "((info)::text = 'bottom 10 rank'::text)", "Rows Removed by Filter": 111}, {"Node Type": "Index Scan", "Parent Relationship": "Inner", "Scan Direction": "Forward", "Index Name": "info_type_id_movie_info_idx", "Relation Name": "movie_info_idx", "Alias": "mi_idx", "Startup Cost": 0.0, "Total Cost": 34873.91, "Plan Rows": 345008, "Plan Width": 8, "Actual Startup Time": 0.02, "Actual Total Time": 0.025, "Actual Rows": 10, "Actual Loops": 1, "Index Cond": "(info_type_id = it.id), (LLVM Optimized)", "Rows Removed by Index Recheck": 0}]}, {"Node Type": "Index Scan", "Parent Relationship": "Inner", "Scan Direction": "Forward", "Index Name": "movie_id_movie_companies", "Relation Name": "movie_companies", "Alias": "mc", "Startup Cost": 0.0, "Total Cost": 0.37, "Plan Rows": 2, "Plan Width": 32, "Actual Startup Time": 0.162, "Actual Total Time": 0.279, "Actual Rows": 100, "Actual Loops": 10, "Index Cond": "(movie_id = mi_idx.movie_id)", "Rows Removed by Index Recheck": 0, "Filter": "((note)::text !~~ '%(as Metro-Goldwyn-Mayer Pictures)%'::text)", "Rows Removed by Filter": 20}]}]}]}, {"Node Type": "Index Scan", "Parent Relationship": "Inner", "Scan Direction": "Forward", "Index Name": "title_pkey", "Relation Name": "title", "Alias": "t", "Startup Cost": 0.0, "Total Cost": 0.34, "Plan Rows": 1, "Plan Width": 25, "Actual Startup Time": 0.053, "Actual Total Time": 0.053, "Actual Rows": 4, "Actual Loops": 5, "Index Cond": "(id = mc.movie_id)", "Rows Removed by Index Recheck": 0, "Filter": "(production_year > 2000)", "Rows Removed by Filter": 1}]}]}, "Triggers": [], "Planner Runtime": 8, "Total Runtime": 11.189, "Unique SQL Id": 2492542741}}, "(16, 89)": {"explain_plan": {"Plan": {"Node Type": "Aggregate", "Strategy": "Plain", "Startup Cost": 442418.25, "Total Cost": 442418.26, "Plan Rows": 1, "Plan Width": 113, "Plans": [{"Node Type": "Nested Loop", "Parent Relationship": "Outer", "Join Type": "Inner", "Startup Cost": 255843.29, "Total Cost": 437539.06, "Plan Rows": 650559, "Plan Width": 45, "Inner Unique": true, "Plans": [{"Node Type": "Merge Join", "Parent Relationship": "Outer", "Join Type": "Inner", "Startup Cost": 255843.29, "Total Cost": 262117.2, "Plan Rows": 501180, "Plan Width": 32, "Inner Unique": false, "Merge Cond": "(ct.id = mc.company_type_id)", "Plans": [{"Node Type": "Index Scan", "Parent Relationship": "Outer", "Scan Direction": "Forward", "Index Name": "company_type_pkey", "Relation Name": "company_type", "Alias": "ct", "Startup Cost": 0.0, "Total Cost": 12.3, "Plan Rows": 1, "Plan Width": 4, "Filter": "((kind)::text = 'production companies'::text)"}, {"Node Type": "Sort", "Parent Relationship": "Inner", "Startup Cost": 253814.43, "Total Cost": 255887.05, "Plan Rows": 829046, "Plan Width": 36, "Sort Key": ["mc.company_type_id"], "Plans": [{"Node Type": "Nested Loop", "Parent Relationship": "Outer", "Join Type": "Inner", "Startup Cost": 0.0, "Total Cost": 172314.68, "Plan Rows": 829046, "Plan Width": 36, "Inner Unique": false, "Plans": [{"Node Type": "Nested Loop", "Parent Relationship": "Outer", "Join Type": "Inner", "Startup Cost": 0.0, "Total Cost": 38338.2, "Plan Rows": 345008, "Plan Width": 4, "Inner Unique": false, "Plans": [{"Node Type": "Index Scan", "Parent Relationship": "Outer", "Scan Direction": "Forward", "Index Name": "info_type_pkey", "Relation Name": "info_type", "Alias": "it", "Startup Cost": 0.0, "Total Cost": 14.21, "Plan Rows": 1, "Plan Width": 4, "Filter": "((info)::text = 'bottom 10 rank'::text)"}, {"Node Type": "Index Scan", "Parent Relationship": "Inner", "Scan Direction": "Forward", "Index Name": "info_type_id_movie_info_idx", "Relation Name": "movie_info_idx", "Alias": "mi_idx", "Startup Cost": 0.0, "Total Cost": 34873.91, "Plan Rows": 345008, "Plan Width": 8, "Index Cond": "(info_type_id = it.id), (LLVM Optimized)"}]}, {"Node Type": "Index Scan", "Parent Relationship": "Inner", "Scan Direction": "Forward", "Index Name": "movie_id_movie_companies", "Relation Name": "movie_companies", "Alias": "mc", "Startup Cost": 0.0, "Total Cost": 0.37, "Plan Rows": 2, "Plan Width": 32, "Index Cond": "(movie_id = mi_idx.movie_id)", "Filter": "((note)::text !~~ '%(as Metro-Goldwyn-Mayer Pictures)%'::text)"}]}]}]}, {"Node Type": "Index Scan", "Parent Relationship": "Inner", "Scan Direction": "Forward", "Index Name": "title_pkey", "Relation Name": "title", "Alias": "t", "Startup Cost": 0.0, "Total Cost": 0.34, "Plan Rows": 1, "Plan Width": 25, "Index Cond": "(id = mc.movie_id)", "Filter": "(production_year > 2000)"}]}]}, "Unique SQL Id": 2492542741, "Planner Runtime": 8}, "explain_analyze_plan": {"Plan": {"Node Type": "Aggregate", "Strategy": "Plain", "Startup Cost": 442418.25, "Total Cost": 442418.26, "Plan Rows": 1, "Plan Width": 113, "Actual Startup Time": 0.443, "Actual Total Time": 0.443, "Actual Rows": 1, "Actual Loops": 1, "Plans": [{"Node Type": "Nested Loop", "Parent Relationship": "Outer", "Join Type": "Inner", "Startup Cost": 255843.29, "Total Cost": 437539.06, "Plan Rows": 650559, "Plan Width": 45, "Actual Startup Time": 0.406, "Actual Total Time": 0.43, "Actual Rows": 4, "Actual Loops": 1, "Inner Unique": true, "Plans": [{"Node Type": "Merge Join", "Parent Relationship": "Outer", "Join Type": "Inner", "Startup Cost": 255843.29, "Total Cost": 262117.2, "Plan Rows": 501180, "Plan Width": 32, "Actual Startup Time": 0.385, "Actual Total Time": 0.393, "Actual Rows": 5, "Actual Loops": 1, "Inner Unique": false, "Merge Cond": "(ct.id = mc.company_type_id)", "Plans": [{"Node Type": "Index Scan", "Parent Relationship": "Outer", "Scan Direction": "Forward", "Index Name": "company_type_pkey", "Relation Name": "company_type", "Alias": "ct", "Startup Cost": 0.0, "Total Cost": 12.3, "Plan Rows": 1, "Plan Width": 4, "Actual Startup Time": 0.018, "Actual Total Time": 0.021, "Actual Rows": 1, "Actual Loops": 1, "Filter": "((kind)::text = 'production companies'::text)", "Rows Removed by Filter": 2}, {"Node Type": "Sort", "Parent Relationship": "Inner", "Startup Cost": 253814.43, "Total Cost": 255887.05, "Plan Rows": 829046, "Plan Width": 36, "Actual Startup Time": 0.341, "Actual Total Time": 0.35, "Actual Rows": 100, "Actual Loops": 1, "Sort Key": ["mc.company_type_id"], "Sort Method": "quicksort", "Sort Space Used": 36, "Sort Space Type": "Memory", "Plans": [{"Node Type": "Nested Loop", "Parent Relationship": "Outer", "Join Type": "Inner", "Startup Cost": 0.0, "Total Cost": 172314.68, "Plan Rows": 829046, "Plan Width": 36, "Actual Startup Time": 0.085, "Actual Total Time": 0.296, "Actual Rows": 100, "Actual Loops": 1, "Inner Unique": false, "Plans": [{"Node Type": "Nested Loop", "Parent Relationship": "Outer", "Join Type": "Inner", "Startup Cost": 0.0, "Total Cost": 38338.2, "Plan Rows": 345008, "Plan Width": 4, "Actual Startup Time": 0.071, "Actual Total Time": 0.08, "Actual Rows": 10, "Actual Loops": 1, "Inner Unique": false, "Plans": [{"Node Type": "Index Scan", "Parent Relationship": "Outer", "Scan Direction": "Forward", "Index Name": "info_type_pkey", "Relation Name": "info_type", "Alias": "it", "Startup Cost": 0.0, "Total Cost": 14.21, "Plan Rows": 1, "Plan Width": 4, "Actual Startup Time": 0.059, "Actual Total Time": 0.059, "Actual Rows": 1, "Actual Loops": 1, "Filter": "((info)::text = 'bottom 10 rank'::text)", "Rows Removed by Filter": 111}, {"Node Type": "Index Scan", "Parent Relationship": "Inner", "Scan Direction": "Forward", "Index Name": "info_type_id_movie_info_idx", "Relation Name": "movie_info_idx", "Alias": "mi_idx", "Startup Cost": 0.0, "Total Cost": 34873.91, "Plan Rows": 345008, "Plan Width": 8, "Actual Startup Time": 0.009, "Actual Total Time": 0.014, "Actual Rows": 10, "Actual Loops": 1, "Index Cond": "(info_type_id = it.id), (LLVM Optimized)", "Rows Removed by Index Recheck": 0}]}, {"Node Type": "Index Scan", "Parent Relationship": "Inner", "Scan Direction": "Forward", "Index Name": "movie_id_movie_companies", "Relation Name": "movie_companies", "Alias": "mc", "Startup Cost": 0.0, "Total Cost": 0.37, "Plan Rows": 2, "Plan Width": 32, "Actual Startup Time": 0.093, "Actual Total Time": 0.184, "Actual Rows": 100, "Actual Loops": 10, "Index Cond": "(movie_id = mi_idx.movie_id)", "Rows Removed by Index Recheck": 0, "Filter": "((note)::text !~~ '%(as Metro-Goldwyn-Mayer Pictures)%'::text)", "Rows Removed by Filter": 20}]}]}]}, {"Node Type": "Index Scan", "Parent Relationship": "Inner", "Scan Direction": "Forward", "Index Name": "title_pkey", "Relation Name": "title", "Alias": "t", "Startup Cost": 0.0, "Total Cost": 0.34, "Plan Rows": 1, "Plan Width": 25, "Actual Startup Time": 0.032, "Actual Total Time": 0.032, "Actual Rows": 4, "Actual Loops": 5, "Index Cond": "(id = mc.movie_id)", "Rows Removed by Index Recheck": 0, "Filter": "(production_year > 2000)", "Rows Removed by Filter": 1}]}]}, "Triggers": [], "Planner Runtime": 8, "Total Runtime": 9.923, "Unique SQL Id": 2492542741}}, "(16, 90)": {"explain_plan": {"Plan": {"Node Type": "Aggregate", "Strategy": "Plain", "Startup Cost": 12103177639323.17, "Total Cost": 12103177639323.2, "Plan Rows": 1, "Plan Width": 113, "Plans": [{"Node Type": "Streaming(type: LOCAL GATHER dop: 1/16)", "Parent Relationship": "Outer", "Startup Cost": 12103177639323.17, "Total Cost": 12103177639323.2, "Plan Rows": 1, "Plan Width": 113, "Plans": [{"Node Type": "Aggregate", "Strategy": "Plain", "Parent Relationship": "Outer", "Startup Cost": 12103177639323.17, "Total Cost": 12103177639323.18, "Plan Rows": 1, "Plan Width": 113, "Plans": [{"Node Type": "Nested Loop", "Parent Relationship": "Outer", "Join Type": "Inner", "Startup Cost": 40000000000.0, "Total Cost": 12103177634539.03, "Plan Rows": 637886, "Plan Width": 45, "Inner Unique": false, "Join Filter": "(mc.movie_id = t.id), (LLVM Optimized)", "Plans": [{"Node Type": "Streaming(type: LOCAL REDISTRIBUTE dop: 16/16)", "Parent Relationship": "Outer", "Startup Cost": 10000000000.0, "Total Cost": 100000370552.38, "Plan Rows": 1304518, "Plan Width": 28, "Plans": [{"Node Type": "Nested Loop", "Parent Relationship": "Outer", "Join Type": "Inner", "Startup Cost": 10000000000.0, "Total Cost": 100000350609.48, "Plan Rows": 1304518, "Plan Width": 28, "Inner Unique": false, "Join Filter": "(ct.id = mc.company_type_id), (LLVM Optimized)", "Plans": [{"Node Type": "Streaming(type: BROADCAST dop: 16/1)", "Parent Relationship": "Outer", "Startup Cost": 0.0, "Total Cost": 15001.38, "Plan Rows": 16, "Plan Width": 4, "Plans": [{"Node Type": "Seq Scan", "Parent Relationship": "Outer", "Relation Name": "company_type", "Alias": "ct", "Startup Cost": 0.0, "Total Cost": 1.04, "Plan Rows": 1, "Plan Width": 4, "Filter": "((kind)::text = 'production companies'::text)"}]}, {"Node Type": "Seq Scan", "Parent Relationship": "Inner", "Relation Name": "movie_companies", "Alias": "mc", "Startup Cost": 0.0, "Total Cost": 18021.26, "Plan Rows": 2609035, "Plan Width": 32, "Filter": "((note)::text !~~ '%(as Metro-Goldwyn-Mayer Pictures)%'::text), (LLVM Optimized)"}]}]}, {"Node Type": "Materialize", "Parent Relationship": "Inner", "Startup Cost": 20000000000.0, "Total Cost": 1100283161680.29, "Plan Rows": 447839, "Plan Width": 29, "Plans": [{"Node Type": "Streaming(type: LOCAL REDISTRIBUTE dop: 16/16)", "Parent Relationship": "Outer", "Startup Cost": 20000000000.0, "Total Cost": 1100283161540.34, "Plan Rows": 447839, "Plan Width": 29, "Plans": [{"Node Type": "Nested Loop", "Parent Relationship": "Outer", "Join Type": "Inner", "Startup Cost": 20000000000.0, "Total Cost": 1100283144843.45, "Plan Rows": 447839, "Plan Width": 29, "Inner Unique": false, "Join Filter": "(mi_idx.movie_id = t.id), (LLVM Optimized)", "Plans": [{"Node Type": "Streaming(type: LOCAL REDISTRIBUTE dop: 16/16)", "Parent Relationship": "Outer", "Startup Cost": 0.0, "Total Cost": 39385.42, "Plan Rows": 1381886, "Plan Width": 25, "Plans": [{"Node Type": "Seq Scan", "Parent Relationship": "Outer", "Relation Name": "title", "Alias": "t", "Startup Cost": 0.0, "Total Cost": 19149.37, "Plan Rows": 1381886, "Plan Width": 25, "Filter": "(production_year > 2000), (LLVM Optimized)"}]}, {"Node Type": "Materialize", "Parent Relationship": "Inner", "Startup Cost": 10000000000.0, "Total Cost": 100000339895.5, "Plan Rows": 345008, "Plan Width": 4, "Plans": [{"Node Type": "Streaming(type: LOCAL REDISTRIBUTE dop: 16/16)", "Parent Relationship": "Outer", "Startup Cost": 10000000000.0, "Total Cost": 100000339787.69, "Plan Rows": 345008, "Plan Width": 4, "Plans": [{"Node Type": "Nested Loop", "Parent Relationship": "Outer", "Join Type": "Inner", "Startup Cost": 10000000000.0, "Total Cost": 100000323480.43, "Plan Rows": 345008, "Plan Width": 4, "Inner Unique": false, "Join Filter": "(it.id = mi_idx.info_type_id), (LLVM Optimized)", "Plans": [{"Node Type": "Streaming(type: BROADCAST dop: 16/1)", "Parent Relationship": "Outer", "Startup Cost": 0.0, "Total Cost": 15002.75, "Plan Rows": 16, "Plan Width": 4, "Plans": [{"Node Type": "Seq Scan", "Parent Relationship": "Outer", "Relation Name": "info_type", "Alias": "it", "Startup Cost": 0.0, "Total Cost": 2.4, "Plan Rows": 1, "Plan Width": 4, "Filter": "((info)::text = 'bottom 10 rank'::text)"}]}, {"Node Type": "Seq Scan", "Parent Relationship": "Inner", "Relation Name": "movie_info_idx", "Alias": "mi_idx", "Startup Cost": 0.0, "Total Cost": 16267.15, "Plan Rows": 1380034, "Plan Width": 8}]}]}]}]}]}]}]}]}]}]}, "Unique SQL Id": 2492542741, "Planner Runtime": 9}, "explain_analyze_plan": {"Plan": {"Node Type": "Aggregate", "Strategy": "Plain", "Startup Cost": 12103177639323.17, "Total Cost": 12103177639323.2, "Plan Rows": 1, "Plan Width": 113, "Actual Min Startup Time": 535.165, "Actual Max Startup Time": 535.165, "Actual Min Total Time": 535.166, "Actual Max Total Time": 535.166, "Plans": [{"Node Type": "Streaming(type: LOCAL GATHER dop: 1/16)", "Parent Relationship": "Outer", "Startup Cost": 12103177639323.17, "Total Cost": 12103177639323.2, "Plan Rows": 1, "Plan Width": 113, "Actual Min Startup Time": 535.032, "Actual Max Startup Time": 535.032, "Actual Min Total Time": 535.13, "Actual Max Total Time": 535.13, "Plans": [{"Node Type": "Aggregate", "Strategy": "Plain", "Parent Relationship": "Outer", "Startup Cost": 12103177639323.17, "Total Cost": 12103177639323.18, "Plan Rows": 1, "Plan Width": 113, "Actual Min Startup Time": 287.577, "Actual Max Startup Time": 437.872, "Actual Min Total Time": 287.578, "Actual Max Total Time": 437.872, "Plans": [{"Node Type": "Nested Loop", "Parent Relationship": "Outer", "Join Type": "Inner", "Startup Cost": 40000000000.0, "Total Cost": 12103177634539.03, "Plan Rows": 637886, "Plan Width": 45, "Actual Min Startup Time": 285.137, "Actual Max Startup Time": 437.865, "Actual Min Total Time": 287.573, "Actual Max Total Time": 437.865, "Inner Unique": false, "Join Filter": "(mc.movie_id = t.id), (LLVM Optimized)", "Rows Removed by Join Filter": 53201, "Plans": [{"Node Type": "Streaming(type: LOCAL REDISTRIBUTE dop: 16/16)", "Parent Relationship": "Outer", "Startup Cost": 10000000000.0, "Total Cost": 100000370552.38, "Plan Rows": 1304518, "Plan Width": 28, "Actual Min Startup Time": 0.056, "Actual Max Startup Time": 0.218, "Actual Min Total Time": 27.677, "Actual Max Total Time": 30.689, "Plans": [{"Node Type": "Nested Loop", "Parent Relationship": "Outer", "Join Type": "Inner", "Startup Cost": 10000000000.0, "Total Cost": 100000350609.48, "Plan Rows": 1304518, "Plan Width": 28, "Actual Min Startup Time": 49.509, "Actual Max Startup Time": 56.866, "Actual Min Total Time": 72.076, "Actual Max Total Time": 82.95, "Inner Unique": false, "Join Filter": "(ct.id = mc.company_type_id), (LLVM Optimized)", "Rows Removed by Join Filter": 1196183, "Plans": [{"Node Type": "Streaming(type: BROADCAST dop: 16/1)", "Parent Relationship": "Outer", "Startup Cost": 0.0, "Total Cost": 15001.38, "Plan Rows": 16, "Plan Width": 4, "Actual Min Startup Time": 0.003, "Actual Max Startup Time": 0.009, "Actual Min Total Time": 0.005, "Actual Max Total Time": 0.011, "Plans": [{"Node Type": "Seq Scan", "Parent Relationship": "Outer", "Relation Name": "company_type", "Alias": "ct", "Startup Cost": 0.0, "Total Cost": 1.04, "Plan Rows": 1, "Plan Width": 4, "Actual Min Startup Time": 0.023, "Actual Max Startup Time": 0.023, "Actual Min Total Time": 0.026, "Actual Max Total Time": 0.026, "Filter": "((kind)::text = 'production companies'::text)", "Rows Removed by Filter": 2, "Actual Rows": 1}], "Actual Rows": 16}, {"Node Type": "Seq Scan", "Parent Relationship": "Inner", "Relation Name": "movie_companies", "Alias": "mc", "Startup Cost": 0.0, "Total Cost": 18021.26, "Plan Rows": 2609035, "Plan Width": 32, "Actual Min Startup Time": 0.031, "Actual Max Startup Time": 0.057, "Actual Min Total Time": 56.988, "Actual Max Total Time": 64.706, "Filter": "((note)::text !~~ '%(as Metro-Goldwyn-Mayer Pictures)%'::text), (LLVM Optimized)", "Rows Removed by Filter": 1272041, "Actual Rows": 1337087}], "Actual Rows": 140904}], "Actual Rows": 140904}, {"Node Type": "Materialize", "Parent Relationship": "Inner", "Startup Cost": 20000000000.0, "Total Cost": 1100283161680.29, "Plan Rows": 447839, "Plan Width": 29, "Actual Min Startup Time": 255.58, "Actual Max Startup Time": 405.755, "Actual Min Total Time": 255.58, "Actual Max Total Time": 406.541, "Plans": [{"Node Type": "Streaming(type: LOCAL REDISTRIBUTE dop: 16/16)", "Parent Relationship": "Outer", "Startup Cost": 20000000000.0, "Total Cost": 1100283161540.34, "Plan Rows": 447839, "Plan Width": 29, "Actual Min Startup Time": 254.637, "Actual Max Startup Time": 404.876, "Actual Min Total Time": 254.637, "Actual Max Total Time": 404.911, "Plans": [{"Node Type": "Nested Loop", "Parent Relationship": "Outer", "Join Type": "Inner", "Startup Cost": 20000000000.0, "Total Cost": 1100283144843.45, "Plan Rows": 447839, "Plan Width": 29, "Actual Min Startup Time": 145.374, "Actual Max Startup Time": 379.059, "Actual Min Total Time": 256.896, "Actual Max Total Time": 379.059, "Inner Unique": false, "Join Filter": "(mi_idx.movie_id = t.id), (LLVM Optimized)", "Rows Removed by Join Filter": 863716, "Plans": [{"Node Type": "Streaming(type: LOCAL REDISTRIBUTE dop: 16/16)", "Parent Relationship": "Outer", "Startup Cost": 0.0, "Total Cost": 39385.42, "Plan Rows": 1381886, "Plan Width": 25, "Actual Min Startup Time": 0.059, "Actual Max Startup Time": 0.413, "Actual Min Total Time": 142.11, "Actual Max Total Time": 191.204, "Plans": [{"Node Type": "Seq Scan", "Parent Relationship": "Outer", "Relation Name": "title", "Alias": "t", "Startup Cost": 0.0, "Total Cost": 19149.37, "Plan Rows": 1381886, "Plan Width": 25, "Actual Min Startup Time": 0.029, "Actual Max Startup Time": 0.044, "Actual Min Total Time": 61.272, "Actual Max Total Time": 69.968, "Filter": "(production_year > 2000), (LLVM Optimized)", "Rows Removed by Filter": 1146858, "Actual Rows": 1381453}], "Actual Rows": 1381453}, {"Node Type": "Materialize", "Parent Relationship": "Inner", "Startup Cost": 10000000000.0, "Total Cost": 100000339895.5, "Plan Rows": 345008, "Plan Width": 4, "Actual Min Startup Time": 50.665, "Actual Max Startup Time": 175.018, "Actual Min Total Time": 53.023, "Actual Max Total Time": 175.018, "Plans": [{"Node Type": "Streaming(type: LOCAL REDISTRIBUTE dop: 16/16)", "Parent Relationship": "Outer", "Startup Cost": 10000000000.0, "Total Cost": 100000339787.69, "Plan Rows": 345008, "Plan Width": 4, "Actual Min Startup Time": 0.024, "Actual Max Startup Time": 164.24, "Actual Min Total Time": 42.128, "Actual Max Total Time": 164.24, "Plans": [{"Node Type": "Nested Loop", "Parent Relationship": "Outer", "Join Type": "Inner", "Startup Cost": 10000000000.0, "Total Cost": 100000323480.43, "Plan Rows": 345008, "Plan Width": 4, "Actual Min Startup Time": 34.792, "Actual Max Startup Time": 47.412, "Actual Min Total Time": 34.792, "Actual Max Total Time": 47.412, "Inner Unique": false, "Join Filter": "(it.id = mi_idx.info_type_id), (LLVM Optimized)", "Rows Removed by Join Filter": 1380024, "Plans": [{"Node Type": "Streaming(type: BROADCAST dop: 16/1)", "Parent Relationship": "Outer", "Startup Cost": 0.0, "Total Cost": 15002.75, "Plan Rows": 16, "Plan Width": 4, "Actual Min Startup Time": 0.004, "Actual Max Startup Time": 12.229, "Actual Min Total Time": 0.004, "Actual Max Total Time": 12.231, "Plans": [{"Node Type": "Seq Scan", "Parent Relationship": "Outer", "Relation Name": "info_type", "Alias": "it", "Startup Cost": 0.0, "Total Cost": 2.4, "Plan Rows": 1, "Plan Width": 4, "Actual Min Startup Time": 0.068, "Actual Max Startup Time": 0.068, "Actual Min Total Time": 0.071, "Actual Max Total Time": 0.071, "Filter": "((info)::text = 'bottom 10 rank'::text)", "Rows Removed by Filter": 111, "Actual Rows": 1}], "Actual Rows": 16}, {"Node Type": "Seq Scan", "Parent Relationship": "Inner", "Relation Name": "movie_info_idx", "Alias": "mi_idx", "Startup Cost": 0.0, "Total Cost": 16267.15, "Plan Rows": 1380034, "Plan Width": 8, "Actual Min Startup Time": 0.036, "Actual Max Startup Time": 0.054, "Actual Min Total Time": 18.613, "Actual Max Total Time": 22.211, "Actual Rows": 1380034}], "Actual Rows": 10}], "Actual Rows": 10}], "Actual Rows": 863730}], "Actual Rows": 6}], "Actual Rows": 6}], "Actual Rows": 53211}], "Actual Rows": 4}], "Actual Rows": 16}], "Actual Rows": 16}], "Actual Rows": 1}, "Triggers": [], "Planner Runtime": 9, "Total Runtime": 564.437, "Unique SQL Id": 2492542741}}, "(16, 91)": {"explain_plan": {"Plan": {"Node Type": "Aggregate", "Strategy": "Plain", "Startup Cost": 4997223600987.78, "Total Cost": 4997223600987.79, "Plan Rows": 1, "Plan Width": 113, "Plans": [{"Node Type": "Merge Join", "Parent Relationship": "Outer", "Join Type": "Inner", "Startup Cost": 4007223586908.76, "Total Cost": 4997223596108.58, "Plan Rows": 650559, "Plan Width": 45, "Inner Unique": false, "Merge Cond": "(ct.id = mc.company_type_id)", "Plans": [{"Node Type": "Index Scan", "Parent Relationship": "Outer", "Scan Direction": "Forward", "Index Name": "company_type_pkey", "Relation Name": "company_type", "Alias": "ct", "Startup Cost": 10000000000.0, "Total Cost": 1000000001230.25, "Plan Rows": 1, "Plan Width": 4, "Filter": "((kind)::text = 'production companies'::text)"}, {"Node Type": "Sort", "Parent Relationship": "Inner", "Startup Cost": 3997223584326.49, "Total Cost": 3997223586964.45, "Plan Rows": 1055184, "Plan Width": 49, "Sort Key": ["mc.company_type_id"], "Plans": [{"Node Type": "Merge Join", "Parent Relationship": "Outer", "Join Type": "Inner", "Startup Cost": 2020023358090.7, "Total Cost": 3997223478760.27, "Plan Rows": 1055184, "Plan Width": 49, "Inner Unique": false, "Merge Cond": "(t.id = mi_idx.movie_id)", "Plans": [{"Node Type": "Merge Join", "Parent Relationship": "Outer", "Join Type": "Inner", "Startup Cost": 20021492619.09, "Total Cost": 1999076860697.37, "Plan Rows": 3320699, "Plan Width": 57, "Inner Unique": false, "Merge Cond": "(t.id = mc.movie_id)", "Plans": [{"Node Type": "Index Scan", "Parent Relationship": "Outer", "Scan Direction": "Forward", "Index Name": "title_pkey", "Relation Name": "title", "Alias": "t", "Startup Cost": 10000000000.0, "Total Cost": 1000011644126.66, "Plan Rows": 1381886, "Plan Width": 25, "Filter": "(production_year > 2000), (LLVM Optimized)"}, {"Node Type": "Materialize", "Parent Relationship": "Inner", "Startup Cost": 10000000000.0, "Total Cost": 1000013710750.72, "Plan Rows": 2609035, "Plan Width": 32, "Plans": [{"Node Type": "Index Scan", "Parent Relationship": "Outer", "Scan Direction": "Forward", "Index Name": "movie_id_movie_companies", "Relation Name": "movie_companies", "Alias": "mc", "Startup Cost": 10000000000.0, "Total Cost": 1000013704228.13, "Plan Rows": 2609035, "Plan Width": 32, "Filter": "((note)::text !~~ '%(as Metro-Goldwyn-Mayer Pictures)%'::text), (LLVM Optimized)"}]}]}, {"Node Type": "Sort", "Parent Relationship": "Inner", "Startup Cost": 2000001865471.58, "Total Cost": 2000001866334.1, "Plan Rows": 345008, "Plan Width": 4, "Sort Key": ["mi_idx.movie_id"], "Plans": [{"Node Type": "Nested Loop", "Parent Relationship": "Outer", "Join Type": "Inner", "Startup Cost": 20000007502.06, "Total Cost": 2000001833737.28, "Plan Rows": 345008, "Plan Width": 4, "Inner Unique": false, "Plans": [{"Node Type": "Index Scan", "Parent Relationship": "Outer", "Scan Direction": "Forward", "Index Name": "info_type_pkey", "Relation Name": "info_type", "Alias": "it", "Startup Cost": 10000000000.0, "Total Cost": 1000000001421.0, "Plan Rows": 1, "Plan Width": 4, "Filter": "((info)::text = 'bottom 10 rank'::text)"}, {"Node Type": "Bitmap Heap Scan", "Parent Relationship": "Inner", "Relation Name": "movie_info_idx", "Alias": "mi_idx", "Startup Cost": 10000007502.06, "Total Cost": 1000001828866.2, "Plan Rows": 345008, "Plan Width": 8, "Recheck Cond": "(info_type_id = it.id), (LLVM Optimized)", "Plans": [{"Node Type": "Bitmap Index Scan", "Parent Relationship": "Outer", "Index Name": "info_type_id_movie_info_idx", "Startup Cost": 0.0, "Total Cost": 7415.81, "Plan Rows": 345008, "Plan Width": 0, "Index Cond": "(info_type_id = it.id)"}]}]}]}]}]}]}]}, "Unique SQL Id": 2492542741, "Planner Runtime": 12}, "explain_analyze_plan": null}, "(16, 92)": {"explain_plan": {"Plan": {"Node Type": "Aggregate", "Strategy": "Plain", "Startup Cost": 442395.19, "Total Cost": 442395.2, "Plan Rows": 1, "Plan Width": 113, "Plans": [{"Node Type": "Nested Loop", "Parent Relationship": "Outer", "Join Type": "Inner", "Startup Cost": 255832.53, "Total Cost": 437516.0, "Plan Rows": 650559, "Plan Width": 45, "Inner Unique": true, "Plans": [{"Node Type": "Merge Join", "Parent Relationship": "Outer", "Join Type": "Inner", "Startup Cost": 255832.53, "Total Cost": 262094.14, "Plan Rows": 501180, "Plan Width": 32, "Inner Unique": false, "Merge Cond": "(ct.id = mc.company_type_id)", "Plans": [{"Node Type": "Sort", "Parent Relationship": "Outer", "Startup Cost": 1.05, "Total Cost": 1.05, "Plan Rows": 1, "Plan Width": 4, "Sort Key": ["ct.id"], "Plans": [{"Node Type": "Seq Scan", "Parent Relationship": "Outer", "Relation Name": "company_type", "Alias": "ct", "Startup Cost": 0.0, "Total Cost": 1.04, "Plan Rows": 1, "Plan Width": 4, "Filter": "((kind)::text = 'production companies'::text)"}]}, {"Node Type": "Sort", "Parent Relationship": "Inner", "Startup Cost": 253802.62, "Total Cost": 255875.24, "Plan Rows": 829046, "Plan Width": 36, "Sort Key": ["mc.company_type_id"], "Plans": [{"Node Type": "Nested Loop", "Parent Relationship": "Outer", "Join Type": "Inner", "Startup Cost": 0.0, "Total Cost": 172302.87, "Plan Rows": 829046, "Plan Width": 36, "Inner Unique": false, "Plans": [{"Node Type": "Nested Loop", "Parent Relationship": "Outer", "Join Type": "Inner", "Startup Cost": 0.0, "Total Cost": 38326.39, "Plan Rows": 345008, "Plan Width": 4, "Inner Unique": false, "Plans": [{"Node Type": "Seq Scan", "Parent Relationship": "Outer", "Relation Name": "info_type", "Alias": "it", "Startup Cost": 0.0, "Total Cost": 2.4, "Plan Rows": 1, "Plan Width": 4, "Filter": "((info)::text = 'bottom 10 rank'::text)"}, {"Node Type": "Index Scan", "Parent Relationship": "Inner", "Scan Direction": "Forward", "Index Name": "info_type_id_movie_info_idx", "Relation Name": "movie_info_idx", "Alias": "mi_idx", "Startup Cost": 0.0, "Total Cost": 34873.91, "Plan Rows": 345008, "Plan Width": 8, "Index Cond": "(info_type_id = it.id), (LLVM Optimized)"}]}, {"Node Type": "Index Scan", "Parent Relationship": "Inner", "Scan Direction": "Forward", "Index Name": "movie_id_movie_companies", "Relation Name": "movie_companies", "Alias": "mc", "Startup Cost": 0.0, "Total Cost": 0.37, "Plan Rows": 2, "Plan Width": 32, "Index Cond": "(movie_id = mi_idx.movie_id)", "Filter": "((note)::text !~~ '%(as Metro-Goldwyn-Mayer Pictures)%'::text)"}]}]}]}, {"Node Type": "Index Scan", "Parent Relationship": "Inner", "Scan Direction": "Forward", "Index Name": "title_pkey", "Relation Name": "title", "Alias": "t", "Startup Cost": 0.0, "Total Cost": 0.34, "Plan Rows": 1, "Plan Width": 25, "Index Cond": "(id = mc.movie_id)", "Filter": "(production_year > 2000)"}]}]}, "Unique SQL Id": 2492542741, "Planner Runtime": 8}, "explain_analyze_plan": {"Plan": {"Node Type": "Aggregate", "Strategy": "Plain", "Startup Cost": 442395.19, "Total Cost": 442395.2, "Plan Rows": 1, "Plan Width": 113, "Actual Startup Time": 0.574, "Actual Total Time": 0.574, "Actual Rows": 1, "Actual Loops": 1, "Plans": [{"Node Type": "Nested Loop", "Parent Relationship": "Outer", "Join Type": "Inner", "Startup Cost": 255832.53, "Total Cost": 437516.0, "Plan Rows": 650559, "Plan Width": 45, "Actual Startup Time": 0.532, "Actual Total Time": 0.559, "Actual Rows": 4, "Actual Loops": 1, "Inner Unique": true, "Plans": [{"Node Type": "Merge Join", "Parent Relationship": "Outer", "Join Type": "Inner", "Startup Cost": 255832.53, "Total Cost": 262094.14, "Plan Rows": 501180, "Plan Width": 32, "Actual Startup Time": 0.497, "Actual Total Time": 0.5, "Actual Rows": 5, "Actual Loops": 1, "Inner Unique": false, "Merge Cond": "(ct.id = mc.company_type_id)", "Plans": [{"Node Type": "Sort", "Parent Relationship": "Outer", "Startup Cost": 1.05, "Total Cost": 1.05, "Plan Rows": 1, "Plan Width": 4, "Actual Startup Time": 0.032, "Actual Total Time": 0.032, "Actual Rows": 1, "Actual Loops": 1, "Sort Key": ["ct.id"], "Sort Method": "quicksort", "Sort Space Used": 25, "Sort Space Type": "Memory", "Plans": [{"Node Type": "Seq Scan", "Parent Relationship": "Outer", "Relation Name": "company_type", "Alias": "ct", "Startup Cost": 0.0, "Total Cost": 1.04, "Plan Rows": 1, "Plan Width": 4, "Actual Startup Time": 0.017, "Actual Total Time": 0.019, "Actual Rows": 1, "Actual Loops": 1, "Filter": "((kind)::text = 'production companies'::text)", "Rows Removed by Filter": 2}]}, {"Node Type": "Sort", "Parent Relationship": "Inner", "Startup Cost": 253802.62, "Total Cost": 255875.24, "Plan Rows": 829046, "Plan Width": 36, "Actual Startup Time": 0.437, "Actual Total Time": 0.446, "Actual Rows": 100, "Actual Loops": 1, "Sort Key": ["mc.company_type_id"], "Sort Method": "quicksort", "Sort Space Used": 36, "Sort Space Type": "Memory", "Plans": [{"Node Type": "Nested Loop", "Parent Relationship": "Outer", "Join Type": "Inner", "Startup Cost": 0.0, "Total Cost": 172302.87, "Plan Rows": 829046, "Plan Width": 36, "Actual Startup Time": 0.097, "Actual Total Time": 0.39, "Actual Rows": 100, "Actual Loops": 1, "Inner Unique": false, "Plans": [{"Node Type": "Nested Loop", "Parent Relationship": "Outer", "Join Type": "Inner", "Startup Cost": 0.0, "Total Cost": 38326.39, "Plan Rows": 345008, "Plan Width": 4, "Actual Startup Time": 0.073, "Actual Total Time": 0.082, "Actual Rows": 10, "Actual Loops": 1, "Inner Unique": false, "Plans": [{"Node Type": "Seq Scan", "Parent Relationship": "Outer", "Relation Name": "info_type", "Alias": "it", "Startup Cost": 0.0, "Total Cost": 2.4, "Plan Rows": 1, "Plan Width": 4, "Actual Startup Time": 0.049, "Actual Total Time": 0.052, "Actual Rows": 1, "Actual Loops": 1, "Filter": "((info)::text = 'bottom 10 rank'::text)", "Rows Removed by Filter": 111}, {"Node Type": "Index Scan", "Parent Relationship": "Inner", "Scan Direction": "Forward", "Index Name": "info_type_id_movie_info_idx", "Relation Name": "movie_info_idx", "Alias": "mi_idx", "Startup Cost": 0.0, "Total Cost": 34873.91, "Plan Rows": 345008, "Plan Width": 8, "Actual Startup Time": 0.02, "Actual Total Time": 0.025, "Actual Rows": 10, "Actual Loops": 1, "Index Cond": "(info_type_id = it.id), (LLVM Optimized)", "Rows Removed by Index Recheck": 0}]}, {"Node Type": "Index Scan", "Parent Relationship": "Inner", "Scan Direction": "Forward", "Index Name": "movie_id_movie_companies", "Relation Name": "movie_companies", "Alias": "mc", "Startup Cost": 0.0, "Total Cost": 0.37, "Plan Rows": 2, "Plan Width": 32, "Actual Startup Time": 0.162, "Actual Total Time": 0.279, "Actual Rows": 100, "Actual Loops": 10, "Index Cond": "(movie_id = mi_idx.movie_id)", "Rows Removed by Index Recheck": 0, "Filter": "((note)::text !~~ '%(as Metro-Goldwyn-Mayer Pictures)%'::text)", "Rows Removed by Filter": 20}]}]}]}, {"Node Type": "Index Scan", "Parent Relationship": "Inner", "Scan Direction": "Forward", "Index Name": "title_pkey", "Relation Name": "title", "Alias": "t", "Startup Cost": 0.0, "Total Cost": 0.34, "Plan Rows": 1, "Plan Width": 25, "Actual Startup Time": 0.053, "Actual Total Time": 0.053, "Actual Rows": 4, "Actual Loops": 5, "Index Cond": "(id = mc.movie_id)", "Rows Removed by Index Recheck": 0, "Filter": "(production_year > 2000)", "Rows Removed by Filter": 1}]}]}, "Triggers": [], "Planner Runtime": 8, "Total Runtime": 11.189, "Unique SQL Id": 2492542741}}, "(16, 93)": {"explain_plan": {"Plan": {"Node Type": "Aggregate", "Strategy": "Plain", "Startup Cost": 442418.25, "Total Cost": 442418.26, "Plan Rows": 1, "Plan Width": 113, "Plans": [{"Node Type": "Nested Loop", "Parent Relationship": "Outer", "Join Type": "Inner", "Startup Cost": 255843.29, "Total Cost": 437539.06, "Plan Rows": 650559, "Plan Width": 45, "Inner Unique": true, "Plans": [{"Node Type": "Merge Join", "Parent Relationship": "Outer", "Join Type": "Inner", "Startup Cost": 255843.29, "Total Cost": 262117.2, "Plan Rows": 501180, "Plan Width": 32, "Inner Unique": false, "Merge Cond": "(ct.id = mc.company_type_id)", "Plans": [{"Node Type": "Index Scan", "Parent Relationship": "Outer", "Scan Direction": "Forward", "Index Name": "company_type_pkey", "Relation Name": "company_type", "Alias": "ct", "Startup Cost": 0.0, "Total Cost": 12.3, "Plan Rows": 1, "Plan Width": 4, "Filter": "((kind)::text = 'production companies'::text)"}, {"Node Type": "Sort", "Parent Relationship": "Inner", "Startup Cost": 253814.43, "Total Cost": 255887.05, "Plan Rows": 829046, "Plan Width": 36, "Sort Key": ["mc.company_type_id"], "Plans": [{"Node Type": "Nested Loop", "Parent Relationship": "Outer", "Join Type": "Inner", "Startup Cost": 0.0, "Total Cost": 172314.68, "Plan Rows": 829046, "Plan Width": 36, "Inner Unique": false, "Plans": [{"Node Type": "Nested Loop", "Parent Relationship": "Outer", "Join Type": "Inner", "Startup Cost": 0.0, "Total Cost": 38338.2, "Plan Rows": 345008, "Plan Width": 4, "Inner Unique": false, "Plans": [{"Node Type": "Index Scan", "Parent Relationship": "Outer", "Scan Direction": "Forward", "Index Name": "info_type_pkey", "Relation Name": "info_type", "Alias": "it", "Startup Cost": 0.0, "Total Cost": 14.21, "Plan Rows": 1, "Plan Width": 4, "Filter": "((info)::text = 'bottom 10 rank'::text)"}, {"Node Type": "Index Scan", "Parent Relationship": "Inner", "Scan Direction": "Forward", "Index Name": "info_type_id_movie_info_idx", "Relation Name": "movie_info_idx", "Alias": "mi_idx", "Startup Cost": 0.0, "Total Cost": 34873.91, "Plan Rows": 345008, "Plan Width": 8, "Index Cond": "(info_type_id = it.id), (LLVM Optimized)"}]}, {"Node Type": "Index Scan", "Parent Relationship": "Inner", "Scan Direction": "Forward", "Index Name": "movie_id_movie_companies", "Relation Name": "movie_companies", "Alias": "mc", "Startup Cost": 0.0, "Total Cost": 0.37, "Plan Rows": 2, "Plan Width": 32, "Index Cond": "(movie_id = mi_idx.movie_id)", "Filter": "((note)::text !~~ '%(as Metro-Goldwyn-Mayer Pictures)%'::text)"}]}]}]}, {"Node Type": "Index Scan", "Parent Relationship": "Inner", "Scan Direction": "Forward", "Index Name": "title_pkey", "Relation Name": "title", "Alias": "t", "Startup Cost": 0.0, "Total Cost": 0.34, "Plan Rows": 1, "Plan Width": 25, "Index Cond": "(id = mc.movie_id)", "Filter": "(production_year > 2000)"}]}]}, "Unique SQL Id": 2492542741, "Planner Runtime": 8}, "explain_analyze_plan": {"Plan": {"Node Type": "Aggregate", "Strategy": "Plain", "Startup Cost": 442418.25, "Total Cost": 442418.26, "Plan Rows": 1, "Plan Width": 113, "Actual Startup Time": 0.443, "Actual Total Time": 0.443, "Actual Rows": 1, "Actual Loops": 1, "Plans": [{"Node Type": "Nested Loop", "Parent Relationship": "Outer", "Join Type": "Inner", "Startup Cost": 255843.29, "Total Cost": 437539.06, "Plan Rows": 650559, "Plan Width": 45, "Actual Startup Time": 0.406, "Actual Total Time": 0.43, "Actual Rows": 4, "Actual Loops": 1, "Inner Unique": true, "Plans": [{"Node Type": "Merge Join", "Parent Relationship": "Outer", "Join Type": "Inner", "Startup Cost": 255843.29, "Total Cost": 262117.2, "Plan Rows": 501180, "Plan Width": 32, "Actual Startup Time": 0.385, "Actual Total Time": 0.393, "Actual Rows": 5, "Actual Loops": 1, "Inner Unique": false, "Merge Cond": "(ct.id = mc.company_type_id)", "Plans": [{"Node Type": "Index Scan", "Parent Relationship": "Outer", "Scan Direction": "Forward", "Index Name": "company_type_pkey", "Relation Name": "company_type", "Alias": "ct", "Startup Cost": 0.0, "Total Cost": 12.3, "Plan Rows": 1, "Plan Width": 4, "Actual Startup Time": 0.018, "Actual Total Time": 0.021, "Actual Rows": 1, "Actual Loops": 1, "Filter": "((kind)::text = 'production companies'::text)", "Rows Removed by Filter": 2}, {"Node Type": "Sort", "Parent Relationship": "Inner", "Startup Cost": 253814.43, "Total Cost": 255887.05, "Plan Rows": 829046, "Plan Width": 36, "Actual Startup Time": 0.341, "Actual Total Time": 0.35, "Actual Rows": 100, "Actual Loops": 1, "Sort Key": ["mc.company_type_id"], "Sort Method": "quicksort", "Sort Space Used": 36, "Sort Space Type": "Memory", "Plans": [{"Node Type": "Nested Loop", "Parent Relationship": "Outer", "Join Type": "Inner", "Startup Cost": 0.0, "Total Cost": 172314.68, "Plan Rows": 829046, "Plan Width": 36, "Actual Startup Time": 0.085, "Actual Total Time": 0.296, "Actual Rows": 100, "Actual Loops": 1, "Inner Unique": false, "Plans": [{"Node Type": "Nested Loop", "Parent Relationship": "Outer", "Join Type": "Inner", "Startup Cost": 0.0, "Total Cost": 38338.2, "Plan Rows": 345008, "Plan Width": 4, "Actual Startup Time": 0.071, "Actual Total Time": 0.08, "Actual Rows": 10, "Actual Loops": 1, "Inner Unique": false, "Plans": [{"Node Type": "Index Scan", "Parent Relationship": "Outer", "Scan Direction": "Forward", "Index Name": "info_type_pkey", "Relation Name": "info_type", "Alias": "it", "Startup Cost": 0.0, "Total Cost": 14.21, "Plan Rows": 1, "Plan Width": 4, "Actual Startup Time": 0.059, "Actual Total Time": 0.059, "Actual Rows": 1, "Actual Loops": 1, "Filter": "((info)::text = 'bottom 10 rank'::text)", "Rows Removed by Filter": 111}, {"Node Type": "Index Scan", "Parent Relationship": "Inner", "Scan Direction": "Forward", "Index Name": "info_type_id_movie_info_idx", "Relation Name": "movie_info_idx", "Alias": "mi_idx", "Startup Cost": 0.0, "Total Cost": 34873.91, "Plan Rows": 345008, "Plan Width": 8, "Actual Startup Time": 0.009, "Actual Total Time": 0.014, "Actual Rows": 10, "Actual Loops": 1, "Index Cond": "(info_type_id = it.id), (LLVM Optimized)", "Rows Removed by Index Recheck": 0}]}, {"Node Type": "Index Scan", "Parent Relationship": "Inner", "Scan Direction": "Forward", "Index Name": "movie_id_movie_companies", "Relation Name": "movie_companies", "Alias": "mc", "Startup Cost": 0.0, "Total Cost": 0.37, "Plan Rows": 2, "Plan Width": 32, "Actual Startup Time": 0.093, "Actual Total Time": 0.184, "Actual Rows": 100, "Actual Loops": 10, "Index Cond": "(movie_id = mi_idx.movie_id)", "Rows Removed by Index Recheck": 0, "Filter": "((note)::text !~~ '%(as Metro-Goldwyn-Mayer Pictures)%'::text)", "Rows Removed by Filter": 20}]}]}]}, {"Node Type": "Index Scan", "Parent Relationship": "Inner", "Scan Direction": "Forward", "Index Name": "title_pkey", "Relation Name": "title", "Alias": "t", "Startup Cost": 0.0, "Total Cost": 0.34, "Plan Rows": 1, "Plan Width": 25, "Actual Startup Time": 0.032, "Actual Total Time": 0.032, "Actual Rows": 4, "Actual Loops": 5, "Index Cond": "(id = mc.movie_id)", "Rows Removed by Index Recheck": 0, "Filter": "(production_year > 2000)", "Rows Removed by Filter": 1}]}]}, "Triggers": [], "Planner Runtime": 8, "Total Runtime": 9.923, "Unique SQL Id": 2492542741}}, "(16, 94)": {"explain_plan": {"Plan": {"Node Type": "Aggregate", "Strategy": "Plain", "Startup Cost": 12103177639323.17, "Total Cost": 12103177639323.2, "Plan Rows": 1, "Plan Width": 113, "Plans": [{"Node Type": "Streaming(type: LOCAL GATHER dop: 1/16)", "Parent Relationship": "Outer", "Startup Cost": 12103177639323.17, "Total Cost": 12103177639323.2, "Plan Rows": 1, "Plan Width": 113, "Plans": [{"Node Type": "Aggregate", "Strategy": "Plain", "Parent Relationship": "Outer", "Startup Cost": 12103177639323.17, "Total Cost": 12103177639323.18, "Plan Rows": 1, "Plan Width": 113, "Plans": [{"Node Type": "Nested Loop", "Parent Relationship": "Outer", "Join Type": "Inner", "Startup Cost": 40000000000.0, "Total Cost": 12103177634539.03, "Plan Rows": 637886, "Plan Width": 45, "Inner Unique": false, "Join Filter": "(mc.movie_id = t.id), (LLVM Optimized)", "Plans": [{"Node Type": "Streaming(type: LOCAL REDISTRIBUTE dop: 16/16)", "Parent Relationship": "Outer", "Startup Cost": 10000000000.0, "Total Cost": 100000370552.38, "Plan Rows": 1304518, "Plan Width": 28, "Plans": [{"Node Type": "Nested Loop", "Parent Relationship": "Outer", "Join Type": "Inner", "Startup Cost": 10000000000.0, "Total Cost": 100000350609.48, "Plan Rows": 1304518, "Plan Width": 28, "Inner Unique": false, "Join Filter": "(ct.id = mc.company_type_id), (LLVM Optimized)", "Plans": [{"Node Type": "Streaming(type: BROADCAST dop: 16/1)", "Parent Relationship": "Outer", "Startup Cost": 0.0, "Total Cost": 15001.38, "Plan Rows": 16, "Plan Width": 4, "Plans": [{"Node Type": "Seq Scan", "Parent Relationship": "Outer", "Relation Name": "company_type", "Alias": "ct", "Startup Cost": 0.0, "Total Cost": 1.04, "Plan Rows": 1, "Plan Width": 4, "Filter": "((kind)::text = 'production companies'::text)"}]}, {"Node Type": "Seq Scan", "Parent Relationship": "Inner", "Relation Name": "movie_companies", "Alias": "mc", "Startup Cost": 0.0, "Total Cost": 18021.26, "Plan Rows": 2609035, "Plan Width": 32, "Filter": "((note)::text !~~ '%(as Metro-Goldwyn-Mayer Pictures)%'::text), (LLVM Optimized)"}]}]}, {"Node Type": "Materialize", "Parent Relationship": "Inner", "Startup Cost": 20000000000.0, "Total Cost": 1100283161680.29, "Plan Rows": 447839, "Plan Width": 29, "Plans": [{"Node Type": "Streaming(type: LOCAL REDISTRIBUTE dop: 16/16)", "Parent Relationship": "Outer", "Startup Cost": 20000000000.0, "Total Cost": 1100283161540.34, "Plan Rows": 447839, "Plan Width": 29, "Plans": [{"Node Type": "Nested Loop", "Parent Relationship": "Outer", "Join Type": "Inner", "Startup Cost": 20000000000.0, "Total Cost": 1100283144843.45, "Plan Rows": 447839, "Plan Width": 29, "Inner Unique": false, "Join Filter": "(mi_idx.movie_id = t.id), (LLVM Optimized)", "Plans": [{"Node Type": "Streaming(type: LOCAL REDISTRIBUTE dop: 16/16)", "Parent Relationship": "Outer", "Startup Cost": 0.0, "Total Cost": 39385.42, "Plan Rows": 1381886, "Plan Width": 25, "Plans": [{"Node Type": "Seq Scan", "Parent Relationship": "Outer", "Relation Name": "title", "Alias": "t", "Startup Cost": 0.0, "Total Cost": 19149.37, "Plan Rows": 1381886, "Plan Width": 25, "Filter": "(production_year > 2000), (LLVM Optimized)"}]}, {"Node Type": "Materialize", "Parent Relationship": "Inner", "Startup Cost": 10000000000.0, "Total Cost": 100000339895.5, "Plan Rows": 345008, "Plan Width": 4, "Plans": [{"Node Type": "Streaming(type: LOCAL REDISTRIBUTE dop: 16/16)", "Parent Relationship": "Outer", "Startup Cost": 10000000000.0, "Total Cost": 100000339787.69, "Plan Rows": 345008, "Plan Width": 4, "Plans": [{"Node Type": "Nested Loop", "Parent Relationship": "Outer", "Join Type": "Inner", "Startup Cost": 10000000000.0, "Total Cost": 100000323480.43, "Plan Rows": 345008, "Plan Width": 4, "Inner Unique": false, "Join Filter": "(it.id = mi_idx.info_type_id), (LLVM Optimized)", "Plans": [{"Node Type": "Streaming(type: BROADCAST dop: 16/1)", "Parent Relationship": "Outer", "Startup Cost": 0.0, "Total Cost": 15002.75, "Plan Rows": 16, "Plan Width": 4, "Plans": [{"Node Type": "Seq Scan", "Parent Relationship": "Outer", "Relation Name": "info_type", "Alias": "it", "Startup Cost": 0.0, "Total Cost": 2.4, "Plan Rows": 1, "Plan Width": 4, "Filter": "((info)::text = 'bottom 10 rank'::text)"}]}, {"Node Type": "Seq Scan", "Parent Relationship": "Inner", "Relation Name": "movie_info_idx", "Alias": "mi_idx", "Startup Cost": 0.0, "Total Cost": 16267.15, "Plan Rows": 1380034, "Plan Width": 8}]}]}]}]}]}]}]}]}]}]}, "Unique SQL Id": 2492542741, "Planner Runtime": 9}, "explain_analyze_plan": {"Plan": {"Node Type": "Aggregate", "Strategy": "Plain", "Startup Cost": 12103177639323.17, "Total Cost": 12103177639323.2, "Plan Rows": 1, "Plan Width": 113, "Actual Min Startup Time": 535.165, "Actual Max Startup Time": 535.165, "Actual Min Total Time": 535.166, "Actual Max Total Time": 535.166, "Plans": [{"Node Type": "Streaming(type: LOCAL GATHER dop: 1/16)", "Parent Relationship": "Outer", "Startup Cost": 12103177639323.17, "Total Cost": 12103177639323.2, "Plan Rows": 1, "Plan Width": 113, "Actual Min Startup Time": 535.032, "Actual Max Startup Time": 535.032, "Actual Min Total Time": 535.13, "Actual Max Total Time": 535.13, "Plans": [{"Node Type": "Aggregate", "Strategy": "Plain", "Parent Relationship": "Outer", "Startup Cost": 12103177639323.17, "Total Cost": 12103177639323.18, "Plan Rows": 1, "Plan Width": 113, "Actual Min Startup Time": 287.577, "Actual Max Startup Time": 437.872, "Actual Min Total Time": 287.578, "Actual Max Total Time": 437.872, "Plans": [{"Node Type": "Nested Loop", "Parent Relationship": "Outer", "Join Type": "Inner", "Startup Cost": 40000000000.0, "Total Cost": 12103177634539.03, "Plan Rows": 637886, "Plan Width": 45, "Actual Min Startup Time": 285.137, "Actual Max Startup Time": 437.865, "Actual Min Total Time": 287.573, "Actual Max Total Time": 437.865, "Inner Unique": false, "Join Filter": "(mc.movie_id = t.id), (LLVM Optimized)", "Rows Removed by Join Filter": 53201, "Plans": [{"Node Type": "Streaming(type: LOCAL REDISTRIBUTE dop: 16/16)", "Parent Relationship": "Outer", "Startup Cost": 10000000000.0, "Total Cost": 100000370552.38, "Plan Rows": 1304518, "Plan Width": 28, "Actual Min Startup Time": 0.056, "Actual Max Startup Time": 0.218, "Actual Min Total Time": 27.677, "Actual Max Total Time": 30.689, "Plans": [{"Node Type": "Nested Loop", "Parent Relationship": "Outer", "Join Type": "Inner", "Startup Cost": 10000000000.0, "Total Cost": 100000350609.48, "Plan Rows": 1304518, "Plan Width": 28, "Actual Min Startup Time": 49.509, "Actual Max Startup Time": 56.866, "Actual Min Total Time": 72.076, "Actual Max Total Time": 82.95, "Inner Unique": false, "Join Filter": "(ct.id = mc.company_type_id), (LLVM Optimized)", "Rows Removed by Join Filter": 1196183, "Plans": [{"Node Type": "Streaming(type: BROADCAST dop: 16/1)", "Parent Relationship": "Outer", "Startup Cost": 0.0, "Total Cost": 15001.38, "Plan Rows": 16, "Plan Width": 4, "Actual Min Startup Time": 0.003, "Actual Max Startup Time": 0.009, "Actual Min Total Time": 0.005, "Actual Max Total Time": 0.011, "Plans": [{"Node Type": "Seq Scan", "Parent Relationship": "Outer", "Relation Name": "company_type", "Alias": "ct", "Startup Cost": 0.0, "Total Cost": 1.04, "Plan Rows": 1, "Plan Width": 4, "Actual Min Startup Time": 0.023, "Actual Max Startup Time": 0.023, "Actual Min Total Time": 0.026, "Actual Max Total Time": 0.026, "Filter": "((kind)::text = 'production companies'::text)", "Rows Removed by Filter": 2, "Actual Rows": 1}], "Actual Rows": 16}, {"Node Type": "Seq Scan", "Parent Relationship": "Inner", "Relation Name": "movie_companies", "Alias": "mc", "Startup Cost": 0.0, "Total Cost": 18021.26, "Plan Rows": 2609035, "Plan Width": 32, "Actual Min Startup Time": 0.031, "Actual Max Startup Time": 0.057, "Actual Min Total Time": 56.988, "Actual Max Total Time": 64.706, "Filter": "((note)::text !~~ '%(as Metro-Goldwyn-Mayer Pictures)%'::text), (LLVM Optimized)", "Rows Removed by Filter": 1272041, "Actual Rows": 1337087}], "Actual Rows": 140904}], "Actual Rows": 140904}, {"Node Type": "Materialize", "Parent Relationship": "Inner", "Startup Cost": 20000000000.0, "Total Cost": 1100283161680.29, "Plan Rows": 447839, "Plan Width": 29, "Actual Min Startup Time": 255.58, "Actual Max Startup Time": 405.755, "Actual Min Total Time": 255.58, "Actual Max Total Time": 406.541, "Plans": [{"Node Type": "Streaming(type: LOCAL REDISTRIBUTE dop: 16/16)", "Parent Relationship": "Outer", "Startup Cost": 20000000000.0, "Total Cost": 1100283161540.34, "Plan Rows": 447839, "Plan Width": 29, "Actual Min Startup Time": 254.637, "Actual Max Startup Time": 404.876, "Actual Min Total Time": 254.637, "Actual Max Total Time": 404.911, "Plans": [{"Node Type": "Nested Loop", "Parent Relationship": "Outer", "Join Type": "Inner", "Startup Cost": 20000000000.0, "Total Cost": 1100283144843.45, "Plan Rows": 447839, "Plan Width": 29, "Actual Min Startup Time": 145.374, "Actual Max Startup Time": 379.059, "Actual Min Total Time": 256.896, "Actual Max Total Time": 379.059, "Inner Unique": false, "Join Filter": "(mi_idx.movie_id = t.id), (LLVM Optimized)", "Rows Removed by Join Filter": 863716, "Plans": [{"Node Type": "Streaming(type: LOCAL REDISTRIBUTE dop: 16/16)", "Parent Relationship": "Outer", "Startup Cost": 0.0, "Total Cost": 39385.42, "Plan Rows": 1381886, "Plan Width": 25, "Actual Min Startup Time": 0.059, "Actual Max Startup Time": 0.413, "Actual Min Total Time": 142.11, "Actual Max Total Time": 191.204, "Plans": [{"Node Type": "Seq Scan", "Parent Relationship": "Outer", "Relation Name": "title", "Alias": "t", "Startup Cost": 0.0, "Total Cost": 19149.37, "Plan Rows": 1381886, "Plan Width": 25, "Actual Min Startup Time": 0.029, "Actual Max Startup Time": 0.044, "Actual Min Total Time": 61.272, "Actual Max Total Time": 69.968, "Filter": "(production_year > 2000), (LLVM Optimized)", "Rows Removed by Filter": 1146858, "Actual Rows": 1381453}], "Actual Rows": 1381453}, {"Node Type": "Materialize", "Parent Relationship": "Inner", "Startup Cost": 10000000000.0, "Total Cost": 100000339895.5, "Plan Rows": 345008, "Plan Width": 4, "Actual Min Startup Time": 50.665, "Actual Max Startup Time": 175.018, "Actual Min Total Time": 53.023, "Actual Max Total Time": 175.018, "Plans": [{"Node Type": "Streaming(type: LOCAL REDISTRIBUTE dop: 16/16)", "Parent Relationship": "Outer", "Startup Cost": 10000000000.0, "Total Cost": 100000339787.69, "Plan Rows": 345008, "Plan Width": 4, "Actual Min Startup Time": 0.024, "Actual Max Startup Time": 164.24, "Actual Min Total Time": 42.128, "Actual Max Total Time": 164.24, "Plans": [{"Node Type": "Nested Loop", "Parent Relationship": "Outer", "Join Type": "Inner", "Startup Cost": 10000000000.0, "Total Cost": 100000323480.43, "Plan Rows": 345008, "Plan Width": 4, "Actual Min Startup Time": 34.792, "Actual Max Startup Time": 47.412, "Actual Min Total Time": 34.792, "Actual Max Total Time": 47.412, "Inner Unique": false, "Join Filter": "(it.id = mi_idx.info_type_id), (LLVM Optimized)", "Rows Removed by Join Filter": 1380024, "Plans": [{"Node Type": "Streaming(type: BROADCAST dop: 16/1)", "Parent Relationship": "Outer", "Startup Cost": 0.0, "Total Cost": 15002.75, "Plan Rows": 16, "Plan Width": 4, "Actual Min Startup Time": 0.004, "Actual Max Startup Time": 12.229, "Actual Min Total Time": 0.004, "Actual Max Total Time": 12.231, "Plans": [{"Node Type": "Seq Scan", "Parent Relationship": "Outer", "Relation Name": "info_type", "Alias": "it", "Startup Cost": 0.0, "Total Cost": 2.4, "Plan Rows": 1, "Plan Width": 4, "Actual Min Startup Time": 0.068, "Actual Max Startup Time": 0.068, "Actual Min Total Time": 0.071, "Actual Max Total Time": 0.071, "Filter": "((info)::text = 'bottom 10 rank'::text)", "Rows Removed by Filter": 111, "Actual Rows": 1}], "Actual Rows": 16}, {"Node Type": "Seq Scan", "Parent Relationship": "Inner", "Relation Name": "movie_info_idx", "Alias": "mi_idx", "Startup Cost": 0.0, "Total Cost": 16267.15, "Plan Rows": 1380034, "Plan Width": 8, "Actual Min Startup Time": 0.036, "Actual Max Startup Time": 0.054, "Actual Min Total Time": 18.613, "Actual Max Total Time": 22.211, "Actual Rows": 1380034}], "Actual Rows": 10}], "Actual Rows": 10}], "Actual Rows": 863730}], "Actual Rows": 6}], "Actual Rows": 6}], "Actual Rows": 53211}], "Actual Rows": 4}], "Actual Rows": 16}], "Actual Rows": 16}], "Actual Rows": 1}, "Triggers": [], "Planner Runtime": 9, "Total Runtime": 564.437, "Unique SQL Id": 2492542741}}, "(16, 95)": {"explain_plan": {"Plan": {"Node Type": "Aggregate", "Strategy": "Plain", "Startup Cost": 4997223600987.78, "Total Cost": 4997223600987.79, "Plan Rows": 1, "Plan Width": 113, "Plans": [{"Node Type": "Merge Join", "Parent Relationship": "Outer", "Join Type": "Inner", "Startup Cost": 4007223586908.76, "Total Cost": 4997223596108.58, "Plan Rows": 650559, "Plan Width": 45, "Inner Unique": false, "Merge Cond": "(ct.id = mc.company_type_id)", "Plans": [{"Node Type": "Index Scan", "Parent Relationship": "Outer", "Scan Direction": "Forward", "Index Name": "company_type_pkey", "Relation Name": "company_type", "Alias": "ct", "Startup Cost": 10000000000.0, "Total Cost": 1000000001230.25, "Plan Rows": 1, "Plan Width": 4, "Filter": "((kind)::text = 'production companies'::text)"}, {"Node Type": "Sort", "Parent Relationship": "Inner", "Startup Cost": 3997223584326.49, "Total Cost": 3997223586964.45, "Plan Rows": 1055184, "Plan Width": 49, "Sort Key": ["mc.company_type_id"], "Plans": [{"Node Type": "Merge Join", "Parent Relationship": "Outer", "Join Type": "Inner", "Startup Cost": 2020023358090.7, "Total Cost": 3997223478760.27, "Plan Rows": 1055184, "Plan Width": 49, "Inner Unique": false, "Merge Cond": "(t.id = mi_idx.movie_id)", "Plans": [{"Node Type": "Merge Join", "Parent Relationship": "Outer", "Join Type": "Inner", "Startup Cost": 20021492619.09, "Total Cost": 1999076860697.37, "Plan Rows": 3320699, "Plan Width": 57, "Inner Unique": false, "Merge Cond": "(t.id = mc.movie_id)", "Plans": [{"Node Type": "Index Scan", "Parent Relationship": "Outer", "Scan Direction": "Forward", "Index Name": "title_pkey", "Relation Name": "title", "Alias": "t", "Startup Cost": 10000000000.0, "Total Cost": 1000011644126.66, "Plan Rows": 1381886, "Plan Width": 25, "Filter": "(production_year > 2000), (LLVM Optimized)"}, {"Node Type": "Materialize", "Parent Relationship": "Inner", "Startup Cost": 10000000000.0, "Total Cost": 1000013710750.72, "Plan Rows": 2609035, "Plan Width": 32, "Plans": [{"Node Type": "Index Scan", "Parent Relationship": "Outer", "Scan Direction": "Forward", "Index Name": "movie_id_movie_companies", "Relation Name": "movie_companies", "Alias": "mc", "Startup Cost": 10000000000.0, "Total Cost": 1000013704228.13, "Plan Rows": 2609035, "Plan Width": 32, "Filter": "((note)::text !~~ '%(as Metro-Goldwyn-Mayer Pictures)%'::text), (LLVM Optimized)"}]}]}, {"Node Type": "Sort", "Parent Relationship": "Inner", "Startup Cost": 2000001865471.58, "Total Cost": 2000001866334.1, "Plan Rows": 345008, "Plan Width": 4, "Sort Key": ["mi_idx.movie_id"], "Plans": [{"Node Type": "Nested Loop", "Parent Relationship": "Outer", "Join Type": "Inner", "Startup Cost": 20000007502.06, "Total Cost": 2000001833737.28, "Plan Rows": 345008, "Plan Width": 4, "Inner Unique": false, "Plans": [{"Node Type": "Index Scan", "Parent Relationship": "Outer", "Scan Direction": "Forward", "Index Name": "info_type_pkey", "Relation Name": "info_type", "Alias": "it", "Startup Cost": 10000000000.0, "Total Cost": 1000000001421.0, "Plan Rows": 1, "Plan Width": 4, "Filter": "((info)::text = 'bottom 10 rank'::text)"}, {"Node Type": "Bitmap Heap Scan", "Parent Relationship": "Inner", "Relation Name": "movie_info_idx", "Alias": "mi_idx", "Startup Cost": 10000007502.06, "Total Cost": 1000001828866.2, "Plan Rows": 345008, "Plan Width": 8, "Recheck Cond": "(info_type_id = it.id), (LLVM Optimized)", "Plans": [{"Node Type": "Bitmap Index Scan", "Parent Relationship": "Outer", "Index Name": "info_type_id_movie_info_idx", "Startup Cost": 0.0, "Total Cost": 7415.81, "Plan Rows": 345008, "Plan Width": 0, "Index Cond": "(info_type_id = it.id)"}]}]}]}]}]}]}]}, "Unique SQL Id": 2492542741, "Planner Runtime": 11}, "explain_analyze_plan": null}, "(16, 96)": {"explain_plan": {"Plan": {"Node Type": "Aggregate", "Strategy": "Plain", "Startup Cost": 169320.72, "Total Cost": 169320.75, "Plan Rows": 1, "Plan Width": 113, "Plans": [{"Node Type": "Streaming(type: LOCAL GATHER dop: 1/16)", "Parent Relationship": "Outer", "Startup Cost": 169320.72, "Total Cost": 169320.75, "Plan Rows": 1, "Plan Width": 113, "Plans": [{"Node Type": "Aggregate", "Strategy": "Plain", "Parent Relationship": "Outer", "Startup Cost": 169320.72, "Total Cost": 169320.73, "Plan Rows": 1, "Plan Width": 113, "Plans": [{"Node Type": "Hash Join", "Parent Relationship": "Outer", "Join Type": "Inner", "Startup Cost": 103175.79, "Total Cost": 164441.53, "Plan Rows": 650559, "Plan Width": 45, "Inner Unique": false, "Hash Cond": "(t.id = mc.movie_id), (LLVM Optimized)", "Plans": [{"Node Type": "Streaming(type: LOCAL REDISTRIBUTE dop: 16/16)", "Parent Relationship": "Outer", "Startup Cost": 47967.08, "Total Cost": 108609.95, "Plan Rows": 447839, "Plan Width": 29, "Plans": [{"Node Type": "Hash Join", "Parent Relationship": "Outer", "Join Type": "Inner", "Startup Cost": 47967.08, "Total Cost": 91913.06, "Plan Rows": 447839, "Plan Width": 29, "Inner Unique": true, "Hash Cond": "(mi_idx.movie_id = t.id), (LLVM Optimized)", "Plans": [{"Node Type": "Streaming(type: LOCAL REDISTRIBUTE dop: 16/1)", "Parent Relationship": "Outer", "Startup Cost": 7502.06, "Total Cost": 51087.28, "Plan Rows": 345008, "Plan Width": 4, "Plans": [{"Node Type": "Nested Loop", "Parent Relationship": "Outer", "Join Type": "Inner", "Startup Cost": 7502.06, "Total Cost": 21741.14, "Plan Rows": 345008, "Plan Width": 4, "Inner Unique": false, "Plans": [{"Node Type": "Seq Scan", "Parent Relationship": "Outer", "Relation Name": "info_type", "Alias": "it", "Startup Cost": 0.0, "Total Cost": 2.4, "Plan Rows": 1, "Plan Width": 4, "Filter": "((info)::text = 'bottom 10 rank'::text)"}, {"Node Type": "Bitmap Heap Scan", "Parent Relationship": "Inner", "Relation Name": "movie_info_idx", "Alias": "mi_idx", "Startup Cost": 7502.06, "Total Cost": 18288.66, "Plan Rows": 345008, "Plan Width": 8, "Recheck Cond": "(info_type_id = it.id), (LLVM Optimized)", "Plans": [{"Node Type": "Bitmap Index Scan", "Parent Relationship": "Outer", "Index Name": "info_type_id_movie_info_idx", "Startup Cost": 0.0, "Total Cost": 7415.81, "Plan Rows": 345008, "Plan Width": 0, "Index Cond": "(info_type_id = it.id)"}]}]}]}, {"Node Type": "Hash", "Parent Relationship": "Inner", "Startup Cost": 39385.42, "Total Cost": 39385.42, "Plan Rows": 1381886, "Plan Width": 25, "Plans": [{"Node Type": "Streaming(type: LOCAL REDISTRIBUTE dop: 16/16)", "Parent Relationship": "Outer", "Startup Cost": 0.0, "Total Cost": 39385.42, "Plan Rows": 1381886, "Plan Width": 25, "Plans": [{"Node Type": "Seq Scan", "Parent Relationship": "Outer", "Relation Name": "title", "Alias": "t", "Startup Cost": 0.0, "Total Cost": 19149.37, "Plan Rows": 1381886, "Plan Width": 25, "Filter": "(production_year > 2000), (LLVM Optimized)"}]}]}]}]}, {"Node Type": "Hash", "Parent Relationship": "Inner", "Startup Cost": 54189.55, "Total Cost": 54189.55, "Plan Rows": 1304518, "Plan Width": 28, "Plans": [{"Node Type": "Streaming(type: LOCAL REDISTRIBUTE dop: 16/16)", "Parent Relationship": "Outer", "Startup Cost": 15001.4, "Total Cost": 54189.55, "Plan Rows": 1304518, "Plan Width": 28, "Plans": [{"Node Type": "Hash Join", "Parent Relationship": "Outer", "Join Type": "Inner", "Startup Cost": 15001.4, "Total Cost": 34246.65, "Plan Rows": 1304518, "Plan Width": 28, "Inner Unique": true, "Hash Cond": "(mc.company_type_id = ct.id), (LLVM Optimized)", "Plans": [{"Node Type": "Seq Scan", "Parent Relationship": "Outer", "Relation Name": "movie_companies", "Alias": "mc", "Startup Cost": 0.0, "Total Cost": 18021.26, "Plan Rows": 2609035, "Plan Width": 32, "Filter": "((note)::text !~~ '%(as Metro-Goldwyn-Mayer Pictures)%'::text), (LLVM Optimized)"}, {"Node Type": "Hash", "Parent Relationship": "Inner", "Startup Cost": 15001.38, "Total Cost": 15001.38, "Plan Rows": 16, "Plan Width": 4, "Plans": [{"Node Type": "Streaming(type: BROADCAST dop: 16/1)", "Parent Relationship": "Outer", "Startup Cost": 0.0, "Total Cost": 15001.38, "Plan Rows": 16, "Plan Width": 4, "Plans": [{"Node Type": "Seq Scan", "Parent Relationship": "Outer", "Relation Name": "company_type", "Alias": "ct", "Startup Cost": 0.0, "Total Cost": 1.04, "Plan Rows": 1, "Plan Width": 4, "Filter": "((kind)::text = 'production companies'::text)"}]}]}]}]}]}]}]}]}]}, "Unique SQL Id": 2492542741, "Planner Runtime": 16}, "explain_analyze_plan": {"Plan": {"Node Type": "Aggregate", "Strategy": "Plain", "Startup Cost": 169320.72, "Total Cost": 169320.75, "Plan Rows": 1, "Plan Width": 113, "Actual Min Startup Time": 411.624, "Actual Max Startup Time": 411.624, "Actual Min Total Time": 411.624, "Actual Max Total Time": 411.624, "Plans": [{"Node Type": "Streaming(type: LOCAL GATHER dop: 1/16)", "Parent Relationship": "Outer", "Startup Cost": 169320.72, "Total Cost": 169320.75, "Plan Rows": 1, "Plan Width": 113, "Actual Min Startup Time": 411.362, "Actual Max Startup Time": 411.362, "Actual Min Total Time": 411.597, "Actual Max Total Time": 411.597, "Plans": [{"Node Type": "Aggregate", "Strategy": "Plain", "Parent Relationship": "Outer", "Startup Cost": 169320.72, "Total Cost": 169320.73, "Plan Rows": 1, "Plan Width": 113, "Actual Min Startup Time": 202.755, "Actual Max Startup Time": 245.629, "Actual Min Total Time": 202.755, "Actual Max Total Time": 245.629, "Plans": [{"Node Type": "Hash Join", "Parent Relationship": "Outer", "Join Type": "Inner", "Startup Cost": 103175.79, "Total Cost": 164441.53, "Plan Rows": 650559, "Plan Width": 45, "Actual Min Startup Time": 202.745, "Actual Max Startup Time": 245.621, "Actual Min Total Time": 202.745, "Actual Max Total Time": 245.621, "Inner Unique": false, "Hash Cond": "(t.id = mc.movie_id), (LLVM Optimized, Jit Execute)", "Plans": [{"Node Type": "Streaming(type: LOCAL REDISTRIBUTE dop: 16/16)", "Parent Relationship": "Outer", "Startup Cost": 47967.08, "Total Cost": 108609.95, "Plan Rows": 447839, "Plan Width": 29, "Actual Min Startup Time": 118.114, "Actual Max Startup Time": 118.364, "Actual Min Total Time": 118.285, "Actual Max Total Time": 118.364, "Plans": [{"Node Type": "Hash Join", "Parent Relationship": "Outer", "Join Type": "Inner", "Startup Cost": 47967.08, "Total Cost": 91913.06, "Plan Rows": 447839, "Plan Width": 29, "Actual Min Startup Time": 203.393, "Actual Max Startup Time": 233.751, "Actual Min Total Time": 203.393, "Actual Max Total Time": 233.751, "Inner Unique": true, "Hash Cond": "(mi_idx.movie_id = t.id), (LLVM Optimized, Jit Execute)", "Plans": [{"Node Type": "Streaming(type: LOCAL REDISTRIBUTE dop: 16/1)", "Parent Relationship": "Outer", "Startup Cost": 7502.06, "Total Cost": 51087.28, "Plan Rows": 345008, "Plan Width": 4, "Actual Min Startup Time": 0.002, "Actual Max Startup Time": 0.006, "Actual Min Total Time": 0.002, "Actual Max Total Time": 0.007, "Plans": [{"Node Type": "Nested Loop", "Parent Relationship": "Outer", "Join Type": "Inner", "Startup Cost": 7502.06, "Total Cost": 21741.14, "Plan Rows": 345008, "Plan Width": 4, "Actual Min Startup Time": 0.122, "Actual Max Startup Time": 0.122, "Actual Min Total Time": 0.131, "Actual Max Total Time": 0.131, "Inner Unique": false, "Plans": [{"Node Type": "Seq Scan", "Parent Relationship": "Outer", "Relation Name": "info_type", "Alias": "it", "Startup Cost": 0.0, "Total Cost": 2.4, "Plan Rows": 1, "Plan Width": 4, "Actual Min Startup Time": 0.061, "Actual Max Startup Time": 0.061, "Actual Min Total Time": 0.065, "Actual Max Total Time": 0.065, "Filter": "((info)::text = 'bottom 10 rank'::text)", "Rows Removed by Filter": 111, "Actual Rows": 1}, {"Node Type": "Bitmap Heap Scan", "Parent Relationship": "Inner", "Relation Name": "movie_info_idx", "Alias": "mi_idx", "Startup Cost": 7502.06, "Total Cost": 18288.66, "Plan Rows": 345008, "Plan Width": 8, "Actual Min Startup Time": 0.052, "Actual Max Startup Time": 0.052, "Actual Min Total Time": 0.054, "Actual Max Total Time": 0.054, "Recheck Cond": "(info_type_id = it.id), (LLVM Optimized, Jit Execute)", "Rows Removed by Index Recheck": 0, "Exact Heap Blocks": 0, "Lossy Heap Blocks": 0, "Plans": [{"Node Type": "Bitmap Index Scan", "Parent Relationship": "Outer", "Index Name": "info_type_id_movie_info_idx", "Startup Cost": 0.0, "Total Cost": 7415.81, "Plan Rows": 345008, "Plan Width": 0, "Actual Min Startup Time": 0.035, "Actual Max Startup Time": 0.035, "Actual Min Total Time": 0.035, "Actual Max Total Time": 0.035, "Index Cond": "(info_type_id = it.id)", "Actual Rows": 10}], "Actual Rows": 10}], "Actual Rows": 10}], "Actual Rows": 10}, {"Node Type": "Hash", "Parent Relationship": "Inner", "Startup Cost": 39385.42, "Total Cost": 39385.42, "Plan Rows": 1381886, "Plan Width": 25, "Actual Min Startup Time": 203.177, "Actual Max Startup Time": 233.645, "Actual Min Total Time": 203.177, "Actual Max Total Time": 233.645, "Max Hash Buckets": 131072, "Min Hash Buckets": 131072, "Max Hash Batches": 1, "Min Hash Batches": 1, "Max Original Hash Batches": 1, "Min Original Hash Batches": 1, "Max Peak Memory Usage": 4984, "min Peak Memory Usage": 4984, "Plans": [{"Node Type": "Streaming(type: LOCAL REDISTRIBUTE dop: 16/16)", "Parent Relationship": "Outer", "Startup Cost": 0.0, "Total Cost": 39385.42, "Plan Rows": 1381886, "Plan Width": 25, "Actual Min Startup Time": 0.039, "Actual Max Startup Time": 10.28, "Actual Min Total Time": 176.212, "Actual Max Total Time": 208.781, "Plans": [{"Node Type": "Seq Scan", "Parent Relationship": "Outer", "Relation Name": "title", "Alias": "t", "Startup Cost": 0.0, "Total Cost": 19149.37, "Plan Rows": 1381886, "Plan Width": 25, "Actual Min Startup Time": 0.029, "Actual Max Startup Time": 0.044, "Actual Min Total Time": 61.246, "Actual Max Total Time": 65.802, "Filter": "(production_year > 2000), (LLVM Optimized, Jit Execute)", "Rows Removed by Filter": 1146858, "Actual Rows": 1381453}], "Actual Rows": 1381453}], "Actual Rows": 1381453}], "Actual Rows": 6}], "Actual Rows": 6}, {"Node Type": "Hash", "Parent Relationship": "Inner", "Startup Cost": 54189.55, "Total Cost": 54189.55, "Plan Rows": 1304518, "Plan Width": 28, "Actual Min Startup Time": 84.195, "Actual Max Startup Time": 127.124, "Actual Min Total Time": 84.195, "Actual Max Total Time": 127.124, "Max Hash Buckets": 131072, "Min Hash Buckets": 131072, "Max Hash Batches": 1, "Min Hash Batches": 1, "Max Original Hash Batches": 1, "Min Original Hash Batches": 1, "Max Peak Memory Usage": 494, "min Peak Memory Usage": 494, "Plans": [{"Node Type": "Streaming(type: LOCAL REDISTRIBUTE dop: 16/16)", "Parent Relationship": "Outer", "Startup Cost": 15001.4, "Total Cost": 54189.55, "Plan Rows": 1304518, "Plan Width": 28, "Actual Min Startup Time": 0.056, "Actual Max Startup Time": 37.884, "Actual Min Total Time": 80.861, "Actual Max Total Time": 124.457, "Plans": [{"Node Type": "Hash Join", "Parent Relationship": "Outer", "Join Type": "Inner", "Startup Cost": 15001.4, "Total Cost": 34246.65, "Plan Rows": 1304518, "Plan Width": 28, "Actual Min Startup Time": 48.489, "Actual Max Startup Time": 82.671, "Actual Min Total Time": 72.28, "Actual Max Total Time": 107.836, "Inner Unique": true, "Hash Cond": "(mc.company_type_id = ct.id), (LLVM Optimized, Jit Execute)", "Plans": [{"Node Type": "Seq Scan", "Parent Relationship": "Outer", "Relation Name": "movie_companies", "Alias": "mc", "Startup Cost": 0.0, "Total Cost": 18021.26, "Plan Rows": 2609035, "Plan Width": 32, "Actual Min Startup Time": 0.03, "Actual Max Startup Time": 0.057, "Actual Min Total Time": 57.531, "Actual Max Total Time": 64.89, "Filter": "((note)::text !~~ '%(as Metro-Goldwyn-Mayer Pictures)%'::text), (LLVM Optimized, Jit Execute)", "Rows Removed by Filter": 1272041, "Actual Rows": 1337087}, {"Node Type": "Hash", "Parent Relationship": "Inner", "Startup Cost": 15001.38, "Total Cost": 15001.38, "Plan Rows": 16, "Plan Width": 4, "Actual Min Startup Time": 0.011, "Actual Max Startup Time": 26.522, "Actual Min Total Time": 0.011, "Actual Max Total Time": 26.522, "Max Hash Buckets": 32768, "Min Hash Buckets": 32768, "Max Hash Batches": 1, "Min Hash Batches": 1, "Max Original Hash Batches": 1, "Min Original Hash Batches": 1, "Max Peak Memory Usage": 1, "min Peak Memory Usage": 1, "Plans": [{"Node Type": "Streaming(type: BROADCAST dop: 16/1)", "Parent Relationship": "Outer", "Startup Cost": 0.0, "Total Cost": 15001.38, "Plan Rows": 16, "Plan Width": 4, "Actual Min Startup Time": 0.003, "Actual Max Startup Time": 26.494, "Actual Min Total Time": 0.004, "Actual Max Total Time": 26.496, "Plans": [{"Node Type": "Seq Scan", "Parent Relationship": "Outer", "Relation Name": "company_type", "Alias": "ct", "Startup Cost": 0.0, "Total Cost": 1.04, "Plan Rows": 1, "Plan Width": 4, "Actual Min Startup Time": 0.038, "Actual Max Startup Time": 0.038, "Actual Min Total Time": 0.041, "Actual Max Total Time": 0.041, "Filter": "((kind)::text = 'production companies'::text)", "Rows Removed by Filter": 2, "Actual Rows": 1}], "Actual Rows": 16}], "Actual Rows": 16}], "Actual Rows": 140904}], "Actual Rows": 140904}], "Actual Rows": 140904}], "Actual Rows": 4}], "Actual Rows": 16}], "Actual Rows": 16}], "Actual Rows": 1}, "Triggers": [], "Planner Runtime": 20, "Total Runtime": 437.264, "Unique SQL Id": 2492542741}}, "(16, 97)": {"explain_plan": {"Plan": {"Node Type": "Aggregate", "Strategy": "Plain", "Startup Cost": 285378.18, "Total Cost": 285378.21, "Plan Rows": 1, "Plan Width": 113, "Plans": [{"Node Type": "Streaming(type: LOCAL GATHER dop: 1/16)", "Parent Relationship": "Outer", "Startup Cost": 285378.18, "Total Cost": 285378.21, "Plan Rows": 1, "Plan Width": 113, "Plans": [{"Node Type": "Aggregate", "Strategy": "Plain", "Parent Relationship": "Outer", "Startup Cost": 285378.18, "Total Cost": 285378.19, "Plan Rows": 1, "Plan Width": 113, "Plans": [{"Node Type": "Hash Join", "Parent Relationship": "Outer", "Join Type": "Inner", "Startup Cost": 134372.3, "Total Cost": 280498.99, "Plan Rows": 650559, "Plan Width": 45, "Inner Unique": false, "Hash Cond": "(t.id = mi_idx.movie_id), (LLVM Optimized)", "Plans": [{"Node Type": "Streaming(type: LOCAL REDISTRIBUTE dop: 16/16)", "Parent Relationship": "Outer", "Startup Cost": 121327.99, "Total Cost": 266714.82, "Plan Rows": 1693335, "Plan Width": 53, "Plans": [{"Node Type": "Hash Join", "Parent Relationship": "Outer", "Join Type": "Inner", "Startup Cost": 121327.99, "Total Cost": 245298.67, "Plan Rows": 1693335, "Plan Width": 53, "Inner Unique": false, "Hash Cond": "(t.id = mc.movie_id), (LLVM Optimized)", "Plans": [{"Node Type": "Streaming(type: LOCAL REDISTRIBUTE dop: 16/16)", "Parent Relationship": "Outer", "Startup Cost": 0.0, "Total Cost": 122048.67, "Plan Rows": 1381886, "Plan Width": 25, "Plans": [{"Node Type": "Index Scan", "Parent Relationship": "Outer", "Scan Direction": "Forward", "Index Name": "title_pkey", "Relation Name": "title", "Alias": "t", "Startup Cost": 0.0, "Total Cost": 101812.62, "Plan Rows": 1381886, "Plan Width": 25, "Filter": "(production_year > 2000), (LLVM Optimized)"}]}, {"Node Type": "Hash", "Parent Relationship": "Inner", "Startup Cost": 120308.83, "Total Cost": 120308.83, "Plan Rows": 1304518, "Plan Width": 28, "Plans": [{"Node Type": "Streaming(type: LOCAL REDISTRIBUTE dop: 16/16)", "Parent Relationship": "Outer", "Startup Cost": 15012.66, "Total Cost": 120308.83, "Plan Rows": 1304518, "Plan Width": 28, "Plans": [{"Node Type": "Hash Join", "Parent Relationship": "Outer", "Join Type": "Inner", "Startup Cost": 15012.66, "Total Cost": 100365.93, "Plan Rows": 1304518, "Plan Width": 28, "Inner Unique": true, "Hash Cond": "(mc.company_type_id = ct.id), (LLVM Optimized)", "Plans": [{"Node Type": "Index Scan", "Parent Relationship": "Outer", "Scan Direction": "Forward", "Index Name": "company_type_id_movie_companies", "Relation Name": "movie_companies", "Alias": "mc", "Startup Cost": 0.0, "Total Cost": 84129.27, "Plan Rows": 2609035, "Plan Width": 32, "Filter": "((note)::text !~~ '%(as Metro-Goldwyn-Mayer Pictures)%'::text), (LLVM Optimized)"}, {"Node Type": "Hash", "Parent Relationship": "Inner", "Startup Cost": 15012.65, "Total Cost": 15012.65, "Plan Rows": 16, "Plan Width": 4, "Plans": [{"Node Type": "Streaming(type: BROADCAST dop: 16/1)", "Parent Relationship": "Outer", "Startup Cost": 0.0, "Total Cost": 15012.65, "Plan Rows": 16, "Plan Width": 4, "Plans": [{"Node Type": "Index Scan", "Parent Relationship": "Outer", "Scan Direction": "Forward", "Index Name": "company_type_pkey", "Relation Name": "company_type", "Alias": "ct", "Startup Cost": 0.0, "Total Cost": 12.3, "Plan Rows": 1, "Plan Width": 4, "Filter": "((kind)::text = 'production companies'::text)"}]}]}]}]}]}]}]}, {"Node Type": "Hash", "Parent Relationship": "Inner", "Startup Cost": 51099.09, "Total Cost": 51099.09, "Plan Rows": 345008, "Plan Width": 4, "Plans": [{"Node Type": "Streaming(type: LOCAL REDISTRIBUTE dop: 16/1)", "Parent Relationship": "Outer", "Startup Cost": 7502.06, "Total Cost": 51099.09, "Plan Rows": 345008, "Plan Width": 4, "Plans": [{"Node Type": "Nested Loop", "Parent Relationship": "Outer", "Join Type": "Inner", "Startup Cost": 7502.06, "Total Cost": 21752.95, "Plan Rows": 345008, "Plan Width": 4, "Inner Unique": false, "Plans": [{"Node Type": "Index Scan", "Parent Relationship": "Outer", "Scan Direction": "Forward", "Index Name": "info_type_pkey", "Relation Name": "info_type", "Alias": "it", "Startup Cost": 0.0, "Total Cost": 14.21, "Plan Rows": 1, "Plan Width": 4, "Filter": "((info)::text = 'bottom 10 rank'::text)"}, {"Node Type": "Bitmap Heap Scan", "Parent Relationship": "Inner", "Relation Name": "movie_info_idx", "Alias": "mi_idx", "Startup Cost": 7502.06, "Total Cost": 18288.66, "Plan Rows": 345008, "Plan Width": 8, "Recheck Cond": "(info_type_id = it.id), (LLVM Optimized)", "Plans": [{"Node Type": "Bitmap Index Scan", "Parent Relationship": "Outer", "Index Name": "info_type_id_movie_info_idx", "Startup Cost": 0.0, "Total Cost": 7415.81, "Plan Rows": 345008, "Plan Width": 0, "Index Cond": "(info_type_id = it.id)"}]}]}]}]}]}]}]}]}, "Unique SQL Id": 2492542741, "Planner Runtime": 15}, "explain_analyze_plan": null}, "(16, 98)": {"explain_plan": {"Plan": {"Node Type": "Aggregate", "Strategy": "Plain", "Startup Cost": 169320.72, "Total Cost": 169320.75, "Plan Rows": 1, "Plan Width": 113, "Plans": [{"Node Type": "Streaming(type: LOCAL GATHER dop: 1/16)", "Parent Relationship": "Outer", "Startup Cost": 169320.72, "Total Cost": 169320.75, "Plan Rows": 1, "Plan Width": 113, "Plans": [{"Node Type": "Aggregate", "Strategy": "Plain", "Parent Relationship": "Outer", "Startup Cost": 169320.72, "Total Cost": 169320.73, "Plan Rows": 1, "Plan Width": 113, "Plans": [{"Node Type": "Hash Join", "Parent Relationship": "Outer", "Join Type": "Inner", "Startup Cost": 103175.79, "Total Cost": 164441.53, "Plan Rows": 650559, "Plan Width": 45, "Inner Unique": false, "Hash Cond": "(t.id = mc.movie_id), (LLVM Optimized)", "Plans": [{"Node Type": "Streaming(type: LOCAL REDISTRIBUTE dop: 16/16)", "Parent Relationship": "Outer", "Startup Cost": 47967.08, "Total Cost": 108609.95, "Plan Rows": 447839, "Plan Width": 29, "Plans": [{"Node Type": "Hash Join", "Parent Relationship": "Outer", "Join Type": "Inner", "Startup Cost": 47967.08, "Total Cost": 91913.06, "Plan Rows": 447839, "Plan Width": 29, "Inner Unique": true, "Hash Cond": "(mi_idx.movie_id = t.id), (LLVM Optimized)", "Plans": [{"Node Type": "Streaming(type: LOCAL REDISTRIBUTE dop: 16/1)", "Parent Relationship": "Outer", "Startup Cost": 7502.06, "Total Cost": 51087.28, "Plan Rows": 345008, "Plan Width": 4, "Plans": [{"Node Type": "Nested Loop", "Parent Relationship": "Outer", "Join Type": "Inner", "Startup Cost": 7502.06, "Total Cost": 21741.14, "Plan Rows": 345008, "Plan Width": 4, "Inner Unique": false, "Plans": [{"Node Type": "Seq Scan", "Parent Relationship": "Outer", "Relation Name": "info_type", "Alias": "it", "Startup Cost": 0.0, "Total Cost": 2.4, "Plan Rows": 1, "Plan Width": 4, "Filter": "((info)::text = 'bottom 10 rank'::text)"}, {"Node Type": "Bitmap Heap Scan", "Parent Relationship": "Inner", "Relation Name": "movie_info_idx", "Alias": "mi_idx", "Startup Cost": 7502.06, "Total Cost": 18288.66, "Plan Rows": 345008, "Plan Width": 8, "Recheck Cond": "(info_type_id = it.id), (LLVM Optimized)", "Plans": [{"Node Type": "Bitmap Index Scan", "Parent Relationship": "Outer", "Index Name": "info_type_id_movie_info_idx", "Startup Cost": 0.0, "Total Cost": 7415.81, "Plan Rows": 345008, "Plan Width": 0, "Index Cond": "(info_type_id = it.id)"}]}]}]}, {"Node Type": "Hash", "Parent Relationship": "Inner", "Startup Cost": 39385.42, "Total Cost": 39385.42, "Plan Rows": 1381886, "Plan Width": 25, "Plans": [{"Node Type": "Streaming(type: LOCAL REDISTRIBUTE dop: 16/16)", "Parent Relationship": "Outer", "Startup Cost": 0.0, "Total Cost": 39385.42, "Plan Rows": 1381886, "Plan Width": 25, "Plans": [{"Node Type": "Seq Scan", "Parent Relationship": "Outer", "Relation Name": "title", "Alias": "t", "Startup Cost": 0.0, "Total Cost": 19149.37, "Plan Rows": 1381886, "Plan Width": 25, "Filter": "(production_year > 2000), (LLVM Optimized)"}]}]}]}]}, {"Node Type": "Hash", "Parent Relationship": "Inner", "Startup Cost": 54189.55, "Total Cost": 54189.55, "Plan Rows": 1304518, "Plan Width": 28, "Plans": [{"Node Type": "Streaming(type: LOCAL REDISTRIBUTE dop: 16/16)", "Parent Relationship": "Outer", "Startup Cost": 15001.4, "Total Cost": 54189.55, "Plan Rows": 1304518, "Plan Width": 28, "Plans": [{"Node Type": "Hash Join", "Parent Relationship": "Outer", "Join Type": "Inner", "Startup Cost": 15001.4, "Total Cost": 34246.65, "Plan Rows": 1304518, "Plan Width": 28, "Inner Unique": true, "Hash Cond": "(mc.company_type_id = ct.id), (LLVM Optimized)", "Plans": [{"Node Type": "Seq Scan", "Parent Relationship": "Outer", "Relation Name": "movie_companies", "Alias": "mc", "Startup Cost": 0.0, "Total Cost": 18021.26, "Plan Rows": 2609035, "Plan Width": 32, "Filter": "((note)::text !~~ '%(as Metro-Goldwyn-Mayer Pictures)%'::text), (LLVM Optimized)"}, {"Node Type": "Hash", "Parent Relationship": "Inner", "Startup Cost": 15001.38, "Total Cost": 15001.38, "Plan Rows": 16, "Plan Width": 4, "Plans": [{"Node Type": "Streaming(type: BROADCAST dop: 16/1)", "Parent Relationship": "Outer", "Startup Cost": 0.0, "Total Cost": 15001.38, "Plan Rows": 16, "Plan Width": 4, "Plans": [{"Node Type": "Seq Scan", "Parent Relationship": "Outer", "Relation Name": "company_type", "Alias": "ct", "Startup Cost": 0.0, "Total Cost": 1.04, "Plan Rows": 1, "Plan Width": 4, "Filter": "((kind)::text = 'production companies'::text)"}]}]}]}]}]}]}]}]}]}, "Unique SQL Id": 2492542741, "Planner Runtime": 20}, "explain_analyze_plan": {"Plan": {"Node Type": "Aggregate", "Strategy": "Plain", "Startup Cost": 169320.72, "Total Cost": 169320.75, "Plan Rows": 1, "Plan Width": 113, "Actual Min Startup Time": 411.624, "Actual Max Startup Time": 411.624, "Actual Min Total Time": 411.624, "Actual Max Total Time": 411.624, "Plans": [{"Node Type": "Streaming(type: LOCAL GATHER dop: 1/16)", "Parent Relationship": "Outer", "Startup Cost": 169320.72, "Total Cost": 169320.75, "Plan Rows": 1, "Plan Width": 113, "Actual Min Startup Time": 411.362, "Actual Max Startup Time": 411.362, "Actual Min Total Time": 411.597, "Actual Max Total Time": 411.597, "Plans": [{"Node Type": "Aggregate", "Strategy": "Plain", "Parent Relationship": "Outer", "Startup Cost": 169320.72, "Total Cost": 169320.73, "Plan Rows": 1, "Plan Width": 113, "Actual Min Startup Time": 202.755, "Actual Max Startup Time": 245.629, "Actual Min Total Time": 202.755, "Actual Max Total Time": 245.629, "Plans": [{"Node Type": "Hash Join", "Parent Relationship": "Outer", "Join Type": "Inner", "Startup Cost": 103175.79, "Total Cost": 164441.53, "Plan Rows": 650559, "Plan Width": 45, "Actual Min Startup Time": 202.745, "Actual Max Startup Time": 245.621, "Actual Min Total Time": 202.745, "Actual Max Total Time": 245.621, "Inner Unique": false, "Hash Cond": "(t.id = mc.movie_id), (LLVM Optimized, Jit Execute)", "Plans": [{"Node Type": "Streaming(type: LOCAL REDISTRIBUTE dop: 16/16)", "Parent Relationship": "Outer", "Startup Cost": 47967.08, "Total Cost": 108609.95, "Plan Rows": 447839, "Plan Width": 29, "Actual Min Startup Time": 118.114, "Actual Max Startup Time": 118.364, "Actual Min Total Time": 118.285, "Actual Max Total Time": 118.364, "Plans": [{"Node Type": "Hash Join", "Parent Relationship": "Outer", "Join Type": "Inner", "Startup Cost": 47967.08, "Total Cost": 91913.06, "Plan Rows": 447839, "Plan Width": 29, "Actual Min Startup Time": 203.393, "Actual Max Startup Time": 233.751, "Actual Min Total Time": 203.393, "Actual Max Total Time": 233.751, "Inner Unique": true, "Hash Cond": "(mi_idx.movie_id = t.id), (LLVM Optimized, Jit Execute)", "Plans": [{"Node Type": "Streaming(type: LOCAL REDISTRIBUTE dop: 16/1)", "Parent Relationship": "Outer", "Startup Cost": 7502.06, "Total Cost": 51087.28, "Plan Rows": 345008, "Plan Width": 4, "Actual Min Startup Time": 0.002, "Actual Max Startup Time": 0.006, "Actual Min Total Time": 0.002, "Actual Max Total Time": 0.007, "Plans": [{"Node Type": "Nested Loop", "Parent Relationship": "Outer", "Join Type": "Inner", "Startup Cost": 7502.06, "Total Cost": 21741.14, "Plan Rows": 345008, "Plan Width": 4, "Actual Min Startup Time": 0.122, "Actual Max Startup Time": 0.122, "Actual Min Total Time": 0.131, "Actual Max Total Time": 0.131, "Inner Unique": false, "Plans": [{"Node Type": "Seq Scan", "Parent Relationship": "Outer", "Relation Name": "info_type", "Alias": "it", "Startup Cost": 0.0, "Total Cost": 2.4, "Plan Rows": 1, "Plan Width": 4, "Actual Min Startup Time": 0.061, "Actual Max Startup Time": 0.061, "Actual Min Total Time": 0.065, "Actual Max Total Time": 0.065, "Filter": "((info)::text = 'bottom 10 rank'::text)", "Rows Removed by Filter": 111, "Actual Rows": 1}, {"Node Type": "Bitmap Heap Scan", "Parent Relationship": "Inner", "Relation Name": "movie_info_idx", "Alias": "mi_idx", "Startup Cost": 7502.06, "Total Cost": 18288.66, "Plan Rows": 345008, "Plan Width": 8, "Actual Min Startup Time": 0.052, "Actual Max Startup Time": 0.052, "Actual Min Total Time": 0.054, "Actual Max Total Time": 0.054, "Recheck Cond": "(info_type_id = it.id), (LLVM Optimized, Jit Execute)", "Rows Removed by Index Recheck": 0, "Exact Heap Blocks": 0, "Lossy Heap Blocks": 0, "Plans": [{"Node Type": "Bitmap Index Scan", "Parent Relationship": "Outer", "Index Name": "info_type_id_movie_info_idx", "Startup Cost": 0.0, "Total Cost": 7415.81, "Plan Rows": 345008, "Plan Width": 0, "Actual Min Startup Time": 0.035, "Actual Max Startup Time": 0.035, "Actual Min Total Time": 0.035, "Actual Max Total Time": 0.035, "Index Cond": "(info_type_id = it.id)", "Actual Rows": 10}], "Actual Rows": 10}], "Actual Rows": 10}], "Actual Rows": 10}, {"Node Type": "Hash", "Parent Relationship": "Inner", "Startup Cost": 39385.42, "Total Cost": 39385.42, "Plan Rows": 1381886, "Plan Width": 25, "Actual Min Startup Time": 203.177, "Actual Max Startup Time": 233.645, "Actual Min Total Time": 203.177, "Actual Max Total Time": 233.645, "Max Hash Buckets": 131072, "Min Hash Buckets": 131072, "Max Hash Batches": 1, "Min Hash Batches": 1, "Max Original Hash Batches": 1, "Min Original Hash Batches": 1, "Max Peak Memory Usage": 4984, "min Peak Memory Usage": 4984, "Plans": [{"Node Type": "Streaming(type: LOCAL REDISTRIBUTE dop: 16/16)", "Parent Relationship": "Outer", "Startup Cost": 0.0, "Total Cost": 39385.42, "Plan Rows": 1381886, "Plan Width": 25, "Actual Min Startup Time": 0.039, "Actual Max Startup Time": 10.28, "Actual Min Total Time": 176.212, "Actual Max Total Time": 208.781, "Plans": [{"Node Type": "Seq Scan", "Parent Relationship": "Outer", "Relation Name": "title", "Alias": "t", "Startup Cost": 0.0, "Total Cost": 19149.37, "Plan Rows": 1381886, "Plan Width": 25, "Actual Min Startup Time": 0.029, "Actual Max Startup Time": 0.044, "Actual Min Total Time": 61.246, "Actual Max Total Time": 65.802, "Filter": "(production_year > 2000), (LLVM Optimized, Jit Execute)", "Rows Removed by Filter": 1146858, "Actual Rows": 1381453}], "Actual Rows": 1381453}], "Actual Rows": 1381453}], "Actual Rows": 6}], "Actual Rows": 6}, {"Node Type": "Hash", "Parent Relationship": "Inner", "Startup Cost": 54189.55, "Total Cost": 54189.55, "Plan Rows": 1304518, "Plan Width": 28, "Actual Min Startup Time": 84.195, "Actual Max Startup Time": 127.124, "Actual Min Total Time": 84.195, "Actual Max Total Time": 127.124, "Max Hash Buckets": 131072, "Min Hash Buckets": 131072, "Max Hash Batches": 1, "Min Hash Batches": 1, "Max Original Hash Batches": 1, "Min Original Hash Batches": 1, "Max Peak Memory Usage": 494, "min Peak Memory Usage": 494, "Plans": [{"Node Type": "Streaming(type: LOCAL REDISTRIBUTE dop: 16/16)", "Parent Relationship": "Outer", "Startup Cost": 15001.4, "Total Cost": 54189.55, "Plan Rows": 1304518, "Plan Width": 28, "Actual Min Startup Time": 0.056, "Actual Max Startup Time": 37.884, "Actual Min Total Time": 80.861, "Actual Max Total Time": 124.457, "Plans": [{"Node Type": "Hash Join", "Parent Relationship": "Outer", "Join Type": "Inner", "Startup Cost": 15001.4, "Total Cost": 34246.65, "Plan Rows": 1304518, "Plan Width": 28, "Actual Min Startup Time": 48.489, "Actual Max Startup Time": 82.671, "Actual Min Total Time": 72.28, "Actual Max Total Time": 107.836, "Inner Unique": true, "Hash Cond": "(mc.company_type_id = ct.id), (LLVM Optimized, Jit Execute)", "Plans": [{"Node Type": "Seq Scan", "Parent Relationship": "Outer", "Relation Name": "movie_companies", "Alias": "mc", "Startup Cost": 0.0, "Total Cost": 18021.26, "Plan Rows": 2609035, "Plan Width": 32, "Actual Min Startup Time": 0.03, "Actual Max Startup Time": 0.057, "Actual Min Total Time": 57.531, "Actual Max Total Time": 64.89, "Filter": "((note)::text !~~ '%(as Metro-Goldwyn-Mayer Pictures)%'::text), (LLVM Optimized, Jit Execute)", "Rows Removed by Filter": 1272041, "Actual Rows": 1337087}, {"Node Type": "Hash", "Parent Relationship": "Inner", "Startup Cost": 15001.38, "Total Cost": 15001.38, "Plan Rows": 16, "Plan Width": 4, "Actual Min Startup Time": 0.011, "Actual Max Startup Time": 26.522, "Actual Min Total Time": 0.011, "Actual Max Total Time": 26.522, "Max Hash Buckets": 32768, "Min Hash Buckets": 32768, "Max Hash Batches": 1, "Min Hash Batches": 1, "Max Original Hash Batches": 1, "Min Original Hash Batches": 1, "Max Peak Memory Usage": 1, "min Peak Memory Usage": 1, "Plans": [{"Node Type": "Streaming(type: BROADCAST dop: 16/1)", "Parent Relationship": "Outer", "Startup Cost": 0.0, "Total Cost": 15001.38, "Plan Rows": 16, "Plan Width": 4, "Actual Min Startup Time": 0.003, "Actual Max Startup Time": 26.494, "Actual Min Total Time": 0.004, "Actual Max Total Time": 26.496, "Plans": [{"Node Type": "Seq Scan", "Parent Relationship": "Outer", "Relation Name": "company_type", "Alias": "ct", "Startup Cost": 0.0, "Total Cost": 1.04, "Plan Rows": 1, "Plan Width": 4, "Actual Min Startup Time": 0.038, "Actual Max Startup Time": 0.038, "Actual Min Total Time": 0.041, "Actual Max Total Time": 0.041, "Filter": "((kind)::text = 'production companies'::text)", "Rows Removed by Filter": 2, "Actual Rows": 1}], "Actual Rows": 16}], "Actual Rows": 16}], "Actual Rows": 140904}], "Actual Rows": 140904}], "Actual Rows": 140904}], "Actual Rows": 4}], "Actual Rows": 16}], "Actual Rows": 16}], "Actual Rows": 1}, "Triggers": [], "Planner Runtime": 20, "Total Runtime": 437.264, "Unique SQL Id": 2492542741}}, "(16, 99)": {"explain_plan": {"Plan": {"Node Type": "Aggregate", "Strategy": "Plain", "Startup Cost": 259667.26, "Total Cost": 259667.27, "Plan Rows": 1, "Plan Width": 113, "Plans": [{"Node Type": "Hash Join", "Parent Relationship": "Outer", "Join Type": "Inner", "Startup Cost": 196064.72, "Total Cost": 254788.06, "Plan Rows": 650559, "Plan Width": 45, "Inner Unique": false, "Hash Cond": "(mc.movie_id = t.id), (LLVM Optimized)", "Plans": [{"Node Type": "Nested Loop", "Parent Relationship": "Outer", "Join Type": "Inner", "Startup Cost": 29278.87, "Total Cost": 77622.54, "Plan Rows": 1304518, "Plan Width": 28, "Inner Unique": false, "Plans": [{"Node Type": "Bitmap Heap Scan", "Parent Relationship": "Outer", "Relation Name": "company_type", "Alias": "ct", "Startup Cost": 8.27, "Total Cost": 12.3, "Plan Rows": 1, "Plan Width": 4, "Filter": "((kind)::text = 'production companies'::text)", "Plans": [{"Node Type": "Bitmap Index Scan", "Parent Relationship": "Outer", "Index Name": "company_type_pkey", "Startup Cost": 0.0, "Total Cost": 8.27, "Plan Rows": 3, "Plan Width": 0}]}, {"Node Type": "Bitmap Heap Scan", "Parent Relationship": "Inner", "Relation Name": "movie_companies", "Alias": "mc", "Startup Cost": 29270.61, "Total Cost": 64565.07, "Plan Rows": 1304517, "Plan Width": 32, "Recheck Cond": "(company_type_id = ct.id), (LLVM Optimized)", "Filter": "((note)::text !~~ '%(as Metro-Goldwyn-Mayer Pictures)%'::text), (LLVM Optimized)", "Plans": [{"Node Type": "Bitmap Index Scan", "Parent Relationship": "Outer", "Index Name": "company_type_id_movie_companies", "Startup Cost": 0.0, "Total Cost": 28944.48, "Plan Rows": 1304564, "Plan Width": 0, "Index Cond": "(company_type_id = ct.id)"}]}]}, {"Node Type": "Hash", "Parent Relationship": "Inner", "Startup Cost": 161187.86, "Total Cost": 161187.86, "Plan Rows": 447839, "Plan Width": 29, "Plans": [{"Node Type": "Hash Join", "Parent Relationship": "Outer", "Join Type": "Inner", "Startup Cost": 141173.61, "Total Cost": 161187.86, "Plan Rows": 447839, "Plan Width": 29, "Inner Unique": true, "Hash Cond": "(mi_idx.movie_id = t.id), (LLVM Optimized)", "Plans": [{"Node Type": "Nested Loop", "Parent Relationship": "Outer", "Join Type": "Inner", "Startup Cost": 7510.87, "Total Cost": 21752.95, "Plan Rows": 345008, "Plan Width": 4, "Inner Unique": false, "Plans": [{"Node Type": "Bitmap Heap Scan", "Parent Relationship": "Outer", "Relation Name": "info_type", "Alias": "it", "Startup Cost": 8.81, "Total Cost": 14.21, "Plan Rows": 1, "Plan Width": 4, "Filter": "((info)::text = 'bottom 10 rank'::text)", "Plans": [{"Node Type": "Bitmap Index Scan", "Parent Relationship": "Outer", "Index Name": "info_type_pkey", "Startup Cost": 0.0, "Total Cost": 8.81, "Plan Rows": 112, "Plan Width": 0}]}, {"Node Type": "Bitmap Heap Scan", "Parent Relationship": "Inner", "Relation Name": "movie_info_idx", "Alias": "mi_idx", "Startup Cost": 7502.06, "Total Cost": 18288.66, "Plan Rows": 345008, "Plan Width": 8, "Recheck Cond": "(info_type_id = it.id), (LLVM Optimized)", "Plans": [{"Node Type": "Bitmap Index Scan", "Parent Relationship": "Outer", "Index Name": "info_type_id_movie_info_idx", "Startup Cost": 0.0, "Total Cost": 7415.81, "Plan Rows": 345008, "Plan Width": 0, "Index Cond": "(info_type_id = it.id)"}]}]}, {"Node Type": "Hash", "Parent Relationship": "Inner", "Startup Cost": 116389.16, "Total Cost": 116389.16, "Plan Rows": 1381886, "Plan Width": 25, "Plans": [{"Node Type": "Bitmap Heap Scan", "Parent Relationship": "Outer", "Relation Name": "title", "Alias": "t", "Startup Cost": 49999.28, "Total Cost": 116389.16, "Plan Rows": 1381886, "Plan Width": 25, "Filter": "(production_year > 2000), (LLVM Optimized)", "Plans": [{"Node Type": "Bitmap Index Scan", "Parent Relationship": "Outer", "Index Name": "title_pkey", "Startup Cost": 0.0, "Total Cost": 49653.81, "Plan Rows": 2528311, "Plan Width": 0}]}]}]}]}]}]}, "Unique SQL Id": 2492542741, "Planner Runtime": 5}, "explain_analyze_plan": null}, "(16, 100)": {"explain_plan": {"Plan": {"Node Type": "Aggregate", "Strategy": "Plain", "Startup Cost": 169320.72, "Total Cost": 169320.75, "Plan Rows": 1, "Plan Width": 113, "Plans": [{"Node Type": "Streaming(type: LOCAL GATHER dop: 1/16)", "Parent Relationship": "Outer", "Startup Cost": 169320.72, "Total Cost": 169320.75, "Plan Rows": 1, "Plan Width": 113, "Plans": [{"Node Type": "Aggregate", "Strategy": "Plain", "Parent Relationship": "Outer", "Startup Cost": 169320.72, "Total Cost": 169320.73, "Plan Rows": 1, "Plan Width": 113, "Plans": [{"Node Type": "Hash Join", "Parent Relationship": "Outer", "Join Type": "Inner", "Startup Cost": 103175.79, "Total Cost": 164441.53, "Plan Rows": 650559, "Plan Width": 45, "Inner Unique": false, "Hash Cond": "(t.id = mc.movie_id), (LLVM Optimized)", "Plans": [{"Node Type": "Streaming(type: LOCAL REDISTRIBUTE dop: 16/16)", "Parent Relationship": "Outer", "Startup Cost": 47967.08, "Total Cost": 108609.95, "Plan Rows": 447839, "Plan Width": 29, "Plans": [{"Node Type": "Hash Join", "Parent Relationship": "Outer", "Join Type": "Inner", "Startup Cost": 47967.08, "Total Cost": 91913.06, "Plan Rows": 447839, "Plan Width": 29, "Inner Unique": true, "Hash Cond": "(mi_idx.movie_id = t.id), (LLVM Optimized)", "Plans": [{"Node Type": "Streaming(type: LOCAL REDISTRIBUTE dop: 16/1)", "Parent Relationship": "Outer", "Startup Cost": 7502.06, "Total Cost": 51087.28, "Plan Rows": 345008, "Plan Width": 4, "Plans": [{"Node Type": "Nested Loop", "Parent Relationship": "Outer", "Join Type": "Inner", "Startup Cost": 7502.06, "Total Cost": 21741.14, "Plan Rows": 345008, "Plan Width": 4, "Inner Unique": false, "Plans": [{"Node Type": "Seq Scan", "Parent Relationship": "Outer", "Relation Name": "info_type", "Alias": "it", "Startup Cost": 0.0, "Total Cost": 2.4, "Plan Rows": 1, "Plan Width": 4, "Filter": "((info)::text = 'bottom 10 rank'::text)"}, {"Node Type": "Bitmap Heap Scan", "Parent Relationship": "Inner", "Relation Name": "movie_info_idx", "Alias": "mi_idx", "Startup Cost": 7502.06, "Total Cost": 18288.66, "Plan Rows": 345008, "Plan Width": 8, "Recheck Cond": "(info_type_id = it.id), (LLVM Optimized)", "Plans": [{"Node Type": "Bitmap Index Scan", "Parent Relationship": "Outer", "Index Name": "info_type_id_movie_info_idx", "Startup Cost": 0.0, "Total Cost": 7415.81, "Plan Rows": 345008, "Plan Width": 0, "Index Cond": "(info_type_id = it.id)"}]}]}]}, {"Node Type": "Hash", "Parent Relationship": "Inner", "Startup Cost": 39385.42, "Total Cost": 39385.42, "Plan Rows": 1381886, "Plan Width": 25, "Plans": [{"Node Type": "Streaming(type: LOCAL REDISTRIBUTE dop: 16/16)", "Parent Relationship": "Outer", "Startup Cost": 0.0, "Total Cost": 39385.42, "Plan Rows": 1381886, "Plan Width": 25, "Plans": [{"Node Type": "Seq Scan", "Parent Relationship": "Outer", "Relation Name": "title", "Alias": "t", "Startup Cost": 0.0, "Total Cost": 19149.37, "Plan Rows": 1381886, "Plan Width": 25, "Filter": "(production_year > 2000), (LLVM Optimized)"}]}]}]}]}, {"Node Type": "Hash", "Parent Relationship": "Inner", "Startup Cost": 54189.55, "Total Cost": 54189.55, "Plan Rows": 1304518, "Plan Width": 28, "Plans": [{"Node Type": "Streaming(type: LOCAL REDISTRIBUTE dop: 16/16)", "Parent Relationship": "Outer", "Startup Cost": 15001.4, "Total Cost": 54189.55, "Plan Rows": 1304518, "Plan Width": 28, "Plans": [{"Node Type": "Hash Join", "Parent Relationship": "Outer", "Join Type": "Inner", "Startup Cost": 15001.4, "Total Cost": 34246.65, "Plan Rows": 1304518, "Plan Width": 28, "Inner Unique": true, "Hash Cond": "(mc.company_type_id = ct.id), (LLVM Optimized)", "Plans": [{"Node Type": "Seq Scan", "Parent Relationship": "Outer", "Relation Name": "movie_companies", "Alias": "mc", "Startup Cost": 0.0, "Total Cost": 18021.26, "Plan Rows": 2609035, "Plan Width": 32, "Filter": "((note)::text !~~ '%(as Metro-Goldwyn-Mayer Pictures)%'::text), (LLVM Optimized)"}, {"Node Type": "Hash", "Parent Relationship": "Inner", "Startup Cost": 15001.38, "Total Cost": 15001.38, "Plan Rows": 16, "Plan Width": 4, "Plans": [{"Node Type": "Streaming(type: BROADCAST dop: 16/1)", "Parent Relationship": "Outer", "Startup Cost": 0.0, "Total Cost": 15001.38, "Plan Rows": 16, "Plan Width": 4, "Plans": [{"Node Type": "Seq Scan", "Parent Relationship": "Outer", "Relation Name": "company_type", "Alias": "ct", "Startup Cost": 0.0, "Total Cost": 1.04, "Plan Rows": 1, "Plan Width": 4, "Filter": "((kind)::text = 'production companies'::text)"}]}]}]}]}]}]}]}]}]}, "Unique SQL Id": 2492542741, "Planner Runtime": 15}, "explain_analyze_plan": {"Plan": {"Node Type": "Aggregate", "Strategy": "Plain", "Startup Cost": 169320.72, "Total Cost": 169320.75, "Plan Rows": 1, "Plan Width": 113, "Actual Min Startup Time": 411.624, "Actual Max Startup Time": 411.624, "Actual Min Total Time": 411.624, "Actual Max Total Time": 411.624, "Plans": [{"Node Type": "Streaming(type: LOCAL GATHER dop: 1/16)", "Parent Relationship": "Outer", "Startup Cost": 169320.72, "Total Cost": 169320.75, "Plan Rows": 1, "Plan Width": 113, "Actual Min Startup Time": 411.362, "Actual Max Startup Time": 411.362, "Actual Min Total Time": 411.597, "Actual Max Total Time": 411.597, "Plans": [{"Node Type": "Aggregate", "Strategy": "Plain", "Parent Relationship": "Outer", "Startup Cost": 169320.72, "Total Cost": 169320.73, "Plan Rows": 1, "Plan Width": 113, "Actual Min Startup Time": 202.755, "Actual Max Startup Time": 245.629, "Actual Min Total Time": 202.755, "Actual Max Total Time": 245.629, "Plans": [{"Node Type": "Hash Join", "Parent Relationship": "Outer", "Join Type": "Inner", "Startup Cost": 103175.79, "Total Cost": 164441.53, "Plan Rows": 650559, "Plan Width": 45, "Actual Min Startup Time": 202.745, "Actual Max Startup Time": 245.621, "Actual Min Total Time": 202.745, "Actual Max Total Time": 245.621, "Inner Unique": false, "Hash Cond": "(t.id = mc.movie_id), (LLVM Optimized, Jit Execute)", "Plans": [{"Node Type": "Streaming(type: LOCAL REDISTRIBUTE dop: 16/16)", "Parent Relationship": "Outer", "Startup Cost": 47967.08, "Total Cost": 108609.95, "Plan Rows": 447839, "Plan Width": 29, "Actual Min Startup Time": 118.114, "Actual Max Startup Time": 118.364, "Actual Min Total Time": 118.285, "Actual Max Total Time": 118.364, "Plans": [{"Node Type": "Hash Join", "Parent Relationship": "Outer", "Join Type": "Inner", "Startup Cost": 47967.08, "Total Cost": 91913.06, "Plan Rows": 447839, "Plan Width": 29, "Actual Min Startup Time": 203.393, "Actual Max Startup Time": 233.751, "Actual Min Total Time": 203.393, "Actual Max Total Time": 233.751, "Inner Unique": true, "Hash Cond": "(mi_idx.movie_id = t.id), (LLVM Optimized, Jit Execute)", "Plans": [{"Node Type": "Streaming(type: LOCAL REDISTRIBUTE dop: 16/1)", "Parent Relationship": "Outer", "Startup Cost": 7502.06, "Total Cost": 51087.28, "Plan Rows": 345008, "Plan Width": 4, "Actual Min Startup Time": 0.002, "Actual Max Startup Time": 0.006, "Actual Min Total Time": 0.002, "Actual Max Total Time": 0.007, "Plans": [{"Node Type": "Nested Loop", "Parent Relationship": "Outer", "Join Type": "Inner", "Startup Cost": 7502.06, "Total Cost": 21741.14, "Plan Rows": 345008, "Plan Width": 4, "Actual Min Startup Time": 0.122, "Actual Max Startup Time": 0.122, "Actual Min Total Time": 0.131, "Actual Max Total Time": 0.131, "Inner Unique": false, "Plans": [{"Node Type": "Seq Scan", "Parent Relationship": "Outer", "Relation Name": "info_type", "Alias": "it", "Startup Cost": 0.0, "Total Cost": 2.4, "Plan Rows": 1, "Plan Width": 4, "Actual Min Startup Time": 0.061, "Actual Max Startup Time": 0.061, "Actual Min Total Time": 0.065, "Actual Max Total Time": 0.065, "Filter": "((info)::text = 'bottom 10 rank'::text)", "Rows Removed by Filter": 111, "Actual Rows": 1}, {"Node Type": "Bitmap Heap Scan", "Parent Relationship": "Inner", "Relation Name": "movie_info_idx", "Alias": "mi_idx", "Startup Cost": 7502.06, "Total Cost": 18288.66, "Plan Rows": 345008, "Plan Width": 8, "Actual Min Startup Time": 0.052, "Actual Max Startup Time": 0.052, "Actual Min Total Time": 0.054, "Actual Max Total Time": 0.054, "Recheck Cond": "(info_type_id = it.id), (LLVM Optimized, Jit Execute)", "Rows Removed by Index Recheck": 0, "Exact Heap Blocks": 0, "Lossy Heap Blocks": 0, "Plans": [{"Node Type": "Bitmap Index Scan", "Parent Relationship": "Outer", "Index Name": "info_type_id_movie_info_idx", "Startup Cost": 0.0, "Total Cost": 7415.81, "Plan Rows": 345008, "Plan Width": 0, "Actual Min Startup Time": 0.035, "Actual Max Startup Time": 0.035, "Actual Min Total Time": 0.035, "Actual Max Total Time": 0.035, "Index Cond": "(info_type_id = it.id)", "Actual Rows": 10}], "Actual Rows": 10}], "Actual Rows": 10}], "Actual Rows": 10}, {"Node Type": "Hash", "Parent Relationship": "Inner", "Startup Cost": 39385.42, "Total Cost": 39385.42, "Plan Rows": 1381886, "Plan Width": 25, "Actual Min Startup Time": 203.177, "Actual Max Startup Time": 233.645, "Actual Min Total Time": 203.177, "Actual Max Total Time": 233.645, "Max Hash Buckets": 131072, "Min Hash Buckets": 131072, "Max Hash Batches": 1, "Min Hash Batches": 1, "Max Original Hash Batches": 1, "Min Original Hash Batches": 1, "Max Peak Memory Usage": 4984, "min Peak Memory Usage": 4984, "Plans": [{"Node Type": "Streaming(type: LOCAL REDISTRIBUTE dop: 16/16)", "Parent Relationship": "Outer", "Startup Cost": 0.0, "Total Cost": 39385.42, "Plan Rows": 1381886, "Plan Width": 25, "Actual Min Startup Time": 0.039, "Actual Max Startup Time": 10.28, "Actual Min Total Time": 176.212, "Actual Max Total Time": 208.781, "Plans": [{"Node Type": "Seq Scan", "Parent Relationship": "Outer", "Relation Name": "title", "Alias": "t", "Startup Cost": 0.0, "Total Cost": 19149.37, "Plan Rows": 1381886, "Plan Width": 25, "Actual Min Startup Time": 0.029, "Actual Max Startup Time": 0.044, "Actual Min Total Time": 61.246, "Actual Max Total Time": 65.802, "Filter": "(production_year > 2000), (LLVM Optimized, Jit Execute)", "Rows Removed by Filter": 1146858, "Actual Rows": 1381453}], "Actual Rows": 1381453}], "Actual Rows": 1381453}], "Actual Rows": 6}], "Actual Rows": 6}, {"Node Type": "Hash", "Parent Relationship": "Inner", "Startup Cost": 54189.55, "Total Cost": 54189.55, "Plan Rows": 1304518, "Plan Width": 28, "Actual Min Startup Time": 84.195, "Actual Max Startup Time": 127.124, "Actual Min Total Time": 84.195, "Actual Max Total Time": 127.124, "Max Hash Buckets": 131072, "Min Hash Buckets": 131072, "Max Hash Batches": 1, "Min Hash Batches": 1, "Max Original Hash Batches": 1, "Min Original Hash Batches": 1, "Max Peak Memory Usage": 494, "min Peak Memory Usage": 494, "Plans": [{"Node Type": "Streaming(type: LOCAL REDISTRIBUTE dop: 16/16)", "Parent Relationship": "Outer", "Startup Cost": 15001.4, "Total Cost": 54189.55, "Plan Rows": 1304518, "Plan Width": 28, "Actual Min Startup Time": 0.056, "Actual Max Startup Time": 37.884, "Actual Min Total Time": 80.861, "Actual Max Total Time": 124.457, "Plans": [{"Node Type": "Hash Join", "Parent Relationship": "Outer", "Join Type": "Inner", "Startup Cost": 15001.4, "Total Cost": 34246.65, "Plan Rows": 1304518, "Plan Width": 28, "Actual Min Startup Time": 48.489, "Actual Max Startup Time": 82.671, "Actual Min Total Time": 72.28, "Actual Max Total Time": 107.836, "Inner Unique": true, "Hash Cond": "(mc.company_type_id = ct.id), (LLVM Optimized, Jit Execute)", "Plans": [{"Node Type": "Seq Scan", "Parent Relationship": "Outer", "Relation Name": "movie_companies", "Alias": "mc", "Startup Cost": 0.0, "Total Cost": 18021.26, "Plan Rows": 2609035, "Plan Width": 32, "Actual Min Startup Time": 0.03, "Actual Max Startup Time": 0.057, "Actual Min Total Time": 57.531, "Actual Max Total Time": 64.89, "Filter": "((note)::text !~~ '%(as Metro-Goldwyn-Mayer Pictures)%'::text), (LLVM Optimized, Jit Execute)", "Rows Removed by Filter": 1272041, "Actual Rows": 1337087}, {"Node Type": "Hash", "Parent Relationship": "Inner", "Startup Cost": 15001.38, "Total Cost": 15001.38, "Plan Rows": 16, "Plan Width": 4, "Actual Min Startup Time": 0.011, "Actual Max Startup Time": 26.522, "Actual Min Total Time": 0.011, "Actual Max Total Time": 26.522, "Max Hash Buckets": 32768, "Min Hash Buckets": 32768, "Max Hash Batches": 1, "Min Hash Batches": 1, "Max Original Hash Batches": 1, "Min Original Hash Batches": 1, "Max Peak Memory Usage": 1, "min Peak Memory Usage": 1, "Plans": [{"Node Type": "Streaming(type: BROADCAST dop: 16/1)", "Parent Relationship": "Outer", "Startup Cost": 0.0, "Total Cost": 15001.38, "Plan Rows": 16, "Plan Width": 4, "Actual Min Startup Time": 0.003, "Actual Max Startup Time": 26.494, "Actual Min Total Time": 0.004, "Actual Max Total Time": 26.496, "Plans": [{"Node Type": "Seq Scan", "Parent Relationship": "Outer", "Relation Name": "company_type", "Alias": "ct", "Startup Cost": 0.0, "Total Cost": 1.04, "Plan Rows": 1, "Plan Width": 4, "Actual Min Startup Time": 0.038, "Actual Max Startup Time": 0.038, "Actual Min Total Time": 0.041, "Actual Max Total Time": 0.041, "Filter": "((kind)::text = 'production companies'::text)", "Rows Removed by Filter": 2, "Actual Rows": 1}], "Actual Rows": 16}], "Actual Rows": 16}], "Actual Rows": 140904}], "Actual Rows": 140904}], "Actual Rows": 140904}], "Actual Rows": 4}], "Actual Rows": 16}], "Actual Rows": 16}], "Actual Rows": 1}, "Triggers": [], "Planner Runtime": 20, "Total Runtime": 437.264, "Unique SQL Id": 2492542741}}, "(16, 101)": {"explain_plan": {"Plan": {"Node Type": "Aggregate", "Strategy": "Plain", "Startup Cost": 285378.18, "Total Cost": 285378.21, "Plan Rows": 1, "Plan Width": 113, "Plans": [{"Node Type": "Streaming(type: LOCAL GATHER dop: 1/16)", "Parent Relationship": "Outer", "Startup Cost": 285378.18, "Total Cost": 285378.21, "Plan Rows": 1, "Plan Width": 113, "Plans": [{"Node Type": "Aggregate", "Strategy": "Plain", "Parent Relationship": "Outer", "Startup Cost": 285378.18, "Total Cost": 285378.19, "Plan Rows": 1, "Plan Width": 113, "Plans": [{"Node Type": "Hash Join", "Parent Relationship": "Outer", "Join Type": "Inner", "Startup Cost": 134372.3, "Total Cost": 280498.99, "Plan Rows": 650559, "Plan Width": 45, "Inner Unique": false, "Hash Cond": "(t.id = mi_idx.movie_id), (LLVM Optimized)", "Plans": [{"Node Type": "Streaming(type: LOCAL REDISTRIBUTE dop: 16/16)", "Parent Relationship": "Outer", "Startup Cost": 121327.99, "Total Cost": 266714.82, "Plan Rows": 1693335, "Plan Width": 53, "Plans": [{"Node Type": "Hash Join", "Parent Relationship": "Outer", "Join Type": "Inner", "Startup Cost": 121327.99, "Total Cost": 245298.67, "Plan Rows": 1693335, "Plan Width": 53, "Inner Unique": false, "Hash Cond": "(t.id = mc.movie_id), (LLVM Optimized)", "Plans": [{"Node Type": "Streaming(type: LOCAL REDISTRIBUTE dop: 16/16)", "Parent Relationship": "Outer", "Startup Cost": 0.0, "Total Cost": 122048.67, "Plan Rows": 1381886, "Plan Width": 25, "Plans": [{"Node Type": "Index Scan", "Parent Relationship": "Outer", "Scan Direction": "Forward", "Index Name": "title_pkey", "Relation Name": "title", "Alias": "t", "Startup Cost": 0.0, "Total Cost": 101812.62, "Plan Rows": 1381886, "Plan Width": 25, "Filter": "(production_year > 2000), (LLVM Optimized)"}]}, {"Node Type": "Hash", "Parent Relationship": "Inner", "Startup Cost": 120308.83, "Total Cost": 120308.83, "Plan Rows": 1304518, "Plan Width": 28, "Plans": [{"Node Type": "Streaming(type: LOCAL REDISTRIBUTE dop: 16/16)", "Parent Relationship": "Outer", "Startup Cost": 15012.66, "Total Cost": 120308.83, "Plan Rows": 1304518, "Plan Width": 28, "Plans": [{"Node Type": "Hash Join", "Parent Relationship": "Outer", "Join Type": "Inner", "Startup Cost": 15012.66, "Total Cost": 100365.93, "Plan Rows": 1304518, "Plan Width": 28, "Inner Unique": true, "Hash Cond": "(mc.company_type_id = ct.id), (LLVM Optimized)", "Plans": [{"Node Type": "Index Scan", "Parent Relationship": "Outer", "Scan Direction": "Forward", "Index Name": "company_type_id_movie_companies", "Relation Name": "movie_companies", "Alias": "mc", "Startup Cost": 0.0, "Total Cost": 84129.27, "Plan Rows": 2609035, "Plan Width": 32, "Filter": "((note)::text !~~ '%(as Metro-Goldwyn-Mayer Pictures)%'::text), (LLVM Optimized)"}, {"Node Type": "Hash", "Parent Relationship": "Inner", "Startup Cost": 15012.65, "Total Cost": 15012.65, "Plan Rows": 16, "Plan Width": 4, "Plans": [{"Node Type": "Streaming(type: BROADCAST dop: 16/1)", "Parent Relationship": "Outer", "Startup Cost": 0.0, "Total Cost": 15012.65, "Plan Rows": 16, "Plan Width": 4, "Plans": [{"Node Type": "Index Scan", "Parent Relationship": "Outer", "Scan Direction": "Forward", "Index Name": "company_type_pkey", "Relation Name": "company_type", "Alias": "ct", "Startup Cost": 0.0, "Total Cost": 12.3, "Plan Rows": 1, "Plan Width": 4, "Filter": "((kind)::text = 'production companies'::text)"}]}]}]}]}]}]}]}, {"Node Type": "Hash", "Parent Relationship": "Inner", "Startup Cost": 51099.09, "Total Cost": 51099.09, "Plan Rows": 345008, "Plan Width": 4, "Plans": [{"Node Type": "Streaming(type: LOCAL REDISTRIBUTE dop: 16/1)", "Parent Relationship": "Outer", "Startup Cost": 7502.06, "Total Cost": 51099.09, "Plan Rows": 345008, "Plan Width": 4, "Plans": [{"Node Type": "Nested Loop", "Parent Relationship": "Outer", "Join Type": "Inner", "Startup Cost": 7502.06, "Total Cost": 21752.95, "Plan Rows": 345008, "Plan Width": 4, "Inner Unique": false, "Plans": [{"Node Type": "Index Scan", "Parent Relationship": "Outer", "Scan Direction": "Forward", "Index Name": "info_type_pkey", "Relation Name": "info_type", "Alias": "it", "Startup Cost": 0.0, "Total Cost": 14.21, "Plan Rows": 1, "Plan Width": 4, "Filter": "((info)::text = 'bottom 10 rank'::text)"}, {"Node Type": "Bitmap Heap Scan", "Parent Relationship": "Inner", "Relation Name": "movie_info_idx", "Alias": "mi_idx", "Startup Cost": 7502.06, "Total Cost": 18288.66, "Plan Rows": 345008, "Plan Width": 8, "Recheck Cond": "(info_type_id = it.id), (LLVM Optimized)", "Plans": [{"Node Type": "Bitmap Index Scan", "Parent Relationship": "Outer", "Index Name": "info_type_id_movie_info_idx", "Startup Cost": 0.0, "Total Cost": 7415.81, "Plan Rows": 345008, "Plan Width": 0, "Index Cond": "(info_type_id = it.id)"}]}]}]}]}]}]}]}]}, "Unique SQL Id": 2492542741, "Planner Runtime": 15}, "explain_analyze_plan": null}, "(16, 102)": {"explain_plan": {"Plan": {"Node Type": "Aggregate", "Strategy": "Plain", "Startup Cost": 169320.72, "Total Cost": 169320.75, "Plan Rows": 1, "Plan Width": 113, "Plans": [{"Node Type": "Streaming(type: LOCAL GATHER dop: 1/16)", "Parent Relationship": "Outer", "Startup Cost": 169320.72, "Total Cost": 169320.75, "Plan Rows": 1, "Plan Width": 113, "Plans": [{"Node Type": "Aggregate", "Strategy": "Plain", "Parent Relationship": "Outer", "Startup Cost": 169320.72, "Total Cost": 169320.73, "Plan Rows": 1, "Plan Width": 113, "Plans": [{"Node Type": "Hash Join", "Parent Relationship": "Outer", "Join Type": "Inner", "Startup Cost": 103175.79, "Total Cost": 164441.53, "Plan Rows": 650559, "Plan Width": 45, "Inner Unique": false, "Hash Cond": "(t.id = mc.movie_id), (LLVM Optimized)", "Plans": [{"Node Type": "Streaming(type: LOCAL REDISTRIBUTE dop: 16/16)", "Parent Relationship": "Outer", "Startup Cost": 47967.08, "Total Cost": 108609.95, "Plan Rows": 447839, "Plan Width": 29, "Plans": [{"Node Type": "Hash Join", "Parent Relationship": "Outer", "Join Type": "Inner", "Startup Cost": 47967.08, "Total Cost": 91913.06, "Plan Rows": 447839, "Plan Width": 29, "Inner Unique": true, "Hash Cond": "(mi_idx.movie_id = t.id), (LLVM Optimized)", "Plans": [{"Node Type": "Streaming(type: LOCAL REDISTRIBUTE dop: 16/1)", "Parent Relationship": "Outer", "Startup Cost": 7502.06, "Total Cost": 51087.28, "Plan Rows": 345008, "Plan Width": 4, "Plans": [{"Node Type": "Nested Loop", "Parent Relationship": "Outer", "Join Type": "Inner", "Startup Cost": 7502.06, "Total Cost": 21741.14, "Plan Rows": 345008, "Plan Width": 4, "Inner Unique": false, "Plans": [{"Node Type": "Seq Scan", "Parent Relationship": "Outer", "Relation Name": "info_type", "Alias": "it", "Startup Cost": 0.0, "Total Cost": 2.4, "Plan Rows": 1, "Plan Width": 4, "Filter": "((info)::text = 'bottom 10 rank'::text)"}, {"Node Type": "Bitmap Heap Scan", "Parent Relationship": "Inner", "Relation Name": "movie_info_idx", "Alias": "mi_idx", "Startup Cost": 7502.06, "Total Cost": 18288.66, "Plan Rows": 345008, "Plan Width": 8, "Recheck Cond": "(info_type_id = it.id), (LLVM Optimized)", "Plans": [{"Node Type": "Bitmap Index Scan", "Parent Relationship": "Outer", "Index Name": "info_type_id_movie_info_idx", "Startup Cost": 0.0, "Total Cost": 7415.81, "Plan Rows": 345008, "Plan Width": 0, "Index Cond": "(info_type_id = it.id)"}]}]}]}, {"Node Type": "Hash", "Parent Relationship": "Inner", "Startup Cost": 39385.42, "Total Cost": 39385.42, "Plan Rows": 1381886, "Plan Width": 25, "Plans": [{"Node Type": "Streaming(type: LOCAL REDISTRIBUTE dop: 16/16)", "Parent Relationship": "Outer", "Startup Cost": 0.0, "Total Cost": 39385.42, "Plan Rows": 1381886, "Plan Width": 25, "Plans": [{"Node Type": "Seq Scan", "Parent Relationship": "Outer", "Relation Name": "title", "Alias": "t", "Startup Cost": 0.0, "Total Cost": 19149.37, "Plan Rows": 1381886, "Plan Width": 25, "Filter": "(production_year > 2000), (LLVM Optimized)"}]}]}]}]}, {"Node Type": "Hash", "Parent Relationship": "Inner", "Startup Cost": 54189.55, "Total Cost": 54189.55, "Plan Rows": 1304518, "Plan Width": 28, "Plans": [{"Node Type": "Streaming(type: LOCAL REDISTRIBUTE dop: 16/16)", "Parent Relationship": "Outer", "Startup Cost": 15001.4, "Total Cost": 54189.55, "Plan Rows": 1304518, "Plan Width": 28, "Plans": [{"Node Type": "Hash Join", "Parent Relationship": "Outer", "Join Type": "Inner", "Startup Cost": 15001.4, "Total Cost": 34246.65, "Plan Rows": 1304518, "Plan Width": 28, "Inner Unique": true, "Hash Cond": "(mc.company_type_id = ct.id), (LLVM Optimized)", "Plans": [{"Node Type": "Seq Scan", "Parent Relationship": "Outer", "Relation Name": "movie_companies", "Alias": "mc", "Startup Cost": 0.0, "Total Cost": 18021.26, "Plan Rows": 2609035, "Plan Width": 32, "Filter": "((note)::text !~~ '%(as Metro-Goldwyn-Mayer Pictures)%'::text), (LLVM Optimized)"}, {"Node Type": "Hash", "Parent Relationship": "Inner", "Startup Cost": 15001.38, "Total Cost": 15001.38, "Plan Rows": 16, "Plan Width": 4, "Plans": [{"Node Type": "Streaming(type: BROADCAST dop: 16/1)", "Parent Relationship": "Outer", "Startup Cost": 0.0, "Total Cost": 15001.38, "Plan Rows": 16, "Plan Width": 4, "Plans": [{"Node Type": "Seq Scan", "Parent Relationship": "Outer", "Relation Name": "company_type", "Alias": "ct", "Startup Cost": 0.0, "Total Cost": 1.04, "Plan Rows": 1, "Plan Width": 4, "Filter": "((kind)::text = 'production companies'::text)"}]}]}]}]}]}]}]}]}]}, "Unique SQL Id": 2492542741, "Planner Runtime": 20}, "explain_analyze_plan": {"Plan": {"Node Type": "Aggregate", "Strategy": "Plain", "Startup Cost": 169320.72, "Total Cost": 169320.75, "Plan Rows": 1, "Plan Width": 113, "Actual Min Startup Time": 411.624, "Actual Max Startup Time": 411.624, "Actual Min Total Time": 411.624, "Actual Max Total Time": 411.624, "Plans": [{"Node Type": "Streaming(type: LOCAL GATHER dop: 1/16)", "Parent Relationship": "Outer", "Startup Cost": 169320.72, "Total Cost": 169320.75, "Plan Rows": 1, "Plan Width": 113, "Actual Min Startup Time": 411.362, "Actual Max Startup Time": 411.362, "Actual Min Total Time": 411.597, "Actual Max Total Time": 411.597, "Plans": [{"Node Type": "Aggregate", "Strategy": "Plain", "Parent Relationship": "Outer", "Startup Cost": 169320.72, "Total Cost": 169320.73, "Plan Rows": 1, "Plan Width": 113, "Actual Min Startup Time": 202.755, "Actual Max Startup Time": 245.629, "Actual Min Total Time": 202.755, "Actual Max Total Time": 245.629, "Plans": [{"Node Type": "Hash Join", "Parent Relationship": "Outer", "Join Type": "Inner", "Startup Cost": 103175.79, "Total Cost": 164441.53, "Plan Rows": 650559, "Plan Width": 45, "Actual Min Startup Time": 202.745, "Actual Max Startup Time": 245.621, "Actual Min Total Time": 202.745, "Actual Max Total Time": 245.621, "Inner Unique": false, "Hash Cond": "(t.id = mc.movie_id), (LLVM Optimized, Jit Execute)", "Plans": [{"Node Type": "Streaming(type: LOCAL REDISTRIBUTE dop: 16/16)", "Parent Relationship": "Outer", "Startup Cost": 47967.08, "Total Cost": 108609.95, "Plan Rows": 447839, "Plan Width": 29, "Actual Min Startup Time": 118.114, "Actual Max Startup Time": 118.364, "Actual Min Total Time": 118.285, "Actual Max Total Time": 118.364, "Plans": [{"Node Type": "Hash Join", "Parent Relationship": "Outer", "Join Type": "Inner", "Startup Cost": 47967.08, "Total Cost": 91913.06, "Plan Rows": 447839, "Plan Width": 29, "Actual Min Startup Time": 203.393, "Actual Max Startup Time": 233.751, "Actual Min Total Time": 203.393, "Actual Max Total Time": 233.751, "Inner Unique": true, "Hash Cond": "(mi_idx.movie_id = t.id), (LLVM Optimized, Jit Execute)", "Plans": [{"Node Type": "Streaming(type: LOCAL REDISTRIBUTE dop: 16/1)", "Parent Relationship": "Outer", "Startup Cost": 7502.06, "Total Cost": 51087.28, "Plan Rows": 345008, "Plan Width": 4, "Actual Min Startup Time": 0.002, "Actual Max Startup Time": 0.006, "Actual Min Total Time": 0.002, "Actual Max Total Time": 0.007, "Plans": [{"Node Type": "Nested Loop", "Parent Relationship": "Outer", "Join Type": "Inner", "Startup Cost": 7502.06, "Total Cost": 21741.14, "Plan Rows": 345008, "Plan Width": 4, "Actual Min Startup Time": 0.122, "Actual Max Startup Time": 0.122, "Actual Min Total Time": 0.131, "Actual Max Total Time": 0.131, "Inner Unique": false, "Plans": [{"Node Type": "Seq Scan", "Parent Relationship": "Outer", "Relation Name": "info_type", "Alias": "it", "Startup Cost": 0.0, "Total Cost": 2.4, "Plan Rows": 1, "Plan Width": 4, "Actual Min Startup Time": 0.061, "Actual Max Startup Time": 0.061, "Actual Min Total Time": 0.065, "Actual Max Total Time": 0.065, "Filter": "((info)::text = 'bottom 10 rank'::text)", "Rows Removed by Filter": 111, "Actual Rows": 1}, {"Node Type": "Bitmap Heap Scan", "Parent Relationship": "Inner", "Relation Name": "movie_info_idx", "Alias": "mi_idx", "Startup Cost": 7502.06, "Total Cost": 18288.66, "Plan Rows": 345008, "Plan Width": 8, "Actual Min Startup Time": 0.052, "Actual Max Startup Time": 0.052, "Actual Min Total Time": 0.054, "Actual Max Total Time": 0.054, "Recheck Cond": "(info_type_id = it.id), (LLVM Optimized, Jit Execute)", "Rows Removed by Index Recheck": 0, "Exact Heap Blocks": 0, "Lossy Heap Blocks": 0, "Plans": [{"Node Type": "Bitmap Index Scan", "Parent Relationship": "Outer", "Index Name": "info_type_id_movie_info_idx", "Startup Cost": 0.0, "Total Cost": 7415.81, "Plan Rows": 345008, "Plan Width": 0, "Actual Min Startup Time": 0.035, "Actual Max Startup Time": 0.035, "Actual Min Total Time": 0.035, "Actual Max Total Time": 0.035, "Index Cond": "(info_type_id = it.id)", "Actual Rows": 10}], "Actual Rows": 10}], "Actual Rows": 10}], "Actual Rows": 10}, {"Node Type": "Hash", "Parent Relationship": "Inner", "Startup Cost": 39385.42, "Total Cost": 39385.42, "Plan Rows": 1381886, "Plan Width": 25, "Actual Min Startup Time": 203.177, "Actual Max Startup Time": 233.645, "Actual Min Total Time": 203.177, "Actual Max Total Time": 233.645, "Max Hash Buckets": 131072, "Min Hash Buckets": 131072, "Max Hash Batches": 1, "Min Hash Batches": 1, "Max Original Hash Batches": 1, "Min Original Hash Batches": 1, "Max Peak Memory Usage": 4984, "min Peak Memory Usage": 4984, "Plans": [{"Node Type": "Streaming(type: LOCAL REDISTRIBUTE dop: 16/16)", "Parent Relationship": "Outer", "Startup Cost": 0.0, "Total Cost": 39385.42, "Plan Rows": 1381886, "Plan Width": 25, "Actual Min Startup Time": 0.039, "Actual Max Startup Time": 10.28, "Actual Min Total Time": 176.212, "Actual Max Total Time": 208.781, "Plans": [{"Node Type": "Seq Scan", "Parent Relationship": "Outer", "Relation Name": "title", "Alias": "t", "Startup Cost": 0.0, "Total Cost": 19149.37, "Plan Rows": 1381886, "Plan Width": 25, "Actual Min Startup Time": 0.029, "Actual Max Startup Time": 0.044, "Actual Min Total Time": 61.246, "Actual Max Total Time": 65.802, "Filter": "(production_year > 2000), (LLVM Optimized, Jit Execute)", "Rows Removed by Filter": 1146858, "Actual Rows": 1381453}], "Actual Rows": 1381453}], "Actual Rows": 1381453}], "Actual Rows": 6}], "Actual Rows": 6}, {"Node Type": "Hash", "Parent Relationship": "Inner", "Startup Cost": 54189.55, "Total Cost": 54189.55, "Plan Rows": 1304518, "Plan Width": 28, "Actual Min Startup Time": 84.195, "Actual Max Startup Time": 127.124, "Actual Min Total Time": 84.195, "Actual Max Total Time": 127.124, "Max Hash Buckets": 131072, "Min Hash Buckets": 131072, "Max Hash Batches": 1, "Min Hash Batches": 1, "Max Original Hash Batches": 1, "Min Original Hash Batches": 1, "Max Peak Memory Usage": 494, "min Peak Memory Usage": 494, "Plans": [{"Node Type": "Streaming(type: LOCAL REDISTRIBUTE dop: 16/16)", "Parent Relationship": "Outer", "Startup Cost": 15001.4, "Total Cost": 54189.55, "Plan Rows": 1304518, "Plan Width": 28, "Actual Min Startup Time": 0.056, "Actual Max Startup Time": 37.884, "Actual Min Total Time": 80.861, "Actual Max Total Time": 124.457, "Plans": [{"Node Type": "Hash Join", "Parent Relationship": "Outer", "Join Type": "Inner", "Startup Cost": 15001.4, "Total Cost": 34246.65, "Plan Rows": 1304518, "Plan Width": 28, "Actual Min Startup Time": 48.489, "Actual Max Startup Time": 82.671, "Actual Min Total Time": 72.28, "Actual Max Total Time": 107.836, "Inner Unique": true, "Hash Cond": "(mc.company_type_id = ct.id), (LLVM Optimized, Jit Execute)", "Plans": [{"Node Type": "Seq Scan", "Parent Relationship": "Outer", "Relation Name": "movie_companies", "Alias": "mc", "Startup Cost": 0.0, "Total Cost": 18021.26, "Plan Rows": 2609035, "Plan Width": 32, "Actual Min Startup Time": 0.03, "Actual Max Startup Time": 0.057, "Actual Min Total Time": 57.531, "Actual Max Total Time": 64.89, "Filter": "((note)::text !~~ '%(as Metro-Goldwyn-Mayer Pictures)%'::text), (LLVM Optimized, Jit Execute)", "Rows Removed by Filter": 1272041, "Actual Rows": 1337087}, {"Node Type": "Hash", "Parent Relationship": "Inner", "Startup Cost": 15001.38, "Total Cost": 15001.38, "Plan Rows": 16, "Plan Width": 4, "Actual Min Startup Time": 0.011, "Actual Max Startup Time": 26.522, "Actual Min Total Time": 0.011, "Actual Max Total Time": 26.522, "Max Hash Buckets": 32768, "Min Hash Buckets": 32768, "Max Hash Batches": 1, "Min Hash Batches": 1, "Max Original Hash Batches": 1, "Min Original Hash Batches": 1, "Max Peak Memory Usage": 1, "min Peak Memory Usage": 1, "Plans": [{"Node Type": "Streaming(type: BROADCAST dop: 16/1)", "Parent Relationship": "Outer", "Startup Cost": 0.0, "Total Cost": 15001.38, "Plan Rows": 16, "Plan Width": 4, "Actual Min Startup Time": 0.003, "Actual Max Startup Time": 26.494, "Actual Min Total Time": 0.004, "Actual Max Total Time": 26.496, "Plans": [{"Node Type": "Seq Scan", "Parent Relationship": "Outer", "Relation Name": "company_type", "Alias": "ct", "Startup Cost": 0.0, "Total Cost": 1.04, "Plan Rows": 1, "Plan Width": 4, "Actual Min Startup Time": 0.038, "Actual Max Startup Time": 0.038, "Actual Min Total Time": 0.041, "Actual Max Total Time": 0.041, "Filter": "((kind)::text = 'production companies'::text)", "Rows Removed by Filter": 2, "Actual Rows": 1}], "Actual Rows": 16}], "Actual Rows": 16}], "Actual Rows": 140904}], "Actual Rows": 140904}], "Actual Rows": 140904}], "Actual Rows": 4}], "Actual Rows": 16}], "Actual Rows": 16}], "Actual Rows": 1}, "Triggers": [], "Planner Runtime": 20, "Total Runtime": 437.264, "Unique SQL Id": 2492542741}}, "(16, 103)": {"explain_plan": {"Plan": {"Node Type": "Aggregate", "Strategy": "Plain", "Startup Cost": 259667.26, "Total Cost": 259667.27, "Plan Rows": 1, "Plan Width": 113, "Plans": [{"Node Type": "Hash Join", "Parent Relationship": "Outer", "Join Type": "Inner", "Startup Cost": 196064.72, "Total Cost": 254788.06, "Plan Rows": 650559, "Plan Width": 45, "Inner Unique": false, "Hash Cond": "(mc.movie_id = t.id), (LLVM Optimized)", "Plans": [{"Node Type": "Nested Loop", "Parent Relationship": "Outer", "Join Type": "Inner", "Startup Cost": 29278.87, "Total Cost": 77622.54, "Plan Rows": 1304518, "Plan Width": 28, "Inner Unique": false, "Plans": [{"Node Type": "Bitmap Heap Scan", "Parent Relationship": "Outer", "Relation Name": "company_type", "Alias": "ct", "Startup Cost": 8.27, "Total Cost": 12.3, "Plan Rows": 1, "Plan Width": 4, "Filter": "((kind)::text = 'production companies'::text)", "Plans": [{"Node Type": "Bitmap Index Scan", "Parent Relationship": "Outer", "Index Name": "company_type_pkey", "Startup Cost": 0.0, "Total Cost": 8.27, "Plan Rows": 3, "Plan Width": 0}]}, {"Node Type": "Bitmap Heap Scan", "Parent Relationship": "Inner", "Relation Name": "movie_companies", "Alias": "mc", "Startup Cost": 29270.61, "Total Cost": 64565.07, "Plan Rows": 1304517, "Plan Width": 32, "Recheck Cond": "(company_type_id = ct.id), (LLVM Optimized)", "Filter": "((note)::text !~~ '%(as Metro-Goldwyn-Mayer Pictures)%'::text), (LLVM Optimized)", "Plans": [{"Node Type": "Bitmap Index Scan", "Parent Relationship": "Outer", "Index Name": "company_type_id_movie_companies", "Startup Cost": 0.0, "Total Cost": 28944.48, "Plan Rows": 1304564, "Plan Width": 0, "Index Cond": "(company_type_id = ct.id)"}]}]}, {"Node Type": "Hash", "Parent Relationship": "Inner", "Startup Cost": 161187.86, "Total Cost": 161187.86, "Plan Rows": 447839, "Plan Width": 29, "Plans": [{"Node Type": "Hash Join", "Parent Relationship": "Outer", "Join Type": "Inner", "Startup Cost": 141173.61, "Total Cost": 161187.86, "Plan Rows": 447839, "Plan Width": 29, "Inner Unique": true, "Hash Cond": "(mi_idx.movie_id = t.id), (LLVM Optimized)", "Plans": [{"Node Type": "Nested Loop", "Parent Relationship": "Outer", "Join Type": "Inner", "Startup Cost": 7510.87, "Total Cost": 21752.95, "Plan Rows": 345008, "Plan Width": 4, "Inner Unique": false, "Plans": [{"Node Type": "Bitmap Heap Scan", "Parent Relationship": "Outer", "Relation Name": "info_type", "Alias": "it", "Startup Cost": 8.81, "Total Cost": 14.21, "Plan Rows": 1, "Plan Width": 4, "Filter": "((info)::text = 'bottom 10 rank'::text)", "Plans": [{"Node Type": "Bitmap Index Scan", "Parent Relationship": "Outer", "Index Name": "info_type_pkey", "Startup Cost": 0.0, "Total Cost": 8.81, "Plan Rows": 112, "Plan Width": 0}]}, {"Node Type": "Bitmap Heap Scan", "Parent Relationship": "Inner", "Relation Name": "movie_info_idx", "Alias": "mi_idx", "Startup Cost": 7502.06, "Total Cost": 18288.66, "Plan Rows": 345008, "Plan Width": 8, "Recheck Cond": "(info_type_id = it.id), (LLVM Optimized)", "Plans": [{"Node Type": "Bitmap Index Scan", "Parent Relationship": "Outer", "Index Name": "info_type_id_movie_info_idx", "Startup Cost": 0.0, "Total Cost": 7415.81, "Plan Rows": 345008, "Plan Width": 0, "Index Cond": "(info_type_id = it.id)"}]}]}, {"Node Type": "Hash", "Parent Relationship": "Inner", "Startup Cost": 116389.16, "Total Cost": 116389.16, "Plan Rows": 1381886, "Plan Width": 25, "Plans": [{"Node Type": "Bitmap Heap Scan", "Parent Relationship": "Outer", "Relation Name": "title", "Alias": "t", "Startup Cost": 49999.28, "Total Cost": 116389.16, "Plan Rows": 1381886, "Plan Width": 25, "Filter": "(production_year > 2000), (LLVM Optimized)", "Plans": [{"Node Type": "Bitmap Index Scan", "Parent Relationship": "Outer", "Index Name": "title_pkey", "Startup Cost": 0.0, "Total Cost": 49653.81, "Plan Rows": 2528311, "Plan Width": 0}]}]}]}]}]}]}, "Unique SQL Id": 2492542741, "Planner Runtime": 5}, "explain_analyze_plan": null}, "(16, 104)": {"explain_plan": {"Plan": {"Node Type": "Aggregate", "Strategy": "Plain", "Startup Cost": 159927.97, "Total Cost": 159928.0, "Plan Rows": 1, "Plan Width": 113, "Plans": [{"Node Type": "Streaming(type: LOCAL GATHER dop: 1/16)", "Parent Relationship": "Outer", "Startup Cost": 159927.97, "Total Cost": 159928.0, "Plan Rows": 1, "Plan Width": 113, "Plans": [{"Node Type": "Aggregate", "Strategy": "Plain", "Parent Relationship": "Outer", "Startup Cost": 159927.97, "Total Cost": 159927.98, "Plan Rows": 1, "Plan Width": 113, "Plans": [{"Node Type": "Hash Join", "Parent Relationship": "Outer", "Join Type": "Inner", "Startup Cost": 90440.43, "Total Cost": 155048.78, "Plan Rows": 650559, "Plan Width": 45, "Inner Unique": false, "Hash Cond": "(t.id = mc.movie_id), (LLVM Optimized)", "Plans": [{"Node Type": "Streaming(type: LOCAL REDISTRIBUTE dop: 16/16)", "Parent Relationship": "Outer", "Startup Cost": 35231.72, "Total Cost": 99217.19, "Plan Rows": 447839, "Plan Width": 29, "Plans": [{"Node Type": "Hash Join", "Parent Relationship": "Outer", "Join Type": "Inner", "Startup Cost": 35231.72, "Total Cost": 82520.3, "Plan Rows": 447839, "Plan Width": 29, "Inner Unique": true, "Hash Cond": "(mi_idx.movie_id = t.id), (LLVM Optimized)", "Plans": [{"Node Type": "Streaming(type: BROADCAST dop: 16/16)", "Parent Relationship": "Outer", "Startup Cost": 15002.76, "Total Cost": 60717.65, "Plan Rows": 5520128, "Plan Width": 4, "Plans": [{"Node Type": "Hash Join", "Parent Relationship": "Outer", "Join Type": "Inner", "Startup Cost": 15002.76, "Total Cost": 31701.7, "Plan Rows": 345008, "Plan Width": 4, "Inner Unique": true, "Hash Cond": "(mi_idx.info_type_id = it.id), (LLVM Optimized)", "Plans": [{"Node Type": "Seq Scan", "Parent Relationship": "Outer", "Relation Name": "movie_info_idx", "Alias": "mi_idx", "Startup Cost": 0.0, "Total Cost": 16267.15, "Plan Rows": 1380034, "Plan Width": 8}, {"Node Type": "Hash", "Parent Relationship": "Inner", "Startup Cost": 15002.75, "Total Cost": 15002.75, "Plan Rows": 16, "Plan Width": 4, "Plans": [{"Node Type": "Streaming(type: BROADCAST dop: 16/1)", "Parent Relationship": "Outer", "Startup Cost": 0.0, "Total Cost": 15002.75, "Plan Rows": 16, "Plan Width": 4, "Plans": [{"Node Type": "Seq Scan", "Parent Relationship": "Outer", "Relation Name": "info_type", "Alias": "it", "Startup Cost": 0.0, "Total Cost": 2.4, "Plan Rows": 1, "Plan Width": 4, "Filter": "((info)::text = 'bottom 10 rank'::text)"}]}]}]}]}, {"Node Type": "Hash", "Parent Relationship": "Inner", "Startup Cost": 19149.37, "Total Cost": 19149.37, "Plan Rows": 1381886, "Plan Width": 25, "Plans": [{"Node Type": "Seq Scan", "Parent Relationship": "Outer", "Relation Name": "title", "Alias": "t", "Startup Cost": 0.0, "Total Cost": 19149.37, "Plan Rows": 1381886, "Plan Width": 25, "Filter": "(production_year > 2000), (LLVM Optimized)"}]}]}]}, {"Node Type": "Hash", "Parent Relationship": "Inner", "Startup Cost": 54189.55, "Total Cost": 54189.55, "Plan Rows": 1304518, "Plan Width": 28, "Plans": [{"Node Type": "Streaming(type: LOCAL REDISTRIBUTE dop: 16/16)", "Parent Relationship": "Outer", "Startup Cost": 15001.4, "Total Cost": 54189.55, "Plan Rows": 1304518, "Plan Width": 28, "Plans": [{"Node Type": "Hash Join", "Parent Relationship": "Outer", "Join Type": "Inner", "Startup Cost": 15001.4, "Total Cost": 34246.65, "Plan Rows": 1304518, "Plan Width": 28, "Inner Unique": true, "Hash Cond": "(mc.company_type_id = ct.id), (LLVM Optimized)", "Plans": [{"Node Type": "Seq Scan", "Parent Relationship": "Outer", "Relation Name": "movie_companies", "Alias": "mc", "Startup Cost": 0.0, "Total Cost": 18021.26, "Plan Rows": 2609035, "Plan Width": 32, "Filter": "((note)::text !~~ '%(as Metro-Goldwyn-Mayer Pictures)%'::text), (LLVM Optimized)"}, {"Node Type": "Hash", "Parent Relationship": "Inner", "Startup Cost": 15001.38, "Total Cost": 15001.38, "Plan Rows": 16, "Plan Width": 4, "Plans": [{"Node Type": "Streaming(type: BROADCAST dop: 16/1)", "Parent Relationship": "Outer", "Startup Cost": 0.0, "Total Cost": 15001.38, "Plan Rows": 16, "Plan Width": 4, "Plans": [{"Node Type": "Seq Scan", "Parent Relationship": "Outer", "Relation Name": "company_type", "Alias": "ct", "Startup Cost": 0.0, "Total Cost": 1.04, "Plan Rows": 1, "Plan Width": 4, "Filter": "((kind)::text = 'production companies'::text)"}]}]}]}]}]}]}]}]}]}, "Unique SQL Id": 2492542741, "Planner Runtime": 19}, "explain_analyze_plan": {"Plan": {"Node Type": "Aggregate", "Strategy": "Plain", "Startup Cost": 159927.97, "Total Cost": 159928.0, "Plan Rows": 1, "Plan Width": 113, "Actual Min Startup Time": 295.603, "Actual Max Startup Time": 295.603, "Actual Min Total Time": 295.603, "Actual Max Total Time": 295.603, "Plans": [{"Node Type": "Streaming(type: LOCAL GATHER dop: 1/16)", "Parent Relationship": "Outer", "Startup Cost": 159927.97, "Total Cost": 159928.0, "Plan Rows": 1, "Plan Width": 113, "Actual Min Startup Time": 295.35, "Actual Max Startup Time": 295.35, "Actual Min Total Time": 295.574, "Actual Max Total Time": 295.574, "Plans": [{"Node Type": "Aggregate", "Strategy": "Plain", "Parent Relationship": "Outer", "Startup Cost": 159927.97, "Total Cost": 159927.98, "Plan Rows": 1, "Plan Width": 113, "Actual Min Startup Time": 92.376, "Actual Max Startup Time": 179.786, "Actual Min Total Time": 92.377, "Actual Max Total Time": 179.786, "Plans": [{"Node Type": "Hash Join", "Parent Relationship": "Outer", "Join Type": "Inner", "Startup Cost": 90440.43, "Total Cost": 155048.78, "Plan Rows": 650559, "Plan Width": 45, "Actual Min Startup Time": 92.369, "Actual Max Startup Time": 172.064, "Actual Min Total Time": 92.369, "Actual Max Total Time": 179.766, "Inner Unique": false, "Hash Cond": "(t.id = mc.movie_id), (LLVM Optimized)", "Plans": [{"Node Type": "Streaming(type: LOCAL REDISTRIBUTE dop: 16/16)", "Parent Relationship": "Outer", "Startup Cost": 35231.72, "Total Cost": 99217.19, "Plan Rows": 447839, "Plan Width": 29, "Actual Min Startup Time": 0.029, "Actual Max Startup Time": 8.887, "Actual Min Total Time": 8.811, "Actual Max Total Time": 8.888, "Plans": [{"Node Type": "Hash Join", "Parent Relationship": "Outer", "Join Type": "Inner", "Startup Cost": 35231.72, "Total Cost": 82520.3, "Plan Rows": 447839, "Plan Width": 29, "Actual Min Startup Time": 89.903, "Actual Max Startup Time": 95.16, "Actual Min Total Time": 89.904, "Actual Max Total Time": 95.16, "Inner Unique": true, "Hash Cond": "(mi_idx.movie_id = t.id), (LLVM Optimized)", "Plans": [{"Node Type": "Streaming(type: BROADCAST dop: 16/16)", "Parent Relationship": "Outer", "Startup Cost": 15002.76, "Total Cost": 60717.65, "Plan Rows": 5520128, "Plan Width": 4, "Actual Min Startup Time": 0.028, "Actual Max Startup Time": 0.035, "Actual Min Total Time": 0.029, "Actual Max Total Time": 0.037, "Plans": [{"Node Type": "Hash Join", "Parent Relationship": "Outer", "Join Type": "Inner", "Startup Cost": 15002.76, "Total Cost": 31701.7, "Plan Rows": 345008, "Plan Width": 4, "Actual Min Startup Time": 33.1, "Actual Max Startup Time": 51.395, "Actual Min Total Time": 33.1, "Actual Max Total Time": 51.395, "Inner Unique": true, "Hash Cond": "(mi_idx.info_type_id = it.id), (LLVM Optimized)", "Plans": [{"Node Type": "Seq Scan", "Parent Relationship": "Outer", "Relation Name": "movie_info_idx", "Alias": "mi_idx", "Startup Cost": 0.0, "Total Cost": 16267.15, "Plan Rows": 1380034, "Plan Width": 8, "Actual Min Startup Time": 0.03, "Actual Max Startup Time": 0.074, "Actual Min Total Time": 18.823, "Actual Max Total Time": 22.541, "Actual Rows": 1380034}, {"Node Type": "Hash", "Parent Relationship": "Inner", "Startup Cost": 15002.75, "Total Cost": 15002.75, "Plan Rows": 16, "Plan Width": 4, "Actual Min Startup Time": 0.012, "Actual Max Startup Time": 16.159, "Actual Min Total Time": 0.012, "Actual Max Total Time": 16.159, "Max Hash Buckets": 32768, "Min Hash Buckets": 32768, "Max Hash Batches": 1, "Min Hash Batches": 1, "Max Original Hash Batches": 1, "Min Original Hash Batches": 1, "Max Peak Memory Usage": 1, "min Peak Memory Usage": 1, "Plans": [{"Node Type": "Streaming(type: BROADCAST dop: 16/1)", "Parent Relationship": "Outer", "Startup Cost": 0.0, "Total Cost": 15002.75, "Plan Rows": 16, "Plan Width": 4, "Actual Min Startup Time": 0.004, "Actual Max Startup Time": 16.126, "Actual Min Total Time": 0.004, "Actual Max Total Time": 16.128, "Plans": [{"Node Type": "Seq Scan", "Parent Relationship": "Outer", "Relation Name": "info_type", "Alias": "it", "Startup Cost": 0.0, "Total Cost": 2.4, "Plan Rows": 1, "Plan Width": 4, "Actual Min Startup Time": 0.074, "Actual Max Startup Time": 0.074, "Actual Min Total Time": 0.078, "Actual Max Total Time": 0.078, "Filter": "((info)::text = 'bottom 10 rank'::text)", "Rows Removed by Filter": 111, "Actual Rows": 1}], "Actual Rows": 16}], "Actual Rows": 16}], "Actual Rows": 10}], "Actual Rows": 160}, {"Node Type": "Hash", "Parent Relationship": "Inner", "Startup Cost": 19149.37, "Total Cost": 19149.37, "Plan Rows": 1381886, "Plan Width": 25, "Actual Min Startup Time": 89.735, "Actual Max Startup Time": 95.018, "Actual Min Total Time": 89.735, "Actual Max Total Time": 95.018, "Max Hash Buckets": 131072, "Min Hash Buckets": 131072, "Max Hash Batches": 1, "Min Hash Batches": 1, "Max Original Hash Batches": 1, "Min Original Hash Batches": 1, "Max Peak Memory Usage": 5066, "min Peak Memory Usage": 5066, "Plans": [{"Node Type": "Seq Scan", "Parent Relationship": "Outer", "Relation Name": "title", "Alias": "t", "Startup Cost": 0.0, "Total Cost": 19149.37, "Plan Rows": 1381886, "Plan Width": 25, "Actual Min Startup Time": 0.023, "Actual Max Startup Time": 0.032, "Actual Min Total Time": 62.244, "Actual Max Total Time": 65.656, "Filter": "(production_year > 2000), (LLVM Optimized)", "Rows Removed by Filter": 1146858, "Actual Rows": 1381453}], "Actual Rows": 1381453}], "Actual Rows": 6}], "Actual Rows": 6}, {"Node Type": "Hash", "Parent Relationship": "Inner", "Startup Cost": 54189.55, "Total Cost": 54189.55, "Plan Rows": 1304518, "Plan Width": 28, "Actual Min Startup Time": 83.309, "Actual Max Startup Time": 170.808, "Actual Min Total Time": 83.309, "Actual Max Total Time": 170.808, "Max Hash Buckets": 131072, "Min Hash Buckets": 131072, "Max Hash Batches": 1, "Min Hash Batches": 1, "Max Original Hash Batches": 1, "Min Original Hash Batches": 1, "Max Peak Memory Usage": 494, "min Peak Memory Usage": 494, "Plans": [{"Node Type": "Streaming(type: LOCAL REDISTRIBUTE dop: 16/16)", "Parent Relationship": "Outer", "Startup Cost": 15001.4, "Total Cost": 54189.55, "Plan Rows": 1304518, "Plan Width": 28, "Actual Min Startup Time": 0.058, "Actual Max Startup Time": 39.303, "Actual Min Total Time": 80.64, "Actual Max Total Time": 168.289, "Plans": [{"Node Type": "Hash Join", "Parent Relationship": "Outer", "Join Type": "Inner", "Startup Cost": 15001.4, "Total Cost": 34246.65, "Plan Rows": 1304518, "Plan Width": 28, "Actual Min Startup Time": 48.019, "Actual Max Startup Time": 65.68, "Actual Min Total Time": 71.726, "Actual Max Total Time": 91.499, "Inner Unique": true, "Hash Cond": "(mc.company_type_id = ct.id), (LLVM Optimized)", "Plans": [{"Node Type": "Seq Scan", "Parent Relationship": "Outer", "Relation Name": "movie_companies", "Alias": "mc", "Startup Cost": 0.0, "Total Cost": 18021.26, "Plan Rows": 2609035, "Plan Width": 32, "Actual Min Startup Time": 0.03, "Actual Max Startup Time": 0.091, "Actual Min Total Time": 56.932, "Actual Max Total Time": 65.138, "Filter": "((note)::text !~~ '%(as Metro-Goldwyn-Mayer Pictures)%'::text), (LLVM Optimized)", "Rows Removed by Filter": 1272041, "Actual Rows": 1337087}, {"Node Type": "Hash", "Parent Relationship": "Inner", "Startup Cost": 15001.38, "Total Cost": 15001.38, "Plan Rows": 16, "Plan Width": 4, "Actual Min Startup Time": 0.012, "Actual Max Startup Time": 10.021, "Actual Min Total Time": 0.012, "Actual Max Total Time": 10.021, "Max Hash Buckets": 32768, "Min Hash Buckets": 32768, "Max Hash Batches": 1, "Min Hash Batches": 1, "Max Original Hash Batches": 1, "Min Original Hash Batches": 1, "Max Peak Memory Usage": 1, "min Peak Memory Usage": 1, "Plans": [{"Node Type": "Streaming(type: BROADCAST dop: 16/1)", "Parent Relationship": "Outer", "Startup Cost": 0.0, "Total Cost": 15001.38, "Plan Rows": 16, "Plan Width": 4, "Actual Min Startup Time": 0.004, "Actual Max Startup Time": 9.989, "Actual Min Total Time": 0.004, "Actual Max Total Time": 9.992, "Plans": [{"Node Type": "Seq Scan", "Parent Relationship": "Outer", "Relation Name": "company_type", "Alias": "ct", "Startup Cost": 0.0, "Total Cost": 1.04, "Plan Rows": 1, "Plan Width": 4, "Actual Min Startup Time": 0.032, "Actual Max Startup Time": 0.032, "Actual Min Total Time": 0.035, "Actual Max Total Time": 0.035, "Filter": "((kind)::text = 'production companies'::text)", "Rows Removed by Filter": 2, "Actual Rows": 1}], "Actual Rows": 16}], "Actual Rows": 16}], "Actual Rows": 140904}], "Actual Rows": 140904}], "Actual Rows": 140904}], "Actual Rows": 4}], "Actual Rows": 16}], "Actual Rows": 16}], "Actual Rows": 1}, "Triggers": [], "Planner Runtime": 23, "Total Runtime": 319.65, "Unique SQL Id": 2492542741}}, "(16, 105)": {"explain_plan": {"Plan": {"Node Type": "Aggregate", "Strategy": "Plain", "Startup Cost": 289524.49, "Total Cost": 289524.52, "Plan Rows": 1, "Plan Width": 113, "Plans": [{"Node Type": "Streaming(type: LOCAL GATHER dop: 1/16)", "Parent Relationship": "Outer", "Startup Cost": 289524.49, "Total Cost": 289524.52, "Plan Rows": 1, "Plan Width": 113, "Plans": [{"Node Type": "Aggregate", "Strategy": "Plain", "Parent Relationship": "Outer", "Startup Cost": 289524.49, "Total Cost": 289524.5, "Plan Rows": 1, "Plan Width": 113, "Plans": [{"Node Type": "Hash Join", "Parent Relationship": "Outer", "Join Type": "Inner", "Startup Cost": 138518.61, "Total Cost": 284645.3, "Plan Rows": 650559, "Plan Width": 45, "Inner Unique": false, "Hash Cond": "(t.id = mi_idx.movie_id), (LLVM Optimized)", "Plans": [{"Node Type": "Streaming(type: LOCAL REDISTRIBUTE dop: 16/16)", "Parent Relationship": "Outer", "Startup Cost": 121327.99, "Total Cost": 266714.82, "Plan Rows": 1693335, "Plan Width": 53, "Plans": [{"Node Type": "Hash Join", "Parent Relationship": "Outer", "Join Type": "Inner", "Startup Cost": 121327.99, "Total Cost": 245298.67, "Plan Rows": 1693335, "Plan Width": 53, "Inner Unique": false, "Hash Cond": "(t.id = mc.movie_id), (LLVM Optimized)", "Plans": [{"Node Type": "Streaming(type: LOCAL REDISTRIBUTE dop: 16/16)", "Parent Relationship": "Outer", "Startup Cost": 0.0, "Total Cost": 122048.67, "Plan Rows": 1381886, "Plan Width": 25, "Plans": [{"Node Type": "Index Scan", "Parent Relationship": "Outer", "Scan Direction": "Forward", "Index Name": "title_pkey", "Relation Name": "title", "Alias": "t", "Startup Cost": 0.0, "Total Cost": 101812.62, "Plan Rows": 1381886, "Plan Width": 25, "Filter": "(production_year > 2000), (LLVM Optimized)"}]}, {"Node Type": "Hash", "Parent Relationship": "Inner", "Startup Cost": 120308.83, "Total Cost": 120308.83, "Plan Rows": 1304518, "Plan Width": 28, "Plans": [{"Node Type": "Streaming(type: LOCAL REDISTRIBUTE dop: 16/16)", "Parent Relationship": "Outer", "Startup Cost": 15012.66, "Total Cost": 120308.83, "Plan Rows": 1304518, "Plan Width": 28, "Plans": [{"Node Type": "Hash Join", "Parent Relationship": "Outer", "Join Type": "Inner", "Startup Cost": 15012.66, "Total Cost": 100365.93, "Plan Rows": 1304518, "Plan Width": 28, "Inner Unique": true, "Hash Cond": "(mc.company_type_id = ct.id), (LLVM Optimized)", "Plans": [{"Node Type": "Index Scan", "Parent Relationship": "Outer", "Scan Direction": "Forward", "Index Name": "company_type_id_movie_companies", "Relation Name": "movie_companies", "Alias": "mc", "Startup Cost": 0.0, "Total Cost": 84129.27, "Plan Rows": 2609035, "Plan Width": 32, "Filter": "((note)::text !~~ '%(as Metro-Goldwyn-Mayer Pictures)%'::text), (LLVM Optimized)"}, {"Node Type": "Hash", "Parent Relationship": "Inner", "Startup Cost": 15012.65, "Total Cost": 15012.65, "Plan Rows": 16, "Plan Width": 4, "Plans": [{"Node Type": "Streaming(type: BROADCAST dop: 16/1)", "Parent Relationship": "Outer", "Startup Cost": 0.0, "Total Cost": 15012.65, "Plan Rows": 16, "Plan Width": 4, "Plans": [{"Node Type": "Index Scan", "Parent Relationship": "Outer", "Scan Direction": "Forward", "Index Name": "company_type_pkey", "Relation Name": "company_type", "Alias": "ct", "Startup Cost": 0.0, "Total Cost": 12.3, "Plan Rows": 1, "Plan Width": 4, "Filter": "((kind)::text = 'production companies'::text)"}]}]}]}]}]}]}]}, {"Node Type": "Hash", "Parent Relationship": "Inner", "Startup Cost": 67684.33, "Total Cost": 67684.33, "Plan Rows": 345008, "Plan Width": 4, "Plans": [{"Node Type": "Streaming(type: LOCAL REDISTRIBUTE dop: 16/1)", "Parent Relationship": "Outer", "Startup Cost": 0.0, "Total Cost": 67684.33, "Plan Rows": 345008, "Plan Width": 4, "Plans": [{"Node Type": "Nested Loop", "Parent Relationship": "Outer", "Join Type": "Inner", "Startup Cost": 0.0, "Total Cost": 38338.2, "Plan Rows": 345008, "Plan Width": 4, "Inner Unique": false, "Plans": [{"Node Type": "Index Scan", "Parent Relationship": "Outer", "Scan Direction": "Forward", "Index Name": "info_type_pkey", "Relation Name": "info_type", "Alias": "it", "Startup Cost": 0.0, "Total Cost": 14.21, "Plan Rows": 1, "Plan Width": 4, "Filter": "((info)::text = 'bottom 10 rank'::text)"}, {"Node Type": "Index Scan", "Parent Relationship": "Inner", "Scan Direction": "Forward", "Index Name": "info_type_id_movie_info_idx", "Relation Name": "movie_info_idx", "Alias": "mi_idx", "Startup Cost": 0.0, "Total Cost": 34873.91, "Plan Rows": 345008, "Plan Width": 8, "Index Cond": "(info_type_id = it.id), (LLVM Optimized)"}]}]}]}]}]}]}]}, "Unique SQL Id": 2492542741, "Planner Runtime": 15}, "explain_analyze_plan": null}, "(16, 106)": {"explain_plan": {"Plan": {"Node Type": "Aggregate", "Strategy": "Plain", "Startup Cost": 159927.97, "Total Cost": 159928.0, "Plan Rows": 1, "Plan Width": 113, "Plans": [{"Node Type": "Streaming(type: LOCAL GATHER dop: 1/16)", "Parent Relationship": "Outer", "Startup Cost": 159927.97, "Total Cost": 159928.0, "Plan Rows": 1, "Plan Width": 113, "Plans": [{"Node Type": "Aggregate", "Strategy": "Plain", "Parent Relationship": "Outer", "Startup Cost": 159927.97, "Total Cost": 159927.98, "Plan Rows": 1, "Plan Width": 113, "Plans": [{"Node Type": "Hash Join", "Parent Relationship": "Outer", "Join Type": "Inner", "Startup Cost": 90440.43, "Total Cost": 155048.78, "Plan Rows": 650559, "Plan Width": 45, "Inner Unique": false, "Hash Cond": "(t.id = mc.movie_id), (LLVM Optimized)", "Plans": [{"Node Type": "Streaming(type: LOCAL REDISTRIBUTE dop: 16/16)", "Parent Relationship": "Outer", "Startup Cost": 35231.72, "Total Cost": 99217.19, "Plan Rows": 447839, "Plan Width": 29, "Plans": [{"Node Type": "Hash Join", "Parent Relationship": "Outer", "Join Type": "Inner", "Startup Cost": 35231.72, "Total Cost": 82520.3, "Plan Rows": 447839, "Plan Width": 29, "Inner Unique": true, "Hash Cond": "(mi_idx.movie_id = t.id), (LLVM Optimized)", "Plans": [{"Node Type": "Streaming(type: BROADCAST dop: 16/16)", "Parent Relationship": "Outer", "Startup Cost": 15002.76, "Total Cost": 60717.65, "Plan Rows": 5520128, "Plan Width": 4, "Plans": [{"Node Type": "Hash Join", "Parent Relationship": "Outer", "Join Type": "Inner", "Startup Cost": 15002.76, "Total Cost": 31701.7, "Plan Rows": 345008, "Plan Width": 4, "Inner Unique": true, "Hash Cond": "(mi_idx.info_type_id = it.id), (LLVM Optimized)", "Plans": [{"Node Type": "Seq Scan", "Parent Relationship": "Outer", "Relation Name": "movie_info_idx", "Alias": "mi_idx", "Startup Cost": 0.0, "Total Cost": 16267.15, "Plan Rows": 1380034, "Plan Width": 8}, {"Node Type": "Hash", "Parent Relationship": "Inner", "Startup Cost": 15002.75, "Total Cost": 15002.75, "Plan Rows": 16, "Plan Width": 4, "Plans": [{"Node Type": "Streaming(type: BROADCAST dop: 16/1)", "Parent Relationship": "Outer", "Startup Cost": 0.0, "Total Cost": 15002.75, "Plan Rows": 16, "Plan Width": 4, "Plans": [{"Node Type": "Seq Scan", "Parent Relationship": "Outer", "Relation Name": "info_type", "Alias": "it", "Startup Cost": 0.0, "Total Cost": 2.4, "Plan Rows": 1, "Plan Width": 4, "Filter": "((info)::text = 'bottom 10 rank'::text)"}]}]}]}]}, {"Node Type": "Hash", "Parent Relationship": "Inner", "Startup Cost": 19149.37, "Total Cost": 19149.37, "Plan Rows": 1381886, "Plan Width": 25, "Plans": [{"Node Type": "Seq Scan", "Parent Relationship": "Outer", "Relation Name": "title", "Alias": "t", "Startup Cost": 0.0, "Total Cost": 19149.37, "Plan Rows": 1381886, "Plan Width": 25, "Filter": "(production_year > 2000), (LLVM Optimized)"}]}]}]}, {"Node Type": "Hash", "Parent Relationship": "Inner", "Startup Cost": 54189.55, "Total Cost": 54189.55, "Plan Rows": 1304518, "Plan Width": 28, "Plans": [{"Node Type": "Streaming(type: LOCAL REDISTRIBUTE dop: 16/16)", "Parent Relationship": "Outer", "Startup Cost": 15001.4, "Total Cost": 54189.55, "Plan Rows": 1304518, "Plan Width": 28, "Plans": [{"Node Type": "Hash Join", "Parent Relationship": "Outer", "Join Type": "Inner", "Startup Cost": 15001.4, "Total Cost": 34246.65, "Plan Rows": 1304518, "Plan Width": 28, "Inner Unique": true, "Hash Cond": "(mc.company_type_id = ct.id), (LLVM Optimized)", "Plans": [{"Node Type": "Seq Scan", "Parent Relationship": "Outer", "Relation Name": "movie_companies", "Alias": "mc", "Startup Cost": 0.0, "Total Cost": 18021.26, "Plan Rows": 2609035, "Plan Width": 32, "Filter": "((note)::text !~~ '%(as Metro-Goldwyn-Mayer Pictures)%'::text), (LLVM Optimized)"}, {"Node Type": "Hash", "Parent Relationship": "Inner", "Startup Cost": 15001.38, "Total Cost": 15001.38, "Plan Rows": 16, "Plan Width": 4, "Plans": [{"Node Type": "Streaming(type: BROADCAST dop: 16/1)", "Parent Relationship": "Outer", "Startup Cost": 0.0, "Total Cost": 15001.38, "Plan Rows": 16, "Plan Width": 4, "Plans": [{"Node Type": "Seq Scan", "Parent Relationship": "Outer", "Relation Name": "company_type", "Alias": "ct", "Startup Cost": 0.0, "Total Cost": 1.04, "Plan Rows": 1, "Plan Width": 4, "Filter": "((kind)::text = 'production companies'::text)"}]}]}]}]}]}]}]}]}]}, "Unique SQL Id": 2492542741, "Planner Runtime": 23}, "explain_analyze_plan": {"Plan": {"Node Type": "Aggregate", "Strategy": "Plain", "Startup Cost": 159927.97, "Total Cost": 159928.0, "Plan Rows": 1, "Plan Width": 113, "Actual Min Startup Time": 295.603, "Actual Max Startup Time": 295.603, "Actual Min Total Time": 295.603, "Actual Max Total Time": 295.603, "Plans": [{"Node Type": "Streaming(type: LOCAL GATHER dop: 1/16)", "Parent Relationship": "Outer", "Startup Cost": 159927.97, "Total Cost": 159928.0, "Plan Rows": 1, "Plan Width": 113, "Actual Min Startup Time": 295.35, "Actual Max Startup Time": 295.35, "Actual Min Total Time": 295.574, "Actual Max Total Time": 295.574, "Plans": [{"Node Type": "Aggregate", "Strategy": "Plain", "Parent Relationship": "Outer", "Startup Cost": 159927.97, "Total Cost": 159927.98, "Plan Rows": 1, "Plan Width": 113, "Actual Min Startup Time": 92.376, "Actual Max Startup Time": 179.786, "Actual Min Total Time": 92.377, "Actual Max Total Time": 179.786, "Plans": [{"Node Type": "Hash Join", "Parent Relationship": "Outer", "Join Type": "Inner", "Startup Cost": 90440.43, "Total Cost": 155048.78, "Plan Rows": 650559, "Plan Width": 45, "Actual Min Startup Time": 92.369, "Actual Max Startup Time": 172.064, "Actual Min Total Time": 92.369, "Actual Max Total Time": 179.766, "Inner Unique": false, "Hash Cond": "(t.id = mc.movie_id), (LLVM Optimized)", "Plans": [{"Node Type": "Streaming(type: LOCAL REDISTRIBUTE dop: 16/16)", "Parent Relationship": "Outer", "Startup Cost": 35231.72, "Total Cost": 99217.19, "Plan Rows": 447839, "Plan Width": 29, "Actual Min Startup Time": 0.029, "Actual Max Startup Time": 8.887, "Actual Min Total Time": 8.811, "Actual Max Total Time": 8.888, "Plans": [{"Node Type": "Hash Join", "Parent Relationship": "Outer", "Join Type": "Inner", "Startup Cost": 35231.72, "Total Cost": 82520.3, "Plan Rows": 447839, "Plan Width": 29, "Actual Min Startup Time": 89.903, "Actual Max Startup Time": 95.16, "Actual Min Total Time": 89.904, "Actual Max Total Time": 95.16, "Inner Unique": true, "Hash Cond": "(mi_idx.movie_id = t.id), (LLVM Optimized)", "Plans": [{"Node Type": "Streaming(type: BROADCAST dop: 16/16)", "Parent Relationship": "Outer", "Startup Cost": 15002.76, "Total Cost": 60717.65, "Plan Rows": 5520128, "Plan Width": 4, "Actual Min Startup Time": 0.028, "Actual Max Startup Time": 0.035, "Actual Min Total Time": 0.029, "Actual Max Total Time": 0.037, "Plans": [{"Node Type": "Hash Join", "Parent Relationship": "Outer", "Join Type": "Inner", "Startup Cost": 15002.76, "Total Cost": 31701.7, "Plan Rows": 345008, "Plan Width": 4, "Actual Min Startup Time": 33.1, "Actual Max Startup Time": 51.395, "Actual Min Total Time": 33.1, "Actual Max Total Time": 51.395, "Inner Unique": true, "Hash Cond": "(mi_idx.info_type_id = it.id), (LLVM Optimized)", "Plans": [{"Node Type": "Seq Scan", "Parent Relationship": "Outer", "Relation Name": "movie_info_idx", "Alias": "mi_idx", "Startup Cost": 0.0, "Total Cost": 16267.15, "Plan Rows": 1380034, "Plan Width": 8, "Actual Min Startup Time": 0.03, "Actual Max Startup Time": 0.074, "Actual Min Total Time": 18.823, "Actual Max Total Time": 22.541, "Actual Rows": 1380034}, {"Node Type": "Hash", "Parent Relationship": "Inner", "Startup Cost": 15002.75, "Total Cost": 15002.75, "Plan Rows": 16, "Plan Width": 4, "Actual Min Startup Time": 0.012, "Actual Max Startup Time": 16.159, "Actual Min Total Time": 0.012, "Actual Max Total Time": 16.159, "Max Hash Buckets": 32768, "Min Hash Buckets": 32768, "Max Hash Batches": 1, "Min Hash Batches": 1, "Max Original Hash Batches": 1, "Min Original Hash Batches": 1, "Max Peak Memory Usage": 1, "min Peak Memory Usage": 1, "Plans": [{"Node Type": "Streaming(type: BROADCAST dop: 16/1)", "Parent Relationship": "Outer", "Startup Cost": 0.0, "Total Cost": 15002.75, "Plan Rows": 16, "Plan Width": 4, "Actual Min Startup Time": 0.004, "Actual Max Startup Time": 16.126, "Actual Min Total Time": 0.004, "Actual Max Total Time": 16.128, "Plans": [{"Node Type": "Seq Scan", "Parent Relationship": "Outer", "Relation Name": "info_type", "Alias": "it", "Startup Cost": 0.0, "Total Cost": 2.4, "Plan Rows": 1, "Plan Width": 4, "Actual Min Startup Time": 0.074, "Actual Max Startup Time": 0.074, "Actual Min Total Time": 0.078, "Actual Max Total Time": 0.078, "Filter": "((info)::text = 'bottom 10 rank'::text)", "Rows Removed by Filter": 111, "Actual Rows": 1}], "Actual Rows": 16}], "Actual Rows": 16}], "Actual Rows": 10}], "Actual Rows": 160}, {"Node Type": "Hash", "Parent Relationship": "Inner", "Startup Cost": 19149.37, "Total Cost": 19149.37, "Plan Rows": 1381886, "Plan Width": 25, "Actual Min Startup Time": 89.735, "Actual Max Startup Time": 95.018, "Actual Min Total Time": 89.735, "Actual Max Total Time": 95.018, "Max Hash Buckets": 131072, "Min Hash Buckets": 131072, "Max Hash Batches": 1, "Min Hash Batches": 1, "Max Original Hash Batches": 1, "Min Original Hash Batches": 1, "Max Peak Memory Usage": 5066, "min Peak Memory Usage": 5066, "Plans": [{"Node Type": "Seq Scan", "Parent Relationship": "Outer", "Relation Name": "title", "Alias": "t", "Startup Cost": 0.0, "Total Cost": 19149.37, "Plan Rows": 1381886, "Plan Width": 25, "Actual Min Startup Time": 0.023, "Actual Max Startup Time": 0.032, "Actual Min Total Time": 62.244, "Actual Max Total Time": 65.656, "Filter": "(production_year > 2000), (LLVM Optimized)", "Rows Removed by Filter": 1146858, "Actual Rows": 1381453}], "Actual Rows": 1381453}], "Actual Rows": 6}], "Actual Rows": 6}, {"Node Type": "Hash", "Parent Relationship": "Inner", "Startup Cost": 54189.55, "Total Cost": 54189.55, "Plan Rows": 1304518, "Plan Width": 28, "Actual Min Startup Time": 83.309, "Actual Max Startup Time": 170.808, "Actual Min Total Time": 83.309, "Actual Max Total Time": 170.808, "Max Hash Buckets": 131072, "Min Hash Buckets": 131072, "Max Hash Batches": 1, "Min Hash Batches": 1, "Max Original Hash Batches": 1, "Min Original Hash Batches": 1, "Max Peak Memory Usage": 494, "min Peak Memory Usage": 494, "Plans": [{"Node Type": "Streaming(type: LOCAL REDISTRIBUTE dop: 16/16)", "Parent Relationship": "Outer", "Startup Cost": 15001.4, "Total Cost": 54189.55, "Plan Rows": 1304518, "Plan Width": 28, "Actual Min Startup Time": 0.058, "Actual Max Startup Time": 39.303, "Actual Min Total Time": 80.64, "Actual Max Total Time": 168.289, "Plans": [{"Node Type": "Hash Join", "Parent Relationship": "Outer", "Join Type": "Inner", "Startup Cost": 15001.4, "Total Cost": 34246.65, "Plan Rows": 1304518, "Plan Width": 28, "Actual Min Startup Time": 48.019, "Actual Max Startup Time": 65.68, "Actual Min Total Time": 71.726, "Actual Max Total Time": 91.499, "Inner Unique": true, "Hash Cond": "(mc.company_type_id = ct.id), (LLVM Optimized)", "Plans": [{"Node Type": "Seq Scan", "Parent Relationship": "Outer", "Relation Name": "movie_companies", "Alias": "mc", "Startup Cost": 0.0, "Total Cost": 18021.26, "Plan Rows": 2609035, "Plan Width": 32, "Actual Min Startup Time": 0.03, "Actual Max Startup Time": 0.091, "Actual Min Total Time": 56.932, "Actual Max Total Time": 65.138, "Filter": "((note)::text !~~ '%(as Metro-Goldwyn-Mayer Pictures)%'::text), (LLVM Optimized)", "Rows Removed by Filter": 1272041, "Actual Rows": 1337087}, {"Node Type": "Hash", "Parent Relationship": "Inner", "Startup Cost": 15001.38, "Total Cost": 15001.38, "Plan Rows": 16, "Plan Width": 4, "Actual Min Startup Time": 0.012, "Actual Max Startup Time": 10.021, "Actual Min Total Time": 0.012, "Actual Max Total Time": 10.021, "Max Hash Buckets": 32768, "Min Hash Buckets": 32768, "Max Hash Batches": 1, "Min Hash Batches": 1, "Max Original Hash Batches": 1, "Min Original Hash Batches": 1, "Max Peak Memory Usage": 1, "min Peak Memory Usage": 1, "Plans": [{"Node Type": "Streaming(type: BROADCAST dop: 16/1)", "Parent Relationship": "Outer", "Startup Cost": 0.0, "Total Cost": 15001.38, "Plan Rows": 16, "Plan Width": 4, "Actual Min Startup Time": 0.004, "Actual Max Startup Time": 9.989, "Actual Min Total Time": 0.004, "Actual Max Total Time": 9.992, "Plans": [{"Node Type": "Seq Scan", "Parent Relationship": "Outer", "Relation Name": "company_type", "Alias": "ct", "Startup Cost": 0.0, "Total Cost": 1.04, "Plan Rows": 1, "Plan Width": 4, "Actual Min Startup Time": 0.032, "Actual Max Startup Time": 0.032, "Actual Min Total Time": 0.035, "Actual Max Total Time": 0.035, "Filter": "((kind)::text = 'production companies'::text)", "Rows Removed by Filter": 2, "Actual Rows": 1}], "Actual Rows": 16}], "Actual Rows": 16}], "Actual Rows": 140904}], "Actual Rows": 140904}], "Actual Rows": 140904}], "Actual Rows": 4}], "Actual Rows": 16}], "Actual Rows": 16}], "Actual Rows": 1}, "Triggers": [], "Planner Runtime": 23, "Total Runtime": 319.65, "Unique SQL Id": 2492542741}}, "(16, 107)": {"explain_plan": {"Plan": {"Node Type": "Aggregate", "Strategy": "Plain", "Startup Cost": 5000023616189.64, "Total Cost": 5000023616189.65, "Plan Rows": 1, "Plan Width": 113, "Plans": [{"Node Type": "Hash Join", "Parent Relationship": "Outer", "Join Type": "Inner", "Startup Cost": 3020021673244.5, "Total Cost": 5000023611310.45, "Plan Rows": 650559, "Plan Width": 45, "Inner Unique": true, "Hash Cond": "(mc.movie_id = t.id), (LLVM Optimized)", "Plans": [{"Node Type": "Hash Join", "Parent Relationship": "Outer", "Join Type": "Inner", "Startup Cost": 2020010011844.26, "Total Cost": 4000011941525.2, "Plan Rows": 501180, "Plan Width": 32, "Inner Unique": true, "Hash Cond": "(mc.company_type_id = ct.id), (LLVM Optimized)", "Plans": [{"Node Type": "Hash Join", "Parent Relationship": "Outer", "Join Type": "Inner", "Startup Cost": 1020010010614.0, "Total Cost": 3000011933547.98, "Plan Rows": 829046, "Plan Width": 36, "Inner Unique": false, "Hash Cond": "(mi_idx.movie_id = mc.movie_id), (LLVM Optimized)", "Plans": [{"Node Type": "Nested Loop", "Parent Relationship": "Outer", "Join Type": "Inner", "Startup Cost": 20000007502.06, "Total Cost": 2000001833737.28, "Plan Rows": 345008, "Plan Width": 4, "Inner Unique": false, "Plans": [{"Node Type": "Index Scan", "Parent Relationship": "Outer", "Scan Direction": "Forward", "Index Name": "info_type_pkey", "Relation Name": "info_type", "Alias": "it", "Startup Cost": 10000000000.0, "Total Cost": 1000000001421.0, "Plan Rows": 1, "Plan Width": 4, "Filter": "((info)::text = 'bottom 10 rank'::text)"}, {"Node Type": "Bitmap Heap Scan", "Parent Relationship": "Inner", "Relation Name": "movie_info_idx", "Alias": "mi_idx", "Startup Cost": 10000007502.06, "Total Cost": 1000001828866.2, "Plan Rows": 345008, "Plan Width": 8, "Recheck Cond": "(info_type_id = it.id), (LLVM Optimized)", "Plans": [{"Node Type": "Bitmap Index Scan", "Parent Relationship": "Outer", "Index Name": "info_type_id_movie_info_idx", "Startup Cost": 0.0, "Total Cost": 7415.81, "Plan Rows": 345008, "Plan Width": 0, "Index Cond": "(info_type_id = it.id)"}]}]}, {"Node Type": "Hash", "Parent Relationship": "Inner", "Startup Cost": 1000009970499.0, "Total Cost": 1000009970499.0, "Plan Rows": 2609035, "Plan Width": 32, "Plans": [{"Node Type": "Index Scan", "Parent Relationship": "Outer", "Scan Direction": "Forward", "Index Name": "company_type_id_movie_companies", "Relation Name": "movie_companies", "Alias": "mc", "Startup Cost": 10000000000.0, "Total Cost": 1000009970499.0, "Plan Rows": 2609035, "Plan Width": 32, "Filter": "((note)::text !~~ '%(as Metro-Goldwyn-Mayer Pictures)%'::text), (LLVM Optimized)"}]}]}, {"Node Type": "Hash", "Parent Relationship": "Inner", "Startup Cost": 1000000001230.25, "Total Cost": 1000000001230.25, "Plan Rows": 1, "Plan Width": 4, "Plans": [{"Node Type": "Index Scan", "Parent Relationship": "Outer", "Scan Direction": "Forward", "Index Name": "company_type_pkey", "Relation Name": "company_type", "Alias": "ct", "Startup Cost": 10000000000.0, "Total Cost": 1000000001230.25, "Plan Rows": 1, "Plan Width": 4, "Filter": "((kind)::text = 'production companies'::text)"}]}]}, {"Node Type": "Hash", "Parent Relationship": "Inner", "Startup Cost": 1000011644126.66, "Total Cost": 1000011644126.66, "Plan Rows": 1381886, "Plan Width": 25, "Plans": [{"Node Type": "Index Scan", "Parent Relationship": "Outer", "Scan Direction": "Forward", "Index Name": "title_pkey", "Relation Name": "title", "Alias": "t", "Startup Cost": 10000000000.0, "Total Cost": 1000011644126.66, "Plan Rows": 1381886, "Plan Width": 25, "Filter": "(production_year > 2000), (LLVM Optimized)"}]}]}]}, "Unique SQL Id": 2492542741, "Planner Runtime": 6}, "explain_analyze_plan": null}, "(16, 108)": {"explain_plan": {"Plan": {"Node Type": "Aggregate", "Strategy": "Plain", "Startup Cost": 159927.97, "Total Cost": 159928.0, "Plan Rows": 1, "Plan Width": 113, "Plans": [{"Node Type": "Streaming(type: LOCAL GATHER dop: 1/16)", "Parent Relationship": "Outer", "Startup Cost": 159927.97, "Total Cost": 159928.0, "Plan Rows": 1, "Plan Width": 113, "Plans": [{"Node Type": "Aggregate", "Strategy": "Plain", "Parent Relationship": "Outer", "Startup Cost": 159927.97, "Total Cost": 159927.98, "Plan Rows": 1, "Plan Width": 113, "Plans": [{"Node Type": "Hash Join", "Parent Relationship": "Outer", "Join Type": "Inner", "Startup Cost": 90440.43, "Total Cost": 155048.78, "Plan Rows": 650559, "Plan Width": 45, "Inner Unique": false, "Hash Cond": "(t.id = mc.movie_id), (LLVM Optimized)", "Plans": [{"Node Type": "Streaming(type: LOCAL REDISTRIBUTE dop: 16/16)", "Parent Relationship": "Outer", "Startup Cost": 35231.72, "Total Cost": 99217.19, "Plan Rows": 447839, "Plan Width": 29, "Plans": [{"Node Type": "Hash Join", "Parent Relationship": "Outer", "Join Type": "Inner", "Startup Cost": 35231.72, "Total Cost": 82520.3, "Plan Rows": 447839, "Plan Width": 29, "Inner Unique": true, "Hash Cond": "(mi_idx.movie_id = t.id), (LLVM Optimized)", "Plans": [{"Node Type": "Streaming(type: BROADCAST dop: 16/16)", "Parent Relationship": "Outer", "Startup Cost": 15002.76, "Total Cost": 60717.65, "Plan Rows": 5520128, "Plan Width": 4, "Plans": [{"Node Type": "Hash Join", "Parent Relationship": "Outer", "Join Type": "Inner", "Startup Cost": 15002.76, "Total Cost": 31701.7, "Plan Rows": 345008, "Plan Width": 4, "Inner Unique": true, "Hash Cond": "(mi_idx.info_type_id = it.id), (LLVM Optimized)", "Plans": [{"Node Type": "Seq Scan", "Parent Relationship": "Outer", "Relation Name": "movie_info_idx", "Alias": "mi_idx", "Startup Cost": 0.0, "Total Cost": 16267.15, "Plan Rows": 1380034, "Plan Width": 8}, {"Node Type": "Hash", "Parent Relationship": "Inner", "Startup Cost": 15002.75, "Total Cost": 15002.75, "Plan Rows": 16, "Plan Width": 4, "Plans": [{"Node Type": "Streaming(type: BROADCAST dop: 16/1)", "Parent Relationship": "Outer", "Startup Cost": 0.0, "Total Cost": 15002.75, "Plan Rows": 16, "Plan Width": 4, "Plans": [{"Node Type": "Seq Scan", "Parent Relationship": "Outer", "Relation Name": "info_type", "Alias": "it", "Startup Cost": 0.0, "Total Cost": 2.4, "Plan Rows": 1, "Plan Width": 4, "Filter": "((info)::text = 'bottom 10 rank'::text)"}]}]}]}]}, {"Node Type": "Hash", "Parent Relationship": "Inner", "Startup Cost": 19149.37, "Total Cost": 19149.37, "Plan Rows": 1381886, "Plan Width": 25, "Plans": [{"Node Type": "Seq Scan", "Parent Relationship": "Outer", "Relation Name": "title", "Alias": "t", "Startup Cost": 0.0, "Total Cost": 19149.37, "Plan Rows": 1381886, "Plan Width": 25, "Filter": "(production_year > 2000), (LLVM Optimized)"}]}]}]}, {"Node Type": "Hash", "Parent Relationship": "Inner", "Startup Cost": 54189.55, "Total Cost": 54189.55, "Plan Rows": 1304518, "Plan Width": 28, "Plans": [{"Node Type": "Streaming(type: LOCAL REDISTRIBUTE dop: 16/16)", "Parent Relationship": "Outer", "Startup Cost": 15001.4, "Total Cost": 54189.55, "Plan Rows": 1304518, "Plan Width": 28, "Plans": [{"Node Type": "Hash Join", "Parent Relationship": "Outer", "Join Type": "Inner", "Startup Cost": 15001.4, "Total Cost": 34246.65, "Plan Rows": 1304518, "Plan Width": 28, "Inner Unique": true, "Hash Cond": "(mc.company_type_id = ct.id), (LLVM Optimized)", "Plans": [{"Node Type": "Seq Scan", "Parent Relationship": "Outer", "Relation Name": "movie_companies", "Alias": "mc", "Startup Cost": 0.0, "Total Cost": 18021.26, "Plan Rows": 2609035, "Plan Width": 32, "Filter": "((note)::text !~~ '%(as Metro-Goldwyn-Mayer Pictures)%'::text), (LLVM Optimized)"}, {"Node Type": "Hash", "Parent Relationship": "Inner", "Startup Cost": 15001.38, "Total Cost": 15001.38, "Plan Rows": 16, "Plan Width": 4, "Plans": [{"Node Type": "Streaming(type: BROADCAST dop: 16/1)", "Parent Relationship": "Outer", "Startup Cost": 0.0, "Total Cost": 15001.38, "Plan Rows": 16, "Plan Width": 4, "Plans": [{"Node Type": "Seq Scan", "Parent Relationship": "Outer", "Relation Name": "company_type", "Alias": "ct", "Startup Cost": 0.0, "Total Cost": 1.04, "Plan Rows": 1, "Plan Width": 4, "Filter": "((kind)::text = 'production companies'::text)"}]}]}]}]}]}]}]}]}]}, "Unique SQL Id": 2492542741, "Planner Runtime": 19}, "explain_analyze_plan": {"Plan": {"Node Type": "Aggregate", "Strategy": "Plain", "Startup Cost": 159927.97, "Total Cost": 159928.0, "Plan Rows": 1, "Plan Width": 113, "Actual Min Startup Time": 295.603, "Actual Max Startup Time": 295.603, "Actual Min Total Time": 295.603, "Actual Max Total Time": 295.603, "Plans": [{"Node Type": "Streaming(type: LOCAL GATHER dop: 1/16)", "Parent Relationship": "Outer", "Startup Cost": 159927.97, "Total Cost": 159928.0, "Plan Rows": 1, "Plan Width": 113, "Actual Min Startup Time": 295.35, "Actual Max Startup Time": 295.35, "Actual Min Total Time": 295.574, "Actual Max Total Time": 295.574, "Plans": [{"Node Type": "Aggregate", "Strategy": "Plain", "Parent Relationship": "Outer", "Startup Cost": 159927.97, "Total Cost": 159927.98, "Plan Rows": 1, "Plan Width": 113, "Actual Min Startup Time": 92.376, "Actual Max Startup Time": 179.786, "Actual Min Total Time": 92.377, "Actual Max Total Time": 179.786, "Plans": [{"Node Type": "Hash Join", "Parent Relationship": "Outer", "Join Type": "Inner", "Startup Cost": 90440.43, "Total Cost": 155048.78, "Plan Rows": 650559, "Plan Width": 45, "Actual Min Startup Time": 92.369, "Actual Max Startup Time": 172.064, "Actual Min Total Time": 92.369, "Actual Max Total Time": 179.766, "Inner Unique": false, "Hash Cond": "(t.id = mc.movie_id), (LLVM Optimized)", "Plans": [{"Node Type": "Streaming(type: LOCAL REDISTRIBUTE dop: 16/16)", "Parent Relationship": "Outer", "Startup Cost": 35231.72, "Total Cost": 99217.19, "Plan Rows": 447839, "Plan Width": 29, "Actual Min Startup Time": 0.029, "Actual Max Startup Time": 8.887, "Actual Min Total Time": 8.811, "Actual Max Total Time": 8.888, "Plans": [{"Node Type": "Hash Join", "Parent Relationship": "Outer", "Join Type": "Inner", "Startup Cost": 35231.72, "Total Cost": 82520.3, "Plan Rows": 447839, "Plan Width": 29, "Actual Min Startup Time": 89.903, "Actual Max Startup Time": 95.16, "Actual Min Total Time": 89.904, "Actual Max Total Time": 95.16, "Inner Unique": true, "Hash Cond": "(mi_idx.movie_id = t.id), (LLVM Optimized)", "Plans": [{"Node Type": "Streaming(type: BROADCAST dop: 16/16)", "Parent Relationship": "Outer", "Startup Cost": 15002.76, "Total Cost": 60717.65, "Plan Rows": 5520128, "Plan Width": 4, "Actual Min Startup Time": 0.028, "Actual Max Startup Time": 0.035, "Actual Min Total Time": 0.029, "Actual Max Total Time": 0.037, "Plans": [{"Node Type": "Hash Join", "Parent Relationship": "Outer", "Join Type": "Inner", "Startup Cost": 15002.76, "Total Cost": 31701.7, "Plan Rows": 345008, "Plan Width": 4, "Actual Min Startup Time": 33.1, "Actual Max Startup Time": 51.395, "Actual Min Total Time": 33.1, "Actual Max Total Time": 51.395, "Inner Unique": true, "Hash Cond": "(mi_idx.info_type_id = it.id), (LLVM Optimized)", "Plans": [{"Node Type": "Seq Scan", "Parent Relationship": "Outer", "Relation Name": "movie_info_idx", "Alias": "mi_idx", "Startup Cost": 0.0, "Total Cost": 16267.15, "Plan Rows": 1380034, "Plan Width": 8, "Actual Min Startup Time": 0.03, "Actual Max Startup Time": 0.074, "Actual Min Total Time": 18.823, "Actual Max Total Time": 22.541, "Actual Rows": 1380034}, {"Node Type": "Hash", "Parent Relationship": "Inner", "Startup Cost": 15002.75, "Total Cost": 15002.75, "Plan Rows": 16, "Plan Width": 4, "Actual Min Startup Time": 0.012, "Actual Max Startup Time": 16.159, "Actual Min Total Time": 0.012, "Actual Max Total Time": 16.159, "Max Hash Buckets": 32768, "Min Hash Buckets": 32768, "Max Hash Batches": 1, "Min Hash Batches": 1, "Max Original Hash Batches": 1, "Min Original Hash Batches": 1, "Max Peak Memory Usage": 1, "min Peak Memory Usage": 1, "Plans": [{"Node Type": "Streaming(type: BROADCAST dop: 16/1)", "Parent Relationship": "Outer", "Startup Cost": 0.0, "Total Cost": 15002.75, "Plan Rows": 16, "Plan Width": 4, "Actual Min Startup Time": 0.004, "Actual Max Startup Time": 16.126, "Actual Min Total Time": 0.004, "Actual Max Total Time": 16.128, "Plans": [{"Node Type": "Seq Scan", "Parent Relationship": "Outer", "Relation Name": "info_type", "Alias": "it", "Startup Cost": 0.0, "Total Cost": 2.4, "Plan Rows": 1, "Plan Width": 4, "Actual Min Startup Time": 0.074, "Actual Max Startup Time": 0.074, "Actual Min Total Time": 0.078, "Actual Max Total Time": 0.078, "Filter": "((info)::text = 'bottom 10 rank'::text)", "Rows Removed by Filter": 111, "Actual Rows": 1}], "Actual Rows": 16}], "Actual Rows": 16}], "Actual Rows": 10}], "Actual Rows": 160}, {"Node Type": "Hash", "Parent Relationship": "Inner", "Startup Cost": 19149.37, "Total Cost": 19149.37, "Plan Rows": 1381886, "Plan Width": 25, "Actual Min Startup Time": 89.735, "Actual Max Startup Time": 95.018, "Actual Min Total Time": 89.735, "Actual Max Total Time": 95.018, "Max Hash Buckets": 131072, "Min Hash Buckets": 131072, "Max Hash Batches": 1, "Min Hash Batches": 1, "Max Original Hash Batches": 1, "Min Original Hash Batches": 1, "Max Peak Memory Usage": 5066, "min Peak Memory Usage": 5066, "Plans": [{"Node Type": "Seq Scan", "Parent Relationship": "Outer", "Relation Name": "title", "Alias": "t", "Startup Cost": 0.0, "Total Cost": 19149.37, "Plan Rows": 1381886, "Plan Width": 25, "Actual Min Startup Time": 0.023, "Actual Max Startup Time": 0.032, "Actual Min Total Time": 62.244, "Actual Max Total Time": 65.656, "Filter": "(production_year > 2000), (LLVM Optimized)", "Rows Removed by Filter": 1146858, "Actual Rows": 1381453}], "Actual Rows": 1381453}], "Actual Rows": 6}], "Actual Rows": 6}, {"Node Type": "Hash", "Parent Relationship": "Inner", "Startup Cost": 54189.55, "Total Cost": 54189.55, "Plan Rows": 1304518, "Plan Width": 28, "Actual Min Startup Time": 83.309, "Actual Max Startup Time": 170.808, "Actual Min Total Time": 83.309, "Actual Max Total Time": 170.808, "Max Hash Buckets": 131072, "Min Hash Buckets": 131072, "Max Hash Batches": 1, "Min Hash Batches": 1, "Max Original Hash Batches": 1, "Min Original Hash Batches": 1, "Max Peak Memory Usage": 494, "min Peak Memory Usage": 494, "Plans": [{"Node Type": "Streaming(type: LOCAL REDISTRIBUTE dop: 16/16)", "Parent Relationship": "Outer", "Startup Cost": 15001.4, "Total Cost": 54189.55, "Plan Rows": 1304518, "Plan Width": 28, "Actual Min Startup Time": 0.058, "Actual Max Startup Time": 39.303, "Actual Min Total Time": 80.64, "Actual Max Total Time": 168.289, "Plans": [{"Node Type": "Hash Join", "Parent Relationship": "Outer", "Join Type": "Inner", "Startup Cost": 15001.4, "Total Cost": 34246.65, "Plan Rows": 1304518, "Plan Width": 28, "Actual Min Startup Time": 48.019, "Actual Max Startup Time": 65.68, "Actual Min Total Time": 71.726, "Actual Max Total Time": 91.499, "Inner Unique": true, "Hash Cond": "(mc.company_type_id = ct.id), (LLVM Optimized)", "Plans": [{"Node Type": "Seq Scan", "Parent Relationship": "Outer", "Relation Name": "movie_companies", "Alias": "mc", "Startup Cost": 0.0, "Total Cost": 18021.26, "Plan Rows": 2609035, "Plan Width": 32, "Actual Min Startup Time": 0.03, "Actual Max Startup Time": 0.091, "Actual Min Total Time": 56.932, "Actual Max Total Time": 65.138, "Filter": "((note)::text !~~ '%(as Metro-Goldwyn-Mayer Pictures)%'::text), (LLVM Optimized)", "Rows Removed by Filter": 1272041, "Actual Rows": 1337087}, {"Node Type": "Hash", "Parent Relationship": "Inner", "Startup Cost": 15001.38, "Total Cost": 15001.38, "Plan Rows": 16, "Plan Width": 4, "Actual Min Startup Time": 0.012, "Actual Max Startup Time": 10.021, "Actual Min Total Time": 0.012, "Actual Max Total Time": 10.021, "Max Hash Buckets": 32768, "Min Hash Buckets": 32768, "Max Hash Batches": 1, "Min Hash Batches": 1, "Max Original Hash Batches": 1, "Min Original Hash Batches": 1, "Max Peak Memory Usage": 1, "min Peak Memory Usage": 1, "Plans": [{"Node Type": "Streaming(type: BROADCAST dop: 16/1)", "Parent Relationship": "Outer", "Startup Cost": 0.0, "Total Cost": 15001.38, "Plan Rows": 16, "Plan Width": 4, "Actual Min Startup Time": 0.004, "Actual Max Startup Time": 9.989, "Actual Min Total Time": 0.004, "Actual Max Total Time": 9.992, "Plans": [{"Node Type": "Seq Scan", "Parent Relationship": "Outer", "Relation Name": "company_type", "Alias": "ct", "Startup Cost": 0.0, "Total Cost": 1.04, "Plan Rows": 1, "Plan Width": 4, "Actual Min Startup Time": 0.032, "Actual Max Startup Time": 0.032, "Actual Min Total Time": 0.035, "Actual Max Total Time": 0.035, "Filter": "((kind)::text = 'production companies'::text)", "Rows Removed by Filter": 2, "Actual Rows": 1}], "Actual Rows": 16}], "Actual Rows": 16}], "Actual Rows": 140904}], "Actual Rows": 140904}], "Actual Rows": 140904}], "Actual Rows": 4}], "Actual Rows": 16}], "Actual Rows": 16}], "Actual Rows": 1}, "Triggers": [], "Planner Runtime": 23, "Total Runtime": 319.65, "Unique SQL Id": 2492542741}}, "(16, 109)": {"explain_plan": {"Plan": {"Node Type": "Aggregate", "Strategy": "Plain", "Startup Cost": 289524.49, "Total Cost": 289524.52, "Plan Rows": 1, "Plan Width": 113, "Plans": [{"Node Type": "Streaming(type: LOCAL GATHER dop: 1/16)", "Parent Relationship": "Outer", "Startup Cost": 289524.49, "Total Cost": 289524.52, "Plan Rows": 1, "Plan Width": 113, "Plans": [{"Node Type": "Aggregate", "Strategy": "Plain", "Parent Relationship": "Outer", "Startup Cost": 289524.49, "Total Cost": 289524.5, "Plan Rows": 1, "Plan Width": 113, "Plans": [{"Node Type": "Hash Join", "Parent Relationship": "Outer", "Join Type": "Inner", "Startup Cost": 138518.61, "Total Cost": 284645.3, "Plan Rows": 650559, "Plan Width": 45, "Inner Unique": false, "Hash Cond": "(t.id = mi_idx.movie_id), (LLVM Optimized)", "Plans": [{"Node Type": "Streaming(type: LOCAL REDISTRIBUTE dop: 16/16)", "Parent Relationship": "Outer", "Startup Cost": 121327.99, "Total Cost": 266714.82, "Plan Rows": 1693335, "Plan Width": 53, "Plans": [{"Node Type": "Hash Join", "Parent Relationship": "Outer", "Join Type": "Inner", "Startup Cost": 121327.99, "Total Cost": 245298.67, "Plan Rows": 1693335, "Plan Width": 53, "Inner Unique": false, "Hash Cond": "(t.id = mc.movie_id), (LLVM Optimized)", "Plans": [{"Node Type": "Streaming(type: LOCAL REDISTRIBUTE dop: 16/16)", "Parent Relationship": "Outer", "Startup Cost": 0.0, "Total Cost": 122048.67, "Plan Rows": 1381886, "Plan Width": 25, "Plans": [{"Node Type": "Index Scan", "Parent Relationship": "Outer", "Scan Direction": "Forward", "Index Name": "title_pkey", "Relation Name": "title", "Alias": "t", "Startup Cost": 0.0, "Total Cost": 101812.62, "Plan Rows": 1381886, "Plan Width": 25, "Filter": "(production_year > 2000), (LLVM Optimized)"}]}, {"Node Type": "Hash", "Parent Relationship": "Inner", "Startup Cost": 120308.83, "Total Cost": 120308.83, "Plan Rows": 1304518, "Plan Width": 28, "Plans": [{"Node Type": "Streaming(type: LOCAL REDISTRIBUTE dop: 16/16)", "Parent Relationship": "Outer", "Startup Cost": 15012.66, "Total Cost": 120308.83, "Plan Rows": 1304518, "Plan Width": 28, "Plans": [{"Node Type": "Hash Join", "Parent Relationship": "Outer", "Join Type": "Inner", "Startup Cost": 15012.66, "Total Cost": 100365.93, "Plan Rows": 1304518, "Plan Width": 28, "Inner Unique": true, "Hash Cond": "(mc.company_type_id = ct.id), (LLVM Optimized)", "Plans": [{"Node Type": "Index Scan", "Parent Relationship": "Outer", "Scan Direction": "Forward", "Index Name": "company_type_id_movie_companies", "Relation Name": "movie_companies", "Alias": "mc", "Startup Cost": 0.0, "Total Cost": 84129.27, "Plan Rows": 2609035, "Plan Width": 32, "Filter": "((note)::text !~~ '%(as Metro-Goldwyn-Mayer Pictures)%'::text), (LLVM Optimized)"}, {"Node Type": "Hash", "Parent Relationship": "Inner", "Startup Cost": 15012.65, "Total Cost": 15012.65, "Plan Rows": 16, "Plan Width": 4, "Plans": [{"Node Type": "Streaming(type: BROADCAST dop: 16/1)", "Parent Relationship": "Outer", "Startup Cost": 0.0, "Total Cost": 15012.65, "Plan Rows": 16, "Plan Width": 4, "Plans": [{"Node Type": "Index Scan", "Parent Relationship": "Outer", "Scan Direction": "Forward", "Index Name": "company_type_pkey", "Relation Name": "company_type", "Alias": "ct", "Startup Cost": 0.0, "Total Cost": 12.3, "Plan Rows": 1, "Plan Width": 4, "Filter": "((kind)::text = 'production companies'::text)"}]}]}]}]}]}]}]}, {"Node Type": "Hash", "Parent Relationship": "Inner", "Startup Cost": 67684.33, "Total Cost": 67684.33, "Plan Rows": 345008, "Plan Width": 4, "Plans": [{"Node Type": "Streaming(type: LOCAL REDISTRIBUTE dop: 16/1)", "Parent Relationship": "Outer", "Startup Cost": 0.0, "Total Cost": 67684.33, "Plan Rows": 345008, "Plan Width": 4, "Plans": [{"Node Type": "Nested Loop", "Parent Relationship": "Outer", "Join Type": "Inner", "Startup Cost": 0.0, "Total Cost": 38338.2, "Plan Rows": 345008, "Plan Width": 4, "Inner Unique": false, "Plans": [{"Node Type": "Index Scan", "Parent Relationship": "Outer", "Scan Direction": "Forward", "Index Name": "info_type_pkey", "Relation Name": "info_type", "Alias": "it", "Startup Cost": 0.0, "Total Cost": 14.21, "Plan Rows": 1, "Plan Width": 4, "Filter": "((info)::text = 'bottom 10 rank'::text)"}, {"Node Type": "Index Scan", "Parent Relationship": "Inner", "Scan Direction": "Forward", "Index Name": "info_type_id_movie_info_idx", "Relation Name": "movie_info_idx", "Alias": "mi_idx", "Startup Cost": 0.0, "Total Cost": 34873.91, "Plan Rows": 345008, "Plan Width": 8, "Index Cond": "(info_type_id = it.id), (LLVM Optimized)"}]}]}]}]}]}]}]}, "Unique SQL Id": 2492542741, "Planner Runtime": 15}, "explain_analyze_plan": null}, "(16, 110)": {"explain_plan": {"Plan": {"Node Type": "Aggregate", "Strategy": "Plain", "Startup Cost": 159927.97, "Total Cost": 159928.0, "Plan Rows": 1, "Plan Width": 113, "Plans": [{"Node Type": "Streaming(type: LOCAL GATHER dop: 1/16)", "Parent Relationship": "Outer", "Startup Cost": 159927.97, "Total Cost": 159928.0, "Plan Rows": 1, "Plan Width": 113, "Plans": [{"Node Type": "Aggregate", "Strategy": "Plain", "Parent Relationship": "Outer", "Startup Cost": 159927.97, "Total Cost": 159927.98, "Plan Rows": 1, "Plan Width": 113, "Plans": [{"Node Type": "Hash Join", "Parent Relationship": "Outer", "Join Type": "Inner", "Startup Cost": 90440.43, "Total Cost": 155048.78, "Plan Rows": 650559, "Plan Width": 45, "Inner Unique": false, "Hash Cond": "(t.id = mc.movie_id), (LLVM Optimized)", "Plans": [{"Node Type": "Streaming(type: LOCAL REDISTRIBUTE dop: 16/16)", "Parent Relationship": "Outer", "Startup Cost": 35231.72, "Total Cost": 99217.19, "Plan Rows": 447839, "Plan Width": 29, "Plans": [{"Node Type": "Hash Join", "Parent Relationship": "Outer", "Join Type": "Inner", "Startup Cost": 35231.72, "Total Cost": 82520.3, "Plan Rows": 447839, "Plan Width": 29, "Inner Unique": true, "Hash Cond": "(mi_idx.movie_id = t.id), (LLVM Optimized)", "Plans": [{"Node Type": "Streaming(type: BROADCAST dop: 16/16)", "Parent Relationship": "Outer", "Startup Cost": 15002.76, "Total Cost": 60717.65, "Plan Rows": 5520128, "Plan Width": 4, "Plans": [{"Node Type": "Hash Join", "Parent Relationship": "Outer", "Join Type": "Inner", "Startup Cost": 15002.76, "Total Cost": 31701.7, "Plan Rows": 345008, "Plan Width": 4, "Inner Unique": true, "Hash Cond": "(mi_idx.info_type_id = it.id), (LLVM Optimized)", "Plans": [{"Node Type": "Seq Scan", "Parent Relationship": "Outer", "Relation Name": "movie_info_idx", "Alias": "mi_idx", "Startup Cost": 0.0, "Total Cost": 16267.15, "Plan Rows": 1380034, "Plan Width": 8}, {"Node Type": "Hash", "Parent Relationship": "Inner", "Startup Cost": 15002.75, "Total Cost": 15002.75, "Plan Rows": 16, "Plan Width": 4, "Plans": [{"Node Type": "Streaming(type: BROADCAST dop: 16/1)", "Parent Relationship": "Outer", "Startup Cost": 0.0, "Total Cost": 15002.75, "Plan Rows": 16, "Plan Width": 4, "Plans": [{"Node Type": "Seq Scan", "Parent Relationship": "Outer", "Relation Name": "info_type", "Alias": "it", "Startup Cost": 0.0, "Total Cost": 2.4, "Plan Rows": 1, "Plan Width": 4, "Filter": "((info)::text = 'bottom 10 rank'::text)"}]}]}]}]}, {"Node Type": "Hash", "Parent Relationship": "Inner", "Startup Cost": 19149.37, "Total Cost": 19149.37, "Plan Rows": 1381886, "Plan Width": 25, "Plans": [{"Node Type": "Seq Scan", "Parent Relationship": "Outer", "Relation Name": "title", "Alias": "t", "Startup Cost": 0.0, "Total Cost": 19149.37, "Plan Rows": 1381886, "Plan Width": 25, "Filter": "(production_year > 2000), (LLVM Optimized)"}]}]}]}, {"Node Type": "Hash", "Parent Relationship": "Inner", "Startup Cost": 54189.55, "Total Cost": 54189.55, "Plan Rows": 1304518, "Plan Width": 28, "Plans": [{"Node Type": "Streaming(type: LOCAL REDISTRIBUTE dop: 16/16)", "Parent Relationship": "Outer", "Startup Cost": 15001.4, "Total Cost": 54189.55, "Plan Rows": 1304518, "Plan Width": 28, "Plans": [{"Node Type": "Hash Join", "Parent Relationship": "Outer", "Join Type": "Inner", "Startup Cost": 15001.4, "Total Cost": 34246.65, "Plan Rows": 1304518, "Plan Width": 28, "Inner Unique": true, "Hash Cond": "(mc.company_type_id = ct.id), (LLVM Optimized)", "Plans": [{"Node Type": "Seq Scan", "Parent Relationship": "Outer", "Relation Name": "movie_companies", "Alias": "mc", "Startup Cost": 0.0, "Total Cost": 18021.26, "Plan Rows": 2609035, "Plan Width": 32, "Filter": "((note)::text !~~ '%(as Metro-Goldwyn-Mayer Pictures)%'::text), (LLVM Optimized)"}, {"Node Type": "Hash", "Parent Relationship": "Inner", "Startup Cost": 15001.38, "Total Cost": 15001.38, "Plan Rows": 16, "Plan Width": 4, "Plans": [{"Node Type": "Streaming(type: BROADCAST dop: 16/1)", "Parent Relationship": "Outer", "Startup Cost": 0.0, "Total Cost": 15001.38, "Plan Rows": 16, "Plan Width": 4, "Plans": [{"Node Type": "Seq Scan", "Parent Relationship": "Outer", "Relation Name": "company_type", "Alias": "ct", "Startup Cost": 0.0, "Total Cost": 1.04, "Plan Rows": 1, "Plan Width": 4, "Filter": "((kind)::text = 'production companies'::text)"}]}]}]}]}]}]}]}]}]}, "Unique SQL Id": 2492542741, "Planner Runtime": 23}, "explain_analyze_plan": {"Plan": {"Node Type": "Aggregate", "Strategy": "Plain", "Startup Cost": 159927.97, "Total Cost": 159928.0, "Plan Rows": 1, "Plan Width": 113, "Actual Min Startup Time": 295.603, "Actual Max Startup Time": 295.603, "Actual Min Total Time": 295.603, "Actual Max Total Time": 295.603, "Plans": [{"Node Type": "Streaming(type: LOCAL GATHER dop: 1/16)", "Parent Relationship": "Outer", "Startup Cost": 159927.97, "Total Cost": 159928.0, "Plan Rows": 1, "Plan Width": 113, "Actual Min Startup Time": 295.35, "Actual Max Startup Time": 295.35, "Actual Min Total Time": 295.574, "Actual Max Total Time": 295.574, "Plans": [{"Node Type": "Aggregate", "Strategy": "Plain", "Parent Relationship": "Outer", "Startup Cost": 159927.97, "Total Cost": 159927.98, "Plan Rows": 1, "Plan Width": 113, "Actual Min Startup Time": 92.376, "Actual Max Startup Time": 179.786, "Actual Min Total Time": 92.377, "Actual Max Total Time": 179.786, "Plans": [{"Node Type": "Hash Join", "Parent Relationship": "Outer", "Join Type": "Inner", "Startup Cost": 90440.43, "Total Cost": 155048.78, "Plan Rows": 650559, "Plan Width": 45, "Actual Min Startup Time": 92.369, "Actual Max Startup Time": 172.064, "Actual Min Total Time": 92.369, "Actual Max Total Time": 179.766, "Inner Unique": false, "Hash Cond": "(t.id = mc.movie_id), (LLVM Optimized)", "Plans": [{"Node Type": "Streaming(type: LOCAL REDISTRIBUTE dop: 16/16)", "Parent Relationship": "Outer", "Startup Cost": 35231.72, "Total Cost": 99217.19, "Plan Rows": 447839, "Plan Width": 29, "Actual Min Startup Time": 0.029, "Actual Max Startup Time": 8.887, "Actual Min Total Time": 8.811, "Actual Max Total Time": 8.888, "Plans": [{"Node Type": "Hash Join", "Parent Relationship": "Outer", "Join Type": "Inner", "Startup Cost": 35231.72, "Total Cost": 82520.3, "Plan Rows": 447839, "Plan Width": 29, "Actual Min Startup Time": 89.903, "Actual Max Startup Time": 95.16, "Actual Min Total Time": 89.904, "Actual Max Total Time": 95.16, "Inner Unique": true, "Hash Cond": "(mi_idx.movie_id = t.id), (LLVM Optimized)", "Plans": [{"Node Type": "Streaming(type: BROADCAST dop: 16/16)", "Parent Relationship": "Outer", "Startup Cost": 15002.76, "Total Cost": 60717.65, "Plan Rows": 5520128, "Plan Width": 4, "Actual Min Startup Time": 0.028, "Actual Max Startup Time": 0.035, "Actual Min Total Time": 0.029, "Actual Max Total Time": 0.037, "Plans": [{"Node Type": "Hash Join", "Parent Relationship": "Outer", "Join Type": "Inner", "Startup Cost": 15002.76, "Total Cost": 31701.7, "Plan Rows": 345008, "Plan Width": 4, "Actual Min Startup Time": 33.1, "Actual Max Startup Time": 51.395, "Actual Min Total Time": 33.1, "Actual Max Total Time": 51.395, "Inner Unique": true, "Hash Cond": "(mi_idx.info_type_id = it.id), (LLVM Optimized)", "Plans": [{"Node Type": "Seq Scan", "Parent Relationship": "Outer", "Relation Name": "movie_info_idx", "Alias": "mi_idx", "Startup Cost": 0.0, "Total Cost": 16267.15, "Plan Rows": 1380034, "Plan Width": 8, "Actual Min Startup Time": 0.03, "Actual Max Startup Time": 0.074, "Actual Min Total Time": 18.823, "Actual Max Total Time": 22.541, "Actual Rows": 1380034}, {"Node Type": "Hash", "Parent Relationship": "Inner", "Startup Cost": 15002.75, "Total Cost": 15002.75, "Plan Rows": 16, "Plan Width": 4, "Actual Min Startup Time": 0.012, "Actual Max Startup Time": 16.159, "Actual Min Total Time": 0.012, "Actual Max Total Time": 16.159, "Max Hash Buckets": 32768, "Min Hash Buckets": 32768, "Max Hash Batches": 1, "Min Hash Batches": 1, "Max Original Hash Batches": 1, "Min Original Hash Batches": 1, "Max Peak Memory Usage": 1, "min Peak Memory Usage": 1, "Plans": [{"Node Type": "Streaming(type: BROADCAST dop: 16/1)", "Parent Relationship": "Outer", "Startup Cost": 0.0, "Total Cost": 15002.75, "Plan Rows": 16, "Plan Width": 4, "Actual Min Startup Time": 0.004, "Actual Max Startup Time": 16.126, "Actual Min Total Time": 0.004, "Actual Max Total Time": 16.128, "Plans": [{"Node Type": "Seq Scan", "Parent Relationship": "Outer", "Relation Name": "info_type", "Alias": "it", "Startup Cost": 0.0, "Total Cost": 2.4, "Plan Rows": 1, "Plan Width": 4, "Actual Min Startup Time": 0.074, "Actual Max Startup Time": 0.074, "Actual Min Total Time": 0.078, "Actual Max Total Time": 0.078, "Filter": "((info)::text = 'bottom 10 rank'::text)", "Rows Removed by Filter": 111, "Actual Rows": 1}], "Actual Rows": 16}], "Actual Rows": 16}], "Actual Rows": 10}], "Actual Rows": 160}, {"Node Type": "Hash", "Parent Relationship": "Inner", "Startup Cost": 19149.37, "Total Cost": 19149.37, "Plan Rows": 1381886, "Plan Width": 25, "Actual Min Startup Time": 89.735, "Actual Max Startup Time": 95.018, "Actual Min Total Time": 89.735, "Actual Max Total Time": 95.018, "Max Hash Buckets": 131072, "Min Hash Buckets": 131072, "Max Hash Batches": 1, "Min Hash Batches": 1, "Max Original Hash Batches": 1, "Min Original Hash Batches": 1, "Max Peak Memory Usage": 5066, "min Peak Memory Usage": 5066, "Plans": [{"Node Type": "Seq Scan", "Parent Relationship": "Outer", "Relation Name": "title", "Alias": "t", "Startup Cost": 0.0, "Total Cost": 19149.37, "Plan Rows": 1381886, "Plan Width": 25, "Actual Min Startup Time": 0.023, "Actual Max Startup Time": 0.032, "Actual Min Total Time": 62.244, "Actual Max Total Time": 65.656, "Filter": "(production_year > 2000), (LLVM Optimized)", "Rows Removed by Filter": 1146858, "Actual Rows": 1381453}], "Actual Rows": 1381453}], "Actual Rows": 6}], "Actual Rows": 6}, {"Node Type": "Hash", "Parent Relationship": "Inner", "Startup Cost": 54189.55, "Total Cost": 54189.55, "Plan Rows": 1304518, "Plan Width": 28, "Actual Min Startup Time": 83.309, "Actual Max Startup Time": 170.808, "Actual Min Total Time": 83.309, "Actual Max Total Time": 170.808, "Max Hash Buckets": 131072, "Min Hash Buckets": 131072, "Max Hash Batches": 1, "Min Hash Batches": 1, "Max Original Hash Batches": 1, "Min Original Hash Batches": 1, "Max Peak Memory Usage": 494, "min Peak Memory Usage": 494, "Plans": [{"Node Type": "Streaming(type: LOCAL REDISTRIBUTE dop: 16/16)", "Parent Relationship": "Outer", "Startup Cost": 15001.4, "Total Cost": 54189.55, "Plan Rows": 1304518, "Plan Width": 28, "Actual Min Startup Time": 0.058, "Actual Max Startup Time": 39.303, "Actual Min Total Time": 80.64, "Actual Max Total Time": 168.289, "Plans": [{"Node Type": "Hash Join", "Parent Relationship": "Outer", "Join Type": "Inner", "Startup Cost": 15001.4, "Total Cost": 34246.65, "Plan Rows": 1304518, "Plan Width": 28, "Actual Min Startup Time": 48.019, "Actual Max Startup Time": 65.68, "Actual Min Total Time": 71.726, "Actual Max Total Time": 91.499, "Inner Unique": true, "Hash Cond": "(mc.company_type_id = ct.id), (LLVM Optimized)", "Plans": [{"Node Type": "Seq Scan", "Parent Relationship": "Outer", "Relation Name": "movie_companies", "Alias": "mc", "Startup Cost": 0.0, "Total Cost": 18021.26, "Plan Rows": 2609035, "Plan Width": 32, "Actual Min Startup Time": 0.03, "Actual Max Startup Time": 0.091, "Actual Min Total Time": 56.932, "Actual Max Total Time": 65.138, "Filter": "((note)::text !~~ '%(as Metro-Goldwyn-Mayer Pictures)%'::text), (LLVM Optimized)", "Rows Removed by Filter": 1272041, "Actual Rows": 1337087}, {"Node Type": "Hash", "Parent Relationship": "Inner", "Startup Cost": 15001.38, "Total Cost": 15001.38, "Plan Rows": 16, "Plan Width": 4, "Actual Min Startup Time": 0.012, "Actual Max Startup Time": 10.021, "Actual Min Total Time": 0.012, "Actual Max Total Time": 10.021, "Max Hash Buckets": 32768, "Min Hash Buckets": 32768, "Max Hash Batches": 1, "Min Hash Batches": 1, "Max Original Hash Batches": 1, "Min Original Hash Batches": 1, "Max Peak Memory Usage": 1, "min Peak Memory Usage": 1, "Plans": [{"Node Type": "Streaming(type: BROADCAST dop: 16/1)", "Parent Relationship": "Outer", "Startup Cost": 0.0, "Total Cost": 15001.38, "Plan Rows": 16, "Plan Width": 4, "Actual Min Startup Time": 0.004, "Actual Max Startup Time": 9.989, "Actual Min Total Time": 0.004, "Actual Max Total Time": 9.992, "Plans": [{"Node Type": "Seq Scan", "Parent Relationship": "Outer", "Relation Name": "company_type", "Alias": "ct", "Startup Cost": 0.0, "Total Cost": 1.04, "Plan Rows": 1, "Plan Width": 4, "Actual Min Startup Time": 0.032, "Actual Max Startup Time": 0.032, "Actual Min Total Time": 0.035, "Actual Max Total Time": 0.035, "Filter": "((kind)::text = 'production companies'::text)", "Rows Removed by Filter": 2, "Actual Rows": 1}], "Actual Rows": 16}], "Actual Rows": 16}], "Actual Rows": 140904}], "Actual Rows": 140904}], "Actual Rows": 140904}], "Actual Rows": 4}], "Actual Rows": 16}], "Actual Rows": 16}], "Actual Rows": 1}, "Triggers": [], "Planner Runtime": 23, "Total Runtime": 319.65, "Unique SQL Id": 2492542741}}, "(16, 111)": {"explain_plan": {"Plan": {"Node Type": "Aggregate", "Strategy": "Plain", "Startup Cost": 5000023616189.64, "Total Cost": 5000023616189.65, "Plan Rows": 1, "Plan Width": 113, "Plans": [{"Node Type": "Hash Join", "Parent Relationship": "Outer", "Join Type": "Inner", "Startup Cost": 3020021673244.5, "Total Cost": 5000023611310.45, "Plan Rows": 650559, "Plan Width": 45, "Inner Unique": true, "Hash Cond": "(mc.movie_id = t.id), (LLVM Optimized)", "Plans": [{"Node Type": "Hash Join", "Parent Relationship": "Outer", "Join Type": "Inner", "Startup Cost": 2020010011844.26, "Total Cost": 4000011941525.2, "Plan Rows": 501180, "Plan Width": 32, "Inner Unique": true, "Hash Cond": "(mc.company_type_id = ct.id), (LLVM Optimized)", "Plans": [{"Node Type": "Hash Join", "Parent Relationship": "Outer", "Join Type": "Inner", "Startup Cost": 1020010010614.0, "Total Cost": 3000011933547.98, "Plan Rows": 829046, "Plan Width": 36, "Inner Unique": false, "Hash Cond": "(mi_idx.movie_id = mc.movie_id), (LLVM Optimized)", "Plans": [{"Node Type": "Nested Loop", "Parent Relationship": "Outer", "Join Type": "Inner", "Startup Cost": 20000007502.06, "Total Cost": 2000001833737.28, "Plan Rows": 345008, "Plan Width": 4, "Inner Unique": false, "Plans": [{"Node Type": "Index Scan", "Parent Relationship": "Outer", "Scan Direction": "Forward", "Index Name": "info_type_pkey", "Relation Name": "info_type", "Alias": "it", "Startup Cost": 10000000000.0, "Total Cost": 1000000001421.0, "Plan Rows": 1, "Plan Width": 4, "Filter": "((info)::text = 'bottom 10 rank'::text)"}, {"Node Type": "Bitmap Heap Scan", "Parent Relationship": "Inner", "Relation Name": "movie_info_idx", "Alias": "mi_idx", "Startup Cost": 10000007502.06, "Total Cost": 1000001828866.2, "Plan Rows": 345008, "Plan Width": 8, "Recheck Cond": "(info_type_id = it.id), (LLVM Optimized)", "Plans": [{"Node Type": "Bitmap Index Scan", "Parent Relationship": "Outer", "Index Name": "info_type_id_movie_info_idx", "Startup Cost": 0.0, "Total Cost": 7415.81, "Plan Rows": 345008, "Plan Width": 0, "Index Cond": "(info_type_id = it.id)"}]}]}, {"Node Type": "Hash", "Parent Relationship": "Inner", "Startup Cost": 1000009970499.0, "Total Cost": 1000009970499.0, "Plan Rows": 2609035, "Plan Width": 32, "Plans": [{"Node Type": "Index Scan", "Parent Relationship": "Outer", "Scan Direction": "Forward", "Index Name": "company_type_id_movie_companies", "Relation Name": "movie_companies", "Alias": "mc", "Startup Cost": 10000000000.0, "Total Cost": 1000009970499.0, "Plan Rows": 2609035, "Plan Width": 32, "Filter": "((note)::text !~~ '%(as Metro-Goldwyn-Mayer Pictures)%'::text), (LLVM Optimized)"}]}]}, {"Node Type": "Hash", "Parent Relationship": "Inner", "Startup Cost": 1000000001230.25, "Total Cost": 1000000001230.25, "Plan Rows": 1, "Plan Width": 4, "Plans": [{"Node Type": "Index Scan", "Parent Relationship": "Outer", "Scan Direction": "Forward", "Index Name": "company_type_pkey", "Relation Name": "company_type", "Alias": "ct", "Startup Cost": 10000000000.0, "Total Cost": 1000000001230.25, "Plan Rows": 1, "Plan Width": 4, "Filter": "((kind)::text = 'production companies'::text)"}]}]}, {"Node Type": "Hash", "Parent Relationship": "Inner", "Startup Cost": 1000011644126.66, "Total Cost": 1000011644126.66, "Plan Rows": 1381886, "Plan Width": 25, "Plans": [{"Node Type": "Index Scan", "Parent Relationship": "Outer", "Scan Direction": "Forward", "Index Name": "title_pkey", "Relation Name": "title", "Alias": "t", "Startup Cost": 10000000000.0, "Total Cost": 1000011644126.66, "Plan Rows": 1381886, "Plan Width": 25, "Filter": "(production_year > 2000), (LLVM Optimized)"}]}]}]}, "Unique SQL Id": 2492542741, "Planner Runtime": 6}, "explain_analyze_plan": null}, "(16, 112)": {"explain_plan": {"Plan": {"Node Type": "Aggregate", "Strategy": "Plain", "Startup Cost": 346287.75, "Total Cost": 346287.76, "Plan Rows": 1, "Plan Width": 113, "Plans": [{"Node Type": "Nested Loop", "Parent Relationship": "Outer", "Join Type": "Inner", "Startup Cost": 7502.06, "Total Cost": 341503.6, "Plan Rows": 637886, "Plan Width": 45, "Inner Unique": true, "Plans": [{"Node Type": "Nested Loop", "Parent Relationship": "Outer", "Join Type": "Inner", "Startup Cost": 7502.06, "Total Cost": 166081.74, "Plan Rows": 501180, "Plan Width": 32, "Inner Unique": false, "Join Filter": "(mc.company_type_id = ct.id), (LLVM Optimized)", "Plans": [{"Node Type": "Seq Scan", "Parent Relationship": "Outer", "Relation Name": "company_type", "Alias": "ct", "Startup Cost": 0.0, "Total Cost": 1.04, "Plan Rows": 1, "Plan Width": 4, "Filter": "((kind)::text = 'production companies'::text)"}, {"Node Type": "Nested Loop", "Parent Relationship": "Inner", "Join Type": "Inner", "Startup Cost": 7502.06, "Total Cost": 155717.63, "Plan Rows": 829046, "Plan Width": 36, "Inner Unique": false, "Plans": [{"Node Type": "Nested Loop", "Parent Relationship": "Outer", "Join Type": "Inner", "Startup Cost": 7502.06, "Total Cost": 21741.14, "Plan Rows": 345008, "Plan Width": 4, "Inner Unique": false, "Plans": [{"Node Type": "Seq Scan", "Parent Relationship": "Outer", "Relation Name": "info_type", "Alias": "it", "Startup Cost": 0.0, "Total Cost": 2.4, "Plan Rows": 1, "Plan Width": 4, "Filter": "((info)::text = 'bottom 10 rank'::text)"}, {"Node Type": "Bitmap Heap Scan", "Parent Relationship": "Inner", "Relation Name": "movie_info_idx", "Alias": "mi_idx", "Startup Cost": 7502.06, "Total Cost": 18288.66, "Plan Rows": 345008, "Plan Width": 8, "Recheck Cond": "(info_type_id = it.id), (LLVM Optimized)", "Plans": [{"Node Type": "Bitmap Index Scan", "Parent Relationship": "Outer", "Index Name": "info_type_id_movie_info_idx", "Startup Cost": 0.0, "Total Cost": 7415.81, "Plan Rows": 345008, "Plan Width": 0, "Index Cond": "(info_type_id = it.id)"}]}]}, {"Node Type": "Index Scan", "Parent Relationship": "Inner", "Scan Direction": "Forward", "Index Name": "movie_id_movie_companies", "Relation Name": "movie_companies", "Alias": "mc", "Startup Cost": 0.0, "Total Cost": 0.37, "Plan Rows": 2, "Plan Width": 32, "Index Cond": "(movie_id = mi_idx.movie_id)", "Filter": "((note)::text !~~ '%(as Metro-Goldwyn-Mayer Pictures)%'::text)"}]}]}, {"Node Type": "Index Scan", "Parent Relationship": "Inner", "Scan Direction": "Forward", "Index Name": "title_pkey", "Relation Name": "title", "Alias": "t", "Startup Cost": 0.0, "Total Cost": 0.34, "Plan Rows": 1, "Plan Width": 25, "Index Cond": "(id = mc.movie_id)", "Filter": "(production_year > 2000)"}]}]}, "Unique SQL Id": 2492542741, "Planner Runtime": 3}, "explain_analyze_plan": {"Plan": {"Node Type": "Aggregate", "Strategy": "Plain", "Startup Cost": 346287.75, "Total Cost": 346287.76, "Plan Rows": 1, "Plan Width": 113, "Actual Startup Time": 0.458, "Actual Total Time": 0.458, "Actual Rows": 1, "Actual Loops": 1, "Plans": [{"Node Type": "Nested Loop", "Parent Relationship": "Outer", "Join Type": "Inner", "Startup Cost": 7502.06, "Total Cost": 341503.6, "Plan Rows": 637886, "Plan Width": 45, "Actual Startup Time": 0.34, "Actual Total Time": 0.426, "Actual Rows": 4, "Actual Loops": 1, "Inner Unique": true, "Plans": [{"Node Type": "Nested Loop", "Parent Relationship": "Outer", "Join Type": "Inner", "Startup Cost": 7502.06, "Total Cost": 166081.74, "Plan Rows": 501180, "Plan Width": 32, "Actual Startup Time": 0.213, "Actual Total Time": 0.386, "Actual Rows": 5, "Actual Loops": 1, "Inner Unique": false, "Join Filter": "(mc.company_type_id = ct.id), (LLVM Optimized)", "Rows Removed by Join Filter": 95, "Plans": [{"Node Type": "Seq Scan", "Parent Relationship": "Outer", "Relation Name": "company_type", "Alias": "ct", "Startup Cost": 0.0, "Total Cost": 1.04, "Plan Rows": 1, "Plan Width": 4, "Actual Startup Time": 0.028, "Actual Total Time": 0.029, "Actual Rows": 1, "Actual Loops": 1, "Filter": "((kind)::text = 'production companies'::text)", "Rows Removed by Filter": 2}, {"Node Type": "Nested Loop", "Parent Relationship": "Inner", "Join Type": "Inner", "Startup Cost": 7502.06, "Total Cost": 155717.63, "Plan Rows": 829046, "Plan Width": 36, "Actual Startup Time": 0.104, "Actual Total Time": 0.327, "Actual Rows": 100, "Actual Loops": 1, "Inner Unique": false, "Plans": [{"Node Type": "Nested Loop", "Parent Relationship": "Outer", "Join Type": "Inner", "Startup Cost": 7502.06, "Total Cost": 21741.14, "Plan Rows": 345008, "Plan Width": 4, "Actual Startup Time": 0.084, "Actual Total Time": 0.106, "Actual Rows": 10, "Actual Loops": 1, "Inner Unique": false, "Plans": [{"Node Type": "Seq Scan", "Parent Relationship": "Outer", "Relation Name": "info_type", "Alias": "it", "Startup Cost": 0.0, "Total Cost": 2.4, "Plan Rows": 1, "Plan Width": 4, "Actual Startup Time": 0.043, "Actual Total Time": 0.061, "Actual Rows": 1, "Actual Loops": 1, "Filter": "((info)::text = 'bottom 10 rank'::text)", "Rows Removed by Filter": 111}, {"Node Type": "Bitmap Heap Scan", "Parent Relationship": "Inner", "Relation Name": "movie_info_idx", "Alias": "mi_idx", "Startup Cost": 7502.06, "Total Cost": 18288.66, "Plan Rows": 345008, "Plan Width": 8, "Actual Startup Time": 0.037, "Actual Total Time": 0.038, "Actual Rows": 10, "Actual Loops": 1, "Recheck Cond": "(info_type_id = it.id), (LLVM Optimized)", "Rows Removed by Index Recheck": 0, "Exact Heap Blocks": 1, "Lossy Heap Blocks": 1, "Plans": [{"Node Type": "Bitmap Index Scan", "Parent Relationship": "Outer", "Index Name": "info_type_id_movie_info_idx", "Startup Cost": 0.0, "Total Cost": 7415.81, "Plan Rows": 345008, "Plan Width": 0, "Actual Startup Time": 0.023, "Actual Total Time": 0.023, "Actual Rows": 10, "Actual Loops": 1, "Index Cond": "(info_type_id = it.id)"}]}]}, {"Node Type": "Index Scan", "Parent Relationship": "Inner", "Scan Direction": "Forward", "Index Name": "movie_id_movie_companies", "Relation Name": "movie_companies", "Alias": "mc", "Startup Cost": 0.0, "Total Cost": 0.37, "Plan Rows": 2, "Plan Width": 32, "Actual Startup Time": 0.095, "Actual Total Time": 0.191, "Actual Rows": 100, "Actual Loops": 10, "Index Cond": "(movie_id = mi_idx.movie_id)", "Rows Removed by Index Recheck": 0, "Filter": "((note)::text !~~ '%(as Metro-Goldwyn-Mayer Pictures)%'::text)", "Rows Removed by Filter": 20}]}]}, {"Node Type": "Index Scan", "Parent Relationship": "Inner", "Scan Direction": "Forward", "Index Name": "title_pkey", "Relation Name": "title", "Alias": "t", "Startup Cost": 0.0, "Total Cost": 0.34, "Plan Rows": 1, "Plan Width": 25, "Actual Startup Time": 0.035, "Actual Total Time": 0.035, "Actual Rows": 4, "Actual Loops": 5, "Index Cond": "(id = mc.movie_id)", "Rows Removed by Index Recheck": 0, "Filter": "(production_year > 2000)", "Rows Removed by Filter": 1}]}]}, "Triggers": [], "Planner Runtime": 3, "Total Runtime": 10.215, "Unique SQL Id": 2492542741}}, "(16, 113)": {"explain_plan": {"Plan": {"Node Type": "Aggregate", "Strategy": "Plain", "Startup Cost": 346310.82, "Total Cost": 346310.83, "Plan Rows": 1, "Plan Width": 113, "Plans": [{"Node Type": "Nested Loop", "Parent Relationship": "Outer", "Join Type": "Inner", "Startup Cost": 7502.06, "Total Cost": 341526.68, "Plan Rows": 637886, "Plan Width": 45, "Inner Unique": true, "Plans": [{"Node Type": "Nested Loop", "Parent Relationship": "Outer", "Join Type": "Inner", "Startup Cost": 7502.06, "Total Cost": 166104.81, "Plan Rows": 501180, "Plan Width": 32, "Inner Unique": false, "Join Filter": "(mc.company_type_id = ct.id), (LLVM Optimized)", "Plans": [{"Node Type": "Index Scan", "Parent Relationship": "Outer", "Scan Direction": "Forward", "Index Name": "company_type_pkey", "Relation Name": "company_type", "Alias": "ct", "Startup Cost": 0.0, "Total Cost": 12.3, "Plan Rows": 1, "Plan Width": 4, "Filter": "((kind)::text = 'production companies'::text)"}, {"Node Type": "Nested Loop", "Parent Relationship": "Inner", "Join Type": "Inner", "Startup Cost": 7502.06, "Total Cost": 155729.44, "Plan Rows": 829046, "Plan Width": 36, "Inner Unique": false, "Plans": [{"Node Type": "Nested Loop", "Parent Relationship": "Outer", "Join Type": "Inner", "Startup Cost": 7502.06, "Total Cost": 21752.95, "Plan Rows": 345008, "Plan Width": 4, "Inner Unique": false, "Plans": [{"Node Type": "Index Scan", "Parent Relationship": "Outer", "Scan Direction": "Forward", "Index Name": "info_type_pkey", "Relation Name": "info_type", "Alias": "it", "Startup Cost": 0.0, "Total Cost": 14.21, "Plan Rows": 1, "Plan Width": 4, "Filter": "((info)::text = 'bottom 10 rank'::text)"}, {"Node Type": "Bitmap Heap Scan", "Parent Relationship": "Inner", "Relation Name": "movie_info_idx", "Alias": "mi_idx", "Startup Cost": 7502.06, "Total Cost": 18288.66, "Plan Rows": 345008, "Plan Width": 8, "Recheck Cond": "(info_type_id = it.id), (LLVM Optimized)", "Plans": [{"Node Type": "Bitmap Index Scan", "Parent Relationship": "Outer", "Index Name": "info_type_id_movie_info_idx", "Startup Cost": 0.0, "Total Cost": 7415.81, "Plan Rows": 345008, "Plan Width": 0, "Index Cond": "(info_type_id = it.id)"}]}]}, {"Node Type": "Index Scan", "Parent Relationship": "Inner", "Scan Direction": "Forward", "Index Name": "movie_id_movie_companies", "Relation Name": "movie_companies", "Alias": "mc", "Startup Cost": 0.0, "Total Cost": 0.37, "Plan Rows": 2, "Plan Width": 32, "Index Cond": "(movie_id = mi_idx.movie_id)", "Filter": "((note)::text !~~ '%(as Metro-Goldwyn-Mayer Pictures)%'::text)"}]}]}, {"Node Type": "Index Scan", "Parent Relationship": "Inner", "Scan Direction": "Forward", "Index Name": "title_pkey", "Relation Name": "title", "Alias": "t", "Startup Cost": 0.0, "Total Cost": 0.34, "Plan Rows": 1, "Plan Width": 25, "Index Cond": "(id = mc.movie_id)", "Filter": "(production_year > 2000)"}]}]}, "Unique SQL Id": 2492542741, "Planner Runtime": 2}, "explain_analyze_plan": {"Plan": {"Node Type": "Aggregate", "Strategy": "Plain", "Startup Cost": 346310.82, "Total Cost": 346310.83, "Plan Rows": 1, "Plan Width": 113, "Actual Startup Time": 0.393, "Actual Total Time": 0.393, "Actual Rows": 1, "Actual Loops": 1, "Plans": [{"Node Type": "Nested Loop", "Parent Relationship": "Outer", "Join Type": "Inner", "Startup Cost": 7502.06, "Total Cost": 341526.68, "Plan Rows": 637886, "Plan Width": 45, "Actual Startup Time": 0.311, "Actual Total Time": 0.377, "Actual Rows": 4, "Actual Loops": 1, "Inner Unique": true, "Plans": [{"Node Type": "Nested Loop", "Parent Relationship": "Outer", "Join Type": "Inner", "Startup Cost": 7502.06, "Total Cost": 166104.81, "Plan Rows": 501180, "Plan Width": 32, "Actual Startup Time": 0.199, "Actual Total Time": 0.341, "Actual Rows": 5, "Actual Loops": 1, "Inner Unique": false, "Join Filter": "(mc.company_type_id = ct.id), (LLVM Optimized)", "Rows Removed by Join Filter": 95, "Plans": [{"Node Type": "Index Scan", "Parent Relationship": "Outer", "Scan Direction": "Forward", "Index Name": "company_type_pkey", "Relation Name": "company_type", "Alias": "ct", "Startup Cost": 0.0, "Total Cost": 12.3, "Plan Rows": 1, "Plan Width": 4, "Actual Startup Time": 0.027, "Actual Total Time": 0.029, "Actual Rows": 1, "Actual Loops": 1, "Filter": "((kind)::text = 'production companies'::text)", "Rows Removed by Filter": 2}, {"Node Type": "Nested Loop", "Parent Relationship": "Inner", "Join Type": "Inner", "Startup Cost": 7502.06, "Total Cost": 155729.44, "Plan Rows": 829046, "Plan Width": 36, "Actual Startup Time": 0.102, "Actual Total Time": 0.289, "Actual Rows": 100, "Actual Loops": 1, "Inner Unique": false, "Plans": [{"Node Type": "Nested Loop", "Parent Relationship": "Outer", "Join Type": "Inner", "Startup Cost": 7502.06, "Total Cost": 21752.95, "Plan Rows": 345008, "Plan Width": 4, "Actual Startup Time": 0.088, "Actual Total Time": 0.095, "Actual Rows": 10, "Actual Loops": 1, "Inner Unique": false, "Plans": [{"Node Type": "Index Scan", "Parent Relationship": "Outer", "Scan Direction": "Forward", "Index Name": "info_type_pkey", "Relation Name": "info_type", "Alias": "it", "Startup Cost": 0.0, "Total Cost": 14.21, "Plan Rows": 1, "Plan Width": 4, "Actual Startup Time": 0.06, "Actual Total Time": 0.061, "Actual Rows": 1, "Actual Loops": 1, "Filter": "((info)::text = 'bottom 10 rank'::text)", "Rows Removed by Filter": 111}, {"Node Type": "Bitmap Heap Scan", "Parent Relationship": "Inner", "Relation Name": "movie_info_idx", "Alias": "mi_idx", "Startup Cost": 7502.06, "Total Cost": 18288.66, "Plan Rows": 345008, "Plan Width": 8, "Actual Startup Time": 0.022, "Actual Total Time": 0.025, "Actual Rows": 10, "Actual Loops": 1, "Recheck Cond": "(info_type_id = it.id), (LLVM Optimized)", "Rows Removed by Index Recheck": 0, "Exact Heap Blocks": 1, "Lossy Heap Blocks": 1, "Plans": [{"Node Type": "Bitmap Index Scan", "Parent Relationship": "Outer", "Index Name": "info_type_id_movie_info_idx", "Startup Cost": 0.0, "Total Cost": 7415.81, "Plan Rows": 345008, "Plan Width": 0, "Actual Startup Time": 0.013, "Actual Total Time": 0.013, "Actual Rows": 10, "Actual Loops": 1, "Index Cond": "(info_type_id = it.id)"}]}]}, {"Node Type": "Index Scan", "Parent Relationship": "Inner", "Scan Direction": "Forward", "Index Name": "movie_id_movie_companies", "Relation Name": "movie_companies", "Alias": "mc", "Startup Cost": 0.0, "Total Cost": 0.37, "Plan Rows": 2, "Plan Width": 32, "Actual Startup Time": 0.079, "Actual Total Time": 0.163, "Actual Rows": 100, "Actual Loops": 10, "Index Cond": "(movie_id = mi_idx.movie_id)", "Rows Removed by Index Recheck": 0, "Filter": "((note)::text !~~ '%(as Metro-Goldwyn-Mayer Pictures)%'::text)", "Rows Removed by Filter": 20}]}]}, {"Node Type": "Index Scan", "Parent Relationship": "Inner", "Scan Direction": "Forward", "Index Name": "title_pkey", "Relation Name": "title", "Alias": "t", "Startup Cost": 0.0, "Total Cost": 0.34, "Plan Rows": 1, "Plan Width": 25, "Actual Startup Time": 0.027, "Actual Total Time": 0.027, "Actual Rows": 4, "Actual Loops": 5, "Index Cond": "(id = mc.movie_id)", "Rows Removed by Index Recheck": 0, "Filter": "(production_year > 2000)", "Rows Removed by Filter": 1}]}]}, "Triggers": [], "Planner Runtime": 2, "Total Runtime": 9.992, "Unique SQL Id": 2492542741}}, "(16, 114)": {"explain_plan": {"Plan": {"Node Type": "Aggregate", "Strategy": "Plain", "Startup Cost": 3489663.8, "Total Cost": 3489663.81, "Plan Rows": 1, "Plan Width": 113, "Plans": [{"Node Type": "Nested Loop", "Parent Relationship": "Outer", "Join Type": "Inner", "Startup Cost": 0.58, "Total Cost": 3484879.66, "Plan Rows": 637886, "Plan Width": 45, "Inner Unique": false, "Join Filter": "(mc.company_type_id = ct.id), (LLVM Optimized)", "Plans": [{"Node Type": "Seq Scan", "Parent Relationship": "Outer", "Relation Name": "company_type", "Alias": "ct", "Startup Cost": 0.0, "Total Cost": 1.04, "Plan Rows": 1, "Plan Width": 4, "Filter": "((kind)::text = 'production companies'::text)"}, {"Node Type": "Materialize", "Parent Relationship": "Inner", "Startup Cost": 0.58, "Total Cost": 3474326.78, "Plan Rows": 1055184, "Plan Width": 49, "Plans": [{"Node Type": "Nested Loop", "Parent Relationship": "Outer", "Join Type": "Inner", "Startup Cost": 0.58, "Total Cost": 3471688.82, "Plan Rows": 1055184, "Plan Width": 49, "Inner Unique": false, "Plans": [{"Node Type": "Nested Loop", "Parent Relationship": "Outer", "Join Type": "Inner", "Startup Cost": 0.28, "Total Cost": 1526630.02, "Plan Rows": 447839, "Plan Width": 29, "Inner Unique": true, "Plans": [{"Node Type": "Streaming(type: LOCAL GATHER dop: 1/16)", "Parent Relationship": "Outer", "Startup Cost": 0.0, "Total Cost": 39794.02, "Plan Rows": 345008, "Plan Width": 4, "Plans": [{"Node Type": "Nested Loop", "Parent Relationship": "Outer", "Join Type": "Inner", "Startup Cost": 0.0, "Total Cost": 32348.04, "Plan Rows": 345008, "Plan Width": 4, "Inner Unique": false, "Join Filter": "(it.id = mi_idx.info_type_id), (LLVM Optimized)", "Plans": [{"Node Type": "Streaming(type: BROADCAST dop: 16/1)", "Parent Relationship": "Outer", "Startup Cost": 0.0, "Total Cost": 15002.75, "Plan Rows": 16, "Plan Width": 4, "Plans": [{"Node Type": "Seq Scan", "Parent Relationship": "Outer", "Relation Name": "info_type", "Alias": "it", "Startup Cost": 0.0, "Total Cost": 2.4, "Plan Rows": 1, "Plan Width": 4, "Filter": "((info)::text = 'bottom 10 rank'::text)"}]}, {"Node Type": "Seq Scan", "Parent Relationship": "Inner", "Relation Name": "movie_info_idx", "Alias": "mi_idx", "Startup Cost": 0.0, "Total Cost": 16267.15, "Plan Rows": 1380034, "Plan Width": 8}]}]}, {"Node Type": "Bitmap Heap Scan", "Parent Relationship": "Inner", "Relation Name": "title", "Alias": "t", "Startup Cost": 0.28, "Total Cost": 4.3, "Plan Rows": 1, "Plan Width": 25, "Recheck Cond": "(id = mi_idx.movie_id)", "Filter": "(production_year > 2000)", "Plans": [{"Node Type": "Bitmap Index Scan", "Parent Relationship": "Outer", "Index Name": "title_pkey", "Startup Cost": 0.0, "Total Cost": 0.28, "Plan Rows": 1, "Plan Width": 0, "Index Cond": "(id = mi_idx.movie_id)"}]}]}, {"Node Type": "Bitmap Heap Scan", "Parent Relationship": "Inner", "Relation Name": "movie_companies", "Alias": "mc", "Startup Cost": 0.29, "Total Cost": 4.32, "Plan Rows": 2, "Plan Width": 32, "Recheck Cond": "(movie_id = t.id)", "Filter": "((note)::text !~~ '%(as Metro-Goldwyn-Mayer Pictures)%'::text)", "Plans": [{"Node Type": "Bitmap Index Scan", "Parent Relationship": "Outer", "Index Name": "movie_id_movie_companies", "Startup Cost": 0.0, "Total Cost": 0.29, "Plan Rows": 2, "Plan Width": 0, "Index Cond": "(movie_id = t.id)"}]}]}]}]}]}, "Unique SQL Id": 2492542741, "Planner Runtime": 4}, "explain_analyze_plan": {"Plan": {"Node Type": "Aggregate", "Strategy": "Plain", "Startup Cost": 3489663.8, "Total Cost": 3489663.81, "Plan Rows": 1, "Plan Width": 113, "Actual Min Startup Time": 83.688, "Actual Max Startup Time": 83.688, "Actual Min Total Time": 83.689, "Actual Max Total Time": 83.689, "Plans": [{"Node Type": "Nested Loop", "Parent Relationship": "Outer", "Join Type": "Inner", "Startup Cost": 0.58, "Total Cost": 3484879.66, "Plan Rows": 637886, "Plan Width": 45, "Actual Min Startup Time": 83.649, "Actual Max Startup Time": 83.649, "Actual Min Total Time": 83.663, "Actual Max Total Time": 83.663, "Inner Unique": false, "Join Filter": "(mc.company_type_id = ct.id), (LLVM Optimized)", "Rows Removed by Join Filter": 74, "Plans": [{"Node Type": "Seq Scan", "Parent Relationship": "Outer", "Relation Name": "company_type", "Alias": "ct", "Startup Cost": 0.0, "Total Cost": 1.04, "Plan Rows": 1, "Plan Width": 4, "Actual Min Startup Time": 0.012, "Actual Max Startup Time": 0.012, "Actual Min Total Time": 0.014, "Actual Max Total Time": 0.014, "Filter": "((kind)::text = 'production companies'::text)", "Rows Removed by Filter": 2, "Actual Rows": 1}, {"Node Type": "Materialize", "Parent Relationship": "Inner", "Startup Cost": 0.58, "Total Cost": 3474326.78, "Plan Rows": 1055184, "Plan Width": 49, "Actual Min Startup Time": 83.608, "Actual Max Startup Time": 83.608, "Actual Min Total Time": 83.617, "Actual Max Total Time": 83.617, "Plans": [{"Node Type": "Nested Loop", "Parent Relationship": "Outer", "Join Type": "Inner", "Startup Cost": 0.58, "Total Cost": 3471688.82, "Plan Rows": 1055184, "Plan Width": 49, "Actual Min Startup Time": 83.328, "Actual Max Startup Time": 83.328, "Actual Min Total Time": 83.563, "Actual Max Total Time": 83.563, "Inner Unique": false, "Plans": [{"Node Type": "Nested Loop", "Parent Relationship": "Outer", "Join Type": "Inner", "Startup Cost": 0.28, "Total Cost": 1526630.02, "Plan Rows": 447839, "Plan Width": 29, "Actual Min Startup Time": 83.292, "Actual Max Startup Time": 83.292, "Actual Min Total Time": 83.378, "Actual Max Total Time": 83.378, "Inner Unique": true, "Plans": [{"Node Type": "Streaming(type: LOCAL GATHER dop: 1/16)", "Parent Relationship": "Outer", "Startup Cost": 0.0, "Total Cost": 39794.02, "Plan Rows": 345008, "Plan Width": 4, "Actual Min Startup Time": 83.176, "Actual Max Startup Time": 83.176, "Actual Min Total Time": 83.177, "Actual Max Total Time": 83.177, "Plans": [{"Node Type": "Nested Loop", "Parent Relationship": "Outer", "Join Type": "Inner", "Startup Cost": 0.0, "Total Cost": 32348.04, "Plan Rows": 345008, "Plan Width": 4, "Actual Min Startup Time": 34.797, "Actual Max Startup Time": 41.126, "Actual Min Total Time": 34.797, "Actual Max Total Time": 41.133, "Inner Unique": false, "Join Filter": "(it.id = mi_idx.info_type_id), (LLVM Optimized)", "Rows Removed by Join Filter": 1380024, "Plans": [{"Node Type": "Streaming(type: BROADCAST dop: 16/1)", "Parent Relationship": "Outer", "Startup Cost": 0.0, "Total Cost": 15002.75, "Plan Rows": 16, "Plan Width": 4, "Actual Min Startup Time": 0.003, "Actual Max Startup Time": 0.009, "Actual Min Total Time": 0.004, "Actual Max Total Time": 0.013, "Plans": [{"Node Type": "Seq Scan", "Parent Relationship": "Outer", "Relation Name": "info_type", "Alias": "it", "Startup Cost": 0.0, "Total Cost": 2.4, "Plan Rows": 1, "Plan Width": 4, "Actual Min Startup Time": 0.081, "Actual Max Startup Time": 0.081, "Actual Min Total Time": 0.084, "Actual Max Total Time": 0.084, "Filter": "((info)::text = 'bottom 10 rank'::text)", "Rows Removed by Filter": 111, "Actual Rows": 1}], "Actual Rows": 16}, {"Node Type": "Seq Scan", "Parent Relationship": "Inner", "Relation Name": "movie_info_idx", "Alias": "mi_idx", "Startup Cost": 0.0, "Total Cost": 16267.15, "Plan Rows": 1380034, "Plan Width": 8, "Actual Min Startup Time": 0.031, "Actual Max Startup Time": 0.045, "Actual Min Total Time": 18.551, "Actual Max Total Time": 21.969, "Actual Rows": 1380034}], "Actual Rows": 10}], "Actual Rows": 10}, {"Node Type": "Bitmap Heap Scan", "Parent Relationship": "Inner", "Relation Name": "title", "Alias": "t", "Startup Cost": 0.28, "Total Cost": 4.3, "Plan Rows": 1, "Plan Width": 25, "Actual Min Startup Time": 0.168, "Actual Max Startup Time": 0.168, "Actual Min Total Time": 0.168, "Actual Max Total Time": 0.168, "Recheck Cond": "(id = mi_idx.movie_id)", "Rows Removed by Index Recheck": 0, "Filter": "(production_year > 2000)", "Rows Removed by Filter": 4, "Exact Heap Blocks": 10, "Lossy Heap Blocks": 10, "Plans": [{"Node Type": "Bitmap Index Scan", "Parent Relationship": "Outer", "Index Name": "title_pkey", "Startup Cost": 0.0, "Total Cost": 0.28, "Plan Rows": 1, "Plan Width": 0, "Actual Min Startup Time": 0.084, "Actual Max Startup Time": 0.084, "Actual Min Total Time": 0.084, "Actual Max Total Time": 0.084, "Index Cond": "(id = mi_idx.movie_id)", "Actual Rows": 10}], "Actual Rows": 6}], "Actual Rows": 6}, {"Node Type": "Bitmap Heap Scan", "Parent Relationship": "Inner", "Relation Name": "movie_companies", "Alias": "mc", "Startup Cost": 0.29, "Total Cost": 4.32, "Plan Rows": 2, "Plan Width": 32, "Actual Min Startup Time": 0.109, "Actual Max Startup Time": 0.109, "Actual Min Total Time": 0.158, "Actual Max Total Time": 0.158, "Recheck Cond": "(movie_id = t.id)", "Rows Removed by Index Recheck": 0, "Filter": "((note)::text !~~ '%(as Metro-Goldwyn-Mayer Pictures)%'::text)", "Rows Removed by Filter": 15, "Exact Heap Blocks": 13, "Lossy Heap Blocks": 13, "Plans": [{"Node Type": "Bitmap Index Scan", "Parent Relationship": "Outer", "Index Name": "movie_id_movie_companies", "Startup Cost": 0.0, "Total Cost": 0.29, "Plan Rows": 2, "Plan Width": 0, "Actual Min Startup Time": 0.058, "Actual Max Startup Time": 0.058, "Actual Min Total Time": 0.058, "Actual Max Total Time": 0.058, "Index Cond": "(movie_id = t.id)", "Actual Rows": 93}], "Actual Rows": 78}], "Actual Rows": 78}], "Actual Rows": 79}], "Actual Rows": 4}], "Actual Rows": 1}, "Triggers": [], "Planner Runtime": 4, "Total Runtime": 96.085, "Unique SQL Id": 2492542741}}, "(16, 115)": {"explain_plan": {"Plan": {"Node Type": "Aggregate", "Strategy": "Plain", "Startup Cost": 3471634.0, "Total Cost": 3471634.01, "Plan Rows": 1, "Plan Width": 113, "Plans": [{"Node Type": "Nested Loop", "Parent Relationship": "Outer", "Join Type": "Inner", "Startup Cost": 7519.72, "Total Cost": 3466849.86, "Plan Rows": 637886, "Plan Width": 45, "Inner Unique": false, "Join Filter": "(mc.company_type_id = ct.id), (LLVM Optimized)", "Plans": [{"Node Type": "Bitmap Heap Scan", "Parent Relationship": "Outer", "Relation Name": "company_type", "Alias": "ct", "Startup Cost": 8.27, "Total Cost": 12.3, "Plan Rows": 1, "Plan Width": 4, "Filter": "((kind)::text = 'production companies'::text)", "Plans": [{"Node Type": "Bitmap Index Scan", "Parent Relationship": "Outer", "Index Name": "company_type_pkey", "Startup Cost": 0.0, "Total Cost": 8.27, "Plan Rows": 3, "Plan Width": 0}]}, {"Node Type": "Nested Loop", "Parent Relationship": "Inner", "Join Type": "Inner", "Startup Cost": 7511.45, "Total Cost": 3453647.75, "Plan Rows": 1055184, "Plan Width": 49, "Inner Unique": false, "Plans": [{"Node Type": "Nested Loop", "Parent Relationship": "Outer", "Join Type": "Inner", "Startup Cost": 7511.16, "Total Cost": 1508588.95, "Plan Rows": 447839, "Plan Width": 29, "Inner Unique": true, "Plans": [{"Node Type": "Nested Loop", "Parent Relationship": "Outer", "Join Type": "Inner", "Startup Cost": 7510.87, "Total Cost": 21752.95, "Plan Rows": 345008, "Plan Width": 4, "Inner Unique": false, "Plans": [{"Node Type": "Bitmap Heap Scan", "Parent Relationship": "Outer", "Relation Name": "info_type", "Alias": "it", "Startup Cost": 8.81, "Total Cost": 14.21, "Plan Rows": 1, "Plan Width": 4, "Filter": "((info)::text = 'bottom 10 rank'::text)", "Plans": [{"Node Type": "Bitmap Index Scan", "Parent Relationship": "Outer", "Index Name": "info_type_pkey", "Startup Cost": 0.0, "Total Cost": 8.81, "Plan Rows": 112, "Plan Width": 0}]}, {"Node Type": "Bitmap Heap Scan", "Parent Relationship": "Inner", "Relation Name": "movie_info_idx", "Alias": "mi_idx", "Startup Cost": 7502.06, "Total Cost": 18288.66, "Plan Rows": 345008, "Plan Width": 8, "Recheck Cond": "(info_type_id = it.id), (LLVM Optimized)", "Plans": [{"Node Type": "Bitmap Index Scan", "Parent Relationship": "Outer", "Index Name": "info_type_id_movie_info_idx", "Startup Cost": 0.0, "Total Cost": 7415.81, "Plan Rows": 345008, "Plan Width": 0, "Index Cond": "(info_type_id = it.id)"}]}]}, {"Node Type": "Bitmap Heap Scan", "Parent Relationship": "Inner", "Relation Name": "title", "Alias": "t", "Startup Cost": 0.28, "Total Cost": 4.3, "Plan Rows": 1, "Plan Width": 25, "Recheck Cond": "(id = mi_idx.movie_id)", "Filter": "(production_year > 2000)", "Plans": [{"Node Type": "Bitmap Index Scan", "Parent Relationship": "Outer", "Index Name": "title_pkey", "Startup Cost": 0.0, "Total Cost": 0.28, "Plan Rows": 1, "Plan Width": 0, "Index Cond": "(id = mi_idx.movie_id)"}]}]}, {"Node Type": "Bitmap Heap Scan", "Parent Relationship": "Inner", "Relation Name": "movie_companies", "Alias": "mc", "Startup Cost": 0.29, "Total Cost": 4.32, "Plan Rows": 2, "Plan Width": 32, "Recheck Cond": "(movie_id = t.id)", "Filter": "((note)::text !~~ '%(as Metro-Goldwyn-Mayer Pictures)%'::text)", "Plans": [{"Node Type": "Bitmap Index Scan", "Parent Relationship": "Outer", "Index Name": "movie_id_movie_companies", "Startup Cost": 0.0, "Total Cost": 0.29, "Plan Rows": 2, "Plan Width": 0, "Index Cond": "(movie_id = t.id)"}]}]}]}]}, "Unique SQL Id": 2492542741, "Planner Runtime": 2}, "explain_analyze_plan": {"Plan": {"Node Type": "Aggregate", "Strategy": "Plain", "Startup Cost": 3471634.0, "Total Cost": 3471634.01, "Plan Rows": 1, "Plan Width": 113, "Actual Startup Time": 0.421, "Actual Total Time": 0.421, "Actual Rows": 1, "Actual Loops": 1, "Plans": [{"Node Type": "Nested Loop", "Parent Relationship": "Outer", "Join Type": "Inner", "Startup Cost": 7519.72, "Total Cost": 3466849.86, "Plan Rows": 637886, "Plan Width": 45, "Actual Startup Time": 0.345, "Actual Total Time": 0.4, "Actual Rows": 4, "Actual Loops": 1, "Inner Unique": false, "Join Filter": "(mc.company_type_id = ct.id), (LLVM Optimized)", "Rows Removed by Join Filter": 74, "Plans": [{"Node Type": "Bitmap Heap Scan", "Parent Relationship": "Outer", "Relation Name": "company_type", "Alias": "ct", "Startup Cost": 8.27, "Total Cost": 12.3, "Plan Rows": 1, "Plan Width": 4, "Actual Startup Time": 0.038, "Actual Total Time": 0.039, "Actual Rows": 1, "Actual Loops": 1, "Filter": "((kind)::text = 'production companies'::text)", "Rows Removed by Filter": 2, "Exact Heap Blocks": 1, "Lossy Heap Blocks": 1, "Plans": [{"Node Type": "Bitmap Index Scan", "Parent Relationship": "Outer", "Index Name": "company_type_pkey", "Startup Cost": 0.0, "Total Cost": 8.27, "Plan Rows": 3, "Plan Width": 0, "Actual Startup Time": 0.015, "Actual Total Time": 0.015, "Actual Rows": 3, "Actual Loops": 1}]}, {"Node Type": "Nested Loop", "Parent Relationship": "Inner", "Join Type": "Inner", "Startup Cost": 7511.45, "Total Cost": 3453647.75, "Plan Rows": 1055184, "Plan Width": 49, "Actual Startup Time": 0.128, "Actual Total Time": 0.339, "Actual Rows": 78, "Actual Loops": 1, "Inner Unique": false, "Plans": [{"Node Type": "Nested Loop", "Parent Relationship": "Outer", "Join Type": "Inner", "Startup Cost": 7511.16, "Total Cost": 1508588.95, "Plan Rows": 447839, "Plan Width": 29, "Actual Startup Time": 0.107, "Actual Total Time": 0.178, "Actual Rows": 6, "Actual Loops": 1, "Inner Unique": true, "Plans": [{"Node Type": "Nested Loop", "Parent Relationship": "Outer", "Join Type": "Inner", "Startup Cost": 7510.87, "Total Cost": 21752.95, "Plan Rows": 345008, "Plan Width": 4, "Actual Startup Time": 0.081, "Actual Total Time": 0.085, "Actual Rows": 10, "Actual Loops": 1, "Inner Unique": false, "Plans": [{"Node Type": "Bitmap Heap Scan", "Parent Relationship": "Outer", "Relation Name": "info_type", "Alias": "it", "Startup Cost": 8.81, "Total Cost": 14.21, "Plan Rows": 1, "Plan Width": 4, "Actual Startup Time": 0.059, "Actual Total Time": 0.059, "Actual Rows": 1, "Actual Loops": 1, "Filter": "((info)::text = 'bottom 10 rank'::text)", "Rows Removed by Filter": 111, "Exact Heap Blocks": 1, "Lossy Heap Blocks": 1, "Plans": [{"Node Type": "Bitmap Index Scan", "Parent Relationship": "Outer", "Index Name": "info_type_pkey", "Startup Cost": 0.0, "Total Cost": 8.81, "Plan Rows": 112, "Plan Width": 0, "Actual Startup Time": 0.011, "Actual Total Time": 0.011, "Actual Rows": 112, "Actual Loops": 1}]}, {"Node Type": "Bitmap Heap Scan", "Parent Relationship": "Inner", "Relation Name": "movie_info_idx", "Alias": "mi_idx", "Startup Cost": 7502.06, "Total Cost": 18288.66, "Plan Rows": 345008, "Plan Width": 8, "Actual Startup Time": 0.018, "Actual Total Time": 0.018, "Actual Rows": 10, "Actual Loops": 1, "Recheck Cond": "(info_type_id = it.id), (LLVM Optimized)", "Rows Removed by Index Recheck": 0, "Exact Heap Blocks": 1, "Lossy Heap Blocks": 1, "Plans": [{"Node Type": "Bitmap Index Scan", "Parent Relationship": "Outer", "Index Name": "info_type_id_movie_info_idx", "Startup Cost": 0.0, "Total Cost": 7415.81, "Plan Rows": 345008, "Plan Width": 0, "Actual Startup Time": 0.012, "Actual Total Time": 0.012, "Actual Rows": 10, "Actual Loops": 1, "Index Cond": "(info_type_id = it.id)"}]}]}, {"Node Type": "Bitmap Heap Scan", "Parent Relationship": "Inner", "Relation Name": "title", "Alias": "t", "Startup Cost": 0.28, "Total Cost": 4.3, "Plan Rows": 1, "Plan Width": 25, "Actual Startup Time": 0.075, "Actual Total Time": 0.075, "Actual Rows": 6, "Actual Loops": 10, "Recheck Cond": "(id = mi_idx.movie_id)", "Rows Removed by Index Recheck": 0, "Filter": "(production_year > 2000)", "Rows Removed by Filter": 4, "Exact Heap Blocks": 10, "Lossy Heap Blocks": 10, "Plans": [{"Node Type": "Bitmap Index Scan", "Parent Relationship": "Outer", "Index Name": "title_pkey", "Startup Cost": 0.0, "Total Cost": 0.28, "Plan Rows": 1, "Plan Width": 0, "Actual Startup Time": 0.043, "Actual Total Time": 0.043, "Actual Rows": 10, "Actual Loops": 10, "Index Cond": "(id = mi_idx.movie_id)"}]}]}, {"Node Type": "Bitmap Heap Scan", "Parent Relationship": "Inner", "Relation Name": "movie_companies", "Alias": "mc", "Startup Cost": 0.29, "Total Cost": 4.32, "Plan Rows": 2, "Plan Width": 32, "Actual Startup Time": 0.085, "Actual Total Time": 0.132, "Actual Rows": 78, "Actual Loops": 6, "Recheck Cond": "(movie_id = t.id)", "Rows Removed by Index Recheck": 0, "Filter": "((note)::text !~~ '%(as Metro-Goldwyn-Mayer Pictures)%'::text)", "Rows Removed by Filter": 15, "Exact Heap Blocks": 13, "Lossy Heap Blocks": 13, "Plans": [{"Node Type": "Bitmap Index Scan", "Parent Relationship": "Outer", "Index Name": "movie_id_movie_companies", "Startup Cost": 0.0, "Total Cost": 0.29, "Plan Rows": 2, "Plan Width": 0, "Actual Startup Time": 0.045, "Actual Total Time": 0.045, "Actual Rows": 93, "Actual Loops": 6, "Index Cond": "(movie_id = t.id)"}]}]}]}]}, "Triggers": [], "Planner Runtime": 2, "Total Runtime": 9.991, "Unique SQL Id": 2492542741}}, "(16, 116)": {"explain_plan": {"Plan": {"Node Type": "Aggregate", "Strategy": "Plain", "Startup Cost": 346287.75, "Total Cost": 346287.76, "Plan Rows": 1, "Plan Width": 113, "Plans": [{"Node Type": "Nested Loop", "Parent Relationship": "Outer", "Join Type": "Inner", "Startup Cost": 7502.06, "Total Cost": 341503.6, "Plan Rows": 637886, "Plan Width": 45, "Inner Unique": true, "Plans": [{"Node Type": "Nested Loop", "Parent Relationship": "Outer", "Join Type": "Inner", "Startup Cost": 7502.06, "Total Cost": 166081.74, "Plan Rows": 501180, "Plan Width": 32, "Inner Unique": false, "Join Filter": "(mc.company_type_id = ct.id), (LLVM Optimized)", "Plans": [{"Node Type": "Seq Scan", "Parent Relationship": "Outer", "Relation Name": "company_type", "Alias": "ct", "Startup Cost": 0.0, "Total Cost": 1.04, "Plan Rows": 1, "Plan Width": 4, "Filter": "((kind)::text = 'production companies'::text)"}, {"Node Type": "Nested Loop", "Parent Relationship": "Inner", "Join Type": "Inner", "Startup Cost": 7502.06, "Total Cost": 155717.63, "Plan Rows": 829046, "Plan Width": 36, "Inner Unique": false, "Plans": [{"Node Type": "Nested Loop", "Parent Relationship": "Outer", "Join Type": "Inner", "Startup Cost": 7502.06, "Total Cost": 21741.14, "Plan Rows": 345008, "Plan Width": 4, "Inner Unique": false, "Plans": [{"Node Type": "Seq Scan", "Parent Relationship": "Outer", "Relation Name": "info_type", "Alias": "it", "Startup Cost": 0.0, "Total Cost": 2.4, "Plan Rows": 1, "Plan Width": 4, "Filter": "((info)::text = 'bottom 10 rank'::text)"}, {"Node Type": "Bitmap Heap Scan", "Parent Relationship": "Inner", "Relation Name": "movie_info_idx", "Alias": "mi_idx", "Startup Cost": 7502.06, "Total Cost": 18288.66, "Plan Rows": 345008, "Plan Width": 8, "Recheck Cond": "(info_type_id = it.id), (LLVM Optimized)", "Plans": [{"Node Type": "Bitmap Index Scan", "Parent Relationship": "Outer", "Index Name": "info_type_id_movie_info_idx", "Startup Cost": 0.0, "Total Cost": 7415.81, "Plan Rows": 345008, "Plan Width": 0, "Index Cond": "(info_type_id = it.id)"}]}]}, {"Node Type": "Index Scan", "Parent Relationship": "Inner", "Scan Direction": "Forward", "Index Name": "movie_id_movie_companies", "Relation Name": "movie_companies", "Alias": "mc", "Startup Cost": 0.0, "Total Cost": 0.37, "Plan Rows": 2, "Plan Width": 32, "Index Cond": "(movie_id = mi_idx.movie_id)", "Filter": "((note)::text !~~ '%(as Metro-Goldwyn-Mayer Pictures)%'::text)"}]}]}, {"Node Type": "Index Scan", "Parent Relationship": "Inner", "Scan Direction": "Forward", "Index Name": "title_pkey", "Relation Name": "title", "Alias": "t", "Startup Cost": 0.0, "Total Cost": 0.34, "Plan Rows": 1, "Plan Width": 25, "Index Cond": "(id = mc.movie_id)", "Filter": "(production_year > 2000)"}]}]}, "Unique SQL Id": 2492542741, "Planner Runtime": 3}, "explain_analyze_plan": {"Plan": {"Node Type": "Aggregate", "Strategy": "Plain", "Startup Cost": 346287.75, "Total Cost": 346287.76, "Plan Rows": 1, "Plan Width": 113, "Actual Startup Time": 0.458, "Actual Total Time": 0.458, "Actual Rows": 1, "Actual Loops": 1, "Plans": [{"Node Type": "Nested Loop", "Parent Relationship": "Outer", "Join Type": "Inner", "Startup Cost": 7502.06, "Total Cost": 341503.6, "Plan Rows": 637886, "Plan Width": 45, "Actual Startup Time": 0.34, "Actual Total Time": 0.426, "Actual Rows": 4, "Actual Loops": 1, "Inner Unique": true, "Plans": [{"Node Type": "Nested Loop", "Parent Relationship": "Outer", "Join Type": "Inner", "Startup Cost": 7502.06, "Total Cost": 166081.74, "Plan Rows": 501180, "Plan Width": 32, "Actual Startup Time": 0.213, "Actual Total Time": 0.386, "Actual Rows": 5, "Actual Loops": 1, "Inner Unique": false, "Join Filter": "(mc.company_type_id = ct.id), (LLVM Optimized)", "Rows Removed by Join Filter": 95, "Plans": [{"Node Type": "Seq Scan", "Parent Relationship": "Outer", "Relation Name": "company_type", "Alias": "ct", "Startup Cost": 0.0, "Total Cost": 1.04, "Plan Rows": 1, "Plan Width": 4, "Actual Startup Time": 0.028, "Actual Total Time": 0.029, "Actual Rows": 1, "Actual Loops": 1, "Filter": "((kind)::text = 'production companies'::text)", "Rows Removed by Filter": 2}, {"Node Type": "Nested Loop", "Parent Relationship": "Inner", "Join Type": "Inner", "Startup Cost": 7502.06, "Total Cost": 155717.63, "Plan Rows": 829046, "Plan Width": 36, "Actual Startup Time": 0.104, "Actual Total Time": 0.327, "Actual Rows": 100, "Actual Loops": 1, "Inner Unique": false, "Plans": [{"Node Type": "Nested Loop", "Parent Relationship": "Outer", "Join Type": "Inner", "Startup Cost": 7502.06, "Total Cost": 21741.14, "Plan Rows": 345008, "Plan Width": 4, "Actual Startup Time": 0.084, "Actual Total Time": 0.106, "Actual Rows": 10, "Actual Loops": 1, "Inner Unique": false, "Plans": [{"Node Type": "Seq Scan", "Parent Relationship": "Outer", "Relation Name": "info_type", "Alias": "it", "Startup Cost": 0.0, "Total Cost": 2.4, "Plan Rows": 1, "Plan Width": 4, "Actual Startup Time": 0.043, "Actual Total Time": 0.061, "Actual Rows": 1, "Actual Loops": 1, "Filter": "((info)::text = 'bottom 10 rank'::text)", "Rows Removed by Filter": 111}, {"Node Type": "Bitmap Heap Scan", "Parent Relationship": "Inner", "Relation Name": "movie_info_idx", "Alias": "mi_idx", "Startup Cost": 7502.06, "Total Cost": 18288.66, "Plan Rows": 345008, "Plan Width": 8, "Actual Startup Time": 0.037, "Actual Total Time": 0.038, "Actual Rows": 10, "Actual Loops": 1, "Recheck Cond": "(info_type_id = it.id), (LLVM Optimized)", "Rows Removed by Index Recheck": 0, "Exact Heap Blocks": 1, "Lossy Heap Blocks": 1, "Plans": [{"Node Type": "Bitmap Index Scan", "Parent Relationship": "Outer", "Index Name": "info_type_id_movie_info_idx", "Startup Cost": 0.0, "Total Cost": 7415.81, "Plan Rows": 345008, "Plan Width": 0, "Actual Startup Time": 0.023, "Actual Total Time": 0.023, "Actual Rows": 10, "Actual Loops": 1, "Index Cond": "(info_type_id = it.id)"}]}]}, {"Node Type": "Index Scan", "Parent Relationship": "Inner", "Scan Direction": "Forward", "Index Name": "movie_id_movie_companies", "Relation Name": "movie_companies", "Alias": "mc", "Startup Cost": 0.0, "Total Cost": 0.37, "Plan Rows": 2, "Plan Width": 32, "Actual Startup Time": 0.095, "Actual Total Time": 0.191, "Actual Rows": 100, "Actual Loops": 10, "Index Cond": "(movie_id = mi_idx.movie_id)", "Rows Removed by Index Recheck": 0, "Filter": "((note)::text !~~ '%(as Metro-Goldwyn-Mayer Pictures)%'::text)", "Rows Removed by Filter": 20}]}]}, {"Node Type": "Index Scan", "Parent Relationship": "Inner", "Scan Direction": "Forward", "Index Name": "title_pkey", "Relation Name": "title", "Alias": "t", "Startup Cost": 0.0, "Total Cost": 0.34, "Plan Rows": 1, "Plan Width": 25, "Actual Startup Time": 0.035, "Actual Total Time": 0.035, "Actual Rows": 4, "Actual Loops": 5, "Index Cond": "(id = mc.movie_id)", "Rows Removed by Index Recheck": 0, "Filter": "(production_year > 2000)", "Rows Removed by Filter": 1}]}]}, "Triggers": [], "Planner Runtime": 3, "Total Runtime": 10.215, "Unique SQL Id": 2492542741}}, "(16, 117)": {"explain_plan": {"Plan": {"Node Type": "Aggregate", "Strategy": "Plain", "Startup Cost": 346310.82, "Total Cost": 346310.83, "Plan Rows": 1, "Plan Width": 113, "Plans": [{"Node Type": "Nested Loop", "Parent Relationship": "Outer", "Join Type": "Inner", "Startup Cost": 7502.06, "Total Cost": 341526.68, "Plan Rows": 637886, "Plan Width": 45, "Inner Unique": true, "Plans": [{"Node Type": "Nested Loop", "Parent Relationship": "Outer", "Join Type": "Inner", "Startup Cost": 7502.06, "Total Cost": 166104.81, "Plan Rows": 501180, "Plan Width": 32, "Inner Unique": false, "Join Filter": "(mc.company_type_id = ct.id), (LLVM Optimized)", "Plans": [{"Node Type": "Index Scan", "Parent Relationship": "Outer", "Scan Direction": "Forward", "Index Name": "company_type_pkey", "Relation Name": "company_type", "Alias": "ct", "Startup Cost": 0.0, "Total Cost": 12.3, "Plan Rows": 1, "Plan Width": 4, "Filter": "((kind)::text = 'production companies'::text)"}, {"Node Type": "Nested Loop", "Parent Relationship": "Inner", "Join Type": "Inner", "Startup Cost": 7502.06, "Total Cost": 155729.44, "Plan Rows": 829046, "Plan Width": 36, "Inner Unique": false, "Plans": [{"Node Type": "Nested Loop", "Parent Relationship": "Outer", "Join Type": "Inner", "Startup Cost": 7502.06, "Total Cost": 21752.95, "Plan Rows": 345008, "Plan Width": 4, "Inner Unique": false, "Plans": [{"Node Type": "Index Scan", "Parent Relationship": "Outer", "Scan Direction": "Forward", "Index Name": "info_type_pkey", "Relation Name": "info_type", "Alias": "it", "Startup Cost": 0.0, "Total Cost": 14.21, "Plan Rows": 1, "Plan Width": 4, "Filter": "((info)::text = 'bottom 10 rank'::text)"}, {"Node Type": "Bitmap Heap Scan", "Parent Relationship": "Inner", "Relation Name": "movie_info_idx", "Alias": "mi_idx", "Startup Cost": 7502.06, "Total Cost": 18288.66, "Plan Rows": 345008, "Plan Width": 8, "Recheck Cond": "(info_type_id = it.id), (LLVM Optimized)", "Plans": [{"Node Type": "Bitmap Index Scan", "Parent Relationship": "Outer", "Index Name": "info_type_id_movie_info_idx", "Startup Cost": 0.0, "Total Cost": 7415.81, "Plan Rows": 345008, "Plan Width": 0, "Index Cond": "(info_type_id = it.id)"}]}]}, {"Node Type": "Index Scan", "Parent Relationship": "Inner", "Scan Direction": "Forward", "Index Name": "movie_id_movie_companies", "Relation Name": "movie_companies", "Alias": "mc", "Startup Cost": 0.0, "Total Cost": 0.37, "Plan Rows": 2, "Plan Width": 32, "Index Cond": "(movie_id = mi_idx.movie_id)", "Filter": "((note)::text !~~ '%(as Metro-Goldwyn-Mayer Pictures)%'::text)"}]}]}, {"Node Type": "Index Scan", "Parent Relationship": "Inner", "Scan Direction": "Forward", "Index Name": "title_pkey", "Relation Name": "title", "Alias": "t", "Startup Cost": 0.0, "Total Cost": 0.34, "Plan Rows": 1, "Plan Width": 25, "Index Cond": "(id = mc.movie_id)", "Filter": "(production_year > 2000)"}]}]}, "Unique SQL Id": 2492542741, "Planner Runtime": 2}, "explain_analyze_plan": {"Plan": {"Node Type": "Aggregate", "Strategy": "Plain", "Startup Cost": 346310.82, "Total Cost": 346310.83, "Plan Rows": 1, "Plan Width": 113, "Actual Startup Time": 0.393, "Actual Total Time": 0.393, "Actual Rows": 1, "Actual Loops": 1, "Plans": [{"Node Type": "Nested Loop", "Parent Relationship": "Outer", "Join Type": "Inner", "Startup Cost": 7502.06, "Total Cost": 341526.68, "Plan Rows": 637886, "Plan Width": 45, "Actual Startup Time": 0.311, "Actual Total Time": 0.377, "Actual Rows": 4, "Actual Loops": 1, "Inner Unique": true, "Plans": [{"Node Type": "Nested Loop", "Parent Relationship": "Outer", "Join Type": "Inner", "Startup Cost": 7502.06, "Total Cost": 166104.81, "Plan Rows": 501180, "Plan Width": 32, "Actual Startup Time": 0.199, "Actual Total Time": 0.341, "Actual Rows": 5, "Actual Loops": 1, "Inner Unique": false, "Join Filter": "(mc.company_type_id = ct.id), (LLVM Optimized)", "Rows Removed by Join Filter": 95, "Plans": [{"Node Type": "Index Scan", "Parent Relationship": "Outer", "Scan Direction": "Forward", "Index Name": "company_type_pkey", "Relation Name": "company_type", "Alias": "ct", "Startup Cost": 0.0, "Total Cost": 12.3, "Plan Rows": 1, "Plan Width": 4, "Actual Startup Time": 0.027, "Actual Total Time": 0.029, "Actual Rows": 1, "Actual Loops": 1, "Filter": "((kind)::text = 'production companies'::text)", "Rows Removed by Filter": 2}, {"Node Type": "Nested Loop", "Parent Relationship": "Inner", "Join Type": "Inner", "Startup Cost": 7502.06, "Total Cost": 155729.44, "Plan Rows": 829046, "Plan Width": 36, "Actual Startup Time": 0.102, "Actual Total Time": 0.289, "Actual Rows": 100, "Actual Loops": 1, "Inner Unique": false, "Plans": [{"Node Type": "Nested Loop", "Parent Relationship": "Outer", "Join Type": "Inner", "Startup Cost": 7502.06, "Total Cost": 21752.95, "Plan Rows": 345008, "Plan Width": 4, "Actual Startup Time": 0.088, "Actual Total Time": 0.095, "Actual Rows": 10, "Actual Loops": 1, "Inner Unique": false, "Plans": [{"Node Type": "Index Scan", "Parent Relationship": "Outer", "Scan Direction": "Forward", "Index Name": "info_type_pkey", "Relation Name": "info_type", "Alias": "it", "Startup Cost": 0.0, "Total Cost": 14.21, "Plan Rows": 1, "Plan Width": 4, "Actual Startup Time": 0.06, "Actual Total Time": 0.061, "Actual Rows": 1, "Actual Loops": 1, "Filter": "((info)::text = 'bottom 10 rank'::text)", "Rows Removed by Filter": 111}, {"Node Type": "Bitmap Heap Scan", "Parent Relationship": "Inner", "Relation Name": "movie_info_idx", "Alias": "mi_idx", "Startup Cost": 7502.06, "Total Cost": 18288.66, "Plan Rows": 345008, "Plan Width": 8, "Actual Startup Time": 0.022, "Actual Total Time": 0.025, "Actual Rows": 10, "Actual Loops": 1, "Recheck Cond": "(info_type_id = it.id), (LLVM Optimized)", "Rows Removed by Index Recheck": 0, "Exact Heap Blocks": 1, "Lossy Heap Blocks": 1, "Plans": [{"Node Type": "Bitmap Index Scan", "Parent Relationship": "Outer", "Index Name": "info_type_id_movie_info_idx", "Startup Cost": 0.0, "Total Cost": 7415.81, "Plan Rows": 345008, "Plan Width": 0, "Actual Startup Time": 0.013, "Actual Total Time": 0.013, "Actual Rows": 10, "Actual Loops": 1, "Index Cond": "(info_type_id = it.id)"}]}]}, {"Node Type": "Index Scan", "Parent Relationship": "Inner", "Scan Direction": "Forward", "Index Name": "movie_id_movie_companies", "Relation Name": "movie_companies", "Alias": "mc", "Startup Cost": 0.0, "Total Cost": 0.37, "Plan Rows": 2, "Plan Width": 32, "Actual Startup Time": 0.079, "Actual Total Time": 0.163, "Actual Rows": 100, "Actual Loops": 10, "Index Cond": "(movie_id = mi_idx.movie_id)", "Rows Removed by Index Recheck": 0, "Filter": "((note)::text !~~ '%(as Metro-Goldwyn-Mayer Pictures)%'::text)", "Rows Removed by Filter": 20}]}]}, {"Node Type": "Index Scan", "Parent Relationship": "Inner", "Scan Direction": "Forward", "Index Name": "title_pkey", "Relation Name": "title", "Alias": "t", "Startup Cost": 0.0, "Total Cost": 0.34, "Plan Rows": 1, "Plan Width": 25, "Actual Startup Time": 0.027, "Actual Total Time": 0.027, "Actual Rows": 4, "Actual Loops": 5, "Index Cond": "(id = mc.movie_id)", "Rows Removed by Index Recheck": 0, "Filter": "(production_year > 2000)", "Rows Removed by Filter": 1}]}]}, "Triggers": [], "Planner Runtime": 2, "Total Runtime": 9.992, "Unique SQL Id": 2492542741}}, "(16, 118)": {"explain_plan": {"Plan": {"Node Type": "Aggregate", "Strategy": "Plain", "Startup Cost": 3489663.8, "Total Cost": 3489663.81, "Plan Rows": 1, "Plan Width": 113, "Plans": [{"Node Type": "Nested Loop", "Parent Relationship": "Outer", "Join Type": "Inner", "Startup Cost": 0.58, "Total Cost": 3484879.66, "Plan Rows": 637886, "Plan Width": 45, "Inner Unique": false, "Join Filter": "(mc.company_type_id = ct.id), (LLVM Optimized)", "Plans": [{"Node Type": "Seq Scan", "Parent Relationship": "Outer", "Relation Name": "company_type", "Alias": "ct", "Startup Cost": 0.0, "Total Cost": 1.04, "Plan Rows": 1, "Plan Width": 4, "Filter": "((kind)::text = 'production companies'::text)"}, {"Node Type": "Materialize", "Parent Relationship": "Inner", "Startup Cost": 0.58, "Total Cost": 3474326.78, "Plan Rows": 1055184, "Plan Width": 49, "Plans": [{"Node Type": "Nested Loop", "Parent Relationship": "Outer", "Join Type": "Inner", "Startup Cost": 0.58, "Total Cost": 3471688.82, "Plan Rows": 1055184, "Plan Width": 49, "Inner Unique": false, "Plans": [{"Node Type": "Nested Loop", "Parent Relationship": "Outer", "Join Type": "Inner", "Startup Cost": 0.28, "Total Cost": 1526630.02, "Plan Rows": 447839, "Plan Width": 29, "Inner Unique": true, "Plans": [{"Node Type": "Streaming(type: LOCAL GATHER dop: 1/16)", "Parent Relationship": "Outer", "Startup Cost": 0.0, "Total Cost": 39794.02, "Plan Rows": 345008, "Plan Width": 4, "Plans": [{"Node Type": "Nested Loop", "Parent Relationship": "Outer", "Join Type": "Inner", "Startup Cost": 0.0, "Total Cost": 32348.04, "Plan Rows": 345008, "Plan Width": 4, "Inner Unique": false, "Join Filter": "(it.id = mi_idx.info_type_id), (LLVM Optimized)", "Plans": [{"Node Type": "Streaming(type: BROADCAST dop: 16/1)", "Parent Relationship": "Outer", "Startup Cost": 0.0, "Total Cost": 15002.75, "Plan Rows": 16, "Plan Width": 4, "Plans": [{"Node Type": "Seq Scan", "Parent Relationship": "Outer", "Relation Name": "info_type", "Alias": "it", "Startup Cost": 0.0, "Total Cost": 2.4, "Plan Rows": 1, "Plan Width": 4, "Filter": "((info)::text = 'bottom 10 rank'::text)"}]}, {"Node Type": "Seq Scan", "Parent Relationship": "Inner", "Relation Name": "movie_info_idx", "Alias": "mi_idx", "Startup Cost": 0.0, "Total Cost": 16267.15, "Plan Rows": 1380034, "Plan Width": 8}]}]}, {"Node Type": "Bitmap Heap Scan", "Parent Relationship": "Inner", "Relation Name": "title", "Alias": "t", "Startup Cost": 0.28, "Total Cost": 4.3, "Plan Rows": 1, "Plan Width": 25, "Recheck Cond": "(id = mi_idx.movie_id)", "Filter": "(production_year > 2000)", "Plans": [{"Node Type": "Bitmap Index Scan", "Parent Relationship": "Outer", "Index Name": "title_pkey", "Startup Cost": 0.0, "Total Cost": 0.28, "Plan Rows": 1, "Plan Width": 0, "Index Cond": "(id = mi_idx.movie_id)"}]}]}, {"Node Type": "Bitmap Heap Scan", "Parent Relationship": "Inner", "Relation Name": "movie_companies", "Alias": "mc", "Startup Cost": 0.29, "Total Cost": 4.32, "Plan Rows": 2, "Plan Width": 32, "Recheck Cond": "(movie_id = t.id)", "Filter": "((note)::text !~~ '%(as Metro-Goldwyn-Mayer Pictures)%'::text)", "Plans": [{"Node Type": "Bitmap Index Scan", "Parent Relationship": "Outer", "Index Name": "movie_id_movie_companies", "Startup Cost": 0.0, "Total Cost": 0.29, "Plan Rows": 2, "Plan Width": 0, "Index Cond": "(movie_id = t.id)"}]}]}]}]}]}, "Unique SQL Id": 2492542741, "Planner Runtime": 4}, "explain_analyze_plan": {"Plan": {"Node Type": "Aggregate", "Strategy": "Plain", "Startup Cost": 3489663.8, "Total Cost": 3489663.81, "Plan Rows": 1, "Plan Width": 113, "Actual Min Startup Time": 83.688, "Actual Max Startup Time": 83.688, "Actual Min Total Time": 83.689, "Actual Max Total Time": 83.689, "Plans": [{"Node Type": "Nested Loop", "Parent Relationship": "Outer", "Join Type": "Inner", "Startup Cost": 0.58, "Total Cost": 3484879.66, "Plan Rows": 637886, "Plan Width": 45, "Actual Min Startup Time": 83.649, "Actual Max Startup Time": 83.649, "Actual Min Total Time": 83.663, "Actual Max Total Time": 83.663, "Inner Unique": false, "Join Filter": "(mc.company_type_id = ct.id), (LLVM Optimized)", "Rows Removed by Join Filter": 74, "Plans": [{"Node Type": "Seq Scan", "Parent Relationship": "Outer", "Relation Name": "company_type", "Alias": "ct", "Startup Cost": 0.0, "Total Cost": 1.04, "Plan Rows": 1, "Plan Width": 4, "Actual Min Startup Time": 0.012, "Actual Max Startup Time": 0.012, "Actual Min Total Time": 0.014, "Actual Max Total Time": 0.014, "Filter": "((kind)::text = 'production companies'::text)", "Rows Removed by Filter": 2, "Actual Rows": 1}, {"Node Type": "Materialize", "Parent Relationship": "Inner", "Startup Cost": 0.58, "Total Cost": 3474326.78, "Plan Rows": 1055184, "Plan Width": 49, "Actual Min Startup Time": 83.608, "Actual Max Startup Time": 83.608, "Actual Min Total Time": 83.617, "Actual Max Total Time": 83.617, "Plans": [{"Node Type": "Nested Loop", "Parent Relationship": "Outer", "Join Type": "Inner", "Startup Cost": 0.58, "Total Cost": 3471688.82, "Plan Rows": 1055184, "Plan Width": 49, "Actual Min Startup Time": 83.328, "Actual Max Startup Time": 83.328, "Actual Min Total Time": 83.563, "Actual Max Total Time": 83.563, "Inner Unique": false, "Plans": [{"Node Type": "Nested Loop", "Parent Relationship": "Outer", "Join Type": "Inner", "Startup Cost": 0.28, "Total Cost": 1526630.02, "Plan Rows": 447839, "Plan Width": 29, "Actual Min Startup Time": 83.292, "Actual Max Startup Time": 83.292, "Actual Min Total Time": 83.378, "Actual Max Total Time": 83.378, "Inner Unique": true, "Plans": [{"Node Type": "Streaming(type: LOCAL GATHER dop: 1/16)", "Parent Relationship": "Outer", "Startup Cost": 0.0, "Total Cost": 39794.02, "Plan Rows": 345008, "Plan Width": 4, "Actual Min Startup Time": 83.176, "Actual Max Startup Time": 83.176, "Actual Min Total Time": 83.177, "Actual Max Total Time": 83.177, "Plans": [{"Node Type": "Nested Loop", "Parent Relationship": "Outer", "Join Type": "Inner", "Startup Cost": 0.0, "Total Cost": 32348.04, "Plan Rows": 345008, "Plan Width": 4, "Actual Min Startup Time": 34.797, "Actual Max Startup Time": 41.126, "Actual Min Total Time": 34.797, "Actual Max Total Time": 41.133, "Inner Unique": false, "Join Filter": "(it.id = mi_idx.info_type_id), (LLVM Optimized)", "Rows Removed by Join Filter": 1380024, "Plans": [{"Node Type": "Streaming(type: BROADCAST dop: 16/1)", "Parent Relationship": "Outer", "Startup Cost": 0.0, "Total Cost": 15002.75, "Plan Rows": 16, "Plan Width": 4, "Actual Min Startup Time": 0.003, "Actual Max Startup Time": 0.009, "Actual Min Total Time": 0.004, "Actual Max Total Time": 0.013, "Plans": [{"Node Type": "Seq Scan", "Parent Relationship": "Outer", "Relation Name": "info_type", "Alias": "it", "Startup Cost": 0.0, "Total Cost": 2.4, "Plan Rows": 1, "Plan Width": 4, "Actual Min Startup Time": 0.081, "Actual Max Startup Time": 0.081, "Actual Min Total Time": 0.084, "Actual Max Total Time": 0.084, "Filter": "((info)::text = 'bottom 10 rank'::text)", "Rows Removed by Filter": 111, "Actual Rows": 1}], "Actual Rows": 16}, {"Node Type": "Seq Scan", "Parent Relationship": "Inner", "Relation Name": "movie_info_idx", "Alias": "mi_idx", "Startup Cost": 0.0, "Total Cost": 16267.15, "Plan Rows": 1380034, "Plan Width": 8, "Actual Min Startup Time": 0.031, "Actual Max Startup Time": 0.045, "Actual Min Total Time": 18.551, "Actual Max Total Time": 21.969, "Actual Rows": 1380034}], "Actual Rows": 10}], "Actual Rows": 10}, {"Node Type": "Bitmap Heap Scan", "Parent Relationship": "Inner", "Relation Name": "title", "Alias": "t", "Startup Cost": 0.28, "Total Cost": 4.3, "Plan Rows": 1, "Plan Width": 25, "Actual Min Startup Time": 0.168, "Actual Max Startup Time": 0.168, "Actual Min Total Time": 0.168, "Actual Max Total Time": 0.168, "Recheck Cond": "(id = mi_idx.movie_id)", "Rows Removed by Index Recheck": 0, "Filter": "(production_year > 2000)", "Rows Removed by Filter": 4, "Exact Heap Blocks": 10, "Lossy Heap Blocks": 10, "Plans": [{"Node Type": "Bitmap Index Scan", "Parent Relationship": "Outer", "Index Name": "title_pkey", "Startup Cost": 0.0, "Total Cost": 0.28, "Plan Rows": 1, "Plan Width": 0, "Actual Min Startup Time": 0.084, "Actual Max Startup Time": 0.084, "Actual Min Total Time": 0.084, "Actual Max Total Time": 0.084, "Index Cond": "(id = mi_idx.movie_id)", "Actual Rows": 10}], "Actual Rows": 6}], "Actual Rows": 6}, {"Node Type": "Bitmap Heap Scan", "Parent Relationship": "Inner", "Relation Name": "movie_companies", "Alias": "mc", "Startup Cost": 0.29, "Total Cost": 4.32, "Plan Rows": 2, "Plan Width": 32, "Actual Min Startup Time": 0.109, "Actual Max Startup Time": 0.109, "Actual Min Total Time": 0.158, "Actual Max Total Time": 0.158, "Recheck Cond": "(movie_id = t.id)", "Rows Removed by Index Recheck": 0, "Filter": "((note)::text !~~ '%(as Metro-Goldwyn-Mayer Pictures)%'::text)", "Rows Removed by Filter": 15, "Exact Heap Blocks": 13, "Lossy Heap Blocks": 13, "Plans": [{"Node Type": "Bitmap Index Scan", "Parent Relationship": "Outer", "Index Name": "movie_id_movie_companies", "Startup Cost": 0.0, "Total Cost": 0.29, "Plan Rows": 2, "Plan Width": 0, "Actual Min Startup Time": 0.058, "Actual Max Startup Time": 0.058, "Actual Min Total Time": 0.058, "Actual Max Total Time": 0.058, "Index Cond": "(movie_id = t.id)", "Actual Rows": 93}], "Actual Rows": 78}], "Actual Rows": 78}], "Actual Rows": 79}], "Actual Rows": 4}], "Actual Rows": 1}, "Triggers": [], "Planner Runtime": 4, "Total Runtime": 96.085, "Unique SQL Id": 2492542741}}, "(16, 119)": {"explain_plan": {"Plan": {"Node Type": "Aggregate", "Strategy": "Plain", "Startup Cost": 3471634.0, "Total Cost": 3471634.01, "Plan Rows": 1, "Plan Width": 113, "Plans": [{"Node Type": "Nested Loop", "Parent Relationship": "Outer", "Join Type": "Inner", "Startup Cost": 7519.72, "Total Cost": 3466849.86, "Plan Rows": 637886, "Plan Width": 45, "Inner Unique": false, "Join Filter": "(mc.company_type_id = ct.id), (LLVM Optimized)", "Plans": [{"Node Type": "Bitmap Heap Scan", "Parent Relationship": "Outer", "Relation Name": "company_type", "Alias": "ct", "Startup Cost": 8.27, "Total Cost": 12.3, "Plan Rows": 1, "Plan Width": 4, "Filter": "((kind)::text = 'production companies'::text)", "Plans": [{"Node Type": "Bitmap Index Scan", "Parent Relationship": "Outer", "Index Name": "company_type_pkey", "Startup Cost": 0.0, "Total Cost": 8.27, "Plan Rows": 3, "Plan Width": 0}]}, {"Node Type": "Nested Loop", "Parent Relationship": "Inner", "Join Type": "Inner", "Startup Cost": 7511.45, "Total Cost": 3453647.75, "Plan Rows": 1055184, "Plan Width": 49, "Inner Unique": false, "Plans": [{"Node Type": "Nested Loop", "Parent Relationship": "Outer", "Join Type": "Inner", "Startup Cost": 7511.16, "Total Cost": 1508588.95, "Plan Rows": 447839, "Plan Width": 29, "Inner Unique": true, "Plans": [{"Node Type": "Nested Loop", "Parent Relationship": "Outer", "Join Type": "Inner", "Startup Cost": 7510.87, "Total Cost": 21752.95, "Plan Rows": 345008, "Plan Width": 4, "Inner Unique": false, "Plans": [{"Node Type": "Bitmap Heap Scan", "Parent Relationship": "Outer", "Relation Name": "info_type", "Alias": "it", "Startup Cost": 8.81, "Total Cost": 14.21, "Plan Rows": 1, "Plan Width": 4, "Filter": "((info)::text = 'bottom 10 rank'::text)", "Plans": [{"Node Type": "Bitmap Index Scan", "Parent Relationship": "Outer", "Index Name": "info_type_pkey", "Startup Cost": 0.0, "Total Cost": 8.81, "Plan Rows": 112, "Plan Width": 0}]}, {"Node Type": "Bitmap Heap Scan", "Parent Relationship": "Inner", "Relation Name": "movie_info_idx", "Alias": "mi_idx", "Startup Cost": 7502.06, "Total Cost": 18288.66, "Plan Rows": 345008, "Plan Width": 8, "Recheck Cond": "(info_type_id = it.id), (LLVM Optimized)", "Plans": [{"Node Type": "Bitmap Index Scan", "Parent Relationship": "Outer", "Index Name": "info_type_id_movie_info_idx", "Startup Cost": 0.0, "Total Cost": 7415.81, "Plan Rows": 345008, "Plan Width": 0, "Index Cond": "(info_type_id = it.id)"}]}]}, {"Node Type": "Bitmap Heap Scan", "Parent Relationship": "Inner", "Relation Name": "title", "Alias": "t", "Startup Cost": 0.28, "Total Cost": 4.3, "Plan Rows": 1, "Plan Width": 25, "Recheck Cond": "(id = mi_idx.movie_id)", "Filter": "(production_year > 2000)", "Plans": [{"Node Type": "Bitmap Index Scan", "Parent Relationship": "Outer", "Index Name": "title_pkey", "Startup Cost": 0.0, "Total Cost": 0.28, "Plan Rows": 1, "Plan Width": 0, "Index Cond": "(id = mi_idx.movie_id)"}]}]}, {"Node Type": "Bitmap Heap Scan", "Parent Relationship": "Inner", "Relation Name": "movie_companies", "Alias": "mc", "Startup Cost": 0.29, "Total Cost": 4.32, "Plan Rows": 2, "Plan Width": 32, "Recheck Cond": "(movie_id = t.id)", "Filter": "((note)::text !~~ '%(as Metro-Goldwyn-Mayer Pictures)%'::text)", "Plans": [{"Node Type": "Bitmap Index Scan", "Parent Relationship": "Outer", "Index Name": "movie_id_movie_companies", "Startup Cost": 0.0, "Total Cost": 0.29, "Plan Rows": 2, "Plan Width": 0, "Index Cond": "(movie_id = t.id)"}]}]}]}]}, "Unique SQL Id": 2492542741, "Planner Runtime": 2}, "explain_analyze_plan": {"Plan": {"Node Type": "Aggregate", "Strategy": "Plain", "Startup Cost": 3471634.0, "Total Cost": 3471634.01, "Plan Rows": 1, "Plan Width": 113, "Actual Startup Time": 0.421, "Actual Total Time": 0.421, "Actual Rows": 1, "Actual Loops": 1, "Plans": [{"Node Type": "Nested Loop", "Parent Relationship": "Outer", "Join Type": "Inner", "Startup Cost": 7519.72, "Total Cost": 3466849.86, "Plan Rows": 637886, "Plan Width": 45, "Actual Startup Time": 0.345, "Actual Total Time": 0.4, "Actual Rows": 4, "Actual Loops": 1, "Inner Unique": false, "Join Filter": "(mc.company_type_id = ct.id), (LLVM Optimized)", "Rows Removed by Join Filter": 74, "Plans": [{"Node Type": "Bitmap Heap Scan", "Parent Relationship": "Outer", "Relation Name": "company_type", "Alias": "ct", "Startup Cost": 8.27, "Total Cost": 12.3, "Plan Rows": 1, "Plan Width": 4, "Actual Startup Time": 0.038, "Actual Total Time": 0.039, "Actual Rows": 1, "Actual Loops": 1, "Filter": "((kind)::text = 'production companies'::text)", "Rows Removed by Filter": 2, "Exact Heap Blocks": 1, "Lossy Heap Blocks": 1, "Plans": [{"Node Type": "Bitmap Index Scan", "Parent Relationship": "Outer", "Index Name": "company_type_pkey", "Startup Cost": 0.0, "Total Cost": 8.27, "Plan Rows": 3, "Plan Width": 0, "Actual Startup Time": 0.015, "Actual Total Time": 0.015, "Actual Rows": 3, "Actual Loops": 1}]}, {"Node Type": "Nested Loop", "Parent Relationship": "Inner", "Join Type": "Inner", "Startup Cost": 7511.45, "Total Cost": 3453647.75, "Plan Rows": 1055184, "Plan Width": 49, "Actual Startup Time": 0.128, "Actual Total Time": 0.339, "Actual Rows": 78, "Actual Loops": 1, "Inner Unique": false, "Plans": [{"Node Type": "Nested Loop", "Parent Relationship": "Outer", "Join Type": "Inner", "Startup Cost": 7511.16, "Total Cost": 1508588.95, "Plan Rows": 447839, "Plan Width": 29, "Actual Startup Time": 0.107, "Actual Total Time": 0.178, "Actual Rows": 6, "Actual Loops": 1, "Inner Unique": true, "Plans": [{"Node Type": "Nested Loop", "Parent Relationship": "Outer", "Join Type": "Inner", "Startup Cost": 7510.87, "Total Cost": 21752.95, "Plan Rows": 345008, "Plan Width": 4, "Actual Startup Time": 0.081, "Actual Total Time": 0.085, "Actual Rows": 10, "Actual Loops": 1, "Inner Unique": false, "Plans": [{"Node Type": "Bitmap Heap Scan", "Parent Relationship": "Outer", "Relation Name": "info_type", "Alias": "it", "Startup Cost": 8.81, "Total Cost": 14.21, "Plan Rows": 1, "Plan Width": 4, "Actual Startup Time": 0.059, "Actual Total Time": 0.059, "Actual Rows": 1, "Actual Loops": 1, "Filter": "((info)::text = 'bottom 10 rank'::text)", "Rows Removed by Filter": 111, "Exact Heap Blocks": 1, "Lossy Heap Blocks": 1, "Plans": [{"Node Type": "Bitmap Index Scan", "Parent Relationship": "Outer", "Index Name": "info_type_pkey", "Startup Cost": 0.0, "Total Cost": 8.81, "Plan Rows": 112, "Plan Width": 0, "Actual Startup Time": 0.011, "Actual Total Time": 0.011, "Actual Rows": 112, "Actual Loops": 1}]}, {"Node Type": "Bitmap Heap Scan", "Parent Relationship": "Inner", "Relation Name": "movie_info_idx", "Alias": "mi_idx", "Startup Cost": 7502.06, "Total Cost": 18288.66, "Plan Rows": 345008, "Plan Width": 8, "Actual Startup Time": 0.018, "Actual Total Time": 0.018, "Actual Rows": 10, "Actual Loops": 1, "Recheck Cond": "(info_type_id = it.id), (LLVM Optimized)", "Rows Removed by Index Recheck": 0, "Exact Heap Blocks": 1, "Lossy Heap Blocks": 1, "Plans": [{"Node Type": "Bitmap Index Scan", "Parent Relationship": "Outer", "Index Name": "info_type_id_movie_info_idx", "Startup Cost": 0.0, "Total Cost": 7415.81, "Plan Rows": 345008, "Plan Width": 0, "Actual Startup Time": 0.012, "Actual Total Time": 0.012, "Actual Rows": 10, "Actual Loops": 1, "Index Cond": "(info_type_id = it.id)"}]}]}, {"Node Type": "Bitmap Heap Scan", "Parent Relationship": "Inner", "Relation Name": "title", "Alias": "t", "Startup Cost": 0.28, "Total Cost": 4.3, "Plan Rows": 1, "Plan Width": 25, "Actual Startup Time": 0.075, "Actual Total Time": 0.075, "Actual Rows": 6, "Actual Loops": 10, "Recheck Cond": "(id = mi_idx.movie_id)", "Rows Removed by Index Recheck": 0, "Filter": "(production_year > 2000)", "Rows Removed by Filter": 4, "Exact Heap Blocks": 10, "Lossy Heap Blocks": 10, "Plans": [{"Node Type": "Bitmap Index Scan", "Parent Relationship": "Outer", "Index Name": "title_pkey", "Startup Cost": 0.0, "Total Cost": 0.28, "Plan Rows": 1, "Plan Width": 0, "Actual Startup Time": 0.043, "Actual Total Time": 0.043, "Actual Rows": 10, "Actual Loops": 10, "Index Cond": "(id = mi_idx.movie_id)"}]}]}, {"Node Type": "Bitmap Heap Scan", "Parent Relationship": "Inner", "Relation Name": "movie_companies", "Alias": "mc", "Startup Cost": 0.29, "Total Cost": 4.32, "Plan Rows": 2, "Plan Width": 32, "Actual Startup Time": 0.085, "Actual Total Time": 0.132, "Actual Rows": 78, "Actual Loops": 6, "Recheck Cond": "(movie_id = t.id)", "Rows Removed by Index Recheck": 0, "Filter": "((note)::text !~~ '%(as Metro-Goldwyn-Mayer Pictures)%'::text)", "Rows Removed by Filter": 15, "Exact Heap Blocks": 13, "Lossy Heap Blocks": 13, "Plans": [{"Node Type": "Bitmap Index Scan", "Parent Relationship": "Outer", "Index Name": "movie_id_movie_companies", "Startup Cost": 0.0, "Total Cost": 0.29, "Plan Rows": 2, "Plan Width": 0, "Actual Startup Time": 0.045, "Actual Total Time": 0.045, "Actual Rows": 93, "Actual Loops": 6, "Index Cond": "(movie_id = t.id)"}]}]}]}]}, "Triggers": [], "Planner Runtime": 2, "Total Runtime": 9.991, "Unique SQL Id": 2492542741}}, "(16, 120)": {"explain_plan": {"Plan": {"Node Type": "Aggregate", "Strategy": "Plain", "Startup Cost": 364340.62, "Total Cost": 364340.63, "Plan Rows": 1, "Plan Width": 113, "Plans": [{"Node Type": "Nested Loop", "Parent Relationship": "Outer", "Join Type": "Inner", "Startup Cost": 0.0, "Total Cost": 359556.48, "Plan Rows": 637886, "Plan Width": 45, "Inner Unique": true, "Plans": [{"Node Type": "Nested Loop", "Parent Relationship": "Outer", "Join Type": "Inner", "Startup Cost": 0.0, "Total Cost": 184134.61, "Plan Rows": 501180, "Plan Width": 32, "Inner Unique": false, "Join Filter": "(mc.company_type_id = ct.id), (LLVM Optimized)", "Plans": [{"Node Type": "Seq Scan", "Parent Relationship": "Outer", "Relation Name": "company_type", "Alias": "ct", "Startup Cost": 0.0, "Total Cost": 1.04, "Plan Rows": 1, "Plan Width": 4, "Filter": "((kind)::text = 'production companies'::text)"}, {"Node Type": "Materialize", "Parent Relationship": "Inner", "Startup Cost": 0.0, "Total Cost": 175843.11, "Plan Rows": 829046, "Plan Width": 36, "Plans": [{"Node Type": "Nested Loop", "Parent Relationship": "Outer", "Join Type": "Inner", "Startup Cost": 0.0, "Total Cost": 173770.5, "Plan Rows": 829046, "Plan Width": 36, "Inner Unique": false, "Plans": [{"Node Type": "Streaming(type: LOCAL GATHER dop: 1/16)", "Parent Relationship": "Outer", "Startup Cost": 0.0, "Total Cost": 39794.02, "Plan Rows": 345008, "Plan Width": 4, "Plans": [{"Node Type": "Nested Loop", "Parent Relationship": "Outer", "Join Type": "Inner", "Startup Cost": 0.0, "Total Cost": 32348.04, "Plan Rows": 345008, "Plan Width": 4, "Inner Unique": false, "Join Filter": "(it.id = mi_idx.info_type_id), (LLVM Optimized)", "Plans": [{"Node Type": "Streaming(type: BROADCAST dop: 16/1)", "Parent Relationship": "Outer", "Startup Cost": 0.0, "Total Cost": 15002.75, "Plan Rows": 16, "Plan Width": 4, "Plans": [{"Node Type": "Seq Scan", "Parent Relationship": "Outer", "Relation Name": "info_type", "Alias": "it", "Startup Cost": 0.0, "Total Cost": 2.4, "Plan Rows": 1, "Plan Width": 4, "Filter": "((info)::text = 'bottom 10 rank'::text)"}]}, {"Node Type": "Seq Scan", "Parent Relationship": "Inner", "Relation Name": "movie_info_idx", "Alias": "mi_idx", "Startup Cost": 0.0, "Total Cost": 16267.15, "Plan Rows": 1380034, "Plan Width": 8}]}]}, {"Node Type": "Index Scan", "Parent Relationship": "Inner", "Scan Direction": "Forward", "Index Name": "movie_id_movie_companies", "Relation Name": "movie_companies", "Alias": "mc", "Startup Cost": 0.0, "Total Cost": 0.37, "Plan Rows": 2, "Plan Width": 32, "Index Cond": "(movie_id = mi_idx.movie_id)", "Filter": "((note)::text !~~ '%(as Metro-Goldwyn-Mayer Pictures)%'::text)"}]}]}]}, {"Node Type": "Index Scan", "Parent Relationship": "Inner", "Scan Direction": "Forward", "Index Name": "title_pkey", "Relation Name": "title", "Alias": "t", "Startup Cost": 0.0, "Total Cost": 0.34, "Plan Rows": 1, "Plan Width": 25, "Index Cond": "(id = mc.movie_id)", "Filter": "(production_year > 2000)"}]}]}, "Unique SQL Id": 2492542741, "Planner Runtime": 3}, "explain_analyze_plan": {"Plan": {"Node Type": "Aggregate", "Strategy": "Plain", "Startup Cost": 364340.62, "Total Cost": 364340.63, "Plan Rows": 1, "Plan Width": 113, "Actual Min Startup Time": 80.902, "Actual Max Startup Time": 80.902, "Actual Min Total Time": 80.903, "Actual Max Total Time": 80.903, "Plans": [{"Node Type": "Nested Loop", "Parent Relationship": "Outer", "Join Type": "Inner", "Startup Cost": 0.0, "Total Cost": 359556.48, "Plan Rows": 637886, "Plan Width": 45, "Actual Min Startup Time": 80.84, "Actual Max Startup Time": 80.84, "Actual Min Total Time": 80.872, "Actual Max Total Time": 80.872, "Inner Unique": true, "Plans": [{"Node Type": "Nested Loop", "Parent Relationship": "Outer", "Join Type": "Inner", "Startup Cost": 0.0, "Total Cost": 184134.61, "Plan Rows": 501180, "Plan Width": 32, "Actual Min Startup Time": 80.798, "Actual Max Startup Time": 80.798, "Actual Min Total Time": 80.828, "Actual Max Total Time": 80.828, "Inner Unique": false, "Join Filter": "(mc.company_type_id = ct.id), (LLVM Optimized)", "Rows Removed by Join Filter": 95, "Plans": [{"Node Type": "Seq Scan", "Parent Relationship": "Outer", "Relation Name": "company_type", "Alias": "ct", "Startup Cost": 0.0, "Total Cost": 1.04, "Plan Rows": 1, "Plan Width": 4, "Actual Min Startup Time": 0.013, "Actual Max Startup Time": 0.013, "Actual Min Total Time": 0.016, "Actual Max Total Time": 0.016, "Filter": "((kind)::text = 'production companies'::text)", "Rows Removed by Filter": 2, "Actual Rows": 1}, {"Node Type": "Materialize", "Parent Relationship": "Inner", "Startup Cost": 0.0, "Total Cost": 175843.11, "Plan Rows": 829046, "Plan Width": 36, "Actual Min Startup Time": 80.764, "Actual Max Startup Time": 80.764, "Actual Min Total Time": 80.774, "Actual Max Total Time": 80.774, "Plans": [{"Node Type": "Nested Loop", "Parent Relationship": "Outer", "Join Type": "Inner", "Startup Cost": 0.0, "Total Cost": 173770.5, "Plan Rows": 829046, "Plan Width": 36, "Actual Min Startup Time": 80.509, "Actual Max Startup Time": 80.509, "Actual Min Total Time": 80.711, "Actual Max Total Time": 80.711, "Inner Unique": false, "Plans": [{"Node Type": "Streaming(type: LOCAL GATHER dop: 1/16)", "Parent Relationship": "Outer", "Startup Cost": 0.0, "Total Cost": 39794.02, "Plan Rows": 345008, "Plan Width": 4, "Actual Min Startup Time": 80.427, "Actual Max Startup Time": 80.427, "Actual Min Total Time": 80.429, "Actual Max Total Time": 80.429, "Plans": [{"Node Type": "Nested Loop", "Parent Relationship": "Outer", "Join Type": "Inner", "Startup Cost": 0.0, "Total Cost": 32348.04, "Plan Rows": 345008, "Plan Width": 4, "Actual Min Startup Time": 34.742, "Actual Max Startup Time": 41.136, "Actual Min Total Time": 34.742, "Actual Max Total Time": 41.143, "Inner Unique": false, "Join Filter": "(it.id = mi_idx.info_type_id), (LLVM Optimized)", "Rows Removed by Join Filter": 1380024, "Plans": [{"Node Type": "Streaming(type: BROADCAST dop: 16/1)", "Parent Relationship": "Outer", "Startup Cost": 0.0, "Total Cost": 15002.75, "Plan Rows": 16, "Plan Width": 4, "Actual Min Startup Time": 0.002, "Actual Max Startup Time": 0.008, "Actual Min Total Time": 0.003, "Actual Max Total Time": 0.011, "Plans": [{"Node Type": "Seq Scan", "Parent Relationship": "Outer", "Relation Name": "info_type", "Alias": "it", "Startup Cost": 0.0, "Total Cost": 2.4, "Plan Rows": 1, "Plan Width": 4, "Actual Min Startup Time": 0.072, "Actual Max Startup Time": 0.072, "Actual Min Total Time": 0.076, "Actual Max Total Time": 0.076, "Filter": "((info)::text = 'bottom 10 rank'::text)", "Rows Removed by Filter": 111, "Actual Rows": 1}], "Actual Rows": 16}, {"Node Type": "Seq Scan", "Parent Relationship": "Inner", "Relation Name": "movie_info_idx", "Alias": "mi_idx", "Startup Cost": 0.0, "Total Cost": 16267.15, "Plan Rows": 1380034, "Plan Width": 8, "Actual Min Startup Time": 0.031, "Actual Max Startup Time": 0.047, "Actual Min Total Time": 18.557, "Actual Max Total Time": 21.986, "Actual Rows": 1380034}], "Actual Rows": 10}], "Actual Rows": 10}, {"Node Type": "Index Scan", "Parent Relationship": "Inner", "Scan Direction": "Forward", "Index Name": "movie_id_movie_companies", "Relation Name": "movie_companies", "Alias": "mc", "Startup Cost": 0.0, "Total Cost": 0.37, "Plan Rows": 2, "Plan Width": 32, "Actual Min Startup Time": 0.146, "Actual Max Startup Time": 0.146, "Actual Min Total Time": 0.239, "Actual Max Total Time": 0.239, "Index Cond": "(movie_id = mi_idx.movie_id)", "Rows Removed by Index Recheck": 0, "Filter": "((note)::text !~~ '%(as Metro-Goldwyn-Mayer Pictures)%'::text)", "Rows Removed by Filter": 20, "Actual Rows": 100}], "Actual Rows": 100}], "Actual Rows": 101}], "Actual Rows": 5}, {"Node Type": "Index Scan", "Parent Relationship": "Inner", "Scan Direction": "Forward", "Index Name": "title_pkey", "Relation Name": "title", "Alias": "t", "Startup Cost": 0.0, "Total Cost": 0.34, "Plan Rows": 1, "Plan Width": 25, "Actual Min Startup Time": 0.037, "Actual Max Startup Time": 0.037, "Actual Min Total Time": 0.037, "Actual Max Total Time": 0.037, "Index Cond": "(id = mc.movie_id)", "Rows Removed by Index Recheck": 0, "Filter": "(production_year > 2000)", "Rows Removed by Filter": 1, "Actual Rows": 4}], "Actual Rows": 4}], "Actual Rows": 1}, "Triggers": [], "Planner Runtime": 2, "Total Runtime": 93.532, "Unique SQL Id": 2492542741}}, "(16, 121)": {"explain_plan": {"Plan": {"Node Type": "Aggregate", "Strategy": "Plain", "Startup Cost": 362896.07, "Total Cost": 362896.08, "Plan Rows": 1, "Plan Width": 113, "Plans": [{"Node Type": "Nested Loop", "Parent Relationship": "Outer", "Join Type": "Inner", "Startup Cost": 0.0, "Total Cost": 358111.92, "Plan Rows": 637886, "Plan Width": 45, "Inner Unique": true, "Plans": [{"Node Type": "Nested Loop", "Parent Relationship": "Outer", "Join Type": "Inner", "Startup Cost": 0.0, "Total Cost": 182690.06, "Plan Rows": 501180, "Plan Width": 32, "Inner Unique": false, "Join Filter": "(mc.company_type_id = ct.id), (LLVM Optimized)", "Plans": [{"Node Type": "Index Scan", "Parent Relationship": "Outer", "Scan Direction": "Forward", "Index Name": "company_type_pkey", "Relation Name": "company_type", "Alias": "ct", "Startup Cost": 0.0, "Total Cost": 12.3, "Plan Rows": 1, "Plan Width": 4, "Filter": "((kind)::text = 'production companies'::text)"}, {"Node Type": "Nested Loop", "Parent Relationship": "Inner", "Join Type": "Inner", "Startup Cost": 0.0, "Total Cost": 172314.68, "Plan Rows": 829046, "Plan Width": 36, "Inner Unique": false, "Plans": [{"Node Type": "Nested Loop", "Parent Relationship": "Outer", "Join Type": "Inner", "Startup Cost": 0.0, "Total Cost": 38338.2, "Plan Rows": 345008, "Plan Width": 4, "Inner Unique": false, "Plans": [{"Node Type": "Index Scan", "Parent Relationship": "Outer", "Scan Direction": "Forward", "Index Name": "info_type_pkey", "Relation Name": "info_type", "Alias": "it", "Startup Cost": 0.0, "Total Cost": 14.21, "Plan Rows": 1, "Plan Width": 4, "Filter": "((info)::text = 'bottom 10 rank'::text)"}, {"Node Type": "Index Scan", "Parent Relationship": "Inner", "Scan Direction": "Forward", "Index Name": "info_type_id_movie_info_idx", "Relation Name": "movie_info_idx", "Alias": "mi_idx", "Startup Cost": 0.0, "Total Cost": 34873.91, "Plan Rows": 345008, "Plan Width": 8, "Index Cond": "(info_type_id = it.id), (LLVM Optimized)"}]}, {"Node Type": "Index Scan", "Parent Relationship": "Inner", "Scan Direction": "Forward", "Index Name": "movie_id_movie_companies", "Relation Name": "movie_companies", "Alias": "mc", "Startup Cost": 0.0, "Total Cost": 0.37, "Plan Rows": 2, "Plan Width": 32, "Index Cond": "(movie_id = mi_idx.movie_id)", "Filter": "((note)::text !~~ '%(as Metro-Goldwyn-Mayer Pictures)%'::text)"}]}]}, {"Node Type": "Index Scan", "Parent Relationship": "Inner", "Scan Direction": "Forward", "Index Name": "title_pkey", "Relation Name": "title", "Alias": "t", "Startup Cost": 0.0, "Total Cost": 0.34, "Plan Rows": 1, "Plan Width": 25, "Index Cond": "(id = mc.movie_id)", "Filter": "(production_year > 2000)"}]}]}, "Unique SQL Id": 2492542741, "Planner Runtime": 2}, "explain_analyze_plan": {"Plan": {"Node Type": "Aggregate", "Strategy": "Plain", "Startup Cost": 362896.07, "Total Cost": 362896.08, "Plan Rows": 1, "Plan Width": 113, "Actual Startup Time": 0.397, "Actual Total Time": 0.397, "Actual Rows": 1, "Actual Loops": 1, "Plans": [{"Node Type": "Nested Loop", "Parent Relationship": "Outer", "Join Type": "Inner", "Startup Cost": 0.0, "Total Cost": 358111.92, "Plan Rows": 637886, "Plan Width": 45, "Actual Startup Time": 0.308, "Actual Total Time": 0.376, "Actual Rows": 4, "Actual Loops": 1, "Inner Unique": true, "Plans": [{"Node Type": "Nested Loop", "Parent Relationship": "Outer", "Join Type": "Inner", "Startup Cost": 0.0, "Total Cost": 182690.06, "Plan Rows": 501180, "Plan Width": 32, "Actual Startup Time": 0.192, "Actual Total Time": 0.339, "Actual Rows": 5, "Actual Loops": 1, "Inner Unique": false, "Join Filter": "(mc.company_type_id = ct.id), (LLVM Optimized)", "Rows Removed by Join Filter": 95, "Plans": [{"Node Type": "Index Scan", "Parent Relationship": "Outer", "Scan Direction": "Forward", "Index Name": "company_type_pkey", "Relation Name": "company_type", "Alias": "ct", "Startup Cost": 0.0, "Total Cost": 12.3, "Plan Rows": 1, "Plan Width": 4, "Actual Startup Time": 0.032, "Actual Total Time": 0.034, "Actual Rows": 1, "Actual Loops": 1, "Filter": "((kind)::text = 'production companies'::text)", "Rows Removed by Filter": 2}, {"Node Type": "Nested Loop", "Parent Relationship": "Inner", "Join Type": "Inner", "Startup Cost": 0.0, "Total Cost": 172314.68, "Plan Rows": 829046, "Plan Width": 36, "Actual Startup Time": 0.089, "Actual Total Time": 0.275, "Actual Rows": 100, "Actual Loops": 1, "Inner Unique": false, "Plans": [{"Node Type": "Nested Loop", "Parent Relationship": "Outer", "Join Type": "Inner", "Startup Cost": 0.0, "Total Cost": 38338.2, "Plan Rows": 345008, "Plan Width": 4, "Actual Startup Time": 0.075, "Actual Total Time": 0.081, "Actual Rows": 10, "Actual Loops": 1, "Inner Unique": false, "Plans": [{"Node Type": "Index Scan", "Parent Relationship": "Outer", "Scan Direction": "Forward", "Index Name": "info_type_pkey", "Relation Name": "info_type", "Alias": "it", "Startup Cost": 0.0, "Total Cost": 14.21, "Plan Rows": 1, "Plan Width": 4, "Actual Startup Time": 0.059, "Actual Total Time": 0.06, "Actual Rows": 1, "Actual Loops": 1, "Filter": "((info)::text = 'bottom 10 rank'::text)", "Rows Removed by Filter": 111}, {"Node Type": "Index Scan", "Parent Relationship": "Inner", "Scan Direction": "Forward", "Index Name": "info_type_id_movie_info_idx", "Relation Name": "movie_info_idx", "Alias": "mi_idx", "Startup Cost": 0.0, "Total Cost": 34873.91, "Plan Rows": 345008, "Plan Width": 8, "Actual Startup Time": 0.012, "Actual Total Time": 0.016, "Actual Rows": 10, "Actual Loops": 1, "Index Cond": "(info_type_id = it.id), (LLVM Optimized)", "Rows Removed by Index Recheck": 0}]}, {"Node Type": "Index Scan", "Parent Relationship": "Inner", "Scan Direction": "Forward", "Index Name": "movie_id_movie_companies", "Relation Name": "movie_companies", "Alias": "mc", "Startup Cost": 0.0, "Total Cost": 0.37, "Plan Rows": 2, "Plan Width": 32, "Actual Startup Time": 0.079, "Actual Total Time": 0.162, "Actual Rows": 100, "Actual Loops": 10, "Index Cond": "(movie_id = mi_idx.movie_id)", "Rows Removed by Index Recheck": 0, "Filter": "((note)::text !~~ '%(as Metro-Goldwyn-Mayer Pictures)%'::text)", "Rows Removed by Filter": 20}]}]}, {"Node Type": "Index Scan", "Parent Relationship": "Inner", "Scan Direction": "Forward", "Index Name": "title_pkey", "Relation Name": "title", "Alias": "t", "Startup Cost": 0.0, "Total Cost": 0.34, "Plan Rows": 1, "Plan Width": 25, "Actual Startup Time": 0.031, "Actual Total Time": 0.031, "Actual Rows": 4, "Actual Loops": 5, "Index Cond": "(id = mc.movie_id)", "Rows Removed by Index Recheck": 0, "Filter": "(production_year > 2000)", "Rows Removed by Filter": 1}]}]}, "Triggers": [], "Planner Runtime": 2, "Total Runtime": 9.953, "Unique SQL Id": 2492542741}}, "(16, 122)": {"explain_plan": {"Plan": {"Node Type": "Aggregate", "Strategy": "Plain", "Startup Cost": 62331198.02, "Total Cost": 62331198.05, "Plan Rows": 1, "Plan Width": 113, "Plans": [{"Node Type": "Streaming(type: LOCAL GATHER dop: 1/16)", "Parent Relationship": "Outer", "Startup Cost": 62331198.02, "Total Cost": 62331198.05, "Plan Rows": 1, "Plan Width": 113, "Plans": [{"Node Type": "Aggregate", "Strategy": "Plain", "Parent Relationship": "Outer", "Startup Cost": 62331198.02, "Total Cost": 62331198.03, "Plan Rows": 1, "Plan Width": 113, "Plans": [{"Node Type": "Nested Loop", "Parent Relationship": "Outer", "Join Type": "Inner", "Startup Cost": 0.0, "Total Cost": 62326413.88, "Plan Rows": 637886, "Plan Width": 45, "Inner Unique": false, "Join Filter": "(mc.movie_id = t.id), (LLVM Optimized)", "Plans": [{"Node Type": "Streaming(type: LOCAL REDISTRIBUTE dop: 16/16)", "Parent Relationship": "Outer", "Startup Cost": 0.0, "Total Cost": 55003.85, "Plan Rows": 1304518, "Plan Width": 28, "Plans": [{"Node Type": "Nested Loop", "Parent Relationship": "Outer", "Join Type": "Inner", "Startup Cost": 0.0, "Total Cost": 35060.95, "Plan Rows": 1304518, "Plan Width": 28, "Inner Unique": false, "Join Filter": "(ct.id = mc.company_type_id), (LLVM Optimized)", "Plans": [{"Node Type": "Streaming(type: BROADCAST dop: 16/1)", "Parent Relationship": "Outer", "Startup Cost": 0.0, "Total Cost": 15001.38, "Plan Rows": 16, "Plan Width": 4, "Plans": [{"Node Type": "Seq Scan", "Parent Relationship": "Outer", "Relation Name": "company_type", "Alias": "ct", "Startup Cost": 0.0, "Total Cost": 1.04, "Plan Rows": 1, "Plan Width": 4, "Filter": "((kind)::text = 'production companies'::text)"}]}, {"Node Type": "Seq Scan", "Parent Relationship": "Inner", "Relation Name": "movie_companies", "Alias": "mc", "Startup Cost": 0.0, "Total Cost": 18021.26, "Plan Rows": 2609035, "Plan Width": 32, "Filter": "((note)::text !~~ '%(as Metro-Goldwyn-Mayer Pictures)%'::text), (LLVM Optimized)"}]}]}, {"Node Type": "Materialize", "Parent Relationship": "Inner", "Startup Cost": 0.0, "Total Cost": 28040188.8, "Plan Rows": 447839, "Plan Width": 29, "Plans": [{"Node Type": "Streaming(type: LOCAL REDISTRIBUTE dop: 16/16)", "Parent Relationship": "Outer", "Startup Cost": 0.0, "Total Cost": 28040048.85, "Plan Rows": 447839, "Plan Width": 29, "Plans": [{"Node Type": "Nested Loop", "Parent Relationship": "Outer", "Join Type": "Inner", "Startup Cost": 0.0, "Total Cost": 28023351.96, "Plan Rows": 447839, "Plan Width": 29, "Inner Unique": false, "Join Filter": "(mi_idx.movie_id = t.id), (LLVM Optimized)", "Plans": [{"Node Type": "Streaming(type: LOCAL REDISTRIBUTE dop: 16/16)", "Parent Relationship": "Outer", "Startup Cost": 0.0, "Total Cost": 39385.42, "Plan Rows": 1381886, "Plan Width": 25, "Plans": [{"Node Type": "Seq Scan", "Parent Relationship": "Outer", "Relation Name": "title", "Alias": "t", "Startup Cost": 0.0, "Total Cost": 19149.37, "Plan Rows": 1381886, "Plan Width": 25, "Filter": "(production_year > 2000), (LLVM Optimized)"}]}, {"Node Type": "Materialize", "Parent Relationship": "Inner", "Startup Cost": 0.0, "Total Cost": 48763.12, "Plan Rows": 345008, "Plan Width": 4, "Plans": [{"Node Type": "Streaming(type: LOCAL REDISTRIBUTE dop: 16/16)", "Parent Relationship": "Outer", "Startup Cost": 0.0, "Total Cost": 48655.3, "Plan Rows": 345008, "Plan Width": 4, "Plans": [{"Node Type": "Nested Loop", "Parent Relationship": "Outer", "Join Type": "Inner", "Startup Cost": 0.0, "Total Cost": 32348.04, "Plan Rows": 345008, "Plan Width": 4, "Inner Unique": false, "Join Filter": "(it.id = mi_idx.info_type_id), (LLVM Optimized)", "Plans": [{"Node Type": "Streaming(type: BROADCAST dop: 16/1)", "Parent Relationship": "Outer", "Startup Cost": 0.0, "Total Cost": 15002.75, "Plan Rows": 16, "Plan Width": 4, "Plans": [{"Node Type": "Seq Scan", "Parent Relationship": "Outer", "Relation Name": "info_type", "Alias": "it", "Startup Cost": 0.0, "Total Cost": 2.4, "Plan Rows": 1, "Plan Width": 4, "Filter": "((info)::text = 'bottom 10 rank'::text)"}]}, {"Node Type": "Seq Scan", "Parent Relationship": "Inner", "Relation Name": "movie_info_idx", "Alias": "mi_idx", "Startup Cost": 0.0, "Total Cost": 16267.15, "Plan Rows": 1380034, "Plan Width": 8}]}]}]}]}]}]}]}]}]}]}, "Unique SQL Id": 2492542741, "Planner Runtime": 3}, "explain_analyze_plan": {"Plan": {"Node Type": "Aggregate", "Strategy": "Plain", "Startup Cost": 62331198.02, "Total Cost": 62331198.05, "Plan Rows": 1, "Plan Width": 113, "Actual Min Startup Time": 538.289, "Actual Max Startup Time": 538.289, "Actual Min Total Time": 538.289, "Actual Max Total Time": 538.289, "Plans": [{"Node Type": "Streaming(type: LOCAL GATHER dop: 1/16)", "Parent Relationship": "Outer", "Startup Cost": 62331198.02, "Total Cost": 62331198.05, "Plan Rows": 1, "Plan Width": 113, "Actual Min Startup Time": 538.12, "Actual Max Startup Time": 538.12, "Actual Min Total Time": 538.259, "Actual Max Total Time": 538.259, "Plans": [{"Node Type": "Aggregate", "Strategy": "Plain", "Parent Relationship": "Outer", "Startup Cost": 62331198.02, "Total Cost": 62331198.03, "Plan Rows": 1, "Plan Width": 113, "Actual Min Startup Time": 289.035, "Actual Max Startup Time": 391.806, "Actual Min Total Time": 289.035, "Actual Max Total Time": 391.806, "Plans": [{"Node Type": "Nested Loop", "Parent Relationship": "Outer", "Join Type": "Inner", "Startup Cost": 0.0, "Total Cost": 62326413.88, "Plan Rows": 637886, "Plan Width": 45, "Actual Min Startup Time": 270.846, "Actual Max Startup Time": 391.798, "Actual Min Total Time": 289.031, "Actual Max Total Time": 391.798, "Inner Unique": false, "Join Filter": "(mc.movie_id = t.id), (LLVM Optimized)", "Rows Removed by Join Filter": 53201, "Plans": [{"Node Type": "Streaming(type: LOCAL REDISTRIBUTE dop: 16/16)", "Parent Relationship": "Outer", "Startup Cost": 0.0, "Total Cost": 55003.85, "Plan Rows": 1304518, "Plan Width": 28, "Actual Min Startup Time": 0.055, "Actual Max Startup Time": 0.423, "Actual Min Total Time": 33.679, "Actual Max Total Time": 36.63, "Plans": [{"Node Type": "Nested Loop", "Parent Relationship": "Outer", "Join Type": "Inner", "Startup Cost": 0.0, "Total Cost": 35060.95, "Plan Rows": 1304518, "Plan Width": 28, "Actual Min Startup Time": 49.375, "Actual Max Startup Time": 63.832, "Actual Min Total Time": 72.079, "Actual Max Total Time": 87.65, "Inner Unique": false, "Join Filter": "(ct.id = mc.company_type_id), (LLVM Optimized)", "Rows Removed by Join Filter": 1196183, "Plans": [{"Node Type": "Streaming(type: BROADCAST dop: 16/1)", "Parent Relationship": "Outer", "Startup Cost": 0.0, "Total Cost": 15001.38, "Plan Rows": 16, "Plan Width": 4, "Actual Min Startup Time": 0.004, "Actual Max Startup Time": 6.835, "Actual Min Total Time": 0.005, "Actual Max Total Time": 6.836, "Plans": [{"Node Type": "Seq Scan", "Parent Relationship": "Outer", "Relation Name": "company_type", "Alias": "ct", "Startup Cost": 0.0, "Total Cost": 1.04, "Plan Rows": 1, "Plan Width": 4, "Actual Min Startup Time": 0.034, "Actual Max Startup Time": 0.034, "Actual Min Total Time": 0.037, "Actual Max Total Time": 0.037, "Filter": "((kind)::text = 'production companies'::text)", "Rows Removed by Filter": 2, "Actual Rows": 1}], "Actual Rows": 16}, {"Node Type": "Seq Scan", "Parent Relationship": "Inner", "Relation Name": "movie_companies", "Alias": "mc", "Startup Cost": 0.0, "Total Cost": 18021.26, "Plan Rows": 2609035, "Plan Width": 32, "Actual Min Startup Time": 0.03, "Actual Max Startup Time": 0.045, "Actual Min Total Time": 57.049, "Actual Max Total Time": 67.143, "Filter": "((note)::text !~~ '%(as Metro-Goldwyn-Mayer Pictures)%'::text), (LLVM Optimized)", "Rows Removed by Filter": 1272041, "Actual Rows": 1337087}], "Actual Rows": 140904}], "Actual Rows": 140904}, {"Node Type": "Materialize", "Parent Relationship": "Inner", "Startup Cost": 0.0, "Total Cost": 28040188.8, "Plan Rows": 447839, "Plan Width": 29, "Actual Min Startup Time": 250.917, "Actual Max Startup Time": 353.666, "Actual Min Total Time": 251.57, "Actual Max Total Time": 353.666, "Plans": [{"Node Type": "Streaming(type: LOCAL REDISTRIBUTE dop: 16/16)", "Parent Relationship": "Outer", "Startup Cost": 0.0, "Total Cost": 28040048.85, "Plan Rows": 447839, "Plan Width": 29, "Actual Min Startup Time": 250.072, "Actual Max Startup Time": 352.902, "Actual Min Total Time": 250.104, "Actual Max Total Time": 352.902, "Plans": [{"Node Type": "Nested Loop", "Parent Relationship": "Outer", "Join Type": "Inner", "Startup Cost": 0.0, "Total Cost": 28023351.96, "Plan Rows": 447839, "Plan Width": 29, "Actual Min Startup Time": 154.52, "Actual Max Startup Time": 372.595, "Actual Min Total Time": 248.574, "Actual Max Total Time": 372.595, "Inner Unique": false, "Join Filter": "(mi_idx.movie_id = t.id), (LLVM Optimized)", "Rows Removed by Join Filter": 863716, "Plans": [{"Node Type": "Streaming(type: LOCAL REDISTRIBUTE dop: 16/16)", "Parent Relationship": "Outer", "Startup Cost": 0.0, "Total Cost": 39385.42, "Plan Rows": 1381886, "Plan Width": 25, "Actual Min Startup Time": 0.059, "Actual Max Startup Time": 0.467, "Actual Min Total Time": 140.136, "Actual Max Total Time": 189.556, "Plans": [{"Node Type": "Seq Scan", "Parent Relationship": "Outer", "Relation Name": "title", "Alias": "t", "Startup Cost": 0.0, "Total Cost": 19149.37, "Plan Rows": 1381886, "Plan Width": 25, "Actual Min Startup Time": 0.026, "Actual Max Startup Time": 0.046, "Actual Min Total Time": 61.353, "Actual Max Total Time": 69.966, "Filter": "(production_year > 2000), (LLVM Optimized)", "Rows Removed by Filter": 1146858, "Actual Rows": 1381453}], "Actual Rows": 1381453}, {"Node Type": "Materialize", "Parent Relationship": "Inner", "Startup Cost": 0.0, "Total Cost": 48763.12, "Plan Rows": 345008, "Plan Width": 4, "Actual Min Startup Time": 43.251, "Actual Max Startup Time": 170.63, "Actual Min Total Time": 45.588, "Actual Max Total Time": 170.63, "Plans": [{"Node Type": "Streaming(type: LOCAL REDISTRIBUTE dop: 16/16)", "Parent Relationship": "Outer", "Startup Cost": 0.0, "Total Cost": 48655.3, "Plan Rows": 345008, "Plan Width": 4, "Actual Min Startup Time": 0.024, "Actual Max Startup Time": 159.516, "Actual Min Total Time": 35.52, "Actual Max Total Time": 159.516, "Plans": [{"Node Type": "Nested Loop", "Parent Relationship": "Outer", "Join Type": "Inner", "Startup Cost": 0.0, "Total Cost": 32348.04, "Plan Rows": 345008, "Plan Width": 4, "Actual Min Startup Time": 34.897, "Actual Max Startup Time": 51.935, "Actual Min Total Time": 34.897, "Actual Max Total Time": 51.935, "Inner Unique": false, "Join Filter": "(it.id = mi_idx.info_type_id), (LLVM Optimized)", "Rows Removed by Join Filter": 1380024, "Plans": [{"Node Type": "Streaming(type: BROADCAST dop: 16/1)", "Parent Relationship": "Outer", "Startup Cost": 0.0, "Total Cost": 15002.75, "Plan Rows": 16, "Plan Width": 4, "Actual Min Startup Time": 0.003, "Actual Max Startup Time": 16.672, "Actual Min Total Time": 0.004, "Actual Max Total Time": 16.674, "Plans": [{"Node Type": "Seq Scan", "Parent Relationship": "Outer", "Relation Name": "info_type", "Alias": "it", "Startup Cost": 0.0, "Total Cost": 2.4, "Plan Rows": 1, "Plan Width": 4, "Actual Min Startup Time": 0.075, "Actual Max Startup Time": 0.075, "Actual Min Total Time": 0.078, "Actual Max Total Time": 0.078, "Filter": "((info)::text = 'bottom 10 rank'::text)", "Rows Removed by Filter": 111, "Actual Rows": 1}], "Actual Rows": 16}, {"Node Type": "Seq Scan", "Parent Relationship": "Inner", "Relation Name": "movie_info_idx", "Alias": "mi_idx", "Startup Cost": 0.0, "Total Cost": 16267.15, "Plan Rows": 1380034, "Plan Width": 8, "Actual Min Startup Time": 0.035, "Actual Max Startup Time": 0.061, "Actual Min Total Time": 18.708, "Actual Max Total Time": 22.481, "Actual Rows": 1380034}], "Actual Rows": 10}], "Actual Rows": 10}], "Actual Rows": 863730}], "Actual Rows": 6}], "Actual Rows": 6}], "Actual Rows": 53211}], "Actual Rows": 4}], "Actual Rows": 16}], "Actual Rows": 16}], "Actual Rows": 1}, "Triggers": [], "Planner Runtime": 3, "Total Runtime": 565.139, "Unique SQL Id": 2492542741}}, "(16, 123)": {"explain_plan": {"Plan": {"Node Type": "Aggregate", "Strategy": "Plain", "Startup Cost": 5015944704069.06, "Total Cost": 5015944704069.07, "Plan Rows": 1, "Plan Width": 113, "Plans": [{"Node Type": "Nested Loop", "Parent Relationship": "Outer", "Join Type": "Inner", "Startup Cost": 50000000000.0, "Total Cost": 5015944699284.92, "Plan Rows": 637886, "Plan Width": 45, "Inner Unique": false, "Join Filter": "(mc.movie_id = t.id), (LLVM Optimized)", "Plans": [{"Node Type": "Nested Loop", "Parent Relationship": "Outer", "Join Type": "Inner", "Startup Cost": 20000000000.0, "Total Cost": 2000013744593.91, "Plan Rows": 1304518, "Plan Width": 28, "Inner Unique": true, "Join Filter": "(ct.id = mc.company_type_id), (LLVM Optimized)", "Plans": [{"Node Type": "Index Scan", "Parent Relationship": "Outer", "Scan Direction": "Forward", "Index Name": "movie_id_movie_companies", "Relation Name": "movie_companies", "Alias": "mc", "Startup Cost": 10000000000.0, "Total Cost": 1000013704228.13, "Plan Rows": 2609035, "Plan Width": 32, "Filter": "((note)::text !~~ '%(as Metro-Goldwyn-Mayer Pictures)%'::text), (LLVM Optimized)"}, {"Node Type": "Materialize", "Parent Relationship": "Inner", "Startup Cost": 10000000000.0, "Total Cost": 1000000001230.26, "Plan Rows": 1, "Plan Width": 4, "Plans": [{"Node Type": "Index Scan", "Parent Relationship": "Outer", "Scan Direction": "Forward", "Index Name": "company_type_pkey", "Relation Name": "company_type", "Alias": "ct", "Startup Cost": 10000000000.0, "Total Cost": 1000000001230.25, "Plan Rows": 1, "Plan Width": 4, "Filter": "((kind)::text = 'production companies'::text)"}]}]}, {"Node Type": "Materialize", "Parent Relationship": "Inner", "Startup Cost": 30000000000.0, "Total Cost": 3007167745261.58, "Plan Rows": 447839, "Plan Width": 29, "Plans": [{"Node Type": "Nested Loop", "Parent Relationship": "Outer", "Join Type": "Inner", "Startup Cost": 30000000000.0, "Total Cost": 3007167743022.38, "Plan Rows": 447839, "Plan Width": 29, "Inner Unique": false, "Join Filter": "(mi_idx.movie_id = t.id), (LLVM Optimized)", "Plans": [{"Node Type": "Index Scan", "Parent Relationship": "Outer", "Scan Direction": "Forward", "Index Name": "title_pkey", "Relation Name": "title", "Alias": "t", "Startup Cost": 10000000000.0, "Total Cost": 1000011644126.66, "Plan Rows": 1381886, "Plan Width": 25, "Filter": "(production_year > 2000), (LLVM Optimized)"}, {"Node Type": "Materialize", "Parent Relationship": "Inner", "Startup Cost": 20000000000.0, "Total Cost": 2000004673881.92, "Plan Rows": 345008, "Plan Width": 4, "Plans": [{"Node Type": "Nested Loop", "Parent Relationship": "Outer", "Join Type": "Inner", "Startup Cost": 20000000000.0, "Total Cost": 2000004672156.88, "Plan Rows": 345008, "Plan Width": 4, "Inner Unique": true, "Join Filter": "(it.id = mi_idx.info_type_id), (LLVM Optimized)", "Plans": [{"Node Type": "Index Scan", "Parent Relationship": "Outer", "Scan Direction": "Forward", "Index Name": "movie_id_movie_info_idx", "Relation Name": "movie_info_idx", "Alias": "mi_idx", "Startup Cost": 10000000000.0, "Total Cost": 1000004650035.37, "Plan Rows": 1380034, "Plan Width": 8}, {"Node Type": "Materialize", "Parent Relationship": "Inner", "Startup Cost": 10000000000.0, "Total Cost": 1000000001421.0, "Plan Rows": 1, "Plan Width": 4, "Plans": [{"Node Type": "Index Scan", "Parent Relationship": "Outer", "Scan Direction": "Forward", "Index Name": "info_type_pkey", "Relation Name": "info_type", "Alias": "it", "Startup Cost": 10000000000.0, "Total Cost": 1000000001421.0, "Plan Rows": 1, "Plan Width": 4, "Filter": "((info)::text = 'bottom 10 rank'::text)"}]}]}]}]}]}]}]}, "Unique SQL Id": 2492542741, "Planner Runtime": 2}, "explain_analyze_plan": null}, "(16, 124)": {"explain_plan": {"Plan": {"Node Type": "Aggregate", "Strategy": "Plain", "Startup Cost": 364340.62, "Total Cost": 364340.63, "Plan Rows": 1, "Plan Width": 113, "Plans": [{"Node Type": "Nested Loop", "Parent Relationship": "Outer", "Join Type": "Inner", "Startup Cost": 0.0, "Total Cost": 359556.48, "Plan Rows": 637886, "Plan Width": 45, "Inner Unique": true, "Plans": [{"Node Type": "Nested Loop", "Parent Relationship": "Outer", "Join Type": "Inner", "Startup Cost": 0.0, "Total Cost": 184134.61, "Plan Rows": 501180, "Plan Width": 32, "Inner Unique": false, "Join Filter": "(mc.company_type_id = ct.id), (LLVM Optimized)", "Plans": [{"Node Type": "Seq Scan", "Parent Relationship": "Outer", "Relation Name": "company_type", "Alias": "ct", "Startup Cost": 0.0, "Total Cost": 1.04, "Plan Rows": 1, "Plan Width": 4, "Filter": "((kind)::text = 'production companies'::text)"}, {"Node Type": "Materialize", "Parent Relationship": "Inner", "Startup Cost": 0.0, "Total Cost": 175843.11, "Plan Rows": 829046, "Plan Width": 36, "Plans": [{"Node Type": "Nested Loop", "Parent Relationship": "Outer", "Join Type": "Inner", "Startup Cost": 0.0, "Total Cost": 173770.5, "Plan Rows": 829046, "Plan Width": 36, "Inner Unique": false, "Plans": [{"Node Type": "Streaming(type: LOCAL GATHER dop: 1/16)", "Parent Relationship": "Outer", "Startup Cost": 0.0, "Total Cost": 39794.02, "Plan Rows": 345008, "Plan Width": 4, "Plans": [{"Node Type": "Nested Loop", "Parent Relationship": "Outer", "Join Type": "Inner", "Startup Cost": 0.0, "Total Cost": 32348.04, "Plan Rows": 345008, "Plan Width": 4, "Inner Unique": false, "Join Filter": "(it.id = mi_idx.info_type_id), (LLVM Optimized)", "Plans": [{"Node Type": "Streaming(type: BROADCAST dop: 16/1)", "Parent Relationship": "Outer", "Startup Cost": 0.0, "Total Cost": 15002.75, "Plan Rows": 16, "Plan Width": 4, "Plans": [{"Node Type": "Seq Scan", "Parent Relationship": "Outer", "Relation Name": "info_type", "Alias": "it", "Startup Cost": 0.0, "Total Cost": 2.4, "Plan Rows": 1, "Plan Width": 4, "Filter": "((info)::text = 'bottom 10 rank'::text)"}]}, {"Node Type": "Seq Scan", "Parent Relationship": "Inner", "Relation Name": "movie_info_idx", "Alias": "mi_idx", "Startup Cost": 0.0, "Total Cost": 16267.15, "Plan Rows": 1380034, "Plan Width": 8}]}]}, {"Node Type": "Index Scan", "Parent Relationship": "Inner", "Scan Direction": "Forward", "Index Name": "movie_id_movie_companies", "Relation Name": "movie_companies", "Alias": "mc", "Startup Cost": 0.0, "Total Cost": 0.37, "Plan Rows": 2, "Plan Width": 32, "Index Cond": "(movie_id = mi_idx.movie_id)", "Filter": "((note)::text !~~ '%(as Metro-Goldwyn-Mayer Pictures)%'::text)"}]}]}]}, {"Node Type": "Index Scan", "Parent Relationship": "Inner", "Scan Direction": "Forward", "Index Name": "title_pkey", "Relation Name": "title", "Alias": "t", "Startup Cost": 0.0, "Total Cost": 0.34, "Plan Rows": 1, "Plan Width": 25, "Index Cond": "(id = mc.movie_id)", "Filter": "(production_year > 2000)"}]}]}, "Unique SQL Id": 2492542741, "Planner Runtime": 2}, "explain_analyze_plan": {"Plan": {"Node Type": "Aggregate", "Strategy": "Plain", "Startup Cost": 364340.62, "Total Cost": 364340.63, "Plan Rows": 1, "Plan Width": 113, "Actual Min Startup Time": 80.902, "Actual Max Startup Time": 80.902, "Actual Min Total Time": 80.903, "Actual Max Total Time": 80.903, "Plans": [{"Node Type": "Nested Loop", "Parent Relationship": "Outer", "Join Type": "Inner", "Startup Cost": 0.0, "Total Cost": 359556.48, "Plan Rows": 637886, "Plan Width": 45, "Actual Min Startup Time": 80.84, "Actual Max Startup Time": 80.84, "Actual Min Total Time": 80.872, "Actual Max Total Time": 80.872, "Inner Unique": true, "Plans": [{"Node Type": "Nested Loop", "Parent Relationship": "Outer", "Join Type": "Inner", "Startup Cost": 0.0, "Total Cost": 184134.61, "Plan Rows": 501180, "Plan Width": 32, "Actual Min Startup Time": 80.798, "Actual Max Startup Time": 80.798, "Actual Min Total Time": 80.828, "Actual Max Total Time": 80.828, "Inner Unique": false, "Join Filter": "(mc.company_type_id = ct.id), (LLVM Optimized)", "Rows Removed by Join Filter": 95, "Plans": [{"Node Type": "Seq Scan", "Parent Relationship": "Outer", "Relation Name": "company_type", "Alias": "ct", "Startup Cost": 0.0, "Total Cost": 1.04, "Plan Rows": 1, "Plan Width": 4, "Actual Min Startup Time": 0.013, "Actual Max Startup Time": 0.013, "Actual Min Total Time": 0.016, "Actual Max Total Time": 0.016, "Filter": "((kind)::text = 'production companies'::text)", "Rows Removed by Filter": 2, "Actual Rows": 1}, {"Node Type": "Materialize", "Parent Relationship": "Inner", "Startup Cost": 0.0, "Total Cost": 175843.11, "Plan Rows": 829046, "Plan Width": 36, "Actual Min Startup Time": 80.764, "Actual Max Startup Time": 80.764, "Actual Min Total Time": 80.774, "Actual Max Total Time": 80.774, "Plans": [{"Node Type": "Nested Loop", "Parent Relationship": "Outer", "Join Type": "Inner", "Startup Cost": 0.0, "Total Cost": 173770.5, "Plan Rows": 829046, "Plan Width": 36, "Actual Min Startup Time": 80.509, "Actual Max Startup Time": 80.509, "Actual Min Total Time": 80.711, "Actual Max Total Time": 80.711, "Inner Unique": false, "Plans": [{"Node Type": "Streaming(type: LOCAL GATHER dop: 1/16)", "Parent Relationship": "Outer", "Startup Cost": 0.0, "Total Cost": 39794.02, "Plan Rows": 345008, "Plan Width": 4, "Actual Min Startup Time": 80.427, "Actual Max Startup Time": 80.427, "Actual Min Total Time": 80.429, "Actual Max Total Time": 80.429, "Plans": [{"Node Type": "Nested Loop", "Parent Relationship": "Outer", "Join Type": "Inner", "Startup Cost": 0.0, "Total Cost": 32348.04, "Plan Rows": 345008, "Plan Width": 4, "Actual Min Startup Time": 34.742, "Actual Max Startup Time": 41.136, "Actual Min Total Time": 34.742, "Actual Max Total Time": 41.143, "Inner Unique": false, "Join Filter": "(it.id = mi_idx.info_type_id), (LLVM Optimized)", "Rows Removed by Join Filter": 1380024, "Plans": [{"Node Type": "Streaming(type: BROADCAST dop: 16/1)", "Parent Relationship": "Outer", "Startup Cost": 0.0, "Total Cost": 15002.75, "Plan Rows": 16, "Plan Width": 4, "Actual Min Startup Time": 0.002, "Actual Max Startup Time": 0.008, "Actual Min Total Time": 0.003, "Actual Max Total Time": 0.011, "Plans": [{"Node Type": "Seq Scan", "Parent Relationship": "Outer", "Relation Name": "info_type", "Alias": "it", "Startup Cost": 0.0, "Total Cost": 2.4, "Plan Rows": 1, "Plan Width": 4, "Actual Min Startup Time": 0.072, "Actual Max Startup Time": 0.072, "Actual Min Total Time": 0.076, "Actual Max Total Time": 0.076, "Filter": "((info)::text = 'bottom 10 rank'::text)", "Rows Removed by Filter": 111, "Actual Rows": 1}], "Actual Rows": 16}, {"Node Type": "Seq Scan", "Parent Relationship": "Inner", "Relation Name": "movie_info_idx", "Alias": "mi_idx", "Startup Cost": 0.0, "Total Cost": 16267.15, "Plan Rows": 1380034, "Plan Width": 8, "Actual Min Startup Time": 0.031, "Actual Max Startup Time": 0.047, "Actual Min Total Time": 18.557, "Actual Max Total Time": 21.986, "Actual Rows": 1380034}], "Actual Rows": 10}], "Actual Rows": 10}, {"Node Type": "Index Scan", "Parent Relationship": "Inner", "Scan Direction": "Forward", "Index Name": "movie_id_movie_companies", "Relation Name": "movie_companies", "Alias": "mc", "Startup Cost": 0.0, "Total Cost": 0.37, "Plan Rows": 2, "Plan Width": 32, "Actual Min Startup Time": 0.146, "Actual Max Startup Time": 0.146, "Actual Min Total Time": 0.239, "Actual Max Total Time": 0.239, "Index Cond": "(movie_id = mi_idx.movie_id)", "Rows Removed by Index Recheck": 0, "Filter": "((note)::text !~~ '%(as Metro-Goldwyn-Mayer Pictures)%'::text)", "Rows Removed by Filter": 20, "Actual Rows": 100}], "Actual Rows": 100}], "Actual Rows": 101}], "Actual Rows": 5}, {"Node Type": "Index Scan", "Parent Relationship": "Inner", "Scan Direction": "Forward", "Index Name": "title_pkey", "Relation Name": "title", "Alias": "t", "Startup Cost": 0.0, "Total Cost": 0.34, "Plan Rows": 1, "Plan Width": 25, "Actual Min Startup Time": 0.037, "Actual Max Startup Time": 0.037, "Actual Min Total Time": 0.037, "Actual Max Total Time": 0.037, "Index Cond": "(id = mc.movie_id)", "Rows Removed by Index Recheck": 0, "Filter": "(production_year > 2000)", "Rows Removed by Filter": 1, "Actual Rows": 4}], "Actual Rows": 4}], "Actual Rows": 1}, "Triggers": [], "Planner Runtime": 2, "Total Runtime": 93.532, "Unique SQL Id": 2492542741}}, "(16, 125)": {"explain_plan": {"Plan": {"Node Type": "Aggregate", "Strategy": "Plain", "Startup Cost": 362896.07, "Total Cost": 362896.08, "Plan Rows": 1, "Plan Width": 113, "Plans": [{"Node Type": "Nested Loop", "Parent Relationship": "Outer", "Join Type": "Inner", "Startup Cost": 0.0, "Total Cost": 358111.92, "Plan Rows": 637886, "Plan Width": 45, "Inner Unique": true, "Plans": [{"Node Type": "Nested Loop", "Parent Relationship": "Outer", "Join Type": "Inner", "Startup Cost": 0.0, "Total Cost": 182690.06, "Plan Rows": 501180, "Plan Width": 32, "Inner Unique": false, "Join Filter": "(mc.company_type_id = ct.id), (LLVM Optimized)", "Plans": [{"Node Type": "Index Scan", "Parent Relationship": "Outer", "Scan Direction": "Forward", "Index Name": "company_type_pkey", "Relation Name": "company_type", "Alias": "ct", "Startup Cost": 0.0, "Total Cost": 12.3, "Plan Rows": 1, "Plan Width": 4, "Filter": "((kind)::text = 'production companies'::text)"}, {"Node Type": "Nested Loop", "Parent Relationship": "Inner", "Join Type": "Inner", "Startup Cost": 0.0, "Total Cost": 172314.68, "Plan Rows": 829046, "Plan Width": 36, "Inner Unique": false, "Plans": [{"Node Type": "Nested Loop", "Parent Relationship": "Outer", "Join Type": "Inner", "Startup Cost": 0.0, "Total Cost": 38338.2, "Plan Rows": 345008, "Plan Width": 4, "Inner Unique": false, "Plans": [{"Node Type": "Index Scan", "Parent Relationship": "Outer", "Scan Direction": "Forward", "Index Name": "info_type_pkey", "Relation Name": "info_type", "Alias": "it", "Startup Cost": 0.0, "Total Cost": 14.21, "Plan Rows": 1, "Plan Width": 4, "Filter": "((info)::text = 'bottom 10 rank'::text)"}, {"Node Type": "Index Scan", "Parent Relationship": "Inner", "Scan Direction": "Forward", "Index Name": "info_type_id_movie_info_idx", "Relation Name": "movie_info_idx", "Alias": "mi_idx", "Startup Cost": 0.0, "Total Cost": 34873.91, "Plan Rows": 345008, "Plan Width": 8, "Index Cond": "(info_type_id = it.id), (LLVM Optimized)"}]}, {"Node Type": "Index Scan", "Parent Relationship": "Inner", "Scan Direction": "Forward", "Index Name": "movie_id_movie_companies", "Relation Name": "movie_companies", "Alias": "mc", "Startup Cost": 0.0, "Total Cost": 0.37, "Plan Rows": 2, "Plan Width": 32, "Index Cond": "(movie_id = mi_idx.movie_id)", "Filter": "((note)::text !~~ '%(as Metro-Goldwyn-Mayer Pictures)%'::text)"}]}]}, {"Node Type": "Index Scan", "Parent Relationship": "Inner", "Scan Direction": "Forward", "Index Name": "title_pkey", "Relation Name": "title", "Alias": "t", "Startup Cost": 0.0, "Total Cost": 0.34, "Plan Rows": 1, "Plan Width": 25, "Index Cond": "(id = mc.movie_id)", "Filter": "(production_year > 2000)"}]}]}, "Unique SQL Id": 2492542741, "Planner Runtime": 2}, "explain_analyze_plan": {"Plan": {"Node Type": "Aggregate", "Strategy": "Plain", "Startup Cost": 362896.07, "Total Cost": 362896.08, "Plan Rows": 1, "Plan Width": 113, "Actual Startup Time": 0.397, "Actual Total Time": 0.397, "Actual Rows": 1, "Actual Loops": 1, "Plans": [{"Node Type": "Nested Loop", "Parent Relationship": "Outer", "Join Type": "Inner", "Startup Cost": 0.0, "Total Cost": 358111.92, "Plan Rows": 637886, "Plan Width": 45, "Actual Startup Time": 0.308, "Actual Total Time": 0.376, "Actual Rows": 4, "Actual Loops": 1, "Inner Unique": true, "Plans": [{"Node Type": "Nested Loop", "Parent Relationship": "Outer", "Join Type": "Inner", "Startup Cost": 0.0, "Total Cost": 182690.06, "Plan Rows": 501180, "Plan Width": 32, "Actual Startup Time": 0.192, "Actual Total Time": 0.339, "Actual Rows": 5, "Actual Loops": 1, "Inner Unique": false, "Join Filter": "(mc.company_type_id = ct.id), (LLVM Optimized)", "Rows Removed by Join Filter": 95, "Plans": [{"Node Type": "Index Scan", "Parent Relationship": "Outer", "Scan Direction": "Forward", "Index Name": "company_type_pkey", "Relation Name": "company_type", "Alias": "ct", "Startup Cost": 0.0, "Total Cost": 12.3, "Plan Rows": 1, "Plan Width": 4, "Actual Startup Time": 0.032, "Actual Total Time": 0.034, "Actual Rows": 1, "Actual Loops": 1, "Filter": "((kind)::text = 'production companies'::text)", "Rows Removed by Filter": 2}, {"Node Type": "Nested Loop", "Parent Relationship": "Inner", "Join Type": "Inner", "Startup Cost": 0.0, "Total Cost": 172314.68, "Plan Rows": 829046, "Plan Width": 36, "Actual Startup Time": 0.089, "Actual Total Time": 0.275, "Actual Rows": 100, "Actual Loops": 1, "Inner Unique": false, "Plans": [{"Node Type": "Nested Loop", "Parent Relationship": "Outer", "Join Type": "Inner", "Startup Cost": 0.0, "Total Cost": 38338.2, "Plan Rows": 345008, "Plan Width": 4, "Actual Startup Time": 0.075, "Actual Total Time": 0.081, "Actual Rows": 10, "Actual Loops": 1, "Inner Unique": false, "Plans": [{"Node Type": "Index Scan", "Parent Relationship": "Outer", "Scan Direction": "Forward", "Index Name": "info_type_pkey", "Relation Name": "info_type", "Alias": "it", "Startup Cost": 0.0, "Total Cost": 14.21, "Plan Rows": 1, "Plan Width": 4, "Actual Startup Time": 0.059, "Actual Total Time": 0.06, "Actual Rows": 1, "Actual Loops": 1, "Filter": "((info)::text = 'bottom 10 rank'::text)", "Rows Removed by Filter": 111}, {"Node Type": "Index Scan", "Parent Relationship": "Inner", "Scan Direction": "Forward", "Index Name": "info_type_id_movie_info_idx", "Relation Name": "movie_info_idx", "Alias": "mi_idx", "Startup Cost": 0.0, "Total Cost": 34873.91, "Plan Rows": 345008, "Plan Width": 8, "Actual Startup Time": 0.012, "Actual Total Time": 0.016, "Actual Rows": 10, "Actual Loops": 1, "Index Cond": "(info_type_id = it.id), (LLVM Optimized)", "Rows Removed by Index Recheck": 0}]}, {"Node Type": "Index Scan", "Parent Relationship": "Inner", "Scan Direction": "Forward", "Index Name": "movie_id_movie_companies", "Relation Name": "movie_companies", "Alias": "mc", "Startup Cost": 0.0, "Total Cost": 0.37, "Plan Rows": 2, "Plan Width": 32, "Actual Startup Time": 0.079, "Actual Total Time": 0.162, "Actual Rows": 100, "Actual Loops": 10, "Index Cond": "(movie_id = mi_idx.movie_id)", "Rows Removed by Index Recheck": 0, "Filter": "((note)::text !~~ '%(as Metro-Goldwyn-Mayer Pictures)%'::text)", "Rows Removed by Filter": 20}]}]}, {"Node Type": "Index Scan", "Parent Relationship": "Inner", "Scan Direction": "Forward", "Index Name": "title_pkey", "Relation Name": "title", "Alias": "t", "Startup Cost": 0.0, "Total Cost": 0.34, "Plan Rows": 1, "Plan Width": 25, "Actual Startup Time": 0.031, "Actual Total Time": 0.031, "Actual Rows": 4, "Actual Loops": 5, "Index Cond": "(id = mc.movie_id)", "Rows Removed by Index Recheck": 0, "Filter": "(production_year > 2000)", "Rows Removed by Filter": 1}]}]}, "Triggers": [], "Planner Runtime": 2, "Total Runtime": 9.953, "Unique SQL Id": 2492542741}}, "(16, 126)": {"explain_plan": {"Plan": {"Node Type": "Aggregate", "Strategy": "Plain", "Startup Cost": 62331198.02, "Total Cost": 62331198.05, "Plan Rows": 1, "Plan Width": 113, "Plans": [{"Node Type": "Streaming(type: LOCAL GATHER dop: 1/16)", "Parent Relationship": "Outer", "Startup Cost": 62331198.02, "Total Cost": 62331198.05, "Plan Rows": 1, "Plan Width": 113, "Plans": [{"Node Type": "Aggregate", "Strategy": "Plain", "Parent Relationship": "Outer", "Startup Cost": 62331198.02, "Total Cost": 62331198.03, "Plan Rows": 1, "Plan Width": 113, "Plans": [{"Node Type": "Nested Loop", "Parent Relationship": "Outer", "Join Type": "Inner", "Startup Cost": 0.0, "Total Cost": 62326413.88, "Plan Rows": 637886, "Plan Width": 45, "Inner Unique": false, "Join Filter": "(mc.movie_id = t.id), (LLVM Optimized)", "Plans": [{"Node Type": "Streaming(type: LOCAL REDISTRIBUTE dop: 16/16)", "Parent Relationship": "Outer", "Startup Cost": 0.0, "Total Cost": 55003.85, "Plan Rows": 1304518, "Plan Width": 28, "Plans": [{"Node Type": "Nested Loop", "Parent Relationship": "Outer", "Join Type": "Inner", "Startup Cost": 0.0, "Total Cost": 35060.95, "Plan Rows": 1304518, "Plan Width": 28, "Inner Unique": false, "Join Filter": "(ct.id = mc.company_type_id), (LLVM Optimized)", "Plans": [{"Node Type": "Streaming(type: BROADCAST dop: 16/1)", "Parent Relationship": "Outer", "Startup Cost": 0.0, "Total Cost": 15001.38, "Plan Rows": 16, "Plan Width": 4, "Plans": [{"Node Type": "Seq Scan", "Parent Relationship": "Outer", "Relation Name": "company_type", "Alias": "ct", "Startup Cost": 0.0, "Total Cost": 1.04, "Plan Rows": 1, "Plan Width": 4, "Filter": "((kind)::text = 'production companies'::text)"}]}, {"Node Type": "Seq Scan", "Parent Relationship": "Inner", "Relation Name": "movie_companies", "Alias": "mc", "Startup Cost": 0.0, "Total Cost": 18021.26, "Plan Rows": 2609035, "Plan Width": 32, "Filter": "((note)::text !~~ '%(as Metro-Goldwyn-Mayer Pictures)%'::text), (LLVM Optimized)"}]}]}, {"Node Type": "Materialize", "Parent Relationship": "Inner", "Startup Cost": 0.0, "Total Cost": 28040188.8, "Plan Rows": 447839, "Plan Width": 29, "Plans": [{"Node Type": "Streaming(type: LOCAL REDISTRIBUTE dop: 16/16)", "Parent Relationship": "Outer", "Startup Cost": 0.0, "Total Cost": 28040048.85, "Plan Rows": 447839, "Plan Width": 29, "Plans": [{"Node Type": "Nested Loop", "Parent Relationship": "Outer", "Join Type": "Inner", "Startup Cost": 0.0, "Total Cost": 28023351.96, "Plan Rows": 447839, "Plan Width": 29, "Inner Unique": false, "Join Filter": "(mi_idx.movie_id = t.id), (LLVM Optimized)", "Plans": [{"Node Type": "Streaming(type: LOCAL REDISTRIBUTE dop: 16/16)", "Parent Relationship": "Outer", "Startup Cost": 0.0, "Total Cost": 39385.42, "Plan Rows": 1381886, "Plan Width": 25, "Plans": [{"Node Type": "Seq Scan", "Parent Relationship": "Outer", "Relation Name": "title", "Alias": "t", "Startup Cost": 0.0, "Total Cost": 19149.37, "Plan Rows": 1381886, "Plan Width": 25, "Filter": "(production_year > 2000), (LLVM Optimized)"}]}, {"Node Type": "Materialize", "Parent Relationship": "Inner", "Startup Cost": 0.0, "Total Cost": 48763.12, "Plan Rows": 345008, "Plan Width": 4, "Plans": [{"Node Type": "Streaming(type: LOCAL REDISTRIBUTE dop: 16/16)", "Parent Relationship": "Outer", "Startup Cost": 0.0, "Total Cost": 48655.3, "Plan Rows": 345008, "Plan Width": 4, "Plans": [{"Node Type": "Nested Loop", "Parent Relationship": "Outer", "Join Type": "Inner", "Startup Cost": 0.0, "Total Cost": 32348.04, "Plan Rows": 345008, "Plan Width": 4, "Inner Unique": false, "Join Filter": "(it.id = mi_idx.info_type_id), (LLVM Optimized)", "Plans": [{"Node Type": "Streaming(type: BROADCAST dop: 16/1)", "Parent Relationship": "Outer", "Startup Cost": 0.0, "Total Cost": 15002.75, "Plan Rows": 16, "Plan Width": 4, "Plans": [{"Node Type": "Seq Scan", "Parent Relationship": "Outer", "Relation Name": "info_type", "Alias": "it", "Startup Cost": 0.0, "Total Cost": 2.4, "Plan Rows": 1, "Plan Width": 4, "Filter": "((info)::text = 'bottom 10 rank'::text)"}]}, {"Node Type": "Seq Scan", "Parent Relationship": "Inner", "Relation Name": "movie_info_idx", "Alias": "mi_idx", "Startup Cost": 0.0, "Total Cost": 16267.15, "Plan Rows": 1380034, "Plan Width": 8}]}]}]}]}]}]}]}]}]}]}, "Unique SQL Id": 2492542741, "Planner Runtime": 3}, "explain_analyze_plan": {"Plan": {"Node Type": "Aggregate", "Strategy": "Plain", "Startup Cost": 62331198.02, "Total Cost": 62331198.05, "Plan Rows": 1, "Plan Width": 113, "Actual Min Startup Time": 538.289, "Actual Max Startup Time": 538.289, "Actual Min Total Time": 538.289, "Actual Max Total Time": 538.289, "Plans": [{"Node Type": "Streaming(type: LOCAL GATHER dop: 1/16)", "Parent Relationship": "Outer", "Startup Cost": 62331198.02, "Total Cost": 62331198.05, "Plan Rows": 1, "Plan Width": 113, "Actual Min Startup Time": 538.12, "Actual Max Startup Time": 538.12, "Actual Min Total Time": 538.259, "Actual Max Total Time": 538.259, "Plans": [{"Node Type": "Aggregate", "Strategy": "Plain", "Parent Relationship": "Outer", "Startup Cost": 62331198.02, "Total Cost": 62331198.03, "Plan Rows": 1, "Plan Width": 113, "Actual Min Startup Time": 289.035, "Actual Max Startup Time": 391.806, "Actual Min Total Time": 289.035, "Actual Max Total Time": 391.806, "Plans": [{"Node Type": "Nested Loop", "Parent Relationship": "Outer", "Join Type": "Inner", "Startup Cost": 0.0, "Total Cost": 62326413.88, "Plan Rows": 637886, "Plan Width": 45, "Actual Min Startup Time": 270.846, "Actual Max Startup Time": 391.798, "Actual Min Total Time": 289.031, "Actual Max Total Time": 391.798, "Inner Unique": false, "Join Filter": "(mc.movie_id = t.id), (LLVM Optimized)", "Rows Removed by Join Filter": 53201, "Plans": [{"Node Type": "Streaming(type: LOCAL REDISTRIBUTE dop: 16/16)", "Parent Relationship": "Outer", "Startup Cost": 0.0, "Total Cost": 55003.85, "Plan Rows": 1304518, "Plan Width": 28, "Actual Min Startup Time": 0.055, "Actual Max Startup Time": 0.423, "Actual Min Total Time": 33.679, "Actual Max Total Time": 36.63, "Plans": [{"Node Type": "Nested Loop", "Parent Relationship": "Outer", "Join Type": "Inner", "Startup Cost": 0.0, "Total Cost": 35060.95, "Plan Rows": 1304518, "Plan Width": 28, "Actual Min Startup Time": 49.375, "Actual Max Startup Time": 63.832, "Actual Min Total Time": 72.079, "Actual Max Total Time": 87.65, "Inner Unique": false, "Join Filter": "(ct.id = mc.company_type_id), (LLVM Optimized)", "Rows Removed by Join Filter": 1196183, "Plans": [{"Node Type": "Streaming(type: BROADCAST dop: 16/1)", "Parent Relationship": "Outer", "Startup Cost": 0.0, "Total Cost": 15001.38, "Plan Rows": 16, "Plan Width": 4, "Actual Min Startup Time": 0.004, "Actual Max Startup Time": 6.835, "Actual Min Total Time": 0.005, "Actual Max Total Time": 6.836, "Plans": [{"Node Type": "Seq Scan", "Parent Relationship": "Outer", "Relation Name": "company_type", "Alias": "ct", "Startup Cost": 0.0, "Total Cost": 1.04, "Plan Rows": 1, "Plan Width": 4, "Actual Min Startup Time": 0.034, "Actual Max Startup Time": 0.034, "Actual Min Total Time": 0.037, "Actual Max Total Time": 0.037, "Filter": "((kind)::text = 'production companies'::text)", "Rows Removed by Filter": 2, "Actual Rows": 1}], "Actual Rows": 16}, {"Node Type": "Seq Scan", "Parent Relationship": "Inner", "Relation Name": "movie_companies", "Alias": "mc", "Startup Cost": 0.0, "Total Cost": 18021.26, "Plan Rows": 2609035, "Plan Width": 32, "Actual Min Startup Time": 0.03, "Actual Max Startup Time": 0.045, "Actual Min Total Time": 57.049, "Actual Max Total Time": 67.143, "Filter": "((note)::text !~~ '%(as Metro-Goldwyn-Mayer Pictures)%'::text), (LLVM Optimized)", "Rows Removed by Filter": 1272041, "Actual Rows": 1337087}], "Actual Rows": 140904}], "Actual Rows": 140904}, {"Node Type": "Materialize", "Parent Relationship": "Inner", "Startup Cost": 0.0, "Total Cost": 28040188.8, "Plan Rows": 447839, "Plan Width": 29, "Actual Min Startup Time": 250.917, "Actual Max Startup Time": 353.666, "Actual Min Total Time": 251.57, "Actual Max Total Time": 353.666, "Plans": [{"Node Type": "Streaming(type: LOCAL REDISTRIBUTE dop: 16/16)", "Parent Relationship": "Outer", "Startup Cost": 0.0, "Total Cost": 28040048.85, "Plan Rows": 447839, "Plan Width": 29, "Actual Min Startup Time": 250.072, "Actual Max Startup Time": 352.902, "Actual Min Total Time": 250.104, "Actual Max Total Time": 352.902, "Plans": [{"Node Type": "Nested Loop", "Parent Relationship": "Outer", "Join Type": "Inner", "Startup Cost": 0.0, "Total Cost": 28023351.96, "Plan Rows": 447839, "Plan Width": 29, "Actual Min Startup Time": 154.52, "Actual Max Startup Time": 372.595, "Actual Min Total Time": 248.574, "Actual Max Total Time": 372.595, "Inner Unique": false, "Join Filter": "(mi_idx.movie_id = t.id), (LLVM Optimized)", "Rows Removed by Join Filter": 863716, "Plans": [{"Node Type": "Streaming(type: LOCAL REDISTRIBUTE dop: 16/16)", "Parent Relationship": "Outer", "Startup Cost": 0.0, "Total Cost": 39385.42, "Plan Rows": 1381886, "Plan Width": 25, "Actual Min Startup Time": 0.059, "Actual Max Startup Time": 0.467, "Actual Min Total Time": 140.136, "Actual Max Total Time": 189.556, "Plans": [{"Node Type": "Seq Scan", "Parent Relationship": "Outer", "Relation Name": "title", "Alias": "t", "Startup Cost": 0.0, "Total Cost": 19149.37, "Plan Rows": 1381886, "Plan Width": 25, "Actual Min Startup Time": 0.026, "Actual Max Startup Time": 0.046, "Actual Min Total Time": 61.353, "Actual Max Total Time": 69.966, "Filter": "(production_year > 2000), (LLVM Optimized)", "Rows Removed by Filter": 1146858, "Actual Rows": 1381453}], "Actual Rows": 1381453}, {"Node Type": "Materialize", "Parent Relationship": "Inner", "Startup Cost": 0.0, "Total Cost": 48763.12, "Plan Rows": 345008, "Plan Width": 4, "Actual Min Startup Time": 43.251, "Actual Max Startup Time": 170.63, "Actual Min Total Time": 45.588, "Actual Max Total Time": 170.63, "Plans": [{"Node Type": "Streaming(type: LOCAL REDISTRIBUTE dop: 16/16)", "Parent Relationship": "Outer", "Startup Cost": 0.0, "Total Cost": 48655.3, "Plan Rows": 345008, "Plan Width": 4, "Actual Min Startup Time": 0.024, "Actual Max Startup Time": 159.516, "Actual Min Total Time": 35.52, "Actual Max Total Time": 159.516, "Plans": [{"Node Type": "Nested Loop", "Parent Relationship": "Outer", "Join Type": "Inner", "Startup Cost": 0.0, "Total Cost": 32348.04, "Plan Rows": 345008, "Plan Width": 4, "Actual Min Startup Time": 34.897, "Actual Max Startup Time": 51.935, "Actual Min Total Time": 34.897, "Actual Max Total Time": 51.935, "Inner Unique": false, "Join Filter": "(it.id = mi_idx.info_type_id), (LLVM Optimized)", "Rows Removed by Join Filter": 1380024, "Plans": [{"Node Type": "Streaming(type: BROADCAST dop: 16/1)", "Parent Relationship": "Outer", "Startup Cost": 0.0, "Total Cost": 15002.75, "Plan Rows": 16, "Plan Width": 4, "Actual Min Startup Time": 0.003, "Actual Max Startup Time": 16.672, "Actual Min Total Time": 0.004, "Actual Max Total Time": 16.674, "Plans": [{"Node Type": "Seq Scan", "Parent Relationship": "Outer", "Relation Name": "info_type", "Alias": "it", "Startup Cost": 0.0, "Total Cost": 2.4, "Plan Rows": 1, "Plan Width": 4, "Actual Min Startup Time": 0.075, "Actual Max Startup Time": 0.075, "Actual Min Total Time": 0.078, "Actual Max Total Time": 0.078, "Filter": "((info)::text = 'bottom 10 rank'::text)", "Rows Removed by Filter": 111, "Actual Rows": 1}], "Actual Rows": 16}, {"Node Type": "Seq Scan", "Parent Relationship": "Inner", "Relation Name": "movie_info_idx", "Alias": "mi_idx", "Startup Cost": 0.0, "Total Cost": 16267.15, "Plan Rows": 1380034, "Plan Width": 8, "Actual Min Startup Time": 0.035, "Actual Max Startup Time": 0.061, "Actual Min Total Time": 18.708, "Actual Max Total Time": 22.481, "Actual Rows": 1380034}], "Actual Rows": 10}], "Actual Rows": 10}], "Actual Rows": 863730}], "Actual Rows": 6}], "Actual Rows": 6}], "Actual Rows": 53211}], "Actual Rows": 4}], "Actual Rows": 16}], "Actual Rows": 16}], "Actual Rows": 1}, "Triggers": [], "Planner Runtime": 3, "Total Runtime": 565.139, "Unique SQL Id": 2492542741}}, "(16, 127)": {"explain_plan": {"Plan": {"Node Type": "Aggregate", "Strategy": "Plain", "Startup Cost": 5015944704069.06, "Total Cost": 5015944704069.07, "Plan Rows": 1, "Plan Width": 113, "Plans": [{"Node Type": "Nested Loop", "Parent Relationship": "Outer", "Join Type": "Inner", "Startup Cost": 50000000000.0, "Total Cost": 5015944699284.92, "Plan Rows": 637886, "Plan Width": 45, "Inner Unique": false, "Join Filter": "(mc.movie_id = t.id), (LLVM Optimized)", "Plans": [{"Node Type": "Nested Loop", "Parent Relationship": "Outer", "Join Type": "Inner", "Startup Cost": 20000000000.0, "Total Cost": 2000013744593.91, "Plan Rows": 1304518, "Plan Width": 28, "Inner Unique": true, "Join Filter": "(ct.id = mc.company_type_id), (LLVM Optimized)", "Plans": [{"Node Type": "Index Scan", "Parent Relationship": "Outer", "Scan Direction": "Forward", "Index Name": "movie_id_movie_companies", "Relation Name": "movie_companies", "Alias": "mc", "Startup Cost": 10000000000.0, "Total Cost": 1000013704228.13, "Plan Rows": 2609035, "Plan Width": 32, "Filter": "((note)::text !~~ '%(as Metro-Goldwyn-Mayer Pictures)%'::text), (LLVM Optimized)"}, {"Node Type": "Materialize", "Parent Relationship": "Inner", "Startup Cost": 10000000000.0, "Total Cost": 1000000001230.26, "Plan Rows": 1, "Plan Width": 4, "Plans": [{"Node Type": "Index Scan", "Parent Relationship": "Outer", "Scan Direction": "Forward", "Index Name": "company_type_pkey", "Relation Name": "company_type", "Alias": "ct", "Startup Cost": 10000000000.0, "Total Cost": 1000000001230.25, "Plan Rows": 1, "Plan Width": 4, "Filter": "((kind)::text = 'production companies'::text)"}]}]}, {"Node Type": "Materialize", "Parent Relationship": "Inner", "Startup Cost": 30000000000.0, "Total Cost": 3007167745261.58, "Plan Rows": 447839, "Plan Width": 29, "Plans": [{"Node Type": "Nested Loop", "Parent Relationship": "Outer", "Join Type": "Inner", "Startup Cost": 30000000000.0, "Total Cost": 3007167743022.38, "Plan Rows": 447839, "Plan Width": 29, "Inner Unique": false, "Join Filter": "(mi_idx.movie_id = t.id), (LLVM Optimized)", "Plans": [{"Node Type": "Index Scan", "Parent Relationship": "Outer", "Scan Direction": "Forward", "Index Name": "title_pkey", "Relation Name": "title", "Alias": "t", "Startup Cost": 10000000000.0, "Total Cost": 1000011644126.66, "Plan Rows": 1381886, "Plan Width": 25, "Filter": "(production_year > 2000), (LLVM Optimized)"}, {"Node Type": "Materialize", "Parent Relationship": "Inner", "Startup Cost": 20000000000.0, "Total Cost": 2000004673881.92, "Plan Rows": 345008, "Plan Width": 4, "Plans": [{"Node Type": "Nested Loop", "Parent Relationship": "Outer", "Join Type": "Inner", "Startup Cost": 20000000000.0, "Total Cost": 2000004672156.88, "Plan Rows": 345008, "Plan Width": 4, "Inner Unique": true, "Join Filter": "(it.id = mi_idx.info_type_id), (LLVM Optimized)", "Plans": [{"Node Type": "Index Scan", "Parent Relationship": "Outer", "Scan Direction": "Forward", "Index Name": "movie_id_movie_info_idx", "Relation Name": "movie_info_idx", "Alias": "mi_idx", "Startup Cost": 10000000000.0, "Total Cost": 1000004650035.37, "Plan Rows": 1380034, "Plan Width": 8}, {"Node Type": "Materialize", "Parent Relationship": "Inner", "Startup Cost": 10000000000.0, "Total Cost": 1000000001421.0, "Plan Rows": 1, "Plan Width": 4, "Plans": [{"Node Type": "Index Scan", "Parent Relationship": "Outer", "Scan Direction": "Forward", "Index Name": "info_type_pkey", "Relation Name": "info_type", "Alias": "it", "Startup Cost": 10000000000.0, "Total Cost": 1000000001421.0, "Plan Rows": 1, "Plan Width": 4, "Filter": "((info)::text = 'bottom 10 rank'::text)"}]}]}]}]}]}]}]}, "Unique SQL Id": 2492542741, "Planner Runtime": 2}, "explain_analyze_plan": null}, "(64, 0)": {"explain_plan": {"Plan": {"Node Type": "Aggregate", "Strategy": "Plain", "Startup Cost": 225283.56, "Total Cost": 225283.57, "Plan Rows": 1, "Plan Width": 113, "Plans": [{"Node Type": "Hash Join", "Parent Relationship": "Outer", "Join Type": "Inner", "Startup Cost": 142931.41, "Total Cost": 220404.37, "Plan Rows": 650559, "Plan Width": 45, "Inner Unique": true, "Hash Cond": "(mc.company_type_id = ct.id), (LLVM Optimized)", "Plans": [{"Node Type": "Hash Join", "Parent Relationship": "Outer", "Join Type": "Inner", "Startup Cost": 142930.36, "Total Cost": 211816.0, "Plan Rows": 1055184, "Plan Width": 49, "Inner Unique": false, "Hash Cond": "(mc.movie_id = t.id), (LLVM Optimized)", "Plans": [{"Node Type": "Seq Scan", "Parent Relationship": "Outer", "Relation Name": "movie_companies", "Alias": "mc", "Startup Cost": 0.0, "Total Cost": 48340.1, "Plan Rows": 2609035, "Plan Width": 32, "Filter": "((note)::text !~~ '%(as Metro-Goldwyn-Mayer Pictures)%'::text), (LLVM Optimized)"}, {"Node Type": "Hash", "Parent Relationship": "Inner", "Startup Cost": 137332.38, "Total Cost": 137332.38, "Plan Rows": 447839, "Plan Width": 29, "Plans": [{"Node Type": "Hash Join", "Parent Relationship": "Outer", "Join Type": "Inner", "Startup Cost": 117321.13, "Total Cost": 137332.38, "Plan Rows": 447839, "Plan Width": 29, "Inner Unique": true, "Hash Cond": "(mi_idx.movie_id = t.id), (LLVM Optimized)", "Plans": [{"Node Type": "Nested Loop", "Parent Relationship": "Outer", "Join Type": "Inner", "Startup Cost": 7502.06, "Total Cost": 21741.14, "Plan Rows": 345008, "Plan Width": 4, "Inner Unique": false, "Plans": [{"Node Type": "Seq Scan", "Parent Relationship": "Outer", "Relation Name": "info_type", "Alias": "it", "Startup Cost": 0.0, "Total Cost": 2.4, "Plan Rows": 1, "Plan Width": 4, "Filter": "((info)::text = 'bottom 10 rank'::text)"}, {"Node Type": "Bitmap Heap Scan", "Parent Relationship": "Inner", "Relation Name": "movie_info_idx", "Alias": "mi_idx", "Startup Cost": 7502.06, "Total Cost": 18288.66, "Plan Rows": 345008, "Plan Width": 8, "Recheck Cond": "(info_type_id = it.id), (LLVM Optimized)", "Plans": [{"Node Type": "Bitmap Index Scan", "Parent Relationship": "Outer", "Index Name": "info_type_id_movie_info_idx", "Startup Cost": 0.0, "Total Cost": 7415.81, "Plan Rows": 345008, "Plan Width": 0, "Index Cond": "(info_type_id = it.id)"}]}]}, {"Node Type": "Hash", "Parent Relationship": "Inner", "Startup Cost": 92545.49, "Total Cost": 92545.49, "Plan Rows": 1381886, "Plan Width": 25, "Plans": [{"Node Type": "Streaming(type: LOCAL GATHER dop: 1/64)", "Parent Relationship": "Outer", "Startup Cost": 0.0, "Total Cost": 92545.49, "Plan Rows": 1381886, "Plan Width": 25, "Plans": [{"Node Type": "Seq Scan", "Parent Relationship": "Outer", "Relation Name": "title", "Alias": "t", "Startup Cost": 0.0, "Total Cost": 64037.34, "Plan Rows": 1381886, "Plan Width": 25, "Filter": "(production_year > 2000), (LLVM Optimized)"}]}]}]}]}]}, {"Node Type": "Hash", "Parent Relationship": "Inner", "Startup Cost": 1.04, "Total Cost": 1.04, "Plan Rows": 1, "Plan Width": 4, "Plans": [{"Node Type": "Seq Scan", "Parent Relationship": "Outer", "Relation Name": "company_type", "Alias": "ct", "Startup Cost": 0.0, "Total Cost": 1.04, "Plan Rows": 1, "Plan Width": 4, "Filter": "((kind)::text = 'production companies'::text)"}]}]}]}, "Unique SQL Id": 2492542741, "Planner Runtime": 13}, "explain_analyze_plan": {"Plan": {"Node Type": "Aggregate", "Strategy": "Plain", "Startup Cost": 225283.56, "Total Cost": 225283.57, "Plan Rows": 1, "Plan Width": 113, "Actual Min Startup Time": 2525.543, "Actual Max Startup Time": 2525.543, "Actual Min Total Time": 2525.544, "Actual Max Total Time": 2525.544, "Plans": [{"Node Type": "Hash Join", "Parent Relationship": "Outer", "Join Type": "Inner", "Startup Cost": 142931.41, "Total Cost": 220404.37, "Plan Rows": 650559, "Plan Width": 45, "Actual Min Startup Time": 2350.375, "Actual Max Startup Time": 2350.375, "Actual Min Total Time": 2525.501, "Actual Max Total Time": 2525.501, "Inner Unique": true, "Hash Cond": "(mc.company_type_id = ct.id), (LLVM Optimized, Jit Execute)", "Plans": [{"Node Type": "Hash Join", "Parent Relationship": "Outer", "Join Type": "Inner", "Startup Cost": 142930.36, "Total Cost": 211816.0, "Plan Rows": 1055184, "Plan Width": 49, "Actual Min Startup Time": 1662.914, "Actual Max Startup Time": 1662.914, "Actual Min Total Time": 2525.185, "Actual Max Total Time": 2525.185, "Inner Unique": false, "Hash Cond": "(mc.movie_id = t.id), (LLVM Optimized, Jit Execute)", "Plans": [{"Node Type": "Seq Scan", "Parent Relationship": "Outer", "Relation Name": "movie_companies", "Alias": "mc", "Startup Cost": 0.0, "Total Cost": 48340.1, "Plan Rows": 2609035, "Plan Width": 32, "Actual Min Startup Time": 0.04, "Actual Max Startup Time": 0.04, "Actual Min Total Time": 907.177, "Actual Max Total Time": 907.177, "Filter": "((note)::text !~~ '%(as Metro-Goldwyn-Mayer Pictures)%'::text), (LLVM Optimized, Jit Execute)", "Rows Removed by Filter": 1272041, "Actual Rows": 1337087}, {"Node Type": "Hash", "Parent Relationship": "Inner", "Startup Cost": 137332.38, "Total Cost": 137332.38, "Plan Rows": 447839, "Plan Width": 29, "Actual Min Startup Time": 1356.656, "Actual Max Startup Time": 1356.656, "Actual Min Total Time": 1356.656, "Actual Max Total Time": 1356.656, "Max Hash Buckets": 524288, "Min Hash Buckets": 524288, "Max Hash Batches": 1, "Min Hash Batches": 1, "Max Original Hash Batches": 1, "Min Original Hash Batches": 1, "Max Peak Memory Usage": 1, "min Peak Memory Usage": 1, "Plans": [{"Node Type": "Hash Join", "Parent Relationship": "Outer", "Join Type": "Inner", "Startup Cost": 117321.13, "Total Cost": 137332.38, "Plan Rows": 447839, "Plan Width": 29, "Actual Min Startup Time": 1356.618, "Actual Max Startup Time": 1356.618, "Actual Min Total Time": 1356.632, "Actual Max Total Time": 1356.632, "Inner Unique": true, "Hash Cond": "(mi_idx.movie_id = t.id), (LLVM Optimized, Jit Execute)", "Plans": [{"Node Type": "Nested Loop", "Parent Relationship": "Outer", "Join Type": "Inner", "Startup Cost": 7502.06, "Total Cost": 21741.14, "Plan Rows": 345008, "Plan Width": 4, "Actual Min Startup Time": 0.134, "Actual Max Startup Time": 0.134, "Actual Min Total Time": 0.141, "Actual Max Total Time": 0.141, "Inner Unique": false, "Plans": [{"Node Type": "Seq Scan", "Parent Relationship": "Outer", "Relation Name": "info_type", "Alias": "it", "Startup Cost": 0.0, "Total Cost": 2.4, "Plan Rows": 1, "Plan Width": 4, "Actual Min Startup Time": 0.078, "Actual Max Startup Time": 0.078, "Actual Min Total Time": 0.082, "Actual Max Total Time": 0.082, "Filter": "((info)::text = 'bottom 10 rank'::text)", "Rows Removed by Filter": 111, "Actual Rows": 1}, {"Node Type": "Bitmap Heap Scan", "Parent Relationship": "Inner", "Relation Name": "movie_info_idx", "Alias": "mi_idx", "Startup Cost": 7502.06, "Total Cost": 18288.66, "Plan Rows": 345008, "Plan Width": 8, "Actual Min Startup Time": 0.04, "Actual Max Startup Time": 0.04, "Actual Min Total Time": 0.04, "Actual Max Total Time": 0.04, "Recheck Cond": "(info_type_id = it.id), (LLVM Optimized, Jit Execute)", "Rows Removed by Index Recheck": 0, "Exact Heap Blocks": 1, "Lossy Heap Blocks": 1, "Plans": [{"Node Type": "Bitmap Index Scan", "Parent Relationship": "Outer", "Index Name": "info_type_id_movie_info_idx", "Startup Cost": 0.0, "Total Cost": 7415.81, "Plan Rows": 345008, "Plan Width": 0, "Actual Min Startup Time": 0.024, "Actual Max Startup Time": 0.024, "Actual Min Total Time": 0.024, "Actual Max Total Time": 0.024, "Index Cond": "(info_type_id = it.id)", "Actual Rows": 10}], "Actual Rows": 10}], "Actual Rows": 10}, {"Node Type": "Hash", "Parent Relationship": "Inner", "Startup Cost": 92545.49, "Total Cost": 92545.49, "Plan Rows": 1381886, "Plan Width": 25, "Actual Min Startup Time": 1354.005, "Actual Max Startup Time": 1354.005, "Actual Min Total Time": 1354.005, "Actual Max Total Time": 1354.005, "Max Hash Buckets": 2097152, "Min Hash Buckets": 2097152, "Max Hash Batches": 1, "Min Hash Batches": 1, "Max Original Hash Batches": 1, "Min Original Hash Batches": 1, "Max Peak Memory Usage": 79393, "min Peak Memory Usage": 79393, "Plans": [{"Node Type": "Streaming(type: LOCAL GATHER dop: 1/64)", "Parent Relationship": "Outer", "Startup Cost": 0.0, "Total Cost": 92545.49, "Plan Rows": 1381886, "Plan Width": 25, "Actual Min Startup Time": 52.425, "Actual Max Startup Time": 52.425, "Actual Min Total Time": 720.093, "Actual Max Total Time": 720.093, "Plans": [{"Node Type": "Seq Scan", "Parent Relationship": "Outer", "Relation Name": "title", "Alias": "t", "Startup Cost": 0.0, "Total Cost": 64037.34, "Plan Rows": 1381886, "Plan Width": 25, "Actual Min Startup Time": 0.025, "Actual Max Startup Time": 0.049, "Actual Min Total Time": 14.614, "Actual Max Total Time": 18.729, "Filter": "(production_year > 2000), (LLVM Optimized, Jit Execute)", "Rows Removed by Filter": 1146858, "Actual Rows": 1381453}], "Actual Rows": 1381453}], "Actual Rows": 1381453}], "Actual Rows": 6}], "Actual Rows": 6}], "Actual Rows": 78}, {"Node Type": "Hash", "Parent Relationship": "Inner", "Startup Cost": 1.04, "Total Cost": 1.04, "Plan Rows": 1, "Plan Width": 4, "Actual Min Startup Time": 0.069, "Actual Max Startup Time": 0.069, "Actual Min Total Time": 0.069, "Actual Max Total Time": 0.069, "Max Hash Buckets": 32768, "Min Hash Buckets": 32768, "Max Hash Batches": 1, "Min Hash Batches": 1, "Max Original Hash Batches": 1, "Min Original Hash Batches": 1, "Max Peak Memory Usage": 1, "min Peak Memory Usage": 1, "Plans": [{"Node Type": "Seq Scan", "Parent Relationship": "Outer", "Relation Name": "company_type", "Alias": "ct", "Startup Cost": 0.0, "Total Cost": 1.04, "Plan Rows": 1, "Plan Width": 4, "Actual Min Startup Time": 0.042, "Actual Max Startup Time": 0.042, "Actual Min Total Time": 0.046, "Actual Max Total Time": 0.046, "Filter": "((kind)::text = 'production companies'::text)", "Rows Removed by Filter": 2, "Actual Rows": 1}], "Actual Rows": 1}], "Actual Rows": 4}], "Actual Rows": 1}, "Triggers": [], "Planner Runtime": 7, "Total Runtime": 2549.791, "Unique SQL Id": 2492542741}}, "(64, 1)": {"explain_plan": {"Plan": {"Node Type": "Aggregate", "Strategy": "Plain", "Startup Cost": 251533.23, "Total Cost": 251533.24, "Plan Rows": 1, "Plan Width": 113, "Plans": [{"Node Type": "Hash Join", "Parent Relationship": "Outer", "Join Type": "Inner", "Startup Cost": 166837.95, "Total Cost": 246654.04, "Plan Rows": 650559, "Plan Width": 45, "Inner Unique": false, "Hash Cond": "(mc.movie_id = t.id), (LLVM Optimized)", "Plans": [{"Node Type": "Nested Loop", "Parent Relationship": "Outer", "Join Type": "Inner", "Startup Cost": 0.0, "Total Cost": 69436.41, "Plan Rows": 1304518, "Plan Width": 28, "Inner Unique": false, "Plans": [{"Node Type": "Index Scan", "Parent Relationship": "Outer", "Scan Direction": "Forward", "Index Name": "company_type_pkey", "Relation Name": "company_type", "Alias": "ct", "Startup Cost": 0.0, "Total Cost": 12.3, "Plan Rows": 1, "Plan Width": 4, "Filter": "((kind)::text = 'production companies'::text)"}, {"Node Type": "Index Scan", "Parent Relationship": "Inner", "Scan Direction": "Forward", "Index Name": "company_type_id_movie_companies", "Relation Name": "movie_companies", "Alias": "mc", "Startup Cost": 0.0, "Total Cost": 56378.94, "Plan Rows": 1304517, "Plan Width": 32, "Index Cond": "(company_type_id = ct.id), (LLVM Optimized)", "Filter": "((note)::text !~~ '%(as Metro-Goldwyn-Mayer Pictures)%'::text), (LLVM Optimized)"}]}, {"Node Type": "Hash", "Parent Relationship": "Inner", "Startup Cost": 161239.96, "Total Cost": 161239.96, "Plan Rows": 447839, "Plan Width": 29, "Plans": [{"Node Type": "Hash Join", "Parent Relationship": "Outer", "Join Type": "Inner", "Startup Cost": 141216.9, "Total Cost": 161239.96, "Plan Rows": 447839, "Plan Width": 29, "Inner Unique": true, "Hash Cond": "(mi_idx.movie_id = t.id), (LLVM Optimized)", "Plans": [{"Node Type": "Nested Loop", "Parent Relationship": "Outer", "Join Type": "Inner", "Startup Cost": 7502.06, "Total Cost": 21752.95, "Plan Rows": 345008, "Plan Width": 4, "Inner Unique": false, "Plans": [{"Node Type": "Index Scan", "Parent Relationship": "Outer", "Scan Direction": "Forward", "Index Name": "info_type_pkey", "Relation Name": "info_type", "Alias": "it", "Startup Cost": 0.0, "Total Cost": 14.21, "Plan Rows": 1, "Plan Width": 4, "Filter": "((info)::text = 'bottom 10 rank'::text)"}, {"Node Type": "Bitmap Heap Scan", "Parent Relationship": "Inner", "Relation Name": "movie_info_idx", "Alias": "mi_idx", "Startup Cost": 7502.06, "Total Cost": 18288.66, "Plan Rows": 345008, "Plan Width": 8, "Recheck Cond": "(info_type_id = it.id), (LLVM Optimized)", "Plans": [{"Node Type": "Bitmap Index Scan", "Parent Relationship": "Outer", "Index Name": "info_type_id_movie_info_idx", "Startup Cost": 0.0, "Total Cost": 7415.81, "Plan Rows": 345008, "Plan Width": 0, "Index Cond": "(info_type_id = it.id)"}]}]}, {"Node Type": "Hash", "Parent Relationship": "Inner", "Startup Cost": 116441.27, "Total Cost": 116441.27, "Plan Rows": 1381886, "Plan Width": 25, "Plans": [{"Node Type": "Index Scan", "Parent Relationship": "Outer", "Scan Direction": "Forward", "Index Name": "title_pkey", "Relation Name": "title", "Alias": "t", "Startup Cost": 0.0, "Total Cost": 116441.27, "Plan Rows": 1381886, "Plan Width": 25, "Filter": "(production_year > 2000), (LLVM Optimized)"}]}]}]}]}]}, "Unique SQL Id": 2492542741, "Planner Runtime": 10}, "explain_analyze_plan": null}, "(64, 2)": {"explain_plan": {"Plan": {"Node Type": "Aggregate", "Strategy": "Plain", "Startup Cost": 225283.56, "Total Cost": 225283.57, "Plan Rows": 1, "Plan Width": 113, "Plans": [{"Node Type": "Hash Join", "Parent Relationship": "Outer", "Join Type": "Inner", "Startup Cost": 142931.41, "Total Cost": 220404.37, "Plan Rows": 650559, "Plan Width": 45, "Inner Unique": true, "Hash Cond": "(mc.company_type_id = ct.id), (LLVM Optimized)", "Plans": [{"Node Type": "Hash Join", "Parent Relationship": "Outer", "Join Type": "Inner", "Startup Cost": 142930.36, "Total Cost": 211816.0, "Plan Rows": 1055184, "Plan Width": 49, "Inner Unique": false, "Hash Cond": "(mc.movie_id = t.id), (LLVM Optimized)", "Plans": [{"Node Type": "Seq Scan", "Parent Relationship": "Outer", "Relation Name": "movie_companies", "Alias": "mc", "Startup Cost": 0.0, "Total Cost": 48340.1, "Plan Rows": 2609035, "Plan Width": 32, "Filter": "((note)::text !~~ '%(as Metro-Goldwyn-Mayer Pictures)%'::text), (LLVM Optimized)"}, {"Node Type": "Hash", "Parent Relationship": "Inner", "Startup Cost": 137332.38, "Total Cost": 137332.38, "Plan Rows": 447839, "Plan Width": 29, "Plans": [{"Node Type": "Hash Join", "Parent Relationship": "Outer", "Join Type": "Inner", "Startup Cost": 117321.13, "Total Cost": 137332.38, "Plan Rows": 447839, "Plan Width": 29, "Inner Unique": true, "Hash Cond": "(mi_idx.movie_id = t.id), (LLVM Optimized)", "Plans": [{"Node Type": "Nested Loop", "Parent Relationship": "Outer", "Join Type": "Inner", "Startup Cost": 7502.06, "Total Cost": 21741.14, "Plan Rows": 345008, "Plan Width": 4, "Inner Unique": false, "Plans": [{"Node Type": "Seq Scan", "Parent Relationship": "Outer", "Relation Name": "info_type", "Alias": "it", "Startup Cost": 0.0, "Total Cost": 2.4, "Plan Rows": 1, "Plan Width": 4, "Filter": "((info)::text = 'bottom 10 rank'::text)"}, {"Node Type": "Bitmap Heap Scan", "Parent Relationship": "Inner", "Relation Name": "movie_info_idx", "Alias": "mi_idx", "Startup Cost": 7502.06, "Total Cost": 18288.66, "Plan Rows": 345008, "Plan Width": 8, "Recheck Cond": "(info_type_id = it.id), (LLVM Optimized)", "Plans": [{"Node Type": "Bitmap Index Scan", "Parent Relationship": "Outer", "Index Name": "info_type_id_movie_info_idx", "Startup Cost": 0.0, "Total Cost": 7415.81, "Plan Rows": 345008, "Plan Width": 0, "Index Cond": "(info_type_id = it.id)"}]}]}, {"Node Type": "Hash", "Parent Relationship": "Inner", "Startup Cost": 92545.49, "Total Cost": 92545.49, "Plan Rows": 1381886, "Plan Width": 25, "Plans": [{"Node Type": "Streaming(type: LOCAL GATHER dop: 1/64)", "Parent Relationship": "Outer", "Startup Cost": 0.0, "Total Cost": 92545.49, "Plan Rows": 1381886, "Plan Width": 25, "Plans": [{"Node Type": "Seq Scan", "Parent Relationship": "Outer", "Relation Name": "title", "Alias": "t", "Startup Cost": 0.0, "Total Cost": 64037.34, "Plan Rows": 1381886, "Plan Width": 25, "Filter": "(production_year > 2000), (LLVM Optimized)"}]}]}]}]}]}, {"Node Type": "Hash", "Parent Relationship": "Inner", "Startup Cost": 1.04, "Total Cost": 1.04, "Plan Rows": 1, "Plan Width": 4, "Plans": [{"Node Type": "Seq Scan", "Parent Relationship": "Outer", "Relation Name": "company_type", "Alias": "ct", "Startup Cost": 0.0, "Total Cost": 1.04, "Plan Rows": 1, "Plan Width": 4, "Filter": "((kind)::text = 'production companies'::text)"}]}]}]}, "Unique SQL Id": 2492542741, "Planner Runtime": 12}, "explain_analyze_plan": {"Plan": {"Node Type": "Aggregate", "Strategy": "Plain", "Startup Cost": 225283.56, "Total Cost": 225283.57, "Plan Rows": 1, "Plan Width": 113, "Actual Min Startup Time": 2525.543, "Actual Max Startup Time": 2525.543, "Actual Min Total Time": 2525.544, "Actual Max Total Time": 2525.544, "Plans": [{"Node Type": "Hash Join", "Parent Relationship": "Outer", "Join Type": "Inner", "Startup Cost": 142931.41, "Total Cost": 220404.37, "Plan Rows": 650559, "Plan Width": 45, "Actual Min Startup Time": 2350.375, "Actual Max Startup Time": 2350.375, "Actual Min Total Time": 2525.501, "Actual Max Total Time": 2525.501, "Inner Unique": true, "Hash Cond": "(mc.company_type_id = ct.id), (LLVM Optimized, Jit Execute)", "Plans": [{"Node Type": "Hash Join", "Parent Relationship": "Outer", "Join Type": "Inner", "Startup Cost": 142930.36, "Total Cost": 211816.0, "Plan Rows": 1055184, "Plan Width": 49, "Actual Min Startup Time": 1662.914, "Actual Max Startup Time": 1662.914, "Actual Min Total Time": 2525.185, "Actual Max Total Time": 2525.185, "Inner Unique": false, "Hash Cond": "(mc.movie_id = t.id), (LLVM Optimized, Jit Execute)", "Plans": [{"Node Type": "Seq Scan", "Parent Relationship": "Outer", "Relation Name": "movie_companies", "Alias": "mc", "Startup Cost": 0.0, "Total Cost": 48340.1, "Plan Rows": 2609035, "Plan Width": 32, "Actual Min Startup Time": 0.04, "Actual Max Startup Time": 0.04, "Actual Min Total Time": 907.177, "Actual Max Total Time": 907.177, "Filter": "((note)::text !~~ '%(as Metro-Goldwyn-Mayer Pictures)%'::text), (LLVM Optimized, Jit Execute)", "Rows Removed by Filter": 1272041, "Actual Rows": 1337087}, {"Node Type": "Hash", "Parent Relationship": "Inner", "Startup Cost": 137332.38, "Total Cost": 137332.38, "Plan Rows": 447839, "Plan Width": 29, "Actual Min Startup Time": 1356.656, "Actual Max Startup Time": 1356.656, "Actual Min Total Time": 1356.656, "Actual Max Total Time": 1356.656, "Max Hash Buckets": 524288, "Min Hash Buckets": 524288, "Max Hash Batches": 1, "Min Hash Batches": 1, "Max Original Hash Batches": 1, "Min Original Hash Batches": 1, "Max Peak Memory Usage": 1, "min Peak Memory Usage": 1, "Plans": [{"Node Type": "Hash Join", "Parent Relationship": "Outer", "Join Type": "Inner", "Startup Cost": 117321.13, "Total Cost": 137332.38, "Plan Rows": 447839, "Plan Width": 29, "Actual Min Startup Time": 1356.618, "Actual Max Startup Time": 1356.618, "Actual Min Total Time": 1356.632, "Actual Max Total Time": 1356.632, "Inner Unique": true, "Hash Cond": "(mi_idx.movie_id = t.id), (LLVM Optimized, Jit Execute)", "Plans": [{"Node Type": "Nested Loop", "Parent Relationship": "Outer", "Join Type": "Inner", "Startup Cost": 7502.06, "Total Cost": 21741.14, "Plan Rows": 345008, "Plan Width": 4, "Actual Min Startup Time": 0.134, "Actual Max Startup Time": 0.134, "Actual Min Total Time": 0.141, "Actual Max Total Time": 0.141, "Inner Unique": false, "Plans": [{"Node Type": "Seq Scan", "Parent Relationship": "Outer", "Relation Name": "info_type", "Alias": "it", "Startup Cost": 0.0, "Total Cost": 2.4, "Plan Rows": 1, "Plan Width": 4, "Actual Min Startup Time": 0.078, "Actual Max Startup Time": 0.078, "Actual Min Total Time": 0.082, "Actual Max Total Time": 0.082, "Filter": "((info)::text = 'bottom 10 rank'::text)", "Rows Removed by Filter": 111, "Actual Rows": 1}, {"Node Type": "Bitmap Heap Scan", "Parent Relationship": "Inner", "Relation Name": "movie_info_idx", "Alias": "mi_idx", "Startup Cost": 7502.06, "Total Cost": 18288.66, "Plan Rows": 345008, "Plan Width": 8, "Actual Min Startup Time": 0.04, "Actual Max Startup Time": 0.04, "Actual Min Total Time": 0.04, "Actual Max Total Time": 0.04, "Recheck Cond": "(info_type_id = it.id), (LLVM Optimized, Jit Execute)", "Rows Removed by Index Recheck": 0, "Exact Heap Blocks": 1, "Lossy Heap Blocks": 1, "Plans": [{"Node Type": "Bitmap Index Scan", "Parent Relationship": "Outer", "Index Name": "info_type_id_movie_info_idx", "Startup Cost": 0.0, "Total Cost": 7415.81, "Plan Rows": 345008, "Plan Width": 0, "Actual Min Startup Time": 0.024, "Actual Max Startup Time": 0.024, "Actual Min Total Time": 0.024, "Actual Max Total Time": 0.024, "Index Cond": "(info_type_id = it.id)", "Actual Rows": 10}], "Actual Rows": 10}], "Actual Rows": 10}, {"Node Type": "Hash", "Parent Relationship": "Inner", "Startup Cost": 92545.49, "Total Cost": 92545.49, "Plan Rows": 1381886, "Plan Width": 25, "Actual Min Startup Time": 1354.005, "Actual Max Startup Time": 1354.005, "Actual Min Total Time": 1354.005, "Actual Max Total Time": 1354.005, "Max Hash Buckets": 2097152, "Min Hash Buckets": 2097152, "Max Hash Batches": 1, "Min Hash Batches": 1, "Max Original Hash Batches": 1, "Min Original Hash Batches": 1, "Max Peak Memory Usage": 79393, "min Peak Memory Usage": 79393, "Plans": [{"Node Type": "Streaming(type: LOCAL GATHER dop: 1/64)", "Parent Relationship": "Outer", "Startup Cost": 0.0, "Total Cost": 92545.49, "Plan Rows": 1381886, "Plan Width": 25, "Actual Min Startup Time": 52.425, "Actual Max Startup Time": 52.425, "Actual Min Total Time": 720.093, "Actual Max Total Time": 720.093, "Plans": [{"Node Type": "Seq Scan", "Parent Relationship": "Outer", "Relation Name": "title", "Alias": "t", "Startup Cost": 0.0, "Total Cost": 64037.34, "Plan Rows": 1381886, "Plan Width": 25, "Actual Min Startup Time": 0.025, "Actual Max Startup Time": 0.049, "Actual Min Total Time": 14.614, "Actual Max Total Time": 18.729, "Filter": "(production_year > 2000), (LLVM Optimized, Jit Execute)", "Rows Removed by Filter": 1146858, "Actual Rows": 1381453}], "Actual Rows": 1381453}], "Actual Rows": 1381453}], "Actual Rows": 6}], "Actual Rows": 6}], "Actual Rows": 78}, {"Node Type": "Hash", "Parent Relationship": "Inner", "Startup Cost": 1.04, "Total Cost": 1.04, "Plan Rows": 1, "Plan Width": 4, "Actual Min Startup Time": 0.069, "Actual Max Startup Time": 0.069, "Actual Min Total Time": 0.069, "Actual Max Total Time": 0.069, "Max Hash Buckets": 32768, "Min Hash Buckets": 32768, "Max Hash Batches": 1, "Min Hash Batches": 1, "Max Original Hash Batches": 1, "Min Original Hash Batches": 1, "Max Peak Memory Usage": 1, "min Peak Memory Usage": 1, "Plans": [{"Node Type": "Seq Scan", "Parent Relationship": "Outer", "Relation Name": "company_type", "Alias": "ct", "Startup Cost": 0.0, "Total Cost": 1.04, "Plan Rows": 1, "Plan Width": 4, "Actual Min Startup Time": 0.042, "Actual Max Startup Time": 0.042, "Actual Min Total Time": 0.046, "Actual Max Total Time": 0.046, "Filter": "((kind)::text = 'production companies'::text)", "Rows Removed by Filter": 2, "Actual Rows": 1}], "Actual Rows": 1}], "Actual Rows": 4}], "Actual Rows": 1}, "Triggers": [], "Planner Runtime": 7, "Total Runtime": 2549.791, "Unique SQL Id": 2492542741}}, "(64, 3)": {"explain_plan": {"Plan": {"Node Type": "Aggregate", "Strategy": "Plain", "Startup Cost": 259667.26, "Total Cost": 259667.27, "Plan Rows": 1, "Plan Width": 113, "Plans": [{"Node Type": "Hash Join", "Parent Relationship": "Outer", "Join Type": "Inner", "Startup Cost": 196064.72, "Total Cost": 254788.06, "Plan Rows": 650559, "Plan Width": 45, "Inner Unique": false, "Hash Cond": "(mc.movie_id = t.id), (LLVM Optimized)", "Plans": [{"Node Type": "Nested Loop", "Parent Relationship": "Outer", "Join Type": "Inner", "Startup Cost": 29278.87, "Total Cost": 77622.54, "Plan Rows": 1304518, "Plan Width": 28, "Inner Unique": false, "Plans": [{"Node Type": "Bitmap Heap Scan", "Parent Relationship": "Outer", "Relation Name": "company_type", "Alias": "ct", "Startup Cost": 8.27, "Total Cost": 12.3, "Plan Rows": 1, "Plan Width": 4, "Filter": "((kind)::text = 'production companies'::text)", "Plans": [{"Node Type": "Bitmap Index Scan", "Parent Relationship": "Outer", "Index Name": "company_type_pkey", "Startup Cost": 0.0, "Total Cost": 8.27, "Plan Rows": 3, "Plan Width": 0}]}, {"Node Type": "Bitmap Heap Scan", "Parent Relationship": "Inner", "Relation Name": "movie_companies", "Alias": "mc", "Startup Cost": 29270.61, "Total Cost": 64565.07, "Plan Rows": 1304517, "Plan Width": 32, "Recheck Cond": "(company_type_id = ct.id), (LLVM Optimized)", "Filter": "((note)::text !~~ '%(as Metro-Goldwyn-Mayer Pictures)%'::text), (LLVM Optimized)", "Plans": [{"Node Type": "Bitmap Index Scan", "Parent Relationship": "Outer", "Index Name": "company_type_id_movie_companies", "Startup Cost": 0.0, "Total Cost": 28944.48, "Plan Rows": 1304564, "Plan Width": 0, "Index Cond": "(company_type_id = ct.id)"}]}]}, {"Node Type": "Hash", "Parent Relationship": "Inner", "Startup Cost": 161187.86, "Total Cost": 161187.86, "Plan Rows": 447839, "Plan Width": 29, "Plans": [{"Node Type": "Hash Join", "Parent Relationship": "Outer", "Join Type": "Inner", "Startup Cost": 141173.61, "Total Cost": 161187.86, "Plan Rows": 447839, "Plan Width": 29, "Inner Unique": true, "Hash Cond": "(mi_idx.movie_id = t.id), (LLVM Optimized)", "Plans": [{"Node Type": "Nested Loop", "Parent Relationship": "Outer", "Join Type": "Inner", "Startup Cost": 7510.87, "Total Cost": 21752.95, "Plan Rows": 345008, "Plan Width": 4, "Inner Unique": false, "Plans": [{"Node Type": "Bitmap Heap Scan", "Parent Relationship": "Outer", "Relation Name": "info_type", "Alias": "it", "Startup Cost": 8.81, "Total Cost": 14.21, "Plan Rows": 1, "Plan Width": 4, "Filter": "((info)::text = 'bottom 10 rank'::text)", "Plans": [{"Node Type": "Bitmap Index Scan", "Parent Relationship": "Outer", "Index Name": "info_type_pkey", "Startup Cost": 0.0, "Total Cost": 8.81, "Plan Rows": 112, "Plan Width": 0}]}, {"Node Type": "Bitmap Heap Scan", "Parent Relationship": "Inner", "Relation Name": "movie_info_idx", "Alias": "mi_idx", "Startup Cost": 7502.06, "Total Cost": 18288.66, "Plan Rows": 345008, "Plan Width": 8, "Recheck Cond": "(info_type_id = it.id), (LLVM Optimized)", "Plans": [{"Node Type": "Bitmap Index Scan", "Parent Relationship": "Outer", "Index Name": "info_type_id_movie_info_idx", "Startup Cost": 0.0, "Total Cost": 7415.81, "Plan Rows": 345008, "Plan Width": 0, "Index Cond": "(info_type_id = it.id)"}]}]}, {"Node Type": "Hash", "Parent Relationship": "Inner", "Startup Cost": 116389.16, "Total Cost": 116389.16, "Plan Rows": 1381886, "Plan Width": 25, "Plans": [{"Node Type": "Bitmap Heap Scan", "Parent Relationship": "Outer", "Relation Name": "title", "Alias": "t", "Startup Cost": 49999.28, "Total Cost": 116389.16, "Plan Rows": 1381886, "Plan Width": 25, "Filter": "(production_year > 2000), (LLVM Optimized)", "Plans": [{"Node Type": "Bitmap Index Scan", "Parent Relationship": "Outer", "Index Name": "title_pkey", "Startup Cost": 0.0, "Total Cost": 49653.81, "Plan Rows": 2528311, "Plan Width": 0}]}]}]}]}]}]}, "Unique SQL Id": 2492542741, "Planner Runtime": 9}, "explain_analyze_plan": {"Plan": {"Node Type": "Aggregate", "Strategy": "Plain", "Startup Cost": 259667.26, "Total Cost": 259667.27, "Plan Rows": 1, "Plan Width": 113, "Actual Startup Time": 2842.228, "Actual Total Time": 2842.228, "Actual Rows": 1, "Actual Loops": 1, "Plans": [{"Node Type": "Hash Join", "Parent Relationship": "Outer", "Join Type": "Inner", "Startup Cost": 196064.72, "Total Cost": 254788.06, "Plan Rows": 650559, "Plan Width": 45, "Actual Startup Time": 2595.719, "Actual Total Time": 2842.183, "Actual Rows": 4, "Actual Loops": 1, "Inner Unique": false, "Hash Cond": "(mc.movie_id = t.id), (LLVM Optimized, Jit Execute)", "Plans": [{"Node Type": "Nested Loop", "Parent Relationship": "Outer", "Join Type": "Inner", "Startup Cost": 29278.87, "Total Cost": 77622.54, "Plan Rows": 1304518, "Plan Width": 28, "Actual Startup Time": 145.789, "Actual Total Time": 612.976, "Actual Rows": 140904, "Actual Loops": 1, "Inner Unique": false, "Plans": [{"Node Type": "Bitmap Heap Scan", "Parent Relationship": "Outer", "Relation Name": "company_type", "Alias": "ct", "Startup Cost": 8.27, "Total Cost": 12.3, "Plan Rows": 1, "Plan Width": 4, "Actual Startup Time": 0.034, "Actual Total Time": 0.041, "Actual Rows": 1, "Actual Loops": 1, "Filter": "((kind)::text = 'production companies'::text)", "Rows Removed by Filter": 2, "Exact Heap Blocks": 1, "Lossy Heap Blocks": 1, "Plans": [{"Node Type": "Bitmap Index Scan", "Parent Relationship": "Outer", "Index Name": "company_type_pkey", "Startup Cost": 0.0, "Total Cost": 8.27, "Plan Rows": 3, "Plan Width": 0, "Actual Startup Time": 0.015, "Actual Total Time": 0.015, "Actual Rows": 3, "Actual Loops": 1}]}, {"Node Type": "Bitmap Heap Scan", "Parent Relationship": "Inner", "Relation Name": "movie_companies", "Alias": "mc", "Startup Cost": 29270.61, "Total Cost": 64565.07, "Plan Rows": 1304517, "Plan Width": 32, "Actual Startup Time": 145.748, "Actual Total Time": 585.465, "Actual Rows": 140904, "Actual Loops": 1, "Recheck Cond": "(company_type_id = ct.id), (LLVM Optimized, Jit Execute)", "Rows Removed by Index Recheck": 0, "Filter": "((note)::text !~~ '%(as Metro-Goldwyn-Mayer Pictures)%'::text), (LLVM Optimized, Jit Execute)", "Rows Removed by Filter": 1193979, "Exact Heap Blocks": 6196, "Lossy Heap Blocks": 6196, "Plans": [{"Node Type": "Bitmap Index Scan", "Parent Relationship": "Outer", "Index Name": "company_type_id_movie_companies", "Startup Cost": 0.0, "Total Cost": 28944.48, "Plan Rows": 1304564, "Plan Width": 0, "Actual Startup Time": 144.542, "Actual Total Time": 144.542, "Actual Rows": 1334883, "Actual Loops": 1, "Index Cond": "(company_type_id = ct.id)"}]}]}, {"Node Type": "Hash", "Parent Relationship": "Inner", "Startup Cost": 161187.86, "Total Cost": 161187.86, "Plan Rows": 447839, "Plan Width": 29, "Actual Startup Time": 2199.499, "Actual Total Time": 2199.499, "Actual Rows": 6, "Actual Loops": 1, "Hash Buckets": 524288, "Hash Batches": 1, "Original Hash Batches": 1, "Peak Memory Usage": 1, "Plans": [{"Node Type": "Hash Join", "Parent Relationship": "Outer", "Join Type": "Inner", "Startup Cost": 141173.61, "Total Cost": 161187.86, "Plan Rows": 447839, "Plan Width": 29, "Actual Startup Time": 2199.477, "Actual Total Time": 2199.492, "Actual Rows": 6, "Actual Loops": 1, "Inner Unique": true, "Hash Cond": "(mi_idx.movie_id = t.id), (LLVM Optimized, Jit Execute)", "Plans": [{"Node Type": "Nested Loop", "Parent Relationship": "Outer", "Join Type": "Inner", "Startup Cost": 7510.87, "Total Cost": 21752.95, "Plan Rows": 345008, "Plan Width": 4, "Actual Startup Time": 0.139, "Actual Total Time": 0.153, "Actual Rows": 10, "Actual Loops": 1, "Inner Unique": false, "Plans": [{"Node Type": "Bitmap Heap Scan", "Parent Relationship": "Outer", "Relation Name": "info_type", "Alias": "it", "Startup Cost": 8.81, "Total Cost": 14.21, "Plan Rows": 1, "Plan Width": 4, "Actual Startup Time": 0.094, "Actual Total Time": 0.096, "Actual Rows": 1, "Actual Loops": 1, "Filter": "((info)::text = 'bottom 10 rank'::text)", "Rows Removed by Filter": 111, "Exact Heap Blocks": 1, "Lossy Heap Blocks": 1, "Plans": [{"Node Type": "Bitmap Index Scan", "Parent Relationship": "Outer", "Index Name": "info_type_pkey", "Startup Cost": 0.0, "Total Cost": 8.81, "Plan Rows": 112, "Plan Width": 0, "Actual Startup Time": 0.018, "Actual Total Time": 0.018, "Actual Rows": 112, "Actual Loops": 1}]}, {"Node Type": "Bitmap Heap Scan", "Parent Relationship": "Inner", "Relation Name": "movie_info_idx", "Alias": "mi_idx", "Startup Cost": 7502.06, "Total Cost": 18288.66, "Plan Rows": 345008, "Plan Width": 8, "Actual Startup Time": 0.033, "Actual Total Time": 0.039, "Actual Rows": 10, "Actual Loops": 1, "Recheck Cond": "(info_type_id = it.id), (LLVM Optimized, Jit Execute)", "Rows Removed by Index Recheck": 0, "Exact Heap Blocks": 1, "Lossy Heap Blocks": 1, "Plans": [{"Node Type": "Bitmap Index Scan", "Parent Relationship": "Outer", "Index Name": "info_type_id_movie_info_idx", "Startup Cost": 0.0, "Total Cost": 7415.81, "Plan Rows": 345008, "Plan Width": 0, "Actual Startup Time": 0.013, "Actual Total Time": 0.013, "Actual Rows": 10, "Actual Loops": 1, "Index Cond": "(info_type_id = it.id)"}]}]}, {"Node Type": "Hash", "Parent Relationship": "Inner", "Startup Cost": 116389.16, "Total Cost": 116389.16, "Plan Rows": 1381886, "Plan Width": 25, "Actual Startup Time": 2197.3, "Actual Total Time": 2197.3, "Actual Rows": 1381453, "Actual Loops": 1, "Hash Buckets": 2097152, "Hash Batches": 1, "Original Hash Batches": 1, "Peak Memory Usage": 79393, "Plans": [{"Node Type": "Bitmap Heap Scan", "Parent Relationship": "Outer", "Relation Name": "title", "Alias": "t", "Startup Cost": 49999.28, "Total Cost": 116389.16, "Plan Rows": 1381886, "Plan Width": 25, "Actual Startup Time": 312.761, "Actual Total Time": 1576.915, "Actual Rows": 1381453, "Actual Loops": 1, "Filter": "(production_year > 2000), (LLVM Optimized, Jit Execute)", "Rows Removed by Filter": 1146858, "Exact Heap Blocks": 34786, "Lossy Heap Blocks": 34786, "Plans": [{"Node Type": "Bitmap Index Scan", "Parent Relationship": "Outer", "Index Name": "title_pkey", "Startup Cost": 0.0, "Total Cost": 49653.81, "Plan Rows": 2528311, "Plan Width": 0, "Actual Startup Time": 304.689, "Actual Total Time": 304.689, "Actual Rows": 2528311, "Actual Loops": 1}]}]}]}]}]}]}, "Triggers": [], "Planner Runtime": 5, "Total Runtime": 2853.319, "Unique SQL Id": 2492542741}}, "(64, 4)": {"explain_plan": {"Plan": {"Node Type": "Aggregate", "Strategy": "Plain", "Startup Cost": 225283.56, "Total Cost": 225283.57, "Plan Rows": 1, "Plan Width": 113, "Plans": [{"Node Type": "Hash Join", "Parent Relationship": "Outer", "Join Type": "Inner", "Startup Cost": 142931.41, "Total Cost": 220404.37, "Plan Rows": 650559, "Plan Width": 45, "Inner Unique": true, "Hash Cond": "(mc.company_type_id = ct.id), (LLVM Optimized)", "Plans": [{"Node Type": "Hash Join", "Parent Relationship": "Outer", "Join Type": "Inner", "Startup Cost": 142930.36, "Total Cost": 211816.0, "Plan Rows": 1055184, "Plan Width": 49, "Inner Unique": false, "Hash Cond": "(mc.movie_id = t.id), (LLVM Optimized)", "Plans": [{"Node Type": "Seq Scan", "Parent Relationship": "Outer", "Relation Name": "movie_companies", "Alias": "mc", "Startup Cost": 0.0, "Total Cost": 48340.1, "Plan Rows": 2609035, "Plan Width": 32, "Filter": "((note)::text !~~ '%(as Metro-Goldwyn-Mayer Pictures)%'::text), (LLVM Optimized)"}, {"Node Type": "Hash", "Parent Relationship": "Inner", "Startup Cost": 137332.38, "Total Cost": 137332.38, "Plan Rows": 447839, "Plan Width": 29, "Plans": [{"Node Type": "Hash Join", "Parent Relationship": "Outer", "Join Type": "Inner", "Startup Cost": 117321.13, "Total Cost": 137332.38, "Plan Rows": 447839, "Plan Width": 29, "Inner Unique": true, "Hash Cond": "(mi_idx.movie_id = t.id), (LLVM Optimized)", "Plans": [{"Node Type": "Nested Loop", "Parent Relationship": "Outer", "Join Type": "Inner", "Startup Cost": 7502.06, "Total Cost": 21741.14, "Plan Rows": 345008, "Plan Width": 4, "Inner Unique": false, "Plans": [{"Node Type": "Seq Scan", "Parent Relationship": "Outer", "Relation Name": "info_type", "Alias": "it", "Startup Cost": 0.0, "Total Cost": 2.4, "Plan Rows": 1, "Plan Width": 4, "Filter": "((info)::text = 'bottom 10 rank'::text)"}, {"Node Type": "Bitmap Heap Scan", "Parent Relationship": "Inner", "Relation Name": "movie_info_idx", "Alias": "mi_idx", "Startup Cost": 7502.06, "Total Cost": 18288.66, "Plan Rows": 345008, "Plan Width": 8, "Recheck Cond": "(info_type_id = it.id), (LLVM Optimized)", "Plans": [{"Node Type": "Bitmap Index Scan", "Parent Relationship": "Outer", "Index Name": "info_type_id_movie_info_idx", "Startup Cost": 0.0, "Total Cost": 7415.81, "Plan Rows": 345008, "Plan Width": 0, "Index Cond": "(info_type_id = it.id)"}]}]}, {"Node Type": "Hash", "Parent Relationship": "Inner", "Startup Cost": 92545.49, "Total Cost": 92545.49, "Plan Rows": 1381886, "Plan Width": 25, "Plans": [{"Node Type": "Streaming(type: LOCAL GATHER dop: 1/64)", "Parent Relationship": "Outer", "Startup Cost": 0.0, "Total Cost": 92545.49, "Plan Rows": 1381886, "Plan Width": 25, "Plans": [{"Node Type": "Seq Scan", "Parent Relationship": "Outer", "Relation Name": "title", "Alias": "t", "Startup Cost": 0.0, "Total Cost": 64037.34, "Plan Rows": 1381886, "Plan Width": 25, "Filter": "(production_year > 2000), (LLVM Optimized)"}]}]}]}]}]}, {"Node Type": "Hash", "Parent Relationship": "Inner", "Startup Cost": 1.04, "Total Cost": 1.04, "Plan Rows": 1, "Plan Width": 4, "Plans": [{"Node Type": "Seq Scan", "Parent Relationship": "Outer", "Relation Name": "company_type", "Alias": "ct", "Startup Cost": 0.0, "Total Cost": 1.04, "Plan Rows": 1, "Plan Width": 4, "Filter": "((kind)::text = 'production companies'::text)"}]}]}]}, "Unique SQL Id": 2492542741, "Planner Runtime": 13}, "explain_analyze_plan": {"Plan": {"Node Type": "Aggregate", "Strategy": "Plain", "Startup Cost": 225283.56, "Total Cost": 225283.57, "Plan Rows": 1, "Plan Width": 113, "Actual Min Startup Time": 2525.543, "Actual Max Startup Time": 2525.543, "Actual Min Total Time": 2525.544, "Actual Max Total Time": 2525.544, "Plans": [{"Node Type": "Hash Join", "Parent Relationship": "Outer", "Join Type": "Inner", "Startup Cost": 142931.41, "Total Cost": 220404.37, "Plan Rows": 650559, "Plan Width": 45, "Actual Min Startup Time": 2350.375, "Actual Max Startup Time": 2350.375, "Actual Min Total Time": 2525.501, "Actual Max Total Time": 2525.501, "Inner Unique": true, "Hash Cond": "(mc.company_type_id = ct.id), (LLVM Optimized, Jit Execute)", "Plans": [{"Node Type": "Hash Join", "Parent Relationship": "Outer", "Join Type": "Inner", "Startup Cost": 142930.36, "Total Cost": 211816.0, "Plan Rows": 1055184, "Plan Width": 49, "Actual Min Startup Time": 1662.914, "Actual Max Startup Time": 1662.914, "Actual Min Total Time": 2525.185, "Actual Max Total Time": 2525.185, "Inner Unique": false, "Hash Cond": "(mc.movie_id = t.id), (LLVM Optimized, Jit Execute)", "Plans": [{"Node Type": "Seq Scan", "Parent Relationship": "Outer", "Relation Name": "movie_companies", "Alias": "mc", "Startup Cost": 0.0, "Total Cost": 48340.1, "Plan Rows": 2609035, "Plan Width": 32, "Actual Min Startup Time": 0.04, "Actual Max Startup Time": 0.04, "Actual Min Total Time": 907.177, "Actual Max Total Time": 907.177, "Filter": "((note)::text !~~ '%(as Metro-Goldwyn-Mayer Pictures)%'::text), (LLVM Optimized, Jit Execute)", "Rows Removed by Filter": 1272041, "Actual Rows": 1337087}, {"Node Type": "Hash", "Parent Relationship": "Inner", "Startup Cost": 137332.38, "Total Cost": 137332.38, "Plan Rows": 447839, "Plan Width": 29, "Actual Min Startup Time": 1356.656, "Actual Max Startup Time": 1356.656, "Actual Min Total Time": 1356.656, "Actual Max Total Time": 1356.656, "Max Hash Buckets": 524288, "Min Hash Buckets": 524288, "Max Hash Batches": 1, "Min Hash Batches": 1, "Max Original Hash Batches": 1, "Min Original Hash Batches": 1, "Max Peak Memory Usage": 1, "min Peak Memory Usage": 1, "Plans": [{"Node Type": "Hash Join", "Parent Relationship": "Outer", "Join Type": "Inner", "Startup Cost": 117321.13, "Total Cost": 137332.38, "Plan Rows": 447839, "Plan Width": 29, "Actual Min Startup Time": 1356.618, "Actual Max Startup Time": 1356.618, "Actual Min Total Time": 1356.632, "Actual Max Total Time": 1356.632, "Inner Unique": true, "Hash Cond": "(mi_idx.movie_id = t.id), (LLVM Optimized, Jit Execute)", "Plans": [{"Node Type": "Nested Loop", "Parent Relationship": "Outer", "Join Type": "Inner", "Startup Cost": 7502.06, "Total Cost": 21741.14, "Plan Rows": 345008, "Plan Width": 4, "Actual Min Startup Time": 0.134, "Actual Max Startup Time": 0.134, "Actual Min Total Time": 0.141, "Actual Max Total Time": 0.141, "Inner Unique": false, "Plans": [{"Node Type": "Seq Scan", "Parent Relationship": "Outer", "Relation Name": "info_type", "Alias": "it", "Startup Cost": 0.0, "Total Cost": 2.4, "Plan Rows": 1, "Plan Width": 4, "Actual Min Startup Time": 0.078, "Actual Max Startup Time": 0.078, "Actual Min Total Time": 0.082, "Actual Max Total Time": 0.082, "Filter": "((info)::text = 'bottom 10 rank'::text)", "Rows Removed by Filter": 111, "Actual Rows": 1}, {"Node Type": "Bitmap Heap Scan", "Parent Relationship": "Inner", "Relation Name": "movie_info_idx", "Alias": "mi_idx", "Startup Cost": 7502.06, "Total Cost": 18288.66, "Plan Rows": 345008, "Plan Width": 8, "Actual Min Startup Time": 0.04, "Actual Max Startup Time": 0.04, "Actual Min Total Time": 0.04, "Actual Max Total Time": 0.04, "Recheck Cond": "(info_type_id = it.id), (LLVM Optimized, Jit Execute)", "Rows Removed by Index Recheck": 0, "Exact Heap Blocks": 1, "Lossy Heap Blocks": 1, "Plans": [{"Node Type": "Bitmap Index Scan", "Parent Relationship": "Outer", "Index Name": "info_type_id_movie_info_idx", "Startup Cost": 0.0, "Total Cost": 7415.81, "Plan Rows": 345008, "Plan Width": 0, "Actual Min Startup Time": 0.024, "Actual Max Startup Time": 0.024, "Actual Min Total Time": 0.024, "Actual Max Total Time": 0.024, "Index Cond": "(info_type_id = it.id)", "Actual Rows": 10}], "Actual Rows": 10}], "Actual Rows": 10}, {"Node Type": "Hash", "Parent Relationship": "Inner", "Startup Cost": 92545.49, "Total Cost": 92545.49, "Plan Rows": 1381886, "Plan Width": 25, "Actual Min Startup Time": 1354.005, "Actual Max Startup Time": 1354.005, "Actual Min Total Time": 1354.005, "Actual Max Total Time": 1354.005, "Max Hash Buckets": 2097152, "Min Hash Buckets": 2097152, "Max Hash Batches": 1, "Min Hash Batches": 1, "Max Original Hash Batches": 1, "Min Original Hash Batches": 1, "Max Peak Memory Usage": 79393, "min Peak Memory Usage": 79393, "Plans": [{"Node Type": "Streaming(type: LOCAL GATHER dop: 1/64)", "Parent Relationship": "Outer", "Startup Cost": 0.0, "Total Cost": 92545.49, "Plan Rows": 1381886, "Plan Width": 25, "Actual Min Startup Time": 52.425, "Actual Max Startup Time": 52.425, "Actual Min Total Time": 720.093, "Actual Max Total Time": 720.093, "Plans": [{"Node Type": "Seq Scan", "Parent Relationship": "Outer", "Relation Name": "title", "Alias": "t", "Startup Cost": 0.0, "Total Cost": 64037.34, "Plan Rows": 1381886, "Plan Width": 25, "Actual Min Startup Time": 0.025, "Actual Max Startup Time": 0.049, "Actual Min Total Time": 14.614, "Actual Max Total Time": 18.729, "Filter": "(production_year > 2000), (LLVM Optimized, Jit Execute)", "Rows Removed by Filter": 1146858, "Actual Rows": 1381453}], "Actual Rows": 1381453}], "Actual Rows": 1381453}], "Actual Rows": 6}], "Actual Rows": 6}], "Actual Rows": 78}, {"Node Type": "Hash", "Parent Relationship": "Inner", "Startup Cost": 1.04, "Total Cost": 1.04, "Plan Rows": 1, "Plan Width": 4, "Actual Min Startup Time": 0.069, "Actual Max Startup Time": 0.069, "Actual Min Total Time": 0.069, "Actual Max Total Time": 0.069, "Max Hash Buckets": 32768, "Min Hash Buckets": 32768, "Max Hash Batches": 1, "Min Hash Batches": 1, "Max Original Hash Batches": 1, "Min Original Hash Batches": 1, "Max Peak Memory Usage": 1, "min Peak Memory Usage": 1, "Plans": [{"Node Type": "Seq Scan", "Parent Relationship": "Outer", "Relation Name": "company_type", "Alias": "ct", "Startup Cost": 0.0, "Total Cost": 1.04, "Plan Rows": 1, "Plan Width": 4, "Actual Min Startup Time": 0.042, "Actual Max Startup Time": 0.042, "Actual Min Total Time": 0.046, "Actual Max Total Time": 0.046, "Filter": "((kind)::text = 'production companies'::text)", "Rows Removed by Filter": 2, "Actual Rows": 1}], "Actual Rows": 1}], "Actual Rows": 4}], "Actual Rows": 1}, "Triggers": [], "Planner Runtime": 7, "Total Runtime": 2549.791, "Unique SQL Id": 2492542741}}, "(64, 5)": {"explain_plan": {"Plan": {"Node Type": "Aggregate", "Strategy": "Plain", "Startup Cost": 251533.23, "Total Cost": 251533.24, "Plan Rows": 1, "Plan Width": 113, "Plans": [{"Node Type": "Hash Join", "Parent Relationship": "Outer", "Join Type": "Inner", "Startup Cost": 166837.95, "Total Cost": 246654.04, "Plan Rows": 650559, "Plan Width": 45, "Inner Unique": false, "Hash Cond": "(mc.movie_id = t.id), (LLVM Optimized)", "Plans": [{"Node Type": "Nested Loop", "Parent Relationship": "Outer", "Join Type": "Inner", "Startup Cost": 0.0, "Total Cost": 69436.41, "Plan Rows": 1304518, "Plan Width": 28, "Inner Unique": false, "Plans": [{"Node Type": "Index Scan", "Parent Relationship": "Outer", "Scan Direction": "Forward", "Index Name": "company_type_pkey", "Relation Name": "company_type", "Alias": "ct", "Startup Cost": 0.0, "Total Cost": 12.3, "Plan Rows": 1, "Plan Width": 4, "Filter": "((kind)::text = 'production companies'::text)"}, {"Node Type": "Index Scan", "Parent Relationship": "Inner", "Scan Direction": "Forward", "Index Name": "company_type_id_movie_companies", "Relation Name": "movie_companies", "Alias": "mc", "Startup Cost": 0.0, "Total Cost": 56378.94, "Plan Rows": 1304517, "Plan Width": 32, "Index Cond": "(company_type_id = ct.id), (LLVM Optimized)", "Filter": "((note)::text !~~ '%(as Metro-Goldwyn-Mayer Pictures)%'::text), (LLVM Optimized)"}]}, {"Node Type": "Hash", "Parent Relationship": "Inner", "Startup Cost": 161239.96, "Total Cost": 161239.96, "Plan Rows": 447839, "Plan Width": 29, "Plans": [{"Node Type": "Hash Join", "Parent Relationship": "Outer", "Join Type": "Inner", "Startup Cost": 141216.9, "Total Cost": 161239.96, "Plan Rows": 447839, "Plan Width": 29, "Inner Unique": true, "Hash Cond": "(mi_idx.movie_id = t.id), (LLVM Optimized)", "Plans": [{"Node Type": "Nested Loop", "Parent Relationship": "Outer", "Join Type": "Inner", "Startup Cost": 7502.06, "Total Cost": 21752.95, "Plan Rows": 345008, "Plan Width": 4, "Inner Unique": false, "Plans": [{"Node Type": "Index Scan", "Parent Relationship": "Outer", "Scan Direction": "Forward", "Index Name": "info_type_pkey", "Relation Name": "info_type", "Alias": "it", "Startup Cost": 0.0, "Total Cost": 14.21, "Plan Rows": 1, "Plan Width": 4, "Filter": "((info)::text = 'bottom 10 rank'::text)"}, {"Node Type": "Bitmap Heap Scan", "Parent Relationship": "Inner", "Relation Name": "movie_info_idx", "Alias": "mi_idx", "Startup Cost": 7502.06, "Total Cost": 18288.66, "Plan Rows": 345008, "Plan Width": 8, "Recheck Cond": "(info_type_id = it.id), (LLVM Optimized)", "Plans": [{"Node Type": "Bitmap Index Scan", "Parent Relationship": "Outer", "Index Name": "info_type_id_movie_info_idx", "Startup Cost": 0.0, "Total Cost": 7415.81, "Plan Rows": 345008, "Plan Width": 0, "Index Cond": "(info_type_id = it.id)"}]}]}, {"Node Type": "Hash", "Parent Relationship": "Inner", "Startup Cost": 116441.27, "Total Cost": 116441.27, "Plan Rows": 1381886, "Plan Width": 25, "Plans": [{"Node Type": "Index Scan", "Parent Relationship": "Outer", "Scan Direction": "Forward", "Index Name": "title_pkey", "Relation Name": "title", "Alias": "t", "Startup Cost": 0.0, "Total Cost": 116441.27, "Plan Rows": 1381886, "Plan Width": 25, "Filter": "(production_year > 2000), (LLVM Optimized)"}]}]}]}]}]}, "Unique SQL Id": 2492542741, "Planner Runtime": 10}, "explain_analyze_plan": null}, "(64, 6)": {"explain_plan": {"Plan": {"Node Type": "Aggregate", "Strategy": "Plain", "Startup Cost": 225283.56, "Total Cost": 225283.57, "Plan Rows": 1, "Plan Width": 113, "Plans": [{"Node Type": "Hash Join", "Parent Relationship": "Outer", "Join Type": "Inner", "Startup Cost": 142931.41, "Total Cost": 220404.37, "Plan Rows": 650559, "Plan Width": 45, "Inner Unique": true, "Hash Cond": "(mc.company_type_id = ct.id), (LLVM Optimized)", "Plans": [{"Node Type": "Hash Join", "Parent Relationship": "Outer", "Join Type": "Inner", "Startup Cost": 142930.36, "Total Cost": 211816.0, "Plan Rows": 1055184, "Plan Width": 49, "Inner Unique": false, "Hash Cond": "(mc.movie_id = t.id), (LLVM Optimized)", "Plans": [{"Node Type": "Seq Scan", "Parent Relationship": "Outer", "Relation Name": "movie_companies", "Alias": "mc", "Startup Cost": 0.0, "Total Cost": 48340.1, "Plan Rows": 2609035, "Plan Width": 32, "Filter": "((note)::text !~~ '%(as Metro-Goldwyn-Mayer Pictures)%'::text), (LLVM Optimized)"}, {"Node Type": "Hash", "Parent Relationship": "Inner", "Startup Cost": 137332.38, "Total Cost": 137332.38, "Plan Rows": 447839, "Plan Width": 29, "Plans": [{"Node Type": "Hash Join", "Parent Relationship": "Outer", "Join Type": "Inner", "Startup Cost": 117321.13, "Total Cost": 137332.38, "Plan Rows": 447839, "Plan Width": 29, "Inner Unique": true, "Hash Cond": "(mi_idx.movie_id = t.id), (LLVM Optimized)", "Plans": [{"Node Type": "Nested Loop", "Parent Relationship": "Outer", "Join Type": "Inner", "Startup Cost": 7502.06, "Total Cost": 21741.14, "Plan Rows": 345008, "Plan Width": 4, "Inner Unique": false, "Plans": [{"Node Type": "Seq Scan", "Parent Relationship": "Outer", "Relation Name": "info_type", "Alias": "it", "Startup Cost": 0.0, "Total Cost": 2.4, "Plan Rows": 1, "Plan Width": 4, "Filter": "((info)::text = 'bottom 10 rank'::text)"}, {"Node Type": "Bitmap Heap Scan", "Parent Relationship": "Inner", "Relation Name": "movie_info_idx", "Alias": "mi_idx", "Startup Cost": 7502.06, "Total Cost": 18288.66, "Plan Rows": 345008, "Plan Width": 8, "Recheck Cond": "(info_type_id = it.id), (LLVM Optimized)", "Plans": [{"Node Type": "Bitmap Index Scan", "Parent Relationship": "Outer", "Index Name": "info_type_id_movie_info_idx", "Startup Cost": 0.0, "Total Cost": 7415.81, "Plan Rows": 345008, "Plan Width": 0, "Index Cond": "(info_type_id = it.id)"}]}]}, {"Node Type": "Hash", "Parent Relationship": "Inner", "Startup Cost": 92545.49, "Total Cost": 92545.49, "Plan Rows": 1381886, "Plan Width": 25, "Plans": [{"Node Type": "Streaming(type: LOCAL GATHER dop: 1/64)", "Parent Relationship": "Outer", "Startup Cost": 0.0, "Total Cost": 92545.49, "Plan Rows": 1381886, "Plan Width": 25, "Plans": [{"Node Type": "Seq Scan", "Parent Relationship": "Outer", "Relation Name": "title", "Alias": "t", "Startup Cost": 0.0, "Total Cost": 64037.34, "Plan Rows": 1381886, "Plan Width": 25, "Filter": "(production_year > 2000), (LLVM Optimized)"}]}]}]}]}]}, {"Node Type": "Hash", "Parent Relationship": "Inner", "Startup Cost": 1.04, "Total Cost": 1.04, "Plan Rows": 1, "Plan Width": 4, "Plans": [{"Node Type": "Seq Scan", "Parent Relationship": "Outer", "Relation Name": "company_type", "Alias": "ct", "Startup Cost": 0.0, "Total Cost": 1.04, "Plan Rows": 1, "Plan Width": 4, "Filter": "((kind)::text = 'production companies'::text)"}]}]}]}, "Unique SQL Id": 2492542741, "Planner Runtime": 12}, "explain_analyze_plan": {"Plan": {"Node Type": "Aggregate", "Strategy": "Plain", "Startup Cost": 225283.56, "Total Cost": 225283.57, "Plan Rows": 1, "Plan Width": 113, "Actual Min Startup Time": 2525.543, "Actual Max Startup Time": 2525.543, "Actual Min Total Time": 2525.544, "Actual Max Total Time": 2525.544, "Plans": [{"Node Type": "Hash Join", "Parent Relationship": "Outer", "Join Type": "Inner", "Startup Cost": 142931.41, "Total Cost": 220404.37, "Plan Rows": 650559, "Plan Width": 45, "Actual Min Startup Time": 2350.375, "Actual Max Startup Time": 2350.375, "Actual Min Total Time": 2525.501, "Actual Max Total Time": 2525.501, "Inner Unique": true, "Hash Cond": "(mc.company_type_id = ct.id), (LLVM Optimized, Jit Execute)", "Plans": [{"Node Type": "Hash Join", "Parent Relationship": "Outer", "Join Type": "Inner", "Startup Cost": 142930.36, "Total Cost": 211816.0, "Plan Rows": 1055184, "Plan Width": 49, "Actual Min Startup Time": 1662.914, "Actual Max Startup Time": 1662.914, "Actual Min Total Time": 2525.185, "Actual Max Total Time": 2525.185, "Inner Unique": false, "Hash Cond": "(mc.movie_id = t.id), (LLVM Optimized, Jit Execute)", "Plans": [{"Node Type": "Seq Scan", "Parent Relationship": "Outer", "Relation Name": "movie_companies", "Alias": "mc", "Startup Cost": 0.0, "Total Cost": 48340.1, "Plan Rows": 2609035, "Plan Width": 32, "Actual Min Startup Time": 0.04, "Actual Max Startup Time": 0.04, "Actual Min Total Time": 907.177, "Actual Max Total Time": 907.177, "Filter": "((note)::text !~~ '%(as Metro-Goldwyn-Mayer Pictures)%'::text), (LLVM Optimized, Jit Execute)", "Rows Removed by Filter": 1272041, "Actual Rows": 1337087}, {"Node Type": "Hash", "Parent Relationship": "Inner", "Startup Cost": 137332.38, "Total Cost": 137332.38, "Plan Rows": 447839, "Plan Width": 29, "Actual Min Startup Time": 1356.656, "Actual Max Startup Time": 1356.656, "Actual Min Total Time": 1356.656, "Actual Max Total Time": 1356.656, "Max Hash Buckets": 524288, "Min Hash Buckets": 524288, "Max Hash Batches": 1, "Min Hash Batches": 1, "Max Original Hash Batches": 1, "Min Original Hash Batches": 1, "Max Peak Memory Usage": 1, "min Peak Memory Usage": 1, "Plans": [{"Node Type": "Hash Join", "Parent Relationship": "Outer", "Join Type": "Inner", "Startup Cost": 117321.13, "Total Cost": 137332.38, "Plan Rows": 447839, "Plan Width": 29, "Actual Min Startup Time": 1356.618, "Actual Max Startup Time": 1356.618, "Actual Min Total Time": 1356.632, "Actual Max Total Time": 1356.632, "Inner Unique": true, "Hash Cond": "(mi_idx.movie_id = t.id), (LLVM Optimized, Jit Execute)", "Plans": [{"Node Type": "Nested Loop", "Parent Relationship": "Outer", "Join Type": "Inner", "Startup Cost": 7502.06, "Total Cost": 21741.14, "Plan Rows": 345008, "Plan Width": 4, "Actual Min Startup Time": 0.134, "Actual Max Startup Time": 0.134, "Actual Min Total Time": 0.141, "Actual Max Total Time": 0.141, "Inner Unique": false, "Plans": [{"Node Type": "Seq Scan", "Parent Relationship": "Outer", "Relation Name": "info_type", "Alias": "it", "Startup Cost": 0.0, "Total Cost": 2.4, "Plan Rows": 1, "Plan Width": 4, "Actual Min Startup Time": 0.078, "Actual Max Startup Time": 0.078, "Actual Min Total Time": 0.082, "Actual Max Total Time": 0.082, "Filter": "((info)::text = 'bottom 10 rank'::text)", "Rows Removed by Filter": 111, "Actual Rows": 1}, {"Node Type": "Bitmap Heap Scan", "Parent Relationship": "Inner", "Relation Name": "movie_info_idx", "Alias": "mi_idx", "Startup Cost": 7502.06, "Total Cost": 18288.66, "Plan Rows": 345008, "Plan Width": 8, "Actual Min Startup Time": 0.04, "Actual Max Startup Time": 0.04, "Actual Min Total Time": 0.04, "Actual Max Total Time": 0.04, "Recheck Cond": "(info_type_id = it.id), (LLVM Optimized, Jit Execute)", "Rows Removed by Index Recheck": 0, "Exact Heap Blocks": 1, "Lossy Heap Blocks": 1, "Plans": [{"Node Type": "Bitmap Index Scan", "Parent Relationship": "Outer", "Index Name": "info_type_id_movie_info_idx", "Startup Cost": 0.0, "Total Cost": 7415.81, "Plan Rows": 345008, "Plan Width": 0, "Actual Min Startup Time": 0.024, "Actual Max Startup Time": 0.024, "Actual Min Total Time": 0.024, "Actual Max Total Time": 0.024, "Index Cond": "(info_type_id = it.id)", "Actual Rows": 10}], "Actual Rows": 10}], "Actual Rows": 10}, {"Node Type": "Hash", "Parent Relationship": "Inner", "Startup Cost": 92545.49, "Total Cost": 92545.49, "Plan Rows": 1381886, "Plan Width": 25, "Actual Min Startup Time": 1354.005, "Actual Max Startup Time": 1354.005, "Actual Min Total Time": 1354.005, "Actual Max Total Time": 1354.005, "Max Hash Buckets": 2097152, "Min Hash Buckets": 2097152, "Max Hash Batches": 1, "Min Hash Batches": 1, "Max Original Hash Batches": 1, "Min Original Hash Batches": 1, "Max Peak Memory Usage": 79393, "min Peak Memory Usage": 79393, "Plans": [{"Node Type": "Streaming(type: LOCAL GATHER dop: 1/64)", "Parent Relationship": "Outer", "Startup Cost": 0.0, "Total Cost": 92545.49, "Plan Rows": 1381886, "Plan Width": 25, "Actual Min Startup Time": 52.425, "Actual Max Startup Time": 52.425, "Actual Min Total Time": 720.093, "Actual Max Total Time": 720.093, "Plans": [{"Node Type": "Seq Scan", "Parent Relationship": "Outer", "Relation Name": "title", "Alias": "t", "Startup Cost": 0.0, "Total Cost": 64037.34, "Plan Rows": 1381886, "Plan Width": 25, "Actual Min Startup Time": 0.025, "Actual Max Startup Time": 0.049, "Actual Min Total Time": 14.614, "Actual Max Total Time": 18.729, "Filter": "(production_year > 2000), (LLVM Optimized, Jit Execute)", "Rows Removed by Filter": 1146858, "Actual Rows": 1381453}], "Actual Rows": 1381453}], "Actual Rows": 1381453}], "Actual Rows": 6}], "Actual Rows": 6}], "Actual Rows": 78}, {"Node Type": "Hash", "Parent Relationship": "Inner", "Startup Cost": 1.04, "Total Cost": 1.04, "Plan Rows": 1, "Plan Width": 4, "Actual Min Startup Time": 0.069, "Actual Max Startup Time": 0.069, "Actual Min Total Time": 0.069, "Actual Max Total Time": 0.069, "Max Hash Buckets": 32768, "Min Hash Buckets": 32768, "Max Hash Batches": 1, "Min Hash Batches": 1, "Max Original Hash Batches": 1, "Min Original Hash Batches": 1, "Max Peak Memory Usage": 1, "min Peak Memory Usage": 1, "Plans": [{"Node Type": "Seq Scan", "Parent Relationship": "Outer", "Relation Name": "company_type", "Alias": "ct", "Startup Cost": 0.0, "Total Cost": 1.04, "Plan Rows": 1, "Plan Width": 4, "Actual Min Startup Time": 0.042, "Actual Max Startup Time": 0.042, "Actual Min Total Time": 0.046, "Actual Max Total Time": 0.046, "Filter": "((kind)::text = 'production companies'::text)", "Rows Removed by Filter": 2, "Actual Rows": 1}], "Actual Rows": 1}], "Actual Rows": 4}], "Actual Rows": 1}, "Triggers": [], "Planner Runtime": 7, "Total Runtime": 2549.791, "Unique SQL Id": 2492542741}}, "(64, 7)": {"explain_plan": {"Plan": {"Node Type": "Aggregate", "Strategy": "Plain", "Startup Cost": 259667.26, "Total Cost": 259667.27, "Plan Rows": 1, "Plan Width": 113, "Plans": [{"Node Type": "Hash Join", "Parent Relationship": "Outer", "Join Type": "Inner", "Startup Cost": 196064.72, "Total Cost": 254788.06, "Plan Rows": 650559, "Plan Width": 45, "Inner Unique": false, "Hash Cond": "(mc.movie_id = t.id), (LLVM Optimized)", "Plans": [{"Node Type": "Nested Loop", "Parent Relationship": "Outer", "Join Type": "Inner", "Startup Cost": 29278.87, "Total Cost": 77622.54, "Plan Rows": 1304518, "Plan Width": 28, "Inner Unique": false, "Plans": [{"Node Type": "Bitmap Heap Scan", "Parent Relationship": "Outer", "Relation Name": "company_type", "Alias": "ct", "Startup Cost": 8.27, "Total Cost": 12.3, "Plan Rows": 1, "Plan Width": 4, "Filter": "((kind)::text = 'production companies'::text)", "Plans": [{"Node Type": "Bitmap Index Scan", "Parent Relationship": "Outer", "Index Name": "company_type_pkey", "Startup Cost": 0.0, "Total Cost": 8.27, "Plan Rows": 3, "Plan Width": 0}]}, {"Node Type": "Bitmap Heap Scan", "Parent Relationship": "Inner", "Relation Name": "movie_companies", "Alias": "mc", "Startup Cost": 29270.61, "Total Cost": 64565.07, "Plan Rows": 1304517, "Plan Width": 32, "Recheck Cond": "(company_type_id = ct.id), (LLVM Optimized)", "Filter": "((note)::text !~~ '%(as Metro-Goldwyn-Mayer Pictures)%'::text), (LLVM Optimized)", "Plans": [{"Node Type": "Bitmap Index Scan", "Parent Relationship": "Outer", "Index Name": "company_type_id_movie_companies", "Startup Cost": 0.0, "Total Cost": 28944.48, "Plan Rows": 1304564, "Plan Width": 0, "Index Cond": "(company_type_id = ct.id)"}]}]}, {"Node Type": "Hash", "Parent Relationship": "Inner", "Startup Cost": 161187.86, "Total Cost": 161187.86, "Plan Rows": 447839, "Plan Width": 29, "Plans": [{"Node Type": "Hash Join", "Parent Relationship": "Outer", "Join Type": "Inner", "Startup Cost": 141173.61, "Total Cost": 161187.86, "Plan Rows": 447839, "Plan Width": 29, "Inner Unique": true, "Hash Cond": "(mi_idx.movie_id = t.id), (LLVM Optimized)", "Plans": [{"Node Type": "Nested Loop", "Parent Relationship": "Outer", "Join Type": "Inner", "Startup Cost": 7510.87, "Total Cost": 21752.95, "Plan Rows": 345008, "Plan Width": 4, "Inner Unique": false, "Plans": [{"Node Type": "Bitmap Heap Scan", "Parent Relationship": "Outer", "Relation Name": "info_type", "Alias": "it", "Startup Cost": 8.81, "Total Cost": 14.21, "Plan Rows": 1, "Plan Width": 4, "Filter": "((info)::text = 'bottom 10 rank'::text)", "Plans": [{"Node Type": "Bitmap Index Scan", "Parent Relationship": "Outer", "Index Name": "info_type_pkey", "Startup Cost": 0.0, "Total Cost": 8.81, "Plan Rows": 112, "Plan Width": 0}]}, {"Node Type": "Bitmap Heap Scan", "Parent Relationship": "Inner", "Relation Name": "movie_info_idx", "Alias": "mi_idx", "Startup Cost": 7502.06, "Total Cost": 18288.66, "Plan Rows": 345008, "Plan Width": 8, "Recheck Cond": "(info_type_id = it.id), (LLVM Optimized)", "Plans": [{"Node Type": "Bitmap Index Scan", "Parent Relationship": "Outer", "Index Name": "info_type_id_movie_info_idx", "Startup Cost": 0.0, "Total Cost": 7415.81, "Plan Rows": 345008, "Plan Width": 0, "Index Cond": "(info_type_id = it.id)"}]}]}, {"Node Type": "Hash", "Parent Relationship": "Inner", "Startup Cost": 116389.16, "Total Cost": 116389.16, "Plan Rows": 1381886, "Plan Width": 25, "Plans": [{"Node Type": "Bitmap Heap Scan", "Parent Relationship": "Outer", "Relation Name": "title", "Alias": "t", "Startup Cost": 49999.28, "Total Cost": 116389.16, "Plan Rows": 1381886, "Plan Width": 25, "Filter": "(production_year > 2000), (LLVM Optimized)", "Plans": [{"Node Type": "Bitmap Index Scan", "Parent Relationship": "Outer", "Index Name": "title_pkey", "Startup Cost": 0.0, "Total Cost": 49653.81, "Plan Rows": 2528311, "Plan Width": 0}]}]}]}]}]}]}, "Unique SQL Id": 2492542741, "Planner Runtime": 9}, "explain_analyze_plan": {"Plan": {"Node Type": "Aggregate", "Strategy": "Plain", "Startup Cost": 259667.26, "Total Cost": 259667.27, "Plan Rows": 1, "Plan Width": 113, "Actual Startup Time": 2842.228, "Actual Total Time": 2842.228, "Actual Rows": 1, "Actual Loops": 1, "Plans": [{"Node Type": "Hash Join", "Parent Relationship": "Outer", "Join Type": "Inner", "Startup Cost": 196064.72, "Total Cost": 254788.06, "Plan Rows": 650559, "Plan Width": 45, "Actual Startup Time": 2595.719, "Actual Total Time": 2842.183, "Actual Rows": 4, "Actual Loops": 1, "Inner Unique": false, "Hash Cond": "(mc.movie_id = t.id), (LLVM Optimized, Jit Execute)", "Plans": [{"Node Type": "Nested Loop", "Parent Relationship": "Outer", "Join Type": "Inner", "Startup Cost": 29278.87, "Total Cost": 77622.54, "Plan Rows": 1304518, "Plan Width": 28, "Actual Startup Time": 145.789, "Actual Total Time": 612.976, "Actual Rows": 140904, "Actual Loops": 1, "Inner Unique": false, "Plans": [{"Node Type": "Bitmap Heap Scan", "Parent Relationship": "Outer", "Relation Name": "company_type", "Alias": "ct", "Startup Cost": 8.27, "Total Cost": 12.3, "Plan Rows": 1, "Plan Width": 4, "Actual Startup Time": 0.034, "Actual Total Time": 0.041, "Actual Rows": 1, "Actual Loops": 1, "Filter": "((kind)::text = 'production companies'::text)", "Rows Removed by Filter": 2, "Exact Heap Blocks": 1, "Lossy Heap Blocks": 1, "Plans": [{"Node Type": "Bitmap Index Scan", "Parent Relationship": "Outer", "Index Name": "company_type_pkey", "Startup Cost": 0.0, "Total Cost": 8.27, "Plan Rows": 3, "Plan Width": 0, "Actual Startup Time": 0.015, "Actual Total Time": 0.015, "Actual Rows": 3, "Actual Loops": 1}]}, {"Node Type": "Bitmap Heap Scan", "Parent Relationship": "Inner", "Relation Name": "movie_companies", "Alias": "mc", "Startup Cost": 29270.61, "Total Cost": 64565.07, "Plan Rows": 1304517, "Plan Width": 32, "Actual Startup Time": 145.748, "Actual Total Time": 585.465, "Actual Rows": 140904, "Actual Loops": 1, "Recheck Cond": "(company_type_id = ct.id), (LLVM Optimized, Jit Execute)", "Rows Removed by Index Recheck": 0, "Filter": "((note)::text !~~ '%(as Metro-Goldwyn-Mayer Pictures)%'::text), (LLVM Optimized, Jit Execute)", "Rows Removed by Filter": 1193979, "Exact Heap Blocks": 6196, "Lossy Heap Blocks": 6196, "Plans": [{"Node Type": "Bitmap Index Scan", "Parent Relationship": "Outer", "Index Name": "company_type_id_movie_companies", "Startup Cost": 0.0, "Total Cost": 28944.48, "Plan Rows": 1304564, "Plan Width": 0, "Actual Startup Time": 144.542, "Actual Total Time": 144.542, "Actual Rows": 1334883, "Actual Loops": 1, "Index Cond": "(company_type_id = ct.id)"}]}]}, {"Node Type": "Hash", "Parent Relationship": "Inner", "Startup Cost": 161187.86, "Total Cost": 161187.86, "Plan Rows": 447839, "Plan Width": 29, "Actual Startup Time": 2199.499, "Actual Total Time": 2199.499, "Actual Rows": 6, "Actual Loops": 1, "Hash Buckets": 524288, "Hash Batches": 1, "Original Hash Batches": 1, "Peak Memory Usage": 1, "Plans": [{"Node Type": "Hash Join", "Parent Relationship": "Outer", "Join Type": "Inner", "Startup Cost": 141173.61, "Total Cost": 161187.86, "Plan Rows": 447839, "Plan Width": 29, "Actual Startup Time": 2199.477, "Actual Total Time": 2199.492, "Actual Rows": 6, "Actual Loops": 1, "Inner Unique": true, "Hash Cond": "(mi_idx.movie_id = t.id), (LLVM Optimized, Jit Execute)", "Plans": [{"Node Type": "Nested Loop", "Parent Relationship": "Outer", "Join Type": "Inner", "Startup Cost": 7510.87, "Total Cost": 21752.95, "Plan Rows": 345008, "Plan Width": 4, "Actual Startup Time": 0.139, "Actual Total Time": 0.153, "Actual Rows": 10, "Actual Loops": 1, "Inner Unique": false, "Plans": [{"Node Type": "Bitmap Heap Scan", "Parent Relationship": "Outer", "Relation Name": "info_type", "Alias": "it", "Startup Cost": 8.81, "Total Cost": 14.21, "Plan Rows": 1, "Plan Width": 4, "Actual Startup Time": 0.094, "Actual Total Time": 0.096, "Actual Rows": 1, "Actual Loops": 1, "Filter": "((info)::text = 'bottom 10 rank'::text)", "Rows Removed by Filter": 111, "Exact Heap Blocks": 1, "Lossy Heap Blocks": 1, "Plans": [{"Node Type": "Bitmap Index Scan", "Parent Relationship": "Outer", "Index Name": "info_type_pkey", "Startup Cost": 0.0, "Total Cost": 8.81, "Plan Rows": 112, "Plan Width": 0, "Actual Startup Time": 0.018, "Actual Total Time": 0.018, "Actual Rows": 112, "Actual Loops": 1}]}, {"Node Type": "Bitmap Heap Scan", "Parent Relationship": "Inner", "Relation Name": "movie_info_idx", "Alias": "mi_idx", "Startup Cost": 7502.06, "Total Cost": 18288.66, "Plan Rows": 345008, "Plan Width": 8, "Actual Startup Time": 0.033, "Actual Total Time": 0.039, "Actual Rows": 10, "Actual Loops": 1, "Recheck Cond": "(info_type_id = it.id), (LLVM Optimized, Jit Execute)", "Rows Removed by Index Recheck": 0, "Exact Heap Blocks": 1, "Lossy Heap Blocks": 1, "Plans": [{"Node Type": "Bitmap Index Scan", "Parent Relationship": "Outer", "Index Name": "info_type_id_movie_info_idx", "Startup Cost": 0.0, "Total Cost": 7415.81, "Plan Rows": 345008, "Plan Width": 0, "Actual Startup Time": 0.013, "Actual Total Time": 0.013, "Actual Rows": 10, "Actual Loops": 1, "Index Cond": "(info_type_id = it.id)"}]}]}, {"Node Type": "Hash", "Parent Relationship": "Inner", "Startup Cost": 116389.16, "Total Cost": 116389.16, "Plan Rows": 1381886, "Plan Width": 25, "Actual Startup Time": 2197.3, "Actual Total Time": 2197.3, "Actual Rows": 1381453, "Actual Loops": 1, "Hash Buckets": 2097152, "Hash Batches": 1, "Original Hash Batches": 1, "Peak Memory Usage": 79393, "Plans": [{"Node Type": "Bitmap Heap Scan", "Parent Relationship": "Outer", "Relation Name": "title", "Alias": "t", "Startup Cost": 49999.28, "Total Cost": 116389.16, "Plan Rows": 1381886, "Plan Width": 25, "Actual Startup Time": 312.761, "Actual Total Time": 1576.915, "Actual Rows": 1381453, "Actual Loops": 1, "Filter": "(production_year > 2000), (LLVM Optimized, Jit Execute)", "Rows Removed by Filter": 1146858, "Exact Heap Blocks": 34786, "Lossy Heap Blocks": 34786, "Plans": [{"Node Type": "Bitmap Index Scan", "Parent Relationship": "Outer", "Index Name": "title_pkey", "Startup Cost": 0.0, "Total Cost": 49653.81, "Plan Rows": 2528311, "Plan Width": 0, "Actual Startup Time": 304.689, "Actual Total Time": 304.689, "Actual Rows": 2528311, "Actual Loops": 1}]}]}]}]}]}]}, "Triggers": [], "Planner Runtime": 5, "Total Runtime": 2853.319, "Unique SQL Id": 2492542741}}, "(64, 8)": {"explain_plan": {"Plan": {"Node Type": "Aggregate", "Strategy": "Plain", "Startup Cost": 230727.96, "Total Cost": 230727.97, "Plan Rows": 1, "Plan Width": 113, "Plans": [{"Node Type": "Hash Join", "Parent Relationship": "Outer", "Join Type": "Inner", "Startup Cost": 148375.81, "Total Cost": 225848.77, "Plan Rows": 650559, "Plan Width": 45, "Inner Unique": true, "Hash Cond": "(mc.company_type_id = ct.id), (LLVM Optimized)", "Plans": [{"Node Type": "Hash Join", "Parent Relationship": "Outer", "Join Type": "Inner", "Startup Cost": 148374.76, "Total Cost": 217260.4, "Plan Rows": 1055184, "Plan Width": 49, "Inner Unique": false, "Hash Cond": "(mc.movie_id = t.id), (LLVM Optimized)", "Plans": [{"Node Type": "Seq Scan", "Parent Relationship": "Outer", "Relation Name": "movie_companies", "Alias": "mc", "Startup Cost": 0.0, "Total Cost": 48340.1, "Plan Rows": 2609035, "Plan Width": 32, "Filter": "((note)::text !~~ '%(as Metro-Goldwyn-Mayer Pictures)%'::text), (LLVM Optimized)"}, {"Node Type": "Hash", "Parent Relationship": "Inner", "Startup Cost": 142776.78, "Total Cost": 142776.78, "Plan Rows": 447839, "Plan Width": 29, "Plans": [{"Node Type": "Hash Join", "Parent Relationship": "Outer", "Join Type": "Inner", "Startup Cost": 109821.48, "Total Cost": 142776.78, "Plan Rows": 447839, "Plan Width": 29, "Inner Unique": true, "Hash Cond": "(mi_idx.movie_id = t.id), (LLVM Optimized)", "Plans": [{"Node Type": "Hash Join", "Parent Relationship": "Outer", "Join Type": "Inner", "Startup Cost": 2.41, "Total Cost": 27185.54, "Plan Rows": 345008, "Plan Width": 4, "Inner Unique": true, "Hash Cond": "(mi_idx.info_type_id = it.id), (LLVM Optimized)", "Plans": [{"Node Type": "Seq Scan", "Parent Relationship": "Outer", "Relation Name": "movie_info_idx", "Alias": "mi_idx", "Startup Cost": 0.0, "Total Cost": 20274.34, "Plan Rows": 1380034, "Plan Width": 8}, {"Node Type": "Hash", "Parent Relationship": "Inner", "Startup Cost": 2.4, "Total Cost": 2.4, "Plan Rows": 1, "Plan Width": 4, "Plans": [{"Node Type": "Seq Scan", "Parent Relationship": "Outer", "Relation Name": "info_type", "Alias": "it", "Startup Cost": 0.0, "Total Cost": 2.4, "Plan Rows": 1, "Plan Width": 4, "Filter": "((info)::text = 'bottom 10 rank'::text)"}]}]}, {"Node Type": "Hash", "Parent Relationship": "Inner", "Startup Cost": 92545.49, "Total Cost": 92545.49, "Plan Rows": 1381886, "Plan Width": 25, "Plans": [{"Node Type": "Streaming(type: LOCAL GATHER dop: 1/64)", "Parent Relationship": "Outer", "Startup Cost": 0.0, "Total Cost": 92545.49, "Plan Rows": 1381886, "Plan Width": 25, "Plans": [{"Node Type": "Seq Scan", "Parent Relationship": "Outer", "Relation Name": "title", "Alias": "t", "Startup Cost": 0.0, "Total Cost": 64037.34, "Plan Rows": 1381886, "Plan Width": 25, "Filter": "(production_year > 2000), (LLVM Optimized)"}]}]}]}]}]}, {"Node Type": "Hash", "Parent Relationship": "Inner", "Startup Cost": 1.04, "Total Cost": 1.04, "Plan Rows": 1, "Plan Width": 4, "Plans": [{"Node Type": "Seq Scan", "Parent Relationship": "Outer", "Relation Name": "company_type", "Alias": "ct", "Startup Cost": 0.0, "Total Cost": 1.04, "Plan Rows": 1, "Plan Width": 4, "Filter": "((kind)::text = 'production companies'::text)"}]}]}]}, "Unique SQL Id": 2492542741, "Planner Runtime": 12}, "explain_analyze_plan": {"Plan": {"Node Type": "Aggregate", "Strategy": "Plain", "Startup Cost": 230727.96, "Total Cost": 230727.97, "Plan Rows": 1, "Plan Width": 113, "Actual Min Startup Time": 3001.109, "Actual Max Startup Time": 3001.109, "Actual Min Total Time": 3001.11, "Actual Max Total Time": 3001.11, "Plans": [{"Node Type": "Hash Join", "Parent Relationship": "Outer", "Join Type": "Inner", "Startup Cost": 148375.81, "Total Cost": 225848.77, "Plan Rows": 650559, "Plan Width": 45, "Actual Min Startup Time": 2826.935, "Actual Max Startup Time": 2826.935, "Actual Min Total Time": 3001.05, "Actual Max Total Time": 3001.05, "Inner Unique": true, "Hash Cond": "(mc.company_type_id = ct.id), (LLVM Optimized, Jit Execute)", "Plans": [{"Node Type": "Hash Join", "Parent Relationship": "Outer", "Join Type": "Inner", "Startup Cost": 148374.76, "Total Cost": 217260.4, "Plan Rows": 1055184, "Plan Width": 49, "Actual Min Startup Time": 2128.871, "Actual Max Startup Time": 2128.871, "Actual Min Total Time": 3000.762, "Actual Max Total Time": 3000.762, "Inner Unique": false, "Hash Cond": "(mc.movie_id = t.id), (LLVM Optimized, Jit Execute)", "Plans": [{"Node Type": "Seq Scan", "Parent Relationship": "Outer", "Relation Name": "movie_companies", "Alias": "mc", "Startup Cost": 0.0, "Total Cost": 48340.1, "Plan Rows": 2609035, "Plan Width": 32, "Actual Min Startup Time": 0.059, "Actual Max Startup Time": 0.059, "Actual Min Total Time": 914.102, "Actual Max Total Time": 914.102, "Filter": "((note)::text !~~ '%(as Metro-Goldwyn-Mayer Pictures)%'::text), (LLVM Optimized, Jit Execute)", "Rows Removed by Filter": 1272041, "Actual Rows": 1337087}, {"Node Type": "Hash", "Parent Relationship": "Inner", "Startup Cost": 142776.78, "Total Cost": 142776.78, "Plan Rows": 447839, "Plan Width": 29, "Actual Min Startup Time": 1821.283, "Actual Max Startup Time": 1821.283, "Actual Min Total Time": 1821.283, "Actual Max Total Time": 1821.283, "Max Hash Buckets": 524288, "Min Hash Buckets": 524288, "Max Hash Batches": 1, "Min Hash Batches": 1, "Max Original Hash Batches": 1, "Min Original Hash Batches": 1, "Max Peak Memory Usage": 1, "min Peak Memory Usage": 1, "Plans": [{"Node Type": "Hash Join", "Parent Relationship": "Outer", "Join Type": "Inner", "Startup Cost": 109821.48, "Total Cost": 142776.78, "Plan Rows": 447839, "Plan Width": 29, "Actual Min Startup Time": 1821.202, "Actual Max Startup Time": 1821.202, "Actual Min Total Time": 1821.253, "Actual Max Total Time": 1821.253, "Inner Unique": true, "Hash Cond": "(mi_idx.movie_id = t.id), (LLVM Optimized, Jit Execute)", "Plans": [{"Node Type": "Hash Join", "Parent Relationship": "Outer", "Join Type": "Inner", "Startup Cost": 2.41, "Total Cost": 27185.54, "Plan Rows": 345008, "Plan Width": 4, "Actual Min Startup Time": 530.91, "Actual Max Startup Time": 530.91, "Actual Min Total Time": 530.917, "Actual Max Total Time": 530.917, "Inner Unique": true, "Hash Cond": "(mi_idx.info_type_id = it.id), (LLVM Optimized, Jit Execute)", "Plans": [{"Node Type": "Seq Scan", "Parent Relationship": "Outer", "Relation Name": "movie_info_idx", "Alias": "mi_idx", "Startup Cost": 0.0, "Total Cost": 20274.34, "Plan Rows": 1380034, "Plan Width": 8, "Actual Min Startup Time": 0.047, "Actual Max Startup Time": 0.047, "Actual Min Total Time": 299.951, "Actual Max Total Time": 299.951, "Actual Rows": 1380034}, {"Node Type": "Hash", "Parent Relationship": "Inner", "Startup Cost": 2.4, "Total Cost": 2.4, "Plan Rows": 1, "Plan Width": 4, "Actual Min Startup Time": 0.09, "Actual Max Startup Time": 0.09, "Actual Min Total Time": 0.09, "Actual Max Total Time": 0.09, "Max Hash Buckets": 32768, "Min Hash Buckets": 32768, "Max Hash Batches": 1, "Min Hash Batches": 1, "Max Original Hash Batches": 1, "Min Original Hash Batches": 1, "Max Peak Memory Usage": 1, "min Peak Memory Usage": 1, "Plans": [{"Node Type": "Seq Scan", "Parent Relationship": "Outer", "Relation Name": "info_type", "Alias": "it", "Startup Cost": 0.0, "Total Cost": 2.4, "Plan Rows": 1, "Plan Width": 4, "Actual Min Startup Time": 0.075, "Actual Max Startup Time": 0.075, "Actual Min Total Time": 0.077, "Actual Max Total Time": 0.077, "Filter": "((info)::text = 'bottom 10 rank'::text)", "Rows Removed by Filter": 111, "Actual Rows": 1}], "Actual Rows": 1}], "Actual Rows": 10}, {"Node Type": "Hash", "Parent Relationship": "Inner", "Startup Cost": 92545.49, "Total Cost": 92545.49, "Plan Rows": 1381886, "Plan Width": 25, "Actual Min Startup Time": 1287.765, "Actual Max Startup Time": 1287.765, "Actual Min Total Time": 1287.765, "Actual Max Total Time": 1287.765, "Max Hash Buckets": 2097152, "Min Hash Buckets": 2097152, "Max Hash Batches": 1, "Min Hash Batches": 1, "Max Original Hash Batches": 1, "Min Original Hash Batches": 1, "Max Peak Memory Usage": 79393, "min Peak Memory Usage": 79393, "Plans": [{"Node Type": "Streaming(type: LOCAL GATHER dop: 1/64)", "Parent Relationship": "Outer", "Startup Cost": 0.0, "Total Cost": 92545.49, "Plan Rows": 1381886, "Plan Width": 25, "Actual Min Startup Time": 38.785, "Actual Max Startup Time": 38.785, "Actual Min Total Time": 711.052, "Actual Max Total Time": 711.052, "Plans": [{"Node Type": "Seq Scan", "Parent Relationship": "Outer", "Relation Name": "title", "Alias": "t", "Startup Cost": 0.0, "Total Cost": 64037.34, "Plan Rows": 1381886, "Plan Width": 25, "Actual Min Startup Time": 0.026, "Actual Max Startup Time": 0.057, "Actual Min Total Time": 14.87, "Actual Max Total Time": 19.066, "Filter": "(production_year > 2000), (LLVM Optimized, Jit Execute)", "Rows Removed by Filter": 1146858, "Actual Rows": 1381453}], "Actual Rows": 1381453}], "Actual Rows": 1381453}], "Actual Rows": 6}], "Actual Rows": 6}], "Actual Rows": 78}, {"Node Type": "Hash", "Parent Relationship": "Inner", "Startup Cost": 1.04, "Total Cost": 1.04, "Plan Rows": 1, "Plan Width": 4, "Actual Min Startup Time": 0.063, "Actual Max Startup Time": 0.063, "Actual Min Total Time": 0.063, "Actual Max Total Time": 0.063, "Max Hash Buckets": 32768, "Min Hash Buckets": 32768, "Max Hash Batches": 1, "Min Hash Batches": 1, "Max Original Hash Batches": 1, "Min Original Hash Batches": 1, "Max Peak Memory Usage": 1, "min Peak Memory Usage": 1, "Plans": [{"Node Type": "Seq Scan", "Parent Relationship": "Outer", "Relation Name": "company_type", "Alias": "ct", "Startup Cost": 0.0, "Total Cost": 1.04, "Plan Rows": 1, "Plan Width": 4, "Actual Min Startup Time": 0.042, "Actual Max Startup Time": 0.042, "Actual Min Total Time": 0.045, "Actual Max Total Time": 0.045, "Filter": "((kind)::text = 'production companies'::text)", "Rows Removed by Filter": 2, "Actual Rows": 1}], "Actual Rows": 1}], "Actual Rows": 4}], "Actual Rows": 1}, "Triggers": [], "Planner Runtime": 6, "Total Runtime": 3023.94, "Unique SQL Id": 2492542741}}, "(64, 9)": {"explain_plan": {"Plan": {"Node Type": "Aggregate", "Strategy": "Plain", "Startup Cost": 268118.48, "Total Cost": 268118.49, "Plan Rows": 1, "Plan Width": 113, "Plans": [{"Node Type": "Hash Join", "Parent Relationship": "Outer", "Join Type": "Inner", "Startup Cost": 183423.2, "Total Cost": 263239.28, "Plan Rows": 650559, "Plan Width": 45, "Inner Unique": false, "Hash Cond": "(mc.movie_id = t.id), (LLVM Optimized)", "Plans": [{"Node Type": "Nested Loop", "Parent Relationship": "Outer", "Join Type": "Inner", "Startup Cost": 0.0, "Total Cost": 69436.41, "Plan Rows": 1304518, "Plan Width": 28, "Inner Unique": false, "Plans": [{"Node Type": "Index Scan", "Parent Relationship": "Outer", "Scan Direction": "Forward", "Index Name": "company_type_pkey", "Relation Name": "company_type", "Alias": "ct", "Startup Cost": 0.0, "Total Cost": 12.3, "Plan Rows": 1, "Plan Width": 4, "Filter": "((kind)::text = 'production companies'::text)"}, {"Node Type": "Index Scan", "Parent Relationship": "Inner", "Scan Direction": "Forward", "Index Name": "company_type_id_movie_companies", "Relation Name": "movie_companies", "Alias": "mc", "Startup Cost": 0.0, "Total Cost": 56378.94, "Plan Rows": 1304517, "Plan Width": 32, "Index Cond": "(company_type_id = ct.id), (LLVM Optimized)", "Filter": "((note)::text !~~ '%(as Metro-Goldwyn-Mayer Pictures)%'::text), (LLVM Optimized)"}]}, {"Node Type": "Hash", "Parent Relationship": "Inner", "Startup Cost": 177825.21, "Total Cost": 177825.21, "Plan Rows": 447839, "Plan Width": 29, "Plans": [{"Node Type": "Hash Join", "Parent Relationship": "Outer", "Join Type": "Inner", "Startup Cost": 133714.84, "Total Cost": 177825.21, "Plan Rows": 447839, "Plan Width": 29, "Inner Unique": true, "Hash Cond": "(mi_idx.movie_id = t.id), (LLVM Optimized)", "Plans": [{"Node Type": "Nested Loop", "Parent Relationship": "Outer", "Join Type": "Inner", "Startup Cost": 0.0, "Total Cost": 38338.2, "Plan Rows": 345008, "Plan Width": 4, "Inner Unique": false, "Plans": [{"Node Type": "Index Scan", "Parent Relationship": "Outer", "Scan Direction": "Forward", "Index Name": "info_type_pkey", "Relation Name": "info_type", "Alias": "it", "Startup Cost": 0.0, "Total Cost": 14.21, "Plan Rows": 1, "Plan Width": 4, "Filter": "((info)::text = 'bottom 10 rank'::text)"}, {"Node Type": "Index Scan", "Parent Relationship": "Inner", "Scan Direction": "Forward", "Index Name": "info_type_id_movie_info_idx", "Relation Name": "movie_info_idx", "Alias": "mi_idx", "Startup Cost": 0.0, "Total Cost": 34873.91, "Plan Rows": 345008, "Plan Width": 8, "Index Cond": "(info_type_id = it.id), (LLVM Optimized)"}]}, {"Node Type": "Hash", "Parent Relationship": "Inner", "Startup Cost": 116441.27, "Total Cost": 116441.27, "Plan Rows": 1381886, "Plan Width": 25, "Plans": [{"Node Type": "Index Scan", "Parent Relationship": "Outer", "Scan Direction": "Forward", "Index Name": "title_pkey", "Relation Name": "title", "Alias": "t", "Startup Cost": 0.0, "Total Cost": 116441.27, "Plan Rows": 1381886, "Plan Width": 25, "Filter": "(production_year > 2000), (LLVM Optimized)"}]}]}]}]}]}, "Unique SQL Id": 2492542741, "Planner Runtime": 10}, "explain_analyze_plan": null}, "(64, 10)": {"explain_plan": {"Plan": {"Node Type": "Aggregate", "Strategy": "Plain", "Startup Cost": 230727.96, "Total Cost": 230727.97, "Plan Rows": 1, "Plan Width": 113, "Plans": [{"Node Type": "Hash Join", "Parent Relationship": "Outer", "Join Type": "Inner", "Startup Cost": 148375.81, "Total Cost": 225848.77, "Plan Rows": 650559, "Plan Width": 45, "Inner Unique": true, "Hash Cond": "(mc.company_type_id = ct.id), (LLVM Optimized)", "Plans": [{"Node Type": "Hash Join", "Parent Relationship": "Outer", "Join Type": "Inner", "Startup Cost": 148374.76, "Total Cost": 217260.4, "Plan Rows": 1055184, "Plan Width": 49, "Inner Unique": false, "Hash Cond": "(mc.movie_id = t.id), (LLVM Optimized)", "Plans": [{"Node Type": "Seq Scan", "Parent Relationship": "Outer", "Relation Name": "movie_companies", "Alias": "mc", "Startup Cost": 0.0, "Total Cost": 48340.1, "Plan Rows": 2609035, "Plan Width": 32, "Filter": "((note)::text !~~ '%(as Metro-Goldwyn-Mayer Pictures)%'::text), (LLVM Optimized)"}, {"Node Type": "Hash", "Parent Relationship": "Inner", "Startup Cost": 142776.78, "Total Cost": 142776.78, "Plan Rows": 447839, "Plan Width": 29, "Plans": [{"Node Type": "Hash Join", "Parent Relationship": "Outer", "Join Type": "Inner", "Startup Cost": 109821.48, "Total Cost": 142776.78, "Plan Rows": 447839, "Plan Width": 29, "Inner Unique": true, "Hash Cond": "(mi_idx.movie_id = t.id), (LLVM Optimized)", "Plans": [{"Node Type": "Hash Join", "Parent Relationship": "Outer", "Join Type": "Inner", "Startup Cost": 2.41, "Total Cost": 27185.54, "Plan Rows": 345008, "Plan Width": 4, "Inner Unique": true, "Hash Cond": "(mi_idx.info_type_id = it.id), (LLVM Optimized)", "Plans": [{"Node Type": "Seq Scan", "Parent Relationship": "Outer", "Relation Name": "movie_info_idx", "Alias": "mi_idx", "Startup Cost": 0.0, "Total Cost": 20274.34, "Plan Rows": 1380034, "Plan Width": 8}, {"Node Type": "Hash", "Parent Relationship": "Inner", "Startup Cost": 2.4, "Total Cost": 2.4, "Plan Rows": 1, "Plan Width": 4, "Plans": [{"Node Type": "Seq Scan", "Parent Relationship": "Outer", "Relation Name": "info_type", "Alias": "it", "Startup Cost": 0.0, "Total Cost": 2.4, "Plan Rows": 1, "Plan Width": 4, "Filter": "((info)::text = 'bottom 10 rank'::text)"}]}]}, {"Node Type": "Hash", "Parent Relationship": "Inner", "Startup Cost": 92545.49, "Total Cost": 92545.49, "Plan Rows": 1381886, "Plan Width": 25, "Plans": [{"Node Type": "Streaming(type: LOCAL GATHER dop: 1/64)", "Parent Relationship": "Outer", "Startup Cost": 0.0, "Total Cost": 92545.49, "Plan Rows": 1381886, "Plan Width": 25, "Plans": [{"Node Type": "Seq Scan", "Parent Relationship": "Outer", "Relation Name": "title", "Alias": "t", "Startup Cost": 0.0, "Total Cost": 64037.34, "Plan Rows": 1381886, "Plan Width": 25, "Filter": "(production_year > 2000), (LLVM Optimized)"}]}]}]}]}]}, {"Node Type": "Hash", "Parent Relationship": "Inner", "Startup Cost": 1.04, "Total Cost": 1.04, "Plan Rows": 1, "Plan Width": 4, "Plans": [{"Node Type": "Seq Scan", "Parent Relationship": "Outer", "Relation Name": "company_type", "Alias": "ct", "Startup Cost": 0.0, "Total Cost": 1.04, "Plan Rows": 1, "Plan Width": 4, "Filter": "((kind)::text = 'production companies'::text)"}]}]}]}, "Unique SQL Id": 2492542741, "Planner Runtime": 12}, "explain_analyze_plan": {"Plan": {"Node Type": "Aggregate", "Strategy": "Plain", "Startup Cost": 230727.96, "Total Cost": 230727.97, "Plan Rows": 1, "Plan Width": 113, "Actual Min Startup Time": 3001.109, "Actual Max Startup Time": 3001.109, "Actual Min Total Time": 3001.11, "Actual Max Total Time": 3001.11, "Plans": [{"Node Type": "Hash Join", "Parent Relationship": "Outer", "Join Type": "Inner", "Startup Cost": 148375.81, "Total Cost": 225848.77, "Plan Rows": 650559, "Plan Width": 45, "Actual Min Startup Time": 2826.935, "Actual Max Startup Time": 2826.935, "Actual Min Total Time": 3001.05, "Actual Max Total Time": 3001.05, "Inner Unique": true, "Hash Cond": "(mc.company_type_id = ct.id), (LLVM Optimized, Jit Execute)", "Plans": [{"Node Type": "Hash Join", "Parent Relationship": "Outer", "Join Type": "Inner", "Startup Cost": 148374.76, "Total Cost": 217260.4, "Plan Rows": 1055184, "Plan Width": 49, "Actual Min Startup Time": 2128.871, "Actual Max Startup Time": 2128.871, "Actual Min Total Time": 3000.762, "Actual Max Total Time": 3000.762, "Inner Unique": false, "Hash Cond": "(mc.movie_id = t.id), (LLVM Optimized, Jit Execute)", "Plans": [{"Node Type": "Seq Scan", "Parent Relationship": "Outer", "Relation Name": "movie_companies", "Alias": "mc", "Startup Cost": 0.0, "Total Cost": 48340.1, "Plan Rows": 2609035, "Plan Width": 32, "Actual Min Startup Time": 0.059, "Actual Max Startup Time": 0.059, "Actual Min Total Time": 914.102, "Actual Max Total Time": 914.102, "Filter": "((note)::text !~~ '%(as Metro-Goldwyn-Mayer Pictures)%'::text), (LLVM Optimized, Jit Execute)", "Rows Removed by Filter": 1272041, "Actual Rows": 1337087}, {"Node Type": "Hash", "Parent Relationship": "Inner", "Startup Cost": 142776.78, "Total Cost": 142776.78, "Plan Rows": 447839, "Plan Width": 29, "Actual Min Startup Time": 1821.283, "Actual Max Startup Time": 1821.283, "Actual Min Total Time": 1821.283, "Actual Max Total Time": 1821.283, "Max Hash Buckets": 524288, "Min Hash Buckets": 524288, "Max Hash Batches": 1, "Min Hash Batches": 1, "Max Original Hash Batches": 1, "Min Original Hash Batches": 1, "Max Peak Memory Usage": 1, "min Peak Memory Usage": 1, "Plans": [{"Node Type": "Hash Join", "Parent Relationship": "Outer", "Join Type": "Inner", "Startup Cost": 109821.48, "Total Cost": 142776.78, "Plan Rows": 447839, "Plan Width": 29, "Actual Min Startup Time": 1821.202, "Actual Max Startup Time": 1821.202, "Actual Min Total Time": 1821.253, "Actual Max Total Time": 1821.253, "Inner Unique": true, "Hash Cond": "(mi_idx.movie_id = t.id), (LLVM Optimized, Jit Execute)", "Plans": [{"Node Type": "Hash Join", "Parent Relationship": "Outer", "Join Type": "Inner", "Startup Cost": 2.41, "Total Cost": 27185.54, "Plan Rows": 345008, "Plan Width": 4, "Actual Min Startup Time": 530.91, "Actual Max Startup Time": 530.91, "Actual Min Total Time": 530.917, "Actual Max Total Time": 530.917, "Inner Unique": true, "Hash Cond": "(mi_idx.info_type_id = it.id), (LLVM Optimized, Jit Execute)", "Plans": [{"Node Type": "Seq Scan", "Parent Relationship": "Outer", "Relation Name": "movie_info_idx", "Alias": "mi_idx", "Startup Cost": 0.0, "Total Cost": 20274.34, "Plan Rows": 1380034, "Plan Width": 8, "Actual Min Startup Time": 0.047, "Actual Max Startup Time": 0.047, "Actual Min Total Time": 299.951, "Actual Max Total Time": 299.951, "Actual Rows": 1380034}, {"Node Type": "Hash", "Parent Relationship": "Inner", "Startup Cost": 2.4, "Total Cost": 2.4, "Plan Rows": 1, "Plan Width": 4, "Actual Min Startup Time": 0.09, "Actual Max Startup Time": 0.09, "Actual Min Total Time": 0.09, "Actual Max Total Time": 0.09, "Max Hash Buckets": 32768, "Min Hash Buckets": 32768, "Max Hash Batches": 1, "Min Hash Batches": 1, "Max Original Hash Batches": 1, "Min Original Hash Batches": 1, "Max Peak Memory Usage": 1, "min Peak Memory Usage": 1, "Plans": [{"Node Type": "Seq Scan", "Parent Relationship": "Outer", "Relation Name": "info_type", "Alias": "it", "Startup Cost": 0.0, "Total Cost": 2.4, "Plan Rows": 1, "Plan Width": 4, "Actual Min Startup Time": 0.075, "Actual Max Startup Time": 0.075, "Actual Min Total Time": 0.077, "Actual Max Total Time": 0.077, "Filter": "((info)::text = 'bottom 10 rank'::text)", "Rows Removed by Filter": 111, "Actual Rows": 1}], "Actual Rows": 1}], "Actual Rows": 10}, {"Node Type": "Hash", "Parent Relationship": "Inner", "Startup Cost": 92545.49, "Total Cost": 92545.49, "Plan Rows": 1381886, "Plan Width": 25, "Actual Min Startup Time": 1287.765, "Actual Max Startup Time": 1287.765, "Actual Min Total Time": 1287.765, "Actual Max Total Time": 1287.765, "Max Hash Buckets": 2097152, "Min Hash Buckets": 2097152, "Max Hash Batches": 1, "Min Hash Batches": 1, "Max Original Hash Batches": 1, "Min Original Hash Batches": 1, "Max Peak Memory Usage": 79393, "min Peak Memory Usage": 79393, "Plans": [{"Node Type": "Streaming(type: LOCAL GATHER dop: 1/64)", "Parent Relationship": "Outer", "Startup Cost": 0.0, "Total Cost": 92545.49, "Plan Rows": 1381886, "Plan Width": 25, "Actual Min Startup Time": 38.785, "Actual Max Startup Time": 38.785, "Actual Min Total Time": 711.052, "Actual Max Total Time": 711.052, "Plans": [{"Node Type": "Seq Scan", "Parent Relationship": "Outer", "Relation Name": "title", "Alias": "t", "Startup Cost": 0.0, "Total Cost": 64037.34, "Plan Rows": 1381886, "Plan Width": 25, "Actual Min Startup Time": 0.026, "Actual Max Startup Time": 0.057, "Actual Min Total Time": 14.87, "Actual Max Total Time": 19.066, "Filter": "(production_year > 2000), (LLVM Optimized, Jit Execute)", "Rows Removed by Filter": 1146858, "Actual Rows": 1381453}], "Actual Rows": 1381453}], "Actual Rows": 1381453}], "Actual Rows": 6}], "Actual Rows": 6}], "Actual Rows": 78}, {"Node Type": "Hash", "Parent Relationship": "Inner", "Startup Cost": 1.04, "Total Cost": 1.04, "Plan Rows": 1, "Plan Width": 4, "Actual Min Startup Time": 0.063, "Actual Max Startup Time": 0.063, "Actual Min Total Time": 0.063, "Actual Max Total Time": 0.063, "Max Hash Buckets": 32768, "Min Hash Buckets": 32768, "Max Hash Batches": 1, "Min Hash Batches": 1, "Max Original Hash Batches": 1, "Min Original Hash Batches": 1, "Max Peak Memory Usage": 1, "min Peak Memory Usage": 1, "Plans": [{"Node Type": "Seq Scan", "Parent Relationship": "Outer", "Relation Name": "company_type", "Alias": "ct", "Startup Cost": 0.0, "Total Cost": 1.04, "Plan Rows": 1, "Plan Width": 4, "Actual Min Startup Time": 0.042, "Actual Max Startup Time": 0.042, "Actual Min Total Time": 0.045, "Actual Max Total Time": 0.045, "Filter": "((kind)::text = 'production companies'::text)", "Rows Removed by Filter": 2, "Actual Rows": 1}], "Actual Rows": 1}], "Actual Rows": 4}], "Actual Rows": 1}, "Triggers": [], "Planner Runtime": 6, "Total Runtime": 3023.94, "Unique SQL Id": 2492542741}}, "(64, 11)": {"explain_plan": {"Plan": {"Node Type": "Aggregate", "Strategy": "Plain", "Startup Cost": 4997226399715.34, "Total Cost": 4997226399715.35, "Plan Rows": 1, "Plan Width": 113, "Plans": [{"Node Type": "Nested Loop", "Parent Relationship": "Outer", "Join Type": "Inner", "Startup Cost": 50027231635.11, "Total Cost": 4997226394836.15, "Plan Rows": 650559, "Plan Width": 45, "Inner Unique": false, "Join Filter": "(mi_idx.info_type_id = it.id), (LLVM Optimized)", "Plans": [{"Node Type": "Index Scan", "Parent Relationship": "Outer", "Scan Direction": "Forward", "Index Name": "info_type_pkey", "Relation Name": "info_type", "Alias": "it", "Startup Cost": 10000000000.0, "Total Cost": 1000000001421.0, "Plan Rows": 1, "Plan Width": 4, "Filter": "((info)::text = 'bottom 10 rank'::text)"}, {"Node Type": "Nested Loop", "Parent Relationship": "Inner", "Join Type": "Inner", "Startup Cost": 40027231635.11, "Total Cost": 3997226360887.19, "Plan Rows": 2602236, "Plan Width": 49, "Inner Unique": false, "Join Filter": "(mc.company_type_id = ct.id), (LLVM Optimized)", "Plans": [{"Node Type": "Index Scan", "Parent Relationship": "Outer", "Scan Direction": "Forward", "Index Name": "company_type_pkey", "Relation Name": "company_type", "Alias": "ct", "Startup Cost": 10000000000.0, "Total Cost": 1000000001230.25, "Plan Rows": 1, "Plan Width": 4, "Filter": "((kind)::text = 'production companies'::text)"}, {"Node Type": "Merge Join", "Parent Relationship": "Inner", "Join Type": "Inner", "Startup Cost": 30027231635.11, "Total Cost": 2997226306897.65, "Plan Rows": 4220744, "Plan Width": 53, "Inner Unique": false, "Merge Cond": "(mi_idx.movie_id = t.id)", "Plans": [{"Node Type": "Index Scan", "Parent Relationship": "Outer", "Scan Direction": "Forward", "Index Name": "movie_id_movie_info_idx", "Relation Name": "movie_info_idx", "Alias": "mi_idx", "Startup Cost": 10000000000.0, "Total Cost": 1000004650035.37, "Plan Rows": 1380034, "Plan Width": 8}, {"Node Type": "Materialize", "Parent Relationship": "Inner", "Startup Cost": 20021492619.09, "Total Cost": 1999076868999.12, "Plan Rows": 3320699, "Plan Width": 57, "Plans": [{"Node Type": "Merge Join", "Parent Relationship": "Outer", "Join Type": "Inner", "Startup Cost": 20021492619.09, "Total Cost": 1999076860697.37, "Plan Rows": 3320699, "Plan Width": 57, "Inner Unique": false, "Merge Cond": "(t.id = mc.movie_id)", "Plans": [{"Node Type": "Index Scan", "Parent Relationship": "Outer", "Scan Direction": "Forward", "Index Name": "title_pkey", "Relation Name": "title", "Alias": "t", "Startup Cost": 10000000000.0, "Total Cost": 1000011644126.66, "Plan Rows": 1381886, "Plan Width": 25, "Filter": "(production_year > 2000), (LLVM Optimized)"}, {"Node Type": "Materialize", "Parent Relationship": "Inner", "Startup Cost": 10000000000.0, "Total Cost": 1000013710750.72, "Plan Rows": 2609035, "Plan Width": 32, "Plans": [{"Node Type": "Index Scan", "Parent Relationship": "Outer", "Scan Direction": "Forward", "Index Name": "movie_id_movie_companies", "Relation Name": "movie_companies", "Alias": "mc", "Startup Cost": 10000000000.0, "Total Cost": 1000013704228.13, "Plan Rows": 2609035, "Plan Width": 32, "Filter": "((note)::text !~~ '%(as Metro-Goldwyn-Mayer Pictures)%'::text), (LLVM Optimized)"}]}]}]}]}]}]}]}, "Unique SQL Id": 2492542741, "Planner Runtime": 12}, "explain_analyze_plan": null}, "(64, 12)": {"explain_plan": {"Plan": {"Node Type": "Aggregate", "Strategy": "Plain", "Startup Cost": 230727.96, "Total Cost": 230727.97, "Plan Rows": 1, "Plan Width": 113, "Plans": [{"Node Type": "Hash Join", "Parent Relationship": "Outer", "Join Type": "Inner", "Startup Cost": 148375.81, "Total Cost": 225848.77, "Plan Rows": 650559, "Plan Width": 45, "Inner Unique": true, "Hash Cond": "(mc.company_type_id = ct.id), (LLVM Optimized)", "Plans": [{"Node Type": "Hash Join", "Parent Relationship": "Outer", "Join Type": "Inner", "Startup Cost": 148374.76, "Total Cost": 217260.4, "Plan Rows": 1055184, "Plan Width": 49, "Inner Unique": false, "Hash Cond": "(mc.movie_id = t.id), (LLVM Optimized)", "Plans": [{"Node Type": "Seq Scan", "Parent Relationship": "Outer", "Relation Name": "movie_companies", "Alias": "mc", "Startup Cost": 0.0, "Total Cost": 48340.1, "Plan Rows": 2609035, "Plan Width": 32, "Filter": "((note)::text !~~ '%(as Metro-Goldwyn-Mayer Pictures)%'::text), (LLVM Optimized)"}, {"Node Type": "Hash", "Parent Relationship": "Inner", "Startup Cost": 142776.78, "Total Cost": 142776.78, "Plan Rows": 447839, "Plan Width": 29, "Plans": [{"Node Type": "Hash Join", "Parent Relationship": "Outer", "Join Type": "Inner", "Startup Cost": 109821.48, "Total Cost": 142776.78, "Plan Rows": 447839, "Plan Width": 29, "Inner Unique": true, "Hash Cond": "(mi_idx.movie_id = t.id), (LLVM Optimized)", "Plans": [{"Node Type": "Hash Join", "Parent Relationship": "Outer", "Join Type": "Inner", "Startup Cost": 2.41, "Total Cost": 27185.54, "Plan Rows": 345008, "Plan Width": 4, "Inner Unique": true, "Hash Cond": "(mi_idx.info_type_id = it.id), (LLVM Optimized)", "Plans": [{"Node Type": "Seq Scan", "Parent Relationship": "Outer", "Relation Name": "movie_info_idx", "Alias": "mi_idx", "Startup Cost": 0.0, "Total Cost": 20274.34, "Plan Rows": 1380034, "Plan Width": 8}, {"Node Type": "Hash", "Parent Relationship": "Inner", "Startup Cost": 2.4, "Total Cost": 2.4, "Plan Rows": 1, "Plan Width": 4, "Plans": [{"Node Type": "Seq Scan", "Parent Relationship": "Outer", "Relation Name": "info_type", "Alias": "it", "Startup Cost": 0.0, "Total Cost": 2.4, "Plan Rows": 1, "Plan Width": 4, "Filter": "((info)::text = 'bottom 10 rank'::text)"}]}]}, {"Node Type": "Hash", "Parent Relationship": "Inner", "Startup Cost": 92545.49, "Total Cost": 92545.49, "Plan Rows": 1381886, "Plan Width": 25, "Plans": [{"Node Type": "Streaming(type: LOCAL GATHER dop: 1/64)", "Parent Relationship": "Outer", "Startup Cost": 0.0, "Total Cost": 92545.49, "Plan Rows": 1381886, "Plan Width": 25, "Plans": [{"Node Type": "Seq Scan", "Parent Relationship": "Outer", "Relation Name": "title", "Alias": "t", "Startup Cost": 0.0, "Total Cost": 64037.34, "Plan Rows": 1381886, "Plan Width": 25, "Filter": "(production_year > 2000), (LLVM Optimized)"}]}]}]}]}]}, {"Node Type": "Hash", "Parent Relationship": "Inner", "Startup Cost": 1.04, "Total Cost": 1.04, "Plan Rows": 1, "Plan Width": 4, "Plans": [{"Node Type": "Seq Scan", "Parent Relationship": "Outer", "Relation Name": "company_type", "Alias": "ct", "Startup Cost": 0.0, "Total Cost": 1.04, "Plan Rows": 1, "Plan Width": 4, "Filter": "((kind)::text = 'production companies'::text)"}]}]}]}, "Unique SQL Id": 2492542741, "Planner Runtime": 13}, "explain_analyze_plan": {"Plan": {"Node Type": "Aggregate", "Strategy": "Plain", "Startup Cost": 230727.96, "Total Cost": 230727.97, "Plan Rows": 1, "Plan Width": 113, "Actual Min Startup Time": 3001.109, "Actual Max Startup Time": 3001.109, "Actual Min Total Time": 3001.11, "Actual Max Total Time": 3001.11, "Plans": [{"Node Type": "Hash Join", "Parent Relationship": "Outer", "Join Type": "Inner", "Startup Cost": 148375.81, "Total Cost": 225848.77, "Plan Rows": 650559, "Plan Width": 45, "Actual Min Startup Time": 2826.935, "Actual Max Startup Time": 2826.935, "Actual Min Total Time": 3001.05, "Actual Max Total Time": 3001.05, "Inner Unique": true, "Hash Cond": "(mc.company_type_id = ct.id), (LLVM Optimized, Jit Execute)", "Plans": [{"Node Type": "Hash Join", "Parent Relationship": "Outer", "Join Type": "Inner", "Startup Cost": 148374.76, "Total Cost": 217260.4, "Plan Rows": 1055184, "Plan Width": 49, "Actual Min Startup Time": 2128.871, "Actual Max Startup Time": 2128.871, "Actual Min Total Time": 3000.762, "Actual Max Total Time": 3000.762, "Inner Unique": false, "Hash Cond": "(mc.movie_id = t.id), (LLVM Optimized, Jit Execute)", "Plans": [{"Node Type": "Seq Scan", "Parent Relationship": "Outer", "Relation Name": "movie_companies", "Alias": "mc", "Startup Cost": 0.0, "Total Cost": 48340.1, "Plan Rows": 2609035, "Plan Width": 32, "Actual Min Startup Time": 0.059, "Actual Max Startup Time": 0.059, "Actual Min Total Time": 914.102, "Actual Max Total Time": 914.102, "Filter": "((note)::text !~~ '%(as Metro-Goldwyn-Mayer Pictures)%'::text), (LLVM Optimized, Jit Execute)", "Rows Removed by Filter": 1272041, "Actual Rows": 1337087}, {"Node Type": "Hash", "Parent Relationship": "Inner", "Startup Cost": 142776.78, "Total Cost": 142776.78, "Plan Rows": 447839, "Plan Width": 29, "Actual Min Startup Time": 1821.283, "Actual Max Startup Time": 1821.283, "Actual Min Total Time": 1821.283, "Actual Max Total Time": 1821.283, "Max Hash Buckets": 524288, "Min Hash Buckets": 524288, "Max Hash Batches": 1, "Min Hash Batches": 1, "Max Original Hash Batches": 1, "Min Original Hash Batches": 1, "Max Peak Memory Usage": 1, "min Peak Memory Usage": 1, "Plans": [{"Node Type": "Hash Join", "Parent Relationship": "Outer", "Join Type": "Inner", "Startup Cost": 109821.48, "Total Cost": 142776.78, "Plan Rows": 447839, "Plan Width": 29, "Actual Min Startup Time": 1821.202, "Actual Max Startup Time": 1821.202, "Actual Min Total Time": 1821.253, "Actual Max Total Time": 1821.253, "Inner Unique": true, "Hash Cond": "(mi_idx.movie_id = t.id), (LLVM Optimized, Jit Execute)", "Plans": [{"Node Type": "Hash Join", "Parent Relationship": "Outer", "Join Type": "Inner", "Startup Cost": 2.41, "Total Cost": 27185.54, "Plan Rows": 345008, "Plan Width": 4, "Actual Min Startup Time": 530.91, "Actual Max Startup Time": 530.91, "Actual Min Total Time": 530.917, "Actual Max Total Time": 530.917, "Inner Unique": true, "Hash Cond": "(mi_idx.info_type_id = it.id), (LLVM Optimized, Jit Execute)", "Plans": [{"Node Type": "Seq Scan", "Parent Relationship": "Outer", "Relation Name": "movie_info_idx", "Alias": "mi_idx", "Startup Cost": 0.0, "Total Cost": 20274.34, "Plan Rows": 1380034, "Plan Width": 8, "Actual Min Startup Time": 0.047, "Actual Max Startup Time": 0.047, "Actual Min Total Time": 299.951, "Actual Max Total Time": 299.951, "Actual Rows": 1380034}, {"Node Type": "Hash", "Parent Relationship": "Inner", "Startup Cost": 2.4, "Total Cost": 2.4, "Plan Rows": 1, "Plan Width": 4, "Actual Min Startup Time": 0.09, "Actual Max Startup Time": 0.09, "Actual Min Total Time": 0.09, "Actual Max Total Time": 0.09, "Max Hash Buckets": 32768, "Min Hash Buckets": 32768, "Max Hash Batches": 1, "Min Hash Batches": 1, "Max Original Hash Batches": 1, "Min Original Hash Batches": 1, "Max Peak Memory Usage": 1, "min Peak Memory Usage": 1, "Plans": [{"Node Type": "Seq Scan", "Parent Relationship": "Outer", "Relation Name": "info_type", "Alias": "it", "Startup Cost": 0.0, "Total Cost": 2.4, "Plan Rows": 1, "Plan Width": 4, "Actual Min Startup Time": 0.075, "Actual Max Startup Time": 0.075, "Actual Min Total Time": 0.077, "Actual Max Total Time": 0.077, "Filter": "((info)::text = 'bottom 10 rank'::text)", "Rows Removed by Filter": 111, "Actual Rows": 1}], "Actual Rows": 1}], "Actual Rows": 10}, {"Node Type": "Hash", "Parent Relationship": "Inner", "Startup Cost": 92545.49, "Total Cost": 92545.49, "Plan Rows": 1381886, "Plan Width": 25, "Actual Min Startup Time": 1287.765, "Actual Max Startup Time": 1287.765, "Actual Min Total Time": 1287.765, "Actual Max Total Time": 1287.765, "Max Hash Buckets": 2097152, "Min Hash Buckets": 2097152, "Max Hash Batches": 1, "Min Hash Batches": 1, "Max Original Hash Batches": 1, "Min Original Hash Batches": 1, "Max Peak Memory Usage": 79393, "min Peak Memory Usage": 79393, "Plans": [{"Node Type": "Streaming(type: LOCAL GATHER dop: 1/64)", "Parent Relationship": "Outer", "Startup Cost": 0.0, "Total Cost": 92545.49, "Plan Rows": 1381886, "Plan Width": 25, "Actual Min Startup Time": 38.785, "Actual Max Startup Time": 38.785, "Actual Min Total Time": 711.052, "Actual Max Total Time": 711.052, "Plans": [{"Node Type": "Seq Scan", "Parent Relationship": "Outer", "Relation Name": "title", "Alias": "t", "Startup Cost": 0.0, "Total Cost": 64037.34, "Plan Rows": 1381886, "Plan Width": 25, "Actual Min Startup Time": 0.026, "Actual Max Startup Time": 0.057, "Actual Min Total Time": 14.87, "Actual Max Total Time": 19.066, "Filter": "(production_year > 2000), (LLVM Optimized, Jit Execute)", "Rows Removed by Filter": 1146858, "Actual Rows": 1381453}], "Actual Rows": 1381453}], "Actual Rows": 1381453}], "Actual Rows": 6}], "Actual Rows": 6}], "Actual Rows": 78}, {"Node Type": "Hash", "Parent Relationship": "Inner", "Startup Cost": 1.04, "Total Cost": 1.04, "Plan Rows": 1, "Plan Width": 4, "Actual Min Startup Time": 0.063, "Actual Max Startup Time": 0.063, "Actual Min Total Time": 0.063, "Actual Max Total Time": 0.063, "Max Hash Buckets": 32768, "Min Hash Buckets": 32768, "Max Hash Batches": 1, "Min Hash Batches": 1, "Max Original Hash Batches": 1, "Min Original Hash Batches": 1, "Max Peak Memory Usage": 1, "min Peak Memory Usage": 1, "Plans": [{"Node Type": "Seq Scan", "Parent Relationship": "Outer", "Relation Name": "company_type", "Alias": "ct", "Startup Cost": 0.0, "Total Cost": 1.04, "Plan Rows": 1, "Plan Width": 4, "Actual Min Startup Time": 0.042, "Actual Max Startup Time": 0.042, "Actual Min Total Time": 0.045, "Actual Max Total Time": 0.045, "Filter": "((kind)::text = 'production companies'::text)", "Rows Removed by Filter": 2, "Actual Rows": 1}], "Actual Rows": 1}], "Actual Rows": 4}], "Actual Rows": 1}, "Triggers": [], "Planner Runtime": 6, "Total Runtime": 3023.94, "Unique SQL Id": 2492542741}}, "(64, 13)": {"explain_plan": {"Plan": {"Node Type": "Aggregate", "Strategy": "Plain", "Startup Cost": 268118.48, "Total Cost": 268118.49, "Plan Rows": 1, "Plan Width": 113, "Plans": [{"Node Type": "Hash Join", "Parent Relationship": "Outer", "Join Type": "Inner", "Startup Cost": 183423.2, "Total Cost": 263239.28, "Plan Rows": 650559, "Plan Width": 45, "Inner Unique": false, "Hash Cond": "(mc.movie_id = t.id), (LLVM Optimized)", "Plans": [{"Node Type": "Nested Loop", "Parent Relationship": "Outer", "Join Type": "Inner", "Startup Cost": 0.0, "Total Cost": 69436.41, "Plan Rows": 1304518, "Plan Width": 28, "Inner Unique": false, "Plans": [{"Node Type": "Index Scan", "Parent Relationship": "Outer", "Scan Direction": "Forward", "Index Name": "company_type_pkey", "Relation Name": "company_type", "Alias": "ct", "Startup Cost": 0.0, "Total Cost": 12.3, "Plan Rows": 1, "Plan Width": 4, "Filter": "((kind)::text = 'production companies'::text)"}, {"Node Type": "Index Scan", "Parent Relationship": "Inner", "Scan Direction": "Forward", "Index Name": "company_type_id_movie_companies", "Relation Name": "movie_companies", "Alias": "mc", "Startup Cost": 0.0, "Total Cost": 56378.94, "Plan Rows": 1304517, "Plan Width": 32, "Index Cond": "(company_type_id = ct.id), (LLVM Optimized)", "Filter": "((note)::text !~~ '%(as Metro-Goldwyn-Mayer Pictures)%'::text), (LLVM Optimized)"}]}, {"Node Type": "Hash", "Parent Relationship": "Inner", "Startup Cost": 177825.21, "Total Cost": 177825.21, "Plan Rows": 447839, "Plan Width": 29, "Plans": [{"Node Type": "Hash Join", "Parent Relationship": "Outer", "Join Type": "Inner", "Startup Cost": 133714.84, "Total Cost": 177825.21, "Plan Rows": 447839, "Plan Width": 29, "Inner Unique": true, "Hash Cond": "(mi_idx.movie_id = t.id), (LLVM Optimized)", "Plans": [{"Node Type": "Nested Loop", "Parent Relationship": "Outer", "Join Type": "Inner", "Startup Cost": 0.0, "Total Cost": 38338.2, "Plan Rows": 345008, "Plan Width": 4, "Inner Unique": false, "Plans": [{"Node Type": "Index Scan", "Parent Relationship": "Outer", "Scan Direction": "Forward", "Index Name": "info_type_pkey", "Relation Name": "info_type", "Alias": "it", "Startup Cost": 0.0, "Total Cost": 14.21, "Plan Rows": 1, "Plan Width": 4, "Filter": "((info)::text = 'bottom 10 rank'::text)"}, {"Node Type": "Index Scan", "Parent Relationship": "Inner", "Scan Direction": "Forward", "Index Name": "info_type_id_movie_info_idx", "Relation Name": "movie_info_idx", "Alias": "mi_idx", "Startup Cost": 0.0, "Total Cost": 34873.91, "Plan Rows": 345008, "Plan Width": 8, "Index Cond": "(info_type_id = it.id), (LLVM Optimized)"}]}, {"Node Type": "Hash", "Parent Relationship": "Inner", "Startup Cost": 116441.27, "Total Cost": 116441.27, "Plan Rows": 1381886, "Plan Width": 25, "Plans": [{"Node Type": "Index Scan", "Parent Relationship": "Outer", "Scan Direction": "Forward", "Index Name": "title_pkey", "Relation Name": "title", "Alias": "t", "Startup Cost": 0.0, "Total Cost": 116441.27, "Plan Rows": 1381886, "Plan Width": 25, "Filter": "(production_year > 2000), (LLVM Optimized)"}]}]}]}]}]}, "Unique SQL Id": 2492542741, "Planner Runtime": 9}, "explain_analyze_plan": null}, "(64, 14)": {"explain_plan": {"Plan": {"Node Type": "Aggregate", "Strategy": "Plain", "Startup Cost": 230727.96, "Total Cost": 230727.97, "Plan Rows": 1, "Plan Width": 113, "Plans": [{"Node Type": "Hash Join", "Parent Relationship": "Outer", "Join Type": "Inner", "Startup Cost": 148375.81, "Total Cost": 225848.77, "Plan Rows": 650559, "Plan Width": 45, "Inner Unique": true, "Hash Cond": "(mc.company_type_id = ct.id), (LLVM Optimized)", "Plans": [{"Node Type": "Hash Join", "Parent Relationship": "Outer", "Join Type": "Inner", "Startup Cost": 148374.76, "Total Cost": 217260.4, "Plan Rows": 1055184, "Plan Width": 49, "Inner Unique": false, "Hash Cond": "(mc.movie_id = t.id), (LLVM Optimized)", "Plans": [{"Node Type": "Seq Scan", "Parent Relationship": "Outer", "Relation Name": "movie_companies", "Alias": "mc", "Startup Cost": 0.0, "Total Cost": 48340.1, "Plan Rows": 2609035, "Plan Width": 32, "Filter": "((note)::text !~~ '%(as Metro-Goldwyn-Mayer Pictures)%'::text), (LLVM Optimized)"}, {"Node Type": "Hash", "Parent Relationship": "Inner", "Startup Cost": 142776.78, "Total Cost": 142776.78, "Plan Rows": 447839, "Plan Width": 29, "Plans": [{"Node Type": "Hash Join", "Parent Relationship": "Outer", "Join Type": "Inner", "Startup Cost": 109821.48, "Total Cost": 142776.78, "Plan Rows": 447839, "Plan Width": 29, "Inner Unique": true, "Hash Cond": "(mi_idx.movie_id = t.id), (LLVM Optimized)", "Plans": [{"Node Type": "Hash Join", "Parent Relationship": "Outer", "Join Type": "Inner", "Startup Cost": 2.41, "Total Cost": 27185.54, "Plan Rows": 345008, "Plan Width": 4, "Inner Unique": true, "Hash Cond": "(mi_idx.info_type_id = it.id), (LLVM Optimized)", "Plans": [{"Node Type": "Seq Scan", "Parent Relationship": "Outer", "Relation Name": "movie_info_idx", "Alias": "mi_idx", "Startup Cost": 0.0, "Total Cost": 20274.34, "Plan Rows": 1380034, "Plan Width": 8}, {"Node Type": "Hash", "Parent Relationship": "Inner", "Startup Cost": 2.4, "Total Cost": 2.4, "Plan Rows": 1, "Plan Width": 4, "Plans": [{"Node Type": "Seq Scan", "Parent Relationship": "Outer", "Relation Name": "info_type", "Alias": "it", "Startup Cost": 0.0, "Total Cost": 2.4, "Plan Rows": 1, "Plan Width": 4, "Filter": "((info)::text = 'bottom 10 rank'::text)"}]}]}, {"Node Type": "Hash", "Parent Relationship": "Inner", "Startup Cost": 92545.49, "Total Cost": 92545.49, "Plan Rows": 1381886, "Plan Width": 25, "Plans": [{"Node Type": "Streaming(type: LOCAL GATHER dop: 1/64)", "Parent Relationship": "Outer", "Startup Cost": 0.0, "Total Cost": 92545.49, "Plan Rows": 1381886, "Plan Width": 25, "Plans": [{"Node Type": "Seq Scan", "Parent Relationship": "Outer", "Relation Name": "title", "Alias": "t", "Startup Cost": 0.0, "Total Cost": 64037.34, "Plan Rows": 1381886, "Plan Width": 25, "Filter": "(production_year > 2000), (LLVM Optimized)"}]}]}]}]}]}, {"Node Type": "Hash", "Parent Relationship": "Inner", "Startup Cost": 1.04, "Total Cost": 1.04, "Plan Rows": 1, "Plan Width": 4, "Plans": [{"Node Type": "Seq Scan", "Parent Relationship": "Outer", "Relation Name": "company_type", "Alias": "ct", "Startup Cost": 0.0, "Total Cost": 1.04, "Plan Rows": 1, "Plan Width": 4, "Filter": "((kind)::text = 'production companies'::text)"}]}]}]}, "Unique SQL Id": 2492542741, "Planner Runtime": 11}, "explain_analyze_plan": {"Plan": {"Node Type": "Aggregate", "Strategy": "Plain", "Startup Cost": 230727.96, "Total Cost": 230727.97, "Plan Rows": 1, "Plan Width": 113, "Actual Min Startup Time": 3001.109, "Actual Max Startup Time": 3001.109, "Actual Min Total Time": 3001.11, "Actual Max Total Time": 3001.11, "Plans": [{"Node Type": "Hash Join", "Parent Relationship": "Outer", "Join Type": "Inner", "Startup Cost": 148375.81, "Total Cost": 225848.77, "Plan Rows": 650559, "Plan Width": 45, "Actual Min Startup Time": 2826.935, "Actual Max Startup Time": 2826.935, "Actual Min Total Time": 3001.05, "Actual Max Total Time": 3001.05, "Inner Unique": true, "Hash Cond": "(mc.company_type_id = ct.id), (LLVM Optimized, Jit Execute)", "Plans": [{"Node Type": "Hash Join", "Parent Relationship": "Outer", "Join Type": "Inner", "Startup Cost": 148374.76, "Total Cost": 217260.4, "Plan Rows": 1055184, "Plan Width": 49, "Actual Min Startup Time": 2128.871, "Actual Max Startup Time": 2128.871, "Actual Min Total Time": 3000.762, "Actual Max Total Time": 3000.762, "Inner Unique": false, "Hash Cond": "(mc.movie_id = t.id), (LLVM Optimized, Jit Execute)", "Plans": [{"Node Type": "Seq Scan", "Parent Relationship": "Outer", "Relation Name": "movie_companies", "Alias": "mc", "Startup Cost": 0.0, "Total Cost": 48340.1, "Plan Rows": 2609035, "Plan Width": 32, "Actual Min Startup Time": 0.059, "Actual Max Startup Time": 0.059, "Actual Min Total Time": 914.102, "Actual Max Total Time": 914.102, "Filter": "((note)::text !~~ '%(as Metro-Goldwyn-Mayer Pictures)%'::text), (LLVM Optimized, Jit Execute)", "Rows Removed by Filter": 1272041, "Actual Rows": 1337087}, {"Node Type": "Hash", "Parent Relationship": "Inner", "Startup Cost": 142776.78, "Total Cost": 142776.78, "Plan Rows": 447839, "Plan Width": 29, "Actual Min Startup Time": 1821.283, "Actual Max Startup Time": 1821.283, "Actual Min Total Time": 1821.283, "Actual Max Total Time": 1821.283, "Max Hash Buckets": 524288, "Min Hash Buckets": 524288, "Max Hash Batches": 1, "Min Hash Batches": 1, "Max Original Hash Batches": 1, "Min Original Hash Batches": 1, "Max Peak Memory Usage": 1, "min Peak Memory Usage": 1, "Plans": [{"Node Type": "Hash Join", "Parent Relationship": "Outer", "Join Type": "Inner", "Startup Cost": 109821.48, "Total Cost": 142776.78, "Plan Rows": 447839, "Plan Width": 29, "Actual Min Startup Time": 1821.202, "Actual Max Startup Time": 1821.202, "Actual Min Total Time": 1821.253, "Actual Max Total Time": 1821.253, "Inner Unique": true, "Hash Cond": "(mi_idx.movie_id = t.id), (LLVM Optimized, Jit Execute)", "Plans": [{"Node Type": "Hash Join", "Parent Relationship": "Outer", "Join Type": "Inner", "Startup Cost": 2.41, "Total Cost": 27185.54, "Plan Rows": 345008, "Plan Width": 4, "Actual Min Startup Time": 530.91, "Actual Max Startup Time": 530.91, "Actual Min Total Time": 530.917, "Actual Max Total Time": 530.917, "Inner Unique": true, "Hash Cond": "(mi_idx.info_type_id = it.id), (LLVM Optimized, Jit Execute)", "Plans": [{"Node Type": "Seq Scan", "Parent Relationship": "Outer", "Relation Name": "movie_info_idx", "Alias": "mi_idx", "Startup Cost": 0.0, "Total Cost": 20274.34, "Plan Rows": 1380034, "Plan Width": 8, "Actual Min Startup Time": 0.047, "Actual Max Startup Time": 0.047, "Actual Min Total Time": 299.951, "Actual Max Total Time": 299.951, "Actual Rows": 1380034}, {"Node Type": "Hash", "Parent Relationship": "Inner", "Startup Cost": 2.4, "Total Cost": 2.4, "Plan Rows": 1, "Plan Width": 4, "Actual Min Startup Time": 0.09, "Actual Max Startup Time": 0.09, "Actual Min Total Time": 0.09, "Actual Max Total Time": 0.09, "Max Hash Buckets": 32768, "Min Hash Buckets": 32768, "Max Hash Batches": 1, "Min Hash Batches": 1, "Max Original Hash Batches": 1, "Min Original Hash Batches": 1, "Max Peak Memory Usage": 1, "min Peak Memory Usage": 1, "Plans": [{"Node Type": "Seq Scan", "Parent Relationship": "Outer", "Relation Name": "info_type", "Alias": "it", "Startup Cost": 0.0, "Total Cost": 2.4, "Plan Rows": 1, "Plan Width": 4, "Actual Min Startup Time": 0.075, "Actual Max Startup Time": 0.075, "Actual Min Total Time": 0.077, "Actual Max Total Time": 0.077, "Filter": "((info)::text = 'bottom 10 rank'::text)", "Rows Removed by Filter": 111, "Actual Rows": 1}], "Actual Rows": 1}], "Actual Rows": 10}, {"Node Type": "Hash", "Parent Relationship": "Inner", "Startup Cost": 92545.49, "Total Cost": 92545.49, "Plan Rows": 1381886, "Plan Width": 25, "Actual Min Startup Time": 1287.765, "Actual Max Startup Time": 1287.765, "Actual Min Total Time": 1287.765, "Actual Max Total Time": 1287.765, "Max Hash Buckets": 2097152, "Min Hash Buckets": 2097152, "Max Hash Batches": 1, "Min Hash Batches": 1, "Max Original Hash Batches": 1, "Min Original Hash Batches": 1, "Max Peak Memory Usage": 79393, "min Peak Memory Usage": 79393, "Plans": [{"Node Type": "Streaming(type: LOCAL GATHER dop: 1/64)", "Parent Relationship": "Outer", "Startup Cost": 0.0, "Total Cost": 92545.49, "Plan Rows": 1381886, "Plan Width": 25, "Actual Min Startup Time": 38.785, "Actual Max Startup Time": 38.785, "Actual Min Total Time": 711.052, "Actual Max Total Time": 711.052, "Plans": [{"Node Type": "Seq Scan", "Parent Relationship": "Outer", "Relation Name": "title", "Alias": "t", "Startup Cost": 0.0, "Total Cost": 64037.34, "Plan Rows": 1381886, "Plan Width": 25, "Actual Min Startup Time": 0.026, "Actual Max Startup Time": 0.057, "Actual Min Total Time": 14.87, "Actual Max Total Time": 19.066, "Filter": "(production_year > 2000), (LLVM Optimized, Jit Execute)", "Rows Removed by Filter": 1146858, "Actual Rows": 1381453}], "Actual Rows": 1381453}], "Actual Rows": 1381453}], "Actual Rows": 6}], "Actual Rows": 6}], "Actual Rows": 78}, {"Node Type": "Hash", "Parent Relationship": "Inner", "Startup Cost": 1.04, "Total Cost": 1.04, "Plan Rows": 1, "Plan Width": 4, "Actual Min Startup Time": 0.063, "Actual Max Startup Time": 0.063, "Actual Min Total Time": 0.063, "Actual Max Total Time": 0.063, "Max Hash Buckets": 32768, "Min Hash Buckets": 32768, "Max Hash Batches": 1, "Min Hash Batches": 1, "Max Original Hash Batches": 1, "Min Original Hash Batches": 1, "Max Peak Memory Usage": 1, "min Peak Memory Usage": 1, "Plans": [{"Node Type": "Seq Scan", "Parent Relationship": "Outer", "Relation Name": "company_type", "Alias": "ct", "Startup Cost": 0.0, "Total Cost": 1.04, "Plan Rows": 1, "Plan Width": 4, "Actual Min Startup Time": 0.042, "Actual Max Startup Time": 0.042, "Actual Min Total Time": 0.045, "Actual Max Total Time": 0.045, "Filter": "((kind)::text = 'production companies'::text)", "Rows Removed by Filter": 2, "Actual Rows": 1}], "Actual Rows": 1}], "Actual Rows": 4}], "Actual Rows": 1}, "Triggers": [], "Planner Runtime": 6, "Total Runtime": 3023.94, "Unique SQL Id": 2492542741}}, "(64, 15)": {"explain_plan": {"Plan": {"Node Type": "Aggregate", "Strategy": "Plain", "Startup Cost": 4997226399715.34, "Total Cost": 4997226399715.35, "Plan Rows": 1, "Plan Width": 113, "Plans": [{"Node Type": "Nested Loop", "Parent Relationship": "Outer", "Join Type": "Inner", "Startup Cost": 50027231635.11, "Total Cost": 4997226394836.15, "Plan Rows": 650559, "Plan Width": 45, "Inner Unique": false, "Join Filter": "(mi_idx.info_type_id = it.id), (LLVM Optimized)", "Plans": [{"Node Type": "Index Scan", "Parent Relationship": "Outer", "Scan Direction": "Forward", "Index Name": "info_type_pkey", "Relation Name": "info_type", "Alias": "it", "Startup Cost": 10000000000.0, "Total Cost": 1000000001421.0, "Plan Rows": 1, "Plan Width": 4, "Filter": "((info)::text = 'bottom 10 rank'::text)"}, {"Node Type": "Nested Loop", "Parent Relationship": "Inner", "Join Type": "Inner", "Startup Cost": 40027231635.11, "Total Cost": 3997226360887.19, "Plan Rows": 2602236, "Plan Width": 49, "Inner Unique": false, "Join Filter": "(mc.company_type_id = ct.id), (LLVM Optimized)", "Plans": [{"Node Type": "Index Scan", "Parent Relationship": "Outer", "Scan Direction": "Forward", "Index Name": "company_type_pkey", "Relation Name": "company_type", "Alias": "ct", "Startup Cost": 10000000000.0, "Total Cost": 1000000001230.25, "Plan Rows": 1, "Plan Width": 4, "Filter": "((kind)::text = 'production companies'::text)"}, {"Node Type": "Merge Join", "Parent Relationship": "Inner", "Join Type": "Inner", "Startup Cost": 30027231635.11, "Total Cost": 2997226306897.65, "Plan Rows": 4220744, "Plan Width": 53, "Inner Unique": false, "Merge Cond": "(mi_idx.movie_id = t.id)", "Plans": [{"Node Type": "Index Scan", "Parent Relationship": "Outer", "Scan Direction": "Forward", "Index Name": "movie_id_movie_info_idx", "Relation Name": "movie_info_idx", "Alias": "mi_idx", "Startup Cost": 10000000000.0, "Total Cost": 1000004650035.37, "Plan Rows": 1380034, "Plan Width": 8}, {"Node Type": "Materialize", "Parent Relationship": "Inner", "Startup Cost": 20021492619.09, "Total Cost": 1999076868999.12, "Plan Rows": 3320699, "Plan Width": 57, "Plans": [{"Node Type": "Merge Join", "Parent Relationship": "Outer", "Join Type": "Inner", "Startup Cost": 20021492619.09, "Total Cost": 1999076860697.37, "Plan Rows": 3320699, "Plan Width": 57, "Inner Unique": false, "Merge Cond": "(t.id = mc.movie_id)", "Plans": [{"Node Type": "Index Scan", "Parent Relationship": "Outer", "Scan Direction": "Forward", "Index Name": "title_pkey", "Relation Name": "title", "Alias": "t", "Startup Cost": 10000000000.0, "Total Cost": 1000011644126.66, "Plan Rows": 1381886, "Plan Width": 25, "Filter": "(production_year > 2000), (LLVM Optimized)"}, {"Node Type": "Materialize", "Parent Relationship": "Inner", "Startup Cost": 10000000000.0, "Total Cost": 1000013710750.72, "Plan Rows": 2609035, "Plan Width": 32, "Plans": [{"Node Type": "Index Scan", "Parent Relationship": "Outer", "Scan Direction": "Forward", "Index Name": "movie_id_movie_companies", "Relation Name": "movie_companies", "Alias": "mc", "Startup Cost": 10000000000.0, "Total Cost": 1000013704228.13, "Plan Rows": 2609035, "Plan Width": 32, "Filter": "((note)::text !~~ '%(as Metro-Goldwyn-Mayer Pictures)%'::text), (LLVM Optimized)"}]}]}]}]}]}]}]}, "Unique SQL Id": 2492542741, "Planner Runtime": 13}, "explain_analyze_plan": null}, "(64, 16)": {"explain_plan": {"Plan": {"Node Type": "Aggregate", "Strategy": "Plain", "Startup Cost": 346035.32, "Total Cost": 346035.33, "Plan Rows": 1, "Plan Width": 113, "Plans": [{"Node Type": "Merge Join", "Parent Relationship": "Outer", "Join Type": "Inner", "Startup Cost": 2.6, "Total Cost": 341156.13, "Plan Rows": 650559, "Plan Width": 45, "Inner Unique": true, "Merge Cond": "(mc.movie_id = t.id)", "Plans": [{"Node Type": "Nested Loop", "Parent Relationship": "Outer", "Join Type": "Inner", "Startup Cost": 0.0, "Total Cost": 213616.48, "Plan Rows": 501180, "Plan Width": 32, "Inner Unique": true, "Join Filter": "(mc.company_type_id = ct.id), (LLVM Optimized)", "Plans": [{"Node Type": "Nested Loop", "Parent Relationship": "Outer", "Join Type": "Inner", "Startup Cost": 0.0, "Total Cost": 201179.75, "Plan Rows": 829046, "Plan Width": 36, "Inner Unique": false, "Plans": [{"Node Type": "Nested Loop", "Parent Relationship": "Outer", "Join Type": "Inner", "Startup Cost": 0.0, "Total Cost": 67203.27, "Plan Rows": 345008, "Plan Width": 4, "Inner Unique": true, "Join Filter": "(it.id = mi_idx.info_type_id), (LLVM Optimized)", "Plans": [{"Node Type": "Index Scan", "Parent Relationship": "Outer", "Scan Direction": "Forward", "Index Name": "movie_id_movie_info_idx", "Relation Name": "movie_info_idx", "Alias": "mi_idx", "Startup Cost": 0.0, "Total Cost": 46500.35, "Plan Rows": 1380034, "Plan Width": 8}, {"Node Type": "Materialize", "Parent Relationship": "Inner", "Startup Cost": 0.0, "Total Cost": 2.41, "Plan Rows": 1, "Plan Width": 4, "Plans": [{"Node Type": "Seq Scan", "Parent Relationship": "Outer", "Relation Name": "info_type", "Alias": "it", "Startup Cost": 0.0, "Total Cost": 2.4, "Plan Rows": 1, "Plan Width": 4, "Filter": "((info)::text = 'bottom 10 rank'::text)"}]}]}, {"Node Type": "Index Scan", "Parent Relationship": "Inner", "Scan Direction": "Forward", "Index Name": "movie_id_movie_companies", "Relation Name": "movie_companies", "Alias": "mc", "Startup Cost": 0.0, "Total Cost": 0.37, "Plan Rows": 2, "Plan Width": 32, "Index Cond": "(movie_id = mi_idx.movie_id)", "Filter": "((note)::text !~~ '%(as Metro-Goldwyn-Mayer Pictures)%'::text)"}]}, {"Node Type": "Materialize", "Parent Relationship": "Inner", "Startup Cost": 0.0, "Total Cost": 1.04, "Plan Rows": 1, "Plan Width": 4, "Plans": [{"Node Type": "Seq Scan", "Parent Relationship": "Outer", "Relation Name": "company_type", "Alias": "ct", "Startup Cost": 0.0, "Total Cost": 1.04, "Plan Rows": 1, "Plan Width": 4, "Filter": "((kind)::text = 'production companies'::text)"}]}]}, {"Node Type": "Index Scan", "Parent Relationship": "Inner", "Scan Direction": "Forward", "Index Name": "title_pkey", "Relation Name": "title", "Alias": "t", "Startup Cost": 0.0, "Total Cost": 116441.27, "Plan Rows": 1381886, "Plan Width": 25, "Filter": "(production_year > 2000), (LLVM Optimized)"}]}]}, "Unique SQL Id": 2492542741, "Planner Runtime": 7}, "explain_analyze_plan": {"Plan": {"Node Type": "Aggregate", "Strategy": "Plain", "Startup Cost": 346035.32, "Total Cost": 346035.33, "Plan Rows": 1, "Plan Width": 113, "Actual Startup Time": 4448.105, "Actual Total Time": 4448.106, "Actual Rows": 1, "Actual Loops": 1, "Plans": [{"Node Type": "Merge Join", "Parent Relationship": "Outer", "Join Type": "Inner", "Startup Cost": 2.6, "Total Cost": 341156.13, "Plan Rows": 650559, "Plan Width": 45, "Actual Startup Time": 3168.837, "Actual Total Time": 4448.052, "Actual Rows": 4, "Actual Loops": 1, "Inner Unique": true, "Merge Cond": "(mc.movie_id = t.id)", "Plans": [{"Node Type": "Nested Loop", "Parent Relationship": "Outer", "Join Type": "Inner", "Startup Cost": 0.0, "Total Cost": 213616.48, "Plan Rows": 501180, "Plan Width": 32, "Actual Startup Time": 714.025, "Actual Total Time": 1349.076, "Actual Rows": 5, "Actual Loops": 1, "Inner Unique": true, "Join Filter": "(mc.company_type_id = ct.id), (LLVM Optimized, Jit Execute)", "Rows Removed by Join Filter": 95, "Plans": [{"Node Type": "Nested Loop", "Parent Relationship": "Outer", "Join Type": "Inner", "Startup Cost": 0.0, "Total Cost": 201179.75, "Plan Rows": 829046, "Plan Width": 36, "Actual Startup Time": 578.873, "Actual Total Time": 1348.94, "Actual Rows": 100, "Actual Loops": 1, "Inner Unique": false, "Plans": [{"Node Type": "Nested Loop", "Parent Relationship": "Outer", "Join Type": "Inner", "Startup Cost": 0.0, "Total Cost": 67203.27, "Plan Rows": 345008, "Plan Width": 4, "Actual Startup Time": 578.817, "Actual Total Time": 1348.401, "Actual Rows": 10, "Actual Loops": 1, "Inner Unique": true, "Join Filter": "(it.id = mi_idx.info_type_id), (LLVM Optimized, Jit Execute)", "Rows Removed by Join Filter": 1380024, "Plans": [{"Node Type": "Index Scan", "Parent Relationship": "Outer", "Scan Direction": "Forward", "Index Name": "movie_id_movie_info_idx", "Relation Name": "movie_info_idx", "Alias": "mi_idx", "Startup Cost": 0.0, "Total Cost": 46500.35, "Plan Rows": 1380034, "Plan Width": 8, "Actual Startup Time": 0.028, "Actual Total Time": 593.66, "Actual Rows": 1380034, "Actual Loops": 1}, {"Node Type": "Materialize", "Parent Relationship": "Inner", "Startup Cost": 0.0, "Total Cost": 2.41, "Plan Rows": 1, "Plan Width": 4, "Actual Startup Time": 114.864, "Actual Total Time": 228.617, "Actual Rows": 1380034, "Actual Loops": 1380034, "Plans": [{"Node Type": "Seq Scan", "Parent Relationship": "Outer", "Relation Name": "info_type", "Alias": "it", "Startup Cost": 0.0, "Total Cost": 2.4, "Plan Rows": 1, "Plan Width": 4, "Actual Startup Time": 0.05, "Actual Total Time": 0.052, "Actual Rows": 1, "Actual Loops": 1, "Filter": "((info)::text = 'bottom 10 rank'::text)", "Rows Removed by Filter": 111}]}]}, {"Node Type": "Index Scan", "Parent Relationship": "Inner", "Scan Direction": "Forward", "Index Name": "movie_id_movie_companies", "Relation Name": "movie_companies", "Alias": "mc", "Startup Cost": 0.0, "Total Cost": 0.37, "Plan Rows": 2, "Plan Width": 32, "Actual Startup Time": 0.287, "Actual Total Time": 0.435, "Actual Rows": 100, "Actual Loops": 10, "Index Cond": "(movie_id = mi_idx.movie_id)", "Rows Removed by Index Recheck": 0, "Filter": "((note)::text !~~ '%(as Metro-Goldwyn-Mayer Pictures)%'::text)", "Rows Removed by Filter": 20}]}, {"Node Type": "Materialize", "Parent Relationship": "Inner", "Startup Cost": 0.0, "Total Cost": 1.04, "Plan Rows": 1, "Plan Width": 4, "Actual Startup Time": 0.062, "Actual Total Time": 0.074, "Actual Rows": 100, "Actual Loops": 100, "Plans": [{"Node Type": "Seq Scan", "Parent Relationship": "Outer", "Relation Name": "company_type", "Alias": "ct", "Startup Cost": 0.0, "Total Cost": 1.04, "Plan Rows": 1, "Plan Width": 4, "Actual Startup Time": 0.023, "Actual Total Time": 0.025, "Actual Rows": 1, "Actual Loops": 1, "Filter": "((kind)::text = 'production companies'::text)", "Rows Removed by Filter": 2}]}]}, {"Node Type": "Index Scan", "Parent Relationship": "Inner", "Scan Direction": "Forward", "Index Name": "title_pkey", "Relation Name": "title", "Alias": "t", "Startup Cost": 0.0, "Total Cost": 116441.27, "Plan Rows": 1381886, "Plan Width": 25, "Actual Startup Time": 0.042, "Actual Total Time": 2912.037, "Actual Rows": 1289090, "Actual Loops": 1, "Filter": "(production_year > 2000), (LLVM Optimized, Jit Execute)", "Rows Removed by Filter": 1033479}]}]}, "Triggers": [], "Planner Runtime": 7, "Total Runtime": 4458.043, "Unique SQL Id": 2492542741}}, "(64, 17)": {"explain_plan": {"Plan": {"Node Type": "Aggregate", "Strategy": "Plain", "Startup Cost": 346058.39, "Total Cost": 346058.4, "Plan Rows": 1, "Plan Width": 113, "Plans": [{"Node Type": "Merge Join", "Parent Relationship": "Outer", "Join Type": "Inner", "Startup Cost": 2.6, "Total Cost": 341179.2, "Plan Rows": 650559, "Plan Width": 45, "Inner Unique": true, "Merge Cond": "(mc.movie_id = t.id)", "Plans": [{"Node Type": "Nested Loop", "Parent Relationship": "Outer", "Join Type": "Inner", "Startup Cost": 0.0, "Total Cost": 213639.55, "Plan Rows": 501180, "Plan Width": 32, "Inner Unique": true, "Join Filter": "(mc.company_type_id = ct.id), (LLVM Optimized)", "Plans": [{"Node Type": "Nested Loop", "Parent Relationship": "Outer", "Join Type": "Inner", "Startup Cost": 0.0, "Total Cost": 201191.56, "Plan Rows": 829046, "Plan Width": 36, "Inner Unique": false, "Plans": [{"Node Type": "Nested Loop", "Parent Relationship": "Outer", "Join Type": "Inner", "Startup Cost": 0.0, "Total Cost": 67215.08, "Plan Rows": 345008, "Plan Width": 4, "Inner Unique": true, "Join Filter": "(it.id = mi_idx.info_type_id), (LLVM Optimized)", "Plans": [{"Node Type": "Index Scan", "Parent Relationship": "Outer", "Scan Direction": "Forward", "Index Name": "movie_id_movie_info_idx", "Relation Name": "movie_info_idx", "Alias": "mi_idx", "Startup Cost": 0.0, "Total Cost": 46500.35, "Plan Rows": 1380034, "Plan Width": 8}, {"Node Type": "Materialize", "Parent Relationship": "Inner", "Startup Cost": 0.0, "Total Cost": 14.22, "Plan Rows": 1, "Plan Width": 4, "Plans": [{"Node Type": "Index Scan", "Parent Relationship": "Outer", "Scan Direction": "Forward", "Index Name": "info_type_pkey", "Relation Name": "info_type", "Alias": "it", "Startup Cost": 0.0, "Total Cost": 14.21, "Plan Rows": 1, "Plan Width": 4, "Filter": "((info)::text = 'bottom 10 rank'::text)"}]}]}, {"Node Type": "Index Scan", "Parent Relationship": "Inner", "Scan Direction": "Forward", "Index Name": "movie_id_movie_companies", "Relation Name": "movie_companies", "Alias": "mc", "Startup Cost": 0.0, "Total Cost": 0.37, "Plan Rows": 2, "Plan Width": 32, "Index Cond": "(movie_id = mi_idx.movie_id)", "Filter": "((note)::text !~~ '%(as Metro-Goldwyn-Mayer Pictures)%'::text)"}]}, {"Node Type": "Materialize", "Parent Relationship": "Inner", "Startup Cost": 0.0, "Total Cost": 12.31, "Plan Rows": 1, "Plan Width": 4, "Plans": [{"Node Type": "Index Scan", "Parent Relationship": "Outer", "Scan Direction": "Forward", "Index Name": "company_type_pkey", "Relation Name": "company_type", "Alias": "ct", "Startup Cost": 0.0, "Total Cost": 12.3, "Plan Rows": 1, "Plan Width": 4, "Filter": "((kind)::text = 'production companies'::text)"}]}]}, {"Node Type": "Index Scan", "Parent Relationship": "Inner", "Scan Direction": "Forward", "Index Name": "title_pkey", "Relation Name": "title", "Alias": "t", "Startup Cost": 0.0, "Total Cost": 116441.27, "Plan Rows": 1381886, "Plan Width": 25, "Filter": "(production_year > 2000), (LLVM Optimized)"}]}]}, "Unique SQL Id": 2492542741, "Planner Runtime": 7}, "explain_analyze_plan": {"Plan": {"Node Type": "Aggregate", "Strategy": "Plain", "Startup Cost": 346058.39, "Total Cost": 346058.4, "Plan Rows": 1, "Plan Width": 113, "Actual Startup Time": 4377.15, "Actual Total Time": 4377.15, "Actual Rows": 1, "Actual Loops": 1, "Plans": [{"Node Type": "Merge Join", "Parent Relationship": "Outer", "Join Type": "Inner", "Startup Cost": 2.6, "Total Cost": 341179.2, "Plan Rows": 650559, "Plan Width": 45, "Actual Startup Time": 3112.624, "Actual Total Time": 4377.099, "Actual Rows": 4, "Actual Loops": 1, "Inner Unique": true, "Merge Cond": "(mc.movie_id = t.id)", "Plans": [{"Node Type": "Nested Loop", "Parent Relationship": "Outer", "Join Type": "Inner", "Startup Cost": 0.0, "Total Cost": 213639.55, "Plan Rows": 501180, "Plan Width": 32, "Actual Startup Time": 720.978, "Actual Total Time": 1349.536, "Actual Rows": 5, "Actual Loops": 1, "Inner Unique": true, "Join Filter": "(mc.company_type_id = ct.id), (LLVM Optimized, Jit Execute)", "Rows Removed by Join Filter": 95, "Plans": [{"Node Type": "Nested Loop", "Parent Relationship": "Outer", "Join Type": "Inner", "Startup Cost": 0.0, "Total Cost": 201191.56, "Plan Rows": 829046, "Plan Width": 36, "Actual Startup Time": 584.751, "Actual Total Time": 1349.397, "Actual Rows": 100, "Actual Loops": 1, "Inner Unique": false, "Plans": [{"Node Type": "Nested Loop", "Parent Relationship": "Outer", "Join Type": "Inner", "Startup Cost": 0.0, "Total Cost": 67215.08, "Plan Rows": 345008, "Plan Width": 4, "Actual Startup Time": 584.691, "Actual Total Time": 1348.894, "Actual Rows": 10, "Actual Loops": 1, "Inner Unique": true, "Join Filter": "(it.id = mi_idx.info_type_id), (LLVM Optimized, Jit Execute)", "Rows Removed by Join Filter": 1380024, "Plans": [{"Node Type": "Index Scan", "Parent Relationship": "Outer", "Scan Direction": "Forward", "Index Name": "movie_id_movie_info_idx", "Relation Name": "movie_info_idx", "Alias": "mi_idx", "Startup Cost": 0.0, "Total Cost": 46500.35, "Plan Rows": 1380034, "Plan Width": 8, "Actual Startup Time": 0.025, "Actual Total Time": 579.435, "Actual Rows": 1380034, "Actual Loops": 1}, {"Node Type": "Materialize", "Parent Relationship": "Inner", "Startup Cost": 0.0, "Total Cost": 14.22, "Plan Rows": 1, "Plan Width": 4, "Actual Startup Time": 114.571, "Actual Total Time": 228.295, "Actual Rows": 1380034, "Actual Loops": 1380034, "Plans": [{"Node Type": "Index Scan", "Parent Relationship": "Outer", "Scan Direction": "Forward", "Index Name": "info_type_pkey", "Relation Name": "info_type", "Alias": "it", "Startup Cost": 0.0, "Total Cost": 14.21, "Plan Rows": 1, "Plan Width": 4, "Actual Startup Time": 0.065, "Actual Total Time": 0.066, "Actual Rows": 1, "Actual Loops": 1, "Filter": "((info)::text = 'bottom 10 rank'::text)", "Rows Removed by Filter": 111}]}]}, {"Node Type": "Index Scan", "Parent Relationship": "Inner", "Scan Direction": "Forward", "Index Name": "movie_id_movie_companies", "Relation Name": "movie_companies", "Alias": "mc", "Startup Cost": 0.0, "Total Cost": 0.37, "Plan Rows": 2, "Plan Width": 32, "Actual Startup Time": 0.263, "Actual Total Time": 0.401, "Actual Rows": 100, "Actual Loops": 10, "Index Cond": "(movie_id = mi_idx.movie_id)", "Rows Removed by Index Recheck": 0, "Filter": "((note)::text !~~ '%(as Metro-Goldwyn-Mayer Pictures)%'::text)", "Rows Removed by Filter": 20}]}, {"Node Type": "Materialize", "Parent Relationship": "Inner", "Startup Cost": 0.0, "Total Cost": 12.31, "Plan Rows": 1, "Plan Width": 4, "Actual Startup Time": 0.05, "Actual Total Time": 0.059, "Actual Rows": 100, "Actual Loops": 100, "Plans": [{"Node Type": "Index Scan", "Parent Relationship": "Outer", "Scan Direction": "Forward", "Index Name": "company_type_pkey", "Relation Name": "company_type", "Alias": "ct", "Startup Cost": 0.0, "Total Cost": 12.3, "Plan Rows": 1, "Plan Width": 4, "Actual Startup Time": 0.021, "Actual Total Time": 0.024, "Actual Rows": 1, "Actual Loops": 1, "Filter": "((kind)::text = 'production companies'::text)", "Rows Removed by Filter": 2}]}]}, {"Node Type": "Index Scan", "Parent Relationship": "Inner", "Scan Direction": "Forward", "Index Name": "title_pkey", "Relation Name": "title", "Alias": "t", "Startup Cost": 0.0, "Total Cost": 116441.27, "Plan Rows": 1381886, "Plan Width": 25, "Actual Startup Time": 0.045, "Actual Total Time": 2840.446, "Actual Rows": 1289090, "Actual Loops": 1, "Filter": "(production_year > 2000), (LLVM Optimized, Jit Execute)", "Rows Removed by Filter": 1033479}]}]}, "Triggers": [], "Planner Runtime": 6, "Total Runtime": 4387.16, "Unique SQL Id": 2492542741}}, "(64, 18)": {"explain_plan": {"Plan": {"Node Type": "Aggregate", "Strategy": "Plain", "Startup Cost": 1779762.46, "Total Cost": 1779762.47, "Plan Rows": 1, "Plan Width": 113, "Plans": [{"Node Type": "Merge Join", "Parent Relationship": "Outer", "Join Type": "Inner", "Startup Cost": 1760731.0, "Total Cost": 1774978.32, "Plan Rows": 637886, "Plan Width": 45, "Inner Unique": false, "Merge Cond": "(t.id = mc.movie_id)", "Plans": [{"Node Type": "Sort", "Parent Relationship": "Outer", "Startup Cost": 1550612.7, "Total Cost": 1551732.3, "Plan Rows": 447839, "Plan Width": 29, "Sort Key": ["mi_idx.movie_id"], "Plans": [{"Node Type": "Nested Loop", "Parent Relationship": "Outer", "Join Type": "Inner", "Startup Cost": 7502.35, "Total Cost": 1508577.14, "Plan Rows": 447839, "Plan Width": 29, "Inner Unique": true, "Plans": [{"Node Type": "Nested Loop", "Parent Relationship": "Outer", "Join Type": "Inner", "Startup Cost": 7502.06, "Total Cost": 21741.14, "Plan Rows": 345008, "Plan Width": 4, "Inner Unique": false, "Plans": [{"Node Type": "Seq Scan", "Parent Relationship": "Outer", "Relation Name": "info_type", "Alias": "it", "Startup Cost": 0.0, "Total Cost": 2.4, "Plan Rows": 1, "Plan Width": 4, "Filter": "((info)::text = 'bottom 10 rank'::text)"}, {"Node Type": "Bitmap Heap Scan", "Parent Relationship": "Inner", "Relation Name": "movie_info_idx", "Alias": "mi_idx", "Startup Cost": 7502.06, "Total Cost": 18288.66, "Plan Rows": 345008, "Plan Width": 8, "Recheck Cond": "(info_type_id = it.id), (LLVM Optimized)", "Plans": [{"Node Type": "Bitmap Index Scan", "Parent Relationship": "Outer", "Index Name": "info_type_id_movie_info_idx", "Startup Cost": 0.0, "Total Cost": 7415.81, "Plan Rows": 345008, "Plan Width": 0, "Index Cond": "(info_type_id = it.id)"}]}]}, {"Node Type": "Bitmap Heap Scan", "Parent Relationship": "Inner", "Relation Name": "title", "Alias": "t", "Startup Cost": 0.28, "Total Cost": 4.3, "Plan Rows": 1, "Plan Width": 25, "Recheck Cond": "(id = mi_idx.movie_id)", "Filter": "(production_year > 2000)", "Plans": [{"Node Type": "Bitmap Index Scan", "Parent Relationship": "Outer", "Index Name": "title_pkey", "Startup Cost": 0.0, "Total Cost": 0.28, "Plan Rows": 1, "Plan Width": 0, "Index Cond": "(id = mi_idx.movie_id)"}]}]}]}, {"Node Type": "Sort", "Parent Relationship": "Inner", "Startup Cost": 210118.25, "Total Cost": 213379.54, "Plan Rows": 1304518, "Plan Width": 28, "Sort Key": ["mc.movie_id"], "Plans": [{"Node Type": "Nested Loop", "Parent Relationship": "Outer", "Join Type": "Inner", "Startup Cost": 29270.61, "Total Cost": 77611.28, "Plan Rows": 1304518, "Plan Width": 28, "Inner Unique": false, "Plans": [{"Node Type": "Seq Scan", "Parent Relationship": "Outer", "Relation Name": "company_type", "Alias": "ct", "Startup Cost": 0.0, "Total Cost": 1.04, "Plan Rows": 1, "Plan Width": 4, "Filter": "((kind)::text = 'production companies'::text)"}, {"Node Type": "Bitmap Heap Scan", "Parent Relationship": "Inner", "Relation Name": "movie_companies", "Alias": "mc", "Startup Cost": 29270.61, "Total Cost": 64565.07, "Plan Rows": 1304517, "Plan Width": 32, "Recheck Cond": "(company_type_id = ct.id), (LLVM Optimized)", "Filter": "((note)::text !~~ '%(as Metro-Goldwyn-Mayer Pictures)%'::text), (LLVM Optimized)", "Plans": [{"Node Type": "Bitmap Index Scan", "Parent Relationship": "Outer", "Index Name": "company_type_id_movie_companies", "Startup Cost": 0.0, "Total Cost": 28944.48, "Plan Rows": 1304564, "Plan Width": 0, "Index Cond": "(company_type_id = ct.id)"}]}]}]}]}]}, "Unique SQL Id": 2492542741, "Planner Runtime": 7}, "explain_analyze_plan": {"Plan": {"Node Type": "Aggregate", "Strategy": "Plain", "Startup Cost": 1779762.46, "Total Cost": 1779762.47, "Plan Rows": 1, "Plan Width": 113, "Actual Startup Time": 729.065, "Actual Total Time": 729.066, "Actual Rows": 1, "Actual Loops": 1, "Plans": [{"Node Type": "Merge Join", "Parent Relationship": "Outer", "Join Type": "Inner", "Startup Cost": 1760731.0, "Total Cost": 1774978.32, "Plan Rows": 637886, "Plan Width": 45, "Actual Startup Time": 711.95, "Actual Total Time": 729.036, "Actual Rows": 4, "Actual Loops": 1, "Inner Unique": false, "Merge Cond": "(t.id = mc.movie_id)", "Plans": [{"Node Type": "Sort", "Parent Relationship": "Outer", "Startup Cost": 1550612.7, "Total Cost": 1551732.3, "Plan Rows": 447839, "Plan Width": 29, "Actual Startup Time": 0.289, "Actual Total Time": 0.292, "Actual Rows": 6, "Actual Loops": 1, "Sort Key": ["mi_idx.movie_id"], "Sort Method": "quicksort", "Sort Space Used": 25, "Sort Space Type": "Memory", "Plans": [{"Node Type": "Nested Loop", "Parent Relationship": "Outer", "Join Type": "Inner", "Startup Cost": 7502.35, "Total Cost": 1508577.14, "Plan Rows": 447839, "Plan Width": 29, "Actual Startup Time": 0.15, "Actual Total Time": 0.268, "Actual Rows": 6, "Actual Loops": 1, "Inner Unique": true, "Plans": [{"Node Type": "Nested Loop", "Parent Relationship": "Outer", "Join Type": "Inner", "Startup Cost": 7502.06, "Total Cost": 21741.14, "Plan Rows": 345008, "Plan Width": 4, "Actual Startup Time": 0.109, "Actual Total Time": 0.116, "Actual Rows": 10, "Actual Loops": 1, "Inner Unique": false, "Plans": [{"Node Type": "Seq Scan", "Parent Relationship": "Outer", "Relation Name": "info_type", "Alias": "it", "Startup Cost": 0.0, "Total Cost": 2.4, "Plan Rows": 1, "Plan Width": 4, "Actual Startup Time": 0.06, "Actual Total Time": 0.064, "Actual Rows": 1, "Actual Loops": 1, "Filter": "((info)::text = 'bottom 10 rank'::text)", "Rows Removed by Filter": 111}, {"Node Type": "Bitmap Heap Scan", "Parent Relationship": "Inner", "Relation Name": "movie_info_idx", "Alias": "mi_idx", "Startup Cost": 7502.06, "Total Cost": 18288.66, "Plan Rows": 345008, "Plan Width": 8, "Actual Startup Time": 0.04, "Actual Total Time": 0.041, "Actual Rows": 10, "Actual Loops": 1, "Recheck Cond": "(info_type_id = it.id), (LLVM Optimized)", "Rows Removed by Index Recheck": 0, "Exact Heap Blocks": 1, "Lossy Heap Blocks": 1, "Plans": [{"Node Type": "Bitmap Index Scan", "Parent Relationship": "Outer", "Index Name": "info_type_id_movie_info_idx", "Startup Cost": 0.0, "Total Cost": 7415.81, "Plan Rows": 345008, "Plan Width": 0, "Actual Startup Time": 0.019, "Actual Total Time": 0.019, "Actual Rows": 10, "Actual Loops": 1, "Index Cond": "(info_type_id = it.id)"}]}]}, {"Node Type": "Bitmap Heap Scan", "Parent Relationship": "Inner", "Relation Name": "title", "Alias": "t", "Startup Cost": 0.28, "Total Cost": 4.3, "Plan Rows": 1, "Plan Width": 25, "Actual Startup Time": 0.135, "Actual Total Time": 0.135, "Actual Rows": 6, "Actual Loops": 10, "Recheck Cond": "(id = mi_idx.movie_id)", "Rows Removed by Index Recheck": 0, "Filter": "(production_year > 2000)", "Rows Removed by Filter": 4, "Exact Heap Blocks": 10, "Lossy Heap Blocks": 10, "Plans": [{"Node Type": "Bitmap Index Scan", "Parent Relationship": "Outer", "Index Name": "title_pkey", "Startup Cost": 0.0, "Total Cost": 0.28, "Plan Rows": 1, "Plan Width": 0, "Actual Startup Time": 0.081, "Actual Total Time": 0.081, "Actual Rows": 10, "Actual Loops": 10, "Index Cond": "(id = mi_idx.movie_id)"}]}]}]}, {"Node Type": "Sort", "Parent Relationship": "Inner", "Startup Cost": 210118.25, "Total Cost": 213379.54, "Plan Rows": 1304518, "Plan Width": 28, "Actual Startup Time": 689.569, "Actual Total Time": 706.677, "Actual Rows": 124632, "Actual Loops": 1, "Sort Key": ["mc.movie_id"], "Sort Method": "quicksort", "Sort Space Used": 20170, "Sort Space Type": "Memory", "Plans": [{"Node Type": "Nested Loop", "Parent Relationship": "Outer", "Join Type": "Inner", "Startup Cost": 29270.61, "Total Cost": 77611.28, "Plan Rows": 1304518, "Plan Width": 28, "Actual Startup Time": 149.361, "Actual Total Time": 637.424, "Actual Rows": 140904, "Actual Loops": 1, "Inner Unique": false, "Plans": [{"Node Type": "Seq Scan", "Parent Relationship": "Outer", "Relation Name": "company_type", "Alias": "ct", "Startup Cost": 0.0, "Total Cost": 1.04, "Plan Rows": 1, "Plan Width": 4, "Actual Startup Time": 0.007, "Actual Total Time": 0.015, "Actual Rows": 1, "Actual Loops": 1, "Filter": "((kind)::text = 'production companies'::text)", "Rows Removed by Filter": 2}, {"Node Type": "Bitmap Heap Scan", "Parent Relationship": "Inner", "Relation Name": "movie_companies", "Alias": "mc", "Startup Cost": 29270.61, "Total Cost": 64565.07, "Plan Rows": 1304517, "Plan Width": 32, "Actual Startup Time": 149.35, "Actual Total Time": 609.312, "Actual Rows": 140904, "Actual Loops": 1, "Recheck Cond": "(company_type_id = ct.id), (LLVM Optimized)", "Rows Removed by Index Recheck": 0, "Filter": "((note)::text !~~ '%(as Metro-Goldwyn-Mayer Pictures)%'::text), (LLVM Optimized)", "Rows Removed by Filter": 1193979, "Exact Heap Blocks": 6196, "Lossy Heap Blocks": 6196, "Plans": [{"Node Type": "Bitmap Index Scan", "Parent Relationship": "Outer", "Index Name": "company_type_id_movie_companies", "Startup Cost": 0.0, "Total Cost": 28944.48, "Plan Rows": 1304564, "Plan Width": 0, "Actual Startup Time": 148.082, "Actual Total Time": 148.082, "Actual Rows": 1334883, "Actual Loops": 1, "Index Cond": "(company_type_id = ct.id)"}]}]}]}]}]}, "Triggers": [], "Planner Runtime": 7, "Total Runtime": 739.062, "Unique SQL Id": 2492542741}}, "(64, 19)": {"explain_plan": {"Plan": {"Node Type": "Aggregate", "Strategy": "Plain", "Startup Cost": 554099.09, "Total Cost": 554099.1, "Plan Rows": 1, "Plan Width": 113, "Plans": [{"Node Type": "Merge Join", "Parent Relationship": "Outer", "Join Type": "Inner", "Startup Cost": 520946.1, "Total Cost": 549314.94, "Plan Rows": 637886, "Plan Width": 45, "Inner Unique": true, "Merge Cond": "(mc.movie_id = t.id)", "Plans": [{"Node Type": "Merge Join", "Parent Relationship": "Outer", "Join Type": "Inner", "Startup Cost": 263616.8, "Total Cost": 277451.17, "Plan Rows": 501180, "Plan Width": 32, "Inner Unique": false, "Merge Cond": "(mi_idx.movie_id = mc.movie_id)", "Plans": [{"Node Type": "Sort", "Parent Relationship": "Outer", "Startup Cost": 53487.25, "Total Cost": 54349.77, "Plan Rows": 345008, "Plan Width": 4, "Sort Key": ["mi_idx.movie_id"], "Plans": [{"Node Type": "Nested Loop", "Parent Relationship": "Outer", "Join Type": "Inner", "Startup Cost": 7510.87, "Total Cost": 21752.95, "Plan Rows": 345008, "Plan Width": 4, "Inner Unique": false, "Plans": [{"Node Type": "Bitmap Heap Scan", "Parent Relationship": "Outer", "Relation Name": "info_type", "Alias": "it", "Startup Cost": 8.81, "Total Cost": 14.21, "Plan Rows": 1, "Plan Width": 4, "Filter": "((info)::text = 'bottom 10 rank'::text)", "Plans": [{"Node Type": "Bitmap Index Scan", "Parent Relationship": "Outer", "Index Name": "info_type_pkey", "Startup Cost": 0.0, "Total Cost": 8.81, "Plan Rows": 112, "Plan Width": 0}]}, {"Node Type": "Bitmap Heap Scan", "Parent Relationship": "Inner", "Relation Name": "movie_info_idx", "Alias": "mi_idx", "Startup Cost": 7502.06, "Total Cost": 18288.66, "Plan Rows": 345008, "Plan Width": 8, "Recheck Cond": "(info_type_id = it.id), (LLVM Optimized)", "Plans": [{"Node Type": "Bitmap Index Scan", "Parent Relationship": "Outer", "Index Name": "info_type_id_movie_info_idx", "Startup Cost": 0.0, "Total Cost": 7415.81, "Plan Rows": 345008, "Plan Width": 0, "Index Cond": "(info_type_id = it.id)"}]}]}]}, {"Node Type": "Sort", "Parent Relationship": "Inner", "Startup Cost": 210129.52, "Total Cost": 213390.81, "Plan Rows": 1304518, "Plan Width": 28, "Sort Key": ["mc.movie_id"], "Plans": [{"Node Type": "Nested Loop", "Parent Relationship": "Outer", "Join Type": "Inner", "Startup Cost": 29278.87, "Total Cost": 77622.54, "Plan Rows": 1304518, "Plan Width": 28, "Inner Unique": false, "Plans": [{"Node Type": "Bitmap Heap Scan", "Parent Relationship": "Outer", "Relation Name": "company_type", "Alias": "ct", "Startup Cost": 8.27, "Total Cost": 12.3, "Plan Rows": 1, "Plan Width": 4, "Filter": "((kind)::text = 'production companies'::text)", "Plans": [{"Node Type": "Bitmap Index Scan", "Parent Relationship": "Outer", "Index Name": "company_type_pkey", "Startup Cost": 0.0, "Total Cost": 8.27, "Plan Rows": 3, "Plan Width": 0}]}, {"Node Type": "Bitmap Heap Scan", "Parent Relationship": "Inner", "Relation Name": "movie_companies", "Alias": "mc", "Startup Cost": 29270.61, "Total Cost": 64565.07, "Plan Rows": 1304517, "Plan Width": 32, "Recheck Cond": "(company_type_id = ct.id), (LLVM Optimized)", "Filter": "((note)::text !~~ '%(as Metro-Goldwyn-Mayer Pictures)%'::text), (LLVM Optimized)", "Plans": [{"Node Type": "Bitmap Index Scan", "Parent Relationship": "Outer", "Index Name": "company_type_id_movie_companies", "Startup Cost": 0.0, "Total Cost": 28944.48, "Plan Rows": 1304564, "Plan Width": 0, "Index Cond": "(company_type_id = ct.id)"}]}]}]}]}, {"Node Type": "Sort", "Parent Relationship": "Inner", "Startup Cost": 257329.15, "Total Cost": 260783.86, "Plan Rows": 1381886, "Plan Width": 25, "Sort Key": ["t.id"], "Plans": [{"Node Type": "Bitmap Heap Scan", "Parent Relationship": "Outer", "Relation Name": "title", "Alias": "t", "Startup Cost": 49999.28, "Total Cost": 116389.16, "Plan Rows": 1381886, "Plan Width": 25, "Filter": "(production_year > 2000), (LLVM Optimized)", "Plans": [{"Node Type": "Bitmap Index Scan", "Parent Relationship": "Outer", "Index Name": "title_pkey", "Startup Cost": 0.0, "Total Cost": 49653.81, "Plan Rows": 2528311, "Plan Width": 0}]}]}]}]}, "Unique SQL Id": 2492542741, "Planner Runtime": 6}, "explain_analyze_plan": {"Plan": {"Node Type": "Aggregate", "Strategy": "Plain", "Startup Cost": 554099.09, "Total Cost": 554099.1, "Plan Rows": 1, "Plan Width": 113, "Actual Startup Time": 3117.122, "Actual Total Time": 3117.122, "Actual Rows": 1, "Actual Loops": 1, "Plans": [{"Node Type": "Merge Join", "Parent Relationship": "Outer", "Join Type": "Inner", "Startup Cost": 520946.1, "Total Cost": 549314.94, "Plan Rows": 637886, "Plan Width": 45, "Actual Startup Time": 3009.403, "Actual Total Time": 3116.975, "Actual Rows": 4, "Actual Loops": 1, "Inner Unique": true, "Merge Cond": "(mc.movie_id = t.id)", "Plans": [{"Node Type": "Merge Join", "Parent Relationship": "Outer", "Join Type": "Inner", "Startup Cost": 263616.8, "Total Cost": 277451.17, "Plan Rows": 501180, "Plan Width": 32, "Actual Startup Time": 686.849, "Actual Total Time": 704.539, "Actual Rows": 5, "Actual Loops": 1, "Inner Unique": false, "Merge Cond": "(mi_idx.movie_id = mc.movie_id)", "Plans": [{"Node Type": "Sort", "Parent Relationship": "Outer", "Startup Cost": 53487.25, "Total Cost": 54349.77, "Plan Rows": 345008, "Plan Width": 4, "Actual Startup Time": 0.125, "Actual Total Time": 0.13, "Actual Rows": 10, "Actual Loops": 1, "Sort Key": ["mi_idx.movie_id"], "Sort Method": "quicksort", "Sort Space Used": 25, "Sort Space Type": "Memory", "Plans": [{"Node Type": "Nested Loop", "Parent Relationship": "Outer", "Join Type": "Inner", "Startup Cost": 7510.87, "Total Cost": 21752.95, "Plan Rows": 345008, "Plan Width": 4, "Actual Startup Time": 0.107, "Actual Total Time": 0.111, "Actual Rows": 10, "Actual Loops": 1, "Inner Unique": false, "Plans": [{"Node Type": "Bitmap Heap Scan", "Parent Relationship": "Outer", "Relation Name": "info_type", "Alias": "it", "Startup Cost": 8.81, "Total Cost": 14.21, "Plan Rows": 1, "Plan Width": 4, "Actual Startup Time": 0.079, "Actual Total Time": 0.079, "Actual Rows": 1, "Actual Loops": 1, "Filter": "((info)::text = 'bottom 10 rank'::text)", "Rows Removed by Filter": 111, "Exact Heap Blocks": 1, "Lossy Heap Blocks": 1, "Plans": [{"Node Type": "Bitmap Index Scan", "Parent Relationship": "Outer", "Index Name": "info_type_pkey", "Startup Cost": 0.0, "Total Cost": 8.81, "Plan Rows": 112, "Plan Width": 0, "Actual Startup Time": 0.014, "Actual Total Time": 0.014, "Actual Rows": 112, "Actual Loops": 1}]}, {"Node Type": "Bitmap Heap Scan", "Parent Relationship": "Inner", "Relation Name": "movie_info_idx", "Alias": "mi_idx", "Startup Cost": 7502.06, "Total Cost": 18288.66, "Plan Rows": 345008, "Plan Width": 8, "Actual Startup Time": 0.022, "Actual Total Time": 0.023, "Actual Rows": 10, "Actual Loops": 1, "Recheck Cond": "(info_type_id = it.id), (LLVM Optimized, Jit Execute)", "Rows Removed by Index Recheck": 0, "Exact Heap Blocks": 1, "Lossy Heap Blocks": 1, "Plans": [{"Node Type": "Bitmap Index Scan", "Parent Relationship": "Outer", "Index Name": "info_type_id_movie_info_idx", "Startup Cost": 0.0, "Total Cost": 7415.81, "Plan Rows": 345008, "Plan Width": 0, "Actual Startup Time": 0.014, "Actual Total Time": 0.014, "Actual Rows": 10, "Actual Loops": 1, "Index Cond": "(info_type_id = it.id)"}]}]}]}, {"Node Type": "Sort", "Parent Relationship": "Inner", "Startup Cost": 210129.52, "Total Cost": 213390.81, "Plan Rows": 1304518, "Plan Width": 28, "Actual Startup Time": 669.208, "Actual Total Time": 683.931, "Actual Rows": 132371, "Actual Loops": 1, "Sort Key": ["mc.movie_id"], "Sort Method": "quicksort", "Sort Space Used": 20170, "Sort Space Type": "Memory", "Plans": [{"Node Type": "Nested Loop", "Parent Relationship": "Outer", "Join Type": "Inner", "Startup Cost": 29278.87, "Total Cost": 77622.54, "Plan Rows": 1304518, "Plan Width": 28, "Actual Startup Time": 145.7, "Actual Total Time": 618.59, "Actual Rows": 140904, "Actual Loops": 1, "Inner Unique": false, "Plans": [{"Node Type": "Bitmap Heap Scan", "Parent Relationship": "Outer", "Relation Name": "company_type", "Alias": "ct", "Startup Cost": 8.27, "Total Cost": 12.3, "Plan Rows": 1, "Plan Width": 4, "Actual Startup Time": 0.007, "Actual Total Time": 0.019, "Actual Rows": 1, "Actual Loops": 1, "Filter": "((kind)::text = 'production companies'::text)", "Rows Removed by Filter": 2, "Exact Heap Blocks": 1, "Lossy Heap Blocks": 1, "Plans": [{"Node Type": "Bitmap Index Scan", "Parent Relationship": "Outer", "Index Name": "company_type_pkey", "Startup Cost": 0.0, "Total Cost": 8.27, "Plan Rows": 3, "Plan Width": 0, "Actual Startup Time": 0.002, "Actual Total Time": 0.002, "Actual Rows": 3, "Actual Loops": 1}]}, {"Node Type": "Bitmap Heap Scan", "Parent Relationship": "Inner", "Relation Name": "movie_companies", "Alias": "mc", "Startup Cost": 29270.61, "Total Cost": 64565.07, "Plan Rows": 1304517, "Plan Width": 32, "Actual Startup Time": 145.689, "Actual Total Time": 591.117, "Actual Rows": 140904, "Actual Loops": 1, "Recheck Cond": "(company_type_id = ct.id), (LLVM Optimized, Jit Execute)", "Rows Removed by Index Recheck": 0, "Filter": "((note)::text !~~ '%(as Metro-Goldwyn-Mayer Pictures)%'::text), (LLVM Optimized, Jit Execute)", "Rows Removed by Filter": 1193979, "Exact Heap Blocks": 6196, "Lossy Heap Blocks": 6196, "Plans": [{"Node Type": "Bitmap Index Scan", "Parent Relationship": "Outer", "Index Name": "company_type_id_movie_companies", "Startup Cost": 0.0, "Total Cost": 28944.48, "Plan Rows": 1304564, "Plan Width": 0, "Actual Startup Time": 144.489, "Actual Total Time": 144.489, "Actual Rows": 1334883, "Actual Loops": 1, "Index Cond": "(company_type_id = ct.id)"}]}]}]}]}, {"Node Type": "Sort", "Parent Relationship": "Inner", "Startup Cost": 257329.15, "Total Cost": 260783.86, "Plan Rows": 1381886, "Plan Width": 25, "Actual Startup Time": 1985.424, "Actual Total Time": 2205.986, "Actual Rows": 1289090, "Actual Loops": 1, "Sort Key": ["t.id"], "Sort Method": "quicksort", "Sort Space Used": 186407, "Sort Space Type": "Memory", "Plans": [{"Node Type": "Bitmap Heap Scan", "Parent Relationship": "Outer", "Relation Name": "title", "Alias": "t", "Startup Cost": 49999.28, "Total Cost": 116389.16, "Plan Rows": 1381886, "Plan Width": 25, "Actual Startup Time": 307.66, "Actual Total Time": 1373.465, "Actual Rows": 1381453, "Actual Loops": 1, "Filter": "(production_year > 2000), (LLVM Optimized, Jit Execute)", "Rows Removed by Filter": 1146858, "Exact Heap Blocks": 34786, "Lossy Heap Blocks": 34786, "Plans": [{"Node Type": "Bitmap Index Scan", "Parent Relationship": "Outer", "Index Name": "title_pkey", "Startup Cost": 0.0, "Total Cost": 49653.81, "Plan Rows": 2528311, "Plan Width": 0, "Actual Startup Time": 299.311, "Actual Total Time": 299.311, "Actual Rows": 2528311, "Actual Loops": 1}]}]}]}]}, "Triggers": [], "Planner Runtime": 6, "Total Runtime": 3127.851, "Unique SQL Id": 2492542741}}, "(64, 20)": {"explain_plan": {"Plan": {"Node Type": "Aggregate", "Strategy": "Plain", "Startup Cost": 346035.32, "Total Cost": 346035.33, "Plan Rows": 1, "Plan Width": 113, "Plans": [{"Node Type": "Merge Join", "Parent Relationship": "Outer", "Join Type": "Inner", "Startup Cost": 2.6, "Total Cost": 341156.13, "Plan Rows": 650559, "Plan Width": 45, "Inner Unique": true, "Merge Cond": "(mc.movie_id = t.id)", "Plans": [{"Node Type": "Nested Loop", "Parent Relationship": "Outer", "Join Type": "Inner", "Startup Cost": 0.0, "Total Cost": 213616.48, "Plan Rows": 501180, "Plan Width": 32, "Inner Unique": true, "Join Filter": "(mc.company_type_id = ct.id), (LLVM Optimized)", "Plans": [{"Node Type": "Nested Loop", "Parent Relationship": "Outer", "Join Type": "Inner", "Startup Cost": 0.0, "Total Cost": 201179.75, "Plan Rows": 829046, "Plan Width": 36, "Inner Unique": false, "Plans": [{"Node Type": "Nested Loop", "Parent Relationship": "Outer", "Join Type": "Inner", "Startup Cost": 0.0, "Total Cost": 67203.27, "Plan Rows": 345008, "Plan Width": 4, "Inner Unique": true, "Join Filter": "(it.id = mi_idx.info_type_id), (LLVM Optimized)", "Plans": [{"Node Type": "Index Scan", "Parent Relationship": "Outer", "Scan Direction": "Forward", "Index Name": "movie_id_movie_info_idx", "Relation Name": "movie_info_idx", "Alias": "mi_idx", "Startup Cost": 0.0, "Total Cost": 46500.35, "Plan Rows": 1380034, "Plan Width": 8}, {"Node Type": "Materialize", "Parent Relationship": "Inner", "Startup Cost": 0.0, "Total Cost": 2.41, "Plan Rows": 1, "Plan Width": 4, "Plans": [{"Node Type": "Seq Scan", "Parent Relationship": "Outer", "Relation Name": "info_type", "Alias": "it", "Startup Cost": 0.0, "Total Cost": 2.4, "Plan Rows": 1, "Plan Width": 4, "Filter": "((info)::text = 'bottom 10 rank'::text)"}]}]}, {"Node Type": "Index Scan", "Parent Relationship": "Inner", "Scan Direction": "Forward", "Index Name": "movie_id_movie_companies", "Relation Name": "movie_companies", "Alias": "mc", "Startup Cost": 0.0, "Total Cost": 0.37, "Plan Rows": 2, "Plan Width": 32, "Index Cond": "(movie_id = mi_idx.movie_id)", "Filter": "((note)::text !~~ '%(as Metro-Goldwyn-Mayer Pictures)%'::text)"}]}, {"Node Type": "Materialize", "Parent Relationship": "Inner", "Startup Cost": 0.0, "Total Cost": 1.04, "Plan Rows": 1, "Plan Width": 4, "Plans": [{"Node Type": "Seq Scan", "Parent Relationship": "Outer", "Relation Name": "company_type", "Alias": "ct", "Startup Cost": 0.0, "Total Cost": 1.04, "Plan Rows": 1, "Plan Width": 4, "Filter": "((kind)::text = 'production companies'::text)"}]}]}, {"Node Type": "Index Scan", "Parent Relationship": "Inner", "Scan Direction": "Forward", "Index Name": "title_pkey", "Relation Name": "title", "Alias": "t", "Startup Cost": 0.0, "Total Cost": 116441.27, "Plan Rows": 1381886, "Plan Width": 25, "Filter": "(production_year > 2000), (LLVM Optimized)"}]}]}, "Unique SQL Id": 2492542741, "Planner Runtime": 8}, "explain_analyze_plan": {"Plan": {"Node Type": "Aggregate", "Strategy": "Plain", "Startup Cost": 346035.32, "Total Cost": 346035.33, "Plan Rows": 1, "Plan Width": 113, "Actual Startup Time": 4448.105, "Actual Total Time": 4448.106, "Actual Rows": 1, "Actual Loops": 1, "Plans": [{"Node Type": "Merge Join", "Parent Relationship": "Outer", "Join Type": "Inner", "Startup Cost": 2.6, "Total Cost": 341156.13, "Plan Rows": 650559, "Plan Width": 45, "Actual Startup Time": 3168.837, "Actual Total Time": 4448.052, "Actual Rows": 4, "Actual Loops": 1, "Inner Unique": true, "Merge Cond": "(mc.movie_id = t.id)", "Plans": [{"Node Type": "Nested Loop", "Parent Relationship": "Outer", "Join Type": "Inner", "Startup Cost": 0.0, "Total Cost": 213616.48, "Plan Rows": 501180, "Plan Width": 32, "Actual Startup Time": 714.025, "Actual Total Time": 1349.076, "Actual Rows": 5, "Actual Loops": 1, "Inner Unique": true, "Join Filter": "(mc.company_type_id = ct.id), (LLVM Optimized, Jit Execute)", "Rows Removed by Join Filter": 95, "Plans": [{"Node Type": "Nested Loop", "Parent Relationship": "Outer", "Join Type": "Inner", "Startup Cost": 0.0, "Total Cost": 201179.75, "Plan Rows": 829046, "Plan Width": 36, "Actual Startup Time": 578.873, "Actual Total Time": 1348.94, "Actual Rows": 100, "Actual Loops": 1, "Inner Unique": false, "Plans": [{"Node Type": "Nested Loop", "Parent Relationship": "Outer", "Join Type": "Inner", "Startup Cost": 0.0, "Total Cost": 67203.27, "Plan Rows": 345008, "Plan Width": 4, "Actual Startup Time": 578.817, "Actual Total Time": 1348.401, "Actual Rows": 10, "Actual Loops": 1, "Inner Unique": true, "Join Filter": "(it.id = mi_idx.info_type_id), (LLVM Optimized, Jit Execute)", "Rows Removed by Join Filter": 1380024, "Plans": [{"Node Type": "Index Scan", "Parent Relationship": "Outer", "Scan Direction": "Forward", "Index Name": "movie_id_movie_info_idx", "Relation Name": "movie_info_idx", "Alias": "mi_idx", "Startup Cost": 0.0, "Total Cost": 46500.35, "Plan Rows": 1380034, "Plan Width": 8, "Actual Startup Time": 0.028, "Actual Total Time": 593.66, "Actual Rows": 1380034, "Actual Loops": 1}, {"Node Type": "Materialize", "Parent Relationship": "Inner", "Startup Cost": 0.0, "Total Cost": 2.41, "Plan Rows": 1, "Plan Width": 4, "Actual Startup Time": 114.864, "Actual Total Time": 228.617, "Actual Rows": 1380034, "Actual Loops": 1380034, "Plans": [{"Node Type": "Seq Scan", "Parent Relationship": "Outer", "Relation Name": "info_type", "Alias": "it", "Startup Cost": 0.0, "Total Cost": 2.4, "Plan Rows": 1, "Plan Width": 4, "Actual Startup Time": 0.05, "Actual Total Time": 0.052, "Actual Rows": 1, "Actual Loops": 1, "Filter": "((info)::text = 'bottom 10 rank'::text)", "Rows Removed by Filter": 111}]}]}, {"Node Type": "Index Scan", "Parent Relationship": "Inner", "Scan Direction": "Forward", "Index Name": "movie_id_movie_companies", "Relation Name": "movie_companies", "Alias": "mc", "Startup Cost": 0.0, "Total Cost": 0.37, "Plan Rows": 2, "Plan Width": 32, "Actual Startup Time": 0.287, "Actual Total Time": 0.435, "Actual Rows": 100, "Actual Loops": 10, "Index Cond": "(movie_id = mi_idx.movie_id)", "Rows Removed by Index Recheck": 0, "Filter": "((note)::text !~~ '%(as Metro-Goldwyn-Mayer Pictures)%'::text)", "Rows Removed by Filter": 20}]}, {"Node Type": "Materialize", "Parent Relationship": "Inner", "Startup Cost": 0.0, "Total Cost": 1.04, "Plan Rows": 1, "Plan Width": 4, "Actual Startup Time": 0.062, "Actual Total Time": 0.074, "Actual Rows": 100, "Actual Loops": 100, "Plans": [{"Node Type": "Seq Scan", "Parent Relationship": "Outer", "Relation Name": "company_type", "Alias": "ct", "Startup Cost": 0.0, "Total Cost": 1.04, "Plan Rows": 1, "Plan Width": 4, "Actual Startup Time": 0.023, "Actual Total Time": 0.025, "Actual Rows": 1, "Actual Loops": 1, "Filter": "((kind)::text = 'production companies'::text)", "Rows Removed by Filter": 2}]}]}, {"Node Type": "Index Scan", "Parent Relationship": "Inner", "Scan Direction": "Forward", "Index Name": "title_pkey", "Relation Name": "title", "Alias": "t", "Startup Cost": 0.0, "Total Cost": 116441.27, "Plan Rows": 1381886, "Plan Width": 25, "Actual Startup Time": 0.042, "Actual Total Time": 2912.037, "Actual Rows": 1289090, "Actual Loops": 1, "Filter": "(production_year > 2000), (LLVM Optimized, Jit Execute)", "Rows Removed by Filter": 1033479}]}]}, "Triggers": [], "Planner Runtime": 7, "Total Runtime": 4458.043, "Unique SQL Id": 2492542741}}, "(64, 21)": {"explain_plan": {"Plan": {"Node Type": "Aggregate", "Strategy": "Plain", "Startup Cost": 346058.39, "Total Cost": 346058.4, "Plan Rows": 1, "Plan Width": 113, "Plans": [{"Node Type": "Merge Join", "Parent Relationship": "Outer", "Join Type": "Inner", "Startup Cost": 2.6, "Total Cost": 341179.2, "Plan Rows": 650559, "Plan Width": 45, "Inner Unique": true, "Merge Cond": "(mc.movie_id = t.id)", "Plans": [{"Node Type": "Nested Loop", "Parent Relationship": "Outer", "Join Type": "Inner", "Startup Cost": 0.0, "Total Cost": 213639.55, "Plan Rows": 501180, "Plan Width": 32, "Inner Unique": true, "Join Filter": "(mc.company_type_id = ct.id), (LLVM Optimized)", "Plans": [{"Node Type": "Nested Loop", "Parent Relationship": "Outer", "Join Type": "Inner", "Startup Cost": 0.0, "Total Cost": 201191.56, "Plan Rows": 829046, "Plan Width": 36, "Inner Unique": false, "Plans": [{"Node Type": "Nested Loop", "Parent Relationship": "Outer", "Join Type": "Inner", "Startup Cost": 0.0, "Total Cost": 67215.08, "Plan Rows": 345008, "Plan Width": 4, "Inner Unique": true, "Join Filter": "(it.id = mi_idx.info_type_id), (LLVM Optimized)", "Plans": [{"Node Type": "Index Scan", "Parent Relationship": "Outer", "Scan Direction": "Forward", "Index Name": "movie_id_movie_info_idx", "Relation Name": "movie_info_idx", "Alias": "mi_idx", "Startup Cost": 0.0, "Total Cost": 46500.35, "Plan Rows": 1380034, "Plan Width": 8}, {"Node Type": "Materialize", "Parent Relationship": "Inner", "Startup Cost": 0.0, "Total Cost": 14.22, "Plan Rows": 1, "Plan Width": 4, "Plans": [{"Node Type": "Index Scan", "Parent Relationship": "Outer", "Scan Direction": "Forward", "Index Name": "info_type_pkey", "Relation Name": "info_type", "Alias": "it", "Startup Cost": 0.0, "Total Cost": 14.21, "Plan Rows": 1, "Plan Width": 4, "Filter": "((info)::text = 'bottom 10 rank'::text)"}]}]}, {"Node Type": "Index Scan", "Parent Relationship": "Inner", "Scan Direction": "Forward", "Index Name": "movie_id_movie_companies", "Relation Name": "movie_companies", "Alias": "mc", "Startup Cost": 0.0, "Total Cost": 0.37, "Plan Rows": 2, "Plan Width": 32, "Index Cond": "(movie_id = mi_idx.movie_id)", "Filter": "((note)::text !~~ '%(as Metro-Goldwyn-Mayer Pictures)%'::text)"}]}, {"Node Type": "Materialize", "Parent Relationship": "Inner", "Startup Cost": 0.0, "Total Cost": 12.31, "Plan Rows": 1, "Plan Width": 4, "Plans": [{"Node Type": "Index Scan", "Parent Relationship": "Outer", "Scan Direction": "Forward", "Index Name": "company_type_pkey", "Relation Name": "company_type", "Alias": "ct", "Startup Cost": 0.0, "Total Cost": 12.3, "Plan Rows": 1, "Plan Width": 4, "Filter": "((kind)::text = 'production companies'::text)"}]}]}, {"Node Type": "Index Scan", "Parent Relationship": "Inner", "Scan Direction": "Forward", "Index Name": "title_pkey", "Relation Name": "title", "Alias": "t", "Startup Cost": 0.0, "Total Cost": 116441.27, "Plan Rows": 1381886, "Plan Width": 25, "Filter": "(production_year > 2000), (LLVM Optimized)"}]}]}, "Unique SQL Id": 2492542741, "Planner Runtime": 7}, "explain_analyze_plan": {"Plan": {"Node Type": "Aggregate", "Strategy": "Plain", "Startup Cost": 346058.39, "Total Cost": 346058.4, "Plan Rows": 1, "Plan Width": 113, "Actual Startup Time": 4377.15, "Actual Total Time": 4377.15, "Actual Rows": 1, "Actual Loops": 1, "Plans": [{"Node Type": "Merge Join", "Parent Relationship": "Outer", "Join Type": "Inner", "Startup Cost": 2.6, "Total Cost": 341179.2, "Plan Rows": 650559, "Plan Width": 45, "Actual Startup Time": 3112.624, "Actual Total Time": 4377.099, "Actual Rows": 4, "Actual Loops": 1, "Inner Unique": true, "Merge Cond": "(mc.movie_id = t.id)", "Plans": [{"Node Type": "Nested Loop", "Parent Relationship": "Outer", "Join Type": "Inner", "Startup Cost": 0.0, "Total Cost": 213639.55, "Plan Rows": 501180, "Plan Width": 32, "Actual Startup Time": 720.978, "Actual Total Time": 1349.536, "Actual Rows": 5, "Actual Loops": 1, "Inner Unique": true, "Join Filter": "(mc.company_type_id = ct.id), (LLVM Optimized, Jit Execute)", "Rows Removed by Join Filter": 95, "Plans": [{"Node Type": "Nested Loop", "Parent Relationship": "Outer", "Join Type": "Inner", "Startup Cost": 0.0, "Total Cost": 201191.56, "Plan Rows": 829046, "Plan Width": 36, "Actual Startup Time": 584.751, "Actual Total Time": 1349.397, "Actual Rows": 100, "Actual Loops": 1, "Inner Unique": false, "Plans": [{"Node Type": "Nested Loop", "Parent Relationship": "Outer", "Join Type": "Inner", "Startup Cost": 0.0, "Total Cost": 67215.08, "Plan Rows": 345008, "Plan Width": 4, "Actual Startup Time": 584.691, "Actual Total Time": 1348.894, "Actual Rows": 10, "Actual Loops": 1, "Inner Unique": true, "Join Filter": "(it.id = mi_idx.info_type_id), (LLVM Optimized, Jit Execute)", "Rows Removed by Join Filter": 1380024, "Plans": [{"Node Type": "Index Scan", "Parent Relationship": "Outer", "Scan Direction": "Forward", "Index Name": "movie_id_movie_info_idx", "Relation Name": "movie_info_idx", "Alias": "mi_idx", "Startup Cost": 0.0, "Total Cost": 46500.35, "Plan Rows": 1380034, "Plan Width": 8, "Actual Startup Time": 0.025, "Actual Total Time": 579.435, "Actual Rows": 1380034, "Actual Loops": 1}, {"Node Type": "Materialize", "Parent Relationship": "Inner", "Startup Cost": 0.0, "Total Cost": 14.22, "Plan Rows": 1, "Plan Width": 4, "Actual Startup Time": 114.571, "Actual Total Time": 228.295, "Actual Rows": 1380034, "Actual Loops": 1380034, "Plans": [{"Node Type": "Index Scan", "Parent Relationship": "Outer", "Scan Direction": "Forward", "Index Name": "info_type_pkey", "Relation Name": "info_type", "Alias": "it", "Startup Cost": 0.0, "Total Cost": 14.21, "Plan Rows": 1, "Plan Width": 4, "Actual Startup Time": 0.065, "Actual Total Time": 0.066, "Actual Rows": 1, "Actual Loops": 1, "Filter": "((info)::text = 'bottom 10 rank'::text)", "Rows Removed by Filter": 111}]}]}, {"Node Type": "Index Scan", "Parent Relationship": "Inner", "Scan Direction": "Forward", "Index Name": "movie_id_movie_companies", "Relation Name": "movie_companies", "Alias": "mc", "Startup Cost": 0.0, "Total Cost": 0.37, "Plan Rows": 2, "Plan Width": 32, "Actual Startup Time": 0.263, "Actual Total Time": 0.401, "Actual Rows": 100, "Actual Loops": 10, "Index Cond": "(movie_id = mi_idx.movie_id)", "Rows Removed by Index Recheck": 0, "Filter": "((note)::text !~~ '%(as Metro-Goldwyn-Mayer Pictures)%'::text)", "Rows Removed by Filter": 20}]}, {"Node Type": "Materialize", "Parent Relationship": "Inner", "Startup Cost": 0.0, "Total Cost": 12.31, "Plan Rows": 1, "Plan Width": 4, "Actual Startup Time": 0.05, "Actual Total Time": 0.059, "Actual Rows": 100, "Actual Loops": 100, "Plans": [{"Node Type": "Index Scan", "Parent Relationship": "Outer", "Scan Direction": "Forward", "Index Name": "company_type_pkey", "Relation Name": "company_type", "Alias": "ct", "Startup Cost": 0.0, "Total Cost": 12.3, "Plan Rows": 1, "Plan Width": 4, "Actual Startup Time": 0.021, "Actual Total Time": 0.024, "Actual Rows": 1, "Actual Loops": 1, "Filter": "((kind)::text = 'production companies'::text)", "Rows Removed by Filter": 2}]}]}, {"Node Type": "Index Scan", "Parent Relationship": "Inner", "Scan Direction": "Forward", "Index Name": "title_pkey", "Relation Name": "title", "Alias": "t", "Startup Cost": 0.0, "Total Cost": 116441.27, "Plan Rows": 1381886, "Plan Width": 25, "Actual Startup Time": 0.045, "Actual Total Time": 2840.446, "Actual Rows": 1289090, "Actual Loops": 1, "Filter": "(production_year > 2000), (LLVM Optimized, Jit Execute)", "Rows Removed by Filter": 1033479}]}]}, "Triggers": [], "Planner Runtime": 6, "Total Runtime": 4387.16, "Unique SQL Id": 2492542741}}, "(64, 22)": {"explain_plan": {"Plan": {"Node Type": "Aggregate", "Strategy": "Plain", "Startup Cost": 1779762.46, "Total Cost": 1779762.47, "Plan Rows": 1, "Plan Width": 113, "Plans": [{"Node Type": "Merge Join", "Parent Relationship": "Outer", "Join Type": "Inner", "Startup Cost": 1760731.0, "Total Cost": 1774978.32, "Plan Rows": 637886, "Plan Width": 45, "Inner Unique": false, "Merge Cond": "(t.id = mc.movie_id)", "Plans": [{"Node Type": "Sort", "Parent Relationship": "Outer", "Startup Cost": 1550612.7, "Total Cost": 1551732.3, "Plan Rows": 447839, "Plan Width": 29, "Sort Key": ["mi_idx.movie_id"], "Plans": [{"Node Type": "Nested Loop", "Parent Relationship": "Outer", "Join Type": "Inner", "Startup Cost": 7502.35, "Total Cost": 1508577.14, "Plan Rows": 447839, "Plan Width": 29, "Inner Unique": true, "Plans": [{"Node Type": "Nested Loop", "Parent Relationship": "Outer", "Join Type": "Inner", "Startup Cost": 7502.06, "Total Cost": 21741.14, "Plan Rows": 345008, "Plan Width": 4, "Inner Unique": false, "Plans": [{"Node Type": "Seq Scan", "Parent Relationship": "Outer", "Relation Name": "info_type", "Alias": "it", "Startup Cost": 0.0, "Total Cost": 2.4, "Plan Rows": 1, "Plan Width": 4, "Filter": "((info)::text = 'bottom 10 rank'::text)"}, {"Node Type": "Bitmap Heap Scan", "Parent Relationship": "Inner", "Relation Name": "movie_info_idx", "Alias": "mi_idx", "Startup Cost": 7502.06, "Total Cost": 18288.66, "Plan Rows": 345008, "Plan Width": 8, "Recheck Cond": "(info_type_id = it.id), (LLVM Optimized)", "Plans": [{"Node Type": "Bitmap Index Scan", "Parent Relationship": "Outer", "Index Name": "info_type_id_movie_info_idx", "Startup Cost": 0.0, "Total Cost": 7415.81, "Plan Rows": 345008, "Plan Width": 0, "Index Cond": "(info_type_id = it.id)"}]}]}, {"Node Type": "Bitmap Heap Scan", "Parent Relationship": "Inner", "Relation Name": "title", "Alias": "t", "Startup Cost": 0.28, "Total Cost": 4.3, "Plan Rows": 1, "Plan Width": 25, "Recheck Cond": "(id = mi_idx.movie_id)", "Filter": "(production_year > 2000)", "Plans": [{"Node Type": "Bitmap Index Scan", "Parent Relationship": "Outer", "Index Name": "title_pkey", "Startup Cost": 0.0, "Total Cost": 0.28, "Plan Rows": 1, "Plan Width": 0, "Index Cond": "(id = mi_idx.movie_id)"}]}]}]}, {"Node Type": "Sort", "Parent Relationship": "Inner", "Startup Cost": 210118.25, "Total Cost": 213379.54, "Plan Rows": 1304518, "Plan Width": 28, "Sort Key": ["mc.movie_id"], "Plans": [{"Node Type": "Nested Loop", "Parent Relationship": "Outer", "Join Type": "Inner", "Startup Cost": 29270.61, "Total Cost": 77611.28, "Plan Rows": 1304518, "Plan Width": 28, "Inner Unique": false, "Plans": [{"Node Type": "Seq Scan", "Parent Relationship": "Outer", "Relation Name": "company_type", "Alias": "ct", "Startup Cost": 0.0, "Total Cost": 1.04, "Plan Rows": 1, "Plan Width": 4, "Filter": "((kind)::text = 'production companies'::text)"}, {"Node Type": "Bitmap Heap Scan", "Parent Relationship": "Inner", "Relation Name": "movie_companies", "Alias": "mc", "Startup Cost": 29270.61, "Total Cost": 64565.07, "Plan Rows": 1304517, "Plan Width": 32, "Recheck Cond": "(company_type_id = ct.id), (LLVM Optimized)", "Filter": "((note)::text !~~ '%(as Metro-Goldwyn-Mayer Pictures)%'::text), (LLVM Optimized)", "Plans": [{"Node Type": "Bitmap Index Scan", "Parent Relationship": "Outer", "Index Name": "company_type_id_movie_companies", "Startup Cost": 0.0, "Total Cost": 28944.48, "Plan Rows": 1304564, "Plan Width": 0, "Index Cond": "(company_type_id = ct.id)"}]}]}]}]}]}, "Unique SQL Id": 2492542741, "Planner Runtime": 7}, "explain_analyze_plan": {"Plan": {"Node Type": "Aggregate", "Strategy": "Plain", "Startup Cost": 1779762.46, "Total Cost": 1779762.47, "Plan Rows": 1, "Plan Width": 113, "Actual Startup Time": 729.065, "Actual Total Time": 729.066, "Actual Rows": 1, "Actual Loops": 1, "Plans": [{"Node Type": "Merge Join", "Parent Relationship": "Outer", "Join Type": "Inner", "Startup Cost": 1760731.0, "Total Cost": 1774978.32, "Plan Rows": 637886, "Plan Width": 45, "Actual Startup Time": 711.95, "Actual Total Time": 729.036, "Actual Rows": 4, "Actual Loops": 1, "Inner Unique": false, "Merge Cond": "(t.id = mc.movie_id)", "Plans": [{"Node Type": "Sort", "Parent Relationship": "Outer", "Startup Cost": 1550612.7, "Total Cost": 1551732.3, "Plan Rows": 447839, "Plan Width": 29, "Actual Startup Time": 0.289, "Actual Total Time": 0.292, "Actual Rows": 6, "Actual Loops": 1, "Sort Key": ["mi_idx.movie_id"], "Sort Method": "quicksort", "Sort Space Used": 25, "Sort Space Type": "Memory", "Plans": [{"Node Type": "Nested Loop", "Parent Relationship": "Outer", "Join Type": "Inner", "Startup Cost": 7502.35, "Total Cost": 1508577.14, "Plan Rows": 447839, "Plan Width": 29, "Actual Startup Time": 0.15, "Actual Total Time": 0.268, "Actual Rows": 6, "Actual Loops": 1, "Inner Unique": true, "Plans": [{"Node Type": "Nested Loop", "Parent Relationship": "Outer", "Join Type": "Inner", "Startup Cost": 7502.06, "Total Cost": 21741.14, "Plan Rows": 345008, "Plan Width": 4, "Actual Startup Time": 0.109, "Actual Total Time": 0.116, "Actual Rows": 10, "Actual Loops": 1, "Inner Unique": false, "Plans": [{"Node Type": "Seq Scan", "Parent Relationship": "Outer", "Relation Name": "info_type", "Alias": "it", "Startup Cost": 0.0, "Total Cost": 2.4, "Plan Rows": 1, "Plan Width": 4, "Actual Startup Time": 0.06, "Actual Total Time": 0.064, "Actual Rows": 1, "Actual Loops": 1, "Filter": "((info)::text = 'bottom 10 rank'::text)", "Rows Removed by Filter": 111}, {"Node Type": "Bitmap Heap Scan", "Parent Relationship": "Inner", "Relation Name": "movie_info_idx", "Alias": "mi_idx", "Startup Cost": 7502.06, "Total Cost": 18288.66, "Plan Rows": 345008, "Plan Width": 8, "Actual Startup Time": 0.04, "Actual Total Time": 0.041, "Actual Rows": 10, "Actual Loops": 1, "Recheck Cond": "(info_type_id = it.id), (LLVM Optimized)", "Rows Removed by Index Recheck": 0, "Exact Heap Blocks": 1, "Lossy Heap Blocks": 1, "Plans": [{"Node Type": "Bitmap Index Scan", "Parent Relationship": "Outer", "Index Name": "info_type_id_movie_info_idx", "Startup Cost": 0.0, "Total Cost": 7415.81, "Plan Rows": 345008, "Plan Width": 0, "Actual Startup Time": 0.019, "Actual Total Time": 0.019, "Actual Rows": 10, "Actual Loops": 1, "Index Cond": "(info_type_id = it.id)"}]}]}, {"Node Type": "Bitmap Heap Scan", "Parent Relationship": "Inner", "Relation Name": "title", "Alias": "t", "Startup Cost": 0.28, "Total Cost": 4.3, "Plan Rows": 1, "Plan Width": 25, "Actual Startup Time": 0.135, "Actual Total Time": 0.135, "Actual Rows": 6, "Actual Loops": 10, "Recheck Cond": "(id = mi_idx.movie_id)", "Rows Removed by Index Recheck": 0, "Filter": "(production_year > 2000)", "Rows Removed by Filter": 4, "Exact Heap Blocks": 10, "Lossy Heap Blocks": 10, "Plans": [{"Node Type": "Bitmap Index Scan", "Parent Relationship": "Outer", "Index Name": "title_pkey", "Startup Cost": 0.0, "Total Cost": 0.28, "Plan Rows": 1, "Plan Width": 0, "Actual Startup Time": 0.081, "Actual Total Time": 0.081, "Actual Rows": 10, "Actual Loops": 10, "Index Cond": "(id = mi_idx.movie_id)"}]}]}]}, {"Node Type": "Sort", "Parent Relationship": "Inner", "Startup Cost": 210118.25, "Total Cost": 213379.54, "Plan Rows": 1304518, "Plan Width": 28, "Actual Startup Time": 689.569, "Actual Total Time": 706.677, "Actual Rows": 124632, "Actual Loops": 1, "Sort Key": ["mc.movie_id"], "Sort Method": "quicksort", "Sort Space Used": 20170, "Sort Space Type": "Memory", "Plans": [{"Node Type": "Nested Loop", "Parent Relationship": "Outer", "Join Type": "Inner", "Startup Cost": 29270.61, "Total Cost": 77611.28, "Plan Rows": 1304518, "Plan Width": 28, "Actual Startup Time": 149.361, "Actual Total Time": 637.424, "Actual Rows": 140904, "Actual Loops": 1, "Inner Unique": false, "Plans": [{"Node Type": "Seq Scan", "Parent Relationship": "Outer", "Relation Name": "company_type", "Alias": "ct", "Startup Cost": 0.0, "Total Cost": 1.04, "Plan Rows": 1, "Plan Width": 4, "Actual Startup Time": 0.007, "Actual Total Time": 0.015, "Actual Rows": 1, "Actual Loops": 1, "Filter": "((kind)::text = 'production companies'::text)", "Rows Removed by Filter": 2}, {"Node Type": "Bitmap Heap Scan", "Parent Relationship": "Inner", "Relation Name": "movie_companies", "Alias": "mc", "Startup Cost": 29270.61, "Total Cost": 64565.07, "Plan Rows": 1304517, "Plan Width": 32, "Actual Startup Time": 149.35, "Actual Total Time": 609.312, "Actual Rows": 140904, "Actual Loops": 1, "Recheck Cond": "(company_type_id = ct.id), (LLVM Optimized)", "Rows Removed by Index Recheck": 0, "Filter": "((note)::text !~~ '%(as Metro-Goldwyn-Mayer Pictures)%'::text), (LLVM Optimized)", "Rows Removed by Filter": 1193979, "Exact Heap Blocks": 6196, "Lossy Heap Blocks": 6196, "Plans": [{"Node Type": "Bitmap Index Scan", "Parent Relationship": "Outer", "Index Name": "company_type_id_movie_companies", "Startup Cost": 0.0, "Total Cost": 28944.48, "Plan Rows": 1304564, "Plan Width": 0, "Actual Startup Time": 148.082, "Actual Total Time": 148.082, "Actual Rows": 1334883, "Actual Loops": 1, "Index Cond": "(company_type_id = ct.id)"}]}]}]}]}]}, "Triggers": [], "Planner Runtime": 7, "Total Runtime": 739.062, "Unique SQL Id": 2492542741}}, "(64, 23)": {"explain_plan": {"Plan": {"Node Type": "Aggregate", "Strategy": "Plain", "Startup Cost": 554099.09, "Total Cost": 554099.1, "Plan Rows": 1, "Plan Width": 113, "Plans": [{"Node Type": "Merge Join", "Parent Relationship": "Outer", "Join Type": "Inner", "Startup Cost": 520946.1, "Total Cost": 549314.94, "Plan Rows": 637886, "Plan Width": 45, "Inner Unique": true, "Merge Cond": "(mc.movie_id = t.id)", "Plans": [{"Node Type": "Merge Join", "Parent Relationship": "Outer", "Join Type": "Inner", "Startup Cost": 263616.8, "Total Cost": 277451.17, "Plan Rows": 501180, "Plan Width": 32, "Inner Unique": false, "Merge Cond": "(mi_idx.movie_id = mc.movie_id)", "Plans": [{"Node Type": "Sort", "Parent Relationship": "Outer", "Startup Cost": 53487.25, "Total Cost": 54349.77, "Plan Rows": 345008, "Plan Width": 4, "Sort Key": ["mi_idx.movie_id"], "Plans": [{"Node Type": "Nested Loop", "Parent Relationship": "Outer", "Join Type": "Inner", "Startup Cost": 7510.87, "Total Cost": 21752.95, "Plan Rows": 345008, "Plan Width": 4, "Inner Unique": false, "Plans": [{"Node Type": "Bitmap Heap Scan", "Parent Relationship": "Outer", "Relation Name": "info_type", "Alias": "it", "Startup Cost": 8.81, "Total Cost": 14.21, "Plan Rows": 1, "Plan Width": 4, "Filter": "((info)::text = 'bottom 10 rank'::text)", "Plans": [{"Node Type": "Bitmap Index Scan", "Parent Relationship": "Outer", "Index Name": "info_type_pkey", "Startup Cost": 0.0, "Total Cost": 8.81, "Plan Rows": 112, "Plan Width": 0}]}, {"Node Type": "Bitmap Heap Scan", "Parent Relationship": "Inner", "Relation Name": "movie_info_idx", "Alias": "mi_idx", "Startup Cost": 7502.06, "Total Cost": 18288.66, "Plan Rows": 345008, "Plan Width": 8, "Recheck Cond": "(info_type_id = it.id), (LLVM Optimized)", "Plans": [{"Node Type": "Bitmap Index Scan", "Parent Relationship": "Outer", "Index Name": "info_type_id_movie_info_idx", "Startup Cost": 0.0, "Total Cost": 7415.81, "Plan Rows": 345008, "Plan Width": 0, "Index Cond": "(info_type_id = it.id)"}]}]}]}, {"Node Type": "Sort", "Parent Relationship": "Inner", "Startup Cost": 210129.52, "Total Cost": 213390.81, "Plan Rows": 1304518, "Plan Width": 28, "Sort Key": ["mc.movie_id"], "Plans": [{"Node Type": "Nested Loop", "Parent Relationship": "Outer", "Join Type": "Inner", "Startup Cost": 29278.87, "Total Cost": 77622.54, "Plan Rows": 1304518, "Plan Width": 28, "Inner Unique": false, "Plans": [{"Node Type": "Bitmap Heap Scan", "Parent Relationship": "Outer", "Relation Name": "company_type", "Alias": "ct", "Startup Cost": 8.27, "Total Cost": 12.3, "Plan Rows": 1, "Plan Width": 4, "Filter": "((kind)::text = 'production companies'::text)", "Plans": [{"Node Type": "Bitmap Index Scan", "Parent Relationship": "Outer", "Index Name": "company_type_pkey", "Startup Cost": 0.0, "Total Cost": 8.27, "Plan Rows": 3, "Plan Width": 0}]}, {"Node Type": "Bitmap Heap Scan", "Parent Relationship": "Inner", "Relation Name": "movie_companies", "Alias": "mc", "Startup Cost": 29270.61, "Total Cost": 64565.07, "Plan Rows": 1304517, "Plan Width": 32, "Recheck Cond": "(company_type_id = ct.id), (LLVM Optimized)", "Filter": "((note)::text !~~ '%(as Metro-Goldwyn-Mayer Pictures)%'::text), (LLVM Optimized)", "Plans": [{"Node Type": "Bitmap Index Scan", "Parent Relationship": "Outer", "Index Name": "company_type_id_movie_companies", "Startup Cost": 0.0, "Total Cost": 28944.48, "Plan Rows": 1304564, "Plan Width": 0, "Index Cond": "(company_type_id = ct.id)"}]}]}]}]}, {"Node Type": "Sort", "Parent Relationship": "Inner", "Startup Cost": 257329.15, "Total Cost": 260783.86, "Plan Rows": 1381886, "Plan Width": 25, "Sort Key": ["t.id"], "Plans": [{"Node Type": "Bitmap Heap Scan", "Parent Relationship": "Outer", "Relation Name": "title", "Alias": "t", "Startup Cost": 49999.28, "Total Cost": 116389.16, "Plan Rows": 1381886, "Plan Width": 25, "Filter": "(production_year > 2000), (LLVM Optimized)", "Plans": [{"Node Type": "Bitmap Index Scan", "Parent Relationship": "Outer", "Index Name": "title_pkey", "Startup Cost": 0.0, "Total Cost": 49653.81, "Plan Rows": 2528311, "Plan Width": 0}]}]}]}]}, "Unique SQL Id": 2492542741, "Planner Runtime": 6}, "explain_analyze_plan": {"Plan": {"Node Type": "Aggregate", "Strategy": "Plain", "Startup Cost": 554099.09, "Total Cost": 554099.1, "Plan Rows": 1, "Plan Width": 113, "Actual Startup Time": 3117.122, "Actual Total Time": 3117.122, "Actual Rows": 1, "Actual Loops": 1, "Plans": [{"Node Type": "Merge Join", "Parent Relationship": "Outer", "Join Type": "Inner", "Startup Cost": 520946.1, "Total Cost": 549314.94, "Plan Rows": 637886, "Plan Width": 45, "Actual Startup Time": 3009.403, "Actual Total Time": 3116.975, "Actual Rows": 4, "Actual Loops": 1, "Inner Unique": true, "Merge Cond": "(mc.movie_id = t.id)", "Plans": [{"Node Type": "Merge Join", "Parent Relationship": "Outer", "Join Type": "Inner", "Startup Cost": 263616.8, "Total Cost": 277451.17, "Plan Rows": 501180, "Plan Width": 32, "Actual Startup Time": 686.849, "Actual Total Time": 704.539, "Actual Rows": 5, "Actual Loops": 1, "Inner Unique": false, "Merge Cond": "(mi_idx.movie_id = mc.movie_id)", "Plans": [{"Node Type": "Sort", "Parent Relationship": "Outer", "Startup Cost": 53487.25, "Total Cost": 54349.77, "Plan Rows": 345008, "Plan Width": 4, "Actual Startup Time": 0.125, "Actual Total Time": 0.13, "Actual Rows": 10, "Actual Loops": 1, "Sort Key": ["mi_idx.movie_id"], "Sort Method": "quicksort", "Sort Space Used": 25, "Sort Space Type": "Memory", "Plans": [{"Node Type": "Nested Loop", "Parent Relationship": "Outer", "Join Type": "Inner", "Startup Cost": 7510.87, "Total Cost": 21752.95, "Plan Rows": 345008, "Plan Width": 4, "Actual Startup Time": 0.107, "Actual Total Time": 0.111, "Actual Rows": 10, "Actual Loops": 1, "Inner Unique": false, "Plans": [{"Node Type": "Bitmap Heap Scan", "Parent Relationship": "Outer", "Relation Name": "info_type", "Alias": "it", "Startup Cost": 8.81, "Total Cost": 14.21, "Plan Rows": 1, "Plan Width": 4, "Actual Startup Time": 0.079, "Actual Total Time": 0.079, "Actual Rows": 1, "Actual Loops": 1, "Filter": "((info)::text = 'bottom 10 rank'::text)", "Rows Removed by Filter": 111, "Exact Heap Blocks": 1, "Lossy Heap Blocks": 1, "Plans": [{"Node Type": "Bitmap Index Scan", "Parent Relationship": "Outer", "Index Name": "info_type_pkey", "Startup Cost": 0.0, "Total Cost": 8.81, "Plan Rows": 112, "Plan Width": 0, "Actual Startup Time": 0.014, "Actual Total Time": 0.014, "Actual Rows": 112, "Actual Loops": 1}]}, {"Node Type": "Bitmap Heap Scan", "Parent Relationship": "Inner", "Relation Name": "movie_info_idx", "Alias": "mi_idx", "Startup Cost": 7502.06, "Total Cost": 18288.66, "Plan Rows": 345008, "Plan Width": 8, "Actual Startup Time": 0.022, "Actual Total Time": 0.023, "Actual Rows": 10, "Actual Loops": 1, "Recheck Cond": "(info_type_id = it.id), (LLVM Optimized, Jit Execute)", "Rows Removed by Index Recheck": 0, "Exact Heap Blocks": 1, "Lossy Heap Blocks": 1, "Plans": [{"Node Type": "Bitmap Index Scan", "Parent Relationship": "Outer", "Index Name": "info_type_id_movie_info_idx", "Startup Cost": 0.0, "Total Cost": 7415.81, "Plan Rows": 345008, "Plan Width": 0, "Actual Startup Time": 0.014, "Actual Total Time": 0.014, "Actual Rows": 10, "Actual Loops": 1, "Index Cond": "(info_type_id = it.id)"}]}]}]}, {"Node Type": "Sort", "Parent Relationship": "Inner", "Startup Cost": 210129.52, "Total Cost": 213390.81, "Plan Rows": 1304518, "Plan Width": 28, "Actual Startup Time": 669.208, "Actual Total Time": 683.931, "Actual Rows": 132371, "Actual Loops": 1, "Sort Key": ["mc.movie_id"], "Sort Method": "quicksort", "Sort Space Used": 20170, "Sort Space Type": "Memory", "Plans": [{"Node Type": "Nested Loop", "Parent Relationship": "Outer", "Join Type": "Inner", "Startup Cost": 29278.87, "Total Cost": 77622.54, "Plan Rows": 1304518, "Plan Width": 28, "Actual Startup Time": 145.7, "Actual Total Time": 618.59, "Actual Rows": 140904, "Actual Loops": 1, "Inner Unique": false, "Plans": [{"Node Type": "Bitmap Heap Scan", "Parent Relationship": "Outer", "Relation Name": "company_type", "Alias": "ct", "Startup Cost": 8.27, "Total Cost": 12.3, "Plan Rows": 1, "Plan Width": 4, "Actual Startup Time": 0.007, "Actual Total Time": 0.019, "Actual Rows": 1, "Actual Loops": 1, "Filter": "((kind)::text = 'production companies'::text)", "Rows Removed by Filter": 2, "Exact Heap Blocks": 1, "Lossy Heap Blocks": 1, "Plans": [{"Node Type": "Bitmap Index Scan", "Parent Relationship": "Outer", "Index Name": "company_type_pkey", "Startup Cost": 0.0, "Total Cost": 8.27, "Plan Rows": 3, "Plan Width": 0, "Actual Startup Time": 0.002, "Actual Total Time": 0.002, "Actual Rows": 3, "Actual Loops": 1}]}, {"Node Type": "Bitmap Heap Scan", "Parent Relationship": "Inner", "Relation Name": "movie_companies", "Alias": "mc", "Startup Cost": 29270.61, "Total Cost": 64565.07, "Plan Rows": 1304517, "Plan Width": 32, "Actual Startup Time": 145.689, "Actual Total Time": 591.117, "Actual Rows": 140904, "Actual Loops": 1, "Recheck Cond": "(company_type_id = ct.id), (LLVM Optimized, Jit Execute)", "Rows Removed by Index Recheck": 0, "Filter": "((note)::text !~~ '%(as Metro-Goldwyn-Mayer Pictures)%'::text), (LLVM Optimized, Jit Execute)", "Rows Removed by Filter": 1193979, "Exact Heap Blocks": 6196, "Lossy Heap Blocks": 6196, "Plans": [{"Node Type": "Bitmap Index Scan", "Parent Relationship": "Outer", "Index Name": "company_type_id_movie_companies", "Startup Cost": 0.0, "Total Cost": 28944.48, "Plan Rows": 1304564, "Plan Width": 0, "Actual Startup Time": 144.489, "Actual Total Time": 144.489, "Actual Rows": 1334883, "Actual Loops": 1, "Index Cond": "(company_type_id = ct.id)"}]}]}]}]}, {"Node Type": "Sort", "Parent Relationship": "Inner", "Startup Cost": 257329.15, "Total Cost": 260783.86, "Plan Rows": 1381886, "Plan Width": 25, "Actual Startup Time": 1985.424, "Actual Total Time": 2205.986, "Actual Rows": 1289090, "Actual Loops": 1, "Sort Key": ["t.id"], "Sort Method": "quicksort", "Sort Space Used": 186407, "Sort Space Type": "Memory", "Plans": [{"Node Type": "Bitmap Heap Scan", "Parent Relationship": "Outer", "Relation Name": "title", "Alias": "t", "Startup Cost": 49999.28, "Total Cost": 116389.16, "Plan Rows": 1381886, "Plan Width": 25, "Actual Startup Time": 307.66, "Actual Total Time": 1373.465, "Actual Rows": 1381453, "Actual Loops": 1, "Filter": "(production_year > 2000), (LLVM Optimized, Jit Execute)", "Rows Removed by Filter": 1146858, "Exact Heap Blocks": 34786, "Lossy Heap Blocks": 34786, "Plans": [{"Node Type": "Bitmap Index Scan", "Parent Relationship": "Outer", "Index Name": "title_pkey", "Startup Cost": 0.0, "Total Cost": 49653.81, "Plan Rows": 2528311, "Plan Width": 0, "Actual Startup Time": 299.311, "Actual Total Time": 299.311, "Actual Rows": 2528311, "Actual Loops": 1}]}]}]}]}, "Triggers": [], "Planner Runtime": 6, "Total Runtime": 3127.851, "Unique SQL Id": 2492542741}}, "(64, 24)": {"explain_plan": {"Plan": {"Node Type": "Aggregate", "Strategy": "Plain", "Startup Cost": 346035.32, "Total Cost": 346035.33, "Plan Rows": 1, "Plan Width": 113, "Plans": [{"Node Type": "Merge Join", "Parent Relationship": "Outer", "Join Type": "Inner", "Startup Cost": 2.6, "Total Cost": 341156.13, "Plan Rows": 650559, "Plan Width": 45, "Inner Unique": true, "Merge Cond": "(mc.movie_id = t.id)", "Plans": [{"Node Type": "Nested Loop", "Parent Relationship": "Outer", "Join Type": "Inner", "Startup Cost": 0.0, "Total Cost": 213616.48, "Plan Rows": 501180, "Plan Width": 32, "Inner Unique": true, "Join Filter": "(mc.company_type_id = ct.id), (LLVM Optimized)", "Plans": [{"Node Type": "Nested Loop", "Parent Relationship": "Outer", "Join Type": "Inner", "Startup Cost": 0.0, "Total Cost": 201179.75, "Plan Rows": 829046, "Plan Width": 36, "Inner Unique": false, "Plans": [{"Node Type": "Nested Loop", "Parent Relationship": "Outer", "Join Type": "Inner", "Startup Cost": 0.0, "Total Cost": 67203.27, "Plan Rows": 345008, "Plan Width": 4, "Inner Unique": true, "Join Filter": "(it.id = mi_idx.info_type_id), (LLVM Optimized)", "Plans": [{"Node Type": "Index Scan", "Parent Relationship": "Outer", "Scan Direction": "Forward", "Index Name": "movie_id_movie_info_idx", "Relation Name": "movie_info_idx", "Alias": "mi_idx", "Startup Cost": 0.0, "Total Cost": 46500.35, "Plan Rows": 1380034, "Plan Width": 8}, {"Node Type": "Materialize", "Parent Relationship": "Inner", "Startup Cost": 0.0, "Total Cost": 2.41, "Plan Rows": 1, "Plan Width": 4, "Plans": [{"Node Type": "Seq Scan", "Parent Relationship": "Outer", "Relation Name": "info_type", "Alias": "it", "Startup Cost": 0.0, "Total Cost": 2.4, "Plan Rows": 1, "Plan Width": 4, "Filter": "((info)::text = 'bottom 10 rank'::text)"}]}]}, {"Node Type": "Index Scan", "Parent Relationship": "Inner", "Scan Direction": "Forward", "Index Name": "movie_id_movie_companies", "Relation Name": "movie_companies", "Alias": "mc", "Startup Cost": 0.0, "Total Cost": 0.37, "Plan Rows": 2, "Plan Width": 32, "Index Cond": "(movie_id = mi_idx.movie_id)", "Filter": "((note)::text !~~ '%(as Metro-Goldwyn-Mayer Pictures)%'::text)"}]}, {"Node Type": "Materialize", "Parent Relationship": "Inner", "Startup Cost": 0.0, "Total Cost": 1.04, "Plan Rows": 1, "Plan Width": 4, "Plans": [{"Node Type": "Seq Scan", "Parent Relationship": "Outer", "Relation Name": "company_type", "Alias": "ct", "Startup Cost": 0.0, "Total Cost": 1.04, "Plan Rows": 1, "Plan Width": 4, "Filter": "((kind)::text = 'production companies'::text)"}]}]}, {"Node Type": "Index Scan", "Parent Relationship": "Inner", "Scan Direction": "Forward", "Index Name": "title_pkey", "Relation Name": "title", "Alias": "t", "Startup Cost": 0.0, "Total Cost": 116441.27, "Plan Rows": 1381886, "Plan Width": 25, "Filter": "(production_year > 2000), (LLVM Optimized)"}]}]}, "Unique SQL Id": 2492542741, "Planner Runtime": 7}, "explain_analyze_plan": {"Plan": {"Node Type": "Aggregate", "Strategy": "Plain", "Startup Cost": 346035.32, "Total Cost": 346035.33, "Plan Rows": 1, "Plan Width": 113, "Actual Startup Time": 4448.105, "Actual Total Time": 4448.106, "Actual Rows": 1, "Actual Loops": 1, "Plans": [{"Node Type": "Merge Join", "Parent Relationship": "Outer", "Join Type": "Inner", "Startup Cost": 2.6, "Total Cost": 341156.13, "Plan Rows": 650559, "Plan Width": 45, "Actual Startup Time": 3168.837, "Actual Total Time": 4448.052, "Actual Rows": 4, "Actual Loops": 1, "Inner Unique": true, "Merge Cond": "(mc.movie_id = t.id)", "Plans": [{"Node Type": "Nested Loop", "Parent Relationship": "Outer", "Join Type": "Inner", "Startup Cost": 0.0, "Total Cost": 213616.48, "Plan Rows": 501180, "Plan Width": 32, "Actual Startup Time": 714.025, "Actual Total Time": 1349.076, "Actual Rows": 5, "Actual Loops": 1, "Inner Unique": true, "Join Filter": "(mc.company_type_id = ct.id), (LLVM Optimized, Jit Execute)", "Rows Removed by Join Filter": 95, "Plans": [{"Node Type": "Nested Loop", "Parent Relationship": "Outer", "Join Type": "Inner", "Startup Cost": 0.0, "Total Cost": 201179.75, "Plan Rows": 829046, "Plan Width": 36, "Actual Startup Time": 578.873, "Actual Total Time": 1348.94, "Actual Rows": 100, "Actual Loops": 1, "Inner Unique": false, "Plans": [{"Node Type": "Nested Loop", "Parent Relationship": "Outer", "Join Type": "Inner", "Startup Cost": 0.0, "Total Cost": 67203.27, "Plan Rows": 345008, "Plan Width": 4, "Actual Startup Time": 578.817, "Actual Total Time": 1348.401, "Actual Rows": 10, "Actual Loops": 1, "Inner Unique": true, "Join Filter": "(it.id = mi_idx.info_type_id), (LLVM Optimized, Jit Execute)", "Rows Removed by Join Filter": 1380024, "Plans": [{"Node Type": "Index Scan", "Parent Relationship": "Outer", "Scan Direction": "Forward", "Index Name": "movie_id_movie_info_idx", "Relation Name": "movie_info_idx", "Alias": "mi_idx", "Startup Cost": 0.0, "Total Cost": 46500.35, "Plan Rows": 1380034, "Plan Width": 8, "Actual Startup Time": 0.028, "Actual Total Time": 593.66, "Actual Rows": 1380034, "Actual Loops": 1}, {"Node Type": "Materialize", "Parent Relationship": "Inner", "Startup Cost": 0.0, "Total Cost": 2.41, "Plan Rows": 1, "Plan Width": 4, "Actual Startup Time": 114.864, "Actual Total Time": 228.617, "Actual Rows": 1380034, "Actual Loops": 1380034, "Plans": [{"Node Type": "Seq Scan", "Parent Relationship": "Outer", "Relation Name": "info_type", "Alias": "it", "Startup Cost": 0.0, "Total Cost": 2.4, "Plan Rows": 1, "Plan Width": 4, "Actual Startup Time": 0.05, "Actual Total Time": 0.052, "Actual Rows": 1, "Actual Loops": 1, "Filter": "((info)::text = 'bottom 10 rank'::text)", "Rows Removed by Filter": 111}]}]}, {"Node Type": "Index Scan", "Parent Relationship": "Inner", "Scan Direction": "Forward", "Index Name": "movie_id_movie_companies", "Relation Name": "movie_companies", "Alias": "mc", "Startup Cost": 0.0, "Total Cost": 0.37, "Plan Rows": 2, "Plan Width": 32, "Actual Startup Time": 0.287, "Actual Total Time": 0.435, "Actual Rows": 100, "Actual Loops": 10, "Index Cond": "(movie_id = mi_idx.movie_id)", "Rows Removed by Index Recheck": 0, "Filter": "((note)::text !~~ '%(as Metro-Goldwyn-Mayer Pictures)%'::text)", "Rows Removed by Filter": 20}]}, {"Node Type": "Materialize", "Parent Relationship": "Inner", "Startup Cost": 0.0, "Total Cost": 1.04, "Plan Rows": 1, "Plan Width": 4, "Actual Startup Time": 0.062, "Actual Total Time": 0.074, "Actual Rows": 100, "Actual Loops": 100, "Plans": [{"Node Type": "Seq Scan", "Parent Relationship": "Outer", "Relation Name": "company_type", "Alias": "ct", "Startup Cost": 0.0, "Total Cost": 1.04, "Plan Rows": 1, "Plan Width": 4, "Actual Startup Time": 0.023, "Actual Total Time": 0.025, "Actual Rows": 1, "Actual Loops": 1, "Filter": "((kind)::text = 'production companies'::text)", "Rows Removed by Filter": 2}]}]}, {"Node Type": "Index Scan", "Parent Relationship": "Inner", "Scan Direction": "Forward", "Index Name": "title_pkey", "Relation Name": "title", "Alias": "t", "Startup Cost": 0.0, "Total Cost": 116441.27, "Plan Rows": 1381886, "Plan Width": 25, "Actual Startup Time": 0.042, "Actual Total Time": 2912.037, "Actual Rows": 1289090, "Actual Loops": 1, "Filter": "(production_year > 2000), (LLVM Optimized, Jit Execute)", "Rows Removed by Filter": 1033479}]}]}, "Triggers": [], "Planner Runtime": 7, "Total Runtime": 4458.043, "Unique SQL Id": 2492542741}}, "(64, 25)": {"explain_plan": {"Plan": {"Node Type": "Aggregate", "Strategy": "Plain", "Startup Cost": 346058.39, "Total Cost": 346058.4, "Plan Rows": 1, "Plan Width": 113, "Plans": [{"Node Type": "Merge Join", "Parent Relationship": "Outer", "Join Type": "Inner", "Startup Cost": 2.6, "Total Cost": 341179.2, "Plan Rows": 650559, "Plan Width": 45, "Inner Unique": true, "Merge Cond": "(mc.movie_id = t.id)", "Plans": [{"Node Type": "Nested Loop", "Parent Relationship": "Outer", "Join Type": "Inner", "Startup Cost": 0.0, "Total Cost": 213639.55, "Plan Rows": 501180, "Plan Width": 32, "Inner Unique": true, "Join Filter": "(mc.company_type_id = ct.id), (LLVM Optimized)", "Plans": [{"Node Type": "Nested Loop", "Parent Relationship": "Outer", "Join Type": "Inner", "Startup Cost": 0.0, "Total Cost": 201191.56, "Plan Rows": 829046, "Plan Width": 36, "Inner Unique": false, "Plans": [{"Node Type": "Nested Loop", "Parent Relationship": "Outer", "Join Type": "Inner", "Startup Cost": 0.0, "Total Cost": 67215.08, "Plan Rows": 345008, "Plan Width": 4, "Inner Unique": true, "Join Filter": "(it.id = mi_idx.info_type_id), (LLVM Optimized)", "Plans": [{"Node Type": "Index Scan", "Parent Relationship": "Outer", "Scan Direction": "Forward", "Index Name": "movie_id_movie_info_idx", "Relation Name": "movie_info_idx", "Alias": "mi_idx", "Startup Cost": 0.0, "Total Cost": 46500.35, "Plan Rows": 1380034, "Plan Width": 8}, {"Node Type": "Materialize", "Parent Relationship": "Inner", "Startup Cost": 0.0, "Total Cost": 14.22, "Plan Rows": 1, "Plan Width": 4, "Plans": [{"Node Type": "Index Scan", "Parent Relationship": "Outer", "Scan Direction": "Forward", "Index Name": "info_type_pkey", "Relation Name": "info_type", "Alias": "it", "Startup Cost": 0.0, "Total Cost": 14.21, "Plan Rows": 1, "Plan Width": 4, "Filter": "((info)::text = 'bottom 10 rank'::text)"}]}]}, {"Node Type": "Index Scan", "Parent Relationship": "Inner", "Scan Direction": "Forward", "Index Name": "movie_id_movie_companies", "Relation Name": "movie_companies", "Alias": "mc", "Startup Cost": 0.0, "Total Cost": 0.37, "Plan Rows": 2, "Plan Width": 32, "Index Cond": "(movie_id = mi_idx.movie_id)", "Filter": "((note)::text !~~ '%(as Metro-Goldwyn-Mayer Pictures)%'::text)"}]}, {"Node Type": "Materialize", "Parent Relationship": "Inner", "Startup Cost": 0.0, "Total Cost": 12.31, "Plan Rows": 1, "Plan Width": 4, "Plans": [{"Node Type": "Index Scan", "Parent Relationship": "Outer", "Scan Direction": "Forward", "Index Name": "company_type_pkey", "Relation Name": "company_type", "Alias": "ct", "Startup Cost": 0.0, "Total Cost": 12.3, "Plan Rows": 1, "Plan Width": 4, "Filter": "((kind)::text = 'production companies'::text)"}]}]}, {"Node Type": "Index Scan", "Parent Relationship": "Inner", "Scan Direction": "Forward", "Index Name": "title_pkey", "Relation Name": "title", "Alias": "t", "Startup Cost": 0.0, "Total Cost": 116441.27, "Plan Rows": 1381886, "Plan Width": 25, "Filter": "(production_year > 2000), (LLVM Optimized)"}]}]}, "Unique SQL Id": 2492542741, "Planner Runtime": 6}, "explain_analyze_plan": {"Plan": {"Node Type": "Aggregate", "Strategy": "Plain", "Startup Cost": 346058.39, "Total Cost": 346058.4, "Plan Rows": 1, "Plan Width": 113, "Actual Startup Time": 4377.15, "Actual Total Time": 4377.15, "Actual Rows": 1, "Actual Loops": 1, "Plans": [{"Node Type": "Merge Join", "Parent Relationship": "Outer", "Join Type": "Inner", "Startup Cost": 2.6, "Total Cost": 341179.2, "Plan Rows": 650559, "Plan Width": 45, "Actual Startup Time": 3112.624, "Actual Total Time": 4377.099, "Actual Rows": 4, "Actual Loops": 1, "Inner Unique": true, "Merge Cond": "(mc.movie_id = t.id)", "Plans": [{"Node Type": "Nested Loop", "Parent Relationship": "Outer", "Join Type": "Inner", "Startup Cost": 0.0, "Total Cost": 213639.55, "Plan Rows": 501180, "Plan Width": 32, "Actual Startup Time": 720.978, "Actual Total Time": 1349.536, "Actual Rows": 5, "Actual Loops": 1, "Inner Unique": true, "Join Filter": "(mc.company_type_id = ct.id), (LLVM Optimized, Jit Execute)", "Rows Removed by Join Filter": 95, "Plans": [{"Node Type": "Nested Loop", "Parent Relationship": "Outer", "Join Type": "Inner", "Startup Cost": 0.0, "Total Cost": 201191.56, "Plan Rows": 829046, "Plan Width": 36, "Actual Startup Time": 584.751, "Actual Total Time": 1349.397, "Actual Rows": 100, "Actual Loops": 1, "Inner Unique": false, "Plans": [{"Node Type": "Nested Loop", "Parent Relationship": "Outer", "Join Type": "Inner", "Startup Cost": 0.0, "Total Cost": 67215.08, "Plan Rows": 345008, "Plan Width": 4, "Actual Startup Time": 584.691, "Actual Total Time": 1348.894, "Actual Rows": 10, "Actual Loops": 1, "Inner Unique": true, "Join Filter": "(it.id = mi_idx.info_type_id), (LLVM Optimized, Jit Execute)", "Rows Removed by Join Filter": 1380024, "Plans": [{"Node Type": "Index Scan", "Parent Relationship": "Outer", "Scan Direction": "Forward", "Index Name": "movie_id_movie_info_idx", "Relation Name": "movie_info_idx", "Alias": "mi_idx", "Startup Cost": 0.0, "Total Cost": 46500.35, "Plan Rows": 1380034, "Plan Width": 8, "Actual Startup Time": 0.025, "Actual Total Time": 579.435, "Actual Rows": 1380034, "Actual Loops": 1}, {"Node Type": "Materialize", "Parent Relationship": "Inner", "Startup Cost": 0.0, "Total Cost": 14.22, "Plan Rows": 1, "Plan Width": 4, "Actual Startup Time": 114.571, "Actual Total Time": 228.295, "Actual Rows": 1380034, "Actual Loops": 1380034, "Plans": [{"Node Type": "Index Scan", "Parent Relationship": "Outer", "Scan Direction": "Forward", "Index Name": "info_type_pkey", "Relation Name": "info_type", "Alias": "it", "Startup Cost": 0.0, "Total Cost": 14.21, "Plan Rows": 1, "Plan Width": 4, "Actual Startup Time": 0.065, "Actual Total Time": 0.066, "Actual Rows": 1, "Actual Loops": 1, "Filter": "((info)::text = 'bottom 10 rank'::text)", "Rows Removed by Filter": 111}]}]}, {"Node Type": "Index Scan", "Parent Relationship": "Inner", "Scan Direction": "Forward", "Index Name": "movie_id_movie_companies", "Relation Name": "movie_companies", "Alias": "mc", "Startup Cost": 0.0, "Total Cost": 0.37, "Plan Rows": 2, "Plan Width": 32, "Actual Startup Time": 0.263, "Actual Total Time": 0.401, "Actual Rows": 100, "Actual Loops": 10, "Index Cond": "(movie_id = mi_idx.movie_id)", "Rows Removed by Index Recheck": 0, "Filter": "((note)::text !~~ '%(as Metro-Goldwyn-Mayer Pictures)%'::text)", "Rows Removed by Filter": 20}]}, {"Node Type": "Materialize", "Parent Relationship": "Inner", "Startup Cost": 0.0, "Total Cost": 12.31, "Plan Rows": 1, "Plan Width": 4, "Actual Startup Time": 0.05, "Actual Total Time": 0.059, "Actual Rows": 100, "Actual Loops": 100, "Plans": [{"Node Type": "Index Scan", "Parent Relationship": "Outer", "Scan Direction": "Forward", "Index Name": "company_type_pkey", "Relation Name": "company_type", "Alias": "ct", "Startup Cost": 0.0, "Total Cost": 12.3, "Plan Rows": 1, "Plan Width": 4, "Actual Startup Time": 0.021, "Actual Total Time": 0.024, "Actual Rows": 1, "Actual Loops": 1, "Filter": "((kind)::text = 'production companies'::text)", "Rows Removed by Filter": 2}]}]}, {"Node Type": "Index Scan", "Parent Relationship": "Inner", "Scan Direction": "Forward", "Index Name": "title_pkey", "Relation Name": "title", "Alias": "t", "Startup Cost": 0.0, "Total Cost": 116441.27, "Plan Rows": 1381886, "Plan Width": 25, "Actual Startup Time": 0.045, "Actual Total Time": 2840.446, "Actual Rows": 1289090, "Actual Loops": 1, "Filter": "(production_year > 2000), (LLVM Optimized, Jit Execute)", "Rows Removed by Filter": 1033479}]}]}, "Triggers": [], "Planner Runtime": 6, "Total Runtime": 4387.16, "Unique SQL Id": 2492542741}}, "(64, 26)": {"explain_plan": {"Plan": {"Node Type": "Aggregate", "Strategy": "Plain", "Startup Cost": 3049384.65, "Total Cost": 3049384.68, "Plan Rows": 1, "Plan Width": 113, "Plans": [{"Node Type": "Streaming(type: LOCAL GATHER dop: 1/64)", "Parent Relationship": "Outer", "Startup Cost": 3049384.65, "Total Cost": 3049384.68, "Plan Rows": 1, "Plan Width": 113, "Plans": [{"Node Type": "Aggregate", "Strategy": "Plain", "Parent Relationship": "Outer", "Startup Cost": 3049384.65, "Total Cost": 3049384.66, "Plan Rows": 1, "Plan Width": 113, "Plans": [{"Node Type": "Nested Loop", "Parent Relationship": "Outer", "Join Type": "Inner", "Startup Cost": 282722.55, "Total Cost": 3044600.51, "Plan Rows": 637886, "Plan Width": 45, "Inner Unique": true, "Join Filter": "(mc.movie_id = t.id), (LLVM Optimized)", "Plans": [{"Node Type": "Streaming(type: LOCAL REDISTRIBUTE dop: 64/1)", "Parent Relationship": "Outer", "Startup Cost": 282722.55, "Total Cost": 379919.8, "Plan Rows": 501180, "Plan Width": 32, "Plans": [{"Node Type": "Merge Join", "Parent Relationship": "Outer", "Join Type": "Inner", "Startup Cost": 282722.55, "Total Cost": 296556.92, "Plan Rows": 501180, "Plan Width": 32, "Inner Unique": false, "Merge Cond": "(mi_idx.movie_id = mc.movie_id)", "Plans": [{"Node Type": "Sort", "Parent Relationship": "Outer", "Startup Cost": 69261.47, "Total Cost": 70123.99, "Plan Rows": 345008, "Plan Width": 4, "Sort Key": ["mi_idx.movie_id"], "Plans": [{"Node Type": "Nested Loop", "Parent Relationship": "Outer", "Join Type": "Inner", "Startup Cost": 0.0, "Total Cost": 37527.17, "Plan Rows": 345008, "Plan Width": 4, "Inner Unique": false, "Join Filter": "(it.id = mi_idx.info_type_id), (LLVM Optimized)", "Plans": [{"Node Type": "Seq Scan", "Parent Relationship": "Outer", "Relation Name": "info_type", "Alias": "it", "Startup Cost": 0.0, "Total Cost": 2.4, "Plan Rows": 1, "Plan Width": 4, "Filter": "((info)::text = 'bottom 10 rank'::text)"}, {"Node Type": "Seq Scan", "Parent Relationship": "Inner", "Relation Name": "movie_info_idx", "Alias": "mi_idx", "Startup Cost": 0.0, "Total Cost": 20274.34, "Plan Rows": 1380034, "Plan Width": 8}]}]}, {"Node Type": "Sort", "Parent Relationship": "Inner", "Startup Cost": 213461.05, "Total Cost": 216722.34, "Plan Rows": 1304518, "Plan Width": 28, "Sort Key": ["mc.movie_id"], "Plans": [{"Node Type": "Nested Loop", "Parent Relationship": "Outer", "Join Type": "Inner", "Startup Cost": 0.0, "Total Cost": 80954.08, "Plan Rows": 1304518, "Plan Width": 28, "Inner Unique": false, "Join Filter": "(ct.id = mc.company_type_id), (LLVM Optimized)", "Plans": [{"Node Type": "Seq Scan", "Parent Relationship": "Outer", "Relation Name": "company_type", "Alias": "ct", "Startup Cost": 0.0, "Total Cost": 1.04, "Plan Rows": 1, "Plan Width": 4, "Filter": "((kind)::text = 'production companies'::text)"}, {"Node Type": "Seq Scan", "Parent Relationship": "Inner", "Relation Name": "movie_companies", "Alias": "mc", "Startup Cost": 0.0, "Total Cost": 48340.1, "Plan Rows": 2609035, "Plan Width": 32, "Filter": "((note)::text !~~ '%(as Metro-Goldwyn-Mayer Pictures)%'::text), (LLVM Optimized)"}]}]}]}]}, {"Node Type": "Materialize", "Parent Relationship": "Inner", "Startup Cost": 0.0, "Total Cost": 128454.31, "Plan Rows": 1381886, "Plan Width": 25, "Plans": [{"Node Type": "Streaming(type: LOCAL REDISTRIBUTE dop: 64/64)", "Parent Relationship": "Outer", "Startup Cost": 0.0, "Total Cost": 128346.36, "Plan Rows": 1381886, "Plan Width": 25, "Plans": [{"Node Type": "Seq Scan", "Parent Relationship": "Outer", "Relation Name": "title", "Alias": "t", "Startup Cost": 0.0, "Total Cost": 64037.34, "Plan Rows": 1381886, "Plan Width": 25, "Filter": "(production_year > 2000), (LLVM Optimized)"}]}]}]}]}]}]}, "Unique SQL Id": 2492542741, "Planner Runtime": 6}, "explain_analyze_plan": {"Plan": {"Node Type": "Aggregate", "Strategy": "Plain", "Startup Cost": 3049384.65, "Total Cost": 3049384.68, "Plan Rows": 1, "Plan Width": 113, "Actual Min Startup Time": 2333.234, "Actual Max Startup Time": 2333.234, "Actual Min Total Time": 2333.234, "Actual Max Total Time": 2333.234, "Plans": [{"Node Type": "Streaming(type: LOCAL GATHER dop: 1/64)", "Parent Relationship": "Outer", "Startup Cost": 3049384.65, "Total Cost": 3049384.68, "Plan Rows": 1, "Plan Width": 113, "Actual Min Startup Time": 2322.273, "Actual Max Startup Time": 2322.273, "Actual Min Total Time": 2333.188, "Actual Max Total Time": 2333.188, "Plans": [{"Node Type": "Aggregate", "Strategy": "Plain", "Parent Relationship": "Outer", "Startup Cost": 3049384.65, "Total Cost": 3049384.66, "Plan Rows": 1, "Plan Width": 113, "Actual Min Startup Time": 1869.303, "Actual Max Startup Time": 2191.991, "Actual Min Total Time": 1869.304, "Actual Max Total Time": 2191.991, "Plans": [{"Node Type": "Nested Loop", "Parent Relationship": "Outer", "Join Type": "Inner", "Startup Cost": 282722.55, "Total Cost": 3044600.51, "Plan Rows": 637886, "Plan Width": 45, "Actual Min Startup Time": 1869.293, "Actual Max Startup Time": 2191.983, "Actual Min Total Time": 1869.293, "Actual Max Total Time": 2191.983, "Inner Unique": true, "Join Filter": "(mc.movie_id = t.id), (LLVM Optimized, Jit Execute)", "Rows Removed by Join Filter": 82593, "Plans": [{"Node Type": "Streaming(type: LOCAL REDISTRIBUTE dop: 64/1)", "Parent Relationship": "Outer", "Startup Cost": 282722.55, "Total Cost": 379919.8, "Plan Rows": 501180, "Plan Width": 32, "Actual Min Startup Time": 1806.715, "Actual Max Startup Time": 1809.723, "Actual Min Total Time": 1806.715, "Actual Max Total Time": 1809.723, "Plans": [{"Node Type": "Merge Join", "Parent Relationship": "Outer", "Join Type": "Inner", "Startup Cost": 282722.55, "Total Cost": 296556.92, "Plan Rows": 501180, "Plan Width": 32, "Actual Min Startup Time": 1973.086, "Actual Max Startup Time": 1973.086, "Actual Min Total Time": 1988.901, "Actual Max Total Time": 1988.901, "Inner Unique": false, "Merge Cond": "(mi_idx.movie_id = mc.movie_id)", "Plans": [{"Node Type": "Sort", "Parent Relationship": "Outer", "Startup Cost": 69261.47, "Total Cost": 70123.99, "Plan Rows": 345008, "Plan Width": 4, "Actual Min Startup Time": 604.556, "Actual Max Startup Time": 604.556, "Actual Min Total Time": 604.559, "Actual Max Total Time": 604.559, "Sort Key": ["mi_idx.movie_id"], "Sort Method": "quicksort", "Sort Space Min Used": 25, "Sort Space Max Used": 25, "Sort Space Type": "Memory", "Plans": [{"Node Type": "Nested Loop", "Parent Relationship": "Outer", "Join Type": "Inner", "Startup Cost": 0.0, "Total Cost": 37527.17, "Plan Rows": 345008, "Plan Width": 4, "Actual Min Startup Time": 604.512, "Actual Max Startup Time": 604.512, "Actual Min Total Time": 604.525, "Actual Max Total Time": 604.525, "Inner Unique": false, "Join Filter": "(it.id = mi_idx.info_type_id), (LLVM Optimized, Jit Execute)", "Rows Removed by Join Filter": 1380024, "Plans": [{"Node Type": "Seq Scan", "Parent Relationship": "Outer", "Relation Name": "info_type", "Alias": "it", "Startup Cost": 0.0, "Total Cost": 2.4, "Plan Rows": 1, "Plan Width": 4, "Actual Min Startup Time": 0.084, "Actual Max Startup Time": 0.084, "Actual Min Total Time": 0.09, "Actual Max Total Time": 0.09, "Filter": "((info)::text = 'bottom 10 rank'::text)", "Rows Removed by Filter": 111, "Actual Rows": 1}, {"Node Type": "Seq Scan", "Parent Relationship": "Inner", "Relation Name": "movie_info_idx", "Alias": "mi_idx", "Startup Cost": 0.0, "Total Cost": 20274.34, "Plan Rows": 1380034, "Plan Width": 8, "Actual Min Startup Time": 0.039, "Actual Max Startup Time": 0.039, "Actual Min Total Time": 316.604, "Actual Max Total Time": 316.604, "Actual Rows": 1380034}], "Actual Rows": 10}], "Actual Rows": 10}, {"Node Type": "Sort", "Parent Relationship": "Inner", "Startup Cost": 213461.05, "Total Cost": 216722.34, "Plan Rows": 1304518, "Plan Width": 28, "Actual Min Startup Time": 1353.069, "Actual Max Startup Time": 1353.069, "Actual Min Total Time": 1364.906, "Actual Max Total Time": 1364.906, "Sort Key": ["mc.movie_id"], "Sort Method": "quicksort", "Sort Space Min Used": 20170, "Sort Space Max Used": 20170, "Sort Space Type": "Memory", "Plans": [{"Node Type": "Nested Loop", "Parent Relationship": "Outer", "Join Type": "Inner", "Startup Cost": 0.0, "Total Cost": 80954.08, "Plan Rows": 1304518, "Plan Width": 28, "Actual Min Startup Time": 908.968, "Actual Max Startup Time": 908.968, "Actual Min Total Time": 1301.703, "Actual Max Total Time": 1301.703, "Inner Unique": false, "Join Filter": "(ct.id = mc.company_type_id), (LLVM Optimized, Jit Execute)", "Rows Removed by Join Filter": 1196183, "Plans": [{"Node Type": "Seq Scan", "Parent Relationship": "Outer", "Relation Name": "company_type", "Alias": "ct", "Startup Cost": 0.0, "Total Cost": 1.04, "Plan Rows": 1, "Plan Width": 4, "Actual Min Startup Time": 0.025, "Actual Max Startup Time": 0.025, "Actual Min Total Time": 0.029, "Actual Max Total Time": 0.029, "Filter": "((kind)::text = 'production companies'::text)", "Rows Removed by Filter": 2, "Actual Rows": 1}, {"Node Type": "Seq Scan", "Parent Relationship": "Inner", "Relation Name": "movie_companies", "Alias": "mc", "Startup Cost": 0.0, "Total Cost": 48340.1, "Plan Rows": 2609035, "Plan Width": 32, "Actual Min Startup Time": 0.046, "Actual Max Startup Time": 0.046, "Actual Min Total Time": 1004.164, "Actual Max Total Time": 1004.164, "Filter": "((note)::text !~~ '%(as Metro-Goldwyn-Mayer Pictures)%'::text), (LLVM Optimized, Jit Execute)", "Rows Removed by Filter": 1272041, "Actual Rows": 1337087}], "Actual Rows": 140904}], "Actual Rows": 132371}], "Actual Rows": 5}], "Actual Rows": 5}, {"Node Type": "Materialize", "Parent Relationship": "Inner", "Startup Cost": 0.0, "Total Cost": 128454.31, "Plan Rows": 1381886, "Plan Width": 25, "Actual Min Startup Time": 58.477, "Actual Max Startup Time": 381.251, "Actual Min Total Time": 58.477, "Actual Max Total Time": 381.251, "Plans": [{"Node Type": "Streaming(type: LOCAL REDISTRIBUTE dop: 64/64)", "Parent Relationship": "Outer", "Startup Cost": 0.0, "Total Cost": 128346.36, "Plan Rows": 1381886, "Plan Width": 25, "Actual Min Startup Time": 0.149, "Actual Max Startup Time": 276.883, "Actual Min Total Time": 53.108, "Actual Max Total Time": 377.187, "Plans": [{"Node Type": "Seq Scan", "Parent Relationship": "Outer", "Relation Name": "title", "Alias": "t", "Startup Cost": 0.0, "Total Cost": 64037.34, "Plan Rows": 1381886, "Plan Width": 25, "Actual Min Startup Time": 0.027, "Actual Max Startup Time": 0.066, "Actual Min Total Time": 15.376, "Actual Max Total Time": 19.665, "Filter": "(production_year > 2000), (LLVM Optimized, Jit Execute)", "Rows Removed by Filter": 1146858, "Actual Rows": 1381453}], "Actual Rows": 1381453}], "Actual Rows": 82661}], "Actual Rows": 4}], "Actual Rows": 64}], "Actual Rows": 64}], "Actual Rows": 1}, "Triggers": [], "Planner Runtime": 7, "Total Runtime": 2378.1, "Unique SQL Id": 2492542741}}, "(64, 27)": {"explain_plan": {"Plan": {"Node Type": "Aggregate", "Strategy": "Plain", "Startup Cost": 4997226399715.34, "Total Cost": 4997226399715.35, "Plan Rows": 1, "Plan Width": 113, "Plans": [{"Node Type": "Nested Loop", "Parent Relationship": "Outer", "Join Type": "Inner", "Startup Cost": 50027231635.11, "Total Cost": 4997226394836.15, "Plan Rows": 650559, "Plan Width": 45, "Inner Unique": false, "Join Filter": "(mi_idx.info_type_id = it.id), (LLVM Optimized)", "Plans": [{"Node Type": "Index Scan", "Parent Relationship": "Outer", "Scan Direction": "Forward", "Index Name": "info_type_pkey", "Relation Name": "info_type", "Alias": "it", "Startup Cost": 10000000000.0, "Total Cost": 1000000001421.0, "Plan Rows": 1, "Plan Width": 4, "Filter": "((info)::text = 'bottom 10 rank'::text)"}, {"Node Type": "Nested Loop", "Parent Relationship": "Inner", "Join Type": "Inner", "Startup Cost": 40027231635.11, "Total Cost": 3997226360887.19, "Plan Rows": 2602236, "Plan Width": 49, "Inner Unique": false, "Join Filter": "(mc.company_type_id = ct.id), (LLVM Optimized)", "Plans": [{"Node Type": "Index Scan", "Parent Relationship": "Outer", "Scan Direction": "Forward", "Index Name": "company_type_pkey", "Relation Name": "company_type", "Alias": "ct", "Startup Cost": 10000000000.0, "Total Cost": 1000000001230.25, "Plan Rows": 1, "Plan Width": 4, "Filter": "((kind)::text = 'production companies'::text)"}, {"Node Type": "Merge Join", "Parent Relationship": "Inner", "Join Type": "Inner", "Startup Cost": 30027231635.11, "Total Cost": 2997226306897.65, "Plan Rows": 4220744, "Plan Width": 53, "Inner Unique": false, "Merge Cond": "(mi_idx.movie_id = t.id)", "Plans": [{"Node Type": "Index Scan", "Parent Relationship": "Outer", "Scan Direction": "Forward", "Index Name": "movie_id_movie_info_idx", "Relation Name": "movie_info_idx", "Alias": "mi_idx", "Startup Cost": 10000000000.0, "Total Cost": 1000004650035.37, "Plan Rows": 1380034, "Plan Width": 8}, {"Node Type": "Materialize", "Parent Relationship": "Inner", "Startup Cost": 20021492619.09, "Total Cost": 1999076868999.12, "Plan Rows": 3320699, "Plan Width": 57, "Plans": [{"Node Type": "Merge Join", "Parent Relationship": "Outer", "Join Type": "Inner", "Startup Cost": 20021492619.09, "Total Cost": 1999076860697.37, "Plan Rows": 3320699, "Plan Width": 57, "Inner Unique": false, "Merge Cond": "(t.id = mc.movie_id)", "Plans": [{"Node Type": "Index Scan", "Parent Relationship": "Outer", "Scan Direction": "Forward", "Index Name": "title_pkey", "Relation Name": "title", "Alias": "t", "Startup Cost": 10000000000.0, "Total Cost": 1000011644126.66, "Plan Rows": 1381886, "Plan Width": 25, "Filter": "(production_year > 2000), (LLVM Optimized)"}, {"Node Type": "Materialize", "Parent Relationship": "Inner", "Startup Cost": 10000000000.0, "Total Cost": 1000013710750.72, "Plan Rows": 2609035, "Plan Width": 32, "Plans": [{"Node Type": "Index Scan", "Parent Relationship": "Outer", "Scan Direction": "Forward", "Index Name": "movie_id_movie_companies", "Relation Name": "movie_companies", "Alias": "mc", "Startup Cost": 10000000000.0, "Total Cost": 1000013704228.13, "Plan Rows": 2609035, "Plan Width": 32, "Filter": "((note)::text !~~ '%(as Metro-Goldwyn-Mayer Pictures)%'::text), (LLVM Optimized)"}]}]}]}]}]}]}]}, "Unique SQL Id": 2492542741, "Planner Runtime": 10}, "explain_analyze_plan": null}, "(64, 28)": {"explain_plan": {"Plan": {"Node Type": "Aggregate", "Strategy": "Plain", "Startup Cost": 346035.32, "Total Cost": 346035.33, "Plan Rows": 1, "Plan Width": 113, "Plans": [{"Node Type": "Merge Join", "Parent Relationship": "Outer", "Join Type": "Inner", "Startup Cost": 2.6, "Total Cost": 341156.13, "Plan Rows": 650559, "Plan Width": 45, "Inner Unique": true, "Merge Cond": "(mc.movie_id = t.id)", "Plans": [{"Node Type": "Nested Loop", "Parent Relationship": "Outer", "Join Type": "Inner", "Startup Cost": 0.0, "Total Cost": 213616.48, "Plan Rows": 501180, "Plan Width": 32, "Inner Unique": true, "Join Filter": "(mc.company_type_id = ct.id), (LLVM Optimized)", "Plans": [{"Node Type": "Nested Loop", "Parent Relationship": "Outer", "Join Type": "Inner", "Startup Cost": 0.0, "Total Cost": 201179.75, "Plan Rows": 829046, "Plan Width": 36, "Inner Unique": false, "Plans": [{"Node Type": "Nested Loop", "Parent Relationship": "Outer", "Join Type": "Inner", "Startup Cost": 0.0, "Total Cost": 67203.27, "Plan Rows": 345008, "Plan Width": 4, "Inner Unique": true, "Join Filter": "(it.id = mi_idx.info_type_id), (LLVM Optimized)", "Plans": [{"Node Type": "Index Scan", "Parent Relationship": "Outer", "Scan Direction": "Forward", "Index Name": "movie_id_movie_info_idx", "Relation Name": "movie_info_idx", "Alias": "mi_idx", "Startup Cost": 0.0, "Total Cost": 46500.35, "Plan Rows": 1380034, "Plan Width": 8}, {"Node Type": "Materialize", "Parent Relationship": "Inner", "Startup Cost": 0.0, "Total Cost": 2.41, "Plan Rows": 1, "Plan Width": 4, "Plans": [{"Node Type": "Seq Scan", "Parent Relationship": "Outer", "Relation Name": "info_type", "Alias": "it", "Startup Cost": 0.0, "Total Cost": 2.4, "Plan Rows": 1, "Plan Width": 4, "Filter": "((info)::text = 'bottom 10 rank'::text)"}]}]}, {"Node Type": "Index Scan", "Parent Relationship": "Inner", "Scan Direction": "Forward", "Index Name": "movie_id_movie_companies", "Relation Name": "movie_companies", "Alias": "mc", "Startup Cost": 0.0, "Total Cost": 0.37, "Plan Rows": 2, "Plan Width": 32, "Index Cond": "(movie_id = mi_idx.movie_id)", "Filter": "((note)::text !~~ '%(as Metro-Goldwyn-Mayer Pictures)%'::text)"}]}, {"Node Type": "Materialize", "Parent Relationship": "Inner", "Startup Cost": 0.0, "Total Cost": 1.04, "Plan Rows": 1, "Plan Width": 4, "Plans": [{"Node Type": "Seq Scan", "Parent Relationship": "Outer", "Relation Name": "company_type", "Alias": "ct", "Startup Cost": 0.0, "Total Cost": 1.04, "Plan Rows": 1, "Plan Width": 4, "Filter": "((kind)::text = 'production companies'::text)"}]}]}, {"Node Type": "Index Scan", "Parent Relationship": "Inner", "Scan Direction": "Forward", "Index Name": "title_pkey", "Relation Name": "title", "Alias": "t", "Startup Cost": 0.0, "Total Cost": 116441.27, "Plan Rows": 1381886, "Plan Width": 25, "Filter": "(production_year > 2000), (LLVM Optimized)"}]}]}, "Unique SQL Id": 2492542741, "Planner Runtime": 7}, "explain_analyze_plan": {"Plan": {"Node Type": "Aggregate", "Strategy": "Plain", "Startup Cost": 346035.32, "Total Cost": 346035.33, "Plan Rows": 1, "Plan Width": 113, "Actual Startup Time": 4448.105, "Actual Total Time": 4448.106, "Actual Rows": 1, "Actual Loops": 1, "Plans": [{"Node Type": "Merge Join", "Parent Relationship": "Outer", "Join Type": "Inner", "Startup Cost": 2.6, "Total Cost": 341156.13, "Plan Rows": 650559, "Plan Width": 45, "Actual Startup Time": 3168.837, "Actual Total Time": 4448.052, "Actual Rows": 4, "Actual Loops": 1, "Inner Unique": true, "Merge Cond": "(mc.movie_id = t.id)", "Plans": [{"Node Type": "Nested Loop", "Parent Relationship": "Outer", "Join Type": "Inner", "Startup Cost": 0.0, "Total Cost": 213616.48, "Plan Rows": 501180, "Plan Width": 32, "Actual Startup Time": 714.025, "Actual Total Time": 1349.076, "Actual Rows": 5, "Actual Loops": 1, "Inner Unique": true, "Join Filter": "(mc.company_type_id = ct.id), (LLVM Optimized, Jit Execute)", "Rows Removed by Join Filter": 95, "Plans": [{"Node Type": "Nested Loop", "Parent Relationship": "Outer", "Join Type": "Inner", "Startup Cost": 0.0, "Total Cost": 201179.75, "Plan Rows": 829046, "Plan Width": 36, "Actual Startup Time": 578.873, "Actual Total Time": 1348.94, "Actual Rows": 100, "Actual Loops": 1, "Inner Unique": false, "Plans": [{"Node Type": "Nested Loop", "Parent Relationship": "Outer", "Join Type": "Inner", "Startup Cost": 0.0, "Total Cost": 67203.27, "Plan Rows": 345008, "Plan Width": 4, "Actual Startup Time": 578.817, "Actual Total Time": 1348.401, "Actual Rows": 10, "Actual Loops": 1, "Inner Unique": true, "Join Filter": "(it.id = mi_idx.info_type_id), (LLVM Optimized, Jit Execute)", "Rows Removed by Join Filter": 1380024, "Plans": [{"Node Type": "Index Scan", "Parent Relationship": "Outer", "Scan Direction": "Forward", "Index Name": "movie_id_movie_info_idx", "Relation Name": "movie_info_idx", "Alias": "mi_idx", "Startup Cost": 0.0, "Total Cost": 46500.35, "Plan Rows": 1380034, "Plan Width": 8, "Actual Startup Time": 0.028, "Actual Total Time": 593.66, "Actual Rows": 1380034, "Actual Loops": 1}, {"Node Type": "Materialize", "Parent Relationship": "Inner", "Startup Cost": 0.0, "Total Cost": 2.41, "Plan Rows": 1, "Plan Width": 4, "Actual Startup Time": 114.864, "Actual Total Time": 228.617, "Actual Rows": 1380034, "Actual Loops": 1380034, "Plans": [{"Node Type": "Seq Scan", "Parent Relationship": "Outer", "Relation Name": "info_type", "Alias": "it", "Startup Cost": 0.0, "Total Cost": 2.4, "Plan Rows": 1, "Plan Width": 4, "Actual Startup Time": 0.05, "Actual Total Time": 0.052, "Actual Rows": 1, "Actual Loops": 1, "Filter": "((info)::text = 'bottom 10 rank'::text)", "Rows Removed by Filter": 111}]}]}, {"Node Type": "Index Scan", "Parent Relationship": "Inner", "Scan Direction": "Forward", "Index Name": "movie_id_movie_companies", "Relation Name": "movie_companies", "Alias": "mc", "Startup Cost": 0.0, "Total Cost": 0.37, "Plan Rows": 2, "Plan Width": 32, "Actual Startup Time": 0.287, "Actual Total Time": 0.435, "Actual Rows": 100, "Actual Loops": 10, "Index Cond": "(movie_id = mi_idx.movie_id)", "Rows Removed by Index Recheck": 0, "Filter": "((note)::text !~~ '%(as Metro-Goldwyn-Mayer Pictures)%'::text)", "Rows Removed by Filter": 20}]}, {"Node Type": "Materialize", "Parent Relationship": "Inner", "Startup Cost": 0.0, "Total Cost": 1.04, "Plan Rows": 1, "Plan Width": 4, "Actual Startup Time": 0.062, "Actual Total Time": 0.074, "Actual Rows": 100, "Actual Loops": 100, "Plans": [{"Node Type": "Seq Scan", "Parent Relationship": "Outer", "Relation Name": "company_type", "Alias": "ct", "Startup Cost": 0.0, "Total Cost": 1.04, "Plan Rows": 1, "Plan Width": 4, "Actual Startup Time": 0.023, "Actual Total Time": 0.025, "Actual Rows": 1, "Actual Loops": 1, "Filter": "((kind)::text = 'production companies'::text)", "Rows Removed by Filter": 2}]}]}, {"Node Type": "Index Scan", "Parent Relationship": "Inner", "Scan Direction": "Forward", "Index Name": "title_pkey", "Relation Name": "title", "Alias": "t", "Startup Cost": 0.0, "Total Cost": 116441.27, "Plan Rows": 1381886, "Plan Width": 25, "Actual Startup Time": 0.042, "Actual Total Time": 2912.037, "Actual Rows": 1289090, "Actual Loops": 1, "Filter": "(production_year > 2000), (LLVM Optimized, Jit Execute)", "Rows Removed by Filter": 1033479}]}]}, "Triggers": [], "Planner Runtime": 7, "Total Runtime": 4458.043, "Unique SQL Id": 2492542741}}, "(64, 29)": {"explain_plan": {"Plan": {"Node Type": "Aggregate", "Strategy": "Plain", "Startup Cost": 346058.39, "Total Cost": 346058.4, "Plan Rows": 1, "Plan Width": 113, "Plans": [{"Node Type": "Merge Join", "Parent Relationship": "Outer", "Join Type": "Inner", "Startup Cost": 2.6, "Total Cost": 341179.2, "Plan Rows": 650559, "Plan Width": 45, "Inner Unique": true, "Merge Cond": "(mc.movie_id = t.id)", "Plans": [{"Node Type": "Nested Loop", "Parent Relationship": "Outer", "Join Type": "Inner", "Startup Cost": 0.0, "Total Cost": 213639.55, "Plan Rows": 501180, "Plan Width": 32, "Inner Unique": true, "Join Filter": "(mc.company_type_id = ct.id), (LLVM Optimized)", "Plans": [{"Node Type": "Nested Loop", "Parent Relationship": "Outer", "Join Type": "Inner", "Startup Cost": 0.0, "Total Cost": 201191.56, "Plan Rows": 829046, "Plan Width": 36, "Inner Unique": false, "Plans": [{"Node Type": "Nested Loop", "Parent Relationship": "Outer", "Join Type": "Inner", "Startup Cost": 0.0, "Total Cost": 67215.08, "Plan Rows": 345008, "Plan Width": 4, "Inner Unique": true, "Join Filter": "(it.id = mi_idx.info_type_id), (LLVM Optimized)", "Plans": [{"Node Type": "Index Scan", "Parent Relationship": "Outer", "Scan Direction": "Forward", "Index Name": "movie_id_movie_info_idx", "Relation Name": "movie_info_idx", "Alias": "mi_idx", "Startup Cost": 0.0, "Total Cost": 46500.35, "Plan Rows": 1380034, "Plan Width": 8}, {"Node Type": "Materialize", "Parent Relationship": "Inner", "Startup Cost": 0.0, "Total Cost": 14.22, "Plan Rows": 1, "Plan Width": 4, "Plans": [{"Node Type": "Index Scan", "Parent Relationship": "Outer", "Scan Direction": "Forward", "Index Name": "info_type_pkey", "Relation Name": "info_type", "Alias": "it", "Startup Cost": 0.0, "Total Cost": 14.21, "Plan Rows": 1, "Plan Width": 4, "Filter": "((info)::text = 'bottom 10 rank'::text)"}]}]}, {"Node Type": "Index Scan", "Parent Relationship": "Inner", "Scan Direction": "Forward", "Index Name": "movie_id_movie_companies", "Relation Name": "movie_companies", "Alias": "mc", "Startup Cost": 0.0, "Total Cost": 0.37, "Plan Rows": 2, "Plan Width": 32, "Index Cond": "(movie_id = mi_idx.movie_id)", "Filter": "((note)::text !~~ '%(as Metro-Goldwyn-Mayer Pictures)%'::text)"}]}, {"Node Type": "Materialize", "Parent Relationship": "Inner", "Startup Cost": 0.0, "Total Cost": 12.31, "Plan Rows": 1, "Plan Width": 4, "Plans": [{"Node Type": "Index Scan", "Parent Relationship": "Outer", "Scan Direction": "Forward", "Index Name": "company_type_pkey", "Relation Name": "company_type", "Alias": "ct", "Startup Cost": 0.0, "Total Cost": 12.3, "Plan Rows": 1, "Plan Width": 4, "Filter": "((kind)::text = 'production companies'::text)"}]}]}, {"Node Type": "Index Scan", "Parent Relationship": "Inner", "Scan Direction": "Forward", "Index Name": "title_pkey", "Relation Name": "title", "Alias": "t", "Startup Cost": 0.0, "Total Cost": 116441.27, "Plan Rows": 1381886, "Plan Width": 25, "Filter": "(production_year > 2000), (LLVM Optimized)"}]}]}, "Unique SQL Id": 2492542741, "Planner Runtime": 6}, "explain_analyze_plan": {"Plan": {"Node Type": "Aggregate", "Strategy": "Plain", "Startup Cost": 346058.39, "Total Cost": 346058.4, "Plan Rows": 1, "Plan Width": 113, "Actual Startup Time": 4377.15, "Actual Total Time": 4377.15, "Actual Rows": 1, "Actual Loops": 1, "Plans": [{"Node Type": "Merge Join", "Parent Relationship": "Outer", "Join Type": "Inner", "Startup Cost": 2.6, "Total Cost": 341179.2, "Plan Rows": 650559, "Plan Width": 45, "Actual Startup Time": 3112.624, "Actual Total Time": 4377.099, "Actual Rows": 4, "Actual Loops": 1, "Inner Unique": true, "Merge Cond": "(mc.movie_id = t.id)", "Plans": [{"Node Type": "Nested Loop", "Parent Relationship": "Outer", "Join Type": "Inner", "Startup Cost": 0.0, "Total Cost": 213639.55, "Plan Rows": 501180, "Plan Width": 32, "Actual Startup Time": 720.978, "Actual Total Time": 1349.536, "Actual Rows": 5, "Actual Loops": 1, "Inner Unique": true, "Join Filter": "(mc.company_type_id = ct.id), (LLVM Optimized, Jit Execute)", "Rows Removed by Join Filter": 95, "Plans": [{"Node Type": "Nested Loop", "Parent Relationship": "Outer", "Join Type": "Inner", "Startup Cost": 0.0, "Total Cost": 201191.56, "Plan Rows": 829046, "Plan Width": 36, "Actual Startup Time": 584.751, "Actual Total Time": 1349.397, "Actual Rows": 100, "Actual Loops": 1, "Inner Unique": false, "Plans": [{"Node Type": "Nested Loop", "Parent Relationship": "Outer", "Join Type": "Inner", "Startup Cost": 0.0, "Total Cost": 67215.08, "Plan Rows": 345008, "Plan Width": 4, "Actual Startup Time": 584.691, "Actual Total Time": 1348.894, "Actual Rows": 10, "Actual Loops": 1, "Inner Unique": true, "Join Filter": "(it.id = mi_idx.info_type_id), (LLVM Optimized, Jit Execute)", "Rows Removed by Join Filter": 1380024, "Plans": [{"Node Type": "Index Scan", "Parent Relationship": "Outer", "Scan Direction": "Forward", "Index Name": "movie_id_movie_info_idx", "Relation Name": "movie_info_idx", "Alias": "mi_idx", "Startup Cost": 0.0, "Total Cost": 46500.35, "Plan Rows": 1380034, "Plan Width": 8, "Actual Startup Time": 0.025, "Actual Total Time": 579.435, "Actual Rows": 1380034, "Actual Loops": 1}, {"Node Type": "Materialize", "Parent Relationship": "Inner", "Startup Cost": 0.0, "Total Cost": 14.22, "Plan Rows": 1, "Plan Width": 4, "Actual Startup Time": 114.571, "Actual Total Time": 228.295, "Actual Rows": 1380034, "Actual Loops": 1380034, "Plans": [{"Node Type": "Index Scan", "Parent Relationship": "Outer", "Scan Direction": "Forward", "Index Name": "info_type_pkey", "Relation Name": "info_type", "Alias": "it", "Startup Cost": 0.0, "Total Cost": 14.21, "Plan Rows": 1, "Plan Width": 4, "Actual Startup Time": 0.065, "Actual Total Time": 0.066, "Actual Rows": 1, "Actual Loops": 1, "Filter": "((info)::text = 'bottom 10 rank'::text)", "Rows Removed by Filter": 111}]}]}, {"Node Type": "Index Scan", "Parent Relationship": "Inner", "Scan Direction": "Forward", "Index Name": "movie_id_movie_companies", "Relation Name": "movie_companies", "Alias": "mc", "Startup Cost": 0.0, "Total Cost": 0.37, "Plan Rows": 2, "Plan Width": 32, "Actual Startup Time": 0.263, "Actual Total Time": 0.401, "Actual Rows": 100, "Actual Loops": 10, "Index Cond": "(movie_id = mi_idx.movie_id)", "Rows Removed by Index Recheck": 0, "Filter": "((note)::text !~~ '%(as Metro-Goldwyn-Mayer Pictures)%'::text)", "Rows Removed by Filter": 20}]}, {"Node Type": "Materialize", "Parent Relationship": "Inner", "Startup Cost": 0.0, "Total Cost": 12.31, "Plan Rows": 1, "Plan Width": 4, "Actual Startup Time": 0.05, "Actual Total Time": 0.059, "Actual Rows": 100, "Actual Loops": 100, "Plans": [{"Node Type": "Index Scan", "Parent Relationship": "Outer", "Scan Direction": "Forward", "Index Name": "company_type_pkey", "Relation Name": "company_type", "Alias": "ct", "Startup Cost": 0.0, "Total Cost": 12.3, "Plan Rows": 1, "Plan Width": 4, "Actual Startup Time": 0.021, "Actual Total Time": 0.024, "Actual Rows": 1, "Actual Loops": 1, "Filter": "((kind)::text = 'production companies'::text)", "Rows Removed by Filter": 2}]}]}, {"Node Type": "Index Scan", "Parent Relationship": "Inner", "Scan Direction": "Forward", "Index Name": "title_pkey", "Relation Name": "title", "Alias": "t", "Startup Cost": 0.0, "Total Cost": 116441.27, "Plan Rows": 1381886, "Plan Width": 25, "Actual Startup Time": 0.045, "Actual Total Time": 2840.446, "Actual Rows": 1289090, "Actual Loops": 1, "Filter": "(production_year > 2000), (LLVM Optimized, Jit Execute)", "Rows Removed by Filter": 1033479}]}]}, "Triggers": [], "Planner Runtime": 6, "Total Runtime": 4387.16, "Unique SQL Id": 2492542741}}, "(64, 30)": {"explain_plan": {"Plan": {"Node Type": "Aggregate", "Strategy": "Plain", "Startup Cost": 3049384.65, "Total Cost": 3049384.68, "Plan Rows": 1, "Plan Width": 113, "Plans": [{"Node Type": "Streaming(type: LOCAL GATHER dop: 1/64)", "Parent Relationship": "Outer", "Startup Cost": 3049384.65, "Total Cost": 3049384.68, "Plan Rows": 1, "Plan Width": 113, "Plans": [{"Node Type": "Aggregate", "Strategy": "Plain", "Parent Relationship": "Outer", "Startup Cost": 3049384.65, "Total Cost": 3049384.66, "Plan Rows": 1, "Plan Width": 113, "Plans": [{"Node Type": "Nested Loop", "Parent Relationship": "Outer", "Join Type": "Inner", "Startup Cost": 282722.55, "Total Cost": 3044600.51, "Plan Rows": 637886, "Plan Width": 45, "Inner Unique": true, "Join Filter": "(mc.movie_id = t.id), (LLVM Optimized)", "Plans": [{"Node Type": "Streaming(type: LOCAL REDISTRIBUTE dop: 64/1)", "Parent Relationship": "Outer", "Startup Cost": 282722.55, "Total Cost": 379919.8, "Plan Rows": 501180, "Plan Width": 32, "Plans": [{"Node Type": "Merge Join", "Parent Relationship": "Outer", "Join Type": "Inner", "Startup Cost": 282722.55, "Total Cost": 296556.92, "Plan Rows": 501180, "Plan Width": 32, "Inner Unique": false, "Merge Cond": "(mi_idx.movie_id = mc.movie_id)", "Plans": [{"Node Type": "Sort", "Parent Relationship": "Outer", "Startup Cost": 69261.47, "Total Cost": 70123.99, "Plan Rows": 345008, "Plan Width": 4, "Sort Key": ["mi_idx.movie_id"], "Plans": [{"Node Type": "Nested Loop", "Parent Relationship": "Outer", "Join Type": "Inner", "Startup Cost": 0.0, "Total Cost": 37527.17, "Plan Rows": 345008, "Plan Width": 4, "Inner Unique": false, "Join Filter": "(it.id = mi_idx.info_type_id), (LLVM Optimized)", "Plans": [{"Node Type": "Seq Scan", "Parent Relationship": "Outer", "Relation Name": "info_type", "Alias": "it", "Startup Cost": 0.0, "Total Cost": 2.4, "Plan Rows": 1, "Plan Width": 4, "Filter": "((info)::text = 'bottom 10 rank'::text)"}, {"Node Type": "Seq Scan", "Parent Relationship": "Inner", "Relation Name": "movie_info_idx", "Alias": "mi_idx", "Startup Cost": 0.0, "Total Cost": 20274.34, "Plan Rows": 1380034, "Plan Width": 8}]}]}, {"Node Type": "Sort", "Parent Relationship": "Inner", "Startup Cost": 213461.05, "Total Cost": 216722.34, "Plan Rows": 1304518, "Plan Width": 28, "Sort Key": ["mc.movie_id"], "Plans": [{"Node Type": "Nested Loop", "Parent Relationship": "Outer", "Join Type": "Inner", "Startup Cost": 0.0, "Total Cost": 80954.08, "Plan Rows": 1304518, "Plan Width": 28, "Inner Unique": false, "Join Filter": "(ct.id = mc.company_type_id), (LLVM Optimized)", "Plans": [{"Node Type": "Seq Scan", "Parent Relationship": "Outer", "Relation Name": "company_type", "Alias": "ct", "Startup Cost": 0.0, "Total Cost": 1.04, "Plan Rows": 1, "Plan Width": 4, "Filter": "((kind)::text = 'production companies'::text)"}, {"Node Type": "Seq Scan", "Parent Relationship": "Inner", "Relation Name": "movie_companies", "Alias": "mc", "Startup Cost": 0.0, "Total Cost": 48340.1, "Plan Rows": 2609035, "Plan Width": 32, "Filter": "((note)::text !~~ '%(as Metro-Goldwyn-Mayer Pictures)%'::text), (LLVM Optimized)"}]}]}]}]}, {"Node Type": "Materialize", "Parent Relationship": "Inner", "Startup Cost": 0.0, "Total Cost": 128454.31, "Plan Rows": 1381886, "Plan Width": 25, "Plans": [{"Node Type": "Streaming(type: LOCAL REDISTRIBUTE dop: 64/64)", "Parent Relationship": "Outer", "Startup Cost": 0.0, "Total Cost": 128346.36, "Plan Rows": 1381886, "Plan Width": 25, "Plans": [{"Node Type": "Seq Scan", "Parent Relationship": "Outer", "Relation Name": "title", "Alias": "t", "Startup Cost": 0.0, "Total Cost": 64037.34, "Plan Rows": 1381886, "Plan Width": 25, "Filter": "(production_year > 2000), (LLVM Optimized)"}]}]}]}]}]}]}, "Unique SQL Id": 2492542741, "Planner Runtime": 7}, "explain_analyze_plan": {"Plan": {"Node Type": "Aggregate", "Strategy": "Plain", "Startup Cost": 3049384.65, "Total Cost": 3049384.68, "Plan Rows": 1, "Plan Width": 113, "Actual Min Startup Time": 2333.234, "Actual Max Startup Time": 2333.234, "Actual Min Total Time": 2333.234, "Actual Max Total Time": 2333.234, "Plans": [{"Node Type": "Streaming(type: LOCAL GATHER dop: 1/64)", "Parent Relationship": "Outer", "Startup Cost": 3049384.65, "Total Cost": 3049384.68, "Plan Rows": 1, "Plan Width": 113, "Actual Min Startup Time": 2322.273, "Actual Max Startup Time": 2322.273, "Actual Min Total Time": 2333.188, "Actual Max Total Time": 2333.188, "Plans": [{"Node Type": "Aggregate", "Strategy": "Plain", "Parent Relationship": "Outer", "Startup Cost": 3049384.65, "Total Cost": 3049384.66, "Plan Rows": 1, "Plan Width": 113, "Actual Min Startup Time": 1869.303, "Actual Max Startup Time": 2191.991, "Actual Min Total Time": 1869.304, "Actual Max Total Time": 2191.991, "Plans": [{"Node Type": "Nested Loop", "Parent Relationship": "Outer", "Join Type": "Inner", "Startup Cost": 282722.55, "Total Cost": 3044600.51, "Plan Rows": 637886, "Plan Width": 45, "Actual Min Startup Time": 1869.293, "Actual Max Startup Time": 2191.983, "Actual Min Total Time": 1869.293, "Actual Max Total Time": 2191.983, "Inner Unique": true, "Join Filter": "(mc.movie_id = t.id), (LLVM Optimized, Jit Execute)", "Rows Removed by Join Filter": 82593, "Plans": [{"Node Type": "Streaming(type: LOCAL REDISTRIBUTE dop: 64/1)", "Parent Relationship": "Outer", "Startup Cost": 282722.55, "Total Cost": 379919.8, "Plan Rows": 501180, "Plan Width": 32, "Actual Min Startup Time": 1806.715, "Actual Max Startup Time": 1809.723, "Actual Min Total Time": 1806.715, "Actual Max Total Time": 1809.723, "Plans": [{"Node Type": "Merge Join", "Parent Relationship": "Outer", "Join Type": "Inner", "Startup Cost": 282722.55, "Total Cost": 296556.92, "Plan Rows": 501180, "Plan Width": 32, "Actual Min Startup Time": 1973.086, "Actual Max Startup Time": 1973.086, "Actual Min Total Time": 1988.901, "Actual Max Total Time": 1988.901, "Inner Unique": false, "Merge Cond": "(mi_idx.movie_id = mc.movie_id)", "Plans": [{"Node Type": "Sort", "Parent Relationship": "Outer", "Startup Cost": 69261.47, "Total Cost": 70123.99, "Plan Rows": 345008, "Plan Width": 4, "Actual Min Startup Time": 604.556, "Actual Max Startup Time": 604.556, "Actual Min Total Time": 604.559, "Actual Max Total Time": 604.559, "Sort Key": ["mi_idx.movie_id"], "Sort Method": "quicksort", "Sort Space Min Used": 25, "Sort Space Max Used": 25, "Sort Space Type": "Memory", "Plans": [{"Node Type": "Nested Loop", "Parent Relationship": "Outer", "Join Type": "Inner", "Startup Cost": 0.0, "Total Cost": 37527.17, "Plan Rows": 345008, "Plan Width": 4, "Actual Min Startup Time": 604.512, "Actual Max Startup Time": 604.512, "Actual Min Total Time": 604.525, "Actual Max Total Time": 604.525, "Inner Unique": false, "Join Filter": "(it.id = mi_idx.info_type_id), (LLVM Optimized, Jit Execute)", "Rows Removed by Join Filter": 1380024, "Plans": [{"Node Type": "Seq Scan", "Parent Relationship": "Outer", "Relation Name": "info_type", "Alias": "it", "Startup Cost": 0.0, "Total Cost": 2.4, "Plan Rows": 1, "Plan Width": 4, "Actual Min Startup Time": 0.084, "Actual Max Startup Time": 0.084, "Actual Min Total Time": 0.09, "Actual Max Total Time": 0.09, "Filter": "((info)::text = 'bottom 10 rank'::text)", "Rows Removed by Filter": 111, "Actual Rows": 1}, {"Node Type": "Seq Scan", "Parent Relationship": "Inner", "Relation Name": "movie_info_idx", "Alias": "mi_idx", "Startup Cost": 0.0, "Total Cost": 20274.34, "Plan Rows": 1380034, "Plan Width": 8, "Actual Min Startup Time": 0.039, "Actual Max Startup Time": 0.039, "Actual Min Total Time": 316.604, "Actual Max Total Time": 316.604, "Actual Rows": 1380034}], "Actual Rows": 10}], "Actual Rows": 10}, {"Node Type": "Sort", "Parent Relationship": "Inner", "Startup Cost": 213461.05, "Total Cost": 216722.34, "Plan Rows": 1304518, "Plan Width": 28, "Actual Min Startup Time": 1353.069, "Actual Max Startup Time": 1353.069, "Actual Min Total Time": 1364.906, "Actual Max Total Time": 1364.906, "Sort Key": ["mc.movie_id"], "Sort Method": "quicksort", "Sort Space Min Used": 20170, "Sort Space Max Used": 20170, "Sort Space Type": "Memory", "Plans": [{"Node Type": "Nested Loop", "Parent Relationship": "Outer", "Join Type": "Inner", "Startup Cost": 0.0, "Total Cost": 80954.08, "Plan Rows": 1304518, "Plan Width": 28, "Actual Min Startup Time": 908.968, "Actual Max Startup Time": 908.968, "Actual Min Total Time": 1301.703, "Actual Max Total Time": 1301.703, "Inner Unique": false, "Join Filter": "(ct.id = mc.company_type_id), (LLVM Optimized, Jit Execute)", "Rows Removed by Join Filter": 1196183, "Plans": [{"Node Type": "Seq Scan", "Parent Relationship": "Outer", "Relation Name": "company_type", "Alias": "ct", "Startup Cost": 0.0, "Total Cost": 1.04, "Plan Rows": 1, "Plan Width": 4, "Actual Min Startup Time": 0.025, "Actual Max Startup Time": 0.025, "Actual Min Total Time": 0.029, "Actual Max Total Time": 0.029, "Filter": "((kind)::text = 'production companies'::text)", "Rows Removed by Filter": 2, "Actual Rows": 1}, {"Node Type": "Seq Scan", "Parent Relationship": "Inner", "Relation Name": "movie_companies", "Alias": "mc", "Startup Cost": 0.0, "Total Cost": 48340.1, "Plan Rows": 2609035, "Plan Width": 32, "Actual Min Startup Time": 0.046, "Actual Max Startup Time": 0.046, "Actual Min Total Time": 1004.164, "Actual Max Total Time": 1004.164, "Filter": "((note)::text !~~ '%(as Metro-Goldwyn-Mayer Pictures)%'::text), (LLVM Optimized, Jit Execute)", "Rows Removed by Filter": 1272041, "Actual Rows": 1337087}], "Actual Rows": 140904}], "Actual Rows": 132371}], "Actual Rows": 5}], "Actual Rows": 5}, {"Node Type": "Materialize", "Parent Relationship": "Inner", "Startup Cost": 0.0, "Total Cost": 128454.31, "Plan Rows": 1381886, "Plan Width": 25, "Actual Min Startup Time": 58.477, "Actual Max Startup Time": 381.251, "Actual Min Total Time": 58.477, "Actual Max Total Time": 381.251, "Plans": [{"Node Type": "Streaming(type: LOCAL REDISTRIBUTE dop: 64/64)", "Parent Relationship": "Outer", "Startup Cost": 0.0, "Total Cost": 128346.36, "Plan Rows": 1381886, "Plan Width": 25, "Actual Min Startup Time": 0.149, "Actual Max Startup Time": 276.883, "Actual Min Total Time": 53.108, "Actual Max Total Time": 377.187, "Plans": [{"Node Type": "Seq Scan", "Parent Relationship": "Outer", "Relation Name": "title", "Alias": "t", "Startup Cost": 0.0, "Total Cost": 64037.34, "Plan Rows": 1381886, "Plan Width": 25, "Actual Min Startup Time": 0.027, "Actual Max Startup Time": 0.066, "Actual Min Total Time": 15.376, "Actual Max Total Time": 19.665, "Filter": "(production_year > 2000), (LLVM Optimized, Jit Execute)", "Rows Removed by Filter": 1146858, "Actual Rows": 1381453}], "Actual Rows": 1381453}], "Actual Rows": 82661}], "Actual Rows": 4}], "Actual Rows": 64}], "Actual Rows": 64}], "Actual Rows": 1}, "Triggers": [], "Planner Runtime": 7, "Total Runtime": 2378.1, "Unique SQL Id": 2492542741}}, "(64, 31)": {"explain_plan": {"Plan": {"Node Type": "Aggregate", "Strategy": "Plain", "Startup Cost": 4997226399715.34, "Total Cost": 4997226399715.35, "Plan Rows": 1, "Plan Width": 113, "Plans": [{"Node Type": "Nested Loop", "Parent Relationship": "Outer", "Join Type": "Inner", "Startup Cost": 50027231635.11, "Total Cost": 4997226394836.15, "Plan Rows": 650559, "Plan Width": 45, "Inner Unique": false, "Join Filter": "(mi_idx.info_type_id = it.id), (LLVM Optimized)", "Plans": [{"Node Type": "Index Scan", "Parent Relationship": "Outer", "Scan Direction": "Forward", "Index Name": "info_type_pkey", "Relation Name": "info_type", "Alias": "it", "Startup Cost": 10000000000.0, "Total Cost": 1000000001421.0, "Plan Rows": 1, "Plan Width": 4, "Filter": "((info)::text = 'bottom 10 rank'::text)"}, {"Node Type": "Nested Loop", "Parent Relationship": "Inner", "Join Type": "Inner", "Startup Cost": 40027231635.11, "Total Cost": 3997226360887.19, "Plan Rows": 2602236, "Plan Width": 49, "Inner Unique": false, "Join Filter": "(mc.company_type_id = ct.id), (LLVM Optimized)", "Plans": [{"Node Type": "Index Scan", "Parent Relationship": "Outer", "Scan Direction": "Forward", "Index Name": "company_type_pkey", "Relation Name": "company_type", "Alias": "ct", "Startup Cost": 10000000000.0, "Total Cost": 1000000001230.25, "Plan Rows": 1, "Plan Width": 4, "Filter": "((kind)::text = 'production companies'::text)"}, {"Node Type": "Merge Join", "Parent Relationship": "Inner", "Join Type": "Inner", "Startup Cost": 30027231635.11, "Total Cost": 2997226306897.65, "Plan Rows": 4220744, "Plan Width": 53, "Inner Unique": false, "Merge Cond": "(mi_idx.movie_id = t.id)", "Plans": [{"Node Type": "Index Scan", "Parent Relationship": "Outer", "Scan Direction": "Forward", "Index Name": "movie_id_movie_info_idx", "Relation Name": "movie_info_idx", "Alias": "mi_idx", "Startup Cost": 10000000000.0, "Total Cost": 1000004650035.37, "Plan Rows": 1380034, "Plan Width": 8}, {"Node Type": "Materialize", "Parent Relationship": "Inner", "Startup Cost": 20021492619.09, "Total Cost": 1999076868999.12, "Plan Rows": 3320699, "Plan Width": 57, "Plans": [{"Node Type": "Merge Join", "Parent Relationship": "Outer", "Join Type": "Inner", "Startup Cost": 20021492619.09, "Total Cost": 1999076860697.37, "Plan Rows": 3320699, "Plan Width": 57, "Inner Unique": false, "Merge Cond": "(t.id = mc.movie_id)", "Plans": [{"Node Type": "Index Scan", "Parent Relationship": "Outer", "Scan Direction": "Forward", "Index Name": "title_pkey", "Relation Name": "title", "Alias": "t", "Startup Cost": 10000000000.0, "Total Cost": 1000011644126.66, "Plan Rows": 1381886, "Plan Width": 25, "Filter": "(production_year > 2000), (LLVM Optimized)"}, {"Node Type": "Materialize", "Parent Relationship": "Inner", "Startup Cost": 10000000000.0, "Total Cost": 1000013710750.72, "Plan Rows": 2609035, "Plan Width": 32, "Plans": [{"Node Type": "Index Scan", "Parent Relationship": "Outer", "Scan Direction": "Forward", "Index Name": "movie_id_movie_companies", "Relation Name": "movie_companies", "Alias": "mc", "Startup Cost": 10000000000.0, "Total Cost": 1000013704228.13, "Plan Rows": 2609035, "Plan Width": 32, "Filter": "((note)::text !~~ '%(as Metro-Goldwyn-Mayer Pictures)%'::text), (LLVM Optimized)"}]}]}]}]}]}]}]}, "Unique SQL Id": 2492542741, "Planner Runtime": 10}, "explain_analyze_plan": null}, "(64, 32)": {"explain_plan": {"Plan": {"Node Type": "Aggregate", "Strategy": "Plain", "Startup Cost": 225283.56, "Total Cost": 225283.57, "Plan Rows": 1, "Plan Width": 113, "Plans": [{"Node Type": "Hash Join", "Parent Relationship": "Outer", "Join Type": "Inner", "Startup Cost": 142931.41, "Total Cost": 220404.37, "Plan Rows": 650559, "Plan Width": 45, "Inner Unique": true, "Hash Cond": "(mc.company_type_id = ct.id), (LLVM Optimized)", "Plans": [{"Node Type": "Hash Join", "Parent Relationship": "Outer", "Join Type": "Inner", "Startup Cost": 142930.36, "Total Cost": 211816.0, "Plan Rows": 1055184, "Plan Width": 49, "Inner Unique": false, "Hash Cond": "(mc.movie_id = t.id), (LLVM Optimized)", "Plans": [{"Node Type": "Seq Scan", "Parent Relationship": "Outer", "Relation Name": "movie_companies", "Alias": "mc", "Startup Cost": 0.0, "Total Cost": 48340.1, "Plan Rows": 2609035, "Plan Width": 32, "Filter": "((note)::text !~~ '%(as Metro-Goldwyn-Mayer Pictures)%'::text), (LLVM Optimized)"}, {"Node Type": "Hash", "Parent Relationship": "Inner", "Startup Cost": 137332.38, "Total Cost": 137332.38, "Plan Rows": 447839, "Plan Width": 29, "Plans": [{"Node Type": "Hash Join", "Parent Relationship": "Outer", "Join Type": "Inner", "Startup Cost": 117321.13, "Total Cost": 137332.38, "Plan Rows": 447839, "Plan Width": 29, "Inner Unique": true, "Hash Cond": "(mi_idx.movie_id = t.id), (LLVM Optimized)", "Plans": [{"Node Type": "Nested Loop", "Parent Relationship": "Outer", "Join Type": "Inner", "Startup Cost": 7502.06, "Total Cost": 21741.14, "Plan Rows": 345008, "Plan Width": 4, "Inner Unique": false, "Plans": [{"Node Type": "Seq Scan", "Parent Relationship": "Outer", "Relation Name": "info_type", "Alias": "it", "Startup Cost": 0.0, "Total Cost": 2.4, "Plan Rows": 1, "Plan Width": 4, "Filter": "((info)::text = 'bottom 10 rank'::text)"}, {"Node Type": "Bitmap Heap Scan", "Parent Relationship": "Inner", "Relation Name": "movie_info_idx", "Alias": "mi_idx", "Startup Cost": 7502.06, "Total Cost": 18288.66, "Plan Rows": 345008, "Plan Width": 8, "Recheck Cond": "(info_type_id = it.id), (LLVM Optimized)", "Plans": [{"Node Type": "Bitmap Index Scan", "Parent Relationship": "Outer", "Index Name": "info_type_id_movie_info_idx", "Startup Cost": 0.0, "Total Cost": 7415.81, "Plan Rows": 345008, "Plan Width": 0, "Index Cond": "(info_type_id = it.id)"}]}]}, {"Node Type": "Hash", "Parent Relationship": "Inner", "Startup Cost": 92545.49, "Total Cost": 92545.49, "Plan Rows": 1381886, "Plan Width": 25, "Plans": [{"Node Type": "Streaming(type: LOCAL GATHER dop: 1/64)", "Parent Relationship": "Outer", "Startup Cost": 0.0, "Total Cost": 92545.49, "Plan Rows": 1381886, "Plan Width": 25, "Plans": [{"Node Type": "Seq Scan", "Parent Relationship": "Outer", "Relation Name": "title", "Alias": "t", "Startup Cost": 0.0, "Total Cost": 64037.34, "Plan Rows": 1381886, "Plan Width": 25, "Filter": "(production_year > 2000), (LLVM Optimized)"}]}]}]}]}]}, {"Node Type": "Hash", "Parent Relationship": "Inner", "Startup Cost": 1.04, "Total Cost": 1.04, "Plan Rows": 1, "Plan Width": 4, "Plans": [{"Node Type": "Seq Scan", "Parent Relationship": "Outer", "Relation Name": "company_type", "Alias": "ct", "Startup Cost": 0.0, "Total Cost": 1.04, "Plan Rows": 1, "Plan Width": 4, "Filter": "((kind)::text = 'production companies'::text)"}]}]}]}, "Unique SQL Id": 2492542741, "Planner Runtime": 8}, "explain_analyze_plan": {"Plan": {"Node Type": "Aggregate", "Strategy": "Plain", "Startup Cost": 225283.56, "Total Cost": 225283.57, "Plan Rows": 1, "Plan Width": 113, "Actual Min Startup Time": 2525.543, "Actual Max Startup Time": 2525.543, "Actual Min Total Time": 2525.544, "Actual Max Total Time": 2525.544, "Plans": [{"Node Type": "Hash Join", "Parent Relationship": "Outer", "Join Type": "Inner", "Startup Cost": 142931.41, "Total Cost": 220404.37, "Plan Rows": 650559, "Plan Width": 45, "Actual Min Startup Time": 2350.375, "Actual Max Startup Time": 2350.375, "Actual Min Total Time": 2525.501, "Actual Max Total Time": 2525.501, "Inner Unique": true, "Hash Cond": "(mc.company_type_id = ct.id), (LLVM Optimized, Jit Execute)", "Plans": [{"Node Type": "Hash Join", "Parent Relationship": "Outer", "Join Type": "Inner", "Startup Cost": 142930.36, "Total Cost": 211816.0, "Plan Rows": 1055184, "Plan Width": 49, "Actual Min Startup Time": 1662.914, "Actual Max Startup Time": 1662.914, "Actual Min Total Time": 2525.185, "Actual Max Total Time": 2525.185, "Inner Unique": false, "Hash Cond": "(mc.movie_id = t.id), (LLVM Optimized, Jit Execute)", "Plans": [{"Node Type": "Seq Scan", "Parent Relationship": "Outer", "Relation Name": "movie_companies", "Alias": "mc", "Startup Cost": 0.0, "Total Cost": 48340.1, "Plan Rows": 2609035, "Plan Width": 32, "Actual Min Startup Time": 0.04, "Actual Max Startup Time": 0.04, "Actual Min Total Time": 907.177, "Actual Max Total Time": 907.177, "Filter": "((note)::text !~~ '%(as Metro-Goldwyn-Mayer Pictures)%'::text), (LLVM Optimized, Jit Execute)", "Rows Removed by Filter": 1272041, "Actual Rows": 1337087}, {"Node Type": "Hash", "Parent Relationship": "Inner", "Startup Cost": 137332.38, "Total Cost": 137332.38, "Plan Rows": 447839, "Plan Width": 29, "Actual Min Startup Time": 1356.656, "Actual Max Startup Time": 1356.656, "Actual Min Total Time": 1356.656, "Actual Max Total Time": 1356.656, "Max Hash Buckets": 524288, "Min Hash Buckets": 524288, "Max Hash Batches": 1, "Min Hash Batches": 1, "Max Original Hash Batches": 1, "Min Original Hash Batches": 1, "Max Peak Memory Usage": 1, "min Peak Memory Usage": 1, "Plans": [{"Node Type": "Hash Join", "Parent Relationship": "Outer", "Join Type": "Inner", "Startup Cost": 117321.13, "Total Cost": 137332.38, "Plan Rows": 447839, "Plan Width": 29, "Actual Min Startup Time": 1356.618, "Actual Max Startup Time": 1356.618, "Actual Min Total Time": 1356.632, "Actual Max Total Time": 1356.632, "Inner Unique": true, "Hash Cond": "(mi_idx.movie_id = t.id), (LLVM Optimized, Jit Execute)", "Plans": [{"Node Type": "Nested Loop", "Parent Relationship": "Outer", "Join Type": "Inner", "Startup Cost": 7502.06, "Total Cost": 21741.14, "Plan Rows": 345008, "Plan Width": 4, "Actual Min Startup Time": 0.134, "Actual Max Startup Time": 0.134, "Actual Min Total Time": 0.141, "Actual Max Total Time": 0.141, "Inner Unique": false, "Plans": [{"Node Type": "Seq Scan", "Parent Relationship": "Outer", "Relation Name": "info_type", "Alias": "it", "Startup Cost": 0.0, "Total Cost": 2.4, "Plan Rows": 1, "Plan Width": 4, "Actual Min Startup Time": 0.078, "Actual Max Startup Time": 0.078, "Actual Min Total Time": 0.082, "Actual Max Total Time": 0.082, "Filter": "((info)::text = 'bottom 10 rank'::text)", "Rows Removed by Filter": 111, "Actual Rows": 1}, {"Node Type": "Bitmap Heap Scan", "Parent Relationship": "Inner", "Relation Name": "movie_info_idx", "Alias": "mi_idx", "Startup Cost": 7502.06, "Total Cost": 18288.66, "Plan Rows": 345008, "Plan Width": 8, "Actual Min Startup Time": 0.04, "Actual Max Startup Time": 0.04, "Actual Min Total Time": 0.04, "Actual Max Total Time": 0.04, "Recheck Cond": "(info_type_id = it.id), (LLVM Optimized, Jit Execute)", "Rows Removed by Index Recheck": 0, "Exact Heap Blocks": 1, "Lossy Heap Blocks": 1, "Plans": [{"Node Type": "Bitmap Index Scan", "Parent Relationship": "Outer", "Index Name": "info_type_id_movie_info_idx", "Startup Cost": 0.0, "Total Cost": 7415.81, "Plan Rows": 345008, "Plan Width": 0, "Actual Min Startup Time": 0.024, "Actual Max Startup Time": 0.024, "Actual Min Total Time": 0.024, "Actual Max Total Time": 0.024, "Index Cond": "(info_type_id = it.id)", "Actual Rows": 10}], "Actual Rows": 10}], "Actual Rows": 10}, {"Node Type": "Hash", "Parent Relationship": "Inner", "Startup Cost": 92545.49, "Total Cost": 92545.49, "Plan Rows": 1381886, "Plan Width": 25, "Actual Min Startup Time": 1354.005, "Actual Max Startup Time": 1354.005, "Actual Min Total Time": 1354.005, "Actual Max Total Time": 1354.005, "Max Hash Buckets": 2097152, "Min Hash Buckets": 2097152, "Max Hash Batches": 1, "Min Hash Batches": 1, "Max Original Hash Batches": 1, "Min Original Hash Batches": 1, "Max Peak Memory Usage": 79393, "min Peak Memory Usage": 79393, "Plans": [{"Node Type": "Streaming(type: LOCAL GATHER dop: 1/64)", "Parent Relationship": "Outer", "Startup Cost": 0.0, "Total Cost": 92545.49, "Plan Rows": 1381886, "Plan Width": 25, "Actual Min Startup Time": 52.425, "Actual Max Startup Time": 52.425, "Actual Min Total Time": 720.093, "Actual Max Total Time": 720.093, "Plans": [{"Node Type": "Seq Scan", "Parent Relationship": "Outer", "Relation Name": "title", "Alias": "t", "Startup Cost": 0.0, "Total Cost": 64037.34, "Plan Rows": 1381886, "Plan Width": 25, "Actual Min Startup Time": 0.025, "Actual Max Startup Time": 0.049, "Actual Min Total Time": 14.614, "Actual Max Total Time": 18.729, "Filter": "(production_year > 2000), (LLVM Optimized, Jit Execute)", "Rows Removed by Filter": 1146858, "Actual Rows": 1381453}], "Actual Rows": 1381453}], "Actual Rows": 1381453}], "Actual Rows": 6}], "Actual Rows": 6}], "Actual Rows": 78}, {"Node Type": "Hash", "Parent Relationship": "Inner", "Startup Cost": 1.04, "Total Cost": 1.04, "Plan Rows": 1, "Plan Width": 4, "Actual Min Startup Time": 0.069, "Actual Max Startup Time": 0.069, "Actual Min Total Time": 0.069, "Actual Max Total Time": 0.069, "Max Hash Buckets": 32768, "Min Hash Buckets": 32768, "Max Hash Batches": 1, "Min Hash Batches": 1, "Max Original Hash Batches": 1, "Min Original Hash Batches": 1, "Max Peak Memory Usage": 1, "min Peak Memory Usage": 1, "Plans": [{"Node Type": "Seq Scan", "Parent Relationship": "Outer", "Relation Name": "company_type", "Alias": "ct", "Startup Cost": 0.0, "Total Cost": 1.04, "Plan Rows": 1, "Plan Width": 4, "Actual Min Startup Time": 0.042, "Actual Max Startup Time": 0.042, "Actual Min Total Time": 0.046, "Actual Max Total Time": 0.046, "Filter": "((kind)::text = 'production companies'::text)", "Rows Removed by Filter": 2, "Actual Rows": 1}], "Actual Rows": 1}], "Actual Rows": 4}], "Actual Rows": 1}, "Triggers": [], "Planner Runtime": 7, "Total Runtime": 2549.791, "Unique SQL Id": 2492542741}}, "(64, 33)": {"explain_plan": {"Plan": {"Node Type": "Aggregate", "Strategy": "Plain", "Startup Cost": 251533.23, "Total Cost": 251533.24, "Plan Rows": 1, "Plan Width": 113, "Plans": [{"Node Type": "Hash Join", "Parent Relationship": "Outer", "Join Type": "Inner", "Startup Cost": 166837.95, "Total Cost": 246654.04, "Plan Rows": 650559, "Plan Width": 45, "Inner Unique": false, "Hash Cond": "(mc.movie_id = t.id), (LLVM Optimized)", "Plans": [{"Node Type": "Nested Loop", "Parent Relationship": "Outer", "Join Type": "Inner", "Startup Cost": 0.0, "Total Cost": 69436.41, "Plan Rows": 1304518, "Plan Width": 28, "Inner Unique": false, "Plans": [{"Node Type": "Index Scan", "Parent Relationship": "Outer", "Scan Direction": "Forward", "Index Name": "company_type_pkey", "Relation Name": "company_type", "Alias": "ct", "Startup Cost": 0.0, "Total Cost": 12.3, "Plan Rows": 1, "Plan Width": 4, "Filter": "((kind)::text = 'production companies'::text)"}, {"Node Type": "Index Scan", "Parent Relationship": "Inner", "Scan Direction": "Forward", "Index Name": "company_type_id_movie_companies", "Relation Name": "movie_companies", "Alias": "mc", "Startup Cost": 0.0, "Total Cost": 56378.94, "Plan Rows": 1304517, "Plan Width": 32, "Index Cond": "(company_type_id = ct.id), (LLVM Optimized)", "Filter": "((note)::text !~~ '%(as Metro-Goldwyn-Mayer Pictures)%'::text), (LLVM Optimized)"}]}, {"Node Type": "Hash", "Parent Relationship": "Inner", "Startup Cost": 161239.96, "Total Cost": 161239.96, "Plan Rows": 447839, "Plan Width": 29, "Plans": [{"Node Type": "Hash Join", "Parent Relationship": "Outer", "Join Type": "Inner", "Startup Cost": 141216.9, "Total Cost": 161239.96, "Plan Rows": 447839, "Plan Width": 29, "Inner Unique": true, "Hash Cond": "(mi_idx.movie_id = t.id), (LLVM Optimized)", "Plans": [{"Node Type": "Nested Loop", "Parent Relationship": "Outer", "Join Type": "Inner", "Startup Cost": 7502.06, "Total Cost": 21752.95, "Plan Rows": 345008, "Plan Width": 4, "Inner Unique": false, "Plans": [{"Node Type": "Index Scan", "Parent Relationship": "Outer", "Scan Direction": "Forward", "Index Name": "info_type_pkey", "Relation Name": "info_type", "Alias": "it", "Startup Cost": 0.0, "Total Cost": 14.21, "Plan Rows": 1, "Plan Width": 4, "Filter": "((info)::text = 'bottom 10 rank'::text)"}, {"Node Type": "Bitmap Heap Scan", "Parent Relationship": "Inner", "Relation Name": "movie_info_idx", "Alias": "mi_idx", "Startup Cost": 7502.06, "Total Cost": 18288.66, "Plan Rows": 345008, "Plan Width": 8, "Recheck Cond": "(info_type_id = it.id), (LLVM Optimized)", "Plans": [{"Node Type": "Bitmap Index Scan", "Parent Relationship": "Outer", "Index Name": "info_type_id_movie_info_idx", "Startup Cost": 0.0, "Total Cost": 7415.81, "Plan Rows": 345008, "Plan Width": 0, "Index Cond": "(info_type_id = it.id)"}]}]}, {"Node Type": "Hash", "Parent Relationship": "Inner", "Startup Cost": 116441.27, "Total Cost": 116441.27, "Plan Rows": 1381886, "Plan Width": 25, "Plans": [{"Node Type": "Index Scan", "Parent Relationship": "Outer", "Scan Direction": "Forward", "Index Name": "title_pkey", "Relation Name": "title", "Alias": "t", "Startup Cost": 0.0, "Total Cost": 116441.27, "Plan Rows": 1381886, "Plan Width": 25, "Filter": "(production_year > 2000), (LLVM Optimized)"}]}]}]}]}]}, "Unique SQL Id": 2492542741, "Planner Runtime": 6}, "explain_analyze_plan": null}, "(64, 34)": {"explain_plan": {"Plan": {"Node Type": "Aggregate", "Strategy": "Plain", "Startup Cost": 225283.56, "Total Cost": 225283.57, "Plan Rows": 1, "Plan Width": 113, "Plans": [{"Node Type": "Hash Join", "Parent Relationship": "Outer", "Join Type": "Inner", "Startup Cost": 142931.41, "Total Cost": 220404.37, "Plan Rows": 650559, "Plan Width": 45, "Inner Unique": true, "Hash Cond": "(mc.company_type_id = ct.id), (LLVM Optimized)", "Plans": [{"Node Type": "Hash Join", "Parent Relationship": "Outer", "Join Type": "Inner", "Startup Cost": 142930.36, "Total Cost": 211816.0, "Plan Rows": 1055184, "Plan Width": 49, "Inner Unique": false, "Hash Cond": "(mc.movie_id = t.id), (LLVM Optimized)", "Plans": [{"Node Type": "Seq Scan", "Parent Relationship": "Outer", "Relation Name": "movie_companies", "Alias": "mc", "Startup Cost": 0.0, "Total Cost": 48340.1, "Plan Rows": 2609035, "Plan Width": 32, "Filter": "((note)::text !~~ '%(as Metro-Goldwyn-Mayer Pictures)%'::text), (LLVM Optimized)"}, {"Node Type": "Hash", "Parent Relationship": "Inner", "Startup Cost": 137332.38, "Total Cost": 137332.38, "Plan Rows": 447839, "Plan Width": 29, "Plans": [{"Node Type": "Hash Join", "Parent Relationship": "Outer", "Join Type": "Inner", "Startup Cost": 117321.13, "Total Cost": 137332.38, "Plan Rows": 447839, "Plan Width": 29, "Inner Unique": true, "Hash Cond": "(mi_idx.movie_id = t.id), (LLVM Optimized)", "Plans": [{"Node Type": "Nested Loop", "Parent Relationship": "Outer", "Join Type": "Inner", "Startup Cost": 7502.06, "Total Cost": 21741.14, "Plan Rows": 345008, "Plan Width": 4, "Inner Unique": false, "Plans": [{"Node Type": "Seq Scan", "Parent Relationship": "Outer", "Relation Name": "info_type", "Alias": "it", "Startup Cost": 0.0, "Total Cost": 2.4, "Plan Rows": 1, "Plan Width": 4, "Filter": "((info)::text = 'bottom 10 rank'::text)"}, {"Node Type": "Bitmap Heap Scan", "Parent Relationship": "Inner", "Relation Name": "movie_info_idx", "Alias": "mi_idx", "Startup Cost": 7502.06, "Total Cost": 18288.66, "Plan Rows": 345008, "Plan Width": 8, "Recheck Cond": "(info_type_id = it.id), (LLVM Optimized)", "Plans": [{"Node Type": "Bitmap Index Scan", "Parent Relationship": "Outer", "Index Name": "info_type_id_movie_info_idx", "Startup Cost": 0.0, "Total Cost": 7415.81, "Plan Rows": 345008, "Plan Width": 0, "Index Cond": "(info_type_id = it.id)"}]}]}, {"Node Type": "Hash", "Parent Relationship": "Inner", "Startup Cost": 92545.49, "Total Cost": 92545.49, "Plan Rows": 1381886, "Plan Width": 25, "Plans": [{"Node Type": "Streaming(type: LOCAL GATHER dop: 1/64)", "Parent Relationship": "Outer", "Startup Cost": 0.0, "Total Cost": 92545.49, "Plan Rows": 1381886, "Plan Width": 25, "Plans": [{"Node Type": "Seq Scan", "Parent Relationship": "Outer", "Relation Name": "title", "Alias": "t", "Startup Cost": 0.0, "Total Cost": 64037.34, "Plan Rows": 1381886, "Plan Width": 25, "Filter": "(production_year > 2000), (LLVM Optimized)"}]}]}]}]}]}, {"Node Type": "Hash", "Parent Relationship": "Inner", "Startup Cost": 1.04, "Total Cost": 1.04, "Plan Rows": 1, "Plan Width": 4, "Plans": [{"Node Type": "Seq Scan", "Parent Relationship": "Outer", "Relation Name": "company_type", "Alias": "ct", "Startup Cost": 0.0, "Total Cost": 1.04, "Plan Rows": 1, "Plan Width": 4, "Filter": "((kind)::text = 'production companies'::text)"}]}]}]}, "Unique SQL Id": 2492542741, "Planner Runtime": 8}, "explain_analyze_plan": {"Plan": {"Node Type": "Aggregate", "Strategy": "Plain", "Startup Cost": 225283.56, "Total Cost": 225283.57, "Plan Rows": 1, "Plan Width": 113, "Actual Min Startup Time": 2525.543, "Actual Max Startup Time": 2525.543, "Actual Min Total Time": 2525.544, "Actual Max Total Time": 2525.544, "Plans": [{"Node Type": "Hash Join", "Parent Relationship": "Outer", "Join Type": "Inner", "Startup Cost": 142931.41, "Total Cost": 220404.37, "Plan Rows": 650559, "Plan Width": 45, "Actual Min Startup Time": 2350.375, "Actual Max Startup Time": 2350.375, "Actual Min Total Time": 2525.501, "Actual Max Total Time": 2525.501, "Inner Unique": true, "Hash Cond": "(mc.company_type_id = ct.id), (LLVM Optimized, Jit Execute)", "Plans": [{"Node Type": "Hash Join", "Parent Relationship": "Outer", "Join Type": "Inner", "Startup Cost": 142930.36, "Total Cost": 211816.0, "Plan Rows": 1055184, "Plan Width": 49, "Actual Min Startup Time": 1662.914, "Actual Max Startup Time": 1662.914, "Actual Min Total Time": 2525.185, "Actual Max Total Time": 2525.185, "Inner Unique": false, "Hash Cond": "(mc.movie_id = t.id), (LLVM Optimized, Jit Execute)", "Plans": [{"Node Type": "Seq Scan", "Parent Relationship": "Outer", "Relation Name": "movie_companies", "Alias": "mc", "Startup Cost": 0.0, "Total Cost": 48340.1, "Plan Rows": 2609035, "Plan Width": 32, "Actual Min Startup Time": 0.04, "Actual Max Startup Time": 0.04, "Actual Min Total Time": 907.177, "Actual Max Total Time": 907.177, "Filter": "((note)::text !~~ '%(as Metro-Goldwyn-Mayer Pictures)%'::text), (LLVM Optimized, Jit Execute)", "Rows Removed by Filter": 1272041, "Actual Rows": 1337087}, {"Node Type": "Hash", "Parent Relationship": "Inner", "Startup Cost": 137332.38, "Total Cost": 137332.38, "Plan Rows": 447839, "Plan Width": 29, "Actual Min Startup Time": 1356.656, "Actual Max Startup Time": 1356.656, "Actual Min Total Time": 1356.656, "Actual Max Total Time": 1356.656, "Max Hash Buckets": 524288, "Min Hash Buckets": 524288, "Max Hash Batches": 1, "Min Hash Batches": 1, "Max Original Hash Batches": 1, "Min Original Hash Batches": 1, "Max Peak Memory Usage": 1, "min Peak Memory Usage": 1, "Plans": [{"Node Type": "Hash Join", "Parent Relationship": "Outer", "Join Type": "Inner", "Startup Cost": 117321.13, "Total Cost": 137332.38, "Plan Rows": 447839, "Plan Width": 29, "Actual Min Startup Time": 1356.618, "Actual Max Startup Time": 1356.618, "Actual Min Total Time": 1356.632, "Actual Max Total Time": 1356.632, "Inner Unique": true, "Hash Cond": "(mi_idx.movie_id = t.id), (LLVM Optimized, Jit Execute)", "Plans": [{"Node Type": "Nested Loop", "Parent Relationship": "Outer", "Join Type": "Inner", "Startup Cost": 7502.06, "Total Cost": 21741.14, "Plan Rows": 345008, "Plan Width": 4, "Actual Min Startup Time": 0.134, "Actual Max Startup Time": 0.134, "Actual Min Total Time": 0.141, "Actual Max Total Time": 0.141, "Inner Unique": false, "Plans": [{"Node Type": "Seq Scan", "Parent Relationship": "Outer", "Relation Name": "info_type", "Alias": "it", "Startup Cost": 0.0, "Total Cost": 2.4, "Plan Rows": 1, "Plan Width": 4, "Actual Min Startup Time": 0.078, "Actual Max Startup Time": 0.078, "Actual Min Total Time": 0.082, "Actual Max Total Time": 0.082, "Filter": "((info)::text = 'bottom 10 rank'::text)", "Rows Removed by Filter": 111, "Actual Rows": 1}, {"Node Type": "Bitmap Heap Scan", "Parent Relationship": "Inner", "Relation Name": "movie_info_idx", "Alias": "mi_idx", "Startup Cost": 7502.06, "Total Cost": 18288.66, "Plan Rows": 345008, "Plan Width": 8, "Actual Min Startup Time": 0.04, "Actual Max Startup Time": 0.04, "Actual Min Total Time": 0.04, "Actual Max Total Time": 0.04, "Recheck Cond": "(info_type_id = it.id), (LLVM Optimized, Jit Execute)", "Rows Removed by Index Recheck": 0, "Exact Heap Blocks": 1, "Lossy Heap Blocks": 1, "Plans": [{"Node Type": "Bitmap Index Scan", "Parent Relationship": "Outer", "Index Name": "info_type_id_movie_info_idx", "Startup Cost": 0.0, "Total Cost": 7415.81, "Plan Rows": 345008, "Plan Width": 0, "Actual Min Startup Time": 0.024, "Actual Max Startup Time": 0.024, "Actual Min Total Time": 0.024, "Actual Max Total Time": 0.024, "Index Cond": "(info_type_id = it.id)", "Actual Rows": 10}], "Actual Rows": 10}], "Actual Rows": 10}, {"Node Type": "Hash", "Parent Relationship": "Inner", "Startup Cost": 92545.49, "Total Cost": 92545.49, "Plan Rows": 1381886, "Plan Width": 25, "Actual Min Startup Time": 1354.005, "Actual Max Startup Time": 1354.005, "Actual Min Total Time": 1354.005, "Actual Max Total Time": 1354.005, "Max Hash Buckets": 2097152, "Min Hash Buckets": 2097152, "Max Hash Batches": 1, "Min Hash Batches": 1, "Max Original Hash Batches": 1, "Min Original Hash Batches": 1, "Max Peak Memory Usage": 79393, "min Peak Memory Usage": 79393, "Plans": [{"Node Type": "Streaming(type: LOCAL GATHER dop: 1/64)", "Parent Relationship": "Outer", "Startup Cost": 0.0, "Total Cost": 92545.49, "Plan Rows": 1381886, "Plan Width": 25, "Actual Min Startup Time": 52.425, "Actual Max Startup Time": 52.425, "Actual Min Total Time": 720.093, "Actual Max Total Time": 720.093, "Plans": [{"Node Type": "Seq Scan", "Parent Relationship": "Outer", "Relation Name": "title", "Alias": "t", "Startup Cost": 0.0, "Total Cost": 64037.34, "Plan Rows": 1381886, "Plan Width": 25, "Actual Min Startup Time": 0.025, "Actual Max Startup Time": 0.049, "Actual Min Total Time": 14.614, "Actual Max Total Time": 18.729, "Filter": "(production_year > 2000), (LLVM Optimized, Jit Execute)", "Rows Removed by Filter": 1146858, "Actual Rows": 1381453}], "Actual Rows": 1381453}], "Actual Rows": 1381453}], "Actual Rows": 6}], "Actual Rows": 6}], "Actual Rows": 78}, {"Node Type": "Hash", "Parent Relationship": "Inner", "Startup Cost": 1.04, "Total Cost": 1.04, "Plan Rows": 1, "Plan Width": 4, "Actual Min Startup Time": 0.069, "Actual Max Startup Time": 0.069, "Actual Min Total Time": 0.069, "Actual Max Total Time": 0.069, "Max Hash Buckets": 32768, "Min Hash Buckets": 32768, "Max Hash Batches": 1, "Min Hash Batches": 1, "Max Original Hash Batches": 1, "Min Original Hash Batches": 1, "Max Peak Memory Usage": 1, "min Peak Memory Usage": 1, "Plans": [{"Node Type": "Seq Scan", "Parent Relationship": "Outer", "Relation Name": "company_type", "Alias": "ct", "Startup Cost": 0.0, "Total Cost": 1.04, "Plan Rows": 1, "Plan Width": 4, "Actual Min Startup Time": 0.042, "Actual Max Startup Time": 0.042, "Actual Min Total Time": 0.046, "Actual Max Total Time": 0.046, "Filter": "((kind)::text = 'production companies'::text)", "Rows Removed by Filter": 2, "Actual Rows": 1}], "Actual Rows": 1}], "Actual Rows": 4}], "Actual Rows": 1}, "Triggers": [], "Planner Runtime": 7, "Total Runtime": 2549.791, "Unique SQL Id": 2492542741}}, "(64, 35)": {"explain_plan": {"Plan": {"Node Type": "Aggregate", "Strategy": "Plain", "Startup Cost": 259667.26, "Total Cost": 259667.27, "Plan Rows": 1, "Plan Width": 113, "Plans": [{"Node Type": "Hash Join", "Parent Relationship": "Outer", "Join Type": "Inner", "Startup Cost": 196064.72, "Total Cost": 254788.06, "Plan Rows": 650559, "Plan Width": 45, "Inner Unique": false, "Hash Cond": "(mc.movie_id = t.id), (LLVM Optimized)", "Plans": [{"Node Type": "Nested Loop", "Parent Relationship": "Outer", "Join Type": "Inner", "Startup Cost": 29278.87, "Total Cost": 77622.54, "Plan Rows": 1304518, "Plan Width": 28, "Inner Unique": false, "Plans": [{"Node Type": "Bitmap Heap Scan", "Parent Relationship": "Outer", "Relation Name": "company_type", "Alias": "ct", "Startup Cost": 8.27, "Total Cost": 12.3, "Plan Rows": 1, "Plan Width": 4, "Filter": "((kind)::text = 'production companies'::text)", "Plans": [{"Node Type": "Bitmap Index Scan", "Parent Relationship": "Outer", "Index Name": "company_type_pkey", "Startup Cost": 0.0, "Total Cost": 8.27, "Plan Rows": 3, "Plan Width": 0}]}, {"Node Type": "Bitmap Heap Scan", "Parent Relationship": "Inner", "Relation Name": "movie_companies", "Alias": "mc", "Startup Cost": 29270.61, "Total Cost": 64565.07, "Plan Rows": 1304517, "Plan Width": 32, "Recheck Cond": "(company_type_id = ct.id), (LLVM Optimized)", "Filter": "((note)::text !~~ '%(as Metro-Goldwyn-Mayer Pictures)%'::text), (LLVM Optimized)", "Plans": [{"Node Type": "Bitmap Index Scan", "Parent Relationship": "Outer", "Index Name": "company_type_id_movie_companies", "Startup Cost": 0.0, "Total Cost": 28944.48, "Plan Rows": 1304564, "Plan Width": 0, "Index Cond": "(company_type_id = ct.id)"}]}]}, {"Node Type": "Hash", "Parent Relationship": "Inner", "Startup Cost": 161187.86, "Total Cost": 161187.86, "Plan Rows": 447839, "Plan Width": 29, "Plans": [{"Node Type": "Hash Join", "Parent Relationship": "Outer", "Join Type": "Inner", "Startup Cost": 141173.61, "Total Cost": 161187.86, "Plan Rows": 447839, "Plan Width": 29, "Inner Unique": true, "Hash Cond": "(mi_idx.movie_id = t.id), (LLVM Optimized)", "Plans": [{"Node Type": "Nested Loop", "Parent Relationship": "Outer", "Join Type": "Inner", "Startup Cost": 7510.87, "Total Cost": 21752.95, "Plan Rows": 345008, "Plan Width": 4, "Inner Unique": false, "Plans": [{"Node Type": "Bitmap Heap Scan", "Parent Relationship": "Outer", "Relation Name": "info_type", "Alias": "it", "Startup Cost": 8.81, "Total Cost": 14.21, "Plan Rows": 1, "Plan Width": 4, "Filter": "((info)::text = 'bottom 10 rank'::text)", "Plans": [{"Node Type": "Bitmap Index Scan", "Parent Relationship": "Outer", "Index Name": "info_type_pkey", "Startup Cost": 0.0, "Total Cost": 8.81, "Plan Rows": 112, "Plan Width": 0}]}, {"Node Type": "Bitmap Heap Scan", "Parent Relationship": "Inner", "Relation Name": "movie_info_idx", "Alias": "mi_idx", "Startup Cost": 7502.06, "Total Cost": 18288.66, "Plan Rows": 345008, "Plan Width": 8, "Recheck Cond": "(info_type_id = it.id), (LLVM Optimized)", "Plans": [{"Node Type": "Bitmap Index Scan", "Parent Relationship": "Outer", "Index Name": "info_type_id_movie_info_idx", "Startup Cost": 0.0, "Total Cost": 7415.81, "Plan Rows": 345008, "Plan Width": 0, "Index Cond": "(info_type_id = it.id)"}]}]}, {"Node Type": "Hash", "Parent Relationship": "Inner", "Startup Cost": 116389.16, "Total Cost": 116389.16, "Plan Rows": 1381886, "Plan Width": 25, "Plans": [{"Node Type": "Bitmap Heap Scan", "Parent Relationship": "Outer", "Relation Name": "title", "Alias": "t", "Startup Cost": 49999.28, "Total Cost": 116389.16, "Plan Rows": 1381886, "Plan Width": 25, "Filter": "(production_year > 2000), (LLVM Optimized)", "Plans": [{"Node Type": "Bitmap Index Scan", "Parent Relationship": "Outer", "Index Name": "title_pkey", "Startup Cost": 0.0, "Total Cost": 49653.81, "Plan Rows": 2528311, "Plan Width": 0}]}]}]}]}]}]}, "Unique SQL Id": 2492542741, "Planner Runtime": 5}, "explain_analyze_plan": {"Plan": {"Node Type": "Aggregate", "Strategy": "Plain", "Startup Cost": 259667.26, "Total Cost": 259667.27, "Plan Rows": 1, "Plan Width": 113, "Actual Startup Time": 2842.228, "Actual Total Time": 2842.228, "Actual Rows": 1, "Actual Loops": 1, "Plans": [{"Node Type": "Hash Join", "Parent Relationship": "Outer", "Join Type": "Inner", "Startup Cost": 196064.72, "Total Cost": 254788.06, "Plan Rows": 650559, "Plan Width": 45, "Actual Startup Time": 2595.719, "Actual Total Time": 2842.183, "Actual Rows": 4, "Actual Loops": 1, "Inner Unique": false, "Hash Cond": "(mc.movie_id = t.id), (LLVM Optimized, Jit Execute)", "Plans": [{"Node Type": "Nested Loop", "Parent Relationship": "Outer", "Join Type": "Inner", "Startup Cost": 29278.87, "Total Cost": 77622.54, "Plan Rows": 1304518, "Plan Width": 28, "Actual Startup Time": 145.789, "Actual Total Time": 612.976, "Actual Rows": 140904, "Actual Loops": 1, "Inner Unique": false, "Plans": [{"Node Type": "Bitmap Heap Scan", "Parent Relationship": "Outer", "Relation Name": "company_type", "Alias": "ct", "Startup Cost": 8.27, "Total Cost": 12.3, "Plan Rows": 1, "Plan Width": 4, "Actual Startup Time": 0.034, "Actual Total Time": 0.041, "Actual Rows": 1, "Actual Loops": 1, "Filter": "((kind)::text = 'production companies'::text)", "Rows Removed by Filter": 2, "Exact Heap Blocks": 1, "Lossy Heap Blocks": 1, "Plans": [{"Node Type": "Bitmap Index Scan", "Parent Relationship": "Outer", "Index Name": "company_type_pkey", "Startup Cost": 0.0, "Total Cost": 8.27, "Plan Rows": 3, "Plan Width": 0, "Actual Startup Time": 0.015, "Actual Total Time": 0.015, "Actual Rows": 3, "Actual Loops": 1}]}, {"Node Type": "Bitmap Heap Scan", "Parent Relationship": "Inner", "Relation Name": "movie_companies", "Alias": "mc", "Startup Cost": 29270.61, "Total Cost": 64565.07, "Plan Rows": 1304517, "Plan Width": 32, "Actual Startup Time": 145.748, "Actual Total Time": 585.465, "Actual Rows": 140904, "Actual Loops": 1, "Recheck Cond": "(company_type_id = ct.id), (LLVM Optimized, Jit Execute)", "Rows Removed by Index Recheck": 0, "Filter": "((note)::text !~~ '%(as Metro-Goldwyn-Mayer Pictures)%'::text), (LLVM Optimized, Jit Execute)", "Rows Removed by Filter": 1193979, "Exact Heap Blocks": 6196, "Lossy Heap Blocks": 6196, "Plans": [{"Node Type": "Bitmap Index Scan", "Parent Relationship": "Outer", "Index Name": "company_type_id_movie_companies", "Startup Cost": 0.0, "Total Cost": 28944.48, "Plan Rows": 1304564, "Plan Width": 0, "Actual Startup Time": 144.542, "Actual Total Time": 144.542, "Actual Rows": 1334883, "Actual Loops": 1, "Index Cond": "(company_type_id = ct.id)"}]}]}, {"Node Type": "Hash", "Parent Relationship": "Inner", "Startup Cost": 161187.86, "Total Cost": 161187.86, "Plan Rows": 447839, "Plan Width": 29, "Actual Startup Time": 2199.499, "Actual Total Time": 2199.499, "Actual Rows": 6, "Actual Loops": 1, "Hash Buckets": 524288, "Hash Batches": 1, "Original Hash Batches": 1, "Peak Memory Usage": 1, "Plans": [{"Node Type": "Hash Join", "Parent Relationship": "Outer", "Join Type": "Inner", "Startup Cost": 141173.61, "Total Cost": 161187.86, "Plan Rows": 447839, "Plan Width": 29, "Actual Startup Time": 2199.477, "Actual Total Time": 2199.492, "Actual Rows": 6, "Actual Loops": 1, "Inner Unique": true, "Hash Cond": "(mi_idx.movie_id = t.id), (LLVM Optimized, Jit Execute)", "Plans": [{"Node Type": "Nested Loop", "Parent Relationship": "Outer", "Join Type": "Inner", "Startup Cost": 7510.87, "Total Cost": 21752.95, "Plan Rows": 345008, "Plan Width": 4, "Actual Startup Time": 0.139, "Actual Total Time": 0.153, "Actual Rows": 10, "Actual Loops": 1, "Inner Unique": false, "Plans": [{"Node Type": "Bitmap Heap Scan", "Parent Relationship": "Outer", "Relation Name": "info_type", "Alias": "it", "Startup Cost": 8.81, "Total Cost": 14.21, "Plan Rows": 1, "Plan Width": 4, "Actual Startup Time": 0.094, "Actual Total Time": 0.096, "Actual Rows": 1, "Actual Loops": 1, "Filter": "((info)::text = 'bottom 10 rank'::text)", "Rows Removed by Filter": 111, "Exact Heap Blocks": 1, "Lossy Heap Blocks": 1, "Plans": [{"Node Type": "Bitmap Index Scan", "Parent Relationship": "Outer", "Index Name": "info_type_pkey", "Startup Cost": 0.0, "Total Cost": 8.81, "Plan Rows": 112, "Plan Width": 0, "Actual Startup Time": 0.018, "Actual Total Time": 0.018, "Actual Rows": 112, "Actual Loops": 1}]}, {"Node Type": "Bitmap Heap Scan", "Parent Relationship": "Inner", "Relation Name": "movie_info_idx", "Alias": "mi_idx", "Startup Cost": 7502.06, "Total Cost": 18288.66, "Plan Rows": 345008, "Plan Width": 8, "Actual Startup Time": 0.033, "Actual Total Time": 0.039, "Actual Rows": 10, "Actual Loops": 1, "Recheck Cond": "(info_type_id = it.id), (LLVM Optimized, Jit Execute)", "Rows Removed by Index Recheck": 0, "Exact Heap Blocks": 1, "Lossy Heap Blocks": 1, "Plans": [{"Node Type": "Bitmap Index Scan", "Parent Relationship": "Outer", "Index Name": "info_type_id_movie_info_idx", "Startup Cost": 0.0, "Total Cost": 7415.81, "Plan Rows": 345008, "Plan Width": 0, "Actual Startup Time": 0.013, "Actual Total Time": 0.013, "Actual Rows": 10, "Actual Loops": 1, "Index Cond": "(info_type_id = it.id)"}]}]}, {"Node Type": "Hash", "Parent Relationship": "Inner", "Startup Cost": 116389.16, "Total Cost": 116389.16, "Plan Rows": 1381886, "Plan Width": 25, "Actual Startup Time": 2197.3, "Actual Total Time": 2197.3, "Actual Rows": 1381453, "Actual Loops": 1, "Hash Buckets": 2097152, "Hash Batches": 1, "Original Hash Batches": 1, "Peak Memory Usage": 79393, "Plans": [{"Node Type": "Bitmap Heap Scan", "Parent Relationship": "Outer", "Relation Name": "title", "Alias": "t", "Startup Cost": 49999.28, "Total Cost": 116389.16, "Plan Rows": 1381886, "Plan Width": 25, "Actual Startup Time": 312.761, "Actual Total Time": 1576.915, "Actual Rows": 1381453, "Actual Loops": 1, "Filter": "(production_year > 2000), (LLVM Optimized, Jit Execute)", "Rows Removed by Filter": 1146858, "Exact Heap Blocks": 34786, "Lossy Heap Blocks": 34786, "Plans": [{"Node Type": "Bitmap Index Scan", "Parent Relationship": "Outer", "Index Name": "title_pkey", "Startup Cost": 0.0, "Total Cost": 49653.81, "Plan Rows": 2528311, "Plan Width": 0, "Actual Startup Time": 304.689, "Actual Total Time": 304.689, "Actual Rows": 2528311, "Actual Loops": 1}]}]}]}]}]}]}, "Triggers": [], "Planner Runtime": 5, "Total Runtime": 2853.319, "Unique SQL Id": 2492542741}}, "(64, 36)": {"explain_plan": {"Plan": {"Node Type": "Aggregate", "Strategy": "Plain", "Startup Cost": 225283.56, "Total Cost": 225283.57, "Plan Rows": 1, "Plan Width": 113, "Plans": [{"Node Type": "Hash Join", "Parent Relationship": "Outer", "Join Type": "Inner", "Startup Cost": 142931.41, "Total Cost": 220404.37, "Plan Rows": 650559, "Plan Width": 45, "Inner Unique": true, "Hash Cond": "(mc.company_type_id = ct.id), (LLVM Optimized)", "Plans": [{"Node Type": "Hash Join", "Parent Relationship": "Outer", "Join Type": "Inner", "Startup Cost": 142930.36, "Total Cost": 211816.0, "Plan Rows": 1055184, "Plan Width": 49, "Inner Unique": false, "Hash Cond": "(mc.movie_id = t.id), (LLVM Optimized)", "Plans": [{"Node Type": "Seq Scan", "Parent Relationship": "Outer", "Relation Name": "movie_companies", "Alias": "mc", "Startup Cost": 0.0, "Total Cost": 48340.1, "Plan Rows": 2609035, "Plan Width": 32, "Filter": "((note)::text !~~ '%(as Metro-Goldwyn-Mayer Pictures)%'::text), (LLVM Optimized)"}, {"Node Type": "Hash", "Parent Relationship": "Inner", "Startup Cost": 137332.38, "Total Cost": 137332.38, "Plan Rows": 447839, "Plan Width": 29, "Plans": [{"Node Type": "Hash Join", "Parent Relationship": "Outer", "Join Type": "Inner", "Startup Cost": 117321.13, "Total Cost": 137332.38, "Plan Rows": 447839, "Plan Width": 29, "Inner Unique": true, "Hash Cond": "(mi_idx.movie_id = t.id), (LLVM Optimized)", "Plans": [{"Node Type": "Nested Loop", "Parent Relationship": "Outer", "Join Type": "Inner", "Startup Cost": 7502.06, "Total Cost": 21741.14, "Plan Rows": 345008, "Plan Width": 4, "Inner Unique": false, "Plans": [{"Node Type": "Seq Scan", "Parent Relationship": "Outer", "Relation Name": "info_type", "Alias": "it", "Startup Cost": 0.0, "Total Cost": 2.4, "Plan Rows": 1, "Plan Width": 4, "Filter": "((info)::text = 'bottom 10 rank'::text)"}, {"Node Type": "Bitmap Heap Scan", "Parent Relationship": "Inner", "Relation Name": "movie_info_idx", "Alias": "mi_idx", "Startup Cost": 7502.06, "Total Cost": 18288.66, "Plan Rows": 345008, "Plan Width": 8, "Recheck Cond": "(info_type_id = it.id), (LLVM Optimized)", "Plans": [{"Node Type": "Bitmap Index Scan", "Parent Relationship": "Outer", "Index Name": "info_type_id_movie_info_idx", "Startup Cost": 0.0, "Total Cost": 7415.81, "Plan Rows": 345008, "Plan Width": 0, "Index Cond": "(info_type_id = it.id)"}]}]}, {"Node Type": "Hash", "Parent Relationship": "Inner", "Startup Cost": 92545.49, "Total Cost": 92545.49, "Plan Rows": 1381886, "Plan Width": 25, "Plans": [{"Node Type": "Streaming(type: LOCAL GATHER dop: 1/64)", "Parent Relationship": "Outer", "Startup Cost": 0.0, "Total Cost": 92545.49, "Plan Rows": 1381886, "Plan Width": 25, "Plans": [{"Node Type": "Seq Scan", "Parent Relationship": "Outer", "Relation Name": "title", "Alias": "t", "Startup Cost": 0.0, "Total Cost": 64037.34, "Plan Rows": 1381886, "Plan Width": 25, "Filter": "(production_year > 2000), (LLVM Optimized)"}]}]}]}]}]}, {"Node Type": "Hash", "Parent Relationship": "Inner", "Startup Cost": 1.04, "Total Cost": 1.04, "Plan Rows": 1, "Plan Width": 4, "Plans": [{"Node Type": "Seq Scan", "Parent Relationship": "Outer", "Relation Name": "company_type", "Alias": "ct", "Startup Cost": 0.0, "Total Cost": 1.04, "Plan Rows": 1, "Plan Width": 4, "Filter": "((kind)::text = 'production companies'::text)"}]}]}]}, "Unique SQL Id": 2492542741, "Planner Runtime": 7}, "explain_analyze_plan": {"Plan": {"Node Type": "Aggregate", "Strategy": "Plain", "Startup Cost": 225283.56, "Total Cost": 225283.57, "Plan Rows": 1, "Plan Width": 113, "Actual Min Startup Time": 2525.543, "Actual Max Startup Time": 2525.543, "Actual Min Total Time": 2525.544, "Actual Max Total Time": 2525.544, "Plans": [{"Node Type": "Hash Join", "Parent Relationship": "Outer", "Join Type": "Inner", "Startup Cost": 142931.41, "Total Cost": 220404.37, "Plan Rows": 650559, "Plan Width": 45, "Actual Min Startup Time": 2350.375, "Actual Max Startup Time": 2350.375, "Actual Min Total Time": 2525.501, "Actual Max Total Time": 2525.501, "Inner Unique": true, "Hash Cond": "(mc.company_type_id = ct.id), (LLVM Optimized, Jit Execute)", "Plans": [{"Node Type": "Hash Join", "Parent Relationship": "Outer", "Join Type": "Inner", "Startup Cost": 142930.36, "Total Cost": 211816.0, "Plan Rows": 1055184, "Plan Width": 49, "Actual Min Startup Time": 1662.914, "Actual Max Startup Time": 1662.914, "Actual Min Total Time": 2525.185, "Actual Max Total Time": 2525.185, "Inner Unique": false, "Hash Cond": "(mc.movie_id = t.id), (LLVM Optimized, Jit Execute)", "Plans": [{"Node Type": "Seq Scan", "Parent Relationship": "Outer", "Relation Name": "movie_companies", "Alias": "mc", "Startup Cost": 0.0, "Total Cost": 48340.1, "Plan Rows": 2609035, "Plan Width": 32, "Actual Min Startup Time": 0.04, "Actual Max Startup Time": 0.04, "Actual Min Total Time": 907.177, "Actual Max Total Time": 907.177, "Filter": "((note)::text !~~ '%(as Metro-Goldwyn-Mayer Pictures)%'::text), (LLVM Optimized, Jit Execute)", "Rows Removed by Filter": 1272041, "Actual Rows": 1337087}, {"Node Type": "Hash", "Parent Relationship": "Inner", "Startup Cost": 137332.38, "Total Cost": 137332.38, "Plan Rows": 447839, "Plan Width": 29, "Actual Min Startup Time": 1356.656, "Actual Max Startup Time": 1356.656, "Actual Min Total Time": 1356.656, "Actual Max Total Time": 1356.656, "Max Hash Buckets": 524288, "Min Hash Buckets": 524288, "Max Hash Batches": 1, "Min Hash Batches": 1, "Max Original Hash Batches": 1, "Min Original Hash Batches": 1, "Max Peak Memory Usage": 1, "min Peak Memory Usage": 1, "Plans": [{"Node Type": "Hash Join", "Parent Relationship": "Outer", "Join Type": "Inner", "Startup Cost": 117321.13, "Total Cost": 137332.38, "Plan Rows": 447839, "Plan Width": 29, "Actual Min Startup Time": 1356.618, "Actual Max Startup Time": 1356.618, "Actual Min Total Time": 1356.632, "Actual Max Total Time": 1356.632, "Inner Unique": true, "Hash Cond": "(mi_idx.movie_id = t.id), (LLVM Optimized, Jit Execute)", "Plans": [{"Node Type": "Nested Loop", "Parent Relationship": "Outer", "Join Type": "Inner", "Startup Cost": 7502.06, "Total Cost": 21741.14, "Plan Rows": 345008, "Plan Width": 4, "Actual Min Startup Time": 0.134, "Actual Max Startup Time": 0.134, "Actual Min Total Time": 0.141, "Actual Max Total Time": 0.141, "Inner Unique": false, "Plans": [{"Node Type": "Seq Scan", "Parent Relationship": "Outer", "Relation Name": "info_type", "Alias": "it", "Startup Cost": 0.0, "Total Cost": 2.4, "Plan Rows": 1, "Plan Width": 4, "Actual Min Startup Time": 0.078, "Actual Max Startup Time": 0.078, "Actual Min Total Time": 0.082, "Actual Max Total Time": 0.082, "Filter": "((info)::text = 'bottom 10 rank'::text)", "Rows Removed by Filter": 111, "Actual Rows": 1}, {"Node Type": "Bitmap Heap Scan", "Parent Relationship": "Inner", "Relation Name": "movie_info_idx", "Alias": "mi_idx", "Startup Cost": 7502.06, "Total Cost": 18288.66, "Plan Rows": 345008, "Plan Width": 8, "Actual Min Startup Time": 0.04, "Actual Max Startup Time": 0.04, "Actual Min Total Time": 0.04, "Actual Max Total Time": 0.04, "Recheck Cond": "(info_type_id = it.id), (LLVM Optimized, Jit Execute)", "Rows Removed by Index Recheck": 0, "Exact Heap Blocks": 1, "Lossy Heap Blocks": 1, "Plans": [{"Node Type": "Bitmap Index Scan", "Parent Relationship": "Outer", "Index Name": "info_type_id_movie_info_idx", "Startup Cost": 0.0, "Total Cost": 7415.81, "Plan Rows": 345008, "Plan Width": 0, "Actual Min Startup Time": 0.024, "Actual Max Startup Time": 0.024, "Actual Min Total Time": 0.024, "Actual Max Total Time": 0.024, "Index Cond": "(info_type_id = it.id)", "Actual Rows": 10}], "Actual Rows": 10}], "Actual Rows": 10}, {"Node Type": "Hash", "Parent Relationship": "Inner", "Startup Cost": 92545.49, "Total Cost": 92545.49, "Plan Rows": 1381886, "Plan Width": 25, "Actual Min Startup Time": 1354.005, "Actual Max Startup Time": 1354.005, "Actual Min Total Time": 1354.005, "Actual Max Total Time": 1354.005, "Max Hash Buckets": 2097152, "Min Hash Buckets": 2097152, "Max Hash Batches": 1, "Min Hash Batches": 1, "Max Original Hash Batches": 1, "Min Original Hash Batches": 1, "Max Peak Memory Usage": 79393, "min Peak Memory Usage": 79393, "Plans": [{"Node Type": "Streaming(type: LOCAL GATHER dop: 1/64)", "Parent Relationship": "Outer", "Startup Cost": 0.0, "Total Cost": 92545.49, "Plan Rows": 1381886, "Plan Width": 25, "Actual Min Startup Time": 52.425, "Actual Max Startup Time": 52.425, "Actual Min Total Time": 720.093, "Actual Max Total Time": 720.093, "Plans": [{"Node Type": "Seq Scan", "Parent Relationship": "Outer", "Relation Name": "title", "Alias": "t", "Startup Cost": 0.0, "Total Cost": 64037.34, "Plan Rows": 1381886, "Plan Width": 25, "Actual Min Startup Time": 0.025, "Actual Max Startup Time": 0.049, "Actual Min Total Time": 14.614, "Actual Max Total Time": 18.729, "Filter": "(production_year > 2000), (LLVM Optimized, Jit Execute)", "Rows Removed by Filter": 1146858, "Actual Rows": 1381453}], "Actual Rows": 1381453}], "Actual Rows": 1381453}], "Actual Rows": 6}], "Actual Rows": 6}], "Actual Rows": 78}, {"Node Type": "Hash", "Parent Relationship": "Inner", "Startup Cost": 1.04, "Total Cost": 1.04, "Plan Rows": 1, "Plan Width": 4, "Actual Min Startup Time": 0.069, "Actual Max Startup Time": 0.069, "Actual Min Total Time": 0.069, "Actual Max Total Time": 0.069, "Max Hash Buckets": 32768, "Min Hash Buckets": 32768, "Max Hash Batches": 1, "Min Hash Batches": 1, "Max Original Hash Batches": 1, "Min Original Hash Batches": 1, "Max Peak Memory Usage": 1, "min Peak Memory Usage": 1, "Plans": [{"Node Type": "Seq Scan", "Parent Relationship": "Outer", "Relation Name": "company_type", "Alias": "ct", "Startup Cost": 0.0, "Total Cost": 1.04, "Plan Rows": 1, "Plan Width": 4, "Actual Min Startup Time": 0.042, "Actual Max Startup Time": 0.042, "Actual Min Total Time": 0.046, "Actual Max Total Time": 0.046, "Filter": "((kind)::text = 'production companies'::text)", "Rows Removed by Filter": 2, "Actual Rows": 1}], "Actual Rows": 1}], "Actual Rows": 4}], "Actual Rows": 1}, "Triggers": [], "Planner Runtime": 7, "Total Runtime": 2549.791, "Unique SQL Id": 2492542741}}, "(64, 37)": {"explain_plan": {"Plan": {"Node Type": "Aggregate", "Strategy": "Plain", "Startup Cost": 251533.23, "Total Cost": 251533.24, "Plan Rows": 1, "Plan Width": 113, "Plans": [{"Node Type": "Hash Join", "Parent Relationship": "Outer", "Join Type": "Inner", "Startup Cost": 166837.95, "Total Cost": 246654.04, "Plan Rows": 650559, "Plan Width": 45, "Inner Unique": false, "Hash Cond": "(mc.movie_id = t.id), (LLVM Optimized)", "Plans": [{"Node Type": "Nested Loop", "Parent Relationship": "Outer", "Join Type": "Inner", "Startup Cost": 0.0, "Total Cost": 69436.41, "Plan Rows": 1304518, "Plan Width": 28, "Inner Unique": false, "Plans": [{"Node Type": "Index Scan", "Parent Relationship": "Outer", "Scan Direction": "Forward", "Index Name": "company_type_pkey", "Relation Name": "company_type", "Alias": "ct", "Startup Cost": 0.0, "Total Cost": 12.3, "Plan Rows": 1, "Plan Width": 4, "Filter": "((kind)::text = 'production companies'::text)"}, {"Node Type": "Index Scan", "Parent Relationship": "Inner", "Scan Direction": "Forward", "Index Name": "company_type_id_movie_companies", "Relation Name": "movie_companies", "Alias": "mc", "Startup Cost": 0.0, "Total Cost": 56378.94, "Plan Rows": 1304517, "Plan Width": 32, "Index Cond": "(company_type_id = ct.id), (LLVM Optimized)", "Filter": "((note)::text !~~ '%(as Metro-Goldwyn-Mayer Pictures)%'::text), (LLVM Optimized)"}]}, {"Node Type": "Hash", "Parent Relationship": "Inner", "Startup Cost": 161239.96, "Total Cost": 161239.96, "Plan Rows": 447839, "Plan Width": 29, "Plans": [{"Node Type": "Hash Join", "Parent Relationship": "Outer", "Join Type": "Inner", "Startup Cost": 141216.9, "Total Cost": 161239.96, "Plan Rows": 447839, "Plan Width": 29, "Inner Unique": true, "Hash Cond": "(mi_idx.movie_id = t.id), (LLVM Optimized)", "Plans": [{"Node Type": "Nested Loop", "Parent Relationship": "Outer", "Join Type": "Inner", "Startup Cost": 7502.06, "Total Cost": 21752.95, "Plan Rows": 345008, "Plan Width": 4, "Inner Unique": false, "Plans": [{"Node Type": "Index Scan", "Parent Relationship": "Outer", "Scan Direction": "Forward", "Index Name": "info_type_pkey", "Relation Name": "info_type", "Alias": "it", "Startup Cost": 0.0, "Total Cost": 14.21, "Plan Rows": 1, "Plan Width": 4, "Filter": "((info)::text = 'bottom 10 rank'::text)"}, {"Node Type": "Bitmap Heap Scan", "Parent Relationship": "Inner", "Relation Name": "movie_info_idx", "Alias": "mi_idx", "Startup Cost": 7502.06, "Total Cost": 18288.66, "Plan Rows": 345008, "Plan Width": 8, "Recheck Cond": "(info_type_id = it.id), (LLVM Optimized)", "Plans": [{"Node Type": "Bitmap Index Scan", "Parent Relationship": "Outer", "Index Name": "info_type_id_movie_info_idx", "Startup Cost": 0.0, "Total Cost": 7415.81, "Plan Rows": 345008, "Plan Width": 0, "Index Cond": "(info_type_id = it.id)"}]}]}, {"Node Type": "Hash", "Parent Relationship": "Inner", "Startup Cost": 116441.27, "Total Cost": 116441.27, "Plan Rows": 1381886, "Plan Width": 25, "Plans": [{"Node Type": "Index Scan", "Parent Relationship": "Outer", "Scan Direction": "Forward", "Index Name": "title_pkey", "Relation Name": "title", "Alias": "t", "Startup Cost": 0.0, "Total Cost": 116441.27, "Plan Rows": 1381886, "Plan Width": 25, "Filter": "(production_year > 2000), (LLVM Optimized)"}]}]}]}]}]}, "Unique SQL Id": 2492542741, "Planner Runtime": 5}, "explain_analyze_plan": null}, "(64, 38)": {"explain_plan": {"Plan": {"Node Type": "Aggregate", "Strategy": "Plain", "Startup Cost": 225283.56, "Total Cost": 225283.57, "Plan Rows": 1, "Plan Width": 113, "Plans": [{"Node Type": "Hash Join", "Parent Relationship": "Outer", "Join Type": "Inner", "Startup Cost": 142931.41, "Total Cost": 220404.37, "Plan Rows": 650559, "Plan Width": 45, "Inner Unique": true, "Hash Cond": "(mc.company_type_id = ct.id), (LLVM Optimized)", "Plans": [{"Node Type": "Hash Join", "Parent Relationship": "Outer", "Join Type": "Inner", "Startup Cost": 142930.36, "Total Cost": 211816.0, "Plan Rows": 1055184, "Plan Width": 49, "Inner Unique": false, "Hash Cond": "(mc.movie_id = t.id), (LLVM Optimized)", "Plans": [{"Node Type": "Seq Scan", "Parent Relationship": "Outer", "Relation Name": "movie_companies", "Alias": "mc", "Startup Cost": 0.0, "Total Cost": 48340.1, "Plan Rows": 2609035, "Plan Width": 32, "Filter": "((note)::text !~~ '%(as Metro-Goldwyn-Mayer Pictures)%'::text), (LLVM Optimized)"}, {"Node Type": "Hash", "Parent Relationship": "Inner", "Startup Cost": 137332.38, "Total Cost": 137332.38, "Plan Rows": 447839, "Plan Width": 29, "Plans": [{"Node Type": "Hash Join", "Parent Relationship": "Outer", "Join Type": "Inner", "Startup Cost": 117321.13, "Total Cost": 137332.38, "Plan Rows": 447839, "Plan Width": 29, "Inner Unique": true, "Hash Cond": "(mi_idx.movie_id = t.id), (LLVM Optimized)", "Plans": [{"Node Type": "Nested Loop", "Parent Relationship": "Outer", "Join Type": "Inner", "Startup Cost": 7502.06, "Total Cost": 21741.14, "Plan Rows": 345008, "Plan Width": 4, "Inner Unique": false, "Plans": [{"Node Type": "Seq Scan", "Parent Relationship": "Outer", "Relation Name": "info_type", "Alias": "it", "Startup Cost": 0.0, "Total Cost": 2.4, "Plan Rows": 1, "Plan Width": 4, "Filter": "((info)::text = 'bottom 10 rank'::text)"}, {"Node Type": "Bitmap Heap Scan", "Parent Relationship": "Inner", "Relation Name": "movie_info_idx", "Alias": "mi_idx", "Startup Cost": 7502.06, "Total Cost": 18288.66, "Plan Rows": 345008, "Plan Width": 8, "Recheck Cond": "(info_type_id = it.id), (LLVM Optimized)", "Plans": [{"Node Type": "Bitmap Index Scan", "Parent Relationship": "Outer", "Index Name": "info_type_id_movie_info_idx", "Startup Cost": 0.0, "Total Cost": 7415.81, "Plan Rows": 345008, "Plan Width": 0, "Index Cond": "(info_type_id = it.id)"}]}]}, {"Node Type": "Hash", "Parent Relationship": "Inner", "Startup Cost": 92545.49, "Total Cost": 92545.49, "Plan Rows": 1381886, "Plan Width": 25, "Plans": [{"Node Type": "Streaming(type: LOCAL GATHER dop: 1/64)", "Parent Relationship": "Outer", "Startup Cost": 0.0, "Total Cost": 92545.49, "Plan Rows": 1381886, "Plan Width": 25, "Plans": [{"Node Type": "Seq Scan", "Parent Relationship": "Outer", "Relation Name": "title", "Alias": "t", "Startup Cost": 0.0, "Total Cost": 64037.34, "Plan Rows": 1381886, "Plan Width": 25, "Filter": "(production_year > 2000), (LLVM Optimized)"}]}]}]}]}]}, {"Node Type": "Hash", "Parent Relationship": "Inner", "Startup Cost": 1.04, "Total Cost": 1.04, "Plan Rows": 1, "Plan Width": 4, "Plans": [{"Node Type": "Seq Scan", "Parent Relationship": "Outer", "Relation Name": "company_type", "Alias": "ct", "Startup Cost": 0.0, "Total Cost": 1.04, "Plan Rows": 1, "Plan Width": 4, "Filter": "((kind)::text = 'production companies'::text)"}]}]}]}, "Unique SQL Id": 2492542741, "Planner Runtime": 8}, "explain_analyze_plan": {"Plan": {"Node Type": "Aggregate", "Strategy": "Plain", "Startup Cost": 225283.56, "Total Cost": 225283.57, "Plan Rows": 1, "Plan Width": 113, "Actual Min Startup Time": 2525.543, "Actual Max Startup Time": 2525.543, "Actual Min Total Time": 2525.544, "Actual Max Total Time": 2525.544, "Plans": [{"Node Type": "Hash Join", "Parent Relationship": "Outer", "Join Type": "Inner", "Startup Cost": 142931.41, "Total Cost": 220404.37, "Plan Rows": 650559, "Plan Width": 45, "Actual Min Startup Time": 2350.375, "Actual Max Startup Time": 2350.375, "Actual Min Total Time": 2525.501, "Actual Max Total Time": 2525.501, "Inner Unique": true, "Hash Cond": "(mc.company_type_id = ct.id), (LLVM Optimized, Jit Execute)", "Plans": [{"Node Type": "Hash Join", "Parent Relationship": "Outer", "Join Type": "Inner", "Startup Cost": 142930.36, "Total Cost": 211816.0, "Plan Rows": 1055184, "Plan Width": 49, "Actual Min Startup Time": 1662.914, "Actual Max Startup Time": 1662.914, "Actual Min Total Time": 2525.185, "Actual Max Total Time": 2525.185, "Inner Unique": false, "Hash Cond": "(mc.movie_id = t.id), (LLVM Optimized, Jit Execute)", "Plans": [{"Node Type": "Seq Scan", "Parent Relationship": "Outer", "Relation Name": "movie_companies", "Alias": "mc", "Startup Cost": 0.0, "Total Cost": 48340.1, "Plan Rows": 2609035, "Plan Width": 32, "Actual Min Startup Time": 0.04, "Actual Max Startup Time": 0.04, "Actual Min Total Time": 907.177, "Actual Max Total Time": 907.177, "Filter": "((note)::text !~~ '%(as Metro-Goldwyn-Mayer Pictures)%'::text), (LLVM Optimized, Jit Execute)", "Rows Removed by Filter": 1272041, "Actual Rows": 1337087}, {"Node Type": "Hash", "Parent Relationship": "Inner", "Startup Cost": 137332.38, "Total Cost": 137332.38, "Plan Rows": 447839, "Plan Width": 29, "Actual Min Startup Time": 1356.656, "Actual Max Startup Time": 1356.656, "Actual Min Total Time": 1356.656, "Actual Max Total Time": 1356.656, "Max Hash Buckets": 524288, "Min Hash Buckets": 524288, "Max Hash Batches": 1, "Min Hash Batches": 1, "Max Original Hash Batches": 1, "Min Original Hash Batches": 1, "Max Peak Memory Usage": 1, "min Peak Memory Usage": 1, "Plans": [{"Node Type": "Hash Join", "Parent Relationship": "Outer", "Join Type": "Inner", "Startup Cost": 117321.13, "Total Cost": 137332.38, "Plan Rows": 447839, "Plan Width": 29, "Actual Min Startup Time": 1356.618, "Actual Max Startup Time": 1356.618, "Actual Min Total Time": 1356.632, "Actual Max Total Time": 1356.632, "Inner Unique": true, "Hash Cond": "(mi_idx.movie_id = t.id), (LLVM Optimized, Jit Execute)", "Plans": [{"Node Type": "Nested Loop", "Parent Relationship": "Outer", "Join Type": "Inner", "Startup Cost": 7502.06, "Total Cost": 21741.14, "Plan Rows": 345008, "Plan Width": 4, "Actual Min Startup Time": 0.134, "Actual Max Startup Time": 0.134, "Actual Min Total Time": 0.141, "Actual Max Total Time": 0.141, "Inner Unique": false, "Plans": [{"Node Type": "Seq Scan", "Parent Relationship": "Outer", "Relation Name": "info_type", "Alias": "it", "Startup Cost": 0.0, "Total Cost": 2.4, "Plan Rows": 1, "Plan Width": 4, "Actual Min Startup Time": 0.078, "Actual Max Startup Time": 0.078, "Actual Min Total Time": 0.082, "Actual Max Total Time": 0.082, "Filter": "((info)::text = 'bottom 10 rank'::text)", "Rows Removed by Filter": 111, "Actual Rows": 1}, {"Node Type": "Bitmap Heap Scan", "Parent Relationship": "Inner", "Relation Name": "movie_info_idx", "Alias": "mi_idx", "Startup Cost": 7502.06, "Total Cost": 18288.66, "Plan Rows": 345008, "Plan Width": 8, "Actual Min Startup Time": 0.04, "Actual Max Startup Time": 0.04, "Actual Min Total Time": 0.04, "Actual Max Total Time": 0.04, "Recheck Cond": "(info_type_id = it.id), (LLVM Optimized, Jit Execute)", "Rows Removed by Index Recheck": 0, "Exact Heap Blocks": 1, "Lossy Heap Blocks": 1, "Plans": [{"Node Type": "Bitmap Index Scan", "Parent Relationship": "Outer", "Index Name": "info_type_id_movie_info_idx", "Startup Cost": 0.0, "Total Cost": 7415.81, "Plan Rows": 345008, "Plan Width": 0, "Actual Min Startup Time": 0.024, "Actual Max Startup Time": 0.024, "Actual Min Total Time": 0.024, "Actual Max Total Time": 0.024, "Index Cond": "(info_type_id = it.id)", "Actual Rows": 10}], "Actual Rows": 10}], "Actual Rows": 10}, {"Node Type": "Hash", "Parent Relationship": "Inner", "Startup Cost": 92545.49, "Total Cost": 92545.49, "Plan Rows": 1381886, "Plan Width": 25, "Actual Min Startup Time": 1354.005, "Actual Max Startup Time": 1354.005, "Actual Min Total Time": 1354.005, "Actual Max Total Time": 1354.005, "Max Hash Buckets": 2097152, "Min Hash Buckets": 2097152, "Max Hash Batches": 1, "Min Hash Batches": 1, "Max Original Hash Batches": 1, "Min Original Hash Batches": 1, "Max Peak Memory Usage": 79393, "min Peak Memory Usage": 79393, "Plans": [{"Node Type": "Streaming(type: LOCAL GATHER dop: 1/64)", "Parent Relationship": "Outer", "Startup Cost": 0.0, "Total Cost": 92545.49, "Plan Rows": 1381886, "Plan Width": 25, "Actual Min Startup Time": 52.425, "Actual Max Startup Time": 52.425, "Actual Min Total Time": 720.093, "Actual Max Total Time": 720.093, "Plans": [{"Node Type": "Seq Scan", "Parent Relationship": "Outer", "Relation Name": "title", "Alias": "t", "Startup Cost": 0.0, "Total Cost": 64037.34, "Plan Rows": 1381886, "Plan Width": 25, "Actual Min Startup Time": 0.025, "Actual Max Startup Time": 0.049, "Actual Min Total Time": 14.614, "Actual Max Total Time": 18.729, "Filter": "(production_year > 2000), (LLVM Optimized, Jit Execute)", "Rows Removed by Filter": 1146858, "Actual Rows": 1381453}], "Actual Rows": 1381453}], "Actual Rows": 1381453}], "Actual Rows": 6}], "Actual Rows": 6}], "Actual Rows": 78}, {"Node Type": "Hash", "Parent Relationship": "Inner", "Startup Cost": 1.04, "Total Cost": 1.04, "Plan Rows": 1, "Plan Width": 4, "Actual Min Startup Time": 0.069, "Actual Max Startup Time": 0.069, "Actual Min Total Time": 0.069, "Actual Max Total Time": 0.069, "Max Hash Buckets": 32768, "Min Hash Buckets": 32768, "Max Hash Batches": 1, "Min Hash Batches": 1, "Max Original Hash Batches": 1, "Min Original Hash Batches": 1, "Max Peak Memory Usage": 1, "min Peak Memory Usage": 1, "Plans": [{"Node Type": "Seq Scan", "Parent Relationship": "Outer", "Relation Name": "company_type", "Alias": "ct", "Startup Cost": 0.0, "Total Cost": 1.04, "Plan Rows": 1, "Plan Width": 4, "Actual Min Startup Time": 0.042, "Actual Max Startup Time": 0.042, "Actual Min Total Time": 0.046, "Actual Max Total Time": 0.046, "Filter": "((kind)::text = 'production companies'::text)", "Rows Removed by Filter": 2, "Actual Rows": 1}], "Actual Rows": 1}], "Actual Rows": 4}], "Actual Rows": 1}, "Triggers": [], "Planner Runtime": 7, "Total Runtime": 2549.791, "Unique SQL Id": 2492542741}}, "(64, 39)": {"explain_plan": {"Plan": {"Node Type": "Aggregate", "Strategy": "Plain", "Startup Cost": 259667.26, "Total Cost": 259667.27, "Plan Rows": 1, "Plan Width": 113, "Plans": [{"Node Type": "Hash Join", "Parent Relationship": "Outer", "Join Type": "Inner", "Startup Cost": 196064.72, "Total Cost": 254788.06, "Plan Rows": 650559, "Plan Width": 45, "Inner Unique": false, "Hash Cond": "(mc.movie_id = t.id), (LLVM Optimized)", "Plans": [{"Node Type": "Nested Loop", "Parent Relationship": "Outer", "Join Type": "Inner", "Startup Cost": 29278.87, "Total Cost": 77622.54, "Plan Rows": 1304518, "Plan Width": 28, "Inner Unique": false, "Plans": [{"Node Type": "Bitmap Heap Scan", "Parent Relationship": "Outer", "Relation Name": "company_type", "Alias": "ct", "Startup Cost": 8.27, "Total Cost": 12.3, "Plan Rows": 1, "Plan Width": 4, "Filter": "((kind)::text = 'production companies'::text)", "Plans": [{"Node Type": "Bitmap Index Scan", "Parent Relationship": "Outer", "Index Name": "company_type_pkey", "Startup Cost": 0.0, "Total Cost": 8.27, "Plan Rows": 3, "Plan Width": 0}]}, {"Node Type": "Bitmap Heap Scan", "Parent Relationship": "Inner", "Relation Name": "movie_companies", "Alias": "mc", "Startup Cost": 29270.61, "Total Cost": 64565.07, "Plan Rows": 1304517, "Plan Width": 32, "Recheck Cond": "(company_type_id = ct.id), (LLVM Optimized)", "Filter": "((note)::text !~~ '%(as Metro-Goldwyn-Mayer Pictures)%'::text), (LLVM Optimized)", "Plans": [{"Node Type": "Bitmap Index Scan", "Parent Relationship": "Outer", "Index Name": "company_type_id_movie_companies", "Startup Cost": 0.0, "Total Cost": 28944.48, "Plan Rows": 1304564, "Plan Width": 0, "Index Cond": "(company_type_id = ct.id)"}]}]}, {"Node Type": "Hash", "Parent Relationship": "Inner", "Startup Cost": 161187.86, "Total Cost": 161187.86, "Plan Rows": 447839, "Plan Width": 29, "Plans": [{"Node Type": "Hash Join", "Parent Relationship": "Outer", "Join Type": "Inner", "Startup Cost": 141173.61, "Total Cost": 161187.86, "Plan Rows": 447839, "Plan Width": 29, "Inner Unique": true, "Hash Cond": "(mi_idx.movie_id = t.id), (LLVM Optimized)", "Plans": [{"Node Type": "Nested Loop", "Parent Relationship": "Outer", "Join Type": "Inner", "Startup Cost": 7510.87, "Total Cost": 21752.95, "Plan Rows": 345008, "Plan Width": 4, "Inner Unique": false, "Plans": [{"Node Type": "Bitmap Heap Scan", "Parent Relationship": "Outer", "Relation Name": "info_type", "Alias": "it", "Startup Cost": 8.81, "Total Cost": 14.21, "Plan Rows": 1, "Plan Width": 4, "Filter": "((info)::text = 'bottom 10 rank'::text)", "Plans": [{"Node Type": "Bitmap Index Scan", "Parent Relationship": "Outer", "Index Name": "info_type_pkey", "Startup Cost": 0.0, "Total Cost": 8.81, "Plan Rows": 112, "Plan Width": 0}]}, {"Node Type": "Bitmap Heap Scan", "Parent Relationship": "Inner", "Relation Name": "movie_info_idx", "Alias": "mi_idx", "Startup Cost": 7502.06, "Total Cost": 18288.66, "Plan Rows": 345008, "Plan Width": 8, "Recheck Cond": "(info_type_id = it.id), (LLVM Optimized)", "Plans": [{"Node Type": "Bitmap Index Scan", "Parent Relationship": "Outer", "Index Name": "info_type_id_movie_info_idx", "Startup Cost": 0.0, "Total Cost": 7415.81, "Plan Rows": 345008, "Plan Width": 0, "Index Cond": "(info_type_id = it.id)"}]}]}, {"Node Type": "Hash", "Parent Relationship": "Inner", "Startup Cost": 116389.16, "Total Cost": 116389.16, "Plan Rows": 1381886, "Plan Width": 25, "Plans": [{"Node Type": "Bitmap Heap Scan", "Parent Relationship": "Outer", "Relation Name": "title", "Alias": "t", "Startup Cost": 49999.28, "Total Cost": 116389.16, "Plan Rows": 1381886, "Plan Width": 25, "Filter": "(production_year > 2000), (LLVM Optimized)", "Plans": [{"Node Type": "Bitmap Index Scan", "Parent Relationship": "Outer", "Index Name": "title_pkey", "Startup Cost": 0.0, "Total Cost": 49653.81, "Plan Rows": 2528311, "Plan Width": 0}]}]}]}]}]}]}, "Unique SQL Id": 2492542741, "Planner Runtime": 5}, "explain_analyze_plan": {"Plan": {"Node Type": "Aggregate", "Strategy": "Plain", "Startup Cost": 259667.26, "Total Cost": 259667.27, "Plan Rows": 1, "Plan Width": 113, "Actual Startup Time": 2842.228, "Actual Total Time": 2842.228, "Actual Rows": 1, "Actual Loops": 1, "Plans": [{"Node Type": "Hash Join", "Parent Relationship": "Outer", "Join Type": "Inner", "Startup Cost": 196064.72, "Total Cost": 254788.06, "Plan Rows": 650559, "Plan Width": 45, "Actual Startup Time": 2595.719, "Actual Total Time": 2842.183, "Actual Rows": 4, "Actual Loops": 1, "Inner Unique": false, "Hash Cond": "(mc.movie_id = t.id), (LLVM Optimized, Jit Execute)", "Plans": [{"Node Type": "Nested Loop", "Parent Relationship": "Outer", "Join Type": "Inner", "Startup Cost": 29278.87, "Total Cost": 77622.54, "Plan Rows": 1304518, "Plan Width": 28, "Actual Startup Time": 145.789, "Actual Total Time": 612.976, "Actual Rows": 140904, "Actual Loops": 1, "Inner Unique": false, "Plans": [{"Node Type": "Bitmap Heap Scan", "Parent Relationship": "Outer", "Relation Name": "company_type", "Alias": "ct", "Startup Cost": 8.27, "Total Cost": 12.3, "Plan Rows": 1, "Plan Width": 4, "Actual Startup Time": 0.034, "Actual Total Time": 0.041, "Actual Rows": 1, "Actual Loops": 1, "Filter": "((kind)::text = 'production companies'::text)", "Rows Removed by Filter": 2, "Exact Heap Blocks": 1, "Lossy Heap Blocks": 1, "Plans": [{"Node Type": "Bitmap Index Scan", "Parent Relationship": "Outer", "Index Name": "company_type_pkey", "Startup Cost": 0.0, "Total Cost": 8.27, "Plan Rows": 3, "Plan Width": 0, "Actual Startup Time": 0.015, "Actual Total Time": 0.015, "Actual Rows": 3, "Actual Loops": 1}]}, {"Node Type": "Bitmap Heap Scan", "Parent Relationship": "Inner", "Relation Name": "movie_companies", "Alias": "mc", "Startup Cost": 29270.61, "Total Cost": 64565.07, "Plan Rows": 1304517, "Plan Width": 32, "Actual Startup Time": 145.748, "Actual Total Time": 585.465, "Actual Rows": 140904, "Actual Loops": 1, "Recheck Cond": "(company_type_id = ct.id), (LLVM Optimized, Jit Execute)", "Rows Removed by Index Recheck": 0, "Filter": "((note)::text !~~ '%(as Metro-Goldwyn-Mayer Pictures)%'::text), (LLVM Optimized, Jit Execute)", "Rows Removed by Filter": 1193979, "Exact Heap Blocks": 6196, "Lossy Heap Blocks": 6196, "Plans": [{"Node Type": "Bitmap Index Scan", "Parent Relationship": "Outer", "Index Name": "company_type_id_movie_companies", "Startup Cost": 0.0, "Total Cost": 28944.48, "Plan Rows": 1304564, "Plan Width": 0, "Actual Startup Time": 144.542, "Actual Total Time": 144.542, "Actual Rows": 1334883, "Actual Loops": 1, "Index Cond": "(company_type_id = ct.id)"}]}]}, {"Node Type": "Hash", "Parent Relationship": "Inner", "Startup Cost": 161187.86, "Total Cost": 161187.86, "Plan Rows": 447839, "Plan Width": 29, "Actual Startup Time": 2199.499, "Actual Total Time": 2199.499, "Actual Rows": 6, "Actual Loops": 1, "Hash Buckets": 524288, "Hash Batches": 1, "Original Hash Batches": 1, "Peak Memory Usage": 1, "Plans": [{"Node Type": "Hash Join", "Parent Relationship": "Outer", "Join Type": "Inner", "Startup Cost": 141173.61, "Total Cost": 161187.86, "Plan Rows": 447839, "Plan Width": 29, "Actual Startup Time": 2199.477, "Actual Total Time": 2199.492, "Actual Rows": 6, "Actual Loops": 1, "Inner Unique": true, "Hash Cond": "(mi_idx.movie_id = t.id), (LLVM Optimized, Jit Execute)", "Plans": [{"Node Type": "Nested Loop", "Parent Relationship": "Outer", "Join Type": "Inner", "Startup Cost": 7510.87, "Total Cost": 21752.95, "Plan Rows": 345008, "Plan Width": 4, "Actual Startup Time": 0.139, "Actual Total Time": 0.153, "Actual Rows": 10, "Actual Loops": 1, "Inner Unique": false, "Plans": [{"Node Type": "Bitmap Heap Scan", "Parent Relationship": "Outer", "Relation Name": "info_type", "Alias": "it", "Startup Cost": 8.81, "Total Cost": 14.21, "Plan Rows": 1, "Plan Width": 4, "Actual Startup Time": 0.094, "Actual Total Time": 0.096, "Actual Rows": 1, "Actual Loops": 1, "Filter": "((info)::text = 'bottom 10 rank'::text)", "Rows Removed by Filter": 111, "Exact Heap Blocks": 1, "Lossy Heap Blocks": 1, "Plans": [{"Node Type": "Bitmap Index Scan", "Parent Relationship": "Outer", "Index Name": "info_type_pkey", "Startup Cost": 0.0, "Total Cost": 8.81, "Plan Rows": 112, "Plan Width": 0, "Actual Startup Time": 0.018, "Actual Total Time": 0.018, "Actual Rows": 112, "Actual Loops": 1}]}, {"Node Type": "Bitmap Heap Scan", "Parent Relationship": "Inner", "Relation Name": "movie_info_idx", "Alias": "mi_idx", "Startup Cost": 7502.06, "Total Cost": 18288.66, "Plan Rows": 345008, "Plan Width": 8, "Actual Startup Time": 0.033, "Actual Total Time": 0.039, "Actual Rows": 10, "Actual Loops": 1, "Recheck Cond": "(info_type_id = it.id), (LLVM Optimized, Jit Execute)", "Rows Removed by Index Recheck": 0, "Exact Heap Blocks": 1, "Lossy Heap Blocks": 1, "Plans": [{"Node Type": "Bitmap Index Scan", "Parent Relationship": "Outer", "Index Name": "info_type_id_movie_info_idx", "Startup Cost": 0.0, "Total Cost": 7415.81, "Plan Rows": 345008, "Plan Width": 0, "Actual Startup Time": 0.013, "Actual Total Time": 0.013, "Actual Rows": 10, "Actual Loops": 1, "Index Cond": "(info_type_id = it.id)"}]}]}, {"Node Type": "Hash", "Parent Relationship": "Inner", "Startup Cost": 116389.16, "Total Cost": 116389.16, "Plan Rows": 1381886, "Plan Width": 25, "Actual Startup Time": 2197.3, "Actual Total Time": 2197.3, "Actual Rows": 1381453, "Actual Loops": 1, "Hash Buckets": 2097152, "Hash Batches": 1, "Original Hash Batches": 1, "Peak Memory Usage": 79393, "Plans": [{"Node Type": "Bitmap Heap Scan", "Parent Relationship": "Outer", "Relation Name": "title", "Alias": "t", "Startup Cost": 49999.28, "Total Cost": 116389.16, "Plan Rows": 1381886, "Plan Width": 25, "Actual Startup Time": 312.761, "Actual Total Time": 1576.915, "Actual Rows": 1381453, "Actual Loops": 1, "Filter": "(production_year > 2000), (LLVM Optimized, Jit Execute)", "Rows Removed by Filter": 1146858, "Exact Heap Blocks": 34786, "Lossy Heap Blocks": 34786, "Plans": [{"Node Type": "Bitmap Index Scan", "Parent Relationship": "Outer", "Index Name": "title_pkey", "Startup Cost": 0.0, "Total Cost": 49653.81, "Plan Rows": 2528311, "Plan Width": 0, "Actual Startup Time": 304.689, "Actual Total Time": 304.689, "Actual Rows": 2528311, "Actual Loops": 1}]}]}]}]}]}]}, "Triggers": [], "Planner Runtime": 5, "Total Runtime": 2853.319, "Unique SQL Id": 2492542741}}, "(64, 40)": {"explain_plan": {"Plan": {"Node Type": "Aggregate", "Strategy": "Plain", "Startup Cost": 230727.96, "Total Cost": 230727.97, "Plan Rows": 1, "Plan Width": 113, "Plans": [{"Node Type": "Hash Join", "Parent Relationship": "Outer", "Join Type": "Inner", "Startup Cost": 148375.81, "Total Cost": 225848.77, "Plan Rows": 650559, "Plan Width": 45, "Inner Unique": true, "Hash Cond": "(mc.company_type_id = ct.id), (LLVM Optimized)", "Plans": [{"Node Type": "Hash Join", "Parent Relationship": "Outer", "Join Type": "Inner", "Startup Cost": 148374.76, "Total Cost": 217260.4, "Plan Rows": 1055184, "Plan Width": 49, "Inner Unique": false, "Hash Cond": "(mc.movie_id = t.id), (LLVM Optimized)", "Plans": [{"Node Type": "Seq Scan", "Parent Relationship": "Outer", "Relation Name": "movie_companies", "Alias": "mc", "Startup Cost": 0.0, "Total Cost": 48340.1, "Plan Rows": 2609035, "Plan Width": 32, "Filter": "((note)::text !~~ '%(as Metro-Goldwyn-Mayer Pictures)%'::text), (LLVM Optimized)"}, {"Node Type": "Hash", "Parent Relationship": "Inner", "Startup Cost": 142776.78, "Total Cost": 142776.78, "Plan Rows": 447839, "Plan Width": 29, "Plans": [{"Node Type": "Hash Join", "Parent Relationship": "Outer", "Join Type": "Inner", "Startup Cost": 109821.48, "Total Cost": 142776.78, "Plan Rows": 447839, "Plan Width": 29, "Inner Unique": true, "Hash Cond": "(mi_idx.movie_id = t.id), (LLVM Optimized)", "Plans": [{"Node Type": "Hash Join", "Parent Relationship": "Outer", "Join Type": "Inner", "Startup Cost": 2.41, "Total Cost": 27185.54, "Plan Rows": 345008, "Plan Width": 4, "Inner Unique": true, "Hash Cond": "(mi_idx.info_type_id = it.id), (LLVM Optimized)", "Plans": [{"Node Type": "Seq Scan", "Parent Relationship": "Outer", "Relation Name": "movie_info_idx", "Alias": "mi_idx", "Startup Cost": 0.0, "Total Cost": 20274.34, "Plan Rows": 1380034, "Plan Width": 8}, {"Node Type": "Hash", "Parent Relationship": "Inner", "Startup Cost": 2.4, "Total Cost": 2.4, "Plan Rows": 1, "Plan Width": 4, "Plans": [{"Node Type": "Seq Scan", "Parent Relationship": "Outer", "Relation Name": "info_type", "Alias": "it", "Startup Cost": 0.0, "Total Cost": 2.4, "Plan Rows": 1, "Plan Width": 4, "Filter": "((info)::text = 'bottom 10 rank'::text)"}]}]}, {"Node Type": "Hash", "Parent Relationship": "Inner", "Startup Cost": 92545.49, "Total Cost": 92545.49, "Plan Rows": 1381886, "Plan Width": 25, "Plans": [{"Node Type": "Streaming(type: LOCAL GATHER dop: 1/64)", "Parent Relationship": "Outer", "Startup Cost": 0.0, "Total Cost": 92545.49, "Plan Rows": 1381886, "Plan Width": 25, "Plans": [{"Node Type": "Seq Scan", "Parent Relationship": "Outer", "Relation Name": "title", "Alias": "t", "Startup Cost": 0.0, "Total Cost": 64037.34, "Plan Rows": 1381886, "Plan Width": 25, "Filter": "(production_year > 2000), (LLVM Optimized)"}]}]}]}]}]}, {"Node Type": "Hash", "Parent Relationship": "Inner", "Startup Cost": 1.04, "Total Cost": 1.04, "Plan Rows": 1, "Plan Width": 4, "Plans": [{"Node Type": "Seq Scan", "Parent Relationship": "Outer", "Relation Name": "company_type", "Alias": "ct", "Startup Cost": 0.0, "Total Cost": 1.04, "Plan Rows": 1, "Plan Width": 4, "Filter": "((kind)::text = 'production companies'::text)"}]}]}]}, "Unique SQL Id": 2492542741, "Planner Runtime": 7}, "explain_analyze_plan": {"Plan": {"Node Type": "Aggregate", "Strategy": "Plain", "Startup Cost": 230727.96, "Total Cost": 230727.97, "Plan Rows": 1, "Plan Width": 113, "Actual Min Startup Time": 3001.109, "Actual Max Startup Time": 3001.109, "Actual Min Total Time": 3001.11, "Actual Max Total Time": 3001.11, "Plans": [{"Node Type": "Hash Join", "Parent Relationship": "Outer", "Join Type": "Inner", "Startup Cost": 148375.81, "Total Cost": 225848.77, "Plan Rows": 650559, "Plan Width": 45, "Actual Min Startup Time": 2826.935, "Actual Max Startup Time": 2826.935, "Actual Min Total Time": 3001.05, "Actual Max Total Time": 3001.05, "Inner Unique": true, "Hash Cond": "(mc.company_type_id = ct.id), (LLVM Optimized, Jit Execute)", "Plans": [{"Node Type": "Hash Join", "Parent Relationship": "Outer", "Join Type": "Inner", "Startup Cost": 148374.76, "Total Cost": 217260.4, "Plan Rows": 1055184, "Plan Width": 49, "Actual Min Startup Time": 2128.871, "Actual Max Startup Time": 2128.871, "Actual Min Total Time": 3000.762, "Actual Max Total Time": 3000.762, "Inner Unique": false, "Hash Cond": "(mc.movie_id = t.id), (LLVM Optimized, Jit Execute)", "Plans": [{"Node Type": "Seq Scan", "Parent Relationship": "Outer", "Relation Name": "movie_companies", "Alias": "mc", "Startup Cost": 0.0, "Total Cost": 48340.1, "Plan Rows": 2609035, "Plan Width": 32, "Actual Min Startup Time": 0.059, "Actual Max Startup Time": 0.059, "Actual Min Total Time": 914.102, "Actual Max Total Time": 914.102, "Filter": "((note)::text !~~ '%(as Metro-Goldwyn-Mayer Pictures)%'::text), (LLVM Optimized, Jit Execute)", "Rows Removed by Filter": 1272041, "Actual Rows": 1337087}, {"Node Type": "Hash", "Parent Relationship": "Inner", "Startup Cost": 142776.78, "Total Cost": 142776.78, "Plan Rows": 447839, "Plan Width": 29, "Actual Min Startup Time": 1821.283, "Actual Max Startup Time": 1821.283, "Actual Min Total Time": 1821.283, "Actual Max Total Time": 1821.283, "Max Hash Buckets": 524288, "Min Hash Buckets": 524288, "Max Hash Batches": 1, "Min Hash Batches": 1, "Max Original Hash Batches": 1, "Min Original Hash Batches": 1, "Max Peak Memory Usage": 1, "min Peak Memory Usage": 1, "Plans": [{"Node Type": "Hash Join", "Parent Relationship": "Outer", "Join Type": "Inner", "Startup Cost": 109821.48, "Total Cost": 142776.78, "Plan Rows": 447839, "Plan Width": 29, "Actual Min Startup Time": 1821.202, "Actual Max Startup Time": 1821.202, "Actual Min Total Time": 1821.253, "Actual Max Total Time": 1821.253, "Inner Unique": true, "Hash Cond": "(mi_idx.movie_id = t.id), (LLVM Optimized, Jit Execute)", "Plans": [{"Node Type": "Hash Join", "Parent Relationship": "Outer", "Join Type": "Inner", "Startup Cost": 2.41, "Total Cost": 27185.54, "Plan Rows": 345008, "Plan Width": 4, "Actual Min Startup Time": 530.91, "Actual Max Startup Time": 530.91, "Actual Min Total Time": 530.917, "Actual Max Total Time": 530.917, "Inner Unique": true, "Hash Cond": "(mi_idx.info_type_id = it.id), (LLVM Optimized, Jit Execute)", "Plans": [{"Node Type": "Seq Scan", "Parent Relationship": "Outer", "Relation Name": "movie_info_idx", "Alias": "mi_idx", "Startup Cost": 0.0, "Total Cost": 20274.34, "Plan Rows": 1380034, "Plan Width": 8, "Actual Min Startup Time": 0.047, "Actual Max Startup Time": 0.047, "Actual Min Total Time": 299.951, "Actual Max Total Time": 299.951, "Actual Rows": 1380034}, {"Node Type": "Hash", "Parent Relationship": "Inner", "Startup Cost": 2.4, "Total Cost": 2.4, "Plan Rows": 1, "Plan Width": 4, "Actual Min Startup Time": 0.09, "Actual Max Startup Time": 0.09, "Actual Min Total Time": 0.09, "Actual Max Total Time": 0.09, "Max Hash Buckets": 32768, "Min Hash Buckets": 32768, "Max Hash Batches": 1, "Min Hash Batches": 1, "Max Original Hash Batches": 1, "Min Original Hash Batches": 1, "Max Peak Memory Usage": 1, "min Peak Memory Usage": 1, "Plans": [{"Node Type": "Seq Scan", "Parent Relationship": "Outer", "Relation Name": "info_type", "Alias": "it", "Startup Cost": 0.0, "Total Cost": 2.4, "Plan Rows": 1, "Plan Width": 4, "Actual Min Startup Time": 0.075, "Actual Max Startup Time": 0.075, "Actual Min Total Time": 0.077, "Actual Max Total Time": 0.077, "Filter": "((info)::text = 'bottom 10 rank'::text)", "Rows Removed by Filter": 111, "Actual Rows": 1}], "Actual Rows": 1}], "Actual Rows": 10}, {"Node Type": "Hash", "Parent Relationship": "Inner", "Startup Cost": 92545.49, "Total Cost": 92545.49, "Plan Rows": 1381886, "Plan Width": 25, "Actual Min Startup Time": 1287.765, "Actual Max Startup Time": 1287.765, "Actual Min Total Time": 1287.765, "Actual Max Total Time": 1287.765, "Max Hash Buckets": 2097152, "Min Hash Buckets": 2097152, "Max Hash Batches": 1, "Min Hash Batches": 1, "Max Original Hash Batches": 1, "Min Original Hash Batches": 1, "Max Peak Memory Usage": 79393, "min Peak Memory Usage": 79393, "Plans": [{"Node Type": "Streaming(type: LOCAL GATHER dop: 1/64)", "Parent Relationship": "Outer", "Startup Cost": 0.0, "Total Cost": 92545.49, "Plan Rows": 1381886, "Plan Width": 25, "Actual Min Startup Time": 38.785, "Actual Max Startup Time": 38.785, "Actual Min Total Time": 711.052, "Actual Max Total Time": 711.052, "Plans": [{"Node Type": "Seq Scan", "Parent Relationship": "Outer", "Relation Name": "title", "Alias": "t", "Startup Cost": 0.0, "Total Cost": 64037.34, "Plan Rows": 1381886, "Plan Width": 25, "Actual Min Startup Time": 0.026, "Actual Max Startup Time": 0.057, "Actual Min Total Time": 14.87, "Actual Max Total Time": 19.066, "Filter": "(production_year > 2000), (LLVM Optimized, Jit Execute)", "Rows Removed by Filter": 1146858, "Actual Rows": 1381453}], "Actual Rows": 1381453}], "Actual Rows": 1381453}], "Actual Rows": 6}], "Actual Rows": 6}], "Actual Rows": 78}, {"Node Type": "Hash", "Parent Relationship": "Inner", "Startup Cost": 1.04, "Total Cost": 1.04, "Plan Rows": 1, "Plan Width": 4, "Actual Min Startup Time": 0.063, "Actual Max Startup Time": 0.063, "Actual Min Total Time": 0.063, "Actual Max Total Time": 0.063, "Max Hash Buckets": 32768, "Min Hash Buckets": 32768, "Max Hash Batches": 1, "Min Hash Batches": 1, "Max Original Hash Batches": 1, "Min Original Hash Batches": 1, "Max Peak Memory Usage": 1, "min Peak Memory Usage": 1, "Plans": [{"Node Type": "Seq Scan", "Parent Relationship": "Outer", "Relation Name": "company_type", "Alias": "ct", "Startup Cost": 0.0, "Total Cost": 1.04, "Plan Rows": 1, "Plan Width": 4, "Actual Min Startup Time": 0.042, "Actual Max Startup Time": 0.042, "Actual Min Total Time": 0.045, "Actual Max Total Time": 0.045, "Filter": "((kind)::text = 'production companies'::text)", "Rows Removed by Filter": 2, "Actual Rows": 1}], "Actual Rows": 1}], "Actual Rows": 4}], "Actual Rows": 1}, "Triggers": [], "Planner Runtime": 6, "Total Runtime": 3023.94, "Unique SQL Id": 2492542741}}, "(64, 41)": {"explain_plan": {"Plan": {"Node Type": "Aggregate", "Strategy": "Plain", "Startup Cost": 268118.48, "Total Cost": 268118.49, "Plan Rows": 1, "Plan Width": 113, "Plans": [{"Node Type": "Hash Join", "Parent Relationship": "Outer", "Join Type": "Inner", "Startup Cost": 183423.2, "Total Cost": 263239.28, "Plan Rows": 650559, "Plan Width": 45, "Inner Unique": false, "Hash Cond": "(mc.movie_id = t.id), (LLVM Optimized)", "Plans": [{"Node Type": "Nested Loop", "Parent Relationship": "Outer", "Join Type": "Inner", "Startup Cost": 0.0, "Total Cost": 69436.41, "Plan Rows": 1304518, "Plan Width": 28, "Inner Unique": false, "Plans": [{"Node Type": "Index Scan", "Parent Relationship": "Outer", "Scan Direction": "Forward", "Index Name": "company_type_pkey", "Relation Name": "company_type", "Alias": "ct", "Startup Cost": 0.0, "Total Cost": 12.3, "Plan Rows": 1, "Plan Width": 4, "Filter": "((kind)::text = 'production companies'::text)"}, {"Node Type": "Index Scan", "Parent Relationship": "Inner", "Scan Direction": "Forward", "Index Name": "company_type_id_movie_companies", "Relation Name": "movie_companies", "Alias": "mc", "Startup Cost": 0.0, "Total Cost": 56378.94, "Plan Rows": 1304517, "Plan Width": 32, "Index Cond": "(company_type_id = ct.id), (LLVM Optimized)", "Filter": "((note)::text !~~ '%(as Metro-Goldwyn-Mayer Pictures)%'::text), (LLVM Optimized)"}]}, {"Node Type": "Hash", "Parent Relationship": "Inner", "Startup Cost": 177825.21, "Total Cost": 177825.21, "Plan Rows": 447839, "Plan Width": 29, "Plans": [{"Node Type": "Hash Join", "Parent Relationship": "Outer", "Join Type": "Inner", "Startup Cost": 133714.84, "Total Cost": 177825.21, "Plan Rows": 447839, "Plan Width": 29, "Inner Unique": true, "Hash Cond": "(mi_idx.movie_id = t.id), (LLVM Optimized)", "Plans": [{"Node Type": "Nested Loop", "Parent Relationship": "Outer", "Join Type": "Inner", "Startup Cost": 0.0, "Total Cost": 38338.2, "Plan Rows": 345008, "Plan Width": 4, "Inner Unique": false, "Plans": [{"Node Type": "Index Scan", "Parent Relationship": "Outer", "Scan Direction": "Forward", "Index Name": "info_type_pkey", "Relation Name": "info_type", "Alias": "it", "Startup Cost": 0.0, "Total Cost": 14.21, "Plan Rows": 1, "Plan Width": 4, "Filter": "((info)::text = 'bottom 10 rank'::text)"}, {"Node Type": "Index Scan", "Parent Relationship": "Inner", "Scan Direction": "Forward", "Index Name": "info_type_id_movie_info_idx", "Relation Name": "movie_info_idx", "Alias": "mi_idx", "Startup Cost": 0.0, "Total Cost": 34873.91, "Plan Rows": 345008, "Plan Width": 8, "Index Cond": "(info_type_id = it.id), (LLVM Optimized)"}]}, {"Node Type": "Hash", "Parent Relationship": "Inner", "Startup Cost": 116441.27, "Total Cost": 116441.27, "Plan Rows": 1381886, "Plan Width": 25, "Plans": [{"Node Type": "Index Scan", "Parent Relationship": "Outer", "Scan Direction": "Forward", "Index Name": "title_pkey", "Relation Name": "title", "Alias": "t", "Startup Cost": 0.0, "Total Cost": 116441.27, "Plan Rows": 1381886, "Plan Width": 25, "Filter": "(production_year > 2000), (LLVM Optimized)"}]}]}]}]}]}, "Unique SQL Id": 2492542741, "Planner Runtime": 5}, "explain_analyze_plan": null}, "(64, 42)": {"explain_plan": {"Plan": {"Node Type": "Aggregate", "Strategy": "Plain", "Startup Cost": 230727.96, "Total Cost": 230727.97, "Plan Rows": 1, "Plan Width": 113, "Plans": [{"Node Type": "Hash Join", "Parent Relationship": "Outer", "Join Type": "Inner", "Startup Cost": 148375.81, "Total Cost": 225848.77, "Plan Rows": 650559, "Plan Width": 45, "Inner Unique": true, "Hash Cond": "(mc.company_type_id = ct.id), (LLVM Optimized)", "Plans": [{"Node Type": "Hash Join", "Parent Relationship": "Outer", "Join Type": "Inner", "Startup Cost": 148374.76, "Total Cost": 217260.4, "Plan Rows": 1055184, "Plan Width": 49, "Inner Unique": false, "Hash Cond": "(mc.movie_id = t.id), (LLVM Optimized)", "Plans": [{"Node Type": "Seq Scan", "Parent Relationship": "Outer", "Relation Name": "movie_companies", "Alias": "mc", "Startup Cost": 0.0, "Total Cost": 48340.1, "Plan Rows": 2609035, "Plan Width": 32, "Filter": "((note)::text !~~ '%(as Metro-Goldwyn-Mayer Pictures)%'::text), (LLVM Optimized)"}, {"Node Type": "Hash", "Parent Relationship": "Inner", "Startup Cost": 142776.78, "Total Cost": 142776.78, "Plan Rows": 447839, "Plan Width": 29, "Plans": [{"Node Type": "Hash Join", "Parent Relationship": "Outer", "Join Type": "Inner", "Startup Cost": 109821.48, "Total Cost": 142776.78, "Plan Rows": 447839, "Plan Width": 29, "Inner Unique": true, "Hash Cond": "(mi_idx.movie_id = t.id), (LLVM Optimized)", "Plans": [{"Node Type": "Hash Join", "Parent Relationship": "Outer", "Join Type": "Inner", "Startup Cost": 2.41, "Total Cost": 27185.54, "Plan Rows": 345008, "Plan Width": 4, "Inner Unique": true, "Hash Cond": "(mi_idx.info_type_id = it.id), (LLVM Optimized)", "Plans": [{"Node Type": "Seq Scan", "Parent Relationship": "Outer", "Relation Name": "movie_info_idx", "Alias": "mi_idx", "Startup Cost": 0.0, "Total Cost": 20274.34, "Plan Rows": 1380034, "Plan Width": 8}, {"Node Type": "Hash", "Parent Relationship": "Inner", "Startup Cost": 2.4, "Total Cost": 2.4, "Plan Rows": 1, "Plan Width": 4, "Plans": [{"Node Type": "Seq Scan", "Parent Relationship": "Outer", "Relation Name": "info_type", "Alias": "it", "Startup Cost": 0.0, "Total Cost": 2.4, "Plan Rows": 1, "Plan Width": 4, "Filter": "((info)::text = 'bottom 10 rank'::text)"}]}]}, {"Node Type": "Hash", "Parent Relationship": "Inner", "Startup Cost": 92545.49, "Total Cost": 92545.49, "Plan Rows": 1381886, "Plan Width": 25, "Plans": [{"Node Type": "Streaming(type: LOCAL GATHER dop: 1/64)", "Parent Relationship": "Outer", "Startup Cost": 0.0, "Total Cost": 92545.49, "Plan Rows": 1381886, "Plan Width": 25, "Plans": [{"Node Type": "Seq Scan", "Parent Relationship": "Outer", "Relation Name": "title", "Alias": "t", "Startup Cost": 0.0, "Total Cost": 64037.34, "Plan Rows": 1381886, "Plan Width": 25, "Filter": "(production_year > 2000), (LLVM Optimized)"}]}]}]}]}]}, {"Node Type": "Hash", "Parent Relationship": "Inner", "Startup Cost": 1.04, "Total Cost": 1.04, "Plan Rows": 1, "Plan Width": 4, "Plans": [{"Node Type": "Seq Scan", "Parent Relationship": "Outer", "Relation Name": "company_type", "Alias": "ct", "Startup Cost": 0.0, "Total Cost": 1.04, "Plan Rows": 1, "Plan Width": 4, "Filter": "((kind)::text = 'production companies'::text)"}]}]}]}, "Unique SQL Id": 2492542741, "Planner Runtime": 8}, "explain_analyze_plan": {"Plan": {"Node Type": "Aggregate", "Strategy": "Plain", "Startup Cost": 230727.96, "Total Cost": 230727.97, "Plan Rows": 1, "Plan Width": 113, "Actual Min Startup Time": 3001.109, "Actual Max Startup Time": 3001.109, "Actual Min Total Time": 3001.11, "Actual Max Total Time": 3001.11, "Plans": [{"Node Type": "Hash Join", "Parent Relationship": "Outer", "Join Type": "Inner", "Startup Cost": 148375.81, "Total Cost": 225848.77, "Plan Rows": 650559, "Plan Width": 45, "Actual Min Startup Time": 2826.935, "Actual Max Startup Time": 2826.935, "Actual Min Total Time": 3001.05, "Actual Max Total Time": 3001.05, "Inner Unique": true, "Hash Cond": "(mc.company_type_id = ct.id), (LLVM Optimized, Jit Execute)", "Plans": [{"Node Type": "Hash Join", "Parent Relationship": "Outer", "Join Type": "Inner", "Startup Cost": 148374.76, "Total Cost": 217260.4, "Plan Rows": 1055184, "Plan Width": 49, "Actual Min Startup Time": 2128.871, "Actual Max Startup Time": 2128.871, "Actual Min Total Time": 3000.762, "Actual Max Total Time": 3000.762, "Inner Unique": false, "Hash Cond": "(mc.movie_id = t.id), (LLVM Optimized, Jit Execute)", "Plans": [{"Node Type": "Seq Scan", "Parent Relationship": "Outer", "Relation Name": "movie_companies", "Alias": "mc", "Startup Cost": 0.0, "Total Cost": 48340.1, "Plan Rows": 2609035, "Plan Width": 32, "Actual Min Startup Time": 0.059, "Actual Max Startup Time": 0.059, "Actual Min Total Time": 914.102, "Actual Max Total Time": 914.102, "Filter": "((note)::text !~~ '%(as Metro-Goldwyn-Mayer Pictures)%'::text), (LLVM Optimized, Jit Execute)", "Rows Removed by Filter": 1272041, "Actual Rows": 1337087}, {"Node Type": "Hash", "Parent Relationship": "Inner", "Startup Cost": 142776.78, "Total Cost": 142776.78, "Plan Rows": 447839, "Plan Width": 29, "Actual Min Startup Time": 1821.283, "Actual Max Startup Time": 1821.283, "Actual Min Total Time": 1821.283, "Actual Max Total Time": 1821.283, "Max Hash Buckets": 524288, "Min Hash Buckets": 524288, "Max Hash Batches": 1, "Min Hash Batches": 1, "Max Original Hash Batches": 1, "Min Original Hash Batches": 1, "Max Peak Memory Usage": 1, "min Peak Memory Usage": 1, "Plans": [{"Node Type": "Hash Join", "Parent Relationship": "Outer", "Join Type": "Inner", "Startup Cost": 109821.48, "Total Cost": 142776.78, "Plan Rows": 447839, "Plan Width": 29, "Actual Min Startup Time": 1821.202, "Actual Max Startup Time": 1821.202, "Actual Min Total Time": 1821.253, "Actual Max Total Time": 1821.253, "Inner Unique": true, "Hash Cond": "(mi_idx.movie_id = t.id), (LLVM Optimized, Jit Execute)", "Plans": [{"Node Type": "Hash Join", "Parent Relationship": "Outer", "Join Type": "Inner", "Startup Cost": 2.41, "Total Cost": 27185.54, "Plan Rows": 345008, "Plan Width": 4, "Actual Min Startup Time": 530.91, "Actual Max Startup Time": 530.91, "Actual Min Total Time": 530.917, "Actual Max Total Time": 530.917, "Inner Unique": true, "Hash Cond": "(mi_idx.info_type_id = it.id), (LLVM Optimized, Jit Execute)", "Plans": [{"Node Type": "Seq Scan", "Parent Relationship": "Outer", "Relation Name": "movie_info_idx", "Alias": "mi_idx", "Startup Cost": 0.0, "Total Cost": 20274.34, "Plan Rows": 1380034, "Plan Width": 8, "Actual Min Startup Time": 0.047, "Actual Max Startup Time": 0.047, "Actual Min Total Time": 299.951, "Actual Max Total Time": 299.951, "Actual Rows": 1380034}, {"Node Type": "Hash", "Parent Relationship": "Inner", "Startup Cost": 2.4, "Total Cost": 2.4, "Plan Rows": 1, "Plan Width": 4, "Actual Min Startup Time": 0.09, "Actual Max Startup Time": 0.09, "Actual Min Total Time": 0.09, "Actual Max Total Time": 0.09, "Max Hash Buckets": 32768, "Min Hash Buckets": 32768, "Max Hash Batches": 1, "Min Hash Batches": 1, "Max Original Hash Batches": 1, "Min Original Hash Batches": 1, "Max Peak Memory Usage": 1, "min Peak Memory Usage": 1, "Plans": [{"Node Type": "Seq Scan", "Parent Relationship": "Outer", "Relation Name": "info_type", "Alias": "it", "Startup Cost": 0.0, "Total Cost": 2.4, "Plan Rows": 1, "Plan Width": 4, "Actual Min Startup Time": 0.075, "Actual Max Startup Time": 0.075, "Actual Min Total Time": 0.077, "Actual Max Total Time": 0.077, "Filter": "((info)::text = 'bottom 10 rank'::text)", "Rows Removed by Filter": 111, "Actual Rows": 1}], "Actual Rows": 1}], "Actual Rows": 10}, {"Node Type": "Hash", "Parent Relationship": "Inner", "Startup Cost": 92545.49, "Total Cost": 92545.49, "Plan Rows": 1381886, "Plan Width": 25, "Actual Min Startup Time": 1287.765, "Actual Max Startup Time": 1287.765, "Actual Min Total Time": 1287.765, "Actual Max Total Time": 1287.765, "Max Hash Buckets": 2097152, "Min Hash Buckets": 2097152, "Max Hash Batches": 1, "Min Hash Batches": 1, "Max Original Hash Batches": 1, "Min Original Hash Batches": 1, "Max Peak Memory Usage": 79393, "min Peak Memory Usage": 79393, "Plans": [{"Node Type": "Streaming(type: LOCAL GATHER dop: 1/64)", "Parent Relationship": "Outer", "Startup Cost": 0.0, "Total Cost": 92545.49, "Plan Rows": 1381886, "Plan Width": 25, "Actual Min Startup Time": 38.785, "Actual Max Startup Time": 38.785, "Actual Min Total Time": 711.052, "Actual Max Total Time": 711.052, "Plans": [{"Node Type": "Seq Scan", "Parent Relationship": "Outer", "Relation Name": "title", "Alias": "t", "Startup Cost": 0.0, "Total Cost": 64037.34, "Plan Rows": 1381886, "Plan Width": 25, "Actual Min Startup Time": 0.026, "Actual Max Startup Time": 0.057, "Actual Min Total Time": 14.87, "Actual Max Total Time": 19.066, "Filter": "(production_year > 2000), (LLVM Optimized, Jit Execute)", "Rows Removed by Filter": 1146858, "Actual Rows": 1381453}], "Actual Rows": 1381453}], "Actual Rows": 1381453}], "Actual Rows": 6}], "Actual Rows": 6}], "Actual Rows": 78}, {"Node Type": "Hash", "Parent Relationship": "Inner", "Startup Cost": 1.04, "Total Cost": 1.04, "Plan Rows": 1, "Plan Width": 4, "Actual Min Startup Time": 0.063, "Actual Max Startup Time": 0.063, "Actual Min Total Time": 0.063, "Actual Max Total Time": 0.063, "Max Hash Buckets": 32768, "Min Hash Buckets": 32768, "Max Hash Batches": 1, "Min Hash Batches": 1, "Max Original Hash Batches": 1, "Min Original Hash Batches": 1, "Max Peak Memory Usage": 1, "min Peak Memory Usage": 1, "Plans": [{"Node Type": "Seq Scan", "Parent Relationship": "Outer", "Relation Name": "company_type", "Alias": "ct", "Startup Cost": 0.0, "Total Cost": 1.04, "Plan Rows": 1, "Plan Width": 4, "Actual Min Startup Time": 0.042, "Actual Max Startup Time": 0.042, "Actual Min Total Time": 0.045, "Actual Max Total Time": 0.045, "Filter": "((kind)::text = 'production companies'::text)", "Rows Removed by Filter": 2, "Actual Rows": 1}], "Actual Rows": 1}], "Actual Rows": 4}], "Actual Rows": 1}, "Triggers": [], "Planner Runtime": 6, "Total Runtime": 3023.94, "Unique SQL Id": 2492542741}}, "(64, 43)": {"explain_plan": {"Plan": {"Node Type": "Aggregate", "Strategy": "Plain", "Startup Cost": 5015944704164.11, "Total Cost": 5015944704164.12, "Plan Rows": 1, "Plan Width": 113, "Plans": [{"Node Type": "Nested Loop", "Parent Relationship": "Outer", "Join Type": "Inner", "Startup Cost": 50000000000.0, "Total Cost": 5015944699284.92, "Plan Rows": 650559, "Plan Width": 45, "Inner Unique": false, "Join Filter": "(mc.movie_id = t.id), (LLVM Optimized)", "Plans": [{"Node Type": "Nested Loop", "Parent Relationship": "Outer", "Join Type": "Inner", "Startup Cost": 20000000000.0, "Total Cost": 2000013744593.91, "Plan Rows": 1304518, "Plan Width": 28, "Inner Unique": true, "Join Filter": "(ct.id = mc.company_type_id), (LLVM Optimized)", "Plans": [{"Node Type": "Index Scan", "Parent Relationship": "Outer", "Scan Direction": "Forward", "Index Name": "movie_id_movie_companies", "Relation Name": "movie_companies", "Alias": "mc", "Startup Cost": 10000000000.0, "Total Cost": 1000013704228.13, "Plan Rows": 2609035, "Plan Width": 32, "Filter": "((note)::text !~~ '%(as Metro-Goldwyn-Mayer Pictures)%'::text), (LLVM Optimized)"}, {"Node Type": "Materialize", "Parent Relationship": "Inner", "Startup Cost": 10000000000.0, "Total Cost": 1000000001230.26, "Plan Rows": 1, "Plan Width": 4, "Plans": [{"Node Type": "Index Scan", "Parent Relationship": "Outer", "Scan Direction": "Forward", "Index Name": "company_type_pkey", "Relation Name": "company_type", "Alias": "ct", "Startup Cost": 10000000000.0, "Total Cost": 1000000001230.25, "Plan Rows": 1, "Plan Width": 4, "Filter": "((kind)::text = 'production companies'::text)"}]}]}, {"Node Type": "Materialize", "Parent Relationship": "Inner", "Startup Cost": 30000000000.0, "Total Cost": 3007167745261.58, "Plan Rows": 447839, "Plan Width": 29, "Plans": [{"Node Type": "Nested Loop", "Parent Relationship": "Outer", "Join Type": "Inner", "Startup Cost": 30000000000.0, "Total Cost": 3007167743022.38, "Plan Rows": 447839, "Plan Width": 29, "Inner Unique": false, "Join Filter": "(mi_idx.movie_id = t.id), (LLVM Optimized)", "Plans": [{"Node Type": "Index Scan", "Parent Relationship": "Outer", "Scan Direction": "Forward", "Index Name": "title_pkey", "Relation Name": "title", "Alias": "t", "Startup Cost": 10000000000.0, "Total Cost": 1000011644126.66, "Plan Rows": 1381886, "Plan Width": 25, "Filter": "(production_year > 2000), (LLVM Optimized)"}, {"Node Type": "Materialize", "Parent Relationship": "Inner", "Startup Cost": 20000000000.0, "Total Cost": 2000004673881.92, "Plan Rows": 345008, "Plan Width": 4, "Plans": [{"Node Type": "Nested Loop", "Parent Relationship": "Outer", "Join Type": "Inner", "Startup Cost": 20000000000.0, "Total Cost": 2000004672156.88, "Plan Rows": 345008, "Plan Width": 4, "Inner Unique": true, "Join Filter": "(it.id = mi_idx.info_type_id), (LLVM Optimized)", "Plans": [{"Node Type": "Index Scan", "Parent Relationship": "Outer", "Scan Direction": "Forward", "Index Name": "movie_id_movie_info_idx", "Relation Name": "movie_info_idx", "Alias": "mi_idx", "Startup Cost": 10000000000.0, "Total Cost": 1000004650035.37, "Plan Rows": 1380034, "Plan Width": 8}, {"Node Type": "Materialize", "Parent Relationship": "Inner", "Startup Cost": 10000000000.0, "Total Cost": 1000000001421.0, "Plan Rows": 1, "Plan Width": 4, "Plans": [{"Node Type": "Index Scan", "Parent Relationship": "Outer", "Scan Direction": "Forward", "Index Name": "info_type_pkey", "Relation Name": "info_type", "Alias": "it", "Startup Cost": 10000000000.0, "Total Cost": 1000000001421.0, "Plan Rows": 1, "Plan Width": 4, "Filter": "((info)::text = 'bottom 10 rank'::text)"}]}]}]}]}]}]}]}, "Unique SQL Id": 2492542741, "Planner Runtime": 5}, "explain_analyze_plan": null}, "(64, 44)": {"explain_plan": {"Plan": {"Node Type": "Aggregate", "Strategy": "Plain", "Startup Cost": 230727.96, "Total Cost": 230727.97, "Plan Rows": 1, "Plan Width": 113, "Plans": [{"Node Type": "Hash Join", "Parent Relationship": "Outer", "Join Type": "Inner", "Startup Cost": 148375.81, "Total Cost": 225848.77, "Plan Rows": 650559, "Plan Width": 45, "Inner Unique": true, "Hash Cond": "(mc.company_type_id = ct.id), (LLVM Optimized)", "Plans": [{"Node Type": "Hash Join", "Parent Relationship": "Outer", "Join Type": "Inner", "Startup Cost": 148374.76, "Total Cost": 217260.4, "Plan Rows": 1055184, "Plan Width": 49, "Inner Unique": false, "Hash Cond": "(mc.movie_id = t.id), (LLVM Optimized)", "Plans": [{"Node Type": "Seq Scan", "Parent Relationship": "Outer", "Relation Name": "movie_companies", "Alias": "mc", "Startup Cost": 0.0, "Total Cost": 48340.1, "Plan Rows": 2609035, "Plan Width": 32, "Filter": "((note)::text !~~ '%(as Metro-Goldwyn-Mayer Pictures)%'::text), (LLVM Optimized)"}, {"Node Type": "Hash", "Parent Relationship": "Inner", "Startup Cost": 142776.78, "Total Cost": 142776.78, "Plan Rows": 447839, "Plan Width": 29, "Plans": [{"Node Type": "Hash Join", "Parent Relationship": "Outer", "Join Type": "Inner", "Startup Cost": 109821.48, "Total Cost": 142776.78, "Plan Rows": 447839, "Plan Width": 29, "Inner Unique": true, "Hash Cond": "(mi_idx.movie_id = t.id), (LLVM Optimized)", "Plans": [{"Node Type": "Hash Join", "Parent Relationship": "Outer", "Join Type": "Inner", "Startup Cost": 2.41, "Total Cost": 27185.54, "Plan Rows": 345008, "Plan Width": 4, "Inner Unique": true, "Hash Cond": "(mi_idx.info_type_id = it.id), (LLVM Optimized)", "Plans": [{"Node Type": "Seq Scan", "Parent Relationship": "Outer", "Relation Name": "movie_info_idx", "Alias": "mi_idx", "Startup Cost": 0.0, "Total Cost": 20274.34, "Plan Rows": 1380034, "Plan Width": 8}, {"Node Type": "Hash", "Parent Relationship": "Inner", "Startup Cost": 2.4, "Total Cost": 2.4, "Plan Rows": 1, "Plan Width": 4, "Plans": [{"Node Type": "Seq Scan", "Parent Relationship": "Outer", "Relation Name": "info_type", "Alias": "it", "Startup Cost": 0.0, "Total Cost": 2.4, "Plan Rows": 1, "Plan Width": 4, "Filter": "((info)::text = 'bottom 10 rank'::text)"}]}]}, {"Node Type": "Hash", "Parent Relationship": "Inner", "Startup Cost": 92545.49, "Total Cost": 92545.49, "Plan Rows": 1381886, "Plan Width": 25, "Plans": [{"Node Type": "Streaming(type: LOCAL GATHER dop: 1/64)", "Parent Relationship": "Outer", "Startup Cost": 0.0, "Total Cost": 92545.49, "Plan Rows": 1381886, "Plan Width": 25, "Plans": [{"Node Type": "Seq Scan", "Parent Relationship": "Outer", "Relation Name": "title", "Alias": "t", "Startup Cost": 0.0, "Total Cost": 64037.34, "Plan Rows": 1381886, "Plan Width": 25, "Filter": "(production_year > 2000), (LLVM Optimized)"}]}]}]}]}]}, {"Node Type": "Hash", "Parent Relationship": "Inner", "Startup Cost": 1.04, "Total Cost": 1.04, "Plan Rows": 1, "Plan Width": 4, "Plans": [{"Node Type": "Seq Scan", "Parent Relationship": "Outer", "Relation Name": "company_type", "Alias": "ct", "Startup Cost": 0.0, "Total Cost": 1.04, "Plan Rows": 1, "Plan Width": 4, "Filter": "((kind)::text = 'production companies'::text)"}]}]}]}, "Unique SQL Id": 2492542741, "Planner Runtime": 8}, "explain_analyze_plan": {"Plan": {"Node Type": "Aggregate", "Strategy": "Plain", "Startup Cost": 230727.96, "Total Cost": 230727.97, "Plan Rows": 1, "Plan Width": 113, "Actual Min Startup Time": 3001.109, "Actual Max Startup Time": 3001.109, "Actual Min Total Time": 3001.11, "Actual Max Total Time": 3001.11, "Plans": [{"Node Type": "Hash Join", "Parent Relationship": "Outer", "Join Type": "Inner", "Startup Cost": 148375.81, "Total Cost": 225848.77, "Plan Rows": 650559, "Plan Width": 45, "Actual Min Startup Time": 2826.935, "Actual Max Startup Time": 2826.935, "Actual Min Total Time": 3001.05, "Actual Max Total Time": 3001.05, "Inner Unique": true, "Hash Cond": "(mc.company_type_id = ct.id), (LLVM Optimized, Jit Execute)", "Plans": [{"Node Type": "Hash Join", "Parent Relationship": "Outer", "Join Type": "Inner", "Startup Cost": 148374.76, "Total Cost": 217260.4, "Plan Rows": 1055184, "Plan Width": 49, "Actual Min Startup Time": 2128.871, "Actual Max Startup Time": 2128.871, "Actual Min Total Time": 3000.762, "Actual Max Total Time": 3000.762, "Inner Unique": false, "Hash Cond": "(mc.movie_id = t.id), (LLVM Optimized, Jit Execute)", "Plans": [{"Node Type": "Seq Scan", "Parent Relationship": "Outer", "Relation Name": "movie_companies", "Alias": "mc", "Startup Cost": 0.0, "Total Cost": 48340.1, "Plan Rows": 2609035, "Plan Width": 32, "Actual Min Startup Time": 0.059, "Actual Max Startup Time": 0.059, "Actual Min Total Time": 914.102, "Actual Max Total Time": 914.102, "Filter": "((note)::text !~~ '%(as Metro-Goldwyn-Mayer Pictures)%'::text), (LLVM Optimized, Jit Execute)", "Rows Removed by Filter": 1272041, "Actual Rows": 1337087}, {"Node Type": "Hash", "Parent Relationship": "Inner", "Startup Cost": 142776.78, "Total Cost": 142776.78, "Plan Rows": 447839, "Plan Width": 29, "Actual Min Startup Time": 1821.283, "Actual Max Startup Time": 1821.283, "Actual Min Total Time": 1821.283, "Actual Max Total Time": 1821.283, "Max Hash Buckets": 524288, "Min Hash Buckets": 524288, "Max Hash Batches": 1, "Min Hash Batches": 1, "Max Original Hash Batches": 1, "Min Original Hash Batches": 1, "Max Peak Memory Usage": 1, "min Peak Memory Usage": 1, "Plans": [{"Node Type": "Hash Join", "Parent Relationship": "Outer", "Join Type": "Inner", "Startup Cost": 109821.48, "Total Cost": 142776.78, "Plan Rows": 447839, "Plan Width": 29, "Actual Min Startup Time": 1821.202, "Actual Max Startup Time": 1821.202, "Actual Min Total Time": 1821.253, "Actual Max Total Time": 1821.253, "Inner Unique": true, "Hash Cond": "(mi_idx.movie_id = t.id), (LLVM Optimized, Jit Execute)", "Plans": [{"Node Type": "Hash Join", "Parent Relationship": "Outer", "Join Type": "Inner", "Startup Cost": 2.41, "Total Cost": 27185.54, "Plan Rows": 345008, "Plan Width": 4, "Actual Min Startup Time": 530.91, "Actual Max Startup Time": 530.91, "Actual Min Total Time": 530.917, "Actual Max Total Time": 530.917, "Inner Unique": true, "Hash Cond": "(mi_idx.info_type_id = it.id), (LLVM Optimized, Jit Execute)", "Plans": [{"Node Type": "Seq Scan", "Parent Relationship": "Outer", "Relation Name": "movie_info_idx", "Alias": "mi_idx", "Startup Cost": 0.0, "Total Cost": 20274.34, "Plan Rows": 1380034, "Plan Width": 8, "Actual Min Startup Time": 0.047, "Actual Max Startup Time": 0.047, "Actual Min Total Time": 299.951, "Actual Max Total Time": 299.951, "Actual Rows": 1380034}, {"Node Type": "Hash", "Parent Relationship": "Inner", "Startup Cost": 2.4, "Total Cost": 2.4, "Plan Rows": 1, "Plan Width": 4, "Actual Min Startup Time": 0.09, "Actual Max Startup Time": 0.09, "Actual Min Total Time": 0.09, "Actual Max Total Time": 0.09, "Max Hash Buckets": 32768, "Min Hash Buckets": 32768, "Max Hash Batches": 1, "Min Hash Batches": 1, "Max Original Hash Batches": 1, "Min Original Hash Batches": 1, "Max Peak Memory Usage": 1, "min Peak Memory Usage": 1, "Plans": [{"Node Type": "Seq Scan", "Parent Relationship": "Outer", "Relation Name": "info_type", "Alias": "it", "Startup Cost": 0.0, "Total Cost": 2.4, "Plan Rows": 1, "Plan Width": 4, "Actual Min Startup Time": 0.075, "Actual Max Startup Time": 0.075, "Actual Min Total Time": 0.077, "Actual Max Total Time": 0.077, "Filter": "((info)::text = 'bottom 10 rank'::text)", "Rows Removed by Filter": 111, "Actual Rows": 1}], "Actual Rows": 1}], "Actual Rows": 10}, {"Node Type": "Hash", "Parent Relationship": "Inner", "Startup Cost": 92545.49, "Total Cost": 92545.49, "Plan Rows": 1381886, "Plan Width": 25, "Actual Min Startup Time": 1287.765, "Actual Max Startup Time": 1287.765, "Actual Min Total Time": 1287.765, "Actual Max Total Time": 1287.765, "Max Hash Buckets": 2097152, "Min Hash Buckets": 2097152, "Max Hash Batches": 1, "Min Hash Batches": 1, "Max Original Hash Batches": 1, "Min Original Hash Batches": 1, "Max Peak Memory Usage": 79393, "min Peak Memory Usage": 79393, "Plans": [{"Node Type": "Streaming(type: LOCAL GATHER dop: 1/64)", "Parent Relationship": "Outer", "Startup Cost": 0.0, "Total Cost": 92545.49, "Plan Rows": 1381886, "Plan Width": 25, "Actual Min Startup Time": 38.785, "Actual Max Startup Time": 38.785, "Actual Min Total Time": 711.052, "Actual Max Total Time": 711.052, "Plans": [{"Node Type": "Seq Scan", "Parent Relationship": "Outer", "Relation Name": "title", "Alias": "t", "Startup Cost": 0.0, "Total Cost": 64037.34, "Plan Rows": 1381886, "Plan Width": 25, "Actual Min Startup Time": 0.026, "Actual Max Startup Time": 0.057, "Actual Min Total Time": 14.87, "Actual Max Total Time": 19.066, "Filter": "(production_year > 2000), (LLVM Optimized, Jit Execute)", "Rows Removed by Filter": 1146858, "Actual Rows": 1381453}], "Actual Rows": 1381453}], "Actual Rows": 1381453}], "Actual Rows": 6}], "Actual Rows": 6}], "Actual Rows": 78}, {"Node Type": "Hash", "Parent Relationship": "Inner", "Startup Cost": 1.04, "Total Cost": 1.04, "Plan Rows": 1, "Plan Width": 4, "Actual Min Startup Time": 0.063, "Actual Max Startup Time": 0.063, "Actual Min Total Time": 0.063, "Actual Max Total Time": 0.063, "Max Hash Buckets": 32768, "Min Hash Buckets": 32768, "Max Hash Batches": 1, "Min Hash Batches": 1, "Max Original Hash Batches": 1, "Min Original Hash Batches": 1, "Max Peak Memory Usage": 1, "min Peak Memory Usage": 1, "Plans": [{"Node Type": "Seq Scan", "Parent Relationship": "Outer", "Relation Name": "company_type", "Alias": "ct", "Startup Cost": 0.0, "Total Cost": 1.04, "Plan Rows": 1, "Plan Width": 4, "Actual Min Startup Time": 0.042, "Actual Max Startup Time": 0.042, "Actual Min Total Time": 0.045, "Actual Max Total Time": 0.045, "Filter": "((kind)::text = 'production companies'::text)", "Rows Removed by Filter": 2, "Actual Rows": 1}], "Actual Rows": 1}], "Actual Rows": 4}], "Actual Rows": 1}, "Triggers": [], "Planner Runtime": 6, "Total Runtime": 3023.94, "Unique SQL Id": 2492542741}}, "(64, 45)": {"explain_plan": {"Plan": {"Node Type": "Aggregate", "Strategy": "Plain", "Startup Cost": 268118.48, "Total Cost": 268118.49, "Plan Rows": 1, "Plan Width": 113, "Plans": [{"Node Type": "Hash Join", "Parent Relationship": "Outer", "Join Type": "Inner", "Startup Cost": 183423.2, "Total Cost": 263239.28, "Plan Rows": 650559, "Plan Width": 45, "Inner Unique": false, "Hash Cond": "(mc.movie_id = t.id), (LLVM Optimized)", "Plans": [{"Node Type": "Nested Loop", "Parent Relationship": "Outer", "Join Type": "Inner", "Startup Cost": 0.0, "Total Cost": 69436.41, "Plan Rows": 1304518, "Plan Width": 28, "Inner Unique": false, "Plans": [{"Node Type": "Index Scan", "Parent Relationship": "Outer", "Scan Direction": "Forward", "Index Name": "company_type_pkey", "Relation Name": "company_type", "Alias": "ct", "Startup Cost": 0.0, "Total Cost": 12.3, "Plan Rows": 1, "Plan Width": 4, "Filter": "((kind)::text = 'production companies'::text)"}, {"Node Type": "Index Scan", "Parent Relationship": "Inner", "Scan Direction": "Forward", "Index Name": "company_type_id_movie_companies", "Relation Name": "movie_companies", "Alias": "mc", "Startup Cost": 0.0, "Total Cost": 56378.94, "Plan Rows": 1304517, "Plan Width": 32, "Index Cond": "(company_type_id = ct.id), (LLVM Optimized)", "Filter": "((note)::text !~~ '%(as Metro-Goldwyn-Mayer Pictures)%'::text), (LLVM Optimized)"}]}, {"Node Type": "Hash", "Parent Relationship": "Inner", "Startup Cost": 177825.21, "Total Cost": 177825.21, "Plan Rows": 447839, "Plan Width": 29, "Plans": [{"Node Type": "Hash Join", "Parent Relationship": "Outer", "Join Type": "Inner", "Startup Cost": 133714.84, "Total Cost": 177825.21, "Plan Rows": 447839, "Plan Width": 29, "Inner Unique": true, "Hash Cond": "(mi_idx.movie_id = t.id), (LLVM Optimized)", "Plans": [{"Node Type": "Nested Loop", "Parent Relationship": "Outer", "Join Type": "Inner", "Startup Cost": 0.0, "Total Cost": 38338.2, "Plan Rows": 345008, "Plan Width": 4, "Inner Unique": false, "Plans": [{"Node Type": "Index Scan", "Parent Relationship": "Outer", "Scan Direction": "Forward", "Index Name": "info_type_pkey", "Relation Name": "info_type", "Alias": "it", "Startup Cost": 0.0, "Total Cost": 14.21, "Plan Rows": 1, "Plan Width": 4, "Filter": "((info)::text = 'bottom 10 rank'::text)"}, {"Node Type": "Index Scan", "Parent Relationship": "Inner", "Scan Direction": "Forward", "Index Name": "info_type_id_movie_info_idx", "Relation Name": "movie_info_idx", "Alias": "mi_idx", "Startup Cost": 0.0, "Total Cost": 34873.91, "Plan Rows": 345008, "Plan Width": 8, "Index Cond": "(info_type_id = it.id), (LLVM Optimized)"}]}, {"Node Type": "Hash", "Parent Relationship": "Inner", "Startup Cost": 116441.27, "Total Cost": 116441.27, "Plan Rows": 1381886, "Plan Width": 25, "Plans": [{"Node Type": "Index Scan", "Parent Relationship": "Outer", "Scan Direction": "Forward", "Index Name": "title_pkey", "Relation Name": "title", "Alias": "t", "Startup Cost": 0.0, "Total Cost": 116441.27, "Plan Rows": 1381886, "Plan Width": 25, "Filter": "(production_year > 2000), (LLVM Optimized)"}]}]}]}]}]}, "Unique SQL Id": 2492542741, "Planner Runtime": 5}, "explain_analyze_plan": null}, "(64, 46)": {"explain_plan": {"Plan": {"Node Type": "Aggregate", "Strategy": "Plain", "Startup Cost": 230727.96, "Total Cost": 230727.97, "Plan Rows": 1, "Plan Width": 113, "Plans": [{"Node Type": "Hash Join", "Parent Relationship": "Outer", "Join Type": "Inner", "Startup Cost": 148375.81, "Total Cost": 225848.77, "Plan Rows": 650559, "Plan Width": 45, "Inner Unique": true, "Hash Cond": "(mc.company_type_id = ct.id), (LLVM Optimized)", "Plans": [{"Node Type": "Hash Join", "Parent Relationship": "Outer", "Join Type": "Inner", "Startup Cost": 148374.76, "Total Cost": 217260.4, "Plan Rows": 1055184, "Plan Width": 49, "Inner Unique": false, "Hash Cond": "(mc.movie_id = t.id), (LLVM Optimized)", "Plans": [{"Node Type": "Seq Scan", "Parent Relationship": "Outer", "Relation Name": "movie_companies", "Alias": "mc", "Startup Cost": 0.0, "Total Cost": 48340.1, "Plan Rows": 2609035, "Plan Width": 32, "Filter": "((note)::text !~~ '%(as Metro-Goldwyn-Mayer Pictures)%'::text), (LLVM Optimized)"}, {"Node Type": "Hash", "Parent Relationship": "Inner", "Startup Cost": 142776.78, "Total Cost": 142776.78, "Plan Rows": 447839, "Plan Width": 29, "Plans": [{"Node Type": "Hash Join", "Parent Relationship": "Outer", "Join Type": "Inner", "Startup Cost": 109821.48, "Total Cost": 142776.78, "Plan Rows": 447839, "Plan Width": 29, "Inner Unique": true, "Hash Cond": "(mi_idx.movie_id = t.id), (LLVM Optimized)", "Plans": [{"Node Type": "Hash Join", "Parent Relationship": "Outer", "Join Type": "Inner", "Startup Cost": 2.41, "Total Cost": 27185.54, "Plan Rows": 345008, "Plan Width": 4, "Inner Unique": true, "Hash Cond": "(mi_idx.info_type_id = it.id), (LLVM Optimized)", "Plans": [{"Node Type": "Seq Scan", "Parent Relationship": "Outer", "Relation Name": "movie_info_idx", "Alias": "mi_idx", "Startup Cost": 0.0, "Total Cost": 20274.34, "Plan Rows": 1380034, "Plan Width": 8}, {"Node Type": "Hash", "Parent Relationship": "Inner", "Startup Cost": 2.4, "Total Cost": 2.4, "Plan Rows": 1, "Plan Width": 4, "Plans": [{"Node Type": "Seq Scan", "Parent Relationship": "Outer", "Relation Name": "info_type", "Alias": "it", "Startup Cost": 0.0, "Total Cost": 2.4, "Plan Rows": 1, "Plan Width": 4, "Filter": "((info)::text = 'bottom 10 rank'::text)"}]}]}, {"Node Type": "Hash", "Parent Relationship": "Inner", "Startup Cost": 92545.49, "Total Cost": 92545.49, "Plan Rows": 1381886, "Plan Width": 25, "Plans": [{"Node Type": "Streaming(type: LOCAL GATHER dop: 1/64)", "Parent Relationship": "Outer", "Startup Cost": 0.0, "Total Cost": 92545.49, "Plan Rows": 1381886, "Plan Width": 25, "Plans": [{"Node Type": "Seq Scan", "Parent Relationship": "Outer", "Relation Name": "title", "Alias": "t", "Startup Cost": 0.0, "Total Cost": 64037.34, "Plan Rows": 1381886, "Plan Width": 25, "Filter": "(production_year > 2000), (LLVM Optimized)"}]}]}]}]}]}, {"Node Type": "Hash", "Parent Relationship": "Inner", "Startup Cost": 1.04, "Total Cost": 1.04, "Plan Rows": 1, "Plan Width": 4, "Plans": [{"Node Type": "Seq Scan", "Parent Relationship": "Outer", "Relation Name": "company_type", "Alias": "ct", "Startup Cost": 0.0, "Total Cost": 1.04, "Plan Rows": 1, "Plan Width": 4, "Filter": "((kind)::text = 'production companies'::text)"}]}]}]}, "Unique SQL Id": 2492542741, "Planner Runtime": 8}, "explain_analyze_plan": {"Plan": {"Node Type": "Aggregate", "Strategy": "Plain", "Startup Cost": 230727.96, "Total Cost": 230727.97, "Plan Rows": 1, "Plan Width": 113, "Actual Min Startup Time": 3001.109, "Actual Max Startup Time": 3001.109, "Actual Min Total Time": 3001.11, "Actual Max Total Time": 3001.11, "Plans": [{"Node Type": "Hash Join", "Parent Relationship": "Outer", "Join Type": "Inner", "Startup Cost": 148375.81, "Total Cost": 225848.77, "Plan Rows": 650559, "Plan Width": 45, "Actual Min Startup Time": 2826.935, "Actual Max Startup Time": 2826.935, "Actual Min Total Time": 3001.05, "Actual Max Total Time": 3001.05, "Inner Unique": true, "Hash Cond": "(mc.company_type_id = ct.id), (LLVM Optimized, Jit Execute)", "Plans": [{"Node Type": "Hash Join", "Parent Relationship": "Outer", "Join Type": "Inner", "Startup Cost": 148374.76, "Total Cost": 217260.4, "Plan Rows": 1055184, "Plan Width": 49, "Actual Min Startup Time": 2128.871, "Actual Max Startup Time": 2128.871, "Actual Min Total Time": 3000.762, "Actual Max Total Time": 3000.762, "Inner Unique": false, "Hash Cond": "(mc.movie_id = t.id), (LLVM Optimized, Jit Execute)", "Plans": [{"Node Type": "Seq Scan", "Parent Relationship": "Outer", "Relation Name": "movie_companies", "Alias": "mc", "Startup Cost": 0.0, "Total Cost": 48340.1, "Plan Rows": 2609035, "Plan Width": 32, "Actual Min Startup Time": 0.059, "Actual Max Startup Time": 0.059, "Actual Min Total Time": 914.102, "Actual Max Total Time": 914.102, "Filter": "((note)::text !~~ '%(as Metro-Goldwyn-Mayer Pictures)%'::text), (LLVM Optimized, Jit Execute)", "Rows Removed by Filter": 1272041, "Actual Rows": 1337087}, {"Node Type": "Hash", "Parent Relationship": "Inner", "Startup Cost": 142776.78, "Total Cost": 142776.78, "Plan Rows": 447839, "Plan Width": 29, "Actual Min Startup Time": 1821.283, "Actual Max Startup Time": 1821.283, "Actual Min Total Time": 1821.283, "Actual Max Total Time": 1821.283, "Max Hash Buckets": 524288, "Min Hash Buckets": 524288, "Max Hash Batches": 1, "Min Hash Batches": 1, "Max Original Hash Batches": 1, "Min Original Hash Batches": 1, "Max Peak Memory Usage": 1, "min Peak Memory Usage": 1, "Plans": [{"Node Type": "Hash Join", "Parent Relationship": "Outer", "Join Type": "Inner", "Startup Cost": 109821.48, "Total Cost": 142776.78, "Plan Rows": 447839, "Plan Width": 29, "Actual Min Startup Time": 1821.202, "Actual Max Startup Time": 1821.202, "Actual Min Total Time": 1821.253, "Actual Max Total Time": 1821.253, "Inner Unique": true, "Hash Cond": "(mi_idx.movie_id = t.id), (LLVM Optimized, Jit Execute)", "Plans": [{"Node Type": "Hash Join", "Parent Relationship": "Outer", "Join Type": "Inner", "Startup Cost": 2.41, "Total Cost": 27185.54, "Plan Rows": 345008, "Plan Width": 4, "Actual Min Startup Time": 530.91, "Actual Max Startup Time": 530.91, "Actual Min Total Time": 530.917, "Actual Max Total Time": 530.917, "Inner Unique": true, "Hash Cond": "(mi_idx.info_type_id = it.id), (LLVM Optimized, Jit Execute)", "Plans": [{"Node Type": "Seq Scan", "Parent Relationship": "Outer", "Relation Name": "movie_info_idx", "Alias": "mi_idx", "Startup Cost": 0.0, "Total Cost": 20274.34, "Plan Rows": 1380034, "Plan Width": 8, "Actual Min Startup Time": 0.047, "Actual Max Startup Time": 0.047, "Actual Min Total Time": 299.951, "Actual Max Total Time": 299.951, "Actual Rows": 1380034}, {"Node Type": "Hash", "Parent Relationship": "Inner", "Startup Cost": 2.4, "Total Cost": 2.4, "Plan Rows": 1, "Plan Width": 4, "Actual Min Startup Time": 0.09, "Actual Max Startup Time": 0.09, "Actual Min Total Time": 0.09, "Actual Max Total Time": 0.09, "Max Hash Buckets": 32768, "Min Hash Buckets": 32768, "Max Hash Batches": 1, "Min Hash Batches": 1, "Max Original Hash Batches": 1, "Min Original Hash Batches": 1, "Max Peak Memory Usage": 1, "min Peak Memory Usage": 1, "Plans": [{"Node Type": "Seq Scan", "Parent Relationship": "Outer", "Relation Name": "info_type", "Alias": "it", "Startup Cost": 0.0, "Total Cost": 2.4, "Plan Rows": 1, "Plan Width": 4, "Actual Min Startup Time": 0.075, "Actual Max Startup Time": 0.075, "Actual Min Total Time": 0.077, "Actual Max Total Time": 0.077, "Filter": "((info)::text = 'bottom 10 rank'::text)", "Rows Removed by Filter": 111, "Actual Rows": 1}], "Actual Rows": 1}], "Actual Rows": 10}, {"Node Type": "Hash", "Parent Relationship": "Inner", "Startup Cost": 92545.49, "Total Cost": 92545.49, "Plan Rows": 1381886, "Plan Width": 25, "Actual Min Startup Time": 1287.765, "Actual Max Startup Time": 1287.765, "Actual Min Total Time": 1287.765, "Actual Max Total Time": 1287.765, "Max Hash Buckets": 2097152, "Min Hash Buckets": 2097152, "Max Hash Batches": 1, "Min Hash Batches": 1, "Max Original Hash Batches": 1, "Min Original Hash Batches": 1, "Max Peak Memory Usage": 79393, "min Peak Memory Usage": 79393, "Plans": [{"Node Type": "Streaming(type: LOCAL GATHER dop: 1/64)", "Parent Relationship": "Outer", "Startup Cost": 0.0, "Total Cost": 92545.49, "Plan Rows": 1381886, "Plan Width": 25, "Actual Min Startup Time": 38.785, "Actual Max Startup Time": 38.785, "Actual Min Total Time": 711.052, "Actual Max Total Time": 711.052, "Plans": [{"Node Type": "Seq Scan", "Parent Relationship": "Outer", "Relation Name": "title", "Alias": "t", "Startup Cost": 0.0, "Total Cost": 64037.34, "Plan Rows": 1381886, "Plan Width": 25, "Actual Min Startup Time": 0.026, "Actual Max Startup Time": 0.057, "Actual Min Total Time": 14.87, "Actual Max Total Time": 19.066, "Filter": "(production_year > 2000), (LLVM Optimized, Jit Execute)", "Rows Removed by Filter": 1146858, "Actual Rows": 1381453}], "Actual Rows": 1381453}], "Actual Rows": 1381453}], "Actual Rows": 6}], "Actual Rows": 6}], "Actual Rows": 78}, {"Node Type": "Hash", "Parent Relationship": "Inner", "Startup Cost": 1.04, "Total Cost": 1.04, "Plan Rows": 1, "Plan Width": 4, "Actual Min Startup Time": 0.063, "Actual Max Startup Time": 0.063, "Actual Min Total Time": 0.063, "Actual Max Total Time": 0.063, "Max Hash Buckets": 32768, "Min Hash Buckets": 32768, "Max Hash Batches": 1, "Min Hash Batches": 1, "Max Original Hash Batches": 1, "Min Original Hash Batches": 1, "Max Peak Memory Usage": 1, "min Peak Memory Usage": 1, "Plans": [{"Node Type": "Seq Scan", "Parent Relationship": "Outer", "Relation Name": "company_type", "Alias": "ct", "Startup Cost": 0.0, "Total Cost": 1.04, "Plan Rows": 1, "Plan Width": 4, "Actual Min Startup Time": 0.042, "Actual Max Startup Time": 0.042, "Actual Min Total Time": 0.045, "Actual Max Total Time": 0.045, "Filter": "((kind)::text = 'production companies'::text)", "Rows Removed by Filter": 2, "Actual Rows": 1}], "Actual Rows": 1}], "Actual Rows": 4}], "Actual Rows": 1}, "Triggers": [], "Planner Runtime": 6, "Total Runtime": 3023.94, "Unique SQL Id": 2492542741}}, "(64, 47)": {"explain_plan": {"Plan": {"Node Type": "Aggregate", "Strategy": "Plain", "Startup Cost": 5015944704164.11, "Total Cost": 5015944704164.12, "Plan Rows": 1, "Plan Width": 113, "Plans": [{"Node Type": "Nested Loop", "Parent Relationship": "Outer", "Join Type": "Inner", "Startup Cost": 50000000000.0, "Total Cost": 5015944699284.92, "Plan Rows": 650559, "Plan Width": 45, "Inner Unique": false, "Join Filter": "(mc.movie_id = t.id), (LLVM Optimized)", "Plans": [{"Node Type": "Nested Loop", "Parent Relationship": "Outer", "Join Type": "Inner", "Startup Cost": 20000000000.0, "Total Cost": 2000013744593.91, "Plan Rows": 1304518, "Plan Width": 28, "Inner Unique": true, "Join Filter": "(ct.id = mc.company_type_id), (LLVM Optimized)", "Plans": [{"Node Type": "Index Scan", "Parent Relationship": "Outer", "Scan Direction": "Forward", "Index Name": "movie_id_movie_companies", "Relation Name": "movie_companies", "Alias": "mc", "Startup Cost": 10000000000.0, "Total Cost": 1000013704228.13, "Plan Rows": 2609035, "Plan Width": 32, "Filter": "((note)::text !~~ '%(as Metro-Goldwyn-Mayer Pictures)%'::text), (LLVM Optimized)"}, {"Node Type": "Materialize", "Parent Relationship": "Inner", "Startup Cost": 10000000000.0, "Total Cost": 1000000001230.26, "Plan Rows": 1, "Plan Width": 4, "Plans": [{"Node Type": "Index Scan", "Parent Relationship": "Outer", "Scan Direction": "Forward", "Index Name": "company_type_pkey", "Relation Name": "company_type", "Alias": "ct", "Startup Cost": 10000000000.0, "Total Cost": 1000000001230.25, "Plan Rows": 1, "Plan Width": 4, "Filter": "((kind)::text = 'production companies'::text)"}]}]}, {"Node Type": "Materialize", "Parent Relationship": "Inner", "Startup Cost": 30000000000.0, "Total Cost": 3007167745261.58, "Plan Rows": 447839, "Plan Width": 29, "Plans": [{"Node Type": "Nested Loop", "Parent Relationship": "Outer", "Join Type": "Inner", "Startup Cost": 30000000000.0, "Total Cost": 3007167743022.38, "Plan Rows": 447839, "Plan Width": 29, "Inner Unique": false, "Join Filter": "(mi_idx.movie_id = t.id), (LLVM Optimized)", "Plans": [{"Node Type": "Index Scan", "Parent Relationship": "Outer", "Scan Direction": "Forward", "Index Name": "title_pkey", "Relation Name": "title", "Alias": "t", "Startup Cost": 10000000000.0, "Total Cost": 1000011644126.66, "Plan Rows": 1381886, "Plan Width": 25, "Filter": "(production_year > 2000), (LLVM Optimized)"}, {"Node Type": "Materialize", "Parent Relationship": "Inner", "Startup Cost": 20000000000.0, "Total Cost": 2000004673881.92, "Plan Rows": 345008, "Plan Width": 4, "Plans": [{"Node Type": "Nested Loop", "Parent Relationship": "Outer", "Join Type": "Inner", "Startup Cost": 20000000000.0, "Total Cost": 2000004672156.88, "Plan Rows": 345008, "Plan Width": 4, "Inner Unique": true, "Join Filter": "(it.id = mi_idx.info_type_id), (LLVM Optimized)", "Plans": [{"Node Type": "Index Scan", "Parent Relationship": "Outer", "Scan Direction": "Forward", "Index Name": "movie_id_movie_info_idx", "Relation Name": "movie_info_idx", "Alias": "mi_idx", "Startup Cost": 10000000000.0, "Total Cost": 1000004650035.37, "Plan Rows": 1380034, "Plan Width": 8}, {"Node Type": "Materialize", "Parent Relationship": "Inner", "Startup Cost": 10000000000.0, "Total Cost": 1000000001421.0, "Plan Rows": 1, "Plan Width": 4, "Plans": [{"Node Type": "Index Scan", "Parent Relationship": "Outer", "Scan Direction": "Forward", "Index Name": "info_type_pkey", "Relation Name": "info_type", "Alias": "it", "Startup Cost": 10000000000.0, "Total Cost": 1000000001421.0, "Plan Rows": 1, "Plan Width": 4, "Filter": "((info)::text = 'bottom 10 rank'::text)"}]}]}]}]}]}]}]}, "Unique SQL Id": 2492542741, "Planner Runtime": 5}, "explain_analyze_plan": null}, "(64, 48)": {"explain_plan": {"Plan": {"Node Type": "Aggregate", "Strategy": "Plain", "Startup Cost": 346287.75, "Total Cost": 346287.76, "Plan Rows": 1, "Plan Width": 113, "Plans": [{"Node Type": "Nested Loop", "Parent Relationship": "Outer", "Join Type": "Inner", "Startup Cost": 7502.06, "Total Cost": 341503.6, "Plan Rows": 637886, "Plan Width": 45, "Inner Unique": true, "Plans": [{"Node Type": "Nested Loop", "Parent Relationship": "Outer", "Join Type": "Inner", "Startup Cost": 7502.06, "Total Cost": 166081.74, "Plan Rows": 501180, "Plan Width": 32, "Inner Unique": false, "Join Filter": "(mc.company_type_id = ct.id), (LLVM Optimized)", "Plans": [{"Node Type": "Seq Scan", "Parent Relationship": "Outer", "Relation Name": "company_type", "Alias": "ct", "Startup Cost": 0.0, "Total Cost": 1.04, "Plan Rows": 1, "Plan Width": 4, "Filter": "((kind)::text = 'production companies'::text)"}, {"Node Type": "Nested Loop", "Parent Relationship": "Inner", "Join Type": "Inner", "Startup Cost": 7502.06, "Total Cost": 155717.63, "Plan Rows": 829046, "Plan Width": 36, "Inner Unique": false, "Plans": [{"Node Type": "Nested Loop", "Parent Relationship": "Outer", "Join Type": "Inner", "Startup Cost": 7502.06, "Total Cost": 21741.14, "Plan Rows": 345008, "Plan Width": 4, "Inner Unique": false, "Plans": [{"Node Type": "Seq Scan", "Parent Relationship": "Outer", "Relation Name": "info_type", "Alias": "it", "Startup Cost": 0.0, "Total Cost": 2.4, "Plan Rows": 1, "Plan Width": 4, "Filter": "((info)::text = 'bottom 10 rank'::text)"}, {"Node Type": "Bitmap Heap Scan", "Parent Relationship": "Inner", "Relation Name": "movie_info_idx", "Alias": "mi_idx", "Startup Cost": 7502.06, "Total Cost": 18288.66, "Plan Rows": 345008, "Plan Width": 8, "Recheck Cond": "(info_type_id = it.id), (LLVM Optimized)", "Plans": [{"Node Type": "Bitmap Index Scan", "Parent Relationship": "Outer", "Index Name": "info_type_id_movie_info_idx", "Startup Cost": 0.0, "Total Cost": 7415.81, "Plan Rows": 345008, "Plan Width": 0, "Index Cond": "(info_type_id = it.id)"}]}]}, {"Node Type": "Index Scan", "Parent Relationship": "Inner", "Scan Direction": "Forward", "Index Name": "movie_id_movie_companies", "Relation Name": "movie_companies", "Alias": "mc", "Startup Cost": 0.0, "Total Cost": 0.37, "Plan Rows": 2, "Plan Width": 32, "Index Cond": "(movie_id = mi_idx.movie_id)", "Filter": "((note)::text !~~ '%(as Metro-Goldwyn-Mayer Pictures)%'::text)"}]}]}, {"Node Type": "Index Scan", "Parent Relationship": "Inner", "Scan Direction": "Forward", "Index Name": "title_pkey", "Relation Name": "title", "Alias": "t", "Startup Cost": 0.0, "Total Cost": 0.34, "Plan Rows": 1, "Plan Width": 25, "Index Cond": "(id = mc.movie_id)", "Filter": "(production_year > 2000)"}]}]}, "Unique SQL Id": 2492542741, "Planner Runtime": 2}, "explain_analyze_plan": {"Plan": {"Node Type": "Aggregate", "Strategy": "Plain", "Startup Cost": 346287.75, "Total Cost": 346287.76, "Plan Rows": 1, "Plan Width": 113, "Actual Startup Time": 0.476, "Actual Total Time": 0.476, "Actual Rows": 1, "Actual Loops": 1, "Plans": [{"Node Type": "Nested Loop", "Parent Relationship": "Outer", "Join Type": "Inner", "Startup Cost": 7502.06, "Total Cost": 341503.6, "Plan Rows": 637886, "Plan Width": 45, "Actual Startup Time": 0.372, "Actual Total Time": 0.452, "Actual Rows": 4, "Actual Loops": 1, "Inner Unique": true, "Plans": [{"Node Type": "Nested Loop", "Parent Relationship": "Outer", "Join Type": "Inner", "Startup Cost": 7502.06, "Total Cost": 166081.74, "Plan Rows": 501180, "Plan Width": 32, "Actual Startup Time": 0.225, "Actual Total Time": 0.402, "Actual Rows": 5, "Actual Loops": 1, "Inner Unique": false, "Join Filter": "(mc.company_type_id = ct.id), (LLVM Optimized)", "Rows Removed by Join Filter": 95, "Plans": [{"Node Type": "Seq Scan", "Parent Relationship": "Outer", "Relation Name": "company_type", "Alias": "ct", "Startup Cost": 0.0, "Total Cost": 1.04, "Plan Rows": 1, "Plan Width": 4, "Actual Startup Time": 0.021, "Actual Total Time": 0.022, "Actual Rows": 1, "Actual Loops": 1, "Filter": "((kind)::text = 'production companies'::text)", "Rows Removed by Filter": 2}, {"Node Type": "Nested Loop", "Parent Relationship": "Inner", "Join Type": "Inner", "Startup Cost": 7502.06, "Total Cost": 155717.63, "Plan Rows": 829046, "Plan Width": 36, "Actual Startup Time": 0.109, "Actual Total Time": 0.353, "Actual Rows": 100, "Actual Loops": 1, "Inner Unique": false, "Plans": [{"Node Type": "Nested Loop", "Parent Relationship": "Outer", "Join Type": "Inner", "Startup Cost": 7502.06, "Total Cost": 21741.14, "Plan Rows": 345008, "Plan Width": 4, "Actual Startup Time": 0.085, "Actual Total Time": 0.091, "Actual Rows": 10, "Actual Loops": 1, "Inner Unique": false, "Plans": [{"Node Type": "Seq Scan", "Parent Relationship": "Outer", "Relation Name": "info_type", "Alias": "it", "Startup Cost": 0.0, "Total Cost": 2.4, "Plan Rows": 1, "Plan Width": 4, "Actual Startup Time": 0.049, "Actual Total Time": 0.052, "Actual Rows": 1, "Actual Loops": 1, "Filter": "((info)::text = 'bottom 10 rank'::text)", "Rows Removed by Filter": 111}, {"Node Type": "Bitmap Heap Scan", "Parent Relationship": "Inner", "Relation Name": "movie_info_idx", "Alias": "mi_idx", "Startup Cost": 7502.06, "Total Cost": 18288.66, "Plan Rows": 345008, "Plan Width": 8, "Actual Startup Time": 0.032, "Actual Total Time": 0.033, "Actual Rows": 10, "Actual Loops": 1, "Recheck Cond": "(info_type_id = it.id), (LLVM Optimized)", "Rows Removed by Index Recheck": 0, "Exact Heap Blocks": 1, "Lossy Heap Blocks": 1, "Plans": [{"Node Type": "Bitmap Index Scan", "Parent Relationship": "Outer", "Index Name": "info_type_id_movie_info_idx", "Startup Cost": 0.0, "Total Cost": 7415.81, "Plan Rows": 345008, "Plan Width": 0, "Actual Startup Time": 0.021, "Actual Total Time": 0.021, "Actual Rows": 10, "Actual Loops": 1, "Index Cond": "(info_type_id = it.id)"}]}]}, {"Node Type": "Index Scan", "Parent Relationship": "Inner", "Scan Direction": "Forward", "Index Name": "movie_id_movie_companies", "Relation Name": "movie_companies", "Alias": "mc", "Startup Cost": 0.0, "Total Cost": 0.37, "Plan Rows": 2, "Plan Width": 32, "Actual Startup Time": 0.129, "Actual Total Time": 0.225, "Actual Rows": 100, "Actual Loops": 10, "Index Cond": "(movie_id = mi_idx.movie_id)", "Rows Removed by Index Recheck": 0, "Filter": "((note)::text !~~ '%(as Metro-Goldwyn-Mayer Pictures)%'::text)", "Rows Removed by Filter": 20}]}]}, {"Node Type": "Index Scan", "Parent Relationship": "Inner", "Scan Direction": "Forward", "Index Name": "title_pkey", "Relation Name": "title", "Alias": "t", "Startup Cost": 0.0, "Total Cost": 0.34, "Plan Rows": 1, "Plan Width": 25, "Actual Startup Time": 0.044, "Actual Total Time": 0.044, "Actual Rows": 4, "Actual Loops": 5, "Index Cond": "(id = mc.movie_id)", "Rows Removed by Index Recheck": 0, "Filter": "(production_year > 2000)", "Rows Removed by Filter": 1}]}]}, "Triggers": [], "Planner Runtime": 2, "Total Runtime": 10.128, "Unique SQL Id": 2492542741}}, "(64, 49)": {"explain_plan": {"Plan": {"Node Type": "Aggregate", "Strategy": "Plain", "Startup Cost": 346310.82, "Total Cost": 346310.83, "Plan Rows": 1, "Plan Width": 113, "Plans": [{"Node Type": "Nested Loop", "Parent Relationship": "Outer", "Join Type": "Inner", "Startup Cost": 7502.06, "Total Cost": 341526.68, "Plan Rows": 637886, "Plan Width": 45, "Inner Unique": true, "Plans": [{"Node Type": "Nested Loop", "Parent Relationship": "Outer", "Join Type": "Inner", "Startup Cost": 7502.06, "Total Cost": 166104.81, "Plan Rows": 501180, "Plan Width": 32, "Inner Unique": false, "Join Filter": "(mc.company_type_id = ct.id), (LLVM Optimized)", "Plans": [{"Node Type": "Index Scan", "Parent Relationship": "Outer", "Scan Direction": "Forward", "Index Name": "company_type_pkey", "Relation Name": "company_type", "Alias": "ct", "Startup Cost": 0.0, "Total Cost": 12.3, "Plan Rows": 1, "Plan Width": 4, "Filter": "((kind)::text = 'production companies'::text)"}, {"Node Type": "Nested Loop", "Parent Relationship": "Inner", "Join Type": "Inner", "Startup Cost": 7502.06, "Total Cost": 155729.44, "Plan Rows": 829046, "Plan Width": 36, "Inner Unique": false, "Plans": [{"Node Type": "Nested Loop", "Parent Relationship": "Outer", "Join Type": "Inner", "Startup Cost": 7502.06, "Total Cost": 21752.95, "Plan Rows": 345008, "Plan Width": 4, "Inner Unique": false, "Plans": [{"Node Type": "Index Scan", "Parent Relationship": "Outer", "Scan Direction": "Forward", "Index Name": "info_type_pkey", "Relation Name": "info_type", "Alias": "it", "Startup Cost": 0.0, "Total Cost": 14.21, "Plan Rows": 1, "Plan Width": 4, "Filter": "((info)::text = 'bottom 10 rank'::text)"}, {"Node Type": "Bitmap Heap Scan", "Parent Relationship": "Inner", "Relation Name": "movie_info_idx", "Alias": "mi_idx", "Startup Cost": 7502.06, "Total Cost": 18288.66, "Plan Rows": 345008, "Plan Width": 8, "Recheck Cond": "(info_type_id = it.id), (LLVM Optimized)", "Plans": [{"Node Type": "Bitmap Index Scan", "Parent Relationship": "Outer", "Index Name": "info_type_id_movie_info_idx", "Startup Cost": 0.0, "Total Cost": 7415.81, "Plan Rows": 345008, "Plan Width": 0, "Index Cond": "(info_type_id = it.id)"}]}]}, {"Node Type": "Index Scan", "Parent Relationship": "Inner", "Scan Direction": "Forward", "Index Name": "movie_id_movie_companies", "Relation Name": "movie_companies", "Alias": "mc", "Startup Cost": 0.0, "Total Cost": 0.37, "Plan Rows": 2, "Plan Width": 32, "Index Cond": "(movie_id = mi_idx.movie_id)", "Filter": "((note)::text !~~ '%(as Metro-Goldwyn-Mayer Pictures)%'::text)"}]}]}, {"Node Type": "Index Scan", "Parent Relationship": "Inner", "Scan Direction": "Forward", "Index Name": "title_pkey", "Relation Name": "title", "Alias": "t", "Startup Cost": 0.0, "Total Cost": 0.34, "Plan Rows": 1, "Plan Width": 25, "Index Cond": "(id = mc.movie_id)", "Filter": "(production_year > 2000)"}]}]}, "Unique SQL Id": 2492542741, "Planner Runtime": 2}, "explain_analyze_plan": {"Plan": {"Node Type": "Aggregate", "Strategy": "Plain", "Startup Cost": 346310.82, "Total Cost": 346310.83, "Plan Rows": 1, "Plan Width": 113, "Actual Startup Time": 0.387, "Actual Total Time": 0.387, "Actual Rows": 1, "Actual Loops": 1, "Plans": [{"Node Type": "Nested Loop", "Parent Relationship": "Outer", "Join Type": "Inner", "Startup Cost": 7502.06, "Total Cost": 341526.68, "Plan Rows": 637886, "Plan Width": 45, "Actual Startup Time": 0.305, "Actual Total Time": 0.371, "Actual Rows": 4, "Actual Loops": 1, "Inner Unique": true, "Plans": [{"Node Type": "Nested Loop", "Parent Relationship": "Outer", "Join Type": "Inner", "Startup Cost": 7502.06, "Total Cost": 166104.81, "Plan Rows": 501180, "Plan Width": 32, "Actual Startup Time": 0.19, "Actual Total Time": 0.336, "Actual Rows": 5, "Actual Loops": 1, "Inner Unique": false, "Join Filter": "(mc.company_type_id = ct.id), (LLVM Optimized)", "Rows Removed by Join Filter": 95, "Plans": [{"Node Type": "Index Scan", "Parent Relationship": "Outer", "Scan Direction": "Forward", "Index Name": "company_type_pkey", "Relation Name": "company_type", "Alias": "ct", "Startup Cost": 0.0, "Total Cost": 12.3, "Plan Rows": 1, "Plan Width": 4, "Actual Startup Time": 0.021, "Actual Total Time": 0.024, "Actual Rows": 1, "Actual Loops": 1, "Filter": "((kind)::text = 'production companies'::text)", "Rows Removed by Filter": 2}, {"Node Type": "Nested Loop", "Parent Relationship": "Inner", "Join Type": "Inner", "Startup Cost": 7502.06, "Total Cost": 155729.44, "Plan Rows": 829046, "Plan Width": 36, "Actual Startup Time": 0.098, "Actual Total Time": 0.293, "Actual Rows": 100, "Actual Loops": 1, "Inner Unique": false, "Plans": [{"Node Type": "Nested Loop", "Parent Relationship": "Outer", "Join Type": "Inner", "Startup Cost": 7502.06, "Total Cost": 21752.95, "Plan Rows": 345008, "Plan Width": 4, "Actual Startup Time": 0.083, "Actual Total Time": 0.088, "Actual Rows": 10, "Actual Loops": 1, "Inner Unique": false, "Plans": [{"Node Type": "Index Scan", "Parent Relationship": "Outer", "Scan Direction": "Forward", "Index Name": "info_type_pkey", "Relation Name": "info_type", "Alias": "it", "Startup Cost": 0.0, "Total Cost": 14.21, "Plan Rows": 1, "Plan Width": 4, "Actual Startup Time": 0.06, "Actual Total Time": 0.062, "Actual Rows": 1, "Actual Loops": 1, "Filter": "((info)::text = 'bottom 10 rank'::text)", "Rows Removed by Filter": 111}, {"Node Type": "Bitmap Heap Scan", "Parent Relationship": "Inner", "Relation Name": "movie_info_idx", "Alias": "mi_idx", "Startup Cost": 7502.06, "Total Cost": 18288.66, "Plan Rows": 345008, "Plan Width": 8, "Actual Startup Time": 0.019, "Actual Total Time": 0.02, "Actual Rows": 10, "Actual Loops": 1, "Recheck Cond": "(info_type_id = it.id), (LLVM Optimized)", "Rows Removed by Index Recheck": 0, "Exact Heap Blocks": 1, "Lossy Heap Blocks": 1, "Plans": [{"Node Type": "Bitmap Index Scan", "Parent Relationship": "Outer", "Index Name": "info_type_id_movie_info_idx", "Startup Cost": 0.0, "Total Cost": 7415.81, "Plan Rows": 345008, "Plan Width": 0, "Actual Startup Time": 0.012, "Actual Total Time": 0.012, "Actual Rows": 10, "Actual Loops": 1, "Index Cond": "(info_type_id = it.id)"}]}]}, {"Node Type": "Index Scan", "Parent Relationship": "Inner", "Scan Direction": "Forward", "Index Name": "movie_id_movie_companies", "Relation Name": "movie_companies", "Alias": "mc", "Startup Cost": 0.0, "Total Cost": 0.37, "Plan Rows": 2, "Plan Width": 32, "Actual Startup Time": 0.08, "Actual Total Time": 0.173, "Actual Rows": 100, "Actual Loops": 10, "Index Cond": "(movie_id = mi_idx.movie_id)", "Rows Removed by Index Recheck": 0, "Filter": "((note)::text !~~ '%(as Metro-Goldwyn-Mayer Pictures)%'::text)", "Rows Removed by Filter": 20}]}]}, {"Node Type": "Index Scan", "Parent Relationship": "Inner", "Scan Direction": "Forward", "Index Name": "title_pkey", "Relation Name": "title", "Alias": "t", "Startup Cost": 0.0, "Total Cost": 0.34, "Plan Rows": 1, "Plan Width": 25, "Actual Startup Time": 0.031, "Actual Total Time": 0.031, "Actual Rows": 4, "Actual Loops": 5, "Index Cond": "(id = mc.movie_id)", "Rows Removed by Index Recheck": 0, "Filter": "(production_year > 2000)", "Rows Removed by Filter": 1}]}]}, "Triggers": [], "Planner Runtime": 2, "Total Runtime": 10.052, "Unique SQL Id": 2492542741}}, "(64, 50)": {"explain_plan": {"Plan": {"Node Type": "Aggregate", "Strategy": "Plain", "Startup Cost": 3487396.95, "Total Cost": 3487396.96, "Plan Rows": 1, "Plan Width": 113, "Plans": [{"Node Type": "Nested Loop", "Parent Relationship": "Outer", "Join Type": "Inner", "Startup Cost": 0.58, "Total Cost": 3482612.8, "Plan Rows": 637886, "Plan Width": 45, "Inner Unique": false, "Join Filter": "(mc.company_type_id = ct.id), (LLVM Optimized)", "Plans": [{"Node Type": "Seq Scan", "Parent Relationship": "Outer", "Relation Name": "company_type", "Alias": "ct", "Startup Cost": 0.0, "Total Cost": 1.04, "Plan Rows": 1, "Plan Width": 4, "Filter": "((kind)::text = 'production companies'::text)"}, {"Node Type": "Nested Loop", "Parent Relationship": "Inner", "Join Type": "Inner", "Startup Cost": 0.58, "Total Cost": 3469421.97, "Plan Rows": 1055184, "Plan Width": 49, "Inner Unique": false, "Plans": [{"Node Type": "Nested Loop", "Parent Relationship": "Outer", "Join Type": "Inner", "Startup Cost": 0.28, "Total Cost": 1524363.16, "Plan Rows": 447839, "Plan Width": 29, "Inner Unique": true, "Plans": [{"Node Type": "Nested Loop", "Parent Relationship": "Outer", "Join Type": "Inner", "Startup Cost": 0.0, "Total Cost": 37527.17, "Plan Rows": 345008, "Plan Width": 4, "Inner Unique": false, "Join Filter": "(it.id = mi_idx.info_type_id), (LLVM Optimized)", "Plans": [{"Node Type": "Seq Scan", "Parent Relationship": "Outer", "Relation Name": "info_type", "Alias": "it", "Startup Cost": 0.0, "Total Cost": 2.4, "Plan Rows": 1, "Plan Width": 4, "Filter": "((info)::text = 'bottom 10 rank'::text)"}, {"Node Type": "Seq Scan", "Parent Relationship": "Inner", "Relation Name": "movie_info_idx", "Alias": "mi_idx", "Startup Cost": 0.0, "Total Cost": 20274.34, "Plan Rows": 1380034, "Plan Width": 8}]}, {"Node Type": "Bitmap Heap Scan", "Parent Relationship": "Inner", "Relation Name": "title", "Alias": "t", "Startup Cost": 0.28, "Total Cost": 4.3, "Plan Rows": 1, "Plan Width": 25, "Recheck Cond": "(id = mi_idx.movie_id)", "Filter": "(production_year > 2000)", "Plans": [{"Node Type": "Bitmap Index Scan", "Parent Relationship": "Outer", "Index Name": "title_pkey", "Startup Cost": 0.0, "Total Cost": 0.28, "Plan Rows": 1, "Plan Width": 0, "Index Cond": "(id = mi_idx.movie_id)"}]}]}, {"Node Type": "Bitmap Heap Scan", "Parent Relationship": "Inner", "Relation Name": "movie_companies", "Alias": "mc", "Startup Cost": 0.29, "Total Cost": 4.32, "Plan Rows": 2, "Plan Width": 32, "Recheck Cond": "(movie_id = t.id)", "Filter": "((note)::text !~~ '%(as Metro-Goldwyn-Mayer Pictures)%'::text)", "Plans": [{"Node Type": "Bitmap Index Scan", "Parent Relationship": "Outer", "Index Name": "movie_id_movie_companies", "Startup Cost": 0.0, "Total Cost": 0.29, "Plan Rows": 2, "Plan Width": 0, "Index Cond": "(movie_id = t.id)"}]}]}]}]}, "Unique SQL Id": 2492542741, "Planner Runtime": 3}, "explain_analyze_plan": {"Plan": {"Node Type": "Aggregate", "Strategy": "Plain", "Startup Cost": 3487396.95, "Total Cost": 3487396.96, "Plan Rows": 1, "Plan Width": 113, "Actual Startup Time": 584.862, "Actual Total Time": 584.863, "Actual Rows": 1, "Actual Loops": 1, "Plans": [{"Node Type": "Nested Loop", "Parent Relationship": "Outer", "Join Type": "Inner", "Startup Cost": 0.58, "Total Cost": 3482612.8, "Plan Rows": 637886, "Plan Width": 45, "Actual Startup Time": 584.759, "Actual Total Time": 584.838, "Actual Rows": 4, "Actual Loops": 1, "Inner Unique": false, "Join Filter": "(mc.company_type_id = ct.id), (LLVM Optimized, Jit Execute)", "Rows Removed by Join Filter": 74, "Plans": [{"Node Type": "Seq Scan", "Parent Relationship": "Outer", "Relation Name": "company_type", "Alias": "ct", "Startup Cost": 0.0, "Total Cost": 1.04, "Plan Rows": 1, "Plan Width": 4, "Actual Startup Time": 0.018, "Actual Total Time": 0.023, "Actual Rows": 1, "Actual Loops": 1, "Filter": "((kind)::text = 'production companies'::text)", "Rows Removed by Filter": 2}, {"Node Type": "Nested Loop", "Parent Relationship": "Inner", "Join Type": "Inner", "Startup Cost": 0.58, "Total Cost": 3469421.97, "Plan Rows": 1055184, "Plan Width": 49, "Actual Startup Time": 584.506, "Actual Total Time": 584.789, "Actual Rows": 78, "Actual Loops": 1, "Inner Unique": false, "Plans": [{"Node Type": "Nested Loop", "Parent Relationship": "Outer", "Join Type": "Inner", "Startup Cost": 0.28, "Total Cost": 1524363.16, "Plan Rows": 447839, "Plan Width": 29, "Actual Startup Time": 584.449, "Actual Total Time": 584.566, "Actual Rows": 6, "Actual Loops": 1, "Inner Unique": true, "Plans": [{"Node Type": "Nested Loop", "Parent Relationship": "Outer", "Join Type": "Inner", "Startup Cost": 0.0, "Total Cost": 37527.17, "Plan Rows": 345008, "Plan Width": 4, "Actual Startup Time": 584.357, "Actual Total Time": 584.375, "Actual Rows": 10, "Actual Loops": 1, "Inner Unique": false, "Join Filter": "(it.id = mi_idx.info_type_id), (LLVM Optimized, Jit Execute)", "Rows Removed by Join Filter": 1380024, "Plans": [{"Node Type": "Seq Scan", "Parent Relationship": "Outer", "Relation Name": "info_type", "Alias": "it", "Startup Cost": 0.0, "Total Cost": 2.4, "Plan Rows": 1, "Plan Width": 4, "Actual Startup Time": 0.048, "Actual Total Time": 0.055, "Actual Rows": 1, "Actual Loops": 1, "Filter": "((info)::text = 'bottom 10 rank'::text)", "Rows Removed by Filter": 111}, {"Node Type": "Seq Scan", "Parent Relationship": "Inner", "Relation Name": "movie_info_idx", "Alias": "mi_idx", "Startup Cost": 0.0, "Total Cost": 20274.34, "Plan Rows": 1380034, "Plan Width": 8, "Actual Startup Time": 0.034, "Actual Total Time": 296.727, "Actual Rows": 1380034, "Actual Loops": 1}]}, {"Node Type": "Bitmap Heap Scan", "Parent Relationship": "Inner", "Relation Name": "title", "Alias": "t", "Startup Cost": 0.28, "Total Cost": 4.3, "Plan Rows": 1, "Plan Width": 25, "Actual Startup Time": 0.16, "Actual Total Time": 0.16, "Actual Rows": 6, "Actual Loops": 10, "Recheck Cond": "(id = mi_idx.movie_id)", "Rows Removed by Index Recheck": 0, "Filter": "(production_year > 2000)", "Rows Removed by Filter": 4, "Exact Heap Blocks": 10, "Lossy Heap Blocks": 10, "Plans": [{"Node Type": "Bitmap Index Scan", "Parent Relationship": "Outer", "Index Name": "title_pkey", "Startup Cost": 0.0, "Total Cost": 0.28, "Plan Rows": 1, "Plan Width": 0, "Actual Startup Time": 0.102, "Actual Total Time": 0.102, "Actual Rows": 10, "Actual Loops": 10, "Index Cond": "(id = mi_idx.movie_id)"}]}]}, {"Node Type": "Bitmap Heap Scan", "Parent Relationship": "Inner", "Relation Name": "movie_companies", "Alias": "mc", "Startup Cost": 0.29, "Total Cost": 4.32, "Plan Rows": 2, "Plan Width": 32, "Actual Startup Time": 0.135, "Actual Total Time": 0.193, "Actual Rows": 78, "Actual Loops": 6, "Recheck Cond": "(movie_id = t.id)", "Rows Removed by Index Recheck": 0, "Filter": "((note)::text !~~ '%(as Metro-Goldwyn-Mayer Pictures)%'::text)", "Rows Removed by Filter": 15, "Exact Heap Blocks": 13, "Lossy Heap Blocks": 13, "Plans": [{"Node Type": "Bitmap Index Scan", "Parent Relationship": "Outer", "Index Name": "movie_id_movie_companies", "Startup Cost": 0.0, "Total Cost": 0.29, "Plan Rows": 2, "Plan Width": 0, "Actual Startup Time": 0.072, "Actual Total Time": 0.072, "Actual Rows": 93, "Actual Loops": 6, "Index Cond": "(movie_id = t.id)"}]}]}]}]}, "Triggers": [], "Planner Runtime": 3, "Total Runtime": 594.602, "Unique SQL Id": 2492542741}}, "(64, 51)": {"explain_plan": {"Plan": {"Node Type": "Aggregate", "Strategy": "Plain", "Startup Cost": 3471634.0, "Total Cost": 3471634.01, "Plan Rows": 1, "Plan Width": 113, "Plans": [{"Node Type": "Nested Loop", "Parent Relationship": "Outer", "Join Type": "Inner", "Startup Cost": 7519.72, "Total Cost": 3466849.86, "Plan Rows": 637886, "Plan Width": 45, "Inner Unique": false, "Join Filter": "(mc.company_type_id = ct.id), (LLVM Optimized)", "Plans": [{"Node Type": "Bitmap Heap Scan", "Parent Relationship": "Outer", "Relation Name": "company_type", "Alias": "ct", "Startup Cost": 8.27, "Total Cost": 12.3, "Plan Rows": 1, "Plan Width": 4, "Filter": "((kind)::text = 'production companies'::text)", "Plans": [{"Node Type": "Bitmap Index Scan", "Parent Relationship": "Outer", "Index Name": "company_type_pkey", "Startup Cost": 0.0, "Total Cost": 8.27, "Plan Rows": 3, "Plan Width": 0}]}, {"Node Type": "Nested Loop", "Parent Relationship": "Inner", "Join Type": "Inner", "Startup Cost": 7511.45, "Total Cost": 3453647.75, "Plan Rows": 1055184, "Plan Width": 49, "Inner Unique": false, "Plans": [{"Node Type": "Nested Loop", "Parent Relationship": "Outer", "Join Type": "Inner", "Startup Cost": 7511.16, "Total Cost": 1508588.95, "Plan Rows": 447839, "Plan Width": 29, "Inner Unique": true, "Plans": [{"Node Type": "Nested Loop", "Parent Relationship": "Outer", "Join Type": "Inner", "Startup Cost": 7510.87, "Total Cost": 21752.95, "Plan Rows": 345008, "Plan Width": 4, "Inner Unique": false, "Plans": [{"Node Type": "Bitmap Heap Scan", "Parent Relationship": "Outer", "Relation Name": "info_type", "Alias": "it", "Startup Cost": 8.81, "Total Cost": 14.21, "Plan Rows": 1, "Plan Width": 4, "Filter": "((info)::text = 'bottom 10 rank'::text)", "Plans": [{"Node Type": "Bitmap Index Scan", "Parent Relationship": "Outer", "Index Name": "info_type_pkey", "Startup Cost": 0.0, "Total Cost": 8.81, "Plan Rows": 112, "Plan Width": 0}]}, {"Node Type": "Bitmap Heap Scan", "Parent Relationship": "Inner", "Relation Name": "movie_info_idx", "Alias": "mi_idx", "Startup Cost": 7502.06, "Total Cost": 18288.66, "Plan Rows": 345008, "Plan Width": 8, "Recheck Cond": "(info_type_id = it.id), (LLVM Optimized)", "Plans": [{"Node Type": "Bitmap Index Scan", "Parent Relationship": "Outer", "Index Name": "info_type_id_movie_info_idx", "Startup Cost": 0.0, "Total Cost": 7415.81, "Plan Rows": 345008, "Plan Width": 0, "Index Cond": "(info_type_id = it.id)"}]}]}, {"Node Type": "Bitmap Heap Scan", "Parent Relationship": "Inner", "Relation Name": "title", "Alias": "t", "Startup Cost": 0.28, "Total Cost": 4.3, "Plan Rows": 1, "Plan Width": 25, "Recheck Cond": "(id = mi_idx.movie_id)", "Filter": "(production_year > 2000)", "Plans": [{"Node Type": "Bitmap Index Scan", "Parent Relationship": "Outer", "Index Name": "title_pkey", "Startup Cost": 0.0, "Total Cost": 0.28, "Plan Rows": 1, "Plan Width": 0, "Index Cond": "(id = mi_idx.movie_id)"}]}]}, {"Node Type": "Bitmap Heap Scan", "Parent Relationship": "Inner", "Relation Name": "movie_companies", "Alias": "mc", "Startup Cost": 0.29, "Total Cost": 4.32, "Plan Rows": 2, "Plan Width": 32, "Recheck Cond": "(movie_id = t.id)", "Filter": "((note)::text !~~ '%(as Metro-Goldwyn-Mayer Pictures)%'::text)", "Plans": [{"Node Type": "Bitmap Index Scan", "Parent Relationship": "Outer", "Index Name": "movie_id_movie_companies", "Startup Cost": 0.0, "Total Cost": 0.29, "Plan Rows": 2, "Plan Width": 0, "Index Cond": "(movie_id = t.id)"}]}]}]}]}, "Unique SQL Id": 2492542741, "Planner Runtime": 3}, "explain_analyze_plan": {"Plan": {"Node Type": "Aggregate", "Strategy": "Plain", "Startup Cost": 3471634.0, "Total Cost": 3471634.01, "Plan Rows": 1, "Plan Width": 113, "Actual Startup Time": 0.439, "Actual Total Time": 0.439, "Actual Rows": 1, "Actual Loops": 1, "Plans": [{"Node Type": "Nested Loop", "Parent Relationship": "Outer", "Join Type": "Inner", "Startup Cost": 7519.72, "Total Cost": 3466849.86, "Plan Rows": 637886, "Plan Width": 45, "Actual Startup Time": 0.366, "Actual Total Time": 0.425, "Actual Rows": 4, "Actual Loops": 1, "Inner Unique": false, "Join Filter": "(mc.company_type_id = ct.id), (LLVM Optimized)", "Rows Removed by Join Filter": 74, "Plans": [{"Node Type": "Bitmap Heap Scan", "Parent Relationship": "Outer", "Relation Name": "company_type", "Alias": "ct", "Startup Cost": 8.27, "Total Cost": 12.3, "Plan Rows": 1, "Plan Width": 4, "Actual Startup Time": 0.03, "Actual Total Time": 0.031, "Actual Rows": 1, "Actual Loops": 1, "Filter": "((kind)::text = 'production companies'::text)", "Rows Removed by Filter": 2, "Exact Heap Blocks": 1, "Lossy Heap Blocks": 1, "Plans": [{"Node Type": "Bitmap Index Scan", "Parent Relationship": "Outer", "Index Name": "company_type_pkey", "Startup Cost": 0.0, "Total Cost": 8.27, "Plan Rows": 3, "Plan Width": 0, "Actual Startup Time": 0.01, "Actual Total Time": 0.01, "Actual Rows": 3, "Actual Loops": 1}]}, {"Node Type": "Nested Loop", "Parent Relationship": "Inner", "Join Type": "Inner", "Startup Cost": 7511.45, "Total Cost": 3453647.75, "Plan Rows": 1055184, "Plan Width": 49, "Actual Startup Time": 0.142, "Actual Total Time": 0.37, "Actual Rows": 78, "Actual Loops": 1, "Inner Unique": false, "Plans": [{"Node Type": "Nested Loop", "Parent Relationship": "Outer", "Join Type": "Inner", "Startup Cost": 7511.16, "Total Cost": 1508588.95, "Plan Rows": 447839, "Plan Width": 29, "Actual Startup Time": 0.114, "Actual Total Time": 0.197, "Actual Rows": 6, "Actual Loops": 1, "Inner Unique": true, "Plans": [{"Node Type": "Nested Loop", "Parent Relationship": "Outer", "Join Type": "Inner", "Startup Cost": 7510.87, "Total Cost": 21752.95, "Plan Rows": 345008, "Plan Width": 4, "Actual Startup Time": 0.085, "Actual Total Time": 0.092, "Actual Rows": 10, "Actual Loops": 1, "Inner Unique": false, "Plans": [{"Node Type": "Bitmap Heap Scan", "Parent Relationship": "Outer", "Relation Name": "info_type", "Alias": "it", "Startup Cost": 8.81, "Total Cost": 14.21, "Plan Rows": 1, "Plan Width": 4, "Actual Startup Time": 0.058, "Actual Total Time": 0.058, "Actual Rows": 1, "Actual Loops": 1, "Filter": "((info)::text = 'bottom 10 rank'::text)", "Rows Removed by Filter": 111, "Exact Heap Blocks": 1, "Lossy Heap Blocks": 1, "Plans": [{"Node Type": "Bitmap Index Scan", "Parent Relationship": "Outer", "Index Name": "info_type_pkey", "Startup Cost": 0.0, "Total Cost": 8.81, "Plan Rows": 112, "Plan Width": 0, "Actual Startup Time": 0.01, "Actual Total Time": 0.01, "Actual Rows": 112, "Actual Loops": 1}]}, {"Node Type": "Bitmap Heap Scan", "Parent Relationship": "Inner", "Relation Name": "movie_info_idx", "Alias": "mi_idx", "Startup Cost": 7502.06, "Total Cost": 18288.66, "Plan Rows": 345008, "Plan Width": 8, "Actual Startup Time": 0.023, "Actual Total Time": 0.025, "Actual Rows": 10, "Actual Loops": 1, "Recheck Cond": "(info_type_id = it.id), (LLVM Optimized)", "Rows Removed by Index Recheck": 0, "Exact Heap Blocks": 1, "Lossy Heap Blocks": 1, "Plans": [{"Node Type": "Bitmap Index Scan", "Parent Relationship": "Outer", "Index Name": "info_type_id_movie_info_idx", "Startup Cost": 0.0, "Total Cost": 7415.81, "Plan Rows": 345008, "Plan Width": 0, "Actual Startup Time": 0.012, "Actual Total Time": 0.012, "Actual Rows": 10, "Actual Loops": 1, "Index Cond": "(info_type_id = it.id)"}]}]}, {"Node Type": "Bitmap Heap Scan", "Parent Relationship": "Inner", "Relation Name": "title", "Alias": "t", "Startup Cost": 0.28, "Total Cost": 4.3, "Plan Rows": 1, "Plan Width": 25, "Actual Startup Time": 0.09, "Actual Total Time": 0.09, "Actual Rows": 6, "Actual Loops": 10, "Recheck Cond": "(id = mi_idx.movie_id)", "Rows Removed by Index Recheck": 0, "Filter": "(production_year > 2000)", "Rows Removed by Filter": 4, "Exact Heap Blocks": 10, "Lossy Heap Blocks": 10, "Plans": [{"Node Type": "Bitmap Index Scan", "Parent Relationship": "Outer", "Index Name": "title_pkey", "Startup Cost": 0.0, "Total Cost": 0.28, "Plan Rows": 1, "Plan Width": 0, "Actual Startup Time": 0.057, "Actual Total Time": 0.057, "Actual Rows": 10, "Actual Loops": 10, "Index Cond": "(id = mi_idx.movie_id)"}]}]}, {"Node Type": "Bitmap Heap Scan", "Parent Relationship": "Inner", "Relation Name": "movie_companies", "Alias": "mc", "Startup Cost": 0.29, "Total Cost": 4.32, "Plan Rows": 2, "Plan Width": 32, "Actual Startup Time": 0.096, "Actual Total Time": 0.147, "Actual Rows": 78, "Actual Loops": 6, "Recheck Cond": "(movie_id = t.id)", "Rows Removed by Index Recheck": 0, "Filter": "((note)::text !~~ '%(as Metro-Goldwyn-Mayer Pictures)%'::text)", "Rows Removed by Filter": 15, "Exact Heap Blocks": 13, "Lossy Heap Blocks": 13, "Plans": [{"Node Type": "Bitmap Index Scan", "Parent Relationship": "Outer", "Index Name": "movie_id_movie_companies", "Startup Cost": 0.0, "Total Cost": 0.29, "Plan Rows": 2, "Plan Width": 0, "Actual Startup Time": 0.048, "Actual Total Time": 0.048, "Actual Rows": 93, "Actual Loops": 6, "Index Cond": "(movie_id = t.id)"}]}]}]}]}, "Triggers": [], "Planner Runtime": 2, "Total Runtime": 10.112, "Unique SQL Id": 2492542741}}, "(64, 52)": {"explain_plan": {"Plan": {"Node Type": "Aggregate", "Strategy": "Plain", "Startup Cost": 346287.75, "Total Cost": 346287.76, "Plan Rows": 1, "Plan Width": 113, "Plans": [{"Node Type": "Nested Loop", "Parent Relationship": "Outer", "Join Type": "Inner", "Startup Cost": 7502.06, "Total Cost": 341503.6, "Plan Rows": 637886, "Plan Width": 45, "Inner Unique": true, "Plans": [{"Node Type": "Nested Loop", "Parent Relationship": "Outer", "Join Type": "Inner", "Startup Cost": 7502.06, "Total Cost": 166081.74, "Plan Rows": 501180, "Plan Width": 32, "Inner Unique": false, "Join Filter": "(mc.company_type_id = ct.id), (LLVM Optimized)", "Plans": [{"Node Type": "Seq Scan", "Parent Relationship": "Outer", "Relation Name": "company_type", "Alias": "ct", "Startup Cost": 0.0, "Total Cost": 1.04, "Plan Rows": 1, "Plan Width": 4, "Filter": "((kind)::text = 'production companies'::text)"}, {"Node Type": "Nested Loop", "Parent Relationship": "Inner", "Join Type": "Inner", "Startup Cost": 7502.06, "Total Cost": 155717.63, "Plan Rows": 829046, "Plan Width": 36, "Inner Unique": false, "Plans": [{"Node Type": "Nested Loop", "Parent Relationship": "Outer", "Join Type": "Inner", "Startup Cost": 7502.06, "Total Cost": 21741.14, "Plan Rows": 345008, "Plan Width": 4, "Inner Unique": false, "Plans": [{"Node Type": "Seq Scan", "Parent Relationship": "Outer", "Relation Name": "info_type", "Alias": "it", "Startup Cost": 0.0, "Total Cost": 2.4, "Plan Rows": 1, "Plan Width": 4, "Filter": "((info)::text = 'bottom 10 rank'::text)"}, {"Node Type": "Bitmap Heap Scan", "Parent Relationship": "Inner", "Relation Name": "movie_info_idx", "Alias": "mi_idx", "Startup Cost": 7502.06, "Total Cost": 18288.66, "Plan Rows": 345008, "Plan Width": 8, "Recheck Cond": "(info_type_id = it.id), (LLVM Optimized)", "Plans": [{"Node Type": "Bitmap Index Scan", "Parent Relationship": "Outer", "Index Name": "info_type_id_movie_info_idx", "Startup Cost": 0.0, "Total Cost": 7415.81, "Plan Rows": 345008, "Plan Width": 0, "Index Cond": "(info_type_id = it.id)"}]}]}, {"Node Type": "Index Scan", "Parent Relationship": "Inner", "Scan Direction": "Forward", "Index Name": "movie_id_movie_companies", "Relation Name": "movie_companies", "Alias": "mc", "Startup Cost": 0.0, "Total Cost": 0.37, "Plan Rows": 2, "Plan Width": 32, "Index Cond": "(movie_id = mi_idx.movie_id)", "Filter": "((note)::text !~~ '%(as Metro-Goldwyn-Mayer Pictures)%'::text)"}]}]}, {"Node Type": "Index Scan", "Parent Relationship": "Inner", "Scan Direction": "Forward", "Index Name": "title_pkey", "Relation Name": "title", "Alias": "t", "Startup Cost": 0.0, "Total Cost": 0.34, "Plan Rows": 1, "Plan Width": 25, "Index Cond": "(id = mc.movie_id)", "Filter": "(production_year > 2000)"}]}]}, "Unique SQL Id": 2492542741, "Planner Runtime": 2}, "explain_analyze_plan": {"Plan": {"Node Type": "Aggregate", "Strategy": "Plain", "Startup Cost": 346287.75, "Total Cost": 346287.76, "Plan Rows": 1, "Plan Width": 113, "Actual Startup Time": 0.476, "Actual Total Time": 0.476, "Actual Rows": 1, "Actual Loops": 1, "Plans": [{"Node Type": "Nested Loop", "Parent Relationship": "Outer", "Join Type": "Inner", "Startup Cost": 7502.06, "Total Cost": 341503.6, "Plan Rows": 637886, "Plan Width": 45, "Actual Startup Time": 0.372, "Actual Total Time": 0.452, "Actual Rows": 4, "Actual Loops": 1, "Inner Unique": true, "Plans": [{"Node Type": "Nested Loop", "Parent Relationship": "Outer", "Join Type": "Inner", "Startup Cost": 7502.06, "Total Cost": 166081.74, "Plan Rows": 501180, "Plan Width": 32, "Actual Startup Time": 0.225, "Actual Total Time": 0.402, "Actual Rows": 5, "Actual Loops": 1, "Inner Unique": false, "Join Filter": "(mc.company_type_id = ct.id), (LLVM Optimized)", "Rows Removed by Join Filter": 95, "Plans": [{"Node Type": "Seq Scan", "Parent Relationship": "Outer", "Relation Name": "company_type", "Alias": "ct", "Startup Cost": 0.0, "Total Cost": 1.04, "Plan Rows": 1, "Plan Width": 4, "Actual Startup Time": 0.021, "Actual Total Time": 0.022, "Actual Rows": 1, "Actual Loops": 1, "Filter": "((kind)::text = 'production companies'::text)", "Rows Removed by Filter": 2}, {"Node Type": "Nested Loop", "Parent Relationship": "Inner", "Join Type": "Inner", "Startup Cost": 7502.06, "Total Cost": 155717.63, "Plan Rows": 829046, "Plan Width": 36, "Actual Startup Time": 0.109, "Actual Total Time": 0.353, "Actual Rows": 100, "Actual Loops": 1, "Inner Unique": false, "Plans": [{"Node Type": "Nested Loop", "Parent Relationship": "Outer", "Join Type": "Inner", "Startup Cost": 7502.06, "Total Cost": 21741.14, "Plan Rows": 345008, "Plan Width": 4, "Actual Startup Time": 0.085, "Actual Total Time": 0.091, "Actual Rows": 10, "Actual Loops": 1, "Inner Unique": false, "Plans": [{"Node Type": "Seq Scan", "Parent Relationship": "Outer", "Relation Name": "info_type", "Alias": "it", "Startup Cost": 0.0, "Total Cost": 2.4, "Plan Rows": 1, "Plan Width": 4, "Actual Startup Time": 0.049, "Actual Total Time": 0.052, "Actual Rows": 1, "Actual Loops": 1, "Filter": "((info)::text = 'bottom 10 rank'::text)", "Rows Removed by Filter": 111}, {"Node Type": "Bitmap Heap Scan", "Parent Relationship": "Inner", "Relation Name": "movie_info_idx", "Alias": "mi_idx", "Startup Cost": 7502.06, "Total Cost": 18288.66, "Plan Rows": 345008, "Plan Width": 8, "Actual Startup Time": 0.032, "Actual Total Time": 0.033, "Actual Rows": 10, "Actual Loops": 1, "Recheck Cond": "(info_type_id = it.id), (LLVM Optimized)", "Rows Removed by Index Recheck": 0, "Exact Heap Blocks": 1, "Lossy Heap Blocks": 1, "Plans": [{"Node Type": "Bitmap Index Scan", "Parent Relationship": "Outer", "Index Name": "info_type_id_movie_info_idx", "Startup Cost": 0.0, "Total Cost": 7415.81, "Plan Rows": 345008, "Plan Width": 0, "Actual Startup Time": 0.021, "Actual Total Time": 0.021, "Actual Rows": 10, "Actual Loops": 1, "Index Cond": "(info_type_id = it.id)"}]}]}, {"Node Type": "Index Scan", "Parent Relationship": "Inner", "Scan Direction": "Forward", "Index Name": "movie_id_movie_companies", "Relation Name": "movie_companies", "Alias": "mc", "Startup Cost": 0.0, "Total Cost": 0.37, "Plan Rows": 2, "Plan Width": 32, "Actual Startup Time": 0.129, "Actual Total Time": 0.225, "Actual Rows": 100, "Actual Loops": 10, "Index Cond": "(movie_id = mi_idx.movie_id)", "Rows Removed by Index Recheck": 0, "Filter": "((note)::text !~~ '%(as Metro-Goldwyn-Mayer Pictures)%'::text)", "Rows Removed by Filter": 20}]}]}, {"Node Type": "Index Scan", "Parent Relationship": "Inner", "Scan Direction": "Forward", "Index Name": "title_pkey", "Relation Name": "title", "Alias": "t", "Startup Cost": 0.0, "Total Cost": 0.34, "Plan Rows": 1, "Plan Width": 25, "Actual Startup Time": 0.044, "Actual Total Time": 0.044, "Actual Rows": 4, "Actual Loops": 5, "Index Cond": "(id = mc.movie_id)", "Rows Removed by Index Recheck": 0, "Filter": "(production_year > 2000)", "Rows Removed by Filter": 1}]}]}, "Triggers": [], "Planner Runtime": 2, "Total Runtime": 10.128, "Unique SQL Id": 2492542741}}, "(64, 53)": {"explain_plan": {"Plan": {"Node Type": "Aggregate", "Strategy": "Plain", "Startup Cost": 346310.82, "Total Cost": 346310.83, "Plan Rows": 1, "Plan Width": 113, "Plans": [{"Node Type": "Nested Loop", "Parent Relationship": "Outer", "Join Type": "Inner", "Startup Cost": 7502.06, "Total Cost": 341526.68, "Plan Rows": 637886, "Plan Width": 45, "Inner Unique": true, "Plans": [{"Node Type": "Nested Loop", "Parent Relationship": "Outer", "Join Type": "Inner", "Startup Cost": 7502.06, "Total Cost": 166104.81, "Plan Rows": 501180, "Plan Width": 32, "Inner Unique": false, "Join Filter": "(mc.company_type_id = ct.id), (LLVM Optimized)", "Plans": [{"Node Type": "Index Scan", "Parent Relationship": "Outer", "Scan Direction": "Forward", "Index Name": "company_type_pkey", "Relation Name": "company_type", "Alias": "ct", "Startup Cost": 0.0, "Total Cost": 12.3, "Plan Rows": 1, "Plan Width": 4, "Filter": "((kind)::text = 'production companies'::text)"}, {"Node Type": "Nested Loop", "Parent Relationship": "Inner", "Join Type": "Inner", "Startup Cost": 7502.06, "Total Cost": 155729.44, "Plan Rows": 829046, "Plan Width": 36, "Inner Unique": false, "Plans": [{"Node Type": "Nested Loop", "Parent Relationship": "Outer", "Join Type": "Inner", "Startup Cost": 7502.06, "Total Cost": 21752.95, "Plan Rows": 345008, "Plan Width": 4, "Inner Unique": false, "Plans": [{"Node Type": "Index Scan", "Parent Relationship": "Outer", "Scan Direction": "Forward", "Index Name": "info_type_pkey", "Relation Name": "info_type", "Alias": "it", "Startup Cost": 0.0, "Total Cost": 14.21, "Plan Rows": 1, "Plan Width": 4, "Filter": "((info)::text = 'bottom 10 rank'::text)"}, {"Node Type": "Bitmap Heap Scan", "Parent Relationship": "Inner", "Relation Name": "movie_info_idx", "Alias": "mi_idx", "Startup Cost": 7502.06, "Total Cost": 18288.66, "Plan Rows": 345008, "Plan Width": 8, "Recheck Cond": "(info_type_id = it.id), (LLVM Optimized)", "Plans": [{"Node Type": "Bitmap Index Scan", "Parent Relationship": "Outer", "Index Name": "info_type_id_movie_info_idx", "Startup Cost": 0.0, "Total Cost": 7415.81, "Plan Rows": 345008, "Plan Width": 0, "Index Cond": "(info_type_id = it.id)"}]}]}, {"Node Type": "Index Scan", "Parent Relationship": "Inner", "Scan Direction": "Forward", "Index Name": "movie_id_movie_companies", "Relation Name": "movie_companies", "Alias": "mc", "Startup Cost": 0.0, "Total Cost": 0.37, "Plan Rows": 2, "Plan Width": 32, "Index Cond": "(movie_id = mi_idx.movie_id)", "Filter": "((note)::text !~~ '%(as Metro-Goldwyn-Mayer Pictures)%'::text)"}]}]}, {"Node Type": "Index Scan", "Parent Relationship": "Inner", "Scan Direction": "Forward", "Index Name": "title_pkey", "Relation Name": "title", "Alias": "t", "Startup Cost": 0.0, "Total Cost": 0.34, "Plan Rows": 1, "Plan Width": 25, "Index Cond": "(id = mc.movie_id)", "Filter": "(production_year > 2000)"}]}]}, "Unique SQL Id": 2492542741, "Planner Runtime": 2}, "explain_analyze_plan": {"Plan": {"Node Type": "Aggregate", "Strategy": "Plain", "Startup Cost": 346310.82, "Total Cost": 346310.83, "Plan Rows": 1, "Plan Width": 113, "Actual Startup Time": 0.387, "Actual Total Time": 0.387, "Actual Rows": 1, "Actual Loops": 1, "Plans": [{"Node Type": "Nested Loop", "Parent Relationship": "Outer", "Join Type": "Inner", "Startup Cost": 7502.06, "Total Cost": 341526.68, "Plan Rows": 637886, "Plan Width": 45, "Actual Startup Time": 0.305, "Actual Total Time": 0.371, "Actual Rows": 4, "Actual Loops": 1, "Inner Unique": true, "Plans": [{"Node Type": "Nested Loop", "Parent Relationship": "Outer", "Join Type": "Inner", "Startup Cost": 7502.06, "Total Cost": 166104.81, "Plan Rows": 501180, "Plan Width": 32, "Actual Startup Time": 0.19, "Actual Total Time": 0.336, "Actual Rows": 5, "Actual Loops": 1, "Inner Unique": false, "Join Filter": "(mc.company_type_id = ct.id), (LLVM Optimized)", "Rows Removed by Join Filter": 95, "Plans": [{"Node Type": "Index Scan", "Parent Relationship": "Outer", "Scan Direction": "Forward", "Index Name": "company_type_pkey", "Relation Name": "company_type", "Alias": "ct", "Startup Cost": 0.0, "Total Cost": 12.3, "Plan Rows": 1, "Plan Width": 4, "Actual Startup Time": 0.021, "Actual Total Time": 0.024, "Actual Rows": 1, "Actual Loops": 1, "Filter": "((kind)::text = 'production companies'::text)", "Rows Removed by Filter": 2}, {"Node Type": "Nested Loop", "Parent Relationship": "Inner", "Join Type": "Inner", "Startup Cost": 7502.06, "Total Cost": 155729.44, "Plan Rows": 829046, "Plan Width": 36, "Actual Startup Time": 0.098, "Actual Total Time": 0.293, "Actual Rows": 100, "Actual Loops": 1, "Inner Unique": false, "Plans": [{"Node Type": "Nested Loop", "Parent Relationship": "Outer", "Join Type": "Inner", "Startup Cost": 7502.06, "Total Cost": 21752.95, "Plan Rows": 345008, "Plan Width": 4, "Actual Startup Time": 0.083, "Actual Total Time": 0.088, "Actual Rows": 10, "Actual Loops": 1, "Inner Unique": false, "Plans": [{"Node Type": "Index Scan", "Parent Relationship": "Outer", "Scan Direction": "Forward", "Index Name": "info_type_pkey", "Relation Name": "info_type", "Alias": "it", "Startup Cost": 0.0, "Total Cost": 14.21, "Plan Rows": 1, "Plan Width": 4, "Actual Startup Time": 0.06, "Actual Total Time": 0.062, "Actual Rows": 1, "Actual Loops": 1, "Filter": "((info)::text = 'bottom 10 rank'::text)", "Rows Removed by Filter": 111}, {"Node Type": "Bitmap Heap Scan", "Parent Relationship": "Inner", "Relation Name": "movie_info_idx", "Alias": "mi_idx", "Startup Cost": 7502.06, "Total Cost": 18288.66, "Plan Rows": 345008, "Plan Width": 8, "Actual Startup Time": 0.019, "Actual Total Time": 0.02, "Actual Rows": 10, "Actual Loops": 1, "Recheck Cond": "(info_type_id = it.id), (LLVM Optimized)", "Rows Removed by Index Recheck": 0, "Exact Heap Blocks": 1, "Lossy Heap Blocks": 1, "Plans": [{"Node Type": "Bitmap Index Scan", "Parent Relationship": "Outer", "Index Name": "info_type_id_movie_info_idx", "Startup Cost": 0.0, "Total Cost": 7415.81, "Plan Rows": 345008, "Plan Width": 0, "Actual Startup Time": 0.012, "Actual Total Time": 0.012, "Actual Rows": 10, "Actual Loops": 1, "Index Cond": "(info_type_id = it.id)"}]}]}, {"Node Type": "Index Scan", "Parent Relationship": "Inner", "Scan Direction": "Forward", "Index Name": "movie_id_movie_companies", "Relation Name": "movie_companies", "Alias": "mc", "Startup Cost": 0.0, "Total Cost": 0.37, "Plan Rows": 2, "Plan Width": 32, "Actual Startup Time": 0.08, "Actual Total Time": 0.173, "Actual Rows": 100, "Actual Loops": 10, "Index Cond": "(movie_id = mi_idx.movie_id)", "Rows Removed by Index Recheck": 0, "Filter": "((note)::text !~~ '%(as Metro-Goldwyn-Mayer Pictures)%'::text)", "Rows Removed by Filter": 20}]}]}, {"Node Type": "Index Scan", "Parent Relationship": "Inner", "Scan Direction": "Forward", "Index Name": "title_pkey", "Relation Name": "title", "Alias": "t", "Startup Cost": 0.0, "Total Cost": 0.34, "Plan Rows": 1, "Plan Width": 25, "Actual Startup Time": 0.031, "Actual Total Time": 0.031, "Actual Rows": 4, "Actual Loops": 5, "Index Cond": "(id = mc.movie_id)", "Rows Removed by Index Recheck": 0, "Filter": "(production_year > 2000)", "Rows Removed by Filter": 1}]}]}, "Triggers": [], "Planner Runtime": 2, "Total Runtime": 10.052, "Unique SQL Id": 2492542741}}, "(64, 54)": {"explain_plan": {"Plan": {"Node Type": "Aggregate", "Strategy": "Plain", "Startup Cost": 3487396.95, "Total Cost": 3487396.96, "Plan Rows": 1, "Plan Width": 113, "Plans": [{"Node Type": "Nested Loop", "Parent Relationship": "Outer", "Join Type": "Inner", "Startup Cost": 0.58, "Total Cost": 3482612.8, "Plan Rows": 637886, "Plan Width": 45, "Inner Unique": false, "Join Filter": "(mc.company_type_id = ct.id), (LLVM Optimized)", "Plans": [{"Node Type": "Seq Scan", "Parent Relationship": "Outer", "Relation Name": "company_type", "Alias": "ct", "Startup Cost": 0.0, "Total Cost": 1.04, "Plan Rows": 1, "Plan Width": 4, "Filter": "((kind)::text = 'production companies'::text)"}, {"Node Type": "Nested Loop", "Parent Relationship": "Inner", "Join Type": "Inner", "Startup Cost": 0.58, "Total Cost": 3469421.97, "Plan Rows": 1055184, "Plan Width": 49, "Inner Unique": false, "Plans": [{"Node Type": "Nested Loop", "Parent Relationship": "Outer", "Join Type": "Inner", "Startup Cost": 0.28, "Total Cost": 1524363.16, "Plan Rows": 447839, "Plan Width": 29, "Inner Unique": true, "Plans": [{"Node Type": "Nested Loop", "Parent Relationship": "Outer", "Join Type": "Inner", "Startup Cost": 0.0, "Total Cost": 37527.17, "Plan Rows": 345008, "Plan Width": 4, "Inner Unique": false, "Join Filter": "(it.id = mi_idx.info_type_id), (LLVM Optimized)", "Plans": [{"Node Type": "Seq Scan", "Parent Relationship": "Outer", "Relation Name": "info_type", "Alias": "it", "Startup Cost": 0.0, "Total Cost": 2.4, "Plan Rows": 1, "Plan Width": 4, "Filter": "((info)::text = 'bottom 10 rank'::text)"}, {"Node Type": "Seq Scan", "Parent Relationship": "Inner", "Relation Name": "movie_info_idx", "Alias": "mi_idx", "Startup Cost": 0.0, "Total Cost": 20274.34, "Plan Rows": 1380034, "Plan Width": 8}]}, {"Node Type": "Bitmap Heap Scan", "Parent Relationship": "Inner", "Relation Name": "title", "Alias": "t", "Startup Cost": 0.28, "Total Cost": 4.3, "Plan Rows": 1, "Plan Width": 25, "Recheck Cond": "(id = mi_idx.movie_id)", "Filter": "(production_year > 2000)", "Plans": [{"Node Type": "Bitmap Index Scan", "Parent Relationship": "Outer", "Index Name": "title_pkey", "Startup Cost": 0.0, "Total Cost": 0.28, "Plan Rows": 1, "Plan Width": 0, "Index Cond": "(id = mi_idx.movie_id)"}]}]}, {"Node Type": "Bitmap Heap Scan", "Parent Relationship": "Inner", "Relation Name": "movie_companies", "Alias": "mc", "Startup Cost": 0.29, "Total Cost": 4.32, "Plan Rows": 2, "Plan Width": 32, "Recheck Cond": "(movie_id = t.id)", "Filter": "((note)::text !~~ '%(as Metro-Goldwyn-Mayer Pictures)%'::text)", "Plans": [{"Node Type": "Bitmap Index Scan", "Parent Relationship": "Outer", "Index Name": "movie_id_movie_companies", "Startup Cost": 0.0, "Total Cost": 0.29, "Plan Rows": 2, "Plan Width": 0, "Index Cond": "(movie_id = t.id)"}]}]}]}]}, "Unique SQL Id": 2492542741, "Planner Runtime": 3}, "explain_analyze_plan": {"Plan": {"Node Type": "Aggregate", "Strategy": "Plain", "Startup Cost": 3487396.95, "Total Cost": 3487396.96, "Plan Rows": 1, "Plan Width": 113, "Actual Startup Time": 584.862, "Actual Total Time": 584.863, "Actual Rows": 1, "Actual Loops": 1, "Plans": [{"Node Type": "Nested Loop", "Parent Relationship": "Outer", "Join Type": "Inner", "Startup Cost": 0.58, "Total Cost": 3482612.8, "Plan Rows": 637886, "Plan Width": 45, "Actual Startup Time": 584.759, "Actual Total Time": 584.838, "Actual Rows": 4, "Actual Loops": 1, "Inner Unique": false, "Join Filter": "(mc.company_type_id = ct.id), (LLVM Optimized, Jit Execute)", "Rows Removed by Join Filter": 74, "Plans": [{"Node Type": "Seq Scan", "Parent Relationship": "Outer", "Relation Name": "company_type", "Alias": "ct", "Startup Cost": 0.0, "Total Cost": 1.04, "Plan Rows": 1, "Plan Width": 4, "Actual Startup Time": 0.018, "Actual Total Time": 0.023, "Actual Rows": 1, "Actual Loops": 1, "Filter": "((kind)::text = 'production companies'::text)", "Rows Removed by Filter": 2}, {"Node Type": "Nested Loop", "Parent Relationship": "Inner", "Join Type": "Inner", "Startup Cost": 0.58, "Total Cost": 3469421.97, "Plan Rows": 1055184, "Plan Width": 49, "Actual Startup Time": 584.506, "Actual Total Time": 584.789, "Actual Rows": 78, "Actual Loops": 1, "Inner Unique": false, "Plans": [{"Node Type": "Nested Loop", "Parent Relationship": "Outer", "Join Type": "Inner", "Startup Cost": 0.28, "Total Cost": 1524363.16, "Plan Rows": 447839, "Plan Width": 29, "Actual Startup Time": 584.449, "Actual Total Time": 584.566, "Actual Rows": 6, "Actual Loops": 1, "Inner Unique": true, "Plans": [{"Node Type": "Nested Loop", "Parent Relationship": "Outer", "Join Type": "Inner", "Startup Cost": 0.0, "Total Cost": 37527.17, "Plan Rows": 345008, "Plan Width": 4, "Actual Startup Time": 584.357, "Actual Total Time": 584.375, "Actual Rows": 10, "Actual Loops": 1, "Inner Unique": false, "Join Filter": "(it.id = mi_idx.info_type_id), (LLVM Optimized, Jit Execute)", "Rows Removed by Join Filter": 1380024, "Plans": [{"Node Type": "Seq Scan", "Parent Relationship": "Outer", "Relation Name": "info_type", "Alias": "it", "Startup Cost": 0.0, "Total Cost": 2.4, "Plan Rows": 1, "Plan Width": 4, "Actual Startup Time": 0.048, "Actual Total Time": 0.055, "Actual Rows": 1, "Actual Loops": 1, "Filter": "((info)::text = 'bottom 10 rank'::text)", "Rows Removed by Filter": 111}, {"Node Type": "Seq Scan", "Parent Relationship": "Inner", "Relation Name": "movie_info_idx", "Alias": "mi_idx", "Startup Cost": 0.0, "Total Cost": 20274.34, "Plan Rows": 1380034, "Plan Width": 8, "Actual Startup Time": 0.034, "Actual Total Time": 296.727, "Actual Rows": 1380034, "Actual Loops": 1}]}, {"Node Type": "Bitmap Heap Scan", "Parent Relationship": "Inner", "Relation Name": "title", "Alias": "t", "Startup Cost": 0.28, "Total Cost": 4.3, "Plan Rows": 1, "Plan Width": 25, "Actual Startup Time": 0.16, "Actual Total Time": 0.16, "Actual Rows": 6, "Actual Loops": 10, "Recheck Cond": "(id = mi_idx.movie_id)", "Rows Removed by Index Recheck": 0, "Filter": "(production_year > 2000)", "Rows Removed by Filter": 4, "Exact Heap Blocks": 10, "Lossy Heap Blocks": 10, "Plans": [{"Node Type": "Bitmap Index Scan", "Parent Relationship": "Outer", "Index Name": "title_pkey", "Startup Cost": 0.0, "Total Cost": 0.28, "Plan Rows": 1, "Plan Width": 0, "Actual Startup Time": 0.102, "Actual Total Time": 0.102, "Actual Rows": 10, "Actual Loops": 10, "Index Cond": "(id = mi_idx.movie_id)"}]}]}, {"Node Type": "Bitmap Heap Scan", "Parent Relationship": "Inner", "Relation Name": "movie_companies", "Alias": "mc", "Startup Cost": 0.29, "Total Cost": 4.32, "Plan Rows": 2, "Plan Width": 32, "Actual Startup Time": 0.135, "Actual Total Time": 0.193, "Actual Rows": 78, "Actual Loops": 6, "Recheck Cond": "(movie_id = t.id)", "Rows Removed by Index Recheck": 0, "Filter": "((note)::text !~~ '%(as Metro-Goldwyn-Mayer Pictures)%'::text)", "Rows Removed by Filter": 15, "Exact Heap Blocks": 13, "Lossy Heap Blocks": 13, "Plans": [{"Node Type": "Bitmap Index Scan", "Parent Relationship": "Outer", "Index Name": "movie_id_movie_companies", "Startup Cost": 0.0, "Total Cost": 0.29, "Plan Rows": 2, "Plan Width": 0, "Actual Startup Time": 0.072, "Actual Total Time": 0.072, "Actual Rows": 93, "Actual Loops": 6, "Index Cond": "(movie_id = t.id)"}]}]}]}]}, "Triggers": [], "Planner Runtime": 3, "Total Runtime": 594.602, "Unique SQL Id": 2492542741}}, "(64, 55)": {"explain_plan": {"Plan": {"Node Type": "Aggregate", "Strategy": "Plain", "Startup Cost": 3471634.0, "Total Cost": 3471634.01, "Plan Rows": 1, "Plan Width": 113, "Plans": [{"Node Type": "Nested Loop", "Parent Relationship": "Outer", "Join Type": "Inner", "Startup Cost": 7519.72, "Total Cost": 3466849.86, "Plan Rows": 637886, "Plan Width": 45, "Inner Unique": false, "Join Filter": "(mc.company_type_id = ct.id), (LLVM Optimized)", "Plans": [{"Node Type": "Bitmap Heap Scan", "Parent Relationship": "Outer", "Relation Name": "company_type", "Alias": "ct", "Startup Cost": 8.27, "Total Cost": 12.3, "Plan Rows": 1, "Plan Width": 4, "Filter": "((kind)::text = 'production companies'::text)", "Plans": [{"Node Type": "Bitmap Index Scan", "Parent Relationship": "Outer", "Index Name": "company_type_pkey", "Startup Cost": 0.0, "Total Cost": 8.27, "Plan Rows": 3, "Plan Width": 0}]}, {"Node Type": "Nested Loop", "Parent Relationship": "Inner", "Join Type": "Inner", "Startup Cost": 7511.45, "Total Cost": 3453647.75, "Plan Rows": 1055184, "Plan Width": 49, "Inner Unique": false, "Plans": [{"Node Type": "Nested Loop", "Parent Relationship": "Outer", "Join Type": "Inner", "Startup Cost": 7511.16, "Total Cost": 1508588.95, "Plan Rows": 447839, "Plan Width": 29, "Inner Unique": true, "Plans": [{"Node Type": "Nested Loop", "Parent Relationship": "Outer", "Join Type": "Inner", "Startup Cost": 7510.87, "Total Cost": 21752.95, "Plan Rows": 345008, "Plan Width": 4, "Inner Unique": false, "Plans": [{"Node Type": "Bitmap Heap Scan", "Parent Relationship": "Outer", "Relation Name": "info_type", "Alias": "it", "Startup Cost": 8.81, "Total Cost": 14.21, "Plan Rows": 1, "Plan Width": 4, "Filter": "((info)::text = 'bottom 10 rank'::text)", "Plans": [{"Node Type": "Bitmap Index Scan", "Parent Relationship": "Outer", "Index Name": "info_type_pkey", "Startup Cost": 0.0, "Total Cost": 8.81, "Plan Rows": 112, "Plan Width": 0}]}, {"Node Type": "Bitmap Heap Scan", "Parent Relationship": "Inner", "Relation Name": "movie_info_idx", "Alias": "mi_idx", "Startup Cost": 7502.06, "Total Cost": 18288.66, "Plan Rows": 345008, "Plan Width": 8, "Recheck Cond": "(info_type_id = it.id), (LLVM Optimized)", "Plans": [{"Node Type": "Bitmap Index Scan", "Parent Relationship": "Outer", "Index Name": "info_type_id_movie_info_idx", "Startup Cost": 0.0, "Total Cost": 7415.81, "Plan Rows": 345008, "Plan Width": 0, "Index Cond": "(info_type_id = it.id)"}]}]}, {"Node Type": "Bitmap Heap Scan", "Parent Relationship": "Inner", "Relation Name": "title", "Alias": "t", "Startup Cost": 0.28, "Total Cost": 4.3, "Plan Rows": 1, "Plan Width": 25, "Recheck Cond": "(id = mi_idx.movie_id)", "Filter": "(production_year > 2000)", "Plans": [{"Node Type": "Bitmap Index Scan", "Parent Relationship": "Outer", "Index Name": "title_pkey", "Startup Cost": 0.0, "Total Cost": 0.28, "Plan Rows": 1, "Plan Width": 0, "Index Cond": "(id = mi_idx.movie_id)"}]}]}, {"Node Type": "Bitmap Heap Scan", "Parent Relationship": "Inner", "Relation Name": "movie_companies", "Alias": "mc", "Startup Cost": 0.29, "Total Cost": 4.32, "Plan Rows": 2, "Plan Width": 32, "Recheck Cond": "(movie_id = t.id)", "Filter": "((note)::text !~~ '%(as Metro-Goldwyn-Mayer Pictures)%'::text)", "Plans": [{"Node Type": "Bitmap Index Scan", "Parent Relationship": "Outer", "Index Name": "movie_id_movie_companies", "Startup Cost": 0.0, "Total Cost": 0.29, "Plan Rows": 2, "Plan Width": 0, "Index Cond": "(movie_id = t.id)"}]}]}]}]}, "Unique SQL Id": 2492542741, "Planner Runtime": 2}, "explain_analyze_plan": {"Plan": {"Node Type": "Aggregate", "Strategy": "Plain", "Startup Cost": 3471634.0, "Total Cost": 3471634.01, "Plan Rows": 1, "Plan Width": 113, "Actual Startup Time": 0.439, "Actual Total Time": 0.439, "Actual Rows": 1, "Actual Loops": 1, "Plans": [{"Node Type": "Nested Loop", "Parent Relationship": "Outer", "Join Type": "Inner", "Startup Cost": 7519.72, "Total Cost": 3466849.86, "Plan Rows": 637886, "Plan Width": 45, "Actual Startup Time": 0.366, "Actual Total Time": 0.425, "Actual Rows": 4, "Actual Loops": 1, "Inner Unique": false, "Join Filter": "(mc.company_type_id = ct.id), (LLVM Optimized)", "Rows Removed by Join Filter": 74, "Plans": [{"Node Type": "Bitmap Heap Scan", "Parent Relationship": "Outer", "Relation Name": "company_type", "Alias": "ct", "Startup Cost": 8.27, "Total Cost": 12.3, "Plan Rows": 1, "Plan Width": 4, "Actual Startup Time": 0.03, "Actual Total Time": 0.031, "Actual Rows": 1, "Actual Loops": 1, "Filter": "((kind)::text = 'production companies'::text)", "Rows Removed by Filter": 2, "Exact Heap Blocks": 1, "Lossy Heap Blocks": 1, "Plans": [{"Node Type": "Bitmap Index Scan", "Parent Relationship": "Outer", "Index Name": "company_type_pkey", "Startup Cost": 0.0, "Total Cost": 8.27, "Plan Rows": 3, "Plan Width": 0, "Actual Startup Time": 0.01, "Actual Total Time": 0.01, "Actual Rows": 3, "Actual Loops": 1}]}, {"Node Type": "Nested Loop", "Parent Relationship": "Inner", "Join Type": "Inner", "Startup Cost": 7511.45, "Total Cost": 3453647.75, "Plan Rows": 1055184, "Plan Width": 49, "Actual Startup Time": 0.142, "Actual Total Time": 0.37, "Actual Rows": 78, "Actual Loops": 1, "Inner Unique": false, "Plans": [{"Node Type": "Nested Loop", "Parent Relationship": "Outer", "Join Type": "Inner", "Startup Cost": 7511.16, "Total Cost": 1508588.95, "Plan Rows": 447839, "Plan Width": 29, "Actual Startup Time": 0.114, "Actual Total Time": 0.197, "Actual Rows": 6, "Actual Loops": 1, "Inner Unique": true, "Plans": [{"Node Type": "Nested Loop", "Parent Relationship": "Outer", "Join Type": "Inner", "Startup Cost": 7510.87, "Total Cost": 21752.95, "Plan Rows": 345008, "Plan Width": 4, "Actual Startup Time": 0.085, "Actual Total Time": 0.092, "Actual Rows": 10, "Actual Loops": 1, "Inner Unique": false, "Plans": [{"Node Type": "Bitmap Heap Scan", "Parent Relationship": "Outer", "Relation Name": "info_type", "Alias": "it", "Startup Cost": 8.81, "Total Cost": 14.21, "Plan Rows": 1, "Plan Width": 4, "Actual Startup Time": 0.058, "Actual Total Time": 0.058, "Actual Rows": 1, "Actual Loops": 1, "Filter": "((info)::text = 'bottom 10 rank'::text)", "Rows Removed by Filter": 111, "Exact Heap Blocks": 1, "Lossy Heap Blocks": 1, "Plans": [{"Node Type": "Bitmap Index Scan", "Parent Relationship": "Outer", "Index Name": "info_type_pkey", "Startup Cost": 0.0, "Total Cost": 8.81, "Plan Rows": 112, "Plan Width": 0, "Actual Startup Time": 0.01, "Actual Total Time": 0.01, "Actual Rows": 112, "Actual Loops": 1}]}, {"Node Type": "Bitmap Heap Scan", "Parent Relationship": "Inner", "Relation Name": "movie_info_idx", "Alias": "mi_idx", "Startup Cost": 7502.06, "Total Cost": 18288.66, "Plan Rows": 345008, "Plan Width": 8, "Actual Startup Time": 0.023, "Actual Total Time": 0.025, "Actual Rows": 10, "Actual Loops": 1, "Recheck Cond": "(info_type_id = it.id), (LLVM Optimized)", "Rows Removed by Index Recheck": 0, "Exact Heap Blocks": 1, "Lossy Heap Blocks": 1, "Plans": [{"Node Type": "Bitmap Index Scan", "Parent Relationship": "Outer", "Index Name": "info_type_id_movie_info_idx", "Startup Cost": 0.0, "Total Cost": 7415.81, "Plan Rows": 345008, "Plan Width": 0, "Actual Startup Time": 0.012, "Actual Total Time": 0.012, "Actual Rows": 10, "Actual Loops": 1, "Index Cond": "(info_type_id = it.id)"}]}]}, {"Node Type": "Bitmap Heap Scan", "Parent Relationship": "Inner", "Relation Name": "title", "Alias": "t", "Startup Cost": 0.28, "Total Cost": 4.3, "Plan Rows": 1, "Plan Width": 25, "Actual Startup Time": 0.09, "Actual Total Time": 0.09, "Actual Rows": 6, "Actual Loops": 10, "Recheck Cond": "(id = mi_idx.movie_id)", "Rows Removed by Index Recheck": 0, "Filter": "(production_year > 2000)", "Rows Removed by Filter": 4, "Exact Heap Blocks": 10, "Lossy Heap Blocks": 10, "Plans": [{"Node Type": "Bitmap Index Scan", "Parent Relationship": "Outer", "Index Name": "title_pkey", "Startup Cost": 0.0, "Total Cost": 0.28, "Plan Rows": 1, "Plan Width": 0, "Actual Startup Time": 0.057, "Actual Total Time": 0.057, "Actual Rows": 10, "Actual Loops": 10, "Index Cond": "(id = mi_idx.movie_id)"}]}]}, {"Node Type": "Bitmap Heap Scan", "Parent Relationship": "Inner", "Relation Name": "movie_companies", "Alias": "mc", "Startup Cost": 0.29, "Total Cost": 4.32, "Plan Rows": 2, "Plan Width": 32, "Actual Startup Time": 0.096, "Actual Total Time": 0.147, "Actual Rows": 78, "Actual Loops": 6, "Recheck Cond": "(movie_id = t.id)", "Rows Removed by Index Recheck": 0, "Filter": "((note)::text !~~ '%(as Metro-Goldwyn-Mayer Pictures)%'::text)", "Rows Removed by Filter": 15, "Exact Heap Blocks": 13, "Lossy Heap Blocks": 13, "Plans": [{"Node Type": "Bitmap Index Scan", "Parent Relationship": "Outer", "Index Name": "movie_id_movie_companies", "Startup Cost": 0.0, "Total Cost": 0.29, "Plan Rows": 2, "Plan Width": 0, "Actual Startup Time": 0.048, "Actual Total Time": 0.048, "Actual Rows": 93, "Actual Loops": 6, "Index Cond": "(movie_id = t.id)"}]}]}]}]}, "Triggers": [], "Planner Runtime": 2, "Total Runtime": 10.112, "Unique SQL Id": 2492542741}}, "(64, 56)": {"explain_plan": {"Plan": {"Node Type": "Aggregate", "Strategy": "Plain", "Startup Cost": 362073.77, "Total Cost": 362073.78, "Plan Rows": 1, "Plan Width": 113, "Plans": [{"Node Type": "Nested Loop", "Parent Relationship": "Outer", "Join Type": "Inner", "Startup Cost": 0.0, "Total Cost": 357289.62, "Plan Rows": 637886, "Plan Width": 45, "Inner Unique": true, "Plans": [{"Node Type": "Nested Loop", "Parent Relationship": "Outer", "Join Type": "Inner", "Startup Cost": 0.0, "Total Cost": 181867.76, "Plan Rows": 501180, "Plan Width": 32, "Inner Unique": false, "Join Filter": "(mc.company_type_id = ct.id), (LLVM Optimized)", "Plans": [{"Node Type": "Seq Scan", "Parent Relationship": "Outer", "Relation Name": "company_type", "Alias": "ct", "Startup Cost": 0.0, "Total Cost": 1.04, "Plan Rows": 1, "Plan Width": 4, "Filter": "((kind)::text = 'production companies'::text)"}, {"Node Type": "Nested Loop", "Parent Relationship": "Inner", "Join Type": "Inner", "Startup Cost": 0.0, "Total Cost": 171503.65, "Plan Rows": 829046, "Plan Width": 36, "Inner Unique": false, "Plans": [{"Node Type": "Nested Loop", "Parent Relationship": "Outer", "Join Type": "Inner", "Startup Cost": 0.0, "Total Cost": 37527.17, "Plan Rows": 345008, "Plan Width": 4, "Inner Unique": false, "Join Filter": "(it.id = mi_idx.info_type_id), (LLVM Optimized)", "Plans": [{"Node Type": "Seq Scan", "Parent Relationship": "Outer", "Relation Name": "info_type", "Alias": "it", "Startup Cost": 0.0, "Total Cost": 2.4, "Plan Rows": 1, "Plan Width": 4, "Filter": "((info)::text = 'bottom 10 rank'::text)"}, {"Node Type": "Seq Scan", "Parent Relationship": "Inner", "Relation Name": "movie_info_idx", "Alias": "mi_idx", "Startup Cost": 0.0, "Total Cost": 20274.34, "Plan Rows": 1380034, "Plan Width": 8}]}, {"Node Type": "Index Scan", "Parent Relationship": "Inner", "Scan Direction": "Forward", "Index Name": "movie_id_movie_companies", "Relation Name": "movie_companies", "Alias": "mc", "Startup Cost": 0.0, "Total Cost": 0.37, "Plan Rows": 2, "Plan Width": 32, "Index Cond": "(movie_id = mi_idx.movie_id)", "Filter": "((note)::text !~~ '%(as Metro-Goldwyn-Mayer Pictures)%'::text)"}]}]}, {"Node Type": "Index Scan", "Parent Relationship": "Inner", "Scan Direction": "Forward", "Index Name": "title_pkey", "Relation Name": "title", "Alias": "t", "Startup Cost": 0.0, "Total Cost": 0.34, "Plan Rows": 1, "Plan Width": 25, "Index Cond": "(id = mc.movie_id)", "Filter": "(production_year > 2000)"}]}]}, "Unique SQL Id": 2492542741, "Planner Runtime": 3}, "explain_analyze_plan": {"Plan": {"Node Type": "Aggregate", "Strategy": "Plain", "Startup Cost": 362073.77, "Total Cost": 362073.78, "Plan Rows": 1, "Plan Width": 113, "Actual Startup Time": 608.336, "Actual Total Time": 608.337, "Actual Rows": 1, "Actual Loops": 1, "Plans": [{"Node Type": "Nested Loop", "Parent Relationship": "Outer", "Join Type": "Inner", "Startup Cost": 0.0, "Total Cost": 357289.62, "Plan Rows": 637886, "Plan Width": 45, "Actual Startup Time": 608.213, "Actual Total Time": 608.31, "Actual Rows": 4, "Actual Loops": 1, "Inner Unique": true, "Plans": [{"Node Type": "Nested Loop", "Parent Relationship": "Outer", "Join Type": "Inner", "Startup Cost": 0.0, "Total Cost": 181867.76, "Plan Rows": 501180, "Plan Width": 32, "Actual Startup Time": 608.058, "Actual Total Time": 608.253, "Actual Rows": 5, "Actual Loops": 1, "Inner Unique": false, "Join Filter": "(mc.company_type_id = ct.id), (LLVM Optimized)", "Rows Removed by Join Filter": 95, "Plans": [{"Node Type": "Seq Scan", "Parent Relationship": "Outer", "Relation Name": "company_type", "Alias": "ct", "Startup Cost": 0.0, "Total Cost": 1.04, "Plan Rows": 1, "Plan Width": 4, "Actual Startup Time": 0.022, "Actual Total Time": 0.027, "Actual Rows": 1, "Actual Loops": 1, "Filter": "((kind)::text = 'production companies'::text)", "Rows Removed by Filter": 2}, {"Node Type": "Nested Loop", "Parent Relationship": "Inner", "Join Type": "Inner", "Startup Cost": 0.0, "Total Cost": 171503.65, "Plan Rows": 829046, "Plan Width": 36, "Actual Startup Time": 607.933, "Actual Total Time": 608.183, "Actual Rows": 100, "Actual Loops": 1, "Inner Unique": false, "Plans": [{"Node Type": "Nested Loop", "Parent Relationship": "Outer", "Join Type": "Inner", "Startup Cost": 0.0, "Total Cost": 37527.17, "Plan Rows": 345008, "Plan Width": 4, "Actual Startup Time": 607.872, "Actual Total Time": 607.898, "Actual Rows": 10, "Actual Loops": 1, "Inner Unique": false, "Join Filter": "(it.id = mi_idx.info_type_id), (LLVM Optimized)", "Rows Removed by Join Filter": 1380024, "Plans": [{"Node Type": "Seq Scan", "Parent Relationship": "Outer", "Relation Name": "info_type", "Alias": "it", "Startup Cost": 0.0, "Total Cost": 2.4, "Plan Rows": 1, "Plan Width": 4, "Actual Startup Time": 0.061, "Actual Total Time": 0.078, "Actual Rows": 1, "Actual Loops": 1, "Filter": "((info)::text = 'bottom 10 rank'::text)", "Rows Removed by Filter": 111}, {"Node Type": "Seq Scan", "Parent Relationship": "Inner", "Relation Name": "movie_info_idx", "Alias": "mi_idx", "Startup Cost": 0.0, "Total Cost": 20274.34, "Plan Rows": 1380034, "Plan Width": 8, "Actual Startup Time": 0.059, "Actual Total Time": 296.985, "Actual Rows": 1380034, "Actual Loops": 1}]}, {"Node Type": "Index Scan", "Parent Relationship": "Inner", "Scan Direction": "Forward", "Index Name": "movie_id_movie_companies", "Relation Name": "movie_companies", "Alias": "mc", "Startup Cost": 0.0, "Total Cost": 0.37, "Plan Rows": 2, "Plan Width": 32, "Actual Startup Time": 0.152, "Actual Total Time": 0.244, "Actual Rows": 100, "Actual Loops": 10, "Index Cond": "(movie_id = mi_idx.movie_id)", "Rows Removed by Index Recheck": 0, "Filter": "((note)::text !~~ '%(as Metro-Goldwyn-Mayer Pictures)%'::text)", "Rows Removed by Filter": 20}]}]}, {"Node Type": "Index Scan", "Parent Relationship": "Inner", "Scan Direction": "Forward", "Index Name": "title_pkey", "Relation Name": "title", "Alias": "t", "Startup Cost": 0.0, "Total Cost": 0.34, "Plan Rows": 1, "Plan Width": 25, "Actual Startup Time": 0.047, "Actual Total Time": 0.047, "Actual Rows": 4, "Actual Loops": 5, "Index Cond": "(id = mc.movie_id)", "Rows Removed by Index Recheck": 0, "Filter": "(production_year > 2000)", "Rows Removed by Filter": 1}]}]}, "Triggers": [], "Planner Runtime": 2, "Total Runtime": 619.793, "Unique SQL Id": 2492542741}}, "(64, 57)": {"explain_plan": {"Plan": {"Node Type": "Aggregate", "Strategy": "Plain", "Startup Cost": 362896.07, "Total Cost": 362896.08, "Plan Rows": 1, "Plan Width": 113, "Plans": [{"Node Type": "Nested Loop", "Parent Relationship": "Outer", "Join Type": "Inner", "Startup Cost": 0.0, "Total Cost": 358111.92, "Plan Rows": 637886, "Plan Width": 45, "Inner Unique": true, "Plans": [{"Node Type": "Nested Loop", "Parent Relationship": "Outer", "Join Type": "Inner", "Startup Cost": 0.0, "Total Cost": 182690.06, "Plan Rows": 501180, "Plan Width": 32, "Inner Unique": false, "Join Filter": "(mc.company_type_id = ct.id), (LLVM Optimized)", "Plans": [{"Node Type": "Index Scan", "Parent Relationship": "Outer", "Scan Direction": "Forward", "Index Name": "company_type_pkey", "Relation Name": "company_type", "Alias": "ct", "Startup Cost": 0.0, "Total Cost": 12.3, "Plan Rows": 1, "Plan Width": 4, "Filter": "((kind)::text = 'production companies'::text)"}, {"Node Type": "Nested Loop", "Parent Relationship": "Inner", "Join Type": "Inner", "Startup Cost": 0.0, "Total Cost": 172314.68, "Plan Rows": 829046, "Plan Width": 36, "Inner Unique": false, "Plans": [{"Node Type": "Nested Loop", "Parent Relationship": "Outer", "Join Type": "Inner", "Startup Cost": 0.0, "Total Cost": 38338.2, "Plan Rows": 345008, "Plan Width": 4, "Inner Unique": false, "Plans": [{"Node Type": "Index Scan", "Parent Relationship": "Outer", "Scan Direction": "Forward", "Index Name": "info_type_pkey", "Relation Name": "info_type", "Alias": "it", "Startup Cost": 0.0, "Total Cost": 14.21, "Plan Rows": 1, "Plan Width": 4, "Filter": "((info)::text = 'bottom 10 rank'::text)"}, {"Node Type": "Index Scan", "Parent Relationship": "Inner", "Scan Direction": "Forward", "Index Name": "info_type_id_movie_info_idx", "Relation Name": "movie_info_idx", "Alias": "mi_idx", "Startup Cost": 0.0, "Total Cost": 34873.91, "Plan Rows": 345008, "Plan Width": 8, "Index Cond": "(info_type_id = it.id), (LLVM Optimized)"}]}, {"Node Type": "Index Scan", "Parent Relationship": "Inner", "Scan Direction": "Forward", "Index Name": "movie_id_movie_companies", "Relation Name": "movie_companies", "Alias": "mc", "Startup Cost": 0.0, "Total Cost": 0.37, "Plan Rows": 2, "Plan Width": 32, "Index Cond": "(movie_id = mi_idx.movie_id)", "Filter": "((note)::text !~~ '%(as Metro-Goldwyn-Mayer Pictures)%'::text)"}]}]}, {"Node Type": "Index Scan", "Parent Relationship": "Inner", "Scan Direction": "Forward", "Index Name": "title_pkey", "Relation Name": "title", "Alias": "t", "Startup Cost": 0.0, "Total Cost": 0.34, "Plan Rows": 1, "Plan Width": 25, "Index Cond": "(id = mc.movie_id)", "Filter": "(production_year > 2000)"}]}]}, "Unique SQL Id": 2492542741, "Planner Runtime": 2}, "explain_analyze_plan": {"Plan": {"Node Type": "Aggregate", "Strategy": "Plain", "Startup Cost": 362896.07, "Total Cost": 362896.08, "Plan Rows": 1, "Plan Width": 113, "Actual Startup Time": 0.406, "Actual Total Time": 0.406, "Actual Rows": 1, "Actual Loops": 1, "Plans": [{"Node Type": "Nested Loop", "Parent Relationship": "Outer", "Join Type": "Inner", "Startup Cost": 0.0, "Total Cost": 358111.92, "Plan Rows": 637886, "Plan Width": 45, "Actual Startup Time": 0.319, "Actual Total Time": 0.388, "Actual Rows": 4, "Actual Loops": 1, "Inner Unique": true, "Plans": [{"Node Type": "Nested Loop", "Parent Relationship": "Outer", "Join Type": "Inner", "Startup Cost": 0.0, "Total Cost": 182690.06, "Plan Rows": 501180, "Plan Width": 32, "Actual Startup Time": 0.195, "Actual Total Time": 0.347, "Actual Rows": 5, "Actual Loops": 1, "Inner Unique": false, "Join Filter": "(mc.company_type_id = ct.id), (LLVM Optimized)", "Rows Removed by Join Filter": 95, "Plans": [{"Node Type": "Index Scan", "Parent Relationship": "Outer", "Scan Direction": "Forward", "Index Name": "company_type_pkey", "Relation Name": "company_type", "Alias": "ct", "Startup Cost": 0.0, "Total Cost": 12.3, "Plan Rows": 1, "Plan Width": 4, "Actual Startup Time": 0.027, "Actual Total Time": 0.029, "Actual Rows": 1, "Actual Loops": 1, "Filter": "((kind)::text = 'production companies'::text)", "Rows Removed by Filter": 2}, {"Node Type": "Nested Loop", "Parent Relationship": "Inner", "Join Type": "Inner", "Startup Cost": 0.0, "Total Cost": 172314.68, "Plan Rows": 829046, "Plan Width": 36, "Actual Startup Time": 0.092, "Actual Total Time": 0.293, "Actual Rows": 100, "Actual Loops": 1, "Inner Unique": false, "Plans": [{"Node Type": "Nested Loop", "Parent Relationship": "Outer", "Join Type": "Inner", "Startup Cost": 0.0, "Total Cost": 38338.2, "Plan Rows": 345008, "Plan Width": 4, "Actual Startup Time": 0.077, "Actual Total Time": 0.087, "Actual Rows": 10, "Actual Loops": 1, "Inner Unique": false, "Plans": [{"Node Type": "Index Scan", "Parent Relationship": "Outer", "Scan Direction": "Forward", "Index Name": "info_type_pkey", "Relation Name": "info_type", "Alias": "it", "Startup Cost": 0.0, "Total Cost": 14.21, "Plan Rows": 1, "Plan Width": 4, "Actual Startup Time": 0.06, "Actual Total Time": 0.061, "Actual Rows": 1, "Actual Loops": 1, "Filter": "((info)::text = 'bottom 10 rank'::text)", "Rows Removed by Filter": 111}, {"Node Type": "Index Scan", "Parent Relationship": "Inner", "Scan Direction": "Forward", "Index Name": "info_type_id_movie_info_idx", "Relation Name": "movie_info_idx", "Alias": "mi_idx", "Startup Cost": 0.0, "Total Cost": 34873.91, "Plan Rows": 345008, "Plan Width": 8, "Actual Startup Time": 0.014, "Actual Total Time": 0.019, "Actual Rows": 10, "Actual Loops": 1, "Index Cond": "(info_type_id = it.id), (LLVM Optimized)", "Rows Removed by Index Recheck": 0}]}, {"Node Type": "Index Scan", "Parent Relationship": "Inner", "Scan Direction": "Forward", "Index Name": "movie_id_movie_companies", "Relation Name": "movie_companies", "Alias": "mc", "Startup Cost": 0.0, "Total Cost": 0.37, "Plan Rows": 2, "Plan Width": 32, "Actual Startup Time": 0.086, "Actual Total Time": 0.173, "Actual Rows": 100, "Actual Loops": 10, "Index Cond": "(movie_id = mi_idx.movie_id)", "Rows Removed by Index Recheck": 0, "Filter": "((note)::text !~~ '%(as Metro-Goldwyn-Mayer Pictures)%'::text)", "Rows Removed by Filter": 20}]}]}, {"Node Type": "Index Scan", "Parent Relationship": "Inner", "Scan Direction": "Forward", "Index Name": "title_pkey", "Relation Name": "title", "Alias": "t", "Startup Cost": 0.0, "Total Cost": 0.34, "Plan Rows": 1, "Plan Width": 25, "Actual Startup Time": 0.035, "Actual Total Time": 0.035, "Actual Rows": 4, "Actual Loops": 5, "Index Cond": "(id = mc.movie_id)", "Rows Removed by Index Recheck": 0, "Filter": "(production_year > 2000)", "Rows Removed by Filter": 1}]}]}, "Triggers": [], "Planner Runtime": 2, "Total Runtime": 10.148, "Unique SQL Id": 2492542741}}, "(64, 58)": {"explain_plan": {"Plan": {"Node Type": "Aggregate", "Strategy": "Plain", "Startup Cost": 4393536.77, "Total Cost": 4393536.8, "Plan Rows": 1, "Plan Width": 113, "Plans": [{"Node Type": "Streaming(type: LOCAL GATHER dop: 1/64)", "Parent Relationship": "Outer", "Startup Cost": 4393536.77, "Total Cost": 4393536.8, "Plan Rows": 1, "Plan Width": 113, "Plans": [{"Node Type": "Aggregate", "Strategy": "Plain", "Parent Relationship": "Outer", "Startup Cost": 4393536.77, "Total Cost": 4393536.78, "Plan Rows": 1, "Plan Width": 113, "Plans": [{"Node Type": "Nested Loop", "Parent Relationship": "Outer", "Join Type": "Inner", "Startup Cost": 0.0, "Total Cost": 4388752.62, "Plan Rows": 637886, "Plan Width": 45, "Inner Unique": false, "Join Filter": "(mc.movie_id = t.id), (LLVM Optimized)", "Plans": [{"Node Type": "Streaming(type: LOCAL REDISTRIBUTE dop: 64/1)", "Parent Relationship": "Outer", "Startup Cost": 0.0, "Total Cost": 196956.49, "Plan Rows": 1304518, "Plan Width": 28, "Plans": [{"Node Type": "Nested Loop", "Parent Relationship": "Outer", "Join Type": "Inner", "Startup Cost": 0.0, "Total Cost": 80954.08, "Plan Rows": 1304518, "Plan Width": 28, "Inner Unique": false, "Join Filter": "(ct.id = mc.company_type_id), (LLVM Optimized)", "Plans": [{"Node Type": "Seq Scan", "Parent Relationship": "Outer", "Relation Name": "company_type", "Alias": "ct", "Startup Cost": 0.0, "Total Cost": 1.04, "Plan Rows": 1, "Plan Width": 4, "Filter": "((kind)::text = 'production companies'::text)"}, {"Node Type": "Seq Scan", "Parent Relationship": "Inner", "Relation Name": "movie_companies", "Alias": "mc", "Startup Cost": 0.0, "Total Cost": 48340.1, "Plan Rows": 2609035, "Plan Width": 32, "Filter": "((note)::text !~~ '%(as Metro-Goldwyn-Mayer Pictures)%'::text), (LLVM Optimized)"}]}]}, {"Node Type": "Materialize", "Parent Relationship": "Inner", "Startup Cost": 0.0, "Total Cost": 2052357.93, "Plan Rows": 447839, "Plan Width": 29, "Plans": [{"Node Type": "Streaming(type: LOCAL REDISTRIBUTE dop: 64/64)", "Parent Relationship": "Outer", "Startup Cost": 0.0, "Total Cost": 2052322.94, "Plan Rows": 447839, "Plan Width": 29, "Plans": [{"Node Type": "Nested Loop", "Parent Relationship": "Outer", "Join Type": "Inner", "Startup Cost": 0.0, "Total Cost": 1988898.72, "Plan Rows": 447839, "Plan Width": 29, "Inner Unique": true, "Join Filter": "(mi_idx.movie_id = t.id), (LLVM Optimized)", "Plans": [{"Node Type": "Streaming(type: LOCAL REDISTRIBUTE dop: 64/1)", "Parent Relationship": "Outer", "Startup Cost": 0.0, "Total Cost": 114544.8, "Plan Rows": 345008, "Plan Width": 4, "Plans": [{"Node Type": "Nested Loop", "Parent Relationship": "Outer", "Join Type": "Inner", "Startup Cost": 0.0, "Total Cost": 37527.17, "Plan Rows": 345008, "Plan Width": 4, "Inner Unique": false, "Join Filter": "(it.id = mi_idx.info_type_id), (LLVM Optimized)", "Plans": [{"Node Type": "Seq Scan", "Parent Relationship": "Outer", "Relation Name": "info_type", "Alias": "it", "Startup Cost": 0.0, "Total Cost": 2.4, "Plan Rows": 1, "Plan Width": 4, "Filter": "((info)::text = 'bottom 10 rank'::text)"}, {"Node Type": "Seq Scan", "Parent Relationship": "Inner", "Relation Name": "movie_info_idx", "Alias": "mi_idx", "Startup Cost": 0.0, "Total Cost": 20274.34, "Plan Rows": 1380034, "Plan Width": 8}]}]}, {"Node Type": "Materialize", "Parent Relationship": "Inner", "Startup Cost": 0.0, "Total Cost": 128454.31, "Plan Rows": 1381886, "Plan Width": 25, "Plans": [{"Node Type": "Streaming(type: LOCAL REDISTRIBUTE dop: 64/64)", "Parent Relationship": "Outer", "Startup Cost": 0.0, "Total Cost": 128346.36, "Plan Rows": 1381886, "Plan Width": 25, "Plans": [{"Node Type": "Seq Scan", "Parent Relationship": "Outer", "Relation Name": "title", "Alias": "t", "Startup Cost": 0.0, "Total Cost": 64037.34, "Plan Rows": 1381886, "Plan Width": 25, "Filter": "(production_year > 2000), (LLVM Optimized)"}]}]}]}]}]}]}]}]}]}, "Unique SQL Id": 2492542741, "Planner Runtime": 3}, "explain_analyze_plan": {"Plan": {"Node Type": "Aggregate", "Strategy": "Plain", "Startup Cost": 4393536.77, "Total Cost": 4393536.8, "Plan Rows": 1, "Plan Width": 113, "Actual Min Startup Time": 1881.358, "Actual Max Startup Time": 1881.358, "Actual Min Total Time": 1881.358, "Actual Max Total Time": 1881.358, "Plans": [{"Node Type": "Streaming(type: LOCAL GATHER dop: 1/64)", "Parent Relationship": "Outer", "Startup Cost": 4393536.77, "Total Cost": 4393536.8, "Plan Rows": 1, "Plan Width": 113, "Actual Min Startup Time": 1879.575, "Actual Max Startup Time": 1879.575, "Actual Min Total Time": 1881.283, "Actual Max Total Time": 1881.283, "Plans": [{"Node Type": "Aggregate", "Strategy": "Plain", "Parent Relationship": "Outer", "Startup Cost": 4393536.77, "Total Cost": 4393536.78, "Plan Rows": 1, "Plan Width": 113, "Actual Min Startup Time": 1340.849, "Actual Max Startup Time": 1676.545, "Actual Min Total Time": 1340.849, "Actual Max Total Time": 1676.545, "Plans": [{"Node Type": "Nested Loop", "Parent Relationship": "Outer", "Join Type": "Inner", "Startup Cost": 0.0, "Total Cost": 4388752.62, "Plan Rows": 637886, "Plan Width": 45, "Actual Min Startup Time": 1074.117, "Actual Max Startup Time": 1676.539, "Actual Min Total Time": 1340.842, "Actual Max Total Time": 1676.539, "Inner Unique": false, "Join Filter": "(mc.movie_id = t.id), (LLVM Optimized, Jit Execute)", "Rows Removed by Join Filter": 13194, "Plans": [{"Node Type": "Streaming(type: LOCAL REDISTRIBUTE dop: 64/1)", "Parent Relationship": "Outer", "Startup Cost": 0.0, "Total Cost": 196956.49, "Plan Rows": 1304518, "Plan Width": 28, "Actual Min Startup Time": 328.082, "Actual Max Startup Time": 349.142, "Actual Min Total Time": 871.209, "Actual Max Total Time": 873.222, "Plans": [{"Node Type": "Nested Loop", "Parent Relationship": "Outer", "Join Type": "Inner", "Startup Cost": 0.0, "Total Cost": 80954.08, "Plan Rows": 1304518, "Plan Width": 28, "Actual Min Startup Time": 916.571, "Actual Max Startup Time": 916.571, "Actual Min Total Time": 1316.567, "Actual Max Total Time": 1316.567, "Inner Unique": false, "Join Filter": "(ct.id = mc.company_type_id), (LLVM Optimized, Jit Execute)", "Rows Removed by Join Filter": 1196183, "Plans": [{"Node Type": "Seq Scan", "Parent Relationship": "Outer", "Relation Name": "company_type", "Alias": "ct", "Startup Cost": 0.0, "Total Cost": 1.04, "Plan Rows": 1, "Plan Width": 4, "Actual Min Startup Time": 0.023, "Actual Max Startup Time": 0.023, "Actual Min Total Time": 0.028, "Actual Max Total Time": 0.028, "Filter": "((kind)::text = 'production companies'::text)", "Rows Removed by Filter": 2, "Actual Rows": 1}, {"Node Type": "Seq Scan", "Parent Relationship": "Inner", "Relation Name": "movie_companies", "Alias": "mc", "Startup Cost": 0.0, "Total Cost": 48340.1, "Plan Rows": 2609035, "Plan Width": 32, "Actual Min Startup Time": 0.037, "Actual Max Startup Time": 0.037, "Actual Min Total Time": 1017.575, "Actual Max Total Time": 1017.575, "Filter": "((note)::text !~~ '%(as Metro-Goldwyn-Mayer Pictures)%'::text), (LLVM Optimized, Jit Execute)", "Rows Removed by Filter": 1272041, "Actual Rows": 1337087}], "Actual Rows": 140904}], "Actual Rows": 140904}, {"Node Type": "Materialize", "Parent Relationship": "Inner", "Startup Cost": 0.0, "Total Cost": 2052357.93, "Plan Rows": 447839, "Plan Width": 29, "Actual Min Startup Time": 467.363, "Actual Max Startup Time": 802.9, "Actual Min Total Time": 467.363, "Actual Max Total Time": 802.9, "Plans": [{"Node Type": "Streaming(type: LOCAL REDISTRIBUTE dop: 64/64)", "Parent Relationship": "Outer", "Startup Cost": 0.0, "Total Cost": 2052322.94, "Plan Rows": 447839, "Plan Width": 29, "Actual Min Startup Time": 467.097, "Actual Max Startup Time": 802.742, "Actual Min Total Time": 467.097, "Actual Max Total Time": 802.742, "Plans": [{"Node Type": "Nested Loop", "Parent Relationship": "Outer", "Join Type": "Inner", "Startup Cost": 0.0, "Total Cost": 1988898.72, "Plan Rows": 447839, "Plan Width": 29, "Actual Min Startup Time": 460.024, "Actual Max Startup Time": 753.528, "Actual Min Total Time": 460.024, "Actual Max Total Time": 753.528, "Inner Unique": true, "Join Filter": "(mi_idx.movie_id = t.id), (LLVM Optimized, Jit Execute)", "Rows Removed by Join Filter": 189349, "Plans": [{"Node Type": "Streaming(type: LOCAL REDISTRIBUTE dop: 64/1)", "Parent Relationship": "Outer", "Startup Cost": 0.0, "Total Cost": 114544.8, "Plan Rows": 345008, "Plan Width": 4, "Actual Min Startup Time": 402.997, "Actual Max Startup Time": 404.49, "Actual Min Total Time": 402.997, "Actual Max Total Time": 404.492, "Plans": [{"Node Type": "Nested Loop", "Parent Relationship": "Outer", "Join Type": "Inner", "Startup Cost": 0.0, "Total Cost": 37527.17, "Plan Rows": 345008, "Plan Width": 4, "Actual Min Startup Time": 593.999, "Actual Max Startup Time": 593.999, "Actual Min Total Time": 594.021, "Actual Max Total Time": 594.021, "Inner Unique": false, "Join Filter": "(it.id = mi_idx.info_type_id), (LLVM Optimized, Jit Execute)", "Rows Removed by Join Filter": 1380024, "Plans": [{"Node Type": "Seq Scan", "Parent Relationship": "Outer", "Relation Name": "info_type", "Alias": "it", "Startup Cost": 0.0, "Total Cost": 2.4, "Plan Rows": 1, "Plan Width": 4, "Actual Min Startup Time": 0.074, "Actual Max Startup Time": 0.074, "Actual Min Total Time": 0.087, "Actual Max Total Time": 0.087, "Filter": "((info)::text = 'bottom 10 rank'::text)", "Rows Removed by Filter": 111, "Actual Rows": 1}, {"Node Type": "Seq Scan", "Parent Relationship": "Inner", "Relation Name": "movie_info_idx", "Alias": "mi_idx", "Startup Cost": 0.0, "Total Cost": 20274.34, "Plan Rows": 1380034, "Plan Width": 8, "Actual Min Startup Time": 0.051, "Actual Max Startup Time": 0.051, "Actual Min Total Time": 304.475, "Actual Max Total Time": 304.475, "Actual Rows": 1380034}], "Actual Rows": 10}], "Actual Rows": 10}, {"Node Type": "Materialize", "Parent Relationship": "Inner", "Startup Cost": 0.0, "Total Cost": 128454.31, "Plan Rows": 1381886, "Plan Width": 25, "Actual Min Startup Time": 53.514, "Actual Max Startup Time": 348.09, "Actual Min Total Time": 54.408, "Actual Max Total Time": 348.09, "Plans": [{"Node Type": "Streaming(type: LOCAL REDISTRIBUTE dop: 64/64)", "Parent Relationship": "Outer", "Startup Cost": 0.0, "Total Cost": 128346.36, "Plan Rows": 1381886, "Plan Width": 25, "Actual Min Startup Time": 0.127, "Actual Max Startup Time": 166.849, "Actual Min Total Time": 47.409, "Actual Max Total Time": 343.411, "Plans": [{"Node Type": "Seq Scan", "Parent Relationship": "Outer", "Relation Name": "title", "Alias": "t", "Startup Cost": 0.0, "Total Cost": 64037.34, "Plan Rows": 1381886, "Plan Width": 25, "Actual Min Startup Time": 0.029, "Actual Max Startup Time": 0.083, "Actual Min Total Time": 15.495, "Actual Max Total Time": 19.642, "Filter": "(production_year > 2000), (LLVM Optimized, Jit Execute)", "Rows Removed by Filter": 1146858, "Actual Rows": 1381453}], "Actual Rows": 1381453}], "Actual Rows": 189419}], "Actual Rows": 6}], "Actual Rows": 6}], "Actual Rows": 13204}], "Actual Rows": 4}], "Actual Rows": 64}], "Actual Rows": 64}], "Actual Rows": 1}, "Triggers": [], "Planner Runtime": 3, "Total Runtime": 1945.815, "Unique SQL Id": 2492542741}}, "(64, 59)": {"explain_plan": {"Plan": {"Node Type": "Aggregate", "Strategy": "Plain", "Startup Cost": 5015944704069.06, "Total Cost": 5015944704069.07, "Plan Rows": 1, "Plan Width": 113, "Plans": [{"Node Type": "Nested Loop", "Parent Relationship": "Outer", "Join Type": "Inner", "Startup Cost": 50000000000.0, "Total Cost": 5015944699284.92, "Plan Rows": 637886, "Plan Width": 45, "Inner Unique": false, "Join Filter": "(mc.movie_id = t.id), (LLVM Optimized)", "Plans": [{"Node Type": "Nested Loop", "Parent Relationship": "Outer", "Join Type": "Inner", "Startup Cost": 20000000000.0, "Total Cost": 2000013744593.91, "Plan Rows": 1304518, "Plan Width": 28, "Inner Unique": true, "Join Filter": "(ct.id = mc.company_type_id), (LLVM Optimized)", "Plans": [{"Node Type": "Index Scan", "Parent Relationship": "Outer", "Scan Direction": "Forward", "Index Name": "movie_id_movie_companies", "Relation Name": "movie_companies", "Alias": "mc", "Startup Cost": 10000000000.0, "Total Cost": 1000013704228.13, "Plan Rows": 2609035, "Plan Width": 32, "Filter": "((note)::text !~~ '%(as Metro-Goldwyn-Mayer Pictures)%'::text), (LLVM Optimized)"}, {"Node Type": "Materialize", "Parent Relationship": "Inner", "Startup Cost": 10000000000.0, "Total Cost": 1000000001230.26, "Plan Rows": 1, "Plan Width": 4, "Plans": [{"Node Type": "Index Scan", "Parent Relationship": "Outer", "Scan Direction": "Forward", "Index Name": "company_type_pkey", "Relation Name": "company_type", "Alias": "ct", "Startup Cost": 10000000000.0, "Total Cost": 1000000001230.25, "Plan Rows": 1, "Plan Width": 4, "Filter": "((kind)::text = 'production companies'::text)"}]}]}, {"Node Type": "Materialize", "Parent Relationship": "Inner", "Startup Cost": 30000000000.0, "Total Cost": 3007167745261.58, "Plan Rows": 447839, "Plan Width": 29, "Plans": [{"Node Type": "Nested Loop", "Parent Relationship": "Outer", "Join Type": "Inner", "Startup Cost": 30000000000.0, "Total Cost": 3007167743022.38, "Plan Rows": 447839, "Plan Width": 29, "Inner Unique": false, "Join Filter": "(mi_idx.movie_id = t.id), (LLVM Optimized)", "Plans": [{"Node Type": "Index Scan", "Parent Relationship": "Outer", "Scan Direction": "Forward", "Index Name": "title_pkey", "Relation Name": "title", "Alias": "t", "Startup Cost": 10000000000.0, "Total Cost": 1000011644126.66, "Plan Rows": 1381886, "Plan Width": 25, "Filter": "(production_year > 2000), (LLVM Optimized)"}, {"Node Type": "Materialize", "Parent Relationship": "Inner", "Startup Cost": 20000000000.0, "Total Cost": 2000004673881.92, "Plan Rows": 345008, "Plan Width": 4, "Plans": [{"Node Type": "Nested Loop", "Parent Relationship": "Outer", "Join Type": "Inner", "Startup Cost": 20000000000.0, "Total Cost": 2000004672156.88, "Plan Rows": 345008, "Plan Width": 4, "Inner Unique": true, "Join Filter": "(it.id = mi_idx.info_type_id), (LLVM Optimized)", "Plans": [{"Node Type": "Index Scan", "Parent Relationship": "Outer", "Scan Direction": "Forward", "Index Name": "movie_id_movie_info_idx", "Relation Name": "movie_info_idx", "Alias": "mi_idx", "Startup Cost": 10000000000.0, "Total Cost": 1000004650035.37, "Plan Rows": 1380034, "Plan Width": 8}, {"Node Type": "Materialize", "Parent Relationship": "Inner", "Startup Cost": 10000000000.0, "Total Cost": 1000000001421.0, "Plan Rows": 1, "Plan Width": 4, "Plans": [{"Node Type": "Index Scan", "Parent Relationship": "Outer", "Scan Direction": "Forward", "Index Name": "info_type_pkey", "Relation Name": "info_type", "Alias": "it", "Startup Cost": 10000000000.0, "Total Cost": 1000000001421.0, "Plan Rows": 1, "Plan Width": 4, "Filter": "((info)::text = 'bottom 10 rank'::text)"}]}]}]}]}]}]}]}, "Unique SQL Id": 2492542741, "Planner Runtime": 3}, "explain_analyze_plan": null}, "(64, 60)": {"explain_plan": {"Plan": {"Node Type": "Aggregate", "Strategy": "Plain", "Startup Cost": 362073.77, "Total Cost": 362073.78, "Plan Rows": 1, "Plan Width": 113, "Plans": [{"Node Type": "Nested Loop", "Parent Relationship": "Outer", "Join Type": "Inner", "Startup Cost": 0.0, "Total Cost": 357289.62, "Plan Rows": 637886, "Plan Width": 45, "Inner Unique": true, "Plans": [{"Node Type": "Nested Loop", "Parent Relationship": "Outer", "Join Type": "Inner", "Startup Cost": 0.0, "Total Cost": 181867.76, "Plan Rows": 501180, "Plan Width": 32, "Inner Unique": false, "Join Filter": "(mc.company_type_id = ct.id), (LLVM Optimized)", "Plans": [{"Node Type": "Seq Scan", "Parent Relationship": "Outer", "Relation Name": "company_type", "Alias": "ct", "Startup Cost": 0.0, "Total Cost": 1.04, "Plan Rows": 1, "Plan Width": 4, "Filter": "((kind)::text = 'production companies'::text)"}, {"Node Type": "Nested Loop", "Parent Relationship": "Inner", "Join Type": "Inner", "Startup Cost": 0.0, "Total Cost": 171503.65, "Plan Rows": 829046, "Plan Width": 36, "Inner Unique": false, "Plans": [{"Node Type": "Nested Loop", "Parent Relationship": "Outer", "Join Type": "Inner", "Startup Cost": 0.0, "Total Cost": 37527.17, "Plan Rows": 345008, "Plan Width": 4, "Inner Unique": false, "Join Filter": "(it.id = mi_idx.info_type_id), (LLVM Optimized)", "Plans": [{"Node Type": "Seq Scan", "Parent Relationship": "Outer", "Relation Name": "info_type", "Alias": "it", "Startup Cost": 0.0, "Total Cost": 2.4, "Plan Rows": 1, "Plan Width": 4, "Filter": "((info)::text = 'bottom 10 rank'::text)"}, {"Node Type": "Seq Scan", "Parent Relationship": "Inner", "Relation Name": "movie_info_idx", "Alias": "mi_idx", "Startup Cost": 0.0, "Total Cost": 20274.34, "Plan Rows": 1380034, "Plan Width": 8}]}, {"Node Type": "Index Scan", "Parent Relationship": "Inner", "Scan Direction": "Forward", "Index Name": "movie_id_movie_companies", "Relation Name": "movie_companies", "Alias": "mc", "Startup Cost": 0.0, "Total Cost": 0.37, "Plan Rows": 2, "Plan Width": 32, "Index Cond": "(movie_id = mi_idx.movie_id)", "Filter": "((note)::text !~~ '%(as Metro-Goldwyn-Mayer Pictures)%'::text)"}]}]}, {"Node Type": "Index Scan", "Parent Relationship": "Inner", "Scan Direction": "Forward", "Index Name": "title_pkey", "Relation Name": "title", "Alias": "t", "Startup Cost": 0.0, "Total Cost": 0.34, "Plan Rows": 1, "Plan Width": 25, "Index Cond": "(id = mc.movie_id)", "Filter": "(production_year > 2000)"}]}]}, "Unique SQL Id": 2492542741, "Planner Runtime": 3}, "explain_analyze_plan": {"Plan": {"Node Type": "Aggregate", "Strategy": "Plain", "Startup Cost": 362073.77, "Total Cost": 362073.78, "Plan Rows": 1, "Plan Width": 113, "Actual Startup Time": 608.336, "Actual Total Time": 608.337, "Actual Rows": 1, "Actual Loops": 1, "Plans": [{"Node Type": "Nested Loop", "Parent Relationship": "Outer", "Join Type": "Inner", "Startup Cost": 0.0, "Total Cost": 357289.62, "Plan Rows": 637886, "Plan Width": 45, "Actual Startup Time": 608.213, "Actual Total Time": 608.31, "Actual Rows": 4, "Actual Loops": 1, "Inner Unique": true, "Plans": [{"Node Type": "Nested Loop", "Parent Relationship": "Outer", "Join Type": "Inner", "Startup Cost": 0.0, "Total Cost": 181867.76, "Plan Rows": 501180, "Plan Width": 32, "Actual Startup Time": 608.058, "Actual Total Time": 608.253, "Actual Rows": 5, "Actual Loops": 1, "Inner Unique": false, "Join Filter": "(mc.company_type_id = ct.id), (LLVM Optimized)", "Rows Removed by Join Filter": 95, "Plans": [{"Node Type": "Seq Scan", "Parent Relationship": "Outer", "Relation Name": "company_type", "Alias": "ct", "Startup Cost": 0.0, "Total Cost": 1.04, "Plan Rows": 1, "Plan Width": 4, "Actual Startup Time": 0.022, "Actual Total Time": 0.027, "Actual Rows": 1, "Actual Loops": 1, "Filter": "((kind)::text = 'production companies'::text)", "Rows Removed by Filter": 2}, {"Node Type": "Nested Loop", "Parent Relationship": "Inner", "Join Type": "Inner", "Startup Cost": 0.0, "Total Cost": 171503.65, "Plan Rows": 829046, "Plan Width": 36, "Actual Startup Time": 607.933, "Actual Total Time": 608.183, "Actual Rows": 100, "Actual Loops": 1, "Inner Unique": false, "Plans": [{"Node Type": "Nested Loop", "Parent Relationship": "Outer", "Join Type": "Inner", "Startup Cost": 0.0, "Total Cost": 37527.17, "Plan Rows": 345008, "Plan Width": 4, "Actual Startup Time": 607.872, "Actual Total Time": 607.898, "Actual Rows": 10, "Actual Loops": 1, "Inner Unique": false, "Join Filter": "(it.id = mi_idx.info_type_id), (LLVM Optimized)", "Rows Removed by Join Filter": 1380024, "Plans": [{"Node Type": "Seq Scan", "Parent Relationship": "Outer", "Relation Name": "info_type", "Alias": "it", "Startup Cost": 0.0, "Total Cost": 2.4, "Plan Rows": 1, "Plan Width": 4, "Actual Startup Time": 0.061, "Actual Total Time": 0.078, "Actual Rows": 1, "Actual Loops": 1, "Filter": "((info)::text = 'bottom 10 rank'::text)", "Rows Removed by Filter": 111}, {"Node Type": "Seq Scan", "Parent Relationship": "Inner", "Relation Name": "movie_info_idx", "Alias": "mi_idx", "Startup Cost": 0.0, "Total Cost": 20274.34, "Plan Rows": 1380034, "Plan Width": 8, "Actual Startup Time": 0.059, "Actual Total Time": 296.985, "Actual Rows": 1380034, "Actual Loops": 1}]}, {"Node Type": "Index Scan", "Parent Relationship": "Inner", "Scan Direction": "Forward", "Index Name": "movie_id_movie_companies", "Relation Name": "movie_companies", "Alias": "mc", "Startup Cost": 0.0, "Total Cost": 0.37, "Plan Rows": 2, "Plan Width": 32, "Actual Startup Time": 0.152, "Actual Total Time": 0.244, "Actual Rows": 100, "Actual Loops": 10, "Index Cond": "(movie_id = mi_idx.movie_id)", "Rows Removed by Index Recheck": 0, "Filter": "((note)::text !~~ '%(as Metro-Goldwyn-Mayer Pictures)%'::text)", "Rows Removed by Filter": 20}]}]}, {"Node Type": "Index Scan", "Parent Relationship": "Inner", "Scan Direction": "Forward", "Index Name": "title_pkey", "Relation Name": "title", "Alias": "t", "Startup Cost": 0.0, "Total Cost": 0.34, "Plan Rows": 1, "Plan Width": 25, "Actual Startup Time": 0.047, "Actual Total Time": 0.047, "Actual Rows": 4, "Actual Loops": 5, "Index Cond": "(id = mc.movie_id)", "Rows Removed by Index Recheck": 0, "Filter": "(production_year > 2000)", "Rows Removed by Filter": 1}]}]}, "Triggers": [], "Planner Runtime": 2, "Total Runtime": 619.793, "Unique SQL Id": 2492542741}}, "(64, 61)": {"explain_plan": {"Plan": {"Node Type": "Aggregate", "Strategy": "Plain", "Startup Cost": 362896.07, "Total Cost": 362896.08, "Plan Rows": 1, "Plan Width": 113, "Plans": [{"Node Type": "Nested Loop", "Parent Relationship": "Outer", "Join Type": "Inner", "Startup Cost": 0.0, "Total Cost": 358111.92, "Plan Rows": 637886, "Plan Width": 45, "Inner Unique": true, "Plans": [{"Node Type": "Nested Loop", "Parent Relationship": "Outer", "Join Type": "Inner", "Startup Cost": 0.0, "Total Cost": 182690.06, "Plan Rows": 501180, "Plan Width": 32, "Inner Unique": false, "Join Filter": "(mc.company_type_id = ct.id), (LLVM Optimized)", "Plans": [{"Node Type": "Index Scan", "Parent Relationship": "Outer", "Scan Direction": "Forward", "Index Name": "company_type_pkey", "Relation Name": "company_type", "Alias": "ct", "Startup Cost": 0.0, "Total Cost": 12.3, "Plan Rows": 1, "Plan Width": 4, "Filter": "((kind)::text = 'production companies'::text)"}, {"Node Type": "Nested Loop", "Parent Relationship": "Inner", "Join Type": "Inner", "Startup Cost": 0.0, "Total Cost": 172314.68, "Plan Rows": 829046, "Plan Width": 36, "Inner Unique": false, "Plans": [{"Node Type": "Nested Loop", "Parent Relationship": "Outer", "Join Type": "Inner", "Startup Cost": 0.0, "Total Cost": 38338.2, "Plan Rows": 345008, "Plan Width": 4, "Inner Unique": false, "Plans": [{"Node Type": "Index Scan", "Parent Relationship": "Outer", "Scan Direction": "Forward", "Index Name": "info_type_pkey", "Relation Name": "info_type", "Alias": "it", "Startup Cost": 0.0, "Total Cost": 14.21, "Plan Rows": 1, "Plan Width": 4, "Filter": "((info)::text = 'bottom 10 rank'::text)"}, {"Node Type": "Index Scan", "Parent Relationship": "Inner", "Scan Direction": "Forward", "Index Name": "info_type_id_movie_info_idx", "Relation Name": "movie_info_idx", "Alias": "mi_idx", "Startup Cost": 0.0, "Total Cost": 34873.91, "Plan Rows": 345008, "Plan Width": 8, "Index Cond": "(info_type_id = it.id), (LLVM Optimized)"}]}, {"Node Type": "Index Scan", "Parent Relationship": "Inner", "Scan Direction": "Forward", "Index Name": "movie_id_movie_companies", "Relation Name": "movie_companies", "Alias": "mc", "Startup Cost": 0.0, "Total Cost": 0.37, "Plan Rows": 2, "Plan Width": 32, "Index Cond": "(movie_id = mi_idx.movie_id)", "Filter": "((note)::text !~~ '%(as Metro-Goldwyn-Mayer Pictures)%'::text)"}]}]}, {"Node Type": "Index Scan", "Parent Relationship": "Inner", "Scan Direction": "Forward", "Index Name": "title_pkey", "Relation Name": "title", "Alias": "t", "Startup Cost": 0.0, "Total Cost": 0.34, "Plan Rows": 1, "Plan Width": 25, "Index Cond": "(id = mc.movie_id)", "Filter": "(production_year > 2000)"}]}]}, "Unique SQL Id": 2492542741, "Planner Runtime": 2}, "explain_analyze_plan": {"Plan": {"Node Type": "Aggregate", "Strategy": "Plain", "Startup Cost": 362896.07, "Total Cost": 362896.08, "Plan Rows": 1, "Plan Width": 113, "Actual Startup Time": 0.406, "Actual Total Time": 0.406, "Actual Rows": 1, "Actual Loops": 1, "Plans": [{"Node Type": "Nested Loop", "Parent Relationship": "Outer", "Join Type": "Inner", "Startup Cost": 0.0, "Total Cost": 358111.92, "Plan Rows": 637886, "Plan Width": 45, "Actual Startup Time": 0.319, "Actual Total Time": 0.388, "Actual Rows": 4, "Actual Loops": 1, "Inner Unique": true, "Plans": [{"Node Type": "Nested Loop", "Parent Relationship": "Outer", "Join Type": "Inner", "Startup Cost": 0.0, "Total Cost": 182690.06, "Plan Rows": 501180, "Plan Width": 32, "Actual Startup Time": 0.195, "Actual Total Time": 0.347, "Actual Rows": 5, "Actual Loops": 1, "Inner Unique": false, "Join Filter": "(mc.company_type_id = ct.id), (LLVM Optimized)", "Rows Removed by Join Filter": 95, "Plans": [{"Node Type": "Index Scan", "Parent Relationship": "Outer", "Scan Direction": "Forward", "Index Name": "company_type_pkey", "Relation Name": "company_type", "Alias": "ct", "Startup Cost": 0.0, "Total Cost": 12.3, "Plan Rows": 1, "Plan Width": 4, "Actual Startup Time": 0.027, "Actual Total Time": 0.029, "Actual Rows": 1, "Actual Loops": 1, "Filter": "((kind)::text = 'production companies'::text)", "Rows Removed by Filter": 2}, {"Node Type": "Nested Loop", "Parent Relationship": "Inner", "Join Type": "Inner", "Startup Cost": 0.0, "Total Cost": 172314.68, "Plan Rows": 829046, "Plan Width": 36, "Actual Startup Time": 0.092, "Actual Total Time": 0.293, "Actual Rows": 100, "Actual Loops": 1, "Inner Unique": false, "Plans": [{"Node Type": "Nested Loop", "Parent Relationship": "Outer", "Join Type": "Inner", "Startup Cost": 0.0, "Total Cost": 38338.2, "Plan Rows": 345008, "Plan Width": 4, "Actual Startup Time": 0.077, "Actual Total Time": 0.087, "Actual Rows": 10, "Actual Loops": 1, "Inner Unique": false, "Plans": [{"Node Type": "Index Scan", "Parent Relationship": "Outer", "Scan Direction": "Forward", "Index Name": "info_type_pkey", "Relation Name": "info_type", "Alias": "it", "Startup Cost": 0.0, "Total Cost": 14.21, "Plan Rows": 1, "Plan Width": 4, "Actual Startup Time": 0.06, "Actual Total Time": 0.061, "Actual Rows": 1, "Actual Loops": 1, "Filter": "((info)::text = 'bottom 10 rank'::text)", "Rows Removed by Filter": 111}, {"Node Type": "Index Scan", "Parent Relationship": "Inner", "Scan Direction": "Forward", "Index Name": "info_type_id_movie_info_idx", "Relation Name": "movie_info_idx", "Alias": "mi_idx", "Startup Cost": 0.0, "Total Cost": 34873.91, "Plan Rows": 345008, "Plan Width": 8, "Actual Startup Time": 0.014, "Actual Total Time": 0.019, "Actual Rows": 10, "Actual Loops": 1, "Index Cond": "(info_type_id = it.id), (LLVM Optimized)", "Rows Removed by Index Recheck": 0}]}, {"Node Type": "Index Scan", "Parent Relationship": "Inner", "Scan Direction": "Forward", "Index Name": "movie_id_movie_companies", "Relation Name": "movie_companies", "Alias": "mc", "Startup Cost": 0.0, "Total Cost": 0.37, "Plan Rows": 2, "Plan Width": 32, "Actual Startup Time": 0.086, "Actual Total Time": 0.173, "Actual Rows": 100, "Actual Loops": 10, "Index Cond": "(movie_id = mi_idx.movie_id)", "Rows Removed by Index Recheck": 0, "Filter": "((note)::text !~~ '%(as Metro-Goldwyn-Mayer Pictures)%'::text)", "Rows Removed by Filter": 20}]}]}, {"Node Type": "Index Scan", "Parent Relationship": "Inner", "Scan Direction": "Forward", "Index Name": "title_pkey", "Relation Name": "title", "Alias": "t", "Startup Cost": 0.0, "Total Cost": 0.34, "Plan Rows": 1, "Plan Width": 25, "Actual Startup Time": 0.035, "Actual Total Time": 0.035, "Actual Rows": 4, "Actual Loops": 5, "Index Cond": "(id = mc.movie_id)", "Rows Removed by Index Recheck": 0, "Filter": "(production_year > 2000)", "Rows Removed by Filter": 1}]}]}, "Triggers": [], "Planner Runtime": 2, "Total Runtime": 10.148, "Unique SQL Id": 2492542741}}, "(64, 62)": {"explain_plan": {"Plan": {"Node Type": "Aggregate", "Strategy": "Plain", "Startup Cost": 4393536.77, "Total Cost": 4393536.8, "Plan Rows": 1, "Plan Width": 113, "Plans": [{"Node Type": "Streaming(type: LOCAL GATHER dop: 1/64)", "Parent Relationship": "Outer", "Startup Cost": 4393536.77, "Total Cost": 4393536.8, "Plan Rows": 1, "Plan Width": 113, "Plans": [{"Node Type": "Aggregate", "Strategy": "Plain", "Parent Relationship": "Outer", "Startup Cost": 4393536.77, "Total Cost": 4393536.78, "Plan Rows": 1, "Plan Width": 113, "Plans": [{"Node Type": "Nested Loop", "Parent Relationship": "Outer", "Join Type": "Inner", "Startup Cost": 0.0, "Total Cost": 4388752.62, "Plan Rows": 637886, "Plan Width": 45, "Inner Unique": false, "Join Filter": "(mc.movie_id = t.id), (LLVM Optimized)", "Plans": [{"Node Type": "Streaming(type: LOCAL REDISTRIBUTE dop: 64/1)", "Parent Relationship": "Outer", "Startup Cost": 0.0, "Total Cost": 196956.49, "Plan Rows": 1304518, "Plan Width": 28, "Plans": [{"Node Type": "Nested Loop", "Parent Relationship": "Outer", "Join Type": "Inner", "Startup Cost": 0.0, "Total Cost": 80954.08, "Plan Rows": 1304518, "Plan Width": 28, "Inner Unique": false, "Join Filter": "(ct.id = mc.company_type_id), (LLVM Optimized)", "Plans": [{"Node Type": "Seq Scan", "Parent Relationship": "Outer", "Relation Name": "company_type", "Alias": "ct", "Startup Cost": 0.0, "Total Cost": 1.04, "Plan Rows": 1, "Plan Width": 4, "Filter": "((kind)::text = 'production companies'::text)"}, {"Node Type": "Seq Scan", "Parent Relationship": "Inner", "Relation Name": "movie_companies", "Alias": "mc", "Startup Cost": 0.0, "Total Cost": 48340.1, "Plan Rows": 2609035, "Plan Width": 32, "Filter": "((note)::text !~~ '%(as Metro-Goldwyn-Mayer Pictures)%'::text), (LLVM Optimized)"}]}]}, {"Node Type": "Materialize", "Parent Relationship": "Inner", "Startup Cost": 0.0, "Total Cost": 2052357.93, "Plan Rows": 447839, "Plan Width": 29, "Plans": [{"Node Type": "Streaming(type: LOCAL REDISTRIBUTE dop: 64/64)", "Parent Relationship": "Outer", "Startup Cost": 0.0, "Total Cost": 2052322.94, "Plan Rows": 447839, "Plan Width": 29, "Plans": [{"Node Type": "Nested Loop", "Parent Relationship": "Outer", "Join Type": "Inner", "Startup Cost": 0.0, "Total Cost": 1988898.72, "Plan Rows": 447839, "Plan Width": 29, "Inner Unique": true, "Join Filter": "(mi_idx.movie_id = t.id), (LLVM Optimized)", "Plans": [{"Node Type": "Streaming(type: LOCAL REDISTRIBUTE dop: 64/1)", "Parent Relationship": "Outer", "Startup Cost": 0.0, "Total Cost": 114544.8, "Plan Rows": 345008, "Plan Width": 4, "Plans": [{"Node Type": "Nested Loop", "Parent Relationship": "Outer", "Join Type": "Inner", "Startup Cost": 0.0, "Total Cost": 37527.17, "Plan Rows": 345008, "Plan Width": 4, "Inner Unique": false, "Join Filter": "(it.id = mi_idx.info_type_id), (LLVM Optimized)", "Plans": [{"Node Type": "Seq Scan", "Parent Relationship": "Outer", "Relation Name": "info_type", "Alias": "it", "Startup Cost": 0.0, "Total Cost": 2.4, "Plan Rows": 1, "Plan Width": 4, "Filter": "((info)::text = 'bottom 10 rank'::text)"}, {"Node Type": "Seq Scan", "Parent Relationship": "Inner", "Relation Name": "movie_info_idx", "Alias": "mi_idx", "Startup Cost": 0.0, "Total Cost": 20274.34, "Plan Rows": 1380034, "Plan Width": 8}]}]}, {"Node Type": "Materialize", "Parent Relationship": "Inner", "Startup Cost": 0.0, "Total Cost": 128454.31, "Plan Rows": 1381886, "Plan Width": 25, "Plans": [{"Node Type": "Streaming(type: LOCAL REDISTRIBUTE dop: 64/64)", "Parent Relationship": "Outer", "Startup Cost": 0.0, "Total Cost": 128346.36, "Plan Rows": 1381886, "Plan Width": 25, "Plans": [{"Node Type": "Seq Scan", "Parent Relationship": "Outer", "Relation Name": "title", "Alias": "t", "Startup Cost": 0.0, "Total Cost": 64037.34, "Plan Rows": 1381886, "Plan Width": 25, "Filter": "(production_year > 2000), (LLVM Optimized)"}]}]}]}]}]}]}]}]}]}, "Unique SQL Id": 2492542741, "Planner Runtime": 3}, "explain_analyze_plan": {"Plan": {"Node Type": "Aggregate", "Strategy": "Plain", "Startup Cost": 4393536.77, "Total Cost": 4393536.8, "Plan Rows": 1, "Plan Width": 113, "Actual Min Startup Time": 1881.358, "Actual Max Startup Time": 1881.358, "Actual Min Total Time": 1881.358, "Actual Max Total Time": 1881.358, "Plans": [{"Node Type": "Streaming(type: LOCAL GATHER dop: 1/64)", "Parent Relationship": "Outer", "Startup Cost": 4393536.77, "Total Cost": 4393536.8, "Plan Rows": 1, "Plan Width": 113, "Actual Min Startup Time": 1879.575, "Actual Max Startup Time": 1879.575, "Actual Min Total Time": 1881.283, "Actual Max Total Time": 1881.283, "Plans": [{"Node Type": "Aggregate", "Strategy": "Plain", "Parent Relationship": "Outer", "Startup Cost": 4393536.77, "Total Cost": 4393536.78, "Plan Rows": 1, "Plan Width": 113, "Actual Min Startup Time": 1340.849, "Actual Max Startup Time": 1676.545, "Actual Min Total Time": 1340.849, "Actual Max Total Time": 1676.545, "Plans": [{"Node Type": "Nested Loop", "Parent Relationship": "Outer", "Join Type": "Inner", "Startup Cost": 0.0, "Total Cost": 4388752.62, "Plan Rows": 637886, "Plan Width": 45, "Actual Min Startup Time": 1074.117, "Actual Max Startup Time": 1676.539, "Actual Min Total Time": 1340.842, "Actual Max Total Time": 1676.539, "Inner Unique": false, "Join Filter": "(mc.movie_id = t.id), (LLVM Optimized, Jit Execute)", "Rows Removed by Join Filter": 13194, "Plans": [{"Node Type": "Streaming(type: LOCAL REDISTRIBUTE dop: 64/1)", "Parent Relationship": "Outer", "Startup Cost": 0.0, "Total Cost": 196956.49, "Plan Rows": 1304518, "Plan Width": 28, "Actual Min Startup Time": 328.082, "Actual Max Startup Time": 349.142, "Actual Min Total Time": 871.209, "Actual Max Total Time": 873.222, "Plans": [{"Node Type": "Nested Loop", "Parent Relationship": "Outer", "Join Type": "Inner", "Startup Cost": 0.0, "Total Cost": 80954.08, "Plan Rows": 1304518, "Plan Width": 28, "Actual Min Startup Time": 916.571, "Actual Max Startup Time": 916.571, "Actual Min Total Time": 1316.567, "Actual Max Total Time": 1316.567, "Inner Unique": false, "Join Filter": "(ct.id = mc.company_type_id), (LLVM Optimized, Jit Execute)", "Rows Removed by Join Filter": 1196183, "Plans": [{"Node Type": "Seq Scan", "Parent Relationship": "Outer", "Relation Name": "company_type", "Alias": "ct", "Startup Cost": 0.0, "Total Cost": 1.04, "Plan Rows": 1, "Plan Width": 4, "Actual Min Startup Time": 0.023, "Actual Max Startup Time": 0.023, "Actual Min Total Time": 0.028, "Actual Max Total Time": 0.028, "Filter": "((kind)::text = 'production companies'::text)", "Rows Removed by Filter": 2, "Actual Rows": 1}, {"Node Type": "Seq Scan", "Parent Relationship": "Inner", "Relation Name": "movie_companies", "Alias": "mc", "Startup Cost": 0.0, "Total Cost": 48340.1, "Plan Rows": 2609035, "Plan Width": 32, "Actual Min Startup Time": 0.037, "Actual Max Startup Time": 0.037, "Actual Min Total Time": 1017.575, "Actual Max Total Time": 1017.575, "Filter": "((note)::text !~~ '%(as Metro-Goldwyn-Mayer Pictures)%'::text), (LLVM Optimized, Jit Execute)", "Rows Removed by Filter": 1272041, "Actual Rows": 1337087}], "Actual Rows": 140904}], "Actual Rows": 140904}, {"Node Type": "Materialize", "Parent Relationship": "Inner", "Startup Cost": 0.0, "Total Cost": 2052357.93, "Plan Rows": 447839, "Plan Width": 29, "Actual Min Startup Time": 467.363, "Actual Max Startup Time": 802.9, "Actual Min Total Time": 467.363, "Actual Max Total Time": 802.9, "Plans": [{"Node Type": "Streaming(type: LOCAL REDISTRIBUTE dop: 64/64)", "Parent Relationship": "Outer", "Startup Cost": 0.0, "Total Cost": 2052322.94, "Plan Rows": 447839, "Plan Width": 29, "Actual Min Startup Time": 467.097, "Actual Max Startup Time": 802.742, "Actual Min Total Time": 467.097, "Actual Max Total Time": 802.742, "Plans": [{"Node Type": "Nested Loop", "Parent Relationship": "Outer", "Join Type": "Inner", "Startup Cost": 0.0, "Total Cost": 1988898.72, "Plan Rows": 447839, "Plan Width": 29, "Actual Min Startup Time": 460.024, "Actual Max Startup Time": 753.528, "Actual Min Total Time": 460.024, "Actual Max Total Time": 753.528, "Inner Unique": true, "Join Filter": "(mi_idx.movie_id = t.id), (LLVM Optimized, Jit Execute)", "Rows Removed by Join Filter": 189349, "Plans": [{"Node Type": "Streaming(type: LOCAL REDISTRIBUTE dop: 64/1)", "Parent Relationship": "Outer", "Startup Cost": 0.0, "Total Cost": 114544.8, "Plan Rows": 345008, "Plan Width": 4, "Actual Min Startup Time": 402.997, "Actual Max Startup Time": 404.49, "Actual Min Total Time": 402.997, "Actual Max Total Time": 404.492, "Plans": [{"Node Type": "Nested Loop", "Parent Relationship": "Outer", "Join Type": "Inner", "Startup Cost": 0.0, "Total Cost": 37527.17, "Plan Rows": 345008, "Plan Width": 4, "Actual Min Startup Time": 593.999, "Actual Max Startup Time": 593.999, "Actual Min Total Time": 594.021, "Actual Max Total Time": 594.021, "Inner Unique": false, "Join Filter": "(it.id = mi_idx.info_type_id), (LLVM Optimized, Jit Execute)", "Rows Removed by Join Filter": 1380024, "Plans": [{"Node Type": "Seq Scan", "Parent Relationship": "Outer", "Relation Name": "info_type", "Alias": "it", "Startup Cost": 0.0, "Total Cost": 2.4, "Plan Rows": 1, "Plan Width": 4, "Actual Min Startup Time": 0.074, "Actual Max Startup Time": 0.074, "Actual Min Total Time": 0.087, "Actual Max Total Time": 0.087, "Filter": "((info)::text = 'bottom 10 rank'::text)", "Rows Removed by Filter": 111, "Actual Rows": 1}, {"Node Type": "Seq Scan", "Parent Relationship": "Inner", "Relation Name": "movie_info_idx", "Alias": "mi_idx", "Startup Cost": 0.0, "Total Cost": 20274.34, "Plan Rows": 1380034, "Plan Width": 8, "Actual Min Startup Time": 0.051, "Actual Max Startup Time": 0.051, "Actual Min Total Time": 304.475, "Actual Max Total Time": 304.475, "Actual Rows": 1380034}], "Actual Rows": 10}], "Actual Rows": 10}, {"Node Type": "Materialize", "Parent Relationship": "Inner", "Startup Cost": 0.0, "Total Cost": 128454.31, "Plan Rows": 1381886, "Plan Width": 25, "Actual Min Startup Time": 53.514, "Actual Max Startup Time": 348.09, "Actual Min Total Time": 54.408, "Actual Max Total Time": 348.09, "Plans": [{"Node Type": "Streaming(type: LOCAL REDISTRIBUTE dop: 64/64)", "Parent Relationship": "Outer", "Startup Cost": 0.0, "Total Cost": 128346.36, "Plan Rows": 1381886, "Plan Width": 25, "Actual Min Startup Time": 0.127, "Actual Max Startup Time": 166.849, "Actual Min Total Time": 47.409, "Actual Max Total Time": 343.411, "Plans": [{"Node Type": "Seq Scan", "Parent Relationship": "Outer", "Relation Name": "title", "Alias": "t", "Startup Cost": 0.0, "Total Cost": 64037.34, "Plan Rows": 1381886, "Plan Width": 25, "Actual Min Startup Time": 0.029, "Actual Max Startup Time": 0.083, "Actual Min Total Time": 15.495, "Actual Max Total Time": 19.642, "Filter": "(production_year > 2000), (LLVM Optimized, Jit Execute)", "Rows Removed by Filter": 1146858, "Actual Rows": 1381453}], "Actual Rows": 1381453}], "Actual Rows": 189419}], "Actual Rows": 6}], "Actual Rows": 6}], "Actual Rows": 13204}], "Actual Rows": 4}], "Actual Rows": 64}], "Actual Rows": 64}], "Actual Rows": 1}, "Triggers": [], "Planner Runtime": 3, "Total Runtime": 1945.815, "Unique SQL Id": 2492542741}}, "(64, 63)": {"explain_plan": {"Plan": {"Node Type": "Aggregate", "Strategy": "Plain", "Startup Cost": 5015944704069.06, "Total Cost": 5015944704069.07, "Plan Rows": 1, "Plan Width": 113, "Plans": [{"Node Type": "Nested Loop", "Parent Relationship": "Outer", "Join Type": "Inner", "Startup Cost": 50000000000.0, "Total Cost": 5015944699284.92, "Plan Rows": 637886, "Plan Width": 45, "Inner Unique": false, "Join Filter": "(mc.movie_id = t.id), (LLVM Optimized)", "Plans": [{"Node Type": "Nested Loop", "Parent Relationship": "Outer", "Join Type": "Inner", "Startup Cost": 20000000000.0, "Total Cost": 2000013744593.91, "Plan Rows": 1304518, "Plan Width": 28, "Inner Unique": true, "Join Filter": "(ct.id = mc.company_type_id), (LLVM Optimized)", "Plans": [{"Node Type": "Index Scan", "Parent Relationship": "Outer", "Scan Direction": "Forward", "Index Name": "movie_id_movie_companies", "Relation Name": "movie_companies", "Alias": "mc", "Startup Cost": 10000000000.0, "Total Cost": 1000013704228.13, "Plan Rows": 2609035, "Plan Width": 32, "Filter": "((note)::text !~~ '%(as Metro-Goldwyn-Mayer Pictures)%'::text), (LLVM Optimized)"}, {"Node Type": "Materialize", "Parent Relationship": "Inner", "Startup Cost": 10000000000.0, "Total Cost": 1000000001230.26, "Plan Rows": 1, "Plan Width": 4, "Plans": [{"Node Type": "Index Scan", "Parent Relationship": "Outer", "Scan Direction": "Forward", "Index Name": "company_type_pkey", "Relation Name": "company_type", "Alias": "ct", "Startup Cost": 10000000000.0, "Total Cost": 1000000001230.25, "Plan Rows": 1, "Plan Width": 4, "Filter": "((kind)::text = 'production companies'::text)"}]}]}, {"Node Type": "Materialize", "Parent Relationship": "Inner", "Startup Cost": 30000000000.0, "Total Cost": 3007167745261.58, "Plan Rows": 447839, "Plan Width": 29, "Plans": [{"Node Type": "Nested Loop", "Parent Relationship": "Outer", "Join Type": "Inner", "Startup Cost": 30000000000.0, "Total Cost": 3007167743022.38, "Plan Rows": 447839, "Plan Width": 29, "Inner Unique": false, "Join Filter": "(mi_idx.movie_id = t.id), (LLVM Optimized)", "Plans": [{"Node Type": "Index Scan", "Parent Relationship": "Outer", "Scan Direction": "Forward", "Index Name": "title_pkey", "Relation Name": "title", "Alias": "t", "Startup Cost": 10000000000.0, "Total Cost": 1000011644126.66, "Plan Rows": 1381886, "Plan Width": 25, "Filter": "(production_year > 2000), (LLVM Optimized)"}, {"Node Type": "Materialize", "Parent Relationship": "Inner", "Startup Cost": 20000000000.0, "Total Cost": 2000004673881.92, "Plan Rows": 345008, "Plan Width": 4, "Plans": [{"Node Type": "Nested Loop", "Parent Relationship": "Outer", "Join Type": "Inner", "Startup Cost": 20000000000.0, "Total Cost": 2000004672156.88, "Plan Rows": 345008, "Plan Width": 4, "Inner Unique": true, "Join Filter": "(it.id = mi_idx.info_type_id), (LLVM Optimized)", "Plans": [{"Node Type": "Index Scan", "Parent Relationship": "Outer", "Scan Direction": "Forward", "Index Name": "movie_id_movie_info_idx", "Relation Name": "movie_info_idx", "Alias": "mi_idx", "Startup Cost": 10000000000.0, "Total Cost": 1000004650035.37, "Plan Rows": 1380034, "Plan Width": 8}, {"Node Type": "Materialize", "Parent Relationship": "Inner", "Startup Cost": 10000000000.0, "Total Cost": 1000000001421.0, "Plan Rows": 1, "Plan Width": 4, "Plans": [{"Node Type": "Index Scan", "Parent Relationship": "Outer", "Scan Direction": "Forward", "Index Name": "info_type_pkey", "Relation Name": "info_type", "Alias": "it", "Startup Cost": 10000000000.0, "Total Cost": 1000000001421.0, "Plan Rows": 1, "Plan Width": 4, "Filter": "((info)::text = 'bottom 10 rank'::text)"}]}]}]}]}]}]}]}, "Unique SQL Id": 2492542741, "Planner Runtime": 2}, "explain_analyze_plan": null}, "(64, 64)": {"explain_plan": {"Plan": {"Node Type": "Aggregate", "Strategy": "Plain", "Startup Cost": 225283.56, "Total Cost": 225283.57, "Plan Rows": 1, "Plan Width": 113, "Plans": [{"Node Type": "Hash Join", "Parent Relationship": "Outer", "Join Type": "Inner", "Startup Cost": 142931.41, "Total Cost": 220404.37, "Plan Rows": 650559, "Plan Width": 45, "Inner Unique": true, "Hash Cond": "(mc.company_type_id = ct.id), (LLVM Optimized)", "Plans": [{"Node Type": "Hash Join", "Parent Relationship": "Outer", "Join Type": "Inner", "Startup Cost": 142930.36, "Total Cost": 211816.0, "Plan Rows": 1055184, "Plan Width": 49, "Inner Unique": false, "Hash Cond": "(mc.movie_id = t.id), (LLVM Optimized)", "Plans": [{"Node Type": "Seq Scan", "Parent Relationship": "Outer", "Relation Name": "movie_companies", "Alias": "mc", "Startup Cost": 0.0, "Total Cost": 48340.1, "Plan Rows": 2609035, "Plan Width": 32, "Filter": "((note)::text !~~ '%(as Metro-Goldwyn-Mayer Pictures)%'::text), (LLVM Optimized)"}, {"Node Type": "Hash", "Parent Relationship": "Inner", "Startup Cost": 137332.38, "Total Cost": 137332.38, "Plan Rows": 447839, "Plan Width": 29, "Plans": [{"Node Type": "Hash Join", "Parent Relationship": "Outer", "Join Type": "Inner", "Startup Cost": 117321.13, "Total Cost": 137332.38, "Plan Rows": 447839, "Plan Width": 29, "Inner Unique": true, "Hash Cond": "(mi_idx.movie_id = t.id), (LLVM Optimized)", "Plans": [{"Node Type": "Nested Loop", "Parent Relationship": "Outer", "Join Type": "Inner", "Startup Cost": 7502.06, "Total Cost": 21741.14, "Plan Rows": 345008, "Plan Width": 4, "Inner Unique": false, "Plans": [{"Node Type": "Seq Scan", "Parent Relationship": "Outer", "Relation Name": "info_type", "Alias": "it", "Startup Cost": 0.0, "Total Cost": 2.4, "Plan Rows": 1, "Plan Width": 4, "Filter": "((info)::text = 'bottom 10 rank'::text)"}, {"Node Type": "Bitmap Heap Scan", "Parent Relationship": "Inner", "Relation Name": "movie_info_idx", "Alias": "mi_idx", "Startup Cost": 7502.06, "Total Cost": 18288.66, "Plan Rows": 345008, "Plan Width": 8, "Recheck Cond": "(info_type_id = it.id), (LLVM Optimized)", "Plans": [{"Node Type": "Bitmap Index Scan", "Parent Relationship": "Outer", "Index Name": "info_type_id_movie_info_idx", "Startup Cost": 0.0, "Total Cost": 7415.81, "Plan Rows": 345008, "Plan Width": 0, "Index Cond": "(info_type_id = it.id)"}]}]}, {"Node Type": "Hash", "Parent Relationship": "Inner", "Startup Cost": 92545.49, "Total Cost": 92545.49, "Plan Rows": 1381886, "Plan Width": 25, "Plans": [{"Node Type": "Streaming(type: LOCAL GATHER dop: 1/64)", "Parent Relationship": "Outer", "Startup Cost": 0.0, "Total Cost": 92545.49, "Plan Rows": 1381886, "Plan Width": 25, "Plans": [{"Node Type": "Seq Scan", "Parent Relationship": "Outer", "Relation Name": "title", "Alias": "t", "Startup Cost": 0.0, "Total Cost": 64037.34, "Plan Rows": 1381886, "Plan Width": 25, "Filter": "(production_year > 2000), (LLVM Optimized)"}]}]}]}]}]}, {"Node Type": "Hash", "Parent Relationship": "Inner", "Startup Cost": 1.04, "Total Cost": 1.04, "Plan Rows": 1, "Plan Width": 4, "Plans": [{"Node Type": "Seq Scan", "Parent Relationship": "Outer", "Relation Name": "company_type", "Alias": "ct", "Startup Cost": 0.0, "Total Cost": 1.04, "Plan Rows": 1, "Plan Width": 4, "Filter": "((kind)::text = 'production companies'::text)"}]}]}]}, "Unique SQL Id": 2492542741, "Planner Runtime": 14}, "explain_analyze_plan": {"Plan": {"Node Type": "Aggregate", "Strategy": "Plain", "Startup Cost": 225283.56, "Total Cost": 225283.57, "Plan Rows": 1, "Plan Width": 113, "Actual Min Startup Time": 2525.543, "Actual Max Startup Time": 2525.543, "Actual Min Total Time": 2525.544, "Actual Max Total Time": 2525.544, "Plans": [{"Node Type": "Hash Join", "Parent Relationship": "Outer", "Join Type": "Inner", "Startup Cost": 142931.41, "Total Cost": 220404.37, "Plan Rows": 650559, "Plan Width": 45, "Actual Min Startup Time": 2350.375, "Actual Max Startup Time": 2350.375, "Actual Min Total Time": 2525.501, "Actual Max Total Time": 2525.501, "Inner Unique": true, "Hash Cond": "(mc.company_type_id = ct.id), (LLVM Optimized, Jit Execute)", "Plans": [{"Node Type": "Hash Join", "Parent Relationship": "Outer", "Join Type": "Inner", "Startup Cost": 142930.36, "Total Cost": 211816.0, "Plan Rows": 1055184, "Plan Width": 49, "Actual Min Startup Time": 1662.914, "Actual Max Startup Time": 1662.914, "Actual Min Total Time": 2525.185, "Actual Max Total Time": 2525.185, "Inner Unique": false, "Hash Cond": "(mc.movie_id = t.id), (LLVM Optimized, Jit Execute)", "Plans": [{"Node Type": "Seq Scan", "Parent Relationship": "Outer", "Relation Name": "movie_companies", "Alias": "mc", "Startup Cost": 0.0, "Total Cost": 48340.1, "Plan Rows": 2609035, "Plan Width": 32, "Actual Min Startup Time": 0.04, "Actual Max Startup Time": 0.04, "Actual Min Total Time": 907.177, "Actual Max Total Time": 907.177, "Filter": "((note)::text !~~ '%(as Metro-Goldwyn-Mayer Pictures)%'::text), (LLVM Optimized, Jit Execute)", "Rows Removed by Filter": 1272041, "Actual Rows": 1337087}, {"Node Type": "Hash", "Parent Relationship": "Inner", "Startup Cost": 137332.38, "Total Cost": 137332.38, "Plan Rows": 447839, "Plan Width": 29, "Actual Min Startup Time": 1356.656, "Actual Max Startup Time": 1356.656, "Actual Min Total Time": 1356.656, "Actual Max Total Time": 1356.656, "Max Hash Buckets": 524288, "Min Hash Buckets": 524288, "Max Hash Batches": 1, "Min Hash Batches": 1, "Max Original Hash Batches": 1, "Min Original Hash Batches": 1, "Max Peak Memory Usage": 1, "min Peak Memory Usage": 1, "Plans": [{"Node Type": "Hash Join", "Parent Relationship": "Outer", "Join Type": "Inner", "Startup Cost": 117321.13, "Total Cost": 137332.38, "Plan Rows": 447839, "Plan Width": 29, "Actual Min Startup Time": 1356.618, "Actual Max Startup Time": 1356.618, "Actual Min Total Time": 1356.632, "Actual Max Total Time": 1356.632, "Inner Unique": true, "Hash Cond": "(mi_idx.movie_id = t.id), (LLVM Optimized, Jit Execute)", "Plans": [{"Node Type": "Nested Loop", "Parent Relationship": "Outer", "Join Type": "Inner", "Startup Cost": 7502.06, "Total Cost": 21741.14, "Plan Rows": 345008, "Plan Width": 4, "Actual Min Startup Time": 0.134, "Actual Max Startup Time": 0.134, "Actual Min Total Time": 0.141, "Actual Max Total Time": 0.141, "Inner Unique": false, "Plans": [{"Node Type": "Seq Scan", "Parent Relationship": "Outer", "Relation Name": "info_type", "Alias": "it", "Startup Cost": 0.0, "Total Cost": 2.4, "Plan Rows": 1, "Plan Width": 4, "Actual Min Startup Time": 0.078, "Actual Max Startup Time": 0.078, "Actual Min Total Time": 0.082, "Actual Max Total Time": 0.082, "Filter": "((info)::text = 'bottom 10 rank'::text)", "Rows Removed by Filter": 111, "Actual Rows": 1}, {"Node Type": "Bitmap Heap Scan", "Parent Relationship": "Inner", "Relation Name": "movie_info_idx", "Alias": "mi_idx", "Startup Cost": 7502.06, "Total Cost": 18288.66, "Plan Rows": 345008, "Plan Width": 8, "Actual Min Startup Time": 0.04, "Actual Max Startup Time": 0.04, "Actual Min Total Time": 0.04, "Actual Max Total Time": 0.04, "Recheck Cond": "(info_type_id = it.id), (LLVM Optimized, Jit Execute)", "Rows Removed by Index Recheck": 0, "Exact Heap Blocks": 1, "Lossy Heap Blocks": 1, "Plans": [{"Node Type": "Bitmap Index Scan", "Parent Relationship": "Outer", "Index Name": "info_type_id_movie_info_idx", "Startup Cost": 0.0, "Total Cost": 7415.81, "Plan Rows": 345008, "Plan Width": 0, "Actual Min Startup Time": 0.024, "Actual Max Startup Time": 0.024, "Actual Min Total Time": 0.024, "Actual Max Total Time": 0.024, "Index Cond": "(info_type_id = it.id)", "Actual Rows": 10}], "Actual Rows": 10}], "Actual Rows": 10}, {"Node Type": "Hash", "Parent Relationship": "Inner", "Startup Cost": 92545.49, "Total Cost": 92545.49, "Plan Rows": 1381886, "Plan Width": 25, "Actual Min Startup Time": 1354.005, "Actual Max Startup Time": 1354.005, "Actual Min Total Time": 1354.005, "Actual Max Total Time": 1354.005, "Max Hash Buckets": 2097152, "Min Hash Buckets": 2097152, "Max Hash Batches": 1, "Min Hash Batches": 1, "Max Original Hash Batches": 1, "Min Original Hash Batches": 1, "Max Peak Memory Usage": 79393, "min Peak Memory Usage": 79393, "Plans": [{"Node Type": "Streaming(type: LOCAL GATHER dop: 1/64)", "Parent Relationship": "Outer", "Startup Cost": 0.0, "Total Cost": 92545.49, "Plan Rows": 1381886, "Plan Width": 25, "Actual Min Startup Time": 52.425, "Actual Max Startup Time": 52.425, "Actual Min Total Time": 720.093, "Actual Max Total Time": 720.093, "Plans": [{"Node Type": "Seq Scan", "Parent Relationship": "Outer", "Relation Name": "title", "Alias": "t", "Startup Cost": 0.0, "Total Cost": 64037.34, "Plan Rows": 1381886, "Plan Width": 25, "Actual Min Startup Time": 0.025, "Actual Max Startup Time": 0.049, "Actual Min Total Time": 14.614, "Actual Max Total Time": 18.729, "Filter": "(production_year > 2000), (LLVM Optimized, Jit Execute)", "Rows Removed by Filter": 1146858, "Actual Rows": 1381453}], "Actual Rows": 1381453}], "Actual Rows": 1381453}], "Actual Rows": 6}], "Actual Rows": 6}], "Actual Rows": 78}, {"Node Type": "Hash", "Parent Relationship": "Inner", "Startup Cost": 1.04, "Total Cost": 1.04, "Plan Rows": 1, "Plan Width": 4, "Actual Min Startup Time": 0.069, "Actual Max Startup Time": 0.069, "Actual Min Total Time": 0.069, "Actual Max Total Time": 0.069, "Max Hash Buckets": 32768, "Min Hash Buckets": 32768, "Max Hash Batches": 1, "Min Hash Batches": 1, "Max Original Hash Batches": 1, "Min Original Hash Batches": 1, "Max Peak Memory Usage": 1, "min Peak Memory Usage": 1, "Plans": [{"Node Type": "Seq Scan", "Parent Relationship": "Outer", "Relation Name": "company_type", "Alias": "ct", "Startup Cost": 0.0, "Total Cost": 1.04, "Plan Rows": 1, "Plan Width": 4, "Actual Min Startup Time": 0.042, "Actual Max Startup Time": 0.042, "Actual Min Total Time": 0.046, "Actual Max Total Time": 0.046, "Filter": "((kind)::text = 'production companies'::text)", "Rows Removed by Filter": 2, "Actual Rows": 1}], "Actual Rows": 1}], "Actual Rows": 4}], "Actual Rows": 1}, "Triggers": [], "Planner Runtime": 7, "Total Runtime": 2549.791, "Unique SQL Id": 2492542741}}, "(64, 65)": {"explain_plan": {"Plan": {"Node Type": "Aggregate", "Strategy": "Plain", "Startup Cost": 251533.23, "Total Cost": 251533.24, "Plan Rows": 1, "Plan Width": 113, "Plans": [{"Node Type": "Hash Join", "Parent Relationship": "Outer", "Join Type": "Inner", "Startup Cost": 166837.95, "Total Cost": 246654.04, "Plan Rows": 650559, "Plan Width": 45, "Inner Unique": false, "Hash Cond": "(mc.movie_id = t.id), (LLVM Optimized)", "Plans": [{"Node Type": "Nested Loop", "Parent Relationship": "Outer", "Join Type": "Inner", "Startup Cost": 0.0, "Total Cost": 69436.41, "Plan Rows": 1304518, "Plan Width": 28, "Inner Unique": false, "Plans": [{"Node Type": "Index Scan", "Parent Relationship": "Outer", "Scan Direction": "Forward", "Index Name": "company_type_pkey", "Relation Name": "company_type", "Alias": "ct", "Startup Cost": 0.0, "Total Cost": 12.3, "Plan Rows": 1, "Plan Width": 4, "Filter": "((kind)::text = 'production companies'::text)"}, {"Node Type": "Index Scan", "Parent Relationship": "Inner", "Scan Direction": "Forward", "Index Name": "company_type_id_movie_companies", "Relation Name": "movie_companies", "Alias": "mc", "Startup Cost": 0.0, "Total Cost": 56378.94, "Plan Rows": 1304517, "Plan Width": 32, "Index Cond": "(company_type_id = ct.id), (LLVM Optimized)", "Filter": "((note)::text !~~ '%(as Metro-Goldwyn-Mayer Pictures)%'::text), (LLVM Optimized)"}]}, {"Node Type": "Hash", "Parent Relationship": "Inner", "Startup Cost": 161239.96, "Total Cost": 161239.96, "Plan Rows": 447839, "Plan Width": 29, "Plans": [{"Node Type": "Hash Join", "Parent Relationship": "Outer", "Join Type": "Inner", "Startup Cost": 141216.9, "Total Cost": 161239.96, "Plan Rows": 447839, "Plan Width": 29, "Inner Unique": true, "Hash Cond": "(mi_idx.movie_id = t.id), (LLVM Optimized)", "Plans": [{"Node Type": "Nested Loop", "Parent Relationship": "Outer", "Join Type": "Inner", "Startup Cost": 7502.06, "Total Cost": 21752.95, "Plan Rows": 345008, "Plan Width": 4, "Inner Unique": false, "Plans": [{"Node Type": "Index Scan", "Parent Relationship": "Outer", "Scan Direction": "Forward", "Index Name": "info_type_pkey", "Relation Name": "info_type", "Alias": "it", "Startup Cost": 0.0, "Total Cost": 14.21, "Plan Rows": 1, "Plan Width": 4, "Filter": "((info)::text = 'bottom 10 rank'::text)"}, {"Node Type": "Bitmap Heap Scan", "Parent Relationship": "Inner", "Relation Name": "movie_info_idx", "Alias": "mi_idx", "Startup Cost": 7502.06, "Total Cost": 18288.66, "Plan Rows": 345008, "Plan Width": 8, "Recheck Cond": "(info_type_id = it.id), (LLVM Optimized)", "Plans": [{"Node Type": "Bitmap Index Scan", "Parent Relationship": "Outer", "Index Name": "info_type_id_movie_info_idx", "Startup Cost": 0.0, "Total Cost": 7415.81, "Plan Rows": 345008, "Plan Width": 0, "Index Cond": "(info_type_id = it.id)"}]}]}, {"Node Type": "Hash", "Parent Relationship": "Inner", "Startup Cost": 116441.27, "Total Cost": 116441.27, "Plan Rows": 1381886, "Plan Width": 25, "Plans": [{"Node Type": "Index Scan", "Parent Relationship": "Outer", "Scan Direction": "Forward", "Index Name": "title_pkey", "Relation Name": "title", "Alias": "t", "Startup Cost": 0.0, "Total Cost": 116441.27, "Plan Rows": 1381886, "Plan Width": 25, "Filter": "(production_year > 2000), (LLVM Optimized)"}]}]}]}]}]}, "Unique SQL Id": 2492542741, "Planner Runtime": 11}, "explain_analyze_plan": null}, "(64, 66)": {"explain_plan": {"Plan": {"Node Type": "Aggregate", "Strategy": "Plain", "Startup Cost": 225283.56, "Total Cost": 225283.57, "Plan Rows": 1, "Plan Width": 113, "Plans": [{"Node Type": "Hash Join", "Parent Relationship": "Outer", "Join Type": "Inner", "Startup Cost": 142931.41, "Total Cost": 220404.37, "Plan Rows": 650559, "Plan Width": 45, "Inner Unique": true, "Hash Cond": "(mc.company_type_id = ct.id), (LLVM Optimized)", "Plans": [{"Node Type": "Hash Join", "Parent Relationship": "Outer", "Join Type": "Inner", "Startup Cost": 142930.36, "Total Cost": 211816.0, "Plan Rows": 1055184, "Plan Width": 49, "Inner Unique": false, "Hash Cond": "(mc.movie_id = t.id), (LLVM Optimized)", "Plans": [{"Node Type": "Seq Scan", "Parent Relationship": "Outer", "Relation Name": "movie_companies", "Alias": "mc", "Startup Cost": 0.0, "Total Cost": 48340.1, "Plan Rows": 2609035, "Plan Width": 32, "Filter": "((note)::text !~~ '%(as Metro-Goldwyn-Mayer Pictures)%'::text), (LLVM Optimized)"}, {"Node Type": "Hash", "Parent Relationship": "Inner", "Startup Cost": 137332.38, "Total Cost": 137332.38, "Plan Rows": 447839, "Plan Width": 29, "Plans": [{"Node Type": "Hash Join", "Parent Relationship": "Outer", "Join Type": "Inner", "Startup Cost": 117321.13, "Total Cost": 137332.38, "Plan Rows": 447839, "Plan Width": 29, "Inner Unique": true, "Hash Cond": "(mi_idx.movie_id = t.id), (LLVM Optimized)", "Plans": [{"Node Type": "Nested Loop", "Parent Relationship": "Outer", "Join Type": "Inner", "Startup Cost": 7502.06, "Total Cost": 21741.14, "Plan Rows": 345008, "Plan Width": 4, "Inner Unique": false, "Plans": [{"Node Type": "Seq Scan", "Parent Relationship": "Outer", "Relation Name": "info_type", "Alias": "it", "Startup Cost": 0.0, "Total Cost": 2.4, "Plan Rows": 1, "Plan Width": 4, "Filter": "((info)::text = 'bottom 10 rank'::text)"}, {"Node Type": "Bitmap Heap Scan", "Parent Relationship": "Inner", "Relation Name": "movie_info_idx", "Alias": "mi_idx", "Startup Cost": 7502.06, "Total Cost": 18288.66, "Plan Rows": 345008, "Plan Width": 8, "Recheck Cond": "(info_type_id = it.id), (LLVM Optimized)", "Plans": [{"Node Type": "Bitmap Index Scan", "Parent Relationship": "Outer", "Index Name": "info_type_id_movie_info_idx", "Startup Cost": 0.0, "Total Cost": 7415.81, "Plan Rows": 345008, "Plan Width": 0, "Index Cond": "(info_type_id = it.id)"}]}]}, {"Node Type": "Hash", "Parent Relationship": "Inner", "Startup Cost": 92545.49, "Total Cost": 92545.49, "Plan Rows": 1381886, "Plan Width": 25, "Plans": [{"Node Type": "Streaming(type: LOCAL GATHER dop: 1/64)", "Parent Relationship": "Outer", "Startup Cost": 0.0, "Total Cost": 92545.49, "Plan Rows": 1381886, "Plan Width": 25, "Plans": [{"Node Type": "Seq Scan", "Parent Relationship": "Outer", "Relation Name": "title", "Alias": "t", "Startup Cost": 0.0, "Total Cost": 64037.34, "Plan Rows": 1381886, "Plan Width": 25, "Filter": "(production_year > 2000), (LLVM Optimized)"}]}]}]}]}]}, {"Node Type": "Hash", "Parent Relationship": "Inner", "Startup Cost": 1.04, "Total Cost": 1.04, "Plan Rows": 1, "Plan Width": 4, "Plans": [{"Node Type": "Seq Scan", "Parent Relationship": "Outer", "Relation Name": "company_type", "Alias": "ct", "Startup Cost": 0.0, "Total Cost": 1.04, "Plan Rows": 1, "Plan Width": 4, "Filter": "((kind)::text = 'production companies'::text)"}]}]}]}, "Unique SQL Id": 2492542741, "Planner Runtime": 11}, "explain_analyze_plan": {"Plan": {"Node Type": "Aggregate", "Strategy": "Plain", "Startup Cost": 225283.56, "Total Cost": 225283.57, "Plan Rows": 1, "Plan Width": 113, "Actual Min Startup Time": 2525.543, "Actual Max Startup Time": 2525.543, "Actual Min Total Time": 2525.544, "Actual Max Total Time": 2525.544, "Plans": [{"Node Type": "Hash Join", "Parent Relationship": "Outer", "Join Type": "Inner", "Startup Cost": 142931.41, "Total Cost": 220404.37, "Plan Rows": 650559, "Plan Width": 45, "Actual Min Startup Time": 2350.375, "Actual Max Startup Time": 2350.375, "Actual Min Total Time": 2525.501, "Actual Max Total Time": 2525.501, "Inner Unique": true, "Hash Cond": "(mc.company_type_id = ct.id), (LLVM Optimized, Jit Execute)", "Plans": [{"Node Type": "Hash Join", "Parent Relationship": "Outer", "Join Type": "Inner", "Startup Cost": 142930.36, "Total Cost": 211816.0, "Plan Rows": 1055184, "Plan Width": 49, "Actual Min Startup Time": 1662.914, "Actual Max Startup Time": 1662.914, "Actual Min Total Time": 2525.185, "Actual Max Total Time": 2525.185, "Inner Unique": false, "Hash Cond": "(mc.movie_id = t.id), (LLVM Optimized, Jit Execute)", "Plans": [{"Node Type": "Seq Scan", "Parent Relationship": "Outer", "Relation Name": "movie_companies", "Alias": "mc", "Startup Cost": 0.0, "Total Cost": 48340.1, "Plan Rows": 2609035, "Plan Width": 32, "Actual Min Startup Time": 0.04, "Actual Max Startup Time": 0.04, "Actual Min Total Time": 907.177, "Actual Max Total Time": 907.177, "Filter": "((note)::text !~~ '%(as Metro-Goldwyn-Mayer Pictures)%'::text), (LLVM Optimized, Jit Execute)", "Rows Removed by Filter": 1272041, "Actual Rows": 1337087}, {"Node Type": "Hash", "Parent Relationship": "Inner", "Startup Cost": 137332.38, "Total Cost": 137332.38, "Plan Rows": 447839, "Plan Width": 29, "Actual Min Startup Time": 1356.656, "Actual Max Startup Time": 1356.656, "Actual Min Total Time": 1356.656, "Actual Max Total Time": 1356.656, "Max Hash Buckets": 524288, "Min Hash Buckets": 524288, "Max Hash Batches": 1, "Min Hash Batches": 1, "Max Original Hash Batches": 1, "Min Original Hash Batches": 1, "Max Peak Memory Usage": 1, "min Peak Memory Usage": 1, "Plans": [{"Node Type": "Hash Join", "Parent Relationship": "Outer", "Join Type": "Inner", "Startup Cost": 117321.13, "Total Cost": 137332.38, "Plan Rows": 447839, "Plan Width": 29, "Actual Min Startup Time": 1356.618, "Actual Max Startup Time": 1356.618, "Actual Min Total Time": 1356.632, "Actual Max Total Time": 1356.632, "Inner Unique": true, "Hash Cond": "(mi_idx.movie_id = t.id), (LLVM Optimized, Jit Execute)", "Plans": [{"Node Type": "Nested Loop", "Parent Relationship": "Outer", "Join Type": "Inner", "Startup Cost": 7502.06, "Total Cost": 21741.14, "Plan Rows": 345008, "Plan Width": 4, "Actual Min Startup Time": 0.134, "Actual Max Startup Time": 0.134, "Actual Min Total Time": 0.141, "Actual Max Total Time": 0.141, "Inner Unique": false, "Plans": [{"Node Type": "Seq Scan", "Parent Relationship": "Outer", "Relation Name": "info_type", "Alias": "it", "Startup Cost": 0.0, "Total Cost": 2.4, "Plan Rows": 1, "Plan Width": 4, "Actual Min Startup Time": 0.078, "Actual Max Startup Time": 0.078, "Actual Min Total Time": 0.082, "Actual Max Total Time": 0.082, "Filter": "((info)::text = 'bottom 10 rank'::text)", "Rows Removed by Filter": 111, "Actual Rows": 1}, {"Node Type": "Bitmap Heap Scan", "Parent Relationship": "Inner", "Relation Name": "movie_info_idx", "Alias": "mi_idx", "Startup Cost": 7502.06, "Total Cost": 18288.66, "Plan Rows": 345008, "Plan Width": 8, "Actual Min Startup Time": 0.04, "Actual Max Startup Time": 0.04, "Actual Min Total Time": 0.04, "Actual Max Total Time": 0.04, "Recheck Cond": "(info_type_id = it.id), (LLVM Optimized, Jit Execute)", "Rows Removed by Index Recheck": 0, "Exact Heap Blocks": 1, "Lossy Heap Blocks": 1, "Plans": [{"Node Type": "Bitmap Index Scan", "Parent Relationship": "Outer", "Index Name": "info_type_id_movie_info_idx", "Startup Cost": 0.0, "Total Cost": 7415.81, "Plan Rows": 345008, "Plan Width": 0, "Actual Min Startup Time": 0.024, "Actual Max Startup Time": 0.024, "Actual Min Total Time": 0.024, "Actual Max Total Time": 0.024, "Index Cond": "(info_type_id = it.id)", "Actual Rows": 10}], "Actual Rows": 10}], "Actual Rows": 10}, {"Node Type": "Hash", "Parent Relationship": "Inner", "Startup Cost": 92545.49, "Total Cost": 92545.49, "Plan Rows": 1381886, "Plan Width": 25, "Actual Min Startup Time": 1354.005, "Actual Max Startup Time": 1354.005, "Actual Min Total Time": 1354.005, "Actual Max Total Time": 1354.005, "Max Hash Buckets": 2097152, "Min Hash Buckets": 2097152, "Max Hash Batches": 1, "Min Hash Batches": 1, "Max Original Hash Batches": 1, "Min Original Hash Batches": 1, "Max Peak Memory Usage": 79393, "min Peak Memory Usage": 79393, "Plans": [{"Node Type": "Streaming(type: LOCAL GATHER dop: 1/64)", "Parent Relationship": "Outer", "Startup Cost": 0.0, "Total Cost": 92545.49, "Plan Rows": 1381886, "Plan Width": 25, "Actual Min Startup Time": 52.425, "Actual Max Startup Time": 52.425, "Actual Min Total Time": 720.093, "Actual Max Total Time": 720.093, "Plans": [{"Node Type": "Seq Scan", "Parent Relationship": "Outer", "Relation Name": "title", "Alias": "t", "Startup Cost": 0.0, "Total Cost": 64037.34, "Plan Rows": 1381886, "Plan Width": 25, "Actual Min Startup Time": 0.025, "Actual Max Startup Time": 0.049, "Actual Min Total Time": 14.614, "Actual Max Total Time": 18.729, "Filter": "(production_year > 2000), (LLVM Optimized, Jit Execute)", "Rows Removed by Filter": 1146858, "Actual Rows": 1381453}], "Actual Rows": 1381453}], "Actual Rows": 1381453}], "Actual Rows": 6}], "Actual Rows": 6}], "Actual Rows": 78}, {"Node Type": "Hash", "Parent Relationship": "Inner", "Startup Cost": 1.04, "Total Cost": 1.04, "Plan Rows": 1, "Plan Width": 4, "Actual Min Startup Time": 0.069, "Actual Max Startup Time": 0.069, "Actual Min Total Time": 0.069, "Actual Max Total Time": 0.069, "Max Hash Buckets": 32768, "Min Hash Buckets": 32768, "Max Hash Batches": 1, "Min Hash Batches": 1, "Max Original Hash Batches": 1, "Min Original Hash Batches": 1, "Max Peak Memory Usage": 1, "min Peak Memory Usage": 1, "Plans": [{"Node Type": "Seq Scan", "Parent Relationship": "Outer", "Relation Name": "company_type", "Alias": "ct", "Startup Cost": 0.0, "Total Cost": 1.04, "Plan Rows": 1, "Plan Width": 4, "Actual Min Startup Time": 0.042, "Actual Max Startup Time": 0.042, "Actual Min Total Time": 0.046, "Actual Max Total Time": 0.046, "Filter": "((kind)::text = 'production companies'::text)", "Rows Removed by Filter": 2, "Actual Rows": 1}], "Actual Rows": 1}], "Actual Rows": 4}], "Actual Rows": 1}, "Triggers": [], "Planner Runtime": 7, "Total Runtime": 2549.791, "Unique SQL Id": 2492542741}}, "(64, 67)": {"explain_plan": {"Plan": {"Node Type": "Aggregate", "Strategy": "Plain", "Startup Cost": 259667.26, "Total Cost": 259667.27, "Plan Rows": 1, "Plan Width": 113, "Plans": [{"Node Type": "Hash Join", "Parent Relationship": "Outer", "Join Type": "Inner", "Startup Cost": 196064.72, "Total Cost": 254788.06, "Plan Rows": 650559, "Plan Width": 45, "Inner Unique": false, "Hash Cond": "(mc.movie_id = t.id), (LLVM Optimized)", "Plans": [{"Node Type": "Nested Loop", "Parent Relationship": "Outer", "Join Type": "Inner", "Startup Cost": 29278.87, "Total Cost": 77622.54, "Plan Rows": 1304518, "Plan Width": 28, "Inner Unique": false, "Plans": [{"Node Type": "Bitmap Heap Scan", "Parent Relationship": "Outer", "Relation Name": "company_type", "Alias": "ct", "Startup Cost": 8.27, "Total Cost": 12.3, "Plan Rows": 1, "Plan Width": 4, "Filter": "((kind)::text = 'production companies'::text)", "Plans": [{"Node Type": "Bitmap Index Scan", "Parent Relationship": "Outer", "Index Name": "company_type_pkey", "Startup Cost": 0.0, "Total Cost": 8.27, "Plan Rows": 3, "Plan Width": 0}]}, {"Node Type": "Bitmap Heap Scan", "Parent Relationship": "Inner", "Relation Name": "movie_companies", "Alias": "mc", "Startup Cost": 29270.61, "Total Cost": 64565.07, "Plan Rows": 1304517, "Plan Width": 32, "Recheck Cond": "(company_type_id = ct.id), (LLVM Optimized)", "Filter": "((note)::text !~~ '%(as Metro-Goldwyn-Mayer Pictures)%'::text), (LLVM Optimized)", "Plans": [{"Node Type": "Bitmap Index Scan", "Parent Relationship": "Outer", "Index Name": "company_type_id_movie_companies", "Startup Cost": 0.0, "Total Cost": 28944.48, "Plan Rows": 1304564, "Plan Width": 0, "Index Cond": "(company_type_id = ct.id)"}]}]}, {"Node Type": "Hash", "Parent Relationship": "Inner", "Startup Cost": 161187.86, "Total Cost": 161187.86, "Plan Rows": 447839, "Plan Width": 29, "Plans": [{"Node Type": "Hash Join", "Parent Relationship": "Outer", "Join Type": "Inner", "Startup Cost": 141173.61, "Total Cost": 161187.86, "Plan Rows": 447839, "Plan Width": 29, "Inner Unique": true, "Hash Cond": "(mi_idx.movie_id = t.id), (LLVM Optimized)", "Plans": [{"Node Type": "Nested Loop", "Parent Relationship": "Outer", "Join Type": "Inner", "Startup Cost": 7510.87, "Total Cost": 21752.95, "Plan Rows": 345008, "Plan Width": 4, "Inner Unique": false, "Plans": [{"Node Type": "Bitmap Heap Scan", "Parent Relationship": "Outer", "Relation Name": "info_type", "Alias": "it", "Startup Cost": 8.81, "Total Cost": 14.21, "Plan Rows": 1, "Plan Width": 4, "Filter": "((info)::text = 'bottom 10 rank'::text)", "Plans": [{"Node Type": "Bitmap Index Scan", "Parent Relationship": "Outer", "Index Name": "info_type_pkey", "Startup Cost": 0.0, "Total Cost": 8.81, "Plan Rows": 112, "Plan Width": 0}]}, {"Node Type": "Bitmap Heap Scan", "Parent Relationship": "Inner", "Relation Name": "movie_info_idx", "Alias": "mi_idx", "Startup Cost": 7502.06, "Total Cost": 18288.66, "Plan Rows": 345008, "Plan Width": 8, "Recheck Cond": "(info_type_id = it.id), (LLVM Optimized)", "Plans": [{"Node Type": "Bitmap Index Scan", "Parent Relationship": "Outer", "Index Name": "info_type_id_movie_info_idx", "Startup Cost": 0.0, "Total Cost": 7415.81, "Plan Rows": 345008, "Plan Width": 0, "Index Cond": "(info_type_id = it.id)"}]}]}, {"Node Type": "Hash", "Parent Relationship": "Inner", "Startup Cost": 116389.16, "Total Cost": 116389.16, "Plan Rows": 1381886, "Plan Width": 25, "Plans": [{"Node Type": "Bitmap Heap Scan", "Parent Relationship": "Outer", "Relation Name": "title", "Alias": "t", "Startup Cost": 49999.28, "Total Cost": 116389.16, "Plan Rows": 1381886, "Plan Width": 25, "Filter": "(production_year > 2000), (LLVM Optimized)", "Plans": [{"Node Type": "Bitmap Index Scan", "Parent Relationship": "Outer", "Index Name": "title_pkey", "Startup Cost": 0.0, "Total Cost": 49653.81, "Plan Rows": 2528311, "Plan Width": 0}]}]}]}]}]}]}, "Unique SQL Id": 2492542741, "Planner Runtime": 9}, "explain_analyze_plan": {"Plan": {"Node Type": "Aggregate", "Strategy": "Plain", "Startup Cost": 259667.26, "Total Cost": 259667.27, "Plan Rows": 1, "Plan Width": 113, "Actual Startup Time": 2842.228, "Actual Total Time": 2842.228, "Actual Rows": 1, "Actual Loops": 1, "Plans": [{"Node Type": "Hash Join", "Parent Relationship": "Outer", "Join Type": "Inner", "Startup Cost": 196064.72, "Total Cost": 254788.06, "Plan Rows": 650559, "Plan Width": 45, "Actual Startup Time": 2595.719, "Actual Total Time": 2842.183, "Actual Rows": 4, "Actual Loops": 1, "Inner Unique": false, "Hash Cond": "(mc.movie_id = t.id), (LLVM Optimized, Jit Execute)", "Plans": [{"Node Type": "Nested Loop", "Parent Relationship": "Outer", "Join Type": "Inner", "Startup Cost": 29278.87, "Total Cost": 77622.54, "Plan Rows": 1304518, "Plan Width": 28, "Actual Startup Time": 145.789, "Actual Total Time": 612.976, "Actual Rows": 140904, "Actual Loops": 1, "Inner Unique": false, "Plans": [{"Node Type": "Bitmap Heap Scan", "Parent Relationship": "Outer", "Relation Name": "company_type", "Alias": "ct", "Startup Cost": 8.27, "Total Cost": 12.3, "Plan Rows": 1, "Plan Width": 4, "Actual Startup Time": 0.034, "Actual Total Time": 0.041, "Actual Rows": 1, "Actual Loops": 1, "Filter": "((kind)::text = 'production companies'::text)", "Rows Removed by Filter": 2, "Exact Heap Blocks": 1, "Lossy Heap Blocks": 1, "Plans": [{"Node Type": "Bitmap Index Scan", "Parent Relationship": "Outer", "Index Name": "company_type_pkey", "Startup Cost": 0.0, "Total Cost": 8.27, "Plan Rows": 3, "Plan Width": 0, "Actual Startup Time": 0.015, "Actual Total Time": 0.015, "Actual Rows": 3, "Actual Loops": 1}]}, {"Node Type": "Bitmap Heap Scan", "Parent Relationship": "Inner", "Relation Name": "movie_companies", "Alias": "mc", "Startup Cost": 29270.61, "Total Cost": 64565.07, "Plan Rows": 1304517, "Plan Width": 32, "Actual Startup Time": 145.748, "Actual Total Time": 585.465, "Actual Rows": 140904, "Actual Loops": 1, "Recheck Cond": "(company_type_id = ct.id), (LLVM Optimized, Jit Execute)", "Rows Removed by Index Recheck": 0, "Filter": "((note)::text !~~ '%(as Metro-Goldwyn-Mayer Pictures)%'::text), (LLVM Optimized, Jit Execute)", "Rows Removed by Filter": 1193979, "Exact Heap Blocks": 6196, "Lossy Heap Blocks": 6196, "Plans": [{"Node Type": "Bitmap Index Scan", "Parent Relationship": "Outer", "Index Name": "company_type_id_movie_companies", "Startup Cost": 0.0, "Total Cost": 28944.48, "Plan Rows": 1304564, "Plan Width": 0, "Actual Startup Time": 144.542, "Actual Total Time": 144.542, "Actual Rows": 1334883, "Actual Loops": 1, "Index Cond": "(company_type_id = ct.id)"}]}]}, {"Node Type": "Hash", "Parent Relationship": "Inner", "Startup Cost": 161187.86, "Total Cost": 161187.86, "Plan Rows": 447839, "Plan Width": 29, "Actual Startup Time": 2199.499, "Actual Total Time": 2199.499, "Actual Rows": 6, "Actual Loops": 1, "Hash Buckets": 524288, "Hash Batches": 1, "Original Hash Batches": 1, "Peak Memory Usage": 1, "Plans": [{"Node Type": "Hash Join", "Parent Relationship": "Outer", "Join Type": "Inner", "Startup Cost": 141173.61, "Total Cost": 161187.86, "Plan Rows": 447839, "Plan Width": 29, "Actual Startup Time": 2199.477, "Actual Total Time": 2199.492, "Actual Rows": 6, "Actual Loops": 1, "Inner Unique": true, "Hash Cond": "(mi_idx.movie_id = t.id), (LLVM Optimized, Jit Execute)", "Plans": [{"Node Type": "Nested Loop", "Parent Relationship": "Outer", "Join Type": "Inner", "Startup Cost": 7510.87, "Total Cost": 21752.95, "Plan Rows": 345008, "Plan Width": 4, "Actual Startup Time": 0.139, "Actual Total Time": 0.153, "Actual Rows": 10, "Actual Loops": 1, "Inner Unique": false, "Plans": [{"Node Type": "Bitmap Heap Scan", "Parent Relationship": "Outer", "Relation Name": "info_type", "Alias": "it", "Startup Cost": 8.81, "Total Cost": 14.21, "Plan Rows": 1, "Plan Width": 4, "Actual Startup Time": 0.094, "Actual Total Time": 0.096, "Actual Rows": 1, "Actual Loops": 1, "Filter": "((info)::text = 'bottom 10 rank'::text)", "Rows Removed by Filter": 111, "Exact Heap Blocks": 1, "Lossy Heap Blocks": 1, "Plans": [{"Node Type": "Bitmap Index Scan", "Parent Relationship": "Outer", "Index Name": "info_type_pkey", "Startup Cost": 0.0, "Total Cost": 8.81, "Plan Rows": 112, "Plan Width": 0, "Actual Startup Time": 0.018, "Actual Total Time": 0.018, "Actual Rows": 112, "Actual Loops": 1}]}, {"Node Type": "Bitmap Heap Scan", "Parent Relationship": "Inner", "Relation Name": "movie_info_idx", "Alias": "mi_idx", "Startup Cost": 7502.06, "Total Cost": 18288.66, "Plan Rows": 345008, "Plan Width": 8, "Actual Startup Time": 0.033, "Actual Total Time": 0.039, "Actual Rows": 10, "Actual Loops": 1, "Recheck Cond": "(info_type_id = it.id), (LLVM Optimized, Jit Execute)", "Rows Removed by Index Recheck": 0, "Exact Heap Blocks": 1, "Lossy Heap Blocks": 1, "Plans": [{"Node Type": "Bitmap Index Scan", "Parent Relationship": "Outer", "Index Name": "info_type_id_movie_info_idx", "Startup Cost": 0.0, "Total Cost": 7415.81, "Plan Rows": 345008, "Plan Width": 0, "Actual Startup Time": 0.013, "Actual Total Time": 0.013, "Actual Rows": 10, "Actual Loops": 1, "Index Cond": "(info_type_id = it.id)"}]}]}, {"Node Type": "Hash", "Parent Relationship": "Inner", "Startup Cost": 116389.16, "Total Cost": 116389.16, "Plan Rows": 1381886, "Plan Width": 25, "Actual Startup Time": 2197.3, "Actual Total Time": 2197.3, "Actual Rows": 1381453, "Actual Loops": 1, "Hash Buckets": 2097152, "Hash Batches": 1, "Original Hash Batches": 1, "Peak Memory Usage": 79393, "Plans": [{"Node Type": "Bitmap Heap Scan", "Parent Relationship": "Outer", "Relation Name": "title", "Alias": "t", "Startup Cost": 49999.28, "Total Cost": 116389.16, "Plan Rows": 1381886, "Plan Width": 25, "Actual Startup Time": 312.761, "Actual Total Time": 1576.915, "Actual Rows": 1381453, "Actual Loops": 1, "Filter": "(production_year > 2000), (LLVM Optimized, Jit Execute)", "Rows Removed by Filter": 1146858, "Exact Heap Blocks": 34786, "Lossy Heap Blocks": 34786, "Plans": [{"Node Type": "Bitmap Index Scan", "Parent Relationship": "Outer", "Index Name": "title_pkey", "Startup Cost": 0.0, "Total Cost": 49653.81, "Plan Rows": 2528311, "Plan Width": 0, "Actual Startup Time": 304.689, "Actual Total Time": 304.689, "Actual Rows": 2528311, "Actual Loops": 1}]}]}]}]}]}]}, "Triggers": [], "Planner Runtime": 5, "Total Runtime": 2853.319, "Unique SQL Id": 2492542741}}, "(64, 68)": {"explain_plan": {"Plan": {"Node Type": "Aggregate", "Strategy": "Plain", "Startup Cost": 225283.56, "Total Cost": 225283.57, "Plan Rows": 1, "Plan Width": 113, "Plans": [{"Node Type": "Hash Join", "Parent Relationship": "Outer", "Join Type": "Inner", "Startup Cost": 142931.41, "Total Cost": 220404.37, "Plan Rows": 650559, "Plan Width": 45, "Inner Unique": true, "Hash Cond": "(mc.company_type_id = ct.id), (LLVM Optimized)", "Plans": [{"Node Type": "Hash Join", "Parent Relationship": "Outer", "Join Type": "Inner", "Startup Cost": 142930.36, "Total Cost": 211816.0, "Plan Rows": 1055184, "Plan Width": 49, "Inner Unique": false, "Hash Cond": "(mc.movie_id = t.id), (LLVM Optimized)", "Plans": [{"Node Type": "Seq Scan", "Parent Relationship": "Outer", "Relation Name": "movie_companies", "Alias": "mc", "Startup Cost": 0.0, "Total Cost": 48340.1, "Plan Rows": 2609035, "Plan Width": 32, "Filter": "((note)::text !~~ '%(as Metro-Goldwyn-Mayer Pictures)%'::text), (LLVM Optimized)"}, {"Node Type": "Hash", "Parent Relationship": "Inner", "Startup Cost": 137332.38, "Total Cost": 137332.38, "Plan Rows": 447839, "Plan Width": 29, "Plans": [{"Node Type": "Hash Join", "Parent Relationship": "Outer", "Join Type": "Inner", "Startup Cost": 117321.13, "Total Cost": 137332.38, "Plan Rows": 447839, "Plan Width": 29, "Inner Unique": true, "Hash Cond": "(mi_idx.movie_id = t.id), (LLVM Optimized)", "Plans": [{"Node Type": "Nested Loop", "Parent Relationship": "Outer", "Join Type": "Inner", "Startup Cost": 7502.06, "Total Cost": 21741.14, "Plan Rows": 345008, "Plan Width": 4, "Inner Unique": false, "Plans": [{"Node Type": "Seq Scan", "Parent Relationship": "Outer", "Relation Name": "info_type", "Alias": "it", "Startup Cost": 0.0, "Total Cost": 2.4, "Plan Rows": 1, "Plan Width": 4, "Filter": "((info)::text = 'bottom 10 rank'::text)"}, {"Node Type": "Bitmap Heap Scan", "Parent Relationship": "Inner", "Relation Name": "movie_info_idx", "Alias": "mi_idx", "Startup Cost": 7502.06, "Total Cost": 18288.66, "Plan Rows": 345008, "Plan Width": 8, "Recheck Cond": "(info_type_id = it.id), (LLVM Optimized)", "Plans": [{"Node Type": "Bitmap Index Scan", "Parent Relationship": "Outer", "Index Name": "info_type_id_movie_info_idx", "Startup Cost": 0.0, "Total Cost": 7415.81, "Plan Rows": 345008, "Plan Width": 0, "Index Cond": "(info_type_id = it.id)"}]}]}, {"Node Type": "Hash", "Parent Relationship": "Inner", "Startup Cost": 92545.49, "Total Cost": 92545.49, "Plan Rows": 1381886, "Plan Width": 25, "Plans": [{"Node Type": "Streaming(type: LOCAL GATHER dop: 1/64)", "Parent Relationship": "Outer", "Startup Cost": 0.0, "Total Cost": 92545.49, "Plan Rows": 1381886, "Plan Width": 25, "Plans": [{"Node Type": "Seq Scan", "Parent Relationship": "Outer", "Relation Name": "title", "Alias": "t", "Startup Cost": 0.0, "Total Cost": 64037.34, "Plan Rows": 1381886, "Plan Width": 25, "Filter": "(production_year > 2000), (LLVM Optimized)"}]}]}]}]}]}, {"Node Type": "Hash", "Parent Relationship": "Inner", "Startup Cost": 1.04, "Total Cost": 1.04, "Plan Rows": 1, "Plan Width": 4, "Plans": [{"Node Type": "Seq Scan", "Parent Relationship": "Outer", "Relation Name": "company_type", "Alias": "ct", "Startup Cost": 0.0, "Total Cost": 1.04, "Plan Rows": 1, "Plan Width": 4, "Filter": "((kind)::text = 'production companies'::text)"}]}]}]}, "Unique SQL Id": 2492542741, "Planner Runtime": 13}, "explain_analyze_plan": {"Plan": {"Node Type": "Aggregate", "Strategy": "Plain", "Startup Cost": 225283.56, "Total Cost": 225283.57, "Plan Rows": 1, "Plan Width": 113, "Actual Min Startup Time": 2525.543, "Actual Max Startup Time": 2525.543, "Actual Min Total Time": 2525.544, "Actual Max Total Time": 2525.544, "Plans": [{"Node Type": "Hash Join", "Parent Relationship": "Outer", "Join Type": "Inner", "Startup Cost": 142931.41, "Total Cost": 220404.37, "Plan Rows": 650559, "Plan Width": 45, "Actual Min Startup Time": 2350.375, "Actual Max Startup Time": 2350.375, "Actual Min Total Time": 2525.501, "Actual Max Total Time": 2525.501, "Inner Unique": true, "Hash Cond": "(mc.company_type_id = ct.id), (LLVM Optimized, Jit Execute)", "Plans": [{"Node Type": "Hash Join", "Parent Relationship": "Outer", "Join Type": "Inner", "Startup Cost": 142930.36, "Total Cost": 211816.0, "Plan Rows": 1055184, "Plan Width": 49, "Actual Min Startup Time": 1662.914, "Actual Max Startup Time": 1662.914, "Actual Min Total Time": 2525.185, "Actual Max Total Time": 2525.185, "Inner Unique": false, "Hash Cond": "(mc.movie_id = t.id), (LLVM Optimized, Jit Execute)", "Plans": [{"Node Type": "Seq Scan", "Parent Relationship": "Outer", "Relation Name": "movie_companies", "Alias": "mc", "Startup Cost": 0.0, "Total Cost": 48340.1, "Plan Rows": 2609035, "Plan Width": 32, "Actual Min Startup Time": 0.04, "Actual Max Startup Time": 0.04, "Actual Min Total Time": 907.177, "Actual Max Total Time": 907.177, "Filter": "((note)::text !~~ '%(as Metro-Goldwyn-Mayer Pictures)%'::text), (LLVM Optimized, Jit Execute)", "Rows Removed by Filter": 1272041, "Actual Rows": 1337087}, {"Node Type": "Hash", "Parent Relationship": "Inner", "Startup Cost": 137332.38, "Total Cost": 137332.38, "Plan Rows": 447839, "Plan Width": 29, "Actual Min Startup Time": 1356.656, "Actual Max Startup Time": 1356.656, "Actual Min Total Time": 1356.656, "Actual Max Total Time": 1356.656, "Max Hash Buckets": 524288, "Min Hash Buckets": 524288, "Max Hash Batches": 1, "Min Hash Batches": 1, "Max Original Hash Batches": 1, "Min Original Hash Batches": 1, "Max Peak Memory Usage": 1, "min Peak Memory Usage": 1, "Plans": [{"Node Type": "Hash Join", "Parent Relationship": "Outer", "Join Type": "Inner", "Startup Cost": 117321.13, "Total Cost": 137332.38, "Plan Rows": 447839, "Plan Width": 29, "Actual Min Startup Time": 1356.618, "Actual Max Startup Time": 1356.618, "Actual Min Total Time": 1356.632, "Actual Max Total Time": 1356.632, "Inner Unique": true, "Hash Cond": "(mi_idx.movie_id = t.id), (LLVM Optimized, Jit Execute)", "Plans": [{"Node Type": "Nested Loop", "Parent Relationship": "Outer", "Join Type": "Inner", "Startup Cost": 7502.06, "Total Cost": 21741.14, "Plan Rows": 345008, "Plan Width": 4, "Actual Min Startup Time": 0.134, "Actual Max Startup Time": 0.134, "Actual Min Total Time": 0.141, "Actual Max Total Time": 0.141, "Inner Unique": false, "Plans": [{"Node Type": "Seq Scan", "Parent Relationship": "Outer", "Relation Name": "info_type", "Alias": "it", "Startup Cost": 0.0, "Total Cost": 2.4, "Plan Rows": 1, "Plan Width": 4, "Actual Min Startup Time": 0.078, "Actual Max Startup Time": 0.078, "Actual Min Total Time": 0.082, "Actual Max Total Time": 0.082, "Filter": "((info)::text = 'bottom 10 rank'::text)", "Rows Removed by Filter": 111, "Actual Rows": 1}, {"Node Type": "Bitmap Heap Scan", "Parent Relationship": "Inner", "Relation Name": "movie_info_idx", "Alias": "mi_idx", "Startup Cost": 7502.06, "Total Cost": 18288.66, "Plan Rows": 345008, "Plan Width": 8, "Actual Min Startup Time": 0.04, "Actual Max Startup Time": 0.04, "Actual Min Total Time": 0.04, "Actual Max Total Time": 0.04, "Recheck Cond": "(info_type_id = it.id), (LLVM Optimized, Jit Execute)", "Rows Removed by Index Recheck": 0, "Exact Heap Blocks": 1, "Lossy Heap Blocks": 1, "Plans": [{"Node Type": "Bitmap Index Scan", "Parent Relationship": "Outer", "Index Name": "info_type_id_movie_info_idx", "Startup Cost": 0.0, "Total Cost": 7415.81, "Plan Rows": 345008, "Plan Width": 0, "Actual Min Startup Time": 0.024, "Actual Max Startup Time": 0.024, "Actual Min Total Time": 0.024, "Actual Max Total Time": 0.024, "Index Cond": "(info_type_id = it.id)", "Actual Rows": 10}], "Actual Rows": 10}], "Actual Rows": 10}, {"Node Type": "Hash", "Parent Relationship": "Inner", "Startup Cost": 92545.49, "Total Cost": 92545.49, "Plan Rows": 1381886, "Plan Width": 25, "Actual Min Startup Time": 1354.005, "Actual Max Startup Time": 1354.005, "Actual Min Total Time": 1354.005, "Actual Max Total Time": 1354.005, "Max Hash Buckets": 2097152, "Min Hash Buckets": 2097152, "Max Hash Batches": 1, "Min Hash Batches": 1, "Max Original Hash Batches": 1, "Min Original Hash Batches": 1, "Max Peak Memory Usage": 79393, "min Peak Memory Usage": 79393, "Plans": [{"Node Type": "Streaming(type: LOCAL GATHER dop: 1/64)", "Parent Relationship": "Outer", "Startup Cost": 0.0, "Total Cost": 92545.49, "Plan Rows": 1381886, "Plan Width": 25, "Actual Min Startup Time": 52.425, "Actual Max Startup Time": 52.425, "Actual Min Total Time": 720.093, "Actual Max Total Time": 720.093, "Plans": [{"Node Type": "Seq Scan", "Parent Relationship": "Outer", "Relation Name": "title", "Alias": "t", "Startup Cost": 0.0, "Total Cost": 64037.34, "Plan Rows": 1381886, "Plan Width": 25, "Actual Min Startup Time": 0.025, "Actual Max Startup Time": 0.049, "Actual Min Total Time": 14.614, "Actual Max Total Time": 18.729, "Filter": "(production_year > 2000), (LLVM Optimized, Jit Execute)", "Rows Removed by Filter": 1146858, "Actual Rows": 1381453}], "Actual Rows": 1381453}], "Actual Rows": 1381453}], "Actual Rows": 6}], "Actual Rows": 6}], "Actual Rows": 78}, {"Node Type": "Hash", "Parent Relationship": "Inner", "Startup Cost": 1.04, "Total Cost": 1.04, "Plan Rows": 1, "Plan Width": 4, "Actual Min Startup Time": 0.069, "Actual Max Startup Time": 0.069, "Actual Min Total Time": 0.069, "Actual Max Total Time": 0.069, "Max Hash Buckets": 32768, "Min Hash Buckets": 32768, "Max Hash Batches": 1, "Min Hash Batches": 1, "Max Original Hash Batches": 1, "Min Original Hash Batches": 1, "Max Peak Memory Usage": 1, "min Peak Memory Usage": 1, "Plans": [{"Node Type": "Seq Scan", "Parent Relationship": "Outer", "Relation Name": "company_type", "Alias": "ct", "Startup Cost": 0.0, "Total Cost": 1.04, "Plan Rows": 1, "Plan Width": 4, "Actual Min Startup Time": 0.042, "Actual Max Startup Time": 0.042, "Actual Min Total Time": 0.046, "Actual Max Total Time": 0.046, "Filter": "((kind)::text = 'production companies'::text)", "Rows Removed by Filter": 2, "Actual Rows": 1}], "Actual Rows": 1}], "Actual Rows": 4}], "Actual Rows": 1}, "Triggers": [], "Planner Runtime": 7, "Total Runtime": 2549.791, "Unique SQL Id": 2492542741}}, "(64, 69)": {"explain_plan": {"Plan": {"Node Type": "Aggregate", "Strategy": "Plain", "Startup Cost": 251533.23, "Total Cost": 251533.24, "Plan Rows": 1, "Plan Width": 113, "Plans": [{"Node Type": "Hash Join", "Parent Relationship": "Outer", "Join Type": "Inner", "Startup Cost": 166837.95, "Total Cost": 246654.04, "Plan Rows": 650559, "Plan Width": 45, "Inner Unique": false, "Hash Cond": "(mc.movie_id = t.id), (LLVM Optimized)", "Plans": [{"Node Type": "Nested Loop", "Parent Relationship": "Outer", "Join Type": "Inner", "Startup Cost": 0.0, "Total Cost": 69436.41, "Plan Rows": 1304518, "Plan Width": 28, "Inner Unique": false, "Plans": [{"Node Type": "Index Scan", "Parent Relationship": "Outer", "Scan Direction": "Forward", "Index Name": "company_type_pkey", "Relation Name": "company_type", "Alias": "ct", "Startup Cost": 0.0, "Total Cost": 12.3, "Plan Rows": 1, "Plan Width": 4, "Filter": "((kind)::text = 'production companies'::text)"}, {"Node Type": "Index Scan", "Parent Relationship": "Inner", "Scan Direction": "Forward", "Index Name": "company_type_id_movie_companies", "Relation Name": "movie_companies", "Alias": "mc", "Startup Cost": 0.0, "Total Cost": 56378.94, "Plan Rows": 1304517, "Plan Width": 32, "Index Cond": "(company_type_id = ct.id), (LLVM Optimized)", "Filter": "((note)::text !~~ '%(as Metro-Goldwyn-Mayer Pictures)%'::text), (LLVM Optimized)"}]}, {"Node Type": "Hash", "Parent Relationship": "Inner", "Startup Cost": 161239.96, "Total Cost": 161239.96, "Plan Rows": 447839, "Plan Width": 29, "Plans": [{"Node Type": "Hash Join", "Parent Relationship": "Outer", "Join Type": "Inner", "Startup Cost": 141216.9, "Total Cost": 161239.96, "Plan Rows": 447839, "Plan Width": 29, "Inner Unique": true, "Hash Cond": "(mi_idx.movie_id = t.id), (LLVM Optimized)", "Plans": [{"Node Type": "Nested Loop", "Parent Relationship": "Outer", "Join Type": "Inner", "Startup Cost": 7502.06, "Total Cost": 21752.95, "Plan Rows": 345008, "Plan Width": 4, "Inner Unique": false, "Plans": [{"Node Type": "Index Scan", "Parent Relationship": "Outer", "Scan Direction": "Forward", "Index Name": "info_type_pkey", "Relation Name": "info_type", "Alias": "it", "Startup Cost": 0.0, "Total Cost": 14.21, "Plan Rows": 1, "Plan Width": 4, "Filter": "((info)::text = 'bottom 10 rank'::text)"}, {"Node Type": "Bitmap Heap Scan", "Parent Relationship": "Inner", "Relation Name": "movie_info_idx", "Alias": "mi_idx", "Startup Cost": 7502.06, "Total Cost": 18288.66, "Plan Rows": 345008, "Plan Width": 8, "Recheck Cond": "(info_type_id = it.id), (LLVM Optimized)", "Plans": [{"Node Type": "Bitmap Index Scan", "Parent Relationship": "Outer", "Index Name": "info_type_id_movie_info_idx", "Startup Cost": 0.0, "Total Cost": 7415.81, "Plan Rows": 345008, "Plan Width": 0, "Index Cond": "(info_type_id = it.id)"}]}]}, {"Node Type": "Hash", "Parent Relationship": "Inner", "Startup Cost": 116441.27, "Total Cost": 116441.27, "Plan Rows": 1381886, "Plan Width": 25, "Plans": [{"Node Type": "Index Scan", "Parent Relationship": "Outer", "Scan Direction": "Forward", "Index Name": "title_pkey", "Relation Name": "title", "Alias": "t", "Startup Cost": 0.0, "Total Cost": 116441.27, "Plan Rows": 1381886, "Plan Width": 25, "Filter": "(production_year > 2000), (LLVM Optimized)"}]}]}]}]}]}, "Unique SQL Id": 2492542741, "Planner Runtime": 11}, "explain_analyze_plan": null}, "(64, 70)": {"explain_plan": {"Plan": {"Node Type": "Aggregate", "Strategy": "Plain", "Startup Cost": 225283.56, "Total Cost": 225283.57, "Plan Rows": 1, "Plan Width": 113, "Plans": [{"Node Type": "Hash Join", "Parent Relationship": "Outer", "Join Type": "Inner", "Startup Cost": 142931.41, "Total Cost": 220404.37, "Plan Rows": 650559, "Plan Width": 45, "Inner Unique": true, "Hash Cond": "(mc.company_type_id = ct.id), (LLVM Optimized)", "Plans": [{"Node Type": "Hash Join", "Parent Relationship": "Outer", "Join Type": "Inner", "Startup Cost": 142930.36, "Total Cost": 211816.0, "Plan Rows": 1055184, "Plan Width": 49, "Inner Unique": false, "Hash Cond": "(mc.movie_id = t.id), (LLVM Optimized)", "Plans": [{"Node Type": "Seq Scan", "Parent Relationship": "Outer", "Relation Name": "movie_companies", "Alias": "mc", "Startup Cost": 0.0, "Total Cost": 48340.1, "Plan Rows": 2609035, "Plan Width": 32, "Filter": "((note)::text !~~ '%(as Metro-Goldwyn-Mayer Pictures)%'::text), (LLVM Optimized)"}, {"Node Type": "Hash", "Parent Relationship": "Inner", "Startup Cost": 137332.38, "Total Cost": 137332.38, "Plan Rows": 447839, "Plan Width": 29, "Plans": [{"Node Type": "Hash Join", "Parent Relationship": "Outer", "Join Type": "Inner", "Startup Cost": 117321.13, "Total Cost": 137332.38, "Plan Rows": 447839, "Plan Width": 29, "Inner Unique": true, "Hash Cond": "(mi_idx.movie_id = t.id), (LLVM Optimized)", "Plans": [{"Node Type": "Nested Loop", "Parent Relationship": "Outer", "Join Type": "Inner", "Startup Cost": 7502.06, "Total Cost": 21741.14, "Plan Rows": 345008, "Plan Width": 4, "Inner Unique": false, "Plans": [{"Node Type": "Seq Scan", "Parent Relationship": "Outer", "Relation Name": "info_type", "Alias": "it", "Startup Cost": 0.0, "Total Cost": 2.4, "Plan Rows": 1, "Plan Width": 4, "Filter": "((info)::text = 'bottom 10 rank'::text)"}, {"Node Type": "Bitmap Heap Scan", "Parent Relationship": "Inner", "Relation Name": "movie_info_idx", "Alias": "mi_idx", "Startup Cost": 7502.06, "Total Cost": 18288.66, "Plan Rows": 345008, "Plan Width": 8, "Recheck Cond": "(info_type_id = it.id), (LLVM Optimized)", "Plans": [{"Node Type": "Bitmap Index Scan", "Parent Relationship": "Outer", "Index Name": "info_type_id_movie_info_idx", "Startup Cost": 0.0, "Total Cost": 7415.81, "Plan Rows": 345008, "Plan Width": 0, "Index Cond": "(info_type_id = it.id)"}]}]}, {"Node Type": "Hash", "Parent Relationship": "Inner", "Startup Cost": 92545.49, "Total Cost": 92545.49, "Plan Rows": 1381886, "Plan Width": 25, "Plans": [{"Node Type": "Streaming(type: LOCAL GATHER dop: 1/64)", "Parent Relationship": "Outer", "Startup Cost": 0.0, "Total Cost": 92545.49, "Plan Rows": 1381886, "Plan Width": 25, "Plans": [{"Node Type": "Seq Scan", "Parent Relationship": "Outer", "Relation Name": "title", "Alias": "t", "Startup Cost": 0.0, "Total Cost": 64037.34, "Plan Rows": 1381886, "Plan Width": 25, "Filter": "(production_year > 2000), (LLVM Optimized)"}]}]}]}]}]}, {"Node Type": "Hash", "Parent Relationship": "Inner", "Startup Cost": 1.04, "Total Cost": 1.04, "Plan Rows": 1, "Plan Width": 4, "Plans": [{"Node Type": "Seq Scan", "Parent Relationship": "Outer", "Relation Name": "company_type", "Alias": "ct", "Startup Cost": 0.0, "Total Cost": 1.04, "Plan Rows": 1, "Plan Width": 4, "Filter": "((kind)::text = 'production companies'::text)"}]}]}]}, "Unique SQL Id": 2492542741, "Planner Runtime": 11}, "explain_analyze_plan": {"Plan": {"Node Type": "Aggregate", "Strategy": "Plain", "Startup Cost": 225283.56, "Total Cost": 225283.57, "Plan Rows": 1, "Plan Width": 113, "Actual Min Startup Time": 2525.543, "Actual Max Startup Time": 2525.543, "Actual Min Total Time": 2525.544, "Actual Max Total Time": 2525.544, "Plans": [{"Node Type": "Hash Join", "Parent Relationship": "Outer", "Join Type": "Inner", "Startup Cost": 142931.41, "Total Cost": 220404.37, "Plan Rows": 650559, "Plan Width": 45, "Actual Min Startup Time": 2350.375, "Actual Max Startup Time": 2350.375, "Actual Min Total Time": 2525.501, "Actual Max Total Time": 2525.501, "Inner Unique": true, "Hash Cond": "(mc.company_type_id = ct.id), (LLVM Optimized, Jit Execute)", "Plans": [{"Node Type": "Hash Join", "Parent Relationship": "Outer", "Join Type": "Inner", "Startup Cost": 142930.36, "Total Cost": 211816.0, "Plan Rows": 1055184, "Plan Width": 49, "Actual Min Startup Time": 1662.914, "Actual Max Startup Time": 1662.914, "Actual Min Total Time": 2525.185, "Actual Max Total Time": 2525.185, "Inner Unique": false, "Hash Cond": "(mc.movie_id = t.id), (LLVM Optimized, Jit Execute)", "Plans": [{"Node Type": "Seq Scan", "Parent Relationship": "Outer", "Relation Name": "movie_companies", "Alias": "mc", "Startup Cost": 0.0, "Total Cost": 48340.1, "Plan Rows": 2609035, "Plan Width": 32, "Actual Min Startup Time": 0.04, "Actual Max Startup Time": 0.04, "Actual Min Total Time": 907.177, "Actual Max Total Time": 907.177, "Filter": "((note)::text !~~ '%(as Metro-Goldwyn-Mayer Pictures)%'::text), (LLVM Optimized, Jit Execute)", "Rows Removed by Filter": 1272041, "Actual Rows": 1337087}, {"Node Type": "Hash", "Parent Relationship": "Inner", "Startup Cost": 137332.38, "Total Cost": 137332.38, "Plan Rows": 447839, "Plan Width": 29, "Actual Min Startup Time": 1356.656, "Actual Max Startup Time": 1356.656, "Actual Min Total Time": 1356.656, "Actual Max Total Time": 1356.656, "Max Hash Buckets": 524288, "Min Hash Buckets": 524288, "Max Hash Batches": 1, "Min Hash Batches": 1, "Max Original Hash Batches": 1, "Min Original Hash Batches": 1, "Max Peak Memory Usage": 1, "min Peak Memory Usage": 1, "Plans": [{"Node Type": "Hash Join", "Parent Relationship": "Outer", "Join Type": "Inner", "Startup Cost": 117321.13, "Total Cost": 137332.38, "Plan Rows": 447839, "Plan Width": 29, "Actual Min Startup Time": 1356.618, "Actual Max Startup Time": 1356.618, "Actual Min Total Time": 1356.632, "Actual Max Total Time": 1356.632, "Inner Unique": true, "Hash Cond": "(mi_idx.movie_id = t.id), (LLVM Optimized, Jit Execute)", "Plans": [{"Node Type": "Nested Loop", "Parent Relationship": "Outer", "Join Type": "Inner", "Startup Cost": 7502.06, "Total Cost": 21741.14, "Plan Rows": 345008, "Plan Width": 4, "Actual Min Startup Time": 0.134, "Actual Max Startup Time": 0.134, "Actual Min Total Time": 0.141, "Actual Max Total Time": 0.141, "Inner Unique": false, "Plans": [{"Node Type": "Seq Scan", "Parent Relationship": "Outer", "Relation Name": "info_type", "Alias": "it", "Startup Cost": 0.0, "Total Cost": 2.4, "Plan Rows": 1, "Plan Width": 4, "Actual Min Startup Time": 0.078, "Actual Max Startup Time": 0.078, "Actual Min Total Time": 0.082, "Actual Max Total Time": 0.082, "Filter": "((info)::text = 'bottom 10 rank'::text)", "Rows Removed by Filter": 111, "Actual Rows": 1}, {"Node Type": "Bitmap Heap Scan", "Parent Relationship": "Inner", "Relation Name": "movie_info_idx", "Alias": "mi_idx", "Startup Cost": 7502.06, "Total Cost": 18288.66, "Plan Rows": 345008, "Plan Width": 8, "Actual Min Startup Time": 0.04, "Actual Max Startup Time": 0.04, "Actual Min Total Time": 0.04, "Actual Max Total Time": 0.04, "Recheck Cond": "(info_type_id = it.id), (LLVM Optimized, Jit Execute)", "Rows Removed by Index Recheck": 0, "Exact Heap Blocks": 1, "Lossy Heap Blocks": 1, "Plans": [{"Node Type": "Bitmap Index Scan", "Parent Relationship": "Outer", "Index Name": "info_type_id_movie_info_idx", "Startup Cost": 0.0, "Total Cost": 7415.81, "Plan Rows": 345008, "Plan Width": 0, "Actual Min Startup Time": 0.024, "Actual Max Startup Time": 0.024, "Actual Min Total Time": 0.024, "Actual Max Total Time": 0.024, "Index Cond": "(info_type_id = it.id)", "Actual Rows": 10}], "Actual Rows": 10}], "Actual Rows": 10}, {"Node Type": "Hash", "Parent Relationship": "Inner", "Startup Cost": 92545.49, "Total Cost": 92545.49, "Plan Rows": 1381886, "Plan Width": 25, "Actual Min Startup Time": 1354.005, "Actual Max Startup Time": 1354.005, "Actual Min Total Time": 1354.005, "Actual Max Total Time": 1354.005, "Max Hash Buckets": 2097152, "Min Hash Buckets": 2097152, "Max Hash Batches": 1, "Min Hash Batches": 1, "Max Original Hash Batches": 1, "Min Original Hash Batches": 1, "Max Peak Memory Usage": 79393, "min Peak Memory Usage": 79393, "Plans": [{"Node Type": "Streaming(type: LOCAL GATHER dop: 1/64)", "Parent Relationship": "Outer", "Startup Cost": 0.0, "Total Cost": 92545.49, "Plan Rows": 1381886, "Plan Width": 25, "Actual Min Startup Time": 52.425, "Actual Max Startup Time": 52.425, "Actual Min Total Time": 720.093, "Actual Max Total Time": 720.093, "Plans": [{"Node Type": "Seq Scan", "Parent Relationship": "Outer", "Relation Name": "title", "Alias": "t", "Startup Cost": 0.0, "Total Cost": 64037.34, "Plan Rows": 1381886, "Plan Width": 25, "Actual Min Startup Time": 0.025, "Actual Max Startup Time": 0.049, "Actual Min Total Time": 14.614, "Actual Max Total Time": 18.729, "Filter": "(production_year > 2000), (LLVM Optimized, Jit Execute)", "Rows Removed by Filter": 1146858, "Actual Rows": 1381453}], "Actual Rows": 1381453}], "Actual Rows": 1381453}], "Actual Rows": 6}], "Actual Rows": 6}], "Actual Rows": 78}, {"Node Type": "Hash", "Parent Relationship": "Inner", "Startup Cost": 1.04, "Total Cost": 1.04, "Plan Rows": 1, "Plan Width": 4, "Actual Min Startup Time": 0.069, "Actual Max Startup Time": 0.069, "Actual Min Total Time": 0.069, "Actual Max Total Time": 0.069, "Max Hash Buckets": 32768, "Min Hash Buckets": 32768, "Max Hash Batches": 1, "Min Hash Batches": 1, "Max Original Hash Batches": 1, "Min Original Hash Batches": 1, "Max Peak Memory Usage": 1, "min Peak Memory Usage": 1, "Plans": [{"Node Type": "Seq Scan", "Parent Relationship": "Outer", "Relation Name": "company_type", "Alias": "ct", "Startup Cost": 0.0, "Total Cost": 1.04, "Plan Rows": 1, "Plan Width": 4, "Actual Min Startup Time": 0.042, "Actual Max Startup Time": 0.042, "Actual Min Total Time": 0.046, "Actual Max Total Time": 0.046, "Filter": "((kind)::text = 'production companies'::text)", "Rows Removed by Filter": 2, "Actual Rows": 1}], "Actual Rows": 1}], "Actual Rows": 4}], "Actual Rows": 1}, "Triggers": [], "Planner Runtime": 7, "Total Runtime": 2549.791, "Unique SQL Id": 2492542741}}, "(64, 71)": {"explain_plan": {"Plan": {"Node Type": "Aggregate", "Strategy": "Plain", "Startup Cost": 259667.26, "Total Cost": 259667.27, "Plan Rows": 1, "Plan Width": 113, "Plans": [{"Node Type": "Hash Join", "Parent Relationship": "Outer", "Join Type": "Inner", "Startup Cost": 196064.72, "Total Cost": 254788.06, "Plan Rows": 650559, "Plan Width": 45, "Inner Unique": false, "Hash Cond": "(mc.movie_id = t.id), (LLVM Optimized)", "Plans": [{"Node Type": "Nested Loop", "Parent Relationship": "Outer", "Join Type": "Inner", "Startup Cost": 29278.87, "Total Cost": 77622.54, "Plan Rows": 1304518, "Plan Width": 28, "Inner Unique": false, "Plans": [{"Node Type": "Bitmap Heap Scan", "Parent Relationship": "Outer", "Relation Name": "company_type", "Alias": "ct", "Startup Cost": 8.27, "Total Cost": 12.3, "Plan Rows": 1, "Plan Width": 4, "Filter": "((kind)::text = 'production companies'::text)", "Plans": [{"Node Type": "Bitmap Index Scan", "Parent Relationship": "Outer", "Index Name": "company_type_pkey", "Startup Cost": 0.0, "Total Cost": 8.27, "Plan Rows": 3, "Plan Width": 0}]}, {"Node Type": "Bitmap Heap Scan", "Parent Relationship": "Inner", "Relation Name": "movie_companies", "Alias": "mc", "Startup Cost": 29270.61, "Total Cost": 64565.07, "Plan Rows": 1304517, "Plan Width": 32, "Recheck Cond": "(company_type_id = ct.id), (LLVM Optimized)", "Filter": "((note)::text !~~ '%(as Metro-Goldwyn-Mayer Pictures)%'::text), (LLVM Optimized)", "Plans": [{"Node Type": "Bitmap Index Scan", "Parent Relationship": "Outer", "Index Name": "company_type_id_movie_companies", "Startup Cost": 0.0, "Total Cost": 28944.48, "Plan Rows": 1304564, "Plan Width": 0, "Index Cond": "(company_type_id = ct.id)"}]}]}, {"Node Type": "Hash", "Parent Relationship": "Inner", "Startup Cost": 161187.86, "Total Cost": 161187.86, "Plan Rows": 447839, "Plan Width": 29, "Plans": [{"Node Type": "Hash Join", "Parent Relationship": "Outer", "Join Type": "Inner", "Startup Cost": 141173.61, "Total Cost": 161187.86, "Plan Rows": 447839, "Plan Width": 29, "Inner Unique": true, "Hash Cond": "(mi_idx.movie_id = t.id), (LLVM Optimized)", "Plans": [{"Node Type": "Nested Loop", "Parent Relationship": "Outer", "Join Type": "Inner", "Startup Cost": 7510.87, "Total Cost": 21752.95, "Plan Rows": 345008, "Plan Width": 4, "Inner Unique": false, "Plans": [{"Node Type": "Bitmap Heap Scan", "Parent Relationship": "Outer", "Relation Name": "info_type", "Alias": "it", "Startup Cost": 8.81, "Total Cost": 14.21, "Plan Rows": 1, "Plan Width": 4, "Filter": "((info)::text = 'bottom 10 rank'::text)", "Plans": [{"Node Type": "Bitmap Index Scan", "Parent Relationship": "Outer", "Index Name": "info_type_pkey", "Startup Cost": 0.0, "Total Cost": 8.81, "Plan Rows": 112, "Plan Width": 0}]}, {"Node Type": "Bitmap Heap Scan", "Parent Relationship": "Inner", "Relation Name": "movie_info_idx", "Alias": "mi_idx", "Startup Cost": 7502.06, "Total Cost": 18288.66, "Plan Rows": 345008, "Plan Width": 8, "Recheck Cond": "(info_type_id = it.id), (LLVM Optimized)", "Plans": [{"Node Type": "Bitmap Index Scan", "Parent Relationship": "Outer", "Index Name": "info_type_id_movie_info_idx", "Startup Cost": 0.0, "Total Cost": 7415.81, "Plan Rows": 345008, "Plan Width": 0, "Index Cond": "(info_type_id = it.id)"}]}]}, {"Node Type": "Hash", "Parent Relationship": "Inner", "Startup Cost": 116389.16, "Total Cost": 116389.16, "Plan Rows": 1381886, "Plan Width": 25, "Plans": [{"Node Type": "Bitmap Heap Scan", "Parent Relationship": "Outer", "Relation Name": "title", "Alias": "t", "Startup Cost": 49999.28, "Total Cost": 116389.16, "Plan Rows": 1381886, "Plan Width": 25, "Filter": "(production_year > 2000), (LLVM Optimized)", "Plans": [{"Node Type": "Bitmap Index Scan", "Parent Relationship": "Outer", "Index Name": "title_pkey", "Startup Cost": 0.0, "Total Cost": 49653.81, "Plan Rows": 2528311, "Plan Width": 0}]}]}]}]}]}]}, "Unique SQL Id": 2492542741, "Planner Runtime": 9}, "explain_analyze_plan": {"Plan": {"Node Type": "Aggregate", "Strategy": "Plain", "Startup Cost": 259667.26, "Total Cost": 259667.27, "Plan Rows": 1, "Plan Width": 113, "Actual Startup Time": 2842.228, "Actual Total Time": 2842.228, "Actual Rows": 1, "Actual Loops": 1, "Plans": [{"Node Type": "Hash Join", "Parent Relationship": "Outer", "Join Type": "Inner", "Startup Cost": 196064.72, "Total Cost": 254788.06, "Plan Rows": 650559, "Plan Width": 45, "Actual Startup Time": 2595.719, "Actual Total Time": 2842.183, "Actual Rows": 4, "Actual Loops": 1, "Inner Unique": false, "Hash Cond": "(mc.movie_id = t.id), (LLVM Optimized, Jit Execute)", "Plans": [{"Node Type": "Nested Loop", "Parent Relationship": "Outer", "Join Type": "Inner", "Startup Cost": 29278.87, "Total Cost": 77622.54, "Plan Rows": 1304518, "Plan Width": 28, "Actual Startup Time": 145.789, "Actual Total Time": 612.976, "Actual Rows": 140904, "Actual Loops": 1, "Inner Unique": false, "Plans": [{"Node Type": "Bitmap Heap Scan", "Parent Relationship": "Outer", "Relation Name": "company_type", "Alias": "ct", "Startup Cost": 8.27, "Total Cost": 12.3, "Plan Rows": 1, "Plan Width": 4, "Actual Startup Time": 0.034, "Actual Total Time": 0.041, "Actual Rows": 1, "Actual Loops": 1, "Filter": "((kind)::text = 'production companies'::text)", "Rows Removed by Filter": 2, "Exact Heap Blocks": 1, "Lossy Heap Blocks": 1, "Plans": [{"Node Type": "Bitmap Index Scan", "Parent Relationship": "Outer", "Index Name": "company_type_pkey", "Startup Cost": 0.0, "Total Cost": 8.27, "Plan Rows": 3, "Plan Width": 0, "Actual Startup Time": 0.015, "Actual Total Time": 0.015, "Actual Rows": 3, "Actual Loops": 1}]}, {"Node Type": "Bitmap Heap Scan", "Parent Relationship": "Inner", "Relation Name": "movie_companies", "Alias": "mc", "Startup Cost": 29270.61, "Total Cost": 64565.07, "Plan Rows": 1304517, "Plan Width": 32, "Actual Startup Time": 145.748, "Actual Total Time": 585.465, "Actual Rows": 140904, "Actual Loops": 1, "Recheck Cond": "(company_type_id = ct.id), (LLVM Optimized, Jit Execute)", "Rows Removed by Index Recheck": 0, "Filter": "((note)::text !~~ '%(as Metro-Goldwyn-Mayer Pictures)%'::text), (LLVM Optimized, Jit Execute)", "Rows Removed by Filter": 1193979, "Exact Heap Blocks": 6196, "Lossy Heap Blocks": 6196, "Plans": [{"Node Type": "Bitmap Index Scan", "Parent Relationship": "Outer", "Index Name": "company_type_id_movie_companies", "Startup Cost": 0.0, "Total Cost": 28944.48, "Plan Rows": 1304564, "Plan Width": 0, "Actual Startup Time": 144.542, "Actual Total Time": 144.542, "Actual Rows": 1334883, "Actual Loops": 1, "Index Cond": "(company_type_id = ct.id)"}]}]}, {"Node Type": "Hash", "Parent Relationship": "Inner", "Startup Cost": 161187.86, "Total Cost": 161187.86, "Plan Rows": 447839, "Plan Width": 29, "Actual Startup Time": 2199.499, "Actual Total Time": 2199.499, "Actual Rows": 6, "Actual Loops": 1, "Hash Buckets": 524288, "Hash Batches": 1, "Original Hash Batches": 1, "Peak Memory Usage": 1, "Plans": [{"Node Type": "Hash Join", "Parent Relationship": "Outer", "Join Type": "Inner", "Startup Cost": 141173.61, "Total Cost": 161187.86, "Plan Rows": 447839, "Plan Width": 29, "Actual Startup Time": 2199.477, "Actual Total Time": 2199.492, "Actual Rows": 6, "Actual Loops": 1, "Inner Unique": true, "Hash Cond": "(mi_idx.movie_id = t.id), (LLVM Optimized, Jit Execute)", "Plans": [{"Node Type": "Nested Loop", "Parent Relationship": "Outer", "Join Type": "Inner", "Startup Cost": 7510.87, "Total Cost": 21752.95, "Plan Rows": 345008, "Plan Width": 4, "Actual Startup Time": 0.139, "Actual Total Time": 0.153, "Actual Rows": 10, "Actual Loops": 1, "Inner Unique": false, "Plans": [{"Node Type": "Bitmap Heap Scan", "Parent Relationship": "Outer", "Relation Name": "info_type", "Alias": "it", "Startup Cost": 8.81, "Total Cost": 14.21, "Plan Rows": 1, "Plan Width": 4, "Actual Startup Time": 0.094, "Actual Total Time": 0.096, "Actual Rows": 1, "Actual Loops": 1, "Filter": "((info)::text = 'bottom 10 rank'::text)", "Rows Removed by Filter": 111, "Exact Heap Blocks": 1, "Lossy Heap Blocks": 1, "Plans": [{"Node Type": "Bitmap Index Scan", "Parent Relationship": "Outer", "Index Name": "info_type_pkey", "Startup Cost": 0.0, "Total Cost": 8.81, "Plan Rows": 112, "Plan Width": 0, "Actual Startup Time": 0.018, "Actual Total Time": 0.018, "Actual Rows": 112, "Actual Loops": 1}]}, {"Node Type": "Bitmap Heap Scan", "Parent Relationship": "Inner", "Relation Name": "movie_info_idx", "Alias": "mi_idx", "Startup Cost": 7502.06, "Total Cost": 18288.66, "Plan Rows": 345008, "Plan Width": 8, "Actual Startup Time": 0.033, "Actual Total Time": 0.039, "Actual Rows": 10, "Actual Loops": 1, "Recheck Cond": "(info_type_id = it.id), (LLVM Optimized, Jit Execute)", "Rows Removed by Index Recheck": 0, "Exact Heap Blocks": 1, "Lossy Heap Blocks": 1, "Plans": [{"Node Type": "Bitmap Index Scan", "Parent Relationship": "Outer", "Index Name": "info_type_id_movie_info_idx", "Startup Cost": 0.0, "Total Cost": 7415.81, "Plan Rows": 345008, "Plan Width": 0, "Actual Startup Time": 0.013, "Actual Total Time": 0.013, "Actual Rows": 10, "Actual Loops": 1, "Index Cond": "(info_type_id = it.id)"}]}]}, {"Node Type": "Hash", "Parent Relationship": "Inner", "Startup Cost": 116389.16, "Total Cost": 116389.16, "Plan Rows": 1381886, "Plan Width": 25, "Actual Startup Time": 2197.3, "Actual Total Time": 2197.3, "Actual Rows": 1381453, "Actual Loops": 1, "Hash Buckets": 2097152, "Hash Batches": 1, "Original Hash Batches": 1, "Peak Memory Usage": 79393, "Plans": [{"Node Type": "Bitmap Heap Scan", "Parent Relationship": "Outer", "Relation Name": "title", "Alias": "t", "Startup Cost": 49999.28, "Total Cost": 116389.16, "Plan Rows": 1381886, "Plan Width": 25, "Actual Startup Time": 312.761, "Actual Total Time": 1576.915, "Actual Rows": 1381453, "Actual Loops": 1, "Filter": "(production_year > 2000), (LLVM Optimized, Jit Execute)", "Rows Removed by Filter": 1146858, "Exact Heap Blocks": 34786, "Lossy Heap Blocks": 34786, "Plans": [{"Node Type": "Bitmap Index Scan", "Parent Relationship": "Outer", "Index Name": "title_pkey", "Startup Cost": 0.0, "Total Cost": 49653.81, "Plan Rows": 2528311, "Plan Width": 0, "Actual Startup Time": 304.689, "Actual Total Time": 304.689, "Actual Rows": 2528311, "Actual Loops": 1}]}]}]}]}]}]}, "Triggers": [], "Planner Runtime": 5, "Total Runtime": 2853.319, "Unique SQL Id": 2492542741}}, "(64, 72)": {"explain_plan": {"Plan": {"Node Type": "Aggregate", "Strategy": "Plain", "Startup Cost": 230727.96, "Total Cost": 230727.97, "Plan Rows": 1, "Plan Width": 113, "Plans": [{"Node Type": "Hash Join", "Parent Relationship": "Outer", "Join Type": "Inner", "Startup Cost": 148375.81, "Total Cost": 225848.77, "Plan Rows": 650559, "Plan Width": 45, "Inner Unique": true, "Hash Cond": "(mc.company_type_id = ct.id), (LLVM Optimized)", "Plans": [{"Node Type": "Hash Join", "Parent Relationship": "Outer", "Join Type": "Inner", "Startup Cost": 148374.76, "Total Cost": 217260.4, "Plan Rows": 1055184, "Plan Width": 49, "Inner Unique": false, "Hash Cond": "(mc.movie_id = t.id), (LLVM Optimized)", "Plans": [{"Node Type": "Seq Scan", "Parent Relationship": "Outer", "Relation Name": "movie_companies", "Alias": "mc", "Startup Cost": 0.0, "Total Cost": 48340.1, "Plan Rows": 2609035, "Plan Width": 32, "Filter": "((note)::text !~~ '%(as Metro-Goldwyn-Mayer Pictures)%'::text), (LLVM Optimized)"}, {"Node Type": "Hash", "Parent Relationship": "Inner", "Startup Cost": 142776.78, "Total Cost": 142776.78, "Plan Rows": 447839, "Plan Width": 29, "Plans": [{"Node Type": "Hash Join", "Parent Relationship": "Outer", "Join Type": "Inner", "Startup Cost": 109821.48, "Total Cost": 142776.78, "Plan Rows": 447839, "Plan Width": 29, "Inner Unique": true, "Hash Cond": "(mi_idx.movie_id = t.id), (LLVM Optimized)", "Plans": [{"Node Type": "Hash Join", "Parent Relationship": "Outer", "Join Type": "Inner", "Startup Cost": 2.41, "Total Cost": 27185.54, "Plan Rows": 345008, "Plan Width": 4, "Inner Unique": true, "Hash Cond": "(mi_idx.info_type_id = it.id), (LLVM Optimized)", "Plans": [{"Node Type": "Seq Scan", "Parent Relationship": "Outer", "Relation Name": "movie_info_idx", "Alias": "mi_idx", "Startup Cost": 0.0, "Total Cost": 20274.34, "Plan Rows": 1380034, "Plan Width": 8}, {"Node Type": "Hash", "Parent Relationship": "Inner", "Startup Cost": 2.4, "Total Cost": 2.4, "Plan Rows": 1, "Plan Width": 4, "Plans": [{"Node Type": "Seq Scan", "Parent Relationship": "Outer", "Relation Name": "info_type", "Alias": "it", "Startup Cost": 0.0, "Total Cost": 2.4, "Plan Rows": 1, "Plan Width": 4, "Filter": "((info)::text = 'bottom 10 rank'::text)"}]}]}, {"Node Type": "Hash", "Parent Relationship": "Inner", "Startup Cost": 92545.49, "Total Cost": 92545.49, "Plan Rows": 1381886, "Plan Width": 25, "Plans": [{"Node Type": "Streaming(type: LOCAL GATHER dop: 1/64)", "Parent Relationship": "Outer", "Startup Cost": 0.0, "Total Cost": 92545.49, "Plan Rows": 1381886, "Plan Width": 25, "Plans": [{"Node Type": "Seq Scan", "Parent Relationship": "Outer", "Relation Name": "title", "Alias": "t", "Startup Cost": 0.0, "Total Cost": 64037.34, "Plan Rows": 1381886, "Plan Width": 25, "Filter": "(production_year > 2000), (LLVM Optimized)"}]}]}]}]}]}, {"Node Type": "Hash", "Parent Relationship": "Inner", "Startup Cost": 1.04, "Total Cost": 1.04, "Plan Rows": 1, "Plan Width": 4, "Plans": [{"Node Type": "Seq Scan", "Parent Relationship": "Outer", "Relation Name": "company_type", "Alias": "ct", "Startup Cost": 0.0, "Total Cost": 1.04, "Plan Rows": 1, "Plan Width": 4, "Filter": "((kind)::text = 'production companies'::text)"}]}]}]}, "Unique SQL Id": 2492542741, "Planner Runtime": 14}, "explain_analyze_plan": {"Plan": {"Node Type": "Aggregate", "Strategy": "Plain", "Startup Cost": 230727.96, "Total Cost": 230727.97, "Plan Rows": 1, "Plan Width": 113, "Actual Min Startup Time": 3001.109, "Actual Max Startup Time": 3001.109, "Actual Min Total Time": 3001.11, "Actual Max Total Time": 3001.11, "Plans": [{"Node Type": "Hash Join", "Parent Relationship": "Outer", "Join Type": "Inner", "Startup Cost": 148375.81, "Total Cost": 225848.77, "Plan Rows": 650559, "Plan Width": 45, "Actual Min Startup Time": 2826.935, "Actual Max Startup Time": 2826.935, "Actual Min Total Time": 3001.05, "Actual Max Total Time": 3001.05, "Inner Unique": true, "Hash Cond": "(mc.company_type_id = ct.id), (LLVM Optimized, Jit Execute)", "Plans": [{"Node Type": "Hash Join", "Parent Relationship": "Outer", "Join Type": "Inner", "Startup Cost": 148374.76, "Total Cost": 217260.4, "Plan Rows": 1055184, "Plan Width": 49, "Actual Min Startup Time": 2128.871, "Actual Max Startup Time": 2128.871, "Actual Min Total Time": 3000.762, "Actual Max Total Time": 3000.762, "Inner Unique": false, "Hash Cond": "(mc.movie_id = t.id), (LLVM Optimized, Jit Execute)", "Plans": [{"Node Type": "Seq Scan", "Parent Relationship": "Outer", "Relation Name": "movie_companies", "Alias": "mc", "Startup Cost": 0.0, "Total Cost": 48340.1, "Plan Rows": 2609035, "Plan Width": 32, "Actual Min Startup Time": 0.059, "Actual Max Startup Time": 0.059, "Actual Min Total Time": 914.102, "Actual Max Total Time": 914.102, "Filter": "((note)::text !~~ '%(as Metro-Goldwyn-Mayer Pictures)%'::text), (LLVM Optimized, Jit Execute)", "Rows Removed by Filter": 1272041, "Actual Rows": 1337087}, {"Node Type": "Hash", "Parent Relationship": "Inner", "Startup Cost": 142776.78, "Total Cost": 142776.78, "Plan Rows": 447839, "Plan Width": 29, "Actual Min Startup Time": 1821.283, "Actual Max Startup Time": 1821.283, "Actual Min Total Time": 1821.283, "Actual Max Total Time": 1821.283, "Max Hash Buckets": 524288, "Min Hash Buckets": 524288, "Max Hash Batches": 1, "Min Hash Batches": 1, "Max Original Hash Batches": 1, "Min Original Hash Batches": 1, "Max Peak Memory Usage": 1, "min Peak Memory Usage": 1, "Plans": [{"Node Type": "Hash Join", "Parent Relationship": "Outer", "Join Type": "Inner", "Startup Cost": 109821.48, "Total Cost": 142776.78, "Plan Rows": 447839, "Plan Width": 29, "Actual Min Startup Time": 1821.202, "Actual Max Startup Time": 1821.202, "Actual Min Total Time": 1821.253, "Actual Max Total Time": 1821.253, "Inner Unique": true, "Hash Cond": "(mi_idx.movie_id = t.id), (LLVM Optimized, Jit Execute)", "Plans": [{"Node Type": "Hash Join", "Parent Relationship": "Outer", "Join Type": "Inner", "Startup Cost": 2.41, "Total Cost": 27185.54, "Plan Rows": 345008, "Plan Width": 4, "Actual Min Startup Time": 530.91, "Actual Max Startup Time": 530.91, "Actual Min Total Time": 530.917, "Actual Max Total Time": 530.917, "Inner Unique": true, "Hash Cond": "(mi_idx.info_type_id = it.id), (LLVM Optimized, Jit Execute)", "Plans": [{"Node Type": "Seq Scan", "Parent Relationship": "Outer", "Relation Name": "movie_info_idx", "Alias": "mi_idx", "Startup Cost": 0.0, "Total Cost": 20274.34, "Plan Rows": 1380034, "Plan Width": 8, "Actual Min Startup Time": 0.047, "Actual Max Startup Time": 0.047, "Actual Min Total Time": 299.951, "Actual Max Total Time": 299.951, "Actual Rows": 1380034}, {"Node Type": "Hash", "Parent Relationship": "Inner", "Startup Cost": 2.4, "Total Cost": 2.4, "Plan Rows": 1, "Plan Width": 4, "Actual Min Startup Time": 0.09, "Actual Max Startup Time": 0.09, "Actual Min Total Time": 0.09, "Actual Max Total Time": 0.09, "Max Hash Buckets": 32768, "Min Hash Buckets": 32768, "Max Hash Batches": 1, "Min Hash Batches": 1, "Max Original Hash Batches": 1, "Min Original Hash Batches": 1, "Max Peak Memory Usage": 1, "min Peak Memory Usage": 1, "Plans": [{"Node Type": "Seq Scan", "Parent Relationship": "Outer", "Relation Name": "info_type", "Alias": "it", "Startup Cost": 0.0, "Total Cost": 2.4, "Plan Rows": 1, "Plan Width": 4, "Actual Min Startup Time": 0.075, "Actual Max Startup Time": 0.075, "Actual Min Total Time": 0.077, "Actual Max Total Time": 0.077, "Filter": "((info)::text = 'bottom 10 rank'::text)", "Rows Removed by Filter": 111, "Actual Rows": 1}], "Actual Rows": 1}], "Actual Rows": 10}, {"Node Type": "Hash", "Parent Relationship": "Inner", "Startup Cost": 92545.49, "Total Cost": 92545.49, "Plan Rows": 1381886, "Plan Width": 25, "Actual Min Startup Time": 1287.765, "Actual Max Startup Time": 1287.765, "Actual Min Total Time": 1287.765, "Actual Max Total Time": 1287.765, "Max Hash Buckets": 2097152, "Min Hash Buckets": 2097152, "Max Hash Batches": 1, "Min Hash Batches": 1, "Max Original Hash Batches": 1, "Min Original Hash Batches": 1, "Max Peak Memory Usage": 79393, "min Peak Memory Usage": 79393, "Plans": [{"Node Type": "Streaming(type: LOCAL GATHER dop: 1/64)", "Parent Relationship": "Outer", "Startup Cost": 0.0, "Total Cost": 92545.49, "Plan Rows": 1381886, "Plan Width": 25, "Actual Min Startup Time": 38.785, "Actual Max Startup Time": 38.785, "Actual Min Total Time": 711.052, "Actual Max Total Time": 711.052, "Plans": [{"Node Type": "Seq Scan", "Parent Relationship": "Outer", "Relation Name": "title", "Alias": "t", "Startup Cost": 0.0, "Total Cost": 64037.34, "Plan Rows": 1381886, "Plan Width": 25, "Actual Min Startup Time": 0.026, "Actual Max Startup Time": 0.057, "Actual Min Total Time": 14.87, "Actual Max Total Time": 19.066, "Filter": "(production_year > 2000), (LLVM Optimized, Jit Execute)", "Rows Removed by Filter": 1146858, "Actual Rows": 1381453}], "Actual Rows": 1381453}], "Actual Rows": 1381453}], "Actual Rows": 6}], "Actual Rows": 6}], "Actual Rows": 78}, {"Node Type": "Hash", "Parent Relationship": "Inner", "Startup Cost": 1.04, "Total Cost": 1.04, "Plan Rows": 1, "Plan Width": 4, "Actual Min Startup Time": 0.063, "Actual Max Startup Time": 0.063, "Actual Min Total Time": 0.063, "Actual Max Total Time": 0.063, "Max Hash Buckets": 32768, "Min Hash Buckets": 32768, "Max Hash Batches": 1, "Min Hash Batches": 1, "Max Original Hash Batches": 1, "Min Original Hash Batches": 1, "Max Peak Memory Usage": 1, "min Peak Memory Usage": 1, "Plans": [{"Node Type": "Seq Scan", "Parent Relationship": "Outer", "Relation Name": "company_type", "Alias": "ct", "Startup Cost": 0.0, "Total Cost": 1.04, "Plan Rows": 1, "Plan Width": 4, "Actual Min Startup Time": 0.042, "Actual Max Startup Time": 0.042, "Actual Min Total Time": 0.045, "Actual Max Total Time": 0.045, "Filter": "((kind)::text = 'production companies'::text)", "Rows Removed by Filter": 2, "Actual Rows": 1}], "Actual Rows": 1}], "Actual Rows": 4}], "Actual Rows": 1}, "Triggers": [], "Planner Runtime": 6, "Total Runtime": 3023.94, "Unique SQL Id": 2492542741}}, "(64, 73)": {"explain_plan": {"Plan": {"Node Type": "Aggregate", "Strategy": "Plain", "Startup Cost": 268118.48, "Total Cost": 268118.49, "Plan Rows": 1, "Plan Width": 113, "Plans": [{"Node Type": "Hash Join", "Parent Relationship": "Outer", "Join Type": "Inner", "Startup Cost": 183423.2, "Total Cost": 263239.28, "Plan Rows": 650559, "Plan Width": 45, "Inner Unique": false, "Hash Cond": "(mc.movie_id = t.id), (LLVM Optimized)", "Plans": [{"Node Type": "Nested Loop", "Parent Relationship": "Outer", "Join Type": "Inner", "Startup Cost": 0.0, "Total Cost": 69436.41, "Plan Rows": 1304518, "Plan Width": 28, "Inner Unique": false, "Plans": [{"Node Type": "Index Scan", "Parent Relationship": "Outer", "Scan Direction": "Forward", "Index Name": "company_type_pkey", "Relation Name": "company_type", "Alias": "ct", "Startup Cost": 0.0, "Total Cost": 12.3, "Plan Rows": 1, "Plan Width": 4, "Filter": "((kind)::text = 'production companies'::text)"}, {"Node Type": "Index Scan", "Parent Relationship": "Inner", "Scan Direction": "Forward", "Index Name": "company_type_id_movie_companies", "Relation Name": "movie_companies", "Alias": "mc", "Startup Cost": 0.0, "Total Cost": 56378.94, "Plan Rows": 1304517, "Plan Width": 32, "Index Cond": "(company_type_id = ct.id), (LLVM Optimized)", "Filter": "((note)::text !~~ '%(as Metro-Goldwyn-Mayer Pictures)%'::text), (LLVM Optimized)"}]}, {"Node Type": "Hash", "Parent Relationship": "Inner", "Startup Cost": 177825.21, "Total Cost": 177825.21, "Plan Rows": 447839, "Plan Width": 29, "Plans": [{"Node Type": "Hash Join", "Parent Relationship": "Outer", "Join Type": "Inner", "Startup Cost": 133714.84, "Total Cost": 177825.21, "Plan Rows": 447839, "Plan Width": 29, "Inner Unique": true, "Hash Cond": "(mi_idx.movie_id = t.id), (LLVM Optimized)", "Plans": [{"Node Type": "Nested Loop", "Parent Relationship": "Outer", "Join Type": "Inner", "Startup Cost": 0.0, "Total Cost": 38338.2, "Plan Rows": 345008, "Plan Width": 4, "Inner Unique": false, "Plans": [{"Node Type": "Index Scan", "Parent Relationship": "Outer", "Scan Direction": "Forward", "Index Name": "info_type_pkey", "Relation Name": "info_type", "Alias": "it", "Startup Cost": 0.0, "Total Cost": 14.21, "Plan Rows": 1, "Plan Width": 4, "Filter": "((info)::text = 'bottom 10 rank'::text)"}, {"Node Type": "Index Scan", "Parent Relationship": "Inner", "Scan Direction": "Forward", "Index Name": "info_type_id_movie_info_idx", "Relation Name": "movie_info_idx", "Alias": "mi_idx", "Startup Cost": 0.0, "Total Cost": 34873.91, "Plan Rows": 345008, "Plan Width": 8, "Index Cond": "(info_type_id = it.id), (LLVM Optimized)"}]}, {"Node Type": "Hash", "Parent Relationship": "Inner", "Startup Cost": 116441.27, "Total Cost": 116441.27, "Plan Rows": 1381886, "Plan Width": 25, "Plans": [{"Node Type": "Index Scan", "Parent Relationship": "Outer", "Scan Direction": "Forward", "Index Name": "title_pkey", "Relation Name": "title", "Alias": "t", "Startup Cost": 0.0, "Total Cost": 116441.27, "Plan Rows": 1381886, "Plan Width": 25, "Filter": "(production_year > 2000), (LLVM Optimized)"}]}]}]}]}]}, "Unique SQL Id": 2492542741, "Planner Runtime": 11}, "explain_analyze_plan": null}, "(64, 74)": {"explain_plan": {"Plan": {"Node Type": "Aggregate", "Strategy": "Plain", "Startup Cost": 230727.96, "Total Cost": 230727.97, "Plan Rows": 1, "Plan Width": 113, "Plans": [{"Node Type": "Hash Join", "Parent Relationship": "Outer", "Join Type": "Inner", "Startup Cost": 148375.81, "Total Cost": 225848.77, "Plan Rows": 650559, "Plan Width": 45, "Inner Unique": true, "Hash Cond": "(mc.company_type_id = ct.id), (LLVM Optimized)", "Plans": [{"Node Type": "Hash Join", "Parent Relationship": "Outer", "Join Type": "Inner", "Startup Cost": 148374.76, "Total Cost": 217260.4, "Plan Rows": 1055184, "Plan Width": 49, "Inner Unique": false, "Hash Cond": "(mc.movie_id = t.id), (LLVM Optimized)", "Plans": [{"Node Type": "Seq Scan", "Parent Relationship": "Outer", "Relation Name": "movie_companies", "Alias": "mc", "Startup Cost": 0.0, "Total Cost": 48340.1, "Plan Rows": 2609035, "Plan Width": 32, "Filter": "((note)::text !~~ '%(as Metro-Goldwyn-Mayer Pictures)%'::text), (LLVM Optimized)"}, {"Node Type": "Hash", "Parent Relationship": "Inner", "Startup Cost": 142776.78, "Total Cost": 142776.78, "Plan Rows": 447839, "Plan Width": 29, "Plans": [{"Node Type": "Hash Join", "Parent Relationship": "Outer", "Join Type": "Inner", "Startup Cost": 109821.48, "Total Cost": 142776.78, "Plan Rows": 447839, "Plan Width": 29, "Inner Unique": true, "Hash Cond": "(mi_idx.movie_id = t.id), (LLVM Optimized)", "Plans": [{"Node Type": "Hash Join", "Parent Relationship": "Outer", "Join Type": "Inner", "Startup Cost": 2.41, "Total Cost": 27185.54, "Plan Rows": 345008, "Plan Width": 4, "Inner Unique": true, "Hash Cond": "(mi_idx.info_type_id = it.id), (LLVM Optimized)", "Plans": [{"Node Type": "Seq Scan", "Parent Relationship": "Outer", "Relation Name": "movie_info_idx", "Alias": "mi_idx", "Startup Cost": 0.0, "Total Cost": 20274.34, "Plan Rows": 1380034, "Plan Width": 8}, {"Node Type": "Hash", "Parent Relationship": "Inner", "Startup Cost": 2.4, "Total Cost": 2.4, "Plan Rows": 1, "Plan Width": 4, "Plans": [{"Node Type": "Seq Scan", "Parent Relationship": "Outer", "Relation Name": "info_type", "Alias": "it", "Startup Cost": 0.0, "Total Cost": 2.4, "Plan Rows": 1, "Plan Width": 4, "Filter": "((info)::text = 'bottom 10 rank'::text)"}]}]}, {"Node Type": "Hash", "Parent Relationship": "Inner", "Startup Cost": 92545.49, "Total Cost": 92545.49, "Plan Rows": 1381886, "Plan Width": 25, "Plans": [{"Node Type": "Streaming(type: LOCAL GATHER dop: 1/64)", "Parent Relationship": "Outer", "Startup Cost": 0.0, "Total Cost": 92545.49, "Plan Rows": 1381886, "Plan Width": 25, "Plans": [{"Node Type": "Seq Scan", "Parent Relationship": "Outer", "Relation Name": "title", "Alias": "t", "Startup Cost": 0.0, "Total Cost": 64037.34, "Plan Rows": 1381886, "Plan Width": 25, "Filter": "(production_year > 2000), (LLVM Optimized)"}]}]}]}]}]}, {"Node Type": "Hash", "Parent Relationship": "Inner", "Startup Cost": 1.04, "Total Cost": 1.04, "Plan Rows": 1, "Plan Width": 4, "Plans": [{"Node Type": "Seq Scan", "Parent Relationship": "Outer", "Relation Name": "company_type", "Alias": "ct", "Startup Cost": 0.0, "Total Cost": 1.04, "Plan Rows": 1, "Plan Width": 4, "Filter": "((kind)::text = 'production companies'::text)"}]}]}]}, "Unique SQL Id": 2492542741, "Planner Runtime": 10}, "explain_analyze_plan": {"Plan": {"Node Type": "Aggregate", "Strategy": "Plain", "Startup Cost": 230727.96, "Total Cost": 230727.97, "Plan Rows": 1, "Plan Width": 113, "Actual Min Startup Time": 3001.109, "Actual Max Startup Time": 3001.109, "Actual Min Total Time": 3001.11, "Actual Max Total Time": 3001.11, "Plans": [{"Node Type": "Hash Join", "Parent Relationship": "Outer", "Join Type": "Inner", "Startup Cost": 148375.81, "Total Cost": 225848.77, "Plan Rows": 650559, "Plan Width": 45, "Actual Min Startup Time": 2826.935, "Actual Max Startup Time": 2826.935, "Actual Min Total Time": 3001.05, "Actual Max Total Time": 3001.05, "Inner Unique": true, "Hash Cond": "(mc.company_type_id = ct.id), (LLVM Optimized, Jit Execute)", "Plans": [{"Node Type": "Hash Join", "Parent Relationship": "Outer", "Join Type": "Inner", "Startup Cost": 148374.76, "Total Cost": 217260.4, "Plan Rows": 1055184, "Plan Width": 49, "Actual Min Startup Time": 2128.871, "Actual Max Startup Time": 2128.871, "Actual Min Total Time": 3000.762, "Actual Max Total Time": 3000.762, "Inner Unique": false, "Hash Cond": "(mc.movie_id = t.id), (LLVM Optimized, Jit Execute)", "Plans": [{"Node Type": "Seq Scan", "Parent Relationship": "Outer", "Relation Name": "movie_companies", "Alias": "mc", "Startup Cost": 0.0, "Total Cost": 48340.1, "Plan Rows": 2609035, "Plan Width": 32, "Actual Min Startup Time": 0.059, "Actual Max Startup Time": 0.059, "Actual Min Total Time": 914.102, "Actual Max Total Time": 914.102, "Filter": "((note)::text !~~ '%(as Metro-Goldwyn-Mayer Pictures)%'::text), (LLVM Optimized, Jit Execute)", "Rows Removed by Filter": 1272041, "Actual Rows": 1337087}, {"Node Type": "Hash", "Parent Relationship": "Inner", "Startup Cost": 142776.78, "Total Cost": 142776.78, "Plan Rows": 447839, "Plan Width": 29, "Actual Min Startup Time": 1821.283, "Actual Max Startup Time": 1821.283, "Actual Min Total Time": 1821.283, "Actual Max Total Time": 1821.283, "Max Hash Buckets": 524288, "Min Hash Buckets": 524288, "Max Hash Batches": 1, "Min Hash Batches": 1, "Max Original Hash Batches": 1, "Min Original Hash Batches": 1, "Max Peak Memory Usage": 1, "min Peak Memory Usage": 1, "Plans": [{"Node Type": "Hash Join", "Parent Relationship": "Outer", "Join Type": "Inner", "Startup Cost": 109821.48, "Total Cost": 142776.78, "Plan Rows": 447839, "Plan Width": 29, "Actual Min Startup Time": 1821.202, "Actual Max Startup Time": 1821.202, "Actual Min Total Time": 1821.253, "Actual Max Total Time": 1821.253, "Inner Unique": true, "Hash Cond": "(mi_idx.movie_id = t.id), (LLVM Optimized, Jit Execute)", "Plans": [{"Node Type": "Hash Join", "Parent Relationship": "Outer", "Join Type": "Inner", "Startup Cost": 2.41, "Total Cost": 27185.54, "Plan Rows": 345008, "Plan Width": 4, "Actual Min Startup Time": 530.91, "Actual Max Startup Time": 530.91, "Actual Min Total Time": 530.917, "Actual Max Total Time": 530.917, "Inner Unique": true, "Hash Cond": "(mi_idx.info_type_id = it.id), (LLVM Optimized, Jit Execute)", "Plans": [{"Node Type": "Seq Scan", "Parent Relationship": "Outer", "Relation Name": "movie_info_idx", "Alias": "mi_idx", "Startup Cost": 0.0, "Total Cost": 20274.34, "Plan Rows": 1380034, "Plan Width": 8, "Actual Min Startup Time": 0.047, "Actual Max Startup Time": 0.047, "Actual Min Total Time": 299.951, "Actual Max Total Time": 299.951, "Actual Rows": 1380034}, {"Node Type": "Hash", "Parent Relationship": "Inner", "Startup Cost": 2.4, "Total Cost": 2.4, "Plan Rows": 1, "Plan Width": 4, "Actual Min Startup Time": 0.09, "Actual Max Startup Time": 0.09, "Actual Min Total Time": 0.09, "Actual Max Total Time": 0.09, "Max Hash Buckets": 32768, "Min Hash Buckets": 32768, "Max Hash Batches": 1, "Min Hash Batches": 1, "Max Original Hash Batches": 1, "Min Original Hash Batches": 1, "Max Peak Memory Usage": 1, "min Peak Memory Usage": 1, "Plans": [{"Node Type": "Seq Scan", "Parent Relationship": "Outer", "Relation Name": "info_type", "Alias": "it", "Startup Cost": 0.0, "Total Cost": 2.4, "Plan Rows": 1, "Plan Width": 4, "Actual Min Startup Time": 0.075, "Actual Max Startup Time": 0.075, "Actual Min Total Time": 0.077, "Actual Max Total Time": 0.077, "Filter": "((info)::text = 'bottom 10 rank'::text)", "Rows Removed by Filter": 111, "Actual Rows": 1}], "Actual Rows": 1}], "Actual Rows": 10}, {"Node Type": "Hash", "Parent Relationship": "Inner", "Startup Cost": 92545.49, "Total Cost": 92545.49, "Plan Rows": 1381886, "Plan Width": 25, "Actual Min Startup Time": 1287.765, "Actual Max Startup Time": 1287.765, "Actual Min Total Time": 1287.765, "Actual Max Total Time": 1287.765, "Max Hash Buckets": 2097152, "Min Hash Buckets": 2097152, "Max Hash Batches": 1, "Min Hash Batches": 1, "Max Original Hash Batches": 1, "Min Original Hash Batches": 1, "Max Peak Memory Usage": 79393, "min Peak Memory Usage": 79393, "Plans": [{"Node Type": "Streaming(type: LOCAL GATHER dop: 1/64)", "Parent Relationship": "Outer", "Startup Cost": 0.0, "Total Cost": 92545.49, "Plan Rows": 1381886, "Plan Width": 25, "Actual Min Startup Time": 38.785, "Actual Max Startup Time": 38.785, "Actual Min Total Time": 711.052, "Actual Max Total Time": 711.052, "Plans": [{"Node Type": "Seq Scan", "Parent Relationship": "Outer", "Relation Name": "title", "Alias": "t", "Startup Cost": 0.0, "Total Cost": 64037.34, "Plan Rows": 1381886, "Plan Width": 25, "Actual Min Startup Time": 0.026, "Actual Max Startup Time": 0.057, "Actual Min Total Time": 14.87, "Actual Max Total Time": 19.066, "Filter": "(production_year > 2000), (LLVM Optimized, Jit Execute)", "Rows Removed by Filter": 1146858, "Actual Rows": 1381453}], "Actual Rows": 1381453}], "Actual Rows": 1381453}], "Actual Rows": 6}], "Actual Rows": 6}], "Actual Rows": 78}, {"Node Type": "Hash", "Parent Relationship": "Inner", "Startup Cost": 1.04, "Total Cost": 1.04, "Plan Rows": 1, "Plan Width": 4, "Actual Min Startup Time": 0.063, "Actual Max Startup Time": 0.063, "Actual Min Total Time": 0.063, "Actual Max Total Time": 0.063, "Max Hash Buckets": 32768, "Min Hash Buckets": 32768, "Max Hash Batches": 1, "Min Hash Batches": 1, "Max Original Hash Batches": 1, "Min Original Hash Batches": 1, "Max Peak Memory Usage": 1, "min Peak Memory Usage": 1, "Plans": [{"Node Type": "Seq Scan", "Parent Relationship": "Outer", "Relation Name": "company_type", "Alias": "ct", "Startup Cost": 0.0, "Total Cost": 1.04, "Plan Rows": 1, "Plan Width": 4, "Actual Min Startup Time": 0.042, "Actual Max Startup Time": 0.042, "Actual Min Total Time": 0.045, "Actual Max Total Time": 0.045, "Filter": "((kind)::text = 'production companies'::text)", "Rows Removed by Filter": 2, "Actual Rows": 1}], "Actual Rows": 1}], "Actual Rows": 4}], "Actual Rows": 1}, "Triggers": [], "Planner Runtime": 6, "Total Runtime": 3023.94, "Unique SQL Id": 2492542741}}, "(64, 75)": {"explain_plan": {"Plan": {"Node Type": "Aggregate", "Strategy": "Plain", "Startup Cost": 4997226344145.53, "Total Cost": 4997226344145.54, "Plan Rows": 1, "Plan Width": 113, "Plans": [{"Node Type": "Hash Join", "Parent Relationship": "Outer", "Join Type": "Inner", "Startup Cost": 2030027234286.38, "Total Cost": 4997226339266.34, "Plan Rows": 650559, "Plan Width": 45, "Inner Unique": true, "Hash Cond": "(mc.company_type_id = ct.id), (LLVM Optimized)", "Plans": [{"Node Type": "Hash Join", "Parent Relationship": "Outer", "Join Type": "Inner", "Startup Cost": 1030027233056.12, "Total Cost": 3997226329448.76, "Plan Rows": 1055184, "Plan Width": 49, "Inner Unique": true, "Hash Cond": "(mi_idx.info_type_id = it.id), (LLVM Optimized)", "Plans": [{"Node Type": "Merge Join", "Parent Relationship": "Outer", "Join Type": "Inner", "Startup Cost": 30027231635.11, "Total Cost": 2997226306897.65, "Plan Rows": 4220744, "Plan Width": 53, "Inner Unique": false, "Merge Cond": "(mi_idx.movie_id = t.id)", "Plans": [{"Node Type": "Index Scan", "Parent Relationship": "Outer", "Scan Direction": "Forward", "Index Name": "movie_id_movie_info_idx", "Relation Name": "movie_info_idx", "Alias": "mi_idx", "Startup Cost": 10000000000.0, "Total Cost": 1000004650035.37, "Plan Rows": 1380034, "Plan Width": 8}, {"Node Type": "Materialize", "Parent Relationship": "Inner", "Startup Cost": 20021492619.09, "Total Cost": 1999076868999.12, "Plan Rows": 3320699, "Plan Width": 57, "Plans": [{"Node Type": "Merge Join", "Parent Relationship": "Outer", "Join Type": "Inner", "Startup Cost": 20021492619.09, "Total Cost": 1999076860697.37, "Plan Rows": 3320699, "Plan Width": 57, "Inner Unique": false, "Merge Cond": "(t.id = mc.movie_id)", "Plans": [{"Node Type": "Index Scan", "Parent Relationship": "Outer", "Scan Direction": "Forward", "Index Name": "title_pkey", "Relation Name": "title", "Alias": "t", "Startup Cost": 10000000000.0, "Total Cost": 1000011644126.66, "Plan Rows": 1381886, "Plan Width": 25, "Filter": "(production_year > 2000), (LLVM Optimized)"}, {"Node Type": "Materialize", "Parent Relationship": "Inner", "Startup Cost": 10000000000.0, "Total Cost": 1000013710750.72, "Plan Rows": 2609035, "Plan Width": 32, "Plans": [{"Node Type": "Index Scan", "Parent Relationship": "Outer", "Scan Direction": "Forward", "Index Name": "movie_id_movie_companies", "Relation Name": "movie_companies", "Alias": "mc", "Startup Cost": 10000000000.0, "Total Cost": 1000013704228.13, "Plan Rows": 2609035, "Plan Width": 32, "Filter": "((note)::text !~~ '%(as Metro-Goldwyn-Mayer Pictures)%'::text), (LLVM Optimized)"}]}]}]}]}, {"Node Type": "Hash", "Parent Relationship": "Inner", "Startup Cost": 1000000001421.0, "Total Cost": 1000000001421.0, "Plan Rows": 1, "Plan Width": 4, "Plans": [{"Node Type": "Index Scan", "Parent Relationship": "Outer", "Scan Direction": "Forward", "Index Name": "info_type_pkey", "Relation Name": "info_type", "Alias": "it", "Startup Cost": 10000000000.0, "Total Cost": 1000000001421.0, "Plan Rows": 1, "Plan Width": 4, "Filter": "((info)::text = 'bottom 10 rank'::text)"}]}]}, {"Node Type": "Hash", "Parent Relationship": "Inner", "Startup Cost": 1000000001230.25, "Total Cost": 1000000001230.25, "Plan Rows": 1, "Plan Width": 4, "Plans": [{"Node Type": "Index Scan", "Parent Relationship": "Outer", "Scan Direction": "Forward", "Index Name": "company_type_pkey", "Relation Name": "company_type", "Alias": "ct", "Startup Cost": 10000000000.0, "Total Cost": 1000000001230.25, "Plan Rows": 1, "Plan Width": 4, "Filter": "((kind)::text = 'production companies'::text)"}]}]}]}, "Unique SQL Id": 2492542741, "Planner Runtime": 14}, "explain_analyze_plan": null}, "(64, 76)": {"explain_plan": {"Plan": {"Node Type": "Aggregate", "Strategy": "Plain", "Startup Cost": 230727.96, "Total Cost": 230727.97, "Plan Rows": 1, "Plan Width": 113, "Plans": [{"Node Type": "Hash Join", "Parent Relationship": "Outer", "Join Type": "Inner", "Startup Cost": 148375.81, "Total Cost": 225848.77, "Plan Rows": 650559, "Plan Width": 45, "Inner Unique": true, "Hash Cond": "(mc.company_type_id = ct.id), (LLVM Optimized)", "Plans": [{"Node Type": "Hash Join", "Parent Relationship": "Outer", "Join Type": "Inner", "Startup Cost": 148374.76, "Total Cost": 217260.4, "Plan Rows": 1055184, "Plan Width": 49, "Inner Unique": false, "Hash Cond": "(mc.movie_id = t.id), (LLVM Optimized)", "Plans": [{"Node Type": "Seq Scan", "Parent Relationship": "Outer", "Relation Name": "movie_companies", "Alias": "mc", "Startup Cost": 0.0, "Total Cost": 48340.1, "Plan Rows": 2609035, "Plan Width": 32, "Filter": "((note)::text !~~ '%(as Metro-Goldwyn-Mayer Pictures)%'::text), (LLVM Optimized)"}, {"Node Type": "Hash", "Parent Relationship": "Inner", "Startup Cost": 142776.78, "Total Cost": 142776.78, "Plan Rows": 447839, "Plan Width": 29, "Plans": [{"Node Type": "Hash Join", "Parent Relationship": "Outer", "Join Type": "Inner", "Startup Cost": 109821.48, "Total Cost": 142776.78, "Plan Rows": 447839, "Plan Width": 29, "Inner Unique": true, "Hash Cond": "(mi_idx.movie_id = t.id), (LLVM Optimized)", "Plans": [{"Node Type": "Hash Join", "Parent Relationship": "Outer", "Join Type": "Inner", "Startup Cost": 2.41, "Total Cost": 27185.54, "Plan Rows": 345008, "Plan Width": 4, "Inner Unique": true, "Hash Cond": "(mi_idx.info_type_id = it.id), (LLVM Optimized)", "Plans": [{"Node Type": "Seq Scan", "Parent Relationship": "Outer", "Relation Name": "movie_info_idx", "Alias": "mi_idx", "Startup Cost": 0.0, "Total Cost": 20274.34, "Plan Rows": 1380034, "Plan Width": 8}, {"Node Type": "Hash", "Parent Relationship": "Inner", "Startup Cost": 2.4, "Total Cost": 2.4, "Plan Rows": 1, "Plan Width": 4, "Plans": [{"Node Type": "Seq Scan", "Parent Relationship": "Outer", "Relation Name": "info_type", "Alias": "it", "Startup Cost": 0.0, "Total Cost": 2.4, "Plan Rows": 1, "Plan Width": 4, "Filter": "((info)::text = 'bottom 10 rank'::text)"}]}]}, {"Node Type": "Hash", "Parent Relationship": "Inner", "Startup Cost": 92545.49, "Total Cost": 92545.49, "Plan Rows": 1381886, "Plan Width": 25, "Plans": [{"Node Type": "Streaming(type: LOCAL GATHER dop: 1/64)", "Parent Relationship": "Outer", "Startup Cost": 0.0, "Total Cost": 92545.49, "Plan Rows": 1381886, "Plan Width": 25, "Plans": [{"Node Type": "Seq Scan", "Parent Relationship": "Outer", "Relation Name": "title", "Alias": "t", "Startup Cost": 0.0, "Total Cost": 64037.34, "Plan Rows": 1381886, "Plan Width": 25, "Filter": "(production_year > 2000), (LLVM Optimized)"}]}]}]}]}]}, {"Node Type": "Hash", "Parent Relationship": "Inner", "Startup Cost": 1.04, "Total Cost": 1.04, "Plan Rows": 1, "Plan Width": 4, "Plans": [{"Node Type": "Seq Scan", "Parent Relationship": "Outer", "Relation Name": "company_type", "Alias": "ct", "Startup Cost": 0.0, "Total Cost": 1.04, "Plan Rows": 1, "Plan Width": 4, "Filter": "((kind)::text = 'production companies'::text)"}]}]}]}, "Unique SQL Id": 2492542741, "Planner Runtime": 14}, "explain_analyze_plan": {"Plan": {"Node Type": "Aggregate", "Strategy": "Plain", "Startup Cost": 230727.96, "Total Cost": 230727.97, "Plan Rows": 1, "Plan Width": 113, "Actual Min Startup Time": 3001.109, "Actual Max Startup Time": 3001.109, "Actual Min Total Time": 3001.11, "Actual Max Total Time": 3001.11, "Plans": [{"Node Type": "Hash Join", "Parent Relationship": "Outer", "Join Type": "Inner", "Startup Cost": 148375.81, "Total Cost": 225848.77, "Plan Rows": 650559, "Plan Width": 45, "Actual Min Startup Time": 2826.935, "Actual Max Startup Time": 2826.935, "Actual Min Total Time": 3001.05, "Actual Max Total Time": 3001.05, "Inner Unique": true, "Hash Cond": "(mc.company_type_id = ct.id), (LLVM Optimized, Jit Execute)", "Plans": [{"Node Type": "Hash Join", "Parent Relationship": "Outer", "Join Type": "Inner", "Startup Cost": 148374.76, "Total Cost": 217260.4, "Plan Rows": 1055184, "Plan Width": 49, "Actual Min Startup Time": 2128.871, "Actual Max Startup Time": 2128.871, "Actual Min Total Time": 3000.762, "Actual Max Total Time": 3000.762, "Inner Unique": false, "Hash Cond": "(mc.movie_id = t.id), (LLVM Optimized, Jit Execute)", "Plans": [{"Node Type": "Seq Scan", "Parent Relationship": "Outer", "Relation Name": "movie_companies", "Alias": "mc", "Startup Cost": 0.0, "Total Cost": 48340.1, "Plan Rows": 2609035, "Plan Width": 32, "Actual Min Startup Time": 0.059, "Actual Max Startup Time": 0.059, "Actual Min Total Time": 914.102, "Actual Max Total Time": 914.102, "Filter": "((note)::text !~~ '%(as Metro-Goldwyn-Mayer Pictures)%'::text), (LLVM Optimized, Jit Execute)", "Rows Removed by Filter": 1272041, "Actual Rows": 1337087}, {"Node Type": "Hash", "Parent Relationship": "Inner", "Startup Cost": 142776.78, "Total Cost": 142776.78, "Plan Rows": 447839, "Plan Width": 29, "Actual Min Startup Time": 1821.283, "Actual Max Startup Time": 1821.283, "Actual Min Total Time": 1821.283, "Actual Max Total Time": 1821.283, "Max Hash Buckets": 524288, "Min Hash Buckets": 524288, "Max Hash Batches": 1, "Min Hash Batches": 1, "Max Original Hash Batches": 1, "Min Original Hash Batches": 1, "Max Peak Memory Usage": 1, "min Peak Memory Usage": 1, "Plans": [{"Node Type": "Hash Join", "Parent Relationship": "Outer", "Join Type": "Inner", "Startup Cost": 109821.48, "Total Cost": 142776.78, "Plan Rows": 447839, "Plan Width": 29, "Actual Min Startup Time": 1821.202, "Actual Max Startup Time": 1821.202, "Actual Min Total Time": 1821.253, "Actual Max Total Time": 1821.253, "Inner Unique": true, "Hash Cond": "(mi_idx.movie_id = t.id), (LLVM Optimized, Jit Execute)", "Plans": [{"Node Type": "Hash Join", "Parent Relationship": "Outer", "Join Type": "Inner", "Startup Cost": 2.41, "Total Cost": 27185.54, "Plan Rows": 345008, "Plan Width": 4, "Actual Min Startup Time": 530.91, "Actual Max Startup Time": 530.91, "Actual Min Total Time": 530.917, "Actual Max Total Time": 530.917, "Inner Unique": true, "Hash Cond": "(mi_idx.info_type_id = it.id), (LLVM Optimized, Jit Execute)", "Plans": [{"Node Type": "Seq Scan", "Parent Relationship": "Outer", "Relation Name": "movie_info_idx", "Alias": "mi_idx", "Startup Cost": 0.0, "Total Cost": 20274.34, "Plan Rows": 1380034, "Plan Width": 8, "Actual Min Startup Time": 0.047, "Actual Max Startup Time": 0.047, "Actual Min Total Time": 299.951, "Actual Max Total Time": 299.951, "Actual Rows": 1380034}, {"Node Type": "Hash", "Parent Relationship": "Inner", "Startup Cost": 2.4, "Total Cost": 2.4, "Plan Rows": 1, "Plan Width": 4, "Actual Min Startup Time": 0.09, "Actual Max Startup Time": 0.09, "Actual Min Total Time": 0.09, "Actual Max Total Time": 0.09, "Max Hash Buckets": 32768, "Min Hash Buckets": 32768, "Max Hash Batches": 1, "Min Hash Batches": 1, "Max Original Hash Batches": 1, "Min Original Hash Batches": 1, "Max Peak Memory Usage": 1, "min Peak Memory Usage": 1, "Plans": [{"Node Type": "Seq Scan", "Parent Relationship": "Outer", "Relation Name": "info_type", "Alias": "it", "Startup Cost": 0.0, "Total Cost": 2.4, "Plan Rows": 1, "Plan Width": 4, "Actual Min Startup Time": 0.075, "Actual Max Startup Time": 0.075, "Actual Min Total Time": 0.077, "Actual Max Total Time": 0.077, "Filter": "((info)::text = 'bottom 10 rank'::text)", "Rows Removed by Filter": 111, "Actual Rows": 1}], "Actual Rows": 1}], "Actual Rows": 10}, {"Node Type": "Hash", "Parent Relationship": "Inner", "Startup Cost": 92545.49, "Total Cost": 92545.49, "Plan Rows": 1381886, "Plan Width": 25, "Actual Min Startup Time": 1287.765, "Actual Max Startup Time": 1287.765, "Actual Min Total Time": 1287.765, "Actual Max Total Time": 1287.765, "Max Hash Buckets": 2097152, "Min Hash Buckets": 2097152, "Max Hash Batches": 1, "Min Hash Batches": 1, "Max Original Hash Batches": 1, "Min Original Hash Batches": 1, "Max Peak Memory Usage": 79393, "min Peak Memory Usage": 79393, "Plans": [{"Node Type": "Streaming(type: LOCAL GATHER dop: 1/64)", "Parent Relationship": "Outer", "Startup Cost": 0.0, "Total Cost": 92545.49, "Plan Rows": 1381886, "Plan Width": 25, "Actual Min Startup Time": 38.785, "Actual Max Startup Time": 38.785, "Actual Min Total Time": 711.052, "Actual Max Total Time": 711.052, "Plans": [{"Node Type": "Seq Scan", "Parent Relationship": "Outer", "Relation Name": "title", "Alias": "t", "Startup Cost": 0.0, "Total Cost": 64037.34, "Plan Rows": 1381886, "Plan Width": 25, "Actual Min Startup Time": 0.026, "Actual Max Startup Time": 0.057, "Actual Min Total Time": 14.87, "Actual Max Total Time": 19.066, "Filter": "(production_year > 2000), (LLVM Optimized, Jit Execute)", "Rows Removed by Filter": 1146858, "Actual Rows": 1381453}], "Actual Rows": 1381453}], "Actual Rows": 1381453}], "Actual Rows": 6}], "Actual Rows": 6}], "Actual Rows": 78}, {"Node Type": "Hash", "Parent Relationship": "Inner", "Startup Cost": 1.04, "Total Cost": 1.04, "Plan Rows": 1, "Plan Width": 4, "Actual Min Startup Time": 0.063, "Actual Max Startup Time": 0.063, "Actual Min Total Time": 0.063, "Actual Max Total Time": 0.063, "Max Hash Buckets": 32768, "Min Hash Buckets": 32768, "Max Hash Batches": 1, "Min Hash Batches": 1, "Max Original Hash Batches": 1, "Min Original Hash Batches": 1, "Max Peak Memory Usage": 1, "min Peak Memory Usage": 1, "Plans": [{"Node Type": "Seq Scan", "Parent Relationship": "Outer", "Relation Name": "company_type", "Alias": "ct", "Startup Cost": 0.0, "Total Cost": 1.04, "Plan Rows": 1, "Plan Width": 4, "Actual Min Startup Time": 0.042, "Actual Max Startup Time": 0.042, "Actual Min Total Time": 0.045, "Actual Max Total Time": 0.045, "Filter": "((kind)::text = 'production companies'::text)", "Rows Removed by Filter": 2, "Actual Rows": 1}], "Actual Rows": 1}], "Actual Rows": 4}], "Actual Rows": 1}, "Triggers": [], "Planner Runtime": 6, "Total Runtime": 3023.94, "Unique SQL Id": 2492542741}}, "(64, 77)": {"explain_plan": {"Plan": {"Node Type": "Aggregate", "Strategy": "Plain", "Startup Cost": 268118.48, "Total Cost": 268118.49, "Plan Rows": 1, "Plan Width": 113, "Plans": [{"Node Type": "Hash Join", "Parent Relationship": "Outer", "Join Type": "Inner", "Startup Cost": 183423.2, "Total Cost": 263239.28, "Plan Rows": 650559, "Plan Width": 45, "Inner Unique": false, "Hash Cond": "(mc.movie_id = t.id), (LLVM Optimized)", "Plans": [{"Node Type": "Nested Loop", "Parent Relationship": "Outer", "Join Type": "Inner", "Startup Cost": 0.0, "Total Cost": 69436.41, "Plan Rows": 1304518, "Plan Width": 28, "Inner Unique": false, "Plans": [{"Node Type": "Index Scan", "Parent Relationship": "Outer", "Scan Direction": "Forward", "Index Name": "company_type_pkey", "Relation Name": "company_type", "Alias": "ct", "Startup Cost": 0.0, "Total Cost": 12.3, "Plan Rows": 1, "Plan Width": 4, "Filter": "((kind)::text = 'production companies'::text)"}, {"Node Type": "Index Scan", "Parent Relationship": "Inner", "Scan Direction": "Forward", "Index Name": "company_type_id_movie_companies", "Relation Name": "movie_companies", "Alias": "mc", "Startup Cost": 0.0, "Total Cost": 56378.94, "Plan Rows": 1304517, "Plan Width": 32, "Index Cond": "(company_type_id = ct.id), (LLVM Optimized)", "Filter": "((note)::text !~~ '%(as Metro-Goldwyn-Mayer Pictures)%'::text), (LLVM Optimized)"}]}, {"Node Type": "Hash", "Parent Relationship": "Inner", "Startup Cost": 177825.21, "Total Cost": 177825.21, "Plan Rows": 447839, "Plan Width": 29, "Plans": [{"Node Type": "Hash Join", "Parent Relationship": "Outer", "Join Type": "Inner", "Startup Cost": 133714.84, "Total Cost": 177825.21, "Plan Rows": 447839, "Plan Width": 29, "Inner Unique": true, "Hash Cond": "(mi_idx.movie_id = t.id), (LLVM Optimized)", "Plans": [{"Node Type": "Nested Loop", "Parent Relationship": "Outer", "Join Type": "Inner", "Startup Cost": 0.0, "Total Cost": 38338.2, "Plan Rows": 345008, "Plan Width": 4, "Inner Unique": false, "Plans": [{"Node Type": "Index Scan", "Parent Relationship": "Outer", "Scan Direction": "Forward", "Index Name": "info_type_pkey", "Relation Name": "info_type", "Alias": "it", "Startup Cost": 0.0, "Total Cost": 14.21, "Plan Rows": 1, "Plan Width": 4, "Filter": "((info)::text = 'bottom 10 rank'::text)"}, {"Node Type": "Index Scan", "Parent Relationship": "Inner", "Scan Direction": "Forward", "Index Name": "info_type_id_movie_info_idx", "Relation Name": "movie_info_idx", "Alias": "mi_idx", "Startup Cost": 0.0, "Total Cost": 34873.91, "Plan Rows": 345008, "Plan Width": 8, "Index Cond": "(info_type_id = it.id), (LLVM Optimized)"}]}, {"Node Type": "Hash", "Parent Relationship": "Inner", "Startup Cost": 116441.27, "Total Cost": 116441.27, "Plan Rows": 1381886, "Plan Width": 25, "Plans": [{"Node Type": "Index Scan", "Parent Relationship": "Outer", "Scan Direction": "Forward", "Index Name": "title_pkey", "Relation Name": "title", "Alias": "t", "Startup Cost": 0.0, "Total Cost": 116441.27, "Plan Rows": 1381886, "Plan Width": 25, "Filter": "(production_year > 2000), (LLVM Optimized)"}]}]}]}]}]}, "Unique SQL Id": 2492542741, "Planner Runtime": 11}, "explain_analyze_plan": null}, "(64, 78)": {"explain_plan": {"Plan": {"Node Type": "Aggregate", "Strategy": "Plain", "Startup Cost": 230727.96, "Total Cost": 230727.97, "Plan Rows": 1, "Plan Width": 113, "Plans": [{"Node Type": "Hash Join", "Parent Relationship": "Outer", "Join Type": "Inner", "Startup Cost": 148375.81, "Total Cost": 225848.77, "Plan Rows": 650559, "Plan Width": 45, "Inner Unique": true, "Hash Cond": "(mc.company_type_id = ct.id), (LLVM Optimized)", "Plans": [{"Node Type": "Hash Join", "Parent Relationship": "Outer", "Join Type": "Inner", "Startup Cost": 148374.76, "Total Cost": 217260.4, "Plan Rows": 1055184, "Plan Width": 49, "Inner Unique": false, "Hash Cond": "(mc.movie_id = t.id), (LLVM Optimized)", "Plans": [{"Node Type": "Seq Scan", "Parent Relationship": "Outer", "Relation Name": "movie_companies", "Alias": "mc", "Startup Cost": 0.0, "Total Cost": 48340.1, "Plan Rows": 2609035, "Plan Width": 32, "Filter": "((note)::text !~~ '%(as Metro-Goldwyn-Mayer Pictures)%'::text), (LLVM Optimized)"}, {"Node Type": "Hash", "Parent Relationship": "Inner", "Startup Cost": 142776.78, "Total Cost": 142776.78, "Plan Rows": 447839, "Plan Width": 29, "Plans": [{"Node Type": "Hash Join", "Parent Relationship": "Outer", "Join Type": "Inner", "Startup Cost": 109821.48, "Total Cost": 142776.78, "Plan Rows": 447839, "Plan Width": 29, "Inner Unique": true, "Hash Cond": "(mi_idx.movie_id = t.id), (LLVM Optimized)", "Plans": [{"Node Type": "Hash Join", "Parent Relationship": "Outer", "Join Type": "Inner", "Startup Cost": 2.41, "Total Cost": 27185.54, "Plan Rows": 345008, "Plan Width": 4, "Inner Unique": true, "Hash Cond": "(mi_idx.info_type_id = it.id), (LLVM Optimized)", "Plans": [{"Node Type": "Seq Scan", "Parent Relationship": "Outer", "Relation Name": "movie_info_idx", "Alias": "mi_idx", "Startup Cost": 0.0, "Total Cost": 20274.34, "Plan Rows": 1380034, "Plan Width": 8}, {"Node Type": "Hash", "Parent Relationship": "Inner", "Startup Cost": 2.4, "Total Cost": 2.4, "Plan Rows": 1, "Plan Width": 4, "Plans": [{"Node Type": "Seq Scan", "Parent Relationship": "Outer", "Relation Name": "info_type", "Alias": "it", "Startup Cost": 0.0, "Total Cost": 2.4, "Plan Rows": 1, "Plan Width": 4, "Filter": "((info)::text = 'bottom 10 rank'::text)"}]}]}, {"Node Type": "Hash", "Parent Relationship": "Inner", "Startup Cost": 92545.49, "Total Cost": 92545.49, "Plan Rows": 1381886, "Plan Width": 25, "Plans": [{"Node Type": "Streaming(type: LOCAL GATHER dop: 1/64)", "Parent Relationship": "Outer", "Startup Cost": 0.0, "Total Cost": 92545.49, "Plan Rows": 1381886, "Plan Width": 25, "Plans": [{"Node Type": "Seq Scan", "Parent Relationship": "Outer", "Relation Name": "title", "Alias": "t", "Startup Cost": 0.0, "Total Cost": 64037.34, "Plan Rows": 1381886, "Plan Width": 25, "Filter": "(production_year > 2000), (LLVM Optimized)"}]}]}]}]}]}, {"Node Type": "Hash", "Parent Relationship": "Inner", "Startup Cost": 1.04, "Total Cost": 1.04, "Plan Rows": 1, "Plan Width": 4, "Plans": [{"Node Type": "Seq Scan", "Parent Relationship": "Outer", "Relation Name": "company_type", "Alias": "ct", "Startup Cost": 0.0, "Total Cost": 1.04, "Plan Rows": 1, "Plan Width": 4, "Filter": "((kind)::text = 'production companies'::text)"}]}]}]}, "Unique SQL Id": 2492542741, "Planner Runtime": 10}, "explain_analyze_plan": {"Plan": {"Node Type": "Aggregate", "Strategy": "Plain", "Startup Cost": 230727.96, "Total Cost": 230727.97, "Plan Rows": 1, "Plan Width": 113, "Actual Min Startup Time": 3001.109, "Actual Max Startup Time": 3001.109, "Actual Min Total Time": 3001.11, "Actual Max Total Time": 3001.11, "Plans": [{"Node Type": "Hash Join", "Parent Relationship": "Outer", "Join Type": "Inner", "Startup Cost": 148375.81, "Total Cost": 225848.77, "Plan Rows": 650559, "Plan Width": 45, "Actual Min Startup Time": 2826.935, "Actual Max Startup Time": 2826.935, "Actual Min Total Time": 3001.05, "Actual Max Total Time": 3001.05, "Inner Unique": true, "Hash Cond": "(mc.company_type_id = ct.id), (LLVM Optimized, Jit Execute)", "Plans": [{"Node Type": "Hash Join", "Parent Relationship": "Outer", "Join Type": "Inner", "Startup Cost": 148374.76, "Total Cost": 217260.4, "Plan Rows": 1055184, "Plan Width": 49, "Actual Min Startup Time": 2128.871, "Actual Max Startup Time": 2128.871, "Actual Min Total Time": 3000.762, "Actual Max Total Time": 3000.762, "Inner Unique": false, "Hash Cond": "(mc.movie_id = t.id), (LLVM Optimized, Jit Execute)", "Plans": [{"Node Type": "Seq Scan", "Parent Relationship": "Outer", "Relation Name": "movie_companies", "Alias": "mc", "Startup Cost": 0.0, "Total Cost": 48340.1, "Plan Rows": 2609035, "Plan Width": 32, "Actual Min Startup Time": 0.059, "Actual Max Startup Time": 0.059, "Actual Min Total Time": 914.102, "Actual Max Total Time": 914.102, "Filter": "((note)::text !~~ '%(as Metro-Goldwyn-Mayer Pictures)%'::text), (LLVM Optimized, Jit Execute)", "Rows Removed by Filter": 1272041, "Actual Rows": 1337087}, {"Node Type": "Hash", "Parent Relationship": "Inner", "Startup Cost": 142776.78, "Total Cost": 142776.78, "Plan Rows": 447839, "Plan Width": 29, "Actual Min Startup Time": 1821.283, "Actual Max Startup Time": 1821.283, "Actual Min Total Time": 1821.283, "Actual Max Total Time": 1821.283, "Max Hash Buckets": 524288, "Min Hash Buckets": 524288, "Max Hash Batches": 1, "Min Hash Batches": 1, "Max Original Hash Batches": 1, "Min Original Hash Batches": 1, "Max Peak Memory Usage": 1, "min Peak Memory Usage": 1, "Plans": [{"Node Type": "Hash Join", "Parent Relationship": "Outer", "Join Type": "Inner", "Startup Cost": 109821.48, "Total Cost": 142776.78, "Plan Rows": 447839, "Plan Width": 29, "Actual Min Startup Time": 1821.202, "Actual Max Startup Time": 1821.202, "Actual Min Total Time": 1821.253, "Actual Max Total Time": 1821.253, "Inner Unique": true, "Hash Cond": "(mi_idx.movie_id = t.id), (LLVM Optimized, Jit Execute)", "Plans": [{"Node Type": "Hash Join", "Parent Relationship": "Outer", "Join Type": "Inner", "Startup Cost": 2.41, "Total Cost": 27185.54, "Plan Rows": 345008, "Plan Width": 4, "Actual Min Startup Time": 530.91, "Actual Max Startup Time": 530.91, "Actual Min Total Time": 530.917, "Actual Max Total Time": 530.917, "Inner Unique": true, "Hash Cond": "(mi_idx.info_type_id = it.id), (LLVM Optimized, Jit Execute)", "Plans": [{"Node Type": "Seq Scan", "Parent Relationship": "Outer", "Relation Name": "movie_info_idx", "Alias": "mi_idx", "Startup Cost": 0.0, "Total Cost": 20274.34, "Plan Rows": 1380034, "Plan Width": 8, "Actual Min Startup Time": 0.047, "Actual Max Startup Time": 0.047, "Actual Min Total Time": 299.951, "Actual Max Total Time": 299.951, "Actual Rows": 1380034}, {"Node Type": "Hash", "Parent Relationship": "Inner", "Startup Cost": 2.4, "Total Cost": 2.4, "Plan Rows": 1, "Plan Width": 4, "Actual Min Startup Time": 0.09, "Actual Max Startup Time": 0.09, "Actual Min Total Time": 0.09, "Actual Max Total Time": 0.09, "Max Hash Buckets": 32768, "Min Hash Buckets": 32768, "Max Hash Batches": 1, "Min Hash Batches": 1, "Max Original Hash Batches": 1, "Min Original Hash Batches": 1, "Max Peak Memory Usage": 1, "min Peak Memory Usage": 1, "Plans": [{"Node Type": "Seq Scan", "Parent Relationship": "Outer", "Relation Name": "info_type", "Alias": "it", "Startup Cost": 0.0, "Total Cost": 2.4, "Plan Rows": 1, "Plan Width": 4, "Actual Min Startup Time": 0.075, "Actual Max Startup Time": 0.075, "Actual Min Total Time": 0.077, "Actual Max Total Time": 0.077, "Filter": "((info)::text = 'bottom 10 rank'::text)", "Rows Removed by Filter": 111, "Actual Rows": 1}], "Actual Rows": 1}], "Actual Rows": 10}, {"Node Type": "Hash", "Parent Relationship": "Inner", "Startup Cost": 92545.49, "Total Cost": 92545.49, "Plan Rows": 1381886, "Plan Width": 25, "Actual Min Startup Time": 1287.765, "Actual Max Startup Time": 1287.765, "Actual Min Total Time": 1287.765, "Actual Max Total Time": 1287.765, "Max Hash Buckets": 2097152, "Min Hash Buckets": 2097152, "Max Hash Batches": 1, "Min Hash Batches": 1, "Max Original Hash Batches": 1, "Min Original Hash Batches": 1, "Max Peak Memory Usage": 79393, "min Peak Memory Usage": 79393, "Plans": [{"Node Type": "Streaming(type: LOCAL GATHER dop: 1/64)", "Parent Relationship": "Outer", "Startup Cost": 0.0, "Total Cost": 92545.49, "Plan Rows": 1381886, "Plan Width": 25, "Actual Min Startup Time": 38.785, "Actual Max Startup Time": 38.785, "Actual Min Total Time": 711.052, "Actual Max Total Time": 711.052, "Plans": [{"Node Type": "Seq Scan", "Parent Relationship": "Outer", "Relation Name": "title", "Alias": "t", "Startup Cost": 0.0, "Total Cost": 64037.34, "Plan Rows": 1381886, "Plan Width": 25, "Actual Min Startup Time": 0.026, "Actual Max Startup Time": 0.057, "Actual Min Total Time": 14.87, "Actual Max Total Time": 19.066, "Filter": "(production_year > 2000), (LLVM Optimized, Jit Execute)", "Rows Removed by Filter": 1146858, "Actual Rows": 1381453}], "Actual Rows": 1381453}], "Actual Rows": 1381453}], "Actual Rows": 6}], "Actual Rows": 6}], "Actual Rows": 78}, {"Node Type": "Hash", "Parent Relationship": "Inner", "Startup Cost": 1.04, "Total Cost": 1.04, "Plan Rows": 1, "Plan Width": 4, "Actual Min Startup Time": 0.063, "Actual Max Startup Time": 0.063, "Actual Min Total Time": 0.063, "Actual Max Total Time": 0.063, "Max Hash Buckets": 32768, "Min Hash Buckets": 32768, "Max Hash Batches": 1, "Min Hash Batches": 1, "Max Original Hash Batches": 1, "Min Original Hash Batches": 1, "Max Peak Memory Usage": 1, "min Peak Memory Usage": 1, "Plans": [{"Node Type": "Seq Scan", "Parent Relationship": "Outer", "Relation Name": "company_type", "Alias": "ct", "Startup Cost": 0.0, "Total Cost": 1.04, "Plan Rows": 1, "Plan Width": 4, "Actual Min Startup Time": 0.042, "Actual Max Startup Time": 0.042, "Actual Min Total Time": 0.045, "Actual Max Total Time": 0.045, "Filter": "((kind)::text = 'production companies'::text)", "Rows Removed by Filter": 2, "Actual Rows": 1}], "Actual Rows": 1}], "Actual Rows": 4}], "Actual Rows": 1}, "Triggers": [], "Planner Runtime": 6, "Total Runtime": 3023.94, "Unique SQL Id": 2492542741}}, "(64, 79)": {"explain_plan": {"Plan": {"Node Type": "Aggregate", "Strategy": "Plain", "Startup Cost": 4997226344145.53, "Total Cost": 4997226344145.54, "Plan Rows": 1, "Plan Width": 113, "Plans": [{"Node Type": "Hash Join", "Parent Relationship": "Outer", "Join Type": "Inner", "Startup Cost": 2030027234286.38, "Total Cost": 4997226339266.34, "Plan Rows": 650559, "Plan Width": 45, "Inner Unique": true, "Hash Cond": "(mc.company_type_id = ct.id), (LLVM Optimized)", "Plans": [{"Node Type": "Hash Join", "Parent Relationship": "Outer", "Join Type": "Inner", "Startup Cost": 1030027233056.12, "Total Cost": 3997226329448.76, "Plan Rows": 1055184, "Plan Width": 49, "Inner Unique": true, "Hash Cond": "(mi_idx.info_type_id = it.id), (LLVM Optimized)", "Plans": [{"Node Type": "Merge Join", "Parent Relationship": "Outer", "Join Type": "Inner", "Startup Cost": 30027231635.11, "Total Cost": 2997226306897.65, "Plan Rows": 4220744, "Plan Width": 53, "Inner Unique": false, "Merge Cond": "(mi_idx.movie_id = t.id)", "Plans": [{"Node Type": "Index Scan", "Parent Relationship": "Outer", "Scan Direction": "Forward", "Index Name": "movie_id_movie_info_idx", "Relation Name": "movie_info_idx", "Alias": "mi_idx", "Startup Cost": 10000000000.0, "Total Cost": 1000004650035.37, "Plan Rows": 1380034, "Plan Width": 8}, {"Node Type": "Materialize", "Parent Relationship": "Inner", "Startup Cost": 20021492619.09, "Total Cost": 1999076868999.12, "Plan Rows": 3320699, "Plan Width": 57, "Plans": [{"Node Type": "Merge Join", "Parent Relationship": "Outer", "Join Type": "Inner", "Startup Cost": 20021492619.09, "Total Cost": 1999076860697.37, "Plan Rows": 3320699, "Plan Width": 57, "Inner Unique": false, "Merge Cond": "(t.id = mc.movie_id)", "Plans": [{"Node Type": "Index Scan", "Parent Relationship": "Outer", "Scan Direction": "Forward", "Index Name": "title_pkey", "Relation Name": "title", "Alias": "t", "Startup Cost": 10000000000.0, "Total Cost": 1000011644126.66, "Plan Rows": 1381886, "Plan Width": 25, "Filter": "(production_year > 2000), (LLVM Optimized)"}, {"Node Type": "Materialize", "Parent Relationship": "Inner", "Startup Cost": 10000000000.0, "Total Cost": 1000013710750.72, "Plan Rows": 2609035, "Plan Width": 32, "Plans": [{"Node Type": "Index Scan", "Parent Relationship": "Outer", "Scan Direction": "Forward", "Index Name": "movie_id_movie_companies", "Relation Name": "movie_companies", "Alias": "mc", "Startup Cost": 10000000000.0, "Total Cost": 1000013704228.13, "Plan Rows": 2609035, "Plan Width": 32, "Filter": "((note)::text !~~ '%(as Metro-Goldwyn-Mayer Pictures)%'::text), (LLVM Optimized)"}]}]}]}]}, {"Node Type": "Hash", "Parent Relationship": "Inner", "Startup Cost": 1000000001421.0, "Total Cost": 1000000001421.0, "Plan Rows": 1, "Plan Width": 4, "Plans": [{"Node Type": "Index Scan", "Parent Relationship": "Outer", "Scan Direction": "Forward", "Index Name": "info_type_pkey", "Relation Name": "info_type", "Alias": "it", "Startup Cost": 10000000000.0, "Total Cost": 1000000001421.0, "Plan Rows": 1, "Plan Width": 4, "Filter": "((info)::text = 'bottom 10 rank'::text)"}]}]}, {"Node Type": "Hash", "Parent Relationship": "Inner", "Startup Cost": 1000000001230.25, "Total Cost": 1000000001230.25, "Plan Rows": 1, "Plan Width": 4, "Plans": [{"Node Type": "Index Scan", "Parent Relationship": "Outer", "Scan Direction": "Forward", "Index Name": "company_type_pkey", "Relation Name": "company_type", "Alias": "ct", "Startup Cost": 10000000000.0, "Total Cost": 1000000001230.25, "Plan Rows": 1, "Plan Width": 4, "Filter": "((kind)::text = 'production companies'::text)"}]}]}]}, "Unique SQL Id": 2492542741, "Planner Runtime": 14}, "explain_analyze_plan": null}, "(64, 80)": {"explain_plan": {"Plan": {"Node Type": "Aggregate", "Strategy": "Plain", "Startup Cost": 401660.81, "Total Cost": 401660.82, "Plan Rows": 1, "Plan Width": 113, "Plans": [{"Node Type": "Merge Join", "Parent Relationship": "Outer", "Join Type": "Inner", "Startup Cost": 255410.2, "Total Cost": 396781.62, "Plan Rows": 650559, "Plan Width": 45, "Inner Unique": true, "Merge Cond": "(mc.movie_id = t.id)", "Plans": [{"Node Type": "Merge Join", "Parent Relationship": "Outer", "Join Type": "Inner", "Startup Cost": 255407.59, "Total Cost": 269241.97, "Plan Rows": 501180, "Plan Width": 32, "Inner Unique": false, "Merge Cond": "(mi_idx.movie_id = mc.movie_id)", "Plans": [{"Node Type": "Sort", "Parent Relationship": "Outer", "Startup Cost": 53475.44, "Total Cost": 54337.96, "Plan Rows": 345008, "Plan Width": 4, "Sort Key": ["mi_idx.movie_id"], "Plans": [{"Node Type": "Nested Loop", "Parent Relationship": "Outer", "Join Type": "Inner", "Startup Cost": 7502.06, "Total Cost": 21741.14, "Plan Rows": 345008, "Plan Width": 4, "Inner Unique": false, "Plans": [{"Node Type": "Seq Scan", "Parent Relationship": "Outer", "Relation Name": "info_type", "Alias": "it", "Startup Cost": 0.0, "Total Cost": 2.4, "Plan Rows": 1, "Plan Width": 4, "Filter": "((info)::text = 'bottom 10 rank'::text)"}, {"Node Type": "Bitmap Heap Scan", "Parent Relationship": "Inner", "Relation Name": "movie_info_idx", "Alias": "mi_idx", "Startup Cost": 7502.06, "Total Cost": 18288.66, "Plan Rows": 345008, "Plan Width": 8, "Recheck Cond": "(info_type_id = it.id), (LLVM Optimized)", "Plans": [{"Node Type": "Bitmap Index Scan", "Parent Relationship": "Outer", "Index Name": "info_type_id_movie_info_idx", "Startup Cost": 0.0, "Total Cost": 7415.81, "Plan Rows": 345008, "Plan Width": 0, "Index Cond": "(info_type_id = it.id)"}]}]}]}, {"Node Type": "Sort", "Parent Relationship": "Inner", "Startup Cost": 201932.12, "Total Cost": 205193.42, "Plan Rows": 1304518, "Plan Width": 28, "Sort Key": ["mc.movie_id"], "Plans": [{"Node Type": "Nested Loop", "Parent Relationship": "Outer", "Join Type": "Inner", "Startup Cost": 0.0, "Total Cost": 69425.15, "Plan Rows": 1304518, "Plan Width": 28, "Inner Unique": false, "Plans": [{"Node Type": "Seq Scan", "Parent Relationship": "Outer", "Relation Name": "company_type", "Alias": "ct", "Startup Cost": 0.0, "Total Cost": 1.04, "Plan Rows": 1, "Plan Width": 4, "Filter": "((kind)::text = 'production companies'::text)"}, {"Node Type": "Index Scan", "Parent Relationship": "Inner", "Scan Direction": "Forward", "Index Name": "company_type_id_movie_companies", "Relation Name": "movie_companies", "Alias": "mc", "Startup Cost": 0.0, "Total Cost": 56378.94, "Plan Rows": 1304517, "Plan Width": 32, "Index Cond": "(company_type_id = ct.id), (LLVM Optimized)", "Filter": "((note)::text !~~ '%(as Metro-Goldwyn-Mayer Pictures)%'::text), (LLVM Optimized)"}]}]}]}, {"Node Type": "Index Scan", "Parent Relationship": "Inner", "Scan Direction": "Forward", "Index Name": "title_pkey", "Relation Name": "title", "Alias": "t", "Startup Cost": 0.0, "Total Cost": 116441.27, "Plan Rows": 1381886, "Plan Width": 25, "Filter": "(production_year > 2000), (LLVM Optimized)"}]}]}, "Unique SQL Id": 2492542741, "Planner Runtime": 9}, "explain_analyze_plan": {"Plan": {"Node Type": "Aggregate", "Strategy": "Plain", "Startup Cost": 401660.81, "Total Cost": 401660.82, "Plan Rows": 1, "Plan Width": 113, "Actual Startup Time": 3671.197, "Actual Total Time": 3671.198, "Actual Rows": 1, "Actual Loops": 1, "Plans": [{"Node Type": "Merge Join", "Parent Relationship": "Outer", "Join Type": "Inner", "Startup Cost": 255410.2, "Total Cost": 396781.62, "Plan Rows": 650559, "Plan Width": 45, "Actual Startup Time": 3035.601, "Actual Total Time": 3671.148, "Actual Rows": 4, "Actual Loops": 1, "Inner Unique": true, "Merge Cond": "(mc.movie_id = t.id)", "Plans": [{"Node Type": "Merge Join", "Parent Relationship": "Outer", "Join Type": "Inner", "Startup Cost": 255407.59, "Total Cost": 269241.97, "Plan Rows": 501180, "Plan Width": 32, "Actual Startup Time": 816.517, "Actual Total Time": 835.629, "Actual Rows": 5, "Actual Loops": 1, "Inner Unique": false, "Merge Cond": "(mi_idx.movie_id = mc.movie_id)", "Plans": [{"Node Type": "Sort", "Parent Relationship": "Outer", "Startup Cost": 53475.44, "Total Cost": 54337.96, "Plan Rows": 345008, "Plan Width": 4, "Actual Startup Time": 0.134, "Actual Total Time": 0.139, "Actual Rows": 10, "Actual Loops": 1, "Sort Key": ["mi_idx.movie_id"], "Sort Method": "quicksort", "Sort Space Used": 25, "Sort Space Type": "Memory", "Plans": [{"Node Type": "Nested Loop", "Parent Relationship": "Outer", "Join Type": "Inner", "Startup Cost": 7502.06, "Total Cost": 21741.14, "Plan Rows": 345008, "Plan Width": 4, "Actual Startup Time": 0.104, "Actual Total Time": 0.111, "Actual Rows": 10, "Actual Loops": 1, "Inner Unique": false, "Plans": [{"Node Type": "Seq Scan", "Parent Relationship": "Outer", "Relation Name": "info_type", "Alias": "it", "Startup Cost": 0.0, "Total Cost": 2.4, "Plan Rows": 1, "Plan Width": 4, "Actual Startup Time": 0.061, "Actual Total Time": 0.064, "Actual Rows": 1, "Actual Loops": 1, "Filter": "((info)::text = 'bottom 10 rank'::text)", "Rows Removed by Filter": 111}, {"Node Type": "Bitmap Heap Scan", "Parent Relationship": "Inner", "Relation Name": "movie_info_idx", "Alias": "mi_idx", "Startup Cost": 7502.06, "Total Cost": 18288.66, "Plan Rows": 345008, "Plan Width": 8, "Actual Startup Time": 0.035, "Actual Total Time": 0.036, "Actual Rows": 10, "Actual Loops": 1, "Recheck Cond": "(info_type_id = it.id), (LLVM Optimized, Jit Execute)", "Rows Removed by Index Recheck": 0, "Exact Heap Blocks": 1, "Lossy Heap Blocks": 1, "Plans": [{"Node Type": "Bitmap Index Scan", "Parent Relationship": "Outer", "Index Name": "info_type_id_movie_info_idx", "Startup Cost": 0.0, "Total Cost": 7415.81, "Plan Rows": 345008, "Plan Width": 0, "Actual Startup Time": 0.019, "Actual Total Time": 0.019, "Actual Rows": 10, "Actual Loops": 1, "Index Cond": "(info_type_id = it.id)"}]}]}]}, {"Node Type": "Sort", "Parent Relationship": "Inner", "Startup Cost": 201932.12, "Total Cost": 205193.42, "Plan Rows": 1304518, "Plan Width": 28, "Actual Startup Time": 797.389, "Actual Total Time": 813.695, "Actual Rows": 132371, "Actual Loops": 1, "Sort Key": ["mc.movie_id"], "Sort Method": "quicksort", "Sort Space Used": 20170, "Sort Space Type": "Memory", "Plans": [{"Node Type": "Nested Loop", "Parent Relationship": "Outer", "Join Type": "Inner", "Startup Cost": 0.0, "Total Cost": 69425.15, "Plan Rows": 1304518, "Plan Width": 28, "Actual Startup Time": 0.107, "Actual Total Time": 742.217, "Actual Rows": 140904, "Actual Loops": 1, "Inner Unique": false, "Plans": [{"Node Type": "Seq Scan", "Parent Relationship": "Outer", "Relation Name": "company_type", "Alias": "ct", "Startup Cost": 0.0, "Total Cost": 1.04, "Plan Rows": 1, "Plan Width": 4, "Actual Startup Time": 0.008, "Actual Total Time": 0.015, "Actual Rows": 1, "Actual Loops": 1, "Filter": "((kind)::text = 'production companies'::text)", "Rows Removed by Filter": 2}, {"Node Type": "Index Scan", "Parent Relationship": "Inner", "Scan Direction": "Forward", "Index Name": "company_type_id_movie_companies", "Relation Name": "movie_companies", "Alias": "mc", "Startup Cost": 0.0, "Total Cost": 56378.94, "Plan Rows": 1304517, "Plan Width": 32, "Actual Startup Time": 0.096, "Actual Total Time": 713.271, "Actual Rows": 140904, "Actual Loops": 1, "Index Cond": "(company_type_id = ct.id), (LLVM Optimized, Jit Execute)", "Rows Removed by Index Recheck": 0, "Filter": "((note)::text !~~ '%(as Metro-Goldwyn-Mayer Pictures)%'::text), (LLVM Optimized, Jit Execute)", "Rows Removed by Filter": 1193979}]}]}]}, {"Node Type": "Index Scan", "Parent Relationship": "Inner", "Scan Direction": "Forward", "Index Name": "title_pkey", "Relation Name": "title", "Alias": "t", "Startup Cost": 0.0, "Total Cost": 116441.27, "Plan Rows": 1381886, "Plan Width": 25, "Actual Startup Time": 0.052, "Actual Total Time": 2649.031, "Actual Rows": 1289090, "Actual Loops": 1, "Filter": "(production_year > 2000), (LLVM Optimized, Jit Execute)", "Rows Removed by Filter": 1033479}]}]}, "Triggers": [], "Planner Runtime": 10, "Total Runtime": 3681.428, "Unique SQL Id": 2492542741}}, "(64, 81)": {"explain_plan": {"Plan": {"Node Type": "Aggregate", "Strategy": "Plain", "Startup Cost": 401683.89, "Total Cost": 401683.9, "Plan Rows": 1, "Plan Width": 113, "Plans": [{"Node Type": "Merge Join", "Parent Relationship": "Outer", "Join Type": "Inner", "Startup Cost": 255433.27, "Total Cost": 396804.69, "Plan Rows": 650559, "Plan Width": 45, "Inner Unique": true, "Merge Cond": "(mc.movie_id = t.id)", "Plans": [{"Node Type": "Merge Join", "Parent Relationship": "Outer", "Join Type": "Inner", "Startup Cost": 255430.67, "Total Cost": 269265.04, "Plan Rows": 501180, "Plan Width": 32, "Inner Unique": false, "Merge Cond": "(mi_idx.movie_id = mc.movie_id)", "Plans": [{"Node Type": "Sort", "Parent Relationship": "Outer", "Startup Cost": 53487.25, "Total Cost": 54349.77, "Plan Rows": 345008, "Plan Width": 4, "Sort Key": ["mi_idx.movie_id"], "Plans": [{"Node Type": "Nested Loop", "Parent Relationship": "Outer", "Join Type": "Inner", "Startup Cost": 7502.06, "Total Cost": 21752.95, "Plan Rows": 345008, "Plan Width": 4, "Inner Unique": false, "Plans": [{"Node Type": "Index Scan", "Parent Relationship": "Outer", "Scan Direction": "Forward", "Index Name": "info_type_pkey", "Relation Name": "info_type", "Alias": "it", "Startup Cost": 0.0, "Total Cost": 14.21, "Plan Rows": 1, "Plan Width": 4, "Filter": "((info)::text = 'bottom 10 rank'::text)"}, {"Node Type": "Bitmap Heap Scan", "Parent Relationship": "Inner", "Relation Name": "movie_info_idx", "Alias": "mi_idx", "Startup Cost": 7502.06, "Total Cost": 18288.66, "Plan Rows": 345008, "Plan Width": 8, "Recheck Cond": "(info_type_id = it.id), (LLVM Optimized)", "Plans": [{"Node Type": "Bitmap Index Scan", "Parent Relationship": "Outer", "Index Name": "info_type_id_movie_info_idx", "Startup Cost": 0.0, "Total Cost": 7415.81, "Plan Rows": 345008, "Plan Width": 0, "Index Cond": "(info_type_id = it.id)"}]}]}]}, {"Node Type": "Sort", "Parent Relationship": "Inner", "Startup Cost": 201943.39, "Total Cost": 205204.68, "Plan Rows": 1304518, "Plan Width": 28, "Sort Key": ["mc.movie_id"], "Plans": [{"Node Type": "Nested Loop", "Parent Relationship": "Outer", "Join Type": "Inner", "Startup Cost": 0.0, "Total Cost": 69436.41, "Plan Rows": 1304518, "Plan Width": 28, "Inner Unique": false, "Plans": [{"Node Type": "Index Scan", "Parent Relationship": "Outer", "Scan Direction": "Forward", "Index Name": "company_type_pkey", "Relation Name": "company_type", "Alias": "ct", "Startup Cost": 0.0, "Total Cost": 12.3, "Plan Rows": 1, "Plan Width": 4, "Filter": "((kind)::text = 'production companies'::text)"}, {"Node Type": "Index Scan", "Parent Relationship": "Inner", "Scan Direction": "Forward", "Index Name": "company_type_id_movie_companies", "Relation Name": "movie_companies", "Alias": "mc", "Startup Cost": 0.0, "Total Cost": 56378.94, "Plan Rows": 1304517, "Plan Width": 32, "Index Cond": "(company_type_id = ct.id), (LLVM Optimized)", "Filter": "((note)::text !~~ '%(as Metro-Goldwyn-Mayer Pictures)%'::text), (LLVM Optimized)"}]}]}]}, {"Node Type": "Index Scan", "Parent Relationship": "Inner", "Scan Direction": "Forward", "Index Name": "title_pkey", "Relation Name": "title", "Alias": "t", "Startup Cost": 0.0, "Total Cost": 116441.27, "Plan Rows": 1381886, "Plan Width": 25, "Filter": "(production_year > 2000), (LLVM Optimized)"}]}]}, "Unique SQL Id": 2492542741, "Planner Runtime": 9}, "explain_analyze_plan": {"Plan": {"Node Type": "Aggregate", "Strategy": "Plain", "Startup Cost": 401683.89, "Total Cost": 401683.9, "Plan Rows": 1, "Plan Width": 113, "Actual Startup Time": 3703.747, "Actual Total Time": 3703.748, "Actual Rows": 1, "Actual Loops": 1, "Plans": [{"Node Type": "Merge Join", "Parent Relationship": "Outer", "Join Type": "Inner", "Startup Cost": 255433.27, "Total Cost": 396804.69, "Plan Rows": 650559, "Plan Width": 45, "Actual Startup Time": 3078.901, "Actual Total Time": 3703.697, "Actual Rows": 4, "Actual Loops": 1, "Inner Unique": true, "Merge Cond": "(mc.movie_id = t.id)", "Plans": [{"Node Type": "Merge Join", "Parent Relationship": "Outer", "Join Type": "Inner", "Startup Cost": 255430.67, "Total Cost": 269265.04, "Plan Rows": 501180, "Plan Width": 32, "Actual Startup Time": 777.067, "Actual Total Time": 797.918, "Actual Rows": 5, "Actual Loops": 1, "Inner Unique": false, "Merge Cond": "(mi_idx.movie_id = mc.movie_id)", "Plans": [{"Node Type": "Sort", "Parent Relationship": "Outer", "Startup Cost": 53487.25, "Total Cost": 54349.77, "Plan Rows": 345008, "Plan Width": 4, "Actual Startup Time": 0.159, "Actual Total Time": 0.165, "Actual Rows": 10, "Actual Loops": 1, "Sort Key": ["mi_idx.movie_id"], "Sort Method": "quicksort", "Sort Space Used": 25, "Sort Space Type": "Memory", "Plans": [{"Node Type": "Nested Loop", "Parent Relationship": "Outer", "Join Type": "Inner", "Startup Cost": 7502.06, "Total Cost": 21752.95, "Plan Rows": 345008, "Plan Width": 4, "Actual Startup Time": 0.131, "Actual Total Time": 0.134, "Actual Rows": 10, "Actual Loops": 1, "Inner Unique": false, "Plans": [{"Node Type": "Index Scan", "Parent Relationship": "Outer", "Scan Direction": "Forward", "Index Name": "info_type_pkey", "Relation Name": "info_type", "Alias": "it", "Startup Cost": 0.0, "Total Cost": 14.21, "Plan Rows": 1, "Plan Width": 4, "Actual Startup Time": 0.087, "Actual Total Time": 0.088, "Actual Rows": 1, "Actual Loops": 1, "Filter": "((info)::text = 'bottom 10 rank'::text)", "Rows Removed by Filter": 111}, {"Node Type": "Bitmap Heap Scan", "Parent Relationship": "Inner", "Relation Name": "movie_info_idx", "Alias": "mi_idx", "Startup Cost": 7502.06, "Total Cost": 18288.66, "Plan Rows": 345008, "Plan Width": 8, "Actual Startup Time": 0.034, "Actual Total Time": 0.034, "Actual Rows": 10, "Actual Loops": 1, "Recheck Cond": "(info_type_id = it.id), (LLVM Optimized, Jit Execute)", "Rows Removed by Index Recheck": 0, "Exact Heap Blocks": 1, "Lossy Heap Blocks": 1, "Plans": [{"Node Type": "Bitmap Index Scan", "Parent Relationship": "Outer", "Index Name": "info_type_id_movie_info_idx", "Startup Cost": 0.0, "Total Cost": 7415.81, "Plan Rows": 345008, "Plan Width": 0, "Actual Startup Time": 0.019, "Actual Total Time": 0.019, "Actual Rows": 10, "Actual Loops": 1, "Index Cond": "(info_type_id = it.id)"}]}]}]}, {"Node Type": "Sort", "Parent Relationship": "Inner", "Startup Cost": 201943.39, "Total Cost": 205204.68, "Plan Rows": 1304518, "Plan Width": 28, "Actual Startup Time": 759.354, "Actual Total Time": 776.148, "Actual Rows": 132371, "Actual Loops": 1, "Sort Key": ["mc.movie_id"], "Sort Method": "quicksort", "Sort Space Used": 20170, "Sort Space Type": "Memory", "Plans": [{"Node Type": "Nested Loop", "Parent Relationship": "Outer", "Join Type": "Inner", "Startup Cost": 0.0, "Total Cost": 69436.41, "Plan Rows": 1304518, "Plan Width": 28, "Actual Startup Time": 0.107, "Actual Total Time": 705.862, "Actual Rows": 140904, "Actual Loops": 1, "Inner Unique": false, "Plans": [{"Node Type": "Index Scan", "Parent Relationship": "Outer", "Scan Direction": "Forward", "Index Name": "company_type_pkey", "Relation Name": "company_type", "Alias": "ct", "Startup Cost": 0.0, "Total Cost": 12.3, "Plan Rows": 1, "Plan Width": 4, "Actual Startup Time": 0.006, "Actual Total Time": 0.016, "Actual Rows": 1, "Actual Loops": 1, "Filter": "((kind)::text = 'production companies'::text)", "Rows Removed by Filter": 2}, {"Node Type": "Index Scan", "Parent Relationship": "Inner", "Scan Direction": "Forward", "Index Name": "company_type_id_movie_companies", "Relation Name": "movie_companies", "Alias": "mc", "Startup Cost": 0.0, "Total Cost": 56378.94, "Plan Rows": 1304517, "Plan Width": 32, "Actual Startup Time": 0.098, "Actual Total Time": 676.957, "Actual Rows": 140904, "Actual Loops": 1, "Index Cond": "(company_type_id = ct.id), (LLVM Optimized, Jit Execute)", "Rows Removed by Index Recheck": 0, "Filter": "((note)::text !~~ '%(as Metro-Goldwyn-Mayer Pictures)%'::text), (LLVM Optimized, Jit Execute)", "Rows Removed by Filter": 1193979}]}]}]}, {"Node Type": "Index Scan", "Parent Relationship": "Inner", "Scan Direction": "Forward", "Index Name": "title_pkey", "Relation Name": "title", "Alias": "t", "Startup Cost": 0.0, "Total Cost": 116441.27, "Plan Rows": 1381886, "Plan Width": 25, "Actual Startup Time": 0.045, "Actual Total Time": 2719.894, "Actual Rows": 1289090, "Actual Loops": 1, "Filter": "(production_year > 2000), (LLVM Optimized, Jit Execute)", "Rows Removed by Filter": 1033479}]}]}, "Triggers": [], "Planner Runtime": 8, "Total Runtime": 3714.091, "Unique SQL Id": 2492542741}}, "(64, 82)": {"explain_plan": {"Plan": {"Node Type": "Aggregate", "Strategy": "Plain", "Startup Cost": 1779857.51, "Total Cost": 1779857.52, "Plan Rows": 1, "Plan Width": 113, "Plans": [{"Node Type": "Merge Join", "Parent Relationship": "Outer", "Join Type": "Inner", "Startup Cost": 1760731.0, "Total Cost": 1774978.32, "Plan Rows": 650559, "Plan Width": 45, "Inner Unique": false, "Merge Cond": "(t.id = mc.movie_id)", "Plans": [{"Node Type": "Sort", "Parent Relationship": "Outer", "Startup Cost": 1550612.7, "Total Cost": 1551732.3, "Plan Rows": 447839, "Plan Width": 29, "Sort Key": ["mi_idx.movie_id"], "Plans": [{"Node Type": "Nested Loop", "Parent Relationship": "Outer", "Join Type": "Inner", "Startup Cost": 7502.35, "Total Cost": 1508577.14, "Plan Rows": 447839, "Plan Width": 29, "Inner Unique": true, "Plans": [{"Node Type": "Nested Loop", "Parent Relationship": "Outer", "Join Type": "Inner", "Startup Cost": 7502.06, "Total Cost": 21741.14, "Plan Rows": 345008, "Plan Width": 4, "Inner Unique": false, "Plans": [{"Node Type": "Seq Scan", "Parent Relationship": "Outer", "Relation Name": "info_type", "Alias": "it", "Startup Cost": 0.0, "Total Cost": 2.4, "Plan Rows": 1, "Plan Width": 4, "Filter": "((info)::text = 'bottom 10 rank'::text)"}, {"Node Type": "Bitmap Heap Scan", "Parent Relationship": "Inner", "Relation Name": "movie_info_idx", "Alias": "mi_idx", "Startup Cost": 7502.06, "Total Cost": 18288.66, "Plan Rows": 345008, "Plan Width": 8, "Recheck Cond": "(info_type_id = it.id), (LLVM Optimized)", "Plans": [{"Node Type": "Bitmap Index Scan", "Parent Relationship": "Outer", "Index Name": "info_type_id_movie_info_idx", "Startup Cost": 0.0, "Total Cost": 7415.81, "Plan Rows": 345008, "Plan Width": 0, "Index Cond": "(info_type_id = it.id)"}]}]}, {"Node Type": "Bitmap Heap Scan", "Parent Relationship": "Inner", "Relation Name": "title", "Alias": "t", "Startup Cost": 0.28, "Total Cost": 4.3, "Plan Rows": 1, "Plan Width": 25, "Recheck Cond": "(id = mi_idx.movie_id)", "Filter": "(production_year > 2000)", "Plans": [{"Node Type": "Bitmap Index Scan", "Parent Relationship": "Outer", "Index Name": "title_pkey", "Startup Cost": 0.0, "Total Cost": 0.28, "Plan Rows": 1, "Plan Width": 0, "Index Cond": "(id = mi_idx.movie_id)"}]}]}]}, {"Node Type": "Sort", "Parent Relationship": "Inner", "Startup Cost": 210118.25, "Total Cost": 213379.54, "Plan Rows": 1304518, "Plan Width": 28, "Sort Key": ["mc.movie_id"], "Plans": [{"Node Type": "Nested Loop", "Parent Relationship": "Outer", "Join Type": "Inner", "Startup Cost": 29270.61, "Total Cost": 77611.28, "Plan Rows": 1304518, "Plan Width": 28, "Inner Unique": false, "Plans": [{"Node Type": "Seq Scan", "Parent Relationship": "Outer", "Relation Name": "company_type", "Alias": "ct", "Startup Cost": 0.0, "Total Cost": 1.04, "Plan Rows": 1, "Plan Width": 4, "Filter": "((kind)::text = 'production companies'::text)"}, {"Node Type": "Bitmap Heap Scan", "Parent Relationship": "Inner", "Relation Name": "movie_companies", "Alias": "mc", "Startup Cost": 29270.61, "Total Cost": 64565.07, "Plan Rows": 1304517, "Plan Width": 32, "Recheck Cond": "(company_type_id = ct.id), (LLVM Optimized)", "Filter": "((note)::text !~~ '%(as Metro-Goldwyn-Mayer Pictures)%'::text), (LLVM Optimized)", "Plans": [{"Node Type": "Bitmap Index Scan", "Parent Relationship": "Outer", "Index Name": "company_type_id_movie_companies", "Startup Cost": 0.0, "Total Cost": 28944.48, "Plan Rows": 1304564, "Plan Width": 0, "Index Cond": "(company_type_id = ct.id)"}]}]}]}]}]}, "Unique SQL Id": 2492542741, "Planner Runtime": 7}, "explain_analyze_plan": {"Plan": {"Node Type": "Aggregate", "Strategy": "Plain", "Startup Cost": 1779857.51, "Total Cost": 1779857.52, "Plan Rows": 1, "Plan Width": 113, "Actual Startup Time": 720.019, "Actual Total Time": 720.02, "Actual Rows": 1, "Actual Loops": 1, "Plans": [{"Node Type": "Merge Join", "Parent Relationship": "Outer", "Join Type": "Inner", "Startup Cost": 1760731.0, "Total Cost": 1774978.32, "Plan Rows": 650559, "Plan Width": 45, "Actual Startup Time": 704.243, "Actual Total Time": 719.977, "Actual Rows": 4, "Actual Loops": 1, "Inner Unique": false, "Merge Cond": "(t.id = mc.movie_id)", "Plans": [{"Node Type": "Sort", "Parent Relationship": "Outer", "Startup Cost": 1550612.7, "Total Cost": 1551732.3, "Plan Rows": 447839, "Plan Width": 29, "Actual Startup Time": 0.29, "Actual Total Time": 0.291, "Actual Rows": 6, "Actual Loops": 1, "Sort Key": ["mi_idx.movie_id"], "Sort Method": "quicksort", "Sort Space Used": 25, "Sort Space Type": "Memory", "Plans": [{"Node Type": "Nested Loop", "Parent Relationship": "Outer", "Join Type": "Inner", "Startup Cost": 7502.35, "Total Cost": 1508577.14, "Plan Rows": 447839, "Plan Width": 29, "Actual Startup Time": 0.151, "Actual Total Time": 0.269, "Actual Rows": 6, "Actual Loops": 1, "Inner Unique": true, "Plans": [{"Node Type": "Nested Loop", "Parent Relationship": "Outer", "Join Type": "Inner", "Startup Cost": 7502.06, "Total Cost": 21741.14, "Plan Rows": 345008, "Plan Width": 4, "Actual Startup Time": 0.108, "Actual Total Time": 0.116, "Actual Rows": 10, "Actual Loops": 1, "Inner Unique": false, "Plans": [{"Node Type": "Seq Scan", "Parent Relationship": "Outer", "Relation Name": "info_type", "Alias": "it", "Startup Cost": 0.0, "Total Cost": 2.4, "Plan Rows": 1, "Plan Width": 4, "Actual Startup Time": 0.06, "Actual Total Time": 0.064, "Actual Rows": 1, "Actual Loops": 1, "Filter": "((info)::text = 'bottom 10 rank'::text)", "Rows Removed by Filter": 111}, {"Node Type": "Bitmap Heap Scan", "Parent Relationship": "Inner", "Relation Name": "movie_info_idx", "Alias": "mi_idx", "Startup Cost": 7502.06, "Total Cost": 18288.66, "Plan Rows": 345008, "Plan Width": 8, "Actual Startup Time": 0.039, "Actual Total Time": 0.039, "Actual Rows": 10, "Actual Loops": 1, "Recheck Cond": "(info_type_id = it.id), (LLVM Optimized)", "Rows Removed by Index Recheck": 0, "Exact Heap Blocks": 1, "Lossy Heap Blocks": 1, "Plans": [{"Node Type": "Bitmap Index Scan", "Parent Relationship": "Outer", "Index Name": "info_type_id_movie_info_idx", "Startup Cost": 0.0, "Total Cost": 7415.81, "Plan Rows": 345008, "Plan Width": 0, "Actual Startup Time": 0.019, "Actual Total Time": 0.019, "Actual Rows": 10, "Actual Loops": 1, "Index Cond": "(info_type_id = it.id)"}]}]}, {"Node Type": "Bitmap Heap Scan", "Parent Relationship": "Inner", "Relation Name": "title", "Alias": "t", "Startup Cost": 0.28, "Total Cost": 4.3, "Plan Rows": 1, "Plan Width": 25, "Actual Startup Time": 0.137, "Actual Total Time": 0.137, "Actual Rows": 6, "Actual Loops": 10, "Recheck Cond": "(id = mi_idx.movie_id)", "Rows Removed by Index Recheck": 0, "Filter": "(production_year > 2000)", "Rows Removed by Filter": 4, "Exact Heap Blocks": 10, "Lossy Heap Blocks": 10, "Plans": [{"Node Type": "Bitmap Index Scan", "Parent Relationship": "Outer", "Index Name": "title_pkey", "Startup Cost": 0.0, "Total Cost": 0.28, "Plan Rows": 1, "Plan Width": 0, "Actual Startup Time": 0.084, "Actual Total Time": 0.084, "Actual Rows": 10, "Actual Loops": 10, "Index Cond": "(id = mi_idx.movie_id)"}]}]}]}, {"Node Type": "Sort", "Parent Relationship": "Inner", "Startup Cost": 210118.25, "Total Cost": 213379.54, "Plan Rows": 1304518, "Plan Width": 28, "Actual Startup Time": 686.439, "Actual Total Time": 700.19, "Actual Rows": 124632, "Actual Loops": 1, "Sort Key": ["mc.movie_id"], "Sort Method": "quicksort", "Sort Space Used": 20170, "Sort Space Type": "Memory", "Plans": [{"Node Type": "Nested Loop", "Parent Relationship": "Outer", "Join Type": "Inner", "Startup Cost": 29270.61, "Total Cost": 77611.28, "Plan Rows": 1304518, "Plan Width": 28, "Actual Startup Time": 150.443, "Actual Total Time": 635.275, "Actual Rows": 140904, "Actual Loops": 1, "Inner Unique": false, "Plans": [{"Node Type": "Seq Scan", "Parent Relationship": "Outer", "Relation Name": "company_type", "Alias": "ct", "Startup Cost": 0.0, "Total Cost": 1.04, "Plan Rows": 1, "Plan Width": 4, "Actual Startup Time": 0.008, "Actual Total Time": 0.017, "Actual Rows": 1, "Actual Loops": 1, "Filter": "((kind)::text = 'production companies'::text)", "Rows Removed by Filter": 2}, {"Node Type": "Bitmap Heap Scan", "Parent Relationship": "Inner", "Relation Name": "movie_companies", "Alias": "mc", "Startup Cost": 29270.61, "Total Cost": 64565.07, "Plan Rows": 1304517, "Plan Width": 32, "Actual Startup Time": 150.43, "Actual Total Time": 607.719, "Actual Rows": 140904, "Actual Loops": 1, "Recheck Cond": "(company_type_id = ct.id), (LLVM Optimized)", "Rows Removed by Index Recheck": 0, "Filter": "((note)::text !~~ '%(as Metro-Goldwyn-Mayer Pictures)%'::text), (LLVM Optimized)", "Rows Removed by Filter": 1193979, "Exact Heap Blocks": 6196, "Lossy Heap Blocks": 6196, "Plans": [{"Node Type": "Bitmap Index Scan", "Parent Relationship": "Outer", "Index Name": "company_type_id_movie_companies", "Startup Cost": 0.0, "Total Cost": 28944.48, "Plan Rows": 1304564, "Plan Width": 0, "Actual Startup Time": 149.188, "Actual Total Time": 149.188, "Actual Rows": 1334883, "Actual Loops": 1, "Index Cond": "(company_type_id = ct.id)"}]}]}]}]}]}, "Triggers": [], "Planner Runtime": 6, "Total Runtime": 730.055, "Unique SQL Id": 2492542741}}, "(64, 83)": {"explain_plan": {"Plan": {"Node Type": "Aggregate", "Strategy": "Plain", "Startup Cost": 554320.87, "Total Cost": 554320.88, "Plan Rows": 1, "Plan Width": 113, "Plans": [{"Node Type": "Merge Join", "Parent Relationship": "Outer", "Join Type": "Inner", "Startup Cost": 520946.1, "Total Cost": 549441.67, "Plan Rows": 650559, "Plan Width": 45, "Inner Unique": true, "Merge Cond": "(mc.movie_id = t.id)", "Plans": [{"Node Type": "Merge Join", "Parent Relationship": "Outer", "Join Type": "Inner", "Startup Cost": 263616.8, "Total Cost": 277451.17, "Plan Rows": 501180, "Plan Width": 32, "Inner Unique": false, "Merge Cond": "(mi_idx.movie_id = mc.movie_id)", "Plans": [{"Node Type": "Sort", "Parent Relationship": "Outer", "Startup Cost": 53487.25, "Total Cost": 54349.77, "Plan Rows": 345008, "Plan Width": 4, "Sort Key": ["mi_idx.movie_id"], "Plans": [{"Node Type": "Nested Loop", "Parent Relationship": "Outer", "Join Type": "Inner", "Startup Cost": 7510.87, "Total Cost": 21752.95, "Plan Rows": 345008, "Plan Width": 4, "Inner Unique": false, "Plans": [{"Node Type": "Bitmap Heap Scan", "Parent Relationship": "Outer", "Relation Name": "info_type", "Alias": "it", "Startup Cost": 8.81, "Total Cost": 14.21, "Plan Rows": 1, "Plan Width": 4, "Filter": "((info)::text = 'bottom 10 rank'::text)", "Plans": [{"Node Type": "Bitmap Index Scan", "Parent Relationship": "Outer", "Index Name": "info_type_pkey", "Startup Cost": 0.0, "Total Cost": 8.81, "Plan Rows": 112, "Plan Width": 0}]}, {"Node Type": "Bitmap Heap Scan", "Parent Relationship": "Inner", "Relation Name": "movie_info_idx", "Alias": "mi_idx", "Startup Cost": 7502.06, "Total Cost": 18288.66, "Plan Rows": 345008, "Plan Width": 8, "Recheck Cond": "(info_type_id = it.id), (LLVM Optimized)", "Plans": [{"Node Type": "Bitmap Index Scan", "Parent Relationship": "Outer", "Index Name": "info_type_id_movie_info_idx", "Startup Cost": 0.0, "Total Cost": 7415.81, "Plan Rows": 345008, "Plan Width": 0, "Index Cond": "(info_type_id = it.id)"}]}]}]}, {"Node Type": "Sort", "Parent Relationship": "Inner", "Startup Cost": 210129.52, "Total Cost": 213390.81, "Plan Rows": 1304518, "Plan Width": 28, "Sort Key": ["mc.movie_id"], "Plans": [{"Node Type": "Nested Loop", "Parent Relationship": "Outer", "Join Type": "Inner", "Startup Cost": 29278.87, "Total Cost": 77622.54, "Plan Rows": 1304518, "Plan Width": 28, "Inner Unique": false, "Plans": [{"Node Type": "Bitmap Heap Scan", "Parent Relationship": "Outer", "Relation Name": "company_type", "Alias": "ct", "Startup Cost": 8.27, "Total Cost": 12.3, "Plan Rows": 1, "Plan Width": 4, "Filter": "((kind)::text = 'production companies'::text)", "Plans": [{"Node Type": "Bitmap Index Scan", "Parent Relationship": "Outer", "Index Name": "company_type_pkey", "Startup Cost": 0.0, "Total Cost": 8.27, "Plan Rows": 3, "Plan Width": 0}]}, {"Node Type": "Bitmap Heap Scan", "Parent Relationship": "Inner", "Relation Name": "movie_companies", "Alias": "mc", "Startup Cost": 29270.61, "Total Cost": 64565.07, "Plan Rows": 1304517, "Plan Width": 32, "Recheck Cond": "(company_type_id = ct.id), (LLVM Optimized)", "Filter": "((note)::text !~~ '%(as Metro-Goldwyn-Mayer Pictures)%'::text), (LLVM Optimized)", "Plans": [{"Node Type": "Bitmap Index Scan", "Parent Relationship": "Outer", "Index Name": "company_type_id_movie_companies", "Startup Cost": 0.0, "Total Cost": 28944.48, "Plan Rows": 1304564, "Plan Width": 0, "Index Cond": "(company_type_id = ct.id)"}]}]}]}]}, {"Node Type": "Sort", "Parent Relationship": "Inner", "Startup Cost": 257329.15, "Total Cost": 260783.86, "Plan Rows": 1381886, "Plan Width": 25, "Sort Key": ["t.id"], "Plans": [{"Node Type": "Bitmap Heap Scan", "Parent Relationship": "Outer", "Relation Name": "title", "Alias": "t", "Startup Cost": 49999.28, "Total Cost": 116389.16, "Plan Rows": 1381886, "Plan Width": 25, "Filter": "(production_year > 2000), (LLVM Optimized)", "Plans": [{"Node Type": "Bitmap Index Scan", "Parent Relationship": "Outer", "Index Name": "title_pkey", "Startup Cost": 0.0, "Total Cost": 49653.81, "Plan Rows": 2528311, "Plan Width": 0}]}]}]}]}, "Unique SQL Id": 2492542741, "Planner Runtime": 6}, "explain_analyze_plan": {"Plan": {"Node Type": "Aggregate", "Strategy": "Plain", "Startup Cost": 554320.87, "Total Cost": 554320.88, "Plan Rows": 1, "Plan Width": 113, "Actual Startup Time": 3225.576, "Actual Total Time": 3225.576, "Actual Rows": 1, "Actual Loops": 1, "Plans": [{"Node Type": "Merge Join", "Parent Relationship": "Outer", "Join Type": "Inner", "Startup Cost": 520946.1, "Total Cost": 549441.67, "Plan Rows": 650559, "Plan Width": 45, "Actual Startup Time": 3135.825, "Actual Total Time": 3225.529, "Actual Rows": 4, "Actual Loops": 1, "Inner Unique": true, "Merge Cond": "(mc.movie_id = t.id)", "Plans": [{"Node Type": "Merge Join", "Parent Relationship": "Outer", "Join Type": "Inner", "Startup Cost": 263616.8, "Total Cost": 277451.17, "Plan Rows": 501180, "Plan Width": 32, "Actual Startup Time": 672.934, "Actual Total Time": 690.869, "Actual Rows": 5, "Actual Loops": 1, "Inner Unique": false, "Merge Cond": "(mi_idx.movie_id = mc.movie_id)", "Plans": [{"Node Type": "Sort", "Parent Relationship": "Outer", "Startup Cost": 53487.25, "Total Cost": 54349.77, "Plan Rows": 345008, "Plan Width": 4, "Actual Startup Time": 0.147, "Actual Total Time": 0.152, "Actual Rows": 10, "Actual Loops": 1, "Sort Key": ["mi_idx.movie_id"], "Sort Method": "quicksort", "Sort Space Used": 25, "Sort Space Type": "Memory", "Plans": [{"Node Type": "Nested Loop", "Parent Relationship": "Outer", "Join Type": "Inner", "Startup Cost": 7510.87, "Total Cost": 21752.95, "Plan Rows": 345008, "Plan Width": 4, "Actual Startup Time": 0.122, "Actual Total Time": 0.127, "Actual Rows": 10, "Actual Loops": 1, "Inner Unique": false, "Plans": [{"Node Type": "Bitmap Heap Scan", "Parent Relationship": "Outer", "Relation Name": "info_type", "Alias": "it", "Startup Cost": 8.81, "Total Cost": 14.21, "Plan Rows": 1, "Plan Width": 4, "Actual Startup Time": 0.089, "Actual Total Time": 0.089, "Actual Rows": 1, "Actual Loops": 1, "Filter": "((info)::text = 'bottom 10 rank'::text)", "Rows Removed by Filter": 111, "Exact Heap Blocks": 1, "Lossy Heap Blocks": 1, "Plans": [{"Node Type": "Bitmap Index Scan", "Parent Relationship": "Outer", "Index Name": "info_type_pkey", "Startup Cost": 0.0, "Total Cost": 8.81, "Plan Rows": 112, "Plan Width": 0, "Actual Startup Time": 0.017, "Actual Total Time": 0.017, "Actual Rows": 112, "Actual Loops": 1}]}, {"Node Type": "Bitmap Heap Scan", "Parent Relationship": "Inner", "Relation Name": "movie_info_idx", "Alias": "mi_idx", "Startup Cost": 7502.06, "Total Cost": 18288.66, "Plan Rows": 345008, "Plan Width": 8, "Actual Startup Time": 0.026, "Actual Total Time": 0.028, "Actual Rows": 10, "Actual Loops": 1, "Recheck Cond": "(info_type_id = it.id), (LLVM Optimized, Jit Execute)", "Rows Removed by Index Recheck": 0, "Exact Heap Blocks": 1, "Lossy Heap Blocks": 1, "Plans": [{"Node Type": "Bitmap Index Scan", "Parent Relationship": "Outer", "Index Name": "info_type_id_movie_info_idx", "Startup Cost": 0.0, "Total Cost": 7415.81, "Plan Rows": 345008, "Plan Width": 0, "Actual Startup Time": 0.015, "Actual Total Time": 0.015, "Actual Rows": 10, "Actual Loops": 1, "Index Cond": "(info_type_id = it.id)"}]}]}]}, {"Node Type": "Sort", "Parent Relationship": "Inner", "Startup Cost": 210129.52, "Total Cost": 213390.81, "Plan Rows": 1304518, "Plan Width": 28, "Actual Startup Time": 655.688, "Actual Total Time": 669.785, "Actual Rows": 132371, "Actual Loops": 1, "Sort Key": ["mc.movie_id"], "Sort Method": "quicksort", "Sort Space Used": 20170, "Sort Space Type": "Memory", "Plans": [{"Node Type": "Nested Loop", "Parent Relationship": "Outer", "Join Type": "Inner", "Startup Cost": 29278.87, "Total Cost": 77622.54, "Plan Rows": 1304518, "Plan Width": 28, "Actual Startup Time": 150.603, "Actual Total Time": 604.758, "Actual Rows": 140904, "Actual Loops": 1, "Inner Unique": false, "Plans": [{"Node Type": "Bitmap Heap Scan", "Parent Relationship": "Outer", "Relation Name": "company_type", "Alias": "ct", "Startup Cost": 8.27, "Total Cost": 12.3, "Plan Rows": 1, "Plan Width": 4, "Actual Startup Time": 0.007, "Actual Total Time": 0.014, "Actual Rows": 1, "Actual Loops": 1, "Filter": "((kind)::text = 'production companies'::text)", "Rows Removed by Filter": 2, "Exact Heap Blocks": 1, "Lossy Heap Blocks": 1, "Plans": [{"Node Type": "Bitmap Index Scan", "Parent Relationship": "Outer", "Index Name": "company_type_pkey", "Startup Cost": 0.0, "Total Cost": 8.27, "Plan Rows": 3, "Plan Width": 0, "Actual Startup Time": 0.002, "Actual Total Time": 0.002, "Actual Rows": 3, "Actual Loops": 1}]}, {"Node Type": "Bitmap Heap Scan", "Parent Relationship": "Inner", "Relation Name": "movie_companies", "Alias": "mc", "Startup Cost": 29270.61, "Total Cost": 64565.07, "Plan Rows": 1304517, "Plan Width": 32, "Actual Startup Time": 150.589, "Actual Total Time": 576.907, "Actual Rows": 140904, "Actual Loops": 1, "Recheck Cond": "(company_type_id = ct.id), (LLVM Optimized, Jit Execute)", "Rows Removed by Index Recheck": 0, "Filter": "((note)::text !~~ '%(as Metro-Goldwyn-Mayer Pictures)%'::text), (LLVM Optimized, Jit Execute)", "Rows Removed by Filter": 1193979, "Exact Heap Blocks": 6196, "Lossy Heap Blocks": 6196, "Plans": [{"Node Type": "Bitmap Index Scan", "Parent Relationship": "Outer", "Index Name": "company_type_id_movie_companies", "Startup Cost": 0.0, "Total Cost": 28944.48, "Plan Rows": 1304564, "Plan Width": 0, "Actual Startup Time": 149.346, "Actual Total Time": 149.346, "Actual Rows": 1334883, "Actual Loops": 1, "Index Cond": "(company_type_id = ct.id)"}]}]}]}]}, {"Node Type": "Sort", "Parent Relationship": "Inner", "Startup Cost": 257329.15, "Total Cost": 260783.86, "Plan Rows": 1381886, "Plan Width": 25, "Actual Startup Time": 2092.371, "Actual Total Time": 2327.819, "Actual Rows": 1289090, "Actual Loops": 1, "Sort Key": ["t.id"], "Sort Method": "quicksort", "Sort Space Used": 186407, "Sort Space Type": "Memory", "Plans": [{"Node Type": "Bitmap Heap Scan", "Parent Relationship": "Outer", "Relation Name": "title", "Alias": "t", "Startup Cost": 49999.28, "Total Cost": 116389.16, "Plan Rows": 1381886, "Plan Width": 25, "Actual Startup Time": 303.401, "Actual Total Time": 1488.907, "Actual Rows": 1381453, "Actual Loops": 1, "Filter": "(production_year > 2000), (LLVM Optimized, Jit Execute)", "Rows Removed by Filter": 1146858, "Exact Heap Blocks": 34786, "Lossy Heap Blocks": 34786, "Plans": [{"Node Type": "Bitmap Index Scan", "Parent Relationship": "Outer", "Index Name": "title_pkey", "Startup Cost": 0.0, "Total Cost": 49653.81, "Plan Rows": 2528311, "Plan Width": 0, "Actual Startup Time": 295.533, "Actual Total Time": 295.533, "Actual Rows": 2528311, "Actual Loops": 1}]}]}]}]}, "Triggers": [], "Planner Runtime": 6, "Total Runtime": 3235.917, "Unique SQL Id": 2492542741}}, "(64, 84)": {"explain_plan": {"Plan": {"Node Type": "Aggregate", "Strategy": "Plain", "Startup Cost": 401660.81, "Total Cost": 401660.82, "Plan Rows": 1, "Plan Width": 113, "Plans": [{"Node Type": "Merge Join", "Parent Relationship": "Outer", "Join Type": "Inner", "Startup Cost": 255410.2, "Total Cost": 396781.62, "Plan Rows": 650559, "Plan Width": 45, "Inner Unique": true, "Merge Cond": "(mc.movie_id = t.id)", "Plans": [{"Node Type": "Merge Join", "Parent Relationship": "Outer", "Join Type": "Inner", "Startup Cost": 255407.59, "Total Cost": 269241.97, "Plan Rows": 501180, "Plan Width": 32, "Inner Unique": false, "Merge Cond": "(mi_idx.movie_id = mc.movie_id)", "Plans": [{"Node Type": "Sort", "Parent Relationship": "Outer", "Startup Cost": 53475.44, "Total Cost": 54337.96, "Plan Rows": 345008, "Plan Width": 4, "Sort Key": ["mi_idx.movie_id"], "Plans": [{"Node Type": "Nested Loop", "Parent Relationship": "Outer", "Join Type": "Inner", "Startup Cost": 7502.06, "Total Cost": 21741.14, "Plan Rows": 345008, "Plan Width": 4, "Inner Unique": false, "Plans": [{"Node Type": "Seq Scan", "Parent Relationship": "Outer", "Relation Name": "info_type", "Alias": "it", "Startup Cost": 0.0, "Total Cost": 2.4, "Plan Rows": 1, "Plan Width": 4, "Filter": "((info)::text = 'bottom 10 rank'::text)"}, {"Node Type": "Bitmap Heap Scan", "Parent Relationship": "Inner", "Relation Name": "movie_info_idx", "Alias": "mi_idx", "Startup Cost": 7502.06, "Total Cost": 18288.66, "Plan Rows": 345008, "Plan Width": 8, "Recheck Cond": "(info_type_id = it.id), (LLVM Optimized)", "Plans": [{"Node Type": "Bitmap Index Scan", "Parent Relationship": "Outer", "Index Name": "info_type_id_movie_info_idx", "Startup Cost": 0.0, "Total Cost": 7415.81, "Plan Rows": 345008, "Plan Width": 0, "Index Cond": "(info_type_id = it.id)"}]}]}]}, {"Node Type": "Sort", "Parent Relationship": "Inner", "Startup Cost": 201932.12, "Total Cost": 205193.42, "Plan Rows": 1304518, "Plan Width": 28, "Sort Key": ["mc.movie_id"], "Plans": [{"Node Type": "Nested Loop", "Parent Relationship": "Outer", "Join Type": "Inner", "Startup Cost": 0.0, "Total Cost": 69425.15, "Plan Rows": 1304518, "Plan Width": 28, "Inner Unique": false, "Plans": [{"Node Type": "Seq Scan", "Parent Relationship": "Outer", "Relation Name": "company_type", "Alias": "ct", "Startup Cost": 0.0, "Total Cost": 1.04, "Plan Rows": 1, "Plan Width": 4, "Filter": "((kind)::text = 'production companies'::text)"}, {"Node Type": "Index Scan", "Parent Relationship": "Inner", "Scan Direction": "Forward", "Index Name": "company_type_id_movie_companies", "Relation Name": "movie_companies", "Alias": "mc", "Startup Cost": 0.0, "Total Cost": 56378.94, "Plan Rows": 1304517, "Plan Width": 32, "Index Cond": "(company_type_id = ct.id), (LLVM Optimized)", "Filter": "((note)::text !~~ '%(as Metro-Goldwyn-Mayer Pictures)%'::text), (LLVM Optimized)"}]}]}]}, {"Node Type": "Index Scan", "Parent Relationship": "Inner", "Scan Direction": "Forward", "Index Name": "title_pkey", "Relation Name": "title", "Alias": "t", "Startup Cost": 0.0, "Total Cost": 116441.27, "Plan Rows": 1381886, "Plan Width": 25, "Filter": "(production_year > 2000), (LLVM Optimized)"}]}]}, "Unique SQL Id": 2492542741, "Planner Runtime": 10}, "explain_analyze_plan": {"Plan": {"Node Type": "Aggregate", "Strategy": "Plain", "Startup Cost": 401660.81, "Total Cost": 401660.82, "Plan Rows": 1, "Plan Width": 113, "Actual Startup Time": 3671.197, "Actual Total Time": 3671.198, "Actual Rows": 1, "Actual Loops": 1, "Plans": [{"Node Type": "Merge Join", "Parent Relationship": "Outer", "Join Type": "Inner", "Startup Cost": 255410.2, "Total Cost": 396781.62, "Plan Rows": 650559, "Plan Width": 45, "Actual Startup Time": 3035.601, "Actual Total Time": 3671.148, "Actual Rows": 4, "Actual Loops": 1, "Inner Unique": true, "Merge Cond": "(mc.movie_id = t.id)", "Plans": [{"Node Type": "Merge Join", "Parent Relationship": "Outer", "Join Type": "Inner", "Startup Cost": 255407.59, "Total Cost": 269241.97, "Plan Rows": 501180, "Plan Width": 32, "Actual Startup Time": 816.517, "Actual Total Time": 835.629, "Actual Rows": 5, "Actual Loops": 1, "Inner Unique": false, "Merge Cond": "(mi_idx.movie_id = mc.movie_id)", "Plans": [{"Node Type": "Sort", "Parent Relationship": "Outer", "Startup Cost": 53475.44, "Total Cost": 54337.96, "Plan Rows": 345008, "Plan Width": 4, "Actual Startup Time": 0.134, "Actual Total Time": 0.139, "Actual Rows": 10, "Actual Loops": 1, "Sort Key": ["mi_idx.movie_id"], "Sort Method": "quicksort", "Sort Space Used": 25, "Sort Space Type": "Memory", "Plans": [{"Node Type": "Nested Loop", "Parent Relationship": "Outer", "Join Type": "Inner", "Startup Cost": 7502.06, "Total Cost": 21741.14, "Plan Rows": 345008, "Plan Width": 4, "Actual Startup Time": 0.104, "Actual Total Time": 0.111, "Actual Rows": 10, "Actual Loops": 1, "Inner Unique": false, "Plans": [{"Node Type": "Seq Scan", "Parent Relationship": "Outer", "Relation Name": "info_type", "Alias": "it", "Startup Cost": 0.0, "Total Cost": 2.4, "Plan Rows": 1, "Plan Width": 4, "Actual Startup Time": 0.061, "Actual Total Time": 0.064, "Actual Rows": 1, "Actual Loops": 1, "Filter": "((info)::text = 'bottom 10 rank'::text)", "Rows Removed by Filter": 111}, {"Node Type": "Bitmap Heap Scan", "Parent Relationship": "Inner", "Relation Name": "movie_info_idx", "Alias": "mi_idx", "Startup Cost": 7502.06, "Total Cost": 18288.66, "Plan Rows": 345008, "Plan Width": 8, "Actual Startup Time": 0.035, "Actual Total Time": 0.036, "Actual Rows": 10, "Actual Loops": 1, "Recheck Cond": "(info_type_id = it.id), (LLVM Optimized, Jit Execute)", "Rows Removed by Index Recheck": 0, "Exact Heap Blocks": 1, "Lossy Heap Blocks": 1, "Plans": [{"Node Type": "Bitmap Index Scan", "Parent Relationship": "Outer", "Index Name": "info_type_id_movie_info_idx", "Startup Cost": 0.0, "Total Cost": 7415.81, "Plan Rows": 345008, "Plan Width": 0, "Actual Startup Time": 0.019, "Actual Total Time": 0.019, "Actual Rows": 10, "Actual Loops": 1, "Index Cond": "(info_type_id = it.id)"}]}]}]}, {"Node Type": "Sort", "Parent Relationship": "Inner", "Startup Cost": 201932.12, "Total Cost": 205193.42, "Plan Rows": 1304518, "Plan Width": 28, "Actual Startup Time": 797.389, "Actual Total Time": 813.695, "Actual Rows": 132371, "Actual Loops": 1, "Sort Key": ["mc.movie_id"], "Sort Method": "quicksort", "Sort Space Used": 20170, "Sort Space Type": "Memory", "Plans": [{"Node Type": "Nested Loop", "Parent Relationship": "Outer", "Join Type": "Inner", "Startup Cost": 0.0, "Total Cost": 69425.15, "Plan Rows": 1304518, "Plan Width": 28, "Actual Startup Time": 0.107, "Actual Total Time": 742.217, "Actual Rows": 140904, "Actual Loops": 1, "Inner Unique": false, "Plans": [{"Node Type": "Seq Scan", "Parent Relationship": "Outer", "Relation Name": "company_type", "Alias": "ct", "Startup Cost": 0.0, "Total Cost": 1.04, "Plan Rows": 1, "Plan Width": 4, "Actual Startup Time": 0.008, "Actual Total Time": 0.015, "Actual Rows": 1, "Actual Loops": 1, "Filter": "((kind)::text = 'production companies'::text)", "Rows Removed by Filter": 2}, {"Node Type": "Index Scan", "Parent Relationship": "Inner", "Scan Direction": "Forward", "Index Name": "company_type_id_movie_companies", "Relation Name": "movie_companies", "Alias": "mc", "Startup Cost": 0.0, "Total Cost": 56378.94, "Plan Rows": 1304517, "Plan Width": 32, "Actual Startup Time": 0.096, "Actual Total Time": 713.271, "Actual Rows": 140904, "Actual Loops": 1, "Index Cond": "(company_type_id = ct.id), (LLVM Optimized, Jit Execute)", "Rows Removed by Index Recheck": 0, "Filter": "((note)::text !~~ '%(as Metro-Goldwyn-Mayer Pictures)%'::text), (LLVM Optimized, Jit Execute)", "Rows Removed by Filter": 1193979}]}]}]}, {"Node Type": "Index Scan", "Parent Relationship": "Inner", "Scan Direction": "Forward", "Index Name": "title_pkey", "Relation Name": "title", "Alias": "t", "Startup Cost": 0.0, "Total Cost": 116441.27, "Plan Rows": 1381886, "Plan Width": 25, "Actual Startup Time": 0.052, "Actual Total Time": 2649.031, "Actual Rows": 1289090, "Actual Loops": 1, "Filter": "(production_year > 2000), (LLVM Optimized, Jit Execute)", "Rows Removed by Filter": 1033479}]}]}, "Triggers": [], "Planner Runtime": 10, "Total Runtime": 3681.428, "Unique SQL Id": 2492542741}}, "(64, 85)": {"explain_plan": {"Plan": {"Node Type": "Aggregate", "Strategy": "Plain", "Startup Cost": 401683.89, "Total Cost": 401683.9, "Plan Rows": 1, "Plan Width": 113, "Plans": [{"Node Type": "Merge Join", "Parent Relationship": "Outer", "Join Type": "Inner", "Startup Cost": 255433.27, "Total Cost": 396804.69, "Plan Rows": 650559, "Plan Width": 45, "Inner Unique": true, "Merge Cond": "(mc.movie_id = t.id)", "Plans": [{"Node Type": "Merge Join", "Parent Relationship": "Outer", "Join Type": "Inner", "Startup Cost": 255430.67, "Total Cost": 269265.04, "Plan Rows": 501180, "Plan Width": 32, "Inner Unique": false, "Merge Cond": "(mi_idx.movie_id = mc.movie_id)", "Plans": [{"Node Type": "Sort", "Parent Relationship": "Outer", "Startup Cost": 53487.25, "Total Cost": 54349.77, "Plan Rows": 345008, "Plan Width": 4, "Sort Key": ["mi_idx.movie_id"], "Plans": [{"Node Type": "Nested Loop", "Parent Relationship": "Outer", "Join Type": "Inner", "Startup Cost": 7502.06, "Total Cost": 21752.95, "Plan Rows": 345008, "Plan Width": 4, "Inner Unique": false, "Plans": [{"Node Type": "Index Scan", "Parent Relationship": "Outer", "Scan Direction": "Forward", "Index Name": "info_type_pkey", "Relation Name": "info_type", "Alias": "it", "Startup Cost": 0.0, "Total Cost": 14.21, "Plan Rows": 1, "Plan Width": 4, "Filter": "((info)::text = 'bottom 10 rank'::text)"}, {"Node Type": "Bitmap Heap Scan", "Parent Relationship": "Inner", "Relation Name": "movie_info_idx", "Alias": "mi_idx", "Startup Cost": 7502.06, "Total Cost": 18288.66, "Plan Rows": 345008, "Plan Width": 8, "Recheck Cond": "(info_type_id = it.id), (LLVM Optimized)", "Plans": [{"Node Type": "Bitmap Index Scan", "Parent Relationship": "Outer", "Index Name": "info_type_id_movie_info_idx", "Startup Cost": 0.0, "Total Cost": 7415.81, "Plan Rows": 345008, "Plan Width": 0, "Index Cond": "(info_type_id = it.id)"}]}]}]}, {"Node Type": "Sort", "Parent Relationship": "Inner", "Startup Cost": 201943.39, "Total Cost": 205204.68, "Plan Rows": 1304518, "Plan Width": 28, "Sort Key": ["mc.movie_id"], "Plans": [{"Node Type": "Nested Loop", "Parent Relationship": "Outer", "Join Type": "Inner", "Startup Cost": 0.0, "Total Cost": 69436.41, "Plan Rows": 1304518, "Plan Width": 28, "Inner Unique": false, "Plans": [{"Node Type": "Index Scan", "Parent Relationship": "Outer", "Scan Direction": "Forward", "Index Name": "company_type_pkey", "Relation Name": "company_type", "Alias": "ct", "Startup Cost": 0.0, "Total Cost": 12.3, "Plan Rows": 1, "Plan Width": 4, "Filter": "((kind)::text = 'production companies'::text)"}, {"Node Type": "Index Scan", "Parent Relationship": "Inner", "Scan Direction": "Forward", "Index Name": "company_type_id_movie_companies", "Relation Name": "movie_companies", "Alias": "mc", "Startup Cost": 0.0, "Total Cost": 56378.94, "Plan Rows": 1304517, "Plan Width": 32, "Index Cond": "(company_type_id = ct.id), (LLVM Optimized)", "Filter": "((note)::text !~~ '%(as Metro-Goldwyn-Mayer Pictures)%'::text), (LLVM Optimized)"}]}]}]}, {"Node Type": "Index Scan", "Parent Relationship": "Inner", "Scan Direction": "Forward", "Index Name": "title_pkey", "Relation Name": "title", "Alias": "t", "Startup Cost": 0.0, "Total Cost": 116441.27, "Plan Rows": 1381886, "Plan Width": 25, "Filter": "(production_year > 2000), (LLVM Optimized)"}]}]}, "Unique SQL Id": 2492542741, "Planner Runtime": 8}, "explain_analyze_plan": {"Plan": {"Node Type": "Aggregate", "Strategy": "Plain", "Startup Cost": 401683.89, "Total Cost": 401683.9, "Plan Rows": 1, "Plan Width": 113, "Actual Startup Time": 3703.747, "Actual Total Time": 3703.748, "Actual Rows": 1, "Actual Loops": 1, "Plans": [{"Node Type": "Merge Join", "Parent Relationship": "Outer", "Join Type": "Inner", "Startup Cost": 255433.27, "Total Cost": 396804.69, "Plan Rows": 650559, "Plan Width": 45, "Actual Startup Time": 3078.901, "Actual Total Time": 3703.697, "Actual Rows": 4, "Actual Loops": 1, "Inner Unique": true, "Merge Cond": "(mc.movie_id = t.id)", "Plans": [{"Node Type": "Merge Join", "Parent Relationship": "Outer", "Join Type": "Inner", "Startup Cost": 255430.67, "Total Cost": 269265.04, "Plan Rows": 501180, "Plan Width": 32, "Actual Startup Time": 777.067, "Actual Total Time": 797.918, "Actual Rows": 5, "Actual Loops": 1, "Inner Unique": false, "Merge Cond": "(mi_idx.movie_id = mc.movie_id)", "Plans": [{"Node Type": "Sort", "Parent Relationship": "Outer", "Startup Cost": 53487.25, "Total Cost": 54349.77, "Plan Rows": 345008, "Plan Width": 4, "Actual Startup Time": 0.159, "Actual Total Time": 0.165, "Actual Rows": 10, "Actual Loops": 1, "Sort Key": ["mi_idx.movie_id"], "Sort Method": "quicksort", "Sort Space Used": 25, "Sort Space Type": "Memory", "Plans": [{"Node Type": "Nested Loop", "Parent Relationship": "Outer", "Join Type": "Inner", "Startup Cost": 7502.06, "Total Cost": 21752.95, "Plan Rows": 345008, "Plan Width": 4, "Actual Startup Time": 0.131, "Actual Total Time": 0.134, "Actual Rows": 10, "Actual Loops": 1, "Inner Unique": false, "Plans": [{"Node Type": "Index Scan", "Parent Relationship": "Outer", "Scan Direction": "Forward", "Index Name": "info_type_pkey", "Relation Name": "info_type", "Alias": "it", "Startup Cost": 0.0, "Total Cost": 14.21, "Plan Rows": 1, "Plan Width": 4, "Actual Startup Time": 0.087, "Actual Total Time": 0.088, "Actual Rows": 1, "Actual Loops": 1, "Filter": "((info)::text = 'bottom 10 rank'::text)", "Rows Removed by Filter": 111}, {"Node Type": "Bitmap Heap Scan", "Parent Relationship": "Inner", "Relation Name": "movie_info_idx", "Alias": "mi_idx", "Startup Cost": 7502.06, "Total Cost": 18288.66, "Plan Rows": 345008, "Plan Width": 8, "Actual Startup Time": 0.034, "Actual Total Time": 0.034, "Actual Rows": 10, "Actual Loops": 1, "Recheck Cond": "(info_type_id = it.id), (LLVM Optimized, Jit Execute)", "Rows Removed by Index Recheck": 0, "Exact Heap Blocks": 1, "Lossy Heap Blocks": 1, "Plans": [{"Node Type": "Bitmap Index Scan", "Parent Relationship": "Outer", "Index Name": "info_type_id_movie_info_idx", "Startup Cost": 0.0, "Total Cost": 7415.81, "Plan Rows": 345008, "Plan Width": 0, "Actual Startup Time": 0.019, "Actual Total Time": 0.019, "Actual Rows": 10, "Actual Loops": 1, "Index Cond": "(info_type_id = it.id)"}]}]}]}, {"Node Type": "Sort", "Parent Relationship": "Inner", "Startup Cost": 201943.39, "Total Cost": 205204.68, "Plan Rows": 1304518, "Plan Width": 28, "Actual Startup Time": 759.354, "Actual Total Time": 776.148, "Actual Rows": 132371, "Actual Loops": 1, "Sort Key": ["mc.movie_id"], "Sort Method": "quicksort", "Sort Space Used": 20170, "Sort Space Type": "Memory", "Plans": [{"Node Type": "Nested Loop", "Parent Relationship": "Outer", "Join Type": "Inner", "Startup Cost": 0.0, "Total Cost": 69436.41, "Plan Rows": 1304518, "Plan Width": 28, "Actual Startup Time": 0.107, "Actual Total Time": 705.862, "Actual Rows": 140904, "Actual Loops": 1, "Inner Unique": false, "Plans": [{"Node Type": "Index Scan", "Parent Relationship": "Outer", "Scan Direction": "Forward", "Index Name": "company_type_pkey", "Relation Name": "company_type", "Alias": "ct", "Startup Cost": 0.0, "Total Cost": 12.3, "Plan Rows": 1, "Plan Width": 4, "Actual Startup Time": 0.006, "Actual Total Time": 0.016, "Actual Rows": 1, "Actual Loops": 1, "Filter": "((kind)::text = 'production companies'::text)", "Rows Removed by Filter": 2}, {"Node Type": "Index Scan", "Parent Relationship": "Inner", "Scan Direction": "Forward", "Index Name": "company_type_id_movie_companies", "Relation Name": "movie_companies", "Alias": "mc", "Startup Cost": 0.0, "Total Cost": 56378.94, "Plan Rows": 1304517, "Plan Width": 32, "Actual Startup Time": 0.098, "Actual Total Time": 676.957, "Actual Rows": 140904, "Actual Loops": 1, "Index Cond": "(company_type_id = ct.id), (LLVM Optimized, Jit Execute)", "Rows Removed by Index Recheck": 0, "Filter": "((note)::text !~~ '%(as Metro-Goldwyn-Mayer Pictures)%'::text), (LLVM Optimized, Jit Execute)", "Rows Removed by Filter": 1193979}]}]}]}, {"Node Type": "Index Scan", "Parent Relationship": "Inner", "Scan Direction": "Forward", "Index Name": "title_pkey", "Relation Name": "title", "Alias": "t", "Startup Cost": 0.0, "Total Cost": 116441.27, "Plan Rows": 1381886, "Plan Width": 25, "Actual Startup Time": 0.045, "Actual Total Time": 2719.894, "Actual Rows": 1289090, "Actual Loops": 1, "Filter": "(production_year > 2000), (LLVM Optimized, Jit Execute)", "Rows Removed by Filter": 1033479}]}]}, "Triggers": [], "Planner Runtime": 8, "Total Runtime": 3714.091, "Unique SQL Id": 2492542741}}, "(64, 86)": {"explain_plan": {"Plan": {"Node Type": "Aggregate", "Strategy": "Plain", "Startup Cost": 1779857.51, "Total Cost": 1779857.52, "Plan Rows": 1, "Plan Width": 113, "Plans": [{"Node Type": "Merge Join", "Parent Relationship": "Outer", "Join Type": "Inner", "Startup Cost": 1760731.0, "Total Cost": 1774978.32, "Plan Rows": 650559, "Plan Width": 45, "Inner Unique": false, "Merge Cond": "(t.id = mc.movie_id)", "Plans": [{"Node Type": "Sort", "Parent Relationship": "Outer", "Startup Cost": 1550612.7, "Total Cost": 1551732.3, "Plan Rows": 447839, "Plan Width": 29, "Sort Key": ["mi_idx.movie_id"], "Plans": [{"Node Type": "Nested Loop", "Parent Relationship": "Outer", "Join Type": "Inner", "Startup Cost": 7502.35, "Total Cost": 1508577.14, "Plan Rows": 447839, "Plan Width": 29, "Inner Unique": true, "Plans": [{"Node Type": "Nested Loop", "Parent Relationship": "Outer", "Join Type": "Inner", "Startup Cost": 7502.06, "Total Cost": 21741.14, "Plan Rows": 345008, "Plan Width": 4, "Inner Unique": false, "Plans": [{"Node Type": "Seq Scan", "Parent Relationship": "Outer", "Relation Name": "info_type", "Alias": "it", "Startup Cost": 0.0, "Total Cost": 2.4, "Plan Rows": 1, "Plan Width": 4, "Filter": "((info)::text = 'bottom 10 rank'::text)"}, {"Node Type": "Bitmap Heap Scan", "Parent Relationship": "Inner", "Relation Name": "movie_info_idx", "Alias": "mi_idx", "Startup Cost": 7502.06, "Total Cost": 18288.66, "Plan Rows": 345008, "Plan Width": 8, "Recheck Cond": "(info_type_id = it.id), (LLVM Optimized)", "Plans": [{"Node Type": "Bitmap Index Scan", "Parent Relationship": "Outer", "Index Name": "info_type_id_movie_info_idx", "Startup Cost": 0.0, "Total Cost": 7415.81, "Plan Rows": 345008, "Plan Width": 0, "Index Cond": "(info_type_id = it.id)"}]}]}, {"Node Type": "Bitmap Heap Scan", "Parent Relationship": "Inner", "Relation Name": "title", "Alias": "t", "Startup Cost": 0.28, "Total Cost": 4.3, "Plan Rows": 1, "Plan Width": 25, "Recheck Cond": "(id = mi_idx.movie_id)", "Filter": "(production_year > 2000)", "Plans": [{"Node Type": "Bitmap Index Scan", "Parent Relationship": "Outer", "Index Name": "title_pkey", "Startup Cost": 0.0, "Total Cost": 0.28, "Plan Rows": 1, "Plan Width": 0, "Index Cond": "(id = mi_idx.movie_id)"}]}]}]}, {"Node Type": "Sort", "Parent Relationship": "Inner", "Startup Cost": 210118.25, "Total Cost": 213379.54, "Plan Rows": 1304518, "Plan Width": 28, "Sort Key": ["mc.movie_id"], "Plans": [{"Node Type": "Nested Loop", "Parent Relationship": "Outer", "Join Type": "Inner", "Startup Cost": 29270.61, "Total Cost": 77611.28, "Plan Rows": 1304518, "Plan Width": 28, "Inner Unique": false, "Plans": [{"Node Type": "Seq Scan", "Parent Relationship": "Outer", "Relation Name": "company_type", "Alias": "ct", "Startup Cost": 0.0, "Total Cost": 1.04, "Plan Rows": 1, "Plan Width": 4, "Filter": "((kind)::text = 'production companies'::text)"}, {"Node Type": "Bitmap Heap Scan", "Parent Relationship": "Inner", "Relation Name": "movie_companies", "Alias": "mc", "Startup Cost": 29270.61, "Total Cost": 64565.07, "Plan Rows": 1304517, "Plan Width": 32, "Recheck Cond": "(company_type_id = ct.id), (LLVM Optimized)", "Filter": "((note)::text !~~ '%(as Metro-Goldwyn-Mayer Pictures)%'::text), (LLVM Optimized)", "Plans": [{"Node Type": "Bitmap Index Scan", "Parent Relationship": "Outer", "Index Name": "company_type_id_movie_companies", "Startup Cost": 0.0, "Total Cost": 28944.48, "Plan Rows": 1304564, "Plan Width": 0, "Index Cond": "(company_type_id = ct.id)"}]}]}]}]}]}, "Unique SQL Id": 2492542741, "Planner Runtime": 6}, "explain_analyze_plan": {"Plan": {"Node Type": "Aggregate", "Strategy": "Plain", "Startup Cost": 1779857.51, "Total Cost": 1779857.52, "Plan Rows": 1, "Plan Width": 113, "Actual Startup Time": 720.019, "Actual Total Time": 720.02, "Actual Rows": 1, "Actual Loops": 1, "Plans": [{"Node Type": "Merge Join", "Parent Relationship": "Outer", "Join Type": "Inner", "Startup Cost": 1760731.0, "Total Cost": 1774978.32, "Plan Rows": 650559, "Plan Width": 45, "Actual Startup Time": 704.243, "Actual Total Time": 719.977, "Actual Rows": 4, "Actual Loops": 1, "Inner Unique": false, "Merge Cond": "(t.id = mc.movie_id)", "Plans": [{"Node Type": "Sort", "Parent Relationship": "Outer", "Startup Cost": 1550612.7, "Total Cost": 1551732.3, "Plan Rows": 447839, "Plan Width": 29, "Actual Startup Time": 0.29, "Actual Total Time": 0.291, "Actual Rows": 6, "Actual Loops": 1, "Sort Key": ["mi_idx.movie_id"], "Sort Method": "quicksort", "Sort Space Used": 25, "Sort Space Type": "Memory", "Plans": [{"Node Type": "Nested Loop", "Parent Relationship": "Outer", "Join Type": "Inner", "Startup Cost": 7502.35, "Total Cost": 1508577.14, "Plan Rows": 447839, "Plan Width": 29, "Actual Startup Time": 0.151, "Actual Total Time": 0.269, "Actual Rows": 6, "Actual Loops": 1, "Inner Unique": true, "Plans": [{"Node Type": "Nested Loop", "Parent Relationship": "Outer", "Join Type": "Inner", "Startup Cost": 7502.06, "Total Cost": 21741.14, "Plan Rows": 345008, "Plan Width": 4, "Actual Startup Time": 0.108, "Actual Total Time": 0.116, "Actual Rows": 10, "Actual Loops": 1, "Inner Unique": false, "Plans": [{"Node Type": "Seq Scan", "Parent Relationship": "Outer", "Relation Name": "info_type", "Alias": "it", "Startup Cost": 0.0, "Total Cost": 2.4, "Plan Rows": 1, "Plan Width": 4, "Actual Startup Time": 0.06, "Actual Total Time": 0.064, "Actual Rows": 1, "Actual Loops": 1, "Filter": "((info)::text = 'bottom 10 rank'::text)", "Rows Removed by Filter": 111}, {"Node Type": "Bitmap Heap Scan", "Parent Relationship": "Inner", "Relation Name": "movie_info_idx", "Alias": "mi_idx", "Startup Cost": 7502.06, "Total Cost": 18288.66, "Plan Rows": 345008, "Plan Width": 8, "Actual Startup Time": 0.039, "Actual Total Time": 0.039, "Actual Rows": 10, "Actual Loops": 1, "Recheck Cond": "(info_type_id = it.id), (LLVM Optimized)", "Rows Removed by Index Recheck": 0, "Exact Heap Blocks": 1, "Lossy Heap Blocks": 1, "Plans": [{"Node Type": "Bitmap Index Scan", "Parent Relationship": "Outer", "Index Name": "info_type_id_movie_info_idx", "Startup Cost": 0.0, "Total Cost": 7415.81, "Plan Rows": 345008, "Plan Width": 0, "Actual Startup Time": 0.019, "Actual Total Time": 0.019, "Actual Rows": 10, "Actual Loops": 1, "Index Cond": "(info_type_id = it.id)"}]}]}, {"Node Type": "Bitmap Heap Scan", "Parent Relationship": "Inner", "Relation Name": "title", "Alias": "t", "Startup Cost": 0.28, "Total Cost": 4.3, "Plan Rows": 1, "Plan Width": 25, "Actual Startup Time": 0.137, "Actual Total Time": 0.137, "Actual Rows": 6, "Actual Loops": 10, "Recheck Cond": "(id = mi_idx.movie_id)", "Rows Removed by Index Recheck": 0, "Filter": "(production_year > 2000)", "Rows Removed by Filter": 4, "Exact Heap Blocks": 10, "Lossy Heap Blocks": 10, "Plans": [{"Node Type": "Bitmap Index Scan", "Parent Relationship": "Outer", "Index Name": "title_pkey", "Startup Cost": 0.0, "Total Cost": 0.28, "Plan Rows": 1, "Plan Width": 0, "Actual Startup Time": 0.084, "Actual Total Time": 0.084, "Actual Rows": 10, "Actual Loops": 10, "Index Cond": "(id = mi_idx.movie_id)"}]}]}]}, {"Node Type": "Sort", "Parent Relationship": "Inner", "Startup Cost": 210118.25, "Total Cost": 213379.54, "Plan Rows": 1304518, "Plan Width": 28, "Actual Startup Time": 686.439, "Actual Total Time": 700.19, "Actual Rows": 124632, "Actual Loops": 1, "Sort Key": ["mc.movie_id"], "Sort Method": "quicksort", "Sort Space Used": 20170, "Sort Space Type": "Memory", "Plans": [{"Node Type": "Nested Loop", "Parent Relationship": "Outer", "Join Type": "Inner", "Startup Cost": 29270.61, "Total Cost": 77611.28, "Plan Rows": 1304518, "Plan Width": 28, "Actual Startup Time": 150.443, "Actual Total Time": 635.275, "Actual Rows": 140904, "Actual Loops": 1, "Inner Unique": false, "Plans": [{"Node Type": "Seq Scan", "Parent Relationship": "Outer", "Relation Name": "company_type", "Alias": "ct", "Startup Cost": 0.0, "Total Cost": 1.04, "Plan Rows": 1, "Plan Width": 4, "Actual Startup Time": 0.008, "Actual Total Time": 0.017, "Actual Rows": 1, "Actual Loops": 1, "Filter": "((kind)::text = 'production companies'::text)", "Rows Removed by Filter": 2}, {"Node Type": "Bitmap Heap Scan", "Parent Relationship": "Inner", "Relation Name": "movie_companies", "Alias": "mc", "Startup Cost": 29270.61, "Total Cost": 64565.07, "Plan Rows": 1304517, "Plan Width": 32, "Actual Startup Time": 150.43, "Actual Total Time": 607.719, "Actual Rows": 140904, "Actual Loops": 1, "Recheck Cond": "(company_type_id = ct.id), (LLVM Optimized)", "Rows Removed by Index Recheck": 0, "Filter": "((note)::text !~~ '%(as Metro-Goldwyn-Mayer Pictures)%'::text), (LLVM Optimized)", "Rows Removed by Filter": 1193979, "Exact Heap Blocks": 6196, "Lossy Heap Blocks": 6196, "Plans": [{"Node Type": "Bitmap Index Scan", "Parent Relationship": "Outer", "Index Name": "company_type_id_movie_companies", "Startup Cost": 0.0, "Total Cost": 28944.48, "Plan Rows": 1304564, "Plan Width": 0, "Actual Startup Time": 149.188, "Actual Total Time": 149.188, "Actual Rows": 1334883, "Actual Loops": 1, "Index Cond": "(company_type_id = ct.id)"}]}]}]}]}]}, "Triggers": [], "Planner Runtime": 6, "Total Runtime": 730.055, "Unique SQL Id": 2492542741}}, "(64, 87)": {"explain_plan": {"Plan": {"Node Type": "Aggregate", "Strategy": "Plain", "Startup Cost": 554320.87, "Total Cost": 554320.88, "Plan Rows": 1, "Plan Width": 113, "Plans": [{"Node Type": "Merge Join", "Parent Relationship": "Outer", "Join Type": "Inner", "Startup Cost": 520946.1, "Total Cost": 549441.67, "Plan Rows": 650559, "Plan Width": 45, "Inner Unique": true, "Merge Cond": "(mc.movie_id = t.id)", "Plans": [{"Node Type": "Merge Join", "Parent Relationship": "Outer", "Join Type": "Inner", "Startup Cost": 263616.8, "Total Cost": 277451.17, "Plan Rows": 501180, "Plan Width": 32, "Inner Unique": false, "Merge Cond": "(mi_idx.movie_id = mc.movie_id)", "Plans": [{"Node Type": "Sort", "Parent Relationship": "Outer", "Startup Cost": 53487.25, "Total Cost": 54349.77, "Plan Rows": 345008, "Plan Width": 4, "Sort Key": ["mi_idx.movie_id"], "Plans": [{"Node Type": "Nested Loop", "Parent Relationship": "Outer", "Join Type": "Inner", "Startup Cost": 7510.87, "Total Cost": 21752.95, "Plan Rows": 345008, "Plan Width": 4, "Inner Unique": false, "Plans": [{"Node Type": "Bitmap Heap Scan", "Parent Relationship": "Outer", "Relation Name": "info_type", "Alias": "it", "Startup Cost": 8.81, "Total Cost": 14.21, "Plan Rows": 1, "Plan Width": 4, "Filter": "((info)::text = 'bottom 10 rank'::text)", "Plans": [{"Node Type": "Bitmap Index Scan", "Parent Relationship": "Outer", "Index Name": "info_type_pkey", "Startup Cost": 0.0, "Total Cost": 8.81, "Plan Rows": 112, "Plan Width": 0}]}, {"Node Type": "Bitmap Heap Scan", "Parent Relationship": "Inner", "Relation Name": "movie_info_idx", "Alias": "mi_idx", "Startup Cost": 7502.06, "Total Cost": 18288.66, "Plan Rows": 345008, "Plan Width": 8, "Recheck Cond": "(info_type_id = it.id), (LLVM Optimized)", "Plans": [{"Node Type": "Bitmap Index Scan", "Parent Relationship": "Outer", "Index Name": "info_type_id_movie_info_idx", "Startup Cost": 0.0, "Total Cost": 7415.81, "Plan Rows": 345008, "Plan Width": 0, "Index Cond": "(info_type_id = it.id)"}]}]}]}, {"Node Type": "Sort", "Parent Relationship": "Inner", "Startup Cost": 210129.52, "Total Cost": 213390.81, "Plan Rows": 1304518, "Plan Width": 28, "Sort Key": ["mc.movie_id"], "Plans": [{"Node Type": "Nested Loop", "Parent Relationship": "Outer", "Join Type": "Inner", "Startup Cost": 29278.87, "Total Cost": 77622.54, "Plan Rows": 1304518, "Plan Width": 28, "Inner Unique": false, "Plans": [{"Node Type": "Bitmap Heap Scan", "Parent Relationship": "Outer", "Relation Name": "company_type", "Alias": "ct", "Startup Cost": 8.27, "Total Cost": 12.3, "Plan Rows": 1, "Plan Width": 4, "Filter": "((kind)::text = 'production companies'::text)", "Plans": [{"Node Type": "Bitmap Index Scan", "Parent Relationship": "Outer", "Index Name": "company_type_pkey", "Startup Cost": 0.0, "Total Cost": 8.27, "Plan Rows": 3, "Plan Width": 0}]}, {"Node Type": "Bitmap Heap Scan", "Parent Relationship": "Inner", "Relation Name": "movie_companies", "Alias": "mc", "Startup Cost": 29270.61, "Total Cost": 64565.07, "Plan Rows": 1304517, "Plan Width": 32, "Recheck Cond": "(company_type_id = ct.id), (LLVM Optimized)", "Filter": "((note)::text !~~ '%(as Metro-Goldwyn-Mayer Pictures)%'::text), (LLVM Optimized)", "Plans": [{"Node Type": "Bitmap Index Scan", "Parent Relationship": "Outer", "Index Name": "company_type_id_movie_companies", "Startup Cost": 0.0, "Total Cost": 28944.48, "Plan Rows": 1304564, "Plan Width": 0, "Index Cond": "(company_type_id = ct.id)"}]}]}]}]}, {"Node Type": "Sort", "Parent Relationship": "Inner", "Startup Cost": 257329.15, "Total Cost": 260783.86, "Plan Rows": 1381886, "Plan Width": 25, "Sort Key": ["t.id"], "Plans": [{"Node Type": "Bitmap Heap Scan", "Parent Relationship": "Outer", "Relation Name": "title", "Alias": "t", "Startup Cost": 49999.28, "Total Cost": 116389.16, "Plan Rows": 1381886, "Plan Width": 25, "Filter": "(production_year > 2000), (LLVM Optimized)", "Plans": [{"Node Type": "Bitmap Index Scan", "Parent Relationship": "Outer", "Index Name": "title_pkey", "Startup Cost": 0.0, "Total Cost": 49653.81, "Plan Rows": 2528311, "Plan Width": 0}]}]}]}]}, "Unique SQL Id": 2492542741, "Planner Runtime": 6}, "explain_analyze_plan": {"Plan": {"Node Type": "Aggregate", "Strategy": "Plain", "Startup Cost": 554320.87, "Total Cost": 554320.88, "Plan Rows": 1, "Plan Width": 113, "Actual Startup Time": 3225.576, "Actual Total Time": 3225.576, "Actual Rows": 1, "Actual Loops": 1, "Plans": [{"Node Type": "Merge Join", "Parent Relationship": "Outer", "Join Type": "Inner", "Startup Cost": 520946.1, "Total Cost": 549441.67, "Plan Rows": 650559, "Plan Width": 45, "Actual Startup Time": 3135.825, "Actual Total Time": 3225.529, "Actual Rows": 4, "Actual Loops": 1, "Inner Unique": true, "Merge Cond": "(mc.movie_id = t.id)", "Plans": [{"Node Type": "Merge Join", "Parent Relationship": "Outer", "Join Type": "Inner", "Startup Cost": 263616.8, "Total Cost": 277451.17, "Plan Rows": 501180, "Plan Width": 32, "Actual Startup Time": 672.934, "Actual Total Time": 690.869, "Actual Rows": 5, "Actual Loops": 1, "Inner Unique": false, "Merge Cond": "(mi_idx.movie_id = mc.movie_id)", "Plans": [{"Node Type": "Sort", "Parent Relationship": "Outer", "Startup Cost": 53487.25, "Total Cost": 54349.77, "Plan Rows": 345008, "Plan Width": 4, "Actual Startup Time": 0.147, "Actual Total Time": 0.152, "Actual Rows": 10, "Actual Loops": 1, "Sort Key": ["mi_idx.movie_id"], "Sort Method": "quicksort", "Sort Space Used": 25, "Sort Space Type": "Memory", "Plans": [{"Node Type": "Nested Loop", "Parent Relationship": "Outer", "Join Type": "Inner", "Startup Cost": 7510.87, "Total Cost": 21752.95, "Plan Rows": 345008, "Plan Width": 4, "Actual Startup Time": 0.122, "Actual Total Time": 0.127, "Actual Rows": 10, "Actual Loops": 1, "Inner Unique": false, "Plans": [{"Node Type": "Bitmap Heap Scan", "Parent Relationship": "Outer", "Relation Name": "info_type", "Alias": "it", "Startup Cost": 8.81, "Total Cost": 14.21, "Plan Rows": 1, "Plan Width": 4, "Actual Startup Time": 0.089, "Actual Total Time": 0.089, "Actual Rows": 1, "Actual Loops": 1, "Filter": "((info)::text = 'bottom 10 rank'::text)", "Rows Removed by Filter": 111, "Exact Heap Blocks": 1, "Lossy Heap Blocks": 1, "Plans": [{"Node Type": "Bitmap Index Scan", "Parent Relationship": "Outer", "Index Name": "info_type_pkey", "Startup Cost": 0.0, "Total Cost": 8.81, "Plan Rows": 112, "Plan Width": 0, "Actual Startup Time": 0.017, "Actual Total Time": 0.017, "Actual Rows": 112, "Actual Loops": 1}]}, {"Node Type": "Bitmap Heap Scan", "Parent Relationship": "Inner", "Relation Name": "movie_info_idx", "Alias": "mi_idx", "Startup Cost": 7502.06, "Total Cost": 18288.66, "Plan Rows": 345008, "Plan Width": 8, "Actual Startup Time": 0.026, "Actual Total Time": 0.028, "Actual Rows": 10, "Actual Loops": 1, "Recheck Cond": "(info_type_id = it.id), (LLVM Optimized, Jit Execute)", "Rows Removed by Index Recheck": 0, "Exact Heap Blocks": 1, "Lossy Heap Blocks": 1, "Plans": [{"Node Type": "Bitmap Index Scan", "Parent Relationship": "Outer", "Index Name": "info_type_id_movie_info_idx", "Startup Cost": 0.0, "Total Cost": 7415.81, "Plan Rows": 345008, "Plan Width": 0, "Actual Startup Time": 0.015, "Actual Total Time": 0.015, "Actual Rows": 10, "Actual Loops": 1, "Index Cond": "(info_type_id = it.id)"}]}]}]}, {"Node Type": "Sort", "Parent Relationship": "Inner", "Startup Cost": 210129.52, "Total Cost": 213390.81, "Plan Rows": 1304518, "Plan Width": 28, "Actual Startup Time": 655.688, "Actual Total Time": 669.785, "Actual Rows": 132371, "Actual Loops": 1, "Sort Key": ["mc.movie_id"], "Sort Method": "quicksort", "Sort Space Used": 20170, "Sort Space Type": "Memory", "Plans": [{"Node Type": "Nested Loop", "Parent Relationship": "Outer", "Join Type": "Inner", "Startup Cost": 29278.87, "Total Cost": 77622.54, "Plan Rows": 1304518, "Plan Width": 28, "Actual Startup Time": 150.603, "Actual Total Time": 604.758, "Actual Rows": 140904, "Actual Loops": 1, "Inner Unique": false, "Plans": [{"Node Type": "Bitmap Heap Scan", "Parent Relationship": "Outer", "Relation Name": "company_type", "Alias": "ct", "Startup Cost": 8.27, "Total Cost": 12.3, "Plan Rows": 1, "Plan Width": 4, "Actual Startup Time": 0.007, "Actual Total Time": 0.014, "Actual Rows": 1, "Actual Loops": 1, "Filter": "((kind)::text = 'production companies'::text)", "Rows Removed by Filter": 2, "Exact Heap Blocks": 1, "Lossy Heap Blocks": 1, "Plans": [{"Node Type": "Bitmap Index Scan", "Parent Relationship": "Outer", "Index Name": "company_type_pkey", "Startup Cost": 0.0, "Total Cost": 8.27, "Plan Rows": 3, "Plan Width": 0, "Actual Startup Time": 0.002, "Actual Total Time": 0.002, "Actual Rows": 3, "Actual Loops": 1}]}, {"Node Type": "Bitmap Heap Scan", "Parent Relationship": "Inner", "Relation Name": "movie_companies", "Alias": "mc", "Startup Cost": 29270.61, "Total Cost": 64565.07, "Plan Rows": 1304517, "Plan Width": 32, "Actual Startup Time": 150.589, "Actual Total Time": 576.907, "Actual Rows": 140904, "Actual Loops": 1, "Recheck Cond": "(company_type_id = ct.id), (LLVM Optimized, Jit Execute)", "Rows Removed by Index Recheck": 0, "Filter": "((note)::text !~~ '%(as Metro-Goldwyn-Mayer Pictures)%'::text), (LLVM Optimized, Jit Execute)", "Rows Removed by Filter": 1193979, "Exact Heap Blocks": 6196, "Lossy Heap Blocks": 6196, "Plans": [{"Node Type": "Bitmap Index Scan", "Parent Relationship": "Outer", "Index Name": "company_type_id_movie_companies", "Startup Cost": 0.0, "Total Cost": 28944.48, "Plan Rows": 1304564, "Plan Width": 0, "Actual Startup Time": 149.346, "Actual Total Time": 149.346, "Actual Rows": 1334883, "Actual Loops": 1, "Index Cond": "(company_type_id = ct.id)"}]}]}]}]}, {"Node Type": "Sort", "Parent Relationship": "Inner", "Startup Cost": 257329.15, "Total Cost": 260783.86, "Plan Rows": 1381886, "Plan Width": 25, "Actual Startup Time": 2092.371, "Actual Total Time": 2327.819, "Actual Rows": 1289090, "Actual Loops": 1, "Sort Key": ["t.id"], "Sort Method": "quicksort", "Sort Space Used": 186407, "Sort Space Type": "Memory", "Plans": [{"Node Type": "Bitmap Heap Scan", "Parent Relationship": "Outer", "Relation Name": "title", "Alias": "t", "Startup Cost": 49999.28, "Total Cost": 116389.16, "Plan Rows": 1381886, "Plan Width": 25, "Actual Startup Time": 303.401, "Actual Total Time": 1488.907, "Actual Rows": 1381453, "Actual Loops": 1, "Filter": "(production_year > 2000), (LLVM Optimized, Jit Execute)", "Rows Removed by Filter": 1146858, "Exact Heap Blocks": 34786, "Lossy Heap Blocks": 34786, "Plans": [{"Node Type": "Bitmap Index Scan", "Parent Relationship": "Outer", "Index Name": "title_pkey", "Startup Cost": 0.0, "Total Cost": 49653.81, "Plan Rows": 2528311, "Plan Width": 0, "Actual Startup Time": 295.533, "Actual Total Time": 295.533, "Actual Rows": 2528311, "Actual Loops": 1}]}]}]}]}, "Triggers": [], "Planner Runtime": 6, "Total Runtime": 3235.917, "Unique SQL Id": 2492542741}}, "(64, 88)": {"explain_plan": {"Plan": {"Node Type": "Aggregate", "Strategy": "Plain", "Startup Cost": 418246.06, "Total Cost": 418246.07, "Plan Rows": 1, "Plan Width": 113, "Plans": [{"Node Type": "Merge Join", "Parent Relationship": "Outer", "Join Type": "Inner", "Startup Cost": 271995.45, "Total Cost": 413366.87, "Plan Rows": 650559, "Plan Width": 45, "Inner Unique": true, "Merge Cond": "(mc.movie_id = t.id)", "Plans": [{"Node Type": "Merge Join", "Parent Relationship": "Outer", "Join Type": "Inner", "Startup Cost": 271992.84, "Total Cost": 285827.22, "Plan Rows": 501180, "Plan Width": 32, "Inner Unique": false, "Merge Cond": "(mi_idx.movie_id = mc.movie_id)", "Plans": [{"Node Type": "Sort", "Parent Relationship": "Outer", "Startup Cost": 70060.69, "Total Cost": 70923.21, "Plan Rows": 345008, "Plan Width": 4, "Sort Key": ["mi_idx.movie_id"], "Plans": [{"Node Type": "Nested Loop", "Parent Relationship": "Outer", "Join Type": "Inner", "Startup Cost": 0.0, "Total Cost": 38326.39, "Plan Rows": 345008, "Plan Width": 4, "Inner Unique": false, "Plans": [{"Node Type": "Seq Scan", "Parent Relationship": "Outer", "Relation Name": "info_type", "Alias": "it", "Startup Cost": 0.0, "Total Cost": 2.4, "Plan Rows": 1, "Plan Width": 4, "Filter": "((info)::text = 'bottom 10 rank'::text)"}, {"Node Type": "Index Scan", "Parent Relationship": "Inner", "Scan Direction": "Forward", "Index Name": "info_type_id_movie_info_idx", "Relation Name": "movie_info_idx", "Alias": "mi_idx", "Startup Cost": 0.0, "Total Cost": 34873.91, "Plan Rows": 345008, "Plan Width": 8, "Index Cond": "(info_type_id = it.id), (LLVM Optimized)"}]}]}, {"Node Type": "Sort", "Parent Relationship": "Inner", "Startup Cost": 201932.12, "Total Cost": 205193.42, "Plan Rows": 1304518, "Plan Width": 28, "Sort Key": ["mc.movie_id"], "Plans": [{"Node Type": "Nested Loop", "Parent Relationship": "Outer", "Join Type": "Inner", "Startup Cost": 0.0, "Total Cost": 69425.15, "Plan Rows": 1304518, "Plan Width": 28, "Inner Unique": false, "Plans": [{"Node Type": "Seq Scan", "Parent Relationship": "Outer", "Relation Name": "company_type", "Alias": "ct", "Startup Cost": 0.0, "Total Cost": 1.04, "Plan Rows": 1, "Plan Width": 4, "Filter": "((kind)::text = 'production companies'::text)"}, {"Node Type": "Index Scan", "Parent Relationship": "Inner", "Scan Direction": "Forward", "Index Name": "company_type_id_movie_companies", "Relation Name": "movie_companies", "Alias": "mc", "Startup Cost": 0.0, "Total Cost": 56378.94, "Plan Rows": 1304517, "Plan Width": 32, "Index Cond": "(company_type_id = ct.id), (LLVM Optimized)", "Filter": "((note)::text !~~ '%(as Metro-Goldwyn-Mayer Pictures)%'::text), (LLVM Optimized)"}]}]}]}, {"Node Type": "Index Scan", "Parent Relationship": "Inner", "Scan Direction": "Forward", "Index Name": "title_pkey", "Relation Name": "title", "Alias": "t", "Startup Cost": 0.0, "Total Cost": 116441.27, "Plan Rows": 1381886, "Plan Width": 25, "Filter": "(production_year > 2000), (LLVM Optimized)"}]}]}, "Unique SQL Id": 2492542741, "Planner Runtime": 9}, "explain_analyze_plan": {"Plan": {"Node Type": "Aggregate", "Strategy": "Plain", "Startup Cost": 418246.06, "Total Cost": 418246.07, "Plan Rows": 1, "Plan Width": 113, "Actual Startup Time": 3904.364, "Actual Total Time": 3904.364, "Actual Rows": 1, "Actual Loops": 1, "Plans": [{"Node Type": "Merge Join", "Parent Relationship": "Outer", "Join Type": "Inner", "Startup Cost": 271995.45, "Total Cost": 413366.87, "Plan Rows": 650559, "Plan Width": 45, "Actual Startup Time": 3250.308, "Actual Total Time": 3904.311, "Actual Rows": 4, "Actual Loops": 1, "Inner Unique": true, "Merge Cond": "(mc.movie_id = t.id)", "Plans": [{"Node Type": "Merge Join", "Parent Relationship": "Outer", "Join Type": "Inner", "Startup Cost": 271992.84, "Total Cost": 285827.22, "Plan Rows": 501180, "Plan Width": 32, "Actual Startup Time": 806.731, "Actual Total Time": 830.56, "Actual Rows": 5, "Actual Loops": 1, "Inner Unique": false, "Merge Cond": "(mi_idx.movie_id = mc.movie_id)", "Plans": [{"Node Type": "Sort", "Parent Relationship": "Outer", "Startup Cost": 70060.69, "Total Cost": 70923.21, "Plan Rows": 345008, "Plan Width": 4, "Actual Startup Time": 0.122, "Actual Total Time": 0.128, "Actual Rows": 10, "Actual Loops": 1, "Sort Key": ["mi_idx.movie_id"], "Sort Method": "quicksort", "Sort Space Used": 25, "Sort Space Type": "Memory", "Plans": [{"Node Type": "Nested Loop", "Parent Relationship": "Outer", "Join Type": "Inner", "Startup Cost": 0.0, "Total Cost": 38326.39, "Plan Rows": 345008, "Plan Width": 4, "Actual Startup Time": 0.088, "Actual Total Time": 0.102, "Actual Rows": 10, "Actual Loops": 1, "Inner Unique": false, "Plans": [{"Node Type": "Seq Scan", "Parent Relationship": "Outer", "Relation Name": "info_type", "Alias": "it", "Startup Cost": 0.0, "Total Cost": 2.4, "Plan Rows": 1, "Plan Width": 4, "Actual Startup Time": 0.059, "Actual Total Time": 0.063, "Actual Rows": 1, "Actual Loops": 1, "Filter": "((info)::text = 'bottom 10 rank'::text)", "Rows Removed by Filter": 111}, {"Node Type": "Index Scan", "Parent Relationship": "Inner", "Scan Direction": "Forward", "Index Name": "info_type_id_movie_info_idx", "Relation Name": "movie_info_idx", "Alias": "mi_idx", "Startup Cost": 0.0, "Total Cost": 34873.91, "Plan Rows": 345008, "Plan Width": 8, "Actual Startup Time": 0.023, "Actual Total Time": 0.029, "Actual Rows": 10, "Actual Loops": 1, "Index Cond": "(info_type_id = it.id), (LLVM Optimized, Jit Execute)", "Rows Removed by Index Recheck": 0}]}]}, {"Node Type": "Sort", "Parent Relationship": "Inner", "Startup Cost": 201932.12, "Total Cost": 205193.42, "Plan Rows": 1304518, "Plan Width": 28, "Actual Startup Time": 783.304, "Actual Total Time": 806.375, "Actual Rows": 132371, "Actual Loops": 1, "Sort Key": ["mc.movie_id"], "Sort Method": "quicksort", "Sort Space Used": 20170, "Sort Space Type": "Memory", "Plans": [{"Node Type": "Nested Loop", "Parent Relationship": "Outer", "Join Type": "Inner", "Startup Cost": 0.0, "Total Cost": 69425.15, "Plan Rows": 1304518, "Plan Width": 28, "Actual Startup Time": 0.106, "Actual Total Time": 727.799, "Actual Rows": 140904, "Actual Loops": 1, "Inner Unique": false, "Plans": [{"Node Type": "Seq Scan", "Parent Relationship": "Outer", "Relation Name": "company_type", "Alias": "ct", "Startup Cost": 0.0, "Total Cost": 1.04, "Plan Rows": 1, "Plan Width": 4, "Actual Startup Time": 0.007, "Actual Total Time": 0.016, "Actual Rows": 1, "Actual Loops": 1, "Filter": "((kind)::text = 'production companies'::text)", "Rows Removed by Filter": 2}, {"Node Type": "Index Scan", "Parent Relationship": "Inner", "Scan Direction": "Forward", "Index Name": "company_type_id_movie_companies", "Relation Name": "movie_companies", "Alias": "mc", "Startup Cost": 0.0, "Total Cost": 56378.94, "Plan Rows": 1304517, "Plan Width": 32, "Actual Startup Time": 0.096, "Actual Total Time": 698.824, "Actual Rows": 140904, "Actual Loops": 1, "Index Cond": "(company_type_id = ct.id), (LLVM Optimized, Jit Execute)", "Rows Removed by Index Recheck": 0, "Filter": "((note)::text !~~ '%(as Metro-Goldwyn-Mayer Pictures)%'::text), (LLVM Optimized, Jit Execute)", "Rows Removed by Filter": 1193979}]}]}]}, {"Node Type": "Index Scan", "Parent Relationship": "Inner", "Scan Direction": "Forward", "Index Name": "title_pkey", "Relation Name": "title", "Alias": "t", "Startup Cost": 0.0, "Total Cost": 116441.27, "Plan Rows": 1381886, "Plan Width": 25, "Actual Startup Time": 0.164, "Actual Total Time": 2887.494, "Actual Rows": 1289090, "Actual Loops": 1, "Filter": "(production_year > 2000), (LLVM Optimized, Jit Execute)", "Rows Removed by Filter": 1033479}]}]}, "Triggers": [], "Planner Runtime": 10, "Total Runtime": 3914.449, "Unique SQL Id": 2492542741}}, "(64, 89)": {"explain_plan": {"Plan": {"Node Type": "Aggregate", "Strategy": "Plain", "Startup Cost": 418269.13, "Total Cost": 418269.14, "Plan Rows": 1, "Plan Width": 113, "Plans": [{"Node Type": "Merge Join", "Parent Relationship": "Outer", "Join Type": "Inner", "Startup Cost": 272018.52, "Total Cost": 413389.94, "Plan Rows": 650559, "Plan Width": 45, "Inner Unique": true, "Merge Cond": "(mc.movie_id = t.id)", "Plans": [{"Node Type": "Merge Join", "Parent Relationship": "Outer", "Join Type": "Inner", "Startup Cost": 272015.92, "Total Cost": 285850.29, "Plan Rows": 501180, "Plan Width": 32, "Inner Unique": false, "Merge Cond": "(mi_idx.movie_id = mc.movie_id)", "Plans": [{"Node Type": "Sort", "Parent Relationship": "Outer", "Startup Cost": 70072.5, "Total Cost": 70935.02, "Plan Rows": 345008, "Plan Width": 4, "Sort Key": ["mi_idx.movie_id"], "Plans": [{"Node Type": "Nested Loop", "Parent Relationship": "Outer", "Join Type": "Inner", "Startup Cost": 0.0, "Total Cost": 38338.2, "Plan Rows": 345008, "Plan Width": 4, "Inner Unique": false, "Plans": [{"Node Type": "Index Scan", "Parent Relationship": "Outer", "Scan Direction": "Forward", "Index Name": "info_type_pkey", "Relation Name": "info_type", "Alias": "it", "Startup Cost": 0.0, "Total Cost": 14.21, "Plan Rows": 1, "Plan Width": 4, "Filter": "((info)::text = 'bottom 10 rank'::text)"}, {"Node Type": "Index Scan", "Parent Relationship": "Inner", "Scan Direction": "Forward", "Index Name": "info_type_id_movie_info_idx", "Relation Name": "movie_info_idx", "Alias": "mi_idx", "Startup Cost": 0.0, "Total Cost": 34873.91, "Plan Rows": 345008, "Plan Width": 8, "Index Cond": "(info_type_id = it.id), (LLVM Optimized)"}]}]}, {"Node Type": "Sort", "Parent Relationship": "Inner", "Startup Cost": 201943.39, "Total Cost": 205204.68, "Plan Rows": 1304518, "Plan Width": 28, "Sort Key": ["mc.movie_id"], "Plans": [{"Node Type": "Nested Loop", "Parent Relationship": "Outer", "Join Type": "Inner", "Startup Cost": 0.0, "Total Cost": 69436.41, "Plan Rows": 1304518, "Plan Width": 28, "Inner Unique": false, "Plans": [{"Node Type": "Index Scan", "Parent Relationship": "Outer", "Scan Direction": "Forward", "Index Name": "company_type_pkey", "Relation Name": "company_type", "Alias": "ct", "Startup Cost": 0.0, "Total Cost": 12.3, "Plan Rows": 1, "Plan Width": 4, "Filter": "((kind)::text = 'production companies'::text)"}, {"Node Type": "Index Scan", "Parent Relationship": "Inner", "Scan Direction": "Forward", "Index Name": "company_type_id_movie_companies", "Relation Name": "movie_companies", "Alias": "mc", "Startup Cost": 0.0, "Total Cost": 56378.94, "Plan Rows": 1304517, "Plan Width": 32, "Index Cond": "(company_type_id = ct.id), (LLVM Optimized)", "Filter": "((note)::text !~~ '%(as Metro-Goldwyn-Mayer Pictures)%'::text), (LLVM Optimized)"}]}]}]}, {"Node Type": "Index Scan", "Parent Relationship": "Inner", "Scan Direction": "Forward", "Index Name": "title_pkey", "Relation Name": "title", "Alias": "t", "Startup Cost": 0.0, "Total Cost": 116441.27, "Plan Rows": 1381886, "Plan Width": 25, "Filter": "(production_year > 2000), (LLVM Optimized)"}]}]}, "Unique SQL Id": 2492542741, "Planner Runtime": 9}, "explain_analyze_plan": {"Plan": {"Node Type": "Aggregate", "Strategy": "Plain", "Startup Cost": 418269.13, "Total Cost": 418269.14, "Plan Rows": 1, "Plan Width": 113, "Actual Startup Time": 3582.526, "Actual Total Time": 3582.526, "Actual Rows": 1, "Actual Loops": 1, "Plans": [{"Node Type": "Merge Join", "Parent Relationship": "Outer", "Join Type": "Inner", "Startup Cost": 272018.52, "Total Cost": 413389.94, "Plan Rows": 650559, "Plan Width": 45, "Actual Startup Time": 2958.286, "Actual Total Time": 3582.474, "Actual Rows": 4, "Actual Loops": 1, "Inner Unique": true, "Merge Cond": "(mc.movie_id = t.id)", "Plans": [{"Node Type": "Merge Join", "Parent Relationship": "Outer", "Join Type": "Inner", "Startup Cost": 272015.92, "Total Cost": 285850.29, "Plan Rows": 501180, "Plan Width": 32, "Actual Startup Time": 767.062, "Actual Total Time": 787.938, "Actual Rows": 5, "Actual Loops": 1, "Inner Unique": false, "Merge Cond": "(mi_idx.movie_id = mc.movie_id)", "Plans": [{"Node Type": "Sort", "Parent Relationship": "Outer", "Startup Cost": 70072.5, "Total Cost": 70935.02, "Plan Rows": 345008, "Plan Width": 4, "Actual Startup Time": 0.113, "Actual Total Time": 0.119, "Actual Rows": 10, "Actual Loops": 1, "Sort Key": ["mi_idx.movie_id"], "Sort Method": "quicksort", "Sort Space Used": 25, "Sort Space Type": "Memory", "Plans": [{"Node Type": "Nested Loop", "Parent Relationship": "Outer", "Join Type": "Inner", "Startup Cost": 0.0, "Total Cost": 38338.2, "Plan Rows": 345008, "Plan Width": 4, "Actual Startup Time": 0.088, "Actual Total Time": 0.096, "Actual Rows": 10, "Actual Loops": 1, "Inner Unique": false, "Plans": [{"Node Type": "Index Scan", "Parent Relationship": "Outer", "Scan Direction": "Forward", "Index Name": "info_type_pkey", "Relation Name": "info_type", "Alias": "it", "Startup Cost": 0.0, "Total Cost": 14.21, "Plan Rows": 1, "Plan Width": 4, "Actual Startup Time": 0.07, "Actual Total Time": 0.07, "Actual Rows": 1, "Actual Loops": 1, "Filter": "((info)::text = 'bottom 10 rank'::text)", "Rows Removed by Filter": 111}, {"Node Type": "Index Scan", "Parent Relationship": "Inner", "Scan Direction": "Forward", "Index Name": "info_type_id_movie_info_idx", "Relation Name": "movie_info_idx", "Alias": "mi_idx", "Startup Cost": 0.0, "Total Cost": 34873.91, "Plan Rows": 345008, "Plan Width": 8, "Actual Startup Time": 0.014, "Actual Total Time": 0.016, "Actual Rows": 10, "Actual Loops": 1, "Index Cond": "(info_type_id = it.id), (LLVM Optimized, Jit Execute)", "Rows Removed by Index Recheck": 0}]}]}, {"Node Type": "Sort", "Parent Relationship": "Inner", "Startup Cost": 201943.39, "Total Cost": 205204.68, "Plan Rows": 1304518, "Plan Width": 28, "Actual Startup Time": 749.22, "Actual Total Time": 766.242, "Actual Rows": 132371, "Actual Loops": 1, "Sort Key": ["mc.movie_id"], "Sort Method": "quicksort", "Sort Space Used": 20170, "Sort Space Type": "Memory", "Plans": [{"Node Type": "Nested Loop", "Parent Relationship": "Outer", "Join Type": "Inner", "Startup Cost": 0.0, "Total Cost": 69436.41, "Plan Rows": 1304518, "Plan Width": 28, "Actual Startup Time": 0.083, "Actual Total Time": 695.949, "Actual Rows": 140904, "Actual Loops": 1, "Inner Unique": false, "Plans": [{"Node Type": "Index Scan", "Parent Relationship": "Outer", "Scan Direction": "Forward", "Index Name": "company_type_pkey", "Relation Name": "company_type", "Alias": "ct", "Startup Cost": 0.0, "Total Cost": 12.3, "Plan Rows": 1, "Plan Width": 4, "Actual Startup Time": 0.006, "Actual Total Time": 0.014, "Actual Rows": 1, "Actual Loops": 1, "Filter": "((kind)::text = 'production companies'::text)", "Rows Removed by Filter": 2}, {"Node Type": "Index Scan", "Parent Relationship": "Inner", "Scan Direction": "Forward", "Index Name": "company_type_id_movie_companies", "Relation Name": "movie_companies", "Alias": "mc", "Startup Cost": 0.0, "Total Cost": 56378.94, "Plan Rows": 1304517, "Plan Width": 32, "Actual Startup Time": 0.075, "Actual Total Time": 667.293, "Actual Rows": 140904, "Actual Loops": 1, "Index Cond": "(company_type_id = ct.id), (LLVM Optimized, Jit Execute)", "Rows Removed by Index Recheck": 0, "Filter": "((note)::text !~~ '%(as Metro-Goldwyn-Mayer Pictures)%'::text), (LLVM Optimized, Jit Execute)", "Rows Removed by Filter": 1193979}]}]}]}, {"Node Type": "Index Scan", "Parent Relationship": "Inner", "Scan Direction": "Forward", "Index Name": "title_pkey", "Relation Name": "title", "Alias": "t", "Startup Cost": 0.0, "Total Cost": 116441.27, "Plan Rows": 1381886, "Plan Width": 25, "Actual Startup Time": 0.041, "Actual Total Time": 2609.412, "Actual Rows": 1289090, "Actual Loops": 1, "Filter": "(production_year > 2000), (LLVM Optimized, Jit Execute)", "Rows Removed by Filter": 1033479}]}]}, "Triggers": [], "Planner Runtime": 8, "Total Runtime": 3592.917, "Unique SQL Id": 2492542741}}, "(64, 90)": {"explain_plan": {"Plan": {"Node Type": "Aggregate", "Strategy": "Plain", "Startup Cost": 100033908471.28, "Total Cost": 100033908471.31, "Plan Rows": 1, "Plan Width": 113, "Plans": [{"Node Type": "Streaming(type: LOCAL GATHER dop: 1/64)", "Parent Relationship": "Outer", "Startup Cost": 100033908471.28, "Total Cost": 100033908471.31, "Plan Rows": 1, "Plan Width": 113, "Plans": [{"Node Type": "Aggregate", "Strategy": "Plain", "Parent Relationship": "Outer", "Startup Cost": 100033908471.28, "Total Cost": 100033908471.29, "Plan Rows": 1, "Plan Width": 113, "Plans": [{"Node Type": "Nested Loop", "Parent Relationship": "Outer", "Join Type": "Inner", "Startup Cost": 10000636088.42, "Total Cost": 100033903592.08, "Plan Rows": 650559, "Plan Width": 45, "Inner Unique": false, "Join Filter": "(mc.movie_id = t.id), (LLVM Optimized)", "Plans": [{"Node Type": "Streaming(type: LOCAL REDISTRIBUTE dop: 64/64)", "Parent Relationship": "Outer", "Startup Cost": 0.0, "Total Cost": 128346.36, "Plan Rows": 1381886, "Plan Width": 25, "Plans": [{"Node Type": "Seq Scan", "Parent Relationship": "Outer", "Relation Name": "title", "Alias": "t", "Startup Cost": 0.0, "Total Cost": 64037.34, "Plan Rows": 1381886, "Plan Width": 25, "Filter": "(production_year > 2000), (LLVM Optimized)"}]}, {"Node Type": "Materialize", "Parent Relationship": "Inner", "Startup Cost": 636088.42, "Total Cost": 725752.06, "Plan Rows": 501180, "Plan Width": 32, "Plans": [{"Node Type": "Streaming(type: LOCAL REDISTRIBUTE dop: 64/1)", "Parent Relationship": "Outer", "Startup Cost": 636088.42, "Total Cost": 725712.91, "Plan Rows": 501180, "Plan Width": 32, "Plans": [{"Node Type": "Merge Join", "Parent Relationship": "Outer", "Join Type": "Inner", "Startup Cost": 636088.42, "Total Cost": 642350.02, "Plan Rows": 501180, "Plan Width": 32, "Inner Unique": false, "Merge Cond": "(ct.id = mc.company_type_id)", "Plans": [{"Node Type": "Sort", "Parent Relationship": "Outer", "Startup Cost": 1.05, "Total Cost": 1.05, "Plan Rows": 1, "Plan Width": 4, "Sort Key": ["ct.id"], "Plans": [{"Node Type": "Seq Scan", "Parent Relationship": "Outer", "Relation Name": "company_type", "Alias": "ct", "Startup Cost": 0.0, "Total Cost": 1.04, "Plan Rows": 1, "Plan Width": 4, "Filter": "((kind)::text = 'production companies'::text)"}]}, {"Node Type": "Sort", "Parent Relationship": "Inner", "Startup Cost": 634058.51, "Total Cost": 636131.12, "Plan Rows": 829046, "Plan Width": 36, "Sort Key": ["mc.company_type_id"], "Plans": [{"Node Type": "Merge Join", "Parent Relationship": "Outer", "Join Type": "Inner", "Startup Cost": 529498.2, "Total Cost": 552558.76, "Plan Rows": 829046, "Plan Width": 36, "Inner Unique": false, "Merge Cond": "(mi_idx.movie_id = mc.movie_id)", "Plans": [{"Node Type": "Sort", "Parent Relationship": "Outer", "Startup Cost": 203099.06, "Total Cost": 203961.58, "Plan Rows": 345008, "Plan Width": 4, "Sort Key": ["mi_idx.movie_id"], "Plans": [{"Node Type": "Merge Join", "Parent Relationship": "Outer", "Join Type": "Inner", "Startup Cost": 161014.5, "Total Cost": 171364.75, "Plan Rows": 345008, "Plan Width": 4, "Inner Unique": false, "Merge Cond": "(it.id = mi_idx.info_type_id)", "Plans": [{"Node Type": "Sort", "Parent Relationship": "Outer", "Startup Cost": 2.41, "Total Cost": 2.42, "Plan Rows": 1, "Plan Width": 4, "Sort Key": ["it.id"], "Plans": [{"Node Type": "Seq Scan", "Parent Relationship": "Outer", "Relation Name": "info_type", "Alias": "it", "Startup Cost": 0.0, "Total Cost": 2.4, "Plan Rows": 1, "Plan Width": 4, "Filter": "((info)::text = 'bottom 10 rank'::text)"}]}, {"Node Type": "Sort", "Parent Relationship": "Inner", "Startup Cost": 161012.09, "Total Cost": 164462.17, "Plan Rows": 1380034, "Plan Width": 8, "Sort Key": ["mi_idx.info_type_id"], "Plans": [{"Node Type": "Seq Scan", "Parent Relationship": "Outer", "Relation Name": "movie_info_idx", "Alias": "mi_idx", "Startup Cost": 0.0, "Total Cost": 20274.34, "Plan Rows": 1380034, "Plan Width": 8}]}]}]}, {"Node Type": "Sort", "Parent Relationship": "Inner", "Startup Cost": 326399.11, "Total Cost": 332921.7, "Plan Rows": 2609035, "Plan Width": 32, "Sort Key": ["mc.movie_id"], "Plans": [{"Node Type": "Seq Scan", "Parent Relationship": "Outer", "Relation Name": "movie_companies", "Alias": "mc", "Startup Cost": 0.0, "Total Cost": 48340.1, "Plan Rows": 2609035, "Plan Width": 32, "Filter": "((note)::text !~~ '%(as Metro-Goldwyn-Mayer Pictures)%'::text), (LLVM Optimized)"}]}]}]}]}]}]}]}]}]}]}, "Unique SQL Id": 2492542741, "Planner Runtime": 7}, "explain_analyze_plan": {"Plan": {"Node Type": "Aggregate", "Strategy": "Plain", "Startup Cost": 100033908471.28, "Total Cost": 100033908471.31, "Plan Rows": 1, "Plan Width": 113, "Actual Min Startup Time": 3612.912, "Actual Max Startup Time": 3612.912, "Actual Min Total Time": 3612.912, "Actual Max Total Time": 3612.912, "Plans": [{"Node Type": "Streaming(type: LOCAL GATHER dop: 1/64)", "Parent Relationship": "Outer", "Startup Cost": 100033908471.28, "Total Cost": 100033908471.31, "Plan Rows": 1, "Plan Width": 113, "Actual Min Startup Time": 3609.212, "Actual Max Startup Time": 3609.212, "Actual Min Total Time": 3612.866, "Actual Max Total Time": 3612.866, "Plans": [{"Node Type": "Aggregate", "Strategy": "Plain", "Parent Relationship": "Outer", "Startup Cost": 100033908471.28, "Total Cost": 100033908471.29, "Plan Rows": 1, "Plan Width": 113, "Actual Min Startup Time": 3140.832, "Actual Max Startup Time": 3470.337, "Actual Min Total Time": 3140.832, "Actual Max Total Time": 3470.337, "Plans": [{"Node Type": "Nested Loop", "Parent Relationship": "Outer", "Join Type": "Inner", "Startup Cost": 10000636088.42, "Total Cost": 100033903592.08, "Plan Rows": 650559, "Plan Width": 45, "Actual Min Startup Time": 3140.825, "Actual Max Startup Time": 3470.331, "Actual Min Total Time": 3140.825, "Actual Max Total Time": 3470.331, "Inner Unique": false, "Join Filter": "(mc.movie_id = t.id), (LLVM Optimized, Jit Execute)", "Rows Removed by Join Filter": 108793, "Plans": [{"Node Type": "Streaming(type: LOCAL REDISTRIBUTE dop: 64/64)", "Parent Relationship": "Outer", "Startup Cost": 0.0, "Total Cost": 128346.36, "Plan Rows": 1381886, "Plan Width": 25, "Actual Min Startup Time": 0.185, "Actual Max Startup Time": 2.421, "Actual Min Total Time": 36.118, "Actual Max Total Time": 55.617, "Plans": [{"Node Type": "Seq Scan", "Parent Relationship": "Outer", "Relation Name": "title", "Alias": "t", "Startup Cost": 0.0, "Total Cost": 64037.34, "Plan Rows": 1381886, "Plan Width": 25, "Actual Min Startup Time": 0.028, "Actual Max Startup Time": 0.069, "Actual Min Total Time": 13.85, "Actual Max Total Time": 19.472, "Filter": "(production_year > 2000), (LLVM Optimized, Jit Execute)", "Rows Removed by Filter": 1146858, "Actual Rows": 1381453}], "Actual Rows": 1381453}, {"Node Type": "Materialize", "Parent Relationship": "Inner", "Startup Cost": 636088.42, "Total Cost": 725752.06, "Plan Rows": 501180, "Plan Width": 32, "Actual Min Startup Time": 3081.68, "Actual Max Startup Time": 3411.261, "Actual Min Total Time": 3081.68, "Actual Max Total Time": 3411.261, "Plans": [{"Node Type": "Streaming(type: LOCAL REDISTRIBUTE dop: 64/1)", "Parent Relationship": "Outer", "Startup Cost": 636088.42, "Total Cost": 725712.91, "Plan Rows": 501180, "Plan Width": 32, "Actual Min Startup Time": 3079.44, "Actual Max Startup Time": 3408.97, "Actual Min Total Time": 3079.44, "Actual Max Total Time": 3408.97, "Plans": [{"Node Type": "Merge Join", "Parent Relationship": "Outer", "Join Type": "Inner", "Startup Cost": 636088.42, "Total Cost": 642350.02, "Plan Rows": 501180, "Plan Width": 32, "Actual Min Startup Time": 3365.774, "Actual Max Startup Time": 3365.774, "Actual Min Total Time": 3365.783, "Actual Max Total Time": 3365.783, "Inner Unique": false, "Merge Cond": "(ct.id = mc.company_type_id)", "Plans": [{"Node Type": "Sort", "Parent Relationship": "Outer", "Startup Cost": 1.05, "Total Cost": 1.05, "Plan Rows": 1, "Plan Width": 4, "Actual Min Startup Time": 0.045, "Actual Max Startup Time": 0.045, "Actual Min Total Time": 0.045, "Actual Max Total Time": 0.045, "Sort Key": ["ct.id"], "Sort Method": "quicksort", "Sort Space Min Used": 25, "Sort Space Max Used": 25, "Sort Space Type": "Memory", "Plans": [{"Node Type": "Seq Scan", "Parent Relationship": "Outer", "Relation Name": "company_type", "Alias": "ct", "Startup Cost": 0.0, "Total Cost": 1.04, "Plan Rows": 1, "Plan Width": 4, "Actual Min Startup Time": 0.023, "Actual Max Startup Time": 0.023, "Actual Min Total Time": 0.025, "Actual Max Total Time": 0.025, "Filter": "((kind)::text = 'production companies'::text)", "Rows Removed by Filter": 2, "Actual Rows": 1}], "Actual Rows": 1}, {"Node Type": "Sort", "Parent Relationship": "Inner", "Startup Cost": 634058.51, "Total Cost": 636131.12, "Plan Rows": 829046, "Plan Width": 36, "Actual Min Startup Time": 3365.691, "Actual Max Startup Time": 3365.691, "Actual Min Total Time": 3365.702, "Actual Max Total Time": 3365.702, "Sort Key": ["mc.company_type_id"], "Sort Method": "quicksort", "Sort Space Min Used": 36, "Sort Space Max Used": 36, "Sort Space Type": "Memory", "Plans": [{"Node Type": "Merge Join", "Parent Relationship": "Outer", "Join Type": "Inner", "Startup Cost": 529498.2, "Total Cost": 552558.76, "Plan Rows": 829046, "Plan Width": 36, "Actual Min Startup Time": 3089.289, "Actual Max Startup Time": 3089.289, "Actual Min Total Time": 3365.611, "Actual Max Total Time": 3365.611, "Inner Unique": false, "Merge Cond": "(mi_idx.movie_id = mc.movie_id)", "Plans": [{"Node Type": "Sort", "Parent Relationship": "Outer", "Startup Cost": 203099.06, "Total Cost": 203961.58, "Plan Rows": 345008, "Plan Width": 4, "Actual Min Startup Time": 1398.066, "Actual Max Startup Time": 1398.066, "Actual Min Total Time": 1398.071, "Actual Max Total Time": 1398.071, "Sort Key": ["mi_idx.movie_id"], "Sort Method": "quicksort", "Sort Space Min Used": 25, "Sort Space Max Used": 25, "Sort Space Type": "Memory", "Plans": [{"Node Type": "Merge Join", "Parent Relationship": "Outer", "Join Type": "Inner", "Startup Cost": 161014.5, "Total Cost": 171364.75, "Plan Rows": 345008, "Plan Width": 4, "Actual Min Startup Time": 1396.659, "Actual Max Startup Time": 1396.659, "Actual Min Total Time": 1398.048, "Actual Max Total Time": 1398.048, "Inner Unique": false, "Merge Cond": "(it.id = mi_idx.info_type_id)", "Plans": [{"Node Type": "Sort", "Parent Relationship": "Outer", "Startup Cost": 2.41, "Total Cost": 2.42, "Plan Rows": 1, "Plan Width": 4, "Actual Min Startup Time": 0.059, "Actual Max Startup Time": 0.059, "Actual Min Total Time": 0.059, "Actual Max Total Time": 0.059, "Sort Key": ["it.id"], "Sort Method": "quicksort", "Sort Space Min Used": 25, "Sort Space Max Used": 25, "Sort Space Type": "Memory", "Plans": [{"Node Type": "Seq Scan", "Parent Relationship": "Outer", "Relation Name": "info_type", "Alias": "it", "Startup Cost": 0.0, "Total Cost": 2.4, "Plan Rows": 1, "Plan Width": 4, "Actual Min Startup Time": 0.045, "Actual Max Startup Time": 0.045, "Actual Min Total Time": 0.046, "Actual Max Total Time": 0.046, "Filter": "((info)::text = 'bottom 10 rank'::text)", "Rows Removed by Filter": 111, "Actual Rows": 1}], "Actual Rows": 1}, {"Node Type": "Sort", "Parent Relationship": "Inner", "Startup Cost": 161012.09, "Total Cost": 164462.17, "Plan Rows": 1380034, "Plan Width": 8, "Actual Min Startup Time": 823.251, "Actual Max Startup Time": 823.251, "Actual Min Total Time": 1207.981, "Actual Max Total Time": 1207.981, "Sort Key": ["mi_idx.info_type_id"], "Sort Method": "quicksort", "Sort Space Min Used": 135405, "Sort Space Max Used": 135405, "Sort Space Type": "Memory", "Plans": [{"Node Type": "Seq Scan", "Parent Relationship": "Outer", "Relation Name": "movie_info_idx", "Alias": "mi_idx", "Startup Cost": 0.0, "Total Cost": 20274.34, "Plan Rows": 1380034, "Plan Width": 8, "Actual Min Startup Time": 0.052, "Actual Max Startup Time": 0.052, "Actual Min Total Time": 370.402, "Actual Max Total Time": 370.402, "Actual Rows": 1380034}], "Actual Rows": 1380034}], "Actual Rows": 10}], "Actual Rows": 10}, {"Node Type": "Sort", "Parent Relationship": "Inner", "Startup Cost": 326399.11, "Total Cost": 332921.7, "Plan Rows": 2609035, "Plan Width": 32, "Actual Min Startup Time": 1516.468, "Actual Max Startup Time": 1516.468, "Actual Min Total Time": 1725.964, "Actual Max Total Time": 1725.964, "Sort Key": ["mc.movie_id"], "Sort Method": "quicksort", "Sort Space Min Used": 184544, "Sort Space Max Used": 184544, "Sort Space Type": "Memory", "Plans": [{"Node Type": "Seq Scan", "Parent Relationship": "Outer", "Relation Name": "movie_companies", "Alias": "mc", "Startup Cost": 0.0, "Total Cost": 48340.1, "Plan Rows": 2609035, "Plan Width": 32, "Actual Min Startup Time": 0.039, "Actual Max Startup Time": 0.039, "Actual Min Total Time": 992.596, "Actual Max Total Time": 992.596, "Filter": "((note)::text !~~ '%(as Metro-Goldwyn-Mayer Pictures)%'::text), (LLVM Optimized, Jit Execute)", "Rows Removed by Filter": 1272041, "Actual Rows": 1337087}], "Actual Rows": 1263891}], "Actual Rows": 100}], "Actual Rows": 100}], "Actual Rows": 5}], "Actual Rows": 5}], "Actual Rows": 108800}], "Actual Rows": 4}], "Actual Rows": 64}], "Actual Rows": 64}], "Actual Rows": 1}, "Triggers": [], "Planner Runtime": 7, "Total Runtime": 3656.684, "Unique SQL Id": 2492542741}}, "(64, 91)": {"explain_plan": {"Plan": {"Node Type": "Aggregate", "Strategy": "Plain", "Startup Cost": 4997223600987.78, "Total Cost": 4997223600987.79, "Plan Rows": 1, "Plan Width": 113, "Plans": [{"Node Type": "Merge Join", "Parent Relationship": "Outer", "Join Type": "Inner", "Startup Cost": 4007223586908.76, "Total Cost": 4997223596108.58, "Plan Rows": 650559, "Plan Width": 45, "Inner Unique": false, "Merge Cond": "(ct.id = mc.company_type_id)", "Plans": [{"Node Type": "Index Scan", "Parent Relationship": "Outer", "Scan Direction": "Forward", "Index Name": "company_type_pkey", "Relation Name": "company_type", "Alias": "ct", "Startup Cost": 10000000000.0, "Total Cost": 1000000001230.25, "Plan Rows": 1, "Plan Width": 4, "Filter": "((kind)::text = 'production companies'::text)"}, {"Node Type": "Sort", "Parent Relationship": "Inner", "Startup Cost": 3997223584326.49, "Total Cost": 3997223586964.45, "Plan Rows": 1055184, "Plan Width": 49, "Sort Key": ["mc.company_type_id"], "Plans": [{"Node Type": "Merge Join", "Parent Relationship": "Outer", "Join Type": "Inner", "Startup Cost": 2020023358090.7, "Total Cost": 3997223478760.27, "Plan Rows": 1055184, "Plan Width": 49, "Inner Unique": false, "Merge Cond": "(t.id = mi_idx.movie_id)", "Plans": [{"Node Type": "Merge Join", "Parent Relationship": "Outer", "Join Type": "Inner", "Startup Cost": 20021492619.09, "Total Cost": 1999076860697.37, "Plan Rows": 3320699, "Plan Width": 57, "Inner Unique": false, "Merge Cond": "(t.id = mc.movie_id)", "Plans": [{"Node Type": "Index Scan", "Parent Relationship": "Outer", "Scan Direction": "Forward", "Index Name": "title_pkey", "Relation Name": "title", "Alias": "t", "Startup Cost": 10000000000.0, "Total Cost": 1000011644126.66, "Plan Rows": 1381886, "Plan Width": 25, "Filter": "(production_year > 2000), (LLVM Optimized)"}, {"Node Type": "Materialize", "Parent Relationship": "Inner", "Startup Cost": 10000000000.0, "Total Cost": 1000013710750.72, "Plan Rows": 2609035, "Plan Width": 32, "Plans": [{"Node Type": "Index Scan", "Parent Relationship": "Outer", "Scan Direction": "Forward", "Index Name": "movie_id_movie_companies", "Relation Name": "movie_companies", "Alias": "mc", "Startup Cost": 10000000000.0, "Total Cost": 1000013704228.13, "Plan Rows": 2609035, "Plan Width": 32, "Filter": "((note)::text !~~ '%(as Metro-Goldwyn-Mayer Pictures)%'::text), (LLVM Optimized)"}]}]}, {"Node Type": "Sort", "Parent Relationship": "Inner", "Startup Cost": 2000001865471.58, "Total Cost": 2000001866334.1, "Plan Rows": 345008, "Plan Width": 4, "Sort Key": ["mi_idx.movie_id"], "Plans": [{"Node Type": "Nested Loop", "Parent Relationship": "Outer", "Join Type": "Inner", "Startup Cost": 20000007502.06, "Total Cost": 2000001833737.28, "Plan Rows": 345008, "Plan Width": 4, "Inner Unique": false, "Plans": [{"Node Type": "Index Scan", "Parent Relationship": "Outer", "Scan Direction": "Forward", "Index Name": "info_type_pkey", "Relation Name": "info_type", "Alias": "it", "Startup Cost": 10000000000.0, "Total Cost": 1000000001421.0, "Plan Rows": 1, "Plan Width": 4, "Filter": "((info)::text = 'bottom 10 rank'::text)"}, {"Node Type": "Bitmap Heap Scan", "Parent Relationship": "Inner", "Relation Name": "movie_info_idx", "Alias": "mi_idx", "Startup Cost": 10000007502.06, "Total Cost": 1000001828866.2, "Plan Rows": 345008, "Plan Width": 8, "Recheck Cond": "(info_type_id = it.id), (LLVM Optimized)", "Plans": [{"Node Type": "Bitmap Index Scan", "Parent Relationship": "Outer", "Index Name": "info_type_id_movie_info_idx", "Startup Cost": 0.0, "Total Cost": 7415.81, "Plan Rows": 345008, "Plan Width": 0, "Index Cond": "(info_type_id = it.id)"}]}]}]}]}]}]}]}, "Unique SQL Id": 2492542741, "Planner Runtime": 12}, "explain_analyze_plan": null}, "(64, 92)": {"explain_plan": {"Plan": {"Node Type": "Aggregate", "Strategy": "Plain", "Startup Cost": 418246.06, "Total Cost": 418246.07, "Plan Rows": 1, "Plan Width": 113, "Plans": [{"Node Type": "Merge Join", "Parent Relationship": "Outer", "Join Type": "Inner", "Startup Cost": 271995.45, "Total Cost": 413366.87, "Plan Rows": 650559, "Plan Width": 45, "Inner Unique": true, "Merge Cond": "(mc.movie_id = t.id)", "Plans": [{"Node Type": "Merge Join", "Parent Relationship": "Outer", "Join Type": "Inner", "Startup Cost": 271992.84, "Total Cost": 285827.22, "Plan Rows": 501180, "Plan Width": 32, "Inner Unique": false, "Merge Cond": "(mi_idx.movie_id = mc.movie_id)", "Plans": [{"Node Type": "Sort", "Parent Relationship": "Outer", "Startup Cost": 70060.69, "Total Cost": 70923.21, "Plan Rows": 345008, "Plan Width": 4, "Sort Key": ["mi_idx.movie_id"], "Plans": [{"Node Type": "Nested Loop", "Parent Relationship": "Outer", "Join Type": "Inner", "Startup Cost": 0.0, "Total Cost": 38326.39, "Plan Rows": 345008, "Plan Width": 4, "Inner Unique": false, "Plans": [{"Node Type": "Seq Scan", "Parent Relationship": "Outer", "Relation Name": "info_type", "Alias": "it", "Startup Cost": 0.0, "Total Cost": 2.4, "Plan Rows": 1, "Plan Width": 4, "Filter": "((info)::text = 'bottom 10 rank'::text)"}, {"Node Type": "Index Scan", "Parent Relationship": "Inner", "Scan Direction": "Forward", "Index Name": "info_type_id_movie_info_idx", "Relation Name": "movie_info_idx", "Alias": "mi_idx", "Startup Cost": 0.0, "Total Cost": 34873.91, "Plan Rows": 345008, "Plan Width": 8, "Index Cond": "(info_type_id = it.id), (LLVM Optimized)"}]}]}, {"Node Type": "Sort", "Parent Relationship": "Inner", "Startup Cost": 201932.12, "Total Cost": 205193.42, "Plan Rows": 1304518, "Plan Width": 28, "Sort Key": ["mc.movie_id"], "Plans": [{"Node Type": "Nested Loop", "Parent Relationship": "Outer", "Join Type": "Inner", "Startup Cost": 0.0, "Total Cost": 69425.15, "Plan Rows": 1304518, "Plan Width": 28, "Inner Unique": false, "Plans": [{"Node Type": "Seq Scan", "Parent Relationship": "Outer", "Relation Name": "company_type", "Alias": "ct", "Startup Cost": 0.0, "Total Cost": 1.04, "Plan Rows": 1, "Plan Width": 4, "Filter": "((kind)::text = 'production companies'::text)"}, {"Node Type": "Index Scan", "Parent Relationship": "Inner", "Scan Direction": "Forward", "Index Name": "company_type_id_movie_companies", "Relation Name": "movie_companies", "Alias": "mc", "Startup Cost": 0.0, "Total Cost": 56378.94, "Plan Rows": 1304517, "Plan Width": 32, "Index Cond": "(company_type_id = ct.id), (LLVM Optimized)", "Filter": "((note)::text !~~ '%(as Metro-Goldwyn-Mayer Pictures)%'::text), (LLVM Optimized)"}]}]}]}, {"Node Type": "Index Scan", "Parent Relationship": "Inner", "Scan Direction": "Forward", "Index Name": "title_pkey", "Relation Name": "title", "Alias": "t", "Startup Cost": 0.0, "Total Cost": 116441.27, "Plan Rows": 1381886, "Plan Width": 25, "Filter": "(production_year > 2000), (LLVM Optimized)"}]}]}, "Unique SQL Id": 2492542741, "Planner Runtime": 10}, "explain_analyze_plan": {"Plan": {"Node Type": "Aggregate", "Strategy": "Plain", "Startup Cost": 418246.06, "Total Cost": 418246.07, "Plan Rows": 1, "Plan Width": 113, "Actual Startup Time": 3904.364, "Actual Total Time": 3904.364, "Actual Rows": 1, "Actual Loops": 1, "Plans": [{"Node Type": "Merge Join", "Parent Relationship": "Outer", "Join Type": "Inner", "Startup Cost": 271995.45, "Total Cost": 413366.87, "Plan Rows": 650559, "Plan Width": 45, "Actual Startup Time": 3250.308, "Actual Total Time": 3904.311, "Actual Rows": 4, "Actual Loops": 1, "Inner Unique": true, "Merge Cond": "(mc.movie_id = t.id)", "Plans": [{"Node Type": "Merge Join", "Parent Relationship": "Outer", "Join Type": "Inner", "Startup Cost": 271992.84, "Total Cost": 285827.22, "Plan Rows": 501180, "Plan Width": 32, "Actual Startup Time": 806.731, "Actual Total Time": 830.56, "Actual Rows": 5, "Actual Loops": 1, "Inner Unique": false, "Merge Cond": "(mi_idx.movie_id = mc.movie_id)", "Plans": [{"Node Type": "Sort", "Parent Relationship": "Outer", "Startup Cost": 70060.69, "Total Cost": 70923.21, "Plan Rows": 345008, "Plan Width": 4, "Actual Startup Time": 0.122, "Actual Total Time": 0.128, "Actual Rows": 10, "Actual Loops": 1, "Sort Key": ["mi_idx.movie_id"], "Sort Method": "quicksort", "Sort Space Used": 25, "Sort Space Type": "Memory", "Plans": [{"Node Type": "Nested Loop", "Parent Relationship": "Outer", "Join Type": "Inner", "Startup Cost": 0.0, "Total Cost": 38326.39, "Plan Rows": 345008, "Plan Width": 4, "Actual Startup Time": 0.088, "Actual Total Time": 0.102, "Actual Rows": 10, "Actual Loops": 1, "Inner Unique": false, "Plans": [{"Node Type": "Seq Scan", "Parent Relationship": "Outer", "Relation Name": "info_type", "Alias": "it", "Startup Cost": 0.0, "Total Cost": 2.4, "Plan Rows": 1, "Plan Width": 4, "Actual Startup Time": 0.059, "Actual Total Time": 0.063, "Actual Rows": 1, "Actual Loops": 1, "Filter": "((info)::text = 'bottom 10 rank'::text)", "Rows Removed by Filter": 111}, {"Node Type": "Index Scan", "Parent Relationship": "Inner", "Scan Direction": "Forward", "Index Name": "info_type_id_movie_info_idx", "Relation Name": "movie_info_idx", "Alias": "mi_idx", "Startup Cost": 0.0, "Total Cost": 34873.91, "Plan Rows": 345008, "Plan Width": 8, "Actual Startup Time": 0.023, "Actual Total Time": 0.029, "Actual Rows": 10, "Actual Loops": 1, "Index Cond": "(info_type_id = it.id), (LLVM Optimized, Jit Execute)", "Rows Removed by Index Recheck": 0}]}]}, {"Node Type": "Sort", "Parent Relationship": "Inner", "Startup Cost": 201932.12, "Total Cost": 205193.42, "Plan Rows": 1304518, "Plan Width": 28, "Actual Startup Time": 783.304, "Actual Total Time": 806.375, "Actual Rows": 132371, "Actual Loops": 1, "Sort Key": ["mc.movie_id"], "Sort Method": "quicksort", "Sort Space Used": 20170, "Sort Space Type": "Memory", "Plans": [{"Node Type": "Nested Loop", "Parent Relationship": "Outer", "Join Type": "Inner", "Startup Cost": 0.0, "Total Cost": 69425.15, "Plan Rows": 1304518, "Plan Width": 28, "Actual Startup Time": 0.106, "Actual Total Time": 727.799, "Actual Rows": 140904, "Actual Loops": 1, "Inner Unique": false, "Plans": [{"Node Type": "Seq Scan", "Parent Relationship": "Outer", "Relation Name": "company_type", "Alias": "ct", "Startup Cost": 0.0, "Total Cost": 1.04, "Plan Rows": 1, "Plan Width": 4, "Actual Startup Time": 0.007, "Actual Total Time": 0.016, "Actual Rows": 1, "Actual Loops": 1, "Filter": "((kind)::text = 'production companies'::text)", "Rows Removed by Filter": 2}, {"Node Type": "Index Scan", "Parent Relationship": "Inner", "Scan Direction": "Forward", "Index Name": "company_type_id_movie_companies", "Relation Name": "movie_companies", "Alias": "mc", "Startup Cost": 0.0, "Total Cost": 56378.94, "Plan Rows": 1304517, "Plan Width": 32, "Actual Startup Time": 0.096, "Actual Total Time": 698.824, "Actual Rows": 140904, "Actual Loops": 1, "Index Cond": "(company_type_id = ct.id), (LLVM Optimized, Jit Execute)", "Rows Removed by Index Recheck": 0, "Filter": "((note)::text !~~ '%(as Metro-Goldwyn-Mayer Pictures)%'::text), (LLVM Optimized, Jit Execute)", "Rows Removed by Filter": 1193979}]}]}]}, {"Node Type": "Index Scan", "Parent Relationship": "Inner", "Scan Direction": "Forward", "Index Name": "title_pkey", "Relation Name": "title", "Alias": "t", "Startup Cost": 0.0, "Total Cost": 116441.27, "Plan Rows": 1381886, "Plan Width": 25, "Actual Startup Time": 0.164, "Actual Total Time": 2887.494, "Actual Rows": 1289090, "Actual Loops": 1, "Filter": "(production_year > 2000), (LLVM Optimized, Jit Execute)", "Rows Removed by Filter": 1033479}]}]}, "Triggers": [], "Planner Runtime": 10, "Total Runtime": 3914.449, "Unique SQL Id": 2492542741}}, "(64, 93)": {"explain_plan": {"Plan": {"Node Type": "Aggregate", "Strategy": "Plain", "Startup Cost": 418269.13, "Total Cost": 418269.14, "Plan Rows": 1, "Plan Width": 113, "Plans": [{"Node Type": "Merge Join", "Parent Relationship": "Outer", "Join Type": "Inner", "Startup Cost": 272018.52, "Total Cost": 413389.94, "Plan Rows": 650559, "Plan Width": 45, "Inner Unique": true, "Merge Cond": "(mc.movie_id = t.id)", "Plans": [{"Node Type": "Merge Join", "Parent Relationship": "Outer", "Join Type": "Inner", "Startup Cost": 272015.92, "Total Cost": 285850.29, "Plan Rows": 501180, "Plan Width": 32, "Inner Unique": false, "Merge Cond": "(mi_idx.movie_id = mc.movie_id)", "Plans": [{"Node Type": "Sort", "Parent Relationship": "Outer", "Startup Cost": 70072.5, "Total Cost": 70935.02, "Plan Rows": 345008, "Plan Width": 4, "Sort Key": ["mi_idx.movie_id"], "Plans": [{"Node Type": "Nested Loop", "Parent Relationship": "Outer", "Join Type": "Inner", "Startup Cost": 0.0, "Total Cost": 38338.2, "Plan Rows": 345008, "Plan Width": 4, "Inner Unique": false, "Plans": [{"Node Type": "Index Scan", "Parent Relationship": "Outer", "Scan Direction": "Forward", "Index Name": "info_type_pkey", "Relation Name": "info_type", "Alias": "it", "Startup Cost": 0.0, "Total Cost": 14.21, "Plan Rows": 1, "Plan Width": 4, "Filter": "((info)::text = 'bottom 10 rank'::text)"}, {"Node Type": "Index Scan", "Parent Relationship": "Inner", "Scan Direction": "Forward", "Index Name": "info_type_id_movie_info_idx", "Relation Name": "movie_info_idx", "Alias": "mi_idx", "Startup Cost": 0.0, "Total Cost": 34873.91, "Plan Rows": 345008, "Plan Width": 8, "Index Cond": "(info_type_id = it.id), (LLVM Optimized)"}]}]}, {"Node Type": "Sort", "Parent Relationship": "Inner", "Startup Cost": 201943.39, "Total Cost": 205204.68, "Plan Rows": 1304518, "Plan Width": 28, "Sort Key": ["mc.movie_id"], "Plans": [{"Node Type": "Nested Loop", "Parent Relationship": "Outer", "Join Type": "Inner", "Startup Cost": 0.0, "Total Cost": 69436.41, "Plan Rows": 1304518, "Plan Width": 28, "Inner Unique": false, "Plans": [{"Node Type": "Index Scan", "Parent Relationship": "Outer", "Scan Direction": "Forward", "Index Name": "company_type_pkey", "Relation Name": "company_type", "Alias": "ct", "Startup Cost": 0.0, "Total Cost": 12.3, "Plan Rows": 1, "Plan Width": 4, "Filter": "((kind)::text = 'production companies'::text)"}, {"Node Type": "Index Scan", "Parent Relationship": "Inner", "Scan Direction": "Forward", "Index Name": "company_type_id_movie_companies", "Relation Name": "movie_companies", "Alias": "mc", "Startup Cost": 0.0, "Total Cost": 56378.94, "Plan Rows": 1304517, "Plan Width": 32, "Index Cond": "(company_type_id = ct.id), (LLVM Optimized)", "Filter": "((note)::text !~~ '%(as Metro-Goldwyn-Mayer Pictures)%'::text), (LLVM Optimized)"}]}]}]}, {"Node Type": "Index Scan", "Parent Relationship": "Inner", "Scan Direction": "Forward", "Index Name": "title_pkey", "Relation Name": "title", "Alias": "t", "Startup Cost": 0.0, "Total Cost": 116441.27, "Plan Rows": 1381886, "Plan Width": 25, "Filter": "(production_year > 2000), (LLVM Optimized)"}]}]}, "Unique SQL Id": 2492542741, "Planner Runtime": 8}, "explain_analyze_plan": {"Plan": {"Node Type": "Aggregate", "Strategy": "Plain", "Startup Cost": 418269.13, "Total Cost": 418269.14, "Plan Rows": 1, "Plan Width": 113, "Actual Startup Time": 3582.526, "Actual Total Time": 3582.526, "Actual Rows": 1, "Actual Loops": 1, "Plans": [{"Node Type": "Merge Join", "Parent Relationship": "Outer", "Join Type": "Inner", "Startup Cost": 272018.52, "Total Cost": 413389.94, "Plan Rows": 650559, "Plan Width": 45, "Actual Startup Time": 2958.286, "Actual Total Time": 3582.474, "Actual Rows": 4, "Actual Loops": 1, "Inner Unique": true, "Merge Cond": "(mc.movie_id = t.id)", "Plans": [{"Node Type": "Merge Join", "Parent Relationship": "Outer", "Join Type": "Inner", "Startup Cost": 272015.92, "Total Cost": 285850.29, "Plan Rows": 501180, "Plan Width": 32, "Actual Startup Time": 767.062, "Actual Total Time": 787.938, "Actual Rows": 5, "Actual Loops": 1, "Inner Unique": false, "Merge Cond": "(mi_idx.movie_id = mc.movie_id)", "Plans": [{"Node Type": "Sort", "Parent Relationship": "Outer", "Startup Cost": 70072.5, "Total Cost": 70935.02, "Plan Rows": 345008, "Plan Width": 4, "Actual Startup Time": 0.113, "Actual Total Time": 0.119, "Actual Rows": 10, "Actual Loops": 1, "Sort Key": ["mi_idx.movie_id"], "Sort Method": "quicksort", "Sort Space Used": 25, "Sort Space Type": "Memory", "Plans": [{"Node Type": "Nested Loop", "Parent Relationship": "Outer", "Join Type": "Inner", "Startup Cost": 0.0, "Total Cost": 38338.2, "Plan Rows": 345008, "Plan Width": 4, "Actual Startup Time": 0.088, "Actual Total Time": 0.096, "Actual Rows": 10, "Actual Loops": 1, "Inner Unique": false, "Plans": [{"Node Type": "Index Scan", "Parent Relationship": "Outer", "Scan Direction": "Forward", "Index Name": "info_type_pkey", "Relation Name": "info_type", "Alias": "it", "Startup Cost": 0.0, "Total Cost": 14.21, "Plan Rows": 1, "Plan Width": 4, "Actual Startup Time": 0.07, "Actual Total Time": 0.07, "Actual Rows": 1, "Actual Loops": 1, "Filter": "((info)::text = 'bottom 10 rank'::text)", "Rows Removed by Filter": 111}, {"Node Type": "Index Scan", "Parent Relationship": "Inner", "Scan Direction": "Forward", "Index Name": "info_type_id_movie_info_idx", "Relation Name": "movie_info_idx", "Alias": "mi_idx", "Startup Cost": 0.0, "Total Cost": 34873.91, "Plan Rows": 345008, "Plan Width": 8, "Actual Startup Time": 0.014, "Actual Total Time": 0.016, "Actual Rows": 10, "Actual Loops": 1, "Index Cond": "(info_type_id = it.id), (LLVM Optimized, Jit Execute)", "Rows Removed by Index Recheck": 0}]}]}, {"Node Type": "Sort", "Parent Relationship": "Inner", "Startup Cost": 201943.39, "Total Cost": 205204.68, "Plan Rows": 1304518, "Plan Width": 28, "Actual Startup Time": 749.22, "Actual Total Time": 766.242, "Actual Rows": 132371, "Actual Loops": 1, "Sort Key": ["mc.movie_id"], "Sort Method": "quicksort", "Sort Space Used": 20170, "Sort Space Type": "Memory", "Plans": [{"Node Type": "Nested Loop", "Parent Relationship": "Outer", "Join Type": "Inner", "Startup Cost": 0.0, "Total Cost": 69436.41, "Plan Rows": 1304518, "Plan Width": 28, "Actual Startup Time": 0.083, "Actual Total Time": 695.949, "Actual Rows": 140904, "Actual Loops": 1, "Inner Unique": false, "Plans": [{"Node Type": "Index Scan", "Parent Relationship": "Outer", "Scan Direction": "Forward", "Index Name": "company_type_pkey", "Relation Name": "company_type", "Alias": "ct", "Startup Cost": 0.0, "Total Cost": 12.3, "Plan Rows": 1, "Plan Width": 4, "Actual Startup Time": 0.006, "Actual Total Time": 0.014, "Actual Rows": 1, "Actual Loops": 1, "Filter": "((kind)::text = 'production companies'::text)", "Rows Removed by Filter": 2}, {"Node Type": "Index Scan", "Parent Relationship": "Inner", "Scan Direction": "Forward", "Index Name": "company_type_id_movie_companies", "Relation Name": "movie_companies", "Alias": "mc", "Startup Cost": 0.0, "Total Cost": 56378.94, "Plan Rows": 1304517, "Plan Width": 32, "Actual Startup Time": 0.075, "Actual Total Time": 667.293, "Actual Rows": 140904, "Actual Loops": 1, "Index Cond": "(company_type_id = ct.id), (LLVM Optimized, Jit Execute)", "Rows Removed by Index Recheck": 0, "Filter": "((note)::text !~~ '%(as Metro-Goldwyn-Mayer Pictures)%'::text), (LLVM Optimized, Jit Execute)", "Rows Removed by Filter": 1193979}]}]}]}, {"Node Type": "Index Scan", "Parent Relationship": "Inner", "Scan Direction": "Forward", "Index Name": "title_pkey", "Relation Name": "title", "Alias": "t", "Startup Cost": 0.0, "Total Cost": 116441.27, "Plan Rows": 1381886, "Plan Width": 25, "Actual Startup Time": 0.041, "Actual Total Time": 2609.412, "Actual Rows": 1289090, "Actual Loops": 1, "Filter": "(production_year > 2000), (LLVM Optimized, Jit Execute)", "Rows Removed by Filter": 1033479}]}]}, "Triggers": [], "Planner Runtime": 8, "Total Runtime": 3592.917, "Unique SQL Id": 2492542741}}, "(64, 94)": {"explain_plan": {"Plan": {"Node Type": "Aggregate", "Strategy": "Plain", "Startup Cost": 100033908471.28, "Total Cost": 100033908471.31, "Plan Rows": 1, "Plan Width": 113, "Plans": [{"Node Type": "Streaming(type: LOCAL GATHER dop: 1/64)", "Parent Relationship": "Outer", "Startup Cost": 100033908471.28, "Total Cost": 100033908471.31, "Plan Rows": 1, "Plan Width": 113, "Plans": [{"Node Type": "Aggregate", "Strategy": "Plain", "Parent Relationship": "Outer", "Startup Cost": 100033908471.28, "Total Cost": 100033908471.29, "Plan Rows": 1, "Plan Width": 113, "Plans": [{"Node Type": "Nested Loop", "Parent Relationship": "Outer", "Join Type": "Inner", "Startup Cost": 10000636088.42, "Total Cost": 100033903592.08, "Plan Rows": 650559, "Plan Width": 45, "Inner Unique": false, "Join Filter": "(mc.movie_id = t.id), (LLVM Optimized)", "Plans": [{"Node Type": "Streaming(type: LOCAL REDISTRIBUTE dop: 64/64)", "Parent Relationship": "Outer", "Startup Cost": 0.0, "Total Cost": 128346.36, "Plan Rows": 1381886, "Plan Width": 25, "Plans": [{"Node Type": "Seq Scan", "Parent Relationship": "Outer", "Relation Name": "title", "Alias": "t", "Startup Cost": 0.0, "Total Cost": 64037.34, "Plan Rows": 1381886, "Plan Width": 25, "Filter": "(production_year > 2000), (LLVM Optimized)"}]}, {"Node Type": "Materialize", "Parent Relationship": "Inner", "Startup Cost": 636088.42, "Total Cost": 725752.06, "Plan Rows": 501180, "Plan Width": 32, "Plans": [{"Node Type": "Streaming(type: LOCAL REDISTRIBUTE dop: 64/1)", "Parent Relationship": "Outer", "Startup Cost": 636088.42, "Total Cost": 725712.91, "Plan Rows": 501180, "Plan Width": 32, "Plans": [{"Node Type": "Merge Join", "Parent Relationship": "Outer", "Join Type": "Inner", "Startup Cost": 636088.42, "Total Cost": 642350.02, "Plan Rows": 501180, "Plan Width": 32, "Inner Unique": false, "Merge Cond": "(ct.id = mc.company_type_id)", "Plans": [{"Node Type": "Sort", "Parent Relationship": "Outer", "Startup Cost": 1.05, "Total Cost": 1.05, "Plan Rows": 1, "Plan Width": 4, "Sort Key": ["ct.id"], "Plans": [{"Node Type": "Seq Scan", "Parent Relationship": "Outer", "Relation Name": "company_type", "Alias": "ct", "Startup Cost": 0.0, "Total Cost": 1.04, "Plan Rows": 1, "Plan Width": 4, "Filter": "((kind)::text = 'production companies'::text)"}]}, {"Node Type": "Sort", "Parent Relationship": "Inner", "Startup Cost": 634058.51, "Total Cost": 636131.12, "Plan Rows": 829046, "Plan Width": 36, "Sort Key": ["mc.company_type_id"], "Plans": [{"Node Type": "Merge Join", "Parent Relationship": "Outer", "Join Type": "Inner", "Startup Cost": 529498.2, "Total Cost": 552558.76, "Plan Rows": 829046, "Plan Width": 36, "Inner Unique": false, "Merge Cond": "(mi_idx.movie_id = mc.movie_id)", "Plans": [{"Node Type": "Sort", "Parent Relationship": "Outer", "Startup Cost": 203099.06, "Total Cost": 203961.58, "Plan Rows": 345008, "Plan Width": 4, "Sort Key": ["mi_idx.movie_id"], "Plans": [{"Node Type": "Merge Join", "Parent Relationship": "Outer", "Join Type": "Inner", "Startup Cost": 161014.5, "Total Cost": 171364.75, "Plan Rows": 345008, "Plan Width": 4, "Inner Unique": false, "Merge Cond": "(it.id = mi_idx.info_type_id)", "Plans": [{"Node Type": "Sort", "Parent Relationship": "Outer", "Startup Cost": 2.41, "Total Cost": 2.42, "Plan Rows": 1, "Plan Width": 4, "Sort Key": ["it.id"], "Plans": [{"Node Type": "Seq Scan", "Parent Relationship": "Outer", "Relation Name": "info_type", "Alias": "it", "Startup Cost": 0.0, "Total Cost": 2.4, "Plan Rows": 1, "Plan Width": 4, "Filter": "((info)::text = 'bottom 10 rank'::text)"}]}, {"Node Type": "Sort", "Parent Relationship": "Inner", "Startup Cost": 161012.09, "Total Cost": 164462.17, "Plan Rows": 1380034, "Plan Width": 8, "Sort Key": ["mi_idx.info_type_id"], "Plans": [{"Node Type": "Seq Scan", "Parent Relationship": "Outer", "Relation Name": "movie_info_idx", "Alias": "mi_idx", "Startup Cost": 0.0, "Total Cost": 20274.34, "Plan Rows": 1380034, "Plan Width": 8}]}]}]}, {"Node Type": "Sort", "Parent Relationship": "Inner", "Startup Cost": 326399.11, "Total Cost": 332921.7, "Plan Rows": 2609035, "Plan Width": 32, "Sort Key": ["mc.movie_id"], "Plans": [{"Node Type": "Seq Scan", "Parent Relationship": "Outer", "Relation Name": "movie_companies", "Alias": "mc", "Startup Cost": 0.0, "Total Cost": 48340.1, "Plan Rows": 2609035, "Plan Width": 32, "Filter": "((note)::text !~~ '%(as Metro-Goldwyn-Mayer Pictures)%'::text), (LLVM Optimized)"}]}]}]}]}]}]}]}]}]}]}, "Unique SQL Id": 2492542741, "Planner Runtime": 7}, "explain_analyze_plan": {"Plan": {"Node Type": "Aggregate", "Strategy": "Plain", "Startup Cost": 100033908471.28, "Total Cost": 100033908471.31, "Plan Rows": 1, "Plan Width": 113, "Actual Min Startup Time": 3612.912, "Actual Max Startup Time": 3612.912, "Actual Min Total Time": 3612.912, "Actual Max Total Time": 3612.912, "Plans": [{"Node Type": "Streaming(type: LOCAL GATHER dop: 1/64)", "Parent Relationship": "Outer", "Startup Cost": 100033908471.28, "Total Cost": 100033908471.31, "Plan Rows": 1, "Plan Width": 113, "Actual Min Startup Time": 3609.212, "Actual Max Startup Time": 3609.212, "Actual Min Total Time": 3612.866, "Actual Max Total Time": 3612.866, "Plans": [{"Node Type": "Aggregate", "Strategy": "Plain", "Parent Relationship": "Outer", "Startup Cost": 100033908471.28, "Total Cost": 100033908471.29, "Plan Rows": 1, "Plan Width": 113, "Actual Min Startup Time": 3140.832, "Actual Max Startup Time": 3470.337, "Actual Min Total Time": 3140.832, "Actual Max Total Time": 3470.337, "Plans": [{"Node Type": "Nested Loop", "Parent Relationship": "Outer", "Join Type": "Inner", "Startup Cost": 10000636088.42, "Total Cost": 100033903592.08, "Plan Rows": 650559, "Plan Width": 45, "Actual Min Startup Time": 3140.825, "Actual Max Startup Time": 3470.331, "Actual Min Total Time": 3140.825, "Actual Max Total Time": 3470.331, "Inner Unique": false, "Join Filter": "(mc.movie_id = t.id), (LLVM Optimized, Jit Execute)", "Rows Removed by Join Filter": 108793, "Plans": [{"Node Type": "Streaming(type: LOCAL REDISTRIBUTE dop: 64/64)", "Parent Relationship": "Outer", "Startup Cost": 0.0, "Total Cost": 128346.36, "Plan Rows": 1381886, "Plan Width": 25, "Actual Min Startup Time": 0.185, "Actual Max Startup Time": 2.421, "Actual Min Total Time": 36.118, "Actual Max Total Time": 55.617, "Plans": [{"Node Type": "Seq Scan", "Parent Relationship": "Outer", "Relation Name": "title", "Alias": "t", "Startup Cost": 0.0, "Total Cost": 64037.34, "Plan Rows": 1381886, "Plan Width": 25, "Actual Min Startup Time": 0.028, "Actual Max Startup Time": 0.069, "Actual Min Total Time": 13.85, "Actual Max Total Time": 19.472, "Filter": "(production_year > 2000), (LLVM Optimized, Jit Execute)", "Rows Removed by Filter": 1146858, "Actual Rows": 1381453}], "Actual Rows": 1381453}, {"Node Type": "Materialize", "Parent Relationship": "Inner", "Startup Cost": 636088.42, "Total Cost": 725752.06, "Plan Rows": 501180, "Plan Width": 32, "Actual Min Startup Time": 3081.68, "Actual Max Startup Time": 3411.261, "Actual Min Total Time": 3081.68, "Actual Max Total Time": 3411.261, "Plans": [{"Node Type": "Streaming(type: LOCAL REDISTRIBUTE dop: 64/1)", "Parent Relationship": "Outer", "Startup Cost": 636088.42, "Total Cost": 725712.91, "Plan Rows": 501180, "Plan Width": 32, "Actual Min Startup Time": 3079.44, "Actual Max Startup Time": 3408.97, "Actual Min Total Time": 3079.44, "Actual Max Total Time": 3408.97, "Plans": [{"Node Type": "Merge Join", "Parent Relationship": "Outer", "Join Type": "Inner", "Startup Cost": 636088.42, "Total Cost": 642350.02, "Plan Rows": 501180, "Plan Width": 32, "Actual Min Startup Time": 3365.774, "Actual Max Startup Time": 3365.774, "Actual Min Total Time": 3365.783, "Actual Max Total Time": 3365.783, "Inner Unique": false, "Merge Cond": "(ct.id = mc.company_type_id)", "Plans": [{"Node Type": "Sort", "Parent Relationship": "Outer", "Startup Cost": 1.05, "Total Cost": 1.05, "Plan Rows": 1, "Plan Width": 4, "Actual Min Startup Time": 0.045, "Actual Max Startup Time": 0.045, "Actual Min Total Time": 0.045, "Actual Max Total Time": 0.045, "Sort Key": ["ct.id"], "Sort Method": "quicksort", "Sort Space Min Used": 25, "Sort Space Max Used": 25, "Sort Space Type": "Memory", "Plans": [{"Node Type": "Seq Scan", "Parent Relationship": "Outer", "Relation Name": "company_type", "Alias": "ct", "Startup Cost": 0.0, "Total Cost": 1.04, "Plan Rows": 1, "Plan Width": 4, "Actual Min Startup Time": 0.023, "Actual Max Startup Time": 0.023, "Actual Min Total Time": 0.025, "Actual Max Total Time": 0.025, "Filter": "((kind)::text = 'production companies'::text)", "Rows Removed by Filter": 2, "Actual Rows": 1}], "Actual Rows": 1}, {"Node Type": "Sort", "Parent Relationship": "Inner", "Startup Cost": 634058.51, "Total Cost": 636131.12, "Plan Rows": 829046, "Plan Width": 36, "Actual Min Startup Time": 3365.691, "Actual Max Startup Time": 3365.691, "Actual Min Total Time": 3365.702, "Actual Max Total Time": 3365.702, "Sort Key": ["mc.company_type_id"], "Sort Method": "quicksort", "Sort Space Min Used": 36, "Sort Space Max Used": 36, "Sort Space Type": "Memory", "Plans": [{"Node Type": "Merge Join", "Parent Relationship": "Outer", "Join Type": "Inner", "Startup Cost": 529498.2, "Total Cost": 552558.76, "Plan Rows": 829046, "Plan Width": 36, "Actual Min Startup Time": 3089.289, "Actual Max Startup Time": 3089.289, "Actual Min Total Time": 3365.611, "Actual Max Total Time": 3365.611, "Inner Unique": false, "Merge Cond": "(mi_idx.movie_id = mc.movie_id)", "Plans": [{"Node Type": "Sort", "Parent Relationship": "Outer", "Startup Cost": 203099.06, "Total Cost": 203961.58, "Plan Rows": 345008, "Plan Width": 4, "Actual Min Startup Time": 1398.066, "Actual Max Startup Time": 1398.066, "Actual Min Total Time": 1398.071, "Actual Max Total Time": 1398.071, "Sort Key": ["mi_idx.movie_id"], "Sort Method": "quicksort", "Sort Space Min Used": 25, "Sort Space Max Used": 25, "Sort Space Type": "Memory", "Plans": [{"Node Type": "Merge Join", "Parent Relationship": "Outer", "Join Type": "Inner", "Startup Cost": 161014.5, "Total Cost": 171364.75, "Plan Rows": 345008, "Plan Width": 4, "Actual Min Startup Time": 1396.659, "Actual Max Startup Time": 1396.659, "Actual Min Total Time": 1398.048, "Actual Max Total Time": 1398.048, "Inner Unique": false, "Merge Cond": "(it.id = mi_idx.info_type_id)", "Plans": [{"Node Type": "Sort", "Parent Relationship": "Outer", "Startup Cost": 2.41, "Total Cost": 2.42, "Plan Rows": 1, "Plan Width": 4, "Actual Min Startup Time": 0.059, "Actual Max Startup Time": 0.059, "Actual Min Total Time": 0.059, "Actual Max Total Time": 0.059, "Sort Key": ["it.id"], "Sort Method": "quicksort", "Sort Space Min Used": 25, "Sort Space Max Used": 25, "Sort Space Type": "Memory", "Plans": [{"Node Type": "Seq Scan", "Parent Relationship": "Outer", "Relation Name": "info_type", "Alias": "it", "Startup Cost": 0.0, "Total Cost": 2.4, "Plan Rows": 1, "Plan Width": 4, "Actual Min Startup Time": 0.045, "Actual Max Startup Time": 0.045, "Actual Min Total Time": 0.046, "Actual Max Total Time": 0.046, "Filter": "((info)::text = 'bottom 10 rank'::text)", "Rows Removed by Filter": 111, "Actual Rows": 1}], "Actual Rows": 1}, {"Node Type": "Sort", "Parent Relationship": "Inner", "Startup Cost": 161012.09, "Total Cost": 164462.17, "Plan Rows": 1380034, "Plan Width": 8, "Actual Min Startup Time": 823.251, "Actual Max Startup Time": 823.251, "Actual Min Total Time": 1207.981, "Actual Max Total Time": 1207.981, "Sort Key": ["mi_idx.info_type_id"], "Sort Method": "quicksort", "Sort Space Min Used": 135405, "Sort Space Max Used": 135405, "Sort Space Type": "Memory", "Plans": [{"Node Type": "Seq Scan", "Parent Relationship": "Outer", "Relation Name": "movie_info_idx", "Alias": "mi_idx", "Startup Cost": 0.0, "Total Cost": 20274.34, "Plan Rows": 1380034, "Plan Width": 8, "Actual Min Startup Time": 0.052, "Actual Max Startup Time": 0.052, "Actual Min Total Time": 370.402, "Actual Max Total Time": 370.402, "Actual Rows": 1380034}], "Actual Rows": 1380034}], "Actual Rows": 10}], "Actual Rows": 10}, {"Node Type": "Sort", "Parent Relationship": "Inner", "Startup Cost": 326399.11, "Total Cost": 332921.7, "Plan Rows": 2609035, "Plan Width": 32, "Actual Min Startup Time": 1516.468, "Actual Max Startup Time": 1516.468, "Actual Min Total Time": 1725.964, "Actual Max Total Time": 1725.964, "Sort Key": ["mc.movie_id"], "Sort Method": "quicksort", "Sort Space Min Used": 184544, "Sort Space Max Used": 184544, "Sort Space Type": "Memory", "Plans": [{"Node Type": "Seq Scan", "Parent Relationship": "Outer", "Relation Name": "movie_companies", "Alias": "mc", "Startup Cost": 0.0, "Total Cost": 48340.1, "Plan Rows": 2609035, "Plan Width": 32, "Actual Min Startup Time": 0.039, "Actual Max Startup Time": 0.039, "Actual Min Total Time": 992.596, "Actual Max Total Time": 992.596, "Filter": "((note)::text !~~ '%(as Metro-Goldwyn-Mayer Pictures)%'::text), (LLVM Optimized, Jit Execute)", "Rows Removed by Filter": 1272041, "Actual Rows": 1337087}], "Actual Rows": 1263891}], "Actual Rows": 100}], "Actual Rows": 100}], "Actual Rows": 5}], "Actual Rows": 5}], "Actual Rows": 108800}], "Actual Rows": 4}], "Actual Rows": 64}], "Actual Rows": 64}], "Actual Rows": 1}, "Triggers": [], "Planner Runtime": 7, "Total Runtime": 3656.684, "Unique SQL Id": 2492542741}}, "(64, 95)": {"explain_plan": {"Plan": {"Node Type": "Aggregate", "Strategy": "Plain", "Startup Cost": 4997223600987.78, "Total Cost": 4997223600987.79, "Plan Rows": 1, "Plan Width": 113, "Plans": [{"Node Type": "Merge Join", "Parent Relationship": "Outer", "Join Type": "Inner", "Startup Cost": 4007223586908.76, "Total Cost": 4997223596108.58, "Plan Rows": 650559, "Plan Width": 45, "Inner Unique": false, "Merge Cond": "(ct.id = mc.company_type_id)", "Plans": [{"Node Type": "Index Scan", "Parent Relationship": "Outer", "Scan Direction": "Forward", "Index Name": "company_type_pkey", "Relation Name": "company_type", "Alias": "ct", "Startup Cost": 10000000000.0, "Total Cost": 1000000001230.25, "Plan Rows": 1, "Plan Width": 4, "Filter": "((kind)::text = 'production companies'::text)"}, {"Node Type": "Sort", "Parent Relationship": "Inner", "Startup Cost": 3997223584326.49, "Total Cost": 3997223586964.45, "Plan Rows": 1055184, "Plan Width": 49, "Sort Key": ["mc.company_type_id"], "Plans": [{"Node Type": "Merge Join", "Parent Relationship": "Outer", "Join Type": "Inner", "Startup Cost": 2020023358090.7, "Total Cost": 3997223478760.27, "Plan Rows": 1055184, "Plan Width": 49, "Inner Unique": false, "Merge Cond": "(t.id = mi_idx.movie_id)", "Plans": [{"Node Type": "Merge Join", "Parent Relationship": "Outer", "Join Type": "Inner", "Startup Cost": 20021492619.09, "Total Cost": 1999076860697.37, "Plan Rows": 3320699, "Plan Width": 57, "Inner Unique": false, "Merge Cond": "(t.id = mc.movie_id)", "Plans": [{"Node Type": "Index Scan", "Parent Relationship": "Outer", "Scan Direction": "Forward", "Index Name": "title_pkey", "Relation Name": "title", "Alias": "t", "Startup Cost": 10000000000.0, "Total Cost": 1000011644126.66, "Plan Rows": 1381886, "Plan Width": 25, "Filter": "(production_year > 2000), (LLVM Optimized)"}, {"Node Type": "Materialize", "Parent Relationship": "Inner", "Startup Cost": 10000000000.0, "Total Cost": 1000013710750.72, "Plan Rows": 2609035, "Plan Width": 32, "Plans": [{"Node Type": "Index Scan", "Parent Relationship": "Outer", "Scan Direction": "Forward", "Index Name": "movie_id_movie_companies", "Relation Name": "movie_companies", "Alias": "mc", "Startup Cost": 10000000000.0, "Total Cost": 1000013704228.13, "Plan Rows": 2609035, "Plan Width": 32, "Filter": "((note)::text !~~ '%(as Metro-Goldwyn-Mayer Pictures)%'::text), (LLVM Optimized)"}]}]}, {"Node Type": "Sort", "Parent Relationship": "Inner", "Startup Cost": 2000001865471.58, "Total Cost": 2000001866334.1, "Plan Rows": 345008, "Plan Width": 4, "Sort Key": ["mi_idx.movie_id"], "Plans": [{"Node Type": "Nested Loop", "Parent Relationship": "Outer", "Join Type": "Inner", "Startup Cost": 20000007502.06, "Total Cost": 2000001833737.28, "Plan Rows": 345008, "Plan Width": 4, "Inner Unique": false, "Plans": [{"Node Type": "Index Scan", "Parent Relationship": "Outer", "Scan Direction": "Forward", "Index Name": "info_type_pkey", "Relation Name": "info_type", "Alias": "it", "Startup Cost": 10000000000.0, "Total Cost": 1000000001421.0, "Plan Rows": 1, "Plan Width": 4, "Filter": "((info)::text = 'bottom 10 rank'::text)"}, {"Node Type": "Bitmap Heap Scan", "Parent Relationship": "Inner", "Relation Name": "movie_info_idx", "Alias": "mi_idx", "Startup Cost": 10000007502.06, "Total Cost": 1000001828866.2, "Plan Rows": 345008, "Plan Width": 8, "Recheck Cond": "(info_type_id = it.id), (LLVM Optimized)", "Plans": [{"Node Type": "Bitmap Index Scan", "Parent Relationship": "Outer", "Index Name": "info_type_id_movie_info_idx", "Startup Cost": 0.0, "Total Cost": 7415.81, "Plan Rows": 345008, "Plan Width": 0, "Index Cond": "(info_type_id = it.id)"}]}]}]}]}]}]}]}, "Unique SQL Id": 2492542741, "Planner Runtime": 11}, "explain_analyze_plan": null}, "(64, 96)": {"explain_plan": {"Plan": {"Node Type": "Aggregate", "Strategy": "Plain", "Startup Cost": 225283.56, "Total Cost": 225283.57, "Plan Rows": 1, "Plan Width": 113, "Plans": [{"Node Type": "Hash Join", "Parent Relationship": "Outer", "Join Type": "Inner", "Startup Cost": 142931.41, "Total Cost": 220404.37, "Plan Rows": 650559, "Plan Width": 45, "Inner Unique": true, "Hash Cond": "(mc.company_type_id = ct.id), (LLVM Optimized)", "Plans": [{"Node Type": "Hash Join", "Parent Relationship": "Outer", "Join Type": "Inner", "Startup Cost": 142930.36, "Total Cost": 211816.0, "Plan Rows": 1055184, "Plan Width": 49, "Inner Unique": false, "Hash Cond": "(mc.movie_id = t.id), (LLVM Optimized)", "Plans": [{"Node Type": "Seq Scan", "Parent Relationship": "Outer", "Relation Name": "movie_companies", "Alias": "mc", "Startup Cost": 0.0, "Total Cost": 48340.1, "Plan Rows": 2609035, "Plan Width": 32, "Filter": "((note)::text !~~ '%(as Metro-Goldwyn-Mayer Pictures)%'::text), (LLVM Optimized)"}, {"Node Type": "Hash", "Parent Relationship": "Inner", "Startup Cost": 137332.38, "Total Cost": 137332.38, "Plan Rows": 447839, "Plan Width": 29, "Plans": [{"Node Type": "Hash Join", "Parent Relationship": "Outer", "Join Type": "Inner", "Startup Cost": 117321.13, "Total Cost": 137332.38, "Plan Rows": 447839, "Plan Width": 29, "Inner Unique": true, "Hash Cond": "(mi_idx.movie_id = t.id), (LLVM Optimized)", "Plans": [{"Node Type": "Nested Loop", "Parent Relationship": "Outer", "Join Type": "Inner", "Startup Cost": 7502.06, "Total Cost": 21741.14, "Plan Rows": 345008, "Plan Width": 4, "Inner Unique": false, "Plans": [{"Node Type": "Seq Scan", "Parent Relationship": "Outer", "Relation Name": "info_type", "Alias": "it", "Startup Cost": 0.0, "Total Cost": 2.4, "Plan Rows": 1, "Plan Width": 4, "Filter": "((info)::text = 'bottom 10 rank'::text)"}, {"Node Type": "Bitmap Heap Scan", "Parent Relationship": "Inner", "Relation Name": "movie_info_idx", "Alias": "mi_idx", "Startup Cost": 7502.06, "Total Cost": 18288.66, "Plan Rows": 345008, "Plan Width": 8, "Recheck Cond": "(info_type_id = it.id), (LLVM Optimized)", "Plans": [{"Node Type": "Bitmap Index Scan", "Parent Relationship": "Outer", "Index Name": "info_type_id_movie_info_idx", "Startup Cost": 0.0, "Total Cost": 7415.81, "Plan Rows": 345008, "Plan Width": 0, "Index Cond": "(info_type_id = it.id)"}]}]}, {"Node Type": "Hash", "Parent Relationship": "Inner", "Startup Cost": 92545.49, "Total Cost": 92545.49, "Plan Rows": 1381886, "Plan Width": 25, "Plans": [{"Node Type": "Streaming(type: LOCAL GATHER dop: 1/64)", "Parent Relationship": "Outer", "Startup Cost": 0.0, "Total Cost": 92545.49, "Plan Rows": 1381886, "Plan Width": 25, "Plans": [{"Node Type": "Seq Scan", "Parent Relationship": "Outer", "Relation Name": "title", "Alias": "t", "Startup Cost": 0.0, "Total Cost": 64037.34, "Plan Rows": 1381886, "Plan Width": 25, "Filter": "(production_year > 2000), (LLVM Optimized)"}]}]}]}]}]}, {"Node Type": "Hash", "Parent Relationship": "Inner", "Startup Cost": 1.04, "Total Cost": 1.04, "Plan Rows": 1, "Plan Width": 4, "Plans": [{"Node Type": "Seq Scan", "Parent Relationship": "Outer", "Relation Name": "company_type", "Alias": "ct", "Startup Cost": 0.0, "Total Cost": 1.04, "Plan Rows": 1, "Plan Width": 4, "Filter": "((kind)::text = 'production companies'::text)"}]}]}]}, "Unique SQL Id": 2492542741, "Planner Runtime": 7}, "explain_analyze_plan": {"Plan": {"Node Type": "Aggregate", "Strategy": "Plain", "Startup Cost": 225283.56, "Total Cost": 225283.57, "Plan Rows": 1, "Plan Width": 113, "Actual Min Startup Time": 2525.543, "Actual Max Startup Time": 2525.543, "Actual Min Total Time": 2525.544, "Actual Max Total Time": 2525.544, "Plans": [{"Node Type": "Hash Join", "Parent Relationship": "Outer", "Join Type": "Inner", "Startup Cost": 142931.41, "Total Cost": 220404.37, "Plan Rows": 650559, "Plan Width": 45, "Actual Min Startup Time": 2350.375, "Actual Max Startup Time": 2350.375, "Actual Min Total Time": 2525.501, "Actual Max Total Time": 2525.501, "Inner Unique": true, "Hash Cond": "(mc.company_type_id = ct.id), (LLVM Optimized, Jit Execute)", "Plans": [{"Node Type": "Hash Join", "Parent Relationship": "Outer", "Join Type": "Inner", "Startup Cost": 142930.36, "Total Cost": 211816.0, "Plan Rows": 1055184, "Plan Width": 49, "Actual Min Startup Time": 1662.914, "Actual Max Startup Time": 1662.914, "Actual Min Total Time": 2525.185, "Actual Max Total Time": 2525.185, "Inner Unique": false, "Hash Cond": "(mc.movie_id = t.id), (LLVM Optimized, Jit Execute)", "Plans": [{"Node Type": "Seq Scan", "Parent Relationship": "Outer", "Relation Name": "movie_companies", "Alias": "mc", "Startup Cost": 0.0, "Total Cost": 48340.1, "Plan Rows": 2609035, "Plan Width": 32, "Actual Min Startup Time": 0.04, "Actual Max Startup Time": 0.04, "Actual Min Total Time": 907.177, "Actual Max Total Time": 907.177, "Filter": "((note)::text !~~ '%(as Metro-Goldwyn-Mayer Pictures)%'::text), (LLVM Optimized, Jit Execute)", "Rows Removed by Filter": 1272041, "Actual Rows": 1337087}, {"Node Type": "Hash", "Parent Relationship": "Inner", "Startup Cost": 137332.38, "Total Cost": 137332.38, "Plan Rows": 447839, "Plan Width": 29, "Actual Min Startup Time": 1356.656, "Actual Max Startup Time": 1356.656, "Actual Min Total Time": 1356.656, "Actual Max Total Time": 1356.656, "Max Hash Buckets": 524288, "Min Hash Buckets": 524288, "Max Hash Batches": 1, "Min Hash Batches": 1, "Max Original Hash Batches": 1, "Min Original Hash Batches": 1, "Max Peak Memory Usage": 1, "min Peak Memory Usage": 1, "Plans": [{"Node Type": "Hash Join", "Parent Relationship": "Outer", "Join Type": "Inner", "Startup Cost": 117321.13, "Total Cost": 137332.38, "Plan Rows": 447839, "Plan Width": 29, "Actual Min Startup Time": 1356.618, "Actual Max Startup Time": 1356.618, "Actual Min Total Time": 1356.632, "Actual Max Total Time": 1356.632, "Inner Unique": true, "Hash Cond": "(mi_idx.movie_id = t.id), (LLVM Optimized, Jit Execute)", "Plans": [{"Node Type": "Nested Loop", "Parent Relationship": "Outer", "Join Type": "Inner", "Startup Cost": 7502.06, "Total Cost": 21741.14, "Plan Rows": 345008, "Plan Width": 4, "Actual Min Startup Time": 0.134, "Actual Max Startup Time": 0.134, "Actual Min Total Time": 0.141, "Actual Max Total Time": 0.141, "Inner Unique": false, "Plans": [{"Node Type": "Seq Scan", "Parent Relationship": "Outer", "Relation Name": "info_type", "Alias": "it", "Startup Cost": 0.0, "Total Cost": 2.4, "Plan Rows": 1, "Plan Width": 4, "Actual Min Startup Time": 0.078, "Actual Max Startup Time": 0.078, "Actual Min Total Time": 0.082, "Actual Max Total Time": 0.082, "Filter": "((info)::text = 'bottom 10 rank'::text)", "Rows Removed by Filter": 111, "Actual Rows": 1}, {"Node Type": "Bitmap Heap Scan", "Parent Relationship": "Inner", "Relation Name": "movie_info_idx", "Alias": "mi_idx", "Startup Cost": 7502.06, "Total Cost": 18288.66, "Plan Rows": 345008, "Plan Width": 8, "Actual Min Startup Time": 0.04, "Actual Max Startup Time": 0.04, "Actual Min Total Time": 0.04, "Actual Max Total Time": 0.04, "Recheck Cond": "(info_type_id = it.id), (LLVM Optimized, Jit Execute)", "Rows Removed by Index Recheck": 0, "Exact Heap Blocks": 1, "Lossy Heap Blocks": 1, "Plans": [{"Node Type": "Bitmap Index Scan", "Parent Relationship": "Outer", "Index Name": "info_type_id_movie_info_idx", "Startup Cost": 0.0, "Total Cost": 7415.81, "Plan Rows": 345008, "Plan Width": 0, "Actual Min Startup Time": 0.024, "Actual Max Startup Time": 0.024, "Actual Min Total Time": 0.024, "Actual Max Total Time": 0.024, "Index Cond": "(info_type_id = it.id)", "Actual Rows": 10}], "Actual Rows": 10}], "Actual Rows": 10}, {"Node Type": "Hash", "Parent Relationship": "Inner", "Startup Cost": 92545.49, "Total Cost": 92545.49, "Plan Rows": 1381886, "Plan Width": 25, "Actual Min Startup Time": 1354.005, "Actual Max Startup Time": 1354.005, "Actual Min Total Time": 1354.005, "Actual Max Total Time": 1354.005, "Max Hash Buckets": 2097152, "Min Hash Buckets": 2097152, "Max Hash Batches": 1, "Min Hash Batches": 1, "Max Original Hash Batches": 1, "Min Original Hash Batches": 1, "Max Peak Memory Usage": 79393, "min Peak Memory Usage": 79393, "Plans": [{"Node Type": "Streaming(type: LOCAL GATHER dop: 1/64)", "Parent Relationship": "Outer", "Startup Cost": 0.0, "Total Cost": 92545.49, "Plan Rows": 1381886, "Plan Width": 25, "Actual Min Startup Time": 52.425, "Actual Max Startup Time": 52.425, "Actual Min Total Time": 720.093, "Actual Max Total Time": 720.093, "Plans": [{"Node Type": "Seq Scan", "Parent Relationship": "Outer", "Relation Name": "title", "Alias": "t", "Startup Cost": 0.0, "Total Cost": 64037.34, "Plan Rows": 1381886, "Plan Width": 25, "Actual Min Startup Time": 0.025, "Actual Max Startup Time": 0.049, "Actual Min Total Time": 14.614, "Actual Max Total Time": 18.729, "Filter": "(production_year > 2000), (LLVM Optimized, Jit Execute)", "Rows Removed by Filter": 1146858, "Actual Rows": 1381453}], "Actual Rows": 1381453}], "Actual Rows": 1381453}], "Actual Rows": 6}], "Actual Rows": 6}], "Actual Rows": 78}, {"Node Type": "Hash", "Parent Relationship": "Inner", "Startup Cost": 1.04, "Total Cost": 1.04, "Plan Rows": 1, "Plan Width": 4, "Actual Min Startup Time": 0.069, "Actual Max Startup Time": 0.069, "Actual Min Total Time": 0.069, "Actual Max Total Time": 0.069, "Max Hash Buckets": 32768, "Min Hash Buckets": 32768, "Max Hash Batches": 1, "Min Hash Batches": 1, "Max Original Hash Batches": 1, "Min Original Hash Batches": 1, "Max Peak Memory Usage": 1, "min Peak Memory Usage": 1, "Plans": [{"Node Type": "Seq Scan", "Parent Relationship": "Outer", "Relation Name": "company_type", "Alias": "ct", "Startup Cost": 0.0, "Total Cost": 1.04, "Plan Rows": 1, "Plan Width": 4, "Actual Min Startup Time": 0.042, "Actual Max Startup Time": 0.042, "Actual Min Total Time": 0.046, "Actual Max Total Time": 0.046, "Filter": "((kind)::text = 'production companies'::text)", "Rows Removed by Filter": 2, "Actual Rows": 1}], "Actual Rows": 1}], "Actual Rows": 4}], "Actual Rows": 1}, "Triggers": [], "Planner Runtime": 7, "Total Runtime": 2549.791, "Unique SQL Id": 2492542741}}, "(64, 97)": {"explain_plan": {"Plan": {"Node Type": "Aggregate", "Strategy": "Plain", "Startup Cost": 251533.23, "Total Cost": 251533.24, "Plan Rows": 1, "Plan Width": 113, "Plans": [{"Node Type": "Hash Join", "Parent Relationship": "Outer", "Join Type": "Inner", "Startup Cost": 166837.95, "Total Cost": 246654.04, "Plan Rows": 650559, "Plan Width": 45, "Inner Unique": false, "Hash Cond": "(mc.movie_id = t.id), (LLVM Optimized)", "Plans": [{"Node Type": "Nested Loop", "Parent Relationship": "Outer", "Join Type": "Inner", "Startup Cost": 0.0, "Total Cost": 69436.41, "Plan Rows": 1304518, "Plan Width": 28, "Inner Unique": false, "Plans": [{"Node Type": "Index Scan", "Parent Relationship": "Outer", "Scan Direction": "Forward", "Index Name": "company_type_pkey", "Relation Name": "company_type", "Alias": "ct", "Startup Cost": 0.0, "Total Cost": 12.3, "Plan Rows": 1, "Plan Width": 4, "Filter": "((kind)::text = 'production companies'::text)"}, {"Node Type": "Index Scan", "Parent Relationship": "Inner", "Scan Direction": "Forward", "Index Name": "company_type_id_movie_companies", "Relation Name": "movie_companies", "Alias": "mc", "Startup Cost": 0.0, "Total Cost": 56378.94, "Plan Rows": 1304517, "Plan Width": 32, "Index Cond": "(company_type_id = ct.id), (LLVM Optimized)", "Filter": "((note)::text !~~ '%(as Metro-Goldwyn-Mayer Pictures)%'::text), (LLVM Optimized)"}]}, {"Node Type": "Hash", "Parent Relationship": "Inner", "Startup Cost": 161239.96, "Total Cost": 161239.96, "Plan Rows": 447839, "Plan Width": 29, "Plans": [{"Node Type": "Hash Join", "Parent Relationship": "Outer", "Join Type": "Inner", "Startup Cost": 141216.9, "Total Cost": 161239.96, "Plan Rows": 447839, "Plan Width": 29, "Inner Unique": true, "Hash Cond": "(mi_idx.movie_id = t.id), (LLVM Optimized)", "Plans": [{"Node Type": "Nested Loop", "Parent Relationship": "Outer", "Join Type": "Inner", "Startup Cost": 7502.06, "Total Cost": 21752.95, "Plan Rows": 345008, "Plan Width": 4, "Inner Unique": false, "Plans": [{"Node Type": "Index Scan", "Parent Relationship": "Outer", "Scan Direction": "Forward", "Index Name": "info_type_pkey", "Relation Name": "info_type", "Alias": "it", "Startup Cost": 0.0, "Total Cost": 14.21, "Plan Rows": 1, "Plan Width": 4, "Filter": "((info)::text = 'bottom 10 rank'::text)"}, {"Node Type": "Bitmap Heap Scan", "Parent Relationship": "Inner", "Relation Name": "movie_info_idx", "Alias": "mi_idx", "Startup Cost": 7502.06, "Total Cost": 18288.66, "Plan Rows": 345008, "Plan Width": 8, "Recheck Cond": "(info_type_id = it.id), (LLVM Optimized)", "Plans": [{"Node Type": "Bitmap Index Scan", "Parent Relationship": "Outer", "Index Name": "info_type_id_movie_info_idx", "Startup Cost": 0.0, "Total Cost": 7415.81, "Plan Rows": 345008, "Plan Width": 0, "Index Cond": "(info_type_id = it.id)"}]}]}, {"Node Type": "Hash", "Parent Relationship": "Inner", "Startup Cost": 116441.27, "Total Cost": 116441.27, "Plan Rows": 1381886, "Plan Width": 25, "Plans": [{"Node Type": "Index Scan", "Parent Relationship": "Outer", "Scan Direction": "Forward", "Index Name": "title_pkey", "Relation Name": "title", "Alias": "t", "Startup Cost": 0.0, "Total Cost": 116441.27, "Plan Rows": 1381886, "Plan Width": 25, "Filter": "(production_year > 2000), (LLVM Optimized)"}]}]}]}]}]}, "Unique SQL Id": 2492542741, "Planner Runtime": 5}, "explain_analyze_plan": null}, "(64, 98)": {"explain_plan": {"Plan": {"Node Type": "Aggregate", "Strategy": "Plain", "Startup Cost": 225283.56, "Total Cost": 225283.57, "Plan Rows": 1, "Plan Width": 113, "Plans": [{"Node Type": "Hash Join", "Parent Relationship": "Outer", "Join Type": "Inner", "Startup Cost": 142931.41, "Total Cost": 220404.37, "Plan Rows": 650559, "Plan Width": 45, "Inner Unique": true, "Hash Cond": "(mc.company_type_id = ct.id), (LLVM Optimized)", "Plans": [{"Node Type": "Hash Join", "Parent Relationship": "Outer", "Join Type": "Inner", "Startup Cost": 142930.36, "Total Cost": 211816.0, "Plan Rows": 1055184, "Plan Width": 49, "Inner Unique": false, "Hash Cond": "(mc.movie_id = t.id), (LLVM Optimized)", "Plans": [{"Node Type": "Seq Scan", "Parent Relationship": "Outer", "Relation Name": "movie_companies", "Alias": "mc", "Startup Cost": 0.0, "Total Cost": 48340.1, "Plan Rows": 2609035, "Plan Width": 32, "Filter": "((note)::text !~~ '%(as Metro-Goldwyn-Mayer Pictures)%'::text), (LLVM Optimized)"}, {"Node Type": "Hash", "Parent Relationship": "Inner", "Startup Cost": 137332.38, "Total Cost": 137332.38, "Plan Rows": 447839, "Plan Width": 29, "Plans": [{"Node Type": "Hash Join", "Parent Relationship": "Outer", "Join Type": "Inner", "Startup Cost": 117321.13, "Total Cost": 137332.38, "Plan Rows": 447839, "Plan Width": 29, "Inner Unique": true, "Hash Cond": "(mi_idx.movie_id = t.id), (LLVM Optimized)", "Plans": [{"Node Type": "Nested Loop", "Parent Relationship": "Outer", "Join Type": "Inner", "Startup Cost": 7502.06, "Total Cost": 21741.14, "Plan Rows": 345008, "Plan Width": 4, "Inner Unique": false, "Plans": [{"Node Type": "Seq Scan", "Parent Relationship": "Outer", "Relation Name": "info_type", "Alias": "it", "Startup Cost": 0.0, "Total Cost": 2.4, "Plan Rows": 1, "Plan Width": 4, "Filter": "((info)::text = 'bottom 10 rank'::text)"}, {"Node Type": "Bitmap Heap Scan", "Parent Relationship": "Inner", "Relation Name": "movie_info_idx", "Alias": "mi_idx", "Startup Cost": 7502.06, "Total Cost": 18288.66, "Plan Rows": 345008, "Plan Width": 8, "Recheck Cond": "(info_type_id = it.id), (LLVM Optimized)", "Plans": [{"Node Type": "Bitmap Index Scan", "Parent Relationship": "Outer", "Index Name": "info_type_id_movie_info_idx", "Startup Cost": 0.0, "Total Cost": 7415.81, "Plan Rows": 345008, "Plan Width": 0, "Index Cond": "(info_type_id = it.id)"}]}]}, {"Node Type": "Hash", "Parent Relationship": "Inner", "Startup Cost": 92545.49, "Total Cost": 92545.49, "Plan Rows": 1381886, "Plan Width": 25, "Plans": [{"Node Type": "Streaming(type: LOCAL GATHER dop: 1/64)", "Parent Relationship": "Outer", "Startup Cost": 0.0, "Total Cost": 92545.49, "Plan Rows": 1381886, "Plan Width": 25, "Plans": [{"Node Type": "Seq Scan", "Parent Relationship": "Outer", "Relation Name": "title", "Alias": "t", "Startup Cost": 0.0, "Total Cost": 64037.34, "Plan Rows": 1381886, "Plan Width": 25, "Filter": "(production_year > 2000), (LLVM Optimized)"}]}]}]}]}]}, {"Node Type": "Hash", "Parent Relationship": "Inner", "Startup Cost": 1.04, "Total Cost": 1.04, "Plan Rows": 1, "Plan Width": 4, "Plans": [{"Node Type": "Seq Scan", "Parent Relationship": "Outer", "Relation Name": "company_type", "Alias": "ct", "Startup Cost": 0.0, "Total Cost": 1.04, "Plan Rows": 1, "Plan Width": 4, "Filter": "((kind)::text = 'production companies'::text)"}]}]}]}, "Unique SQL Id": 2492542741, "Planner Runtime": 7}, "explain_analyze_plan": {"Plan": {"Node Type": "Aggregate", "Strategy": "Plain", "Startup Cost": 225283.56, "Total Cost": 225283.57, "Plan Rows": 1, "Plan Width": 113, "Actual Min Startup Time": 2525.543, "Actual Max Startup Time": 2525.543, "Actual Min Total Time": 2525.544, "Actual Max Total Time": 2525.544, "Plans": [{"Node Type": "Hash Join", "Parent Relationship": "Outer", "Join Type": "Inner", "Startup Cost": 142931.41, "Total Cost": 220404.37, "Plan Rows": 650559, "Plan Width": 45, "Actual Min Startup Time": 2350.375, "Actual Max Startup Time": 2350.375, "Actual Min Total Time": 2525.501, "Actual Max Total Time": 2525.501, "Inner Unique": true, "Hash Cond": "(mc.company_type_id = ct.id), (LLVM Optimized, Jit Execute)", "Plans": [{"Node Type": "Hash Join", "Parent Relationship": "Outer", "Join Type": "Inner", "Startup Cost": 142930.36, "Total Cost": 211816.0, "Plan Rows": 1055184, "Plan Width": 49, "Actual Min Startup Time": 1662.914, "Actual Max Startup Time": 1662.914, "Actual Min Total Time": 2525.185, "Actual Max Total Time": 2525.185, "Inner Unique": false, "Hash Cond": "(mc.movie_id = t.id), (LLVM Optimized, Jit Execute)", "Plans": [{"Node Type": "Seq Scan", "Parent Relationship": "Outer", "Relation Name": "movie_companies", "Alias": "mc", "Startup Cost": 0.0, "Total Cost": 48340.1, "Plan Rows": 2609035, "Plan Width": 32, "Actual Min Startup Time": 0.04, "Actual Max Startup Time": 0.04, "Actual Min Total Time": 907.177, "Actual Max Total Time": 907.177, "Filter": "((note)::text !~~ '%(as Metro-Goldwyn-Mayer Pictures)%'::text), (LLVM Optimized, Jit Execute)", "Rows Removed by Filter": 1272041, "Actual Rows": 1337087}, {"Node Type": "Hash", "Parent Relationship": "Inner", "Startup Cost": 137332.38, "Total Cost": 137332.38, "Plan Rows": 447839, "Plan Width": 29, "Actual Min Startup Time": 1356.656, "Actual Max Startup Time": 1356.656, "Actual Min Total Time": 1356.656, "Actual Max Total Time": 1356.656, "Max Hash Buckets": 524288, "Min Hash Buckets": 524288, "Max Hash Batches": 1, "Min Hash Batches": 1, "Max Original Hash Batches": 1, "Min Original Hash Batches": 1, "Max Peak Memory Usage": 1, "min Peak Memory Usage": 1, "Plans": [{"Node Type": "Hash Join", "Parent Relationship": "Outer", "Join Type": "Inner", "Startup Cost": 117321.13, "Total Cost": 137332.38, "Plan Rows": 447839, "Plan Width": 29, "Actual Min Startup Time": 1356.618, "Actual Max Startup Time": 1356.618, "Actual Min Total Time": 1356.632, "Actual Max Total Time": 1356.632, "Inner Unique": true, "Hash Cond": "(mi_idx.movie_id = t.id), (LLVM Optimized, Jit Execute)", "Plans": [{"Node Type": "Nested Loop", "Parent Relationship": "Outer", "Join Type": "Inner", "Startup Cost": 7502.06, "Total Cost": 21741.14, "Plan Rows": 345008, "Plan Width": 4, "Actual Min Startup Time": 0.134, "Actual Max Startup Time": 0.134, "Actual Min Total Time": 0.141, "Actual Max Total Time": 0.141, "Inner Unique": false, "Plans": [{"Node Type": "Seq Scan", "Parent Relationship": "Outer", "Relation Name": "info_type", "Alias": "it", "Startup Cost": 0.0, "Total Cost": 2.4, "Plan Rows": 1, "Plan Width": 4, "Actual Min Startup Time": 0.078, "Actual Max Startup Time": 0.078, "Actual Min Total Time": 0.082, "Actual Max Total Time": 0.082, "Filter": "((info)::text = 'bottom 10 rank'::text)", "Rows Removed by Filter": 111, "Actual Rows": 1}, {"Node Type": "Bitmap Heap Scan", "Parent Relationship": "Inner", "Relation Name": "movie_info_idx", "Alias": "mi_idx", "Startup Cost": 7502.06, "Total Cost": 18288.66, "Plan Rows": 345008, "Plan Width": 8, "Actual Min Startup Time": 0.04, "Actual Max Startup Time": 0.04, "Actual Min Total Time": 0.04, "Actual Max Total Time": 0.04, "Recheck Cond": "(info_type_id = it.id), (LLVM Optimized, Jit Execute)", "Rows Removed by Index Recheck": 0, "Exact Heap Blocks": 1, "Lossy Heap Blocks": 1, "Plans": [{"Node Type": "Bitmap Index Scan", "Parent Relationship": "Outer", "Index Name": "info_type_id_movie_info_idx", "Startup Cost": 0.0, "Total Cost": 7415.81, "Plan Rows": 345008, "Plan Width": 0, "Actual Min Startup Time": 0.024, "Actual Max Startup Time": 0.024, "Actual Min Total Time": 0.024, "Actual Max Total Time": 0.024, "Index Cond": "(info_type_id = it.id)", "Actual Rows": 10}], "Actual Rows": 10}], "Actual Rows": 10}, {"Node Type": "Hash", "Parent Relationship": "Inner", "Startup Cost": 92545.49, "Total Cost": 92545.49, "Plan Rows": 1381886, "Plan Width": 25, "Actual Min Startup Time": 1354.005, "Actual Max Startup Time": 1354.005, "Actual Min Total Time": 1354.005, "Actual Max Total Time": 1354.005, "Max Hash Buckets": 2097152, "Min Hash Buckets": 2097152, "Max Hash Batches": 1, "Min Hash Batches": 1, "Max Original Hash Batches": 1, "Min Original Hash Batches": 1, "Max Peak Memory Usage": 79393, "min Peak Memory Usage": 79393, "Plans": [{"Node Type": "Streaming(type: LOCAL GATHER dop: 1/64)", "Parent Relationship": "Outer", "Startup Cost": 0.0, "Total Cost": 92545.49, "Plan Rows": 1381886, "Plan Width": 25, "Actual Min Startup Time": 52.425, "Actual Max Startup Time": 52.425, "Actual Min Total Time": 720.093, "Actual Max Total Time": 720.093, "Plans": [{"Node Type": "Seq Scan", "Parent Relationship": "Outer", "Relation Name": "title", "Alias": "t", "Startup Cost": 0.0, "Total Cost": 64037.34, "Plan Rows": 1381886, "Plan Width": 25, "Actual Min Startup Time": 0.025, "Actual Max Startup Time": 0.049, "Actual Min Total Time": 14.614, "Actual Max Total Time": 18.729, "Filter": "(production_year > 2000), (LLVM Optimized, Jit Execute)", "Rows Removed by Filter": 1146858, "Actual Rows": 1381453}], "Actual Rows": 1381453}], "Actual Rows": 1381453}], "Actual Rows": 6}], "Actual Rows": 6}], "Actual Rows": 78}, {"Node Type": "Hash", "Parent Relationship": "Inner", "Startup Cost": 1.04, "Total Cost": 1.04, "Plan Rows": 1, "Plan Width": 4, "Actual Min Startup Time": 0.069, "Actual Max Startup Time": 0.069, "Actual Min Total Time": 0.069, "Actual Max Total Time": 0.069, "Max Hash Buckets": 32768, "Min Hash Buckets": 32768, "Max Hash Batches": 1, "Min Hash Batches": 1, "Max Original Hash Batches": 1, "Min Original Hash Batches": 1, "Max Peak Memory Usage": 1, "min Peak Memory Usage": 1, "Plans": [{"Node Type": "Seq Scan", "Parent Relationship": "Outer", "Relation Name": "company_type", "Alias": "ct", "Startup Cost": 0.0, "Total Cost": 1.04, "Plan Rows": 1, "Plan Width": 4, "Actual Min Startup Time": 0.042, "Actual Max Startup Time": 0.042, "Actual Min Total Time": 0.046, "Actual Max Total Time": 0.046, "Filter": "((kind)::text = 'production companies'::text)", "Rows Removed by Filter": 2, "Actual Rows": 1}], "Actual Rows": 1}], "Actual Rows": 4}], "Actual Rows": 1}, "Triggers": [], "Planner Runtime": 7, "Total Runtime": 2549.791, "Unique SQL Id": 2492542741}}, "(64, 99)": {"explain_plan": {"Plan": {"Node Type": "Aggregate", "Strategy": "Plain", "Startup Cost": 259667.26, "Total Cost": 259667.27, "Plan Rows": 1, "Plan Width": 113, "Plans": [{"Node Type": "Hash Join", "Parent Relationship": "Outer", "Join Type": "Inner", "Startup Cost": 196064.72, "Total Cost": 254788.06, "Plan Rows": 650559, "Plan Width": 45, "Inner Unique": false, "Hash Cond": "(mc.movie_id = t.id), (LLVM Optimized)", "Plans": [{"Node Type": "Nested Loop", "Parent Relationship": "Outer", "Join Type": "Inner", "Startup Cost": 29278.87, "Total Cost": 77622.54, "Plan Rows": 1304518, "Plan Width": 28, "Inner Unique": false, "Plans": [{"Node Type": "Bitmap Heap Scan", "Parent Relationship": "Outer", "Relation Name": "company_type", "Alias": "ct", "Startup Cost": 8.27, "Total Cost": 12.3, "Plan Rows": 1, "Plan Width": 4, "Filter": "((kind)::text = 'production companies'::text)", "Plans": [{"Node Type": "Bitmap Index Scan", "Parent Relationship": "Outer", "Index Name": "company_type_pkey", "Startup Cost": 0.0, "Total Cost": 8.27, "Plan Rows": 3, "Plan Width": 0}]}, {"Node Type": "Bitmap Heap Scan", "Parent Relationship": "Inner", "Relation Name": "movie_companies", "Alias": "mc", "Startup Cost": 29270.61, "Total Cost": 64565.07, "Plan Rows": 1304517, "Plan Width": 32, "Recheck Cond": "(company_type_id = ct.id), (LLVM Optimized)", "Filter": "((note)::text !~~ '%(as Metro-Goldwyn-Mayer Pictures)%'::text), (LLVM Optimized)", "Plans": [{"Node Type": "Bitmap Index Scan", "Parent Relationship": "Outer", "Index Name": "company_type_id_movie_companies", "Startup Cost": 0.0, "Total Cost": 28944.48, "Plan Rows": 1304564, "Plan Width": 0, "Index Cond": "(company_type_id = ct.id)"}]}]}, {"Node Type": "Hash", "Parent Relationship": "Inner", "Startup Cost": 161187.86, "Total Cost": 161187.86, "Plan Rows": 447839, "Plan Width": 29, "Plans": [{"Node Type": "Hash Join", "Parent Relationship": "Outer", "Join Type": "Inner", "Startup Cost": 141173.61, "Total Cost": 161187.86, "Plan Rows": 447839, "Plan Width": 29, "Inner Unique": true, "Hash Cond": "(mi_idx.movie_id = t.id), (LLVM Optimized)", "Plans": [{"Node Type": "Nested Loop", "Parent Relationship": "Outer", "Join Type": "Inner", "Startup Cost": 7510.87, "Total Cost": 21752.95, "Plan Rows": 345008, "Plan Width": 4, "Inner Unique": false, "Plans": [{"Node Type": "Bitmap Heap Scan", "Parent Relationship": "Outer", "Relation Name": "info_type", "Alias": "it", "Startup Cost": 8.81, "Total Cost": 14.21, "Plan Rows": 1, "Plan Width": 4, "Filter": "((info)::text = 'bottom 10 rank'::text)", "Plans": [{"Node Type": "Bitmap Index Scan", "Parent Relationship": "Outer", "Index Name": "info_type_pkey", "Startup Cost": 0.0, "Total Cost": 8.81, "Plan Rows": 112, "Plan Width": 0}]}, {"Node Type": "Bitmap Heap Scan", "Parent Relationship": "Inner", "Relation Name": "movie_info_idx", "Alias": "mi_idx", "Startup Cost": 7502.06, "Total Cost": 18288.66, "Plan Rows": 345008, "Plan Width": 8, "Recheck Cond": "(info_type_id = it.id), (LLVM Optimized)", "Plans": [{"Node Type": "Bitmap Index Scan", "Parent Relationship": "Outer", "Index Name": "info_type_id_movie_info_idx", "Startup Cost": 0.0, "Total Cost": 7415.81, "Plan Rows": 345008, "Plan Width": 0, "Index Cond": "(info_type_id = it.id)"}]}]}, {"Node Type": "Hash", "Parent Relationship": "Inner", "Startup Cost": 116389.16, "Total Cost": 116389.16, "Plan Rows": 1381886, "Plan Width": 25, "Plans": [{"Node Type": "Bitmap Heap Scan", "Parent Relationship": "Outer", "Relation Name": "title", "Alias": "t", "Startup Cost": 49999.28, "Total Cost": 116389.16, "Plan Rows": 1381886, "Plan Width": 25, "Filter": "(production_year > 2000), (LLVM Optimized)", "Plans": [{"Node Type": "Bitmap Index Scan", "Parent Relationship": "Outer", "Index Name": "title_pkey", "Startup Cost": 0.0, "Total Cost": 49653.81, "Plan Rows": 2528311, "Plan Width": 0}]}]}]}]}]}]}, "Unique SQL Id": 2492542741, "Planner Runtime": 5}, "explain_analyze_plan": {"Plan": {"Node Type": "Aggregate", "Strategy": "Plain", "Startup Cost": 259667.26, "Total Cost": 259667.27, "Plan Rows": 1, "Plan Width": 113, "Actual Startup Time": 2842.228, "Actual Total Time": 2842.228, "Actual Rows": 1, "Actual Loops": 1, "Plans": [{"Node Type": "Hash Join", "Parent Relationship": "Outer", "Join Type": "Inner", "Startup Cost": 196064.72, "Total Cost": 254788.06, "Plan Rows": 650559, "Plan Width": 45, "Actual Startup Time": 2595.719, "Actual Total Time": 2842.183, "Actual Rows": 4, "Actual Loops": 1, "Inner Unique": false, "Hash Cond": "(mc.movie_id = t.id), (LLVM Optimized, Jit Execute)", "Plans": [{"Node Type": "Nested Loop", "Parent Relationship": "Outer", "Join Type": "Inner", "Startup Cost": 29278.87, "Total Cost": 77622.54, "Plan Rows": 1304518, "Plan Width": 28, "Actual Startup Time": 145.789, "Actual Total Time": 612.976, "Actual Rows": 140904, "Actual Loops": 1, "Inner Unique": false, "Plans": [{"Node Type": "Bitmap Heap Scan", "Parent Relationship": "Outer", "Relation Name": "company_type", "Alias": "ct", "Startup Cost": 8.27, "Total Cost": 12.3, "Plan Rows": 1, "Plan Width": 4, "Actual Startup Time": 0.034, "Actual Total Time": 0.041, "Actual Rows": 1, "Actual Loops": 1, "Filter": "((kind)::text = 'production companies'::text)", "Rows Removed by Filter": 2, "Exact Heap Blocks": 1, "Lossy Heap Blocks": 1, "Plans": [{"Node Type": "Bitmap Index Scan", "Parent Relationship": "Outer", "Index Name": "company_type_pkey", "Startup Cost": 0.0, "Total Cost": 8.27, "Plan Rows": 3, "Plan Width": 0, "Actual Startup Time": 0.015, "Actual Total Time": 0.015, "Actual Rows": 3, "Actual Loops": 1}]}, {"Node Type": "Bitmap Heap Scan", "Parent Relationship": "Inner", "Relation Name": "movie_companies", "Alias": "mc", "Startup Cost": 29270.61, "Total Cost": 64565.07, "Plan Rows": 1304517, "Plan Width": 32, "Actual Startup Time": 145.748, "Actual Total Time": 585.465, "Actual Rows": 140904, "Actual Loops": 1, "Recheck Cond": "(company_type_id = ct.id), (LLVM Optimized, Jit Execute)", "Rows Removed by Index Recheck": 0, "Filter": "((note)::text !~~ '%(as Metro-Goldwyn-Mayer Pictures)%'::text), (LLVM Optimized, Jit Execute)", "Rows Removed by Filter": 1193979, "Exact Heap Blocks": 6196, "Lossy Heap Blocks": 6196, "Plans": [{"Node Type": "Bitmap Index Scan", "Parent Relationship": "Outer", "Index Name": "company_type_id_movie_companies", "Startup Cost": 0.0, "Total Cost": 28944.48, "Plan Rows": 1304564, "Plan Width": 0, "Actual Startup Time": 144.542, "Actual Total Time": 144.542, "Actual Rows": 1334883, "Actual Loops": 1, "Index Cond": "(company_type_id = ct.id)"}]}]}, {"Node Type": "Hash", "Parent Relationship": "Inner", "Startup Cost": 161187.86, "Total Cost": 161187.86, "Plan Rows": 447839, "Plan Width": 29, "Actual Startup Time": 2199.499, "Actual Total Time": 2199.499, "Actual Rows": 6, "Actual Loops": 1, "Hash Buckets": 524288, "Hash Batches": 1, "Original Hash Batches": 1, "Peak Memory Usage": 1, "Plans": [{"Node Type": "Hash Join", "Parent Relationship": "Outer", "Join Type": "Inner", "Startup Cost": 141173.61, "Total Cost": 161187.86, "Plan Rows": 447839, "Plan Width": 29, "Actual Startup Time": 2199.477, "Actual Total Time": 2199.492, "Actual Rows": 6, "Actual Loops": 1, "Inner Unique": true, "Hash Cond": "(mi_idx.movie_id = t.id), (LLVM Optimized, Jit Execute)", "Plans": [{"Node Type": "Nested Loop", "Parent Relationship": "Outer", "Join Type": "Inner", "Startup Cost": 7510.87, "Total Cost": 21752.95, "Plan Rows": 345008, "Plan Width": 4, "Actual Startup Time": 0.139, "Actual Total Time": 0.153, "Actual Rows": 10, "Actual Loops": 1, "Inner Unique": false, "Plans": [{"Node Type": "Bitmap Heap Scan", "Parent Relationship": "Outer", "Relation Name": "info_type", "Alias": "it", "Startup Cost": 8.81, "Total Cost": 14.21, "Plan Rows": 1, "Plan Width": 4, "Actual Startup Time": 0.094, "Actual Total Time": 0.096, "Actual Rows": 1, "Actual Loops": 1, "Filter": "((info)::text = 'bottom 10 rank'::text)", "Rows Removed by Filter": 111, "Exact Heap Blocks": 1, "Lossy Heap Blocks": 1, "Plans": [{"Node Type": "Bitmap Index Scan", "Parent Relationship": "Outer", "Index Name": "info_type_pkey", "Startup Cost": 0.0, "Total Cost": 8.81, "Plan Rows": 112, "Plan Width": 0, "Actual Startup Time": 0.018, "Actual Total Time": 0.018, "Actual Rows": 112, "Actual Loops": 1}]}, {"Node Type": "Bitmap Heap Scan", "Parent Relationship": "Inner", "Relation Name": "movie_info_idx", "Alias": "mi_idx", "Startup Cost": 7502.06, "Total Cost": 18288.66, "Plan Rows": 345008, "Plan Width": 8, "Actual Startup Time": 0.033, "Actual Total Time": 0.039, "Actual Rows": 10, "Actual Loops": 1, "Recheck Cond": "(info_type_id = it.id), (LLVM Optimized, Jit Execute)", "Rows Removed by Index Recheck": 0, "Exact Heap Blocks": 1, "Lossy Heap Blocks": 1, "Plans": [{"Node Type": "Bitmap Index Scan", "Parent Relationship": "Outer", "Index Name": "info_type_id_movie_info_idx", "Startup Cost": 0.0, "Total Cost": 7415.81, "Plan Rows": 345008, "Plan Width": 0, "Actual Startup Time": 0.013, "Actual Total Time": 0.013, "Actual Rows": 10, "Actual Loops": 1, "Index Cond": "(info_type_id = it.id)"}]}]}, {"Node Type": "Hash", "Parent Relationship": "Inner", "Startup Cost": 116389.16, "Total Cost": 116389.16, "Plan Rows": 1381886, "Plan Width": 25, "Actual Startup Time": 2197.3, "Actual Total Time": 2197.3, "Actual Rows": 1381453, "Actual Loops": 1, "Hash Buckets": 2097152, "Hash Batches": 1, "Original Hash Batches": 1, "Peak Memory Usage": 79393, "Plans": [{"Node Type": "Bitmap Heap Scan", "Parent Relationship": "Outer", "Relation Name": "title", "Alias": "t", "Startup Cost": 49999.28, "Total Cost": 116389.16, "Plan Rows": 1381886, "Plan Width": 25, "Actual Startup Time": 312.761, "Actual Total Time": 1576.915, "Actual Rows": 1381453, "Actual Loops": 1, "Filter": "(production_year > 2000), (LLVM Optimized, Jit Execute)", "Rows Removed by Filter": 1146858, "Exact Heap Blocks": 34786, "Lossy Heap Blocks": 34786, "Plans": [{"Node Type": "Bitmap Index Scan", "Parent Relationship": "Outer", "Index Name": "title_pkey", "Startup Cost": 0.0, "Total Cost": 49653.81, "Plan Rows": 2528311, "Plan Width": 0, "Actual Startup Time": 304.689, "Actual Total Time": 304.689, "Actual Rows": 2528311, "Actual Loops": 1}]}]}]}]}]}]}, "Triggers": [], "Planner Runtime": 5, "Total Runtime": 2853.319, "Unique SQL Id": 2492542741}}, "(64, 100)": {"explain_plan": {"Plan": {"Node Type": "Aggregate", "Strategy": "Plain", "Startup Cost": 225283.56, "Total Cost": 225283.57, "Plan Rows": 1, "Plan Width": 113, "Plans": [{"Node Type": "Hash Join", "Parent Relationship": "Outer", "Join Type": "Inner", "Startup Cost": 142931.41, "Total Cost": 220404.37, "Plan Rows": 650559, "Plan Width": 45, "Inner Unique": true, "Hash Cond": "(mc.company_type_id = ct.id), (LLVM Optimized)", "Plans": [{"Node Type": "Hash Join", "Parent Relationship": "Outer", "Join Type": "Inner", "Startup Cost": 142930.36, "Total Cost": 211816.0, "Plan Rows": 1055184, "Plan Width": 49, "Inner Unique": false, "Hash Cond": "(mc.movie_id = t.id), (LLVM Optimized)", "Plans": [{"Node Type": "Seq Scan", "Parent Relationship": "Outer", "Relation Name": "movie_companies", "Alias": "mc", "Startup Cost": 0.0, "Total Cost": 48340.1, "Plan Rows": 2609035, "Plan Width": 32, "Filter": "((note)::text !~~ '%(as Metro-Goldwyn-Mayer Pictures)%'::text), (LLVM Optimized)"}, {"Node Type": "Hash", "Parent Relationship": "Inner", "Startup Cost": 137332.38, "Total Cost": 137332.38, "Plan Rows": 447839, "Plan Width": 29, "Plans": [{"Node Type": "Hash Join", "Parent Relationship": "Outer", "Join Type": "Inner", "Startup Cost": 117321.13, "Total Cost": 137332.38, "Plan Rows": 447839, "Plan Width": 29, "Inner Unique": true, "Hash Cond": "(mi_idx.movie_id = t.id), (LLVM Optimized)", "Plans": [{"Node Type": "Nested Loop", "Parent Relationship": "Outer", "Join Type": "Inner", "Startup Cost": 7502.06, "Total Cost": 21741.14, "Plan Rows": 345008, "Plan Width": 4, "Inner Unique": false, "Plans": [{"Node Type": "Seq Scan", "Parent Relationship": "Outer", "Relation Name": "info_type", "Alias": "it", "Startup Cost": 0.0, "Total Cost": 2.4, "Plan Rows": 1, "Plan Width": 4, "Filter": "((info)::text = 'bottom 10 rank'::text)"}, {"Node Type": "Bitmap Heap Scan", "Parent Relationship": "Inner", "Relation Name": "movie_info_idx", "Alias": "mi_idx", "Startup Cost": 7502.06, "Total Cost": 18288.66, "Plan Rows": 345008, "Plan Width": 8, "Recheck Cond": "(info_type_id = it.id), (LLVM Optimized)", "Plans": [{"Node Type": "Bitmap Index Scan", "Parent Relationship": "Outer", "Index Name": "info_type_id_movie_info_idx", "Startup Cost": 0.0, "Total Cost": 7415.81, "Plan Rows": 345008, "Plan Width": 0, "Index Cond": "(info_type_id = it.id)"}]}]}, {"Node Type": "Hash", "Parent Relationship": "Inner", "Startup Cost": 92545.49, "Total Cost": 92545.49, "Plan Rows": 1381886, "Plan Width": 25, "Plans": [{"Node Type": "Streaming(type: LOCAL GATHER dop: 1/64)", "Parent Relationship": "Outer", "Startup Cost": 0.0, "Total Cost": 92545.49, "Plan Rows": 1381886, "Plan Width": 25, "Plans": [{"Node Type": "Seq Scan", "Parent Relationship": "Outer", "Relation Name": "title", "Alias": "t", "Startup Cost": 0.0, "Total Cost": 64037.34, "Plan Rows": 1381886, "Plan Width": 25, "Filter": "(production_year > 2000), (LLVM Optimized)"}]}]}]}]}]}, {"Node Type": "Hash", "Parent Relationship": "Inner", "Startup Cost": 1.04, "Total Cost": 1.04, "Plan Rows": 1, "Plan Width": 4, "Plans": [{"Node Type": "Seq Scan", "Parent Relationship": "Outer", "Relation Name": "company_type", "Alias": "ct", "Startup Cost": 0.0, "Total Cost": 1.04, "Plan Rows": 1, "Plan Width": 4, "Filter": "((kind)::text = 'production companies'::text)"}]}]}]}, "Unique SQL Id": 2492542741, "Planner Runtime": 7}, "explain_analyze_plan": {"Plan": {"Node Type": "Aggregate", "Strategy": "Plain", "Startup Cost": 225283.56, "Total Cost": 225283.57, "Plan Rows": 1, "Plan Width": 113, "Actual Min Startup Time": 2525.543, "Actual Max Startup Time": 2525.543, "Actual Min Total Time": 2525.544, "Actual Max Total Time": 2525.544, "Plans": [{"Node Type": "Hash Join", "Parent Relationship": "Outer", "Join Type": "Inner", "Startup Cost": 142931.41, "Total Cost": 220404.37, "Plan Rows": 650559, "Plan Width": 45, "Actual Min Startup Time": 2350.375, "Actual Max Startup Time": 2350.375, "Actual Min Total Time": 2525.501, "Actual Max Total Time": 2525.501, "Inner Unique": true, "Hash Cond": "(mc.company_type_id = ct.id), (LLVM Optimized, Jit Execute)", "Plans": [{"Node Type": "Hash Join", "Parent Relationship": "Outer", "Join Type": "Inner", "Startup Cost": 142930.36, "Total Cost": 211816.0, "Plan Rows": 1055184, "Plan Width": 49, "Actual Min Startup Time": 1662.914, "Actual Max Startup Time": 1662.914, "Actual Min Total Time": 2525.185, "Actual Max Total Time": 2525.185, "Inner Unique": false, "Hash Cond": "(mc.movie_id = t.id), (LLVM Optimized, Jit Execute)", "Plans": [{"Node Type": "Seq Scan", "Parent Relationship": "Outer", "Relation Name": "movie_companies", "Alias": "mc", "Startup Cost": 0.0, "Total Cost": 48340.1, "Plan Rows": 2609035, "Plan Width": 32, "Actual Min Startup Time": 0.04, "Actual Max Startup Time": 0.04, "Actual Min Total Time": 907.177, "Actual Max Total Time": 907.177, "Filter": "((note)::text !~~ '%(as Metro-Goldwyn-Mayer Pictures)%'::text), (LLVM Optimized, Jit Execute)", "Rows Removed by Filter": 1272041, "Actual Rows": 1337087}, {"Node Type": "Hash", "Parent Relationship": "Inner", "Startup Cost": 137332.38, "Total Cost": 137332.38, "Plan Rows": 447839, "Plan Width": 29, "Actual Min Startup Time": 1356.656, "Actual Max Startup Time": 1356.656, "Actual Min Total Time": 1356.656, "Actual Max Total Time": 1356.656, "Max Hash Buckets": 524288, "Min Hash Buckets": 524288, "Max Hash Batches": 1, "Min Hash Batches": 1, "Max Original Hash Batches": 1, "Min Original Hash Batches": 1, "Max Peak Memory Usage": 1, "min Peak Memory Usage": 1, "Plans": [{"Node Type": "Hash Join", "Parent Relationship": "Outer", "Join Type": "Inner", "Startup Cost": 117321.13, "Total Cost": 137332.38, "Plan Rows": 447839, "Plan Width": 29, "Actual Min Startup Time": 1356.618, "Actual Max Startup Time": 1356.618, "Actual Min Total Time": 1356.632, "Actual Max Total Time": 1356.632, "Inner Unique": true, "Hash Cond": "(mi_idx.movie_id = t.id), (LLVM Optimized, Jit Execute)", "Plans": [{"Node Type": "Nested Loop", "Parent Relationship": "Outer", "Join Type": "Inner", "Startup Cost": 7502.06, "Total Cost": 21741.14, "Plan Rows": 345008, "Plan Width": 4, "Actual Min Startup Time": 0.134, "Actual Max Startup Time": 0.134, "Actual Min Total Time": 0.141, "Actual Max Total Time": 0.141, "Inner Unique": false, "Plans": [{"Node Type": "Seq Scan", "Parent Relationship": "Outer", "Relation Name": "info_type", "Alias": "it", "Startup Cost": 0.0, "Total Cost": 2.4, "Plan Rows": 1, "Plan Width": 4, "Actual Min Startup Time": 0.078, "Actual Max Startup Time": 0.078, "Actual Min Total Time": 0.082, "Actual Max Total Time": 0.082, "Filter": "((info)::text = 'bottom 10 rank'::text)", "Rows Removed by Filter": 111, "Actual Rows": 1}, {"Node Type": "Bitmap Heap Scan", "Parent Relationship": "Inner", "Relation Name": "movie_info_idx", "Alias": "mi_idx", "Startup Cost": 7502.06, "Total Cost": 18288.66, "Plan Rows": 345008, "Plan Width": 8, "Actual Min Startup Time": 0.04, "Actual Max Startup Time": 0.04, "Actual Min Total Time": 0.04, "Actual Max Total Time": 0.04, "Recheck Cond": "(info_type_id = it.id), (LLVM Optimized, Jit Execute)", "Rows Removed by Index Recheck": 0, "Exact Heap Blocks": 1, "Lossy Heap Blocks": 1, "Plans": [{"Node Type": "Bitmap Index Scan", "Parent Relationship": "Outer", "Index Name": "info_type_id_movie_info_idx", "Startup Cost": 0.0, "Total Cost": 7415.81, "Plan Rows": 345008, "Plan Width": 0, "Actual Min Startup Time": 0.024, "Actual Max Startup Time": 0.024, "Actual Min Total Time": 0.024, "Actual Max Total Time": 0.024, "Index Cond": "(info_type_id = it.id)", "Actual Rows": 10}], "Actual Rows": 10}], "Actual Rows": 10}, {"Node Type": "Hash", "Parent Relationship": "Inner", "Startup Cost": 92545.49, "Total Cost": 92545.49, "Plan Rows": 1381886, "Plan Width": 25, "Actual Min Startup Time": 1354.005, "Actual Max Startup Time": 1354.005, "Actual Min Total Time": 1354.005, "Actual Max Total Time": 1354.005, "Max Hash Buckets": 2097152, "Min Hash Buckets": 2097152, "Max Hash Batches": 1, "Min Hash Batches": 1, "Max Original Hash Batches": 1, "Min Original Hash Batches": 1, "Max Peak Memory Usage": 79393, "min Peak Memory Usage": 79393, "Plans": [{"Node Type": "Streaming(type: LOCAL GATHER dop: 1/64)", "Parent Relationship": "Outer", "Startup Cost": 0.0, "Total Cost": 92545.49, "Plan Rows": 1381886, "Plan Width": 25, "Actual Min Startup Time": 52.425, "Actual Max Startup Time": 52.425, "Actual Min Total Time": 720.093, "Actual Max Total Time": 720.093, "Plans": [{"Node Type": "Seq Scan", "Parent Relationship": "Outer", "Relation Name": "title", "Alias": "t", "Startup Cost": 0.0, "Total Cost": 64037.34, "Plan Rows": 1381886, "Plan Width": 25, "Actual Min Startup Time": 0.025, "Actual Max Startup Time": 0.049, "Actual Min Total Time": 14.614, "Actual Max Total Time": 18.729, "Filter": "(production_year > 2000), (LLVM Optimized, Jit Execute)", "Rows Removed by Filter": 1146858, "Actual Rows": 1381453}], "Actual Rows": 1381453}], "Actual Rows": 1381453}], "Actual Rows": 6}], "Actual Rows": 6}], "Actual Rows": 78}, {"Node Type": "Hash", "Parent Relationship": "Inner", "Startup Cost": 1.04, "Total Cost": 1.04, "Plan Rows": 1, "Plan Width": 4, "Actual Min Startup Time": 0.069, "Actual Max Startup Time": 0.069, "Actual Min Total Time": 0.069, "Actual Max Total Time": 0.069, "Max Hash Buckets": 32768, "Min Hash Buckets": 32768, "Max Hash Batches": 1, "Min Hash Batches": 1, "Max Original Hash Batches": 1, "Min Original Hash Batches": 1, "Max Peak Memory Usage": 1, "min Peak Memory Usage": 1, "Plans": [{"Node Type": "Seq Scan", "Parent Relationship": "Outer", "Relation Name": "company_type", "Alias": "ct", "Startup Cost": 0.0, "Total Cost": 1.04, "Plan Rows": 1, "Plan Width": 4, "Actual Min Startup Time": 0.042, "Actual Max Startup Time": 0.042, "Actual Min Total Time": 0.046, "Actual Max Total Time": 0.046, "Filter": "((kind)::text = 'production companies'::text)", "Rows Removed by Filter": 2, "Actual Rows": 1}], "Actual Rows": 1}], "Actual Rows": 4}], "Actual Rows": 1}, "Triggers": [], "Planner Runtime": 7, "Total Runtime": 2549.791, "Unique SQL Id": 2492542741}}, "(64, 101)": {"explain_plan": {"Plan": {"Node Type": "Aggregate", "Strategy": "Plain", "Startup Cost": 251533.23, "Total Cost": 251533.24, "Plan Rows": 1, "Plan Width": 113, "Plans": [{"Node Type": "Hash Join", "Parent Relationship": "Outer", "Join Type": "Inner", "Startup Cost": 166837.95, "Total Cost": 246654.04, "Plan Rows": 650559, "Plan Width": 45, "Inner Unique": false, "Hash Cond": "(mc.movie_id = t.id), (LLVM Optimized)", "Plans": [{"Node Type": "Nested Loop", "Parent Relationship": "Outer", "Join Type": "Inner", "Startup Cost": 0.0, "Total Cost": 69436.41, "Plan Rows": 1304518, "Plan Width": 28, "Inner Unique": false, "Plans": [{"Node Type": "Index Scan", "Parent Relationship": "Outer", "Scan Direction": "Forward", "Index Name": "company_type_pkey", "Relation Name": "company_type", "Alias": "ct", "Startup Cost": 0.0, "Total Cost": 12.3, "Plan Rows": 1, "Plan Width": 4, "Filter": "((kind)::text = 'production companies'::text)"}, {"Node Type": "Index Scan", "Parent Relationship": "Inner", "Scan Direction": "Forward", "Index Name": "company_type_id_movie_companies", "Relation Name": "movie_companies", "Alias": "mc", "Startup Cost": 0.0, "Total Cost": 56378.94, "Plan Rows": 1304517, "Plan Width": 32, "Index Cond": "(company_type_id = ct.id), (LLVM Optimized)", "Filter": "((note)::text !~~ '%(as Metro-Goldwyn-Mayer Pictures)%'::text), (LLVM Optimized)"}]}, {"Node Type": "Hash", "Parent Relationship": "Inner", "Startup Cost": 161239.96, "Total Cost": 161239.96, "Plan Rows": 447839, "Plan Width": 29, "Plans": [{"Node Type": "Hash Join", "Parent Relationship": "Outer", "Join Type": "Inner", "Startup Cost": 141216.9, "Total Cost": 161239.96, "Plan Rows": 447839, "Plan Width": 29, "Inner Unique": true, "Hash Cond": "(mi_idx.movie_id = t.id), (LLVM Optimized)", "Plans": [{"Node Type": "Nested Loop", "Parent Relationship": "Outer", "Join Type": "Inner", "Startup Cost": 7502.06, "Total Cost": 21752.95, "Plan Rows": 345008, "Plan Width": 4, "Inner Unique": false, "Plans": [{"Node Type": "Index Scan", "Parent Relationship": "Outer", "Scan Direction": "Forward", "Index Name": "info_type_pkey", "Relation Name": "info_type", "Alias": "it", "Startup Cost": 0.0, "Total Cost": 14.21, "Plan Rows": 1, "Plan Width": 4, "Filter": "((info)::text = 'bottom 10 rank'::text)"}, {"Node Type": "Bitmap Heap Scan", "Parent Relationship": "Inner", "Relation Name": "movie_info_idx", "Alias": "mi_idx", "Startup Cost": 7502.06, "Total Cost": 18288.66, "Plan Rows": 345008, "Plan Width": 8, "Recheck Cond": "(info_type_id = it.id), (LLVM Optimized)", "Plans": [{"Node Type": "Bitmap Index Scan", "Parent Relationship": "Outer", "Index Name": "info_type_id_movie_info_idx", "Startup Cost": 0.0, "Total Cost": 7415.81, "Plan Rows": 345008, "Plan Width": 0, "Index Cond": "(info_type_id = it.id)"}]}]}, {"Node Type": "Hash", "Parent Relationship": "Inner", "Startup Cost": 116441.27, "Total Cost": 116441.27, "Plan Rows": 1381886, "Plan Width": 25, "Plans": [{"Node Type": "Index Scan", "Parent Relationship": "Outer", "Scan Direction": "Forward", "Index Name": "title_pkey", "Relation Name": "title", "Alias": "t", "Startup Cost": 0.0, "Total Cost": 116441.27, "Plan Rows": 1381886, "Plan Width": 25, "Filter": "(production_year > 2000), (LLVM Optimized)"}]}]}]}]}]}, "Unique SQL Id": 2492542741, "Planner Runtime": 5}, "explain_analyze_plan": null}, "(64, 102)": {"explain_plan": {"Plan": {"Node Type": "Aggregate", "Strategy": "Plain", "Startup Cost": 225283.56, "Total Cost": 225283.57, "Plan Rows": 1, "Plan Width": 113, "Plans": [{"Node Type": "Hash Join", "Parent Relationship": "Outer", "Join Type": "Inner", "Startup Cost": 142931.41, "Total Cost": 220404.37, "Plan Rows": 650559, "Plan Width": 45, "Inner Unique": true, "Hash Cond": "(mc.company_type_id = ct.id), (LLVM Optimized)", "Plans": [{"Node Type": "Hash Join", "Parent Relationship": "Outer", "Join Type": "Inner", "Startup Cost": 142930.36, "Total Cost": 211816.0, "Plan Rows": 1055184, "Plan Width": 49, "Inner Unique": false, "Hash Cond": "(mc.movie_id = t.id), (LLVM Optimized)", "Plans": [{"Node Type": "Seq Scan", "Parent Relationship": "Outer", "Relation Name": "movie_companies", "Alias": "mc", "Startup Cost": 0.0, "Total Cost": 48340.1, "Plan Rows": 2609035, "Plan Width": 32, "Filter": "((note)::text !~~ '%(as Metro-Goldwyn-Mayer Pictures)%'::text), (LLVM Optimized)"}, {"Node Type": "Hash", "Parent Relationship": "Inner", "Startup Cost": 137332.38, "Total Cost": 137332.38, "Plan Rows": 447839, "Plan Width": 29, "Plans": [{"Node Type": "Hash Join", "Parent Relationship": "Outer", "Join Type": "Inner", "Startup Cost": 117321.13, "Total Cost": 137332.38, "Plan Rows": 447839, "Plan Width": 29, "Inner Unique": true, "Hash Cond": "(mi_idx.movie_id = t.id), (LLVM Optimized)", "Plans": [{"Node Type": "Nested Loop", "Parent Relationship": "Outer", "Join Type": "Inner", "Startup Cost": 7502.06, "Total Cost": 21741.14, "Plan Rows": 345008, "Plan Width": 4, "Inner Unique": false, "Plans": [{"Node Type": "Seq Scan", "Parent Relationship": "Outer", "Relation Name": "info_type", "Alias": "it", "Startup Cost": 0.0, "Total Cost": 2.4, "Plan Rows": 1, "Plan Width": 4, "Filter": "((info)::text = 'bottom 10 rank'::text)"}, {"Node Type": "Bitmap Heap Scan", "Parent Relationship": "Inner", "Relation Name": "movie_info_idx", "Alias": "mi_idx", "Startup Cost": 7502.06, "Total Cost": 18288.66, "Plan Rows": 345008, "Plan Width": 8, "Recheck Cond": "(info_type_id = it.id), (LLVM Optimized)", "Plans": [{"Node Type": "Bitmap Index Scan", "Parent Relationship": "Outer", "Index Name": "info_type_id_movie_info_idx", "Startup Cost": 0.0, "Total Cost": 7415.81, "Plan Rows": 345008, "Plan Width": 0, "Index Cond": "(info_type_id = it.id)"}]}]}, {"Node Type": "Hash", "Parent Relationship": "Inner", "Startup Cost": 92545.49, "Total Cost": 92545.49, "Plan Rows": 1381886, "Plan Width": 25, "Plans": [{"Node Type": "Streaming(type: LOCAL GATHER dop: 1/64)", "Parent Relationship": "Outer", "Startup Cost": 0.0, "Total Cost": 92545.49, "Plan Rows": 1381886, "Plan Width": 25, "Plans": [{"Node Type": "Seq Scan", "Parent Relationship": "Outer", "Relation Name": "title", "Alias": "t", "Startup Cost": 0.0, "Total Cost": 64037.34, "Plan Rows": 1381886, "Plan Width": 25, "Filter": "(production_year > 2000), (LLVM Optimized)"}]}]}]}]}]}, {"Node Type": "Hash", "Parent Relationship": "Inner", "Startup Cost": 1.04, "Total Cost": 1.04, "Plan Rows": 1, "Plan Width": 4, "Plans": [{"Node Type": "Seq Scan", "Parent Relationship": "Outer", "Relation Name": "company_type", "Alias": "ct", "Startup Cost": 0.0, "Total Cost": 1.04, "Plan Rows": 1, "Plan Width": 4, "Filter": "((kind)::text = 'production companies'::text)"}]}]}]}, "Unique SQL Id": 2492542741, "Planner Runtime": 7}, "explain_analyze_plan": {"Plan": {"Node Type": "Aggregate", "Strategy": "Plain", "Startup Cost": 225283.56, "Total Cost": 225283.57, "Plan Rows": 1, "Plan Width": 113, "Actual Min Startup Time": 2525.543, "Actual Max Startup Time": 2525.543, "Actual Min Total Time": 2525.544, "Actual Max Total Time": 2525.544, "Plans": [{"Node Type": "Hash Join", "Parent Relationship": "Outer", "Join Type": "Inner", "Startup Cost": 142931.41, "Total Cost": 220404.37, "Plan Rows": 650559, "Plan Width": 45, "Actual Min Startup Time": 2350.375, "Actual Max Startup Time": 2350.375, "Actual Min Total Time": 2525.501, "Actual Max Total Time": 2525.501, "Inner Unique": true, "Hash Cond": "(mc.company_type_id = ct.id), (LLVM Optimized, Jit Execute)", "Plans": [{"Node Type": "Hash Join", "Parent Relationship": "Outer", "Join Type": "Inner", "Startup Cost": 142930.36, "Total Cost": 211816.0, "Plan Rows": 1055184, "Plan Width": 49, "Actual Min Startup Time": 1662.914, "Actual Max Startup Time": 1662.914, "Actual Min Total Time": 2525.185, "Actual Max Total Time": 2525.185, "Inner Unique": false, "Hash Cond": "(mc.movie_id = t.id), (LLVM Optimized, Jit Execute)", "Plans": [{"Node Type": "Seq Scan", "Parent Relationship": "Outer", "Relation Name": "movie_companies", "Alias": "mc", "Startup Cost": 0.0, "Total Cost": 48340.1, "Plan Rows": 2609035, "Plan Width": 32, "Actual Min Startup Time": 0.04, "Actual Max Startup Time": 0.04, "Actual Min Total Time": 907.177, "Actual Max Total Time": 907.177, "Filter": "((note)::text !~~ '%(as Metro-Goldwyn-Mayer Pictures)%'::text), (LLVM Optimized, Jit Execute)", "Rows Removed by Filter": 1272041, "Actual Rows": 1337087}, {"Node Type": "Hash", "Parent Relationship": "Inner", "Startup Cost": 137332.38, "Total Cost": 137332.38, "Plan Rows": 447839, "Plan Width": 29, "Actual Min Startup Time": 1356.656, "Actual Max Startup Time": 1356.656, "Actual Min Total Time": 1356.656, "Actual Max Total Time": 1356.656, "Max Hash Buckets": 524288, "Min Hash Buckets": 524288, "Max Hash Batches": 1, "Min Hash Batches": 1, "Max Original Hash Batches": 1, "Min Original Hash Batches": 1, "Max Peak Memory Usage": 1, "min Peak Memory Usage": 1, "Plans": [{"Node Type": "Hash Join", "Parent Relationship": "Outer", "Join Type": "Inner", "Startup Cost": 117321.13, "Total Cost": 137332.38, "Plan Rows": 447839, "Plan Width": 29, "Actual Min Startup Time": 1356.618, "Actual Max Startup Time": 1356.618, "Actual Min Total Time": 1356.632, "Actual Max Total Time": 1356.632, "Inner Unique": true, "Hash Cond": "(mi_idx.movie_id = t.id), (LLVM Optimized, Jit Execute)", "Plans": [{"Node Type": "Nested Loop", "Parent Relationship": "Outer", "Join Type": "Inner", "Startup Cost": 7502.06, "Total Cost": 21741.14, "Plan Rows": 345008, "Plan Width": 4, "Actual Min Startup Time": 0.134, "Actual Max Startup Time": 0.134, "Actual Min Total Time": 0.141, "Actual Max Total Time": 0.141, "Inner Unique": false, "Plans": [{"Node Type": "Seq Scan", "Parent Relationship": "Outer", "Relation Name": "info_type", "Alias": "it", "Startup Cost": 0.0, "Total Cost": 2.4, "Plan Rows": 1, "Plan Width": 4, "Actual Min Startup Time": 0.078, "Actual Max Startup Time": 0.078, "Actual Min Total Time": 0.082, "Actual Max Total Time": 0.082, "Filter": "((info)::text = 'bottom 10 rank'::text)", "Rows Removed by Filter": 111, "Actual Rows": 1}, {"Node Type": "Bitmap Heap Scan", "Parent Relationship": "Inner", "Relation Name": "movie_info_idx", "Alias": "mi_idx", "Startup Cost": 7502.06, "Total Cost": 18288.66, "Plan Rows": 345008, "Plan Width": 8, "Actual Min Startup Time": 0.04, "Actual Max Startup Time": 0.04, "Actual Min Total Time": 0.04, "Actual Max Total Time": 0.04, "Recheck Cond": "(info_type_id = it.id), (LLVM Optimized, Jit Execute)", "Rows Removed by Index Recheck": 0, "Exact Heap Blocks": 1, "Lossy Heap Blocks": 1, "Plans": [{"Node Type": "Bitmap Index Scan", "Parent Relationship": "Outer", "Index Name": "info_type_id_movie_info_idx", "Startup Cost": 0.0, "Total Cost": 7415.81, "Plan Rows": 345008, "Plan Width": 0, "Actual Min Startup Time": 0.024, "Actual Max Startup Time": 0.024, "Actual Min Total Time": 0.024, "Actual Max Total Time": 0.024, "Index Cond": "(info_type_id = it.id)", "Actual Rows": 10}], "Actual Rows": 10}], "Actual Rows": 10}, {"Node Type": "Hash", "Parent Relationship": "Inner", "Startup Cost": 92545.49, "Total Cost": 92545.49, "Plan Rows": 1381886, "Plan Width": 25, "Actual Min Startup Time": 1354.005, "Actual Max Startup Time": 1354.005, "Actual Min Total Time": 1354.005, "Actual Max Total Time": 1354.005, "Max Hash Buckets": 2097152, "Min Hash Buckets": 2097152, "Max Hash Batches": 1, "Min Hash Batches": 1, "Max Original Hash Batches": 1, "Min Original Hash Batches": 1, "Max Peak Memory Usage": 79393, "min Peak Memory Usage": 79393, "Plans": [{"Node Type": "Streaming(type: LOCAL GATHER dop: 1/64)", "Parent Relationship": "Outer", "Startup Cost": 0.0, "Total Cost": 92545.49, "Plan Rows": 1381886, "Plan Width": 25, "Actual Min Startup Time": 52.425, "Actual Max Startup Time": 52.425, "Actual Min Total Time": 720.093, "Actual Max Total Time": 720.093, "Plans": [{"Node Type": "Seq Scan", "Parent Relationship": "Outer", "Relation Name": "title", "Alias": "t", "Startup Cost": 0.0, "Total Cost": 64037.34, "Plan Rows": 1381886, "Plan Width": 25, "Actual Min Startup Time": 0.025, "Actual Max Startup Time": 0.049, "Actual Min Total Time": 14.614, "Actual Max Total Time": 18.729, "Filter": "(production_year > 2000), (LLVM Optimized, Jit Execute)", "Rows Removed by Filter": 1146858, "Actual Rows": 1381453}], "Actual Rows": 1381453}], "Actual Rows": 1381453}], "Actual Rows": 6}], "Actual Rows": 6}], "Actual Rows": 78}, {"Node Type": "Hash", "Parent Relationship": "Inner", "Startup Cost": 1.04, "Total Cost": 1.04, "Plan Rows": 1, "Plan Width": 4, "Actual Min Startup Time": 0.069, "Actual Max Startup Time": 0.069, "Actual Min Total Time": 0.069, "Actual Max Total Time": 0.069, "Max Hash Buckets": 32768, "Min Hash Buckets": 32768, "Max Hash Batches": 1, "Min Hash Batches": 1, "Max Original Hash Batches": 1, "Min Original Hash Batches": 1, "Max Peak Memory Usage": 1, "min Peak Memory Usage": 1, "Plans": [{"Node Type": "Seq Scan", "Parent Relationship": "Outer", "Relation Name": "company_type", "Alias": "ct", "Startup Cost": 0.0, "Total Cost": 1.04, "Plan Rows": 1, "Plan Width": 4, "Actual Min Startup Time": 0.042, "Actual Max Startup Time": 0.042, "Actual Min Total Time": 0.046, "Actual Max Total Time": 0.046, "Filter": "((kind)::text = 'production companies'::text)", "Rows Removed by Filter": 2, "Actual Rows": 1}], "Actual Rows": 1}], "Actual Rows": 4}], "Actual Rows": 1}, "Triggers": [], "Planner Runtime": 7, "Total Runtime": 2549.791, "Unique SQL Id": 2492542741}}, "(64, 103)": {"explain_plan": {"Plan": {"Node Type": "Aggregate", "Strategy": "Plain", "Startup Cost": 259667.26, "Total Cost": 259667.27, "Plan Rows": 1, "Plan Width": 113, "Plans": [{"Node Type": "Hash Join", "Parent Relationship": "Outer", "Join Type": "Inner", "Startup Cost": 196064.72, "Total Cost": 254788.06, "Plan Rows": 650559, "Plan Width": 45, "Inner Unique": false, "Hash Cond": "(mc.movie_id = t.id), (LLVM Optimized)", "Plans": [{"Node Type": "Nested Loop", "Parent Relationship": "Outer", "Join Type": "Inner", "Startup Cost": 29278.87, "Total Cost": 77622.54, "Plan Rows": 1304518, "Plan Width": 28, "Inner Unique": false, "Plans": [{"Node Type": "Bitmap Heap Scan", "Parent Relationship": "Outer", "Relation Name": "company_type", "Alias": "ct", "Startup Cost": 8.27, "Total Cost": 12.3, "Plan Rows": 1, "Plan Width": 4, "Filter": "((kind)::text = 'production companies'::text)", "Plans": [{"Node Type": "Bitmap Index Scan", "Parent Relationship": "Outer", "Index Name": "company_type_pkey", "Startup Cost": 0.0, "Total Cost": 8.27, "Plan Rows": 3, "Plan Width": 0}]}, {"Node Type": "Bitmap Heap Scan", "Parent Relationship": "Inner", "Relation Name": "movie_companies", "Alias": "mc", "Startup Cost": 29270.61, "Total Cost": 64565.07, "Plan Rows": 1304517, "Plan Width": 32, "Recheck Cond": "(company_type_id = ct.id), (LLVM Optimized)", "Filter": "((note)::text !~~ '%(as Metro-Goldwyn-Mayer Pictures)%'::text), (LLVM Optimized)", "Plans": [{"Node Type": "Bitmap Index Scan", "Parent Relationship": "Outer", "Index Name": "company_type_id_movie_companies", "Startup Cost": 0.0, "Total Cost": 28944.48, "Plan Rows": 1304564, "Plan Width": 0, "Index Cond": "(company_type_id = ct.id)"}]}]}, {"Node Type": "Hash", "Parent Relationship": "Inner", "Startup Cost": 161187.86, "Total Cost": 161187.86, "Plan Rows": 447839, "Plan Width": 29, "Plans": [{"Node Type": "Hash Join", "Parent Relationship": "Outer", "Join Type": "Inner", "Startup Cost": 141173.61, "Total Cost": 161187.86, "Plan Rows": 447839, "Plan Width": 29, "Inner Unique": true, "Hash Cond": "(mi_idx.movie_id = t.id), (LLVM Optimized)", "Plans": [{"Node Type": "Nested Loop", "Parent Relationship": "Outer", "Join Type": "Inner", "Startup Cost": 7510.87, "Total Cost": 21752.95, "Plan Rows": 345008, "Plan Width": 4, "Inner Unique": false, "Plans": [{"Node Type": "Bitmap Heap Scan", "Parent Relationship": "Outer", "Relation Name": "info_type", "Alias": "it", "Startup Cost": 8.81, "Total Cost": 14.21, "Plan Rows": 1, "Plan Width": 4, "Filter": "((info)::text = 'bottom 10 rank'::text)", "Plans": [{"Node Type": "Bitmap Index Scan", "Parent Relationship": "Outer", "Index Name": "info_type_pkey", "Startup Cost": 0.0, "Total Cost": 8.81, "Plan Rows": 112, "Plan Width": 0}]}, {"Node Type": "Bitmap Heap Scan", "Parent Relationship": "Inner", "Relation Name": "movie_info_idx", "Alias": "mi_idx", "Startup Cost": 7502.06, "Total Cost": 18288.66, "Plan Rows": 345008, "Plan Width": 8, "Recheck Cond": "(info_type_id = it.id), (LLVM Optimized)", "Plans": [{"Node Type": "Bitmap Index Scan", "Parent Relationship": "Outer", "Index Name": "info_type_id_movie_info_idx", "Startup Cost": 0.0, "Total Cost": 7415.81, "Plan Rows": 345008, "Plan Width": 0, "Index Cond": "(info_type_id = it.id)"}]}]}, {"Node Type": "Hash", "Parent Relationship": "Inner", "Startup Cost": 116389.16, "Total Cost": 116389.16, "Plan Rows": 1381886, "Plan Width": 25, "Plans": [{"Node Type": "Bitmap Heap Scan", "Parent Relationship": "Outer", "Relation Name": "title", "Alias": "t", "Startup Cost": 49999.28, "Total Cost": 116389.16, "Plan Rows": 1381886, "Plan Width": 25, "Filter": "(production_year > 2000), (LLVM Optimized)", "Plans": [{"Node Type": "Bitmap Index Scan", "Parent Relationship": "Outer", "Index Name": "title_pkey", "Startup Cost": 0.0, "Total Cost": 49653.81, "Plan Rows": 2528311, "Plan Width": 0}]}]}]}]}]}]}, "Unique SQL Id": 2492542741, "Planner Runtime": 5}, "explain_analyze_plan": {"Plan": {"Node Type": "Aggregate", "Strategy": "Plain", "Startup Cost": 259667.26, "Total Cost": 259667.27, "Plan Rows": 1, "Plan Width": 113, "Actual Startup Time": 2842.228, "Actual Total Time": 2842.228, "Actual Rows": 1, "Actual Loops": 1, "Plans": [{"Node Type": "Hash Join", "Parent Relationship": "Outer", "Join Type": "Inner", "Startup Cost": 196064.72, "Total Cost": 254788.06, "Plan Rows": 650559, "Plan Width": 45, "Actual Startup Time": 2595.719, "Actual Total Time": 2842.183, "Actual Rows": 4, "Actual Loops": 1, "Inner Unique": false, "Hash Cond": "(mc.movie_id = t.id), (LLVM Optimized, Jit Execute)", "Plans": [{"Node Type": "Nested Loop", "Parent Relationship": "Outer", "Join Type": "Inner", "Startup Cost": 29278.87, "Total Cost": 77622.54, "Plan Rows": 1304518, "Plan Width": 28, "Actual Startup Time": 145.789, "Actual Total Time": 612.976, "Actual Rows": 140904, "Actual Loops": 1, "Inner Unique": false, "Plans": [{"Node Type": "Bitmap Heap Scan", "Parent Relationship": "Outer", "Relation Name": "company_type", "Alias": "ct", "Startup Cost": 8.27, "Total Cost": 12.3, "Plan Rows": 1, "Plan Width": 4, "Actual Startup Time": 0.034, "Actual Total Time": 0.041, "Actual Rows": 1, "Actual Loops": 1, "Filter": "((kind)::text = 'production companies'::text)", "Rows Removed by Filter": 2, "Exact Heap Blocks": 1, "Lossy Heap Blocks": 1, "Plans": [{"Node Type": "Bitmap Index Scan", "Parent Relationship": "Outer", "Index Name": "company_type_pkey", "Startup Cost": 0.0, "Total Cost": 8.27, "Plan Rows": 3, "Plan Width": 0, "Actual Startup Time": 0.015, "Actual Total Time": 0.015, "Actual Rows": 3, "Actual Loops": 1}]}, {"Node Type": "Bitmap Heap Scan", "Parent Relationship": "Inner", "Relation Name": "movie_companies", "Alias": "mc", "Startup Cost": 29270.61, "Total Cost": 64565.07, "Plan Rows": 1304517, "Plan Width": 32, "Actual Startup Time": 145.748, "Actual Total Time": 585.465, "Actual Rows": 140904, "Actual Loops": 1, "Recheck Cond": "(company_type_id = ct.id), (LLVM Optimized, Jit Execute)", "Rows Removed by Index Recheck": 0, "Filter": "((note)::text !~~ '%(as Metro-Goldwyn-Mayer Pictures)%'::text), (LLVM Optimized, Jit Execute)", "Rows Removed by Filter": 1193979, "Exact Heap Blocks": 6196, "Lossy Heap Blocks": 6196, "Plans": [{"Node Type": "Bitmap Index Scan", "Parent Relationship": "Outer", "Index Name": "company_type_id_movie_companies", "Startup Cost": 0.0, "Total Cost": 28944.48, "Plan Rows": 1304564, "Plan Width": 0, "Actual Startup Time": 144.542, "Actual Total Time": 144.542, "Actual Rows": 1334883, "Actual Loops": 1, "Index Cond": "(company_type_id = ct.id)"}]}]}, {"Node Type": "Hash", "Parent Relationship": "Inner", "Startup Cost": 161187.86, "Total Cost": 161187.86, "Plan Rows": 447839, "Plan Width": 29, "Actual Startup Time": 2199.499, "Actual Total Time": 2199.499, "Actual Rows": 6, "Actual Loops": 1, "Hash Buckets": 524288, "Hash Batches": 1, "Original Hash Batches": 1, "Peak Memory Usage": 1, "Plans": [{"Node Type": "Hash Join", "Parent Relationship": "Outer", "Join Type": "Inner", "Startup Cost": 141173.61, "Total Cost": 161187.86, "Plan Rows": 447839, "Plan Width": 29, "Actual Startup Time": 2199.477, "Actual Total Time": 2199.492, "Actual Rows": 6, "Actual Loops": 1, "Inner Unique": true, "Hash Cond": "(mi_idx.movie_id = t.id), (LLVM Optimized, Jit Execute)", "Plans": [{"Node Type": "Nested Loop", "Parent Relationship": "Outer", "Join Type": "Inner", "Startup Cost": 7510.87, "Total Cost": 21752.95, "Plan Rows": 345008, "Plan Width": 4, "Actual Startup Time": 0.139, "Actual Total Time": 0.153, "Actual Rows": 10, "Actual Loops": 1, "Inner Unique": false, "Plans": [{"Node Type": "Bitmap Heap Scan", "Parent Relationship": "Outer", "Relation Name": "info_type", "Alias": "it", "Startup Cost": 8.81, "Total Cost": 14.21, "Plan Rows": 1, "Plan Width": 4, "Actual Startup Time": 0.094, "Actual Total Time": 0.096, "Actual Rows": 1, "Actual Loops": 1, "Filter": "((info)::text = 'bottom 10 rank'::text)", "Rows Removed by Filter": 111, "Exact Heap Blocks": 1, "Lossy Heap Blocks": 1, "Plans": [{"Node Type": "Bitmap Index Scan", "Parent Relationship": "Outer", "Index Name": "info_type_pkey", "Startup Cost": 0.0, "Total Cost": 8.81, "Plan Rows": 112, "Plan Width": 0, "Actual Startup Time": 0.018, "Actual Total Time": 0.018, "Actual Rows": 112, "Actual Loops": 1}]}, {"Node Type": "Bitmap Heap Scan", "Parent Relationship": "Inner", "Relation Name": "movie_info_idx", "Alias": "mi_idx", "Startup Cost": 7502.06, "Total Cost": 18288.66, "Plan Rows": 345008, "Plan Width": 8, "Actual Startup Time": 0.033, "Actual Total Time": 0.039, "Actual Rows": 10, "Actual Loops": 1, "Recheck Cond": "(info_type_id = it.id), (LLVM Optimized, Jit Execute)", "Rows Removed by Index Recheck": 0, "Exact Heap Blocks": 1, "Lossy Heap Blocks": 1, "Plans": [{"Node Type": "Bitmap Index Scan", "Parent Relationship": "Outer", "Index Name": "info_type_id_movie_info_idx", "Startup Cost": 0.0, "Total Cost": 7415.81, "Plan Rows": 345008, "Plan Width": 0, "Actual Startup Time": 0.013, "Actual Total Time": 0.013, "Actual Rows": 10, "Actual Loops": 1, "Index Cond": "(info_type_id = it.id)"}]}]}, {"Node Type": "Hash", "Parent Relationship": "Inner", "Startup Cost": 116389.16, "Total Cost": 116389.16, "Plan Rows": 1381886, "Plan Width": 25, "Actual Startup Time": 2197.3, "Actual Total Time": 2197.3, "Actual Rows": 1381453, "Actual Loops": 1, "Hash Buckets": 2097152, "Hash Batches": 1, "Original Hash Batches": 1, "Peak Memory Usage": 79393, "Plans": [{"Node Type": "Bitmap Heap Scan", "Parent Relationship": "Outer", "Relation Name": "title", "Alias": "t", "Startup Cost": 49999.28, "Total Cost": 116389.16, "Plan Rows": 1381886, "Plan Width": 25, "Actual Startup Time": 312.761, "Actual Total Time": 1576.915, "Actual Rows": 1381453, "Actual Loops": 1, "Filter": "(production_year > 2000), (LLVM Optimized, Jit Execute)", "Rows Removed by Filter": 1146858, "Exact Heap Blocks": 34786, "Lossy Heap Blocks": 34786, "Plans": [{"Node Type": "Bitmap Index Scan", "Parent Relationship": "Outer", "Index Name": "title_pkey", "Startup Cost": 0.0, "Total Cost": 49653.81, "Plan Rows": 2528311, "Plan Width": 0, "Actual Startup Time": 304.689, "Actual Total Time": 304.689, "Actual Rows": 2528311, "Actual Loops": 1}]}]}]}]}]}]}, "Triggers": [], "Planner Runtime": 5, "Total Runtime": 2853.319, "Unique SQL Id": 2492542741}}, "(64, 104)": {"explain_plan": {"Plan": {"Node Type": "Aggregate", "Strategy": "Plain", "Startup Cost": 230727.96, "Total Cost": 230727.97, "Plan Rows": 1, "Plan Width": 113, "Plans": [{"Node Type": "Hash Join", "Parent Relationship": "Outer", "Join Type": "Inner", "Startup Cost": 148375.81, "Total Cost": 225848.77, "Plan Rows": 650559, "Plan Width": 45, "Inner Unique": true, "Hash Cond": "(mc.company_type_id = ct.id), (LLVM Optimized)", "Plans": [{"Node Type": "Hash Join", "Parent Relationship": "Outer", "Join Type": "Inner", "Startup Cost": 148374.76, "Total Cost": 217260.4, "Plan Rows": 1055184, "Plan Width": 49, "Inner Unique": false, "Hash Cond": "(mc.movie_id = t.id), (LLVM Optimized)", "Plans": [{"Node Type": "Seq Scan", "Parent Relationship": "Outer", "Relation Name": "movie_companies", "Alias": "mc", "Startup Cost": 0.0, "Total Cost": 48340.1, "Plan Rows": 2609035, "Plan Width": 32, "Filter": "((note)::text !~~ '%(as Metro-Goldwyn-Mayer Pictures)%'::text), (LLVM Optimized)"}, {"Node Type": "Hash", "Parent Relationship": "Inner", "Startup Cost": 142776.78, "Total Cost": 142776.78, "Plan Rows": 447839, "Plan Width": 29, "Plans": [{"Node Type": "Hash Join", "Parent Relationship": "Outer", "Join Type": "Inner", "Startup Cost": 109821.48, "Total Cost": 142776.78, "Plan Rows": 447839, "Plan Width": 29, "Inner Unique": true, "Hash Cond": "(mi_idx.movie_id = t.id), (LLVM Optimized)", "Plans": [{"Node Type": "Hash Join", "Parent Relationship": "Outer", "Join Type": "Inner", "Startup Cost": 2.41, "Total Cost": 27185.54, "Plan Rows": 345008, "Plan Width": 4, "Inner Unique": true, "Hash Cond": "(mi_idx.info_type_id = it.id), (LLVM Optimized)", "Plans": [{"Node Type": "Seq Scan", "Parent Relationship": "Outer", "Relation Name": "movie_info_idx", "Alias": "mi_idx", "Startup Cost": 0.0, "Total Cost": 20274.34, "Plan Rows": 1380034, "Plan Width": 8}, {"Node Type": "Hash", "Parent Relationship": "Inner", "Startup Cost": 2.4, "Total Cost": 2.4, "Plan Rows": 1, "Plan Width": 4, "Plans": [{"Node Type": "Seq Scan", "Parent Relationship": "Outer", "Relation Name": "info_type", "Alias": "it", "Startup Cost": 0.0, "Total Cost": 2.4, "Plan Rows": 1, "Plan Width": 4, "Filter": "((info)::text = 'bottom 10 rank'::text)"}]}]}, {"Node Type": "Hash", "Parent Relationship": "Inner", "Startup Cost": 92545.49, "Total Cost": 92545.49, "Plan Rows": 1381886, "Plan Width": 25, "Plans": [{"Node Type": "Streaming(type: LOCAL GATHER dop: 1/64)", "Parent Relationship": "Outer", "Startup Cost": 0.0, "Total Cost": 92545.49, "Plan Rows": 1381886, "Plan Width": 25, "Plans": [{"Node Type": "Seq Scan", "Parent Relationship": "Outer", "Relation Name": "title", "Alias": "t", "Startup Cost": 0.0, "Total Cost": 64037.34, "Plan Rows": 1381886, "Plan Width": 25, "Filter": "(production_year > 2000), (LLVM Optimized)"}]}]}]}]}]}, {"Node Type": "Hash", "Parent Relationship": "Inner", "Startup Cost": 1.04, "Total Cost": 1.04, "Plan Rows": 1, "Plan Width": 4, "Plans": [{"Node Type": "Seq Scan", "Parent Relationship": "Outer", "Relation Name": "company_type", "Alias": "ct", "Startup Cost": 0.0, "Total Cost": 1.04, "Plan Rows": 1, "Plan Width": 4, "Filter": "((kind)::text = 'production companies'::text)"}]}]}]}, "Unique SQL Id": 2492542741, "Planner Runtime": 7}, "explain_analyze_plan": {"Plan": {"Node Type": "Aggregate", "Strategy": "Plain", "Startup Cost": 230727.96, "Total Cost": 230727.97, "Plan Rows": 1, "Plan Width": 113, "Actual Min Startup Time": 3001.109, "Actual Max Startup Time": 3001.109, "Actual Min Total Time": 3001.11, "Actual Max Total Time": 3001.11, "Plans": [{"Node Type": "Hash Join", "Parent Relationship": "Outer", "Join Type": "Inner", "Startup Cost": 148375.81, "Total Cost": 225848.77, "Plan Rows": 650559, "Plan Width": 45, "Actual Min Startup Time": 2826.935, "Actual Max Startup Time": 2826.935, "Actual Min Total Time": 3001.05, "Actual Max Total Time": 3001.05, "Inner Unique": true, "Hash Cond": "(mc.company_type_id = ct.id), (LLVM Optimized, Jit Execute)", "Plans": [{"Node Type": "Hash Join", "Parent Relationship": "Outer", "Join Type": "Inner", "Startup Cost": 148374.76, "Total Cost": 217260.4, "Plan Rows": 1055184, "Plan Width": 49, "Actual Min Startup Time": 2128.871, "Actual Max Startup Time": 2128.871, "Actual Min Total Time": 3000.762, "Actual Max Total Time": 3000.762, "Inner Unique": false, "Hash Cond": "(mc.movie_id = t.id), (LLVM Optimized, Jit Execute)", "Plans": [{"Node Type": "Seq Scan", "Parent Relationship": "Outer", "Relation Name": "movie_companies", "Alias": "mc", "Startup Cost": 0.0, "Total Cost": 48340.1, "Plan Rows": 2609035, "Plan Width": 32, "Actual Min Startup Time": 0.059, "Actual Max Startup Time": 0.059, "Actual Min Total Time": 914.102, "Actual Max Total Time": 914.102, "Filter": "((note)::text !~~ '%(as Metro-Goldwyn-Mayer Pictures)%'::text), (LLVM Optimized, Jit Execute)", "Rows Removed by Filter": 1272041, "Actual Rows": 1337087}, {"Node Type": "Hash", "Parent Relationship": "Inner", "Startup Cost": 142776.78, "Total Cost": 142776.78, "Plan Rows": 447839, "Plan Width": 29, "Actual Min Startup Time": 1821.283, "Actual Max Startup Time": 1821.283, "Actual Min Total Time": 1821.283, "Actual Max Total Time": 1821.283, "Max Hash Buckets": 524288, "Min Hash Buckets": 524288, "Max Hash Batches": 1, "Min Hash Batches": 1, "Max Original Hash Batches": 1, "Min Original Hash Batches": 1, "Max Peak Memory Usage": 1, "min Peak Memory Usage": 1, "Plans": [{"Node Type": "Hash Join", "Parent Relationship": "Outer", "Join Type": "Inner", "Startup Cost": 109821.48, "Total Cost": 142776.78, "Plan Rows": 447839, "Plan Width": 29, "Actual Min Startup Time": 1821.202, "Actual Max Startup Time": 1821.202, "Actual Min Total Time": 1821.253, "Actual Max Total Time": 1821.253, "Inner Unique": true, "Hash Cond": "(mi_idx.movie_id = t.id), (LLVM Optimized, Jit Execute)", "Plans": [{"Node Type": "Hash Join", "Parent Relationship": "Outer", "Join Type": "Inner", "Startup Cost": 2.41, "Total Cost": 27185.54, "Plan Rows": 345008, "Plan Width": 4, "Actual Min Startup Time": 530.91, "Actual Max Startup Time": 530.91, "Actual Min Total Time": 530.917, "Actual Max Total Time": 530.917, "Inner Unique": true, "Hash Cond": "(mi_idx.info_type_id = it.id), (LLVM Optimized, Jit Execute)", "Plans": [{"Node Type": "Seq Scan", "Parent Relationship": "Outer", "Relation Name": "movie_info_idx", "Alias": "mi_idx", "Startup Cost": 0.0, "Total Cost": 20274.34, "Plan Rows": 1380034, "Plan Width": 8, "Actual Min Startup Time": 0.047, "Actual Max Startup Time": 0.047, "Actual Min Total Time": 299.951, "Actual Max Total Time": 299.951, "Actual Rows": 1380034}, {"Node Type": "Hash", "Parent Relationship": "Inner", "Startup Cost": 2.4, "Total Cost": 2.4, "Plan Rows": 1, "Plan Width": 4, "Actual Min Startup Time": 0.09, "Actual Max Startup Time": 0.09, "Actual Min Total Time": 0.09, "Actual Max Total Time": 0.09, "Max Hash Buckets": 32768, "Min Hash Buckets": 32768, "Max Hash Batches": 1, "Min Hash Batches": 1, "Max Original Hash Batches": 1, "Min Original Hash Batches": 1, "Max Peak Memory Usage": 1, "min Peak Memory Usage": 1, "Plans": [{"Node Type": "Seq Scan", "Parent Relationship": "Outer", "Relation Name": "info_type", "Alias": "it", "Startup Cost": 0.0, "Total Cost": 2.4, "Plan Rows": 1, "Plan Width": 4, "Actual Min Startup Time": 0.075, "Actual Max Startup Time": 0.075, "Actual Min Total Time": 0.077, "Actual Max Total Time": 0.077, "Filter": "((info)::text = 'bottom 10 rank'::text)", "Rows Removed by Filter": 111, "Actual Rows": 1}], "Actual Rows": 1}], "Actual Rows": 10}, {"Node Type": "Hash", "Parent Relationship": "Inner", "Startup Cost": 92545.49, "Total Cost": 92545.49, "Plan Rows": 1381886, "Plan Width": 25, "Actual Min Startup Time": 1287.765, "Actual Max Startup Time": 1287.765, "Actual Min Total Time": 1287.765, "Actual Max Total Time": 1287.765, "Max Hash Buckets": 2097152, "Min Hash Buckets": 2097152, "Max Hash Batches": 1, "Min Hash Batches": 1, "Max Original Hash Batches": 1, "Min Original Hash Batches": 1, "Max Peak Memory Usage": 79393, "min Peak Memory Usage": 79393, "Plans": [{"Node Type": "Streaming(type: LOCAL GATHER dop: 1/64)", "Parent Relationship": "Outer", "Startup Cost": 0.0, "Total Cost": 92545.49, "Plan Rows": 1381886, "Plan Width": 25, "Actual Min Startup Time": 38.785, "Actual Max Startup Time": 38.785, "Actual Min Total Time": 711.052, "Actual Max Total Time": 711.052, "Plans": [{"Node Type": "Seq Scan", "Parent Relationship": "Outer", "Relation Name": "title", "Alias": "t", "Startup Cost": 0.0, "Total Cost": 64037.34, "Plan Rows": 1381886, "Plan Width": 25, "Actual Min Startup Time": 0.026, "Actual Max Startup Time": 0.057, "Actual Min Total Time": 14.87, "Actual Max Total Time": 19.066, "Filter": "(production_year > 2000), (LLVM Optimized, Jit Execute)", "Rows Removed by Filter": 1146858, "Actual Rows": 1381453}], "Actual Rows": 1381453}], "Actual Rows": 1381453}], "Actual Rows": 6}], "Actual Rows": 6}], "Actual Rows": 78}, {"Node Type": "Hash", "Parent Relationship": "Inner", "Startup Cost": 1.04, "Total Cost": 1.04, "Plan Rows": 1, "Plan Width": 4, "Actual Min Startup Time": 0.063, "Actual Max Startup Time": 0.063, "Actual Min Total Time": 0.063, "Actual Max Total Time": 0.063, "Max Hash Buckets": 32768, "Min Hash Buckets": 32768, "Max Hash Batches": 1, "Min Hash Batches": 1, "Max Original Hash Batches": 1, "Min Original Hash Batches": 1, "Max Peak Memory Usage": 1, "min Peak Memory Usage": 1, "Plans": [{"Node Type": "Seq Scan", "Parent Relationship": "Outer", "Relation Name": "company_type", "Alias": "ct", "Startup Cost": 0.0, "Total Cost": 1.04, "Plan Rows": 1, "Plan Width": 4, "Actual Min Startup Time": 0.042, "Actual Max Startup Time": 0.042, "Actual Min Total Time": 0.045, "Actual Max Total Time": 0.045, "Filter": "((kind)::text = 'production companies'::text)", "Rows Removed by Filter": 2, "Actual Rows": 1}], "Actual Rows": 1}], "Actual Rows": 4}], "Actual Rows": 1}, "Triggers": [], "Planner Runtime": 6, "Total Runtime": 3023.94, "Unique SQL Id": 2492542741}}, "(64, 105)": {"explain_plan": {"Plan": {"Node Type": "Aggregate", "Strategy": "Plain", "Startup Cost": 268118.48, "Total Cost": 268118.49, "Plan Rows": 1, "Plan Width": 113, "Plans": [{"Node Type": "Hash Join", "Parent Relationship": "Outer", "Join Type": "Inner", "Startup Cost": 183423.2, "Total Cost": 263239.28, "Plan Rows": 650559, "Plan Width": 45, "Inner Unique": false, "Hash Cond": "(mc.movie_id = t.id), (LLVM Optimized)", "Plans": [{"Node Type": "Nested Loop", "Parent Relationship": "Outer", "Join Type": "Inner", "Startup Cost": 0.0, "Total Cost": 69436.41, "Plan Rows": 1304518, "Plan Width": 28, "Inner Unique": false, "Plans": [{"Node Type": "Index Scan", "Parent Relationship": "Outer", "Scan Direction": "Forward", "Index Name": "company_type_pkey", "Relation Name": "company_type", "Alias": "ct", "Startup Cost": 0.0, "Total Cost": 12.3, "Plan Rows": 1, "Plan Width": 4, "Filter": "((kind)::text = 'production companies'::text)"}, {"Node Type": "Index Scan", "Parent Relationship": "Inner", "Scan Direction": "Forward", "Index Name": "company_type_id_movie_companies", "Relation Name": "movie_companies", "Alias": "mc", "Startup Cost": 0.0, "Total Cost": 56378.94, "Plan Rows": 1304517, "Plan Width": 32, "Index Cond": "(company_type_id = ct.id), (LLVM Optimized)", "Filter": "((note)::text !~~ '%(as Metro-Goldwyn-Mayer Pictures)%'::text), (LLVM Optimized)"}]}, {"Node Type": "Hash", "Parent Relationship": "Inner", "Startup Cost": 177825.21, "Total Cost": 177825.21, "Plan Rows": 447839, "Plan Width": 29, "Plans": [{"Node Type": "Hash Join", "Parent Relationship": "Outer", "Join Type": "Inner", "Startup Cost": 133714.84, "Total Cost": 177825.21, "Plan Rows": 447839, "Plan Width": 29, "Inner Unique": true, "Hash Cond": "(mi_idx.movie_id = t.id), (LLVM Optimized)", "Plans": [{"Node Type": "Nested Loop", "Parent Relationship": "Outer", "Join Type": "Inner", "Startup Cost": 0.0, "Total Cost": 38338.2, "Plan Rows": 345008, "Plan Width": 4, "Inner Unique": false, "Plans": [{"Node Type": "Index Scan", "Parent Relationship": "Outer", "Scan Direction": "Forward", "Index Name": "info_type_pkey", "Relation Name": "info_type", "Alias": "it", "Startup Cost": 0.0, "Total Cost": 14.21, "Plan Rows": 1, "Plan Width": 4, "Filter": "((info)::text = 'bottom 10 rank'::text)"}, {"Node Type": "Index Scan", "Parent Relationship": "Inner", "Scan Direction": "Forward", "Index Name": "info_type_id_movie_info_idx", "Relation Name": "movie_info_idx", "Alias": "mi_idx", "Startup Cost": 0.0, "Total Cost": 34873.91, "Plan Rows": 345008, "Plan Width": 8, "Index Cond": "(info_type_id = it.id), (LLVM Optimized)"}]}, {"Node Type": "Hash", "Parent Relationship": "Inner", "Startup Cost": 116441.27, "Total Cost": 116441.27, "Plan Rows": 1381886, "Plan Width": 25, "Plans": [{"Node Type": "Index Scan", "Parent Relationship": "Outer", "Scan Direction": "Forward", "Index Name": "title_pkey", "Relation Name": "title", "Alias": "t", "Startup Cost": 0.0, "Total Cost": 116441.27, "Plan Rows": 1381886, "Plan Width": 25, "Filter": "(production_year > 2000), (LLVM Optimized)"}]}]}]}]}]}, "Unique SQL Id": 2492542741, "Planner Runtime": 5}, "explain_analyze_plan": null}, "(64, 106)": {"explain_plan": {"Plan": {"Node Type": "Aggregate", "Strategy": "Plain", "Startup Cost": 230727.96, "Total Cost": 230727.97, "Plan Rows": 1, "Plan Width": 113, "Plans": [{"Node Type": "Hash Join", "Parent Relationship": "Outer", "Join Type": "Inner", "Startup Cost": 148375.81, "Total Cost": 225848.77, "Plan Rows": 650559, "Plan Width": 45, "Inner Unique": true, "Hash Cond": "(mc.company_type_id = ct.id), (LLVM Optimized)", "Plans": [{"Node Type": "Hash Join", "Parent Relationship": "Outer", "Join Type": "Inner", "Startup Cost": 148374.76, "Total Cost": 217260.4, "Plan Rows": 1055184, "Plan Width": 49, "Inner Unique": false, "Hash Cond": "(mc.movie_id = t.id), (LLVM Optimized)", "Plans": [{"Node Type": "Seq Scan", "Parent Relationship": "Outer", "Relation Name": "movie_companies", "Alias": "mc", "Startup Cost": 0.0, "Total Cost": 48340.1, "Plan Rows": 2609035, "Plan Width": 32, "Filter": "((note)::text !~~ '%(as Metro-Goldwyn-Mayer Pictures)%'::text), (LLVM Optimized)"}, {"Node Type": "Hash", "Parent Relationship": "Inner", "Startup Cost": 142776.78, "Total Cost": 142776.78, "Plan Rows": 447839, "Plan Width": 29, "Plans": [{"Node Type": "Hash Join", "Parent Relationship": "Outer", "Join Type": "Inner", "Startup Cost": 109821.48, "Total Cost": 142776.78, "Plan Rows": 447839, "Plan Width": 29, "Inner Unique": true, "Hash Cond": "(mi_idx.movie_id = t.id), (LLVM Optimized)", "Plans": [{"Node Type": "Hash Join", "Parent Relationship": "Outer", "Join Type": "Inner", "Startup Cost": 2.41, "Total Cost": 27185.54, "Plan Rows": 345008, "Plan Width": 4, "Inner Unique": true, "Hash Cond": "(mi_idx.info_type_id = it.id), (LLVM Optimized)", "Plans": [{"Node Type": "Seq Scan", "Parent Relationship": "Outer", "Relation Name": "movie_info_idx", "Alias": "mi_idx", "Startup Cost": 0.0, "Total Cost": 20274.34, "Plan Rows": 1380034, "Plan Width": 8}, {"Node Type": "Hash", "Parent Relationship": "Inner", "Startup Cost": 2.4, "Total Cost": 2.4, "Plan Rows": 1, "Plan Width": 4, "Plans": [{"Node Type": "Seq Scan", "Parent Relationship": "Outer", "Relation Name": "info_type", "Alias": "it", "Startup Cost": 0.0, "Total Cost": 2.4, "Plan Rows": 1, "Plan Width": 4, "Filter": "((info)::text = 'bottom 10 rank'::text)"}]}]}, {"Node Type": "Hash", "Parent Relationship": "Inner", "Startup Cost": 92545.49, "Total Cost": 92545.49, "Plan Rows": 1381886, "Plan Width": 25, "Plans": [{"Node Type": "Streaming(type: LOCAL GATHER dop: 1/64)", "Parent Relationship": "Outer", "Startup Cost": 0.0, "Total Cost": 92545.49, "Plan Rows": 1381886, "Plan Width": 25, "Plans": [{"Node Type": "Seq Scan", "Parent Relationship": "Outer", "Relation Name": "title", "Alias": "t", "Startup Cost": 0.0, "Total Cost": 64037.34, "Plan Rows": 1381886, "Plan Width": 25, "Filter": "(production_year > 2000), (LLVM Optimized)"}]}]}]}]}]}, {"Node Type": "Hash", "Parent Relationship": "Inner", "Startup Cost": 1.04, "Total Cost": 1.04, "Plan Rows": 1, "Plan Width": 4, "Plans": [{"Node Type": "Seq Scan", "Parent Relationship": "Outer", "Relation Name": "company_type", "Alias": "ct", "Startup Cost": 0.0, "Total Cost": 1.04, "Plan Rows": 1, "Plan Width": 4, "Filter": "((kind)::text = 'production companies'::text)"}]}]}]}, "Unique SQL Id": 2492542741, "Planner Runtime": 6}, "explain_analyze_plan": {"Plan": {"Node Type": "Aggregate", "Strategy": "Plain", "Startup Cost": 230727.96, "Total Cost": 230727.97, "Plan Rows": 1, "Plan Width": 113, "Actual Min Startup Time": 3001.109, "Actual Max Startup Time": 3001.109, "Actual Min Total Time": 3001.11, "Actual Max Total Time": 3001.11, "Plans": [{"Node Type": "Hash Join", "Parent Relationship": "Outer", "Join Type": "Inner", "Startup Cost": 148375.81, "Total Cost": 225848.77, "Plan Rows": 650559, "Plan Width": 45, "Actual Min Startup Time": 2826.935, "Actual Max Startup Time": 2826.935, "Actual Min Total Time": 3001.05, "Actual Max Total Time": 3001.05, "Inner Unique": true, "Hash Cond": "(mc.company_type_id = ct.id), (LLVM Optimized, Jit Execute)", "Plans": [{"Node Type": "Hash Join", "Parent Relationship": "Outer", "Join Type": "Inner", "Startup Cost": 148374.76, "Total Cost": 217260.4, "Plan Rows": 1055184, "Plan Width": 49, "Actual Min Startup Time": 2128.871, "Actual Max Startup Time": 2128.871, "Actual Min Total Time": 3000.762, "Actual Max Total Time": 3000.762, "Inner Unique": false, "Hash Cond": "(mc.movie_id = t.id), (LLVM Optimized, Jit Execute)", "Plans": [{"Node Type": "Seq Scan", "Parent Relationship": "Outer", "Relation Name": "movie_companies", "Alias": "mc", "Startup Cost": 0.0, "Total Cost": 48340.1, "Plan Rows": 2609035, "Plan Width": 32, "Actual Min Startup Time": 0.059, "Actual Max Startup Time": 0.059, "Actual Min Total Time": 914.102, "Actual Max Total Time": 914.102, "Filter": "((note)::text !~~ '%(as Metro-Goldwyn-Mayer Pictures)%'::text), (LLVM Optimized, Jit Execute)", "Rows Removed by Filter": 1272041, "Actual Rows": 1337087}, {"Node Type": "Hash", "Parent Relationship": "Inner", "Startup Cost": 142776.78, "Total Cost": 142776.78, "Plan Rows": 447839, "Plan Width": 29, "Actual Min Startup Time": 1821.283, "Actual Max Startup Time": 1821.283, "Actual Min Total Time": 1821.283, "Actual Max Total Time": 1821.283, "Max Hash Buckets": 524288, "Min Hash Buckets": 524288, "Max Hash Batches": 1, "Min Hash Batches": 1, "Max Original Hash Batches": 1, "Min Original Hash Batches": 1, "Max Peak Memory Usage": 1, "min Peak Memory Usage": 1, "Plans": [{"Node Type": "Hash Join", "Parent Relationship": "Outer", "Join Type": "Inner", "Startup Cost": 109821.48, "Total Cost": 142776.78, "Plan Rows": 447839, "Plan Width": 29, "Actual Min Startup Time": 1821.202, "Actual Max Startup Time": 1821.202, "Actual Min Total Time": 1821.253, "Actual Max Total Time": 1821.253, "Inner Unique": true, "Hash Cond": "(mi_idx.movie_id = t.id), (LLVM Optimized, Jit Execute)", "Plans": [{"Node Type": "Hash Join", "Parent Relationship": "Outer", "Join Type": "Inner", "Startup Cost": 2.41, "Total Cost": 27185.54, "Plan Rows": 345008, "Plan Width": 4, "Actual Min Startup Time": 530.91, "Actual Max Startup Time": 530.91, "Actual Min Total Time": 530.917, "Actual Max Total Time": 530.917, "Inner Unique": true, "Hash Cond": "(mi_idx.info_type_id = it.id), (LLVM Optimized, Jit Execute)", "Plans": [{"Node Type": "Seq Scan", "Parent Relationship": "Outer", "Relation Name": "movie_info_idx", "Alias": "mi_idx", "Startup Cost": 0.0, "Total Cost": 20274.34, "Plan Rows": 1380034, "Plan Width": 8, "Actual Min Startup Time": 0.047, "Actual Max Startup Time": 0.047, "Actual Min Total Time": 299.951, "Actual Max Total Time": 299.951, "Actual Rows": 1380034}, {"Node Type": "Hash", "Parent Relationship": "Inner", "Startup Cost": 2.4, "Total Cost": 2.4, "Plan Rows": 1, "Plan Width": 4, "Actual Min Startup Time": 0.09, "Actual Max Startup Time": 0.09, "Actual Min Total Time": 0.09, "Actual Max Total Time": 0.09, "Max Hash Buckets": 32768, "Min Hash Buckets": 32768, "Max Hash Batches": 1, "Min Hash Batches": 1, "Max Original Hash Batches": 1, "Min Original Hash Batches": 1, "Max Peak Memory Usage": 1, "min Peak Memory Usage": 1, "Plans": [{"Node Type": "Seq Scan", "Parent Relationship": "Outer", "Relation Name": "info_type", "Alias": "it", "Startup Cost": 0.0, "Total Cost": 2.4, "Plan Rows": 1, "Plan Width": 4, "Actual Min Startup Time": 0.075, "Actual Max Startup Time": 0.075, "Actual Min Total Time": 0.077, "Actual Max Total Time": 0.077, "Filter": "((info)::text = 'bottom 10 rank'::text)", "Rows Removed by Filter": 111, "Actual Rows": 1}], "Actual Rows": 1}], "Actual Rows": 10}, {"Node Type": "Hash", "Parent Relationship": "Inner", "Startup Cost": 92545.49, "Total Cost": 92545.49, "Plan Rows": 1381886, "Plan Width": 25, "Actual Min Startup Time": 1287.765, "Actual Max Startup Time": 1287.765, "Actual Min Total Time": 1287.765, "Actual Max Total Time": 1287.765, "Max Hash Buckets": 2097152, "Min Hash Buckets": 2097152, "Max Hash Batches": 1, "Min Hash Batches": 1, "Max Original Hash Batches": 1, "Min Original Hash Batches": 1, "Max Peak Memory Usage": 79393, "min Peak Memory Usage": 79393, "Plans": [{"Node Type": "Streaming(type: LOCAL GATHER dop: 1/64)", "Parent Relationship": "Outer", "Startup Cost": 0.0, "Total Cost": 92545.49, "Plan Rows": 1381886, "Plan Width": 25, "Actual Min Startup Time": 38.785, "Actual Max Startup Time": 38.785, "Actual Min Total Time": 711.052, "Actual Max Total Time": 711.052, "Plans": [{"Node Type": "Seq Scan", "Parent Relationship": "Outer", "Relation Name": "title", "Alias": "t", "Startup Cost": 0.0, "Total Cost": 64037.34, "Plan Rows": 1381886, "Plan Width": 25, "Actual Min Startup Time": 0.026, "Actual Max Startup Time": 0.057, "Actual Min Total Time": 14.87, "Actual Max Total Time": 19.066, "Filter": "(production_year > 2000), (LLVM Optimized, Jit Execute)", "Rows Removed by Filter": 1146858, "Actual Rows": 1381453}], "Actual Rows": 1381453}], "Actual Rows": 1381453}], "Actual Rows": 6}], "Actual Rows": 6}], "Actual Rows": 78}, {"Node Type": "Hash", "Parent Relationship": "Inner", "Startup Cost": 1.04, "Total Cost": 1.04, "Plan Rows": 1, "Plan Width": 4, "Actual Min Startup Time": 0.063, "Actual Max Startup Time": 0.063, "Actual Min Total Time": 0.063, "Actual Max Total Time": 0.063, "Max Hash Buckets": 32768, "Min Hash Buckets": 32768, "Max Hash Batches": 1, "Min Hash Batches": 1, "Max Original Hash Batches": 1, "Min Original Hash Batches": 1, "Max Peak Memory Usage": 1, "min Peak Memory Usage": 1, "Plans": [{"Node Type": "Seq Scan", "Parent Relationship": "Outer", "Relation Name": "company_type", "Alias": "ct", "Startup Cost": 0.0, "Total Cost": 1.04, "Plan Rows": 1, "Plan Width": 4, "Actual Min Startup Time": 0.042, "Actual Max Startup Time": 0.042, "Actual Min Total Time": 0.045, "Actual Max Total Time": 0.045, "Filter": "((kind)::text = 'production companies'::text)", "Rows Removed by Filter": 2, "Actual Rows": 1}], "Actual Rows": 1}], "Actual Rows": 4}], "Actual Rows": 1}, "Triggers": [], "Planner Runtime": 6, "Total Runtime": 3023.94, "Unique SQL Id": 2492542741}}, "(64, 107)": {"explain_plan": {"Plan": {"Node Type": "Aggregate", "Strategy": "Plain", "Startup Cost": 5000019198191.62, "Total Cost": 5000019198191.62, "Plan Rows": 1, "Plan Width": 113, "Plans": [{"Node Type": "Hash Join", "Parent Relationship": "Outer", "Join Type": "Inner", "Startup Cost": 3020013499450.12, "Total Cost": 5000019193312.42, "Plan Rows": 650559, "Plan Width": 45, "Inner Unique": true, "Hash Cond": "(mc.movie_id = t.id), (LLVM Optimized)", "Plans": [{"Node Type": "Hash Join", "Parent Relationship": "Outer", "Join Type": "Inner", "Startup Cost": 2020001838049.88, "Total Cost": 4000007523527.17, "Plan Rows": 501180, "Plan Width": 32, "Inner Unique": false, "Hash Cond": "(mc.movie_id = mi_idx.movie_id), (LLVM Optimized)", "Plans": [{"Node Type": "Nested Loop", "Parent Relationship": "Outer", "Join Type": "Inner", "Startup Cost": 20000000000.0, "Total Cost": 2000005652169.42, "Plan Rows": 1304518, "Plan Width": 28, "Inner Unique": false, "Plans": [{"Node Type": "Index Scan", "Parent Relationship": "Outer", "Scan Direction": "Forward", "Index Name": "company_type_pkey", "Relation Name": "company_type", "Alias": "ct", "Startup Cost": 10000000000.0, "Total Cost": 1000000001230.25, "Plan Rows": 1, "Plan Width": 4, "Filter": "((kind)::text = 'production companies'::text)"}, {"Node Type": "Index Scan", "Parent Relationship": "Inner", "Scan Direction": "Forward", "Index Name": "company_type_id_movie_companies", "Relation Name": "movie_companies", "Alias": "mc", "Startup Cost": 10000000000.0, "Total Cost": 1000005637894.0, "Plan Rows": 1304517, "Plan Width": 32, "Index Cond": "(company_type_id = ct.id), (LLVM Optimized)", "Filter": "((note)::text !~~ '%(as Metro-Goldwyn-Mayer Pictures)%'::text), (LLVM Optimized)"}]}, {"Node Type": "Hash", "Parent Relationship": "Inner", "Startup Cost": 2000001833737.28, "Total Cost": 2000001833737.28, "Plan Rows": 345008, "Plan Width": 4, "Plans": [{"Node Type": "Nested Loop", "Parent Relationship": "Outer", "Join Type": "Inner", "Startup Cost": 20000007502.06, "Total Cost": 2000001833737.28, "Plan Rows": 345008, "Plan Width": 4, "Inner Unique": false, "Plans": [{"Node Type": "Index Scan", "Parent Relationship": "Outer", "Scan Direction": "Forward", "Index Name": "info_type_pkey", "Relation Name": "info_type", "Alias": "it", "Startup Cost": 10000000000.0, "Total Cost": 1000000001421.0, "Plan Rows": 1, "Plan Width": 4, "Filter": "((info)::text = 'bottom 10 rank'::text)"}, {"Node Type": "Bitmap Heap Scan", "Parent Relationship": "Inner", "Relation Name": "movie_info_idx", "Alias": "mi_idx", "Startup Cost": 10000007502.06, "Total Cost": 1000001828866.2, "Plan Rows": 345008, "Plan Width": 8, "Recheck Cond": "(info_type_id = it.id), (LLVM Optimized)", "Plans": [{"Node Type": "Bitmap Index Scan", "Parent Relationship": "Outer", "Index Name": "info_type_id_movie_info_idx", "Startup Cost": 0.0, "Total Cost": 7415.81, "Plan Rows": 345008, "Plan Width": 0, "Index Cond": "(info_type_id = it.id)"}]}]}]}]}, {"Node Type": "Hash", "Parent Relationship": "Inner", "Startup Cost": 1000011644126.66, "Total Cost": 1000011644126.66, "Plan Rows": 1381886, "Plan Width": 25, "Plans": [{"Node Type": "Index Scan", "Parent Relationship": "Outer", "Scan Direction": "Forward", "Index Name": "title_pkey", "Relation Name": "title", "Alias": "t", "Startup Cost": 10000000000.0, "Total Cost": 1000011644126.66, "Plan Rows": 1381886, "Plan Width": 25, "Filter": "(production_year > 2000), (LLVM Optimized)"}]}]}]}, "Unique SQL Id": 2492542741, "Planner Runtime": 6}, "explain_analyze_plan": null}, "(64, 108)": {"explain_plan": {"Plan": {"Node Type": "Aggregate", "Strategy": "Plain", "Startup Cost": 230727.96, "Total Cost": 230727.97, "Plan Rows": 1, "Plan Width": 113, "Plans": [{"Node Type": "Hash Join", "Parent Relationship": "Outer", "Join Type": "Inner", "Startup Cost": 148375.81, "Total Cost": 225848.77, "Plan Rows": 650559, "Plan Width": 45, "Inner Unique": true, "Hash Cond": "(mc.company_type_id = ct.id), (LLVM Optimized)", "Plans": [{"Node Type": "Hash Join", "Parent Relationship": "Outer", "Join Type": "Inner", "Startup Cost": 148374.76, "Total Cost": 217260.4, "Plan Rows": 1055184, "Plan Width": 49, "Inner Unique": false, "Hash Cond": "(mc.movie_id = t.id), (LLVM Optimized)", "Plans": [{"Node Type": "Seq Scan", "Parent Relationship": "Outer", "Relation Name": "movie_companies", "Alias": "mc", "Startup Cost": 0.0, "Total Cost": 48340.1, "Plan Rows": 2609035, "Plan Width": 32, "Filter": "((note)::text !~~ '%(as Metro-Goldwyn-Mayer Pictures)%'::text), (LLVM Optimized)"}, {"Node Type": "Hash", "Parent Relationship": "Inner", "Startup Cost": 142776.78, "Total Cost": 142776.78, "Plan Rows": 447839, "Plan Width": 29, "Plans": [{"Node Type": "Hash Join", "Parent Relationship": "Outer", "Join Type": "Inner", "Startup Cost": 109821.48, "Total Cost": 142776.78, "Plan Rows": 447839, "Plan Width": 29, "Inner Unique": true, "Hash Cond": "(mi_idx.movie_id = t.id), (LLVM Optimized)", "Plans": [{"Node Type": "Hash Join", "Parent Relationship": "Outer", "Join Type": "Inner", "Startup Cost": 2.41, "Total Cost": 27185.54, "Plan Rows": 345008, "Plan Width": 4, "Inner Unique": true, "Hash Cond": "(mi_idx.info_type_id = it.id), (LLVM Optimized)", "Plans": [{"Node Type": "Seq Scan", "Parent Relationship": "Outer", "Relation Name": "movie_info_idx", "Alias": "mi_idx", "Startup Cost": 0.0, "Total Cost": 20274.34, "Plan Rows": 1380034, "Plan Width": 8}, {"Node Type": "Hash", "Parent Relationship": "Inner", "Startup Cost": 2.4, "Total Cost": 2.4, "Plan Rows": 1, "Plan Width": 4, "Plans": [{"Node Type": "Seq Scan", "Parent Relationship": "Outer", "Relation Name": "info_type", "Alias": "it", "Startup Cost": 0.0, "Total Cost": 2.4, "Plan Rows": 1, "Plan Width": 4, "Filter": "((info)::text = 'bottom 10 rank'::text)"}]}]}, {"Node Type": "Hash", "Parent Relationship": "Inner", "Startup Cost": 92545.49, "Total Cost": 92545.49, "Plan Rows": 1381886, "Plan Width": 25, "Plans": [{"Node Type": "Streaming(type: LOCAL GATHER dop: 1/64)", "Parent Relationship": "Outer", "Startup Cost": 0.0, "Total Cost": 92545.49, "Plan Rows": 1381886, "Plan Width": 25, "Plans": [{"Node Type": "Seq Scan", "Parent Relationship": "Outer", "Relation Name": "title", "Alias": "t", "Startup Cost": 0.0, "Total Cost": 64037.34, "Plan Rows": 1381886, "Plan Width": 25, "Filter": "(production_year > 2000), (LLVM Optimized)"}]}]}]}]}]}, {"Node Type": "Hash", "Parent Relationship": "Inner", "Startup Cost": 1.04, "Total Cost": 1.04, "Plan Rows": 1, "Plan Width": 4, "Plans": [{"Node Type": "Seq Scan", "Parent Relationship": "Outer", "Relation Name": "company_type", "Alias": "ct", "Startup Cost": 0.0, "Total Cost": 1.04, "Plan Rows": 1, "Plan Width": 4, "Filter": "((kind)::text = 'production companies'::text)"}]}]}]}, "Unique SQL Id": 2492542741, "Planner Runtime": 8}, "explain_analyze_plan": {"Plan": {"Node Type": "Aggregate", "Strategy": "Plain", "Startup Cost": 230727.96, "Total Cost": 230727.97, "Plan Rows": 1, "Plan Width": 113, "Actual Min Startup Time": 3001.109, "Actual Max Startup Time": 3001.109, "Actual Min Total Time": 3001.11, "Actual Max Total Time": 3001.11, "Plans": [{"Node Type": "Hash Join", "Parent Relationship": "Outer", "Join Type": "Inner", "Startup Cost": 148375.81, "Total Cost": 225848.77, "Plan Rows": 650559, "Plan Width": 45, "Actual Min Startup Time": 2826.935, "Actual Max Startup Time": 2826.935, "Actual Min Total Time": 3001.05, "Actual Max Total Time": 3001.05, "Inner Unique": true, "Hash Cond": "(mc.company_type_id = ct.id), (LLVM Optimized, Jit Execute)", "Plans": [{"Node Type": "Hash Join", "Parent Relationship": "Outer", "Join Type": "Inner", "Startup Cost": 148374.76, "Total Cost": 217260.4, "Plan Rows": 1055184, "Plan Width": 49, "Actual Min Startup Time": 2128.871, "Actual Max Startup Time": 2128.871, "Actual Min Total Time": 3000.762, "Actual Max Total Time": 3000.762, "Inner Unique": false, "Hash Cond": "(mc.movie_id = t.id), (LLVM Optimized, Jit Execute)", "Plans": [{"Node Type": "Seq Scan", "Parent Relationship": "Outer", "Relation Name": "movie_companies", "Alias": "mc", "Startup Cost": 0.0, "Total Cost": 48340.1, "Plan Rows": 2609035, "Plan Width": 32, "Actual Min Startup Time": 0.059, "Actual Max Startup Time": 0.059, "Actual Min Total Time": 914.102, "Actual Max Total Time": 914.102, "Filter": "((note)::text !~~ '%(as Metro-Goldwyn-Mayer Pictures)%'::text), (LLVM Optimized, Jit Execute)", "Rows Removed by Filter": 1272041, "Actual Rows": 1337087}, {"Node Type": "Hash", "Parent Relationship": "Inner", "Startup Cost": 142776.78, "Total Cost": 142776.78, "Plan Rows": 447839, "Plan Width": 29, "Actual Min Startup Time": 1821.283, "Actual Max Startup Time": 1821.283, "Actual Min Total Time": 1821.283, "Actual Max Total Time": 1821.283, "Max Hash Buckets": 524288, "Min Hash Buckets": 524288, "Max Hash Batches": 1, "Min Hash Batches": 1, "Max Original Hash Batches": 1, "Min Original Hash Batches": 1, "Max Peak Memory Usage": 1, "min Peak Memory Usage": 1, "Plans": [{"Node Type": "Hash Join", "Parent Relationship": "Outer", "Join Type": "Inner", "Startup Cost": 109821.48, "Total Cost": 142776.78, "Plan Rows": 447839, "Plan Width": 29, "Actual Min Startup Time": 1821.202, "Actual Max Startup Time": 1821.202, "Actual Min Total Time": 1821.253, "Actual Max Total Time": 1821.253, "Inner Unique": true, "Hash Cond": "(mi_idx.movie_id = t.id), (LLVM Optimized, Jit Execute)", "Plans": [{"Node Type": "Hash Join", "Parent Relationship": "Outer", "Join Type": "Inner", "Startup Cost": 2.41, "Total Cost": 27185.54, "Plan Rows": 345008, "Plan Width": 4, "Actual Min Startup Time": 530.91, "Actual Max Startup Time": 530.91, "Actual Min Total Time": 530.917, "Actual Max Total Time": 530.917, "Inner Unique": true, "Hash Cond": "(mi_idx.info_type_id = it.id), (LLVM Optimized, Jit Execute)", "Plans": [{"Node Type": "Seq Scan", "Parent Relationship": "Outer", "Relation Name": "movie_info_idx", "Alias": "mi_idx", "Startup Cost": 0.0, "Total Cost": 20274.34, "Plan Rows": 1380034, "Plan Width": 8, "Actual Min Startup Time": 0.047, "Actual Max Startup Time": 0.047, "Actual Min Total Time": 299.951, "Actual Max Total Time": 299.951, "Actual Rows": 1380034}, {"Node Type": "Hash", "Parent Relationship": "Inner", "Startup Cost": 2.4, "Total Cost": 2.4, "Plan Rows": 1, "Plan Width": 4, "Actual Min Startup Time": 0.09, "Actual Max Startup Time": 0.09, "Actual Min Total Time": 0.09, "Actual Max Total Time": 0.09, "Max Hash Buckets": 32768, "Min Hash Buckets": 32768, "Max Hash Batches": 1, "Min Hash Batches": 1, "Max Original Hash Batches": 1, "Min Original Hash Batches": 1, "Max Peak Memory Usage": 1, "min Peak Memory Usage": 1, "Plans": [{"Node Type": "Seq Scan", "Parent Relationship": "Outer", "Relation Name": "info_type", "Alias": "it", "Startup Cost": 0.0, "Total Cost": 2.4, "Plan Rows": 1, "Plan Width": 4, "Actual Min Startup Time": 0.075, "Actual Max Startup Time": 0.075, "Actual Min Total Time": 0.077, "Actual Max Total Time": 0.077, "Filter": "((info)::text = 'bottom 10 rank'::text)", "Rows Removed by Filter": 111, "Actual Rows": 1}], "Actual Rows": 1}], "Actual Rows": 10}, {"Node Type": "Hash", "Parent Relationship": "Inner", "Startup Cost": 92545.49, "Total Cost": 92545.49, "Plan Rows": 1381886, "Plan Width": 25, "Actual Min Startup Time": 1287.765, "Actual Max Startup Time": 1287.765, "Actual Min Total Time": 1287.765, "Actual Max Total Time": 1287.765, "Max Hash Buckets": 2097152, "Min Hash Buckets": 2097152, "Max Hash Batches": 1, "Min Hash Batches": 1, "Max Original Hash Batches": 1, "Min Original Hash Batches": 1, "Max Peak Memory Usage": 79393, "min Peak Memory Usage": 79393, "Plans": [{"Node Type": "Streaming(type: LOCAL GATHER dop: 1/64)", "Parent Relationship": "Outer", "Startup Cost": 0.0, "Total Cost": 92545.49, "Plan Rows": 1381886, "Plan Width": 25, "Actual Min Startup Time": 38.785, "Actual Max Startup Time": 38.785, "Actual Min Total Time": 711.052, "Actual Max Total Time": 711.052, "Plans": [{"Node Type": "Seq Scan", "Parent Relationship": "Outer", "Relation Name": "title", "Alias": "t", "Startup Cost": 0.0, "Total Cost": 64037.34, "Plan Rows": 1381886, "Plan Width": 25, "Actual Min Startup Time": 0.026, "Actual Max Startup Time": 0.057, "Actual Min Total Time": 14.87, "Actual Max Total Time": 19.066, "Filter": "(production_year > 2000), (LLVM Optimized, Jit Execute)", "Rows Removed by Filter": 1146858, "Actual Rows": 1381453}], "Actual Rows": 1381453}], "Actual Rows": 1381453}], "Actual Rows": 6}], "Actual Rows": 6}], "Actual Rows": 78}, {"Node Type": "Hash", "Parent Relationship": "Inner", "Startup Cost": 1.04, "Total Cost": 1.04, "Plan Rows": 1, "Plan Width": 4, "Actual Min Startup Time": 0.063, "Actual Max Startup Time": 0.063, "Actual Min Total Time": 0.063, "Actual Max Total Time": 0.063, "Max Hash Buckets": 32768, "Min Hash Buckets": 32768, "Max Hash Batches": 1, "Min Hash Batches": 1, "Max Original Hash Batches": 1, "Min Original Hash Batches": 1, "Max Peak Memory Usage": 1, "min Peak Memory Usage": 1, "Plans": [{"Node Type": "Seq Scan", "Parent Relationship": "Outer", "Relation Name": "company_type", "Alias": "ct", "Startup Cost": 0.0, "Total Cost": 1.04, "Plan Rows": 1, "Plan Width": 4, "Actual Min Startup Time": 0.042, "Actual Max Startup Time": 0.042, "Actual Min Total Time": 0.045, "Actual Max Total Time": 0.045, "Filter": "((kind)::text = 'production companies'::text)", "Rows Removed by Filter": 2, "Actual Rows": 1}], "Actual Rows": 1}], "Actual Rows": 4}], "Actual Rows": 1}, "Triggers": [], "Planner Runtime": 6, "Total Runtime": 3023.94, "Unique SQL Id": 2492542741}}, "(64, 109)": {"explain_plan": {"Plan": {"Node Type": "Aggregate", "Strategy": "Plain", "Startup Cost": 268118.48, "Total Cost": 268118.49, "Plan Rows": 1, "Plan Width": 113, "Plans": [{"Node Type": "Hash Join", "Parent Relationship": "Outer", "Join Type": "Inner", "Startup Cost": 183423.2, "Total Cost": 263239.28, "Plan Rows": 650559, "Plan Width": 45, "Inner Unique": false, "Hash Cond": "(mc.movie_id = t.id), (LLVM Optimized)", "Plans": [{"Node Type": "Nested Loop", "Parent Relationship": "Outer", "Join Type": "Inner", "Startup Cost": 0.0, "Total Cost": 69436.41, "Plan Rows": 1304518, "Plan Width": 28, "Inner Unique": false, "Plans": [{"Node Type": "Index Scan", "Parent Relationship": "Outer", "Scan Direction": "Forward", "Index Name": "company_type_pkey", "Relation Name": "company_type", "Alias": "ct", "Startup Cost": 0.0, "Total Cost": 12.3, "Plan Rows": 1, "Plan Width": 4, "Filter": "((kind)::text = 'production companies'::text)"}, {"Node Type": "Index Scan", "Parent Relationship": "Inner", "Scan Direction": "Forward", "Index Name": "company_type_id_movie_companies", "Relation Name": "movie_companies", "Alias": "mc", "Startup Cost": 0.0, "Total Cost": 56378.94, "Plan Rows": 1304517, "Plan Width": 32, "Index Cond": "(company_type_id = ct.id), (LLVM Optimized)", "Filter": "((note)::text !~~ '%(as Metro-Goldwyn-Mayer Pictures)%'::text), (LLVM Optimized)"}]}, {"Node Type": "Hash", "Parent Relationship": "Inner", "Startup Cost": 177825.21, "Total Cost": 177825.21, "Plan Rows": 447839, "Plan Width": 29, "Plans": [{"Node Type": "Hash Join", "Parent Relationship": "Outer", "Join Type": "Inner", "Startup Cost": 133714.84, "Total Cost": 177825.21, "Plan Rows": 447839, "Plan Width": 29, "Inner Unique": true, "Hash Cond": "(mi_idx.movie_id = t.id), (LLVM Optimized)", "Plans": [{"Node Type": "Nested Loop", "Parent Relationship": "Outer", "Join Type": "Inner", "Startup Cost": 0.0, "Total Cost": 38338.2, "Plan Rows": 345008, "Plan Width": 4, "Inner Unique": false, "Plans": [{"Node Type": "Index Scan", "Parent Relationship": "Outer", "Scan Direction": "Forward", "Index Name": "info_type_pkey", "Relation Name": "info_type", "Alias": "it", "Startup Cost": 0.0, "Total Cost": 14.21, "Plan Rows": 1, "Plan Width": 4, "Filter": "((info)::text = 'bottom 10 rank'::text)"}, {"Node Type": "Index Scan", "Parent Relationship": "Inner", "Scan Direction": "Forward", "Index Name": "info_type_id_movie_info_idx", "Relation Name": "movie_info_idx", "Alias": "mi_idx", "Startup Cost": 0.0, "Total Cost": 34873.91, "Plan Rows": 345008, "Plan Width": 8, "Index Cond": "(info_type_id = it.id), (LLVM Optimized)"}]}, {"Node Type": "Hash", "Parent Relationship": "Inner", "Startup Cost": 116441.27, "Total Cost": 116441.27, "Plan Rows": 1381886, "Plan Width": 25, "Plans": [{"Node Type": "Index Scan", "Parent Relationship": "Outer", "Scan Direction": "Forward", "Index Name": "title_pkey", "Relation Name": "title", "Alias": "t", "Startup Cost": 0.0, "Total Cost": 116441.27, "Plan Rows": 1381886, "Plan Width": 25, "Filter": "(production_year > 2000), (LLVM Optimized)"}]}]}]}]}]}, "Unique SQL Id": 2492542741, "Planner Runtime": 5}, "explain_analyze_plan": null}, "(64, 110)": {"explain_plan": {"Plan": {"Node Type": "Aggregate", "Strategy": "Plain", "Startup Cost": 230727.96, "Total Cost": 230727.97, "Plan Rows": 1, "Plan Width": 113, "Plans": [{"Node Type": "Hash Join", "Parent Relationship": "Outer", "Join Type": "Inner", "Startup Cost": 148375.81, "Total Cost": 225848.77, "Plan Rows": 650559, "Plan Width": 45, "Inner Unique": true, "Hash Cond": "(mc.company_type_id = ct.id), (LLVM Optimized)", "Plans": [{"Node Type": "Hash Join", "Parent Relationship": "Outer", "Join Type": "Inner", "Startup Cost": 148374.76, "Total Cost": 217260.4, "Plan Rows": 1055184, "Plan Width": 49, "Inner Unique": false, "Hash Cond": "(mc.movie_id = t.id), (LLVM Optimized)", "Plans": [{"Node Type": "Seq Scan", "Parent Relationship": "Outer", "Relation Name": "movie_companies", "Alias": "mc", "Startup Cost": 0.0, "Total Cost": 48340.1, "Plan Rows": 2609035, "Plan Width": 32, "Filter": "((note)::text !~~ '%(as Metro-Goldwyn-Mayer Pictures)%'::text), (LLVM Optimized)"}, {"Node Type": "Hash", "Parent Relationship": "Inner", "Startup Cost": 142776.78, "Total Cost": 142776.78, "Plan Rows": 447839, "Plan Width": 29, "Plans": [{"Node Type": "Hash Join", "Parent Relationship": "Outer", "Join Type": "Inner", "Startup Cost": 109821.48, "Total Cost": 142776.78, "Plan Rows": 447839, "Plan Width": 29, "Inner Unique": true, "Hash Cond": "(mi_idx.movie_id = t.id), (LLVM Optimized)", "Plans": [{"Node Type": "Hash Join", "Parent Relationship": "Outer", "Join Type": "Inner", "Startup Cost": 2.41, "Total Cost": 27185.54, "Plan Rows": 345008, "Plan Width": 4, "Inner Unique": true, "Hash Cond": "(mi_idx.info_type_id = it.id), (LLVM Optimized)", "Plans": [{"Node Type": "Seq Scan", "Parent Relationship": "Outer", "Relation Name": "movie_info_idx", "Alias": "mi_idx", "Startup Cost": 0.0, "Total Cost": 20274.34, "Plan Rows": 1380034, "Plan Width": 8}, {"Node Type": "Hash", "Parent Relationship": "Inner", "Startup Cost": 2.4, "Total Cost": 2.4, "Plan Rows": 1, "Plan Width": 4, "Plans": [{"Node Type": "Seq Scan", "Parent Relationship": "Outer", "Relation Name": "info_type", "Alias": "it", "Startup Cost": 0.0, "Total Cost": 2.4, "Plan Rows": 1, "Plan Width": 4, "Filter": "((info)::text = 'bottom 10 rank'::text)"}]}]}, {"Node Type": "Hash", "Parent Relationship": "Inner", "Startup Cost": 92545.49, "Total Cost": 92545.49, "Plan Rows": 1381886, "Plan Width": 25, "Plans": [{"Node Type": "Streaming(type: LOCAL GATHER dop: 1/64)", "Parent Relationship": "Outer", "Startup Cost": 0.0, "Total Cost": 92545.49, "Plan Rows": 1381886, "Plan Width": 25, "Plans": [{"Node Type": "Seq Scan", "Parent Relationship": "Outer", "Relation Name": "title", "Alias": "t", "Startup Cost": 0.0, "Total Cost": 64037.34, "Plan Rows": 1381886, "Plan Width": 25, "Filter": "(production_year > 2000), (LLVM Optimized)"}]}]}]}]}]}, {"Node Type": "Hash", "Parent Relationship": "Inner", "Startup Cost": 1.04, "Total Cost": 1.04, "Plan Rows": 1, "Plan Width": 4, "Plans": [{"Node Type": "Seq Scan", "Parent Relationship": "Outer", "Relation Name": "company_type", "Alias": "ct", "Startup Cost": 0.0, "Total Cost": 1.04, "Plan Rows": 1, "Plan Width": 4, "Filter": "((kind)::text = 'production companies'::text)"}]}]}]}, "Unique SQL Id": 2492542741, "Planner Runtime": 6}, "explain_analyze_plan": {"Plan": {"Node Type": "Aggregate", "Strategy": "Plain", "Startup Cost": 230727.96, "Total Cost": 230727.97, "Plan Rows": 1, "Plan Width": 113, "Actual Min Startup Time": 3001.109, "Actual Max Startup Time": 3001.109, "Actual Min Total Time": 3001.11, "Actual Max Total Time": 3001.11, "Plans": [{"Node Type": "Hash Join", "Parent Relationship": "Outer", "Join Type": "Inner", "Startup Cost": 148375.81, "Total Cost": 225848.77, "Plan Rows": 650559, "Plan Width": 45, "Actual Min Startup Time": 2826.935, "Actual Max Startup Time": 2826.935, "Actual Min Total Time": 3001.05, "Actual Max Total Time": 3001.05, "Inner Unique": true, "Hash Cond": "(mc.company_type_id = ct.id), (LLVM Optimized, Jit Execute)", "Plans": [{"Node Type": "Hash Join", "Parent Relationship": "Outer", "Join Type": "Inner", "Startup Cost": 148374.76, "Total Cost": 217260.4, "Plan Rows": 1055184, "Plan Width": 49, "Actual Min Startup Time": 2128.871, "Actual Max Startup Time": 2128.871, "Actual Min Total Time": 3000.762, "Actual Max Total Time": 3000.762, "Inner Unique": false, "Hash Cond": "(mc.movie_id = t.id), (LLVM Optimized, Jit Execute)", "Plans": [{"Node Type": "Seq Scan", "Parent Relationship": "Outer", "Relation Name": "movie_companies", "Alias": "mc", "Startup Cost": 0.0, "Total Cost": 48340.1, "Plan Rows": 2609035, "Plan Width": 32, "Actual Min Startup Time": 0.059, "Actual Max Startup Time": 0.059, "Actual Min Total Time": 914.102, "Actual Max Total Time": 914.102, "Filter": "((note)::text !~~ '%(as Metro-Goldwyn-Mayer Pictures)%'::text), (LLVM Optimized, Jit Execute)", "Rows Removed by Filter": 1272041, "Actual Rows": 1337087}, {"Node Type": "Hash", "Parent Relationship": "Inner", "Startup Cost": 142776.78, "Total Cost": 142776.78, "Plan Rows": 447839, "Plan Width": 29, "Actual Min Startup Time": 1821.283, "Actual Max Startup Time": 1821.283, "Actual Min Total Time": 1821.283, "Actual Max Total Time": 1821.283, "Max Hash Buckets": 524288, "Min Hash Buckets": 524288, "Max Hash Batches": 1, "Min Hash Batches": 1, "Max Original Hash Batches": 1, "Min Original Hash Batches": 1, "Max Peak Memory Usage": 1, "min Peak Memory Usage": 1, "Plans": [{"Node Type": "Hash Join", "Parent Relationship": "Outer", "Join Type": "Inner", "Startup Cost": 109821.48, "Total Cost": 142776.78, "Plan Rows": 447839, "Plan Width": 29, "Actual Min Startup Time": 1821.202, "Actual Max Startup Time": 1821.202, "Actual Min Total Time": 1821.253, "Actual Max Total Time": 1821.253, "Inner Unique": true, "Hash Cond": "(mi_idx.movie_id = t.id), (LLVM Optimized, Jit Execute)", "Plans": [{"Node Type": "Hash Join", "Parent Relationship": "Outer", "Join Type": "Inner", "Startup Cost": 2.41, "Total Cost": 27185.54, "Plan Rows": 345008, "Plan Width": 4, "Actual Min Startup Time": 530.91, "Actual Max Startup Time": 530.91, "Actual Min Total Time": 530.917, "Actual Max Total Time": 530.917, "Inner Unique": true, "Hash Cond": "(mi_idx.info_type_id = it.id), (LLVM Optimized, Jit Execute)", "Plans": [{"Node Type": "Seq Scan", "Parent Relationship": "Outer", "Relation Name": "movie_info_idx", "Alias": "mi_idx", "Startup Cost": 0.0, "Total Cost": 20274.34, "Plan Rows": 1380034, "Plan Width": 8, "Actual Min Startup Time": 0.047, "Actual Max Startup Time": 0.047, "Actual Min Total Time": 299.951, "Actual Max Total Time": 299.951, "Actual Rows": 1380034}, {"Node Type": "Hash", "Parent Relationship": "Inner", "Startup Cost": 2.4, "Total Cost": 2.4, "Plan Rows": 1, "Plan Width": 4, "Actual Min Startup Time": 0.09, "Actual Max Startup Time": 0.09, "Actual Min Total Time": 0.09, "Actual Max Total Time": 0.09, "Max Hash Buckets": 32768, "Min Hash Buckets": 32768, "Max Hash Batches": 1, "Min Hash Batches": 1, "Max Original Hash Batches": 1, "Min Original Hash Batches": 1, "Max Peak Memory Usage": 1, "min Peak Memory Usage": 1, "Plans": [{"Node Type": "Seq Scan", "Parent Relationship": "Outer", "Relation Name": "info_type", "Alias": "it", "Startup Cost": 0.0, "Total Cost": 2.4, "Plan Rows": 1, "Plan Width": 4, "Actual Min Startup Time": 0.075, "Actual Max Startup Time": 0.075, "Actual Min Total Time": 0.077, "Actual Max Total Time": 0.077, "Filter": "((info)::text = 'bottom 10 rank'::text)", "Rows Removed by Filter": 111, "Actual Rows": 1}], "Actual Rows": 1}], "Actual Rows": 10}, {"Node Type": "Hash", "Parent Relationship": "Inner", "Startup Cost": 92545.49, "Total Cost": 92545.49, "Plan Rows": 1381886, "Plan Width": 25, "Actual Min Startup Time": 1287.765, "Actual Max Startup Time": 1287.765, "Actual Min Total Time": 1287.765, "Actual Max Total Time": 1287.765, "Max Hash Buckets": 2097152, "Min Hash Buckets": 2097152, "Max Hash Batches": 1, "Min Hash Batches": 1, "Max Original Hash Batches": 1, "Min Original Hash Batches": 1, "Max Peak Memory Usage": 79393, "min Peak Memory Usage": 79393, "Plans": [{"Node Type": "Streaming(type: LOCAL GATHER dop: 1/64)", "Parent Relationship": "Outer", "Startup Cost": 0.0, "Total Cost": 92545.49, "Plan Rows": 1381886, "Plan Width": 25, "Actual Min Startup Time": 38.785, "Actual Max Startup Time": 38.785, "Actual Min Total Time": 711.052, "Actual Max Total Time": 711.052, "Plans": [{"Node Type": "Seq Scan", "Parent Relationship": "Outer", "Relation Name": "title", "Alias": "t", "Startup Cost": 0.0, "Total Cost": 64037.34, "Plan Rows": 1381886, "Plan Width": 25, "Actual Min Startup Time": 0.026, "Actual Max Startup Time": 0.057, "Actual Min Total Time": 14.87, "Actual Max Total Time": 19.066, "Filter": "(production_year > 2000), (LLVM Optimized, Jit Execute)", "Rows Removed by Filter": 1146858, "Actual Rows": 1381453}], "Actual Rows": 1381453}], "Actual Rows": 1381453}], "Actual Rows": 6}], "Actual Rows": 6}], "Actual Rows": 78}, {"Node Type": "Hash", "Parent Relationship": "Inner", "Startup Cost": 1.04, "Total Cost": 1.04, "Plan Rows": 1, "Plan Width": 4, "Actual Min Startup Time": 0.063, "Actual Max Startup Time": 0.063, "Actual Min Total Time": 0.063, "Actual Max Total Time": 0.063, "Max Hash Buckets": 32768, "Min Hash Buckets": 32768, "Max Hash Batches": 1, "Min Hash Batches": 1, "Max Original Hash Batches": 1, "Min Original Hash Batches": 1, "Max Peak Memory Usage": 1, "min Peak Memory Usage": 1, "Plans": [{"Node Type": "Seq Scan", "Parent Relationship": "Outer", "Relation Name": "company_type", "Alias": "ct", "Startup Cost": 0.0, "Total Cost": 1.04, "Plan Rows": 1, "Plan Width": 4, "Actual Min Startup Time": 0.042, "Actual Max Startup Time": 0.042, "Actual Min Total Time": 0.045, "Actual Max Total Time": 0.045, "Filter": "((kind)::text = 'production companies'::text)", "Rows Removed by Filter": 2, "Actual Rows": 1}], "Actual Rows": 1}], "Actual Rows": 4}], "Actual Rows": 1}, "Triggers": [], "Planner Runtime": 6, "Total Runtime": 3023.94, "Unique SQL Id": 2492542741}}, "(64, 111)": {"explain_plan": {"Plan": {"Node Type": "Aggregate", "Strategy": "Plain", "Startup Cost": 5000019198191.62, "Total Cost": 5000019198191.62, "Plan Rows": 1, "Plan Width": 113, "Plans": [{"Node Type": "Hash Join", "Parent Relationship": "Outer", "Join Type": "Inner", "Startup Cost": 3020013499450.12, "Total Cost": 5000019193312.42, "Plan Rows": 650559, "Plan Width": 45, "Inner Unique": true, "Hash Cond": "(mc.movie_id = t.id), (LLVM Optimized)", "Plans": [{"Node Type": "Hash Join", "Parent Relationship": "Outer", "Join Type": "Inner", "Startup Cost": 2020001838049.88, "Total Cost": 4000007523527.17, "Plan Rows": 501180, "Plan Width": 32, "Inner Unique": false, "Hash Cond": "(mc.movie_id = mi_idx.movie_id), (LLVM Optimized)", "Plans": [{"Node Type": "Nested Loop", "Parent Relationship": "Outer", "Join Type": "Inner", "Startup Cost": 20000000000.0, "Total Cost": 2000005652169.42, "Plan Rows": 1304518, "Plan Width": 28, "Inner Unique": false, "Plans": [{"Node Type": "Index Scan", "Parent Relationship": "Outer", "Scan Direction": "Forward", "Index Name": "company_type_pkey", "Relation Name": "company_type", "Alias": "ct", "Startup Cost": 10000000000.0, "Total Cost": 1000000001230.25, "Plan Rows": 1, "Plan Width": 4, "Filter": "((kind)::text = 'production companies'::text)"}, {"Node Type": "Index Scan", "Parent Relationship": "Inner", "Scan Direction": "Forward", "Index Name": "company_type_id_movie_companies", "Relation Name": "movie_companies", "Alias": "mc", "Startup Cost": 10000000000.0, "Total Cost": 1000005637894.0, "Plan Rows": 1304517, "Plan Width": 32, "Index Cond": "(company_type_id = ct.id), (LLVM Optimized)", "Filter": "((note)::text !~~ '%(as Metro-Goldwyn-Mayer Pictures)%'::text), (LLVM Optimized)"}]}, {"Node Type": "Hash", "Parent Relationship": "Inner", "Startup Cost": 2000001833737.28, "Total Cost": 2000001833737.28, "Plan Rows": 345008, "Plan Width": 4, "Plans": [{"Node Type": "Nested Loop", "Parent Relationship": "Outer", "Join Type": "Inner", "Startup Cost": 20000007502.06, "Total Cost": 2000001833737.28, "Plan Rows": 345008, "Plan Width": 4, "Inner Unique": false, "Plans": [{"Node Type": "Index Scan", "Parent Relationship": "Outer", "Scan Direction": "Forward", "Index Name": "info_type_pkey", "Relation Name": "info_type", "Alias": "it", "Startup Cost": 10000000000.0, "Total Cost": 1000000001421.0, "Plan Rows": 1, "Plan Width": 4, "Filter": "((info)::text = 'bottom 10 rank'::text)"}, {"Node Type": "Bitmap Heap Scan", "Parent Relationship": "Inner", "Relation Name": "movie_info_idx", "Alias": "mi_idx", "Startup Cost": 10000007502.06, "Total Cost": 1000001828866.2, "Plan Rows": 345008, "Plan Width": 8, "Recheck Cond": "(info_type_id = it.id), (LLVM Optimized)", "Plans": [{"Node Type": "Bitmap Index Scan", "Parent Relationship": "Outer", "Index Name": "info_type_id_movie_info_idx", "Startup Cost": 0.0, "Total Cost": 7415.81, "Plan Rows": 345008, "Plan Width": 0, "Index Cond": "(info_type_id = it.id)"}]}]}]}]}, {"Node Type": "Hash", "Parent Relationship": "Inner", "Startup Cost": 1000011644126.66, "Total Cost": 1000011644126.66, "Plan Rows": 1381886, "Plan Width": 25, "Plans": [{"Node Type": "Index Scan", "Parent Relationship": "Outer", "Scan Direction": "Forward", "Index Name": "title_pkey", "Relation Name": "title", "Alias": "t", "Startup Cost": 10000000000.0, "Total Cost": 1000011644126.66, "Plan Rows": 1381886, "Plan Width": 25, "Filter": "(production_year > 2000), (LLVM Optimized)"}]}]}]}, "Unique SQL Id": 2492542741, "Planner Runtime": 5}, "explain_analyze_plan": null}, "(64, 112)": {"explain_plan": {"Plan": {"Node Type": "Aggregate", "Strategy": "Plain", "Startup Cost": 346287.75, "Total Cost": 346287.76, "Plan Rows": 1, "Plan Width": 113, "Plans": [{"Node Type": "Nested Loop", "Parent Relationship": "Outer", "Join Type": "Inner", "Startup Cost": 7502.06, "Total Cost": 341503.6, "Plan Rows": 637886, "Plan Width": 45, "Inner Unique": true, "Plans": [{"Node Type": "Nested Loop", "Parent Relationship": "Outer", "Join Type": "Inner", "Startup Cost": 7502.06, "Total Cost": 166081.74, "Plan Rows": 501180, "Plan Width": 32, "Inner Unique": false, "Join Filter": "(mc.company_type_id = ct.id), (LLVM Optimized)", "Plans": [{"Node Type": "Seq Scan", "Parent Relationship": "Outer", "Relation Name": "company_type", "Alias": "ct", "Startup Cost": 0.0, "Total Cost": 1.04, "Plan Rows": 1, "Plan Width": 4, "Filter": "((kind)::text = 'production companies'::text)"}, {"Node Type": "Nested Loop", "Parent Relationship": "Inner", "Join Type": "Inner", "Startup Cost": 7502.06, "Total Cost": 155717.63, "Plan Rows": 829046, "Plan Width": 36, "Inner Unique": false, "Plans": [{"Node Type": "Nested Loop", "Parent Relationship": "Outer", "Join Type": "Inner", "Startup Cost": 7502.06, "Total Cost": 21741.14, "Plan Rows": 345008, "Plan Width": 4, "Inner Unique": false, "Plans": [{"Node Type": "Seq Scan", "Parent Relationship": "Outer", "Relation Name": "info_type", "Alias": "it", "Startup Cost": 0.0, "Total Cost": 2.4, "Plan Rows": 1, "Plan Width": 4, "Filter": "((info)::text = 'bottom 10 rank'::text)"}, {"Node Type": "Bitmap Heap Scan", "Parent Relationship": "Inner", "Relation Name": "movie_info_idx", "Alias": "mi_idx", "Startup Cost": 7502.06, "Total Cost": 18288.66, "Plan Rows": 345008, "Plan Width": 8, "Recheck Cond": "(info_type_id = it.id), (LLVM Optimized)", "Plans": [{"Node Type": "Bitmap Index Scan", "Parent Relationship": "Outer", "Index Name": "info_type_id_movie_info_idx", "Startup Cost": 0.0, "Total Cost": 7415.81, "Plan Rows": 345008, "Plan Width": 0, "Index Cond": "(info_type_id = it.id)"}]}]}, {"Node Type": "Index Scan", "Parent Relationship": "Inner", "Scan Direction": "Forward", "Index Name": "movie_id_movie_companies", "Relation Name": "movie_companies", "Alias": "mc", "Startup Cost": 0.0, "Total Cost": 0.37, "Plan Rows": 2, "Plan Width": 32, "Index Cond": "(movie_id = mi_idx.movie_id)", "Filter": "((note)::text !~~ '%(as Metro-Goldwyn-Mayer Pictures)%'::text)"}]}]}, {"Node Type": "Index Scan", "Parent Relationship": "Inner", "Scan Direction": "Forward", "Index Name": "title_pkey", "Relation Name": "title", "Alias": "t", "Startup Cost": 0.0, "Total Cost": 0.34, "Plan Rows": 1, "Plan Width": 25, "Index Cond": "(id = mc.movie_id)", "Filter": "(production_year > 2000)"}]}]}, "Unique SQL Id": 2492542741, "Planner Runtime": 2}, "explain_analyze_plan": {"Plan": {"Node Type": "Aggregate", "Strategy": "Plain", "Startup Cost": 346287.75, "Total Cost": 346287.76, "Plan Rows": 1, "Plan Width": 113, "Actual Startup Time": 0.476, "Actual Total Time": 0.476, "Actual Rows": 1, "Actual Loops": 1, "Plans": [{"Node Type": "Nested Loop", "Parent Relationship": "Outer", "Join Type": "Inner", "Startup Cost": 7502.06, "Total Cost": 341503.6, "Plan Rows": 637886, "Plan Width": 45, "Actual Startup Time": 0.372, "Actual Total Time": 0.452, "Actual Rows": 4, "Actual Loops": 1, "Inner Unique": true, "Plans": [{"Node Type": "Nested Loop", "Parent Relationship": "Outer", "Join Type": "Inner", "Startup Cost": 7502.06, "Total Cost": 166081.74, "Plan Rows": 501180, "Plan Width": 32, "Actual Startup Time": 0.225, "Actual Total Time": 0.402, "Actual Rows": 5, "Actual Loops": 1, "Inner Unique": false, "Join Filter": "(mc.company_type_id = ct.id), (LLVM Optimized)", "Rows Removed by Join Filter": 95, "Plans": [{"Node Type": "Seq Scan", "Parent Relationship": "Outer", "Relation Name": "company_type", "Alias": "ct", "Startup Cost": 0.0, "Total Cost": 1.04, "Plan Rows": 1, "Plan Width": 4, "Actual Startup Time": 0.021, "Actual Total Time": 0.022, "Actual Rows": 1, "Actual Loops": 1, "Filter": "((kind)::text = 'production companies'::text)", "Rows Removed by Filter": 2}, {"Node Type": "Nested Loop", "Parent Relationship": "Inner", "Join Type": "Inner", "Startup Cost": 7502.06, "Total Cost": 155717.63, "Plan Rows": 829046, "Plan Width": 36, "Actual Startup Time": 0.109, "Actual Total Time": 0.353, "Actual Rows": 100, "Actual Loops": 1, "Inner Unique": false, "Plans": [{"Node Type": "Nested Loop", "Parent Relationship": "Outer", "Join Type": "Inner", "Startup Cost": 7502.06, "Total Cost": 21741.14, "Plan Rows": 345008, "Plan Width": 4, "Actual Startup Time": 0.085, "Actual Total Time": 0.091, "Actual Rows": 10, "Actual Loops": 1, "Inner Unique": false, "Plans": [{"Node Type": "Seq Scan", "Parent Relationship": "Outer", "Relation Name": "info_type", "Alias": "it", "Startup Cost": 0.0, "Total Cost": 2.4, "Plan Rows": 1, "Plan Width": 4, "Actual Startup Time": 0.049, "Actual Total Time": 0.052, "Actual Rows": 1, "Actual Loops": 1, "Filter": "((info)::text = 'bottom 10 rank'::text)", "Rows Removed by Filter": 111}, {"Node Type": "Bitmap Heap Scan", "Parent Relationship": "Inner", "Relation Name": "movie_info_idx", "Alias": "mi_idx", "Startup Cost": 7502.06, "Total Cost": 18288.66, "Plan Rows": 345008, "Plan Width": 8, "Actual Startup Time": 0.032, "Actual Total Time": 0.033, "Actual Rows": 10, "Actual Loops": 1, "Recheck Cond": "(info_type_id = it.id), (LLVM Optimized)", "Rows Removed by Index Recheck": 0, "Exact Heap Blocks": 1, "Lossy Heap Blocks": 1, "Plans": [{"Node Type": "Bitmap Index Scan", "Parent Relationship": "Outer", "Index Name": "info_type_id_movie_info_idx", "Startup Cost": 0.0, "Total Cost": 7415.81, "Plan Rows": 345008, "Plan Width": 0, "Actual Startup Time": 0.021, "Actual Total Time": 0.021, "Actual Rows": 10, "Actual Loops": 1, "Index Cond": "(info_type_id = it.id)"}]}]}, {"Node Type": "Index Scan", "Parent Relationship": "Inner", "Scan Direction": "Forward", "Index Name": "movie_id_movie_companies", "Relation Name": "movie_companies", "Alias": "mc", "Startup Cost": 0.0, "Total Cost": 0.37, "Plan Rows": 2, "Plan Width": 32, "Actual Startup Time": 0.129, "Actual Total Time": 0.225, "Actual Rows": 100, "Actual Loops": 10, "Index Cond": "(movie_id = mi_idx.movie_id)", "Rows Removed by Index Recheck": 0, "Filter": "((note)::text !~~ '%(as Metro-Goldwyn-Mayer Pictures)%'::text)", "Rows Removed by Filter": 20}]}]}, {"Node Type": "Index Scan", "Parent Relationship": "Inner", "Scan Direction": "Forward", "Index Name": "title_pkey", "Relation Name": "title", "Alias": "t", "Startup Cost": 0.0, "Total Cost": 0.34, "Plan Rows": 1, "Plan Width": 25, "Actual Startup Time": 0.044, "Actual Total Time": 0.044, "Actual Rows": 4, "Actual Loops": 5, "Index Cond": "(id = mc.movie_id)", "Rows Removed by Index Recheck": 0, "Filter": "(production_year > 2000)", "Rows Removed by Filter": 1}]}]}, "Triggers": [], "Planner Runtime": 2, "Total Runtime": 10.128, "Unique SQL Id": 2492542741}}, "(64, 113)": {"explain_plan": {"Plan": {"Node Type": "Aggregate", "Strategy": "Plain", "Startup Cost": 346310.82, "Total Cost": 346310.83, "Plan Rows": 1, "Plan Width": 113, "Plans": [{"Node Type": "Nested Loop", "Parent Relationship": "Outer", "Join Type": "Inner", "Startup Cost": 7502.06, "Total Cost": 341526.68, "Plan Rows": 637886, "Plan Width": 45, "Inner Unique": true, "Plans": [{"Node Type": "Nested Loop", "Parent Relationship": "Outer", "Join Type": "Inner", "Startup Cost": 7502.06, "Total Cost": 166104.81, "Plan Rows": 501180, "Plan Width": 32, "Inner Unique": false, "Join Filter": "(mc.company_type_id = ct.id), (LLVM Optimized)", "Plans": [{"Node Type": "Index Scan", "Parent Relationship": "Outer", "Scan Direction": "Forward", "Index Name": "company_type_pkey", "Relation Name": "company_type", "Alias": "ct", "Startup Cost": 0.0, "Total Cost": 12.3, "Plan Rows": 1, "Plan Width": 4, "Filter": "((kind)::text = 'production companies'::text)"}, {"Node Type": "Nested Loop", "Parent Relationship": "Inner", "Join Type": "Inner", "Startup Cost": 7502.06, "Total Cost": 155729.44, "Plan Rows": 829046, "Plan Width": 36, "Inner Unique": false, "Plans": [{"Node Type": "Nested Loop", "Parent Relationship": "Outer", "Join Type": "Inner", "Startup Cost": 7502.06, "Total Cost": 21752.95, "Plan Rows": 345008, "Plan Width": 4, "Inner Unique": false, "Plans": [{"Node Type": "Index Scan", "Parent Relationship": "Outer", "Scan Direction": "Forward", "Index Name": "info_type_pkey", "Relation Name": "info_type", "Alias": "it", "Startup Cost": 0.0, "Total Cost": 14.21, "Plan Rows": 1, "Plan Width": 4, "Filter": "((info)::text = 'bottom 10 rank'::text)"}, {"Node Type": "Bitmap Heap Scan", "Parent Relationship": "Inner", "Relation Name": "movie_info_idx", "Alias": "mi_idx", "Startup Cost": 7502.06, "Total Cost": 18288.66, "Plan Rows": 345008, "Plan Width": 8, "Recheck Cond": "(info_type_id = it.id), (LLVM Optimized)", "Plans": [{"Node Type": "Bitmap Index Scan", "Parent Relationship": "Outer", "Index Name": "info_type_id_movie_info_idx", "Startup Cost": 0.0, "Total Cost": 7415.81, "Plan Rows": 345008, "Plan Width": 0, "Index Cond": "(info_type_id = it.id)"}]}]}, {"Node Type": "Index Scan", "Parent Relationship": "Inner", "Scan Direction": "Forward", "Index Name": "movie_id_movie_companies", "Relation Name": "movie_companies", "Alias": "mc", "Startup Cost": 0.0, "Total Cost": 0.37, "Plan Rows": 2, "Plan Width": 32, "Index Cond": "(movie_id = mi_idx.movie_id)", "Filter": "((note)::text !~~ '%(as Metro-Goldwyn-Mayer Pictures)%'::text)"}]}]}, {"Node Type": "Index Scan", "Parent Relationship": "Inner", "Scan Direction": "Forward", "Index Name": "title_pkey", "Relation Name": "title", "Alias": "t", "Startup Cost": 0.0, "Total Cost": 0.34, "Plan Rows": 1, "Plan Width": 25, "Index Cond": "(id = mc.movie_id)", "Filter": "(production_year > 2000)"}]}]}, "Unique SQL Id": 2492542741, "Planner Runtime": 2}, "explain_analyze_plan": {"Plan": {"Node Type": "Aggregate", "Strategy": "Plain", "Startup Cost": 346310.82, "Total Cost": 346310.83, "Plan Rows": 1, "Plan Width": 113, "Actual Startup Time": 0.387, "Actual Total Time": 0.387, "Actual Rows": 1, "Actual Loops": 1, "Plans": [{"Node Type": "Nested Loop", "Parent Relationship": "Outer", "Join Type": "Inner", "Startup Cost": 7502.06, "Total Cost": 341526.68, "Plan Rows": 637886, "Plan Width": 45, "Actual Startup Time": 0.305, "Actual Total Time": 0.371, "Actual Rows": 4, "Actual Loops": 1, "Inner Unique": true, "Plans": [{"Node Type": "Nested Loop", "Parent Relationship": "Outer", "Join Type": "Inner", "Startup Cost": 7502.06, "Total Cost": 166104.81, "Plan Rows": 501180, "Plan Width": 32, "Actual Startup Time": 0.19, "Actual Total Time": 0.336, "Actual Rows": 5, "Actual Loops": 1, "Inner Unique": false, "Join Filter": "(mc.company_type_id = ct.id), (LLVM Optimized)", "Rows Removed by Join Filter": 95, "Plans": [{"Node Type": "Index Scan", "Parent Relationship": "Outer", "Scan Direction": "Forward", "Index Name": "company_type_pkey", "Relation Name": "company_type", "Alias": "ct", "Startup Cost": 0.0, "Total Cost": 12.3, "Plan Rows": 1, "Plan Width": 4, "Actual Startup Time": 0.021, "Actual Total Time": 0.024, "Actual Rows": 1, "Actual Loops": 1, "Filter": "((kind)::text = 'production companies'::text)", "Rows Removed by Filter": 2}, {"Node Type": "Nested Loop", "Parent Relationship": "Inner", "Join Type": "Inner", "Startup Cost": 7502.06, "Total Cost": 155729.44, "Plan Rows": 829046, "Plan Width": 36, "Actual Startup Time": 0.098, "Actual Total Time": 0.293, "Actual Rows": 100, "Actual Loops": 1, "Inner Unique": false, "Plans": [{"Node Type": "Nested Loop", "Parent Relationship": "Outer", "Join Type": "Inner", "Startup Cost": 7502.06, "Total Cost": 21752.95, "Plan Rows": 345008, "Plan Width": 4, "Actual Startup Time": 0.083, "Actual Total Time": 0.088, "Actual Rows": 10, "Actual Loops": 1, "Inner Unique": false, "Plans": [{"Node Type": "Index Scan", "Parent Relationship": "Outer", "Scan Direction": "Forward", "Index Name": "info_type_pkey", "Relation Name": "info_type", "Alias": "it", "Startup Cost": 0.0, "Total Cost": 14.21, "Plan Rows": 1, "Plan Width": 4, "Actual Startup Time": 0.06, "Actual Total Time": 0.062, "Actual Rows": 1, "Actual Loops": 1, "Filter": "((info)::text = 'bottom 10 rank'::text)", "Rows Removed by Filter": 111}, {"Node Type": "Bitmap Heap Scan", "Parent Relationship": "Inner", "Relation Name": "movie_info_idx", "Alias": "mi_idx", "Startup Cost": 7502.06, "Total Cost": 18288.66, "Plan Rows": 345008, "Plan Width": 8, "Actual Startup Time": 0.019, "Actual Total Time": 0.02, "Actual Rows": 10, "Actual Loops": 1, "Recheck Cond": "(info_type_id = it.id), (LLVM Optimized)", "Rows Removed by Index Recheck": 0, "Exact Heap Blocks": 1, "Lossy Heap Blocks": 1, "Plans": [{"Node Type": "Bitmap Index Scan", "Parent Relationship": "Outer", "Index Name": "info_type_id_movie_info_idx", "Startup Cost": 0.0, "Total Cost": 7415.81, "Plan Rows": 345008, "Plan Width": 0, "Actual Startup Time": 0.012, "Actual Total Time": 0.012, "Actual Rows": 10, "Actual Loops": 1, "Index Cond": "(info_type_id = it.id)"}]}]}, {"Node Type": "Index Scan", "Parent Relationship": "Inner", "Scan Direction": "Forward", "Index Name": "movie_id_movie_companies", "Relation Name": "movie_companies", "Alias": "mc", "Startup Cost": 0.0, "Total Cost": 0.37, "Plan Rows": 2, "Plan Width": 32, "Actual Startup Time": 0.08, "Actual Total Time": 0.173, "Actual Rows": 100, "Actual Loops": 10, "Index Cond": "(movie_id = mi_idx.movie_id)", "Rows Removed by Index Recheck": 0, "Filter": "((note)::text !~~ '%(as Metro-Goldwyn-Mayer Pictures)%'::text)", "Rows Removed by Filter": 20}]}]}, {"Node Type": "Index Scan", "Parent Relationship": "Inner", "Scan Direction": "Forward", "Index Name": "title_pkey", "Relation Name": "title", "Alias": "t", "Startup Cost": 0.0, "Total Cost": 0.34, "Plan Rows": 1, "Plan Width": 25, "Actual Startup Time": 0.031, "Actual Total Time": 0.031, "Actual Rows": 4, "Actual Loops": 5, "Index Cond": "(id = mc.movie_id)", "Rows Removed by Index Recheck": 0, "Filter": "(production_year > 2000)", "Rows Removed by Filter": 1}]}]}, "Triggers": [], "Planner Runtime": 2, "Total Runtime": 10.052, "Unique SQL Id": 2492542741}}, "(64, 114)": {"explain_plan": {"Plan": {"Node Type": "Aggregate", "Strategy": "Plain", "Startup Cost": 3487396.95, "Total Cost": 3487396.96, "Plan Rows": 1, "Plan Width": 113, "Plans": [{"Node Type": "Nested Loop", "Parent Relationship": "Outer", "Join Type": "Inner", "Startup Cost": 0.58, "Total Cost": 3482612.8, "Plan Rows": 637886, "Plan Width": 45, "Inner Unique": false, "Join Filter": "(mc.company_type_id = ct.id), (LLVM Optimized)", "Plans": [{"Node Type": "Seq Scan", "Parent Relationship": "Outer", "Relation Name": "company_type", "Alias": "ct", "Startup Cost": 0.0, "Total Cost": 1.04, "Plan Rows": 1, "Plan Width": 4, "Filter": "((kind)::text = 'production companies'::text)"}, {"Node Type": "Nested Loop", "Parent Relationship": "Inner", "Join Type": "Inner", "Startup Cost": 0.58, "Total Cost": 3469421.97, "Plan Rows": 1055184, "Plan Width": 49, "Inner Unique": false, "Plans": [{"Node Type": "Nested Loop", "Parent Relationship": "Outer", "Join Type": "Inner", "Startup Cost": 0.28, "Total Cost": 1524363.16, "Plan Rows": 447839, "Plan Width": 29, "Inner Unique": true, "Plans": [{"Node Type": "Nested Loop", "Parent Relationship": "Outer", "Join Type": "Inner", "Startup Cost": 0.0, "Total Cost": 37527.17, "Plan Rows": 345008, "Plan Width": 4, "Inner Unique": false, "Join Filter": "(it.id = mi_idx.info_type_id), (LLVM Optimized)", "Plans": [{"Node Type": "Seq Scan", "Parent Relationship": "Outer", "Relation Name": "info_type", "Alias": "it", "Startup Cost": 0.0, "Total Cost": 2.4, "Plan Rows": 1, "Plan Width": 4, "Filter": "((info)::text = 'bottom 10 rank'::text)"}, {"Node Type": "Seq Scan", "Parent Relationship": "Inner", "Relation Name": "movie_info_idx", "Alias": "mi_idx", "Startup Cost": 0.0, "Total Cost": 20274.34, "Plan Rows": 1380034, "Plan Width": 8}]}, {"Node Type": "Bitmap Heap Scan", "Parent Relationship": "Inner", "Relation Name": "title", "Alias": "t", "Startup Cost": 0.28, "Total Cost": 4.3, "Plan Rows": 1, "Plan Width": 25, "Recheck Cond": "(id = mi_idx.movie_id)", "Filter": "(production_year > 2000)", "Plans": [{"Node Type": "Bitmap Index Scan", "Parent Relationship": "Outer", "Index Name": "title_pkey", "Startup Cost": 0.0, "Total Cost": 0.28, "Plan Rows": 1, "Plan Width": 0, "Index Cond": "(id = mi_idx.movie_id)"}]}]}, {"Node Type": "Bitmap Heap Scan", "Parent Relationship": "Inner", "Relation Name": "movie_companies", "Alias": "mc", "Startup Cost": 0.29, "Total Cost": 4.32, "Plan Rows": 2, "Plan Width": 32, "Recheck Cond": "(movie_id = t.id)", "Filter": "((note)::text !~~ '%(as Metro-Goldwyn-Mayer Pictures)%'::text)", "Plans": [{"Node Type": "Bitmap Index Scan", "Parent Relationship": "Outer", "Index Name": "movie_id_movie_companies", "Startup Cost": 0.0, "Total Cost": 0.29, "Plan Rows": 2, "Plan Width": 0, "Index Cond": "(movie_id = t.id)"}]}]}]}]}, "Unique SQL Id": 2492542741, "Planner Runtime": 3}, "explain_analyze_plan": {"Plan": {"Node Type": "Aggregate", "Strategy": "Plain", "Startup Cost": 3487396.95, "Total Cost": 3487396.96, "Plan Rows": 1, "Plan Width": 113, "Actual Startup Time": 584.862, "Actual Total Time": 584.863, "Actual Rows": 1, "Actual Loops": 1, "Plans": [{"Node Type": "Nested Loop", "Parent Relationship": "Outer", "Join Type": "Inner", "Startup Cost": 0.58, "Total Cost": 3482612.8, "Plan Rows": 637886, "Plan Width": 45, "Actual Startup Time": 584.759, "Actual Total Time": 584.838, "Actual Rows": 4, "Actual Loops": 1, "Inner Unique": false, "Join Filter": "(mc.company_type_id = ct.id), (LLVM Optimized, Jit Execute)", "Rows Removed by Join Filter": 74, "Plans": [{"Node Type": "Seq Scan", "Parent Relationship": "Outer", "Relation Name": "company_type", "Alias": "ct", "Startup Cost": 0.0, "Total Cost": 1.04, "Plan Rows": 1, "Plan Width": 4, "Actual Startup Time": 0.018, "Actual Total Time": 0.023, "Actual Rows": 1, "Actual Loops": 1, "Filter": "((kind)::text = 'production companies'::text)", "Rows Removed by Filter": 2}, {"Node Type": "Nested Loop", "Parent Relationship": "Inner", "Join Type": "Inner", "Startup Cost": 0.58, "Total Cost": 3469421.97, "Plan Rows": 1055184, "Plan Width": 49, "Actual Startup Time": 584.506, "Actual Total Time": 584.789, "Actual Rows": 78, "Actual Loops": 1, "Inner Unique": false, "Plans": [{"Node Type": "Nested Loop", "Parent Relationship": "Outer", "Join Type": "Inner", "Startup Cost": 0.28, "Total Cost": 1524363.16, "Plan Rows": 447839, "Plan Width": 29, "Actual Startup Time": 584.449, "Actual Total Time": 584.566, "Actual Rows": 6, "Actual Loops": 1, "Inner Unique": true, "Plans": [{"Node Type": "Nested Loop", "Parent Relationship": "Outer", "Join Type": "Inner", "Startup Cost": 0.0, "Total Cost": 37527.17, "Plan Rows": 345008, "Plan Width": 4, "Actual Startup Time": 584.357, "Actual Total Time": 584.375, "Actual Rows": 10, "Actual Loops": 1, "Inner Unique": false, "Join Filter": "(it.id = mi_idx.info_type_id), (LLVM Optimized, Jit Execute)", "Rows Removed by Join Filter": 1380024, "Plans": [{"Node Type": "Seq Scan", "Parent Relationship": "Outer", "Relation Name": "info_type", "Alias": "it", "Startup Cost": 0.0, "Total Cost": 2.4, "Plan Rows": 1, "Plan Width": 4, "Actual Startup Time": 0.048, "Actual Total Time": 0.055, "Actual Rows": 1, "Actual Loops": 1, "Filter": "((info)::text = 'bottom 10 rank'::text)", "Rows Removed by Filter": 111}, {"Node Type": "Seq Scan", "Parent Relationship": "Inner", "Relation Name": "movie_info_idx", "Alias": "mi_idx", "Startup Cost": 0.0, "Total Cost": 20274.34, "Plan Rows": 1380034, "Plan Width": 8, "Actual Startup Time": 0.034, "Actual Total Time": 296.727, "Actual Rows": 1380034, "Actual Loops": 1}]}, {"Node Type": "Bitmap Heap Scan", "Parent Relationship": "Inner", "Relation Name": "title", "Alias": "t", "Startup Cost": 0.28, "Total Cost": 4.3, "Plan Rows": 1, "Plan Width": 25, "Actual Startup Time": 0.16, "Actual Total Time": 0.16, "Actual Rows": 6, "Actual Loops": 10, "Recheck Cond": "(id = mi_idx.movie_id)", "Rows Removed by Index Recheck": 0, "Filter": "(production_year > 2000)", "Rows Removed by Filter": 4, "Exact Heap Blocks": 10, "Lossy Heap Blocks": 10, "Plans": [{"Node Type": "Bitmap Index Scan", "Parent Relationship": "Outer", "Index Name": "title_pkey", "Startup Cost": 0.0, "Total Cost": 0.28, "Plan Rows": 1, "Plan Width": 0, "Actual Startup Time": 0.102, "Actual Total Time": 0.102, "Actual Rows": 10, "Actual Loops": 10, "Index Cond": "(id = mi_idx.movie_id)"}]}]}, {"Node Type": "Bitmap Heap Scan", "Parent Relationship": "Inner", "Relation Name": "movie_companies", "Alias": "mc", "Startup Cost": 0.29, "Total Cost": 4.32, "Plan Rows": 2, "Plan Width": 32, "Actual Startup Time": 0.135, "Actual Total Time": 0.193, "Actual Rows": 78, "Actual Loops": 6, "Recheck Cond": "(movie_id = t.id)", "Rows Removed by Index Recheck": 0, "Filter": "((note)::text !~~ '%(as Metro-Goldwyn-Mayer Pictures)%'::text)", "Rows Removed by Filter": 15, "Exact Heap Blocks": 13, "Lossy Heap Blocks": 13, "Plans": [{"Node Type": "Bitmap Index Scan", "Parent Relationship": "Outer", "Index Name": "movie_id_movie_companies", "Startup Cost": 0.0, "Total Cost": 0.29, "Plan Rows": 2, "Plan Width": 0, "Actual Startup Time": 0.072, "Actual Total Time": 0.072, "Actual Rows": 93, "Actual Loops": 6, "Index Cond": "(movie_id = t.id)"}]}]}]}]}, "Triggers": [], "Planner Runtime": 3, "Total Runtime": 594.602, "Unique SQL Id": 2492542741}}, "(64, 115)": {"explain_plan": {"Plan": {"Node Type": "Aggregate", "Strategy": "Plain", "Startup Cost": 3471634.0, "Total Cost": 3471634.01, "Plan Rows": 1, "Plan Width": 113, "Plans": [{"Node Type": "Nested Loop", "Parent Relationship": "Outer", "Join Type": "Inner", "Startup Cost": 7519.72, "Total Cost": 3466849.86, "Plan Rows": 637886, "Plan Width": 45, "Inner Unique": false, "Join Filter": "(mc.company_type_id = ct.id), (LLVM Optimized)", "Plans": [{"Node Type": "Bitmap Heap Scan", "Parent Relationship": "Outer", "Relation Name": "company_type", "Alias": "ct", "Startup Cost": 8.27, "Total Cost": 12.3, "Plan Rows": 1, "Plan Width": 4, "Filter": "((kind)::text = 'production companies'::text)", "Plans": [{"Node Type": "Bitmap Index Scan", "Parent Relationship": "Outer", "Index Name": "company_type_pkey", "Startup Cost": 0.0, "Total Cost": 8.27, "Plan Rows": 3, "Plan Width": 0}]}, {"Node Type": "Nested Loop", "Parent Relationship": "Inner", "Join Type": "Inner", "Startup Cost": 7511.45, "Total Cost": 3453647.75, "Plan Rows": 1055184, "Plan Width": 49, "Inner Unique": false, "Plans": [{"Node Type": "Nested Loop", "Parent Relationship": "Outer", "Join Type": "Inner", "Startup Cost": 7511.16, "Total Cost": 1508588.95, "Plan Rows": 447839, "Plan Width": 29, "Inner Unique": true, "Plans": [{"Node Type": "Nested Loop", "Parent Relationship": "Outer", "Join Type": "Inner", "Startup Cost": 7510.87, "Total Cost": 21752.95, "Plan Rows": 345008, "Plan Width": 4, "Inner Unique": false, "Plans": [{"Node Type": "Bitmap Heap Scan", "Parent Relationship": "Outer", "Relation Name": "info_type", "Alias": "it", "Startup Cost": 8.81, "Total Cost": 14.21, "Plan Rows": 1, "Plan Width": 4, "Filter": "((info)::text = 'bottom 10 rank'::text)", "Plans": [{"Node Type": "Bitmap Index Scan", "Parent Relationship": "Outer", "Index Name": "info_type_pkey", "Startup Cost": 0.0, "Total Cost": 8.81, "Plan Rows": 112, "Plan Width": 0}]}, {"Node Type": "Bitmap Heap Scan", "Parent Relationship": "Inner", "Relation Name": "movie_info_idx", "Alias": "mi_idx", "Startup Cost": 7502.06, "Total Cost": 18288.66, "Plan Rows": 345008, "Plan Width": 8, "Recheck Cond": "(info_type_id = it.id), (LLVM Optimized)", "Plans": [{"Node Type": "Bitmap Index Scan", "Parent Relationship": "Outer", "Index Name": "info_type_id_movie_info_idx", "Startup Cost": 0.0, "Total Cost": 7415.81, "Plan Rows": 345008, "Plan Width": 0, "Index Cond": "(info_type_id = it.id)"}]}]}, {"Node Type": "Bitmap Heap Scan", "Parent Relationship": "Inner", "Relation Name": "title", "Alias": "t", "Startup Cost": 0.28, "Total Cost": 4.3, "Plan Rows": 1, "Plan Width": 25, "Recheck Cond": "(id = mi_idx.movie_id)", "Filter": "(production_year > 2000)", "Plans": [{"Node Type": "Bitmap Index Scan", "Parent Relationship": "Outer", "Index Name": "title_pkey", "Startup Cost": 0.0, "Total Cost": 0.28, "Plan Rows": 1, "Plan Width": 0, "Index Cond": "(id = mi_idx.movie_id)"}]}]}, {"Node Type": "Bitmap Heap Scan", "Parent Relationship": "Inner", "Relation Name": "movie_companies", "Alias": "mc", "Startup Cost": 0.29, "Total Cost": 4.32, "Plan Rows": 2, "Plan Width": 32, "Recheck Cond": "(movie_id = t.id)", "Filter": "((note)::text !~~ '%(as Metro-Goldwyn-Mayer Pictures)%'::text)", "Plans": [{"Node Type": "Bitmap Index Scan", "Parent Relationship": "Outer", "Index Name": "movie_id_movie_companies", "Startup Cost": 0.0, "Total Cost": 0.29, "Plan Rows": 2, "Plan Width": 0, "Index Cond": "(movie_id = t.id)"}]}]}]}]}, "Unique SQL Id": 2492542741, "Planner Runtime": 2}, "explain_analyze_plan": {"Plan": {"Node Type": "Aggregate", "Strategy": "Plain", "Startup Cost": 3471634.0, "Total Cost": 3471634.01, "Plan Rows": 1, "Plan Width": 113, "Actual Startup Time": 0.439, "Actual Total Time": 0.439, "Actual Rows": 1, "Actual Loops": 1, "Plans": [{"Node Type": "Nested Loop", "Parent Relationship": "Outer", "Join Type": "Inner", "Startup Cost": 7519.72, "Total Cost": 3466849.86, "Plan Rows": 637886, "Plan Width": 45, "Actual Startup Time": 0.366, "Actual Total Time": 0.425, "Actual Rows": 4, "Actual Loops": 1, "Inner Unique": false, "Join Filter": "(mc.company_type_id = ct.id), (LLVM Optimized)", "Rows Removed by Join Filter": 74, "Plans": [{"Node Type": "Bitmap Heap Scan", "Parent Relationship": "Outer", "Relation Name": "company_type", "Alias": "ct", "Startup Cost": 8.27, "Total Cost": 12.3, "Plan Rows": 1, "Plan Width": 4, "Actual Startup Time": 0.03, "Actual Total Time": 0.031, "Actual Rows": 1, "Actual Loops": 1, "Filter": "((kind)::text = 'production companies'::text)", "Rows Removed by Filter": 2, "Exact Heap Blocks": 1, "Lossy Heap Blocks": 1, "Plans": [{"Node Type": "Bitmap Index Scan", "Parent Relationship": "Outer", "Index Name": "company_type_pkey", "Startup Cost": 0.0, "Total Cost": 8.27, "Plan Rows": 3, "Plan Width": 0, "Actual Startup Time": 0.01, "Actual Total Time": 0.01, "Actual Rows": 3, "Actual Loops": 1}]}, {"Node Type": "Nested Loop", "Parent Relationship": "Inner", "Join Type": "Inner", "Startup Cost": 7511.45, "Total Cost": 3453647.75, "Plan Rows": 1055184, "Plan Width": 49, "Actual Startup Time": 0.142, "Actual Total Time": 0.37, "Actual Rows": 78, "Actual Loops": 1, "Inner Unique": false, "Plans": [{"Node Type": "Nested Loop", "Parent Relationship": "Outer", "Join Type": "Inner", "Startup Cost": 7511.16, "Total Cost": 1508588.95, "Plan Rows": 447839, "Plan Width": 29, "Actual Startup Time": 0.114, "Actual Total Time": 0.197, "Actual Rows": 6, "Actual Loops": 1, "Inner Unique": true, "Plans": [{"Node Type": "Nested Loop", "Parent Relationship": "Outer", "Join Type": "Inner", "Startup Cost": 7510.87, "Total Cost": 21752.95, "Plan Rows": 345008, "Plan Width": 4, "Actual Startup Time": 0.085, "Actual Total Time": 0.092, "Actual Rows": 10, "Actual Loops": 1, "Inner Unique": false, "Plans": [{"Node Type": "Bitmap Heap Scan", "Parent Relationship": "Outer", "Relation Name": "info_type", "Alias": "it", "Startup Cost": 8.81, "Total Cost": 14.21, "Plan Rows": 1, "Plan Width": 4, "Actual Startup Time": 0.058, "Actual Total Time": 0.058, "Actual Rows": 1, "Actual Loops": 1, "Filter": "((info)::text = 'bottom 10 rank'::text)", "Rows Removed by Filter": 111, "Exact Heap Blocks": 1, "Lossy Heap Blocks": 1, "Plans": [{"Node Type": "Bitmap Index Scan", "Parent Relationship": "Outer", "Index Name": "info_type_pkey", "Startup Cost": 0.0, "Total Cost": 8.81, "Plan Rows": 112, "Plan Width": 0, "Actual Startup Time": 0.01, "Actual Total Time": 0.01, "Actual Rows": 112, "Actual Loops": 1}]}, {"Node Type": "Bitmap Heap Scan", "Parent Relationship": "Inner", "Relation Name": "movie_info_idx", "Alias": "mi_idx", "Startup Cost": 7502.06, "Total Cost": 18288.66, "Plan Rows": 345008, "Plan Width": 8, "Actual Startup Time": 0.023, "Actual Total Time": 0.025, "Actual Rows": 10, "Actual Loops": 1, "Recheck Cond": "(info_type_id = it.id), (LLVM Optimized)", "Rows Removed by Index Recheck": 0, "Exact Heap Blocks": 1, "Lossy Heap Blocks": 1, "Plans": [{"Node Type": "Bitmap Index Scan", "Parent Relationship": "Outer", "Index Name": "info_type_id_movie_info_idx", "Startup Cost": 0.0, "Total Cost": 7415.81, "Plan Rows": 345008, "Plan Width": 0, "Actual Startup Time": 0.012, "Actual Total Time": 0.012, "Actual Rows": 10, "Actual Loops": 1, "Index Cond": "(info_type_id = it.id)"}]}]}, {"Node Type": "Bitmap Heap Scan", "Parent Relationship": "Inner", "Relation Name": "title", "Alias": "t", "Startup Cost": 0.28, "Total Cost": 4.3, "Plan Rows": 1, "Plan Width": 25, "Actual Startup Time": 0.09, "Actual Total Time": 0.09, "Actual Rows": 6, "Actual Loops": 10, "Recheck Cond": "(id = mi_idx.movie_id)", "Rows Removed by Index Recheck": 0, "Filter": "(production_year > 2000)", "Rows Removed by Filter": 4, "Exact Heap Blocks": 10, "Lossy Heap Blocks": 10, "Plans": [{"Node Type": "Bitmap Index Scan", "Parent Relationship": "Outer", "Index Name": "title_pkey", "Startup Cost": 0.0, "Total Cost": 0.28, "Plan Rows": 1, "Plan Width": 0, "Actual Startup Time": 0.057, "Actual Total Time": 0.057, "Actual Rows": 10, "Actual Loops": 10, "Index Cond": "(id = mi_idx.movie_id)"}]}]}, {"Node Type": "Bitmap Heap Scan", "Parent Relationship": "Inner", "Relation Name": "movie_companies", "Alias": "mc", "Startup Cost": 0.29, "Total Cost": 4.32, "Plan Rows": 2, "Plan Width": 32, "Actual Startup Time": 0.096, "Actual Total Time": 0.147, "Actual Rows": 78, "Actual Loops": 6, "Recheck Cond": "(movie_id = t.id)", "Rows Removed by Index Recheck": 0, "Filter": "((note)::text !~~ '%(as Metro-Goldwyn-Mayer Pictures)%'::text)", "Rows Removed by Filter": 15, "Exact Heap Blocks": 13, "Lossy Heap Blocks": 13, "Plans": [{"Node Type": "Bitmap Index Scan", "Parent Relationship": "Outer", "Index Name": "movie_id_movie_companies", "Startup Cost": 0.0, "Total Cost": 0.29, "Plan Rows": 2, "Plan Width": 0, "Actual Startup Time": 0.048, "Actual Total Time": 0.048, "Actual Rows": 93, "Actual Loops": 6, "Index Cond": "(movie_id = t.id)"}]}]}]}]}, "Triggers": [], "Planner Runtime": 2, "Total Runtime": 10.112, "Unique SQL Id": 2492542741}}, "(64, 116)": {"explain_plan": {"Plan": {"Node Type": "Aggregate", "Strategy": "Plain", "Startup Cost": 346287.75, "Total Cost": 346287.76, "Plan Rows": 1, "Plan Width": 113, "Plans": [{"Node Type": "Nested Loop", "Parent Relationship": "Outer", "Join Type": "Inner", "Startup Cost": 7502.06, "Total Cost": 341503.6, "Plan Rows": 637886, "Plan Width": 45, "Inner Unique": true, "Plans": [{"Node Type": "Nested Loop", "Parent Relationship": "Outer", "Join Type": "Inner", "Startup Cost": 7502.06, "Total Cost": 166081.74, "Plan Rows": 501180, "Plan Width": 32, "Inner Unique": false, "Join Filter": "(mc.company_type_id = ct.id), (LLVM Optimized)", "Plans": [{"Node Type": "Seq Scan", "Parent Relationship": "Outer", "Relation Name": "company_type", "Alias": "ct", "Startup Cost": 0.0, "Total Cost": 1.04, "Plan Rows": 1, "Plan Width": 4, "Filter": "((kind)::text = 'production companies'::text)"}, {"Node Type": "Nested Loop", "Parent Relationship": "Inner", "Join Type": "Inner", "Startup Cost": 7502.06, "Total Cost": 155717.63, "Plan Rows": 829046, "Plan Width": 36, "Inner Unique": false, "Plans": [{"Node Type": "Nested Loop", "Parent Relationship": "Outer", "Join Type": "Inner", "Startup Cost": 7502.06, "Total Cost": 21741.14, "Plan Rows": 345008, "Plan Width": 4, "Inner Unique": false, "Plans": [{"Node Type": "Seq Scan", "Parent Relationship": "Outer", "Relation Name": "info_type", "Alias": "it", "Startup Cost": 0.0, "Total Cost": 2.4, "Plan Rows": 1, "Plan Width": 4, "Filter": "((info)::text = 'bottom 10 rank'::text)"}, {"Node Type": "Bitmap Heap Scan", "Parent Relationship": "Inner", "Relation Name": "movie_info_idx", "Alias": "mi_idx", "Startup Cost": 7502.06, "Total Cost": 18288.66, "Plan Rows": 345008, "Plan Width": 8, "Recheck Cond": "(info_type_id = it.id), (LLVM Optimized)", "Plans": [{"Node Type": "Bitmap Index Scan", "Parent Relationship": "Outer", "Index Name": "info_type_id_movie_info_idx", "Startup Cost": 0.0, "Total Cost": 7415.81, "Plan Rows": 345008, "Plan Width": 0, "Index Cond": "(info_type_id = it.id)"}]}]}, {"Node Type": "Index Scan", "Parent Relationship": "Inner", "Scan Direction": "Forward", "Index Name": "movie_id_movie_companies", "Relation Name": "movie_companies", "Alias": "mc", "Startup Cost": 0.0, "Total Cost": 0.37, "Plan Rows": 2, "Plan Width": 32, "Index Cond": "(movie_id = mi_idx.movie_id)", "Filter": "((note)::text !~~ '%(as Metro-Goldwyn-Mayer Pictures)%'::text)"}]}]}, {"Node Type": "Index Scan", "Parent Relationship": "Inner", "Scan Direction": "Forward", "Index Name": "title_pkey", "Relation Name": "title", "Alias": "t", "Startup Cost": 0.0, "Total Cost": 0.34, "Plan Rows": 1, "Plan Width": 25, "Index Cond": "(id = mc.movie_id)", "Filter": "(production_year > 2000)"}]}]}, "Unique SQL Id": 2492542741, "Planner Runtime": 2}, "explain_analyze_plan": {"Plan": {"Node Type": "Aggregate", "Strategy": "Plain", "Startup Cost": 346287.75, "Total Cost": 346287.76, "Plan Rows": 1, "Plan Width": 113, "Actual Startup Time": 0.476, "Actual Total Time": 0.476, "Actual Rows": 1, "Actual Loops": 1, "Plans": [{"Node Type": "Nested Loop", "Parent Relationship": "Outer", "Join Type": "Inner", "Startup Cost": 7502.06, "Total Cost": 341503.6, "Plan Rows": 637886, "Plan Width": 45, "Actual Startup Time": 0.372, "Actual Total Time": 0.452, "Actual Rows": 4, "Actual Loops": 1, "Inner Unique": true, "Plans": [{"Node Type": "Nested Loop", "Parent Relationship": "Outer", "Join Type": "Inner", "Startup Cost": 7502.06, "Total Cost": 166081.74, "Plan Rows": 501180, "Plan Width": 32, "Actual Startup Time": 0.225, "Actual Total Time": 0.402, "Actual Rows": 5, "Actual Loops": 1, "Inner Unique": false, "Join Filter": "(mc.company_type_id = ct.id), (LLVM Optimized)", "Rows Removed by Join Filter": 95, "Plans": [{"Node Type": "Seq Scan", "Parent Relationship": "Outer", "Relation Name": "company_type", "Alias": "ct", "Startup Cost": 0.0, "Total Cost": 1.04, "Plan Rows": 1, "Plan Width": 4, "Actual Startup Time": 0.021, "Actual Total Time": 0.022, "Actual Rows": 1, "Actual Loops": 1, "Filter": "((kind)::text = 'production companies'::text)", "Rows Removed by Filter": 2}, {"Node Type": "Nested Loop", "Parent Relationship": "Inner", "Join Type": "Inner", "Startup Cost": 7502.06, "Total Cost": 155717.63, "Plan Rows": 829046, "Plan Width": 36, "Actual Startup Time": 0.109, "Actual Total Time": 0.353, "Actual Rows": 100, "Actual Loops": 1, "Inner Unique": false, "Plans": [{"Node Type": "Nested Loop", "Parent Relationship": "Outer", "Join Type": "Inner", "Startup Cost": 7502.06, "Total Cost": 21741.14, "Plan Rows": 345008, "Plan Width": 4, "Actual Startup Time": 0.085, "Actual Total Time": 0.091, "Actual Rows": 10, "Actual Loops": 1, "Inner Unique": false, "Plans": [{"Node Type": "Seq Scan", "Parent Relationship": "Outer", "Relation Name": "info_type", "Alias": "it", "Startup Cost": 0.0, "Total Cost": 2.4, "Plan Rows": 1, "Plan Width": 4, "Actual Startup Time": 0.049, "Actual Total Time": 0.052, "Actual Rows": 1, "Actual Loops": 1, "Filter": "((info)::text = 'bottom 10 rank'::text)", "Rows Removed by Filter": 111}, {"Node Type": "Bitmap Heap Scan", "Parent Relationship": "Inner", "Relation Name": "movie_info_idx", "Alias": "mi_idx", "Startup Cost": 7502.06, "Total Cost": 18288.66, "Plan Rows": 345008, "Plan Width": 8, "Actual Startup Time": 0.032, "Actual Total Time": 0.033, "Actual Rows": 10, "Actual Loops": 1, "Recheck Cond": "(info_type_id = it.id), (LLVM Optimized)", "Rows Removed by Index Recheck": 0, "Exact Heap Blocks": 1, "Lossy Heap Blocks": 1, "Plans": [{"Node Type": "Bitmap Index Scan", "Parent Relationship": "Outer", "Index Name": "info_type_id_movie_info_idx", "Startup Cost": 0.0, "Total Cost": 7415.81, "Plan Rows": 345008, "Plan Width": 0, "Actual Startup Time": 0.021, "Actual Total Time": 0.021, "Actual Rows": 10, "Actual Loops": 1, "Index Cond": "(info_type_id = it.id)"}]}]}, {"Node Type": "Index Scan", "Parent Relationship": "Inner", "Scan Direction": "Forward", "Index Name": "movie_id_movie_companies", "Relation Name": "movie_companies", "Alias": "mc", "Startup Cost": 0.0, "Total Cost": 0.37, "Plan Rows": 2, "Plan Width": 32, "Actual Startup Time": 0.129, "Actual Total Time": 0.225, "Actual Rows": 100, "Actual Loops": 10, "Index Cond": "(movie_id = mi_idx.movie_id)", "Rows Removed by Index Recheck": 0, "Filter": "((note)::text !~~ '%(as Metro-Goldwyn-Mayer Pictures)%'::text)", "Rows Removed by Filter": 20}]}]}, {"Node Type": "Index Scan", "Parent Relationship": "Inner", "Scan Direction": "Forward", "Index Name": "title_pkey", "Relation Name": "title", "Alias": "t", "Startup Cost": 0.0, "Total Cost": 0.34, "Plan Rows": 1, "Plan Width": 25, "Actual Startup Time": 0.044, "Actual Total Time": 0.044, "Actual Rows": 4, "Actual Loops": 5, "Index Cond": "(id = mc.movie_id)", "Rows Removed by Index Recheck": 0, "Filter": "(production_year > 2000)", "Rows Removed by Filter": 1}]}]}, "Triggers": [], "Planner Runtime": 2, "Total Runtime": 10.128, "Unique SQL Id": 2492542741}}, "(64, 117)": {"explain_plan": {"Plan": {"Node Type": "Aggregate", "Strategy": "Plain", "Startup Cost": 346310.82, "Total Cost": 346310.83, "Plan Rows": 1, "Plan Width": 113, "Plans": [{"Node Type": "Nested Loop", "Parent Relationship": "Outer", "Join Type": "Inner", "Startup Cost": 7502.06, "Total Cost": 341526.68, "Plan Rows": 637886, "Plan Width": 45, "Inner Unique": true, "Plans": [{"Node Type": "Nested Loop", "Parent Relationship": "Outer", "Join Type": "Inner", "Startup Cost": 7502.06, "Total Cost": 166104.81, "Plan Rows": 501180, "Plan Width": 32, "Inner Unique": false, "Join Filter": "(mc.company_type_id = ct.id), (LLVM Optimized)", "Plans": [{"Node Type": "Index Scan", "Parent Relationship": "Outer", "Scan Direction": "Forward", "Index Name": "company_type_pkey", "Relation Name": "company_type", "Alias": "ct", "Startup Cost": 0.0, "Total Cost": 12.3, "Plan Rows": 1, "Plan Width": 4, "Filter": "((kind)::text = 'production companies'::text)"}, {"Node Type": "Nested Loop", "Parent Relationship": "Inner", "Join Type": "Inner", "Startup Cost": 7502.06, "Total Cost": 155729.44, "Plan Rows": 829046, "Plan Width": 36, "Inner Unique": false, "Plans": [{"Node Type": "Nested Loop", "Parent Relationship": "Outer", "Join Type": "Inner", "Startup Cost": 7502.06, "Total Cost": 21752.95, "Plan Rows": 345008, "Plan Width": 4, "Inner Unique": false, "Plans": [{"Node Type": "Index Scan", "Parent Relationship": "Outer", "Scan Direction": "Forward", "Index Name": "info_type_pkey", "Relation Name": "info_type", "Alias": "it", "Startup Cost": 0.0, "Total Cost": 14.21, "Plan Rows": 1, "Plan Width": 4, "Filter": "((info)::text = 'bottom 10 rank'::text)"}, {"Node Type": "Bitmap Heap Scan", "Parent Relationship": "Inner", "Relation Name": "movie_info_idx", "Alias": "mi_idx", "Startup Cost": 7502.06, "Total Cost": 18288.66, "Plan Rows": 345008, "Plan Width": 8, "Recheck Cond": "(info_type_id = it.id), (LLVM Optimized)", "Plans": [{"Node Type": "Bitmap Index Scan", "Parent Relationship": "Outer", "Index Name": "info_type_id_movie_info_idx", "Startup Cost": 0.0, "Total Cost": 7415.81, "Plan Rows": 345008, "Plan Width": 0, "Index Cond": "(info_type_id = it.id)"}]}]}, {"Node Type": "Index Scan", "Parent Relationship": "Inner", "Scan Direction": "Forward", "Index Name": "movie_id_movie_companies", "Relation Name": "movie_companies", "Alias": "mc", "Startup Cost": 0.0, "Total Cost": 0.37, "Plan Rows": 2, "Plan Width": 32, "Index Cond": "(movie_id = mi_idx.movie_id)", "Filter": "((note)::text !~~ '%(as Metro-Goldwyn-Mayer Pictures)%'::text)"}]}]}, {"Node Type": "Index Scan", "Parent Relationship": "Inner", "Scan Direction": "Forward", "Index Name": "title_pkey", "Relation Name": "title", "Alias": "t", "Startup Cost": 0.0, "Total Cost": 0.34, "Plan Rows": 1, "Plan Width": 25, "Index Cond": "(id = mc.movie_id)", "Filter": "(production_year > 2000)"}]}]}, "Unique SQL Id": 2492542741, "Planner Runtime": 2}, "explain_analyze_plan": {"Plan": {"Node Type": "Aggregate", "Strategy": "Plain", "Startup Cost": 346310.82, "Total Cost": 346310.83, "Plan Rows": 1, "Plan Width": 113, "Actual Startup Time": 0.387, "Actual Total Time": 0.387, "Actual Rows": 1, "Actual Loops": 1, "Plans": [{"Node Type": "Nested Loop", "Parent Relationship": "Outer", "Join Type": "Inner", "Startup Cost": 7502.06, "Total Cost": 341526.68, "Plan Rows": 637886, "Plan Width": 45, "Actual Startup Time": 0.305, "Actual Total Time": 0.371, "Actual Rows": 4, "Actual Loops": 1, "Inner Unique": true, "Plans": [{"Node Type": "Nested Loop", "Parent Relationship": "Outer", "Join Type": "Inner", "Startup Cost": 7502.06, "Total Cost": 166104.81, "Plan Rows": 501180, "Plan Width": 32, "Actual Startup Time": 0.19, "Actual Total Time": 0.336, "Actual Rows": 5, "Actual Loops": 1, "Inner Unique": false, "Join Filter": "(mc.company_type_id = ct.id), (LLVM Optimized)", "Rows Removed by Join Filter": 95, "Plans": [{"Node Type": "Index Scan", "Parent Relationship": "Outer", "Scan Direction": "Forward", "Index Name": "company_type_pkey", "Relation Name": "company_type", "Alias": "ct", "Startup Cost": 0.0, "Total Cost": 12.3, "Plan Rows": 1, "Plan Width": 4, "Actual Startup Time": 0.021, "Actual Total Time": 0.024, "Actual Rows": 1, "Actual Loops": 1, "Filter": "((kind)::text = 'production companies'::text)", "Rows Removed by Filter": 2}, {"Node Type": "Nested Loop", "Parent Relationship": "Inner", "Join Type": "Inner", "Startup Cost": 7502.06, "Total Cost": 155729.44, "Plan Rows": 829046, "Plan Width": 36, "Actual Startup Time": 0.098, "Actual Total Time": 0.293, "Actual Rows": 100, "Actual Loops": 1, "Inner Unique": false, "Plans": [{"Node Type": "Nested Loop", "Parent Relationship": "Outer", "Join Type": "Inner", "Startup Cost": 7502.06, "Total Cost": 21752.95, "Plan Rows": 345008, "Plan Width": 4, "Actual Startup Time": 0.083, "Actual Total Time": 0.088, "Actual Rows": 10, "Actual Loops": 1, "Inner Unique": false, "Plans": [{"Node Type": "Index Scan", "Parent Relationship": "Outer", "Scan Direction": "Forward", "Index Name": "info_type_pkey", "Relation Name": "info_type", "Alias": "it", "Startup Cost": 0.0, "Total Cost": 14.21, "Plan Rows": 1, "Plan Width": 4, "Actual Startup Time": 0.06, "Actual Total Time": 0.062, "Actual Rows": 1, "Actual Loops": 1, "Filter": "((info)::text = 'bottom 10 rank'::text)", "Rows Removed by Filter": 111}, {"Node Type": "Bitmap Heap Scan", "Parent Relationship": "Inner", "Relation Name": "movie_info_idx", "Alias": "mi_idx", "Startup Cost": 7502.06, "Total Cost": 18288.66, "Plan Rows": 345008, "Plan Width": 8, "Actual Startup Time": 0.019, "Actual Total Time": 0.02, "Actual Rows": 10, "Actual Loops": 1, "Recheck Cond": "(info_type_id = it.id), (LLVM Optimized)", "Rows Removed by Index Recheck": 0, "Exact Heap Blocks": 1, "Lossy Heap Blocks": 1, "Plans": [{"Node Type": "Bitmap Index Scan", "Parent Relationship": "Outer", "Index Name": "info_type_id_movie_info_idx", "Startup Cost": 0.0, "Total Cost": 7415.81, "Plan Rows": 345008, "Plan Width": 0, "Actual Startup Time": 0.012, "Actual Total Time": 0.012, "Actual Rows": 10, "Actual Loops": 1, "Index Cond": "(info_type_id = it.id)"}]}]}, {"Node Type": "Index Scan", "Parent Relationship": "Inner", "Scan Direction": "Forward", "Index Name": "movie_id_movie_companies", "Relation Name": "movie_companies", "Alias": "mc", "Startup Cost": 0.0, "Total Cost": 0.37, "Plan Rows": 2, "Plan Width": 32, "Actual Startup Time": 0.08, "Actual Total Time": 0.173, "Actual Rows": 100, "Actual Loops": 10, "Index Cond": "(movie_id = mi_idx.movie_id)", "Rows Removed by Index Recheck": 0, "Filter": "((note)::text !~~ '%(as Metro-Goldwyn-Mayer Pictures)%'::text)", "Rows Removed by Filter": 20}]}]}, {"Node Type": "Index Scan", "Parent Relationship": "Inner", "Scan Direction": "Forward", "Index Name": "title_pkey", "Relation Name": "title", "Alias": "t", "Startup Cost": 0.0, "Total Cost": 0.34, "Plan Rows": 1, "Plan Width": 25, "Actual Startup Time": 0.031, "Actual Total Time": 0.031, "Actual Rows": 4, "Actual Loops": 5, "Index Cond": "(id = mc.movie_id)", "Rows Removed by Index Recheck": 0, "Filter": "(production_year > 2000)", "Rows Removed by Filter": 1}]}]}, "Triggers": [], "Planner Runtime": 2, "Total Runtime": 10.052, "Unique SQL Id": 2492542741}}, "(64, 118)": {"explain_plan": {"Plan": {"Node Type": "Aggregate", "Strategy": "Plain", "Startup Cost": 3487396.95, "Total Cost": 3487396.96, "Plan Rows": 1, "Plan Width": 113, "Plans": [{"Node Type": "Nested Loop", "Parent Relationship": "Outer", "Join Type": "Inner", "Startup Cost": 0.58, "Total Cost": 3482612.8, "Plan Rows": 637886, "Plan Width": 45, "Inner Unique": false, "Join Filter": "(mc.company_type_id = ct.id), (LLVM Optimized)", "Plans": [{"Node Type": "Seq Scan", "Parent Relationship": "Outer", "Relation Name": "company_type", "Alias": "ct", "Startup Cost": 0.0, "Total Cost": 1.04, "Plan Rows": 1, "Plan Width": 4, "Filter": "((kind)::text = 'production companies'::text)"}, {"Node Type": "Nested Loop", "Parent Relationship": "Inner", "Join Type": "Inner", "Startup Cost": 0.58, "Total Cost": 3469421.97, "Plan Rows": 1055184, "Plan Width": 49, "Inner Unique": false, "Plans": [{"Node Type": "Nested Loop", "Parent Relationship": "Outer", "Join Type": "Inner", "Startup Cost": 0.28, "Total Cost": 1524363.16, "Plan Rows": 447839, "Plan Width": 29, "Inner Unique": true, "Plans": [{"Node Type": "Nested Loop", "Parent Relationship": "Outer", "Join Type": "Inner", "Startup Cost": 0.0, "Total Cost": 37527.17, "Plan Rows": 345008, "Plan Width": 4, "Inner Unique": false, "Join Filter": "(it.id = mi_idx.info_type_id), (LLVM Optimized)", "Plans": [{"Node Type": "Seq Scan", "Parent Relationship": "Outer", "Relation Name": "info_type", "Alias": "it", "Startup Cost": 0.0, "Total Cost": 2.4, "Plan Rows": 1, "Plan Width": 4, "Filter": "((info)::text = 'bottom 10 rank'::text)"}, {"Node Type": "Seq Scan", "Parent Relationship": "Inner", "Relation Name": "movie_info_idx", "Alias": "mi_idx", "Startup Cost": 0.0, "Total Cost": 20274.34, "Plan Rows": 1380034, "Plan Width": 8}]}, {"Node Type": "Bitmap Heap Scan", "Parent Relationship": "Inner", "Relation Name": "title", "Alias": "t", "Startup Cost": 0.28, "Total Cost": 4.3, "Plan Rows": 1, "Plan Width": 25, "Recheck Cond": "(id = mi_idx.movie_id)", "Filter": "(production_year > 2000)", "Plans": [{"Node Type": "Bitmap Index Scan", "Parent Relationship": "Outer", "Index Name": "title_pkey", "Startup Cost": 0.0, "Total Cost": 0.28, "Plan Rows": 1, "Plan Width": 0, "Index Cond": "(id = mi_idx.movie_id)"}]}]}, {"Node Type": "Bitmap Heap Scan", "Parent Relationship": "Inner", "Relation Name": "movie_companies", "Alias": "mc", "Startup Cost": 0.29, "Total Cost": 4.32, "Plan Rows": 2, "Plan Width": 32, "Recheck Cond": "(movie_id = t.id)", "Filter": "((note)::text !~~ '%(as Metro-Goldwyn-Mayer Pictures)%'::text)", "Plans": [{"Node Type": "Bitmap Index Scan", "Parent Relationship": "Outer", "Index Name": "movie_id_movie_companies", "Startup Cost": 0.0, "Total Cost": 0.29, "Plan Rows": 2, "Plan Width": 0, "Index Cond": "(movie_id = t.id)"}]}]}]}]}, "Unique SQL Id": 2492542741, "Planner Runtime": 3}, "explain_analyze_plan": {"Plan": {"Node Type": "Aggregate", "Strategy": "Plain", "Startup Cost": 3487396.95, "Total Cost": 3487396.96, "Plan Rows": 1, "Plan Width": 113, "Actual Startup Time": 584.862, "Actual Total Time": 584.863, "Actual Rows": 1, "Actual Loops": 1, "Plans": [{"Node Type": "Nested Loop", "Parent Relationship": "Outer", "Join Type": "Inner", "Startup Cost": 0.58, "Total Cost": 3482612.8, "Plan Rows": 637886, "Plan Width": 45, "Actual Startup Time": 584.759, "Actual Total Time": 584.838, "Actual Rows": 4, "Actual Loops": 1, "Inner Unique": false, "Join Filter": "(mc.company_type_id = ct.id), (LLVM Optimized, Jit Execute)", "Rows Removed by Join Filter": 74, "Plans": [{"Node Type": "Seq Scan", "Parent Relationship": "Outer", "Relation Name": "company_type", "Alias": "ct", "Startup Cost": 0.0, "Total Cost": 1.04, "Plan Rows": 1, "Plan Width": 4, "Actual Startup Time": 0.018, "Actual Total Time": 0.023, "Actual Rows": 1, "Actual Loops": 1, "Filter": "((kind)::text = 'production companies'::text)", "Rows Removed by Filter": 2}, {"Node Type": "Nested Loop", "Parent Relationship": "Inner", "Join Type": "Inner", "Startup Cost": 0.58, "Total Cost": 3469421.97, "Plan Rows": 1055184, "Plan Width": 49, "Actual Startup Time": 584.506, "Actual Total Time": 584.789, "Actual Rows": 78, "Actual Loops": 1, "Inner Unique": false, "Plans": [{"Node Type": "Nested Loop", "Parent Relationship": "Outer", "Join Type": "Inner", "Startup Cost": 0.28, "Total Cost": 1524363.16, "Plan Rows": 447839, "Plan Width": 29, "Actual Startup Time": 584.449, "Actual Total Time": 584.566, "Actual Rows": 6, "Actual Loops": 1, "Inner Unique": true, "Plans": [{"Node Type": "Nested Loop", "Parent Relationship": "Outer", "Join Type": "Inner", "Startup Cost": 0.0, "Total Cost": 37527.17, "Plan Rows": 345008, "Plan Width": 4, "Actual Startup Time": 584.357, "Actual Total Time": 584.375, "Actual Rows": 10, "Actual Loops": 1, "Inner Unique": false, "Join Filter": "(it.id = mi_idx.info_type_id), (LLVM Optimized, Jit Execute)", "Rows Removed by Join Filter": 1380024, "Plans": [{"Node Type": "Seq Scan", "Parent Relationship": "Outer", "Relation Name": "info_type", "Alias": "it", "Startup Cost": 0.0, "Total Cost": 2.4, "Plan Rows": 1, "Plan Width": 4, "Actual Startup Time": 0.048, "Actual Total Time": 0.055, "Actual Rows": 1, "Actual Loops": 1, "Filter": "((info)::text = 'bottom 10 rank'::text)", "Rows Removed by Filter": 111}, {"Node Type": "Seq Scan", "Parent Relationship": "Inner", "Relation Name": "movie_info_idx", "Alias": "mi_idx", "Startup Cost": 0.0, "Total Cost": 20274.34, "Plan Rows": 1380034, "Plan Width": 8, "Actual Startup Time": 0.034, "Actual Total Time": 296.727, "Actual Rows": 1380034, "Actual Loops": 1}]}, {"Node Type": "Bitmap Heap Scan", "Parent Relationship": "Inner", "Relation Name": "title", "Alias": "t", "Startup Cost": 0.28, "Total Cost": 4.3, "Plan Rows": 1, "Plan Width": 25, "Actual Startup Time": 0.16, "Actual Total Time": 0.16, "Actual Rows": 6, "Actual Loops": 10, "Recheck Cond": "(id = mi_idx.movie_id)", "Rows Removed by Index Recheck": 0, "Filter": "(production_year > 2000)", "Rows Removed by Filter": 4, "Exact Heap Blocks": 10, "Lossy Heap Blocks": 10, "Plans": [{"Node Type": "Bitmap Index Scan", "Parent Relationship": "Outer", "Index Name": "title_pkey", "Startup Cost": 0.0, "Total Cost": 0.28, "Plan Rows": 1, "Plan Width": 0, "Actual Startup Time": 0.102, "Actual Total Time": 0.102, "Actual Rows": 10, "Actual Loops": 10, "Index Cond": "(id = mi_idx.movie_id)"}]}]}, {"Node Type": "Bitmap Heap Scan", "Parent Relationship": "Inner", "Relation Name": "movie_companies", "Alias": "mc", "Startup Cost": 0.29, "Total Cost": 4.32, "Plan Rows": 2, "Plan Width": 32, "Actual Startup Time": 0.135, "Actual Total Time": 0.193, "Actual Rows": 78, "Actual Loops": 6, "Recheck Cond": "(movie_id = t.id)", "Rows Removed by Index Recheck": 0, "Filter": "((note)::text !~~ '%(as Metro-Goldwyn-Mayer Pictures)%'::text)", "Rows Removed by Filter": 15, "Exact Heap Blocks": 13, "Lossy Heap Blocks": 13, "Plans": [{"Node Type": "Bitmap Index Scan", "Parent Relationship": "Outer", "Index Name": "movie_id_movie_companies", "Startup Cost": 0.0, "Total Cost": 0.29, "Plan Rows": 2, "Plan Width": 0, "Actual Startup Time": 0.072, "Actual Total Time": 0.072, "Actual Rows": 93, "Actual Loops": 6, "Index Cond": "(movie_id = t.id)"}]}]}]}]}, "Triggers": [], "Planner Runtime": 3, "Total Runtime": 594.602, "Unique SQL Id": 2492542741}}, "(64, 119)": {"explain_plan": {"Plan": {"Node Type": "Aggregate", "Strategy": "Plain", "Startup Cost": 3471634.0, "Total Cost": 3471634.01, "Plan Rows": 1, "Plan Width": 113, "Plans": [{"Node Type": "Nested Loop", "Parent Relationship": "Outer", "Join Type": "Inner", "Startup Cost": 7519.72, "Total Cost": 3466849.86, "Plan Rows": 637886, "Plan Width": 45, "Inner Unique": false, "Join Filter": "(mc.company_type_id = ct.id), (LLVM Optimized)", "Plans": [{"Node Type": "Bitmap Heap Scan", "Parent Relationship": "Outer", "Relation Name": "company_type", "Alias": "ct", "Startup Cost": 8.27, "Total Cost": 12.3, "Plan Rows": 1, "Plan Width": 4, "Filter": "((kind)::text = 'production companies'::text)", "Plans": [{"Node Type": "Bitmap Index Scan", "Parent Relationship": "Outer", "Index Name": "company_type_pkey", "Startup Cost": 0.0, "Total Cost": 8.27, "Plan Rows": 3, "Plan Width": 0}]}, {"Node Type": "Nested Loop", "Parent Relationship": "Inner", "Join Type": "Inner", "Startup Cost": 7511.45, "Total Cost": 3453647.75, "Plan Rows": 1055184, "Plan Width": 49, "Inner Unique": false, "Plans": [{"Node Type": "Nested Loop", "Parent Relationship": "Outer", "Join Type": "Inner", "Startup Cost": 7511.16, "Total Cost": 1508588.95, "Plan Rows": 447839, "Plan Width": 29, "Inner Unique": true, "Plans": [{"Node Type": "Nested Loop", "Parent Relationship": "Outer", "Join Type": "Inner", "Startup Cost": 7510.87, "Total Cost": 21752.95, "Plan Rows": 345008, "Plan Width": 4, "Inner Unique": false, "Plans": [{"Node Type": "Bitmap Heap Scan", "Parent Relationship": "Outer", "Relation Name": "info_type", "Alias": "it", "Startup Cost": 8.81, "Total Cost": 14.21, "Plan Rows": 1, "Plan Width": 4, "Filter": "((info)::text = 'bottom 10 rank'::text)", "Plans": [{"Node Type": "Bitmap Index Scan", "Parent Relationship": "Outer", "Index Name": "info_type_pkey", "Startup Cost": 0.0, "Total Cost": 8.81, "Plan Rows": 112, "Plan Width": 0}]}, {"Node Type": "Bitmap Heap Scan", "Parent Relationship": "Inner", "Relation Name": "movie_info_idx", "Alias": "mi_idx", "Startup Cost": 7502.06, "Total Cost": 18288.66, "Plan Rows": 345008, "Plan Width": 8, "Recheck Cond": "(info_type_id = it.id), (LLVM Optimized)", "Plans": [{"Node Type": "Bitmap Index Scan", "Parent Relationship": "Outer", "Index Name": "info_type_id_movie_info_idx", "Startup Cost": 0.0, "Total Cost": 7415.81, "Plan Rows": 345008, "Plan Width": 0, "Index Cond": "(info_type_id = it.id)"}]}]}, {"Node Type": "Bitmap Heap Scan", "Parent Relationship": "Inner", "Relation Name": "title", "Alias": "t", "Startup Cost": 0.28, "Total Cost": 4.3, "Plan Rows": 1, "Plan Width": 25, "Recheck Cond": "(id = mi_idx.movie_id)", "Filter": "(production_year > 2000)", "Plans": [{"Node Type": "Bitmap Index Scan", "Parent Relationship": "Outer", "Index Name": "title_pkey", "Startup Cost": 0.0, "Total Cost": 0.28, "Plan Rows": 1, "Plan Width": 0, "Index Cond": "(id = mi_idx.movie_id)"}]}]}, {"Node Type": "Bitmap Heap Scan", "Parent Relationship": "Inner", "Relation Name": "movie_companies", "Alias": "mc", "Startup Cost": 0.29, "Total Cost": 4.32, "Plan Rows": 2, "Plan Width": 32, "Recheck Cond": "(movie_id = t.id)", "Filter": "((note)::text !~~ '%(as Metro-Goldwyn-Mayer Pictures)%'::text)", "Plans": [{"Node Type": "Bitmap Index Scan", "Parent Relationship": "Outer", "Index Name": "movie_id_movie_companies", "Startup Cost": 0.0, "Total Cost": 0.29, "Plan Rows": 2, "Plan Width": 0, "Index Cond": "(movie_id = t.id)"}]}]}]}]}, "Unique SQL Id": 2492542741, "Planner Runtime": 2}, "explain_analyze_plan": {"Plan": {"Node Type": "Aggregate", "Strategy": "Plain", "Startup Cost": 3471634.0, "Total Cost": 3471634.01, "Plan Rows": 1, "Plan Width": 113, "Actual Startup Time": 0.439, "Actual Total Time": 0.439, "Actual Rows": 1, "Actual Loops": 1, "Plans": [{"Node Type": "Nested Loop", "Parent Relationship": "Outer", "Join Type": "Inner", "Startup Cost": 7519.72, "Total Cost": 3466849.86, "Plan Rows": 637886, "Plan Width": 45, "Actual Startup Time": 0.366, "Actual Total Time": 0.425, "Actual Rows": 4, "Actual Loops": 1, "Inner Unique": false, "Join Filter": "(mc.company_type_id = ct.id), (LLVM Optimized)", "Rows Removed by Join Filter": 74, "Plans": [{"Node Type": "Bitmap Heap Scan", "Parent Relationship": "Outer", "Relation Name": "company_type", "Alias": "ct", "Startup Cost": 8.27, "Total Cost": 12.3, "Plan Rows": 1, "Plan Width": 4, "Actual Startup Time": 0.03, "Actual Total Time": 0.031, "Actual Rows": 1, "Actual Loops": 1, "Filter": "((kind)::text = 'production companies'::text)", "Rows Removed by Filter": 2, "Exact Heap Blocks": 1, "Lossy Heap Blocks": 1, "Plans": [{"Node Type": "Bitmap Index Scan", "Parent Relationship": "Outer", "Index Name": "company_type_pkey", "Startup Cost": 0.0, "Total Cost": 8.27, "Plan Rows": 3, "Plan Width": 0, "Actual Startup Time": 0.01, "Actual Total Time": 0.01, "Actual Rows": 3, "Actual Loops": 1}]}, {"Node Type": "Nested Loop", "Parent Relationship": "Inner", "Join Type": "Inner", "Startup Cost": 7511.45, "Total Cost": 3453647.75, "Plan Rows": 1055184, "Plan Width": 49, "Actual Startup Time": 0.142, "Actual Total Time": 0.37, "Actual Rows": 78, "Actual Loops": 1, "Inner Unique": false, "Plans": [{"Node Type": "Nested Loop", "Parent Relationship": "Outer", "Join Type": "Inner", "Startup Cost": 7511.16, "Total Cost": 1508588.95, "Plan Rows": 447839, "Plan Width": 29, "Actual Startup Time": 0.114, "Actual Total Time": 0.197, "Actual Rows": 6, "Actual Loops": 1, "Inner Unique": true, "Plans": [{"Node Type": "Nested Loop", "Parent Relationship": "Outer", "Join Type": "Inner", "Startup Cost": 7510.87, "Total Cost": 21752.95, "Plan Rows": 345008, "Plan Width": 4, "Actual Startup Time": 0.085, "Actual Total Time": 0.092, "Actual Rows": 10, "Actual Loops": 1, "Inner Unique": false, "Plans": [{"Node Type": "Bitmap Heap Scan", "Parent Relationship": "Outer", "Relation Name": "info_type", "Alias": "it", "Startup Cost": 8.81, "Total Cost": 14.21, "Plan Rows": 1, "Plan Width": 4, "Actual Startup Time": 0.058, "Actual Total Time": 0.058, "Actual Rows": 1, "Actual Loops": 1, "Filter": "((info)::text = 'bottom 10 rank'::text)", "Rows Removed by Filter": 111, "Exact Heap Blocks": 1, "Lossy Heap Blocks": 1, "Plans": [{"Node Type": "Bitmap Index Scan", "Parent Relationship": "Outer", "Index Name": "info_type_pkey", "Startup Cost": 0.0, "Total Cost": 8.81, "Plan Rows": 112, "Plan Width": 0, "Actual Startup Time": 0.01, "Actual Total Time": 0.01, "Actual Rows": 112, "Actual Loops": 1}]}, {"Node Type": "Bitmap Heap Scan", "Parent Relationship": "Inner", "Relation Name": "movie_info_idx", "Alias": "mi_idx", "Startup Cost": 7502.06, "Total Cost": 18288.66, "Plan Rows": 345008, "Plan Width": 8, "Actual Startup Time": 0.023, "Actual Total Time": 0.025, "Actual Rows": 10, "Actual Loops": 1, "Recheck Cond": "(info_type_id = it.id), (LLVM Optimized)", "Rows Removed by Index Recheck": 0, "Exact Heap Blocks": 1, "Lossy Heap Blocks": 1, "Plans": [{"Node Type": "Bitmap Index Scan", "Parent Relationship": "Outer", "Index Name": "info_type_id_movie_info_idx", "Startup Cost": 0.0, "Total Cost": 7415.81, "Plan Rows": 345008, "Plan Width": 0, "Actual Startup Time": 0.012, "Actual Total Time": 0.012, "Actual Rows": 10, "Actual Loops": 1, "Index Cond": "(info_type_id = it.id)"}]}]}, {"Node Type": "Bitmap Heap Scan", "Parent Relationship": "Inner", "Relation Name": "title", "Alias": "t", "Startup Cost": 0.28, "Total Cost": 4.3, "Plan Rows": 1, "Plan Width": 25, "Actual Startup Time": 0.09, "Actual Total Time": 0.09, "Actual Rows": 6, "Actual Loops": 10, "Recheck Cond": "(id = mi_idx.movie_id)", "Rows Removed by Index Recheck": 0, "Filter": "(production_year > 2000)", "Rows Removed by Filter": 4, "Exact Heap Blocks": 10, "Lossy Heap Blocks": 10, "Plans": [{"Node Type": "Bitmap Index Scan", "Parent Relationship": "Outer", "Index Name": "title_pkey", "Startup Cost": 0.0, "Total Cost": 0.28, "Plan Rows": 1, "Plan Width": 0, "Actual Startup Time": 0.057, "Actual Total Time": 0.057, "Actual Rows": 10, "Actual Loops": 10, "Index Cond": "(id = mi_idx.movie_id)"}]}]}, {"Node Type": "Bitmap Heap Scan", "Parent Relationship": "Inner", "Relation Name": "movie_companies", "Alias": "mc", "Startup Cost": 0.29, "Total Cost": 4.32, "Plan Rows": 2, "Plan Width": 32, "Actual Startup Time": 0.096, "Actual Total Time": 0.147, "Actual Rows": 78, "Actual Loops": 6, "Recheck Cond": "(movie_id = t.id)", "Rows Removed by Index Recheck": 0, "Filter": "((note)::text !~~ '%(as Metro-Goldwyn-Mayer Pictures)%'::text)", "Rows Removed by Filter": 15, "Exact Heap Blocks": 13, "Lossy Heap Blocks": 13, "Plans": [{"Node Type": "Bitmap Index Scan", "Parent Relationship": "Outer", "Index Name": "movie_id_movie_companies", "Startup Cost": 0.0, "Total Cost": 0.29, "Plan Rows": 2, "Plan Width": 0, "Actual Startup Time": 0.048, "Actual Total Time": 0.048, "Actual Rows": 93, "Actual Loops": 6, "Index Cond": "(movie_id = t.id)"}]}]}]}]}, "Triggers": [], "Planner Runtime": 2, "Total Runtime": 10.112, "Unique SQL Id": 2492542741}}, "(64, 120)": {"explain_plan": {"Plan": {"Node Type": "Aggregate", "Strategy": "Plain", "Startup Cost": 362073.77, "Total Cost": 362073.78, "Plan Rows": 1, "Plan Width": 113, "Plans": [{"Node Type": "Nested Loop", "Parent Relationship": "Outer", "Join Type": "Inner", "Startup Cost": 0.0, "Total Cost": 357289.62, "Plan Rows": 637886, "Plan Width": 45, "Inner Unique": true, "Plans": [{"Node Type": "Nested Loop", "Parent Relationship": "Outer", "Join Type": "Inner", "Startup Cost": 0.0, "Total Cost": 181867.76, "Plan Rows": 501180, "Plan Width": 32, "Inner Unique": false, "Join Filter": "(mc.company_type_id = ct.id), (LLVM Optimized)", "Plans": [{"Node Type": "Seq Scan", "Parent Relationship": "Outer", "Relation Name": "company_type", "Alias": "ct", "Startup Cost": 0.0, "Total Cost": 1.04, "Plan Rows": 1, "Plan Width": 4, "Filter": "((kind)::text = 'production companies'::text)"}, {"Node Type": "Nested Loop", "Parent Relationship": "Inner", "Join Type": "Inner", "Startup Cost": 0.0, "Total Cost": 171503.65, "Plan Rows": 829046, "Plan Width": 36, "Inner Unique": false, "Plans": [{"Node Type": "Nested Loop", "Parent Relationship": "Outer", "Join Type": "Inner", "Startup Cost": 0.0, "Total Cost": 37527.17, "Plan Rows": 345008, "Plan Width": 4, "Inner Unique": false, "Join Filter": "(it.id = mi_idx.info_type_id), (LLVM Optimized)", "Plans": [{"Node Type": "Seq Scan", "Parent Relationship": "Outer", "Relation Name": "info_type", "Alias": "it", "Startup Cost": 0.0, "Total Cost": 2.4, "Plan Rows": 1, "Plan Width": 4, "Filter": "((info)::text = 'bottom 10 rank'::text)"}, {"Node Type": "Seq Scan", "Parent Relationship": "Inner", "Relation Name": "movie_info_idx", "Alias": "mi_idx", "Startup Cost": 0.0, "Total Cost": 20274.34, "Plan Rows": 1380034, "Plan Width": 8}]}, {"Node Type": "Index Scan", "Parent Relationship": "Inner", "Scan Direction": "Forward", "Index Name": "movie_id_movie_companies", "Relation Name": "movie_companies", "Alias": "mc", "Startup Cost": 0.0, "Total Cost": 0.37, "Plan Rows": 2, "Plan Width": 32, "Index Cond": "(movie_id = mi_idx.movie_id)", "Filter": "((note)::text !~~ '%(as Metro-Goldwyn-Mayer Pictures)%'::text)"}]}]}, {"Node Type": "Index Scan", "Parent Relationship": "Inner", "Scan Direction": "Forward", "Index Name": "title_pkey", "Relation Name": "title", "Alias": "t", "Startup Cost": 0.0, "Total Cost": 0.34, "Plan Rows": 1, "Plan Width": 25, "Index Cond": "(id = mc.movie_id)", "Filter": "(production_year > 2000)"}]}]}, "Unique SQL Id": 2492542741, "Planner Runtime": 2}, "explain_analyze_plan": {"Plan": {"Node Type": "Aggregate", "Strategy": "Plain", "Startup Cost": 362073.77, "Total Cost": 362073.78, "Plan Rows": 1, "Plan Width": 113, "Actual Startup Time": 608.336, "Actual Total Time": 608.337, "Actual Rows": 1, "Actual Loops": 1, "Plans": [{"Node Type": "Nested Loop", "Parent Relationship": "Outer", "Join Type": "Inner", "Startup Cost": 0.0, "Total Cost": 357289.62, "Plan Rows": 637886, "Plan Width": 45, "Actual Startup Time": 608.213, "Actual Total Time": 608.31, "Actual Rows": 4, "Actual Loops": 1, "Inner Unique": true, "Plans": [{"Node Type": "Nested Loop", "Parent Relationship": "Outer", "Join Type": "Inner", "Startup Cost": 0.0, "Total Cost": 181867.76, "Plan Rows": 501180, "Plan Width": 32, "Actual Startup Time": 608.058, "Actual Total Time": 608.253, "Actual Rows": 5, "Actual Loops": 1, "Inner Unique": false, "Join Filter": "(mc.company_type_id = ct.id), (LLVM Optimized)", "Rows Removed by Join Filter": 95, "Plans": [{"Node Type": "Seq Scan", "Parent Relationship": "Outer", "Relation Name": "company_type", "Alias": "ct", "Startup Cost": 0.0, "Total Cost": 1.04, "Plan Rows": 1, "Plan Width": 4, "Actual Startup Time": 0.022, "Actual Total Time": 0.027, "Actual Rows": 1, "Actual Loops": 1, "Filter": "((kind)::text = 'production companies'::text)", "Rows Removed by Filter": 2}, {"Node Type": "Nested Loop", "Parent Relationship": "Inner", "Join Type": "Inner", "Startup Cost": 0.0, "Total Cost": 171503.65, "Plan Rows": 829046, "Plan Width": 36, "Actual Startup Time": 607.933, "Actual Total Time": 608.183, "Actual Rows": 100, "Actual Loops": 1, "Inner Unique": false, "Plans": [{"Node Type": "Nested Loop", "Parent Relationship": "Outer", "Join Type": "Inner", "Startup Cost": 0.0, "Total Cost": 37527.17, "Plan Rows": 345008, "Plan Width": 4, "Actual Startup Time": 607.872, "Actual Total Time": 607.898, "Actual Rows": 10, "Actual Loops": 1, "Inner Unique": false, "Join Filter": "(it.id = mi_idx.info_type_id), (LLVM Optimized)", "Rows Removed by Join Filter": 1380024, "Plans": [{"Node Type": "Seq Scan", "Parent Relationship": "Outer", "Relation Name": "info_type", "Alias": "it", "Startup Cost": 0.0, "Total Cost": 2.4, "Plan Rows": 1, "Plan Width": 4, "Actual Startup Time": 0.061, "Actual Total Time": 0.078, "Actual Rows": 1, "Actual Loops": 1, "Filter": "((info)::text = 'bottom 10 rank'::text)", "Rows Removed by Filter": 111}, {"Node Type": "Seq Scan", "Parent Relationship": "Inner", "Relation Name": "movie_info_idx", "Alias": "mi_idx", "Startup Cost": 0.0, "Total Cost": 20274.34, "Plan Rows": 1380034, "Plan Width": 8, "Actual Startup Time": 0.059, "Actual Total Time": 296.985, "Actual Rows": 1380034, "Actual Loops": 1}]}, {"Node Type": "Index Scan", "Parent Relationship": "Inner", "Scan Direction": "Forward", "Index Name": "movie_id_movie_companies", "Relation Name": "movie_companies", "Alias": "mc", "Startup Cost": 0.0, "Total Cost": 0.37, "Plan Rows": 2, "Plan Width": 32, "Actual Startup Time": 0.152, "Actual Total Time": 0.244, "Actual Rows": 100, "Actual Loops": 10, "Index Cond": "(movie_id = mi_idx.movie_id)", "Rows Removed by Index Recheck": 0, "Filter": "((note)::text !~~ '%(as Metro-Goldwyn-Mayer Pictures)%'::text)", "Rows Removed by Filter": 20}]}]}, {"Node Type": "Index Scan", "Parent Relationship": "Inner", "Scan Direction": "Forward", "Index Name": "title_pkey", "Relation Name": "title", "Alias": "t", "Startup Cost": 0.0, "Total Cost": 0.34, "Plan Rows": 1, "Plan Width": 25, "Actual Startup Time": 0.047, "Actual Total Time": 0.047, "Actual Rows": 4, "Actual Loops": 5, "Index Cond": "(id = mc.movie_id)", "Rows Removed by Index Recheck": 0, "Filter": "(production_year > 2000)", "Rows Removed by Filter": 1}]}]}, "Triggers": [], "Planner Runtime": 2, "Total Runtime": 619.793, "Unique SQL Id": 2492542741}}, "(64, 121)": {"explain_plan": {"Plan": {"Node Type": "Aggregate", "Strategy": "Plain", "Startup Cost": 362896.07, "Total Cost": 362896.08, "Plan Rows": 1, "Plan Width": 113, "Plans": [{"Node Type": "Nested Loop", "Parent Relationship": "Outer", "Join Type": "Inner", "Startup Cost": 0.0, "Total Cost": 358111.92, "Plan Rows": 637886, "Plan Width": 45, "Inner Unique": true, "Plans": [{"Node Type": "Nested Loop", "Parent Relationship": "Outer", "Join Type": "Inner", "Startup Cost": 0.0, "Total Cost": 182690.06, "Plan Rows": 501180, "Plan Width": 32, "Inner Unique": false, "Join Filter": "(mc.company_type_id = ct.id), (LLVM Optimized)", "Plans": [{"Node Type": "Index Scan", "Parent Relationship": "Outer", "Scan Direction": "Forward", "Index Name": "company_type_pkey", "Relation Name": "company_type", "Alias": "ct", "Startup Cost": 0.0, "Total Cost": 12.3, "Plan Rows": 1, "Plan Width": 4, "Filter": "((kind)::text = 'production companies'::text)"}, {"Node Type": "Nested Loop", "Parent Relationship": "Inner", "Join Type": "Inner", "Startup Cost": 0.0, "Total Cost": 172314.68, "Plan Rows": 829046, "Plan Width": 36, "Inner Unique": false, "Plans": [{"Node Type": "Nested Loop", "Parent Relationship": "Outer", "Join Type": "Inner", "Startup Cost": 0.0, "Total Cost": 38338.2, "Plan Rows": 345008, "Plan Width": 4, "Inner Unique": false, "Plans": [{"Node Type": "Index Scan", "Parent Relationship": "Outer", "Scan Direction": "Forward", "Index Name": "info_type_pkey", "Relation Name": "info_type", "Alias": "it", "Startup Cost": 0.0, "Total Cost": 14.21, "Plan Rows": 1, "Plan Width": 4, "Filter": "((info)::text = 'bottom 10 rank'::text)"}, {"Node Type": "Index Scan", "Parent Relationship": "Inner", "Scan Direction": "Forward", "Index Name": "info_type_id_movie_info_idx", "Relation Name": "movie_info_idx", "Alias": "mi_idx", "Startup Cost": 0.0, "Total Cost": 34873.91, "Plan Rows": 345008, "Plan Width": 8, "Index Cond": "(info_type_id = it.id), (LLVM Optimized)"}]}, {"Node Type": "Index Scan", "Parent Relationship": "Inner", "Scan Direction": "Forward", "Index Name": "movie_id_movie_companies", "Relation Name": "movie_companies", "Alias": "mc", "Startup Cost": 0.0, "Total Cost": 0.37, "Plan Rows": 2, "Plan Width": 32, "Index Cond": "(movie_id = mi_idx.movie_id)", "Filter": "((note)::text !~~ '%(as Metro-Goldwyn-Mayer Pictures)%'::text)"}]}]}, {"Node Type": "Index Scan", "Parent Relationship": "Inner", "Scan Direction": "Forward", "Index Name": "title_pkey", "Relation Name": "title", "Alias": "t", "Startup Cost": 0.0, "Total Cost": 0.34, "Plan Rows": 1, "Plan Width": 25, "Index Cond": "(id = mc.movie_id)", "Filter": "(production_year > 2000)"}]}]}, "Unique SQL Id": 2492542741, "Planner Runtime": 2}, "explain_analyze_plan": {"Plan": {"Node Type": "Aggregate", "Strategy": "Plain", "Startup Cost": 362896.07, "Total Cost": 362896.08, "Plan Rows": 1, "Plan Width": 113, "Actual Startup Time": 0.406, "Actual Total Time": 0.406, "Actual Rows": 1, "Actual Loops": 1, "Plans": [{"Node Type": "Nested Loop", "Parent Relationship": "Outer", "Join Type": "Inner", "Startup Cost": 0.0, "Total Cost": 358111.92, "Plan Rows": 637886, "Plan Width": 45, "Actual Startup Time": 0.319, "Actual Total Time": 0.388, "Actual Rows": 4, "Actual Loops": 1, "Inner Unique": true, "Plans": [{"Node Type": "Nested Loop", "Parent Relationship": "Outer", "Join Type": "Inner", "Startup Cost": 0.0, "Total Cost": 182690.06, "Plan Rows": 501180, "Plan Width": 32, "Actual Startup Time": 0.195, "Actual Total Time": 0.347, "Actual Rows": 5, "Actual Loops": 1, "Inner Unique": false, "Join Filter": "(mc.company_type_id = ct.id), (LLVM Optimized)", "Rows Removed by Join Filter": 95, "Plans": [{"Node Type": "Index Scan", "Parent Relationship": "Outer", "Scan Direction": "Forward", "Index Name": "company_type_pkey", "Relation Name": "company_type", "Alias": "ct", "Startup Cost": 0.0, "Total Cost": 12.3, "Plan Rows": 1, "Plan Width": 4, "Actual Startup Time": 0.027, "Actual Total Time": 0.029, "Actual Rows": 1, "Actual Loops": 1, "Filter": "((kind)::text = 'production companies'::text)", "Rows Removed by Filter": 2}, {"Node Type": "Nested Loop", "Parent Relationship": "Inner", "Join Type": "Inner", "Startup Cost": 0.0, "Total Cost": 172314.68, "Plan Rows": 829046, "Plan Width": 36, "Actual Startup Time": 0.092, "Actual Total Time": 0.293, "Actual Rows": 100, "Actual Loops": 1, "Inner Unique": false, "Plans": [{"Node Type": "Nested Loop", "Parent Relationship": "Outer", "Join Type": "Inner", "Startup Cost": 0.0, "Total Cost": 38338.2, "Plan Rows": 345008, "Plan Width": 4, "Actual Startup Time": 0.077, "Actual Total Time": 0.087, "Actual Rows": 10, "Actual Loops": 1, "Inner Unique": false, "Plans": [{"Node Type": "Index Scan", "Parent Relationship": "Outer", "Scan Direction": "Forward", "Index Name": "info_type_pkey", "Relation Name": "info_type", "Alias": "it", "Startup Cost": 0.0, "Total Cost": 14.21, "Plan Rows": 1, "Plan Width": 4, "Actual Startup Time": 0.06, "Actual Total Time": 0.061, "Actual Rows": 1, "Actual Loops": 1, "Filter": "((info)::text = 'bottom 10 rank'::text)", "Rows Removed by Filter": 111}, {"Node Type": "Index Scan", "Parent Relationship": "Inner", "Scan Direction": "Forward", "Index Name": "info_type_id_movie_info_idx", "Relation Name": "movie_info_idx", "Alias": "mi_idx", "Startup Cost": 0.0, "Total Cost": 34873.91, "Plan Rows": 345008, "Plan Width": 8, "Actual Startup Time": 0.014, "Actual Total Time": 0.019, "Actual Rows": 10, "Actual Loops": 1, "Index Cond": "(info_type_id = it.id), (LLVM Optimized)", "Rows Removed by Index Recheck": 0}]}, {"Node Type": "Index Scan", "Parent Relationship": "Inner", "Scan Direction": "Forward", "Index Name": "movie_id_movie_companies", "Relation Name": "movie_companies", "Alias": "mc", "Startup Cost": 0.0, "Total Cost": 0.37, "Plan Rows": 2, "Plan Width": 32, "Actual Startup Time": 0.086, "Actual Total Time": 0.173, "Actual Rows": 100, "Actual Loops": 10, "Index Cond": "(movie_id = mi_idx.movie_id)", "Rows Removed by Index Recheck": 0, "Filter": "((note)::text !~~ '%(as Metro-Goldwyn-Mayer Pictures)%'::text)", "Rows Removed by Filter": 20}]}]}, {"Node Type": "Index Scan", "Parent Relationship": "Inner", "Scan Direction": "Forward", "Index Name": "title_pkey", "Relation Name": "title", "Alias": "t", "Startup Cost": 0.0, "Total Cost": 0.34, "Plan Rows": 1, "Plan Width": 25, "Actual Startup Time": 0.035, "Actual Total Time": 0.035, "Actual Rows": 4, "Actual Loops": 5, "Index Cond": "(id = mc.movie_id)", "Rows Removed by Index Recheck": 0, "Filter": "(production_year > 2000)", "Rows Removed by Filter": 1}]}]}, "Triggers": [], "Planner Runtime": 2, "Total Runtime": 10.148, "Unique SQL Id": 2492542741}}, "(64, 122)": {"explain_plan": {"Plan": {"Node Type": "Aggregate", "Strategy": "Plain", "Startup Cost": 4393536.77, "Total Cost": 4393536.8, "Plan Rows": 1, "Plan Width": 113, "Plans": [{"Node Type": "Streaming(type: LOCAL GATHER dop: 1/64)", "Parent Relationship": "Outer", "Startup Cost": 4393536.77, "Total Cost": 4393536.8, "Plan Rows": 1, "Plan Width": 113, "Plans": [{"Node Type": "Aggregate", "Strategy": "Plain", "Parent Relationship": "Outer", "Startup Cost": 4393536.77, "Total Cost": 4393536.78, "Plan Rows": 1, "Plan Width": 113, "Plans": [{"Node Type": "Nested Loop", "Parent Relationship": "Outer", "Join Type": "Inner", "Startup Cost": 0.0, "Total Cost": 4388752.62, "Plan Rows": 637886, "Plan Width": 45, "Inner Unique": false, "Join Filter": "(mc.movie_id = t.id), (LLVM Optimized)", "Plans": [{"Node Type": "Streaming(type: LOCAL REDISTRIBUTE dop: 64/1)", "Parent Relationship": "Outer", "Startup Cost": 0.0, "Total Cost": 196956.49, "Plan Rows": 1304518, "Plan Width": 28, "Plans": [{"Node Type": "Nested Loop", "Parent Relationship": "Outer", "Join Type": "Inner", "Startup Cost": 0.0, "Total Cost": 80954.08, "Plan Rows": 1304518, "Plan Width": 28, "Inner Unique": false, "Join Filter": "(ct.id = mc.company_type_id), (LLVM Optimized)", "Plans": [{"Node Type": "Seq Scan", "Parent Relationship": "Outer", "Relation Name": "company_type", "Alias": "ct", "Startup Cost": 0.0, "Total Cost": 1.04, "Plan Rows": 1, "Plan Width": 4, "Filter": "((kind)::text = 'production companies'::text)"}, {"Node Type": "Seq Scan", "Parent Relationship": "Inner", "Relation Name": "movie_companies", "Alias": "mc", "Startup Cost": 0.0, "Total Cost": 48340.1, "Plan Rows": 2609035, "Plan Width": 32, "Filter": "((note)::text !~~ '%(as Metro-Goldwyn-Mayer Pictures)%'::text), (LLVM Optimized)"}]}]}, {"Node Type": "Materialize", "Parent Relationship": "Inner", "Startup Cost": 0.0, "Total Cost": 2052357.93, "Plan Rows": 447839, "Plan Width": 29, "Plans": [{"Node Type": "Streaming(type: LOCAL REDISTRIBUTE dop: 64/64)", "Parent Relationship": "Outer", "Startup Cost": 0.0, "Total Cost": 2052322.94, "Plan Rows": 447839, "Plan Width": 29, "Plans": [{"Node Type": "Nested Loop", "Parent Relationship": "Outer", "Join Type": "Inner", "Startup Cost": 0.0, "Total Cost": 1988898.72, "Plan Rows": 447839, "Plan Width": 29, "Inner Unique": true, "Join Filter": "(mi_idx.movie_id = t.id), (LLVM Optimized)", "Plans": [{"Node Type": "Streaming(type: LOCAL REDISTRIBUTE dop: 64/1)", "Parent Relationship": "Outer", "Startup Cost": 0.0, "Total Cost": 114544.8, "Plan Rows": 345008, "Plan Width": 4, "Plans": [{"Node Type": "Nested Loop", "Parent Relationship": "Outer", "Join Type": "Inner", "Startup Cost": 0.0, "Total Cost": 37527.17, "Plan Rows": 345008, "Plan Width": 4, "Inner Unique": false, "Join Filter": "(it.id = mi_idx.info_type_id), (LLVM Optimized)", "Plans": [{"Node Type": "Seq Scan", "Parent Relationship": "Outer", "Relation Name": "info_type", "Alias": "it", "Startup Cost": 0.0, "Total Cost": 2.4, "Plan Rows": 1, "Plan Width": 4, "Filter": "((info)::text = 'bottom 10 rank'::text)"}, {"Node Type": "Seq Scan", "Parent Relationship": "Inner", "Relation Name": "movie_info_idx", "Alias": "mi_idx", "Startup Cost": 0.0, "Total Cost": 20274.34, "Plan Rows": 1380034, "Plan Width": 8}]}]}, {"Node Type": "Materialize", "Parent Relationship": "Inner", "Startup Cost": 0.0, "Total Cost": 128454.31, "Plan Rows": 1381886, "Plan Width": 25, "Plans": [{"Node Type": "Streaming(type: LOCAL REDISTRIBUTE dop: 64/64)", "Parent Relationship": "Outer", "Startup Cost": 0.0, "Total Cost": 128346.36, "Plan Rows": 1381886, "Plan Width": 25, "Plans": [{"Node Type": "Seq Scan", "Parent Relationship": "Outer", "Relation Name": "title", "Alias": "t", "Startup Cost": 0.0, "Total Cost": 64037.34, "Plan Rows": 1381886, "Plan Width": 25, "Filter": "(production_year > 2000), (LLVM Optimized)"}]}]}]}]}]}]}]}]}]}, "Unique SQL Id": 2492542741, "Planner Runtime": 3}, "explain_analyze_plan": {"Plan": {"Node Type": "Aggregate", "Strategy": "Plain", "Startup Cost": 4393536.77, "Total Cost": 4393536.8, "Plan Rows": 1, "Plan Width": 113, "Actual Min Startup Time": 1881.358, "Actual Max Startup Time": 1881.358, "Actual Min Total Time": 1881.358, "Actual Max Total Time": 1881.358, "Plans": [{"Node Type": "Streaming(type: LOCAL GATHER dop: 1/64)", "Parent Relationship": "Outer", "Startup Cost": 4393536.77, "Total Cost": 4393536.8, "Plan Rows": 1, "Plan Width": 113, "Actual Min Startup Time": 1879.575, "Actual Max Startup Time": 1879.575, "Actual Min Total Time": 1881.283, "Actual Max Total Time": 1881.283, "Plans": [{"Node Type": "Aggregate", "Strategy": "Plain", "Parent Relationship": "Outer", "Startup Cost": 4393536.77, "Total Cost": 4393536.78, "Plan Rows": 1, "Plan Width": 113, "Actual Min Startup Time": 1340.849, "Actual Max Startup Time": 1676.545, "Actual Min Total Time": 1340.849, "Actual Max Total Time": 1676.545, "Plans": [{"Node Type": "Nested Loop", "Parent Relationship": "Outer", "Join Type": "Inner", "Startup Cost": 0.0, "Total Cost": 4388752.62, "Plan Rows": 637886, "Plan Width": 45, "Actual Min Startup Time": 1074.117, "Actual Max Startup Time": 1676.539, "Actual Min Total Time": 1340.842, "Actual Max Total Time": 1676.539, "Inner Unique": false, "Join Filter": "(mc.movie_id = t.id), (LLVM Optimized, Jit Execute)", "Rows Removed by Join Filter": 13194, "Plans": [{"Node Type": "Streaming(type: LOCAL REDISTRIBUTE dop: 64/1)", "Parent Relationship": "Outer", "Startup Cost": 0.0, "Total Cost": 196956.49, "Plan Rows": 1304518, "Plan Width": 28, "Actual Min Startup Time": 328.082, "Actual Max Startup Time": 349.142, "Actual Min Total Time": 871.209, "Actual Max Total Time": 873.222, "Plans": [{"Node Type": "Nested Loop", "Parent Relationship": "Outer", "Join Type": "Inner", "Startup Cost": 0.0, "Total Cost": 80954.08, "Plan Rows": 1304518, "Plan Width": 28, "Actual Min Startup Time": 916.571, "Actual Max Startup Time": 916.571, "Actual Min Total Time": 1316.567, "Actual Max Total Time": 1316.567, "Inner Unique": false, "Join Filter": "(ct.id = mc.company_type_id), (LLVM Optimized, Jit Execute)", "Rows Removed by Join Filter": 1196183, "Plans": [{"Node Type": "Seq Scan", "Parent Relationship": "Outer", "Relation Name": "company_type", "Alias": "ct", "Startup Cost": 0.0, "Total Cost": 1.04, "Plan Rows": 1, "Plan Width": 4, "Actual Min Startup Time": 0.023, "Actual Max Startup Time": 0.023, "Actual Min Total Time": 0.028, "Actual Max Total Time": 0.028, "Filter": "((kind)::text = 'production companies'::text)", "Rows Removed by Filter": 2, "Actual Rows": 1}, {"Node Type": "Seq Scan", "Parent Relationship": "Inner", "Relation Name": "movie_companies", "Alias": "mc", "Startup Cost": 0.0, "Total Cost": 48340.1, "Plan Rows": 2609035, "Plan Width": 32, "Actual Min Startup Time": 0.037, "Actual Max Startup Time": 0.037, "Actual Min Total Time": 1017.575, "Actual Max Total Time": 1017.575, "Filter": "((note)::text !~~ '%(as Metro-Goldwyn-Mayer Pictures)%'::text), (LLVM Optimized, Jit Execute)", "Rows Removed by Filter": 1272041, "Actual Rows": 1337087}], "Actual Rows": 140904}], "Actual Rows": 140904}, {"Node Type": "Materialize", "Parent Relationship": "Inner", "Startup Cost": 0.0, "Total Cost": 2052357.93, "Plan Rows": 447839, "Plan Width": 29, "Actual Min Startup Time": 467.363, "Actual Max Startup Time": 802.9, "Actual Min Total Time": 467.363, "Actual Max Total Time": 802.9, "Plans": [{"Node Type": "Streaming(type: LOCAL REDISTRIBUTE dop: 64/64)", "Parent Relationship": "Outer", "Startup Cost": 0.0, "Total Cost": 2052322.94, "Plan Rows": 447839, "Plan Width": 29, "Actual Min Startup Time": 467.097, "Actual Max Startup Time": 802.742, "Actual Min Total Time": 467.097, "Actual Max Total Time": 802.742, "Plans": [{"Node Type": "Nested Loop", "Parent Relationship": "Outer", "Join Type": "Inner", "Startup Cost": 0.0, "Total Cost": 1988898.72, "Plan Rows": 447839, "Plan Width": 29, "Actual Min Startup Time": 460.024, "Actual Max Startup Time": 753.528, "Actual Min Total Time": 460.024, "Actual Max Total Time": 753.528, "Inner Unique": true, "Join Filter": "(mi_idx.movie_id = t.id), (LLVM Optimized, Jit Execute)", "Rows Removed by Join Filter": 189349, "Plans": [{"Node Type": "Streaming(type: LOCAL REDISTRIBUTE dop: 64/1)", "Parent Relationship": "Outer", "Startup Cost": 0.0, "Total Cost": 114544.8, "Plan Rows": 345008, "Plan Width": 4, "Actual Min Startup Time": 402.997, "Actual Max Startup Time": 404.49, "Actual Min Total Time": 402.997, "Actual Max Total Time": 404.492, "Plans": [{"Node Type": "Nested Loop", "Parent Relationship": "Outer", "Join Type": "Inner", "Startup Cost": 0.0, "Total Cost": 37527.17, "Plan Rows": 345008, "Plan Width": 4, "Actual Min Startup Time": 593.999, "Actual Max Startup Time": 593.999, "Actual Min Total Time": 594.021, "Actual Max Total Time": 594.021, "Inner Unique": false, "Join Filter": "(it.id = mi_idx.info_type_id), (LLVM Optimized, Jit Execute)", "Rows Removed by Join Filter": 1380024, "Plans": [{"Node Type": "Seq Scan", "Parent Relationship": "Outer", "Relation Name": "info_type", "Alias": "it", "Startup Cost": 0.0, "Total Cost": 2.4, "Plan Rows": 1, "Plan Width": 4, "Actual Min Startup Time": 0.074, "Actual Max Startup Time": 0.074, "Actual Min Total Time": 0.087, "Actual Max Total Time": 0.087, "Filter": "((info)::text = 'bottom 10 rank'::text)", "Rows Removed by Filter": 111, "Actual Rows": 1}, {"Node Type": "Seq Scan", "Parent Relationship": "Inner", "Relation Name": "movie_info_idx", "Alias": "mi_idx", "Startup Cost": 0.0, "Total Cost": 20274.34, "Plan Rows": 1380034, "Plan Width": 8, "Actual Min Startup Time": 0.051, "Actual Max Startup Time": 0.051, "Actual Min Total Time": 304.475, "Actual Max Total Time": 304.475, "Actual Rows": 1380034}], "Actual Rows": 10}], "Actual Rows": 10}, {"Node Type": "Materialize", "Parent Relationship": "Inner", "Startup Cost": 0.0, "Total Cost": 128454.31, "Plan Rows": 1381886, "Plan Width": 25, "Actual Min Startup Time": 53.514, "Actual Max Startup Time": 348.09, "Actual Min Total Time": 54.408, "Actual Max Total Time": 348.09, "Plans": [{"Node Type": "Streaming(type: LOCAL REDISTRIBUTE dop: 64/64)", "Parent Relationship": "Outer", "Startup Cost": 0.0, "Total Cost": 128346.36, "Plan Rows": 1381886, "Plan Width": 25, "Actual Min Startup Time": 0.127, "Actual Max Startup Time": 166.849, "Actual Min Total Time": 47.409, "Actual Max Total Time": 343.411, "Plans": [{"Node Type": "Seq Scan", "Parent Relationship": "Outer", "Relation Name": "title", "Alias": "t", "Startup Cost": 0.0, "Total Cost": 64037.34, "Plan Rows": 1381886, "Plan Width": 25, "Actual Min Startup Time": 0.029, "Actual Max Startup Time": 0.083, "Actual Min Total Time": 15.495, "Actual Max Total Time": 19.642, "Filter": "(production_year > 2000), (LLVM Optimized, Jit Execute)", "Rows Removed by Filter": 1146858, "Actual Rows": 1381453}], "Actual Rows": 1381453}], "Actual Rows": 189419}], "Actual Rows": 6}], "Actual Rows": 6}], "Actual Rows": 13204}], "Actual Rows": 4}], "Actual Rows": 64}], "Actual Rows": 64}], "Actual Rows": 1}, "Triggers": [], "Planner Runtime": 3, "Total Runtime": 1945.815, "Unique SQL Id": 2492542741}}, "(64, 123)": {"explain_plan": {"Plan": {"Node Type": "Aggregate", "Strategy": "Plain", "Startup Cost": 5015944704069.06, "Total Cost": 5015944704069.07, "Plan Rows": 1, "Plan Width": 113, "Plans": [{"Node Type": "Nested Loop", "Parent Relationship": "Outer", "Join Type": "Inner", "Startup Cost": 50000000000.0, "Total Cost": 5015944699284.92, "Plan Rows": 637886, "Plan Width": 45, "Inner Unique": false, "Join Filter": "(mc.movie_id = t.id), (LLVM Optimized)", "Plans": [{"Node Type": "Nested Loop", "Parent Relationship": "Outer", "Join Type": "Inner", "Startup Cost": 20000000000.0, "Total Cost": 2000013744593.91, "Plan Rows": 1304518, "Plan Width": 28, "Inner Unique": true, "Join Filter": "(ct.id = mc.company_type_id), (LLVM Optimized)", "Plans": [{"Node Type": "Index Scan", "Parent Relationship": "Outer", "Scan Direction": "Forward", "Index Name": "movie_id_movie_companies", "Relation Name": "movie_companies", "Alias": "mc", "Startup Cost": 10000000000.0, "Total Cost": 1000013704228.13, "Plan Rows": 2609035, "Plan Width": 32, "Filter": "((note)::text !~~ '%(as Metro-Goldwyn-Mayer Pictures)%'::text), (LLVM Optimized)"}, {"Node Type": "Materialize", "Parent Relationship": "Inner", "Startup Cost": 10000000000.0, "Total Cost": 1000000001230.26, "Plan Rows": 1, "Plan Width": 4, "Plans": [{"Node Type": "Index Scan", "Parent Relationship": "Outer", "Scan Direction": "Forward", "Index Name": "company_type_pkey", "Relation Name": "company_type", "Alias": "ct", "Startup Cost": 10000000000.0, "Total Cost": 1000000001230.25, "Plan Rows": 1, "Plan Width": 4, "Filter": "((kind)::text = 'production companies'::text)"}]}]}, {"Node Type": "Materialize", "Parent Relationship": "Inner", "Startup Cost": 30000000000.0, "Total Cost": 3007167745261.58, "Plan Rows": 447839, "Plan Width": 29, "Plans": [{"Node Type": "Nested Loop", "Parent Relationship": "Outer", "Join Type": "Inner", "Startup Cost": 30000000000.0, "Total Cost": 3007167743022.38, "Plan Rows": 447839, "Plan Width": 29, "Inner Unique": false, "Join Filter": "(mi_idx.movie_id = t.id), (LLVM Optimized)", "Plans": [{"Node Type": "Index Scan", "Parent Relationship": "Outer", "Scan Direction": "Forward", "Index Name": "title_pkey", "Relation Name": "title", "Alias": "t", "Startup Cost": 10000000000.0, "Total Cost": 1000011644126.66, "Plan Rows": 1381886, "Plan Width": 25, "Filter": "(production_year > 2000), (LLVM Optimized)"}, {"Node Type": "Materialize", "Parent Relationship": "Inner", "Startup Cost": 20000000000.0, "Total Cost": 2000004673881.92, "Plan Rows": 345008, "Plan Width": 4, "Plans": [{"Node Type": "Nested Loop", "Parent Relationship": "Outer", "Join Type": "Inner", "Startup Cost": 20000000000.0, "Total Cost": 2000004672156.88, "Plan Rows": 345008, "Plan Width": 4, "Inner Unique": true, "Join Filter": "(it.id = mi_idx.info_type_id), (LLVM Optimized)", "Plans": [{"Node Type": "Index Scan", "Parent Relationship": "Outer", "Scan Direction": "Forward", "Index Name": "movie_id_movie_info_idx", "Relation Name": "movie_info_idx", "Alias": "mi_idx", "Startup Cost": 10000000000.0, "Total Cost": 1000004650035.37, "Plan Rows": 1380034, "Plan Width": 8}, {"Node Type": "Materialize", "Parent Relationship": "Inner", "Startup Cost": 10000000000.0, "Total Cost": 1000000001421.0, "Plan Rows": 1, "Plan Width": 4, "Plans": [{"Node Type": "Index Scan", "Parent Relationship": "Outer", "Scan Direction": "Forward", "Index Name": "info_type_pkey", "Relation Name": "info_type", "Alias": "it", "Startup Cost": 10000000000.0, "Total Cost": 1000000001421.0, "Plan Rows": 1, "Plan Width": 4, "Filter": "((info)::text = 'bottom 10 rank'::text)"}]}]}]}]}]}]}]}, "Unique SQL Id": 2492542741, "Planner Runtime": 2}, "explain_analyze_plan": null}, "(64, 124)": {"explain_plan": {"Plan": {"Node Type": "Aggregate", "Strategy": "Plain", "Startup Cost": 362073.77, "Total Cost": 362073.78, "Plan Rows": 1, "Plan Width": 113, "Plans": [{"Node Type": "Nested Loop", "Parent Relationship": "Outer", "Join Type": "Inner", "Startup Cost": 0.0, "Total Cost": 357289.62, "Plan Rows": 637886, "Plan Width": 45, "Inner Unique": true, "Plans": [{"Node Type": "Nested Loop", "Parent Relationship": "Outer", "Join Type": "Inner", "Startup Cost": 0.0, "Total Cost": 181867.76, "Plan Rows": 501180, "Plan Width": 32, "Inner Unique": false, "Join Filter": "(mc.company_type_id = ct.id), (LLVM Optimized)", "Plans": [{"Node Type": "Seq Scan", "Parent Relationship": "Outer", "Relation Name": "company_type", "Alias": "ct", "Startup Cost": 0.0, "Total Cost": 1.04, "Plan Rows": 1, "Plan Width": 4, "Filter": "((kind)::text = 'production companies'::text)"}, {"Node Type": "Nested Loop", "Parent Relationship": "Inner", "Join Type": "Inner", "Startup Cost": 0.0, "Total Cost": 171503.65, "Plan Rows": 829046, "Plan Width": 36, "Inner Unique": false, "Plans": [{"Node Type": "Nested Loop", "Parent Relationship": "Outer", "Join Type": "Inner", "Startup Cost": 0.0, "Total Cost": 37527.17, "Plan Rows": 345008, "Plan Width": 4, "Inner Unique": false, "Join Filter": "(it.id = mi_idx.info_type_id), (LLVM Optimized)", "Plans": [{"Node Type": "Seq Scan", "Parent Relationship": "Outer", "Relation Name": "info_type", "Alias": "it", "Startup Cost": 0.0, "Total Cost": 2.4, "Plan Rows": 1, "Plan Width": 4, "Filter": "((info)::text = 'bottom 10 rank'::text)"}, {"Node Type": "Seq Scan", "Parent Relationship": "Inner", "Relation Name": "movie_info_idx", "Alias": "mi_idx", "Startup Cost": 0.0, "Total Cost": 20274.34, "Plan Rows": 1380034, "Plan Width": 8}]}, {"Node Type": "Index Scan", "Parent Relationship": "Inner", "Scan Direction": "Forward", "Index Name": "movie_id_movie_companies", "Relation Name": "movie_companies", "Alias": "mc", "Startup Cost": 0.0, "Total Cost": 0.37, "Plan Rows": 2, "Plan Width": 32, "Index Cond": "(movie_id = mi_idx.movie_id)", "Filter": "((note)::text !~~ '%(as Metro-Goldwyn-Mayer Pictures)%'::text)"}]}]}, {"Node Type": "Index Scan", "Parent Relationship": "Inner", "Scan Direction": "Forward", "Index Name": "title_pkey", "Relation Name": "title", "Alias": "t", "Startup Cost": 0.0, "Total Cost": 0.34, "Plan Rows": 1, "Plan Width": 25, "Index Cond": "(id = mc.movie_id)", "Filter": "(production_year > 2000)"}]}]}, "Unique SQL Id": 2492542741, "Planner Runtime": 2}, "explain_analyze_plan": {"Plan": {"Node Type": "Aggregate", "Strategy": "Plain", "Startup Cost": 362073.77, "Total Cost": 362073.78, "Plan Rows": 1, "Plan Width": 113, "Actual Startup Time": 608.336, "Actual Total Time": 608.337, "Actual Rows": 1, "Actual Loops": 1, "Plans": [{"Node Type": "Nested Loop", "Parent Relationship": "Outer", "Join Type": "Inner", "Startup Cost": 0.0, "Total Cost": 357289.62, "Plan Rows": 637886, "Plan Width": 45, "Actual Startup Time": 608.213, "Actual Total Time": 608.31, "Actual Rows": 4, "Actual Loops": 1, "Inner Unique": true, "Plans": [{"Node Type": "Nested Loop", "Parent Relationship": "Outer", "Join Type": "Inner", "Startup Cost": 0.0, "Total Cost": 181867.76, "Plan Rows": 501180, "Plan Width": 32, "Actual Startup Time": 608.058, "Actual Total Time": 608.253, "Actual Rows": 5, "Actual Loops": 1, "Inner Unique": false, "Join Filter": "(mc.company_type_id = ct.id), (LLVM Optimized)", "Rows Removed by Join Filter": 95, "Plans": [{"Node Type": "Seq Scan", "Parent Relationship": "Outer", "Relation Name": "company_type", "Alias": "ct", "Startup Cost": 0.0, "Total Cost": 1.04, "Plan Rows": 1, "Plan Width": 4, "Actual Startup Time": 0.022, "Actual Total Time": 0.027, "Actual Rows": 1, "Actual Loops": 1, "Filter": "((kind)::text = 'production companies'::text)", "Rows Removed by Filter": 2}, {"Node Type": "Nested Loop", "Parent Relationship": "Inner", "Join Type": "Inner", "Startup Cost": 0.0, "Total Cost": 171503.65, "Plan Rows": 829046, "Plan Width": 36, "Actual Startup Time": 607.933, "Actual Total Time": 608.183, "Actual Rows": 100, "Actual Loops": 1, "Inner Unique": false, "Plans": [{"Node Type": "Nested Loop", "Parent Relationship": "Outer", "Join Type": "Inner", "Startup Cost": 0.0, "Total Cost": 37527.17, "Plan Rows": 345008, "Plan Width": 4, "Actual Startup Time": 607.872, "Actual Total Time": 607.898, "Actual Rows": 10, "Actual Loops": 1, "Inner Unique": false, "Join Filter": "(it.id = mi_idx.info_type_id), (LLVM Optimized)", "Rows Removed by Join Filter": 1380024, "Plans": [{"Node Type": "Seq Scan", "Parent Relationship": "Outer", "Relation Name": "info_type", "Alias": "it", "Startup Cost": 0.0, "Total Cost": 2.4, "Plan Rows": 1, "Plan Width": 4, "Actual Startup Time": 0.061, "Actual Total Time": 0.078, "Actual Rows": 1, "Actual Loops": 1, "Filter": "((info)::text = 'bottom 10 rank'::text)", "Rows Removed by Filter": 111}, {"Node Type": "Seq Scan", "Parent Relationship": "Inner", "Relation Name": "movie_info_idx", "Alias": "mi_idx", "Startup Cost": 0.0, "Total Cost": 20274.34, "Plan Rows": 1380034, "Plan Width": 8, "Actual Startup Time": 0.059, "Actual Total Time": 296.985, "Actual Rows": 1380034, "Actual Loops": 1}]}, {"Node Type": "Index Scan", "Parent Relationship": "Inner", "Scan Direction": "Forward", "Index Name": "movie_id_movie_companies", "Relation Name": "movie_companies", "Alias": "mc", "Startup Cost": 0.0, "Total Cost": 0.37, "Plan Rows": 2, "Plan Width": 32, "Actual Startup Time": 0.152, "Actual Total Time": 0.244, "Actual Rows": 100, "Actual Loops": 10, "Index Cond": "(movie_id = mi_idx.movie_id)", "Rows Removed by Index Recheck": 0, "Filter": "((note)::text !~~ '%(as Metro-Goldwyn-Mayer Pictures)%'::text)", "Rows Removed by Filter": 20}]}]}, {"Node Type": "Index Scan", "Parent Relationship": "Inner", "Scan Direction": "Forward", "Index Name": "title_pkey", "Relation Name": "title", "Alias": "t", "Startup Cost": 0.0, "Total Cost": 0.34, "Plan Rows": 1, "Plan Width": 25, "Actual Startup Time": 0.047, "Actual Total Time": 0.047, "Actual Rows": 4, "Actual Loops": 5, "Index Cond": "(id = mc.movie_id)", "Rows Removed by Index Recheck": 0, "Filter": "(production_year > 2000)", "Rows Removed by Filter": 1}]}]}, "Triggers": [], "Planner Runtime": 2, "Total Runtime": 619.793, "Unique SQL Id": 2492542741}}, "(64, 125)": {"explain_plan": {"Plan": {"Node Type": "Aggregate", "Strategy": "Plain", "Startup Cost": 362896.07, "Total Cost": 362896.08, "Plan Rows": 1, "Plan Width": 113, "Plans": [{"Node Type": "Nested Loop", "Parent Relationship": "Outer", "Join Type": "Inner", "Startup Cost": 0.0, "Total Cost": 358111.92, "Plan Rows": 637886, "Plan Width": 45, "Inner Unique": true, "Plans": [{"Node Type": "Nested Loop", "Parent Relationship": "Outer", "Join Type": "Inner", "Startup Cost": 0.0, "Total Cost": 182690.06, "Plan Rows": 501180, "Plan Width": 32, "Inner Unique": false, "Join Filter": "(mc.company_type_id = ct.id), (LLVM Optimized)", "Plans": [{"Node Type": "Index Scan", "Parent Relationship": "Outer", "Scan Direction": "Forward", "Index Name": "company_type_pkey", "Relation Name": "company_type", "Alias": "ct", "Startup Cost": 0.0, "Total Cost": 12.3, "Plan Rows": 1, "Plan Width": 4, "Filter": "((kind)::text = 'production companies'::text)"}, {"Node Type": "Nested Loop", "Parent Relationship": "Inner", "Join Type": "Inner", "Startup Cost": 0.0, "Total Cost": 172314.68, "Plan Rows": 829046, "Plan Width": 36, "Inner Unique": false, "Plans": [{"Node Type": "Nested Loop", "Parent Relationship": "Outer", "Join Type": "Inner", "Startup Cost": 0.0, "Total Cost": 38338.2, "Plan Rows": 345008, "Plan Width": 4, "Inner Unique": false, "Plans": [{"Node Type": "Index Scan", "Parent Relationship": "Outer", "Scan Direction": "Forward", "Index Name": "info_type_pkey", "Relation Name": "info_type", "Alias": "it", "Startup Cost": 0.0, "Total Cost": 14.21, "Plan Rows": 1, "Plan Width": 4, "Filter": "((info)::text = 'bottom 10 rank'::text)"}, {"Node Type": "Index Scan", "Parent Relationship": "Inner", "Scan Direction": "Forward", "Index Name": "info_type_id_movie_info_idx", "Relation Name": "movie_info_idx", "Alias": "mi_idx", "Startup Cost": 0.0, "Total Cost": 34873.91, "Plan Rows": 345008, "Plan Width": 8, "Index Cond": "(info_type_id = it.id), (LLVM Optimized)"}]}, {"Node Type": "Index Scan", "Parent Relationship": "Inner", "Scan Direction": "Forward", "Index Name": "movie_id_movie_companies", "Relation Name": "movie_companies", "Alias": "mc", "Startup Cost": 0.0, "Total Cost": 0.37, "Plan Rows": 2, "Plan Width": 32, "Index Cond": "(movie_id = mi_idx.movie_id)", "Filter": "((note)::text !~~ '%(as Metro-Goldwyn-Mayer Pictures)%'::text)"}]}]}, {"Node Type": "Index Scan", "Parent Relationship": "Inner", "Scan Direction": "Forward", "Index Name": "title_pkey", "Relation Name": "title", "Alias": "t", "Startup Cost": 0.0, "Total Cost": 0.34, "Plan Rows": 1, "Plan Width": 25, "Index Cond": "(id = mc.movie_id)", "Filter": "(production_year > 2000)"}]}]}, "Unique SQL Id": 2492542741, "Planner Runtime": 2}, "explain_analyze_plan": {"Plan": {"Node Type": "Aggregate", "Strategy": "Plain", "Startup Cost": 362896.07, "Total Cost": 362896.08, "Plan Rows": 1, "Plan Width": 113, "Actual Startup Time": 0.406, "Actual Total Time": 0.406, "Actual Rows": 1, "Actual Loops": 1, "Plans": [{"Node Type": "Nested Loop", "Parent Relationship": "Outer", "Join Type": "Inner", "Startup Cost": 0.0, "Total Cost": 358111.92, "Plan Rows": 637886, "Plan Width": 45, "Actual Startup Time": 0.319, "Actual Total Time": 0.388, "Actual Rows": 4, "Actual Loops": 1, "Inner Unique": true, "Plans": [{"Node Type": "Nested Loop", "Parent Relationship": "Outer", "Join Type": "Inner", "Startup Cost": 0.0, "Total Cost": 182690.06, "Plan Rows": 501180, "Plan Width": 32, "Actual Startup Time": 0.195, "Actual Total Time": 0.347, "Actual Rows": 5, "Actual Loops": 1, "Inner Unique": false, "Join Filter": "(mc.company_type_id = ct.id), (LLVM Optimized)", "Rows Removed by Join Filter": 95, "Plans": [{"Node Type": "Index Scan", "Parent Relationship": "Outer", "Scan Direction": "Forward", "Index Name": "company_type_pkey", "Relation Name": "company_type", "Alias": "ct", "Startup Cost": 0.0, "Total Cost": 12.3, "Plan Rows": 1, "Plan Width": 4, "Actual Startup Time": 0.027, "Actual Total Time": 0.029, "Actual Rows": 1, "Actual Loops": 1, "Filter": "((kind)::text = 'production companies'::text)", "Rows Removed by Filter": 2}, {"Node Type": "Nested Loop", "Parent Relationship": "Inner", "Join Type": "Inner", "Startup Cost": 0.0, "Total Cost": 172314.68, "Plan Rows": 829046, "Plan Width": 36, "Actual Startup Time": 0.092, "Actual Total Time": 0.293, "Actual Rows": 100, "Actual Loops": 1, "Inner Unique": false, "Plans": [{"Node Type": "Nested Loop", "Parent Relationship": "Outer", "Join Type": "Inner", "Startup Cost": 0.0, "Total Cost": 38338.2, "Plan Rows": 345008, "Plan Width": 4, "Actual Startup Time": 0.077, "Actual Total Time": 0.087, "Actual Rows": 10, "Actual Loops": 1, "Inner Unique": false, "Plans": [{"Node Type": "Index Scan", "Parent Relationship": "Outer", "Scan Direction": "Forward", "Index Name": "info_type_pkey", "Relation Name": "info_type", "Alias": "it", "Startup Cost": 0.0, "Total Cost": 14.21, "Plan Rows": 1, "Plan Width": 4, "Actual Startup Time": 0.06, "Actual Total Time": 0.061, "Actual Rows": 1, "Actual Loops": 1, "Filter": "((info)::text = 'bottom 10 rank'::text)", "Rows Removed by Filter": 111}, {"Node Type": "Index Scan", "Parent Relationship": "Inner", "Scan Direction": "Forward", "Index Name": "info_type_id_movie_info_idx", "Relation Name": "movie_info_idx", "Alias": "mi_idx", "Startup Cost": 0.0, "Total Cost": 34873.91, "Plan Rows": 345008, "Plan Width": 8, "Actual Startup Time": 0.014, "Actual Total Time": 0.019, "Actual Rows": 10, "Actual Loops": 1, "Index Cond": "(info_type_id = it.id), (LLVM Optimized)", "Rows Removed by Index Recheck": 0}]}, {"Node Type": "Index Scan", "Parent Relationship": "Inner", "Scan Direction": "Forward", "Index Name": "movie_id_movie_companies", "Relation Name": "movie_companies", "Alias": "mc", "Startup Cost": 0.0, "Total Cost": 0.37, "Plan Rows": 2, "Plan Width": 32, "Actual Startup Time": 0.086, "Actual Total Time": 0.173, "Actual Rows": 100, "Actual Loops": 10, "Index Cond": "(movie_id = mi_idx.movie_id)", "Rows Removed by Index Recheck": 0, "Filter": "((note)::text !~~ '%(as Metro-Goldwyn-Mayer Pictures)%'::text)", "Rows Removed by Filter": 20}]}]}, {"Node Type": "Index Scan", "Parent Relationship": "Inner", "Scan Direction": "Forward", "Index Name": "title_pkey", "Relation Name": "title", "Alias": "t", "Startup Cost": 0.0, "Total Cost": 0.34, "Plan Rows": 1, "Plan Width": 25, "Actual Startup Time": 0.035, "Actual Total Time": 0.035, "Actual Rows": 4, "Actual Loops": 5, "Index Cond": "(id = mc.movie_id)", "Rows Removed by Index Recheck": 0, "Filter": "(production_year > 2000)", "Rows Removed by Filter": 1}]}]}, "Triggers": [], "Planner Runtime": 2, "Total Runtime": 10.148, "Unique SQL Id": 2492542741}}, "(64, 126)": {"explain_plan": {"Plan": {"Node Type": "Aggregate", "Strategy": "Plain", "Startup Cost": 4393536.77, "Total Cost": 4393536.8, "Plan Rows": 1, "Plan Width": 113, "Plans": [{"Node Type": "Streaming(type: LOCAL GATHER dop: 1/64)", "Parent Relationship": "Outer", "Startup Cost": 4393536.77, "Total Cost": 4393536.8, "Plan Rows": 1, "Plan Width": 113, "Plans": [{"Node Type": "Aggregate", "Strategy": "Plain", "Parent Relationship": "Outer", "Startup Cost": 4393536.77, "Total Cost": 4393536.78, "Plan Rows": 1, "Plan Width": 113, "Plans": [{"Node Type": "Nested Loop", "Parent Relationship": "Outer", "Join Type": "Inner", "Startup Cost": 0.0, "Total Cost": 4388752.62, "Plan Rows": 637886, "Plan Width": 45, "Inner Unique": false, "Join Filter": "(mc.movie_id = t.id), (LLVM Optimized)", "Plans": [{"Node Type": "Streaming(type: LOCAL REDISTRIBUTE dop: 64/1)", "Parent Relationship": "Outer", "Startup Cost": 0.0, "Total Cost": 196956.49, "Plan Rows": 1304518, "Plan Width": 28, "Plans": [{"Node Type": "Nested Loop", "Parent Relationship": "Outer", "Join Type": "Inner", "Startup Cost": 0.0, "Total Cost": 80954.08, "Plan Rows": 1304518, "Plan Width": 28, "Inner Unique": false, "Join Filter": "(ct.id = mc.company_type_id), (LLVM Optimized)", "Plans": [{"Node Type": "Seq Scan", "Parent Relationship": "Outer", "Relation Name": "company_type", "Alias": "ct", "Startup Cost": 0.0, "Total Cost": 1.04, "Plan Rows": 1, "Plan Width": 4, "Filter": "((kind)::text = 'production companies'::text)"}, {"Node Type": "Seq Scan", "Parent Relationship": "Inner", "Relation Name": "movie_companies", "Alias": "mc", "Startup Cost": 0.0, "Total Cost": 48340.1, "Plan Rows": 2609035, "Plan Width": 32, "Filter": "((note)::text !~~ '%(as Metro-Goldwyn-Mayer Pictures)%'::text), (LLVM Optimized)"}]}]}, {"Node Type": "Materialize", "Parent Relationship": "Inner", "Startup Cost": 0.0, "Total Cost": 2052357.93, "Plan Rows": 447839, "Plan Width": 29, "Plans": [{"Node Type": "Streaming(type: LOCAL REDISTRIBUTE dop: 64/64)", "Parent Relationship": "Outer", "Startup Cost": 0.0, "Total Cost": 2052322.94, "Plan Rows": 447839, "Plan Width": 29, "Plans": [{"Node Type": "Nested Loop", "Parent Relationship": "Outer", "Join Type": "Inner", "Startup Cost": 0.0, "Total Cost": 1988898.72, "Plan Rows": 447839, "Plan Width": 29, "Inner Unique": true, "Join Filter": "(mi_idx.movie_id = t.id), (LLVM Optimized)", "Plans": [{"Node Type": "Streaming(type: LOCAL REDISTRIBUTE dop: 64/1)", "Parent Relationship": "Outer", "Startup Cost": 0.0, "Total Cost": 114544.8, "Plan Rows": 345008, "Plan Width": 4, "Plans": [{"Node Type": "Nested Loop", "Parent Relationship": "Outer", "Join Type": "Inner", "Startup Cost": 0.0, "Total Cost": 37527.17, "Plan Rows": 345008, "Plan Width": 4, "Inner Unique": false, "Join Filter": "(it.id = mi_idx.info_type_id), (LLVM Optimized)", "Plans": [{"Node Type": "Seq Scan", "Parent Relationship": "Outer", "Relation Name": "info_type", "Alias": "it", "Startup Cost": 0.0, "Total Cost": 2.4, "Plan Rows": 1, "Plan Width": 4, "Filter": "((info)::text = 'bottom 10 rank'::text)"}, {"Node Type": "Seq Scan", "Parent Relationship": "Inner", "Relation Name": "movie_info_idx", "Alias": "mi_idx", "Startup Cost": 0.0, "Total Cost": 20274.34, "Plan Rows": 1380034, "Plan Width": 8}]}]}, {"Node Type": "Materialize", "Parent Relationship": "Inner", "Startup Cost": 0.0, "Total Cost": 128454.31, "Plan Rows": 1381886, "Plan Width": 25, "Plans": [{"Node Type": "Streaming(type: LOCAL REDISTRIBUTE dop: 64/64)", "Parent Relationship": "Outer", "Startup Cost": 0.0, "Total Cost": 128346.36, "Plan Rows": 1381886, "Plan Width": 25, "Plans": [{"Node Type": "Seq Scan", "Parent Relationship": "Outer", "Relation Name": "title", "Alias": "t", "Startup Cost": 0.0, "Total Cost": 64037.34, "Plan Rows": 1381886, "Plan Width": 25, "Filter": "(production_year > 2000), (LLVM Optimized)"}]}]}]}]}]}]}]}]}]}, "Unique SQL Id": 2492542741, "Planner Runtime": 3}, "explain_analyze_plan": {"Plan": {"Node Type": "Aggregate", "Strategy": "Plain", "Startup Cost": 4393536.77, "Total Cost": 4393536.8, "Plan Rows": 1, "Plan Width": 113, "Actual Min Startup Time": 1881.358, "Actual Max Startup Time": 1881.358, "Actual Min Total Time": 1881.358, "Actual Max Total Time": 1881.358, "Plans": [{"Node Type": "Streaming(type: LOCAL GATHER dop: 1/64)", "Parent Relationship": "Outer", "Startup Cost": 4393536.77, "Total Cost": 4393536.8, "Plan Rows": 1, "Plan Width": 113, "Actual Min Startup Time": 1879.575, "Actual Max Startup Time": 1879.575, "Actual Min Total Time": 1881.283, "Actual Max Total Time": 1881.283, "Plans": [{"Node Type": "Aggregate", "Strategy": "Plain", "Parent Relationship": "Outer", "Startup Cost": 4393536.77, "Total Cost": 4393536.78, "Plan Rows": 1, "Plan Width": 113, "Actual Min Startup Time": 1340.849, "Actual Max Startup Time": 1676.545, "Actual Min Total Time": 1340.849, "Actual Max Total Time": 1676.545, "Plans": [{"Node Type": "Nested Loop", "Parent Relationship": "Outer", "Join Type": "Inner", "Startup Cost": 0.0, "Total Cost": 4388752.62, "Plan Rows": 637886, "Plan Width": 45, "Actual Min Startup Time": 1074.117, "Actual Max Startup Time": 1676.539, "Actual Min Total Time": 1340.842, "Actual Max Total Time": 1676.539, "Inner Unique": false, "Join Filter": "(mc.movie_id = t.id), (LLVM Optimized, Jit Execute)", "Rows Removed by Join Filter": 13194, "Plans": [{"Node Type": "Streaming(type: LOCAL REDISTRIBUTE dop: 64/1)", "Parent Relationship": "Outer", "Startup Cost": 0.0, "Total Cost": 196956.49, "Plan Rows": 1304518, "Plan Width": 28, "Actual Min Startup Time": 328.082, "Actual Max Startup Time": 349.142, "Actual Min Total Time": 871.209, "Actual Max Total Time": 873.222, "Plans": [{"Node Type": "Nested Loop", "Parent Relationship": "Outer", "Join Type": "Inner", "Startup Cost": 0.0, "Total Cost": 80954.08, "Plan Rows": 1304518, "Plan Width": 28, "Actual Min Startup Time": 916.571, "Actual Max Startup Time": 916.571, "Actual Min Total Time": 1316.567, "Actual Max Total Time": 1316.567, "Inner Unique": false, "Join Filter": "(ct.id = mc.company_type_id), (LLVM Optimized, Jit Execute)", "Rows Removed by Join Filter": 1196183, "Plans": [{"Node Type": "Seq Scan", "Parent Relationship": "Outer", "Relation Name": "company_type", "Alias": "ct", "Startup Cost": 0.0, "Total Cost": 1.04, "Plan Rows": 1, "Plan Width": 4, "Actual Min Startup Time": 0.023, "Actual Max Startup Time": 0.023, "Actual Min Total Time": 0.028, "Actual Max Total Time": 0.028, "Filter": "((kind)::text = 'production companies'::text)", "Rows Removed by Filter": 2, "Actual Rows": 1}, {"Node Type": "Seq Scan", "Parent Relationship": "Inner", "Relation Name": "movie_companies", "Alias": "mc", "Startup Cost": 0.0, "Total Cost": 48340.1, "Plan Rows": 2609035, "Plan Width": 32, "Actual Min Startup Time": 0.037, "Actual Max Startup Time": 0.037, "Actual Min Total Time": 1017.575, "Actual Max Total Time": 1017.575, "Filter": "((note)::text !~~ '%(as Metro-Goldwyn-Mayer Pictures)%'::text), (LLVM Optimized, Jit Execute)", "Rows Removed by Filter": 1272041, "Actual Rows": 1337087}], "Actual Rows": 140904}], "Actual Rows": 140904}, {"Node Type": "Materialize", "Parent Relationship": "Inner", "Startup Cost": 0.0, "Total Cost": 2052357.93, "Plan Rows": 447839, "Plan Width": 29, "Actual Min Startup Time": 467.363, "Actual Max Startup Time": 802.9, "Actual Min Total Time": 467.363, "Actual Max Total Time": 802.9, "Plans": [{"Node Type": "Streaming(type: LOCAL REDISTRIBUTE dop: 64/64)", "Parent Relationship": "Outer", "Startup Cost": 0.0, "Total Cost": 2052322.94, "Plan Rows": 447839, "Plan Width": 29, "Actual Min Startup Time": 467.097, "Actual Max Startup Time": 802.742, "Actual Min Total Time": 467.097, "Actual Max Total Time": 802.742, "Plans": [{"Node Type": "Nested Loop", "Parent Relationship": "Outer", "Join Type": "Inner", "Startup Cost": 0.0, "Total Cost": 1988898.72, "Plan Rows": 447839, "Plan Width": 29, "Actual Min Startup Time": 460.024, "Actual Max Startup Time": 753.528, "Actual Min Total Time": 460.024, "Actual Max Total Time": 753.528, "Inner Unique": true, "Join Filter": "(mi_idx.movie_id = t.id), (LLVM Optimized, Jit Execute)", "Rows Removed by Join Filter": 189349, "Plans": [{"Node Type": "Streaming(type: LOCAL REDISTRIBUTE dop: 64/1)", "Parent Relationship": "Outer", "Startup Cost": 0.0, "Total Cost": 114544.8, "Plan Rows": 345008, "Plan Width": 4, "Actual Min Startup Time": 402.997, "Actual Max Startup Time": 404.49, "Actual Min Total Time": 402.997, "Actual Max Total Time": 404.492, "Plans": [{"Node Type": "Nested Loop", "Parent Relationship": "Outer", "Join Type": "Inner", "Startup Cost": 0.0, "Total Cost": 37527.17, "Plan Rows": 345008, "Plan Width": 4, "Actual Min Startup Time": 593.999, "Actual Max Startup Time": 593.999, "Actual Min Total Time": 594.021, "Actual Max Total Time": 594.021, "Inner Unique": false, "Join Filter": "(it.id = mi_idx.info_type_id), (LLVM Optimized, Jit Execute)", "Rows Removed by Join Filter": 1380024, "Plans": [{"Node Type": "Seq Scan", "Parent Relationship": "Outer", "Relation Name": "info_type", "Alias": "it", "Startup Cost": 0.0, "Total Cost": 2.4, "Plan Rows": 1, "Plan Width": 4, "Actual Min Startup Time": 0.074, "Actual Max Startup Time": 0.074, "Actual Min Total Time": 0.087, "Actual Max Total Time": 0.087, "Filter": "((info)::text = 'bottom 10 rank'::text)", "Rows Removed by Filter": 111, "Actual Rows": 1}, {"Node Type": "Seq Scan", "Parent Relationship": "Inner", "Relation Name": "movie_info_idx", "Alias": "mi_idx", "Startup Cost": 0.0, "Total Cost": 20274.34, "Plan Rows": 1380034, "Plan Width": 8, "Actual Min Startup Time": 0.051, "Actual Max Startup Time": 0.051, "Actual Min Total Time": 304.475, "Actual Max Total Time": 304.475, "Actual Rows": 1380034}], "Actual Rows": 10}], "Actual Rows": 10}, {"Node Type": "Materialize", "Parent Relationship": "Inner", "Startup Cost": 0.0, "Total Cost": 128454.31, "Plan Rows": 1381886, "Plan Width": 25, "Actual Min Startup Time": 53.514, "Actual Max Startup Time": 348.09, "Actual Min Total Time": 54.408, "Actual Max Total Time": 348.09, "Plans": [{"Node Type": "Streaming(type: LOCAL REDISTRIBUTE dop: 64/64)", "Parent Relationship": "Outer", "Startup Cost": 0.0, "Total Cost": 128346.36, "Plan Rows": 1381886, "Plan Width": 25, "Actual Min Startup Time": 0.127, "Actual Max Startup Time": 166.849, "Actual Min Total Time": 47.409, "Actual Max Total Time": 343.411, "Plans": [{"Node Type": "Seq Scan", "Parent Relationship": "Outer", "Relation Name": "title", "Alias": "t", "Startup Cost": 0.0, "Total Cost": 64037.34, "Plan Rows": 1381886, "Plan Width": 25, "Actual Min Startup Time": 0.029, "Actual Max Startup Time": 0.083, "Actual Min Total Time": 15.495, "Actual Max Total Time": 19.642, "Filter": "(production_year > 2000), (LLVM Optimized, Jit Execute)", "Rows Removed by Filter": 1146858, "Actual Rows": 1381453}], "Actual Rows": 1381453}], "Actual Rows": 189419}], "Actual Rows": 6}], "Actual Rows": 6}], "Actual Rows": 13204}], "Actual Rows": 4}], "Actual Rows": 64}], "Actual Rows": 64}], "Actual Rows": 1}, "Triggers": [], "Planner Runtime": 3, "Total Runtime": 1945.815, "Unique SQL Id": 2492542741}}, "(64, 127)": {"explain_plan": {"Plan": {"Node Type": "Aggregate", "Strategy": "Plain", "Startup Cost": 5015944704069.06, "Total Cost": 5015944704069.07, "Plan Rows": 1, "Plan Width": 113, "Plans": [{"Node Type": "Nested Loop", "Parent Relationship": "Outer", "Join Type": "Inner", "Startup Cost": 50000000000.0, "Total Cost": 5015944699284.92, "Plan Rows": 637886, "Plan Width": 45, "Inner Unique": false, "Join Filter": "(mc.movie_id = t.id), (LLVM Optimized)", "Plans": [{"Node Type": "Nested Loop", "Parent Relationship": "Outer", "Join Type": "Inner", "Startup Cost": 20000000000.0, "Total Cost": 2000013744593.91, "Plan Rows": 1304518, "Plan Width": 28, "Inner Unique": true, "Join Filter": "(ct.id = mc.company_type_id), (LLVM Optimized)", "Plans": [{"Node Type": "Index Scan", "Parent Relationship": "Outer", "Scan Direction": "Forward", "Index Name": "movie_id_movie_companies", "Relation Name": "movie_companies", "Alias": "mc", "Startup Cost": 10000000000.0, "Total Cost": 1000013704228.13, "Plan Rows": 2609035, "Plan Width": 32, "Filter": "((note)::text !~~ '%(as Metro-Goldwyn-Mayer Pictures)%'::text), (LLVM Optimized)"}, {"Node Type": "Materialize", "Parent Relationship": "Inner", "Startup Cost": 10000000000.0, "Total Cost": 1000000001230.26, "Plan Rows": 1, "Plan Width": 4, "Plans": [{"Node Type": "Index Scan", "Parent Relationship": "Outer", "Scan Direction": "Forward", "Index Name": "company_type_pkey", "Relation Name": "company_type", "Alias": "ct", "Startup Cost": 10000000000.0, "Total Cost": 1000000001230.25, "Plan Rows": 1, "Plan Width": 4, "Filter": "((kind)::text = 'production companies'::text)"}]}]}, {"Node Type": "Materialize", "Parent Relationship": "Inner", "Startup Cost": 30000000000.0, "Total Cost": 3007167745261.58, "Plan Rows": 447839, "Plan Width": 29, "Plans": [{"Node Type": "Nested Loop", "Parent Relationship": "Outer", "Join Type": "Inner", "Startup Cost": 30000000000.0, "Total Cost": 3007167743022.38, "Plan Rows": 447839, "Plan Width": 29, "Inner Unique": false, "Join Filter": "(mi_idx.movie_id = t.id), (LLVM Optimized)", "Plans": [{"Node Type": "Index Scan", "Parent Relationship": "Outer", "Scan Direction": "Forward", "Index Name": "title_pkey", "Relation Name": "title", "Alias": "t", "Startup Cost": 10000000000.0, "Total Cost": 1000011644126.66, "Plan Rows": 1381886, "Plan Width": 25, "Filter": "(production_year > 2000), (LLVM Optimized)"}, {"Node Type": "Materialize", "Parent Relationship": "Inner", "Startup Cost": 20000000000.0, "Total Cost": 2000004673881.92, "Plan Rows": 345008, "Plan Width": 4, "Plans": [{"Node Type": "Nested Loop", "Parent Relationship": "Outer", "Join Type": "Inner", "Startup Cost": 20000000000.0, "Total Cost": 2000004672156.88, "Plan Rows": 345008, "Plan Width": 4, "Inner Unique": true, "Join Filter": "(it.id = mi_idx.info_type_id), (LLVM Optimized)", "Plans": [{"Node Type": "Index Scan", "Parent Relationship": "Outer", "Scan Direction": "Forward", "Index Name": "movie_id_movie_info_idx", "Relation Name": "movie_info_idx", "Alias": "mi_idx", "Startup Cost": 10000000000.0, "Total Cost": 1000004650035.37, "Plan Rows": 1380034, "Plan Width": 8}, {"Node Type": "Materialize", "Parent Relationship": "Inner", "Startup Cost": 10000000000.0, "Total Cost": 1000000001421.0, "Plan Rows": 1, "Plan Width": 4, "Plans": [{"Node Type": "Index Scan", "Parent Relationship": "Outer", "Scan Direction": "Forward", "Index Name": "info_type_pkey", "Relation Name": "info_type", "Alias": "it", "Startup Cost": 10000000000.0, "Total Cost": 1000000001421.0, "Plan Rows": 1, "Plan Width": 4, "Filter": "((info)::text = 'bottom 10 rank'::text)"}]}]}]}]}]}]}]}, "Unique SQL Id": 2492542741, "Planner Runtime": 2}, "explain_analyze_plan": null}}