{"(1, '0')": {"explain_plan": {"Plan": {"Node Type": "Aggregate", "Strategy": "Plain", "Startup Cost": 2600.78, "Total Cost": 2600.79, "Plan Rows": 1, "Plan Width": 49, "Plans": [{"Node Type": "Nested Loop", "Parent Relationship": "Outer", "Join Type": "Inner", "Startup Cost": 4.51, "Total Cost": 2600.77, "Plan Rows": 2, "Plan Width": 17, "Inner Unique": true, "Join Filter": "(mc.movie_id = t.id)", "Plans": [{"Node Type": "Nested Loop", "Parent Relationship": "Outer", "Join Type": "Inner", "Startup Cost": 4.51, "Total Cost": 2600.13, "Plan Rows": 2, "Plan Width": 8, "Inner Unique": true, "Plans": [{"Node Type": "Nested Loop", "Parent Relationship": "Outer", "Join Type": "Inner", "Startup Cost": 4.51, "Total Cost": 2579.99, "Plan Rows": 70, "Plan Width": 12, "Inner Unique": false, "Plans": [{"Node Type": "Nested Loop", "Parent Relationship": "Outer", "Join Type": "Inner", "Startup Cost": 4.51, "Total Cost": 2569.02, "Plan Rows": 33, "Plan Width": 4, "Inner Unique": false, "Plans": [{"Node Type": "Seq Scan", "Parent Relationship": "Outer", "Relation Name": "keyword", "Alias": "k", "Startup Cost": 0.0, "Total Cost": 2436.11, "Plan Rows": 1, "Plan Width": 4, "Filter": "((keyword)::text = 'character-name-in-title'::text)"}, {"Node Type": "Bitmap Heap Scan", "Parent Relationship": "Inner", "Relation Name": "movie_keyword", "Alias": "mk", "Startup Cost": 4.51, "Total Cost": 132.58, "Plan Rows": 33, "Plan Width": 8, "Recheck Cond": "(keyword_id = k.id)", "Plans": [{"Node Type": "Bitmap Index Scan", "Parent Relationship": "Outer", "Index Name": "keyword_id_movie_keyword", "Startup Cost": 0.0, "Total Cost": 4.5, "Plan Rows": 33, "Plan Width": 0, "Index Cond": "(keyword_id = k.id)"}]}]}, {"Node Type": "Index Scan", "Parent Relationship": "Inner", "Scan Direction": "Forward", "Index Name": "movie_id_movie_companies", "Relation Name": "movie_companies", "Alias": "mc", "Startup Cost": 0.0, "Total Cost": 0.31, "Plan Rows": 2, "Plan Width": 8, "Index Cond": "(movie_id = mk.movie_id)"}]}, {"Node Type": "Index Scan", "Parent Relationship": "Inner", "Scan Direction": "Forward", "Index Name": "company_name_pkey", "Relation Name": "company_name", "Alias": "cn", "Startup Cost": 0.0, "Total Cost": 0.28, "Plan Rows": 1, "Plan Width": 4, "Index Cond": "(id = mc.company_id)", "Filter": "((country_code)::text = '[nl]'::text)"}]}, {"Node Type": "Index Scan", "Parent Relationship": "Inner", "Scan Direction": "Forward", "Index Name": "title_pkey", "Relation Name": "title", "Alias": "t", "Startup Cost": 0.0, "Total Cost": 0.31, "Plan Rows": 1, "Plan Width": 21, "Index Cond": "(id = mk.movie_id)"}]}]}, "Unique SQL Id": 2804875951, "Planner Runtime": 10}, "explain_analyze_plan": {"Plan": {"Node Type": "Aggregate", "Strategy": "Plain", "Startup Cost": 2600.78, "Total Cost": 2600.79, "Plan Rows": 1, "Plan Width": 49, "Actual Startup Time": 1030.503, "Actual Total Time": 1030.504, "Actual Rows": 1, "Actual Loops": 1, "Plans": [{"Node Type": "Nested Loop", "Parent Relationship": "Outer", "Join Type": "Inner", "Startup Cost": 4.51, "Total Cost": 2600.77, "Plan Rows": 2, "Plan Width": 17, "Actual Startup Time": 12.804, "Actual Total Time": 1027.312, "Actual Rows": 5228, "Actual Loops": 1, "Inner Unique": true, "Join Filter": "(mc.movie_id = t.id)", "Rows Removed by Join Filter": 0, "Plans": [{"Node Type": "Nested Loop", "Parent Relationship": "Outer", "Join Type": "Inner", "Startup Cost": 4.51, "Total Cost": 2600.13, "Plan Rows": 2, "Plan Width": 8, "Actual Startup Time": 12.789, "Actual Total Time": 999.562, "Actual Rows": 5228, "Actual Loops": 1, "Inner Unique": true, "Plans": [{"Node Type": "Nested Loop", "Parent Relationship": "Outer", "Join Type": "Inner", "Startup Cost": 4.51, "Total Cost": 2579.99, "Plan Rows": 70, "Plan Width": 12, "Actual Startup Time": 9.902, "Actual Total Time": 379.592, "Actual Rows": 148552, "Actual Loops": 1, "Inner Unique": false, "Plans": [{"Node Type": "Nested Loop", "Parent Relationship": "Outer", "Join Type": "Inner", "Startup Cost": 4.51, "Total Cost": 2569.02, "Plan Rows": 33, "Plan Width": 4, "Actual Startup Time": 9.868, "Actual Total Time": 99.354, "Actual Rows": 41840, "Actual Loops": 1, "Inner Unique": false, "Plans": [{"Node Type": "Seq Scan", "Parent Relationship": "Outer", "Relation Name": "keyword", "Alias": "k", "Startup Cost": 0.0, "Total Cost": 2436.11, "Plan Rows": 1, "Plan Width": 4, "Actual Startup Time": 1.773, "Actual Total Time": 43.194, "Actual Rows": 1, "Actual Loops": 1, "Filter": "((keyword)::text = 'character-name-in-title'::text)", "Rows Removed by Filter": 134168}, {"Node Type": "Bitmap Heap Scan", "Parent Relationship": "Inner", "Relation Name": "movie_keyword", "Alias": "mk", "Startup Cost": 4.51, "Total Cost": 132.58, "Plan Rows": 33, "Plan Width": 8, "Actual Startup Time": 8.084, "Actual Total Time": 47.664, "Actual Rows": 41840, "Actual Loops": 1, "Recheck Cond": "(keyword_id = k.id)", "Rows Removed by Index Recheck": 0, "Exact Heap Blocks": 9702, "Lossy Heap Blocks": 9702, "Plans": [{"Node Type": "Bitmap Index Scan", "Parent Relationship": "Outer", "Index Name": "keyword_id_movie_keyword", "Startup Cost": 0.0, "Total Cost": 4.5, "Plan Rows": 33, "Plan Width": 0, "Actual Startup Time": 6.347, "Actual Total Time": 6.347, "Actual Rows": 41840, "Actual Loops": 1, "Index Cond": "(keyword_id = k.id)"}]}]}, {"Node Type": "Index Scan", "Parent Relationship": "Inner", "Scan Direction": "Forward", "Index Name": "movie_id_movie_companies", "Relation Name": "movie_companies", "Alias": "mc", "Startup Cost": 0.0, "Total Cost": 0.31, "Plan Rows": 2, "Plan Width": 8, "Actual Startup Time": 150.532, "Actual Total Time": 224.079, "Actual Rows": 148552, "Actual Loops": 41840, "Index Cond": "(movie_id = mk.movie_id)", "Rows Removed by Index Recheck": 0}]}, {"Node Type": "Index Scan", "Parent Relationship": "Inner", "Scan Direction": "Forward", "Index Name": "company_name_pkey", "Relation Name": "company_name", "Alias": "cn", "Startup Cost": 0.0, "Total Cost": 0.28, "Plan Rows": 1, "Plan Width": 4, "Actual Startup Time": 548.003, "Actual Total Time": 548.003, "Actual Rows": 5228, "Actual Loops": 148552, "Index Cond": "(id = mc.company_id)", "Rows Removed by Index Recheck": 0, "Filter": "((country_code)::text = '[nl]'::text)", "Rows Removed by Filter": 143324}]}, {"Node Type": "Index Scan", "Parent Relationship": "Inner", "Scan Direction": "Forward", "Index Name": "title_pkey", "Relation Name": "title", "Alias": "t", "Startup Cost": 0.0, "Total Cost": 0.31, "Plan Rows": 1, "Plan Width": 21, "Actual Startup Time": 21.778, "Actual Total Time": 21.778, "Actual Rows": 5228, "Actual Loops": 5228, "Index Cond": "(id = mk.movie_id)", "Rows Removed by Index Recheck": 0}]}]}, "Triggers": [], "Planner Runtime": 9.476, "Total Runtime": 1030.831, "Unique SQL Id": 2804875951}}, "(1, '1')": {"explain_plan": {"Plan": {"Node Type": "Aggregate", "Strategy": "Plain", "Startup Cost": 3347.38, "Total Cost": 3347.39, "Plan Rows": 1, "Plan Width": 49, "Plans": [{"Node Type": "Nested Loop", "Parent Relationship": "Outer", "Join Type": "Inner", "Startup Cost": 4.51, "Total Cost": 3347.38, "Plan Rows": 2, "Plan Width": 17, "Inner Unique": true, "Join Filter": "(mc.movie_id = t.id)", "Plans": [{"Node Type": "Nested Loop", "Parent Relationship": "Outer", "Join Type": "Inner", "Startup Cost": 4.51, "Total Cost": 3346.73, "Plan Rows": 2, "Plan Width": 8, "Inner Unique": true, "Plans": [{"Node Type": "Nested Loop", "Parent Relationship": "Outer", "Join Type": "Inner", "Startup Cost": 4.51, "Total Cost": 3326.6, "Plan Rows": 70, "Plan Width": 12, "Inner Unique": false, "Plans": [{"Node Type": "Nested Loop", "Parent Relationship": "Outer", "Join Type": "Inner", "Startup Cost": 4.51, "Total Cost": 3315.63, "Plan Rows": 33, "Plan Width": 4, "Inner Unique": false, "Plans": [{"Node Type": "Index Scan", "Parent Relationship": "Outer", "Scan Direction": "Forward", "Index Name": "keyword_pkey", "Relation Name": "keyword", "Alias": "k", "Startup Cost": 0.0, "Total Cost": 3182.72, "Plan Rows": 1, "Plan Width": 4, "Filter": "((keyword)::text = 'character-name-in-title'::text)"}, {"Node Type": "Bitmap Heap Scan", "Parent Relationship": "Inner", "Relation Name": "movie_keyword", "Alias": "mk", "Startup Cost": 4.51, "Total Cost": 132.58, "Plan Rows": 33, "Plan Width": 8, "Recheck Cond": "(keyword_id = k.id)", "Plans": [{"Node Type": "Bitmap Index Scan", "Parent Relationship": "Outer", "Index Name": "keyword_id_movie_keyword", "Startup Cost": 0.0, "Total Cost": 4.5, "Plan Rows": 33, "Plan Width": 0, "Index Cond": "(keyword_id = k.id)"}]}]}, {"Node Type": "Index Scan", "Parent Relationship": "Inner", "Scan Direction": "Forward", "Index Name": "movie_id_movie_companies", "Relation Name": "movie_companies", "Alias": "mc", "Startup Cost": 0.0, "Total Cost": 0.31, "Plan Rows": 2, "Plan Width": 8, "Index Cond": "(movie_id = mk.movie_id)"}]}, {"Node Type": "Index Scan", "Parent Relationship": "Inner", "Scan Direction": "Forward", "Index Name": "company_name_pkey", "Relation Name": "company_name", "Alias": "cn", "Startup Cost": 0.0, "Total Cost": 0.28, "Plan Rows": 1, "Plan Width": 4, "Index Cond": "(id = mc.company_id)", "Filter": "((country_code)::text = '[nl]'::text)"}]}, {"Node Type": "Index Scan", "Parent Relationship": "Inner", "Scan Direction": "Forward", "Index Name": "title_pkey", "Relation Name": "title", "Alias": "t", "Startup Cost": 0.0, "Total Cost": 0.31, "Plan Rows": 1, "Plan Width": 21, "Index Cond": "(id = mk.movie_id)"}]}]}, "Unique SQL Id": 2804875951, "Planner Runtime": 9}, "explain_analyze_plan": {"Plan": {"Node Type": "Aggregate", "Strategy": "Plain", "Startup Cost": 3347.38, "Total Cost": 3347.39, "Plan Rows": 1, "Plan Width": 49, "Actual Startup Time": 1144.573, "Actual Total Time": 1144.573, "Actual Rows": 1, "Actual Loops": 1, "Plans": [{"Node Type": "Nested Loop", "Parent Relationship": "Outer", "Join Type": "Inner", "Startup Cost": 4.51, "Total Cost": 3347.38, "Plan Rows": 2, "Plan Width": 17, "Actual Startup Time": 13.303, "Actual Total Time": 1141.536, "Actual Rows": 5228, "Actual Loops": 1, "Inner Unique": true, "Join Filter": "(mc.movie_id = t.id)", "Rows Removed by Join Filter": 0, "Plans": [{"Node Type": "Nested Loop", "Parent Relationship": "Outer", "Join Type": "Inner", "Startup Cost": 4.51, "Total Cost": 3346.73, "Plan Rows": 2, "Plan Width": 8, "Actual Startup Time": 13.284, "Actual Total Time": 1112.719, "Actual Rows": 5228, "Actual Loops": 1, "Inner Unique": true, "Plans": [{"Node Type": "Nested Loop", "Parent Relationship": "Outer", "Join Type": "Inner", "Startup Cost": 4.51, "Total Cost": 3326.6, "Plan Rows": 70, "Plan Width": 12, "Actual Startup Time": 10.161, "Actual Total Time": 467.922, "Actual Rows": 148552, "Actual Loops": 1, "Inner Unique": false, "Plans": [{"Node Type": "Nested Loop", "Parent Relationship": "Outer", "Join Type": "Inner", "Startup Cost": 4.51, "Total Cost": 3315.63, "Plan Rows": 33, "Plan Width": 4, "Actual Startup Time": 10.133, "Actual Total Time": 176.342, "Actual Rows": 41840, "Actual Loops": 1, "Inner Unique": false, "Plans": [{"Node Type": "Index Scan", "Parent Relationship": "Outer", "Scan Direction": "Forward", "Index Name": "keyword_pkey", "Relation Name": "keyword", "Alias": "k", "Startup Cost": 0.0, "Total Cost": 3182.72, "Plan Rows": 1, "Plan Width": 4, "Actual Startup Time": 0.204, "Actual Total Time": 116.389, "Actual Rows": 1, "Actual Loops": 1, "Filter": "((keyword)::text = 'character-name-in-title'::text)", "Rows Removed by Filter": 134168}, {"Node Type": "Bitmap Heap Scan", "Parent Relationship": "Inner", "Relation Name": "movie_keyword", "Alias": "mk", "Startup Cost": 4.51, "Total Cost": 132.58, "Plan Rows": 33, "Plan Width": 8, "Actual Startup Time": 9.922, "Actual Total Time": 51.446, "Actual Rows": 41840, "Actual Loops": 1, "Recheck Cond": "(keyword_id = k.id)", "Rows Removed by Index Recheck": 0, "Exact Heap Blocks": 9702, "Lossy Heap Blocks": 9702, "Plans": [{"Node Type": "Bitmap Index Scan", "Parent Relationship": "Outer", "Index Name": "keyword_id_movie_keyword", "Startup Cost": 0.0, "Total Cost": 4.5, "Plan Rows": 33, "Plan Width": 0, "Actual Startup Time": 8.103, "Actual Total Time": 8.103, "Actual Rows": 41840, "Actual Loops": 1, "Index Cond": "(keyword_id = k.id)"}]}]}, {"Node Type": "Index Scan", "Parent Relationship": "Inner", "Scan Direction": "Forward", "Index Name": "movie_id_movie_companies", "Relation Name": "movie_companies", "Alias": "mc", "Startup Cost": 0.0, "Total Cost": 0.31, "Plan Rows": 2, "Plan Width": 8, "Actual Startup Time": 159.044, "Actual Total Time": 235.457, "Actual Rows": 148552, "Actual Loops": 41840, "Index Cond": "(movie_id = mk.movie_id)", "Rows Removed by Index Recheck": 0}]}, {"Node Type": "Index Scan", "Parent Relationship": "Inner", "Scan Direction": "Forward", "Index Name": "company_name_pkey", "Relation Name": "company_name", "Alias": "cn", "Startup Cost": 0.0, "Total Cost": 0.28, "Plan Rows": 1, "Plan Width": 4, "Actual Startup Time": 571.46, "Actual Total Time": 571.46, "Actual Rows": 5228, "Actual Loops": 148552, "Index Cond": "(id = mc.company_id)", "Rows Removed by Index Recheck": 0, "Filter": "((country_code)::text = '[nl]'::text)", "Rows Removed by Filter": 143324}]}, {"Node Type": "Index Scan", "Parent Relationship": "Inner", "Scan Direction": "Forward", "Index Name": "title_pkey", "Relation Name": "title", "Alias": "t", "Startup Cost": 0.0, "Total Cost": 0.31, "Plan Rows": 1, "Plan Width": 21, "Actual Startup Time": 23.224, "Actual Total Time": 23.224, "Actual Rows": 5228, "Actual Loops": 5228, "Index Cond": "(id = mk.movie_id)", "Rows Removed by Index Recheck": 0}]}]}, "Triggers": [], "Planner Runtime": 9.253, "Total Runtime": 1144.942, "Unique SQL Id": 2804875951}}, "(1, '2')": {"explain_plan": {"Plan": {"Node Type": "Aggregate", "Strategy": "Plain", "Startup Cost": 3019.97, "Total Cost": 3019.98, "Plan Rows": 1, "Plan Width": 49, "Plans": [{"Node Type": "Nested Loop", "Parent Relationship": "Outer", "Join Type": "Inner", "Startup Cost": 5.3, "Total Cost": 3019.97, "Plan Rows": 2, "Plan Width": 17, "Inner Unique": true, "Join Filter": "(mc.movie_id = t.id)", "Plans": [{"Node Type": "Nested Loop", "Parent Relationship": "Outer", "Join Type": "Inner", "Startup Cost": 5.04, "Total Cost": 3011.39, "Plan Rows": 2, "Plan Width": 8, "Inner Unique": true, "Plans": [{"Node Type": "Nested Loop", "Parent Relationship": "Outer", "Join Type": "Inner", "Startup Cost": 4.78, "Total Cost": 2711.55, "Plan Rows": 70, "Plan Width": 12, "Inner Unique": false, "Plans": [{"Node Type": "Nested Loop", "Parent Relationship": "Outer", "Join Type": "Inner", "Startup Cost": 4.51, "Total Cost": 2569.02, "Plan Rows": 33, "Plan Width": 4, "Inner Unique": false, "Plans": [{"Node Type": "Seq Scan", "Parent Relationship": "Outer", "Relation Name": "keyword", "Alias": "k", "Startup Cost": 0.0, "Total Cost": 2436.11, "Plan Rows": 1, "Plan Width": 4, "Filter": "((keyword)::text = 'character-name-in-title'::text)"}, {"Node Type": "Bitmap Heap Scan", "Parent Relationship": "Inner", "Relation Name": "movie_keyword", "Alias": "mk", "Startup Cost": 4.51, "Total Cost": 132.58, "Plan Rows": 33, "Plan Width": 8, "Recheck Cond": "(keyword_id = k.id)", "Plans": [{"Node Type": "Bitmap Index Scan", "Parent Relationship": "Outer", "Index Name": "keyword_id_movie_keyword", "Startup Cost": 0.0, "Total Cost": 4.5, "Plan Rows": 33, "Plan Width": 0, "Index Cond": "(keyword_id = k.id)"}]}]}, {"Node Type": "Bitmap Heap Scan", "Parent Relationship": "Inner", "Relation Name": "movie_companies", "Alias": "mc", "Startup Cost": 0.27, "Total Cost": 4.3, "Plan Rows": 2, "Plan Width": 8, "Recheck Cond": "(movie_id = mk.movie_id)", "Plans": [{"Node Type": "Bitmap Index Scan", "Parent Relationship": "Outer", "Index Name": "movie_id_movie_companies", "Startup Cost": 0.0, "Total Cost": 0.27, "Plan Rows": 2, "Plan Width": 0, "Index Cond": "(movie_id = mk.movie_id)"}]}]}, {"Node Type": "Bitmap Heap Scan", "Parent Relationship": "Inner", "Relation Name": "company_name", "Alias": "cn", "Startup Cost": 0.26, "Total Cost": 4.27, "Plan Rows": 1, "Plan Width": 4, "Recheck Cond": "(id = mc.company_id)", "Filter": "((country_code)::text = '[nl]'::text)", "Plans": [{"Node Type": "Bitmap Index Scan", "Parent Relationship": "Outer", "Index Name": "company_name_pkey", "Startup Cost": 0.0, "Total Cost": 0.26, "Plan Rows": 1, "Plan Width": 0, "Index Cond": "(id = mc.company_id)"}]}]}, {"Node Type": "Bitmap Heap Scan", "Parent Relationship": "Inner", "Relation Name": "title", "Alias": "t", "Startup Cost": 0.27, "Total Cost": 4.28, "Plan Rows": 1, "Plan Width": 21, "Recheck Cond": "(id = mk.movie_id)", "Plans": [{"Node Type": "Bitmap Index Scan", "Parent Relationship": "Outer", "Index Name": "title_pkey", "Startup Cost": 0.0, "Total Cost": 0.27, "Plan Rows": 1, "Plan Width": 0, "Index Cond": "(id = mk.movie_id)"}]}]}]}, "Unique SQL Id": 2804875951, "Planner Runtime": 9}, "explain_analyze_plan": {"Plan": {"Node Type": "Aggregate", "Strategy": "Plain", "Startup Cost": 3019.97, "Total Cost": 3019.98, "Plan Rows": 1, "Plan Width": 49, "Actual Startup Time": 1387.256, "Actual Total Time": 1387.257, "Actual Rows": 1, "Actual Loops": 1, "Plans": [{"Node Type": "Nested Loop", "Parent Relationship": "Outer", "Join Type": "Inner", "Startup Cost": 5.3, "Total Cost": 3019.97, "Plan Rows": 2, "Plan Width": 17, "Actual Startup Time": 15.885, "Actual Total Time": 1382.928, "Actual Rows": 5228, "Actual Loops": 1, "Inner Unique": true, "Join Filter": "(mc.movie_id = t.id)", "Rows Removed by Join Filter": 0, "Plans": [{"Node Type": "Nested Loop", "Parent Relationship": "Outer", "Join Type": "Inner", "Startup Cost": 5.04, "Total Cost": 3011.39, "Plan Rows": 2, "Plan Width": 8, "Actual Startup Time": 15.861, "Actual Total Time": 1346.204, "Actual Rows": 5228, "Actual Loops": 1, "Inner Unique": true, "Plans": [{"Node Type": "Nested Loop", "Parent Relationship": "Outer", "Join Type": "Inner", "Startup Cost": 4.78, "Total Cost": 2711.55, "Plan Rows": 70, "Plan Width": 12, "Actual Startup Time": 11.506, "Actual Total Time": 487.661, "Actual Rows": 148552, "Actual Loops": 1, "Inner Unique": false, "Plans": [{"Node Type": "Nested Loop", "Parent Relationship": "Outer", "Join Type": "Inner", "Startup Cost": 4.51, "Total Cost": 2569.02, "Plan Rows": 33, "Plan Width": 4, "Actual Startup Time": 11.467, "Actual Total Time": 97.589, "Actual Rows": 41840, "Actual Loops": 1, "Inner Unique": false, "Plans": [{"Node Type": "Seq Scan", "Parent Relationship": "Outer", "Relation Name": "keyword", "Alias": "k", "Startup Cost": 0.0, "Total Cost": 2436.11, "Plan Rows": 1, "Plan Width": 4, "Actual Startup Time": 1.835, "Actual Total Time": 40.613, "Actual Rows": 1, "Actual Loops": 1, "Filter": "((keyword)::text = 'character-name-in-title'::text)", "Rows Removed by Filter": 134168}, {"Node Type": "Bitmap Heap Scan", "Parent Relationship": "Inner", "Relation Name": "movie_keyword", "Alias": "mk", "Startup Cost": 4.51, "Total Cost": 132.58, "Plan Rows": 33, "Plan Width": 8, "Actual Startup Time": 9.627, "Actual Total Time": 47.321, "Actual Rows": 41840, "Actual Loops": 1, "Recheck Cond": "(keyword_id = k.id)", "Rows Removed by Index Recheck": 0, "Exact Heap Blocks": 9702, "Lossy Heap Blocks": 9702, "Plans": [{"Node Type": "Bitmap Index Scan", "Parent Relationship": "Outer", "Index Name": "keyword_id_movie_keyword", "Startup Cost": 0.0, "Total Cost": 4.5, "Plan Rows": 33, "Plan Width": 0, "Actual Startup Time": 7.876, "Actual Total Time": 7.876, "Actual Rows": 41840, "Actual Loops": 1, "Index Cond": "(keyword_id = k.id)"}]}]}, {"Node Type": "Bitmap Heap Scan", "Parent Relationship": "Inner", "Relation Name": "movie_companies", "Alias": "mc", "Startup Cost": 0.27, "Total Cost": 4.3, "Plan Rows": 2, "Plan Width": 8, "Actual Startup Time": 249.986, "Actual Total Time": 306.048, "Actual Rows": 148552, "Actual Loops": 41840, "Recheck Cond": "(movie_id = mk.movie_id)", "Rows Removed by Index Recheck": 0, "Exact Heap Blocks": 62638, "Lossy Heap Blocks": 62638, "Plans": [{"Node Type": "Bitmap Index Scan", "Parent Relationship": "Outer", "Index Name": "movie_id_movie_companies", "Startup Cost": 0.0, "Total Cost": 0.27, "Plan Rows": 2, "Plan Width": 0, "Actual Startup Time": 154.185, "Actual Total Time": 154.185, "Actual Rows": 148552, "Actual Loops": 41840, "Index Cond": "(movie_id = mk.movie_id)"}]}]}, {"Node Type": "Bitmap Heap Scan", "Parent Relationship": "Inner", "Relation Name": "company_name", "Alias": "cn", "Startup Cost": 0.26, "Total Cost": 4.27, "Plan Rows": 1, "Plan Width": 4, "Actual Startup Time": 692.747, "Actual Total Time": 692.747, "Actual Rows": 5228, "Actual Loops": 148552, "Recheck Cond": "(id = mc.company_id)", "Rows Removed by Index Recheck": 0, "Filter": "((country_code)::text = '[nl]'::text)", "Rows Removed by Filter": 143324, "Exact Heap Blocks": 148552, "Lossy Heap Blocks": 148552, "Plans": [{"Node Type": "Bitmap Index Scan", "Parent Relationship": "Outer", "Index Name": "company_name_pkey", "Startup Cost": 0.0, "Total Cost": 0.26, "Plan Rows": 1, "Plan Width": 0, "Actual Startup Time": 381.81, "Actual Total Time": 381.81, "Actual Rows": 148552, "Actual Loops": 148552, "Index Cond": "(id = mc.company_id)"}]}]}, {"Node Type": "Bitmap Heap Scan", "Parent Relationship": "Inner", "Relation Name": "title", "Alias": "t", "Startup Cost": 0.27, "Total Cost": 4.28, "Plan Rows": 1, "Plan Width": 21, "Actual Startup Time": 27.63, "Actual Total Time": 27.63, "Actual Rows": 5228, "Actual Loops": 5228, "Recheck Cond": "(id = mk.movie_id)", "Rows Removed by Index Recheck": 0, "Exact Heap Blocks": 5228, "Lossy Heap Blocks": 5228, "Plans": [{"Node Type": "Bitmap Index Scan", "Parent Relationship": "Outer", "Index Name": "title_pkey", "Startup Cost": 0.0, "Total Cost": 0.27, "Plan Rows": 1, "Plan Width": 0, "Actual Startup Time": 16.841, "Actual Total Time": 16.841, "Actual Rows": 5228, "Actual Loops": 5228, "Index Cond": "(id = mk.movie_id)"}]}]}]}, "Triggers": [], "Planner Runtime": 9.24, "Total Runtime": 1387.727, "Unique SQL Id": 2804875951}}, "(1, '3')": {"explain_plan": {"Plan": {"Node Type": "Aggregate", "Strategy": "Plain", "Startup Cost": 1000025545541.31, "Total Cost": 1000025545541.32, "Plan Rows": 1, "Plan Width": 49, "Plans": [{"Node Type": "Nested Loop", "Parent Relationship": "Outer", "Join Type": "Inner", "Startup Cost": 10000000001.12, "Total Cost": 1000025545541.31, "Plan Rows": 2, "Plan Width": 17, "Inner Unique": true, "Join Filter": "(mc.movie_id = t.id)", "Plans": [{"Node Type": "Nested Loop", "Parent Relationship": "Outer", "Join Type": "Inner", "Startup Cost": 10000000000.85, "Total Cost": 1000025545532.73, "Plan Rows": 2, "Plan Width": 8, "Inner Unique": true, "Plans": [{"Node Type": "Nested Loop", "Parent Relationship": "Outer", "Join Type": "Inner", "Startup Cost": 10000000000.6, "Total Cost": 1000024380163.58, "Plan Rows": 272107, "Plan Width": 12, "Inner Unique": false, "Plans": [{"Node Type": "Nested Loop", "Parent Relationship": "Outer", "Join Type": "Inner", "Startup Cost": 10000000000.26, "Total Cost": 1000024227793.07, "Plan Rows": 33725, "Plan Width": 4, "Inner Unique": true, "Plans": [{"Node Type": "Index Scan", "Parent Relationship": "Outer", "Scan Direction": "Forward", "Index Name": "movie_id_movie_companies", "Relation Name": "movie_companies", "Alias": "mc", "Startup Cost": 10000000000.0, "Total Cost": 1000013051946.13, "Plan Rows": 2609128, "Plan Width": 8}, {"Node Type": "Bitmap Heap Scan", "Parent Relationship": "Inner", "Relation Name": "company_name", "Alias": "cn", "Startup Cost": 0.26, "Total Cost": 4.27, "Plan Rows": 1, "Plan Width": 4, "Recheck Cond": "(id = mc.company_id)", "Filter": "((country_code)::text = '[nl]'::text)", "Plans": [{"Node Type": "Bitmap Index Scan", "Parent Relationship": "Outer", "Index Name": "company_name_pkey", "Startup Cost": 0.0, "Total Cost": 0.26, "Plan Rows": 1, "Plan Width": 0, "Index Cond": "(id = mc.company_id)"}]}]}, {"Node Type": "Bitmap Heap Scan", "Parent Relationship": "Inner", "Relation Name": "movie_keyword", "Alias": "mk", "Startup Cost": 0.34, "Total Cost": 4.44, "Plan Rows": 8, "Plan Width": 8, "Recheck Cond": "(movie_id = mc.movie_id)", "Plans": [{"Node Type": "Bitmap Index Scan", "Parent Relationship": "Outer", "Index Name": "movie_id_movie_keyword", "Startup Cost": 0.0, "Total Cost": 0.34, "Plan Rows": 8, "Plan Width": 0, "Index Cond": "(movie_id = mc.movie_id)"}]}]}, {"Node Type": "Bitmap Heap Scan", "Parent Relationship": "Inner", "Relation Name": "keyword", "Alias": "k", "Startup Cost": 0.26, "Total Cost": 4.27, "Plan Rows": 1, "Plan Width": 4, "Recheck Cond": "(id = mk.keyword_id)", "Filter": "((keyword)::text = 'character-name-in-title'::text)", "Plans": [{"Node Type": "Bitmap Index Scan", "Parent Relationship": "Outer", "Index Name": "keyword_pkey", "Startup Cost": 0.0, "Total Cost": 0.26, "Plan Rows": 1, "Plan Width": 0, "Index Cond": "(id = mk.keyword_id)"}]}]}, {"Node Type": "Bitmap Heap Scan", "Parent Relationship": "Inner", "Relation Name": "title", "Alias": "t", "Startup Cost": 0.27, "Total Cost": 4.28, "Plan Rows": 1, "Plan Width": 21, "Recheck Cond": "(id = mk.movie_id)", "Plans": [{"Node Type": "Bitmap Index Scan", "Parent Relationship": "Outer", "Index Name": "title_pkey", "Startup Cost": 0.0, "Total Cost": 0.27, "Plan Rows": 1, "Plan Width": 0, "Index Cond": "(id = mk.movie_id)"}]}]}]}, "Unique SQL Id": 2804875951, "Planner Runtime": 4}, "explain_analyze_plan": null}, "(1, '4')": {"explain_plan": {"Plan": {"Node Type": "Aggregate", "Strategy": "Plain", "Startup Cost": 2600.78, "Total Cost": 2600.79, "Plan Rows": 1, "Plan Width": 49, "Plans": [{"Node Type": "Nested Loop", "Parent Relationship": "Outer", "Join Type": "Inner", "Startup Cost": 4.51, "Total Cost": 2600.77, "Plan Rows": 2, "Plan Width": 17, "Inner Unique": true, "Join Filter": "(mc.movie_id = t.id)", "Plans": [{"Node Type": "Nested Loop", "Parent Relationship": "Outer", "Join Type": "Inner", "Startup Cost": 4.51, "Total Cost": 2600.13, "Plan Rows": 2, "Plan Width": 8, "Inner Unique": true, "Plans": [{"Node Type": "Nested Loop", "Parent Relationship": "Outer", "Join Type": "Inner", "Startup Cost": 4.51, "Total Cost": 2579.99, "Plan Rows": 70, "Plan Width": 12, "Inner Unique": false, "Plans": [{"Node Type": "Nested Loop", "Parent Relationship": "Outer", "Join Type": "Inner", "Startup Cost": 4.51, "Total Cost": 2569.02, "Plan Rows": 33, "Plan Width": 4, "Inner Unique": false, "Plans": [{"Node Type": "Seq Scan", "Parent Relationship": "Outer", "Relation Name": "keyword", "Alias": "k", "Startup Cost": 0.0, "Total Cost": 2436.11, "Plan Rows": 1, "Plan Width": 4, "Filter": "((keyword)::text = 'character-name-in-title'::text)"}, {"Node Type": "Bitmap Heap Scan", "Parent Relationship": "Inner", "Relation Name": "movie_keyword", "Alias": "mk", "Startup Cost": 4.51, "Total Cost": 132.58, "Plan Rows": 33, "Plan Width": 8, "Recheck Cond": "(keyword_id = k.id)", "Plans": [{"Node Type": "Bitmap Index Scan", "Parent Relationship": "Outer", "Index Name": "keyword_id_movie_keyword", "Startup Cost": 0.0, "Total Cost": 4.5, "Plan Rows": 33, "Plan Width": 0, "Index Cond": "(keyword_id = k.id)"}]}]}, {"Node Type": "Index Scan", "Parent Relationship": "Inner", "Scan Direction": "Forward", "Index Name": "movie_id_movie_companies", "Relation Name": "movie_companies", "Alias": "mc", "Startup Cost": 0.0, "Total Cost": 0.31, "Plan Rows": 2, "Plan Width": 8, "Index Cond": "(movie_id = mk.movie_id)"}]}, {"Node Type": "Index Scan", "Parent Relationship": "Inner", "Scan Direction": "Forward", "Index Name": "company_name_pkey", "Relation Name": "company_name", "Alias": "cn", "Startup Cost": 0.0, "Total Cost": 0.28, "Plan Rows": 1, "Plan Width": 4, "Index Cond": "(id = mc.company_id)", "Filter": "((country_code)::text = '[nl]'::text)"}]}, {"Node Type": "Index Scan", "Parent Relationship": "Inner", "Scan Direction": "Forward", "Index Name": "title_pkey", "Relation Name": "title", "Alias": "t", "Startup Cost": 0.0, "Total Cost": 0.31, "Plan Rows": 1, "Plan Width": 21, "Index Cond": "(id = mk.movie_id)"}]}]}, "Unique SQL Id": 2804875951, "Planner Runtime": 9}, "explain_analyze_plan": {"Plan": {"Node Type": "Aggregate", "Strategy": "Plain", "Startup Cost": 2600.78, "Total Cost": 2600.79, "Plan Rows": 1, "Plan Width": 49, "Actual Startup Time": 1030.503, "Actual Total Time": 1030.504, "Actual Rows": 1, "Actual Loops": 1, "Plans": [{"Node Type": "Nested Loop", "Parent Relationship": "Outer", "Join Type": "Inner", "Startup Cost": 4.51, "Total Cost": 2600.77, "Plan Rows": 2, "Plan Width": 17, "Actual Startup Time": 12.804, "Actual Total Time": 1027.312, "Actual Rows": 5228, "Actual Loops": 1, "Inner Unique": true, "Join Filter": "(mc.movie_id = t.id)", "Rows Removed by Join Filter": 0, "Plans": [{"Node Type": "Nested Loop", "Parent Relationship": "Outer", "Join Type": "Inner", "Startup Cost": 4.51, "Total Cost": 2600.13, "Plan Rows": 2, "Plan Width": 8, "Actual Startup Time": 12.789, "Actual Total Time": 999.562, "Actual Rows": 5228, "Actual Loops": 1, "Inner Unique": true, "Plans": [{"Node Type": "Nested Loop", "Parent Relationship": "Outer", "Join Type": "Inner", "Startup Cost": 4.51, "Total Cost": 2579.99, "Plan Rows": 70, "Plan Width": 12, "Actual Startup Time": 9.902, "Actual Total Time": 379.592, "Actual Rows": 148552, "Actual Loops": 1, "Inner Unique": false, "Plans": [{"Node Type": "Nested Loop", "Parent Relationship": "Outer", "Join Type": "Inner", "Startup Cost": 4.51, "Total Cost": 2569.02, "Plan Rows": 33, "Plan Width": 4, "Actual Startup Time": 9.868, "Actual Total Time": 99.354, "Actual Rows": 41840, "Actual Loops": 1, "Inner Unique": false, "Plans": [{"Node Type": "Seq Scan", "Parent Relationship": "Outer", "Relation Name": "keyword", "Alias": "k", "Startup Cost": 0.0, "Total Cost": 2436.11, "Plan Rows": 1, "Plan Width": 4, "Actual Startup Time": 1.773, "Actual Total Time": 43.194, "Actual Rows": 1, "Actual Loops": 1, "Filter": "((keyword)::text = 'character-name-in-title'::text)", "Rows Removed by Filter": 134168}, {"Node Type": "Bitmap Heap Scan", "Parent Relationship": "Inner", "Relation Name": "movie_keyword", "Alias": "mk", "Startup Cost": 4.51, "Total Cost": 132.58, "Plan Rows": 33, "Plan Width": 8, "Actual Startup Time": 8.084, "Actual Total Time": 47.664, "Actual Rows": 41840, "Actual Loops": 1, "Recheck Cond": "(keyword_id = k.id)", "Rows Removed by Index Recheck": 0, "Exact Heap Blocks": 9702, "Lossy Heap Blocks": 9702, "Plans": [{"Node Type": "Bitmap Index Scan", "Parent Relationship": "Outer", "Index Name": "keyword_id_movie_keyword", "Startup Cost": 0.0, "Total Cost": 4.5, "Plan Rows": 33, "Plan Width": 0, "Actual Startup Time": 6.347, "Actual Total Time": 6.347, "Actual Rows": 41840, "Actual Loops": 1, "Index Cond": "(keyword_id = k.id)"}]}]}, {"Node Type": "Index Scan", "Parent Relationship": "Inner", "Scan Direction": "Forward", "Index Name": "movie_id_movie_companies", "Relation Name": "movie_companies", "Alias": "mc", "Startup Cost": 0.0, "Total Cost": 0.31, "Plan Rows": 2, "Plan Width": 8, "Actual Startup Time": 150.532, "Actual Total Time": 224.079, "Actual Rows": 148552, "Actual Loops": 41840, "Index Cond": "(movie_id = mk.movie_id)", "Rows Removed by Index Recheck": 0}]}, {"Node Type": "Index Scan", "Parent Relationship": "Inner", "Scan Direction": "Forward", "Index Name": "company_name_pkey", "Relation Name": "company_name", "Alias": "cn", "Startup Cost": 0.0, "Total Cost": 0.28, "Plan Rows": 1, "Plan Width": 4, "Actual Startup Time": 548.003, "Actual Total Time": 548.003, "Actual Rows": 5228, "Actual Loops": 148552, "Index Cond": "(id = mc.company_id)", "Rows Removed by Index Recheck": 0, "Filter": "((country_code)::text = '[nl]'::text)", "Rows Removed by Filter": 143324}]}, {"Node Type": "Index Scan", "Parent Relationship": "Inner", "Scan Direction": "Forward", "Index Name": "title_pkey", "Relation Name": "title", "Alias": "t", "Startup Cost": 0.0, "Total Cost": 0.31, "Plan Rows": 1, "Plan Width": 21, "Actual Startup Time": 21.778, "Actual Total Time": 21.778, "Actual Rows": 5228, "Actual Loops": 5228, "Index Cond": "(id = mk.movie_id)", "Rows Removed by Index Recheck": 0}]}]}, "Triggers": [], "Planner Runtime": 9.476, "Total Runtime": 1030.831, "Unique SQL Id": 2804875951}}, "(1, '5')": {"explain_plan": {"Plan": {"Node Type": "Aggregate", "Strategy": "Plain", "Startup Cost": 3347.38, "Total Cost": 3347.39, "Plan Rows": 1, "Plan Width": 49, "Plans": [{"Node Type": "Nested Loop", "Parent Relationship": "Outer", "Join Type": "Inner", "Startup Cost": 4.51, "Total Cost": 3347.38, "Plan Rows": 2, "Plan Width": 17, "Inner Unique": true, "Join Filter": "(mc.movie_id = t.id)", "Plans": [{"Node Type": "Nested Loop", "Parent Relationship": "Outer", "Join Type": "Inner", "Startup Cost": 4.51, "Total Cost": 3346.73, "Plan Rows": 2, "Plan Width": 8, "Inner Unique": true, "Plans": [{"Node Type": "Nested Loop", "Parent Relationship": "Outer", "Join Type": "Inner", "Startup Cost": 4.51, "Total Cost": 3326.6, "Plan Rows": 70, "Plan Width": 12, "Inner Unique": false, "Plans": [{"Node Type": "Nested Loop", "Parent Relationship": "Outer", "Join Type": "Inner", "Startup Cost": 4.51, "Total Cost": 3315.63, "Plan Rows": 33, "Plan Width": 4, "Inner Unique": false, "Plans": [{"Node Type": "Index Scan", "Parent Relationship": "Outer", "Scan Direction": "Forward", "Index Name": "keyword_pkey", "Relation Name": "keyword", "Alias": "k", "Startup Cost": 0.0, "Total Cost": 3182.72, "Plan Rows": 1, "Plan Width": 4, "Filter": "((keyword)::text = 'character-name-in-title'::text)"}, {"Node Type": "Bitmap Heap Scan", "Parent Relationship": "Inner", "Relation Name": "movie_keyword", "Alias": "mk", "Startup Cost": 4.51, "Total Cost": 132.58, "Plan Rows": 33, "Plan Width": 8, "Recheck Cond": "(keyword_id = k.id)", "Plans": [{"Node Type": "Bitmap Index Scan", "Parent Relationship": "Outer", "Index Name": "keyword_id_movie_keyword", "Startup Cost": 0.0, "Total Cost": 4.5, "Plan Rows": 33, "Plan Width": 0, "Index Cond": "(keyword_id = k.id)"}]}]}, {"Node Type": "Index Scan", "Parent Relationship": "Inner", "Scan Direction": "Forward", "Index Name": "movie_id_movie_companies", "Relation Name": "movie_companies", "Alias": "mc", "Startup Cost": 0.0, "Total Cost": 0.31, "Plan Rows": 2, "Plan Width": 8, "Index Cond": "(movie_id = mk.movie_id)"}]}, {"Node Type": "Index Scan", "Parent Relationship": "Inner", "Scan Direction": "Forward", "Index Name": "company_name_pkey", "Relation Name": "company_name", "Alias": "cn", "Startup Cost": 0.0, "Total Cost": 0.28, "Plan Rows": 1, "Plan Width": 4, "Index Cond": "(id = mc.company_id)", "Filter": "((country_code)::text = '[nl]'::text)"}]}, {"Node Type": "Index Scan", "Parent Relationship": "Inner", "Scan Direction": "Forward", "Index Name": "title_pkey", "Relation Name": "title", "Alias": "t", "Startup Cost": 0.0, "Total Cost": 0.31, "Plan Rows": 1, "Plan Width": 21, "Index Cond": "(id = mk.movie_id)"}]}]}, "Unique SQL Id": 2804875951, "Planner Runtime": 9}, "explain_analyze_plan": {"Plan": {"Node Type": "Aggregate", "Strategy": "Plain", "Startup Cost": 3347.38, "Total Cost": 3347.39, "Plan Rows": 1, "Plan Width": 49, "Actual Startup Time": 1144.573, "Actual Total Time": 1144.573, "Actual Rows": 1, "Actual Loops": 1, "Plans": [{"Node Type": "Nested Loop", "Parent Relationship": "Outer", "Join Type": "Inner", "Startup Cost": 4.51, "Total Cost": 3347.38, "Plan Rows": 2, "Plan Width": 17, "Actual Startup Time": 13.303, "Actual Total Time": 1141.536, "Actual Rows": 5228, "Actual Loops": 1, "Inner Unique": true, "Join Filter": "(mc.movie_id = t.id)", "Rows Removed by Join Filter": 0, "Plans": [{"Node Type": "Nested Loop", "Parent Relationship": "Outer", "Join Type": "Inner", "Startup Cost": 4.51, "Total Cost": 3346.73, "Plan Rows": 2, "Plan Width": 8, "Actual Startup Time": 13.284, "Actual Total Time": 1112.719, "Actual Rows": 5228, "Actual Loops": 1, "Inner Unique": true, "Plans": [{"Node Type": "Nested Loop", "Parent Relationship": "Outer", "Join Type": "Inner", "Startup Cost": 4.51, "Total Cost": 3326.6, "Plan Rows": 70, "Plan Width": 12, "Actual Startup Time": 10.161, "Actual Total Time": 467.922, "Actual Rows": 148552, "Actual Loops": 1, "Inner Unique": false, "Plans": [{"Node Type": "Nested Loop", "Parent Relationship": "Outer", "Join Type": "Inner", "Startup Cost": 4.51, "Total Cost": 3315.63, "Plan Rows": 33, "Plan Width": 4, "Actual Startup Time": 10.133, "Actual Total Time": 176.342, "Actual Rows": 41840, "Actual Loops": 1, "Inner Unique": false, "Plans": [{"Node Type": "Index Scan", "Parent Relationship": "Outer", "Scan Direction": "Forward", "Index Name": "keyword_pkey", "Relation Name": "keyword", "Alias": "k", "Startup Cost": 0.0, "Total Cost": 3182.72, "Plan Rows": 1, "Plan Width": 4, "Actual Startup Time": 0.204, "Actual Total Time": 116.389, "Actual Rows": 1, "Actual Loops": 1, "Filter": "((keyword)::text = 'character-name-in-title'::text)", "Rows Removed by Filter": 134168}, {"Node Type": "Bitmap Heap Scan", "Parent Relationship": "Inner", "Relation Name": "movie_keyword", "Alias": "mk", "Startup Cost": 4.51, "Total Cost": 132.58, "Plan Rows": 33, "Plan Width": 8, "Actual Startup Time": 9.922, "Actual Total Time": 51.446, "Actual Rows": 41840, "Actual Loops": 1, "Recheck Cond": "(keyword_id = k.id)", "Rows Removed by Index Recheck": 0, "Exact Heap Blocks": 9702, "Lossy Heap Blocks": 9702, "Plans": [{"Node Type": "Bitmap Index Scan", "Parent Relationship": "Outer", "Index Name": "keyword_id_movie_keyword", "Startup Cost": 0.0, "Total Cost": 4.5, "Plan Rows": 33, "Plan Width": 0, "Actual Startup Time": 8.103, "Actual Total Time": 8.103, "Actual Rows": 41840, "Actual Loops": 1, "Index Cond": "(keyword_id = k.id)"}]}]}, {"Node Type": "Index Scan", "Parent Relationship": "Inner", "Scan Direction": "Forward", "Index Name": "movie_id_movie_companies", "Relation Name": "movie_companies", "Alias": "mc", "Startup Cost": 0.0, "Total Cost": 0.31, "Plan Rows": 2, "Plan Width": 8, "Actual Startup Time": 159.044, "Actual Total Time": 235.457, "Actual Rows": 148552, "Actual Loops": 41840, "Index Cond": "(movie_id = mk.movie_id)", "Rows Removed by Index Recheck": 0}]}, {"Node Type": "Index Scan", "Parent Relationship": "Inner", "Scan Direction": "Forward", "Index Name": "company_name_pkey", "Relation Name": "company_name", "Alias": "cn", "Startup Cost": 0.0, "Total Cost": 0.28, "Plan Rows": 1, "Plan Width": 4, "Actual Startup Time": 571.46, "Actual Total Time": 571.46, "Actual Rows": 5228, "Actual Loops": 148552, "Index Cond": "(id = mc.company_id)", "Rows Removed by Index Recheck": 0, "Filter": "((country_code)::text = '[nl]'::text)", "Rows Removed by Filter": 143324}]}, {"Node Type": "Index Scan", "Parent Relationship": "Inner", "Scan Direction": "Forward", "Index Name": "title_pkey", "Relation Name": "title", "Alias": "t", "Startup Cost": 0.0, "Total Cost": 0.31, "Plan Rows": 1, "Plan Width": 21, "Actual Startup Time": 23.224, "Actual Total Time": 23.224, "Actual Rows": 5228, "Actual Loops": 5228, "Index Cond": "(id = mk.movie_id)", "Rows Removed by Index Recheck": 0}]}]}, "Triggers": [], "Planner Runtime": 9.253, "Total Runtime": 1144.942, "Unique SQL Id": 2804875951}}, "(1, '6')": {"explain_plan": {"Plan": {"Node Type": "Aggregate", "Strategy": "Plain", "Startup Cost": 3019.97, "Total Cost": 3019.98, "Plan Rows": 1, "Plan Width": 49, "Plans": [{"Node Type": "Nested Loop", "Parent Relationship": "Outer", "Join Type": "Inner", "Startup Cost": 5.3, "Total Cost": 3019.97, "Plan Rows": 2, "Plan Width": 17, "Inner Unique": true, "Join Filter": "(mc.movie_id = t.id)", "Plans": [{"Node Type": "Nested Loop", "Parent Relationship": "Outer", "Join Type": "Inner", "Startup Cost": 5.04, "Total Cost": 3011.39, "Plan Rows": 2, "Plan Width": 8, "Inner Unique": true, "Plans": [{"Node Type": "Nested Loop", "Parent Relationship": "Outer", "Join Type": "Inner", "Startup Cost": 4.78, "Total Cost": 2711.55, "Plan Rows": 70, "Plan Width": 12, "Inner Unique": false, "Plans": [{"Node Type": "Nested Loop", "Parent Relationship": "Outer", "Join Type": "Inner", "Startup Cost": 4.51, "Total Cost": 2569.02, "Plan Rows": 33, "Plan Width": 4, "Inner Unique": false, "Plans": [{"Node Type": "Seq Scan", "Parent Relationship": "Outer", "Relation Name": "keyword", "Alias": "k", "Startup Cost": 0.0, "Total Cost": 2436.11, "Plan Rows": 1, "Plan Width": 4, "Filter": "((keyword)::text = 'character-name-in-title'::text)"}, {"Node Type": "Bitmap Heap Scan", "Parent Relationship": "Inner", "Relation Name": "movie_keyword", "Alias": "mk", "Startup Cost": 4.51, "Total Cost": 132.58, "Plan Rows": 33, "Plan Width": 8, "Recheck Cond": "(keyword_id = k.id)", "Plans": [{"Node Type": "Bitmap Index Scan", "Parent Relationship": "Outer", "Index Name": "keyword_id_movie_keyword", "Startup Cost": 0.0, "Total Cost": 4.5, "Plan Rows": 33, "Plan Width": 0, "Index Cond": "(keyword_id = k.id)"}]}]}, {"Node Type": "Bitmap Heap Scan", "Parent Relationship": "Inner", "Relation Name": "movie_companies", "Alias": "mc", "Startup Cost": 0.27, "Total Cost": 4.3, "Plan Rows": 2, "Plan Width": 8, "Recheck Cond": "(movie_id = mk.movie_id)", "Plans": [{"Node Type": "Bitmap Index Scan", "Parent Relationship": "Outer", "Index Name": "movie_id_movie_companies", "Startup Cost": 0.0, "Total Cost": 0.27, "Plan Rows": 2, "Plan Width": 0, "Index Cond": "(movie_id = mk.movie_id)"}]}]}, {"Node Type": "Bitmap Heap Scan", "Parent Relationship": "Inner", "Relation Name": "company_name", "Alias": "cn", "Startup Cost": 0.26, "Total Cost": 4.27, "Plan Rows": 1, "Plan Width": 4, "Recheck Cond": "(id = mc.company_id)", "Filter": "((country_code)::text = '[nl]'::text)", "Plans": [{"Node Type": "Bitmap Index Scan", "Parent Relationship": "Outer", "Index Name": "company_name_pkey", "Startup Cost": 0.0, "Total Cost": 0.26, "Plan Rows": 1, "Plan Width": 0, "Index Cond": "(id = mc.company_id)"}]}]}, {"Node Type": "Bitmap Heap Scan", "Parent Relationship": "Inner", "Relation Name": "title", "Alias": "t", "Startup Cost": 0.27, "Total Cost": 4.28, "Plan Rows": 1, "Plan Width": 21, "Recheck Cond": "(id = mk.movie_id)", "Plans": [{"Node Type": "Bitmap Index Scan", "Parent Relationship": "Outer", "Index Name": "title_pkey", "Startup Cost": 0.0, "Total Cost": 0.27, "Plan Rows": 1, "Plan Width": 0, "Index Cond": "(id = mk.movie_id)"}]}]}]}, "Unique SQL Id": 2804875951, "Planner Runtime": 8}, "explain_analyze_plan": {"Plan": {"Node Type": "Aggregate", "Strategy": "Plain", "Startup Cost": 3019.97, "Total Cost": 3019.98, "Plan Rows": 1, "Plan Width": 49, "Actual Startup Time": 1387.256, "Actual Total Time": 1387.257, "Actual Rows": 1, "Actual Loops": 1, "Plans": [{"Node Type": "Nested Loop", "Parent Relationship": "Outer", "Join Type": "Inner", "Startup Cost": 5.3, "Total Cost": 3019.97, "Plan Rows": 2, "Plan Width": 17, "Actual Startup Time": 15.885, "Actual Total Time": 1382.928, "Actual Rows": 5228, "Actual Loops": 1, "Inner Unique": true, "Join Filter": "(mc.movie_id = t.id)", "Rows Removed by Join Filter": 0, "Plans": [{"Node Type": "Nested Loop", "Parent Relationship": "Outer", "Join Type": "Inner", "Startup Cost": 5.04, "Total Cost": 3011.39, "Plan Rows": 2, "Plan Width": 8, "Actual Startup Time": 15.861, "Actual Total Time": 1346.204, "Actual Rows": 5228, "Actual Loops": 1, "Inner Unique": true, "Plans": [{"Node Type": "Nested Loop", "Parent Relationship": "Outer", "Join Type": "Inner", "Startup Cost": 4.78, "Total Cost": 2711.55, "Plan Rows": 70, "Plan Width": 12, "Actual Startup Time": 11.506, "Actual Total Time": 487.661, "Actual Rows": 148552, "Actual Loops": 1, "Inner Unique": false, "Plans": [{"Node Type": "Nested Loop", "Parent Relationship": "Outer", "Join Type": "Inner", "Startup Cost": 4.51, "Total Cost": 2569.02, "Plan Rows": 33, "Plan Width": 4, "Actual Startup Time": 11.467, "Actual Total Time": 97.589, "Actual Rows": 41840, "Actual Loops": 1, "Inner Unique": false, "Plans": [{"Node Type": "Seq Scan", "Parent Relationship": "Outer", "Relation Name": "keyword", "Alias": "k", "Startup Cost": 0.0, "Total Cost": 2436.11, "Plan Rows": 1, "Plan Width": 4, "Actual Startup Time": 1.835, "Actual Total Time": 40.613, "Actual Rows": 1, "Actual Loops": 1, "Filter": "((keyword)::text = 'character-name-in-title'::text)", "Rows Removed by Filter": 134168}, {"Node Type": "Bitmap Heap Scan", "Parent Relationship": "Inner", "Relation Name": "movie_keyword", "Alias": "mk", "Startup Cost": 4.51, "Total Cost": 132.58, "Plan Rows": 33, "Plan Width": 8, "Actual Startup Time": 9.627, "Actual Total Time": 47.321, "Actual Rows": 41840, "Actual Loops": 1, "Recheck Cond": "(keyword_id = k.id)", "Rows Removed by Index Recheck": 0, "Exact Heap Blocks": 9702, "Lossy Heap Blocks": 9702, "Plans": [{"Node Type": "Bitmap Index Scan", "Parent Relationship": "Outer", "Index Name": "keyword_id_movie_keyword", "Startup Cost": 0.0, "Total Cost": 4.5, "Plan Rows": 33, "Plan Width": 0, "Actual Startup Time": 7.876, "Actual Total Time": 7.876, "Actual Rows": 41840, "Actual Loops": 1, "Index Cond": "(keyword_id = k.id)"}]}]}, {"Node Type": "Bitmap Heap Scan", "Parent Relationship": "Inner", "Relation Name": "movie_companies", "Alias": "mc", "Startup Cost": 0.27, "Total Cost": 4.3, "Plan Rows": 2, "Plan Width": 8, "Actual Startup Time": 249.986, "Actual Total Time": 306.048, "Actual Rows": 148552, "Actual Loops": 41840, "Recheck Cond": "(movie_id = mk.movie_id)", "Rows Removed by Index Recheck": 0, "Exact Heap Blocks": 62638, "Lossy Heap Blocks": 62638, "Plans": [{"Node Type": "Bitmap Index Scan", "Parent Relationship": "Outer", "Index Name": "movie_id_movie_companies", "Startup Cost": 0.0, "Total Cost": 0.27, "Plan Rows": 2, "Plan Width": 0, "Actual Startup Time": 154.185, "Actual Total Time": 154.185, "Actual Rows": 148552, "Actual Loops": 41840, "Index Cond": "(movie_id = mk.movie_id)"}]}]}, {"Node Type": "Bitmap Heap Scan", "Parent Relationship": "Inner", "Relation Name": "company_name", "Alias": "cn", "Startup Cost": 0.26, "Total Cost": 4.27, "Plan Rows": 1, "Plan Width": 4, "Actual Startup Time": 692.747, "Actual Total Time": 692.747, "Actual Rows": 5228, "Actual Loops": 148552, "Recheck Cond": "(id = mc.company_id)", "Rows Removed by Index Recheck": 0, "Filter": "((country_code)::text = '[nl]'::text)", "Rows Removed by Filter": 143324, "Exact Heap Blocks": 148552, "Lossy Heap Blocks": 148552, "Plans": [{"Node Type": "Bitmap Index Scan", "Parent Relationship": "Outer", "Index Name": "company_name_pkey", "Startup Cost": 0.0, "Total Cost": 0.26, "Plan Rows": 1, "Plan Width": 0, "Actual Startup Time": 381.81, "Actual Total Time": 381.81, "Actual Rows": 148552, "Actual Loops": 148552, "Index Cond": "(id = mc.company_id)"}]}]}, {"Node Type": "Bitmap Heap Scan", "Parent Relationship": "Inner", "Relation Name": "title", "Alias": "t", "Startup Cost": 0.27, "Total Cost": 4.28, "Plan Rows": 1, "Plan Width": 21, "Actual Startup Time": 27.63, "Actual Total Time": 27.63, "Actual Rows": 5228, "Actual Loops": 5228, "Recheck Cond": "(id = mk.movie_id)", "Rows Removed by Index Recheck": 0, "Exact Heap Blocks": 5228, "Lossy Heap Blocks": 5228, "Plans": [{"Node Type": "Bitmap Index Scan", "Parent Relationship": "Outer", "Index Name": "title_pkey", "Startup Cost": 0.0, "Total Cost": 0.27, "Plan Rows": 1, "Plan Width": 0, "Actual Startup Time": 16.841, "Actual Total Time": 16.841, "Actual Rows": 5228, "Actual Loops": 5228, "Index Cond": "(id = mk.movie_id)"}]}]}]}, "Triggers": [], "Planner Runtime": 9.24, "Total Runtime": 1387.727, "Unique SQL Id": 2804875951}}, "(1, '7')": {"explain_plan": {"Plan": {"Node Type": "Aggregate", "Strategy": "Plain", "Startup Cost": 1000025545541.31, "Total Cost": 1000025545541.32, "Plan Rows": 1, "Plan Width": 49, "Plans": [{"Node Type": "Nested Loop", "Parent Relationship": "Outer", "Join Type": "Inner", "Startup Cost": 10000000001.12, "Total Cost": 1000025545541.31, "Plan Rows": 2, "Plan Width": 17, "Inner Unique": true, "Join Filter": "(mc.movie_id = t.id)", "Plans": [{"Node Type": "Nested Loop", "Parent Relationship": "Outer", "Join Type": "Inner", "Startup Cost": 10000000000.85, "Total Cost": 1000025545532.73, "Plan Rows": 2, "Plan Width": 8, "Inner Unique": true, "Plans": [{"Node Type": "Nested Loop", "Parent Relationship": "Outer", "Join Type": "Inner", "Startup Cost": 10000000000.6, "Total Cost": 1000024380163.58, "Plan Rows": 272107, "Plan Width": 12, "Inner Unique": false, "Plans": [{"Node Type": "Nested Loop", "Parent Relationship": "Outer", "Join Type": "Inner", "Startup Cost": 10000000000.26, "Total Cost": 1000024227793.07, "Plan Rows": 33725, "Plan Width": 4, "Inner Unique": true, "Plans": [{"Node Type": "Index Scan", "Parent Relationship": "Outer", "Scan Direction": "Forward", "Index Name": "movie_id_movie_companies", "Relation Name": "movie_companies", "Alias": "mc", "Startup Cost": 10000000000.0, "Total Cost": 1000013051946.13, "Plan Rows": 2609128, "Plan Width": 8}, {"Node Type": "Bitmap Heap Scan", "Parent Relationship": "Inner", "Relation Name": "company_name", "Alias": "cn", "Startup Cost": 0.26, "Total Cost": 4.27, "Plan Rows": 1, "Plan Width": 4, "Recheck Cond": "(id = mc.company_id)", "Filter": "((country_code)::text = '[nl]'::text)", "Plans": [{"Node Type": "Bitmap Index Scan", "Parent Relationship": "Outer", "Index Name": "company_name_pkey", "Startup Cost": 0.0, "Total Cost": 0.26, "Plan Rows": 1, "Plan Width": 0, "Index Cond": "(id = mc.company_id)"}]}]}, {"Node Type": "Bitmap Heap Scan", "Parent Relationship": "Inner", "Relation Name": "movie_keyword", "Alias": "mk", "Startup Cost": 0.34, "Total Cost": 4.44, "Plan Rows": 8, "Plan Width": 8, "Recheck Cond": "(movie_id = mc.movie_id)", "Plans": [{"Node Type": "Bitmap Index Scan", "Parent Relationship": "Outer", "Index Name": "movie_id_movie_keyword", "Startup Cost": 0.0, "Total Cost": 0.34, "Plan Rows": 8, "Plan Width": 0, "Index Cond": "(movie_id = mc.movie_id)"}]}]}, {"Node Type": "Bitmap Heap Scan", "Parent Relationship": "Inner", "Relation Name": "keyword", "Alias": "k", "Startup Cost": 0.26, "Total Cost": 4.27, "Plan Rows": 1, "Plan Width": 4, "Recheck Cond": "(id = mk.keyword_id)", "Filter": "((keyword)::text = 'character-name-in-title'::text)", "Plans": [{"Node Type": "Bitmap Index Scan", "Parent Relationship": "Outer", "Index Name": "keyword_pkey", "Startup Cost": 0.0, "Total Cost": 0.26, "Plan Rows": 1, "Plan Width": 0, "Index Cond": "(id = mk.keyword_id)"}]}]}, {"Node Type": "Bitmap Heap Scan", "Parent Relationship": "Inner", "Relation Name": "title", "Alias": "t", "Startup Cost": 0.27, "Total Cost": 4.28, "Plan Rows": 1, "Plan Width": 21, "Recheck Cond": "(id = mk.movie_id)", "Plans": [{"Node Type": "Bitmap Index Scan", "Parent Relationship": "Outer", "Index Name": "title_pkey", "Startup Cost": 0.0, "Total Cost": 0.27, "Plan Rows": 1, "Plan Width": 0, "Index Cond": "(id = mk.movie_id)"}]}]}]}, "Unique SQL Id": 2804875951, "Planner Runtime": 3}, "explain_analyze_plan": null}, "(1, '8')": {"explain_plan": {"Plan": {"Node Type": "Aggregate", "Strategy": "Plain", "Startup Cost": 2605.07, "Total Cost": 2605.08, "Plan Rows": 1, "Plan Width": 49, "Plans": [{"Node Type": "Nested Loop", "Parent Relationship": "Outer", "Join Type": "Inner", "Startup Cost": 0.0, "Total Cost": 2605.07, "Plan Rows": 2, "Plan Width": 17, "Inner Unique": true, "Join Filter": "(mc.movie_id = t.id)", "Plans": [{"Node Type": "Nested Loop", "Parent Relationship": "Outer", "Join Type": "Inner", "Startup Cost": 0.0, "Total Cost": 2604.42, "Plan Rows": 2, "Plan Width": 8, "Inner Unique": true, "Plans": [{"Node Type": "Nested Loop", "Parent Relationship": "Outer", "Join Type": "Inner", "Startup Cost": 0.0, "Total Cost": 2584.29, "Plan Rows": 70, "Plan Width": 12, "Inner Unique": false, "Plans": [{"Node Type": "Nested Loop", "Parent Relationship": "Outer", "Join Type": "Inner", "Startup Cost": 0.0, "Total Cost": 2573.32, "Plan Rows": 33, "Plan Width": 4, "Inner Unique": false, "Plans": [{"Node Type": "Seq Scan", "Parent Relationship": "Outer", "Relation Name": "keyword", "Alias": "k", "Startup Cost": 0.0, "Total Cost": 2436.11, "Plan Rows": 1, "Plan Width": 4, "Filter": "((keyword)::text = 'character-name-in-title'::text)"}, {"Node Type": "Index Scan", "Parent Relationship": "Inner", "Scan Direction": "Forward", "Index Name": "keyword_id_movie_keyword", "Relation Name": "movie_keyword", "Alias": "mk", "Startup Cost": 0.0, "Total Cost": 136.88, "Plan Rows": 33, "Plan Width": 8, "Index Cond": "(keyword_id = k.id)"}]}, {"Node Type": "Index Scan", "Parent Relationship": "Inner", "Scan Direction": "Forward", "Index Name": "movie_id_movie_companies", "Relation Name": "movie_companies", "Alias": "mc", "Startup Cost": 0.0, "Total Cost": 0.31, "Plan Rows": 2, "Plan Width": 8, "Index Cond": "(movie_id = mk.movie_id)"}]}, {"Node Type": "Index Scan", "Parent Relationship": "Inner", "Scan Direction": "Forward", "Index Name": "company_name_pkey", "Relation Name": "company_name", "Alias": "cn", "Startup Cost": 0.0, "Total Cost": 0.28, "Plan Rows": 1, "Plan Width": 4, "Index Cond": "(id = mc.company_id)", "Filter": "((country_code)::text = '[nl]'::text)"}]}, {"Node Type": "Index Scan", "Parent Relationship": "Inner", "Scan Direction": "Forward", "Index Name": "title_pkey", "Relation Name": "title", "Alias": "t", "Startup Cost": 0.0, "Total Cost": 0.31, "Plan Rows": 1, "Plan Width": 21, "Index Cond": "(id = mk.movie_id)"}]}]}, "Unique SQL Id": 2804875951, "Planner Runtime": 8}, "explain_analyze_plan": {"Plan": {"Node Type": "Aggregate", "Strategy": "Plain", "Startup Cost": 2605.07, "Total Cost": 2605.08, "Plan Rows": 1, "Plan Width": 49, "Actual Startup Time": 1018.693, "Actual Total Time": 1018.694, "Actual Rows": 1, "Actual Loops": 1, "Plans": [{"Node Type": "Nested Loop", "Parent Relationship": "Outer", "Join Type": "Inner", "Startup Cost": 0.0, "Total Cost": 2605.07, "Plan Rows": 2, "Plan Width": 17, "Actual Startup Time": 4.88, "Actual Total Time": 1015.562, "Actual Rows": 5228, "Actual Loops": 1, "Inner Unique": true, "Join Filter": "(mc.movie_id = t.id)", "Rows Removed by Join Filter": 0, "Plans": [{"Node Type": "Nested Loop", "Parent Relationship": "Outer", "Join Type": "Inner", "Startup Cost": 0.0, "Total Cost": 2604.42, "Plan Rows": 2, "Plan Width": 8, "Actual Startup Time": 4.865, "Actual Total Time": 988.098, "Actual Rows": 5228, "Actual Loops": 1, "Inner Unique": true, "Plans": [{"Node Type": "Nested Loop", "Parent Relationship": "Outer", "Join Type": "Inner", "Startup Cost": 0.0, "Total Cost": 2584.29, "Plan Rows": 70, "Plan Width": 12, "Actual Startup Time": 1.836, "Actual Total Time": 368.761, "Actual Rows": 148552, "Actual Loops": 1, "Inner Unique": false, "Plans": [{"Node Type": "Nested Loop", "Parent Relationship": "Outer", "Join Type": "Inner", "Startup Cost": 0.0, "Total Cost": 2573.32, "Plan Rows": 33, "Plan Width": 4, "Actual Startup Time": 1.817, "Actual Total Time": 90.483, "Actual Rows": 41840, "Actual Loops": 1, "Inner Unique": false, "Plans": [{"Node Type": "Seq Scan", "Parent Relationship": "Outer", "Relation Name": "keyword", "Alias": "k", "Startup Cost": 0.0, "Total Cost": 2436.11, "Plan Rows": 1, "Plan Width": 4, "Actual Startup Time": 1.79, "Actual Total Time": 42.521, "Actual Rows": 1, "Actual Loops": 1, "Filter": "((keyword)::text = 'character-name-in-title'::text)", "Rows Removed by Filter": 134168}, {"Node Type": "Index Scan", "Parent Relationship": "Inner", "Scan Direction": "Forward", "Index Name": "keyword_id_movie_keyword", "Relation Name": "movie_keyword", "Alias": "mk", "Startup Cost": 0.0, "Total Cost": 136.88, "Plan Rows": 33, "Plan Width": 8, "Actual Startup Time": 0.021, "Actual Total Time": 38.672, "Actual Rows": 41840, "Actual Loops": 1, "Index Cond": "(keyword_id = k.id)", "Rows Removed by Index Recheck": 0}]}, {"Node Type": "Index Scan", "Parent Relationship": "Inner", "Scan Direction": "Forward", "Index Name": "movie_id_movie_companies", "Relation Name": "movie_companies", "Alias": "mc", "Startup Cost": 0.0, "Total Cost": 0.31, "Plan Rows": 2, "Plan Width": 8, "Actual Startup Time": 149.771, "Actual Total Time": 222.908, "Actual Rows": 148552, "Actual Loops": 41840, "Index Cond": "(movie_id = mk.movie_id)", "Rows Removed by Index Recheck": 0}]}, {"Node Type": "Index Scan", "Parent Relationship": "Inner", "Scan Direction": "Forward", "Index Name": "company_name_pkey", "Relation Name": "company_name", "Alias": "cn", "Startup Cost": 0.0, "Total Cost": 0.28, "Plan Rows": 1, "Plan Width": 4, "Actual Startup Time": 548.889, "Actual Total Time": 548.889, "Actual Rows": 5228, "Actual Loops": 148552, "Index Cond": "(id = mc.company_id)", "Rows Removed by Index Recheck": 0, "Filter": "((country_code)::text = '[nl]'::text)", "Rows Removed by Filter": 143324}]}, {"Node Type": "Index Scan", "Parent Relationship": "Inner", "Scan Direction": "Forward", "Index Name": "title_pkey", "Relation Name": "title", "Alias": "t", "Startup Cost": 0.0, "Total Cost": 0.31, "Plan Rows": 1, "Plan Width": 21, "Actual Startup Time": 21.677, "Actual Total Time": 21.677, "Actual Rows": 5228, "Actual Loops": 5228, "Index Cond": "(id = mk.movie_id)", "Rows Removed by Index Recheck": 0}]}]}, "Triggers": [], "Planner Runtime": 9.006, "Total Runtime": 1018.947, "Unique SQL Id": 2804875951}}, "(1, '9')": {"explain_plan": {"Plan": {"Node Type": "Aggregate", "Strategy": "Plain", "Startup Cost": 3351.67, "Total Cost": 3351.68, "Plan Rows": 1, "Plan Width": 49, "Plans": [{"Node Type": "Nested Loop", "Parent Relationship": "Outer", "Join Type": "Inner", "Startup Cost": 0.0, "Total Cost": 3351.67, "Plan Rows": 2, "Plan Width": 17, "Inner Unique": true, "Join Filter": "(mc.movie_id = t.id)", "Plans": [{"Node Type": "Nested Loop", "Parent Relationship": "Outer", "Join Type": "Inner", "Startup Cost": 0.0, "Total Cost": 3351.03, "Plan Rows": 2, "Plan Width": 8, "Inner Unique": true, "Plans": [{"Node Type": "Nested Loop", "Parent Relationship": "Outer", "Join Type": "Inner", "Startup Cost": 0.0, "Total Cost": 3330.89, "Plan Rows": 70, "Plan Width": 12, "Inner Unique": false, "Plans": [{"Node Type": "Nested Loop", "Parent Relationship": "Outer", "Join Type": "Inner", "Startup Cost": 0.0, "Total Cost": 3319.92, "Plan Rows": 33, "Plan Width": 4, "Inner Unique": false, "Plans": [{"Node Type": "Index Scan", "Parent Relationship": "Outer", "Scan Direction": "Forward", "Index Name": "keyword_pkey", "Relation Name": "keyword", "Alias": "k", "Startup Cost": 0.0, "Total Cost": 3182.72, "Plan Rows": 1, "Plan Width": 4, "Filter": "((keyword)::text = 'character-name-in-title'::text)"}, {"Node Type": "Index Scan", "Parent Relationship": "Inner", "Scan Direction": "Forward", "Index Name": "keyword_id_movie_keyword", "Relation Name": "movie_keyword", "Alias": "mk", "Startup Cost": 0.0, "Total Cost": 136.88, "Plan Rows": 33, "Plan Width": 8, "Index Cond": "(keyword_id = k.id)"}]}, {"Node Type": "Index Scan", "Parent Relationship": "Inner", "Scan Direction": "Forward", "Index Name": "movie_id_movie_companies", "Relation Name": "movie_companies", "Alias": "mc", "Startup Cost": 0.0, "Total Cost": 0.31, "Plan Rows": 2, "Plan Width": 8, "Index Cond": "(movie_id = mk.movie_id)"}]}, {"Node Type": "Index Scan", "Parent Relationship": "Inner", "Scan Direction": "Forward", "Index Name": "company_name_pkey", "Relation Name": "company_name", "Alias": "cn", "Startup Cost": 0.0, "Total Cost": 0.28, "Plan Rows": 1, "Plan Width": 4, "Index Cond": "(id = mc.company_id)", "Filter": "((country_code)::text = '[nl]'::text)"}]}, {"Node Type": "Index Scan", "Parent Relationship": "Inner", "Scan Direction": "Forward", "Index Name": "title_pkey", "Relation Name": "title", "Alias": "t", "Startup Cost": 0.0, "Total Cost": 0.31, "Plan Rows": 1, "Plan Width": 21, "Index Cond": "(id = mk.movie_id)"}]}]}, "Unique SQL Id": 2804875951, "Planner Runtime": 9}, "explain_analyze_plan": {"Plan": {"Node Type": "Aggregate", "Strategy": "Plain", "Startup Cost": 3351.67, "Total Cost": 3351.68, "Plan Rows": 1, "Plan Width": 49, "Actual Startup Time": 1104.099, "Actual Total Time": 1104.099, "Actual Rows": 1, "Actual Loops": 1, "Plans": [{"Node Type": "Nested Loop", "Parent Relationship": "Outer", "Join Type": "Inner", "Startup Cost": 0.0, "Total Cost": 3351.67, "Plan Rows": 2, "Plan Width": 17, "Actual Startup Time": 3.277, "Actual Total Time": 1101.041, "Actual Rows": 5228, "Actual Loops": 1, "Inner Unique": true, "Join Filter": "(mc.movie_id = t.id)", "Rows Removed by Join Filter": 0, "Plans": [{"Node Type": "Nested Loop", "Parent Relationship": "Outer", "Join Type": "Inner", "Startup Cost": 0.0, "Total Cost": 3351.03, "Plan Rows": 2, "Plan Width": 8, "Actual Startup Time": 3.261, "Actual Total Time": 1073.962, "Actual Rows": 5228, "Actual Loops": 1, "Inner Unique": true, "Plans": [{"Node Type": "Nested Loop", "Parent Relationship": "Outer", "Join Type": "Inner", "Startup Cost": 0.0, "Total Cost": 3330.89, "Plan Rows": 70, "Plan Width": 12, "Actual Startup Time": 0.244, "Actual Total Time": 439.938, "Actual Rows": 148552, "Actual Loops": 1, "Inner Unique": false, "Plans": [{"Node Type": "Nested Loop", "Parent Relationship": "Outer", "Join Type": "Inner", "Startup Cost": 0.0, "Total Cost": 3319.92, "Plan Rows": 33, "Plan Width": 4, "Actual Startup Time": 0.228, "Actual Total Time": 160.992, "Actual Rows": 41840, "Actual Loops": 1, "Inner Unique": false, "Plans": [{"Node Type": "Index Scan", "Parent Relationship": "Outer", "Scan Direction": "Forward", "Index Name": "keyword_pkey", "Relation Name": "keyword", "Alias": "k", "Startup Cost": 0.0, "Total Cost": 3182.72, "Plan Rows": 1, "Plan Width": 4, "Actual Startup Time": 0.209, "Actual Total Time": 114.577, "Actual Rows": 1, "Actual Loops": 1, "Filter": "((keyword)::text = 'character-name-in-title'::text)", "Rows Removed by Filter": 134168}, {"Node Type": "Index Scan", "Parent Relationship": "Inner", "Scan Direction": "Forward", "Index Name": "keyword_id_movie_keyword", "Relation Name": "movie_keyword", "Alias": "mk", "Startup Cost": 0.0, "Total Cost": 136.88, "Plan Rows": 33, "Plan Width": 8, "Actual Startup Time": 0.015, "Actual Total Time": 37.044, "Actual Rows": 41840, "Actual Loops": 1, "Index Cond": "(keyword_id = k.id)", "Rows Removed by Index Recheck": 0}]}, {"Node Type": "Index Scan", "Parent Relationship": "Inner", "Scan Direction": "Forward", "Index Name": "movie_id_movie_companies", "Relation Name": "movie_companies", "Alias": "mc", "Startup Cost": 0.0, "Total Cost": 0.31, "Plan Rows": 2, "Plan Width": 8, "Actual Startup Time": 150.187, "Actual Total Time": 222.909, "Actual Rows": 148552, "Actual Loops": 41840, "Index Cond": "(movie_id = mk.movie_id)", "Rows Removed by Index Recheck": 0}]}, {"Node Type": "Index Scan", "Parent Relationship": "Inner", "Scan Direction": "Forward", "Index Name": "company_name_pkey", "Relation Name": "company_name", "Alias": "cn", "Startup Cost": 0.0, "Total Cost": 0.28, "Plan Rows": 1, "Plan Width": 4, "Actual Startup Time": 562.098, "Actual Total Time": 562.098, "Actual Rows": 5228, "Actual Loops": 148552, "Index Cond": "(id = mc.company_id)", "Rows Removed by Index Recheck": 0, "Filter": "((country_code)::text = '[nl]'::text)", "Rows Removed by Filter": 143324}]}, {"Node Type": "Index Scan", "Parent Relationship": "Inner", "Scan Direction": "Forward", "Index Name": "title_pkey", "Relation Name": "title", "Alias": "t", "Startup Cost": 0.0, "Total Cost": 0.31, "Plan Rows": 1, "Plan Width": 21, "Actual Startup Time": 21.503, "Actual Total Time": 21.503, "Actual Rows": 5228, "Actual Loops": 5228, "Index Cond": "(id = mk.movie_id)", "Rows Removed by Index Recheck": 0}]}]}, "Triggers": [], "Planner Runtime": 9.208, "Total Runtime": 1104.346, "Unique SQL Id": 2804875951}}, "(1, '10')": {"explain_plan": {"Plan": {"Node Type": "Aggregate", "Strategy": "Plain", "Startup Cost": 203302.73, "Total Cost": 203302.74, "Plan Rows": 1, "Plan Width": 49, "Plans": [{"Node Type": "Hash Join", "Parent Relationship": "Outer", "Join Type": "Inner", "Startup Cost": 133750.79, "Total Cost": 203302.73, "Plan Rows": 2, "Plan Width": 17, "Inner Unique": true, "Hash Cond": "(mc.company_id = cn.id)", "Plans": [{"Node Type": "Hash Join", "Parent Relationship": "Outer", "Join Type": "Inner", "Startup Cost": 127819.34, "Total Cost": 197370.32, "Plan Rows": 70, "Plan Width": 21, "Inner Unique": false, "Hash Cond": "(t.id = mc.movie_id)", "Plans": [{"Node Type": "Seq Scan", "Parent Relationship": "Outer", "Relation Name": "title", "Alias": "t", "Startup Cost": 0.0, "Total Cost": 60069.11, "Plan Rows": 2528311, "Plan Width": 21}, {"Node Type": "Hash", "Parent Relationship": "Inner", "Startup Cost": 127818.46, "Total Cost": 127818.46, "Plan Rows": 70, "Plan Width": 12, "Plans": [{"Node Type": "Hash Join", "Parent Relationship": "Outer", "Join Type": "Inner", "Startup Cost": 76216.26, "Total Cost": 127818.46, "Plan Rows": 70, "Plan Width": 12, "Inner Unique": false, "Hash Cond": "(mc.movie_id = mk.movie_id)", "Plans": [{"Node Type": "Seq Scan", "Parent Relationship": "Outer", "Relation Name": "movie_companies", "Alias": "mc", "Startup Cost": 0.0, "Total Cost": 41817.28, "Plan Rows": 2609128, "Plan Width": 8}, {"Node Type": "Hash", "Parent Relationship": "Inner", "Startup Cost": 76215.84, "Total Cost": 76215.84, "Plan Rows": 33, "Plan Width": 4, "Plans": [{"Node Type": "Hash Join", "Parent Relationship": "Outer", "Join Type": "Inner", "Startup Cost": 2436.12, "Total Cost": 76215.84, "Plan Rows": 33, "Plan Width": 4, "Inner Unique": true, "Hash Cond": "(mk.keyword_id = k.id)", "Plans": [{"Node Type": "Seq Scan", "Parent Relationship": "Outer", "Relation Name": "movie_keyword", "Alias": "mk", "Startup Cost": 0.0, "Total Cost": 62441.29, "Plan Rows": 4523929, "Plan Width": 8}, {"Node Type": "Hash", "Parent Relationship": "Inner", "Startup Cost": 2436.11, "Total Cost": 2436.11, "Plan Rows": 1, "Plan Width": 4, "Plans": [{"Node Type": "Seq Scan", "Parent Relationship": "Outer", "Relation Name": "keyword", "Alias": "k", "Startup Cost": 0.0, "Total Cost": 2436.11, "Plan Rows": 1, "Plan Width": 4, "Filter": "((keyword)::text = 'character-name-in-title'::text)"}]}]}]}]}]}]}, {"Node Type": "Hash", "Parent Relationship": "Inner", "Startup Cost": 5903.45, "Total Cost": 5903.45, "Plan Rows": 2240, "Plan Width": 4, "Plans": [{"Node Type": "Seq Scan", "Parent Relationship": "Outer", "Relation Name": "company_name", "Alias": "cn", "Startup Cost": 0.0, "Total Cost": 5903.45, "Plan Rows": 2240, "Plan Width": 4, "Filter": "((country_code)::text = '[nl]'::text)"}]}]}]}, "Unique SQL Id": 2804875951, "Planner Runtime": 11}, "explain_analyze_plan": null}, "(1, '11')": {"explain_plan": {"Plan": {"Node Type": "Aggregate", "Strategy": "Plain", "Startup Cost": 4999022085294.01, "Total Cost": 4999022085294.02, "Plan Rows": 1, "Plan Width": 49, "Plans": [{"Node Type": "Merge Join", "Parent Relationship": "Outer", "Join Type": "Inner", "Startup Cost": 50198067446.04, "Total Cost": 4999022085294.0, "Plan Rows": 2, "Plan Width": 17, "Inner Unique": true, "Merge Cond": "(mc.movie_id = t.id)", "Plans": [{"Node Type": "Nested Loop", "Parent Relationship": "Outer", "Join Type": "Inner", "Startup Cost": 40176139519.84, "Total Cost": 3999959841302.72, "Plan Rows": 2, "Plan Width": 8, "Inner Unique": true, "Join Filter": "(mk.keyword_id = k.id)", "Plans": [{"Node Type": "Merge Join", "Parent Relationship": "Outer", "Join Type": "Inner", "Startup Cost": 30176139519.84, "Total Cost": 2999959518949.43, "Plan Rows": 272107, "Plan Width": 12, "Inner Unique": false, "Merge Cond": "(mc.movie_id = mk.movie_id)", "Plans": [{"Node Type": "Nested Loop", "Parent Relationship": "Outer", "Join Type": "Inner", "Startup Cost": 20000000000.0, "Total Cost": 2000101768791.5, "Plan Rows": 33725, "Plan Width": 4, "Inner Unique": true, "Join Filter": "(cn.id = mc.company_id)", "Plans": [{"Node Type": "Index Scan", "Parent Relationship": "Outer", "Scan Direction": "Forward", "Index Name": "movie_id_movie_companies", "Relation Name": "movie_companies", "Alias": "mc", "Startup Cost": 10000000000.0, "Total Cost": 1000013051946.13, "Plan Rows": 2609128, "Plan Width": 8}, {"Node Type": "Materialize", "Parent Relationship": "Inner", "Startup Cost": 10000000000.0, "Total Cost": 1000001050150.17, "Plan Rows": 2240, "Plan Width": 4, "Plans": [{"Node Type": "Index Scan", "Parent Relationship": "Outer", "Scan Direction": "Forward", "Index Name": "company_name_pkey", "Relation Name": "company_name", "Alias": "cn", "Startup Cost": 10000000000.0, "Total Cost": 1000001050138.97, "Plan Rows": 2240, "Plan Width": 4, "Filter": "((country_code)::text = '[nl]'::text)"}]}]}, {"Node Type": "Index Scan", "Parent Relationship": "Inner", "Scan Direction": "Forward", "Index Name": "movie_id_movie_keyword", "Relation Name": "movie_keyword", "Alias": "mk", "Startup Cost": 10000000000.0, "Total Cost": 1000015300634.17, "Plan Rows": 4523929, "Plan Width": 8}]}, {"Node Type": "Materialize", "Parent Relationship": "Inner", "Startup Cost": 10000000000.0, "Total Cost": 1000000318271.69, "Plan Rows": 1, "Plan Width": 4, "Plans": [{"Node Type": "Index Scan", "Parent Relationship": "Outer", "Scan Direction": "Forward", "Index Name": "keyword_pkey", "Relation Name": "keyword", "Alias": "k", "Startup Cost": 10000000000.0, "Total Cost": 1000000318271.68, "Plan Rows": 1, "Plan Width": 4, "Filter": "((keyword)::text = 'character-name-in-title'::text)"}]}]}, {"Node Type": "Index Scan", "Parent Relationship": "Inner", "Scan Direction": "Forward", "Index Name": "title_pkey", "Relation Name": "title", "Alias": "t", "Startup Cost": 10000000000.0, "Total Cost": 1000011012048.91, "Plan Rows": 2528311, "Plan Width": 21}]}]}, "Unique SQL Id": 2804875951, "Planner Runtime": 14}, "explain_analyze_plan": null}, "(1, '12')": {"explain_plan": {"Plan": {"Node Type": "Aggregate", "Strategy": "Plain", "Startup Cost": 2605.07, "Total Cost": 2605.08, "Plan Rows": 1, "Plan Width": 49, "Plans": [{"Node Type": "Nested Loop", "Parent Relationship": "Outer", "Join Type": "Inner", "Startup Cost": 0.0, "Total Cost": 2605.07, "Plan Rows": 2, "Plan Width": 17, "Inner Unique": true, "Join Filter": "(mc.movie_id = t.id)", "Plans": [{"Node Type": "Nested Loop", "Parent Relationship": "Outer", "Join Type": "Inner", "Startup Cost": 0.0, "Total Cost": 2604.42, "Plan Rows": 2, "Plan Width": 8, "Inner Unique": true, "Plans": [{"Node Type": "Nested Loop", "Parent Relationship": "Outer", "Join Type": "Inner", "Startup Cost": 0.0, "Total Cost": 2584.29, "Plan Rows": 70, "Plan Width": 12, "Inner Unique": false, "Plans": [{"Node Type": "Nested Loop", "Parent Relationship": "Outer", "Join Type": "Inner", "Startup Cost": 0.0, "Total Cost": 2573.32, "Plan Rows": 33, "Plan Width": 4, "Inner Unique": false, "Plans": [{"Node Type": "Seq Scan", "Parent Relationship": "Outer", "Relation Name": "keyword", "Alias": "k", "Startup Cost": 0.0, "Total Cost": 2436.11, "Plan Rows": 1, "Plan Width": 4, "Filter": "((keyword)::text = 'character-name-in-title'::text)"}, {"Node Type": "Index Scan", "Parent Relationship": "Inner", "Scan Direction": "Forward", "Index Name": "keyword_id_movie_keyword", "Relation Name": "movie_keyword", "Alias": "mk", "Startup Cost": 0.0, "Total Cost": 136.88, "Plan Rows": 33, "Plan Width": 8, "Index Cond": "(keyword_id = k.id)"}]}, {"Node Type": "Index Scan", "Parent Relationship": "Inner", "Scan Direction": "Forward", "Index Name": "movie_id_movie_companies", "Relation Name": "movie_companies", "Alias": "mc", "Startup Cost": 0.0, "Total Cost": 0.31, "Plan Rows": 2, "Plan Width": 8, "Index Cond": "(movie_id = mk.movie_id)"}]}, {"Node Type": "Index Scan", "Parent Relationship": "Inner", "Scan Direction": "Forward", "Index Name": "company_name_pkey", "Relation Name": "company_name", "Alias": "cn", "Startup Cost": 0.0, "Total Cost": 0.28, "Plan Rows": 1, "Plan Width": 4, "Index Cond": "(id = mc.company_id)", "Filter": "((country_code)::text = '[nl]'::text)"}]}, {"Node Type": "Index Scan", "Parent Relationship": "Inner", "Scan Direction": "Forward", "Index Name": "title_pkey", "Relation Name": "title", "Alias": "t", "Startup Cost": 0.0, "Total Cost": 0.31, "Plan Rows": 1, "Plan Width": 21, "Index Cond": "(id = mk.movie_id)"}]}]}, "Unique SQL Id": 2804875951, "Planner Runtime": 9}, "explain_analyze_plan": {"Plan": {"Node Type": "Aggregate", "Strategy": "Plain", "Startup Cost": 2605.07, "Total Cost": 2605.08, "Plan Rows": 1, "Plan Width": 49, "Actual Startup Time": 1018.693, "Actual Total Time": 1018.694, "Actual Rows": 1, "Actual Loops": 1, "Plans": [{"Node Type": "Nested Loop", "Parent Relationship": "Outer", "Join Type": "Inner", "Startup Cost": 0.0, "Total Cost": 2605.07, "Plan Rows": 2, "Plan Width": 17, "Actual Startup Time": 4.88, "Actual Total Time": 1015.562, "Actual Rows": 5228, "Actual Loops": 1, "Inner Unique": true, "Join Filter": "(mc.movie_id = t.id)", "Rows Removed by Join Filter": 0, "Plans": [{"Node Type": "Nested Loop", "Parent Relationship": "Outer", "Join Type": "Inner", "Startup Cost": 0.0, "Total Cost": 2604.42, "Plan Rows": 2, "Plan Width": 8, "Actual Startup Time": 4.865, "Actual Total Time": 988.098, "Actual Rows": 5228, "Actual Loops": 1, "Inner Unique": true, "Plans": [{"Node Type": "Nested Loop", "Parent Relationship": "Outer", "Join Type": "Inner", "Startup Cost": 0.0, "Total Cost": 2584.29, "Plan Rows": 70, "Plan Width": 12, "Actual Startup Time": 1.836, "Actual Total Time": 368.761, "Actual Rows": 148552, "Actual Loops": 1, "Inner Unique": false, "Plans": [{"Node Type": "Nested Loop", "Parent Relationship": "Outer", "Join Type": "Inner", "Startup Cost": 0.0, "Total Cost": 2573.32, "Plan Rows": 33, "Plan Width": 4, "Actual Startup Time": 1.817, "Actual Total Time": 90.483, "Actual Rows": 41840, "Actual Loops": 1, "Inner Unique": false, "Plans": [{"Node Type": "Seq Scan", "Parent Relationship": "Outer", "Relation Name": "keyword", "Alias": "k", "Startup Cost": 0.0, "Total Cost": 2436.11, "Plan Rows": 1, "Plan Width": 4, "Actual Startup Time": 1.79, "Actual Total Time": 42.521, "Actual Rows": 1, "Actual Loops": 1, "Filter": "((keyword)::text = 'character-name-in-title'::text)", "Rows Removed by Filter": 134168}, {"Node Type": "Index Scan", "Parent Relationship": "Inner", "Scan Direction": "Forward", "Index Name": "keyword_id_movie_keyword", "Relation Name": "movie_keyword", "Alias": "mk", "Startup Cost": 0.0, "Total Cost": 136.88, "Plan Rows": 33, "Plan Width": 8, "Actual Startup Time": 0.021, "Actual Total Time": 38.672, "Actual Rows": 41840, "Actual Loops": 1, "Index Cond": "(keyword_id = k.id)", "Rows Removed by Index Recheck": 0}]}, {"Node Type": "Index Scan", "Parent Relationship": "Inner", "Scan Direction": "Forward", "Index Name": "movie_id_movie_companies", "Relation Name": "movie_companies", "Alias": "mc", "Startup Cost": 0.0, "Total Cost": 0.31, "Plan Rows": 2, "Plan Width": 8, "Actual Startup Time": 149.771, "Actual Total Time": 222.908, "Actual Rows": 148552, "Actual Loops": 41840, "Index Cond": "(movie_id = mk.movie_id)", "Rows Removed by Index Recheck": 0}]}, {"Node Type": "Index Scan", "Parent Relationship": "Inner", "Scan Direction": "Forward", "Index Name": "company_name_pkey", "Relation Name": "company_name", "Alias": "cn", "Startup Cost": 0.0, "Total Cost": 0.28, "Plan Rows": 1, "Plan Width": 4, "Actual Startup Time": 548.889, "Actual Total Time": 548.889, "Actual Rows": 5228, "Actual Loops": 148552, "Index Cond": "(id = mc.company_id)", "Rows Removed by Index Recheck": 0, "Filter": "((country_code)::text = '[nl]'::text)", "Rows Removed by Filter": 143324}]}, {"Node Type": "Index Scan", "Parent Relationship": "Inner", "Scan Direction": "Forward", "Index Name": "title_pkey", "Relation Name": "title", "Alias": "t", "Startup Cost": 0.0, "Total Cost": 0.31, "Plan Rows": 1, "Plan Width": 21, "Actual Startup Time": 21.677, "Actual Total Time": 21.677, "Actual Rows": 5228, "Actual Loops": 5228, "Index Cond": "(id = mk.movie_id)", "Rows Removed by Index Recheck": 0}]}]}, "Triggers": [], "Planner Runtime": 9.006, "Total Runtime": 1018.947, "Unique SQL Id": 2804875951}}, "(1, '13')": {"explain_plan": {"Plan": {"Node Type": "Aggregate", "Strategy": "Plain", "Startup Cost": 3351.67, "Total Cost": 3351.68, "Plan Rows": 1, "Plan Width": 49, "Plans": [{"Node Type": "Nested Loop", "Parent Relationship": "Outer", "Join Type": "Inner", "Startup Cost": 0.0, "Total Cost": 3351.67, "Plan Rows": 2, "Plan Width": 17, "Inner Unique": true, "Join Filter": "(mc.movie_id = t.id)", "Plans": [{"Node Type": "Nested Loop", "Parent Relationship": "Outer", "Join Type": "Inner", "Startup Cost": 0.0, "Total Cost": 3351.03, "Plan Rows": 2, "Plan Width": 8, "Inner Unique": true, "Plans": [{"Node Type": "Nested Loop", "Parent Relationship": "Outer", "Join Type": "Inner", "Startup Cost": 0.0, "Total Cost": 3330.89, "Plan Rows": 70, "Plan Width": 12, "Inner Unique": false, "Plans": [{"Node Type": "Nested Loop", "Parent Relationship": "Outer", "Join Type": "Inner", "Startup Cost": 0.0, "Total Cost": 3319.92, "Plan Rows": 33, "Plan Width": 4, "Inner Unique": false, "Plans": [{"Node Type": "Index Scan", "Parent Relationship": "Outer", "Scan Direction": "Forward", "Index Name": "keyword_pkey", "Relation Name": "keyword", "Alias": "k", "Startup Cost": 0.0, "Total Cost": 3182.72, "Plan Rows": 1, "Plan Width": 4, "Filter": "((keyword)::text = 'character-name-in-title'::text)"}, {"Node Type": "Index Scan", "Parent Relationship": "Inner", "Scan Direction": "Forward", "Index Name": "keyword_id_movie_keyword", "Relation Name": "movie_keyword", "Alias": "mk", "Startup Cost": 0.0, "Total Cost": 136.88, "Plan Rows": 33, "Plan Width": 8, "Index Cond": "(keyword_id = k.id)"}]}, {"Node Type": "Index Scan", "Parent Relationship": "Inner", "Scan Direction": "Forward", "Index Name": "movie_id_movie_companies", "Relation Name": "movie_companies", "Alias": "mc", "Startup Cost": 0.0, "Total Cost": 0.31, "Plan Rows": 2, "Plan Width": 8, "Index Cond": "(movie_id = mk.movie_id)"}]}, {"Node Type": "Index Scan", "Parent Relationship": "Inner", "Scan Direction": "Forward", "Index Name": "company_name_pkey", "Relation Name": "company_name", "Alias": "cn", "Startup Cost": 0.0, "Total Cost": 0.28, "Plan Rows": 1, "Plan Width": 4, "Index Cond": "(id = mc.company_id)", "Filter": "((country_code)::text = '[nl]'::text)"}]}, {"Node Type": "Index Scan", "Parent Relationship": "Inner", "Scan Direction": "Forward", "Index Name": "title_pkey", "Relation Name": "title", "Alias": "t", "Startup Cost": 0.0, "Total Cost": 0.31, "Plan Rows": 1, "Plan Width": 21, "Index Cond": "(id = mk.movie_id)"}]}]}, "Unique SQL Id": 2804875951, "Planner Runtime": 9}, "explain_analyze_plan": {"Plan": {"Node Type": "Aggregate", "Strategy": "Plain", "Startup Cost": 3351.67, "Total Cost": 3351.68, "Plan Rows": 1, "Plan Width": 49, "Actual Startup Time": 1104.099, "Actual Total Time": 1104.099, "Actual Rows": 1, "Actual Loops": 1, "Plans": [{"Node Type": "Nested Loop", "Parent Relationship": "Outer", "Join Type": "Inner", "Startup Cost": 0.0, "Total Cost": 3351.67, "Plan Rows": 2, "Plan Width": 17, "Actual Startup Time": 3.277, "Actual Total Time": 1101.041, "Actual Rows": 5228, "Actual Loops": 1, "Inner Unique": true, "Join Filter": "(mc.movie_id = t.id)", "Rows Removed by Join Filter": 0, "Plans": [{"Node Type": "Nested Loop", "Parent Relationship": "Outer", "Join Type": "Inner", "Startup Cost": 0.0, "Total Cost": 3351.03, "Plan Rows": 2, "Plan Width": 8, "Actual Startup Time": 3.261, "Actual Total Time": 1073.962, "Actual Rows": 5228, "Actual Loops": 1, "Inner Unique": true, "Plans": [{"Node Type": "Nested Loop", "Parent Relationship": "Outer", "Join Type": "Inner", "Startup Cost": 0.0, "Total Cost": 3330.89, "Plan Rows": 70, "Plan Width": 12, "Actual Startup Time": 0.244, "Actual Total Time": 439.938, "Actual Rows": 148552, "Actual Loops": 1, "Inner Unique": false, "Plans": [{"Node Type": "Nested Loop", "Parent Relationship": "Outer", "Join Type": "Inner", "Startup Cost": 0.0, "Total Cost": 3319.92, "Plan Rows": 33, "Plan Width": 4, "Actual Startup Time": 0.228, "Actual Total Time": 160.992, "Actual Rows": 41840, "Actual Loops": 1, "Inner Unique": false, "Plans": [{"Node Type": "Index Scan", "Parent Relationship": "Outer", "Scan Direction": "Forward", "Index Name": "keyword_pkey", "Relation Name": "keyword", "Alias": "k", "Startup Cost": 0.0, "Total Cost": 3182.72, "Plan Rows": 1, "Plan Width": 4, "Actual Startup Time": 0.209, "Actual Total Time": 114.577, "Actual Rows": 1, "Actual Loops": 1, "Filter": "((keyword)::text = 'character-name-in-title'::text)", "Rows Removed by Filter": 134168}, {"Node Type": "Index Scan", "Parent Relationship": "Inner", "Scan Direction": "Forward", "Index Name": "keyword_id_movie_keyword", "Relation Name": "movie_keyword", "Alias": "mk", "Startup Cost": 0.0, "Total Cost": 136.88, "Plan Rows": 33, "Plan Width": 8, "Actual Startup Time": 0.015, "Actual Total Time": 37.044, "Actual Rows": 41840, "Actual Loops": 1, "Index Cond": "(keyword_id = k.id)", "Rows Removed by Index Recheck": 0}]}, {"Node Type": "Index Scan", "Parent Relationship": "Inner", "Scan Direction": "Forward", "Index Name": "movie_id_movie_companies", "Relation Name": "movie_companies", "Alias": "mc", "Startup Cost": 0.0, "Total Cost": 0.31, "Plan Rows": 2, "Plan Width": 8, "Actual Startup Time": 150.187, "Actual Total Time": 222.909, "Actual Rows": 148552, "Actual Loops": 41840, "Index Cond": "(movie_id = mk.movie_id)", "Rows Removed by Index Recheck": 0}]}, {"Node Type": "Index Scan", "Parent Relationship": "Inner", "Scan Direction": "Forward", "Index Name": "company_name_pkey", "Relation Name": "company_name", "Alias": "cn", "Startup Cost": 0.0, "Total Cost": 0.28, "Plan Rows": 1, "Plan Width": 4, "Actual Startup Time": 562.098, "Actual Total Time": 562.098, "Actual Rows": 5228, "Actual Loops": 148552, "Index Cond": "(id = mc.company_id)", "Rows Removed by Index Recheck": 0, "Filter": "((country_code)::text = '[nl]'::text)", "Rows Removed by Filter": 143324}]}, {"Node Type": "Index Scan", "Parent Relationship": "Inner", "Scan Direction": "Forward", "Index Name": "title_pkey", "Relation Name": "title", "Alias": "t", "Startup Cost": 0.0, "Total Cost": 0.31, "Plan Rows": 1, "Plan Width": 21, "Actual Startup Time": 21.503, "Actual Total Time": 21.503, "Actual Rows": 5228, "Actual Loops": 5228, "Index Cond": "(id = mk.movie_id)", "Rows Removed by Index Recheck": 0}]}]}, "Triggers": [], "Planner Runtime": 9.208, "Total Runtime": 1104.346, "Unique SQL Id": 2804875951}}, "(1, '14')": {"explain_plan": {"Plan": {"Node Type": "Aggregate", "Strategy": "Plain", "Startup Cost": 203302.73, "Total Cost": 203302.74, "Plan Rows": 1, "Plan Width": 49, "Plans": [{"Node Type": "Hash Join", "Parent Relationship": "Outer", "Join Type": "Inner", "Startup Cost": 133750.79, "Total Cost": 203302.73, "Plan Rows": 2, "Plan Width": 17, "Inner Unique": true, "Hash Cond": "(mc.company_id = cn.id)", "Plans": [{"Node Type": "Hash Join", "Parent Relationship": "Outer", "Join Type": "Inner", "Startup Cost": 127819.34, "Total Cost": 197370.32, "Plan Rows": 70, "Plan Width": 21, "Inner Unique": false, "Hash Cond": "(t.id = mc.movie_id)", "Plans": [{"Node Type": "Seq Scan", "Parent Relationship": "Outer", "Relation Name": "title", "Alias": "t", "Startup Cost": 0.0, "Total Cost": 60069.11, "Plan Rows": 2528311, "Plan Width": 21}, {"Node Type": "Hash", "Parent Relationship": "Inner", "Startup Cost": 127818.46, "Total Cost": 127818.46, "Plan Rows": 70, "Plan Width": 12, "Plans": [{"Node Type": "Hash Join", "Parent Relationship": "Outer", "Join Type": "Inner", "Startup Cost": 76216.26, "Total Cost": 127818.46, "Plan Rows": 70, "Plan Width": 12, "Inner Unique": false, "Hash Cond": "(mc.movie_id = mk.movie_id)", "Plans": [{"Node Type": "Seq Scan", "Parent Relationship": "Outer", "Relation Name": "movie_companies", "Alias": "mc", "Startup Cost": 0.0, "Total Cost": 41817.28, "Plan Rows": 2609128, "Plan Width": 8}, {"Node Type": "Hash", "Parent Relationship": "Inner", "Startup Cost": 76215.84, "Total Cost": 76215.84, "Plan Rows": 33, "Plan Width": 4, "Plans": [{"Node Type": "Hash Join", "Parent Relationship": "Outer", "Join Type": "Inner", "Startup Cost": 2436.12, "Total Cost": 76215.84, "Plan Rows": 33, "Plan Width": 4, "Inner Unique": true, "Hash Cond": "(mk.keyword_id = k.id)", "Plans": [{"Node Type": "Seq Scan", "Parent Relationship": "Outer", "Relation Name": "movie_keyword", "Alias": "mk", "Startup Cost": 0.0, "Total Cost": 62441.29, "Plan Rows": 4523929, "Plan Width": 8}, {"Node Type": "Hash", "Parent Relationship": "Inner", "Startup Cost": 2436.11, "Total Cost": 2436.11, "Plan Rows": 1, "Plan Width": 4, "Plans": [{"Node Type": "Seq Scan", "Parent Relationship": "Outer", "Relation Name": "keyword", "Alias": "k", "Startup Cost": 0.0, "Total Cost": 2436.11, "Plan Rows": 1, "Plan Width": 4, "Filter": "((keyword)::text = 'character-name-in-title'::text)"}]}]}]}]}]}]}, {"Node Type": "Hash", "Parent Relationship": "Inner", "Startup Cost": 5903.45, "Total Cost": 5903.45, "Plan Rows": 2240, "Plan Width": 4, "Plans": [{"Node Type": "Seq Scan", "Parent Relationship": "Outer", "Relation Name": "company_name", "Alias": "cn", "Startup Cost": 0.0, "Total Cost": 5903.45, "Plan Rows": 2240, "Plan Width": 4, "Filter": "((country_code)::text = '[nl]'::text)"}]}]}]}, "Unique SQL Id": 2804875951, "Planner Runtime": 10}, "explain_analyze_plan": null}, "(1, '15')": {"explain_plan": {"Plan": {"Node Type": "Aggregate", "Strategy": "Plain", "Startup Cost": 4999022085294.01, "Total Cost": 4999022085294.02, "Plan Rows": 1, "Plan Width": 49, "Plans": [{"Node Type": "Merge Join", "Parent Relationship": "Outer", "Join Type": "Inner", "Startup Cost": 50198067446.04, "Total Cost": 4999022085294.0, "Plan Rows": 2, "Plan Width": 17, "Inner Unique": true, "Merge Cond": "(mc.movie_id = t.id)", "Plans": [{"Node Type": "Nested Loop", "Parent Relationship": "Outer", "Join Type": "Inner", "Startup Cost": 40176139519.84, "Total Cost": 3999959841302.72, "Plan Rows": 2, "Plan Width": 8, "Inner Unique": true, "Join Filter": "(mk.keyword_id = k.id)", "Plans": [{"Node Type": "Merge Join", "Parent Relationship": "Outer", "Join Type": "Inner", "Startup Cost": 30176139519.84, "Total Cost": 2999959518949.43, "Plan Rows": 272107, "Plan Width": 12, "Inner Unique": false, "Merge Cond": "(mc.movie_id = mk.movie_id)", "Plans": [{"Node Type": "Nested Loop", "Parent Relationship": "Outer", "Join Type": "Inner", "Startup Cost": 20000000000.0, "Total Cost": 2000101768791.5, "Plan Rows": 33725, "Plan Width": 4, "Inner Unique": true, "Join Filter": "(cn.id = mc.company_id)", "Plans": [{"Node Type": "Index Scan", "Parent Relationship": "Outer", "Scan Direction": "Forward", "Index Name": "movie_id_movie_companies", "Relation Name": "movie_companies", "Alias": "mc", "Startup Cost": 10000000000.0, "Total Cost": 1000013051946.13, "Plan Rows": 2609128, "Plan Width": 8}, {"Node Type": "Materialize", "Parent Relationship": "Inner", "Startup Cost": 10000000000.0, "Total Cost": 1000001050150.17, "Plan Rows": 2240, "Plan Width": 4, "Plans": [{"Node Type": "Index Scan", "Parent Relationship": "Outer", "Scan Direction": "Forward", "Index Name": "company_name_pkey", "Relation Name": "company_name", "Alias": "cn", "Startup Cost": 10000000000.0, "Total Cost": 1000001050138.97, "Plan Rows": 2240, "Plan Width": 4, "Filter": "((country_code)::text = '[nl]'::text)"}]}]}, {"Node Type": "Index Scan", "Parent Relationship": "Inner", "Scan Direction": "Forward", "Index Name": "movie_id_movie_keyword", "Relation Name": "movie_keyword", "Alias": "mk", "Startup Cost": 10000000000.0, "Total Cost": 1000015300634.17, "Plan Rows": 4523929, "Plan Width": 8}]}, {"Node Type": "Materialize", "Parent Relationship": "Inner", "Startup Cost": 10000000000.0, "Total Cost": 1000000318271.69, "Plan Rows": 1, "Plan Width": 4, "Plans": [{"Node Type": "Index Scan", "Parent Relationship": "Outer", "Scan Direction": "Forward", "Index Name": "keyword_pkey", "Relation Name": "keyword", "Alias": "k", "Startup Cost": 10000000000.0, "Total Cost": 1000000318271.68, "Plan Rows": 1, "Plan Width": 4, "Filter": "((keyword)::text = 'character-name-in-title'::text)"}]}]}, {"Node Type": "Index Scan", "Parent Relationship": "Inner", "Scan Direction": "Forward", "Index Name": "title_pkey", "Relation Name": "title", "Alias": "t", "Startup Cost": 10000000000.0, "Total Cost": 1000011012048.91, "Plan Rows": 2528311, "Plan Width": 21}]}]}, "Unique SQL Id": 2804875951, "Planner Runtime": 14}, "explain_analyze_plan": null}, "(1, '16')": {"explain_plan": {"Plan": {"Node Type": "Aggregate", "Strategy": "Plain", "Startup Cost": 2600.78, "Total Cost": 2600.79, "Plan Rows": 1, "Plan Width": 49, "Plans": [{"Node Type": "Nested Loop", "Parent Relationship": "Outer", "Join Type": "Inner", "Startup Cost": 4.51, "Total Cost": 2600.77, "Plan Rows": 2, "Plan Width": 17, "Inner Unique": true, "Join Filter": "(mc.movie_id = t.id)", "Plans": [{"Node Type": "Nested Loop", "Parent Relationship": "Outer", "Join Type": "Inner", "Startup Cost": 4.51, "Total Cost": 2600.13, "Plan Rows": 2, "Plan Width": 8, "Inner Unique": true, "Plans": [{"Node Type": "Nested Loop", "Parent Relationship": "Outer", "Join Type": "Inner", "Startup Cost": 4.51, "Total Cost": 2579.99, "Plan Rows": 70, "Plan Width": 12, "Inner Unique": false, "Plans": [{"Node Type": "Nested Loop", "Parent Relationship": "Outer", "Join Type": "Inner", "Startup Cost": 4.51, "Total Cost": 2569.02, "Plan Rows": 33, "Plan Width": 4, "Inner Unique": false, "Plans": [{"Node Type": "Seq Scan", "Parent Relationship": "Outer", "Relation Name": "keyword", "Alias": "k", "Startup Cost": 0.0, "Total Cost": 2436.11, "Plan Rows": 1, "Plan Width": 4, "Filter": "((keyword)::text = 'character-name-in-title'::text)"}, {"Node Type": "Bitmap Heap Scan", "Parent Relationship": "Inner", "Relation Name": "movie_keyword", "Alias": "mk", "Startup Cost": 4.51, "Total Cost": 132.58, "Plan Rows": 33, "Plan Width": 8, "Recheck Cond": "(keyword_id = k.id)", "Plans": [{"Node Type": "Bitmap Index Scan", "Parent Relationship": "Outer", "Index Name": "keyword_id_movie_keyword", "Startup Cost": 0.0, "Total Cost": 4.5, "Plan Rows": 33, "Plan Width": 0, "Index Cond": "(keyword_id = k.id)"}]}]}, {"Node Type": "Index Scan", "Parent Relationship": "Inner", "Scan Direction": "Forward", "Index Name": "movie_id_movie_companies", "Relation Name": "movie_companies", "Alias": "mc", "Startup Cost": 0.0, "Total Cost": 0.31, "Plan Rows": 2, "Plan Width": 8, "Index Cond": "(movie_id = mk.movie_id)"}]}, {"Node Type": "Index Scan", "Parent Relationship": "Inner", "Scan Direction": "Forward", "Index Name": "company_name_pkey", "Relation Name": "company_name", "Alias": "cn", "Startup Cost": 0.0, "Total Cost": 0.28, "Plan Rows": 1, "Plan Width": 4, "Index Cond": "(id = mc.company_id)", "Filter": "((country_code)::text = '[nl]'::text)"}]}, {"Node Type": "Index Scan", "Parent Relationship": "Inner", "Scan Direction": "Forward", "Index Name": "title_pkey", "Relation Name": "title", "Alias": "t", "Startup Cost": 0.0, "Total Cost": 0.31, "Plan Rows": 1, "Plan Width": 21, "Index Cond": "(id = mk.movie_id)"}]}]}, "Unique SQL Id": 2804875951, "Planner Runtime": 7}, "explain_analyze_plan": {"Plan": {"Node Type": "Aggregate", "Strategy": "Plain", "Startup Cost": 2600.78, "Total Cost": 2600.79, "Plan Rows": 1, "Plan Width": 49, "Actual Startup Time": 1030.503, "Actual Total Time": 1030.504, "Actual Rows": 1, "Actual Loops": 1, "Plans": [{"Node Type": "Nested Loop", "Parent Relationship": "Outer", "Join Type": "Inner", "Startup Cost": 4.51, "Total Cost": 2600.77, "Plan Rows": 2, "Plan Width": 17, "Actual Startup Time": 12.804, "Actual Total Time": 1027.312, "Actual Rows": 5228, "Actual Loops": 1, "Inner Unique": true, "Join Filter": "(mc.movie_id = t.id)", "Rows Removed by Join Filter": 0, "Plans": [{"Node Type": "Nested Loop", "Parent Relationship": "Outer", "Join Type": "Inner", "Startup Cost": 4.51, "Total Cost": 2600.13, "Plan Rows": 2, "Plan Width": 8, "Actual Startup Time": 12.789, "Actual Total Time": 999.562, "Actual Rows": 5228, "Actual Loops": 1, "Inner Unique": true, "Plans": [{"Node Type": "Nested Loop", "Parent Relationship": "Outer", "Join Type": "Inner", "Startup Cost": 4.51, "Total Cost": 2579.99, "Plan Rows": 70, "Plan Width": 12, "Actual Startup Time": 9.902, "Actual Total Time": 379.592, "Actual Rows": 148552, "Actual Loops": 1, "Inner Unique": false, "Plans": [{"Node Type": "Nested Loop", "Parent Relationship": "Outer", "Join Type": "Inner", "Startup Cost": 4.51, "Total Cost": 2569.02, "Plan Rows": 33, "Plan Width": 4, "Actual Startup Time": 9.868, "Actual Total Time": 99.354, "Actual Rows": 41840, "Actual Loops": 1, "Inner Unique": false, "Plans": [{"Node Type": "Seq Scan", "Parent Relationship": "Outer", "Relation Name": "keyword", "Alias": "k", "Startup Cost": 0.0, "Total Cost": 2436.11, "Plan Rows": 1, "Plan Width": 4, "Actual Startup Time": 1.773, "Actual Total Time": 43.194, "Actual Rows": 1, "Actual Loops": 1, "Filter": "((keyword)::text = 'character-name-in-title'::text)", "Rows Removed by Filter": 134168}, {"Node Type": "Bitmap Heap Scan", "Parent Relationship": "Inner", "Relation Name": "movie_keyword", "Alias": "mk", "Startup Cost": 4.51, "Total Cost": 132.58, "Plan Rows": 33, "Plan Width": 8, "Actual Startup Time": 8.084, "Actual Total Time": 47.664, "Actual Rows": 41840, "Actual Loops": 1, "Recheck Cond": "(keyword_id = k.id)", "Rows Removed by Index Recheck": 0, "Exact Heap Blocks": 9702, "Lossy Heap Blocks": 9702, "Plans": [{"Node Type": "Bitmap Index Scan", "Parent Relationship": "Outer", "Index Name": "keyword_id_movie_keyword", "Startup Cost": 0.0, "Total Cost": 4.5, "Plan Rows": 33, "Plan Width": 0, "Actual Startup Time": 6.347, "Actual Total Time": 6.347, "Actual Rows": 41840, "Actual Loops": 1, "Index Cond": "(keyword_id = k.id)"}]}]}, {"Node Type": "Index Scan", "Parent Relationship": "Inner", "Scan Direction": "Forward", "Index Name": "movie_id_movie_companies", "Relation Name": "movie_companies", "Alias": "mc", "Startup Cost": 0.0, "Total Cost": 0.31, "Plan Rows": 2, "Plan Width": 8, "Actual Startup Time": 150.532, "Actual Total Time": 224.079, "Actual Rows": 148552, "Actual Loops": 41840, "Index Cond": "(movie_id = mk.movie_id)", "Rows Removed by Index Recheck": 0}]}, {"Node Type": "Index Scan", "Parent Relationship": "Inner", "Scan Direction": "Forward", "Index Name": "company_name_pkey", "Relation Name": "company_name", "Alias": "cn", "Startup Cost": 0.0, "Total Cost": 0.28, "Plan Rows": 1, "Plan Width": 4, "Actual Startup Time": 548.003, "Actual Total Time": 548.003, "Actual Rows": 5228, "Actual Loops": 148552, "Index Cond": "(id = mc.company_id)", "Rows Removed by Index Recheck": 0, "Filter": "((country_code)::text = '[nl]'::text)", "Rows Removed by Filter": 143324}]}, {"Node Type": "Index Scan", "Parent Relationship": "Inner", "Scan Direction": "Forward", "Index Name": "title_pkey", "Relation Name": "title", "Alias": "t", "Startup Cost": 0.0, "Total Cost": 0.31, "Plan Rows": 1, "Plan Width": 21, "Actual Startup Time": 21.778, "Actual Total Time": 21.778, "Actual Rows": 5228, "Actual Loops": 5228, "Index Cond": "(id = mk.movie_id)", "Rows Removed by Index Recheck": 0}]}]}, "Triggers": [], "Planner Runtime": 9.476, "Total Runtime": 1030.831, "Unique SQL Id": 2804875951}}, "(1, '17')": {"explain_plan": {"Plan": {"Node Type": "Aggregate", "Strategy": "Plain", "Startup Cost": 3347.38, "Total Cost": 3347.39, "Plan Rows": 1, "Plan Width": 49, "Plans": [{"Node Type": "Nested Loop", "Parent Relationship": "Outer", "Join Type": "Inner", "Startup Cost": 4.51, "Total Cost": 3347.38, "Plan Rows": 2, "Plan Width": 17, "Inner Unique": true, "Join Filter": "(mc.movie_id = t.id)", "Plans": [{"Node Type": "Nested Loop", "Parent Relationship": "Outer", "Join Type": "Inner", "Startup Cost": 4.51, "Total Cost": 3346.73, "Plan Rows": 2, "Plan Width": 8, "Inner Unique": true, "Plans": [{"Node Type": "Nested Loop", "Parent Relationship": "Outer", "Join Type": "Inner", "Startup Cost": 4.51, "Total Cost": 3326.6, "Plan Rows": 70, "Plan Width": 12, "Inner Unique": false, "Plans": [{"Node Type": "Nested Loop", "Parent Relationship": "Outer", "Join Type": "Inner", "Startup Cost": 4.51, "Total Cost": 3315.63, "Plan Rows": 33, "Plan Width": 4, "Inner Unique": false, "Plans": [{"Node Type": "Index Scan", "Parent Relationship": "Outer", "Scan Direction": "Forward", "Index Name": "keyword_pkey", "Relation Name": "keyword", "Alias": "k", "Startup Cost": 0.0, "Total Cost": 3182.72, "Plan Rows": 1, "Plan Width": 4, "Filter": "((keyword)::text = 'character-name-in-title'::text)"}, {"Node Type": "Bitmap Heap Scan", "Parent Relationship": "Inner", "Relation Name": "movie_keyword", "Alias": "mk", "Startup Cost": 4.51, "Total Cost": 132.58, "Plan Rows": 33, "Plan Width": 8, "Recheck Cond": "(keyword_id = k.id)", "Plans": [{"Node Type": "Bitmap Index Scan", "Parent Relationship": "Outer", "Index Name": "keyword_id_movie_keyword", "Startup Cost": 0.0, "Total Cost": 4.5, "Plan Rows": 33, "Plan Width": 0, "Index Cond": "(keyword_id = k.id)"}]}]}, {"Node Type": "Index Scan", "Parent Relationship": "Inner", "Scan Direction": "Forward", "Index Name": "movie_id_movie_companies", "Relation Name": "movie_companies", "Alias": "mc", "Startup Cost": 0.0, "Total Cost": 0.31, "Plan Rows": 2, "Plan Width": 8, "Index Cond": "(movie_id = mk.movie_id)"}]}, {"Node Type": "Index Scan", "Parent Relationship": "Inner", "Scan Direction": "Forward", "Index Name": "company_name_pkey", "Relation Name": "company_name", "Alias": "cn", "Startup Cost": 0.0, "Total Cost": 0.28, "Plan Rows": 1, "Plan Width": 4, "Index Cond": "(id = mc.company_id)", "Filter": "((country_code)::text = '[nl]'::text)"}]}, {"Node Type": "Index Scan", "Parent Relationship": "Inner", "Scan Direction": "Forward", "Index Name": "title_pkey", "Relation Name": "title", "Alias": "t", "Startup Cost": 0.0, "Total Cost": 0.31, "Plan Rows": 1, "Plan Width": 21, "Index Cond": "(id = mk.movie_id)"}]}]}, "Unique SQL Id": 2804875951, "Planner Runtime": 7}, "explain_analyze_plan": {"Plan": {"Node Type": "Aggregate", "Strategy": "Plain", "Startup Cost": 3347.38, "Total Cost": 3347.39, "Plan Rows": 1, "Plan Width": 49, "Actual Startup Time": 1144.573, "Actual Total Time": 1144.573, "Actual Rows": 1, "Actual Loops": 1, "Plans": [{"Node Type": "Nested Loop", "Parent Relationship": "Outer", "Join Type": "Inner", "Startup Cost": 4.51, "Total Cost": 3347.38, "Plan Rows": 2, "Plan Width": 17, "Actual Startup Time": 13.303, "Actual Total Time": 1141.536, "Actual Rows": 5228, "Actual Loops": 1, "Inner Unique": true, "Join Filter": "(mc.movie_id = t.id)", "Rows Removed by Join Filter": 0, "Plans": [{"Node Type": "Nested Loop", "Parent Relationship": "Outer", "Join Type": "Inner", "Startup Cost": 4.51, "Total Cost": 3346.73, "Plan Rows": 2, "Plan Width": 8, "Actual Startup Time": 13.284, "Actual Total Time": 1112.719, "Actual Rows": 5228, "Actual Loops": 1, "Inner Unique": true, "Plans": [{"Node Type": "Nested Loop", "Parent Relationship": "Outer", "Join Type": "Inner", "Startup Cost": 4.51, "Total Cost": 3326.6, "Plan Rows": 70, "Plan Width": 12, "Actual Startup Time": 10.161, "Actual Total Time": 467.922, "Actual Rows": 148552, "Actual Loops": 1, "Inner Unique": false, "Plans": [{"Node Type": "Nested Loop", "Parent Relationship": "Outer", "Join Type": "Inner", "Startup Cost": 4.51, "Total Cost": 3315.63, "Plan Rows": 33, "Plan Width": 4, "Actual Startup Time": 10.133, "Actual Total Time": 176.342, "Actual Rows": 41840, "Actual Loops": 1, "Inner Unique": false, "Plans": [{"Node Type": "Index Scan", "Parent Relationship": "Outer", "Scan Direction": "Forward", "Index Name": "keyword_pkey", "Relation Name": "keyword", "Alias": "k", "Startup Cost": 0.0, "Total Cost": 3182.72, "Plan Rows": 1, "Plan Width": 4, "Actual Startup Time": 0.204, "Actual Total Time": 116.389, "Actual Rows": 1, "Actual Loops": 1, "Filter": "((keyword)::text = 'character-name-in-title'::text)", "Rows Removed by Filter": 134168}, {"Node Type": "Bitmap Heap Scan", "Parent Relationship": "Inner", "Relation Name": "movie_keyword", "Alias": "mk", "Startup Cost": 4.51, "Total Cost": 132.58, "Plan Rows": 33, "Plan Width": 8, "Actual Startup Time": 9.922, "Actual Total Time": 51.446, "Actual Rows": 41840, "Actual Loops": 1, "Recheck Cond": "(keyword_id = k.id)", "Rows Removed by Index Recheck": 0, "Exact Heap Blocks": 9702, "Lossy Heap Blocks": 9702, "Plans": [{"Node Type": "Bitmap Index Scan", "Parent Relationship": "Outer", "Index Name": "keyword_id_movie_keyword", "Startup Cost": 0.0, "Total Cost": 4.5, "Plan Rows": 33, "Plan Width": 0, "Actual Startup Time": 8.103, "Actual Total Time": 8.103, "Actual Rows": 41840, "Actual Loops": 1, "Index Cond": "(keyword_id = k.id)"}]}]}, {"Node Type": "Index Scan", "Parent Relationship": "Inner", "Scan Direction": "Forward", "Index Name": "movie_id_movie_companies", "Relation Name": "movie_companies", "Alias": "mc", "Startup Cost": 0.0, "Total Cost": 0.31, "Plan Rows": 2, "Plan Width": 8, "Actual Startup Time": 159.044, "Actual Total Time": 235.457, "Actual Rows": 148552, "Actual Loops": 41840, "Index Cond": "(movie_id = mk.movie_id)", "Rows Removed by Index Recheck": 0}]}, {"Node Type": "Index Scan", "Parent Relationship": "Inner", "Scan Direction": "Forward", "Index Name": "company_name_pkey", "Relation Name": "company_name", "Alias": "cn", "Startup Cost": 0.0, "Total Cost": 0.28, "Plan Rows": 1, "Plan Width": 4, "Actual Startup Time": 571.46, "Actual Total Time": 571.46, "Actual Rows": 5228, "Actual Loops": 148552, "Index Cond": "(id = mc.company_id)", "Rows Removed by Index Recheck": 0, "Filter": "((country_code)::text = '[nl]'::text)", "Rows Removed by Filter": 143324}]}, {"Node Type": "Index Scan", "Parent Relationship": "Inner", "Scan Direction": "Forward", "Index Name": "title_pkey", "Relation Name": "title", "Alias": "t", "Startup Cost": 0.0, "Total Cost": 0.31, "Plan Rows": 1, "Plan Width": 21, "Actual Startup Time": 23.224, "Actual Total Time": 23.224, "Actual Rows": 5228, "Actual Loops": 5228, "Index Cond": "(id = mk.movie_id)", "Rows Removed by Index Recheck": 0}]}]}, "Triggers": [], "Planner Runtime": 9.253, "Total Runtime": 1144.942, "Unique SQL Id": 2804875951}}, "(1, '18')": {"explain_plan": {"Plan": {"Node Type": "Aggregate", "Strategy": "Plain", "Startup Cost": 3019.97, "Total Cost": 3019.98, "Plan Rows": 1, "Plan Width": 49, "Plans": [{"Node Type": "Nested Loop", "Parent Relationship": "Outer", "Join Type": "Inner", "Startup Cost": 5.3, "Total Cost": 3019.97, "Plan Rows": 2, "Plan Width": 17, "Inner Unique": true, "Join Filter": "(mc.movie_id = t.id)", "Plans": [{"Node Type": "Nested Loop", "Parent Relationship": "Outer", "Join Type": "Inner", "Startup Cost": 5.04, "Total Cost": 3011.39, "Plan Rows": 2, "Plan Width": 8, "Inner Unique": true, "Plans": [{"Node Type": "Nested Loop", "Parent Relationship": "Outer", "Join Type": "Inner", "Startup Cost": 4.78, "Total Cost": 2711.55, "Plan Rows": 70, "Plan Width": 12, "Inner Unique": false, "Plans": [{"Node Type": "Nested Loop", "Parent Relationship": "Outer", "Join Type": "Inner", "Startup Cost": 4.51, "Total Cost": 2569.02, "Plan Rows": 33, "Plan Width": 4, "Inner Unique": false, "Plans": [{"Node Type": "Seq Scan", "Parent Relationship": "Outer", "Relation Name": "keyword", "Alias": "k", "Startup Cost": 0.0, "Total Cost": 2436.11, "Plan Rows": 1, "Plan Width": 4, "Filter": "((keyword)::text = 'character-name-in-title'::text)"}, {"Node Type": "Bitmap Heap Scan", "Parent Relationship": "Inner", "Relation Name": "movie_keyword", "Alias": "mk", "Startup Cost": 4.51, "Total Cost": 132.58, "Plan Rows": 33, "Plan Width": 8, "Recheck Cond": "(keyword_id = k.id)", "Plans": [{"Node Type": "Bitmap Index Scan", "Parent Relationship": "Outer", "Index Name": "keyword_id_movie_keyword", "Startup Cost": 0.0, "Total Cost": 4.5, "Plan Rows": 33, "Plan Width": 0, "Index Cond": "(keyword_id = k.id)"}]}]}, {"Node Type": "Bitmap Heap Scan", "Parent Relationship": "Inner", "Relation Name": "movie_companies", "Alias": "mc", "Startup Cost": 0.27, "Total Cost": 4.3, "Plan Rows": 2, "Plan Width": 8, "Recheck Cond": "(movie_id = mk.movie_id)", "Plans": [{"Node Type": "Bitmap Index Scan", "Parent Relationship": "Outer", "Index Name": "movie_id_movie_companies", "Startup Cost": 0.0, "Total Cost": 0.27, "Plan Rows": 2, "Plan Width": 0, "Index Cond": "(movie_id = mk.movie_id)"}]}]}, {"Node Type": "Bitmap Heap Scan", "Parent Relationship": "Inner", "Relation Name": "company_name", "Alias": "cn", "Startup Cost": 0.26, "Total Cost": 4.27, "Plan Rows": 1, "Plan Width": 4, "Recheck Cond": "(id = mc.company_id)", "Filter": "((country_code)::text = '[nl]'::text)", "Plans": [{"Node Type": "Bitmap Index Scan", "Parent Relationship": "Outer", "Index Name": "company_name_pkey", "Startup Cost": 0.0, "Total Cost": 0.26, "Plan Rows": 1, "Plan Width": 0, "Index Cond": "(id = mc.company_id)"}]}]}, {"Node Type": "Bitmap Heap Scan", "Parent Relationship": "Inner", "Relation Name": "title", "Alias": "t", "Startup Cost": 0.27, "Total Cost": 4.28, "Plan Rows": 1, "Plan Width": 21, "Recheck Cond": "(id = mk.movie_id)", "Plans": [{"Node Type": "Bitmap Index Scan", "Parent Relationship": "Outer", "Index Name": "title_pkey", "Startup Cost": 0.0, "Total Cost": 0.27, "Plan Rows": 1, "Plan Width": 0, "Index Cond": "(id = mk.movie_id)"}]}]}]}, "Unique SQL Id": 2804875951, "Planner Runtime": 6}, "explain_analyze_plan": {"Plan": {"Node Type": "Aggregate", "Strategy": "Plain", "Startup Cost": 3019.97, "Total Cost": 3019.98, "Plan Rows": 1, "Plan Width": 49, "Actual Startup Time": 1387.256, "Actual Total Time": 1387.257, "Actual Rows": 1, "Actual Loops": 1, "Plans": [{"Node Type": "Nested Loop", "Parent Relationship": "Outer", "Join Type": "Inner", "Startup Cost": 5.3, "Total Cost": 3019.97, "Plan Rows": 2, "Plan Width": 17, "Actual Startup Time": 15.885, "Actual Total Time": 1382.928, "Actual Rows": 5228, "Actual Loops": 1, "Inner Unique": true, "Join Filter": "(mc.movie_id = t.id)", "Rows Removed by Join Filter": 0, "Plans": [{"Node Type": "Nested Loop", "Parent Relationship": "Outer", "Join Type": "Inner", "Startup Cost": 5.04, "Total Cost": 3011.39, "Plan Rows": 2, "Plan Width": 8, "Actual Startup Time": 15.861, "Actual Total Time": 1346.204, "Actual Rows": 5228, "Actual Loops": 1, "Inner Unique": true, "Plans": [{"Node Type": "Nested Loop", "Parent Relationship": "Outer", "Join Type": "Inner", "Startup Cost": 4.78, "Total Cost": 2711.55, "Plan Rows": 70, "Plan Width": 12, "Actual Startup Time": 11.506, "Actual Total Time": 487.661, "Actual Rows": 148552, "Actual Loops": 1, "Inner Unique": false, "Plans": [{"Node Type": "Nested Loop", "Parent Relationship": "Outer", "Join Type": "Inner", "Startup Cost": 4.51, "Total Cost": 2569.02, "Plan Rows": 33, "Plan Width": 4, "Actual Startup Time": 11.467, "Actual Total Time": 97.589, "Actual Rows": 41840, "Actual Loops": 1, "Inner Unique": false, "Plans": [{"Node Type": "Seq Scan", "Parent Relationship": "Outer", "Relation Name": "keyword", "Alias": "k", "Startup Cost": 0.0, "Total Cost": 2436.11, "Plan Rows": 1, "Plan Width": 4, "Actual Startup Time": 1.835, "Actual Total Time": 40.613, "Actual Rows": 1, "Actual Loops": 1, "Filter": "((keyword)::text = 'character-name-in-title'::text)", "Rows Removed by Filter": 134168}, {"Node Type": "Bitmap Heap Scan", "Parent Relationship": "Inner", "Relation Name": "movie_keyword", "Alias": "mk", "Startup Cost": 4.51, "Total Cost": 132.58, "Plan Rows": 33, "Plan Width": 8, "Actual Startup Time": 9.627, "Actual Total Time": 47.321, "Actual Rows": 41840, "Actual Loops": 1, "Recheck Cond": "(keyword_id = k.id)", "Rows Removed by Index Recheck": 0, "Exact Heap Blocks": 9702, "Lossy Heap Blocks": 9702, "Plans": [{"Node Type": "Bitmap Index Scan", "Parent Relationship": "Outer", "Index Name": "keyword_id_movie_keyword", "Startup Cost": 0.0, "Total Cost": 4.5, "Plan Rows": 33, "Plan Width": 0, "Actual Startup Time": 7.876, "Actual Total Time": 7.876, "Actual Rows": 41840, "Actual Loops": 1, "Index Cond": "(keyword_id = k.id)"}]}]}, {"Node Type": "Bitmap Heap Scan", "Parent Relationship": "Inner", "Relation Name": "movie_companies", "Alias": "mc", "Startup Cost": 0.27, "Total Cost": 4.3, "Plan Rows": 2, "Plan Width": 8, "Actual Startup Time": 249.986, "Actual Total Time": 306.048, "Actual Rows": 148552, "Actual Loops": 41840, "Recheck Cond": "(movie_id = mk.movie_id)", "Rows Removed by Index Recheck": 0, "Exact Heap Blocks": 62638, "Lossy Heap Blocks": 62638, "Plans": [{"Node Type": "Bitmap Index Scan", "Parent Relationship": "Outer", "Index Name": "movie_id_movie_companies", "Startup Cost": 0.0, "Total Cost": 0.27, "Plan Rows": 2, "Plan Width": 0, "Actual Startup Time": 154.185, "Actual Total Time": 154.185, "Actual Rows": 148552, "Actual Loops": 41840, "Index Cond": "(movie_id = mk.movie_id)"}]}]}, {"Node Type": "Bitmap Heap Scan", "Parent Relationship": "Inner", "Relation Name": "company_name", "Alias": "cn", "Startup Cost": 0.26, "Total Cost": 4.27, "Plan Rows": 1, "Plan Width": 4, "Actual Startup Time": 692.747, "Actual Total Time": 692.747, "Actual Rows": 5228, "Actual Loops": 148552, "Recheck Cond": "(id = mc.company_id)", "Rows Removed by Index Recheck": 0, "Filter": "((country_code)::text = '[nl]'::text)", "Rows Removed by Filter": 143324, "Exact Heap Blocks": 148552, "Lossy Heap Blocks": 148552, "Plans": [{"Node Type": "Bitmap Index Scan", "Parent Relationship": "Outer", "Index Name": "company_name_pkey", "Startup Cost": 0.0, "Total Cost": 0.26, "Plan Rows": 1, "Plan Width": 0, "Actual Startup Time": 381.81, "Actual Total Time": 381.81, "Actual Rows": 148552, "Actual Loops": 148552, "Index Cond": "(id = mc.company_id)"}]}]}, {"Node Type": "Bitmap Heap Scan", "Parent Relationship": "Inner", "Relation Name": "title", "Alias": "t", "Startup Cost": 0.27, "Total Cost": 4.28, "Plan Rows": 1, "Plan Width": 21, "Actual Startup Time": 27.63, "Actual Total Time": 27.63, "Actual Rows": 5228, "Actual Loops": 5228, "Recheck Cond": "(id = mk.movie_id)", "Rows Removed by Index Recheck": 0, "Exact Heap Blocks": 5228, "Lossy Heap Blocks": 5228, "Plans": [{"Node Type": "Bitmap Index Scan", "Parent Relationship": "Outer", "Index Name": "title_pkey", "Startup Cost": 0.0, "Total Cost": 0.27, "Plan Rows": 1, "Plan Width": 0, "Actual Startup Time": 16.841, "Actual Total Time": 16.841, "Actual Rows": 5228, "Actual Loops": 5228, "Index Cond": "(id = mk.movie_id)"}]}]}]}, "Triggers": [], "Planner Runtime": 9.24, "Total Runtime": 1387.727, "Unique SQL Id": 2804875951}}, "(1, '19')": {"explain_plan": {"Plan": {"Node Type": "Aggregate", "Strategy": "Plain", "Startup Cost": 1000025545541.31, "Total Cost": 1000025545541.32, "Plan Rows": 1, "Plan Width": 49, "Plans": [{"Node Type": "Nested Loop", "Parent Relationship": "Outer", "Join Type": "Inner", "Startup Cost": 10000000001.12, "Total Cost": 1000025545541.31, "Plan Rows": 2, "Plan Width": 17, "Inner Unique": true, "Join Filter": "(mc.movie_id = t.id)", "Plans": [{"Node Type": "Nested Loop", "Parent Relationship": "Outer", "Join Type": "Inner", "Startup Cost": 10000000000.85, "Total Cost": 1000025545532.73, "Plan Rows": 2, "Plan Width": 8, "Inner Unique": true, "Plans": [{"Node Type": "Nested Loop", "Parent Relationship": "Outer", "Join Type": "Inner", "Startup Cost": 10000000000.6, "Total Cost": 1000024380163.58, "Plan Rows": 272107, "Plan Width": 12, "Inner Unique": false, "Plans": [{"Node Type": "Nested Loop", "Parent Relationship": "Outer", "Join Type": "Inner", "Startup Cost": 10000000000.26, "Total Cost": 1000024227793.07, "Plan Rows": 33725, "Plan Width": 4, "Inner Unique": true, "Plans": [{"Node Type": "Index Scan", "Parent Relationship": "Outer", "Scan Direction": "Forward", "Index Name": "movie_id_movie_companies", "Relation Name": "movie_companies", "Alias": "mc", "Startup Cost": 10000000000.0, "Total Cost": 1000013051946.13, "Plan Rows": 2609128, "Plan Width": 8}, {"Node Type": "Bitmap Heap Scan", "Parent Relationship": "Inner", "Relation Name": "company_name", "Alias": "cn", "Startup Cost": 0.26, "Total Cost": 4.27, "Plan Rows": 1, "Plan Width": 4, "Recheck Cond": "(id = mc.company_id)", "Filter": "((country_code)::text = '[nl]'::text)", "Plans": [{"Node Type": "Bitmap Index Scan", "Parent Relationship": "Outer", "Index Name": "company_name_pkey", "Startup Cost": 0.0, "Total Cost": 0.26, "Plan Rows": 1, "Plan Width": 0, "Index Cond": "(id = mc.company_id)"}]}]}, {"Node Type": "Bitmap Heap Scan", "Parent Relationship": "Inner", "Relation Name": "movie_keyword", "Alias": "mk", "Startup Cost": 0.34, "Total Cost": 4.44, "Plan Rows": 8, "Plan Width": 8, "Recheck Cond": "(movie_id = mc.movie_id)", "Plans": [{"Node Type": "Bitmap Index Scan", "Parent Relationship": "Outer", "Index Name": "movie_id_movie_keyword", "Startup Cost": 0.0, "Total Cost": 0.34, "Plan Rows": 8, "Plan Width": 0, "Index Cond": "(movie_id = mc.movie_id)"}]}]}, {"Node Type": "Bitmap Heap Scan", "Parent Relationship": "Inner", "Relation Name": "keyword", "Alias": "k", "Startup Cost": 0.26, "Total Cost": 4.27, "Plan Rows": 1, "Plan Width": 4, "Recheck Cond": "(id = mk.keyword_id)", "Filter": "((keyword)::text = 'character-name-in-title'::text)", "Plans": [{"Node Type": "Bitmap Index Scan", "Parent Relationship": "Outer", "Index Name": "keyword_pkey", "Startup Cost": 0.0, "Total Cost": 0.26, "Plan Rows": 1, "Plan Width": 0, "Index Cond": "(id = mk.keyword_id)"}]}]}, {"Node Type": "Bitmap Heap Scan", "Parent Relationship": "Inner", "Relation Name": "title", "Alias": "t", "Startup Cost": 0.27, "Total Cost": 4.28, "Plan Rows": 1, "Plan Width": 21, "Recheck Cond": "(id = mk.movie_id)", "Plans": [{"Node Type": "Bitmap Index Scan", "Parent Relationship": "Outer", "Index Name": "title_pkey", "Startup Cost": 0.0, "Total Cost": 0.27, "Plan Rows": 1, "Plan Width": 0, "Index Cond": "(id = mk.movie_id)"}]}]}]}, "Unique SQL Id": 2804875951, "Planner Runtime": 3}, "explain_analyze_plan": null}, "(1, '20')": {"explain_plan": {"Plan": {"Node Type": "Aggregate", "Strategy": "Plain", "Startup Cost": 2600.78, "Total Cost": 2600.79, "Plan Rows": 1, "Plan Width": 49, "Plans": [{"Node Type": "Nested Loop", "Parent Relationship": "Outer", "Join Type": "Inner", "Startup Cost": 4.51, "Total Cost": 2600.77, "Plan Rows": 2, "Plan Width": 17, "Inner Unique": true, "Join Filter": "(mc.movie_id = t.id)", "Plans": [{"Node Type": "Nested Loop", "Parent Relationship": "Outer", "Join Type": "Inner", "Startup Cost": 4.51, "Total Cost": 2600.13, "Plan Rows": 2, "Plan Width": 8, "Inner Unique": true, "Plans": [{"Node Type": "Nested Loop", "Parent Relationship": "Outer", "Join Type": "Inner", "Startup Cost": 4.51, "Total Cost": 2579.99, "Plan Rows": 70, "Plan Width": 12, "Inner Unique": false, "Plans": [{"Node Type": "Nested Loop", "Parent Relationship": "Outer", "Join Type": "Inner", "Startup Cost": 4.51, "Total Cost": 2569.02, "Plan Rows": 33, "Plan Width": 4, "Inner Unique": false, "Plans": [{"Node Type": "Seq Scan", "Parent Relationship": "Outer", "Relation Name": "keyword", "Alias": "k", "Startup Cost": 0.0, "Total Cost": 2436.11, "Plan Rows": 1, "Plan Width": 4, "Filter": "((keyword)::text = 'character-name-in-title'::text)"}, {"Node Type": "Bitmap Heap Scan", "Parent Relationship": "Inner", "Relation Name": "movie_keyword", "Alias": "mk", "Startup Cost": 4.51, "Total Cost": 132.58, "Plan Rows": 33, "Plan Width": 8, "Recheck Cond": "(keyword_id = k.id)", "Plans": [{"Node Type": "Bitmap Index Scan", "Parent Relationship": "Outer", "Index Name": "keyword_id_movie_keyword", "Startup Cost": 0.0, "Total Cost": 4.5, "Plan Rows": 33, "Plan Width": 0, "Index Cond": "(keyword_id = k.id)"}]}]}, {"Node Type": "Index Scan", "Parent Relationship": "Inner", "Scan Direction": "Forward", "Index Name": "movie_id_movie_companies", "Relation Name": "movie_companies", "Alias": "mc", "Startup Cost": 0.0, "Total Cost": 0.31, "Plan Rows": 2, "Plan Width": 8, "Index Cond": "(movie_id = mk.movie_id)"}]}, {"Node Type": "Index Scan", "Parent Relationship": "Inner", "Scan Direction": "Forward", "Index Name": "company_name_pkey", "Relation Name": "company_name", "Alias": "cn", "Startup Cost": 0.0, "Total Cost": 0.28, "Plan Rows": 1, "Plan Width": 4, "Index Cond": "(id = mc.company_id)", "Filter": "((country_code)::text = '[nl]'::text)"}]}, {"Node Type": "Index Scan", "Parent Relationship": "Inner", "Scan Direction": "Forward", "Index Name": "title_pkey", "Relation Name": "title", "Alias": "t", "Startup Cost": 0.0, "Total Cost": 0.31, "Plan Rows": 1, "Plan Width": 21, "Index Cond": "(id = mk.movie_id)"}]}]}, "Unique SQL Id": 2804875951, "Planner Runtime": 7}, "explain_analyze_plan": {"Plan": {"Node Type": "Aggregate", "Strategy": "Plain", "Startup Cost": 2600.78, "Total Cost": 2600.79, "Plan Rows": 1, "Plan Width": 49, "Actual Startup Time": 1030.503, "Actual Total Time": 1030.504, "Actual Rows": 1, "Actual Loops": 1, "Plans": [{"Node Type": "Nested Loop", "Parent Relationship": "Outer", "Join Type": "Inner", "Startup Cost": 4.51, "Total Cost": 2600.77, "Plan Rows": 2, "Plan Width": 17, "Actual Startup Time": 12.804, "Actual Total Time": 1027.312, "Actual Rows": 5228, "Actual Loops": 1, "Inner Unique": true, "Join Filter": "(mc.movie_id = t.id)", "Rows Removed by Join Filter": 0, "Plans": [{"Node Type": "Nested Loop", "Parent Relationship": "Outer", "Join Type": "Inner", "Startup Cost": 4.51, "Total Cost": 2600.13, "Plan Rows": 2, "Plan Width": 8, "Actual Startup Time": 12.789, "Actual Total Time": 999.562, "Actual Rows": 5228, "Actual Loops": 1, "Inner Unique": true, "Plans": [{"Node Type": "Nested Loop", "Parent Relationship": "Outer", "Join Type": "Inner", "Startup Cost": 4.51, "Total Cost": 2579.99, "Plan Rows": 70, "Plan Width": 12, "Actual Startup Time": 9.902, "Actual Total Time": 379.592, "Actual Rows": 148552, "Actual Loops": 1, "Inner Unique": false, "Plans": [{"Node Type": "Nested Loop", "Parent Relationship": "Outer", "Join Type": "Inner", "Startup Cost": 4.51, "Total Cost": 2569.02, "Plan Rows": 33, "Plan Width": 4, "Actual Startup Time": 9.868, "Actual Total Time": 99.354, "Actual Rows": 41840, "Actual Loops": 1, "Inner Unique": false, "Plans": [{"Node Type": "Seq Scan", "Parent Relationship": "Outer", "Relation Name": "keyword", "Alias": "k", "Startup Cost": 0.0, "Total Cost": 2436.11, "Plan Rows": 1, "Plan Width": 4, "Actual Startup Time": 1.773, "Actual Total Time": 43.194, "Actual Rows": 1, "Actual Loops": 1, "Filter": "((keyword)::text = 'character-name-in-title'::text)", "Rows Removed by Filter": 134168}, {"Node Type": "Bitmap Heap Scan", "Parent Relationship": "Inner", "Relation Name": "movie_keyword", "Alias": "mk", "Startup Cost": 4.51, "Total Cost": 132.58, "Plan Rows": 33, "Plan Width": 8, "Actual Startup Time": 8.084, "Actual Total Time": 47.664, "Actual Rows": 41840, "Actual Loops": 1, "Recheck Cond": "(keyword_id = k.id)", "Rows Removed by Index Recheck": 0, "Exact Heap Blocks": 9702, "Lossy Heap Blocks": 9702, "Plans": [{"Node Type": "Bitmap Index Scan", "Parent Relationship": "Outer", "Index Name": "keyword_id_movie_keyword", "Startup Cost": 0.0, "Total Cost": 4.5, "Plan Rows": 33, "Plan Width": 0, "Actual Startup Time": 6.347, "Actual Total Time": 6.347, "Actual Rows": 41840, "Actual Loops": 1, "Index Cond": "(keyword_id = k.id)"}]}]}, {"Node Type": "Index Scan", "Parent Relationship": "Inner", "Scan Direction": "Forward", "Index Name": "movie_id_movie_companies", "Relation Name": "movie_companies", "Alias": "mc", "Startup Cost": 0.0, "Total Cost": 0.31, "Plan Rows": 2, "Plan Width": 8, "Actual Startup Time": 150.532, "Actual Total Time": 224.079, "Actual Rows": 148552, "Actual Loops": 41840, "Index Cond": "(movie_id = mk.movie_id)", "Rows Removed by Index Recheck": 0}]}, {"Node Type": "Index Scan", "Parent Relationship": "Inner", "Scan Direction": "Forward", "Index Name": "company_name_pkey", "Relation Name": "company_name", "Alias": "cn", "Startup Cost": 0.0, "Total Cost": 0.28, "Plan Rows": 1, "Plan Width": 4, "Actual Startup Time": 548.003, "Actual Total Time": 548.003, "Actual Rows": 5228, "Actual Loops": 148552, "Index Cond": "(id = mc.company_id)", "Rows Removed by Index Recheck": 0, "Filter": "((country_code)::text = '[nl]'::text)", "Rows Removed by Filter": 143324}]}, {"Node Type": "Index Scan", "Parent Relationship": "Inner", "Scan Direction": "Forward", "Index Name": "title_pkey", "Relation Name": "title", "Alias": "t", "Startup Cost": 0.0, "Total Cost": 0.31, "Plan Rows": 1, "Plan Width": 21, "Actual Startup Time": 21.778, "Actual Total Time": 21.778, "Actual Rows": 5228, "Actual Loops": 5228, "Index Cond": "(id = mk.movie_id)", "Rows Removed by Index Recheck": 0}]}]}, "Triggers": [], "Planner Runtime": 9.476, "Total Runtime": 1030.831, "Unique SQL Id": 2804875951}}, "(1, '21')": {"explain_plan": {"Plan": {"Node Type": "Aggregate", "Strategy": "Plain", "Startup Cost": 3347.38, "Total Cost": 3347.39, "Plan Rows": 1, "Plan Width": 49, "Plans": [{"Node Type": "Nested Loop", "Parent Relationship": "Outer", "Join Type": "Inner", "Startup Cost": 4.51, "Total Cost": 3347.38, "Plan Rows": 2, "Plan Width": 17, "Inner Unique": true, "Join Filter": "(mc.movie_id = t.id)", "Plans": [{"Node Type": "Nested Loop", "Parent Relationship": "Outer", "Join Type": "Inner", "Startup Cost": 4.51, "Total Cost": 3346.73, "Plan Rows": 2, "Plan Width": 8, "Inner Unique": true, "Plans": [{"Node Type": "Nested Loop", "Parent Relationship": "Outer", "Join Type": "Inner", "Startup Cost": 4.51, "Total Cost": 3326.6, "Plan Rows": 70, "Plan Width": 12, "Inner Unique": false, "Plans": [{"Node Type": "Nested Loop", "Parent Relationship": "Outer", "Join Type": "Inner", "Startup Cost": 4.51, "Total Cost": 3315.63, "Plan Rows": 33, "Plan Width": 4, "Inner Unique": false, "Plans": [{"Node Type": "Index Scan", "Parent Relationship": "Outer", "Scan Direction": "Forward", "Index Name": "keyword_pkey", "Relation Name": "keyword", "Alias": "k", "Startup Cost": 0.0, "Total Cost": 3182.72, "Plan Rows": 1, "Plan Width": 4, "Filter": "((keyword)::text = 'character-name-in-title'::text)"}, {"Node Type": "Bitmap Heap Scan", "Parent Relationship": "Inner", "Relation Name": "movie_keyword", "Alias": "mk", "Startup Cost": 4.51, "Total Cost": 132.58, "Plan Rows": 33, "Plan Width": 8, "Recheck Cond": "(keyword_id = k.id)", "Plans": [{"Node Type": "Bitmap Index Scan", "Parent Relationship": "Outer", "Index Name": "keyword_id_movie_keyword", "Startup Cost": 0.0, "Total Cost": 4.5, "Plan Rows": 33, "Plan Width": 0, "Index Cond": "(keyword_id = k.id)"}]}]}, {"Node Type": "Index Scan", "Parent Relationship": "Inner", "Scan Direction": "Forward", "Index Name": "movie_id_movie_companies", "Relation Name": "movie_companies", "Alias": "mc", "Startup Cost": 0.0, "Total Cost": 0.31, "Plan Rows": 2, "Plan Width": 8, "Index Cond": "(movie_id = mk.movie_id)"}]}, {"Node Type": "Index Scan", "Parent Relationship": "Inner", "Scan Direction": "Forward", "Index Name": "company_name_pkey", "Relation Name": "company_name", "Alias": "cn", "Startup Cost": 0.0, "Total Cost": 0.28, "Plan Rows": 1, "Plan Width": 4, "Index Cond": "(id = mc.company_id)", "Filter": "((country_code)::text = '[nl]'::text)"}]}, {"Node Type": "Index Scan", "Parent Relationship": "Inner", "Scan Direction": "Forward", "Index Name": "title_pkey", "Relation Name": "title", "Alias": "t", "Startup Cost": 0.0, "Total Cost": 0.31, "Plan Rows": 1, "Plan Width": 21, "Index Cond": "(id = mk.movie_id)"}]}]}, "Unique SQL Id": 2804875951, "Planner Runtime": 7}, "explain_analyze_plan": {"Plan": {"Node Type": "Aggregate", "Strategy": "Plain", "Startup Cost": 3347.38, "Total Cost": 3347.39, "Plan Rows": 1, "Plan Width": 49, "Actual Startup Time": 1144.573, "Actual Total Time": 1144.573, "Actual Rows": 1, "Actual Loops": 1, "Plans": [{"Node Type": "Nested Loop", "Parent Relationship": "Outer", "Join Type": "Inner", "Startup Cost": 4.51, "Total Cost": 3347.38, "Plan Rows": 2, "Plan Width": 17, "Actual Startup Time": 13.303, "Actual Total Time": 1141.536, "Actual Rows": 5228, "Actual Loops": 1, "Inner Unique": true, "Join Filter": "(mc.movie_id = t.id)", "Rows Removed by Join Filter": 0, "Plans": [{"Node Type": "Nested Loop", "Parent Relationship": "Outer", "Join Type": "Inner", "Startup Cost": 4.51, "Total Cost": 3346.73, "Plan Rows": 2, "Plan Width": 8, "Actual Startup Time": 13.284, "Actual Total Time": 1112.719, "Actual Rows": 5228, "Actual Loops": 1, "Inner Unique": true, "Plans": [{"Node Type": "Nested Loop", "Parent Relationship": "Outer", "Join Type": "Inner", "Startup Cost": 4.51, "Total Cost": 3326.6, "Plan Rows": 70, "Plan Width": 12, "Actual Startup Time": 10.161, "Actual Total Time": 467.922, "Actual Rows": 148552, "Actual Loops": 1, "Inner Unique": false, "Plans": [{"Node Type": "Nested Loop", "Parent Relationship": "Outer", "Join Type": "Inner", "Startup Cost": 4.51, "Total Cost": 3315.63, "Plan Rows": 33, "Plan Width": 4, "Actual Startup Time": 10.133, "Actual Total Time": 176.342, "Actual Rows": 41840, "Actual Loops": 1, "Inner Unique": false, "Plans": [{"Node Type": "Index Scan", "Parent Relationship": "Outer", "Scan Direction": "Forward", "Index Name": "keyword_pkey", "Relation Name": "keyword", "Alias": "k", "Startup Cost": 0.0, "Total Cost": 3182.72, "Plan Rows": 1, "Plan Width": 4, "Actual Startup Time": 0.204, "Actual Total Time": 116.389, "Actual Rows": 1, "Actual Loops": 1, "Filter": "((keyword)::text = 'character-name-in-title'::text)", "Rows Removed by Filter": 134168}, {"Node Type": "Bitmap Heap Scan", "Parent Relationship": "Inner", "Relation Name": "movie_keyword", "Alias": "mk", "Startup Cost": 4.51, "Total Cost": 132.58, "Plan Rows": 33, "Plan Width": 8, "Actual Startup Time": 9.922, "Actual Total Time": 51.446, "Actual Rows": 41840, "Actual Loops": 1, "Recheck Cond": "(keyword_id = k.id)", "Rows Removed by Index Recheck": 0, "Exact Heap Blocks": 9702, "Lossy Heap Blocks": 9702, "Plans": [{"Node Type": "Bitmap Index Scan", "Parent Relationship": "Outer", "Index Name": "keyword_id_movie_keyword", "Startup Cost": 0.0, "Total Cost": 4.5, "Plan Rows": 33, "Plan Width": 0, "Actual Startup Time": 8.103, "Actual Total Time": 8.103, "Actual Rows": 41840, "Actual Loops": 1, "Index Cond": "(keyword_id = k.id)"}]}]}, {"Node Type": "Index Scan", "Parent Relationship": "Inner", "Scan Direction": "Forward", "Index Name": "movie_id_movie_companies", "Relation Name": "movie_companies", "Alias": "mc", "Startup Cost": 0.0, "Total Cost": 0.31, "Plan Rows": 2, "Plan Width": 8, "Actual Startup Time": 159.044, "Actual Total Time": 235.457, "Actual Rows": 148552, "Actual Loops": 41840, "Index Cond": "(movie_id = mk.movie_id)", "Rows Removed by Index Recheck": 0}]}, {"Node Type": "Index Scan", "Parent Relationship": "Inner", "Scan Direction": "Forward", "Index Name": "company_name_pkey", "Relation Name": "company_name", "Alias": "cn", "Startup Cost": 0.0, "Total Cost": 0.28, "Plan Rows": 1, "Plan Width": 4, "Actual Startup Time": 571.46, "Actual Total Time": 571.46, "Actual Rows": 5228, "Actual Loops": 148552, "Index Cond": "(id = mc.company_id)", "Rows Removed by Index Recheck": 0, "Filter": "((country_code)::text = '[nl]'::text)", "Rows Removed by Filter": 143324}]}, {"Node Type": "Index Scan", "Parent Relationship": "Inner", "Scan Direction": "Forward", "Index Name": "title_pkey", "Relation Name": "title", "Alias": "t", "Startup Cost": 0.0, "Total Cost": 0.31, "Plan Rows": 1, "Plan Width": 21, "Actual Startup Time": 23.224, "Actual Total Time": 23.224, "Actual Rows": 5228, "Actual Loops": 5228, "Index Cond": "(id = mk.movie_id)", "Rows Removed by Index Recheck": 0}]}]}, "Triggers": [], "Planner Runtime": 9.253, "Total Runtime": 1144.942, "Unique SQL Id": 2804875951}}, "(1, '22')": {"explain_plan": {"Plan": {"Node Type": "Aggregate", "Strategy": "Plain", "Startup Cost": 3019.97, "Total Cost": 3019.98, "Plan Rows": 1, "Plan Width": 49, "Plans": [{"Node Type": "Nested Loop", "Parent Relationship": "Outer", "Join Type": "Inner", "Startup Cost": 5.3, "Total Cost": 3019.97, "Plan Rows": 2, "Plan Width": 17, "Inner Unique": true, "Join Filter": "(mc.movie_id = t.id)", "Plans": [{"Node Type": "Nested Loop", "Parent Relationship": "Outer", "Join Type": "Inner", "Startup Cost": 5.04, "Total Cost": 3011.39, "Plan Rows": 2, "Plan Width": 8, "Inner Unique": true, "Plans": [{"Node Type": "Nested Loop", "Parent Relationship": "Outer", "Join Type": "Inner", "Startup Cost": 4.78, "Total Cost": 2711.55, "Plan Rows": 70, "Plan Width": 12, "Inner Unique": false, "Plans": [{"Node Type": "Nested Loop", "Parent Relationship": "Outer", "Join Type": "Inner", "Startup Cost": 4.51, "Total Cost": 2569.02, "Plan Rows": 33, "Plan Width": 4, "Inner Unique": false, "Plans": [{"Node Type": "Seq Scan", "Parent Relationship": "Outer", "Relation Name": "keyword", "Alias": "k", "Startup Cost": 0.0, "Total Cost": 2436.11, "Plan Rows": 1, "Plan Width": 4, "Filter": "((keyword)::text = 'character-name-in-title'::text)"}, {"Node Type": "Bitmap Heap Scan", "Parent Relationship": "Inner", "Relation Name": "movie_keyword", "Alias": "mk", "Startup Cost": 4.51, "Total Cost": 132.58, "Plan Rows": 33, "Plan Width": 8, "Recheck Cond": "(keyword_id = k.id)", "Plans": [{"Node Type": "Bitmap Index Scan", "Parent Relationship": "Outer", "Index Name": "keyword_id_movie_keyword", "Startup Cost": 0.0, "Total Cost": 4.5, "Plan Rows": 33, "Plan Width": 0, "Index Cond": "(keyword_id = k.id)"}]}]}, {"Node Type": "Bitmap Heap Scan", "Parent Relationship": "Inner", "Relation Name": "movie_companies", "Alias": "mc", "Startup Cost": 0.27, "Total Cost": 4.3, "Plan Rows": 2, "Plan Width": 8, "Recheck Cond": "(movie_id = mk.movie_id)", "Plans": [{"Node Type": "Bitmap Index Scan", "Parent Relationship": "Outer", "Index Name": "movie_id_movie_companies", "Startup Cost": 0.0, "Total Cost": 0.27, "Plan Rows": 2, "Plan Width": 0, "Index Cond": "(movie_id = mk.movie_id)"}]}]}, {"Node Type": "Bitmap Heap Scan", "Parent Relationship": "Inner", "Relation Name": "company_name", "Alias": "cn", "Startup Cost": 0.26, "Total Cost": 4.27, "Plan Rows": 1, "Plan Width": 4, "Recheck Cond": "(id = mc.company_id)", "Filter": "((country_code)::text = '[nl]'::text)", "Plans": [{"Node Type": "Bitmap Index Scan", "Parent Relationship": "Outer", "Index Name": "company_name_pkey", "Startup Cost": 0.0, "Total Cost": 0.26, "Plan Rows": 1, "Plan Width": 0, "Index Cond": "(id = mc.company_id)"}]}]}, {"Node Type": "Bitmap Heap Scan", "Parent Relationship": "Inner", "Relation Name": "title", "Alias": "t", "Startup Cost": 0.27, "Total Cost": 4.28, "Plan Rows": 1, "Plan Width": 21, "Recheck Cond": "(id = mk.movie_id)", "Plans": [{"Node Type": "Bitmap Index Scan", "Parent Relationship": "Outer", "Index Name": "title_pkey", "Startup Cost": 0.0, "Total Cost": 0.27, "Plan Rows": 1, "Plan Width": 0, "Index Cond": "(id = mk.movie_id)"}]}]}]}, "Unique SQL Id": 2804875951, "Planner Runtime": 6}, "explain_analyze_plan": {"Plan": {"Node Type": "Aggregate", "Strategy": "Plain", "Startup Cost": 3019.97, "Total Cost": 3019.98, "Plan Rows": 1, "Plan Width": 49, "Actual Startup Time": 1387.256, "Actual Total Time": 1387.257, "Actual Rows": 1, "Actual Loops": 1, "Plans": [{"Node Type": "Nested Loop", "Parent Relationship": "Outer", "Join Type": "Inner", "Startup Cost": 5.3, "Total Cost": 3019.97, "Plan Rows": 2, "Plan Width": 17, "Actual Startup Time": 15.885, "Actual Total Time": 1382.928, "Actual Rows": 5228, "Actual Loops": 1, "Inner Unique": true, "Join Filter": "(mc.movie_id = t.id)", "Rows Removed by Join Filter": 0, "Plans": [{"Node Type": "Nested Loop", "Parent Relationship": "Outer", "Join Type": "Inner", "Startup Cost": 5.04, "Total Cost": 3011.39, "Plan Rows": 2, "Plan Width": 8, "Actual Startup Time": 15.861, "Actual Total Time": 1346.204, "Actual Rows": 5228, "Actual Loops": 1, "Inner Unique": true, "Plans": [{"Node Type": "Nested Loop", "Parent Relationship": "Outer", "Join Type": "Inner", "Startup Cost": 4.78, "Total Cost": 2711.55, "Plan Rows": 70, "Plan Width": 12, "Actual Startup Time": 11.506, "Actual Total Time": 487.661, "Actual Rows": 148552, "Actual Loops": 1, "Inner Unique": false, "Plans": [{"Node Type": "Nested Loop", "Parent Relationship": "Outer", "Join Type": "Inner", "Startup Cost": 4.51, "Total Cost": 2569.02, "Plan Rows": 33, "Plan Width": 4, "Actual Startup Time": 11.467, "Actual Total Time": 97.589, "Actual Rows": 41840, "Actual Loops": 1, "Inner Unique": false, "Plans": [{"Node Type": "Seq Scan", "Parent Relationship": "Outer", "Relation Name": "keyword", "Alias": "k", "Startup Cost": 0.0, "Total Cost": 2436.11, "Plan Rows": 1, "Plan Width": 4, "Actual Startup Time": 1.835, "Actual Total Time": 40.613, "Actual Rows": 1, "Actual Loops": 1, "Filter": "((keyword)::text = 'character-name-in-title'::text)", "Rows Removed by Filter": 134168}, {"Node Type": "Bitmap Heap Scan", "Parent Relationship": "Inner", "Relation Name": "movie_keyword", "Alias": "mk", "Startup Cost": 4.51, "Total Cost": 132.58, "Plan Rows": 33, "Plan Width": 8, "Actual Startup Time": 9.627, "Actual Total Time": 47.321, "Actual Rows": 41840, "Actual Loops": 1, "Recheck Cond": "(keyword_id = k.id)", "Rows Removed by Index Recheck": 0, "Exact Heap Blocks": 9702, "Lossy Heap Blocks": 9702, "Plans": [{"Node Type": "Bitmap Index Scan", "Parent Relationship": "Outer", "Index Name": "keyword_id_movie_keyword", "Startup Cost": 0.0, "Total Cost": 4.5, "Plan Rows": 33, "Plan Width": 0, "Actual Startup Time": 7.876, "Actual Total Time": 7.876, "Actual Rows": 41840, "Actual Loops": 1, "Index Cond": "(keyword_id = k.id)"}]}]}, {"Node Type": "Bitmap Heap Scan", "Parent Relationship": "Inner", "Relation Name": "movie_companies", "Alias": "mc", "Startup Cost": 0.27, "Total Cost": 4.3, "Plan Rows": 2, "Plan Width": 8, "Actual Startup Time": 249.986, "Actual Total Time": 306.048, "Actual Rows": 148552, "Actual Loops": 41840, "Recheck Cond": "(movie_id = mk.movie_id)", "Rows Removed by Index Recheck": 0, "Exact Heap Blocks": 62638, "Lossy Heap Blocks": 62638, "Plans": [{"Node Type": "Bitmap Index Scan", "Parent Relationship": "Outer", "Index Name": "movie_id_movie_companies", "Startup Cost": 0.0, "Total Cost": 0.27, "Plan Rows": 2, "Plan Width": 0, "Actual Startup Time": 154.185, "Actual Total Time": 154.185, "Actual Rows": 148552, "Actual Loops": 41840, "Index Cond": "(movie_id = mk.movie_id)"}]}]}, {"Node Type": "Bitmap Heap Scan", "Parent Relationship": "Inner", "Relation Name": "company_name", "Alias": "cn", "Startup Cost": 0.26, "Total Cost": 4.27, "Plan Rows": 1, "Plan Width": 4, "Actual Startup Time": 692.747, "Actual Total Time": 692.747, "Actual Rows": 5228, "Actual Loops": 148552, "Recheck Cond": "(id = mc.company_id)", "Rows Removed by Index Recheck": 0, "Filter": "((country_code)::text = '[nl]'::text)", "Rows Removed by Filter": 143324, "Exact Heap Blocks": 148552, "Lossy Heap Blocks": 148552, "Plans": [{"Node Type": "Bitmap Index Scan", "Parent Relationship": "Outer", "Index Name": "company_name_pkey", "Startup Cost": 0.0, "Total Cost": 0.26, "Plan Rows": 1, "Plan Width": 0, "Actual Startup Time": 381.81, "Actual Total Time": 381.81, "Actual Rows": 148552, "Actual Loops": 148552, "Index Cond": "(id = mc.company_id)"}]}]}, {"Node Type": "Bitmap Heap Scan", "Parent Relationship": "Inner", "Relation Name": "title", "Alias": "t", "Startup Cost": 0.27, "Total Cost": 4.28, "Plan Rows": 1, "Plan Width": 21, "Actual Startup Time": 27.63, "Actual Total Time": 27.63, "Actual Rows": 5228, "Actual Loops": 5228, "Recheck Cond": "(id = mk.movie_id)", "Rows Removed by Index Recheck": 0, "Exact Heap Blocks": 5228, "Lossy Heap Blocks": 5228, "Plans": [{"Node Type": "Bitmap Index Scan", "Parent Relationship": "Outer", "Index Name": "title_pkey", "Startup Cost": 0.0, "Total Cost": 0.27, "Plan Rows": 1, "Plan Width": 0, "Actual Startup Time": 16.841, "Actual Total Time": 16.841, "Actual Rows": 5228, "Actual Loops": 5228, "Index Cond": "(id = mk.movie_id)"}]}]}]}, "Triggers": [], "Planner Runtime": 9.24, "Total Runtime": 1387.727, "Unique SQL Id": 2804875951}}, "(1, '23')": {"explain_plan": {"Plan": {"Node Type": "Aggregate", "Strategy": "Plain", "Startup Cost": 1000025545541.31, "Total Cost": 1000025545541.32, "Plan Rows": 1, "Plan Width": 49, "Plans": [{"Node Type": "Nested Loop", "Parent Relationship": "Outer", "Join Type": "Inner", "Startup Cost": 10000000001.12, "Total Cost": 1000025545541.31, "Plan Rows": 2, "Plan Width": 17, "Inner Unique": true, "Join Filter": "(mc.movie_id = t.id)", "Plans": [{"Node Type": "Nested Loop", "Parent Relationship": "Outer", "Join Type": "Inner", "Startup Cost": 10000000000.85, "Total Cost": 1000025545532.73, "Plan Rows": 2, "Plan Width": 8, "Inner Unique": true, "Plans": [{"Node Type": "Nested Loop", "Parent Relationship": "Outer", "Join Type": "Inner", "Startup Cost": 10000000000.6, "Total Cost": 1000024380163.58, "Plan Rows": 272107, "Plan Width": 12, "Inner Unique": false, "Plans": [{"Node Type": "Nested Loop", "Parent Relationship": "Outer", "Join Type": "Inner", "Startup Cost": 10000000000.26, "Total Cost": 1000024227793.07, "Plan Rows": 33725, "Plan Width": 4, "Inner Unique": true, "Plans": [{"Node Type": "Index Scan", "Parent Relationship": "Outer", "Scan Direction": "Forward", "Index Name": "movie_id_movie_companies", "Relation Name": "movie_companies", "Alias": "mc", "Startup Cost": 10000000000.0, "Total Cost": 1000013051946.13, "Plan Rows": 2609128, "Plan Width": 8}, {"Node Type": "Bitmap Heap Scan", "Parent Relationship": "Inner", "Relation Name": "company_name", "Alias": "cn", "Startup Cost": 0.26, "Total Cost": 4.27, "Plan Rows": 1, "Plan Width": 4, "Recheck Cond": "(id = mc.company_id)", "Filter": "((country_code)::text = '[nl]'::text)", "Plans": [{"Node Type": "Bitmap Index Scan", "Parent Relationship": "Outer", "Index Name": "company_name_pkey", "Startup Cost": 0.0, "Total Cost": 0.26, "Plan Rows": 1, "Plan Width": 0, "Index Cond": "(id = mc.company_id)"}]}]}, {"Node Type": "Bitmap Heap Scan", "Parent Relationship": "Inner", "Relation Name": "movie_keyword", "Alias": "mk", "Startup Cost": 0.34, "Total Cost": 4.44, "Plan Rows": 8, "Plan Width": 8, "Recheck Cond": "(movie_id = mc.movie_id)", "Plans": [{"Node Type": "Bitmap Index Scan", "Parent Relationship": "Outer", "Index Name": "movie_id_movie_keyword", "Startup Cost": 0.0, "Total Cost": 0.34, "Plan Rows": 8, "Plan Width": 0, "Index Cond": "(movie_id = mc.movie_id)"}]}]}, {"Node Type": "Bitmap Heap Scan", "Parent Relationship": "Inner", "Relation Name": "keyword", "Alias": "k", "Startup Cost": 0.26, "Total Cost": 4.27, "Plan Rows": 1, "Plan Width": 4, "Recheck Cond": "(id = mk.keyword_id)", "Filter": "((keyword)::text = 'character-name-in-title'::text)", "Plans": [{"Node Type": "Bitmap Index Scan", "Parent Relationship": "Outer", "Index Name": "keyword_pkey", "Startup Cost": 0.0, "Total Cost": 0.26, "Plan Rows": 1, "Plan Width": 0, "Index Cond": "(id = mk.keyword_id)"}]}]}, {"Node Type": "Bitmap Heap Scan", "Parent Relationship": "Inner", "Relation Name": "title", "Alias": "t", "Startup Cost": 0.27, "Total Cost": 4.28, "Plan Rows": 1, "Plan Width": 21, "Recheck Cond": "(id = mk.movie_id)", "Plans": [{"Node Type": "Bitmap Index Scan", "Parent Relationship": "Outer", "Index Name": "title_pkey", "Startup Cost": 0.0, "Total Cost": 0.27, "Plan Rows": 1, "Plan Width": 0, "Index Cond": "(id = mk.movie_id)"}]}]}]}, "Unique SQL Id": 2804875951, "Planner Runtime": 3}, "explain_analyze_plan": null}, "(1, '24')": {"explain_plan": {"Plan": {"Node Type": "Aggregate", "Strategy": "Plain", "Startup Cost": 2605.07, "Total Cost": 2605.08, "Plan Rows": 1, "Plan Width": 49, "Plans": [{"Node Type": "Nested Loop", "Parent Relationship": "Outer", "Join Type": "Inner", "Startup Cost": 0.0, "Total Cost": 2605.07, "Plan Rows": 2, "Plan Width": 17, "Inner Unique": true, "Join Filter": "(mc.movie_id = t.id)", "Plans": [{"Node Type": "Nested Loop", "Parent Relationship": "Outer", "Join Type": "Inner", "Startup Cost": 0.0, "Total Cost": 2604.42, "Plan Rows": 2, "Plan Width": 8, "Inner Unique": true, "Plans": [{"Node Type": "Nested Loop", "Parent Relationship": "Outer", "Join Type": "Inner", "Startup Cost": 0.0, "Total Cost": 2584.29, "Plan Rows": 70, "Plan Width": 12, "Inner Unique": false, "Plans": [{"Node Type": "Nested Loop", "Parent Relationship": "Outer", "Join Type": "Inner", "Startup Cost": 0.0, "Total Cost": 2573.32, "Plan Rows": 33, "Plan Width": 4, "Inner Unique": false, "Plans": [{"Node Type": "Seq Scan", "Parent Relationship": "Outer", "Relation Name": "keyword", "Alias": "k", "Startup Cost": 0.0, "Total Cost": 2436.11, "Plan Rows": 1, "Plan Width": 4, "Filter": "((keyword)::text = 'character-name-in-title'::text)"}, {"Node Type": "Index Scan", "Parent Relationship": "Inner", "Scan Direction": "Forward", "Index Name": "keyword_id_movie_keyword", "Relation Name": "movie_keyword", "Alias": "mk", "Startup Cost": 0.0, "Total Cost": 136.88, "Plan Rows": 33, "Plan Width": 8, "Index Cond": "(keyword_id = k.id)"}]}, {"Node Type": "Index Scan", "Parent Relationship": "Inner", "Scan Direction": "Forward", "Index Name": "movie_id_movie_companies", "Relation Name": "movie_companies", "Alias": "mc", "Startup Cost": 0.0, "Total Cost": 0.31, "Plan Rows": 2, "Plan Width": 8, "Index Cond": "(movie_id = mk.movie_id)"}]}, {"Node Type": "Index Scan", "Parent Relationship": "Inner", "Scan Direction": "Forward", "Index Name": "company_name_pkey", "Relation Name": "company_name", "Alias": "cn", "Startup Cost": 0.0, "Total Cost": 0.28, "Plan Rows": 1, "Plan Width": 4, "Index Cond": "(id = mc.company_id)", "Filter": "((country_code)::text = '[nl]'::text)"}]}, {"Node Type": "Index Scan", "Parent Relationship": "Inner", "Scan Direction": "Forward", "Index Name": "title_pkey", "Relation Name": "title", "Alias": "t", "Startup Cost": 0.0, "Total Cost": 0.31, "Plan Rows": 1, "Plan Width": 21, "Index Cond": "(id = mk.movie_id)"}]}]}, "Unique SQL Id": 2804875951, "Planner Runtime": 7}, "explain_analyze_plan": {"Plan": {"Node Type": "Aggregate", "Strategy": "Plain", "Startup Cost": 2605.07, "Total Cost": 2605.08, "Plan Rows": 1, "Plan Width": 49, "Actual Startup Time": 1018.693, "Actual Total Time": 1018.694, "Actual Rows": 1, "Actual Loops": 1, "Plans": [{"Node Type": "Nested Loop", "Parent Relationship": "Outer", "Join Type": "Inner", "Startup Cost": 0.0, "Total Cost": 2605.07, "Plan Rows": 2, "Plan Width": 17, "Actual Startup Time": 4.88, "Actual Total Time": 1015.562, "Actual Rows": 5228, "Actual Loops": 1, "Inner Unique": true, "Join Filter": "(mc.movie_id = t.id)", "Rows Removed by Join Filter": 0, "Plans": [{"Node Type": "Nested Loop", "Parent Relationship": "Outer", "Join Type": "Inner", "Startup Cost": 0.0, "Total Cost": 2604.42, "Plan Rows": 2, "Plan Width": 8, "Actual Startup Time": 4.865, "Actual Total Time": 988.098, "Actual Rows": 5228, "Actual Loops": 1, "Inner Unique": true, "Plans": [{"Node Type": "Nested Loop", "Parent Relationship": "Outer", "Join Type": "Inner", "Startup Cost": 0.0, "Total Cost": 2584.29, "Plan Rows": 70, "Plan Width": 12, "Actual Startup Time": 1.836, "Actual Total Time": 368.761, "Actual Rows": 148552, "Actual Loops": 1, "Inner Unique": false, "Plans": [{"Node Type": "Nested Loop", "Parent Relationship": "Outer", "Join Type": "Inner", "Startup Cost": 0.0, "Total Cost": 2573.32, "Plan Rows": 33, "Plan Width": 4, "Actual Startup Time": 1.817, "Actual Total Time": 90.483, "Actual Rows": 41840, "Actual Loops": 1, "Inner Unique": false, "Plans": [{"Node Type": "Seq Scan", "Parent Relationship": "Outer", "Relation Name": "keyword", "Alias": "k", "Startup Cost": 0.0, "Total Cost": 2436.11, "Plan Rows": 1, "Plan Width": 4, "Actual Startup Time": 1.79, "Actual Total Time": 42.521, "Actual Rows": 1, "Actual Loops": 1, "Filter": "((keyword)::text = 'character-name-in-title'::text)", "Rows Removed by Filter": 134168}, {"Node Type": "Index Scan", "Parent Relationship": "Inner", "Scan Direction": "Forward", "Index Name": "keyword_id_movie_keyword", "Relation Name": "movie_keyword", "Alias": "mk", "Startup Cost": 0.0, "Total Cost": 136.88, "Plan Rows": 33, "Plan Width": 8, "Actual Startup Time": 0.021, "Actual Total Time": 38.672, "Actual Rows": 41840, "Actual Loops": 1, "Index Cond": "(keyword_id = k.id)", "Rows Removed by Index Recheck": 0}]}, {"Node Type": "Index Scan", "Parent Relationship": "Inner", "Scan Direction": "Forward", "Index Name": "movie_id_movie_companies", "Relation Name": "movie_companies", "Alias": "mc", "Startup Cost": 0.0, "Total Cost": 0.31, "Plan Rows": 2, "Plan Width": 8, "Actual Startup Time": 149.771, "Actual Total Time": 222.908, "Actual Rows": 148552, "Actual Loops": 41840, "Index Cond": "(movie_id = mk.movie_id)", "Rows Removed by Index Recheck": 0}]}, {"Node Type": "Index Scan", "Parent Relationship": "Inner", "Scan Direction": "Forward", "Index Name": "company_name_pkey", "Relation Name": "company_name", "Alias": "cn", "Startup Cost": 0.0, "Total Cost": 0.28, "Plan Rows": 1, "Plan Width": 4, "Actual Startup Time": 548.889, "Actual Total Time": 548.889, "Actual Rows": 5228, "Actual Loops": 148552, "Index Cond": "(id = mc.company_id)", "Rows Removed by Index Recheck": 0, "Filter": "((country_code)::text = '[nl]'::text)", "Rows Removed by Filter": 143324}]}, {"Node Type": "Index Scan", "Parent Relationship": "Inner", "Scan Direction": "Forward", "Index Name": "title_pkey", "Relation Name": "title", "Alias": "t", "Startup Cost": 0.0, "Total Cost": 0.31, "Plan Rows": 1, "Plan Width": 21, "Actual Startup Time": 21.677, "Actual Total Time": 21.677, "Actual Rows": 5228, "Actual Loops": 5228, "Index Cond": "(id = mk.movie_id)", "Rows Removed by Index Recheck": 0}]}]}, "Triggers": [], "Planner Runtime": 9.006, "Total Runtime": 1018.947, "Unique SQL Id": 2804875951}}, "(1, '25')": {"explain_plan": {"Plan": {"Node Type": "Aggregate", "Strategy": "Plain", "Startup Cost": 3351.67, "Total Cost": 3351.68, "Plan Rows": 1, "Plan Width": 49, "Plans": [{"Node Type": "Nested Loop", "Parent Relationship": "Outer", "Join Type": "Inner", "Startup Cost": 0.0, "Total Cost": 3351.67, "Plan Rows": 2, "Plan Width": 17, "Inner Unique": true, "Join Filter": "(mc.movie_id = t.id)", "Plans": [{"Node Type": "Nested Loop", "Parent Relationship": "Outer", "Join Type": "Inner", "Startup Cost": 0.0, "Total Cost": 3351.03, "Plan Rows": 2, "Plan Width": 8, "Inner Unique": true, "Plans": [{"Node Type": "Nested Loop", "Parent Relationship": "Outer", "Join Type": "Inner", "Startup Cost": 0.0, "Total Cost": 3330.89, "Plan Rows": 70, "Plan Width": 12, "Inner Unique": false, "Plans": [{"Node Type": "Nested Loop", "Parent Relationship": "Outer", "Join Type": "Inner", "Startup Cost": 0.0, "Total Cost": 3319.92, "Plan Rows": 33, "Plan Width": 4, "Inner Unique": false, "Plans": [{"Node Type": "Index Scan", "Parent Relationship": "Outer", "Scan Direction": "Forward", "Index Name": "keyword_pkey", "Relation Name": "keyword", "Alias": "k", "Startup Cost": 0.0, "Total Cost": 3182.72, "Plan Rows": 1, "Plan Width": 4, "Filter": "((keyword)::text = 'character-name-in-title'::text)"}, {"Node Type": "Index Scan", "Parent Relationship": "Inner", "Scan Direction": "Forward", "Index Name": "keyword_id_movie_keyword", "Relation Name": "movie_keyword", "Alias": "mk", "Startup Cost": 0.0, "Total Cost": 136.88, "Plan Rows": 33, "Plan Width": 8, "Index Cond": "(keyword_id = k.id)"}]}, {"Node Type": "Index Scan", "Parent Relationship": "Inner", "Scan Direction": "Forward", "Index Name": "movie_id_movie_companies", "Relation Name": "movie_companies", "Alias": "mc", "Startup Cost": 0.0, "Total Cost": 0.31, "Plan Rows": 2, "Plan Width": 8, "Index Cond": "(movie_id = mk.movie_id)"}]}, {"Node Type": "Index Scan", "Parent Relationship": "Inner", "Scan Direction": "Forward", "Index Name": "company_name_pkey", "Relation Name": "company_name", "Alias": "cn", "Startup Cost": 0.0, "Total Cost": 0.28, "Plan Rows": 1, "Plan Width": 4, "Index Cond": "(id = mc.company_id)", "Filter": "((country_code)::text = '[nl]'::text)"}]}, {"Node Type": "Index Scan", "Parent Relationship": "Inner", "Scan Direction": "Forward", "Index Name": "title_pkey", "Relation Name": "title", "Alias": "t", "Startup Cost": 0.0, "Total Cost": 0.31, "Plan Rows": 1, "Plan Width": 21, "Index Cond": "(id = mk.movie_id)"}]}]}, "Unique SQL Id": 2804875951, "Planner Runtime": 7}, "explain_analyze_plan": {"Plan": {"Node Type": "Aggregate", "Strategy": "Plain", "Startup Cost": 3351.67, "Total Cost": 3351.68, "Plan Rows": 1, "Plan Width": 49, "Actual Startup Time": 1104.099, "Actual Total Time": 1104.099, "Actual Rows": 1, "Actual Loops": 1, "Plans": [{"Node Type": "Nested Loop", "Parent Relationship": "Outer", "Join Type": "Inner", "Startup Cost": 0.0, "Total Cost": 3351.67, "Plan Rows": 2, "Plan Width": 17, "Actual Startup Time": 3.277, "Actual Total Time": 1101.041, "Actual Rows": 5228, "Actual Loops": 1, "Inner Unique": true, "Join Filter": "(mc.movie_id = t.id)", "Rows Removed by Join Filter": 0, "Plans": [{"Node Type": "Nested Loop", "Parent Relationship": "Outer", "Join Type": "Inner", "Startup Cost": 0.0, "Total Cost": 3351.03, "Plan Rows": 2, "Plan Width": 8, "Actual Startup Time": 3.261, "Actual Total Time": 1073.962, "Actual Rows": 5228, "Actual Loops": 1, "Inner Unique": true, "Plans": [{"Node Type": "Nested Loop", "Parent Relationship": "Outer", "Join Type": "Inner", "Startup Cost": 0.0, "Total Cost": 3330.89, "Plan Rows": 70, "Plan Width": 12, "Actual Startup Time": 0.244, "Actual Total Time": 439.938, "Actual Rows": 148552, "Actual Loops": 1, "Inner Unique": false, "Plans": [{"Node Type": "Nested Loop", "Parent Relationship": "Outer", "Join Type": "Inner", "Startup Cost": 0.0, "Total Cost": 3319.92, "Plan Rows": 33, "Plan Width": 4, "Actual Startup Time": 0.228, "Actual Total Time": 160.992, "Actual Rows": 41840, "Actual Loops": 1, "Inner Unique": false, "Plans": [{"Node Type": "Index Scan", "Parent Relationship": "Outer", "Scan Direction": "Forward", "Index Name": "keyword_pkey", "Relation Name": "keyword", "Alias": "k", "Startup Cost": 0.0, "Total Cost": 3182.72, "Plan Rows": 1, "Plan Width": 4, "Actual Startup Time": 0.209, "Actual Total Time": 114.577, "Actual Rows": 1, "Actual Loops": 1, "Filter": "((keyword)::text = 'character-name-in-title'::text)", "Rows Removed by Filter": 134168}, {"Node Type": "Index Scan", "Parent Relationship": "Inner", "Scan Direction": "Forward", "Index Name": "keyword_id_movie_keyword", "Relation Name": "movie_keyword", "Alias": "mk", "Startup Cost": 0.0, "Total Cost": 136.88, "Plan Rows": 33, "Plan Width": 8, "Actual Startup Time": 0.015, "Actual Total Time": 37.044, "Actual Rows": 41840, "Actual Loops": 1, "Index Cond": "(keyword_id = k.id)", "Rows Removed by Index Recheck": 0}]}, {"Node Type": "Index Scan", "Parent Relationship": "Inner", "Scan Direction": "Forward", "Index Name": "movie_id_movie_companies", "Relation Name": "movie_companies", "Alias": "mc", "Startup Cost": 0.0, "Total Cost": 0.31, "Plan Rows": 2, "Plan Width": 8, "Actual Startup Time": 150.187, "Actual Total Time": 222.909, "Actual Rows": 148552, "Actual Loops": 41840, "Index Cond": "(movie_id = mk.movie_id)", "Rows Removed by Index Recheck": 0}]}, {"Node Type": "Index Scan", "Parent Relationship": "Inner", "Scan Direction": "Forward", "Index Name": "company_name_pkey", "Relation Name": "company_name", "Alias": "cn", "Startup Cost": 0.0, "Total Cost": 0.28, "Plan Rows": 1, "Plan Width": 4, "Actual Startup Time": 562.098, "Actual Total Time": 562.098, "Actual Rows": 5228, "Actual Loops": 148552, "Index Cond": "(id = mc.company_id)", "Rows Removed by Index Recheck": 0, "Filter": "((country_code)::text = '[nl]'::text)", "Rows Removed by Filter": 143324}]}, {"Node Type": "Index Scan", "Parent Relationship": "Inner", "Scan Direction": "Forward", "Index Name": "title_pkey", "Relation Name": "title", "Alias": "t", "Startup Cost": 0.0, "Total Cost": 0.31, "Plan Rows": 1, "Plan Width": 21, "Actual Startup Time": 21.503, "Actual Total Time": 21.503, "Actual Rows": 5228, "Actual Loops": 5228, "Index Cond": "(id = mk.movie_id)", "Rows Removed by Index Recheck": 0}]}]}, "Triggers": [], "Planner Runtime": 9.208, "Total Runtime": 1104.346, "Unique SQL Id": 2804875951}}, "(1, '26')": {"explain_plan": {"Plan": {"Node Type": "Aggregate", "Strategy": "Plain", "Startup Cost": 598540.23, "Total Cost": 598540.24, "Plan Rows": 1, "Plan Width": 49, "Plans": [{"Node Type": "Nested Loop", "Parent Relationship": "Outer", "Join Type": "Inner", "Startup Cost": 441315.24, "Total Cost": 598540.22, "Plan Rows": 2, "Plan Width": 17, "Inner Unique": false, "Join Filter": "(mc.movie_id = t.id)", "Plans": [{"Node Type": "Seq Scan", "Parent Relationship": "Outer", "Relation Name": "title", "Alias": "t", "Startup Cost": 0.0, "Total Cost": 60069.11, "Plan Rows": 2528311, "Plan Width": 21}, {"Node Type": "Materialize", "Parent Relationship": "Inner", "Startup Cost": 441315.24, "Total Cost": 462621.79, "Plan Rows": 2, "Plan Width": 8, "Plans": [{"Node Type": "Nested Loop", "Parent Relationship": "Outer", "Join Type": "Inner", "Startup Cost": 441315.24, "Total Cost": 462621.78, "Plan Rows": 2, "Plan Width": 8, "Inner Unique": true, "Join Filter": "(mc.company_id = cn.id)", "Plans": [{"Node Type": "Merge Join", "Parent Relationship": "Outer", "Join Type": "Inner", "Startup Cost": 441315.24, "Total Cost": 454360.73, "Plan Rows": 70, "Plan Width": 12, "Inner Unique": false, "Merge Cond": "(mk.movie_id = mc.movie_id)", "Plans": [{"Node Type": "Sort", "Parent Relationship": "Outer", "Startup Cost": 121427.35, "Total Cost": 121427.43, "Plan Rows": 33, "Plan Width": 4, "Sort Key": ["mk.movie_id"], "Plans": [{"Node Type": "Nested Loop", "Parent Relationship": "Outer", "Join Type": "Inner", "Startup Cost": 0.0, "Total Cost": 121426.52, "Plan Rows": 33, "Plan Width": 4, "Inner Unique": false, "Join Filter": "(k.id = mk.keyword_id)", "Plans": [{"Node Type": "Seq Scan", "Parent Relationship": "Outer", "Relation Name": "keyword", "Alias": "k", "Startup Cost": 0.0, "Total Cost": 2436.11, "Plan Rows": 1, "Plan Width": 4, "Filter": "((keyword)::text = 'character-name-in-title'::text)"}, {"Node Type": "Seq Scan", "Parent Relationship": "Inner", "Relation Name": "movie_keyword", "Alias": "mk", "Startup Cost": 0.0, "Total Cost": 62441.29, "Plan Rows": 4523929, "Plan Width": 8}]}]}, {"Node Type": "Sort", "Parent Relationship": "Inner", "Startup Cost": 319886.87, "Total Cost": 326409.69, "Plan Rows": 2609128, "Plan Width": 8, "Sort Key": ["mc.movie_id"], "Plans": [{"Node Type": "Seq Scan", "Parent Relationship": "Outer", "Relation Name": "movie_companies", "Alias": "mc", "Startup Cost": 0.0, "Total Cost": 41817.28, "Plan Rows": 2609128, "Plan Width": 8}]}]}, {"Node Type": "Materialize", "Parent Relationship": "Inner", "Startup Cost": 0.0, "Total Cost": 5914.65, "Plan Rows": 2240, "Plan Width": 4, "Plans": [{"Node Type": "Seq Scan", "Parent Relationship": "Outer", "Relation Name": "company_name", "Alias": "cn", "Startup Cost": 0.0, "Total Cost": 5903.45, "Plan Rows": 2240, "Plan Width": 4, "Filter": "((country_code)::text = '[nl]'::text)"}]}]}]}]}]}, "Unique SQL Id": 2804875951, "Planner Runtime": 7}, "explain_analyze_plan": null}, "(1, '27')": {"explain_plan": {"Plan": {"Node Type": "Aggregate", "Strategy": "Plain", "Startup Cost": 4999022085294.01, "Total Cost": 4999022085294.02, "Plan Rows": 1, "Plan Width": 49, "Plans": [{"Node Type": "Merge Join", "Parent Relationship": "Outer", "Join Type": "Inner", "Startup Cost": 50198067446.04, "Total Cost": 4999022085294.0, "Plan Rows": 2, "Plan Width": 17, "Inner Unique": true, "Merge Cond": "(mc.movie_id = t.id)", "Plans": [{"Node Type": "Nested Loop", "Parent Relationship": "Outer", "Join Type": "Inner", "Startup Cost": 40176139519.84, "Total Cost": 3999959841302.72, "Plan Rows": 2, "Plan Width": 8, "Inner Unique": true, "Join Filter": "(mk.keyword_id = k.id)", "Plans": [{"Node Type": "Merge Join", "Parent Relationship": "Outer", "Join Type": "Inner", "Startup Cost": 30176139519.84, "Total Cost": 2999959518949.43, "Plan Rows": 272107, "Plan Width": 12, "Inner Unique": false, "Merge Cond": "(mc.movie_id = mk.movie_id)", "Plans": [{"Node Type": "Nested Loop", "Parent Relationship": "Outer", "Join Type": "Inner", "Startup Cost": 20000000000.0, "Total Cost": 2000101768791.5, "Plan Rows": 33725, "Plan Width": 4, "Inner Unique": true, "Join Filter": "(cn.id = mc.company_id)", "Plans": [{"Node Type": "Index Scan", "Parent Relationship": "Outer", "Scan Direction": "Forward", "Index Name": "movie_id_movie_companies", "Relation Name": "movie_companies", "Alias": "mc", "Startup Cost": 10000000000.0, "Total Cost": 1000013051946.13, "Plan Rows": 2609128, "Plan Width": 8}, {"Node Type": "Materialize", "Parent Relationship": "Inner", "Startup Cost": 10000000000.0, "Total Cost": 1000001050150.17, "Plan Rows": 2240, "Plan Width": 4, "Plans": [{"Node Type": "Index Scan", "Parent Relationship": "Outer", "Scan Direction": "Forward", "Index Name": "company_name_pkey", "Relation Name": "company_name", "Alias": "cn", "Startup Cost": 10000000000.0, "Total Cost": 1000001050138.97, "Plan Rows": 2240, "Plan Width": 4, "Filter": "((country_code)::text = '[nl]'::text)"}]}]}, {"Node Type": "Index Scan", "Parent Relationship": "Inner", "Scan Direction": "Forward", "Index Name": "movie_id_movie_keyword", "Relation Name": "movie_keyword", "Alias": "mk", "Startup Cost": 10000000000.0, "Total Cost": 1000015300634.17, "Plan Rows": 4523929, "Plan Width": 8}]}, {"Node Type": "Materialize", "Parent Relationship": "Inner", "Startup Cost": 10000000000.0, "Total Cost": 1000000318271.69, "Plan Rows": 1, "Plan Width": 4, "Plans": [{"Node Type": "Index Scan", "Parent Relationship": "Outer", "Scan Direction": "Forward", "Index Name": "keyword_pkey", "Relation Name": "keyword", "Alias": "k", "Startup Cost": 10000000000.0, "Total Cost": 1000000318271.68, "Plan Rows": 1, "Plan Width": 4, "Filter": "((keyword)::text = 'character-name-in-title'::text)"}]}]}, {"Node Type": "Index Scan", "Parent Relationship": "Inner", "Scan Direction": "Forward", "Index Name": "title_pkey", "Relation Name": "title", "Alias": "t", "Startup Cost": 10000000000.0, "Total Cost": 1000011012048.91, "Plan Rows": 2528311, "Plan Width": 21}]}]}, "Unique SQL Id": 2804875951, "Planner Runtime": 12}, "explain_analyze_plan": null}, "(1, '28')": {"explain_plan": {"Plan": {"Node Type": "Aggregate", "Strategy": "Plain", "Startup Cost": 2605.07, "Total Cost": 2605.08, "Plan Rows": 1, "Plan Width": 49, "Plans": [{"Node Type": "Nested Loop", "Parent Relationship": "Outer", "Join Type": "Inner", "Startup Cost": 0.0, "Total Cost": 2605.07, "Plan Rows": 2, "Plan Width": 17, "Inner Unique": true, "Join Filter": "(mc.movie_id = t.id)", "Plans": [{"Node Type": "Nested Loop", "Parent Relationship": "Outer", "Join Type": "Inner", "Startup Cost": 0.0, "Total Cost": 2604.42, "Plan Rows": 2, "Plan Width": 8, "Inner Unique": true, "Plans": [{"Node Type": "Nested Loop", "Parent Relationship": "Outer", "Join Type": "Inner", "Startup Cost": 0.0, "Total Cost": 2584.29, "Plan Rows": 70, "Plan Width": 12, "Inner Unique": false, "Plans": [{"Node Type": "Nested Loop", "Parent Relationship": "Outer", "Join Type": "Inner", "Startup Cost": 0.0, "Total Cost": 2573.32, "Plan Rows": 33, "Plan Width": 4, "Inner Unique": false, "Plans": [{"Node Type": "Seq Scan", "Parent Relationship": "Outer", "Relation Name": "keyword", "Alias": "k", "Startup Cost": 0.0, "Total Cost": 2436.11, "Plan Rows": 1, "Plan Width": 4, "Filter": "((keyword)::text = 'character-name-in-title'::text)"}, {"Node Type": "Index Scan", "Parent Relationship": "Inner", "Scan Direction": "Forward", "Index Name": "keyword_id_movie_keyword", "Relation Name": "movie_keyword", "Alias": "mk", "Startup Cost": 0.0, "Total Cost": 136.88, "Plan Rows": 33, "Plan Width": 8, "Index Cond": "(keyword_id = k.id)"}]}, {"Node Type": "Index Scan", "Parent Relationship": "Inner", "Scan Direction": "Forward", "Index Name": "movie_id_movie_companies", "Relation Name": "movie_companies", "Alias": "mc", "Startup Cost": 0.0, "Total Cost": 0.31, "Plan Rows": 2, "Plan Width": 8, "Index Cond": "(movie_id = mk.movie_id)"}]}, {"Node Type": "Index Scan", "Parent Relationship": "Inner", "Scan Direction": "Forward", "Index Name": "company_name_pkey", "Relation Name": "company_name", "Alias": "cn", "Startup Cost": 0.0, "Total Cost": 0.28, "Plan Rows": 1, "Plan Width": 4, "Index Cond": "(id = mc.company_id)", "Filter": "((country_code)::text = '[nl]'::text)"}]}, {"Node Type": "Index Scan", "Parent Relationship": "Inner", "Scan Direction": "Forward", "Index Name": "title_pkey", "Relation Name": "title", "Alias": "t", "Startup Cost": 0.0, "Total Cost": 0.31, "Plan Rows": 1, "Plan Width": 21, "Index Cond": "(id = mk.movie_id)"}]}]}, "Unique SQL Id": 2804875951, "Planner Runtime": 7}, "explain_analyze_plan": {"Plan": {"Node Type": "Aggregate", "Strategy": "Plain", "Startup Cost": 2605.07, "Total Cost": 2605.08, "Plan Rows": 1, "Plan Width": 49, "Actual Startup Time": 1018.693, "Actual Total Time": 1018.694, "Actual Rows": 1, "Actual Loops": 1, "Plans": [{"Node Type": "Nested Loop", "Parent Relationship": "Outer", "Join Type": "Inner", "Startup Cost": 0.0, "Total Cost": 2605.07, "Plan Rows": 2, "Plan Width": 17, "Actual Startup Time": 4.88, "Actual Total Time": 1015.562, "Actual Rows": 5228, "Actual Loops": 1, "Inner Unique": true, "Join Filter": "(mc.movie_id = t.id)", "Rows Removed by Join Filter": 0, "Plans": [{"Node Type": "Nested Loop", "Parent Relationship": "Outer", "Join Type": "Inner", "Startup Cost": 0.0, "Total Cost": 2604.42, "Plan Rows": 2, "Plan Width": 8, "Actual Startup Time": 4.865, "Actual Total Time": 988.098, "Actual Rows": 5228, "Actual Loops": 1, "Inner Unique": true, "Plans": [{"Node Type": "Nested Loop", "Parent Relationship": "Outer", "Join Type": "Inner", "Startup Cost": 0.0, "Total Cost": 2584.29, "Plan Rows": 70, "Plan Width": 12, "Actual Startup Time": 1.836, "Actual Total Time": 368.761, "Actual Rows": 148552, "Actual Loops": 1, "Inner Unique": false, "Plans": [{"Node Type": "Nested Loop", "Parent Relationship": "Outer", "Join Type": "Inner", "Startup Cost": 0.0, "Total Cost": 2573.32, "Plan Rows": 33, "Plan Width": 4, "Actual Startup Time": 1.817, "Actual Total Time": 90.483, "Actual Rows": 41840, "Actual Loops": 1, "Inner Unique": false, "Plans": [{"Node Type": "Seq Scan", "Parent Relationship": "Outer", "Relation Name": "keyword", "Alias": "k", "Startup Cost": 0.0, "Total Cost": 2436.11, "Plan Rows": 1, "Plan Width": 4, "Actual Startup Time": 1.79, "Actual Total Time": 42.521, "Actual Rows": 1, "Actual Loops": 1, "Filter": "((keyword)::text = 'character-name-in-title'::text)", "Rows Removed by Filter": 134168}, {"Node Type": "Index Scan", "Parent Relationship": "Inner", "Scan Direction": "Forward", "Index Name": "keyword_id_movie_keyword", "Relation Name": "movie_keyword", "Alias": "mk", "Startup Cost": 0.0, "Total Cost": 136.88, "Plan Rows": 33, "Plan Width": 8, "Actual Startup Time": 0.021, "Actual Total Time": 38.672, "Actual Rows": 41840, "Actual Loops": 1, "Index Cond": "(keyword_id = k.id)", "Rows Removed by Index Recheck": 0}]}, {"Node Type": "Index Scan", "Parent Relationship": "Inner", "Scan Direction": "Forward", "Index Name": "movie_id_movie_companies", "Relation Name": "movie_companies", "Alias": "mc", "Startup Cost": 0.0, "Total Cost": 0.31, "Plan Rows": 2, "Plan Width": 8, "Actual Startup Time": 149.771, "Actual Total Time": 222.908, "Actual Rows": 148552, "Actual Loops": 41840, "Index Cond": "(movie_id = mk.movie_id)", "Rows Removed by Index Recheck": 0}]}, {"Node Type": "Index Scan", "Parent Relationship": "Inner", "Scan Direction": "Forward", "Index Name": "company_name_pkey", "Relation Name": "company_name", "Alias": "cn", "Startup Cost": 0.0, "Total Cost": 0.28, "Plan Rows": 1, "Plan Width": 4, "Actual Startup Time": 548.889, "Actual Total Time": 548.889, "Actual Rows": 5228, "Actual Loops": 148552, "Index Cond": "(id = mc.company_id)", "Rows Removed by Index Recheck": 0, "Filter": "((country_code)::text = '[nl]'::text)", "Rows Removed by Filter": 143324}]}, {"Node Type": "Index Scan", "Parent Relationship": "Inner", "Scan Direction": "Forward", "Index Name": "title_pkey", "Relation Name": "title", "Alias": "t", "Startup Cost": 0.0, "Total Cost": 0.31, "Plan Rows": 1, "Plan Width": 21, "Actual Startup Time": 21.677, "Actual Total Time": 21.677, "Actual Rows": 5228, "Actual Loops": 5228, "Index Cond": "(id = mk.movie_id)", "Rows Removed by Index Recheck": 0}]}]}, "Triggers": [], "Planner Runtime": 9.006, "Total Runtime": 1018.947, "Unique SQL Id": 2804875951}}, "(1, '29')": {"explain_plan": {"Plan": {"Node Type": "Aggregate", "Strategy": "Plain", "Startup Cost": 3351.67, "Total Cost": 3351.68, "Plan Rows": 1, "Plan Width": 49, "Plans": [{"Node Type": "Nested Loop", "Parent Relationship": "Outer", "Join Type": "Inner", "Startup Cost": 0.0, "Total Cost": 3351.67, "Plan Rows": 2, "Plan Width": 17, "Inner Unique": true, "Join Filter": "(mc.movie_id = t.id)", "Plans": [{"Node Type": "Nested Loop", "Parent Relationship": "Outer", "Join Type": "Inner", "Startup Cost": 0.0, "Total Cost": 3351.03, "Plan Rows": 2, "Plan Width": 8, "Inner Unique": true, "Plans": [{"Node Type": "Nested Loop", "Parent Relationship": "Outer", "Join Type": "Inner", "Startup Cost": 0.0, "Total Cost": 3330.89, "Plan Rows": 70, "Plan Width": 12, "Inner Unique": false, "Plans": [{"Node Type": "Nested Loop", "Parent Relationship": "Outer", "Join Type": "Inner", "Startup Cost": 0.0, "Total Cost": 3319.92, "Plan Rows": 33, "Plan Width": 4, "Inner Unique": false, "Plans": [{"Node Type": "Index Scan", "Parent Relationship": "Outer", "Scan Direction": "Forward", "Index Name": "keyword_pkey", "Relation Name": "keyword", "Alias": "k", "Startup Cost": 0.0, "Total Cost": 3182.72, "Plan Rows": 1, "Plan Width": 4, "Filter": "((keyword)::text = 'character-name-in-title'::text)"}, {"Node Type": "Index Scan", "Parent Relationship": "Inner", "Scan Direction": "Forward", "Index Name": "keyword_id_movie_keyword", "Relation Name": "movie_keyword", "Alias": "mk", "Startup Cost": 0.0, "Total Cost": 136.88, "Plan Rows": 33, "Plan Width": 8, "Index Cond": "(keyword_id = k.id)"}]}, {"Node Type": "Index Scan", "Parent Relationship": "Inner", "Scan Direction": "Forward", "Index Name": "movie_id_movie_companies", "Relation Name": "movie_companies", "Alias": "mc", "Startup Cost": 0.0, "Total Cost": 0.31, "Plan Rows": 2, "Plan Width": 8, "Index Cond": "(movie_id = mk.movie_id)"}]}, {"Node Type": "Index Scan", "Parent Relationship": "Inner", "Scan Direction": "Forward", "Index Name": "company_name_pkey", "Relation Name": "company_name", "Alias": "cn", "Startup Cost": 0.0, "Total Cost": 0.28, "Plan Rows": 1, "Plan Width": 4, "Index Cond": "(id = mc.company_id)", "Filter": "((country_code)::text = '[nl]'::text)"}]}, {"Node Type": "Index Scan", "Parent Relationship": "Inner", "Scan Direction": "Forward", "Index Name": "title_pkey", "Relation Name": "title", "Alias": "t", "Startup Cost": 0.0, "Total Cost": 0.31, "Plan Rows": 1, "Plan Width": 21, "Index Cond": "(id = mk.movie_id)"}]}]}, "Unique SQL Id": 2804875951, "Planner Runtime": 7}, "explain_analyze_plan": {"Plan": {"Node Type": "Aggregate", "Strategy": "Plain", "Startup Cost": 3351.67, "Total Cost": 3351.68, "Plan Rows": 1, "Plan Width": 49, "Actual Startup Time": 1104.099, "Actual Total Time": 1104.099, "Actual Rows": 1, "Actual Loops": 1, "Plans": [{"Node Type": "Nested Loop", "Parent Relationship": "Outer", "Join Type": "Inner", "Startup Cost": 0.0, "Total Cost": 3351.67, "Plan Rows": 2, "Plan Width": 17, "Actual Startup Time": 3.277, "Actual Total Time": 1101.041, "Actual Rows": 5228, "Actual Loops": 1, "Inner Unique": true, "Join Filter": "(mc.movie_id = t.id)", "Rows Removed by Join Filter": 0, "Plans": [{"Node Type": "Nested Loop", "Parent Relationship": "Outer", "Join Type": "Inner", "Startup Cost": 0.0, "Total Cost": 3351.03, "Plan Rows": 2, "Plan Width": 8, "Actual Startup Time": 3.261, "Actual Total Time": 1073.962, "Actual Rows": 5228, "Actual Loops": 1, "Inner Unique": true, "Plans": [{"Node Type": "Nested Loop", "Parent Relationship": "Outer", "Join Type": "Inner", "Startup Cost": 0.0, "Total Cost": 3330.89, "Plan Rows": 70, "Plan Width": 12, "Actual Startup Time": 0.244, "Actual Total Time": 439.938, "Actual Rows": 148552, "Actual Loops": 1, "Inner Unique": false, "Plans": [{"Node Type": "Nested Loop", "Parent Relationship": "Outer", "Join Type": "Inner", "Startup Cost": 0.0, "Total Cost": 3319.92, "Plan Rows": 33, "Plan Width": 4, "Actual Startup Time": 0.228, "Actual Total Time": 160.992, "Actual Rows": 41840, "Actual Loops": 1, "Inner Unique": false, "Plans": [{"Node Type": "Index Scan", "Parent Relationship": "Outer", "Scan Direction": "Forward", "Index Name": "keyword_pkey", "Relation Name": "keyword", "Alias": "k", "Startup Cost": 0.0, "Total Cost": 3182.72, "Plan Rows": 1, "Plan Width": 4, "Actual Startup Time": 0.209, "Actual Total Time": 114.577, "Actual Rows": 1, "Actual Loops": 1, "Filter": "((keyword)::text = 'character-name-in-title'::text)", "Rows Removed by Filter": 134168}, {"Node Type": "Index Scan", "Parent Relationship": "Inner", "Scan Direction": "Forward", "Index Name": "keyword_id_movie_keyword", "Relation Name": "movie_keyword", "Alias": "mk", "Startup Cost": 0.0, "Total Cost": 136.88, "Plan Rows": 33, "Plan Width": 8, "Actual Startup Time": 0.015, "Actual Total Time": 37.044, "Actual Rows": 41840, "Actual Loops": 1, "Index Cond": "(keyword_id = k.id)", "Rows Removed by Index Recheck": 0}]}, {"Node Type": "Index Scan", "Parent Relationship": "Inner", "Scan Direction": "Forward", "Index Name": "movie_id_movie_companies", "Relation Name": "movie_companies", "Alias": "mc", "Startup Cost": 0.0, "Total Cost": 0.31, "Plan Rows": 2, "Plan Width": 8, "Actual Startup Time": 150.187, "Actual Total Time": 222.909, "Actual Rows": 148552, "Actual Loops": 41840, "Index Cond": "(movie_id = mk.movie_id)", "Rows Removed by Index Recheck": 0}]}, {"Node Type": "Index Scan", "Parent Relationship": "Inner", "Scan Direction": "Forward", "Index Name": "company_name_pkey", "Relation Name": "company_name", "Alias": "cn", "Startup Cost": 0.0, "Total Cost": 0.28, "Plan Rows": 1, "Plan Width": 4, "Actual Startup Time": 562.098, "Actual Total Time": 562.098, "Actual Rows": 5228, "Actual Loops": 148552, "Index Cond": "(id = mc.company_id)", "Rows Removed by Index Recheck": 0, "Filter": "((country_code)::text = '[nl]'::text)", "Rows Removed by Filter": 143324}]}, {"Node Type": "Index Scan", "Parent Relationship": "Inner", "Scan Direction": "Forward", "Index Name": "title_pkey", "Relation Name": "title", "Alias": "t", "Startup Cost": 0.0, "Total Cost": 0.31, "Plan Rows": 1, "Plan Width": 21, "Actual Startup Time": 21.503, "Actual Total Time": 21.503, "Actual Rows": 5228, "Actual Loops": 5228, "Index Cond": "(id = mk.movie_id)", "Rows Removed by Index Recheck": 0}]}]}, "Triggers": [], "Planner Runtime": 9.208, "Total Runtime": 1104.346, "Unique SQL Id": 2804875951}}, "(1, '30')": {"explain_plan": {"Plan": {"Node Type": "Aggregate", "Strategy": "Plain", "Startup Cost": 598540.23, "Total Cost": 598540.24, "Plan Rows": 1, "Plan Width": 49, "Plans": [{"Node Type": "Nested Loop", "Parent Relationship": "Outer", "Join Type": "Inner", "Startup Cost": 441315.24, "Total Cost": 598540.22, "Plan Rows": 2, "Plan Width": 17, "Inner Unique": false, "Join Filter": "(mc.movie_id = t.id)", "Plans": [{"Node Type": "Seq Scan", "Parent Relationship": "Outer", "Relation Name": "title", "Alias": "t", "Startup Cost": 0.0, "Total Cost": 60069.11, "Plan Rows": 2528311, "Plan Width": 21}, {"Node Type": "Materialize", "Parent Relationship": "Inner", "Startup Cost": 441315.24, "Total Cost": 462621.79, "Plan Rows": 2, "Plan Width": 8, "Plans": [{"Node Type": "Nested Loop", "Parent Relationship": "Outer", "Join Type": "Inner", "Startup Cost": 441315.24, "Total Cost": 462621.78, "Plan Rows": 2, "Plan Width": 8, "Inner Unique": true, "Join Filter": "(mc.company_id = cn.id)", "Plans": [{"Node Type": "Merge Join", "Parent Relationship": "Outer", "Join Type": "Inner", "Startup Cost": 441315.24, "Total Cost": 454360.73, "Plan Rows": 70, "Plan Width": 12, "Inner Unique": false, "Merge Cond": "(mk.movie_id = mc.movie_id)", "Plans": [{"Node Type": "Sort", "Parent Relationship": "Outer", "Startup Cost": 121427.35, "Total Cost": 121427.43, "Plan Rows": 33, "Plan Width": 4, "Sort Key": ["mk.movie_id"], "Plans": [{"Node Type": "Nested Loop", "Parent Relationship": "Outer", "Join Type": "Inner", "Startup Cost": 0.0, "Total Cost": 121426.52, "Plan Rows": 33, "Plan Width": 4, "Inner Unique": false, "Join Filter": "(k.id = mk.keyword_id)", "Plans": [{"Node Type": "Seq Scan", "Parent Relationship": "Outer", "Relation Name": "keyword", "Alias": "k", "Startup Cost": 0.0, "Total Cost": 2436.11, "Plan Rows": 1, "Plan Width": 4, "Filter": "((keyword)::text = 'character-name-in-title'::text)"}, {"Node Type": "Seq Scan", "Parent Relationship": "Inner", "Relation Name": "movie_keyword", "Alias": "mk", "Startup Cost": 0.0, "Total Cost": 62441.29, "Plan Rows": 4523929, "Plan Width": 8}]}]}, {"Node Type": "Sort", "Parent Relationship": "Inner", "Startup Cost": 319886.87, "Total Cost": 326409.69, "Plan Rows": 2609128, "Plan Width": 8, "Sort Key": ["mc.movie_id"], "Plans": [{"Node Type": "Seq Scan", "Parent Relationship": "Outer", "Relation Name": "movie_companies", "Alias": "mc", "Startup Cost": 0.0, "Total Cost": 41817.28, "Plan Rows": 2609128, "Plan Width": 8}]}]}, {"Node Type": "Materialize", "Parent Relationship": "Inner", "Startup Cost": 0.0, "Total Cost": 5914.65, "Plan Rows": 2240, "Plan Width": 4, "Plans": [{"Node Type": "Seq Scan", "Parent Relationship": "Outer", "Relation Name": "company_name", "Alias": "cn", "Startup Cost": 0.0, "Total Cost": 5903.45, "Plan Rows": 2240, "Plan Width": 4, "Filter": "((country_code)::text = '[nl]'::text)"}]}]}]}]}]}, "Unique SQL Id": 2804875951, "Planner Runtime": 6}, "explain_analyze_plan": null}, "(1, '31')": {"explain_plan": {"Plan": {"Node Type": "Aggregate", "Strategy": "Plain", "Startup Cost": 4999022085294.01, "Total Cost": 4999022085294.02, "Plan Rows": 1, "Plan Width": 49, "Plans": [{"Node Type": "Merge Join", "Parent Relationship": "Outer", "Join Type": "Inner", "Startup Cost": 50198067446.04, "Total Cost": 4999022085294.0, "Plan Rows": 2, "Plan Width": 17, "Inner Unique": true, "Merge Cond": "(mc.movie_id = t.id)", "Plans": [{"Node Type": "Nested Loop", "Parent Relationship": "Outer", "Join Type": "Inner", "Startup Cost": 40176139519.84, "Total Cost": 3999959841302.72, "Plan Rows": 2, "Plan Width": 8, "Inner Unique": true, "Join Filter": "(mk.keyword_id = k.id)", "Plans": [{"Node Type": "Merge Join", "Parent Relationship": "Outer", "Join Type": "Inner", "Startup Cost": 30176139519.84, "Total Cost": 2999959518949.43, "Plan Rows": 272107, "Plan Width": 12, "Inner Unique": false, "Merge Cond": "(mc.movie_id = mk.movie_id)", "Plans": [{"Node Type": "Nested Loop", "Parent Relationship": "Outer", "Join Type": "Inner", "Startup Cost": 20000000000.0, "Total Cost": 2000101768791.5, "Plan Rows": 33725, "Plan Width": 4, "Inner Unique": true, "Join Filter": "(cn.id = mc.company_id)", "Plans": [{"Node Type": "Index Scan", "Parent Relationship": "Outer", "Scan Direction": "Forward", "Index Name": "movie_id_movie_companies", "Relation Name": "movie_companies", "Alias": "mc", "Startup Cost": 10000000000.0, "Total Cost": 1000013051946.13, "Plan Rows": 2609128, "Plan Width": 8}, {"Node Type": "Materialize", "Parent Relationship": "Inner", "Startup Cost": 10000000000.0, "Total Cost": 1000001050150.17, "Plan Rows": 2240, "Plan Width": 4, "Plans": [{"Node Type": "Index Scan", "Parent Relationship": "Outer", "Scan Direction": "Forward", "Index Name": "company_name_pkey", "Relation Name": "company_name", "Alias": "cn", "Startup Cost": 10000000000.0, "Total Cost": 1000001050138.97, "Plan Rows": 2240, "Plan Width": 4, "Filter": "((country_code)::text = '[nl]'::text)"}]}]}, {"Node Type": "Index Scan", "Parent Relationship": "Inner", "Scan Direction": "Forward", "Index Name": "movie_id_movie_keyword", "Relation Name": "movie_keyword", "Alias": "mk", "Startup Cost": 10000000000.0, "Total Cost": 1000015300634.17, "Plan Rows": 4523929, "Plan Width": 8}]}, {"Node Type": "Materialize", "Parent Relationship": "Inner", "Startup Cost": 10000000000.0, "Total Cost": 1000000318271.69, "Plan Rows": 1, "Plan Width": 4, "Plans": [{"Node Type": "Index Scan", "Parent Relationship": "Outer", "Scan Direction": "Forward", "Index Name": "keyword_pkey", "Relation Name": "keyword", "Alias": "k", "Startup Cost": 10000000000.0, "Total Cost": 1000000318271.68, "Plan Rows": 1, "Plan Width": 4, "Filter": "((keyword)::text = 'character-name-in-title'::text)"}]}]}, {"Node Type": "Index Scan", "Parent Relationship": "Inner", "Scan Direction": "Forward", "Index Name": "title_pkey", "Relation Name": "title", "Alias": "t", "Startup Cost": 10000000000.0, "Total Cost": 1000011012048.91, "Plan Rows": 2528311, "Plan Width": 21}]}]}, "Unique SQL Id": 2804875951, "Planner Runtime": 12}, "explain_analyze_plan": null}, "(1, '32')": {"explain_plan": {"Plan": {"Node Type": "Aggregate", "Strategy": "Plain", "Startup Cost": 2600.78, "Total Cost": 2600.79, "Plan Rows": 1, "Plan Width": 49, "Plans": [{"Node Type": "Nested Loop", "Parent Relationship": "Outer", "Join Type": "Inner", "Startup Cost": 4.51, "Total Cost": 2600.77, "Plan Rows": 2, "Plan Width": 17, "Inner Unique": true, "Join Filter": "(mc.movie_id = t.id)", "Plans": [{"Node Type": "Nested Loop", "Parent Relationship": "Outer", "Join Type": "Inner", "Startup Cost": 4.51, "Total Cost": 2600.13, "Plan Rows": 2, "Plan Width": 8, "Inner Unique": true, "Plans": [{"Node Type": "Nested Loop", "Parent Relationship": "Outer", "Join Type": "Inner", "Startup Cost": 4.51, "Total Cost": 2579.99, "Plan Rows": 70, "Plan Width": 12, "Inner Unique": false, "Plans": [{"Node Type": "Nested Loop", "Parent Relationship": "Outer", "Join Type": "Inner", "Startup Cost": 4.51, "Total Cost": 2569.02, "Plan Rows": 33, "Plan Width": 4, "Inner Unique": false, "Plans": [{"Node Type": "Seq Scan", "Parent Relationship": "Outer", "Relation Name": "keyword", "Alias": "k", "Startup Cost": 0.0, "Total Cost": 2436.11, "Plan Rows": 1, "Plan Width": 4, "Filter": "((keyword)::text = 'character-name-in-title'::text)"}, {"Node Type": "Bitmap Heap Scan", "Parent Relationship": "Inner", "Relation Name": "movie_keyword", "Alias": "mk", "Startup Cost": 4.51, "Total Cost": 132.58, "Plan Rows": 33, "Plan Width": 8, "Recheck Cond": "(keyword_id = k.id)", "Plans": [{"Node Type": "Bitmap Index Scan", "Parent Relationship": "Outer", "Index Name": "keyword_id_movie_keyword", "Startup Cost": 0.0, "Total Cost": 4.5, "Plan Rows": 33, "Plan Width": 0, "Index Cond": "(keyword_id = k.id)"}]}]}, {"Node Type": "Index Scan", "Parent Relationship": "Inner", "Scan Direction": "Forward", "Index Name": "movie_id_movie_companies", "Relation Name": "movie_companies", "Alias": "mc", "Startup Cost": 0.0, "Total Cost": 0.31, "Plan Rows": 2, "Plan Width": 8, "Index Cond": "(movie_id = mk.movie_id)"}]}, {"Node Type": "Index Scan", "Parent Relationship": "Inner", "Scan Direction": "Forward", "Index Name": "company_name_pkey", "Relation Name": "company_name", "Alias": "cn", "Startup Cost": 0.0, "Total Cost": 0.28, "Plan Rows": 1, "Plan Width": 4, "Index Cond": "(id = mc.company_id)", "Filter": "((country_code)::text = '[nl]'::text)"}]}, {"Node Type": "Index Scan", "Parent Relationship": "Inner", "Scan Direction": "Forward", "Index Name": "title_pkey", "Relation Name": "title", "Alias": "t", "Startup Cost": 0.0, "Total Cost": 0.31, "Plan Rows": 1, "Plan Width": 21, "Index Cond": "(id = mk.movie_id)"}]}]}, "Unique SQL Id": 2804875951, "Planner Runtime": 3}, "explain_analyze_plan": {"Plan": {"Node Type": "Aggregate", "Strategy": "Plain", "Startup Cost": 2600.78, "Total Cost": 2600.79, "Plan Rows": 1, "Plan Width": 49, "Actual Startup Time": 1030.503, "Actual Total Time": 1030.504, "Actual Rows": 1, "Actual Loops": 1, "Plans": [{"Node Type": "Nested Loop", "Parent Relationship": "Outer", "Join Type": "Inner", "Startup Cost": 4.51, "Total Cost": 2600.77, "Plan Rows": 2, "Plan Width": 17, "Actual Startup Time": 12.804, "Actual Total Time": 1027.312, "Actual Rows": 5228, "Actual Loops": 1, "Inner Unique": true, "Join Filter": "(mc.movie_id = t.id)", "Rows Removed by Join Filter": 0, "Plans": [{"Node Type": "Nested Loop", "Parent Relationship": "Outer", "Join Type": "Inner", "Startup Cost": 4.51, "Total Cost": 2600.13, "Plan Rows": 2, "Plan Width": 8, "Actual Startup Time": 12.789, "Actual Total Time": 999.562, "Actual Rows": 5228, "Actual Loops": 1, "Inner Unique": true, "Plans": [{"Node Type": "Nested Loop", "Parent Relationship": "Outer", "Join Type": "Inner", "Startup Cost": 4.51, "Total Cost": 2579.99, "Plan Rows": 70, "Plan Width": 12, "Actual Startup Time": 9.902, "Actual Total Time": 379.592, "Actual Rows": 148552, "Actual Loops": 1, "Inner Unique": false, "Plans": [{"Node Type": "Nested Loop", "Parent Relationship": "Outer", "Join Type": "Inner", "Startup Cost": 4.51, "Total Cost": 2569.02, "Plan Rows": 33, "Plan Width": 4, "Actual Startup Time": 9.868, "Actual Total Time": 99.354, "Actual Rows": 41840, "Actual Loops": 1, "Inner Unique": false, "Plans": [{"Node Type": "Seq Scan", "Parent Relationship": "Outer", "Relation Name": "keyword", "Alias": "k", "Startup Cost": 0.0, "Total Cost": 2436.11, "Plan Rows": 1, "Plan Width": 4, "Actual Startup Time": 1.773, "Actual Total Time": 43.194, "Actual Rows": 1, "Actual Loops": 1, "Filter": "((keyword)::text = 'character-name-in-title'::text)", "Rows Removed by Filter": 134168}, {"Node Type": "Bitmap Heap Scan", "Parent Relationship": "Inner", "Relation Name": "movie_keyword", "Alias": "mk", "Startup Cost": 4.51, "Total Cost": 132.58, "Plan Rows": 33, "Plan Width": 8, "Actual Startup Time": 8.084, "Actual Total Time": 47.664, "Actual Rows": 41840, "Actual Loops": 1, "Recheck Cond": "(keyword_id = k.id)", "Rows Removed by Index Recheck": 0, "Exact Heap Blocks": 9702, "Lossy Heap Blocks": 9702, "Plans": [{"Node Type": "Bitmap Index Scan", "Parent Relationship": "Outer", "Index Name": "keyword_id_movie_keyword", "Startup Cost": 0.0, "Total Cost": 4.5, "Plan Rows": 33, "Plan Width": 0, "Actual Startup Time": 6.347, "Actual Total Time": 6.347, "Actual Rows": 41840, "Actual Loops": 1, "Index Cond": "(keyword_id = k.id)"}]}]}, {"Node Type": "Index Scan", "Parent Relationship": "Inner", "Scan Direction": "Forward", "Index Name": "movie_id_movie_companies", "Relation Name": "movie_companies", "Alias": "mc", "Startup Cost": 0.0, "Total Cost": 0.31, "Plan Rows": 2, "Plan Width": 8, "Actual Startup Time": 150.532, "Actual Total Time": 224.079, "Actual Rows": 148552, "Actual Loops": 41840, "Index Cond": "(movie_id = mk.movie_id)", "Rows Removed by Index Recheck": 0}]}, {"Node Type": "Index Scan", "Parent Relationship": "Inner", "Scan Direction": "Forward", "Index Name": "company_name_pkey", "Relation Name": "company_name", "Alias": "cn", "Startup Cost": 0.0, "Total Cost": 0.28, "Plan Rows": 1, "Plan Width": 4, "Actual Startup Time": 548.003, "Actual Total Time": 548.003, "Actual Rows": 5228, "Actual Loops": 148552, "Index Cond": "(id = mc.company_id)", "Rows Removed by Index Recheck": 0, "Filter": "((country_code)::text = '[nl]'::text)", "Rows Removed by Filter": 143324}]}, {"Node Type": "Index Scan", "Parent Relationship": "Inner", "Scan Direction": "Forward", "Index Name": "title_pkey", "Relation Name": "title", "Alias": "t", "Startup Cost": 0.0, "Total Cost": 0.31, "Plan Rows": 1, "Plan Width": 21, "Actual Startup Time": 21.778, "Actual Total Time": 21.778, "Actual Rows": 5228, "Actual Loops": 5228, "Index Cond": "(id = mk.movie_id)", "Rows Removed by Index Recheck": 0}]}]}, "Triggers": [], "Planner Runtime": 9.476, "Total Runtime": 1030.831, "Unique SQL Id": 2804875951}}, "(1, '33')": {"explain_plan": {"Plan": {"Node Type": "Aggregate", "Strategy": "Plain", "Startup Cost": 3347.38, "Total Cost": 3347.39, "Plan Rows": 1, "Plan Width": 49, "Plans": [{"Node Type": "Nested Loop", "Parent Relationship": "Outer", "Join Type": "Inner", "Startup Cost": 4.51, "Total Cost": 3347.38, "Plan Rows": 2, "Plan Width": 17, "Inner Unique": true, "Join Filter": "(mc.movie_id = t.id)", "Plans": [{"Node Type": "Nested Loop", "Parent Relationship": "Outer", "Join Type": "Inner", "Startup Cost": 4.51, "Total Cost": 3346.73, "Plan Rows": 2, "Plan Width": 8, "Inner Unique": true, "Plans": [{"Node Type": "Nested Loop", "Parent Relationship": "Outer", "Join Type": "Inner", "Startup Cost": 4.51, "Total Cost": 3326.6, "Plan Rows": 70, "Plan Width": 12, "Inner Unique": false, "Plans": [{"Node Type": "Nested Loop", "Parent Relationship": "Outer", "Join Type": "Inner", "Startup Cost": 4.51, "Total Cost": 3315.63, "Plan Rows": 33, "Plan Width": 4, "Inner Unique": false, "Plans": [{"Node Type": "Index Scan", "Parent Relationship": "Outer", "Scan Direction": "Forward", "Index Name": "keyword_pkey", "Relation Name": "keyword", "Alias": "k", "Startup Cost": 0.0, "Total Cost": 3182.72, "Plan Rows": 1, "Plan Width": 4, "Filter": "((keyword)::text = 'character-name-in-title'::text)"}, {"Node Type": "Bitmap Heap Scan", "Parent Relationship": "Inner", "Relation Name": "movie_keyword", "Alias": "mk", "Startup Cost": 4.51, "Total Cost": 132.58, "Plan Rows": 33, "Plan Width": 8, "Recheck Cond": "(keyword_id = k.id)", "Plans": [{"Node Type": "Bitmap Index Scan", "Parent Relationship": "Outer", "Index Name": "keyword_id_movie_keyword", "Startup Cost": 0.0, "Total Cost": 4.5, "Plan Rows": 33, "Plan Width": 0, "Index Cond": "(keyword_id = k.id)"}]}]}, {"Node Type": "Index Scan", "Parent Relationship": "Inner", "Scan Direction": "Forward", "Index Name": "movie_id_movie_companies", "Relation Name": "movie_companies", "Alias": "mc", "Startup Cost": 0.0, "Total Cost": 0.31, "Plan Rows": 2, "Plan Width": 8, "Index Cond": "(movie_id = mk.movie_id)"}]}, {"Node Type": "Index Scan", "Parent Relationship": "Inner", "Scan Direction": "Forward", "Index Name": "company_name_pkey", "Relation Name": "company_name", "Alias": "cn", "Startup Cost": 0.0, "Total Cost": 0.28, "Plan Rows": 1, "Plan Width": 4, "Index Cond": "(id = mc.company_id)", "Filter": "((country_code)::text = '[nl]'::text)"}]}, {"Node Type": "Index Scan", "Parent Relationship": "Inner", "Scan Direction": "Forward", "Index Name": "title_pkey", "Relation Name": "title", "Alias": "t", "Startup Cost": 0.0, "Total Cost": 0.31, "Plan Rows": 1, "Plan Width": 21, "Index Cond": "(id = mk.movie_id)"}]}]}, "Unique SQL Id": 2804875951, "Planner Runtime": 3}, "explain_analyze_plan": {"Plan": {"Node Type": "Aggregate", "Strategy": "Plain", "Startup Cost": 3347.38, "Total Cost": 3347.39, "Plan Rows": 1, "Plan Width": 49, "Actual Startup Time": 1144.573, "Actual Total Time": 1144.573, "Actual Rows": 1, "Actual Loops": 1, "Plans": [{"Node Type": "Nested Loop", "Parent Relationship": "Outer", "Join Type": "Inner", "Startup Cost": 4.51, "Total Cost": 3347.38, "Plan Rows": 2, "Plan Width": 17, "Actual Startup Time": 13.303, "Actual Total Time": 1141.536, "Actual Rows": 5228, "Actual Loops": 1, "Inner Unique": true, "Join Filter": "(mc.movie_id = t.id)", "Rows Removed by Join Filter": 0, "Plans": [{"Node Type": "Nested Loop", "Parent Relationship": "Outer", "Join Type": "Inner", "Startup Cost": 4.51, "Total Cost": 3346.73, "Plan Rows": 2, "Plan Width": 8, "Actual Startup Time": 13.284, "Actual Total Time": 1112.719, "Actual Rows": 5228, "Actual Loops": 1, "Inner Unique": true, "Plans": [{"Node Type": "Nested Loop", "Parent Relationship": "Outer", "Join Type": "Inner", "Startup Cost": 4.51, "Total Cost": 3326.6, "Plan Rows": 70, "Plan Width": 12, "Actual Startup Time": 10.161, "Actual Total Time": 467.922, "Actual Rows": 148552, "Actual Loops": 1, "Inner Unique": false, "Plans": [{"Node Type": "Nested Loop", "Parent Relationship": "Outer", "Join Type": "Inner", "Startup Cost": 4.51, "Total Cost": 3315.63, "Plan Rows": 33, "Plan Width": 4, "Actual Startup Time": 10.133, "Actual Total Time": 176.342, "Actual Rows": 41840, "Actual Loops": 1, "Inner Unique": false, "Plans": [{"Node Type": "Index Scan", "Parent Relationship": "Outer", "Scan Direction": "Forward", "Index Name": "keyword_pkey", "Relation Name": "keyword", "Alias": "k", "Startup Cost": 0.0, "Total Cost": 3182.72, "Plan Rows": 1, "Plan Width": 4, "Actual Startup Time": 0.204, "Actual Total Time": 116.389, "Actual Rows": 1, "Actual Loops": 1, "Filter": "((keyword)::text = 'character-name-in-title'::text)", "Rows Removed by Filter": 134168}, {"Node Type": "Bitmap Heap Scan", "Parent Relationship": "Inner", "Relation Name": "movie_keyword", "Alias": "mk", "Startup Cost": 4.51, "Total Cost": 132.58, "Plan Rows": 33, "Plan Width": 8, "Actual Startup Time": 9.922, "Actual Total Time": 51.446, "Actual Rows": 41840, "Actual Loops": 1, "Recheck Cond": "(keyword_id = k.id)", "Rows Removed by Index Recheck": 0, "Exact Heap Blocks": 9702, "Lossy Heap Blocks": 9702, "Plans": [{"Node Type": "Bitmap Index Scan", "Parent Relationship": "Outer", "Index Name": "keyword_id_movie_keyword", "Startup Cost": 0.0, "Total Cost": 4.5, "Plan Rows": 33, "Plan Width": 0, "Actual Startup Time": 8.103, "Actual Total Time": 8.103, "Actual Rows": 41840, "Actual Loops": 1, "Index Cond": "(keyword_id = k.id)"}]}]}, {"Node Type": "Index Scan", "Parent Relationship": "Inner", "Scan Direction": "Forward", "Index Name": "movie_id_movie_companies", "Relation Name": "movie_companies", "Alias": "mc", "Startup Cost": 0.0, "Total Cost": 0.31, "Plan Rows": 2, "Plan Width": 8, "Actual Startup Time": 159.044, "Actual Total Time": 235.457, "Actual Rows": 148552, "Actual Loops": 41840, "Index Cond": "(movie_id = mk.movie_id)", "Rows Removed by Index Recheck": 0}]}, {"Node Type": "Index Scan", "Parent Relationship": "Inner", "Scan Direction": "Forward", "Index Name": "company_name_pkey", "Relation Name": "company_name", "Alias": "cn", "Startup Cost": 0.0, "Total Cost": 0.28, "Plan Rows": 1, "Plan Width": 4, "Actual Startup Time": 571.46, "Actual Total Time": 571.46, "Actual Rows": 5228, "Actual Loops": 148552, "Index Cond": "(id = mc.company_id)", "Rows Removed by Index Recheck": 0, "Filter": "((country_code)::text = '[nl]'::text)", "Rows Removed by Filter": 143324}]}, {"Node Type": "Index Scan", "Parent Relationship": "Inner", "Scan Direction": "Forward", "Index Name": "title_pkey", "Relation Name": "title", "Alias": "t", "Startup Cost": 0.0, "Total Cost": 0.31, "Plan Rows": 1, "Plan Width": 21, "Actual Startup Time": 23.224, "Actual Total Time": 23.224, "Actual Rows": 5228, "Actual Loops": 5228, "Index Cond": "(id = mk.movie_id)", "Rows Removed by Index Recheck": 0}]}]}, "Triggers": [], "Planner Runtime": 9.253, "Total Runtime": 1144.942, "Unique SQL Id": 2804875951}}, "(1, '34')": {"explain_plan": {"Plan": {"Node Type": "Aggregate", "Strategy": "Plain", "Startup Cost": 3019.97, "Total Cost": 3019.98, "Plan Rows": 1, "Plan Width": 49, "Plans": [{"Node Type": "Nested Loop", "Parent Relationship": "Outer", "Join Type": "Inner", "Startup Cost": 5.3, "Total Cost": 3019.97, "Plan Rows": 2, "Plan Width": 17, "Inner Unique": true, "Join Filter": "(mc.movie_id = t.id)", "Plans": [{"Node Type": "Nested Loop", "Parent Relationship": "Outer", "Join Type": "Inner", "Startup Cost": 5.04, "Total Cost": 3011.39, "Plan Rows": 2, "Plan Width": 8, "Inner Unique": true, "Plans": [{"Node Type": "Nested Loop", "Parent Relationship": "Outer", "Join Type": "Inner", "Startup Cost": 4.78, "Total Cost": 2711.55, "Plan Rows": 70, "Plan Width": 12, "Inner Unique": false, "Plans": [{"Node Type": "Nested Loop", "Parent Relationship": "Outer", "Join Type": "Inner", "Startup Cost": 4.51, "Total Cost": 2569.02, "Plan Rows": 33, "Plan Width": 4, "Inner Unique": false, "Plans": [{"Node Type": "Seq Scan", "Parent Relationship": "Outer", "Relation Name": "keyword", "Alias": "k", "Startup Cost": 0.0, "Total Cost": 2436.11, "Plan Rows": 1, "Plan Width": 4, "Filter": "((keyword)::text = 'character-name-in-title'::text)"}, {"Node Type": "Bitmap Heap Scan", "Parent Relationship": "Inner", "Relation Name": "movie_keyword", "Alias": "mk", "Startup Cost": 4.51, "Total Cost": 132.58, "Plan Rows": 33, "Plan Width": 8, "Recheck Cond": "(keyword_id = k.id)", "Plans": [{"Node Type": "Bitmap Index Scan", "Parent Relationship": "Outer", "Index Name": "keyword_id_movie_keyword", "Startup Cost": 0.0, "Total Cost": 4.5, "Plan Rows": 33, "Plan Width": 0, "Index Cond": "(keyword_id = k.id)"}]}]}, {"Node Type": "Bitmap Heap Scan", "Parent Relationship": "Inner", "Relation Name": "movie_companies", "Alias": "mc", "Startup Cost": 0.27, "Total Cost": 4.3, "Plan Rows": 2, "Plan Width": 8, "Recheck Cond": "(movie_id = mk.movie_id)", "Plans": [{"Node Type": "Bitmap Index Scan", "Parent Relationship": "Outer", "Index Name": "movie_id_movie_companies", "Startup Cost": 0.0, "Total Cost": 0.27, "Plan Rows": 2, "Plan Width": 0, "Index Cond": "(movie_id = mk.movie_id)"}]}]}, {"Node Type": "Bitmap Heap Scan", "Parent Relationship": "Inner", "Relation Name": "company_name", "Alias": "cn", "Startup Cost": 0.26, "Total Cost": 4.27, "Plan Rows": 1, "Plan Width": 4, "Recheck Cond": "(id = mc.company_id)", "Filter": "((country_code)::text = '[nl]'::text)", "Plans": [{"Node Type": "Bitmap Index Scan", "Parent Relationship": "Outer", "Index Name": "company_name_pkey", "Startup Cost": 0.0, "Total Cost": 0.26, "Plan Rows": 1, "Plan Width": 0, "Index Cond": "(id = mc.company_id)"}]}]}, {"Node Type": "Bitmap Heap Scan", "Parent Relationship": "Inner", "Relation Name": "title", "Alias": "t", "Startup Cost": 0.27, "Total Cost": 4.28, "Plan Rows": 1, "Plan Width": 21, "Recheck Cond": "(id = mk.movie_id)", "Plans": [{"Node Type": "Bitmap Index Scan", "Parent Relationship": "Outer", "Index Name": "title_pkey", "Startup Cost": 0.0, "Total Cost": 0.27, "Plan Rows": 1, "Plan Width": 0, "Index Cond": "(id = mk.movie_id)"}]}]}]}, "Unique SQL Id": 2804875951, "Planner Runtime": 4}, "explain_analyze_plan": {"Plan": {"Node Type": "Aggregate", "Strategy": "Plain", "Startup Cost": 3019.97, "Total Cost": 3019.98, "Plan Rows": 1, "Plan Width": 49, "Actual Startup Time": 1387.256, "Actual Total Time": 1387.257, "Actual Rows": 1, "Actual Loops": 1, "Plans": [{"Node Type": "Nested Loop", "Parent Relationship": "Outer", "Join Type": "Inner", "Startup Cost": 5.3, "Total Cost": 3019.97, "Plan Rows": 2, "Plan Width": 17, "Actual Startup Time": 15.885, "Actual Total Time": 1382.928, "Actual Rows": 5228, "Actual Loops": 1, "Inner Unique": true, "Join Filter": "(mc.movie_id = t.id)", "Rows Removed by Join Filter": 0, "Plans": [{"Node Type": "Nested Loop", "Parent Relationship": "Outer", "Join Type": "Inner", "Startup Cost": 5.04, "Total Cost": 3011.39, "Plan Rows": 2, "Plan Width": 8, "Actual Startup Time": 15.861, "Actual Total Time": 1346.204, "Actual Rows": 5228, "Actual Loops": 1, "Inner Unique": true, "Plans": [{"Node Type": "Nested Loop", "Parent Relationship": "Outer", "Join Type": "Inner", "Startup Cost": 4.78, "Total Cost": 2711.55, "Plan Rows": 70, "Plan Width": 12, "Actual Startup Time": 11.506, "Actual Total Time": 487.661, "Actual Rows": 148552, "Actual Loops": 1, "Inner Unique": false, "Plans": [{"Node Type": "Nested Loop", "Parent Relationship": "Outer", "Join Type": "Inner", "Startup Cost": 4.51, "Total Cost": 2569.02, "Plan Rows": 33, "Plan Width": 4, "Actual Startup Time": 11.467, "Actual Total Time": 97.589, "Actual Rows": 41840, "Actual Loops": 1, "Inner Unique": false, "Plans": [{"Node Type": "Seq Scan", "Parent Relationship": "Outer", "Relation Name": "keyword", "Alias": "k", "Startup Cost": 0.0, "Total Cost": 2436.11, "Plan Rows": 1, "Plan Width": 4, "Actual Startup Time": 1.835, "Actual Total Time": 40.613, "Actual Rows": 1, "Actual Loops": 1, "Filter": "((keyword)::text = 'character-name-in-title'::text)", "Rows Removed by Filter": 134168}, {"Node Type": "Bitmap Heap Scan", "Parent Relationship": "Inner", "Relation Name": "movie_keyword", "Alias": "mk", "Startup Cost": 4.51, "Total Cost": 132.58, "Plan Rows": 33, "Plan Width": 8, "Actual Startup Time": 9.627, "Actual Total Time": 47.321, "Actual Rows": 41840, "Actual Loops": 1, "Recheck Cond": "(keyword_id = k.id)", "Rows Removed by Index Recheck": 0, "Exact Heap Blocks": 9702, "Lossy Heap Blocks": 9702, "Plans": [{"Node Type": "Bitmap Index Scan", "Parent Relationship": "Outer", "Index Name": "keyword_id_movie_keyword", "Startup Cost": 0.0, "Total Cost": 4.5, "Plan Rows": 33, "Plan Width": 0, "Actual Startup Time": 7.876, "Actual Total Time": 7.876, "Actual Rows": 41840, "Actual Loops": 1, "Index Cond": "(keyword_id = k.id)"}]}]}, {"Node Type": "Bitmap Heap Scan", "Parent Relationship": "Inner", "Relation Name": "movie_companies", "Alias": "mc", "Startup Cost": 0.27, "Total Cost": 4.3, "Plan Rows": 2, "Plan Width": 8, "Actual Startup Time": 249.986, "Actual Total Time": 306.048, "Actual Rows": 148552, "Actual Loops": 41840, "Recheck Cond": "(movie_id = mk.movie_id)", "Rows Removed by Index Recheck": 0, "Exact Heap Blocks": 62638, "Lossy Heap Blocks": 62638, "Plans": [{"Node Type": "Bitmap Index Scan", "Parent Relationship": "Outer", "Index Name": "movie_id_movie_companies", "Startup Cost": 0.0, "Total Cost": 0.27, "Plan Rows": 2, "Plan Width": 0, "Actual Startup Time": 154.185, "Actual Total Time": 154.185, "Actual Rows": 148552, "Actual Loops": 41840, "Index Cond": "(movie_id = mk.movie_id)"}]}]}, {"Node Type": "Bitmap Heap Scan", "Parent Relationship": "Inner", "Relation Name": "company_name", "Alias": "cn", "Startup Cost": 0.26, "Total Cost": 4.27, "Plan Rows": 1, "Plan Width": 4, "Actual Startup Time": 692.747, "Actual Total Time": 692.747, "Actual Rows": 5228, "Actual Loops": 148552, "Recheck Cond": "(id = mc.company_id)", "Rows Removed by Index Recheck": 0, "Filter": "((country_code)::text = '[nl]'::text)", "Rows Removed by Filter": 143324, "Exact Heap Blocks": 148552, "Lossy Heap Blocks": 148552, "Plans": [{"Node Type": "Bitmap Index Scan", "Parent Relationship": "Outer", "Index Name": "company_name_pkey", "Startup Cost": 0.0, "Total Cost": 0.26, "Plan Rows": 1, "Plan Width": 0, "Actual Startup Time": 381.81, "Actual Total Time": 381.81, "Actual Rows": 148552, "Actual Loops": 148552, "Index Cond": "(id = mc.company_id)"}]}]}, {"Node Type": "Bitmap Heap Scan", "Parent Relationship": "Inner", "Relation Name": "title", "Alias": "t", "Startup Cost": 0.27, "Total Cost": 4.28, "Plan Rows": 1, "Plan Width": 21, "Actual Startup Time": 27.63, "Actual Total Time": 27.63, "Actual Rows": 5228, "Actual Loops": 5228, "Recheck Cond": "(id = mk.movie_id)", "Rows Removed by Index Recheck": 0, "Exact Heap Blocks": 5228, "Lossy Heap Blocks": 5228, "Plans": [{"Node Type": "Bitmap Index Scan", "Parent Relationship": "Outer", "Index Name": "title_pkey", "Startup Cost": 0.0, "Total Cost": 0.27, "Plan Rows": 1, "Plan Width": 0, "Actual Startup Time": 16.841, "Actual Total Time": 16.841, "Actual Rows": 5228, "Actual Loops": 5228, "Index Cond": "(id = mk.movie_id)"}]}]}]}, "Triggers": [], "Planner Runtime": 9.24, "Total Runtime": 1387.727, "Unique SQL Id": 2804875951}}, "(1, '35')": {"explain_plan": {"Plan": {"Node Type": "Aggregate", "Strategy": "Plain", "Startup Cost": 1000025545541.31, "Total Cost": 1000025545541.32, "Plan Rows": 1, "Plan Width": 49, "Plans": [{"Node Type": "Nested Loop", "Parent Relationship": "Outer", "Join Type": "Inner", "Startup Cost": 10000000001.12, "Total Cost": 1000025545541.31, "Plan Rows": 2, "Plan Width": 17, "Inner Unique": true, "Join Filter": "(mc.movie_id = t.id)", "Plans": [{"Node Type": "Nested Loop", "Parent Relationship": "Outer", "Join Type": "Inner", "Startup Cost": 10000000000.85, "Total Cost": 1000025545532.73, "Plan Rows": 2, "Plan Width": 8, "Inner Unique": true, "Plans": [{"Node Type": "Nested Loop", "Parent Relationship": "Outer", "Join Type": "Inner", "Startup Cost": 10000000000.6, "Total Cost": 1000024380163.58, "Plan Rows": 272107, "Plan Width": 12, "Inner Unique": false, "Plans": [{"Node Type": "Nested Loop", "Parent Relationship": "Outer", "Join Type": "Inner", "Startup Cost": 10000000000.26, "Total Cost": 1000024227793.07, "Plan Rows": 33725, "Plan Width": 4, "Inner Unique": true, "Plans": [{"Node Type": "Index Scan", "Parent Relationship": "Outer", "Scan Direction": "Forward", "Index Name": "movie_id_movie_companies", "Relation Name": "movie_companies", "Alias": "mc", "Startup Cost": 10000000000.0, "Total Cost": 1000013051946.13, "Plan Rows": 2609128, "Plan Width": 8}, {"Node Type": "Bitmap Heap Scan", "Parent Relationship": "Inner", "Relation Name": "company_name", "Alias": "cn", "Startup Cost": 0.26, "Total Cost": 4.27, "Plan Rows": 1, "Plan Width": 4, "Recheck Cond": "(id = mc.company_id)", "Filter": "((country_code)::text = '[nl]'::text)", "Plans": [{"Node Type": "Bitmap Index Scan", "Parent Relationship": "Outer", "Index Name": "company_name_pkey", "Startup Cost": 0.0, "Total Cost": 0.26, "Plan Rows": 1, "Plan Width": 0, "Index Cond": "(id = mc.company_id)"}]}]}, {"Node Type": "Bitmap Heap Scan", "Parent Relationship": "Inner", "Relation Name": "movie_keyword", "Alias": "mk", "Startup Cost": 0.34, "Total Cost": 4.44, "Plan Rows": 8, "Plan Width": 8, "Recheck Cond": "(movie_id = mc.movie_id)", "Plans": [{"Node Type": "Bitmap Index Scan", "Parent Relationship": "Outer", "Index Name": "movie_id_movie_keyword", "Startup Cost": 0.0, "Total Cost": 0.34, "Plan Rows": 8, "Plan Width": 0, "Index Cond": "(movie_id = mc.movie_id)"}]}]}, {"Node Type": "Bitmap Heap Scan", "Parent Relationship": "Inner", "Relation Name": "keyword", "Alias": "k", "Startup Cost": 0.26, "Total Cost": 4.27, "Plan Rows": 1, "Plan Width": 4, "Recheck Cond": "(id = mk.keyword_id)", "Filter": "((keyword)::text = 'character-name-in-title'::text)", "Plans": [{"Node Type": "Bitmap Index Scan", "Parent Relationship": "Outer", "Index Name": "keyword_pkey", "Startup Cost": 0.0, "Total Cost": 0.26, "Plan Rows": 1, "Plan Width": 0, "Index Cond": "(id = mk.keyword_id)"}]}]}, {"Node Type": "Bitmap Heap Scan", "Parent Relationship": "Inner", "Relation Name": "title", "Alias": "t", "Startup Cost": 0.27, "Total Cost": 4.28, "Plan Rows": 1, "Plan Width": 21, "Recheck Cond": "(id = mk.movie_id)", "Plans": [{"Node Type": "Bitmap Index Scan", "Parent Relationship": "Outer", "Index Name": "title_pkey", "Startup Cost": 0.0, "Total Cost": 0.27, "Plan Rows": 1, "Plan Width": 0, "Index Cond": "(id = mk.movie_id)"}]}]}]}, "Unique SQL Id": 2804875951, "Planner Runtime": 1}, "explain_analyze_plan": null}, "(1, '36')": {"explain_plan": {"Plan": {"Node Type": "Aggregate", "Strategy": "Plain", "Startup Cost": 2600.78, "Total Cost": 2600.79, "Plan Rows": 1, "Plan Width": 49, "Plans": [{"Node Type": "Nested Loop", "Parent Relationship": "Outer", "Join Type": "Inner", "Startup Cost": 4.51, "Total Cost": 2600.77, "Plan Rows": 2, "Plan Width": 17, "Inner Unique": true, "Join Filter": "(mc.movie_id = t.id)", "Plans": [{"Node Type": "Nested Loop", "Parent Relationship": "Outer", "Join Type": "Inner", "Startup Cost": 4.51, "Total Cost": 2600.13, "Plan Rows": 2, "Plan Width": 8, "Inner Unique": true, "Plans": [{"Node Type": "Nested Loop", "Parent Relationship": "Outer", "Join Type": "Inner", "Startup Cost": 4.51, "Total Cost": 2579.99, "Plan Rows": 70, "Plan Width": 12, "Inner Unique": false, "Plans": [{"Node Type": "Nested Loop", "Parent Relationship": "Outer", "Join Type": "Inner", "Startup Cost": 4.51, "Total Cost": 2569.02, "Plan Rows": 33, "Plan Width": 4, "Inner Unique": false, "Plans": [{"Node Type": "Seq Scan", "Parent Relationship": "Outer", "Relation Name": "keyword", "Alias": "k", "Startup Cost": 0.0, "Total Cost": 2436.11, "Plan Rows": 1, "Plan Width": 4, "Filter": "((keyword)::text = 'character-name-in-title'::text)"}, {"Node Type": "Bitmap Heap Scan", "Parent Relationship": "Inner", "Relation Name": "movie_keyword", "Alias": "mk", "Startup Cost": 4.51, "Total Cost": 132.58, "Plan Rows": 33, "Plan Width": 8, "Recheck Cond": "(keyword_id = k.id)", "Plans": [{"Node Type": "Bitmap Index Scan", "Parent Relationship": "Outer", "Index Name": "keyword_id_movie_keyword", "Startup Cost": 0.0, "Total Cost": 4.5, "Plan Rows": 33, "Plan Width": 0, "Index Cond": "(keyword_id = k.id)"}]}]}, {"Node Type": "Index Scan", "Parent Relationship": "Inner", "Scan Direction": "Forward", "Index Name": "movie_id_movie_companies", "Relation Name": "movie_companies", "Alias": "mc", "Startup Cost": 0.0, "Total Cost": 0.31, "Plan Rows": 2, "Plan Width": 8, "Index Cond": "(movie_id = mk.movie_id)"}]}, {"Node Type": "Index Scan", "Parent Relationship": "Inner", "Scan Direction": "Forward", "Index Name": "company_name_pkey", "Relation Name": "company_name", "Alias": "cn", "Startup Cost": 0.0, "Total Cost": 0.28, "Plan Rows": 1, "Plan Width": 4, "Index Cond": "(id = mc.company_id)", "Filter": "((country_code)::text = '[nl]'::text)"}]}, {"Node Type": "Index Scan", "Parent Relationship": "Inner", "Scan Direction": "Forward", "Index Name": "title_pkey", "Relation Name": "title", "Alias": "t", "Startup Cost": 0.0, "Total Cost": 0.31, "Plan Rows": 1, "Plan Width": 21, "Index Cond": "(id = mk.movie_id)"}]}]}, "Unique SQL Id": 2804875951, "Planner Runtime": 3}, "explain_analyze_plan": {"Plan": {"Node Type": "Aggregate", "Strategy": "Plain", "Startup Cost": 2600.78, "Total Cost": 2600.79, "Plan Rows": 1, "Plan Width": 49, "Actual Startup Time": 1030.503, "Actual Total Time": 1030.504, "Actual Rows": 1, "Actual Loops": 1, "Plans": [{"Node Type": "Nested Loop", "Parent Relationship": "Outer", "Join Type": "Inner", "Startup Cost": 4.51, "Total Cost": 2600.77, "Plan Rows": 2, "Plan Width": 17, "Actual Startup Time": 12.804, "Actual Total Time": 1027.312, "Actual Rows": 5228, "Actual Loops": 1, "Inner Unique": true, "Join Filter": "(mc.movie_id = t.id)", "Rows Removed by Join Filter": 0, "Plans": [{"Node Type": "Nested Loop", "Parent Relationship": "Outer", "Join Type": "Inner", "Startup Cost": 4.51, "Total Cost": 2600.13, "Plan Rows": 2, "Plan Width": 8, "Actual Startup Time": 12.789, "Actual Total Time": 999.562, "Actual Rows": 5228, "Actual Loops": 1, "Inner Unique": true, "Plans": [{"Node Type": "Nested Loop", "Parent Relationship": "Outer", "Join Type": "Inner", "Startup Cost": 4.51, "Total Cost": 2579.99, "Plan Rows": 70, "Plan Width": 12, "Actual Startup Time": 9.902, "Actual Total Time": 379.592, "Actual Rows": 148552, "Actual Loops": 1, "Inner Unique": false, "Plans": [{"Node Type": "Nested Loop", "Parent Relationship": "Outer", "Join Type": "Inner", "Startup Cost": 4.51, "Total Cost": 2569.02, "Plan Rows": 33, "Plan Width": 4, "Actual Startup Time": 9.868, "Actual Total Time": 99.354, "Actual Rows": 41840, "Actual Loops": 1, "Inner Unique": false, "Plans": [{"Node Type": "Seq Scan", "Parent Relationship": "Outer", "Relation Name": "keyword", "Alias": "k", "Startup Cost": 0.0, "Total Cost": 2436.11, "Plan Rows": 1, "Plan Width": 4, "Actual Startup Time": 1.773, "Actual Total Time": 43.194, "Actual Rows": 1, "Actual Loops": 1, "Filter": "((keyword)::text = 'character-name-in-title'::text)", "Rows Removed by Filter": 134168}, {"Node Type": "Bitmap Heap Scan", "Parent Relationship": "Inner", "Relation Name": "movie_keyword", "Alias": "mk", "Startup Cost": 4.51, "Total Cost": 132.58, "Plan Rows": 33, "Plan Width": 8, "Actual Startup Time": 8.084, "Actual Total Time": 47.664, "Actual Rows": 41840, "Actual Loops": 1, "Recheck Cond": "(keyword_id = k.id)", "Rows Removed by Index Recheck": 0, "Exact Heap Blocks": 9702, "Lossy Heap Blocks": 9702, "Plans": [{"Node Type": "Bitmap Index Scan", "Parent Relationship": "Outer", "Index Name": "keyword_id_movie_keyword", "Startup Cost": 0.0, "Total Cost": 4.5, "Plan Rows": 33, "Plan Width": 0, "Actual Startup Time": 6.347, "Actual Total Time": 6.347, "Actual Rows": 41840, "Actual Loops": 1, "Index Cond": "(keyword_id = k.id)"}]}]}, {"Node Type": "Index Scan", "Parent Relationship": "Inner", "Scan Direction": "Forward", "Index Name": "movie_id_movie_companies", "Relation Name": "movie_companies", "Alias": "mc", "Startup Cost": 0.0, "Total Cost": 0.31, "Plan Rows": 2, "Plan Width": 8, "Actual Startup Time": 150.532, "Actual Total Time": 224.079, "Actual Rows": 148552, "Actual Loops": 41840, "Index Cond": "(movie_id = mk.movie_id)", "Rows Removed by Index Recheck": 0}]}, {"Node Type": "Index Scan", "Parent Relationship": "Inner", "Scan Direction": "Forward", "Index Name": "company_name_pkey", "Relation Name": "company_name", "Alias": "cn", "Startup Cost": 0.0, "Total Cost": 0.28, "Plan Rows": 1, "Plan Width": 4, "Actual Startup Time": 548.003, "Actual Total Time": 548.003, "Actual Rows": 5228, "Actual Loops": 148552, "Index Cond": "(id = mc.company_id)", "Rows Removed by Index Recheck": 0, "Filter": "((country_code)::text = '[nl]'::text)", "Rows Removed by Filter": 143324}]}, {"Node Type": "Index Scan", "Parent Relationship": "Inner", "Scan Direction": "Forward", "Index Name": "title_pkey", "Relation Name": "title", "Alias": "t", "Startup Cost": 0.0, "Total Cost": 0.31, "Plan Rows": 1, "Plan Width": 21, "Actual Startup Time": 21.778, "Actual Total Time": 21.778, "Actual Rows": 5228, "Actual Loops": 5228, "Index Cond": "(id = mk.movie_id)", "Rows Removed by Index Recheck": 0}]}]}, "Triggers": [], "Planner Runtime": 9.476, "Total Runtime": 1030.831, "Unique SQL Id": 2804875951}}, "(1, '37')": {"explain_plan": {"Plan": {"Node Type": "Aggregate", "Strategy": "Plain", "Startup Cost": 3347.38, "Total Cost": 3347.39, "Plan Rows": 1, "Plan Width": 49, "Plans": [{"Node Type": "Nested Loop", "Parent Relationship": "Outer", "Join Type": "Inner", "Startup Cost": 4.51, "Total Cost": 3347.38, "Plan Rows": 2, "Plan Width": 17, "Inner Unique": true, "Join Filter": "(mc.movie_id = t.id)", "Plans": [{"Node Type": "Nested Loop", "Parent Relationship": "Outer", "Join Type": "Inner", "Startup Cost": 4.51, "Total Cost": 3346.73, "Plan Rows": 2, "Plan Width": 8, "Inner Unique": true, "Plans": [{"Node Type": "Nested Loop", "Parent Relationship": "Outer", "Join Type": "Inner", "Startup Cost": 4.51, "Total Cost": 3326.6, "Plan Rows": 70, "Plan Width": 12, "Inner Unique": false, "Plans": [{"Node Type": "Nested Loop", "Parent Relationship": "Outer", "Join Type": "Inner", "Startup Cost": 4.51, "Total Cost": 3315.63, "Plan Rows": 33, "Plan Width": 4, "Inner Unique": false, "Plans": [{"Node Type": "Index Scan", "Parent Relationship": "Outer", "Scan Direction": "Forward", "Index Name": "keyword_pkey", "Relation Name": "keyword", "Alias": "k", "Startup Cost": 0.0, "Total Cost": 3182.72, "Plan Rows": 1, "Plan Width": 4, "Filter": "((keyword)::text = 'character-name-in-title'::text)"}, {"Node Type": "Bitmap Heap Scan", "Parent Relationship": "Inner", "Relation Name": "movie_keyword", "Alias": "mk", "Startup Cost": 4.51, "Total Cost": 132.58, "Plan Rows": 33, "Plan Width": 8, "Recheck Cond": "(keyword_id = k.id)", "Plans": [{"Node Type": "Bitmap Index Scan", "Parent Relationship": "Outer", "Index Name": "keyword_id_movie_keyword", "Startup Cost": 0.0, "Total Cost": 4.5, "Plan Rows": 33, "Plan Width": 0, "Index Cond": "(keyword_id = k.id)"}]}]}, {"Node Type": "Index Scan", "Parent Relationship": "Inner", "Scan Direction": "Forward", "Index Name": "movie_id_movie_companies", "Relation Name": "movie_companies", "Alias": "mc", "Startup Cost": 0.0, "Total Cost": 0.31, "Plan Rows": 2, "Plan Width": 8, "Index Cond": "(movie_id = mk.movie_id)"}]}, {"Node Type": "Index Scan", "Parent Relationship": "Inner", "Scan Direction": "Forward", "Index Name": "company_name_pkey", "Relation Name": "company_name", "Alias": "cn", "Startup Cost": 0.0, "Total Cost": 0.28, "Plan Rows": 1, "Plan Width": 4, "Index Cond": "(id = mc.company_id)", "Filter": "((country_code)::text = '[nl]'::text)"}]}, {"Node Type": "Index Scan", "Parent Relationship": "Inner", "Scan Direction": "Forward", "Index Name": "title_pkey", "Relation Name": "title", "Alias": "t", "Startup Cost": 0.0, "Total Cost": 0.31, "Plan Rows": 1, "Plan Width": 21, "Index Cond": "(id = mk.movie_id)"}]}]}, "Unique SQL Id": 2804875951, "Planner Runtime": 3}, "explain_analyze_plan": {"Plan": {"Node Type": "Aggregate", "Strategy": "Plain", "Startup Cost": 3347.38, "Total Cost": 3347.39, "Plan Rows": 1, "Plan Width": 49, "Actual Startup Time": 1144.573, "Actual Total Time": 1144.573, "Actual Rows": 1, "Actual Loops": 1, "Plans": [{"Node Type": "Nested Loop", "Parent Relationship": "Outer", "Join Type": "Inner", "Startup Cost": 4.51, "Total Cost": 3347.38, "Plan Rows": 2, "Plan Width": 17, "Actual Startup Time": 13.303, "Actual Total Time": 1141.536, "Actual Rows": 5228, "Actual Loops": 1, "Inner Unique": true, "Join Filter": "(mc.movie_id = t.id)", "Rows Removed by Join Filter": 0, "Plans": [{"Node Type": "Nested Loop", "Parent Relationship": "Outer", "Join Type": "Inner", "Startup Cost": 4.51, "Total Cost": 3346.73, "Plan Rows": 2, "Plan Width": 8, "Actual Startup Time": 13.284, "Actual Total Time": 1112.719, "Actual Rows": 5228, "Actual Loops": 1, "Inner Unique": true, "Plans": [{"Node Type": "Nested Loop", "Parent Relationship": "Outer", "Join Type": "Inner", "Startup Cost": 4.51, "Total Cost": 3326.6, "Plan Rows": 70, "Plan Width": 12, "Actual Startup Time": 10.161, "Actual Total Time": 467.922, "Actual Rows": 148552, "Actual Loops": 1, "Inner Unique": false, "Plans": [{"Node Type": "Nested Loop", "Parent Relationship": "Outer", "Join Type": "Inner", "Startup Cost": 4.51, "Total Cost": 3315.63, "Plan Rows": 33, "Plan Width": 4, "Actual Startup Time": 10.133, "Actual Total Time": 176.342, "Actual Rows": 41840, "Actual Loops": 1, "Inner Unique": false, "Plans": [{"Node Type": "Index Scan", "Parent Relationship": "Outer", "Scan Direction": "Forward", "Index Name": "keyword_pkey", "Relation Name": "keyword", "Alias": "k", "Startup Cost": 0.0, "Total Cost": 3182.72, "Plan Rows": 1, "Plan Width": 4, "Actual Startup Time": 0.204, "Actual Total Time": 116.389, "Actual Rows": 1, "Actual Loops": 1, "Filter": "((keyword)::text = 'character-name-in-title'::text)", "Rows Removed by Filter": 134168}, {"Node Type": "Bitmap Heap Scan", "Parent Relationship": "Inner", "Relation Name": "movie_keyword", "Alias": "mk", "Startup Cost": 4.51, "Total Cost": 132.58, "Plan Rows": 33, "Plan Width": 8, "Actual Startup Time": 9.922, "Actual Total Time": 51.446, "Actual Rows": 41840, "Actual Loops": 1, "Recheck Cond": "(keyword_id = k.id)", "Rows Removed by Index Recheck": 0, "Exact Heap Blocks": 9702, "Lossy Heap Blocks": 9702, "Plans": [{"Node Type": "Bitmap Index Scan", "Parent Relationship": "Outer", "Index Name": "keyword_id_movie_keyword", "Startup Cost": 0.0, "Total Cost": 4.5, "Plan Rows": 33, "Plan Width": 0, "Actual Startup Time": 8.103, "Actual Total Time": 8.103, "Actual Rows": 41840, "Actual Loops": 1, "Index Cond": "(keyword_id = k.id)"}]}]}, {"Node Type": "Index Scan", "Parent Relationship": "Inner", "Scan Direction": "Forward", "Index Name": "movie_id_movie_companies", "Relation Name": "movie_companies", "Alias": "mc", "Startup Cost": 0.0, "Total Cost": 0.31, "Plan Rows": 2, "Plan Width": 8, "Actual Startup Time": 159.044, "Actual Total Time": 235.457, "Actual Rows": 148552, "Actual Loops": 41840, "Index Cond": "(movie_id = mk.movie_id)", "Rows Removed by Index Recheck": 0}]}, {"Node Type": "Index Scan", "Parent Relationship": "Inner", "Scan Direction": "Forward", "Index Name": "company_name_pkey", "Relation Name": "company_name", "Alias": "cn", "Startup Cost": 0.0, "Total Cost": 0.28, "Plan Rows": 1, "Plan Width": 4, "Actual Startup Time": 571.46, "Actual Total Time": 571.46, "Actual Rows": 5228, "Actual Loops": 148552, "Index Cond": "(id = mc.company_id)", "Rows Removed by Index Recheck": 0, "Filter": "((country_code)::text = '[nl]'::text)", "Rows Removed by Filter": 143324}]}, {"Node Type": "Index Scan", "Parent Relationship": "Inner", "Scan Direction": "Forward", "Index Name": "title_pkey", "Relation Name": "title", "Alias": "t", "Startup Cost": 0.0, "Total Cost": 0.31, "Plan Rows": 1, "Plan Width": 21, "Actual Startup Time": 23.224, "Actual Total Time": 23.224, "Actual Rows": 5228, "Actual Loops": 5228, "Index Cond": "(id = mk.movie_id)", "Rows Removed by Index Recheck": 0}]}]}, "Triggers": [], "Planner Runtime": 9.253, "Total Runtime": 1144.942, "Unique SQL Id": 2804875951}}, "(1, '38')": {"explain_plan": {"Plan": {"Node Type": "Aggregate", "Strategy": "Plain", "Startup Cost": 3019.97, "Total Cost": 3019.98, "Plan Rows": 1, "Plan Width": 49, "Plans": [{"Node Type": "Nested Loop", "Parent Relationship": "Outer", "Join Type": "Inner", "Startup Cost": 5.3, "Total Cost": 3019.97, "Plan Rows": 2, "Plan Width": 17, "Inner Unique": true, "Join Filter": "(mc.movie_id = t.id)", "Plans": [{"Node Type": "Nested Loop", "Parent Relationship": "Outer", "Join Type": "Inner", "Startup Cost": 5.04, "Total Cost": 3011.39, "Plan Rows": 2, "Plan Width": 8, "Inner Unique": true, "Plans": [{"Node Type": "Nested Loop", "Parent Relationship": "Outer", "Join Type": "Inner", "Startup Cost": 4.78, "Total Cost": 2711.55, "Plan Rows": 70, "Plan Width": 12, "Inner Unique": false, "Plans": [{"Node Type": "Nested Loop", "Parent Relationship": "Outer", "Join Type": "Inner", "Startup Cost": 4.51, "Total Cost": 2569.02, "Plan Rows": 33, "Plan Width": 4, "Inner Unique": false, "Plans": [{"Node Type": "Seq Scan", "Parent Relationship": "Outer", "Relation Name": "keyword", "Alias": "k", "Startup Cost": 0.0, "Total Cost": 2436.11, "Plan Rows": 1, "Plan Width": 4, "Filter": "((keyword)::text = 'character-name-in-title'::text)"}, {"Node Type": "Bitmap Heap Scan", "Parent Relationship": "Inner", "Relation Name": "movie_keyword", "Alias": "mk", "Startup Cost": 4.51, "Total Cost": 132.58, "Plan Rows": 33, "Plan Width": 8, "Recheck Cond": "(keyword_id = k.id)", "Plans": [{"Node Type": "Bitmap Index Scan", "Parent Relationship": "Outer", "Index Name": "keyword_id_movie_keyword", "Startup Cost": 0.0, "Total Cost": 4.5, "Plan Rows": 33, "Plan Width": 0, "Index Cond": "(keyword_id = k.id)"}]}]}, {"Node Type": "Bitmap Heap Scan", "Parent Relationship": "Inner", "Relation Name": "movie_companies", "Alias": "mc", "Startup Cost": 0.27, "Total Cost": 4.3, "Plan Rows": 2, "Plan Width": 8, "Recheck Cond": "(movie_id = mk.movie_id)", "Plans": [{"Node Type": "Bitmap Index Scan", "Parent Relationship": "Outer", "Index Name": "movie_id_movie_companies", "Startup Cost": 0.0, "Total Cost": 0.27, "Plan Rows": 2, "Plan Width": 0, "Index Cond": "(movie_id = mk.movie_id)"}]}]}, {"Node Type": "Bitmap Heap Scan", "Parent Relationship": "Inner", "Relation Name": "company_name", "Alias": "cn", "Startup Cost": 0.26, "Total Cost": 4.27, "Plan Rows": 1, "Plan Width": 4, "Recheck Cond": "(id = mc.company_id)", "Filter": "((country_code)::text = '[nl]'::text)", "Plans": [{"Node Type": "Bitmap Index Scan", "Parent Relationship": "Outer", "Index Name": "company_name_pkey", "Startup Cost": 0.0, "Total Cost": 0.26, "Plan Rows": 1, "Plan Width": 0, "Index Cond": "(id = mc.company_id)"}]}]}, {"Node Type": "Bitmap Heap Scan", "Parent Relationship": "Inner", "Relation Name": "title", "Alias": "t", "Startup Cost": 0.27, "Total Cost": 4.28, "Plan Rows": 1, "Plan Width": 21, "Recheck Cond": "(id = mk.movie_id)", "Plans": [{"Node Type": "Bitmap Index Scan", "Parent Relationship": "Outer", "Index Name": "title_pkey", "Startup Cost": 0.0, "Total Cost": 0.27, "Plan Rows": 1, "Plan Width": 0, "Index Cond": "(id = mk.movie_id)"}]}]}]}, "Unique SQL Id": 2804875951, "Planner Runtime": 4}, "explain_analyze_plan": {"Plan": {"Node Type": "Aggregate", "Strategy": "Plain", "Startup Cost": 3019.97, "Total Cost": 3019.98, "Plan Rows": 1, "Plan Width": 49, "Actual Startup Time": 1387.256, "Actual Total Time": 1387.257, "Actual Rows": 1, "Actual Loops": 1, "Plans": [{"Node Type": "Nested Loop", "Parent Relationship": "Outer", "Join Type": "Inner", "Startup Cost": 5.3, "Total Cost": 3019.97, "Plan Rows": 2, "Plan Width": 17, "Actual Startup Time": 15.885, "Actual Total Time": 1382.928, "Actual Rows": 5228, "Actual Loops": 1, "Inner Unique": true, "Join Filter": "(mc.movie_id = t.id)", "Rows Removed by Join Filter": 0, "Plans": [{"Node Type": "Nested Loop", "Parent Relationship": "Outer", "Join Type": "Inner", "Startup Cost": 5.04, "Total Cost": 3011.39, "Plan Rows": 2, "Plan Width": 8, "Actual Startup Time": 15.861, "Actual Total Time": 1346.204, "Actual Rows": 5228, "Actual Loops": 1, "Inner Unique": true, "Plans": [{"Node Type": "Nested Loop", "Parent Relationship": "Outer", "Join Type": "Inner", "Startup Cost": 4.78, "Total Cost": 2711.55, "Plan Rows": 70, "Plan Width": 12, "Actual Startup Time": 11.506, "Actual Total Time": 487.661, "Actual Rows": 148552, "Actual Loops": 1, "Inner Unique": false, "Plans": [{"Node Type": "Nested Loop", "Parent Relationship": "Outer", "Join Type": "Inner", "Startup Cost": 4.51, "Total Cost": 2569.02, "Plan Rows": 33, "Plan Width": 4, "Actual Startup Time": 11.467, "Actual Total Time": 97.589, "Actual Rows": 41840, "Actual Loops": 1, "Inner Unique": false, "Plans": [{"Node Type": "Seq Scan", "Parent Relationship": "Outer", "Relation Name": "keyword", "Alias": "k", "Startup Cost": 0.0, "Total Cost": 2436.11, "Plan Rows": 1, "Plan Width": 4, "Actual Startup Time": 1.835, "Actual Total Time": 40.613, "Actual Rows": 1, "Actual Loops": 1, "Filter": "((keyword)::text = 'character-name-in-title'::text)", "Rows Removed by Filter": 134168}, {"Node Type": "Bitmap Heap Scan", "Parent Relationship": "Inner", "Relation Name": "movie_keyword", "Alias": "mk", "Startup Cost": 4.51, "Total Cost": 132.58, "Plan Rows": 33, "Plan Width": 8, "Actual Startup Time": 9.627, "Actual Total Time": 47.321, "Actual Rows": 41840, "Actual Loops": 1, "Recheck Cond": "(keyword_id = k.id)", "Rows Removed by Index Recheck": 0, "Exact Heap Blocks": 9702, "Lossy Heap Blocks": 9702, "Plans": [{"Node Type": "Bitmap Index Scan", "Parent Relationship": "Outer", "Index Name": "keyword_id_movie_keyword", "Startup Cost": 0.0, "Total Cost": 4.5, "Plan Rows": 33, "Plan Width": 0, "Actual Startup Time": 7.876, "Actual Total Time": 7.876, "Actual Rows": 41840, "Actual Loops": 1, "Index Cond": "(keyword_id = k.id)"}]}]}, {"Node Type": "Bitmap Heap Scan", "Parent Relationship": "Inner", "Relation Name": "movie_companies", "Alias": "mc", "Startup Cost": 0.27, "Total Cost": 4.3, "Plan Rows": 2, "Plan Width": 8, "Actual Startup Time": 249.986, "Actual Total Time": 306.048, "Actual Rows": 148552, "Actual Loops": 41840, "Recheck Cond": "(movie_id = mk.movie_id)", "Rows Removed by Index Recheck": 0, "Exact Heap Blocks": 62638, "Lossy Heap Blocks": 62638, "Plans": [{"Node Type": "Bitmap Index Scan", "Parent Relationship": "Outer", "Index Name": "movie_id_movie_companies", "Startup Cost": 0.0, "Total Cost": 0.27, "Plan Rows": 2, "Plan Width": 0, "Actual Startup Time": 154.185, "Actual Total Time": 154.185, "Actual Rows": 148552, "Actual Loops": 41840, "Index Cond": "(movie_id = mk.movie_id)"}]}]}, {"Node Type": "Bitmap Heap Scan", "Parent Relationship": "Inner", "Relation Name": "company_name", "Alias": "cn", "Startup Cost": 0.26, "Total Cost": 4.27, "Plan Rows": 1, "Plan Width": 4, "Actual Startup Time": 692.747, "Actual Total Time": 692.747, "Actual Rows": 5228, "Actual Loops": 148552, "Recheck Cond": "(id = mc.company_id)", "Rows Removed by Index Recheck": 0, "Filter": "((country_code)::text = '[nl]'::text)", "Rows Removed by Filter": 143324, "Exact Heap Blocks": 148552, "Lossy Heap Blocks": 148552, "Plans": [{"Node Type": "Bitmap Index Scan", "Parent Relationship": "Outer", "Index Name": "company_name_pkey", "Startup Cost": 0.0, "Total Cost": 0.26, "Plan Rows": 1, "Plan Width": 0, "Actual Startup Time": 381.81, "Actual Total Time": 381.81, "Actual Rows": 148552, "Actual Loops": 148552, "Index Cond": "(id = mc.company_id)"}]}]}, {"Node Type": "Bitmap Heap Scan", "Parent Relationship": "Inner", "Relation Name": "title", "Alias": "t", "Startup Cost": 0.27, "Total Cost": 4.28, "Plan Rows": 1, "Plan Width": 21, "Actual Startup Time": 27.63, "Actual Total Time": 27.63, "Actual Rows": 5228, "Actual Loops": 5228, "Recheck Cond": "(id = mk.movie_id)", "Rows Removed by Index Recheck": 0, "Exact Heap Blocks": 5228, "Lossy Heap Blocks": 5228, "Plans": [{"Node Type": "Bitmap Index Scan", "Parent Relationship": "Outer", "Index Name": "title_pkey", "Startup Cost": 0.0, "Total Cost": 0.27, "Plan Rows": 1, "Plan Width": 0, "Actual Startup Time": 16.841, "Actual Total Time": 16.841, "Actual Rows": 5228, "Actual Loops": 5228, "Index Cond": "(id = mk.movie_id)"}]}]}]}, "Triggers": [], "Planner Runtime": 9.24, "Total Runtime": 1387.727, "Unique SQL Id": 2804875951}}, "(1, '39')": {"explain_plan": {"Plan": {"Node Type": "Aggregate", "Strategy": "Plain", "Startup Cost": 1000025545541.31, "Total Cost": 1000025545541.32, "Plan Rows": 1, "Plan Width": 49, "Plans": [{"Node Type": "Nested Loop", "Parent Relationship": "Outer", "Join Type": "Inner", "Startup Cost": 10000000001.12, "Total Cost": 1000025545541.31, "Plan Rows": 2, "Plan Width": 17, "Inner Unique": true, "Join Filter": "(mc.movie_id = t.id)", "Plans": [{"Node Type": "Nested Loop", "Parent Relationship": "Outer", "Join Type": "Inner", "Startup Cost": 10000000000.85, "Total Cost": 1000025545532.73, "Plan Rows": 2, "Plan Width": 8, "Inner Unique": true, "Plans": [{"Node Type": "Nested Loop", "Parent Relationship": "Outer", "Join Type": "Inner", "Startup Cost": 10000000000.6, "Total Cost": 1000024380163.58, "Plan Rows": 272107, "Plan Width": 12, "Inner Unique": false, "Plans": [{"Node Type": "Nested Loop", "Parent Relationship": "Outer", "Join Type": "Inner", "Startup Cost": 10000000000.26, "Total Cost": 1000024227793.07, "Plan Rows": 33725, "Plan Width": 4, "Inner Unique": true, "Plans": [{"Node Type": "Index Scan", "Parent Relationship": "Outer", "Scan Direction": "Forward", "Index Name": "movie_id_movie_companies", "Relation Name": "movie_companies", "Alias": "mc", "Startup Cost": 10000000000.0, "Total Cost": 1000013051946.13, "Plan Rows": 2609128, "Plan Width": 8}, {"Node Type": "Bitmap Heap Scan", "Parent Relationship": "Inner", "Relation Name": "company_name", "Alias": "cn", "Startup Cost": 0.26, "Total Cost": 4.27, "Plan Rows": 1, "Plan Width": 4, "Recheck Cond": "(id = mc.company_id)", "Filter": "((country_code)::text = '[nl]'::text)", "Plans": [{"Node Type": "Bitmap Index Scan", "Parent Relationship": "Outer", "Index Name": "company_name_pkey", "Startup Cost": 0.0, "Total Cost": 0.26, "Plan Rows": 1, "Plan Width": 0, "Index Cond": "(id = mc.company_id)"}]}]}, {"Node Type": "Bitmap Heap Scan", "Parent Relationship": "Inner", "Relation Name": "movie_keyword", "Alias": "mk", "Startup Cost": 0.34, "Total Cost": 4.44, "Plan Rows": 8, "Plan Width": 8, "Recheck Cond": "(movie_id = mc.movie_id)", "Plans": [{"Node Type": "Bitmap Index Scan", "Parent Relationship": "Outer", "Index Name": "movie_id_movie_keyword", "Startup Cost": 0.0, "Total Cost": 0.34, "Plan Rows": 8, "Plan Width": 0, "Index Cond": "(movie_id = mc.movie_id)"}]}]}, {"Node Type": "Bitmap Heap Scan", "Parent Relationship": "Inner", "Relation Name": "keyword", "Alias": "k", "Startup Cost": 0.26, "Total Cost": 4.27, "Plan Rows": 1, "Plan Width": 4, "Recheck Cond": "(id = mk.keyword_id)", "Filter": "((keyword)::text = 'character-name-in-title'::text)", "Plans": [{"Node Type": "Bitmap Index Scan", "Parent Relationship": "Outer", "Index Name": "keyword_pkey", "Startup Cost": 0.0, "Total Cost": 0.26, "Plan Rows": 1, "Plan Width": 0, "Index Cond": "(id = mk.keyword_id)"}]}]}, {"Node Type": "Bitmap Heap Scan", "Parent Relationship": "Inner", "Relation Name": "title", "Alias": "t", "Startup Cost": 0.27, "Total Cost": 4.28, "Plan Rows": 1, "Plan Width": 21, "Recheck Cond": "(id = mk.movie_id)", "Plans": [{"Node Type": "Bitmap Index Scan", "Parent Relationship": "Outer", "Index Name": "title_pkey", "Startup Cost": 0.0, "Total Cost": 0.27, "Plan Rows": 1, "Plan Width": 0, "Index Cond": "(id = mk.movie_id)"}]}]}]}, "Unique SQL Id": 2804875951, "Planner Runtime": 1}, "explain_analyze_plan": null}, "(1, '40')": {"explain_plan": {"Plan": {"Node Type": "Aggregate", "Strategy": "Plain", "Startup Cost": 2605.07, "Total Cost": 2605.08, "Plan Rows": 1, "Plan Width": 49, "Plans": [{"Node Type": "Nested Loop", "Parent Relationship": "Outer", "Join Type": "Inner", "Startup Cost": 0.0, "Total Cost": 2605.07, "Plan Rows": 2, "Plan Width": 17, "Inner Unique": true, "Join Filter": "(mc.movie_id = t.id)", "Plans": [{"Node Type": "Nested Loop", "Parent Relationship": "Outer", "Join Type": "Inner", "Startup Cost": 0.0, "Total Cost": 2604.42, "Plan Rows": 2, "Plan Width": 8, "Inner Unique": true, "Plans": [{"Node Type": "Nested Loop", "Parent Relationship": "Outer", "Join Type": "Inner", "Startup Cost": 0.0, "Total Cost": 2584.29, "Plan Rows": 70, "Plan Width": 12, "Inner Unique": false, "Plans": [{"Node Type": "Nested Loop", "Parent Relationship": "Outer", "Join Type": "Inner", "Startup Cost": 0.0, "Total Cost": 2573.32, "Plan Rows": 33, "Plan Width": 4, "Inner Unique": false, "Plans": [{"Node Type": "Seq Scan", "Parent Relationship": "Outer", "Relation Name": "keyword", "Alias": "k", "Startup Cost": 0.0, "Total Cost": 2436.11, "Plan Rows": 1, "Plan Width": 4, "Filter": "((keyword)::text = 'character-name-in-title'::text)"}, {"Node Type": "Index Scan", "Parent Relationship": "Inner", "Scan Direction": "Forward", "Index Name": "keyword_id_movie_keyword", "Relation Name": "movie_keyword", "Alias": "mk", "Startup Cost": 0.0, "Total Cost": 136.88, "Plan Rows": 33, "Plan Width": 8, "Index Cond": "(keyword_id = k.id)"}]}, {"Node Type": "Index Scan", "Parent Relationship": "Inner", "Scan Direction": "Forward", "Index Name": "movie_id_movie_companies", "Relation Name": "movie_companies", "Alias": "mc", "Startup Cost": 0.0, "Total Cost": 0.31, "Plan Rows": 2, "Plan Width": 8, "Index Cond": "(movie_id = mk.movie_id)"}]}, {"Node Type": "Index Scan", "Parent Relationship": "Inner", "Scan Direction": "Forward", "Index Name": "company_name_pkey", "Relation Name": "company_name", "Alias": "cn", "Startup Cost": 0.0, "Total Cost": 0.28, "Plan Rows": 1, "Plan Width": 4, "Index Cond": "(id = mc.company_id)", "Filter": "((country_code)::text = '[nl]'::text)"}]}, {"Node Type": "Index Scan", "Parent Relationship": "Inner", "Scan Direction": "Forward", "Index Name": "title_pkey", "Relation Name": "title", "Alias": "t", "Startup Cost": 0.0, "Total Cost": 0.31, "Plan Rows": 1, "Plan Width": 21, "Index Cond": "(id = mk.movie_id)"}]}]}, "Unique SQL Id": 2804875951, "Planner Runtime": 3}, "explain_analyze_plan": {"Plan": {"Node Type": "Aggregate", "Strategy": "Plain", "Startup Cost": 2605.07, "Total Cost": 2605.08, "Plan Rows": 1, "Plan Width": 49, "Actual Startup Time": 1018.693, "Actual Total Time": 1018.694, "Actual Rows": 1, "Actual Loops": 1, "Plans": [{"Node Type": "Nested Loop", "Parent Relationship": "Outer", "Join Type": "Inner", "Startup Cost": 0.0, "Total Cost": 2605.07, "Plan Rows": 2, "Plan Width": 17, "Actual Startup Time": 4.88, "Actual Total Time": 1015.562, "Actual Rows": 5228, "Actual Loops": 1, "Inner Unique": true, "Join Filter": "(mc.movie_id = t.id)", "Rows Removed by Join Filter": 0, "Plans": [{"Node Type": "Nested Loop", "Parent Relationship": "Outer", "Join Type": "Inner", "Startup Cost": 0.0, "Total Cost": 2604.42, "Plan Rows": 2, "Plan Width": 8, "Actual Startup Time": 4.865, "Actual Total Time": 988.098, "Actual Rows": 5228, "Actual Loops": 1, "Inner Unique": true, "Plans": [{"Node Type": "Nested Loop", "Parent Relationship": "Outer", "Join Type": "Inner", "Startup Cost": 0.0, "Total Cost": 2584.29, "Plan Rows": 70, "Plan Width": 12, "Actual Startup Time": 1.836, "Actual Total Time": 368.761, "Actual Rows": 148552, "Actual Loops": 1, "Inner Unique": false, "Plans": [{"Node Type": "Nested Loop", "Parent Relationship": "Outer", "Join Type": "Inner", "Startup Cost": 0.0, "Total Cost": 2573.32, "Plan Rows": 33, "Plan Width": 4, "Actual Startup Time": 1.817, "Actual Total Time": 90.483, "Actual Rows": 41840, "Actual Loops": 1, "Inner Unique": false, "Plans": [{"Node Type": "Seq Scan", "Parent Relationship": "Outer", "Relation Name": "keyword", "Alias": "k", "Startup Cost": 0.0, "Total Cost": 2436.11, "Plan Rows": 1, "Plan Width": 4, "Actual Startup Time": 1.79, "Actual Total Time": 42.521, "Actual Rows": 1, "Actual Loops": 1, "Filter": "((keyword)::text = 'character-name-in-title'::text)", "Rows Removed by Filter": 134168}, {"Node Type": "Index Scan", "Parent Relationship": "Inner", "Scan Direction": "Forward", "Index Name": "keyword_id_movie_keyword", "Relation Name": "movie_keyword", "Alias": "mk", "Startup Cost": 0.0, "Total Cost": 136.88, "Plan Rows": 33, "Plan Width": 8, "Actual Startup Time": 0.021, "Actual Total Time": 38.672, "Actual Rows": 41840, "Actual Loops": 1, "Index Cond": "(keyword_id = k.id)", "Rows Removed by Index Recheck": 0}]}, {"Node Type": "Index Scan", "Parent Relationship": "Inner", "Scan Direction": "Forward", "Index Name": "movie_id_movie_companies", "Relation Name": "movie_companies", "Alias": "mc", "Startup Cost": 0.0, "Total Cost": 0.31, "Plan Rows": 2, "Plan Width": 8, "Actual Startup Time": 149.771, "Actual Total Time": 222.908, "Actual Rows": 148552, "Actual Loops": 41840, "Index Cond": "(movie_id = mk.movie_id)", "Rows Removed by Index Recheck": 0}]}, {"Node Type": "Index Scan", "Parent Relationship": "Inner", "Scan Direction": "Forward", "Index Name": "company_name_pkey", "Relation Name": "company_name", "Alias": "cn", "Startup Cost": 0.0, "Total Cost": 0.28, "Plan Rows": 1, "Plan Width": 4, "Actual Startup Time": 548.889, "Actual Total Time": 548.889, "Actual Rows": 5228, "Actual Loops": 148552, "Index Cond": "(id = mc.company_id)", "Rows Removed by Index Recheck": 0, "Filter": "((country_code)::text = '[nl]'::text)", "Rows Removed by Filter": 143324}]}, {"Node Type": "Index Scan", "Parent Relationship": "Inner", "Scan Direction": "Forward", "Index Name": "title_pkey", "Relation Name": "title", "Alias": "t", "Startup Cost": 0.0, "Total Cost": 0.31, "Plan Rows": 1, "Plan Width": 21, "Actual Startup Time": 21.677, "Actual Total Time": 21.677, "Actual Rows": 5228, "Actual Loops": 5228, "Index Cond": "(id = mk.movie_id)", "Rows Removed by Index Recheck": 0}]}]}, "Triggers": [], "Planner Runtime": 9.006, "Total Runtime": 1018.947, "Unique SQL Id": 2804875951}}, "(1, '41')": {"explain_plan": {"Plan": {"Node Type": "Aggregate", "Strategy": "Plain", "Startup Cost": 3351.67, "Total Cost": 3351.68, "Plan Rows": 1, "Plan Width": 49, "Plans": [{"Node Type": "Nested Loop", "Parent Relationship": "Outer", "Join Type": "Inner", "Startup Cost": 0.0, "Total Cost": 3351.67, "Plan Rows": 2, "Plan Width": 17, "Inner Unique": true, "Join Filter": "(mc.movie_id = t.id)", "Plans": [{"Node Type": "Nested Loop", "Parent Relationship": "Outer", "Join Type": "Inner", "Startup Cost": 0.0, "Total Cost": 3351.03, "Plan Rows": 2, "Plan Width": 8, "Inner Unique": true, "Plans": [{"Node Type": "Nested Loop", "Parent Relationship": "Outer", "Join Type": "Inner", "Startup Cost": 0.0, "Total Cost": 3330.89, "Plan Rows": 70, "Plan Width": 12, "Inner Unique": false, "Plans": [{"Node Type": "Nested Loop", "Parent Relationship": "Outer", "Join Type": "Inner", "Startup Cost": 0.0, "Total Cost": 3319.92, "Plan Rows": 33, "Plan Width": 4, "Inner Unique": false, "Plans": [{"Node Type": "Index Scan", "Parent Relationship": "Outer", "Scan Direction": "Forward", "Index Name": "keyword_pkey", "Relation Name": "keyword", "Alias": "k", "Startup Cost": 0.0, "Total Cost": 3182.72, "Plan Rows": 1, "Plan Width": 4, "Filter": "((keyword)::text = 'character-name-in-title'::text)"}, {"Node Type": "Index Scan", "Parent Relationship": "Inner", "Scan Direction": "Forward", "Index Name": "keyword_id_movie_keyword", "Relation Name": "movie_keyword", "Alias": "mk", "Startup Cost": 0.0, "Total Cost": 136.88, "Plan Rows": 33, "Plan Width": 8, "Index Cond": "(keyword_id = k.id)"}]}, {"Node Type": "Index Scan", "Parent Relationship": "Inner", "Scan Direction": "Forward", "Index Name": "movie_id_movie_companies", "Relation Name": "movie_companies", "Alias": "mc", "Startup Cost": 0.0, "Total Cost": 0.31, "Plan Rows": 2, "Plan Width": 8, "Index Cond": "(movie_id = mk.movie_id)"}]}, {"Node Type": "Index Scan", "Parent Relationship": "Inner", "Scan Direction": "Forward", "Index Name": "company_name_pkey", "Relation Name": "company_name", "Alias": "cn", "Startup Cost": 0.0, "Total Cost": 0.28, "Plan Rows": 1, "Plan Width": 4, "Index Cond": "(id = mc.company_id)", "Filter": "((country_code)::text = '[nl]'::text)"}]}, {"Node Type": "Index Scan", "Parent Relationship": "Inner", "Scan Direction": "Forward", "Index Name": "title_pkey", "Relation Name": "title", "Alias": "t", "Startup Cost": 0.0, "Total Cost": 0.31, "Plan Rows": 1, "Plan Width": 21, "Index Cond": "(id = mk.movie_id)"}]}]}, "Unique SQL Id": 2804875951, "Planner Runtime": 3}, "explain_analyze_plan": {"Plan": {"Node Type": "Aggregate", "Strategy": "Plain", "Startup Cost": 3351.67, "Total Cost": 3351.68, "Plan Rows": 1, "Plan Width": 49, "Actual Startup Time": 1104.099, "Actual Total Time": 1104.099, "Actual Rows": 1, "Actual Loops": 1, "Plans": [{"Node Type": "Nested Loop", "Parent Relationship": "Outer", "Join Type": "Inner", "Startup Cost": 0.0, "Total Cost": 3351.67, "Plan Rows": 2, "Plan Width": 17, "Actual Startup Time": 3.277, "Actual Total Time": 1101.041, "Actual Rows": 5228, "Actual Loops": 1, "Inner Unique": true, "Join Filter": "(mc.movie_id = t.id)", "Rows Removed by Join Filter": 0, "Plans": [{"Node Type": "Nested Loop", "Parent Relationship": "Outer", "Join Type": "Inner", "Startup Cost": 0.0, "Total Cost": 3351.03, "Plan Rows": 2, "Plan Width": 8, "Actual Startup Time": 3.261, "Actual Total Time": 1073.962, "Actual Rows": 5228, "Actual Loops": 1, "Inner Unique": true, "Plans": [{"Node Type": "Nested Loop", "Parent Relationship": "Outer", "Join Type": "Inner", "Startup Cost": 0.0, "Total Cost": 3330.89, "Plan Rows": 70, "Plan Width": 12, "Actual Startup Time": 0.244, "Actual Total Time": 439.938, "Actual Rows": 148552, "Actual Loops": 1, "Inner Unique": false, "Plans": [{"Node Type": "Nested Loop", "Parent Relationship": "Outer", "Join Type": "Inner", "Startup Cost": 0.0, "Total Cost": 3319.92, "Plan Rows": 33, "Plan Width": 4, "Actual Startup Time": 0.228, "Actual Total Time": 160.992, "Actual Rows": 41840, "Actual Loops": 1, "Inner Unique": false, "Plans": [{"Node Type": "Index Scan", "Parent Relationship": "Outer", "Scan Direction": "Forward", "Index Name": "keyword_pkey", "Relation Name": "keyword", "Alias": "k", "Startup Cost": 0.0, "Total Cost": 3182.72, "Plan Rows": 1, "Plan Width": 4, "Actual Startup Time": 0.209, "Actual Total Time": 114.577, "Actual Rows": 1, "Actual Loops": 1, "Filter": "((keyword)::text = 'character-name-in-title'::text)", "Rows Removed by Filter": 134168}, {"Node Type": "Index Scan", "Parent Relationship": "Inner", "Scan Direction": "Forward", "Index Name": "keyword_id_movie_keyword", "Relation Name": "movie_keyword", "Alias": "mk", "Startup Cost": 0.0, "Total Cost": 136.88, "Plan Rows": 33, "Plan Width": 8, "Actual Startup Time": 0.015, "Actual Total Time": 37.044, "Actual Rows": 41840, "Actual Loops": 1, "Index Cond": "(keyword_id = k.id)", "Rows Removed by Index Recheck": 0}]}, {"Node Type": "Index Scan", "Parent Relationship": "Inner", "Scan Direction": "Forward", "Index Name": "movie_id_movie_companies", "Relation Name": "movie_companies", "Alias": "mc", "Startup Cost": 0.0, "Total Cost": 0.31, "Plan Rows": 2, "Plan Width": 8, "Actual Startup Time": 150.187, "Actual Total Time": 222.909, "Actual Rows": 148552, "Actual Loops": 41840, "Index Cond": "(movie_id = mk.movie_id)", "Rows Removed by Index Recheck": 0}]}, {"Node Type": "Index Scan", "Parent Relationship": "Inner", "Scan Direction": "Forward", "Index Name": "company_name_pkey", "Relation Name": "company_name", "Alias": "cn", "Startup Cost": 0.0, "Total Cost": 0.28, "Plan Rows": 1, "Plan Width": 4, "Actual Startup Time": 562.098, "Actual Total Time": 562.098, "Actual Rows": 5228, "Actual Loops": 148552, "Index Cond": "(id = mc.company_id)", "Rows Removed by Index Recheck": 0, "Filter": "((country_code)::text = '[nl]'::text)", "Rows Removed by Filter": 143324}]}, {"Node Type": "Index Scan", "Parent Relationship": "Inner", "Scan Direction": "Forward", "Index Name": "title_pkey", "Relation Name": "title", "Alias": "t", "Startup Cost": 0.0, "Total Cost": 0.31, "Plan Rows": 1, "Plan Width": 21, "Actual Startup Time": 21.503, "Actual Total Time": 21.503, "Actual Rows": 5228, "Actual Loops": 5228, "Index Cond": "(id = mk.movie_id)", "Rows Removed by Index Recheck": 0}]}]}, "Triggers": [], "Planner Runtime": 9.208, "Total Runtime": 1104.346, "Unique SQL Id": 2804875951}}, "(1, '42')": {"explain_plan": {"Plan": {"Node Type": "Aggregate", "Strategy": "Plain", "Startup Cost": 203302.73, "Total Cost": 203302.74, "Plan Rows": 1, "Plan Width": 49, "Plans": [{"Node Type": "Hash Join", "Parent Relationship": "Outer", "Join Type": "Inner", "Startup Cost": 133750.79, "Total Cost": 203302.73, "Plan Rows": 2, "Plan Width": 17, "Inner Unique": true, "Hash Cond": "(mc.company_id = cn.id)", "Plans": [{"Node Type": "Hash Join", "Parent Relationship": "Outer", "Join Type": "Inner", "Startup Cost": 127819.34, "Total Cost": 197370.32, "Plan Rows": 70, "Plan Width": 21, "Inner Unique": false, "Hash Cond": "(t.id = mc.movie_id)", "Plans": [{"Node Type": "Seq Scan", "Parent Relationship": "Outer", "Relation Name": "title", "Alias": "t", "Startup Cost": 0.0, "Total Cost": 60069.11, "Plan Rows": 2528311, "Plan Width": 21}, {"Node Type": "Hash", "Parent Relationship": "Inner", "Startup Cost": 127818.46, "Total Cost": 127818.46, "Plan Rows": 70, "Plan Width": 12, "Plans": [{"Node Type": "Hash Join", "Parent Relationship": "Outer", "Join Type": "Inner", "Startup Cost": 76216.26, "Total Cost": 127818.46, "Plan Rows": 70, "Plan Width": 12, "Inner Unique": false, "Hash Cond": "(mc.movie_id = mk.movie_id)", "Plans": [{"Node Type": "Seq Scan", "Parent Relationship": "Outer", "Relation Name": "movie_companies", "Alias": "mc", "Startup Cost": 0.0, "Total Cost": 41817.28, "Plan Rows": 2609128, "Plan Width": 8}, {"Node Type": "Hash", "Parent Relationship": "Inner", "Startup Cost": 76215.84, "Total Cost": 76215.84, "Plan Rows": 33, "Plan Width": 4, "Plans": [{"Node Type": "Hash Join", "Parent Relationship": "Outer", "Join Type": "Inner", "Startup Cost": 2436.12, "Total Cost": 76215.84, "Plan Rows": 33, "Plan Width": 4, "Inner Unique": true, "Hash Cond": "(mk.keyword_id = k.id)", "Plans": [{"Node Type": "Seq Scan", "Parent Relationship": "Outer", "Relation Name": "movie_keyword", "Alias": "mk", "Startup Cost": 0.0, "Total Cost": 62441.29, "Plan Rows": 4523929, "Plan Width": 8}, {"Node Type": "Hash", "Parent Relationship": "Inner", "Startup Cost": 2436.11, "Total Cost": 2436.11, "Plan Rows": 1, "Plan Width": 4, "Plans": [{"Node Type": "Seq Scan", "Parent Relationship": "Outer", "Relation Name": "keyword", "Alias": "k", "Startup Cost": 0.0, "Total Cost": 2436.11, "Plan Rows": 1, "Plan Width": 4, "Filter": "((keyword)::text = 'character-name-in-title'::text)"}]}]}]}]}]}]}, {"Node Type": "Hash", "Parent Relationship": "Inner", "Startup Cost": 5903.45, "Total Cost": 5903.45, "Plan Rows": 2240, "Plan Width": 4, "Plans": [{"Node Type": "Seq Scan", "Parent Relationship": "Outer", "Relation Name": "company_name", "Alias": "cn", "Startup Cost": 0.0, "Total Cost": 5903.45, "Plan Rows": 2240, "Plan Width": 4, "Filter": "((country_code)::text = '[nl]'::text)"}]}]}]}, "Unique SQL Id": 2804875951, "Planner Runtime": 6}, "explain_analyze_plan": null}, "(1, '43')": {"explain_plan": {"Plan": {"Node Type": "Aggregate", "Strategy": "Plain", "Startup Cost": 5000041492550.78, "Total Cost": 5000041492550.79, "Plan Rows": 1, "Plan Width": 49, "Plans": [{"Node Type": "Nested Loop", "Parent Relationship": "Outer", "Join Type": "Inner", "Startup Cost": 50000000000.0, "Total Cost": 5000041492550.77, "Plan Rows": 2, "Plan Width": 17, "Inner Unique": false, "Join Filter": "(mc.movie_id = t.id)", "Plans": [{"Node Type": "Index Scan", "Parent Relationship": "Outer", "Scan Direction": "Forward", "Index Name": "title_pkey", "Relation Name": "title", "Alias": "t", "Startup Cost": 10000000000.0, "Total Cost": 1000011012048.91, "Plan Rows": 2528311, "Plan Width": 21}, {"Node Type": "Materialize", "Parent Relationship": "Inner", "Startup Cost": 40000000000.0, "Total Cost": 4000030404652.53, "Plan Rows": 2, "Plan Width": 8, "Plans": [{"Node Type": "Nested Loop", "Parent Relationship": "Outer", "Join Type": "Inner", "Startup Cost": 40000000000.0, "Total Cost": 4000030404652.52, "Plan Rows": 2, "Plan Width": 8, "Inner Unique": true, "Join Filter": "(mc.company_id = cn.id)", "Plans": [{"Node Type": "Nested Loop", "Parent Relationship": "Outer", "Join Type": "Inner", "Startup Cost": 30000000000.0, "Total Cost": 3000029352155.95, "Plan Rows": 70, "Plan Width": 12, "Inner Unique": false, "Join Filter": "(mk.movie_id = mc.movie_id)", "Plans": [{"Node Type": "Nested Loop", "Parent Relationship": "Outer", "Join Type": "Inner", "Startup Cost": 20000000000.0, "Total Cost": 2000015686764.79, "Plan Rows": 33, "Plan Width": 4, "Inner Unique": true, "Join Filter": "(k.id = mk.keyword_id)", "Plans": [{"Node Type": "Index Scan", "Parent Relationship": "Outer", "Scan Direction": "Forward", "Index Name": "movie_id_movie_keyword", "Relation Name": "movie_keyword", "Alias": "mk", "Startup Cost": 10000000000.0, "Total Cost": 1000015300634.17, "Plan Rows": 4523929, "Plan Width": 8}, {"Node Type": "Materialize", "Parent Relationship": "Inner", "Startup Cost": 10000000000.0, "Total Cost": 1000000318271.69, "Plan Rows": 1, "Plan Width": 4, "Plans": [{"Node Type": "Index Scan", "Parent Relationship": "Outer", "Scan Direction": "Forward", "Index Name": "keyword_pkey", "Relation Name": "keyword", "Alias": "k", "Startup Cost": 10000000000.0, "Total Cost": 1000000318271.68, "Plan Rows": 1, "Plan Width": 4, "Filter": "((keyword)::text = 'character-name-in-title'::text)"}]}]}, {"Node Type": "Materialize", "Parent Relationship": "Inner", "Startup Cost": 10000000000.0, "Total Cost": 1000012380395.62, "Plan Rows": 2609128, "Plan Width": 8, "Plans": [{"Node Type": "Index Scan", "Parent Relationship": "Outer", "Scan Direction": "Forward", "Index Name": "company_id_movie_companies", "Relation Name": "movie_companies", "Alias": "mc", "Startup Cost": 10000000000.0, "Total Cost": 1000012367349.98, "Plan Rows": 2609128, "Plan Width": 8}]}]}, {"Node Type": "Materialize", "Parent Relationship": "Inner", "Startup Cost": 10000000000.0, "Total Cost": 1000001050150.17, "Plan Rows": 2240, "Plan Width": 4, "Plans": [{"Node Type": "Index Scan", "Parent Relationship": "Outer", "Scan Direction": "Forward", "Index Name": "company_name_pkey", "Relation Name": "company_name", "Alias": "cn", "Startup Cost": 10000000000.0, "Total Cost": 1000001050138.97, "Plan Rows": 2240, "Plan Width": 4, "Filter": "((country_code)::text = '[nl]'::text)"}]}]}]}]}]}, "Unique SQL Id": 2804875951, "Planner Runtime": 5}, "explain_analyze_plan": null}, "(1, '44')": {"explain_plan": {"Plan": {"Node Type": "Aggregate", "Strategy": "Plain", "Startup Cost": 2605.07, "Total Cost": 2605.08, "Plan Rows": 1, "Plan Width": 49, "Plans": [{"Node Type": "Nested Loop", "Parent Relationship": "Outer", "Join Type": "Inner", "Startup Cost": 0.0, "Total Cost": 2605.07, "Plan Rows": 2, "Plan Width": 17, "Inner Unique": true, "Join Filter": "(mc.movie_id = t.id)", "Plans": [{"Node Type": "Nested Loop", "Parent Relationship": "Outer", "Join Type": "Inner", "Startup Cost": 0.0, "Total Cost": 2604.42, "Plan Rows": 2, "Plan Width": 8, "Inner Unique": true, "Plans": [{"Node Type": "Nested Loop", "Parent Relationship": "Outer", "Join Type": "Inner", "Startup Cost": 0.0, "Total Cost": 2584.29, "Plan Rows": 70, "Plan Width": 12, "Inner Unique": false, "Plans": [{"Node Type": "Nested Loop", "Parent Relationship": "Outer", "Join Type": "Inner", "Startup Cost": 0.0, "Total Cost": 2573.32, "Plan Rows": 33, "Plan Width": 4, "Inner Unique": false, "Plans": [{"Node Type": "Seq Scan", "Parent Relationship": "Outer", "Relation Name": "keyword", "Alias": "k", "Startup Cost": 0.0, "Total Cost": 2436.11, "Plan Rows": 1, "Plan Width": 4, "Filter": "((keyword)::text = 'character-name-in-title'::text)"}, {"Node Type": "Index Scan", "Parent Relationship": "Inner", "Scan Direction": "Forward", "Index Name": "keyword_id_movie_keyword", "Relation Name": "movie_keyword", "Alias": "mk", "Startup Cost": 0.0, "Total Cost": 136.88, "Plan Rows": 33, "Plan Width": 8, "Index Cond": "(keyword_id = k.id)"}]}, {"Node Type": "Index Scan", "Parent Relationship": "Inner", "Scan Direction": "Forward", "Index Name": "movie_id_movie_companies", "Relation Name": "movie_companies", "Alias": "mc", "Startup Cost": 0.0, "Total Cost": 0.31, "Plan Rows": 2, "Plan Width": 8, "Index Cond": "(movie_id = mk.movie_id)"}]}, {"Node Type": "Index Scan", "Parent Relationship": "Inner", "Scan Direction": "Forward", "Index Name": "company_name_pkey", "Relation Name": "company_name", "Alias": "cn", "Startup Cost": 0.0, "Total Cost": 0.28, "Plan Rows": 1, "Plan Width": 4, "Index Cond": "(id = mc.company_id)", "Filter": "((country_code)::text = '[nl]'::text)"}]}, {"Node Type": "Index Scan", "Parent Relationship": "Inner", "Scan Direction": "Forward", "Index Name": "title_pkey", "Relation Name": "title", "Alias": "t", "Startup Cost": 0.0, "Total Cost": 0.31, "Plan Rows": 1, "Plan Width": 21, "Index Cond": "(id = mk.movie_id)"}]}]}, "Unique SQL Id": 2804875951, "Planner Runtime": 3}, "explain_analyze_plan": {"Plan": {"Node Type": "Aggregate", "Strategy": "Plain", "Startup Cost": 2605.07, "Total Cost": 2605.08, "Plan Rows": 1, "Plan Width": 49, "Actual Startup Time": 1018.693, "Actual Total Time": 1018.694, "Actual Rows": 1, "Actual Loops": 1, "Plans": [{"Node Type": "Nested Loop", "Parent Relationship": "Outer", "Join Type": "Inner", "Startup Cost": 0.0, "Total Cost": 2605.07, "Plan Rows": 2, "Plan Width": 17, "Actual Startup Time": 4.88, "Actual Total Time": 1015.562, "Actual Rows": 5228, "Actual Loops": 1, "Inner Unique": true, "Join Filter": "(mc.movie_id = t.id)", "Rows Removed by Join Filter": 0, "Plans": [{"Node Type": "Nested Loop", "Parent Relationship": "Outer", "Join Type": "Inner", "Startup Cost": 0.0, "Total Cost": 2604.42, "Plan Rows": 2, "Plan Width": 8, "Actual Startup Time": 4.865, "Actual Total Time": 988.098, "Actual Rows": 5228, "Actual Loops": 1, "Inner Unique": true, "Plans": [{"Node Type": "Nested Loop", "Parent Relationship": "Outer", "Join Type": "Inner", "Startup Cost": 0.0, "Total Cost": 2584.29, "Plan Rows": 70, "Plan Width": 12, "Actual Startup Time": 1.836, "Actual Total Time": 368.761, "Actual Rows": 148552, "Actual Loops": 1, "Inner Unique": false, "Plans": [{"Node Type": "Nested Loop", "Parent Relationship": "Outer", "Join Type": "Inner", "Startup Cost": 0.0, "Total Cost": 2573.32, "Plan Rows": 33, "Plan Width": 4, "Actual Startup Time": 1.817, "Actual Total Time": 90.483, "Actual Rows": 41840, "Actual Loops": 1, "Inner Unique": false, "Plans": [{"Node Type": "Seq Scan", "Parent Relationship": "Outer", "Relation Name": "keyword", "Alias": "k", "Startup Cost": 0.0, "Total Cost": 2436.11, "Plan Rows": 1, "Plan Width": 4, "Actual Startup Time": 1.79, "Actual Total Time": 42.521, "Actual Rows": 1, "Actual Loops": 1, "Filter": "((keyword)::text = 'character-name-in-title'::text)", "Rows Removed by Filter": 134168}, {"Node Type": "Index Scan", "Parent Relationship": "Inner", "Scan Direction": "Forward", "Index Name": "keyword_id_movie_keyword", "Relation Name": "movie_keyword", "Alias": "mk", "Startup Cost": 0.0, "Total Cost": 136.88, "Plan Rows": 33, "Plan Width": 8, "Actual Startup Time": 0.021, "Actual Total Time": 38.672, "Actual Rows": 41840, "Actual Loops": 1, "Index Cond": "(keyword_id = k.id)", "Rows Removed by Index Recheck": 0}]}, {"Node Type": "Index Scan", "Parent Relationship": "Inner", "Scan Direction": "Forward", "Index Name": "movie_id_movie_companies", "Relation Name": "movie_companies", "Alias": "mc", "Startup Cost": 0.0, "Total Cost": 0.31, "Plan Rows": 2, "Plan Width": 8, "Actual Startup Time": 149.771, "Actual Total Time": 222.908, "Actual Rows": 148552, "Actual Loops": 41840, "Index Cond": "(movie_id = mk.movie_id)", "Rows Removed by Index Recheck": 0}]}, {"Node Type": "Index Scan", "Parent Relationship": "Inner", "Scan Direction": "Forward", "Index Name": "company_name_pkey", "Relation Name": "company_name", "Alias": "cn", "Startup Cost": 0.0, "Total Cost": 0.28, "Plan Rows": 1, "Plan Width": 4, "Actual Startup Time": 548.889, "Actual Total Time": 548.889, "Actual Rows": 5228, "Actual Loops": 148552, "Index Cond": "(id = mc.company_id)", "Rows Removed by Index Recheck": 0, "Filter": "((country_code)::text = '[nl]'::text)", "Rows Removed by Filter": 143324}]}, {"Node Type": "Index Scan", "Parent Relationship": "Inner", "Scan Direction": "Forward", "Index Name": "title_pkey", "Relation Name": "title", "Alias": "t", "Startup Cost": 0.0, "Total Cost": 0.31, "Plan Rows": 1, "Plan Width": 21, "Actual Startup Time": 21.677, "Actual Total Time": 21.677, "Actual Rows": 5228, "Actual Loops": 5228, "Index Cond": "(id = mk.movie_id)", "Rows Removed by Index Recheck": 0}]}]}, "Triggers": [], "Planner Runtime": 9.006, "Total Runtime": 1018.947, "Unique SQL Id": 2804875951}}, "(1, '45')": {"explain_plan": {"Plan": {"Node Type": "Aggregate", "Strategy": "Plain", "Startup Cost": 3351.67, "Total Cost": 3351.68, "Plan Rows": 1, "Plan Width": 49, "Plans": [{"Node Type": "Nested Loop", "Parent Relationship": "Outer", "Join Type": "Inner", "Startup Cost": 0.0, "Total Cost": 3351.67, "Plan Rows": 2, "Plan Width": 17, "Inner Unique": true, "Join Filter": "(mc.movie_id = t.id)", "Plans": [{"Node Type": "Nested Loop", "Parent Relationship": "Outer", "Join Type": "Inner", "Startup Cost": 0.0, "Total Cost": 3351.03, "Plan Rows": 2, "Plan Width": 8, "Inner Unique": true, "Plans": [{"Node Type": "Nested Loop", "Parent Relationship": "Outer", "Join Type": "Inner", "Startup Cost": 0.0, "Total Cost": 3330.89, "Plan Rows": 70, "Plan Width": 12, "Inner Unique": false, "Plans": [{"Node Type": "Nested Loop", "Parent Relationship": "Outer", "Join Type": "Inner", "Startup Cost": 0.0, "Total Cost": 3319.92, "Plan Rows": 33, "Plan Width": 4, "Inner Unique": false, "Plans": [{"Node Type": "Index Scan", "Parent Relationship": "Outer", "Scan Direction": "Forward", "Index Name": "keyword_pkey", "Relation Name": "keyword", "Alias": "k", "Startup Cost": 0.0, "Total Cost": 3182.72, "Plan Rows": 1, "Plan Width": 4, "Filter": "((keyword)::text = 'character-name-in-title'::text)"}, {"Node Type": "Index Scan", "Parent Relationship": "Inner", "Scan Direction": "Forward", "Index Name": "keyword_id_movie_keyword", "Relation Name": "movie_keyword", "Alias": "mk", "Startup Cost": 0.0, "Total Cost": 136.88, "Plan Rows": 33, "Plan Width": 8, "Index Cond": "(keyword_id = k.id)"}]}, {"Node Type": "Index Scan", "Parent Relationship": "Inner", "Scan Direction": "Forward", "Index Name": "movie_id_movie_companies", "Relation Name": "movie_companies", "Alias": "mc", "Startup Cost": 0.0, "Total Cost": 0.31, "Plan Rows": 2, "Plan Width": 8, "Index Cond": "(movie_id = mk.movie_id)"}]}, {"Node Type": "Index Scan", "Parent Relationship": "Inner", "Scan Direction": "Forward", "Index Name": "company_name_pkey", "Relation Name": "company_name", "Alias": "cn", "Startup Cost": 0.0, "Total Cost": 0.28, "Plan Rows": 1, "Plan Width": 4, "Index Cond": "(id = mc.company_id)", "Filter": "((country_code)::text = '[nl]'::text)"}]}, {"Node Type": "Index Scan", "Parent Relationship": "Inner", "Scan Direction": "Forward", "Index Name": "title_pkey", "Relation Name": "title", "Alias": "t", "Startup Cost": 0.0, "Total Cost": 0.31, "Plan Rows": 1, "Plan Width": 21, "Index Cond": "(id = mk.movie_id)"}]}]}, "Unique SQL Id": 2804875951, "Planner Runtime": 3}, "explain_analyze_plan": {"Plan": {"Node Type": "Aggregate", "Strategy": "Plain", "Startup Cost": 3351.67, "Total Cost": 3351.68, "Plan Rows": 1, "Plan Width": 49, "Actual Startup Time": 1104.099, "Actual Total Time": 1104.099, "Actual Rows": 1, "Actual Loops": 1, "Plans": [{"Node Type": "Nested Loop", "Parent Relationship": "Outer", "Join Type": "Inner", "Startup Cost": 0.0, "Total Cost": 3351.67, "Plan Rows": 2, "Plan Width": 17, "Actual Startup Time": 3.277, "Actual Total Time": 1101.041, "Actual Rows": 5228, "Actual Loops": 1, "Inner Unique": true, "Join Filter": "(mc.movie_id = t.id)", "Rows Removed by Join Filter": 0, "Plans": [{"Node Type": "Nested Loop", "Parent Relationship": "Outer", "Join Type": "Inner", "Startup Cost": 0.0, "Total Cost": 3351.03, "Plan Rows": 2, "Plan Width": 8, "Actual Startup Time": 3.261, "Actual Total Time": 1073.962, "Actual Rows": 5228, "Actual Loops": 1, "Inner Unique": true, "Plans": [{"Node Type": "Nested Loop", "Parent Relationship": "Outer", "Join Type": "Inner", "Startup Cost": 0.0, "Total Cost": 3330.89, "Plan Rows": 70, "Plan Width": 12, "Actual Startup Time": 0.244, "Actual Total Time": 439.938, "Actual Rows": 148552, "Actual Loops": 1, "Inner Unique": false, "Plans": [{"Node Type": "Nested Loop", "Parent Relationship": "Outer", "Join Type": "Inner", "Startup Cost": 0.0, "Total Cost": 3319.92, "Plan Rows": 33, "Plan Width": 4, "Actual Startup Time": 0.228, "Actual Total Time": 160.992, "Actual Rows": 41840, "Actual Loops": 1, "Inner Unique": false, "Plans": [{"Node Type": "Index Scan", "Parent Relationship": "Outer", "Scan Direction": "Forward", "Index Name": "keyword_pkey", "Relation Name": "keyword", "Alias": "k", "Startup Cost": 0.0, "Total Cost": 3182.72, "Plan Rows": 1, "Plan Width": 4, "Actual Startup Time": 0.209, "Actual Total Time": 114.577, "Actual Rows": 1, "Actual Loops": 1, "Filter": "((keyword)::text = 'character-name-in-title'::text)", "Rows Removed by Filter": 134168}, {"Node Type": "Index Scan", "Parent Relationship": "Inner", "Scan Direction": "Forward", "Index Name": "keyword_id_movie_keyword", "Relation Name": "movie_keyword", "Alias": "mk", "Startup Cost": 0.0, "Total Cost": 136.88, "Plan Rows": 33, "Plan Width": 8, "Actual Startup Time": 0.015, "Actual Total Time": 37.044, "Actual Rows": 41840, "Actual Loops": 1, "Index Cond": "(keyword_id = k.id)", "Rows Removed by Index Recheck": 0}]}, {"Node Type": "Index Scan", "Parent Relationship": "Inner", "Scan Direction": "Forward", "Index Name": "movie_id_movie_companies", "Relation Name": "movie_companies", "Alias": "mc", "Startup Cost": 0.0, "Total Cost": 0.31, "Plan Rows": 2, "Plan Width": 8, "Actual Startup Time": 150.187, "Actual Total Time": 222.909, "Actual Rows": 148552, "Actual Loops": 41840, "Index Cond": "(movie_id = mk.movie_id)", "Rows Removed by Index Recheck": 0}]}, {"Node Type": "Index Scan", "Parent Relationship": "Inner", "Scan Direction": "Forward", "Index Name": "company_name_pkey", "Relation Name": "company_name", "Alias": "cn", "Startup Cost": 0.0, "Total Cost": 0.28, "Plan Rows": 1, "Plan Width": 4, "Actual Startup Time": 562.098, "Actual Total Time": 562.098, "Actual Rows": 5228, "Actual Loops": 148552, "Index Cond": "(id = mc.company_id)", "Rows Removed by Index Recheck": 0, "Filter": "((country_code)::text = '[nl]'::text)", "Rows Removed by Filter": 143324}]}, {"Node Type": "Index Scan", "Parent Relationship": "Inner", "Scan Direction": "Forward", "Index Name": "title_pkey", "Relation Name": "title", "Alias": "t", "Startup Cost": 0.0, "Total Cost": 0.31, "Plan Rows": 1, "Plan Width": 21, "Actual Startup Time": 21.503, "Actual Total Time": 21.503, "Actual Rows": 5228, "Actual Loops": 5228, "Index Cond": "(id = mk.movie_id)", "Rows Removed by Index Recheck": 0}]}]}, "Triggers": [], "Planner Runtime": 9.208, "Total Runtime": 1104.346, "Unique SQL Id": 2804875951}}, "(1, '46')": {"explain_plan": {"Plan": {"Node Type": "Aggregate", "Strategy": "Plain", "Startup Cost": 203302.73, "Total Cost": 203302.74, "Plan Rows": 1, "Plan Width": 49, "Plans": [{"Node Type": "Hash Join", "Parent Relationship": "Outer", "Join Type": "Inner", "Startup Cost": 133750.79, "Total Cost": 203302.73, "Plan Rows": 2, "Plan Width": 17, "Inner Unique": true, "Hash Cond": "(mc.company_id = cn.id)", "Plans": [{"Node Type": "Hash Join", "Parent Relationship": "Outer", "Join Type": "Inner", "Startup Cost": 127819.34, "Total Cost": 197370.32, "Plan Rows": 70, "Plan Width": 21, "Inner Unique": false, "Hash Cond": "(t.id = mc.movie_id)", "Plans": [{"Node Type": "Seq Scan", "Parent Relationship": "Outer", "Relation Name": "title", "Alias": "t", "Startup Cost": 0.0, "Total Cost": 60069.11, "Plan Rows": 2528311, "Plan Width": 21}, {"Node Type": "Hash", "Parent Relationship": "Inner", "Startup Cost": 127818.46, "Total Cost": 127818.46, "Plan Rows": 70, "Plan Width": 12, "Plans": [{"Node Type": "Hash Join", "Parent Relationship": "Outer", "Join Type": "Inner", "Startup Cost": 76216.26, "Total Cost": 127818.46, "Plan Rows": 70, "Plan Width": 12, "Inner Unique": false, "Hash Cond": "(mc.movie_id = mk.movie_id)", "Plans": [{"Node Type": "Seq Scan", "Parent Relationship": "Outer", "Relation Name": "movie_companies", "Alias": "mc", "Startup Cost": 0.0, "Total Cost": 41817.28, "Plan Rows": 2609128, "Plan Width": 8}, {"Node Type": "Hash", "Parent Relationship": "Inner", "Startup Cost": 76215.84, "Total Cost": 76215.84, "Plan Rows": 33, "Plan Width": 4, "Plans": [{"Node Type": "Hash Join", "Parent Relationship": "Outer", "Join Type": "Inner", "Startup Cost": 2436.12, "Total Cost": 76215.84, "Plan Rows": 33, "Plan Width": 4, "Inner Unique": true, "Hash Cond": "(mk.keyword_id = k.id)", "Plans": [{"Node Type": "Seq Scan", "Parent Relationship": "Outer", "Relation Name": "movie_keyword", "Alias": "mk", "Startup Cost": 0.0, "Total Cost": 62441.29, "Plan Rows": 4523929, "Plan Width": 8}, {"Node Type": "Hash", "Parent Relationship": "Inner", "Startup Cost": 2436.11, "Total Cost": 2436.11, "Plan Rows": 1, "Plan Width": 4, "Plans": [{"Node Type": "Seq Scan", "Parent Relationship": "Outer", "Relation Name": "keyword", "Alias": "k", "Startup Cost": 0.0, "Total Cost": 2436.11, "Plan Rows": 1, "Plan Width": 4, "Filter": "((keyword)::text = 'character-name-in-title'::text)"}]}]}]}]}]}]}, {"Node Type": "Hash", "Parent Relationship": "Inner", "Startup Cost": 5903.45, "Total Cost": 5903.45, "Plan Rows": 2240, "Plan Width": 4, "Plans": [{"Node Type": "Seq Scan", "Parent Relationship": "Outer", "Relation Name": "company_name", "Alias": "cn", "Startup Cost": 0.0, "Total Cost": 5903.45, "Plan Rows": 2240, "Plan Width": 4, "Filter": "((country_code)::text = '[nl]'::text)"}]}]}]}, "Unique SQL Id": 2804875951, "Planner Runtime": 6}, "explain_analyze_plan": null}, "(1, '47')": {"explain_plan": {"Plan": {"Node Type": "Aggregate", "Strategy": "Plain", "Startup Cost": 5000041492550.78, "Total Cost": 5000041492550.79, "Plan Rows": 1, "Plan Width": 49, "Plans": [{"Node Type": "Nested Loop", "Parent Relationship": "Outer", "Join Type": "Inner", "Startup Cost": 50000000000.0, "Total Cost": 5000041492550.77, "Plan Rows": 2, "Plan Width": 17, "Inner Unique": false, "Join Filter": "(mc.movie_id = t.id)", "Plans": [{"Node Type": "Index Scan", "Parent Relationship": "Outer", "Scan Direction": "Forward", "Index Name": "title_pkey", "Relation Name": "title", "Alias": "t", "Startup Cost": 10000000000.0, "Total Cost": 1000011012048.91, "Plan Rows": 2528311, "Plan Width": 21}, {"Node Type": "Materialize", "Parent Relationship": "Inner", "Startup Cost": 40000000000.0, "Total Cost": 4000030404652.53, "Plan Rows": 2, "Plan Width": 8, "Plans": [{"Node Type": "Nested Loop", "Parent Relationship": "Outer", "Join Type": "Inner", "Startup Cost": 40000000000.0, "Total Cost": 4000030404652.52, "Plan Rows": 2, "Plan Width": 8, "Inner Unique": true, "Join Filter": "(mc.company_id = cn.id)", "Plans": [{"Node Type": "Nested Loop", "Parent Relationship": "Outer", "Join Type": "Inner", "Startup Cost": 30000000000.0, "Total Cost": 3000029352155.95, "Plan Rows": 70, "Plan Width": 12, "Inner Unique": false, "Join Filter": "(mk.movie_id = mc.movie_id)", "Plans": [{"Node Type": "Nested Loop", "Parent Relationship": "Outer", "Join Type": "Inner", "Startup Cost": 20000000000.0, "Total Cost": 2000015686764.79, "Plan Rows": 33, "Plan Width": 4, "Inner Unique": true, "Join Filter": "(k.id = mk.keyword_id)", "Plans": [{"Node Type": "Index Scan", "Parent Relationship": "Outer", "Scan Direction": "Forward", "Index Name": "movie_id_movie_keyword", "Relation Name": "movie_keyword", "Alias": "mk", "Startup Cost": 10000000000.0, "Total Cost": 1000015300634.17, "Plan Rows": 4523929, "Plan Width": 8}, {"Node Type": "Materialize", "Parent Relationship": "Inner", "Startup Cost": 10000000000.0, "Total Cost": 1000000318271.69, "Plan Rows": 1, "Plan Width": 4, "Plans": [{"Node Type": "Index Scan", "Parent Relationship": "Outer", "Scan Direction": "Forward", "Index Name": "keyword_pkey", "Relation Name": "keyword", "Alias": "k", "Startup Cost": 10000000000.0, "Total Cost": 1000000318271.68, "Plan Rows": 1, "Plan Width": 4, "Filter": "((keyword)::text = 'character-name-in-title'::text)"}]}]}, {"Node Type": "Materialize", "Parent Relationship": "Inner", "Startup Cost": 10000000000.0, "Total Cost": 1000012380395.62, "Plan Rows": 2609128, "Plan Width": 8, "Plans": [{"Node Type": "Index Scan", "Parent Relationship": "Outer", "Scan Direction": "Forward", "Index Name": "company_id_movie_companies", "Relation Name": "movie_companies", "Alias": "mc", "Startup Cost": 10000000000.0, "Total Cost": 1000012367349.98, "Plan Rows": 2609128, "Plan Width": 8}]}]}, {"Node Type": "Materialize", "Parent Relationship": "Inner", "Startup Cost": 10000000000.0, "Total Cost": 1000001050150.17, "Plan Rows": 2240, "Plan Width": 4, "Plans": [{"Node Type": "Index Scan", "Parent Relationship": "Outer", "Scan Direction": "Forward", "Index Name": "company_name_pkey", "Relation Name": "company_name", "Alias": "cn", "Startup Cost": 10000000000.0, "Total Cost": 1000001050138.97, "Plan Rows": 2240, "Plan Width": 4, "Filter": "((country_code)::text = '[nl]'::text)"}]}]}]}]}]}, "Unique SQL Id": 2804875951, "Planner Runtime": 5}, "explain_analyze_plan": null}, "(1, '48')": {"explain_plan": {"Plan": {"Node Type": "Aggregate", "Strategy": "Plain", "Startup Cost": 2600.78, "Total Cost": 2600.79, "Plan Rows": 1, "Plan Width": 49, "Plans": [{"Node Type": "Nested Loop", "Parent Relationship": "Outer", "Join Type": "Inner", "Startup Cost": 4.51, "Total Cost": 2600.77, "Plan Rows": 2, "Plan Width": 17, "Inner Unique": true, "Join Filter": "(mc.movie_id = t.id)", "Plans": [{"Node Type": "Nested Loop", "Parent Relationship": "Outer", "Join Type": "Inner", "Startup Cost": 4.51, "Total Cost": 2600.13, "Plan Rows": 2, "Plan Width": 8, "Inner Unique": true, "Plans": [{"Node Type": "Nested Loop", "Parent Relationship": "Outer", "Join Type": "Inner", "Startup Cost": 4.51, "Total Cost": 2579.99, "Plan Rows": 70, "Plan Width": 12, "Inner Unique": false, "Plans": [{"Node Type": "Nested Loop", "Parent Relationship": "Outer", "Join Type": "Inner", "Startup Cost": 4.51, "Total Cost": 2569.02, "Plan Rows": 33, "Plan Width": 4, "Inner Unique": false, "Plans": [{"Node Type": "Seq Scan", "Parent Relationship": "Outer", "Relation Name": "keyword", "Alias": "k", "Startup Cost": 0.0, "Total Cost": 2436.11, "Plan Rows": 1, "Plan Width": 4, "Filter": "((keyword)::text = 'character-name-in-title'::text)"}, {"Node Type": "Bitmap Heap Scan", "Parent Relationship": "Inner", "Relation Name": "movie_keyword", "Alias": "mk", "Startup Cost": 4.51, "Total Cost": 132.58, "Plan Rows": 33, "Plan Width": 8, "Recheck Cond": "(keyword_id = k.id)", "Plans": [{"Node Type": "Bitmap Index Scan", "Parent Relationship": "Outer", "Index Name": "keyword_id_movie_keyword", "Startup Cost": 0.0, "Total Cost": 4.5, "Plan Rows": 33, "Plan Width": 0, "Index Cond": "(keyword_id = k.id)"}]}]}, {"Node Type": "Index Scan", "Parent Relationship": "Inner", "Scan Direction": "Forward", "Index Name": "movie_id_movie_companies", "Relation Name": "movie_companies", "Alias": "mc", "Startup Cost": 0.0, "Total Cost": 0.31, "Plan Rows": 2, "Plan Width": 8, "Index Cond": "(movie_id = mk.movie_id)"}]}, {"Node Type": "Index Scan", "Parent Relationship": "Inner", "Scan Direction": "Forward", "Index Name": "company_name_pkey", "Relation Name": "company_name", "Alias": "cn", "Startup Cost": 0.0, "Total Cost": 0.28, "Plan Rows": 1, "Plan Width": 4, "Index Cond": "(id = mc.company_id)", "Filter": "((country_code)::text = '[nl]'::text)"}]}, {"Node Type": "Index Scan", "Parent Relationship": "Inner", "Scan Direction": "Forward", "Index Name": "title_pkey", "Relation Name": "title", "Alias": "t", "Startup Cost": 0.0, "Total Cost": 0.31, "Plan Rows": 1, "Plan Width": 21, "Index Cond": "(id = mk.movie_id)"}]}]}, "Unique SQL Id": 2804875951, "Planner Runtime": 1}, "explain_analyze_plan": {"Plan": {"Node Type": "Aggregate", "Strategy": "Plain", "Startup Cost": 2600.78, "Total Cost": 2600.79, "Plan Rows": 1, "Plan Width": 49, "Actual Startup Time": 1030.503, "Actual Total Time": 1030.504, "Actual Rows": 1, "Actual Loops": 1, "Plans": [{"Node Type": "Nested Loop", "Parent Relationship": "Outer", "Join Type": "Inner", "Startup Cost": 4.51, "Total Cost": 2600.77, "Plan Rows": 2, "Plan Width": 17, "Actual Startup Time": 12.804, "Actual Total Time": 1027.312, "Actual Rows": 5228, "Actual Loops": 1, "Inner Unique": true, "Join Filter": "(mc.movie_id = t.id)", "Rows Removed by Join Filter": 0, "Plans": [{"Node Type": "Nested Loop", "Parent Relationship": "Outer", "Join Type": "Inner", "Startup Cost": 4.51, "Total Cost": 2600.13, "Plan Rows": 2, "Plan Width": 8, "Actual Startup Time": 12.789, "Actual Total Time": 999.562, "Actual Rows": 5228, "Actual Loops": 1, "Inner Unique": true, "Plans": [{"Node Type": "Nested Loop", "Parent Relationship": "Outer", "Join Type": "Inner", "Startup Cost": 4.51, "Total Cost": 2579.99, "Plan Rows": 70, "Plan Width": 12, "Actual Startup Time": 9.902, "Actual Total Time": 379.592, "Actual Rows": 148552, "Actual Loops": 1, "Inner Unique": false, "Plans": [{"Node Type": "Nested Loop", "Parent Relationship": "Outer", "Join Type": "Inner", "Startup Cost": 4.51, "Total Cost": 2569.02, "Plan Rows": 33, "Plan Width": 4, "Actual Startup Time": 9.868, "Actual Total Time": 99.354, "Actual Rows": 41840, "Actual Loops": 1, "Inner Unique": false, "Plans": [{"Node Type": "Seq Scan", "Parent Relationship": "Outer", "Relation Name": "keyword", "Alias": "k", "Startup Cost": 0.0, "Total Cost": 2436.11, "Plan Rows": 1, "Plan Width": 4, "Actual Startup Time": 1.773, "Actual Total Time": 43.194, "Actual Rows": 1, "Actual Loops": 1, "Filter": "((keyword)::text = 'character-name-in-title'::text)", "Rows Removed by Filter": 134168}, {"Node Type": "Bitmap Heap Scan", "Parent Relationship": "Inner", "Relation Name": "movie_keyword", "Alias": "mk", "Startup Cost": 4.51, "Total Cost": 132.58, "Plan Rows": 33, "Plan Width": 8, "Actual Startup Time": 8.084, "Actual Total Time": 47.664, "Actual Rows": 41840, "Actual Loops": 1, "Recheck Cond": "(keyword_id = k.id)", "Rows Removed by Index Recheck": 0, "Exact Heap Blocks": 9702, "Lossy Heap Blocks": 9702, "Plans": [{"Node Type": "Bitmap Index Scan", "Parent Relationship": "Outer", "Index Name": "keyword_id_movie_keyword", "Startup Cost": 0.0, "Total Cost": 4.5, "Plan Rows": 33, "Plan Width": 0, "Actual Startup Time": 6.347, "Actual Total Time": 6.347, "Actual Rows": 41840, "Actual Loops": 1, "Index Cond": "(keyword_id = k.id)"}]}]}, {"Node Type": "Index Scan", "Parent Relationship": "Inner", "Scan Direction": "Forward", "Index Name": "movie_id_movie_companies", "Relation Name": "movie_companies", "Alias": "mc", "Startup Cost": 0.0, "Total Cost": 0.31, "Plan Rows": 2, "Plan Width": 8, "Actual Startup Time": 150.532, "Actual Total Time": 224.079, "Actual Rows": 148552, "Actual Loops": 41840, "Index Cond": "(movie_id = mk.movie_id)", "Rows Removed by Index Recheck": 0}]}, {"Node Type": "Index Scan", "Parent Relationship": "Inner", "Scan Direction": "Forward", "Index Name": "company_name_pkey", "Relation Name": "company_name", "Alias": "cn", "Startup Cost": 0.0, "Total Cost": 0.28, "Plan Rows": 1, "Plan Width": 4, "Actual Startup Time": 548.003, "Actual Total Time": 548.003, "Actual Rows": 5228, "Actual Loops": 148552, "Index Cond": "(id = mc.company_id)", "Rows Removed by Index Recheck": 0, "Filter": "((country_code)::text = '[nl]'::text)", "Rows Removed by Filter": 143324}]}, {"Node Type": "Index Scan", "Parent Relationship": "Inner", "Scan Direction": "Forward", "Index Name": "title_pkey", "Relation Name": "title", "Alias": "t", "Startup Cost": 0.0, "Total Cost": 0.31, "Plan Rows": 1, "Plan Width": 21, "Actual Startup Time": 21.778, "Actual Total Time": 21.778, "Actual Rows": 5228, "Actual Loops": 5228, "Index Cond": "(id = mk.movie_id)", "Rows Removed by Index Recheck": 0}]}]}, "Triggers": [], "Planner Runtime": 9.476, "Total Runtime": 1030.831, "Unique SQL Id": 2804875951}}, "(1, '49')": {"explain_plan": {"Plan": {"Node Type": "Aggregate", "Strategy": "Plain", "Startup Cost": 3347.38, "Total Cost": 3347.39, "Plan Rows": 1, "Plan Width": 49, "Plans": [{"Node Type": "Nested Loop", "Parent Relationship": "Outer", "Join Type": "Inner", "Startup Cost": 4.51, "Total Cost": 3347.38, "Plan Rows": 2, "Plan Width": 17, "Inner Unique": true, "Join Filter": "(mc.movie_id = t.id)", "Plans": [{"Node Type": "Nested Loop", "Parent Relationship": "Outer", "Join Type": "Inner", "Startup Cost": 4.51, "Total Cost": 3346.73, "Plan Rows": 2, "Plan Width": 8, "Inner Unique": true, "Plans": [{"Node Type": "Nested Loop", "Parent Relationship": "Outer", "Join Type": "Inner", "Startup Cost": 4.51, "Total Cost": 3326.6, "Plan Rows": 70, "Plan Width": 12, "Inner Unique": false, "Plans": [{"Node Type": "Nested Loop", "Parent Relationship": "Outer", "Join Type": "Inner", "Startup Cost": 4.51, "Total Cost": 3315.63, "Plan Rows": 33, "Plan Width": 4, "Inner Unique": false, "Plans": [{"Node Type": "Index Scan", "Parent Relationship": "Outer", "Scan Direction": "Forward", "Index Name": "keyword_pkey", "Relation Name": "keyword", "Alias": "k", "Startup Cost": 0.0, "Total Cost": 3182.72, "Plan Rows": 1, "Plan Width": 4, "Filter": "((keyword)::text = 'character-name-in-title'::text)"}, {"Node Type": "Bitmap Heap Scan", "Parent Relationship": "Inner", "Relation Name": "movie_keyword", "Alias": "mk", "Startup Cost": 4.51, "Total Cost": 132.58, "Plan Rows": 33, "Plan Width": 8, "Recheck Cond": "(keyword_id = k.id)", "Plans": [{"Node Type": "Bitmap Index Scan", "Parent Relationship": "Outer", "Index Name": "keyword_id_movie_keyword", "Startup Cost": 0.0, "Total Cost": 4.5, "Plan Rows": 33, "Plan Width": 0, "Index Cond": "(keyword_id = k.id)"}]}]}, {"Node Type": "Index Scan", "Parent Relationship": "Inner", "Scan Direction": "Forward", "Index Name": "movie_id_movie_companies", "Relation Name": "movie_companies", "Alias": "mc", "Startup Cost": 0.0, "Total Cost": 0.31, "Plan Rows": 2, "Plan Width": 8, "Index Cond": "(movie_id = mk.movie_id)"}]}, {"Node Type": "Index Scan", "Parent Relationship": "Inner", "Scan Direction": "Forward", "Index Name": "company_name_pkey", "Relation Name": "company_name", "Alias": "cn", "Startup Cost": 0.0, "Total Cost": 0.28, "Plan Rows": 1, "Plan Width": 4, "Index Cond": "(id = mc.company_id)", "Filter": "((country_code)::text = '[nl]'::text)"}]}, {"Node Type": "Index Scan", "Parent Relationship": "Inner", "Scan Direction": "Forward", "Index Name": "title_pkey", "Relation Name": "title", "Alias": "t", "Startup Cost": 0.0, "Total Cost": 0.31, "Plan Rows": 1, "Plan Width": 21, "Index Cond": "(id = mk.movie_id)"}]}]}, "Unique SQL Id": 2804875951, "Planner Runtime": 1}, "explain_analyze_plan": {"Plan": {"Node Type": "Aggregate", "Strategy": "Plain", "Startup Cost": 3347.38, "Total Cost": 3347.39, "Plan Rows": 1, "Plan Width": 49, "Actual Startup Time": 1144.573, "Actual Total Time": 1144.573, "Actual Rows": 1, "Actual Loops": 1, "Plans": [{"Node Type": "Nested Loop", "Parent Relationship": "Outer", "Join Type": "Inner", "Startup Cost": 4.51, "Total Cost": 3347.38, "Plan Rows": 2, "Plan Width": 17, "Actual Startup Time": 13.303, "Actual Total Time": 1141.536, "Actual Rows": 5228, "Actual Loops": 1, "Inner Unique": true, "Join Filter": "(mc.movie_id = t.id)", "Rows Removed by Join Filter": 0, "Plans": [{"Node Type": "Nested Loop", "Parent Relationship": "Outer", "Join Type": "Inner", "Startup Cost": 4.51, "Total Cost": 3346.73, "Plan Rows": 2, "Plan Width": 8, "Actual Startup Time": 13.284, "Actual Total Time": 1112.719, "Actual Rows": 5228, "Actual Loops": 1, "Inner Unique": true, "Plans": [{"Node Type": "Nested Loop", "Parent Relationship": "Outer", "Join Type": "Inner", "Startup Cost": 4.51, "Total Cost": 3326.6, "Plan Rows": 70, "Plan Width": 12, "Actual Startup Time": 10.161, "Actual Total Time": 467.922, "Actual Rows": 148552, "Actual Loops": 1, "Inner Unique": false, "Plans": [{"Node Type": "Nested Loop", "Parent Relationship": "Outer", "Join Type": "Inner", "Startup Cost": 4.51, "Total Cost": 3315.63, "Plan Rows": 33, "Plan Width": 4, "Actual Startup Time": 10.133, "Actual Total Time": 176.342, "Actual Rows": 41840, "Actual Loops": 1, "Inner Unique": false, "Plans": [{"Node Type": "Index Scan", "Parent Relationship": "Outer", "Scan Direction": "Forward", "Index Name": "keyword_pkey", "Relation Name": "keyword", "Alias": "k", "Startup Cost": 0.0, "Total Cost": 3182.72, "Plan Rows": 1, "Plan Width": 4, "Actual Startup Time": 0.204, "Actual Total Time": 116.389, "Actual Rows": 1, "Actual Loops": 1, "Filter": "((keyword)::text = 'character-name-in-title'::text)", "Rows Removed by Filter": 134168}, {"Node Type": "Bitmap Heap Scan", "Parent Relationship": "Inner", "Relation Name": "movie_keyword", "Alias": "mk", "Startup Cost": 4.51, "Total Cost": 132.58, "Plan Rows": 33, "Plan Width": 8, "Actual Startup Time": 9.922, "Actual Total Time": 51.446, "Actual Rows": 41840, "Actual Loops": 1, "Recheck Cond": "(keyword_id = k.id)", "Rows Removed by Index Recheck": 0, "Exact Heap Blocks": 9702, "Lossy Heap Blocks": 9702, "Plans": [{"Node Type": "Bitmap Index Scan", "Parent Relationship": "Outer", "Index Name": "keyword_id_movie_keyword", "Startup Cost": 0.0, "Total Cost": 4.5, "Plan Rows": 33, "Plan Width": 0, "Actual Startup Time": 8.103, "Actual Total Time": 8.103, "Actual Rows": 41840, "Actual Loops": 1, "Index Cond": "(keyword_id = k.id)"}]}]}, {"Node Type": "Index Scan", "Parent Relationship": "Inner", "Scan Direction": "Forward", "Index Name": "movie_id_movie_companies", "Relation Name": "movie_companies", "Alias": "mc", "Startup Cost": 0.0, "Total Cost": 0.31, "Plan Rows": 2, "Plan Width": 8, "Actual Startup Time": 159.044, "Actual Total Time": 235.457, "Actual Rows": 148552, "Actual Loops": 41840, "Index Cond": "(movie_id = mk.movie_id)", "Rows Removed by Index Recheck": 0}]}, {"Node Type": "Index Scan", "Parent Relationship": "Inner", "Scan Direction": "Forward", "Index Name": "company_name_pkey", "Relation Name": "company_name", "Alias": "cn", "Startup Cost": 0.0, "Total Cost": 0.28, "Plan Rows": 1, "Plan Width": 4, "Actual Startup Time": 571.46, "Actual Total Time": 571.46, "Actual Rows": 5228, "Actual Loops": 148552, "Index Cond": "(id = mc.company_id)", "Rows Removed by Index Recheck": 0, "Filter": "((country_code)::text = '[nl]'::text)", "Rows Removed by Filter": 143324}]}, {"Node Type": "Index Scan", "Parent Relationship": "Inner", "Scan Direction": "Forward", "Index Name": "title_pkey", "Relation Name": "title", "Alias": "t", "Startup Cost": 0.0, "Total Cost": 0.31, "Plan Rows": 1, "Plan Width": 21, "Actual Startup Time": 23.224, "Actual Total Time": 23.224, "Actual Rows": 5228, "Actual Loops": 5228, "Index Cond": "(id = mk.movie_id)", "Rows Removed by Index Recheck": 0}]}]}, "Triggers": [], "Planner Runtime": 9.253, "Total Runtime": 1144.942, "Unique SQL Id": 2804875951}}, "(1, '50')": {"explain_plan": {"Plan": {"Node Type": "Aggregate", "Strategy": "Plain", "Startup Cost": 3019.97, "Total Cost": 3019.98, "Plan Rows": 1, "Plan Width": 49, "Plans": [{"Node Type": "Nested Loop", "Parent Relationship": "Outer", "Join Type": "Inner", "Startup Cost": 5.3, "Total Cost": 3019.97, "Plan Rows": 2, "Plan Width": 17, "Inner Unique": true, "Join Filter": "(mc.movie_id = t.id)", "Plans": [{"Node Type": "Nested Loop", "Parent Relationship": "Outer", "Join Type": "Inner", "Startup Cost": 5.04, "Total Cost": 3011.39, "Plan Rows": 2, "Plan Width": 8, "Inner Unique": true, "Plans": [{"Node Type": "Nested Loop", "Parent Relationship": "Outer", "Join Type": "Inner", "Startup Cost": 4.78, "Total Cost": 2711.55, "Plan Rows": 70, "Plan Width": 12, "Inner Unique": false, "Plans": [{"Node Type": "Nested Loop", "Parent Relationship": "Outer", "Join Type": "Inner", "Startup Cost": 4.51, "Total Cost": 2569.02, "Plan Rows": 33, "Plan Width": 4, "Inner Unique": false, "Plans": [{"Node Type": "Seq Scan", "Parent Relationship": "Outer", "Relation Name": "keyword", "Alias": "k", "Startup Cost": 0.0, "Total Cost": 2436.11, "Plan Rows": 1, "Plan Width": 4, "Filter": "((keyword)::text = 'character-name-in-title'::text)"}, {"Node Type": "Bitmap Heap Scan", "Parent Relationship": "Inner", "Relation Name": "movie_keyword", "Alias": "mk", "Startup Cost": 4.51, "Total Cost": 132.58, "Plan Rows": 33, "Plan Width": 8, "Recheck Cond": "(keyword_id = k.id)", "Plans": [{"Node Type": "Bitmap Index Scan", "Parent Relationship": "Outer", "Index Name": "keyword_id_movie_keyword", "Startup Cost": 0.0, "Total Cost": 4.5, "Plan Rows": 33, "Plan Width": 0, "Index Cond": "(keyword_id = k.id)"}]}]}, {"Node Type": "Bitmap Heap Scan", "Parent Relationship": "Inner", "Relation Name": "movie_companies", "Alias": "mc", "Startup Cost": 0.27, "Total Cost": 4.3, "Plan Rows": 2, "Plan Width": 8, "Recheck Cond": "(movie_id = mk.movie_id)", "Plans": [{"Node Type": "Bitmap Index Scan", "Parent Relationship": "Outer", "Index Name": "movie_id_movie_companies", "Startup Cost": 0.0, "Total Cost": 0.27, "Plan Rows": 2, "Plan Width": 0, "Index Cond": "(movie_id = mk.movie_id)"}]}]}, {"Node Type": "Bitmap Heap Scan", "Parent Relationship": "Inner", "Relation Name": "company_name", "Alias": "cn", "Startup Cost": 0.26, "Total Cost": 4.27, "Plan Rows": 1, "Plan Width": 4, "Recheck Cond": "(id = mc.company_id)", "Filter": "((country_code)::text = '[nl]'::text)", "Plans": [{"Node Type": "Bitmap Index Scan", "Parent Relationship": "Outer", "Index Name": "company_name_pkey", "Startup Cost": 0.0, "Total Cost": 0.26, "Plan Rows": 1, "Plan Width": 0, "Index Cond": "(id = mc.company_id)"}]}]}, {"Node Type": "Bitmap Heap Scan", "Parent Relationship": "Inner", "Relation Name": "title", "Alias": "t", "Startup Cost": 0.27, "Total Cost": 4.28, "Plan Rows": 1, "Plan Width": 21, "Recheck Cond": "(id = mk.movie_id)", "Plans": [{"Node Type": "Bitmap Index Scan", "Parent Relationship": "Outer", "Index Name": "title_pkey", "Startup Cost": 0.0, "Total Cost": 0.27, "Plan Rows": 1, "Plan Width": 0, "Index Cond": "(id = mk.movie_id)"}]}]}]}, "Unique SQL Id": 2804875951, "Planner Runtime": 1}, "explain_analyze_plan": {"Plan": {"Node Type": "Aggregate", "Strategy": "Plain", "Startup Cost": 3019.97, "Total Cost": 3019.98, "Plan Rows": 1, "Plan Width": 49, "Actual Startup Time": 1387.256, "Actual Total Time": 1387.257, "Actual Rows": 1, "Actual Loops": 1, "Plans": [{"Node Type": "Nested Loop", "Parent Relationship": "Outer", "Join Type": "Inner", "Startup Cost": 5.3, "Total Cost": 3019.97, "Plan Rows": 2, "Plan Width": 17, "Actual Startup Time": 15.885, "Actual Total Time": 1382.928, "Actual Rows": 5228, "Actual Loops": 1, "Inner Unique": true, "Join Filter": "(mc.movie_id = t.id)", "Rows Removed by Join Filter": 0, "Plans": [{"Node Type": "Nested Loop", "Parent Relationship": "Outer", "Join Type": "Inner", "Startup Cost": 5.04, "Total Cost": 3011.39, "Plan Rows": 2, "Plan Width": 8, "Actual Startup Time": 15.861, "Actual Total Time": 1346.204, "Actual Rows": 5228, "Actual Loops": 1, "Inner Unique": true, "Plans": [{"Node Type": "Nested Loop", "Parent Relationship": "Outer", "Join Type": "Inner", "Startup Cost": 4.78, "Total Cost": 2711.55, "Plan Rows": 70, "Plan Width": 12, "Actual Startup Time": 11.506, "Actual Total Time": 487.661, "Actual Rows": 148552, "Actual Loops": 1, "Inner Unique": false, "Plans": [{"Node Type": "Nested Loop", "Parent Relationship": "Outer", "Join Type": "Inner", "Startup Cost": 4.51, "Total Cost": 2569.02, "Plan Rows": 33, "Plan Width": 4, "Actual Startup Time": 11.467, "Actual Total Time": 97.589, "Actual Rows": 41840, "Actual Loops": 1, "Inner Unique": false, "Plans": [{"Node Type": "Seq Scan", "Parent Relationship": "Outer", "Relation Name": "keyword", "Alias": "k", "Startup Cost": 0.0, "Total Cost": 2436.11, "Plan Rows": 1, "Plan Width": 4, "Actual Startup Time": 1.835, "Actual Total Time": 40.613, "Actual Rows": 1, "Actual Loops": 1, "Filter": "((keyword)::text = 'character-name-in-title'::text)", "Rows Removed by Filter": 134168}, {"Node Type": "Bitmap Heap Scan", "Parent Relationship": "Inner", "Relation Name": "movie_keyword", "Alias": "mk", "Startup Cost": 4.51, "Total Cost": 132.58, "Plan Rows": 33, "Plan Width": 8, "Actual Startup Time": 9.627, "Actual Total Time": 47.321, "Actual Rows": 41840, "Actual Loops": 1, "Recheck Cond": "(keyword_id = k.id)", "Rows Removed by Index Recheck": 0, "Exact Heap Blocks": 9702, "Lossy Heap Blocks": 9702, "Plans": [{"Node Type": "Bitmap Index Scan", "Parent Relationship": "Outer", "Index Name": "keyword_id_movie_keyword", "Startup Cost": 0.0, "Total Cost": 4.5, "Plan Rows": 33, "Plan Width": 0, "Actual Startup Time": 7.876, "Actual Total Time": 7.876, "Actual Rows": 41840, "Actual Loops": 1, "Index Cond": "(keyword_id = k.id)"}]}]}, {"Node Type": "Bitmap Heap Scan", "Parent Relationship": "Inner", "Relation Name": "movie_companies", "Alias": "mc", "Startup Cost": 0.27, "Total Cost": 4.3, "Plan Rows": 2, "Plan Width": 8, "Actual Startup Time": 249.986, "Actual Total Time": 306.048, "Actual Rows": 148552, "Actual Loops": 41840, "Recheck Cond": "(movie_id = mk.movie_id)", "Rows Removed by Index Recheck": 0, "Exact Heap Blocks": 62638, "Lossy Heap Blocks": 62638, "Plans": [{"Node Type": "Bitmap Index Scan", "Parent Relationship": "Outer", "Index Name": "movie_id_movie_companies", "Startup Cost": 0.0, "Total Cost": 0.27, "Plan Rows": 2, "Plan Width": 0, "Actual Startup Time": 154.185, "Actual Total Time": 154.185, "Actual Rows": 148552, "Actual Loops": 41840, "Index Cond": "(movie_id = mk.movie_id)"}]}]}, {"Node Type": "Bitmap Heap Scan", "Parent Relationship": "Inner", "Relation Name": "company_name", "Alias": "cn", "Startup Cost": 0.26, "Total Cost": 4.27, "Plan Rows": 1, "Plan Width": 4, "Actual Startup Time": 692.747, "Actual Total Time": 692.747, "Actual Rows": 5228, "Actual Loops": 148552, "Recheck Cond": "(id = mc.company_id)", "Rows Removed by Index Recheck": 0, "Filter": "((country_code)::text = '[nl]'::text)", "Rows Removed by Filter": 143324, "Exact Heap Blocks": 148552, "Lossy Heap Blocks": 148552, "Plans": [{"Node Type": "Bitmap Index Scan", "Parent Relationship": "Outer", "Index Name": "company_name_pkey", "Startup Cost": 0.0, "Total Cost": 0.26, "Plan Rows": 1, "Plan Width": 0, "Actual Startup Time": 381.81, "Actual Total Time": 381.81, "Actual Rows": 148552, "Actual Loops": 148552, "Index Cond": "(id = mc.company_id)"}]}]}, {"Node Type": "Bitmap Heap Scan", "Parent Relationship": "Inner", "Relation Name": "title", "Alias": "t", "Startup Cost": 0.27, "Total Cost": 4.28, "Plan Rows": 1, "Plan Width": 21, "Actual Startup Time": 27.63, "Actual Total Time": 27.63, "Actual Rows": 5228, "Actual Loops": 5228, "Recheck Cond": "(id = mk.movie_id)", "Rows Removed by Index Recheck": 0, "Exact Heap Blocks": 5228, "Lossy Heap Blocks": 5228, "Plans": [{"Node Type": "Bitmap Index Scan", "Parent Relationship": "Outer", "Index Name": "title_pkey", "Startup Cost": 0.0, "Total Cost": 0.27, "Plan Rows": 1, "Plan Width": 0, "Actual Startup Time": 16.841, "Actual Total Time": 16.841, "Actual Rows": 5228, "Actual Loops": 5228, "Index Cond": "(id = mk.movie_id)"}]}]}]}, "Triggers": [], "Planner Runtime": 9.24, "Total Runtime": 1387.727, "Unique SQL Id": 2804875951}}, "(1, '51')": {"explain_plan": {"Plan": {"Node Type": "Aggregate", "Strategy": "Plain", "Startup Cost": 1000025545541.31, "Total Cost": 1000025545541.32, "Plan Rows": 1, "Plan Width": 49, "Plans": [{"Node Type": "Nested Loop", "Parent Relationship": "Outer", "Join Type": "Inner", "Startup Cost": 10000000001.12, "Total Cost": 1000025545541.31, "Plan Rows": 2, "Plan Width": 17, "Inner Unique": true, "Join Filter": "(mc.movie_id = t.id)", "Plans": [{"Node Type": "Nested Loop", "Parent Relationship": "Outer", "Join Type": "Inner", "Startup Cost": 10000000000.85, "Total Cost": 1000025545532.73, "Plan Rows": 2, "Plan Width": 8, "Inner Unique": true, "Plans": [{"Node Type": "Nested Loop", "Parent Relationship": "Outer", "Join Type": "Inner", "Startup Cost": 10000000000.6, "Total Cost": 1000024380163.58, "Plan Rows": 272107, "Plan Width": 12, "Inner Unique": false, "Plans": [{"Node Type": "Nested Loop", "Parent Relationship": "Outer", "Join Type": "Inner", "Startup Cost": 10000000000.26, "Total Cost": 1000024227793.07, "Plan Rows": 33725, "Plan Width": 4, "Inner Unique": true, "Plans": [{"Node Type": "Index Scan", "Parent Relationship": "Outer", "Scan Direction": "Forward", "Index Name": "movie_id_movie_companies", "Relation Name": "movie_companies", "Alias": "mc", "Startup Cost": 10000000000.0, "Total Cost": 1000013051946.13, "Plan Rows": 2609128, "Plan Width": 8}, {"Node Type": "Bitmap Heap Scan", "Parent Relationship": "Inner", "Relation Name": "company_name", "Alias": "cn", "Startup Cost": 0.26, "Total Cost": 4.27, "Plan Rows": 1, "Plan Width": 4, "Recheck Cond": "(id = mc.company_id)", "Filter": "((country_code)::text = '[nl]'::text)", "Plans": [{"Node Type": "Bitmap Index Scan", "Parent Relationship": "Outer", "Index Name": "company_name_pkey", "Startup Cost": 0.0, "Total Cost": 0.26, "Plan Rows": 1, "Plan Width": 0, "Index Cond": "(id = mc.company_id)"}]}]}, {"Node Type": "Bitmap Heap Scan", "Parent Relationship": "Inner", "Relation Name": "movie_keyword", "Alias": "mk", "Startup Cost": 0.34, "Total Cost": 4.44, "Plan Rows": 8, "Plan Width": 8, "Recheck Cond": "(movie_id = mc.movie_id)", "Plans": [{"Node Type": "Bitmap Index Scan", "Parent Relationship": "Outer", "Index Name": "movie_id_movie_keyword", "Startup Cost": 0.0, "Total Cost": 0.34, "Plan Rows": 8, "Plan Width": 0, "Index Cond": "(movie_id = mc.movie_id)"}]}]}, {"Node Type": "Bitmap Heap Scan", "Parent Relationship": "Inner", "Relation Name": "keyword", "Alias": "k", "Startup Cost": 0.26, "Total Cost": 4.27, "Plan Rows": 1, "Plan Width": 4, "Recheck Cond": "(id = mk.keyword_id)", "Filter": "((keyword)::text = 'character-name-in-title'::text)", "Plans": [{"Node Type": "Bitmap Index Scan", "Parent Relationship": "Outer", "Index Name": "keyword_pkey", "Startup Cost": 0.0, "Total Cost": 0.26, "Plan Rows": 1, "Plan Width": 0, "Index Cond": "(id = mk.keyword_id)"}]}]}, {"Node Type": "Bitmap Heap Scan", "Parent Relationship": "Inner", "Relation Name": "title", "Alias": "t", "Startup Cost": 0.27, "Total Cost": 4.28, "Plan Rows": 1, "Plan Width": 21, "Recheck Cond": "(id = mk.movie_id)", "Plans": [{"Node Type": "Bitmap Index Scan", "Parent Relationship": "Outer", "Index Name": "title_pkey", "Startup Cost": 0.0, "Total Cost": 0.27, "Plan Rows": 1, "Plan Width": 0, "Index Cond": "(id = mk.movie_id)"}]}]}]}, "Unique SQL Id": 2804875951, "Planner Runtime": 1}, "explain_analyze_plan": null}, "(1, '52')": {"explain_plan": {"Plan": {"Node Type": "Aggregate", "Strategy": "Plain", "Startup Cost": 2600.78, "Total Cost": 2600.79, "Plan Rows": 1, "Plan Width": 49, "Plans": [{"Node Type": "Nested Loop", "Parent Relationship": "Outer", "Join Type": "Inner", "Startup Cost": 4.51, "Total Cost": 2600.77, "Plan Rows": 2, "Plan Width": 17, "Inner Unique": true, "Join Filter": "(mc.movie_id = t.id)", "Plans": [{"Node Type": "Nested Loop", "Parent Relationship": "Outer", "Join Type": "Inner", "Startup Cost": 4.51, "Total Cost": 2600.13, "Plan Rows": 2, "Plan Width": 8, "Inner Unique": true, "Plans": [{"Node Type": "Nested Loop", "Parent Relationship": "Outer", "Join Type": "Inner", "Startup Cost": 4.51, "Total Cost": 2579.99, "Plan Rows": 70, "Plan Width": 12, "Inner Unique": false, "Plans": [{"Node Type": "Nested Loop", "Parent Relationship": "Outer", "Join Type": "Inner", "Startup Cost": 4.51, "Total Cost": 2569.02, "Plan Rows": 33, "Plan Width": 4, "Inner Unique": false, "Plans": [{"Node Type": "Seq Scan", "Parent Relationship": "Outer", "Relation Name": "keyword", "Alias": "k", "Startup Cost": 0.0, "Total Cost": 2436.11, "Plan Rows": 1, "Plan Width": 4, "Filter": "((keyword)::text = 'character-name-in-title'::text)"}, {"Node Type": "Bitmap Heap Scan", "Parent Relationship": "Inner", "Relation Name": "movie_keyword", "Alias": "mk", "Startup Cost": 4.51, "Total Cost": 132.58, "Plan Rows": 33, "Plan Width": 8, "Recheck Cond": "(keyword_id = k.id)", "Plans": [{"Node Type": "Bitmap Index Scan", "Parent Relationship": "Outer", "Index Name": "keyword_id_movie_keyword", "Startup Cost": 0.0, "Total Cost": 4.5, "Plan Rows": 33, "Plan Width": 0, "Index Cond": "(keyword_id = k.id)"}]}]}, {"Node Type": "Index Scan", "Parent Relationship": "Inner", "Scan Direction": "Forward", "Index Name": "movie_id_movie_companies", "Relation Name": "movie_companies", "Alias": "mc", "Startup Cost": 0.0, "Total Cost": 0.31, "Plan Rows": 2, "Plan Width": 8, "Index Cond": "(movie_id = mk.movie_id)"}]}, {"Node Type": "Index Scan", "Parent Relationship": "Inner", "Scan Direction": "Forward", "Index Name": "company_name_pkey", "Relation Name": "company_name", "Alias": "cn", "Startup Cost": 0.0, "Total Cost": 0.28, "Plan Rows": 1, "Plan Width": 4, "Index Cond": "(id = mc.company_id)", "Filter": "((country_code)::text = '[nl]'::text)"}]}, {"Node Type": "Index Scan", "Parent Relationship": "Inner", "Scan Direction": "Forward", "Index Name": "title_pkey", "Relation Name": "title", "Alias": "t", "Startup Cost": 0.0, "Total Cost": 0.31, "Plan Rows": 1, "Plan Width": 21, "Index Cond": "(id = mk.movie_id)"}]}]}, "Unique SQL Id": 2804875951, "Planner Runtime": 1}, "explain_analyze_plan": {"Plan": {"Node Type": "Aggregate", "Strategy": "Plain", "Startup Cost": 2600.78, "Total Cost": 2600.79, "Plan Rows": 1, "Plan Width": 49, "Actual Startup Time": 1030.503, "Actual Total Time": 1030.504, "Actual Rows": 1, "Actual Loops": 1, "Plans": [{"Node Type": "Nested Loop", "Parent Relationship": "Outer", "Join Type": "Inner", "Startup Cost": 4.51, "Total Cost": 2600.77, "Plan Rows": 2, "Plan Width": 17, "Actual Startup Time": 12.804, "Actual Total Time": 1027.312, "Actual Rows": 5228, "Actual Loops": 1, "Inner Unique": true, "Join Filter": "(mc.movie_id = t.id)", "Rows Removed by Join Filter": 0, "Plans": [{"Node Type": "Nested Loop", "Parent Relationship": "Outer", "Join Type": "Inner", "Startup Cost": 4.51, "Total Cost": 2600.13, "Plan Rows": 2, "Plan Width": 8, "Actual Startup Time": 12.789, "Actual Total Time": 999.562, "Actual Rows": 5228, "Actual Loops": 1, "Inner Unique": true, "Plans": [{"Node Type": "Nested Loop", "Parent Relationship": "Outer", "Join Type": "Inner", "Startup Cost": 4.51, "Total Cost": 2579.99, "Plan Rows": 70, "Plan Width": 12, "Actual Startup Time": 9.902, "Actual Total Time": 379.592, "Actual Rows": 148552, "Actual Loops": 1, "Inner Unique": false, "Plans": [{"Node Type": "Nested Loop", "Parent Relationship": "Outer", "Join Type": "Inner", "Startup Cost": 4.51, "Total Cost": 2569.02, "Plan Rows": 33, "Plan Width": 4, "Actual Startup Time": 9.868, "Actual Total Time": 99.354, "Actual Rows": 41840, "Actual Loops": 1, "Inner Unique": false, "Plans": [{"Node Type": "Seq Scan", "Parent Relationship": "Outer", "Relation Name": "keyword", "Alias": "k", "Startup Cost": 0.0, "Total Cost": 2436.11, "Plan Rows": 1, "Plan Width": 4, "Actual Startup Time": 1.773, "Actual Total Time": 43.194, "Actual Rows": 1, "Actual Loops": 1, "Filter": "((keyword)::text = 'character-name-in-title'::text)", "Rows Removed by Filter": 134168}, {"Node Type": "Bitmap Heap Scan", "Parent Relationship": "Inner", "Relation Name": "movie_keyword", "Alias": "mk", "Startup Cost": 4.51, "Total Cost": 132.58, "Plan Rows": 33, "Plan Width": 8, "Actual Startup Time": 8.084, "Actual Total Time": 47.664, "Actual Rows": 41840, "Actual Loops": 1, "Recheck Cond": "(keyword_id = k.id)", "Rows Removed by Index Recheck": 0, "Exact Heap Blocks": 9702, "Lossy Heap Blocks": 9702, "Plans": [{"Node Type": "Bitmap Index Scan", "Parent Relationship": "Outer", "Index Name": "keyword_id_movie_keyword", "Startup Cost": 0.0, "Total Cost": 4.5, "Plan Rows": 33, "Plan Width": 0, "Actual Startup Time": 6.347, "Actual Total Time": 6.347, "Actual Rows": 41840, "Actual Loops": 1, "Index Cond": "(keyword_id = k.id)"}]}]}, {"Node Type": "Index Scan", "Parent Relationship": "Inner", "Scan Direction": "Forward", "Index Name": "movie_id_movie_companies", "Relation Name": "movie_companies", "Alias": "mc", "Startup Cost": 0.0, "Total Cost": 0.31, "Plan Rows": 2, "Plan Width": 8, "Actual Startup Time": 150.532, "Actual Total Time": 224.079, "Actual Rows": 148552, "Actual Loops": 41840, "Index Cond": "(movie_id = mk.movie_id)", "Rows Removed by Index Recheck": 0}]}, {"Node Type": "Index Scan", "Parent Relationship": "Inner", "Scan Direction": "Forward", "Index Name": "company_name_pkey", "Relation Name": "company_name", "Alias": "cn", "Startup Cost": 0.0, "Total Cost": 0.28, "Plan Rows": 1, "Plan Width": 4, "Actual Startup Time": 548.003, "Actual Total Time": 548.003, "Actual Rows": 5228, "Actual Loops": 148552, "Index Cond": "(id = mc.company_id)", "Rows Removed by Index Recheck": 0, "Filter": "((country_code)::text = '[nl]'::text)", "Rows Removed by Filter": 143324}]}, {"Node Type": "Index Scan", "Parent Relationship": "Inner", "Scan Direction": "Forward", "Index Name": "title_pkey", "Relation Name": "title", "Alias": "t", "Startup Cost": 0.0, "Total Cost": 0.31, "Plan Rows": 1, "Plan Width": 21, "Actual Startup Time": 21.778, "Actual Total Time": 21.778, "Actual Rows": 5228, "Actual Loops": 5228, "Index Cond": "(id = mk.movie_id)", "Rows Removed by Index Recheck": 0}]}]}, "Triggers": [], "Planner Runtime": 9.476, "Total Runtime": 1030.831, "Unique SQL Id": 2804875951}}, "(1, '53')": {"explain_plan": {"Plan": {"Node Type": "Aggregate", "Strategy": "Plain", "Startup Cost": 3347.38, "Total Cost": 3347.39, "Plan Rows": 1, "Plan Width": 49, "Plans": [{"Node Type": "Nested Loop", "Parent Relationship": "Outer", "Join Type": "Inner", "Startup Cost": 4.51, "Total Cost": 3347.38, "Plan Rows": 2, "Plan Width": 17, "Inner Unique": true, "Join Filter": "(mc.movie_id = t.id)", "Plans": [{"Node Type": "Nested Loop", "Parent Relationship": "Outer", "Join Type": "Inner", "Startup Cost": 4.51, "Total Cost": 3346.73, "Plan Rows": 2, "Plan Width": 8, "Inner Unique": true, "Plans": [{"Node Type": "Nested Loop", "Parent Relationship": "Outer", "Join Type": "Inner", "Startup Cost": 4.51, "Total Cost": 3326.6, "Plan Rows": 70, "Plan Width": 12, "Inner Unique": false, "Plans": [{"Node Type": "Nested Loop", "Parent Relationship": "Outer", "Join Type": "Inner", "Startup Cost": 4.51, "Total Cost": 3315.63, "Plan Rows": 33, "Plan Width": 4, "Inner Unique": false, "Plans": [{"Node Type": "Index Scan", "Parent Relationship": "Outer", "Scan Direction": "Forward", "Index Name": "keyword_pkey", "Relation Name": "keyword", "Alias": "k", "Startup Cost": 0.0, "Total Cost": 3182.72, "Plan Rows": 1, "Plan Width": 4, "Filter": "((keyword)::text = 'character-name-in-title'::text)"}, {"Node Type": "Bitmap Heap Scan", "Parent Relationship": "Inner", "Relation Name": "movie_keyword", "Alias": "mk", "Startup Cost": 4.51, "Total Cost": 132.58, "Plan Rows": 33, "Plan Width": 8, "Recheck Cond": "(keyword_id = k.id)", "Plans": [{"Node Type": "Bitmap Index Scan", "Parent Relationship": "Outer", "Index Name": "keyword_id_movie_keyword", "Startup Cost": 0.0, "Total Cost": 4.5, "Plan Rows": 33, "Plan Width": 0, "Index Cond": "(keyword_id = k.id)"}]}]}, {"Node Type": "Index Scan", "Parent Relationship": "Inner", "Scan Direction": "Forward", "Index Name": "movie_id_movie_companies", "Relation Name": "movie_companies", "Alias": "mc", "Startup Cost": 0.0, "Total Cost": 0.31, "Plan Rows": 2, "Plan Width": 8, "Index Cond": "(movie_id = mk.movie_id)"}]}, {"Node Type": "Index Scan", "Parent Relationship": "Inner", "Scan Direction": "Forward", "Index Name": "company_name_pkey", "Relation Name": "company_name", "Alias": "cn", "Startup Cost": 0.0, "Total Cost": 0.28, "Plan Rows": 1, "Plan Width": 4, "Index Cond": "(id = mc.company_id)", "Filter": "((country_code)::text = '[nl]'::text)"}]}, {"Node Type": "Index Scan", "Parent Relationship": "Inner", "Scan Direction": "Forward", "Index Name": "title_pkey", "Relation Name": "title", "Alias": "t", "Startup Cost": 0.0, "Total Cost": 0.31, "Plan Rows": 1, "Plan Width": 21, "Index Cond": "(id = mk.movie_id)"}]}]}, "Unique SQL Id": 2804875951, "Planner Runtime": 1}, "explain_analyze_plan": {"Plan": {"Node Type": "Aggregate", "Strategy": "Plain", "Startup Cost": 3347.38, "Total Cost": 3347.39, "Plan Rows": 1, "Plan Width": 49, "Actual Startup Time": 1144.573, "Actual Total Time": 1144.573, "Actual Rows": 1, "Actual Loops": 1, "Plans": [{"Node Type": "Nested Loop", "Parent Relationship": "Outer", "Join Type": "Inner", "Startup Cost": 4.51, "Total Cost": 3347.38, "Plan Rows": 2, "Plan Width": 17, "Actual Startup Time": 13.303, "Actual Total Time": 1141.536, "Actual Rows": 5228, "Actual Loops": 1, "Inner Unique": true, "Join Filter": "(mc.movie_id = t.id)", "Rows Removed by Join Filter": 0, "Plans": [{"Node Type": "Nested Loop", "Parent Relationship": "Outer", "Join Type": "Inner", "Startup Cost": 4.51, "Total Cost": 3346.73, "Plan Rows": 2, "Plan Width": 8, "Actual Startup Time": 13.284, "Actual Total Time": 1112.719, "Actual Rows": 5228, "Actual Loops": 1, "Inner Unique": true, "Plans": [{"Node Type": "Nested Loop", "Parent Relationship": "Outer", "Join Type": "Inner", "Startup Cost": 4.51, "Total Cost": 3326.6, "Plan Rows": 70, "Plan Width": 12, "Actual Startup Time": 10.161, "Actual Total Time": 467.922, "Actual Rows": 148552, "Actual Loops": 1, "Inner Unique": false, "Plans": [{"Node Type": "Nested Loop", "Parent Relationship": "Outer", "Join Type": "Inner", "Startup Cost": 4.51, "Total Cost": 3315.63, "Plan Rows": 33, "Plan Width": 4, "Actual Startup Time": 10.133, "Actual Total Time": 176.342, "Actual Rows": 41840, "Actual Loops": 1, "Inner Unique": false, "Plans": [{"Node Type": "Index Scan", "Parent Relationship": "Outer", "Scan Direction": "Forward", "Index Name": "keyword_pkey", "Relation Name": "keyword", "Alias": "k", "Startup Cost": 0.0, "Total Cost": 3182.72, "Plan Rows": 1, "Plan Width": 4, "Actual Startup Time": 0.204, "Actual Total Time": 116.389, "Actual Rows": 1, "Actual Loops": 1, "Filter": "((keyword)::text = 'character-name-in-title'::text)", "Rows Removed by Filter": 134168}, {"Node Type": "Bitmap Heap Scan", "Parent Relationship": "Inner", "Relation Name": "movie_keyword", "Alias": "mk", "Startup Cost": 4.51, "Total Cost": 132.58, "Plan Rows": 33, "Plan Width": 8, "Actual Startup Time": 9.922, "Actual Total Time": 51.446, "Actual Rows": 41840, "Actual Loops": 1, "Recheck Cond": "(keyword_id = k.id)", "Rows Removed by Index Recheck": 0, "Exact Heap Blocks": 9702, "Lossy Heap Blocks": 9702, "Plans": [{"Node Type": "Bitmap Index Scan", "Parent Relationship": "Outer", "Index Name": "keyword_id_movie_keyword", "Startup Cost": 0.0, "Total Cost": 4.5, "Plan Rows": 33, "Plan Width": 0, "Actual Startup Time": 8.103, "Actual Total Time": 8.103, "Actual Rows": 41840, "Actual Loops": 1, "Index Cond": "(keyword_id = k.id)"}]}]}, {"Node Type": "Index Scan", "Parent Relationship": "Inner", "Scan Direction": "Forward", "Index Name": "movie_id_movie_companies", "Relation Name": "movie_companies", "Alias": "mc", "Startup Cost": 0.0, "Total Cost": 0.31, "Plan Rows": 2, "Plan Width": 8, "Actual Startup Time": 159.044, "Actual Total Time": 235.457, "Actual Rows": 148552, "Actual Loops": 41840, "Index Cond": "(movie_id = mk.movie_id)", "Rows Removed by Index Recheck": 0}]}, {"Node Type": "Index Scan", "Parent Relationship": "Inner", "Scan Direction": "Forward", "Index Name": "company_name_pkey", "Relation Name": "company_name", "Alias": "cn", "Startup Cost": 0.0, "Total Cost": 0.28, "Plan Rows": 1, "Plan Width": 4, "Actual Startup Time": 571.46, "Actual Total Time": 571.46, "Actual Rows": 5228, "Actual Loops": 148552, "Index Cond": "(id = mc.company_id)", "Rows Removed by Index Recheck": 0, "Filter": "((country_code)::text = '[nl]'::text)", "Rows Removed by Filter": 143324}]}, {"Node Type": "Index Scan", "Parent Relationship": "Inner", "Scan Direction": "Forward", "Index Name": "title_pkey", "Relation Name": "title", "Alias": "t", "Startup Cost": 0.0, "Total Cost": 0.31, "Plan Rows": 1, "Plan Width": 21, "Actual Startup Time": 23.224, "Actual Total Time": 23.224, "Actual Rows": 5228, "Actual Loops": 5228, "Index Cond": "(id = mk.movie_id)", "Rows Removed by Index Recheck": 0}]}]}, "Triggers": [], "Planner Runtime": 9.253, "Total Runtime": 1144.942, "Unique SQL Id": 2804875951}}, "(1, '54')": {"explain_plan": {"Plan": {"Node Type": "Aggregate", "Strategy": "Plain", "Startup Cost": 3019.97, "Total Cost": 3019.98, "Plan Rows": 1, "Plan Width": 49, "Plans": [{"Node Type": "Nested Loop", "Parent Relationship": "Outer", "Join Type": "Inner", "Startup Cost": 5.3, "Total Cost": 3019.97, "Plan Rows": 2, "Plan Width": 17, "Inner Unique": true, "Join Filter": "(mc.movie_id = t.id)", "Plans": [{"Node Type": "Nested Loop", "Parent Relationship": "Outer", "Join Type": "Inner", "Startup Cost": 5.04, "Total Cost": 3011.39, "Plan Rows": 2, "Plan Width": 8, "Inner Unique": true, "Plans": [{"Node Type": "Nested Loop", "Parent Relationship": "Outer", "Join Type": "Inner", "Startup Cost": 4.78, "Total Cost": 2711.55, "Plan Rows": 70, "Plan Width": 12, "Inner Unique": false, "Plans": [{"Node Type": "Nested Loop", "Parent Relationship": "Outer", "Join Type": "Inner", "Startup Cost": 4.51, "Total Cost": 2569.02, "Plan Rows": 33, "Plan Width": 4, "Inner Unique": false, "Plans": [{"Node Type": "Seq Scan", "Parent Relationship": "Outer", "Relation Name": "keyword", "Alias": "k", "Startup Cost": 0.0, "Total Cost": 2436.11, "Plan Rows": 1, "Plan Width": 4, "Filter": "((keyword)::text = 'character-name-in-title'::text)"}, {"Node Type": "Bitmap Heap Scan", "Parent Relationship": "Inner", "Relation Name": "movie_keyword", "Alias": "mk", "Startup Cost": 4.51, "Total Cost": 132.58, "Plan Rows": 33, "Plan Width": 8, "Recheck Cond": "(keyword_id = k.id)", "Plans": [{"Node Type": "Bitmap Index Scan", "Parent Relationship": "Outer", "Index Name": "keyword_id_movie_keyword", "Startup Cost": 0.0, "Total Cost": 4.5, "Plan Rows": 33, "Plan Width": 0, "Index Cond": "(keyword_id = k.id)"}]}]}, {"Node Type": "Bitmap Heap Scan", "Parent Relationship": "Inner", "Relation Name": "movie_companies", "Alias": "mc", "Startup Cost": 0.27, "Total Cost": 4.3, "Plan Rows": 2, "Plan Width": 8, "Recheck Cond": "(movie_id = mk.movie_id)", "Plans": [{"Node Type": "Bitmap Index Scan", "Parent Relationship": "Outer", "Index Name": "movie_id_movie_companies", "Startup Cost": 0.0, "Total Cost": 0.27, "Plan Rows": 2, "Plan Width": 0, "Index Cond": "(movie_id = mk.movie_id)"}]}]}, {"Node Type": "Bitmap Heap Scan", "Parent Relationship": "Inner", "Relation Name": "company_name", "Alias": "cn", "Startup Cost": 0.26, "Total Cost": 4.27, "Plan Rows": 1, "Plan Width": 4, "Recheck Cond": "(id = mc.company_id)", "Filter": "((country_code)::text = '[nl]'::text)", "Plans": [{"Node Type": "Bitmap Index Scan", "Parent Relationship": "Outer", "Index Name": "company_name_pkey", "Startup Cost": 0.0, "Total Cost": 0.26, "Plan Rows": 1, "Plan Width": 0, "Index Cond": "(id = mc.company_id)"}]}]}, {"Node Type": "Bitmap Heap Scan", "Parent Relationship": "Inner", "Relation Name": "title", "Alias": "t", "Startup Cost": 0.27, "Total Cost": 4.28, "Plan Rows": 1, "Plan Width": 21, "Recheck Cond": "(id = mk.movie_id)", "Plans": [{"Node Type": "Bitmap Index Scan", "Parent Relationship": "Outer", "Index Name": "title_pkey", "Startup Cost": 0.0, "Total Cost": 0.27, "Plan Rows": 1, "Plan Width": 0, "Index Cond": "(id = mk.movie_id)"}]}]}]}, "Unique SQL Id": 2804875951, "Planner Runtime": 1}, "explain_analyze_plan": {"Plan": {"Node Type": "Aggregate", "Strategy": "Plain", "Startup Cost": 3019.97, "Total Cost": 3019.98, "Plan Rows": 1, "Plan Width": 49, "Actual Startup Time": 1387.256, "Actual Total Time": 1387.257, "Actual Rows": 1, "Actual Loops": 1, "Plans": [{"Node Type": "Nested Loop", "Parent Relationship": "Outer", "Join Type": "Inner", "Startup Cost": 5.3, "Total Cost": 3019.97, "Plan Rows": 2, "Plan Width": 17, "Actual Startup Time": 15.885, "Actual Total Time": 1382.928, "Actual Rows": 5228, "Actual Loops": 1, "Inner Unique": true, "Join Filter": "(mc.movie_id = t.id)", "Rows Removed by Join Filter": 0, "Plans": [{"Node Type": "Nested Loop", "Parent Relationship": "Outer", "Join Type": "Inner", "Startup Cost": 5.04, "Total Cost": 3011.39, "Plan Rows": 2, "Plan Width": 8, "Actual Startup Time": 15.861, "Actual Total Time": 1346.204, "Actual Rows": 5228, "Actual Loops": 1, "Inner Unique": true, "Plans": [{"Node Type": "Nested Loop", "Parent Relationship": "Outer", "Join Type": "Inner", "Startup Cost": 4.78, "Total Cost": 2711.55, "Plan Rows": 70, "Plan Width": 12, "Actual Startup Time": 11.506, "Actual Total Time": 487.661, "Actual Rows": 148552, "Actual Loops": 1, "Inner Unique": false, "Plans": [{"Node Type": "Nested Loop", "Parent Relationship": "Outer", "Join Type": "Inner", "Startup Cost": 4.51, "Total Cost": 2569.02, "Plan Rows": 33, "Plan Width": 4, "Actual Startup Time": 11.467, "Actual Total Time": 97.589, "Actual Rows": 41840, "Actual Loops": 1, "Inner Unique": false, "Plans": [{"Node Type": "Seq Scan", "Parent Relationship": "Outer", "Relation Name": "keyword", "Alias": "k", "Startup Cost": 0.0, "Total Cost": 2436.11, "Plan Rows": 1, "Plan Width": 4, "Actual Startup Time": 1.835, "Actual Total Time": 40.613, "Actual Rows": 1, "Actual Loops": 1, "Filter": "((keyword)::text = 'character-name-in-title'::text)", "Rows Removed by Filter": 134168}, {"Node Type": "Bitmap Heap Scan", "Parent Relationship": "Inner", "Relation Name": "movie_keyword", "Alias": "mk", "Startup Cost": 4.51, "Total Cost": 132.58, "Plan Rows": 33, "Plan Width": 8, "Actual Startup Time": 9.627, "Actual Total Time": 47.321, "Actual Rows": 41840, "Actual Loops": 1, "Recheck Cond": "(keyword_id = k.id)", "Rows Removed by Index Recheck": 0, "Exact Heap Blocks": 9702, "Lossy Heap Blocks": 9702, "Plans": [{"Node Type": "Bitmap Index Scan", "Parent Relationship": "Outer", "Index Name": "keyword_id_movie_keyword", "Startup Cost": 0.0, "Total Cost": 4.5, "Plan Rows": 33, "Plan Width": 0, "Actual Startup Time": 7.876, "Actual Total Time": 7.876, "Actual Rows": 41840, "Actual Loops": 1, "Index Cond": "(keyword_id = k.id)"}]}]}, {"Node Type": "Bitmap Heap Scan", "Parent Relationship": "Inner", "Relation Name": "movie_companies", "Alias": "mc", "Startup Cost": 0.27, "Total Cost": 4.3, "Plan Rows": 2, "Plan Width": 8, "Actual Startup Time": 249.986, "Actual Total Time": 306.048, "Actual Rows": 148552, "Actual Loops": 41840, "Recheck Cond": "(movie_id = mk.movie_id)", "Rows Removed by Index Recheck": 0, "Exact Heap Blocks": 62638, "Lossy Heap Blocks": 62638, "Plans": [{"Node Type": "Bitmap Index Scan", "Parent Relationship": "Outer", "Index Name": "movie_id_movie_companies", "Startup Cost": 0.0, "Total Cost": 0.27, "Plan Rows": 2, "Plan Width": 0, "Actual Startup Time": 154.185, "Actual Total Time": 154.185, "Actual Rows": 148552, "Actual Loops": 41840, "Index Cond": "(movie_id = mk.movie_id)"}]}]}, {"Node Type": "Bitmap Heap Scan", "Parent Relationship": "Inner", "Relation Name": "company_name", "Alias": "cn", "Startup Cost": 0.26, "Total Cost": 4.27, "Plan Rows": 1, "Plan Width": 4, "Actual Startup Time": 692.747, "Actual Total Time": 692.747, "Actual Rows": 5228, "Actual Loops": 148552, "Recheck Cond": "(id = mc.company_id)", "Rows Removed by Index Recheck": 0, "Filter": "((country_code)::text = '[nl]'::text)", "Rows Removed by Filter": 143324, "Exact Heap Blocks": 148552, "Lossy Heap Blocks": 148552, "Plans": [{"Node Type": "Bitmap Index Scan", "Parent Relationship": "Outer", "Index Name": "company_name_pkey", "Startup Cost": 0.0, "Total Cost": 0.26, "Plan Rows": 1, "Plan Width": 0, "Actual Startup Time": 381.81, "Actual Total Time": 381.81, "Actual Rows": 148552, "Actual Loops": 148552, "Index Cond": "(id = mc.company_id)"}]}]}, {"Node Type": "Bitmap Heap Scan", "Parent Relationship": "Inner", "Relation Name": "title", "Alias": "t", "Startup Cost": 0.27, "Total Cost": 4.28, "Plan Rows": 1, "Plan Width": 21, "Actual Startup Time": 27.63, "Actual Total Time": 27.63, "Actual Rows": 5228, "Actual Loops": 5228, "Recheck Cond": "(id = mk.movie_id)", "Rows Removed by Index Recheck": 0, "Exact Heap Blocks": 5228, "Lossy Heap Blocks": 5228, "Plans": [{"Node Type": "Bitmap Index Scan", "Parent Relationship": "Outer", "Index Name": "title_pkey", "Startup Cost": 0.0, "Total Cost": 0.27, "Plan Rows": 1, "Plan Width": 0, "Actual Startup Time": 16.841, "Actual Total Time": 16.841, "Actual Rows": 5228, "Actual Loops": 5228, "Index Cond": "(id = mk.movie_id)"}]}]}]}, "Triggers": [], "Planner Runtime": 9.24, "Total Runtime": 1387.727, "Unique SQL Id": 2804875951}}, "(1, '55')": {"explain_plan": {"Plan": {"Node Type": "Aggregate", "Strategy": "Plain", "Startup Cost": 1000025545541.31, "Total Cost": 1000025545541.32, "Plan Rows": 1, "Plan Width": 49, "Plans": [{"Node Type": "Nested Loop", "Parent Relationship": "Outer", "Join Type": "Inner", "Startup Cost": 10000000001.12, "Total Cost": 1000025545541.31, "Plan Rows": 2, "Plan Width": 17, "Inner Unique": true, "Join Filter": "(mc.movie_id = t.id)", "Plans": [{"Node Type": "Nested Loop", "Parent Relationship": "Outer", "Join Type": "Inner", "Startup Cost": 10000000000.85, "Total Cost": 1000025545532.73, "Plan Rows": 2, "Plan Width": 8, "Inner Unique": true, "Plans": [{"Node Type": "Nested Loop", "Parent Relationship": "Outer", "Join Type": "Inner", "Startup Cost": 10000000000.6, "Total Cost": 1000024380163.58, "Plan Rows": 272107, "Plan Width": 12, "Inner Unique": false, "Plans": [{"Node Type": "Nested Loop", "Parent Relationship": "Outer", "Join Type": "Inner", "Startup Cost": 10000000000.26, "Total Cost": 1000024227793.07, "Plan Rows": 33725, "Plan Width": 4, "Inner Unique": true, "Plans": [{"Node Type": "Index Scan", "Parent Relationship": "Outer", "Scan Direction": "Forward", "Index Name": "movie_id_movie_companies", "Relation Name": "movie_companies", "Alias": "mc", "Startup Cost": 10000000000.0, "Total Cost": 1000013051946.13, "Plan Rows": 2609128, "Plan Width": 8}, {"Node Type": "Bitmap Heap Scan", "Parent Relationship": "Inner", "Relation Name": "company_name", "Alias": "cn", "Startup Cost": 0.26, "Total Cost": 4.27, "Plan Rows": 1, "Plan Width": 4, "Recheck Cond": "(id = mc.company_id)", "Filter": "((country_code)::text = '[nl]'::text)", "Plans": [{"Node Type": "Bitmap Index Scan", "Parent Relationship": "Outer", "Index Name": "company_name_pkey", "Startup Cost": 0.0, "Total Cost": 0.26, "Plan Rows": 1, "Plan Width": 0, "Index Cond": "(id = mc.company_id)"}]}]}, {"Node Type": "Bitmap Heap Scan", "Parent Relationship": "Inner", "Relation Name": "movie_keyword", "Alias": "mk", "Startup Cost": 0.34, "Total Cost": 4.44, "Plan Rows": 8, "Plan Width": 8, "Recheck Cond": "(movie_id = mc.movie_id)", "Plans": [{"Node Type": "Bitmap Index Scan", "Parent Relationship": "Outer", "Index Name": "movie_id_movie_keyword", "Startup Cost": 0.0, "Total Cost": 0.34, "Plan Rows": 8, "Plan Width": 0, "Index Cond": "(movie_id = mc.movie_id)"}]}]}, {"Node Type": "Bitmap Heap Scan", "Parent Relationship": "Inner", "Relation Name": "keyword", "Alias": "k", "Startup Cost": 0.26, "Total Cost": 4.27, "Plan Rows": 1, "Plan Width": 4, "Recheck Cond": "(id = mk.keyword_id)", "Filter": "((keyword)::text = 'character-name-in-title'::text)", "Plans": [{"Node Type": "Bitmap Index Scan", "Parent Relationship": "Outer", "Index Name": "keyword_pkey", "Startup Cost": 0.0, "Total Cost": 0.26, "Plan Rows": 1, "Plan Width": 0, "Index Cond": "(id = mk.keyword_id)"}]}]}, {"Node Type": "Bitmap Heap Scan", "Parent Relationship": "Inner", "Relation Name": "title", "Alias": "t", "Startup Cost": 0.27, "Total Cost": 4.28, "Plan Rows": 1, "Plan Width": 21, "Recheck Cond": "(id = mk.movie_id)", "Plans": [{"Node Type": "Bitmap Index Scan", "Parent Relationship": "Outer", "Index Name": "title_pkey", "Startup Cost": 0.0, "Total Cost": 0.27, "Plan Rows": 1, "Plan Width": 0, "Index Cond": "(id = mk.movie_id)"}]}]}]}, "Unique SQL Id": 2804875951, "Planner Runtime": 1}, "explain_analyze_plan": null}, "(1, '56')": {"explain_plan": {"Plan": {"Node Type": "Aggregate", "Strategy": "Plain", "Startup Cost": 2605.07, "Total Cost": 2605.08, "Plan Rows": 1, "Plan Width": 49, "Plans": [{"Node Type": "Nested Loop", "Parent Relationship": "Outer", "Join Type": "Inner", "Startup Cost": 0.0, "Total Cost": 2605.07, "Plan Rows": 2, "Plan Width": 17, "Inner Unique": true, "Join Filter": "(mc.movie_id = t.id)", "Plans": [{"Node Type": "Nested Loop", "Parent Relationship": "Outer", "Join Type": "Inner", "Startup Cost": 0.0, "Total Cost": 2604.42, "Plan Rows": 2, "Plan Width": 8, "Inner Unique": true, "Plans": [{"Node Type": "Nested Loop", "Parent Relationship": "Outer", "Join Type": "Inner", "Startup Cost": 0.0, "Total Cost": 2584.29, "Plan Rows": 70, "Plan Width": 12, "Inner Unique": false, "Plans": [{"Node Type": "Nested Loop", "Parent Relationship": "Outer", "Join Type": "Inner", "Startup Cost": 0.0, "Total Cost": 2573.32, "Plan Rows": 33, "Plan Width": 4, "Inner Unique": false, "Plans": [{"Node Type": "Seq Scan", "Parent Relationship": "Outer", "Relation Name": "keyword", "Alias": "k", "Startup Cost": 0.0, "Total Cost": 2436.11, "Plan Rows": 1, "Plan Width": 4, "Filter": "((keyword)::text = 'character-name-in-title'::text)"}, {"Node Type": "Index Scan", "Parent Relationship": "Inner", "Scan Direction": "Forward", "Index Name": "keyword_id_movie_keyword", "Relation Name": "movie_keyword", "Alias": "mk", "Startup Cost": 0.0, "Total Cost": 136.88, "Plan Rows": 33, "Plan Width": 8, "Index Cond": "(keyword_id = k.id)"}]}, {"Node Type": "Index Scan", "Parent Relationship": "Inner", "Scan Direction": "Forward", "Index Name": "movie_id_movie_companies", "Relation Name": "movie_companies", "Alias": "mc", "Startup Cost": 0.0, "Total Cost": 0.31, "Plan Rows": 2, "Plan Width": 8, "Index Cond": "(movie_id = mk.movie_id)"}]}, {"Node Type": "Index Scan", "Parent Relationship": "Inner", "Scan Direction": "Forward", "Index Name": "company_name_pkey", "Relation Name": "company_name", "Alias": "cn", "Startup Cost": 0.0, "Total Cost": 0.28, "Plan Rows": 1, "Plan Width": 4, "Index Cond": "(id = mc.company_id)", "Filter": "((country_code)::text = '[nl]'::text)"}]}, {"Node Type": "Index Scan", "Parent Relationship": "Inner", "Scan Direction": "Forward", "Index Name": "title_pkey", "Relation Name": "title", "Alias": "t", "Startup Cost": 0.0, "Total Cost": 0.31, "Plan Rows": 1, "Plan Width": 21, "Index Cond": "(id = mk.movie_id)"}]}]}, "Unique SQL Id": 2804875951, "Planner Runtime": 1}, "explain_analyze_plan": {"Plan": {"Node Type": "Aggregate", "Strategy": "Plain", "Startup Cost": 2605.07, "Total Cost": 2605.08, "Plan Rows": 1, "Plan Width": 49, "Actual Startup Time": 1018.693, "Actual Total Time": 1018.694, "Actual Rows": 1, "Actual Loops": 1, "Plans": [{"Node Type": "Nested Loop", "Parent Relationship": "Outer", "Join Type": "Inner", "Startup Cost": 0.0, "Total Cost": 2605.07, "Plan Rows": 2, "Plan Width": 17, "Actual Startup Time": 4.88, "Actual Total Time": 1015.562, "Actual Rows": 5228, "Actual Loops": 1, "Inner Unique": true, "Join Filter": "(mc.movie_id = t.id)", "Rows Removed by Join Filter": 0, "Plans": [{"Node Type": "Nested Loop", "Parent Relationship": "Outer", "Join Type": "Inner", "Startup Cost": 0.0, "Total Cost": 2604.42, "Plan Rows": 2, "Plan Width": 8, "Actual Startup Time": 4.865, "Actual Total Time": 988.098, "Actual Rows": 5228, "Actual Loops": 1, "Inner Unique": true, "Plans": [{"Node Type": "Nested Loop", "Parent Relationship": "Outer", "Join Type": "Inner", "Startup Cost": 0.0, "Total Cost": 2584.29, "Plan Rows": 70, "Plan Width": 12, "Actual Startup Time": 1.836, "Actual Total Time": 368.761, "Actual Rows": 148552, "Actual Loops": 1, "Inner Unique": false, "Plans": [{"Node Type": "Nested Loop", "Parent Relationship": "Outer", "Join Type": "Inner", "Startup Cost": 0.0, "Total Cost": 2573.32, "Plan Rows": 33, "Plan Width": 4, "Actual Startup Time": 1.817, "Actual Total Time": 90.483, "Actual Rows": 41840, "Actual Loops": 1, "Inner Unique": false, "Plans": [{"Node Type": "Seq Scan", "Parent Relationship": "Outer", "Relation Name": "keyword", "Alias": "k", "Startup Cost": 0.0, "Total Cost": 2436.11, "Plan Rows": 1, "Plan Width": 4, "Actual Startup Time": 1.79, "Actual Total Time": 42.521, "Actual Rows": 1, "Actual Loops": 1, "Filter": "((keyword)::text = 'character-name-in-title'::text)", "Rows Removed by Filter": 134168}, {"Node Type": "Index Scan", "Parent Relationship": "Inner", "Scan Direction": "Forward", "Index Name": "keyword_id_movie_keyword", "Relation Name": "movie_keyword", "Alias": "mk", "Startup Cost": 0.0, "Total Cost": 136.88, "Plan Rows": 33, "Plan Width": 8, "Actual Startup Time": 0.021, "Actual Total Time": 38.672, "Actual Rows": 41840, "Actual Loops": 1, "Index Cond": "(keyword_id = k.id)", "Rows Removed by Index Recheck": 0}]}, {"Node Type": "Index Scan", "Parent Relationship": "Inner", "Scan Direction": "Forward", "Index Name": "movie_id_movie_companies", "Relation Name": "movie_companies", "Alias": "mc", "Startup Cost": 0.0, "Total Cost": 0.31, "Plan Rows": 2, "Plan Width": 8, "Actual Startup Time": 149.771, "Actual Total Time": 222.908, "Actual Rows": 148552, "Actual Loops": 41840, "Index Cond": "(movie_id = mk.movie_id)", "Rows Removed by Index Recheck": 0}]}, {"Node Type": "Index Scan", "Parent Relationship": "Inner", "Scan Direction": "Forward", "Index Name": "company_name_pkey", "Relation Name": "company_name", "Alias": "cn", "Startup Cost": 0.0, "Total Cost": 0.28, "Plan Rows": 1, "Plan Width": 4, "Actual Startup Time": 548.889, "Actual Total Time": 548.889, "Actual Rows": 5228, "Actual Loops": 148552, "Index Cond": "(id = mc.company_id)", "Rows Removed by Index Recheck": 0, "Filter": "((country_code)::text = '[nl]'::text)", "Rows Removed by Filter": 143324}]}, {"Node Type": "Index Scan", "Parent Relationship": "Inner", "Scan Direction": "Forward", "Index Name": "title_pkey", "Relation Name": "title", "Alias": "t", "Startup Cost": 0.0, "Total Cost": 0.31, "Plan Rows": 1, "Plan Width": 21, "Actual Startup Time": 21.677, "Actual Total Time": 21.677, "Actual Rows": 5228, "Actual Loops": 5228, "Index Cond": "(id = mk.movie_id)", "Rows Removed by Index Recheck": 0}]}]}, "Triggers": [], "Planner Runtime": 9.006, "Total Runtime": 1018.947, "Unique SQL Id": 2804875951}}, "(1, '57')": {"explain_plan": {"Plan": {"Node Type": "Aggregate", "Strategy": "Plain", "Startup Cost": 3351.67, "Total Cost": 3351.68, "Plan Rows": 1, "Plan Width": 49, "Plans": [{"Node Type": "Nested Loop", "Parent Relationship": "Outer", "Join Type": "Inner", "Startup Cost": 0.0, "Total Cost": 3351.67, "Plan Rows": 2, "Plan Width": 17, "Inner Unique": true, "Join Filter": "(mc.movie_id = t.id)", "Plans": [{"Node Type": "Nested Loop", "Parent Relationship": "Outer", "Join Type": "Inner", "Startup Cost": 0.0, "Total Cost": 3351.03, "Plan Rows": 2, "Plan Width": 8, "Inner Unique": true, "Plans": [{"Node Type": "Nested Loop", "Parent Relationship": "Outer", "Join Type": "Inner", "Startup Cost": 0.0, "Total Cost": 3330.89, "Plan Rows": 70, "Plan Width": 12, "Inner Unique": false, "Plans": [{"Node Type": "Nested Loop", "Parent Relationship": "Outer", "Join Type": "Inner", "Startup Cost": 0.0, "Total Cost": 3319.92, "Plan Rows": 33, "Plan Width": 4, "Inner Unique": false, "Plans": [{"Node Type": "Index Scan", "Parent Relationship": "Outer", "Scan Direction": "Forward", "Index Name": "keyword_pkey", "Relation Name": "keyword", "Alias": "k", "Startup Cost": 0.0, "Total Cost": 3182.72, "Plan Rows": 1, "Plan Width": 4, "Filter": "((keyword)::text = 'character-name-in-title'::text)"}, {"Node Type": "Index Scan", "Parent Relationship": "Inner", "Scan Direction": "Forward", "Index Name": "keyword_id_movie_keyword", "Relation Name": "movie_keyword", "Alias": "mk", "Startup Cost": 0.0, "Total Cost": 136.88, "Plan Rows": 33, "Plan Width": 8, "Index Cond": "(keyword_id = k.id)"}]}, {"Node Type": "Index Scan", "Parent Relationship": "Inner", "Scan Direction": "Forward", "Index Name": "movie_id_movie_companies", "Relation Name": "movie_companies", "Alias": "mc", "Startup Cost": 0.0, "Total Cost": 0.31, "Plan Rows": 2, "Plan Width": 8, "Index Cond": "(movie_id = mk.movie_id)"}]}, {"Node Type": "Index Scan", "Parent Relationship": "Inner", "Scan Direction": "Forward", "Index Name": "company_name_pkey", "Relation Name": "company_name", "Alias": "cn", "Startup Cost": 0.0, "Total Cost": 0.28, "Plan Rows": 1, "Plan Width": 4, "Index Cond": "(id = mc.company_id)", "Filter": "((country_code)::text = '[nl]'::text)"}]}, {"Node Type": "Index Scan", "Parent Relationship": "Inner", "Scan Direction": "Forward", "Index Name": "title_pkey", "Relation Name": "title", "Alias": "t", "Startup Cost": 0.0, "Total Cost": 0.31, "Plan Rows": 1, "Plan Width": 21, "Index Cond": "(id = mk.movie_id)"}]}]}, "Unique SQL Id": 2804875951, "Planner Runtime": 1}, "explain_analyze_plan": {"Plan": {"Node Type": "Aggregate", "Strategy": "Plain", "Startup Cost": 3351.67, "Total Cost": 3351.68, "Plan Rows": 1, "Plan Width": 49, "Actual Startup Time": 1104.099, "Actual Total Time": 1104.099, "Actual Rows": 1, "Actual Loops": 1, "Plans": [{"Node Type": "Nested Loop", "Parent Relationship": "Outer", "Join Type": "Inner", "Startup Cost": 0.0, "Total Cost": 3351.67, "Plan Rows": 2, "Plan Width": 17, "Actual Startup Time": 3.277, "Actual Total Time": 1101.041, "Actual Rows": 5228, "Actual Loops": 1, "Inner Unique": true, "Join Filter": "(mc.movie_id = t.id)", "Rows Removed by Join Filter": 0, "Plans": [{"Node Type": "Nested Loop", "Parent Relationship": "Outer", "Join Type": "Inner", "Startup Cost": 0.0, "Total Cost": 3351.03, "Plan Rows": 2, "Plan Width": 8, "Actual Startup Time": 3.261, "Actual Total Time": 1073.962, "Actual Rows": 5228, "Actual Loops": 1, "Inner Unique": true, "Plans": [{"Node Type": "Nested Loop", "Parent Relationship": "Outer", "Join Type": "Inner", "Startup Cost": 0.0, "Total Cost": 3330.89, "Plan Rows": 70, "Plan Width": 12, "Actual Startup Time": 0.244, "Actual Total Time": 439.938, "Actual Rows": 148552, "Actual Loops": 1, "Inner Unique": false, "Plans": [{"Node Type": "Nested Loop", "Parent Relationship": "Outer", "Join Type": "Inner", "Startup Cost": 0.0, "Total Cost": 3319.92, "Plan Rows": 33, "Plan Width": 4, "Actual Startup Time": 0.228, "Actual Total Time": 160.992, "Actual Rows": 41840, "Actual Loops": 1, "Inner Unique": false, "Plans": [{"Node Type": "Index Scan", "Parent Relationship": "Outer", "Scan Direction": "Forward", "Index Name": "keyword_pkey", "Relation Name": "keyword", "Alias": "k", "Startup Cost": 0.0, "Total Cost": 3182.72, "Plan Rows": 1, "Plan Width": 4, "Actual Startup Time": 0.209, "Actual Total Time": 114.577, "Actual Rows": 1, "Actual Loops": 1, "Filter": "((keyword)::text = 'character-name-in-title'::text)", "Rows Removed by Filter": 134168}, {"Node Type": "Index Scan", "Parent Relationship": "Inner", "Scan Direction": "Forward", "Index Name": "keyword_id_movie_keyword", "Relation Name": "movie_keyword", "Alias": "mk", "Startup Cost": 0.0, "Total Cost": 136.88, "Plan Rows": 33, "Plan Width": 8, "Actual Startup Time": 0.015, "Actual Total Time": 37.044, "Actual Rows": 41840, "Actual Loops": 1, "Index Cond": "(keyword_id = k.id)", "Rows Removed by Index Recheck": 0}]}, {"Node Type": "Index Scan", "Parent Relationship": "Inner", "Scan Direction": "Forward", "Index Name": "movie_id_movie_companies", "Relation Name": "movie_companies", "Alias": "mc", "Startup Cost": 0.0, "Total Cost": 0.31, "Plan Rows": 2, "Plan Width": 8, "Actual Startup Time": 150.187, "Actual Total Time": 222.909, "Actual Rows": 148552, "Actual Loops": 41840, "Index Cond": "(movie_id = mk.movie_id)", "Rows Removed by Index Recheck": 0}]}, {"Node Type": "Index Scan", "Parent Relationship": "Inner", "Scan Direction": "Forward", "Index Name": "company_name_pkey", "Relation Name": "company_name", "Alias": "cn", "Startup Cost": 0.0, "Total Cost": 0.28, "Plan Rows": 1, "Plan Width": 4, "Actual Startup Time": 562.098, "Actual Total Time": 562.098, "Actual Rows": 5228, "Actual Loops": 148552, "Index Cond": "(id = mc.company_id)", "Rows Removed by Index Recheck": 0, "Filter": "((country_code)::text = '[nl]'::text)", "Rows Removed by Filter": 143324}]}, {"Node Type": "Index Scan", "Parent Relationship": "Inner", "Scan Direction": "Forward", "Index Name": "title_pkey", "Relation Name": "title", "Alias": "t", "Startup Cost": 0.0, "Total Cost": 0.31, "Plan Rows": 1, "Plan Width": 21, "Actual Startup Time": 21.503, "Actual Total Time": 21.503, "Actual Rows": 5228, "Actual Loops": 5228, "Index Cond": "(id = mk.movie_id)", "Rows Removed by Index Recheck": 0}]}]}, "Triggers": [], "Planner Runtime": 9.208, "Total Runtime": 1104.346, "Unique SQL Id": 2804875951}}, "(1, '58')": {"explain_plan": {"Plan": {"Node Type": "Aggregate", "Strategy": "Plain", "Startup Cost": 1598936.31, "Total Cost": 1598936.32, "Plan Rows": 1, "Plan Width": 49, "Plans": [{"Node Type": "Nested Loop", "Parent Relationship": "Outer", "Join Type": "Inner", "Startup Cost": 0.0, "Total Cost": 1598936.31, "Plan Rows": 2, "Plan Width": 17, "Inner Unique": false, "Join Filter": "(mc.movie_id = t.id)", "Plans": [{"Node Type": "Seq Scan", "Parent Relationship": "Outer", "Relation Name": "title", "Alias": "t", "Startup Cost": 0.0, "Total Cost": 60069.11, "Plan Rows": 2528311, "Plan Width": 21}, {"Node Type": "Materialize", "Parent Relationship": "Inner", "Startup Cost": 0.0, "Total Cost": 1463017.87, "Plan Rows": 2, "Plan Width": 8, "Plans": [{"Node Type": "Nested Loop", "Parent Relationship": "Outer", "Join Type": "Inner", "Startup Cost": 0.0, "Total Cost": 1463017.86, "Plan Rows": 2, "Plan Width": 8, "Inner Unique": false, "Join Filter": "(mc.company_id = cn.id)", "Plans": [{"Node Type": "Seq Scan", "Parent Relationship": "Outer", "Relation Name": "company_name", "Alias": "cn", "Startup Cost": 0.0, "Total Cost": 5903.45, "Plan Rows": 2240, "Plan Width": 4, "Filter": "((country_code)::text = '[nl]'::text)"}, {"Node Type": "Materialize", "Parent Relationship": "Inner", "Startup Cost": 0.0, "Total Cost": 1454762.59, "Plan Rows": 70, "Plan Width": 12, "Plans": [{"Node Type": "Nested Loop", "Parent Relationship": "Outer", "Join Type": "Inner", "Startup Cost": 0.0, "Total Cost": 1454762.24, "Plan Rows": 70, "Plan Width": 12, "Inner Unique": false, "Join Filter": "(mk.movie_id = mc.movie_id)", "Plans": [{"Node Type": "Seq Scan", "Parent Relationship": "Outer", "Relation Name": "movie_companies", "Alias": "mc", "Startup Cost": 0.0, "Total Cost": 41817.28, "Plan Rows": 2609128, "Plan Width": 8}, {"Node Type": "Materialize", "Parent Relationship": "Inner", "Startup Cost": 0.0, "Total Cost": 121426.68, "Plan Rows": 33, "Plan Width": 4, "Plans": [{"Node Type": "Nested Loop", "Parent Relationship": "Outer", "Join Type": "Inner", "Startup Cost": 0.0, "Total Cost": 121426.52, "Plan Rows": 33, "Plan Width": 4, "Inner Unique": false, "Join Filter": "(k.id = mk.keyword_id)", "Plans": [{"Node Type": "Seq Scan", "Parent Relationship": "Outer", "Relation Name": "keyword", "Alias": "k", "Startup Cost": 0.0, "Total Cost": 2436.11, "Plan Rows": 1, "Plan Width": 4, "Filter": "((keyword)::text = 'character-name-in-title'::text)"}, {"Node Type": "Seq Scan", "Parent Relationship": "Inner", "Relation Name": "movie_keyword", "Alias": "mk", "Startup Cost": 0.0, "Total Cost": 62441.29, "Plan Rows": 4523929, "Plan Width": 8}]}]}]}]}]}]}]}]}, "Unique SQL Id": 2804875951, "Planner Runtime": 1}, "explain_analyze_plan": null}, "(1, '59')": {"explain_plan": {"Plan": {"Node Type": "Aggregate", "Strategy": "Plain", "Startup Cost": 5000041492550.78, "Total Cost": 5000041492550.79, "Plan Rows": 1, "Plan Width": 49, "Plans": [{"Node Type": "Nested Loop", "Parent Relationship": "Outer", "Join Type": "Inner", "Startup Cost": 50000000000.0, "Total Cost": 5000041492550.77, "Plan Rows": 2, "Plan Width": 17, "Inner Unique": false, "Join Filter": "(mc.movie_id = t.id)", "Plans": [{"Node Type": "Index Scan", "Parent Relationship": "Outer", "Scan Direction": "Forward", "Index Name": "title_pkey", "Relation Name": "title", "Alias": "t", "Startup Cost": 10000000000.0, "Total Cost": 1000011012048.91, "Plan Rows": 2528311, "Plan Width": 21}, {"Node Type": "Materialize", "Parent Relationship": "Inner", "Startup Cost": 40000000000.0, "Total Cost": 4000030404652.53, "Plan Rows": 2, "Plan Width": 8, "Plans": [{"Node Type": "Nested Loop", "Parent Relationship": "Outer", "Join Type": "Inner", "Startup Cost": 40000000000.0, "Total Cost": 4000030404652.52, "Plan Rows": 2, "Plan Width": 8, "Inner Unique": true, "Join Filter": "(mc.company_id = cn.id)", "Plans": [{"Node Type": "Nested Loop", "Parent Relationship": "Outer", "Join Type": "Inner", "Startup Cost": 30000000000.0, "Total Cost": 3000029352155.95, "Plan Rows": 70, "Plan Width": 12, "Inner Unique": false, "Join Filter": "(mk.movie_id = mc.movie_id)", "Plans": [{"Node Type": "Nested Loop", "Parent Relationship": "Outer", "Join Type": "Inner", "Startup Cost": 20000000000.0, "Total Cost": 2000015686764.79, "Plan Rows": 33, "Plan Width": 4, "Inner Unique": true, "Join Filter": "(k.id = mk.keyword_id)", "Plans": [{"Node Type": "Index Scan", "Parent Relationship": "Outer", "Scan Direction": "Forward", "Index Name": "movie_id_movie_keyword", "Relation Name": "movie_keyword", "Alias": "mk", "Startup Cost": 10000000000.0, "Total Cost": 1000015300634.17, "Plan Rows": 4523929, "Plan Width": 8}, {"Node Type": "Materialize", "Parent Relationship": "Inner", "Startup Cost": 10000000000.0, "Total Cost": 1000000318271.69, "Plan Rows": 1, "Plan Width": 4, "Plans": [{"Node Type": "Index Scan", "Parent Relationship": "Outer", "Scan Direction": "Forward", "Index Name": "keyword_pkey", "Relation Name": "keyword", "Alias": "k", "Startup Cost": 10000000000.0, "Total Cost": 1000000318271.68, "Plan Rows": 1, "Plan Width": 4, "Filter": "((keyword)::text = 'character-name-in-title'::text)"}]}]}, {"Node Type": "Materialize", "Parent Relationship": "Inner", "Startup Cost": 10000000000.0, "Total Cost": 1000012380395.62, "Plan Rows": 2609128, "Plan Width": 8, "Plans": [{"Node Type": "Index Scan", "Parent Relationship": "Outer", "Scan Direction": "Forward", "Index Name": "company_id_movie_companies", "Relation Name": "movie_companies", "Alias": "mc", "Startup Cost": 10000000000.0, "Total Cost": 1000012367349.98, "Plan Rows": 2609128, "Plan Width": 8}]}]}, {"Node Type": "Materialize", "Parent Relationship": "Inner", "Startup Cost": 10000000000.0, "Total Cost": 1000001050150.17, "Plan Rows": 2240, "Plan Width": 4, "Plans": [{"Node Type": "Index Scan", "Parent Relationship": "Outer", "Scan Direction": "Forward", "Index Name": "company_name_pkey", "Relation Name": "company_name", "Alias": "cn", "Startup Cost": 10000000000.0, "Total Cost": 1000001050138.97, "Plan Rows": 2240, "Plan Width": 4, "Filter": "((country_code)::text = '[nl]'::text)"}]}]}]}]}]}, "Unique SQL Id": 2804875951, "Planner Runtime": 1}, "explain_analyze_plan": null}, "(1, '60')": {"explain_plan": {"Plan": {"Node Type": "Aggregate", "Strategy": "Plain", "Startup Cost": 2605.07, "Total Cost": 2605.08, "Plan Rows": 1, "Plan Width": 49, "Plans": [{"Node Type": "Nested Loop", "Parent Relationship": "Outer", "Join Type": "Inner", "Startup Cost": 0.0, "Total Cost": 2605.07, "Plan Rows": 2, "Plan Width": 17, "Inner Unique": true, "Join Filter": "(mc.movie_id = t.id)", "Plans": [{"Node Type": "Nested Loop", "Parent Relationship": "Outer", "Join Type": "Inner", "Startup Cost": 0.0, "Total Cost": 2604.42, "Plan Rows": 2, "Plan Width": 8, "Inner Unique": true, "Plans": [{"Node Type": "Nested Loop", "Parent Relationship": "Outer", "Join Type": "Inner", "Startup Cost": 0.0, "Total Cost": 2584.29, "Plan Rows": 70, "Plan Width": 12, "Inner Unique": false, "Plans": [{"Node Type": "Nested Loop", "Parent Relationship": "Outer", "Join Type": "Inner", "Startup Cost": 0.0, "Total Cost": 2573.32, "Plan Rows": 33, "Plan Width": 4, "Inner Unique": false, "Plans": [{"Node Type": "Seq Scan", "Parent Relationship": "Outer", "Relation Name": "keyword", "Alias": "k", "Startup Cost": 0.0, "Total Cost": 2436.11, "Plan Rows": 1, "Plan Width": 4, "Filter": "((keyword)::text = 'character-name-in-title'::text)"}, {"Node Type": "Index Scan", "Parent Relationship": "Inner", "Scan Direction": "Forward", "Index Name": "keyword_id_movie_keyword", "Relation Name": "movie_keyword", "Alias": "mk", "Startup Cost": 0.0, "Total Cost": 136.88, "Plan Rows": 33, "Plan Width": 8, "Index Cond": "(keyword_id = k.id)"}]}, {"Node Type": "Index Scan", "Parent Relationship": "Inner", "Scan Direction": "Forward", "Index Name": "movie_id_movie_companies", "Relation Name": "movie_companies", "Alias": "mc", "Startup Cost": 0.0, "Total Cost": 0.31, "Plan Rows": 2, "Plan Width": 8, "Index Cond": "(movie_id = mk.movie_id)"}]}, {"Node Type": "Index Scan", "Parent Relationship": "Inner", "Scan Direction": "Forward", "Index Name": "company_name_pkey", "Relation Name": "company_name", "Alias": "cn", "Startup Cost": 0.0, "Total Cost": 0.28, "Plan Rows": 1, "Plan Width": 4, "Index Cond": "(id = mc.company_id)", "Filter": "((country_code)::text = '[nl]'::text)"}]}, {"Node Type": "Index Scan", "Parent Relationship": "Inner", "Scan Direction": "Forward", "Index Name": "title_pkey", "Relation Name": "title", "Alias": "t", "Startup Cost": 0.0, "Total Cost": 0.31, "Plan Rows": 1, "Plan Width": 21, "Index Cond": "(id = mk.movie_id)"}]}]}, "Unique SQL Id": 2804875951, "Planner Runtime": 1}, "explain_analyze_plan": {"Plan": {"Node Type": "Aggregate", "Strategy": "Plain", "Startup Cost": 2605.07, "Total Cost": 2605.08, "Plan Rows": 1, "Plan Width": 49, "Actual Startup Time": 1018.693, "Actual Total Time": 1018.694, "Actual Rows": 1, "Actual Loops": 1, "Plans": [{"Node Type": "Nested Loop", "Parent Relationship": "Outer", "Join Type": "Inner", "Startup Cost": 0.0, "Total Cost": 2605.07, "Plan Rows": 2, "Plan Width": 17, "Actual Startup Time": 4.88, "Actual Total Time": 1015.562, "Actual Rows": 5228, "Actual Loops": 1, "Inner Unique": true, "Join Filter": "(mc.movie_id = t.id)", "Rows Removed by Join Filter": 0, "Plans": [{"Node Type": "Nested Loop", "Parent Relationship": "Outer", "Join Type": "Inner", "Startup Cost": 0.0, "Total Cost": 2604.42, "Plan Rows": 2, "Plan Width": 8, "Actual Startup Time": 4.865, "Actual Total Time": 988.098, "Actual Rows": 5228, "Actual Loops": 1, "Inner Unique": true, "Plans": [{"Node Type": "Nested Loop", "Parent Relationship": "Outer", "Join Type": "Inner", "Startup Cost": 0.0, "Total Cost": 2584.29, "Plan Rows": 70, "Plan Width": 12, "Actual Startup Time": 1.836, "Actual Total Time": 368.761, "Actual Rows": 148552, "Actual Loops": 1, "Inner Unique": false, "Plans": [{"Node Type": "Nested Loop", "Parent Relationship": "Outer", "Join Type": "Inner", "Startup Cost": 0.0, "Total Cost": 2573.32, "Plan Rows": 33, "Plan Width": 4, "Actual Startup Time": 1.817, "Actual Total Time": 90.483, "Actual Rows": 41840, "Actual Loops": 1, "Inner Unique": false, "Plans": [{"Node Type": "Seq Scan", "Parent Relationship": "Outer", "Relation Name": "keyword", "Alias": "k", "Startup Cost": 0.0, "Total Cost": 2436.11, "Plan Rows": 1, "Plan Width": 4, "Actual Startup Time": 1.79, "Actual Total Time": 42.521, "Actual Rows": 1, "Actual Loops": 1, "Filter": "((keyword)::text = 'character-name-in-title'::text)", "Rows Removed by Filter": 134168}, {"Node Type": "Index Scan", "Parent Relationship": "Inner", "Scan Direction": "Forward", "Index Name": "keyword_id_movie_keyword", "Relation Name": "movie_keyword", "Alias": "mk", "Startup Cost": 0.0, "Total Cost": 136.88, "Plan Rows": 33, "Plan Width": 8, "Actual Startup Time": 0.021, "Actual Total Time": 38.672, "Actual Rows": 41840, "Actual Loops": 1, "Index Cond": "(keyword_id = k.id)", "Rows Removed by Index Recheck": 0}]}, {"Node Type": "Index Scan", "Parent Relationship": "Inner", "Scan Direction": "Forward", "Index Name": "movie_id_movie_companies", "Relation Name": "movie_companies", "Alias": "mc", "Startup Cost": 0.0, "Total Cost": 0.31, "Plan Rows": 2, "Plan Width": 8, "Actual Startup Time": 149.771, "Actual Total Time": 222.908, "Actual Rows": 148552, "Actual Loops": 41840, "Index Cond": "(movie_id = mk.movie_id)", "Rows Removed by Index Recheck": 0}]}, {"Node Type": "Index Scan", "Parent Relationship": "Inner", "Scan Direction": "Forward", "Index Name": "company_name_pkey", "Relation Name": "company_name", "Alias": "cn", "Startup Cost": 0.0, "Total Cost": 0.28, "Plan Rows": 1, "Plan Width": 4, "Actual Startup Time": 548.889, "Actual Total Time": 548.889, "Actual Rows": 5228, "Actual Loops": 148552, "Index Cond": "(id = mc.company_id)", "Rows Removed by Index Recheck": 0, "Filter": "((country_code)::text = '[nl]'::text)", "Rows Removed by Filter": 143324}]}, {"Node Type": "Index Scan", "Parent Relationship": "Inner", "Scan Direction": "Forward", "Index Name": "title_pkey", "Relation Name": "title", "Alias": "t", "Startup Cost": 0.0, "Total Cost": 0.31, "Plan Rows": 1, "Plan Width": 21, "Actual Startup Time": 21.677, "Actual Total Time": 21.677, "Actual Rows": 5228, "Actual Loops": 5228, "Index Cond": "(id = mk.movie_id)", "Rows Removed by Index Recheck": 0}]}]}, "Triggers": [], "Planner Runtime": 9.006, "Total Runtime": 1018.947, "Unique SQL Id": 2804875951}}, "(1, '61')": {"explain_plan": {"Plan": {"Node Type": "Aggregate", "Strategy": "Plain", "Startup Cost": 3351.67, "Total Cost": 3351.68, "Plan Rows": 1, "Plan Width": 49, "Plans": [{"Node Type": "Nested Loop", "Parent Relationship": "Outer", "Join Type": "Inner", "Startup Cost": 0.0, "Total Cost": 3351.67, "Plan Rows": 2, "Plan Width": 17, "Inner Unique": true, "Join Filter": "(mc.movie_id = t.id)", "Plans": [{"Node Type": "Nested Loop", "Parent Relationship": "Outer", "Join Type": "Inner", "Startup Cost": 0.0, "Total Cost": 3351.03, "Plan Rows": 2, "Plan Width": 8, "Inner Unique": true, "Plans": [{"Node Type": "Nested Loop", "Parent Relationship": "Outer", "Join Type": "Inner", "Startup Cost": 0.0, "Total Cost": 3330.89, "Plan Rows": 70, "Plan Width": 12, "Inner Unique": false, "Plans": [{"Node Type": "Nested Loop", "Parent Relationship": "Outer", "Join Type": "Inner", "Startup Cost": 0.0, "Total Cost": 3319.92, "Plan Rows": 33, "Plan Width": 4, "Inner Unique": false, "Plans": [{"Node Type": "Index Scan", "Parent Relationship": "Outer", "Scan Direction": "Forward", "Index Name": "keyword_pkey", "Relation Name": "keyword", "Alias": "k", "Startup Cost": 0.0, "Total Cost": 3182.72, "Plan Rows": 1, "Plan Width": 4, "Filter": "((keyword)::text = 'character-name-in-title'::text)"}, {"Node Type": "Index Scan", "Parent Relationship": "Inner", "Scan Direction": "Forward", "Index Name": "keyword_id_movie_keyword", "Relation Name": "movie_keyword", "Alias": "mk", "Startup Cost": 0.0, "Total Cost": 136.88, "Plan Rows": 33, "Plan Width": 8, "Index Cond": "(keyword_id = k.id)"}]}, {"Node Type": "Index Scan", "Parent Relationship": "Inner", "Scan Direction": "Forward", "Index Name": "movie_id_movie_companies", "Relation Name": "movie_companies", "Alias": "mc", "Startup Cost": 0.0, "Total Cost": 0.31, "Plan Rows": 2, "Plan Width": 8, "Index Cond": "(movie_id = mk.movie_id)"}]}, {"Node Type": "Index Scan", "Parent Relationship": "Inner", "Scan Direction": "Forward", "Index Name": "company_name_pkey", "Relation Name": "company_name", "Alias": "cn", "Startup Cost": 0.0, "Total Cost": 0.28, "Plan Rows": 1, "Plan Width": 4, "Index Cond": "(id = mc.company_id)", "Filter": "((country_code)::text = '[nl]'::text)"}]}, {"Node Type": "Index Scan", "Parent Relationship": "Inner", "Scan Direction": "Forward", "Index Name": "title_pkey", "Relation Name": "title", "Alias": "t", "Startup Cost": 0.0, "Total Cost": 0.31, "Plan Rows": 1, "Plan Width": 21, "Index Cond": "(id = mk.movie_id)"}]}]}, "Unique SQL Id": 2804875951, "Planner Runtime": 1}, "explain_analyze_plan": {"Plan": {"Node Type": "Aggregate", "Strategy": "Plain", "Startup Cost": 3351.67, "Total Cost": 3351.68, "Plan Rows": 1, "Plan Width": 49, "Actual Startup Time": 1104.099, "Actual Total Time": 1104.099, "Actual Rows": 1, "Actual Loops": 1, "Plans": [{"Node Type": "Nested Loop", "Parent Relationship": "Outer", "Join Type": "Inner", "Startup Cost": 0.0, "Total Cost": 3351.67, "Plan Rows": 2, "Plan Width": 17, "Actual Startup Time": 3.277, "Actual Total Time": 1101.041, "Actual Rows": 5228, "Actual Loops": 1, "Inner Unique": true, "Join Filter": "(mc.movie_id = t.id)", "Rows Removed by Join Filter": 0, "Plans": [{"Node Type": "Nested Loop", "Parent Relationship": "Outer", "Join Type": "Inner", "Startup Cost": 0.0, "Total Cost": 3351.03, "Plan Rows": 2, "Plan Width": 8, "Actual Startup Time": 3.261, "Actual Total Time": 1073.962, "Actual Rows": 5228, "Actual Loops": 1, "Inner Unique": true, "Plans": [{"Node Type": "Nested Loop", "Parent Relationship": "Outer", "Join Type": "Inner", "Startup Cost": 0.0, "Total Cost": 3330.89, "Plan Rows": 70, "Plan Width": 12, "Actual Startup Time": 0.244, "Actual Total Time": 439.938, "Actual Rows": 148552, "Actual Loops": 1, "Inner Unique": false, "Plans": [{"Node Type": "Nested Loop", "Parent Relationship": "Outer", "Join Type": "Inner", "Startup Cost": 0.0, "Total Cost": 3319.92, "Plan Rows": 33, "Plan Width": 4, "Actual Startup Time": 0.228, "Actual Total Time": 160.992, "Actual Rows": 41840, "Actual Loops": 1, "Inner Unique": false, "Plans": [{"Node Type": "Index Scan", "Parent Relationship": "Outer", "Scan Direction": "Forward", "Index Name": "keyword_pkey", "Relation Name": "keyword", "Alias": "k", "Startup Cost": 0.0, "Total Cost": 3182.72, "Plan Rows": 1, "Plan Width": 4, "Actual Startup Time": 0.209, "Actual Total Time": 114.577, "Actual Rows": 1, "Actual Loops": 1, "Filter": "((keyword)::text = 'character-name-in-title'::text)", "Rows Removed by Filter": 134168}, {"Node Type": "Index Scan", "Parent Relationship": "Inner", "Scan Direction": "Forward", "Index Name": "keyword_id_movie_keyword", "Relation Name": "movie_keyword", "Alias": "mk", "Startup Cost": 0.0, "Total Cost": 136.88, "Plan Rows": 33, "Plan Width": 8, "Actual Startup Time": 0.015, "Actual Total Time": 37.044, "Actual Rows": 41840, "Actual Loops": 1, "Index Cond": "(keyword_id = k.id)", "Rows Removed by Index Recheck": 0}]}, {"Node Type": "Index Scan", "Parent Relationship": "Inner", "Scan Direction": "Forward", "Index Name": "movie_id_movie_companies", "Relation Name": "movie_companies", "Alias": "mc", "Startup Cost": 0.0, "Total Cost": 0.31, "Plan Rows": 2, "Plan Width": 8, "Actual Startup Time": 150.187, "Actual Total Time": 222.909, "Actual Rows": 148552, "Actual Loops": 41840, "Index Cond": "(movie_id = mk.movie_id)", "Rows Removed by Index Recheck": 0}]}, {"Node Type": "Index Scan", "Parent Relationship": "Inner", "Scan Direction": "Forward", "Index Name": "company_name_pkey", "Relation Name": "company_name", "Alias": "cn", "Startup Cost": 0.0, "Total Cost": 0.28, "Plan Rows": 1, "Plan Width": 4, "Actual Startup Time": 562.098, "Actual Total Time": 562.098, "Actual Rows": 5228, "Actual Loops": 148552, "Index Cond": "(id = mc.company_id)", "Rows Removed by Index Recheck": 0, "Filter": "((country_code)::text = '[nl]'::text)", "Rows Removed by Filter": 143324}]}, {"Node Type": "Index Scan", "Parent Relationship": "Inner", "Scan Direction": "Forward", "Index Name": "title_pkey", "Relation Name": "title", "Alias": "t", "Startup Cost": 0.0, "Total Cost": 0.31, "Plan Rows": 1, "Plan Width": 21, "Actual Startup Time": 21.503, "Actual Total Time": 21.503, "Actual Rows": 5228, "Actual Loops": 5228, "Index Cond": "(id = mk.movie_id)", "Rows Removed by Index Recheck": 0}]}]}, "Triggers": [], "Planner Runtime": 9.208, "Total Runtime": 1104.346, "Unique SQL Id": 2804875951}}, "(1, '62')": {"explain_plan": {"Plan": {"Node Type": "Aggregate", "Strategy": "Plain", "Startup Cost": 1598936.31, "Total Cost": 1598936.32, "Plan Rows": 1, "Plan Width": 49, "Plans": [{"Node Type": "Nested Loop", "Parent Relationship": "Outer", "Join Type": "Inner", "Startup Cost": 0.0, "Total Cost": 1598936.31, "Plan Rows": 2, "Plan Width": 17, "Inner Unique": false, "Join Filter": "(mc.movie_id = t.id)", "Plans": [{"Node Type": "Seq Scan", "Parent Relationship": "Outer", "Relation Name": "title", "Alias": "t", "Startup Cost": 0.0, "Total Cost": 60069.11, "Plan Rows": 2528311, "Plan Width": 21}, {"Node Type": "Materialize", "Parent Relationship": "Inner", "Startup Cost": 0.0, "Total Cost": 1463017.87, "Plan Rows": 2, "Plan Width": 8, "Plans": [{"Node Type": "Nested Loop", "Parent Relationship": "Outer", "Join Type": "Inner", "Startup Cost": 0.0, "Total Cost": 1463017.86, "Plan Rows": 2, "Plan Width": 8, "Inner Unique": false, "Join Filter": "(mc.company_id = cn.id)", "Plans": [{"Node Type": "Seq Scan", "Parent Relationship": "Outer", "Relation Name": "company_name", "Alias": "cn", "Startup Cost": 0.0, "Total Cost": 5903.45, "Plan Rows": 2240, "Plan Width": 4, "Filter": "((country_code)::text = '[nl]'::text)"}, {"Node Type": "Materialize", "Parent Relationship": "Inner", "Startup Cost": 0.0, "Total Cost": 1454762.59, "Plan Rows": 70, "Plan Width": 12, "Plans": [{"Node Type": "Nested Loop", "Parent Relationship": "Outer", "Join Type": "Inner", "Startup Cost": 0.0, "Total Cost": 1454762.24, "Plan Rows": 70, "Plan Width": 12, "Inner Unique": false, "Join Filter": "(mk.movie_id = mc.movie_id)", "Plans": [{"Node Type": "Seq Scan", "Parent Relationship": "Outer", "Relation Name": "movie_companies", "Alias": "mc", "Startup Cost": 0.0, "Total Cost": 41817.28, "Plan Rows": 2609128, "Plan Width": 8}, {"Node Type": "Materialize", "Parent Relationship": "Inner", "Startup Cost": 0.0, "Total Cost": 121426.68, "Plan Rows": 33, "Plan Width": 4, "Plans": [{"Node Type": "Nested Loop", "Parent Relationship": "Outer", "Join Type": "Inner", "Startup Cost": 0.0, "Total Cost": 121426.52, "Plan Rows": 33, "Plan Width": 4, "Inner Unique": false, "Join Filter": "(k.id = mk.keyword_id)", "Plans": [{"Node Type": "Seq Scan", "Parent Relationship": "Outer", "Relation Name": "keyword", "Alias": "k", "Startup Cost": 0.0, "Total Cost": 2436.11, "Plan Rows": 1, "Plan Width": 4, "Filter": "((keyword)::text = 'character-name-in-title'::text)"}, {"Node Type": "Seq Scan", "Parent Relationship": "Inner", "Relation Name": "movie_keyword", "Alias": "mk", "Startup Cost": 0.0, "Total Cost": 62441.29, "Plan Rows": 4523929, "Plan Width": 8}]}]}]}]}]}]}]}]}, "Unique SQL Id": 2804875951, "Planner Runtime": 1}, "explain_analyze_plan": null}, "(1, '63')": {"explain_plan": {"Plan": {"Node Type": "Aggregate", "Strategy": "Plain", "Startup Cost": 5000041492550.78, "Total Cost": 5000041492550.79, "Plan Rows": 1, "Plan Width": 49, "Plans": [{"Node Type": "Nested Loop", "Parent Relationship": "Outer", "Join Type": "Inner", "Startup Cost": 50000000000.0, "Total Cost": 5000041492550.77, "Plan Rows": 2, "Plan Width": 17, "Inner Unique": false, "Join Filter": "(mc.movie_id = t.id)", "Plans": [{"Node Type": "Index Scan", "Parent Relationship": "Outer", "Scan Direction": "Forward", "Index Name": "title_pkey", "Relation Name": "title", "Alias": "t", "Startup Cost": 10000000000.0, "Total Cost": 1000011012048.91, "Plan Rows": 2528311, "Plan Width": 21}, {"Node Type": "Materialize", "Parent Relationship": "Inner", "Startup Cost": 40000000000.0, "Total Cost": 4000030404652.53, "Plan Rows": 2, "Plan Width": 8, "Plans": [{"Node Type": "Nested Loop", "Parent Relationship": "Outer", "Join Type": "Inner", "Startup Cost": 40000000000.0, "Total Cost": 4000030404652.52, "Plan Rows": 2, "Plan Width": 8, "Inner Unique": true, "Join Filter": "(mc.company_id = cn.id)", "Plans": [{"Node Type": "Nested Loop", "Parent Relationship": "Outer", "Join Type": "Inner", "Startup Cost": 30000000000.0, "Total Cost": 3000029352155.95, "Plan Rows": 70, "Plan Width": 12, "Inner Unique": false, "Join Filter": "(mk.movie_id = mc.movie_id)", "Plans": [{"Node Type": "Nested Loop", "Parent Relationship": "Outer", "Join Type": "Inner", "Startup Cost": 20000000000.0, "Total Cost": 2000015686764.79, "Plan Rows": 33, "Plan Width": 4, "Inner Unique": true, "Join Filter": "(k.id = mk.keyword_id)", "Plans": [{"Node Type": "Index Scan", "Parent Relationship": "Outer", "Scan Direction": "Forward", "Index Name": "movie_id_movie_keyword", "Relation Name": "movie_keyword", "Alias": "mk", "Startup Cost": 10000000000.0, "Total Cost": 1000015300634.17, "Plan Rows": 4523929, "Plan Width": 8}, {"Node Type": "Materialize", "Parent Relationship": "Inner", "Startup Cost": 10000000000.0, "Total Cost": 1000000318271.69, "Plan Rows": 1, "Plan Width": 4, "Plans": [{"Node Type": "Index Scan", "Parent Relationship": "Outer", "Scan Direction": "Forward", "Index Name": "keyword_pkey", "Relation Name": "keyword", "Alias": "k", "Startup Cost": 10000000000.0, "Total Cost": 1000000318271.68, "Plan Rows": 1, "Plan Width": 4, "Filter": "((keyword)::text = 'character-name-in-title'::text)"}]}]}, {"Node Type": "Materialize", "Parent Relationship": "Inner", "Startup Cost": 10000000000.0, "Total Cost": 1000012380395.62, "Plan Rows": 2609128, "Plan Width": 8, "Plans": [{"Node Type": "Index Scan", "Parent Relationship": "Outer", "Scan Direction": "Forward", "Index Name": "company_id_movie_companies", "Relation Name": "movie_companies", "Alias": "mc", "Startup Cost": 10000000000.0, "Total Cost": 1000012367349.98, "Plan Rows": 2609128, "Plan Width": 8}]}]}, {"Node Type": "Materialize", "Parent Relationship": "Inner", "Startup Cost": 10000000000.0, "Total Cost": 1000001050150.17, "Plan Rows": 2240, "Plan Width": 4, "Plans": [{"Node Type": "Index Scan", "Parent Relationship": "Outer", "Scan Direction": "Forward", "Index Name": "company_name_pkey", "Relation Name": "company_name", "Alias": "cn", "Startup Cost": 10000000000.0, "Total Cost": 1000001050138.97, "Plan Rows": 2240, "Plan Width": 4, "Filter": "((country_code)::text = '[nl]'::text)"}]}]}]}]}]}, "Unique SQL Id": 2804875951, "Planner Runtime": 1}, "explain_analyze_plan": null}, "(1, '64')": {"explain_plan": {"Plan": {"Node Type": "Aggregate", "Strategy": "Plain", "Startup Cost": 2600.78, "Total Cost": 2600.79, "Plan Rows": 1, "Plan Width": 49, "Plans": [{"Node Type": "Nested Loop", "Parent Relationship": "Outer", "Join Type": "Inner", "Startup Cost": 4.51, "Total Cost": 2600.77, "Plan Rows": 2, "Plan Width": 17, "Inner Unique": true, "Join Filter": "(mc.movie_id = t.id)", "Plans": [{"Node Type": "Nested Loop", "Parent Relationship": "Outer", "Join Type": "Inner", "Startup Cost": 4.51, "Total Cost": 2600.13, "Plan Rows": 2, "Plan Width": 8, "Inner Unique": true, "Plans": [{"Node Type": "Nested Loop", "Parent Relationship": "Outer", "Join Type": "Inner", "Startup Cost": 4.51, "Total Cost": 2579.99, "Plan Rows": 70, "Plan Width": 12, "Inner Unique": false, "Plans": [{"Node Type": "Nested Loop", "Parent Relationship": "Outer", "Join Type": "Inner", "Startup Cost": 4.51, "Total Cost": 2569.02, "Plan Rows": 33, "Plan Width": 4, "Inner Unique": false, "Plans": [{"Node Type": "Seq Scan", "Parent Relationship": "Outer", "Relation Name": "keyword", "Alias": "k", "Startup Cost": 0.0, "Total Cost": 2436.11, "Plan Rows": 1, "Plan Width": 4, "Filter": "((keyword)::text = 'character-name-in-title'::text)"}, {"Node Type": "Bitmap Heap Scan", "Parent Relationship": "Inner", "Relation Name": "movie_keyword", "Alias": "mk", "Startup Cost": 4.51, "Total Cost": 132.58, "Plan Rows": 33, "Plan Width": 8, "Recheck Cond": "(keyword_id = k.id)", "Plans": [{"Node Type": "Bitmap Index Scan", "Parent Relationship": "Outer", "Index Name": "keyword_id_movie_keyword", "Startup Cost": 0.0, "Total Cost": 4.5, "Plan Rows": 33, "Plan Width": 0, "Index Cond": "(keyword_id = k.id)"}]}]}, {"Node Type": "Index Scan", "Parent Relationship": "Inner", "Scan Direction": "Forward", "Index Name": "movie_id_movie_companies", "Relation Name": "movie_companies", "Alias": "mc", "Startup Cost": 0.0, "Total Cost": 0.31, "Plan Rows": 2, "Plan Width": 8, "Index Cond": "(movie_id = mk.movie_id)"}]}, {"Node Type": "Index Scan", "Parent Relationship": "Inner", "Scan Direction": "Forward", "Index Name": "company_name_pkey", "Relation Name": "company_name", "Alias": "cn", "Startup Cost": 0.0, "Total Cost": 0.28, "Plan Rows": 1, "Plan Width": 4, "Index Cond": "(id = mc.company_id)", "Filter": "((country_code)::text = '[nl]'::text)"}]}, {"Node Type": "Index Scan", "Parent Relationship": "Inner", "Scan Direction": "Forward", "Index Name": "title_pkey", "Relation Name": "title", "Alias": "t", "Startup Cost": 0.0, "Total Cost": 0.31, "Plan Rows": 1, "Plan Width": 21, "Index Cond": "(id = mk.movie_id)"}]}]}, "Unique SQL Id": 2804875951, "Planner Runtime": 9}, "explain_analyze_plan": {"Plan": {"Node Type": "Aggregate", "Strategy": "Plain", "Startup Cost": 2600.78, "Total Cost": 2600.79, "Plan Rows": 1, "Plan Width": 49, "Actual Startup Time": 1030.503, "Actual Total Time": 1030.504, "Actual Rows": 1, "Actual Loops": 1, "Plans": [{"Node Type": "Nested Loop", "Parent Relationship": "Outer", "Join Type": "Inner", "Startup Cost": 4.51, "Total Cost": 2600.77, "Plan Rows": 2, "Plan Width": 17, "Actual Startup Time": 12.804, "Actual Total Time": 1027.312, "Actual Rows": 5228, "Actual Loops": 1, "Inner Unique": true, "Join Filter": "(mc.movie_id = t.id)", "Rows Removed by Join Filter": 0, "Plans": [{"Node Type": "Nested Loop", "Parent Relationship": "Outer", "Join Type": "Inner", "Startup Cost": 4.51, "Total Cost": 2600.13, "Plan Rows": 2, "Plan Width": 8, "Actual Startup Time": 12.789, "Actual Total Time": 999.562, "Actual Rows": 5228, "Actual Loops": 1, "Inner Unique": true, "Plans": [{"Node Type": "Nested Loop", "Parent Relationship": "Outer", "Join Type": "Inner", "Startup Cost": 4.51, "Total Cost": 2579.99, "Plan Rows": 70, "Plan Width": 12, "Actual Startup Time": 9.902, "Actual Total Time": 379.592, "Actual Rows": 148552, "Actual Loops": 1, "Inner Unique": false, "Plans": [{"Node Type": "Nested Loop", "Parent Relationship": "Outer", "Join Type": "Inner", "Startup Cost": 4.51, "Total Cost": 2569.02, "Plan Rows": 33, "Plan Width": 4, "Actual Startup Time": 9.868, "Actual Total Time": 99.354, "Actual Rows": 41840, "Actual Loops": 1, "Inner Unique": false, "Plans": [{"Node Type": "Seq Scan", "Parent Relationship": "Outer", "Relation Name": "keyword", "Alias": "k", "Startup Cost": 0.0, "Total Cost": 2436.11, "Plan Rows": 1, "Plan Width": 4, "Actual Startup Time": 1.773, "Actual Total Time": 43.194, "Actual Rows": 1, "Actual Loops": 1, "Filter": "((keyword)::text = 'character-name-in-title'::text)", "Rows Removed by Filter": 134168}, {"Node Type": "Bitmap Heap Scan", "Parent Relationship": "Inner", "Relation Name": "movie_keyword", "Alias": "mk", "Startup Cost": 4.51, "Total Cost": 132.58, "Plan Rows": 33, "Plan Width": 8, "Actual Startup Time": 8.084, "Actual Total Time": 47.664, "Actual Rows": 41840, "Actual Loops": 1, "Recheck Cond": "(keyword_id = k.id)", "Rows Removed by Index Recheck": 0, "Exact Heap Blocks": 9702, "Lossy Heap Blocks": 9702, "Plans": [{"Node Type": "Bitmap Index Scan", "Parent Relationship": "Outer", "Index Name": "keyword_id_movie_keyword", "Startup Cost": 0.0, "Total Cost": 4.5, "Plan Rows": 33, "Plan Width": 0, "Actual Startup Time": 6.347, "Actual Total Time": 6.347, "Actual Rows": 41840, "Actual Loops": 1, "Index Cond": "(keyword_id = k.id)"}]}]}, {"Node Type": "Index Scan", "Parent Relationship": "Inner", "Scan Direction": "Forward", "Index Name": "movie_id_movie_companies", "Relation Name": "movie_companies", "Alias": "mc", "Startup Cost": 0.0, "Total Cost": 0.31, "Plan Rows": 2, "Plan Width": 8, "Actual Startup Time": 150.532, "Actual Total Time": 224.079, "Actual Rows": 148552, "Actual Loops": 41840, "Index Cond": "(movie_id = mk.movie_id)", "Rows Removed by Index Recheck": 0}]}, {"Node Type": "Index Scan", "Parent Relationship": "Inner", "Scan Direction": "Forward", "Index Name": "company_name_pkey", "Relation Name": "company_name", "Alias": "cn", "Startup Cost": 0.0, "Total Cost": 0.28, "Plan Rows": 1, "Plan Width": 4, "Actual Startup Time": 548.003, "Actual Total Time": 548.003, "Actual Rows": 5228, "Actual Loops": 148552, "Index Cond": "(id = mc.company_id)", "Rows Removed by Index Recheck": 0, "Filter": "((country_code)::text = '[nl]'::text)", "Rows Removed by Filter": 143324}]}, {"Node Type": "Index Scan", "Parent Relationship": "Inner", "Scan Direction": "Forward", "Index Name": "title_pkey", "Relation Name": "title", "Alias": "t", "Startup Cost": 0.0, "Total Cost": 0.31, "Plan Rows": 1, "Plan Width": 21, "Actual Startup Time": 21.778, "Actual Total Time": 21.778, "Actual Rows": 5228, "Actual Loops": 5228, "Index Cond": "(id = mk.movie_id)", "Rows Removed by Index Recheck": 0}]}]}, "Triggers": [], "Planner Runtime": 9.476, "Total Runtime": 1030.831, "Unique SQL Id": 2804875951}}, "(1, '65')": {"explain_plan": {"Plan": {"Node Type": "Aggregate", "Strategy": "Plain", "Startup Cost": 3347.38, "Total Cost": 3347.39, "Plan Rows": 1, "Plan Width": 49, "Plans": [{"Node Type": "Nested Loop", "Parent Relationship": "Outer", "Join Type": "Inner", "Startup Cost": 4.51, "Total Cost": 3347.38, "Plan Rows": 2, "Plan Width": 17, "Inner Unique": true, "Join Filter": "(mc.movie_id = t.id)", "Plans": [{"Node Type": "Nested Loop", "Parent Relationship": "Outer", "Join Type": "Inner", "Startup Cost": 4.51, "Total Cost": 3346.73, "Plan Rows": 2, "Plan Width": 8, "Inner Unique": true, "Plans": [{"Node Type": "Nested Loop", "Parent Relationship": "Outer", "Join Type": "Inner", "Startup Cost": 4.51, "Total Cost": 3326.6, "Plan Rows": 70, "Plan Width": 12, "Inner Unique": false, "Plans": [{"Node Type": "Nested Loop", "Parent Relationship": "Outer", "Join Type": "Inner", "Startup Cost": 4.51, "Total Cost": 3315.63, "Plan Rows": 33, "Plan Width": 4, "Inner Unique": false, "Plans": [{"Node Type": "Index Scan", "Parent Relationship": "Outer", "Scan Direction": "Forward", "Index Name": "keyword_pkey", "Relation Name": "keyword", "Alias": "k", "Startup Cost": 0.0, "Total Cost": 3182.72, "Plan Rows": 1, "Plan Width": 4, "Filter": "((keyword)::text = 'character-name-in-title'::text)"}, {"Node Type": "Bitmap Heap Scan", "Parent Relationship": "Inner", "Relation Name": "movie_keyword", "Alias": "mk", "Startup Cost": 4.51, "Total Cost": 132.58, "Plan Rows": 33, "Plan Width": 8, "Recheck Cond": "(keyword_id = k.id)", "Plans": [{"Node Type": "Bitmap Index Scan", "Parent Relationship": "Outer", "Index Name": "keyword_id_movie_keyword", "Startup Cost": 0.0, "Total Cost": 4.5, "Plan Rows": 33, "Plan Width": 0, "Index Cond": "(keyword_id = k.id)"}]}]}, {"Node Type": "Index Scan", "Parent Relationship": "Inner", "Scan Direction": "Forward", "Index Name": "movie_id_movie_companies", "Relation Name": "movie_companies", "Alias": "mc", "Startup Cost": 0.0, "Total Cost": 0.31, "Plan Rows": 2, "Plan Width": 8, "Index Cond": "(movie_id = mk.movie_id)"}]}, {"Node Type": "Index Scan", "Parent Relationship": "Inner", "Scan Direction": "Forward", "Index Name": "company_name_pkey", "Relation Name": "company_name", "Alias": "cn", "Startup Cost": 0.0, "Total Cost": 0.28, "Plan Rows": 1, "Plan Width": 4, "Index Cond": "(id = mc.company_id)", "Filter": "((country_code)::text = '[nl]'::text)"}]}, {"Node Type": "Index Scan", "Parent Relationship": "Inner", "Scan Direction": "Forward", "Index Name": "title_pkey", "Relation Name": "title", "Alias": "t", "Startup Cost": 0.0, "Total Cost": 0.31, "Plan Rows": 1, "Plan Width": 21, "Index Cond": "(id = mk.movie_id)"}]}]}, "Unique SQL Id": 2804875951, "Planner Runtime": 9}, "explain_analyze_plan": {"Plan": {"Node Type": "Aggregate", "Strategy": "Plain", "Startup Cost": 3347.38, "Total Cost": 3347.39, "Plan Rows": 1, "Plan Width": 49, "Actual Startup Time": 1144.573, "Actual Total Time": 1144.573, "Actual Rows": 1, "Actual Loops": 1, "Plans": [{"Node Type": "Nested Loop", "Parent Relationship": "Outer", "Join Type": "Inner", "Startup Cost": 4.51, "Total Cost": 3347.38, "Plan Rows": 2, "Plan Width": 17, "Actual Startup Time": 13.303, "Actual Total Time": 1141.536, "Actual Rows": 5228, "Actual Loops": 1, "Inner Unique": true, "Join Filter": "(mc.movie_id = t.id)", "Rows Removed by Join Filter": 0, "Plans": [{"Node Type": "Nested Loop", "Parent Relationship": "Outer", "Join Type": "Inner", "Startup Cost": 4.51, "Total Cost": 3346.73, "Plan Rows": 2, "Plan Width": 8, "Actual Startup Time": 13.284, "Actual Total Time": 1112.719, "Actual Rows": 5228, "Actual Loops": 1, "Inner Unique": true, "Plans": [{"Node Type": "Nested Loop", "Parent Relationship": "Outer", "Join Type": "Inner", "Startup Cost": 4.51, "Total Cost": 3326.6, "Plan Rows": 70, "Plan Width": 12, "Actual Startup Time": 10.161, "Actual Total Time": 467.922, "Actual Rows": 148552, "Actual Loops": 1, "Inner Unique": false, "Plans": [{"Node Type": "Nested Loop", "Parent Relationship": "Outer", "Join Type": "Inner", "Startup Cost": 4.51, "Total Cost": 3315.63, "Plan Rows": 33, "Plan Width": 4, "Actual Startup Time": 10.133, "Actual Total Time": 176.342, "Actual Rows": 41840, "Actual Loops": 1, "Inner Unique": false, "Plans": [{"Node Type": "Index Scan", "Parent Relationship": "Outer", "Scan Direction": "Forward", "Index Name": "keyword_pkey", "Relation Name": "keyword", "Alias": "k", "Startup Cost": 0.0, "Total Cost": 3182.72, "Plan Rows": 1, "Plan Width": 4, "Actual Startup Time": 0.204, "Actual Total Time": 116.389, "Actual Rows": 1, "Actual Loops": 1, "Filter": "((keyword)::text = 'character-name-in-title'::text)", "Rows Removed by Filter": 134168}, {"Node Type": "Bitmap Heap Scan", "Parent Relationship": "Inner", "Relation Name": "movie_keyword", "Alias": "mk", "Startup Cost": 4.51, "Total Cost": 132.58, "Plan Rows": 33, "Plan Width": 8, "Actual Startup Time": 9.922, "Actual Total Time": 51.446, "Actual Rows": 41840, "Actual Loops": 1, "Recheck Cond": "(keyword_id = k.id)", "Rows Removed by Index Recheck": 0, "Exact Heap Blocks": 9702, "Lossy Heap Blocks": 9702, "Plans": [{"Node Type": "Bitmap Index Scan", "Parent Relationship": "Outer", "Index Name": "keyword_id_movie_keyword", "Startup Cost": 0.0, "Total Cost": 4.5, "Plan Rows": 33, "Plan Width": 0, "Actual Startup Time": 8.103, "Actual Total Time": 8.103, "Actual Rows": 41840, "Actual Loops": 1, "Index Cond": "(keyword_id = k.id)"}]}]}, {"Node Type": "Index Scan", "Parent Relationship": "Inner", "Scan Direction": "Forward", "Index Name": "movie_id_movie_companies", "Relation Name": "movie_companies", "Alias": "mc", "Startup Cost": 0.0, "Total Cost": 0.31, "Plan Rows": 2, "Plan Width": 8, "Actual Startup Time": 159.044, "Actual Total Time": 235.457, "Actual Rows": 148552, "Actual Loops": 41840, "Index Cond": "(movie_id = mk.movie_id)", "Rows Removed by Index Recheck": 0}]}, {"Node Type": "Index Scan", "Parent Relationship": "Inner", "Scan Direction": "Forward", "Index Name": "company_name_pkey", "Relation Name": "company_name", "Alias": "cn", "Startup Cost": 0.0, "Total Cost": 0.28, "Plan Rows": 1, "Plan Width": 4, "Actual Startup Time": 571.46, "Actual Total Time": 571.46, "Actual Rows": 5228, "Actual Loops": 148552, "Index Cond": "(id = mc.company_id)", "Rows Removed by Index Recheck": 0, "Filter": "((country_code)::text = '[nl]'::text)", "Rows Removed by Filter": 143324}]}, {"Node Type": "Index Scan", "Parent Relationship": "Inner", "Scan Direction": "Forward", "Index Name": "title_pkey", "Relation Name": "title", "Alias": "t", "Startup Cost": 0.0, "Total Cost": 0.31, "Plan Rows": 1, "Plan Width": 21, "Actual Startup Time": 23.224, "Actual Total Time": 23.224, "Actual Rows": 5228, "Actual Loops": 5228, "Index Cond": "(id = mk.movie_id)", "Rows Removed by Index Recheck": 0}]}]}, "Triggers": [], "Planner Runtime": 9.253, "Total Runtime": 1144.942, "Unique SQL Id": 2804875951}}, "(1, '66')": {"explain_plan": {"Plan": {"Node Type": "Aggregate", "Strategy": "Plain", "Startup Cost": 3019.97, "Total Cost": 3019.98, "Plan Rows": 1, "Plan Width": 49, "Plans": [{"Node Type": "Nested Loop", "Parent Relationship": "Outer", "Join Type": "Inner", "Startup Cost": 5.3, "Total Cost": 3019.97, "Plan Rows": 2, "Plan Width": 17, "Inner Unique": true, "Join Filter": "(mc.movie_id = t.id)", "Plans": [{"Node Type": "Nested Loop", "Parent Relationship": "Outer", "Join Type": "Inner", "Startup Cost": 5.04, "Total Cost": 3011.39, "Plan Rows": 2, "Plan Width": 8, "Inner Unique": true, "Plans": [{"Node Type": "Nested Loop", "Parent Relationship": "Outer", "Join Type": "Inner", "Startup Cost": 4.78, "Total Cost": 2711.55, "Plan Rows": 70, "Plan Width": 12, "Inner Unique": false, "Plans": [{"Node Type": "Nested Loop", "Parent Relationship": "Outer", "Join Type": "Inner", "Startup Cost": 4.51, "Total Cost": 2569.02, "Plan Rows": 33, "Plan Width": 4, "Inner Unique": false, "Plans": [{"Node Type": "Seq Scan", "Parent Relationship": "Outer", "Relation Name": "keyword", "Alias": "k", "Startup Cost": 0.0, "Total Cost": 2436.11, "Plan Rows": 1, "Plan Width": 4, "Filter": "((keyword)::text = 'character-name-in-title'::text)"}, {"Node Type": "Bitmap Heap Scan", "Parent Relationship": "Inner", "Relation Name": "movie_keyword", "Alias": "mk", "Startup Cost": 4.51, "Total Cost": 132.58, "Plan Rows": 33, "Plan Width": 8, "Recheck Cond": "(keyword_id = k.id)", "Plans": [{"Node Type": "Bitmap Index Scan", "Parent Relationship": "Outer", "Index Name": "keyword_id_movie_keyword", "Startup Cost": 0.0, "Total Cost": 4.5, "Plan Rows": 33, "Plan Width": 0, "Index Cond": "(keyword_id = k.id)"}]}]}, {"Node Type": "Bitmap Heap Scan", "Parent Relationship": "Inner", "Relation Name": "movie_companies", "Alias": "mc", "Startup Cost": 0.27, "Total Cost": 4.3, "Plan Rows": 2, "Plan Width": 8, "Recheck Cond": "(movie_id = mk.movie_id)", "Plans": [{"Node Type": "Bitmap Index Scan", "Parent Relationship": "Outer", "Index Name": "movie_id_movie_companies", "Startup Cost": 0.0, "Total Cost": 0.27, "Plan Rows": 2, "Plan Width": 0, "Index Cond": "(movie_id = mk.movie_id)"}]}]}, {"Node Type": "Bitmap Heap Scan", "Parent Relationship": "Inner", "Relation Name": "company_name", "Alias": "cn", "Startup Cost": 0.26, "Total Cost": 4.27, "Plan Rows": 1, "Plan Width": 4, "Recheck Cond": "(id = mc.company_id)", "Filter": "((country_code)::text = '[nl]'::text)", "Plans": [{"Node Type": "Bitmap Index Scan", "Parent Relationship": "Outer", "Index Name": "company_name_pkey", "Startup Cost": 0.0, "Total Cost": 0.26, "Plan Rows": 1, "Plan Width": 0, "Index Cond": "(id = mc.company_id)"}]}]}, {"Node Type": "Bitmap Heap Scan", "Parent Relationship": "Inner", "Relation Name": "title", "Alias": "t", "Startup Cost": 0.27, "Total Cost": 4.28, "Plan Rows": 1, "Plan Width": 21, "Recheck Cond": "(id = mk.movie_id)", "Plans": [{"Node Type": "Bitmap Index Scan", "Parent Relationship": "Outer", "Index Name": "title_pkey", "Startup Cost": 0.0, "Total Cost": 0.27, "Plan Rows": 1, "Plan Width": 0, "Index Cond": "(id = mk.movie_id)"}]}]}]}, "Unique SQL Id": 2804875951, "Planner Runtime": 8}, "explain_analyze_plan": {"Plan": {"Node Type": "Aggregate", "Strategy": "Plain", "Startup Cost": 3019.97, "Total Cost": 3019.98, "Plan Rows": 1, "Plan Width": 49, "Actual Startup Time": 1387.256, "Actual Total Time": 1387.257, "Actual Rows": 1, "Actual Loops": 1, "Plans": [{"Node Type": "Nested Loop", "Parent Relationship": "Outer", "Join Type": "Inner", "Startup Cost": 5.3, "Total Cost": 3019.97, "Plan Rows": 2, "Plan Width": 17, "Actual Startup Time": 15.885, "Actual Total Time": 1382.928, "Actual Rows": 5228, "Actual Loops": 1, "Inner Unique": true, "Join Filter": "(mc.movie_id = t.id)", "Rows Removed by Join Filter": 0, "Plans": [{"Node Type": "Nested Loop", "Parent Relationship": "Outer", "Join Type": "Inner", "Startup Cost": 5.04, "Total Cost": 3011.39, "Plan Rows": 2, "Plan Width": 8, "Actual Startup Time": 15.861, "Actual Total Time": 1346.204, "Actual Rows": 5228, "Actual Loops": 1, "Inner Unique": true, "Plans": [{"Node Type": "Nested Loop", "Parent Relationship": "Outer", "Join Type": "Inner", "Startup Cost": 4.78, "Total Cost": 2711.55, "Plan Rows": 70, "Plan Width": 12, "Actual Startup Time": 11.506, "Actual Total Time": 487.661, "Actual Rows": 148552, "Actual Loops": 1, "Inner Unique": false, "Plans": [{"Node Type": "Nested Loop", "Parent Relationship": "Outer", "Join Type": "Inner", "Startup Cost": 4.51, "Total Cost": 2569.02, "Plan Rows": 33, "Plan Width": 4, "Actual Startup Time": 11.467, "Actual Total Time": 97.589, "Actual Rows": 41840, "Actual Loops": 1, "Inner Unique": false, "Plans": [{"Node Type": "Seq Scan", "Parent Relationship": "Outer", "Relation Name": "keyword", "Alias": "k", "Startup Cost": 0.0, "Total Cost": 2436.11, "Plan Rows": 1, "Plan Width": 4, "Actual Startup Time": 1.835, "Actual Total Time": 40.613, "Actual Rows": 1, "Actual Loops": 1, "Filter": "((keyword)::text = 'character-name-in-title'::text)", "Rows Removed by Filter": 134168}, {"Node Type": "Bitmap Heap Scan", "Parent Relationship": "Inner", "Relation Name": "movie_keyword", "Alias": "mk", "Startup Cost": 4.51, "Total Cost": 132.58, "Plan Rows": 33, "Plan Width": 8, "Actual Startup Time": 9.627, "Actual Total Time": 47.321, "Actual Rows": 41840, "Actual Loops": 1, "Recheck Cond": "(keyword_id = k.id)", "Rows Removed by Index Recheck": 0, "Exact Heap Blocks": 9702, "Lossy Heap Blocks": 9702, "Plans": [{"Node Type": "Bitmap Index Scan", "Parent Relationship": "Outer", "Index Name": "keyword_id_movie_keyword", "Startup Cost": 0.0, "Total Cost": 4.5, "Plan Rows": 33, "Plan Width": 0, "Actual Startup Time": 7.876, "Actual Total Time": 7.876, "Actual Rows": 41840, "Actual Loops": 1, "Index Cond": "(keyword_id = k.id)"}]}]}, {"Node Type": "Bitmap Heap Scan", "Parent Relationship": "Inner", "Relation Name": "movie_companies", "Alias": "mc", "Startup Cost": 0.27, "Total Cost": 4.3, "Plan Rows": 2, "Plan Width": 8, "Actual Startup Time": 249.986, "Actual Total Time": 306.048, "Actual Rows": 148552, "Actual Loops": 41840, "Recheck Cond": "(movie_id = mk.movie_id)", "Rows Removed by Index Recheck": 0, "Exact Heap Blocks": 62638, "Lossy Heap Blocks": 62638, "Plans": [{"Node Type": "Bitmap Index Scan", "Parent Relationship": "Outer", "Index Name": "movie_id_movie_companies", "Startup Cost": 0.0, "Total Cost": 0.27, "Plan Rows": 2, "Plan Width": 0, "Actual Startup Time": 154.185, "Actual Total Time": 154.185, "Actual Rows": 148552, "Actual Loops": 41840, "Index Cond": "(movie_id = mk.movie_id)"}]}]}, {"Node Type": "Bitmap Heap Scan", "Parent Relationship": "Inner", "Relation Name": "company_name", "Alias": "cn", "Startup Cost": 0.26, "Total Cost": 4.27, "Plan Rows": 1, "Plan Width": 4, "Actual Startup Time": 692.747, "Actual Total Time": 692.747, "Actual Rows": 5228, "Actual Loops": 148552, "Recheck Cond": "(id = mc.company_id)", "Rows Removed by Index Recheck": 0, "Filter": "((country_code)::text = '[nl]'::text)", "Rows Removed by Filter": 143324, "Exact Heap Blocks": 148552, "Lossy Heap Blocks": 148552, "Plans": [{"Node Type": "Bitmap Index Scan", "Parent Relationship": "Outer", "Index Name": "company_name_pkey", "Startup Cost": 0.0, "Total Cost": 0.26, "Plan Rows": 1, "Plan Width": 0, "Actual Startup Time": 381.81, "Actual Total Time": 381.81, "Actual Rows": 148552, "Actual Loops": 148552, "Index Cond": "(id = mc.company_id)"}]}]}, {"Node Type": "Bitmap Heap Scan", "Parent Relationship": "Inner", "Relation Name": "title", "Alias": "t", "Startup Cost": 0.27, "Total Cost": 4.28, "Plan Rows": 1, "Plan Width": 21, "Actual Startup Time": 27.63, "Actual Total Time": 27.63, "Actual Rows": 5228, "Actual Loops": 5228, "Recheck Cond": "(id = mk.movie_id)", "Rows Removed by Index Recheck": 0, "Exact Heap Blocks": 5228, "Lossy Heap Blocks": 5228, "Plans": [{"Node Type": "Bitmap Index Scan", "Parent Relationship": "Outer", "Index Name": "title_pkey", "Startup Cost": 0.0, "Total Cost": 0.27, "Plan Rows": 1, "Plan Width": 0, "Actual Startup Time": 16.841, "Actual Total Time": 16.841, "Actual Rows": 5228, "Actual Loops": 5228, "Index Cond": "(id = mk.movie_id)"}]}]}]}, "Triggers": [], "Planner Runtime": 9.24, "Total Runtime": 1387.727, "Unique SQL Id": 2804875951}}, "(1, '67')": {"explain_plan": {"Plan": {"Node Type": "Aggregate", "Strategy": "Plain", "Startup Cost": 1000025545541.31, "Total Cost": 1000025545541.32, "Plan Rows": 1, "Plan Width": 49, "Plans": [{"Node Type": "Nested Loop", "Parent Relationship": "Outer", "Join Type": "Inner", "Startup Cost": 10000000001.12, "Total Cost": 1000025545541.31, "Plan Rows": 2, "Plan Width": 17, "Inner Unique": true, "Join Filter": "(mc.movie_id = t.id)", "Plans": [{"Node Type": "Nested Loop", "Parent Relationship": "Outer", "Join Type": "Inner", "Startup Cost": 10000000000.85, "Total Cost": 1000025545532.73, "Plan Rows": 2, "Plan Width": 8, "Inner Unique": true, "Plans": [{"Node Type": "Nested Loop", "Parent Relationship": "Outer", "Join Type": "Inner", "Startup Cost": 10000000000.6, "Total Cost": 1000024380163.58, "Plan Rows": 272107, "Plan Width": 12, "Inner Unique": false, "Plans": [{"Node Type": "Nested Loop", "Parent Relationship": "Outer", "Join Type": "Inner", "Startup Cost": 10000000000.26, "Total Cost": 1000024227793.07, "Plan Rows": 33725, "Plan Width": 4, "Inner Unique": true, "Plans": [{"Node Type": "Index Scan", "Parent Relationship": "Outer", "Scan Direction": "Forward", "Index Name": "movie_id_movie_companies", "Relation Name": "movie_companies", "Alias": "mc", "Startup Cost": 10000000000.0, "Total Cost": 1000013051946.13, "Plan Rows": 2609128, "Plan Width": 8}, {"Node Type": "Bitmap Heap Scan", "Parent Relationship": "Inner", "Relation Name": "company_name", "Alias": "cn", "Startup Cost": 0.26, "Total Cost": 4.27, "Plan Rows": 1, "Plan Width": 4, "Recheck Cond": "(id = mc.company_id)", "Filter": "((country_code)::text = '[nl]'::text)", "Plans": [{"Node Type": "Bitmap Index Scan", "Parent Relationship": "Outer", "Index Name": "company_name_pkey", "Startup Cost": 0.0, "Total Cost": 0.26, "Plan Rows": 1, "Plan Width": 0, "Index Cond": "(id = mc.company_id)"}]}]}, {"Node Type": "Bitmap Heap Scan", "Parent Relationship": "Inner", "Relation Name": "movie_keyword", "Alias": "mk", "Startup Cost": 0.34, "Total Cost": 4.44, "Plan Rows": 8, "Plan Width": 8, "Recheck Cond": "(movie_id = mc.movie_id)", "Plans": [{"Node Type": "Bitmap Index Scan", "Parent Relationship": "Outer", "Index Name": "movie_id_movie_keyword", "Startup Cost": 0.0, "Total Cost": 0.34, "Plan Rows": 8, "Plan Width": 0, "Index Cond": "(movie_id = mc.movie_id)"}]}]}, {"Node Type": "Bitmap Heap Scan", "Parent Relationship": "Inner", "Relation Name": "keyword", "Alias": "k", "Startup Cost": 0.26, "Total Cost": 4.27, "Plan Rows": 1, "Plan Width": 4, "Recheck Cond": "(id = mk.keyword_id)", "Filter": "((keyword)::text = 'character-name-in-title'::text)", "Plans": [{"Node Type": "Bitmap Index Scan", "Parent Relationship": "Outer", "Index Name": "keyword_pkey", "Startup Cost": 0.0, "Total Cost": 0.26, "Plan Rows": 1, "Plan Width": 0, "Index Cond": "(id = mk.keyword_id)"}]}]}, {"Node Type": "Bitmap Heap Scan", "Parent Relationship": "Inner", "Relation Name": "title", "Alias": "t", "Startup Cost": 0.27, "Total Cost": 4.28, "Plan Rows": 1, "Plan Width": 21, "Recheck Cond": "(id = mk.movie_id)", "Plans": [{"Node Type": "Bitmap Index Scan", "Parent Relationship": "Outer", "Index Name": "title_pkey", "Startup Cost": 0.0, "Total Cost": 0.27, "Plan Rows": 1, "Plan Width": 0, "Index Cond": "(id = mk.movie_id)"}]}]}]}, "Unique SQL Id": 2804875951, "Planner Runtime": 3}, "explain_analyze_plan": null}, "(1, '68')": {"explain_plan": {"Plan": {"Node Type": "Aggregate", "Strategy": "Plain", "Startup Cost": 2600.78, "Total Cost": 2600.79, "Plan Rows": 1, "Plan Width": 49, "Plans": [{"Node Type": "Nested Loop", "Parent Relationship": "Outer", "Join Type": "Inner", "Startup Cost": 4.51, "Total Cost": 2600.77, "Plan Rows": 2, "Plan Width": 17, "Inner Unique": true, "Join Filter": "(mc.movie_id = t.id)", "Plans": [{"Node Type": "Nested Loop", "Parent Relationship": "Outer", "Join Type": "Inner", "Startup Cost": 4.51, "Total Cost": 2600.13, "Plan Rows": 2, "Plan Width": 8, "Inner Unique": true, "Plans": [{"Node Type": "Nested Loop", "Parent Relationship": "Outer", "Join Type": "Inner", "Startup Cost": 4.51, "Total Cost": 2579.99, "Plan Rows": 70, "Plan Width": 12, "Inner Unique": false, "Plans": [{"Node Type": "Nested Loop", "Parent Relationship": "Outer", "Join Type": "Inner", "Startup Cost": 4.51, "Total Cost": 2569.02, "Plan Rows": 33, "Plan Width": 4, "Inner Unique": false, "Plans": [{"Node Type": "Seq Scan", "Parent Relationship": "Outer", "Relation Name": "keyword", "Alias": "k", "Startup Cost": 0.0, "Total Cost": 2436.11, "Plan Rows": 1, "Plan Width": 4, "Filter": "((keyword)::text = 'character-name-in-title'::text)"}, {"Node Type": "Bitmap Heap Scan", "Parent Relationship": "Inner", "Relation Name": "movie_keyword", "Alias": "mk", "Startup Cost": 4.51, "Total Cost": 132.58, "Plan Rows": 33, "Plan Width": 8, "Recheck Cond": "(keyword_id = k.id)", "Plans": [{"Node Type": "Bitmap Index Scan", "Parent Relationship": "Outer", "Index Name": "keyword_id_movie_keyword", "Startup Cost": 0.0, "Total Cost": 4.5, "Plan Rows": 33, "Plan Width": 0, "Index Cond": "(keyword_id = k.id)"}]}]}, {"Node Type": "Index Scan", "Parent Relationship": "Inner", "Scan Direction": "Forward", "Index Name": "movie_id_movie_companies", "Relation Name": "movie_companies", "Alias": "mc", "Startup Cost": 0.0, "Total Cost": 0.31, "Plan Rows": 2, "Plan Width": 8, "Index Cond": "(movie_id = mk.movie_id)"}]}, {"Node Type": "Index Scan", "Parent Relationship": "Inner", "Scan Direction": "Forward", "Index Name": "company_name_pkey", "Relation Name": "company_name", "Alias": "cn", "Startup Cost": 0.0, "Total Cost": 0.28, "Plan Rows": 1, "Plan Width": 4, "Index Cond": "(id = mc.company_id)", "Filter": "((country_code)::text = '[nl]'::text)"}]}, {"Node Type": "Index Scan", "Parent Relationship": "Inner", "Scan Direction": "Forward", "Index Name": "title_pkey", "Relation Name": "title", "Alias": "t", "Startup Cost": 0.0, "Total Cost": 0.31, "Plan Rows": 1, "Plan Width": 21, "Index Cond": "(id = mk.movie_id)"}]}]}, "Unique SQL Id": 2804875951, "Planner Runtime": 9}, "explain_analyze_plan": {"Plan": {"Node Type": "Aggregate", "Strategy": "Plain", "Startup Cost": 2600.78, "Total Cost": 2600.79, "Plan Rows": 1, "Plan Width": 49, "Actual Startup Time": 1030.503, "Actual Total Time": 1030.504, "Actual Rows": 1, "Actual Loops": 1, "Plans": [{"Node Type": "Nested Loop", "Parent Relationship": "Outer", "Join Type": "Inner", "Startup Cost": 4.51, "Total Cost": 2600.77, "Plan Rows": 2, "Plan Width": 17, "Actual Startup Time": 12.804, "Actual Total Time": 1027.312, "Actual Rows": 5228, "Actual Loops": 1, "Inner Unique": true, "Join Filter": "(mc.movie_id = t.id)", "Rows Removed by Join Filter": 0, "Plans": [{"Node Type": "Nested Loop", "Parent Relationship": "Outer", "Join Type": "Inner", "Startup Cost": 4.51, "Total Cost": 2600.13, "Plan Rows": 2, "Plan Width": 8, "Actual Startup Time": 12.789, "Actual Total Time": 999.562, "Actual Rows": 5228, "Actual Loops": 1, "Inner Unique": true, "Plans": [{"Node Type": "Nested Loop", "Parent Relationship": "Outer", "Join Type": "Inner", "Startup Cost": 4.51, "Total Cost": 2579.99, "Plan Rows": 70, "Plan Width": 12, "Actual Startup Time": 9.902, "Actual Total Time": 379.592, "Actual Rows": 148552, "Actual Loops": 1, "Inner Unique": false, "Plans": [{"Node Type": "Nested Loop", "Parent Relationship": "Outer", "Join Type": "Inner", "Startup Cost": 4.51, "Total Cost": 2569.02, "Plan Rows": 33, "Plan Width": 4, "Actual Startup Time": 9.868, "Actual Total Time": 99.354, "Actual Rows": 41840, "Actual Loops": 1, "Inner Unique": false, "Plans": [{"Node Type": "Seq Scan", "Parent Relationship": "Outer", "Relation Name": "keyword", "Alias": "k", "Startup Cost": 0.0, "Total Cost": 2436.11, "Plan Rows": 1, "Plan Width": 4, "Actual Startup Time": 1.773, "Actual Total Time": 43.194, "Actual Rows": 1, "Actual Loops": 1, "Filter": "((keyword)::text = 'character-name-in-title'::text)", "Rows Removed by Filter": 134168}, {"Node Type": "Bitmap Heap Scan", "Parent Relationship": "Inner", "Relation Name": "movie_keyword", "Alias": "mk", "Startup Cost": 4.51, "Total Cost": 132.58, "Plan Rows": 33, "Plan Width": 8, "Actual Startup Time": 8.084, "Actual Total Time": 47.664, "Actual Rows": 41840, "Actual Loops": 1, "Recheck Cond": "(keyword_id = k.id)", "Rows Removed by Index Recheck": 0, "Exact Heap Blocks": 9702, "Lossy Heap Blocks": 9702, "Plans": [{"Node Type": "Bitmap Index Scan", "Parent Relationship": "Outer", "Index Name": "keyword_id_movie_keyword", "Startup Cost": 0.0, "Total Cost": 4.5, "Plan Rows": 33, "Plan Width": 0, "Actual Startup Time": 6.347, "Actual Total Time": 6.347, "Actual Rows": 41840, "Actual Loops": 1, "Index Cond": "(keyword_id = k.id)"}]}]}, {"Node Type": "Index Scan", "Parent Relationship": "Inner", "Scan Direction": "Forward", "Index Name": "movie_id_movie_companies", "Relation Name": "movie_companies", "Alias": "mc", "Startup Cost": 0.0, "Total Cost": 0.31, "Plan Rows": 2, "Plan Width": 8, "Actual Startup Time": 150.532, "Actual Total Time": 224.079, "Actual Rows": 148552, "Actual Loops": 41840, "Index Cond": "(movie_id = mk.movie_id)", "Rows Removed by Index Recheck": 0}]}, {"Node Type": "Index Scan", "Parent Relationship": "Inner", "Scan Direction": "Forward", "Index Name": "company_name_pkey", "Relation Name": "company_name", "Alias": "cn", "Startup Cost": 0.0, "Total Cost": 0.28, "Plan Rows": 1, "Plan Width": 4, "Actual Startup Time": 548.003, "Actual Total Time": 548.003, "Actual Rows": 5228, "Actual Loops": 148552, "Index Cond": "(id = mc.company_id)", "Rows Removed by Index Recheck": 0, "Filter": "((country_code)::text = '[nl]'::text)", "Rows Removed by Filter": 143324}]}, {"Node Type": "Index Scan", "Parent Relationship": "Inner", "Scan Direction": "Forward", "Index Name": "title_pkey", "Relation Name": "title", "Alias": "t", "Startup Cost": 0.0, "Total Cost": 0.31, "Plan Rows": 1, "Plan Width": 21, "Actual Startup Time": 21.778, "Actual Total Time": 21.778, "Actual Rows": 5228, "Actual Loops": 5228, "Index Cond": "(id = mk.movie_id)", "Rows Removed by Index Recheck": 0}]}]}, "Triggers": [], "Planner Runtime": 9.476, "Total Runtime": 1030.831, "Unique SQL Id": 2804875951}}, "(1, '69')": {"explain_plan": {"Plan": {"Node Type": "Aggregate", "Strategy": "Plain", "Startup Cost": 3347.38, "Total Cost": 3347.39, "Plan Rows": 1, "Plan Width": 49, "Plans": [{"Node Type": "Nested Loop", "Parent Relationship": "Outer", "Join Type": "Inner", "Startup Cost": 4.51, "Total Cost": 3347.38, "Plan Rows": 2, "Plan Width": 17, "Inner Unique": true, "Join Filter": "(mc.movie_id = t.id)", "Plans": [{"Node Type": "Nested Loop", "Parent Relationship": "Outer", "Join Type": "Inner", "Startup Cost": 4.51, "Total Cost": 3346.73, "Plan Rows": 2, "Plan Width": 8, "Inner Unique": true, "Plans": [{"Node Type": "Nested Loop", "Parent Relationship": "Outer", "Join Type": "Inner", "Startup Cost": 4.51, "Total Cost": 3326.6, "Plan Rows": 70, "Plan Width": 12, "Inner Unique": false, "Plans": [{"Node Type": "Nested Loop", "Parent Relationship": "Outer", "Join Type": "Inner", "Startup Cost": 4.51, "Total Cost": 3315.63, "Plan Rows": 33, "Plan Width": 4, "Inner Unique": false, "Plans": [{"Node Type": "Index Scan", "Parent Relationship": "Outer", "Scan Direction": "Forward", "Index Name": "keyword_pkey", "Relation Name": "keyword", "Alias": "k", "Startup Cost": 0.0, "Total Cost": 3182.72, "Plan Rows": 1, "Plan Width": 4, "Filter": "((keyword)::text = 'character-name-in-title'::text)"}, {"Node Type": "Bitmap Heap Scan", "Parent Relationship": "Inner", "Relation Name": "movie_keyword", "Alias": "mk", "Startup Cost": 4.51, "Total Cost": 132.58, "Plan Rows": 33, "Plan Width": 8, "Recheck Cond": "(keyword_id = k.id)", "Plans": [{"Node Type": "Bitmap Index Scan", "Parent Relationship": "Outer", "Index Name": "keyword_id_movie_keyword", "Startup Cost": 0.0, "Total Cost": 4.5, "Plan Rows": 33, "Plan Width": 0, "Index Cond": "(keyword_id = k.id)"}]}]}, {"Node Type": "Index Scan", "Parent Relationship": "Inner", "Scan Direction": "Forward", "Index Name": "movie_id_movie_companies", "Relation Name": "movie_companies", "Alias": "mc", "Startup Cost": 0.0, "Total Cost": 0.31, "Plan Rows": 2, "Plan Width": 8, "Index Cond": "(movie_id = mk.movie_id)"}]}, {"Node Type": "Index Scan", "Parent Relationship": "Inner", "Scan Direction": "Forward", "Index Name": "company_name_pkey", "Relation Name": "company_name", "Alias": "cn", "Startup Cost": 0.0, "Total Cost": 0.28, "Plan Rows": 1, "Plan Width": 4, "Index Cond": "(id = mc.company_id)", "Filter": "((country_code)::text = '[nl]'::text)"}]}, {"Node Type": "Index Scan", "Parent Relationship": "Inner", "Scan Direction": "Forward", "Index Name": "title_pkey", "Relation Name": "title", "Alias": "t", "Startup Cost": 0.0, "Total Cost": 0.31, "Plan Rows": 1, "Plan Width": 21, "Index Cond": "(id = mk.movie_id)"}]}]}, "Unique SQL Id": 2804875951, "Planner Runtime": 9}, "explain_analyze_plan": {"Plan": {"Node Type": "Aggregate", "Strategy": "Plain", "Startup Cost": 3347.38, "Total Cost": 3347.39, "Plan Rows": 1, "Plan Width": 49, "Actual Startup Time": 1144.573, "Actual Total Time": 1144.573, "Actual Rows": 1, "Actual Loops": 1, "Plans": [{"Node Type": "Nested Loop", "Parent Relationship": "Outer", "Join Type": "Inner", "Startup Cost": 4.51, "Total Cost": 3347.38, "Plan Rows": 2, "Plan Width": 17, "Actual Startup Time": 13.303, "Actual Total Time": 1141.536, "Actual Rows": 5228, "Actual Loops": 1, "Inner Unique": true, "Join Filter": "(mc.movie_id = t.id)", "Rows Removed by Join Filter": 0, "Plans": [{"Node Type": "Nested Loop", "Parent Relationship": "Outer", "Join Type": "Inner", "Startup Cost": 4.51, "Total Cost": 3346.73, "Plan Rows": 2, "Plan Width": 8, "Actual Startup Time": 13.284, "Actual Total Time": 1112.719, "Actual Rows": 5228, "Actual Loops": 1, "Inner Unique": true, "Plans": [{"Node Type": "Nested Loop", "Parent Relationship": "Outer", "Join Type": "Inner", "Startup Cost": 4.51, "Total Cost": 3326.6, "Plan Rows": 70, "Plan Width": 12, "Actual Startup Time": 10.161, "Actual Total Time": 467.922, "Actual Rows": 148552, "Actual Loops": 1, "Inner Unique": false, "Plans": [{"Node Type": "Nested Loop", "Parent Relationship": "Outer", "Join Type": "Inner", "Startup Cost": 4.51, "Total Cost": 3315.63, "Plan Rows": 33, "Plan Width": 4, "Actual Startup Time": 10.133, "Actual Total Time": 176.342, "Actual Rows": 41840, "Actual Loops": 1, "Inner Unique": false, "Plans": [{"Node Type": "Index Scan", "Parent Relationship": "Outer", "Scan Direction": "Forward", "Index Name": "keyword_pkey", "Relation Name": "keyword", "Alias": "k", "Startup Cost": 0.0, "Total Cost": 3182.72, "Plan Rows": 1, "Plan Width": 4, "Actual Startup Time": 0.204, "Actual Total Time": 116.389, "Actual Rows": 1, "Actual Loops": 1, "Filter": "((keyword)::text = 'character-name-in-title'::text)", "Rows Removed by Filter": 134168}, {"Node Type": "Bitmap Heap Scan", "Parent Relationship": "Inner", "Relation Name": "movie_keyword", "Alias": "mk", "Startup Cost": 4.51, "Total Cost": 132.58, "Plan Rows": 33, "Plan Width": 8, "Actual Startup Time": 9.922, "Actual Total Time": 51.446, "Actual Rows": 41840, "Actual Loops": 1, "Recheck Cond": "(keyword_id = k.id)", "Rows Removed by Index Recheck": 0, "Exact Heap Blocks": 9702, "Lossy Heap Blocks": 9702, "Plans": [{"Node Type": "Bitmap Index Scan", "Parent Relationship": "Outer", "Index Name": "keyword_id_movie_keyword", "Startup Cost": 0.0, "Total Cost": 4.5, "Plan Rows": 33, "Plan Width": 0, "Actual Startup Time": 8.103, "Actual Total Time": 8.103, "Actual Rows": 41840, "Actual Loops": 1, "Index Cond": "(keyword_id = k.id)"}]}]}, {"Node Type": "Index Scan", "Parent Relationship": "Inner", "Scan Direction": "Forward", "Index Name": "movie_id_movie_companies", "Relation Name": "movie_companies", "Alias": "mc", "Startup Cost": 0.0, "Total Cost": 0.31, "Plan Rows": 2, "Plan Width": 8, "Actual Startup Time": 159.044, "Actual Total Time": 235.457, "Actual Rows": 148552, "Actual Loops": 41840, "Index Cond": "(movie_id = mk.movie_id)", "Rows Removed by Index Recheck": 0}]}, {"Node Type": "Index Scan", "Parent Relationship": "Inner", "Scan Direction": "Forward", "Index Name": "company_name_pkey", "Relation Name": "company_name", "Alias": "cn", "Startup Cost": 0.0, "Total Cost": 0.28, "Plan Rows": 1, "Plan Width": 4, "Actual Startup Time": 571.46, "Actual Total Time": 571.46, "Actual Rows": 5228, "Actual Loops": 148552, "Index Cond": "(id = mc.company_id)", "Rows Removed by Index Recheck": 0, "Filter": "((country_code)::text = '[nl]'::text)", "Rows Removed by Filter": 143324}]}, {"Node Type": "Index Scan", "Parent Relationship": "Inner", "Scan Direction": "Forward", "Index Name": "title_pkey", "Relation Name": "title", "Alias": "t", "Startup Cost": 0.0, "Total Cost": 0.31, "Plan Rows": 1, "Plan Width": 21, "Actual Startup Time": 23.224, "Actual Total Time": 23.224, "Actual Rows": 5228, "Actual Loops": 5228, "Index Cond": "(id = mk.movie_id)", "Rows Removed by Index Recheck": 0}]}]}, "Triggers": [], "Planner Runtime": 9.253, "Total Runtime": 1144.942, "Unique SQL Id": 2804875951}}, "(1, '70')": {"explain_plan": {"Plan": {"Node Type": "Aggregate", "Strategy": "Plain", "Startup Cost": 3019.97, "Total Cost": 3019.98, "Plan Rows": 1, "Plan Width": 49, "Plans": [{"Node Type": "Nested Loop", "Parent Relationship": "Outer", "Join Type": "Inner", "Startup Cost": 5.3, "Total Cost": 3019.97, "Plan Rows": 2, "Plan Width": 17, "Inner Unique": true, "Join Filter": "(mc.movie_id = t.id)", "Plans": [{"Node Type": "Nested Loop", "Parent Relationship": "Outer", "Join Type": "Inner", "Startup Cost": 5.04, "Total Cost": 3011.39, "Plan Rows": 2, "Plan Width": 8, "Inner Unique": true, "Plans": [{"Node Type": "Nested Loop", "Parent Relationship": "Outer", "Join Type": "Inner", "Startup Cost": 4.78, "Total Cost": 2711.55, "Plan Rows": 70, "Plan Width": 12, "Inner Unique": false, "Plans": [{"Node Type": "Nested Loop", "Parent Relationship": "Outer", "Join Type": "Inner", "Startup Cost": 4.51, "Total Cost": 2569.02, "Plan Rows": 33, "Plan Width": 4, "Inner Unique": false, "Plans": [{"Node Type": "Seq Scan", "Parent Relationship": "Outer", "Relation Name": "keyword", "Alias": "k", "Startup Cost": 0.0, "Total Cost": 2436.11, "Plan Rows": 1, "Plan Width": 4, "Filter": "((keyword)::text = 'character-name-in-title'::text)"}, {"Node Type": "Bitmap Heap Scan", "Parent Relationship": "Inner", "Relation Name": "movie_keyword", "Alias": "mk", "Startup Cost": 4.51, "Total Cost": 132.58, "Plan Rows": 33, "Plan Width": 8, "Recheck Cond": "(keyword_id = k.id)", "Plans": [{"Node Type": "Bitmap Index Scan", "Parent Relationship": "Outer", "Index Name": "keyword_id_movie_keyword", "Startup Cost": 0.0, "Total Cost": 4.5, "Plan Rows": 33, "Plan Width": 0, "Index Cond": "(keyword_id = k.id)"}]}]}, {"Node Type": "Bitmap Heap Scan", "Parent Relationship": "Inner", "Relation Name": "movie_companies", "Alias": "mc", "Startup Cost": 0.27, "Total Cost": 4.3, "Plan Rows": 2, "Plan Width": 8, "Recheck Cond": "(movie_id = mk.movie_id)", "Plans": [{"Node Type": "Bitmap Index Scan", "Parent Relationship": "Outer", "Index Name": "movie_id_movie_companies", "Startup Cost": 0.0, "Total Cost": 0.27, "Plan Rows": 2, "Plan Width": 0, "Index Cond": "(movie_id = mk.movie_id)"}]}]}, {"Node Type": "Bitmap Heap Scan", "Parent Relationship": "Inner", "Relation Name": "company_name", "Alias": "cn", "Startup Cost": 0.26, "Total Cost": 4.27, "Plan Rows": 1, "Plan Width": 4, "Recheck Cond": "(id = mc.company_id)", "Filter": "((country_code)::text = '[nl]'::text)", "Plans": [{"Node Type": "Bitmap Index Scan", "Parent Relationship": "Outer", "Index Name": "company_name_pkey", "Startup Cost": 0.0, "Total Cost": 0.26, "Plan Rows": 1, "Plan Width": 0, "Index Cond": "(id = mc.company_id)"}]}]}, {"Node Type": "Bitmap Heap Scan", "Parent Relationship": "Inner", "Relation Name": "title", "Alias": "t", "Startup Cost": 0.27, "Total Cost": 4.28, "Plan Rows": 1, "Plan Width": 21, "Recheck Cond": "(id = mk.movie_id)", "Plans": [{"Node Type": "Bitmap Index Scan", "Parent Relationship": "Outer", "Index Name": "title_pkey", "Startup Cost": 0.0, "Total Cost": 0.27, "Plan Rows": 1, "Plan Width": 0, "Index Cond": "(id = mk.movie_id)"}]}]}]}, "Unique SQL Id": 2804875951, "Planner Runtime": 8}, "explain_analyze_plan": {"Plan": {"Node Type": "Aggregate", "Strategy": "Plain", "Startup Cost": 3019.97, "Total Cost": 3019.98, "Plan Rows": 1, "Plan Width": 49, "Actual Startup Time": 1387.256, "Actual Total Time": 1387.257, "Actual Rows": 1, "Actual Loops": 1, "Plans": [{"Node Type": "Nested Loop", "Parent Relationship": "Outer", "Join Type": "Inner", "Startup Cost": 5.3, "Total Cost": 3019.97, "Plan Rows": 2, "Plan Width": 17, "Actual Startup Time": 15.885, "Actual Total Time": 1382.928, "Actual Rows": 5228, "Actual Loops": 1, "Inner Unique": true, "Join Filter": "(mc.movie_id = t.id)", "Rows Removed by Join Filter": 0, "Plans": [{"Node Type": "Nested Loop", "Parent Relationship": "Outer", "Join Type": "Inner", "Startup Cost": 5.04, "Total Cost": 3011.39, "Plan Rows": 2, "Plan Width": 8, "Actual Startup Time": 15.861, "Actual Total Time": 1346.204, "Actual Rows": 5228, "Actual Loops": 1, "Inner Unique": true, "Plans": [{"Node Type": "Nested Loop", "Parent Relationship": "Outer", "Join Type": "Inner", "Startup Cost": 4.78, "Total Cost": 2711.55, "Plan Rows": 70, "Plan Width": 12, "Actual Startup Time": 11.506, "Actual Total Time": 487.661, "Actual Rows": 148552, "Actual Loops": 1, "Inner Unique": false, "Plans": [{"Node Type": "Nested Loop", "Parent Relationship": "Outer", "Join Type": "Inner", "Startup Cost": 4.51, "Total Cost": 2569.02, "Plan Rows": 33, "Plan Width": 4, "Actual Startup Time": 11.467, "Actual Total Time": 97.589, "Actual Rows": 41840, "Actual Loops": 1, "Inner Unique": false, "Plans": [{"Node Type": "Seq Scan", "Parent Relationship": "Outer", "Relation Name": "keyword", "Alias": "k", "Startup Cost": 0.0, "Total Cost": 2436.11, "Plan Rows": 1, "Plan Width": 4, "Actual Startup Time": 1.835, "Actual Total Time": 40.613, "Actual Rows": 1, "Actual Loops": 1, "Filter": "((keyword)::text = 'character-name-in-title'::text)", "Rows Removed by Filter": 134168}, {"Node Type": "Bitmap Heap Scan", "Parent Relationship": "Inner", "Relation Name": "movie_keyword", "Alias": "mk", "Startup Cost": 4.51, "Total Cost": 132.58, "Plan Rows": 33, "Plan Width": 8, "Actual Startup Time": 9.627, "Actual Total Time": 47.321, "Actual Rows": 41840, "Actual Loops": 1, "Recheck Cond": "(keyword_id = k.id)", "Rows Removed by Index Recheck": 0, "Exact Heap Blocks": 9702, "Lossy Heap Blocks": 9702, "Plans": [{"Node Type": "Bitmap Index Scan", "Parent Relationship": "Outer", "Index Name": "keyword_id_movie_keyword", "Startup Cost": 0.0, "Total Cost": 4.5, "Plan Rows": 33, "Plan Width": 0, "Actual Startup Time": 7.876, "Actual Total Time": 7.876, "Actual Rows": 41840, "Actual Loops": 1, "Index Cond": "(keyword_id = k.id)"}]}]}, {"Node Type": "Bitmap Heap Scan", "Parent Relationship": "Inner", "Relation Name": "movie_companies", "Alias": "mc", "Startup Cost": 0.27, "Total Cost": 4.3, "Plan Rows": 2, "Plan Width": 8, "Actual Startup Time": 249.986, "Actual Total Time": 306.048, "Actual Rows": 148552, "Actual Loops": 41840, "Recheck Cond": "(movie_id = mk.movie_id)", "Rows Removed by Index Recheck": 0, "Exact Heap Blocks": 62638, "Lossy Heap Blocks": 62638, "Plans": [{"Node Type": "Bitmap Index Scan", "Parent Relationship": "Outer", "Index Name": "movie_id_movie_companies", "Startup Cost": 0.0, "Total Cost": 0.27, "Plan Rows": 2, "Plan Width": 0, "Actual Startup Time": 154.185, "Actual Total Time": 154.185, "Actual Rows": 148552, "Actual Loops": 41840, "Index Cond": "(movie_id = mk.movie_id)"}]}]}, {"Node Type": "Bitmap Heap Scan", "Parent Relationship": "Inner", "Relation Name": "company_name", "Alias": "cn", "Startup Cost": 0.26, "Total Cost": 4.27, "Plan Rows": 1, "Plan Width": 4, "Actual Startup Time": 692.747, "Actual Total Time": 692.747, "Actual Rows": 5228, "Actual Loops": 148552, "Recheck Cond": "(id = mc.company_id)", "Rows Removed by Index Recheck": 0, "Filter": "((country_code)::text = '[nl]'::text)", "Rows Removed by Filter": 143324, "Exact Heap Blocks": 148552, "Lossy Heap Blocks": 148552, "Plans": [{"Node Type": "Bitmap Index Scan", "Parent Relationship": "Outer", "Index Name": "company_name_pkey", "Startup Cost": 0.0, "Total Cost": 0.26, "Plan Rows": 1, "Plan Width": 0, "Actual Startup Time": 381.81, "Actual Total Time": 381.81, "Actual Rows": 148552, "Actual Loops": 148552, "Index Cond": "(id = mc.company_id)"}]}]}, {"Node Type": "Bitmap Heap Scan", "Parent Relationship": "Inner", "Relation Name": "title", "Alias": "t", "Startup Cost": 0.27, "Total Cost": 4.28, "Plan Rows": 1, "Plan Width": 21, "Actual Startup Time": 27.63, "Actual Total Time": 27.63, "Actual Rows": 5228, "Actual Loops": 5228, "Recheck Cond": "(id = mk.movie_id)", "Rows Removed by Index Recheck": 0, "Exact Heap Blocks": 5228, "Lossy Heap Blocks": 5228, "Plans": [{"Node Type": "Bitmap Index Scan", "Parent Relationship": "Outer", "Index Name": "title_pkey", "Startup Cost": 0.0, "Total Cost": 0.27, "Plan Rows": 1, "Plan Width": 0, "Actual Startup Time": 16.841, "Actual Total Time": 16.841, "Actual Rows": 5228, "Actual Loops": 5228, "Index Cond": "(id = mk.movie_id)"}]}]}]}, "Triggers": [], "Planner Runtime": 9.24, "Total Runtime": 1387.727, "Unique SQL Id": 2804875951}}, "(1, '71')": {"explain_plan": {"Plan": {"Node Type": "Aggregate", "Strategy": "Plain", "Startup Cost": 1000025545541.31, "Total Cost": 1000025545541.32, "Plan Rows": 1, "Plan Width": 49, "Plans": [{"Node Type": "Nested Loop", "Parent Relationship": "Outer", "Join Type": "Inner", "Startup Cost": 10000000001.12, "Total Cost": 1000025545541.31, "Plan Rows": 2, "Plan Width": 17, "Inner Unique": true, "Join Filter": "(mc.movie_id = t.id)", "Plans": [{"Node Type": "Nested Loop", "Parent Relationship": "Outer", "Join Type": "Inner", "Startup Cost": 10000000000.85, "Total Cost": 1000025545532.73, "Plan Rows": 2, "Plan Width": 8, "Inner Unique": true, "Plans": [{"Node Type": "Nested Loop", "Parent Relationship": "Outer", "Join Type": "Inner", "Startup Cost": 10000000000.6, "Total Cost": 1000024380163.58, "Plan Rows": 272107, "Plan Width": 12, "Inner Unique": false, "Plans": [{"Node Type": "Nested Loop", "Parent Relationship": "Outer", "Join Type": "Inner", "Startup Cost": 10000000000.26, "Total Cost": 1000024227793.07, "Plan Rows": 33725, "Plan Width": 4, "Inner Unique": true, "Plans": [{"Node Type": "Index Scan", "Parent Relationship": "Outer", "Scan Direction": "Forward", "Index Name": "movie_id_movie_companies", "Relation Name": "movie_companies", "Alias": "mc", "Startup Cost": 10000000000.0, "Total Cost": 1000013051946.13, "Plan Rows": 2609128, "Plan Width": 8}, {"Node Type": "Bitmap Heap Scan", "Parent Relationship": "Inner", "Relation Name": "company_name", "Alias": "cn", "Startup Cost": 0.26, "Total Cost": 4.27, "Plan Rows": 1, "Plan Width": 4, "Recheck Cond": "(id = mc.company_id)", "Filter": "((country_code)::text = '[nl]'::text)", "Plans": [{"Node Type": "Bitmap Index Scan", "Parent Relationship": "Outer", "Index Name": "company_name_pkey", "Startup Cost": 0.0, "Total Cost": 0.26, "Plan Rows": 1, "Plan Width": 0, "Index Cond": "(id = mc.company_id)"}]}]}, {"Node Type": "Bitmap Heap Scan", "Parent Relationship": "Inner", "Relation Name": "movie_keyword", "Alias": "mk", "Startup Cost": 0.34, "Total Cost": 4.44, "Plan Rows": 8, "Plan Width": 8, "Recheck Cond": "(movie_id = mc.movie_id)", "Plans": [{"Node Type": "Bitmap Index Scan", "Parent Relationship": "Outer", "Index Name": "movie_id_movie_keyword", "Startup Cost": 0.0, "Total Cost": 0.34, "Plan Rows": 8, "Plan Width": 0, "Index Cond": "(movie_id = mc.movie_id)"}]}]}, {"Node Type": "Bitmap Heap Scan", "Parent Relationship": "Inner", "Relation Name": "keyword", "Alias": "k", "Startup Cost": 0.26, "Total Cost": 4.27, "Plan Rows": 1, "Plan Width": 4, "Recheck Cond": "(id = mk.keyword_id)", "Filter": "((keyword)::text = 'character-name-in-title'::text)", "Plans": [{"Node Type": "Bitmap Index Scan", "Parent Relationship": "Outer", "Index Name": "keyword_pkey", "Startup Cost": 0.0, "Total Cost": 0.26, "Plan Rows": 1, "Plan Width": 0, "Index Cond": "(id = mk.keyword_id)"}]}]}, {"Node Type": "Bitmap Heap Scan", "Parent Relationship": "Inner", "Relation Name": "title", "Alias": "t", "Startup Cost": 0.27, "Total Cost": 4.28, "Plan Rows": 1, "Plan Width": 21, "Recheck Cond": "(id = mk.movie_id)", "Plans": [{"Node Type": "Bitmap Index Scan", "Parent Relationship": "Outer", "Index Name": "title_pkey", "Startup Cost": 0.0, "Total Cost": 0.27, "Plan Rows": 1, "Plan Width": 0, "Index Cond": "(id = mk.movie_id)"}]}]}]}, "Unique SQL Id": 2804875951, "Planner Runtime": 3}, "explain_analyze_plan": null}, "(1, '72')": {"explain_plan": {"Plan": {"Node Type": "Aggregate", "Strategy": "Plain", "Startup Cost": 2605.07, "Total Cost": 2605.08, "Plan Rows": 1, "Plan Width": 49, "Plans": [{"Node Type": "Nested Loop", "Parent Relationship": "Outer", "Join Type": "Inner", "Startup Cost": 0.0, "Total Cost": 2605.07, "Plan Rows": 2, "Plan Width": 17, "Inner Unique": true, "Join Filter": "(mc.movie_id = t.id)", "Plans": [{"Node Type": "Nested Loop", "Parent Relationship": "Outer", "Join Type": "Inner", "Startup Cost": 0.0, "Total Cost": 2604.42, "Plan Rows": 2, "Plan Width": 8, "Inner Unique": true, "Plans": [{"Node Type": "Nested Loop", "Parent Relationship": "Outer", "Join Type": "Inner", "Startup Cost": 0.0, "Total Cost": 2584.29, "Plan Rows": 70, "Plan Width": 12, "Inner Unique": false, "Plans": [{"Node Type": "Nested Loop", "Parent Relationship": "Outer", "Join Type": "Inner", "Startup Cost": 0.0, "Total Cost": 2573.32, "Plan Rows": 33, "Plan Width": 4, "Inner Unique": false, "Plans": [{"Node Type": "Seq Scan", "Parent Relationship": "Outer", "Relation Name": "keyword", "Alias": "k", "Startup Cost": 0.0, "Total Cost": 2436.11, "Plan Rows": 1, "Plan Width": 4, "Filter": "((keyword)::text = 'character-name-in-title'::text)"}, {"Node Type": "Index Scan", "Parent Relationship": "Inner", "Scan Direction": "Forward", "Index Name": "keyword_id_movie_keyword", "Relation Name": "movie_keyword", "Alias": "mk", "Startup Cost": 0.0, "Total Cost": 136.88, "Plan Rows": 33, "Plan Width": 8, "Index Cond": "(keyword_id = k.id)"}]}, {"Node Type": "Index Scan", "Parent Relationship": "Inner", "Scan Direction": "Forward", "Index Name": "movie_id_movie_companies", "Relation Name": "movie_companies", "Alias": "mc", "Startup Cost": 0.0, "Total Cost": 0.31, "Plan Rows": 2, "Plan Width": 8, "Index Cond": "(movie_id = mk.movie_id)"}]}, {"Node Type": "Index Scan", "Parent Relationship": "Inner", "Scan Direction": "Forward", "Index Name": "company_name_pkey", "Relation Name": "company_name", "Alias": "cn", "Startup Cost": 0.0, "Total Cost": 0.28, "Plan Rows": 1, "Plan Width": 4, "Index Cond": "(id = mc.company_id)", "Filter": "((country_code)::text = '[nl]'::text)"}]}, {"Node Type": "Index Scan", "Parent Relationship": "Inner", "Scan Direction": "Forward", "Index Name": "title_pkey", "Relation Name": "title", "Alias": "t", "Startup Cost": 0.0, "Total Cost": 0.31, "Plan Rows": 1, "Plan Width": 21, "Index Cond": "(id = mk.movie_id)"}]}]}, "Unique SQL Id": 2804875951, "Planner Runtime": 9}, "explain_analyze_plan": {"Plan": {"Node Type": "Aggregate", "Strategy": "Plain", "Startup Cost": 2605.07, "Total Cost": 2605.08, "Plan Rows": 1, "Plan Width": 49, "Actual Startup Time": 1018.693, "Actual Total Time": 1018.694, "Actual Rows": 1, "Actual Loops": 1, "Plans": [{"Node Type": "Nested Loop", "Parent Relationship": "Outer", "Join Type": "Inner", "Startup Cost": 0.0, "Total Cost": 2605.07, "Plan Rows": 2, "Plan Width": 17, "Actual Startup Time": 4.88, "Actual Total Time": 1015.562, "Actual Rows": 5228, "Actual Loops": 1, "Inner Unique": true, "Join Filter": "(mc.movie_id = t.id)", "Rows Removed by Join Filter": 0, "Plans": [{"Node Type": "Nested Loop", "Parent Relationship": "Outer", "Join Type": "Inner", "Startup Cost": 0.0, "Total Cost": 2604.42, "Plan Rows": 2, "Plan Width": 8, "Actual Startup Time": 4.865, "Actual Total Time": 988.098, "Actual Rows": 5228, "Actual Loops": 1, "Inner Unique": true, "Plans": [{"Node Type": "Nested Loop", "Parent Relationship": "Outer", "Join Type": "Inner", "Startup Cost": 0.0, "Total Cost": 2584.29, "Plan Rows": 70, "Plan Width": 12, "Actual Startup Time": 1.836, "Actual Total Time": 368.761, "Actual Rows": 148552, "Actual Loops": 1, "Inner Unique": false, "Plans": [{"Node Type": "Nested Loop", "Parent Relationship": "Outer", "Join Type": "Inner", "Startup Cost": 0.0, "Total Cost": 2573.32, "Plan Rows": 33, "Plan Width": 4, "Actual Startup Time": 1.817, "Actual Total Time": 90.483, "Actual Rows": 41840, "Actual Loops": 1, "Inner Unique": false, "Plans": [{"Node Type": "Seq Scan", "Parent Relationship": "Outer", "Relation Name": "keyword", "Alias": "k", "Startup Cost": 0.0, "Total Cost": 2436.11, "Plan Rows": 1, "Plan Width": 4, "Actual Startup Time": 1.79, "Actual Total Time": 42.521, "Actual Rows": 1, "Actual Loops": 1, "Filter": "((keyword)::text = 'character-name-in-title'::text)", "Rows Removed by Filter": 134168}, {"Node Type": "Index Scan", "Parent Relationship": "Inner", "Scan Direction": "Forward", "Index Name": "keyword_id_movie_keyword", "Relation Name": "movie_keyword", "Alias": "mk", "Startup Cost": 0.0, "Total Cost": 136.88, "Plan Rows": 33, "Plan Width": 8, "Actual Startup Time": 0.021, "Actual Total Time": 38.672, "Actual Rows": 41840, "Actual Loops": 1, "Index Cond": "(keyword_id = k.id)", "Rows Removed by Index Recheck": 0}]}, {"Node Type": "Index Scan", "Parent Relationship": "Inner", "Scan Direction": "Forward", "Index Name": "movie_id_movie_companies", "Relation Name": "movie_companies", "Alias": "mc", "Startup Cost": 0.0, "Total Cost": 0.31, "Plan Rows": 2, "Plan Width": 8, "Actual Startup Time": 149.771, "Actual Total Time": 222.908, "Actual Rows": 148552, "Actual Loops": 41840, "Index Cond": "(movie_id = mk.movie_id)", "Rows Removed by Index Recheck": 0}]}, {"Node Type": "Index Scan", "Parent Relationship": "Inner", "Scan Direction": "Forward", "Index Name": "company_name_pkey", "Relation Name": "company_name", "Alias": "cn", "Startup Cost": 0.0, "Total Cost": 0.28, "Plan Rows": 1, "Plan Width": 4, "Actual Startup Time": 548.889, "Actual Total Time": 548.889, "Actual Rows": 5228, "Actual Loops": 148552, "Index Cond": "(id = mc.company_id)", "Rows Removed by Index Recheck": 0, "Filter": "((country_code)::text = '[nl]'::text)", "Rows Removed by Filter": 143324}]}, {"Node Type": "Index Scan", "Parent Relationship": "Inner", "Scan Direction": "Forward", "Index Name": "title_pkey", "Relation Name": "title", "Alias": "t", "Startup Cost": 0.0, "Total Cost": 0.31, "Plan Rows": 1, "Plan Width": 21, "Actual Startup Time": 21.677, "Actual Total Time": 21.677, "Actual Rows": 5228, "Actual Loops": 5228, "Index Cond": "(id = mk.movie_id)", "Rows Removed by Index Recheck": 0}]}]}, "Triggers": [], "Planner Runtime": 9.006, "Total Runtime": 1018.947, "Unique SQL Id": 2804875951}}, "(1, '73')": {"explain_plan": {"Plan": {"Node Type": "Aggregate", "Strategy": "Plain", "Startup Cost": 3351.67, "Total Cost": 3351.68, "Plan Rows": 1, "Plan Width": 49, "Plans": [{"Node Type": "Nested Loop", "Parent Relationship": "Outer", "Join Type": "Inner", "Startup Cost": 0.0, "Total Cost": 3351.67, "Plan Rows": 2, "Plan Width": 17, "Inner Unique": true, "Join Filter": "(mc.movie_id = t.id)", "Plans": [{"Node Type": "Nested Loop", "Parent Relationship": "Outer", "Join Type": "Inner", "Startup Cost": 0.0, "Total Cost": 3351.03, "Plan Rows": 2, "Plan Width": 8, "Inner Unique": true, "Plans": [{"Node Type": "Nested Loop", "Parent Relationship": "Outer", "Join Type": "Inner", "Startup Cost": 0.0, "Total Cost": 3330.89, "Plan Rows": 70, "Plan Width": 12, "Inner Unique": false, "Plans": [{"Node Type": "Nested Loop", "Parent Relationship": "Outer", "Join Type": "Inner", "Startup Cost": 0.0, "Total Cost": 3319.92, "Plan Rows": 33, "Plan Width": 4, "Inner Unique": false, "Plans": [{"Node Type": "Index Scan", "Parent Relationship": "Outer", "Scan Direction": "Forward", "Index Name": "keyword_pkey", "Relation Name": "keyword", "Alias": "k", "Startup Cost": 0.0, "Total Cost": 3182.72, "Plan Rows": 1, "Plan Width": 4, "Filter": "((keyword)::text = 'character-name-in-title'::text)"}, {"Node Type": "Index Scan", "Parent Relationship": "Inner", "Scan Direction": "Forward", "Index Name": "keyword_id_movie_keyword", "Relation Name": "movie_keyword", "Alias": "mk", "Startup Cost": 0.0, "Total Cost": 136.88, "Plan Rows": 33, "Plan Width": 8, "Index Cond": "(keyword_id = k.id)"}]}, {"Node Type": "Index Scan", "Parent Relationship": "Inner", "Scan Direction": "Forward", "Index Name": "movie_id_movie_companies", "Relation Name": "movie_companies", "Alias": "mc", "Startup Cost": 0.0, "Total Cost": 0.31, "Plan Rows": 2, "Plan Width": 8, "Index Cond": "(movie_id = mk.movie_id)"}]}, {"Node Type": "Index Scan", "Parent Relationship": "Inner", "Scan Direction": "Forward", "Index Name": "company_name_pkey", "Relation Name": "company_name", "Alias": "cn", "Startup Cost": 0.0, "Total Cost": 0.28, "Plan Rows": 1, "Plan Width": 4, "Index Cond": "(id = mc.company_id)", "Filter": "((country_code)::text = '[nl]'::text)"}]}, {"Node Type": "Index Scan", "Parent Relationship": "Inner", "Scan Direction": "Forward", "Index Name": "title_pkey", "Relation Name": "title", "Alias": "t", "Startup Cost": 0.0, "Total Cost": 0.31, "Plan Rows": 1, "Plan Width": 21, "Index Cond": "(id = mk.movie_id)"}]}]}, "Unique SQL Id": 2804875951, "Planner Runtime": 9}, "explain_analyze_plan": {"Plan": {"Node Type": "Aggregate", "Strategy": "Plain", "Startup Cost": 3351.67, "Total Cost": 3351.68, "Plan Rows": 1, "Plan Width": 49, "Actual Startup Time": 1104.099, "Actual Total Time": 1104.099, "Actual Rows": 1, "Actual Loops": 1, "Plans": [{"Node Type": "Nested Loop", "Parent Relationship": "Outer", "Join Type": "Inner", "Startup Cost": 0.0, "Total Cost": 3351.67, "Plan Rows": 2, "Plan Width": 17, "Actual Startup Time": 3.277, "Actual Total Time": 1101.041, "Actual Rows": 5228, "Actual Loops": 1, "Inner Unique": true, "Join Filter": "(mc.movie_id = t.id)", "Rows Removed by Join Filter": 0, "Plans": [{"Node Type": "Nested Loop", "Parent Relationship": "Outer", "Join Type": "Inner", "Startup Cost": 0.0, "Total Cost": 3351.03, "Plan Rows": 2, "Plan Width": 8, "Actual Startup Time": 3.261, "Actual Total Time": 1073.962, "Actual Rows": 5228, "Actual Loops": 1, "Inner Unique": true, "Plans": [{"Node Type": "Nested Loop", "Parent Relationship": "Outer", "Join Type": "Inner", "Startup Cost": 0.0, "Total Cost": 3330.89, "Plan Rows": 70, "Plan Width": 12, "Actual Startup Time": 0.244, "Actual Total Time": 439.938, "Actual Rows": 148552, "Actual Loops": 1, "Inner Unique": false, "Plans": [{"Node Type": "Nested Loop", "Parent Relationship": "Outer", "Join Type": "Inner", "Startup Cost": 0.0, "Total Cost": 3319.92, "Plan Rows": 33, "Plan Width": 4, "Actual Startup Time": 0.228, "Actual Total Time": 160.992, "Actual Rows": 41840, "Actual Loops": 1, "Inner Unique": false, "Plans": [{"Node Type": "Index Scan", "Parent Relationship": "Outer", "Scan Direction": "Forward", "Index Name": "keyword_pkey", "Relation Name": "keyword", "Alias": "k", "Startup Cost": 0.0, "Total Cost": 3182.72, "Plan Rows": 1, "Plan Width": 4, "Actual Startup Time": 0.209, "Actual Total Time": 114.577, "Actual Rows": 1, "Actual Loops": 1, "Filter": "((keyword)::text = 'character-name-in-title'::text)", "Rows Removed by Filter": 134168}, {"Node Type": "Index Scan", "Parent Relationship": "Inner", "Scan Direction": "Forward", "Index Name": "keyword_id_movie_keyword", "Relation Name": "movie_keyword", "Alias": "mk", "Startup Cost": 0.0, "Total Cost": 136.88, "Plan Rows": 33, "Plan Width": 8, "Actual Startup Time": 0.015, "Actual Total Time": 37.044, "Actual Rows": 41840, "Actual Loops": 1, "Index Cond": "(keyword_id = k.id)", "Rows Removed by Index Recheck": 0}]}, {"Node Type": "Index Scan", "Parent Relationship": "Inner", "Scan Direction": "Forward", "Index Name": "movie_id_movie_companies", "Relation Name": "movie_companies", "Alias": "mc", "Startup Cost": 0.0, "Total Cost": 0.31, "Plan Rows": 2, "Plan Width": 8, "Actual Startup Time": 150.187, "Actual Total Time": 222.909, "Actual Rows": 148552, "Actual Loops": 41840, "Index Cond": "(movie_id = mk.movie_id)", "Rows Removed by Index Recheck": 0}]}, {"Node Type": "Index Scan", "Parent Relationship": "Inner", "Scan Direction": "Forward", "Index Name": "company_name_pkey", "Relation Name": "company_name", "Alias": "cn", "Startup Cost": 0.0, "Total Cost": 0.28, "Plan Rows": 1, "Plan Width": 4, "Actual Startup Time": 562.098, "Actual Total Time": 562.098, "Actual Rows": 5228, "Actual Loops": 148552, "Index Cond": "(id = mc.company_id)", "Rows Removed by Index Recheck": 0, "Filter": "((country_code)::text = '[nl]'::text)", "Rows Removed by Filter": 143324}]}, {"Node Type": "Index Scan", "Parent Relationship": "Inner", "Scan Direction": "Forward", "Index Name": "title_pkey", "Relation Name": "title", "Alias": "t", "Startup Cost": 0.0, "Total Cost": 0.31, "Plan Rows": 1, "Plan Width": 21, "Actual Startup Time": 21.503, "Actual Total Time": 21.503, "Actual Rows": 5228, "Actual Loops": 5228, "Index Cond": "(id = mk.movie_id)", "Rows Removed by Index Recheck": 0}]}]}, "Triggers": [], "Planner Runtime": 9.208, "Total Runtime": 1104.346, "Unique SQL Id": 2804875951}}, "(1, '74')": {"explain_plan": {"Plan": {"Node Type": "Aggregate", "Strategy": "Plain", "Startup Cost": 203302.73, "Total Cost": 203302.74, "Plan Rows": 1, "Plan Width": 49, "Plans": [{"Node Type": "Hash Join", "Parent Relationship": "Outer", "Join Type": "Inner", "Startup Cost": 133750.79, "Total Cost": 203302.73, "Plan Rows": 2, "Plan Width": 17, "Inner Unique": true, "Hash Cond": "(mc.company_id = cn.id)", "Plans": [{"Node Type": "Hash Join", "Parent Relationship": "Outer", "Join Type": "Inner", "Startup Cost": 127819.34, "Total Cost": 197370.32, "Plan Rows": 70, "Plan Width": 21, "Inner Unique": false, "Hash Cond": "(t.id = mc.movie_id)", "Plans": [{"Node Type": "Seq Scan", "Parent Relationship": "Outer", "Relation Name": "title", "Alias": "t", "Startup Cost": 0.0, "Total Cost": 60069.11, "Plan Rows": 2528311, "Plan Width": 21}, {"Node Type": "Hash", "Parent Relationship": "Inner", "Startup Cost": 127818.46, "Total Cost": 127818.46, "Plan Rows": 70, "Plan Width": 12, "Plans": [{"Node Type": "Hash Join", "Parent Relationship": "Outer", "Join Type": "Inner", "Startup Cost": 76216.26, "Total Cost": 127818.46, "Plan Rows": 70, "Plan Width": 12, "Inner Unique": false, "Hash Cond": "(mc.movie_id = mk.movie_id)", "Plans": [{"Node Type": "Seq Scan", "Parent Relationship": "Outer", "Relation Name": "movie_companies", "Alias": "mc", "Startup Cost": 0.0, "Total Cost": 41817.28, "Plan Rows": 2609128, "Plan Width": 8}, {"Node Type": "Hash", "Parent Relationship": "Inner", "Startup Cost": 76215.84, "Total Cost": 76215.84, "Plan Rows": 33, "Plan Width": 4, "Plans": [{"Node Type": "Hash Join", "Parent Relationship": "Outer", "Join Type": "Inner", "Startup Cost": 2436.12, "Total Cost": 76215.84, "Plan Rows": 33, "Plan Width": 4, "Inner Unique": true, "Hash Cond": "(mk.keyword_id = k.id)", "Plans": [{"Node Type": "Seq Scan", "Parent Relationship": "Outer", "Relation Name": "movie_keyword", "Alias": "mk", "Startup Cost": 0.0, "Total Cost": 62441.29, "Plan Rows": 4523929, "Plan Width": 8}, {"Node Type": "Hash", "Parent Relationship": "Inner", "Startup Cost": 2436.11, "Total Cost": 2436.11, "Plan Rows": 1, "Plan Width": 4, "Plans": [{"Node Type": "Seq Scan", "Parent Relationship": "Outer", "Relation Name": "keyword", "Alias": "k", "Startup Cost": 0.0, "Total Cost": 2436.11, "Plan Rows": 1, "Plan Width": 4, "Filter": "((keyword)::text = 'character-name-in-title'::text)"}]}]}]}]}]}]}, {"Node Type": "Hash", "Parent Relationship": "Inner", "Startup Cost": 5903.45, "Total Cost": 5903.45, "Plan Rows": 2240, "Plan Width": 4, "Plans": [{"Node Type": "Seq Scan", "Parent Relationship": "Outer", "Relation Name": "company_name", "Alias": "cn", "Startup Cost": 0.0, "Total Cost": 5903.45, "Plan Rows": 2240, "Plan Width": 4, "Filter": "((country_code)::text = '[nl]'::text)"}]}]}]}, "Unique SQL Id": 2804875951, "Planner Runtime": 9}, "explain_analyze_plan": null}, "(1, '75')": {"explain_plan": {"Plan": {"Node Type": "Aggregate", "Strategy": "Plain", "Startup Cost": 4998934717572.65, "Total Cost": 4998934717572.66, "Plan Rows": 1, "Plan Width": 49, "Plans": [{"Node Type": "Hash Join", "Parent Relationship": "Outer", "Join Type": "Inner", "Startup Cost": 2030100702557.26, "Total Cost": 4998934717572.64, "Plan Rows": 2, "Plan Width": 17, "Inner Unique": true, "Hash Cond": "(mc.company_id = cn.id)", "Plans": [{"Node Type": "Hash Join", "Parent Relationship": "Outer", "Join Type": "Inner", "Startup Cost": 1030099652390.29, "Total Cost": 3998933667404.71, "Plan Rows": 70, "Plan Width": 21, "Inner Unique": true, "Hash Cond": "(mk.keyword_id = k.id)", "Plans": [{"Node Type": "Merge Join", "Parent Relationship": "Outer", "Join Type": "Inner", "Startup Cost": 30099334118.59, "Total Cost": 2998933325182.46, "Plan Rows": 9556051, "Plan Width": 25, "Inner Unique": false, "Merge Cond": "(t.id = mc.movie_id)", "Plans": [{"Node Type": "Index Scan", "Parent Relationship": "Outer", "Scan Direction": "Forward", "Index Name": "title_pkey", "Relation Name": "title", "Alias": "t", "Startup Cost": 10000000000.0, "Total Cost": 1000011012048.91, "Plan Rows": 2528311, "Plan Width": 21}, {"Node Type": "Materialize", "Parent Relationship": "Inner", "Startup Cost": 20077406192.39, "Total Cost": 1999870961740.56, "Plan Rows": 9556051, "Plan Width": 16, "Plans": [{"Node Type": "Merge Join", "Parent Relationship": "Outer", "Join Type": "Inner", "Startup Cost": 20077406192.39, "Total Cost": 1999870937850.44, "Plan Rows": 9556051, "Plan Width": 16, "Inner Unique": false, "Merge Cond": "(mc.movie_id = mk.movie_id)", "Plans": [{"Node Type": "Index Scan", "Parent Relationship": "Outer", "Scan Direction": "Forward", "Index Name": "movie_id_movie_companies", "Relation Name": "movie_companies", "Alias": "mc", "Startup Cost": 10000000000.0, "Total Cost": 1000013051946.13, "Plan Rows": 2609128, "Plan Width": 8}, {"Node Type": "Materialize", "Parent Relationship": "Inner", "Startup Cost": 10000000000.0, "Total Cost": 1000015311943.99, "Plan Rows": 4523929, "Plan Width": 8, "Plans": [{"Node Type": "Index Scan", "Parent Relationship": "Outer", "Scan Direction": "Forward", "Index Name": "movie_id_movie_keyword", "Relation Name": "movie_keyword", "Alias": "mk", "Startup Cost": 10000000000.0, "Total Cost": 1000015300634.17, "Plan Rows": 4523929, "Plan Width": 8}]}]}]}]}, {"Node Type": "Hash", "Parent Relationship": "Inner", "Startup Cost": 1000000318271.68, "Total Cost": 1000000318271.68, "Plan Rows": 1, "Plan Width": 4, "Plans": [{"Node Type": "Index Scan", "Parent Relationship": "Outer", "Scan Direction": "Forward", "Index Name": "keyword_pkey", "Relation Name": "keyword", "Alias": "k", "Startup Cost": 10000000000.0, "Total Cost": 1000000318271.68, "Plan Rows": 1, "Plan Width": 4, "Filter": "((keyword)::text = 'character-name-in-title'::text)"}]}]}, {"Node Type": "Hash", "Parent Relationship": "Inner", "Startup Cost": 1000001050138.97, "Total Cost": 1000001050138.97, "Plan Rows": 2240, "Plan Width": 4, "Plans": [{"Node Type": "Index Scan", "Parent Relationship": "Outer", "Scan Direction": "Forward", "Index Name": "company_name_pkey", "Relation Name": "company_name", "Alias": "cn", "Startup Cost": 10000000000.0, "Total Cost": 1000001050138.97, "Plan Rows": 2240, "Plan Width": 4, "Filter": "((country_code)::text = '[nl]'::text)"}]}]}]}, "Unique SQL Id": 2804875951, "Planner Runtime": 14}, "explain_analyze_plan": null}, "(1, '76')": {"explain_plan": {"Plan": {"Node Type": "Aggregate", "Strategy": "Plain", "Startup Cost": 2605.07, "Total Cost": 2605.08, "Plan Rows": 1, "Plan Width": 49, "Plans": [{"Node Type": "Nested Loop", "Parent Relationship": "Outer", "Join Type": "Inner", "Startup Cost": 0.0, "Total Cost": 2605.07, "Plan Rows": 2, "Plan Width": 17, "Inner Unique": true, "Join Filter": "(mc.movie_id = t.id)", "Plans": [{"Node Type": "Nested Loop", "Parent Relationship": "Outer", "Join Type": "Inner", "Startup Cost": 0.0, "Total Cost": 2604.42, "Plan Rows": 2, "Plan Width": 8, "Inner Unique": true, "Plans": [{"Node Type": "Nested Loop", "Parent Relationship": "Outer", "Join Type": "Inner", "Startup Cost": 0.0, "Total Cost": 2584.29, "Plan Rows": 70, "Plan Width": 12, "Inner Unique": false, "Plans": [{"Node Type": "Nested Loop", "Parent Relationship": "Outer", "Join Type": "Inner", "Startup Cost": 0.0, "Total Cost": 2573.32, "Plan Rows": 33, "Plan Width": 4, "Inner Unique": false, "Plans": [{"Node Type": "Seq Scan", "Parent Relationship": "Outer", "Relation Name": "keyword", "Alias": "k", "Startup Cost": 0.0, "Total Cost": 2436.11, "Plan Rows": 1, "Plan Width": 4, "Filter": "((keyword)::text = 'character-name-in-title'::text)"}, {"Node Type": "Index Scan", "Parent Relationship": "Inner", "Scan Direction": "Forward", "Index Name": "keyword_id_movie_keyword", "Relation Name": "movie_keyword", "Alias": "mk", "Startup Cost": 0.0, "Total Cost": 136.88, "Plan Rows": 33, "Plan Width": 8, "Index Cond": "(keyword_id = k.id)"}]}, {"Node Type": "Index Scan", "Parent Relationship": "Inner", "Scan Direction": "Forward", "Index Name": "movie_id_movie_companies", "Relation Name": "movie_companies", "Alias": "mc", "Startup Cost": 0.0, "Total Cost": 0.31, "Plan Rows": 2, "Plan Width": 8, "Index Cond": "(movie_id = mk.movie_id)"}]}, {"Node Type": "Index Scan", "Parent Relationship": "Inner", "Scan Direction": "Forward", "Index Name": "company_name_pkey", "Relation Name": "company_name", "Alias": "cn", "Startup Cost": 0.0, "Total Cost": 0.28, "Plan Rows": 1, "Plan Width": 4, "Index Cond": "(id = mc.company_id)", "Filter": "((country_code)::text = '[nl]'::text)"}]}, {"Node Type": "Index Scan", "Parent Relationship": "Inner", "Scan Direction": "Forward", "Index Name": "title_pkey", "Relation Name": "title", "Alias": "t", "Startup Cost": 0.0, "Total Cost": 0.31, "Plan Rows": 1, "Plan Width": 21, "Index Cond": "(id = mk.movie_id)"}]}]}, "Unique SQL Id": 2804875951, "Planner Runtime": 9}, "explain_analyze_plan": {"Plan": {"Node Type": "Aggregate", "Strategy": "Plain", "Startup Cost": 2605.07, "Total Cost": 2605.08, "Plan Rows": 1, "Plan Width": 49, "Actual Startup Time": 1018.693, "Actual Total Time": 1018.694, "Actual Rows": 1, "Actual Loops": 1, "Plans": [{"Node Type": "Nested Loop", "Parent Relationship": "Outer", "Join Type": "Inner", "Startup Cost": 0.0, "Total Cost": 2605.07, "Plan Rows": 2, "Plan Width": 17, "Actual Startup Time": 4.88, "Actual Total Time": 1015.562, "Actual Rows": 5228, "Actual Loops": 1, "Inner Unique": true, "Join Filter": "(mc.movie_id = t.id)", "Rows Removed by Join Filter": 0, "Plans": [{"Node Type": "Nested Loop", "Parent Relationship": "Outer", "Join Type": "Inner", "Startup Cost": 0.0, "Total Cost": 2604.42, "Plan Rows": 2, "Plan Width": 8, "Actual Startup Time": 4.865, "Actual Total Time": 988.098, "Actual Rows": 5228, "Actual Loops": 1, "Inner Unique": true, "Plans": [{"Node Type": "Nested Loop", "Parent Relationship": "Outer", "Join Type": "Inner", "Startup Cost": 0.0, "Total Cost": 2584.29, "Plan Rows": 70, "Plan Width": 12, "Actual Startup Time": 1.836, "Actual Total Time": 368.761, "Actual Rows": 148552, "Actual Loops": 1, "Inner Unique": false, "Plans": [{"Node Type": "Nested Loop", "Parent Relationship": "Outer", "Join Type": "Inner", "Startup Cost": 0.0, "Total Cost": 2573.32, "Plan Rows": 33, "Plan Width": 4, "Actual Startup Time": 1.817, "Actual Total Time": 90.483, "Actual Rows": 41840, "Actual Loops": 1, "Inner Unique": false, "Plans": [{"Node Type": "Seq Scan", "Parent Relationship": "Outer", "Relation Name": "keyword", "Alias": "k", "Startup Cost": 0.0, "Total Cost": 2436.11, "Plan Rows": 1, "Plan Width": 4, "Actual Startup Time": 1.79, "Actual Total Time": 42.521, "Actual Rows": 1, "Actual Loops": 1, "Filter": "((keyword)::text = 'character-name-in-title'::text)", "Rows Removed by Filter": 134168}, {"Node Type": "Index Scan", "Parent Relationship": "Inner", "Scan Direction": "Forward", "Index Name": "keyword_id_movie_keyword", "Relation Name": "movie_keyword", "Alias": "mk", "Startup Cost": 0.0, "Total Cost": 136.88, "Plan Rows": 33, "Plan Width": 8, "Actual Startup Time": 0.021, "Actual Total Time": 38.672, "Actual Rows": 41840, "Actual Loops": 1, "Index Cond": "(keyword_id = k.id)", "Rows Removed by Index Recheck": 0}]}, {"Node Type": "Index Scan", "Parent Relationship": "Inner", "Scan Direction": "Forward", "Index Name": "movie_id_movie_companies", "Relation Name": "movie_companies", "Alias": "mc", "Startup Cost": 0.0, "Total Cost": 0.31, "Plan Rows": 2, "Plan Width": 8, "Actual Startup Time": 149.771, "Actual Total Time": 222.908, "Actual Rows": 148552, "Actual Loops": 41840, "Index Cond": "(movie_id = mk.movie_id)", "Rows Removed by Index Recheck": 0}]}, {"Node Type": "Index Scan", "Parent Relationship": "Inner", "Scan Direction": "Forward", "Index Name": "company_name_pkey", "Relation Name": "company_name", "Alias": "cn", "Startup Cost": 0.0, "Total Cost": 0.28, "Plan Rows": 1, "Plan Width": 4, "Actual Startup Time": 548.889, "Actual Total Time": 548.889, "Actual Rows": 5228, "Actual Loops": 148552, "Index Cond": "(id = mc.company_id)", "Rows Removed by Index Recheck": 0, "Filter": "((country_code)::text = '[nl]'::text)", "Rows Removed by Filter": 143324}]}, {"Node Type": "Index Scan", "Parent Relationship": "Inner", "Scan Direction": "Forward", "Index Name": "title_pkey", "Relation Name": "title", "Alias": "t", "Startup Cost": 0.0, "Total Cost": 0.31, "Plan Rows": 1, "Plan Width": 21, "Actual Startup Time": 21.677, "Actual Total Time": 21.677, "Actual Rows": 5228, "Actual Loops": 5228, "Index Cond": "(id = mk.movie_id)", "Rows Removed by Index Recheck": 0}]}]}, "Triggers": [], "Planner Runtime": 9.006, "Total Runtime": 1018.947, "Unique SQL Id": 2804875951}}, "(1, '77')": {"explain_plan": {"Plan": {"Node Type": "Aggregate", "Strategy": "Plain", "Startup Cost": 3351.67, "Total Cost": 3351.68, "Plan Rows": 1, "Plan Width": 49, "Plans": [{"Node Type": "Nested Loop", "Parent Relationship": "Outer", "Join Type": "Inner", "Startup Cost": 0.0, "Total Cost": 3351.67, "Plan Rows": 2, "Plan Width": 17, "Inner Unique": true, "Join Filter": "(mc.movie_id = t.id)", "Plans": [{"Node Type": "Nested Loop", "Parent Relationship": "Outer", "Join Type": "Inner", "Startup Cost": 0.0, "Total Cost": 3351.03, "Plan Rows": 2, "Plan Width": 8, "Inner Unique": true, "Plans": [{"Node Type": "Nested Loop", "Parent Relationship": "Outer", "Join Type": "Inner", "Startup Cost": 0.0, "Total Cost": 3330.89, "Plan Rows": 70, "Plan Width": 12, "Inner Unique": false, "Plans": [{"Node Type": "Nested Loop", "Parent Relationship": "Outer", "Join Type": "Inner", "Startup Cost": 0.0, "Total Cost": 3319.92, "Plan Rows": 33, "Plan Width": 4, "Inner Unique": false, "Plans": [{"Node Type": "Index Scan", "Parent Relationship": "Outer", "Scan Direction": "Forward", "Index Name": "keyword_pkey", "Relation Name": "keyword", "Alias": "k", "Startup Cost": 0.0, "Total Cost": 3182.72, "Plan Rows": 1, "Plan Width": 4, "Filter": "((keyword)::text = 'character-name-in-title'::text)"}, {"Node Type": "Index Scan", "Parent Relationship": "Inner", "Scan Direction": "Forward", "Index Name": "keyword_id_movie_keyword", "Relation Name": "movie_keyword", "Alias": "mk", "Startup Cost": 0.0, "Total Cost": 136.88, "Plan Rows": 33, "Plan Width": 8, "Index Cond": "(keyword_id = k.id)"}]}, {"Node Type": "Index Scan", "Parent Relationship": "Inner", "Scan Direction": "Forward", "Index Name": "movie_id_movie_companies", "Relation Name": "movie_companies", "Alias": "mc", "Startup Cost": 0.0, "Total Cost": 0.31, "Plan Rows": 2, "Plan Width": 8, "Index Cond": "(movie_id = mk.movie_id)"}]}, {"Node Type": "Index Scan", "Parent Relationship": "Inner", "Scan Direction": "Forward", "Index Name": "company_name_pkey", "Relation Name": "company_name", "Alias": "cn", "Startup Cost": 0.0, "Total Cost": 0.28, "Plan Rows": 1, "Plan Width": 4, "Index Cond": "(id = mc.company_id)", "Filter": "((country_code)::text = '[nl]'::text)"}]}, {"Node Type": "Index Scan", "Parent Relationship": "Inner", "Scan Direction": "Forward", "Index Name": "title_pkey", "Relation Name": "title", "Alias": "t", "Startup Cost": 0.0, "Total Cost": 0.31, "Plan Rows": 1, "Plan Width": 21, "Index Cond": "(id = mk.movie_id)"}]}]}, "Unique SQL Id": 2804875951, "Planner Runtime": 9}, "explain_analyze_plan": {"Plan": {"Node Type": "Aggregate", "Strategy": "Plain", "Startup Cost": 3351.67, "Total Cost": 3351.68, "Plan Rows": 1, "Plan Width": 49, "Actual Startup Time": 1104.099, "Actual Total Time": 1104.099, "Actual Rows": 1, "Actual Loops": 1, "Plans": [{"Node Type": "Nested Loop", "Parent Relationship": "Outer", "Join Type": "Inner", "Startup Cost": 0.0, "Total Cost": 3351.67, "Plan Rows": 2, "Plan Width": 17, "Actual Startup Time": 3.277, "Actual Total Time": 1101.041, "Actual Rows": 5228, "Actual Loops": 1, "Inner Unique": true, "Join Filter": "(mc.movie_id = t.id)", "Rows Removed by Join Filter": 0, "Plans": [{"Node Type": "Nested Loop", "Parent Relationship": "Outer", "Join Type": "Inner", "Startup Cost": 0.0, "Total Cost": 3351.03, "Plan Rows": 2, "Plan Width": 8, "Actual Startup Time": 3.261, "Actual Total Time": 1073.962, "Actual Rows": 5228, "Actual Loops": 1, "Inner Unique": true, "Plans": [{"Node Type": "Nested Loop", "Parent Relationship": "Outer", "Join Type": "Inner", "Startup Cost": 0.0, "Total Cost": 3330.89, "Plan Rows": 70, "Plan Width": 12, "Actual Startup Time": 0.244, "Actual Total Time": 439.938, "Actual Rows": 148552, "Actual Loops": 1, "Inner Unique": false, "Plans": [{"Node Type": "Nested Loop", "Parent Relationship": "Outer", "Join Type": "Inner", "Startup Cost": 0.0, "Total Cost": 3319.92, "Plan Rows": 33, "Plan Width": 4, "Actual Startup Time": 0.228, "Actual Total Time": 160.992, "Actual Rows": 41840, "Actual Loops": 1, "Inner Unique": false, "Plans": [{"Node Type": "Index Scan", "Parent Relationship": "Outer", "Scan Direction": "Forward", "Index Name": "keyword_pkey", "Relation Name": "keyword", "Alias": "k", "Startup Cost": 0.0, "Total Cost": 3182.72, "Plan Rows": 1, "Plan Width": 4, "Actual Startup Time": 0.209, "Actual Total Time": 114.577, "Actual Rows": 1, "Actual Loops": 1, "Filter": "((keyword)::text = 'character-name-in-title'::text)", "Rows Removed by Filter": 134168}, {"Node Type": "Index Scan", "Parent Relationship": "Inner", "Scan Direction": "Forward", "Index Name": "keyword_id_movie_keyword", "Relation Name": "movie_keyword", "Alias": "mk", "Startup Cost": 0.0, "Total Cost": 136.88, "Plan Rows": 33, "Plan Width": 8, "Actual Startup Time": 0.015, "Actual Total Time": 37.044, "Actual Rows": 41840, "Actual Loops": 1, "Index Cond": "(keyword_id = k.id)", "Rows Removed by Index Recheck": 0}]}, {"Node Type": "Index Scan", "Parent Relationship": "Inner", "Scan Direction": "Forward", "Index Name": "movie_id_movie_companies", "Relation Name": "movie_companies", "Alias": "mc", "Startup Cost": 0.0, "Total Cost": 0.31, "Plan Rows": 2, "Plan Width": 8, "Actual Startup Time": 150.187, "Actual Total Time": 222.909, "Actual Rows": 148552, "Actual Loops": 41840, "Index Cond": "(movie_id = mk.movie_id)", "Rows Removed by Index Recheck": 0}]}, {"Node Type": "Index Scan", "Parent Relationship": "Inner", "Scan Direction": "Forward", "Index Name": "company_name_pkey", "Relation Name": "company_name", "Alias": "cn", "Startup Cost": 0.0, "Total Cost": 0.28, "Plan Rows": 1, "Plan Width": 4, "Actual Startup Time": 562.098, "Actual Total Time": 562.098, "Actual Rows": 5228, "Actual Loops": 148552, "Index Cond": "(id = mc.company_id)", "Rows Removed by Index Recheck": 0, "Filter": "((country_code)::text = '[nl]'::text)", "Rows Removed by Filter": 143324}]}, {"Node Type": "Index Scan", "Parent Relationship": "Inner", "Scan Direction": "Forward", "Index Name": "title_pkey", "Relation Name": "title", "Alias": "t", "Startup Cost": 0.0, "Total Cost": 0.31, "Plan Rows": 1, "Plan Width": 21, "Actual Startup Time": 21.503, "Actual Total Time": 21.503, "Actual Rows": 5228, "Actual Loops": 5228, "Index Cond": "(id = mk.movie_id)", "Rows Removed by Index Recheck": 0}]}]}, "Triggers": [], "Planner Runtime": 9.208, "Total Runtime": 1104.346, "Unique SQL Id": 2804875951}}, "(1, '78')": {"explain_plan": {"Plan": {"Node Type": "Aggregate", "Strategy": "Plain", "Startup Cost": 203302.73, "Total Cost": 203302.74, "Plan Rows": 1, "Plan Width": 49, "Plans": [{"Node Type": "Hash Join", "Parent Relationship": "Outer", "Join Type": "Inner", "Startup Cost": 133750.79, "Total Cost": 203302.73, "Plan Rows": 2, "Plan Width": 17, "Inner Unique": true, "Hash Cond": "(mc.company_id = cn.id)", "Plans": [{"Node Type": "Hash Join", "Parent Relationship": "Outer", "Join Type": "Inner", "Startup Cost": 127819.34, "Total Cost": 197370.32, "Plan Rows": 70, "Plan Width": 21, "Inner Unique": false, "Hash Cond": "(t.id = mc.movie_id)", "Plans": [{"Node Type": "Seq Scan", "Parent Relationship": "Outer", "Relation Name": "title", "Alias": "t", "Startup Cost": 0.0, "Total Cost": 60069.11, "Plan Rows": 2528311, "Plan Width": 21}, {"Node Type": "Hash", "Parent Relationship": "Inner", "Startup Cost": 127818.46, "Total Cost": 127818.46, "Plan Rows": 70, "Plan Width": 12, "Plans": [{"Node Type": "Hash Join", "Parent Relationship": "Outer", "Join Type": "Inner", "Startup Cost": 76216.26, "Total Cost": 127818.46, "Plan Rows": 70, "Plan Width": 12, "Inner Unique": false, "Hash Cond": "(mc.movie_id = mk.movie_id)", "Plans": [{"Node Type": "Seq Scan", "Parent Relationship": "Outer", "Relation Name": "movie_companies", "Alias": "mc", "Startup Cost": 0.0, "Total Cost": 41817.28, "Plan Rows": 2609128, "Plan Width": 8}, {"Node Type": "Hash", "Parent Relationship": "Inner", "Startup Cost": 76215.84, "Total Cost": 76215.84, "Plan Rows": 33, "Plan Width": 4, "Plans": [{"Node Type": "Hash Join", "Parent Relationship": "Outer", "Join Type": "Inner", "Startup Cost": 2436.12, "Total Cost": 76215.84, "Plan Rows": 33, "Plan Width": 4, "Inner Unique": true, "Hash Cond": "(mk.keyword_id = k.id)", "Plans": [{"Node Type": "Seq Scan", "Parent Relationship": "Outer", "Relation Name": "movie_keyword", "Alias": "mk", "Startup Cost": 0.0, "Total Cost": 62441.29, "Plan Rows": 4523929, "Plan Width": 8}, {"Node Type": "Hash", "Parent Relationship": "Inner", "Startup Cost": 2436.11, "Total Cost": 2436.11, "Plan Rows": 1, "Plan Width": 4, "Plans": [{"Node Type": "Seq Scan", "Parent Relationship": "Outer", "Relation Name": "keyword", "Alias": "k", "Startup Cost": 0.0, "Total Cost": 2436.11, "Plan Rows": 1, "Plan Width": 4, "Filter": "((keyword)::text = 'character-name-in-title'::text)"}]}]}]}]}]}]}, {"Node Type": "Hash", "Parent Relationship": "Inner", "Startup Cost": 5903.45, "Total Cost": 5903.45, "Plan Rows": 2240, "Plan Width": 4, "Plans": [{"Node Type": "Seq Scan", "Parent Relationship": "Outer", "Relation Name": "company_name", "Alias": "cn", "Startup Cost": 0.0, "Total Cost": 5903.45, "Plan Rows": 2240, "Plan Width": 4, "Filter": "((country_code)::text = '[nl]'::text)"}]}]}]}, "Unique SQL Id": 2804875951, "Planner Runtime": 9}, "explain_analyze_plan": null}, "(1, '79')": {"explain_plan": {"Plan": {"Node Type": "Aggregate", "Strategy": "Plain", "Startup Cost": 4998934717572.65, "Total Cost": 4998934717572.66, "Plan Rows": 1, "Plan Width": 49, "Plans": [{"Node Type": "Hash Join", "Parent Relationship": "Outer", "Join Type": "Inner", "Startup Cost": 2030100702557.26, "Total Cost": 4998934717572.64, "Plan Rows": 2, "Plan Width": 17, "Inner Unique": true, "Hash Cond": "(mc.company_id = cn.id)", "Plans": [{"Node Type": "Hash Join", "Parent Relationship": "Outer", "Join Type": "Inner", "Startup Cost": 1030099652390.29, "Total Cost": 3998933667404.71, "Plan Rows": 70, "Plan Width": 21, "Inner Unique": true, "Hash Cond": "(mk.keyword_id = k.id)", "Plans": [{"Node Type": "Merge Join", "Parent Relationship": "Outer", "Join Type": "Inner", "Startup Cost": 30099334118.59, "Total Cost": 2998933325182.46, "Plan Rows": 9556051, "Plan Width": 25, "Inner Unique": false, "Merge Cond": "(t.id = mc.movie_id)", "Plans": [{"Node Type": "Index Scan", "Parent Relationship": "Outer", "Scan Direction": "Forward", "Index Name": "title_pkey", "Relation Name": "title", "Alias": "t", "Startup Cost": 10000000000.0, "Total Cost": 1000011012048.91, "Plan Rows": 2528311, "Plan Width": 21}, {"Node Type": "Materialize", "Parent Relationship": "Inner", "Startup Cost": 20077406192.39, "Total Cost": 1999870961740.56, "Plan Rows": 9556051, "Plan Width": 16, "Plans": [{"Node Type": "Merge Join", "Parent Relationship": "Outer", "Join Type": "Inner", "Startup Cost": 20077406192.39, "Total Cost": 1999870937850.44, "Plan Rows": 9556051, "Plan Width": 16, "Inner Unique": false, "Merge Cond": "(mc.movie_id = mk.movie_id)", "Plans": [{"Node Type": "Index Scan", "Parent Relationship": "Outer", "Scan Direction": "Forward", "Index Name": "movie_id_movie_companies", "Relation Name": "movie_companies", "Alias": "mc", "Startup Cost": 10000000000.0, "Total Cost": 1000013051946.13, "Plan Rows": 2609128, "Plan Width": 8}, {"Node Type": "Materialize", "Parent Relationship": "Inner", "Startup Cost": 10000000000.0, "Total Cost": 1000015311943.99, "Plan Rows": 4523929, "Plan Width": 8, "Plans": [{"Node Type": "Index Scan", "Parent Relationship": "Outer", "Scan Direction": "Forward", "Index Name": "movie_id_movie_keyword", "Relation Name": "movie_keyword", "Alias": "mk", "Startup Cost": 10000000000.0, "Total Cost": 1000015300634.17, "Plan Rows": 4523929, "Plan Width": 8}]}]}]}]}, {"Node Type": "Hash", "Parent Relationship": "Inner", "Startup Cost": 1000000318271.68, "Total Cost": 1000000318271.68, "Plan Rows": 1, "Plan Width": 4, "Plans": [{"Node Type": "Index Scan", "Parent Relationship": "Outer", "Scan Direction": "Forward", "Index Name": "keyword_pkey", "Relation Name": "keyword", "Alias": "k", "Startup Cost": 10000000000.0, "Total Cost": 1000000318271.68, "Plan Rows": 1, "Plan Width": 4, "Filter": "((keyword)::text = 'character-name-in-title'::text)"}]}]}, {"Node Type": "Hash", "Parent Relationship": "Inner", "Startup Cost": 1000001050138.97, "Total Cost": 1000001050138.97, "Plan Rows": 2240, "Plan Width": 4, "Plans": [{"Node Type": "Index Scan", "Parent Relationship": "Outer", "Scan Direction": "Forward", "Index Name": "company_name_pkey", "Relation Name": "company_name", "Alias": "cn", "Startup Cost": 10000000000.0, "Total Cost": 1000001050138.97, "Plan Rows": 2240, "Plan Width": 4, "Filter": "((country_code)::text = '[nl]'::text)"}]}]}]}, "Unique SQL Id": 2804875951, "Planner Runtime": 14}, "explain_analyze_plan": null}, "(1, '80')": {"explain_plan": {"Plan": {"Node Type": "Aggregate", "Strategy": "Plain", "Startup Cost": 2600.78, "Total Cost": 2600.79, "Plan Rows": 1, "Plan Width": 49, "Plans": [{"Node Type": "Nested Loop", "Parent Relationship": "Outer", "Join Type": "Inner", "Startup Cost": 4.51, "Total Cost": 2600.77, "Plan Rows": 2, "Plan Width": 17, "Inner Unique": true, "Join Filter": "(mc.movie_id = t.id)", "Plans": [{"Node Type": "Nested Loop", "Parent Relationship": "Outer", "Join Type": "Inner", "Startup Cost": 4.51, "Total Cost": 2600.13, "Plan Rows": 2, "Plan Width": 8, "Inner Unique": true, "Plans": [{"Node Type": "Nested Loop", "Parent Relationship": "Outer", "Join Type": "Inner", "Startup Cost": 4.51, "Total Cost": 2579.99, "Plan Rows": 70, "Plan Width": 12, "Inner Unique": false, "Plans": [{"Node Type": "Nested Loop", "Parent Relationship": "Outer", "Join Type": "Inner", "Startup Cost": 4.51, "Total Cost": 2569.02, "Plan Rows": 33, "Plan Width": 4, "Inner Unique": false, "Plans": [{"Node Type": "Seq Scan", "Parent Relationship": "Outer", "Relation Name": "keyword", "Alias": "k", "Startup Cost": 0.0, "Total Cost": 2436.11, "Plan Rows": 1, "Plan Width": 4, "Filter": "((keyword)::text = 'character-name-in-title'::text)"}, {"Node Type": "Bitmap Heap Scan", "Parent Relationship": "Inner", "Relation Name": "movie_keyword", "Alias": "mk", "Startup Cost": 4.51, "Total Cost": 132.58, "Plan Rows": 33, "Plan Width": 8, "Recheck Cond": "(keyword_id = k.id)", "Plans": [{"Node Type": "Bitmap Index Scan", "Parent Relationship": "Outer", "Index Name": "keyword_id_movie_keyword", "Startup Cost": 0.0, "Total Cost": 4.5, "Plan Rows": 33, "Plan Width": 0, "Index Cond": "(keyword_id = k.id)"}]}]}, {"Node Type": "Index Scan", "Parent Relationship": "Inner", "Scan Direction": "Forward", "Index Name": "movie_id_movie_companies", "Relation Name": "movie_companies", "Alias": "mc", "Startup Cost": 0.0, "Total Cost": 0.31, "Plan Rows": 2, "Plan Width": 8, "Index Cond": "(movie_id = mk.movie_id)"}]}, {"Node Type": "Index Scan", "Parent Relationship": "Inner", "Scan Direction": "Forward", "Index Name": "company_name_pkey", "Relation Name": "company_name", "Alias": "cn", "Startup Cost": 0.0, "Total Cost": 0.28, "Plan Rows": 1, "Plan Width": 4, "Index Cond": "(id = mc.company_id)", "Filter": "((country_code)::text = '[nl]'::text)"}]}, {"Node Type": "Index Scan", "Parent Relationship": "Inner", "Scan Direction": "Forward", "Index Name": "title_pkey", "Relation Name": "title", "Alias": "t", "Startup Cost": 0.0, "Total Cost": 0.31, "Plan Rows": 1, "Plan Width": 21, "Index Cond": "(id = mk.movie_id)"}]}]}, "Unique SQL Id": 2804875951, "Planner Runtime": 7}, "explain_analyze_plan": {"Plan": {"Node Type": "Aggregate", "Strategy": "Plain", "Startup Cost": 2600.78, "Total Cost": 2600.79, "Plan Rows": 1, "Plan Width": 49, "Actual Startup Time": 1030.503, "Actual Total Time": 1030.504, "Actual Rows": 1, "Actual Loops": 1, "Plans": [{"Node Type": "Nested Loop", "Parent Relationship": "Outer", "Join Type": "Inner", "Startup Cost": 4.51, "Total Cost": 2600.77, "Plan Rows": 2, "Plan Width": 17, "Actual Startup Time": 12.804, "Actual Total Time": 1027.312, "Actual Rows": 5228, "Actual Loops": 1, "Inner Unique": true, "Join Filter": "(mc.movie_id = t.id)", "Rows Removed by Join Filter": 0, "Plans": [{"Node Type": "Nested Loop", "Parent Relationship": "Outer", "Join Type": "Inner", "Startup Cost": 4.51, "Total Cost": 2600.13, "Plan Rows": 2, "Plan Width": 8, "Actual Startup Time": 12.789, "Actual Total Time": 999.562, "Actual Rows": 5228, "Actual Loops": 1, "Inner Unique": true, "Plans": [{"Node Type": "Nested Loop", "Parent Relationship": "Outer", "Join Type": "Inner", "Startup Cost": 4.51, "Total Cost": 2579.99, "Plan Rows": 70, "Plan Width": 12, "Actual Startup Time": 9.902, "Actual Total Time": 379.592, "Actual Rows": 148552, "Actual Loops": 1, "Inner Unique": false, "Plans": [{"Node Type": "Nested Loop", "Parent Relationship": "Outer", "Join Type": "Inner", "Startup Cost": 4.51, "Total Cost": 2569.02, "Plan Rows": 33, "Plan Width": 4, "Actual Startup Time": 9.868, "Actual Total Time": 99.354, "Actual Rows": 41840, "Actual Loops": 1, "Inner Unique": false, "Plans": [{"Node Type": "Seq Scan", "Parent Relationship": "Outer", "Relation Name": "keyword", "Alias": "k", "Startup Cost": 0.0, "Total Cost": 2436.11, "Plan Rows": 1, "Plan Width": 4, "Actual Startup Time": 1.773, "Actual Total Time": 43.194, "Actual Rows": 1, "Actual Loops": 1, "Filter": "((keyword)::text = 'character-name-in-title'::text)", "Rows Removed by Filter": 134168}, {"Node Type": "Bitmap Heap Scan", "Parent Relationship": "Inner", "Relation Name": "movie_keyword", "Alias": "mk", "Startup Cost": 4.51, "Total Cost": 132.58, "Plan Rows": 33, "Plan Width": 8, "Actual Startup Time": 8.084, "Actual Total Time": 47.664, "Actual Rows": 41840, "Actual Loops": 1, "Recheck Cond": "(keyword_id = k.id)", "Rows Removed by Index Recheck": 0, "Exact Heap Blocks": 9702, "Lossy Heap Blocks": 9702, "Plans": [{"Node Type": "Bitmap Index Scan", "Parent Relationship": "Outer", "Index Name": "keyword_id_movie_keyword", "Startup Cost": 0.0, "Total Cost": 4.5, "Plan Rows": 33, "Plan Width": 0, "Actual Startup Time": 6.347, "Actual Total Time": 6.347, "Actual Rows": 41840, "Actual Loops": 1, "Index Cond": "(keyword_id = k.id)"}]}]}, {"Node Type": "Index Scan", "Parent Relationship": "Inner", "Scan Direction": "Forward", "Index Name": "movie_id_movie_companies", "Relation Name": "movie_companies", "Alias": "mc", "Startup Cost": 0.0, "Total Cost": 0.31, "Plan Rows": 2, "Plan Width": 8, "Actual Startup Time": 150.532, "Actual Total Time": 224.079, "Actual Rows": 148552, "Actual Loops": 41840, "Index Cond": "(movie_id = mk.movie_id)", "Rows Removed by Index Recheck": 0}]}, {"Node Type": "Index Scan", "Parent Relationship": "Inner", "Scan Direction": "Forward", "Index Name": "company_name_pkey", "Relation Name": "company_name", "Alias": "cn", "Startup Cost": 0.0, "Total Cost": 0.28, "Plan Rows": 1, "Plan Width": 4, "Actual Startup Time": 548.003, "Actual Total Time": 548.003, "Actual Rows": 5228, "Actual Loops": 148552, "Index Cond": "(id = mc.company_id)", "Rows Removed by Index Recheck": 0, "Filter": "((country_code)::text = '[nl]'::text)", "Rows Removed by Filter": 143324}]}, {"Node Type": "Index Scan", "Parent Relationship": "Inner", "Scan Direction": "Forward", "Index Name": "title_pkey", "Relation Name": "title", "Alias": "t", "Startup Cost": 0.0, "Total Cost": 0.31, "Plan Rows": 1, "Plan Width": 21, "Actual Startup Time": 21.778, "Actual Total Time": 21.778, "Actual Rows": 5228, "Actual Loops": 5228, "Index Cond": "(id = mk.movie_id)", "Rows Removed by Index Recheck": 0}]}]}, "Triggers": [], "Planner Runtime": 9.476, "Total Runtime": 1030.831, "Unique SQL Id": 2804875951}}, "(1, '81')": {"explain_plan": {"Plan": {"Node Type": "Aggregate", "Strategy": "Plain", "Startup Cost": 3347.38, "Total Cost": 3347.39, "Plan Rows": 1, "Plan Width": 49, "Plans": [{"Node Type": "Nested Loop", "Parent Relationship": "Outer", "Join Type": "Inner", "Startup Cost": 4.51, "Total Cost": 3347.38, "Plan Rows": 2, "Plan Width": 17, "Inner Unique": true, "Join Filter": "(mc.movie_id = t.id)", "Plans": [{"Node Type": "Nested Loop", "Parent Relationship": "Outer", "Join Type": "Inner", "Startup Cost": 4.51, "Total Cost": 3346.73, "Plan Rows": 2, "Plan Width": 8, "Inner Unique": true, "Plans": [{"Node Type": "Nested Loop", "Parent Relationship": "Outer", "Join Type": "Inner", "Startup Cost": 4.51, "Total Cost": 3326.6, "Plan Rows": 70, "Plan Width": 12, "Inner Unique": false, "Plans": [{"Node Type": "Nested Loop", "Parent Relationship": "Outer", "Join Type": "Inner", "Startup Cost": 4.51, "Total Cost": 3315.63, "Plan Rows": 33, "Plan Width": 4, "Inner Unique": false, "Plans": [{"Node Type": "Index Scan", "Parent Relationship": "Outer", "Scan Direction": "Forward", "Index Name": "keyword_pkey", "Relation Name": "keyword", "Alias": "k", "Startup Cost": 0.0, "Total Cost": 3182.72, "Plan Rows": 1, "Plan Width": 4, "Filter": "((keyword)::text = 'character-name-in-title'::text)"}, {"Node Type": "Bitmap Heap Scan", "Parent Relationship": "Inner", "Relation Name": "movie_keyword", "Alias": "mk", "Startup Cost": 4.51, "Total Cost": 132.58, "Plan Rows": 33, "Plan Width": 8, "Recheck Cond": "(keyword_id = k.id)", "Plans": [{"Node Type": "Bitmap Index Scan", "Parent Relationship": "Outer", "Index Name": "keyword_id_movie_keyword", "Startup Cost": 0.0, "Total Cost": 4.5, "Plan Rows": 33, "Plan Width": 0, "Index Cond": "(keyword_id = k.id)"}]}]}, {"Node Type": "Index Scan", "Parent Relationship": "Inner", "Scan Direction": "Forward", "Index Name": "movie_id_movie_companies", "Relation Name": "movie_companies", "Alias": "mc", "Startup Cost": 0.0, "Total Cost": 0.31, "Plan Rows": 2, "Plan Width": 8, "Index Cond": "(movie_id = mk.movie_id)"}]}, {"Node Type": "Index Scan", "Parent Relationship": "Inner", "Scan Direction": "Forward", "Index Name": "company_name_pkey", "Relation Name": "company_name", "Alias": "cn", "Startup Cost": 0.0, "Total Cost": 0.28, "Plan Rows": 1, "Plan Width": 4, "Index Cond": "(id = mc.company_id)", "Filter": "((country_code)::text = '[nl]'::text)"}]}, {"Node Type": "Index Scan", "Parent Relationship": "Inner", "Scan Direction": "Forward", "Index Name": "title_pkey", "Relation Name": "title", "Alias": "t", "Startup Cost": 0.0, "Total Cost": 0.31, "Plan Rows": 1, "Plan Width": 21, "Index Cond": "(id = mk.movie_id)"}]}]}, "Unique SQL Id": 2804875951, "Planner Runtime": 8}, "explain_analyze_plan": {"Plan": {"Node Type": "Aggregate", "Strategy": "Plain", "Startup Cost": 3347.38, "Total Cost": 3347.39, "Plan Rows": 1, "Plan Width": 49, "Actual Startup Time": 1144.573, "Actual Total Time": 1144.573, "Actual Rows": 1, "Actual Loops": 1, "Plans": [{"Node Type": "Nested Loop", "Parent Relationship": "Outer", "Join Type": "Inner", "Startup Cost": 4.51, "Total Cost": 3347.38, "Plan Rows": 2, "Plan Width": 17, "Actual Startup Time": 13.303, "Actual Total Time": 1141.536, "Actual Rows": 5228, "Actual Loops": 1, "Inner Unique": true, "Join Filter": "(mc.movie_id = t.id)", "Rows Removed by Join Filter": 0, "Plans": [{"Node Type": "Nested Loop", "Parent Relationship": "Outer", "Join Type": "Inner", "Startup Cost": 4.51, "Total Cost": 3346.73, "Plan Rows": 2, "Plan Width": 8, "Actual Startup Time": 13.284, "Actual Total Time": 1112.719, "Actual Rows": 5228, "Actual Loops": 1, "Inner Unique": true, "Plans": [{"Node Type": "Nested Loop", "Parent Relationship": "Outer", "Join Type": "Inner", "Startup Cost": 4.51, "Total Cost": 3326.6, "Plan Rows": 70, "Plan Width": 12, "Actual Startup Time": 10.161, "Actual Total Time": 467.922, "Actual Rows": 148552, "Actual Loops": 1, "Inner Unique": false, "Plans": [{"Node Type": "Nested Loop", "Parent Relationship": "Outer", "Join Type": "Inner", "Startup Cost": 4.51, "Total Cost": 3315.63, "Plan Rows": 33, "Plan Width": 4, "Actual Startup Time": 10.133, "Actual Total Time": 176.342, "Actual Rows": 41840, "Actual Loops": 1, "Inner Unique": false, "Plans": [{"Node Type": "Index Scan", "Parent Relationship": "Outer", "Scan Direction": "Forward", "Index Name": "keyword_pkey", "Relation Name": "keyword", "Alias": "k", "Startup Cost": 0.0, "Total Cost": 3182.72, "Plan Rows": 1, "Plan Width": 4, "Actual Startup Time": 0.204, "Actual Total Time": 116.389, "Actual Rows": 1, "Actual Loops": 1, "Filter": "((keyword)::text = 'character-name-in-title'::text)", "Rows Removed by Filter": 134168}, {"Node Type": "Bitmap Heap Scan", "Parent Relationship": "Inner", "Relation Name": "movie_keyword", "Alias": "mk", "Startup Cost": 4.51, "Total Cost": 132.58, "Plan Rows": 33, "Plan Width": 8, "Actual Startup Time": 9.922, "Actual Total Time": 51.446, "Actual Rows": 41840, "Actual Loops": 1, "Recheck Cond": "(keyword_id = k.id)", "Rows Removed by Index Recheck": 0, "Exact Heap Blocks": 9702, "Lossy Heap Blocks": 9702, "Plans": [{"Node Type": "Bitmap Index Scan", "Parent Relationship": "Outer", "Index Name": "keyword_id_movie_keyword", "Startup Cost": 0.0, "Total Cost": 4.5, "Plan Rows": 33, "Plan Width": 0, "Actual Startup Time": 8.103, "Actual Total Time": 8.103, "Actual Rows": 41840, "Actual Loops": 1, "Index Cond": "(keyword_id = k.id)"}]}]}, {"Node Type": "Index Scan", "Parent Relationship": "Inner", "Scan Direction": "Forward", "Index Name": "movie_id_movie_companies", "Relation Name": "movie_companies", "Alias": "mc", "Startup Cost": 0.0, "Total Cost": 0.31, "Plan Rows": 2, "Plan Width": 8, "Actual Startup Time": 159.044, "Actual Total Time": 235.457, "Actual Rows": 148552, "Actual Loops": 41840, "Index Cond": "(movie_id = mk.movie_id)", "Rows Removed by Index Recheck": 0}]}, {"Node Type": "Index Scan", "Parent Relationship": "Inner", "Scan Direction": "Forward", "Index Name": "company_name_pkey", "Relation Name": "company_name", "Alias": "cn", "Startup Cost": 0.0, "Total Cost": 0.28, "Plan Rows": 1, "Plan Width": 4, "Actual Startup Time": 571.46, "Actual Total Time": 571.46, "Actual Rows": 5228, "Actual Loops": 148552, "Index Cond": "(id = mc.company_id)", "Rows Removed by Index Recheck": 0, "Filter": "((country_code)::text = '[nl]'::text)", "Rows Removed by Filter": 143324}]}, {"Node Type": "Index Scan", "Parent Relationship": "Inner", "Scan Direction": "Forward", "Index Name": "title_pkey", "Relation Name": "title", "Alias": "t", "Startup Cost": 0.0, "Total Cost": 0.31, "Plan Rows": 1, "Plan Width": 21, "Actual Startup Time": 23.224, "Actual Total Time": 23.224, "Actual Rows": 5228, "Actual Loops": 5228, "Index Cond": "(id = mk.movie_id)", "Rows Removed by Index Recheck": 0}]}]}, "Triggers": [], "Planner Runtime": 9.253, "Total Runtime": 1144.942, "Unique SQL Id": 2804875951}}, "(1, '82')": {"explain_plan": {"Plan": {"Node Type": "Aggregate", "Strategy": "Plain", "Startup Cost": 3019.97, "Total Cost": 3019.98, "Plan Rows": 1, "Plan Width": 49, "Plans": [{"Node Type": "Nested Loop", "Parent Relationship": "Outer", "Join Type": "Inner", "Startup Cost": 5.3, "Total Cost": 3019.97, "Plan Rows": 2, "Plan Width": 17, "Inner Unique": true, "Join Filter": "(mc.movie_id = t.id)", "Plans": [{"Node Type": "Nested Loop", "Parent Relationship": "Outer", "Join Type": "Inner", "Startup Cost": 5.04, "Total Cost": 3011.39, "Plan Rows": 2, "Plan Width": 8, "Inner Unique": true, "Plans": [{"Node Type": "Nested Loop", "Parent Relationship": "Outer", "Join Type": "Inner", "Startup Cost": 4.78, "Total Cost": 2711.55, "Plan Rows": 70, "Plan Width": 12, "Inner Unique": false, "Plans": [{"Node Type": "Nested Loop", "Parent Relationship": "Outer", "Join Type": "Inner", "Startup Cost": 4.51, "Total Cost": 2569.02, "Plan Rows": 33, "Plan Width": 4, "Inner Unique": false, "Plans": [{"Node Type": "Seq Scan", "Parent Relationship": "Outer", "Relation Name": "keyword", "Alias": "k", "Startup Cost": 0.0, "Total Cost": 2436.11, "Plan Rows": 1, "Plan Width": 4, "Filter": "((keyword)::text = 'character-name-in-title'::text)"}, {"Node Type": "Bitmap Heap Scan", "Parent Relationship": "Inner", "Relation Name": "movie_keyword", "Alias": "mk", "Startup Cost": 4.51, "Total Cost": 132.58, "Plan Rows": 33, "Plan Width": 8, "Recheck Cond": "(keyword_id = k.id)", "Plans": [{"Node Type": "Bitmap Index Scan", "Parent Relationship": "Outer", "Index Name": "keyword_id_movie_keyword", "Startup Cost": 0.0, "Total Cost": 4.5, "Plan Rows": 33, "Plan Width": 0, "Index Cond": "(keyword_id = k.id)"}]}]}, {"Node Type": "Bitmap Heap Scan", "Parent Relationship": "Inner", "Relation Name": "movie_companies", "Alias": "mc", "Startup Cost": 0.27, "Total Cost": 4.3, "Plan Rows": 2, "Plan Width": 8, "Recheck Cond": "(movie_id = mk.movie_id)", "Plans": [{"Node Type": "Bitmap Index Scan", "Parent Relationship": "Outer", "Index Name": "movie_id_movie_companies", "Startup Cost": 0.0, "Total Cost": 0.27, "Plan Rows": 2, "Plan Width": 0, "Index Cond": "(movie_id = mk.movie_id)"}]}]}, {"Node Type": "Bitmap Heap Scan", "Parent Relationship": "Inner", "Relation Name": "company_name", "Alias": "cn", "Startup Cost": 0.26, "Total Cost": 4.27, "Plan Rows": 1, "Plan Width": 4, "Recheck Cond": "(id = mc.company_id)", "Filter": "((country_code)::text = '[nl]'::text)", "Plans": [{"Node Type": "Bitmap Index Scan", "Parent Relationship": "Outer", "Index Name": "company_name_pkey", "Startup Cost": 0.0, "Total Cost": 0.26, "Plan Rows": 1, "Plan Width": 0, "Index Cond": "(id = mc.company_id)"}]}]}, {"Node Type": "Bitmap Heap Scan", "Parent Relationship": "Inner", "Relation Name": "title", "Alias": "t", "Startup Cost": 0.27, "Total Cost": 4.28, "Plan Rows": 1, "Plan Width": 21, "Recheck Cond": "(id = mk.movie_id)", "Plans": [{"Node Type": "Bitmap Index Scan", "Parent Relationship": "Outer", "Index Name": "title_pkey", "Startup Cost": 0.0, "Total Cost": 0.27, "Plan Rows": 1, "Plan Width": 0, "Index Cond": "(id = mk.movie_id)"}]}]}]}, "Unique SQL Id": 2804875951, "Planner Runtime": 6}, "explain_analyze_plan": {"Plan": {"Node Type": "Aggregate", "Strategy": "Plain", "Startup Cost": 3019.97, "Total Cost": 3019.98, "Plan Rows": 1, "Plan Width": 49, "Actual Startup Time": 1387.256, "Actual Total Time": 1387.257, "Actual Rows": 1, "Actual Loops": 1, "Plans": [{"Node Type": "Nested Loop", "Parent Relationship": "Outer", "Join Type": "Inner", "Startup Cost": 5.3, "Total Cost": 3019.97, "Plan Rows": 2, "Plan Width": 17, "Actual Startup Time": 15.885, "Actual Total Time": 1382.928, "Actual Rows": 5228, "Actual Loops": 1, "Inner Unique": true, "Join Filter": "(mc.movie_id = t.id)", "Rows Removed by Join Filter": 0, "Plans": [{"Node Type": "Nested Loop", "Parent Relationship": "Outer", "Join Type": "Inner", "Startup Cost": 5.04, "Total Cost": 3011.39, "Plan Rows": 2, "Plan Width": 8, "Actual Startup Time": 15.861, "Actual Total Time": 1346.204, "Actual Rows": 5228, "Actual Loops": 1, "Inner Unique": true, "Plans": [{"Node Type": "Nested Loop", "Parent Relationship": "Outer", "Join Type": "Inner", "Startup Cost": 4.78, "Total Cost": 2711.55, "Plan Rows": 70, "Plan Width": 12, "Actual Startup Time": 11.506, "Actual Total Time": 487.661, "Actual Rows": 148552, "Actual Loops": 1, "Inner Unique": false, "Plans": [{"Node Type": "Nested Loop", "Parent Relationship": "Outer", "Join Type": "Inner", "Startup Cost": 4.51, "Total Cost": 2569.02, "Plan Rows": 33, "Plan Width": 4, "Actual Startup Time": 11.467, "Actual Total Time": 97.589, "Actual Rows": 41840, "Actual Loops": 1, "Inner Unique": false, "Plans": [{"Node Type": "Seq Scan", "Parent Relationship": "Outer", "Relation Name": "keyword", "Alias": "k", "Startup Cost": 0.0, "Total Cost": 2436.11, "Plan Rows": 1, "Plan Width": 4, "Actual Startup Time": 1.835, "Actual Total Time": 40.613, "Actual Rows": 1, "Actual Loops": 1, "Filter": "((keyword)::text = 'character-name-in-title'::text)", "Rows Removed by Filter": 134168}, {"Node Type": "Bitmap Heap Scan", "Parent Relationship": "Inner", "Relation Name": "movie_keyword", "Alias": "mk", "Startup Cost": 4.51, "Total Cost": 132.58, "Plan Rows": 33, "Plan Width": 8, "Actual Startup Time": 9.627, "Actual Total Time": 47.321, "Actual Rows": 41840, "Actual Loops": 1, "Recheck Cond": "(keyword_id = k.id)", "Rows Removed by Index Recheck": 0, "Exact Heap Blocks": 9702, "Lossy Heap Blocks": 9702, "Plans": [{"Node Type": "Bitmap Index Scan", "Parent Relationship": "Outer", "Index Name": "keyword_id_movie_keyword", "Startup Cost": 0.0, "Total Cost": 4.5, "Plan Rows": 33, "Plan Width": 0, "Actual Startup Time": 7.876, "Actual Total Time": 7.876, "Actual Rows": 41840, "Actual Loops": 1, "Index Cond": "(keyword_id = k.id)"}]}]}, {"Node Type": "Bitmap Heap Scan", "Parent Relationship": "Inner", "Relation Name": "movie_companies", "Alias": "mc", "Startup Cost": 0.27, "Total Cost": 4.3, "Plan Rows": 2, "Plan Width": 8, "Actual Startup Time": 249.986, "Actual Total Time": 306.048, "Actual Rows": 148552, "Actual Loops": 41840, "Recheck Cond": "(movie_id = mk.movie_id)", "Rows Removed by Index Recheck": 0, "Exact Heap Blocks": 62638, "Lossy Heap Blocks": 62638, "Plans": [{"Node Type": "Bitmap Index Scan", "Parent Relationship": "Outer", "Index Name": "movie_id_movie_companies", "Startup Cost": 0.0, "Total Cost": 0.27, "Plan Rows": 2, "Plan Width": 0, "Actual Startup Time": 154.185, "Actual Total Time": 154.185, "Actual Rows": 148552, "Actual Loops": 41840, "Index Cond": "(movie_id = mk.movie_id)"}]}]}, {"Node Type": "Bitmap Heap Scan", "Parent Relationship": "Inner", "Relation Name": "company_name", "Alias": "cn", "Startup Cost": 0.26, "Total Cost": 4.27, "Plan Rows": 1, "Plan Width": 4, "Actual Startup Time": 692.747, "Actual Total Time": 692.747, "Actual Rows": 5228, "Actual Loops": 148552, "Recheck Cond": "(id = mc.company_id)", "Rows Removed by Index Recheck": 0, "Filter": "((country_code)::text = '[nl]'::text)", "Rows Removed by Filter": 143324, "Exact Heap Blocks": 148552, "Lossy Heap Blocks": 148552, "Plans": [{"Node Type": "Bitmap Index Scan", "Parent Relationship": "Outer", "Index Name": "company_name_pkey", "Startup Cost": 0.0, "Total Cost": 0.26, "Plan Rows": 1, "Plan Width": 0, "Actual Startup Time": 381.81, "Actual Total Time": 381.81, "Actual Rows": 148552, "Actual Loops": 148552, "Index Cond": "(id = mc.company_id)"}]}]}, {"Node Type": "Bitmap Heap Scan", "Parent Relationship": "Inner", "Relation Name": "title", "Alias": "t", "Startup Cost": 0.27, "Total Cost": 4.28, "Plan Rows": 1, "Plan Width": 21, "Actual Startup Time": 27.63, "Actual Total Time": 27.63, "Actual Rows": 5228, "Actual Loops": 5228, "Recheck Cond": "(id = mk.movie_id)", "Rows Removed by Index Recheck": 0, "Exact Heap Blocks": 5228, "Lossy Heap Blocks": 5228, "Plans": [{"Node Type": "Bitmap Index Scan", "Parent Relationship": "Outer", "Index Name": "title_pkey", "Startup Cost": 0.0, "Total Cost": 0.27, "Plan Rows": 1, "Plan Width": 0, "Actual Startup Time": 16.841, "Actual Total Time": 16.841, "Actual Rows": 5228, "Actual Loops": 5228, "Index Cond": "(id = mk.movie_id)"}]}]}]}, "Triggers": [], "Planner Runtime": 9.24, "Total Runtime": 1387.727, "Unique SQL Id": 2804875951}}, "(1, '83')": {"explain_plan": {"Plan": {"Node Type": "Aggregate", "Strategy": "Plain", "Startup Cost": 1000025545541.31, "Total Cost": 1000025545541.32, "Plan Rows": 1, "Plan Width": 49, "Plans": [{"Node Type": "Nested Loop", "Parent Relationship": "Outer", "Join Type": "Inner", "Startup Cost": 10000000001.12, "Total Cost": 1000025545541.31, "Plan Rows": 2, "Plan Width": 17, "Inner Unique": true, "Join Filter": "(mc.movie_id = t.id)", "Plans": [{"Node Type": "Nested Loop", "Parent Relationship": "Outer", "Join Type": "Inner", "Startup Cost": 10000000000.85, "Total Cost": 1000025545532.73, "Plan Rows": 2, "Plan Width": 8, "Inner Unique": true, "Plans": [{"Node Type": "Nested Loop", "Parent Relationship": "Outer", "Join Type": "Inner", "Startup Cost": 10000000000.6, "Total Cost": 1000024380163.58, "Plan Rows": 272107, "Plan Width": 12, "Inner Unique": false, "Plans": [{"Node Type": "Nested Loop", "Parent Relationship": "Outer", "Join Type": "Inner", "Startup Cost": 10000000000.26, "Total Cost": 1000024227793.07, "Plan Rows": 33725, "Plan Width": 4, "Inner Unique": true, "Plans": [{"Node Type": "Index Scan", "Parent Relationship": "Outer", "Scan Direction": "Forward", "Index Name": "movie_id_movie_companies", "Relation Name": "movie_companies", "Alias": "mc", "Startup Cost": 10000000000.0, "Total Cost": 1000013051946.13, "Plan Rows": 2609128, "Plan Width": 8}, {"Node Type": "Bitmap Heap Scan", "Parent Relationship": "Inner", "Relation Name": "company_name", "Alias": "cn", "Startup Cost": 0.26, "Total Cost": 4.27, "Plan Rows": 1, "Plan Width": 4, "Recheck Cond": "(id = mc.company_id)", "Filter": "((country_code)::text = '[nl]'::text)", "Plans": [{"Node Type": "Bitmap Index Scan", "Parent Relationship": "Outer", "Index Name": "company_name_pkey", "Startup Cost": 0.0, "Total Cost": 0.26, "Plan Rows": 1, "Plan Width": 0, "Index Cond": "(id = mc.company_id)"}]}]}, {"Node Type": "Bitmap Heap Scan", "Parent Relationship": "Inner", "Relation Name": "movie_keyword", "Alias": "mk", "Startup Cost": 0.34, "Total Cost": 4.44, "Plan Rows": 8, "Plan Width": 8, "Recheck Cond": "(movie_id = mc.movie_id)", "Plans": [{"Node Type": "Bitmap Index Scan", "Parent Relationship": "Outer", "Index Name": "movie_id_movie_keyword", "Startup Cost": 0.0, "Total Cost": 0.34, "Plan Rows": 8, "Plan Width": 0, "Index Cond": "(movie_id = mc.movie_id)"}]}]}, {"Node Type": "Bitmap Heap Scan", "Parent Relationship": "Inner", "Relation Name": "keyword", "Alias": "k", "Startup Cost": 0.26, "Total Cost": 4.27, "Plan Rows": 1, "Plan Width": 4, "Recheck Cond": "(id = mk.keyword_id)", "Filter": "((keyword)::text = 'character-name-in-title'::text)", "Plans": [{"Node Type": "Bitmap Index Scan", "Parent Relationship": "Outer", "Index Name": "keyword_pkey", "Startup Cost": 0.0, "Total Cost": 0.26, "Plan Rows": 1, "Plan Width": 0, "Index Cond": "(id = mk.keyword_id)"}]}]}, {"Node Type": "Bitmap Heap Scan", "Parent Relationship": "Inner", "Relation Name": "title", "Alias": "t", "Startup Cost": 0.27, "Total Cost": 4.28, "Plan Rows": 1, "Plan Width": 21, "Recheck Cond": "(id = mk.movie_id)", "Plans": [{"Node Type": "Bitmap Index Scan", "Parent Relationship": "Outer", "Index Name": "title_pkey", "Startup Cost": 0.0, "Total Cost": 0.27, "Plan Rows": 1, "Plan Width": 0, "Index Cond": "(id = mk.movie_id)"}]}]}]}, "Unique SQL Id": 2804875951, "Planner Runtime": 3}, "explain_analyze_plan": null}, "(1, '84')": {"explain_plan": {"Plan": {"Node Type": "Aggregate", "Strategy": "Plain", "Startup Cost": 2600.78, "Total Cost": 2600.79, "Plan Rows": 1, "Plan Width": 49, "Plans": [{"Node Type": "Nested Loop", "Parent Relationship": "Outer", "Join Type": "Inner", "Startup Cost": 4.51, "Total Cost": 2600.77, "Plan Rows": 2, "Plan Width": 17, "Inner Unique": true, "Join Filter": "(mc.movie_id = t.id)", "Plans": [{"Node Type": "Nested Loop", "Parent Relationship": "Outer", "Join Type": "Inner", "Startup Cost": 4.51, "Total Cost": 2600.13, "Plan Rows": 2, "Plan Width": 8, "Inner Unique": true, "Plans": [{"Node Type": "Nested Loop", "Parent Relationship": "Outer", "Join Type": "Inner", "Startup Cost": 4.51, "Total Cost": 2579.99, "Plan Rows": 70, "Plan Width": 12, "Inner Unique": false, "Plans": [{"Node Type": "Nested Loop", "Parent Relationship": "Outer", "Join Type": "Inner", "Startup Cost": 4.51, "Total Cost": 2569.02, "Plan Rows": 33, "Plan Width": 4, "Inner Unique": false, "Plans": [{"Node Type": "Seq Scan", "Parent Relationship": "Outer", "Relation Name": "keyword", "Alias": "k", "Startup Cost": 0.0, "Total Cost": 2436.11, "Plan Rows": 1, "Plan Width": 4, "Filter": "((keyword)::text = 'character-name-in-title'::text)"}, {"Node Type": "Bitmap Heap Scan", "Parent Relationship": "Inner", "Relation Name": "movie_keyword", "Alias": "mk", "Startup Cost": 4.51, "Total Cost": 132.58, "Plan Rows": 33, "Plan Width": 8, "Recheck Cond": "(keyword_id = k.id)", "Plans": [{"Node Type": "Bitmap Index Scan", "Parent Relationship": "Outer", "Index Name": "keyword_id_movie_keyword", "Startup Cost": 0.0, "Total Cost": 4.5, "Plan Rows": 33, "Plan Width": 0, "Index Cond": "(keyword_id = k.id)"}]}]}, {"Node Type": "Index Scan", "Parent Relationship": "Inner", "Scan Direction": "Forward", "Index Name": "movie_id_movie_companies", "Relation Name": "movie_companies", "Alias": "mc", "Startup Cost": 0.0, "Total Cost": 0.31, "Plan Rows": 2, "Plan Width": 8, "Index Cond": "(movie_id = mk.movie_id)"}]}, {"Node Type": "Index Scan", "Parent Relationship": "Inner", "Scan Direction": "Forward", "Index Name": "company_name_pkey", "Relation Name": "company_name", "Alias": "cn", "Startup Cost": 0.0, "Total Cost": 0.28, "Plan Rows": 1, "Plan Width": 4, "Index Cond": "(id = mc.company_id)", "Filter": "((country_code)::text = '[nl]'::text)"}]}, {"Node Type": "Index Scan", "Parent Relationship": "Inner", "Scan Direction": "Forward", "Index Name": "title_pkey", "Relation Name": "title", "Alias": "t", "Startup Cost": 0.0, "Total Cost": 0.31, "Plan Rows": 1, "Plan Width": 21, "Index Cond": "(id = mk.movie_id)"}]}]}, "Unique SQL Id": 2804875951, "Planner Runtime": 7}, "explain_analyze_plan": {"Plan": {"Node Type": "Aggregate", "Strategy": "Plain", "Startup Cost": 2600.78, "Total Cost": 2600.79, "Plan Rows": 1, "Plan Width": 49, "Actual Startup Time": 1030.503, "Actual Total Time": 1030.504, "Actual Rows": 1, "Actual Loops": 1, "Plans": [{"Node Type": "Nested Loop", "Parent Relationship": "Outer", "Join Type": "Inner", "Startup Cost": 4.51, "Total Cost": 2600.77, "Plan Rows": 2, "Plan Width": 17, "Actual Startup Time": 12.804, "Actual Total Time": 1027.312, "Actual Rows": 5228, "Actual Loops": 1, "Inner Unique": true, "Join Filter": "(mc.movie_id = t.id)", "Rows Removed by Join Filter": 0, "Plans": [{"Node Type": "Nested Loop", "Parent Relationship": "Outer", "Join Type": "Inner", "Startup Cost": 4.51, "Total Cost": 2600.13, "Plan Rows": 2, "Plan Width": 8, "Actual Startup Time": 12.789, "Actual Total Time": 999.562, "Actual Rows": 5228, "Actual Loops": 1, "Inner Unique": true, "Plans": [{"Node Type": "Nested Loop", "Parent Relationship": "Outer", "Join Type": "Inner", "Startup Cost": 4.51, "Total Cost": 2579.99, "Plan Rows": 70, "Plan Width": 12, "Actual Startup Time": 9.902, "Actual Total Time": 379.592, "Actual Rows": 148552, "Actual Loops": 1, "Inner Unique": false, "Plans": [{"Node Type": "Nested Loop", "Parent Relationship": "Outer", "Join Type": "Inner", "Startup Cost": 4.51, "Total Cost": 2569.02, "Plan Rows": 33, "Plan Width": 4, "Actual Startup Time": 9.868, "Actual Total Time": 99.354, "Actual Rows": 41840, "Actual Loops": 1, "Inner Unique": false, "Plans": [{"Node Type": "Seq Scan", "Parent Relationship": "Outer", "Relation Name": "keyword", "Alias": "k", "Startup Cost": 0.0, "Total Cost": 2436.11, "Plan Rows": 1, "Plan Width": 4, "Actual Startup Time": 1.773, "Actual Total Time": 43.194, "Actual Rows": 1, "Actual Loops": 1, "Filter": "((keyword)::text = 'character-name-in-title'::text)", "Rows Removed by Filter": 134168}, {"Node Type": "Bitmap Heap Scan", "Parent Relationship": "Inner", "Relation Name": "movie_keyword", "Alias": "mk", "Startup Cost": 4.51, "Total Cost": 132.58, "Plan Rows": 33, "Plan Width": 8, "Actual Startup Time": 8.084, "Actual Total Time": 47.664, "Actual Rows": 41840, "Actual Loops": 1, "Recheck Cond": "(keyword_id = k.id)", "Rows Removed by Index Recheck": 0, "Exact Heap Blocks": 9702, "Lossy Heap Blocks": 9702, "Plans": [{"Node Type": "Bitmap Index Scan", "Parent Relationship": "Outer", "Index Name": "keyword_id_movie_keyword", "Startup Cost": 0.0, "Total Cost": 4.5, "Plan Rows": 33, "Plan Width": 0, "Actual Startup Time": 6.347, "Actual Total Time": 6.347, "Actual Rows": 41840, "Actual Loops": 1, "Index Cond": "(keyword_id = k.id)"}]}]}, {"Node Type": "Index Scan", "Parent Relationship": "Inner", "Scan Direction": "Forward", "Index Name": "movie_id_movie_companies", "Relation Name": "movie_companies", "Alias": "mc", "Startup Cost": 0.0, "Total Cost": 0.31, "Plan Rows": 2, "Plan Width": 8, "Actual Startup Time": 150.532, "Actual Total Time": 224.079, "Actual Rows": 148552, "Actual Loops": 41840, "Index Cond": "(movie_id = mk.movie_id)", "Rows Removed by Index Recheck": 0}]}, {"Node Type": "Index Scan", "Parent Relationship": "Inner", "Scan Direction": "Forward", "Index Name": "company_name_pkey", "Relation Name": "company_name", "Alias": "cn", "Startup Cost": 0.0, "Total Cost": 0.28, "Plan Rows": 1, "Plan Width": 4, "Actual Startup Time": 548.003, "Actual Total Time": 548.003, "Actual Rows": 5228, "Actual Loops": 148552, "Index Cond": "(id = mc.company_id)", "Rows Removed by Index Recheck": 0, "Filter": "((country_code)::text = '[nl]'::text)", "Rows Removed by Filter": 143324}]}, {"Node Type": "Index Scan", "Parent Relationship": "Inner", "Scan Direction": "Forward", "Index Name": "title_pkey", "Relation Name": "title", "Alias": "t", "Startup Cost": 0.0, "Total Cost": 0.31, "Plan Rows": 1, "Plan Width": 21, "Actual Startup Time": 21.778, "Actual Total Time": 21.778, "Actual Rows": 5228, "Actual Loops": 5228, "Index Cond": "(id = mk.movie_id)", "Rows Removed by Index Recheck": 0}]}]}, "Triggers": [], "Planner Runtime": 9.476, "Total Runtime": 1030.831, "Unique SQL Id": 2804875951}}, "(1, '85')": {"explain_plan": {"Plan": {"Node Type": "Aggregate", "Strategy": "Plain", "Startup Cost": 3347.38, "Total Cost": 3347.39, "Plan Rows": 1, "Plan Width": 49, "Plans": [{"Node Type": "Nested Loop", "Parent Relationship": "Outer", "Join Type": "Inner", "Startup Cost": 4.51, "Total Cost": 3347.38, "Plan Rows": 2, "Plan Width": 17, "Inner Unique": true, "Join Filter": "(mc.movie_id = t.id)", "Plans": [{"Node Type": "Nested Loop", "Parent Relationship": "Outer", "Join Type": "Inner", "Startup Cost": 4.51, "Total Cost": 3346.73, "Plan Rows": 2, "Plan Width": 8, "Inner Unique": true, "Plans": [{"Node Type": "Nested Loop", "Parent Relationship": "Outer", "Join Type": "Inner", "Startup Cost": 4.51, "Total Cost": 3326.6, "Plan Rows": 70, "Plan Width": 12, "Inner Unique": false, "Plans": [{"Node Type": "Nested Loop", "Parent Relationship": "Outer", "Join Type": "Inner", "Startup Cost": 4.51, "Total Cost": 3315.63, "Plan Rows": 33, "Plan Width": 4, "Inner Unique": false, "Plans": [{"Node Type": "Index Scan", "Parent Relationship": "Outer", "Scan Direction": "Forward", "Index Name": "keyword_pkey", "Relation Name": "keyword", "Alias": "k", "Startup Cost": 0.0, "Total Cost": 3182.72, "Plan Rows": 1, "Plan Width": 4, "Filter": "((keyword)::text = 'character-name-in-title'::text)"}, {"Node Type": "Bitmap Heap Scan", "Parent Relationship": "Inner", "Relation Name": "movie_keyword", "Alias": "mk", "Startup Cost": 4.51, "Total Cost": 132.58, "Plan Rows": 33, "Plan Width": 8, "Recheck Cond": "(keyword_id = k.id)", "Plans": [{"Node Type": "Bitmap Index Scan", "Parent Relationship": "Outer", "Index Name": "keyword_id_movie_keyword", "Startup Cost": 0.0, "Total Cost": 4.5, "Plan Rows": 33, "Plan Width": 0, "Index Cond": "(keyword_id = k.id)"}]}]}, {"Node Type": "Index Scan", "Parent Relationship": "Inner", "Scan Direction": "Forward", "Index Name": "movie_id_movie_companies", "Relation Name": "movie_companies", "Alias": "mc", "Startup Cost": 0.0, "Total Cost": 0.31, "Plan Rows": 2, "Plan Width": 8, "Index Cond": "(movie_id = mk.movie_id)"}]}, {"Node Type": "Index Scan", "Parent Relationship": "Inner", "Scan Direction": "Forward", "Index Name": "company_name_pkey", "Relation Name": "company_name", "Alias": "cn", "Startup Cost": 0.0, "Total Cost": 0.28, "Plan Rows": 1, "Plan Width": 4, "Index Cond": "(id = mc.company_id)", "Filter": "((country_code)::text = '[nl]'::text)"}]}, {"Node Type": "Index Scan", "Parent Relationship": "Inner", "Scan Direction": "Forward", "Index Name": "title_pkey", "Relation Name": "title", "Alias": "t", "Startup Cost": 0.0, "Total Cost": 0.31, "Plan Rows": 1, "Plan Width": 21, "Index Cond": "(id = mk.movie_id)"}]}]}, "Unique SQL Id": 2804875951, "Planner Runtime": 8}, "explain_analyze_plan": {"Plan": {"Node Type": "Aggregate", "Strategy": "Plain", "Startup Cost": 3347.38, "Total Cost": 3347.39, "Plan Rows": 1, "Plan Width": 49, "Actual Startup Time": 1144.573, "Actual Total Time": 1144.573, "Actual Rows": 1, "Actual Loops": 1, "Plans": [{"Node Type": "Nested Loop", "Parent Relationship": "Outer", "Join Type": "Inner", "Startup Cost": 4.51, "Total Cost": 3347.38, "Plan Rows": 2, "Plan Width": 17, "Actual Startup Time": 13.303, "Actual Total Time": 1141.536, "Actual Rows": 5228, "Actual Loops": 1, "Inner Unique": true, "Join Filter": "(mc.movie_id = t.id)", "Rows Removed by Join Filter": 0, "Plans": [{"Node Type": "Nested Loop", "Parent Relationship": "Outer", "Join Type": "Inner", "Startup Cost": 4.51, "Total Cost": 3346.73, "Plan Rows": 2, "Plan Width": 8, "Actual Startup Time": 13.284, "Actual Total Time": 1112.719, "Actual Rows": 5228, "Actual Loops": 1, "Inner Unique": true, "Plans": [{"Node Type": "Nested Loop", "Parent Relationship": "Outer", "Join Type": "Inner", "Startup Cost": 4.51, "Total Cost": 3326.6, "Plan Rows": 70, "Plan Width": 12, "Actual Startup Time": 10.161, "Actual Total Time": 467.922, "Actual Rows": 148552, "Actual Loops": 1, "Inner Unique": false, "Plans": [{"Node Type": "Nested Loop", "Parent Relationship": "Outer", "Join Type": "Inner", "Startup Cost": 4.51, "Total Cost": 3315.63, "Plan Rows": 33, "Plan Width": 4, "Actual Startup Time": 10.133, "Actual Total Time": 176.342, "Actual Rows": 41840, "Actual Loops": 1, "Inner Unique": false, "Plans": [{"Node Type": "Index Scan", "Parent Relationship": "Outer", "Scan Direction": "Forward", "Index Name": "keyword_pkey", "Relation Name": "keyword", "Alias": "k", "Startup Cost": 0.0, "Total Cost": 3182.72, "Plan Rows": 1, "Plan Width": 4, "Actual Startup Time": 0.204, "Actual Total Time": 116.389, "Actual Rows": 1, "Actual Loops": 1, "Filter": "((keyword)::text = 'character-name-in-title'::text)", "Rows Removed by Filter": 134168}, {"Node Type": "Bitmap Heap Scan", "Parent Relationship": "Inner", "Relation Name": "movie_keyword", "Alias": "mk", "Startup Cost": 4.51, "Total Cost": 132.58, "Plan Rows": 33, "Plan Width": 8, "Actual Startup Time": 9.922, "Actual Total Time": 51.446, "Actual Rows": 41840, "Actual Loops": 1, "Recheck Cond": "(keyword_id = k.id)", "Rows Removed by Index Recheck": 0, "Exact Heap Blocks": 9702, "Lossy Heap Blocks": 9702, "Plans": [{"Node Type": "Bitmap Index Scan", "Parent Relationship": "Outer", "Index Name": "keyword_id_movie_keyword", "Startup Cost": 0.0, "Total Cost": 4.5, "Plan Rows": 33, "Plan Width": 0, "Actual Startup Time": 8.103, "Actual Total Time": 8.103, "Actual Rows": 41840, "Actual Loops": 1, "Index Cond": "(keyword_id = k.id)"}]}]}, {"Node Type": "Index Scan", "Parent Relationship": "Inner", "Scan Direction": "Forward", "Index Name": "movie_id_movie_companies", "Relation Name": "movie_companies", "Alias": "mc", "Startup Cost": 0.0, "Total Cost": 0.31, "Plan Rows": 2, "Plan Width": 8, "Actual Startup Time": 159.044, "Actual Total Time": 235.457, "Actual Rows": 148552, "Actual Loops": 41840, "Index Cond": "(movie_id = mk.movie_id)", "Rows Removed by Index Recheck": 0}]}, {"Node Type": "Index Scan", "Parent Relationship": "Inner", "Scan Direction": "Forward", "Index Name": "company_name_pkey", "Relation Name": "company_name", "Alias": "cn", "Startup Cost": 0.0, "Total Cost": 0.28, "Plan Rows": 1, "Plan Width": 4, "Actual Startup Time": 571.46, "Actual Total Time": 571.46, "Actual Rows": 5228, "Actual Loops": 148552, "Index Cond": "(id = mc.company_id)", "Rows Removed by Index Recheck": 0, "Filter": "((country_code)::text = '[nl]'::text)", "Rows Removed by Filter": 143324}]}, {"Node Type": "Index Scan", "Parent Relationship": "Inner", "Scan Direction": "Forward", "Index Name": "title_pkey", "Relation Name": "title", "Alias": "t", "Startup Cost": 0.0, "Total Cost": 0.31, "Plan Rows": 1, "Plan Width": 21, "Actual Startup Time": 23.224, "Actual Total Time": 23.224, "Actual Rows": 5228, "Actual Loops": 5228, "Index Cond": "(id = mk.movie_id)", "Rows Removed by Index Recheck": 0}]}]}, "Triggers": [], "Planner Runtime": 9.253, "Total Runtime": 1144.942, "Unique SQL Id": 2804875951}}, "(1, '86')": {"explain_plan": {"Plan": {"Node Type": "Aggregate", "Strategy": "Plain", "Startup Cost": 3019.97, "Total Cost": 3019.98, "Plan Rows": 1, "Plan Width": 49, "Plans": [{"Node Type": "Nested Loop", "Parent Relationship": "Outer", "Join Type": "Inner", "Startup Cost": 5.3, "Total Cost": 3019.97, "Plan Rows": 2, "Plan Width": 17, "Inner Unique": true, "Join Filter": "(mc.movie_id = t.id)", "Plans": [{"Node Type": "Nested Loop", "Parent Relationship": "Outer", "Join Type": "Inner", "Startup Cost": 5.04, "Total Cost": 3011.39, "Plan Rows": 2, "Plan Width": 8, "Inner Unique": true, "Plans": [{"Node Type": "Nested Loop", "Parent Relationship": "Outer", "Join Type": "Inner", "Startup Cost": 4.78, "Total Cost": 2711.55, "Plan Rows": 70, "Plan Width": 12, "Inner Unique": false, "Plans": [{"Node Type": "Nested Loop", "Parent Relationship": "Outer", "Join Type": "Inner", "Startup Cost": 4.51, "Total Cost": 2569.02, "Plan Rows": 33, "Plan Width": 4, "Inner Unique": false, "Plans": [{"Node Type": "Seq Scan", "Parent Relationship": "Outer", "Relation Name": "keyword", "Alias": "k", "Startup Cost": 0.0, "Total Cost": 2436.11, "Plan Rows": 1, "Plan Width": 4, "Filter": "((keyword)::text = 'character-name-in-title'::text)"}, {"Node Type": "Bitmap Heap Scan", "Parent Relationship": "Inner", "Relation Name": "movie_keyword", "Alias": "mk", "Startup Cost": 4.51, "Total Cost": 132.58, "Plan Rows": 33, "Plan Width": 8, "Recheck Cond": "(keyword_id = k.id)", "Plans": [{"Node Type": "Bitmap Index Scan", "Parent Relationship": "Outer", "Index Name": "keyword_id_movie_keyword", "Startup Cost": 0.0, "Total Cost": 4.5, "Plan Rows": 33, "Plan Width": 0, "Index Cond": "(keyword_id = k.id)"}]}]}, {"Node Type": "Bitmap Heap Scan", "Parent Relationship": "Inner", "Relation Name": "movie_companies", "Alias": "mc", "Startup Cost": 0.27, "Total Cost": 4.3, "Plan Rows": 2, "Plan Width": 8, "Recheck Cond": "(movie_id = mk.movie_id)", "Plans": [{"Node Type": "Bitmap Index Scan", "Parent Relationship": "Outer", "Index Name": "movie_id_movie_companies", "Startup Cost": 0.0, "Total Cost": 0.27, "Plan Rows": 2, "Plan Width": 0, "Index Cond": "(movie_id = mk.movie_id)"}]}]}, {"Node Type": "Bitmap Heap Scan", "Parent Relationship": "Inner", "Relation Name": "company_name", "Alias": "cn", "Startup Cost": 0.26, "Total Cost": 4.27, "Plan Rows": 1, "Plan Width": 4, "Recheck Cond": "(id = mc.company_id)", "Filter": "((country_code)::text = '[nl]'::text)", "Plans": [{"Node Type": "Bitmap Index Scan", "Parent Relationship": "Outer", "Index Name": "company_name_pkey", "Startup Cost": 0.0, "Total Cost": 0.26, "Plan Rows": 1, "Plan Width": 0, "Index Cond": "(id = mc.company_id)"}]}]}, {"Node Type": "Bitmap Heap Scan", "Parent Relationship": "Inner", "Relation Name": "title", "Alias": "t", "Startup Cost": 0.27, "Total Cost": 4.28, "Plan Rows": 1, "Plan Width": 21, "Recheck Cond": "(id = mk.movie_id)", "Plans": [{"Node Type": "Bitmap Index Scan", "Parent Relationship": "Outer", "Index Name": "title_pkey", "Startup Cost": 0.0, "Total Cost": 0.27, "Plan Rows": 1, "Plan Width": 0, "Index Cond": "(id = mk.movie_id)"}]}]}]}, "Unique SQL Id": 2804875951, "Planner Runtime": 6}, "explain_analyze_plan": {"Plan": {"Node Type": "Aggregate", "Strategy": "Plain", "Startup Cost": 3019.97, "Total Cost": 3019.98, "Plan Rows": 1, "Plan Width": 49, "Actual Startup Time": 1387.256, "Actual Total Time": 1387.257, "Actual Rows": 1, "Actual Loops": 1, "Plans": [{"Node Type": "Nested Loop", "Parent Relationship": "Outer", "Join Type": "Inner", "Startup Cost": 5.3, "Total Cost": 3019.97, "Plan Rows": 2, "Plan Width": 17, "Actual Startup Time": 15.885, "Actual Total Time": 1382.928, "Actual Rows": 5228, "Actual Loops": 1, "Inner Unique": true, "Join Filter": "(mc.movie_id = t.id)", "Rows Removed by Join Filter": 0, "Plans": [{"Node Type": "Nested Loop", "Parent Relationship": "Outer", "Join Type": "Inner", "Startup Cost": 5.04, "Total Cost": 3011.39, "Plan Rows": 2, "Plan Width": 8, "Actual Startup Time": 15.861, "Actual Total Time": 1346.204, "Actual Rows": 5228, "Actual Loops": 1, "Inner Unique": true, "Plans": [{"Node Type": "Nested Loop", "Parent Relationship": "Outer", "Join Type": "Inner", "Startup Cost": 4.78, "Total Cost": 2711.55, "Plan Rows": 70, "Plan Width": 12, "Actual Startup Time": 11.506, "Actual Total Time": 487.661, "Actual Rows": 148552, "Actual Loops": 1, "Inner Unique": false, "Plans": [{"Node Type": "Nested Loop", "Parent Relationship": "Outer", "Join Type": "Inner", "Startup Cost": 4.51, "Total Cost": 2569.02, "Plan Rows": 33, "Plan Width": 4, "Actual Startup Time": 11.467, "Actual Total Time": 97.589, "Actual Rows": 41840, "Actual Loops": 1, "Inner Unique": false, "Plans": [{"Node Type": "Seq Scan", "Parent Relationship": "Outer", "Relation Name": "keyword", "Alias": "k", "Startup Cost": 0.0, "Total Cost": 2436.11, "Plan Rows": 1, "Plan Width": 4, "Actual Startup Time": 1.835, "Actual Total Time": 40.613, "Actual Rows": 1, "Actual Loops": 1, "Filter": "((keyword)::text = 'character-name-in-title'::text)", "Rows Removed by Filter": 134168}, {"Node Type": "Bitmap Heap Scan", "Parent Relationship": "Inner", "Relation Name": "movie_keyword", "Alias": "mk", "Startup Cost": 4.51, "Total Cost": 132.58, "Plan Rows": 33, "Plan Width": 8, "Actual Startup Time": 9.627, "Actual Total Time": 47.321, "Actual Rows": 41840, "Actual Loops": 1, "Recheck Cond": "(keyword_id = k.id)", "Rows Removed by Index Recheck": 0, "Exact Heap Blocks": 9702, "Lossy Heap Blocks": 9702, "Plans": [{"Node Type": "Bitmap Index Scan", "Parent Relationship": "Outer", "Index Name": "keyword_id_movie_keyword", "Startup Cost": 0.0, "Total Cost": 4.5, "Plan Rows": 33, "Plan Width": 0, "Actual Startup Time": 7.876, "Actual Total Time": 7.876, "Actual Rows": 41840, "Actual Loops": 1, "Index Cond": "(keyword_id = k.id)"}]}]}, {"Node Type": "Bitmap Heap Scan", "Parent Relationship": "Inner", "Relation Name": "movie_companies", "Alias": "mc", "Startup Cost": 0.27, "Total Cost": 4.3, "Plan Rows": 2, "Plan Width": 8, "Actual Startup Time": 249.986, "Actual Total Time": 306.048, "Actual Rows": 148552, "Actual Loops": 41840, "Recheck Cond": "(movie_id = mk.movie_id)", "Rows Removed by Index Recheck": 0, "Exact Heap Blocks": 62638, "Lossy Heap Blocks": 62638, "Plans": [{"Node Type": "Bitmap Index Scan", "Parent Relationship": "Outer", "Index Name": "movie_id_movie_companies", "Startup Cost": 0.0, "Total Cost": 0.27, "Plan Rows": 2, "Plan Width": 0, "Actual Startup Time": 154.185, "Actual Total Time": 154.185, "Actual Rows": 148552, "Actual Loops": 41840, "Index Cond": "(movie_id = mk.movie_id)"}]}]}, {"Node Type": "Bitmap Heap Scan", "Parent Relationship": "Inner", "Relation Name": "company_name", "Alias": "cn", "Startup Cost": 0.26, "Total Cost": 4.27, "Plan Rows": 1, "Plan Width": 4, "Actual Startup Time": 692.747, "Actual Total Time": 692.747, "Actual Rows": 5228, "Actual Loops": 148552, "Recheck Cond": "(id = mc.company_id)", "Rows Removed by Index Recheck": 0, "Filter": "((country_code)::text = '[nl]'::text)", "Rows Removed by Filter": 143324, "Exact Heap Blocks": 148552, "Lossy Heap Blocks": 148552, "Plans": [{"Node Type": "Bitmap Index Scan", "Parent Relationship": "Outer", "Index Name": "company_name_pkey", "Startup Cost": 0.0, "Total Cost": 0.26, "Plan Rows": 1, "Plan Width": 0, "Actual Startup Time": 381.81, "Actual Total Time": 381.81, "Actual Rows": 148552, "Actual Loops": 148552, "Index Cond": "(id = mc.company_id)"}]}]}, {"Node Type": "Bitmap Heap Scan", "Parent Relationship": "Inner", "Relation Name": "title", "Alias": "t", "Startup Cost": 0.27, "Total Cost": 4.28, "Plan Rows": 1, "Plan Width": 21, "Actual Startup Time": 27.63, "Actual Total Time": 27.63, "Actual Rows": 5228, "Actual Loops": 5228, "Recheck Cond": "(id = mk.movie_id)", "Rows Removed by Index Recheck": 0, "Exact Heap Blocks": 5228, "Lossy Heap Blocks": 5228, "Plans": [{"Node Type": "Bitmap Index Scan", "Parent Relationship": "Outer", "Index Name": "title_pkey", "Startup Cost": 0.0, "Total Cost": 0.27, "Plan Rows": 1, "Plan Width": 0, "Actual Startup Time": 16.841, "Actual Total Time": 16.841, "Actual Rows": 5228, "Actual Loops": 5228, "Index Cond": "(id = mk.movie_id)"}]}]}]}, "Triggers": [], "Planner Runtime": 9.24, "Total Runtime": 1387.727, "Unique SQL Id": 2804875951}}, "(1, '87')": {"explain_plan": {"Plan": {"Node Type": "Aggregate", "Strategy": "Plain", "Startup Cost": 1000025545541.31, "Total Cost": 1000025545541.32, "Plan Rows": 1, "Plan Width": 49, "Plans": [{"Node Type": "Nested Loop", "Parent Relationship": "Outer", "Join Type": "Inner", "Startup Cost": 10000000001.12, "Total Cost": 1000025545541.31, "Plan Rows": 2, "Plan Width": 17, "Inner Unique": true, "Join Filter": "(mc.movie_id = t.id)", "Plans": [{"Node Type": "Nested Loop", "Parent Relationship": "Outer", "Join Type": "Inner", "Startup Cost": 10000000000.85, "Total Cost": 1000025545532.73, "Plan Rows": 2, "Plan Width": 8, "Inner Unique": true, "Plans": [{"Node Type": "Nested Loop", "Parent Relationship": "Outer", "Join Type": "Inner", "Startup Cost": 10000000000.6, "Total Cost": 1000024380163.58, "Plan Rows": 272107, "Plan Width": 12, "Inner Unique": false, "Plans": [{"Node Type": "Nested Loop", "Parent Relationship": "Outer", "Join Type": "Inner", "Startup Cost": 10000000000.26, "Total Cost": 1000024227793.07, "Plan Rows": 33725, "Plan Width": 4, "Inner Unique": true, "Plans": [{"Node Type": "Index Scan", "Parent Relationship": "Outer", "Scan Direction": "Forward", "Index Name": "movie_id_movie_companies", "Relation Name": "movie_companies", "Alias": "mc", "Startup Cost": 10000000000.0, "Total Cost": 1000013051946.13, "Plan Rows": 2609128, "Plan Width": 8}, {"Node Type": "Bitmap Heap Scan", "Parent Relationship": "Inner", "Relation Name": "company_name", "Alias": "cn", "Startup Cost": 0.26, "Total Cost": 4.27, "Plan Rows": 1, "Plan Width": 4, "Recheck Cond": "(id = mc.company_id)", "Filter": "((country_code)::text = '[nl]'::text)", "Plans": [{"Node Type": "Bitmap Index Scan", "Parent Relationship": "Outer", "Index Name": "company_name_pkey", "Startup Cost": 0.0, "Total Cost": 0.26, "Plan Rows": 1, "Plan Width": 0, "Index Cond": "(id = mc.company_id)"}]}]}, {"Node Type": "Bitmap Heap Scan", "Parent Relationship": "Inner", "Relation Name": "movie_keyword", "Alias": "mk", "Startup Cost": 0.34, "Total Cost": 4.44, "Plan Rows": 8, "Plan Width": 8, "Recheck Cond": "(movie_id = mc.movie_id)", "Plans": [{"Node Type": "Bitmap Index Scan", "Parent Relationship": "Outer", "Index Name": "movie_id_movie_keyword", "Startup Cost": 0.0, "Total Cost": 0.34, "Plan Rows": 8, "Plan Width": 0, "Index Cond": "(movie_id = mc.movie_id)"}]}]}, {"Node Type": "Bitmap Heap Scan", "Parent Relationship": "Inner", "Relation Name": "keyword", "Alias": "k", "Startup Cost": 0.26, "Total Cost": 4.27, "Plan Rows": 1, "Plan Width": 4, "Recheck Cond": "(id = mk.keyword_id)", "Filter": "((keyword)::text = 'character-name-in-title'::text)", "Plans": [{"Node Type": "Bitmap Index Scan", "Parent Relationship": "Outer", "Index Name": "keyword_pkey", "Startup Cost": 0.0, "Total Cost": 0.26, "Plan Rows": 1, "Plan Width": 0, "Index Cond": "(id = mk.keyword_id)"}]}]}, {"Node Type": "Bitmap Heap Scan", "Parent Relationship": "Inner", "Relation Name": "title", "Alias": "t", "Startup Cost": 0.27, "Total Cost": 4.28, "Plan Rows": 1, "Plan Width": 21, "Recheck Cond": "(id = mk.movie_id)", "Plans": [{"Node Type": "Bitmap Index Scan", "Parent Relationship": "Outer", "Index Name": "title_pkey", "Startup Cost": 0.0, "Total Cost": 0.27, "Plan Rows": 1, "Plan Width": 0, "Index Cond": "(id = mk.movie_id)"}]}]}]}, "Unique SQL Id": 2804875951, "Planner Runtime": 3}, "explain_analyze_plan": null}, "(1, '88')": {"explain_plan": {"Plan": {"Node Type": "Aggregate", "Strategy": "Plain", "Startup Cost": 2605.07, "Total Cost": 2605.08, "Plan Rows": 1, "Plan Width": 49, "Plans": [{"Node Type": "Nested Loop", "Parent Relationship": "Outer", "Join Type": "Inner", "Startup Cost": 0.0, "Total Cost": 2605.07, "Plan Rows": 2, "Plan Width": 17, "Inner Unique": true, "Join Filter": "(mc.movie_id = t.id)", "Plans": [{"Node Type": "Nested Loop", "Parent Relationship": "Outer", "Join Type": "Inner", "Startup Cost": 0.0, "Total Cost": 2604.42, "Plan Rows": 2, "Plan Width": 8, "Inner Unique": true, "Plans": [{"Node Type": "Nested Loop", "Parent Relationship": "Outer", "Join Type": "Inner", "Startup Cost": 0.0, "Total Cost": 2584.29, "Plan Rows": 70, "Plan Width": 12, "Inner Unique": false, "Plans": [{"Node Type": "Nested Loop", "Parent Relationship": "Outer", "Join Type": "Inner", "Startup Cost": 0.0, "Total Cost": 2573.32, "Plan Rows": 33, "Plan Width": 4, "Inner Unique": false, "Plans": [{"Node Type": "Seq Scan", "Parent Relationship": "Outer", "Relation Name": "keyword", "Alias": "k", "Startup Cost": 0.0, "Total Cost": 2436.11, "Plan Rows": 1, "Plan Width": 4, "Filter": "((keyword)::text = 'character-name-in-title'::text)"}, {"Node Type": "Index Scan", "Parent Relationship": "Inner", "Scan Direction": "Forward", "Index Name": "keyword_id_movie_keyword", "Relation Name": "movie_keyword", "Alias": "mk", "Startup Cost": 0.0, "Total Cost": 136.88, "Plan Rows": 33, "Plan Width": 8, "Index Cond": "(keyword_id = k.id)"}]}, {"Node Type": "Index Scan", "Parent Relationship": "Inner", "Scan Direction": "Forward", "Index Name": "movie_id_movie_companies", "Relation Name": "movie_companies", "Alias": "mc", "Startup Cost": 0.0, "Total Cost": 0.31, "Plan Rows": 2, "Plan Width": 8, "Index Cond": "(movie_id = mk.movie_id)"}]}, {"Node Type": "Index Scan", "Parent Relationship": "Inner", "Scan Direction": "Forward", "Index Name": "company_name_pkey", "Relation Name": "company_name", "Alias": "cn", "Startup Cost": 0.0, "Total Cost": 0.28, "Plan Rows": 1, "Plan Width": 4, "Index Cond": "(id = mc.company_id)", "Filter": "((country_code)::text = '[nl]'::text)"}]}, {"Node Type": "Index Scan", "Parent Relationship": "Inner", "Scan Direction": "Forward", "Index Name": "title_pkey", "Relation Name": "title", "Alias": "t", "Startup Cost": 0.0, "Total Cost": 0.31, "Plan Rows": 1, "Plan Width": 21, "Index Cond": "(id = mk.movie_id)"}]}]}, "Unique SQL Id": 2804875951, "Planner Runtime": 7}, "explain_analyze_plan": {"Plan": {"Node Type": "Aggregate", "Strategy": "Plain", "Startup Cost": 2605.07, "Total Cost": 2605.08, "Plan Rows": 1, "Plan Width": 49, "Actual Startup Time": 1018.693, "Actual Total Time": 1018.694, "Actual Rows": 1, "Actual Loops": 1, "Plans": [{"Node Type": "Nested Loop", "Parent Relationship": "Outer", "Join Type": "Inner", "Startup Cost": 0.0, "Total Cost": 2605.07, "Plan Rows": 2, "Plan Width": 17, "Actual Startup Time": 4.88, "Actual Total Time": 1015.562, "Actual Rows": 5228, "Actual Loops": 1, "Inner Unique": true, "Join Filter": "(mc.movie_id = t.id)", "Rows Removed by Join Filter": 0, "Plans": [{"Node Type": "Nested Loop", "Parent Relationship": "Outer", "Join Type": "Inner", "Startup Cost": 0.0, "Total Cost": 2604.42, "Plan Rows": 2, "Plan Width": 8, "Actual Startup Time": 4.865, "Actual Total Time": 988.098, "Actual Rows": 5228, "Actual Loops": 1, "Inner Unique": true, "Plans": [{"Node Type": "Nested Loop", "Parent Relationship": "Outer", "Join Type": "Inner", "Startup Cost": 0.0, "Total Cost": 2584.29, "Plan Rows": 70, "Plan Width": 12, "Actual Startup Time": 1.836, "Actual Total Time": 368.761, "Actual Rows": 148552, "Actual Loops": 1, "Inner Unique": false, "Plans": [{"Node Type": "Nested Loop", "Parent Relationship": "Outer", "Join Type": "Inner", "Startup Cost": 0.0, "Total Cost": 2573.32, "Plan Rows": 33, "Plan Width": 4, "Actual Startup Time": 1.817, "Actual Total Time": 90.483, "Actual Rows": 41840, "Actual Loops": 1, "Inner Unique": false, "Plans": [{"Node Type": "Seq Scan", "Parent Relationship": "Outer", "Relation Name": "keyword", "Alias": "k", "Startup Cost": 0.0, "Total Cost": 2436.11, "Plan Rows": 1, "Plan Width": 4, "Actual Startup Time": 1.79, "Actual Total Time": 42.521, "Actual Rows": 1, "Actual Loops": 1, "Filter": "((keyword)::text = 'character-name-in-title'::text)", "Rows Removed by Filter": 134168}, {"Node Type": "Index Scan", "Parent Relationship": "Inner", "Scan Direction": "Forward", "Index Name": "keyword_id_movie_keyword", "Relation Name": "movie_keyword", "Alias": "mk", "Startup Cost": 0.0, "Total Cost": 136.88, "Plan Rows": 33, "Plan Width": 8, "Actual Startup Time": 0.021, "Actual Total Time": 38.672, "Actual Rows": 41840, "Actual Loops": 1, "Index Cond": "(keyword_id = k.id)", "Rows Removed by Index Recheck": 0}]}, {"Node Type": "Index Scan", "Parent Relationship": "Inner", "Scan Direction": "Forward", "Index Name": "movie_id_movie_companies", "Relation Name": "movie_companies", "Alias": "mc", "Startup Cost": 0.0, "Total Cost": 0.31, "Plan Rows": 2, "Plan Width": 8, "Actual Startup Time": 149.771, "Actual Total Time": 222.908, "Actual Rows": 148552, "Actual Loops": 41840, "Index Cond": "(movie_id = mk.movie_id)", "Rows Removed by Index Recheck": 0}]}, {"Node Type": "Index Scan", "Parent Relationship": "Inner", "Scan Direction": "Forward", "Index Name": "company_name_pkey", "Relation Name": "company_name", "Alias": "cn", "Startup Cost": 0.0, "Total Cost": 0.28, "Plan Rows": 1, "Plan Width": 4, "Actual Startup Time": 548.889, "Actual Total Time": 548.889, "Actual Rows": 5228, "Actual Loops": 148552, "Index Cond": "(id = mc.company_id)", "Rows Removed by Index Recheck": 0, "Filter": "((country_code)::text = '[nl]'::text)", "Rows Removed by Filter": 143324}]}, {"Node Type": "Index Scan", "Parent Relationship": "Inner", "Scan Direction": "Forward", "Index Name": "title_pkey", "Relation Name": "title", "Alias": "t", "Startup Cost": 0.0, "Total Cost": 0.31, "Plan Rows": 1, "Plan Width": 21, "Actual Startup Time": 21.677, "Actual Total Time": 21.677, "Actual Rows": 5228, "Actual Loops": 5228, "Index Cond": "(id = mk.movie_id)", "Rows Removed by Index Recheck": 0}]}]}, "Triggers": [], "Planner Runtime": 9.006, "Total Runtime": 1018.947, "Unique SQL Id": 2804875951}}, "(1, '89')": {"explain_plan": {"Plan": {"Node Type": "Aggregate", "Strategy": "Plain", "Startup Cost": 3351.67, "Total Cost": 3351.68, "Plan Rows": 1, "Plan Width": 49, "Plans": [{"Node Type": "Nested Loop", "Parent Relationship": "Outer", "Join Type": "Inner", "Startup Cost": 0.0, "Total Cost": 3351.67, "Plan Rows": 2, "Plan Width": 17, "Inner Unique": true, "Join Filter": "(mc.movie_id = t.id)", "Plans": [{"Node Type": "Nested Loop", "Parent Relationship": "Outer", "Join Type": "Inner", "Startup Cost": 0.0, "Total Cost": 3351.03, "Plan Rows": 2, "Plan Width": 8, "Inner Unique": true, "Plans": [{"Node Type": "Nested Loop", "Parent Relationship": "Outer", "Join Type": "Inner", "Startup Cost": 0.0, "Total Cost": 3330.89, "Plan Rows": 70, "Plan Width": 12, "Inner Unique": false, "Plans": [{"Node Type": "Nested Loop", "Parent Relationship": "Outer", "Join Type": "Inner", "Startup Cost": 0.0, "Total Cost": 3319.92, "Plan Rows": 33, "Plan Width": 4, "Inner Unique": false, "Plans": [{"Node Type": "Index Scan", "Parent Relationship": "Outer", "Scan Direction": "Forward", "Index Name": "keyword_pkey", "Relation Name": "keyword", "Alias": "k", "Startup Cost": 0.0, "Total Cost": 3182.72, "Plan Rows": 1, "Plan Width": 4, "Filter": "((keyword)::text = 'character-name-in-title'::text)"}, {"Node Type": "Index Scan", "Parent Relationship": "Inner", "Scan Direction": "Forward", "Index Name": "keyword_id_movie_keyword", "Relation Name": "movie_keyword", "Alias": "mk", "Startup Cost": 0.0, "Total Cost": 136.88, "Plan Rows": 33, "Plan Width": 8, "Index Cond": "(keyword_id = k.id)"}]}, {"Node Type": "Index Scan", "Parent Relationship": "Inner", "Scan Direction": "Forward", "Index Name": "movie_id_movie_companies", "Relation Name": "movie_companies", "Alias": "mc", "Startup Cost": 0.0, "Total Cost": 0.31, "Plan Rows": 2, "Plan Width": 8, "Index Cond": "(movie_id = mk.movie_id)"}]}, {"Node Type": "Index Scan", "Parent Relationship": "Inner", "Scan Direction": "Forward", "Index Name": "company_name_pkey", "Relation Name": "company_name", "Alias": "cn", "Startup Cost": 0.0, "Total Cost": 0.28, "Plan Rows": 1, "Plan Width": 4, "Index Cond": "(id = mc.company_id)", "Filter": "((country_code)::text = '[nl]'::text)"}]}, {"Node Type": "Index Scan", "Parent Relationship": "Inner", "Scan Direction": "Forward", "Index Name": "title_pkey", "Relation Name": "title", "Alias": "t", "Startup Cost": 0.0, "Total Cost": 0.31, "Plan Rows": 1, "Plan Width": 21, "Index Cond": "(id = mk.movie_id)"}]}]}, "Unique SQL Id": 2804875951, "Planner Runtime": 8}, "explain_analyze_plan": {"Plan": {"Node Type": "Aggregate", "Strategy": "Plain", "Startup Cost": 3351.67, "Total Cost": 3351.68, "Plan Rows": 1, "Plan Width": 49, "Actual Startup Time": 1104.099, "Actual Total Time": 1104.099, "Actual Rows": 1, "Actual Loops": 1, "Plans": [{"Node Type": "Nested Loop", "Parent Relationship": "Outer", "Join Type": "Inner", "Startup Cost": 0.0, "Total Cost": 3351.67, "Plan Rows": 2, "Plan Width": 17, "Actual Startup Time": 3.277, "Actual Total Time": 1101.041, "Actual Rows": 5228, "Actual Loops": 1, "Inner Unique": true, "Join Filter": "(mc.movie_id = t.id)", "Rows Removed by Join Filter": 0, "Plans": [{"Node Type": "Nested Loop", "Parent Relationship": "Outer", "Join Type": "Inner", "Startup Cost": 0.0, "Total Cost": 3351.03, "Plan Rows": 2, "Plan Width": 8, "Actual Startup Time": 3.261, "Actual Total Time": 1073.962, "Actual Rows": 5228, "Actual Loops": 1, "Inner Unique": true, "Plans": [{"Node Type": "Nested Loop", "Parent Relationship": "Outer", "Join Type": "Inner", "Startup Cost": 0.0, "Total Cost": 3330.89, "Plan Rows": 70, "Plan Width": 12, "Actual Startup Time": 0.244, "Actual Total Time": 439.938, "Actual Rows": 148552, "Actual Loops": 1, "Inner Unique": false, "Plans": [{"Node Type": "Nested Loop", "Parent Relationship": "Outer", "Join Type": "Inner", "Startup Cost": 0.0, "Total Cost": 3319.92, "Plan Rows": 33, "Plan Width": 4, "Actual Startup Time": 0.228, "Actual Total Time": 160.992, "Actual Rows": 41840, "Actual Loops": 1, "Inner Unique": false, "Plans": [{"Node Type": "Index Scan", "Parent Relationship": "Outer", "Scan Direction": "Forward", "Index Name": "keyword_pkey", "Relation Name": "keyword", "Alias": "k", "Startup Cost": 0.0, "Total Cost": 3182.72, "Plan Rows": 1, "Plan Width": 4, "Actual Startup Time": 0.209, "Actual Total Time": 114.577, "Actual Rows": 1, "Actual Loops": 1, "Filter": "((keyword)::text = 'character-name-in-title'::text)", "Rows Removed by Filter": 134168}, {"Node Type": "Index Scan", "Parent Relationship": "Inner", "Scan Direction": "Forward", "Index Name": "keyword_id_movie_keyword", "Relation Name": "movie_keyword", "Alias": "mk", "Startup Cost": 0.0, "Total Cost": 136.88, "Plan Rows": 33, "Plan Width": 8, "Actual Startup Time": 0.015, "Actual Total Time": 37.044, "Actual Rows": 41840, "Actual Loops": 1, "Index Cond": "(keyword_id = k.id)", "Rows Removed by Index Recheck": 0}]}, {"Node Type": "Index Scan", "Parent Relationship": "Inner", "Scan Direction": "Forward", "Index Name": "movie_id_movie_companies", "Relation Name": "movie_companies", "Alias": "mc", "Startup Cost": 0.0, "Total Cost": 0.31, "Plan Rows": 2, "Plan Width": 8, "Actual Startup Time": 150.187, "Actual Total Time": 222.909, "Actual Rows": 148552, "Actual Loops": 41840, "Index Cond": "(movie_id = mk.movie_id)", "Rows Removed by Index Recheck": 0}]}, {"Node Type": "Index Scan", "Parent Relationship": "Inner", "Scan Direction": "Forward", "Index Name": "company_name_pkey", "Relation Name": "company_name", "Alias": "cn", "Startup Cost": 0.0, "Total Cost": 0.28, "Plan Rows": 1, "Plan Width": 4, "Actual Startup Time": 562.098, "Actual Total Time": 562.098, "Actual Rows": 5228, "Actual Loops": 148552, "Index Cond": "(id = mc.company_id)", "Rows Removed by Index Recheck": 0, "Filter": "((country_code)::text = '[nl]'::text)", "Rows Removed by Filter": 143324}]}, {"Node Type": "Index Scan", "Parent Relationship": "Inner", "Scan Direction": "Forward", "Index Name": "title_pkey", "Relation Name": "title", "Alias": "t", "Startup Cost": 0.0, "Total Cost": 0.31, "Plan Rows": 1, "Plan Width": 21, "Actual Startup Time": 21.503, "Actual Total Time": 21.503, "Actual Rows": 5228, "Actual Loops": 5228, "Index Cond": "(id = mk.movie_id)", "Rows Removed by Index Recheck": 0}]}]}, "Triggers": [], "Planner Runtime": 9.208, "Total Runtime": 1104.346, "Unique SQL Id": 2804875951}}, "(1, '90')": {"explain_plan": {"Plan": {"Node Type": "Aggregate", "Strategy": "Plain", "Startup Cost": 1271195.01, "Total Cost": 1271195.02, "Plan Rows": 1, "Plan Width": 49, "Plans": [{"Node Type": "Merge Join", "Parent Relationship": "Outer", "Join Type": "Inner", "Startup Cost": 1258396.7, "Total Cost": 1271195.0, "Plan Rows": 2, "Plan Width": 17, "Inner Unique": true, "Merge Cond": "(mc.movie_id = t.id)", "Plans": [{"Node Type": "Merge Join", "Parent Relationship": "Outer", "Join Type": "Inner", "Startup Cost": 929444.69, "Total Cost": 929613.81, "Plan Rows": 2, "Plan Width": 8, "Inner Unique": false, "Merge Cond": "(mk.movie_id = mc.movie_id)", "Plans": [{"Node Type": "Sort", "Parent Relationship": "Outer", "Startup Cost": 587599.24, "Total Cost": 587599.32, "Plan Rows": 33, "Plan Width": 4, "Sort Key": ["mk.movie_id"], "Plans": [{"Node Type": "Merge Join", "Parent Relationship": "Outer", "Join Type": "Inner", "Startup Cost": 564978.42, "Total Cost": 587598.4, "Plan Rows": 33, "Plan Width": 4, "Inner Unique": false, "Merge Cond": "(k.id = mk.keyword_id)", "Plans": [{"Node Type": "Sort", "Parent Relationship": "Outer", "Startup Cost": 2436.12, "Total Cost": 2436.13, "Plan Rows": 1, "Plan Width": 4, "Sort Key": ["k.id"], "Plans": [{"Node Type": "Seq Scan", "Parent Relationship": "Outer", "Relation Name": "keyword", "Alias": "k", "Startup Cost": 0.0, "Total Cost": 2436.11, "Plan Rows": 1, "Plan Width": 4, "Filter": "((keyword)::text = 'character-name-in-title'::text)"}]}, {"Node Type": "Sort", "Parent Relationship": "Inner", "Startup Cost": 562542.3, "Total Cost": 573852.12, "Plan Rows": 4523929, "Plan Width": 8, "Sort Key": ["mk.keyword_id"], "Plans": [{"Node Type": "Seq Scan", "Parent Relationship": "Outer", "Relation Name": "movie_keyword", "Alias": "mk", "Startup Cost": 0.0, "Total Cost": 62441.29, "Plan Rows": 4523929, "Plan Width": 8}]}]}]}, {"Node Type": "Sort", "Parent Relationship": "Inner", "Startup Cost": 341845.44, "Total Cost": 341929.75, "Plan Rows": 33725, "Plan Width": 4, "Sort Key": ["mc.movie_id"], "Plans": [{"Node Type": "Merge Join", "Parent Relationship": "Outer", "Join Type": "Inner", "Startup Cost": 326253.95, "Total Cost": 339309.06, "Plan Rows": 33725, "Plan Width": 4, "Inner Unique": false, "Merge Cond": "(cn.id = mc.company_id)", "Plans": [{"Node Type": "Sort", "Parent Relationship": "Outer", "Startup Cost": 6028.1, "Total Cost": 6033.7, "Plan Rows": 2240, "Plan Width": 4, "Sort Key": ["cn.id"], "Plans": [{"Node Type": "Seq Scan", "Parent Relationship": "Outer", "Relation Name": "company_name", "Alias": "cn", "Startup Cost": 0.0, "Total Cost": 5903.45, "Plan Rows": 2240, "Plan Width": 4, "Filter": "((country_code)::text = '[nl]'::text)"}]}, {"Node Type": "Sort", "Parent Relationship": "Inner", "Startup Cost": 319886.87, "Total Cost": 326409.69, "Plan Rows": 2609128, "Plan Width": 8, "Sort Key": ["mc.company_id"], "Plans": [{"Node Type": "Seq Scan", "Parent Relationship": "Outer", "Relation Name": "movie_companies", "Alias": "mc", "Startup Cost": 0.0, "Total Cost": 41817.28, "Plan Rows": 2609128, "Plan Width": 8}]}]}]}]}, {"Node Type": "Sort", "Parent Relationship": "Inner", "Startup Cost": 328951.73, "Total Cost": 335272.51, "Plan Rows": 2528311, "Plan Width": 21, "Sort Key": ["t.id"], "Plans": [{"Node Type": "Seq Scan", "Parent Relationship": "Outer", "Relation Name": "title", "Alias": "t", "Startup Cost": 0.0, "Total Cost": 60069.11, "Plan Rows": 2528311, "Plan Width": 21}]}]}]}, "Unique SQL Id": 2804875951, "Planner Runtime": 7}, "explain_analyze_plan": null}, "(1, '91')": {"explain_plan": {"Plan": {"Node Type": "Aggregate", "Strategy": "Plain", "Startup Cost": 4998933765319.64, "Total Cost": 4998933765319.65, "Plan Rows": 1, "Plan Width": 49, "Plans": [{"Node Type": "Merge Join", "Parent Relationship": "Outer", "Join Type": "Inner", "Startup Cost": 4009893449254.55, "Total Cost": 4998933765319.64, "Plan Rows": 2, "Plan Width": 17, "Inner Unique": true, "Merge Cond": "(mc.movie_id = t.id)", "Plans": [{"Node Type": "Sort", "Parent Relationship": "Outer", "Startup Cost": 3999871521328.35, "Total Cost": 3999871521328.35, "Plan Rows": 2, "Plan Width": 8, "Sort Key": ["mc.movie_id"], "Plans": [{"Node Type": "Merge Join", "Parent Relationship": "Outer", "Join Type": "Inner", "Startup Cost": 3009871201696.09, "Total Cost": 3999871521328.34, "Plan Rows": 2, "Plan Width": 8, "Inner Unique": true, "Merge Cond": "(mk.keyword_id = k.id)", "Plans": [{"Node Type": "Sort", "Parent Relationship": "Outer", "Startup Cost": 2999871201696.09, "Total Cost": 2999871202376.36, "Plan Rows": 272107, "Plan Width": 12, "Sort Key": ["mk.keyword_id"], "Plans": [{"Node Type": "Merge Join", "Parent Relationship": "Outer", "Join Type": "Inner", "Startup Cost": 2010013426891.02, "Total Cost": 2999871177133.24, "Plan Rows": 272107, "Plan Width": 12, "Inner Unique": false, "Merge Cond": "(mc.movie_id = mk.movie_id)", "Plans": [{"Node Type": "Sort", "Parent Relationship": "Outer", "Startup Cost": 2000013426891.0, "Total Cost": 2000013426975.31, "Plan Rows": 33725, "Plan Width": 4, "Sort Key": ["mc.movie_id"], "Plans": [{"Node Type": "Merge Join", "Parent Relationship": "Outer", "Join Type": "Inner", "Startup Cost": 45724640147.62, "Total Cost": 2000013424354.62, "Plan Rows": 33725, "Plan Width": 4, "Inner Unique": false, "Merge Cond": "(cn.id = mc.company_id)", "Plans": [{"Node Type": "Index Scan", "Parent Relationship": "Outer", "Scan Direction": "Forward", "Index Name": "company_name_pkey", "Relation Name": "company_name", "Alias": "cn", "Startup Cost": 10000000000.0, "Total Cost": 1000001050138.97, "Plan Rows": 2240, "Plan Width": 4, "Filter": "((country_code)::text = '[nl]'::text)"}, {"Node Type": "Index Scan", "Parent Relationship": "Inner", "Scan Direction": "Forward", "Index Name": "company_id_movie_companies", "Relation Name": "movie_companies", "Alias": "mc", "Startup Cost": 10000000000.0, "Total Cost": 1000012367349.98, "Plan Rows": 2609128, "Plan Width": 8}]}]}, {"Node Type": "Index Scan", "Parent Relationship": "Inner", "Scan Direction": "Forward", "Index Name": "movie_id_movie_keyword", "Relation Name": "movie_keyword", "Alias": "mk", "Startup Cost": 10000000000.0, "Total Cost": 1000015300634.17, "Plan Rows": 4523929, "Plan Width": 8}]}]}, {"Node Type": "Materialize", "Parent Relationship": "Inner", "Startup Cost": 10000000000.0, "Total Cost": 1000000318271.69, "Plan Rows": 1, "Plan Width": 4, "Plans": [{"Node Type": "Index Scan", "Parent Relationship": "Outer", "Scan Direction": "Forward", "Index Name": "keyword_pkey", "Relation Name": "keyword", "Alias": "k", "Startup Cost": 10000000000.0, "Total Cost": 1000000318271.68, "Plan Rows": 1, "Plan Width": 4, "Filter": "((keyword)::text = 'character-name-in-title'::text)"}]}]}]}, {"Node Type": "Index Scan", "Parent Relationship": "Inner", "Scan Direction": "Forward", "Index Name": "title_pkey", "Relation Name": "title", "Alias": "t", "Startup Cost": 10000000000.0, "Total Cost": 1000011012048.91, "Plan Rows": 2528311, "Plan Width": 21}]}]}, "Unique SQL Id": 2804875951, "Planner Runtime": 13}, "explain_analyze_plan": null}, "(1, '92')": {"explain_plan": {"Plan": {"Node Type": "Aggregate", "Strategy": "Plain", "Startup Cost": 2605.07, "Total Cost": 2605.08, "Plan Rows": 1, "Plan Width": 49, "Plans": [{"Node Type": "Nested Loop", "Parent Relationship": "Outer", "Join Type": "Inner", "Startup Cost": 0.0, "Total Cost": 2605.07, "Plan Rows": 2, "Plan Width": 17, "Inner Unique": true, "Join Filter": "(mc.movie_id = t.id)", "Plans": [{"Node Type": "Nested Loop", "Parent Relationship": "Outer", "Join Type": "Inner", "Startup Cost": 0.0, "Total Cost": 2604.42, "Plan Rows": 2, "Plan Width": 8, "Inner Unique": true, "Plans": [{"Node Type": "Nested Loop", "Parent Relationship": "Outer", "Join Type": "Inner", "Startup Cost": 0.0, "Total Cost": 2584.29, "Plan Rows": 70, "Plan Width": 12, "Inner Unique": false, "Plans": [{"Node Type": "Nested Loop", "Parent Relationship": "Outer", "Join Type": "Inner", "Startup Cost": 0.0, "Total Cost": 2573.32, "Plan Rows": 33, "Plan Width": 4, "Inner Unique": false, "Plans": [{"Node Type": "Seq Scan", "Parent Relationship": "Outer", "Relation Name": "keyword", "Alias": "k", "Startup Cost": 0.0, "Total Cost": 2436.11, "Plan Rows": 1, "Plan Width": 4, "Filter": "((keyword)::text = 'character-name-in-title'::text)"}, {"Node Type": "Index Scan", "Parent Relationship": "Inner", "Scan Direction": "Forward", "Index Name": "keyword_id_movie_keyword", "Relation Name": "movie_keyword", "Alias": "mk", "Startup Cost": 0.0, "Total Cost": 136.88, "Plan Rows": 33, "Plan Width": 8, "Index Cond": "(keyword_id = k.id)"}]}, {"Node Type": "Index Scan", "Parent Relationship": "Inner", "Scan Direction": "Forward", "Index Name": "movie_id_movie_companies", "Relation Name": "movie_companies", "Alias": "mc", "Startup Cost": 0.0, "Total Cost": 0.31, "Plan Rows": 2, "Plan Width": 8, "Index Cond": "(movie_id = mk.movie_id)"}]}, {"Node Type": "Index Scan", "Parent Relationship": "Inner", "Scan Direction": "Forward", "Index Name": "company_name_pkey", "Relation Name": "company_name", "Alias": "cn", "Startup Cost": 0.0, "Total Cost": 0.28, "Plan Rows": 1, "Plan Width": 4, "Index Cond": "(id = mc.company_id)", "Filter": "((country_code)::text = '[nl]'::text)"}]}, {"Node Type": "Index Scan", "Parent Relationship": "Inner", "Scan Direction": "Forward", "Index Name": "title_pkey", "Relation Name": "title", "Alias": "t", "Startup Cost": 0.0, "Total Cost": 0.31, "Plan Rows": 1, "Plan Width": 21, "Index Cond": "(id = mk.movie_id)"}]}]}, "Unique SQL Id": 2804875951, "Planner Runtime": 8}, "explain_analyze_plan": {"Plan": {"Node Type": "Aggregate", "Strategy": "Plain", "Startup Cost": 2605.07, "Total Cost": 2605.08, "Plan Rows": 1, "Plan Width": 49, "Actual Startup Time": 1018.693, "Actual Total Time": 1018.694, "Actual Rows": 1, "Actual Loops": 1, "Plans": [{"Node Type": "Nested Loop", "Parent Relationship": "Outer", "Join Type": "Inner", "Startup Cost": 0.0, "Total Cost": 2605.07, "Plan Rows": 2, "Plan Width": 17, "Actual Startup Time": 4.88, "Actual Total Time": 1015.562, "Actual Rows": 5228, "Actual Loops": 1, "Inner Unique": true, "Join Filter": "(mc.movie_id = t.id)", "Rows Removed by Join Filter": 0, "Plans": [{"Node Type": "Nested Loop", "Parent Relationship": "Outer", "Join Type": "Inner", "Startup Cost": 0.0, "Total Cost": 2604.42, "Plan Rows": 2, "Plan Width": 8, "Actual Startup Time": 4.865, "Actual Total Time": 988.098, "Actual Rows": 5228, "Actual Loops": 1, "Inner Unique": true, "Plans": [{"Node Type": "Nested Loop", "Parent Relationship": "Outer", "Join Type": "Inner", "Startup Cost": 0.0, "Total Cost": 2584.29, "Plan Rows": 70, "Plan Width": 12, "Actual Startup Time": 1.836, "Actual Total Time": 368.761, "Actual Rows": 148552, "Actual Loops": 1, "Inner Unique": false, "Plans": [{"Node Type": "Nested Loop", "Parent Relationship": "Outer", "Join Type": "Inner", "Startup Cost": 0.0, "Total Cost": 2573.32, "Plan Rows": 33, "Plan Width": 4, "Actual Startup Time": 1.817, "Actual Total Time": 90.483, "Actual Rows": 41840, "Actual Loops": 1, "Inner Unique": false, "Plans": [{"Node Type": "Seq Scan", "Parent Relationship": "Outer", "Relation Name": "keyword", "Alias": "k", "Startup Cost": 0.0, "Total Cost": 2436.11, "Plan Rows": 1, "Plan Width": 4, "Actual Startup Time": 1.79, "Actual Total Time": 42.521, "Actual Rows": 1, "Actual Loops": 1, "Filter": "((keyword)::text = 'character-name-in-title'::text)", "Rows Removed by Filter": 134168}, {"Node Type": "Index Scan", "Parent Relationship": "Inner", "Scan Direction": "Forward", "Index Name": "keyword_id_movie_keyword", "Relation Name": "movie_keyword", "Alias": "mk", "Startup Cost": 0.0, "Total Cost": 136.88, "Plan Rows": 33, "Plan Width": 8, "Actual Startup Time": 0.021, "Actual Total Time": 38.672, "Actual Rows": 41840, "Actual Loops": 1, "Index Cond": "(keyword_id = k.id)", "Rows Removed by Index Recheck": 0}]}, {"Node Type": "Index Scan", "Parent Relationship": "Inner", "Scan Direction": "Forward", "Index Name": "movie_id_movie_companies", "Relation Name": "movie_companies", "Alias": "mc", "Startup Cost": 0.0, "Total Cost": 0.31, "Plan Rows": 2, "Plan Width": 8, "Actual Startup Time": 149.771, "Actual Total Time": 222.908, "Actual Rows": 148552, "Actual Loops": 41840, "Index Cond": "(movie_id = mk.movie_id)", "Rows Removed by Index Recheck": 0}]}, {"Node Type": "Index Scan", "Parent Relationship": "Inner", "Scan Direction": "Forward", "Index Name": "company_name_pkey", "Relation Name": "company_name", "Alias": "cn", "Startup Cost": 0.0, "Total Cost": 0.28, "Plan Rows": 1, "Plan Width": 4, "Actual Startup Time": 548.889, "Actual Total Time": 548.889, "Actual Rows": 5228, "Actual Loops": 148552, "Index Cond": "(id = mc.company_id)", "Rows Removed by Index Recheck": 0, "Filter": "((country_code)::text = '[nl]'::text)", "Rows Removed by Filter": 143324}]}, {"Node Type": "Index Scan", "Parent Relationship": "Inner", "Scan Direction": "Forward", "Index Name": "title_pkey", "Relation Name": "title", "Alias": "t", "Startup Cost": 0.0, "Total Cost": 0.31, "Plan Rows": 1, "Plan Width": 21, "Actual Startup Time": 21.677, "Actual Total Time": 21.677, "Actual Rows": 5228, "Actual Loops": 5228, "Index Cond": "(id = mk.movie_id)", "Rows Removed by Index Recheck": 0}]}]}, "Triggers": [], "Planner Runtime": 9.006, "Total Runtime": 1018.947, "Unique SQL Id": 2804875951}}, "(1, '93')": {"explain_plan": {"Plan": {"Node Type": "Aggregate", "Strategy": "Plain", "Startup Cost": 3351.67, "Total Cost": 3351.68, "Plan Rows": 1, "Plan Width": 49, "Plans": [{"Node Type": "Nested Loop", "Parent Relationship": "Outer", "Join Type": "Inner", "Startup Cost": 0.0, "Total Cost": 3351.67, "Plan Rows": 2, "Plan Width": 17, "Inner Unique": true, "Join Filter": "(mc.movie_id = t.id)", "Plans": [{"Node Type": "Nested Loop", "Parent Relationship": "Outer", "Join Type": "Inner", "Startup Cost": 0.0, "Total Cost": 3351.03, "Plan Rows": 2, "Plan Width": 8, "Inner Unique": true, "Plans": [{"Node Type": "Nested Loop", "Parent Relationship": "Outer", "Join Type": "Inner", "Startup Cost": 0.0, "Total Cost": 3330.89, "Plan Rows": 70, "Plan Width": 12, "Inner Unique": false, "Plans": [{"Node Type": "Nested Loop", "Parent Relationship": "Outer", "Join Type": "Inner", "Startup Cost": 0.0, "Total Cost": 3319.92, "Plan Rows": 33, "Plan Width": 4, "Inner Unique": false, "Plans": [{"Node Type": "Index Scan", "Parent Relationship": "Outer", "Scan Direction": "Forward", "Index Name": "keyword_pkey", "Relation Name": "keyword", "Alias": "k", "Startup Cost": 0.0, "Total Cost": 3182.72, "Plan Rows": 1, "Plan Width": 4, "Filter": "((keyword)::text = 'character-name-in-title'::text)"}, {"Node Type": "Index Scan", "Parent Relationship": "Inner", "Scan Direction": "Forward", "Index Name": "keyword_id_movie_keyword", "Relation Name": "movie_keyword", "Alias": "mk", "Startup Cost": 0.0, "Total Cost": 136.88, "Plan Rows": 33, "Plan Width": 8, "Index Cond": "(keyword_id = k.id)"}]}, {"Node Type": "Index Scan", "Parent Relationship": "Inner", "Scan Direction": "Forward", "Index Name": "movie_id_movie_companies", "Relation Name": "movie_companies", "Alias": "mc", "Startup Cost": 0.0, "Total Cost": 0.31, "Plan Rows": 2, "Plan Width": 8, "Index Cond": "(movie_id = mk.movie_id)"}]}, {"Node Type": "Index Scan", "Parent Relationship": "Inner", "Scan Direction": "Forward", "Index Name": "company_name_pkey", "Relation Name": "company_name", "Alias": "cn", "Startup Cost": 0.0, "Total Cost": 0.28, "Plan Rows": 1, "Plan Width": 4, "Index Cond": "(id = mc.company_id)", "Filter": "((country_code)::text = '[nl]'::text)"}]}, {"Node Type": "Index Scan", "Parent Relationship": "Inner", "Scan Direction": "Forward", "Index Name": "title_pkey", "Relation Name": "title", "Alias": "t", "Startup Cost": 0.0, "Total Cost": 0.31, "Plan Rows": 1, "Plan Width": 21, "Index Cond": "(id = mk.movie_id)"}]}]}, "Unique SQL Id": 2804875951, "Planner Runtime": 8}, "explain_analyze_plan": {"Plan": {"Node Type": "Aggregate", "Strategy": "Plain", "Startup Cost": 3351.67, "Total Cost": 3351.68, "Plan Rows": 1, "Plan Width": 49, "Actual Startup Time": 1104.099, "Actual Total Time": 1104.099, "Actual Rows": 1, "Actual Loops": 1, "Plans": [{"Node Type": "Nested Loop", "Parent Relationship": "Outer", "Join Type": "Inner", "Startup Cost": 0.0, "Total Cost": 3351.67, "Plan Rows": 2, "Plan Width": 17, "Actual Startup Time": 3.277, "Actual Total Time": 1101.041, "Actual Rows": 5228, "Actual Loops": 1, "Inner Unique": true, "Join Filter": "(mc.movie_id = t.id)", "Rows Removed by Join Filter": 0, "Plans": [{"Node Type": "Nested Loop", "Parent Relationship": "Outer", "Join Type": "Inner", "Startup Cost": 0.0, "Total Cost": 3351.03, "Plan Rows": 2, "Plan Width": 8, "Actual Startup Time": 3.261, "Actual Total Time": 1073.962, "Actual Rows": 5228, "Actual Loops": 1, "Inner Unique": true, "Plans": [{"Node Type": "Nested Loop", "Parent Relationship": "Outer", "Join Type": "Inner", "Startup Cost": 0.0, "Total Cost": 3330.89, "Plan Rows": 70, "Plan Width": 12, "Actual Startup Time": 0.244, "Actual Total Time": 439.938, "Actual Rows": 148552, "Actual Loops": 1, "Inner Unique": false, "Plans": [{"Node Type": "Nested Loop", "Parent Relationship": "Outer", "Join Type": "Inner", "Startup Cost": 0.0, "Total Cost": 3319.92, "Plan Rows": 33, "Plan Width": 4, "Actual Startup Time": 0.228, "Actual Total Time": 160.992, "Actual Rows": 41840, "Actual Loops": 1, "Inner Unique": false, "Plans": [{"Node Type": "Index Scan", "Parent Relationship": "Outer", "Scan Direction": "Forward", "Index Name": "keyword_pkey", "Relation Name": "keyword", "Alias": "k", "Startup Cost": 0.0, "Total Cost": 3182.72, "Plan Rows": 1, "Plan Width": 4, "Actual Startup Time": 0.209, "Actual Total Time": 114.577, "Actual Rows": 1, "Actual Loops": 1, "Filter": "((keyword)::text = 'character-name-in-title'::text)", "Rows Removed by Filter": 134168}, {"Node Type": "Index Scan", "Parent Relationship": "Inner", "Scan Direction": "Forward", "Index Name": "keyword_id_movie_keyword", "Relation Name": "movie_keyword", "Alias": "mk", "Startup Cost": 0.0, "Total Cost": 136.88, "Plan Rows": 33, "Plan Width": 8, "Actual Startup Time": 0.015, "Actual Total Time": 37.044, "Actual Rows": 41840, "Actual Loops": 1, "Index Cond": "(keyword_id = k.id)", "Rows Removed by Index Recheck": 0}]}, {"Node Type": "Index Scan", "Parent Relationship": "Inner", "Scan Direction": "Forward", "Index Name": "movie_id_movie_companies", "Relation Name": "movie_companies", "Alias": "mc", "Startup Cost": 0.0, "Total Cost": 0.31, "Plan Rows": 2, "Plan Width": 8, "Actual Startup Time": 150.187, "Actual Total Time": 222.909, "Actual Rows": 148552, "Actual Loops": 41840, "Index Cond": "(movie_id = mk.movie_id)", "Rows Removed by Index Recheck": 0}]}, {"Node Type": "Index Scan", "Parent Relationship": "Inner", "Scan Direction": "Forward", "Index Name": "company_name_pkey", "Relation Name": "company_name", "Alias": "cn", "Startup Cost": 0.0, "Total Cost": 0.28, "Plan Rows": 1, "Plan Width": 4, "Actual Startup Time": 562.098, "Actual Total Time": 562.098, "Actual Rows": 5228, "Actual Loops": 148552, "Index Cond": "(id = mc.company_id)", "Rows Removed by Index Recheck": 0, "Filter": "((country_code)::text = '[nl]'::text)", "Rows Removed by Filter": 143324}]}, {"Node Type": "Index Scan", "Parent Relationship": "Inner", "Scan Direction": "Forward", "Index Name": "title_pkey", "Relation Name": "title", "Alias": "t", "Startup Cost": 0.0, "Total Cost": 0.31, "Plan Rows": 1, "Plan Width": 21, "Actual Startup Time": 21.503, "Actual Total Time": 21.503, "Actual Rows": 5228, "Actual Loops": 5228, "Index Cond": "(id = mk.movie_id)", "Rows Removed by Index Recheck": 0}]}]}, "Triggers": [], "Planner Runtime": 9.208, "Total Runtime": 1104.346, "Unique SQL Id": 2804875951}}, "(1, '94')": {"explain_plan": {"Plan": {"Node Type": "Aggregate", "Strategy": "Plain", "Startup Cost": 1271195.01, "Total Cost": 1271195.02, "Plan Rows": 1, "Plan Width": 49, "Plans": [{"Node Type": "Merge Join", "Parent Relationship": "Outer", "Join Type": "Inner", "Startup Cost": 1258396.7, "Total Cost": 1271195.0, "Plan Rows": 2, "Plan Width": 17, "Inner Unique": true, "Merge Cond": "(mc.movie_id = t.id)", "Plans": [{"Node Type": "Merge Join", "Parent Relationship": "Outer", "Join Type": "Inner", "Startup Cost": 929444.69, "Total Cost": 929613.81, "Plan Rows": 2, "Plan Width": 8, "Inner Unique": false, "Merge Cond": "(mk.movie_id = mc.movie_id)", "Plans": [{"Node Type": "Sort", "Parent Relationship": "Outer", "Startup Cost": 587599.24, "Total Cost": 587599.32, "Plan Rows": 33, "Plan Width": 4, "Sort Key": ["mk.movie_id"], "Plans": [{"Node Type": "Merge Join", "Parent Relationship": "Outer", "Join Type": "Inner", "Startup Cost": 564978.42, "Total Cost": 587598.4, "Plan Rows": 33, "Plan Width": 4, "Inner Unique": false, "Merge Cond": "(k.id = mk.keyword_id)", "Plans": [{"Node Type": "Sort", "Parent Relationship": "Outer", "Startup Cost": 2436.12, "Total Cost": 2436.13, "Plan Rows": 1, "Plan Width": 4, "Sort Key": ["k.id"], "Plans": [{"Node Type": "Seq Scan", "Parent Relationship": "Outer", "Relation Name": "keyword", "Alias": "k", "Startup Cost": 0.0, "Total Cost": 2436.11, "Plan Rows": 1, "Plan Width": 4, "Filter": "((keyword)::text = 'character-name-in-title'::text)"}]}, {"Node Type": "Sort", "Parent Relationship": "Inner", "Startup Cost": 562542.3, "Total Cost": 573852.12, "Plan Rows": 4523929, "Plan Width": 8, "Sort Key": ["mk.keyword_id"], "Plans": [{"Node Type": "Seq Scan", "Parent Relationship": "Outer", "Relation Name": "movie_keyword", "Alias": "mk", "Startup Cost": 0.0, "Total Cost": 62441.29, "Plan Rows": 4523929, "Plan Width": 8}]}]}]}, {"Node Type": "Sort", "Parent Relationship": "Inner", "Startup Cost": 341845.44, "Total Cost": 341929.75, "Plan Rows": 33725, "Plan Width": 4, "Sort Key": ["mc.movie_id"], "Plans": [{"Node Type": "Merge Join", "Parent Relationship": "Outer", "Join Type": "Inner", "Startup Cost": 326253.95, "Total Cost": 339309.06, "Plan Rows": 33725, "Plan Width": 4, "Inner Unique": false, "Merge Cond": "(cn.id = mc.company_id)", "Plans": [{"Node Type": "Sort", "Parent Relationship": "Outer", "Startup Cost": 6028.1, "Total Cost": 6033.7, "Plan Rows": 2240, "Plan Width": 4, "Sort Key": ["cn.id"], "Plans": [{"Node Type": "Seq Scan", "Parent Relationship": "Outer", "Relation Name": "company_name", "Alias": "cn", "Startup Cost": 0.0, "Total Cost": 5903.45, "Plan Rows": 2240, "Plan Width": 4, "Filter": "((country_code)::text = '[nl]'::text)"}]}, {"Node Type": "Sort", "Parent Relationship": "Inner", "Startup Cost": 319886.87, "Total Cost": 326409.69, "Plan Rows": 2609128, "Plan Width": 8, "Sort Key": ["mc.company_id"], "Plans": [{"Node Type": "Seq Scan", "Parent Relationship": "Outer", "Relation Name": "movie_companies", "Alias": "mc", "Startup Cost": 0.0, "Total Cost": 41817.28, "Plan Rows": 2609128, "Plan Width": 8}]}]}]}]}, {"Node Type": "Sort", "Parent Relationship": "Inner", "Startup Cost": 328951.73, "Total Cost": 335272.51, "Plan Rows": 2528311, "Plan Width": 21, "Sort Key": ["t.id"], "Plans": [{"Node Type": "Seq Scan", "Parent Relationship": "Outer", "Relation Name": "title", "Alias": "t", "Startup Cost": 0.0, "Total Cost": 60069.11, "Plan Rows": 2528311, "Plan Width": 21}]}]}]}, "Unique SQL Id": 2804875951, "Planner Runtime": 7}, "explain_analyze_plan": null}, "(1, '95')": {"explain_plan": {"Plan": {"Node Type": "Aggregate", "Strategy": "Plain", "Startup Cost": 4998933765319.64, "Total Cost": 4998933765319.65, "Plan Rows": 1, "Plan Width": 49, "Plans": [{"Node Type": "Merge Join", "Parent Relationship": "Outer", "Join Type": "Inner", "Startup Cost": 4009893449254.55, "Total Cost": 4998933765319.64, "Plan Rows": 2, "Plan Width": 17, "Inner Unique": true, "Merge Cond": "(mc.movie_id = t.id)", "Plans": [{"Node Type": "Sort", "Parent Relationship": "Outer", "Startup Cost": 3999871521328.35, "Total Cost": 3999871521328.35, "Plan Rows": 2, "Plan Width": 8, "Sort Key": ["mc.movie_id"], "Plans": [{"Node Type": "Merge Join", "Parent Relationship": "Outer", "Join Type": "Inner", "Startup Cost": 3009871201696.09, "Total Cost": 3999871521328.34, "Plan Rows": 2, "Plan Width": 8, "Inner Unique": true, "Merge Cond": "(mk.keyword_id = k.id)", "Plans": [{"Node Type": "Sort", "Parent Relationship": "Outer", "Startup Cost": 2999871201696.09, "Total Cost": 2999871202376.36, "Plan Rows": 272107, "Plan Width": 12, "Sort Key": ["mk.keyword_id"], "Plans": [{"Node Type": "Merge Join", "Parent Relationship": "Outer", "Join Type": "Inner", "Startup Cost": 2010013426891.02, "Total Cost": 2999871177133.24, "Plan Rows": 272107, "Plan Width": 12, "Inner Unique": false, "Merge Cond": "(mc.movie_id = mk.movie_id)", "Plans": [{"Node Type": "Sort", "Parent Relationship": "Outer", "Startup Cost": 2000013426891.0, "Total Cost": 2000013426975.31, "Plan Rows": 33725, "Plan Width": 4, "Sort Key": ["mc.movie_id"], "Plans": [{"Node Type": "Merge Join", "Parent Relationship": "Outer", "Join Type": "Inner", "Startup Cost": 45724640147.62, "Total Cost": 2000013424354.62, "Plan Rows": 33725, "Plan Width": 4, "Inner Unique": false, "Merge Cond": "(cn.id = mc.company_id)", "Plans": [{"Node Type": "Index Scan", "Parent Relationship": "Outer", "Scan Direction": "Forward", "Index Name": "company_name_pkey", "Relation Name": "company_name", "Alias": "cn", "Startup Cost": 10000000000.0, "Total Cost": 1000001050138.97, "Plan Rows": 2240, "Plan Width": 4, "Filter": "((country_code)::text = '[nl]'::text)"}, {"Node Type": "Index Scan", "Parent Relationship": "Inner", "Scan Direction": "Forward", "Index Name": "company_id_movie_companies", "Relation Name": "movie_companies", "Alias": "mc", "Startup Cost": 10000000000.0, "Total Cost": 1000012367349.98, "Plan Rows": 2609128, "Plan Width": 8}]}]}, {"Node Type": "Index Scan", "Parent Relationship": "Inner", "Scan Direction": "Forward", "Index Name": "movie_id_movie_keyword", "Relation Name": "movie_keyword", "Alias": "mk", "Startup Cost": 10000000000.0, "Total Cost": 1000015300634.17, "Plan Rows": 4523929, "Plan Width": 8}]}]}, {"Node Type": "Materialize", "Parent Relationship": "Inner", "Startup Cost": 10000000000.0, "Total Cost": 1000000318271.69, "Plan Rows": 1, "Plan Width": 4, "Plans": [{"Node Type": "Index Scan", "Parent Relationship": "Outer", "Scan Direction": "Forward", "Index Name": "keyword_pkey", "Relation Name": "keyword", "Alias": "k", "Startup Cost": 10000000000.0, "Total Cost": 1000000318271.68, "Plan Rows": 1, "Plan Width": 4, "Filter": "((keyword)::text = 'character-name-in-title'::text)"}]}]}]}, {"Node Type": "Index Scan", "Parent Relationship": "Inner", "Scan Direction": "Forward", "Index Name": "title_pkey", "Relation Name": "title", "Alias": "t", "Startup Cost": 10000000000.0, "Total Cost": 1000011012048.91, "Plan Rows": 2528311, "Plan Width": 21}]}]}, "Unique SQL Id": 2804875951, "Planner Runtime": 12}, "explain_analyze_plan": null}, "(1, '96')": {"explain_plan": {"Plan": {"Node Type": "Aggregate", "Strategy": "Plain", "Startup Cost": 2600.78, "Total Cost": 2600.79, "Plan Rows": 1, "Plan Width": 49, "Plans": [{"Node Type": "Nested Loop", "Parent Relationship": "Outer", "Join Type": "Inner", "Startup Cost": 4.51, "Total Cost": 2600.77, "Plan Rows": 2, "Plan Width": 17, "Inner Unique": true, "Join Filter": "(mc.movie_id = t.id)", "Plans": [{"Node Type": "Nested Loop", "Parent Relationship": "Outer", "Join Type": "Inner", "Startup Cost": 4.51, "Total Cost": 2600.13, "Plan Rows": 2, "Plan Width": 8, "Inner Unique": true, "Plans": [{"Node Type": "Nested Loop", "Parent Relationship": "Outer", "Join Type": "Inner", "Startup Cost": 4.51, "Total Cost": 2579.99, "Plan Rows": 70, "Plan Width": 12, "Inner Unique": false, "Plans": [{"Node Type": "Nested Loop", "Parent Relationship": "Outer", "Join Type": "Inner", "Startup Cost": 4.51, "Total Cost": 2569.02, "Plan Rows": 33, "Plan Width": 4, "Inner Unique": false, "Plans": [{"Node Type": "Seq Scan", "Parent Relationship": "Outer", "Relation Name": "keyword", "Alias": "k", "Startup Cost": 0.0, "Total Cost": 2436.11, "Plan Rows": 1, "Plan Width": 4, "Filter": "((keyword)::text = 'character-name-in-title'::text)"}, {"Node Type": "Bitmap Heap Scan", "Parent Relationship": "Inner", "Relation Name": "movie_keyword", "Alias": "mk", "Startup Cost": 4.51, "Total Cost": 132.58, "Plan Rows": 33, "Plan Width": 8, "Recheck Cond": "(keyword_id = k.id)", "Plans": [{"Node Type": "Bitmap Index Scan", "Parent Relationship": "Outer", "Index Name": "keyword_id_movie_keyword", "Startup Cost": 0.0, "Total Cost": 4.5, "Plan Rows": 33, "Plan Width": 0, "Index Cond": "(keyword_id = k.id)"}]}]}, {"Node Type": "Index Scan", "Parent Relationship": "Inner", "Scan Direction": "Forward", "Index Name": "movie_id_movie_companies", "Relation Name": "movie_companies", "Alias": "mc", "Startup Cost": 0.0, "Total Cost": 0.31, "Plan Rows": 2, "Plan Width": 8, "Index Cond": "(movie_id = mk.movie_id)"}]}, {"Node Type": "Index Scan", "Parent Relationship": "Inner", "Scan Direction": "Forward", "Index Name": "company_name_pkey", "Relation Name": "company_name", "Alias": "cn", "Startup Cost": 0.0, "Total Cost": 0.28, "Plan Rows": 1, "Plan Width": 4, "Index Cond": "(id = mc.company_id)", "Filter": "((country_code)::text = '[nl]'::text)"}]}, {"Node Type": "Index Scan", "Parent Relationship": "Inner", "Scan Direction": "Forward", "Index Name": "title_pkey", "Relation Name": "title", "Alias": "t", "Startup Cost": 0.0, "Total Cost": 0.31, "Plan Rows": 1, "Plan Width": 21, "Index Cond": "(id = mk.movie_id)"}]}]}, "Unique SQL Id": 2804875951, "Planner Runtime": 3}, "explain_analyze_plan": {"Plan": {"Node Type": "Aggregate", "Strategy": "Plain", "Startup Cost": 2600.78, "Total Cost": 2600.79, "Plan Rows": 1, "Plan Width": 49, "Actual Startup Time": 1030.503, "Actual Total Time": 1030.504, "Actual Rows": 1, "Actual Loops": 1, "Plans": [{"Node Type": "Nested Loop", "Parent Relationship": "Outer", "Join Type": "Inner", "Startup Cost": 4.51, "Total Cost": 2600.77, "Plan Rows": 2, "Plan Width": 17, "Actual Startup Time": 12.804, "Actual Total Time": 1027.312, "Actual Rows": 5228, "Actual Loops": 1, "Inner Unique": true, "Join Filter": "(mc.movie_id = t.id)", "Rows Removed by Join Filter": 0, "Plans": [{"Node Type": "Nested Loop", "Parent Relationship": "Outer", "Join Type": "Inner", "Startup Cost": 4.51, "Total Cost": 2600.13, "Plan Rows": 2, "Plan Width": 8, "Actual Startup Time": 12.789, "Actual Total Time": 999.562, "Actual Rows": 5228, "Actual Loops": 1, "Inner Unique": true, "Plans": [{"Node Type": "Nested Loop", "Parent Relationship": "Outer", "Join Type": "Inner", "Startup Cost": 4.51, "Total Cost": 2579.99, "Plan Rows": 70, "Plan Width": 12, "Actual Startup Time": 9.902, "Actual Total Time": 379.592, "Actual Rows": 148552, "Actual Loops": 1, "Inner Unique": false, "Plans": [{"Node Type": "Nested Loop", "Parent Relationship": "Outer", "Join Type": "Inner", "Startup Cost": 4.51, "Total Cost": 2569.02, "Plan Rows": 33, "Plan Width": 4, "Actual Startup Time": 9.868, "Actual Total Time": 99.354, "Actual Rows": 41840, "Actual Loops": 1, "Inner Unique": false, "Plans": [{"Node Type": "Seq Scan", "Parent Relationship": "Outer", "Relation Name": "keyword", "Alias": "k", "Startup Cost": 0.0, "Total Cost": 2436.11, "Plan Rows": 1, "Plan Width": 4, "Actual Startup Time": 1.773, "Actual Total Time": 43.194, "Actual Rows": 1, "Actual Loops": 1, "Filter": "((keyword)::text = 'character-name-in-title'::text)", "Rows Removed by Filter": 134168}, {"Node Type": "Bitmap Heap Scan", "Parent Relationship": "Inner", "Relation Name": "movie_keyword", "Alias": "mk", "Startup Cost": 4.51, "Total Cost": 132.58, "Plan Rows": 33, "Plan Width": 8, "Actual Startup Time": 8.084, "Actual Total Time": 47.664, "Actual Rows": 41840, "Actual Loops": 1, "Recheck Cond": "(keyword_id = k.id)", "Rows Removed by Index Recheck": 0, "Exact Heap Blocks": 9702, "Lossy Heap Blocks": 9702, "Plans": [{"Node Type": "Bitmap Index Scan", "Parent Relationship": "Outer", "Index Name": "keyword_id_movie_keyword", "Startup Cost": 0.0, "Total Cost": 4.5, "Plan Rows": 33, "Plan Width": 0, "Actual Startup Time": 6.347, "Actual Total Time": 6.347, "Actual Rows": 41840, "Actual Loops": 1, "Index Cond": "(keyword_id = k.id)"}]}]}, {"Node Type": "Index Scan", "Parent Relationship": "Inner", "Scan Direction": "Forward", "Index Name": "movie_id_movie_companies", "Relation Name": "movie_companies", "Alias": "mc", "Startup Cost": 0.0, "Total Cost": 0.31, "Plan Rows": 2, "Plan Width": 8, "Actual Startup Time": 150.532, "Actual Total Time": 224.079, "Actual Rows": 148552, "Actual Loops": 41840, "Index Cond": "(movie_id = mk.movie_id)", "Rows Removed by Index Recheck": 0}]}, {"Node Type": "Index Scan", "Parent Relationship": "Inner", "Scan Direction": "Forward", "Index Name": "company_name_pkey", "Relation Name": "company_name", "Alias": "cn", "Startup Cost": 0.0, "Total Cost": 0.28, "Plan Rows": 1, "Plan Width": 4, "Actual Startup Time": 548.003, "Actual Total Time": 548.003, "Actual Rows": 5228, "Actual Loops": 148552, "Index Cond": "(id = mc.company_id)", "Rows Removed by Index Recheck": 0, "Filter": "((country_code)::text = '[nl]'::text)", "Rows Removed by Filter": 143324}]}, {"Node Type": "Index Scan", "Parent Relationship": "Inner", "Scan Direction": "Forward", "Index Name": "title_pkey", "Relation Name": "title", "Alias": "t", "Startup Cost": 0.0, "Total Cost": 0.31, "Plan Rows": 1, "Plan Width": 21, "Actual Startup Time": 21.778, "Actual Total Time": 21.778, "Actual Rows": 5228, "Actual Loops": 5228, "Index Cond": "(id = mk.movie_id)", "Rows Removed by Index Recheck": 0}]}]}, "Triggers": [], "Planner Runtime": 9.476, "Total Runtime": 1030.831, "Unique SQL Id": 2804875951}}, "(1, '97')": {"explain_plan": {"Plan": {"Node Type": "Aggregate", "Strategy": "Plain", "Startup Cost": 3347.38, "Total Cost": 3347.39, "Plan Rows": 1, "Plan Width": 49, "Plans": [{"Node Type": "Nested Loop", "Parent Relationship": "Outer", "Join Type": "Inner", "Startup Cost": 4.51, "Total Cost": 3347.38, "Plan Rows": 2, "Plan Width": 17, "Inner Unique": true, "Join Filter": "(mc.movie_id = t.id)", "Plans": [{"Node Type": "Nested Loop", "Parent Relationship": "Outer", "Join Type": "Inner", "Startup Cost": 4.51, "Total Cost": 3346.73, "Plan Rows": 2, "Plan Width": 8, "Inner Unique": true, "Plans": [{"Node Type": "Nested Loop", "Parent Relationship": "Outer", "Join Type": "Inner", "Startup Cost": 4.51, "Total Cost": 3326.6, "Plan Rows": 70, "Plan Width": 12, "Inner Unique": false, "Plans": [{"Node Type": "Nested Loop", "Parent Relationship": "Outer", "Join Type": "Inner", "Startup Cost": 4.51, "Total Cost": 3315.63, "Plan Rows": 33, "Plan Width": 4, "Inner Unique": false, "Plans": [{"Node Type": "Index Scan", "Parent Relationship": "Outer", "Scan Direction": "Forward", "Index Name": "keyword_pkey", "Relation Name": "keyword", "Alias": "k", "Startup Cost": 0.0, "Total Cost": 3182.72, "Plan Rows": 1, "Plan Width": 4, "Filter": "((keyword)::text = 'character-name-in-title'::text)"}, {"Node Type": "Bitmap Heap Scan", "Parent Relationship": "Inner", "Relation Name": "movie_keyword", "Alias": "mk", "Startup Cost": 4.51, "Total Cost": 132.58, "Plan Rows": 33, "Plan Width": 8, "Recheck Cond": "(keyword_id = k.id)", "Plans": [{"Node Type": "Bitmap Index Scan", "Parent Relationship": "Outer", "Index Name": "keyword_id_movie_keyword", "Startup Cost": 0.0, "Total Cost": 4.5, "Plan Rows": 33, "Plan Width": 0, "Index Cond": "(keyword_id = k.id)"}]}]}, {"Node Type": "Index Scan", "Parent Relationship": "Inner", "Scan Direction": "Forward", "Index Name": "movie_id_movie_companies", "Relation Name": "movie_companies", "Alias": "mc", "Startup Cost": 0.0, "Total Cost": 0.31, "Plan Rows": 2, "Plan Width": 8, "Index Cond": "(movie_id = mk.movie_id)"}]}, {"Node Type": "Index Scan", "Parent Relationship": "Inner", "Scan Direction": "Forward", "Index Name": "company_name_pkey", "Relation Name": "company_name", "Alias": "cn", "Startup Cost": 0.0, "Total Cost": 0.28, "Plan Rows": 1, "Plan Width": 4, "Index Cond": "(id = mc.company_id)", "Filter": "((country_code)::text = '[nl]'::text)"}]}, {"Node Type": "Index Scan", "Parent Relationship": "Inner", "Scan Direction": "Forward", "Index Name": "title_pkey", "Relation Name": "title", "Alias": "t", "Startup Cost": 0.0, "Total Cost": 0.31, "Plan Rows": 1, "Plan Width": 21, "Index Cond": "(id = mk.movie_id)"}]}]}, "Unique SQL Id": 2804875951, "Planner Runtime": 3}, "explain_analyze_plan": {"Plan": {"Node Type": "Aggregate", "Strategy": "Plain", "Startup Cost": 3347.38, "Total Cost": 3347.39, "Plan Rows": 1, "Plan Width": 49, "Actual Startup Time": 1144.573, "Actual Total Time": 1144.573, "Actual Rows": 1, "Actual Loops": 1, "Plans": [{"Node Type": "Nested Loop", "Parent Relationship": "Outer", "Join Type": "Inner", "Startup Cost": 4.51, "Total Cost": 3347.38, "Plan Rows": 2, "Plan Width": 17, "Actual Startup Time": 13.303, "Actual Total Time": 1141.536, "Actual Rows": 5228, "Actual Loops": 1, "Inner Unique": true, "Join Filter": "(mc.movie_id = t.id)", "Rows Removed by Join Filter": 0, "Plans": [{"Node Type": "Nested Loop", "Parent Relationship": "Outer", "Join Type": "Inner", "Startup Cost": 4.51, "Total Cost": 3346.73, "Plan Rows": 2, "Plan Width": 8, "Actual Startup Time": 13.284, "Actual Total Time": 1112.719, "Actual Rows": 5228, "Actual Loops": 1, "Inner Unique": true, "Plans": [{"Node Type": "Nested Loop", "Parent Relationship": "Outer", "Join Type": "Inner", "Startup Cost": 4.51, "Total Cost": 3326.6, "Plan Rows": 70, "Plan Width": 12, "Actual Startup Time": 10.161, "Actual Total Time": 467.922, "Actual Rows": 148552, "Actual Loops": 1, "Inner Unique": false, "Plans": [{"Node Type": "Nested Loop", "Parent Relationship": "Outer", "Join Type": "Inner", "Startup Cost": 4.51, "Total Cost": 3315.63, "Plan Rows": 33, "Plan Width": 4, "Actual Startup Time": 10.133, "Actual Total Time": 176.342, "Actual Rows": 41840, "Actual Loops": 1, "Inner Unique": false, "Plans": [{"Node Type": "Index Scan", "Parent Relationship": "Outer", "Scan Direction": "Forward", "Index Name": "keyword_pkey", "Relation Name": "keyword", "Alias": "k", "Startup Cost": 0.0, "Total Cost": 3182.72, "Plan Rows": 1, "Plan Width": 4, "Actual Startup Time": 0.204, "Actual Total Time": 116.389, "Actual Rows": 1, "Actual Loops": 1, "Filter": "((keyword)::text = 'character-name-in-title'::text)", "Rows Removed by Filter": 134168}, {"Node Type": "Bitmap Heap Scan", "Parent Relationship": "Inner", "Relation Name": "movie_keyword", "Alias": "mk", "Startup Cost": 4.51, "Total Cost": 132.58, "Plan Rows": 33, "Plan Width": 8, "Actual Startup Time": 9.922, "Actual Total Time": 51.446, "Actual Rows": 41840, "Actual Loops": 1, "Recheck Cond": "(keyword_id = k.id)", "Rows Removed by Index Recheck": 0, "Exact Heap Blocks": 9702, "Lossy Heap Blocks": 9702, "Plans": [{"Node Type": "Bitmap Index Scan", "Parent Relationship": "Outer", "Index Name": "keyword_id_movie_keyword", "Startup Cost": 0.0, "Total Cost": 4.5, "Plan Rows": 33, "Plan Width": 0, "Actual Startup Time": 8.103, "Actual Total Time": 8.103, "Actual Rows": 41840, "Actual Loops": 1, "Index Cond": "(keyword_id = k.id)"}]}]}, {"Node Type": "Index Scan", "Parent Relationship": "Inner", "Scan Direction": "Forward", "Index Name": "movie_id_movie_companies", "Relation Name": "movie_companies", "Alias": "mc", "Startup Cost": 0.0, "Total Cost": 0.31, "Plan Rows": 2, "Plan Width": 8, "Actual Startup Time": 159.044, "Actual Total Time": 235.457, "Actual Rows": 148552, "Actual Loops": 41840, "Index Cond": "(movie_id = mk.movie_id)", "Rows Removed by Index Recheck": 0}]}, {"Node Type": "Index Scan", "Parent Relationship": "Inner", "Scan Direction": "Forward", "Index Name": "company_name_pkey", "Relation Name": "company_name", "Alias": "cn", "Startup Cost": 0.0, "Total Cost": 0.28, "Plan Rows": 1, "Plan Width": 4, "Actual Startup Time": 571.46, "Actual Total Time": 571.46, "Actual Rows": 5228, "Actual Loops": 148552, "Index Cond": "(id = mc.company_id)", "Rows Removed by Index Recheck": 0, "Filter": "((country_code)::text = '[nl]'::text)", "Rows Removed by Filter": 143324}]}, {"Node Type": "Index Scan", "Parent Relationship": "Inner", "Scan Direction": "Forward", "Index Name": "title_pkey", "Relation Name": "title", "Alias": "t", "Startup Cost": 0.0, "Total Cost": 0.31, "Plan Rows": 1, "Plan Width": 21, "Actual Startup Time": 23.224, "Actual Total Time": 23.224, "Actual Rows": 5228, "Actual Loops": 5228, "Index Cond": "(id = mk.movie_id)", "Rows Removed by Index Recheck": 0}]}]}, "Triggers": [], "Planner Runtime": 9.253, "Total Runtime": 1144.942, "Unique SQL Id": 2804875951}}, "(1, '98')": {"explain_plan": {"Plan": {"Node Type": "Aggregate", "Strategy": "Plain", "Startup Cost": 3019.97, "Total Cost": 3019.98, "Plan Rows": 1, "Plan Width": 49, "Plans": [{"Node Type": "Nested Loop", "Parent Relationship": "Outer", "Join Type": "Inner", "Startup Cost": 5.3, "Total Cost": 3019.97, "Plan Rows": 2, "Plan Width": 17, "Inner Unique": true, "Join Filter": "(mc.movie_id = t.id)", "Plans": [{"Node Type": "Nested Loop", "Parent Relationship": "Outer", "Join Type": "Inner", "Startup Cost": 5.04, "Total Cost": 3011.39, "Plan Rows": 2, "Plan Width": 8, "Inner Unique": true, "Plans": [{"Node Type": "Nested Loop", "Parent Relationship": "Outer", "Join Type": "Inner", "Startup Cost": 4.78, "Total Cost": 2711.55, "Plan Rows": 70, "Plan Width": 12, "Inner Unique": false, "Plans": [{"Node Type": "Nested Loop", "Parent Relationship": "Outer", "Join Type": "Inner", "Startup Cost": 4.51, "Total Cost": 2569.02, "Plan Rows": 33, "Plan Width": 4, "Inner Unique": false, "Plans": [{"Node Type": "Seq Scan", "Parent Relationship": "Outer", "Relation Name": "keyword", "Alias": "k", "Startup Cost": 0.0, "Total Cost": 2436.11, "Plan Rows": 1, "Plan Width": 4, "Filter": "((keyword)::text = 'character-name-in-title'::text)"}, {"Node Type": "Bitmap Heap Scan", "Parent Relationship": "Inner", "Relation Name": "movie_keyword", "Alias": "mk", "Startup Cost": 4.51, "Total Cost": 132.58, "Plan Rows": 33, "Plan Width": 8, "Recheck Cond": "(keyword_id = k.id)", "Plans": [{"Node Type": "Bitmap Index Scan", "Parent Relationship": "Outer", "Index Name": "keyword_id_movie_keyword", "Startup Cost": 0.0, "Total Cost": 4.5, "Plan Rows": 33, "Plan Width": 0, "Index Cond": "(keyword_id = k.id)"}]}]}, {"Node Type": "Bitmap Heap Scan", "Parent Relationship": "Inner", "Relation Name": "movie_companies", "Alias": "mc", "Startup Cost": 0.27, "Total Cost": 4.3, "Plan Rows": 2, "Plan Width": 8, "Recheck Cond": "(movie_id = mk.movie_id)", "Plans": [{"Node Type": "Bitmap Index Scan", "Parent Relationship": "Outer", "Index Name": "movie_id_movie_companies", "Startup Cost": 0.0, "Total Cost": 0.27, "Plan Rows": 2, "Plan Width": 0, "Index Cond": "(movie_id = mk.movie_id)"}]}]}, {"Node Type": "Bitmap Heap Scan", "Parent Relationship": "Inner", "Relation Name": "company_name", "Alias": "cn", "Startup Cost": 0.26, "Total Cost": 4.27, "Plan Rows": 1, "Plan Width": 4, "Recheck Cond": "(id = mc.company_id)", "Filter": "((country_code)::text = '[nl]'::text)", "Plans": [{"Node Type": "Bitmap Index Scan", "Parent Relationship": "Outer", "Index Name": "company_name_pkey", "Startup Cost": 0.0, "Total Cost": 0.26, "Plan Rows": 1, "Plan Width": 0, "Index Cond": "(id = mc.company_id)"}]}]}, {"Node Type": "Bitmap Heap Scan", "Parent Relationship": "Inner", "Relation Name": "title", "Alias": "t", "Startup Cost": 0.27, "Total Cost": 4.28, "Plan Rows": 1, "Plan Width": 21, "Recheck Cond": "(id = mk.movie_id)", "Plans": [{"Node Type": "Bitmap Index Scan", "Parent Relationship": "Outer", "Index Name": "title_pkey", "Startup Cost": 0.0, "Total Cost": 0.27, "Plan Rows": 1, "Plan Width": 0, "Index Cond": "(id = mk.movie_id)"}]}]}]}, "Unique SQL Id": 2804875951, "Planner Runtime": 4}, "explain_analyze_plan": {"Plan": {"Node Type": "Aggregate", "Strategy": "Plain", "Startup Cost": 3019.97, "Total Cost": 3019.98, "Plan Rows": 1, "Plan Width": 49, "Actual Startup Time": 1387.256, "Actual Total Time": 1387.257, "Actual Rows": 1, "Actual Loops": 1, "Plans": [{"Node Type": "Nested Loop", "Parent Relationship": "Outer", "Join Type": "Inner", "Startup Cost": 5.3, "Total Cost": 3019.97, "Plan Rows": 2, "Plan Width": 17, "Actual Startup Time": 15.885, "Actual Total Time": 1382.928, "Actual Rows": 5228, "Actual Loops": 1, "Inner Unique": true, "Join Filter": "(mc.movie_id = t.id)", "Rows Removed by Join Filter": 0, "Plans": [{"Node Type": "Nested Loop", "Parent Relationship": "Outer", "Join Type": "Inner", "Startup Cost": 5.04, "Total Cost": 3011.39, "Plan Rows": 2, "Plan Width": 8, "Actual Startup Time": 15.861, "Actual Total Time": 1346.204, "Actual Rows": 5228, "Actual Loops": 1, "Inner Unique": true, "Plans": [{"Node Type": "Nested Loop", "Parent Relationship": "Outer", "Join Type": "Inner", "Startup Cost": 4.78, "Total Cost": 2711.55, "Plan Rows": 70, "Plan Width": 12, "Actual Startup Time": 11.506, "Actual Total Time": 487.661, "Actual Rows": 148552, "Actual Loops": 1, "Inner Unique": false, "Plans": [{"Node Type": "Nested Loop", "Parent Relationship": "Outer", "Join Type": "Inner", "Startup Cost": 4.51, "Total Cost": 2569.02, "Plan Rows": 33, "Plan Width": 4, "Actual Startup Time": 11.467, "Actual Total Time": 97.589, "Actual Rows": 41840, "Actual Loops": 1, "Inner Unique": false, "Plans": [{"Node Type": "Seq Scan", "Parent Relationship": "Outer", "Relation Name": "keyword", "Alias": "k", "Startup Cost": 0.0, "Total Cost": 2436.11, "Plan Rows": 1, "Plan Width": 4, "Actual Startup Time": 1.835, "Actual Total Time": 40.613, "Actual Rows": 1, "Actual Loops": 1, "Filter": "((keyword)::text = 'character-name-in-title'::text)", "Rows Removed by Filter": 134168}, {"Node Type": "Bitmap Heap Scan", "Parent Relationship": "Inner", "Relation Name": "movie_keyword", "Alias": "mk", "Startup Cost": 4.51, "Total Cost": 132.58, "Plan Rows": 33, "Plan Width": 8, "Actual Startup Time": 9.627, "Actual Total Time": 47.321, "Actual Rows": 41840, "Actual Loops": 1, "Recheck Cond": "(keyword_id = k.id)", "Rows Removed by Index Recheck": 0, "Exact Heap Blocks": 9702, "Lossy Heap Blocks": 9702, "Plans": [{"Node Type": "Bitmap Index Scan", "Parent Relationship": "Outer", "Index Name": "keyword_id_movie_keyword", "Startup Cost": 0.0, "Total Cost": 4.5, "Plan Rows": 33, "Plan Width": 0, "Actual Startup Time": 7.876, "Actual Total Time": 7.876, "Actual Rows": 41840, "Actual Loops": 1, "Index Cond": "(keyword_id = k.id)"}]}]}, {"Node Type": "Bitmap Heap Scan", "Parent Relationship": "Inner", "Relation Name": "movie_companies", "Alias": "mc", "Startup Cost": 0.27, "Total Cost": 4.3, "Plan Rows": 2, "Plan Width": 8, "Actual Startup Time": 249.986, "Actual Total Time": 306.048, "Actual Rows": 148552, "Actual Loops": 41840, "Recheck Cond": "(movie_id = mk.movie_id)", "Rows Removed by Index Recheck": 0, "Exact Heap Blocks": 62638, "Lossy Heap Blocks": 62638, "Plans": [{"Node Type": "Bitmap Index Scan", "Parent Relationship": "Outer", "Index Name": "movie_id_movie_companies", "Startup Cost": 0.0, "Total Cost": 0.27, "Plan Rows": 2, "Plan Width": 0, "Actual Startup Time": 154.185, "Actual Total Time": 154.185, "Actual Rows": 148552, "Actual Loops": 41840, "Index Cond": "(movie_id = mk.movie_id)"}]}]}, {"Node Type": "Bitmap Heap Scan", "Parent Relationship": "Inner", "Relation Name": "company_name", "Alias": "cn", "Startup Cost": 0.26, "Total Cost": 4.27, "Plan Rows": 1, "Plan Width": 4, "Actual Startup Time": 692.747, "Actual Total Time": 692.747, "Actual Rows": 5228, "Actual Loops": 148552, "Recheck Cond": "(id = mc.company_id)", "Rows Removed by Index Recheck": 0, "Filter": "((country_code)::text = '[nl]'::text)", "Rows Removed by Filter": 143324, "Exact Heap Blocks": 148552, "Lossy Heap Blocks": 148552, "Plans": [{"Node Type": "Bitmap Index Scan", "Parent Relationship": "Outer", "Index Name": "company_name_pkey", "Startup Cost": 0.0, "Total Cost": 0.26, "Plan Rows": 1, "Plan Width": 0, "Actual Startup Time": 381.81, "Actual Total Time": 381.81, "Actual Rows": 148552, "Actual Loops": 148552, "Index Cond": "(id = mc.company_id)"}]}]}, {"Node Type": "Bitmap Heap Scan", "Parent Relationship": "Inner", "Relation Name": "title", "Alias": "t", "Startup Cost": 0.27, "Total Cost": 4.28, "Plan Rows": 1, "Plan Width": 21, "Actual Startup Time": 27.63, "Actual Total Time": 27.63, "Actual Rows": 5228, "Actual Loops": 5228, "Recheck Cond": "(id = mk.movie_id)", "Rows Removed by Index Recheck": 0, "Exact Heap Blocks": 5228, "Lossy Heap Blocks": 5228, "Plans": [{"Node Type": "Bitmap Index Scan", "Parent Relationship": "Outer", "Index Name": "title_pkey", "Startup Cost": 0.0, "Total Cost": 0.27, "Plan Rows": 1, "Plan Width": 0, "Actual Startup Time": 16.841, "Actual Total Time": 16.841, "Actual Rows": 5228, "Actual Loops": 5228, "Index Cond": "(id = mk.movie_id)"}]}]}]}, "Triggers": [], "Planner Runtime": 9.24, "Total Runtime": 1387.727, "Unique SQL Id": 2804875951}}, "(1, '99')": {"explain_plan": {"Plan": {"Node Type": "Aggregate", "Strategy": "Plain", "Startup Cost": 1000025545541.31, "Total Cost": 1000025545541.32, "Plan Rows": 1, "Plan Width": 49, "Plans": [{"Node Type": "Nested Loop", "Parent Relationship": "Outer", "Join Type": "Inner", "Startup Cost": 10000000001.12, "Total Cost": 1000025545541.31, "Plan Rows": 2, "Plan Width": 17, "Inner Unique": true, "Join Filter": "(mc.movie_id = t.id)", "Plans": [{"Node Type": "Nested Loop", "Parent Relationship": "Outer", "Join Type": "Inner", "Startup Cost": 10000000000.85, "Total Cost": 1000025545532.73, "Plan Rows": 2, "Plan Width": 8, "Inner Unique": true, "Plans": [{"Node Type": "Nested Loop", "Parent Relationship": "Outer", "Join Type": "Inner", "Startup Cost": 10000000000.6, "Total Cost": 1000024380163.58, "Plan Rows": 272107, "Plan Width": 12, "Inner Unique": false, "Plans": [{"Node Type": "Nested Loop", "Parent Relationship": "Outer", "Join Type": "Inner", "Startup Cost": 10000000000.26, "Total Cost": 1000024227793.07, "Plan Rows": 33725, "Plan Width": 4, "Inner Unique": true, "Plans": [{"Node Type": "Index Scan", "Parent Relationship": "Outer", "Scan Direction": "Forward", "Index Name": "movie_id_movie_companies", "Relation Name": "movie_companies", "Alias": "mc", "Startup Cost": 10000000000.0, "Total Cost": 1000013051946.13, "Plan Rows": 2609128, "Plan Width": 8}, {"Node Type": "Bitmap Heap Scan", "Parent Relationship": "Inner", "Relation Name": "company_name", "Alias": "cn", "Startup Cost": 0.26, "Total Cost": 4.27, "Plan Rows": 1, "Plan Width": 4, "Recheck Cond": "(id = mc.company_id)", "Filter": "((country_code)::text = '[nl]'::text)", "Plans": [{"Node Type": "Bitmap Index Scan", "Parent Relationship": "Outer", "Index Name": "company_name_pkey", "Startup Cost": 0.0, "Total Cost": 0.26, "Plan Rows": 1, "Plan Width": 0, "Index Cond": "(id = mc.company_id)"}]}]}, {"Node Type": "Bitmap Heap Scan", "Parent Relationship": "Inner", "Relation Name": "movie_keyword", "Alias": "mk", "Startup Cost": 0.34, "Total Cost": 4.44, "Plan Rows": 8, "Plan Width": 8, "Recheck Cond": "(movie_id = mc.movie_id)", "Plans": [{"Node Type": "Bitmap Index Scan", "Parent Relationship": "Outer", "Index Name": "movie_id_movie_keyword", "Startup Cost": 0.0, "Total Cost": 0.34, "Plan Rows": 8, "Plan Width": 0, "Index Cond": "(movie_id = mc.movie_id)"}]}]}, {"Node Type": "Bitmap Heap Scan", "Parent Relationship": "Inner", "Relation Name": "keyword", "Alias": "k", "Startup Cost": 0.26, "Total Cost": 4.27, "Plan Rows": 1, "Plan Width": 4, "Recheck Cond": "(id = mk.keyword_id)", "Filter": "((keyword)::text = 'character-name-in-title'::text)", "Plans": [{"Node Type": "Bitmap Index Scan", "Parent Relationship": "Outer", "Index Name": "keyword_pkey", "Startup Cost": 0.0, "Total Cost": 0.26, "Plan Rows": 1, "Plan Width": 0, "Index Cond": "(id = mk.keyword_id)"}]}]}, {"Node Type": "Bitmap Heap Scan", "Parent Relationship": "Inner", "Relation Name": "title", "Alias": "t", "Startup Cost": 0.27, "Total Cost": 4.28, "Plan Rows": 1, "Plan Width": 21, "Recheck Cond": "(id = mk.movie_id)", "Plans": [{"Node Type": "Bitmap Index Scan", "Parent Relationship": "Outer", "Index Name": "title_pkey", "Startup Cost": 0.0, "Total Cost": 0.27, "Plan Rows": 1, "Plan Width": 0, "Index Cond": "(id = mk.movie_id)"}]}]}]}, "Unique SQL Id": 2804875951, "Planner Runtime": 1}, "explain_analyze_plan": null}, "(1, '100')": {"explain_plan": {"Plan": {"Node Type": "Aggregate", "Strategy": "Plain", "Startup Cost": 2600.78, "Total Cost": 2600.79, "Plan Rows": 1, "Plan Width": 49, "Plans": [{"Node Type": "Nested Loop", "Parent Relationship": "Outer", "Join Type": "Inner", "Startup Cost": 4.51, "Total Cost": 2600.77, "Plan Rows": 2, "Plan Width": 17, "Inner Unique": true, "Join Filter": "(mc.movie_id = t.id)", "Plans": [{"Node Type": "Nested Loop", "Parent Relationship": "Outer", "Join Type": "Inner", "Startup Cost": 4.51, "Total Cost": 2600.13, "Plan Rows": 2, "Plan Width": 8, "Inner Unique": true, "Plans": [{"Node Type": "Nested Loop", "Parent Relationship": "Outer", "Join Type": "Inner", "Startup Cost": 4.51, "Total Cost": 2579.99, "Plan Rows": 70, "Plan Width": 12, "Inner Unique": false, "Plans": [{"Node Type": "Nested Loop", "Parent Relationship": "Outer", "Join Type": "Inner", "Startup Cost": 4.51, "Total Cost": 2569.02, "Plan Rows": 33, "Plan Width": 4, "Inner Unique": false, "Plans": [{"Node Type": "Seq Scan", "Parent Relationship": "Outer", "Relation Name": "keyword", "Alias": "k", "Startup Cost": 0.0, "Total Cost": 2436.11, "Plan Rows": 1, "Plan Width": 4, "Filter": "((keyword)::text = 'character-name-in-title'::text)"}, {"Node Type": "Bitmap Heap Scan", "Parent Relationship": "Inner", "Relation Name": "movie_keyword", "Alias": "mk", "Startup Cost": 4.51, "Total Cost": 132.58, "Plan Rows": 33, "Plan Width": 8, "Recheck Cond": "(keyword_id = k.id)", "Plans": [{"Node Type": "Bitmap Index Scan", "Parent Relationship": "Outer", "Index Name": "keyword_id_movie_keyword", "Startup Cost": 0.0, "Total Cost": 4.5, "Plan Rows": 33, "Plan Width": 0, "Index Cond": "(keyword_id = k.id)"}]}]}, {"Node Type": "Index Scan", "Parent Relationship": "Inner", "Scan Direction": "Forward", "Index Name": "movie_id_movie_companies", "Relation Name": "movie_companies", "Alias": "mc", "Startup Cost": 0.0, "Total Cost": 0.31, "Plan Rows": 2, "Plan Width": 8, "Index Cond": "(movie_id = mk.movie_id)"}]}, {"Node Type": "Index Scan", "Parent Relationship": "Inner", "Scan Direction": "Forward", "Index Name": "company_name_pkey", "Relation Name": "company_name", "Alias": "cn", "Startup Cost": 0.0, "Total Cost": 0.28, "Plan Rows": 1, "Plan Width": 4, "Index Cond": "(id = mc.company_id)", "Filter": "((country_code)::text = '[nl]'::text)"}]}, {"Node Type": "Index Scan", "Parent Relationship": "Inner", "Scan Direction": "Forward", "Index Name": "title_pkey", "Relation Name": "title", "Alias": "t", "Startup Cost": 0.0, "Total Cost": 0.31, "Plan Rows": 1, "Plan Width": 21, "Index Cond": "(id = mk.movie_id)"}]}]}, "Unique SQL Id": 2804875951, "Planner Runtime": 3}, "explain_analyze_plan": {"Plan": {"Node Type": "Aggregate", "Strategy": "Plain", "Startup Cost": 2600.78, "Total Cost": 2600.79, "Plan Rows": 1, "Plan Width": 49, "Actual Startup Time": 1030.503, "Actual Total Time": 1030.504, "Actual Rows": 1, "Actual Loops": 1, "Plans": [{"Node Type": "Nested Loop", "Parent Relationship": "Outer", "Join Type": "Inner", "Startup Cost": 4.51, "Total Cost": 2600.77, "Plan Rows": 2, "Plan Width": 17, "Actual Startup Time": 12.804, "Actual Total Time": 1027.312, "Actual Rows": 5228, "Actual Loops": 1, "Inner Unique": true, "Join Filter": "(mc.movie_id = t.id)", "Rows Removed by Join Filter": 0, "Plans": [{"Node Type": "Nested Loop", "Parent Relationship": "Outer", "Join Type": "Inner", "Startup Cost": 4.51, "Total Cost": 2600.13, "Plan Rows": 2, "Plan Width": 8, "Actual Startup Time": 12.789, "Actual Total Time": 999.562, "Actual Rows": 5228, "Actual Loops": 1, "Inner Unique": true, "Plans": [{"Node Type": "Nested Loop", "Parent Relationship": "Outer", "Join Type": "Inner", "Startup Cost": 4.51, "Total Cost": 2579.99, "Plan Rows": 70, "Plan Width": 12, "Actual Startup Time": 9.902, "Actual Total Time": 379.592, "Actual Rows": 148552, "Actual Loops": 1, "Inner Unique": false, "Plans": [{"Node Type": "Nested Loop", "Parent Relationship": "Outer", "Join Type": "Inner", "Startup Cost": 4.51, "Total Cost": 2569.02, "Plan Rows": 33, "Plan Width": 4, "Actual Startup Time": 9.868, "Actual Total Time": 99.354, "Actual Rows": 41840, "Actual Loops": 1, "Inner Unique": false, "Plans": [{"Node Type": "Seq Scan", "Parent Relationship": "Outer", "Relation Name": "keyword", "Alias": "k", "Startup Cost": 0.0, "Total Cost": 2436.11, "Plan Rows": 1, "Plan Width": 4, "Actual Startup Time": 1.773, "Actual Total Time": 43.194, "Actual Rows": 1, "Actual Loops": 1, "Filter": "((keyword)::text = 'character-name-in-title'::text)", "Rows Removed by Filter": 134168}, {"Node Type": "Bitmap Heap Scan", "Parent Relationship": "Inner", "Relation Name": "movie_keyword", "Alias": "mk", "Startup Cost": 4.51, "Total Cost": 132.58, "Plan Rows": 33, "Plan Width": 8, "Actual Startup Time": 8.084, "Actual Total Time": 47.664, "Actual Rows": 41840, "Actual Loops": 1, "Recheck Cond": "(keyword_id = k.id)", "Rows Removed by Index Recheck": 0, "Exact Heap Blocks": 9702, "Lossy Heap Blocks": 9702, "Plans": [{"Node Type": "Bitmap Index Scan", "Parent Relationship": "Outer", "Index Name": "keyword_id_movie_keyword", "Startup Cost": 0.0, "Total Cost": 4.5, "Plan Rows": 33, "Plan Width": 0, "Actual Startup Time": 6.347, "Actual Total Time": 6.347, "Actual Rows": 41840, "Actual Loops": 1, "Index Cond": "(keyword_id = k.id)"}]}]}, {"Node Type": "Index Scan", "Parent Relationship": "Inner", "Scan Direction": "Forward", "Index Name": "movie_id_movie_companies", "Relation Name": "movie_companies", "Alias": "mc", "Startup Cost": 0.0, "Total Cost": 0.31, "Plan Rows": 2, "Plan Width": 8, "Actual Startup Time": 150.532, "Actual Total Time": 224.079, "Actual Rows": 148552, "Actual Loops": 41840, "Index Cond": "(movie_id = mk.movie_id)", "Rows Removed by Index Recheck": 0}]}, {"Node Type": "Index Scan", "Parent Relationship": "Inner", "Scan Direction": "Forward", "Index Name": "company_name_pkey", "Relation Name": "company_name", "Alias": "cn", "Startup Cost": 0.0, "Total Cost": 0.28, "Plan Rows": 1, "Plan Width": 4, "Actual Startup Time": 548.003, "Actual Total Time": 548.003, "Actual Rows": 5228, "Actual Loops": 148552, "Index Cond": "(id = mc.company_id)", "Rows Removed by Index Recheck": 0, "Filter": "((country_code)::text = '[nl]'::text)", "Rows Removed by Filter": 143324}]}, {"Node Type": "Index Scan", "Parent Relationship": "Inner", "Scan Direction": "Forward", "Index Name": "title_pkey", "Relation Name": "title", "Alias": "t", "Startup Cost": 0.0, "Total Cost": 0.31, "Plan Rows": 1, "Plan Width": 21, "Actual Startup Time": 21.778, "Actual Total Time": 21.778, "Actual Rows": 5228, "Actual Loops": 5228, "Index Cond": "(id = mk.movie_id)", "Rows Removed by Index Recheck": 0}]}]}, "Triggers": [], "Planner Runtime": 9.476, "Total Runtime": 1030.831, "Unique SQL Id": 2804875951}}, "(1, '101')": {"explain_plan": {"Plan": {"Node Type": "Aggregate", "Strategy": "Plain", "Startup Cost": 3347.38, "Total Cost": 3347.39, "Plan Rows": 1, "Plan Width": 49, "Plans": [{"Node Type": "Nested Loop", "Parent Relationship": "Outer", "Join Type": "Inner", "Startup Cost": 4.51, "Total Cost": 3347.38, "Plan Rows": 2, "Plan Width": 17, "Inner Unique": true, "Join Filter": "(mc.movie_id = t.id)", "Plans": [{"Node Type": "Nested Loop", "Parent Relationship": "Outer", "Join Type": "Inner", "Startup Cost": 4.51, "Total Cost": 3346.73, "Plan Rows": 2, "Plan Width": 8, "Inner Unique": true, "Plans": [{"Node Type": "Nested Loop", "Parent Relationship": "Outer", "Join Type": "Inner", "Startup Cost": 4.51, "Total Cost": 3326.6, "Plan Rows": 70, "Plan Width": 12, "Inner Unique": false, "Plans": [{"Node Type": "Nested Loop", "Parent Relationship": "Outer", "Join Type": "Inner", "Startup Cost": 4.51, "Total Cost": 3315.63, "Plan Rows": 33, "Plan Width": 4, "Inner Unique": false, "Plans": [{"Node Type": "Index Scan", "Parent Relationship": "Outer", "Scan Direction": "Forward", "Index Name": "keyword_pkey", "Relation Name": "keyword", "Alias": "k", "Startup Cost": 0.0, "Total Cost": 3182.72, "Plan Rows": 1, "Plan Width": 4, "Filter": "((keyword)::text = 'character-name-in-title'::text)"}, {"Node Type": "Bitmap Heap Scan", "Parent Relationship": "Inner", "Relation Name": "movie_keyword", "Alias": "mk", "Startup Cost": 4.51, "Total Cost": 132.58, "Plan Rows": 33, "Plan Width": 8, "Recheck Cond": "(keyword_id = k.id)", "Plans": [{"Node Type": "Bitmap Index Scan", "Parent Relationship": "Outer", "Index Name": "keyword_id_movie_keyword", "Startup Cost": 0.0, "Total Cost": 4.5, "Plan Rows": 33, "Plan Width": 0, "Index Cond": "(keyword_id = k.id)"}]}]}, {"Node Type": "Index Scan", "Parent Relationship": "Inner", "Scan Direction": "Forward", "Index Name": "movie_id_movie_companies", "Relation Name": "movie_companies", "Alias": "mc", "Startup Cost": 0.0, "Total Cost": 0.31, "Plan Rows": 2, "Plan Width": 8, "Index Cond": "(movie_id = mk.movie_id)"}]}, {"Node Type": "Index Scan", "Parent Relationship": "Inner", "Scan Direction": "Forward", "Index Name": "company_name_pkey", "Relation Name": "company_name", "Alias": "cn", "Startup Cost": 0.0, "Total Cost": 0.28, "Plan Rows": 1, "Plan Width": 4, "Index Cond": "(id = mc.company_id)", "Filter": "((country_code)::text = '[nl]'::text)"}]}, {"Node Type": "Index Scan", "Parent Relationship": "Inner", "Scan Direction": "Forward", "Index Name": "title_pkey", "Relation Name": "title", "Alias": "t", "Startup Cost": 0.0, "Total Cost": 0.31, "Plan Rows": 1, "Plan Width": 21, "Index Cond": "(id = mk.movie_id)"}]}]}, "Unique SQL Id": 2804875951, "Planner Runtime": 3}, "explain_analyze_plan": {"Plan": {"Node Type": "Aggregate", "Strategy": "Plain", "Startup Cost": 3347.38, "Total Cost": 3347.39, "Plan Rows": 1, "Plan Width": 49, "Actual Startup Time": 1144.573, "Actual Total Time": 1144.573, "Actual Rows": 1, "Actual Loops": 1, "Plans": [{"Node Type": "Nested Loop", "Parent Relationship": "Outer", "Join Type": "Inner", "Startup Cost": 4.51, "Total Cost": 3347.38, "Plan Rows": 2, "Plan Width": 17, "Actual Startup Time": 13.303, "Actual Total Time": 1141.536, "Actual Rows": 5228, "Actual Loops": 1, "Inner Unique": true, "Join Filter": "(mc.movie_id = t.id)", "Rows Removed by Join Filter": 0, "Plans": [{"Node Type": "Nested Loop", "Parent Relationship": "Outer", "Join Type": "Inner", "Startup Cost": 4.51, "Total Cost": 3346.73, "Plan Rows": 2, "Plan Width": 8, "Actual Startup Time": 13.284, "Actual Total Time": 1112.719, "Actual Rows": 5228, "Actual Loops": 1, "Inner Unique": true, "Plans": [{"Node Type": "Nested Loop", "Parent Relationship": "Outer", "Join Type": "Inner", "Startup Cost": 4.51, "Total Cost": 3326.6, "Plan Rows": 70, "Plan Width": 12, "Actual Startup Time": 10.161, "Actual Total Time": 467.922, "Actual Rows": 148552, "Actual Loops": 1, "Inner Unique": false, "Plans": [{"Node Type": "Nested Loop", "Parent Relationship": "Outer", "Join Type": "Inner", "Startup Cost": 4.51, "Total Cost": 3315.63, "Plan Rows": 33, "Plan Width": 4, "Actual Startup Time": 10.133, "Actual Total Time": 176.342, "Actual Rows": 41840, "Actual Loops": 1, "Inner Unique": false, "Plans": [{"Node Type": "Index Scan", "Parent Relationship": "Outer", "Scan Direction": "Forward", "Index Name": "keyword_pkey", "Relation Name": "keyword", "Alias": "k", "Startup Cost": 0.0, "Total Cost": 3182.72, "Plan Rows": 1, "Plan Width": 4, "Actual Startup Time": 0.204, "Actual Total Time": 116.389, "Actual Rows": 1, "Actual Loops": 1, "Filter": "((keyword)::text = 'character-name-in-title'::text)", "Rows Removed by Filter": 134168}, {"Node Type": "Bitmap Heap Scan", "Parent Relationship": "Inner", "Relation Name": "movie_keyword", "Alias": "mk", "Startup Cost": 4.51, "Total Cost": 132.58, "Plan Rows": 33, "Plan Width": 8, "Actual Startup Time": 9.922, "Actual Total Time": 51.446, "Actual Rows": 41840, "Actual Loops": 1, "Recheck Cond": "(keyword_id = k.id)", "Rows Removed by Index Recheck": 0, "Exact Heap Blocks": 9702, "Lossy Heap Blocks": 9702, "Plans": [{"Node Type": "Bitmap Index Scan", "Parent Relationship": "Outer", "Index Name": "keyword_id_movie_keyword", "Startup Cost": 0.0, "Total Cost": 4.5, "Plan Rows": 33, "Plan Width": 0, "Actual Startup Time": 8.103, "Actual Total Time": 8.103, "Actual Rows": 41840, "Actual Loops": 1, "Index Cond": "(keyword_id = k.id)"}]}]}, {"Node Type": "Index Scan", "Parent Relationship": "Inner", "Scan Direction": "Forward", "Index Name": "movie_id_movie_companies", "Relation Name": "movie_companies", "Alias": "mc", "Startup Cost": 0.0, "Total Cost": 0.31, "Plan Rows": 2, "Plan Width": 8, "Actual Startup Time": 159.044, "Actual Total Time": 235.457, "Actual Rows": 148552, "Actual Loops": 41840, "Index Cond": "(movie_id = mk.movie_id)", "Rows Removed by Index Recheck": 0}]}, {"Node Type": "Index Scan", "Parent Relationship": "Inner", "Scan Direction": "Forward", "Index Name": "company_name_pkey", "Relation Name": "company_name", "Alias": "cn", "Startup Cost": 0.0, "Total Cost": 0.28, "Plan Rows": 1, "Plan Width": 4, "Actual Startup Time": 571.46, "Actual Total Time": 571.46, "Actual Rows": 5228, "Actual Loops": 148552, "Index Cond": "(id = mc.company_id)", "Rows Removed by Index Recheck": 0, "Filter": "((country_code)::text = '[nl]'::text)", "Rows Removed by Filter": 143324}]}, {"Node Type": "Index Scan", "Parent Relationship": "Inner", "Scan Direction": "Forward", "Index Name": "title_pkey", "Relation Name": "title", "Alias": "t", "Startup Cost": 0.0, "Total Cost": 0.31, "Plan Rows": 1, "Plan Width": 21, "Actual Startup Time": 23.224, "Actual Total Time": 23.224, "Actual Rows": 5228, "Actual Loops": 5228, "Index Cond": "(id = mk.movie_id)", "Rows Removed by Index Recheck": 0}]}]}, "Triggers": [], "Planner Runtime": 9.253, "Total Runtime": 1144.942, "Unique SQL Id": 2804875951}}, "(1, '102')": {"explain_plan": {"Plan": {"Node Type": "Aggregate", "Strategy": "Plain", "Startup Cost": 3019.97, "Total Cost": 3019.98, "Plan Rows": 1, "Plan Width": 49, "Plans": [{"Node Type": "Nested Loop", "Parent Relationship": "Outer", "Join Type": "Inner", "Startup Cost": 5.3, "Total Cost": 3019.97, "Plan Rows": 2, "Plan Width": 17, "Inner Unique": true, "Join Filter": "(mc.movie_id = t.id)", "Plans": [{"Node Type": "Nested Loop", "Parent Relationship": "Outer", "Join Type": "Inner", "Startup Cost": 5.04, "Total Cost": 3011.39, "Plan Rows": 2, "Plan Width": 8, "Inner Unique": true, "Plans": [{"Node Type": "Nested Loop", "Parent Relationship": "Outer", "Join Type": "Inner", "Startup Cost": 4.78, "Total Cost": 2711.55, "Plan Rows": 70, "Plan Width": 12, "Inner Unique": false, "Plans": [{"Node Type": "Nested Loop", "Parent Relationship": "Outer", "Join Type": "Inner", "Startup Cost": 4.51, "Total Cost": 2569.02, "Plan Rows": 33, "Plan Width": 4, "Inner Unique": false, "Plans": [{"Node Type": "Seq Scan", "Parent Relationship": "Outer", "Relation Name": "keyword", "Alias": "k", "Startup Cost": 0.0, "Total Cost": 2436.11, "Plan Rows": 1, "Plan Width": 4, "Filter": "((keyword)::text = 'character-name-in-title'::text)"}, {"Node Type": "Bitmap Heap Scan", "Parent Relationship": "Inner", "Relation Name": "movie_keyword", "Alias": "mk", "Startup Cost": 4.51, "Total Cost": 132.58, "Plan Rows": 33, "Plan Width": 8, "Recheck Cond": "(keyword_id = k.id)", "Plans": [{"Node Type": "Bitmap Index Scan", "Parent Relationship": "Outer", "Index Name": "keyword_id_movie_keyword", "Startup Cost": 0.0, "Total Cost": 4.5, "Plan Rows": 33, "Plan Width": 0, "Index Cond": "(keyword_id = k.id)"}]}]}, {"Node Type": "Bitmap Heap Scan", "Parent Relationship": "Inner", "Relation Name": "movie_companies", "Alias": "mc", "Startup Cost": 0.27, "Total Cost": 4.3, "Plan Rows": 2, "Plan Width": 8, "Recheck Cond": "(movie_id = mk.movie_id)", "Plans": [{"Node Type": "Bitmap Index Scan", "Parent Relationship": "Outer", "Index Name": "movie_id_movie_companies", "Startup Cost": 0.0, "Total Cost": 0.27, "Plan Rows": 2, "Plan Width": 0, "Index Cond": "(movie_id = mk.movie_id)"}]}]}, {"Node Type": "Bitmap Heap Scan", "Parent Relationship": "Inner", "Relation Name": "company_name", "Alias": "cn", "Startup Cost": 0.26, "Total Cost": 4.27, "Plan Rows": 1, "Plan Width": 4, "Recheck Cond": "(id = mc.company_id)", "Filter": "((country_code)::text = '[nl]'::text)", "Plans": [{"Node Type": "Bitmap Index Scan", "Parent Relationship": "Outer", "Index Name": "company_name_pkey", "Startup Cost": 0.0, "Total Cost": 0.26, "Plan Rows": 1, "Plan Width": 0, "Index Cond": "(id = mc.company_id)"}]}]}, {"Node Type": "Bitmap Heap Scan", "Parent Relationship": "Inner", "Relation Name": "title", "Alias": "t", "Startup Cost": 0.27, "Total Cost": 4.28, "Plan Rows": 1, "Plan Width": 21, "Recheck Cond": "(id = mk.movie_id)", "Plans": [{"Node Type": "Bitmap Index Scan", "Parent Relationship": "Outer", "Index Name": "title_pkey", "Startup Cost": 0.0, "Total Cost": 0.27, "Plan Rows": 1, "Plan Width": 0, "Index Cond": "(id = mk.movie_id)"}]}]}]}, "Unique SQL Id": 2804875951, "Planner Runtime": 4}, "explain_analyze_plan": {"Plan": {"Node Type": "Aggregate", "Strategy": "Plain", "Startup Cost": 3019.97, "Total Cost": 3019.98, "Plan Rows": 1, "Plan Width": 49, "Actual Startup Time": 1387.256, "Actual Total Time": 1387.257, "Actual Rows": 1, "Actual Loops": 1, "Plans": [{"Node Type": "Nested Loop", "Parent Relationship": "Outer", "Join Type": "Inner", "Startup Cost": 5.3, "Total Cost": 3019.97, "Plan Rows": 2, "Plan Width": 17, "Actual Startup Time": 15.885, "Actual Total Time": 1382.928, "Actual Rows": 5228, "Actual Loops": 1, "Inner Unique": true, "Join Filter": "(mc.movie_id = t.id)", "Rows Removed by Join Filter": 0, "Plans": [{"Node Type": "Nested Loop", "Parent Relationship": "Outer", "Join Type": "Inner", "Startup Cost": 5.04, "Total Cost": 3011.39, "Plan Rows": 2, "Plan Width": 8, "Actual Startup Time": 15.861, "Actual Total Time": 1346.204, "Actual Rows": 5228, "Actual Loops": 1, "Inner Unique": true, "Plans": [{"Node Type": "Nested Loop", "Parent Relationship": "Outer", "Join Type": "Inner", "Startup Cost": 4.78, "Total Cost": 2711.55, "Plan Rows": 70, "Plan Width": 12, "Actual Startup Time": 11.506, "Actual Total Time": 487.661, "Actual Rows": 148552, "Actual Loops": 1, "Inner Unique": false, "Plans": [{"Node Type": "Nested Loop", "Parent Relationship": "Outer", "Join Type": "Inner", "Startup Cost": 4.51, "Total Cost": 2569.02, "Plan Rows": 33, "Plan Width": 4, "Actual Startup Time": 11.467, "Actual Total Time": 97.589, "Actual Rows": 41840, "Actual Loops": 1, "Inner Unique": false, "Plans": [{"Node Type": "Seq Scan", "Parent Relationship": "Outer", "Relation Name": "keyword", "Alias": "k", "Startup Cost": 0.0, "Total Cost": 2436.11, "Plan Rows": 1, "Plan Width": 4, "Actual Startup Time": 1.835, "Actual Total Time": 40.613, "Actual Rows": 1, "Actual Loops": 1, "Filter": "((keyword)::text = 'character-name-in-title'::text)", "Rows Removed by Filter": 134168}, {"Node Type": "Bitmap Heap Scan", "Parent Relationship": "Inner", "Relation Name": "movie_keyword", "Alias": "mk", "Startup Cost": 4.51, "Total Cost": 132.58, "Plan Rows": 33, "Plan Width": 8, "Actual Startup Time": 9.627, "Actual Total Time": 47.321, "Actual Rows": 41840, "Actual Loops": 1, "Recheck Cond": "(keyword_id = k.id)", "Rows Removed by Index Recheck": 0, "Exact Heap Blocks": 9702, "Lossy Heap Blocks": 9702, "Plans": [{"Node Type": "Bitmap Index Scan", "Parent Relationship": "Outer", "Index Name": "keyword_id_movie_keyword", "Startup Cost": 0.0, "Total Cost": 4.5, "Plan Rows": 33, "Plan Width": 0, "Actual Startup Time": 7.876, "Actual Total Time": 7.876, "Actual Rows": 41840, "Actual Loops": 1, "Index Cond": "(keyword_id = k.id)"}]}]}, {"Node Type": "Bitmap Heap Scan", "Parent Relationship": "Inner", "Relation Name": "movie_companies", "Alias": "mc", "Startup Cost": 0.27, "Total Cost": 4.3, "Plan Rows": 2, "Plan Width": 8, "Actual Startup Time": 249.986, "Actual Total Time": 306.048, "Actual Rows": 148552, "Actual Loops": 41840, "Recheck Cond": "(movie_id = mk.movie_id)", "Rows Removed by Index Recheck": 0, "Exact Heap Blocks": 62638, "Lossy Heap Blocks": 62638, "Plans": [{"Node Type": "Bitmap Index Scan", "Parent Relationship": "Outer", "Index Name": "movie_id_movie_companies", "Startup Cost": 0.0, "Total Cost": 0.27, "Plan Rows": 2, "Plan Width": 0, "Actual Startup Time": 154.185, "Actual Total Time": 154.185, "Actual Rows": 148552, "Actual Loops": 41840, "Index Cond": "(movie_id = mk.movie_id)"}]}]}, {"Node Type": "Bitmap Heap Scan", "Parent Relationship": "Inner", "Relation Name": "company_name", "Alias": "cn", "Startup Cost": 0.26, "Total Cost": 4.27, "Plan Rows": 1, "Plan Width": 4, "Actual Startup Time": 692.747, "Actual Total Time": 692.747, "Actual Rows": 5228, "Actual Loops": 148552, "Recheck Cond": "(id = mc.company_id)", "Rows Removed by Index Recheck": 0, "Filter": "((country_code)::text = '[nl]'::text)", "Rows Removed by Filter": 143324, "Exact Heap Blocks": 148552, "Lossy Heap Blocks": 148552, "Plans": [{"Node Type": "Bitmap Index Scan", "Parent Relationship": "Outer", "Index Name": "company_name_pkey", "Startup Cost": 0.0, "Total Cost": 0.26, "Plan Rows": 1, "Plan Width": 0, "Actual Startup Time": 381.81, "Actual Total Time": 381.81, "Actual Rows": 148552, "Actual Loops": 148552, "Index Cond": "(id = mc.company_id)"}]}]}, {"Node Type": "Bitmap Heap Scan", "Parent Relationship": "Inner", "Relation Name": "title", "Alias": "t", "Startup Cost": 0.27, "Total Cost": 4.28, "Plan Rows": 1, "Plan Width": 21, "Actual Startup Time": 27.63, "Actual Total Time": 27.63, "Actual Rows": 5228, "Actual Loops": 5228, "Recheck Cond": "(id = mk.movie_id)", "Rows Removed by Index Recheck": 0, "Exact Heap Blocks": 5228, "Lossy Heap Blocks": 5228, "Plans": [{"Node Type": "Bitmap Index Scan", "Parent Relationship": "Outer", "Index Name": "title_pkey", "Startup Cost": 0.0, "Total Cost": 0.27, "Plan Rows": 1, "Plan Width": 0, "Actual Startup Time": 16.841, "Actual Total Time": 16.841, "Actual Rows": 5228, "Actual Loops": 5228, "Index Cond": "(id = mk.movie_id)"}]}]}]}, "Triggers": [], "Planner Runtime": 9.24, "Total Runtime": 1387.727, "Unique SQL Id": 2804875951}}, "(1, '103')": {"explain_plan": {"Plan": {"Node Type": "Aggregate", "Strategy": "Plain", "Startup Cost": 1000025545541.31, "Total Cost": 1000025545541.32, "Plan Rows": 1, "Plan Width": 49, "Plans": [{"Node Type": "Nested Loop", "Parent Relationship": "Outer", "Join Type": "Inner", "Startup Cost": 10000000001.12, "Total Cost": 1000025545541.31, "Plan Rows": 2, "Plan Width": 17, "Inner Unique": true, "Join Filter": "(mc.movie_id = t.id)", "Plans": [{"Node Type": "Nested Loop", "Parent Relationship": "Outer", "Join Type": "Inner", "Startup Cost": 10000000000.85, "Total Cost": 1000025545532.73, "Plan Rows": 2, "Plan Width": 8, "Inner Unique": true, "Plans": [{"Node Type": "Nested Loop", "Parent Relationship": "Outer", "Join Type": "Inner", "Startup Cost": 10000000000.6, "Total Cost": 1000024380163.58, "Plan Rows": 272107, "Plan Width": 12, "Inner Unique": false, "Plans": [{"Node Type": "Nested Loop", "Parent Relationship": "Outer", "Join Type": "Inner", "Startup Cost": 10000000000.26, "Total Cost": 1000024227793.07, "Plan Rows": 33725, "Plan Width": 4, "Inner Unique": true, "Plans": [{"Node Type": "Index Scan", "Parent Relationship": "Outer", "Scan Direction": "Forward", "Index Name": "movie_id_movie_companies", "Relation Name": "movie_companies", "Alias": "mc", "Startup Cost": 10000000000.0, "Total Cost": 1000013051946.13, "Plan Rows": 2609128, "Plan Width": 8}, {"Node Type": "Bitmap Heap Scan", "Parent Relationship": "Inner", "Relation Name": "company_name", "Alias": "cn", "Startup Cost": 0.26, "Total Cost": 4.27, "Plan Rows": 1, "Plan Width": 4, "Recheck Cond": "(id = mc.company_id)", "Filter": "((country_code)::text = '[nl]'::text)", "Plans": [{"Node Type": "Bitmap Index Scan", "Parent Relationship": "Outer", "Index Name": "company_name_pkey", "Startup Cost": 0.0, "Total Cost": 0.26, "Plan Rows": 1, "Plan Width": 0, "Index Cond": "(id = mc.company_id)"}]}]}, {"Node Type": "Bitmap Heap Scan", "Parent Relationship": "Inner", "Relation Name": "movie_keyword", "Alias": "mk", "Startup Cost": 0.34, "Total Cost": 4.44, "Plan Rows": 8, "Plan Width": 8, "Recheck Cond": "(movie_id = mc.movie_id)", "Plans": [{"Node Type": "Bitmap Index Scan", "Parent Relationship": "Outer", "Index Name": "movie_id_movie_keyword", "Startup Cost": 0.0, "Total Cost": 0.34, "Plan Rows": 8, "Plan Width": 0, "Index Cond": "(movie_id = mc.movie_id)"}]}]}, {"Node Type": "Bitmap Heap Scan", "Parent Relationship": "Inner", "Relation Name": "keyword", "Alias": "k", "Startup Cost": 0.26, "Total Cost": 4.27, "Plan Rows": 1, "Plan Width": 4, "Recheck Cond": "(id = mk.keyword_id)", "Filter": "((keyword)::text = 'character-name-in-title'::text)", "Plans": [{"Node Type": "Bitmap Index Scan", "Parent Relationship": "Outer", "Index Name": "keyword_pkey", "Startup Cost": 0.0, "Total Cost": 0.26, "Plan Rows": 1, "Plan Width": 0, "Index Cond": "(id = mk.keyword_id)"}]}]}, {"Node Type": "Bitmap Heap Scan", "Parent Relationship": "Inner", "Relation Name": "title", "Alias": "t", "Startup Cost": 0.27, "Total Cost": 4.28, "Plan Rows": 1, "Plan Width": 21, "Recheck Cond": "(id = mk.movie_id)", "Plans": [{"Node Type": "Bitmap Index Scan", "Parent Relationship": "Outer", "Index Name": "title_pkey", "Startup Cost": 0.0, "Total Cost": 0.27, "Plan Rows": 1, "Plan Width": 0, "Index Cond": "(id = mk.movie_id)"}]}]}]}, "Unique SQL Id": 2804875951, "Planner Runtime": 1}, "explain_analyze_plan": null}, "(1, '104')": {"explain_plan": {"Plan": {"Node Type": "Aggregate", "Strategy": "Plain", "Startup Cost": 2605.07, "Total Cost": 2605.08, "Plan Rows": 1, "Plan Width": 49, "Plans": [{"Node Type": "Nested Loop", "Parent Relationship": "Outer", "Join Type": "Inner", "Startup Cost": 0.0, "Total Cost": 2605.07, "Plan Rows": 2, "Plan Width": 17, "Inner Unique": true, "Join Filter": "(mc.movie_id = t.id)", "Plans": [{"Node Type": "Nested Loop", "Parent Relationship": "Outer", "Join Type": "Inner", "Startup Cost": 0.0, "Total Cost": 2604.42, "Plan Rows": 2, "Plan Width": 8, "Inner Unique": true, "Plans": [{"Node Type": "Nested Loop", "Parent Relationship": "Outer", "Join Type": "Inner", "Startup Cost": 0.0, "Total Cost": 2584.29, "Plan Rows": 70, "Plan Width": 12, "Inner Unique": false, "Plans": [{"Node Type": "Nested Loop", "Parent Relationship": "Outer", "Join Type": "Inner", "Startup Cost": 0.0, "Total Cost": 2573.32, "Plan Rows": 33, "Plan Width": 4, "Inner Unique": false, "Plans": [{"Node Type": "Seq Scan", "Parent Relationship": "Outer", "Relation Name": "keyword", "Alias": "k", "Startup Cost": 0.0, "Total Cost": 2436.11, "Plan Rows": 1, "Plan Width": 4, "Filter": "((keyword)::text = 'character-name-in-title'::text)"}, {"Node Type": "Index Scan", "Parent Relationship": "Inner", "Scan Direction": "Forward", "Index Name": "keyword_id_movie_keyword", "Relation Name": "movie_keyword", "Alias": "mk", "Startup Cost": 0.0, "Total Cost": 136.88, "Plan Rows": 33, "Plan Width": 8, "Index Cond": "(keyword_id = k.id)"}]}, {"Node Type": "Index Scan", "Parent Relationship": "Inner", "Scan Direction": "Forward", "Index Name": "movie_id_movie_companies", "Relation Name": "movie_companies", "Alias": "mc", "Startup Cost": 0.0, "Total Cost": 0.31, "Plan Rows": 2, "Plan Width": 8, "Index Cond": "(movie_id = mk.movie_id)"}]}, {"Node Type": "Index Scan", "Parent Relationship": "Inner", "Scan Direction": "Forward", "Index Name": "company_name_pkey", "Relation Name": "company_name", "Alias": "cn", "Startup Cost": 0.0, "Total Cost": 0.28, "Plan Rows": 1, "Plan Width": 4, "Index Cond": "(id = mc.company_id)", "Filter": "((country_code)::text = '[nl]'::text)"}]}, {"Node Type": "Index Scan", "Parent Relationship": "Inner", "Scan Direction": "Forward", "Index Name": "title_pkey", "Relation Name": "title", "Alias": "t", "Startup Cost": 0.0, "Total Cost": 0.31, "Plan Rows": 1, "Plan Width": 21, "Index Cond": "(id = mk.movie_id)"}]}]}, "Unique SQL Id": 2804875951, "Planner Runtime": 3}, "explain_analyze_plan": {"Plan": {"Node Type": "Aggregate", "Strategy": "Plain", "Startup Cost": 2605.07, "Total Cost": 2605.08, "Plan Rows": 1, "Plan Width": 49, "Actual Startup Time": 1018.693, "Actual Total Time": 1018.694, "Actual Rows": 1, "Actual Loops": 1, "Plans": [{"Node Type": "Nested Loop", "Parent Relationship": "Outer", "Join Type": "Inner", "Startup Cost": 0.0, "Total Cost": 2605.07, "Plan Rows": 2, "Plan Width": 17, "Actual Startup Time": 4.88, "Actual Total Time": 1015.562, "Actual Rows": 5228, "Actual Loops": 1, "Inner Unique": true, "Join Filter": "(mc.movie_id = t.id)", "Rows Removed by Join Filter": 0, "Plans": [{"Node Type": "Nested Loop", "Parent Relationship": "Outer", "Join Type": "Inner", "Startup Cost": 0.0, "Total Cost": 2604.42, "Plan Rows": 2, "Plan Width": 8, "Actual Startup Time": 4.865, "Actual Total Time": 988.098, "Actual Rows": 5228, "Actual Loops": 1, "Inner Unique": true, "Plans": [{"Node Type": "Nested Loop", "Parent Relationship": "Outer", "Join Type": "Inner", "Startup Cost": 0.0, "Total Cost": 2584.29, "Plan Rows": 70, "Plan Width": 12, "Actual Startup Time": 1.836, "Actual Total Time": 368.761, "Actual Rows": 148552, "Actual Loops": 1, "Inner Unique": false, "Plans": [{"Node Type": "Nested Loop", "Parent Relationship": "Outer", "Join Type": "Inner", "Startup Cost": 0.0, "Total Cost": 2573.32, "Plan Rows": 33, "Plan Width": 4, "Actual Startup Time": 1.817, "Actual Total Time": 90.483, "Actual Rows": 41840, "Actual Loops": 1, "Inner Unique": false, "Plans": [{"Node Type": "Seq Scan", "Parent Relationship": "Outer", "Relation Name": "keyword", "Alias": "k", "Startup Cost": 0.0, "Total Cost": 2436.11, "Plan Rows": 1, "Plan Width": 4, "Actual Startup Time": 1.79, "Actual Total Time": 42.521, "Actual Rows": 1, "Actual Loops": 1, "Filter": "((keyword)::text = 'character-name-in-title'::text)", "Rows Removed by Filter": 134168}, {"Node Type": "Index Scan", "Parent Relationship": "Inner", "Scan Direction": "Forward", "Index Name": "keyword_id_movie_keyword", "Relation Name": "movie_keyword", "Alias": "mk", "Startup Cost": 0.0, "Total Cost": 136.88, "Plan Rows": 33, "Plan Width": 8, "Actual Startup Time": 0.021, "Actual Total Time": 38.672, "Actual Rows": 41840, "Actual Loops": 1, "Index Cond": "(keyword_id = k.id)", "Rows Removed by Index Recheck": 0}]}, {"Node Type": "Index Scan", "Parent Relationship": "Inner", "Scan Direction": "Forward", "Index Name": "movie_id_movie_companies", "Relation Name": "movie_companies", "Alias": "mc", "Startup Cost": 0.0, "Total Cost": 0.31, "Plan Rows": 2, "Plan Width": 8, "Actual Startup Time": 149.771, "Actual Total Time": 222.908, "Actual Rows": 148552, "Actual Loops": 41840, "Index Cond": "(movie_id = mk.movie_id)", "Rows Removed by Index Recheck": 0}]}, {"Node Type": "Index Scan", "Parent Relationship": "Inner", "Scan Direction": "Forward", "Index Name": "company_name_pkey", "Relation Name": "company_name", "Alias": "cn", "Startup Cost": 0.0, "Total Cost": 0.28, "Plan Rows": 1, "Plan Width": 4, "Actual Startup Time": 548.889, "Actual Total Time": 548.889, "Actual Rows": 5228, "Actual Loops": 148552, "Index Cond": "(id = mc.company_id)", "Rows Removed by Index Recheck": 0, "Filter": "((country_code)::text = '[nl]'::text)", "Rows Removed by Filter": 143324}]}, {"Node Type": "Index Scan", "Parent Relationship": "Inner", "Scan Direction": "Forward", "Index Name": "title_pkey", "Relation Name": "title", "Alias": "t", "Startup Cost": 0.0, "Total Cost": 0.31, "Plan Rows": 1, "Plan Width": 21, "Actual Startup Time": 21.677, "Actual Total Time": 21.677, "Actual Rows": 5228, "Actual Loops": 5228, "Index Cond": "(id = mk.movie_id)", "Rows Removed by Index Recheck": 0}]}]}, "Triggers": [], "Planner Runtime": 9.006, "Total Runtime": 1018.947, "Unique SQL Id": 2804875951}}, "(1, '105')": {"explain_plan": {"Plan": {"Node Type": "Aggregate", "Strategy": "Plain", "Startup Cost": 3351.67, "Total Cost": 3351.68, "Plan Rows": 1, "Plan Width": 49, "Plans": [{"Node Type": "Nested Loop", "Parent Relationship": "Outer", "Join Type": "Inner", "Startup Cost": 0.0, "Total Cost": 3351.67, "Plan Rows": 2, "Plan Width": 17, "Inner Unique": true, "Join Filter": "(mc.movie_id = t.id)", "Plans": [{"Node Type": "Nested Loop", "Parent Relationship": "Outer", "Join Type": "Inner", "Startup Cost": 0.0, "Total Cost": 3351.03, "Plan Rows": 2, "Plan Width": 8, "Inner Unique": true, "Plans": [{"Node Type": "Nested Loop", "Parent Relationship": "Outer", "Join Type": "Inner", "Startup Cost": 0.0, "Total Cost": 3330.89, "Plan Rows": 70, "Plan Width": 12, "Inner Unique": false, "Plans": [{"Node Type": "Nested Loop", "Parent Relationship": "Outer", "Join Type": "Inner", "Startup Cost": 0.0, "Total Cost": 3319.92, "Plan Rows": 33, "Plan Width": 4, "Inner Unique": false, "Plans": [{"Node Type": "Index Scan", "Parent Relationship": "Outer", "Scan Direction": "Forward", "Index Name": "keyword_pkey", "Relation Name": "keyword", "Alias": "k", "Startup Cost": 0.0, "Total Cost": 3182.72, "Plan Rows": 1, "Plan Width": 4, "Filter": "((keyword)::text = 'character-name-in-title'::text)"}, {"Node Type": "Index Scan", "Parent Relationship": "Inner", "Scan Direction": "Forward", "Index Name": "keyword_id_movie_keyword", "Relation Name": "movie_keyword", "Alias": "mk", "Startup Cost": 0.0, "Total Cost": 136.88, "Plan Rows": 33, "Plan Width": 8, "Index Cond": "(keyword_id = k.id)"}]}, {"Node Type": "Index Scan", "Parent Relationship": "Inner", "Scan Direction": "Forward", "Index Name": "movie_id_movie_companies", "Relation Name": "movie_companies", "Alias": "mc", "Startup Cost": 0.0, "Total Cost": 0.31, "Plan Rows": 2, "Plan Width": 8, "Index Cond": "(movie_id = mk.movie_id)"}]}, {"Node Type": "Index Scan", "Parent Relationship": "Inner", "Scan Direction": "Forward", "Index Name": "company_name_pkey", "Relation Name": "company_name", "Alias": "cn", "Startup Cost": 0.0, "Total Cost": 0.28, "Plan Rows": 1, "Plan Width": 4, "Index Cond": "(id = mc.company_id)", "Filter": "((country_code)::text = '[nl]'::text)"}]}, {"Node Type": "Index Scan", "Parent Relationship": "Inner", "Scan Direction": "Forward", "Index Name": "title_pkey", "Relation Name": "title", "Alias": "t", "Startup Cost": 0.0, "Total Cost": 0.31, "Plan Rows": 1, "Plan Width": 21, "Index Cond": "(id = mk.movie_id)"}]}]}, "Unique SQL Id": 2804875951, "Planner Runtime": 3}, "explain_analyze_plan": {"Plan": {"Node Type": "Aggregate", "Strategy": "Plain", "Startup Cost": 3351.67, "Total Cost": 3351.68, "Plan Rows": 1, "Plan Width": 49, "Actual Startup Time": 1104.099, "Actual Total Time": 1104.099, "Actual Rows": 1, "Actual Loops": 1, "Plans": [{"Node Type": "Nested Loop", "Parent Relationship": "Outer", "Join Type": "Inner", "Startup Cost": 0.0, "Total Cost": 3351.67, "Plan Rows": 2, "Plan Width": 17, "Actual Startup Time": 3.277, "Actual Total Time": 1101.041, "Actual Rows": 5228, "Actual Loops": 1, "Inner Unique": true, "Join Filter": "(mc.movie_id = t.id)", "Rows Removed by Join Filter": 0, "Plans": [{"Node Type": "Nested Loop", "Parent Relationship": "Outer", "Join Type": "Inner", "Startup Cost": 0.0, "Total Cost": 3351.03, "Plan Rows": 2, "Plan Width": 8, "Actual Startup Time": 3.261, "Actual Total Time": 1073.962, "Actual Rows": 5228, "Actual Loops": 1, "Inner Unique": true, "Plans": [{"Node Type": "Nested Loop", "Parent Relationship": "Outer", "Join Type": "Inner", "Startup Cost": 0.0, "Total Cost": 3330.89, "Plan Rows": 70, "Plan Width": 12, "Actual Startup Time": 0.244, "Actual Total Time": 439.938, "Actual Rows": 148552, "Actual Loops": 1, "Inner Unique": false, "Plans": [{"Node Type": "Nested Loop", "Parent Relationship": "Outer", "Join Type": "Inner", "Startup Cost": 0.0, "Total Cost": 3319.92, "Plan Rows": 33, "Plan Width": 4, "Actual Startup Time": 0.228, "Actual Total Time": 160.992, "Actual Rows": 41840, "Actual Loops": 1, "Inner Unique": false, "Plans": [{"Node Type": "Index Scan", "Parent Relationship": "Outer", "Scan Direction": "Forward", "Index Name": "keyword_pkey", "Relation Name": "keyword", "Alias": "k", "Startup Cost": 0.0, "Total Cost": 3182.72, "Plan Rows": 1, "Plan Width": 4, "Actual Startup Time": 0.209, "Actual Total Time": 114.577, "Actual Rows": 1, "Actual Loops": 1, "Filter": "((keyword)::text = 'character-name-in-title'::text)", "Rows Removed by Filter": 134168}, {"Node Type": "Index Scan", "Parent Relationship": "Inner", "Scan Direction": "Forward", "Index Name": "keyword_id_movie_keyword", "Relation Name": "movie_keyword", "Alias": "mk", "Startup Cost": 0.0, "Total Cost": 136.88, "Plan Rows": 33, "Plan Width": 8, "Actual Startup Time": 0.015, "Actual Total Time": 37.044, "Actual Rows": 41840, "Actual Loops": 1, "Index Cond": "(keyword_id = k.id)", "Rows Removed by Index Recheck": 0}]}, {"Node Type": "Index Scan", "Parent Relationship": "Inner", "Scan Direction": "Forward", "Index Name": "movie_id_movie_companies", "Relation Name": "movie_companies", "Alias": "mc", "Startup Cost": 0.0, "Total Cost": 0.31, "Plan Rows": 2, "Plan Width": 8, "Actual Startup Time": 150.187, "Actual Total Time": 222.909, "Actual Rows": 148552, "Actual Loops": 41840, "Index Cond": "(movie_id = mk.movie_id)", "Rows Removed by Index Recheck": 0}]}, {"Node Type": "Index Scan", "Parent Relationship": "Inner", "Scan Direction": "Forward", "Index Name": "company_name_pkey", "Relation Name": "company_name", "Alias": "cn", "Startup Cost": 0.0, "Total Cost": 0.28, "Plan Rows": 1, "Plan Width": 4, "Actual Startup Time": 562.098, "Actual Total Time": 562.098, "Actual Rows": 5228, "Actual Loops": 148552, "Index Cond": "(id = mc.company_id)", "Rows Removed by Index Recheck": 0, "Filter": "((country_code)::text = '[nl]'::text)", "Rows Removed by Filter": 143324}]}, {"Node Type": "Index Scan", "Parent Relationship": "Inner", "Scan Direction": "Forward", "Index Name": "title_pkey", "Relation Name": "title", "Alias": "t", "Startup Cost": 0.0, "Total Cost": 0.31, "Plan Rows": 1, "Plan Width": 21, "Actual Startup Time": 21.503, "Actual Total Time": 21.503, "Actual Rows": 5228, "Actual Loops": 5228, "Index Cond": "(id = mk.movie_id)", "Rows Removed by Index Recheck": 0}]}]}, "Triggers": [], "Planner Runtime": 9.208, "Total Runtime": 1104.346, "Unique SQL Id": 2804875951}}, "(1, '106')": {"explain_plan": {"Plan": {"Node Type": "Aggregate", "Strategy": "Plain", "Startup Cost": 203302.73, "Total Cost": 203302.74, "Plan Rows": 1, "Plan Width": 49, "Plans": [{"Node Type": "Hash Join", "Parent Relationship": "Outer", "Join Type": "Inner", "Startup Cost": 133750.79, "Total Cost": 203302.73, "Plan Rows": 2, "Plan Width": 17, "Inner Unique": true, "Hash Cond": "(mc.company_id = cn.id)", "Plans": [{"Node Type": "Hash Join", "Parent Relationship": "Outer", "Join Type": "Inner", "Startup Cost": 127819.34, "Total Cost": 197370.32, "Plan Rows": 70, "Plan Width": 21, "Inner Unique": false, "Hash Cond": "(t.id = mc.movie_id)", "Plans": [{"Node Type": "Seq Scan", "Parent Relationship": "Outer", "Relation Name": "title", "Alias": "t", "Startup Cost": 0.0, "Total Cost": 60069.11, "Plan Rows": 2528311, "Plan Width": 21}, {"Node Type": "Hash", "Parent Relationship": "Inner", "Startup Cost": 127818.46, "Total Cost": 127818.46, "Plan Rows": 70, "Plan Width": 12, "Plans": [{"Node Type": "Hash Join", "Parent Relationship": "Outer", "Join Type": "Inner", "Startup Cost": 76216.26, "Total Cost": 127818.46, "Plan Rows": 70, "Plan Width": 12, "Inner Unique": false, "Hash Cond": "(mc.movie_id = mk.movie_id)", "Plans": [{"Node Type": "Seq Scan", "Parent Relationship": "Outer", "Relation Name": "movie_companies", "Alias": "mc", "Startup Cost": 0.0, "Total Cost": 41817.28, "Plan Rows": 2609128, "Plan Width": 8}, {"Node Type": "Hash", "Parent Relationship": "Inner", "Startup Cost": 76215.84, "Total Cost": 76215.84, "Plan Rows": 33, "Plan Width": 4, "Plans": [{"Node Type": "Hash Join", "Parent Relationship": "Outer", "Join Type": "Inner", "Startup Cost": 2436.12, "Total Cost": 76215.84, "Plan Rows": 33, "Plan Width": 4, "Inner Unique": true, "Hash Cond": "(mk.keyword_id = k.id)", "Plans": [{"Node Type": "Seq Scan", "Parent Relationship": "Outer", "Relation Name": "movie_keyword", "Alias": "mk", "Startup Cost": 0.0, "Total Cost": 62441.29, "Plan Rows": 4523929, "Plan Width": 8}, {"Node Type": "Hash", "Parent Relationship": "Inner", "Startup Cost": 2436.11, "Total Cost": 2436.11, "Plan Rows": 1, "Plan Width": 4, "Plans": [{"Node Type": "Seq Scan", "Parent Relationship": "Outer", "Relation Name": "keyword", "Alias": "k", "Startup Cost": 0.0, "Total Cost": 2436.11, "Plan Rows": 1, "Plan Width": 4, "Filter": "((keyword)::text = 'character-name-in-title'::text)"}]}]}]}]}]}]}, {"Node Type": "Hash", "Parent Relationship": "Inner", "Startup Cost": 5903.45, "Total Cost": 5903.45, "Plan Rows": 2240, "Plan Width": 4, "Plans": [{"Node Type": "Seq Scan", "Parent Relationship": "Outer", "Relation Name": "company_name", "Alias": "cn", "Startup Cost": 0.0, "Total Cost": 5903.45, "Plan Rows": 2240, "Plan Width": 4, "Filter": "((country_code)::text = '[nl]'::text)"}]}]}]}, "Unique SQL Id": 2804875951, "Planner Runtime": 5}, "explain_analyze_plan": null}, "(1, '107')": {"explain_plan": {"Plan": {"Node Type": "Aggregate", "Strategy": "Plain", "Startup Cost": 5000024803243.6, "Total Cost": 5000024803243.61, "Plan Rows": 1, "Plan Width": 49, "Plans": [{"Node Type": "Hash Join", "Parent Relationship": "Outer", "Join Type": "Inner", "Startup Cost": 3020024471717.3, "Total Cost": 5000024803243.6, "Plan Rows": 2, "Plan Width": 17, "Inner Unique": true, "Hash Cond": "(mc.movie_id = t.id)", "Plans": [{"Node Type": "Hash Join", "Parent Relationship": "Outer", "Join Type": "Inner", "Startup Cost": 2020013428064.5, "Total Cost": 4000013759590.77, "Plan Rows": 2, "Plan Width": 8, "Inner Unique": false, "Hash Cond": "(mk.movie_id = mc.movie_id)", "Plans": [{"Node Type": "Nested Loop", "Parent Relationship": "Outer", "Join Type": "Inner", "Startup Cost": 20000000004.51, "Total Cost": 2000000331530.23, "Plan Rows": 33, "Plan Width": 4, "Inner Unique": false, "Plans": [{"Node Type": "Index Scan", "Parent Relationship": "Outer", "Scan Direction": "Forward", "Index Name": "keyword_pkey", "Relation Name": "keyword", "Alias": "k", "Startup Cost": 10000000000.0, "Total Cost": 1000000318271.68, "Plan Rows": 1, "Plan Width": 4, "Filter": "((keyword)::text = 'character-name-in-title'::text)"}, {"Node Type": "Bitmap Heap Scan", "Parent Relationship": "Inner", "Relation Name": "movie_keyword", "Alias": "mk", "Startup Cost": 10000000004.51, "Total Cost": 1000000013258.21, "Plan Rows": 33, "Plan Width": 8, "Recheck Cond": "(keyword_id = k.id)", "Plans": [{"Node Type": "Bitmap Index Scan", "Parent Relationship": "Outer", "Index Name": "keyword_id_movie_keyword", "Startup Cost": 0.0, "Total Cost": 4.5, "Plan Rows": 33, "Plan Width": 0, "Index Cond": "(keyword_id = k.id)"}]}]}, {"Node Type": "Hash", "Parent Relationship": "Inner", "Startup Cost": 2000013427638.43, "Total Cost": 2000013427638.43, "Plan Rows": 33725, "Plan Width": 4, "Plans": [{"Node Type": "Hash Join", "Parent Relationship": "Outer", "Join Type": "Inner", "Startup Cost": 1010001050166.97, "Total Cost": 2000013427638.43, "Plan Rows": 33725, "Plan Width": 4, "Inner Unique": true, "Hash Cond": "(mc.company_id = cn.id)", "Plans": [{"Node Type": "Index Scan", "Parent Relationship": "Outer", "Scan Direction": "Forward", "Index Name": "company_id_movie_companies", "Relation Name": "movie_companies", "Alias": "mc", "Startup Cost": 10000000000.0, "Total Cost": 1000012367349.98, "Plan Rows": 2609128, "Plan Width": 8}, {"Node Type": "Hash", "Parent Relationship": "Inner", "Startup Cost": 1000001050138.97, "Total Cost": 1000001050138.97, "Plan Rows": 2240, "Plan Width": 4, "Plans": [{"Node Type": "Index Scan", "Parent Relationship": "Outer", "Scan Direction": "Forward", "Index Name": "company_name_pkey", "Relation Name": "company_name", "Alias": "cn", "Startup Cost": 10000000000.0, "Total Cost": 1000001050138.97, "Plan Rows": 2240, "Plan Width": 4, "Filter": "((country_code)::text = '[nl]'::text)"}]}]}]}]}, {"Node Type": "Hash", "Parent Relationship": "Inner", "Startup Cost": 1000011012048.91, "Total Cost": 1000011012048.91, "Plan Rows": 2528311, "Plan Width": 21, "Plans": [{"Node Type": "Index Scan", "Parent Relationship": "Outer", "Scan Direction": "Forward", "Index Name": "title_pkey", "Relation Name": "title", "Alias": "t", "Startup Cost": 10000000000.0, "Total Cost": 1000011012048.91, "Plan Rows": 2528311, "Plan Width": 21}]}]}]}, "Unique SQL Id": 2804875951, "Planner Runtime": 5}, "explain_analyze_plan": null}, "(1, '108')": {"explain_plan": {"Plan": {"Node Type": "Aggregate", "Strategy": "Plain", "Startup Cost": 2605.07, "Total Cost": 2605.08, "Plan Rows": 1, "Plan Width": 49, "Plans": [{"Node Type": "Nested Loop", "Parent Relationship": "Outer", "Join Type": "Inner", "Startup Cost": 0.0, "Total Cost": 2605.07, "Plan Rows": 2, "Plan Width": 17, "Inner Unique": true, "Join Filter": "(mc.movie_id = t.id)", "Plans": [{"Node Type": "Nested Loop", "Parent Relationship": "Outer", "Join Type": "Inner", "Startup Cost": 0.0, "Total Cost": 2604.42, "Plan Rows": 2, "Plan Width": 8, "Inner Unique": true, "Plans": [{"Node Type": "Nested Loop", "Parent Relationship": "Outer", "Join Type": "Inner", "Startup Cost": 0.0, "Total Cost": 2584.29, "Plan Rows": 70, "Plan Width": 12, "Inner Unique": false, "Plans": [{"Node Type": "Nested Loop", "Parent Relationship": "Outer", "Join Type": "Inner", "Startup Cost": 0.0, "Total Cost": 2573.32, "Plan Rows": 33, "Plan Width": 4, "Inner Unique": false, "Plans": [{"Node Type": "Seq Scan", "Parent Relationship": "Outer", "Relation Name": "keyword", "Alias": "k", "Startup Cost": 0.0, "Total Cost": 2436.11, "Plan Rows": 1, "Plan Width": 4, "Filter": "((keyword)::text = 'character-name-in-title'::text)"}, {"Node Type": "Index Scan", "Parent Relationship": "Inner", "Scan Direction": "Forward", "Index Name": "keyword_id_movie_keyword", "Relation Name": "movie_keyword", "Alias": "mk", "Startup Cost": 0.0, "Total Cost": 136.88, "Plan Rows": 33, "Plan Width": 8, "Index Cond": "(keyword_id = k.id)"}]}, {"Node Type": "Index Scan", "Parent Relationship": "Inner", "Scan Direction": "Forward", "Index Name": "movie_id_movie_companies", "Relation Name": "movie_companies", "Alias": "mc", "Startup Cost": 0.0, "Total Cost": 0.31, "Plan Rows": 2, "Plan Width": 8, "Index Cond": "(movie_id = mk.movie_id)"}]}, {"Node Type": "Index Scan", "Parent Relationship": "Inner", "Scan Direction": "Forward", "Index Name": "company_name_pkey", "Relation Name": "company_name", "Alias": "cn", "Startup Cost": 0.0, "Total Cost": 0.28, "Plan Rows": 1, "Plan Width": 4, "Index Cond": "(id = mc.company_id)", "Filter": "((country_code)::text = '[nl]'::text)"}]}, {"Node Type": "Index Scan", "Parent Relationship": "Inner", "Scan Direction": "Forward", "Index Name": "title_pkey", "Relation Name": "title", "Alias": "t", "Startup Cost": 0.0, "Total Cost": 0.31, "Plan Rows": 1, "Plan Width": 21, "Index Cond": "(id = mk.movie_id)"}]}]}, "Unique SQL Id": 2804875951, "Planner Runtime": 3}, "explain_analyze_plan": {"Plan": {"Node Type": "Aggregate", "Strategy": "Plain", "Startup Cost": 2605.07, "Total Cost": 2605.08, "Plan Rows": 1, "Plan Width": 49, "Actual Startup Time": 1018.693, "Actual Total Time": 1018.694, "Actual Rows": 1, "Actual Loops": 1, "Plans": [{"Node Type": "Nested Loop", "Parent Relationship": "Outer", "Join Type": "Inner", "Startup Cost": 0.0, "Total Cost": 2605.07, "Plan Rows": 2, "Plan Width": 17, "Actual Startup Time": 4.88, "Actual Total Time": 1015.562, "Actual Rows": 5228, "Actual Loops": 1, "Inner Unique": true, "Join Filter": "(mc.movie_id = t.id)", "Rows Removed by Join Filter": 0, "Plans": [{"Node Type": "Nested Loop", "Parent Relationship": "Outer", "Join Type": "Inner", "Startup Cost": 0.0, "Total Cost": 2604.42, "Plan Rows": 2, "Plan Width": 8, "Actual Startup Time": 4.865, "Actual Total Time": 988.098, "Actual Rows": 5228, "Actual Loops": 1, "Inner Unique": true, "Plans": [{"Node Type": "Nested Loop", "Parent Relationship": "Outer", "Join Type": "Inner", "Startup Cost": 0.0, "Total Cost": 2584.29, "Plan Rows": 70, "Plan Width": 12, "Actual Startup Time": 1.836, "Actual Total Time": 368.761, "Actual Rows": 148552, "Actual Loops": 1, "Inner Unique": false, "Plans": [{"Node Type": "Nested Loop", "Parent Relationship": "Outer", "Join Type": "Inner", "Startup Cost": 0.0, "Total Cost": 2573.32, "Plan Rows": 33, "Plan Width": 4, "Actual Startup Time": 1.817, "Actual Total Time": 90.483, "Actual Rows": 41840, "Actual Loops": 1, "Inner Unique": false, "Plans": [{"Node Type": "Seq Scan", "Parent Relationship": "Outer", "Relation Name": "keyword", "Alias": "k", "Startup Cost": 0.0, "Total Cost": 2436.11, "Plan Rows": 1, "Plan Width": 4, "Actual Startup Time": 1.79, "Actual Total Time": 42.521, "Actual Rows": 1, "Actual Loops": 1, "Filter": "((keyword)::text = 'character-name-in-title'::text)", "Rows Removed by Filter": 134168}, {"Node Type": "Index Scan", "Parent Relationship": "Inner", "Scan Direction": "Forward", "Index Name": "keyword_id_movie_keyword", "Relation Name": "movie_keyword", "Alias": "mk", "Startup Cost": 0.0, "Total Cost": 136.88, "Plan Rows": 33, "Plan Width": 8, "Actual Startup Time": 0.021, "Actual Total Time": 38.672, "Actual Rows": 41840, "Actual Loops": 1, "Index Cond": "(keyword_id = k.id)", "Rows Removed by Index Recheck": 0}]}, {"Node Type": "Index Scan", "Parent Relationship": "Inner", "Scan Direction": "Forward", "Index Name": "movie_id_movie_companies", "Relation Name": "movie_companies", "Alias": "mc", "Startup Cost": 0.0, "Total Cost": 0.31, "Plan Rows": 2, "Plan Width": 8, "Actual Startup Time": 149.771, "Actual Total Time": 222.908, "Actual Rows": 148552, "Actual Loops": 41840, "Index Cond": "(movie_id = mk.movie_id)", "Rows Removed by Index Recheck": 0}]}, {"Node Type": "Index Scan", "Parent Relationship": "Inner", "Scan Direction": "Forward", "Index Name": "company_name_pkey", "Relation Name": "company_name", "Alias": "cn", "Startup Cost": 0.0, "Total Cost": 0.28, "Plan Rows": 1, "Plan Width": 4, "Actual Startup Time": 548.889, "Actual Total Time": 548.889, "Actual Rows": 5228, "Actual Loops": 148552, "Index Cond": "(id = mc.company_id)", "Rows Removed by Index Recheck": 0, "Filter": "((country_code)::text = '[nl]'::text)", "Rows Removed by Filter": 143324}]}, {"Node Type": "Index Scan", "Parent Relationship": "Inner", "Scan Direction": "Forward", "Index Name": "title_pkey", "Relation Name": "title", "Alias": "t", "Startup Cost": 0.0, "Total Cost": 0.31, "Plan Rows": 1, "Plan Width": 21, "Actual Startup Time": 21.677, "Actual Total Time": 21.677, "Actual Rows": 5228, "Actual Loops": 5228, "Index Cond": "(id = mk.movie_id)", "Rows Removed by Index Recheck": 0}]}]}, "Triggers": [], "Planner Runtime": 9.006, "Total Runtime": 1018.947, "Unique SQL Id": 2804875951}}, "(1, '109')": {"explain_plan": {"Plan": {"Node Type": "Aggregate", "Strategy": "Plain", "Startup Cost": 3351.67, "Total Cost": 3351.68, "Plan Rows": 1, "Plan Width": 49, "Plans": [{"Node Type": "Nested Loop", "Parent Relationship": "Outer", "Join Type": "Inner", "Startup Cost": 0.0, "Total Cost": 3351.67, "Plan Rows": 2, "Plan Width": 17, "Inner Unique": true, "Join Filter": "(mc.movie_id = t.id)", "Plans": [{"Node Type": "Nested Loop", "Parent Relationship": "Outer", "Join Type": "Inner", "Startup Cost": 0.0, "Total Cost": 3351.03, "Plan Rows": 2, "Plan Width": 8, "Inner Unique": true, "Plans": [{"Node Type": "Nested Loop", "Parent Relationship": "Outer", "Join Type": "Inner", "Startup Cost": 0.0, "Total Cost": 3330.89, "Plan Rows": 70, "Plan Width": 12, "Inner Unique": false, "Plans": [{"Node Type": "Nested Loop", "Parent Relationship": "Outer", "Join Type": "Inner", "Startup Cost": 0.0, "Total Cost": 3319.92, "Plan Rows": 33, "Plan Width": 4, "Inner Unique": false, "Plans": [{"Node Type": "Index Scan", "Parent Relationship": "Outer", "Scan Direction": "Forward", "Index Name": "keyword_pkey", "Relation Name": "keyword", "Alias": "k", "Startup Cost": 0.0, "Total Cost": 3182.72, "Plan Rows": 1, "Plan Width": 4, "Filter": "((keyword)::text = 'character-name-in-title'::text)"}, {"Node Type": "Index Scan", "Parent Relationship": "Inner", "Scan Direction": "Forward", "Index Name": "keyword_id_movie_keyword", "Relation Name": "movie_keyword", "Alias": "mk", "Startup Cost": 0.0, "Total Cost": 136.88, "Plan Rows": 33, "Plan Width": 8, "Index Cond": "(keyword_id = k.id)"}]}, {"Node Type": "Index Scan", "Parent Relationship": "Inner", "Scan Direction": "Forward", "Index Name": "movie_id_movie_companies", "Relation Name": "movie_companies", "Alias": "mc", "Startup Cost": 0.0, "Total Cost": 0.31, "Plan Rows": 2, "Plan Width": 8, "Index Cond": "(movie_id = mk.movie_id)"}]}, {"Node Type": "Index Scan", "Parent Relationship": "Inner", "Scan Direction": "Forward", "Index Name": "company_name_pkey", "Relation Name": "company_name", "Alias": "cn", "Startup Cost": 0.0, "Total Cost": 0.28, "Plan Rows": 1, "Plan Width": 4, "Index Cond": "(id = mc.company_id)", "Filter": "((country_code)::text = '[nl]'::text)"}]}, {"Node Type": "Index Scan", "Parent Relationship": "Inner", "Scan Direction": "Forward", "Index Name": "title_pkey", "Relation Name": "title", "Alias": "t", "Startup Cost": 0.0, "Total Cost": 0.31, "Plan Rows": 1, "Plan Width": 21, "Index Cond": "(id = mk.movie_id)"}]}]}, "Unique SQL Id": 2804875951, "Planner Runtime": 3}, "explain_analyze_plan": {"Plan": {"Node Type": "Aggregate", "Strategy": "Plain", "Startup Cost": 3351.67, "Total Cost": 3351.68, "Plan Rows": 1, "Plan Width": 49, "Actual Startup Time": 1104.099, "Actual Total Time": 1104.099, "Actual Rows": 1, "Actual Loops": 1, "Plans": [{"Node Type": "Nested Loop", "Parent Relationship": "Outer", "Join Type": "Inner", "Startup Cost": 0.0, "Total Cost": 3351.67, "Plan Rows": 2, "Plan Width": 17, "Actual Startup Time": 3.277, "Actual Total Time": 1101.041, "Actual Rows": 5228, "Actual Loops": 1, "Inner Unique": true, "Join Filter": "(mc.movie_id = t.id)", "Rows Removed by Join Filter": 0, "Plans": [{"Node Type": "Nested Loop", "Parent Relationship": "Outer", "Join Type": "Inner", "Startup Cost": 0.0, "Total Cost": 3351.03, "Plan Rows": 2, "Plan Width": 8, "Actual Startup Time": 3.261, "Actual Total Time": 1073.962, "Actual Rows": 5228, "Actual Loops": 1, "Inner Unique": true, "Plans": [{"Node Type": "Nested Loop", "Parent Relationship": "Outer", "Join Type": "Inner", "Startup Cost": 0.0, "Total Cost": 3330.89, "Plan Rows": 70, "Plan Width": 12, "Actual Startup Time": 0.244, "Actual Total Time": 439.938, "Actual Rows": 148552, "Actual Loops": 1, "Inner Unique": false, "Plans": [{"Node Type": "Nested Loop", "Parent Relationship": "Outer", "Join Type": "Inner", "Startup Cost": 0.0, "Total Cost": 3319.92, "Plan Rows": 33, "Plan Width": 4, "Actual Startup Time": 0.228, "Actual Total Time": 160.992, "Actual Rows": 41840, "Actual Loops": 1, "Inner Unique": false, "Plans": [{"Node Type": "Index Scan", "Parent Relationship": "Outer", "Scan Direction": "Forward", "Index Name": "keyword_pkey", "Relation Name": "keyword", "Alias": "k", "Startup Cost": 0.0, "Total Cost": 3182.72, "Plan Rows": 1, "Plan Width": 4, "Actual Startup Time": 0.209, "Actual Total Time": 114.577, "Actual Rows": 1, "Actual Loops": 1, "Filter": "((keyword)::text = 'character-name-in-title'::text)", "Rows Removed by Filter": 134168}, {"Node Type": "Index Scan", "Parent Relationship": "Inner", "Scan Direction": "Forward", "Index Name": "keyword_id_movie_keyword", "Relation Name": "movie_keyword", "Alias": "mk", "Startup Cost": 0.0, "Total Cost": 136.88, "Plan Rows": 33, "Plan Width": 8, "Actual Startup Time": 0.015, "Actual Total Time": 37.044, "Actual Rows": 41840, "Actual Loops": 1, "Index Cond": "(keyword_id = k.id)", "Rows Removed by Index Recheck": 0}]}, {"Node Type": "Index Scan", "Parent Relationship": "Inner", "Scan Direction": "Forward", "Index Name": "movie_id_movie_companies", "Relation Name": "movie_companies", "Alias": "mc", "Startup Cost": 0.0, "Total Cost": 0.31, "Plan Rows": 2, "Plan Width": 8, "Actual Startup Time": 150.187, "Actual Total Time": 222.909, "Actual Rows": 148552, "Actual Loops": 41840, "Index Cond": "(movie_id = mk.movie_id)", "Rows Removed by Index Recheck": 0}]}, {"Node Type": "Index Scan", "Parent Relationship": "Inner", "Scan Direction": "Forward", "Index Name": "company_name_pkey", "Relation Name": "company_name", "Alias": "cn", "Startup Cost": 0.0, "Total Cost": 0.28, "Plan Rows": 1, "Plan Width": 4, "Actual Startup Time": 562.098, "Actual Total Time": 562.098, "Actual Rows": 5228, "Actual Loops": 148552, "Index Cond": "(id = mc.company_id)", "Rows Removed by Index Recheck": 0, "Filter": "((country_code)::text = '[nl]'::text)", "Rows Removed by Filter": 143324}]}, {"Node Type": "Index Scan", "Parent Relationship": "Inner", "Scan Direction": "Forward", "Index Name": "title_pkey", "Relation Name": "title", "Alias": "t", "Startup Cost": 0.0, "Total Cost": 0.31, "Plan Rows": 1, "Plan Width": 21, "Actual Startup Time": 21.503, "Actual Total Time": 21.503, "Actual Rows": 5228, "Actual Loops": 5228, "Index Cond": "(id = mk.movie_id)", "Rows Removed by Index Recheck": 0}]}]}, "Triggers": [], "Planner Runtime": 9.208, "Total Runtime": 1104.346, "Unique SQL Id": 2804875951}}, "(1, '110')": {"explain_plan": {"Plan": {"Node Type": "Aggregate", "Strategy": "Plain", "Startup Cost": 203302.73, "Total Cost": 203302.74, "Plan Rows": 1, "Plan Width": 49, "Plans": [{"Node Type": "Hash Join", "Parent Relationship": "Outer", "Join Type": "Inner", "Startup Cost": 133750.79, "Total Cost": 203302.73, "Plan Rows": 2, "Plan Width": 17, "Inner Unique": true, "Hash Cond": "(mc.company_id = cn.id)", "Plans": [{"Node Type": "Hash Join", "Parent Relationship": "Outer", "Join Type": "Inner", "Startup Cost": 127819.34, "Total Cost": 197370.32, "Plan Rows": 70, "Plan Width": 21, "Inner Unique": false, "Hash Cond": "(t.id = mc.movie_id)", "Plans": [{"Node Type": "Seq Scan", "Parent Relationship": "Outer", "Relation Name": "title", "Alias": "t", "Startup Cost": 0.0, "Total Cost": 60069.11, "Plan Rows": 2528311, "Plan Width": 21}, {"Node Type": "Hash", "Parent Relationship": "Inner", "Startup Cost": 127818.46, "Total Cost": 127818.46, "Plan Rows": 70, "Plan Width": 12, "Plans": [{"Node Type": "Hash Join", "Parent Relationship": "Outer", "Join Type": "Inner", "Startup Cost": 76216.26, "Total Cost": 127818.46, "Plan Rows": 70, "Plan Width": 12, "Inner Unique": false, "Hash Cond": "(mc.movie_id = mk.movie_id)", "Plans": [{"Node Type": "Seq Scan", "Parent Relationship": "Outer", "Relation Name": "movie_companies", "Alias": "mc", "Startup Cost": 0.0, "Total Cost": 41817.28, "Plan Rows": 2609128, "Plan Width": 8}, {"Node Type": "Hash", "Parent Relationship": "Inner", "Startup Cost": 76215.84, "Total Cost": 76215.84, "Plan Rows": 33, "Plan Width": 4, "Plans": [{"Node Type": "Hash Join", "Parent Relationship": "Outer", "Join Type": "Inner", "Startup Cost": 2436.12, "Total Cost": 76215.84, "Plan Rows": 33, "Plan Width": 4, "Inner Unique": true, "Hash Cond": "(mk.keyword_id = k.id)", "Plans": [{"Node Type": "Seq Scan", "Parent Relationship": "Outer", "Relation Name": "movie_keyword", "Alias": "mk", "Startup Cost": 0.0, "Total Cost": 62441.29, "Plan Rows": 4523929, "Plan Width": 8}, {"Node Type": "Hash", "Parent Relationship": "Inner", "Startup Cost": 2436.11, "Total Cost": 2436.11, "Plan Rows": 1, "Plan Width": 4, "Plans": [{"Node Type": "Seq Scan", "Parent Relationship": "Outer", "Relation Name": "keyword", "Alias": "k", "Startup Cost": 0.0, "Total Cost": 2436.11, "Plan Rows": 1, "Plan Width": 4, "Filter": "((keyword)::text = 'character-name-in-title'::text)"}]}]}]}]}]}]}, {"Node Type": "Hash", "Parent Relationship": "Inner", "Startup Cost": 5903.45, "Total Cost": 5903.45, "Plan Rows": 2240, "Plan Width": 4, "Plans": [{"Node Type": "Seq Scan", "Parent Relationship": "Outer", "Relation Name": "company_name", "Alias": "cn", "Startup Cost": 0.0, "Total Cost": 5903.45, "Plan Rows": 2240, "Plan Width": 4, "Filter": "((country_code)::text = '[nl]'::text)"}]}]}]}, "Unique SQL Id": 2804875951, "Planner Runtime": 5}, "explain_analyze_plan": null}, "(1, '111')": {"explain_plan": {"Plan": {"Node Type": "Aggregate", "Strategy": "Plain", "Startup Cost": 5000024803243.6, "Total Cost": 5000024803243.61, "Plan Rows": 1, "Plan Width": 49, "Plans": [{"Node Type": "Hash Join", "Parent Relationship": "Outer", "Join Type": "Inner", "Startup Cost": 3020024471717.3, "Total Cost": 5000024803243.6, "Plan Rows": 2, "Plan Width": 17, "Inner Unique": true, "Hash Cond": "(mc.movie_id = t.id)", "Plans": [{"Node Type": "Hash Join", "Parent Relationship": "Outer", "Join Type": "Inner", "Startup Cost": 2020013428064.5, "Total Cost": 4000013759590.77, "Plan Rows": 2, "Plan Width": 8, "Inner Unique": false, "Hash Cond": "(mk.movie_id = mc.movie_id)", "Plans": [{"Node Type": "Nested Loop", "Parent Relationship": "Outer", "Join Type": "Inner", "Startup Cost": 20000000004.51, "Total Cost": 2000000331530.23, "Plan Rows": 33, "Plan Width": 4, "Inner Unique": false, "Plans": [{"Node Type": "Index Scan", "Parent Relationship": "Outer", "Scan Direction": "Forward", "Index Name": "keyword_pkey", "Relation Name": "keyword", "Alias": "k", "Startup Cost": 10000000000.0, "Total Cost": 1000000318271.68, "Plan Rows": 1, "Plan Width": 4, "Filter": "((keyword)::text = 'character-name-in-title'::text)"}, {"Node Type": "Bitmap Heap Scan", "Parent Relationship": "Inner", "Relation Name": "movie_keyword", "Alias": "mk", "Startup Cost": 10000000004.51, "Total Cost": 1000000013258.21, "Plan Rows": 33, "Plan Width": 8, "Recheck Cond": "(keyword_id = k.id)", "Plans": [{"Node Type": "Bitmap Index Scan", "Parent Relationship": "Outer", "Index Name": "keyword_id_movie_keyword", "Startup Cost": 0.0, "Total Cost": 4.5, "Plan Rows": 33, "Plan Width": 0, "Index Cond": "(keyword_id = k.id)"}]}]}, {"Node Type": "Hash", "Parent Relationship": "Inner", "Startup Cost": 2000013427638.43, "Total Cost": 2000013427638.43, "Plan Rows": 33725, "Plan Width": 4, "Plans": [{"Node Type": "Hash Join", "Parent Relationship": "Outer", "Join Type": "Inner", "Startup Cost": 1010001050166.97, "Total Cost": 2000013427638.43, "Plan Rows": 33725, "Plan Width": 4, "Inner Unique": true, "Hash Cond": "(mc.company_id = cn.id)", "Plans": [{"Node Type": "Index Scan", "Parent Relationship": "Outer", "Scan Direction": "Forward", "Index Name": "company_id_movie_companies", "Relation Name": "movie_companies", "Alias": "mc", "Startup Cost": 10000000000.0, "Total Cost": 1000012367349.98, "Plan Rows": 2609128, "Plan Width": 8}, {"Node Type": "Hash", "Parent Relationship": "Inner", "Startup Cost": 1000001050138.97, "Total Cost": 1000001050138.97, "Plan Rows": 2240, "Plan Width": 4, "Plans": [{"Node Type": "Index Scan", "Parent Relationship": "Outer", "Scan Direction": "Forward", "Index Name": "company_name_pkey", "Relation Name": "company_name", "Alias": "cn", "Startup Cost": 10000000000.0, "Total Cost": 1000001050138.97, "Plan Rows": 2240, "Plan Width": 4, "Filter": "((country_code)::text = '[nl]'::text)"}]}]}]}]}, {"Node Type": "Hash", "Parent Relationship": "Inner", "Startup Cost": 1000011012048.91, "Total Cost": 1000011012048.91, "Plan Rows": 2528311, "Plan Width": 21, "Plans": [{"Node Type": "Index Scan", "Parent Relationship": "Outer", "Scan Direction": "Forward", "Index Name": "title_pkey", "Relation Name": "title", "Alias": "t", "Startup Cost": 10000000000.0, "Total Cost": 1000011012048.91, "Plan Rows": 2528311, "Plan Width": 21}]}]}]}, "Unique SQL Id": 2804875951, "Planner Runtime": 5}, "explain_analyze_plan": null}, "(1, '112')": {"explain_plan": {"Plan": {"Node Type": "Aggregate", "Strategy": "Plain", "Startup Cost": 2600.78, "Total Cost": 2600.79, "Plan Rows": 1, "Plan Width": 49, "Plans": [{"Node Type": "Nested Loop", "Parent Relationship": "Outer", "Join Type": "Inner", "Startup Cost": 4.51, "Total Cost": 2600.77, "Plan Rows": 2, "Plan Width": 17, "Inner Unique": true, "Join Filter": "(mc.movie_id = t.id)", "Plans": [{"Node Type": "Nested Loop", "Parent Relationship": "Outer", "Join Type": "Inner", "Startup Cost": 4.51, "Total Cost": 2600.13, "Plan Rows": 2, "Plan Width": 8, "Inner Unique": true, "Plans": [{"Node Type": "Nested Loop", "Parent Relationship": "Outer", "Join Type": "Inner", "Startup Cost": 4.51, "Total Cost": 2579.99, "Plan Rows": 70, "Plan Width": 12, "Inner Unique": false, "Plans": [{"Node Type": "Nested Loop", "Parent Relationship": "Outer", "Join Type": "Inner", "Startup Cost": 4.51, "Total Cost": 2569.02, "Plan Rows": 33, "Plan Width": 4, "Inner Unique": false, "Plans": [{"Node Type": "Seq Scan", "Parent Relationship": "Outer", "Relation Name": "keyword", "Alias": "k", "Startup Cost": 0.0, "Total Cost": 2436.11, "Plan Rows": 1, "Plan Width": 4, "Filter": "((keyword)::text = 'character-name-in-title'::text)"}, {"Node Type": "Bitmap Heap Scan", "Parent Relationship": "Inner", "Relation Name": "movie_keyword", "Alias": "mk", "Startup Cost": 4.51, "Total Cost": 132.58, "Plan Rows": 33, "Plan Width": 8, "Recheck Cond": "(keyword_id = k.id)", "Plans": [{"Node Type": "Bitmap Index Scan", "Parent Relationship": "Outer", "Index Name": "keyword_id_movie_keyword", "Startup Cost": 0.0, "Total Cost": 4.5, "Plan Rows": 33, "Plan Width": 0, "Index Cond": "(keyword_id = k.id)"}]}]}, {"Node Type": "Index Scan", "Parent Relationship": "Inner", "Scan Direction": "Forward", "Index Name": "movie_id_movie_companies", "Relation Name": "movie_companies", "Alias": "mc", "Startup Cost": 0.0, "Total Cost": 0.31, "Plan Rows": 2, "Plan Width": 8, "Index Cond": "(movie_id = mk.movie_id)"}]}, {"Node Type": "Index Scan", "Parent Relationship": "Inner", "Scan Direction": "Forward", "Index Name": "company_name_pkey", "Relation Name": "company_name", "Alias": "cn", "Startup Cost": 0.0, "Total Cost": 0.28, "Plan Rows": 1, "Plan Width": 4, "Index Cond": "(id = mc.company_id)", "Filter": "((country_code)::text = '[nl]'::text)"}]}, {"Node Type": "Index Scan", "Parent Relationship": "Inner", "Scan Direction": "Forward", "Index Name": "title_pkey", "Relation Name": "title", "Alias": "t", "Startup Cost": 0.0, "Total Cost": 0.31, "Plan Rows": 1, "Plan Width": 21, "Index Cond": "(id = mk.movie_id)"}]}]}, "Unique SQL Id": 2804875951, "Planner Runtime": 1}, "explain_analyze_plan": {"Plan": {"Node Type": "Aggregate", "Strategy": "Plain", "Startup Cost": 2600.78, "Total Cost": 2600.79, "Plan Rows": 1, "Plan Width": 49, "Actual Startup Time": 1030.503, "Actual Total Time": 1030.504, "Actual Rows": 1, "Actual Loops": 1, "Plans": [{"Node Type": "Nested Loop", "Parent Relationship": "Outer", "Join Type": "Inner", "Startup Cost": 4.51, "Total Cost": 2600.77, "Plan Rows": 2, "Plan Width": 17, "Actual Startup Time": 12.804, "Actual Total Time": 1027.312, "Actual Rows": 5228, "Actual Loops": 1, "Inner Unique": true, "Join Filter": "(mc.movie_id = t.id)", "Rows Removed by Join Filter": 0, "Plans": [{"Node Type": "Nested Loop", "Parent Relationship": "Outer", "Join Type": "Inner", "Startup Cost": 4.51, "Total Cost": 2600.13, "Plan Rows": 2, "Plan Width": 8, "Actual Startup Time": 12.789, "Actual Total Time": 999.562, "Actual Rows": 5228, "Actual Loops": 1, "Inner Unique": true, "Plans": [{"Node Type": "Nested Loop", "Parent Relationship": "Outer", "Join Type": "Inner", "Startup Cost": 4.51, "Total Cost": 2579.99, "Plan Rows": 70, "Plan Width": 12, "Actual Startup Time": 9.902, "Actual Total Time": 379.592, "Actual Rows": 148552, "Actual Loops": 1, "Inner Unique": false, "Plans": [{"Node Type": "Nested Loop", "Parent Relationship": "Outer", "Join Type": "Inner", "Startup Cost": 4.51, "Total Cost": 2569.02, "Plan Rows": 33, "Plan Width": 4, "Actual Startup Time": 9.868, "Actual Total Time": 99.354, "Actual Rows": 41840, "Actual Loops": 1, "Inner Unique": false, "Plans": [{"Node Type": "Seq Scan", "Parent Relationship": "Outer", "Relation Name": "keyword", "Alias": "k", "Startup Cost": 0.0, "Total Cost": 2436.11, "Plan Rows": 1, "Plan Width": 4, "Actual Startup Time": 1.773, "Actual Total Time": 43.194, "Actual Rows": 1, "Actual Loops": 1, "Filter": "((keyword)::text = 'character-name-in-title'::text)", "Rows Removed by Filter": 134168}, {"Node Type": "Bitmap Heap Scan", "Parent Relationship": "Inner", "Relation Name": "movie_keyword", "Alias": "mk", "Startup Cost": 4.51, "Total Cost": 132.58, "Plan Rows": 33, "Plan Width": 8, "Actual Startup Time": 8.084, "Actual Total Time": 47.664, "Actual Rows": 41840, "Actual Loops": 1, "Recheck Cond": "(keyword_id = k.id)", "Rows Removed by Index Recheck": 0, "Exact Heap Blocks": 9702, "Lossy Heap Blocks": 9702, "Plans": [{"Node Type": "Bitmap Index Scan", "Parent Relationship": "Outer", "Index Name": "keyword_id_movie_keyword", "Startup Cost": 0.0, "Total Cost": 4.5, "Plan Rows": 33, "Plan Width": 0, "Actual Startup Time": 6.347, "Actual Total Time": 6.347, "Actual Rows": 41840, "Actual Loops": 1, "Index Cond": "(keyword_id = k.id)"}]}]}, {"Node Type": "Index Scan", "Parent Relationship": "Inner", "Scan Direction": "Forward", "Index Name": "movie_id_movie_companies", "Relation Name": "movie_companies", "Alias": "mc", "Startup Cost": 0.0, "Total Cost": 0.31, "Plan Rows": 2, "Plan Width": 8, "Actual Startup Time": 150.532, "Actual Total Time": 224.079, "Actual Rows": 148552, "Actual Loops": 41840, "Index Cond": "(movie_id = mk.movie_id)", "Rows Removed by Index Recheck": 0}]}, {"Node Type": "Index Scan", "Parent Relationship": "Inner", "Scan Direction": "Forward", "Index Name": "company_name_pkey", "Relation Name": "company_name", "Alias": "cn", "Startup Cost": 0.0, "Total Cost": 0.28, "Plan Rows": 1, "Plan Width": 4, "Actual Startup Time": 548.003, "Actual Total Time": 548.003, "Actual Rows": 5228, "Actual Loops": 148552, "Index Cond": "(id = mc.company_id)", "Rows Removed by Index Recheck": 0, "Filter": "((country_code)::text = '[nl]'::text)", "Rows Removed by Filter": 143324}]}, {"Node Type": "Index Scan", "Parent Relationship": "Inner", "Scan Direction": "Forward", "Index Name": "title_pkey", "Relation Name": "title", "Alias": "t", "Startup Cost": 0.0, "Total Cost": 0.31, "Plan Rows": 1, "Plan Width": 21, "Actual Startup Time": 21.778, "Actual Total Time": 21.778, "Actual Rows": 5228, "Actual Loops": 5228, "Index Cond": "(id = mk.movie_id)", "Rows Removed by Index Recheck": 0}]}]}, "Triggers": [], "Planner Runtime": 9.476, "Total Runtime": 1030.831, "Unique SQL Id": 2804875951}}, "(1, '113')": {"explain_plan": {"Plan": {"Node Type": "Aggregate", "Strategy": "Plain", "Startup Cost": 3347.38, "Total Cost": 3347.39, "Plan Rows": 1, "Plan Width": 49, "Plans": [{"Node Type": "Nested Loop", "Parent Relationship": "Outer", "Join Type": "Inner", "Startup Cost": 4.51, "Total Cost": 3347.38, "Plan Rows": 2, "Plan Width": 17, "Inner Unique": true, "Join Filter": "(mc.movie_id = t.id)", "Plans": [{"Node Type": "Nested Loop", "Parent Relationship": "Outer", "Join Type": "Inner", "Startup Cost": 4.51, "Total Cost": 3346.73, "Plan Rows": 2, "Plan Width": 8, "Inner Unique": true, "Plans": [{"Node Type": "Nested Loop", "Parent Relationship": "Outer", "Join Type": "Inner", "Startup Cost": 4.51, "Total Cost": 3326.6, "Plan Rows": 70, "Plan Width": 12, "Inner Unique": false, "Plans": [{"Node Type": "Nested Loop", "Parent Relationship": "Outer", "Join Type": "Inner", "Startup Cost": 4.51, "Total Cost": 3315.63, "Plan Rows": 33, "Plan Width": 4, "Inner Unique": false, "Plans": [{"Node Type": "Index Scan", "Parent Relationship": "Outer", "Scan Direction": "Forward", "Index Name": "keyword_pkey", "Relation Name": "keyword", "Alias": "k", "Startup Cost": 0.0, "Total Cost": 3182.72, "Plan Rows": 1, "Plan Width": 4, "Filter": "((keyword)::text = 'character-name-in-title'::text)"}, {"Node Type": "Bitmap Heap Scan", "Parent Relationship": "Inner", "Relation Name": "movie_keyword", "Alias": "mk", "Startup Cost": 4.51, "Total Cost": 132.58, "Plan Rows": 33, "Plan Width": 8, "Recheck Cond": "(keyword_id = k.id)", "Plans": [{"Node Type": "Bitmap Index Scan", "Parent Relationship": "Outer", "Index Name": "keyword_id_movie_keyword", "Startup Cost": 0.0, "Total Cost": 4.5, "Plan Rows": 33, "Plan Width": 0, "Index Cond": "(keyword_id = k.id)"}]}]}, {"Node Type": "Index Scan", "Parent Relationship": "Inner", "Scan Direction": "Forward", "Index Name": "movie_id_movie_companies", "Relation Name": "movie_companies", "Alias": "mc", "Startup Cost": 0.0, "Total Cost": 0.31, "Plan Rows": 2, "Plan Width": 8, "Index Cond": "(movie_id = mk.movie_id)"}]}, {"Node Type": "Index Scan", "Parent Relationship": "Inner", "Scan Direction": "Forward", "Index Name": "company_name_pkey", "Relation Name": "company_name", "Alias": "cn", "Startup Cost": 0.0, "Total Cost": 0.28, "Plan Rows": 1, "Plan Width": 4, "Index Cond": "(id = mc.company_id)", "Filter": "((country_code)::text = '[nl]'::text)"}]}, {"Node Type": "Index Scan", "Parent Relationship": "Inner", "Scan Direction": "Forward", "Index Name": "title_pkey", "Relation Name": "title", "Alias": "t", "Startup Cost": 0.0, "Total Cost": 0.31, "Plan Rows": 1, "Plan Width": 21, "Index Cond": "(id = mk.movie_id)"}]}]}, "Unique SQL Id": 2804875951, "Planner Runtime": 1}, "explain_analyze_plan": {"Plan": {"Node Type": "Aggregate", "Strategy": "Plain", "Startup Cost": 3347.38, "Total Cost": 3347.39, "Plan Rows": 1, "Plan Width": 49, "Actual Startup Time": 1144.573, "Actual Total Time": 1144.573, "Actual Rows": 1, "Actual Loops": 1, "Plans": [{"Node Type": "Nested Loop", "Parent Relationship": "Outer", "Join Type": "Inner", "Startup Cost": 4.51, "Total Cost": 3347.38, "Plan Rows": 2, "Plan Width": 17, "Actual Startup Time": 13.303, "Actual Total Time": 1141.536, "Actual Rows": 5228, "Actual Loops": 1, "Inner Unique": true, "Join Filter": "(mc.movie_id = t.id)", "Rows Removed by Join Filter": 0, "Plans": [{"Node Type": "Nested Loop", "Parent Relationship": "Outer", "Join Type": "Inner", "Startup Cost": 4.51, "Total Cost": 3346.73, "Plan Rows": 2, "Plan Width": 8, "Actual Startup Time": 13.284, "Actual Total Time": 1112.719, "Actual Rows": 5228, "Actual Loops": 1, "Inner Unique": true, "Plans": [{"Node Type": "Nested Loop", "Parent Relationship": "Outer", "Join Type": "Inner", "Startup Cost": 4.51, "Total Cost": 3326.6, "Plan Rows": 70, "Plan Width": 12, "Actual Startup Time": 10.161, "Actual Total Time": 467.922, "Actual Rows": 148552, "Actual Loops": 1, "Inner Unique": false, "Plans": [{"Node Type": "Nested Loop", "Parent Relationship": "Outer", "Join Type": "Inner", "Startup Cost": 4.51, "Total Cost": 3315.63, "Plan Rows": 33, "Plan Width": 4, "Actual Startup Time": 10.133, "Actual Total Time": 176.342, "Actual Rows": 41840, "Actual Loops": 1, "Inner Unique": false, "Plans": [{"Node Type": "Index Scan", "Parent Relationship": "Outer", "Scan Direction": "Forward", "Index Name": "keyword_pkey", "Relation Name": "keyword", "Alias": "k", "Startup Cost": 0.0, "Total Cost": 3182.72, "Plan Rows": 1, "Plan Width": 4, "Actual Startup Time": 0.204, "Actual Total Time": 116.389, "Actual Rows": 1, "Actual Loops": 1, "Filter": "((keyword)::text = 'character-name-in-title'::text)", "Rows Removed by Filter": 134168}, {"Node Type": "Bitmap Heap Scan", "Parent Relationship": "Inner", "Relation Name": "movie_keyword", "Alias": "mk", "Startup Cost": 4.51, "Total Cost": 132.58, "Plan Rows": 33, "Plan Width": 8, "Actual Startup Time": 9.922, "Actual Total Time": 51.446, "Actual Rows": 41840, "Actual Loops": 1, "Recheck Cond": "(keyword_id = k.id)", "Rows Removed by Index Recheck": 0, "Exact Heap Blocks": 9702, "Lossy Heap Blocks": 9702, "Plans": [{"Node Type": "Bitmap Index Scan", "Parent Relationship": "Outer", "Index Name": "keyword_id_movie_keyword", "Startup Cost": 0.0, "Total Cost": 4.5, "Plan Rows": 33, "Plan Width": 0, "Actual Startup Time": 8.103, "Actual Total Time": 8.103, "Actual Rows": 41840, "Actual Loops": 1, "Index Cond": "(keyword_id = k.id)"}]}]}, {"Node Type": "Index Scan", "Parent Relationship": "Inner", "Scan Direction": "Forward", "Index Name": "movie_id_movie_companies", "Relation Name": "movie_companies", "Alias": "mc", "Startup Cost": 0.0, "Total Cost": 0.31, "Plan Rows": 2, "Plan Width": 8, "Actual Startup Time": 159.044, "Actual Total Time": 235.457, "Actual Rows": 148552, "Actual Loops": 41840, "Index Cond": "(movie_id = mk.movie_id)", "Rows Removed by Index Recheck": 0}]}, {"Node Type": "Index Scan", "Parent Relationship": "Inner", "Scan Direction": "Forward", "Index Name": "company_name_pkey", "Relation Name": "company_name", "Alias": "cn", "Startup Cost": 0.0, "Total Cost": 0.28, "Plan Rows": 1, "Plan Width": 4, "Actual Startup Time": 571.46, "Actual Total Time": 571.46, "Actual Rows": 5228, "Actual Loops": 148552, "Index Cond": "(id = mc.company_id)", "Rows Removed by Index Recheck": 0, "Filter": "((country_code)::text = '[nl]'::text)", "Rows Removed by Filter": 143324}]}, {"Node Type": "Index Scan", "Parent Relationship": "Inner", "Scan Direction": "Forward", "Index Name": "title_pkey", "Relation Name": "title", "Alias": "t", "Startup Cost": 0.0, "Total Cost": 0.31, "Plan Rows": 1, "Plan Width": 21, "Actual Startup Time": 23.224, "Actual Total Time": 23.224, "Actual Rows": 5228, "Actual Loops": 5228, "Index Cond": "(id = mk.movie_id)", "Rows Removed by Index Recheck": 0}]}]}, "Triggers": [], "Planner Runtime": 9.253, "Total Runtime": 1144.942, "Unique SQL Id": 2804875951}}, "(1, '114')": {"explain_plan": {"Plan": {"Node Type": "Aggregate", "Strategy": "Plain", "Startup Cost": 3019.97, "Total Cost": 3019.98, "Plan Rows": 1, "Plan Width": 49, "Plans": [{"Node Type": "Nested Loop", "Parent Relationship": "Outer", "Join Type": "Inner", "Startup Cost": 5.3, "Total Cost": 3019.97, "Plan Rows": 2, "Plan Width": 17, "Inner Unique": true, "Join Filter": "(mc.movie_id = t.id)", "Plans": [{"Node Type": "Nested Loop", "Parent Relationship": "Outer", "Join Type": "Inner", "Startup Cost": 5.04, "Total Cost": 3011.39, "Plan Rows": 2, "Plan Width": 8, "Inner Unique": true, "Plans": [{"Node Type": "Nested Loop", "Parent Relationship": "Outer", "Join Type": "Inner", "Startup Cost": 4.78, "Total Cost": 2711.55, "Plan Rows": 70, "Plan Width": 12, "Inner Unique": false, "Plans": [{"Node Type": "Nested Loop", "Parent Relationship": "Outer", "Join Type": "Inner", "Startup Cost": 4.51, "Total Cost": 2569.02, "Plan Rows": 33, "Plan Width": 4, "Inner Unique": false, "Plans": [{"Node Type": "Seq Scan", "Parent Relationship": "Outer", "Relation Name": "keyword", "Alias": "k", "Startup Cost": 0.0, "Total Cost": 2436.11, "Plan Rows": 1, "Plan Width": 4, "Filter": "((keyword)::text = 'character-name-in-title'::text)"}, {"Node Type": "Bitmap Heap Scan", "Parent Relationship": "Inner", "Relation Name": "movie_keyword", "Alias": "mk", "Startup Cost": 4.51, "Total Cost": 132.58, "Plan Rows": 33, "Plan Width": 8, "Recheck Cond": "(keyword_id = k.id)", "Plans": [{"Node Type": "Bitmap Index Scan", "Parent Relationship": "Outer", "Index Name": "keyword_id_movie_keyword", "Startup Cost": 0.0, "Total Cost": 4.5, "Plan Rows": 33, "Plan Width": 0, "Index Cond": "(keyword_id = k.id)"}]}]}, {"Node Type": "Bitmap Heap Scan", "Parent Relationship": "Inner", "Relation Name": "movie_companies", "Alias": "mc", "Startup Cost": 0.27, "Total Cost": 4.3, "Plan Rows": 2, "Plan Width": 8, "Recheck Cond": "(movie_id = mk.movie_id)", "Plans": [{"Node Type": "Bitmap Index Scan", "Parent Relationship": "Outer", "Index Name": "movie_id_movie_companies", "Startup Cost": 0.0, "Total Cost": 0.27, "Plan Rows": 2, "Plan Width": 0, "Index Cond": "(movie_id = mk.movie_id)"}]}]}, {"Node Type": "Bitmap Heap Scan", "Parent Relationship": "Inner", "Relation Name": "company_name", "Alias": "cn", "Startup Cost": 0.26, "Total Cost": 4.27, "Plan Rows": 1, "Plan Width": 4, "Recheck Cond": "(id = mc.company_id)", "Filter": "((country_code)::text = '[nl]'::text)", "Plans": [{"Node Type": "Bitmap Index Scan", "Parent Relationship": "Outer", "Index Name": "company_name_pkey", "Startup Cost": 0.0, "Total Cost": 0.26, "Plan Rows": 1, "Plan Width": 0, "Index Cond": "(id = mc.company_id)"}]}]}, {"Node Type": "Bitmap Heap Scan", "Parent Relationship": "Inner", "Relation Name": "title", "Alias": "t", "Startup Cost": 0.27, "Total Cost": 4.28, "Plan Rows": 1, "Plan Width": 21, "Recheck Cond": "(id = mk.movie_id)", "Plans": [{"Node Type": "Bitmap Index Scan", "Parent Relationship": "Outer", "Index Name": "title_pkey", "Startup Cost": 0.0, "Total Cost": 0.27, "Plan Rows": 1, "Plan Width": 0, "Index Cond": "(id = mk.movie_id)"}]}]}]}, "Unique SQL Id": 2804875951, "Planner Runtime": 1}, "explain_analyze_plan": {"Plan": {"Node Type": "Aggregate", "Strategy": "Plain", "Startup Cost": 3019.97, "Total Cost": 3019.98, "Plan Rows": 1, "Plan Width": 49, "Actual Startup Time": 1387.256, "Actual Total Time": 1387.257, "Actual Rows": 1, "Actual Loops": 1, "Plans": [{"Node Type": "Nested Loop", "Parent Relationship": "Outer", "Join Type": "Inner", "Startup Cost": 5.3, "Total Cost": 3019.97, "Plan Rows": 2, "Plan Width": 17, "Actual Startup Time": 15.885, "Actual Total Time": 1382.928, "Actual Rows": 5228, "Actual Loops": 1, "Inner Unique": true, "Join Filter": "(mc.movie_id = t.id)", "Rows Removed by Join Filter": 0, "Plans": [{"Node Type": "Nested Loop", "Parent Relationship": "Outer", "Join Type": "Inner", "Startup Cost": 5.04, "Total Cost": 3011.39, "Plan Rows": 2, "Plan Width": 8, "Actual Startup Time": 15.861, "Actual Total Time": 1346.204, "Actual Rows": 5228, "Actual Loops": 1, "Inner Unique": true, "Plans": [{"Node Type": "Nested Loop", "Parent Relationship": "Outer", "Join Type": "Inner", "Startup Cost": 4.78, "Total Cost": 2711.55, "Plan Rows": 70, "Plan Width": 12, "Actual Startup Time": 11.506, "Actual Total Time": 487.661, "Actual Rows": 148552, "Actual Loops": 1, "Inner Unique": false, "Plans": [{"Node Type": "Nested Loop", "Parent Relationship": "Outer", "Join Type": "Inner", "Startup Cost": 4.51, "Total Cost": 2569.02, "Plan Rows": 33, "Plan Width": 4, "Actual Startup Time": 11.467, "Actual Total Time": 97.589, "Actual Rows": 41840, "Actual Loops": 1, "Inner Unique": false, "Plans": [{"Node Type": "Seq Scan", "Parent Relationship": "Outer", "Relation Name": "keyword", "Alias": "k", "Startup Cost": 0.0, "Total Cost": 2436.11, "Plan Rows": 1, "Plan Width": 4, "Actual Startup Time": 1.835, "Actual Total Time": 40.613, "Actual Rows": 1, "Actual Loops": 1, "Filter": "((keyword)::text = 'character-name-in-title'::text)", "Rows Removed by Filter": 134168}, {"Node Type": "Bitmap Heap Scan", "Parent Relationship": "Inner", "Relation Name": "movie_keyword", "Alias": "mk", "Startup Cost": 4.51, "Total Cost": 132.58, "Plan Rows": 33, "Plan Width": 8, "Actual Startup Time": 9.627, "Actual Total Time": 47.321, "Actual Rows": 41840, "Actual Loops": 1, "Recheck Cond": "(keyword_id = k.id)", "Rows Removed by Index Recheck": 0, "Exact Heap Blocks": 9702, "Lossy Heap Blocks": 9702, "Plans": [{"Node Type": "Bitmap Index Scan", "Parent Relationship": "Outer", "Index Name": "keyword_id_movie_keyword", "Startup Cost": 0.0, "Total Cost": 4.5, "Plan Rows": 33, "Plan Width": 0, "Actual Startup Time": 7.876, "Actual Total Time": 7.876, "Actual Rows": 41840, "Actual Loops": 1, "Index Cond": "(keyword_id = k.id)"}]}]}, {"Node Type": "Bitmap Heap Scan", "Parent Relationship": "Inner", "Relation Name": "movie_companies", "Alias": "mc", "Startup Cost": 0.27, "Total Cost": 4.3, "Plan Rows": 2, "Plan Width": 8, "Actual Startup Time": 249.986, "Actual Total Time": 306.048, "Actual Rows": 148552, "Actual Loops": 41840, "Recheck Cond": "(movie_id = mk.movie_id)", "Rows Removed by Index Recheck": 0, "Exact Heap Blocks": 62638, "Lossy Heap Blocks": 62638, "Plans": [{"Node Type": "Bitmap Index Scan", "Parent Relationship": "Outer", "Index Name": "movie_id_movie_companies", "Startup Cost": 0.0, "Total Cost": 0.27, "Plan Rows": 2, "Plan Width": 0, "Actual Startup Time": 154.185, "Actual Total Time": 154.185, "Actual Rows": 148552, "Actual Loops": 41840, "Index Cond": "(movie_id = mk.movie_id)"}]}]}, {"Node Type": "Bitmap Heap Scan", "Parent Relationship": "Inner", "Relation Name": "company_name", "Alias": "cn", "Startup Cost": 0.26, "Total Cost": 4.27, "Plan Rows": 1, "Plan Width": 4, "Actual Startup Time": 692.747, "Actual Total Time": 692.747, "Actual Rows": 5228, "Actual Loops": 148552, "Recheck Cond": "(id = mc.company_id)", "Rows Removed by Index Recheck": 0, "Filter": "((country_code)::text = '[nl]'::text)", "Rows Removed by Filter": 143324, "Exact Heap Blocks": 148552, "Lossy Heap Blocks": 148552, "Plans": [{"Node Type": "Bitmap Index Scan", "Parent Relationship": "Outer", "Index Name": "company_name_pkey", "Startup Cost": 0.0, "Total Cost": 0.26, "Plan Rows": 1, "Plan Width": 0, "Actual Startup Time": 381.81, "Actual Total Time": 381.81, "Actual Rows": 148552, "Actual Loops": 148552, "Index Cond": "(id = mc.company_id)"}]}]}, {"Node Type": "Bitmap Heap Scan", "Parent Relationship": "Inner", "Relation Name": "title", "Alias": "t", "Startup Cost": 0.27, "Total Cost": 4.28, "Plan Rows": 1, "Plan Width": 21, "Actual Startup Time": 27.63, "Actual Total Time": 27.63, "Actual Rows": 5228, "Actual Loops": 5228, "Recheck Cond": "(id = mk.movie_id)", "Rows Removed by Index Recheck": 0, "Exact Heap Blocks": 5228, "Lossy Heap Blocks": 5228, "Plans": [{"Node Type": "Bitmap Index Scan", "Parent Relationship": "Outer", "Index Name": "title_pkey", "Startup Cost": 0.0, "Total Cost": 0.27, "Plan Rows": 1, "Plan Width": 0, "Actual Startup Time": 16.841, "Actual Total Time": 16.841, "Actual Rows": 5228, "Actual Loops": 5228, "Index Cond": "(id = mk.movie_id)"}]}]}]}, "Triggers": [], "Planner Runtime": 9.24, "Total Runtime": 1387.727, "Unique SQL Id": 2804875951}}, "(1, '115')": {"explain_plan": {"Plan": {"Node Type": "Aggregate", "Strategy": "Plain", "Startup Cost": 1000025545541.31, "Total Cost": 1000025545541.32, "Plan Rows": 1, "Plan Width": 49, "Plans": [{"Node Type": "Nested Loop", "Parent Relationship": "Outer", "Join Type": "Inner", "Startup Cost": 10000000001.12, "Total Cost": 1000025545541.31, "Plan Rows": 2, "Plan Width": 17, "Inner Unique": true, "Join Filter": "(mc.movie_id = t.id)", "Plans": [{"Node Type": "Nested Loop", "Parent Relationship": "Outer", "Join Type": "Inner", "Startup Cost": 10000000000.85, "Total Cost": 1000025545532.73, "Plan Rows": 2, "Plan Width": 8, "Inner Unique": true, "Plans": [{"Node Type": "Nested Loop", "Parent Relationship": "Outer", "Join Type": "Inner", "Startup Cost": 10000000000.6, "Total Cost": 1000024380163.58, "Plan Rows": 272107, "Plan Width": 12, "Inner Unique": false, "Plans": [{"Node Type": "Nested Loop", "Parent Relationship": "Outer", "Join Type": "Inner", "Startup Cost": 10000000000.26, "Total Cost": 1000024227793.07, "Plan Rows": 33725, "Plan Width": 4, "Inner Unique": true, "Plans": [{"Node Type": "Index Scan", "Parent Relationship": "Outer", "Scan Direction": "Forward", "Index Name": "movie_id_movie_companies", "Relation Name": "movie_companies", "Alias": "mc", "Startup Cost": 10000000000.0, "Total Cost": 1000013051946.13, "Plan Rows": 2609128, "Plan Width": 8}, {"Node Type": "Bitmap Heap Scan", "Parent Relationship": "Inner", "Relation Name": "company_name", "Alias": "cn", "Startup Cost": 0.26, "Total Cost": 4.27, "Plan Rows": 1, "Plan Width": 4, "Recheck Cond": "(id = mc.company_id)", "Filter": "((country_code)::text = '[nl]'::text)", "Plans": [{"Node Type": "Bitmap Index Scan", "Parent Relationship": "Outer", "Index Name": "company_name_pkey", "Startup Cost": 0.0, "Total Cost": 0.26, "Plan Rows": 1, "Plan Width": 0, "Index Cond": "(id = mc.company_id)"}]}]}, {"Node Type": "Bitmap Heap Scan", "Parent Relationship": "Inner", "Relation Name": "movie_keyword", "Alias": "mk", "Startup Cost": 0.34, "Total Cost": 4.44, "Plan Rows": 8, "Plan Width": 8, "Recheck Cond": "(movie_id = mc.movie_id)", "Plans": [{"Node Type": "Bitmap Index Scan", "Parent Relationship": "Outer", "Index Name": "movie_id_movie_keyword", "Startup Cost": 0.0, "Total Cost": 0.34, "Plan Rows": 8, "Plan Width": 0, "Index Cond": "(movie_id = mc.movie_id)"}]}]}, {"Node Type": "Bitmap Heap Scan", "Parent Relationship": "Inner", "Relation Name": "keyword", "Alias": "k", "Startup Cost": 0.26, "Total Cost": 4.27, "Plan Rows": 1, "Plan Width": 4, "Recheck Cond": "(id = mk.keyword_id)", "Filter": "((keyword)::text = 'character-name-in-title'::text)", "Plans": [{"Node Type": "Bitmap Index Scan", "Parent Relationship": "Outer", "Index Name": "keyword_pkey", "Startup Cost": 0.0, "Total Cost": 0.26, "Plan Rows": 1, "Plan Width": 0, "Index Cond": "(id = mk.keyword_id)"}]}]}, {"Node Type": "Bitmap Heap Scan", "Parent Relationship": "Inner", "Relation Name": "title", "Alias": "t", "Startup Cost": 0.27, "Total Cost": 4.28, "Plan Rows": 1, "Plan Width": 21, "Recheck Cond": "(id = mk.movie_id)", "Plans": [{"Node Type": "Bitmap Index Scan", "Parent Relationship": "Outer", "Index Name": "title_pkey", "Startup Cost": 0.0, "Total Cost": 0.27, "Plan Rows": 1, "Plan Width": 0, "Index Cond": "(id = mk.movie_id)"}]}]}]}, "Unique SQL Id": 2804875951, "Planner Runtime": 1}, "explain_analyze_plan": null}, "(1, '116')": {"explain_plan": {"Plan": {"Node Type": "Aggregate", "Strategy": "Plain", "Startup Cost": 2600.78, "Total Cost": 2600.79, "Plan Rows": 1, "Plan Width": 49, "Plans": [{"Node Type": "Nested Loop", "Parent Relationship": "Outer", "Join Type": "Inner", "Startup Cost": 4.51, "Total Cost": 2600.77, "Plan Rows": 2, "Plan Width": 17, "Inner Unique": true, "Join Filter": "(mc.movie_id = t.id)", "Plans": [{"Node Type": "Nested Loop", "Parent Relationship": "Outer", "Join Type": "Inner", "Startup Cost": 4.51, "Total Cost": 2600.13, "Plan Rows": 2, "Plan Width": 8, "Inner Unique": true, "Plans": [{"Node Type": "Nested Loop", "Parent Relationship": "Outer", "Join Type": "Inner", "Startup Cost": 4.51, "Total Cost": 2579.99, "Plan Rows": 70, "Plan Width": 12, "Inner Unique": false, "Plans": [{"Node Type": "Nested Loop", "Parent Relationship": "Outer", "Join Type": "Inner", "Startup Cost": 4.51, "Total Cost": 2569.02, "Plan Rows": 33, "Plan Width": 4, "Inner Unique": false, "Plans": [{"Node Type": "Seq Scan", "Parent Relationship": "Outer", "Relation Name": "keyword", "Alias": "k", "Startup Cost": 0.0, "Total Cost": 2436.11, "Plan Rows": 1, "Plan Width": 4, "Filter": "((keyword)::text = 'character-name-in-title'::text)"}, {"Node Type": "Bitmap Heap Scan", "Parent Relationship": "Inner", "Relation Name": "movie_keyword", "Alias": "mk", "Startup Cost": 4.51, "Total Cost": 132.58, "Plan Rows": 33, "Plan Width": 8, "Recheck Cond": "(keyword_id = k.id)", "Plans": [{"Node Type": "Bitmap Index Scan", "Parent Relationship": "Outer", "Index Name": "keyword_id_movie_keyword", "Startup Cost": 0.0, "Total Cost": 4.5, "Plan Rows": 33, "Plan Width": 0, "Index Cond": "(keyword_id = k.id)"}]}]}, {"Node Type": "Index Scan", "Parent Relationship": "Inner", "Scan Direction": "Forward", "Index Name": "movie_id_movie_companies", "Relation Name": "movie_companies", "Alias": "mc", "Startup Cost": 0.0, "Total Cost": 0.31, "Plan Rows": 2, "Plan Width": 8, "Index Cond": "(movie_id = mk.movie_id)"}]}, {"Node Type": "Index Scan", "Parent Relationship": "Inner", "Scan Direction": "Forward", "Index Name": "company_name_pkey", "Relation Name": "company_name", "Alias": "cn", "Startup Cost": 0.0, "Total Cost": 0.28, "Plan Rows": 1, "Plan Width": 4, "Index Cond": "(id = mc.company_id)", "Filter": "((country_code)::text = '[nl]'::text)"}]}, {"Node Type": "Index Scan", "Parent Relationship": "Inner", "Scan Direction": "Forward", "Index Name": "title_pkey", "Relation Name": "title", "Alias": "t", "Startup Cost": 0.0, "Total Cost": 0.31, "Plan Rows": 1, "Plan Width": 21, "Index Cond": "(id = mk.movie_id)"}]}]}, "Unique SQL Id": 2804875951, "Planner Runtime": 1}, "explain_analyze_plan": {"Plan": {"Node Type": "Aggregate", "Strategy": "Plain", "Startup Cost": 2600.78, "Total Cost": 2600.79, "Plan Rows": 1, "Plan Width": 49, "Actual Startup Time": 1030.503, "Actual Total Time": 1030.504, "Actual Rows": 1, "Actual Loops": 1, "Plans": [{"Node Type": "Nested Loop", "Parent Relationship": "Outer", "Join Type": "Inner", "Startup Cost": 4.51, "Total Cost": 2600.77, "Plan Rows": 2, "Plan Width": 17, "Actual Startup Time": 12.804, "Actual Total Time": 1027.312, "Actual Rows": 5228, "Actual Loops": 1, "Inner Unique": true, "Join Filter": "(mc.movie_id = t.id)", "Rows Removed by Join Filter": 0, "Plans": [{"Node Type": "Nested Loop", "Parent Relationship": "Outer", "Join Type": "Inner", "Startup Cost": 4.51, "Total Cost": 2600.13, "Plan Rows": 2, "Plan Width": 8, "Actual Startup Time": 12.789, "Actual Total Time": 999.562, "Actual Rows": 5228, "Actual Loops": 1, "Inner Unique": true, "Plans": [{"Node Type": "Nested Loop", "Parent Relationship": "Outer", "Join Type": "Inner", "Startup Cost": 4.51, "Total Cost": 2579.99, "Plan Rows": 70, "Plan Width": 12, "Actual Startup Time": 9.902, "Actual Total Time": 379.592, "Actual Rows": 148552, "Actual Loops": 1, "Inner Unique": false, "Plans": [{"Node Type": "Nested Loop", "Parent Relationship": "Outer", "Join Type": "Inner", "Startup Cost": 4.51, "Total Cost": 2569.02, "Plan Rows": 33, "Plan Width": 4, "Actual Startup Time": 9.868, "Actual Total Time": 99.354, "Actual Rows": 41840, "Actual Loops": 1, "Inner Unique": false, "Plans": [{"Node Type": "Seq Scan", "Parent Relationship": "Outer", "Relation Name": "keyword", "Alias": "k", "Startup Cost": 0.0, "Total Cost": 2436.11, "Plan Rows": 1, "Plan Width": 4, "Actual Startup Time": 1.773, "Actual Total Time": 43.194, "Actual Rows": 1, "Actual Loops": 1, "Filter": "((keyword)::text = 'character-name-in-title'::text)", "Rows Removed by Filter": 134168}, {"Node Type": "Bitmap Heap Scan", "Parent Relationship": "Inner", "Relation Name": "movie_keyword", "Alias": "mk", "Startup Cost": 4.51, "Total Cost": 132.58, "Plan Rows": 33, "Plan Width": 8, "Actual Startup Time": 8.084, "Actual Total Time": 47.664, "Actual Rows": 41840, "Actual Loops": 1, "Recheck Cond": "(keyword_id = k.id)", "Rows Removed by Index Recheck": 0, "Exact Heap Blocks": 9702, "Lossy Heap Blocks": 9702, "Plans": [{"Node Type": "Bitmap Index Scan", "Parent Relationship": "Outer", "Index Name": "keyword_id_movie_keyword", "Startup Cost": 0.0, "Total Cost": 4.5, "Plan Rows": 33, "Plan Width": 0, "Actual Startup Time": 6.347, "Actual Total Time": 6.347, "Actual Rows": 41840, "Actual Loops": 1, "Index Cond": "(keyword_id = k.id)"}]}]}, {"Node Type": "Index Scan", "Parent Relationship": "Inner", "Scan Direction": "Forward", "Index Name": "movie_id_movie_companies", "Relation Name": "movie_companies", "Alias": "mc", "Startup Cost": 0.0, "Total Cost": 0.31, "Plan Rows": 2, "Plan Width": 8, "Actual Startup Time": 150.532, "Actual Total Time": 224.079, "Actual Rows": 148552, "Actual Loops": 41840, "Index Cond": "(movie_id = mk.movie_id)", "Rows Removed by Index Recheck": 0}]}, {"Node Type": "Index Scan", "Parent Relationship": "Inner", "Scan Direction": "Forward", "Index Name": "company_name_pkey", "Relation Name": "company_name", "Alias": "cn", "Startup Cost": 0.0, "Total Cost": 0.28, "Plan Rows": 1, "Plan Width": 4, "Actual Startup Time": 548.003, "Actual Total Time": 548.003, "Actual Rows": 5228, "Actual Loops": 148552, "Index Cond": "(id = mc.company_id)", "Rows Removed by Index Recheck": 0, "Filter": "((country_code)::text = '[nl]'::text)", "Rows Removed by Filter": 143324}]}, {"Node Type": "Index Scan", "Parent Relationship": "Inner", "Scan Direction": "Forward", "Index Name": "title_pkey", "Relation Name": "title", "Alias": "t", "Startup Cost": 0.0, "Total Cost": 0.31, "Plan Rows": 1, "Plan Width": 21, "Actual Startup Time": 21.778, "Actual Total Time": 21.778, "Actual Rows": 5228, "Actual Loops": 5228, "Index Cond": "(id = mk.movie_id)", "Rows Removed by Index Recheck": 0}]}]}, "Triggers": [], "Planner Runtime": 9.476, "Total Runtime": 1030.831, "Unique SQL Id": 2804875951}}, "(1, '117')": {"explain_plan": {"Plan": {"Node Type": "Aggregate", "Strategy": "Plain", "Startup Cost": 3347.38, "Total Cost": 3347.39, "Plan Rows": 1, "Plan Width": 49, "Plans": [{"Node Type": "Nested Loop", "Parent Relationship": "Outer", "Join Type": "Inner", "Startup Cost": 4.51, "Total Cost": 3347.38, "Plan Rows": 2, "Plan Width": 17, "Inner Unique": true, "Join Filter": "(mc.movie_id = t.id)", "Plans": [{"Node Type": "Nested Loop", "Parent Relationship": "Outer", "Join Type": "Inner", "Startup Cost": 4.51, "Total Cost": 3346.73, "Plan Rows": 2, "Plan Width": 8, "Inner Unique": true, "Plans": [{"Node Type": "Nested Loop", "Parent Relationship": "Outer", "Join Type": "Inner", "Startup Cost": 4.51, "Total Cost": 3326.6, "Plan Rows": 70, "Plan Width": 12, "Inner Unique": false, "Plans": [{"Node Type": "Nested Loop", "Parent Relationship": "Outer", "Join Type": "Inner", "Startup Cost": 4.51, "Total Cost": 3315.63, "Plan Rows": 33, "Plan Width": 4, "Inner Unique": false, "Plans": [{"Node Type": "Index Scan", "Parent Relationship": "Outer", "Scan Direction": "Forward", "Index Name": "keyword_pkey", "Relation Name": "keyword", "Alias": "k", "Startup Cost": 0.0, "Total Cost": 3182.72, "Plan Rows": 1, "Plan Width": 4, "Filter": "((keyword)::text = 'character-name-in-title'::text)"}, {"Node Type": "Bitmap Heap Scan", "Parent Relationship": "Inner", "Relation Name": "movie_keyword", "Alias": "mk", "Startup Cost": 4.51, "Total Cost": 132.58, "Plan Rows": 33, "Plan Width": 8, "Recheck Cond": "(keyword_id = k.id)", "Plans": [{"Node Type": "Bitmap Index Scan", "Parent Relationship": "Outer", "Index Name": "keyword_id_movie_keyword", "Startup Cost": 0.0, "Total Cost": 4.5, "Plan Rows": 33, "Plan Width": 0, "Index Cond": "(keyword_id = k.id)"}]}]}, {"Node Type": "Index Scan", "Parent Relationship": "Inner", "Scan Direction": "Forward", "Index Name": "movie_id_movie_companies", "Relation Name": "movie_companies", "Alias": "mc", "Startup Cost": 0.0, "Total Cost": 0.31, "Plan Rows": 2, "Plan Width": 8, "Index Cond": "(movie_id = mk.movie_id)"}]}, {"Node Type": "Index Scan", "Parent Relationship": "Inner", "Scan Direction": "Forward", "Index Name": "company_name_pkey", "Relation Name": "company_name", "Alias": "cn", "Startup Cost": 0.0, "Total Cost": 0.28, "Plan Rows": 1, "Plan Width": 4, "Index Cond": "(id = mc.company_id)", "Filter": "((country_code)::text = '[nl]'::text)"}]}, {"Node Type": "Index Scan", "Parent Relationship": "Inner", "Scan Direction": "Forward", "Index Name": "title_pkey", "Relation Name": "title", "Alias": "t", "Startup Cost": 0.0, "Total Cost": 0.31, "Plan Rows": 1, "Plan Width": 21, "Index Cond": "(id = mk.movie_id)"}]}]}, "Unique SQL Id": 2804875951, "Planner Runtime": 1}, "explain_analyze_plan": {"Plan": {"Node Type": "Aggregate", "Strategy": "Plain", "Startup Cost": 3347.38, "Total Cost": 3347.39, "Plan Rows": 1, "Plan Width": 49, "Actual Startup Time": 1144.573, "Actual Total Time": 1144.573, "Actual Rows": 1, "Actual Loops": 1, "Plans": [{"Node Type": "Nested Loop", "Parent Relationship": "Outer", "Join Type": "Inner", "Startup Cost": 4.51, "Total Cost": 3347.38, "Plan Rows": 2, "Plan Width": 17, "Actual Startup Time": 13.303, "Actual Total Time": 1141.536, "Actual Rows": 5228, "Actual Loops": 1, "Inner Unique": true, "Join Filter": "(mc.movie_id = t.id)", "Rows Removed by Join Filter": 0, "Plans": [{"Node Type": "Nested Loop", "Parent Relationship": "Outer", "Join Type": "Inner", "Startup Cost": 4.51, "Total Cost": 3346.73, "Plan Rows": 2, "Plan Width": 8, "Actual Startup Time": 13.284, "Actual Total Time": 1112.719, "Actual Rows": 5228, "Actual Loops": 1, "Inner Unique": true, "Plans": [{"Node Type": "Nested Loop", "Parent Relationship": "Outer", "Join Type": "Inner", "Startup Cost": 4.51, "Total Cost": 3326.6, "Plan Rows": 70, "Plan Width": 12, "Actual Startup Time": 10.161, "Actual Total Time": 467.922, "Actual Rows": 148552, "Actual Loops": 1, "Inner Unique": false, "Plans": [{"Node Type": "Nested Loop", "Parent Relationship": "Outer", "Join Type": "Inner", "Startup Cost": 4.51, "Total Cost": 3315.63, "Plan Rows": 33, "Plan Width": 4, "Actual Startup Time": 10.133, "Actual Total Time": 176.342, "Actual Rows": 41840, "Actual Loops": 1, "Inner Unique": false, "Plans": [{"Node Type": "Index Scan", "Parent Relationship": "Outer", "Scan Direction": "Forward", "Index Name": "keyword_pkey", "Relation Name": "keyword", "Alias": "k", "Startup Cost": 0.0, "Total Cost": 3182.72, "Plan Rows": 1, "Plan Width": 4, "Actual Startup Time": 0.204, "Actual Total Time": 116.389, "Actual Rows": 1, "Actual Loops": 1, "Filter": "((keyword)::text = 'character-name-in-title'::text)", "Rows Removed by Filter": 134168}, {"Node Type": "Bitmap Heap Scan", "Parent Relationship": "Inner", "Relation Name": "movie_keyword", "Alias": "mk", "Startup Cost": 4.51, "Total Cost": 132.58, "Plan Rows": 33, "Plan Width": 8, "Actual Startup Time": 9.922, "Actual Total Time": 51.446, "Actual Rows": 41840, "Actual Loops": 1, "Recheck Cond": "(keyword_id = k.id)", "Rows Removed by Index Recheck": 0, "Exact Heap Blocks": 9702, "Lossy Heap Blocks": 9702, "Plans": [{"Node Type": "Bitmap Index Scan", "Parent Relationship": "Outer", "Index Name": "keyword_id_movie_keyword", "Startup Cost": 0.0, "Total Cost": 4.5, "Plan Rows": 33, "Plan Width": 0, "Actual Startup Time": 8.103, "Actual Total Time": 8.103, "Actual Rows": 41840, "Actual Loops": 1, "Index Cond": "(keyword_id = k.id)"}]}]}, {"Node Type": "Index Scan", "Parent Relationship": "Inner", "Scan Direction": "Forward", "Index Name": "movie_id_movie_companies", "Relation Name": "movie_companies", "Alias": "mc", "Startup Cost": 0.0, "Total Cost": 0.31, "Plan Rows": 2, "Plan Width": 8, "Actual Startup Time": 159.044, "Actual Total Time": 235.457, "Actual Rows": 148552, "Actual Loops": 41840, "Index Cond": "(movie_id = mk.movie_id)", "Rows Removed by Index Recheck": 0}]}, {"Node Type": "Index Scan", "Parent Relationship": "Inner", "Scan Direction": "Forward", "Index Name": "company_name_pkey", "Relation Name": "company_name", "Alias": "cn", "Startup Cost": 0.0, "Total Cost": 0.28, "Plan Rows": 1, "Plan Width": 4, "Actual Startup Time": 571.46, "Actual Total Time": 571.46, "Actual Rows": 5228, "Actual Loops": 148552, "Index Cond": "(id = mc.company_id)", "Rows Removed by Index Recheck": 0, "Filter": "((country_code)::text = '[nl]'::text)", "Rows Removed by Filter": 143324}]}, {"Node Type": "Index Scan", "Parent Relationship": "Inner", "Scan Direction": "Forward", "Index Name": "title_pkey", "Relation Name": "title", "Alias": "t", "Startup Cost": 0.0, "Total Cost": 0.31, "Plan Rows": 1, "Plan Width": 21, "Actual Startup Time": 23.224, "Actual Total Time": 23.224, "Actual Rows": 5228, "Actual Loops": 5228, "Index Cond": "(id = mk.movie_id)", "Rows Removed by Index Recheck": 0}]}]}, "Triggers": [], "Planner Runtime": 9.253, "Total Runtime": 1144.942, "Unique SQL Id": 2804875951}}, "(1, '118')": {"explain_plan": {"Plan": {"Node Type": "Aggregate", "Strategy": "Plain", "Startup Cost": 3019.97, "Total Cost": 3019.98, "Plan Rows": 1, "Plan Width": 49, "Plans": [{"Node Type": "Nested Loop", "Parent Relationship": "Outer", "Join Type": "Inner", "Startup Cost": 5.3, "Total Cost": 3019.97, "Plan Rows": 2, "Plan Width": 17, "Inner Unique": true, "Join Filter": "(mc.movie_id = t.id)", "Plans": [{"Node Type": "Nested Loop", "Parent Relationship": "Outer", "Join Type": "Inner", "Startup Cost": 5.04, "Total Cost": 3011.39, "Plan Rows": 2, "Plan Width": 8, "Inner Unique": true, "Plans": [{"Node Type": "Nested Loop", "Parent Relationship": "Outer", "Join Type": "Inner", "Startup Cost": 4.78, "Total Cost": 2711.55, "Plan Rows": 70, "Plan Width": 12, "Inner Unique": false, "Plans": [{"Node Type": "Nested Loop", "Parent Relationship": "Outer", "Join Type": "Inner", "Startup Cost": 4.51, "Total Cost": 2569.02, "Plan Rows": 33, "Plan Width": 4, "Inner Unique": false, "Plans": [{"Node Type": "Seq Scan", "Parent Relationship": "Outer", "Relation Name": "keyword", "Alias": "k", "Startup Cost": 0.0, "Total Cost": 2436.11, "Plan Rows": 1, "Plan Width": 4, "Filter": "((keyword)::text = 'character-name-in-title'::text)"}, {"Node Type": "Bitmap Heap Scan", "Parent Relationship": "Inner", "Relation Name": "movie_keyword", "Alias": "mk", "Startup Cost": 4.51, "Total Cost": 132.58, "Plan Rows": 33, "Plan Width": 8, "Recheck Cond": "(keyword_id = k.id)", "Plans": [{"Node Type": "Bitmap Index Scan", "Parent Relationship": "Outer", "Index Name": "keyword_id_movie_keyword", "Startup Cost": 0.0, "Total Cost": 4.5, "Plan Rows": 33, "Plan Width": 0, "Index Cond": "(keyword_id = k.id)"}]}]}, {"Node Type": "Bitmap Heap Scan", "Parent Relationship": "Inner", "Relation Name": "movie_companies", "Alias": "mc", "Startup Cost": 0.27, "Total Cost": 4.3, "Plan Rows": 2, "Plan Width": 8, "Recheck Cond": "(movie_id = mk.movie_id)", "Plans": [{"Node Type": "Bitmap Index Scan", "Parent Relationship": "Outer", "Index Name": "movie_id_movie_companies", "Startup Cost": 0.0, "Total Cost": 0.27, "Plan Rows": 2, "Plan Width": 0, "Index Cond": "(movie_id = mk.movie_id)"}]}]}, {"Node Type": "Bitmap Heap Scan", "Parent Relationship": "Inner", "Relation Name": "company_name", "Alias": "cn", "Startup Cost": 0.26, "Total Cost": 4.27, "Plan Rows": 1, "Plan Width": 4, "Recheck Cond": "(id = mc.company_id)", "Filter": "((country_code)::text = '[nl]'::text)", "Plans": [{"Node Type": "Bitmap Index Scan", "Parent Relationship": "Outer", "Index Name": "company_name_pkey", "Startup Cost": 0.0, "Total Cost": 0.26, "Plan Rows": 1, "Plan Width": 0, "Index Cond": "(id = mc.company_id)"}]}]}, {"Node Type": "Bitmap Heap Scan", "Parent Relationship": "Inner", "Relation Name": "title", "Alias": "t", "Startup Cost": 0.27, "Total Cost": 4.28, "Plan Rows": 1, "Plan Width": 21, "Recheck Cond": "(id = mk.movie_id)", "Plans": [{"Node Type": "Bitmap Index Scan", "Parent Relationship": "Outer", "Index Name": "title_pkey", "Startup Cost": 0.0, "Total Cost": 0.27, "Plan Rows": 1, "Plan Width": 0, "Index Cond": "(id = mk.movie_id)"}]}]}]}, "Unique SQL Id": 2804875951, "Planner Runtime": 1}, "explain_analyze_plan": {"Plan": {"Node Type": "Aggregate", "Strategy": "Plain", "Startup Cost": 3019.97, "Total Cost": 3019.98, "Plan Rows": 1, "Plan Width": 49, "Actual Startup Time": 1387.256, "Actual Total Time": 1387.257, "Actual Rows": 1, "Actual Loops": 1, "Plans": [{"Node Type": "Nested Loop", "Parent Relationship": "Outer", "Join Type": "Inner", "Startup Cost": 5.3, "Total Cost": 3019.97, "Plan Rows": 2, "Plan Width": 17, "Actual Startup Time": 15.885, "Actual Total Time": 1382.928, "Actual Rows": 5228, "Actual Loops": 1, "Inner Unique": true, "Join Filter": "(mc.movie_id = t.id)", "Rows Removed by Join Filter": 0, "Plans": [{"Node Type": "Nested Loop", "Parent Relationship": "Outer", "Join Type": "Inner", "Startup Cost": 5.04, "Total Cost": 3011.39, "Plan Rows": 2, "Plan Width": 8, "Actual Startup Time": 15.861, "Actual Total Time": 1346.204, "Actual Rows": 5228, "Actual Loops": 1, "Inner Unique": true, "Plans": [{"Node Type": "Nested Loop", "Parent Relationship": "Outer", "Join Type": "Inner", "Startup Cost": 4.78, "Total Cost": 2711.55, "Plan Rows": 70, "Plan Width": 12, "Actual Startup Time": 11.506, "Actual Total Time": 487.661, "Actual Rows": 148552, "Actual Loops": 1, "Inner Unique": false, "Plans": [{"Node Type": "Nested Loop", "Parent Relationship": "Outer", "Join Type": "Inner", "Startup Cost": 4.51, "Total Cost": 2569.02, "Plan Rows": 33, "Plan Width": 4, "Actual Startup Time": 11.467, "Actual Total Time": 97.589, "Actual Rows": 41840, "Actual Loops": 1, "Inner Unique": false, "Plans": [{"Node Type": "Seq Scan", "Parent Relationship": "Outer", "Relation Name": "keyword", "Alias": "k", "Startup Cost": 0.0, "Total Cost": 2436.11, "Plan Rows": 1, "Plan Width": 4, "Actual Startup Time": 1.835, "Actual Total Time": 40.613, "Actual Rows": 1, "Actual Loops": 1, "Filter": "((keyword)::text = 'character-name-in-title'::text)", "Rows Removed by Filter": 134168}, {"Node Type": "Bitmap Heap Scan", "Parent Relationship": "Inner", "Relation Name": "movie_keyword", "Alias": "mk", "Startup Cost": 4.51, "Total Cost": 132.58, "Plan Rows": 33, "Plan Width": 8, "Actual Startup Time": 9.627, "Actual Total Time": 47.321, "Actual Rows": 41840, "Actual Loops": 1, "Recheck Cond": "(keyword_id = k.id)", "Rows Removed by Index Recheck": 0, "Exact Heap Blocks": 9702, "Lossy Heap Blocks": 9702, "Plans": [{"Node Type": "Bitmap Index Scan", "Parent Relationship": "Outer", "Index Name": "keyword_id_movie_keyword", "Startup Cost": 0.0, "Total Cost": 4.5, "Plan Rows": 33, "Plan Width": 0, "Actual Startup Time": 7.876, "Actual Total Time": 7.876, "Actual Rows": 41840, "Actual Loops": 1, "Index Cond": "(keyword_id = k.id)"}]}]}, {"Node Type": "Bitmap Heap Scan", "Parent Relationship": "Inner", "Relation Name": "movie_companies", "Alias": "mc", "Startup Cost": 0.27, "Total Cost": 4.3, "Plan Rows": 2, "Plan Width": 8, "Actual Startup Time": 249.986, "Actual Total Time": 306.048, "Actual Rows": 148552, "Actual Loops": 41840, "Recheck Cond": "(movie_id = mk.movie_id)", "Rows Removed by Index Recheck": 0, "Exact Heap Blocks": 62638, "Lossy Heap Blocks": 62638, "Plans": [{"Node Type": "Bitmap Index Scan", "Parent Relationship": "Outer", "Index Name": "movie_id_movie_companies", "Startup Cost": 0.0, "Total Cost": 0.27, "Plan Rows": 2, "Plan Width": 0, "Actual Startup Time": 154.185, "Actual Total Time": 154.185, "Actual Rows": 148552, "Actual Loops": 41840, "Index Cond": "(movie_id = mk.movie_id)"}]}]}, {"Node Type": "Bitmap Heap Scan", "Parent Relationship": "Inner", "Relation Name": "company_name", "Alias": "cn", "Startup Cost": 0.26, "Total Cost": 4.27, "Plan Rows": 1, "Plan Width": 4, "Actual Startup Time": 692.747, "Actual Total Time": 692.747, "Actual Rows": 5228, "Actual Loops": 148552, "Recheck Cond": "(id = mc.company_id)", "Rows Removed by Index Recheck": 0, "Filter": "((country_code)::text = '[nl]'::text)", "Rows Removed by Filter": 143324, "Exact Heap Blocks": 148552, "Lossy Heap Blocks": 148552, "Plans": [{"Node Type": "Bitmap Index Scan", "Parent Relationship": "Outer", "Index Name": "company_name_pkey", "Startup Cost": 0.0, "Total Cost": 0.26, "Plan Rows": 1, "Plan Width": 0, "Actual Startup Time": 381.81, "Actual Total Time": 381.81, "Actual Rows": 148552, "Actual Loops": 148552, "Index Cond": "(id = mc.company_id)"}]}]}, {"Node Type": "Bitmap Heap Scan", "Parent Relationship": "Inner", "Relation Name": "title", "Alias": "t", "Startup Cost": 0.27, "Total Cost": 4.28, "Plan Rows": 1, "Plan Width": 21, "Actual Startup Time": 27.63, "Actual Total Time": 27.63, "Actual Rows": 5228, "Actual Loops": 5228, "Recheck Cond": "(id = mk.movie_id)", "Rows Removed by Index Recheck": 0, "Exact Heap Blocks": 5228, "Lossy Heap Blocks": 5228, "Plans": [{"Node Type": "Bitmap Index Scan", "Parent Relationship": "Outer", "Index Name": "title_pkey", "Startup Cost": 0.0, "Total Cost": 0.27, "Plan Rows": 1, "Plan Width": 0, "Actual Startup Time": 16.841, "Actual Total Time": 16.841, "Actual Rows": 5228, "Actual Loops": 5228, "Index Cond": "(id = mk.movie_id)"}]}]}]}, "Triggers": [], "Planner Runtime": 9.24, "Total Runtime": 1387.727, "Unique SQL Id": 2804875951}}, "(1, '119')": {"explain_plan": {"Plan": {"Node Type": "Aggregate", "Strategy": "Plain", "Startup Cost": 1000025545541.31, "Total Cost": 1000025545541.32, "Plan Rows": 1, "Plan Width": 49, "Plans": [{"Node Type": "Nested Loop", "Parent Relationship": "Outer", "Join Type": "Inner", "Startup Cost": 10000000001.12, "Total Cost": 1000025545541.31, "Plan Rows": 2, "Plan Width": 17, "Inner Unique": true, "Join Filter": "(mc.movie_id = t.id)", "Plans": [{"Node Type": "Nested Loop", "Parent Relationship": "Outer", "Join Type": "Inner", "Startup Cost": 10000000000.85, "Total Cost": 1000025545532.73, "Plan Rows": 2, "Plan Width": 8, "Inner Unique": true, "Plans": [{"Node Type": "Nested Loop", "Parent Relationship": "Outer", "Join Type": "Inner", "Startup Cost": 10000000000.6, "Total Cost": 1000024380163.58, "Plan Rows": 272107, "Plan Width": 12, "Inner Unique": false, "Plans": [{"Node Type": "Nested Loop", "Parent Relationship": "Outer", "Join Type": "Inner", "Startup Cost": 10000000000.26, "Total Cost": 1000024227793.07, "Plan Rows": 33725, "Plan Width": 4, "Inner Unique": true, "Plans": [{"Node Type": "Index Scan", "Parent Relationship": "Outer", "Scan Direction": "Forward", "Index Name": "movie_id_movie_companies", "Relation Name": "movie_companies", "Alias": "mc", "Startup Cost": 10000000000.0, "Total Cost": 1000013051946.13, "Plan Rows": 2609128, "Plan Width": 8}, {"Node Type": "Bitmap Heap Scan", "Parent Relationship": "Inner", "Relation Name": "company_name", "Alias": "cn", "Startup Cost": 0.26, "Total Cost": 4.27, "Plan Rows": 1, "Plan Width": 4, "Recheck Cond": "(id = mc.company_id)", "Filter": "((country_code)::text = '[nl]'::text)", "Plans": [{"Node Type": "Bitmap Index Scan", "Parent Relationship": "Outer", "Index Name": "company_name_pkey", "Startup Cost": 0.0, "Total Cost": 0.26, "Plan Rows": 1, "Plan Width": 0, "Index Cond": "(id = mc.company_id)"}]}]}, {"Node Type": "Bitmap Heap Scan", "Parent Relationship": "Inner", "Relation Name": "movie_keyword", "Alias": "mk", "Startup Cost": 0.34, "Total Cost": 4.44, "Plan Rows": 8, "Plan Width": 8, "Recheck Cond": "(movie_id = mc.movie_id)", "Plans": [{"Node Type": "Bitmap Index Scan", "Parent Relationship": "Outer", "Index Name": "movie_id_movie_keyword", "Startup Cost": 0.0, "Total Cost": 0.34, "Plan Rows": 8, "Plan Width": 0, "Index Cond": "(movie_id = mc.movie_id)"}]}]}, {"Node Type": "Bitmap Heap Scan", "Parent Relationship": "Inner", "Relation Name": "keyword", "Alias": "k", "Startup Cost": 0.26, "Total Cost": 4.27, "Plan Rows": 1, "Plan Width": 4, "Recheck Cond": "(id = mk.keyword_id)", "Filter": "((keyword)::text = 'character-name-in-title'::text)", "Plans": [{"Node Type": "Bitmap Index Scan", "Parent Relationship": "Outer", "Index Name": "keyword_pkey", "Startup Cost": 0.0, "Total Cost": 0.26, "Plan Rows": 1, "Plan Width": 0, "Index Cond": "(id = mk.keyword_id)"}]}]}, {"Node Type": "Bitmap Heap Scan", "Parent Relationship": "Inner", "Relation Name": "title", "Alias": "t", "Startup Cost": 0.27, "Total Cost": 4.28, "Plan Rows": 1, "Plan Width": 21, "Recheck Cond": "(id = mk.movie_id)", "Plans": [{"Node Type": "Bitmap Index Scan", "Parent Relationship": "Outer", "Index Name": "title_pkey", "Startup Cost": 0.0, "Total Cost": 0.27, "Plan Rows": 1, "Plan Width": 0, "Index Cond": "(id = mk.movie_id)"}]}]}]}, "Unique SQL Id": 2804875951, "Planner Runtime": 1}, "explain_analyze_plan": null}, "(1, '120')": {"explain_plan": {"Plan": {"Node Type": "Aggregate", "Strategy": "Plain", "Startup Cost": 2605.07, "Total Cost": 2605.08, "Plan Rows": 1, "Plan Width": 49, "Plans": [{"Node Type": "Nested Loop", "Parent Relationship": "Outer", "Join Type": "Inner", "Startup Cost": 0.0, "Total Cost": 2605.07, "Plan Rows": 2, "Plan Width": 17, "Inner Unique": true, "Join Filter": "(mc.movie_id = t.id)", "Plans": [{"Node Type": "Nested Loop", "Parent Relationship": "Outer", "Join Type": "Inner", "Startup Cost": 0.0, "Total Cost": 2604.42, "Plan Rows": 2, "Plan Width": 8, "Inner Unique": true, "Plans": [{"Node Type": "Nested Loop", "Parent Relationship": "Outer", "Join Type": "Inner", "Startup Cost": 0.0, "Total Cost": 2584.29, "Plan Rows": 70, "Plan Width": 12, "Inner Unique": false, "Plans": [{"Node Type": "Nested Loop", "Parent Relationship": "Outer", "Join Type": "Inner", "Startup Cost": 0.0, "Total Cost": 2573.32, "Plan Rows": 33, "Plan Width": 4, "Inner Unique": false, "Plans": [{"Node Type": "Seq Scan", "Parent Relationship": "Outer", "Relation Name": "keyword", "Alias": "k", "Startup Cost": 0.0, "Total Cost": 2436.11, "Plan Rows": 1, "Plan Width": 4, "Filter": "((keyword)::text = 'character-name-in-title'::text)"}, {"Node Type": "Index Scan", "Parent Relationship": "Inner", "Scan Direction": "Forward", "Index Name": "keyword_id_movie_keyword", "Relation Name": "movie_keyword", "Alias": "mk", "Startup Cost": 0.0, "Total Cost": 136.88, "Plan Rows": 33, "Plan Width": 8, "Index Cond": "(keyword_id = k.id)"}]}, {"Node Type": "Index Scan", "Parent Relationship": "Inner", "Scan Direction": "Forward", "Index Name": "movie_id_movie_companies", "Relation Name": "movie_companies", "Alias": "mc", "Startup Cost": 0.0, "Total Cost": 0.31, "Plan Rows": 2, "Plan Width": 8, "Index Cond": "(movie_id = mk.movie_id)"}]}, {"Node Type": "Index Scan", "Parent Relationship": "Inner", "Scan Direction": "Forward", "Index Name": "company_name_pkey", "Relation Name": "company_name", "Alias": "cn", "Startup Cost": 0.0, "Total Cost": 0.28, "Plan Rows": 1, "Plan Width": 4, "Index Cond": "(id = mc.company_id)", "Filter": "((country_code)::text = '[nl]'::text)"}]}, {"Node Type": "Index Scan", "Parent Relationship": "Inner", "Scan Direction": "Forward", "Index Name": "title_pkey", "Relation Name": "title", "Alias": "t", "Startup Cost": 0.0, "Total Cost": 0.31, "Plan Rows": 1, "Plan Width": 21, "Index Cond": "(id = mk.movie_id)"}]}]}, "Unique SQL Id": 2804875951, "Planner Runtime": 1}, "explain_analyze_plan": {"Plan": {"Node Type": "Aggregate", "Strategy": "Plain", "Startup Cost": 2605.07, "Total Cost": 2605.08, "Plan Rows": 1, "Plan Width": 49, "Actual Startup Time": 1018.693, "Actual Total Time": 1018.694, "Actual Rows": 1, "Actual Loops": 1, "Plans": [{"Node Type": "Nested Loop", "Parent Relationship": "Outer", "Join Type": "Inner", "Startup Cost": 0.0, "Total Cost": 2605.07, "Plan Rows": 2, "Plan Width": 17, "Actual Startup Time": 4.88, "Actual Total Time": 1015.562, "Actual Rows": 5228, "Actual Loops": 1, "Inner Unique": true, "Join Filter": "(mc.movie_id = t.id)", "Rows Removed by Join Filter": 0, "Plans": [{"Node Type": "Nested Loop", "Parent Relationship": "Outer", "Join Type": "Inner", "Startup Cost": 0.0, "Total Cost": 2604.42, "Plan Rows": 2, "Plan Width": 8, "Actual Startup Time": 4.865, "Actual Total Time": 988.098, "Actual Rows": 5228, "Actual Loops": 1, "Inner Unique": true, "Plans": [{"Node Type": "Nested Loop", "Parent Relationship": "Outer", "Join Type": "Inner", "Startup Cost": 0.0, "Total Cost": 2584.29, "Plan Rows": 70, "Plan Width": 12, "Actual Startup Time": 1.836, "Actual Total Time": 368.761, "Actual Rows": 148552, "Actual Loops": 1, "Inner Unique": false, "Plans": [{"Node Type": "Nested Loop", "Parent Relationship": "Outer", "Join Type": "Inner", "Startup Cost": 0.0, "Total Cost": 2573.32, "Plan Rows": 33, "Plan Width": 4, "Actual Startup Time": 1.817, "Actual Total Time": 90.483, "Actual Rows": 41840, "Actual Loops": 1, "Inner Unique": false, "Plans": [{"Node Type": "Seq Scan", "Parent Relationship": "Outer", "Relation Name": "keyword", "Alias": "k", "Startup Cost": 0.0, "Total Cost": 2436.11, "Plan Rows": 1, "Plan Width": 4, "Actual Startup Time": 1.79, "Actual Total Time": 42.521, "Actual Rows": 1, "Actual Loops": 1, "Filter": "((keyword)::text = 'character-name-in-title'::text)", "Rows Removed by Filter": 134168}, {"Node Type": "Index Scan", "Parent Relationship": "Inner", "Scan Direction": "Forward", "Index Name": "keyword_id_movie_keyword", "Relation Name": "movie_keyword", "Alias": "mk", "Startup Cost": 0.0, "Total Cost": 136.88, "Plan Rows": 33, "Plan Width": 8, "Actual Startup Time": 0.021, "Actual Total Time": 38.672, "Actual Rows": 41840, "Actual Loops": 1, "Index Cond": "(keyword_id = k.id)", "Rows Removed by Index Recheck": 0}]}, {"Node Type": "Index Scan", "Parent Relationship": "Inner", "Scan Direction": "Forward", "Index Name": "movie_id_movie_companies", "Relation Name": "movie_companies", "Alias": "mc", "Startup Cost": 0.0, "Total Cost": 0.31, "Plan Rows": 2, "Plan Width": 8, "Actual Startup Time": 149.771, "Actual Total Time": 222.908, "Actual Rows": 148552, "Actual Loops": 41840, "Index Cond": "(movie_id = mk.movie_id)", "Rows Removed by Index Recheck": 0}]}, {"Node Type": "Index Scan", "Parent Relationship": "Inner", "Scan Direction": "Forward", "Index Name": "company_name_pkey", "Relation Name": "company_name", "Alias": "cn", "Startup Cost": 0.0, "Total Cost": 0.28, "Plan Rows": 1, "Plan Width": 4, "Actual Startup Time": 548.889, "Actual Total Time": 548.889, "Actual Rows": 5228, "Actual Loops": 148552, "Index Cond": "(id = mc.company_id)", "Rows Removed by Index Recheck": 0, "Filter": "((country_code)::text = '[nl]'::text)", "Rows Removed by Filter": 143324}]}, {"Node Type": "Index Scan", "Parent Relationship": "Inner", "Scan Direction": "Forward", "Index Name": "title_pkey", "Relation Name": "title", "Alias": "t", "Startup Cost": 0.0, "Total Cost": 0.31, "Plan Rows": 1, "Plan Width": 21, "Actual Startup Time": 21.677, "Actual Total Time": 21.677, "Actual Rows": 5228, "Actual Loops": 5228, "Index Cond": "(id = mk.movie_id)", "Rows Removed by Index Recheck": 0}]}]}, "Triggers": [], "Planner Runtime": 9.006, "Total Runtime": 1018.947, "Unique SQL Id": 2804875951}}, "(1, '121')": {"explain_plan": {"Plan": {"Node Type": "Aggregate", "Strategy": "Plain", "Startup Cost": 3351.67, "Total Cost": 3351.68, "Plan Rows": 1, "Plan Width": 49, "Plans": [{"Node Type": "Nested Loop", "Parent Relationship": "Outer", "Join Type": "Inner", "Startup Cost": 0.0, "Total Cost": 3351.67, "Plan Rows": 2, "Plan Width": 17, "Inner Unique": true, "Join Filter": "(mc.movie_id = t.id)", "Plans": [{"Node Type": "Nested Loop", "Parent Relationship": "Outer", "Join Type": "Inner", "Startup Cost": 0.0, "Total Cost": 3351.03, "Plan Rows": 2, "Plan Width": 8, "Inner Unique": true, "Plans": [{"Node Type": "Nested Loop", "Parent Relationship": "Outer", "Join Type": "Inner", "Startup Cost": 0.0, "Total Cost": 3330.89, "Plan Rows": 70, "Plan Width": 12, "Inner Unique": false, "Plans": [{"Node Type": "Nested Loop", "Parent Relationship": "Outer", "Join Type": "Inner", "Startup Cost": 0.0, "Total Cost": 3319.92, "Plan Rows": 33, "Plan Width": 4, "Inner Unique": false, "Plans": [{"Node Type": "Index Scan", "Parent Relationship": "Outer", "Scan Direction": "Forward", "Index Name": "keyword_pkey", "Relation Name": "keyword", "Alias": "k", "Startup Cost": 0.0, "Total Cost": 3182.72, "Plan Rows": 1, "Plan Width": 4, "Filter": "((keyword)::text = 'character-name-in-title'::text)"}, {"Node Type": "Index Scan", "Parent Relationship": "Inner", "Scan Direction": "Forward", "Index Name": "keyword_id_movie_keyword", "Relation Name": "movie_keyword", "Alias": "mk", "Startup Cost": 0.0, "Total Cost": 136.88, "Plan Rows": 33, "Plan Width": 8, "Index Cond": "(keyword_id = k.id)"}]}, {"Node Type": "Index Scan", "Parent Relationship": "Inner", "Scan Direction": "Forward", "Index Name": "movie_id_movie_companies", "Relation Name": "movie_companies", "Alias": "mc", "Startup Cost": 0.0, "Total Cost": 0.31, "Plan Rows": 2, "Plan Width": 8, "Index Cond": "(movie_id = mk.movie_id)"}]}, {"Node Type": "Index Scan", "Parent Relationship": "Inner", "Scan Direction": "Forward", "Index Name": "company_name_pkey", "Relation Name": "company_name", "Alias": "cn", "Startup Cost": 0.0, "Total Cost": 0.28, "Plan Rows": 1, "Plan Width": 4, "Index Cond": "(id = mc.company_id)", "Filter": "((country_code)::text = '[nl]'::text)"}]}, {"Node Type": "Index Scan", "Parent Relationship": "Inner", "Scan Direction": "Forward", "Index Name": "title_pkey", "Relation Name": "title", "Alias": "t", "Startup Cost": 0.0, "Total Cost": 0.31, "Plan Rows": 1, "Plan Width": 21, "Index Cond": "(id = mk.movie_id)"}]}]}, "Unique SQL Id": 2804875951, "Planner Runtime": 1}, "explain_analyze_plan": {"Plan": {"Node Type": "Aggregate", "Strategy": "Plain", "Startup Cost": 3351.67, "Total Cost": 3351.68, "Plan Rows": 1, "Plan Width": 49, "Actual Startup Time": 1104.099, "Actual Total Time": 1104.099, "Actual Rows": 1, "Actual Loops": 1, "Plans": [{"Node Type": "Nested Loop", "Parent Relationship": "Outer", "Join Type": "Inner", "Startup Cost": 0.0, "Total Cost": 3351.67, "Plan Rows": 2, "Plan Width": 17, "Actual Startup Time": 3.277, "Actual Total Time": 1101.041, "Actual Rows": 5228, "Actual Loops": 1, "Inner Unique": true, "Join Filter": "(mc.movie_id = t.id)", "Rows Removed by Join Filter": 0, "Plans": [{"Node Type": "Nested Loop", "Parent Relationship": "Outer", "Join Type": "Inner", "Startup Cost": 0.0, "Total Cost": 3351.03, "Plan Rows": 2, "Plan Width": 8, "Actual Startup Time": 3.261, "Actual Total Time": 1073.962, "Actual Rows": 5228, "Actual Loops": 1, "Inner Unique": true, "Plans": [{"Node Type": "Nested Loop", "Parent Relationship": "Outer", "Join Type": "Inner", "Startup Cost": 0.0, "Total Cost": 3330.89, "Plan Rows": 70, "Plan Width": 12, "Actual Startup Time": 0.244, "Actual Total Time": 439.938, "Actual Rows": 148552, "Actual Loops": 1, "Inner Unique": false, "Plans": [{"Node Type": "Nested Loop", "Parent Relationship": "Outer", "Join Type": "Inner", "Startup Cost": 0.0, "Total Cost": 3319.92, "Plan Rows": 33, "Plan Width": 4, "Actual Startup Time": 0.228, "Actual Total Time": 160.992, "Actual Rows": 41840, "Actual Loops": 1, "Inner Unique": false, "Plans": [{"Node Type": "Index Scan", "Parent Relationship": "Outer", "Scan Direction": "Forward", "Index Name": "keyword_pkey", "Relation Name": "keyword", "Alias": "k", "Startup Cost": 0.0, "Total Cost": 3182.72, "Plan Rows": 1, "Plan Width": 4, "Actual Startup Time": 0.209, "Actual Total Time": 114.577, "Actual Rows": 1, "Actual Loops": 1, "Filter": "((keyword)::text = 'character-name-in-title'::text)", "Rows Removed by Filter": 134168}, {"Node Type": "Index Scan", "Parent Relationship": "Inner", "Scan Direction": "Forward", "Index Name": "keyword_id_movie_keyword", "Relation Name": "movie_keyword", "Alias": "mk", "Startup Cost": 0.0, "Total Cost": 136.88, "Plan Rows": 33, "Plan Width": 8, "Actual Startup Time": 0.015, "Actual Total Time": 37.044, "Actual Rows": 41840, "Actual Loops": 1, "Index Cond": "(keyword_id = k.id)", "Rows Removed by Index Recheck": 0}]}, {"Node Type": "Index Scan", "Parent Relationship": "Inner", "Scan Direction": "Forward", "Index Name": "movie_id_movie_companies", "Relation Name": "movie_companies", "Alias": "mc", "Startup Cost": 0.0, "Total Cost": 0.31, "Plan Rows": 2, "Plan Width": 8, "Actual Startup Time": 150.187, "Actual Total Time": 222.909, "Actual Rows": 148552, "Actual Loops": 41840, "Index Cond": "(movie_id = mk.movie_id)", "Rows Removed by Index Recheck": 0}]}, {"Node Type": "Index Scan", "Parent Relationship": "Inner", "Scan Direction": "Forward", "Index Name": "company_name_pkey", "Relation Name": "company_name", "Alias": "cn", "Startup Cost": 0.0, "Total Cost": 0.28, "Plan Rows": 1, "Plan Width": 4, "Actual Startup Time": 562.098, "Actual Total Time": 562.098, "Actual Rows": 5228, "Actual Loops": 148552, "Index Cond": "(id = mc.company_id)", "Rows Removed by Index Recheck": 0, "Filter": "((country_code)::text = '[nl]'::text)", "Rows Removed by Filter": 143324}]}, {"Node Type": "Index Scan", "Parent Relationship": "Inner", "Scan Direction": "Forward", "Index Name": "title_pkey", "Relation Name": "title", "Alias": "t", "Startup Cost": 0.0, "Total Cost": 0.31, "Plan Rows": 1, "Plan Width": 21, "Actual Startup Time": 21.503, "Actual Total Time": 21.503, "Actual Rows": 5228, "Actual Loops": 5228, "Index Cond": "(id = mk.movie_id)", "Rows Removed by Index Recheck": 0}]}]}, "Triggers": [], "Planner Runtime": 9.208, "Total Runtime": 1104.346, "Unique SQL Id": 2804875951}}, "(1, '122')": {"explain_plan": {"Plan": {"Node Type": "Aggregate", "Strategy": "Plain", "Startup Cost": 1598936.31, "Total Cost": 1598936.32, "Plan Rows": 1, "Plan Width": 49, "Plans": [{"Node Type": "Nested Loop", "Parent Relationship": "Outer", "Join Type": "Inner", "Startup Cost": 0.0, "Total Cost": 1598936.31, "Plan Rows": 2, "Plan Width": 17, "Inner Unique": false, "Join Filter": "(mc.movie_id = t.id)", "Plans": [{"Node Type": "Seq Scan", "Parent Relationship": "Outer", "Relation Name": "title", "Alias": "t", "Startup Cost": 0.0, "Total Cost": 60069.11, "Plan Rows": 2528311, "Plan Width": 21}, {"Node Type": "Materialize", "Parent Relationship": "Inner", "Startup Cost": 0.0, "Total Cost": 1463017.87, "Plan Rows": 2, "Plan Width": 8, "Plans": [{"Node Type": "Nested Loop", "Parent Relationship": "Outer", "Join Type": "Inner", "Startup Cost": 0.0, "Total Cost": 1463017.86, "Plan Rows": 2, "Plan Width": 8, "Inner Unique": false, "Join Filter": "(mc.company_id = cn.id)", "Plans": [{"Node Type": "Seq Scan", "Parent Relationship": "Outer", "Relation Name": "company_name", "Alias": "cn", "Startup Cost": 0.0, "Total Cost": 5903.45, "Plan Rows": 2240, "Plan Width": 4, "Filter": "((country_code)::text = '[nl]'::text)"}, {"Node Type": "Materialize", "Parent Relationship": "Inner", "Startup Cost": 0.0, "Total Cost": 1454762.59, "Plan Rows": 70, "Plan Width": 12, "Plans": [{"Node Type": "Nested Loop", "Parent Relationship": "Outer", "Join Type": "Inner", "Startup Cost": 0.0, "Total Cost": 1454762.24, "Plan Rows": 70, "Plan Width": 12, "Inner Unique": false, "Join Filter": "(mk.movie_id = mc.movie_id)", "Plans": [{"Node Type": "Seq Scan", "Parent Relationship": "Outer", "Relation Name": "movie_companies", "Alias": "mc", "Startup Cost": 0.0, "Total Cost": 41817.28, "Plan Rows": 2609128, "Plan Width": 8}, {"Node Type": "Materialize", "Parent Relationship": "Inner", "Startup Cost": 0.0, "Total Cost": 121426.68, "Plan Rows": 33, "Plan Width": 4, "Plans": [{"Node Type": "Nested Loop", "Parent Relationship": "Outer", "Join Type": "Inner", "Startup Cost": 0.0, "Total Cost": 121426.52, "Plan Rows": 33, "Plan Width": 4, "Inner Unique": false, "Join Filter": "(k.id = mk.keyword_id)", "Plans": [{"Node Type": "Seq Scan", "Parent Relationship": "Outer", "Relation Name": "keyword", "Alias": "k", "Startup Cost": 0.0, "Total Cost": 2436.11, "Plan Rows": 1, "Plan Width": 4, "Filter": "((keyword)::text = 'character-name-in-title'::text)"}, {"Node Type": "Seq Scan", "Parent Relationship": "Inner", "Relation Name": "movie_keyword", "Alias": "mk", "Startup Cost": 0.0, "Total Cost": 62441.29, "Plan Rows": 4523929, "Plan Width": 8}]}]}]}]}]}]}]}]}, "Unique SQL Id": 2804875951, "Planner Runtime": 1}, "explain_analyze_plan": null}, "(1, '123')": {"explain_plan": {"Plan": {"Node Type": "Aggregate", "Strategy": "Plain", "Startup Cost": 5000041492550.78, "Total Cost": 5000041492550.79, "Plan Rows": 1, "Plan Width": 49, "Plans": [{"Node Type": "Nested Loop", "Parent Relationship": "Outer", "Join Type": "Inner", "Startup Cost": 50000000000.0, "Total Cost": 5000041492550.77, "Plan Rows": 2, "Plan Width": 17, "Inner Unique": false, "Join Filter": "(mc.movie_id = t.id)", "Plans": [{"Node Type": "Index Scan", "Parent Relationship": "Outer", "Scan Direction": "Forward", "Index Name": "title_pkey", "Relation Name": "title", "Alias": "t", "Startup Cost": 10000000000.0, "Total Cost": 1000011012048.91, "Plan Rows": 2528311, "Plan Width": 21}, {"Node Type": "Materialize", "Parent Relationship": "Inner", "Startup Cost": 40000000000.0, "Total Cost": 4000030404652.53, "Plan Rows": 2, "Plan Width": 8, "Plans": [{"Node Type": "Nested Loop", "Parent Relationship": "Outer", "Join Type": "Inner", "Startup Cost": 40000000000.0, "Total Cost": 4000030404652.52, "Plan Rows": 2, "Plan Width": 8, "Inner Unique": true, "Join Filter": "(mc.company_id = cn.id)", "Plans": [{"Node Type": "Nested Loop", "Parent Relationship": "Outer", "Join Type": "Inner", "Startup Cost": 30000000000.0, "Total Cost": 3000029352155.95, "Plan Rows": 70, "Plan Width": 12, "Inner Unique": false, "Join Filter": "(mk.movie_id = mc.movie_id)", "Plans": [{"Node Type": "Nested Loop", "Parent Relationship": "Outer", "Join Type": "Inner", "Startup Cost": 20000000000.0, "Total Cost": 2000015686764.79, "Plan Rows": 33, "Plan Width": 4, "Inner Unique": true, "Join Filter": "(k.id = mk.keyword_id)", "Plans": [{"Node Type": "Index Scan", "Parent Relationship": "Outer", "Scan Direction": "Forward", "Index Name": "movie_id_movie_keyword", "Relation Name": "movie_keyword", "Alias": "mk", "Startup Cost": 10000000000.0, "Total Cost": 1000015300634.17, "Plan Rows": 4523929, "Plan Width": 8}, {"Node Type": "Materialize", "Parent Relationship": "Inner", "Startup Cost": 10000000000.0, "Total Cost": 1000000318271.69, "Plan Rows": 1, "Plan Width": 4, "Plans": [{"Node Type": "Index Scan", "Parent Relationship": "Outer", "Scan Direction": "Forward", "Index Name": "keyword_pkey", "Relation Name": "keyword", "Alias": "k", "Startup Cost": 10000000000.0, "Total Cost": 1000000318271.68, "Plan Rows": 1, "Plan Width": 4, "Filter": "((keyword)::text = 'character-name-in-title'::text)"}]}]}, {"Node Type": "Materialize", "Parent Relationship": "Inner", "Startup Cost": 10000000000.0, "Total Cost": 1000012380395.62, "Plan Rows": 2609128, "Plan Width": 8, "Plans": [{"Node Type": "Index Scan", "Parent Relationship": "Outer", "Scan Direction": "Forward", "Index Name": "company_id_movie_companies", "Relation Name": "movie_companies", "Alias": "mc", "Startup Cost": 10000000000.0, "Total Cost": 1000012367349.98, "Plan Rows": 2609128, "Plan Width": 8}]}]}, {"Node Type": "Materialize", "Parent Relationship": "Inner", "Startup Cost": 10000000000.0, "Total Cost": 1000001050150.17, "Plan Rows": 2240, "Plan Width": 4, "Plans": [{"Node Type": "Index Scan", "Parent Relationship": "Outer", "Scan Direction": "Forward", "Index Name": "company_name_pkey", "Relation Name": "company_name", "Alias": "cn", "Startup Cost": 10000000000.0, "Total Cost": 1000001050138.97, "Plan Rows": 2240, "Plan Width": 4, "Filter": "((country_code)::text = '[nl]'::text)"}]}]}]}]}]}, "Unique SQL Id": 2804875951, "Planner Runtime": 1}, "explain_analyze_plan": null}, "(1, '124')": {"explain_plan": {"Plan": {"Node Type": "Aggregate", "Strategy": "Plain", "Startup Cost": 2605.07, "Total Cost": 2605.08, "Plan Rows": 1, "Plan Width": 49, "Plans": [{"Node Type": "Nested Loop", "Parent Relationship": "Outer", "Join Type": "Inner", "Startup Cost": 0.0, "Total Cost": 2605.07, "Plan Rows": 2, "Plan Width": 17, "Inner Unique": true, "Join Filter": "(mc.movie_id = t.id)", "Plans": [{"Node Type": "Nested Loop", "Parent Relationship": "Outer", "Join Type": "Inner", "Startup Cost": 0.0, "Total Cost": 2604.42, "Plan Rows": 2, "Plan Width": 8, "Inner Unique": true, "Plans": [{"Node Type": "Nested Loop", "Parent Relationship": "Outer", "Join Type": "Inner", "Startup Cost": 0.0, "Total Cost": 2584.29, "Plan Rows": 70, "Plan Width": 12, "Inner Unique": false, "Plans": [{"Node Type": "Nested Loop", "Parent Relationship": "Outer", "Join Type": "Inner", "Startup Cost": 0.0, "Total Cost": 2573.32, "Plan Rows": 33, "Plan Width": 4, "Inner Unique": false, "Plans": [{"Node Type": "Seq Scan", "Parent Relationship": "Outer", "Relation Name": "keyword", "Alias": "k", "Startup Cost": 0.0, "Total Cost": 2436.11, "Plan Rows": 1, "Plan Width": 4, "Filter": "((keyword)::text = 'character-name-in-title'::text)"}, {"Node Type": "Index Scan", "Parent Relationship": "Inner", "Scan Direction": "Forward", "Index Name": "keyword_id_movie_keyword", "Relation Name": "movie_keyword", "Alias": "mk", "Startup Cost": 0.0, "Total Cost": 136.88, "Plan Rows": 33, "Plan Width": 8, "Index Cond": "(keyword_id = k.id)"}]}, {"Node Type": "Index Scan", "Parent Relationship": "Inner", "Scan Direction": "Forward", "Index Name": "movie_id_movie_companies", "Relation Name": "movie_companies", "Alias": "mc", "Startup Cost": 0.0, "Total Cost": 0.31, "Plan Rows": 2, "Plan Width": 8, "Index Cond": "(movie_id = mk.movie_id)"}]}, {"Node Type": "Index Scan", "Parent Relationship": "Inner", "Scan Direction": "Forward", "Index Name": "company_name_pkey", "Relation Name": "company_name", "Alias": "cn", "Startup Cost": 0.0, "Total Cost": 0.28, "Plan Rows": 1, "Plan Width": 4, "Index Cond": "(id = mc.company_id)", "Filter": "((country_code)::text = '[nl]'::text)"}]}, {"Node Type": "Index Scan", "Parent Relationship": "Inner", "Scan Direction": "Forward", "Index Name": "title_pkey", "Relation Name": "title", "Alias": "t", "Startup Cost": 0.0, "Total Cost": 0.31, "Plan Rows": 1, "Plan Width": 21, "Index Cond": "(id = mk.movie_id)"}]}]}, "Unique SQL Id": 2804875951, "Planner Runtime": 1}, "explain_analyze_plan": {"Plan": {"Node Type": "Aggregate", "Strategy": "Plain", "Startup Cost": 2605.07, "Total Cost": 2605.08, "Plan Rows": 1, "Plan Width": 49, "Actual Startup Time": 1018.693, "Actual Total Time": 1018.694, "Actual Rows": 1, "Actual Loops": 1, "Plans": [{"Node Type": "Nested Loop", "Parent Relationship": "Outer", "Join Type": "Inner", "Startup Cost": 0.0, "Total Cost": 2605.07, "Plan Rows": 2, "Plan Width": 17, "Actual Startup Time": 4.88, "Actual Total Time": 1015.562, "Actual Rows": 5228, "Actual Loops": 1, "Inner Unique": true, "Join Filter": "(mc.movie_id = t.id)", "Rows Removed by Join Filter": 0, "Plans": [{"Node Type": "Nested Loop", "Parent Relationship": "Outer", "Join Type": "Inner", "Startup Cost": 0.0, "Total Cost": 2604.42, "Plan Rows": 2, "Plan Width": 8, "Actual Startup Time": 4.865, "Actual Total Time": 988.098, "Actual Rows": 5228, "Actual Loops": 1, "Inner Unique": true, "Plans": [{"Node Type": "Nested Loop", "Parent Relationship": "Outer", "Join Type": "Inner", "Startup Cost": 0.0, "Total Cost": 2584.29, "Plan Rows": 70, "Plan Width": 12, "Actual Startup Time": 1.836, "Actual Total Time": 368.761, "Actual Rows": 148552, "Actual Loops": 1, "Inner Unique": false, "Plans": [{"Node Type": "Nested Loop", "Parent Relationship": "Outer", "Join Type": "Inner", "Startup Cost": 0.0, "Total Cost": 2573.32, "Plan Rows": 33, "Plan Width": 4, "Actual Startup Time": 1.817, "Actual Total Time": 90.483, "Actual Rows": 41840, "Actual Loops": 1, "Inner Unique": false, "Plans": [{"Node Type": "Seq Scan", "Parent Relationship": "Outer", "Relation Name": "keyword", "Alias": "k", "Startup Cost": 0.0, "Total Cost": 2436.11, "Plan Rows": 1, "Plan Width": 4, "Actual Startup Time": 1.79, "Actual Total Time": 42.521, "Actual Rows": 1, "Actual Loops": 1, "Filter": "((keyword)::text = 'character-name-in-title'::text)", "Rows Removed by Filter": 134168}, {"Node Type": "Index Scan", "Parent Relationship": "Inner", "Scan Direction": "Forward", "Index Name": "keyword_id_movie_keyword", "Relation Name": "movie_keyword", "Alias": "mk", "Startup Cost": 0.0, "Total Cost": 136.88, "Plan Rows": 33, "Plan Width": 8, "Actual Startup Time": 0.021, "Actual Total Time": 38.672, "Actual Rows": 41840, "Actual Loops": 1, "Index Cond": "(keyword_id = k.id)", "Rows Removed by Index Recheck": 0}]}, {"Node Type": "Index Scan", "Parent Relationship": "Inner", "Scan Direction": "Forward", "Index Name": "movie_id_movie_companies", "Relation Name": "movie_companies", "Alias": "mc", "Startup Cost": 0.0, "Total Cost": 0.31, "Plan Rows": 2, "Plan Width": 8, "Actual Startup Time": 149.771, "Actual Total Time": 222.908, "Actual Rows": 148552, "Actual Loops": 41840, "Index Cond": "(movie_id = mk.movie_id)", "Rows Removed by Index Recheck": 0}]}, {"Node Type": "Index Scan", "Parent Relationship": "Inner", "Scan Direction": "Forward", "Index Name": "company_name_pkey", "Relation Name": "company_name", "Alias": "cn", "Startup Cost": 0.0, "Total Cost": 0.28, "Plan Rows": 1, "Plan Width": 4, "Actual Startup Time": 548.889, "Actual Total Time": 548.889, "Actual Rows": 5228, "Actual Loops": 148552, "Index Cond": "(id = mc.company_id)", "Rows Removed by Index Recheck": 0, "Filter": "((country_code)::text = '[nl]'::text)", "Rows Removed by Filter": 143324}]}, {"Node Type": "Index Scan", "Parent Relationship": "Inner", "Scan Direction": "Forward", "Index Name": "title_pkey", "Relation Name": "title", "Alias": "t", "Startup Cost": 0.0, "Total Cost": 0.31, "Plan Rows": 1, "Plan Width": 21, "Actual Startup Time": 21.677, "Actual Total Time": 21.677, "Actual Rows": 5228, "Actual Loops": 5228, "Index Cond": "(id = mk.movie_id)", "Rows Removed by Index Recheck": 0}]}]}, "Triggers": [], "Planner Runtime": 9.006, "Total Runtime": 1018.947, "Unique SQL Id": 2804875951}}, "(1, '125')": {"explain_plan": {"Plan": {"Node Type": "Aggregate", "Strategy": "Plain", "Startup Cost": 3351.67, "Total Cost": 3351.68, "Plan Rows": 1, "Plan Width": 49, "Plans": [{"Node Type": "Nested Loop", "Parent Relationship": "Outer", "Join Type": "Inner", "Startup Cost": 0.0, "Total Cost": 3351.67, "Plan Rows": 2, "Plan Width": 17, "Inner Unique": true, "Join Filter": "(mc.movie_id = t.id)", "Plans": [{"Node Type": "Nested Loop", "Parent Relationship": "Outer", "Join Type": "Inner", "Startup Cost": 0.0, "Total Cost": 3351.03, "Plan Rows": 2, "Plan Width": 8, "Inner Unique": true, "Plans": [{"Node Type": "Nested Loop", "Parent Relationship": "Outer", "Join Type": "Inner", "Startup Cost": 0.0, "Total Cost": 3330.89, "Plan Rows": 70, "Plan Width": 12, "Inner Unique": false, "Plans": [{"Node Type": "Nested Loop", "Parent Relationship": "Outer", "Join Type": "Inner", "Startup Cost": 0.0, "Total Cost": 3319.92, "Plan Rows": 33, "Plan Width": 4, "Inner Unique": false, "Plans": [{"Node Type": "Index Scan", "Parent Relationship": "Outer", "Scan Direction": "Forward", "Index Name": "keyword_pkey", "Relation Name": "keyword", "Alias": "k", "Startup Cost": 0.0, "Total Cost": 3182.72, "Plan Rows": 1, "Plan Width": 4, "Filter": "((keyword)::text = 'character-name-in-title'::text)"}, {"Node Type": "Index Scan", "Parent Relationship": "Inner", "Scan Direction": "Forward", "Index Name": "keyword_id_movie_keyword", "Relation Name": "movie_keyword", "Alias": "mk", "Startup Cost": 0.0, "Total Cost": 136.88, "Plan Rows": 33, "Plan Width": 8, "Index Cond": "(keyword_id = k.id)"}]}, {"Node Type": "Index Scan", "Parent Relationship": "Inner", "Scan Direction": "Forward", "Index Name": "movie_id_movie_companies", "Relation Name": "movie_companies", "Alias": "mc", "Startup Cost": 0.0, "Total Cost": 0.31, "Plan Rows": 2, "Plan Width": 8, "Index Cond": "(movie_id = mk.movie_id)"}]}, {"Node Type": "Index Scan", "Parent Relationship": "Inner", "Scan Direction": "Forward", "Index Name": "company_name_pkey", "Relation Name": "company_name", "Alias": "cn", "Startup Cost": 0.0, "Total Cost": 0.28, "Plan Rows": 1, "Plan Width": 4, "Index Cond": "(id = mc.company_id)", "Filter": "((country_code)::text = '[nl]'::text)"}]}, {"Node Type": "Index Scan", "Parent Relationship": "Inner", "Scan Direction": "Forward", "Index Name": "title_pkey", "Relation Name": "title", "Alias": "t", "Startup Cost": 0.0, "Total Cost": 0.31, "Plan Rows": 1, "Plan Width": 21, "Index Cond": "(id = mk.movie_id)"}]}]}, "Unique SQL Id": 2804875951, "Planner Runtime": 1}, "explain_analyze_plan": {"Plan": {"Node Type": "Aggregate", "Strategy": "Plain", "Startup Cost": 3351.67, "Total Cost": 3351.68, "Plan Rows": 1, "Plan Width": 49, "Actual Startup Time": 1104.099, "Actual Total Time": 1104.099, "Actual Rows": 1, "Actual Loops": 1, "Plans": [{"Node Type": "Nested Loop", "Parent Relationship": "Outer", "Join Type": "Inner", "Startup Cost": 0.0, "Total Cost": 3351.67, "Plan Rows": 2, "Plan Width": 17, "Actual Startup Time": 3.277, "Actual Total Time": 1101.041, "Actual Rows": 5228, "Actual Loops": 1, "Inner Unique": true, "Join Filter": "(mc.movie_id = t.id)", "Rows Removed by Join Filter": 0, "Plans": [{"Node Type": "Nested Loop", "Parent Relationship": "Outer", "Join Type": "Inner", "Startup Cost": 0.0, "Total Cost": 3351.03, "Plan Rows": 2, "Plan Width": 8, "Actual Startup Time": 3.261, "Actual Total Time": 1073.962, "Actual Rows": 5228, "Actual Loops": 1, "Inner Unique": true, "Plans": [{"Node Type": "Nested Loop", "Parent Relationship": "Outer", "Join Type": "Inner", "Startup Cost": 0.0, "Total Cost": 3330.89, "Plan Rows": 70, "Plan Width": 12, "Actual Startup Time": 0.244, "Actual Total Time": 439.938, "Actual Rows": 148552, "Actual Loops": 1, "Inner Unique": false, "Plans": [{"Node Type": "Nested Loop", "Parent Relationship": "Outer", "Join Type": "Inner", "Startup Cost": 0.0, "Total Cost": 3319.92, "Plan Rows": 33, "Plan Width": 4, "Actual Startup Time": 0.228, "Actual Total Time": 160.992, "Actual Rows": 41840, "Actual Loops": 1, "Inner Unique": false, "Plans": [{"Node Type": "Index Scan", "Parent Relationship": "Outer", "Scan Direction": "Forward", "Index Name": "keyword_pkey", "Relation Name": "keyword", "Alias": "k", "Startup Cost": 0.0, "Total Cost": 3182.72, "Plan Rows": 1, "Plan Width": 4, "Actual Startup Time": 0.209, "Actual Total Time": 114.577, "Actual Rows": 1, "Actual Loops": 1, "Filter": "((keyword)::text = 'character-name-in-title'::text)", "Rows Removed by Filter": 134168}, {"Node Type": "Index Scan", "Parent Relationship": "Inner", "Scan Direction": "Forward", "Index Name": "keyword_id_movie_keyword", "Relation Name": "movie_keyword", "Alias": "mk", "Startup Cost": 0.0, "Total Cost": 136.88, "Plan Rows": 33, "Plan Width": 8, "Actual Startup Time": 0.015, "Actual Total Time": 37.044, "Actual Rows": 41840, "Actual Loops": 1, "Index Cond": "(keyword_id = k.id)", "Rows Removed by Index Recheck": 0}]}, {"Node Type": "Index Scan", "Parent Relationship": "Inner", "Scan Direction": "Forward", "Index Name": "movie_id_movie_companies", "Relation Name": "movie_companies", "Alias": "mc", "Startup Cost": 0.0, "Total Cost": 0.31, "Plan Rows": 2, "Plan Width": 8, "Actual Startup Time": 150.187, "Actual Total Time": 222.909, "Actual Rows": 148552, "Actual Loops": 41840, "Index Cond": "(movie_id = mk.movie_id)", "Rows Removed by Index Recheck": 0}]}, {"Node Type": "Index Scan", "Parent Relationship": "Inner", "Scan Direction": "Forward", "Index Name": "company_name_pkey", "Relation Name": "company_name", "Alias": "cn", "Startup Cost": 0.0, "Total Cost": 0.28, "Plan Rows": 1, "Plan Width": 4, "Actual Startup Time": 562.098, "Actual Total Time": 562.098, "Actual Rows": 5228, "Actual Loops": 148552, "Index Cond": "(id = mc.company_id)", "Rows Removed by Index Recheck": 0, "Filter": "((country_code)::text = '[nl]'::text)", "Rows Removed by Filter": 143324}]}, {"Node Type": "Index Scan", "Parent Relationship": "Inner", "Scan Direction": "Forward", "Index Name": "title_pkey", "Relation Name": "title", "Alias": "t", "Startup Cost": 0.0, "Total Cost": 0.31, "Plan Rows": 1, "Plan Width": 21, "Actual Startup Time": 21.503, "Actual Total Time": 21.503, "Actual Rows": 5228, "Actual Loops": 5228, "Index Cond": "(id = mk.movie_id)", "Rows Removed by Index Recheck": 0}]}]}, "Triggers": [], "Planner Runtime": 9.208, "Total Runtime": 1104.346, "Unique SQL Id": 2804875951}}, "(1, '126')": {"explain_plan": {"Plan": {"Node Type": "Aggregate", "Strategy": "Plain", "Startup Cost": 1598936.31, "Total Cost": 1598936.32, "Plan Rows": 1, "Plan Width": 49, "Plans": [{"Node Type": "Nested Loop", "Parent Relationship": "Outer", "Join Type": "Inner", "Startup Cost": 0.0, "Total Cost": 1598936.31, "Plan Rows": 2, "Plan Width": 17, "Inner Unique": false, "Join Filter": "(mc.movie_id = t.id)", "Plans": [{"Node Type": "Seq Scan", "Parent Relationship": "Outer", "Relation Name": "title", "Alias": "t", "Startup Cost": 0.0, "Total Cost": 60069.11, "Plan Rows": 2528311, "Plan Width": 21}, {"Node Type": "Materialize", "Parent Relationship": "Inner", "Startup Cost": 0.0, "Total Cost": 1463017.87, "Plan Rows": 2, "Plan Width": 8, "Plans": [{"Node Type": "Nested Loop", "Parent Relationship": "Outer", "Join Type": "Inner", "Startup Cost": 0.0, "Total Cost": 1463017.86, "Plan Rows": 2, "Plan Width": 8, "Inner Unique": false, "Join Filter": "(mc.company_id = cn.id)", "Plans": [{"Node Type": "Seq Scan", "Parent Relationship": "Outer", "Relation Name": "company_name", "Alias": "cn", "Startup Cost": 0.0, "Total Cost": 5903.45, "Plan Rows": 2240, "Plan Width": 4, "Filter": "((country_code)::text = '[nl]'::text)"}, {"Node Type": "Materialize", "Parent Relationship": "Inner", "Startup Cost": 0.0, "Total Cost": 1454762.59, "Plan Rows": 70, "Plan Width": 12, "Plans": [{"Node Type": "Nested Loop", "Parent Relationship": "Outer", "Join Type": "Inner", "Startup Cost": 0.0, "Total Cost": 1454762.24, "Plan Rows": 70, "Plan Width": 12, "Inner Unique": false, "Join Filter": "(mk.movie_id = mc.movie_id)", "Plans": [{"Node Type": "Seq Scan", "Parent Relationship": "Outer", "Relation Name": "movie_companies", "Alias": "mc", "Startup Cost": 0.0, "Total Cost": 41817.28, "Plan Rows": 2609128, "Plan Width": 8}, {"Node Type": "Materialize", "Parent Relationship": "Inner", "Startup Cost": 0.0, "Total Cost": 121426.68, "Plan Rows": 33, "Plan Width": 4, "Plans": [{"Node Type": "Nested Loop", "Parent Relationship": "Outer", "Join Type": "Inner", "Startup Cost": 0.0, "Total Cost": 121426.52, "Plan Rows": 33, "Plan Width": 4, "Inner Unique": false, "Join Filter": "(k.id = mk.keyword_id)", "Plans": [{"Node Type": "Seq Scan", "Parent Relationship": "Outer", "Relation Name": "keyword", "Alias": "k", "Startup Cost": 0.0, "Total Cost": 2436.11, "Plan Rows": 1, "Plan Width": 4, "Filter": "((keyword)::text = 'character-name-in-title'::text)"}, {"Node Type": "Seq Scan", "Parent Relationship": "Inner", "Relation Name": "movie_keyword", "Alias": "mk", "Startup Cost": 0.0, "Total Cost": 62441.29, "Plan Rows": 4523929, "Plan Width": 8}]}]}]}]}]}]}]}]}, "Unique SQL Id": 2804875951, "Planner Runtime": 1}, "explain_analyze_plan": null}, "(1, '127')": {"explain_plan": {"Plan": {"Node Type": "Aggregate", "Strategy": "Plain", "Startup Cost": 5000041492550.78, "Total Cost": 5000041492550.79, "Plan Rows": 1, "Plan Width": 49, "Plans": [{"Node Type": "Nested Loop", "Parent Relationship": "Outer", "Join Type": "Inner", "Startup Cost": 50000000000.0, "Total Cost": 5000041492550.77, "Plan Rows": 2, "Plan Width": 17, "Inner Unique": false, "Join Filter": "(mc.movie_id = t.id)", "Plans": [{"Node Type": "Index Scan", "Parent Relationship": "Outer", "Scan Direction": "Forward", "Index Name": "title_pkey", "Relation Name": "title", "Alias": "t", "Startup Cost": 10000000000.0, "Total Cost": 1000011012048.91, "Plan Rows": 2528311, "Plan Width": 21}, {"Node Type": "Materialize", "Parent Relationship": "Inner", "Startup Cost": 40000000000.0, "Total Cost": 4000030404652.53, "Plan Rows": 2, "Plan Width": 8, "Plans": [{"Node Type": "Nested Loop", "Parent Relationship": "Outer", "Join Type": "Inner", "Startup Cost": 40000000000.0, "Total Cost": 4000030404652.52, "Plan Rows": 2, "Plan Width": 8, "Inner Unique": true, "Join Filter": "(mc.company_id = cn.id)", "Plans": [{"Node Type": "Nested Loop", "Parent Relationship": "Outer", "Join Type": "Inner", "Startup Cost": 30000000000.0, "Total Cost": 3000029352155.95, "Plan Rows": 70, "Plan Width": 12, "Inner Unique": false, "Join Filter": "(mk.movie_id = mc.movie_id)", "Plans": [{"Node Type": "Nested Loop", "Parent Relationship": "Outer", "Join Type": "Inner", "Startup Cost": 20000000000.0, "Total Cost": 2000015686764.79, "Plan Rows": 33, "Plan Width": 4, "Inner Unique": true, "Join Filter": "(k.id = mk.keyword_id)", "Plans": [{"Node Type": "Index Scan", "Parent Relationship": "Outer", "Scan Direction": "Forward", "Index Name": "movie_id_movie_keyword", "Relation Name": "movie_keyword", "Alias": "mk", "Startup Cost": 10000000000.0, "Total Cost": 1000015300634.17, "Plan Rows": 4523929, "Plan Width": 8}, {"Node Type": "Materialize", "Parent Relationship": "Inner", "Startup Cost": 10000000000.0, "Total Cost": 1000000318271.69, "Plan Rows": 1, "Plan Width": 4, "Plans": [{"Node Type": "Index Scan", "Parent Relationship": "Outer", "Scan Direction": "Forward", "Index Name": "keyword_pkey", "Relation Name": "keyword", "Alias": "k", "Startup Cost": 10000000000.0, "Total Cost": 1000000318271.68, "Plan Rows": 1, "Plan Width": 4, "Filter": "((keyword)::text = 'character-name-in-title'::text)"}]}]}, {"Node Type": "Materialize", "Parent Relationship": "Inner", "Startup Cost": 10000000000.0, "Total Cost": 1000012380395.62, "Plan Rows": 2609128, "Plan Width": 8, "Plans": [{"Node Type": "Index Scan", "Parent Relationship": "Outer", "Scan Direction": "Forward", "Index Name": "company_id_movie_companies", "Relation Name": "movie_companies", "Alias": "mc", "Startup Cost": 10000000000.0, "Total Cost": 1000012367349.98, "Plan Rows": 2609128, "Plan Width": 8}]}]}, {"Node Type": "Materialize", "Parent Relationship": "Inner", "Startup Cost": 10000000000.0, "Total Cost": 1000001050150.17, "Plan Rows": 2240, "Plan Width": 4, "Plans": [{"Node Type": "Index Scan", "Parent Relationship": "Outer", "Scan Direction": "Forward", "Index Name": "company_name_pkey", "Relation Name": "company_name", "Alias": "cn", "Startup Cost": 10000000000.0, "Total Cost": 1000001050138.97, "Plan Rows": 2240, "Plan Width": 4, "Filter": "((country_code)::text = '[nl]'::text)"}]}]}]}]}]}, "Unique SQL Id": 2804875951, "Planner Runtime": 1}, "explain_analyze_plan": null}, "(16, '0')": {"explain_plan": {"Plan": {"Node Type": "Aggregate", "Strategy": "Plain", "Startup Cost": 2600.78, "Total Cost": 2600.79, "Plan Rows": 1, "Plan Width": 49, "Plans": [{"Node Type": "Nested Loop", "Parent Relationship": "Outer", "Join Type": "Inner", "Startup Cost": 4.51, "Total Cost": 2600.77, "Plan Rows": 2, "Plan Width": 17, "Inner Unique": true, "Join Filter": "(mc.movie_id = t.id)", "Plans": [{"Node Type": "Nested Loop", "Parent Relationship": "Outer", "Join Type": "Inner", "Startup Cost": 4.51, "Total Cost": 2600.13, "Plan Rows": 2, "Plan Width": 8, "Inner Unique": true, "Plans": [{"Node Type": "Nested Loop", "Parent Relationship": "Outer", "Join Type": "Inner", "Startup Cost": 4.51, "Total Cost": 2579.99, "Plan Rows": 70, "Plan Width": 12, "Inner Unique": false, "Plans": [{"Node Type": "Nested Loop", "Parent Relationship": "Outer", "Join Type": "Inner", "Startup Cost": 4.51, "Total Cost": 2569.02, "Plan Rows": 33, "Plan Width": 4, "Inner Unique": false, "Plans": [{"Node Type": "Seq Scan", "Parent Relationship": "Outer", "Relation Name": "keyword", "Alias": "k", "Startup Cost": 0.0, "Total Cost": 2436.11, "Plan Rows": 1, "Plan Width": 4, "Filter": "((keyword)::text = 'character-name-in-title'::text)"}, {"Node Type": "Bitmap Heap Scan", "Parent Relationship": "Inner", "Relation Name": "movie_keyword", "Alias": "mk", "Startup Cost": 4.51, "Total Cost": 132.58, "Plan Rows": 33, "Plan Width": 8, "Recheck Cond": "(keyword_id = k.id)", "Plans": [{"Node Type": "Bitmap Index Scan", "Parent Relationship": "Outer", "Index Name": "keyword_id_movie_keyword", "Startup Cost": 0.0, "Total Cost": 4.5, "Plan Rows": 33, "Plan Width": 0, "Index Cond": "(keyword_id = k.id)"}]}]}, {"Node Type": "Index Scan", "Parent Relationship": "Inner", "Scan Direction": "Forward", "Index Name": "movie_id_movie_companies", "Relation Name": "movie_companies", "Alias": "mc", "Startup Cost": 0.0, "Total Cost": 0.31, "Plan Rows": 2, "Plan Width": 8, "Index Cond": "(movie_id = mk.movie_id)"}]}, {"Node Type": "Index Scan", "Parent Relationship": "Inner", "Scan Direction": "Forward", "Index Name": "company_name_pkey", "Relation Name": "company_name", "Alias": "cn", "Startup Cost": 0.0, "Total Cost": 0.28, "Plan Rows": 1, "Plan Width": 4, "Index Cond": "(id = mc.company_id)", "Filter": "((country_code)::text = '[nl]'::text)"}]}, {"Node Type": "Index Scan", "Parent Relationship": "Inner", "Scan Direction": "Forward", "Index Name": "title_pkey", "Relation Name": "title", "Alias": "t", "Startup Cost": 0.0, "Total Cost": 0.31, "Plan Rows": 1, "Plan Width": 21, "Index Cond": "(id = mk.movie_id)"}]}]}, "Unique SQL Id": 2804875951, "Planner Runtime": 11}, "explain_analyze_plan": {"Plan": {"Node Type": "Aggregate", "Strategy": "Plain", "Startup Cost": 2600.78, "Total Cost": 2600.79, "Plan Rows": 1, "Plan Width": 49, "Actual Startup Time": 1042.053, "Actual Total Time": 1042.053, "Actual Rows": 1, "Actual Loops": 1, "Plans": [{"Node Type": "Nested Loop", "Parent Relationship": "Outer", "Join Type": "Inner", "Startup Cost": 4.51, "Total Cost": 2600.77, "Plan Rows": 2, "Plan Width": 17, "Actual Startup Time": 15.009, "Actual Total Time": 1039.002, "Actual Rows": 5228, "Actual Loops": 1, "Inner Unique": true, "Join Filter": "(mc.movie_id = t.id)", "Rows Removed by Join Filter": 0, "Plans": [{"Node Type": "Nested Loop", "Parent Relationship": "Outer", "Join Type": "Inner", "Startup Cost": 4.51, "Total Cost": 2600.13, "Plan Rows": 2, "Plan Width": 8, "Actual Startup Time": 14.993, "Actual Total Time": 1010.698, "Actual Rows": 5228, "Actual Loops": 1, "Inner Unique": true, "Plans": [{"Node Type": "Nested Loop", "Parent Relationship": "Outer", "Join Type": "Inner", "Startup Cost": 4.51, "Total Cost": 2579.99, "Plan Rows": 70, "Plan Width": 12, "Actual Startup Time": 11.933, "Actual Total Time": 388.31, "Actual Rows": 148552, "Actual Loops": 1, "Inner Unique": false, "Plans": [{"Node Type": "Nested Loop", "Parent Relationship": "Outer", "Join Type": "Inner", "Startup Cost": 4.51, "Total Cost": 2569.02, "Plan Rows": 33, "Plan Width": 4, "Actual Startup Time": 11.905, "Actual Total Time": 101.867, "Actual Rows": 41840, "Actual Loops": 1, "Inner Unique": false, "Plans": [{"Node Type": "Seq Scan", "Parent Relationship": "Outer", "Relation Name": "keyword", "Alias": "k", "Startup Cost": 0.0, "Total Cost": 2436.11, "Plan Rows": 1, "Plan Width": 4, "Actual Startup Time": 1.829, "Actual Total Time": 42.003, "Actual Rows": 1, "Actual Loops": 1, "Filter": "((keyword)::text = 'character-name-in-title'::text)", "Rows Removed by Filter": 134168}, {"Node Type": "Bitmap Heap Scan", "Parent Relationship": "Inner", "Relation Name": "movie_keyword", "Alias": "mk", "Startup Cost": 4.51, "Total Cost": 132.58, "Plan Rows": 33, "Plan Width": 8, "Actual Startup Time": 10.069, "Actual Total Time": 51.314, "Actual Rows": 41840, "Actual Loops": 1, "Recheck Cond": "(keyword_id = k.id)", "Rows Removed by Index Recheck": 0, "Exact Heap Blocks": 9702, "Lossy Heap Blocks": 9702, "Plans": [{"Node Type": "Bitmap Index Scan", "Parent Relationship": "Outer", "Index Name": "keyword_id_movie_keyword", "Startup Cost": 0.0, "Total Cost": 4.5, "Plan Rows": 33, "Plan Width": 0, "Actual Startup Time": 8.236, "Actual Total Time": 8.236, "Actual Rows": 41840, "Actual Loops": 1, "Index Cond": "(keyword_id = k.id)"}]}]}, {"Node Type": "Index Scan", "Parent Relationship": "Inner", "Scan Direction": "Forward", "Index Name": "movie_id_movie_companies", "Relation Name": "movie_companies", "Alias": "mc", "Startup Cost": 0.0, "Total Cost": 0.31, "Plan Rows": 2, "Plan Width": 8, "Actual Startup Time": 155.322, "Actual Total Time": 230.57, "Actual Rows": 148552, "Actual Loops": 41840, "Index Cond": "(movie_id = mk.movie_id)", "Rows Removed by Index Recheck": 0}]}, {"Node Type": "Index Scan", "Parent Relationship": "Inner", "Scan Direction": "Forward", "Index Name": "company_name_pkey", "Relation Name": "company_name", "Alias": "cn", "Startup Cost": 0.0, "Total Cost": 0.28, "Plan Rows": 1, "Plan Width": 4, "Actual Startup Time": 550.613, "Actual Total Time": 550.613, "Actual Rows": 5228, "Actual Loops": 148552, "Index Cond": "(id = mc.company_id)", "Rows Removed by Index Recheck": 0, "Filter": "((country_code)::text = '[nl]'::text)", "Rows Removed by Filter": 143324}]}, {"Node Type": "Index Scan", "Parent Relationship": "Inner", "Scan Direction": "Forward", "Index Name": "title_pkey", "Relation Name": "title", "Alias": "t", "Startup Cost": 0.0, "Total Cost": 0.31, "Plan Rows": 1, "Plan Width": 21, "Actual Startup Time": 22.709, "Actual Total Time": 22.709, "Actual Rows": 5228, "Actual Loops": 5228, "Index Cond": "(id = mk.movie_id)", "Rows Removed by Index Recheck": 0}]}]}, "Triggers": [], "Planner Runtime": 10.46, "Total Runtime": 1042.518, "Unique SQL Id": 2804875951}}, "(16, '1')": {"explain_plan": {"Plan": {"Node Type": "Aggregate", "Strategy": "Plain", "Startup Cost": 3347.38, "Total Cost": 3347.39, "Plan Rows": 1, "Plan Width": 49, "Plans": [{"Node Type": "Nested Loop", "Parent Relationship": "Outer", "Join Type": "Inner", "Startup Cost": 4.51, "Total Cost": 3347.38, "Plan Rows": 2, "Plan Width": 17, "Inner Unique": true, "Join Filter": "(mc.movie_id = t.id)", "Plans": [{"Node Type": "Nested Loop", "Parent Relationship": "Outer", "Join Type": "Inner", "Startup Cost": 4.51, "Total Cost": 3346.73, "Plan Rows": 2, "Plan Width": 8, "Inner Unique": true, "Plans": [{"Node Type": "Nested Loop", "Parent Relationship": "Outer", "Join Type": "Inner", "Startup Cost": 4.51, "Total Cost": 3326.6, "Plan Rows": 70, "Plan Width": 12, "Inner Unique": false, "Plans": [{"Node Type": "Nested Loop", "Parent Relationship": "Outer", "Join Type": "Inner", "Startup Cost": 4.51, "Total Cost": 3315.63, "Plan Rows": 33, "Plan Width": 4, "Inner Unique": false, "Plans": [{"Node Type": "Index Scan", "Parent Relationship": "Outer", "Scan Direction": "Forward", "Index Name": "keyword_pkey", "Relation Name": "keyword", "Alias": "k", "Startup Cost": 0.0, "Total Cost": 3182.72, "Plan Rows": 1, "Plan Width": 4, "Filter": "((keyword)::text = 'character-name-in-title'::text)"}, {"Node Type": "Bitmap Heap Scan", "Parent Relationship": "Inner", "Relation Name": "movie_keyword", "Alias": "mk", "Startup Cost": 4.51, "Total Cost": 132.58, "Plan Rows": 33, "Plan Width": 8, "Recheck Cond": "(keyword_id = k.id)", "Plans": [{"Node Type": "Bitmap Index Scan", "Parent Relationship": "Outer", "Index Name": "keyword_id_movie_keyword", "Startup Cost": 0.0, "Total Cost": 4.5, "Plan Rows": 33, "Plan Width": 0, "Index Cond": "(keyword_id = k.id)"}]}]}, {"Node Type": "Index Scan", "Parent Relationship": "Inner", "Scan Direction": "Forward", "Index Name": "movie_id_movie_companies", "Relation Name": "movie_companies", "Alias": "mc", "Startup Cost": 0.0, "Total Cost": 0.31, "Plan Rows": 2, "Plan Width": 8, "Index Cond": "(movie_id = mk.movie_id)"}]}, {"Node Type": "Index Scan", "Parent Relationship": "Inner", "Scan Direction": "Forward", "Index Name": "company_name_pkey", "Relation Name": "company_name", "Alias": "cn", "Startup Cost": 0.0, "Total Cost": 0.28, "Plan Rows": 1, "Plan Width": 4, "Index Cond": "(id = mc.company_id)", "Filter": "((country_code)::text = '[nl]'::text)"}]}, {"Node Type": "Index Scan", "Parent Relationship": "Inner", "Scan Direction": "Forward", "Index Name": "title_pkey", "Relation Name": "title", "Alias": "t", "Startup Cost": 0.0, "Total Cost": 0.31, "Plan Rows": 1, "Plan Width": 21, "Index Cond": "(id = mk.movie_id)"}]}]}, "Unique SQL Id": 2804875951, "Planner Runtime": 12}, "explain_analyze_plan": {"Plan": {"Node Type": "Aggregate", "Strategy": "Plain", "Startup Cost": 3347.38, "Total Cost": 3347.39, "Plan Rows": 1, "Plan Width": 49, "Actual Startup Time": 1183.532, "Actual Total Time": 1183.533, "Actual Rows": 1, "Actual Loops": 1, "Plans": [{"Node Type": "Nested Loop", "Parent Relationship": "Outer", "Join Type": "Inner", "Startup Cost": 4.51, "Total Cost": 3347.38, "Plan Rows": 2, "Plan Width": 17, "Actual Startup Time": 13.942, "Actual Total Time": 1180.637, "Actual Rows": 5228, "Actual Loops": 1, "Inner Unique": true, "Join Filter": "(mc.movie_id = t.id)", "Rows Removed by Join Filter": 0, "Plans": [{"Node Type": "Nested Loop", "Parent Relationship": "Outer", "Join Type": "Inner", "Startup Cost": 4.51, "Total Cost": 3346.73, "Plan Rows": 2, "Plan Width": 8, "Actual Startup Time": 13.922, "Actual Total Time": 1148.172, "Actual Rows": 5228, "Actual Loops": 1, "Inner Unique": true, "Plans": [{"Node Type": "Nested Loop", "Parent Relationship": "Outer", "Join Type": "Inner", "Startup Cost": 4.51, "Total Cost": 3326.6, "Plan Rows": 70, "Plan Width": 12, "Actual Startup Time": 10.495, "Actual Total Time": 511.238, "Actual Rows": 148552, "Actual Loops": 1, "Inner Unique": false, "Plans": [{"Node Type": "Nested Loop", "Parent Relationship": "Outer", "Join Type": "Inner", "Startup Cost": 4.51, "Total Cost": 3315.63, "Plan Rows": 33, "Plan Width": 4, "Actual Startup Time": 10.465, "Actual Total Time": 196.622, "Actual Rows": 41840, "Actual Loops": 1, "Inner Unique": false, "Plans": [{"Node Type": "Index Scan", "Parent Relationship": "Outer", "Scan Direction": "Forward", "Index Name": "keyword_pkey", "Relation Name": "keyword", "Alias": "k", "Startup Cost": 0.0, "Total Cost": 3182.72, "Plan Rows": 1, "Plan Width": 4, "Actual Startup Time": 0.292, "Actual Total Time": 125.899, "Actual Rows": 1, "Actual Loops": 1, "Filter": "((keyword)::text = 'character-name-in-title'::text)", "Rows Removed by Filter": 134168}, {"Node Type": "Bitmap Heap Scan", "Parent Relationship": "Inner", "Relation Name": "movie_keyword", "Alias": "mk", "Startup Cost": 4.51, "Total Cost": 132.58, "Plan Rows": 33, "Plan Width": 8, "Actual Startup Time": 10.166, "Actual Total Time": 61.96, "Actual Rows": 41840, "Actual Loops": 1, "Recheck Cond": "(keyword_id = k.id)", "Rows Removed by Index Recheck": 0, "Exact Heap Blocks": 9702, "Lossy Heap Blocks": 9702, "Plans": [{"Node Type": "Bitmap Index Scan", "Parent Relationship": "Outer", "Index Name": "keyword_id_movie_keyword", "Startup Cost": 0.0, "Total Cost": 4.5, "Plan Rows": 33, "Plan Width": 0, "Actual Startup Time": 8.352, "Actual Total Time": 8.352, "Actual Rows": 41840, "Actual Loops": 1, "Index Cond": "(keyword_id = k.id)"}]}]}, {"Node Type": "Index Scan", "Parent Relationship": "Inner", "Scan Direction": "Forward", "Index Name": "movie_id_movie_companies", "Relation Name": "movie_companies", "Alias": "mc", "Startup Cost": 0.0, "Total Cost": 0.31, "Plan Rows": 2, "Plan Width": 8, "Actual Startup Time": 176.45, "Actual Total Time": 259.319, "Actual Rows": 148552, "Actual Loops": 41840, "Index Cond": "(movie_id = mk.movie_id)", "Rows Removed by Index Recheck": 0}]}, {"Node Type": "Index Scan", "Parent Relationship": "Inner", "Scan Direction": "Forward", "Index Name": "company_name_pkey", "Relation Name": "company_name", "Alias": "cn", "Startup Cost": 0.0, "Total Cost": 0.28, "Plan Rows": 1, "Plan Width": 4, "Actual Startup Time": 563.789, "Actual Total Time": 563.789, "Actual Rows": 5228, "Actual Loops": 148552, "Index Cond": "(id = mc.company_id)", "Rows Removed by Index Recheck": 0, "Filter": "((country_code)::text = '[nl]'::text)", "Rows Removed by Filter": 143324}]}, {"Node Type": "Index Scan", "Parent Relationship": "Inner", "Scan Direction": "Forward", "Index Name": "title_pkey", "Relation Name": "title", "Alias": "t", "Startup Cost": 0.0, "Total Cost": 0.31, "Plan Rows": 1, "Plan Width": 21, "Actual Startup Time": 26.892, "Actual Total Time": 26.892, "Actual Rows": 5228, "Actual Loops": 5228, "Index Cond": "(id = mk.movie_id)", "Rows Removed by Index Recheck": 0}]}]}, "Triggers": [], "Planner Runtime": 11.909, "Total Runtime": 1183.878, "Unique SQL Id": 2804875951}}, "(16, '2')": {"explain_plan": {"Plan": {"Node Type": "Aggregate", "Strategy": "Plain", "Startup Cost": 3019.97, "Total Cost": 3019.98, "Plan Rows": 1, "Plan Width": 49, "Plans": [{"Node Type": "Nested Loop", "Parent Relationship": "Outer", "Join Type": "Inner", "Startup Cost": 5.3, "Total Cost": 3019.97, "Plan Rows": 2, "Plan Width": 17, "Inner Unique": true, "Join Filter": "(mc.movie_id = t.id)", "Plans": [{"Node Type": "Nested Loop", "Parent Relationship": "Outer", "Join Type": "Inner", "Startup Cost": 5.04, "Total Cost": 3011.39, "Plan Rows": 2, "Plan Width": 8, "Inner Unique": true, "Plans": [{"Node Type": "Nested Loop", "Parent Relationship": "Outer", "Join Type": "Inner", "Startup Cost": 4.78, "Total Cost": 2711.55, "Plan Rows": 70, "Plan Width": 12, "Inner Unique": false, "Plans": [{"Node Type": "Nested Loop", "Parent Relationship": "Outer", "Join Type": "Inner", "Startup Cost": 4.51, "Total Cost": 2569.02, "Plan Rows": 33, "Plan Width": 4, "Inner Unique": false, "Plans": [{"Node Type": "Seq Scan", "Parent Relationship": "Outer", "Relation Name": "keyword", "Alias": "k", "Startup Cost": 0.0, "Total Cost": 2436.11, "Plan Rows": 1, "Plan Width": 4, "Filter": "((keyword)::text = 'character-name-in-title'::text)"}, {"Node Type": "Bitmap Heap Scan", "Parent Relationship": "Inner", "Relation Name": "movie_keyword", "Alias": "mk", "Startup Cost": 4.51, "Total Cost": 132.58, "Plan Rows": 33, "Plan Width": 8, "Recheck Cond": "(keyword_id = k.id)", "Plans": [{"Node Type": "Bitmap Index Scan", "Parent Relationship": "Outer", "Index Name": "keyword_id_movie_keyword", "Startup Cost": 0.0, "Total Cost": 4.5, "Plan Rows": 33, "Plan Width": 0, "Index Cond": "(keyword_id = k.id)"}]}]}, {"Node Type": "Bitmap Heap Scan", "Parent Relationship": "Inner", "Relation Name": "movie_companies", "Alias": "mc", "Startup Cost": 0.27, "Total Cost": 4.3, "Plan Rows": 2, "Plan Width": 8, "Recheck Cond": "(movie_id = mk.movie_id)", "Plans": [{"Node Type": "Bitmap Index Scan", "Parent Relationship": "Outer", "Index Name": "movie_id_movie_companies", "Startup Cost": 0.0, "Total Cost": 0.27, "Plan Rows": 2, "Plan Width": 0, "Index Cond": "(movie_id = mk.movie_id)"}]}]}, {"Node Type": "Bitmap Heap Scan", "Parent Relationship": "Inner", "Relation Name": "company_name", "Alias": "cn", "Startup Cost": 0.26, "Total Cost": 4.27, "Plan Rows": 1, "Plan Width": 4, "Recheck Cond": "(id = mc.company_id)", "Filter": "((country_code)::text = '[nl]'::text)", "Plans": [{"Node Type": "Bitmap Index Scan", "Parent Relationship": "Outer", "Index Name": "company_name_pkey", "Startup Cost": 0.0, "Total Cost": 0.26, "Plan Rows": 1, "Plan Width": 0, "Index Cond": "(id = mc.company_id)"}]}]}, {"Node Type": "Bitmap Heap Scan", "Parent Relationship": "Inner", "Relation Name": "title", "Alias": "t", "Startup Cost": 0.27, "Total Cost": 4.28, "Plan Rows": 1, "Plan Width": 21, "Recheck Cond": "(id = mk.movie_id)", "Plans": [{"Node Type": "Bitmap Index Scan", "Parent Relationship": "Outer", "Index Name": "title_pkey", "Startup Cost": 0.0, "Total Cost": 0.27, "Plan Rows": 1, "Plan Width": 0, "Index Cond": "(id = mk.movie_id)"}]}]}]}, "Unique SQL Id": 2804875951, "Planner Runtime": 16}, "explain_analyze_plan": {"Plan": {"Node Type": "Aggregate", "Strategy": "Plain", "Startup Cost": 3019.97, "Total Cost": 3019.98, "Plan Rows": 1, "Plan Width": 49, "Actual Startup Time": 1407.614, "Actual Total Time": 1407.615, "Actual Rows": 1, "Actual Loops": 1, "Plans": [{"Node Type": "Nested Loop", "Parent Relationship": "Outer", "Join Type": "Inner", "Startup Cost": 5.3, "Total Cost": 3019.97, "Plan Rows": 2, "Plan Width": 17, "Actual Startup Time": 16.178, "Actual Total Time": 1403.151, "Actual Rows": 5228, "Actual Loops": 1, "Inner Unique": true, "Join Filter": "(mc.movie_id = t.id)", "Rows Removed by Join Filter": 0, "Plans": [{"Node Type": "Nested Loop", "Parent Relationship": "Outer", "Join Type": "Inner", "Startup Cost": 5.04, "Total Cost": 3011.39, "Plan Rows": 2, "Plan Width": 8, "Actual Startup Time": 16.158, "Actual Total Time": 1365.668, "Actual Rows": 5228, "Actual Loops": 1, "Inner Unique": true, "Plans": [{"Node Type": "Nested Loop", "Parent Relationship": "Outer", "Join Type": "Inner", "Startup Cost": 4.78, "Total Cost": 2711.55, "Plan Rows": 70, "Plan Width": 12, "Actual Startup Time": 11.838, "Actual Total Time": 496.315, "Actual Rows": 148552, "Actual Loops": 1, "Inner Unique": false, "Plans": [{"Node Type": "Nested Loop", "Parent Relationship": "Outer", "Join Type": "Inner", "Startup Cost": 4.51, "Total Cost": 2569.02, "Plan Rows": 33, "Plan Width": 4, "Actual Startup Time": 11.8, "Actual Total Time": 100.005, "Actual Rows": 41840, "Actual Loops": 1, "Inner Unique": false, "Plans": [{"Node Type": "Seq Scan", "Parent Relationship": "Outer", "Relation Name": "keyword", "Alias": "k", "Startup Cost": 0.0, "Total Cost": 2436.11, "Plan Rows": 1, "Plan Width": 4, "Actual Startup Time": 1.772, "Actual Total Time": 40.559, "Actual Rows": 1, "Actual Loops": 1, "Filter": "((keyword)::text = 'character-name-in-title'::text)", "Rows Removed by Filter": 134168}, {"Node Type": "Bitmap Heap Scan", "Parent Relationship": "Inner", "Relation Name": "movie_keyword", "Alias": "mk", "Startup Cost": 4.51, "Total Cost": 132.58, "Plan Rows": 33, "Plan Width": 8, "Actual Startup Time": 10.022, "Actual Total Time": 50.222, "Actual Rows": 41840, "Actual Loops": 1, "Recheck Cond": "(keyword_id = k.id)", "Rows Removed by Index Recheck": 0, "Exact Heap Blocks": 9702, "Lossy Heap Blocks": 9702, "Plans": [{"Node Type": "Bitmap Index Scan", "Parent Relationship": "Outer", "Index Name": "keyword_id_movie_keyword", "Startup Cost": 0.0, "Total Cost": 4.5, "Plan Rows": 33, "Plan Width": 0, "Actual Startup Time": 8.253, "Actual Total Time": 8.253, "Actual Rows": 41840, "Actual Loops": 1, "Index Cond": "(keyword_id = k.id)"}]}]}, {"Node Type": "Bitmap Heap Scan", "Parent Relationship": "Inner", "Relation Name": "movie_companies", "Alias": "mc", "Startup Cost": 0.27, "Total Cost": 4.3, "Plan Rows": 2, "Plan Width": 8, "Actual Startup Time": 253.295, "Actual Total Time": 310.868, "Actual Rows": 148552, "Actual Loops": 41840, "Recheck Cond": "(movie_id = mk.movie_id)", "Rows Removed by Index Recheck": 0, "Exact Heap Blocks": 62638, "Lossy Heap Blocks": 62638, "Plans": [{"Node Type": "Bitmap Index Scan", "Parent Relationship": "Outer", "Index Name": "movie_id_movie_companies", "Startup Cost": 0.0, "Total Cost": 0.27, "Plan Rows": 2, "Plan Width": 0, "Actual Startup Time": 156.576, "Actual Total Time": 156.576, "Actual Rows": 148552, "Actual Loops": 41840, "Index Cond": "(movie_id = mk.movie_id)"}]}]}, {"Node Type": "Bitmap Heap Scan", "Parent Relationship": "Inner", "Relation Name": "company_name", "Alias": "cn", "Startup Cost": 0.26, "Total Cost": 4.27, "Plan Rows": 1, "Plan Width": 4, "Actual Startup Time": 699.973, "Actual Total Time": 699.973, "Actual Rows": 5228, "Actual Loops": 148552, "Recheck Cond": "(id = mc.company_id)", "Rows Removed by Index Recheck": 0, "Filter": "((country_code)::text = '[nl]'::text)", "Rows Removed by Filter": 143324, "Exact Heap Blocks": 148552, "Lossy Heap Blocks": 148552, "Plans": [{"Node Type": "Bitmap Index Scan", "Parent Relationship": "Outer", "Index Name": "company_name_pkey", "Startup Cost": 0.0, "Total Cost": 0.26, "Plan Rows": 1, "Plan Width": 0, "Actual Startup Time": 386.659, "Actual Total Time": 386.659, "Actual Rows": 148552, "Actual Loops": 148552, "Index Cond": "(id = mc.company_id)"}]}]}, {"Node Type": "Bitmap Heap Scan", "Parent Relationship": "Inner", "Relation Name": "title", "Alias": "t", "Startup Cost": 0.27, "Total Cost": 4.28, "Plan Rows": 1, "Plan Width": 21, "Actual Startup Time": 28.495, "Actual Total Time": 28.495, "Actual Rows": 5228, "Actual Loops": 5228, "Recheck Cond": "(id = mk.movie_id)", "Rows Removed by Index Recheck": 0, "Exact Heap Blocks": 5228, "Lossy Heap Blocks": 5228, "Plans": [{"Node Type": "Bitmap Index Scan", "Parent Relationship": "Outer", "Index Name": "title_pkey", "Startup Cost": 0.0, "Total Cost": 0.27, "Plan Rows": 1, "Plan Width": 0, "Actual Startup Time": 17.109, "Actual Total Time": 17.109, "Actual Rows": 5228, "Actual Loops": 5228, "Index Cond": "(id = mk.movie_id)"}]}]}]}, "Triggers": [], "Planner Runtime": 15.864, "Total Runtime": 1408.006, "Unique SQL Id": 2804875951}}, "(16, '3')": {"explain_plan": {"Plan": {"Node Type": "Aggregate", "Strategy": "Plain", "Startup Cost": 3739.07, "Total Cost": 3739.08, "Plan Rows": 1, "Plan Width": 49, "Plans": [{"Node Type": "Nested Loop", "Parent Relationship": "Outer", "Join Type": "Inner", "Startup Cost": 724.4, "Total Cost": 3739.06, "Plan Rows": 2, "Plan Width": 17, "Inner Unique": true, "Join Filter": "(mc.movie_id = t.id)", "Plans": [{"Node Type": "Nested Loop", "Parent Relationship": "Outer", "Join Type": "Inner", "Startup Cost": 724.13, "Total Cost": 3730.48, "Plan Rows": 2, "Plan Width": 8, "Inner Unique": true, "Plans": [{"Node Type": "Nested Loop", "Parent Relationship": "Outer", "Join Type": "Inner", "Startup Cost": 723.87, "Total Cost": 3430.65, "Plan Rows": 70, "Plan Width": 12, "Inner Unique": false, "Plans": [{"Node Type": "Nested Loop", "Parent Relationship": "Outer", "Join Type": "Inner", "Startup Cost": 723.6, "Total Cost": 3288.12, "Plan Rows": 33, "Plan Width": 4, "Inner Unique": false, "Plans": [{"Node Type": "Bitmap Heap Scan", "Parent Relationship": "Outer", "Relation Name": "keyword", "Alias": "k", "Startup Cost": 719.1, "Total Cost": 3155.21, "Plan Rows": 1, "Plan Width": 4, "Filter": "((keyword)::text = 'character-name-in-title'::text)", "Plans": [{"Node Type": "Bitmap Index Scan", "Parent Relationship": "Outer", "Index Name": "keyword_pkey", "Startup Cost": 0.0, "Total Cost": 719.1, "Plan Rows": 134169, "Plan Width": 0}]}, {"Node Type": "Bitmap Heap Scan", "Parent Relationship": "Inner", "Relation Name": "movie_keyword", "Alias": "mk", "Startup Cost": 4.51, "Total Cost": 132.58, "Plan Rows": 33, "Plan Width": 8, "Recheck Cond": "(keyword_id = k.id)", "Plans": [{"Node Type": "Bitmap Index Scan", "Parent Relationship": "Outer", "Index Name": "keyword_id_movie_keyword", "Startup Cost": 0.0, "Total Cost": 4.5, "Plan Rows": 33, "Plan Width": 0, "Index Cond": "(keyword_id = k.id)"}]}]}, {"Node Type": "Bitmap Heap Scan", "Parent Relationship": "Inner", "Relation Name": "movie_companies", "Alias": "mc", "Startup Cost": 0.27, "Total Cost": 4.3, "Plan Rows": 2, "Plan Width": 8, "Recheck Cond": "(movie_id = mk.movie_id)", "Plans": [{"Node Type": "Bitmap Index Scan", "Parent Relationship": "Outer", "Index Name": "movie_id_movie_companies", "Startup Cost": 0.0, "Total Cost": 0.27, "Plan Rows": 2, "Plan Width": 0, "Index Cond": "(movie_id = mk.movie_id)"}]}]}, {"Node Type": "Bitmap Heap Scan", "Parent Relationship": "Inner", "Relation Name": "company_name", "Alias": "cn", "Startup Cost": 0.26, "Total Cost": 4.27, "Plan Rows": 1, "Plan Width": 4, "Recheck Cond": "(id = mc.company_id)", "Filter": "((country_code)::text = '[nl]'::text)", "Plans": [{"Node Type": "Bitmap Index Scan", "Parent Relationship": "Outer", "Index Name": "company_name_pkey", "Startup Cost": 0.0, "Total Cost": 0.26, "Plan Rows": 1, "Plan Width": 0, "Index Cond": "(id = mc.company_id)"}]}]}, {"Node Type": "Bitmap Heap Scan", "Parent Relationship": "Inner", "Relation Name": "title", "Alias": "t", "Startup Cost": 0.27, "Total Cost": 4.28, "Plan Rows": 1, "Plan Width": 21, "Recheck Cond": "(id = mk.movie_id)", "Plans": [{"Node Type": "Bitmap Index Scan", "Parent Relationship": "Outer", "Index Name": "title_pkey", "Startup Cost": 0.0, "Total Cost": 0.27, "Plan Rows": 1, "Plan Width": 0, "Index Cond": "(id = mk.movie_id)"}]}]}]}, "Unique SQL Id": 2804875951, "Planner Runtime": 9}, "explain_analyze_plan": {"Plan": {"Node Type": "Aggregate", "Strategy": "Plain", "Startup Cost": 3739.07, "Total Cost": 3739.08, "Plan Rows": 1, "Plan Width": 49, "Actual Startup Time": 1387.145, "Actual Total Time": 1387.146, "Actual Rows": 1, "Actual Loops": 1, "Plans": [{"Node Type": "Nested Loop", "Parent Relationship": "Outer", "Join Type": "Inner", "Startup Cost": 724.4, "Total Cost": 3739.06, "Plan Rows": 2, "Plan Width": 17, "Actual Startup Time": 25.648, "Actual Total Time": 1382.175, "Actual Rows": 5228, "Actual Loops": 1, "Inner Unique": true, "Join Filter": "(mc.movie_id = t.id)", "Rows Removed by Join Filter": 0, "Plans": [{"Node Type": "Nested Loop", "Parent Relationship": "Outer", "Join Type": "Inner", "Startup Cost": 724.13, "Total Cost": 3730.48, "Plan Rows": 2, "Plan Width": 8, "Actual Startup Time": 25.627, "Actual Total Time": 1347.061, "Actual Rows": 5228, "Actual Loops": 1, "Inner Unique": true, "Plans": [{"Node Type": "Nested Loop", "Parent Relationship": "Outer", "Join Type": "Inner", "Startup Cost": 723.87, "Total Cost": 3430.65, "Plan Rows": 70, "Plan Width": 12, "Actual Startup Time": 21.56, "Actual Total Time": 492.049, "Actual Rows": 148552, "Actual Loops": 1, "Inner Unique": false, "Plans": [{"Node Type": "Nested Loop", "Parent Relationship": "Outer", "Join Type": "Inner", "Startup Cost": 723.6, "Total Cost": 3288.12, "Plan Rows": 33, "Plan Width": 4, "Actual Startup Time": 21.524, "Actual Total Time": 111.574, "Actual Rows": 41840, "Actual Loops": 1, "Inner Unique": false, "Plans": [{"Node Type": "Bitmap Heap Scan", "Parent Relationship": "Outer", "Relation Name": "keyword", "Alias": "k", "Startup Cost": 719.1, "Total Cost": 3155.21, "Plan Rows": 1, "Plan Width": 4, "Actual Startup Time": 13.5, "Actual Total Time": 60.831, "Actual Rows": 1, "Actual Loops": 1, "Filter": "((keyword)::text = 'character-name-in-title'::text)", "Rows Removed by Filter": 134168, "Exact Heap Blocks": 759, "Lossy Heap Blocks": 759, "Plans": [{"Node Type": "Bitmap Index Scan", "Parent Relationship": "Outer", "Index Name": "keyword_pkey", "Startup Cost": 0.0, "Total Cost": 719.1, "Plan Rows": 134169, "Plan Width": 0, "Actual Startup Time": 11.196, "Actual Total Time": 11.196, "Actual Rows": 134169, "Actual Loops": 1}]}, {"Node Type": "Bitmap Heap Scan", "Parent Relationship": "Inner", "Relation Name": "movie_keyword", "Alias": "mk", "Startup Cost": 4.51, "Total Cost": 132.58, "Plan Rows": 33, "Plan Width": 8, "Actual Startup Time": 8.013, "Actual Total Time": 41.471, "Actual Rows": 41840, "Actual Loops": 1, "Recheck Cond": "(keyword_id = k.id)", "Rows Removed by Index Recheck": 0, "Exact Heap Blocks": 9702, "Lossy Heap Blocks": 9702, "Plans": [{"Node Type": "Bitmap Index Scan", "Parent Relationship": "Outer", "Index Name": "keyword_id_movie_keyword", "Startup Cost": 0.0, "Total Cost": 4.5, "Plan Rows": 33, "Plan Width": 0, "Actual Startup Time": 6.272, "Actual Total Time": 6.272, "Actual Rows": 41840, "Actual Loops": 1, "Index Cond": "(keyword_id = k.id)"}]}]}, {"Node Type": "Bitmap Heap Scan", "Parent Relationship": "Inner", "Relation Name": "movie_companies", "Alias": "mc", "Startup Cost": 0.27, "Total Cost": 4.3, "Plan Rows": 2, "Plan Width": 8, "Actual Startup Time": 240.891, "Actual Total Time": 294.516, "Actual Rows": 148552, "Actual Loops": 41840, "Recheck Cond": "(movie_id = mk.movie_id)", "Rows Removed by Index Recheck": 0, "Exact Heap Blocks": 62638, "Lossy Heap Blocks": 62638, "Plans": [{"Node Type": "Bitmap Index Scan", "Parent Relationship": "Outer", "Index Name": "movie_id_movie_companies", "Startup Cost": 0.0, "Total Cost": 0.27, "Plan Rows": 2, "Plan Width": 0, "Actual Startup Time": 150.419, "Actual Total Time": 150.419, "Actual Rows": 148552, "Actual Loops": 41840, "Index Cond": "(movie_id = mk.movie_id)"}]}]}, {"Node Type": "Bitmap Heap Scan", "Parent Relationship": "Inner", "Relation Name": "company_name", "Alias": "cn", "Startup Cost": 0.26, "Total Cost": 4.27, "Plan Rows": 1, "Plan Width": 4, "Actual Startup Time": 685.084, "Actual Total Time": 685.084, "Actual Rows": 5228, "Actual Loops": 148552, "Recheck Cond": "(id = mc.company_id)", "Rows Removed by Index Recheck": 0, "Filter": "((country_code)::text = '[nl]'::text)", "Rows Removed by Filter": 143324, "Exact Heap Blocks": 148552, "Lossy Heap Blocks": 148552, "Plans": [{"Node Type": "Bitmap Index Scan", "Parent Relationship": "Outer", "Index Name": "company_name_pkey", "Startup Cost": 0.0, "Total Cost": 0.26, "Plan Rows": 1, "Plan Width": 0, "Actual Startup Time": 382.826, "Actual Total Time": 382.826, "Actual Rows": 148552, "Actual Loops": 148552, "Index Cond": "(id = mc.company_id)"}]}]}, {"Node Type": "Bitmap Heap Scan", "Parent Relationship": "Inner", "Relation Name": "title", "Alias": "t", "Startup Cost": 0.27, "Total Cost": 4.28, "Plan Rows": 1, "Plan Width": 21, "Actual Startup Time": 25.907, "Actual Total Time": 25.907, "Actual Rows": 5228, "Actual Loops": 5228, "Recheck Cond": "(id = mk.movie_id)", "Rows Removed by Index Recheck": 0, "Exact Heap Blocks": 5228, "Lossy Heap Blocks": 5228, "Plans": [{"Node Type": "Bitmap Index Scan", "Parent Relationship": "Outer", "Index Name": "title_pkey", "Startup Cost": 0.0, "Total Cost": 0.27, "Plan Rows": 1, "Plan Width": 0, "Actual Startup Time": 16.062, "Actual Total Time": 16.062, "Actual Rows": 5228, "Actual Loops": 5228, "Index Cond": "(id = mk.movie_id)"}]}]}]}, "Triggers": [], "Planner Runtime": 8.607, "Total Runtime": 1387.489, "Unique SQL Id": 2804875951}}, "(16, '4')": {"explain_plan": {"Plan": {"Node Type": "Aggregate", "Strategy": "Plain", "Startup Cost": 2600.78, "Total Cost": 2600.79, "Plan Rows": 1, "Plan Width": 49, "Plans": [{"Node Type": "Nested Loop", "Parent Relationship": "Outer", "Join Type": "Inner", "Startup Cost": 4.51, "Total Cost": 2600.77, "Plan Rows": 2, "Plan Width": 17, "Inner Unique": true, "Join Filter": "(mc.movie_id = t.id)", "Plans": [{"Node Type": "Nested Loop", "Parent Relationship": "Outer", "Join Type": "Inner", "Startup Cost": 4.51, "Total Cost": 2600.13, "Plan Rows": 2, "Plan Width": 8, "Inner Unique": true, "Plans": [{"Node Type": "Nested Loop", "Parent Relationship": "Outer", "Join Type": "Inner", "Startup Cost": 4.51, "Total Cost": 2579.99, "Plan Rows": 70, "Plan Width": 12, "Inner Unique": false, "Plans": [{"Node Type": "Nested Loop", "Parent Relationship": "Outer", "Join Type": "Inner", "Startup Cost": 4.51, "Total Cost": 2569.02, "Plan Rows": 33, "Plan Width": 4, "Inner Unique": false, "Plans": [{"Node Type": "Seq Scan", "Parent Relationship": "Outer", "Relation Name": "keyword", "Alias": "k", "Startup Cost": 0.0, "Total Cost": 2436.11, "Plan Rows": 1, "Plan Width": 4, "Filter": "((keyword)::text = 'character-name-in-title'::text)"}, {"Node Type": "Bitmap Heap Scan", "Parent Relationship": "Inner", "Relation Name": "movie_keyword", "Alias": "mk", "Startup Cost": 4.51, "Total Cost": 132.58, "Plan Rows": 33, "Plan Width": 8, "Recheck Cond": "(keyword_id = k.id)", "Plans": [{"Node Type": "Bitmap Index Scan", "Parent Relationship": "Outer", "Index Name": "keyword_id_movie_keyword", "Startup Cost": 0.0, "Total Cost": 4.5, "Plan Rows": 33, "Plan Width": 0, "Index Cond": "(keyword_id = k.id)"}]}]}, {"Node Type": "Index Scan", "Parent Relationship": "Inner", "Scan Direction": "Forward", "Index Name": "movie_id_movie_companies", "Relation Name": "movie_companies", "Alias": "mc", "Startup Cost": 0.0, "Total Cost": 0.31, "Plan Rows": 2, "Plan Width": 8, "Index Cond": "(movie_id = mk.movie_id)"}]}, {"Node Type": "Index Scan", "Parent Relationship": "Inner", "Scan Direction": "Forward", "Index Name": "company_name_pkey", "Relation Name": "company_name", "Alias": "cn", "Startup Cost": 0.0, "Total Cost": 0.28, "Plan Rows": 1, "Plan Width": 4, "Index Cond": "(id = mc.company_id)", "Filter": "((country_code)::text = '[nl]'::text)"}]}, {"Node Type": "Index Scan", "Parent Relationship": "Inner", "Scan Direction": "Forward", "Index Name": "title_pkey", "Relation Name": "title", "Alias": "t", "Startup Cost": 0.0, "Total Cost": 0.31, "Plan Rows": 1, "Plan Width": 21, "Index Cond": "(id = mk.movie_id)"}]}]}, "Unique SQL Id": 2804875951, "Planner Runtime": 11}, "explain_analyze_plan": {"Plan": {"Node Type": "Aggregate", "Strategy": "Plain", "Startup Cost": 2600.78, "Total Cost": 2600.79, "Plan Rows": 1, "Plan Width": 49, "Actual Startup Time": 1042.053, "Actual Total Time": 1042.053, "Actual Rows": 1, "Actual Loops": 1, "Plans": [{"Node Type": "Nested Loop", "Parent Relationship": "Outer", "Join Type": "Inner", "Startup Cost": 4.51, "Total Cost": 2600.77, "Plan Rows": 2, "Plan Width": 17, "Actual Startup Time": 15.009, "Actual Total Time": 1039.002, "Actual Rows": 5228, "Actual Loops": 1, "Inner Unique": true, "Join Filter": "(mc.movie_id = t.id)", "Rows Removed by Join Filter": 0, "Plans": [{"Node Type": "Nested Loop", "Parent Relationship": "Outer", "Join Type": "Inner", "Startup Cost": 4.51, "Total Cost": 2600.13, "Plan Rows": 2, "Plan Width": 8, "Actual Startup Time": 14.993, "Actual Total Time": 1010.698, "Actual Rows": 5228, "Actual Loops": 1, "Inner Unique": true, "Plans": [{"Node Type": "Nested Loop", "Parent Relationship": "Outer", "Join Type": "Inner", "Startup Cost": 4.51, "Total Cost": 2579.99, "Plan Rows": 70, "Plan Width": 12, "Actual Startup Time": 11.933, "Actual Total Time": 388.31, "Actual Rows": 148552, "Actual Loops": 1, "Inner Unique": false, "Plans": [{"Node Type": "Nested Loop", "Parent Relationship": "Outer", "Join Type": "Inner", "Startup Cost": 4.51, "Total Cost": 2569.02, "Plan Rows": 33, "Plan Width": 4, "Actual Startup Time": 11.905, "Actual Total Time": 101.867, "Actual Rows": 41840, "Actual Loops": 1, "Inner Unique": false, "Plans": [{"Node Type": "Seq Scan", "Parent Relationship": "Outer", "Relation Name": "keyword", "Alias": "k", "Startup Cost": 0.0, "Total Cost": 2436.11, "Plan Rows": 1, "Plan Width": 4, "Actual Startup Time": 1.829, "Actual Total Time": 42.003, "Actual Rows": 1, "Actual Loops": 1, "Filter": "((keyword)::text = 'character-name-in-title'::text)", "Rows Removed by Filter": 134168}, {"Node Type": "Bitmap Heap Scan", "Parent Relationship": "Inner", "Relation Name": "movie_keyword", "Alias": "mk", "Startup Cost": 4.51, "Total Cost": 132.58, "Plan Rows": 33, "Plan Width": 8, "Actual Startup Time": 10.069, "Actual Total Time": 51.314, "Actual Rows": 41840, "Actual Loops": 1, "Recheck Cond": "(keyword_id = k.id)", "Rows Removed by Index Recheck": 0, "Exact Heap Blocks": 9702, "Lossy Heap Blocks": 9702, "Plans": [{"Node Type": "Bitmap Index Scan", "Parent Relationship": "Outer", "Index Name": "keyword_id_movie_keyword", "Startup Cost": 0.0, "Total Cost": 4.5, "Plan Rows": 33, "Plan Width": 0, "Actual Startup Time": 8.236, "Actual Total Time": 8.236, "Actual Rows": 41840, "Actual Loops": 1, "Index Cond": "(keyword_id = k.id)"}]}]}, {"Node Type": "Index Scan", "Parent Relationship": "Inner", "Scan Direction": "Forward", "Index Name": "movie_id_movie_companies", "Relation Name": "movie_companies", "Alias": "mc", "Startup Cost": 0.0, "Total Cost": 0.31, "Plan Rows": 2, "Plan Width": 8, "Actual Startup Time": 155.322, "Actual Total Time": 230.57, "Actual Rows": 148552, "Actual Loops": 41840, "Index Cond": "(movie_id = mk.movie_id)", "Rows Removed by Index Recheck": 0}]}, {"Node Type": "Index Scan", "Parent Relationship": "Inner", "Scan Direction": "Forward", "Index Name": "company_name_pkey", "Relation Name": "company_name", "Alias": "cn", "Startup Cost": 0.0, "Total Cost": 0.28, "Plan Rows": 1, "Plan Width": 4, "Actual Startup Time": 550.613, "Actual Total Time": 550.613, "Actual Rows": 5228, "Actual Loops": 148552, "Index Cond": "(id = mc.company_id)", "Rows Removed by Index Recheck": 0, "Filter": "((country_code)::text = '[nl]'::text)", "Rows Removed by Filter": 143324}]}, {"Node Type": "Index Scan", "Parent Relationship": "Inner", "Scan Direction": "Forward", "Index Name": "title_pkey", "Relation Name": "title", "Alias": "t", "Startup Cost": 0.0, "Total Cost": 0.31, "Plan Rows": 1, "Plan Width": 21, "Actual Startup Time": 22.709, "Actual Total Time": 22.709, "Actual Rows": 5228, "Actual Loops": 5228, "Index Cond": "(id = mk.movie_id)", "Rows Removed by Index Recheck": 0}]}]}, "Triggers": [], "Planner Runtime": 10.46, "Total Runtime": 1042.518, "Unique SQL Id": 2804875951}}, "(16, '5')": {"explain_plan": {"Plan": {"Node Type": "Aggregate", "Strategy": "Plain", "Startup Cost": 3347.38, "Total Cost": 3347.39, "Plan Rows": 1, "Plan Width": 49, "Plans": [{"Node Type": "Nested Loop", "Parent Relationship": "Outer", "Join Type": "Inner", "Startup Cost": 4.51, "Total Cost": 3347.38, "Plan Rows": 2, "Plan Width": 17, "Inner Unique": true, "Join Filter": "(mc.movie_id = t.id)", "Plans": [{"Node Type": "Nested Loop", "Parent Relationship": "Outer", "Join Type": "Inner", "Startup Cost": 4.51, "Total Cost": 3346.73, "Plan Rows": 2, "Plan Width": 8, "Inner Unique": true, "Plans": [{"Node Type": "Nested Loop", "Parent Relationship": "Outer", "Join Type": "Inner", "Startup Cost": 4.51, "Total Cost": 3326.6, "Plan Rows": 70, "Plan Width": 12, "Inner Unique": false, "Plans": [{"Node Type": "Nested Loop", "Parent Relationship": "Outer", "Join Type": "Inner", "Startup Cost": 4.51, "Total Cost": 3315.63, "Plan Rows": 33, "Plan Width": 4, "Inner Unique": false, "Plans": [{"Node Type": "Index Scan", "Parent Relationship": "Outer", "Scan Direction": "Forward", "Index Name": "keyword_pkey", "Relation Name": "keyword", "Alias": "k", "Startup Cost": 0.0, "Total Cost": 3182.72, "Plan Rows": 1, "Plan Width": 4, "Filter": "((keyword)::text = 'character-name-in-title'::text)"}, {"Node Type": "Bitmap Heap Scan", "Parent Relationship": "Inner", "Relation Name": "movie_keyword", "Alias": "mk", "Startup Cost": 4.51, "Total Cost": 132.58, "Plan Rows": 33, "Plan Width": 8, "Recheck Cond": "(keyword_id = k.id)", "Plans": [{"Node Type": "Bitmap Index Scan", "Parent Relationship": "Outer", "Index Name": "keyword_id_movie_keyword", "Startup Cost": 0.0, "Total Cost": 4.5, "Plan Rows": 33, "Plan Width": 0, "Index Cond": "(keyword_id = k.id)"}]}]}, {"Node Type": "Index Scan", "Parent Relationship": "Inner", "Scan Direction": "Forward", "Index Name": "movie_id_movie_companies", "Relation Name": "movie_companies", "Alias": "mc", "Startup Cost": 0.0, "Total Cost": 0.31, "Plan Rows": 2, "Plan Width": 8, "Index Cond": "(movie_id = mk.movie_id)"}]}, {"Node Type": "Index Scan", "Parent Relationship": "Inner", "Scan Direction": "Forward", "Index Name": "company_name_pkey", "Relation Name": "company_name", "Alias": "cn", "Startup Cost": 0.0, "Total Cost": 0.28, "Plan Rows": 1, "Plan Width": 4, "Index Cond": "(id = mc.company_id)", "Filter": "((country_code)::text = '[nl]'::text)"}]}, {"Node Type": "Index Scan", "Parent Relationship": "Inner", "Scan Direction": "Forward", "Index Name": "title_pkey", "Relation Name": "title", "Alias": "t", "Startup Cost": 0.0, "Total Cost": 0.31, "Plan Rows": 1, "Plan Width": 21, "Index Cond": "(id = mk.movie_id)"}]}]}, "Unique SQL Id": 2804875951, "Planner Runtime": 12}, "explain_analyze_plan": {"Plan": {"Node Type": "Aggregate", "Strategy": "Plain", "Startup Cost": 3347.38, "Total Cost": 3347.39, "Plan Rows": 1, "Plan Width": 49, "Actual Startup Time": 1183.532, "Actual Total Time": 1183.533, "Actual Rows": 1, "Actual Loops": 1, "Plans": [{"Node Type": "Nested Loop", "Parent Relationship": "Outer", "Join Type": "Inner", "Startup Cost": 4.51, "Total Cost": 3347.38, "Plan Rows": 2, "Plan Width": 17, "Actual Startup Time": 13.942, "Actual Total Time": 1180.637, "Actual Rows": 5228, "Actual Loops": 1, "Inner Unique": true, "Join Filter": "(mc.movie_id = t.id)", "Rows Removed by Join Filter": 0, "Plans": [{"Node Type": "Nested Loop", "Parent Relationship": "Outer", "Join Type": "Inner", "Startup Cost": 4.51, "Total Cost": 3346.73, "Plan Rows": 2, "Plan Width": 8, "Actual Startup Time": 13.922, "Actual Total Time": 1148.172, "Actual Rows": 5228, "Actual Loops": 1, "Inner Unique": true, "Plans": [{"Node Type": "Nested Loop", "Parent Relationship": "Outer", "Join Type": "Inner", "Startup Cost": 4.51, "Total Cost": 3326.6, "Plan Rows": 70, "Plan Width": 12, "Actual Startup Time": 10.495, "Actual Total Time": 511.238, "Actual Rows": 148552, "Actual Loops": 1, "Inner Unique": false, "Plans": [{"Node Type": "Nested Loop", "Parent Relationship": "Outer", "Join Type": "Inner", "Startup Cost": 4.51, "Total Cost": 3315.63, "Plan Rows": 33, "Plan Width": 4, "Actual Startup Time": 10.465, "Actual Total Time": 196.622, "Actual Rows": 41840, "Actual Loops": 1, "Inner Unique": false, "Plans": [{"Node Type": "Index Scan", "Parent Relationship": "Outer", "Scan Direction": "Forward", "Index Name": "keyword_pkey", "Relation Name": "keyword", "Alias": "k", "Startup Cost": 0.0, "Total Cost": 3182.72, "Plan Rows": 1, "Plan Width": 4, "Actual Startup Time": 0.292, "Actual Total Time": 125.899, "Actual Rows": 1, "Actual Loops": 1, "Filter": "((keyword)::text = 'character-name-in-title'::text)", "Rows Removed by Filter": 134168}, {"Node Type": "Bitmap Heap Scan", "Parent Relationship": "Inner", "Relation Name": "movie_keyword", "Alias": "mk", "Startup Cost": 4.51, "Total Cost": 132.58, "Plan Rows": 33, "Plan Width": 8, "Actual Startup Time": 10.166, "Actual Total Time": 61.96, "Actual Rows": 41840, "Actual Loops": 1, "Recheck Cond": "(keyword_id = k.id)", "Rows Removed by Index Recheck": 0, "Exact Heap Blocks": 9702, "Lossy Heap Blocks": 9702, "Plans": [{"Node Type": "Bitmap Index Scan", "Parent Relationship": "Outer", "Index Name": "keyword_id_movie_keyword", "Startup Cost": 0.0, "Total Cost": 4.5, "Plan Rows": 33, "Plan Width": 0, "Actual Startup Time": 8.352, "Actual Total Time": 8.352, "Actual Rows": 41840, "Actual Loops": 1, "Index Cond": "(keyword_id = k.id)"}]}]}, {"Node Type": "Index Scan", "Parent Relationship": "Inner", "Scan Direction": "Forward", "Index Name": "movie_id_movie_companies", "Relation Name": "movie_companies", "Alias": "mc", "Startup Cost": 0.0, "Total Cost": 0.31, "Plan Rows": 2, "Plan Width": 8, "Actual Startup Time": 176.45, "Actual Total Time": 259.319, "Actual Rows": 148552, "Actual Loops": 41840, "Index Cond": "(movie_id = mk.movie_id)", "Rows Removed by Index Recheck": 0}]}, {"Node Type": "Index Scan", "Parent Relationship": "Inner", "Scan Direction": "Forward", "Index Name": "company_name_pkey", "Relation Name": "company_name", "Alias": "cn", "Startup Cost": 0.0, "Total Cost": 0.28, "Plan Rows": 1, "Plan Width": 4, "Actual Startup Time": 563.789, "Actual Total Time": 563.789, "Actual Rows": 5228, "Actual Loops": 148552, "Index Cond": "(id = mc.company_id)", "Rows Removed by Index Recheck": 0, "Filter": "((country_code)::text = '[nl]'::text)", "Rows Removed by Filter": 143324}]}, {"Node Type": "Index Scan", "Parent Relationship": "Inner", "Scan Direction": "Forward", "Index Name": "title_pkey", "Relation Name": "title", "Alias": "t", "Startup Cost": 0.0, "Total Cost": 0.31, "Plan Rows": 1, "Plan Width": 21, "Actual Startup Time": 26.892, "Actual Total Time": 26.892, "Actual Rows": 5228, "Actual Loops": 5228, "Index Cond": "(id = mk.movie_id)", "Rows Removed by Index Recheck": 0}]}]}, "Triggers": [], "Planner Runtime": 11.909, "Total Runtime": 1183.878, "Unique SQL Id": 2804875951}}, "(16, '6')": {"explain_plan": {"Plan": {"Node Type": "Aggregate", "Strategy": "Plain", "Startup Cost": 3019.97, "Total Cost": 3019.98, "Plan Rows": 1, "Plan Width": 49, "Plans": [{"Node Type": "Nested Loop", "Parent Relationship": "Outer", "Join Type": "Inner", "Startup Cost": 5.3, "Total Cost": 3019.97, "Plan Rows": 2, "Plan Width": 17, "Inner Unique": true, "Join Filter": "(mc.movie_id = t.id)", "Plans": [{"Node Type": "Nested Loop", "Parent Relationship": "Outer", "Join Type": "Inner", "Startup Cost": 5.04, "Total Cost": 3011.39, "Plan Rows": 2, "Plan Width": 8, "Inner Unique": true, "Plans": [{"Node Type": "Nested Loop", "Parent Relationship": "Outer", "Join Type": "Inner", "Startup Cost": 4.78, "Total Cost": 2711.55, "Plan Rows": 70, "Plan Width": 12, "Inner Unique": false, "Plans": [{"Node Type": "Nested Loop", "Parent Relationship": "Outer", "Join Type": "Inner", "Startup Cost": 4.51, "Total Cost": 2569.02, "Plan Rows": 33, "Plan Width": 4, "Inner Unique": false, "Plans": [{"Node Type": "Seq Scan", "Parent Relationship": "Outer", "Relation Name": "keyword", "Alias": "k", "Startup Cost": 0.0, "Total Cost": 2436.11, "Plan Rows": 1, "Plan Width": 4, "Filter": "((keyword)::text = 'character-name-in-title'::text)"}, {"Node Type": "Bitmap Heap Scan", "Parent Relationship": "Inner", "Relation Name": "movie_keyword", "Alias": "mk", "Startup Cost": 4.51, "Total Cost": 132.58, "Plan Rows": 33, "Plan Width": 8, "Recheck Cond": "(keyword_id = k.id)", "Plans": [{"Node Type": "Bitmap Index Scan", "Parent Relationship": "Outer", "Index Name": "keyword_id_movie_keyword", "Startup Cost": 0.0, "Total Cost": 4.5, "Plan Rows": 33, "Plan Width": 0, "Index Cond": "(keyword_id = k.id)"}]}]}, {"Node Type": "Bitmap Heap Scan", "Parent Relationship": "Inner", "Relation Name": "movie_companies", "Alias": "mc", "Startup Cost": 0.27, "Total Cost": 4.3, "Plan Rows": 2, "Plan Width": 8, "Recheck Cond": "(movie_id = mk.movie_id)", "Plans": [{"Node Type": "Bitmap Index Scan", "Parent Relationship": "Outer", "Index Name": "movie_id_movie_companies", "Startup Cost": 0.0, "Total Cost": 0.27, "Plan Rows": 2, "Plan Width": 0, "Index Cond": "(movie_id = mk.movie_id)"}]}]}, {"Node Type": "Bitmap Heap Scan", "Parent Relationship": "Inner", "Relation Name": "company_name", "Alias": "cn", "Startup Cost": 0.26, "Total Cost": 4.27, "Plan Rows": 1, "Plan Width": 4, "Recheck Cond": "(id = mc.company_id)", "Filter": "((country_code)::text = '[nl]'::text)", "Plans": [{"Node Type": "Bitmap Index Scan", "Parent Relationship": "Outer", "Index Name": "company_name_pkey", "Startup Cost": 0.0, "Total Cost": 0.26, "Plan Rows": 1, "Plan Width": 0, "Index Cond": "(id = mc.company_id)"}]}]}, {"Node Type": "Bitmap Heap Scan", "Parent Relationship": "Inner", "Relation Name": "title", "Alias": "t", "Startup Cost": 0.27, "Total Cost": 4.28, "Plan Rows": 1, "Plan Width": 21, "Recheck Cond": "(id = mk.movie_id)", "Plans": [{"Node Type": "Bitmap Index Scan", "Parent Relationship": "Outer", "Index Name": "title_pkey", "Startup Cost": 0.0, "Total Cost": 0.27, "Plan Rows": 1, "Plan Width": 0, "Index Cond": "(id = mk.movie_id)"}]}]}]}, "Unique SQL Id": 2804875951, "Planner Runtime": 16}, "explain_analyze_plan": {"Plan": {"Node Type": "Aggregate", "Strategy": "Plain", "Startup Cost": 3019.97, "Total Cost": 3019.98, "Plan Rows": 1, "Plan Width": 49, "Actual Startup Time": 1407.614, "Actual Total Time": 1407.615, "Actual Rows": 1, "Actual Loops": 1, "Plans": [{"Node Type": "Nested Loop", "Parent Relationship": "Outer", "Join Type": "Inner", "Startup Cost": 5.3, "Total Cost": 3019.97, "Plan Rows": 2, "Plan Width": 17, "Actual Startup Time": 16.178, "Actual Total Time": 1403.151, "Actual Rows": 5228, "Actual Loops": 1, "Inner Unique": true, "Join Filter": "(mc.movie_id = t.id)", "Rows Removed by Join Filter": 0, "Plans": [{"Node Type": "Nested Loop", "Parent Relationship": "Outer", "Join Type": "Inner", "Startup Cost": 5.04, "Total Cost": 3011.39, "Plan Rows": 2, "Plan Width": 8, "Actual Startup Time": 16.158, "Actual Total Time": 1365.668, "Actual Rows": 5228, "Actual Loops": 1, "Inner Unique": true, "Plans": [{"Node Type": "Nested Loop", "Parent Relationship": "Outer", "Join Type": "Inner", "Startup Cost": 4.78, "Total Cost": 2711.55, "Plan Rows": 70, "Plan Width": 12, "Actual Startup Time": 11.838, "Actual Total Time": 496.315, "Actual Rows": 148552, "Actual Loops": 1, "Inner Unique": false, "Plans": [{"Node Type": "Nested Loop", "Parent Relationship": "Outer", "Join Type": "Inner", "Startup Cost": 4.51, "Total Cost": 2569.02, "Plan Rows": 33, "Plan Width": 4, "Actual Startup Time": 11.8, "Actual Total Time": 100.005, "Actual Rows": 41840, "Actual Loops": 1, "Inner Unique": false, "Plans": [{"Node Type": "Seq Scan", "Parent Relationship": "Outer", "Relation Name": "keyword", "Alias": "k", "Startup Cost": 0.0, "Total Cost": 2436.11, "Plan Rows": 1, "Plan Width": 4, "Actual Startup Time": 1.772, "Actual Total Time": 40.559, "Actual Rows": 1, "Actual Loops": 1, "Filter": "((keyword)::text = 'character-name-in-title'::text)", "Rows Removed by Filter": 134168}, {"Node Type": "Bitmap Heap Scan", "Parent Relationship": "Inner", "Relation Name": "movie_keyword", "Alias": "mk", "Startup Cost": 4.51, "Total Cost": 132.58, "Plan Rows": 33, "Plan Width": 8, "Actual Startup Time": 10.022, "Actual Total Time": 50.222, "Actual Rows": 41840, "Actual Loops": 1, "Recheck Cond": "(keyword_id = k.id)", "Rows Removed by Index Recheck": 0, "Exact Heap Blocks": 9702, "Lossy Heap Blocks": 9702, "Plans": [{"Node Type": "Bitmap Index Scan", "Parent Relationship": "Outer", "Index Name": "keyword_id_movie_keyword", "Startup Cost": 0.0, "Total Cost": 4.5, "Plan Rows": 33, "Plan Width": 0, "Actual Startup Time": 8.253, "Actual Total Time": 8.253, "Actual Rows": 41840, "Actual Loops": 1, "Index Cond": "(keyword_id = k.id)"}]}]}, {"Node Type": "Bitmap Heap Scan", "Parent Relationship": "Inner", "Relation Name": "movie_companies", "Alias": "mc", "Startup Cost": 0.27, "Total Cost": 4.3, "Plan Rows": 2, "Plan Width": 8, "Actual Startup Time": 253.295, "Actual Total Time": 310.868, "Actual Rows": 148552, "Actual Loops": 41840, "Recheck Cond": "(movie_id = mk.movie_id)", "Rows Removed by Index Recheck": 0, "Exact Heap Blocks": 62638, "Lossy Heap Blocks": 62638, "Plans": [{"Node Type": "Bitmap Index Scan", "Parent Relationship": "Outer", "Index Name": "movie_id_movie_companies", "Startup Cost": 0.0, "Total Cost": 0.27, "Plan Rows": 2, "Plan Width": 0, "Actual Startup Time": 156.576, "Actual Total Time": 156.576, "Actual Rows": 148552, "Actual Loops": 41840, "Index Cond": "(movie_id = mk.movie_id)"}]}]}, {"Node Type": "Bitmap Heap Scan", "Parent Relationship": "Inner", "Relation Name": "company_name", "Alias": "cn", "Startup Cost": 0.26, "Total Cost": 4.27, "Plan Rows": 1, "Plan Width": 4, "Actual Startup Time": 699.973, "Actual Total Time": 699.973, "Actual Rows": 5228, "Actual Loops": 148552, "Recheck Cond": "(id = mc.company_id)", "Rows Removed by Index Recheck": 0, "Filter": "((country_code)::text = '[nl]'::text)", "Rows Removed by Filter": 143324, "Exact Heap Blocks": 148552, "Lossy Heap Blocks": 148552, "Plans": [{"Node Type": "Bitmap Index Scan", "Parent Relationship": "Outer", "Index Name": "company_name_pkey", "Startup Cost": 0.0, "Total Cost": 0.26, "Plan Rows": 1, "Plan Width": 0, "Actual Startup Time": 386.659, "Actual Total Time": 386.659, "Actual Rows": 148552, "Actual Loops": 148552, "Index Cond": "(id = mc.company_id)"}]}]}, {"Node Type": "Bitmap Heap Scan", "Parent Relationship": "Inner", "Relation Name": "title", "Alias": "t", "Startup Cost": 0.27, "Total Cost": 4.28, "Plan Rows": 1, "Plan Width": 21, "Actual Startup Time": 28.495, "Actual Total Time": 28.495, "Actual Rows": 5228, "Actual Loops": 5228, "Recheck Cond": "(id = mk.movie_id)", "Rows Removed by Index Recheck": 0, "Exact Heap Blocks": 5228, "Lossy Heap Blocks": 5228, "Plans": [{"Node Type": "Bitmap Index Scan", "Parent Relationship": "Outer", "Index Name": "title_pkey", "Startup Cost": 0.0, "Total Cost": 0.27, "Plan Rows": 1, "Plan Width": 0, "Actual Startup Time": 17.109, "Actual Total Time": 17.109, "Actual Rows": 5228, "Actual Loops": 5228, "Index Cond": "(id = mk.movie_id)"}]}]}]}, "Triggers": [], "Planner Runtime": 15.864, "Total Runtime": 1408.006, "Unique SQL Id": 2804875951}}, "(16, '7')": {"explain_plan": {"Plan": {"Node Type": "Aggregate", "Strategy": "Plain", "Startup Cost": 3739.07, "Total Cost": 3739.08, "Plan Rows": 1, "Plan Width": 49, "Plans": [{"Node Type": "Nested Loop", "Parent Relationship": "Outer", "Join Type": "Inner", "Startup Cost": 724.4, "Total Cost": 3739.06, "Plan Rows": 2, "Plan Width": 17, "Inner Unique": true, "Join Filter": "(mc.movie_id = t.id)", "Plans": [{"Node Type": "Nested Loop", "Parent Relationship": "Outer", "Join Type": "Inner", "Startup Cost": 724.13, "Total Cost": 3730.48, "Plan Rows": 2, "Plan Width": 8, "Inner Unique": true, "Plans": [{"Node Type": "Nested Loop", "Parent Relationship": "Outer", "Join Type": "Inner", "Startup Cost": 723.87, "Total Cost": 3430.65, "Plan Rows": 70, "Plan Width": 12, "Inner Unique": false, "Plans": [{"Node Type": "Nested Loop", "Parent Relationship": "Outer", "Join Type": "Inner", "Startup Cost": 723.6, "Total Cost": 3288.12, "Plan Rows": 33, "Plan Width": 4, "Inner Unique": false, "Plans": [{"Node Type": "Bitmap Heap Scan", "Parent Relationship": "Outer", "Relation Name": "keyword", "Alias": "k", "Startup Cost": 719.1, "Total Cost": 3155.21, "Plan Rows": 1, "Plan Width": 4, "Filter": "((keyword)::text = 'character-name-in-title'::text)", "Plans": [{"Node Type": "Bitmap Index Scan", "Parent Relationship": "Outer", "Index Name": "keyword_pkey", "Startup Cost": 0.0, "Total Cost": 719.1, "Plan Rows": 134169, "Plan Width": 0}]}, {"Node Type": "Bitmap Heap Scan", "Parent Relationship": "Inner", "Relation Name": "movie_keyword", "Alias": "mk", "Startup Cost": 4.51, "Total Cost": 132.58, "Plan Rows": 33, "Plan Width": 8, "Recheck Cond": "(keyword_id = k.id)", "Plans": [{"Node Type": "Bitmap Index Scan", "Parent Relationship": "Outer", "Index Name": "keyword_id_movie_keyword", "Startup Cost": 0.0, "Total Cost": 4.5, "Plan Rows": 33, "Plan Width": 0, "Index Cond": "(keyword_id = k.id)"}]}]}, {"Node Type": "Bitmap Heap Scan", "Parent Relationship": "Inner", "Relation Name": "movie_companies", "Alias": "mc", "Startup Cost": 0.27, "Total Cost": 4.3, "Plan Rows": 2, "Plan Width": 8, "Recheck Cond": "(movie_id = mk.movie_id)", "Plans": [{"Node Type": "Bitmap Index Scan", "Parent Relationship": "Outer", "Index Name": "movie_id_movie_companies", "Startup Cost": 0.0, "Total Cost": 0.27, "Plan Rows": 2, "Plan Width": 0, "Index Cond": "(movie_id = mk.movie_id)"}]}]}, {"Node Type": "Bitmap Heap Scan", "Parent Relationship": "Inner", "Relation Name": "company_name", "Alias": "cn", "Startup Cost": 0.26, "Total Cost": 4.27, "Plan Rows": 1, "Plan Width": 4, "Recheck Cond": "(id = mc.company_id)", "Filter": "((country_code)::text = '[nl]'::text)", "Plans": [{"Node Type": "Bitmap Index Scan", "Parent Relationship": "Outer", "Index Name": "company_name_pkey", "Startup Cost": 0.0, "Total Cost": 0.26, "Plan Rows": 1, "Plan Width": 0, "Index Cond": "(id = mc.company_id)"}]}]}, {"Node Type": "Bitmap Heap Scan", "Parent Relationship": "Inner", "Relation Name": "title", "Alias": "t", "Startup Cost": 0.27, "Total Cost": 4.28, "Plan Rows": 1, "Plan Width": 21, "Recheck Cond": "(id = mk.movie_id)", "Plans": [{"Node Type": "Bitmap Index Scan", "Parent Relationship": "Outer", "Index Name": "title_pkey", "Startup Cost": 0.0, "Total Cost": 0.27, "Plan Rows": 1, "Plan Width": 0, "Index Cond": "(id = mk.movie_id)"}]}]}]}, "Unique SQL Id": 2804875951, "Planner Runtime": 8}, "explain_analyze_plan": {"Plan": {"Node Type": "Aggregate", "Strategy": "Plain", "Startup Cost": 3739.07, "Total Cost": 3739.08, "Plan Rows": 1, "Plan Width": 49, "Actual Startup Time": 1387.145, "Actual Total Time": 1387.146, "Actual Rows": 1, "Actual Loops": 1, "Plans": [{"Node Type": "Nested Loop", "Parent Relationship": "Outer", "Join Type": "Inner", "Startup Cost": 724.4, "Total Cost": 3739.06, "Plan Rows": 2, "Plan Width": 17, "Actual Startup Time": 25.648, "Actual Total Time": 1382.175, "Actual Rows": 5228, "Actual Loops": 1, "Inner Unique": true, "Join Filter": "(mc.movie_id = t.id)", "Rows Removed by Join Filter": 0, "Plans": [{"Node Type": "Nested Loop", "Parent Relationship": "Outer", "Join Type": "Inner", "Startup Cost": 724.13, "Total Cost": 3730.48, "Plan Rows": 2, "Plan Width": 8, "Actual Startup Time": 25.627, "Actual Total Time": 1347.061, "Actual Rows": 5228, "Actual Loops": 1, "Inner Unique": true, "Plans": [{"Node Type": "Nested Loop", "Parent Relationship": "Outer", "Join Type": "Inner", "Startup Cost": 723.87, "Total Cost": 3430.65, "Plan Rows": 70, "Plan Width": 12, "Actual Startup Time": 21.56, "Actual Total Time": 492.049, "Actual Rows": 148552, "Actual Loops": 1, "Inner Unique": false, "Plans": [{"Node Type": "Nested Loop", "Parent Relationship": "Outer", "Join Type": "Inner", "Startup Cost": 723.6, "Total Cost": 3288.12, "Plan Rows": 33, "Plan Width": 4, "Actual Startup Time": 21.524, "Actual Total Time": 111.574, "Actual Rows": 41840, "Actual Loops": 1, "Inner Unique": false, "Plans": [{"Node Type": "Bitmap Heap Scan", "Parent Relationship": "Outer", "Relation Name": "keyword", "Alias": "k", "Startup Cost": 719.1, "Total Cost": 3155.21, "Plan Rows": 1, "Plan Width": 4, "Actual Startup Time": 13.5, "Actual Total Time": 60.831, "Actual Rows": 1, "Actual Loops": 1, "Filter": "((keyword)::text = 'character-name-in-title'::text)", "Rows Removed by Filter": 134168, "Exact Heap Blocks": 759, "Lossy Heap Blocks": 759, "Plans": [{"Node Type": "Bitmap Index Scan", "Parent Relationship": "Outer", "Index Name": "keyword_pkey", "Startup Cost": 0.0, "Total Cost": 719.1, "Plan Rows": 134169, "Plan Width": 0, "Actual Startup Time": 11.196, "Actual Total Time": 11.196, "Actual Rows": 134169, "Actual Loops": 1}]}, {"Node Type": "Bitmap Heap Scan", "Parent Relationship": "Inner", "Relation Name": "movie_keyword", "Alias": "mk", "Startup Cost": 4.51, "Total Cost": 132.58, "Plan Rows": 33, "Plan Width": 8, "Actual Startup Time": 8.013, "Actual Total Time": 41.471, "Actual Rows": 41840, "Actual Loops": 1, "Recheck Cond": "(keyword_id = k.id)", "Rows Removed by Index Recheck": 0, "Exact Heap Blocks": 9702, "Lossy Heap Blocks": 9702, "Plans": [{"Node Type": "Bitmap Index Scan", "Parent Relationship": "Outer", "Index Name": "keyword_id_movie_keyword", "Startup Cost": 0.0, "Total Cost": 4.5, "Plan Rows": 33, "Plan Width": 0, "Actual Startup Time": 6.272, "Actual Total Time": 6.272, "Actual Rows": 41840, "Actual Loops": 1, "Index Cond": "(keyword_id = k.id)"}]}]}, {"Node Type": "Bitmap Heap Scan", "Parent Relationship": "Inner", "Relation Name": "movie_companies", "Alias": "mc", "Startup Cost": 0.27, "Total Cost": 4.3, "Plan Rows": 2, "Plan Width": 8, "Actual Startup Time": 240.891, "Actual Total Time": 294.516, "Actual Rows": 148552, "Actual Loops": 41840, "Recheck Cond": "(movie_id = mk.movie_id)", "Rows Removed by Index Recheck": 0, "Exact Heap Blocks": 62638, "Lossy Heap Blocks": 62638, "Plans": [{"Node Type": "Bitmap Index Scan", "Parent Relationship": "Outer", "Index Name": "movie_id_movie_companies", "Startup Cost": 0.0, "Total Cost": 0.27, "Plan Rows": 2, "Plan Width": 0, "Actual Startup Time": 150.419, "Actual Total Time": 150.419, "Actual Rows": 148552, "Actual Loops": 41840, "Index Cond": "(movie_id = mk.movie_id)"}]}]}, {"Node Type": "Bitmap Heap Scan", "Parent Relationship": "Inner", "Relation Name": "company_name", "Alias": "cn", "Startup Cost": 0.26, "Total Cost": 4.27, "Plan Rows": 1, "Plan Width": 4, "Actual Startup Time": 685.084, "Actual Total Time": 685.084, "Actual Rows": 5228, "Actual Loops": 148552, "Recheck Cond": "(id = mc.company_id)", "Rows Removed by Index Recheck": 0, "Filter": "((country_code)::text = '[nl]'::text)", "Rows Removed by Filter": 143324, "Exact Heap Blocks": 148552, "Lossy Heap Blocks": 148552, "Plans": [{"Node Type": "Bitmap Index Scan", "Parent Relationship": "Outer", "Index Name": "company_name_pkey", "Startup Cost": 0.0, "Total Cost": 0.26, "Plan Rows": 1, "Plan Width": 0, "Actual Startup Time": 382.826, "Actual Total Time": 382.826, "Actual Rows": 148552, "Actual Loops": 148552, "Index Cond": "(id = mc.company_id)"}]}]}, {"Node Type": "Bitmap Heap Scan", "Parent Relationship": "Inner", "Relation Name": "title", "Alias": "t", "Startup Cost": 0.27, "Total Cost": 4.28, "Plan Rows": 1, "Plan Width": 21, "Actual Startup Time": 25.907, "Actual Total Time": 25.907, "Actual Rows": 5228, "Actual Loops": 5228, "Recheck Cond": "(id = mk.movie_id)", "Rows Removed by Index Recheck": 0, "Exact Heap Blocks": 5228, "Lossy Heap Blocks": 5228, "Plans": [{"Node Type": "Bitmap Index Scan", "Parent Relationship": "Outer", "Index Name": "title_pkey", "Startup Cost": 0.0, "Total Cost": 0.27, "Plan Rows": 1, "Plan Width": 0, "Actual Startup Time": 16.062, "Actual Total Time": 16.062, "Actual Rows": 5228, "Actual Loops": 5228, "Index Cond": "(id = mk.movie_id)"}]}]}]}, "Triggers": [], "Planner Runtime": 8.607, "Total Runtime": 1387.489, "Unique SQL Id": 2804875951}}, "(16, '8')": {"explain_plan": {"Plan": {"Node Type": "Aggregate", "Strategy": "Plain", "Startup Cost": 2605.07, "Total Cost": 2605.08, "Plan Rows": 1, "Plan Width": 49, "Plans": [{"Node Type": "Nested Loop", "Parent Relationship": "Outer", "Join Type": "Inner", "Startup Cost": 0.0, "Total Cost": 2605.07, "Plan Rows": 2, "Plan Width": 17, "Inner Unique": true, "Join Filter": "(mc.movie_id = t.id)", "Plans": [{"Node Type": "Nested Loop", "Parent Relationship": "Outer", "Join Type": "Inner", "Startup Cost": 0.0, "Total Cost": 2604.42, "Plan Rows": 2, "Plan Width": 8, "Inner Unique": true, "Plans": [{"Node Type": "Nested Loop", "Parent Relationship": "Outer", "Join Type": "Inner", "Startup Cost": 0.0, "Total Cost": 2584.29, "Plan Rows": 70, "Plan Width": 12, "Inner Unique": false, "Plans": [{"Node Type": "Nested Loop", "Parent Relationship": "Outer", "Join Type": "Inner", "Startup Cost": 0.0, "Total Cost": 2573.32, "Plan Rows": 33, "Plan Width": 4, "Inner Unique": false, "Plans": [{"Node Type": "Seq Scan", "Parent Relationship": "Outer", "Relation Name": "keyword", "Alias": "k", "Startup Cost": 0.0, "Total Cost": 2436.11, "Plan Rows": 1, "Plan Width": 4, "Filter": "((keyword)::text = 'character-name-in-title'::text)"}, {"Node Type": "Index Scan", "Parent Relationship": "Inner", "Scan Direction": "Forward", "Index Name": "keyword_id_movie_keyword", "Relation Name": "movie_keyword", "Alias": "mk", "Startup Cost": 0.0, "Total Cost": 136.88, "Plan Rows": 33, "Plan Width": 8, "Index Cond": "(keyword_id = k.id)"}]}, {"Node Type": "Index Scan", "Parent Relationship": "Inner", "Scan Direction": "Forward", "Index Name": "movie_id_movie_companies", "Relation Name": "movie_companies", "Alias": "mc", "Startup Cost": 0.0, "Total Cost": 0.31, "Plan Rows": 2, "Plan Width": 8, "Index Cond": "(movie_id = mk.movie_id)"}]}, {"Node Type": "Index Scan", "Parent Relationship": "Inner", "Scan Direction": "Forward", "Index Name": "company_name_pkey", "Relation Name": "company_name", "Alias": "cn", "Startup Cost": 0.0, "Total Cost": 0.28, "Plan Rows": 1, "Plan Width": 4, "Index Cond": "(id = mc.company_id)", "Filter": "((country_code)::text = '[nl]'::text)"}]}, {"Node Type": "Index Scan", "Parent Relationship": "Inner", "Scan Direction": "Forward", "Index Name": "title_pkey", "Relation Name": "title", "Alias": "t", "Startup Cost": 0.0, "Total Cost": 0.31, "Plan Rows": 1, "Plan Width": 21, "Index Cond": "(id = mk.movie_id)"}]}]}, "Unique SQL Id": 2804875951, "Planner Runtime": 10}, "explain_analyze_plan": {"Plan": {"Node Type": "Aggregate", "Strategy": "Plain", "Startup Cost": 2605.07, "Total Cost": 2605.08, "Plan Rows": 1, "Plan Width": 49, "Actual Startup Time": 1003.672, "Actual Total Time": 1003.673, "Actual Rows": 1, "Actual Loops": 1, "Plans": [{"Node Type": "Nested Loop", "Parent Relationship": "Outer", "Join Type": "Inner", "Startup Cost": 0.0, "Total Cost": 2605.07, "Plan Rows": 2, "Plan Width": 17, "Actual Startup Time": 4.721, "Actual Total Time": 1000.415, "Actual Rows": 5228, "Actual Loops": 1, "Inner Unique": true, "Join Filter": "(mc.movie_id = t.id)", "Rows Removed by Join Filter": 0, "Plans": [{"Node Type": "Nested Loop", "Parent Relationship": "Outer", "Join Type": "Inner", "Startup Cost": 0.0, "Total Cost": 2604.42, "Plan Rows": 2, "Plan Width": 8, "Actual Startup Time": 4.708, "Actual Total Time": 973.99, "Actual Rows": 5228, "Actual Loops": 1, "Inner Unique": true, "Plans": [{"Node Type": "Nested Loop", "Parent Relationship": "Outer", "Join Type": "Inner", "Startup Cost": 0.0, "Total Cost": 2584.29, "Plan Rows": 70, "Plan Width": 12, "Actual Startup Time": 1.809, "Actual Total Time": 358.696, "Actual Rows": 148552, "Actual Loops": 1, "Inner Unique": false, "Plans": [{"Node Type": "Nested Loop", "Parent Relationship": "Outer", "Join Type": "Inner", "Startup Cost": 0.0, "Total Cost": 2573.32, "Plan Rows": 33, "Plan Width": 4, "Actual Startup Time": 1.792, "Actual Total Time": 86.929, "Actual Rows": 41840, "Actual Loops": 1, "Inner Unique": false, "Plans": [{"Node Type": "Seq Scan", "Parent Relationship": "Outer", "Relation Name": "keyword", "Alias": "k", "Startup Cost": 0.0, "Total Cost": 2436.11, "Plan Rows": 1, "Plan Width": 4, "Actual Startup Time": 1.768, "Actual Total Time": 41.894, "Actual Rows": 1, "Actual Loops": 1, "Filter": "((keyword)::text = 'character-name-in-title'::text)", "Rows Removed by Filter": 134168}, {"Node Type": "Index Scan", "Parent Relationship": "Inner", "Scan Direction": "Forward", "Index Name": "keyword_id_movie_keyword", "Relation Name": "movie_keyword", "Alias": "mk", "Startup Cost": 0.0, "Total Cost": 136.88, "Plan Rows": 33, "Plan Width": 8, "Actual Startup Time": 0.02, "Actual Total Time": 35.59, "Actual Rows": 41840, "Actual Loops": 1, "Index Cond": "(keyword_id = k.id)", "Rows Removed by Index Recheck": 0}]}, {"Node Type": "Index Scan", "Parent Relationship": "Inner", "Scan Direction": "Forward", "Index Name": "movie_id_movie_companies", "Relation Name": "movie_companies", "Alias": "mc", "Startup Cost": 0.0, "Total Cost": 0.31, "Plan Rows": 2, "Plan Width": 8, "Actual Startup Time": 145.322, "Actual Total Time": 215.961, "Actual Rows": 148552, "Actual Loops": 41840, "Index Cond": "(movie_id = mk.movie_id)", "Rows Removed by Index Recheck": 0}]}, {"Node Type": "Index Scan", "Parent Relationship": "Inner", "Scan Direction": "Forward", "Index Name": "company_name_pkey", "Relation Name": "company_name", "Alias": "cn", "Startup Cost": 0.0, "Total Cost": 0.28, "Plan Rows": 1, "Plan Width": 4, "Actual Startup Time": 543.353, "Actual Total Time": 543.353, "Actual Rows": 5228, "Actual Loops": 148552, "Index Cond": "(id = mc.company_id)", "Rows Removed by Index Recheck": 0, "Filter": "((country_code)::text = '[nl]'::text)", "Rows Removed by Filter": 143324}]}, {"Node Type": "Index Scan", "Parent Relationship": "Inner", "Scan Direction": "Forward", "Index Name": "title_pkey", "Relation Name": "title", "Alias": "t", "Startup Cost": 0.0, "Total Cost": 0.31, "Plan Rows": 1, "Plan Width": 21, "Actual Startup Time": 20.597, "Actual Total Time": 20.597, "Actual Rows": 5228, "Actual Loops": 5228, "Index Cond": "(id = mk.movie_id)", "Rows Removed by Index Recheck": 0}]}]}, "Triggers": [], "Planner Runtime": 10.364, "Total Runtime": 1003.955, "Unique SQL Id": 2804875951}}, "(16, '9')": {"explain_plan": {"Plan": {"Node Type": "Aggregate", "Strategy": "Plain", "Startup Cost": 3351.67, "Total Cost": 3351.68, "Plan Rows": 1, "Plan Width": 49, "Plans": [{"Node Type": "Nested Loop", "Parent Relationship": "Outer", "Join Type": "Inner", "Startup Cost": 0.0, "Total Cost": 3351.67, "Plan Rows": 2, "Plan Width": 17, "Inner Unique": true, "Join Filter": "(mc.movie_id = t.id)", "Plans": [{"Node Type": "Nested Loop", "Parent Relationship": "Outer", "Join Type": "Inner", "Startup Cost": 0.0, "Total Cost": 3351.03, "Plan Rows": 2, "Plan Width": 8, "Inner Unique": true, "Plans": [{"Node Type": "Nested Loop", "Parent Relationship": "Outer", "Join Type": "Inner", "Startup Cost": 0.0, "Total Cost": 3330.89, "Plan Rows": 70, "Plan Width": 12, "Inner Unique": false, "Plans": [{"Node Type": "Nested Loop", "Parent Relationship": "Outer", "Join Type": "Inner", "Startup Cost": 0.0, "Total Cost": 3319.92, "Plan Rows": 33, "Plan Width": 4, "Inner Unique": false, "Plans": [{"Node Type": "Index Scan", "Parent Relationship": "Outer", "Scan Direction": "Forward", "Index Name": "keyword_pkey", "Relation Name": "keyword", "Alias": "k", "Startup Cost": 0.0, "Total Cost": 3182.72, "Plan Rows": 1, "Plan Width": 4, "Filter": "((keyword)::text = 'character-name-in-title'::text)"}, {"Node Type": "Index Scan", "Parent Relationship": "Inner", "Scan Direction": "Forward", "Index Name": "keyword_id_movie_keyword", "Relation Name": "movie_keyword", "Alias": "mk", "Startup Cost": 0.0, "Total Cost": 136.88, "Plan Rows": 33, "Plan Width": 8, "Index Cond": "(keyword_id = k.id)"}]}, {"Node Type": "Index Scan", "Parent Relationship": "Inner", "Scan Direction": "Forward", "Index Name": "movie_id_movie_companies", "Relation Name": "movie_companies", "Alias": "mc", "Startup Cost": 0.0, "Total Cost": 0.31, "Plan Rows": 2, "Plan Width": 8, "Index Cond": "(movie_id = mk.movie_id)"}]}, {"Node Type": "Index Scan", "Parent Relationship": "Inner", "Scan Direction": "Forward", "Index Name": "company_name_pkey", "Relation Name": "company_name", "Alias": "cn", "Startup Cost": 0.0, "Total Cost": 0.28, "Plan Rows": 1, "Plan Width": 4, "Index Cond": "(id = mc.company_id)", "Filter": "((country_code)::text = '[nl]'::text)"}]}, {"Node Type": "Index Scan", "Parent Relationship": "Inner", "Scan Direction": "Forward", "Index Name": "title_pkey", "Relation Name": "title", "Alias": "t", "Startup Cost": 0.0, "Total Cost": 0.31, "Plan Rows": 1, "Plan Width": 21, "Index Cond": "(id = mk.movie_id)"}]}]}, "Unique SQL Id": 2804875951, "Planner Runtime": 10}, "explain_analyze_plan": {"Plan": {"Node Type": "Aggregate", "Strategy": "Plain", "Startup Cost": 3351.67, "Total Cost": 3351.68, "Plan Rows": 1, "Plan Width": 49, "Actual Startup Time": 1115.49, "Actual Total Time": 1115.49, "Actual Rows": 1, "Actual Loops": 1, "Plans": [{"Node Type": "Nested Loop", "Parent Relationship": "Outer", "Join Type": "Inner", "Startup Cost": 0.0, "Total Cost": 3351.67, "Plan Rows": 2, "Plan Width": 17, "Actual Startup Time": 3.24, "Actual Total Time": 1112.359, "Actual Rows": 5228, "Actual Loops": 1, "Inner Unique": true, "Join Filter": "(mc.movie_id = t.id)", "Rows Removed by Join Filter": 0, "Plans": [{"Node Type": "Nested Loop", "Parent Relationship": "Outer", "Join Type": "Inner", "Startup Cost": 0.0, "Total Cost": 3351.03, "Plan Rows": 2, "Plan Width": 8, "Actual Startup Time": 3.226, "Actual Total Time": 1085.159, "Actual Rows": 5228, "Actual Loops": 1, "Inner Unique": true, "Plans": [{"Node Type": "Nested Loop", "Parent Relationship": "Outer", "Join Type": "Inner", "Startup Cost": 0.0, "Total Cost": 3330.89, "Plan Rows": 70, "Plan Width": 12, "Actual Startup Time": 0.236, "Actual Total Time": 447.681, "Actual Rows": 148552, "Actual Loops": 1, "Inner Unique": false, "Plans": [{"Node Type": "Nested Loop", "Parent Relationship": "Outer", "Join Type": "Inner", "Startup Cost": 0.0, "Total Cost": 3319.92, "Plan Rows": 33, "Plan Width": 4, "Actual Startup Time": 0.221, "Actual Total Time": 168.712, "Actual Rows": 41840, "Actual Loops": 1, "Inner Unique": false, "Plans": [{"Node Type": "Index Scan", "Parent Relationship": "Outer", "Scan Direction": "Forward", "Index Name": "keyword_pkey", "Relation Name": "keyword", "Alias": "k", "Startup Cost": 0.0, "Total Cost": 3182.72, "Plan Rows": 1, "Plan Width": 4, "Actual Startup Time": 0.203, "Actual Total Time": 122.802, "Actual Rows": 1, "Actual Loops": 1, "Filter": "((keyword)::text = 'character-name-in-title'::text)", "Rows Removed by Filter": 134168}, {"Node Type": "Index Scan", "Parent Relationship": "Inner", "Scan Direction": "Forward", "Index Name": "keyword_id_movie_keyword", "Relation Name": "movie_keyword", "Alias": "mk", "Startup Cost": 0.0, "Total Cost": 136.88, "Plan Rows": 33, "Plan Width": 8, "Actual Startup Time": 0.013, "Actual Total Time": 36.759, "Actual Rows": 41840, "Actual Loops": 1, "Index Cond": "(keyword_id = k.id)", "Rows Removed by Index Recheck": 0}]}, {"Node Type": "Index Scan", "Parent Relationship": "Inner", "Scan Direction": "Forward", "Index Name": "movie_id_movie_companies", "Relation Name": "movie_companies", "Alias": "mc", "Startup Cost": 0.0, "Total Cost": 0.31, "Plan Rows": 2, "Plan Width": 8, "Actual Startup Time": 150.509, "Actual Total Time": 222.921, "Actual Rows": 148552, "Actual Loops": 41840, "Index Cond": "(movie_id = mk.movie_id)", "Rows Removed by Index Recheck": 0}]}, {"Node Type": "Index Scan", "Parent Relationship": "Inner", "Scan Direction": "Forward", "Index Name": "company_name_pkey", "Relation Name": "company_name", "Alias": "cn", "Startup Cost": 0.0, "Total Cost": 0.28, "Plan Rows": 1, "Plan Width": 4, "Actual Startup Time": 564.52, "Actual Total Time": 564.52, "Actual Rows": 5228, "Actual Loops": 148552, "Index Cond": "(id = mc.company_id)", "Rows Removed by Index Recheck": 0, "Filter": "((country_code)::text = '[nl]'::text)", "Rows Removed by Filter": 143324}]}, {"Node Type": "Index Scan", "Parent Relationship": "Inner", "Scan Direction": "Forward", "Index Name": "title_pkey", "Relation Name": "title", "Alias": "t", "Startup Cost": 0.0, "Total Cost": 0.31, "Plan Rows": 1, "Plan Width": 21, "Actual Startup Time": 21.443, "Actual Total Time": 21.443, "Actual Rows": 5228, "Actual Loops": 5228, "Index Cond": "(id = mk.movie_id)", "Rows Removed by Index Recheck": 0}]}]}, "Triggers": [], "Planner Runtime": 9.9, "Total Runtime": 1115.761, "Unique SQL Id": 2804875951}}, "(16, '10')": {"explain_plan": {"Plan": {"Node Type": "Aggregate", "Strategy": "Plain", "Startup Cost": 110556.13, "Total Cost": 110556.15, "Plan Rows": 1, "Plan Width": 49, "Plans": [{"Node Type": "Streaming(type: LOCAL GATHER dop: 1/16)", "Parent Relationship": "Outer", "Startup Cost": 110556.13, "Total Cost": 110556.15, "Plan Rows": 1, "Plan Width": 49, "Plans": [{"Node Type": "Aggregate", "Strategy": "Plain", "Parent Relationship": "Outer", "Startup Cost": 110556.13, "Total Cost": 110556.14, "Plan Rows": 1, "Plan Width": 49, "Plans": [{"Node Type": "Hash Join", "Parent Relationship": "Outer", "Join Type": "Inner", "Startup Cost": 91209.23, "Total Cost": 110556.13, "Plan Rows": 2, "Plan Width": 17, "Inner Unique": false, "Hash Cond": "(t.id = mc.movie_id)", "Plans": [{"Node Type": "Seq Scan", "Parent Relationship": "Outer", "Relation Name": "title", "Alias": "t", "Startup Cost": 0.0, "Total Cost": 18754.32, "Plan Rows": 2528311, "Plan Width": 21}, {"Node Type": "Hash", "Parent Relationship": "Inner", "Startup Cost": 91209.2, "Total Cost": 91209.2, "Plan Rows": 32, "Plan Width": 8, "Plans": [{"Node Type": "Streaming(type: BROADCAST dop: 16/1)", "Parent Relationship": "Outer", "Startup Cost": 57980.91, "Total Cost": 91209.2, "Plan Rows": 32, "Plan Width": 8, "Plans": [{"Node Type": "Hash Join", "Parent Relationship": "Outer", "Join Type": "Inner", "Startup Cost": 57980.91, "Total Cost": 76208.51, "Plan Rows": 2, "Plan Width": 8, "Inner Unique": true, "Hash Cond": "(mc.company_id = cn.id)", "Plans": [{"Node Type": "Streaming(type: LOCAL GATHER dop: 1/16)", "Parent Relationship": "Outer", "Startup Cost": 52049.46, "Total Cost": 70276.1, "Plan Rows": 70, "Plan Width": 12, "Plans": [{"Node Type": "Hash Join", "Parent Relationship": "Outer", "Join Type": "Inner", "Startup Cost": 52049.46, "Total Cost": 70274.59, "Plan Rows": 70, "Plan Width": 12, "Inner Unique": false, "Hash Cond": "(mc.movie_id = mk.movie_id)", "Plans": [{"Node Type": "Seq Scan", "Parent Relationship": "Outer", "Relation Name": "movie_companies", "Alias": "mc", "Startup Cost": 0.0, "Total Cost": 17613.58, "Plan Rows": 2609128, "Plan Width": 8}, {"Node Type": "Hash", "Parent Relationship": "Inner", "Startup Cost": 52049.04, "Total Cost": 52049.04, "Plan Rows": 528, "Plan Width": 4, "Plans": [{"Node Type": "Streaming(type: BROADCAST dop: 16/16)", "Parent Relationship": "Outer", "Startup Cost": 17436.47, "Total Cost": 52049.04, "Plan Rows": 528, "Plan Width": 4, "Plans": [{"Node Type": "Hash Join", "Parent Relationship": "Outer", "Join Type": "Inner", "Startup Cost": 17436.47, "Total Cost": 37047.7, "Plan Rows": 33, "Plan Width": 4, "Inner Unique": true, "Hash Cond": "(mk.keyword_id = k.id)", "Plans": [{"Node Type": "Seq Scan", "Parent Relationship": "Outer", "Relation Name": "movie_keyword", "Alias": "mk", "Startup Cost": 0.0, "Total Cost": 18902.58, "Plan Rows": 4523929, "Plan Width": 8}, {"Node Type": "Hash", "Parent Relationship": "Inner", "Startup Cost": 17436.46, "Total Cost": 17436.46, "Plan Rows": 16, "Plan Width": 4, "Plans": [{"Node Type": "Streaming(type: BROADCAST dop: 16/1)", "Parent Relationship": "Outer", "Startup Cost": 0.0, "Total Cost": 17436.46, "Plan Rows": 16, "Plan Width": 4, "Plans": [{"Node Type": "Seq Scan", "Parent Relationship": "Outer", "Relation Name": "keyword", "Alias": "k", "Startup Cost": 0.0, "Total Cost": 2436.11, "Plan Rows": 1, "Plan Width": 4, "Filter": "((keyword)::text = 'character-name-in-title'::text)"}]}]}]}]}]}]}]}, {"Node Type": "Hash", "Parent Relationship": "Inner", "Startup Cost": 5903.45, "Total Cost": 5903.45, "Plan Rows": 2240, "Plan Width": 4, "Plans": [{"Node Type": "Seq Scan", "Parent Relationship": "Outer", "Relation Name": "company_name", "Alias": "cn", "Startup Cost": 0.0, "Total Cost": 5903.45, "Plan Rows": 2240, "Plan Width": 4, "Filter": "((country_code)::text = '[nl]'::text)"}]}]}]}]}]}]}]}]}, "Unique SQL Id": 2804875951, "Planner Runtime": 26}, "explain_analyze_plan": {"Plan": {"Node Type": "Aggregate", "Strategy": "Plain", "Startup Cost": 110556.13, "Total Cost": 110556.15, "Plan Rows": 1, "Plan Width": 49, "Actual Min Startup Time": 555.882, "Actual Max Startup Time": 555.882, "Actual Min Total Time": 555.882, "Actual Max Total Time": 555.882, "Plans": [{"Node Type": "Streaming(type: LOCAL GATHER dop: 1/16)", "Parent Relationship": "Outer", "Startup Cost": 110556.13, "Total Cost": 110556.15, "Plan Rows": 1, "Plan Width": 49, "Actual Min Startup Time": 545.82, "Actual Max Startup Time": 545.82, "Actual Min Total Time": 555.85, "Actual Max Total Time": 555.85, "Plans": [{"Node Type": "Aggregate", "Strategy": "Plain", "Parent Relationship": "Outer", "Startup Cost": 110556.13, "Total Cost": 110556.14, "Plan Rows": 1, "Plan Width": 49, "Actual Min Startup Time": 409.279, "Actual Max Startup Time": 440.627, "Actual Min Total Time": 409.279, "Actual Max Total Time": 440.628, "Plans": [{"Node Type": "Hash Join", "Parent Relationship": "Outer", "Join Type": "Inner", "Startup Cost": 91209.23, "Total Cost": 110556.13, "Plan Rows": 2, "Plan Width": 17, "Actual Min Startup Time": 338.095, "Actual Max Startup Time": 377.459, "Actual Min Total Time": 409.133, "Actual Max Total Time": 440.447, "Inner Unique": false, "Hash Cond": "(t.id = mc.movie_id)", "Plans": [{"Node Type": "Seq Scan", "Parent Relationship": "Outer", "Relation Name": "title", "Alias": "t", "Startup Cost": 0.0, "Total Cost": 18754.32, "Plan Rows": 2528311, "Plan Width": 21, "Actual Min Startup Time": 0.042, "Actual Max Startup Time": 0.06, "Actual Min Total Time": 38.991, "Actual Max Total Time": 45.434, "Actual Rows": 2528311}, {"Node Type": "Hash", "Parent Relationship": "Inner", "Startup Cost": 91209.2, "Total Cost": 91209.2, "Plan Rows": 32, "Plan Width": 8, "Actual Min Startup Time": 337.495, "Actual Max Startup Time": 375.373, "Actual Min Total Time": 337.495, "Actual Max Total Time": 375.373, "Max Hash Buckets": 32768, "Min Hash Buckets": 32768, "Max Hash Batches": 1, "Min Hash Batches": 1, "Max Original Hash Batches": 1, "Min Original Hash Batches": 1, "Max Peak Memory Usage": 205, "min Peak Memory Usage": 205, "Plans": [{"Node Type": "Streaming(type: BROADCAST dop: 16/1)", "Parent Relationship": "Outer", "Startup Cost": 57980.91, "Total Cost": 91209.2, "Plan Rows": 32, "Plan Width": 8, "Actual Min Startup Time": 167.45, "Actual Max Startup Time": 205.294, "Actual Min Total Time": 335.571, "Actual Max Total Time": 374.079, "Plans": [{"Node Type": "Hash Join", "Parent Relationship": "Outer", "Join Type": "Inner", "Startup Cost": 57980.91, "Total Cost": 76208.51, "Plan Rows": 2, "Plan Width": 8, "Actual Min Startup Time": 217.039, "Actual Max Startup Time": 217.039, "Actual Min Total Time": 333.497, "Actual Max Total Time": 333.497, "Inner Unique": true, "Hash Cond": "(mc.company_id = cn.id)", "Plans": [{"Node Type": "Streaming(type: LOCAL GATHER dop: 1/16)", "Parent Relationship": "Outer", "Startup Cost": 52049.46, "Total Cost": 70276.1, "Plan Rows": 70, "Plan Width": 12, "Actual Min Startup Time": 136.008, "Actual Max Startup Time": 136.008, "Actual Min Total Time": 226.398, "Actual Max Total Time": 226.398, "Plans": [{"Node Type": "Hash Join", "Parent Relationship": "Outer", "Join Type": "Inner", "Startup Cost": 52049.46, "Total Cost": 70274.59, "Plan Rows": 70, "Plan Width": 12, "Actual Min Startup Time": 163.703, "Actual Max Startup Time": 215.019, "Actual Min Total Time": 239.512, "Actual Max Total Time": 292.436, "Inner Unique": false, "Hash Cond": "(mc.movie_id = mk.movie_id)", "Plans": [{"Node Type": "Seq Scan", "Parent Relationship": "Outer", "Relation Name": "movie_companies", "Alias": "mc", "Startup Cost": 0.0, "Total Cost": 17613.58, "Plan Rows": 2609128, "Plan Width": 8, "Actual Min Startup Time": 0.049, "Actual Max Startup Time": 0.07, "Actual Min Total Time": 34.911, "Actual Max Total Time": 40.904, "Actual Rows": 2609128}, {"Node Type": "Hash", "Parent Relationship": "Inner", "Startup Cost": 52049.04, "Total Cost": 52049.04, "Plan Rows": 528, "Plan Width": 4, "Actual Min Startup Time": 163.472, "Actual Max Startup Time": 214.818, "Actual Min Total Time": 163.472, "Actual Max Total Time": 214.818, "Max Hash Buckets": 32768, "Min Hash Buckets": 32768, "Max Hash Batches": 1, "Min Hash Batches": 1, "Max Original Hash Batches": 1, "Min Original Hash Batches": 1, "Max Peak Memory Usage": 1471, "min Peak Memory Usage": 1471, "Plans": [{"Node Type": "Streaming(type: BROADCAST dop: 16/16)", "Parent Relationship": "Outer", "Startup Cost": 17436.47, "Total Cost": 52049.04, "Plan Rows": 528, "Plan Width": 4, "Actual Min Startup Time": 0.064, "Actual Max Startup Time": 0.138, "Actual Min Total Time": 148.637, "Actual Max Total Time": 204.884, "Plans": [{"Node Type": "Hash Join", "Parent Relationship": "Outer", "Join Type": "Inner", "Startup Cost": 17436.47, "Total Cost": 37047.7, "Plan Rows": 33, "Plan Width": 4, "Actual Min Startup Time": 0.146, "Actual Max Startup Time": 15.438, "Actual Min Total Time": 107.91, "Actual Max Total Time": 135.924, "Inner Unique": true, "Hash Cond": "(mk.keyword_id = k.id)", "Plans": [{"Node Type": "Seq Scan", "Parent Relationship": "Outer", "Relation Name": "movie_keyword", "Alias": "mk", "Startup Cost": 0.0, "Total Cost": 18902.58, "Plan Rows": 4523929, "Plan Width": 8, "Actual Min Startup Time": 0.059, "Actual Max Startup Time": 0.079, "Actual Min Total Time": 60.198, "Actual Max Total Time": 67.159, "Actual Rows": 4523929}, {"Node Type": "Hash", "Parent Relationship": "Inner", "Startup Cost": 17436.46, "Total Cost": 17436.46, "Plan Rows": 16, "Plan Width": 4, "Actual Min Startup Time": 0.015, "Actual Max Startup Time": 15.232, "Actual Min Total Time": 0.015, "Actual Max Total Time": 15.232, "Max Hash Buckets": 32768, "Min Hash Buckets": 32768, "Max Hash Batches": 1, "Min Hash Batches": 1, "Max Original Hash Batches": 1, "Min Original Hash Batches": 1, "Max Peak Memory Usage": 1, "min Peak Memory Usage": 1, "Plans": [{"Node Type": "Streaming(type: BROADCAST dop: 16/1)", "Parent Relationship": "Outer", "Startup Cost": 0.0, "Total Cost": 17436.46, "Plan Rows": 16, "Plan Width": 4, "Actual Min Startup Time": 0.003, "Actual Max Startup Time": 15.217, "Actual Min Total Time": 0.004, "Actual Max Total Time": 15.218, "Plans": [{"Node Type": "Seq Scan", "Parent Relationship": "Outer", "Relation Name": "keyword", "Alias": "k", "Startup Cost": 0.0, "Total Cost": 2436.11, "Plan Rows": 1, "Plan Width": 4, "Actual Min Startup Time": 1.892, "Actual Max Startup Time": 1.892, "Actual Min Total Time": 43.326, "Actual Max Total Time": 43.326, "Filter": "((keyword)::text = 'character-name-in-title'::text)", "Rows Removed by Filter": 134168, "Actual Rows": 1}], "Actual Rows": 16}], "Actual Rows": 16}], "Actual Rows": 41840}], "Actual Rows": 669440}], "Actual Rows": 669440}], "Actual Rows": 148552}], "Actual Rows": 148552}, {"Node Type": "Hash", "Parent Relationship": "Inner", "Startup Cost": 5903.45, "Total Cost": 5903.45, "Plan Rows": 2240, "Plan Width": 4, "Actual Min Startup Time": 80.94, "Actual Max Startup Time": 80.94, "Actual Min Total Time": 80.94, "Actual Max Total Time": 80.94, "Max Hash Buckets": 32768, "Min Hash Buckets": 32768, "Max Hash Batches": 1, "Min Hash Batches": 1, "Max Original Hash Batches": 1, "Min Original Hash Batches": 1, "Max Peak Memory Usage": 83, "min Peak Memory Usage": 83, "Plans": [{"Node Type": "Seq Scan", "Parent Relationship": "Outer", "Relation Name": "company_name", "Alias": "cn", "Startup Cost": 0.0, "Total Cost": 5903.45, "Plan Rows": 2240, "Plan Width": 4, "Actual Min Startup Time": 0.068, "Actual Max Startup Time": 0.068, "Actual Min Total Time": 80.137, "Actual Max Total Time": 80.137, "Filter": "((country_code)::text = '[nl]'::text)", "Rows Removed by Filter": 232656, "Actual Rows": 2340}], "Actual Rows": 2340}], "Actual Rows": 5228}], "Actual Rows": 83648}], "Actual Rows": 83648}], "Actual Rows": 5228}], "Actual Rows": 16}], "Actual Rows": 16}], "Actual Rows": 1}, "Triggers": [], "Planner Runtime": 26.454, "Total Runtime": 568.971, "Unique SQL Id": 2804875951}}, "(16, '11')": {"explain_plan": {"Plan": {"Node Type": "Aggregate", "Strategy": "Plain", "Startup Cost": 4999022085294.01, "Total Cost": 4999022085294.02, "Plan Rows": 1, "Plan Width": 49, "Plans": [{"Node Type": "Merge Join", "Parent Relationship": "Outer", "Join Type": "Inner", "Startup Cost": 50198067446.04, "Total Cost": 4999022085294.0, "Plan Rows": 2, "Plan Width": 17, "Inner Unique": true, "Merge Cond": "(mc.movie_id = t.id)", "Plans": [{"Node Type": "Nested Loop", "Parent Relationship": "Outer", "Join Type": "Inner", "Startup Cost": 40176139519.84, "Total Cost": 3999959841302.72, "Plan Rows": 2, "Plan Width": 8, "Inner Unique": true, "Join Filter": "(mk.keyword_id = k.id)", "Plans": [{"Node Type": "Merge Join", "Parent Relationship": "Outer", "Join Type": "Inner", "Startup Cost": 30176139519.84, "Total Cost": 2999959518949.43, "Plan Rows": 272107, "Plan Width": 12, "Inner Unique": false, "Merge Cond": "(mc.movie_id = mk.movie_id)", "Plans": [{"Node Type": "Nested Loop", "Parent Relationship": "Outer", "Join Type": "Inner", "Startup Cost": 20000000000.0, "Total Cost": 2000101768791.5, "Plan Rows": 33725, "Plan Width": 4, "Inner Unique": true, "Join Filter": "(cn.id = mc.company_id)", "Plans": [{"Node Type": "Index Scan", "Parent Relationship": "Outer", "Scan Direction": "Forward", "Index Name": "movie_id_movie_companies", "Relation Name": "movie_companies", "Alias": "mc", "Startup Cost": 10000000000.0, "Total Cost": 1000013051946.13, "Plan Rows": 2609128, "Plan Width": 8}, {"Node Type": "Materialize", "Parent Relationship": "Inner", "Startup Cost": 10000000000.0, "Total Cost": 1000001050150.17, "Plan Rows": 2240, "Plan Width": 4, "Plans": [{"Node Type": "Index Scan", "Parent Relationship": "Outer", "Scan Direction": "Forward", "Index Name": "company_name_pkey", "Relation Name": "company_name", "Alias": "cn", "Startup Cost": 10000000000.0, "Total Cost": 1000001050138.97, "Plan Rows": 2240, "Plan Width": 4, "Filter": "((country_code)::text = '[nl]'::text)"}]}]}, {"Node Type": "Index Scan", "Parent Relationship": "Inner", "Scan Direction": "Forward", "Index Name": "movie_id_movie_keyword", "Relation Name": "movie_keyword", "Alias": "mk", "Startup Cost": 10000000000.0, "Total Cost": 1000015300634.17, "Plan Rows": 4523929, "Plan Width": 8}]}, {"Node Type": "Materialize", "Parent Relationship": "Inner", "Startup Cost": 10000000000.0, "Total Cost": 1000000318271.69, "Plan Rows": 1, "Plan Width": 4, "Plans": [{"Node Type": "Index Scan", "Parent Relationship": "Outer", "Scan Direction": "Forward", "Index Name": "keyword_pkey", "Relation Name": "keyword", "Alias": "k", "Startup Cost": 10000000000.0, "Total Cost": 1000000318271.68, "Plan Rows": 1, "Plan Width": 4, "Filter": "((keyword)::text = 'character-name-in-title'::text)"}]}]}, {"Node Type": "Index Scan", "Parent Relationship": "Inner", "Scan Direction": "Forward", "Index Name": "title_pkey", "Relation Name": "title", "Alias": "t", "Startup Cost": 10000000000.0, "Total Cost": 1000011012048.91, "Plan Rows": 2528311, "Plan Width": 21}]}]}, "Unique SQL Id": 2804875951, "Planner Runtime": 20}, "explain_analyze_plan": null}, "(16, '12')": {"explain_plan": {"Plan": {"Node Type": "Aggregate", "Strategy": "Plain", "Startup Cost": 2605.07, "Total Cost": 2605.08, "Plan Rows": 1, "Plan Width": 49, "Plans": [{"Node Type": "Nested Loop", "Parent Relationship": "Outer", "Join Type": "Inner", "Startup Cost": 0.0, "Total Cost": 2605.07, "Plan Rows": 2, "Plan Width": 17, "Inner Unique": true, "Join Filter": "(mc.movie_id = t.id)", "Plans": [{"Node Type": "Nested Loop", "Parent Relationship": "Outer", "Join Type": "Inner", "Startup Cost": 0.0, "Total Cost": 2604.42, "Plan Rows": 2, "Plan Width": 8, "Inner Unique": true, "Plans": [{"Node Type": "Nested Loop", "Parent Relationship": "Outer", "Join Type": "Inner", "Startup Cost": 0.0, "Total Cost": 2584.29, "Plan Rows": 70, "Plan Width": 12, "Inner Unique": false, "Plans": [{"Node Type": "Nested Loop", "Parent Relationship": "Outer", "Join Type": "Inner", "Startup Cost": 0.0, "Total Cost": 2573.32, "Plan Rows": 33, "Plan Width": 4, "Inner Unique": false, "Plans": [{"Node Type": "Seq Scan", "Parent Relationship": "Outer", "Relation Name": "keyword", "Alias": "k", "Startup Cost": 0.0, "Total Cost": 2436.11, "Plan Rows": 1, "Plan Width": 4, "Filter": "((keyword)::text = 'character-name-in-title'::text)"}, {"Node Type": "Index Scan", "Parent Relationship": "Inner", "Scan Direction": "Forward", "Index Name": "keyword_id_movie_keyword", "Relation Name": "movie_keyword", "Alias": "mk", "Startup Cost": 0.0, "Total Cost": 136.88, "Plan Rows": 33, "Plan Width": 8, "Index Cond": "(keyword_id = k.id)"}]}, {"Node Type": "Index Scan", "Parent Relationship": "Inner", "Scan Direction": "Forward", "Index Name": "movie_id_movie_companies", "Relation Name": "movie_companies", "Alias": "mc", "Startup Cost": 0.0, "Total Cost": 0.31, "Plan Rows": 2, "Plan Width": 8, "Index Cond": "(movie_id = mk.movie_id)"}]}, {"Node Type": "Index Scan", "Parent Relationship": "Inner", "Scan Direction": "Forward", "Index Name": "company_name_pkey", "Relation Name": "company_name", "Alias": "cn", "Startup Cost": 0.0, "Total Cost": 0.28, "Plan Rows": 1, "Plan Width": 4, "Index Cond": "(id = mc.company_id)", "Filter": "((country_code)::text = '[nl]'::text)"}]}, {"Node Type": "Index Scan", "Parent Relationship": "Inner", "Scan Direction": "Forward", "Index Name": "title_pkey", "Relation Name": "title", "Alias": "t", "Startup Cost": 0.0, "Total Cost": 0.31, "Plan Rows": 1, "Plan Width": 21, "Index Cond": "(id = mk.movie_id)"}]}]}, "Unique SQL Id": 2804875951, "Planner Runtime": 10}, "explain_analyze_plan": {"Plan": {"Node Type": "Aggregate", "Strategy": "Plain", "Startup Cost": 2605.07, "Total Cost": 2605.08, "Plan Rows": 1, "Plan Width": 49, "Actual Startup Time": 1003.672, "Actual Total Time": 1003.673, "Actual Rows": 1, "Actual Loops": 1, "Plans": [{"Node Type": "Nested Loop", "Parent Relationship": "Outer", "Join Type": "Inner", "Startup Cost": 0.0, "Total Cost": 2605.07, "Plan Rows": 2, "Plan Width": 17, "Actual Startup Time": 4.721, "Actual Total Time": 1000.415, "Actual Rows": 5228, "Actual Loops": 1, "Inner Unique": true, "Join Filter": "(mc.movie_id = t.id)", "Rows Removed by Join Filter": 0, "Plans": [{"Node Type": "Nested Loop", "Parent Relationship": "Outer", "Join Type": "Inner", "Startup Cost": 0.0, "Total Cost": 2604.42, "Plan Rows": 2, "Plan Width": 8, "Actual Startup Time": 4.708, "Actual Total Time": 973.99, "Actual Rows": 5228, "Actual Loops": 1, "Inner Unique": true, "Plans": [{"Node Type": "Nested Loop", "Parent Relationship": "Outer", "Join Type": "Inner", "Startup Cost": 0.0, "Total Cost": 2584.29, "Plan Rows": 70, "Plan Width": 12, "Actual Startup Time": 1.809, "Actual Total Time": 358.696, "Actual Rows": 148552, "Actual Loops": 1, "Inner Unique": false, "Plans": [{"Node Type": "Nested Loop", "Parent Relationship": "Outer", "Join Type": "Inner", "Startup Cost": 0.0, "Total Cost": 2573.32, "Plan Rows": 33, "Plan Width": 4, "Actual Startup Time": 1.792, "Actual Total Time": 86.929, "Actual Rows": 41840, "Actual Loops": 1, "Inner Unique": false, "Plans": [{"Node Type": "Seq Scan", "Parent Relationship": "Outer", "Relation Name": "keyword", "Alias": "k", "Startup Cost": 0.0, "Total Cost": 2436.11, "Plan Rows": 1, "Plan Width": 4, "Actual Startup Time": 1.768, "Actual Total Time": 41.894, "Actual Rows": 1, "Actual Loops": 1, "Filter": "((keyword)::text = 'character-name-in-title'::text)", "Rows Removed by Filter": 134168}, {"Node Type": "Index Scan", "Parent Relationship": "Inner", "Scan Direction": "Forward", "Index Name": "keyword_id_movie_keyword", "Relation Name": "movie_keyword", "Alias": "mk", "Startup Cost": 0.0, "Total Cost": 136.88, "Plan Rows": 33, "Plan Width": 8, "Actual Startup Time": 0.02, "Actual Total Time": 35.59, "Actual Rows": 41840, "Actual Loops": 1, "Index Cond": "(keyword_id = k.id)", "Rows Removed by Index Recheck": 0}]}, {"Node Type": "Index Scan", "Parent Relationship": "Inner", "Scan Direction": "Forward", "Index Name": "movie_id_movie_companies", "Relation Name": "movie_companies", "Alias": "mc", "Startup Cost": 0.0, "Total Cost": 0.31, "Plan Rows": 2, "Plan Width": 8, "Actual Startup Time": 145.322, "Actual Total Time": 215.961, "Actual Rows": 148552, "Actual Loops": 41840, "Index Cond": "(movie_id = mk.movie_id)", "Rows Removed by Index Recheck": 0}]}, {"Node Type": "Index Scan", "Parent Relationship": "Inner", "Scan Direction": "Forward", "Index Name": "company_name_pkey", "Relation Name": "company_name", "Alias": "cn", "Startup Cost": 0.0, "Total Cost": 0.28, "Plan Rows": 1, "Plan Width": 4, "Actual Startup Time": 543.353, "Actual Total Time": 543.353, "Actual Rows": 5228, "Actual Loops": 148552, "Index Cond": "(id = mc.company_id)", "Rows Removed by Index Recheck": 0, "Filter": "((country_code)::text = '[nl]'::text)", "Rows Removed by Filter": 143324}]}, {"Node Type": "Index Scan", "Parent Relationship": "Inner", "Scan Direction": "Forward", "Index Name": "title_pkey", "Relation Name": "title", "Alias": "t", "Startup Cost": 0.0, "Total Cost": 0.31, "Plan Rows": 1, "Plan Width": 21, "Actual Startup Time": 20.597, "Actual Total Time": 20.597, "Actual Rows": 5228, "Actual Loops": 5228, "Index Cond": "(id = mk.movie_id)", "Rows Removed by Index Recheck": 0}]}]}, "Triggers": [], "Planner Runtime": 10.364, "Total Runtime": 1003.955, "Unique SQL Id": 2804875951}}, "(16, '13')": {"explain_plan": {"Plan": {"Node Type": "Aggregate", "Strategy": "Plain", "Startup Cost": 3351.67, "Total Cost": 3351.68, "Plan Rows": 1, "Plan Width": 49, "Plans": [{"Node Type": "Nested Loop", "Parent Relationship": "Outer", "Join Type": "Inner", "Startup Cost": 0.0, "Total Cost": 3351.67, "Plan Rows": 2, "Plan Width": 17, "Inner Unique": true, "Join Filter": "(mc.movie_id = t.id)", "Plans": [{"Node Type": "Nested Loop", "Parent Relationship": "Outer", "Join Type": "Inner", "Startup Cost": 0.0, "Total Cost": 3351.03, "Plan Rows": 2, "Plan Width": 8, "Inner Unique": true, "Plans": [{"Node Type": "Nested Loop", "Parent Relationship": "Outer", "Join Type": "Inner", "Startup Cost": 0.0, "Total Cost": 3330.89, "Plan Rows": 70, "Plan Width": 12, "Inner Unique": false, "Plans": [{"Node Type": "Nested Loop", "Parent Relationship": "Outer", "Join Type": "Inner", "Startup Cost": 0.0, "Total Cost": 3319.92, "Plan Rows": 33, "Plan Width": 4, "Inner Unique": false, "Plans": [{"Node Type": "Index Scan", "Parent Relationship": "Outer", "Scan Direction": "Forward", "Index Name": "keyword_pkey", "Relation Name": "keyword", "Alias": "k", "Startup Cost": 0.0, "Total Cost": 3182.72, "Plan Rows": 1, "Plan Width": 4, "Filter": "((keyword)::text = 'character-name-in-title'::text)"}, {"Node Type": "Index Scan", "Parent Relationship": "Inner", "Scan Direction": "Forward", "Index Name": "keyword_id_movie_keyword", "Relation Name": "movie_keyword", "Alias": "mk", "Startup Cost": 0.0, "Total Cost": 136.88, "Plan Rows": 33, "Plan Width": 8, "Index Cond": "(keyword_id = k.id)"}]}, {"Node Type": "Index Scan", "Parent Relationship": "Inner", "Scan Direction": "Forward", "Index Name": "movie_id_movie_companies", "Relation Name": "movie_companies", "Alias": "mc", "Startup Cost": 0.0, "Total Cost": 0.31, "Plan Rows": 2, "Plan Width": 8, "Index Cond": "(movie_id = mk.movie_id)"}]}, {"Node Type": "Index Scan", "Parent Relationship": "Inner", "Scan Direction": "Forward", "Index Name": "company_name_pkey", "Relation Name": "company_name", "Alias": "cn", "Startup Cost": 0.0, "Total Cost": 0.28, "Plan Rows": 1, "Plan Width": 4, "Index Cond": "(id = mc.company_id)", "Filter": "((country_code)::text = '[nl]'::text)"}]}, {"Node Type": "Index Scan", "Parent Relationship": "Inner", "Scan Direction": "Forward", "Index Name": "title_pkey", "Relation Name": "title", "Alias": "t", "Startup Cost": 0.0, "Total Cost": 0.31, "Plan Rows": 1, "Plan Width": 21, "Index Cond": "(id = mk.movie_id)"}]}]}, "Unique SQL Id": 2804875951, "Planner Runtime": 9}, "explain_analyze_plan": {"Plan": {"Node Type": "Aggregate", "Strategy": "Plain", "Startup Cost": 3351.67, "Total Cost": 3351.68, "Plan Rows": 1, "Plan Width": 49, "Actual Startup Time": 1115.49, "Actual Total Time": 1115.49, "Actual Rows": 1, "Actual Loops": 1, "Plans": [{"Node Type": "Nested Loop", "Parent Relationship": "Outer", "Join Type": "Inner", "Startup Cost": 0.0, "Total Cost": 3351.67, "Plan Rows": 2, "Plan Width": 17, "Actual Startup Time": 3.24, "Actual Total Time": 1112.359, "Actual Rows": 5228, "Actual Loops": 1, "Inner Unique": true, "Join Filter": "(mc.movie_id = t.id)", "Rows Removed by Join Filter": 0, "Plans": [{"Node Type": "Nested Loop", "Parent Relationship": "Outer", "Join Type": "Inner", "Startup Cost": 0.0, "Total Cost": 3351.03, "Plan Rows": 2, "Plan Width": 8, "Actual Startup Time": 3.226, "Actual Total Time": 1085.159, "Actual Rows": 5228, "Actual Loops": 1, "Inner Unique": true, "Plans": [{"Node Type": "Nested Loop", "Parent Relationship": "Outer", "Join Type": "Inner", "Startup Cost": 0.0, "Total Cost": 3330.89, "Plan Rows": 70, "Plan Width": 12, "Actual Startup Time": 0.236, "Actual Total Time": 447.681, "Actual Rows": 148552, "Actual Loops": 1, "Inner Unique": false, "Plans": [{"Node Type": "Nested Loop", "Parent Relationship": "Outer", "Join Type": "Inner", "Startup Cost": 0.0, "Total Cost": 3319.92, "Plan Rows": 33, "Plan Width": 4, "Actual Startup Time": 0.221, "Actual Total Time": 168.712, "Actual Rows": 41840, "Actual Loops": 1, "Inner Unique": false, "Plans": [{"Node Type": "Index Scan", "Parent Relationship": "Outer", "Scan Direction": "Forward", "Index Name": "keyword_pkey", "Relation Name": "keyword", "Alias": "k", "Startup Cost": 0.0, "Total Cost": 3182.72, "Plan Rows": 1, "Plan Width": 4, "Actual Startup Time": 0.203, "Actual Total Time": 122.802, "Actual Rows": 1, "Actual Loops": 1, "Filter": "((keyword)::text = 'character-name-in-title'::text)", "Rows Removed by Filter": 134168}, {"Node Type": "Index Scan", "Parent Relationship": "Inner", "Scan Direction": "Forward", "Index Name": "keyword_id_movie_keyword", "Relation Name": "movie_keyword", "Alias": "mk", "Startup Cost": 0.0, "Total Cost": 136.88, "Plan Rows": 33, "Plan Width": 8, "Actual Startup Time": 0.013, "Actual Total Time": 36.759, "Actual Rows": 41840, "Actual Loops": 1, "Index Cond": "(keyword_id = k.id)", "Rows Removed by Index Recheck": 0}]}, {"Node Type": "Index Scan", "Parent Relationship": "Inner", "Scan Direction": "Forward", "Index Name": "movie_id_movie_companies", "Relation Name": "movie_companies", "Alias": "mc", "Startup Cost": 0.0, "Total Cost": 0.31, "Plan Rows": 2, "Plan Width": 8, "Actual Startup Time": 150.509, "Actual Total Time": 222.921, "Actual Rows": 148552, "Actual Loops": 41840, "Index Cond": "(movie_id = mk.movie_id)", "Rows Removed by Index Recheck": 0}]}, {"Node Type": "Index Scan", "Parent Relationship": "Inner", "Scan Direction": "Forward", "Index Name": "company_name_pkey", "Relation Name": "company_name", "Alias": "cn", "Startup Cost": 0.0, "Total Cost": 0.28, "Plan Rows": 1, "Plan Width": 4, "Actual Startup Time": 564.52, "Actual Total Time": 564.52, "Actual Rows": 5228, "Actual Loops": 148552, "Index Cond": "(id = mc.company_id)", "Rows Removed by Index Recheck": 0, "Filter": "((country_code)::text = '[nl]'::text)", "Rows Removed by Filter": 143324}]}, {"Node Type": "Index Scan", "Parent Relationship": "Inner", "Scan Direction": "Forward", "Index Name": "title_pkey", "Relation Name": "title", "Alias": "t", "Startup Cost": 0.0, "Total Cost": 0.31, "Plan Rows": 1, "Plan Width": 21, "Actual Startup Time": 21.443, "Actual Total Time": 21.443, "Actual Rows": 5228, "Actual Loops": 5228, "Index Cond": "(id = mk.movie_id)", "Rows Removed by Index Recheck": 0}]}]}, "Triggers": [], "Planner Runtime": 9.9, "Total Runtime": 1115.761, "Unique SQL Id": 2804875951}}, "(16, '14')": {"explain_plan": {"Plan": {"Node Type": "Aggregate", "Strategy": "Plain", "Startup Cost": 110556.13, "Total Cost": 110556.15, "Plan Rows": 1, "Plan Width": 49, "Plans": [{"Node Type": "Streaming(type: LOCAL GATHER dop: 1/16)", "Parent Relationship": "Outer", "Startup Cost": 110556.13, "Total Cost": 110556.15, "Plan Rows": 1, "Plan Width": 49, "Plans": [{"Node Type": "Aggregate", "Strategy": "Plain", "Parent Relationship": "Outer", "Startup Cost": 110556.13, "Total Cost": 110556.14, "Plan Rows": 1, "Plan Width": 49, "Plans": [{"Node Type": "Hash Join", "Parent Relationship": "Outer", "Join Type": "Inner", "Startup Cost": 91209.23, "Total Cost": 110556.13, "Plan Rows": 2, "Plan Width": 17, "Inner Unique": false, "Hash Cond": "(t.id = mc.movie_id)", "Plans": [{"Node Type": "Seq Scan", "Parent Relationship": "Outer", "Relation Name": "title", "Alias": "t", "Startup Cost": 0.0, "Total Cost": 18754.32, "Plan Rows": 2528311, "Plan Width": 21}, {"Node Type": "Hash", "Parent Relationship": "Inner", "Startup Cost": 91209.2, "Total Cost": 91209.2, "Plan Rows": 32, "Plan Width": 8, "Plans": [{"Node Type": "Streaming(type: BROADCAST dop: 16/1)", "Parent Relationship": "Outer", "Startup Cost": 57980.91, "Total Cost": 91209.2, "Plan Rows": 32, "Plan Width": 8, "Plans": [{"Node Type": "Hash Join", "Parent Relationship": "Outer", "Join Type": "Inner", "Startup Cost": 57980.91, "Total Cost": 76208.51, "Plan Rows": 2, "Plan Width": 8, "Inner Unique": true, "Hash Cond": "(mc.company_id = cn.id)", "Plans": [{"Node Type": "Streaming(type: LOCAL GATHER dop: 1/16)", "Parent Relationship": "Outer", "Startup Cost": 52049.46, "Total Cost": 70276.1, "Plan Rows": 70, "Plan Width": 12, "Plans": [{"Node Type": "Hash Join", "Parent Relationship": "Outer", "Join Type": "Inner", "Startup Cost": 52049.46, "Total Cost": 70274.59, "Plan Rows": 70, "Plan Width": 12, "Inner Unique": false, "Hash Cond": "(mc.movie_id = mk.movie_id)", "Plans": [{"Node Type": "Seq Scan", "Parent Relationship": "Outer", "Relation Name": "movie_companies", "Alias": "mc", "Startup Cost": 0.0, "Total Cost": 17613.58, "Plan Rows": 2609128, "Plan Width": 8}, {"Node Type": "Hash", "Parent Relationship": "Inner", "Startup Cost": 52049.04, "Total Cost": 52049.04, "Plan Rows": 528, "Plan Width": 4, "Plans": [{"Node Type": "Streaming(type: BROADCAST dop: 16/16)", "Parent Relationship": "Outer", "Startup Cost": 17436.47, "Total Cost": 52049.04, "Plan Rows": 528, "Plan Width": 4, "Plans": [{"Node Type": "Hash Join", "Parent Relationship": "Outer", "Join Type": "Inner", "Startup Cost": 17436.47, "Total Cost": 37047.7, "Plan Rows": 33, "Plan Width": 4, "Inner Unique": true, "Hash Cond": "(mk.keyword_id = k.id)", "Plans": [{"Node Type": "Seq Scan", "Parent Relationship": "Outer", "Relation Name": "movie_keyword", "Alias": "mk", "Startup Cost": 0.0, "Total Cost": 18902.58, "Plan Rows": 4523929, "Plan Width": 8}, {"Node Type": "Hash", "Parent Relationship": "Inner", "Startup Cost": 17436.46, "Total Cost": 17436.46, "Plan Rows": 16, "Plan Width": 4, "Plans": [{"Node Type": "Streaming(type: BROADCAST dop: 16/1)", "Parent Relationship": "Outer", "Startup Cost": 0.0, "Total Cost": 17436.46, "Plan Rows": 16, "Plan Width": 4, "Plans": [{"Node Type": "Seq Scan", "Parent Relationship": "Outer", "Relation Name": "keyword", "Alias": "k", "Startup Cost": 0.0, "Total Cost": 2436.11, "Plan Rows": 1, "Plan Width": 4, "Filter": "((keyword)::text = 'character-name-in-title'::text)"}]}]}]}]}]}]}]}, {"Node Type": "Hash", "Parent Relationship": "Inner", "Startup Cost": 5903.45, "Total Cost": 5903.45, "Plan Rows": 2240, "Plan Width": 4, "Plans": [{"Node Type": "Seq Scan", "Parent Relationship": "Outer", "Relation Name": "company_name", "Alias": "cn", "Startup Cost": 0.0, "Total Cost": 5903.45, "Plan Rows": 2240, "Plan Width": 4, "Filter": "((country_code)::text = '[nl]'::text)"}]}]}]}]}]}]}]}]}, "Unique SQL Id": 2804875951, "Planner Runtime": 26}, "explain_analyze_plan": {"Plan": {"Node Type": "Aggregate", "Strategy": "Plain", "Startup Cost": 110556.13, "Total Cost": 110556.15, "Plan Rows": 1, "Plan Width": 49, "Actual Min Startup Time": 555.882, "Actual Max Startup Time": 555.882, "Actual Min Total Time": 555.882, "Actual Max Total Time": 555.882, "Plans": [{"Node Type": "Streaming(type: LOCAL GATHER dop: 1/16)", "Parent Relationship": "Outer", "Startup Cost": 110556.13, "Total Cost": 110556.15, "Plan Rows": 1, "Plan Width": 49, "Actual Min Startup Time": 545.82, "Actual Max Startup Time": 545.82, "Actual Min Total Time": 555.85, "Actual Max Total Time": 555.85, "Plans": [{"Node Type": "Aggregate", "Strategy": "Plain", "Parent Relationship": "Outer", "Startup Cost": 110556.13, "Total Cost": 110556.14, "Plan Rows": 1, "Plan Width": 49, "Actual Min Startup Time": 409.279, "Actual Max Startup Time": 440.627, "Actual Min Total Time": 409.279, "Actual Max Total Time": 440.628, "Plans": [{"Node Type": "Hash Join", "Parent Relationship": "Outer", "Join Type": "Inner", "Startup Cost": 91209.23, "Total Cost": 110556.13, "Plan Rows": 2, "Plan Width": 17, "Actual Min Startup Time": 338.095, "Actual Max Startup Time": 377.459, "Actual Min Total Time": 409.133, "Actual Max Total Time": 440.447, "Inner Unique": false, "Hash Cond": "(t.id = mc.movie_id)", "Plans": [{"Node Type": "Seq Scan", "Parent Relationship": "Outer", "Relation Name": "title", "Alias": "t", "Startup Cost": 0.0, "Total Cost": 18754.32, "Plan Rows": 2528311, "Plan Width": 21, "Actual Min Startup Time": 0.042, "Actual Max Startup Time": 0.06, "Actual Min Total Time": 38.991, "Actual Max Total Time": 45.434, "Actual Rows": 2528311}, {"Node Type": "Hash", "Parent Relationship": "Inner", "Startup Cost": 91209.2, "Total Cost": 91209.2, "Plan Rows": 32, "Plan Width": 8, "Actual Min Startup Time": 337.495, "Actual Max Startup Time": 375.373, "Actual Min Total Time": 337.495, "Actual Max Total Time": 375.373, "Max Hash Buckets": 32768, "Min Hash Buckets": 32768, "Max Hash Batches": 1, "Min Hash Batches": 1, "Max Original Hash Batches": 1, "Min Original Hash Batches": 1, "Max Peak Memory Usage": 205, "min Peak Memory Usage": 205, "Plans": [{"Node Type": "Streaming(type: BROADCAST dop: 16/1)", "Parent Relationship": "Outer", "Startup Cost": 57980.91, "Total Cost": 91209.2, "Plan Rows": 32, "Plan Width": 8, "Actual Min Startup Time": 167.45, "Actual Max Startup Time": 205.294, "Actual Min Total Time": 335.571, "Actual Max Total Time": 374.079, "Plans": [{"Node Type": "Hash Join", "Parent Relationship": "Outer", "Join Type": "Inner", "Startup Cost": 57980.91, "Total Cost": 76208.51, "Plan Rows": 2, "Plan Width": 8, "Actual Min Startup Time": 217.039, "Actual Max Startup Time": 217.039, "Actual Min Total Time": 333.497, "Actual Max Total Time": 333.497, "Inner Unique": true, "Hash Cond": "(mc.company_id = cn.id)", "Plans": [{"Node Type": "Streaming(type: LOCAL GATHER dop: 1/16)", "Parent Relationship": "Outer", "Startup Cost": 52049.46, "Total Cost": 70276.1, "Plan Rows": 70, "Plan Width": 12, "Actual Min Startup Time": 136.008, "Actual Max Startup Time": 136.008, "Actual Min Total Time": 226.398, "Actual Max Total Time": 226.398, "Plans": [{"Node Type": "Hash Join", "Parent Relationship": "Outer", "Join Type": "Inner", "Startup Cost": 52049.46, "Total Cost": 70274.59, "Plan Rows": 70, "Plan Width": 12, "Actual Min Startup Time": 163.703, "Actual Max Startup Time": 215.019, "Actual Min Total Time": 239.512, "Actual Max Total Time": 292.436, "Inner Unique": false, "Hash Cond": "(mc.movie_id = mk.movie_id)", "Plans": [{"Node Type": "Seq Scan", "Parent Relationship": "Outer", "Relation Name": "movie_companies", "Alias": "mc", "Startup Cost": 0.0, "Total Cost": 17613.58, "Plan Rows": 2609128, "Plan Width": 8, "Actual Min Startup Time": 0.049, "Actual Max Startup Time": 0.07, "Actual Min Total Time": 34.911, "Actual Max Total Time": 40.904, "Actual Rows": 2609128}, {"Node Type": "Hash", "Parent Relationship": "Inner", "Startup Cost": 52049.04, "Total Cost": 52049.04, "Plan Rows": 528, "Plan Width": 4, "Actual Min Startup Time": 163.472, "Actual Max Startup Time": 214.818, "Actual Min Total Time": 163.472, "Actual Max Total Time": 214.818, "Max Hash Buckets": 32768, "Min Hash Buckets": 32768, "Max Hash Batches": 1, "Min Hash Batches": 1, "Max Original Hash Batches": 1, "Min Original Hash Batches": 1, "Max Peak Memory Usage": 1471, "min Peak Memory Usage": 1471, "Plans": [{"Node Type": "Streaming(type: BROADCAST dop: 16/16)", "Parent Relationship": "Outer", "Startup Cost": 17436.47, "Total Cost": 52049.04, "Plan Rows": 528, "Plan Width": 4, "Actual Min Startup Time": 0.064, "Actual Max Startup Time": 0.138, "Actual Min Total Time": 148.637, "Actual Max Total Time": 204.884, "Plans": [{"Node Type": "Hash Join", "Parent Relationship": "Outer", "Join Type": "Inner", "Startup Cost": 17436.47, "Total Cost": 37047.7, "Plan Rows": 33, "Plan Width": 4, "Actual Min Startup Time": 0.146, "Actual Max Startup Time": 15.438, "Actual Min Total Time": 107.91, "Actual Max Total Time": 135.924, "Inner Unique": true, "Hash Cond": "(mk.keyword_id = k.id)", "Plans": [{"Node Type": "Seq Scan", "Parent Relationship": "Outer", "Relation Name": "movie_keyword", "Alias": "mk", "Startup Cost": 0.0, "Total Cost": 18902.58, "Plan Rows": 4523929, "Plan Width": 8, "Actual Min Startup Time": 0.059, "Actual Max Startup Time": 0.079, "Actual Min Total Time": 60.198, "Actual Max Total Time": 67.159, "Actual Rows": 4523929}, {"Node Type": "Hash", "Parent Relationship": "Inner", "Startup Cost": 17436.46, "Total Cost": 17436.46, "Plan Rows": 16, "Plan Width": 4, "Actual Min Startup Time": 0.015, "Actual Max Startup Time": 15.232, "Actual Min Total Time": 0.015, "Actual Max Total Time": 15.232, "Max Hash Buckets": 32768, "Min Hash Buckets": 32768, "Max Hash Batches": 1, "Min Hash Batches": 1, "Max Original Hash Batches": 1, "Min Original Hash Batches": 1, "Max Peak Memory Usage": 1, "min Peak Memory Usage": 1, "Plans": [{"Node Type": "Streaming(type: BROADCAST dop: 16/1)", "Parent Relationship": "Outer", "Startup Cost": 0.0, "Total Cost": 17436.46, "Plan Rows": 16, "Plan Width": 4, "Actual Min Startup Time": 0.003, "Actual Max Startup Time": 15.217, "Actual Min Total Time": 0.004, "Actual Max Total Time": 15.218, "Plans": [{"Node Type": "Seq Scan", "Parent Relationship": "Outer", "Relation Name": "keyword", "Alias": "k", "Startup Cost": 0.0, "Total Cost": 2436.11, "Plan Rows": 1, "Plan Width": 4, "Actual Min Startup Time": 1.892, "Actual Max Startup Time": 1.892, "Actual Min Total Time": 43.326, "Actual Max Total Time": 43.326, "Filter": "((keyword)::text = 'character-name-in-title'::text)", "Rows Removed by Filter": 134168, "Actual Rows": 1}], "Actual Rows": 16}], "Actual Rows": 16}], "Actual Rows": 41840}], "Actual Rows": 669440}], "Actual Rows": 669440}], "Actual Rows": 148552}], "Actual Rows": 148552}, {"Node Type": "Hash", "Parent Relationship": "Inner", "Startup Cost": 5903.45, "Total Cost": 5903.45, "Plan Rows": 2240, "Plan Width": 4, "Actual Min Startup Time": 80.94, "Actual Max Startup Time": 80.94, "Actual Min Total Time": 80.94, "Actual Max Total Time": 80.94, "Max Hash Buckets": 32768, "Min Hash Buckets": 32768, "Max Hash Batches": 1, "Min Hash Batches": 1, "Max Original Hash Batches": 1, "Min Original Hash Batches": 1, "Max Peak Memory Usage": 83, "min Peak Memory Usage": 83, "Plans": [{"Node Type": "Seq Scan", "Parent Relationship": "Outer", "Relation Name": "company_name", "Alias": "cn", "Startup Cost": 0.0, "Total Cost": 5903.45, "Plan Rows": 2240, "Plan Width": 4, "Actual Min Startup Time": 0.068, "Actual Max Startup Time": 0.068, "Actual Min Total Time": 80.137, "Actual Max Total Time": 80.137, "Filter": "((country_code)::text = '[nl]'::text)", "Rows Removed by Filter": 232656, "Actual Rows": 2340}], "Actual Rows": 2340}], "Actual Rows": 5228}], "Actual Rows": 83648}], "Actual Rows": 83648}], "Actual Rows": 5228}], "Actual Rows": 16}], "Actual Rows": 16}], "Actual Rows": 1}, "Triggers": [], "Planner Runtime": 26.454, "Total Runtime": 568.971, "Unique SQL Id": 2804875951}}, "(16, '15')": {"explain_plan": {"Plan": {"Node Type": "Aggregate", "Strategy": "Plain", "Startup Cost": 4999022085294.01, "Total Cost": 4999022085294.02, "Plan Rows": 1, "Plan Width": 49, "Plans": [{"Node Type": "Merge Join", "Parent Relationship": "Outer", "Join Type": "Inner", "Startup Cost": 50198067446.04, "Total Cost": 4999022085294.0, "Plan Rows": 2, "Plan Width": 17, "Inner Unique": true, "Merge Cond": "(mc.movie_id = t.id)", "Plans": [{"Node Type": "Nested Loop", "Parent Relationship": "Outer", "Join Type": "Inner", "Startup Cost": 40176139519.84, "Total Cost": 3999959841302.72, "Plan Rows": 2, "Plan Width": 8, "Inner Unique": true, "Join Filter": "(mk.keyword_id = k.id)", "Plans": [{"Node Type": "Merge Join", "Parent Relationship": "Outer", "Join Type": "Inner", "Startup Cost": 30176139519.84, "Total Cost": 2999959518949.43, "Plan Rows": 272107, "Plan Width": 12, "Inner Unique": false, "Merge Cond": "(mc.movie_id = mk.movie_id)", "Plans": [{"Node Type": "Nested Loop", "Parent Relationship": "Outer", "Join Type": "Inner", "Startup Cost": 20000000000.0, "Total Cost": 2000101768791.5, "Plan Rows": 33725, "Plan Width": 4, "Inner Unique": true, "Join Filter": "(cn.id = mc.company_id)", "Plans": [{"Node Type": "Index Scan", "Parent Relationship": "Outer", "Scan Direction": "Forward", "Index Name": "movie_id_movie_companies", "Relation Name": "movie_companies", "Alias": "mc", "Startup Cost": 10000000000.0, "Total Cost": 1000013051946.13, "Plan Rows": 2609128, "Plan Width": 8}, {"Node Type": "Materialize", "Parent Relationship": "Inner", "Startup Cost": 10000000000.0, "Total Cost": 1000001050150.17, "Plan Rows": 2240, "Plan Width": 4, "Plans": [{"Node Type": "Index Scan", "Parent Relationship": "Outer", "Scan Direction": "Forward", "Index Name": "company_name_pkey", "Relation Name": "company_name", "Alias": "cn", "Startup Cost": 10000000000.0, "Total Cost": 1000001050138.97, "Plan Rows": 2240, "Plan Width": 4, "Filter": "((country_code)::text = '[nl]'::text)"}]}]}, {"Node Type": "Index Scan", "Parent Relationship": "Inner", "Scan Direction": "Forward", "Index Name": "movie_id_movie_keyword", "Relation Name": "movie_keyword", "Alias": "mk", "Startup Cost": 10000000000.0, "Total Cost": 1000015300634.17, "Plan Rows": 4523929, "Plan Width": 8}]}, {"Node Type": "Materialize", "Parent Relationship": "Inner", "Startup Cost": 10000000000.0, "Total Cost": 1000000318271.69, "Plan Rows": 1, "Plan Width": 4, "Plans": [{"Node Type": "Index Scan", "Parent Relationship": "Outer", "Scan Direction": "Forward", "Index Name": "keyword_pkey", "Relation Name": "keyword", "Alias": "k", "Startup Cost": 10000000000.0, "Total Cost": 1000000318271.68, "Plan Rows": 1, "Plan Width": 4, "Filter": "((keyword)::text = 'character-name-in-title'::text)"}]}]}, {"Node Type": "Index Scan", "Parent Relationship": "Inner", "Scan Direction": "Forward", "Index Name": "title_pkey", "Relation Name": "title", "Alias": "t", "Startup Cost": 10000000000.0, "Total Cost": 1000011012048.91, "Plan Rows": 2528311, "Plan Width": 21}]}]}, "Unique SQL Id": 2804875951, "Planner Runtime": 19}, "explain_analyze_plan": null}, "(16, '16')": {"explain_plan": {"Plan": {"Node Type": "Aggregate", "Strategy": "Plain", "Startup Cost": 2600.78, "Total Cost": 2600.79, "Plan Rows": 1, "Plan Width": 49, "Plans": [{"Node Type": "Nested Loop", "Parent Relationship": "Outer", "Join Type": "Inner", "Startup Cost": 4.51, "Total Cost": 2600.77, "Plan Rows": 2, "Plan Width": 17, "Inner Unique": true, "Join Filter": "(mc.movie_id = t.id)", "Plans": [{"Node Type": "Nested Loop", "Parent Relationship": "Outer", "Join Type": "Inner", "Startup Cost": 4.51, "Total Cost": 2600.13, "Plan Rows": 2, "Plan Width": 8, "Inner Unique": true, "Plans": [{"Node Type": "Nested Loop", "Parent Relationship": "Outer", "Join Type": "Inner", "Startup Cost": 4.51, "Total Cost": 2579.99, "Plan Rows": 70, "Plan Width": 12, "Inner Unique": false, "Plans": [{"Node Type": "Nested Loop", "Parent Relationship": "Outer", "Join Type": "Inner", "Startup Cost": 4.51, "Total Cost": 2569.02, "Plan Rows": 33, "Plan Width": 4, "Inner Unique": false, "Plans": [{"Node Type": "Seq Scan", "Parent Relationship": "Outer", "Relation Name": "keyword", "Alias": "k", "Startup Cost": 0.0, "Total Cost": 2436.11, "Plan Rows": 1, "Plan Width": 4, "Filter": "((keyword)::text = 'character-name-in-title'::text)"}, {"Node Type": "Bitmap Heap Scan", "Parent Relationship": "Inner", "Relation Name": "movie_keyword", "Alias": "mk", "Startup Cost": 4.51, "Total Cost": 132.58, "Plan Rows": 33, "Plan Width": 8, "Recheck Cond": "(keyword_id = k.id)", "Plans": [{"Node Type": "Bitmap Index Scan", "Parent Relationship": "Outer", "Index Name": "keyword_id_movie_keyword", "Startup Cost": 0.0, "Total Cost": 4.5, "Plan Rows": 33, "Plan Width": 0, "Index Cond": "(keyword_id = k.id)"}]}]}, {"Node Type": "Index Scan", "Parent Relationship": "Inner", "Scan Direction": "Forward", "Index Name": "movie_id_movie_companies", "Relation Name": "movie_companies", "Alias": "mc", "Startup Cost": 0.0, "Total Cost": 0.31, "Plan Rows": 2, "Plan Width": 8, "Index Cond": "(movie_id = mk.movie_id)"}]}, {"Node Type": "Index Scan", "Parent Relationship": "Inner", "Scan Direction": "Forward", "Index Name": "company_name_pkey", "Relation Name": "company_name", "Alias": "cn", "Startup Cost": 0.0, "Total Cost": 0.28, "Plan Rows": 1, "Plan Width": 4, "Index Cond": "(id = mc.company_id)", "Filter": "((country_code)::text = '[nl]'::text)"}]}, {"Node Type": "Index Scan", "Parent Relationship": "Inner", "Scan Direction": "Forward", "Index Name": "title_pkey", "Relation Name": "title", "Alias": "t", "Startup Cost": 0.0, "Total Cost": 0.31, "Plan Rows": 1, "Plan Width": 21, "Index Cond": "(id = mk.movie_id)"}]}]}, "Unique SQL Id": 2804875951, "Planner Runtime": 6}, "explain_analyze_plan": {"Plan": {"Node Type": "Aggregate", "Strategy": "Plain", "Startup Cost": 2600.78, "Total Cost": 2600.79, "Plan Rows": 1, "Plan Width": 49, "Actual Startup Time": 1042.053, "Actual Total Time": 1042.053, "Actual Rows": 1, "Actual Loops": 1, "Plans": [{"Node Type": "Nested Loop", "Parent Relationship": "Outer", "Join Type": "Inner", "Startup Cost": 4.51, "Total Cost": 2600.77, "Plan Rows": 2, "Plan Width": 17, "Actual Startup Time": 15.009, "Actual Total Time": 1039.002, "Actual Rows": 5228, "Actual Loops": 1, "Inner Unique": true, "Join Filter": "(mc.movie_id = t.id)", "Rows Removed by Join Filter": 0, "Plans": [{"Node Type": "Nested Loop", "Parent Relationship": "Outer", "Join Type": "Inner", "Startup Cost": 4.51, "Total Cost": 2600.13, "Plan Rows": 2, "Plan Width": 8, "Actual Startup Time": 14.993, "Actual Total Time": 1010.698, "Actual Rows": 5228, "Actual Loops": 1, "Inner Unique": true, "Plans": [{"Node Type": "Nested Loop", "Parent Relationship": "Outer", "Join Type": "Inner", "Startup Cost": 4.51, "Total Cost": 2579.99, "Plan Rows": 70, "Plan Width": 12, "Actual Startup Time": 11.933, "Actual Total Time": 388.31, "Actual Rows": 148552, "Actual Loops": 1, "Inner Unique": false, "Plans": [{"Node Type": "Nested Loop", "Parent Relationship": "Outer", "Join Type": "Inner", "Startup Cost": 4.51, "Total Cost": 2569.02, "Plan Rows": 33, "Plan Width": 4, "Actual Startup Time": 11.905, "Actual Total Time": 101.867, "Actual Rows": 41840, "Actual Loops": 1, "Inner Unique": false, "Plans": [{"Node Type": "Seq Scan", "Parent Relationship": "Outer", "Relation Name": "keyword", "Alias": "k", "Startup Cost": 0.0, "Total Cost": 2436.11, "Plan Rows": 1, "Plan Width": 4, "Actual Startup Time": 1.829, "Actual Total Time": 42.003, "Actual Rows": 1, "Actual Loops": 1, "Filter": "((keyword)::text = 'character-name-in-title'::text)", "Rows Removed by Filter": 134168}, {"Node Type": "Bitmap Heap Scan", "Parent Relationship": "Inner", "Relation Name": "movie_keyword", "Alias": "mk", "Startup Cost": 4.51, "Total Cost": 132.58, "Plan Rows": 33, "Plan Width": 8, "Actual Startup Time": 10.069, "Actual Total Time": 51.314, "Actual Rows": 41840, "Actual Loops": 1, "Recheck Cond": "(keyword_id = k.id)", "Rows Removed by Index Recheck": 0, "Exact Heap Blocks": 9702, "Lossy Heap Blocks": 9702, "Plans": [{"Node Type": "Bitmap Index Scan", "Parent Relationship": "Outer", "Index Name": "keyword_id_movie_keyword", "Startup Cost": 0.0, "Total Cost": 4.5, "Plan Rows": 33, "Plan Width": 0, "Actual Startup Time": 8.236, "Actual Total Time": 8.236, "Actual Rows": 41840, "Actual Loops": 1, "Index Cond": "(keyword_id = k.id)"}]}]}, {"Node Type": "Index Scan", "Parent Relationship": "Inner", "Scan Direction": "Forward", "Index Name": "movie_id_movie_companies", "Relation Name": "movie_companies", "Alias": "mc", "Startup Cost": 0.0, "Total Cost": 0.31, "Plan Rows": 2, "Plan Width": 8, "Actual Startup Time": 155.322, "Actual Total Time": 230.57, "Actual Rows": 148552, "Actual Loops": 41840, "Index Cond": "(movie_id = mk.movie_id)", "Rows Removed by Index Recheck": 0}]}, {"Node Type": "Index Scan", "Parent Relationship": "Inner", "Scan Direction": "Forward", "Index Name": "company_name_pkey", "Relation Name": "company_name", "Alias": "cn", "Startup Cost": 0.0, "Total Cost": 0.28, "Plan Rows": 1, "Plan Width": 4, "Actual Startup Time": 550.613, "Actual Total Time": 550.613, "Actual Rows": 5228, "Actual Loops": 148552, "Index Cond": "(id = mc.company_id)", "Rows Removed by Index Recheck": 0, "Filter": "((country_code)::text = '[nl]'::text)", "Rows Removed by Filter": 143324}]}, {"Node Type": "Index Scan", "Parent Relationship": "Inner", "Scan Direction": "Forward", "Index Name": "title_pkey", "Relation Name": "title", "Alias": "t", "Startup Cost": 0.0, "Total Cost": 0.31, "Plan Rows": 1, "Plan Width": 21, "Actual Startup Time": 22.709, "Actual Total Time": 22.709, "Actual Rows": 5228, "Actual Loops": 5228, "Index Cond": "(id = mk.movie_id)", "Rows Removed by Index Recheck": 0}]}]}, "Triggers": [], "Planner Runtime": 10.46, "Total Runtime": 1042.518, "Unique SQL Id": 2804875951}}, "(16, '17')": {"explain_plan": {"Plan": {"Node Type": "Aggregate", "Strategy": "Plain", "Startup Cost": 3347.38, "Total Cost": 3347.39, "Plan Rows": 1, "Plan Width": 49, "Plans": [{"Node Type": "Nested Loop", "Parent Relationship": "Outer", "Join Type": "Inner", "Startup Cost": 4.51, "Total Cost": 3347.38, "Plan Rows": 2, "Plan Width": 17, "Inner Unique": true, "Join Filter": "(mc.movie_id = t.id)", "Plans": [{"Node Type": "Nested Loop", "Parent Relationship": "Outer", "Join Type": "Inner", "Startup Cost": 4.51, "Total Cost": 3346.73, "Plan Rows": 2, "Plan Width": 8, "Inner Unique": true, "Plans": [{"Node Type": "Nested Loop", "Parent Relationship": "Outer", "Join Type": "Inner", "Startup Cost": 4.51, "Total Cost": 3326.6, "Plan Rows": 70, "Plan Width": 12, "Inner Unique": false, "Plans": [{"Node Type": "Nested Loop", "Parent Relationship": "Outer", "Join Type": "Inner", "Startup Cost": 4.51, "Total Cost": 3315.63, "Plan Rows": 33, "Plan Width": 4, "Inner Unique": false, "Plans": [{"Node Type": "Index Scan", "Parent Relationship": "Outer", "Scan Direction": "Forward", "Index Name": "keyword_pkey", "Relation Name": "keyword", "Alias": "k", "Startup Cost": 0.0, "Total Cost": 3182.72, "Plan Rows": 1, "Plan Width": 4, "Filter": "((keyword)::text = 'character-name-in-title'::text)"}, {"Node Type": "Bitmap Heap Scan", "Parent Relationship": "Inner", "Relation Name": "movie_keyword", "Alias": "mk", "Startup Cost": 4.51, "Total Cost": 132.58, "Plan Rows": 33, "Plan Width": 8, "Recheck Cond": "(keyword_id = k.id)", "Plans": [{"Node Type": "Bitmap Index Scan", "Parent Relationship": "Outer", "Index Name": "keyword_id_movie_keyword", "Startup Cost": 0.0, "Total Cost": 4.5, "Plan Rows": 33, "Plan Width": 0, "Index Cond": "(keyword_id = k.id)"}]}]}, {"Node Type": "Index Scan", "Parent Relationship": "Inner", "Scan Direction": "Forward", "Index Name": "movie_id_movie_companies", "Relation Name": "movie_companies", "Alias": "mc", "Startup Cost": 0.0, "Total Cost": 0.31, "Plan Rows": 2, "Plan Width": 8, "Index Cond": "(movie_id = mk.movie_id)"}]}, {"Node Type": "Index Scan", "Parent Relationship": "Inner", "Scan Direction": "Forward", "Index Name": "company_name_pkey", "Relation Name": "company_name", "Alias": "cn", "Startup Cost": 0.0, "Total Cost": 0.28, "Plan Rows": 1, "Plan Width": 4, "Index Cond": "(id = mc.company_id)", "Filter": "((country_code)::text = '[nl]'::text)"}]}, {"Node Type": "Index Scan", "Parent Relationship": "Inner", "Scan Direction": "Forward", "Index Name": "title_pkey", "Relation Name": "title", "Alias": "t", "Startup Cost": 0.0, "Total Cost": 0.31, "Plan Rows": 1, "Plan Width": 21, "Index Cond": "(id = mk.movie_id)"}]}]}, "Unique SQL Id": 2804875951, "Planner Runtime": 7}, "explain_analyze_plan": {"Plan": {"Node Type": "Aggregate", "Strategy": "Plain", "Startup Cost": 3347.38, "Total Cost": 3347.39, "Plan Rows": 1, "Plan Width": 49, "Actual Startup Time": 1183.532, "Actual Total Time": 1183.533, "Actual Rows": 1, "Actual Loops": 1, "Plans": [{"Node Type": "Nested Loop", "Parent Relationship": "Outer", "Join Type": "Inner", "Startup Cost": 4.51, "Total Cost": 3347.38, "Plan Rows": 2, "Plan Width": 17, "Actual Startup Time": 13.942, "Actual Total Time": 1180.637, "Actual Rows": 5228, "Actual Loops": 1, "Inner Unique": true, "Join Filter": "(mc.movie_id = t.id)", "Rows Removed by Join Filter": 0, "Plans": [{"Node Type": "Nested Loop", "Parent Relationship": "Outer", "Join Type": "Inner", "Startup Cost": 4.51, "Total Cost": 3346.73, "Plan Rows": 2, "Plan Width": 8, "Actual Startup Time": 13.922, "Actual Total Time": 1148.172, "Actual Rows": 5228, "Actual Loops": 1, "Inner Unique": true, "Plans": [{"Node Type": "Nested Loop", "Parent Relationship": "Outer", "Join Type": "Inner", "Startup Cost": 4.51, "Total Cost": 3326.6, "Plan Rows": 70, "Plan Width": 12, "Actual Startup Time": 10.495, "Actual Total Time": 511.238, "Actual Rows": 148552, "Actual Loops": 1, "Inner Unique": false, "Plans": [{"Node Type": "Nested Loop", "Parent Relationship": "Outer", "Join Type": "Inner", "Startup Cost": 4.51, "Total Cost": 3315.63, "Plan Rows": 33, "Plan Width": 4, "Actual Startup Time": 10.465, "Actual Total Time": 196.622, "Actual Rows": 41840, "Actual Loops": 1, "Inner Unique": false, "Plans": [{"Node Type": "Index Scan", "Parent Relationship": "Outer", "Scan Direction": "Forward", "Index Name": "keyword_pkey", "Relation Name": "keyword", "Alias": "k", "Startup Cost": 0.0, "Total Cost": 3182.72, "Plan Rows": 1, "Plan Width": 4, "Actual Startup Time": 0.292, "Actual Total Time": 125.899, "Actual Rows": 1, "Actual Loops": 1, "Filter": "((keyword)::text = 'character-name-in-title'::text)", "Rows Removed by Filter": 134168}, {"Node Type": "Bitmap Heap Scan", "Parent Relationship": "Inner", "Relation Name": "movie_keyword", "Alias": "mk", "Startup Cost": 4.51, "Total Cost": 132.58, "Plan Rows": 33, "Plan Width": 8, "Actual Startup Time": 10.166, "Actual Total Time": 61.96, "Actual Rows": 41840, "Actual Loops": 1, "Recheck Cond": "(keyword_id = k.id)", "Rows Removed by Index Recheck": 0, "Exact Heap Blocks": 9702, "Lossy Heap Blocks": 9702, "Plans": [{"Node Type": "Bitmap Index Scan", "Parent Relationship": "Outer", "Index Name": "keyword_id_movie_keyword", "Startup Cost": 0.0, "Total Cost": 4.5, "Plan Rows": 33, "Plan Width": 0, "Actual Startup Time": 8.352, "Actual Total Time": 8.352, "Actual Rows": 41840, "Actual Loops": 1, "Index Cond": "(keyword_id = k.id)"}]}]}, {"Node Type": "Index Scan", "Parent Relationship": "Inner", "Scan Direction": "Forward", "Index Name": "movie_id_movie_companies", "Relation Name": "movie_companies", "Alias": "mc", "Startup Cost": 0.0, "Total Cost": 0.31, "Plan Rows": 2, "Plan Width": 8, "Actual Startup Time": 176.45, "Actual Total Time": 259.319, "Actual Rows": 148552, "Actual Loops": 41840, "Index Cond": "(movie_id = mk.movie_id)", "Rows Removed by Index Recheck": 0}]}, {"Node Type": "Index Scan", "Parent Relationship": "Inner", "Scan Direction": "Forward", "Index Name": "company_name_pkey", "Relation Name": "company_name", "Alias": "cn", "Startup Cost": 0.0, "Total Cost": 0.28, "Plan Rows": 1, "Plan Width": 4, "Actual Startup Time": 563.789, "Actual Total Time": 563.789, "Actual Rows": 5228, "Actual Loops": 148552, "Index Cond": "(id = mc.company_id)", "Rows Removed by Index Recheck": 0, "Filter": "((country_code)::text = '[nl]'::text)", "Rows Removed by Filter": 143324}]}, {"Node Type": "Index Scan", "Parent Relationship": "Inner", "Scan Direction": "Forward", "Index Name": "title_pkey", "Relation Name": "title", "Alias": "t", "Startup Cost": 0.0, "Total Cost": 0.31, "Plan Rows": 1, "Plan Width": 21, "Actual Startup Time": 26.892, "Actual Total Time": 26.892, "Actual Rows": 5228, "Actual Loops": 5228, "Index Cond": "(id = mk.movie_id)", "Rows Removed by Index Recheck": 0}]}]}, "Triggers": [], "Planner Runtime": 11.909, "Total Runtime": 1183.878, "Unique SQL Id": 2804875951}}, "(16, '18')": {"explain_plan": {"Plan": {"Node Type": "Aggregate", "Strategy": "Plain", "Startup Cost": 3019.97, "Total Cost": 3019.98, "Plan Rows": 1, "Plan Width": 49, "Plans": [{"Node Type": "Nested Loop", "Parent Relationship": "Outer", "Join Type": "Inner", "Startup Cost": 5.3, "Total Cost": 3019.97, "Plan Rows": 2, "Plan Width": 17, "Inner Unique": true, "Join Filter": "(mc.movie_id = t.id)", "Plans": [{"Node Type": "Nested Loop", "Parent Relationship": "Outer", "Join Type": "Inner", "Startup Cost": 5.04, "Total Cost": 3011.39, "Plan Rows": 2, "Plan Width": 8, "Inner Unique": true, "Plans": [{"Node Type": "Nested Loop", "Parent Relationship": "Outer", "Join Type": "Inner", "Startup Cost": 4.78, "Total Cost": 2711.55, "Plan Rows": 70, "Plan Width": 12, "Inner Unique": false, "Plans": [{"Node Type": "Nested Loop", "Parent Relationship": "Outer", "Join Type": "Inner", "Startup Cost": 4.51, "Total Cost": 2569.02, "Plan Rows": 33, "Plan Width": 4, "Inner Unique": false, "Plans": [{"Node Type": "Seq Scan", "Parent Relationship": "Outer", "Relation Name": "keyword", "Alias": "k", "Startup Cost": 0.0, "Total Cost": 2436.11, "Plan Rows": 1, "Plan Width": 4, "Filter": "((keyword)::text = 'character-name-in-title'::text)"}, {"Node Type": "Bitmap Heap Scan", "Parent Relationship": "Inner", "Relation Name": "movie_keyword", "Alias": "mk", "Startup Cost": 4.51, "Total Cost": 132.58, "Plan Rows": 33, "Plan Width": 8, "Recheck Cond": "(keyword_id = k.id)", "Plans": [{"Node Type": "Bitmap Index Scan", "Parent Relationship": "Outer", "Index Name": "keyword_id_movie_keyword", "Startup Cost": 0.0, "Total Cost": 4.5, "Plan Rows": 33, "Plan Width": 0, "Index Cond": "(keyword_id = k.id)"}]}]}, {"Node Type": "Bitmap Heap Scan", "Parent Relationship": "Inner", "Relation Name": "movie_companies", "Alias": "mc", "Startup Cost": 0.27, "Total Cost": 4.3, "Plan Rows": 2, "Plan Width": 8, "Recheck Cond": "(movie_id = mk.movie_id)", "Plans": [{"Node Type": "Bitmap Index Scan", "Parent Relationship": "Outer", "Index Name": "movie_id_movie_companies", "Startup Cost": 0.0, "Total Cost": 0.27, "Plan Rows": 2, "Plan Width": 0, "Index Cond": "(movie_id = mk.movie_id)"}]}]}, {"Node Type": "Bitmap Heap Scan", "Parent Relationship": "Inner", "Relation Name": "company_name", "Alias": "cn", "Startup Cost": 0.26, "Total Cost": 4.27, "Plan Rows": 1, "Plan Width": 4, "Recheck Cond": "(id = mc.company_id)", "Filter": "((country_code)::text = '[nl]'::text)", "Plans": [{"Node Type": "Bitmap Index Scan", "Parent Relationship": "Outer", "Index Name": "company_name_pkey", "Startup Cost": 0.0, "Total Cost": 0.26, "Plan Rows": 1, "Plan Width": 0, "Index Cond": "(id = mc.company_id)"}]}]}, {"Node Type": "Bitmap Heap Scan", "Parent Relationship": "Inner", "Relation Name": "title", "Alias": "t", "Startup Cost": 0.27, "Total Cost": 4.28, "Plan Rows": 1, "Plan Width": 21, "Recheck Cond": "(id = mk.movie_id)", "Plans": [{"Node Type": "Bitmap Index Scan", "Parent Relationship": "Outer", "Index Name": "title_pkey", "Startup Cost": 0.0, "Total Cost": 0.27, "Plan Rows": 1, "Plan Width": 0, "Index Cond": "(id = mk.movie_id)"}]}]}]}, "Unique SQL Id": 2804875951, "Planner Runtime": 6}, "explain_analyze_plan": {"Plan": {"Node Type": "Aggregate", "Strategy": "Plain", "Startup Cost": 3019.97, "Total Cost": 3019.98, "Plan Rows": 1, "Plan Width": 49, "Actual Startup Time": 1407.614, "Actual Total Time": 1407.615, "Actual Rows": 1, "Actual Loops": 1, "Plans": [{"Node Type": "Nested Loop", "Parent Relationship": "Outer", "Join Type": "Inner", "Startup Cost": 5.3, "Total Cost": 3019.97, "Plan Rows": 2, "Plan Width": 17, "Actual Startup Time": 16.178, "Actual Total Time": 1403.151, "Actual Rows": 5228, "Actual Loops": 1, "Inner Unique": true, "Join Filter": "(mc.movie_id = t.id)", "Rows Removed by Join Filter": 0, "Plans": [{"Node Type": "Nested Loop", "Parent Relationship": "Outer", "Join Type": "Inner", "Startup Cost": 5.04, "Total Cost": 3011.39, "Plan Rows": 2, "Plan Width": 8, "Actual Startup Time": 16.158, "Actual Total Time": 1365.668, "Actual Rows": 5228, "Actual Loops": 1, "Inner Unique": true, "Plans": [{"Node Type": "Nested Loop", "Parent Relationship": "Outer", "Join Type": "Inner", "Startup Cost": 4.78, "Total Cost": 2711.55, "Plan Rows": 70, "Plan Width": 12, "Actual Startup Time": 11.838, "Actual Total Time": 496.315, "Actual Rows": 148552, "Actual Loops": 1, "Inner Unique": false, "Plans": [{"Node Type": "Nested Loop", "Parent Relationship": "Outer", "Join Type": "Inner", "Startup Cost": 4.51, "Total Cost": 2569.02, "Plan Rows": 33, "Plan Width": 4, "Actual Startup Time": 11.8, "Actual Total Time": 100.005, "Actual Rows": 41840, "Actual Loops": 1, "Inner Unique": false, "Plans": [{"Node Type": "Seq Scan", "Parent Relationship": "Outer", "Relation Name": "keyword", "Alias": "k", "Startup Cost": 0.0, "Total Cost": 2436.11, "Plan Rows": 1, "Plan Width": 4, "Actual Startup Time": 1.772, "Actual Total Time": 40.559, "Actual Rows": 1, "Actual Loops": 1, "Filter": "((keyword)::text = 'character-name-in-title'::text)", "Rows Removed by Filter": 134168}, {"Node Type": "Bitmap Heap Scan", "Parent Relationship": "Inner", "Relation Name": "movie_keyword", "Alias": "mk", "Startup Cost": 4.51, "Total Cost": 132.58, "Plan Rows": 33, "Plan Width": 8, "Actual Startup Time": 10.022, "Actual Total Time": 50.222, "Actual Rows": 41840, "Actual Loops": 1, "Recheck Cond": "(keyword_id = k.id)", "Rows Removed by Index Recheck": 0, "Exact Heap Blocks": 9702, "Lossy Heap Blocks": 9702, "Plans": [{"Node Type": "Bitmap Index Scan", "Parent Relationship": "Outer", "Index Name": "keyword_id_movie_keyword", "Startup Cost": 0.0, "Total Cost": 4.5, "Plan Rows": 33, "Plan Width": 0, "Actual Startup Time": 8.253, "Actual Total Time": 8.253, "Actual Rows": 41840, "Actual Loops": 1, "Index Cond": "(keyword_id = k.id)"}]}]}, {"Node Type": "Bitmap Heap Scan", "Parent Relationship": "Inner", "Relation Name": "movie_companies", "Alias": "mc", "Startup Cost": 0.27, "Total Cost": 4.3, "Plan Rows": 2, "Plan Width": 8, "Actual Startup Time": 253.295, "Actual Total Time": 310.868, "Actual Rows": 148552, "Actual Loops": 41840, "Recheck Cond": "(movie_id = mk.movie_id)", "Rows Removed by Index Recheck": 0, "Exact Heap Blocks": 62638, "Lossy Heap Blocks": 62638, "Plans": [{"Node Type": "Bitmap Index Scan", "Parent Relationship": "Outer", "Index Name": "movie_id_movie_companies", "Startup Cost": 0.0, "Total Cost": 0.27, "Plan Rows": 2, "Plan Width": 0, "Actual Startup Time": 156.576, "Actual Total Time": 156.576, "Actual Rows": 148552, "Actual Loops": 41840, "Index Cond": "(movie_id = mk.movie_id)"}]}]}, {"Node Type": "Bitmap Heap Scan", "Parent Relationship": "Inner", "Relation Name": "company_name", "Alias": "cn", "Startup Cost": 0.26, "Total Cost": 4.27, "Plan Rows": 1, "Plan Width": 4, "Actual Startup Time": 699.973, "Actual Total Time": 699.973, "Actual Rows": 5228, "Actual Loops": 148552, "Recheck Cond": "(id = mc.company_id)", "Rows Removed by Index Recheck": 0, "Filter": "((country_code)::text = '[nl]'::text)", "Rows Removed by Filter": 143324, "Exact Heap Blocks": 148552, "Lossy Heap Blocks": 148552, "Plans": [{"Node Type": "Bitmap Index Scan", "Parent Relationship": "Outer", "Index Name": "company_name_pkey", "Startup Cost": 0.0, "Total Cost": 0.26, "Plan Rows": 1, "Plan Width": 0, "Actual Startup Time": 386.659, "Actual Total Time": 386.659, "Actual Rows": 148552, "Actual Loops": 148552, "Index Cond": "(id = mc.company_id)"}]}]}, {"Node Type": "Bitmap Heap Scan", "Parent Relationship": "Inner", "Relation Name": "title", "Alias": "t", "Startup Cost": 0.27, "Total Cost": 4.28, "Plan Rows": 1, "Plan Width": 21, "Actual Startup Time": 28.495, "Actual Total Time": 28.495, "Actual Rows": 5228, "Actual Loops": 5228, "Recheck Cond": "(id = mk.movie_id)", "Rows Removed by Index Recheck": 0, "Exact Heap Blocks": 5228, "Lossy Heap Blocks": 5228, "Plans": [{"Node Type": "Bitmap Index Scan", "Parent Relationship": "Outer", "Index Name": "title_pkey", "Startup Cost": 0.0, "Total Cost": 0.27, "Plan Rows": 1, "Plan Width": 0, "Actual Startup Time": 17.109, "Actual Total Time": 17.109, "Actual Rows": 5228, "Actual Loops": 5228, "Index Cond": "(id = mk.movie_id)"}]}]}]}, "Triggers": [], "Planner Runtime": 15.864, "Total Runtime": 1408.006, "Unique SQL Id": 2804875951}}, "(16, '19')": {"explain_plan": {"Plan": {"Node Type": "Aggregate", "Strategy": "Plain", "Startup Cost": 3739.07, "Total Cost": 3739.08, "Plan Rows": 1, "Plan Width": 49, "Plans": [{"Node Type": "Nested Loop", "Parent Relationship": "Outer", "Join Type": "Inner", "Startup Cost": 724.4, "Total Cost": 3739.06, "Plan Rows": 2, "Plan Width": 17, "Inner Unique": true, "Join Filter": "(mc.movie_id = t.id)", "Plans": [{"Node Type": "Nested Loop", "Parent Relationship": "Outer", "Join Type": "Inner", "Startup Cost": 724.13, "Total Cost": 3730.48, "Plan Rows": 2, "Plan Width": 8, "Inner Unique": true, "Plans": [{"Node Type": "Nested Loop", "Parent Relationship": "Outer", "Join Type": "Inner", "Startup Cost": 723.87, "Total Cost": 3430.65, "Plan Rows": 70, "Plan Width": 12, "Inner Unique": false, "Plans": [{"Node Type": "Nested Loop", "Parent Relationship": "Outer", "Join Type": "Inner", "Startup Cost": 723.6, "Total Cost": 3288.12, "Plan Rows": 33, "Plan Width": 4, "Inner Unique": false, "Plans": [{"Node Type": "Bitmap Heap Scan", "Parent Relationship": "Outer", "Relation Name": "keyword", "Alias": "k", "Startup Cost": 719.1, "Total Cost": 3155.21, "Plan Rows": 1, "Plan Width": 4, "Filter": "((keyword)::text = 'character-name-in-title'::text)", "Plans": [{"Node Type": "Bitmap Index Scan", "Parent Relationship": "Outer", "Index Name": "keyword_pkey", "Startup Cost": 0.0, "Total Cost": 719.1, "Plan Rows": 134169, "Plan Width": 0}]}, {"Node Type": "Bitmap Heap Scan", "Parent Relationship": "Inner", "Relation Name": "movie_keyword", "Alias": "mk", "Startup Cost": 4.51, "Total Cost": 132.58, "Plan Rows": 33, "Plan Width": 8, "Recheck Cond": "(keyword_id = k.id)", "Plans": [{"Node Type": "Bitmap Index Scan", "Parent Relationship": "Outer", "Index Name": "keyword_id_movie_keyword", "Startup Cost": 0.0, "Total Cost": 4.5, "Plan Rows": 33, "Plan Width": 0, "Index Cond": "(keyword_id = k.id)"}]}]}, {"Node Type": "Bitmap Heap Scan", "Parent Relationship": "Inner", "Relation Name": "movie_companies", "Alias": "mc", "Startup Cost": 0.27, "Total Cost": 4.3, "Plan Rows": 2, "Plan Width": 8, "Recheck Cond": "(movie_id = mk.movie_id)", "Plans": [{"Node Type": "Bitmap Index Scan", "Parent Relationship": "Outer", "Index Name": "movie_id_movie_companies", "Startup Cost": 0.0, "Total Cost": 0.27, "Plan Rows": 2, "Plan Width": 0, "Index Cond": "(movie_id = mk.movie_id)"}]}]}, {"Node Type": "Bitmap Heap Scan", "Parent Relationship": "Inner", "Relation Name": "company_name", "Alias": "cn", "Startup Cost": 0.26, "Total Cost": 4.27, "Plan Rows": 1, "Plan Width": 4, "Recheck Cond": "(id = mc.company_id)", "Filter": "((country_code)::text = '[nl]'::text)", "Plans": [{"Node Type": "Bitmap Index Scan", "Parent Relationship": "Outer", "Index Name": "company_name_pkey", "Startup Cost": 0.0, "Total Cost": 0.26, "Plan Rows": 1, "Plan Width": 0, "Index Cond": "(id = mc.company_id)"}]}]}, {"Node Type": "Bitmap Heap Scan", "Parent Relationship": "Inner", "Relation Name": "title", "Alias": "t", "Startup Cost": 0.27, "Total Cost": 4.28, "Plan Rows": 1, "Plan Width": 21, "Recheck Cond": "(id = mk.movie_id)", "Plans": [{"Node Type": "Bitmap Index Scan", "Parent Relationship": "Outer", "Index Name": "title_pkey", "Startup Cost": 0.0, "Total Cost": 0.27, "Plan Rows": 1, "Plan Width": 0, "Index Cond": "(id = mk.movie_id)"}]}]}]}, "Unique SQL Id": 2804875951, "Planner Runtime": 6}, "explain_analyze_plan": {"Plan": {"Node Type": "Aggregate", "Strategy": "Plain", "Startup Cost": 3739.07, "Total Cost": 3739.08, "Plan Rows": 1, "Plan Width": 49, "Actual Startup Time": 1387.145, "Actual Total Time": 1387.146, "Actual Rows": 1, "Actual Loops": 1, "Plans": [{"Node Type": "Nested Loop", "Parent Relationship": "Outer", "Join Type": "Inner", "Startup Cost": 724.4, "Total Cost": 3739.06, "Plan Rows": 2, "Plan Width": 17, "Actual Startup Time": 25.648, "Actual Total Time": 1382.175, "Actual Rows": 5228, "Actual Loops": 1, "Inner Unique": true, "Join Filter": "(mc.movie_id = t.id)", "Rows Removed by Join Filter": 0, "Plans": [{"Node Type": "Nested Loop", "Parent Relationship": "Outer", "Join Type": "Inner", "Startup Cost": 724.13, "Total Cost": 3730.48, "Plan Rows": 2, "Plan Width": 8, "Actual Startup Time": 25.627, "Actual Total Time": 1347.061, "Actual Rows": 5228, "Actual Loops": 1, "Inner Unique": true, "Plans": [{"Node Type": "Nested Loop", "Parent Relationship": "Outer", "Join Type": "Inner", "Startup Cost": 723.87, "Total Cost": 3430.65, "Plan Rows": 70, "Plan Width": 12, "Actual Startup Time": 21.56, "Actual Total Time": 492.049, "Actual Rows": 148552, "Actual Loops": 1, "Inner Unique": false, "Plans": [{"Node Type": "Nested Loop", "Parent Relationship": "Outer", "Join Type": "Inner", "Startup Cost": 723.6, "Total Cost": 3288.12, "Plan Rows": 33, "Plan Width": 4, "Actual Startup Time": 21.524, "Actual Total Time": 111.574, "Actual Rows": 41840, "Actual Loops": 1, "Inner Unique": false, "Plans": [{"Node Type": "Bitmap Heap Scan", "Parent Relationship": "Outer", "Relation Name": "keyword", "Alias": "k", "Startup Cost": 719.1, "Total Cost": 3155.21, "Plan Rows": 1, "Plan Width": 4, "Actual Startup Time": 13.5, "Actual Total Time": 60.831, "Actual Rows": 1, "Actual Loops": 1, "Filter": "((keyword)::text = 'character-name-in-title'::text)", "Rows Removed by Filter": 134168, "Exact Heap Blocks": 759, "Lossy Heap Blocks": 759, "Plans": [{"Node Type": "Bitmap Index Scan", "Parent Relationship": "Outer", "Index Name": "keyword_pkey", "Startup Cost": 0.0, "Total Cost": 719.1, "Plan Rows": 134169, "Plan Width": 0, "Actual Startup Time": 11.196, "Actual Total Time": 11.196, "Actual Rows": 134169, "Actual Loops": 1}]}, {"Node Type": "Bitmap Heap Scan", "Parent Relationship": "Inner", "Relation Name": "movie_keyword", "Alias": "mk", "Startup Cost": 4.51, "Total Cost": 132.58, "Plan Rows": 33, "Plan Width": 8, "Actual Startup Time": 8.013, "Actual Total Time": 41.471, "Actual Rows": 41840, "Actual Loops": 1, "Recheck Cond": "(keyword_id = k.id)", "Rows Removed by Index Recheck": 0, "Exact Heap Blocks": 9702, "Lossy Heap Blocks": 9702, "Plans": [{"Node Type": "Bitmap Index Scan", "Parent Relationship": "Outer", "Index Name": "keyword_id_movie_keyword", "Startup Cost": 0.0, "Total Cost": 4.5, "Plan Rows": 33, "Plan Width": 0, "Actual Startup Time": 6.272, "Actual Total Time": 6.272, "Actual Rows": 41840, "Actual Loops": 1, "Index Cond": "(keyword_id = k.id)"}]}]}, {"Node Type": "Bitmap Heap Scan", "Parent Relationship": "Inner", "Relation Name": "movie_companies", "Alias": "mc", "Startup Cost": 0.27, "Total Cost": 4.3, "Plan Rows": 2, "Plan Width": 8, "Actual Startup Time": 240.891, "Actual Total Time": 294.516, "Actual Rows": 148552, "Actual Loops": 41840, "Recheck Cond": "(movie_id = mk.movie_id)", "Rows Removed by Index Recheck": 0, "Exact Heap Blocks": 62638, "Lossy Heap Blocks": 62638, "Plans": [{"Node Type": "Bitmap Index Scan", "Parent Relationship": "Outer", "Index Name": "movie_id_movie_companies", "Startup Cost": 0.0, "Total Cost": 0.27, "Plan Rows": 2, "Plan Width": 0, "Actual Startup Time": 150.419, "Actual Total Time": 150.419, "Actual Rows": 148552, "Actual Loops": 41840, "Index Cond": "(movie_id = mk.movie_id)"}]}]}, {"Node Type": "Bitmap Heap Scan", "Parent Relationship": "Inner", "Relation Name": "company_name", "Alias": "cn", "Startup Cost": 0.26, "Total Cost": 4.27, "Plan Rows": 1, "Plan Width": 4, "Actual Startup Time": 685.084, "Actual Total Time": 685.084, "Actual Rows": 5228, "Actual Loops": 148552, "Recheck Cond": "(id = mc.company_id)", "Rows Removed by Index Recheck": 0, "Filter": "((country_code)::text = '[nl]'::text)", "Rows Removed by Filter": 143324, "Exact Heap Blocks": 148552, "Lossy Heap Blocks": 148552, "Plans": [{"Node Type": "Bitmap Index Scan", "Parent Relationship": "Outer", "Index Name": "company_name_pkey", "Startup Cost": 0.0, "Total Cost": 0.26, "Plan Rows": 1, "Plan Width": 0, "Actual Startup Time": 382.826, "Actual Total Time": 382.826, "Actual Rows": 148552, "Actual Loops": 148552, "Index Cond": "(id = mc.company_id)"}]}]}, {"Node Type": "Bitmap Heap Scan", "Parent Relationship": "Inner", "Relation Name": "title", "Alias": "t", "Startup Cost": 0.27, "Total Cost": 4.28, "Plan Rows": 1, "Plan Width": 21, "Actual Startup Time": 25.907, "Actual Total Time": 25.907, "Actual Rows": 5228, "Actual Loops": 5228, "Recheck Cond": "(id = mk.movie_id)", "Rows Removed by Index Recheck": 0, "Exact Heap Blocks": 5228, "Lossy Heap Blocks": 5228, "Plans": [{"Node Type": "Bitmap Index Scan", "Parent Relationship": "Outer", "Index Name": "title_pkey", "Startup Cost": 0.0, "Total Cost": 0.27, "Plan Rows": 1, "Plan Width": 0, "Actual Startup Time": 16.062, "Actual Total Time": 16.062, "Actual Rows": 5228, "Actual Loops": 5228, "Index Cond": "(id = mk.movie_id)"}]}]}]}, "Triggers": [], "Planner Runtime": 8.607, "Total Runtime": 1387.489, "Unique SQL Id": 2804875951}}, "(16, '20')": {"explain_plan": {"Plan": {"Node Type": "Aggregate", "Strategy": "Plain", "Startup Cost": 2600.78, "Total Cost": 2600.79, "Plan Rows": 1, "Plan Width": 49, "Plans": [{"Node Type": "Nested Loop", "Parent Relationship": "Outer", "Join Type": "Inner", "Startup Cost": 4.51, "Total Cost": 2600.77, "Plan Rows": 2, "Plan Width": 17, "Inner Unique": true, "Join Filter": "(mc.movie_id = t.id)", "Plans": [{"Node Type": "Nested Loop", "Parent Relationship": "Outer", "Join Type": "Inner", "Startup Cost": 4.51, "Total Cost": 2600.13, "Plan Rows": 2, "Plan Width": 8, "Inner Unique": true, "Plans": [{"Node Type": "Nested Loop", "Parent Relationship": "Outer", "Join Type": "Inner", "Startup Cost": 4.51, "Total Cost": 2579.99, "Plan Rows": 70, "Plan Width": 12, "Inner Unique": false, "Plans": [{"Node Type": "Nested Loop", "Parent Relationship": "Outer", "Join Type": "Inner", "Startup Cost": 4.51, "Total Cost": 2569.02, "Plan Rows": 33, "Plan Width": 4, "Inner Unique": false, "Plans": [{"Node Type": "Seq Scan", "Parent Relationship": "Outer", "Relation Name": "keyword", "Alias": "k", "Startup Cost": 0.0, "Total Cost": 2436.11, "Plan Rows": 1, "Plan Width": 4, "Filter": "((keyword)::text = 'character-name-in-title'::text)"}, {"Node Type": "Bitmap Heap Scan", "Parent Relationship": "Inner", "Relation Name": "movie_keyword", "Alias": "mk", "Startup Cost": 4.51, "Total Cost": 132.58, "Plan Rows": 33, "Plan Width": 8, "Recheck Cond": "(keyword_id = k.id)", "Plans": [{"Node Type": "Bitmap Index Scan", "Parent Relationship": "Outer", "Index Name": "keyword_id_movie_keyword", "Startup Cost": 0.0, "Total Cost": 4.5, "Plan Rows": 33, "Plan Width": 0, "Index Cond": "(keyword_id = k.id)"}]}]}, {"Node Type": "Index Scan", "Parent Relationship": "Inner", "Scan Direction": "Forward", "Index Name": "movie_id_movie_companies", "Relation Name": "movie_companies", "Alias": "mc", "Startup Cost": 0.0, "Total Cost": 0.31, "Plan Rows": 2, "Plan Width": 8, "Index Cond": "(movie_id = mk.movie_id)"}]}, {"Node Type": "Index Scan", "Parent Relationship": "Inner", "Scan Direction": "Forward", "Index Name": "company_name_pkey", "Relation Name": "company_name", "Alias": "cn", "Startup Cost": 0.0, "Total Cost": 0.28, "Plan Rows": 1, "Plan Width": 4, "Index Cond": "(id = mc.company_id)", "Filter": "((country_code)::text = '[nl]'::text)"}]}, {"Node Type": "Index Scan", "Parent Relationship": "Inner", "Scan Direction": "Forward", "Index Name": "title_pkey", "Relation Name": "title", "Alias": "t", "Startup Cost": 0.0, "Total Cost": 0.31, "Plan Rows": 1, "Plan Width": 21, "Index Cond": "(id = mk.movie_id)"}]}]}, "Unique SQL Id": 2804875951, "Planner Runtime": 6}, "explain_analyze_plan": {"Plan": {"Node Type": "Aggregate", "Strategy": "Plain", "Startup Cost": 2600.78, "Total Cost": 2600.79, "Plan Rows": 1, "Plan Width": 49, "Actual Startup Time": 1042.053, "Actual Total Time": 1042.053, "Actual Rows": 1, "Actual Loops": 1, "Plans": [{"Node Type": "Nested Loop", "Parent Relationship": "Outer", "Join Type": "Inner", "Startup Cost": 4.51, "Total Cost": 2600.77, "Plan Rows": 2, "Plan Width": 17, "Actual Startup Time": 15.009, "Actual Total Time": 1039.002, "Actual Rows": 5228, "Actual Loops": 1, "Inner Unique": true, "Join Filter": "(mc.movie_id = t.id)", "Rows Removed by Join Filter": 0, "Plans": [{"Node Type": "Nested Loop", "Parent Relationship": "Outer", "Join Type": "Inner", "Startup Cost": 4.51, "Total Cost": 2600.13, "Plan Rows": 2, "Plan Width": 8, "Actual Startup Time": 14.993, "Actual Total Time": 1010.698, "Actual Rows": 5228, "Actual Loops": 1, "Inner Unique": true, "Plans": [{"Node Type": "Nested Loop", "Parent Relationship": "Outer", "Join Type": "Inner", "Startup Cost": 4.51, "Total Cost": 2579.99, "Plan Rows": 70, "Plan Width": 12, "Actual Startup Time": 11.933, "Actual Total Time": 388.31, "Actual Rows": 148552, "Actual Loops": 1, "Inner Unique": false, "Plans": [{"Node Type": "Nested Loop", "Parent Relationship": "Outer", "Join Type": "Inner", "Startup Cost": 4.51, "Total Cost": 2569.02, "Plan Rows": 33, "Plan Width": 4, "Actual Startup Time": 11.905, "Actual Total Time": 101.867, "Actual Rows": 41840, "Actual Loops": 1, "Inner Unique": false, "Plans": [{"Node Type": "Seq Scan", "Parent Relationship": "Outer", "Relation Name": "keyword", "Alias": "k", "Startup Cost": 0.0, "Total Cost": 2436.11, "Plan Rows": 1, "Plan Width": 4, "Actual Startup Time": 1.829, "Actual Total Time": 42.003, "Actual Rows": 1, "Actual Loops": 1, "Filter": "((keyword)::text = 'character-name-in-title'::text)", "Rows Removed by Filter": 134168}, {"Node Type": "Bitmap Heap Scan", "Parent Relationship": "Inner", "Relation Name": "movie_keyword", "Alias": "mk", "Startup Cost": 4.51, "Total Cost": 132.58, "Plan Rows": 33, "Plan Width": 8, "Actual Startup Time": 10.069, "Actual Total Time": 51.314, "Actual Rows": 41840, "Actual Loops": 1, "Recheck Cond": "(keyword_id = k.id)", "Rows Removed by Index Recheck": 0, "Exact Heap Blocks": 9702, "Lossy Heap Blocks": 9702, "Plans": [{"Node Type": "Bitmap Index Scan", "Parent Relationship": "Outer", "Index Name": "keyword_id_movie_keyword", "Startup Cost": 0.0, "Total Cost": 4.5, "Plan Rows": 33, "Plan Width": 0, "Actual Startup Time": 8.236, "Actual Total Time": 8.236, "Actual Rows": 41840, "Actual Loops": 1, "Index Cond": "(keyword_id = k.id)"}]}]}, {"Node Type": "Index Scan", "Parent Relationship": "Inner", "Scan Direction": "Forward", "Index Name": "movie_id_movie_companies", "Relation Name": "movie_companies", "Alias": "mc", "Startup Cost": 0.0, "Total Cost": 0.31, "Plan Rows": 2, "Plan Width": 8, "Actual Startup Time": 155.322, "Actual Total Time": 230.57, "Actual Rows": 148552, "Actual Loops": 41840, "Index Cond": "(movie_id = mk.movie_id)", "Rows Removed by Index Recheck": 0}]}, {"Node Type": "Index Scan", "Parent Relationship": "Inner", "Scan Direction": "Forward", "Index Name": "company_name_pkey", "Relation Name": "company_name", "Alias": "cn", "Startup Cost": 0.0, "Total Cost": 0.28, "Plan Rows": 1, "Plan Width": 4, "Actual Startup Time": 550.613, "Actual Total Time": 550.613, "Actual Rows": 5228, "Actual Loops": 148552, "Index Cond": "(id = mc.company_id)", "Rows Removed by Index Recheck": 0, "Filter": "((country_code)::text = '[nl]'::text)", "Rows Removed by Filter": 143324}]}, {"Node Type": "Index Scan", "Parent Relationship": "Inner", "Scan Direction": "Forward", "Index Name": "title_pkey", "Relation Name": "title", "Alias": "t", "Startup Cost": 0.0, "Total Cost": 0.31, "Plan Rows": 1, "Plan Width": 21, "Actual Startup Time": 22.709, "Actual Total Time": 22.709, "Actual Rows": 5228, "Actual Loops": 5228, "Index Cond": "(id = mk.movie_id)", "Rows Removed by Index Recheck": 0}]}]}, "Triggers": [], "Planner Runtime": 10.46, "Total Runtime": 1042.518, "Unique SQL Id": 2804875951}}, "(16, '21')": {"explain_plan": {"Plan": {"Node Type": "Aggregate", "Strategy": "Plain", "Startup Cost": 3347.38, "Total Cost": 3347.39, "Plan Rows": 1, "Plan Width": 49, "Plans": [{"Node Type": "Nested Loop", "Parent Relationship": "Outer", "Join Type": "Inner", "Startup Cost": 4.51, "Total Cost": 3347.38, "Plan Rows": 2, "Plan Width": 17, "Inner Unique": true, "Join Filter": "(mc.movie_id = t.id)", "Plans": [{"Node Type": "Nested Loop", "Parent Relationship": "Outer", "Join Type": "Inner", "Startup Cost": 4.51, "Total Cost": 3346.73, "Plan Rows": 2, "Plan Width": 8, "Inner Unique": true, "Plans": [{"Node Type": "Nested Loop", "Parent Relationship": "Outer", "Join Type": "Inner", "Startup Cost": 4.51, "Total Cost": 3326.6, "Plan Rows": 70, "Plan Width": 12, "Inner Unique": false, "Plans": [{"Node Type": "Nested Loop", "Parent Relationship": "Outer", "Join Type": "Inner", "Startup Cost": 4.51, "Total Cost": 3315.63, "Plan Rows": 33, "Plan Width": 4, "Inner Unique": false, "Plans": [{"Node Type": "Index Scan", "Parent Relationship": "Outer", "Scan Direction": "Forward", "Index Name": "keyword_pkey", "Relation Name": "keyword", "Alias": "k", "Startup Cost": 0.0, "Total Cost": 3182.72, "Plan Rows": 1, "Plan Width": 4, "Filter": "((keyword)::text = 'character-name-in-title'::text)"}, {"Node Type": "Bitmap Heap Scan", "Parent Relationship": "Inner", "Relation Name": "movie_keyword", "Alias": "mk", "Startup Cost": 4.51, "Total Cost": 132.58, "Plan Rows": 33, "Plan Width": 8, "Recheck Cond": "(keyword_id = k.id)", "Plans": [{"Node Type": "Bitmap Index Scan", "Parent Relationship": "Outer", "Index Name": "keyword_id_movie_keyword", "Startup Cost": 0.0, "Total Cost": 4.5, "Plan Rows": 33, "Plan Width": 0, "Index Cond": "(keyword_id = k.id)"}]}]}, {"Node Type": "Index Scan", "Parent Relationship": "Inner", "Scan Direction": "Forward", "Index Name": "movie_id_movie_companies", "Relation Name": "movie_companies", "Alias": "mc", "Startup Cost": 0.0, "Total Cost": 0.31, "Plan Rows": 2, "Plan Width": 8, "Index Cond": "(movie_id = mk.movie_id)"}]}, {"Node Type": "Index Scan", "Parent Relationship": "Inner", "Scan Direction": "Forward", "Index Name": "company_name_pkey", "Relation Name": "company_name", "Alias": "cn", "Startup Cost": 0.0, "Total Cost": 0.28, "Plan Rows": 1, "Plan Width": 4, "Index Cond": "(id = mc.company_id)", "Filter": "((country_code)::text = '[nl]'::text)"}]}, {"Node Type": "Index Scan", "Parent Relationship": "Inner", "Scan Direction": "Forward", "Index Name": "title_pkey", "Relation Name": "title", "Alias": "t", "Startup Cost": 0.0, "Total Cost": 0.31, "Plan Rows": 1, "Plan Width": 21, "Index Cond": "(id = mk.movie_id)"}]}]}, "Unique SQL Id": 2804875951, "Planner Runtime": 7}, "explain_analyze_plan": {"Plan": {"Node Type": "Aggregate", "Strategy": "Plain", "Startup Cost": 3347.38, "Total Cost": 3347.39, "Plan Rows": 1, "Plan Width": 49, "Actual Startup Time": 1183.532, "Actual Total Time": 1183.533, "Actual Rows": 1, "Actual Loops": 1, "Plans": [{"Node Type": "Nested Loop", "Parent Relationship": "Outer", "Join Type": "Inner", "Startup Cost": 4.51, "Total Cost": 3347.38, "Plan Rows": 2, "Plan Width": 17, "Actual Startup Time": 13.942, "Actual Total Time": 1180.637, "Actual Rows": 5228, "Actual Loops": 1, "Inner Unique": true, "Join Filter": "(mc.movie_id = t.id)", "Rows Removed by Join Filter": 0, "Plans": [{"Node Type": "Nested Loop", "Parent Relationship": "Outer", "Join Type": "Inner", "Startup Cost": 4.51, "Total Cost": 3346.73, "Plan Rows": 2, "Plan Width": 8, "Actual Startup Time": 13.922, "Actual Total Time": 1148.172, "Actual Rows": 5228, "Actual Loops": 1, "Inner Unique": true, "Plans": [{"Node Type": "Nested Loop", "Parent Relationship": "Outer", "Join Type": "Inner", "Startup Cost": 4.51, "Total Cost": 3326.6, "Plan Rows": 70, "Plan Width": 12, "Actual Startup Time": 10.495, "Actual Total Time": 511.238, "Actual Rows": 148552, "Actual Loops": 1, "Inner Unique": false, "Plans": [{"Node Type": "Nested Loop", "Parent Relationship": "Outer", "Join Type": "Inner", "Startup Cost": 4.51, "Total Cost": 3315.63, "Plan Rows": 33, "Plan Width": 4, "Actual Startup Time": 10.465, "Actual Total Time": 196.622, "Actual Rows": 41840, "Actual Loops": 1, "Inner Unique": false, "Plans": [{"Node Type": "Index Scan", "Parent Relationship": "Outer", "Scan Direction": "Forward", "Index Name": "keyword_pkey", "Relation Name": "keyword", "Alias": "k", "Startup Cost": 0.0, "Total Cost": 3182.72, "Plan Rows": 1, "Plan Width": 4, "Actual Startup Time": 0.292, "Actual Total Time": 125.899, "Actual Rows": 1, "Actual Loops": 1, "Filter": "((keyword)::text = 'character-name-in-title'::text)", "Rows Removed by Filter": 134168}, {"Node Type": "Bitmap Heap Scan", "Parent Relationship": "Inner", "Relation Name": "movie_keyword", "Alias": "mk", "Startup Cost": 4.51, "Total Cost": 132.58, "Plan Rows": 33, "Plan Width": 8, "Actual Startup Time": 10.166, "Actual Total Time": 61.96, "Actual Rows": 41840, "Actual Loops": 1, "Recheck Cond": "(keyword_id = k.id)", "Rows Removed by Index Recheck": 0, "Exact Heap Blocks": 9702, "Lossy Heap Blocks": 9702, "Plans": [{"Node Type": "Bitmap Index Scan", "Parent Relationship": "Outer", "Index Name": "keyword_id_movie_keyword", "Startup Cost": 0.0, "Total Cost": 4.5, "Plan Rows": 33, "Plan Width": 0, "Actual Startup Time": 8.352, "Actual Total Time": 8.352, "Actual Rows": 41840, "Actual Loops": 1, "Index Cond": "(keyword_id = k.id)"}]}]}, {"Node Type": "Index Scan", "Parent Relationship": "Inner", "Scan Direction": "Forward", "Index Name": "movie_id_movie_companies", "Relation Name": "movie_companies", "Alias": "mc", "Startup Cost": 0.0, "Total Cost": 0.31, "Plan Rows": 2, "Plan Width": 8, "Actual Startup Time": 176.45, "Actual Total Time": 259.319, "Actual Rows": 148552, "Actual Loops": 41840, "Index Cond": "(movie_id = mk.movie_id)", "Rows Removed by Index Recheck": 0}]}, {"Node Type": "Index Scan", "Parent Relationship": "Inner", "Scan Direction": "Forward", "Index Name": "company_name_pkey", "Relation Name": "company_name", "Alias": "cn", "Startup Cost": 0.0, "Total Cost": 0.28, "Plan Rows": 1, "Plan Width": 4, "Actual Startup Time": 563.789, "Actual Total Time": 563.789, "Actual Rows": 5228, "Actual Loops": 148552, "Index Cond": "(id = mc.company_id)", "Rows Removed by Index Recheck": 0, "Filter": "((country_code)::text = '[nl]'::text)", "Rows Removed by Filter": 143324}]}, {"Node Type": "Index Scan", "Parent Relationship": "Inner", "Scan Direction": "Forward", "Index Name": "title_pkey", "Relation Name": "title", "Alias": "t", "Startup Cost": 0.0, "Total Cost": 0.31, "Plan Rows": 1, "Plan Width": 21, "Actual Startup Time": 26.892, "Actual Total Time": 26.892, "Actual Rows": 5228, "Actual Loops": 5228, "Index Cond": "(id = mk.movie_id)", "Rows Removed by Index Recheck": 0}]}]}, "Triggers": [], "Planner Runtime": 11.909, "Total Runtime": 1183.878, "Unique SQL Id": 2804875951}}, "(16, '22')": {"explain_plan": {"Plan": {"Node Type": "Aggregate", "Strategy": "Plain", "Startup Cost": 3019.97, "Total Cost": 3019.98, "Plan Rows": 1, "Plan Width": 49, "Plans": [{"Node Type": "Nested Loop", "Parent Relationship": "Outer", "Join Type": "Inner", "Startup Cost": 5.3, "Total Cost": 3019.97, "Plan Rows": 2, "Plan Width": 17, "Inner Unique": true, "Join Filter": "(mc.movie_id = t.id)", "Plans": [{"Node Type": "Nested Loop", "Parent Relationship": "Outer", "Join Type": "Inner", "Startup Cost": 5.04, "Total Cost": 3011.39, "Plan Rows": 2, "Plan Width": 8, "Inner Unique": true, "Plans": [{"Node Type": "Nested Loop", "Parent Relationship": "Outer", "Join Type": "Inner", "Startup Cost": 4.78, "Total Cost": 2711.55, "Plan Rows": 70, "Plan Width": 12, "Inner Unique": false, "Plans": [{"Node Type": "Nested Loop", "Parent Relationship": "Outer", "Join Type": "Inner", "Startup Cost": 4.51, "Total Cost": 2569.02, "Plan Rows": 33, "Plan Width": 4, "Inner Unique": false, "Plans": [{"Node Type": "Seq Scan", "Parent Relationship": "Outer", "Relation Name": "keyword", "Alias": "k", "Startup Cost": 0.0, "Total Cost": 2436.11, "Plan Rows": 1, "Plan Width": 4, "Filter": "((keyword)::text = 'character-name-in-title'::text)"}, {"Node Type": "Bitmap Heap Scan", "Parent Relationship": "Inner", "Relation Name": "movie_keyword", "Alias": "mk", "Startup Cost": 4.51, "Total Cost": 132.58, "Plan Rows": 33, "Plan Width": 8, "Recheck Cond": "(keyword_id = k.id)", "Plans": [{"Node Type": "Bitmap Index Scan", "Parent Relationship": "Outer", "Index Name": "keyword_id_movie_keyword", "Startup Cost": 0.0, "Total Cost": 4.5, "Plan Rows": 33, "Plan Width": 0, "Index Cond": "(keyword_id = k.id)"}]}]}, {"Node Type": "Bitmap Heap Scan", "Parent Relationship": "Inner", "Relation Name": "movie_companies", "Alias": "mc", "Startup Cost": 0.27, "Total Cost": 4.3, "Plan Rows": 2, "Plan Width": 8, "Recheck Cond": "(movie_id = mk.movie_id)", "Plans": [{"Node Type": "Bitmap Index Scan", "Parent Relationship": "Outer", "Index Name": "movie_id_movie_companies", "Startup Cost": 0.0, "Total Cost": 0.27, "Plan Rows": 2, "Plan Width": 0, "Index Cond": "(movie_id = mk.movie_id)"}]}]}, {"Node Type": "Bitmap Heap Scan", "Parent Relationship": "Inner", "Relation Name": "company_name", "Alias": "cn", "Startup Cost": 0.26, "Total Cost": 4.27, "Plan Rows": 1, "Plan Width": 4, "Recheck Cond": "(id = mc.company_id)", "Filter": "((country_code)::text = '[nl]'::text)", "Plans": [{"Node Type": "Bitmap Index Scan", "Parent Relationship": "Outer", "Index Name": "company_name_pkey", "Startup Cost": 0.0, "Total Cost": 0.26, "Plan Rows": 1, "Plan Width": 0, "Index Cond": "(id = mc.company_id)"}]}]}, {"Node Type": "Bitmap Heap Scan", "Parent Relationship": "Inner", "Relation Name": "title", "Alias": "t", "Startup Cost": 0.27, "Total Cost": 4.28, "Plan Rows": 1, "Plan Width": 21, "Recheck Cond": "(id = mk.movie_id)", "Plans": [{"Node Type": "Bitmap Index Scan", "Parent Relationship": "Outer", "Index Name": "title_pkey", "Startup Cost": 0.0, "Total Cost": 0.27, "Plan Rows": 1, "Plan Width": 0, "Index Cond": "(id = mk.movie_id)"}]}]}]}, "Unique SQL Id": 2804875951, "Planner Runtime": 6}, "explain_analyze_plan": {"Plan": {"Node Type": "Aggregate", "Strategy": "Plain", "Startup Cost": 3019.97, "Total Cost": 3019.98, "Plan Rows": 1, "Plan Width": 49, "Actual Startup Time": 1407.614, "Actual Total Time": 1407.615, "Actual Rows": 1, "Actual Loops": 1, "Plans": [{"Node Type": "Nested Loop", "Parent Relationship": "Outer", "Join Type": "Inner", "Startup Cost": 5.3, "Total Cost": 3019.97, "Plan Rows": 2, "Plan Width": 17, "Actual Startup Time": 16.178, "Actual Total Time": 1403.151, "Actual Rows": 5228, "Actual Loops": 1, "Inner Unique": true, "Join Filter": "(mc.movie_id = t.id)", "Rows Removed by Join Filter": 0, "Plans": [{"Node Type": "Nested Loop", "Parent Relationship": "Outer", "Join Type": "Inner", "Startup Cost": 5.04, "Total Cost": 3011.39, "Plan Rows": 2, "Plan Width": 8, "Actual Startup Time": 16.158, "Actual Total Time": 1365.668, "Actual Rows": 5228, "Actual Loops": 1, "Inner Unique": true, "Plans": [{"Node Type": "Nested Loop", "Parent Relationship": "Outer", "Join Type": "Inner", "Startup Cost": 4.78, "Total Cost": 2711.55, "Plan Rows": 70, "Plan Width": 12, "Actual Startup Time": 11.838, "Actual Total Time": 496.315, "Actual Rows": 148552, "Actual Loops": 1, "Inner Unique": false, "Plans": [{"Node Type": "Nested Loop", "Parent Relationship": "Outer", "Join Type": "Inner", "Startup Cost": 4.51, "Total Cost": 2569.02, "Plan Rows": 33, "Plan Width": 4, "Actual Startup Time": 11.8, "Actual Total Time": 100.005, "Actual Rows": 41840, "Actual Loops": 1, "Inner Unique": false, "Plans": [{"Node Type": "Seq Scan", "Parent Relationship": "Outer", "Relation Name": "keyword", "Alias": "k", "Startup Cost": 0.0, "Total Cost": 2436.11, "Plan Rows": 1, "Plan Width": 4, "Actual Startup Time": 1.772, "Actual Total Time": 40.559, "Actual Rows": 1, "Actual Loops": 1, "Filter": "((keyword)::text = 'character-name-in-title'::text)", "Rows Removed by Filter": 134168}, {"Node Type": "Bitmap Heap Scan", "Parent Relationship": "Inner", "Relation Name": "movie_keyword", "Alias": "mk", "Startup Cost": 4.51, "Total Cost": 132.58, "Plan Rows": 33, "Plan Width": 8, "Actual Startup Time": 10.022, "Actual Total Time": 50.222, "Actual Rows": 41840, "Actual Loops": 1, "Recheck Cond": "(keyword_id = k.id)", "Rows Removed by Index Recheck": 0, "Exact Heap Blocks": 9702, "Lossy Heap Blocks": 9702, "Plans": [{"Node Type": "Bitmap Index Scan", "Parent Relationship": "Outer", "Index Name": "keyword_id_movie_keyword", "Startup Cost": 0.0, "Total Cost": 4.5, "Plan Rows": 33, "Plan Width": 0, "Actual Startup Time": 8.253, "Actual Total Time": 8.253, "Actual Rows": 41840, "Actual Loops": 1, "Index Cond": "(keyword_id = k.id)"}]}]}, {"Node Type": "Bitmap Heap Scan", "Parent Relationship": "Inner", "Relation Name": "movie_companies", "Alias": "mc", "Startup Cost": 0.27, "Total Cost": 4.3, "Plan Rows": 2, "Plan Width": 8, "Actual Startup Time": 253.295, "Actual Total Time": 310.868, "Actual Rows": 148552, "Actual Loops": 41840, "Recheck Cond": "(movie_id = mk.movie_id)", "Rows Removed by Index Recheck": 0, "Exact Heap Blocks": 62638, "Lossy Heap Blocks": 62638, "Plans": [{"Node Type": "Bitmap Index Scan", "Parent Relationship": "Outer", "Index Name": "movie_id_movie_companies", "Startup Cost": 0.0, "Total Cost": 0.27, "Plan Rows": 2, "Plan Width": 0, "Actual Startup Time": 156.576, "Actual Total Time": 156.576, "Actual Rows": 148552, "Actual Loops": 41840, "Index Cond": "(movie_id = mk.movie_id)"}]}]}, {"Node Type": "Bitmap Heap Scan", "Parent Relationship": "Inner", "Relation Name": "company_name", "Alias": "cn", "Startup Cost": 0.26, "Total Cost": 4.27, "Plan Rows": 1, "Plan Width": 4, "Actual Startup Time": 699.973, "Actual Total Time": 699.973, "Actual Rows": 5228, "Actual Loops": 148552, "Recheck Cond": "(id = mc.company_id)", "Rows Removed by Index Recheck": 0, "Filter": "((country_code)::text = '[nl]'::text)", "Rows Removed by Filter": 143324, "Exact Heap Blocks": 148552, "Lossy Heap Blocks": 148552, "Plans": [{"Node Type": "Bitmap Index Scan", "Parent Relationship": "Outer", "Index Name": "company_name_pkey", "Startup Cost": 0.0, "Total Cost": 0.26, "Plan Rows": 1, "Plan Width": 0, "Actual Startup Time": 386.659, "Actual Total Time": 386.659, "Actual Rows": 148552, "Actual Loops": 148552, "Index Cond": "(id = mc.company_id)"}]}]}, {"Node Type": "Bitmap Heap Scan", "Parent Relationship": "Inner", "Relation Name": "title", "Alias": "t", "Startup Cost": 0.27, "Total Cost": 4.28, "Plan Rows": 1, "Plan Width": 21, "Actual Startup Time": 28.495, "Actual Total Time": 28.495, "Actual Rows": 5228, "Actual Loops": 5228, "Recheck Cond": "(id = mk.movie_id)", "Rows Removed by Index Recheck": 0, "Exact Heap Blocks": 5228, "Lossy Heap Blocks": 5228, "Plans": [{"Node Type": "Bitmap Index Scan", "Parent Relationship": "Outer", "Index Name": "title_pkey", "Startup Cost": 0.0, "Total Cost": 0.27, "Plan Rows": 1, "Plan Width": 0, "Actual Startup Time": 17.109, "Actual Total Time": 17.109, "Actual Rows": 5228, "Actual Loops": 5228, "Index Cond": "(id = mk.movie_id)"}]}]}]}, "Triggers": [], "Planner Runtime": 15.864, "Total Runtime": 1408.006, "Unique SQL Id": 2804875951}}, "(16, '23')": {"explain_plan": {"Plan": {"Node Type": "Aggregate", "Strategy": "Plain", "Startup Cost": 3739.07, "Total Cost": 3739.08, "Plan Rows": 1, "Plan Width": 49, "Plans": [{"Node Type": "Nested Loop", "Parent Relationship": "Outer", "Join Type": "Inner", "Startup Cost": 724.4, "Total Cost": 3739.06, "Plan Rows": 2, "Plan Width": 17, "Inner Unique": true, "Join Filter": "(mc.movie_id = t.id)", "Plans": [{"Node Type": "Nested Loop", "Parent Relationship": "Outer", "Join Type": "Inner", "Startup Cost": 724.13, "Total Cost": 3730.48, "Plan Rows": 2, "Plan Width": 8, "Inner Unique": true, "Plans": [{"Node Type": "Nested Loop", "Parent Relationship": "Outer", "Join Type": "Inner", "Startup Cost": 723.87, "Total Cost": 3430.65, "Plan Rows": 70, "Plan Width": 12, "Inner Unique": false, "Plans": [{"Node Type": "Nested Loop", "Parent Relationship": "Outer", "Join Type": "Inner", "Startup Cost": 723.6, "Total Cost": 3288.12, "Plan Rows": 33, "Plan Width": 4, "Inner Unique": false, "Plans": [{"Node Type": "Bitmap Heap Scan", "Parent Relationship": "Outer", "Relation Name": "keyword", "Alias": "k", "Startup Cost": 719.1, "Total Cost": 3155.21, "Plan Rows": 1, "Plan Width": 4, "Filter": "((keyword)::text = 'character-name-in-title'::text)", "Plans": [{"Node Type": "Bitmap Index Scan", "Parent Relationship": "Outer", "Index Name": "keyword_pkey", "Startup Cost": 0.0, "Total Cost": 719.1, "Plan Rows": 134169, "Plan Width": 0}]}, {"Node Type": "Bitmap Heap Scan", "Parent Relationship": "Inner", "Relation Name": "movie_keyword", "Alias": "mk", "Startup Cost": 4.51, "Total Cost": 132.58, "Plan Rows": 33, "Plan Width": 8, "Recheck Cond": "(keyword_id = k.id)", "Plans": [{"Node Type": "Bitmap Index Scan", "Parent Relationship": "Outer", "Index Name": "keyword_id_movie_keyword", "Startup Cost": 0.0, "Total Cost": 4.5, "Plan Rows": 33, "Plan Width": 0, "Index Cond": "(keyword_id = k.id)"}]}]}, {"Node Type": "Bitmap Heap Scan", "Parent Relationship": "Inner", "Relation Name": "movie_companies", "Alias": "mc", "Startup Cost": 0.27, "Total Cost": 4.3, "Plan Rows": 2, "Plan Width": 8, "Recheck Cond": "(movie_id = mk.movie_id)", "Plans": [{"Node Type": "Bitmap Index Scan", "Parent Relationship": "Outer", "Index Name": "movie_id_movie_companies", "Startup Cost": 0.0, "Total Cost": 0.27, "Plan Rows": 2, "Plan Width": 0, "Index Cond": "(movie_id = mk.movie_id)"}]}]}, {"Node Type": "Bitmap Heap Scan", "Parent Relationship": "Inner", "Relation Name": "company_name", "Alias": "cn", "Startup Cost": 0.26, "Total Cost": 4.27, "Plan Rows": 1, "Plan Width": 4, "Recheck Cond": "(id = mc.company_id)", "Filter": "((country_code)::text = '[nl]'::text)", "Plans": [{"Node Type": "Bitmap Index Scan", "Parent Relationship": "Outer", "Index Name": "company_name_pkey", "Startup Cost": 0.0, "Total Cost": 0.26, "Plan Rows": 1, "Plan Width": 0, "Index Cond": "(id = mc.company_id)"}]}]}, {"Node Type": "Bitmap Heap Scan", "Parent Relationship": "Inner", "Relation Name": "title", "Alias": "t", "Startup Cost": 0.27, "Total Cost": 4.28, "Plan Rows": 1, "Plan Width": 21, "Recheck Cond": "(id = mk.movie_id)", "Plans": [{"Node Type": "Bitmap Index Scan", "Parent Relationship": "Outer", "Index Name": "title_pkey", "Startup Cost": 0.0, "Total Cost": 0.27, "Plan Rows": 1, "Plan Width": 0, "Index Cond": "(id = mk.movie_id)"}]}]}]}, "Unique SQL Id": 2804875951, "Planner Runtime": 6}, "explain_analyze_plan": {"Plan": {"Node Type": "Aggregate", "Strategy": "Plain", "Startup Cost": 3739.07, "Total Cost": 3739.08, "Plan Rows": 1, "Plan Width": 49, "Actual Startup Time": 1387.145, "Actual Total Time": 1387.146, "Actual Rows": 1, "Actual Loops": 1, "Plans": [{"Node Type": "Nested Loop", "Parent Relationship": "Outer", "Join Type": "Inner", "Startup Cost": 724.4, "Total Cost": 3739.06, "Plan Rows": 2, "Plan Width": 17, "Actual Startup Time": 25.648, "Actual Total Time": 1382.175, "Actual Rows": 5228, "Actual Loops": 1, "Inner Unique": true, "Join Filter": "(mc.movie_id = t.id)", "Rows Removed by Join Filter": 0, "Plans": [{"Node Type": "Nested Loop", "Parent Relationship": "Outer", "Join Type": "Inner", "Startup Cost": 724.13, "Total Cost": 3730.48, "Plan Rows": 2, "Plan Width": 8, "Actual Startup Time": 25.627, "Actual Total Time": 1347.061, "Actual Rows": 5228, "Actual Loops": 1, "Inner Unique": true, "Plans": [{"Node Type": "Nested Loop", "Parent Relationship": "Outer", "Join Type": "Inner", "Startup Cost": 723.87, "Total Cost": 3430.65, "Plan Rows": 70, "Plan Width": 12, "Actual Startup Time": 21.56, "Actual Total Time": 492.049, "Actual Rows": 148552, "Actual Loops": 1, "Inner Unique": false, "Plans": [{"Node Type": "Nested Loop", "Parent Relationship": "Outer", "Join Type": "Inner", "Startup Cost": 723.6, "Total Cost": 3288.12, "Plan Rows": 33, "Plan Width": 4, "Actual Startup Time": 21.524, "Actual Total Time": 111.574, "Actual Rows": 41840, "Actual Loops": 1, "Inner Unique": false, "Plans": [{"Node Type": "Bitmap Heap Scan", "Parent Relationship": "Outer", "Relation Name": "keyword", "Alias": "k", "Startup Cost": 719.1, "Total Cost": 3155.21, "Plan Rows": 1, "Plan Width": 4, "Actual Startup Time": 13.5, "Actual Total Time": 60.831, "Actual Rows": 1, "Actual Loops": 1, "Filter": "((keyword)::text = 'character-name-in-title'::text)", "Rows Removed by Filter": 134168, "Exact Heap Blocks": 759, "Lossy Heap Blocks": 759, "Plans": [{"Node Type": "Bitmap Index Scan", "Parent Relationship": "Outer", "Index Name": "keyword_pkey", "Startup Cost": 0.0, "Total Cost": 719.1, "Plan Rows": 134169, "Plan Width": 0, "Actual Startup Time": 11.196, "Actual Total Time": 11.196, "Actual Rows": 134169, "Actual Loops": 1}]}, {"Node Type": "Bitmap Heap Scan", "Parent Relationship": "Inner", "Relation Name": "movie_keyword", "Alias": "mk", "Startup Cost": 4.51, "Total Cost": 132.58, "Plan Rows": 33, "Plan Width": 8, "Actual Startup Time": 8.013, "Actual Total Time": 41.471, "Actual Rows": 41840, "Actual Loops": 1, "Recheck Cond": "(keyword_id = k.id)", "Rows Removed by Index Recheck": 0, "Exact Heap Blocks": 9702, "Lossy Heap Blocks": 9702, "Plans": [{"Node Type": "Bitmap Index Scan", "Parent Relationship": "Outer", "Index Name": "keyword_id_movie_keyword", "Startup Cost": 0.0, "Total Cost": 4.5, "Plan Rows": 33, "Plan Width": 0, "Actual Startup Time": 6.272, "Actual Total Time": 6.272, "Actual Rows": 41840, "Actual Loops": 1, "Index Cond": "(keyword_id = k.id)"}]}]}, {"Node Type": "Bitmap Heap Scan", "Parent Relationship": "Inner", "Relation Name": "movie_companies", "Alias": "mc", "Startup Cost": 0.27, "Total Cost": 4.3, "Plan Rows": 2, "Plan Width": 8, "Actual Startup Time": 240.891, "Actual Total Time": 294.516, "Actual Rows": 148552, "Actual Loops": 41840, "Recheck Cond": "(movie_id = mk.movie_id)", "Rows Removed by Index Recheck": 0, "Exact Heap Blocks": 62638, "Lossy Heap Blocks": 62638, "Plans": [{"Node Type": "Bitmap Index Scan", "Parent Relationship": "Outer", "Index Name": "movie_id_movie_companies", "Startup Cost": 0.0, "Total Cost": 0.27, "Plan Rows": 2, "Plan Width": 0, "Actual Startup Time": 150.419, "Actual Total Time": 150.419, "Actual Rows": 148552, "Actual Loops": 41840, "Index Cond": "(movie_id = mk.movie_id)"}]}]}, {"Node Type": "Bitmap Heap Scan", "Parent Relationship": "Inner", "Relation Name": "company_name", "Alias": "cn", "Startup Cost": 0.26, "Total Cost": 4.27, "Plan Rows": 1, "Plan Width": 4, "Actual Startup Time": 685.084, "Actual Total Time": 685.084, "Actual Rows": 5228, "Actual Loops": 148552, "Recheck Cond": "(id = mc.company_id)", "Rows Removed by Index Recheck": 0, "Filter": "((country_code)::text = '[nl]'::text)", "Rows Removed by Filter": 143324, "Exact Heap Blocks": 148552, "Lossy Heap Blocks": 148552, "Plans": [{"Node Type": "Bitmap Index Scan", "Parent Relationship": "Outer", "Index Name": "company_name_pkey", "Startup Cost": 0.0, "Total Cost": 0.26, "Plan Rows": 1, "Plan Width": 0, "Actual Startup Time": 382.826, "Actual Total Time": 382.826, "Actual Rows": 148552, "Actual Loops": 148552, "Index Cond": "(id = mc.company_id)"}]}]}, {"Node Type": "Bitmap Heap Scan", "Parent Relationship": "Inner", "Relation Name": "title", "Alias": "t", "Startup Cost": 0.27, "Total Cost": 4.28, "Plan Rows": 1, "Plan Width": 21, "Actual Startup Time": 25.907, "Actual Total Time": 25.907, "Actual Rows": 5228, "Actual Loops": 5228, "Recheck Cond": "(id = mk.movie_id)", "Rows Removed by Index Recheck": 0, "Exact Heap Blocks": 5228, "Lossy Heap Blocks": 5228, "Plans": [{"Node Type": "Bitmap Index Scan", "Parent Relationship": "Outer", "Index Name": "title_pkey", "Startup Cost": 0.0, "Total Cost": 0.27, "Plan Rows": 1, "Plan Width": 0, "Actual Startup Time": 16.062, "Actual Total Time": 16.062, "Actual Rows": 5228, "Actual Loops": 5228, "Index Cond": "(id = mk.movie_id)"}]}]}]}, "Triggers": [], "Planner Runtime": 8.607, "Total Runtime": 1387.489, "Unique SQL Id": 2804875951}}, "(16, '24')": {"explain_plan": {"Plan": {"Node Type": "Aggregate", "Strategy": "Plain", "Startup Cost": 2605.07, "Total Cost": 2605.08, "Plan Rows": 1, "Plan Width": 49, "Plans": [{"Node Type": "Nested Loop", "Parent Relationship": "Outer", "Join Type": "Inner", "Startup Cost": 0.0, "Total Cost": 2605.07, "Plan Rows": 2, "Plan Width": 17, "Inner Unique": true, "Join Filter": "(mc.movie_id = t.id)", "Plans": [{"Node Type": "Nested Loop", "Parent Relationship": "Outer", "Join Type": "Inner", "Startup Cost": 0.0, "Total Cost": 2604.42, "Plan Rows": 2, "Plan Width": 8, "Inner Unique": true, "Plans": [{"Node Type": "Nested Loop", "Parent Relationship": "Outer", "Join Type": "Inner", "Startup Cost": 0.0, "Total Cost": 2584.29, "Plan Rows": 70, "Plan Width": 12, "Inner Unique": false, "Plans": [{"Node Type": "Nested Loop", "Parent Relationship": "Outer", "Join Type": "Inner", "Startup Cost": 0.0, "Total Cost": 2573.32, "Plan Rows": 33, "Plan Width": 4, "Inner Unique": false, "Plans": [{"Node Type": "Seq Scan", "Parent Relationship": "Outer", "Relation Name": "keyword", "Alias": "k", "Startup Cost": 0.0, "Total Cost": 2436.11, "Plan Rows": 1, "Plan Width": 4, "Filter": "((keyword)::text = 'character-name-in-title'::text)"}, {"Node Type": "Index Scan", "Parent Relationship": "Inner", "Scan Direction": "Forward", "Index Name": "keyword_id_movie_keyword", "Relation Name": "movie_keyword", "Alias": "mk", "Startup Cost": 0.0, "Total Cost": 136.88, "Plan Rows": 33, "Plan Width": 8, "Index Cond": "(keyword_id = k.id)"}]}, {"Node Type": "Index Scan", "Parent Relationship": "Inner", "Scan Direction": "Forward", "Index Name": "movie_id_movie_companies", "Relation Name": "movie_companies", "Alias": "mc", "Startup Cost": 0.0, "Total Cost": 0.31, "Plan Rows": 2, "Plan Width": 8, "Index Cond": "(movie_id = mk.movie_id)"}]}, {"Node Type": "Index Scan", "Parent Relationship": "Inner", "Scan Direction": "Forward", "Index Name": "company_name_pkey", "Relation Name": "company_name", "Alias": "cn", "Startup Cost": 0.0, "Total Cost": 0.28, "Plan Rows": 1, "Plan Width": 4, "Index Cond": "(id = mc.company_id)", "Filter": "((country_code)::text = '[nl]'::text)"}]}, {"Node Type": "Index Scan", "Parent Relationship": "Inner", "Scan Direction": "Forward", "Index Name": "title_pkey", "Relation Name": "title", "Alias": "t", "Startup Cost": 0.0, "Total Cost": 0.31, "Plan Rows": 1, "Plan Width": 21, "Index Cond": "(id = mk.movie_id)"}]}]}, "Unique SQL Id": 2804875951, "Planner Runtime": 6}, "explain_analyze_plan": {"Plan": {"Node Type": "Aggregate", "Strategy": "Plain", "Startup Cost": 2605.07, "Total Cost": 2605.08, "Plan Rows": 1, "Plan Width": 49, "Actual Startup Time": 1003.672, "Actual Total Time": 1003.673, "Actual Rows": 1, "Actual Loops": 1, "Plans": [{"Node Type": "Nested Loop", "Parent Relationship": "Outer", "Join Type": "Inner", "Startup Cost": 0.0, "Total Cost": 2605.07, "Plan Rows": 2, "Plan Width": 17, "Actual Startup Time": 4.721, "Actual Total Time": 1000.415, "Actual Rows": 5228, "Actual Loops": 1, "Inner Unique": true, "Join Filter": "(mc.movie_id = t.id)", "Rows Removed by Join Filter": 0, "Plans": [{"Node Type": "Nested Loop", "Parent Relationship": "Outer", "Join Type": "Inner", "Startup Cost": 0.0, "Total Cost": 2604.42, "Plan Rows": 2, "Plan Width": 8, "Actual Startup Time": 4.708, "Actual Total Time": 973.99, "Actual Rows": 5228, "Actual Loops": 1, "Inner Unique": true, "Plans": [{"Node Type": "Nested Loop", "Parent Relationship": "Outer", "Join Type": "Inner", "Startup Cost": 0.0, "Total Cost": 2584.29, "Plan Rows": 70, "Plan Width": 12, "Actual Startup Time": 1.809, "Actual Total Time": 358.696, "Actual Rows": 148552, "Actual Loops": 1, "Inner Unique": false, "Plans": [{"Node Type": "Nested Loop", "Parent Relationship": "Outer", "Join Type": "Inner", "Startup Cost": 0.0, "Total Cost": 2573.32, "Plan Rows": 33, "Plan Width": 4, "Actual Startup Time": 1.792, "Actual Total Time": 86.929, "Actual Rows": 41840, "Actual Loops": 1, "Inner Unique": false, "Plans": [{"Node Type": "Seq Scan", "Parent Relationship": "Outer", "Relation Name": "keyword", "Alias": "k", "Startup Cost": 0.0, "Total Cost": 2436.11, "Plan Rows": 1, "Plan Width": 4, "Actual Startup Time": 1.768, "Actual Total Time": 41.894, "Actual Rows": 1, "Actual Loops": 1, "Filter": "((keyword)::text = 'character-name-in-title'::text)", "Rows Removed by Filter": 134168}, {"Node Type": "Index Scan", "Parent Relationship": "Inner", "Scan Direction": "Forward", "Index Name": "keyword_id_movie_keyword", "Relation Name": "movie_keyword", "Alias": "mk", "Startup Cost": 0.0, "Total Cost": 136.88, "Plan Rows": 33, "Plan Width": 8, "Actual Startup Time": 0.02, "Actual Total Time": 35.59, "Actual Rows": 41840, "Actual Loops": 1, "Index Cond": "(keyword_id = k.id)", "Rows Removed by Index Recheck": 0}]}, {"Node Type": "Index Scan", "Parent Relationship": "Inner", "Scan Direction": "Forward", "Index Name": "movie_id_movie_companies", "Relation Name": "movie_companies", "Alias": "mc", "Startup Cost": 0.0, "Total Cost": 0.31, "Plan Rows": 2, "Plan Width": 8, "Actual Startup Time": 145.322, "Actual Total Time": 215.961, "Actual Rows": 148552, "Actual Loops": 41840, "Index Cond": "(movie_id = mk.movie_id)", "Rows Removed by Index Recheck": 0}]}, {"Node Type": "Index Scan", "Parent Relationship": "Inner", "Scan Direction": "Forward", "Index Name": "company_name_pkey", "Relation Name": "company_name", "Alias": "cn", "Startup Cost": 0.0, "Total Cost": 0.28, "Plan Rows": 1, "Plan Width": 4, "Actual Startup Time": 543.353, "Actual Total Time": 543.353, "Actual Rows": 5228, "Actual Loops": 148552, "Index Cond": "(id = mc.company_id)", "Rows Removed by Index Recheck": 0, "Filter": "((country_code)::text = '[nl]'::text)", "Rows Removed by Filter": 143324}]}, {"Node Type": "Index Scan", "Parent Relationship": "Inner", "Scan Direction": "Forward", "Index Name": "title_pkey", "Relation Name": "title", "Alias": "t", "Startup Cost": 0.0, "Total Cost": 0.31, "Plan Rows": 1, "Plan Width": 21, "Actual Startup Time": 20.597, "Actual Total Time": 20.597, "Actual Rows": 5228, "Actual Loops": 5228, "Index Cond": "(id = mk.movie_id)", "Rows Removed by Index Recheck": 0}]}]}, "Triggers": [], "Planner Runtime": 10.364, "Total Runtime": 1003.955, "Unique SQL Id": 2804875951}}, "(16, '25')": {"explain_plan": {"Plan": {"Node Type": "Aggregate", "Strategy": "Plain", "Startup Cost": 3351.67, "Total Cost": 3351.68, "Plan Rows": 1, "Plan Width": 49, "Plans": [{"Node Type": "Nested Loop", "Parent Relationship": "Outer", "Join Type": "Inner", "Startup Cost": 0.0, "Total Cost": 3351.67, "Plan Rows": 2, "Plan Width": 17, "Inner Unique": true, "Join Filter": "(mc.movie_id = t.id)", "Plans": [{"Node Type": "Nested Loop", "Parent Relationship": "Outer", "Join Type": "Inner", "Startup Cost": 0.0, "Total Cost": 3351.03, "Plan Rows": 2, "Plan Width": 8, "Inner Unique": true, "Plans": [{"Node Type": "Nested Loop", "Parent Relationship": "Outer", "Join Type": "Inner", "Startup Cost": 0.0, "Total Cost": 3330.89, "Plan Rows": 70, "Plan Width": 12, "Inner Unique": false, "Plans": [{"Node Type": "Nested Loop", "Parent Relationship": "Outer", "Join Type": "Inner", "Startup Cost": 0.0, "Total Cost": 3319.92, "Plan Rows": 33, "Plan Width": 4, "Inner Unique": false, "Plans": [{"Node Type": "Index Scan", "Parent Relationship": "Outer", "Scan Direction": "Forward", "Index Name": "keyword_pkey", "Relation Name": "keyword", "Alias": "k", "Startup Cost": 0.0, "Total Cost": 3182.72, "Plan Rows": 1, "Plan Width": 4, "Filter": "((keyword)::text = 'character-name-in-title'::text)"}, {"Node Type": "Index Scan", "Parent Relationship": "Inner", "Scan Direction": "Forward", "Index Name": "keyword_id_movie_keyword", "Relation Name": "movie_keyword", "Alias": "mk", "Startup Cost": 0.0, "Total Cost": 136.88, "Plan Rows": 33, "Plan Width": 8, "Index Cond": "(keyword_id = k.id)"}]}, {"Node Type": "Index Scan", "Parent Relationship": "Inner", "Scan Direction": "Forward", "Index Name": "movie_id_movie_companies", "Relation Name": "movie_companies", "Alias": "mc", "Startup Cost": 0.0, "Total Cost": 0.31, "Plan Rows": 2, "Plan Width": 8, "Index Cond": "(movie_id = mk.movie_id)"}]}, {"Node Type": "Index Scan", "Parent Relationship": "Inner", "Scan Direction": "Forward", "Index Name": "company_name_pkey", "Relation Name": "company_name", "Alias": "cn", "Startup Cost": 0.0, "Total Cost": 0.28, "Plan Rows": 1, "Plan Width": 4, "Index Cond": "(id = mc.company_id)", "Filter": "((country_code)::text = '[nl]'::text)"}]}, {"Node Type": "Index Scan", "Parent Relationship": "Inner", "Scan Direction": "Forward", "Index Name": "title_pkey", "Relation Name": "title", "Alias": "t", "Startup Cost": 0.0, "Total Cost": 0.31, "Plan Rows": 1, "Plan Width": 21, "Index Cond": "(id = mk.movie_id)"}]}]}, "Unique SQL Id": 2804875951, "Planner Runtime": 6}, "explain_analyze_plan": {"Plan": {"Node Type": "Aggregate", "Strategy": "Plain", "Startup Cost": 3351.67, "Total Cost": 3351.68, "Plan Rows": 1, "Plan Width": 49, "Actual Startup Time": 1115.49, "Actual Total Time": 1115.49, "Actual Rows": 1, "Actual Loops": 1, "Plans": [{"Node Type": "Nested Loop", "Parent Relationship": "Outer", "Join Type": "Inner", "Startup Cost": 0.0, "Total Cost": 3351.67, "Plan Rows": 2, "Plan Width": 17, "Actual Startup Time": 3.24, "Actual Total Time": 1112.359, "Actual Rows": 5228, "Actual Loops": 1, "Inner Unique": true, "Join Filter": "(mc.movie_id = t.id)", "Rows Removed by Join Filter": 0, "Plans": [{"Node Type": "Nested Loop", "Parent Relationship": "Outer", "Join Type": "Inner", "Startup Cost": 0.0, "Total Cost": 3351.03, "Plan Rows": 2, "Plan Width": 8, "Actual Startup Time": 3.226, "Actual Total Time": 1085.159, "Actual Rows": 5228, "Actual Loops": 1, "Inner Unique": true, "Plans": [{"Node Type": "Nested Loop", "Parent Relationship": "Outer", "Join Type": "Inner", "Startup Cost": 0.0, "Total Cost": 3330.89, "Plan Rows": 70, "Plan Width": 12, "Actual Startup Time": 0.236, "Actual Total Time": 447.681, "Actual Rows": 148552, "Actual Loops": 1, "Inner Unique": false, "Plans": [{"Node Type": "Nested Loop", "Parent Relationship": "Outer", "Join Type": "Inner", "Startup Cost": 0.0, "Total Cost": 3319.92, "Plan Rows": 33, "Plan Width": 4, "Actual Startup Time": 0.221, "Actual Total Time": 168.712, "Actual Rows": 41840, "Actual Loops": 1, "Inner Unique": false, "Plans": [{"Node Type": "Index Scan", "Parent Relationship": "Outer", "Scan Direction": "Forward", "Index Name": "keyword_pkey", "Relation Name": "keyword", "Alias": "k", "Startup Cost": 0.0, "Total Cost": 3182.72, "Plan Rows": 1, "Plan Width": 4, "Actual Startup Time": 0.203, "Actual Total Time": 122.802, "Actual Rows": 1, "Actual Loops": 1, "Filter": "((keyword)::text = 'character-name-in-title'::text)", "Rows Removed by Filter": 134168}, {"Node Type": "Index Scan", "Parent Relationship": "Inner", "Scan Direction": "Forward", "Index Name": "keyword_id_movie_keyword", "Relation Name": "movie_keyword", "Alias": "mk", "Startup Cost": 0.0, "Total Cost": 136.88, "Plan Rows": 33, "Plan Width": 8, "Actual Startup Time": 0.013, "Actual Total Time": 36.759, "Actual Rows": 41840, "Actual Loops": 1, "Index Cond": "(keyword_id = k.id)", "Rows Removed by Index Recheck": 0}]}, {"Node Type": "Index Scan", "Parent Relationship": "Inner", "Scan Direction": "Forward", "Index Name": "movie_id_movie_companies", "Relation Name": "movie_companies", "Alias": "mc", "Startup Cost": 0.0, "Total Cost": 0.31, "Plan Rows": 2, "Plan Width": 8, "Actual Startup Time": 150.509, "Actual Total Time": 222.921, "Actual Rows": 148552, "Actual Loops": 41840, "Index Cond": "(movie_id = mk.movie_id)", "Rows Removed by Index Recheck": 0}]}, {"Node Type": "Index Scan", "Parent Relationship": "Inner", "Scan Direction": "Forward", "Index Name": "company_name_pkey", "Relation Name": "company_name", "Alias": "cn", "Startup Cost": 0.0, "Total Cost": 0.28, "Plan Rows": 1, "Plan Width": 4, "Actual Startup Time": 564.52, "Actual Total Time": 564.52, "Actual Rows": 5228, "Actual Loops": 148552, "Index Cond": "(id = mc.company_id)", "Rows Removed by Index Recheck": 0, "Filter": "((country_code)::text = '[nl]'::text)", "Rows Removed by Filter": 143324}]}, {"Node Type": "Index Scan", "Parent Relationship": "Inner", "Scan Direction": "Forward", "Index Name": "title_pkey", "Relation Name": "title", "Alias": "t", "Startup Cost": 0.0, "Total Cost": 0.31, "Plan Rows": 1, "Plan Width": 21, "Actual Startup Time": 21.443, "Actual Total Time": 21.443, "Actual Rows": 5228, "Actual Loops": 5228, "Index Cond": "(id = mk.movie_id)", "Rows Removed by Index Recheck": 0}]}]}, "Triggers": [], "Planner Runtime": 9.9, "Total Runtime": 1115.761, "Unique SQL Id": 2804875951}}, "(16, '26')": {"explain_plan": {"Plan": {"Node Type": "Aggregate", "Strategy": "Plain", "Startup Cost": 149170.95, "Total Cost": 149170.97, "Plan Rows": 1, "Plan Width": 49, "Plans": [{"Node Type": "Streaming(type: LOCAL GATHER dop: 1/16)", "Parent Relationship": "Outer", "Startup Cost": 149170.95, "Total Cost": 149170.97, "Plan Rows": 1, "Plan Width": 49, "Plans": [{"Node Type": "Aggregate", "Strategy": "Plain", "Parent Relationship": "Outer", "Startup Cost": 149170.95, "Total Cost": 149170.96, "Plan Rows": 1, "Plan Width": 49, "Plans": [{"Node Type": "Nested Loop", "Parent Relationship": "Outer", "Join Type": "Inner", "Startup Cost": 0.0, "Total Cost": 149170.94, "Plan Rows": 2, "Plan Width": 17, "Inner Unique": false, "Join Filter": "(mc.movie_id = t.id)", "Plans": [{"Node Type": "Seq Scan", "Parent Relationship": "Outer", "Relation Name": "title", "Alias": "t", "Startup Cost": 0.0, "Total Cost": 18754.32, "Plan Rows": 2528311, "Plan Width": 21}, {"Node Type": "Materialize", "Parent Relationship": "Inner", "Startup Cost": 0.0, "Total Cost": 125676.05, "Plan Rows": 32, "Plan Width": 8, "Plans": [{"Node Type": "Streaming(type: BROADCAST dop: 16/1)", "Parent Relationship": "Outer", "Startup Cost": 0.0, "Total Cost": 125676.04, "Plan Rows": 32, "Plan Width": 8, "Plans": [{"Node Type": "Nested Loop", "Parent Relationship": "Outer", "Join Type": "Inner", "Startup Cost": 0.0, "Total Cost": 110675.35, "Plan Rows": 2, "Plan Width": 8, "Inner Unique": false, "Join Filter": "(mc.company_id = cn.id)", "Plans": [{"Node Type": "Seq Scan", "Parent Relationship": "Outer", "Relation Name": "company_name", "Alias": "cn", "Startup Cost": 0.0, "Total Cost": 5903.45, "Plan Rows": 2240, "Plan Width": 4, "Filter": "((country_code)::text = '[nl]'::text)"}, {"Node Type": "Materialize", "Parent Relationship": "Inner", "Startup Cost": 0.0, "Total Cost": 102420.07, "Plan Rows": 70, "Plan Width": 12, "Plans": [{"Node Type": "Streaming(type: LOCAL GATHER dop: 1/16)", "Parent Relationship": "Outer", "Startup Cost": 0.0, "Total Cost": 102419.72, "Plan Rows": 70, "Plan Width": 12, "Plans": [{"Node Type": "Nested Loop", "Parent Relationship": "Outer", "Join Type": "Inner", "Startup Cost": 0.0, "Total Cost": 102418.21, "Plan Rows": 70, "Plan Width": 12, "Inner Unique": false, "Join Filter": "(mk.movie_id = mc.movie_id)", "Plans": [{"Node Type": "Streaming(type: LOCAL REDISTRIBUTE dop: 16/16)", "Parent Relationship": "Outer", "Startup Cost": 0.0, "Total Cost": 42499.73, "Plan Rows": 2609128, "Plan Width": 8, "Plans": [{"Node Type": "Seq Scan", "Parent Relationship": "Outer", "Relation Name": "movie_companies", "Alias": "mc", "Startup Cost": 0.0, "Total Cost": 17613.58, "Plan Rows": 2609128, "Plan Width": 8}]}, {"Node Type": "Materialize", "Parent Relationship": "Inner", "Startup Cost": 0.0, "Total Cost": 54873.49, "Plan Rows": 33, "Plan Width": 4, "Plans": [{"Node Type": "Streaming(type: LOCAL REDISTRIBUTE dop: 16/16)", "Parent Relationship": "Outer", "Startup Cost": 0.0, "Total Cost": 54873.48, "Plan Rows": 33, "Plan Width": 4, "Plans": [{"Node Type": "Nested Loop", "Parent Relationship": "Outer", "Join Type": "Inner", "Startup Cost": 0.0, "Total Cost": 39873.36, "Plan Rows": 33, "Plan Width": 4, "Inner Unique": false, "Join Filter": "(k.id = mk.keyword_id)", "Plans": [{"Node Type": "Streaming(type: BROADCAST dop: 16/1)", "Parent Relationship": "Outer", "Startup Cost": 0.0, "Total Cost": 17436.46, "Plan Rows": 16, "Plan Width": 4, "Plans": [{"Node Type": "Seq Scan", "Parent Relationship": "Outer", "Relation Name": "keyword", "Alias": "k", "Startup Cost": 0.0, "Total Cost": 2436.11, "Plan Rows": 1, "Plan Width": 4, "Filter": "((keyword)::text = 'character-name-in-title'::text)"}]}, {"Node Type": "Seq Scan", "Parent Relationship": "Inner", "Relation Name": "movie_keyword", "Alias": "mk", "Startup Cost": 0.0, "Total Cost": 18902.58, "Plan Rows": 4523929, "Plan Width": 8}]}]}]}]}]}]}]}]}]}]}]}]}]}, "Unique SQL Id": 2804875951, "Planner Runtime": 4}, "explain_analyze_plan": null}, "(16, '27')": {"explain_plan": {"Plan": {"Node Type": "Aggregate", "Strategy": "Plain", "Startup Cost": 4999022085294.01, "Total Cost": 4999022085294.02, "Plan Rows": 1, "Plan Width": 49, "Plans": [{"Node Type": "Merge Join", "Parent Relationship": "Outer", "Join Type": "Inner", "Startup Cost": 50198067446.04, "Total Cost": 4999022085294.0, "Plan Rows": 2, "Plan Width": 17, "Inner Unique": true, "Merge Cond": "(mc.movie_id = t.id)", "Plans": [{"Node Type": "Nested Loop", "Parent Relationship": "Outer", "Join Type": "Inner", "Startup Cost": 40176139519.84, "Total Cost": 3999959841302.72, "Plan Rows": 2, "Plan Width": 8, "Inner Unique": true, "Join Filter": "(mk.keyword_id = k.id)", "Plans": [{"Node Type": "Merge Join", "Parent Relationship": "Outer", "Join Type": "Inner", "Startup Cost": 30176139519.84, "Total Cost": 2999959518949.43, "Plan Rows": 272107, "Plan Width": 12, "Inner Unique": false, "Merge Cond": "(mc.movie_id = mk.movie_id)", "Plans": [{"Node Type": "Nested Loop", "Parent Relationship": "Outer", "Join Type": "Inner", "Startup Cost": 20000000000.0, "Total Cost": 2000101768791.5, "Plan Rows": 33725, "Plan Width": 4, "Inner Unique": true, "Join Filter": "(cn.id = mc.company_id)", "Plans": [{"Node Type": "Index Scan", "Parent Relationship": "Outer", "Scan Direction": "Forward", "Index Name": "movie_id_movie_companies", "Relation Name": "movie_companies", "Alias": "mc", "Startup Cost": 10000000000.0, "Total Cost": 1000013051946.13, "Plan Rows": 2609128, "Plan Width": 8}, {"Node Type": "Materialize", "Parent Relationship": "Inner", "Startup Cost": 10000000000.0, "Total Cost": 1000001050150.17, "Plan Rows": 2240, "Plan Width": 4, "Plans": [{"Node Type": "Index Scan", "Parent Relationship": "Outer", "Scan Direction": "Forward", "Index Name": "company_name_pkey", "Relation Name": "company_name", "Alias": "cn", "Startup Cost": 10000000000.0, "Total Cost": 1000001050138.97, "Plan Rows": 2240, "Plan Width": 4, "Filter": "((country_code)::text = '[nl]'::text)"}]}]}, {"Node Type": "Index Scan", "Parent Relationship": "Inner", "Scan Direction": "Forward", "Index Name": "movie_id_movie_keyword", "Relation Name": "movie_keyword", "Alias": "mk", "Startup Cost": 10000000000.0, "Total Cost": 1000015300634.17, "Plan Rows": 4523929, "Plan Width": 8}]}, {"Node Type": "Materialize", "Parent Relationship": "Inner", "Startup Cost": 10000000000.0, "Total Cost": 1000000318271.69, "Plan Rows": 1, "Plan Width": 4, "Plans": [{"Node Type": "Index Scan", "Parent Relationship": "Outer", "Scan Direction": "Forward", "Index Name": "keyword_pkey", "Relation Name": "keyword", "Alias": "k", "Startup Cost": 10000000000.0, "Total Cost": 1000000318271.68, "Plan Rows": 1, "Plan Width": 4, "Filter": "((keyword)::text = 'character-name-in-title'::text)"}]}]}, {"Node Type": "Index Scan", "Parent Relationship": "Inner", "Scan Direction": "Forward", "Index Name": "title_pkey", "Relation Name": "title", "Alias": "t", "Startup Cost": 10000000000.0, "Total Cost": 1000011012048.91, "Plan Rows": 2528311, "Plan Width": 21}]}]}, "Unique SQL Id": 2804875951, "Planner Runtime": 14}, "explain_analyze_plan": null}, "(16, '28')": {"explain_plan": {"Plan": {"Node Type": "Aggregate", "Strategy": "Plain", "Startup Cost": 2605.07, "Total Cost": 2605.08, "Plan Rows": 1, "Plan Width": 49, "Plans": [{"Node Type": "Nested Loop", "Parent Relationship": "Outer", "Join Type": "Inner", "Startup Cost": 0.0, "Total Cost": 2605.07, "Plan Rows": 2, "Plan Width": 17, "Inner Unique": true, "Join Filter": "(mc.movie_id = t.id)", "Plans": [{"Node Type": "Nested Loop", "Parent Relationship": "Outer", "Join Type": "Inner", "Startup Cost": 0.0, "Total Cost": 2604.42, "Plan Rows": 2, "Plan Width": 8, "Inner Unique": true, "Plans": [{"Node Type": "Nested Loop", "Parent Relationship": "Outer", "Join Type": "Inner", "Startup Cost": 0.0, "Total Cost": 2584.29, "Plan Rows": 70, "Plan Width": 12, "Inner Unique": false, "Plans": [{"Node Type": "Nested Loop", "Parent Relationship": "Outer", "Join Type": "Inner", "Startup Cost": 0.0, "Total Cost": 2573.32, "Plan Rows": 33, "Plan Width": 4, "Inner Unique": false, "Plans": [{"Node Type": "Seq Scan", "Parent Relationship": "Outer", "Relation Name": "keyword", "Alias": "k", "Startup Cost": 0.0, "Total Cost": 2436.11, "Plan Rows": 1, "Plan Width": 4, "Filter": "((keyword)::text = 'character-name-in-title'::text)"}, {"Node Type": "Index Scan", "Parent Relationship": "Inner", "Scan Direction": "Forward", "Index Name": "keyword_id_movie_keyword", "Relation Name": "movie_keyword", "Alias": "mk", "Startup Cost": 0.0, "Total Cost": 136.88, "Plan Rows": 33, "Plan Width": 8, "Index Cond": "(keyword_id = k.id)"}]}, {"Node Type": "Index Scan", "Parent Relationship": "Inner", "Scan Direction": "Forward", "Index Name": "movie_id_movie_companies", "Relation Name": "movie_companies", "Alias": "mc", "Startup Cost": 0.0, "Total Cost": 0.31, "Plan Rows": 2, "Plan Width": 8, "Index Cond": "(movie_id = mk.movie_id)"}]}, {"Node Type": "Index Scan", "Parent Relationship": "Inner", "Scan Direction": "Forward", "Index Name": "company_name_pkey", "Relation Name": "company_name", "Alias": "cn", "Startup Cost": 0.0, "Total Cost": 0.28, "Plan Rows": 1, "Plan Width": 4, "Index Cond": "(id = mc.company_id)", "Filter": "((country_code)::text = '[nl]'::text)"}]}, {"Node Type": "Index Scan", "Parent Relationship": "Inner", "Scan Direction": "Forward", "Index Name": "title_pkey", "Relation Name": "title", "Alias": "t", "Startup Cost": 0.0, "Total Cost": 0.31, "Plan Rows": 1, "Plan Width": 21, "Index Cond": "(id = mk.movie_id)"}]}]}, "Unique SQL Id": 2804875951, "Planner Runtime": 6}, "explain_analyze_plan": {"Plan": {"Node Type": "Aggregate", "Strategy": "Plain", "Startup Cost": 2605.07, "Total Cost": 2605.08, "Plan Rows": 1, "Plan Width": 49, "Actual Startup Time": 1003.672, "Actual Total Time": 1003.673, "Actual Rows": 1, "Actual Loops": 1, "Plans": [{"Node Type": "Nested Loop", "Parent Relationship": "Outer", "Join Type": "Inner", "Startup Cost": 0.0, "Total Cost": 2605.07, "Plan Rows": 2, "Plan Width": 17, "Actual Startup Time": 4.721, "Actual Total Time": 1000.415, "Actual Rows": 5228, "Actual Loops": 1, "Inner Unique": true, "Join Filter": "(mc.movie_id = t.id)", "Rows Removed by Join Filter": 0, "Plans": [{"Node Type": "Nested Loop", "Parent Relationship": "Outer", "Join Type": "Inner", "Startup Cost": 0.0, "Total Cost": 2604.42, "Plan Rows": 2, "Plan Width": 8, "Actual Startup Time": 4.708, "Actual Total Time": 973.99, "Actual Rows": 5228, "Actual Loops": 1, "Inner Unique": true, "Plans": [{"Node Type": "Nested Loop", "Parent Relationship": "Outer", "Join Type": "Inner", "Startup Cost": 0.0, "Total Cost": 2584.29, "Plan Rows": 70, "Plan Width": 12, "Actual Startup Time": 1.809, "Actual Total Time": 358.696, "Actual Rows": 148552, "Actual Loops": 1, "Inner Unique": false, "Plans": [{"Node Type": "Nested Loop", "Parent Relationship": "Outer", "Join Type": "Inner", "Startup Cost": 0.0, "Total Cost": 2573.32, "Plan Rows": 33, "Plan Width": 4, "Actual Startup Time": 1.792, "Actual Total Time": 86.929, "Actual Rows": 41840, "Actual Loops": 1, "Inner Unique": false, "Plans": [{"Node Type": "Seq Scan", "Parent Relationship": "Outer", "Relation Name": "keyword", "Alias": "k", "Startup Cost": 0.0, "Total Cost": 2436.11, "Plan Rows": 1, "Plan Width": 4, "Actual Startup Time": 1.768, "Actual Total Time": 41.894, "Actual Rows": 1, "Actual Loops": 1, "Filter": "((keyword)::text = 'character-name-in-title'::text)", "Rows Removed by Filter": 134168}, {"Node Type": "Index Scan", "Parent Relationship": "Inner", "Scan Direction": "Forward", "Index Name": "keyword_id_movie_keyword", "Relation Name": "movie_keyword", "Alias": "mk", "Startup Cost": 0.0, "Total Cost": 136.88, "Plan Rows": 33, "Plan Width": 8, "Actual Startup Time": 0.02, "Actual Total Time": 35.59, "Actual Rows": 41840, "Actual Loops": 1, "Index Cond": "(keyword_id = k.id)", "Rows Removed by Index Recheck": 0}]}, {"Node Type": "Index Scan", "Parent Relationship": "Inner", "Scan Direction": "Forward", "Index Name": "movie_id_movie_companies", "Relation Name": "movie_companies", "Alias": "mc", "Startup Cost": 0.0, "Total Cost": 0.31, "Plan Rows": 2, "Plan Width": 8, "Actual Startup Time": 145.322, "Actual Total Time": 215.961, "Actual Rows": 148552, "Actual Loops": 41840, "Index Cond": "(movie_id = mk.movie_id)", "Rows Removed by Index Recheck": 0}]}, {"Node Type": "Index Scan", "Parent Relationship": "Inner", "Scan Direction": "Forward", "Index Name": "company_name_pkey", "Relation Name": "company_name", "Alias": "cn", "Startup Cost": 0.0, "Total Cost": 0.28, "Plan Rows": 1, "Plan Width": 4, "Actual Startup Time": 543.353, "Actual Total Time": 543.353, "Actual Rows": 5228, "Actual Loops": 148552, "Index Cond": "(id = mc.company_id)", "Rows Removed by Index Recheck": 0, "Filter": "((country_code)::text = '[nl]'::text)", "Rows Removed by Filter": 143324}]}, {"Node Type": "Index Scan", "Parent Relationship": "Inner", "Scan Direction": "Forward", "Index Name": "title_pkey", "Relation Name": "title", "Alias": "t", "Startup Cost": 0.0, "Total Cost": 0.31, "Plan Rows": 1, "Plan Width": 21, "Actual Startup Time": 20.597, "Actual Total Time": 20.597, "Actual Rows": 5228, "Actual Loops": 5228, "Index Cond": "(id = mk.movie_id)", "Rows Removed by Index Recheck": 0}]}]}, "Triggers": [], "Planner Runtime": 10.364, "Total Runtime": 1003.955, "Unique SQL Id": 2804875951}}, "(16, '29')": {"explain_plan": {"Plan": {"Node Type": "Aggregate", "Strategy": "Plain", "Startup Cost": 3351.67, "Total Cost": 3351.68, "Plan Rows": 1, "Plan Width": 49, "Plans": [{"Node Type": "Nested Loop", "Parent Relationship": "Outer", "Join Type": "Inner", "Startup Cost": 0.0, "Total Cost": 3351.67, "Plan Rows": 2, "Plan Width": 17, "Inner Unique": true, "Join Filter": "(mc.movie_id = t.id)", "Plans": [{"Node Type": "Nested Loop", "Parent Relationship": "Outer", "Join Type": "Inner", "Startup Cost": 0.0, "Total Cost": 3351.03, "Plan Rows": 2, "Plan Width": 8, "Inner Unique": true, "Plans": [{"Node Type": "Nested Loop", "Parent Relationship": "Outer", "Join Type": "Inner", "Startup Cost": 0.0, "Total Cost": 3330.89, "Plan Rows": 70, "Plan Width": 12, "Inner Unique": false, "Plans": [{"Node Type": "Nested Loop", "Parent Relationship": "Outer", "Join Type": "Inner", "Startup Cost": 0.0, "Total Cost": 3319.92, "Plan Rows": 33, "Plan Width": 4, "Inner Unique": false, "Plans": [{"Node Type": "Index Scan", "Parent Relationship": "Outer", "Scan Direction": "Forward", "Index Name": "keyword_pkey", "Relation Name": "keyword", "Alias": "k", "Startup Cost": 0.0, "Total Cost": 3182.72, "Plan Rows": 1, "Plan Width": 4, "Filter": "((keyword)::text = 'character-name-in-title'::text)"}, {"Node Type": "Index Scan", "Parent Relationship": "Inner", "Scan Direction": "Forward", "Index Name": "keyword_id_movie_keyword", "Relation Name": "movie_keyword", "Alias": "mk", "Startup Cost": 0.0, "Total Cost": 136.88, "Plan Rows": 33, "Plan Width": 8, "Index Cond": "(keyword_id = k.id)"}]}, {"Node Type": "Index Scan", "Parent Relationship": "Inner", "Scan Direction": "Forward", "Index Name": "movie_id_movie_companies", "Relation Name": "movie_companies", "Alias": "mc", "Startup Cost": 0.0, "Total Cost": 0.31, "Plan Rows": 2, "Plan Width": 8, "Index Cond": "(movie_id = mk.movie_id)"}]}, {"Node Type": "Index Scan", "Parent Relationship": "Inner", "Scan Direction": "Forward", "Index Name": "company_name_pkey", "Relation Name": "company_name", "Alias": "cn", "Startup Cost": 0.0, "Total Cost": 0.28, "Plan Rows": 1, "Plan Width": 4, "Index Cond": "(id = mc.company_id)", "Filter": "((country_code)::text = '[nl]'::text)"}]}, {"Node Type": "Index Scan", "Parent Relationship": "Inner", "Scan Direction": "Forward", "Index Name": "title_pkey", "Relation Name": "title", "Alias": "t", "Startup Cost": 0.0, "Total Cost": 0.31, "Plan Rows": 1, "Plan Width": 21, "Index Cond": "(id = mk.movie_id)"}]}]}, "Unique SQL Id": 2804875951, "Planner Runtime": 6}, "explain_analyze_plan": {"Plan": {"Node Type": "Aggregate", "Strategy": "Plain", "Startup Cost": 3351.67, "Total Cost": 3351.68, "Plan Rows": 1, "Plan Width": 49, "Actual Startup Time": 1115.49, "Actual Total Time": 1115.49, "Actual Rows": 1, "Actual Loops": 1, "Plans": [{"Node Type": "Nested Loop", "Parent Relationship": "Outer", "Join Type": "Inner", "Startup Cost": 0.0, "Total Cost": 3351.67, "Plan Rows": 2, "Plan Width": 17, "Actual Startup Time": 3.24, "Actual Total Time": 1112.359, "Actual Rows": 5228, "Actual Loops": 1, "Inner Unique": true, "Join Filter": "(mc.movie_id = t.id)", "Rows Removed by Join Filter": 0, "Plans": [{"Node Type": "Nested Loop", "Parent Relationship": "Outer", "Join Type": "Inner", "Startup Cost": 0.0, "Total Cost": 3351.03, "Plan Rows": 2, "Plan Width": 8, "Actual Startup Time": 3.226, "Actual Total Time": 1085.159, "Actual Rows": 5228, "Actual Loops": 1, "Inner Unique": true, "Plans": [{"Node Type": "Nested Loop", "Parent Relationship": "Outer", "Join Type": "Inner", "Startup Cost": 0.0, "Total Cost": 3330.89, "Plan Rows": 70, "Plan Width": 12, "Actual Startup Time": 0.236, "Actual Total Time": 447.681, "Actual Rows": 148552, "Actual Loops": 1, "Inner Unique": false, "Plans": [{"Node Type": "Nested Loop", "Parent Relationship": "Outer", "Join Type": "Inner", "Startup Cost": 0.0, "Total Cost": 3319.92, "Plan Rows": 33, "Plan Width": 4, "Actual Startup Time": 0.221, "Actual Total Time": 168.712, "Actual Rows": 41840, "Actual Loops": 1, "Inner Unique": false, "Plans": [{"Node Type": "Index Scan", "Parent Relationship": "Outer", "Scan Direction": "Forward", "Index Name": "keyword_pkey", "Relation Name": "keyword", "Alias": "k", "Startup Cost": 0.0, "Total Cost": 3182.72, "Plan Rows": 1, "Plan Width": 4, "Actual Startup Time": 0.203, "Actual Total Time": 122.802, "Actual Rows": 1, "Actual Loops": 1, "Filter": "((keyword)::text = 'character-name-in-title'::text)", "Rows Removed by Filter": 134168}, {"Node Type": "Index Scan", "Parent Relationship": "Inner", "Scan Direction": "Forward", "Index Name": "keyword_id_movie_keyword", "Relation Name": "movie_keyword", "Alias": "mk", "Startup Cost": 0.0, "Total Cost": 136.88, "Plan Rows": 33, "Plan Width": 8, "Actual Startup Time": 0.013, "Actual Total Time": 36.759, "Actual Rows": 41840, "Actual Loops": 1, "Index Cond": "(keyword_id = k.id)", "Rows Removed by Index Recheck": 0}]}, {"Node Type": "Index Scan", "Parent Relationship": "Inner", "Scan Direction": "Forward", "Index Name": "movie_id_movie_companies", "Relation Name": "movie_companies", "Alias": "mc", "Startup Cost": 0.0, "Total Cost": 0.31, "Plan Rows": 2, "Plan Width": 8, "Actual Startup Time": 150.509, "Actual Total Time": 222.921, "Actual Rows": 148552, "Actual Loops": 41840, "Index Cond": "(movie_id = mk.movie_id)", "Rows Removed by Index Recheck": 0}]}, {"Node Type": "Index Scan", "Parent Relationship": "Inner", "Scan Direction": "Forward", "Index Name": "company_name_pkey", "Relation Name": "company_name", "Alias": "cn", "Startup Cost": 0.0, "Total Cost": 0.28, "Plan Rows": 1, "Plan Width": 4, "Actual Startup Time": 564.52, "Actual Total Time": 564.52, "Actual Rows": 5228, "Actual Loops": 148552, "Index Cond": "(id = mc.company_id)", "Rows Removed by Index Recheck": 0, "Filter": "((country_code)::text = '[nl]'::text)", "Rows Removed by Filter": 143324}]}, {"Node Type": "Index Scan", "Parent Relationship": "Inner", "Scan Direction": "Forward", "Index Name": "title_pkey", "Relation Name": "title", "Alias": "t", "Startup Cost": 0.0, "Total Cost": 0.31, "Plan Rows": 1, "Plan Width": 21, "Actual Startup Time": 21.443, "Actual Total Time": 21.443, "Actual Rows": 5228, "Actual Loops": 5228, "Index Cond": "(id = mk.movie_id)", "Rows Removed by Index Recheck": 0}]}]}, "Triggers": [], "Planner Runtime": 9.9, "Total Runtime": 1115.761, "Unique SQL Id": 2804875951}}, "(16, '30')": {"explain_plan": {"Plan": {"Node Type": "Aggregate", "Strategy": "Plain", "Startup Cost": 149170.95, "Total Cost": 149170.97, "Plan Rows": 1, "Plan Width": 49, "Plans": [{"Node Type": "Streaming(type: LOCAL GATHER dop: 1/16)", "Parent Relationship": "Outer", "Startup Cost": 149170.95, "Total Cost": 149170.97, "Plan Rows": 1, "Plan Width": 49, "Plans": [{"Node Type": "Aggregate", "Strategy": "Plain", "Parent Relationship": "Outer", "Startup Cost": 149170.95, "Total Cost": 149170.96, "Plan Rows": 1, "Plan Width": 49, "Plans": [{"Node Type": "Nested Loop", "Parent Relationship": "Outer", "Join Type": "Inner", "Startup Cost": 0.0, "Total Cost": 149170.94, "Plan Rows": 2, "Plan Width": 17, "Inner Unique": false, "Join Filter": "(mc.movie_id = t.id)", "Plans": [{"Node Type": "Seq Scan", "Parent Relationship": "Outer", "Relation Name": "title", "Alias": "t", "Startup Cost": 0.0, "Total Cost": 18754.32, "Plan Rows": 2528311, "Plan Width": 21}, {"Node Type": "Materialize", "Parent Relationship": "Inner", "Startup Cost": 0.0, "Total Cost": 125676.05, "Plan Rows": 32, "Plan Width": 8, "Plans": [{"Node Type": "Streaming(type: BROADCAST dop: 16/1)", "Parent Relationship": "Outer", "Startup Cost": 0.0, "Total Cost": 125676.04, "Plan Rows": 32, "Plan Width": 8, "Plans": [{"Node Type": "Nested Loop", "Parent Relationship": "Outer", "Join Type": "Inner", "Startup Cost": 0.0, "Total Cost": 110675.35, "Plan Rows": 2, "Plan Width": 8, "Inner Unique": false, "Join Filter": "(mc.company_id = cn.id)", "Plans": [{"Node Type": "Seq Scan", "Parent Relationship": "Outer", "Relation Name": "company_name", "Alias": "cn", "Startup Cost": 0.0, "Total Cost": 5903.45, "Plan Rows": 2240, "Plan Width": 4, "Filter": "((country_code)::text = '[nl]'::text)"}, {"Node Type": "Materialize", "Parent Relationship": "Inner", "Startup Cost": 0.0, "Total Cost": 102420.07, "Plan Rows": 70, "Plan Width": 12, "Plans": [{"Node Type": "Streaming(type: LOCAL GATHER dop: 1/16)", "Parent Relationship": "Outer", "Startup Cost": 0.0, "Total Cost": 102419.72, "Plan Rows": 70, "Plan Width": 12, "Plans": [{"Node Type": "Nested Loop", "Parent Relationship": "Outer", "Join Type": "Inner", "Startup Cost": 0.0, "Total Cost": 102418.21, "Plan Rows": 70, "Plan Width": 12, "Inner Unique": false, "Join Filter": "(mk.movie_id = mc.movie_id)", "Plans": [{"Node Type": "Streaming(type: LOCAL REDISTRIBUTE dop: 16/16)", "Parent Relationship": "Outer", "Startup Cost": 0.0, "Total Cost": 42499.73, "Plan Rows": 2609128, "Plan Width": 8, "Plans": [{"Node Type": "Seq Scan", "Parent Relationship": "Outer", "Relation Name": "movie_companies", "Alias": "mc", "Startup Cost": 0.0, "Total Cost": 17613.58, "Plan Rows": 2609128, "Plan Width": 8}]}, {"Node Type": "Materialize", "Parent Relationship": "Inner", "Startup Cost": 0.0, "Total Cost": 54873.49, "Plan Rows": 33, "Plan Width": 4, "Plans": [{"Node Type": "Streaming(type: LOCAL REDISTRIBUTE dop: 16/16)", "Parent Relationship": "Outer", "Startup Cost": 0.0, "Total Cost": 54873.48, "Plan Rows": 33, "Plan Width": 4, "Plans": [{"Node Type": "Nested Loop", "Parent Relationship": "Outer", "Join Type": "Inner", "Startup Cost": 0.0, "Total Cost": 39873.36, "Plan Rows": 33, "Plan Width": 4, "Inner Unique": false, "Join Filter": "(k.id = mk.keyword_id)", "Plans": [{"Node Type": "Streaming(type: BROADCAST dop: 16/1)", "Parent Relationship": "Outer", "Startup Cost": 0.0, "Total Cost": 17436.46, "Plan Rows": 16, "Plan Width": 4, "Plans": [{"Node Type": "Seq Scan", "Parent Relationship": "Outer", "Relation Name": "keyword", "Alias": "k", "Startup Cost": 0.0, "Total Cost": 2436.11, "Plan Rows": 1, "Plan Width": 4, "Filter": "((keyword)::text = 'character-name-in-title'::text)"}]}, {"Node Type": "Seq Scan", "Parent Relationship": "Inner", "Relation Name": "movie_keyword", "Alias": "mk", "Startup Cost": 0.0, "Total Cost": 18902.58, "Plan Rows": 4523929, "Plan Width": 8}]}]}]}]}]}]}]}]}]}]}]}]}]}, "Unique SQL Id": 2804875951, "Planner Runtime": 4}, "explain_analyze_plan": null}, "(16, '31')": {"explain_plan": {"Plan": {"Node Type": "Aggregate", "Strategy": "Plain", "Startup Cost": 4999022085294.01, "Total Cost": 4999022085294.02, "Plan Rows": 1, "Plan Width": 49, "Plans": [{"Node Type": "Merge Join", "Parent Relationship": "Outer", "Join Type": "Inner", "Startup Cost": 50198067446.04, "Total Cost": 4999022085294.0, "Plan Rows": 2, "Plan Width": 17, "Inner Unique": true, "Merge Cond": "(mc.movie_id = t.id)", "Plans": [{"Node Type": "Nested Loop", "Parent Relationship": "Outer", "Join Type": "Inner", "Startup Cost": 40176139519.84, "Total Cost": 3999959841302.72, "Plan Rows": 2, "Plan Width": 8, "Inner Unique": true, "Join Filter": "(mk.keyword_id = k.id)", "Plans": [{"Node Type": "Merge Join", "Parent Relationship": "Outer", "Join Type": "Inner", "Startup Cost": 30176139519.84, "Total Cost": 2999959518949.43, "Plan Rows": 272107, "Plan Width": 12, "Inner Unique": false, "Merge Cond": "(mc.movie_id = mk.movie_id)", "Plans": [{"Node Type": "Nested Loop", "Parent Relationship": "Outer", "Join Type": "Inner", "Startup Cost": 20000000000.0, "Total Cost": 2000101768791.5, "Plan Rows": 33725, "Plan Width": 4, "Inner Unique": true, "Join Filter": "(cn.id = mc.company_id)", "Plans": [{"Node Type": "Index Scan", "Parent Relationship": "Outer", "Scan Direction": "Forward", "Index Name": "movie_id_movie_companies", "Relation Name": "movie_companies", "Alias": "mc", "Startup Cost": 10000000000.0, "Total Cost": 1000013051946.13, "Plan Rows": 2609128, "Plan Width": 8}, {"Node Type": "Materialize", "Parent Relationship": "Inner", "Startup Cost": 10000000000.0, "Total Cost": 1000001050150.17, "Plan Rows": 2240, "Plan Width": 4, "Plans": [{"Node Type": "Index Scan", "Parent Relationship": "Outer", "Scan Direction": "Forward", "Index Name": "company_name_pkey", "Relation Name": "company_name", "Alias": "cn", "Startup Cost": 10000000000.0, "Total Cost": 1000001050138.97, "Plan Rows": 2240, "Plan Width": 4, "Filter": "((country_code)::text = '[nl]'::text)"}]}]}, {"Node Type": "Index Scan", "Parent Relationship": "Inner", "Scan Direction": "Forward", "Index Name": "movie_id_movie_keyword", "Relation Name": "movie_keyword", "Alias": "mk", "Startup Cost": 10000000000.0, "Total Cost": 1000015300634.17, "Plan Rows": 4523929, "Plan Width": 8}]}, {"Node Type": "Materialize", "Parent Relationship": "Inner", "Startup Cost": 10000000000.0, "Total Cost": 1000000318271.69, "Plan Rows": 1, "Plan Width": 4, "Plans": [{"Node Type": "Index Scan", "Parent Relationship": "Outer", "Scan Direction": "Forward", "Index Name": "keyword_pkey", "Relation Name": "keyword", "Alias": "k", "Startup Cost": 10000000000.0, "Total Cost": 1000000318271.68, "Plan Rows": 1, "Plan Width": 4, "Filter": "((keyword)::text = 'character-name-in-title'::text)"}]}]}, {"Node Type": "Index Scan", "Parent Relationship": "Inner", "Scan Direction": "Forward", "Index Name": "title_pkey", "Relation Name": "title", "Alias": "t", "Startup Cost": 10000000000.0, "Total Cost": 1000011012048.91, "Plan Rows": 2528311, "Plan Width": 21}]}]}, "Unique SQL Id": 2804875951, "Planner Runtime": 14}, "explain_analyze_plan": null}, "(16, '32')": {"explain_plan": {"Plan": {"Node Type": "Aggregate", "Strategy": "Plain", "Startup Cost": 2600.78, "Total Cost": 2600.79, "Plan Rows": 1, "Plan Width": 49, "Plans": [{"Node Type": "Nested Loop", "Parent Relationship": "Outer", "Join Type": "Inner", "Startup Cost": 4.51, "Total Cost": 2600.77, "Plan Rows": 2, "Plan Width": 17, "Inner Unique": true, "Join Filter": "(mc.movie_id = t.id)", "Plans": [{"Node Type": "Nested Loop", "Parent Relationship": "Outer", "Join Type": "Inner", "Startup Cost": 4.51, "Total Cost": 2600.13, "Plan Rows": 2, "Plan Width": 8, "Inner Unique": true, "Plans": [{"Node Type": "Nested Loop", "Parent Relationship": "Outer", "Join Type": "Inner", "Startup Cost": 4.51, "Total Cost": 2579.99, "Plan Rows": 70, "Plan Width": 12, "Inner Unique": false, "Plans": [{"Node Type": "Nested Loop", "Parent Relationship": "Outer", "Join Type": "Inner", "Startup Cost": 4.51, "Total Cost": 2569.02, "Plan Rows": 33, "Plan Width": 4, "Inner Unique": false, "Plans": [{"Node Type": "Seq Scan", "Parent Relationship": "Outer", "Relation Name": "keyword", "Alias": "k", "Startup Cost": 0.0, "Total Cost": 2436.11, "Plan Rows": 1, "Plan Width": 4, "Filter": "((keyword)::text = 'character-name-in-title'::text)"}, {"Node Type": "Bitmap Heap Scan", "Parent Relationship": "Inner", "Relation Name": "movie_keyword", "Alias": "mk", "Startup Cost": 4.51, "Total Cost": 132.58, "Plan Rows": 33, "Plan Width": 8, "Recheck Cond": "(keyword_id = k.id)", "Plans": [{"Node Type": "Bitmap Index Scan", "Parent Relationship": "Outer", "Index Name": "keyword_id_movie_keyword", "Startup Cost": 0.0, "Total Cost": 4.5, "Plan Rows": 33, "Plan Width": 0, "Index Cond": "(keyword_id = k.id)"}]}]}, {"Node Type": "Index Scan", "Parent Relationship": "Inner", "Scan Direction": "Forward", "Index Name": "movie_id_movie_companies", "Relation Name": "movie_companies", "Alias": "mc", "Startup Cost": 0.0, "Total Cost": 0.31, "Plan Rows": 2, "Plan Width": 8, "Index Cond": "(movie_id = mk.movie_id)"}]}, {"Node Type": "Index Scan", "Parent Relationship": "Inner", "Scan Direction": "Forward", "Index Name": "company_name_pkey", "Relation Name": "company_name", "Alias": "cn", "Startup Cost": 0.0, "Total Cost": 0.28, "Plan Rows": 1, "Plan Width": 4, "Index Cond": "(id = mc.company_id)", "Filter": "((country_code)::text = '[nl]'::text)"}]}, {"Node Type": "Index Scan", "Parent Relationship": "Inner", "Scan Direction": "Forward", "Index Name": "title_pkey", "Relation Name": "title", "Alias": "t", "Startup Cost": 0.0, "Total Cost": 0.31, "Plan Rows": 1, "Plan Width": 21, "Index Cond": "(id = mk.movie_id)"}]}]}, "Unique SQL Id": 2804875951, "Planner Runtime": 8}, "explain_analyze_plan": {"Plan": {"Node Type": "Aggregate", "Strategy": "Plain", "Startup Cost": 2600.78, "Total Cost": 2600.79, "Plan Rows": 1, "Plan Width": 49, "Actual Startup Time": 1042.053, "Actual Total Time": 1042.053, "Actual Rows": 1, "Actual Loops": 1, "Plans": [{"Node Type": "Nested Loop", "Parent Relationship": "Outer", "Join Type": "Inner", "Startup Cost": 4.51, "Total Cost": 2600.77, "Plan Rows": 2, "Plan Width": 17, "Actual Startup Time": 15.009, "Actual Total Time": 1039.002, "Actual Rows": 5228, "Actual Loops": 1, "Inner Unique": true, "Join Filter": "(mc.movie_id = t.id)", "Rows Removed by Join Filter": 0, "Plans": [{"Node Type": "Nested Loop", "Parent Relationship": "Outer", "Join Type": "Inner", "Startup Cost": 4.51, "Total Cost": 2600.13, "Plan Rows": 2, "Plan Width": 8, "Actual Startup Time": 14.993, "Actual Total Time": 1010.698, "Actual Rows": 5228, "Actual Loops": 1, "Inner Unique": true, "Plans": [{"Node Type": "Nested Loop", "Parent Relationship": "Outer", "Join Type": "Inner", "Startup Cost": 4.51, "Total Cost": 2579.99, "Plan Rows": 70, "Plan Width": 12, "Actual Startup Time": 11.933, "Actual Total Time": 388.31, "Actual Rows": 148552, "Actual Loops": 1, "Inner Unique": false, "Plans": [{"Node Type": "Nested Loop", "Parent Relationship": "Outer", "Join Type": "Inner", "Startup Cost": 4.51, "Total Cost": 2569.02, "Plan Rows": 33, "Plan Width": 4, "Actual Startup Time": 11.905, "Actual Total Time": 101.867, "Actual Rows": 41840, "Actual Loops": 1, "Inner Unique": false, "Plans": [{"Node Type": "Seq Scan", "Parent Relationship": "Outer", "Relation Name": "keyword", "Alias": "k", "Startup Cost": 0.0, "Total Cost": 2436.11, "Plan Rows": 1, "Plan Width": 4, "Actual Startup Time": 1.829, "Actual Total Time": 42.003, "Actual Rows": 1, "Actual Loops": 1, "Filter": "((keyword)::text = 'character-name-in-title'::text)", "Rows Removed by Filter": 134168}, {"Node Type": "Bitmap Heap Scan", "Parent Relationship": "Inner", "Relation Name": "movie_keyword", "Alias": "mk", "Startup Cost": 4.51, "Total Cost": 132.58, "Plan Rows": 33, "Plan Width": 8, "Actual Startup Time": 10.069, "Actual Total Time": 51.314, "Actual Rows": 41840, "Actual Loops": 1, "Recheck Cond": "(keyword_id = k.id)", "Rows Removed by Index Recheck": 0, "Exact Heap Blocks": 9702, "Lossy Heap Blocks": 9702, "Plans": [{"Node Type": "Bitmap Index Scan", "Parent Relationship": "Outer", "Index Name": "keyword_id_movie_keyword", "Startup Cost": 0.0, "Total Cost": 4.5, "Plan Rows": 33, "Plan Width": 0, "Actual Startup Time": 8.236, "Actual Total Time": 8.236, "Actual Rows": 41840, "Actual Loops": 1, "Index Cond": "(keyword_id = k.id)"}]}]}, {"Node Type": "Index Scan", "Parent Relationship": "Inner", "Scan Direction": "Forward", "Index Name": "movie_id_movie_companies", "Relation Name": "movie_companies", "Alias": "mc", "Startup Cost": 0.0, "Total Cost": 0.31, "Plan Rows": 2, "Plan Width": 8, "Actual Startup Time": 155.322, "Actual Total Time": 230.57, "Actual Rows": 148552, "Actual Loops": 41840, "Index Cond": "(movie_id = mk.movie_id)", "Rows Removed by Index Recheck": 0}]}, {"Node Type": "Index Scan", "Parent Relationship": "Inner", "Scan Direction": "Forward", "Index Name": "company_name_pkey", "Relation Name": "company_name", "Alias": "cn", "Startup Cost": 0.0, "Total Cost": 0.28, "Plan Rows": 1, "Plan Width": 4, "Actual Startup Time": 550.613, "Actual Total Time": 550.613, "Actual Rows": 5228, "Actual Loops": 148552, "Index Cond": "(id = mc.company_id)", "Rows Removed by Index Recheck": 0, "Filter": "((country_code)::text = '[nl]'::text)", "Rows Removed by Filter": 143324}]}, {"Node Type": "Index Scan", "Parent Relationship": "Inner", "Scan Direction": "Forward", "Index Name": "title_pkey", "Relation Name": "title", "Alias": "t", "Startup Cost": 0.0, "Total Cost": 0.31, "Plan Rows": 1, "Plan Width": 21, "Actual Startup Time": 22.709, "Actual Total Time": 22.709, "Actual Rows": 5228, "Actual Loops": 5228, "Index Cond": "(id = mk.movie_id)", "Rows Removed by Index Recheck": 0}]}]}, "Triggers": [], "Planner Runtime": 10.46, "Total Runtime": 1042.518, "Unique SQL Id": 2804875951}}, "(16, '33')": {"explain_plan": {"Plan": {"Node Type": "Aggregate", "Strategy": "Plain", "Startup Cost": 3347.38, "Total Cost": 3347.39, "Plan Rows": 1, "Plan Width": 49, "Plans": [{"Node Type": "Nested Loop", "Parent Relationship": "Outer", "Join Type": "Inner", "Startup Cost": 4.51, "Total Cost": 3347.38, "Plan Rows": 2, "Plan Width": 17, "Inner Unique": true, "Join Filter": "(mc.movie_id = t.id)", "Plans": [{"Node Type": "Nested Loop", "Parent Relationship": "Outer", "Join Type": "Inner", "Startup Cost": 4.51, "Total Cost": 3346.73, "Plan Rows": 2, "Plan Width": 8, "Inner Unique": true, "Plans": [{"Node Type": "Nested Loop", "Parent Relationship": "Outer", "Join Type": "Inner", "Startup Cost": 4.51, "Total Cost": 3326.6, "Plan Rows": 70, "Plan Width": 12, "Inner Unique": false, "Plans": [{"Node Type": "Nested Loop", "Parent Relationship": "Outer", "Join Type": "Inner", "Startup Cost": 4.51, "Total Cost": 3315.63, "Plan Rows": 33, "Plan Width": 4, "Inner Unique": false, "Plans": [{"Node Type": "Index Scan", "Parent Relationship": "Outer", "Scan Direction": "Forward", "Index Name": "keyword_pkey", "Relation Name": "keyword", "Alias": "k", "Startup Cost": 0.0, "Total Cost": 3182.72, "Plan Rows": 1, "Plan Width": 4, "Filter": "((keyword)::text = 'character-name-in-title'::text)"}, {"Node Type": "Bitmap Heap Scan", "Parent Relationship": "Inner", "Relation Name": "movie_keyword", "Alias": "mk", "Startup Cost": 4.51, "Total Cost": 132.58, "Plan Rows": 33, "Plan Width": 8, "Recheck Cond": "(keyword_id = k.id)", "Plans": [{"Node Type": "Bitmap Index Scan", "Parent Relationship": "Outer", "Index Name": "keyword_id_movie_keyword", "Startup Cost": 0.0, "Total Cost": 4.5, "Plan Rows": 33, "Plan Width": 0, "Index Cond": "(keyword_id = k.id)"}]}]}, {"Node Type": "Index Scan", "Parent Relationship": "Inner", "Scan Direction": "Forward", "Index Name": "movie_id_movie_companies", "Relation Name": "movie_companies", "Alias": "mc", "Startup Cost": 0.0, "Total Cost": 0.31, "Plan Rows": 2, "Plan Width": 8, "Index Cond": "(movie_id = mk.movie_id)"}]}, {"Node Type": "Index Scan", "Parent Relationship": "Inner", "Scan Direction": "Forward", "Index Name": "company_name_pkey", "Relation Name": "company_name", "Alias": "cn", "Startup Cost": 0.0, "Total Cost": 0.28, "Plan Rows": 1, "Plan Width": 4, "Index Cond": "(id = mc.company_id)", "Filter": "((country_code)::text = '[nl]'::text)"}]}, {"Node Type": "Index Scan", "Parent Relationship": "Inner", "Scan Direction": "Forward", "Index Name": "title_pkey", "Relation Name": "title", "Alias": "t", "Startup Cost": 0.0, "Total Cost": 0.31, "Plan Rows": 1, "Plan Width": 21, "Index Cond": "(id = mk.movie_id)"}]}]}, "Unique SQL Id": 2804875951, "Planner Runtime": 8}, "explain_analyze_plan": {"Plan": {"Node Type": "Aggregate", "Strategy": "Plain", "Startup Cost": 3347.38, "Total Cost": 3347.39, "Plan Rows": 1, "Plan Width": 49, "Actual Startup Time": 1183.532, "Actual Total Time": 1183.533, "Actual Rows": 1, "Actual Loops": 1, "Plans": [{"Node Type": "Nested Loop", "Parent Relationship": "Outer", "Join Type": "Inner", "Startup Cost": 4.51, "Total Cost": 3347.38, "Plan Rows": 2, "Plan Width": 17, "Actual Startup Time": 13.942, "Actual Total Time": 1180.637, "Actual Rows": 5228, "Actual Loops": 1, "Inner Unique": true, "Join Filter": "(mc.movie_id = t.id)", "Rows Removed by Join Filter": 0, "Plans": [{"Node Type": "Nested Loop", "Parent Relationship": "Outer", "Join Type": "Inner", "Startup Cost": 4.51, "Total Cost": 3346.73, "Plan Rows": 2, "Plan Width": 8, "Actual Startup Time": 13.922, "Actual Total Time": 1148.172, "Actual Rows": 5228, "Actual Loops": 1, "Inner Unique": true, "Plans": [{"Node Type": "Nested Loop", "Parent Relationship": "Outer", "Join Type": "Inner", "Startup Cost": 4.51, "Total Cost": 3326.6, "Plan Rows": 70, "Plan Width": 12, "Actual Startup Time": 10.495, "Actual Total Time": 511.238, "Actual Rows": 148552, "Actual Loops": 1, "Inner Unique": false, "Plans": [{"Node Type": "Nested Loop", "Parent Relationship": "Outer", "Join Type": "Inner", "Startup Cost": 4.51, "Total Cost": 3315.63, "Plan Rows": 33, "Plan Width": 4, "Actual Startup Time": 10.465, "Actual Total Time": 196.622, "Actual Rows": 41840, "Actual Loops": 1, "Inner Unique": false, "Plans": [{"Node Type": "Index Scan", "Parent Relationship": "Outer", "Scan Direction": "Forward", "Index Name": "keyword_pkey", "Relation Name": "keyword", "Alias": "k", "Startup Cost": 0.0, "Total Cost": 3182.72, "Plan Rows": 1, "Plan Width": 4, "Actual Startup Time": 0.292, "Actual Total Time": 125.899, "Actual Rows": 1, "Actual Loops": 1, "Filter": "((keyword)::text = 'character-name-in-title'::text)", "Rows Removed by Filter": 134168}, {"Node Type": "Bitmap Heap Scan", "Parent Relationship": "Inner", "Relation Name": "movie_keyword", "Alias": "mk", "Startup Cost": 4.51, "Total Cost": 132.58, "Plan Rows": 33, "Plan Width": 8, "Actual Startup Time": 10.166, "Actual Total Time": 61.96, "Actual Rows": 41840, "Actual Loops": 1, "Recheck Cond": "(keyword_id = k.id)", "Rows Removed by Index Recheck": 0, "Exact Heap Blocks": 9702, "Lossy Heap Blocks": 9702, "Plans": [{"Node Type": "Bitmap Index Scan", "Parent Relationship": "Outer", "Index Name": "keyword_id_movie_keyword", "Startup Cost": 0.0, "Total Cost": 4.5, "Plan Rows": 33, "Plan Width": 0, "Actual Startup Time": 8.352, "Actual Total Time": 8.352, "Actual Rows": 41840, "Actual Loops": 1, "Index Cond": "(keyword_id = k.id)"}]}]}, {"Node Type": "Index Scan", "Parent Relationship": "Inner", "Scan Direction": "Forward", "Index Name": "movie_id_movie_companies", "Relation Name": "movie_companies", "Alias": "mc", "Startup Cost": 0.0, "Total Cost": 0.31, "Plan Rows": 2, "Plan Width": 8, "Actual Startup Time": 176.45, "Actual Total Time": 259.319, "Actual Rows": 148552, "Actual Loops": 41840, "Index Cond": "(movie_id = mk.movie_id)", "Rows Removed by Index Recheck": 0}]}, {"Node Type": "Index Scan", "Parent Relationship": "Inner", "Scan Direction": "Forward", "Index Name": "company_name_pkey", "Relation Name": "company_name", "Alias": "cn", "Startup Cost": 0.0, "Total Cost": 0.28, "Plan Rows": 1, "Plan Width": 4, "Actual Startup Time": 563.789, "Actual Total Time": 563.789, "Actual Rows": 5228, "Actual Loops": 148552, "Index Cond": "(id = mc.company_id)", "Rows Removed by Index Recheck": 0, "Filter": "((country_code)::text = '[nl]'::text)", "Rows Removed by Filter": 143324}]}, {"Node Type": "Index Scan", "Parent Relationship": "Inner", "Scan Direction": "Forward", "Index Name": "title_pkey", "Relation Name": "title", "Alias": "t", "Startup Cost": 0.0, "Total Cost": 0.31, "Plan Rows": 1, "Plan Width": 21, "Actual Startup Time": 26.892, "Actual Total Time": 26.892, "Actual Rows": 5228, "Actual Loops": 5228, "Index Cond": "(id = mk.movie_id)", "Rows Removed by Index Recheck": 0}]}]}, "Triggers": [], "Planner Runtime": 11.909, "Total Runtime": 1183.878, "Unique SQL Id": 2804875951}}, "(16, '34')": {"explain_plan": {"Plan": {"Node Type": "Aggregate", "Strategy": "Plain", "Startup Cost": 3019.97, "Total Cost": 3019.98, "Plan Rows": 1, "Plan Width": 49, "Plans": [{"Node Type": "Nested Loop", "Parent Relationship": "Outer", "Join Type": "Inner", "Startup Cost": 5.3, "Total Cost": 3019.97, "Plan Rows": 2, "Plan Width": 17, "Inner Unique": true, "Join Filter": "(mc.movie_id = t.id)", "Plans": [{"Node Type": "Nested Loop", "Parent Relationship": "Outer", "Join Type": "Inner", "Startup Cost": 5.04, "Total Cost": 3011.39, "Plan Rows": 2, "Plan Width": 8, "Inner Unique": true, "Plans": [{"Node Type": "Nested Loop", "Parent Relationship": "Outer", "Join Type": "Inner", "Startup Cost": 4.78, "Total Cost": 2711.55, "Plan Rows": 70, "Plan Width": 12, "Inner Unique": false, "Plans": [{"Node Type": "Nested Loop", "Parent Relationship": "Outer", "Join Type": "Inner", "Startup Cost": 4.51, "Total Cost": 2569.02, "Plan Rows": 33, "Plan Width": 4, "Inner Unique": false, "Plans": [{"Node Type": "Seq Scan", "Parent Relationship": "Outer", "Relation Name": "keyword", "Alias": "k", "Startup Cost": 0.0, "Total Cost": 2436.11, "Plan Rows": 1, "Plan Width": 4, "Filter": "((keyword)::text = 'character-name-in-title'::text)"}, {"Node Type": "Bitmap Heap Scan", "Parent Relationship": "Inner", "Relation Name": "movie_keyword", "Alias": "mk", "Startup Cost": 4.51, "Total Cost": 132.58, "Plan Rows": 33, "Plan Width": 8, "Recheck Cond": "(keyword_id = k.id)", "Plans": [{"Node Type": "Bitmap Index Scan", "Parent Relationship": "Outer", "Index Name": "keyword_id_movie_keyword", "Startup Cost": 0.0, "Total Cost": 4.5, "Plan Rows": 33, "Plan Width": 0, "Index Cond": "(keyword_id = k.id)"}]}]}, {"Node Type": "Bitmap Heap Scan", "Parent Relationship": "Inner", "Relation Name": "movie_companies", "Alias": "mc", "Startup Cost": 0.27, "Total Cost": 4.3, "Plan Rows": 2, "Plan Width": 8, "Recheck Cond": "(movie_id = mk.movie_id)", "Plans": [{"Node Type": "Bitmap Index Scan", "Parent Relationship": "Outer", "Index Name": "movie_id_movie_companies", "Startup Cost": 0.0, "Total Cost": 0.27, "Plan Rows": 2, "Plan Width": 0, "Index Cond": "(movie_id = mk.movie_id)"}]}]}, {"Node Type": "Bitmap Heap Scan", "Parent Relationship": "Inner", "Relation Name": "company_name", "Alias": "cn", "Startup Cost": 0.26, "Total Cost": 4.27, "Plan Rows": 1, "Plan Width": 4, "Recheck Cond": "(id = mc.company_id)", "Filter": "((country_code)::text = '[nl]'::text)", "Plans": [{"Node Type": "Bitmap Index Scan", "Parent Relationship": "Outer", "Index Name": "company_name_pkey", "Startup Cost": 0.0, "Total Cost": 0.26, "Plan Rows": 1, "Plan Width": 0, "Index Cond": "(id = mc.company_id)"}]}]}, {"Node Type": "Bitmap Heap Scan", "Parent Relationship": "Inner", "Relation Name": "title", "Alias": "t", "Startup Cost": 0.27, "Total Cost": 4.28, "Plan Rows": 1, "Plan Width": 21, "Recheck Cond": "(id = mk.movie_id)", "Plans": [{"Node Type": "Bitmap Index Scan", "Parent Relationship": "Outer", "Index Name": "title_pkey", "Startup Cost": 0.0, "Total Cost": 0.27, "Plan Rows": 1, "Plan Width": 0, "Index Cond": "(id = mk.movie_id)"}]}]}]}, "Unique SQL Id": 2804875951, "Planner Runtime": 14}, "explain_analyze_plan": {"Plan": {"Node Type": "Aggregate", "Strategy": "Plain", "Startup Cost": 3019.97, "Total Cost": 3019.98, "Plan Rows": 1, "Plan Width": 49, "Actual Startup Time": 1407.614, "Actual Total Time": 1407.615, "Actual Rows": 1, "Actual Loops": 1, "Plans": [{"Node Type": "Nested Loop", "Parent Relationship": "Outer", "Join Type": "Inner", "Startup Cost": 5.3, "Total Cost": 3019.97, "Plan Rows": 2, "Plan Width": 17, "Actual Startup Time": 16.178, "Actual Total Time": 1403.151, "Actual Rows": 5228, "Actual Loops": 1, "Inner Unique": true, "Join Filter": "(mc.movie_id = t.id)", "Rows Removed by Join Filter": 0, "Plans": [{"Node Type": "Nested Loop", "Parent Relationship": "Outer", "Join Type": "Inner", "Startup Cost": 5.04, "Total Cost": 3011.39, "Plan Rows": 2, "Plan Width": 8, "Actual Startup Time": 16.158, "Actual Total Time": 1365.668, "Actual Rows": 5228, "Actual Loops": 1, "Inner Unique": true, "Plans": [{"Node Type": "Nested Loop", "Parent Relationship": "Outer", "Join Type": "Inner", "Startup Cost": 4.78, "Total Cost": 2711.55, "Plan Rows": 70, "Plan Width": 12, "Actual Startup Time": 11.838, "Actual Total Time": 496.315, "Actual Rows": 148552, "Actual Loops": 1, "Inner Unique": false, "Plans": [{"Node Type": "Nested Loop", "Parent Relationship": "Outer", "Join Type": "Inner", "Startup Cost": 4.51, "Total Cost": 2569.02, "Plan Rows": 33, "Plan Width": 4, "Actual Startup Time": 11.8, "Actual Total Time": 100.005, "Actual Rows": 41840, "Actual Loops": 1, "Inner Unique": false, "Plans": [{"Node Type": "Seq Scan", "Parent Relationship": "Outer", "Relation Name": "keyword", "Alias": "k", "Startup Cost": 0.0, "Total Cost": 2436.11, "Plan Rows": 1, "Plan Width": 4, "Actual Startup Time": 1.772, "Actual Total Time": 40.559, "Actual Rows": 1, "Actual Loops": 1, "Filter": "((keyword)::text = 'character-name-in-title'::text)", "Rows Removed by Filter": 134168}, {"Node Type": "Bitmap Heap Scan", "Parent Relationship": "Inner", "Relation Name": "movie_keyword", "Alias": "mk", "Startup Cost": 4.51, "Total Cost": 132.58, "Plan Rows": 33, "Plan Width": 8, "Actual Startup Time": 10.022, "Actual Total Time": 50.222, "Actual Rows": 41840, "Actual Loops": 1, "Recheck Cond": "(keyword_id = k.id)", "Rows Removed by Index Recheck": 0, "Exact Heap Blocks": 9702, "Lossy Heap Blocks": 9702, "Plans": [{"Node Type": "Bitmap Index Scan", "Parent Relationship": "Outer", "Index Name": "keyword_id_movie_keyword", "Startup Cost": 0.0, "Total Cost": 4.5, "Plan Rows": 33, "Plan Width": 0, "Actual Startup Time": 8.253, "Actual Total Time": 8.253, "Actual Rows": 41840, "Actual Loops": 1, "Index Cond": "(keyword_id = k.id)"}]}]}, {"Node Type": "Bitmap Heap Scan", "Parent Relationship": "Inner", "Relation Name": "movie_companies", "Alias": "mc", "Startup Cost": 0.27, "Total Cost": 4.3, "Plan Rows": 2, "Plan Width": 8, "Actual Startup Time": 253.295, "Actual Total Time": 310.868, "Actual Rows": 148552, "Actual Loops": 41840, "Recheck Cond": "(movie_id = mk.movie_id)", "Rows Removed by Index Recheck": 0, "Exact Heap Blocks": 62638, "Lossy Heap Blocks": 62638, "Plans": [{"Node Type": "Bitmap Index Scan", "Parent Relationship": "Outer", "Index Name": "movie_id_movie_companies", "Startup Cost": 0.0, "Total Cost": 0.27, "Plan Rows": 2, "Plan Width": 0, "Actual Startup Time": 156.576, "Actual Total Time": 156.576, "Actual Rows": 148552, "Actual Loops": 41840, "Index Cond": "(movie_id = mk.movie_id)"}]}]}, {"Node Type": "Bitmap Heap Scan", "Parent Relationship": "Inner", "Relation Name": "company_name", "Alias": "cn", "Startup Cost": 0.26, "Total Cost": 4.27, "Plan Rows": 1, "Plan Width": 4, "Actual Startup Time": 699.973, "Actual Total Time": 699.973, "Actual Rows": 5228, "Actual Loops": 148552, "Recheck Cond": "(id = mc.company_id)", "Rows Removed by Index Recheck": 0, "Filter": "((country_code)::text = '[nl]'::text)", "Rows Removed by Filter": 143324, "Exact Heap Blocks": 148552, "Lossy Heap Blocks": 148552, "Plans": [{"Node Type": "Bitmap Index Scan", "Parent Relationship": "Outer", "Index Name": "company_name_pkey", "Startup Cost": 0.0, "Total Cost": 0.26, "Plan Rows": 1, "Plan Width": 0, "Actual Startup Time": 386.659, "Actual Total Time": 386.659, "Actual Rows": 148552, "Actual Loops": 148552, "Index Cond": "(id = mc.company_id)"}]}]}, {"Node Type": "Bitmap Heap Scan", "Parent Relationship": "Inner", "Relation Name": "title", "Alias": "t", "Startup Cost": 0.27, "Total Cost": 4.28, "Plan Rows": 1, "Plan Width": 21, "Actual Startup Time": 28.495, "Actual Total Time": 28.495, "Actual Rows": 5228, "Actual Loops": 5228, "Recheck Cond": "(id = mk.movie_id)", "Rows Removed by Index Recheck": 0, "Exact Heap Blocks": 5228, "Lossy Heap Blocks": 5228, "Plans": [{"Node Type": "Bitmap Index Scan", "Parent Relationship": "Outer", "Index Name": "title_pkey", "Startup Cost": 0.0, "Total Cost": 0.27, "Plan Rows": 1, "Plan Width": 0, "Actual Startup Time": 17.109, "Actual Total Time": 17.109, "Actual Rows": 5228, "Actual Loops": 5228, "Index Cond": "(id = mk.movie_id)"}]}]}]}, "Triggers": [], "Planner Runtime": 15.864, "Total Runtime": 1408.006, "Unique SQL Id": 2804875951}}, "(16, '35')": {"explain_plan": {"Plan": {"Node Type": "Aggregate", "Strategy": "Plain", "Startup Cost": 3739.07, "Total Cost": 3739.08, "Plan Rows": 1, "Plan Width": 49, "Plans": [{"Node Type": "Nested Loop", "Parent Relationship": "Outer", "Join Type": "Inner", "Startup Cost": 724.4, "Total Cost": 3739.06, "Plan Rows": 2, "Plan Width": 17, "Inner Unique": true, "Join Filter": "(mc.movie_id = t.id)", "Plans": [{"Node Type": "Nested Loop", "Parent Relationship": "Outer", "Join Type": "Inner", "Startup Cost": 724.13, "Total Cost": 3730.48, "Plan Rows": 2, "Plan Width": 8, "Inner Unique": true, "Plans": [{"Node Type": "Nested Loop", "Parent Relationship": "Outer", "Join Type": "Inner", "Startup Cost": 723.87, "Total Cost": 3430.65, "Plan Rows": 70, "Plan Width": 12, "Inner Unique": false, "Plans": [{"Node Type": "Nested Loop", "Parent Relationship": "Outer", "Join Type": "Inner", "Startup Cost": 723.6, "Total Cost": 3288.12, "Plan Rows": 33, "Plan Width": 4, "Inner Unique": false, "Plans": [{"Node Type": "Bitmap Heap Scan", "Parent Relationship": "Outer", "Relation Name": "keyword", "Alias": "k", "Startup Cost": 719.1, "Total Cost": 3155.21, "Plan Rows": 1, "Plan Width": 4, "Filter": "((keyword)::text = 'character-name-in-title'::text)", "Plans": [{"Node Type": "Bitmap Index Scan", "Parent Relationship": "Outer", "Index Name": "keyword_pkey", "Startup Cost": 0.0, "Total Cost": 719.1, "Plan Rows": 134169, "Plan Width": 0}]}, {"Node Type": "Bitmap Heap Scan", "Parent Relationship": "Inner", "Relation Name": "movie_keyword", "Alias": "mk", "Startup Cost": 4.51, "Total Cost": 132.58, "Plan Rows": 33, "Plan Width": 8, "Recheck Cond": "(keyword_id = k.id)", "Plans": [{"Node Type": "Bitmap Index Scan", "Parent Relationship": "Outer", "Index Name": "keyword_id_movie_keyword", "Startup Cost": 0.0, "Total Cost": 4.5, "Plan Rows": 33, "Plan Width": 0, "Index Cond": "(keyword_id = k.id)"}]}]}, {"Node Type": "Bitmap Heap Scan", "Parent Relationship": "Inner", "Relation Name": "movie_companies", "Alias": "mc", "Startup Cost": 0.27, "Total Cost": 4.3, "Plan Rows": 2, "Plan Width": 8, "Recheck Cond": "(movie_id = mk.movie_id)", "Plans": [{"Node Type": "Bitmap Index Scan", "Parent Relationship": "Outer", "Index Name": "movie_id_movie_companies", "Startup Cost": 0.0, "Total Cost": 0.27, "Plan Rows": 2, "Plan Width": 0, "Index Cond": "(movie_id = mk.movie_id)"}]}]}, {"Node Type": "Bitmap Heap Scan", "Parent Relationship": "Inner", "Relation Name": "company_name", "Alias": "cn", "Startup Cost": 0.26, "Total Cost": 4.27, "Plan Rows": 1, "Plan Width": 4, "Recheck Cond": "(id = mc.company_id)", "Filter": "((country_code)::text = '[nl]'::text)", "Plans": [{"Node Type": "Bitmap Index Scan", "Parent Relationship": "Outer", "Index Name": "company_name_pkey", "Startup Cost": 0.0, "Total Cost": 0.26, "Plan Rows": 1, "Plan Width": 0, "Index Cond": "(id = mc.company_id)"}]}]}, {"Node Type": "Bitmap Heap Scan", "Parent Relationship": "Inner", "Relation Name": "title", "Alias": "t", "Startup Cost": 0.27, "Total Cost": 4.28, "Plan Rows": 1, "Plan Width": 21, "Recheck Cond": "(id = mk.movie_id)", "Plans": [{"Node Type": "Bitmap Index Scan", "Parent Relationship": "Outer", "Index Name": "title_pkey", "Startup Cost": 0.0, "Total Cost": 0.27, "Plan Rows": 1, "Plan Width": 0, "Index Cond": "(id = mk.movie_id)"}]}]}]}, "Unique SQL Id": 2804875951, "Planner Runtime": 4}, "explain_analyze_plan": {"Plan": {"Node Type": "Aggregate", "Strategy": "Plain", "Startup Cost": 3739.07, "Total Cost": 3739.08, "Plan Rows": 1, "Plan Width": 49, "Actual Startup Time": 1387.145, "Actual Total Time": 1387.146, "Actual Rows": 1, "Actual Loops": 1, "Plans": [{"Node Type": "Nested Loop", "Parent Relationship": "Outer", "Join Type": "Inner", "Startup Cost": 724.4, "Total Cost": 3739.06, "Plan Rows": 2, "Plan Width": 17, "Actual Startup Time": 25.648, "Actual Total Time": 1382.175, "Actual Rows": 5228, "Actual Loops": 1, "Inner Unique": true, "Join Filter": "(mc.movie_id = t.id)", "Rows Removed by Join Filter": 0, "Plans": [{"Node Type": "Nested Loop", "Parent Relationship": "Outer", "Join Type": "Inner", "Startup Cost": 724.13, "Total Cost": 3730.48, "Plan Rows": 2, "Plan Width": 8, "Actual Startup Time": 25.627, "Actual Total Time": 1347.061, "Actual Rows": 5228, "Actual Loops": 1, "Inner Unique": true, "Plans": [{"Node Type": "Nested Loop", "Parent Relationship": "Outer", "Join Type": "Inner", "Startup Cost": 723.87, "Total Cost": 3430.65, "Plan Rows": 70, "Plan Width": 12, "Actual Startup Time": 21.56, "Actual Total Time": 492.049, "Actual Rows": 148552, "Actual Loops": 1, "Inner Unique": false, "Plans": [{"Node Type": "Nested Loop", "Parent Relationship": "Outer", "Join Type": "Inner", "Startup Cost": 723.6, "Total Cost": 3288.12, "Plan Rows": 33, "Plan Width": 4, "Actual Startup Time": 21.524, "Actual Total Time": 111.574, "Actual Rows": 41840, "Actual Loops": 1, "Inner Unique": false, "Plans": [{"Node Type": "Bitmap Heap Scan", "Parent Relationship": "Outer", "Relation Name": "keyword", "Alias": "k", "Startup Cost": 719.1, "Total Cost": 3155.21, "Plan Rows": 1, "Plan Width": 4, "Actual Startup Time": 13.5, "Actual Total Time": 60.831, "Actual Rows": 1, "Actual Loops": 1, "Filter": "((keyword)::text = 'character-name-in-title'::text)", "Rows Removed by Filter": 134168, "Exact Heap Blocks": 759, "Lossy Heap Blocks": 759, "Plans": [{"Node Type": "Bitmap Index Scan", "Parent Relationship": "Outer", "Index Name": "keyword_pkey", "Startup Cost": 0.0, "Total Cost": 719.1, "Plan Rows": 134169, "Plan Width": 0, "Actual Startup Time": 11.196, "Actual Total Time": 11.196, "Actual Rows": 134169, "Actual Loops": 1}]}, {"Node Type": "Bitmap Heap Scan", "Parent Relationship": "Inner", "Relation Name": "movie_keyword", "Alias": "mk", "Startup Cost": 4.51, "Total Cost": 132.58, "Plan Rows": 33, "Plan Width": 8, "Actual Startup Time": 8.013, "Actual Total Time": 41.471, "Actual Rows": 41840, "Actual Loops": 1, "Recheck Cond": "(keyword_id = k.id)", "Rows Removed by Index Recheck": 0, "Exact Heap Blocks": 9702, "Lossy Heap Blocks": 9702, "Plans": [{"Node Type": "Bitmap Index Scan", "Parent Relationship": "Outer", "Index Name": "keyword_id_movie_keyword", "Startup Cost": 0.0, "Total Cost": 4.5, "Plan Rows": 33, "Plan Width": 0, "Actual Startup Time": 6.272, "Actual Total Time": 6.272, "Actual Rows": 41840, "Actual Loops": 1, "Index Cond": "(keyword_id = k.id)"}]}]}, {"Node Type": "Bitmap Heap Scan", "Parent Relationship": "Inner", "Relation Name": "movie_companies", "Alias": "mc", "Startup Cost": 0.27, "Total Cost": 4.3, "Plan Rows": 2, "Plan Width": 8, "Actual Startup Time": 240.891, "Actual Total Time": 294.516, "Actual Rows": 148552, "Actual Loops": 41840, "Recheck Cond": "(movie_id = mk.movie_id)", "Rows Removed by Index Recheck": 0, "Exact Heap Blocks": 62638, "Lossy Heap Blocks": 62638, "Plans": [{"Node Type": "Bitmap Index Scan", "Parent Relationship": "Outer", "Index Name": "movie_id_movie_companies", "Startup Cost": 0.0, "Total Cost": 0.27, "Plan Rows": 2, "Plan Width": 0, "Actual Startup Time": 150.419, "Actual Total Time": 150.419, "Actual Rows": 148552, "Actual Loops": 41840, "Index Cond": "(movie_id = mk.movie_id)"}]}]}, {"Node Type": "Bitmap Heap Scan", "Parent Relationship": "Inner", "Relation Name": "company_name", "Alias": "cn", "Startup Cost": 0.26, "Total Cost": 4.27, "Plan Rows": 1, "Plan Width": 4, "Actual Startup Time": 685.084, "Actual Total Time": 685.084, "Actual Rows": 5228, "Actual Loops": 148552, "Recheck Cond": "(id = mc.company_id)", "Rows Removed by Index Recheck": 0, "Filter": "((country_code)::text = '[nl]'::text)", "Rows Removed by Filter": 143324, "Exact Heap Blocks": 148552, "Lossy Heap Blocks": 148552, "Plans": [{"Node Type": "Bitmap Index Scan", "Parent Relationship": "Outer", "Index Name": "company_name_pkey", "Startup Cost": 0.0, "Total Cost": 0.26, "Plan Rows": 1, "Plan Width": 0, "Actual Startup Time": 382.826, "Actual Total Time": 382.826, "Actual Rows": 148552, "Actual Loops": 148552, "Index Cond": "(id = mc.company_id)"}]}]}, {"Node Type": "Bitmap Heap Scan", "Parent Relationship": "Inner", "Relation Name": "title", "Alias": "t", "Startup Cost": 0.27, "Total Cost": 4.28, "Plan Rows": 1, "Plan Width": 21, "Actual Startup Time": 25.907, "Actual Total Time": 25.907, "Actual Rows": 5228, "Actual Loops": 5228, "Recheck Cond": "(id = mk.movie_id)", "Rows Removed by Index Recheck": 0, "Exact Heap Blocks": 5228, "Lossy Heap Blocks": 5228, "Plans": [{"Node Type": "Bitmap Index Scan", "Parent Relationship": "Outer", "Index Name": "title_pkey", "Startup Cost": 0.0, "Total Cost": 0.27, "Plan Rows": 1, "Plan Width": 0, "Actual Startup Time": 16.062, "Actual Total Time": 16.062, "Actual Rows": 5228, "Actual Loops": 5228, "Index Cond": "(id = mk.movie_id)"}]}]}]}, "Triggers": [], "Planner Runtime": 8.607, "Total Runtime": 1387.489, "Unique SQL Id": 2804875951}}, "(16, '36')": {"explain_plan": {"Plan": {"Node Type": "Aggregate", "Strategy": "Plain", "Startup Cost": 2600.78, "Total Cost": 2600.79, "Plan Rows": 1, "Plan Width": 49, "Plans": [{"Node Type": "Nested Loop", "Parent Relationship": "Outer", "Join Type": "Inner", "Startup Cost": 4.51, "Total Cost": 2600.77, "Plan Rows": 2, "Plan Width": 17, "Inner Unique": true, "Join Filter": "(mc.movie_id = t.id)", "Plans": [{"Node Type": "Nested Loop", "Parent Relationship": "Outer", "Join Type": "Inner", "Startup Cost": 4.51, "Total Cost": 2600.13, "Plan Rows": 2, "Plan Width": 8, "Inner Unique": true, "Plans": [{"Node Type": "Nested Loop", "Parent Relationship": "Outer", "Join Type": "Inner", "Startup Cost": 4.51, "Total Cost": 2579.99, "Plan Rows": 70, "Plan Width": 12, "Inner Unique": false, "Plans": [{"Node Type": "Nested Loop", "Parent Relationship": "Outer", "Join Type": "Inner", "Startup Cost": 4.51, "Total Cost": 2569.02, "Plan Rows": 33, "Plan Width": 4, "Inner Unique": false, "Plans": [{"Node Type": "Seq Scan", "Parent Relationship": "Outer", "Relation Name": "keyword", "Alias": "k", "Startup Cost": 0.0, "Total Cost": 2436.11, "Plan Rows": 1, "Plan Width": 4, "Filter": "((keyword)::text = 'character-name-in-title'::text)"}, {"Node Type": "Bitmap Heap Scan", "Parent Relationship": "Inner", "Relation Name": "movie_keyword", "Alias": "mk", "Startup Cost": 4.51, "Total Cost": 132.58, "Plan Rows": 33, "Plan Width": 8, "Recheck Cond": "(keyword_id = k.id)", "Plans": [{"Node Type": "Bitmap Index Scan", "Parent Relationship": "Outer", "Index Name": "keyword_id_movie_keyword", "Startup Cost": 0.0, "Total Cost": 4.5, "Plan Rows": 33, "Plan Width": 0, "Index Cond": "(keyword_id = k.id)"}]}]}, {"Node Type": "Index Scan", "Parent Relationship": "Inner", "Scan Direction": "Forward", "Index Name": "movie_id_movie_companies", "Relation Name": "movie_companies", "Alias": "mc", "Startup Cost": 0.0, "Total Cost": 0.31, "Plan Rows": 2, "Plan Width": 8, "Index Cond": "(movie_id = mk.movie_id)"}]}, {"Node Type": "Index Scan", "Parent Relationship": "Inner", "Scan Direction": "Forward", "Index Name": "company_name_pkey", "Relation Name": "company_name", "Alias": "cn", "Startup Cost": 0.0, "Total Cost": 0.28, "Plan Rows": 1, "Plan Width": 4, "Index Cond": "(id = mc.company_id)", "Filter": "((country_code)::text = '[nl]'::text)"}]}, {"Node Type": "Index Scan", "Parent Relationship": "Inner", "Scan Direction": "Forward", "Index Name": "title_pkey", "Relation Name": "title", "Alias": "t", "Startup Cost": 0.0, "Total Cost": 0.31, "Plan Rows": 1, "Plan Width": 21, "Index Cond": "(id = mk.movie_id)"}]}]}, "Unique SQL Id": 2804875951, "Planner Runtime": 8}, "explain_analyze_plan": {"Plan": {"Node Type": "Aggregate", "Strategy": "Plain", "Startup Cost": 2600.78, "Total Cost": 2600.79, "Plan Rows": 1, "Plan Width": 49, "Actual Startup Time": 1042.053, "Actual Total Time": 1042.053, "Actual Rows": 1, "Actual Loops": 1, "Plans": [{"Node Type": "Nested Loop", "Parent Relationship": "Outer", "Join Type": "Inner", "Startup Cost": 4.51, "Total Cost": 2600.77, "Plan Rows": 2, "Plan Width": 17, "Actual Startup Time": 15.009, "Actual Total Time": 1039.002, "Actual Rows": 5228, "Actual Loops": 1, "Inner Unique": true, "Join Filter": "(mc.movie_id = t.id)", "Rows Removed by Join Filter": 0, "Plans": [{"Node Type": "Nested Loop", "Parent Relationship": "Outer", "Join Type": "Inner", "Startup Cost": 4.51, "Total Cost": 2600.13, "Plan Rows": 2, "Plan Width": 8, "Actual Startup Time": 14.993, "Actual Total Time": 1010.698, "Actual Rows": 5228, "Actual Loops": 1, "Inner Unique": true, "Plans": [{"Node Type": "Nested Loop", "Parent Relationship": "Outer", "Join Type": "Inner", "Startup Cost": 4.51, "Total Cost": 2579.99, "Plan Rows": 70, "Plan Width": 12, "Actual Startup Time": 11.933, "Actual Total Time": 388.31, "Actual Rows": 148552, "Actual Loops": 1, "Inner Unique": false, "Plans": [{"Node Type": "Nested Loop", "Parent Relationship": "Outer", "Join Type": "Inner", "Startup Cost": 4.51, "Total Cost": 2569.02, "Plan Rows": 33, "Plan Width": 4, "Actual Startup Time": 11.905, "Actual Total Time": 101.867, "Actual Rows": 41840, "Actual Loops": 1, "Inner Unique": false, "Plans": [{"Node Type": "Seq Scan", "Parent Relationship": "Outer", "Relation Name": "keyword", "Alias": "k", "Startup Cost": 0.0, "Total Cost": 2436.11, "Plan Rows": 1, "Plan Width": 4, "Actual Startup Time": 1.829, "Actual Total Time": 42.003, "Actual Rows": 1, "Actual Loops": 1, "Filter": "((keyword)::text = 'character-name-in-title'::text)", "Rows Removed by Filter": 134168}, {"Node Type": "Bitmap Heap Scan", "Parent Relationship": "Inner", "Relation Name": "movie_keyword", "Alias": "mk", "Startup Cost": 4.51, "Total Cost": 132.58, "Plan Rows": 33, "Plan Width": 8, "Actual Startup Time": 10.069, "Actual Total Time": 51.314, "Actual Rows": 41840, "Actual Loops": 1, "Recheck Cond": "(keyword_id = k.id)", "Rows Removed by Index Recheck": 0, "Exact Heap Blocks": 9702, "Lossy Heap Blocks": 9702, "Plans": [{"Node Type": "Bitmap Index Scan", "Parent Relationship": "Outer", "Index Name": "keyword_id_movie_keyword", "Startup Cost": 0.0, "Total Cost": 4.5, "Plan Rows": 33, "Plan Width": 0, "Actual Startup Time": 8.236, "Actual Total Time": 8.236, "Actual Rows": 41840, "Actual Loops": 1, "Index Cond": "(keyword_id = k.id)"}]}]}, {"Node Type": "Index Scan", "Parent Relationship": "Inner", "Scan Direction": "Forward", "Index Name": "movie_id_movie_companies", "Relation Name": "movie_companies", "Alias": "mc", "Startup Cost": 0.0, "Total Cost": 0.31, "Plan Rows": 2, "Plan Width": 8, "Actual Startup Time": 155.322, "Actual Total Time": 230.57, "Actual Rows": 148552, "Actual Loops": 41840, "Index Cond": "(movie_id = mk.movie_id)", "Rows Removed by Index Recheck": 0}]}, {"Node Type": "Index Scan", "Parent Relationship": "Inner", "Scan Direction": "Forward", "Index Name": "company_name_pkey", "Relation Name": "company_name", "Alias": "cn", "Startup Cost": 0.0, "Total Cost": 0.28, "Plan Rows": 1, "Plan Width": 4, "Actual Startup Time": 550.613, "Actual Total Time": 550.613, "Actual Rows": 5228, "Actual Loops": 148552, "Index Cond": "(id = mc.company_id)", "Rows Removed by Index Recheck": 0, "Filter": "((country_code)::text = '[nl]'::text)", "Rows Removed by Filter": 143324}]}, {"Node Type": "Index Scan", "Parent Relationship": "Inner", "Scan Direction": "Forward", "Index Name": "title_pkey", "Relation Name": "title", "Alias": "t", "Startup Cost": 0.0, "Total Cost": 0.31, "Plan Rows": 1, "Plan Width": 21, "Actual Startup Time": 22.709, "Actual Total Time": 22.709, "Actual Rows": 5228, "Actual Loops": 5228, "Index Cond": "(id = mk.movie_id)", "Rows Removed by Index Recheck": 0}]}]}, "Triggers": [], "Planner Runtime": 10.46, "Total Runtime": 1042.518, "Unique SQL Id": 2804875951}}, "(16, '37')": {"explain_plan": {"Plan": {"Node Type": "Aggregate", "Strategy": "Plain", "Startup Cost": 3347.38, "Total Cost": 3347.39, "Plan Rows": 1, "Plan Width": 49, "Plans": [{"Node Type": "Nested Loop", "Parent Relationship": "Outer", "Join Type": "Inner", "Startup Cost": 4.51, "Total Cost": 3347.38, "Plan Rows": 2, "Plan Width": 17, "Inner Unique": true, "Join Filter": "(mc.movie_id = t.id)", "Plans": [{"Node Type": "Nested Loop", "Parent Relationship": "Outer", "Join Type": "Inner", "Startup Cost": 4.51, "Total Cost": 3346.73, "Plan Rows": 2, "Plan Width": 8, "Inner Unique": true, "Plans": [{"Node Type": "Nested Loop", "Parent Relationship": "Outer", "Join Type": "Inner", "Startup Cost": 4.51, "Total Cost": 3326.6, "Plan Rows": 70, "Plan Width": 12, "Inner Unique": false, "Plans": [{"Node Type": "Nested Loop", "Parent Relationship": "Outer", "Join Type": "Inner", "Startup Cost": 4.51, "Total Cost": 3315.63, "Plan Rows": 33, "Plan Width": 4, "Inner Unique": false, "Plans": [{"Node Type": "Index Scan", "Parent Relationship": "Outer", "Scan Direction": "Forward", "Index Name": "keyword_pkey", "Relation Name": "keyword", "Alias": "k", "Startup Cost": 0.0, "Total Cost": 3182.72, "Plan Rows": 1, "Plan Width": 4, "Filter": "((keyword)::text = 'character-name-in-title'::text)"}, {"Node Type": "Bitmap Heap Scan", "Parent Relationship": "Inner", "Relation Name": "movie_keyword", "Alias": "mk", "Startup Cost": 4.51, "Total Cost": 132.58, "Plan Rows": 33, "Plan Width": 8, "Recheck Cond": "(keyword_id = k.id)", "Plans": [{"Node Type": "Bitmap Index Scan", "Parent Relationship": "Outer", "Index Name": "keyword_id_movie_keyword", "Startup Cost": 0.0, "Total Cost": 4.5, "Plan Rows": 33, "Plan Width": 0, "Index Cond": "(keyword_id = k.id)"}]}]}, {"Node Type": "Index Scan", "Parent Relationship": "Inner", "Scan Direction": "Forward", "Index Name": "movie_id_movie_companies", "Relation Name": "movie_companies", "Alias": "mc", "Startup Cost": 0.0, "Total Cost": 0.31, "Plan Rows": 2, "Plan Width": 8, "Index Cond": "(movie_id = mk.movie_id)"}]}, {"Node Type": "Index Scan", "Parent Relationship": "Inner", "Scan Direction": "Forward", "Index Name": "company_name_pkey", "Relation Name": "company_name", "Alias": "cn", "Startup Cost": 0.0, "Total Cost": 0.28, "Plan Rows": 1, "Plan Width": 4, "Index Cond": "(id = mc.company_id)", "Filter": "((country_code)::text = '[nl]'::text)"}]}, {"Node Type": "Index Scan", "Parent Relationship": "Inner", "Scan Direction": "Forward", "Index Name": "title_pkey", "Relation Name": "title", "Alias": "t", "Startup Cost": 0.0, "Total Cost": 0.31, "Plan Rows": 1, "Plan Width": 21, "Index Cond": "(id = mk.movie_id)"}]}]}, "Unique SQL Id": 2804875951, "Planner Runtime": 8}, "explain_analyze_plan": {"Plan": {"Node Type": "Aggregate", "Strategy": "Plain", "Startup Cost": 3347.38, "Total Cost": 3347.39, "Plan Rows": 1, "Plan Width": 49, "Actual Startup Time": 1183.532, "Actual Total Time": 1183.533, "Actual Rows": 1, "Actual Loops": 1, "Plans": [{"Node Type": "Nested Loop", "Parent Relationship": "Outer", "Join Type": "Inner", "Startup Cost": 4.51, "Total Cost": 3347.38, "Plan Rows": 2, "Plan Width": 17, "Actual Startup Time": 13.942, "Actual Total Time": 1180.637, "Actual Rows": 5228, "Actual Loops": 1, "Inner Unique": true, "Join Filter": "(mc.movie_id = t.id)", "Rows Removed by Join Filter": 0, "Plans": [{"Node Type": "Nested Loop", "Parent Relationship": "Outer", "Join Type": "Inner", "Startup Cost": 4.51, "Total Cost": 3346.73, "Plan Rows": 2, "Plan Width": 8, "Actual Startup Time": 13.922, "Actual Total Time": 1148.172, "Actual Rows": 5228, "Actual Loops": 1, "Inner Unique": true, "Plans": [{"Node Type": "Nested Loop", "Parent Relationship": "Outer", "Join Type": "Inner", "Startup Cost": 4.51, "Total Cost": 3326.6, "Plan Rows": 70, "Plan Width": 12, "Actual Startup Time": 10.495, "Actual Total Time": 511.238, "Actual Rows": 148552, "Actual Loops": 1, "Inner Unique": false, "Plans": [{"Node Type": "Nested Loop", "Parent Relationship": "Outer", "Join Type": "Inner", "Startup Cost": 4.51, "Total Cost": 3315.63, "Plan Rows": 33, "Plan Width": 4, "Actual Startup Time": 10.465, "Actual Total Time": 196.622, "Actual Rows": 41840, "Actual Loops": 1, "Inner Unique": false, "Plans": [{"Node Type": "Index Scan", "Parent Relationship": "Outer", "Scan Direction": "Forward", "Index Name": "keyword_pkey", "Relation Name": "keyword", "Alias": "k", "Startup Cost": 0.0, "Total Cost": 3182.72, "Plan Rows": 1, "Plan Width": 4, "Actual Startup Time": 0.292, "Actual Total Time": 125.899, "Actual Rows": 1, "Actual Loops": 1, "Filter": "((keyword)::text = 'character-name-in-title'::text)", "Rows Removed by Filter": 134168}, {"Node Type": "Bitmap Heap Scan", "Parent Relationship": "Inner", "Relation Name": "movie_keyword", "Alias": "mk", "Startup Cost": 4.51, "Total Cost": 132.58, "Plan Rows": 33, "Plan Width": 8, "Actual Startup Time": 10.166, "Actual Total Time": 61.96, "Actual Rows": 41840, "Actual Loops": 1, "Recheck Cond": "(keyword_id = k.id)", "Rows Removed by Index Recheck": 0, "Exact Heap Blocks": 9702, "Lossy Heap Blocks": 9702, "Plans": [{"Node Type": "Bitmap Index Scan", "Parent Relationship": "Outer", "Index Name": "keyword_id_movie_keyword", "Startup Cost": 0.0, "Total Cost": 4.5, "Plan Rows": 33, "Plan Width": 0, "Actual Startup Time": 8.352, "Actual Total Time": 8.352, "Actual Rows": 41840, "Actual Loops": 1, "Index Cond": "(keyword_id = k.id)"}]}]}, {"Node Type": "Index Scan", "Parent Relationship": "Inner", "Scan Direction": "Forward", "Index Name": "movie_id_movie_companies", "Relation Name": "movie_companies", "Alias": "mc", "Startup Cost": 0.0, "Total Cost": 0.31, "Plan Rows": 2, "Plan Width": 8, "Actual Startup Time": 176.45, "Actual Total Time": 259.319, "Actual Rows": 148552, "Actual Loops": 41840, "Index Cond": "(movie_id = mk.movie_id)", "Rows Removed by Index Recheck": 0}]}, {"Node Type": "Index Scan", "Parent Relationship": "Inner", "Scan Direction": "Forward", "Index Name": "company_name_pkey", "Relation Name": "company_name", "Alias": "cn", "Startup Cost": 0.0, "Total Cost": 0.28, "Plan Rows": 1, "Plan Width": 4, "Actual Startup Time": 563.789, "Actual Total Time": 563.789, "Actual Rows": 5228, "Actual Loops": 148552, "Index Cond": "(id = mc.company_id)", "Rows Removed by Index Recheck": 0, "Filter": "((country_code)::text = '[nl]'::text)", "Rows Removed by Filter": 143324}]}, {"Node Type": "Index Scan", "Parent Relationship": "Inner", "Scan Direction": "Forward", "Index Name": "title_pkey", "Relation Name": "title", "Alias": "t", "Startup Cost": 0.0, "Total Cost": 0.31, "Plan Rows": 1, "Plan Width": 21, "Actual Startup Time": 26.892, "Actual Total Time": 26.892, "Actual Rows": 5228, "Actual Loops": 5228, "Index Cond": "(id = mk.movie_id)", "Rows Removed by Index Recheck": 0}]}]}, "Triggers": [], "Planner Runtime": 11.909, "Total Runtime": 1183.878, "Unique SQL Id": 2804875951}}, "(16, '38')": {"explain_plan": {"Plan": {"Node Type": "Aggregate", "Strategy": "Plain", "Startup Cost": 3019.97, "Total Cost": 3019.98, "Plan Rows": 1, "Plan Width": 49, "Plans": [{"Node Type": "Nested Loop", "Parent Relationship": "Outer", "Join Type": "Inner", "Startup Cost": 5.3, "Total Cost": 3019.97, "Plan Rows": 2, "Plan Width": 17, "Inner Unique": true, "Join Filter": "(mc.movie_id = t.id)", "Plans": [{"Node Type": "Nested Loop", "Parent Relationship": "Outer", "Join Type": "Inner", "Startup Cost": 5.04, "Total Cost": 3011.39, "Plan Rows": 2, "Plan Width": 8, "Inner Unique": true, "Plans": [{"Node Type": "Nested Loop", "Parent Relationship": "Outer", "Join Type": "Inner", "Startup Cost": 4.78, "Total Cost": 2711.55, "Plan Rows": 70, "Plan Width": 12, "Inner Unique": false, "Plans": [{"Node Type": "Nested Loop", "Parent Relationship": "Outer", "Join Type": "Inner", "Startup Cost": 4.51, "Total Cost": 2569.02, "Plan Rows": 33, "Plan Width": 4, "Inner Unique": false, "Plans": [{"Node Type": "Seq Scan", "Parent Relationship": "Outer", "Relation Name": "keyword", "Alias": "k", "Startup Cost": 0.0, "Total Cost": 2436.11, "Plan Rows": 1, "Plan Width": 4, "Filter": "((keyword)::text = 'character-name-in-title'::text)"}, {"Node Type": "Bitmap Heap Scan", "Parent Relationship": "Inner", "Relation Name": "movie_keyword", "Alias": "mk", "Startup Cost": 4.51, "Total Cost": 132.58, "Plan Rows": 33, "Plan Width": 8, "Recheck Cond": "(keyword_id = k.id)", "Plans": [{"Node Type": "Bitmap Index Scan", "Parent Relationship": "Outer", "Index Name": "keyword_id_movie_keyword", "Startup Cost": 0.0, "Total Cost": 4.5, "Plan Rows": 33, "Plan Width": 0, "Index Cond": "(keyword_id = k.id)"}]}]}, {"Node Type": "Bitmap Heap Scan", "Parent Relationship": "Inner", "Relation Name": "movie_companies", "Alias": "mc", "Startup Cost": 0.27, "Total Cost": 4.3, "Plan Rows": 2, "Plan Width": 8, "Recheck Cond": "(movie_id = mk.movie_id)", "Plans": [{"Node Type": "Bitmap Index Scan", "Parent Relationship": "Outer", "Index Name": "movie_id_movie_companies", "Startup Cost": 0.0, "Total Cost": 0.27, "Plan Rows": 2, "Plan Width": 0, "Index Cond": "(movie_id = mk.movie_id)"}]}]}, {"Node Type": "Bitmap Heap Scan", "Parent Relationship": "Inner", "Relation Name": "company_name", "Alias": "cn", "Startup Cost": 0.26, "Total Cost": 4.27, "Plan Rows": 1, "Plan Width": 4, "Recheck Cond": "(id = mc.company_id)", "Filter": "((country_code)::text = '[nl]'::text)", "Plans": [{"Node Type": "Bitmap Index Scan", "Parent Relationship": "Outer", "Index Name": "company_name_pkey", "Startup Cost": 0.0, "Total Cost": 0.26, "Plan Rows": 1, "Plan Width": 0, "Index Cond": "(id = mc.company_id)"}]}]}, {"Node Type": "Bitmap Heap Scan", "Parent Relationship": "Inner", "Relation Name": "title", "Alias": "t", "Startup Cost": 0.27, "Total Cost": 4.28, "Plan Rows": 1, "Plan Width": 21, "Recheck Cond": "(id = mk.movie_id)", "Plans": [{"Node Type": "Bitmap Index Scan", "Parent Relationship": "Outer", "Index Name": "title_pkey", "Startup Cost": 0.0, "Total Cost": 0.27, "Plan Rows": 1, "Plan Width": 0, "Index Cond": "(id = mk.movie_id)"}]}]}]}, "Unique SQL Id": 2804875951, "Planner Runtime": 13}, "explain_analyze_plan": {"Plan": {"Node Type": "Aggregate", "Strategy": "Plain", "Startup Cost": 3019.97, "Total Cost": 3019.98, "Plan Rows": 1, "Plan Width": 49, "Actual Startup Time": 1407.614, "Actual Total Time": 1407.615, "Actual Rows": 1, "Actual Loops": 1, "Plans": [{"Node Type": "Nested Loop", "Parent Relationship": "Outer", "Join Type": "Inner", "Startup Cost": 5.3, "Total Cost": 3019.97, "Plan Rows": 2, "Plan Width": 17, "Actual Startup Time": 16.178, "Actual Total Time": 1403.151, "Actual Rows": 5228, "Actual Loops": 1, "Inner Unique": true, "Join Filter": "(mc.movie_id = t.id)", "Rows Removed by Join Filter": 0, "Plans": [{"Node Type": "Nested Loop", "Parent Relationship": "Outer", "Join Type": "Inner", "Startup Cost": 5.04, "Total Cost": 3011.39, "Plan Rows": 2, "Plan Width": 8, "Actual Startup Time": 16.158, "Actual Total Time": 1365.668, "Actual Rows": 5228, "Actual Loops": 1, "Inner Unique": true, "Plans": [{"Node Type": "Nested Loop", "Parent Relationship": "Outer", "Join Type": "Inner", "Startup Cost": 4.78, "Total Cost": 2711.55, "Plan Rows": 70, "Plan Width": 12, "Actual Startup Time": 11.838, "Actual Total Time": 496.315, "Actual Rows": 148552, "Actual Loops": 1, "Inner Unique": false, "Plans": [{"Node Type": "Nested Loop", "Parent Relationship": "Outer", "Join Type": "Inner", "Startup Cost": 4.51, "Total Cost": 2569.02, "Plan Rows": 33, "Plan Width": 4, "Actual Startup Time": 11.8, "Actual Total Time": 100.005, "Actual Rows": 41840, "Actual Loops": 1, "Inner Unique": false, "Plans": [{"Node Type": "Seq Scan", "Parent Relationship": "Outer", "Relation Name": "keyword", "Alias": "k", "Startup Cost": 0.0, "Total Cost": 2436.11, "Plan Rows": 1, "Plan Width": 4, "Actual Startup Time": 1.772, "Actual Total Time": 40.559, "Actual Rows": 1, "Actual Loops": 1, "Filter": "((keyword)::text = 'character-name-in-title'::text)", "Rows Removed by Filter": 134168}, {"Node Type": "Bitmap Heap Scan", "Parent Relationship": "Inner", "Relation Name": "movie_keyword", "Alias": "mk", "Startup Cost": 4.51, "Total Cost": 132.58, "Plan Rows": 33, "Plan Width": 8, "Actual Startup Time": 10.022, "Actual Total Time": 50.222, "Actual Rows": 41840, "Actual Loops": 1, "Recheck Cond": "(keyword_id = k.id)", "Rows Removed by Index Recheck": 0, "Exact Heap Blocks": 9702, "Lossy Heap Blocks": 9702, "Plans": [{"Node Type": "Bitmap Index Scan", "Parent Relationship": "Outer", "Index Name": "keyword_id_movie_keyword", "Startup Cost": 0.0, "Total Cost": 4.5, "Plan Rows": 33, "Plan Width": 0, "Actual Startup Time": 8.253, "Actual Total Time": 8.253, "Actual Rows": 41840, "Actual Loops": 1, "Index Cond": "(keyword_id = k.id)"}]}]}, {"Node Type": "Bitmap Heap Scan", "Parent Relationship": "Inner", "Relation Name": "movie_companies", "Alias": "mc", "Startup Cost": 0.27, "Total Cost": 4.3, "Plan Rows": 2, "Plan Width": 8, "Actual Startup Time": 253.295, "Actual Total Time": 310.868, "Actual Rows": 148552, "Actual Loops": 41840, "Recheck Cond": "(movie_id = mk.movie_id)", "Rows Removed by Index Recheck": 0, "Exact Heap Blocks": 62638, "Lossy Heap Blocks": 62638, "Plans": [{"Node Type": "Bitmap Index Scan", "Parent Relationship": "Outer", "Index Name": "movie_id_movie_companies", "Startup Cost": 0.0, "Total Cost": 0.27, "Plan Rows": 2, "Plan Width": 0, "Actual Startup Time": 156.576, "Actual Total Time": 156.576, "Actual Rows": 148552, "Actual Loops": 41840, "Index Cond": "(movie_id = mk.movie_id)"}]}]}, {"Node Type": "Bitmap Heap Scan", "Parent Relationship": "Inner", "Relation Name": "company_name", "Alias": "cn", "Startup Cost": 0.26, "Total Cost": 4.27, "Plan Rows": 1, "Plan Width": 4, "Actual Startup Time": 699.973, "Actual Total Time": 699.973, "Actual Rows": 5228, "Actual Loops": 148552, "Recheck Cond": "(id = mc.company_id)", "Rows Removed by Index Recheck": 0, "Filter": "((country_code)::text = '[nl]'::text)", "Rows Removed by Filter": 143324, "Exact Heap Blocks": 148552, "Lossy Heap Blocks": 148552, "Plans": [{"Node Type": "Bitmap Index Scan", "Parent Relationship": "Outer", "Index Name": "company_name_pkey", "Startup Cost": 0.0, "Total Cost": 0.26, "Plan Rows": 1, "Plan Width": 0, "Actual Startup Time": 386.659, "Actual Total Time": 386.659, "Actual Rows": 148552, "Actual Loops": 148552, "Index Cond": "(id = mc.company_id)"}]}]}, {"Node Type": "Bitmap Heap Scan", "Parent Relationship": "Inner", "Relation Name": "title", "Alias": "t", "Startup Cost": 0.27, "Total Cost": 4.28, "Plan Rows": 1, "Plan Width": 21, "Actual Startup Time": 28.495, "Actual Total Time": 28.495, "Actual Rows": 5228, "Actual Loops": 5228, "Recheck Cond": "(id = mk.movie_id)", "Rows Removed by Index Recheck": 0, "Exact Heap Blocks": 5228, "Lossy Heap Blocks": 5228, "Plans": [{"Node Type": "Bitmap Index Scan", "Parent Relationship": "Outer", "Index Name": "title_pkey", "Startup Cost": 0.0, "Total Cost": 0.27, "Plan Rows": 1, "Plan Width": 0, "Actual Startup Time": 17.109, "Actual Total Time": 17.109, "Actual Rows": 5228, "Actual Loops": 5228, "Index Cond": "(id = mk.movie_id)"}]}]}]}, "Triggers": [], "Planner Runtime": 15.864, "Total Runtime": 1408.006, "Unique SQL Id": 2804875951}}, "(16, '39')": {"explain_plan": {"Plan": {"Node Type": "Aggregate", "Strategy": "Plain", "Startup Cost": 3739.07, "Total Cost": 3739.08, "Plan Rows": 1, "Plan Width": 49, "Plans": [{"Node Type": "Nested Loop", "Parent Relationship": "Outer", "Join Type": "Inner", "Startup Cost": 724.4, "Total Cost": 3739.06, "Plan Rows": 2, "Plan Width": 17, "Inner Unique": true, "Join Filter": "(mc.movie_id = t.id)", "Plans": [{"Node Type": "Nested Loop", "Parent Relationship": "Outer", "Join Type": "Inner", "Startup Cost": 724.13, "Total Cost": 3730.48, "Plan Rows": 2, "Plan Width": 8, "Inner Unique": true, "Plans": [{"Node Type": "Nested Loop", "Parent Relationship": "Outer", "Join Type": "Inner", "Startup Cost": 723.87, "Total Cost": 3430.65, "Plan Rows": 70, "Plan Width": 12, "Inner Unique": false, "Plans": [{"Node Type": "Nested Loop", "Parent Relationship": "Outer", "Join Type": "Inner", "Startup Cost": 723.6, "Total Cost": 3288.12, "Plan Rows": 33, "Plan Width": 4, "Inner Unique": false, "Plans": [{"Node Type": "Bitmap Heap Scan", "Parent Relationship": "Outer", "Relation Name": "keyword", "Alias": "k", "Startup Cost": 719.1, "Total Cost": 3155.21, "Plan Rows": 1, "Plan Width": 4, "Filter": "((keyword)::text = 'character-name-in-title'::text)", "Plans": [{"Node Type": "Bitmap Index Scan", "Parent Relationship": "Outer", "Index Name": "keyword_pkey", "Startup Cost": 0.0, "Total Cost": 719.1, "Plan Rows": 134169, "Plan Width": 0}]}, {"Node Type": "Bitmap Heap Scan", "Parent Relationship": "Inner", "Relation Name": "movie_keyword", "Alias": "mk", "Startup Cost": 4.51, "Total Cost": 132.58, "Plan Rows": 33, "Plan Width": 8, "Recheck Cond": "(keyword_id = k.id)", "Plans": [{"Node Type": "Bitmap Index Scan", "Parent Relationship": "Outer", "Index Name": "keyword_id_movie_keyword", "Startup Cost": 0.0, "Total Cost": 4.5, "Plan Rows": 33, "Plan Width": 0, "Index Cond": "(keyword_id = k.id)"}]}]}, {"Node Type": "Bitmap Heap Scan", "Parent Relationship": "Inner", "Relation Name": "movie_companies", "Alias": "mc", "Startup Cost": 0.27, "Total Cost": 4.3, "Plan Rows": 2, "Plan Width": 8, "Recheck Cond": "(movie_id = mk.movie_id)", "Plans": [{"Node Type": "Bitmap Index Scan", "Parent Relationship": "Outer", "Index Name": "movie_id_movie_companies", "Startup Cost": 0.0, "Total Cost": 0.27, "Plan Rows": 2, "Plan Width": 0, "Index Cond": "(movie_id = mk.movie_id)"}]}]}, {"Node Type": "Bitmap Heap Scan", "Parent Relationship": "Inner", "Relation Name": "company_name", "Alias": "cn", "Startup Cost": 0.26, "Total Cost": 4.27, "Plan Rows": 1, "Plan Width": 4, "Recheck Cond": "(id = mc.company_id)", "Filter": "((country_code)::text = '[nl]'::text)", "Plans": [{"Node Type": "Bitmap Index Scan", "Parent Relationship": "Outer", "Index Name": "company_name_pkey", "Startup Cost": 0.0, "Total Cost": 0.26, "Plan Rows": 1, "Plan Width": 0, "Index Cond": "(id = mc.company_id)"}]}]}, {"Node Type": "Bitmap Heap Scan", "Parent Relationship": "Inner", "Relation Name": "title", "Alias": "t", "Startup Cost": 0.27, "Total Cost": 4.28, "Plan Rows": 1, "Plan Width": 21, "Recheck Cond": "(id = mk.movie_id)", "Plans": [{"Node Type": "Bitmap Index Scan", "Parent Relationship": "Outer", "Index Name": "title_pkey", "Startup Cost": 0.0, "Total Cost": 0.27, "Plan Rows": 1, "Plan Width": 0, "Index Cond": "(id = mk.movie_id)"}]}]}]}, "Unique SQL Id": 2804875951, "Planner Runtime": 4}, "explain_analyze_plan": {"Plan": {"Node Type": "Aggregate", "Strategy": "Plain", "Startup Cost": 3739.07, "Total Cost": 3739.08, "Plan Rows": 1, "Plan Width": 49, "Actual Startup Time": 1387.145, "Actual Total Time": 1387.146, "Actual Rows": 1, "Actual Loops": 1, "Plans": [{"Node Type": "Nested Loop", "Parent Relationship": "Outer", "Join Type": "Inner", "Startup Cost": 724.4, "Total Cost": 3739.06, "Plan Rows": 2, "Plan Width": 17, "Actual Startup Time": 25.648, "Actual Total Time": 1382.175, "Actual Rows": 5228, "Actual Loops": 1, "Inner Unique": true, "Join Filter": "(mc.movie_id = t.id)", "Rows Removed by Join Filter": 0, "Plans": [{"Node Type": "Nested Loop", "Parent Relationship": "Outer", "Join Type": "Inner", "Startup Cost": 724.13, "Total Cost": 3730.48, "Plan Rows": 2, "Plan Width": 8, "Actual Startup Time": 25.627, "Actual Total Time": 1347.061, "Actual Rows": 5228, "Actual Loops": 1, "Inner Unique": true, "Plans": [{"Node Type": "Nested Loop", "Parent Relationship": "Outer", "Join Type": "Inner", "Startup Cost": 723.87, "Total Cost": 3430.65, "Plan Rows": 70, "Plan Width": 12, "Actual Startup Time": 21.56, "Actual Total Time": 492.049, "Actual Rows": 148552, "Actual Loops": 1, "Inner Unique": false, "Plans": [{"Node Type": "Nested Loop", "Parent Relationship": "Outer", "Join Type": "Inner", "Startup Cost": 723.6, "Total Cost": 3288.12, "Plan Rows": 33, "Plan Width": 4, "Actual Startup Time": 21.524, "Actual Total Time": 111.574, "Actual Rows": 41840, "Actual Loops": 1, "Inner Unique": false, "Plans": [{"Node Type": "Bitmap Heap Scan", "Parent Relationship": "Outer", "Relation Name": "keyword", "Alias": "k", "Startup Cost": 719.1, "Total Cost": 3155.21, "Plan Rows": 1, "Plan Width": 4, "Actual Startup Time": 13.5, "Actual Total Time": 60.831, "Actual Rows": 1, "Actual Loops": 1, "Filter": "((keyword)::text = 'character-name-in-title'::text)", "Rows Removed by Filter": 134168, "Exact Heap Blocks": 759, "Lossy Heap Blocks": 759, "Plans": [{"Node Type": "Bitmap Index Scan", "Parent Relationship": "Outer", "Index Name": "keyword_pkey", "Startup Cost": 0.0, "Total Cost": 719.1, "Plan Rows": 134169, "Plan Width": 0, "Actual Startup Time": 11.196, "Actual Total Time": 11.196, "Actual Rows": 134169, "Actual Loops": 1}]}, {"Node Type": "Bitmap Heap Scan", "Parent Relationship": "Inner", "Relation Name": "movie_keyword", "Alias": "mk", "Startup Cost": 4.51, "Total Cost": 132.58, "Plan Rows": 33, "Plan Width": 8, "Actual Startup Time": 8.013, "Actual Total Time": 41.471, "Actual Rows": 41840, "Actual Loops": 1, "Recheck Cond": "(keyword_id = k.id)", "Rows Removed by Index Recheck": 0, "Exact Heap Blocks": 9702, "Lossy Heap Blocks": 9702, "Plans": [{"Node Type": "Bitmap Index Scan", "Parent Relationship": "Outer", "Index Name": "keyword_id_movie_keyword", "Startup Cost": 0.0, "Total Cost": 4.5, "Plan Rows": 33, "Plan Width": 0, "Actual Startup Time": 6.272, "Actual Total Time": 6.272, "Actual Rows": 41840, "Actual Loops": 1, "Index Cond": "(keyword_id = k.id)"}]}]}, {"Node Type": "Bitmap Heap Scan", "Parent Relationship": "Inner", "Relation Name": "movie_companies", "Alias": "mc", "Startup Cost": 0.27, "Total Cost": 4.3, "Plan Rows": 2, "Plan Width": 8, "Actual Startup Time": 240.891, "Actual Total Time": 294.516, "Actual Rows": 148552, "Actual Loops": 41840, "Recheck Cond": "(movie_id = mk.movie_id)", "Rows Removed by Index Recheck": 0, "Exact Heap Blocks": 62638, "Lossy Heap Blocks": 62638, "Plans": [{"Node Type": "Bitmap Index Scan", "Parent Relationship": "Outer", "Index Name": "movie_id_movie_companies", "Startup Cost": 0.0, "Total Cost": 0.27, "Plan Rows": 2, "Plan Width": 0, "Actual Startup Time": 150.419, "Actual Total Time": 150.419, "Actual Rows": 148552, "Actual Loops": 41840, "Index Cond": "(movie_id = mk.movie_id)"}]}]}, {"Node Type": "Bitmap Heap Scan", "Parent Relationship": "Inner", "Relation Name": "company_name", "Alias": "cn", "Startup Cost": 0.26, "Total Cost": 4.27, "Plan Rows": 1, "Plan Width": 4, "Actual Startup Time": 685.084, "Actual Total Time": 685.084, "Actual Rows": 5228, "Actual Loops": 148552, "Recheck Cond": "(id = mc.company_id)", "Rows Removed by Index Recheck": 0, "Filter": "((country_code)::text = '[nl]'::text)", "Rows Removed by Filter": 143324, "Exact Heap Blocks": 148552, "Lossy Heap Blocks": 148552, "Plans": [{"Node Type": "Bitmap Index Scan", "Parent Relationship": "Outer", "Index Name": "company_name_pkey", "Startup Cost": 0.0, "Total Cost": 0.26, "Plan Rows": 1, "Plan Width": 0, "Actual Startup Time": 382.826, "Actual Total Time": 382.826, "Actual Rows": 148552, "Actual Loops": 148552, "Index Cond": "(id = mc.company_id)"}]}]}, {"Node Type": "Bitmap Heap Scan", "Parent Relationship": "Inner", "Relation Name": "title", "Alias": "t", "Startup Cost": 0.27, "Total Cost": 4.28, "Plan Rows": 1, "Plan Width": 21, "Actual Startup Time": 25.907, "Actual Total Time": 25.907, "Actual Rows": 5228, "Actual Loops": 5228, "Recheck Cond": "(id = mk.movie_id)", "Rows Removed by Index Recheck": 0, "Exact Heap Blocks": 5228, "Lossy Heap Blocks": 5228, "Plans": [{"Node Type": "Bitmap Index Scan", "Parent Relationship": "Outer", "Index Name": "title_pkey", "Startup Cost": 0.0, "Total Cost": 0.27, "Plan Rows": 1, "Plan Width": 0, "Actual Startup Time": 16.062, "Actual Total Time": 16.062, "Actual Rows": 5228, "Actual Loops": 5228, "Index Cond": "(id = mk.movie_id)"}]}]}]}, "Triggers": [], "Planner Runtime": 8.607, "Total Runtime": 1387.489, "Unique SQL Id": 2804875951}}, "(16, '40')": {"explain_plan": {"Plan": {"Node Type": "Aggregate", "Strategy": "Plain", "Startup Cost": 2605.07, "Total Cost": 2605.08, "Plan Rows": 1, "Plan Width": 49, "Plans": [{"Node Type": "Nested Loop", "Parent Relationship": "Outer", "Join Type": "Inner", "Startup Cost": 0.0, "Total Cost": 2605.07, "Plan Rows": 2, "Plan Width": 17, "Inner Unique": true, "Join Filter": "(mc.movie_id = t.id)", "Plans": [{"Node Type": "Nested Loop", "Parent Relationship": "Outer", "Join Type": "Inner", "Startup Cost": 0.0, "Total Cost": 2604.42, "Plan Rows": 2, "Plan Width": 8, "Inner Unique": true, "Plans": [{"Node Type": "Nested Loop", "Parent Relationship": "Outer", "Join Type": "Inner", "Startup Cost": 0.0, "Total Cost": 2584.29, "Plan Rows": 70, "Plan Width": 12, "Inner Unique": false, "Plans": [{"Node Type": "Nested Loop", "Parent Relationship": "Outer", "Join Type": "Inner", "Startup Cost": 0.0, "Total Cost": 2573.32, "Plan Rows": 33, "Plan Width": 4, "Inner Unique": false, "Plans": [{"Node Type": "Seq Scan", "Parent Relationship": "Outer", "Relation Name": "keyword", "Alias": "k", "Startup Cost": 0.0, "Total Cost": 2436.11, "Plan Rows": 1, "Plan Width": 4, "Filter": "((keyword)::text = 'character-name-in-title'::text)"}, {"Node Type": "Index Scan", "Parent Relationship": "Inner", "Scan Direction": "Forward", "Index Name": "keyword_id_movie_keyword", "Relation Name": "movie_keyword", "Alias": "mk", "Startup Cost": 0.0, "Total Cost": 136.88, "Plan Rows": 33, "Plan Width": 8, "Index Cond": "(keyword_id = k.id)"}]}, {"Node Type": "Index Scan", "Parent Relationship": "Inner", "Scan Direction": "Forward", "Index Name": "movie_id_movie_companies", "Relation Name": "movie_companies", "Alias": "mc", "Startup Cost": 0.0, "Total Cost": 0.31, "Plan Rows": 2, "Plan Width": 8, "Index Cond": "(movie_id = mk.movie_id)"}]}, {"Node Type": "Index Scan", "Parent Relationship": "Inner", "Scan Direction": "Forward", "Index Name": "company_name_pkey", "Relation Name": "company_name", "Alias": "cn", "Startup Cost": 0.0, "Total Cost": 0.28, "Plan Rows": 1, "Plan Width": 4, "Index Cond": "(id = mc.company_id)", "Filter": "((country_code)::text = '[nl]'::text)"}]}, {"Node Type": "Index Scan", "Parent Relationship": "Inner", "Scan Direction": "Forward", "Index Name": "title_pkey", "Relation Name": "title", "Alias": "t", "Startup Cost": 0.0, "Total Cost": 0.31, "Plan Rows": 1, "Plan Width": 21, "Index Cond": "(id = mk.movie_id)"}]}]}, "Unique SQL Id": 2804875951, "Planner Runtime": 8}, "explain_analyze_plan": {"Plan": {"Node Type": "Aggregate", "Strategy": "Plain", "Startup Cost": 2605.07, "Total Cost": 2605.08, "Plan Rows": 1, "Plan Width": 49, "Actual Startup Time": 1003.672, "Actual Total Time": 1003.673, "Actual Rows": 1, "Actual Loops": 1, "Plans": [{"Node Type": "Nested Loop", "Parent Relationship": "Outer", "Join Type": "Inner", "Startup Cost": 0.0, "Total Cost": 2605.07, "Plan Rows": 2, "Plan Width": 17, "Actual Startup Time": 4.721, "Actual Total Time": 1000.415, "Actual Rows": 5228, "Actual Loops": 1, "Inner Unique": true, "Join Filter": "(mc.movie_id = t.id)", "Rows Removed by Join Filter": 0, "Plans": [{"Node Type": "Nested Loop", "Parent Relationship": "Outer", "Join Type": "Inner", "Startup Cost": 0.0, "Total Cost": 2604.42, "Plan Rows": 2, "Plan Width": 8, "Actual Startup Time": 4.708, "Actual Total Time": 973.99, "Actual Rows": 5228, "Actual Loops": 1, "Inner Unique": true, "Plans": [{"Node Type": "Nested Loop", "Parent Relationship": "Outer", "Join Type": "Inner", "Startup Cost": 0.0, "Total Cost": 2584.29, "Plan Rows": 70, "Plan Width": 12, "Actual Startup Time": 1.809, "Actual Total Time": 358.696, "Actual Rows": 148552, "Actual Loops": 1, "Inner Unique": false, "Plans": [{"Node Type": "Nested Loop", "Parent Relationship": "Outer", "Join Type": "Inner", "Startup Cost": 0.0, "Total Cost": 2573.32, "Plan Rows": 33, "Plan Width": 4, "Actual Startup Time": 1.792, "Actual Total Time": 86.929, "Actual Rows": 41840, "Actual Loops": 1, "Inner Unique": false, "Plans": [{"Node Type": "Seq Scan", "Parent Relationship": "Outer", "Relation Name": "keyword", "Alias": "k", "Startup Cost": 0.0, "Total Cost": 2436.11, "Plan Rows": 1, "Plan Width": 4, "Actual Startup Time": 1.768, "Actual Total Time": 41.894, "Actual Rows": 1, "Actual Loops": 1, "Filter": "((keyword)::text = 'character-name-in-title'::text)", "Rows Removed by Filter": 134168}, {"Node Type": "Index Scan", "Parent Relationship": "Inner", "Scan Direction": "Forward", "Index Name": "keyword_id_movie_keyword", "Relation Name": "movie_keyword", "Alias": "mk", "Startup Cost": 0.0, "Total Cost": 136.88, "Plan Rows": 33, "Plan Width": 8, "Actual Startup Time": 0.02, "Actual Total Time": 35.59, "Actual Rows": 41840, "Actual Loops": 1, "Index Cond": "(keyword_id = k.id)", "Rows Removed by Index Recheck": 0}]}, {"Node Type": "Index Scan", "Parent Relationship": "Inner", "Scan Direction": "Forward", "Index Name": "movie_id_movie_companies", "Relation Name": "movie_companies", "Alias": "mc", "Startup Cost": 0.0, "Total Cost": 0.31, "Plan Rows": 2, "Plan Width": 8, "Actual Startup Time": 145.322, "Actual Total Time": 215.961, "Actual Rows": 148552, "Actual Loops": 41840, "Index Cond": "(movie_id = mk.movie_id)", "Rows Removed by Index Recheck": 0}]}, {"Node Type": "Index Scan", "Parent Relationship": "Inner", "Scan Direction": "Forward", "Index Name": "company_name_pkey", "Relation Name": "company_name", "Alias": "cn", "Startup Cost": 0.0, "Total Cost": 0.28, "Plan Rows": 1, "Plan Width": 4, "Actual Startup Time": 543.353, "Actual Total Time": 543.353, "Actual Rows": 5228, "Actual Loops": 148552, "Index Cond": "(id = mc.company_id)", "Rows Removed by Index Recheck": 0, "Filter": "((country_code)::text = '[nl]'::text)", "Rows Removed by Filter": 143324}]}, {"Node Type": "Index Scan", "Parent Relationship": "Inner", "Scan Direction": "Forward", "Index Name": "title_pkey", "Relation Name": "title", "Alias": "t", "Startup Cost": 0.0, "Total Cost": 0.31, "Plan Rows": 1, "Plan Width": 21, "Actual Startup Time": 20.597, "Actual Total Time": 20.597, "Actual Rows": 5228, "Actual Loops": 5228, "Index Cond": "(id = mk.movie_id)", "Rows Removed by Index Recheck": 0}]}]}, "Triggers": [], "Planner Runtime": 10.364, "Total Runtime": 1003.955, "Unique SQL Id": 2804875951}}, "(16, '41')": {"explain_plan": {"Plan": {"Node Type": "Aggregate", "Strategy": "Plain", "Startup Cost": 3351.67, "Total Cost": 3351.68, "Plan Rows": 1, "Plan Width": 49, "Plans": [{"Node Type": "Nested Loop", "Parent Relationship": "Outer", "Join Type": "Inner", "Startup Cost": 0.0, "Total Cost": 3351.67, "Plan Rows": 2, "Plan Width": 17, "Inner Unique": true, "Join Filter": "(mc.movie_id = t.id)", "Plans": [{"Node Type": "Nested Loop", "Parent Relationship": "Outer", "Join Type": "Inner", "Startup Cost": 0.0, "Total Cost": 3351.03, "Plan Rows": 2, "Plan Width": 8, "Inner Unique": true, "Plans": [{"Node Type": "Nested Loop", "Parent Relationship": "Outer", "Join Type": "Inner", "Startup Cost": 0.0, "Total Cost": 3330.89, "Plan Rows": 70, "Plan Width": 12, "Inner Unique": false, "Plans": [{"Node Type": "Nested Loop", "Parent Relationship": "Outer", "Join Type": "Inner", "Startup Cost": 0.0, "Total Cost": 3319.92, "Plan Rows": 33, "Plan Width": 4, "Inner Unique": false, "Plans": [{"Node Type": "Index Scan", "Parent Relationship": "Outer", "Scan Direction": "Forward", "Index Name": "keyword_pkey", "Relation Name": "keyword", "Alias": "k", "Startup Cost": 0.0, "Total Cost": 3182.72, "Plan Rows": 1, "Plan Width": 4, "Filter": "((keyword)::text = 'character-name-in-title'::text)"}, {"Node Type": "Index Scan", "Parent Relationship": "Inner", "Scan Direction": "Forward", "Index Name": "keyword_id_movie_keyword", "Relation Name": "movie_keyword", "Alias": "mk", "Startup Cost": 0.0, "Total Cost": 136.88, "Plan Rows": 33, "Plan Width": 8, "Index Cond": "(keyword_id = k.id)"}]}, {"Node Type": "Index Scan", "Parent Relationship": "Inner", "Scan Direction": "Forward", "Index Name": "movie_id_movie_companies", "Relation Name": "movie_companies", "Alias": "mc", "Startup Cost": 0.0, "Total Cost": 0.31, "Plan Rows": 2, "Plan Width": 8, "Index Cond": "(movie_id = mk.movie_id)"}]}, {"Node Type": "Index Scan", "Parent Relationship": "Inner", "Scan Direction": "Forward", "Index Name": "company_name_pkey", "Relation Name": "company_name", "Alias": "cn", "Startup Cost": 0.0, "Total Cost": 0.28, "Plan Rows": 1, "Plan Width": 4, "Index Cond": "(id = mc.company_id)", "Filter": "((country_code)::text = '[nl]'::text)"}]}, {"Node Type": "Index Scan", "Parent Relationship": "Inner", "Scan Direction": "Forward", "Index Name": "title_pkey", "Relation Name": "title", "Alias": "t", "Startup Cost": 0.0, "Total Cost": 0.31, "Plan Rows": 1, "Plan Width": 21, "Index Cond": "(id = mk.movie_id)"}]}]}, "Unique SQL Id": 2804875951, "Planner Runtime": 7}, "explain_analyze_plan": {"Plan": {"Node Type": "Aggregate", "Strategy": "Plain", "Startup Cost": 3351.67, "Total Cost": 3351.68, "Plan Rows": 1, "Plan Width": 49, "Actual Startup Time": 1115.49, "Actual Total Time": 1115.49, "Actual Rows": 1, "Actual Loops": 1, "Plans": [{"Node Type": "Nested Loop", "Parent Relationship": "Outer", "Join Type": "Inner", "Startup Cost": 0.0, "Total Cost": 3351.67, "Plan Rows": 2, "Plan Width": 17, "Actual Startup Time": 3.24, "Actual Total Time": 1112.359, "Actual Rows": 5228, "Actual Loops": 1, "Inner Unique": true, "Join Filter": "(mc.movie_id = t.id)", "Rows Removed by Join Filter": 0, "Plans": [{"Node Type": "Nested Loop", "Parent Relationship": "Outer", "Join Type": "Inner", "Startup Cost": 0.0, "Total Cost": 3351.03, "Plan Rows": 2, "Plan Width": 8, "Actual Startup Time": 3.226, "Actual Total Time": 1085.159, "Actual Rows": 5228, "Actual Loops": 1, "Inner Unique": true, "Plans": [{"Node Type": "Nested Loop", "Parent Relationship": "Outer", "Join Type": "Inner", "Startup Cost": 0.0, "Total Cost": 3330.89, "Plan Rows": 70, "Plan Width": 12, "Actual Startup Time": 0.236, "Actual Total Time": 447.681, "Actual Rows": 148552, "Actual Loops": 1, "Inner Unique": false, "Plans": [{"Node Type": "Nested Loop", "Parent Relationship": "Outer", "Join Type": "Inner", "Startup Cost": 0.0, "Total Cost": 3319.92, "Plan Rows": 33, "Plan Width": 4, "Actual Startup Time": 0.221, "Actual Total Time": 168.712, "Actual Rows": 41840, "Actual Loops": 1, "Inner Unique": false, "Plans": [{"Node Type": "Index Scan", "Parent Relationship": "Outer", "Scan Direction": "Forward", "Index Name": "keyword_pkey", "Relation Name": "keyword", "Alias": "k", "Startup Cost": 0.0, "Total Cost": 3182.72, "Plan Rows": 1, "Plan Width": 4, "Actual Startup Time": 0.203, "Actual Total Time": 122.802, "Actual Rows": 1, "Actual Loops": 1, "Filter": "((keyword)::text = 'character-name-in-title'::text)", "Rows Removed by Filter": 134168}, {"Node Type": "Index Scan", "Parent Relationship": "Inner", "Scan Direction": "Forward", "Index Name": "keyword_id_movie_keyword", "Relation Name": "movie_keyword", "Alias": "mk", "Startup Cost": 0.0, "Total Cost": 136.88, "Plan Rows": 33, "Plan Width": 8, "Actual Startup Time": 0.013, "Actual Total Time": 36.759, "Actual Rows": 41840, "Actual Loops": 1, "Index Cond": "(keyword_id = k.id)", "Rows Removed by Index Recheck": 0}]}, {"Node Type": "Index Scan", "Parent Relationship": "Inner", "Scan Direction": "Forward", "Index Name": "movie_id_movie_companies", "Relation Name": "movie_companies", "Alias": "mc", "Startup Cost": 0.0, "Total Cost": 0.31, "Plan Rows": 2, "Plan Width": 8, "Actual Startup Time": 150.509, "Actual Total Time": 222.921, "Actual Rows": 148552, "Actual Loops": 41840, "Index Cond": "(movie_id = mk.movie_id)", "Rows Removed by Index Recheck": 0}]}, {"Node Type": "Index Scan", "Parent Relationship": "Inner", "Scan Direction": "Forward", "Index Name": "company_name_pkey", "Relation Name": "company_name", "Alias": "cn", "Startup Cost": 0.0, "Total Cost": 0.28, "Plan Rows": 1, "Plan Width": 4, "Actual Startup Time": 564.52, "Actual Total Time": 564.52, "Actual Rows": 5228, "Actual Loops": 148552, "Index Cond": "(id = mc.company_id)", "Rows Removed by Index Recheck": 0, "Filter": "((country_code)::text = '[nl]'::text)", "Rows Removed by Filter": 143324}]}, {"Node Type": "Index Scan", "Parent Relationship": "Inner", "Scan Direction": "Forward", "Index Name": "title_pkey", "Relation Name": "title", "Alias": "t", "Startup Cost": 0.0, "Total Cost": 0.31, "Plan Rows": 1, "Plan Width": 21, "Actual Startup Time": 21.443, "Actual Total Time": 21.443, "Actual Rows": 5228, "Actual Loops": 5228, "Index Cond": "(id = mk.movie_id)", "Rows Removed by Index Recheck": 0}]}]}, "Triggers": [], "Planner Runtime": 9.9, "Total Runtime": 1115.761, "Unique SQL Id": 2804875951}}, "(16, '42')": {"explain_plan": {"Plan": {"Node Type": "Aggregate", "Strategy": "Plain", "Startup Cost": 110556.13, "Total Cost": 110556.15, "Plan Rows": 1, "Plan Width": 49, "Plans": [{"Node Type": "Streaming(type: LOCAL GATHER dop: 1/16)", "Parent Relationship": "Outer", "Startup Cost": 110556.13, "Total Cost": 110556.15, "Plan Rows": 1, "Plan Width": 49, "Plans": [{"Node Type": "Aggregate", "Strategy": "Plain", "Parent Relationship": "Outer", "Startup Cost": 110556.13, "Total Cost": 110556.14, "Plan Rows": 1, "Plan Width": 49, "Plans": [{"Node Type": "Hash Join", "Parent Relationship": "Outer", "Join Type": "Inner", "Startup Cost": 91209.23, "Total Cost": 110556.13, "Plan Rows": 2, "Plan Width": 17, "Inner Unique": false, "Hash Cond": "(t.id = mc.movie_id)", "Plans": [{"Node Type": "Seq Scan", "Parent Relationship": "Outer", "Relation Name": "title", "Alias": "t", "Startup Cost": 0.0, "Total Cost": 18754.32, "Plan Rows": 2528311, "Plan Width": 21}, {"Node Type": "Hash", "Parent Relationship": "Inner", "Startup Cost": 91209.2, "Total Cost": 91209.2, "Plan Rows": 32, "Plan Width": 8, "Plans": [{"Node Type": "Streaming(type: BROADCAST dop: 16/1)", "Parent Relationship": "Outer", "Startup Cost": 57980.91, "Total Cost": 91209.2, "Plan Rows": 32, "Plan Width": 8, "Plans": [{"Node Type": "Hash Join", "Parent Relationship": "Outer", "Join Type": "Inner", "Startup Cost": 57980.91, "Total Cost": 76208.51, "Plan Rows": 2, "Plan Width": 8, "Inner Unique": true, "Hash Cond": "(mc.company_id = cn.id)", "Plans": [{"Node Type": "Streaming(type: LOCAL GATHER dop: 1/16)", "Parent Relationship": "Outer", "Startup Cost": 52049.46, "Total Cost": 70276.1, "Plan Rows": 70, "Plan Width": 12, "Plans": [{"Node Type": "Hash Join", "Parent Relationship": "Outer", "Join Type": "Inner", "Startup Cost": 52049.46, "Total Cost": 70274.59, "Plan Rows": 70, "Plan Width": 12, "Inner Unique": false, "Hash Cond": "(mc.movie_id = mk.movie_id)", "Plans": [{"Node Type": "Seq Scan", "Parent Relationship": "Outer", "Relation Name": "movie_companies", "Alias": "mc", "Startup Cost": 0.0, "Total Cost": 17613.58, "Plan Rows": 2609128, "Plan Width": 8}, {"Node Type": "Hash", "Parent Relationship": "Inner", "Startup Cost": 52049.04, "Total Cost": 52049.04, "Plan Rows": 528, "Plan Width": 4, "Plans": [{"Node Type": "Streaming(type: BROADCAST dop: 16/16)", "Parent Relationship": "Outer", "Startup Cost": 17436.47, "Total Cost": 52049.04, "Plan Rows": 528, "Plan Width": 4, "Plans": [{"Node Type": "Hash Join", "Parent Relationship": "Outer", "Join Type": "Inner", "Startup Cost": 17436.47, "Total Cost": 37047.7, "Plan Rows": 33, "Plan Width": 4, "Inner Unique": true, "Hash Cond": "(mk.keyword_id = k.id)", "Plans": [{"Node Type": "Seq Scan", "Parent Relationship": "Outer", "Relation Name": "movie_keyword", "Alias": "mk", "Startup Cost": 0.0, "Total Cost": 18902.58, "Plan Rows": 4523929, "Plan Width": 8}, {"Node Type": "Hash", "Parent Relationship": "Inner", "Startup Cost": 17436.46, "Total Cost": 17436.46, "Plan Rows": 16, "Plan Width": 4, "Plans": [{"Node Type": "Streaming(type: BROADCAST dop: 16/1)", "Parent Relationship": "Outer", "Startup Cost": 0.0, "Total Cost": 17436.46, "Plan Rows": 16, "Plan Width": 4, "Plans": [{"Node Type": "Seq Scan", "Parent Relationship": "Outer", "Relation Name": "keyword", "Alias": "k", "Startup Cost": 0.0, "Total Cost": 2436.11, "Plan Rows": 1, "Plan Width": 4, "Filter": "((keyword)::text = 'character-name-in-title'::text)"}]}]}]}]}]}]}]}, {"Node Type": "Hash", "Parent Relationship": "Inner", "Startup Cost": 5903.45, "Total Cost": 5903.45, "Plan Rows": 2240, "Plan Width": 4, "Plans": [{"Node Type": "Seq Scan", "Parent Relationship": "Outer", "Relation Name": "company_name", "Alias": "cn", "Startup Cost": 0.0, "Total Cost": 5903.45, "Plan Rows": 2240, "Plan Width": 4, "Filter": "((country_code)::text = '[nl]'::text)"}]}]}]}]}]}]}]}]}, "Unique SQL Id": 2804875951, "Planner Runtime": 24}, "explain_analyze_plan": {"Plan": {"Node Type": "Aggregate", "Strategy": "Plain", "Startup Cost": 110556.13, "Total Cost": 110556.15, "Plan Rows": 1, "Plan Width": 49, "Actual Min Startup Time": 555.882, "Actual Max Startup Time": 555.882, "Actual Min Total Time": 555.882, "Actual Max Total Time": 555.882, "Plans": [{"Node Type": "Streaming(type: LOCAL GATHER dop: 1/16)", "Parent Relationship": "Outer", "Startup Cost": 110556.13, "Total Cost": 110556.15, "Plan Rows": 1, "Plan Width": 49, "Actual Min Startup Time": 545.82, "Actual Max Startup Time": 545.82, "Actual Min Total Time": 555.85, "Actual Max Total Time": 555.85, "Plans": [{"Node Type": "Aggregate", "Strategy": "Plain", "Parent Relationship": "Outer", "Startup Cost": 110556.13, "Total Cost": 110556.14, "Plan Rows": 1, "Plan Width": 49, "Actual Min Startup Time": 409.279, "Actual Max Startup Time": 440.627, "Actual Min Total Time": 409.279, "Actual Max Total Time": 440.628, "Plans": [{"Node Type": "Hash Join", "Parent Relationship": "Outer", "Join Type": "Inner", "Startup Cost": 91209.23, "Total Cost": 110556.13, "Plan Rows": 2, "Plan Width": 17, "Actual Min Startup Time": 338.095, "Actual Max Startup Time": 377.459, "Actual Min Total Time": 409.133, "Actual Max Total Time": 440.447, "Inner Unique": false, "Hash Cond": "(t.id = mc.movie_id)", "Plans": [{"Node Type": "Seq Scan", "Parent Relationship": "Outer", "Relation Name": "title", "Alias": "t", "Startup Cost": 0.0, "Total Cost": 18754.32, "Plan Rows": 2528311, "Plan Width": 21, "Actual Min Startup Time": 0.042, "Actual Max Startup Time": 0.06, "Actual Min Total Time": 38.991, "Actual Max Total Time": 45.434, "Actual Rows": 2528311}, {"Node Type": "Hash", "Parent Relationship": "Inner", "Startup Cost": 91209.2, "Total Cost": 91209.2, "Plan Rows": 32, "Plan Width": 8, "Actual Min Startup Time": 337.495, "Actual Max Startup Time": 375.373, "Actual Min Total Time": 337.495, "Actual Max Total Time": 375.373, "Max Hash Buckets": 32768, "Min Hash Buckets": 32768, "Max Hash Batches": 1, "Min Hash Batches": 1, "Max Original Hash Batches": 1, "Min Original Hash Batches": 1, "Max Peak Memory Usage": 205, "min Peak Memory Usage": 205, "Plans": [{"Node Type": "Streaming(type: BROADCAST dop: 16/1)", "Parent Relationship": "Outer", "Startup Cost": 57980.91, "Total Cost": 91209.2, "Plan Rows": 32, "Plan Width": 8, "Actual Min Startup Time": 167.45, "Actual Max Startup Time": 205.294, "Actual Min Total Time": 335.571, "Actual Max Total Time": 374.079, "Plans": [{"Node Type": "Hash Join", "Parent Relationship": "Outer", "Join Type": "Inner", "Startup Cost": 57980.91, "Total Cost": 76208.51, "Plan Rows": 2, "Plan Width": 8, "Actual Min Startup Time": 217.039, "Actual Max Startup Time": 217.039, "Actual Min Total Time": 333.497, "Actual Max Total Time": 333.497, "Inner Unique": true, "Hash Cond": "(mc.company_id = cn.id)", "Plans": [{"Node Type": "Streaming(type: LOCAL GATHER dop: 1/16)", "Parent Relationship": "Outer", "Startup Cost": 52049.46, "Total Cost": 70276.1, "Plan Rows": 70, "Plan Width": 12, "Actual Min Startup Time": 136.008, "Actual Max Startup Time": 136.008, "Actual Min Total Time": 226.398, "Actual Max Total Time": 226.398, "Plans": [{"Node Type": "Hash Join", "Parent Relationship": "Outer", "Join Type": "Inner", "Startup Cost": 52049.46, "Total Cost": 70274.59, "Plan Rows": 70, "Plan Width": 12, "Actual Min Startup Time": 163.703, "Actual Max Startup Time": 215.019, "Actual Min Total Time": 239.512, "Actual Max Total Time": 292.436, "Inner Unique": false, "Hash Cond": "(mc.movie_id = mk.movie_id)", "Plans": [{"Node Type": "Seq Scan", "Parent Relationship": "Outer", "Relation Name": "movie_companies", "Alias": "mc", "Startup Cost": 0.0, "Total Cost": 17613.58, "Plan Rows": 2609128, "Plan Width": 8, "Actual Min Startup Time": 0.049, "Actual Max Startup Time": 0.07, "Actual Min Total Time": 34.911, "Actual Max Total Time": 40.904, "Actual Rows": 2609128}, {"Node Type": "Hash", "Parent Relationship": "Inner", "Startup Cost": 52049.04, "Total Cost": 52049.04, "Plan Rows": 528, "Plan Width": 4, "Actual Min Startup Time": 163.472, "Actual Max Startup Time": 214.818, "Actual Min Total Time": 163.472, "Actual Max Total Time": 214.818, "Max Hash Buckets": 32768, "Min Hash Buckets": 32768, "Max Hash Batches": 1, "Min Hash Batches": 1, "Max Original Hash Batches": 1, "Min Original Hash Batches": 1, "Max Peak Memory Usage": 1471, "min Peak Memory Usage": 1471, "Plans": [{"Node Type": "Streaming(type: BROADCAST dop: 16/16)", "Parent Relationship": "Outer", "Startup Cost": 17436.47, "Total Cost": 52049.04, "Plan Rows": 528, "Plan Width": 4, "Actual Min Startup Time": 0.064, "Actual Max Startup Time": 0.138, "Actual Min Total Time": 148.637, "Actual Max Total Time": 204.884, "Plans": [{"Node Type": "Hash Join", "Parent Relationship": "Outer", "Join Type": "Inner", "Startup Cost": 17436.47, "Total Cost": 37047.7, "Plan Rows": 33, "Plan Width": 4, "Actual Min Startup Time": 0.146, "Actual Max Startup Time": 15.438, "Actual Min Total Time": 107.91, "Actual Max Total Time": 135.924, "Inner Unique": true, "Hash Cond": "(mk.keyword_id = k.id)", "Plans": [{"Node Type": "Seq Scan", "Parent Relationship": "Outer", "Relation Name": "movie_keyword", "Alias": "mk", "Startup Cost": 0.0, "Total Cost": 18902.58, "Plan Rows": 4523929, "Plan Width": 8, "Actual Min Startup Time": 0.059, "Actual Max Startup Time": 0.079, "Actual Min Total Time": 60.198, "Actual Max Total Time": 67.159, "Actual Rows": 4523929}, {"Node Type": "Hash", "Parent Relationship": "Inner", "Startup Cost": 17436.46, "Total Cost": 17436.46, "Plan Rows": 16, "Plan Width": 4, "Actual Min Startup Time": 0.015, "Actual Max Startup Time": 15.232, "Actual Min Total Time": 0.015, "Actual Max Total Time": 15.232, "Max Hash Buckets": 32768, "Min Hash Buckets": 32768, "Max Hash Batches": 1, "Min Hash Batches": 1, "Max Original Hash Batches": 1, "Min Original Hash Batches": 1, "Max Peak Memory Usage": 1, "min Peak Memory Usage": 1, "Plans": [{"Node Type": "Streaming(type: BROADCAST dop: 16/1)", "Parent Relationship": "Outer", "Startup Cost": 0.0, "Total Cost": 17436.46, "Plan Rows": 16, "Plan Width": 4, "Actual Min Startup Time": 0.003, "Actual Max Startup Time": 15.217, "Actual Min Total Time": 0.004, "Actual Max Total Time": 15.218, "Plans": [{"Node Type": "Seq Scan", "Parent Relationship": "Outer", "Relation Name": "keyword", "Alias": "k", "Startup Cost": 0.0, "Total Cost": 2436.11, "Plan Rows": 1, "Plan Width": 4, "Actual Min Startup Time": 1.892, "Actual Max Startup Time": 1.892, "Actual Min Total Time": 43.326, "Actual Max Total Time": 43.326, "Filter": "((keyword)::text = 'character-name-in-title'::text)", "Rows Removed by Filter": 134168, "Actual Rows": 1}], "Actual Rows": 16}], "Actual Rows": 16}], "Actual Rows": 41840}], "Actual Rows": 669440}], "Actual Rows": 669440}], "Actual Rows": 148552}], "Actual Rows": 148552}, {"Node Type": "Hash", "Parent Relationship": "Inner", "Startup Cost": 5903.45, "Total Cost": 5903.45, "Plan Rows": 2240, "Plan Width": 4, "Actual Min Startup Time": 80.94, "Actual Max Startup Time": 80.94, "Actual Min Total Time": 80.94, "Actual Max Total Time": 80.94, "Max Hash Buckets": 32768, "Min Hash Buckets": 32768, "Max Hash Batches": 1, "Min Hash Batches": 1, "Max Original Hash Batches": 1, "Min Original Hash Batches": 1, "Max Peak Memory Usage": 83, "min Peak Memory Usage": 83, "Plans": [{"Node Type": "Seq Scan", "Parent Relationship": "Outer", "Relation Name": "company_name", "Alias": "cn", "Startup Cost": 0.0, "Total Cost": 5903.45, "Plan Rows": 2240, "Plan Width": 4, "Actual Min Startup Time": 0.068, "Actual Max Startup Time": 0.068, "Actual Min Total Time": 80.137, "Actual Max Total Time": 80.137, "Filter": "((country_code)::text = '[nl]'::text)", "Rows Removed by Filter": 232656, "Actual Rows": 2340}], "Actual Rows": 2340}], "Actual Rows": 5228}], "Actual Rows": 83648}], "Actual Rows": 83648}], "Actual Rows": 5228}], "Actual Rows": 16}], "Actual Rows": 16}], "Actual Rows": 1}, "Triggers": [], "Planner Runtime": 26.454, "Total Runtime": 568.971, "Unique SQL Id": 2804875951}}, "(16, '43')": {"explain_plan": {"Plan": {"Node Type": "Aggregate", "Strategy": "Plain", "Startup Cost": 5000041492550.78, "Total Cost": 5000041492550.79, "Plan Rows": 1, "Plan Width": 49, "Plans": [{"Node Type": "Nested Loop", "Parent Relationship": "Outer", "Join Type": "Inner", "Startup Cost": 50000000000.0, "Total Cost": 5000041492550.77, "Plan Rows": 2, "Plan Width": 17, "Inner Unique": false, "Join Filter": "(mc.movie_id = t.id)", "Plans": [{"Node Type": "Index Scan", "Parent Relationship": "Outer", "Scan Direction": "Forward", "Index Name": "title_pkey", "Relation Name": "title", "Alias": "t", "Startup Cost": 10000000000.0, "Total Cost": 1000011012048.91, "Plan Rows": 2528311, "Plan Width": 21}, {"Node Type": "Materialize", "Parent Relationship": "Inner", "Startup Cost": 40000000000.0, "Total Cost": 4000030404652.53, "Plan Rows": 2, "Plan Width": 8, "Plans": [{"Node Type": "Nested Loop", "Parent Relationship": "Outer", "Join Type": "Inner", "Startup Cost": 40000000000.0, "Total Cost": 4000030404652.52, "Plan Rows": 2, "Plan Width": 8, "Inner Unique": true, "Join Filter": "(mc.company_id = cn.id)", "Plans": [{"Node Type": "Nested Loop", "Parent Relationship": "Outer", "Join Type": "Inner", "Startup Cost": 30000000000.0, "Total Cost": 3000029352155.95, "Plan Rows": 70, "Plan Width": 12, "Inner Unique": false, "Join Filter": "(mk.movie_id = mc.movie_id)", "Plans": [{"Node Type": "Nested Loop", "Parent Relationship": "Outer", "Join Type": "Inner", "Startup Cost": 20000000000.0, "Total Cost": 2000015686764.79, "Plan Rows": 33, "Plan Width": 4, "Inner Unique": true, "Join Filter": "(k.id = mk.keyword_id)", "Plans": [{"Node Type": "Index Scan", "Parent Relationship": "Outer", "Scan Direction": "Forward", "Index Name": "movie_id_movie_keyword", "Relation Name": "movie_keyword", "Alias": "mk", "Startup Cost": 10000000000.0, "Total Cost": 1000015300634.17, "Plan Rows": 4523929, "Plan Width": 8}, {"Node Type": "Materialize", "Parent Relationship": "Inner", "Startup Cost": 10000000000.0, "Total Cost": 1000000318271.69, "Plan Rows": 1, "Plan Width": 4, "Plans": [{"Node Type": "Index Scan", "Parent Relationship": "Outer", "Scan Direction": "Forward", "Index Name": "keyword_pkey", "Relation Name": "keyword", "Alias": "k", "Startup Cost": 10000000000.0, "Total Cost": 1000000318271.68, "Plan Rows": 1, "Plan Width": 4, "Filter": "((keyword)::text = 'character-name-in-title'::text)"}]}]}, {"Node Type": "Materialize", "Parent Relationship": "Inner", "Startup Cost": 10000000000.0, "Total Cost": 1000012380395.62, "Plan Rows": 2609128, "Plan Width": 8, "Plans": [{"Node Type": "Index Scan", "Parent Relationship": "Outer", "Scan Direction": "Forward", "Index Name": "company_id_movie_companies", "Relation Name": "movie_companies", "Alias": "mc", "Startup Cost": 10000000000.0, "Total Cost": 1000012367349.98, "Plan Rows": 2609128, "Plan Width": 8}]}]}, {"Node Type": "Materialize", "Parent Relationship": "Inner", "Startup Cost": 10000000000.0, "Total Cost": 1000001050150.17, "Plan Rows": 2240, "Plan Width": 4, "Plans": [{"Node Type": "Index Scan", "Parent Relationship": "Outer", "Scan Direction": "Forward", "Index Name": "company_name_pkey", "Relation Name": "company_name", "Alias": "cn", "Startup Cost": 10000000000.0, "Total Cost": 1000001050138.97, "Plan Rows": 2240, "Plan Width": 4, "Filter": "((country_code)::text = '[nl]'::text)"}]}]}]}]}]}, "Unique SQL Id": 2804875951, "Planner Runtime": 7}, "explain_analyze_plan": null}, "(16, '44')": {"explain_plan": {"Plan": {"Node Type": "Aggregate", "Strategy": "Plain", "Startup Cost": 2605.07, "Total Cost": 2605.08, "Plan Rows": 1, "Plan Width": 49, "Plans": [{"Node Type": "Nested Loop", "Parent Relationship": "Outer", "Join Type": "Inner", "Startup Cost": 0.0, "Total Cost": 2605.07, "Plan Rows": 2, "Plan Width": 17, "Inner Unique": true, "Join Filter": "(mc.movie_id = t.id)", "Plans": [{"Node Type": "Nested Loop", "Parent Relationship": "Outer", "Join Type": "Inner", "Startup Cost": 0.0, "Total Cost": 2604.42, "Plan Rows": 2, "Plan Width": 8, "Inner Unique": true, "Plans": [{"Node Type": "Nested Loop", "Parent Relationship": "Outer", "Join Type": "Inner", "Startup Cost": 0.0, "Total Cost": 2584.29, "Plan Rows": 70, "Plan Width": 12, "Inner Unique": false, "Plans": [{"Node Type": "Nested Loop", "Parent Relationship": "Outer", "Join Type": "Inner", "Startup Cost": 0.0, "Total Cost": 2573.32, "Plan Rows": 33, "Plan Width": 4, "Inner Unique": false, "Plans": [{"Node Type": "Seq Scan", "Parent Relationship": "Outer", "Relation Name": "keyword", "Alias": "k", "Startup Cost": 0.0, "Total Cost": 2436.11, "Plan Rows": 1, "Plan Width": 4, "Filter": "((keyword)::text = 'character-name-in-title'::text)"}, {"Node Type": "Index Scan", "Parent Relationship": "Inner", "Scan Direction": "Forward", "Index Name": "keyword_id_movie_keyword", "Relation Name": "movie_keyword", "Alias": "mk", "Startup Cost": 0.0, "Total Cost": 136.88, "Plan Rows": 33, "Plan Width": 8, "Index Cond": "(keyword_id = k.id)"}]}, {"Node Type": "Index Scan", "Parent Relationship": "Inner", "Scan Direction": "Forward", "Index Name": "movie_id_movie_companies", "Relation Name": "movie_companies", "Alias": "mc", "Startup Cost": 0.0, "Total Cost": 0.31, "Plan Rows": 2, "Plan Width": 8, "Index Cond": "(movie_id = mk.movie_id)"}]}, {"Node Type": "Index Scan", "Parent Relationship": "Inner", "Scan Direction": "Forward", "Index Name": "company_name_pkey", "Relation Name": "company_name", "Alias": "cn", "Startup Cost": 0.0, "Total Cost": 0.28, "Plan Rows": 1, "Plan Width": 4, "Index Cond": "(id = mc.company_id)", "Filter": "((country_code)::text = '[nl]'::text)"}]}, {"Node Type": "Index Scan", "Parent Relationship": "Inner", "Scan Direction": "Forward", "Index Name": "title_pkey", "Relation Name": "title", "Alias": "t", "Startup Cost": 0.0, "Total Cost": 0.31, "Plan Rows": 1, "Plan Width": 21, "Index Cond": "(id = mk.movie_id)"}]}]}, "Unique SQL Id": 2804875951, "Planner Runtime": 9}, "explain_analyze_plan": {"Plan": {"Node Type": "Aggregate", "Strategy": "Plain", "Startup Cost": 2605.07, "Total Cost": 2605.08, "Plan Rows": 1, "Plan Width": 49, "Actual Startup Time": 1003.672, "Actual Total Time": 1003.673, "Actual Rows": 1, "Actual Loops": 1, "Plans": [{"Node Type": "Nested Loop", "Parent Relationship": "Outer", "Join Type": "Inner", "Startup Cost": 0.0, "Total Cost": 2605.07, "Plan Rows": 2, "Plan Width": 17, "Actual Startup Time": 4.721, "Actual Total Time": 1000.415, "Actual Rows": 5228, "Actual Loops": 1, "Inner Unique": true, "Join Filter": "(mc.movie_id = t.id)", "Rows Removed by Join Filter": 0, "Plans": [{"Node Type": "Nested Loop", "Parent Relationship": "Outer", "Join Type": "Inner", "Startup Cost": 0.0, "Total Cost": 2604.42, "Plan Rows": 2, "Plan Width": 8, "Actual Startup Time": 4.708, "Actual Total Time": 973.99, "Actual Rows": 5228, "Actual Loops": 1, "Inner Unique": true, "Plans": [{"Node Type": "Nested Loop", "Parent Relationship": "Outer", "Join Type": "Inner", "Startup Cost": 0.0, "Total Cost": 2584.29, "Plan Rows": 70, "Plan Width": 12, "Actual Startup Time": 1.809, "Actual Total Time": 358.696, "Actual Rows": 148552, "Actual Loops": 1, "Inner Unique": false, "Plans": [{"Node Type": "Nested Loop", "Parent Relationship": "Outer", "Join Type": "Inner", "Startup Cost": 0.0, "Total Cost": 2573.32, "Plan Rows": 33, "Plan Width": 4, "Actual Startup Time": 1.792, "Actual Total Time": 86.929, "Actual Rows": 41840, "Actual Loops": 1, "Inner Unique": false, "Plans": [{"Node Type": "Seq Scan", "Parent Relationship": "Outer", "Relation Name": "keyword", "Alias": "k", "Startup Cost": 0.0, "Total Cost": 2436.11, "Plan Rows": 1, "Plan Width": 4, "Actual Startup Time": 1.768, "Actual Total Time": 41.894, "Actual Rows": 1, "Actual Loops": 1, "Filter": "((keyword)::text = 'character-name-in-title'::text)", "Rows Removed by Filter": 134168}, {"Node Type": "Index Scan", "Parent Relationship": "Inner", "Scan Direction": "Forward", "Index Name": "keyword_id_movie_keyword", "Relation Name": "movie_keyword", "Alias": "mk", "Startup Cost": 0.0, "Total Cost": 136.88, "Plan Rows": 33, "Plan Width": 8, "Actual Startup Time": 0.02, "Actual Total Time": 35.59, "Actual Rows": 41840, "Actual Loops": 1, "Index Cond": "(keyword_id = k.id)", "Rows Removed by Index Recheck": 0}]}, {"Node Type": "Index Scan", "Parent Relationship": "Inner", "Scan Direction": "Forward", "Index Name": "movie_id_movie_companies", "Relation Name": "movie_companies", "Alias": "mc", "Startup Cost": 0.0, "Total Cost": 0.31, "Plan Rows": 2, "Plan Width": 8, "Actual Startup Time": 145.322, "Actual Total Time": 215.961, "Actual Rows": 148552, "Actual Loops": 41840, "Index Cond": "(movie_id = mk.movie_id)", "Rows Removed by Index Recheck": 0}]}, {"Node Type": "Index Scan", "Parent Relationship": "Inner", "Scan Direction": "Forward", "Index Name": "company_name_pkey", "Relation Name": "company_name", "Alias": "cn", "Startup Cost": 0.0, "Total Cost": 0.28, "Plan Rows": 1, "Plan Width": 4, "Actual Startup Time": 543.353, "Actual Total Time": 543.353, "Actual Rows": 5228, "Actual Loops": 148552, "Index Cond": "(id = mc.company_id)", "Rows Removed by Index Recheck": 0, "Filter": "((country_code)::text = '[nl]'::text)", "Rows Removed by Filter": 143324}]}, {"Node Type": "Index Scan", "Parent Relationship": "Inner", "Scan Direction": "Forward", "Index Name": "title_pkey", "Relation Name": "title", "Alias": "t", "Startup Cost": 0.0, "Total Cost": 0.31, "Plan Rows": 1, "Plan Width": 21, "Actual Startup Time": 20.597, "Actual Total Time": 20.597, "Actual Rows": 5228, "Actual Loops": 5228, "Index Cond": "(id = mk.movie_id)", "Rows Removed by Index Recheck": 0}]}]}, "Triggers": [], "Planner Runtime": 10.364, "Total Runtime": 1003.955, "Unique SQL Id": 2804875951}}, "(16, '45')": {"explain_plan": {"Plan": {"Node Type": "Aggregate", "Strategy": "Plain", "Startup Cost": 3351.67, "Total Cost": 3351.68, "Plan Rows": 1, "Plan Width": 49, "Plans": [{"Node Type": "Nested Loop", "Parent Relationship": "Outer", "Join Type": "Inner", "Startup Cost": 0.0, "Total Cost": 3351.67, "Plan Rows": 2, "Plan Width": 17, "Inner Unique": true, "Join Filter": "(mc.movie_id = t.id)", "Plans": [{"Node Type": "Nested Loop", "Parent Relationship": "Outer", "Join Type": "Inner", "Startup Cost": 0.0, "Total Cost": 3351.03, "Plan Rows": 2, "Plan Width": 8, "Inner Unique": true, "Plans": [{"Node Type": "Nested Loop", "Parent Relationship": "Outer", "Join Type": "Inner", "Startup Cost": 0.0, "Total Cost": 3330.89, "Plan Rows": 70, "Plan Width": 12, "Inner Unique": false, "Plans": [{"Node Type": "Nested Loop", "Parent Relationship": "Outer", "Join Type": "Inner", "Startup Cost": 0.0, "Total Cost": 3319.92, "Plan Rows": 33, "Plan Width": 4, "Inner Unique": false, "Plans": [{"Node Type": "Index Scan", "Parent Relationship": "Outer", "Scan Direction": "Forward", "Index Name": "keyword_pkey", "Relation Name": "keyword", "Alias": "k", "Startup Cost": 0.0, "Total Cost": 3182.72, "Plan Rows": 1, "Plan Width": 4, "Filter": "((keyword)::text = 'character-name-in-title'::text)"}, {"Node Type": "Index Scan", "Parent Relationship": "Inner", "Scan Direction": "Forward", "Index Name": "keyword_id_movie_keyword", "Relation Name": "movie_keyword", "Alias": "mk", "Startup Cost": 0.0, "Total Cost": 136.88, "Plan Rows": 33, "Plan Width": 8, "Index Cond": "(keyword_id = k.id)"}]}, {"Node Type": "Index Scan", "Parent Relationship": "Inner", "Scan Direction": "Forward", "Index Name": "movie_id_movie_companies", "Relation Name": "movie_companies", "Alias": "mc", "Startup Cost": 0.0, "Total Cost": 0.31, "Plan Rows": 2, "Plan Width": 8, "Index Cond": "(movie_id = mk.movie_id)"}]}, {"Node Type": "Index Scan", "Parent Relationship": "Inner", "Scan Direction": "Forward", "Index Name": "company_name_pkey", "Relation Name": "company_name", "Alias": "cn", "Startup Cost": 0.0, "Total Cost": 0.28, "Plan Rows": 1, "Plan Width": 4, "Index Cond": "(id = mc.company_id)", "Filter": "((country_code)::text = '[nl]'::text)"}]}, {"Node Type": "Index Scan", "Parent Relationship": "Inner", "Scan Direction": "Forward", "Index Name": "title_pkey", "Relation Name": "title", "Alias": "t", "Startup Cost": 0.0, "Total Cost": 0.31, "Plan Rows": 1, "Plan Width": 21, "Index Cond": "(id = mk.movie_id)"}]}]}, "Unique SQL Id": 2804875951, "Planner Runtime": 7}, "explain_analyze_plan": {"Plan": {"Node Type": "Aggregate", "Strategy": "Plain", "Startup Cost": 3351.67, "Total Cost": 3351.68, "Plan Rows": 1, "Plan Width": 49, "Actual Startup Time": 1115.49, "Actual Total Time": 1115.49, "Actual Rows": 1, "Actual Loops": 1, "Plans": [{"Node Type": "Nested Loop", "Parent Relationship": "Outer", "Join Type": "Inner", "Startup Cost": 0.0, "Total Cost": 3351.67, "Plan Rows": 2, "Plan Width": 17, "Actual Startup Time": 3.24, "Actual Total Time": 1112.359, "Actual Rows": 5228, "Actual Loops": 1, "Inner Unique": true, "Join Filter": "(mc.movie_id = t.id)", "Rows Removed by Join Filter": 0, "Plans": [{"Node Type": "Nested Loop", "Parent Relationship": "Outer", "Join Type": "Inner", "Startup Cost": 0.0, "Total Cost": 3351.03, "Plan Rows": 2, "Plan Width": 8, "Actual Startup Time": 3.226, "Actual Total Time": 1085.159, "Actual Rows": 5228, "Actual Loops": 1, "Inner Unique": true, "Plans": [{"Node Type": "Nested Loop", "Parent Relationship": "Outer", "Join Type": "Inner", "Startup Cost": 0.0, "Total Cost": 3330.89, "Plan Rows": 70, "Plan Width": 12, "Actual Startup Time": 0.236, "Actual Total Time": 447.681, "Actual Rows": 148552, "Actual Loops": 1, "Inner Unique": false, "Plans": [{"Node Type": "Nested Loop", "Parent Relationship": "Outer", "Join Type": "Inner", "Startup Cost": 0.0, "Total Cost": 3319.92, "Plan Rows": 33, "Plan Width": 4, "Actual Startup Time": 0.221, "Actual Total Time": 168.712, "Actual Rows": 41840, "Actual Loops": 1, "Inner Unique": false, "Plans": [{"Node Type": "Index Scan", "Parent Relationship": "Outer", "Scan Direction": "Forward", "Index Name": "keyword_pkey", "Relation Name": "keyword", "Alias": "k", "Startup Cost": 0.0, "Total Cost": 3182.72, "Plan Rows": 1, "Plan Width": 4, "Actual Startup Time": 0.203, "Actual Total Time": 122.802, "Actual Rows": 1, "Actual Loops": 1, "Filter": "((keyword)::text = 'character-name-in-title'::text)", "Rows Removed by Filter": 134168}, {"Node Type": "Index Scan", "Parent Relationship": "Inner", "Scan Direction": "Forward", "Index Name": "keyword_id_movie_keyword", "Relation Name": "movie_keyword", "Alias": "mk", "Startup Cost": 0.0, "Total Cost": 136.88, "Plan Rows": 33, "Plan Width": 8, "Actual Startup Time": 0.013, "Actual Total Time": 36.759, "Actual Rows": 41840, "Actual Loops": 1, "Index Cond": "(keyword_id = k.id)", "Rows Removed by Index Recheck": 0}]}, {"Node Type": "Index Scan", "Parent Relationship": "Inner", "Scan Direction": "Forward", "Index Name": "movie_id_movie_companies", "Relation Name": "movie_companies", "Alias": "mc", "Startup Cost": 0.0, "Total Cost": 0.31, "Plan Rows": 2, "Plan Width": 8, "Actual Startup Time": 150.509, "Actual Total Time": 222.921, "Actual Rows": 148552, "Actual Loops": 41840, "Index Cond": "(movie_id = mk.movie_id)", "Rows Removed by Index Recheck": 0}]}, {"Node Type": "Index Scan", "Parent Relationship": "Inner", "Scan Direction": "Forward", "Index Name": "company_name_pkey", "Relation Name": "company_name", "Alias": "cn", "Startup Cost": 0.0, "Total Cost": 0.28, "Plan Rows": 1, "Plan Width": 4, "Actual Startup Time": 564.52, "Actual Total Time": 564.52, "Actual Rows": 5228, "Actual Loops": 148552, "Index Cond": "(id = mc.company_id)", "Rows Removed by Index Recheck": 0, "Filter": "((country_code)::text = '[nl]'::text)", "Rows Removed by Filter": 143324}]}, {"Node Type": "Index Scan", "Parent Relationship": "Inner", "Scan Direction": "Forward", "Index Name": "title_pkey", "Relation Name": "title", "Alias": "t", "Startup Cost": 0.0, "Total Cost": 0.31, "Plan Rows": 1, "Plan Width": 21, "Actual Startup Time": 21.443, "Actual Total Time": 21.443, "Actual Rows": 5228, "Actual Loops": 5228, "Index Cond": "(id = mk.movie_id)", "Rows Removed by Index Recheck": 0}]}]}, "Triggers": [], "Planner Runtime": 9.9, "Total Runtime": 1115.761, "Unique SQL Id": 2804875951}}, "(16, '46')": {"explain_plan": {"Plan": {"Node Type": "Aggregate", "Strategy": "Plain", "Startup Cost": 110556.13, "Total Cost": 110556.15, "Plan Rows": 1, "Plan Width": 49, "Plans": [{"Node Type": "Streaming(type: LOCAL GATHER dop: 1/16)", "Parent Relationship": "Outer", "Startup Cost": 110556.13, "Total Cost": 110556.15, "Plan Rows": 1, "Plan Width": 49, "Plans": [{"Node Type": "Aggregate", "Strategy": "Plain", "Parent Relationship": "Outer", "Startup Cost": 110556.13, "Total Cost": 110556.14, "Plan Rows": 1, "Plan Width": 49, "Plans": [{"Node Type": "Hash Join", "Parent Relationship": "Outer", "Join Type": "Inner", "Startup Cost": 91209.23, "Total Cost": 110556.13, "Plan Rows": 2, "Plan Width": 17, "Inner Unique": false, "Hash Cond": "(t.id = mc.movie_id)", "Plans": [{"Node Type": "Seq Scan", "Parent Relationship": "Outer", "Relation Name": "title", "Alias": "t", "Startup Cost": 0.0, "Total Cost": 18754.32, "Plan Rows": 2528311, "Plan Width": 21}, {"Node Type": "Hash", "Parent Relationship": "Inner", "Startup Cost": 91209.2, "Total Cost": 91209.2, "Plan Rows": 32, "Plan Width": 8, "Plans": [{"Node Type": "Streaming(type: BROADCAST dop: 16/1)", "Parent Relationship": "Outer", "Startup Cost": 57980.91, "Total Cost": 91209.2, "Plan Rows": 32, "Plan Width": 8, "Plans": [{"Node Type": "Hash Join", "Parent Relationship": "Outer", "Join Type": "Inner", "Startup Cost": 57980.91, "Total Cost": 76208.51, "Plan Rows": 2, "Plan Width": 8, "Inner Unique": true, "Hash Cond": "(mc.company_id = cn.id)", "Plans": [{"Node Type": "Streaming(type: LOCAL GATHER dop: 1/16)", "Parent Relationship": "Outer", "Startup Cost": 52049.46, "Total Cost": 70276.1, "Plan Rows": 70, "Plan Width": 12, "Plans": [{"Node Type": "Hash Join", "Parent Relationship": "Outer", "Join Type": "Inner", "Startup Cost": 52049.46, "Total Cost": 70274.59, "Plan Rows": 70, "Plan Width": 12, "Inner Unique": false, "Hash Cond": "(mc.movie_id = mk.movie_id)", "Plans": [{"Node Type": "Seq Scan", "Parent Relationship": "Outer", "Relation Name": "movie_companies", "Alias": "mc", "Startup Cost": 0.0, "Total Cost": 17613.58, "Plan Rows": 2609128, "Plan Width": 8}, {"Node Type": "Hash", "Parent Relationship": "Inner", "Startup Cost": 52049.04, "Total Cost": 52049.04, "Plan Rows": 528, "Plan Width": 4, "Plans": [{"Node Type": "Streaming(type: BROADCAST dop: 16/16)", "Parent Relationship": "Outer", "Startup Cost": 17436.47, "Total Cost": 52049.04, "Plan Rows": 528, "Plan Width": 4, "Plans": [{"Node Type": "Hash Join", "Parent Relationship": "Outer", "Join Type": "Inner", "Startup Cost": 17436.47, "Total Cost": 37047.7, "Plan Rows": 33, "Plan Width": 4, "Inner Unique": true, "Hash Cond": "(mk.keyword_id = k.id)", "Plans": [{"Node Type": "Seq Scan", "Parent Relationship": "Outer", "Relation Name": "movie_keyword", "Alias": "mk", "Startup Cost": 0.0, "Total Cost": 18902.58, "Plan Rows": 4523929, "Plan Width": 8}, {"Node Type": "Hash", "Parent Relationship": "Inner", "Startup Cost": 17436.46, "Total Cost": 17436.46, "Plan Rows": 16, "Plan Width": 4, "Plans": [{"Node Type": "Streaming(type: BROADCAST dop: 16/1)", "Parent Relationship": "Outer", "Startup Cost": 0.0, "Total Cost": 17436.46, "Plan Rows": 16, "Plan Width": 4, "Plans": [{"Node Type": "Seq Scan", "Parent Relationship": "Outer", "Relation Name": "keyword", "Alias": "k", "Startup Cost": 0.0, "Total Cost": 2436.11, "Plan Rows": 1, "Plan Width": 4, "Filter": "((keyword)::text = 'character-name-in-title'::text)"}]}]}]}]}]}]}]}, {"Node Type": "Hash", "Parent Relationship": "Inner", "Startup Cost": 5903.45, "Total Cost": 5903.45, "Plan Rows": 2240, "Plan Width": 4, "Plans": [{"Node Type": "Seq Scan", "Parent Relationship": "Outer", "Relation Name": "company_name", "Alias": "cn", "Startup Cost": 0.0, "Total Cost": 5903.45, "Plan Rows": 2240, "Plan Width": 4, "Filter": "((country_code)::text = '[nl]'::text)"}]}]}]}]}]}]}]}]}, "Unique SQL Id": 2804875951, "Planner Runtime": 24}, "explain_analyze_plan": {"Plan": {"Node Type": "Aggregate", "Strategy": "Plain", "Startup Cost": 110556.13, "Total Cost": 110556.15, "Plan Rows": 1, "Plan Width": 49, "Actual Min Startup Time": 555.882, "Actual Max Startup Time": 555.882, "Actual Min Total Time": 555.882, "Actual Max Total Time": 555.882, "Plans": [{"Node Type": "Streaming(type: LOCAL GATHER dop: 1/16)", "Parent Relationship": "Outer", "Startup Cost": 110556.13, "Total Cost": 110556.15, "Plan Rows": 1, "Plan Width": 49, "Actual Min Startup Time": 545.82, "Actual Max Startup Time": 545.82, "Actual Min Total Time": 555.85, "Actual Max Total Time": 555.85, "Plans": [{"Node Type": "Aggregate", "Strategy": "Plain", "Parent Relationship": "Outer", "Startup Cost": 110556.13, "Total Cost": 110556.14, "Plan Rows": 1, "Plan Width": 49, "Actual Min Startup Time": 409.279, "Actual Max Startup Time": 440.627, "Actual Min Total Time": 409.279, "Actual Max Total Time": 440.628, "Plans": [{"Node Type": "Hash Join", "Parent Relationship": "Outer", "Join Type": "Inner", "Startup Cost": 91209.23, "Total Cost": 110556.13, "Plan Rows": 2, "Plan Width": 17, "Actual Min Startup Time": 338.095, "Actual Max Startup Time": 377.459, "Actual Min Total Time": 409.133, "Actual Max Total Time": 440.447, "Inner Unique": false, "Hash Cond": "(t.id = mc.movie_id)", "Plans": [{"Node Type": "Seq Scan", "Parent Relationship": "Outer", "Relation Name": "title", "Alias": "t", "Startup Cost": 0.0, "Total Cost": 18754.32, "Plan Rows": 2528311, "Plan Width": 21, "Actual Min Startup Time": 0.042, "Actual Max Startup Time": 0.06, "Actual Min Total Time": 38.991, "Actual Max Total Time": 45.434, "Actual Rows": 2528311}, {"Node Type": "Hash", "Parent Relationship": "Inner", "Startup Cost": 91209.2, "Total Cost": 91209.2, "Plan Rows": 32, "Plan Width": 8, "Actual Min Startup Time": 337.495, "Actual Max Startup Time": 375.373, "Actual Min Total Time": 337.495, "Actual Max Total Time": 375.373, "Max Hash Buckets": 32768, "Min Hash Buckets": 32768, "Max Hash Batches": 1, "Min Hash Batches": 1, "Max Original Hash Batches": 1, "Min Original Hash Batches": 1, "Max Peak Memory Usage": 205, "min Peak Memory Usage": 205, "Plans": [{"Node Type": "Streaming(type: BROADCAST dop: 16/1)", "Parent Relationship": "Outer", "Startup Cost": 57980.91, "Total Cost": 91209.2, "Plan Rows": 32, "Plan Width": 8, "Actual Min Startup Time": 167.45, "Actual Max Startup Time": 205.294, "Actual Min Total Time": 335.571, "Actual Max Total Time": 374.079, "Plans": [{"Node Type": "Hash Join", "Parent Relationship": "Outer", "Join Type": "Inner", "Startup Cost": 57980.91, "Total Cost": 76208.51, "Plan Rows": 2, "Plan Width": 8, "Actual Min Startup Time": 217.039, "Actual Max Startup Time": 217.039, "Actual Min Total Time": 333.497, "Actual Max Total Time": 333.497, "Inner Unique": true, "Hash Cond": "(mc.company_id = cn.id)", "Plans": [{"Node Type": "Streaming(type: LOCAL GATHER dop: 1/16)", "Parent Relationship": "Outer", "Startup Cost": 52049.46, "Total Cost": 70276.1, "Plan Rows": 70, "Plan Width": 12, "Actual Min Startup Time": 136.008, "Actual Max Startup Time": 136.008, "Actual Min Total Time": 226.398, "Actual Max Total Time": 226.398, "Plans": [{"Node Type": "Hash Join", "Parent Relationship": "Outer", "Join Type": "Inner", "Startup Cost": 52049.46, "Total Cost": 70274.59, "Plan Rows": 70, "Plan Width": 12, "Actual Min Startup Time": 163.703, "Actual Max Startup Time": 215.019, "Actual Min Total Time": 239.512, "Actual Max Total Time": 292.436, "Inner Unique": false, "Hash Cond": "(mc.movie_id = mk.movie_id)", "Plans": [{"Node Type": "Seq Scan", "Parent Relationship": "Outer", "Relation Name": "movie_companies", "Alias": "mc", "Startup Cost": 0.0, "Total Cost": 17613.58, "Plan Rows": 2609128, "Plan Width": 8, "Actual Min Startup Time": 0.049, "Actual Max Startup Time": 0.07, "Actual Min Total Time": 34.911, "Actual Max Total Time": 40.904, "Actual Rows": 2609128}, {"Node Type": "Hash", "Parent Relationship": "Inner", "Startup Cost": 52049.04, "Total Cost": 52049.04, "Plan Rows": 528, "Plan Width": 4, "Actual Min Startup Time": 163.472, "Actual Max Startup Time": 214.818, "Actual Min Total Time": 163.472, "Actual Max Total Time": 214.818, "Max Hash Buckets": 32768, "Min Hash Buckets": 32768, "Max Hash Batches": 1, "Min Hash Batches": 1, "Max Original Hash Batches": 1, "Min Original Hash Batches": 1, "Max Peak Memory Usage": 1471, "min Peak Memory Usage": 1471, "Plans": [{"Node Type": "Streaming(type: BROADCAST dop: 16/16)", "Parent Relationship": "Outer", "Startup Cost": 17436.47, "Total Cost": 52049.04, "Plan Rows": 528, "Plan Width": 4, "Actual Min Startup Time": 0.064, "Actual Max Startup Time": 0.138, "Actual Min Total Time": 148.637, "Actual Max Total Time": 204.884, "Plans": [{"Node Type": "Hash Join", "Parent Relationship": "Outer", "Join Type": "Inner", "Startup Cost": 17436.47, "Total Cost": 37047.7, "Plan Rows": 33, "Plan Width": 4, "Actual Min Startup Time": 0.146, "Actual Max Startup Time": 15.438, "Actual Min Total Time": 107.91, "Actual Max Total Time": 135.924, "Inner Unique": true, "Hash Cond": "(mk.keyword_id = k.id)", "Plans": [{"Node Type": "Seq Scan", "Parent Relationship": "Outer", "Relation Name": "movie_keyword", "Alias": "mk", "Startup Cost": 0.0, "Total Cost": 18902.58, "Plan Rows": 4523929, "Plan Width": 8, "Actual Min Startup Time": 0.059, "Actual Max Startup Time": 0.079, "Actual Min Total Time": 60.198, "Actual Max Total Time": 67.159, "Actual Rows": 4523929}, {"Node Type": "Hash", "Parent Relationship": "Inner", "Startup Cost": 17436.46, "Total Cost": 17436.46, "Plan Rows": 16, "Plan Width": 4, "Actual Min Startup Time": 0.015, "Actual Max Startup Time": 15.232, "Actual Min Total Time": 0.015, "Actual Max Total Time": 15.232, "Max Hash Buckets": 32768, "Min Hash Buckets": 32768, "Max Hash Batches": 1, "Min Hash Batches": 1, "Max Original Hash Batches": 1, "Min Original Hash Batches": 1, "Max Peak Memory Usage": 1, "min Peak Memory Usage": 1, "Plans": [{"Node Type": "Streaming(type: BROADCAST dop: 16/1)", "Parent Relationship": "Outer", "Startup Cost": 0.0, "Total Cost": 17436.46, "Plan Rows": 16, "Plan Width": 4, "Actual Min Startup Time": 0.003, "Actual Max Startup Time": 15.217, "Actual Min Total Time": 0.004, "Actual Max Total Time": 15.218, "Plans": [{"Node Type": "Seq Scan", "Parent Relationship": "Outer", "Relation Name": "keyword", "Alias": "k", "Startup Cost": 0.0, "Total Cost": 2436.11, "Plan Rows": 1, "Plan Width": 4, "Actual Min Startup Time": 1.892, "Actual Max Startup Time": 1.892, "Actual Min Total Time": 43.326, "Actual Max Total Time": 43.326, "Filter": "((keyword)::text = 'character-name-in-title'::text)", "Rows Removed by Filter": 134168, "Actual Rows": 1}], "Actual Rows": 16}], "Actual Rows": 16}], "Actual Rows": 41840}], "Actual Rows": 669440}], "Actual Rows": 669440}], "Actual Rows": 148552}], "Actual Rows": 148552}, {"Node Type": "Hash", "Parent Relationship": "Inner", "Startup Cost": 5903.45, "Total Cost": 5903.45, "Plan Rows": 2240, "Plan Width": 4, "Actual Min Startup Time": 80.94, "Actual Max Startup Time": 80.94, "Actual Min Total Time": 80.94, "Actual Max Total Time": 80.94, "Max Hash Buckets": 32768, "Min Hash Buckets": 32768, "Max Hash Batches": 1, "Min Hash Batches": 1, "Max Original Hash Batches": 1, "Min Original Hash Batches": 1, "Max Peak Memory Usage": 83, "min Peak Memory Usage": 83, "Plans": [{"Node Type": "Seq Scan", "Parent Relationship": "Outer", "Relation Name": "company_name", "Alias": "cn", "Startup Cost": 0.0, "Total Cost": 5903.45, "Plan Rows": 2240, "Plan Width": 4, "Actual Min Startup Time": 0.068, "Actual Max Startup Time": 0.068, "Actual Min Total Time": 80.137, "Actual Max Total Time": 80.137, "Filter": "((country_code)::text = '[nl]'::text)", "Rows Removed by Filter": 232656, "Actual Rows": 2340}], "Actual Rows": 2340}], "Actual Rows": 5228}], "Actual Rows": 83648}], "Actual Rows": 83648}], "Actual Rows": 5228}], "Actual Rows": 16}], "Actual Rows": 16}], "Actual Rows": 1}, "Triggers": [], "Planner Runtime": 26.454, "Total Runtime": 568.971, "Unique SQL Id": 2804875951}}, "(16, '47')": {"explain_plan": {"Plan": {"Node Type": "Aggregate", "Strategy": "Plain", "Startup Cost": 5000041492550.78, "Total Cost": 5000041492550.79, "Plan Rows": 1, "Plan Width": 49, "Plans": [{"Node Type": "Nested Loop", "Parent Relationship": "Outer", "Join Type": "Inner", "Startup Cost": 50000000000.0, "Total Cost": 5000041492550.77, "Plan Rows": 2, "Plan Width": 17, "Inner Unique": false, "Join Filter": "(mc.movie_id = t.id)", "Plans": [{"Node Type": "Index Scan", "Parent Relationship": "Outer", "Scan Direction": "Forward", "Index Name": "title_pkey", "Relation Name": "title", "Alias": "t", "Startup Cost": 10000000000.0, "Total Cost": 1000011012048.91, "Plan Rows": 2528311, "Plan Width": 21}, {"Node Type": "Materialize", "Parent Relationship": "Inner", "Startup Cost": 40000000000.0, "Total Cost": 4000030404652.53, "Plan Rows": 2, "Plan Width": 8, "Plans": [{"Node Type": "Nested Loop", "Parent Relationship": "Outer", "Join Type": "Inner", "Startup Cost": 40000000000.0, "Total Cost": 4000030404652.52, "Plan Rows": 2, "Plan Width": 8, "Inner Unique": true, "Join Filter": "(mc.company_id = cn.id)", "Plans": [{"Node Type": "Nested Loop", "Parent Relationship": "Outer", "Join Type": "Inner", "Startup Cost": 30000000000.0, "Total Cost": 3000029352155.95, "Plan Rows": 70, "Plan Width": 12, "Inner Unique": false, "Join Filter": "(mk.movie_id = mc.movie_id)", "Plans": [{"Node Type": "Nested Loop", "Parent Relationship": "Outer", "Join Type": "Inner", "Startup Cost": 20000000000.0, "Total Cost": 2000015686764.79, "Plan Rows": 33, "Plan Width": 4, "Inner Unique": true, "Join Filter": "(k.id = mk.keyword_id)", "Plans": [{"Node Type": "Index Scan", "Parent Relationship": "Outer", "Scan Direction": "Forward", "Index Name": "movie_id_movie_keyword", "Relation Name": "movie_keyword", "Alias": "mk", "Startup Cost": 10000000000.0, "Total Cost": 1000015300634.17, "Plan Rows": 4523929, "Plan Width": 8}, {"Node Type": "Materialize", "Parent Relationship": "Inner", "Startup Cost": 10000000000.0, "Total Cost": 1000000318271.69, "Plan Rows": 1, "Plan Width": 4, "Plans": [{"Node Type": "Index Scan", "Parent Relationship": "Outer", "Scan Direction": "Forward", "Index Name": "keyword_pkey", "Relation Name": "keyword", "Alias": "k", "Startup Cost": 10000000000.0, "Total Cost": 1000000318271.68, "Plan Rows": 1, "Plan Width": 4, "Filter": "((keyword)::text = 'character-name-in-title'::text)"}]}]}, {"Node Type": "Materialize", "Parent Relationship": "Inner", "Startup Cost": 10000000000.0, "Total Cost": 1000012380395.62, "Plan Rows": 2609128, "Plan Width": 8, "Plans": [{"Node Type": "Index Scan", "Parent Relationship": "Outer", "Scan Direction": "Forward", "Index Name": "company_id_movie_companies", "Relation Name": "movie_companies", "Alias": "mc", "Startup Cost": 10000000000.0, "Total Cost": 1000012367349.98, "Plan Rows": 2609128, "Plan Width": 8}]}]}, {"Node Type": "Materialize", "Parent Relationship": "Inner", "Startup Cost": 10000000000.0, "Total Cost": 1000001050150.17, "Plan Rows": 2240, "Plan Width": 4, "Plans": [{"Node Type": "Index Scan", "Parent Relationship": "Outer", "Scan Direction": "Forward", "Index Name": "company_name_pkey", "Relation Name": "company_name", "Alias": "cn", "Startup Cost": 10000000000.0, "Total Cost": 1000001050138.97, "Plan Rows": 2240, "Plan Width": 4, "Filter": "((country_code)::text = '[nl]'::text)"}]}]}]}]}]}, "Unique SQL Id": 2804875951, "Planner Runtime": 7}, "explain_analyze_plan": null}, "(16, '48')": {"explain_plan": {"Plan": {"Node Type": "Aggregate", "Strategy": "Plain", "Startup Cost": 2600.78, "Total Cost": 2600.79, "Plan Rows": 1, "Plan Width": 49, "Plans": [{"Node Type": "Nested Loop", "Parent Relationship": "Outer", "Join Type": "Inner", "Startup Cost": 4.51, "Total Cost": 2600.77, "Plan Rows": 2, "Plan Width": 17, "Inner Unique": true, "Join Filter": "(mc.movie_id = t.id)", "Plans": [{"Node Type": "Nested Loop", "Parent Relationship": "Outer", "Join Type": "Inner", "Startup Cost": 4.51, "Total Cost": 2600.13, "Plan Rows": 2, "Plan Width": 8, "Inner Unique": true, "Plans": [{"Node Type": "Nested Loop", "Parent Relationship": "Outer", "Join Type": "Inner", "Startup Cost": 4.51, "Total Cost": 2579.99, "Plan Rows": 70, "Plan Width": 12, "Inner Unique": false, "Plans": [{"Node Type": "Nested Loop", "Parent Relationship": "Outer", "Join Type": "Inner", "Startup Cost": 4.51, "Total Cost": 2569.02, "Plan Rows": 33, "Plan Width": 4, "Inner Unique": false, "Plans": [{"Node Type": "Seq Scan", "Parent Relationship": "Outer", "Relation Name": "keyword", "Alias": "k", "Startup Cost": 0.0, "Total Cost": 2436.11, "Plan Rows": 1, "Plan Width": 4, "Filter": "((keyword)::text = 'character-name-in-title'::text)"}, {"Node Type": "Bitmap Heap Scan", "Parent Relationship": "Inner", "Relation Name": "movie_keyword", "Alias": "mk", "Startup Cost": 4.51, "Total Cost": 132.58, "Plan Rows": 33, "Plan Width": 8, "Recheck Cond": "(keyword_id = k.id)", "Plans": [{"Node Type": "Bitmap Index Scan", "Parent Relationship": "Outer", "Index Name": "keyword_id_movie_keyword", "Startup Cost": 0.0, "Total Cost": 4.5, "Plan Rows": 33, "Plan Width": 0, "Index Cond": "(keyword_id = k.id)"}]}]}, {"Node Type": "Index Scan", "Parent Relationship": "Inner", "Scan Direction": "Forward", "Index Name": "movie_id_movie_companies", "Relation Name": "movie_companies", "Alias": "mc", "Startup Cost": 0.0, "Total Cost": 0.31, "Plan Rows": 2, "Plan Width": 8, "Index Cond": "(movie_id = mk.movie_id)"}]}, {"Node Type": "Index Scan", "Parent Relationship": "Inner", "Scan Direction": "Forward", "Index Name": "company_name_pkey", "Relation Name": "company_name", "Alias": "cn", "Startup Cost": 0.0, "Total Cost": 0.28, "Plan Rows": 1, "Plan Width": 4, "Index Cond": "(id = mc.company_id)", "Filter": "((country_code)::text = '[nl]'::text)"}]}, {"Node Type": "Index Scan", "Parent Relationship": "Inner", "Scan Direction": "Forward", "Index Name": "title_pkey", "Relation Name": "title", "Alias": "t", "Startup Cost": 0.0, "Total Cost": 0.31, "Plan Rows": 1, "Plan Width": 21, "Index Cond": "(id = mk.movie_id)"}]}]}, "Unique SQL Id": 2804875951, "Planner Runtime": 2}, "explain_analyze_plan": {"Plan": {"Node Type": "Aggregate", "Strategy": "Plain", "Startup Cost": 2600.78, "Total Cost": 2600.79, "Plan Rows": 1, "Plan Width": 49, "Actual Startup Time": 1042.053, "Actual Total Time": 1042.053, "Actual Rows": 1, "Actual Loops": 1, "Plans": [{"Node Type": "Nested Loop", "Parent Relationship": "Outer", "Join Type": "Inner", "Startup Cost": 4.51, "Total Cost": 2600.77, "Plan Rows": 2, "Plan Width": 17, "Actual Startup Time": 15.009, "Actual Total Time": 1039.002, "Actual Rows": 5228, "Actual Loops": 1, "Inner Unique": true, "Join Filter": "(mc.movie_id = t.id)", "Rows Removed by Join Filter": 0, "Plans": [{"Node Type": "Nested Loop", "Parent Relationship": "Outer", "Join Type": "Inner", "Startup Cost": 4.51, "Total Cost": 2600.13, "Plan Rows": 2, "Plan Width": 8, "Actual Startup Time": 14.993, "Actual Total Time": 1010.698, "Actual Rows": 5228, "Actual Loops": 1, "Inner Unique": true, "Plans": [{"Node Type": "Nested Loop", "Parent Relationship": "Outer", "Join Type": "Inner", "Startup Cost": 4.51, "Total Cost": 2579.99, "Plan Rows": 70, "Plan Width": 12, "Actual Startup Time": 11.933, "Actual Total Time": 388.31, "Actual Rows": 148552, "Actual Loops": 1, "Inner Unique": false, "Plans": [{"Node Type": "Nested Loop", "Parent Relationship": "Outer", "Join Type": "Inner", "Startup Cost": 4.51, "Total Cost": 2569.02, "Plan Rows": 33, "Plan Width": 4, "Actual Startup Time": 11.905, "Actual Total Time": 101.867, "Actual Rows": 41840, "Actual Loops": 1, "Inner Unique": false, "Plans": [{"Node Type": "Seq Scan", "Parent Relationship": "Outer", "Relation Name": "keyword", "Alias": "k", "Startup Cost": 0.0, "Total Cost": 2436.11, "Plan Rows": 1, "Plan Width": 4, "Actual Startup Time": 1.829, "Actual Total Time": 42.003, "Actual Rows": 1, "Actual Loops": 1, "Filter": "((keyword)::text = 'character-name-in-title'::text)", "Rows Removed by Filter": 134168}, {"Node Type": "Bitmap Heap Scan", "Parent Relationship": "Inner", "Relation Name": "movie_keyword", "Alias": "mk", "Startup Cost": 4.51, "Total Cost": 132.58, "Plan Rows": 33, "Plan Width": 8, "Actual Startup Time": 10.069, "Actual Total Time": 51.314, "Actual Rows": 41840, "Actual Loops": 1, "Recheck Cond": "(keyword_id = k.id)", "Rows Removed by Index Recheck": 0, "Exact Heap Blocks": 9702, "Lossy Heap Blocks": 9702, "Plans": [{"Node Type": "Bitmap Index Scan", "Parent Relationship": "Outer", "Index Name": "keyword_id_movie_keyword", "Startup Cost": 0.0, "Total Cost": 4.5, "Plan Rows": 33, "Plan Width": 0, "Actual Startup Time": 8.236, "Actual Total Time": 8.236, "Actual Rows": 41840, "Actual Loops": 1, "Index Cond": "(keyword_id = k.id)"}]}]}, {"Node Type": "Index Scan", "Parent Relationship": "Inner", "Scan Direction": "Forward", "Index Name": "movie_id_movie_companies", "Relation Name": "movie_companies", "Alias": "mc", "Startup Cost": 0.0, "Total Cost": 0.31, "Plan Rows": 2, "Plan Width": 8, "Actual Startup Time": 155.322, "Actual Total Time": 230.57, "Actual Rows": 148552, "Actual Loops": 41840, "Index Cond": "(movie_id = mk.movie_id)", "Rows Removed by Index Recheck": 0}]}, {"Node Type": "Index Scan", "Parent Relationship": "Inner", "Scan Direction": "Forward", "Index Name": "company_name_pkey", "Relation Name": "company_name", "Alias": "cn", "Startup Cost": 0.0, "Total Cost": 0.28, "Plan Rows": 1, "Plan Width": 4, "Actual Startup Time": 550.613, "Actual Total Time": 550.613, "Actual Rows": 5228, "Actual Loops": 148552, "Index Cond": "(id = mc.company_id)", "Rows Removed by Index Recheck": 0, "Filter": "((country_code)::text = '[nl]'::text)", "Rows Removed by Filter": 143324}]}, {"Node Type": "Index Scan", "Parent Relationship": "Inner", "Scan Direction": "Forward", "Index Name": "title_pkey", "Relation Name": "title", "Alias": "t", "Startup Cost": 0.0, "Total Cost": 0.31, "Plan Rows": 1, "Plan Width": 21, "Actual Startup Time": 22.709, "Actual Total Time": 22.709, "Actual Rows": 5228, "Actual Loops": 5228, "Index Cond": "(id = mk.movie_id)", "Rows Removed by Index Recheck": 0}]}]}, "Triggers": [], "Planner Runtime": 10.46, "Total Runtime": 1042.518, "Unique SQL Id": 2804875951}}, "(16, '49')": {"explain_plan": {"Plan": {"Node Type": "Aggregate", "Strategy": "Plain", "Startup Cost": 3347.38, "Total Cost": 3347.39, "Plan Rows": 1, "Plan Width": 49, "Plans": [{"Node Type": "Nested Loop", "Parent Relationship": "Outer", "Join Type": "Inner", "Startup Cost": 4.51, "Total Cost": 3347.38, "Plan Rows": 2, "Plan Width": 17, "Inner Unique": true, "Join Filter": "(mc.movie_id = t.id)", "Plans": [{"Node Type": "Nested Loop", "Parent Relationship": "Outer", "Join Type": "Inner", "Startup Cost": 4.51, "Total Cost": 3346.73, "Plan Rows": 2, "Plan Width": 8, "Inner Unique": true, "Plans": [{"Node Type": "Nested Loop", "Parent Relationship": "Outer", "Join Type": "Inner", "Startup Cost": 4.51, "Total Cost": 3326.6, "Plan Rows": 70, "Plan Width": 12, "Inner Unique": false, "Plans": [{"Node Type": "Nested Loop", "Parent Relationship": "Outer", "Join Type": "Inner", "Startup Cost": 4.51, "Total Cost": 3315.63, "Plan Rows": 33, "Plan Width": 4, "Inner Unique": false, "Plans": [{"Node Type": "Index Scan", "Parent Relationship": "Outer", "Scan Direction": "Forward", "Index Name": "keyword_pkey", "Relation Name": "keyword", "Alias": "k", "Startup Cost": 0.0, "Total Cost": 3182.72, "Plan Rows": 1, "Plan Width": 4, "Filter": "((keyword)::text = 'character-name-in-title'::text)"}, {"Node Type": "Bitmap Heap Scan", "Parent Relationship": "Inner", "Relation Name": "movie_keyword", "Alias": "mk", "Startup Cost": 4.51, "Total Cost": 132.58, "Plan Rows": 33, "Plan Width": 8, "Recheck Cond": "(keyword_id = k.id)", "Plans": [{"Node Type": "Bitmap Index Scan", "Parent Relationship": "Outer", "Index Name": "keyword_id_movie_keyword", "Startup Cost": 0.0, "Total Cost": 4.5, "Plan Rows": 33, "Plan Width": 0, "Index Cond": "(keyword_id = k.id)"}]}]}, {"Node Type": "Index Scan", "Parent Relationship": "Inner", "Scan Direction": "Forward", "Index Name": "movie_id_movie_companies", "Relation Name": "movie_companies", "Alias": "mc", "Startup Cost": 0.0, "Total Cost": 0.31, "Plan Rows": 2, "Plan Width": 8, "Index Cond": "(movie_id = mk.movie_id)"}]}, {"Node Type": "Index Scan", "Parent Relationship": "Inner", "Scan Direction": "Forward", "Index Name": "company_name_pkey", "Relation Name": "company_name", "Alias": "cn", "Startup Cost": 0.0, "Total Cost": 0.28, "Plan Rows": 1, "Plan Width": 4, "Index Cond": "(id = mc.company_id)", "Filter": "((country_code)::text = '[nl]'::text)"}]}, {"Node Type": "Index Scan", "Parent Relationship": "Inner", "Scan Direction": "Forward", "Index Name": "title_pkey", "Relation Name": "title", "Alias": "t", "Startup Cost": 0.0, "Total Cost": 0.31, "Plan Rows": 1, "Plan Width": 21, "Index Cond": "(id = mk.movie_id)"}]}]}, "Unique SQL Id": 2804875951, "Planner Runtime": 2}, "explain_analyze_plan": {"Plan": {"Node Type": "Aggregate", "Strategy": "Plain", "Startup Cost": 3347.38, "Total Cost": 3347.39, "Plan Rows": 1, "Plan Width": 49, "Actual Startup Time": 1183.532, "Actual Total Time": 1183.533, "Actual Rows": 1, "Actual Loops": 1, "Plans": [{"Node Type": "Nested Loop", "Parent Relationship": "Outer", "Join Type": "Inner", "Startup Cost": 4.51, "Total Cost": 3347.38, "Plan Rows": 2, "Plan Width": 17, "Actual Startup Time": 13.942, "Actual Total Time": 1180.637, "Actual Rows": 5228, "Actual Loops": 1, "Inner Unique": true, "Join Filter": "(mc.movie_id = t.id)", "Rows Removed by Join Filter": 0, "Plans": [{"Node Type": "Nested Loop", "Parent Relationship": "Outer", "Join Type": "Inner", "Startup Cost": 4.51, "Total Cost": 3346.73, "Plan Rows": 2, "Plan Width": 8, "Actual Startup Time": 13.922, "Actual Total Time": 1148.172, "Actual Rows": 5228, "Actual Loops": 1, "Inner Unique": true, "Plans": [{"Node Type": "Nested Loop", "Parent Relationship": "Outer", "Join Type": "Inner", "Startup Cost": 4.51, "Total Cost": 3326.6, "Plan Rows": 70, "Plan Width": 12, "Actual Startup Time": 10.495, "Actual Total Time": 511.238, "Actual Rows": 148552, "Actual Loops": 1, "Inner Unique": false, "Plans": [{"Node Type": "Nested Loop", "Parent Relationship": "Outer", "Join Type": "Inner", "Startup Cost": 4.51, "Total Cost": 3315.63, "Plan Rows": 33, "Plan Width": 4, "Actual Startup Time": 10.465, "Actual Total Time": 196.622, "Actual Rows": 41840, "Actual Loops": 1, "Inner Unique": false, "Plans": [{"Node Type": "Index Scan", "Parent Relationship": "Outer", "Scan Direction": "Forward", "Index Name": "keyword_pkey", "Relation Name": "keyword", "Alias": "k", "Startup Cost": 0.0, "Total Cost": 3182.72, "Plan Rows": 1, "Plan Width": 4, "Actual Startup Time": 0.292, "Actual Total Time": 125.899, "Actual Rows": 1, "Actual Loops": 1, "Filter": "((keyword)::text = 'character-name-in-title'::text)", "Rows Removed by Filter": 134168}, {"Node Type": "Bitmap Heap Scan", "Parent Relationship": "Inner", "Relation Name": "movie_keyword", "Alias": "mk", "Startup Cost": 4.51, "Total Cost": 132.58, "Plan Rows": 33, "Plan Width": 8, "Actual Startup Time": 10.166, "Actual Total Time": 61.96, "Actual Rows": 41840, "Actual Loops": 1, "Recheck Cond": "(keyword_id = k.id)", "Rows Removed by Index Recheck": 0, "Exact Heap Blocks": 9702, "Lossy Heap Blocks": 9702, "Plans": [{"Node Type": "Bitmap Index Scan", "Parent Relationship": "Outer", "Index Name": "keyword_id_movie_keyword", "Startup Cost": 0.0, "Total Cost": 4.5, "Plan Rows": 33, "Plan Width": 0, "Actual Startup Time": 8.352, "Actual Total Time": 8.352, "Actual Rows": 41840, "Actual Loops": 1, "Index Cond": "(keyword_id = k.id)"}]}]}, {"Node Type": "Index Scan", "Parent Relationship": "Inner", "Scan Direction": "Forward", "Index Name": "movie_id_movie_companies", "Relation Name": "movie_companies", "Alias": "mc", "Startup Cost": 0.0, "Total Cost": 0.31, "Plan Rows": 2, "Plan Width": 8, "Actual Startup Time": 176.45, "Actual Total Time": 259.319, "Actual Rows": 148552, "Actual Loops": 41840, "Index Cond": "(movie_id = mk.movie_id)", "Rows Removed by Index Recheck": 0}]}, {"Node Type": "Index Scan", "Parent Relationship": "Inner", "Scan Direction": "Forward", "Index Name": "company_name_pkey", "Relation Name": "company_name", "Alias": "cn", "Startup Cost": 0.0, "Total Cost": 0.28, "Plan Rows": 1, "Plan Width": 4, "Actual Startup Time": 563.789, "Actual Total Time": 563.789, "Actual Rows": 5228, "Actual Loops": 148552, "Index Cond": "(id = mc.company_id)", "Rows Removed by Index Recheck": 0, "Filter": "((country_code)::text = '[nl]'::text)", "Rows Removed by Filter": 143324}]}, {"Node Type": "Index Scan", "Parent Relationship": "Inner", "Scan Direction": "Forward", "Index Name": "title_pkey", "Relation Name": "title", "Alias": "t", "Startup Cost": 0.0, "Total Cost": 0.31, "Plan Rows": 1, "Plan Width": 21, "Actual Startup Time": 26.892, "Actual Total Time": 26.892, "Actual Rows": 5228, "Actual Loops": 5228, "Index Cond": "(id = mk.movie_id)", "Rows Removed by Index Recheck": 0}]}]}, "Triggers": [], "Planner Runtime": 11.909, "Total Runtime": 1183.878, "Unique SQL Id": 2804875951}}, "(16, '50')": {"explain_plan": {"Plan": {"Node Type": "Aggregate", "Strategy": "Plain", "Startup Cost": 3019.97, "Total Cost": 3019.98, "Plan Rows": 1, "Plan Width": 49, "Plans": [{"Node Type": "Nested Loop", "Parent Relationship": "Outer", "Join Type": "Inner", "Startup Cost": 5.3, "Total Cost": 3019.97, "Plan Rows": 2, "Plan Width": 17, "Inner Unique": true, "Join Filter": "(mc.movie_id = t.id)", "Plans": [{"Node Type": "Nested Loop", "Parent Relationship": "Outer", "Join Type": "Inner", "Startup Cost": 5.04, "Total Cost": 3011.39, "Plan Rows": 2, "Plan Width": 8, "Inner Unique": true, "Plans": [{"Node Type": "Nested Loop", "Parent Relationship": "Outer", "Join Type": "Inner", "Startup Cost": 4.78, "Total Cost": 2711.55, "Plan Rows": 70, "Plan Width": 12, "Inner Unique": false, "Plans": [{"Node Type": "Nested Loop", "Parent Relationship": "Outer", "Join Type": "Inner", "Startup Cost": 4.51, "Total Cost": 2569.02, "Plan Rows": 33, "Plan Width": 4, "Inner Unique": false, "Plans": [{"Node Type": "Seq Scan", "Parent Relationship": "Outer", "Relation Name": "keyword", "Alias": "k", "Startup Cost": 0.0, "Total Cost": 2436.11, "Plan Rows": 1, "Plan Width": 4, "Filter": "((keyword)::text = 'character-name-in-title'::text)"}, {"Node Type": "Bitmap Heap Scan", "Parent Relationship": "Inner", "Relation Name": "movie_keyword", "Alias": "mk", "Startup Cost": 4.51, "Total Cost": 132.58, "Plan Rows": 33, "Plan Width": 8, "Recheck Cond": "(keyword_id = k.id)", "Plans": [{"Node Type": "Bitmap Index Scan", "Parent Relationship": "Outer", "Index Name": "keyword_id_movie_keyword", "Startup Cost": 0.0, "Total Cost": 4.5, "Plan Rows": 33, "Plan Width": 0, "Index Cond": "(keyword_id = k.id)"}]}]}, {"Node Type": "Bitmap Heap Scan", "Parent Relationship": "Inner", "Relation Name": "movie_companies", "Alias": "mc", "Startup Cost": 0.27, "Total Cost": 4.3, "Plan Rows": 2, "Plan Width": 8, "Recheck Cond": "(movie_id = mk.movie_id)", "Plans": [{"Node Type": "Bitmap Index Scan", "Parent Relationship": "Outer", "Index Name": "movie_id_movie_companies", "Startup Cost": 0.0, "Total Cost": 0.27, "Plan Rows": 2, "Plan Width": 0, "Index Cond": "(movie_id = mk.movie_id)"}]}]}, {"Node Type": "Bitmap Heap Scan", "Parent Relationship": "Inner", "Relation Name": "company_name", "Alias": "cn", "Startup Cost": 0.26, "Total Cost": 4.27, "Plan Rows": 1, "Plan Width": 4, "Recheck Cond": "(id = mc.company_id)", "Filter": "((country_code)::text = '[nl]'::text)", "Plans": [{"Node Type": "Bitmap Index Scan", "Parent Relationship": "Outer", "Index Name": "company_name_pkey", "Startup Cost": 0.0, "Total Cost": 0.26, "Plan Rows": 1, "Plan Width": 0, "Index Cond": "(id = mc.company_id)"}]}]}, {"Node Type": "Bitmap Heap Scan", "Parent Relationship": "Inner", "Relation Name": "title", "Alias": "t", "Startup Cost": 0.27, "Total Cost": 4.28, "Plan Rows": 1, "Plan Width": 21, "Recheck Cond": "(id = mk.movie_id)", "Plans": [{"Node Type": "Bitmap Index Scan", "Parent Relationship": "Outer", "Index Name": "title_pkey", "Startup Cost": 0.0, "Total Cost": 0.27, "Plan Rows": 1, "Plan Width": 0, "Index Cond": "(id = mk.movie_id)"}]}]}]}, "Unique SQL Id": 2804875951, "Planner Runtime": 3}, "explain_analyze_plan": {"Plan": {"Node Type": "Aggregate", "Strategy": "Plain", "Startup Cost": 3019.97, "Total Cost": 3019.98, "Plan Rows": 1, "Plan Width": 49, "Actual Startup Time": 1407.614, "Actual Total Time": 1407.615, "Actual Rows": 1, "Actual Loops": 1, "Plans": [{"Node Type": "Nested Loop", "Parent Relationship": "Outer", "Join Type": "Inner", "Startup Cost": 5.3, "Total Cost": 3019.97, "Plan Rows": 2, "Plan Width": 17, "Actual Startup Time": 16.178, "Actual Total Time": 1403.151, "Actual Rows": 5228, "Actual Loops": 1, "Inner Unique": true, "Join Filter": "(mc.movie_id = t.id)", "Rows Removed by Join Filter": 0, "Plans": [{"Node Type": "Nested Loop", "Parent Relationship": "Outer", "Join Type": "Inner", "Startup Cost": 5.04, "Total Cost": 3011.39, "Plan Rows": 2, "Plan Width": 8, "Actual Startup Time": 16.158, "Actual Total Time": 1365.668, "Actual Rows": 5228, "Actual Loops": 1, "Inner Unique": true, "Plans": [{"Node Type": "Nested Loop", "Parent Relationship": "Outer", "Join Type": "Inner", "Startup Cost": 4.78, "Total Cost": 2711.55, "Plan Rows": 70, "Plan Width": 12, "Actual Startup Time": 11.838, "Actual Total Time": 496.315, "Actual Rows": 148552, "Actual Loops": 1, "Inner Unique": false, "Plans": [{"Node Type": "Nested Loop", "Parent Relationship": "Outer", "Join Type": "Inner", "Startup Cost": 4.51, "Total Cost": 2569.02, "Plan Rows": 33, "Plan Width": 4, "Actual Startup Time": 11.8, "Actual Total Time": 100.005, "Actual Rows": 41840, "Actual Loops": 1, "Inner Unique": false, "Plans": [{"Node Type": "Seq Scan", "Parent Relationship": "Outer", "Relation Name": "keyword", "Alias": "k", "Startup Cost": 0.0, "Total Cost": 2436.11, "Plan Rows": 1, "Plan Width": 4, "Actual Startup Time": 1.772, "Actual Total Time": 40.559, "Actual Rows": 1, "Actual Loops": 1, "Filter": "((keyword)::text = 'character-name-in-title'::text)", "Rows Removed by Filter": 134168}, {"Node Type": "Bitmap Heap Scan", "Parent Relationship": "Inner", "Relation Name": "movie_keyword", "Alias": "mk", "Startup Cost": 4.51, "Total Cost": 132.58, "Plan Rows": 33, "Plan Width": 8, "Actual Startup Time": 10.022, "Actual Total Time": 50.222, "Actual Rows": 41840, "Actual Loops": 1, "Recheck Cond": "(keyword_id = k.id)", "Rows Removed by Index Recheck": 0, "Exact Heap Blocks": 9702, "Lossy Heap Blocks": 9702, "Plans": [{"Node Type": "Bitmap Index Scan", "Parent Relationship": "Outer", "Index Name": "keyword_id_movie_keyword", "Startup Cost": 0.0, "Total Cost": 4.5, "Plan Rows": 33, "Plan Width": 0, "Actual Startup Time": 8.253, "Actual Total Time": 8.253, "Actual Rows": 41840, "Actual Loops": 1, "Index Cond": "(keyword_id = k.id)"}]}]}, {"Node Type": "Bitmap Heap Scan", "Parent Relationship": "Inner", "Relation Name": "movie_companies", "Alias": "mc", "Startup Cost": 0.27, "Total Cost": 4.3, "Plan Rows": 2, "Plan Width": 8, "Actual Startup Time": 253.295, "Actual Total Time": 310.868, "Actual Rows": 148552, "Actual Loops": 41840, "Recheck Cond": "(movie_id = mk.movie_id)", "Rows Removed by Index Recheck": 0, "Exact Heap Blocks": 62638, "Lossy Heap Blocks": 62638, "Plans": [{"Node Type": "Bitmap Index Scan", "Parent Relationship": "Outer", "Index Name": "movie_id_movie_companies", "Startup Cost": 0.0, "Total Cost": 0.27, "Plan Rows": 2, "Plan Width": 0, "Actual Startup Time": 156.576, "Actual Total Time": 156.576, "Actual Rows": 148552, "Actual Loops": 41840, "Index Cond": "(movie_id = mk.movie_id)"}]}]}, {"Node Type": "Bitmap Heap Scan", "Parent Relationship": "Inner", "Relation Name": "company_name", "Alias": "cn", "Startup Cost": 0.26, "Total Cost": 4.27, "Plan Rows": 1, "Plan Width": 4, "Actual Startup Time": 699.973, "Actual Total Time": 699.973, "Actual Rows": 5228, "Actual Loops": 148552, "Recheck Cond": "(id = mc.company_id)", "Rows Removed by Index Recheck": 0, "Filter": "((country_code)::text = '[nl]'::text)", "Rows Removed by Filter": 143324, "Exact Heap Blocks": 148552, "Lossy Heap Blocks": 148552, "Plans": [{"Node Type": "Bitmap Index Scan", "Parent Relationship": "Outer", "Index Name": "company_name_pkey", "Startup Cost": 0.0, "Total Cost": 0.26, "Plan Rows": 1, "Plan Width": 0, "Actual Startup Time": 386.659, "Actual Total Time": 386.659, "Actual Rows": 148552, "Actual Loops": 148552, "Index Cond": "(id = mc.company_id)"}]}]}, {"Node Type": "Bitmap Heap Scan", "Parent Relationship": "Inner", "Relation Name": "title", "Alias": "t", "Startup Cost": 0.27, "Total Cost": 4.28, "Plan Rows": 1, "Plan Width": 21, "Actual Startup Time": 28.495, "Actual Total Time": 28.495, "Actual Rows": 5228, "Actual Loops": 5228, "Recheck Cond": "(id = mk.movie_id)", "Rows Removed by Index Recheck": 0, "Exact Heap Blocks": 5228, "Lossy Heap Blocks": 5228, "Plans": [{"Node Type": "Bitmap Index Scan", "Parent Relationship": "Outer", "Index Name": "title_pkey", "Startup Cost": 0.0, "Total Cost": 0.27, "Plan Rows": 1, "Plan Width": 0, "Actual Startup Time": 17.109, "Actual Total Time": 17.109, "Actual Rows": 5228, "Actual Loops": 5228, "Index Cond": "(id = mk.movie_id)"}]}]}]}, "Triggers": [], "Planner Runtime": 15.864, "Total Runtime": 1408.006, "Unique SQL Id": 2804875951}}, "(16, '51')": {"explain_plan": {"Plan": {"Node Type": "Aggregate", "Strategy": "Plain", "Startup Cost": 3739.07, "Total Cost": 3739.08, "Plan Rows": 1, "Plan Width": 49, "Plans": [{"Node Type": "Nested Loop", "Parent Relationship": "Outer", "Join Type": "Inner", "Startup Cost": 724.4, "Total Cost": 3739.06, "Plan Rows": 2, "Plan Width": 17, "Inner Unique": true, "Join Filter": "(mc.movie_id = t.id)", "Plans": [{"Node Type": "Nested Loop", "Parent Relationship": "Outer", "Join Type": "Inner", "Startup Cost": 724.13, "Total Cost": 3730.48, "Plan Rows": 2, "Plan Width": 8, "Inner Unique": true, "Plans": [{"Node Type": "Nested Loop", "Parent Relationship": "Outer", "Join Type": "Inner", "Startup Cost": 723.87, "Total Cost": 3430.65, "Plan Rows": 70, "Plan Width": 12, "Inner Unique": false, "Plans": [{"Node Type": "Nested Loop", "Parent Relationship": "Outer", "Join Type": "Inner", "Startup Cost": 723.6, "Total Cost": 3288.12, "Plan Rows": 33, "Plan Width": 4, "Inner Unique": false, "Plans": [{"Node Type": "Bitmap Heap Scan", "Parent Relationship": "Outer", "Relation Name": "keyword", "Alias": "k", "Startup Cost": 719.1, "Total Cost": 3155.21, "Plan Rows": 1, "Plan Width": 4, "Filter": "((keyword)::text = 'character-name-in-title'::text)", "Plans": [{"Node Type": "Bitmap Index Scan", "Parent Relationship": "Outer", "Index Name": "keyword_pkey", "Startup Cost": 0.0, "Total Cost": 719.1, "Plan Rows": 134169, "Plan Width": 0}]}, {"Node Type": "Bitmap Heap Scan", "Parent Relationship": "Inner", "Relation Name": "movie_keyword", "Alias": "mk", "Startup Cost": 4.51, "Total Cost": 132.58, "Plan Rows": 33, "Plan Width": 8, "Recheck Cond": "(keyword_id = k.id)", "Plans": [{"Node Type": "Bitmap Index Scan", "Parent Relationship": "Outer", "Index Name": "keyword_id_movie_keyword", "Startup Cost": 0.0, "Total Cost": 4.5, "Plan Rows": 33, "Plan Width": 0, "Index Cond": "(keyword_id = k.id)"}]}]}, {"Node Type": "Bitmap Heap Scan", "Parent Relationship": "Inner", "Relation Name": "movie_companies", "Alias": "mc", "Startup Cost": 0.27, "Total Cost": 4.3, "Plan Rows": 2, "Plan Width": 8, "Recheck Cond": "(movie_id = mk.movie_id)", "Plans": [{"Node Type": "Bitmap Index Scan", "Parent Relationship": "Outer", "Index Name": "movie_id_movie_companies", "Startup Cost": 0.0, "Total Cost": 0.27, "Plan Rows": 2, "Plan Width": 0, "Index Cond": "(movie_id = mk.movie_id)"}]}]}, {"Node Type": "Bitmap Heap Scan", "Parent Relationship": "Inner", "Relation Name": "company_name", "Alias": "cn", "Startup Cost": 0.26, "Total Cost": 4.27, "Plan Rows": 1, "Plan Width": 4, "Recheck Cond": "(id = mc.company_id)", "Filter": "((country_code)::text = '[nl]'::text)", "Plans": [{"Node Type": "Bitmap Index Scan", "Parent Relationship": "Outer", "Index Name": "company_name_pkey", "Startup Cost": 0.0, "Total Cost": 0.26, "Plan Rows": 1, "Plan Width": 0, "Index Cond": "(id = mc.company_id)"}]}]}, {"Node Type": "Bitmap Heap Scan", "Parent Relationship": "Inner", "Relation Name": "title", "Alias": "t", "Startup Cost": 0.27, "Total Cost": 4.28, "Plan Rows": 1, "Plan Width": 21, "Recheck Cond": "(id = mk.movie_id)", "Plans": [{"Node Type": "Bitmap Index Scan", "Parent Relationship": "Outer", "Index Name": "title_pkey", "Startup Cost": 0.0, "Total Cost": 0.27, "Plan Rows": 1, "Plan Width": 0, "Index Cond": "(id = mk.movie_id)"}]}]}]}, "Unique SQL Id": 2804875951, "Planner Runtime": 2}, "explain_analyze_plan": {"Plan": {"Node Type": "Aggregate", "Strategy": "Plain", "Startup Cost": 3739.07, "Total Cost": 3739.08, "Plan Rows": 1, "Plan Width": 49, "Actual Startup Time": 1387.145, "Actual Total Time": 1387.146, "Actual Rows": 1, "Actual Loops": 1, "Plans": [{"Node Type": "Nested Loop", "Parent Relationship": "Outer", "Join Type": "Inner", "Startup Cost": 724.4, "Total Cost": 3739.06, "Plan Rows": 2, "Plan Width": 17, "Actual Startup Time": 25.648, "Actual Total Time": 1382.175, "Actual Rows": 5228, "Actual Loops": 1, "Inner Unique": true, "Join Filter": "(mc.movie_id = t.id)", "Rows Removed by Join Filter": 0, "Plans": [{"Node Type": "Nested Loop", "Parent Relationship": "Outer", "Join Type": "Inner", "Startup Cost": 724.13, "Total Cost": 3730.48, "Plan Rows": 2, "Plan Width": 8, "Actual Startup Time": 25.627, "Actual Total Time": 1347.061, "Actual Rows": 5228, "Actual Loops": 1, "Inner Unique": true, "Plans": [{"Node Type": "Nested Loop", "Parent Relationship": "Outer", "Join Type": "Inner", "Startup Cost": 723.87, "Total Cost": 3430.65, "Plan Rows": 70, "Plan Width": 12, "Actual Startup Time": 21.56, "Actual Total Time": 492.049, "Actual Rows": 148552, "Actual Loops": 1, "Inner Unique": false, "Plans": [{"Node Type": "Nested Loop", "Parent Relationship": "Outer", "Join Type": "Inner", "Startup Cost": 723.6, "Total Cost": 3288.12, "Plan Rows": 33, "Plan Width": 4, "Actual Startup Time": 21.524, "Actual Total Time": 111.574, "Actual Rows": 41840, "Actual Loops": 1, "Inner Unique": false, "Plans": [{"Node Type": "Bitmap Heap Scan", "Parent Relationship": "Outer", "Relation Name": "keyword", "Alias": "k", "Startup Cost": 719.1, "Total Cost": 3155.21, "Plan Rows": 1, "Plan Width": 4, "Actual Startup Time": 13.5, "Actual Total Time": 60.831, "Actual Rows": 1, "Actual Loops": 1, "Filter": "((keyword)::text = 'character-name-in-title'::text)", "Rows Removed by Filter": 134168, "Exact Heap Blocks": 759, "Lossy Heap Blocks": 759, "Plans": [{"Node Type": "Bitmap Index Scan", "Parent Relationship": "Outer", "Index Name": "keyword_pkey", "Startup Cost": 0.0, "Total Cost": 719.1, "Plan Rows": 134169, "Plan Width": 0, "Actual Startup Time": 11.196, "Actual Total Time": 11.196, "Actual Rows": 134169, "Actual Loops": 1}]}, {"Node Type": "Bitmap Heap Scan", "Parent Relationship": "Inner", "Relation Name": "movie_keyword", "Alias": "mk", "Startup Cost": 4.51, "Total Cost": 132.58, "Plan Rows": 33, "Plan Width": 8, "Actual Startup Time": 8.013, "Actual Total Time": 41.471, "Actual Rows": 41840, "Actual Loops": 1, "Recheck Cond": "(keyword_id = k.id)", "Rows Removed by Index Recheck": 0, "Exact Heap Blocks": 9702, "Lossy Heap Blocks": 9702, "Plans": [{"Node Type": "Bitmap Index Scan", "Parent Relationship": "Outer", "Index Name": "keyword_id_movie_keyword", "Startup Cost": 0.0, "Total Cost": 4.5, "Plan Rows": 33, "Plan Width": 0, "Actual Startup Time": 6.272, "Actual Total Time": 6.272, "Actual Rows": 41840, "Actual Loops": 1, "Index Cond": "(keyword_id = k.id)"}]}]}, {"Node Type": "Bitmap Heap Scan", "Parent Relationship": "Inner", "Relation Name": "movie_companies", "Alias": "mc", "Startup Cost": 0.27, "Total Cost": 4.3, "Plan Rows": 2, "Plan Width": 8, "Actual Startup Time": 240.891, "Actual Total Time": 294.516, "Actual Rows": 148552, "Actual Loops": 41840, "Recheck Cond": "(movie_id = mk.movie_id)", "Rows Removed by Index Recheck": 0, "Exact Heap Blocks": 62638, "Lossy Heap Blocks": 62638, "Plans": [{"Node Type": "Bitmap Index Scan", "Parent Relationship": "Outer", "Index Name": "movie_id_movie_companies", "Startup Cost": 0.0, "Total Cost": 0.27, "Plan Rows": 2, "Plan Width": 0, "Actual Startup Time": 150.419, "Actual Total Time": 150.419, "Actual Rows": 148552, "Actual Loops": 41840, "Index Cond": "(movie_id = mk.movie_id)"}]}]}, {"Node Type": "Bitmap Heap Scan", "Parent Relationship": "Inner", "Relation Name": "company_name", "Alias": "cn", "Startup Cost": 0.26, "Total Cost": 4.27, "Plan Rows": 1, "Plan Width": 4, "Actual Startup Time": 685.084, "Actual Total Time": 685.084, "Actual Rows": 5228, "Actual Loops": 148552, "Recheck Cond": "(id = mc.company_id)", "Rows Removed by Index Recheck": 0, "Filter": "((country_code)::text = '[nl]'::text)", "Rows Removed by Filter": 143324, "Exact Heap Blocks": 148552, "Lossy Heap Blocks": 148552, "Plans": [{"Node Type": "Bitmap Index Scan", "Parent Relationship": "Outer", "Index Name": "company_name_pkey", "Startup Cost": 0.0, "Total Cost": 0.26, "Plan Rows": 1, "Plan Width": 0, "Actual Startup Time": 382.826, "Actual Total Time": 382.826, "Actual Rows": 148552, "Actual Loops": 148552, "Index Cond": "(id = mc.company_id)"}]}]}, {"Node Type": "Bitmap Heap Scan", "Parent Relationship": "Inner", "Relation Name": "title", "Alias": "t", "Startup Cost": 0.27, "Total Cost": 4.28, "Plan Rows": 1, "Plan Width": 21, "Actual Startup Time": 25.907, "Actual Total Time": 25.907, "Actual Rows": 5228, "Actual Loops": 5228, "Recheck Cond": "(id = mk.movie_id)", "Rows Removed by Index Recheck": 0, "Exact Heap Blocks": 5228, "Lossy Heap Blocks": 5228, "Plans": [{"Node Type": "Bitmap Index Scan", "Parent Relationship": "Outer", "Index Name": "title_pkey", "Startup Cost": 0.0, "Total Cost": 0.27, "Plan Rows": 1, "Plan Width": 0, "Actual Startup Time": 16.062, "Actual Total Time": 16.062, "Actual Rows": 5228, "Actual Loops": 5228, "Index Cond": "(id = mk.movie_id)"}]}]}]}, "Triggers": [], "Planner Runtime": 8.607, "Total Runtime": 1387.489, "Unique SQL Id": 2804875951}}, "(16, '52')": {"explain_plan": {"Plan": {"Node Type": "Aggregate", "Strategy": "Plain", "Startup Cost": 2600.78, "Total Cost": 2600.79, "Plan Rows": 1, "Plan Width": 49, "Plans": [{"Node Type": "Nested Loop", "Parent Relationship": "Outer", "Join Type": "Inner", "Startup Cost": 4.51, "Total Cost": 2600.77, "Plan Rows": 2, "Plan Width": 17, "Inner Unique": true, "Join Filter": "(mc.movie_id = t.id)", "Plans": [{"Node Type": "Nested Loop", "Parent Relationship": "Outer", "Join Type": "Inner", "Startup Cost": 4.51, "Total Cost": 2600.13, "Plan Rows": 2, "Plan Width": 8, "Inner Unique": true, "Plans": [{"Node Type": "Nested Loop", "Parent Relationship": "Outer", "Join Type": "Inner", "Startup Cost": 4.51, "Total Cost": 2579.99, "Plan Rows": 70, "Plan Width": 12, "Inner Unique": false, "Plans": [{"Node Type": "Nested Loop", "Parent Relationship": "Outer", "Join Type": "Inner", "Startup Cost": 4.51, "Total Cost": 2569.02, "Plan Rows": 33, "Plan Width": 4, "Inner Unique": false, "Plans": [{"Node Type": "Seq Scan", "Parent Relationship": "Outer", "Relation Name": "keyword", "Alias": "k", "Startup Cost": 0.0, "Total Cost": 2436.11, "Plan Rows": 1, "Plan Width": 4, "Filter": "((keyword)::text = 'character-name-in-title'::text)"}, {"Node Type": "Bitmap Heap Scan", "Parent Relationship": "Inner", "Relation Name": "movie_keyword", "Alias": "mk", "Startup Cost": 4.51, "Total Cost": 132.58, "Plan Rows": 33, "Plan Width": 8, "Recheck Cond": "(keyword_id = k.id)", "Plans": [{"Node Type": "Bitmap Index Scan", "Parent Relationship": "Outer", "Index Name": "keyword_id_movie_keyword", "Startup Cost": 0.0, "Total Cost": 4.5, "Plan Rows": 33, "Plan Width": 0, "Index Cond": "(keyword_id = k.id)"}]}]}, {"Node Type": "Index Scan", "Parent Relationship": "Inner", "Scan Direction": "Forward", "Index Name": "movie_id_movie_companies", "Relation Name": "movie_companies", "Alias": "mc", "Startup Cost": 0.0, "Total Cost": 0.31, "Plan Rows": 2, "Plan Width": 8, "Index Cond": "(movie_id = mk.movie_id)"}]}, {"Node Type": "Index Scan", "Parent Relationship": "Inner", "Scan Direction": "Forward", "Index Name": "company_name_pkey", "Relation Name": "company_name", "Alias": "cn", "Startup Cost": 0.0, "Total Cost": 0.28, "Plan Rows": 1, "Plan Width": 4, "Index Cond": "(id = mc.company_id)", "Filter": "((country_code)::text = '[nl]'::text)"}]}, {"Node Type": "Index Scan", "Parent Relationship": "Inner", "Scan Direction": "Forward", "Index Name": "title_pkey", "Relation Name": "title", "Alias": "t", "Startup Cost": 0.0, "Total Cost": 0.31, "Plan Rows": 1, "Plan Width": 21, "Index Cond": "(id = mk.movie_id)"}]}]}, "Unique SQL Id": 2804875951, "Planner Runtime": 2}, "explain_analyze_plan": {"Plan": {"Node Type": "Aggregate", "Strategy": "Plain", "Startup Cost": 2600.78, "Total Cost": 2600.79, "Plan Rows": 1, "Plan Width": 49, "Actual Startup Time": 1042.053, "Actual Total Time": 1042.053, "Actual Rows": 1, "Actual Loops": 1, "Plans": [{"Node Type": "Nested Loop", "Parent Relationship": "Outer", "Join Type": "Inner", "Startup Cost": 4.51, "Total Cost": 2600.77, "Plan Rows": 2, "Plan Width": 17, "Actual Startup Time": 15.009, "Actual Total Time": 1039.002, "Actual Rows": 5228, "Actual Loops": 1, "Inner Unique": true, "Join Filter": "(mc.movie_id = t.id)", "Rows Removed by Join Filter": 0, "Plans": [{"Node Type": "Nested Loop", "Parent Relationship": "Outer", "Join Type": "Inner", "Startup Cost": 4.51, "Total Cost": 2600.13, "Plan Rows": 2, "Plan Width": 8, "Actual Startup Time": 14.993, "Actual Total Time": 1010.698, "Actual Rows": 5228, "Actual Loops": 1, "Inner Unique": true, "Plans": [{"Node Type": "Nested Loop", "Parent Relationship": "Outer", "Join Type": "Inner", "Startup Cost": 4.51, "Total Cost": 2579.99, "Plan Rows": 70, "Plan Width": 12, "Actual Startup Time": 11.933, "Actual Total Time": 388.31, "Actual Rows": 148552, "Actual Loops": 1, "Inner Unique": false, "Plans": [{"Node Type": "Nested Loop", "Parent Relationship": "Outer", "Join Type": "Inner", "Startup Cost": 4.51, "Total Cost": 2569.02, "Plan Rows": 33, "Plan Width": 4, "Actual Startup Time": 11.905, "Actual Total Time": 101.867, "Actual Rows": 41840, "Actual Loops": 1, "Inner Unique": false, "Plans": [{"Node Type": "Seq Scan", "Parent Relationship": "Outer", "Relation Name": "keyword", "Alias": "k", "Startup Cost": 0.0, "Total Cost": 2436.11, "Plan Rows": 1, "Plan Width": 4, "Actual Startup Time": 1.829, "Actual Total Time": 42.003, "Actual Rows": 1, "Actual Loops": 1, "Filter": "((keyword)::text = 'character-name-in-title'::text)", "Rows Removed by Filter": 134168}, {"Node Type": "Bitmap Heap Scan", "Parent Relationship": "Inner", "Relation Name": "movie_keyword", "Alias": "mk", "Startup Cost": 4.51, "Total Cost": 132.58, "Plan Rows": 33, "Plan Width": 8, "Actual Startup Time": 10.069, "Actual Total Time": 51.314, "Actual Rows": 41840, "Actual Loops": 1, "Recheck Cond": "(keyword_id = k.id)", "Rows Removed by Index Recheck": 0, "Exact Heap Blocks": 9702, "Lossy Heap Blocks": 9702, "Plans": [{"Node Type": "Bitmap Index Scan", "Parent Relationship": "Outer", "Index Name": "keyword_id_movie_keyword", "Startup Cost": 0.0, "Total Cost": 4.5, "Plan Rows": 33, "Plan Width": 0, "Actual Startup Time": 8.236, "Actual Total Time": 8.236, "Actual Rows": 41840, "Actual Loops": 1, "Index Cond": "(keyword_id = k.id)"}]}]}, {"Node Type": "Index Scan", "Parent Relationship": "Inner", "Scan Direction": "Forward", "Index Name": "movie_id_movie_companies", "Relation Name": "movie_companies", "Alias": "mc", "Startup Cost": 0.0, "Total Cost": 0.31, "Plan Rows": 2, "Plan Width": 8, "Actual Startup Time": 155.322, "Actual Total Time": 230.57, "Actual Rows": 148552, "Actual Loops": 41840, "Index Cond": "(movie_id = mk.movie_id)", "Rows Removed by Index Recheck": 0}]}, {"Node Type": "Index Scan", "Parent Relationship": "Inner", "Scan Direction": "Forward", "Index Name": "company_name_pkey", "Relation Name": "company_name", "Alias": "cn", "Startup Cost": 0.0, "Total Cost": 0.28, "Plan Rows": 1, "Plan Width": 4, "Actual Startup Time": 550.613, "Actual Total Time": 550.613, "Actual Rows": 5228, "Actual Loops": 148552, "Index Cond": "(id = mc.company_id)", "Rows Removed by Index Recheck": 0, "Filter": "((country_code)::text = '[nl]'::text)", "Rows Removed by Filter": 143324}]}, {"Node Type": "Index Scan", "Parent Relationship": "Inner", "Scan Direction": "Forward", "Index Name": "title_pkey", "Relation Name": "title", "Alias": "t", "Startup Cost": 0.0, "Total Cost": 0.31, "Plan Rows": 1, "Plan Width": 21, "Actual Startup Time": 22.709, "Actual Total Time": 22.709, "Actual Rows": 5228, "Actual Loops": 5228, "Index Cond": "(id = mk.movie_id)", "Rows Removed by Index Recheck": 0}]}]}, "Triggers": [], "Planner Runtime": 10.46, "Total Runtime": 1042.518, "Unique SQL Id": 2804875951}}, "(16, '53')": {"explain_plan": {"Plan": {"Node Type": "Aggregate", "Strategy": "Plain", "Startup Cost": 3347.38, "Total Cost": 3347.39, "Plan Rows": 1, "Plan Width": 49, "Plans": [{"Node Type": "Nested Loop", "Parent Relationship": "Outer", "Join Type": "Inner", "Startup Cost": 4.51, "Total Cost": 3347.38, "Plan Rows": 2, "Plan Width": 17, "Inner Unique": true, "Join Filter": "(mc.movie_id = t.id)", "Plans": [{"Node Type": "Nested Loop", "Parent Relationship": "Outer", "Join Type": "Inner", "Startup Cost": 4.51, "Total Cost": 3346.73, "Plan Rows": 2, "Plan Width": 8, "Inner Unique": true, "Plans": [{"Node Type": "Nested Loop", "Parent Relationship": "Outer", "Join Type": "Inner", "Startup Cost": 4.51, "Total Cost": 3326.6, "Plan Rows": 70, "Plan Width": 12, "Inner Unique": false, "Plans": [{"Node Type": "Nested Loop", "Parent Relationship": "Outer", "Join Type": "Inner", "Startup Cost": 4.51, "Total Cost": 3315.63, "Plan Rows": 33, "Plan Width": 4, "Inner Unique": false, "Plans": [{"Node Type": "Index Scan", "Parent Relationship": "Outer", "Scan Direction": "Forward", "Index Name": "keyword_pkey", "Relation Name": "keyword", "Alias": "k", "Startup Cost": 0.0, "Total Cost": 3182.72, "Plan Rows": 1, "Plan Width": 4, "Filter": "((keyword)::text = 'character-name-in-title'::text)"}, {"Node Type": "Bitmap Heap Scan", "Parent Relationship": "Inner", "Relation Name": "movie_keyword", "Alias": "mk", "Startup Cost": 4.51, "Total Cost": 132.58, "Plan Rows": 33, "Plan Width": 8, "Recheck Cond": "(keyword_id = k.id)", "Plans": [{"Node Type": "Bitmap Index Scan", "Parent Relationship": "Outer", "Index Name": "keyword_id_movie_keyword", "Startup Cost": 0.0, "Total Cost": 4.5, "Plan Rows": 33, "Plan Width": 0, "Index Cond": "(keyword_id = k.id)"}]}]}, {"Node Type": "Index Scan", "Parent Relationship": "Inner", "Scan Direction": "Forward", "Index Name": "movie_id_movie_companies", "Relation Name": "movie_companies", "Alias": "mc", "Startup Cost": 0.0, "Total Cost": 0.31, "Plan Rows": 2, "Plan Width": 8, "Index Cond": "(movie_id = mk.movie_id)"}]}, {"Node Type": "Index Scan", "Parent Relationship": "Inner", "Scan Direction": "Forward", "Index Name": "company_name_pkey", "Relation Name": "company_name", "Alias": "cn", "Startup Cost": 0.0, "Total Cost": 0.28, "Plan Rows": 1, "Plan Width": 4, "Index Cond": "(id = mc.company_id)", "Filter": "((country_code)::text = '[nl]'::text)"}]}, {"Node Type": "Index Scan", "Parent Relationship": "Inner", "Scan Direction": "Forward", "Index Name": "title_pkey", "Relation Name": "title", "Alias": "t", "Startup Cost": 0.0, "Total Cost": 0.31, "Plan Rows": 1, "Plan Width": 21, "Index Cond": "(id = mk.movie_id)"}]}]}, "Unique SQL Id": 2804875951, "Planner Runtime": 2}, "explain_analyze_plan": {"Plan": {"Node Type": "Aggregate", "Strategy": "Plain", "Startup Cost": 3347.38, "Total Cost": 3347.39, "Plan Rows": 1, "Plan Width": 49, "Actual Startup Time": 1183.532, "Actual Total Time": 1183.533, "Actual Rows": 1, "Actual Loops": 1, "Plans": [{"Node Type": "Nested Loop", "Parent Relationship": "Outer", "Join Type": "Inner", "Startup Cost": 4.51, "Total Cost": 3347.38, "Plan Rows": 2, "Plan Width": 17, "Actual Startup Time": 13.942, "Actual Total Time": 1180.637, "Actual Rows": 5228, "Actual Loops": 1, "Inner Unique": true, "Join Filter": "(mc.movie_id = t.id)", "Rows Removed by Join Filter": 0, "Plans": [{"Node Type": "Nested Loop", "Parent Relationship": "Outer", "Join Type": "Inner", "Startup Cost": 4.51, "Total Cost": 3346.73, "Plan Rows": 2, "Plan Width": 8, "Actual Startup Time": 13.922, "Actual Total Time": 1148.172, "Actual Rows": 5228, "Actual Loops": 1, "Inner Unique": true, "Plans": [{"Node Type": "Nested Loop", "Parent Relationship": "Outer", "Join Type": "Inner", "Startup Cost": 4.51, "Total Cost": 3326.6, "Plan Rows": 70, "Plan Width": 12, "Actual Startup Time": 10.495, "Actual Total Time": 511.238, "Actual Rows": 148552, "Actual Loops": 1, "Inner Unique": false, "Plans": [{"Node Type": "Nested Loop", "Parent Relationship": "Outer", "Join Type": "Inner", "Startup Cost": 4.51, "Total Cost": 3315.63, "Plan Rows": 33, "Plan Width": 4, "Actual Startup Time": 10.465, "Actual Total Time": 196.622, "Actual Rows": 41840, "Actual Loops": 1, "Inner Unique": false, "Plans": [{"Node Type": "Index Scan", "Parent Relationship": "Outer", "Scan Direction": "Forward", "Index Name": "keyword_pkey", "Relation Name": "keyword", "Alias": "k", "Startup Cost": 0.0, "Total Cost": 3182.72, "Plan Rows": 1, "Plan Width": 4, "Actual Startup Time": 0.292, "Actual Total Time": 125.899, "Actual Rows": 1, "Actual Loops": 1, "Filter": "((keyword)::text = 'character-name-in-title'::text)", "Rows Removed by Filter": 134168}, {"Node Type": "Bitmap Heap Scan", "Parent Relationship": "Inner", "Relation Name": "movie_keyword", "Alias": "mk", "Startup Cost": 4.51, "Total Cost": 132.58, "Plan Rows": 33, "Plan Width": 8, "Actual Startup Time": 10.166, "Actual Total Time": 61.96, "Actual Rows": 41840, "Actual Loops": 1, "Recheck Cond": "(keyword_id = k.id)", "Rows Removed by Index Recheck": 0, "Exact Heap Blocks": 9702, "Lossy Heap Blocks": 9702, "Plans": [{"Node Type": "Bitmap Index Scan", "Parent Relationship": "Outer", "Index Name": "keyword_id_movie_keyword", "Startup Cost": 0.0, "Total Cost": 4.5, "Plan Rows": 33, "Plan Width": 0, "Actual Startup Time": 8.352, "Actual Total Time": 8.352, "Actual Rows": 41840, "Actual Loops": 1, "Index Cond": "(keyword_id = k.id)"}]}]}, {"Node Type": "Index Scan", "Parent Relationship": "Inner", "Scan Direction": "Forward", "Index Name": "movie_id_movie_companies", "Relation Name": "movie_companies", "Alias": "mc", "Startup Cost": 0.0, "Total Cost": 0.31, "Plan Rows": 2, "Plan Width": 8, "Actual Startup Time": 176.45, "Actual Total Time": 259.319, "Actual Rows": 148552, "Actual Loops": 41840, "Index Cond": "(movie_id = mk.movie_id)", "Rows Removed by Index Recheck": 0}]}, {"Node Type": "Index Scan", "Parent Relationship": "Inner", "Scan Direction": "Forward", "Index Name": "company_name_pkey", "Relation Name": "company_name", "Alias": "cn", "Startup Cost": 0.0, "Total Cost": 0.28, "Plan Rows": 1, "Plan Width": 4, "Actual Startup Time": 563.789, "Actual Total Time": 563.789, "Actual Rows": 5228, "Actual Loops": 148552, "Index Cond": "(id = mc.company_id)", "Rows Removed by Index Recheck": 0, "Filter": "((country_code)::text = '[nl]'::text)", "Rows Removed by Filter": 143324}]}, {"Node Type": "Index Scan", "Parent Relationship": "Inner", "Scan Direction": "Forward", "Index Name": "title_pkey", "Relation Name": "title", "Alias": "t", "Startup Cost": 0.0, "Total Cost": 0.31, "Plan Rows": 1, "Plan Width": 21, "Actual Startup Time": 26.892, "Actual Total Time": 26.892, "Actual Rows": 5228, "Actual Loops": 5228, "Index Cond": "(id = mk.movie_id)", "Rows Removed by Index Recheck": 0}]}]}, "Triggers": [], "Planner Runtime": 11.909, "Total Runtime": 1183.878, "Unique SQL Id": 2804875951}}, "(16, '54')": {"explain_plan": {"Plan": {"Node Type": "Aggregate", "Strategy": "Plain", "Startup Cost": 3019.97, "Total Cost": 3019.98, "Plan Rows": 1, "Plan Width": 49, "Plans": [{"Node Type": "Nested Loop", "Parent Relationship": "Outer", "Join Type": "Inner", "Startup Cost": 5.3, "Total Cost": 3019.97, "Plan Rows": 2, "Plan Width": 17, "Inner Unique": true, "Join Filter": "(mc.movie_id = t.id)", "Plans": [{"Node Type": "Nested Loop", "Parent Relationship": "Outer", "Join Type": "Inner", "Startup Cost": 5.04, "Total Cost": 3011.39, "Plan Rows": 2, "Plan Width": 8, "Inner Unique": true, "Plans": [{"Node Type": "Nested Loop", "Parent Relationship": "Outer", "Join Type": "Inner", "Startup Cost": 4.78, "Total Cost": 2711.55, "Plan Rows": 70, "Plan Width": 12, "Inner Unique": false, "Plans": [{"Node Type": "Nested Loop", "Parent Relationship": "Outer", "Join Type": "Inner", "Startup Cost": 4.51, "Total Cost": 2569.02, "Plan Rows": 33, "Plan Width": 4, "Inner Unique": false, "Plans": [{"Node Type": "Seq Scan", "Parent Relationship": "Outer", "Relation Name": "keyword", "Alias": "k", "Startup Cost": 0.0, "Total Cost": 2436.11, "Plan Rows": 1, "Plan Width": 4, "Filter": "((keyword)::text = 'character-name-in-title'::text)"}, {"Node Type": "Bitmap Heap Scan", "Parent Relationship": "Inner", "Relation Name": "movie_keyword", "Alias": "mk", "Startup Cost": 4.51, "Total Cost": 132.58, "Plan Rows": 33, "Plan Width": 8, "Recheck Cond": "(keyword_id = k.id)", "Plans": [{"Node Type": "Bitmap Index Scan", "Parent Relationship": "Outer", "Index Name": "keyword_id_movie_keyword", "Startup Cost": 0.0, "Total Cost": 4.5, "Plan Rows": 33, "Plan Width": 0, "Index Cond": "(keyword_id = k.id)"}]}]}, {"Node Type": "Bitmap Heap Scan", "Parent Relationship": "Inner", "Relation Name": "movie_companies", "Alias": "mc", "Startup Cost": 0.27, "Total Cost": 4.3, "Plan Rows": 2, "Plan Width": 8, "Recheck Cond": "(movie_id = mk.movie_id)", "Plans": [{"Node Type": "Bitmap Index Scan", "Parent Relationship": "Outer", "Index Name": "movie_id_movie_companies", "Startup Cost": 0.0, "Total Cost": 0.27, "Plan Rows": 2, "Plan Width": 0, "Index Cond": "(movie_id = mk.movie_id)"}]}]}, {"Node Type": "Bitmap Heap Scan", "Parent Relationship": "Inner", "Relation Name": "company_name", "Alias": "cn", "Startup Cost": 0.26, "Total Cost": 4.27, "Plan Rows": 1, "Plan Width": 4, "Recheck Cond": "(id = mc.company_id)", "Filter": "((country_code)::text = '[nl]'::text)", "Plans": [{"Node Type": "Bitmap Index Scan", "Parent Relationship": "Outer", "Index Name": "company_name_pkey", "Startup Cost": 0.0, "Total Cost": 0.26, "Plan Rows": 1, "Plan Width": 0, "Index Cond": "(id = mc.company_id)"}]}]}, {"Node Type": "Bitmap Heap Scan", "Parent Relationship": "Inner", "Relation Name": "title", "Alias": "t", "Startup Cost": 0.27, "Total Cost": 4.28, "Plan Rows": 1, "Plan Width": 21, "Recheck Cond": "(id = mk.movie_id)", "Plans": [{"Node Type": "Bitmap Index Scan", "Parent Relationship": "Outer", "Index Name": "title_pkey", "Startup Cost": 0.0, "Total Cost": 0.27, "Plan Rows": 1, "Plan Width": 0, "Index Cond": "(id = mk.movie_id)"}]}]}]}, "Unique SQL Id": 2804875951, "Planner Runtime": 3}, "explain_analyze_plan": {"Plan": {"Node Type": "Aggregate", "Strategy": "Plain", "Startup Cost": 3019.97, "Total Cost": 3019.98, "Plan Rows": 1, "Plan Width": 49, "Actual Startup Time": 1407.614, "Actual Total Time": 1407.615, "Actual Rows": 1, "Actual Loops": 1, "Plans": [{"Node Type": "Nested Loop", "Parent Relationship": "Outer", "Join Type": "Inner", "Startup Cost": 5.3, "Total Cost": 3019.97, "Plan Rows": 2, "Plan Width": 17, "Actual Startup Time": 16.178, "Actual Total Time": 1403.151, "Actual Rows": 5228, "Actual Loops": 1, "Inner Unique": true, "Join Filter": "(mc.movie_id = t.id)", "Rows Removed by Join Filter": 0, "Plans": [{"Node Type": "Nested Loop", "Parent Relationship": "Outer", "Join Type": "Inner", "Startup Cost": 5.04, "Total Cost": 3011.39, "Plan Rows": 2, "Plan Width": 8, "Actual Startup Time": 16.158, "Actual Total Time": 1365.668, "Actual Rows": 5228, "Actual Loops": 1, "Inner Unique": true, "Plans": [{"Node Type": "Nested Loop", "Parent Relationship": "Outer", "Join Type": "Inner", "Startup Cost": 4.78, "Total Cost": 2711.55, "Plan Rows": 70, "Plan Width": 12, "Actual Startup Time": 11.838, "Actual Total Time": 496.315, "Actual Rows": 148552, "Actual Loops": 1, "Inner Unique": false, "Plans": [{"Node Type": "Nested Loop", "Parent Relationship": "Outer", "Join Type": "Inner", "Startup Cost": 4.51, "Total Cost": 2569.02, "Plan Rows": 33, "Plan Width": 4, "Actual Startup Time": 11.8, "Actual Total Time": 100.005, "Actual Rows": 41840, "Actual Loops": 1, "Inner Unique": false, "Plans": [{"Node Type": "Seq Scan", "Parent Relationship": "Outer", "Relation Name": "keyword", "Alias": "k", "Startup Cost": 0.0, "Total Cost": 2436.11, "Plan Rows": 1, "Plan Width": 4, "Actual Startup Time": 1.772, "Actual Total Time": 40.559, "Actual Rows": 1, "Actual Loops": 1, "Filter": "((keyword)::text = 'character-name-in-title'::text)", "Rows Removed by Filter": 134168}, {"Node Type": "Bitmap Heap Scan", "Parent Relationship": "Inner", "Relation Name": "movie_keyword", "Alias": "mk", "Startup Cost": 4.51, "Total Cost": 132.58, "Plan Rows": 33, "Plan Width": 8, "Actual Startup Time": 10.022, "Actual Total Time": 50.222, "Actual Rows": 41840, "Actual Loops": 1, "Recheck Cond": "(keyword_id = k.id)", "Rows Removed by Index Recheck": 0, "Exact Heap Blocks": 9702, "Lossy Heap Blocks": 9702, "Plans": [{"Node Type": "Bitmap Index Scan", "Parent Relationship": "Outer", "Index Name": "keyword_id_movie_keyword", "Startup Cost": 0.0, "Total Cost": 4.5, "Plan Rows": 33, "Plan Width": 0, "Actual Startup Time": 8.253, "Actual Total Time": 8.253, "Actual Rows": 41840, "Actual Loops": 1, "Index Cond": "(keyword_id = k.id)"}]}]}, {"Node Type": "Bitmap Heap Scan", "Parent Relationship": "Inner", "Relation Name": "movie_companies", "Alias": "mc", "Startup Cost": 0.27, "Total Cost": 4.3, "Plan Rows": 2, "Plan Width": 8, "Actual Startup Time": 253.295, "Actual Total Time": 310.868, "Actual Rows": 148552, "Actual Loops": 41840, "Recheck Cond": "(movie_id = mk.movie_id)", "Rows Removed by Index Recheck": 0, "Exact Heap Blocks": 62638, "Lossy Heap Blocks": 62638, "Plans": [{"Node Type": "Bitmap Index Scan", "Parent Relationship": "Outer", "Index Name": "movie_id_movie_companies", "Startup Cost": 0.0, "Total Cost": 0.27, "Plan Rows": 2, "Plan Width": 0, "Actual Startup Time": 156.576, "Actual Total Time": 156.576, "Actual Rows": 148552, "Actual Loops": 41840, "Index Cond": "(movie_id = mk.movie_id)"}]}]}, {"Node Type": "Bitmap Heap Scan", "Parent Relationship": "Inner", "Relation Name": "company_name", "Alias": "cn", "Startup Cost": 0.26, "Total Cost": 4.27, "Plan Rows": 1, "Plan Width": 4, "Actual Startup Time": 699.973, "Actual Total Time": 699.973, "Actual Rows": 5228, "Actual Loops": 148552, "Recheck Cond": "(id = mc.company_id)", "Rows Removed by Index Recheck": 0, "Filter": "((country_code)::text = '[nl]'::text)", "Rows Removed by Filter": 143324, "Exact Heap Blocks": 148552, "Lossy Heap Blocks": 148552, "Plans": [{"Node Type": "Bitmap Index Scan", "Parent Relationship": "Outer", "Index Name": "company_name_pkey", "Startup Cost": 0.0, "Total Cost": 0.26, "Plan Rows": 1, "Plan Width": 0, "Actual Startup Time": 386.659, "Actual Total Time": 386.659, "Actual Rows": 148552, "Actual Loops": 148552, "Index Cond": "(id = mc.company_id)"}]}]}, {"Node Type": "Bitmap Heap Scan", "Parent Relationship": "Inner", "Relation Name": "title", "Alias": "t", "Startup Cost": 0.27, "Total Cost": 4.28, "Plan Rows": 1, "Plan Width": 21, "Actual Startup Time": 28.495, "Actual Total Time": 28.495, "Actual Rows": 5228, "Actual Loops": 5228, "Recheck Cond": "(id = mk.movie_id)", "Rows Removed by Index Recheck": 0, "Exact Heap Blocks": 5228, "Lossy Heap Blocks": 5228, "Plans": [{"Node Type": "Bitmap Index Scan", "Parent Relationship": "Outer", "Index Name": "title_pkey", "Startup Cost": 0.0, "Total Cost": 0.27, "Plan Rows": 1, "Plan Width": 0, "Actual Startup Time": 17.109, "Actual Total Time": 17.109, "Actual Rows": 5228, "Actual Loops": 5228, "Index Cond": "(id = mk.movie_id)"}]}]}]}, "Triggers": [], "Planner Runtime": 15.864, "Total Runtime": 1408.006, "Unique SQL Id": 2804875951}}, "(16, '55')": {"explain_plan": {"Plan": {"Node Type": "Aggregate", "Strategy": "Plain", "Startup Cost": 3739.07, "Total Cost": 3739.08, "Plan Rows": 1, "Plan Width": 49, "Plans": [{"Node Type": "Nested Loop", "Parent Relationship": "Outer", "Join Type": "Inner", "Startup Cost": 724.4, "Total Cost": 3739.06, "Plan Rows": 2, "Plan Width": 17, "Inner Unique": true, "Join Filter": "(mc.movie_id = t.id)", "Plans": [{"Node Type": "Nested Loop", "Parent Relationship": "Outer", "Join Type": "Inner", "Startup Cost": 724.13, "Total Cost": 3730.48, "Plan Rows": 2, "Plan Width": 8, "Inner Unique": true, "Plans": [{"Node Type": "Nested Loop", "Parent Relationship": "Outer", "Join Type": "Inner", "Startup Cost": 723.87, "Total Cost": 3430.65, "Plan Rows": 70, "Plan Width": 12, "Inner Unique": false, "Plans": [{"Node Type": "Nested Loop", "Parent Relationship": "Outer", "Join Type": "Inner", "Startup Cost": 723.6, "Total Cost": 3288.12, "Plan Rows": 33, "Plan Width": 4, "Inner Unique": false, "Plans": [{"Node Type": "Bitmap Heap Scan", "Parent Relationship": "Outer", "Relation Name": "keyword", "Alias": "k", "Startup Cost": 719.1, "Total Cost": 3155.21, "Plan Rows": 1, "Plan Width": 4, "Filter": "((keyword)::text = 'character-name-in-title'::text)", "Plans": [{"Node Type": "Bitmap Index Scan", "Parent Relationship": "Outer", "Index Name": "keyword_pkey", "Startup Cost": 0.0, "Total Cost": 719.1, "Plan Rows": 134169, "Plan Width": 0}]}, {"Node Type": "Bitmap Heap Scan", "Parent Relationship": "Inner", "Relation Name": "movie_keyword", "Alias": "mk", "Startup Cost": 4.51, "Total Cost": 132.58, "Plan Rows": 33, "Plan Width": 8, "Recheck Cond": "(keyword_id = k.id)", "Plans": [{"Node Type": "Bitmap Index Scan", "Parent Relationship": "Outer", "Index Name": "keyword_id_movie_keyword", "Startup Cost": 0.0, "Total Cost": 4.5, "Plan Rows": 33, "Plan Width": 0, "Index Cond": "(keyword_id = k.id)"}]}]}, {"Node Type": "Bitmap Heap Scan", "Parent Relationship": "Inner", "Relation Name": "movie_companies", "Alias": "mc", "Startup Cost": 0.27, "Total Cost": 4.3, "Plan Rows": 2, "Plan Width": 8, "Recheck Cond": "(movie_id = mk.movie_id)", "Plans": [{"Node Type": "Bitmap Index Scan", "Parent Relationship": "Outer", "Index Name": "movie_id_movie_companies", "Startup Cost": 0.0, "Total Cost": 0.27, "Plan Rows": 2, "Plan Width": 0, "Index Cond": "(movie_id = mk.movie_id)"}]}]}, {"Node Type": "Bitmap Heap Scan", "Parent Relationship": "Inner", "Relation Name": "company_name", "Alias": "cn", "Startup Cost": 0.26, "Total Cost": 4.27, "Plan Rows": 1, "Plan Width": 4, "Recheck Cond": "(id = mc.company_id)", "Filter": "((country_code)::text = '[nl]'::text)", "Plans": [{"Node Type": "Bitmap Index Scan", "Parent Relationship": "Outer", "Index Name": "company_name_pkey", "Startup Cost": 0.0, "Total Cost": 0.26, "Plan Rows": 1, "Plan Width": 0, "Index Cond": "(id = mc.company_id)"}]}]}, {"Node Type": "Bitmap Heap Scan", "Parent Relationship": "Inner", "Relation Name": "title", "Alias": "t", "Startup Cost": 0.27, "Total Cost": 4.28, "Plan Rows": 1, "Plan Width": 21, "Recheck Cond": "(id = mk.movie_id)", "Plans": [{"Node Type": "Bitmap Index Scan", "Parent Relationship": "Outer", "Index Name": "title_pkey", "Startup Cost": 0.0, "Total Cost": 0.27, "Plan Rows": 1, "Plan Width": 0, "Index Cond": "(id = mk.movie_id)"}]}]}]}, "Unique SQL Id": 2804875951, "Planner Runtime": 2}, "explain_analyze_plan": {"Plan": {"Node Type": "Aggregate", "Strategy": "Plain", "Startup Cost": 3739.07, "Total Cost": 3739.08, "Plan Rows": 1, "Plan Width": 49, "Actual Startup Time": 1387.145, "Actual Total Time": 1387.146, "Actual Rows": 1, "Actual Loops": 1, "Plans": [{"Node Type": "Nested Loop", "Parent Relationship": "Outer", "Join Type": "Inner", "Startup Cost": 724.4, "Total Cost": 3739.06, "Plan Rows": 2, "Plan Width": 17, "Actual Startup Time": 25.648, "Actual Total Time": 1382.175, "Actual Rows": 5228, "Actual Loops": 1, "Inner Unique": true, "Join Filter": "(mc.movie_id = t.id)", "Rows Removed by Join Filter": 0, "Plans": [{"Node Type": "Nested Loop", "Parent Relationship": "Outer", "Join Type": "Inner", "Startup Cost": 724.13, "Total Cost": 3730.48, "Plan Rows": 2, "Plan Width": 8, "Actual Startup Time": 25.627, "Actual Total Time": 1347.061, "Actual Rows": 5228, "Actual Loops": 1, "Inner Unique": true, "Plans": [{"Node Type": "Nested Loop", "Parent Relationship": "Outer", "Join Type": "Inner", "Startup Cost": 723.87, "Total Cost": 3430.65, "Plan Rows": 70, "Plan Width": 12, "Actual Startup Time": 21.56, "Actual Total Time": 492.049, "Actual Rows": 148552, "Actual Loops": 1, "Inner Unique": false, "Plans": [{"Node Type": "Nested Loop", "Parent Relationship": "Outer", "Join Type": "Inner", "Startup Cost": 723.6, "Total Cost": 3288.12, "Plan Rows": 33, "Plan Width": 4, "Actual Startup Time": 21.524, "Actual Total Time": 111.574, "Actual Rows": 41840, "Actual Loops": 1, "Inner Unique": false, "Plans": [{"Node Type": "Bitmap Heap Scan", "Parent Relationship": "Outer", "Relation Name": "keyword", "Alias": "k", "Startup Cost": 719.1, "Total Cost": 3155.21, "Plan Rows": 1, "Plan Width": 4, "Actual Startup Time": 13.5, "Actual Total Time": 60.831, "Actual Rows": 1, "Actual Loops": 1, "Filter": "((keyword)::text = 'character-name-in-title'::text)", "Rows Removed by Filter": 134168, "Exact Heap Blocks": 759, "Lossy Heap Blocks": 759, "Plans": [{"Node Type": "Bitmap Index Scan", "Parent Relationship": "Outer", "Index Name": "keyword_pkey", "Startup Cost": 0.0, "Total Cost": 719.1, "Plan Rows": 134169, "Plan Width": 0, "Actual Startup Time": 11.196, "Actual Total Time": 11.196, "Actual Rows": 134169, "Actual Loops": 1}]}, {"Node Type": "Bitmap Heap Scan", "Parent Relationship": "Inner", "Relation Name": "movie_keyword", "Alias": "mk", "Startup Cost": 4.51, "Total Cost": 132.58, "Plan Rows": 33, "Plan Width": 8, "Actual Startup Time": 8.013, "Actual Total Time": 41.471, "Actual Rows": 41840, "Actual Loops": 1, "Recheck Cond": "(keyword_id = k.id)", "Rows Removed by Index Recheck": 0, "Exact Heap Blocks": 9702, "Lossy Heap Blocks": 9702, "Plans": [{"Node Type": "Bitmap Index Scan", "Parent Relationship": "Outer", "Index Name": "keyword_id_movie_keyword", "Startup Cost": 0.0, "Total Cost": 4.5, "Plan Rows": 33, "Plan Width": 0, "Actual Startup Time": 6.272, "Actual Total Time": 6.272, "Actual Rows": 41840, "Actual Loops": 1, "Index Cond": "(keyword_id = k.id)"}]}]}, {"Node Type": "Bitmap Heap Scan", "Parent Relationship": "Inner", "Relation Name": "movie_companies", "Alias": "mc", "Startup Cost": 0.27, "Total Cost": 4.3, "Plan Rows": 2, "Plan Width": 8, "Actual Startup Time": 240.891, "Actual Total Time": 294.516, "Actual Rows": 148552, "Actual Loops": 41840, "Recheck Cond": "(movie_id = mk.movie_id)", "Rows Removed by Index Recheck": 0, "Exact Heap Blocks": 62638, "Lossy Heap Blocks": 62638, "Plans": [{"Node Type": "Bitmap Index Scan", "Parent Relationship": "Outer", "Index Name": "movie_id_movie_companies", "Startup Cost": 0.0, "Total Cost": 0.27, "Plan Rows": 2, "Plan Width": 0, "Actual Startup Time": 150.419, "Actual Total Time": 150.419, "Actual Rows": 148552, "Actual Loops": 41840, "Index Cond": "(movie_id = mk.movie_id)"}]}]}, {"Node Type": "Bitmap Heap Scan", "Parent Relationship": "Inner", "Relation Name": "company_name", "Alias": "cn", "Startup Cost": 0.26, "Total Cost": 4.27, "Plan Rows": 1, "Plan Width": 4, "Actual Startup Time": 685.084, "Actual Total Time": 685.084, "Actual Rows": 5228, "Actual Loops": 148552, "Recheck Cond": "(id = mc.company_id)", "Rows Removed by Index Recheck": 0, "Filter": "((country_code)::text = '[nl]'::text)", "Rows Removed by Filter": 143324, "Exact Heap Blocks": 148552, "Lossy Heap Blocks": 148552, "Plans": [{"Node Type": "Bitmap Index Scan", "Parent Relationship": "Outer", "Index Name": "company_name_pkey", "Startup Cost": 0.0, "Total Cost": 0.26, "Plan Rows": 1, "Plan Width": 0, "Actual Startup Time": 382.826, "Actual Total Time": 382.826, "Actual Rows": 148552, "Actual Loops": 148552, "Index Cond": "(id = mc.company_id)"}]}]}, {"Node Type": "Bitmap Heap Scan", "Parent Relationship": "Inner", "Relation Name": "title", "Alias": "t", "Startup Cost": 0.27, "Total Cost": 4.28, "Plan Rows": 1, "Plan Width": 21, "Actual Startup Time": 25.907, "Actual Total Time": 25.907, "Actual Rows": 5228, "Actual Loops": 5228, "Recheck Cond": "(id = mk.movie_id)", "Rows Removed by Index Recheck": 0, "Exact Heap Blocks": 5228, "Lossy Heap Blocks": 5228, "Plans": [{"Node Type": "Bitmap Index Scan", "Parent Relationship": "Outer", "Index Name": "title_pkey", "Startup Cost": 0.0, "Total Cost": 0.27, "Plan Rows": 1, "Plan Width": 0, "Actual Startup Time": 16.062, "Actual Total Time": 16.062, "Actual Rows": 5228, "Actual Loops": 5228, "Index Cond": "(id = mk.movie_id)"}]}]}]}, "Triggers": [], "Planner Runtime": 8.607, "Total Runtime": 1387.489, "Unique SQL Id": 2804875951}}, "(16, '56')": {"explain_plan": {"Plan": {"Node Type": "Aggregate", "Strategy": "Plain", "Startup Cost": 2605.07, "Total Cost": 2605.08, "Plan Rows": 1, "Plan Width": 49, "Plans": [{"Node Type": "Nested Loop", "Parent Relationship": "Outer", "Join Type": "Inner", "Startup Cost": 0.0, "Total Cost": 2605.07, "Plan Rows": 2, "Plan Width": 17, "Inner Unique": true, "Join Filter": "(mc.movie_id = t.id)", "Plans": [{"Node Type": "Nested Loop", "Parent Relationship": "Outer", "Join Type": "Inner", "Startup Cost": 0.0, "Total Cost": 2604.42, "Plan Rows": 2, "Plan Width": 8, "Inner Unique": true, "Plans": [{"Node Type": "Nested Loop", "Parent Relationship": "Outer", "Join Type": "Inner", "Startup Cost": 0.0, "Total Cost": 2584.29, "Plan Rows": 70, "Plan Width": 12, "Inner Unique": false, "Plans": [{"Node Type": "Nested Loop", "Parent Relationship": "Outer", "Join Type": "Inner", "Startup Cost": 0.0, "Total Cost": 2573.32, "Plan Rows": 33, "Plan Width": 4, "Inner Unique": false, "Plans": [{"Node Type": "Seq Scan", "Parent Relationship": "Outer", "Relation Name": "keyword", "Alias": "k", "Startup Cost": 0.0, "Total Cost": 2436.11, "Plan Rows": 1, "Plan Width": 4, "Filter": "((keyword)::text = 'character-name-in-title'::text)"}, {"Node Type": "Index Scan", "Parent Relationship": "Inner", "Scan Direction": "Forward", "Index Name": "keyword_id_movie_keyword", "Relation Name": "movie_keyword", "Alias": "mk", "Startup Cost": 0.0, "Total Cost": 136.88, "Plan Rows": 33, "Plan Width": 8, "Index Cond": "(keyword_id = k.id)"}]}, {"Node Type": "Index Scan", "Parent Relationship": "Inner", "Scan Direction": "Forward", "Index Name": "movie_id_movie_companies", "Relation Name": "movie_companies", "Alias": "mc", "Startup Cost": 0.0, "Total Cost": 0.31, "Plan Rows": 2, "Plan Width": 8, "Index Cond": "(movie_id = mk.movie_id)"}]}, {"Node Type": "Index Scan", "Parent Relationship": "Inner", "Scan Direction": "Forward", "Index Name": "company_name_pkey", "Relation Name": "company_name", "Alias": "cn", "Startup Cost": 0.0, "Total Cost": 0.28, "Plan Rows": 1, "Plan Width": 4, "Index Cond": "(id = mc.company_id)", "Filter": "((country_code)::text = '[nl]'::text)"}]}, {"Node Type": "Index Scan", "Parent Relationship": "Inner", "Scan Direction": "Forward", "Index Name": "title_pkey", "Relation Name": "title", "Alias": "t", "Startup Cost": 0.0, "Total Cost": 0.31, "Plan Rows": 1, "Plan Width": 21, "Index Cond": "(id = mk.movie_id)"}]}]}, "Unique SQL Id": 2804875951, "Planner Runtime": 2}, "explain_analyze_plan": {"Plan": {"Node Type": "Aggregate", "Strategy": "Plain", "Startup Cost": 2605.07, "Total Cost": 2605.08, "Plan Rows": 1, "Plan Width": 49, "Actual Startup Time": 1003.672, "Actual Total Time": 1003.673, "Actual Rows": 1, "Actual Loops": 1, "Plans": [{"Node Type": "Nested Loop", "Parent Relationship": "Outer", "Join Type": "Inner", "Startup Cost": 0.0, "Total Cost": 2605.07, "Plan Rows": 2, "Plan Width": 17, "Actual Startup Time": 4.721, "Actual Total Time": 1000.415, "Actual Rows": 5228, "Actual Loops": 1, "Inner Unique": true, "Join Filter": "(mc.movie_id = t.id)", "Rows Removed by Join Filter": 0, "Plans": [{"Node Type": "Nested Loop", "Parent Relationship": "Outer", "Join Type": "Inner", "Startup Cost": 0.0, "Total Cost": 2604.42, "Plan Rows": 2, "Plan Width": 8, "Actual Startup Time": 4.708, "Actual Total Time": 973.99, "Actual Rows": 5228, "Actual Loops": 1, "Inner Unique": true, "Plans": [{"Node Type": "Nested Loop", "Parent Relationship": "Outer", "Join Type": "Inner", "Startup Cost": 0.0, "Total Cost": 2584.29, "Plan Rows": 70, "Plan Width": 12, "Actual Startup Time": 1.809, "Actual Total Time": 358.696, "Actual Rows": 148552, "Actual Loops": 1, "Inner Unique": false, "Plans": [{"Node Type": "Nested Loop", "Parent Relationship": "Outer", "Join Type": "Inner", "Startup Cost": 0.0, "Total Cost": 2573.32, "Plan Rows": 33, "Plan Width": 4, "Actual Startup Time": 1.792, "Actual Total Time": 86.929, "Actual Rows": 41840, "Actual Loops": 1, "Inner Unique": false, "Plans": [{"Node Type": "Seq Scan", "Parent Relationship": "Outer", "Relation Name": "keyword", "Alias": "k", "Startup Cost": 0.0, "Total Cost": 2436.11, "Plan Rows": 1, "Plan Width": 4, "Actual Startup Time": 1.768, "Actual Total Time": 41.894, "Actual Rows": 1, "Actual Loops": 1, "Filter": "((keyword)::text = 'character-name-in-title'::text)", "Rows Removed by Filter": 134168}, {"Node Type": "Index Scan", "Parent Relationship": "Inner", "Scan Direction": "Forward", "Index Name": "keyword_id_movie_keyword", "Relation Name": "movie_keyword", "Alias": "mk", "Startup Cost": 0.0, "Total Cost": 136.88, "Plan Rows": 33, "Plan Width": 8, "Actual Startup Time": 0.02, "Actual Total Time": 35.59, "Actual Rows": 41840, "Actual Loops": 1, "Index Cond": "(keyword_id = k.id)", "Rows Removed by Index Recheck": 0}]}, {"Node Type": "Index Scan", "Parent Relationship": "Inner", "Scan Direction": "Forward", "Index Name": "movie_id_movie_companies", "Relation Name": "movie_companies", "Alias": "mc", "Startup Cost": 0.0, "Total Cost": 0.31, "Plan Rows": 2, "Plan Width": 8, "Actual Startup Time": 145.322, "Actual Total Time": 215.961, "Actual Rows": 148552, "Actual Loops": 41840, "Index Cond": "(movie_id = mk.movie_id)", "Rows Removed by Index Recheck": 0}]}, {"Node Type": "Index Scan", "Parent Relationship": "Inner", "Scan Direction": "Forward", "Index Name": "company_name_pkey", "Relation Name": "company_name", "Alias": "cn", "Startup Cost": 0.0, "Total Cost": 0.28, "Plan Rows": 1, "Plan Width": 4, "Actual Startup Time": 543.353, "Actual Total Time": 543.353, "Actual Rows": 5228, "Actual Loops": 148552, "Index Cond": "(id = mc.company_id)", "Rows Removed by Index Recheck": 0, "Filter": "((country_code)::text = '[nl]'::text)", "Rows Removed by Filter": 143324}]}, {"Node Type": "Index Scan", "Parent Relationship": "Inner", "Scan Direction": "Forward", "Index Name": "title_pkey", "Relation Name": "title", "Alias": "t", "Startup Cost": 0.0, "Total Cost": 0.31, "Plan Rows": 1, "Plan Width": 21, "Actual Startup Time": 20.597, "Actual Total Time": 20.597, "Actual Rows": 5228, "Actual Loops": 5228, "Index Cond": "(id = mk.movie_id)", "Rows Removed by Index Recheck": 0}]}]}, "Triggers": [], "Planner Runtime": 10.364, "Total Runtime": 1003.955, "Unique SQL Id": 2804875951}}, "(16, '57')": {"explain_plan": {"Plan": {"Node Type": "Aggregate", "Strategy": "Plain", "Startup Cost": 3351.67, "Total Cost": 3351.68, "Plan Rows": 1, "Plan Width": 49, "Plans": [{"Node Type": "Nested Loop", "Parent Relationship": "Outer", "Join Type": "Inner", "Startup Cost": 0.0, "Total Cost": 3351.67, "Plan Rows": 2, "Plan Width": 17, "Inner Unique": true, "Join Filter": "(mc.movie_id = t.id)", "Plans": [{"Node Type": "Nested Loop", "Parent Relationship": "Outer", "Join Type": "Inner", "Startup Cost": 0.0, "Total Cost": 3351.03, "Plan Rows": 2, "Plan Width": 8, "Inner Unique": true, "Plans": [{"Node Type": "Nested Loop", "Parent Relationship": "Outer", "Join Type": "Inner", "Startup Cost": 0.0, "Total Cost": 3330.89, "Plan Rows": 70, "Plan Width": 12, "Inner Unique": false, "Plans": [{"Node Type": "Nested Loop", "Parent Relationship": "Outer", "Join Type": "Inner", "Startup Cost": 0.0, "Total Cost": 3319.92, "Plan Rows": 33, "Plan Width": 4, "Inner Unique": false, "Plans": [{"Node Type": "Index Scan", "Parent Relationship": "Outer", "Scan Direction": "Forward", "Index Name": "keyword_pkey", "Relation Name": "keyword", "Alias": "k", "Startup Cost": 0.0, "Total Cost": 3182.72, "Plan Rows": 1, "Plan Width": 4, "Filter": "((keyword)::text = 'character-name-in-title'::text)"}, {"Node Type": "Index Scan", "Parent Relationship": "Inner", "Scan Direction": "Forward", "Index Name": "keyword_id_movie_keyword", "Relation Name": "movie_keyword", "Alias": "mk", "Startup Cost": 0.0, "Total Cost": 136.88, "Plan Rows": 33, "Plan Width": 8, "Index Cond": "(keyword_id = k.id)"}]}, {"Node Type": "Index Scan", "Parent Relationship": "Inner", "Scan Direction": "Forward", "Index Name": "movie_id_movie_companies", "Relation Name": "movie_companies", "Alias": "mc", "Startup Cost": 0.0, "Total Cost": 0.31, "Plan Rows": 2, "Plan Width": 8, "Index Cond": "(movie_id = mk.movie_id)"}]}, {"Node Type": "Index Scan", "Parent Relationship": "Inner", "Scan Direction": "Forward", "Index Name": "company_name_pkey", "Relation Name": "company_name", "Alias": "cn", "Startup Cost": 0.0, "Total Cost": 0.28, "Plan Rows": 1, "Plan Width": 4, "Index Cond": "(id = mc.company_id)", "Filter": "((country_code)::text = '[nl]'::text)"}]}, {"Node Type": "Index Scan", "Parent Relationship": "Inner", "Scan Direction": "Forward", "Index Name": "title_pkey", "Relation Name": "title", "Alias": "t", "Startup Cost": 0.0, "Total Cost": 0.31, "Plan Rows": 1, "Plan Width": 21, "Index Cond": "(id = mk.movie_id)"}]}]}, "Unique SQL Id": 2804875951, "Planner Runtime": 2}, "explain_analyze_plan": {"Plan": {"Node Type": "Aggregate", "Strategy": "Plain", "Startup Cost": 3351.67, "Total Cost": 3351.68, "Plan Rows": 1, "Plan Width": 49, "Actual Startup Time": 1115.49, "Actual Total Time": 1115.49, "Actual Rows": 1, "Actual Loops": 1, "Plans": [{"Node Type": "Nested Loop", "Parent Relationship": "Outer", "Join Type": "Inner", "Startup Cost": 0.0, "Total Cost": 3351.67, "Plan Rows": 2, "Plan Width": 17, "Actual Startup Time": 3.24, "Actual Total Time": 1112.359, "Actual Rows": 5228, "Actual Loops": 1, "Inner Unique": true, "Join Filter": "(mc.movie_id = t.id)", "Rows Removed by Join Filter": 0, "Plans": [{"Node Type": "Nested Loop", "Parent Relationship": "Outer", "Join Type": "Inner", "Startup Cost": 0.0, "Total Cost": 3351.03, "Plan Rows": 2, "Plan Width": 8, "Actual Startup Time": 3.226, "Actual Total Time": 1085.159, "Actual Rows": 5228, "Actual Loops": 1, "Inner Unique": true, "Plans": [{"Node Type": "Nested Loop", "Parent Relationship": "Outer", "Join Type": "Inner", "Startup Cost": 0.0, "Total Cost": 3330.89, "Plan Rows": 70, "Plan Width": 12, "Actual Startup Time": 0.236, "Actual Total Time": 447.681, "Actual Rows": 148552, "Actual Loops": 1, "Inner Unique": false, "Plans": [{"Node Type": "Nested Loop", "Parent Relationship": "Outer", "Join Type": "Inner", "Startup Cost": 0.0, "Total Cost": 3319.92, "Plan Rows": 33, "Plan Width": 4, "Actual Startup Time": 0.221, "Actual Total Time": 168.712, "Actual Rows": 41840, "Actual Loops": 1, "Inner Unique": false, "Plans": [{"Node Type": "Index Scan", "Parent Relationship": "Outer", "Scan Direction": "Forward", "Index Name": "keyword_pkey", "Relation Name": "keyword", "Alias": "k", "Startup Cost": 0.0, "Total Cost": 3182.72, "Plan Rows": 1, "Plan Width": 4, "Actual Startup Time": 0.203, "Actual Total Time": 122.802, "Actual Rows": 1, "Actual Loops": 1, "Filter": "((keyword)::text = 'character-name-in-title'::text)", "Rows Removed by Filter": 134168}, {"Node Type": "Index Scan", "Parent Relationship": "Inner", "Scan Direction": "Forward", "Index Name": "keyword_id_movie_keyword", "Relation Name": "movie_keyword", "Alias": "mk", "Startup Cost": 0.0, "Total Cost": 136.88, "Plan Rows": 33, "Plan Width": 8, "Actual Startup Time": 0.013, "Actual Total Time": 36.759, "Actual Rows": 41840, "Actual Loops": 1, "Index Cond": "(keyword_id = k.id)", "Rows Removed by Index Recheck": 0}]}, {"Node Type": "Index Scan", "Parent Relationship": "Inner", "Scan Direction": "Forward", "Index Name": "movie_id_movie_companies", "Relation Name": "movie_companies", "Alias": "mc", "Startup Cost": 0.0, "Total Cost": 0.31, "Plan Rows": 2, "Plan Width": 8, "Actual Startup Time": 150.509, "Actual Total Time": 222.921, "Actual Rows": 148552, "Actual Loops": 41840, "Index Cond": "(movie_id = mk.movie_id)", "Rows Removed by Index Recheck": 0}]}, {"Node Type": "Index Scan", "Parent Relationship": "Inner", "Scan Direction": "Forward", "Index Name": "company_name_pkey", "Relation Name": "company_name", "Alias": "cn", "Startup Cost": 0.0, "Total Cost": 0.28, "Plan Rows": 1, "Plan Width": 4, "Actual Startup Time": 564.52, "Actual Total Time": 564.52, "Actual Rows": 5228, "Actual Loops": 148552, "Index Cond": "(id = mc.company_id)", "Rows Removed by Index Recheck": 0, "Filter": "((country_code)::text = '[nl]'::text)", "Rows Removed by Filter": 143324}]}, {"Node Type": "Index Scan", "Parent Relationship": "Inner", "Scan Direction": "Forward", "Index Name": "title_pkey", "Relation Name": "title", "Alias": "t", "Startup Cost": 0.0, "Total Cost": 0.31, "Plan Rows": 1, "Plan Width": 21, "Actual Startup Time": 21.443, "Actual Total Time": 21.443, "Actual Rows": 5228, "Actual Loops": 5228, "Index Cond": "(id = mk.movie_id)", "Rows Removed by Index Recheck": 0}]}]}, "Triggers": [], "Planner Runtime": 9.9, "Total Runtime": 1115.761, "Unique SQL Id": 2804875951}}, "(16, '58')": {"explain_plan": {"Plan": {"Node Type": "Aggregate", "Strategy": "Plain", "Startup Cost": 149170.95, "Total Cost": 149170.97, "Plan Rows": 1, "Plan Width": 49, "Plans": [{"Node Type": "Streaming(type: LOCAL GATHER dop: 1/16)", "Parent Relationship": "Outer", "Startup Cost": 149170.95, "Total Cost": 149170.97, "Plan Rows": 1, "Plan Width": 49, "Plans": [{"Node Type": "Aggregate", "Strategy": "Plain", "Parent Relationship": "Outer", "Startup Cost": 149170.95, "Total Cost": 149170.96, "Plan Rows": 1, "Plan Width": 49, "Plans": [{"Node Type": "Nested Loop", "Parent Relationship": "Outer", "Join Type": "Inner", "Startup Cost": 0.0, "Total Cost": 149170.94, "Plan Rows": 2, "Plan Width": 17, "Inner Unique": false, "Join Filter": "(mc.movie_id = t.id)", "Plans": [{"Node Type": "Seq Scan", "Parent Relationship": "Outer", "Relation Name": "title", "Alias": "t", "Startup Cost": 0.0, "Total Cost": 18754.32, "Plan Rows": 2528311, "Plan Width": 21}, {"Node Type": "Materialize", "Parent Relationship": "Inner", "Startup Cost": 0.0, "Total Cost": 125676.05, "Plan Rows": 32, "Plan Width": 8, "Plans": [{"Node Type": "Streaming(type: BROADCAST dop: 16/1)", "Parent Relationship": "Outer", "Startup Cost": 0.0, "Total Cost": 125676.04, "Plan Rows": 32, "Plan Width": 8, "Plans": [{"Node Type": "Nested Loop", "Parent Relationship": "Outer", "Join Type": "Inner", "Startup Cost": 0.0, "Total Cost": 110675.35, "Plan Rows": 2, "Plan Width": 8, "Inner Unique": false, "Join Filter": "(mc.company_id = cn.id)", "Plans": [{"Node Type": "Seq Scan", "Parent Relationship": "Outer", "Relation Name": "company_name", "Alias": "cn", "Startup Cost": 0.0, "Total Cost": 5903.45, "Plan Rows": 2240, "Plan Width": 4, "Filter": "((country_code)::text = '[nl]'::text)"}, {"Node Type": "Materialize", "Parent Relationship": "Inner", "Startup Cost": 0.0, "Total Cost": 102420.07, "Plan Rows": 70, "Plan Width": 12, "Plans": [{"Node Type": "Streaming(type: LOCAL GATHER dop: 1/16)", "Parent Relationship": "Outer", "Startup Cost": 0.0, "Total Cost": 102419.72, "Plan Rows": 70, "Plan Width": 12, "Plans": [{"Node Type": "Nested Loop", "Parent Relationship": "Outer", "Join Type": "Inner", "Startup Cost": 0.0, "Total Cost": 102418.21, "Plan Rows": 70, "Plan Width": 12, "Inner Unique": false, "Join Filter": "(mk.movie_id = mc.movie_id)", "Plans": [{"Node Type": "Streaming(type: LOCAL REDISTRIBUTE dop: 16/16)", "Parent Relationship": "Outer", "Startup Cost": 0.0, "Total Cost": 42499.73, "Plan Rows": 2609128, "Plan Width": 8, "Plans": [{"Node Type": "Seq Scan", "Parent Relationship": "Outer", "Relation Name": "movie_companies", "Alias": "mc", "Startup Cost": 0.0, "Total Cost": 17613.58, "Plan Rows": 2609128, "Plan Width": 8}]}, {"Node Type": "Materialize", "Parent Relationship": "Inner", "Startup Cost": 0.0, "Total Cost": 54873.49, "Plan Rows": 33, "Plan Width": 4, "Plans": [{"Node Type": "Streaming(type: LOCAL REDISTRIBUTE dop: 16/16)", "Parent Relationship": "Outer", "Startup Cost": 0.0, "Total Cost": 54873.48, "Plan Rows": 33, "Plan Width": 4, "Plans": [{"Node Type": "Nested Loop", "Parent Relationship": "Outer", "Join Type": "Inner", "Startup Cost": 0.0, "Total Cost": 39873.36, "Plan Rows": 33, "Plan Width": 4, "Inner Unique": false, "Join Filter": "(k.id = mk.keyword_id)", "Plans": [{"Node Type": "Streaming(type: BROADCAST dop: 16/1)", "Parent Relationship": "Outer", "Startup Cost": 0.0, "Total Cost": 17436.46, "Plan Rows": 16, "Plan Width": 4, "Plans": [{"Node Type": "Seq Scan", "Parent Relationship": "Outer", "Relation Name": "keyword", "Alias": "k", "Startup Cost": 0.0, "Total Cost": 2436.11, "Plan Rows": 1, "Plan Width": 4, "Filter": "((keyword)::text = 'character-name-in-title'::text)"}]}, {"Node Type": "Seq Scan", "Parent Relationship": "Inner", "Relation Name": "movie_keyword", "Alias": "mk", "Startup Cost": 0.0, "Total Cost": 18902.58, "Plan Rows": 4523929, "Plan Width": 8}]}]}]}]}]}]}]}]}]}]}]}]}]}, "Unique SQL Id": 2804875951, "Planner Runtime": 2}, "explain_analyze_plan": null}, "(16, '59')": {"explain_plan": {"Plan": {"Node Type": "Aggregate", "Strategy": "Plain", "Startup Cost": 5000041492550.78, "Total Cost": 5000041492550.79, "Plan Rows": 1, "Plan Width": 49, "Plans": [{"Node Type": "Nested Loop", "Parent Relationship": "Outer", "Join Type": "Inner", "Startup Cost": 50000000000.0, "Total Cost": 5000041492550.77, "Plan Rows": 2, "Plan Width": 17, "Inner Unique": false, "Join Filter": "(mc.movie_id = t.id)", "Plans": [{"Node Type": "Index Scan", "Parent Relationship": "Outer", "Scan Direction": "Forward", "Index Name": "title_pkey", "Relation Name": "title", "Alias": "t", "Startup Cost": 10000000000.0, "Total Cost": 1000011012048.91, "Plan Rows": 2528311, "Plan Width": 21}, {"Node Type": "Materialize", "Parent Relationship": "Inner", "Startup Cost": 40000000000.0, "Total Cost": 4000030404652.53, "Plan Rows": 2, "Plan Width": 8, "Plans": [{"Node Type": "Nested Loop", "Parent Relationship": "Outer", "Join Type": "Inner", "Startup Cost": 40000000000.0, "Total Cost": 4000030404652.52, "Plan Rows": 2, "Plan Width": 8, "Inner Unique": true, "Join Filter": "(mc.company_id = cn.id)", "Plans": [{"Node Type": "Nested Loop", "Parent Relationship": "Outer", "Join Type": "Inner", "Startup Cost": 30000000000.0, "Total Cost": 3000029352155.95, "Plan Rows": 70, "Plan Width": 12, "Inner Unique": false, "Join Filter": "(mk.movie_id = mc.movie_id)", "Plans": [{"Node Type": "Nested Loop", "Parent Relationship": "Outer", "Join Type": "Inner", "Startup Cost": 20000000000.0, "Total Cost": 2000015686764.79, "Plan Rows": 33, "Plan Width": 4, "Inner Unique": true, "Join Filter": "(k.id = mk.keyword_id)", "Plans": [{"Node Type": "Index Scan", "Parent Relationship": "Outer", "Scan Direction": "Forward", "Index Name": "movie_id_movie_keyword", "Relation Name": "movie_keyword", "Alias": "mk", "Startup Cost": 10000000000.0, "Total Cost": 1000015300634.17, "Plan Rows": 4523929, "Plan Width": 8}, {"Node Type": "Materialize", "Parent Relationship": "Inner", "Startup Cost": 10000000000.0, "Total Cost": 1000000318271.69, "Plan Rows": 1, "Plan Width": 4, "Plans": [{"Node Type": "Index Scan", "Parent Relationship": "Outer", "Scan Direction": "Forward", "Index Name": "keyword_pkey", "Relation Name": "keyword", "Alias": "k", "Startup Cost": 10000000000.0, "Total Cost": 1000000318271.68, "Plan Rows": 1, "Plan Width": 4, "Filter": "((keyword)::text = 'character-name-in-title'::text)"}]}]}, {"Node Type": "Materialize", "Parent Relationship": "Inner", "Startup Cost": 10000000000.0, "Total Cost": 1000012380395.62, "Plan Rows": 2609128, "Plan Width": 8, "Plans": [{"Node Type": "Index Scan", "Parent Relationship": "Outer", "Scan Direction": "Forward", "Index Name": "company_id_movie_companies", "Relation Name": "movie_companies", "Alias": "mc", "Startup Cost": 10000000000.0, "Total Cost": 1000012367349.98, "Plan Rows": 2609128, "Plan Width": 8}]}]}, {"Node Type": "Materialize", "Parent Relationship": "Inner", "Startup Cost": 10000000000.0, "Total Cost": 1000001050150.17, "Plan Rows": 2240, "Plan Width": 4, "Plans": [{"Node Type": "Index Scan", "Parent Relationship": "Outer", "Scan Direction": "Forward", "Index Name": "company_name_pkey", "Relation Name": "company_name", "Alias": "cn", "Startup Cost": 10000000000.0, "Total Cost": 1000001050138.97, "Plan Rows": 2240, "Plan Width": 4, "Filter": "((country_code)::text = '[nl]'::text)"}]}]}]}]}]}, "Unique SQL Id": 2804875951, "Planner Runtime": 1}, "explain_analyze_plan": null}, "(16, '60')": {"explain_plan": {"Plan": {"Node Type": "Aggregate", "Strategy": "Plain", "Startup Cost": 2605.07, "Total Cost": 2605.08, "Plan Rows": 1, "Plan Width": 49, "Plans": [{"Node Type": "Nested Loop", "Parent Relationship": "Outer", "Join Type": "Inner", "Startup Cost": 0.0, "Total Cost": 2605.07, "Plan Rows": 2, "Plan Width": 17, "Inner Unique": true, "Join Filter": "(mc.movie_id = t.id)", "Plans": [{"Node Type": "Nested Loop", "Parent Relationship": "Outer", "Join Type": "Inner", "Startup Cost": 0.0, "Total Cost": 2604.42, "Plan Rows": 2, "Plan Width": 8, "Inner Unique": true, "Plans": [{"Node Type": "Nested Loop", "Parent Relationship": "Outer", "Join Type": "Inner", "Startup Cost": 0.0, "Total Cost": 2584.29, "Plan Rows": 70, "Plan Width": 12, "Inner Unique": false, "Plans": [{"Node Type": "Nested Loop", "Parent Relationship": "Outer", "Join Type": "Inner", "Startup Cost": 0.0, "Total Cost": 2573.32, "Plan Rows": 33, "Plan Width": 4, "Inner Unique": false, "Plans": [{"Node Type": "Seq Scan", "Parent Relationship": "Outer", "Relation Name": "keyword", "Alias": "k", "Startup Cost": 0.0, "Total Cost": 2436.11, "Plan Rows": 1, "Plan Width": 4, "Filter": "((keyword)::text = 'character-name-in-title'::text)"}, {"Node Type": "Index Scan", "Parent Relationship": "Inner", "Scan Direction": "Forward", "Index Name": "keyword_id_movie_keyword", "Relation Name": "movie_keyword", "Alias": "mk", "Startup Cost": 0.0, "Total Cost": 136.88, "Plan Rows": 33, "Plan Width": 8, "Index Cond": "(keyword_id = k.id)"}]}, {"Node Type": "Index Scan", "Parent Relationship": "Inner", "Scan Direction": "Forward", "Index Name": "movie_id_movie_companies", "Relation Name": "movie_companies", "Alias": "mc", "Startup Cost": 0.0, "Total Cost": 0.31, "Plan Rows": 2, "Plan Width": 8, "Index Cond": "(movie_id = mk.movie_id)"}]}, {"Node Type": "Index Scan", "Parent Relationship": "Inner", "Scan Direction": "Forward", "Index Name": "company_name_pkey", "Relation Name": "company_name", "Alias": "cn", "Startup Cost": 0.0, "Total Cost": 0.28, "Plan Rows": 1, "Plan Width": 4, "Index Cond": "(id = mc.company_id)", "Filter": "((country_code)::text = '[nl]'::text)"}]}, {"Node Type": "Index Scan", "Parent Relationship": "Inner", "Scan Direction": "Forward", "Index Name": "title_pkey", "Relation Name": "title", "Alias": "t", "Startup Cost": 0.0, "Total Cost": 0.31, "Plan Rows": 1, "Plan Width": 21, "Index Cond": "(id = mk.movie_id)"}]}]}, "Unique SQL Id": 2804875951, "Planner Runtime": 2}, "explain_analyze_plan": {"Plan": {"Node Type": "Aggregate", "Strategy": "Plain", "Startup Cost": 2605.07, "Total Cost": 2605.08, "Plan Rows": 1, "Plan Width": 49, "Actual Startup Time": 1003.672, "Actual Total Time": 1003.673, "Actual Rows": 1, "Actual Loops": 1, "Plans": [{"Node Type": "Nested Loop", "Parent Relationship": "Outer", "Join Type": "Inner", "Startup Cost": 0.0, "Total Cost": 2605.07, "Plan Rows": 2, "Plan Width": 17, "Actual Startup Time": 4.721, "Actual Total Time": 1000.415, "Actual Rows": 5228, "Actual Loops": 1, "Inner Unique": true, "Join Filter": "(mc.movie_id = t.id)", "Rows Removed by Join Filter": 0, "Plans": [{"Node Type": "Nested Loop", "Parent Relationship": "Outer", "Join Type": "Inner", "Startup Cost": 0.0, "Total Cost": 2604.42, "Plan Rows": 2, "Plan Width": 8, "Actual Startup Time": 4.708, "Actual Total Time": 973.99, "Actual Rows": 5228, "Actual Loops": 1, "Inner Unique": true, "Plans": [{"Node Type": "Nested Loop", "Parent Relationship": "Outer", "Join Type": "Inner", "Startup Cost": 0.0, "Total Cost": 2584.29, "Plan Rows": 70, "Plan Width": 12, "Actual Startup Time": 1.809, "Actual Total Time": 358.696, "Actual Rows": 148552, "Actual Loops": 1, "Inner Unique": false, "Plans": [{"Node Type": "Nested Loop", "Parent Relationship": "Outer", "Join Type": "Inner", "Startup Cost": 0.0, "Total Cost": 2573.32, "Plan Rows": 33, "Plan Width": 4, "Actual Startup Time": 1.792, "Actual Total Time": 86.929, "Actual Rows": 41840, "Actual Loops": 1, "Inner Unique": false, "Plans": [{"Node Type": "Seq Scan", "Parent Relationship": "Outer", "Relation Name": "keyword", "Alias": "k", "Startup Cost": 0.0, "Total Cost": 2436.11, "Plan Rows": 1, "Plan Width": 4, "Actual Startup Time": 1.768, "Actual Total Time": 41.894, "Actual Rows": 1, "Actual Loops": 1, "Filter": "((keyword)::text = 'character-name-in-title'::text)", "Rows Removed by Filter": 134168}, {"Node Type": "Index Scan", "Parent Relationship": "Inner", "Scan Direction": "Forward", "Index Name": "keyword_id_movie_keyword", "Relation Name": "movie_keyword", "Alias": "mk", "Startup Cost": 0.0, "Total Cost": 136.88, "Plan Rows": 33, "Plan Width": 8, "Actual Startup Time": 0.02, "Actual Total Time": 35.59, "Actual Rows": 41840, "Actual Loops": 1, "Index Cond": "(keyword_id = k.id)", "Rows Removed by Index Recheck": 0}]}, {"Node Type": "Index Scan", "Parent Relationship": "Inner", "Scan Direction": "Forward", "Index Name": "movie_id_movie_companies", "Relation Name": "movie_companies", "Alias": "mc", "Startup Cost": 0.0, "Total Cost": 0.31, "Plan Rows": 2, "Plan Width": 8, "Actual Startup Time": 145.322, "Actual Total Time": 215.961, "Actual Rows": 148552, "Actual Loops": 41840, "Index Cond": "(movie_id = mk.movie_id)", "Rows Removed by Index Recheck": 0}]}, {"Node Type": "Index Scan", "Parent Relationship": "Inner", "Scan Direction": "Forward", "Index Name": "company_name_pkey", "Relation Name": "company_name", "Alias": "cn", "Startup Cost": 0.0, "Total Cost": 0.28, "Plan Rows": 1, "Plan Width": 4, "Actual Startup Time": 543.353, "Actual Total Time": 543.353, "Actual Rows": 5228, "Actual Loops": 148552, "Index Cond": "(id = mc.company_id)", "Rows Removed by Index Recheck": 0, "Filter": "((country_code)::text = '[nl]'::text)", "Rows Removed by Filter": 143324}]}, {"Node Type": "Index Scan", "Parent Relationship": "Inner", "Scan Direction": "Forward", "Index Name": "title_pkey", "Relation Name": "title", "Alias": "t", "Startup Cost": 0.0, "Total Cost": 0.31, "Plan Rows": 1, "Plan Width": 21, "Actual Startup Time": 20.597, "Actual Total Time": 20.597, "Actual Rows": 5228, "Actual Loops": 5228, "Index Cond": "(id = mk.movie_id)", "Rows Removed by Index Recheck": 0}]}]}, "Triggers": [], "Planner Runtime": 10.364, "Total Runtime": 1003.955, "Unique SQL Id": 2804875951}}, "(16, '61')": {"explain_plan": {"Plan": {"Node Type": "Aggregate", "Strategy": "Plain", "Startup Cost": 3351.67, "Total Cost": 3351.68, "Plan Rows": 1, "Plan Width": 49, "Plans": [{"Node Type": "Nested Loop", "Parent Relationship": "Outer", "Join Type": "Inner", "Startup Cost": 0.0, "Total Cost": 3351.67, "Plan Rows": 2, "Plan Width": 17, "Inner Unique": true, "Join Filter": "(mc.movie_id = t.id)", "Plans": [{"Node Type": "Nested Loop", "Parent Relationship": "Outer", "Join Type": "Inner", "Startup Cost": 0.0, "Total Cost": 3351.03, "Plan Rows": 2, "Plan Width": 8, "Inner Unique": true, "Plans": [{"Node Type": "Nested Loop", "Parent Relationship": "Outer", "Join Type": "Inner", "Startup Cost": 0.0, "Total Cost": 3330.89, "Plan Rows": 70, "Plan Width": 12, "Inner Unique": false, "Plans": [{"Node Type": "Nested Loop", "Parent Relationship": "Outer", "Join Type": "Inner", "Startup Cost": 0.0, "Total Cost": 3319.92, "Plan Rows": 33, "Plan Width": 4, "Inner Unique": false, "Plans": [{"Node Type": "Index Scan", "Parent Relationship": "Outer", "Scan Direction": "Forward", "Index Name": "keyword_pkey", "Relation Name": "keyword", "Alias": "k", "Startup Cost": 0.0, "Total Cost": 3182.72, "Plan Rows": 1, "Plan Width": 4, "Filter": "((keyword)::text = 'character-name-in-title'::text)"}, {"Node Type": "Index Scan", "Parent Relationship": "Inner", "Scan Direction": "Forward", "Index Name": "keyword_id_movie_keyword", "Relation Name": "movie_keyword", "Alias": "mk", "Startup Cost": 0.0, "Total Cost": 136.88, "Plan Rows": 33, "Plan Width": 8, "Index Cond": "(keyword_id = k.id)"}]}, {"Node Type": "Index Scan", "Parent Relationship": "Inner", "Scan Direction": "Forward", "Index Name": "movie_id_movie_companies", "Relation Name": "movie_companies", "Alias": "mc", "Startup Cost": 0.0, "Total Cost": 0.31, "Plan Rows": 2, "Plan Width": 8, "Index Cond": "(movie_id = mk.movie_id)"}]}, {"Node Type": "Index Scan", "Parent Relationship": "Inner", "Scan Direction": "Forward", "Index Name": "company_name_pkey", "Relation Name": "company_name", "Alias": "cn", "Startup Cost": 0.0, "Total Cost": 0.28, "Plan Rows": 1, "Plan Width": 4, "Index Cond": "(id = mc.company_id)", "Filter": "((country_code)::text = '[nl]'::text)"}]}, {"Node Type": "Index Scan", "Parent Relationship": "Inner", "Scan Direction": "Forward", "Index Name": "title_pkey", "Relation Name": "title", "Alias": "t", "Startup Cost": 0.0, "Total Cost": 0.31, "Plan Rows": 1, "Plan Width": 21, "Index Cond": "(id = mk.movie_id)"}]}]}, "Unique SQL Id": 2804875951, "Planner Runtime": 2}, "explain_analyze_plan": {"Plan": {"Node Type": "Aggregate", "Strategy": "Plain", "Startup Cost": 3351.67, "Total Cost": 3351.68, "Plan Rows": 1, "Plan Width": 49, "Actual Startup Time": 1115.49, "Actual Total Time": 1115.49, "Actual Rows": 1, "Actual Loops": 1, "Plans": [{"Node Type": "Nested Loop", "Parent Relationship": "Outer", "Join Type": "Inner", "Startup Cost": 0.0, "Total Cost": 3351.67, "Plan Rows": 2, "Plan Width": 17, "Actual Startup Time": 3.24, "Actual Total Time": 1112.359, "Actual Rows": 5228, "Actual Loops": 1, "Inner Unique": true, "Join Filter": "(mc.movie_id = t.id)", "Rows Removed by Join Filter": 0, "Plans": [{"Node Type": "Nested Loop", "Parent Relationship": "Outer", "Join Type": "Inner", "Startup Cost": 0.0, "Total Cost": 3351.03, "Plan Rows": 2, "Plan Width": 8, "Actual Startup Time": 3.226, "Actual Total Time": 1085.159, "Actual Rows": 5228, "Actual Loops": 1, "Inner Unique": true, "Plans": [{"Node Type": "Nested Loop", "Parent Relationship": "Outer", "Join Type": "Inner", "Startup Cost": 0.0, "Total Cost": 3330.89, "Plan Rows": 70, "Plan Width": 12, "Actual Startup Time": 0.236, "Actual Total Time": 447.681, "Actual Rows": 148552, "Actual Loops": 1, "Inner Unique": false, "Plans": [{"Node Type": "Nested Loop", "Parent Relationship": "Outer", "Join Type": "Inner", "Startup Cost": 0.0, "Total Cost": 3319.92, "Plan Rows": 33, "Plan Width": 4, "Actual Startup Time": 0.221, "Actual Total Time": 168.712, "Actual Rows": 41840, "Actual Loops": 1, "Inner Unique": false, "Plans": [{"Node Type": "Index Scan", "Parent Relationship": "Outer", "Scan Direction": "Forward", "Index Name": "keyword_pkey", "Relation Name": "keyword", "Alias": "k", "Startup Cost": 0.0, "Total Cost": 3182.72, "Plan Rows": 1, "Plan Width": 4, "Actual Startup Time": 0.203, "Actual Total Time": 122.802, "Actual Rows": 1, "Actual Loops": 1, "Filter": "((keyword)::text = 'character-name-in-title'::text)", "Rows Removed by Filter": 134168}, {"Node Type": "Index Scan", "Parent Relationship": "Inner", "Scan Direction": "Forward", "Index Name": "keyword_id_movie_keyword", "Relation Name": "movie_keyword", "Alias": "mk", "Startup Cost": 0.0, "Total Cost": 136.88, "Plan Rows": 33, "Plan Width": 8, "Actual Startup Time": 0.013, "Actual Total Time": 36.759, "Actual Rows": 41840, "Actual Loops": 1, "Index Cond": "(keyword_id = k.id)", "Rows Removed by Index Recheck": 0}]}, {"Node Type": "Index Scan", "Parent Relationship": "Inner", "Scan Direction": "Forward", "Index Name": "movie_id_movie_companies", "Relation Name": "movie_companies", "Alias": "mc", "Startup Cost": 0.0, "Total Cost": 0.31, "Plan Rows": 2, "Plan Width": 8, "Actual Startup Time": 150.509, "Actual Total Time": 222.921, "Actual Rows": 148552, "Actual Loops": 41840, "Index Cond": "(movie_id = mk.movie_id)", "Rows Removed by Index Recheck": 0}]}, {"Node Type": "Index Scan", "Parent Relationship": "Inner", "Scan Direction": "Forward", "Index Name": "company_name_pkey", "Relation Name": "company_name", "Alias": "cn", "Startup Cost": 0.0, "Total Cost": 0.28, "Plan Rows": 1, "Plan Width": 4, "Actual Startup Time": 564.52, "Actual Total Time": 564.52, "Actual Rows": 5228, "Actual Loops": 148552, "Index Cond": "(id = mc.company_id)", "Rows Removed by Index Recheck": 0, "Filter": "((country_code)::text = '[nl]'::text)", "Rows Removed by Filter": 143324}]}, {"Node Type": "Index Scan", "Parent Relationship": "Inner", "Scan Direction": "Forward", "Index Name": "title_pkey", "Relation Name": "title", "Alias": "t", "Startup Cost": 0.0, "Total Cost": 0.31, "Plan Rows": 1, "Plan Width": 21, "Actual Startup Time": 21.443, "Actual Total Time": 21.443, "Actual Rows": 5228, "Actual Loops": 5228, "Index Cond": "(id = mk.movie_id)", "Rows Removed by Index Recheck": 0}]}]}, "Triggers": [], "Planner Runtime": 9.9, "Total Runtime": 1115.761, "Unique SQL Id": 2804875951}}, "(16, '62')": {"explain_plan": {"Plan": {"Node Type": "Aggregate", "Strategy": "Plain", "Startup Cost": 149170.95, "Total Cost": 149170.97, "Plan Rows": 1, "Plan Width": 49, "Plans": [{"Node Type": "Streaming(type: LOCAL GATHER dop: 1/16)", "Parent Relationship": "Outer", "Startup Cost": 149170.95, "Total Cost": 149170.97, "Plan Rows": 1, "Plan Width": 49, "Plans": [{"Node Type": "Aggregate", "Strategy": "Plain", "Parent Relationship": "Outer", "Startup Cost": 149170.95, "Total Cost": 149170.96, "Plan Rows": 1, "Plan Width": 49, "Plans": [{"Node Type": "Nested Loop", "Parent Relationship": "Outer", "Join Type": "Inner", "Startup Cost": 0.0, "Total Cost": 149170.94, "Plan Rows": 2, "Plan Width": 17, "Inner Unique": false, "Join Filter": "(mc.movie_id = t.id)", "Plans": [{"Node Type": "Seq Scan", "Parent Relationship": "Outer", "Relation Name": "title", "Alias": "t", "Startup Cost": 0.0, "Total Cost": 18754.32, "Plan Rows": 2528311, "Plan Width": 21}, {"Node Type": "Materialize", "Parent Relationship": "Inner", "Startup Cost": 0.0, "Total Cost": 125676.05, "Plan Rows": 32, "Plan Width": 8, "Plans": [{"Node Type": "Streaming(type: BROADCAST dop: 16/1)", "Parent Relationship": "Outer", "Startup Cost": 0.0, "Total Cost": 125676.04, "Plan Rows": 32, "Plan Width": 8, "Plans": [{"Node Type": "Nested Loop", "Parent Relationship": "Outer", "Join Type": "Inner", "Startup Cost": 0.0, "Total Cost": 110675.35, "Plan Rows": 2, "Plan Width": 8, "Inner Unique": false, "Join Filter": "(mc.company_id = cn.id)", "Plans": [{"Node Type": "Seq Scan", "Parent Relationship": "Outer", "Relation Name": "company_name", "Alias": "cn", "Startup Cost": 0.0, "Total Cost": 5903.45, "Plan Rows": 2240, "Plan Width": 4, "Filter": "((country_code)::text = '[nl]'::text)"}, {"Node Type": "Materialize", "Parent Relationship": "Inner", "Startup Cost": 0.0, "Total Cost": 102420.07, "Plan Rows": 70, "Plan Width": 12, "Plans": [{"Node Type": "Streaming(type: LOCAL GATHER dop: 1/16)", "Parent Relationship": "Outer", "Startup Cost": 0.0, "Total Cost": 102419.72, "Plan Rows": 70, "Plan Width": 12, "Plans": [{"Node Type": "Nested Loop", "Parent Relationship": "Outer", "Join Type": "Inner", "Startup Cost": 0.0, "Total Cost": 102418.21, "Plan Rows": 70, "Plan Width": 12, "Inner Unique": false, "Join Filter": "(mk.movie_id = mc.movie_id)", "Plans": [{"Node Type": "Streaming(type: LOCAL REDISTRIBUTE dop: 16/16)", "Parent Relationship": "Outer", "Startup Cost": 0.0, "Total Cost": 42499.73, "Plan Rows": 2609128, "Plan Width": 8, "Plans": [{"Node Type": "Seq Scan", "Parent Relationship": "Outer", "Relation Name": "movie_companies", "Alias": "mc", "Startup Cost": 0.0, "Total Cost": 17613.58, "Plan Rows": 2609128, "Plan Width": 8}]}, {"Node Type": "Materialize", "Parent Relationship": "Inner", "Startup Cost": 0.0, "Total Cost": 54873.49, "Plan Rows": 33, "Plan Width": 4, "Plans": [{"Node Type": "Streaming(type: LOCAL REDISTRIBUTE dop: 16/16)", "Parent Relationship": "Outer", "Startup Cost": 0.0, "Total Cost": 54873.48, "Plan Rows": 33, "Plan Width": 4, "Plans": [{"Node Type": "Nested Loop", "Parent Relationship": "Outer", "Join Type": "Inner", "Startup Cost": 0.0, "Total Cost": 39873.36, "Plan Rows": 33, "Plan Width": 4, "Inner Unique": false, "Join Filter": "(k.id = mk.keyword_id)", "Plans": [{"Node Type": "Streaming(type: BROADCAST dop: 16/1)", "Parent Relationship": "Outer", "Startup Cost": 0.0, "Total Cost": 17436.46, "Plan Rows": 16, "Plan Width": 4, "Plans": [{"Node Type": "Seq Scan", "Parent Relationship": "Outer", "Relation Name": "keyword", "Alias": "k", "Startup Cost": 0.0, "Total Cost": 2436.11, "Plan Rows": 1, "Plan Width": 4, "Filter": "((keyword)::text = 'character-name-in-title'::text)"}]}, {"Node Type": "Seq Scan", "Parent Relationship": "Inner", "Relation Name": "movie_keyword", "Alias": "mk", "Startup Cost": 0.0, "Total Cost": 18902.58, "Plan Rows": 4523929, "Plan Width": 8}]}]}]}]}]}]}]}]}]}]}]}]}]}, "Unique SQL Id": 2804875951, "Planner Runtime": 2}, "explain_analyze_plan": null}, "(16, '63')": {"explain_plan": {"Plan": {"Node Type": "Aggregate", "Strategy": "Plain", "Startup Cost": 5000041492550.78, "Total Cost": 5000041492550.79, "Plan Rows": 1, "Plan Width": 49, "Plans": [{"Node Type": "Nested Loop", "Parent Relationship": "Outer", "Join Type": "Inner", "Startup Cost": 50000000000.0, "Total Cost": 5000041492550.77, "Plan Rows": 2, "Plan Width": 17, "Inner Unique": false, "Join Filter": "(mc.movie_id = t.id)", "Plans": [{"Node Type": "Index Scan", "Parent Relationship": "Outer", "Scan Direction": "Forward", "Index Name": "title_pkey", "Relation Name": "title", "Alias": "t", "Startup Cost": 10000000000.0, "Total Cost": 1000011012048.91, "Plan Rows": 2528311, "Plan Width": 21}, {"Node Type": "Materialize", "Parent Relationship": "Inner", "Startup Cost": 40000000000.0, "Total Cost": 4000030404652.53, "Plan Rows": 2, "Plan Width": 8, "Plans": [{"Node Type": "Nested Loop", "Parent Relationship": "Outer", "Join Type": "Inner", "Startup Cost": 40000000000.0, "Total Cost": 4000030404652.52, "Plan Rows": 2, "Plan Width": 8, "Inner Unique": true, "Join Filter": "(mc.company_id = cn.id)", "Plans": [{"Node Type": "Nested Loop", "Parent Relationship": "Outer", "Join Type": "Inner", "Startup Cost": 30000000000.0, "Total Cost": 3000029352155.95, "Plan Rows": 70, "Plan Width": 12, "Inner Unique": false, "Join Filter": "(mk.movie_id = mc.movie_id)", "Plans": [{"Node Type": "Nested Loop", "Parent Relationship": "Outer", "Join Type": "Inner", "Startup Cost": 20000000000.0, "Total Cost": 2000015686764.79, "Plan Rows": 33, "Plan Width": 4, "Inner Unique": true, "Join Filter": "(k.id = mk.keyword_id)", "Plans": [{"Node Type": "Index Scan", "Parent Relationship": "Outer", "Scan Direction": "Forward", "Index Name": "movie_id_movie_keyword", "Relation Name": "movie_keyword", "Alias": "mk", "Startup Cost": 10000000000.0, "Total Cost": 1000015300634.17, "Plan Rows": 4523929, "Plan Width": 8}, {"Node Type": "Materialize", "Parent Relationship": "Inner", "Startup Cost": 10000000000.0, "Total Cost": 1000000318271.69, "Plan Rows": 1, "Plan Width": 4, "Plans": [{"Node Type": "Index Scan", "Parent Relationship": "Outer", "Scan Direction": "Forward", "Index Name": "keyword_pkey", "Relation Name": "keyword", "Alias": "k", "Startup Cost": 10000000000.0, "Total Cost": 1000000318271.68, "Plan Rows": 1, "Plan Width": 4, "Filter": "((keyword)::text = 'character-name-in-title'::text)"}]}]}, {"Node Type": "Materialize", "Parent Relationship": "Inner", "Startup Cost": 10000000000.0, "Total Cost": 1000012380395.62, "Plan Rows": 2609128, "Plan Width": 8, "Plans": [{"Node Type": "Index Scan", "Parent Relationship": "Outer", "Scan Direction": "Forward", "Index Name": "company_id_movie_companies", "Relation Name": "movie_companies", "Alias": "mc", "Startup Cost": 10000000000.0, "Total Cost": 1000012367349.98, "Plan Rows": 2609128, "Plan Width": 8}]}]}, {"Node Type": "Materialize", "Parent Relationship": "Inner", "Startup Cost": 10000000000.0, "Total Cost": 1000001050150.17, "Plan Rows": 2240, "Plan Width": 4, "Plans": [{"Node Type": "Index Scan", "Parent Relationship": "Outer", "Scan Direction": "Forward", "Index Name": "company_name_pkey", "Relation Name": "company_name", "Alias": "cn", "Startup Cost": 10000000000.0, "Total Cost": 1000001050138.97, "Plan Rows": 2240, "Plan Width": 4, "Filter": "((country_code)::text = '[nl]'::text)"}]}]}]}]}]}, "Unique SQL Id": 2804875951, "Planner Runtime": 1}, "explain_analyze_plan": null}, "(16, '64')": {"explain_plan": {"Plan": {"Node Type": "Aggregate", "Strategy": "Plain", "Startup Cost": 2600.78, "Total Cost": 2600.79, "Plan Rows": 1, "Plan Width": 49, "Plans": [{"Node Type": "Nested Loop", "Parent Relationship": "Outer", "Join Type": "Inner", "Startup Cost": 4.51, "Total Cost": 2600.77, "Plan Rows": 2, "Plan Width": 17, "Inner Unique": true, "Join Filter": "(mc.movie_id = t.id)", "Plans": [{"Node Type": "Nested Loop", "Parent Relationship": "Outer", "Join Type": "Inner", "Startup Cost": 4.51, "Total Cost": 2600.13, "Plan Rows": 2, "Plan Width": 8, "Inner Unique": true, "Plans": [{"Node Type": "Nested Loop", "Parent Relationship": "Outer", "Join Type": "Inner", "Startup Cost": 4.51, "Total Cost": 2579.99, "Plan Rows": 70, "Plan Width": 12, "Inner Unique": false, "Plans": [{"Node Type": "Nested Loop", "Parent Relationship": "Outer", "Join Type": "Inner", "Startup Cost": 4.51, "Total Cost": 2569.02, "Plan Rows": 33, "Plan Width": 4, "Inner Unique": false, "Plans": [{"Node Type": "Seq Scan", "Parent Relationship": "Outer", "Relation Name": "keyword", "Alias": "k", "Startup Cost": 0.0, "Total Cost": 2436.11, "Plan Rows": 1, "Plan Width": 4, "Filter": "((keyword)::text = 'character-name-in-title'::text)"}, {"Node Type": "Bitmap Heap Scan", "Parent Relationship": "Inner", "Relation Name": "movie_keyword", "Alias": "mk", "Startup Cost": 4.51, "Total Cost": 132.58, "Plan Rows": 33, "Plan Width": 8, "Recheck Cond": "(keyword_id = k.id)", "Plans": [{"Node Type": "Bitmap Index Scan", "Parent Relationship": "Outer", "Index Name": "keyword_id_movie_keyword", "Startup Cost": 0.0, "Total Cost": 4.5, "Plan Rows": 33, "Plan Width": 0, "Index Cond": "(keyword_id = k.id)"}]}]}, {"Node Type": "Index Scan", "Parent Relationship": "Inner", "Scan Direction": "Forward", "Index Name": "movie_id_movie_companies", "Relation Name": "movie_companies", "Alias": "mc", "Startup Cost": 0.0, "Total Cost": 0.31, "Plan Rows": 2, "Plan Width": 8, "Index Cond": "(movie_id = mk.movie_id)"}]}, {"Node Type": "Index Scan", "Parent Relationship": "Inner", "Scan Direction": "Forward", "Index Name": "company_name_pkey", "Relation Name": "company_name", "Alias": "cn", "Startup Cost": 0.0, "Total Cost": 0.28, "Plan Rows": 1, "Plan Width": 4, "Index Cond": "(id = mc.company_id)", "Filter": "((country_code)::text = '[nl]'::text)"}]}, {"Node Type": "Index Scan", "Parent Relationship": "Inner", "Scan Direction": "Forward", "Index Name": "title_pkey", "Relation Name": "title", "Alias": "t", "Startup Cost": 0.0, "Total Cost": 0.31, "Plan Rows": 1, "Plan Width": 21, "Index Cond": "(id = mk.movie_id)"}]}]}, "Unique SQL Id": 2804875951, "Planner Runtime": 10}, "explain_analyze_plan": {"Plan": {"Node Type": "Aggregate", "Strategy": "Plain", "Startup Cost": 2600.78, "Total Cost": 2600.79, "Plan Rows": 1, "Plan Width": 49, "Actual Startup Time": 1042.053, "Actual Total Time": 1042.053, "Actual Rows": 1, "Actual Loops": 1, "Plans": [{"Node Type": "Nested Loop", "Parent Relationship": "Outer", "Join Type": "Inner", "Startup Cost": 4.51, "Total Cost": 2600.77, "Plan Rows": 2, "Plan Width": 17, "Actual Startup Time": 15.009, "Actual Total Time": 1039.002, "Actual Rows": 5228, "Actual Loops": 1, "Inner Unique": true, "Join Filter": "(mc.movie_id = t.id)", "Rows Removed by Join Filter": 0, "Plans": [{"Node Type": "Nested Loop", "Parent Relationship": "Outer", "Join Type": "Inner", "Startup Cost": 4.51, "Total Cost": 2600.13, "Plan Rows": 2, "Plan Width": 8, "Actual Startup Time": 14.993, "Actual Total Time": 1010.698, "Actual Rows": 5228, "Actual Loops": 1, "Inner Unique": true, "Plans": [{"Node Type": "Nested Loop", "Parent Relationship": "Outer", "Join Type": "Inner", "Startup Cost": 4.51, "Total Cost": 2579.99, "Plan Rows": 70, "Plan Width": 12, "Actual Startup Time": 11.933, "Actual Total Time": 388.31, "Actual Rows": 148552, "Actual Loops": 1, "Inner Unique": false, "Plans": [{"Node Type": "Nested Loop", "Parent Relationship": "Outer", "Join Type": "Inner", "Startup Cost": 4.51, "Total Cost": 2569.02, "Plan Rows": 33, "Plan Width": 4, "Actual Startup Time": 11.905, "Actual Total Time": 101.867, "Actual Rows": 41840, "Actual Loops": 1, "Inner Unique": false, "Plans": [{"Node Type": "Seq Scan", "Parent Relationship": "Outer", "Relation Name": "keyword", "Alias": "k", "Startup Cost": 0.0, "Total Cost": 2436.11, "Plan Rows": 1, "Plan Width": 4, "Actual Startup Time": 1.829, "Actual Total Time": 42.003, "Actual Rows": 1, "Actual Loops": 1, "Filter": "((keyword)::text = 'character-name-in-title'::text)", "Rows Removed by Filter": 134168}, {"Node Type": "Bitmap Heap Scan", "Parent Relationship": "Inner", "Relation Name": "movie_keyword", "Alias": "mk", "Startup Cost": 4.51, "Total Cost": 132.58, "Plan Rows": 33, "Plan Width": 8, "Actual Startup Time": 10.069, "Actual Total Time": 51.314, "Actual Rows": 41840, "Actual Loops": 1, "Recheck Cond": "(keyword_id = k.id)", "Rows Removed by Index Recheck": 0, "Exact Heap Blocks": 9702, "Lossy Heap Blocks": 9702, "Plans": [{"Node Type": "Bitmap Index Scan", "Parent Relationship": "Outer", "Index Name": "keyword_id_movie_keyword", "Startup Cost": 0.0, "Total Cost": 4.5, "Plan Rows": 33, "Plan Width": 0, "Actual Startup Time": 8.236, "Actual Total Time": 8.236, "Actual Rows": 41840, "Actual Loops": 1, "Index Cond": "(keyword_id = k.id)"}]}]}, {"Node Type": "Index Scan", "Parent Relationship": "Inner", "Scan Direction": "Forward", "Index Name": "movie_id_movie_companies", "Relation Name": "movie_companies", "Alias": "mc", "Startup Cost": 0.0, "Total Cost": 0.31, "Plan Rows": 2, "Plan Width": 8, "Actual Startup Time": 155.322, "Actual Total Time": 230.57, "Actual Rows": 148552, "Actual Loops": 41840, "Index Cond": "(movie_id = mk.movie_id)", "Rows Removed by Index Recheck": 0}]}, {"Node Type": "Index Scan", "Parent Relationship": "Inner", "Scan Direction": "Forward", "Index Name": "company_name_pkey", "Relation Name": "company_name", "Alias": "cn", "Startup Cost": 0.0, "Total Cost": 0.28, "Plan Rows": 1, "Plan Width": 4, "Actual Startup Time": 550.613, "Actual Total Time": 550.613, "Actual Rows": 5228, "Actual Loops": 148552, "Index Cond": "(id = mc.company_id)", "Rows Removed by Index Recheck": 0, "Filter": "((country_code)::text = '[nl]'::text)", "Rows Removed by Filter": 143324}]}, {"Node Type": "Index Scan", "Parent Relationship": "Inner", "Scan Direction": "Forward", "Index Name": "title_pkey", "Relation Name": "title", "Alias": "t", "Startup Cost": 0.0, "Total Cost": 0.31, "Plan Rows": 1, "Plan Width": 21, "Actual Startup Time": 22.709, "Actual Total Time": 22.709, "Actual Rows": 5228, "Actual Loops": 5228, "Index Cond": "(id = mk.movie_id)", "Rows Removed by Index Recheck": 0}]}]}, "Triggers": [], "Planner Runtime": 10.46, "Total Runtime": 1042.518, "Unique SQL Id": 2804875951}}, "(16, '65')": {"explain_plan": {"Plan": {"Node Type": "Aggregate", "Strategy": "Plain", "Startup Cost": 3347.38, "Total Cost": 3347.39, "Plan Rows": 1, "Plan Width": 49, "Plans": [{"Node Type": "Nested Loop", "Parent Relationship": "Outer", "Join Type": "Inner", "Startup Cost": 4.51, "Total Cost": 3347.38, "Plan Rows": 2, "Plan Width": 17, "Inner Unique": true, "Join Filter": "(mc.movie_id = t.id)", "Plans": [{"Node Type": "Nested Loop", "Parent Relationship": "Outer", "Join Type": "Inner", "Startup Cost": 4.51, "Total Cost": 3346.73, "Plan Rows": 2, "Plan Width": 8, "Inner Unique": true, "Plans": [{"Node Type": "Nested Loop", "Parent Relationship": "Outer", "Join Type": "Inner", "Startup Cost": 4.51, "Total Cost": 3326.6, "Plan Rows": 70, "Plan Width": 12, "Inner Unique": false, "Plans": [{"Node Type": "Nested Loop", "Parent Relationship": "Outer", "Join Type": "Inner", "Startup Cost": 4.51, "Total Cost": 3315.63, "Plan Rows": 33, "Plan Width": 4, "Inner Unique": false, "Plans": [{"Node Type": "Index Scan", "Parent Relationship": "Outer", "Scan Direction": "Forward", "Index Name": "keyword_pkey", "Relation Name": "keyword", "Alias": "k", "Startup Cost": 0.0, "Total Cost": 3182.72, "Plan Rows": 1, "Plan Width": 4, "Filter": "((keyword)::text = 'character-name-in-title'::text)"}, {"Node Type": "Bitmap Heap Scan", "Parent Relationship": "Inner", "Relation Name": "movie_keyword", "Alias": "mk", "Startup Cost": 4.51, "Total Cost": 132.58, "Plan Rows": 33, "Plan Width": 8, "Recheck Cond": "(keyword_id = k.id)", "Plans": [{"Node Type": "Bitmap Index Scan", "Parent Relationship": "Outer", "Index Name": "keyword_id_movie_keyword", "Startup Cost": 0.0, "Total Cost": 4.5, "Plan Rows": 33, "Plan Width": 0, "Index Cond": "(keyword_id = k.id)"}]}]}, {"Node Type": "Index Scan", "Parent Relationship": "Inner", "Scan Direction": "Forward", "Index Name": "movie_id_movie_companies", "Relation Name": "movie_companies", "Alias": "mc", "Startup Cost": 0.0, "Total Cost": 0.31, "Plan Rows": 2, "Plan Width": 8, "Index Cond": "(movie_id = mk.movie_id)"}]}, {"Node Type": "Index Scan", "Parent Relationship": "Inner", "Scan Direction": "Forward", "Index Name": "company_name_pkey", "Relation Name": "company_name", "Alias": "cn", "Startup Cost": 0.0, "Total Cost": 0.28, "Plan Rows": 1, "Plan Width": 4, "Index Cond": "(id = mc.company_id)", "Filter": "((country_code)::text = '[nl]'::text)"}]}, {"Node Type": "Index Scan", "Parent Relationship": "Inner", "Scan Direction": "Forward", "Index Name": "title_pkey", "Relation Name": "title", "Alias": "t", "Startup Cost": 0.0, "Total Cost": 0.31, "Plan Rows": 1, "Plan Width": 21, "Index Cond": "(id = mk.movie_id)"}]}]}, "Unique SQL Id": 2804875951, "Planner Runtime": 12}, "explain_analyze_plan": {"Plan": {"Node Type": "Aggregate", "Strategy": "Plain", "Startup Cost": 3347.38, "Total Cost": 3347.39, "Plan Rows": 1, "Plan Width": 49, "Actual Startup Time": 1183.532, "Actual Total Time": 1183.533, "Actual Rows": 1, "Actual Loops": 1, "Plans": [{"Node Type": "Nested Loop", "Parent Relationship": "Outer", "Join Type": "Inner", "Startup Cost": 4.51, "Total Cost": 3347.38, "Plan Rows": 2, "Plan Width": 17, "Actual Startup Time": 13.942, "Actual Total Time": 1180.637, "Actual Rows": 5228, "Actual Loops": 1, "Inner Unique": true, "Join Filter": "(mc.movie_id = t.id)", "Rows Removed by Join Filter": 0, "Plans": [{"Node Type": "Nested Loop", "Parent Relationship": "Outer", "Join Type": "Inner", "Startup Cost": 4.51, "Total Cost": 3346.73, "Plan Rows": 2, "Plan Width": 8, "Actual Startup Time": 13.922, "Actual Total Time": 1148.172, "Actual Rows": 5228, "Actual Loops": 1, "Inner Unique": true, "Plans": [{"Node Type": "Nested Loop", "Parent Relationship": "Outer", "Join Type": "Inner", "Startup Cost": 4.51, "Total Cost": 3326.6, "Plan Rows": 70, "Plan Width": 12, "Actual Startup Time": 10.495, "Actual Total Time": 511.238, "Actual Rows": 148552, "Actual Loops": 1, "Inner Unique": false, "Plans": [{"Node Type": "Nested Loop", "Parent Relationship": "Outer", "Join Type": "Inner", "Startup Cost": 4.51, "Total Cost": 3315.63, "Plan Rows": 33, "Plan Width": 4, "Actual Startup Time": 10.465, "Actual Total Time": 196.622, "Actual Rows": 41840, "Actual Loops": 1, "Inner Unique": false, "Plans": [{"Node Type": "Index Scan", "Parent Relationship": "Outer", "Scan Direction": "Forward", "Index Name": "keyword_pkey", "Relation Name": "keyword", "Alias": "k", "Startup Cost": 0.0, "Total Cost": 3182.72, "Plan Rows": 1, "Plan Width": 4, "Actual Startup Time": 0.292, "Actual Total Time": 125.899, "Actual Rows": 1, "Actual Loops": 1, "Filter": "((keyword)::text = 'character-name-in-title'::text)", "Rows Removed by Filter": 134168}, {"Node Type": "Bitmap Heap Scan", "Parent Relationship": "Inner", "Relation Name": "movie_keyword", "Alias": "mk", "Startup Cost": 4.51, "Total Cost": 132.58, "Plan Rows": 33, "Plan Width": 8, "Actual Startup Time": 10.166, "Actual Total Time": 61.96, "Actual Rows": 41840, "Actual Loops": 1, "Recheck Cond": "(keyword_id = k.id)", "Rows Removed by Index Recheck": 0, "Exact Heap Blocks": 9702, "Lossy Heap Blocks": 9702, "Plans": [{"Node Type": "Bitmap Index Scan", "Parent Relationship": "Outer", "Index Name": "keyword_id_movie_keyword", "Startup Cost": 0.0, "Total Cost": 4.5, "Plan Rows": 33, "Plan Width": 0, "Actual Startup Time": 8.352, "Actual Total Time": 8.352, "Actual Rows": 41840, "Actual Loops": 1, "Index Cond": "(keyword_id = k.id)"}]}]}, {"Node Type": "Index Scan", "Parent Relationship": "Inner", "Scan Direction": "Forward", "Index Name": "movie_id_movie_companies", "Relation Name": "movie_companies", "Alias": "mc", "Startup Cost": 0.0, "Total Cost": 0.31, "Plan Rows": 2, "Plan Width": 8, "Actual Startup Time": 176.45, "Actual Total Time": 259.319, "Actual Rows": 148552, "Actual Loops": 41840, "Index Cond": "(movie_id = mk.movie_id)", "Rows Removed by Index Recheck": 0}]}, {"Node Type": "Index Scan", "Parent Relationship": "Inner", "Scan Direction": "Forward", "Index Name": "company_name_pkey", "Relation Name": "company_name", "Alias": "cn", "Startup Cost": 0.0, "Total Cost": 0.28, "Plan Rows": 1, "Plan Width": 4, "Actual Startup Time": 563.789, "Actual Total Time": 563.789, "Actual Rows": 5228, "Actual Loops": 148552, "Index Cond": "(id = mc.company_id)", "Rows Removed by Index Recheck": 0, "Filter": "((country_code)::text = '[nl]'::text)", "Rows Removed by Filter": 143324}]}, {"Node Type": "Index Scan", "Parent Relationship": "Inner", "Scan Direction": "Forward", "Index Name": "title_pkey", "Relation Name": "title", "Alias": "t", "Startup Cost": 0.0, "Total Cost": 0.31, "Plan Rows": 1, "Plan Width": 21, "Actual Startup Time": 26.892, "Actual Total Time": 26.892, "Actual Rows": 5228, "Actual Loops": 5228, "Index Cond": "(id = mk.movie_id)", "Rows Removed by Index Recheck": 0}]}]}, "Triggers": [], "Planner Runtime": 11.909, "Total Runtime": 1183.878, "Unique SQL Id": 2804875951}}, "(16, '66')": {"explain_plan": {"Plan": {"Node Type": "Aggregate", "Strategy": "Plain", "Startup Cost": 3019.97, "Total Cost": 3019.98, "Plan Rows": 1, "Plan Width": 49, "Plans": [{"Node Type": "Nested Loop", "Parent Relationship": "Outer", "Join Type": "Inner", "Startup Cost": 5.3, "Total Cost": 3019.97, "Plan Rows": 2, "Plan Width": 17, "Inner Unique": true, "Join Filter": "(mc.movie_id = t.id)", "Plans": [{"Node Type": "Nested Loop", "Parent Relationship": "Outer", "Join Type": "Inner", "Startup Cost": 5.04, "Total Cost": 3011.39, "Plan Rows": 2, "Plan Width": 8, "Inner Unique": true, "Plans": [{"Node Type": "Nested Loop", "Parent Relationship": "Outer", "Join Type": "Inner", "Startup Cost": 4.78, "Total Cost": 2711.55, "Plan Rows": 70, "Plan Width": 12, "Inner Unique": false, "Plans": [{"Node Type": "Nested Loop", "Parent Relationship": "Outer", "Join Type": "Inner", "Startup Cost": 4.51, "Total Cost": 2569.02, "Plan Rows": 33, "Plan Width": 4, "Inner Unique": false, "Plans": [{"Node Type": "Seq Scan", "Parent Relationship": "Outer", "Relation Name": "keyword", "Alias": "k", "Startup Cost": 0.0, "Total Cost": 2436.11, "Plan Rows": 1, "Plan Width": 4, "Filter": "((keyword)::text = 'character-name-in-title'::text)"}, {"Node Type": "Bitmap Heap Scan", "Parent Relationship": "Inner", "Relation Name": "movie_keyword", "Alias": "mk", "Startup Cost": 4.51, "Total Cost": 132.58, "Plan Rows": 33, "Plan Width": 8, "Recheck Cond": "(keyword_id = k.id)", "Plans": [{"Node Type": "Bitmap Index Scan", "Parent Relationship": "Outer", "Index Name": "keyword_id_movie_keyword", "Startup Cost": 0.0, "Total Cost": 4.5, "Plan Rows": 33, "Plan Width": 0, "Index Cond": "(keyword_id = k.id)"}]}]}, {"Node Type": "Bitmap Heap Scan", "Parent Relationship": "Inner", "Relation Name": "movie_companies", "Alias": "mc", "Startup Cost": 0.27, "Total Cost": 4.3, "Plan Rows": 2, "Plan Width": 8, "Recheck Cond": "(movie_id = mk.movie_id)", "Plans": [{"Node Type": "Bitmap Index Scan", "Parent Relationship": "Outer", "Index Name": "movie_id_movie_companies", "Startup Cost": 0.0, "Total Cost": 0.27, "Plan Rows": 2, "Plan Width": 0, "Index Cond": "(movie_id = mk.movie_id)"}]}]}, {"Node Type": "Bitmap Heap Scan", "Parent Relationship": "Inner", "Relation Name": "company_name", "Alias": "cn", "Startup Cost": 0.26, "Total Cost": 4.27, "Plan Rows": 1, "Plan Width": 4, "Recheck Cond": "(id = mc.company_id)", "Filter": "((country_code)::text = '[nl]'::text)", "Plans": [{"Node Type": "Bitmap Index Scan", "Parent Relationship": "Outer", "Index Name": "company_name_pkey", "Startup Cost": 0.0, "Total Cost": 0.26, "Plan Rows": 1, "Plan Width": 0, "Index Cond": "(id = mc.company_id)"}]}]}, {"Node Type": "Bitmap Heap Scan", "Parent Relationship": "Inner", "Relation Name": "title", "Alias": "t", "Startup Cost": 0.27, "Total Cost": 4.28, "Plan Rows": 1, "Plan Width": 21, "Recheck Cond": "(id = mk.movie_id)", "Plans": [{"Node Type": "Bitmap Index Scan", "Parent Relationship": "Outer", "Index Name": "title_pkey", "Startup Cost": 0.0, "Total Cost": 0.27, "Plan Rows": 1, "Plan Width": 0, "Index Cond": "(id = mk.movie_id)"}]}]}]}, "Unique SQL Id": 2804875951, "Planner Runtime": 16}, "explain_analyze_plan": {"Plan": {"Node Type": "Aggregate", "Strategy": "Plain", "Startup Cost": 3019.97, "Total Cost": 3019.98, "Plan Rows": 1, "Plan Width": 49, "Actual Startup Time": 1407.614, "Actual Total Time": 1407.615, "Actual Rows": 1, "Actual Loops": 1, "Plans": [{"Node Type": "Nested Loop", "Parent Relationship": "Outer", "Join Type": "Inner", "Startup Cost": 5.3, "Total Cost": 3019.97, "Plan Rows": 2, "Plan Width": 17, "Actual Startup Time": 16.178, "Actual Total Time": 1403.151, "Actual Rows": 5228, "Actual Loops": 1, "Inner Unique": true, "Join Filter": "(mc.movie_id = t.id)", "Rows Removed by Join Filter": 0, "Plans": [{"Node Type": "Nested Loop", "Parent Relationship": "Outer", "Join Type": "Inner", "Startup Cost": 5.04, "Total Cost": 3011.39, "Plan Rows": 2, "Plan Width": 8, "Actual Startup Time": 16.158, "Actual Total Time": 1365.668, "Actual Rows": 5228, "Actual Loops": 1, "Inner Unique": true, "Plans": [{"Node Type": "Nested Loop", "Parent Relationship": "Outer", "Join Type": "Inner", "Startup Cost": 4.78, "Total Cost": 2711.55, "Plan Rows": 70, "Plan Width": 12, "Actual Startup Time": 11.838, "Actual Total Time": 496.315, "Actual Rows": 148552, "Actual Loops": 1, "Inner Unique": false, "Plans": [{"Node Type": "Nested Loop", "Parent Relationship": "Outer", "Join Type": "Inner", "Startup Cost": 4.51, "Total Cost": 2569.02, "Plan Rows": 33, "Plan Width": 4, "Actual Startup Time": 11.8, "Actual Total Time": 100.005, "Actual Rows": 41840, "Actual Loops": 1, "Inner Unique": false, "Plans": [{"Node Type": "Seq Scan", "Parent Relationship": "Outer", "Relation Name": "keyword", "Alias": "k", "Startup Cost": 0.0, "Total Cost": 2436.11, "Plan Rows": 1, "Plan Width": 4, "Actual Startup Time": 1.772, "Actual Total Time": 40.559, "Actual Rows": 1, "Actual Loops": 1, "Filter": "((keyword)::text = 'character-name-in-title'::text)", "Rows Removed by Filter": 134168}, {"Node Type": "Bitmap Heap Scan", "Parent Relationship": "Inner", "Relation Name": "movie_keyword", "Alias": "mk", "Startup Cost": 4.51, "Total Cost": 132.58, "Plan Rows": 33, "Plan Width": 8, "Actual Startup Time": 10.022, "Actual Total Time": 50.222, "Actual Rows": 41840, "Actual Loops": 1, "Recheck Cond": "(keyword_id = k.id)", "Rows Removed by Index Recheck": 0, "Exact Heap Blocks": 9702, "Lossy Heap Blocks": 9702, "Plans": [{"Node Type": "Bitmap Index Scan", "Parent Relationship": "Outer", "Index Name": "keyword_id_movie_keyword", "Startup Cost": 0.0, "Total Cost": 4.5, "Plan Rows": 33, "Plan Width": 0, "Actual Startup Time": 8.253, "Actual Total Time": 8.253, "Actual Rows": 41840, "Actual Loops": 1, "Index Cond": "(keyword_id = k.id)"}]}]}, {"Node Type": "Bitmap Heap Scan", "Parent Relationship": "Inner", "Relation Name": "movie_companies", "Alias": "mc", "Startup Cost": 0.27, "Total Cost": 4.3, "Plan Rows": 2, "Plan Width": 8, "Actual Startup Time": 253.295, "Actual Total Time": 310.868, "Actual Rows": 148552, "Actual Loops": 41840, "Recheck Cond": "(movie_id = mk.movie_id)", "Rows Removed by Index Recheck": 0, "Exact Heap Blocks": 62638, "Lossy Heap Blocks": 62638, "Plans": [{"Node Type": "Bitmap Index Scan", "Parent Relationship": "Outer", "Index Name": "movie_id_movie_companies", "Startup Cost": 0.0, "Total Cost": 0.27, "Plan Rows": 2, "Plan Width": 0, "Actual Startup Time": 156.576, "Actual Total Time": 156.576, "Actual Rows": 148552, "Actual Loops": 41840, "Index Cond": "(movie_id = mk.movie_id)"}]}]}, {"Node Type": "Bitmap Heap Scan", "Parent Relationship": "Inner", "Relation Name": "company_name", "Alias": "cn", "Startup Cost": 0.26, "Total Cost": 4.27, "Plan Rows": 1, "Plan Width": 4, "Actual Startup Time": 699.973, "Actual Total Time": 699.973, "Actual Rows": 5228, "Actual Loops": 148552, "Recheck Cond": "(id = mc.company_id)", "Rows Removed by Index Recheck": 0, "Filter": "((country_code)::text = '[nl]'::text)", "Rows Removed by Filter": 143324, "Exact Heap Blocks": 148552, "Lossy Heap Blocks": 148552, "Plans": [{"Node Type": "Bitmap Index Scan", "Parent Relationship": "Outer", "Index Name": "company_name_pkey", "Startup Cost": 0.0, "Total Cost": 0.26, "Plan Rows": 1, "Plan Width": 0, "Actual Startup Time": 386.659, "Actual Total Time": 386.659, "Actual Rows": 148552, "Actual Loops": 148552, "Index Cond": "(id = mc.company_id)"}]}]}, {"Node Type": "Bitmap Heap Scan", "Parent Relationship": "Inner", "Relation Name": "title", "Alias": "t", "Startup Cost": 0.27, "Total Cost": 4.28, "Plan Rows": 1, "Plan Width": 21, "Actual Startup Time": 28.495, "Actual Total Time": 28.495, "Actual Rows": 5228, "Actual Loops": 5228, "Recheck Cond": "(id = mk.movie_id)", "Rows Removed by Index Recheck": 0, "Exact Heap Blocks": 5228, "Lossy Heap Blocks": 5228, "Plans": [{"Node Type": "Bitmap Index Scan", "Parent Relationship": "Outer", "Index Name": "title_pkey", "Startup Cost": 0.0, "Total Cost": 0.27, "Plan Rows": 1, "Plan Width": 0, "Actual Startup Time": 17.109, "Actual Total Time": 17.109, "Actual Rows": 5228, "Actual Loops": 5228, "Index Cond": "(id = mk.movie_id)"}]}]}]}, "Triggers": [], "Planner Runtime": 15.864, "Total Runtime": 1408.006, "Unique SQL Id": 2804875951}}, "(16, '67')": {"explain_plan": {"Plan": {"Node Type": "Aggregate", "Strategy": "Plain", "Startup Cost": 3739.07, "Total Cost": 3739.08, "Plan Rows": 1, "Plan Width": 49, "Plans": [{"Node Type": "Nested Loop", "Parent Relationship": "Outer", "Join Type": "Inner", "Startup Cost": 724.4, "Total Cost": 3739.06, "Plan Rows": 2, "Plan Width": 17, "Inner Unique": true, "Join Filter": "(mc.movie_id = t.id)", "Plans": [{"Node Type": "Nested Loop", "Parent Relationship": "Outer", "Join Type": "Inner", "Startup Cost": 724.13, "Total Cost": 3730.48, "Plan Rows": 2, "Plan Width": 8, "Inner Unique": true, "Plans": [{"Node Type": "Nested Loop", "Parent Relationship": "Outer", "Join Type": "Inner", "Startup Cost": 723.87, "Total Cost": 3430.65, "Plan Rows": 70, "Plan Width": 12, "Inner Unique": false, "Plans": [{"Node Type": "Nested Loop", "Parent Relationship": "Outer", "Join Type": "Inner", "Startup Cost": 723.6, "Total Cost": 3288.12, "Plan Rows": 33, "Plan Width": 4, "Inner Unique": false, "Plans": [{"Node Type": "Bitmap Heap Scan", "Parent Relationship": "Outer", "Relation Name": "keyword", "Alias": "k", "Startup Cost": 719.1, "Total Cost": 3155.21, "Plan Rows": 1, "Plan Width": 4, "Filter": "((keyword)::text = 'character-name-in-title'::text)", "Plans": [{"Node Type": "Bitmap Index Scan", "Parent Relationship": "Outer", "Index Name": "keyword_pkey", "Startup Cost": 0.0, "Total Cost": 719.1, "Plan Rows": 134169, "Plan Width": 0}]}, {"Node Type": "Bitmap Heap Scan", "Parent Relationship": "Inner", "Relation Name": "movie_keyword", "Alias": "mk", "Startup Cost": 4.51, "Total Cost": 132.58, "Plan Rows": 33, "Plan Width": 8, "Recheck Cond": "(keyword_id = k.id)", "Plans": [{"Node Type": "Bitmap Index Scan", "Parent Relationship": "Outer", "Index Name": "keyword_id_movie_keyword", "Startup Cost": 0.0, "Total Cost": 4.5, "Plan Rows": 33, "Plan Width": 0, "Index Cond": "(keyword_id = k.id)"}]}]}, {"Node Type": "Bitmap Heap Scan", "Parent Relationship": "Inner", "Relation Name": "movie_companies", "Alias": "mc", "Startup Cost": 0.27, "Total Cost": 4.3, "Plan Rows": 2, "Plan Width": 8, "Recheck Cond": "(movie_id = mk.movie_id)", "Plans": [{"Node Type": "Bitmap Index Scan", "Parent Relationship": "Outer", "Index Name": "movie_id_movie_companies", "Startup Cost": 0.0, "Total Cost": 0.27, "Plan Rows": 2, "Plan Width": 0, "Index Cond": "(movie_id = mk.movie_id)"}]}]}, {"Node Type": "Bitmap Heap Scan", "Parent Relationship": "Inner", "Relation Name": "company_name", "Alias": "cn", "Startup Cost": 0.26, "Total Cost": 4.27, "Plan Rows": 1, "Plan Width": 4, "Recheck Cond": "(id = mc.company_id)", "Filter": "((country_code)::text = '[nl]'::text)", "Plans": [{"Node Type": "Bitmap Index Scan", "Parent Relationship": "Outer", "Index Name": "company_name_pkey", "Startup Cost": 0.0, "Total Cost": 0.26, "Plan Rows": 1, "Plan Width": 0, "Index Cond": "(id = mc.company_id)"}]}]}, {"Node Type": "Bitmap Heap Scan", "Parent Relationship": "Inner", "Relation Name": "title", "Alias": "t", "Startup Cost": 0.27, "Total Cost": 4.28, "Plan Rows": 1, "Plan Width": 21, "Recheck Cond": "(id = mk.movie_id)", "Plans": [{"Node Type": "Bitmap Index Scan", "Parent Relationship": "Outer", "Index Name": "title_pkey", "Startup Cost": 0.0, "Total Cost": 0.27, "Plan Rows": 1, "Plan Width": 0, "Index Cond": "(id = mk.movie_id)"}]}]}]}, "Unique SQL Id": 2804875951, "Planner Runtime": 8}, "explain_analyze_plan": {"Plan": {"Node Type": "Aggregate", "Strategy": "Plain", "Startup Cost": 3739.07, "Total Cost": 3739.08, "Plan Rows": 1, "Plan Width": 49, "Actual Startup Time": 1387.145, "Actual Total Time": 1387.146, "Actual Rows": 1, "Actual Loops": 1, "Plans": [{"Node Type": "Nested Loop", "Parent Relationship": "Outer", "Join Type": "Inner", "Startup Cost": 724.4, "Total Cost": 3739.06, "Plan Rows": 2, "Plan Width": 17, "Actual Startup Time": 25.648, "Actual Total Time": 1382.175, "Actual Rows": 5228, "Actual Loops": 1, "Inner Unique": true, "Join Filter": "(mc.movie_id = t.id)", "Rows Removed by Join Filter": 0, "Plans": [{"Node Type": "Nested Loop", "Parent Relationship": "Outer", "Join Type": "Inner", "Startup Cost": 724.13, "Total Cost": 3730.48, "Plan Rows": 2, "Plan Width": 8, "Actual Startup Time": 25.627, "Actual Total Time": 1347.061, "Actual Rows": 5228, "Actual Loops": 1, "Inner Unique": true, "Plans": [{"Node Type": "Nested Loop", "Parent Relationship": "Outer", "Join Type": "Inner", "Startup Cost": 723.87, "Total Cost": 3430.65, "Plan Rows": 70, "Plan Width": 12, "Actual Startup Time": 21.56, "Actual Total Time": 492.049, "Actual Rows": 148552, "Actual Loops": 1, "Inner Unique": false, "Plans": [{"Node Type": "Nested Loop", "Parent Relationship": "Outer", "Join Type": "Inner", "Startup Cost": 723.6, "Total Cost": 3288.12, "Plan Rows": 33, "Plan Width": 4, "Actual Startup Time": 21.524, "Actual Total Time": 111.574, "Actual Rows": 41840, "Actual Loops": 1, "Inner Unique": false, "Plans": [{"Node Type": "Bitmap Heap Scan", "Parent Relationship": "Outer", "Relation Name": "keyword", "Alias": "k", "Startup Cost": 719.1, "Total Cost": 3155.21, "Plan Rows": 1, "Plan Width": 4, "Actual Startup Time": 13.5, "Actual Total Time": 60.831, "Actual Rows": 1, "Actual Loops": 1, "Filter": "((keyword)::text = 'character-name-in-title'::text)", "Rows Removed by Filter": 134168, "Exact Heap Blocks": 759, "Lossy Heap Blocks": 759, "Plans": [{"Node Type": "Bitmap Index Scan", "Parent Relationship": "Outer", "Index Name": "keyword_pkey", "Startup Cost": 0.0, "Total Cost": 719.1, "Plan Rows": 134169, "Plan Width": 0, "Actual Startup Time": 11.196, "Actual Total Time": 11.196, "Actual Rows": 134169, "Actual Loops": 1}]}, {"Node Type": "Bitmap Heap Scan", "Parent Relationship": "Inner", "Relation Name": "movie_keyword", "Alias": "mk", "Startup Cost": 4.51, "Total Cost": 132.58, "Plan Rows": 33, "Plan Width": 8, "Actual Startup Time": 8.013, "Actual Total Time": 41.471, "Actual Rows": 41840, "Actual Loops": 1, "Recheck Cond": "(keyword_id = k.id)", "Rows Removed by Index Recheck": 0, "Exact Heap Blocks": 9702, "Lossy Heap Blocks": 9702, "Plans": [{"Node Type": "Bitmap Index Scan", "Parent Relationship": "Outer", "Index Name": "keyword_id_movie_keyword", "Startup Cost": 0.0, "Total Cost": 4.5, "Plan Rows": 33, "Plan Width": 0, "Actual Startup Time": 6.272, "Actual Total Time": 6.272, "Actual Rows": 41840, "Actual Loops": 1, "Index Cond": "(keyword_id = k.id)"}]}]}, {"Node Type": "Bitmap Heap Scan", "Parent Relationship": "Inner", "Relation Name": "movie_companies", "Alias": "mc", "Startup Cost": 0.27, "Total Cost": 4.3, "Plan Rows": 2, "Plan Width": 8, "Actual Startup Time": 240.891, "Actual Total Time": 294.516, "Actual Rows": 148552, "Actual Loops": 41840, "Recheck Cond": "(movie_id = mk.movie_id)", "Rows Removed by Index Recheck": 0, "Exact Heap Blocks": 62638, "Lossy Heap Blocks": 62638, "Plans": [{"Node Type": "Bitmap Index Scan", "Parent Relationship": "Outer", "Index Name": "movie_id_movie_companies", "Startup Cost": 0.0, "Total Cost": 0.27, "Plan Rows": 2, "Plan Width": 0, "Actual Startup Time": 150.419, "Actual Total Time": 150.419, "Actual Rows": 148552, "Actual Loops": 41840, "Index Cond": "(movie_id = mk.movie_id)"}]}]}, {"Node Type": "Bitmap Heap Scan", "Parent Relationship": "Inner", "Relation Name": "company_name", "Alias": "cn", "Startup Cost": 0.26, "Total Cost": 4.27, "Plan Rows": 1, "Plan Width": 4, "Actual Startup Time": 685.084, "Actual Total Time": 685.084, "Actual Rows": 5228, "Actual Loops": 148552, "Recheck Cond": "(id = mc.company_id)", "Rows Removed by Index Recheck": 0, "Filter": "((country_code)::text = '[nl]'::text)", "Rows Removed by Filter": 143324, "Exact Heap Blocks": 148552, "Lossy Heap Blocks": 148552, "Plans": [{"Node Type": "Bitmap Index Scan", "Parent Relationship": "Outer", "Index Name": "company_name_pkey", "Startup Cost": 0.0, "Total Cost": 0.26, "Plan Rows": 1, "Plan Width": 0, "Actual Startup Time": 382.826, "Actual Total Time": 382.826, "Actual Rows": 148552, "Actual Loops": 148552, "Index Cond": "(id = mc.company_id)"}]}]}, {"Node Type": "Bitmap Heap Scan", "Parent Relationship": "Inner", "Relation Name": "title", "Alias": "t", "Startup Cost": 0.27, "Total Cost": 4.28, "Plan Rows": 1, "Plan Width": 21, "Actual Startup Time": 25.907, "Actual Total Time": 25.907, "Actual Rows": 5228, "Actual Loops": 5228, "Recheck Cond": "(id = mk.movie_id)", "Rows Removed by Index Recheck": 0, "Exact Heap Blocks": 5228, "Lossy Heap Blocks": 5228, "Plans": [{"Node Type": "Bitmap Index Scan", "Parent Relationship": "Outer", "Index Name": "title_pkey", "Startup Cost": 0.0, "Total Cost": 0.27, "Plan Rows": 1, "Plan Width": 0, "Actual Startup Time": 16.062, "Actual Total Time": 16.062, "Actual Rows": 5228, "Actual Loops": 5228, "Index Cond": "(id = mk.movie_id)"}]}]}]}, "Triggers": [], "Planner Runtime": 8.607, "Total Runtime": 1387.489, "Unique SQL Id": 2804875951}}, "(16, '68')": {"explain_plan": {"Plan": {"Node Type": "Aggregate", "Strategy": "Plain", "Startup Cost": 2600.78, "Total Cost": 2600.79, "Plan Rows": 1, "Plan Width": 49, "Plans": [{"Node Type": "Nested Loop", "Parent Relationship": "Outer", "Join Type": "Inner", "Startup Cost": 4.51, "Total Cost": 2600.77, "Plan Rows": 2, "Plan Width": 17, "Inner Unique": true, "Join Filter": "(mc.movie_id = t.id)", "Plans": [{"Node Type": "Nested Loop", "Parent Relationship": "Outer", "Join Type": "Inner", "Startup Cost": 4.51, "Total Cost": 2600.13, "Plan Rows": 2, "Plan Width": 8, "Inner Unique": true, "Plans": [{"Node Type": "Nested Loop", "Parent Relationship": "Outer", "Join Type": "Inner", "Startup Cost": 4.51, "Total Cost": 2579.99, "Plan Rows": 70, "Plan Width": 12, "Inner Unique": false, "Plans": [{"Node Type": "Nested Loop", "Parent Relationship": "Outer", "Join Type": "Inner", "Startup Cost": 4.51, "Total Cost": 2569.02, "Plan Rows": 33, "Plan Width": 4, "Inner Unique": false, "Plans": [{"Node Type": "Seq Scan", "Parent Relationship": "Outer", "Relation Name": "keyword", "Alias": "k", "Startup Cost": 0.0, "Total Cost": 2436.11, "Plan Rows": 1, "Plan Width": 4, "Filter": "((keyword)::text = 'character-name-in-title'::text)"}, {"Node Type": "Bitmap Heap Scan", "Parent Relationship": "Inner", "Relation Name": "movie_keyword", "Alias": "mk", "Startup Cost": 4.51, "Total Cost": 132.58, "Plan Rows": 33, "Plan Width": 8, "Recheck Cond": "(keyword_id = k.id)", "Plans": [{"Node Type": "Bitmap Index Scan", "Parent Relationship": "Outer", "Index Name": "keyword_id_movie_keyword", "Startup Cost": 0.0, "Total Cost": 4.5, "Plan Rows": 33, "Plan Width": 0, "Index Cond": "(keyword_id = k.id)"}]}]}, {"Node Type": "Index Scan", "Parent Relationship": "Inner", "Scan Direction": "Forward", "Index Name": "movie_id_movie_companies", "Relation Name": "movie_companies", "Alias": "mc", "Startup Cost": 0.0, "Total Cost": 0.31, "Plan Rows": 2, "Plan Width": 8, "Index Cond": "(movie_id = mk.movie_id)"}]}, {"Node Type": "Index Scan", "Parent Relationship": "Inner", "Scan Direction": "Forward", "Index Name": "company_name_pkey", "Relation Name": "company_name", "Alias": "cn", "Startup Cost": 0.0, "Total Cost": 0.28, "Plan Rows": 1, "Plan Width": 4, "Index Cond": "(id = mc.company_id)", "Filter": "((country_code)::text = '[nl]'::text)"}]}, {"Node Type": "Index Scan", "Parent Relationship": "Inner", "Scan Direction": "Forward", "Index Name": "title_pkey", "Relation Name": "title", "Alias": "t", "Startup Cost": 0.0, "Total Cost": 0.31, "Plan Rows": 1, "Plan Width": 21, "Index Cond": "(id = mk.movie_id)"}]}]}, "Unique SQL Id": 2804875951, "Planner Runtime": 10}, "explain_analyze_plan": {"Plan": {"Node Type": "Aggregate", "Strategy": "Plain", "Startup Cost": 2600.78, "Total Cost": 2600.79, "Plan Rows": 1, "Plan Width": 49, "Actual Startup Time": 1042.053, "Actual Total Time": 1042.053, "Actual Rows": 1, "Actual Loops": 1, "Plans": [{"Node Type": "Nested Loop", "Parent Relationship": "Outer", "Join Type": "Inner", "Startup Cost": 4.51, "Total Cost": 2600.77, "Plan Rows": 2, "Plan Width": 17, "Actual Startup Time": 15.009, "Actual Total Time": 1039.002, "Actual Rows": 5228, "Actual Loops": 1, "Inner Unique": true, "Join Filter": "(mc.movie_id = t.id)", "Rows Removed by Join Filter": 0, "Plans": [{"Node Type": "Nested Loop", "Parent Relationship": "Outer", "Join Type": "Inner", "Startup Cost": 4.51, "Total Cost": 2600.13, "Plan Rows": 2, "Plan Width": 8, "Actual Startup Time": 14.993, "Actual Total Time": 1010.698, "Actual Rows": 5228, "Actual Loops": 1, "Inner Unique": true, "Plans": [{"Node Type": "Nested Loop", "Parent Relationship": "Outer", "Join Type": "Inner", "Startup Cost": 4.51, "Total Cost": 2579.99, "Plan Rows": 70, "Plan Width": 12, "Actual Startup Time": 11.933, "Actual Total Time": 388.31, "Actual Rows": 148552, "Actual Loops": 1, "Inner Unique": false, "Plans": [{"Node Type": "Nested Loop", "Parent Relationship": "Outer", "Join Type": "Inner", "Startup Cost": 4.51, "Total Cost": 2569.02, "Plan Rows": 33, "Plan Width": 4, "Actual Startup Time": 11.905, "Actual Total Time": 101.867, "Actual Rows": 41840, "Actual Loops": 1, "Inner Unique": false, "Plans": [{"Node Type": "Seq Scan", "Parent Relationship": "Outer", "Relation Name": "keyword", "Alias": "k", "Startup Cost": 0.0, "Total Cost": 2436.11, "Plan Rows": 1, "Plan Width": 4, "Actual Startup Time": 1.829, "Actual Total Time": 42.003, "Actual Rows": 1, "Actual Loops": 1, "Filter": "((keyword)::text = 'character-name-in-title'::text)", "Rows Removed by Filter": 134168}, {"Node Type": "Bitmap Heap Scan", "Parent Relationship": "Inner", "Relation Name": "movie_keyword", "Alias": "mk", "Startup Cost": 4.51, "Total Cost": 132.58, "Plan Rows": 33, "Plan Width": 8, "Actual Startup Time": 10.069, "Actual Total Time": 51.314, "Actual Rows": 41840, "Actual Loops": 1, "Recheck Cond": "(keyword_id = k.id)", "Rows Removed by Index Recheck": 0, "Exact Heap Blocks": 9702, "Lossy Heap Blocks": 9702, "Plans": [{"Node Type": "Bitmap Index Scan", "Parent Relationship": "Outer", "Index Name": "keyword_id_movie_keyword", "Startup Cost": 0.0, "Total Cost": 4.5, "Plan Rows": 33, "Plan Width": 0, "Actual Startup Time": 8.236, "Actual Total Time": 8.236, "Actual Rows": 41840, "Actual Loops": 1, "Index Cond": "(keyword_id = k.id)"}]}]}, {"Node Type": "Index Scan", "Parent Relationship": "Inner", "Scan Direction": "Forward", "Index Name": "movie_id_movie_companies", "Relation Name": "movie_companies", "Alias": "mc", "Startup Cost": 0.0, "Total Cost": 0.31, "Plan Rows": 2, "Plan Width": 8, "Actual Startup Time": 155.322, "Actual Total Time": 230.57, "Actual Rows": 148552, "Actual Loops": 41840, "Index Cond": "(movie_id = mk.movie_id)", "Rows Removed by Index Recheck": 0}]}, {"Node Type": "Index Scan", "Parent Relationship": "Inner", "Scan Direction": "Forward", "Index Name": "company_name_pkey", "Relation Name": "company_name", "Alias": "cn", "Startup Cost": 0.0, "Total Cost": 0.28, "Plan Rows": 1, "Plan Width": 4, "Actual Startup Time": 550.613, "Actual Total Time": 550.613, "Actual Rows": 5228, "Actual Loops": 148552, "Index Cond": "(id = mc.company_id)", "Rows Removed by Index Recheck": 0, "Filter": "((country_code)::text = '[nl]'::text)", "Rows Removed by Filter": 143324}]}, {"Node Type": "Index Scan", "Parent Relationship": "Inner", "Scan Direction": "Forward", "Index Name": "title_pkey", "Relation Name": "title", "Alias": "t", "Startup Cost": 0.0, "Total Cost": 0.31, "Plan Rows": 1, "Plan Width": 21, "Actual Startup Time": 22.709, "Actual Total Time": 22.709, "Actual Rows": 5228, "Actual Loops": 5228, "Index Cond": "(id = mk.movie_id)", "Rows Removed by Index Recheck": 0}]}]}, "Triggers": [], "Planner Runtime": 10.46, "Total Runtime": 1042.518, "Unique SQL Id": 2804875951}}, "(16, '69')": {"explain_plan": {"Plan": {"Node Type": "Aggregate", "Strategy": "Plain", "Startup Cost": 3347.38, "Total Cost": 3347.39, "Plan Rows": 1, "Plan Width": 49, "Plans": [{"Node Type": "Nested Loop", "Parent Relationship": "Outer", "Join Type": "Inner", "Startup Cost": 4.51, "Total Cost": 3347.38, "Plan Rows": 2, "Plan Width": 17, "Inner Unique": true, "Join Filter": "(mc.movie_id = t.id)", "Plans": [{"Node Type": "Nested Loop", "Parent Relationship": "Outer", "Join Type": "Inner", "Startup Cost": 4.51, "Total Cost": 3346.73, "Plan Rows": 2, "Plan Width": 8, "Inner Unique": true, "Plans": [{"Node Type": "Nested Loop", "Parent Relationship": "Outer", "Join Type": "Inner", "Startup Cost": 4.51, "Total Cost": 3326.6, "Plan Rows": 70, "Plan Width": 12, "Inner Unique": false, "Plans": [{"Node Type": "Nested Loop", "Parent Relationship": "Outer", "Join Type": "Inner", "Startup Cost": 4.51, "Total Cost": 3315.63, "Plan Rows": 33, "Plan Width": 4, "Inner Unique": false, "Plans": [{"Node Type": "Index Scan", "Parent Relationship": "Outer", "Scan Direction": "Forward", "Index Name": "keyword_pkey", "Relation Name": "keyword", "Alias": "k", "Startup Cost": 0.0, "Total Cost": 3182.72, "Plan Rows": 1, "Plan Width": 4, "Filter": "((keyword)::text = 'character-name-in-title'::text)"}, {"Node Type": "Bitmap Heap Scan", "Parent Relationship": "Inner", "Relation Name": "movie_keyword", "Alias": "mk", "Startup Cost": 4.51, "Total Cost": 132.58, "Plan Rows": 33, "Plan Width": 8, "Recheck Cond": "(keyword_id = k.id)", "Plans": [{"Node Type": "Bitmap Index Scan", "Parent Relationship": "Outer", "Index Name": "keyword_id_movie_keyword", "Startup Cost": 0.0, "Total Cost": 4.5, "Plan Rows": 33, "Plan Width": 0, "Index Cond": "(keyword_id = k.id)"}]}]}, {"Node Type": "Index Scan", "Parent Relationship": "Inner", "Scan Direction": "Forward", "Index Name": "movie_id_movie_companies", "Relation Name": "movie_companies", "Alias": "mc", "Startup Cost": 0.0, "Total Cost": 0.31, "Plan Rows": 2, "Plan Width": 8, "Index Cond": "(movie_id = mk.movie_id)"}]}, {"Node Type": "Index Scan", "Parent Relationship": "Inner", "Scan Direction": "Forward", "Index Name": "company_name_pkey", "Relation Name": "company_name", "Alias": "cn", "Startup Cost": 0.0, "Total Cost": 0.28, "Plan Rows": 1, "Plan Width": 4, "Index Cond": "(id = mc.company_id)", "Filter": "((country_code)::text = '[nl]'::text)"}]}, {"Node Type": "Index Scan", "Parent Relationship": "Inner", "Scan Direction": "Forward", "Index Name": "title_pkey", "Relation Name": "title", "Alias": "t", "Startup Cost": 0.0, "Total Cost": 0.31, "Plan Rows": 1, "Plan Width": 21, "Index Cond": "(id = mk.movie_id)"}]}]}, "Unique SQL Id": 2804875951, "Planner Runtime": 12}, "explain_analyze_plan": {"Plan": {"Node Type": "Aggregate", "Strategy": "Plain", "Startup Cost": 3347.38, "Total Cost": 3347.39, "Plan Rows": 1, "Plan Width": 49, "Actual Startup Time": 1183.532, "Actual Total Time": 1183.533, "Actual Rows": 1, "Actual Loops": 1, "Plans": [{"Node Type": "Nested Loop", "Parent Relationship": "Outer", "Join Type": "Inner", "Startup Cost": 4.51, "Total Cost": 3347.38, "Plan Rows": 2, "Plan Width": 17, "Actual Startup Time": 13.942, "Actual Total Time": 1180.637, "Actual Rows": 5228, "Actual Loops": 1, "Inner Unique": true, "Join Filter": "(mc.movie_id = t.id)", "Rows Removed by Join Filter": 0, "Plans": [{"Node Type": "Nested Loop", "Parent Relationship": "Outer", "Join Type": "Inner", "Startup Cost": 4.51, "Total Cost": 3346.73, "Plan Rows": 2, "Plan Width": 8, "Actual Startup Time": 13.922, "Actual Total Time": 1148.172, "Actual Rows": 5228, "Actual Loops": 1, "Inner Unique": true, "Plans": [{"Node Type": "Nested Loop", "Parent Relationship": "Outer", "Join Type": "Inner", "Startup Cost": 4.51, "Total Cost": 3326.6, "Plan Rows": 70, "Plan Width": 12, "Actual Startup Time": 10.495, "Actual Total Time": 511.238, "Actual Rows": 148552, "Actual Loops": 1, "Inner Unique": false, "Plans": [{"Node Type": "Nested Loop", "Parent Relationship": "Outer", "Join Type": "Inner", "Startup Cost": 4.51, "Total Cost": 3315.63, "Plan Rows": 33, "Plan Width": 4, "Actual Startup Time": 10.465, "Actual Total Time": 196.622, "Actual Rows": 41840, "Actual Loops": 1, "Inner Unique": false, "Plans": [{"Node Type": "Index Scan", "Parent Relationship": "Outer", "Scan Direction": "Forward", "Index Name": "keyword_pkey", "Relation Name": "keyword", "Alias": "k", "Startup Cost": 0.0, "Total Cost": 3182.72, "Plan Rows": 1, "Plan Width": 4, "Actual Startup Time": 0.292, "Actual Total Time": 125.899, "Actual Rows": 1, "Actual Loops": 1, "Filter": "((keyword)::text = 'character-name-in-title'::text)", "Rows Removed by Filter": 134168}, {"Node Type": "Bitmap Heap Scan", "Parent Relationship": "Inner", "Relation Name": "movie_keyword", "Alias": "mk", "Startup Cost": 4.51, "Total Cost": 132.58, "Plan Rows": 33, "Plan Width": 8, "Actual Startup Time": 10.166, "Actual Total Time": 61.96, "Actual Rows": 41840, "Actual Loops": 1, "Recheck Cond": "(keyword_id = k.id)", "Rows Removed by Index Recheck": 0, "Exact Heap Blocks": 9702, "Lossy Heap Blocks": 9702, "Plans": [{"Node Type": "Bitmap Index Scan", "Parent Relationship": "Outer", "Index Name": "keyword_id_movie_keyword", "Startup Cost": 0.0, "Total Cost": 4.5, "Plan Rows": 33, "Plan Width": 0, "Actual Startup Time": 8.352, "Actual Total Time": 8.352, "Actual Rows": 41840, "Actual Loops": 1, "Index Cond": "(keyword_id = k.id)"}]}]}, {"Node Type": "Index Scan", "Parent Relationship": "Inner", "Scan Direction": "Forward", "Index Name": "movie_id_movie_companies", "Relation Name": "movie_companies", "Alias": "mc", "Startup Cost": 0.0, "Total Cost": 0.31, "Plan Rows": 2, "Plan Width": 8, "Actual Startup Time": 176.45, "Actual Total Time": 259.319, "Actual Rows": 148552, "Actual Loops": 41840, "Index Cond": "(movie_id = mk.movie_id)", "Rows Removed by Index Recheck": 0}]}, {"Node Type": "Index Scan", "Parent Relationship": "Inner", "Scan Direction": "Forward", "Index Name": "company_name_pkey", "Relation Name": "company_name", "Alias": "cn", "Startup Cost": 0.0, "Total Cost": 0.28, "Plan Rows": 1, "Plan Width": 4, "Actual Startup Time": 563.789, "Actual Total Time": 563.789, "Actual Rows": 5228, "Actual Loops": 148552, "Index Cond": "(id = mc.company_id)", "Rows Removed by Index Recheck": 0, "Filter": "((country_code)::text = '[nl]'::text)", "Rows Removed by Filter": 143324}]}, {"Node Type": "Index Scan", "Parent Relationship": "Inner", "Scan Direction": "Forward", "Index Name": "title_pkey", "Relation Name": "title", "Alias": "t", "Startup Cost": 0.0, "Total Cost": 0.31, "Plan Rows": 1, "Plan Width": 21, "Actual Startup Time": 26.892, "Actual Total Time": 26.892, "Actual Rows": 5228, "Actual Loops": 5228, "Index Cond": "(id = mk.movie_id)", "Rows Removed by Index Recheck": 0}]}]}, "Triggers": [], "Planner Runtime": 11.909, "Total Runtime": 1183.878, "Unique SQL Id": 2804875951}}, "(16, '70')": {"explain_plan": {"Plan": {"Node Type": "Aggregate", "Strategy": "Plain", "Startup Cost": 3019.97, "Total Cost": 3019.98, "Plan Rows": 1, "Plan Width": 49, "Plans": [{"Node Type": "Nested Loop", "Parent Relationship": "Outer", "Join Type": "Inner", "Startup Cost": 5.3, "Total Cost": 3019.97, "Plan Rows": 2, "Plan Width": 17, "Inner Unique": true, "Join Filter": "(mc.movie_id = t.id)", "Plans": [{"Node Type": "Nested Loop", "Parent Relationship": "Outer", "Join Type": "Inner", "Startup Cost": 5.04, "Total Cost": 3011.39, "Plan Rows": 2, "Plan Width": 8, "Inner Unique": true, "Plans": [{"Node Type": "Nested Loop", "Parent Relationship": "Outer", "Join Type": "Inner", "Startup Cost": 4.78, "Total Cost": 2711.55, "Plan Rows": 70, "Plan Width": 12, "Inner Unique": false, "Plans": [{"Node Type": "Nested Loop", "Parent Relationship": "Outer", "Join Type": "Inner", "Startup Cost": 4.51, "Total Cost": 2569.02, "Plan Rows": 33, "Plan Width": 4, "Inner Unique": false, "Plans": [{"Node Type": "Seq Scan", "Parent Relationship": "Outer", "Relation Name": "keyword", "Alias": "k", "Startup Cost": 0.0, "Total Cost": 2436.11, "Plan Rows": 1, "Plan Width": 4, "Filter": "((keyword)::text = 'character-name-in-title'::text)"}, {"Node Type": "Bitmap Heap Scan", "Parent Relationship": "Inner", "Relation Name": "movie_keyword", "Alias": "mk", "Startup Cost": 4.51, "Total Cost": 132.58, "Plan Rows": 33, "Plan Width": 8, "Recheck Cond": "(keyword_id = k.id)", "Plans": [{"Node Type": "Bitmap Index Scan", "Parent Relationship": "Outer", "Index Name": "keyword_id_movie_keyword", "Startup Cost": 0.0, "Total Cost": 4.5, "Plan Rows": 33, "Plan Width": 0, "Index Cond": "(keyword_id = k.id)"}]}]}, {"Node Type": "Bitmap Heap Scan", "Parent Relationship": "Inner", "Relation Name": "movie_companies", "Alias": "mc", "Startup Cost": 0.27, "Total Cost": 4.3, "Plan Rows": 2, "Plan Width": 8, "Recheck Cond": "(movie_id = mk.movie_id)", "Plans": [{"Node Type": "Bitmap Index Scan", "Parent Relationship": "Outer", "Index Name": "movie_id_movie_companies", "Startup Cost": 0.0, "Total Cost": 0.27, "Plan Rows": 2, "Plan Width": 0, "Index Cond": "(movie_id = mk.movie_id)"}]}]}, {"Node Type": "Bitmap Heap Scan", "Parent Relationship": "Inner", "Relation Name": "company_name", "Alias": "cn", "Startup Cost": 0.26, "Total Cost": 4.27, "Plan Rows": 1, "Plan Width": 4, "Recheck Cond": "(id = mc.company_id)", "Filter": "((country_code)::text = '[nl]'::text)", "Plans": [{"Node Type": "Bitmap Index Scan", "Parent Relationship": "Outer", "Index Name": "company_name_pkey", "Startup Cost": 0.0, "Total Cost": 0.26, "Plan Rows": 1, "Plan Width": 0, "Index Cond": "(id = mc.company_id)"}]}]}, {"Node Type": "Bitmap Heap Scan", "Parent Relationship": "Inner", "Relation Name": "title", "Alias": "t", "Startup Cost": 0.27, "Total Cost": 4.28, "Plan Rows": 1, "Plan Width": 21, "Recheck Cond": "(id = mk.movie_id)", "Plans": [{"Node Type": "Bitmap Index Scan", "Parent Relationship": "Outer", "Index Name": "title_pkey", "Startup Cost": 0.0, "Total Cost": 0.27, "Plan Rows": 1, "Plan Width": 0, "Index Cond": "(id = mk.movie_id)"}]}]}]}, "Unique SQL Id": 2804875951, "Planner Runtime": 16}, "explain_analyze_plan": {"Plan": {"Node Type": "Aggregate", "Strategy": "Plain", "Startup Cost": 3019.97, "Total Cost": 3019.98, "Plan Rows": 1, "Plan Width": 49, "Actual Startup Time": 1407.614, "Actual Total Time": 1407.615, "Actual Rows": 1, "Actual Loops": 1, "Plans": [{"Node Type": "Nested Loop", "Parent Relationship": "Outer", "Join Type": "Inner", "Startup Cost": 5.3, "Total Cost": 3019.97, "Plan Rows": 2, "Plan Width": 17, "Actual Startup Time": 16.178, "Actual Total Time": 1403.151, "Actual Rows": 5228, "Actual Loops": 1, "Inner Unique": true, "Join Filter": "(mc.movie_id = t.id)", "Rows Removed by Join Filter": 0, "Plans": [{"Node Type": "Nested Loop", "Parent Relationship": "Outer", "Join Type": "Inner", "Startup Cost": 5.04, "Total Cost": 3011.39, "Plan Rows": 2, "Plan Width": 8, "Actual Startup Time": 16.158, "Actual Total Time": 1365.668, "Actual Rows": 5228, "Actual Loops": 1, "Inner Unique": true, "Plans": [{"Node Type": "Nested Loop", "Parent Relationship": "Outer", "Join Type": "Inner", "Startup Cost": 4.78, "Total Cost": 2711.55, "Plan Rows": 70, "Plan Width": 12, "Actual Startup Time": 11.838, "Actual Total Time": 496.315, "Actual Rows": 148552, "Actual Loops": 1, "Inner Unique": false, "Plans": [{"Node Type": "Nested Loop", "Parent Relationship": "Outer", "Join Type": "Inner", "Startup Cost": 4.51, "Total Cost": 2569.02, "Plan Rows": 33, "Plan Width": 4, "Actual Startup Time": 11.8, "Actual Total Time": 100.005, "Actual Rows": 41840, "Actual Loops": 1, "Inner Unique": false, "Plans": [{"Node Type": "Seq Scan", "Parent Relationship": "Outer", "Relation Name": "keyword", "Alias": "k", "Startup Cost": 0.0, "Total Cost": 2436.11, "Plan Rows": 1, "Plan Width": 4, "Actual Startup Time": 1.772, "Actual Total Time": 40.559, "Actual Rows": 1, "Actual Loops": 1, "Filter": "((keyword)::text = 'character-name-in-title'::text)", "Rows Removed by Filter": 134168}, {"Node Type": "Bitmap Heap Scan", "Parent Relationship": "Inner", "Relation Name": "movie_keyword", "Alias": "mk", "Startup Cost": 4.51, "Total Cost": 132.58, "Plan Rows": 33, "Plan Width": 8, "Actual Startup Time": 10.022, "Actual Total Time": 50.222, "Actual Rows": 41840, "Actual Loops": 1, "Recheck Cond": "(keyword_id = k.id)", "Rows Removed by Index Recheck": 0, "Exact Heap Blocks": 9702, "Lossy Heap Blocks": 9702, "Plans": [{"Node Type": "Bitmap Index Scan", "Parent Relationship": "Outer", "Index Name": "keyword_id_movie_keyword", "Startup Cost": 0.0, "Total Cost": 4.5, "Plan Rows": 33, "Plan Width": 0, "Actual Startup Time": 8.253, "Actual Total Time": 8.253, "Actual Rows": 41840, "Actual Loops": 1, "Index Cond": "(keyword_id = k.id)"}]}]}, {"Node Type": "Bitmap Heap Scan", "Parent Relationship": "Inner", "Relation Name": "movie_companies", "Alias": "mc", "Startup Cost": 0.27, "Total Cost": 4.3, "Plan Rows": 2, "Plan Width": 8, "Actual Startup Time": 253.295, "Actual Total Time": 310.868, "Actual Rows": 148552, "Actual Loops": 41840, "Recheck Cond": "(movie_id = mk.movie_id)", "Rows Removed by Index Recheck": 0, "Exact Heap Blocks": 62638, "Lossy Heap Blocks": 62638, "Plans": [{"Node Type": "Bitmap Index Scan", "Parent Relationship": "Outer", "Index Name": "movie_id_movie_companies", "Startup Cost": 0.0, "Total Cost": 0.27, "Plan Rows": 2, "Plan Width": 0, "Actual Startup Time": 156.576, "Actual Total Time": 156.576, "Actual Rows": 148552, "Actual Loops": 41840, "Index Cond": "(movie_id = mk.movie_id)"}]}]}, {"Node Type": "Bitmap Heap Scan", "Parent Relationship": "Inner", "Relation Name": "company_name", "Alias": "cn", "Startup Cost": 0.26, "Total Cost": 4.27, "Plan Rows": 1, "Plan Width": 4, "Actual Startup Time": 699.973, "Actual Total Time": 699.973, "Actual Rows": 5228, "Actual Loops": 148552, "Recheck Cond": "(id = mc.company_id)", "Rows Removed by Index Recheck": 0, "Filter": "((country_code)::text = '[nl]'::text)", "Rows Removed by Filter": 143324, "Exact Heap Blocks": 148552, "Lossy Heap Blocks": 148552, "Plans": [{"Node Type": "Bitmap Index Scan", "Parent Relationship": "Outer", "Index Name": "company_name_pkey", "Startup Cost": 0.0, "Total Cost": 0.26, "Plan Rows": 1, "Plan Width": 0, "Actual Startup Time": 386.659, "Actual Total Time": 386.659, "Actual Rows": 148552, "Actual Loops": 148552, "Index Cond": "(id = mc.company_id)"}]}]}, {"Node Type": "Bitmap Heap Scan", "Parent Relationship": "Inner", "Relation Name": "title", "Alias": "t", "Startup Cost": 0.27, "Total Cost": 4.28, "Plan Rows": 1, "Plan Width": 21, "Actual Startup Time": 28.495, "Actual Total Time": 28.495, "Actual Rows": 5228, "Actual Loops": 5228, "Recheck Cond": "(id = mk.movie_id)", "Rows Removed by Index Recheck": 0, "Exact Heap Blocks": 5228, "Lossy Heap Blocks": 5228, "Plans": [{"Node Type": "Bitmap Index Scan", "Parent Relationship": "Outer", "Index Name": "title_pkey", "Startup Cost": 0.0, "Total Cost": 0.27, "Plan Rows": 1, "Plan Width": 0, "Actual Startup Time": 17.109, "Actual Total Time": 17.109, "Actual Rows": 5228, "Actual Loops": 5228, "Index Cond": "(id = mk.movie_id)"}]}]}]}, "Triggers": [], "Planner Runtime": 15.864, "Total Runtime": 1408.006, "Unique SQL Id": 2804875951}}, "(16, '71')": {"explain_plan": {"Plan": {"Node Type": "Aggregate", "Strategy": "Plain", "Startup Cost": 3739.07, "Total Cost": 3739.08, "Plan Rows": 1, "Plan Width": 49, "Plans": [{"Node Type": "Nested Loop", "Parent Relationship": "Outer", "Join Type": "Inner", "Startup Cost": 724.4, "Total Cost": 3739.06, "Plan Rows": 2, "Plan Width": 17, "Inner Unique": true, "Join Filter": "(mc.movie_id = t.id)", "Plans": [{"Node Type": "Nested Loop", "Parent Relationship": "Outer", "Join Type": "Inner", "Startup Cost": 724.13, "Total Cost": 3730.48, "Plan Rows": 2, "Plan Width": 8, "Inner Unique": true, "Plans": [{"Node Type": "Nested Loop", "Parent Relationship": "Outer", "Join Type": "Inner", "Startup Cost": 723.87, "Total Cost": 3430.65, "Plan Rows": 70, "Plan Width": 12, "Inner Unique": false, "Plans": [{"Node Type": "Nested Loop", "Parent Relationship": "Outer", "Join Type": "Inner", "Startup Cost": 723.6, "Total Cost": 3288.12, "Plan Rows": 33, "Plan Width": 4, "Inner Unique": false, "Plans": [{"Node Type": "Bitmap Heap Scan", "Parent Relationship": "Outer", "Relation Name": "keyword", "Alias": "k", "Startup Cost": 719.1, "Total Cost": 3155.21, "Plan Rows": 1, "Plan Width": 4, "Filter": "((keyword)::text = 'character-name-in-title'::text)", "Plans": [{"Node Type": "Bitmap Index Scan", "Parent Relationship": "Outer", "Index Name": "keyword_pkey", "Startup Cost": 0.0, "Total Cost": 719.1, "Plan Rows": 134169, "Plan Width": 0}]}, {"Node Type": "Bitmap Heap Scan", "Parent Relationship": "Inner", "Relation Name": "movie_keyword", "Alias": "mk", "Startup Cost": 4.51, "Total Cost": 132.58, "Plan Rows": 33, "Plan Width": 8, "Recheck Cond": "(keyword_id = k.id)", "Plans": [{"Node Type": "Bitmap Index Scan", "Parent Relationship": "Outer", "Index Name": "keyword_id_movie_keyword", "Startup Cost": 0.0, "Total Cost": 4.5, "Plan Rows": 33, "Plan Width": 0, "Index Cond": "(keyword_id = k.id)"}]}]}, {"Node Type": "Bitmap Heap Scan", "Parent Relationship": "Inner", "Relation Name": "movie_companies", "Alias": "mc", "Startup Cost": 0.27, "Total Cost": 4.3, "Plan Rows": 2, "Plan Width": 8, "Recheck Cond": "(movie_id = mk.movie_id)", "Plans": [{"Node Type": "Bitmap Index Scan", "Parent Relationship": "Outer", "Index Name": "movie_id_movie_companies", "Startup Cost": 0.0, "Total Cost": 0.27, "Plan Rows": 2, "Plan Width": 0, "Index Cond": "(movie_id = mk.movie_id)"}]}]}, {"Node Type": "Bitmap Heap Scan", "Parent Relationship": "Inner", "Relation Name": "company_name", "Alias": "cn", "Startup Cost": 0.26, "Total Cost": 4.27, "Plan Rows": 1, "Plan Width": 4, "Recheck Cond": "(id = mc.company_id)", "Filter": "((country_code)::text = '[nl]'::text)", "Plans": [{"Node Type": "Bitmap Index Scan", "Parent Relationship": "Outer", "Index Name": "company_name_pkey", "Startup Cost": 0.0, "Total Cost": 0.26, "Plan Rows": 1, "Plan Width": 0, "Index Cond": "(id = mc.company_id)"}]}]}, {"Node Type": "Bitmap Heap Scan", "Parent Relationship": "Inner", "Relation Name": "title", "Alias": "t", "Startup Cost": 0.27, "Total Cost": 4.28, "Plan Rows": 1, "Plan Width": 21, "Recheck Cond": "(id = mk.movie_id)", "Plans": [{"Node Type": "Bitmap Index Scan", "Parent Relationship": "Outer", "Index Name": "title_pkey", "Startup Cost": 0.0, "Total Cost": 0.27, "Plan Rows": 1, "Plan Width": 0, "Index Cond": "(id = mk.movie_id)"}]}]}]}, "Unique SQL Id": 2804875951, "Planner Runtime": 9}, "explain_analyze_plan": {"Plan": {"Node Type": "Aggregate", "Strategy": "Plain", "Startup Cost": 3739.07, "Total Cost": 3739.08, "Plan Rows": 1, "Plan Width": 49, "Actual Startup Time": 1387.145, "Actual Total Time": 1387.146, "Actual Rows": 1, "Actual Loops": 1, "Plans": [{"Node Type": "Nested Loop", "Parent Relationship": "Outer", "Join Type": "Inner", "Startup Cost": 724.4, "Total Cost": 3739.06, "Plan Rows": 2, "Plan Width": 17, "Actual Startup Time": 25.648, "Actual Total Time": 1382.175, "Actual Rows": 5228, "Actual Loops": 1, "Inner Unique": true, "Join Filter": "(mc.movie_id = t.id)", "Rows Removed by Join Filter": 0, "Plans": [{"Node Type": "Nested Loop", "Parent Relationship": "Outer", "Join Type": "Inner", "Startup Cost": 724.13, "Total Cost": 3730.48, "Plan Rows": 2, "Plan Width": 8, "Actual Startup Time": 25.627, "Actual Total Time": 1347.061, "Actual Rows": 5228, "Actual Loops": 1, "Inner Unique": true, "Plans": [{"Node Type": "Nested Loop", "Parent Relationship": "Outer", "Join Type": "Inner", "Startup Cost": 723.87, "Total Cost": 3430.65, "Plan Rows": 70, "Plan Width": 12, "Actual Startup Time": 21.56, "Actual Total Time": 492.049, "Actual Rows": 148552, "Actual Loops": 1, "Inner Unique": false, "Plans": [{"Node Type": "Nested Loop", "Parent Relationship": "Outer", "Join Type": "Inner", "Startup Cost": 723.6, "Total Cost": 3288.12, "Plan Rows": 33, "Plan Width": 4, "Actual Startup Time": 21.524, "Actual Total Time": 111.574, "Actual Rows": 41840, "Actual Loops": 1, "Inner Unique": false, "Plans": [{"Node Type": "Bitmap Heap Scan", "Parent Relationship": "Outer", "Relation Name": "keyword", "Alias": "k", "Startup Cost": 719.1, "Total Cost": 3155.21, "Plan Rows": 1, "Plan Width": 4, "Actual Startup Time": 13.5, "Actual Total Time": 60.831, "Actual Rows": 1, "Actual Loops": 1, "Filter": "((keyword)::text = 'character-name-in-title'::text)", "Rows Removed by Filter": 134168, "Exact Heap Blocks": 759, "Lossy Heap Blocks": 759, "Plans": [{"Node Type": "Bitmap Index Scan", "Parent Relationship": "Outer", "Index Name": "keyword_pkey", "Startup Cost": 0.0, "Total Cost": 719.1, "Plan Rows": 134169, "Plan Width": 0, "Actual Startup Time": 11.196, "Actual Total Time": 11.196, "Actual Rows": 134169, "Actual Loops": 1}]}, {"Node Type": "Bitmap Heap Scan", "Parent Relationship": "Inner", "Relation Name": "movie_keyword", "Alias": "mk", "Startup Cost": 4.51, "Total Cost": 132.58, "Plan Rows": 33, "Plan Width": 8, "Actual Startup Time": 8.013, "Actual Total Time": 41.471, "Actual Rows": 41840, "Actual Loops": 1, "Recheck Cond": "(keyword_id = k.id)", "Rows Removed by Index Recheck": 0, "Exact Heap Blocks": 9702, "Lossy Heap Blocks": 9702, "Plans": [{"Node Type": "Bitmap Index Scan", "Parent Relationship": "Outer", "Index Name": "keyword_id_movie_keyword", "Startup Cost": 0.0, "Total Cost": 4.5, "Plan Rows": 33, "Plan Width": 0, "Actual Startup Time": 6.272, "Actual Total Time": 6.272, "Actual Rows": 41840, "Actual Loops": 1, "Index Cond": "(keyword_id = k.id)"}]}]}, {"Node Type": "Bitmap Heap Scan", "Parent Relationship": "Inner", "Relation Name": "movie_companies", "Alias": "mc", "Startup Cost": 0.27, "Total Cost": 4.3, "Plan Rows": 2, "Plan Width": 8, "Actual Startup Time": 240.891, "Actual Total Time": 294.516, "Actual Rows": 148552, "Actual Loops": 41840, "Recheck Cond": "(movie_id = mk.movie_id)", "Rows Removed by Index Recheck": 0, "Exact Heap Blocks": 62638, "Lossy Heap Blocks": 62638, "Plans": [{"Node Type": "Bitmap Index Scan", "Parent Relationship": "Outer", "Index Name": "movie_id_movie_companies", "Startup Cost": 0.0, "Total Cost": 0.27, "Plan Rows": 2, "Plan Width": 0, "Actual Startup Time": 150.419, "Actual Total Time": 150.419, "Actual Rows": 148552, "Actual Loops": 41840, "Index Cond": "(movie_id = mk.movie_id)"}]}]}, {"Node Type": "Bitmap Heap Scan", "Parent Relationship": "Inner", "Relation Name": "company_name", "Alias": "cn", "Startup Cost": 0.26, "Total Cost": 4.27, "Plan Rows": 1, "Plan Width": 4, "Actual Startup Time": 685.084, "Actual Total Time": 685.084, "Actual Rows": 5228, "Actual Loops": 148552, "Recheck Cond": "(id = mc.company_id)", "Rows Removed by Index Recheck": 0, "Filter": "((country_code)::text = '[nl]'::text)", "Rows Removed by Filter": 143324, "Exact Heap Blocks": 148552, "Lossy Heap Blocks": 148552, "Plans": [{"Node Type": "Bitmap Index Scan", "Parent Relationship": "Outer", "Index Name": "company_name_pkey", "Startup Cost": 0.0, "Total Cost": 0.26, "Plan Rows": 1, "Plan Width": 0, "Actual Startup Time": 382.826, "Actual Total Time": 382.826, "Actual Rows": 148552, "Actual Loops": 148552, "Index Cond": "(id = mc.company_id)"}]}]}, {"Node Type": "Bitmap Heap Scan", "Parent Relationship": "Inner", "Relation Name": "title", "Alias": "t", "Startup Cost": 0.27, "Total Cost": 4.28, "Plan Rows": 1, "Plan Width": 21, "Actual Startup Time": 25.907, "Actual Total Time": 25.907, "Actual Rows": 5228, "Actual Loops": 5228, "Recheck Cond": "(id = mk.movie_id)", "Rows Removed by Index Recheck": 0, "Exact Heap Blocks": 5228, "Lossy Heap Blocks": 5228, "Plans": [{"Node Type": "Bitmap Index Scan", "Parent Relationship": "Outer", "Index Name": "title_pkey", "Startup Cost": 0.0, "Total Cost": 0.27, "Plan Rows": 1, "Plan Width": 0, "Actual Startup Time": 16.062, "Actual Total Time": 16.062, "Actual Rows": 5228, "Actual Loops": 5228, "Index Cond": "(id = mk.movie_id)"}]}]}]}, "Triggers": [], "Planner Runtime": 8.607, "Total Runtime": 1387.489, "Unique SQL Id": 2804875951}}, "(16, '72')": {"explain_plan": {"Plan": {"Node Type": "Aggregate", "Strategy": "Plain", "Startup Cost": 2605.07, "Total Cost": 2605.08, "Plan Rows": 1, "Plan Width": 49, "Plans": [{"Node Type": "Nested Loop", "Parent Relationship": "Outer", "Join Type": "Inner", "Startup Cost": 0.0, "Total Cost": 2605.07, "Plan Rows": 2, "Plan Width": 17, "Inner Unique": true, "Join Filter": "(mc.movie_id = t.id)", "Plans": [{"Node Type": "Nested Loop", "Parent Relationship": "Outer", "Join Type": "Inner", "Startup Cost": 0.0, "Total Cost": 2604.42, "Plan Rows": 2, "Plan Width": 8, "Inner Unique": true, "Plans": [{"Node Type": "Nested Loop", "Parent Relationship": "Outer", "Join Type": "Inner", "Startup Cost": 0.0, "Total Cost": 2584.29, "Plan Rows": 70, "Plan Width": 12, "Inner Unique": false, "Plans": [{"Node Type": "Nested Loop", "Parent Relationship": "Outer", "Join Type": "Inner", "Startup Cost": 0.0, "Total Cost": 2573.32, "Plan Rows": 33, "Plan Width": 4, "Inner Unique": false, "Plans": [{"Node Type": "Seq Scan", "Parent Relationship": "Outer", "Relation Name": "keyword", "Alias": "k", "Startup Cost": 0.0, "Total Cost": 2436.11, "Plan Rows": 1, "Plan Width": 4, "Filter": "((keyword)::text = 'character-name-in-title'::text)"}, {"Node Type": "Index Scan", "Parent Relationship": "Inner", "Scan Direction": "Forward", "Index Name": "keyword_id_movie_keyword", "Relation Name": "movie_keyword", "Alias": "mk", "Startup Cost": 0.0, "Total Cost": 136.88, "Plan Rows": 33, "Plan Width": 8, "Index Cond": "(keyword_id = k.id)"}]}, {"Node Type": "Index Scan", "Parent Relationship": "Inner", "Scan Direction": "Forward", "Index Name": "movie_id_movie_companies", "Relation Name": "movie_companies", "Alias": "mc", "Startup Cost": 0.0, "Total Cost": 0.31, "Plan Rows": 2, "Plan Width": 8, "Index Cond": "(movie_id = mk.movie_id)"}]}, {"Node Type": "Index Scan", "Parent Relationship": "Inner", "Scan Direction": "Forward", "Index Name": "company_name_pkey", "Relation Name": "company_name", "Alias": "cn", "Startup Cost": 0.0, "Total Cost": 0.28, "Plan Rows": 1, "Plan Width": 4, "Index Cond": "(id = mc.company_id)", "Filter": "((country_code)::text = '[nl]'::text)"}]}, {"Node Type": "Index Scan", "Parent Relationship": "Inner", "Scan Direction": "Forward", "Index Name": "title_pkey", "Relation Name": "title", "Alias": "t", "Startup Cost": 0.0, "Total Cost": 0.31, "Plan Rows": 1, "Plan Width": 21, "Index Cond": "(id = mk.movie_id)"}]}]}, "Unique SQL Id": 2804875951, "Planner Runtime": 10}, "explain_analyze_plan": {"Plan": {"Node Type": "Aggregate", "Strategy": "Plain", "Startup Cost": 2605.07, "Total Cost": 2605.08, "Plan Rows": 1, "Plan Width": 49, "Actual Startup Time": 1003.672, "Actual Total Time": 1003.673, "Actual Rows": 1, "Actual Loops": 1, "Plans": [{"Node Type": "Nested Loop", "Parent Relationship": "Outer", "Join Type": "Inner", "Startup Cost": 0.0, "Total Cost": 2605.07, "Plan Rows": 2, "Plan Width": 17, "Actual Startup Time": 4.721, "Actual Total Time": 1000.415, "Actual Rows": 5228, "Actual Loops": 1, "Inner Unique": true, "Join Filter": "(mc.movie_id = t.id)", "Rows Removed by Join Filter": 0, "Plans": [{"Node Type": "Nested Loop", "Parent Relationship": "Outer", "Join Type": "Inner", "Startup Cost": 0.0, "Total Cost": 2604.42, "Plan Rows": 2, "Plan Width": 8, "Actual Startup Time": 4.708, "Actual Total Time": 973.99, "Actual Rows": 5228, "Actual Loops": 1, "Inner Unique": true, "Plans": [{"Node Type": "Nested Loop", "Parent Relationship": "Outer", "Join Type": "Inner", "Startup Cost": 0.0, "Total Cost": 2584.29, "Plan Rows": 70, "Plan Width": 12, "Actual Startup Time": 1.809, "Actual Total Time": 358.696, "Actual Rows": 148552, "Actual Loops": 1, "Inner Unique": false, "Plans": [{"Node Type": "Nested Loop", "Parent Relationship": "Outer", "Join Type": "Inner", "Startup Cost": 0.0, "Total Cost": 2573.32, "Plan Rows": 33, "Plan Width": 4, "Actual Startup Time": 1.792, "Actual Total Time": 86.929, "Actual Rows": 41840, "Actual Loops": 1, "Inner Unique": false, "Plans": [{"Node Type": "Seq Scan", "Parent Relationship": "Outer", "Relation Name": "keyword", "Alias": "k", "Startup Cost": 0.0, "Total Cost": 2436.11, "Plan Rows": 1, "Plan Width": 4, "Actual Startup Time": 1.768, "Actual Total Time": 41.894, "Actual Rows": 1, "Actual Loops": 1, "Filter": "((keyword)::text = 'character-name-in-title'::text)", "Rows Removed by Filter": 134168}, {"Node Type": "Index Scan", "Parent Relationship": "Inner", "Scan Direction": "Forward", "Index Name": "keyword_id_movie_keyword", "Relation Name": "movie_keyword", "Alias": "mk", "Startup Cost": 0.0, "Total Cost": 136.88, "Plan Rows": 33, "Plan Width": 8, "Actual Startup Time": 0.02, "Actual Total Time": 35.59, "Actual Rows": 41840, "Actual Loops": 1, "Index Cond": "(keyword_id = k.id)", "Rows Removed by Index Recheck": 0}]}, {"Node Type": "Index Scan", "Parent Relationship": "Inner", "Scan Direction": "Forward", "Index Name": "movie_id_movie_companies", "Relation Name": "movie_companies", "Alias": "mc", "Startup Cost": 0.0, "Total Cost": 0.31, "Plan Rows": 2, "Plan Width": 8, "Actual Startup Time": 145.322, "Actual Total Time": 215.961, "Actual Rows": 148552, "Actual Loops": 41840, "Index Cond": "(movie_id = mk.movie_id)", "Rows Removed by Index Recheck": 0}]}, {"Node Type": "Index Scan", "Parent Relationship": "Inner", "Scan Direction": "Forward", "Index Name": "company_name_pkey", "Relation Name": "company_name", "Alias": "cn", "Startup Cost": 0.0, "Total Cost": 0.28, "Plan Rows": 1, "Plan Width": 4, "Actual Startup Time": 543.353, "Actual Total Time": 543.353, "Actual Rows": 5228, "Actual Loops": 148552, "Index Cond": "(id = mc.company_id)", "Rows Removed by Index Recheck": 0, "Filter": "((country_code)::text = '[nl]'::text)", "Rows Removed by Filter": 143324}]}, {"Node Type": "Index Scan", "Parent Relationship": "Inner", "Scan Direction": "Forward", "Index Name": "title_pkey", "Relation Name": "title", "Alias": "t", "Startup Cost": 0.0, "Total Cost": 0.31, "Plan Rows": 1, "Plan Width": 21, "Actual Startup Time": 20.597, "Actual Total Time": 20.597, "Actual Rows": 5228, "Actual Loops": 5228, "Index Cond": "(id = mk.movie_id)", "Rows Removed by Index Recheck": 0}]}]}, "Triggers": [], "Planner Runtime": 10.364, "Total Runtime": 1003.955, "Unique SQL Id": 2804875951}}, "(16, '73')": {"explain_plan": {"Plan": {"Node Type": "Aggregate", "Strategy": "Plain", "Startup Cost": 3351.67, "Total Cost": 3351.68, "Plan Rows": 1, "Plan Width": 49, "Plans": [{"Node Type": "Nested Loop", "Parent Relationship": "Outer", "Join Type": "Inner", "Startup Cost": 0.0, "Total Cost": 3351.67, "Plan Rows": 2, "Plan Width": 17, "Inner Unique": true, "Join Filter": "(mc.movie_id = t.id)", "Plans": [{"Node Type": "Nested Loop", "Parent Relationship": "Outer", "Join Type": "Inner", "Startup Cost": 0.0, "Total Cost": 3351.03, "Plan Rows": 2, "Plan Width": 8, "Inner Unique": true, "Plans": [{"Node Type": "Nested Loop", "Parent Relationship": "Outer", "Join Type": "Inner", "Startup Cost": 0.0, "Total Cost": 3330.89, "Plan Rows": 70, "Plan Width": 12, "Inner Unique": false, "Plans": [{"Node Type": "Nested Loop", "Parent Relationship": "Outer", "Join Type": "Inner", "Startup Cost": 0.0, "Total Cost": 3319.92, "Plan Rows": 33, "Plan Width": 4, "Inner Unique": false, "Plans": [{"Node Type": "Index Scan", "Parent Relationship": "Outer", "Scan Direction": "Forward", "Index Name": "keyword_pkey", "Relation Name": "keyword", "Alias": "k", "Startup Cost": 0.0, "Total Cost": 3182.72, "Plan Rows": 1, "Plan Width": 4, "Filter": "((keyword)::text = 'character-name-in-title'::text)"}, {"Node Type": "Index Scan", "Parent Relationship": "Inner", "Scan Direction": "Forward", "Index Name": "keyword_id_movie_keyword", "Relation Name": "movie_keyword", "Alias": "mk", "Startup Cost": 0.0, "Total Cost": 136.88, "Plan Rows": 33, "Plan Width": 8, "Index Cond": "(keyword_id = k.id)"}]}, {"Node Type": "Index Scan", "Parent Relationship": "Inner", "Scan Direction": "Forward", "Index Name": "movie_id_movie_companies", "Relation Name": "movie_companies", "Alias": "mc", "Startup Cost": 0.0, "Total Cost": 0.31, "Plan Rows": 2, "Plan Width": 8, "Index Cond": "(movie_id = mk.movie_id)"}]}, {"Node Type": "Index Scan", "Parent Relationship": "Inner", "Scan Direction": "Forward", "Index Name": "company_name_pkey", "Relation Name": "company_name", "Alias": "cn", "Startup Cost": 0.0, "Total Cost": 0.28, "Plan Rows": 1, "Plan Width": 4, "Index Cond": "(id = mc.company_id)", "Filter": "((country_code)::text = '[nl]'::text)"}]}, {"Node Type": "Index Scan", "Parent Relationship": "Inner", "Scan Direction": "Forward", "Index Name": "title_pkey", "Relation Name": "title", "Alias": "t", "Startup Cost": 0.0, "Total Cost": 0.31, "Plan Rows": 1, "Plan Width": 21, "Index Cond": "(id = mk.movie_id)"}]}]}, "Unique SQL Id": 2804875951, "Planner Runtime": 9}, "explain_analyze_plan": {"Plan": {"Node Type": "Aggregate", "Strategy": "Plain", "Startup Cost": 3351.67, "Total Cost": 3351.68, "Plan Rows": 1, "Plan Width": 49, "Actual Startup Time": 1115.49, "Actual Total Time": 1115.49, "Actual Rows": 1, "Actual Loops": 1, "Plans": [{"Node Type": "Nested Loop", "Parent Relationship": "Outer", "Join Type": "Inner", "Startup Cost": 0.0, "Total Cost": 3351.67, "Plan Rows": 2, "Plan Width": 17, "Actual Startup Time": 3.24, "Actual Total Time": 1112.359, "Actual Rows": 5228, "Actual Loops": 1, "Inner Unique": true, "Join Filter": "(mc.movie_id = t.id)", "Rows Removed by Join Filter": 0, "Plans": [{"Node Type": "Nested Loop", "Parent Relationship": "Outer", "Join Type": "Inner", "Startup Cost": 0.0, "Total Cost": 3351.03, "Plan Rows": 2, "Plan Width": 8, "Actual Startup Time": 3.226, "Actual Total Time": 1085.159, "Actual Rows": 5228, "Actual Loops": 1, "Inner Unique": true, "Plans": [{"Node Type": "Nested Loop", "Parent Relationship": "Outer", "Join Type": "Inner", "Startup Cost": 0.0, "Total Cost": 3330.89, "Plan Rows": 70, "Plan Width": 12, "Actual Startup Time": 0.236, "Actual Total Time": 447.681, "Actual Rows": 148552, "Actual Loops": 1, "Inner Unique": false, "Plans": [{"Node Type": "Nested Loop", "Parent Relationship": "Outer", "Join Type": "Inner", "Startup Cost": 0.0, "Total Cost": 3319.92, "Plan Rows": 33, "Plan Width": 4, "Actual Startup Time": 0.221, "Actual Total Time": 168.712, "Actual Rows": 41840, "Actual Loops": 1, "Inner Unique": false, "Plans": [{"Node Type": "Index Scan", "Parent Relationship": "Outer", "Scan Direction": "Forward", "Index Name": "keyword_pkey", "Relation Name": "keyword", "Alias": "k", "Startup Cost": 0.0, "Total Cost": 3182.72, "Plan Rows": 1, "Plan Width": 4, "Actual Startup Time": 0.203, "Actual Total Time": 122.802, "Actual Rows": 1, "Actual Loops": 1, "Filter": "((keyword)::text = 'character-name-in-title'::text)", "Rows Removed by Filter": 134168}, {"Node Type": "Index Scan", "Parent Relationship": "Inner", "Scan Direction": "Forward", "Index Name": "keyword_id_movie_keyword", "Relation Name": "movie_keyword", "Alias": "mk", "Startup Cost": 0.0, "Total Cost": 136.88, "Plan Rows": 33, "Plan Width": 8, "Actual Startup Time": 0.013, "Actual Total Time": 36.759, "Actual Rows": 41840, "Actual Loops": 1, "Index Cond": "(keyword_id = k.id)", "Rows Removed by Index Recheck": 0}]}, {"Node Type": "Index Scan", "Parent Relationship": "Inner", "Scan Direction": "Forward", "Index Name": "movie_id_movie_companies", "Relation Name": "movie_companies", "Alias": "mc", "Startup Cost": 0.0, "Total Cost": 0.31, "Plan Rows": 2, "Plan Width": 8, "Actual Startup Time": 150.509, "Actual Total Time": 222.921, "Actual Rows": 148552, "Actual Loops": 41840, "Index Cond": "(movie_id = mk.movie_id)", "Rows Removed by Index Recheck": 0}]}, {"Node Type": "Index Scan", "Parent Relationship": "Inner", "Scan Direction": "Forward", "Index Name": "company_name_pkey", "Relation Name": "company_name", "Alias": "cn", "Startup Cost": 0.0, "Total Cost": 0.28, "Plan Rows": 1, "Plan Width": 4, "Actual Startup Time": 564.52, "Actual Total Time": 564.52, "Actual Rows": 5228, "Actual Loops": 148552, "Index Cond": "(id = mc.company_id)", "Rows Removed by Index Recheck": 0, "Filter": "((country_code)::text = '[nl]'::text)", "Rows Removed by Filter": 143324}]}, {"Node Type": "Index Scan", "Parent Relationship": "Inner", "Scan Direction": "Forward", "Index Name": "title_pkey", "Relation Name": "title", "Alias": "t", "Startup Cost": 0.0, "Total Cost": 0.31, "Plan Rows": 1, "Plan Width": 21, "Actual Startup Time": 21.443, "Actual Total Time": 21.443, "Actual Rows": 5228, "Actual Loops": 5228, "Index Cond": "(id = mk.movie_id)", "Rows Removed by Index Recheck": 0}]}]}, "Triggers": [], "Planner Runtime": 9.9, "Total Runtime": 1115.761, "Unique SQL Id": 2804875951}}, "(16, '74')": {"explain_plan": {"Plan": {"Node Type": "Aggregate", "Strategy": "Plain", "Startup Cost": 110556.13, "Total Cost": 110556.15, "Plan Rows": 1, "Plan Width": 49, "Plans": [{"Node Type": "Streaming(type: LOCAL GATHER dop: 1/16)", "Parent Relationship": "Outer", "Startup Cost": 110556.13, "Total Cost": 110556.15, "Plan Rows": 1, "Plan Width": 49, "Plans": [{"Node Type": "Aggregate", "Strategy": "Plain", "Parent Relationship": "Outer", "Startup Cost": 110556.13, "Total Cost": 110556.14, "Plan Rows": 1, "Plan Width": 49, "Plans": [{"Node Type": "Hash Join", "Parent Relationship": "Outer", "Join Type": "Inner", "Startup Cost": 91209.23, "Total Cost": 110556.13, "Plan Rows": 2, "Plan Width": 17, "Inner Unique": false, "Hash Cond": "(t.id = mc.movie_id)", "Plans": [{"Node Type": "Seq Scan", "Parent Relationship": "Outer", "Relation Name": "title", "Alias": "t", "Startup Cost": 0.0, "Total Cost": 18754.32, "Plan Rows": 2528311, "Plan Width": 21}, {"Node Type": "Hash", "Parent Relationship": "Inner", "Startup Cost": 91209.2, "Total Cost": 91209.2, "Plan Rows": 32, "Plan Width": 8, "Plans": [{"Node Type": "Streaming(type: BROADCAST dop: 16/1)", "Parent Relationship": "Outer", "Startup Cost": 57980.91, "Total Cost": 91209.2, "Plan Rows": 32, "Plan Width": 8, "Plans": [{"Node Type": "Hash Join", "Parent Relationship": "Outer", "Join Type": "Inner", "Startup Cost": 57980.91, "Total Cost": 76208.51, "Plan Rows": 2, "Plan Width": 8, "Inner Unique": true, "Hash Cond": "(mc.company_id = cn.id)", "Plans": [{"Node Type": "Streaming(type: LOCAL GATHER dop: 1/16)", "Parent Relationship": "Outer", "Startup Cost": 52049.46, "Total Cost": 70276.1, "Plan Rows": 70, "Plan Width": 12, "Plans": [{"Node Type": "Hash Join", "Parent Relationship": "Outer", "Join Type": "Inner", "Startup Cost": 52049.46, "Total Cost": 70274.59, "Plan Rows": 70, "Plan Width": 12, "Inner Unique": false, "Hash Cond": "(mc.movie_id = mk.movie_id)", "Plans": [{"Node Type": "Seq Scan", "Parent Relationship": "Outer", "Relation Name": "movie_companies", "Alias": "mc", "Startup Cost": 0.0, "Total Cost": 17613.58, "Plan Rows": 2609128, "Plan Width": 8}, {"Node Type": "Hash", "Parent Relationship": "Inner", "Startup Cost": 52049.04, "Total Cost": 52049.04, "Plan Rows": 528, "Plan Width": 4, "Plans": [{"Node Type": "Streaming(type: BROADCAST dop: 16/16)", "Parent Relationship": "Outer", "Startup Cost": 17436.47, "Total Cost": 52049.04, "Plan Rows": 528, "Plan Width": 4, "Plans": [{"Node Type": "Hash Join", "Parent Relationship": "Outer", "Join Type": "Inner", "Startup Cost": 17436.47, "Total Cost": 37047.7, "Plan Rows": 33, "Plan Width": 4, "Inner Unique": true, "Hash Cond": "(mk.keyword_id = k.id)", "Plans": [{"Node Type": "Seq Scan", "Parent Relationship": "Outer", "Relation Name": "movie_keyword", "Alias": "mk", "Startup Cost": 0.0, "Total Cost": 18902.58, "Plan Rows": 4523929, "Plan Width": 8}, {"Node Type": "Hash", "Parent Relationship": "Inner", "Startup Cost": 17436.46, "Total Cost": 17436.46, "Plan Rows": 16, "Plan Width": 4, "Plans": [{"Node Type": "Streaming(type: BROADCAST dop: 16/1)", "Parent Relationship": "Outer", "Startup Cost": 0.0, "Total Cost": 17436.46, "Plan Rows": 16, "Plan Width": 4, "Plans": [{"Node Type": "Seq Scan", "Parent Relationship": "Outer", "Relation Name": "keyword", "Alias": "k", "Startup Cost": 0.0, "Total Cost": 2436.11, "Plan Rows": 1, "Plan Width": 4, "Filter": "((keyword)::text = 'character-name-in-title'::text)"}]}]}]}]}]}]}]}, {"Node Type": "Hash", "Parent Relationship": "Inner", "Startup Cost": 5903.45, "Total Cost": 5903.45, "Plan Rows": 2240, "Plan Width": 4, "Plans": [{"Node Type": "Seq Scan", "Parent Relationship": "Outer", "Relation Name": "company_name", "Alias": "cn", "Startup Cost": 0.0, "Total Cost": 5903.45, "Plan Rows": 2240, "Plan Width": 4, "Filter": "((country_code)::text = '[nl]'::text)"}]}]}]}]}]}]}]}]}, "Unique SQL Id": 2804875951, "Planner Runtime": 30}, "explain_analyze_plan": {"Plan": {"Node Type": "Aggregate", "Strategy": "Plain", "Startup Cost": 110556.13, "Total Cost": 110556.15, "Plan Rows": 1, "Plan Width": 49, "Actual Min Startup Time": 555.882, "Actual Max Startup Time": 555.882, "Actual Min Total Time": 555.882, "Actual Max Total Time": 555.882, "Plans": [{"Node Type": "Streaming(type: LOCAL GATHER dop: 1/16)", "Parent Relationship": "Outer", "Startup Cost": 110556.13, "Total Cost": 110556.15, "Plan Rows": 1, "Plan Width": 49, "Actual Min Startup Time": 545.82, "Actual Max Startup Time": 545.82, "Actual Min Total Time": 555.85, "Actual Max Total Time": 555.85, "Plans": [{"Node Type": "Aggregate", "Strategy": "Plain", "Parent Relationship": "Outer", "Startup Cost": 110556.13, "Total Cost": 110556.14, "Plan Rows": 1, "Plan Width": 49, "Actual Min Startup Time": 409.279, "Actual Max Startup Time": 440.627, "Actual Min Total Time": 409.279, "Actual Max Total Time": 440.628, "Plans": [{"Node Type": "Hash Join", "Parent Relationship": "Outer", "Join Type": "Inner", "Startup Cost": 91209.23, "Total Cost": 110556.13, "Plan Rows": 2, "Plan Width": 17, "Actual Min Startup Time": 338.095, "Actual Max Startup Time": 377.459, "Actual Min Total Time": 409.133, "Actual Max Total Time": 440.447, "Inner Unique": false, "Hash Cond": "(t.id = mc.movie_id)", "Plans": [{"Node Type": "Seq Scan", "Parent Relationship": "Outer", "Relation Name": "title", "Alias": "t", "Startup Cost": 0.0, "Total Cost": 18754.32, "Plan Rows": 2528311, "Plan Width": 21, "Actual Min Startup Time": 0.042, "Actual Max Startup Time": 0.06, "Actual Min Total Time": 38.991, "Actual Max Total Time": 45.434, "Actual Rows": 2528311}, {"Node Type": "Hash", "Parent Relationship": "Inner", "Startup Cost": 91209.2, "Total Cost": 91209.2, "Plan Rows": 32, "Plan Width": 8, "Actual Min Startup Time": 337.495, "Actual Max Startup Time": 375.373, "Actual Min Total Time": 337.495, "Actual Max Total Time": 375.373, "Max Hash Buckets": 32768, "Min Hash Buckets": 32768, "Max Hash Batches": 1, "Min Hash Batches": 1, "Max Original Hash Batches": 1, "Min Original Hash Batches": 1, "Max Peak Memory Usage": 205, "min Peak Memory Usage": 205, "Plans": [{"Node Type": "Streaming(type: BROADCAST dop: 16/1)", "Parent Relationship": "Outer", "Startup Cost": 57980.91, "Total Cost": 91209.2, "Plan Rows": 32, "Plan Width": 8, "Actual Min Startup Time": 167.45, "Actual Max Startup Time": 205.294, "Actual Min Total Time": 335.571, "Actual Max Total Time": 374.079, "Plans": [{"Node Type": "Hash Join", "Parent Relationship": "Outer", "Join Type": "Inner", "Startup Cost": 57980.91, "Total Cost": 76208.51, "Plan Rows": 2, "Plan Width": 8, "Actual Min Startup Time": 217.039, "Actual Max Startup Time": 217.039, "Actual Min Total Time": 333.497, "Actual Max Total Time": 333.497, "Inner Unique": true, "Hash Cond": "(mc.company_id = cn.id)", "Plans": [{"Node Type": "Streaming(type: LOCAL GATHER dop: 1/16)", "Parent Relationship": "Outer", "Startup Cost": 52049.46, "Total Cost": 70276.1, "Plan Rows": 70, "Plan Width": 12, "Actual Min Startup Time": 136.008, "Actual Max Startup Time": 136.008, "Actual Min Total Time": 226.398, "Actual Max Total Time": 226.398, "Plans": [{"Node Type": "Hash Join", "Parent Relationship": "Outer", "Join Type": "Inner", "Startup Cost": 52049.46, "Total Cost": 70274.59, "Plan Rows": 70, "Plan Width": 12, "Actual Min Startup Time": 163.703, "Actual Max Startup Time": 215.019, "Actual Min Total Time": 239.512, "Actual Max Total Time": 292.436, "Inner Unique": false, "Hash Cond": "(mc.movie_id = mk.movie_id)", "Plans": [{"Node Type": "Seq Scan", "Parent Relationship": "Outer", "Relation Name": "movie_companies", "Alias": "mc", "Startup Cost": 0.0, "Total Cost": 17613.58, "Plan Rows": 2609128, "Plan Width": 8, "Actual Min Startup Time": 0.049, "Actual Max Startup Time": 0.07, "Actual Min Total Time": 34.911, "Actual Max Total Time": 40.904, "Actual Rows": 2609128}, {"Node Type": "Hash", "Parent Relationship": "Inner", "Startup Cost": 52049.04, "Total Cost": 52049.04, "Plan Rows": 528, "Plan Width": 4, "Actual Min Startup Time": 163.472, "Actual Max Startup Time": 214.818, "Actual Min Total Time": 163.472, "Actual Max Total Time": 214.818, "Max Hash Buckets": 32768, "Min Hash Buckets": 32768, "Max Hash Batches": 1, "Min Hash Batches": 1, "Max Original Hash Batches": 1, "Min Original Hash Batches": 1, "Max Peak Memory Usage": 1471, "min Peak Memory Usage": 1471, "Plans": [{"Node Type": "Streaming(type: BROADCAST dop: 16/16)", "Parent Relationship": "Outer", "Startup Cost": 17436.47, "Total Cost": 52049.04, "Plan Rows": 528, "Plan Width": 4, "Actual Min Startup Time": 0.064, "Actual Max Startup Time": 0.138, "Actual Min Total Time": 148.637, "Actual Max Total Time": 204.884, "Plans": [{"Node Type": "Hash Join", "Parent Relationship": "Outer", "Join Type": "Inner", "Startup Cost": 17436.47, "Total Cost": 37047.7, "Plan Rows": 33, "Plan Width": 4, "Actual Min Startup Time": 0.146, "Actual Max Startup Time": 15.438, "Actual Min Total Time": 107.91, "Actual Max Total Time": 135.924, "Inner Unique": true, "Hash Cond": "(mk.keyword_id = k.id)", "Plans": [{"Node Type": "Seq Scan", "Parent Relationship": "Outer", "Relation Name": "movie_keyword", "Alias": "mk", "Startup Cost": 0.0, "Total Cost": 18902.58, "Plan Rows": 4523929, "Plan Width": 8, "Actual Min Startup Time": 0.059, "Actual Max Startup Time": 0.079, "Actual Min Total Time": 60.198, "Actual Max Total Time": 67.159, "Actual Rows": 4523929}, {"Node Type": "Hash", "Parent Relationship": "Inner", "Startup Cost": 17436.46, "Total Cost": 17436.46, "Plan Rows": 16, "Plan Width": 4, "Actual Min Startup Time": 0.015, "Actual Max Startup Time": 15.232, "Actual Min Total Time": 0.015, "Actual Max Total Time": 15.232, "Max Hash Buckets": 32768, "Min Hash Buckets": 32768, "Max Hash Batches": 1, "Min Hash Batches": 1, "Max Original Hash Batches": 1, "Min Original Hash Batches": 1, "Max Peak Memory Usage": 1, "min Peak Memory Usage": 1, "Plans": [{"Node Type": "Streaming(type: BROADCAST dop: 16/1)", "Parent Relationship": "Outer", "Startup Cost": 0.0, "Total Cost": 17436.46, "Plan Rows": 16, "Plan Width": 4, "Actual Min Startup Time": 0.003, "Actual Max Startup Time": 15.217, "Actual Min Total Time": 0.004, "Actual Max Total Time": 15.218, "Plans": [{"Node Type": "Seq Scan", "Parent Relationship": "Outer", "Relation Name": "keyword", "Alias": "k", "Startup Cost": 0.0, "Total Cost": 2436.11, "Plan Rows": 1, "Plan Width": 4, "Actual Min Startup Time": 1.892, "Actual Max Startup Time": 1.892, "Actual Min Total Time": 43.326, "Actual Max Total Time": 43.326, "Filter": "((keyword)::text = 'character-name-in-title'::text)", "Rows Removed by Filter": 134168, "Actual Rows": 1}], "Actual Rows": 16}], "Actual Rows": 16}], "Actual Rows": 41840}], "Actual Rows": 669440}], "Actual Rows": 669440}], "Actual Rows": 148552}], "Actual Rows": 148552}, {"Node Type": "Hash", "Parent Relationship": "Inner", "Startup Cost": 5903.45, "Total Cost": 5903.45, "Plan Rows": 2240, "Plan Width": 4, "Actual Min Startup Time": 80.94, "Actual Max Startup Time": 80.94, "Actual Min Total Time": 80.94, "Actual Max Total Time": 80.94, "Max Hash Buckets": 32768, "Min Hash Buckets": 32768, "Max Hash Batches": 1, "Min Hash Batches": 1, "Max Original Hash Batches": 1, "Min Original Hash Batches": 1, "Max Peak Memory Usage": 83, "min Peak Memory Usage": 83, "Plans": [{"Node Type": "Seq Scan", "Parent Relationship": "Outer", "Relation Name": "company_name", "Alias": "cn", "Startup Cost": 0.0, "Total Cost": 5903.45, "Plan Rows": 2240, "Plan Width": 4, "Actual Min Startup Time": 0.068, "Actual Max Startup Time": 0.068, "Actual Min Total Time": 80.137, "Actual Max Total Time": 80.137, "Filter": "((country_code)::text = '[nl]'::text)", "Rows Removed by Filter": 232656, "Actual Rows": 2340}], "Actual Rows": 2340}], "Actual Rows": 5228}], "Actual Rows": 83648}], "Actual Rows": 83648}], "Actual Rows": 5228}], "Actual Rows": 16}], "Actual Rows": 16}], "Actual Rows": 1}, "Triggers": [], "Planner Runtime": 26.454, "Total Runtime": 568.971, "Unique SQL Id": 2804875951}}, "(16, '75')": {"explain_plan": {"Plan": {"Node Type": "Aggregate", "Strategy": "Plain", "Startup Cost": 4998934717572.65, "Total Cost": 4998934717572.66, "Plan Rows": 1, "Plan Width": 49, "Plans": [{"Node Type": "Hash Join", "Parent Relationship": "Outer", "Join Type": "Inner", "Startup Cost": 2030100702557.26, "Total Cost": 4998934717572.64, "Plan Rows": 2, "Plan Width": 17, "Inner Unique": true, "Hash Cond": "(mc.company_id = cn.id)", "Plans": [{"Node Type": "Hash Join", "Parent Relationship": "Outer", "Join Type": "Inner", "Startup Cost": 1030099652390.29, "Total Cost": 3998933667404.71, "Plan Rows": 70, "Plan Width": 21, "Inner Unique": true, "Hash Cond": "(mk.keyword_id = k.id)", "Plans": [{"Node Type": "Merge Join", "Parent Relationship": "Outer", "Join Type": "Inner", "Startup Cost": 30099334118.59, "Total Cost": 2998933325182.46, "Plan Rows": 9556051, "Plan Width": 25, "Inner Unique": false, "Merge Cond": "(t.id = mc.movie_id)", "Plans": [{"Node Type": "Index Scan", "Parent Relationship": "Outer", "Scan Direction": "Forward", "Index Name": "title_pkey", "Relation Name": "title", "Alias": "t", "Startup Cost": 10000000000.0, "Total Cost": 1000011012048.91, "Plan Rows": 2528311, "Plan Width": 21}, {"Node Type": "Materialize", "Parent Relationship": "Inner", "Startup Cost": 20077406192.39, "Total Cost": 1999870961740.56, "Plan Rows": 9556051, "Plan Width": 16, "Plans": [{"Node Type": "Merge Join", "Parent Relationship": "Outer", "Join Type": "Inner", "Startup Cost": 20077406192.39, "Total Cost": 1999870937850.44, "Plan Rows": 9556051, "Plan Width": 16, "Inner Unique": false, "Merge Cond": "(mc.movie_id = mk.movie_id)", "Plans": [{"Node Type": "Index Scan", "Parent Relationship": "Outer", "Scan Direction": "Forward", "Index Name": "movie_id_movie_companies", "Relation Name": "movie_companies", "Alias": "mc", "Startup Cost": 10000000000.0, "Total Cost": 1000013051946.13, "Plan Rows": 2609128, "Plan Width": 8}, {"Node Type": "Materialize", "Parent Relationship": "Inner", "Startup Cost": 10000000000.0, "Total Cost": 1000015311943.99, "Plan Rows": 4523929, "Plan Width": 8, "Plans": [{"Node Type": "Index Scan", "Parent Relationship": "Outer", "Scan Direction": "Forward", "Index Name": "movie_id_movie_keyword", "Relation Name": "movie_keyword", "Alias": "mk", "Startup Cost": 10000000000.0, "Total Cost": 1000015300634.17, "Plan Rows": 4523929, "Plan Width": 8}]}]}]}]}, {"Node Type": "Hash", "Parent Relationship": "Inner", "Startup Cost": 1000000318271.68, "Total Cost": 1000000318271.68, "Plan Rows": 1, "Plan Width": 4, "Plans": [{"Node Type": "Index Scan", "Parent Relationship": "Outer", "Scan Direction": "Forward", "Index Name": "keyword_pkey", "Relation Name": "keyword", "Alias": "k", "Startup Cost": 10000000000.0, "Total Cost": 1000000318271.68, "Plan Rows": 1, "Plan Width": 4, "Filter": "((keyword)::text = 'character-name-in-title'::text)"}]}]}, {"Node Type": "Hash", "Parent Relationship": "Inner", "Startup Cost": 1000001050138.97, "Total Cost": 1000001050138.97, "Plan Rows": 2240, "Plan Width": 4, "Plans": [{"Node Type": "Index Scan", "Parent Relationship": "Outer", "Scan Direction": "Forward", "Index Name": "company_name_pkey", "Relation Name": "company_name", "Alias": "cn", "Startup Cost": 10000000000.0, "Total Cost": 1000001050138.97, "Plan Rows": 2240, "Plan Width": 4, "Filter": "((country_code)::text = '[nl]'::text)"}]}]}]}, "Unique SQL Id": 2804875951, "Planner Runtime": 22}, "explain_analyze_plan": null}, "(16, '76')": {"explain_plan": {"Plan": {"Node Type": "Aggregate", "Strategy": "Plain", "Startup Cost": 2605.07, "Total Cost": 2605.08, "Plan Rows": 1, "Plan Width": 49, "Plans": [{"Node Type": "Nested Loop", "Parent Relationship": "Outer", "Join Type": "Inner", "Startup Cost": 0.0, "Total Cost": 2605.07, "Plan Rows": 2, "Plan Width": 17, "Inner Unique": true, "Join Filter": "(mc.movie_id = t.id)", "Plans": [{"Node Type": "Nested Loop", "Parent Relationship": "Outer", "Join Type": "Inner", "Startup Cost": 0.0, "Total Cost": 2604.42, "Plan Rows": 2, "Plan Width": 8, "Inner Unique": true, "Plans": [{"Node Type": "Nested Loop", "Parent Relationship": "Outer", "Join Type": "Inner", "Startup Cost": 0.0, "Total Cost": 2584.29, "Plan Rows": 70, "Plan Width": 12, "Inner Unique": false, "Plans": [{"Node Type": "Nested Loop", "Parent Relationship": "Outer", "Join Type": "Inner", "Startup Cost": 0.0, "Total Cost": 2573.32, "Plan Rows": 33, "Plan Width": 4, "Inner Unique": false, "Plans": [{"Node Type": "Seq Scan", "Parent Relationship": "Outer", "Relation Name": "keyword", "Alias": "k", "Startup Cost": 0.0, "Total Cost": 2436.11, "Plan Rows": 1, "Plan Width": 4, "Filter": "((keyword)::text = 'character-name-in-title'::text)"}, {"Node Type": "Index Scan", "Parent Relationship": "Inner", "Scan Direction": "Forward", "Index Name": "keyword_id_movie_keyword", "Relation Name": "movie_keyword", "Alias": "mk", "Startup Cost": 0.0, "Total Cost": 136.88, "Plan Rows": 33, "Plan Width": 8, "Index Cond": "(keyword_id = k.id)"}]}, {"Node Type": "Index Scan", "Parent Relationship": "Inner", "Scan Direction": "Forward", "Index Name": "movie_id_movie_companies", "Relation Name": "movie_companies", "Alias": "mc", "Startup Cost": 0.0, "Total Cost": 0.31, "Plan Rows": 2, "Plan Width": 8, "Index Cond": "(movie_id = mk.movie_id)"}]}, {"Node Type": "Index Scan", "Parent Relationship": "Inner", "Scan Direction": "Forward", "Index Name": "company_name_pkey", "Relation Name": "company_name", "Alias": "cn", "Startup Cost": 0.0, "Total Cost": 0.28, "Plan Rows": 1, "Plan Width": 4, "Index Cond": "(id = mc.company_id)", "Filter": "((country_code)::text = '[nl]'::text)"}]}, {"Node Type": "Index Scan", "Parent Relationship": "Inner", "Scan Direction": "Forward", "Index Name": "title_pkey", "Relation Name": "title", "Alias": "t", "Startup Cost": 0.0, "Total Cost": 0.31, "Plan Rows": 1, "Plan Width": 21, "Index Cond": "(id = mk.movie_id)"}]}]}, "Unique SQL Id": 2804875951, "Planner Runtime": 11}, "explain_analyze_plan": {"Plan": {"Node Type": "Aggregate", "Strategy": "Plain", "Startup Cost": 2605.07, "Total Cost": 2605.08, "Plan Rows": 1, "Plan Width": 49, "Actual Startup Time": 1003.672, "Actual Total Time": 1003.673, "Actual Rows": 1, "Actual Loops": 1, "Plans": [{"Node Type": "Nested Loop", "Parent Relationship": "Outer", "Join Type": "Inner", "Startup Cost": 0.0, "Total Cost": 2605.07, "Plan Rows": 2, "Plan Width": 17, "Actual Startup Time": 4.721, "Actual Total Time": 1000.415, "Actual Rows": 5228, "Actual Loops": 1, "Inner Unique": true, "Join Filter": "(mc.movie_id = t.id)", "Rows Removed by Join Filter": 0, "Plans": [{"Node Type": "Nested Loop", "Parent Relationship": "Outer", "Join Type": "Inner", "Startup Cost": 0.0, "Total Cost": 2604.42, "Plan Rows": 2, "Plan Width": 8, "Actual Startup Time": 4.708, "Actual Total Time": 973.99, "Actual Rows": 5228, "Actual Loops": 1, "Inner Unique": true, "Plans": [{"Node Type": "Nested Loop", "Parent Relationship": "Outer", "Join Type": "Inner", "Startup Cost": 0.0, "Total Cost": 2584.29, "Plan Rows": 70, "Plan Width": 12, "Actual Startup Time": 1.809, "Actual Total Time": 358.696, "Actual Rows": 148552, "Actual Loops": 1, "Inner Unique": false, "Plans": [{"Node Type": "Nested Loop", "Parent Relationship": "Outer", "Join Type": "Inner", "Startup Cost": 0.0, "Total Cost": 2573.32, "Plan Rows": 33, "Plan Width": 4, "Actual Startup Time": 1.792, "Actual Total Time": 86.929, "Actual Rows": 41840, "Actual Loops": 1, "Inner Unique": false, "Plans": [{"Node Type": "Seq Scan", "Parent Relationship": "Outer", "Relation Name": "keyword", "Alias": "k", "Startup Cost": 0.0, "Total Cost": 2436.11, "Plan Rows": 1, "Plan Width": 4, "Actual Startup Time": 1.768, "Actual Total Time": 41.894, "Actual Rows": 1, "Actual Loops": 1, "Filter": "((keyword)::text = 'character-name-in-title'::text)", "Rows Removed by Filter": 134168}, {"Node Type": "Index Scan", "Parent Relationship": "Inner", "Scan Direction": "Forward", "Index Name": "keyword_id_movie_keyword", "Relation Name": "movie_keyword", "Alias": "mk", "Startup Cost": 0.0, "Total Cost": 136.88, "Plan Rows": 33, "Plan Width": 8, "Actual Startup Time": 0.02, "Actual Total Time": 35.59, "Actual Rows": 41840, "Actual Loops": 1, "Index Cond": "(keyword_id = k.id)", "Rows Removed by Index Recheck": 0}]}, {"Node Type": "Index Scan", "Parent Relationship": "Inner", "Scan Direction": "Forward", "Index Name": "movie_id_movie_companies", "Relation Name": "movie_companies", "Alias": "mc", "Startup Cost": 0.0, "Total Cost": 0.31, "Plan Rows": 2, "Plan Width": 8, "Actual Startup Time": 145.322, "Actual Total Time": 215.961, "Actual Rows": 148552, "Actual Loops": 41840, "Index Cond": "(movie_id = mk.movie_id)", "Rows Removed by Index Recheck": 0}]}, {"Node Type": "Index Scan", "Parent Relationship": "Inner", "Scan Direction": "Forward", "Index Name": "company_name_pkey", "Relation Name": "company_name", "Alias": "cn", "Startup Cost": 0.0, "Total Cost": 0.28, "Plan Rows": 1, "Plan Width": 4, "Actual Startup Time": 543.353, "Actual Total Time": 543.353, "Actual Rows": 5228, "Actual Loops": 148552, "Index Cond": "(id = mc.company_id)", "Rows Removed by Index Recheck": 0, "Filter": "((country_code)::text = '[nl]'::text)", "Rows Removed by Filter": 143324}]}, {"Node Type": "Index Scan", "Parent Relationship": "Inner", "Scan Direction": "Forward", "Index Name": "title_pkey", "Relation Name": "title", "Alias": "t", "Startup Cost": 0.0, "Total Cost": 0.31, "Plan Rows": 1, "Plan Width": 21, "Actual Startup Time": 20.597, "Actual Total Time": 20.597, "Actual Rows": 5228, "Actual Loops": 5228, "Index Cond": "(id = mk.movie_id)", "Rows Removed by Index Recheck": 0}]}]}, "Triggers": [], "Planner Runtime": 10.364, "Total Runtime": 1003.955, "Unique SQL Id": 2804875951}}, "(16, '77')": {"explain_plan": {"Plan": {"Node Type": "Aggregate", "Strategy": "Plain", "Startup Cost": 3351.67, "Total Cost": 3351.68, "Plan Rows": 1, "Plan Width": 49, "Plans": [{"Node Type": "Nested Loop", "Parent Relationship": "Outer", "Join Type": "Inner", "Startup Cost": 0.0, "Total Cost": 3351.67, "Plan Rows": 2, "Plan Width": 17, "Inner Unique": true, "Join Filter": "(mc.movie_id = t.id)", "Plans": [{"Node Type": "Nested Loop", "Parent Relationship": "Outer", "Join Type": "Inner", "Startup Cost": 0.0, "Total Cost": 3351.03, "Plan Rows": 2, "Plan Width": 8, "Inner Unique": true, "Plans": [{"Node Type": "Nested Loop", "Parent Relationship": "Outer", "Join Type": "Inner", "Startup Cost": 0.0, "Total Cost": 3330.89, "Plan Rows": 70, "Plan Width": 12, "Inner Unique": false, "Plans": [{"Node Type": "Nested Loop", "Parent Relationship": "Outer", "Join Type": "Inner", "Startup Cost": 0.0, "Total Cost": 3319.92, "Plan Rows": 33, "Plan Width": 4, "Inner Unique": false, "Plans": [{"Node Type": "Index Scan", "Parent Relationship": "Outer", "Scan Direction": "Forward", "Index Name": "keyword_pkey", "Relation Name": "keyword", "Alias": "k", "Startup Cost": 0.0, "Total Cost": 3182.72, "Plan Rows": 1, "Plan Width": 4, "Filter": "((keyword)::text = 'character-name-in-title'::text)"}, {"Node Type": "Index Scan", "Parent Relationship": "Inner", "Scan Direction": "Forward", "Index Name": "keyword_id_movie_keyword", "Relation Name": "movie_keyword", "Alias": "mk", "Startup Cost": 0.0, "Total Cost": 136.88, "Plan Rows": 33, "Plan Width": 8, "Index Cond": "(keyword_id = k.id)"}]}, {"Node Type": "Index Scan", "Parent Relationship": "Inner", "Scan Direction": "Forward", "Index Name": "movie_id_movie_companies", "Relation Name": "movie_companies", "Alias": "mc", "Startup Cost": 0.0, "Total Cost": 0.31, "Plan Rows": 2, "Plan Width": 8, "Index Cond": "(movie_id = mk.movie_id)"}]}, {"Node Type": "Index Scan", "Parent Relationship": "Inner", "Scan Direction": "Forward", "Index Name": "company_name_pkey", "Relation Name": "company_name", "Alias": "cn", "Startup Cost": 0.0, "Total Cost": 0.28, "Plan Rows": 1, "Plan Width": 4, "Index Cond": "(id = mc.company_id)", "Filter": "((country_code)::text = '[nl]'::text)"}]}, {"Node Type": "Index Scan", "Parent Relationship": "Inner", "Scan Direction": "Forward", "Index Name": "title_pkey", "Relation Name": "title", "Alias": "t", "Startup Cost": 0.0, "Total Cost": 0.31, "Plan Rows": 1, "Plan Width": 21, "Index Cond": "(id = mk.movie_id)"}]}]}, "Unique SQL Id": 2804875951, "Planner Runtime": 9}, "explain_analyze_plan": {"Plan": {"Node Type": "Aggregate", "Strategy": "Plain", "Startup Cost": 3351.67, "Total Cost": 3351.68, "Plan Rows": 1, "Plan Width": 49, "Actual Startup Time": 1115.49, "Actual Total Time": 1115.49, "Actual Rows": 1, "Actual Loops": 1, "Plans": [{"Node Type": "Nested Loop", "Parent Relationship": "Outer", "Join Type": "Inner", "Startup Cost": 0.0, "Total Cost": 3351.67, "Plan Rows": 2, "Plan Width": 17, "Actual Startup Time": 3.24, "Actual Total Time": 1112.359, "Actual Rows": 5228, "Actual Loops": 1, "Inner Unique": true, "Join Filter": "(mc.movie_id = t.id)", "Rows Removed by Join Filter": 0, "Plans": [{"Node Type": "Nested Loop", "Parent Relationship": "Outer", "Join Type": "Inner", "Startup Cost": 0.0, "Total Cost": 3351.03, "Plan Rows": 2, "Plan Width": 8, "Actual Startup Time": 3.226, "Actual Total Time": 1085.159, "Actual Rows": 5228, "Actual Loops": 1, "Inner Unique": true, "Plans": [{"Node Type": "Nested Loop", "Parent Relationship": "Outer", "Join Type": "Inner", "Startup Cost": 0.0, "Total Cost": 3330.89, "Plan Rows": 70, "Plan Width": 12, "Actual Startup Time": 0.236, "Actual Total Time": 447.681, "Actual Rows": 148552, "Actual Loops": 1, "Inner Unique": false, "Plans": [{"Node Type": "Nested Loop", "Parent Relationship": "Outer", "Join Type": "Inner", "Startup Cost": 0.0, "Total Cost": 3319.92, "Plan Rows": 33, "Plan Width": 4, "Actual Startup Time": 0.221, "Actual Total Time": 168.712, "Actual Rows": 41840, "Actual Loops": 1, "Inner Unique": false, "Plans": [{"Node Type": "Index Scan", "Parent Relationship": "Outer", "Scan Direction": "Forward", "Index Name": "keyword_pkey", "Relation Name": "keyword", "Alias": "k", "Startup Cost": 0.0, "Total Cost": 3182.72, "Plan Rows": 1, "Plan Width": 4, "Actual Startup Time": 0.203, "Actual Total Time": 122.802, "Actual Rows": 1, "Actual Loops": 1, "Filter": "((keyword)::text = 'character-name-in-title'::text)", "Rows Removed by Filter": 134168}, {"Node Type": "Index Scan", "Parent Relationship": "Inner", "Scan Direction": "Forward", "Index Name": "keyword_id_movie_keyword", "Relation Name": "movie_keyword", "Alias": "mk", "Startup Cost": 0.0, "Total Cost": 136.88, "Plan Rows": 33, "Plan Width": 8, "Actual Startup Time": 0.013, "Actual Total Time": 36.759, "Actual Rows": 41840, "Actual Loops": 1, "Index Cond": "(keyword_id = k.id)", "Rows Removed by Index Recheck": 0}]}, {"Node Type": "Index Scan", "Parent Relationship": "Inner", "Scan Direction": "Forward", "Index Name": "movie_id_movie_companies", "Relation Name": "movie_companies", "Alias": "mc", "Startup Cost": 0.0, "Total Cost": 0.31, "Plan Rows": 2, "Plan Width": 8, "Actual Startup Time": 150.509, "Actual Total Time": 222.921, "Actual Rows": 148552, "Actual Loops": 41840, "Index Cond": "(movie_id = mk.movie_id)", "Rows Removed by Index Recheck": 0}]}, {"Node Type": "Index Scan", "Parent Relationship": "Inner", "Scan Direction": "Forward", "Index Name": "company_name_pkey", "Relation Name": "company_name", "Alias": "cn", "Startup Cost": 0.0, "Total Cost": 0.28, "Plan Rows": 1, "Plan Width": 4, "Actual Startup Time": 564.52, "Actual Total Time": 564.52, "Actual Rows": 5228, "Actual Loops": 148552, "Index Cond": "(id = mc.company_id)", "Rows Removed by Index Recheck": 0, "Filter": "((country_code)::text = '[nl]'::text)", "Rows Removed by Filter": 143324}]}, {"Node Type": "Index Scan", "Parent Relationship": "Inner", "Scan Direction": "Forward", "Index Name": "title_pkey", "Relation Name": "title", "Alias": "t", "Startup Cost": 0.0, "Total Cost": 0.31, "Plan Rows": 1, "Plan Width": 21, "Actual Startup Time": 21.443, "Actual Total Time": 21.443, "Actual Rows": 5228, "Actual Loops": 5228, "Index Cond": "(id = mk.movie_id)", "Rows Removed by Index Recheck": 0}]}]}, "Triggers": [], "Planner Runtime": 9.9, "Total Runtime": 1115.761, "Unique SQL Id": 2804875951}}, "(16, '78')": {"explain_plan": {"Plan": {"Node Type": "Aggregate", "Strategy": "Plain", "Startup Cost": 110556.13, "Total Cost": 110556.15, "Plan Rows": 1, "Plan Width": 49, "Plans": [{"Node Type": "Streaming(type: LOCAL GATHER dop: 1/16)", "Parent Relationship": "Outer", "Startup Cost": 110556.13, "Total Cost": 110556.15, "Plan Rows": 1, "Plan Width": 49, "Plans": [{"Node Type": "Aggregate", "Strategy": "Plain", "Parent Relationship": "Outer", "Startup Cost": 110556.13, "Total Cost": 110556.14, "Plan Rows": 1, "Plan Width": 49, "Plans": [{"Node Type": "Hash Join", "Parent Relationship": "Outer", "Join Type": "Inner", "Startup Cost": 91209.23, "Total Cost": 110556.13, "Plan Rows": 2, "Plan Width": 17, "Inner Unique": false, "Hash Cond": "(t.id = mc.movie_id)", "Plans": [{"Node Type": "Seq Scan", "Parent Relationship": "Outer", "Relation Name": "title", "Alias": "t", "Startup Cost": 0.0, "Total Cost": 18754.32, "Plan Rows": 2528311, "Plan Width": 21}, {"Node Type": "Hash", "Parent Relationship": "Inner", "Startup Cost": 91209.2, "Total Cost": 91209.2, "Plan Rows": 32, "Plan Width": 8, "Plans": [{"Node Type": "Streaming(type: BROADCAST dop: 16/1)", "Parent Relationship": "Outer", "Startup Cost": 57980.91, "Total Cost": 91209.2, "Plan Rows": 32, "Plan Width": 8, "Plans": [{"Node Type": "Hash Join", "Parent Relationship": "Outer", "Join Type": "Inner", "Startup Cost": 57980.91, "Total Cost": 76208.51, "Plan Rows": 2, "Plan Width": 8, "Inner Unique": true, "Hash Cond": "(mc.company_id = cn.id)", "Plans": [{"Node Type": "Streaming(type: LOCAL GATHER dop: 1/16)", "Parent Relationship": "Outer", "Startup Cost": 52049.46, "Total Cost": 70276.1, "Plan Rows": 70, "Plan Width": 12, "Plans": [{"Node Type": "Hash Join", "Parent Relationship": "Outer", "Join Type": "Inner", "Startup Cost": 52049.46, "Total Cost": 70274.59, "Plan Rows": 70, "Plan Width": 12, "Inner Unique": false, "Hash Cond": "(mc.movie_id = mk.movie_id)", "Plans": [{"Node Type": "Seq Scan", "Parent Relationship": "Outer", "Relation Name": "movie_companies", "Alias": "mc", "Startup Cost": 0.0, "Total Cost": 17613.58, "Plan Rows": 2609128, "Plan Width": 8}, {"Node Type": "Hash", "Parent Relationship": "Inner", "Startup Cost": 52049.04, "Total Cost": 52049.04, "Plan Rows": 528, "Plan Width": 4, "Plans": [{"Node Type": "Streaming(type: BROADCAST dop: 16/16)", "Parent Relationship": "Outer", "Startup Cost": 17436.47, "Total Cost": 52049.04, "Plan Rows": 528, "Plan Width": 4, "Plans": [{"Node Type": "Hash Join", "Parent Relationship": "Outer", "Join Type": "Inner", "Startup Cost": 17436.47, "Total Cost": 37047.7, "Plan Rows": 33, "Plan Width": 4, "Inner Unique": true, "Hash Cond": "(mk.keyword_id = k.id)", "Plans": [{"Node Type": "Seq Scan", "Parent Relationship": "Outer", "Relation Name": "movie_keyword", "Alias": "mk", "Startup Cost": 0.0, "Total Cost": 18902.58, "Plan Rows": 4523929, "Plan Width": 8}, {"Node Type": "Hash", "Parent Relationship": "Inner", "Startup Cost": 17436.46, "Total Cost": 17436.46, "Plan Rows": 16, "Plan Width": 4, "Plans": [{"Node Type": "Streaming(type: BROADCAST dop: 16/1)", "Parent Relationship": "Outer", "Startup Cost": 0.0, "Total Cost": 17436.46, "Plan Rows": 16, "Plan Width": 4, "Plans": [{"Node Type": "Seq Scan", "Parent Relationship": "Outer", "Relation Name": "keyword", "Alias": "k", "Startup Cost": 0.0, "Total Cost": 2436.11, "Plan Rows": 1, "Plan Width": 4, "Filter": "((keyword)::text = 'character-name-in-title'::text)"}]}]}]}]}]}]}]}, {"Node Type": "Hash", "Parent Relationship": "Inner", "Startup Cost": 5903.45, "Total Cost": 5903.45, "Plan Rows": 2240, "Plan Width": 4, "Plans": [{"Node Type": "Seq Scan", "Parent Relationship": "Outer", "Relation Name": "company_name", "Alias": "cn", "Startup Cost": 0.0, "Total Cost": 5903.45, "Plan Rows": 2240, "Plan Width": 4, "Filter": "((country_code)::text = '[nl]'::text)"}]}]}]}]}]}]}]}]}, "Unique SQL Id": 2804875951, "Planner Runtime": 29}, "explain_analyze_plan": {"Plan": {"Node Type": "Aggregate", "Strategy": "Plain", "Startup Cost": 110556.13, "Total Cost": 110556.15, "Plan Rows": 1, "Plan Width": 49, "Actual Min Startup Time": 555.882, "Actual Max Startup Time": 555.882, "Actual Min Total Time": 555.882, "Actual Max Total Time": 555.882, "Plans": [{"Node Type": "Streaming(type: LOCAL GATHER dop: 1/16)", "Parent Relationship": "Outer", "Startup Cost": 110556.13, "Total Cost": 110556.15, "Plan Rows": 1, "Plan Width": 49, "Actual Min Startup Time": 545.82, "Actual Max Startup Time": 545.82, "Actual Min Total Time": 555.85, "Actual Max Total Time": 555.85, "Plans": [{"Node Type": "Aggregate", "Strategy": "Plain", "Parent Relationship": "Outer", "Startup Cost": 110556.13, "Total Cost": 110556.14, "Plan Rows": 1, "Plan Width": 49, "Actual Min Startup Time": 409.279, "Actual Max Startup Time": 440.627, "Actual Min Total Time": 409.279, "Actual Max Total Time": 440.628, "Plans": [{"Node Type": "Hash Join", "Parent Relationship": "Outer", "Join Type": "Inner", "Startup Cost": 91209.23, "Total Cost": 110556.13, "Plan Rows": 2, "Plan Width": 17, "Actual Min Startup Time": 338.095, "Actual Max Startup Time": 377.459, "Actual Min Total Time": 409.133, "Actual Max Total Time": 440.447, "Inner Unique": false, "Hash Cond": "(t.id = mc.movie_id)", "Plans": [{"Node Type": "Seq Scan", "Parent Relationship": "Outer", "Relation Name": "title", "Alias": "t", "Startup Cost": 0.0, "Total Cost": 18754.32, "Plan Rows": 2528311, "Plan Width": 21, "Actual Min Startup Time": 0.042, "Actual Max Startup Time": 0.06, "Actual Min Total Time": 38.991, "Actual Max Total Time": 45.434, "Actual Rows": 2528311}, {"Node Type": "Hash", "Parent Relationship": "Inner", "Startup Cost": 91209.2, "Total Cost": 91209.2, "Plan Rows": 32, "Plan Width": 8, "Actual Min Startup Time": 337.495, "Actual Max Startup Time": 375.373, "Actual Min Total Time": 337.495, "Actual Max Total Time": 375.373, "Max Hash Buckets": 32768, "Min Hash Buckets": 32768, "Max Hash Batches": 1, "Min Hash Batches": 1, "Max Original Hash Batches": 1, "Min Original Hash Batches": 1, "Max Peak Memory Usage": 205, "min Peak Memory Usage": 205, "Plans": [{"Node Type": "Streaming(type: BROADCAST dop: 16/1)", "Parent Relationship": "Outer", "Startup Cost": 57980.91, "Total Cost": 91209.2, "Plan Rows": 32, "Plan Width": 8, "Actual Min Startup Time": 167.45, "Actual Max Startup Time": 205.294, "Actual Min Total Time": 335.571, "Actual Max Total Time": 374.079, "Plans": [{"Node Type": "Hash Join", "Parent Relationship": "Outer", "Join Type": "Inner", "Startup Cost": 57980.91, "Total Cost": 76208.51, "Plan Rows": 2, "Plan Width": 8, "Actual Min Startup Time": 217.039, "Actual Max Startup Time": 217.039, "Actual Min Total Time": 333.497, "Actual Max Total Time": 333.497, "Inner Unique": true, "Hash Cond": "(mc.company_id = cn.id)", "Plans": [{"Node Type": "Streaming(type: LOCAL GATHER dop: 1/16)", "Parent Relationship": "Outer", "Startup Cost": 52049.46, "Total Cost": 70276.1, "Plan Rows": 70, "Plan Width": 12, "Actual Min Startup Time": 136.008, "Actual Max Startup Time": 136.008, "Actual Min Total Time": 226.398, "Actual Max Total Time": 226.398, "Plans": [{"Node Type": "Hash Join", "Parent Relationship": "Outer", "Join Type": "Inner", "Startup Cost": 52049.46, "Total Cost": 70274.59, "Plan Rows": 70, "Plan Width": 12, "Actual Min Startup Time": 163.703, "Actual Max Startup Time": 215.019, "Actual Min Total Time": 239.512, "Actual Max Total Time": 292.436, "Inner Unique": false, "Hash Cond": "(mc.movie_id = mk.movie_id)", "Plans": [{"Node Type": "Seq Scan", "Parent Relationship": "Outer", "Relation Name": "movie_companies", "Alias": "mc", "Startup Cost": 0.0, "Total Cost": 17613.58, "Plan Rows": 2609128, "Plan Width": 8, "Actual Min Startup Time": 0.049, "Actual Max Startup Time": 0.07, "Actual Min Total Time": 34.911, "Actual Max Total Time": 40.904, "Actual Rows": 2609128}, {"Node Type": "Hash", "Parent Relationship": "Inner", "Startup Cost": 52049.04, "Total Cost": 52049.04, "Plan Rows": 528, "Plan Width": 4, "Actual Min Startup Time": 163.472, "Actual Max Startup Time": 214.818, "Actual Min Total Time": 163.472, "Actual Max Total Time": 214.818, "Max Hash Buckets": 32768, "Min Hash Buckets": 32768, "Max Hash Batches": 1, "Min Hash Batches": 1, "Max Original Hash Batches": 1, "Min Original Hash Batches": 1, "Max Peak Memory Usage": 1471, "min Peak Memory Usage": 1471, "Plans": [{"Node Type": "Streaming(type: BROADCAST dop: 16/16)", "Parent Relationship": "Outer", "Startup Cost": 17436.47, "Total Cost": 52049.04, "Plan Rows": 528, "Plan Width": 4, "Actual Min Startup Time": 0.064, "Actual Max Startup Time": 0.138, "Actual Min Total Time": 148.637, "Actual Max Total Time": 204.884, "Plans": [{"Node Type": "Hash Join", "Parent Relationship": "Outer", "Join Type": "Inner", "Startup Cost": 17436.47, "Total Cost": 37047.7, "Plan Rows": 33, "Plan Width": 4, "Actual Min Startup Time": 0.146, "Actual Max Startup Time": 15.438, "Actual Min Total Time": 107.91, "Actual Max Total Time": 135.924, "Inner Unique": true, "Hash Cond": "(mk.keyword_id = k.id)", "Plans": [{"Node Type": "Seq Scan", "Parent Relationship": "Outer", "Relation Name": "movie_keyword", "Alias": "mk", "Startup Cost": 0.0, "Total Cost": 18902.58, "Plan Rows": 4523929, "Plan Width": 8, "Actual Min Startup Time": 0.059, "Actual Max Startup Time": 0.079, "Actual Min Total Time": 60.198, "Actual Max Total Time": 67.159, "Actual Rows": 4523929}, {"Node Type": "Hash", "Parent Relationship": "Inner", "Startup Cost": 17436.46, "Total Cost": 17436.46, "Plan Rows": 16, "Plan Width": 4, "Actual Min Startup Time": 0.015, "Actual Max Startup Time": 15.232, "Actual Min Total Time": 0.015, "Actual Max Total Time": 15.232, "Max Hash Buckets": 32768, "Min Hash Buckets": 32768, "Max Hash Batches": 1, "Min Hash Batches": 1, "Max Original Hash Batches": 1, "Min Original Hash Batches": 1, "Max Peak Memory Usage": 1, "min Peak Memory Usage": 1, "Plans": [{"Node Type": "Streaming(type: BROADCAST dop: 16/1)", "Parent Relationship": "Outer", "Startup Cost": 0.0, "Total Cost": 17436.46, "Plan Rows": 16, "Plan Width": 4, "Actual Min Startup Time": 0.003, "Actual Max Startup Time": 15.217, "Actual Min Total Time": 0.004, "Actual Max Total Time": 15.218, "Plans": [{"Node Type": "Seq Scan", "Parent Relationship": "Outer", "Relation Name": "keyword", "Alias": "k", "Startup Cost": 0.0, "Total Cost": 2436.11, "Plan Rows": 1, "Plan Width": 4, "Actual Min Startup Time": 1.892, "Actual Max Startup Time": 1.892, "Actual Min Total Time": 43.326, "Actual Max Total Time": 43.326, "Filter": "((keyword)::text = 'character-name-in-title'::text)", "Rows Removed by Filter": 134168, "Actual Rows": 1}], "Actual Rows": 16}], "Actual Rows": 16}], "Actual Rows": 41840}], "Actual Rows": 669440}], "Actual Rows": 669440}], "Actual Rows": 148552}], "Actual Rows": 148552}, {"Node Type": "Hash", "Parent Relationship": "Inner", "Startup Cost": 5903.45, "Total Cost": 5903.45, "Plan Rows": 2240, "Plan Width": 4, "Actual Min Startup Time": 80.94, "Actual Max Startup Time": 80.94, "Actual Min Total Time": 80.94, "Actual Max Total Time": 80.94, "Max Hash Buckets": 32768, "Min Hash Buckets": 32768, "Max Hash Batches": 1, "Min Hash Batches": 1, "Max Original Hash Batches": 1, "Min Original Hash Batches": 1, "Max Peak Memory Usage": 83, "min Peak Memory Usage": 83, "Plans": [{"Node Type": "Seq Scan", "Parent Relationship": "Outer", "Relation Name": "company_name", "Alias": "cn", "Startup Cost": 0.0, "Total Cost": 5903.45, "Plan Rows": 2240, "Plan Width": 4, "Actual Min Startup Time": 0.068, "Actual Max Startup Time": 0.068, "Actual Min Total Time": 80.137, "Actual Max Total Time": 80.137, "Filter": "((country_code)::text = '[nl]'::text)", "Rows Removed by Filter": 232656, "Actual Rows": 2340}], "Actual Rows": 2340}], "Actual Rows": 5228}], "Actual Rows": 83648}], "Actual Rows": 83648}], "Actual Rows": 5228}], "Actual Rows": 16}], "Actual Rows": 16}], "Actual Rows": 1}, "Triggers": [], "Planner Runtime": 26.454, "Total Runtime": 568.971, "Unique SQL Id": 2804875951}}, "(16, '79')": {"explain_plan": {"Plan": {"Node Type": "Aggregate", "Strategy": "Plain", "Startup Cost": 4998934717572.65, "Total Cost": 4998934717572.66, "Plan Rows": 1, "Plan Width": 49, "Plans": [{"Node Type": "Hash Join", "Parent Relationship": "Outer", "Join Type": "Inner", "Startup Cost": 2030100702557.26, "Total Cost": 4998934717572.64, "Plan Rows": 2, "Plan Width": 17, "Inner Unique": true, "Hash Cond": "(mc.company_id = cn.id)", "Plans": [{"Node Type": "Hash Join", "Parent Relationship": "Outer", "Join Type": "Inner", "Startup Cost": 1030099652390.29, "Total Cost": 3998933667404.71, "Plan Rows": 70, "Plan Width": 21, "Inner Unique": true, "Hash Cond": "(mk.keyword_id = k.id)", "Plans": [{"Node Type": "Merge Join", "Parent Relationship": "Outer", "Join Type": "Inner", "Startup Cost": 30099334118.59, "Total Cost": 2998933325182.46, "Plan Rows": 9556051, "Plan Width": 25, "Inner Unique": false, "Merge Cond": "(t.id = mc.movie_id)", "Plans": [{"Node Type": "Index Scan", "Parent Relationship": "Outer", "Scan Direction": "Forward", "Index Name": "title_pkey", "Relation Name": "title", "Alias": "t", "Startup Cost": 10000000000.0, "Total Cost": 1000011012048.91, "Plan Rows": 2528311, "Plan Width": 21}, {"Node Type": "Materialize", "Parent Relationship": "Inner", "Startup Cost": 20077406192.39, "Total Cost": 1999870961740.56, "Plan Rows": 9556051, "Plan Width": 16, "Plans": [{"Node Type": "Merge Join", "Parent Relationship": "Outer", "Join Type": "Inner", "Startup Cost": 20077406192.39, "Total Cost": 1999870937850.44, "Plan Rows": 9556051, "Plan Width": 16, "Inner Unique": false, "Merge Cond": "(mc.movie_id = mk.movie_id)", "Plans": [{"Node Type": "Index Scan", "Parent Relationship": "Outer", "Scan Direction": "Forward", "Index Name": "movie_id_movie_companies", "Relation Name": "movie_companies", "Alias": "mc", "Startup Cost": 10000000000.0, "Total Cost": 1000013051946.13, "Plan Rows": 2609128, "Plan Width": 8}, {"Node Type": "Materialize", "Parent Relationship": "Inner", "Startup Cost": 10000000000.0, "Total Cost": 1000015311943.99, "Plan Rows": 4523929, "Plan Width": 8, "Plans": [{"Node Type": "Index Scan", "Parent Relationship": "Outer", "Scan Direction": "Forward", "Index Name": "movie_id_movie_keyword", "Relation Name": "movie_keyword", "Alias": "mk", "Startup Cost": 10000000000.0, "Total Cost": 1000015300634.17, "Plan Rows": 4523929, "Plan Width": 8}]}]}]}]}, {"Node Type": "Hash", "Parent Relationship": "Inner", "Startup Cost": 1000000318271.68, "Total Cost": 1000000318271.68, "Plan Rows": 1, "Plan Width": 4, "Plans": [{"Node Type": "Index Scan", "Parent Relationship": "Outer", "Scan Direction": "Forward", "Index Name": "keyword_pkey", "Relation Name": "keyword", "Alias": "k", "Startup Cost": 10000000000.0, "Total Cost": 1000000318271.68, "Plan Rows": 1, "Plan Width": 4, "Filter": "((keyword)::text = 'character-name-in-title'::text)"}]}]}, {"Node Type": "Hash", "Parent Relationship": "Inner", "Startup Cost": 1000001050138.97, "Total Cost": 1000001050138.97, "Plan Rows": 2240, "Plan Width": 4, "Plans": [{"Node Type": "Index Scan", "Parent Relationship": "Outer", "Scan Direction": "Forward", "Index Name": "company_name_pkey", "Relation Name": "company_name", "Alias": "cn", "Startup Cost": 10000000000.0, "Total Cost": 1000001050138.97, "Plan Rows": 2240, "Plan Width": 4, "Filter": "((country_code)::text = '[nl]'::text)"}]}]}]}, "Unique SQL Id": 2804875951, "Planner Runtime": 22}, "explain_analyze_plan": null}, "(16, '80')": {"explain_plan": {"Plan": {"Node Type": "Aggregate", "Strategy": "Plain", "Startup Cost": 2600.78, "Total Cost": 2600.79, "Plan Rows": 1, "Plan Width": 49, "Plans": [{"Node Type": "Nested Loop", "Parent Relationship": "Outer", "Join Type": "Inner", "Startup Cost": 4.51, "Total Cost": 2600.77, "Plan Rows": 2, "Plan Width": 17, "Inner Unique": true, "Join Filter": "(mc.movie_id = t.id)", "Plans": [{"Node Type": "Nested Loop", "Parent Relationship": "Outer", "Join Type": "Inner", "Startup Cost": 4.51, "Total Cost": 2600.13, "Plan Rows": 2, "Plan Width": 8, "Inner Unique": true, "Plans": [{"Node Type": "Nested Loop", "Parent Relationship": "Outer", "Join Type": "Inner", "Startup Cost": 4.51, "Total Cost": 2579.99, "Plan Rows": 70, "Plan Width": 12, "Inner Unique": false, "Plans": [{"Node Type": "Nested Loop", "Parent Relationship": "Outer", "Join Type": "Inner", "Startup Cost": 4.51, "Total Cost": 2569.02, "Plan Rows": 33, "Plan Width": 4, "Inner Unique": false, "Plans": [{"Node Type": "Seq Scan", "Parent Relationship": "Outer", "Relation Name": "keyword", "Alias": "k", "Startup Cost": 0.0, "Total Cost": 2436.11, "Plan Rows": 1, "Plan Width": 4, "Filter": "((keyword)::text = 'character-name-in-title'::text)"}, {"Node Type": "Bitmap Heap Scan", "Parent Relationship": "Inner", "Relation Name": "movie_keyword", "Alias": "mk", "Startup Cost": 4.51, "Total Cost": 132.58, "Plan Rows": 33, "Plan Width": 8, "Recheck Cond": "(keyword_id = k.id)", "Plans": [{"Node Type": "Bitmap Index Scan", "Parent Relationship": "Outer", "Index Name": "keyword_id_movie_keyword", "Startup Cost": 0.0, "Total Cost": 4.5, "Plan Rows": 33, "Plan Width": 0, "Index Cond": "(keyword_id = k.id)"}]}]}, {"Node Type": "Index Scan", "Parent Relationship": "Inner", "Scan Direction": "Forward", "Index Name": "movie_id_movie_companies", "Relation Name": "movie_companies", "Alias": "mc", "Startup Cost": 0.0, "Total Cost": 0.31, "Plan Rows": 2, "Plan Width": 8, "Index Cond": "(movie_id = mk.movie_id)"}]}, {"Node Type": "Index Scan", "Parent Relationship": "Inner", "Scan Direction": "Forward", "Index Name": "company_name_pkey", "Relation Name": "company_name", "Alias": "cn", "Startup Cost": 0.0, "Total Cost": 0.28, "Plan Rows": 1, "Plan Width": 4, "Index Cond": "(id = mc.company_id)", "Filter": "((country_code)::text = '[nl]'::text)"}]}, {"Node Type": "Index Scan", "Parent Relationship": "Inner", "Scan Direction": "Forward", "Index Name": "title_pkey", "Relation Name": "title", "Alias": "t", "Startup Cost": 0.0, "Total Cost": 0.31, "Plan Rows": 1, "Plan Width": 21, "Index Cond": "(id = mk.movie_id)"}]}]}, "Unique SQL Id": 2804875951, "Planner Runtime": 6}, "explain_analyze_plan": {"Plan": {"Node Type": "Aggregate", "Strategy": "Plain", "Startup Cost": 2600.78, "Total Cost": 2600.79, "Plan Rows": 1, "Plan Width": 49, "Actual Startup Time": 1042.053, "Actual Total Time": 1042.053, "Actual Rows": 1, "Actual Loops": 1, "Plans": [{"Node Type": "Nested Loop", "Parent Relationship": "Outer", "Join Type": "Inner", "Startup Cost": 4.51, "Total Cost": 2600.77, "Plan Rows": 2, "Plan Width": 17, "Actual Startup Time": 15.009, "Actual Total Time": 1039.002, "Actual Rows": 5228, "Actual Loops": 1, "Inner Unique": true, "Join Filter": "(mc.movie_id = t.id)", "Rows Removed by Join Filter": 0, "Plans": [{"Node Type": "Nested Loop", "Parent Relationship": "Outer", "Join Type": "Inner", "Startup Cost": 4.51, "Total Cost": 2600.13, "Plan Rows": 2, "Plan Width": 8, "Actual Startup Time": 14.993, "Actual Total Time": 1010.698, "Actual Rows": 5228, "Actual Loops": 1, "Inner Unique": true, "Plans": [{"Node Type": "Nested Loop", "Parent Relationship": "Outer", "Join Type": "Inner", "Startup Cost": 4.51, "Total Cost": 2579.99, "Plan Rows": 70, "Plan Width": 12, "Actual Startup Time": 11.933, "Actual Total Time": 388.31, "Actual Rows": 148552, "Actual Loops": 1, "Inner Unique": false, "Plans": [{"Node Type": "Nested Loop", "Parent Relationship": "Outer", "Join Type": "Inner", "Startup Cost": 4.51, "Total Cost": 2569.02, "Plan Rows": 33, "Plan Width": 4, "Actual Startup Time": 11.905, "Actual Total Time": 101.867, "Actual Rows": 41840, "Actual Loops": 1, "Inner Unique": false, "Plans": [{"Node Type": "Seq Scan", "Parent Relationship": "Outer", "Relation Name": "keyword", "Alias": "k", "Startup Cost": 0.0, "Total Cost": 2436.11, "Plan Rows": 1, "Plan Width": 4, "Actual Startup Time": 1.829, "Actual Total Time": 42.003, "Actual Rows": 1, "Actual Loops": 1, "Filter": "((keyword)::text = 'character-name-in-title'::text)", "Rows Removed by Filter": 134168}, {"Node Type": "Bitmap Heap Scan", "Parent Relationship": "Inner", "Relation Name": "movie_keyword", "Alias": "mk", "Startup Cost": 4.51, "Total Cost": 132.58, "Plan Rows": 33, "Plan Width": 8, "Actual Startup Time": 10.069, "Actual Total Time": 51.314, "Actual Rows": 41840, "Actual Loops": 1, "Recheck Cond": "(keyword_id = k.id)", "Rows Removed by Index Recheck": 0, "Exact Heap Blocks": 9702, "Lossy Heap Blocks": 9702, "Plans": [{"Node Type": "Bitmap Index Scan", "Parent Relationship": "Outer", "Index Name": "keyword_id_movie_keyword", "Startup Cost": 0.0, "Total Cost": 4.5, "Plan Rows": 33, "Plan Width": 0, "Actual Startup Time": 8.236, "Actual Total Time": 8.236, "Actual Rows": 41840, "Actual Loops": 1, "Index Cond": "(keyword_id = k.id)"}]}]}, {"Node Type": "Index Scan", "Parent Relationship": "Inner", "Scan Direction": "Forward", "Index Name": "movie_id_movie_companies", "Relation Name": "movie_companies", "Alias": "mc", "Startup Cost": 0.0, "Total Cost": 0.31, "Plan Rows": 2, "Plan Width": 8, "Actual Startup Time": 155.322, "Actual Total Time": 230.57, "Actual Rows": 148552, "Actual Loops": 41840, "Index Cond": "(movie_id = mk.movie_id)", "Rows Removed by Index Recheck": 0}]}, {"Node Type": "Index Scan", "Parent Relationship": "Inner", "Scan Direction": "Forward", "Index Name": "company_name_pkey", "Relation Name": "company_name", "Alias": "cn", "Startup Cost": 0.0, "Total Cost": 0.28, "Plan Rows": 1, "Plan Width": 4, "Actual Startup Time": 550.613, "Actual Total Time": 550.613, "Actual Rows": 5228, "Actual Loops": 148552, "Index Cond": "(id = mc.company_id)", "Rows Removed by Index Recheck": 0, "Filter": "((country_code)::text = '[nl]'::text)", "Rows Removed by Filter": 143324}]}, {"Node Type": "Index Scan", "Parent Relationship": "Inner", "Scan Direction": "Forward", "Index Name": "title_pkey", "Relation Name": "title", "Alias": "t", "Startup Cost": 0.0, "Total Cost": 0.31, "Plan Rows": 1, "Plan Width": 21, "Actual Startup Time": 22.709, "Actual Total Time": 22.709, "Actual Rows": 5228, "Actual Loops": 5228, "Index Cond": "(id = mk.movie_id)", "Rows Removed by Index Recheck": 0}]}]}, "Triggers": [], "Planner Runtime": 10.46, "Total Runtime": 1042.518, "Unique SQL Id": 2804875951}}, "(16, '81')": {"explain_plan": {"Plan": {"Node Type": "Aggregate", "Strategy": "Plain", "Startup Cost": 3347.38, "Total Cost": 3347.39, "Plan Rows": 1, "Plan Width": 49, "Plans": [{"Node Type": "Nested Loop", "Parent Relationship": "Outer", "Join Type": "Inner", "Startup Cost": 4.51, "Total Cost": 3347.38, "Plan Rows": 2, "Plan Width": 17, "Inner Unique": true, "Join Filter": "(mc.movie_id = t.id)", "Plans": [{"Node Type": "Nested Loop", "Parent Relationship": "Outer", "Join Type": "Inner", "Startup Cost": 4.51, "Total Cost": 3346.73, "Plan Rows": 2, "Plan Width": 8, "Inner Unique": true, "Plans": [{"Node Type": "Nested Loop", "Parent Relationship": "Outer", "Join Type": "Inner", "Startup Cost": 4.51, "Total Cost": 3326.6, "Plan Rows": 70, "Plan Width": 12, "Inner Unique": false, "Plans": [{"Node Type": "Nested Loop", "Parent Relationship": "Outer", "Join Type": "Inner", "Startup Cost": 4.51, "Total Cost": 3315.63, "Plan Rows": 33, "Plan Width": 4, "Inner Unique": false, "Plans": [{"Node Type": "Index Scan", "Parent Relationship": "Outer", "Scan Direction": "Forward", "Index Name": "keyword_pkey", "Relation Name": "keyword", "Alias": "k", "Startup Cost": 0.0, "Total Cost": 3182.72, "Plan Rows": 1, "Plan Width": 4, "Filter": "((keyword)::text = 'character-name-in-title'::text)"}, {"Node Type": "Bitmap Heap Scan", "Parent Relationship": "Inner", "Relation Name": "movie_keyword", "Alias": "mk", "Startup Cost": 4.51, "Total Cost": 132.58, "Plan Rows": 33, "Plan Width": 8, "Recheck Cond": "(keyword_id = k.id)", "Plans": [{"Node Type": "Bitmap Index Scan", "Parent Relationship": "Outer", "Index Name": "keyword_id_movie_keyword", "Startup Cost": 0.0, "Total Cost": 4.5, "Plan Rows": 33, "Plan Width": 0, "Index Cond": "(keyword_id = k.id)"}]}]}, {"Node Type": "Index Scan", "Parent Relationship": "Inner", "Scan Direction": "Forward", "Index Name": "movie_id_movie_companies", "Relation Name": "movie_companies", "Alias": "mc", "Startup Cost": 0.0, "Total Cost": 0.31, "Plan Rows": 2, "Plan Width": 8, "Index Cond": "(movie_id = mk.movie_id)"}]}, {"Node Type": "Index Scan", "Parent Relationship": "Inner", "Scan Direction": "Forward", "Index Name": "company_name_pkey", "Relation Name": "company_name", "Alias": "cn", "Startup Cost": 0.0, "Total Cost": 0.28, "Plan Rows": 1, "Plan Width": 4, "Index Cond": "(id = mc.company_id)", "Filter": "((country_code)::text = '[nl]'::text)"}]}, {"Node Type": "Index Scan", "Parent Relationship": "Inner", "Scan Direction": "Forward", "Index Name": "title_pkey", "Relation Name": "title", "Alias": "t", "Startup Cost": 0.0, "Total Cost": 0.31, "Plan Rows": 1, "Plan Width": 21, "Index Cond": "(id = mk.movie_id)"}]}]}, "Unique SQL Id": 2804875951, "Planner Runtime": 7}, "explain_analyze_plan": {"Plan": {"Node Type": "Aggregate", "Strategy": "Plain", "Startup Cost": 3347.38, "Total Cost": 3347.39, "Plan Rows": 1, "Plan Width": 49, "Actual Startup Time": 1183.532, "Actual Total Time": 1183.533, "Actual Rows": 1, "Actual Loops": 1, "Plans": [{"Node Type": "Nested Loop", "Parent Relationship": "Outer", "Join Type": "Inner", "Startup Cost": 4.51, "Total Cost": 3347.38, "Plan Rows": 2, "Plan Width": 17, "Actual Startup Time": 13.942, "Actual Total Time": 1180.637, "Actual Rows": 5228, "Actual Loops": 1, "Inner Unique": true, "Join Filter": "(mc.movie_id = t.id)", "Rows Removed by Join Filter": 0, "Plans": [{"Node Type": "Nested Loop", "Parent Relationship": "Outer", "Join Type": "Inner", "Startup Cost": 4.51, "Total Cost": 3346.73, "Plan Rows": 2, "Plan Width": 8, "Actual Startup Time": 13.922, "Actual Total Time": 1148.172, "Actual Rows": 5228, "Actual Loops": 1, "Inner Unique": true, "Plans": [{"Node Type": "Nested Loop", "Parent Relationship": "Outer", "Join Type": "Inner", "Startup Cost": 4.51, "Total Cost": 3326.6, "Plan Rows": 70, "Plan Width": 12, "Actual Startup Time": 10.495, "Actual Total Time": 511.238, "Actual Rows": 148552, "Actual Loops": 1, "Inner Unique": false, "Plans": [{"Node Type": "Nested Loop", "Parent Relationship": "Outer", "Join Type": "Inner", "Startup Cost": 4.51, "Total Cost": 3315.63, "Plan Rows": 33, "Plan Width": 4, "Actual Startup Time": 10.465, "Actual Total Time": 196.622, "Actual Rows": 41840, "Actual Loops": 1, "Inner Unique": false, "Plans": [{"Node Type": "Index Scan", "Parent Relationship": "Outer", "Scan Direction": "Forward", "Index Name": "keyword_pkey", "Relation Name": "keyword", "Alias": "k", "Startup Cost": 0.0, "Total Cost": 3182.72, "Plan Rows": 1, "Plan Width": 4, "Actual Startup Time": 0.292, "Actual Total Time": 125.899, "Actual Rows": 1, "Actual Loops": 1, "Filter": "((keyword)::text = 'character-name-in-title'::text)", "Rows Removed by Filter": 134168}, {"Node Type": "Bitmap Heap Scan", "Parent Relationship": "Inner", "Relation Name": "movie_keyword", "Alias": "mk", "Startup Cost": 4.51, "Total Cost": 132.58, "Plan Rows": 33, "Plan Width": 8, "Actual Startup Time": 10.166, "Actual Total Time": 61.96, "Actual Rows": 41840, "Actual Loops": 1, "Recheck Cond": "(keyword_id = k.id)", "Rows Removed by Index Recheck": 0, "Exact Heap Blocks": 9702, "Lossy Heap Blocks": 9702, "Plans": [{"Node Type": "Bitmap Index Scan", "Parent Relationship": "Outer", "Index Name": "keyword_id_movie_keyword", "Startup Cost": 0.0, "Total Cost": 4.5, "Plan Rows": 33, "Plan Width": 0, "Actual Startup Time": 8.352, "Actual Total Time": 8.352, "Actual Rows": 41840, "Actual Loops": 1, "Index Cond": "(keyword_id = k.id)"}]}]}, {"Node Type": "Index Scan", "Parent Relationship": "Inner", "Scan Direction": "Forward", "Index Name": "movie_id_movie_companies", "Relation Name": "movie_companies", "Alias": "mc", "Startup Cost": 0.0, "Total Cost": 0.31, "Plan Rows": 2, "Plan Width": 8, "Actual Startup Time": 176.45, "Actual Total Time": 259.319, "Actual Rows": 148552, "Actual Loops": 41840, "Index Cond": "(movie_id = mk.movie_id)", "Rows Removed by Index Recheck": 0}]}, {"Node Type": "Index Scan", "Parent Relationship": "Inner", "Scan Direction": "Forward", "Index Name": "company_name_pkey", "Relation Name": "company_name", "Alias": "cn", "Startup Cost": 0.0, "Total Cost": 0.28, "Plan Rows": 1, "Plan Width": 4, "Actual Startup Time": 563.789, "Actual Total Time": 563.789, "Actual Rows": 5228, "Actual Loops": 148552, "Index Cond": "(id = mc.company_id)", "Rows Removed by Index Recheck": 0, "Filter": "((country_code)::text = '[nl]'::text)", "Rows Removed by Filter": 143324}]}, {"Node Type": "Index Scan", "Parent Relationship": "Inner", "Scan Direction": "Forward", "Index Name": "title_pkey", "Relation Name": "title", "Alias": "t", "Startup Cost": 0.0, "Total Cost": 0.31, "Plan Rows": 1, "Plan Width": 21, "Actual Startup Time": 26.892, "Actual Total Time": 26.892, "Actual Rows": 5228, "Actual Loops": 5228, "Index Cond": "(id = mk.movie_id)", "Rows Removed by Index Recheck": 0}]}]}, "Triggers": [], "Planner Runtime": 11.909, "Total Runtime": 1183.878, "Unique SQL Id": 2804875951}}, "(16, '82')": {"explain_plan": {"Plan": {"Node Type": "Aggregate", "Strategy": "Plain", "Startup Cost": 3019.97, "Total Cost": 3019.98, "Plan Rows": 1, "Plan Width": 49, "Plans": [{"Node Type": "Nested Loop", "Parent Relationship": "Outer", "Join Type": "Inner", "Startup Cost": 5.3, "Total Cost": 3019.97, "Plan Rows": 2, "Plan Width": 17, "Inner Unique": true, "Join Filter": "(mc.movie_id = t.id)", "Plans": [{"Node Type": "Nested Loop", "Parent Relationship": "Outer", "Join Type": "Inner", "Startup Cost": 5.04, "Total Cost": 3011.39, "Plan Rows": 2, "Plan Width": 8, "Inner Unique": true, "Plans": [{"Node Type": "Nested Loop", "Parent Relationship": "Outer", "Join Type": "Inner", "Startup Cost": 4.78, "Total Cost": 2711.55, "Plan Rows": 70, "Plan Width": 12, "Inner Unique": false, "Plans": [{"Node Type": "Nested Loop", "Parent Relationship": "Outer", "Join Type": "Inner", "Startup Cost": 4.51, "Total Cost": 2569.02, "Plan Rows": 33, "Plan Width": 4, "Inner Unique": false, "Plans": [{"Node Type": "Seq Scan", "Parent Relationship": "Outer", "Relation Name": "keyword", "Alias": "k", "Startup Cost": 0.0, "Total Cost": 2436.11, "Plan Rows": 1, "Plan Width": 4, "Filter": "((keyword)::text = 'character-name-in-title'::text)"}, {"Node Type": "Bitmap Heap Scan", "Parent Relationship": "Inner", "Relation Name": "movie_keyword", "Alias": "mk", "Startup Cost": 4.51, "Total Cost": 132.58, "Plan Rows": 33, "Plan Width": 8, "Recheck Cond": "(keyword_id = k.id)", "Plans": [{"Node Type": "Bitmap Index Scan", "Parent Relationship": "Outer", "Index Name": "keyword_id_movie_keyword", "Startup Cost": 0.0, "Total Cost": 4.5, "Plan Rows": 33, "Plan Width": 0, "Index Cond": "(keyword_id = k.id)"}]}]}, {"Node Type": "Bitmap Heap Scan", "Parent Relationship": "Inner", "Relation Name": "movie_companies", "Alias": "mc", "Startup Cost": 0.27, "Total Cost": 4.3, "Plan Rows": 2, "Plan Width": 8, "Recheck Cond": "(movie_id = mk.movie_id)", "Plans": [{"Node Type": "Bitmap Index Scan", "Parent Relationship": "Outer", "Index Name": "movie_id_movie_companies", "Startup Cost": 0.0, "Total Cost": 0.27, "Plan Rows": 2, "Plan Width": 0, "Index Cond": "(movie_id = mk.movie_id)"}]}]}, {"Node Type": "Bitmap Heap Scan", "Parent Relationship": "Inner", "Relation Name": "company_name", "Alias": "cn", "Startup Cost": 0.26, "Total Cost": 4.27, "Plan Rows": 1, "Plan Width": 4, "Recheck Cond": "(id = mc.company_id)", "Filter": "((country_code)::text = '[nl]'::text)", "Plans": [{"Node Type": "Bitmap Index Scan", "Parent Relationship": "Outer", "Index Name": "company_name_pkey", "Startup Cost": 0.0, "Total Cost": 0.26, "Plan Rows": 1, "Plan Width": 0, "Index Cond": "(id = mc.company_id)"}]}]}, {"Node Type": "Bitmap Heap Scan", "Parent Relationship": "Inner", "Relation Name": "title", "Alias": "t", "Startup Cost": 0.27, "Total Cost": 4.28, "Plan Rows": 1, "Plan Width": 21, "Recheck Cond": "(id = mk.movie_id)", "Plans": [{"Node Type": "Bitmap Index Scan", "Parent Relationship": "Outer", "Index Name": "title_pkey", "Startup Cost": 0.0, "Total Cost": 0.27, "Plan Rows": 1, "Plan Width": 0, "Index Cond": "(id = mk.movie_id)"}]}]}]}, "Unique SQL Id": 2804875951, "Planner Runtime": 6}, "explain_analyze_plan": {"Plan": {"Node Type": "Aggregate", "Strategy": "Plain", "Startup Cost": 3019.97, "Total Cost": 3019.98, "Plan Rows": 1, "Plan Width": 49, "Actual Startup Time": 1407.614, "Actual Total Time": 1407.615, "Actual Rows": 1, "Actual Loops": 1, "Plans": [{"Node Type": "Nested Loop", "Parent Relationship": "Outer", "Join Type": "Inner", "Startup Cost": 5.3, "Total Cost": 3019.97, "Plan Rows": 2, "Plan Width": 17, "Actual Startup Time": 16.178, "Actual Total Time": 1403.151, "Actual Rows": 5228, "Actual Loops": 1, "Inner Unique": true, "Join Filter": "(mc.movie_id = t.id)", "Rows Removed by Join Filter": 0, "Plans": [{"Node Type": "Nested Loop", "Parent Relationship": "Outer", "Join Type": "Inner", "Startup Cost": 5.04, "Total Cost": 3011.39, "Plan Rows": 2, "Plan Width": 8, "Actual Startup Time": 16.158, "Actual Total Time": 1365.668, "Actual Rows": 5228, "Actual Loops": 1, "Inner Unique": true, "Plans": [{"Node Type": "Nested Loop", "Parent Relationship": "Outer", "Join Type": "Inner", "Startup Cost": 4.78, "Total Cost": 2711.55, "Plan Rows": 70, "Plan Width": 12, "Actual Startup Time": 11.838, "Actual Total Time": 496.315, "Actual Rows": 148552, "Actual Loops": 1, "Inner Unique": false, "Plans": [{"Node Type": "Nested Loop", "Parent Relationship": "Outer", "Join Type": "Inner", "Startup Cost": 4.51, "Total Cost": 2569.02, "Plan Rows": 33, "Plan Width": 4, "Actual Startup Time": 11.8, "Actual Total Time": 100.005, "Actual Rows": 41840, "Actual Loops": 1, "Inner Unique": false, "Plans": [{"Node Type": "Seq Scan", "Parent Relationship": "Outer", "Relation Name": "keyword", "Alias": "k", "Startup Cost": 0.0, "Total Cost": 2436.11, "Plan Rows": 1, "Plan Width": 4, "Actual Startup Time": 1.772, "Actual Total Time": 40.559, "Actual Rows": 1, "Actual Loops": 1, "Filter": "((keyword)::text = 'character-name-in-title'::text)", "Rows Removed by Filter": 134168}, {"Node Type": "Bitmap Heap Scan", "Parent Relationship": "Inner", "Relation Name": "movie_keyword", "Alias": "mk", "Startup Cost": 4.51, "Total Cost": 132.58, "Plan Rows": 33, "Plan Width": 8, "Actual Startup Time": 10.022, "Actual Total Time": 50.222, "Actual Rows": 41840, "Actual Loops": 1, "Recheck Cond": "(keyword_id = k.id)", "Rows Removed by Index Recheck": 0, "Exact Heap Blocks": 9702, "Lossy Heap Blocks": 9702, "Plans": [{"Node Type": "Bitmap Index Scan", "Parent Relationship": "Outer", "Index Name": "keyword_id_movie_keyword", "Startup Cost": 0.0, "Total Cost": 4.5, "Plan Rows": 33, "Plan Width": 0, "Actual Startup Time": 8.253, "Actual Total Time": 8.253, "Actual Rows": 41840, "Actual Loops": 1, "Index Cond": "(keyword_id = k.id)"}]}]}, {"Node Type": "Bitmap Heap Scan", "Parent Relationship": "Inner", "Relation Name": "movie_companies", "Alias": "mc", "Startup Cost": 0.27, "Total Cost": 4.3, "Plan Rows": 2, "Plan Width": 8, "Actual Startup Time": 253.295, "Actual Total Time": 310.868, "Actual Rows": 148552, "Actual Loops": 41840, "Recheck Cond": "(movie_id = mk.movie_id)", "Rows Removed by Index Recheck": 0, "Exact Heap Blocks": 62638, "Lossy Heap Blocks": 62638, "Plans": [{"Node Type": "Bitmap Index Scan", "Parent Relationship": "Outer", "Index Name": "movie_id_movie_companies", "Startup Cost": 0.0, "Total Cost": 0.27, "Plan Rows": 2, "Plan Width": 0, "Actual Startup Time": 156.576, "Actual Total Time": 156.576, "Actual Rows": 148552, "Actual Loops": 41840, "Index Cond": "(movie_id = mk.movie_id)"}]}]}, {"Node Type": "Bitmap Heap Scan", "Parent Relationship": "Inner", "Relation Name": "company_name", "Alias": "cn", "Startup Cost": 0.26, "Total Cost": 4.27, "Plan Rows": 1, "Plan Width": 4, "Actual Startup Time": 699.973, "Actual Total Time": 699.973, "Actual Rows": 5228, "Actual Loops": 148552, "Recheck Cond": "(id = mc.company_id)", "Rows Removed by Index Recheck": 0, "Filter": "((country_code)::text = '[nl]'::text)", "Rows Removed by Filter": 143324, "Exact Heap Blocks": 148552, "Lossy Heap Blocks": 148552, "Plans": [{"Node Type": "Bitmap Index Scan", "Parent Relationship": "Outer", "Index Name": "company_name_pkey", "Startup Cost": 0.0, "Total Cost": 0.26, "Plan Rows": 1, "Plan Width": 0, "Actual Startup Time": 386.659, "Actual Total Time": 386.659, "Actual Rows": 148552, "Actual Loops": 148552, "Index Cond": "(id = mc.company_id)"}]}]}, {"Node Type": "Bitmap Heap Scan", "Parent Relationship": "Inner", "Relation Name": "title", "Alias": "t", "Startup Cost": 0.27, "Total Cost": 4.28, "Plan Rows": 1, "Plan Width": 21, "Actual Startup Time": 28.495, "Actual Total Time": 28.495, "Actual Rows": 5228, "Actual Loops": 5228, "Recheck Cond": "(id = mk.movie_id)", "Rows Removed by Index Recheck": 0, "Exact Heap Blocks": 5228, "Lossy Heap Blocks": 5228, "Plans": [{"Node Type": "Bitmap Index Scan", "Parent Relationship": "Outer", "Index Name": "title_pkey", "Startup Cost": 0.0, "Total Cost": 0.27, "Plan Rows": 1, "Plan Width": 0, "Actual Startup Time": 17.109, "Actual Total Time": 17.109, "Actual Rows": 5228, "Actual Loops": 5228, "Index Cond": "(id = mk.movie_id)"}]}]}]}, "Triggers": [], "Planner Runtime": 15.864, "Total Runtime": 1408.006, "Unique SQL Id": 2804875951}}, "(16, '83')": {"explain_plan": {"Plan": {"Node Type": "Aggregate", "Strategy": "Plain", "Startup Cost": 3739.07, "Total Cost": 3739.08, "Plan Rows": 1, "Plan Width": 49, "Plans": [{"Node Type": "Nested Loop", "Parent Relationship": "Outer", "Join Type": "Inner", "Startup Cost": 724.4, "Total Cost": 3739.06, "Plan Rows": 2, "Plan Width": 17, "Inner Unique": true, "Join Filter": "(mc.movie_id = t.id)", "Plans": [{"Node Type": "Nested Loop", "Parent Relationship": "Outer", "Join Type": "Inner", "Startup Cost": 724.13, "Total Cost": 3730.48, "Plan Rows": 2, "Plan Width": 8, "Inner Unique": true, "Plans": [{"Node Type": "Nested Loop", "Parent Relationship": "Outer", "Join Type": "Inner", "Startup Cost": 723.87, "Total Cost": 3430.65, "Plan Rows": 70, "Plan Width": 12, "Inner Unique": false, "Plans": [{"Node Type": "Nested Loop", "Parent Relationship": "Outer", "Join Type": "Inner", "Startup Cost": 723.6, "Total Cost": 3288.12, "Plan Rows": 33, "Plan Width": 4, "Inner Unique": false, "Plans": [{"Node Type": "Bitmap Heap Scan", "Parent Relationship": "Outer", "Relation Name": "keyword", "Alias": "k", "Startup Cost": 719.1, "Total Cost": 3155.21, "Plan Rows": 1, "Plan Width": 4, "Filter": "((keyword)::text = 'character-name-in-title'::text)", "Plans": [{"Node Type": "Bitmap Index Scan", "Parent Relationship": "Outer", "Index Name": "keyword_pkey", "Startup Cost": 0.0, "Total Cost": 719.1, "Plan Rows": 134169, "Plan Width": 0}]}, {"Node Type": "Bitmap Heap Scan", "Parent Relationship": "Inner", "Relation Name": "movie_keyword", "Alias": "mk", "Startup Cost": 4.51, "Total Cost": 132.58, "Plan Rows": 33, "Plan Width": 8, "Recheck Cond": "(keyword_id = k.id)", "Plans": [{"Node Type": "Bitmap Index Scan", "Parent Relationship": "Outer", "Index Name": "keyword_id_movie_keyword", "Startup Cost": 0.0, "Total Cost": 4.5, "Plan Rows": 33, "Plan Width": 0, "Index Cond": "(keyword_id = k.id)"}]}]}, {"Node Type": "Bitmap Heap Scan", "Parent Relationship": "Inner", "Relation Name": "movie_companies", "Alias": "mc", "Startup Cost": 0.27, "Total Cost": 4.3, "Plan Rows": 2, "Plan Width": 8, "Recheck Cond": "(movie_id = mk.movie_id)", "Plans": [{"Node Type": "Bitmap Index Scan", "Parent Relationship": "Outer", "Index Name": "movie_id_movie_companies", "Startup Cost": 0.0, "Total Cost": 0.27, "Plan Rows": 2, "Plan Width": 0, "Index Cond": "(movie_id = mk.movie_id)"}]}]}, {"Node Type": "Bitmap Heap Scan", "Parent Relationship": "Inner", "Relation Name": "company_name", "Alias": "cn", "Startup Cost": 0.26, "Total Cost": 4.27, "Plan Rows": 1, "Plan Width": 4, "Recheck Cond": "(id = mc.company_id)", "Filter": "((country_code)::text = '[nl]'::text)", "Plans": [{"Node Type": "Bitmap Index Scan", "Parent Relationship": "Outer", "Index Name": "company_name_pkey", "Startup Cost": 0.0, "Total Cost": 0.26, "Plan Rows": 1, "Plan Width": 0, "Index Cond": "(id = mc.company_id)"}]}]}, {"Node Type": "Bitmap Heap Scan", "Parent Relationship": "Inner", "Relation Name": "title", "Alias": "t", "Startup Cost": 0.27, "Total Cost": 4.28, "Plan Rows": 1, "Plan Width": 21, "Recheck Cond": "(id = mk.movie_id)", "Plans": [{"Node Type": "Bitmap Index Scan", "Parent Relationship": "Outer", "Index Name": "title_pkey", "Startup Cost": 0.0, "Total Cost": 0.27, "Plan Rows": 1, "Plan Width": 0, "Index Cond": "(id = mk.movie_id)"}]}]}]}, "Unique SQL Id": 2804875951, "Planner Runtime": 6}, "explain_analyze_plan": {"Plan": {"Node Type": "Aggregate", "Strategy": "Plain", "Startup Cost": 3739.07, "Total Cost": 3739.08, "Plan Rows": 1, "Plan Width": 49, "Actual Startup Time": 1387.145, "Actual Total Time": 1387.146, "Actual Rows": 1, "Actual Loops": 1, "Plans": [{"Node Type": "Nested Loop", "Parent Relationship": "Outer", "Join Type": "Inner", "Startup Cost": 724.4, "Total Cost": 3739.06, "Plan Rows": 2, "Plan Width": 17, "Actual Startup Time": 25.648, "Actual Total Time": 1382.175, "Actual Rows": 5228, "Actual Loops": 1, "Inner Unique": true, "Join Filter": "(mc.movie_id = t.id)", "Rows Removed by Join Filter": 0, "Plans": [{"Node Type": "Nested Loop", "Parent Relationship": "Outer", "Join Type": "Inner", "Startup Cost": 724.13, "Total Cost": 3730.48, "Plan Rows": 2, "Plan Width": 8, "Actual Startup Time": 25.627, "Actual Total Time": 1347.061, "Actual Rows": 5228, "Actual Loops": 1, "Inner Unique": true, "Plans": [{"Node Type": "Nested Loop", "Parent Relationship": "Outer", "Join Type": "Inner", "Startup Cost": 723.87, "Total Cost": 3430.65, "Plan Rows": 70, "Plan Width": 12, "Actual Startup Time": 21.56, "Actual Total Time": 492.049, "Actual Rows": 148552, "Actual Loops": 1, "Inner Unique": false, "Plans": [{"Node Type": "Nested Loop", "Parent Relationship": "Outer", "Join Type": "Inner", "Startup Cost": 723.6, "Total Cost": 3288.12, "Plan Rows": 33, "Plan Width": 4, "Actual Startup Time": 21.524, "Actual Total Time": 111.574, "Actual Rows": 41840, "Actual Loops": 1, "Inner Unique": false, "Plans": [{"Node Type": "Bitmap Heap Scan", "Parent Relationship": "Outer", "Relation Name": "keyword", "Alias": "k", "Startup Cost": 719.1, "Total Cost": 3155.21, "Plan Rows": 1, "Plan Width": 4, "Actual Startup Time": 13.5, "Actual Total Time": 60.831, "Actual Rows": 1, "Actual Loops": 1, "Filter": "((keyword)::text = 'character-name-in-title'::text)", "Rows Removed by Filter": 134168, "Exact Heap Blocks": 759, "Lossy Heap Blocks": 759, "Plans": [{"Node Type": "Bitmap Index Scan", "Parent Relationship": "Outer", "Index Name": "keyword_pkey", "Startup Cost": 0.0, "Total Cost": 719.1, "Plan Rows": 134169, "Plan Width": 0, "Actual Startup Time": 11.196, "Actual Total Time": 11.196, "Actual Rows": 134169, "Actual Loops": 1}]}, {"Node Type": "Bitmap Heap Scan", "Parent Relationship": "Inner", "Relation Name": "movie_keyword", "Alias": "mk", "Startup Cost": 4.51, "Total Cost": 132.58, "Plan Rows": 33, "Plan Width": 8, "Actual Startup Time": 8.013, "Actual Total Time": 41.471, "Actual Rows": 41840, "Actual Loops": 1, "Recheck Cond": "(keyword_id = k.id)", "Rows Removed by Index Recheck": 0, "Exact Heap Blocks": 9702, "Lossy Heap Blocks": 9702, "Plans": [{"Node Type": "Bitmap Index Scan", "Parent Relationship": "Outer", "Index Name": "keyword_id_movie_keyword", "Startup Cost": 0.0, "Total Cost": 4.5, "Plan Rows": 33, "Plan Width": 0, "Actual Startup Time": 6.272, "Actual Total Time": 6.272, "Actual Rows": 41840, "Actual Loops": 1, "Index Cond": "(keyword_id = k.id)"}]}]}, {"Node Type": "Bitmap Heap Scan", "Parent Relationship": "Inner", "Relation Name": "movie_companies", "Alias": "mc", "Startup Cost": 0.27, "Total Cost": 4.3, "Plan Rows": 2, "Plan Width": 8, "Actual Startup Time": 240.891, "Actual Total Time": 294.516, "Actual Rows": 148552, "Actual Loops": 41840, "Recheck Cond": "(movie_id = mk.movie_id)", "Rows Removed by Index Recheck": 0, "Exact Heap Blocks": 62638, "Lossy Heap Blocks": 62638, "Plans": [{"Node Type": "Bitmap Index Scan", "Parent Relationship": "Outer", "Index Name": "movie_id_movie_companies", "Startup Cost": 0.0, "Total Cost": 0.27, "Plan Rows": 2, "Plan Width": 0, "Actual Startup Time": 150.419, "Actual Total Time": 150.419, "Actual Rows": 148552, "Actual Loops": 41840, "Index Cond": "(movie_id = mk.movie_id)"}]}]}, {"Node Type": "Bitmap Heap Scan", "Parent Relationship": "Inner", "Relation Name": "company_name", "Alias": "cn", "Startup Cost": 0.26, "Total Cost": 4.27, "Plan Rows": 1, "Plan Width": 4, "Actual Startup Time": 685.084, "Actual Total Time": 685.084, "Actual Rows": 5228, "Actual Loops": 148552, "Recheck Cond": "(id = mc.company_id)", "Rows Removed by Index Recheck": 0, "Filter": "((country_code)::text = '[nl]'::text)", "Rows Removed by Filter": 143324, "Exact Heap Blocks": 148552, "Lossy Heap Blocks": 148552, "Plans": [{"Node Type": "Bitmap Index Scan", "Parent Relationship": "Outer", "Index Name": "company_name_pkey", "Startup Cost": 0.0, "Total Cost": 0.26, "Plan Rows": 1, "Plan Width": 0, "Actual Startup Time": 382.826, "Actual Total Time": 382.826, "Actual Rows": 148552, "Actual Loops": 148552, "Index Cond": "(id = mc.company_id)"}]}]}, {"Node Type": "Bitmap Heap Scan", "Parent Relationship": "Inner", "Relation Name": "title", "Alias": "t", "Startup Cost": 0.27, "Total Cost": 4.28, "Plan Rows": 1, "Plan Width": 21, "Actual Startup Time": 25.907, "Actual Total Time": 25.907, "Actual Rows": 5228, "Actual Loops": 5228, "Recheck Cond": "(id = mk.movie_id)", "Rows Removed by Index Recheck": 0, "Exact Heap Blocks": 5228, "Lossy Heap Blocks": 5228, "Plans": [{"Node Type": "Bitmap Index Scan", "Parent Relationship": "Outer", "Index Name": "title_pkey", "Startup Cost": 0.0, "Total Cost": 0.27, "Plan Rows": 1, "Plan Width": 0, "Actual Startup Time": 16.062, "Actual Total Time": 16.062, "Actual Rows": 5228, "Actual Loops": 5228, "Index Cond": "(id = mk.movie_id)"}]}]}]}, "Triggers": [], "Planner Runtime": 8.607, "Total Runtime": 1387.489, "Unique SQL Id": 2804875951}}, "(16, '84')": {"explain_plan": {"Plan": {"Node Type": "Aggregate", "Strategy": "Plain", "Startup Cost": 2600.78, "Total Cost": 2600.79, "Plan Rows": 1, "Plan Width": 49, "Plans": [{"Node Type": "Nested Loop", "Parent Relationship": "Outer", "Join Type": "Inner", "Startup Cost": 4.51, "Total Cost": 2600.77, "Plan Rows": 2, "Plan Width": 17, "Inner Unique": true, "Join Filter": "(mc.movie_id = t.id)", "Plans": [{"Node Type": "Nested Loop", "Parent Relationship": "Outer", "Join Type": "Inner", "Startup Cost": 4.51, "Total Cost": 2600.13, "Plan Rows": 2, "Plan Width": 8, "Inner Unique": true, "Plans": [{"Node Type": "Nested Loop", "Parent Relationship": "Outer", "Join Type": "Inner", "Startup Cost": 4.51, "Total Cost": 2579.99, "Plan Rows": 70, "Plan Width": 12, "Inner Unique": false, "Plans": [{"Node Type": "Nested Loop", "Parent Relationship": "Outer", "Join Type": "Inner", "Startup Cost": 4.51, "Total Cost": 2569.02, "Plan Rows": 33, "Plan Width": 4, "Inner Unique": false, "Plans": [{"Node Type": "Seq Scan", "Parent Relationship": "Outer", "Relation Name": "keyword", "Alias": "k", "Startup Cost": 0.0, "Total Cost": 2436.11, "Plan Rows": 1, "Plan Width": 4, "Filter": "((keyword)::text = 'character-name-in-title'::text)"}, {"Node Type": "Bitmap Heap Scan", "Parent Relationship": "Inner", "Relation Name": "movie_keyword", "Alias": "mk", "Startup Cost": 4.51, "Total Cost": 132.58, "Plan Rows": 33, "Plan Width": 8, "Recheck Cond": "(keyword_id = k.id)", "Plans": [{"Node Type": "Bitmap Index Scan", "Parent Relationship": "Outer", "Index Name": "keyword_id_movie_keyword", "Startup Cost": 0.0, "Total Cost": 4.5, "Plan Rows": 33, "Plan Width": 0, "Index Cond": "(keyword_id = k.id)"}]}]}, {"Node Type": "Index Scan", "Parent Relationship": "Inner", "Scan Direction": "Forward", "Index Name": "movie_id_movie_companies", "Relation Name": "movie_companies", "Alias": "mc", "Startup Cost": 0.0, "Total Cost": 0.31, "Plan Rows": 2, "Plan Width": 8, "Index Cond": "(movie_id = mk.movie_id)"}]}, {"Node Type": "Index Scan", "Parent Relationship": "Inner", "Scan Direction": "Forward", "Index Name": "company_name_pkey", "Relation Name": "company_name", "Alias": "cn", "Startup Cost": 0.0, "Total Cost": 0.28, "Plan Rows": 1, "Plan Width": 4, "Index Cond": "(id = mc.company_id)", "Filter": "((country_code)::text = '[nl]'::text)"}]}, {"Node Type": "Index Scan", "Parent Relationship": "Inner", "Scan Direction": "Forward", "Index Name": "title_pkey", "Relation Name": "title", "Alias": "t", "Startup Cost": 0.0, "Total Cost": 0.31, "Plan Rows": 1, "Plan Width": 21, "Index Cond": "(id = mk.movie_id)"}]}]}, "Unique SQL Id": 2804875951, "Planner Runtime": 6}, "explain_analyze_plan": {"Plan": {"Node Type": "Aggregate", "Strategy": "Plain", "Startup Cost": 2600.78, "Total Cost": 2600.79, "Plan Rows": 1, "Plan Width": 49, "Actual Startup Time": 1042.053, "Actual Total Time": 1042.053, "Actual Rows": 1, "Actual Loops": 1, "Plans": [{"Node Type": "Nested Loop", "Parent Relationship": "Outer", "Join Type": "Inner", "Startup Cost": 4.51, "Total Cost": 2600.77, "Plan Rows": 2, "Plan Width": 17, "Actual Startup Time": 15.009, "Actual Total Time": 1039.002, "Actual Rows": 5228, "Actual Loops": 1, "Inner Unique": true, "Join Filter": "(mc.movie_id = t.id)", "Rows Removed by Join Filter": 0, "Plans": [{"Node Type": "Nested Loop", "Parent Relationship": "Outer", "Join Type": "Inner", "Startup Cost": 4.51, "Total Cost": 2600.13, "Plan Rows": 2, "Plan Width": 8, "Actual Startup Time": 14.993, "Actual Total Time": 1010.698, "Actual Rows": 5228, "Actual Loops": 1, "Inner Unique": true, "Plans": [{"Node Type": "Nested Loop", "Parent Relationship": "Outer", "Join Type": "Inner", "Startup Cost": 4.51, "Total Cost": 2579.99, "Plan Rows": 70, "Plan Width": 12, "Actual Startup Time": 11.933, "Actual Total Time": 388.31, "Actual Rows": 148552, "Actual Loops": 1, "Inner Unique": false, "Plans": [{"Node Type": "Nested Loop", "Parent Relationship": "Outer", "Join Type": "Inner", "Startup Cost": 4.51, "Total Cost": 2569.02, "Plan Rows": 33, "Plan Width": 4, "Actual Startup Time": 11.905, "Actual Total Time": 101.867, "Actual Rows": 41840, "Actual Loops": 1, "Inner Unique": false, "Plans": [{"Node Type": "Seq Scan", "Parent Relationship": "Outer", "Relation Name": "keyword", "Alias": "k", "Startup Cost": 0.0, "Total Cost": 2436.11, "Plan Rows": 1, "Plan Width": 4, "Actual Startup Time": 1.829, "Actual Total Time": 42.003, "Actual Rows": 1, "Actual Loops": 1, "Filter": "((keyword)::text = 'character-name-in-title'::text)", "Rows Removed by Filter": 134168}, {"Node Type": "Bitmap Heap Scan", "Parent Relationship": "Inner", "Relation Name": "movie_keyword", "Alias": "mk", "Startup Cost": 4.51, "Total Cost": 132.58, "Plan Rows": 33, "Plan Width": 8, "Actual Startup Time": 10.069, "Actual Total Time": 51.314, "Actual Rows": 41840, "Actual Loops": 1, "Recheck Cond": "(keyword_id = k.id)", "Rows Removed by Index Recheck": 0, "Exact Heap Blocks": 9702, "Lossy Heap Blocks": 9702, "Plans": [{"Node Type": "Bitmap Index Scan", "Parent Relationship": "Outer", "Index Name": "keyword_id_movie_keyword", "Startup Cost": 0.0, "Total Cost": 4.5, "Plan Rows": 33, "Plan Width": 0, "Actual Startup Time": 8.236, "Actual Total Time": 8.236, "Actual Rows": 41840, "Actual Loops": 1, "Index Cond": "(keyword_id = k.id)"}]}]}, {"Node Type": "Index Scan", "Parent Relationship": "Inner", "Scan Direction": "Forward", "Index Name": "movie_id_movie_companies", "Relation Name": "movie_companies", "Alias": "mc", "Startup Cost": 0.0, "Total Cost": 0.31, "Plan Rows": 2, "Plan Width": 8, "Actual Startup Time": 155.322, "Actual Total Time": 230.57, "Actual Rows": 148552, "Actual Loops": 41840, "Index Cond": "(movie_id = mk.movie_id)", "Rows Removed by Index Recheck": 0}]}, {"Node Type": "Index Scan", "Parent Relationship": "Inner", "Scan Direction": "Forward", "Index Name": "company_name_pkey", "Relation Name": "company_name", "Alias": "cn", "Startup Cost": 0.0, "Total Cost": 0.28, "Plan Rows": 1, "Plan Width": 4, "Actual Startup Time": 550.613, "Actual Total Time": 550.613, "Actual Rows": 5228, "Actual Loops": 148552, "Index Cond": "(id = mc.company_id)", "Rows Removed by Index Recheck": 0, "Filter": "((country_code)::text = '[nl]'::text)", "Rows Removed by Filter": 143324}]}, {"Node Type": "Index Scan", "Parent Relationship": "Inner", "Scan Direction": "Forward", "Index Name": "title_pkey", "Relation Name": "title", "Alias": "t", "Startup Cost": 0.0, "Total Cost": 0.31, "Plan Rows": 1, "Plan Width": 21, "Actual Startup Time": 22.709, "Actual Total Time": 22.709, "Actual Rows": 5228, "Actual Loops": 5228, "Index Cond": "(id = mk.movie_id)", "Rows Removed by Index Recheck": 0}]}]}, "Triggers": [], "Planner Runtime": 10.46, "Total Runtime": 1042.518, "Unique SQL Id": 2804875951}}, "(16, '85')": {"explain_plan": {"Plan": {"Node Type": "Aggregate", "Strategy": "Plain", "Startup Cost": 3347.38, "Total Cost": 3347.39, "Plan Rows": 1, "Plan Width": 49, "Plans": [{"Node Type": "Nested Loop", "Parent Relationship": "Outer", "Join Type": "Inner", "Startup Cost": 4.51, "Total Cost": 3347.38, "Plan Rows": 2, "Plan Width": 17, "Inner Unique": true, "Join Filter": "(mc.movie_id = t.id)", "Plans": [{"Node Type": "Nested Loop", "Parent Relationship": "Outer", "Join Type": "Inner", "Startup Cost": 4.51, "Total Cost": 3346.73, "Plan Rows": 2, "Plan Width": 8, "Inner Unique": true, "Plans": [{"Node Type": "Nested Loop", "Parent Relationship": "Outer", "Join Type": "Inner", "Startup Cost": 4.51, "Total Cost": 3326.6, "Plan Rows": 70, "Plan Width": 12, "Inner Unique": false, "Plans": [{"Node Type": "Nested Loop", "Parent Relationship": "Outer", "Join Type": "Inner", "Startup Cost": 4.51, "Total Cost": 3315.63, "Plan Rows": 33, "Plan Width": 4, "Inner Unique": false, "Plans": [{"Node Type": "Index Scan", "Parent Relationship": "Outer", "Scan Direction": "Forward", "Index Name": "keyword_pkey", "Relation Name": "keyword", "Alias": "k", "Startup Cost": 0.0, "Total Cost": 3182.72, "Plan Rows": 1, "Plan Width": 4, "Filter": "((keyword)::text = 'character-name-in-title'::text)"}, {"Node Type": "Bitmap Heap Scan", "Parent Relationship": "Inner", "Relation Name": "movie_keyword", "Alias": "mk", "Startup Cost": 4.51, "Total Cost": 132.58, "Plan Rows": 33, "Plan Width": 8, "Recheck Cond": "(keyword_id = k.id)", "Plans": [{"Node Type": "Bitmap Index Scan", "Parent Relationship": "Outer", "Index Name": "keyword_id_movie_keyword", "Startup Cost": 0.0, "Total Cost": 4.5, "Plan Rows": 33, "Plan Width": 0, "Index Cond": "(keyword_id = k.id)"}]}]}, {"Node Type": "Index Scan", "Parent Relationship": "Inner", "Scan Direction": "Forward", "Index Name": "movie_id_movie_companies", "Relation Name": "movie_companies", "Alias": "mc", "Startup Cost": 0.0, "Total Cost": 0.31, "Plan Rows": 2, "Plan Width": 8, "Index Cond": "(movie_id = mk.movie_id)"}]}, {"Node Type": "Index Scan", "Parent Relationship": "Inner", "Scan Direction": "Forward", "Index Name": "company_name_pkey", "Relation Name": "company_name", "Alias": "cn", "Startup Cost": 0.0, "Total Cost": 0.28, "Plan Rows": 1, "Plan Width": 4, "Index Cond": "(id = mc.company_id)", "Filter": "((country_code)::text = '[nl]'::text)"}]}, {"Node Type": "Index Scan", "Parent Relationship": "Inner", "Scan Direction": "Forward", "Index Name": "title_pkey", "Relation Name": "title", "Alias": "t", "Startup Cost": 0.0, "Total Cost": 0.31, "Plan Rows": 1, "Plan Width": 21, "Index Cond": "(id = mk.movie_id)"}]}]}, "Unique SQL Id": 2804875951, "Planner Runtime": 7}, "explain_analyze_plan": {"Plan": {"Node Type": "Aggregate", "Strategy": "Plain", "Startup Cost": 3347.38, "Total Cost": 3347.39, "Plan Rows": 1, "Plan Width": 49, "Actual Startup Time": 1183.532, "Actual Total Time": 1183.533, "Actual Rows": 1, "Actual Loops": 1, "Plans": [{"Node Type": "Nested Loop", "Parent Relationship": "Outer", "Join Type": "Inner", "Startup Cost": 4.51, "Total Cost": 3347.38, "Plan Rows": 2, "Plan Width": 17, "Actual Startup Time": 13.942, "Actual Total Time": 1180.637, "Actual Rows": 5228, "Actual Loops": 1, "Inner Unique": true, "Join Filter": "(mc.movie_id = t.id)", "Rows Removed by Join Filter": 0, "Plans": [{"Node Type": "Nested Loop", "Parent Relationship": "Outer", "Join Type": "Inner", "Startup Cost": 4.51, "Total Cost": 3346.73, "Plan Rows": 2, "Plan Width": 8, "Actual Startup Time": 13.922, "Actual Total Time": 1148.172, "Actual Rows": 5228, "Actual Loops": 1, "Inner Unique": true, "Plans": [{"Node Type": "Nested Loop", "Parent Relationship": "Outer", "Join Type": "Inner", "Startup Cost": 4.51, "Total Cost": 3326.6, "Plan Rows": 70, "Plan Width": 12, "Actual Startup Time": 10.495, "Actual Total Time": 511.238, "Actual Rows": 148552, "Actual Loops": 1, "Inner Unique": false, "Plans": [{"Node Type": "Nested Loop", "Parent Relationship": "Outer", "Join Type": "Inner", "Startup Cost": 4.51, "Total Cost": 3315.63, "Plan Rows": 33, "Plan Width": 4, "Actual Startup Time": 10.465, "Actual Total Time": 196.622, "Actual Rows": 41840, "Actual Loops": 1, "Inner Unique": false, "Plans": [{"Node Type": "Index Scan", "Parent Relationship": "Outer", "Scan Direction": "Forward", "Index Name": "keyword_pkey", "Relation Name": "keyword", "Alias": "k", "Startup Cost": 0.0, "Total Cost": 3182.72, "Plan Rows": 1, "Plan Width": 4, "Actual Startup Time": 0.292, "Actual Total Time": 125.899, "Actual Rows": 1, "Actual Loops": 1, "Filter": "((keyword)::text = 'character-name-in-title'::text)", "Rows Removed by Filter": 134168}, {"Node Type": "Bitmap Heap Scan", "Parent Relationship": "Inner", "Relation Name": "movie_keyword", "Alias": "mk", "Startup Cost": 4.51, "Total Cost": 132.58, "Plan Rows": 33, "Plan Width": 8, "Actual Startup Time": 10.166, "Actual Total Time": 61.96, "Actual Rows": 41840, "Actual Loops": 1, "Recheck Cond": "(keyword_id = k.id)", "Rows Removed by Index Recheck": 0, "Exact Heap Blocks": 9702, "Lossy Heap Blocks": 9702, "Plans": [{"Node Type": "Bitmap Index Scan", "Parent Relationship": "Outer", "Index Name": "keyword_id_movie_keyword", "Startup Cost": 0.0, "Total Cost": 4.5, "Plan Rows": 33, "Plan Width": 0, "Actual Startup Time": 8.352, "Actual Total Time": 8.352, "Actual Rows": 41840, "Actual Loops": 1, "Index Cond": "(keyword_id = k.id)"}]}]}, {"Node Type": "Index Scan", "Parent Relationship": "Inner", "Scan Direction": "Forward", "Index Name": "movie_id_movie_companies", "Relation Name": "movie_companies", "Alias": "mc", "Startup Cost": 0.0, "Total Cost": 0.31, "Plan Rows": 2, "Plan Width": 8, "Actual Startup Time": 176.45, "Actual Total Time": 259.319, "Actual Rows": 148552, "Actual Loops": 41840, "Index Cond": "(movie_id = mk.movie_id)", "Rows Removed by Index Recheck": 0}]}, {"Node Type": "Index Scan", "Parent Relationship": "Inner", "Scan Direction": "Forward", "Index Name": "company_name_pkey", "Relation Name": "company_name", "Alias": "cn", "Startup Cost": 0.0, "Total Cost": 0.28, "Plan Rows": 1, "Plan Width": 4, "Actual Startup Time": 563.789, "Actual Total Time": 563.789, "Actual Rows": 5228, "Actual Loops": 148552, "Index Cond": "(id = mc.company_id)", "Rows Removed by Index Recheck": 0, "Filter": "((country_code)::text = '[nl]'::text)", "Rows Removed by Filter": 143324}]}, {"Node Type": "Index Scan", "Parent Relationship": "Inner", "Scan Direction": "Forward", "Index Name": "title_pkey", "Relation Name": "title", "Alias": "t", "Startup Cost": 0.0, "Total Cost": 0.31, "Plan Rows": 1, "Plan Width": 21, "Actual Startup Time": 26.892, "Actual Total Time": 26.892, "Actual Rows": 5228, "Actual Loops": 5228, "Index Cond": "(id = mk.movie_id)", "Rows Removed by Index Recheck": 0}]}]}, "Triggers": [], "Planner Runtime": 11.909, "Total Runtime": 1183.878, "Unique SQL Id": 2804875951}}, "(16, '86')": {"explain_plan": {"Plan": {"Node Type": "Aggregate", "Strategy": "Plain", "Startup Cost": 3019.97, "Total Cost": 3019.98, "Plan Rows": 1, "Plan Width": 49, "Plans": [{"Node Type": "Nested Loop", "Parent Relationship": "Outer", "Join Type": "Inner", "Startup Cost": 5.3, "Total Cost": 3019.97, "Plan Rows": 2, "Plan Width": 17, "Inner Unique": true, "Join Filter": "(mc.movie_id = t.id)", "Plans": [{"Node Type": "Nested Loop", "Parent Relationship": "Outer", "Join Type": "Inner", "Startup Cost": 5.04, "Total Cost": 3011.39, "Plan Rows": 2, "Plan Width": 8, "Inner Unique": true, "Plans": [{"Node Type": "Nested Loop", "Parent Relationship": "Outer", "Join Type": "Inner", "Startup Cost": 4.78, "Total Cost": 2711.55, "Plan Rows": 70, "Plan Width": 12, "Inner Unique": false, "Plans": [{"Node Type": "Nested Loop", "Parent Relationship": "Outer", "Join Type": "Inner", "Startup Cost": 4.51, "Total Cost": 2569.02, "Plan Rows": 33, "Plan Width": 4, "Inner Unique": false, "Plans": [{"Node Type": "Seq Scan", "Parent Relationship": "Outer", "Relation Name": "keyword", "Alias": "k", "Startup Cost": 0.0, "Total Cost": 2436.11, "Plan Rows": 1, "Plan Width": 4, "Filter": "((keyword)::text = 'character-name-in-title'::text)"}, {"Node Type": "Bitmap Heap Scan", "Parent Relationship": "Inner", "Relation Name": "movie_keyword", "Alias": "mk", "Startup Cost": 4.51, "Total Cost": 132.58, "Plan Rows": 33, "Plan Width": 8, "Recheck Cond": "(keyword_id = k.id)", "Plans": [{"Node Type": "Bitmap Index Scan", "Parent Relationship": "Outer", "Index Name": "keyword_id_movie_keyword", "Startup Cost": 0.0, "Total Cost": 4.5, "Plan Rows": 33, "Plan Width": 0, "Index Cond": "(keyword_id = k.id)"}]}]}, {"Node Type": "Bitmap Heap Scan", "Parent Relationship": "Inner", "Relation Name": "movie_companies", "Alias": "mc", "Startup Cost": 0.27, "Total Cost": 4.3, "Plan Rows": 2, "Plan Width": 8, "Recheck Cond": "(movie_id = mk.movie_id)", "Plans": [{"Node Type": "Bitmap Index Scan", "Parent Relationship": "Outer", "Index Name": "movie_id_movie_companies", "Startup Cost": 0.0, "Total Cost": 0.27, "Plan Rows": 2, "Plan Width": 0, "Index Cond": "(movie_id = mk.movie_id)"}]}]}, {"Node Type": "Bitmap Heap Scan", "Parent Relationship": "Inner", "Relation Name": "company_name", "Alias": "cn", "Startup Cost": 0.26, "Total Cost": 4.27, "Plan Rows": 1, "Plan Width": 4, "Recheck Cond": "(id = mc.company_id)", "Filter": "((country_code)::text = '[nl]'::text)", "Plans": [{"Node Type": "Bitmap Index Scan", "Parent Relationship": "Outer", "Index Name": "company_name_pkey", "Startup Cost": 0.0, "Total Cost": 0.26, "Plan Rows": 1, "Plan Width": 0, "Index Cond": "(id = mc.company_id)"}]}]}, {"Node Type": "Bitmap Heap Scan", "Parent Relationship": "Inner", "Relation Name": "title", "Alias": "t", "Startup Cost": 0.27, "Total Cost": 4.28, "Plan Rows": 1, "Plan Width": 21, "Recheck Cond": "(id = mk.movie_id)", "Plans": [{"Node Type": "Bitmap Index Scan", "Parent Relationship": "Outer", "Index Name": "title_pkey", "Startup Cost": 0.0, "Total Cost": 0.27, "Plan Rows": 1, "Plan Width": 0, "Index Cond": "(id = mk.movie_id)"}]}]}]}, "Unique SQL Id": 2804875951, "Planner Runtime": 6}, "explain_analyze_plan": {"Plan": {"Node Type": "Aggregate", "Strategy": "Plain", "Startup Cost": 3019.97, "Total Cost": 3019.98, "Plan Rows": 1, "Plan Width": 49, "Actual Startup Time": 1407.614, "Actual Total Time": 1407.615, "Actual Rows": 1, "Actual Loops": 1, "Plans": [{"Node Type": "Nested Loop", "Parent Relationship": "Outer", "Join Type": "Inner", "Startup Cost": 5.3, "Total Cost": 3019.97, "Plan Rows": 2, "Plan Width": 17, "Actual Startup Time": 16.178, "Actual Total Time": 1403.151, "Actual Rows": 5228, "Actual Loops": 1, "Inner Unique": true, "Join Filter": "(mc.movie_id = t.id)", "Rows Removed by Join Filter": 0, "Plans": [{"Node Type": "Nested Loop", "Parent Relationship": "Outer", "Join Type": "Inner", "Startup Cost": 5.04, "Total Cost": 3011.39, "Plan Rows": 2, "Plan Width": 8, "Actual Startup Time": 16.158, "Actual Total Time": 1365.668, "Actual Rows": 5228, "Actual Loops": 1, "Inner Unique": true, "Plans": [{"Node Type": "Nested Loop", "Parent Relationship": "Outer", "Join Type": "Inner", "Startup Cost": 4.78, "Total Cost": 2711.55, "Plan Rows": 70, "Plan Width": 12, "Actual Startup Time": 11.838, "Actual Total Time": 496.315, "Actual Rows": 148552, "Actual Loops": 1, "Inner Unique": false, "Plans": [{"Node Type": "Nested Loop", "Parent Relationship": "Outer", "Join Type": "Inner", "Startup Cost": 4.51, "Total Cost": 2569.02, "Plan Rows": 33, "Plan Width": 4, "Actual Startup Time": 11.8, "Actual Total Time": 100.005, "Actual Rows": 41840, "Actual Loops": 1, "Inner Unique": false, "Plans": [{"Node Type": "Seq Scan", "Parent Relationship": "Outer", "Relation Name": "keyword", "Alias": "k", "Startup Cost": 0.0, "Total Cost": 2436.11, "Plan Rows": 1, "Plan Width": 4, "Actual Startup Time": 1.772, "Actual Total Time": 40.559, "Actual Rows": 1, "Actual Loops": 1, "Filter": "((keyword)::text = 'character-name-in-title'::text)", "Rows Removed by Filter": 134168}, {"Node Type": "Bitmap Heap Scan", "Parent Relationship": "Inner", "Relation Name": "movie_keyword", "Alias": "mk", "Startup Cost": 4.51, "Total Cost": 132.58, "Plan Rows": 33, "Plan Width": 8, "Actual Startup Time": 10.022, "Actual Total Time": 50.222, "Actual Rows": 41840, "Actual Loops": 1, "Recheck Cond": "(keyword_id = k.id)", "Rows Removed by Index Recheck": 0, "Exact Heap Blocks": 9702, "Lossy Heap Blocks": 9702, "Plans": [{"Node Type": "Bitmap Index Scan", "Parent Relationship": "Outer", "Index Name": "keyword_id_movie_keyword", "Startup Cost": 0.0, "Total Cost": 4.5, "Plan Rows": 33, "Plan Width": 0, "Actual Startup Time": 8.253, "Actual Total Time": 8.253, "Actual Rows": 41840, "Actual Loops": 1, "Index Cond": "(keyword_id = k.id)"}]}]}, {"Node Type": "Bitmap Heap Scan", "Parent Relationship": "Inner", "Relation Name": "movie_companies", "Alias": "mc", "Startup Cost": 0.27, "Total Cost": 4.3, "Plan Rows": 2, "Plan Width": 8, "Actual Startup Time": 253.295, "Actual Total Time": 310.868, "Actual Rows": 148552, "Actual Loops": 41840, "Recheck Cond": "(movie_id = mk.movie_id)", "Rows Removed by Index Recheck": 0, "Exact Heap Blocks": 62638, "Lossy Heap Blocks": 62638, "Plans": [{"Node Type": "Bitmap Index Scan", "Parent Relationship": "Outer", "Index Name": "movie_id_movie_companies", "Startup Cost": 0.0, "Total Cost": 0.27, "Plan Rows": 2, "Plan Width": 0, "Actual Startup Time": 156.576, "Actual Total Time": 156.576, "Actual Rows": 148552, "Actual Loops": 41840, "Index Cond": "(movie_id = mk.movie_id)"}]}]}, {"Node Type": "Bitmap Heap Scan", "Parent Relationship": "Inner", "Relation Name": "company_name", "Alias": "cn", "Startup Cost": 0.26, "Total Cost": 4.27, "Plan Rows": 1, "Plan Width": 4, "Actual Startup Time": 699.973, "Actual Total Time": 699.973, "Actual Rows": 5228, "Actual Loops": 148552, "Recheck Cond": "(id = mc.company_id)", "Rows Removed by Index Recheck": 0, "Filter": "((country_code)::text = '[nl]'::text)", "Rows Removed by Filter": 143324, "Exact Heap Blocks": 148552, "Lossy Heap Blocks": 148552, "Plans": [{"Node Type": "Bitmap Index Scan", "Parent Relationship": "Outer", "Index Name": "company_name_pkey", "Startup Cost": 0.0, "Total Cost": 0.26, "Plan Rows": 1, "Plan Width": 0, "Actual Startup Time": 386.659, "Actual Total Time": 386.659, "Actual Rows": 148552, "Actual Loops": 148552, "Index Cond": "(id = mc.company_id)"}]}]}, {"Node Type": "Bitmap Heap Scan", "Parent Relationship": "Inner", "Relation Name": "title", "Alias": "t", "Startup Cost": 0.27, "Total Cost": 4.28, "Plan Rows": 1, "Plan Width": 21, "Actual Startup Time": 28.495, "Actual Total Time": 28.495, "Actual Rows": 5228, "Actual Loops": 5228, "Recheck Cond": "(id = mk.movie_id)", "Rows Removed by Index Recheck": 0, "Exact Heap Blocks": 5228, "Lossy Heap Blocks": 5228, "Plans": [{"Node Type": "Bitmap Index Scan", "Parent Relationship": "Outer", "Index Name": "title_pkey", "Startup Cost": 0.0, "Total Cost": 0.27, "Plan Rows": 1, "Plan Width": 0, "Actual Startup Time": 17.109, "Actual Total Time": 17.109, "Actual Rows": 5228, "Actual Loops": 5228, "Index Cond": "(id = mk.movie_id)"}]}]}]}, "Triggers": [], "Planner Runtime": 15.864, "Total Runtime": 1408.006, "Unique SQL Id": 2804875951}}, "(16, '87')": {"explain_plan": {"Plan": {"Node Type": "Aggregate", "Strategy": "Plain", "Startup Cost": 3739.07, "Total Cost": 3739.08, "Plan Rows": 1, "Plan Width": 49, "Plans": [{"Node Type": "Nested Loop", "Parent Relationship": "Outer", "Join Type": "Inner", "Startup Cost": 724.4, "Total Cost": 3739.06, "Plan Rows": 2, "Plan Width": 17, "Inner Unique": true, "Join Filter": "(mc.movie_id = t.id)", "Plans": [{"Node Type": "Nested Loop", "Parent Relationship": "Outer", "Join Type": "Inner", "Startup Cost": 724.13, "Total Cost": 3730.48, "Plan Rows": 2, "Plan Width": 8, "Inner Unique": true, "Plans": [{"Node Type": "Nested Loop", "Parent Relationship": "Outer", "Join Type": "Inner", "Startup Cost": 723.87, "Total Cost": 3430.65, "Plan Rows": 70, "Plan Width": 12, "Inner Unique": false, "Plans": [{"Node Type": "Nested Loop", "Parent Relationship": "Outer", "Join Type": "Inner", "Startup Cost": 723.6, "Total Cost": 3288.12, "Plan Rows": 33, "Plan Width": 4, "Inner Unique": false, "Plans": [{"Node Type": "Bitmap Heap Scan", "Parent Relationship": "Outer", "Relation Name": "keyword", "Alias": "k", "Startup Cost": 719.1, "Total Cost": 3155.21, "Plan Rows": 1, "Plan Width": 4, "Filter": "((keyword)::text = 'character-name-in-title'::text)", "Plans": [{"Node Type": "Bitmap Index Scan", "Parent Relationship": "Outer", "Index Name": "keyword_pkey", "Startup Cost": 0.0, "Total Cost": 719.1, "Plan Rows": 134169, "Plan Width": 0}]}, {"Node Type": "Bitmap Heap Scan", "Parent Relationship": "Inner", "Relation Name": "movie_keyword", "Alias": "mk", "Startup Cost": 4.51, "Total Cost": 132.58, "Plan Rows": 33, "Plan Width": 8, "Recheck Cond": "(keyword_id = k.id)", "Plans": [{"Node Type": "Bitmap Index Scan", "Parent Relationship": "Outer", "Index Name": "keyword_id_movie_keyword", "Startup Cost": 0.0, "Total Cost": 4.5, "Plan Rows": 33, "Plan Width": 0, "Index Cond": "(keyword_id = k.id)"}]}]}, {"Node Type": "Bitmap Heap Scan", "Parent Relationship": "Inner", "Relation Name": "movie_companies", "Alias": "mc", "Startup Cost": 0.27, "Total Cost": 4.3, "Plan Rows": 2, "Plan Width": 8, "Recheck Cond": "(movie_id = mk.movie_id)", "Plans": [{"Node Type": "Bitmap Index Scan", "Parent Relationship": "Outer", "Index Name": "movie_id_movie_companies", "Startup Cost": 0.0, "Total Cost": 0.27, "Plan Rows": 2, "Plan Width": 0, "Index Cond": "(movie_id = mk.movie_id)"}]}]}, {"Node Type": "Bitmap Heap Scan", "Parent Relationship": "Inner", "Relation Name": "company_name", "Alias": "cn", "Startup Cost": 0.26, "Total Cost": 4.27, "Plan Rows": 1, "Plan Width": 4, "Recheck Cond": "(id = mc.company_id)", "Filter": "((country_code)::text = '[nl]'::text)", "Plans": [{"Node Type": "Bitmap Index Scan", "Parent Relationship": "Outer", "Index Name": "company_name_pkey", "Startup Cost": 0.0, "Total Cost": 0.26, "Plan Rows": 1, "Plan Width": 0, "Index Cond": "(id = mc.company_id)"}]}]}, {"Node Type": "Bitmap Heap Scan", "Parent Relationship": "Inner", "Relation Name": "title", "Alias": "t", "Startup Cost": 0.27, "Total Cost": 4.28, "Plan Rows": 1, "Plan Width": 21, "Recheck Cond": "(id = mk.movie_id)", "Plans": [{"Node Type": "Bitmap Index Scan", "Parent Relationship": "Outer", "Index Name": "title_pkey", "Startup Cost": 0.0, "Total Cost": 0.27, "Plan Rows": 1, "Plan Width": 0, "Index Cond": "(id = mk.movie_id)"}]}]}]}, "Unique SQL Id": 2804875951, "Planner Runtime": 6}, "explain_analyze_plan": {"Plan": {"Node Type": "Aggregate", "Strategy": "Plain", "Startup Cost": 3739.07, "Total Cost": 3739.08, "Plan Rows": 1, "Plan Width": 49, "Actual Startup Time": 1387.145, "Actual Total Time": 1387.146, "Actual Rows": 1, "Actual Loops": 1, "Plans": [{"Node Type": "Nested Loop", "Parent Relationship": "Outer", "Join Type": "Inner", "Startup Cost": 724.4, "Total Cost": 3739.06, "Plan Rows": 2, "Plan Width": 17, "Actual Startup Time": 25.648, "Actual Total Time": 1382.175, "Actual Rows": 5228, "Actual Loops": 1, "Inner Unique": true, "Join Filter": "(mc.movie_id = t.id)", "Rows Removed by Join Filter": 0, "Plans": [{"Node Type": "Nested Loop", "Parent Relationship": "Outer", "Join Type": "Inner", "Startup Cost": 724.13, "Total Cost": 3730.48, "Plan Rows": 2, "Plan Width": 8, "Actual Startup Time": 25.627, "Actual Total Time": 1347.061, "Actual Rows": 5228, "Actual Loops": 1, "Inner Unique": true, "Plans": [{"Node Type": "Nested Loop", "Parent Relationship": "Outer", "Join Type": "Inner", "Startup Cost": 723.87, "Total Cost": 3430.65, "Plan Rows": 70, "Plan Width": 12, "Actual Startup Time": 21.56, "Actual Total Time": 492.049, "Actual Rows": 148552, "Actual Loops": 1, "Inner Unique": false, "Plans": [{"Node Type": "Nested Loop", "Parent Relationship": "Outer", "Join Type": "Inner", "Startup Cost": 723.6, "Total Cost": 3288.12, "Plan Rows": 33, "Plan Width": 4, "Actual Startup Time": 21.524, "Actual Total Time": 111.574, "Actual Rows": 41840, "Actual Loops": 1, "Inner Unique": false, "Plans": [{"Node Type": "Bitmap Heap Scan", "Parent Relationship": "Outer", "Relation Name": "keyword", "Alias": "k", "Startup Cost": 719.1, "Total Cost": 3155.21, "Plan Rows": 1, "Plan Width": 4, "Actual Startup Time": 13.5, "Actual Total Time": 60.831, "Actual Rows": 1, "Actual Loops": 1, "Filter": "((keyword)::text = 'character-name-in-title'::text)", "Rows Removed by Filter": 134168, "Exact Heap Blocks": 759, "Lossy Heap Blocks": 759, "Plans": [{"Node Type": "Bitmap Index Scan", "Parent Relationship": "Outer", "Index Name": "keyword_pkey", "Startup Cost": 0.0, "Total Cost": 719.1, "Plan Rows": 134169, "Plan Width": 0, "Actual Startup Time": 11.196, "Actual Total Time": 11.196, "Actual Rows": 134169, "Actual Loops": 1}]}, {"Node Type": "Bitmap Heap Scan", "Parent Relationship": "Inner", "Relation Name": "movie_keyword", "Alias": "mk", "Startup Cost": 4.51, "Total Cost": 132.58, "Plan Rows": 33, "Plan Width": 8, "Actual Startup Time": 8.013, "Actual Total Time": 41.471, "Actual Rows": 41840, "Actual Loops": 1, "Recheck Cond": "(keyword_id = k.id)", "Rows Removed by Index Recheck": 0, "Exact Heap Blocks": 9702, "Lossy Heap Blocks": 9702, "Plans": [{"Node Type": "Bitmap Index Scan", "Parent Relationship": "Outer", "Index Name": "keyword_id_movie_keyword", "Startup Cost": 0.0, "Total Cost": 4.5, "Plan Rows": 33, "Plan Width": 0, "Actual Startup Time": 6.272, "Actual Total Time": 6.272, "Actual Rows": 41840, "Actual Loops": 1, "Index Cond": "(keyword_id = k.id)"}]}]}, {"Node Type": "Bitmap Heap Scan", "Parent Relationship": "Inner", "Relation Name": "movie_companies", "Alias": "mc", "Startup Cost": 0.27, "Total Cost": 4.3, "Plan Rows": 2, "Plan Width": 8, "Actual Startup Time": 240.891, "Actual Total Time": 294.516, "Actual Rows": 148552, "Actual Loops": 41840, "Recheck Cond": "(movie_id = mk.movie_id)", "Rows Removed by Index Recheck": 0, "Exact Heap Blocks": 62638, "Lossy Heap Blocks": 62638, "Plans": [{"Node Type": "Bitmap Index Scan", "Parent Relationship": "Outer", "Index Name": "movie_id_movie_companies", "Startup Cost": 0.0, "Total Cost": 0.27, "Plan Rows": 2, "Plan Width": 0, "Actual Startup Time": 150.419, "Actual Total Time": 150.419, "Actual Rows": 148552, "Actual Loops": 41840, "Index Cond": "(movie_id = mk.movie_id)"}]}]}, {"Node Type": "Bitmap Heap Scan", "Parent Relationship": "Inner", "Relation Name": "company_name", "Alias": "cn", "Startup Cost": 0.26, "Total Cost": 4.27, "Plan Rows": 1, "Plan Width": 4, "Actual Startup Time": 685.084, "Actual Total Time": 685.084, "Actual Rows": 5228, "Actual Loops": 148552, "Recheck Cond": "(id = mc.company_id)", "Rows Removed by Index Recheck": 0, "Filter": "((country_code)::text = '[nl]'::text)", "Rows Removed by Filter": 143324, "Exact Heap Blocks": 148552, "Lossy Heap Blocks": 148552, "Plans": [{"Node Type": "Bitmap Index Scan", "Parent Relationship": "Outer", "Index Name": "company_name_pkey", "Startup Cost": 0.0, "Total Cost": 0.26, "Plan Rows": 1, "Plan Width": 0, "Actual Startup Time": 382.826, "Actual Total Time": 382.826, "Actual Rows": 148552, "Actual Loops": 148552, "Index Cond": "(id = mc.company_id)"}]}]}, {"Node Type": "Bitmap Heap Scan", "Parent Relationship": "Inner", "Relation Name": "title", "Alias": "t", "Startup Cost": 0.27, "Total Cost": 4.28, "Plan Rows": 1, "Plan Width": 21, "Actual Startup Time": 25.907, "Actual Total Time": 25.907, "Actual Rows": 5228, "Actual Loops": 5228, "Recheck Cond": "(id = mk.movie_id)", "Rows Removed by Index Recheck": 0, "Exact Heap Blocks": 5228, "Lossy Heap Blocks": 5228, "Plans": [{"Node Type": "Bitmap Index Scan", "Parent Relationship": "Outer", "Index Name": "title_pkey", "Startup Cost": 0.0, "Total Cost": 0.27, "Plan Rows": 1, "Plan Width": 0, "Actual Startup Time": 16.062, "Actual Total Time": 16.062, "Actual Rows": 5228, "Actual Loops": 5228, "Index Cond": "(id = mk.movie_id)"}]}]}]}, "Triggers": [], "Planner Runtime": 8.607, "Total Runtime": 1387.489, "Unique SQL Id": 2804875951}}, "(16, '88')": {"explain_plan": {"Plan": {"Node Type": "Aggregate", "Strategy": "Plain", "Startup Cost": 2605.07, "Total Cost": 2605.08, "Plan Rows": 1, "Plan Width": 49, "Plans": [{"Node Type": "Nested Loop", "Parent Relationship": "Outer", "Join Type": "Inner", "Startup Cost": 0.0, "Total Cost": 2605.07, "Plan Rows": 2, "Plan Width": 17, "Inner Unique": true, "Join Filter": "(mc.movie_id = t.id)", "Plans": [{"Node Type": "Nested Loop", "Parent Relationship": "Outer", "Join Type": "Inner", "Startup Cost": 0.0, "Total Cost": 2604.42, "Plan Rows": 2, "Plan Width": 8, "Inner Unique": true, "Plans": [{"Node Type": "Nested Loop", "Parent Relationship": "Outer", "Join Type": "Inner", "Startup Cost": 0.0, "Total Cost": 2584.29, "Plan Rows": 70, "Plan Width": 12, "Inner Unique": false, "Plans": [{"Node Type": "Nested Loop", "Parent Relationship": "Outer", "Join Type": "Inner", "Startup Cost": 0.0, "Total Cost": 2573.32, "Plan Rows": 33, "Plan Width": 4, "Inner Unique": false, "Plans": [{"Node Type": "Seq Scan", "Parent Relationship": "Outer", "Relation Name": "keyword", "Alias": "k", "Startup Cost": 0.0, "Total Cost": 2436.11, "Plan Rows": 1, "Plan Width": 4, "Filter": "((keyword)::text = 'character-name-in-title'::text)"}, {"Node Type": "Index Scan", "Parent Relationship": "Inner", "Scan Direction": "Forward", "Index Name": "keyword_id_movie_keyword", "Relation Name": "movie_keyword", "Alias": "mk", "Startup Cost": 0.0, "Total Cost": 136.88, "Plan Rows": 33, "Plan Width": 8, "Index Cond": "(keyword_id = k.id)"}]}, {"Node Type": "Index Scan", "Parent Relationship": "Inner", "Scan Direction": "Forward", "Index Name": "movie_id_movie_companies", "Relation Name": "movie_companies", "Alias": "mc", "Startup Cost": 0.0, "Total Cost": 0.31, "Plan Rows": 2, "Plan Width": 8, "Index Cond": "(movie_id = mk.movie_id)"}]}, {"Node Type": "Index Scan", "Parent Relationship": "Inner", "Scan Direction": "Forward", "Index Name": "company_name_pkey", "Relation Name": "company_name", "Alias": "cn", "Startup Cost": 0.0, "Total Cost": 0.28, "Plan Rows": 1, "Plan Width": 4, "Index Cond": "(id = mc.company_id)", "Filter": "((country_code)::text = '[nl]'::text)"}]}, {"Node Type": "Index Scan", "Parent Relationship": "Inner", "Scan Direction": "Forward", "Index Name": "title_pkey", "Relation Name": "title", "Alias": "t", "Startup Cost": 0.0, "Total Cost": 0.31, "Plan Rows": 1, "Plan Width": 21, "Index Cond": "(id = mk.movie_id)"}]}]}, "Unique SQL Id": 2804875951, "Planner Runtime": 6}, "explain_analyze_plan": {"Plan": {"Node Type": "Aggregate", "Strategy": "Plain", "Startup Cost": 2605.07, "Total Cost": 2605.08, "Plan Rows": 1, "Plan Width": 49, "Actual Startup Time": 1003.672, "Actual Total Time": 1003.673, "Actual Rows": 1, "Actual Loops": 1, "Plans": [{"Node Type": "Nested Loop", "Parent Relationship": "Outer", "Join Type": "Inner", "Startup Cost": 0.0, "Total Cost": 2605.07, "Plan Rows": 2, "Plan Width": 17, "Actual Startup Time": 4.721, "Actual Total Time": 1000.415, "Actual Rows": 5228, "Actual Loops": 1, "Inner Unique": true, "Join Filter": "(mc.movie_id = t.id)", "Rows Removed by Join Filter": 0, "Plans": [{"Node Type": "Nested Loop", "Parent Relationship": "Outer", "Join Type": "Inner", "Startup Cost": 0.0, "Total Cost": 2604.42, "Plan Rows": 2, "Plan Width": 8, "Actual Startup Time": 4.708, "Actual Total Time": 973.99, "Actual Rows": 5228, "Actual Loops": 1, "Inner Unique": true, "Plans": [{"Node Type": "Nested Loop", "Parent Relationship": "Outer", "Join Type": "Inner", "Startup Cost": 0.0, "Total Cost": 2584.29, "Plan Rows": 70, "Plan Width": 12, "Actual Startup Time": 1.809, "Actual Total Time": 358.696, "Actual Rows": 148552, "Actual Loops": 1, "Inner Unique": false, "Plans": [{"Node Type": "Nested Loop", "Parent Relationship": "Outer", "Join Type": "Inner", "Startup Cost": 0.0, "Total Cost": 2573.32, "Plan Rows": 33, "Plan Width": 4, "Actual Startup Time": 1.792, "Actual Total Time": 86.929, "Actual Rows": 41840, "Actual Loops": 1, "Inner Unique": false, "Plans": [{"Node Type": "Seq Scan", "Parent Relationship": "Outer", "Relation Name": "keyword", "Alias": "k", "Startup Cost": 0.0, "Total Cost": 2436.11, "Plan Rows": 1, "Plan Width": 4, "Actual Startup Time": 1.768, "Actual Total Time": 41.894, "Actual Rows": 1, "Actual Loops": 1, "Filter": "((keyword)::text = 'character-name-in-title'::text)", "Rows Removed by Filter": 134168}, {"Node Type": "Index Scan", "Parent Relationship": "Inner", "Scan Direction": "Forward", "Index Name": "keyword_id_movie_keyword", "Relation Name": "movie_keyword", "Alias": "mk", "Startup Cost": 0.0, "Total Cost": 136.88, "Plan Rows": 33, "Plan Width": 8, "Actual Startup Time": 0.02, "Actual Total Time": 35.59, "Actual Rows": 41840, "Actual Loops": 1, "Index Cond": "(keyword_id = k.id)", "Rows Removed by Index Recheck": 0}]}, {"Node Type": "Index Scan", "Parent Relationship": "Inner", "Scan Direction": "Forward", "Index Name": "movie_id_movie_companies", "Relation Name": "movie_companies", "Alias": "mc", "Startup Cost": 0.0, "Total Cost": 0.31, "Plan Rows": 2, "Plan Width": 8, "Actual Startup Time": 145.322, "Actual Total Time": 215.961, "Actual Rows": 148552, "Actual Loops": 41840, "Index Cond": "(movie_id = mk.movie_id)", "Rows Removed by Index Recheck": 0}]}, {"Node Type": "Index Scan", "Parent Relationship": "Inner", "Scan Direction": "Forward", "Index Name": "company_name_pkey", "Relation Name": "company_name", "Alias": "cn", "Startup Cost": 0.0, "Total Cost": 0.28, "Plan Rows": 1, "Plan Width": 4, "Actual Startup Time": 543.353, "Actual Total Time": 543.353, "Actual Rows": 5228, "Actual Loops": 148552, "Index Cond": "(id = mc.company_id)", "Rows Removed by Index Recheck": 0, "Filter": "((country_code)::text = '[nl]'::text)", "Rows Removed by Filter": 143324}]}, {"Node Type": "Index Scan", "Parent Relationship": "Inner", "Scan Direction": "Forward", "Index Name": "title_pkey", "Relation Name": "title", "Alias": "t", "Startup Cost": 0.0, "Total Cost": 0.31, "Plan Rows": 1, "Plan Width": 21, "Actual Startup Time": 20.597, "Actual Total Time": 20.597, "Actual Rows": 5228, "Actual Loops": 5228, "Index Cond": "(id = mk.movie_id)", "Rows Removed by Index Recheck": 0}]}]}, "Triggers": [], "Planner Runtime": 10.364, "Total Runtime": 1003.955, "Unique SQL Id": 2804875951}}, "(16, '89')": {"explain_plan": {"Plan": {"Node Type": "Aggregate", "Strategy": "Plain", "Startup Cost": 3351.67, "Total Cost": 3351.68, "Plan Rows": 1, "Plan Width": 49, "Plans": [{"Node Type": "Nested Loop", "Parent Relationship": "Outer", "Join Type": "Inner", "Startup Cost": 0.0, "Total Cost": 3351.67, "Plan Rows": 2, "Plan Width": 17, "Inner Unique": true, "Join Filter": "(mc.movie_id = t.id)", "Plans": [{"Node Type": "Nested Loop", "Parent Relationship": "Outer", "Join Type": "Inner", "Startup Cost": 0.0, "Total Cost": 3351.03, "Plan Rows": 2, "Plan Width": 8, "Inner Unique": true, "Plans": [{"Node Type": "Nested Loop", "Parent Relationship": "Outer", "Join Type": "Inner", "Startup Cost": 0.0, "Total Cost": 3330.89, "Plan Rows": 70, "Plan Width": 12, "Inner Unique": false, "Plans": [{"Node Type": "Nested Loop", "Parent Relationship": "Outer", "Join Type": "Inner", "Startup Cost": 0.0, "Total Cost": 3319.92, "Plan Rows": 33, "Plan Width": 4, "Inner Unique": false, "Plans": [{"Node Type": "Index Scan", "Parent Relationship": "Outer", "Scan Direction": "Forward", "Index Name": "keyword_pkey", "Relation Name": "keyword", "Alias": "k", "Startup Cost": 0.0, "Total Cost": 3182.72, "Plan Rows": 1, "Plan Width": 4, "Filter": "((keyword)::text = 'character-name-in-title'::text)"}, {"Node Type": "Index Scan", "Parent Relationship": "Inner", "Scan Direction": "Forward", "Index Name": "keyword_id_movie_keyword", "Relation Name": "movie_keyword", "Alias": "mk", "Startup Cost": 0.0, "Total Cost": 136.88, "Plan Rows": 33, "Plan Width": 8, "Index Cond": "(keyword_id = k.id)"}]}, {"Node Type": "Index Scan", "Parent Relationship": "Inner", "Scan Direction": "Forward", "Index Name": "movie_id_movie_companies", "Relation Name": "movie_companies", "Alias": "mc", "Startup Cost": 0.0, "Total Cost": 0.31, "Plan Rows": 2, "Plan Width": 8, "Index Cond": "(movie_id = mk.movie_id)"}]}, {"Node Type": "Index Scan", "Parent Relationship": "Inner", "Scan Direction": "Forward", "Index Name": "company_name_pkey", "Relation Name": "company_name", "Alias": "cn", "Startup Cost": 0.0, "Total Cost": 0.28, "Plan Rows": 1, "Plan Width": 4, "Index Cond": "(id = mc.company_id)", "Filter": "((country_code)::text = '[nl]'::text)"}]}, {"Node Type": "Index Scan", "Parent Relationship": "Inner", "Scan Direction": "Forward", "Index Name": "title_pkey", "Relation Name": "title", "Alias": "t", "Startup Cost": 0.0, "Total Cost": 0.31, "Plan Rows": 1, "Plan Width": 21, "Index Cond": "(id = mk.movie_id)"}]}]}, "Unique SQL Id": 2804875951, "Planner Runtime": 6}, "explain_analyze_plan": {"Plan": {"Node Type": "Aggregate", "Strategy": "Plain", "Startup Cost": 3351.67, "Total Cost": 3351.68, "Plan Rows": 1, "Plan Width": 49, "Actual Startup Time": 1115.49, "Actual Total Time": 1115.49, "Actual Rows": 1, "Actual Loops": 1, "Plans": [{"Node Type": "Nested Loop", "Parent Relationship": "Outer", "Join Type": "Inner", "Startup Cost": 0.0, "Total Cost": 3351.67, "Plan Rows": 2, "Plan Width": 17, "Actual Startup Time": 3.24, "Actual Total Time": 1112.359, "Actual Rows": 5228, "Actual Loops": 1, "Inner Unique": true, "Join Filter": "(mc.movie_id = t.id)", "Rows Removed by Join Filter": 0, "Plans": [{"Node Type": "Nested Loop", "Parent Relationship": "Outer", "Join Type": "Inner", "Startup Cost": 0.0, "Total Cost": 3351.03, "Plan Rows": 2, "Plan Width": 8, "Actual Startup Time": 3.226, "Actual Total Time": 1085.159, "Actual Rows": 5228, "Actual Loops": 1, "Inner Unique": true, "Plans": [{"Node Type": "Nested Loop", "Parent Relationship": "Outer", "Join Type": "Inner", "Startup Cost": 0.0, "Total Cost": 3330.89, "Plan Rows": 70, "Plan Width": 12, "Actual Startup Time": 0.236, "Actual Total Time": 447.681, "Actual Rows": 148552, "Actual Loops": 1, "Inner Unique": false, "Plans": [{"Node Type": "Nested Loop", "Parent Relationship": "Outer", "Join Type": "Inner", "Startup Cost": 0.0, "Total Cost": 3319.92, "Plan Rows": 33, "Plan Width": 4, "Actual Startup Time": 0.221, "Actual Total Time": 168.712, "Actual Rows": 41840, "Actual Loops": 1, "Inner Unique": false, "Plans": [{"Node Type": "Index Scan", "Parent Relationship": "Outer", "Scan Direction": "Forward", "Index Name": "keyword_pkey", "Relation Name": "keyword", "Alias": "k", "Startup Cost": 0.0, "Total Cost": 3182.72, "Plan Rows": 1, "Plan Width": 4, "Actual Startup Time": 0.203, "Actual Total Time": 122.802, "Actual Rows": 1, "Actual Loops": 1, "Filter": "((keyword)::text = 'character-name-in-title'::text)", "Rows Removed by Filter": 134168}, {"Node Type": "Index Scan", "Parent Relationship": "Inner", "Scan Direction": "Forward", "Index Name": "keyword_id_movie_keyword", "Relation Name": "movie_keyword", "Alias": "mk", "Startup Cost": 0.0, "Total Cost": 136.88, "Plan Rows": 33, "Plan Width": 8, "Actual Startup Time": 0.013, "Actual Total Time": 36.759, "Actual Rows": 41840, "Actual Loops": 1, "Index Cond": "(keyword_id = k.id)", "Rows Removed by Index Recheck": 0}]}, {"Node Type": "Index Scan", "Parent Relationship": "Inner", "Scan Direction": "Forward", "Index Name": "movie_id_movie_companies", "Relation Name": "movie_companies", "Alias": "mc", "Startup Cost": 0.0, "Total Cost": 0.31, "Plan Rows": 2, "Plan Width": 8, "Actual Startup Time": 150.509, "Actual Total Time": 222.921, "Actual Rows": 148552, "Actual Loops": 41840, "Index Cond": "(movie_id = mk.movie_id)", "Rows Removed by Index Recheck": 0}]}, {"Node Type": "Index Scan", "Parent Relationship": "Inner", "Scan Direction": "Forward", "Index Name": "company_name_pkey", "Relation Name": "company_name", "Alias": "cn", "Startup Cost": 0.0, "Total Cost": 0.28, "Plan Rows": 1, "Plan Width": 4, "Actual Startup Time": 564.52, "Actual Total Time": 564.52, "Actual Rows": 5228, "Actual Loops": 148552, "Index Cond": "(id = mc.company_id)", "Rows Removed by Index Recheck": 0, "Filter": "((country_code)::text = '[nl]'::text)", "Rows Removed by Filter": 143324}]}, {"Node Type": "Index Scan", "Parent Relationship": "Inner", "Scan Direction": "Forward", "Index Name": "title_pkey", "Relation Name": "title", "Alias": "t", "Startup Cost": 0.0, "Total Cost": 0.31, "Plan Rows": 1, "Plan Width": 21, "Actual Startup Time": 21.443, "Actual Total Time": 21.443, "Actual Rows": 5228, "Actual Loops": 5228, "Index Cond": "(id = mk.movie_id)", "Rows Removed by Index Recheck": 0}]}]}, "Triggers": [], "Planner Runtime": 9.9, "Total Runtime": 1115.761, "Unique SQL Id": 2804875951}}, "(16, '90')": {"explain_plan": {"Plan": {"Node Type": "Aggregate", "Strategy": "Plain", "Startup Cost": 4100044742317.84, "Total Cost": 4100044742317.85, "Plan Rows": 1, "Plan Width": 49, "Plans": [{"Node Type": "Nested Loop", "Parent Relationship": "Outer", "Join Type": "Inner", "Startup Cost": 40000000000.0, "Total Cost": 4100044742317.84, "Plan Rows": 2, "Plan Width": 17, "Inner Unique": true, "Join Filter": "(mc.movie_id = t.id)", "Plans": [{"Node Type": "Streaming(type: LOCAL GATHER dop: 1/16)", "Parent Relationship": "Outer", "Startup Cost": 30000000000.0, "Total Cost": 2100044742256.02, "Plan Rows": 2, "Plan Width": 8, "Plans": [{"Node Type": "Nested Loop", "Parent Relationship": "Outer", "Join Type": "Inner", "Startup Cost": 30000000000.0, "Total Cost": 2100044742255.98, "Plan Rows": 2, "Plan Width": 8, "Inner Unique": false, "Join Filter": "(mc.movie_id = mk.movie_id)", "Plans": [{"Node Type": "Nested Loop", "Parent Relationship": "Outer", "Join Type": "Inner", "Startup Cost": 10000000000.0, "Total Cost": 100004059447.23, "Plan Rows": 33725, "Plan Width": 4, "Inner Unique": true, "Join Filter": "(cn.id = mc.company_id)", "Plans": [{"Node Type": "Streaming(type: LOCAL REDISTRIBUTE dop: 16/16)", "Parent Relationship": "Outer", "Startup Cost": 0.0, "Total Cost": 42499.73, "Plan Rows": 2609128, "Plan Width": 8, "Plans": [{"Node Type": "Seq Scan", "Parent Relationship": "Outer", "Relation Name": "movie_companies", "Alias": "mc", "Startup Cost": 0.0, "Total Cost": 17613.58, "Plan Rows": 2609128, "Plan Width": 8}]}, {"Node Type": "Materialize", "Parent Relationship": "Inner", "Startup Cost": 0.0, "Total Cost": 20997.29, "Plan Rows": 2240, "Plan Width": 4, "Plans": [{"Node Type": "Streaming(type: LOCAL REDISTRIBUTE dop: 16/1)", "Parent Relationship": "Outer", "Startup Cost": 0.0, "Total Cost": 20996.59, "Plan Rows": 2240, "Plan Width": 4, "Plans": [{"Node Type": "Seq Scan", "Parent Relationship": "Outer", "Relation Name": "company_name", "Alias": "cn", "Startup Cost": 0.0, "Total Cost": 5903.45, "Plan Rows": 2240, "Plan Width": 4, "Filter": "((country_code)::text = '[nl]'::text)"}]}]}]}, {"Node Type": "Materialize", "Parent Relationship": "Inner", "Startup Cost": 10000000000.0, "Total Cost": 100000413735.09, "Plan Rows": 528, "Plan Width": 4, "Plans": [{"Node Type": "Streaming(type: BROADCAST dop: 16/16)", "Parent Relationship": "Outer", "Startup Cost": 10000000000.0, "Total Cost": 100000413734.92, "Plan Rows": 528, "Plan Width": 4, "Plans": [{"Node Type": "Nested Loop", "Parent Relationship": "Outer", "Join Type": "Inner", "Startup Cost": 10000000000.0, "Total Cost": 100000398733.58, "Plan Rows": 33, "Plan Width": 4, "Inner Unique": false, "Join Filter": "(k.id = mk.keyword_id)", "Plans": [{"Node Type": "Streaming(type: BROADCAST dop: 16/1)", "Parent Relationship": "Outer", "Startup Cost": 0.0, "Total Cost": 17436.46, "Plan Rows": 16, "Plan Width": 4, "Plans": [{"Node Type": "Seq Scan", "Parent Relationship": "Outer", "Relation Name": "keyword", "Alias": "k", "Startup Cost": 0.0, "Total Cost": 2436.11, "Plan Rows": 1, "Plan Width": 4, "Filter": "((keyword)::text = 'character-name-in-title'::text)"}]}, {"Node Type": "Seq Scan", "Parent Relationship": "Inner", "Relation Name": "movie_keyword", "Alias": "mk", "Startup Cost": 0.0, "Total Cost": 18902.58, "Plan Rows": 4523929, "Plan Width": 8}]}]}]}]}]}, {"Node Type": "Index Scan", "Parent Relationship": "Inner", "Scan Direction": "Forward", "Index Name": "title_pkey", "Relation Name": "title", "Alias": "t", "Startup Cost": 10000000000.0, "Total Cost": 1000000000030.89, "Plan Rows": 1, "Plan Width": 21, "Index Cond": "(id = mk.movie_id)"}]}]}, "Unique SQL Id": 2804875951, "Planner Runtime": 8}, "explain_analyze_plan": null}, "(16, '91')": {"explain_plan": {"Plan": {"Node Type": "Aggregate", "Strategy": "Plain", "Startup Cost": 4998933765319.64, "Total Cost": 4998933765319.65, "Plan Rows": 1, "Plan Width": 49, "Plans": [{"Node Type": "Merge Join", "Parent Relationship": "Outer", "Join Type": "Inner", "Startup Cost": 4009893449254.55, "Total Cost": 4998933765319.64, "Plan Rows": 2, "Plan Width": 17, "Inner Unique": true, "Merge Cond": "(mc.movie_id = t.id)", "Plans": [{"Node Type": "Sort", "Parent Relationship": "Outer", "Startup Cost": 3999871521328.35, "Total Cost": 3999871521328.35, "Plan Rows": 2, "Plan Width": 8, "Sort Key": ["mc.movie_id"], "Plans": [{"Node Type": "Merge Join", "Parent Relationship": "Outer", "Join Type": "Inner", "Startup Cost": 3009871201696.09, "Total Cost": 3999871521328.34, "Plan Rows": 2, "Plan Width": 8, "Inner Unique": true, "Merge Cond": "(mk.keyword_id = k.id)", "Plans": [{"Node Type": "Sort", "Parent Relationship": "Outer", "Startup Cost": 2999871201696.09, "Total Cost": 2999871202376.36, "Plan Rows": 272107, "Plan Width": 12, "Sort Key": ["mk.keyword_id"], "Plans": [{"Node Type": "Merge Join", "Parent Relationship": "Outer", "Join Type": "Inner", "Startup Cost": 2010013426891.02, "Total Cost": 2999871177133.24, "Plan Rows": 272107, "Plan Width": 12, "Inner Unique": false, "Merge Cond": "(mc.movie_id = mk.movie_id)", "Plans": [{"Node Type": "Sort", "Parent Relationship": "Outer", "Startup Cost": 2000013426891.0, "Total Cost": 2000013426975.31, "Plan Rows": 33725, "Plan Width": 4, "Sort Key": ["mc.movie_id"], "Plans": [{"Node Type": "Merge Join", "Parent Relationship": "Outer", "Join Type": "Inner", "Startup Cost": 45724640147.62, "Total Cost": 2000013424354.62, "Plan Rows": 33725, "Plan Width": 4, "Inner Unique": false, "Merge Cond": "(cn.id = mc.company_id)", "Plans": [{"Node Type": "Index Scan", "Parent Relationship": "Outer", "Scan Direction": "Forward", "Index Name": "company_name_pkey", "Relation Name": "company_name", "Alias": "cn", "Startup Cost": 10000000000.0, "Total Cost": 1000001050138.97, "Plan Rows": 2240, "Plan Width": 4, "Filter": "((country_code)::text = '[nl]'::text)"}, {"Node Type": "Index Scan", "Parent Relationship": "Inner", "Scan Direction": "Forward", "Index Name": "company_id_movie_companies", "Relation Name": "movie_companies", "Alias": "mc", "Startup Cost": 10000000000.0, "Total Cost": 1000012367349.98, "Plan Rows": 2609128, "Plan Width": 8}]}]}, {"Node Type": "Index Scan", "Parent Relationship": "Inner", "Scan Direction": "Forward", "Index Name": "movie_id_movie_keyword", "Relation Name": "movie_keyword", "Alias": "mk", "Startup Cost": 10000000000.0, "Total Cost": 1000015300634.17, "Plan Rows": 4523929, "Plan Width": 8}]}]}, {"Node Type": "Materialize", "Parent Relationship": "Inner", "Startup Cost": 10000000000.0, "Total Cost": 1000000318271.69, "Plan Rows": 1, "Plan Width": 4, "Plans": [{"Node Type": "Index Scan", "Parent Relationship": "Outer", "Scan Direction": "Forward", "Index Name": "keyword_pkey", "Relation Name": "keyword", "Alias": "k", "Startup Cost": 10000000000.0, "Total Cost": 1000000318271.68, "Plan Rows": 1, "Plan Width": 4, "Filter": "((keyword)::text = 'character-name-in-title'::text)"}]}]}]}, {"Node Type": "Index Scan", "Parent Relationship": "Inner", "Scan Direction": "Forward", "Index Name": "title_pkey", "Relation Name": "title", "Alias": "t", "Startup Cost": 10000000000.0, "Total Cost": 1000011012048.91, "Plan Rows": 2528311, "Plan Width": 21}]}]}, "Unique SQL Id": 2804875951, "Planner Runtime": 18}, "explain_analyze_plan": null}, "(16, '92')": {"explain_plan": {"Plan": {"Node Type": "Aggregate", "Strategy": "Plain", "Startup Cost": 2605.07, "Total Cost": 2605.08, "Plan Rows": 1, "Plan Width": 49, "Plans": [{"Node Type": "Nested Loop", "Parent Relationship": "Outer", "Join Type": "Inner", "Startup Cost": 0.0, "Total Cost": 2605.07, "Plan Rows": 2, "Plan Width": 17, "Inner Unique": true, "Join Filter": "(mc.movie_id = t.id)", "Plans": [{"Node Type": "Nested Loop", "Parent Relationship": "Outer", "Join Type": "Inner", "Startup Cost": 0.0, "Total Cost": 2604.42, "Plan Rows": 2, "Plan Width": 8, "Inner Unique": true, "Plans": [{"Node Type": "Nested Loop", "Parent Relationship": "Outer", "Join Type": "Inner", "Startup Cost": 0.0, "Total Cost": 2584.29, "Plan Rows": 70, "Plan Width": 12, "Inner Unique": false, "Plans": [{"Node Type": "Nested Loop", "Parent Relationship": "Outer", "Join Type": "Inner", "Startup Cost": 0.0, "Total Cost": 2573.32, "Plan Rows": 33, "Plan Width": 4, "Inner Unique": false, "Plans": [{"Node Type": "Seq Scan", "Parent Relationship": "Outer", "Relation Name": "keyword", "Alias": "k", "Startup Cost": 0.0, "Total Cost": 2436.11, "Plan Rows": 1, "Plan Width": 4, "Filter": "((keyword)::text = 'character-name-in-title'::text)"}, {"Node Type": "Index Scan", "Parent Relationship": "Inner", "Scan Direction": "Forward", "Index Name": "keyword_id_movie_keyword", "Relation Name": "movie_keyword", "Alias": "mk", "Startup Cost": 0.0, "Total Cost": 136.88, "Plan Rows": 33, "Plan Width": 8, "Index Cond": "(keyword_id = k.id)"}]}, {"Node Type": "Index Scan", "Parent Relationship": "Inner", "Scan Direction": "Forward", "Index Name": "movie_id_movie_companies", "Relation Name": "movie_companies", "Alias": "mc", "Startup Cost": 0.0, "Total Cost": 0.31, "Plan Rows": 2, "Plan Width": 8, "Index Cond": "(movie_id = mk.movie_id)"}]}, {"Node Type": "Index Scan", "Parent Relationship": "Inner", "Scan Direction": "Forward", "Index Name": "company_name_pkey", "Relation Name": "company_name", "Alias": "cn", "Startup Cost": 0.0, "Total Cost": 0.28, "Plan Rows": 1, "Plan Width": 4, "Index Cond": "(id = mc.company_id)", "Filter": "((country_code)::text = '[nl]'::text)"}]}, {"Node Type": "Index Scan", "Parent Relationship": "Inner", "Scan Direction": "Forward", "Index Name": "title_pkey", "Relation Name": "title", "Alias": "t", "Startup Cost": 0.0, "Total Cost": 0.31, "Plan Rows": 1, "Plan Width": 21, "Index Cond": "(id = mk.movie_id)"}]}]}, "Unique SQL Id": 2804875951, "Planner Runtime": 6}, "explain_analyze_plan": {"Plan": {"Node Type": "Aggregate", "Strategy": "Plain", "Startup Cost": 2605.07, "Total Cost": 2605.08, "Plan Rows": 1, "Plan Width": 49, "Actual Startup Time": 1003.672, "Actual Total Time": 1003.673, "Actual Rows": 1, "Actual Loops": 1, "Plans": [{"Node Type": "Nested Loop", "Parent Relationship": "Outer", "Join Type": "Inner", "Startup Cost": 0.0, "Total Cost": 2605.07, "Plan Rows": 2, "Plan Width": 17, "Actual Startup Time": 4.721, "Actual Total Time": 1000.415, "Actual Rows": 5228, "Actual Loops": 1, "Inner Unique": true, "Join Filter": "(mc.movie_id = t.id)", "Rows Removed by Join Filter": 0, "Plans": [{"Node Type": "Nested Loop", "Parent Relationship": "Outer", "Join Type": "Inner", "Startup Cost": 0.0, "Total Cost": 2604.42, "Plan Rows": 2, "Plan Width": 8, "Actual Startup Time": 4.708, "Actual Total Time": 973.99, "Actual Rows": 5228, "Actual Loops": 1, "Inner Unique": true, "Plans": [{"Node Type": "Nested Loop", "Parent Relationship": "Outer", "Join Type": "Inner", "Startup Cost": 0.0, "Total Cost": 2584.29, "Plan Rows": 70, "Plan Width": 12, "Actual Startup Time": 1.809, "Actual Total Time": 358.696, "Actual Rows": 148552, "Actual Loops": 1, "Inner Unique": false, "Plans": [{"Node Type": "Nested Loop", "Parent Relationship": "Outer", "Join Type": "Inner", "Startup Cost": 0.0, "Total Cost": 2573.32, "Plan Rows": 33, "Plan Width": 4, "Actual Startup Time": 1.792, "Actual Total Time": 86.929, "Actual Rows": 41840, "Actual Loops": 1, "Inner Unique": false, "Plans": [{"Node Type": "Seq Scan", "Parent Relationship": "Outer", "Relation Name": "keyword", "Alias": "k", "Startup Cost": 0.0, "Total Cost": 2436.11, "Plan Rows": 1, "Plan Width": 4, "Actual Startup Time": 1.768, "Actual Total Time": 41.894, "Actual Rows": 1, "Actual Loops": 1, "Filter": "((keyword)::text = 'character-name-in-title'::text)", "Rows Removed by Filter": 134168}, {"Node Type": "Index Scan", "Parent Relationship": "Inner", "Scan Direction": "Forward", "Index Name": "keyword_id_movie_keyword", "Relation Name": "movie_keyword", "Alias": "mk", "Startup Cost": 0.0, "Total Cost": 136.88, "Plan Rows": 33, "Plan Width": 8, "Actual Startup Time": 0.02, "Actual Total Time": 35.59, "Actual Rows": 41840, "Actual Loops": 1, "Index Cond": "(keyword_id = k.id)", "Rows Removed by Index Recheck": 0}]}, {"Node Type": "Index Scan", "Parent Relationship": "Inner", "Scan Direction": "Forward", "Index Name": "movie_id_movie_companies", "Relation Name": "movie_companies", "Alias": "mc", "Startup Cost": 0.0, "Total Cost": 0.31, "Plan Rows": 2, "Plan Width": 8, "Actual Startup Time": 145.322, "Actual Total Time": 215.961, "Actual Rows": 148552, "Actual Loops": 41840, "Index Cond": "(movie_id = mk.movie_id)", "Rows Removed by Index Recheck": 0}]}, {"Node Type": "Index Scan", "Parent Relationship": "Inner", "Scan Direction": "Forward", "Index Name": "company_name_pkey", "Relation Name": "company_name", "Alias": "cn", "Startup Cost": 0.0, "Total Cost": 0.28, "Plan Rows": 1, "Plan Width": 4, "Actual Startup Time": 543.353, "Actual Total Time": 543.353, "Actual Rows": 5228, "Actual Loops": 148552, "Index Cond": "(id = mc.company_id)", "Rows Removed by Index Recheck": 0, "Filter": "((country_code)::text = '[nl]'::text)", "Rows Removed by Filter": 143324}]}, {"Node Type": "Index Scan", "Parent Relationship": "Inner", "Scan Direction": "Forward", "Index Name": "title_pkey", "Relation Name": "title", "Alias": "t", "Startup Cost": 0.0, "Total Cost": 0.31, "Plan Rows": 1, "Plan Width": 21, "Actual Startup Time": 20.597, "Actual Total Time": 20.597, "Actual Rows": 5228, "Actual Loops": 5228, "Index Cond": "(id = mk.movie_id)", "Rows Removed by Index Recheck": 0}]}]}, "Triggers": [], "Planner Runtime": 10.364, "Total Runtime": 1003.955, "Unique SQL Id": 2804875951}}, "(16, '93')": {"explain_plan": {"Plan": {"Node Type": "Aggregate", "Strategy": "Plain", "Startup Cost": 3351.67, "Total Cost": 3351.68, "Plan Rows": 1, "Plan Width": 49, "Plans": [{"Node Type": "Nested Loop", "Parent Relationship": "Outer", "Join Type": "Inner", "Startup Cost": 0.0, "Total Cost": 3351.67, "Plan Rows": 2, "Plan Width": 17, "Inner Unique": true, "Join Filter": "(mc.movie_id = t.id)", "Plans": [{"Node Type": "Nested Loop", "Parent Relationship": "Outer", "Join Type": "Inner", "Startup Cost": 0.0, "Total Cost": 3351.03, "Plan Rows": 2, "Plan Width": 8, "Inner Unique": true, "Plans": [{"Node Type": "Nested Loop", "Parent Relationship": "Outer", "Join Type": "Inner", "Startup Cost": 0.0, "Total Cost": 3330.89, "Plan Rows": 70, "Plan Width": 12, "Inner Unique": false, "Plans": [{"Node Type": "Nested Loop", "Parent Relationship": "Outer", "Join Type": "Inner", "Startup Cost": 0.0, "Total Cost": 3319.92, "Plan Rows": 33, "Plan Width": 4, "Inner Unique": false, "Plans": [{"Node Type": "Index Scan", "Parent Relationship": "Outer", "Scan Direction": "Forward", "Index Name": "keyword_pkey", "Relation Name": "keyword", "Alias": "k", "Startup Cost": 0.0, "Total Cost": 3182.72, "Plan Rows": 1, "Plan Width": 4, "Filter": "((keyword)::text = 'character-name-in-title'::text)"}, {"Node Type": "Index Scan", "Parent Relationship": "Inner", "Scan Direction": "Forward", "Index Name": "keyword_id_movie_keyword", "Relation Name": "movie_keyword", "Alias": "mk", "Startup Cost": 0.0, "Total Cost": 136.88, "Plan Rows": 33, "Plan Width": 8, "Index Cond": "(keyword_id = k.id)"}]}, {"Node Type": "Index Scan", "Parent Relationship": "Inner", "Scan Direction": "Forward", "Index Name": "movie_id_movie_companies", "Relation Name": "movie_companies", "Alias": "mc", "Startup Cost": 0.0, "Total Cost": 0.31, "Plan Rows": 2, "Plan Width": 8, "Index Cond": "(movie_id = mk.movie_id)"}]}, {"Node Type": "Index Scan", "Parent Relationship": "Inner", "Scan Direction": "Forward", "Index Name": "company_name_pkey", "Relation Name": "company_name", "Alias": "cn", "Startup Cost": 0.0, "Total Cost": 0.28, "Plan Rows": 1, "Plan Width": 4, "Index Cond": "(id = mc.company_id)", "Filter": "((country_code)::text = '[nl]'::text)"}]}, {"Node Type": "Index Scan", "Parent Relationship": "Inner", "Scan Direction": "Forward", "Index Name": "title_pkey", "Relation Name": "title", "Alias": "t", "Startup Cost": 0.0, "Total Cost": 0.31, "Plan Rows": 1, "Plan Width": 21, "Index Cond": "(id = mk.movie_id)"}]}]}, "Unique SQL Id": 2804875951, "Planner Runtime": 6}, "explain_analyze_plan": {"Plan": {"Node Type": "Aggregate", "Strategy": "Plain", "Startup Cost": 3351.67, "Total Cost": 3351.68, "Plan Rows": 1, "Plan Width": 49, "Actual Startup Time": 1115.49, "Actual Total Time": 1115.49, "Actual Rows": 1, "Actual Loops": 1, "Plans": [{"Node Type": "Nested Loop", "Parent Relationship": "Outer", "Join Type": "Inner", "Startup Cost": 0.0, "Total Cost": 3351.67, "Plan Rows": 2, "Plan Width": 17, "Actual Startup Time": 3.24, "Actual Total Time": 1112.359, "Actual Rows": 5228, "Actual Loops": 1, "Inner Unique": true, "Join Filter": "(mc.movie_id = t.id)", "Rows Removed by Join Filter": 0, "Plans": [{"Node Type": "Nested Loop", "Parent Relationship": "Outer", "Join Type": "Inner", "Startup Cost": 0.0, "Total Cost": 3351.03, "Plan Rows": 2, "Plan Width": 8, "Actual Startup Time": 3.226, "Actual Total Time": 1085.159, "Actual Rows": 5228, "Actual Loops": 1, "Inner Unique": true, "Plans": [{"Node Type": "Nested Loop", "Parent Relationship": "Outer", "Join Type": "Inner", "Startup Cost": 0.0, "Total Cost": 3330.89, "Plan Rows": 70, "Plan Width": 12, "Actual Startup Time": 0.236, "Actual Total Time": 447.681, "Actual Rows": 148552, "Actual Loops": 1, "Inner Unique": false, "Plans": [{"Node Type": "Nested Loop", "Parent Relationship": "Outer", "Join Type": "Inner", "Startup Cost": 0.0, "Total Cost": 3319.92, "Plan Rows": 33, "Plan Width": 4, "Actual Startup Time": 0.221, "Actual Total Time": 168.712, "Actual Rows": 41840, "Actual Loops": 1, "Inner Unique": false, "Plans": [{"Node Type": "Index Scan", "Parent Relationship": "Outer", "Scan Direction": "Forward", "Index Name": "keyword_pkey", "Relation Name": "keyword", "Alias": "k", "Startup Cost": 0.0, "Total Cost": 3182.72, "Plan Rows": 1, "Plan Width": 4, "Actual Startup Time": 0.203, "Actual Total Time": 122.802, "Actual Rows": 1, "Actual Loops": 1, "Filter": "((keyword)::text = 'character-name-in-title'::text)", "Rows Removed by Filter": 134168}, {"Node Type": "Index Scan", "Parent Relationship": "Inner", "Scan Direction": "Forward", "Index Name": "keyword_id_movie_keyword", "Relation Name": "movie_keyword", "Alias": "mk", "Startup Cost": 0.0, "Total Cost": 136.88, "Plan Rows": 33, "Plan Width": 8, "Actual Startup Time": 0.013, "Actual Total Time": 36.759, "Actual Rows": 41840, "Actual Loops": 1, "Index Cond": "(keyword_id = k.id)", "Rows Removed by Index Recheck": 0}]}, {"Node Type": "Index Scan", "Parent Relationship": "Inner", "Scan Direction": "Forward", "Index Name": "movie_id_movie_companies", "Relation Name": "movie_companies", "Alias": "mc", "Startup Cost": 0.0, "Total Cost": 0.31, "Plan Rows": 2, "Plan Width": 8, "Actual Startup Time": 150.509, "Actual Total Time": 222.921, "Actual Rows": 148552, "Actual Loops": 41840, "Index Cond": "(movie_id = mk.movie_id)", "Rows Removed by Index Recheck": 0}]}, {"Node Type": "Index Scan", "Parent Relationship": "Inner", "Scan Direction": "Forward", "Index Name": "company_name_pkey", "Relation Name": "company_name", "Alias": "cn", "Startup Cost": 0.0, "Total Cost": 0.28, "Plan Rows": 1, "Plan Width": 4, "Actual Startup Time": 564.52, "Actual Total Time": 564.52, "Actual Rows": 5228, "Actual Loops": 148552, "Index Cond": "(id = mc.company_id)", "Rows Removed by Index Recheck": 0, "Filter": "((country_code)::text = '[nl]'::text)", "Rows Removed by Filter": 143324}]}, {"Node Type": "Index Scan", "Parent Relationship": "Inner", "Scan Direction": "Forward", "Index Name": "title_pkey", "Relation Name": "title", "Alias": "t", "Startup Cost": 0.0, "Total Cost": 0.31, "Plan Rows": 1, "Plan Width": 21, "Actual Startup Time": 21.443, "Actual Total Time": 21.443, "Actual Rows": 5228, "Actual Loops": 5228, "Index Cond": "(id = mk.movie_id)", "Rows Removed by Index Recheck": 0}]}]}, "Triggers": [], "Planner Runtime": 9.9, "Total Runtime": 1115.761, "Unique SQL Id": 2804875951}}, "(16, '94')": {"explain_plan": {"Plan": {"Node Type": "Aggregate", "Strategy": "Plain", "Startup Cost": 4100044742317.84, "Total Cost": 4100044742317.85, "Plan Rows": 1, "Plan Width": 49, "Plans": [{"Node Type": "Nested Loop", "Parent Relationship": "Outer", "Join Type": "Inner", "Startup Cost": 40000000000.0, "Total Cost": 4100044742317.84, "Plan Rows": 2, "Plan Width": 17, "Inner Unique": true, "Join Filter": "(mc.movie_id = t.id)", "Plans": [{"Node Type": "Streaming(type: LOCAL GATHER dop: 1/16)", "Parent Relationship": "Outer", "Startup Cost": 30000000000.0, "Total Cost": 2100044742256.02, "Plan Rows": 2, "Plan Width": 8, "Plans": [{"Node Type": "Nested Loop", "Parent Relationship": "Outer", "Join Type": "Inner", "Startup Cost": 30000000000.0, "Total Cost": 2100044742255.98, "Plan Rows": 2, "Plan Width": 8, "Inner Unique": false, "Join Filter": "(mc.movie_id = mk.movie_id)", "Plans": [{"Node Type": "Nested Loop", "Parent Relationship": "Outer", "Join Type": "Inner", "Startup Cost": 10000000000.0, "Total Cost": 100004059447.23, "Plan Rows": 33725, "Plan Width": 4, "Inner Unique": true, "Join Filter": "(cn.id = mc.company_id)", "Plans": [{"Node Type": "Streaming(type: LOCAL REDISTRIBUTE dop: 16/16)", "Parent Relationship": "Outer", "Startup Cost": 0.0, "Total Cost": 42499.73, "Plan Rows": 2609128, "Plan Width": 8, "Plans": [{"Node Type": "Seq Scan", "Parent Relationship": "Outer", "Relation Name": "movie_companies", "Alias": "mc", "Startup Cost": 0.0, "Total Cost": 17613.58, "Plan Rows": 2609128, "Plan Width": 8}]}, {"Node Type": "Materialize", "Parent Relationship": "Inner", "Startup Cost": 0.0, "Total Cost": 20997.29, "Plan Rows": 2240, "Plan Width": 4, "Plans": [{"Node Type": "Streaming(type: LOCAL REDISTRIBUTE dop: 16/1)", "Parent Relationship": "Outer", "Startup Cost": 0.0, "Total Cost": 20996.59, "Plan Rows": 2240, "Plan Width": 4, "Plans": [{"Node Type": "Seq Scan", "Parent Relationship": "Outer", "Relation Name": "company_name", "Alias": "cn", "Startup Cost": 0.0, "Total Cost": 5903.45, "Plan Rows": 2240, "Plan Width": 4, "Filter": "((country_code)::text = '[nl]'::text)"}]}]}]}, {"Node Type": "Materialize", "Parent Relationship": "Inner", "Startup Cost": 10000000000.0, "Total Cost": 100000413735.09, "Plan Rows": 528, "Plan Width": 4, "Plans": [{"Node Type": "Streaming(type: BROADCAST dop: 16/16)", "Parent Relationship": "Outer", "Startup Cost": 10000000000.0, "Total Cost": 100000413734.92, "Plan Rows": 528, "Plan Width": 4, "Plans": [{"Node Type": "Nested Loop", "Parent Relationship": "Outer", "Join Type": "Inner", "Startup Cost": 10000000000.0, "Total Cost": 100000398733.58, "Plan Rows": 33, "Plan Width": 4, "Inner Unique": false, "Join Filter": "(k.id = mk.keyword_id)", "Plans": [{"Node Type": "Streaming(type: BROADCAST dop: 16/1)", "Parent Relationship": "Outer", "Startup Cost": 0.0, "Total Cost": 17436.46, "Plan Rows": 16, "Plan Width": 4, "Plans": [{"Node Type": "Seq Scan", "Parent Relationship": "Outer", "Relation Name": "keyword", "Alias": "k", "Startup Cost": 0.0, "Total Cost": 2436.11, "Plan Rows": 1, "Plan Width": 4, "Filter": "((keyword)::text = 'character-name-in-title'::text)"}]}, {"Node Type": "Seq Scan", "Parent Relationship": "Inner", "Relation Name": "movie_keyword", "Alias": "mk", "Startup Cost": 0.0, "Total Cost": 18902.58, "Plan Rows": 4523929, "Plan Width": 8}]}]}]}]}]}, {"Node Type": "Index Scan", "Parent Relationship": "Inner", "Scan Direction": "Forward", "Index Name": "title_pkey", "Relation Name": "title", "Alias": "t", "Startup Cost": 10000000000.0, "Total Cost": 1000000000030.89, "Plan Rows": 1, "Plan Width": 21, "Index Cond": "(id = mk.movie_id)"}]}]}, "Unique SQL Id": 2804875951, "Planner Runtime": 8}, "explain_analyze_plan": null}, "(16, '95')": {"explain_plan": {"Plan": {"Node Type": "Aggregate", "Strategy": "Plain", "Startup Cost": 4998933765319.64, "Total Cost": 4998933765319.65, "Plan Rows": 1, "Plan Width": 49, "Plans": [{"Node Type": "Merge Join", "Parent Relationship": "Outer", "Join Type": "Inner", "Startup Cost": 4009893449254.55, "Total Cost": 4998933765319.64, "Plan Rows": 2, "Plan Width": 17, "Inner Unique": true, "Merge Cond": "(mc.movie_id = t.id)", "Plans": [{"Node Type": "Sort", "Parent Relationship": "Outer", "Startup Cost": 3999871521328.35, "Total Cost": 3999871521328.35, "Plan Rows": 2, "Plan Width": 8, "Sort Key": ["mc.movie_id"], "Plans": [{"Node Type": "Merge Join", "Parent Relationship": "Outer", "Join Type": "Inner", "Startup Cost": 3009871201696.09, "Total Cost": 3999871521328.34, "Plan Rows": 2, "Plan Width": 8, "Inner Unique": true, "Merge Cond": "(mk.keyword_id = k.id)", "Plans": [{"Node Type": "Sort", "Parent Relationship": "Outer", "Startup Cost": 2999871201696.09, "Total Cost": 2999871202376.36, "Plan Rows": 272107, "Plan Width": 12, "Sort Key": ["mk.keyword_id"], "Plans": [{"Node Type": "Merge Join", "Parent Relationship": "Outer", "Join Type": "Inner", "Startup Cost": 2010013426891.02, "Total Cost": 2999871177133.24, "Plan Rows": 272107, "Plan Width": 12, "Inner Unique": false, "Merge Cond": "(mc.movie_id = mk.movie_id)", "Plans": [{"Node Type": "Sort", "Parent Relationship": "Outer", "Startup Cost": 2000013426891.0, "Total Cost": 2000013426975.31, "Plan Rows": 33725, "Plan Width": 4, "Sort Key": ["mc.movie_id"], "Plans": [{"Node Type": "Merge Join", "Parent Relationship": "Outer", "Join Type": "Inner", "Startup Cost": 45724640147.62, "Total Cost": 2000013424354.62, "Plan Rows": 33725, "Plan Width": 4, "Inner Unique": false, "Merge Cond": "(cn.id = mc.company_id)", "Plans": [{"Node Type": "Index Scan", "Parent Relationship": "Outer", "Scan Direction": "Forward", "Index Name": "company_name_pkey", "Relation Name": "company_name", "Alias": "cn", "Startup Cost": 10000000000.0, "Total Cost": 1000001050138.97, "Plan Rows": 2240, "Plan Width": 4, "Filter": "((country_code)::text = '[nl]'::text)"}, {"Node Type": "Index Scan", "Parent Relationship": "Inner", "Scan Direction": "Forward", "Index Name": "company_id_movie_companies", "Relation Name": "movie_companies", "Alias": "mc", "Startup Cost": 10000000000.0, "Total Cost": 1000012367349.98, "Plan Rows": 2609128, "Plan Width": 8}]}]}, {"Node Type": "Index Scan", "Parent Relationship": "Inner", "Scan Direction": "Forward", "Index Name": "movie_id_movie_keyword", "Relation Name": "movie_keyword", "Alias": "mk", "Startup Cost": 10000000000.0, "Total Cost": 1000015300634.17, "Plan Rows": 4523929, "Plan Width": 8}]}]}, {"Node Type": "Materialize", "Parent Relationship": "Inner", "Startup Cost": 10000000000.0, "Total Cost": 1000000318271.69, "Plan Rows": 1, "Plan Width": 4, "Plans": [{"Node Type": "Index Scan", "Parent Relationship": "Outer", "Scan Direction": "Forward", "Index Name": "keyword_pkey", "Relation Name": "keyword", "Alias": "k", "Startup Cost": 10000000000.0, "Total Cost": 1000000318271.68, "Plan Rows": 1, "Plan Width": 4, "Filter": "((keyword)::text = 'character-name-in-title'::text)"}]}]}]}, {"Node Type": "Index Scan", "Parent Relationship": "Inner", "Scan Direction": "Forward", "Index Name": "title_pkey", "Relation Name": "title", "Alias": "t", "Startup Cost": 10000000000.0, "Total Cost": 1000011012048.91, "Plan Rows": 2528311, "Plan Width": 21}]}]}, "Unique SQL Id": 2804875951, "Planner Runtime": 17}, "explain_analyze_plan": null}, "(16, '96')": {"explain_plan": {"Plan": {"Node Type": "Aggregate", "Strategy": "Plain", "Startup Cost": 2600.78, "Total Cost": 2600.79, "Plan Rows": 1, "Plan Width": 49, "Plans": [{"Node Type": "Nested Loop", "Parent Relationship": "Outer", "Join Type": "Inner", "Startup Cost": 4.51, "Total Cost": 2600.77, "Plan Rows": 2, "Plan Width": 17, "Inner Unique": true, "Join Filter": "(mc.movie_id = t.id)", "Plans": [{"Node Type": "Nested Loop", "Parent Relationship": "Outer", "Join Type": "Inner", "Startup Cost": 4.51, "Total Cost": 2600.13, "Plan Rows": 2, "Plan Width": 8, "Inner Unique": true, "Plans": [{"Node Type": "Nested Loop", "Parent Relationship": "Outer", "Join Type": "Inner", "Startup Cost": 4.51, "Total Cost": 2579.99, "Plan Rows": 70, "Plan Width": 12, "Inner Unique": false, "Plans": [{"Node Type": "Nested Loop", "Parent Relationship": "Outer", "Join Type": "Inner", "Startup Cost": 4.51, "Total Cost": 2569.02, "Plan Rows": 33, "Plan Width": 4, "Inner Unique": false, "Plans": [{"Node Type": "Seq Scan", "Parent Relationship": "Outer", "Relation Name": "keyword", "Alias": "k", "Startup Cost": 0.0, "Total Cost": 2436.11, "Plan Rows": 1, "Plan Width": 4, "Filter": "((keyword)::text = 'character-name-in-title'::text)"}, {"Node Type": "Bitmap Heap Scan", "Parent Relationship": "Inner", "Relation Name": "movie_keyword", "Alias": "mk", "Startup Cost": 4.51, "Total Cost": 132.58, "Plan Rows": 33, "Plan Width": 8, "Recheck Cond": "(keyword_id = k.id)", "Plans": [{"Node Type": "Bitmap Index Scan", "Parent Relationship": "Outer", "Index Name": "keyword_id_movie_keyword", "Startup Cost": 0.0, "Total Cost": 4.5, "Plan Rows": 33, "Plan Width": 0, "Index Cond": "(keyword_id = k.id)"}]}]}, {"Node Type": "Index Scan", "Parent Relationship": "Inner", "Scan Direction": "Forward", "Index Name": "movie_id_movie_companies", "Relation Name": "movie_companies", "Alias": "mc", "Startup Cost": 0.0, "Total Cost": 0.31, "Plan Rows": 2, "Plan Width": 8, "Index Cond": "(movie_id = mk.movie_id)"}]}, {"Node Type": "Index Scan", "Parent Relationship": "Inner", "Scan Direction": "Forward", "Index Name": "company_name_pkey", "Relation Name": "company_name", "Alias": "cn", "Startup Cost": 0.0, "Total Cost": 0.28, "Plan Rows": 1, "Plan Width": 4, "Index Cond": "(id = mc.company_id)", "Filter": "((country_code)::text = '[nl]'::text)"}]}, {"Node Type": "Index Scan", "Parent Relationship": "Inner", "Scan Direction": "Forward", "Index Name": "title_pkey", "Relation Name": "title", "Alias": "t", "Startup Cost": 0.0, "Total Cost": 0.31, "Plan Rows": 1, "Plan Width": 21, "Index Cond": "(id = mk.movie_id)"}]}]}, "Unique SQL Id": 2804875951, "Planner Runtime": 8}, "explain_analyze_plan": {"Plan": {"Node Type": "Aggregate", "Strategy": "Plain", "Startup Cost": 2600.78, "Total Cost": 2600.79, "Plan Rows": 1, "Plan Width": 49, "Actual Startup Time": 1042.053, "Actual Total Time": 1042.053, "Actual Rows": 1, "Actual Loops": 1, "Plans": [{"Node Type": "Nested Loop", "Parent Relationship": "Outer", "Join Type": "Inner", "Startup Cost": 4.51, "Total Cost": 2600.77, "Plan Rows": 2, "Plan Width": 17, "Actual Startup Time": 15.009, "Actual Total Time": 1039.002, "Actual Rows": 5228, "Actual Loops": 1, "Inner Unique": true, "Join Filter": "(mc.movie_id = t.id)", "Rows Removed by Join Filter": 0, "Plans": [{"Node Type": "Nested Loop", "Parent Relationship": "Outer", "Join Type": "Inner", "Startup Cost": 4.51, "Total Cost": 2600.13, "Plan Rows": 2, "Plan Width": 8, "Actual Startup Time": 14.993, "Actual Total Time": 1010.698, "Actual Rows": 5228, "Actual Loops": 1, "Inner Unique": true, "Plans": [{"Node Type": "Nested Loop", "Parent Relationship": "Outer", "Join Type": "Inner", "Startup Cost": 4.51, "Total Cost": 2579.99, "Plan Rows": 70, "Plan Width": 12, "Actual Startup Time": 11.933, "Actual Total Time": 388.31, "Actual Rows": 148552, "Actual Loops": 1, "Inner Unique": false, "Plans": [{"Node Type": "Nested Loop", "Parent Relationship": "Outer", "Join Type": "Inner", "Startup Cost": 4.51, "Total Cost": 2569.02, "Plan Rows": 33, "Plan Width": 4, "Actual Startup Time": 11.905, "Actual Total Time": 101.867, "Actual Rows": 41840, "Actual Loops": 1, "Inner Unique": false, "Plans": [{"Node Type": "Seq Scan", "Parent Relationship": "Outer", "Relation Name": "keyword", "Alias": "k", "Startup Cost": 0.0, "Total Cost": 2436.11, "Plan Rows": 1, "Plan Width": 4, "Actual Startup Time": 1.829, "Actual Total Time": 42.003, "Actual Rows": 1, "Actual Loops": 1, "Filter": "((keyword)::text = 'character-name-in-title'::text)", "Rows Removed by Filter": 134168}, {"Node Type": "Bitmap Heap Scan", "Parent Relationship": "Inner", "Relation Name": "movie_keyword", "Alias": "mk", "Startup Cost": 4.51, "Total Cost": 132.58, "Plan Rows": 33, "Plan Width": 8, "Actual Startup Time": 10.069, "Actual Total Time": 51.314, "Actual Rows": 41840, "Actual Loops": 1, "Recheck Cond": "(keyword_id = k.id)", "Rows Removed by Index Recheck": 0, "Exact Heap Blocks": 9702, "Lossy Heap Blocks": 9702, "Plans": [{"Node Type": "Bitmap Index Scan", "Parent Relationship": "Outer", "Index Name": "keyword_id_movie_keyword", "Startup Cost": 0.0, "Total Cost": 4.5, "Plan Rows": 33, "Plan Width": 0, "Actual Startup Time": 8.236, "Actual Total Time": 8.236, "Actual Rows": 41840, "Actual Loops": 1, "Index Cond": "(keyword_id = k.id)"}]}]}, {"Node Type": "Index Scan", "Parent Relationship": "Inner", "Scan Direction": "Forward", "Index Name": "movie_id_movie_companies", "Relation Name": "movie_companies", "Alias": "mc", "Startup Cost": 0.0, "Total Cost": 0.31, "Plan Rows": 2, "Plan Width": 8, "Actual Startup Time": 155.322, "Actual Total Time": 230.57, "Actual Rows": 148552, "Actual Loops": 41840, "Index Cond": "(movie_id = mk.movie_id)", "Rows Removed by Index Recheck": 0}]}, {"Node Type": "Index Scan", "Parent Relationship": "Inner", "Scan Direction": "Forward", "Index Name": "company_name_pkey", "Relation Name": "company_name", "Alias": "cn", "Startup Cost": 0.0, "Total Cost": 0.28, "Plan Rows": 1, "Plan Width": 4, "Actual Startup Time": 550.613, "Actual Total Time": 550.613, "Actual Rows": 5228, "Actual Loops": 148552, "Index Cond": "(id = mc.company_id)", "Rows Removed by Index Recheck": 0, "Filter": "((country_code)::text = '[nl]'::text)", "Rows Removed by Filter": 143324}]}, {"Node Type": "Index Scan", "Parent Relationship": "Inner", "Scan Direction": "Forward", "Index Name": "title_pkey", "Relation Name": "title", "Alias": "t", "Startup Cost": 0.0, "Total Cost": 0.31, "Plan Rows": 1, "Plan Width": 21, "Actual Startup Time": 22.709, "Actual Total Time": 22.709, "Actual Rows": 5228, "Actual Loops": 5228, "Index Cond": "(id = mk.movie_id)", "Rows Removed by Index Recheck": 0}]}]}, "Triggers": [], "Planner Runtime": 10.46, "Total Runtime": 1042.518, "Unique SQL Id": 2804875951}}, "(16, '97')": {"explain_plan": {"Plan": {"Node Type": "Aggregate", "Strategy": "Plain", "Startup Cost": 3347.38, "Total Cost": 3347.39, "Plan Rows": 1, "Plan Width": 49, "Plans": [{"Node Type": "Nested Loop", "Parent Relationship": "Outer", "Join Type": "Inner", "Startup Cost": 4.51, "Total Cost": 3347.38, "Plan Rows": 2, "Plan Width": 17, "Inner Unique": true, "Join Filter": "(mc.movie_id = t.id)", "Plans": [{"Node Type": "Nested Loop", "Parent Relationship": "Outer", "Join Type": "Inner", "Startup Cost": 4.51, "Total Cost": 3346.73, "Plan Rows": 2, "Plan Width": 8, "Inner Unique": true, "Plans": [{"Node Type": "Nested Loop", "Parent Relationship": "Outer", "Join Type": "Inner", "Startup Cost": 4.51, "Total Cost": 3326.6, "Plan Rows": 70, "Plan Width": 12, "Inner Unique": false, "Plans": [{"Node Type": "Nested Loop", "Parent Relationship": "Outer", "Join Type": "Inner", "Startup Cost": 4.51, "Total Cost": 3315.63, "Plan Rows": 33, "Plan Width": 4, "Inner Unique": false, "Plans": [{"Node Type": "Index Scan", "Parent Relationship": "Outer", "Scan Direction": "Forward", "Index Name": "keyword_pkey", "Relation Name": "keyword", "Alias": "k", "Startup Cost": 0.0, "Total Cost": 3182.72, "Plan Rows": 1, "Plan Width": 4, "Filter": "((keyword)::text = 'character-name-in-title'::text)"}, {"Node Type": "Bitmap Heap Scan", "Parent Relationship": "Inner", "Relation Name": "movie_keyword", "Alias": "mk", "Startup Cost": 4.51, "Total Cost": 132.58, "Plan Rows": 33, "Plan Width": 8, "Recheck Cond": "(keyword_id = k.id)", "Plans": [{"Node Type": "Bitmap Index Scan", "Parent Relationship": "Outer", "Index Name": "keyword_id_movie_keyword", "Startup Cost": 0.0, "Total Cost": 4.5, "Plan Rows": 33, "Plan Width": 0, "Index Cond": "(keyword_id = k.id)"}]}]}, {"Node Type": "Index Scan", "Parent Relationship": "Inner", "Scan Direction": "Forward", "Index Name": "movie_id_movie_companies", "Relation Name": "movie_companies", "Alias": "mc", "Startup Cost": 0.0, "Total Cost": 0.31, "Plan Rows": 2, "Plan Width": 8, "Index Cond": "(movie_id = mk.movie_id)"}]}, {"Node Type": "Index Scan", "Parent Relationship": "Inner", "Scan Direction": "Forward", "Index Name": "company_name_pkey", "Relation Name": "company_name", "Alias": "cn", "Startup Cost": 0.0, "Total Cost": 0.28, "Plan Rows": 1, "Plan Width": 4, "Index Cond": "(id = mc.company_id)", "Filter": "((country_code)::text = '[nl]'::text)"}]}, {"Node Type": "Index Scan", "Parent Relationship": "Inner", "Scan Direction": "Forward", "Index Name": "title_pkey", "Relation Name": "title", "Alias": "t", "Startup Cost": 0.0, "Total Cost": 0.31, "Plan Rows": 1, "Plan Width": 21, "Index Cond": "(id = mk.movie_id)"}]}]}, "Unique SQL Id": 2804875951, "Planner Runtime": 8}, "explain_analyze_plan": {"Plan": {"Node Type": "Aggregate", "Strategy": "Plain", "Startup Cost": 3347.38, "Total Cost": 3347.39, "Plan Rows": 1, "Plan Width": 49, "Actual Startup Time": 1183.532, "Actual Total Time": 1183.533, "Actual Rows": 1, "Actual Loops": 1, "Plans": [{"Node Type": "Nested Loop", "Parent Relationship": "Outer", "Join Type": "Inner", "Startup Cost": 4.51, "Total Cost": 3347.38, "Plan Rows": 2, "Plan Width": 17, "Actual Startup Time": 13.942, "Actual Total Time": 1180.637, "Actual Rows": 5228, "Actual Loops": 1, "Inner Unique": true, "Join Filter": "(mc.movie_id = t.id)", "Rows Removed by Join Filter": 0, "Plans": [{"Node Type": "Nested Loop", "Parent Relationship": "Outer", "Join Type": "Inner", "Startup Cost": 4.51, "Total Cost": 3346.73, "Plan Rows": 2, "Plan Width": 8, "Actual Startup Time": 13.922, "Actual Total Time": 1148.172, "Actual Rows": 5228, "Actual Loops": 1, "Inner Unique": true, "Plans": [{"Node Type": "Nested Loop", "Parent Relationship": "Outer", "Join Type": "Inner", "Startup Cost": 4.51, "Total Cost": 3326.6, "Plan Rows": 70, "Plan Width": 12, "Actual Startup Time": 10.495, "Actual Total Time": 511.238, "Actual Rows": 148552, "Actual Loops": 1, "Inner Unique": false, "Plans": [{"Node Type": "Nested Loop", "Parent Relationship": "Outer", "Join Type": "Inner", "Startup Cost": 4.51, "Total Cost": 3315.63, "Plan Rows": 33, "Plan Width": 4, "Actual Startup Time": 10.465, "Actual Total Time": 196.622, "Actual Rows": 41840, "Actual Loops": 1, "Inner Unique": false, "Plans": [{"Node Type": "Index Scan", "Parent Relationship": "Outer", "Scan Direction": "Forward", "Index Name": "keyword_pkey", "Relation Name": "keyword", "Alias": "k", "Startup Cost": 0.0, "Total Cost": 3182.72, "Plan Rows": 1, "Plan Width": 4, "Actual Startup Time": 0.292, "Actual Total Time": 125.899, "Actual Rows": 1, "Actual Loops": 1, "Filter": "((keyword)::text = 'character-name-in-title'::text)", "Rows Removed by Filter": 134168}, {"Node Type": "Bitmap Heap Scan", "Parent Relationship": "Inner", "Relation Name": "movie_keyword", "Alias": "mk", "Startup Cost": 4.51, "Total Cost": 132.58, "Plan Rows": 33, "Plan Width": 8, "Actual Startup Time": 10.166, "Actual Total Time": 61.96, "Actual Rows": 41840, "Actual Loops": 1, "Recheck Cond": "(keyword_id = k.id)", "Rows Removed by Index Recheck": 0, "Exact Heap Blocks": 9702, "Lossy Heap Blocks": 9702, "Plans": [{"Node Type": "Bitmap Index Scan", "Parent Relationship": "Outer", "Index Name": "keyword_id_movie_keyword", "Startup Cost": 0.0, "Total Cost": 4.5, "Plan Rows": 33, "Plan Width": 0, "Actual Startup Time": 8.352, "Actual Total Time": 8.352, "Actual Rows": 41840, "Actual Loops": 1, "Index Cond": "(keyword_id = k.id)"}]}]}, {"Node Type": "Index Scan", "Parent Relationship": "Inner", "Scan Direction": "Forward", "Index Name": "movie_id_movie_companies", "Relation Name": "movie_companies", "Alias": "mc", "Startup Cost": 0.0, "Total Cost": 0.31, "Plan Rows": 2, "Plan Width": 8, "Actual Startup Time": 176.45, "Actual Total Time": 259.319, "Actual Rows": 148552, "Actual Loops": 41840, "Index Cond": "(movie_id = mk.movie_id)", "Rows Removed by Index Recheck": 0}]}, {"Node Type": "Index Scan", "Parent Relationship": "Inner", "Scan Direction": "Forward", "Index Name": "company_name_pkey", "Relation Name": "company_name", "Alias": "cn", "Startup Cost": 0.0, "Total Cost": 0.28, "Plan Rows": 1, "Plan Width": 4, "Actual Startup Time": 563.789, "Actual Total Time": 563.789, "Actual Rows": 5228, "Actual Loops": 148552, "Index Cond": "(id = mc.company_id)", "Rows Removed by Index Recheck": 0, "Filter": "((country_code)::text = '[nl]'::text)", "Rows Removed by Filter": 143324}]}, {"Node Type": "Index Scan", "Parent Relationship": "Inner", "Scan Direction": "Forward", "Index Name": "title_pkey", "Relation Name": "title", "Alias": "t", "Startup Cost": 0.0, "Total Cost": 0.31, "Plan Rows": 1, "Plan Width": 21, "Actual Startup Time": 26.892, "Actual Total Time": 26.892, "Actual Rows": 5228, "Actual Loops": 5228, "Index Cond": "(id = mk.movie_id)", "Rows Removed by Index Recheck": 0}]}]}, "Triggers": [], "Planner Runtime": 11.909, "Total Runtime": 1183.878, "Unique SQL Id": 2804875951}}, "(16, '98')": {"explain_plan": {"Plan": {"Node Type": "Aggregate", "Strategy": "Plain", "Startup Cost": 3019.97, "Total Cost": 3019.98, "Plan Rows": 1, "Plan Width": 49, "Plans": [{"Node Type": "Nested Loop", "Parent Relationship": "Outer", "Join Type": "Inner", "Startup Cost": 5.3, "Total Cost": 3019.97, "Plan Rows": 2, "Plan Width": 17, "Inner Unique": true, "Join Filter": "(mc.movie_id = t.id)", "Plans": [{"Node Type": "Nested Loop", "Parent Relationship": "Outer", "Join Type": "Inner", "Startup Cost": 5.04, "Total Cost": 3011.39, "Plan Rows": 2, "Plan Width": 8, "Inner Unique": true, "Plans": [{"Node Type": "Nested Loop", "Parent Relationship": "Outer", "Join Type": "Inner", "Startup Cost": 4.78, "Total Cost": 2711.55, "Plan Rows": 70, "Plan Width": 12, "Inner Unique": false, "Plans": [{"Node Type": "Nested Loop", "Parent Relationship": "Outer", "Join Type": "Inner", "Startup Cost": 4.51, "Total Cost": 2569.02, "Plan Rows": 33, "Plan Width": 4, "Inner Unique": false, "Plans": [{"Node Type": "Seq Scan", "Parent Relationship": "Outer", "Relation Name": "keyword", "Alias": "k", "Startup Cost": 0.0, "Total Cost": 2436.11, "Plan Rows": 1, "Plan Width": 4, "Filter": "((keyword)::text = 'character-name-in-title'::text)"}, {"Node Type": "Bitmap Heap Scan", "Parent Relationship": "Inner", "Relation Name": "movie_keyword", "Alias": "mk", "Startup Cost": 4.51, "Total Cost": 132.58, "Plan Rows": 33, "Plan Width": 8, "Recheck Cond": "(keyword_id = k.id)", "Plans": [{"Node Type": "Bitmap Index Scan", "Parent Relationship": "Outer", "Index Name": "keyword_id_movie_keyword", "Startup Cost": 0.0, "Total Cost": 4.5, "Plan Rows": 33, "Plan Width": 0, "Index Cond": "(keyword_id = k.id)"}]}]}, {"Node Type": "Bitmap Heap Scan", "Parent Relationship": "Inner", "Relation Name": "movie_companies", "Alias": "mc", "Startup Cost": 0.27, "Total Cost": 4.3, "Plan Rows": 2, "Plan Width": 8, "Recheck Cond": "(movie_id = mk.movie_id)", "Plans": [{"Node Type": "Bitmap Index Scan", "Parent Relationship": "Outer", "Index Name": "movie_id_movie_companies", "Startup Cost": 0.0, "Total Cost": 0.27, "Plan Rows": 2, "Plan Width": 0, "Index Cond": "(movie_id = mk.movie_id)"}]}]}, {"Node Type": "Bitmap Heap Scan", "Parent Relationship": "Inner", "Relation Name": "company_name", "Alias": "cn", "Startup Cost": 0.26, "Total Cost": 4.27, "Plan Rows": 1, "Plan Width": 4, "Recheck Cond": "(id = mc.company_id)", "Filter": "((country_code)::text = '[nl]'::text)", "Plans": [{"Node Type": "Bitmap Index Scan", "Parent Relationship": "Outer", "Index Name": "company_name_pkey", "Startup Cost": 0.0, "Total Cost": 0.26, "Plan Rows": 1, "Plan Width": 0, "Index Cond": "(id = mc.company_id)"}]}]}, {"Node Type": "Bitmap Heap Scan", "Parent Relationship": "Inner", "Relation Name": "title", "Alias": "t", "Startup Cost": 0.27, "Total Cost": 4.28, "Plan Rows": 1, "Plan Width": 21, "Recheck Cond": "(id = mk.movie_id)", "Plans": [{"Node Type": "Bitmap Index Scan", "Parent Relationship": "Outer", "Index Name": "title_pkey", "Startup Cost": 0.0, "Total Cost": 0.27, "Plan Rows": 1, "Plan Width": 0, "Index Cond": "(id = mk.movie_id)"}]}]}]}, "Unique SQL Id": 2804875951, "Planner Runtime": 14}, "explain_analyze_plan": {"Plan": {"Node Type": "Aggregate", "Strategy": "Plain", "Startup Cost": 3019.97, "Total Cost": 3019.98, "Plan Rows": 1, "Plan Width": 49, "Actual Startup Time": 1407.614, "Actual Total Time": 1407.615, "Actual Rows": 1, "Actual Loops": 1, "Plans": [{"Node Type": "Nested Loop", "Parent Relationship": "Outer", "Join Type": "Inner", "Startup Cost": 5.3, "Total Cost": 3019.97, "Plan Rows": 2, "Plan Width": 17, "Actual Startup Time": 16.178, "Actual Total Time": 1403.151, "Actual Rows": 5228, "Actual Loops": 1, "Inner Unique": true, "Join Filter": "(mc.movie_id = t.id)", "Rows Removed by Join Filter": 0, "Plans": [{"Node Type": "Nested Loop", "Parent Relationship": "Outer", "Join Type": "Inner", "Startup Cost": 5.04, "Total Cost": 3011.39, "Plan Rows": 2, "Plan Width": 8, "Actual Startup Time": 16.158, "Actual Total Time": 1365.668, "Actual Rows": 5228, "Actual Loops": 1, "Inner Unique": true, "Plans": [{"Node Type": "Nested Loop", "Parent Relationship": "Outer", "Join Type": "Inner", "Startup Cost": 4.78, "Total Cost": 2711.55, "Plan Rows": 70, "Plan Width": 12, "Actual Startup Time": 11.838, "Actual Total Time": 496.315, "Actual Rows": 148552, "Actual Loops": 1, "Inner Unique": false, "Plans": [{"Node Type": "Nested Loop", "Parent Relationship": "Outer", "Join Type": "Inner", "Startup Cost": 4.51, "Total Cost": 2569.02, "Plan Rows": 33, "Plan Width": 4, "Actual Startup Time": 11.8, "Actual Total Time": 100.005, "Actual Rows": 41840, "Actual Loops": 1, "Inner Unique": false, "Plans": [{"Node Type": "Seq Scan", "Parent Relationship": "Outer", "Relation Name": "keyword", "Alias": "k", "Startup Cost": 0.0, "Total Cost": 2436.11, "Plan Rows": 1, "Plan Width": 4, "Actual Startup Time": 1.772, "Actual Total Time": 40.559, "Actual Rows": 1, "Actual Loops": 1, "Filter": "((keyword)::text = 'character-name-in-title'::text)", "Rows Removed by Filter": 134168}, {"Node Type": "Bitmap Heap Scan", "Parent Relationship": "Inner", "Relation Name": "movie_keyword", "Alias": "mk", "Startup Cost": 4.51, "Total Cost": 132.58, "Plan Rows": 33, "Plan Width": 8, "Actual Startup Time": 10.022, "Actual Total Time": 50.222, "Actual Rows": 41840, "Actual Loops": 1, "Recheck Cond": "(keyword_id = k.id)", "Rows Removed by Index Recheck": 0, "Exact Heap Blocks": 9702, "Lossy Heap Blocks": 9702, "Plans": [{"Node Type": "Bitmap Index Scan", "Parent Relationship": "Outer", "Index Name": "keyword_id_movie_keyword", "Startup Cost": 0.0, "Total Cost": 4.5, "Plan Rows": 33, "Plan Width": 0, "Actual Startup Time": 8.253, "Actual Total Time": 8.253, "Actual Rows": 41840, "Actual Loops": 1, "Index Cond": "(keyword_id = k.id)"}]}]}, {"Node Type": "Bitmap Heap Scan", "Parent Relationship": "Inner", "Relation Name": "movie_companies", "Alias": "mc", "Startup Cost": 0.27, "Total Cost": 4.3, "Plan Rows": 2, "Plan Width": 8, "Actual Startup Time": 253.295, "Actual Total Time": 310.868, "Actual Rows": 148552, "Actual Loops": 41840, "Recheck Cond": "(movie_id = mk.movie_id)", "Rows Removed by Index Recheck": 0, "Exact Heap Blocks": 62638, "Lossy Heap Blocks": 62638, "Plans": [{"Node Type": "Bitmap Index Scan", "Parent Relationship": "Outer", "Index Name": "movie_id_movie_companies", "Startup Cost": 0.0, "Total Cost": 0.27, "Plan Rows": 2, "Plan Width": 0, "Actual Startup Time": 156.576, "Actual Total Time": 156.576, "Actual Rows": 148552, "Actual Loops": 41840, "Index Cond": "(movie_id = mk.movie_id)"}]}]}, {"Node Type": "Bitmap Heap Scan", "Parent Relationship": "Inner", "Relation Name": "company_name", "Alias": "cn", "Startup Cost": 0.26, "Total Cost": 4.27, "Plan Rows": 1, "Plan Width": 4, "Actual Startup Time": 699.973, "Actual Total Time": 699.973, "Actual Rows": 5228, "Actual Loops": 148552, "Recheck Cond": "(id = mc.company_id)", "Rows Removed by Index Recheck": 0, "Filter": "((country_code)::text = '[nl]'::text)", "Rows Removed by Filter": 143324, "Exact Heap Blocks": 148552, "Lossy Heap Blocks": 148552, "Plans": [{"Node Type": "Bitmap Index Scan", "Parent Relationship": "Outer", "Index Name": "company_name_pkey", "Startup Cost": 0.0, "Total Cost": 0.26, "Plan Rows": 1, "Plan Width": 0, "Actual Startup Time": 386.659, "Actual Total Time": 386.659, "Actual Rows": 148552, "Actual Loops": 148552, "Index Cond": "(id = mc.company_id)"}]}]}, {"Node Type": "Bitmap Heap Scan", "Parent Relationship": "Inner", "Relation Name": "title", "Alias": "t", "Startup Cost": 0.27, "Total Cost": 4.28, "Plan Rows": 1, "Plan Width": 21, "Actual Startup Time": 28.495, "Actual Total Time": 28.495, "Actual Rows": 5228, "Actual Loops": 5228, "Recheck Cond": "(id = mk.movie_id)", "Rows Removed by Index Recheck": 0, "Exact Heap Blocks": 5228, "Lossy Heap Blocks": 5228, "Plans": [{"Node Type": "Bitmap Index Scan", "Parent Relationship": "Outer", "Index Name": "title_pkey", "Startup Cost": 0.0, "Total Cost": 0.27, "Plan Rows": 1, "Plan Width": 0, "Actual Startup Time": 17.109, "Actual Total Time": 17.109, "Actual Rows": 5228, "Actual Loops": 5228, "Index Cond": "(id = mk.movie_id)"}]}]}]}, "Triggers": [], "Planner Runtime": 15.864, "Total Runtime": 1408.006, "Unique SQL Id": 2804875951}}, "(16, '99')": {"explain_plan": {"Plan": {"Node Type": "Aggregate", "Strategy": "Plain", "Startup Cost": 3739.07, "Total Cost": 3739.08, "Plan Rows": 1, "Plan Width": 49, "Plans": [{"Node Type": "Nested Loop", "Parent Relationship": "Outer", "Join Type": "Inner", "Startup Cost": 724.4, "Total Cost": 3739.06, "Plan Rows": 2, "Plan Width": 17, "Inner Unique": true, "Join Filter": "(mc.movie_id = t.id)", "Plans": [{"Node Type": "Nested Loop", "Parent Relationship": "Outer", "Join Type": "Inner", "Startup Cost": 724.13, "Total Cost": 3730.48, "Plan Rows": 2, "Plan Width": 8, "Inner Unique": true, "Plans": [{"Node Type": "Nested Loop", "Parent Relationship": "Outer", "Join Type": "Inner", "Startup Cost": 723.87, "Total Cost": 3430.65, "Plan Rows": 70, "Plan Width": 12, "Inner Unique": false, "Plans": [{"Node Type": "Nested Loop", "Parent Relationship": "Outer", "Join Type": "Inner", "Startup Cost": 723.6, "Total Cost": 3288.12, "Plan Rows": 33, "Plan Width": 4, "Inner Unique": false, "Plans": [{"Node Type": "Bitmap Heap Scan", "Parent Relationship": "Outer", "Relation Name": "keyword", "Alias": "k", "Startup Cost": 719.1, "Total Cost": 3155.21, "Plan Rows": 1, "Plan Width": 4, "Filter": "((keyword)::text = 'character-name-in-title'::text)", "Plans": [{"Node Type": "Bitmap Index Scan", "Parent Relationship": "Outer", "Index Name": "keyword_pkey", "Startup Cost": 0.0, "Total Cost": 719.1, "Plan Rows": 134169, "Plan Width": 0}]}, {"Node Type": "Bitmap Heap Scan", "Parent Relationship": "Inner", "Relation Name": "movie_keyword", "Alias": "mk", "Startup Cost": 4.51, "Total Cost": 132.58, "Plan Rows": 33, "Plan Width": 8, "Recheck Cond": "(keyword_id = k.id)", "Plans": [{"Node Type": "Bitmap Index Scan", "Parent Relationship": "Outer", "Index Name": "keyword_id_movie_keyword", "Startup Cost": 0.0, "Total Cost": 4.5, "Plan Rows": 33, "Plan Width": 0, "Index Cond": "(keyword_id = k.id)"}]}]}, {"Node Type": "Bitmap Heap Scan", "Parent Relationship": "Inner", "Relation Name": "movie_companies", "Alias": "mc", "Startup Cost": 0.27, "Total Cost": 4.3, "Plan Rows": 2, "Plan Width": 8, "Recheck Cond": "(movie_id = mk.movie_id)", "Plans": [{"Node Type": "Bitmap Index Scan", "Parent Relationship": "Outer", "Index Name": "movie_id_movie_companies", "Startup Cost": 0.0, "Total Cost": 0.27, "Plan Rows": 2, "Plan Width": 0, "Index Cond": "(movie_id = mk.movie_id)"}]}]}, {"Node Type": "Bitmap Heap Scan", "Parent Relationship": "Inner", "Relation Name": "company_name", "Alias": "cn", "Startup Cost": 0.26, "Total Cost": 4.27, "Plan Rows": 1, "Plan Width": 4, "Recheck Cond": "(id = mc.company_id)", "Filter": "((country_code)::text = '[nl]'::text)", "Plans": [{"Node Type": "Bitmap Index Scan", "Parent Relationship": "Outer", "Index Name": "company_name_pkey", "Startup Cost": 0.0, "Total Cost": 0.26, "Plan Rows": 1, "Plan Width": 0, "Index Cond": "(id = mc.company_id)"}]}]}, {"Node Type": "Bitmap Heap Scan", "Parent Relationship": "Inner", "Relation Name": "title", "Alias": "t", "Startup Cost": 0.27, "Total Cost": 4.28, "Plan Rows": 1, "Plan Width": 21, "Recheck Cond": "(id = mk.movie_id)", "Plans": [{"Node Type": "Bitmap Index Scan", "Parent Relationship": "Outer", "Index Name": "title_pkey", "Startup Cost": 0.0, "Total Cost": 0.27, "Plan Rows": 1, "Plan Width": 0, "Index Cond": "(id = mk.movie_id)"}]}]}]}, "Unique SQL Id": 2804875951, "Planner Runtime": 4}, "explain_analyze_plan": {"Plan": {"Node Type": "Aggregate", "Strategy": "Plain", "Startup Cost": 3739.07, "Total Cost": 3739.08, "Plan Rows": 1, "Plan Width": 49, "Actual Startup Time": 1387.145, "Actual Total Time": 1387.146, "Actual Rows": 1, "Actual Loops": 1, "Plans": [{"Node Type": "Nested Loop", "Parent Relationship": "Outer", "Join Type": "Inner", "Startup Cost": 724.4, "Total Cost": 3739.06, "Plan Rows": 2, "Plan Width": 17, "Actual Startup Time": 25.648, "Actual Total Time": 1382.175, "Actual Rows": 5228, "Actual Loops": 1, "Inner Unique": true, "Join Filter": "(mc.movie_id = t.id)", "Rows Removed by Join Filter": 0, "Plans": [{"Node Type": "Nested Loop", "Parent Relationship": "Outer", "Join Type": "Inner", "Startup Cost": 724.13, "Total Cost": 3730.48, "Plan Rows": 2, "Plan Width": 8, "Actual Startup Time": 25.627, "Actual Total Time": 1347.061, "Actual Rows": 5228, "Actual Loops": 1, "Inner Unique": true, "Plans": [{"Node Type": "Nested Loop", "Parent Relationship": "Outer", "Join Type": "Inner", "Startup Cost": 723.87, "Total Cost": 3430.65, "Plan Rows": 70, "Plan Width": 12, "Actual Startup Time": 21.56, "Actual Total Time": 492.049, "Actual Rows": 148552, "Actual Loops": 1, "Inner Unique": false, "Plans": [{"Node Type": "Nested Loop", "Parent Relationship": "Outer", "Join Type": "Inner", "Startup Cost": 723.6, "Total Cost": 3288.12, "Plan Rows": 33, "Plan Width": 4, "Actual Startup Time": 21.524, "Actual Total Time": 111.574, "Actual Rows": 41840, "Actual Loops": 1, "Inner Unique": false, "Plans": [{"Node Type": "Bitmap Heap Scan", "Parent Relationship": "Outer", "Relation Name": "keyword", "Alias": "k", "Startup Cost": 719.1, "Total Cost": 3155.21, "Plan Rows": 1, "Plan Width": 4, "Actual Startup Time": 13.5, "Actual Total Time": 60.831, "Actual Rows": 1, "Actual Loops": 1, "Filter": "((keyword)::text = 'character-name-in-title'::text)", "Rows Removed by Filter": 134168, "Exact Heap Blocks": 759, "Lossy Heap Blocks": 759, "Plans": [{"Node Type": "Bitmap Index Scan", "Parent Relationship": "Outer", "Index Name": "keyword_pkey", "Startup Cost": 0.0, "Total Cost": 719.1, "Plan Rows": 134169, "Plan Width": 0, "Actual Startup Time": 11.196, "Actual Total Time": 11.196, "Actual Rows": 134169, "Actual Loops": 1}]}, {"Node Type": "Bitmap Heap Scan", "Parent Relationship": "Inner", "Relation Name": "movie_keyword", "Alias": "mk", "Startup Cost": 4.51, "Total Cost": 132.58, "Plan Rows": 33, "Plan Width": 8, "Actual Startup Time": 8.013, "Actual Total Time": 41.471, "Actual Rows": 41840, "Actual Loops": 1, "Recheck Cond": "(keyword_id = k.id)", "Rows Removed by Index Recheck": 0, "Exact Heap Blocks": 9702, "Lossy Heap Blocks": 9702, "Plans": [{"Node Type": "Bitmap Index Scan", "Parent Relationship": "Outer", "Index Name": "keyword_id_movie_keyword", "Startup Cost": 0.0, "Total Cost": 4.5, "Plan Rows": 33, "Plan Width": 0, "Actual Startup Time": 6.272, "Actual Total Time": 6.272, "Actual Rows": 41840, "Actual Loops": 1, "Index Cond": "(keyword_id = k.id)"}]}]}, {"Node Type": "Bitmap Heap Scan", "Parent Relationship": "Inner", "Relation Name": "movie_companies", "Alias": "mc", "Startup Cost": 0.27, "Total Cost": 4.3, "Plan Rows": 2, "Plan Width": 8, "Actual Startup Time": 240.891, "Actual Total Time": 294.516, "Actual Rows": 148552, "Actual Loops": 41840, "Recheck Cond": "(movie_id = mk.movie_id)", "Rows Removed by Index Recheck": 0, "Exact Heap Blocks": 62638, "Lossy Heap Blocks": 62638, "Plans": [{"Node Type": "Bitmap Index Scan", "Parent Relationship": "Outer", "Index Name": "movie_id_movie_companies", "Startup Cost": 0.0, "Total Cost": 0.27, "Plan Rows": 2, "Plan Width": 0, "Actual Startup Time": 150.419, "Actual Total Time": 150.419, "Actual Rows": 148552, "Actual Loops": 41840, "Index Cond": "(movie_id = mk.movie_id)"}]}]}, {"Node Type": "Bitmap Heap Scan", "Parent Relationship": "Inner", "Relation Name": "company_name", "Alias": "cn", "Startup Cost": 0.26, "Total Cost": 4.27, "Plan Rows": 1, "Plan Width": 4, "Actual Startup Time": 685.084, "Actual Total Time": 685.084, "Actual Rows": 5228, "Actual Loops": 148552, "Recheck Cond": "(id = mc.company_id)", "Rows Removed by Index Recheck": 0, "Filter": "((country_code)::text = '[nl]'::text)", "Rows Removed by Filter": 143324, "Exact Heap Blocks": 148552, "Lossy Heap Blocks": 148552, "Plans": [{"Node Type": "Bitmap Index Scan", "Parent Relationship": "Outer", "Index Name": "company_name_pkey", "Startup Cost": 0.0, "Total Cost": 0.26, "Plan Rows": 1, "Plan Width": 0, "Actual Startup Time": 382.826, "Actual Total Time": 382.826, "Actual Rows": 148552, "Actual Loops": 148552, "Index Cond": "(id = mc.company_id)"}]}]}, {"Node Type": "Bitmap Heap Scan", "Parent Relationship": "Inner", "Relation Name": "title", "Alias": "t", "Startup Cost": 0.27, "Total Cost": 4.28, "Plan Rows": 1, "Plan Width": 21, "Actual Startup Time": 25.907, "Actual Total Time": 25.907, "Actual Rows": 5228, "Actual Loops": 5228, "Recheck Cond": "(id = mk.movie_id)", "Rows Removed by Index Recheck": 0, "Exact Heap Blocks": 5228, "Lossy Heap Blocks": 5228, "Plans": [{"Node Type": "Bitmap Index Scan", "Parent Relationship": "Outer", "Index Name": "title_pkey", "Startup Cost": 0.0, "Total Cost": 0.27, "Plan Rows": 1, "Plan Width": 0, "Actual Startup Time": 16.062, "Actual Total Time": 16.062, "Actual Rows": 5228, "Actual Loops": 5228, "Index Cond": "(id = mk.movie_id)"}]}]}]}, "Triggers": [], "Planner Runtime": 8.607, "Total Runtime": 1387.489, "Unique SQL Id": 2804875951}}, "(16, '100')": {"explain_plan": {"Plan": {"Node Type": "Aggregate", "Strategy": "Plain", "Startup Cost": 2600.78, "Total Cost": 2600.79, "Plan Rows": 1, "Plan Width": 49, "Plans": [{"Node Type": "Nested Loop", "Parent Relationship": "Outer", "Join Type": "Inner", "Startup Cost": 4.51, "Total Cost": 2600.77, "Plan Rows": 2, "Plan Width": 17, "Inner Unique": true, "Join Filter": "(mc.movie_id = t.id)", "Plans": [{"Node Type": "Nested Loop", "Parent Relationship": "Outer", "Join Type": "Inner", "Startup Cost": 4.51, "Total Cost": 2600.13, "Plan Rows": 2, "Plan Width": 8, "Inner Unique": true, "Plans": [{"Node Type": "Nested Loop", "Parent Relationship": "Outer", "Join Type": "Inner", "Startup Cost": 4.51, "Total Cost": 2579.99, "Plan Rows": 70, "Plan Width": 12, "Inner Unique": false, "Plans": [{"Node Type": "Nested Loop", "Parent Relationship": "Outer", "Join Type": "Inner", "Startup Cost": 4.51, "Total Cost": 2569.02, "Plan Rows": 33, "Plan Width": 4, "Inner Unique": false, "Plans": [{"Node Type": "Seq Scan", "Parent Relationship": "Outer", "Relation Name": "keyword", "Alias": "k", "Startup Cost": 0.0, "Total Cost": 2436.11, "Plan Rows": 1, "Plan Width": 4, "Filter": "((keyword)::text = 'character-name-in-title'::text)"}, {"Node Type": "Bitmap Heap Scan", "Parent Relationship": "Inner", "Relation Name": "movie_keyword", "Alias": "mk", "Startup Cost": 4.51, "Total Cost": 132.58, "Plan Rows": 33, "Plan Width": 8, "Recheck Cond": "(keyword_id = k.id)", "Plans": [{"Node Type": "Bitmap Index Scan", "Parent Relationship": "Outer", "Index Name": "keyword_id_movie_keyword", "Startup Cost": 0.0, "Total Cost": 4.5, "Plan Rows": 33, "Plan Width": 0, "Index Cond": "(keyword_id = k.id)"}]}]}, {"Node Type": "Index Scan", "Parent Relationship": "Inner", "Scan Direction": "Forward", "Index Name": "movie_id_movie_companies", "Relation Name": "movie_companies", "Alias": "mc", "Startup Cost": 0.0, "Total Cost": 0.31, "Plan Rows": 2, "Plan Width": 8, "Index Cond": "(movie_id = mk.movie_id)"}]}, {"Node Type": "Index Scan", "Parent Relationship": "Inner", "Scan Direction": "Forward", "Index Name": "company_name_pkey", "Relation Name": "company_name", "Alias": "cn", "Startup Cost": 0.0, "Total Cost": 0.28, "Plan Rows": 1, "Plan Width": 4, "Index Cond": "(id = mc.company_id)", "Filter": "((country_code)::text = '[nl]'::text)"}]}, {"Node Type": "Index Scan", "Parent Relationship": "Inner", "Scan Direction": "Forward", "Index Name": "title_pkey", "Relation Name": "title", "Alias": "t", "Startup Cost": 0.0, "Total Cost": 0.31, "Plan Rows": 1, "Plan Width": 21, "Index Cond": "(id = mk.movie_id)"}]}]}, "Unique SQL Id": 2804875951, "Planner Runtime": 8}, "explain_analyze_plan": {"Plan": {"Node Type": "Aggregate", "Strategy": "Plain", "Startup Cost": 2600.78, "Total Cost": 2600.79, "Plan Rows": 1, "Plan Width": 49, "Actual Startup Time": 1042.053, "Actual Total Time": 1042.053, "Actual Rows": 1, "Actual Loops": 1, "Plans": [{"Node Type": "Nested Loop", "Parent Relationship": "Outer", "Join Type": "Inner", "Startup Cost": 4.51, "Total Cost": 2600.77, "Plan Rows": 2, "Plan Width": 17, "Actual Startup Time": 15.009, "Actual Total Time": 1039.002, "Actual Rows": 5228, "Actual Loops": 1, "Inner Unique": true, "Join Filter": "(mc.movie_id = t.id)", "Rows Removed by Join Filter": 0, "Plans": [{"Node Type": "Nested Loop", "Parent Relationship": "Outer", "Join Type": "Inner", "Startup Cost": 4.51, "Total Cost": 2600.13, "Plan Rows": 2, "Plan Width": 8, "Actual Startup Time": 14.993, "Actual Total Time": 1010.698, "Actual Rows": 5228, "Actual Loops": 1, "Inner Unique": true, "Plans": [{"Node Type": "Nested Loop", "Parent Relationship": "Outer", "Join Type": "Inner", "Startup Cost": 4.51, "Total Cost": 2579.99, "Plan Rows": 70, "Plan Width": 12, "Actual Startup Time": 11.933, "Actual Total Time": 388.31, "Actual Rows": 148552, "Actual Loops": 1, "Inner Unique": false, "Plans": [{"Node Type": "Nested Loop", "Parent Relationship": "Outer", "Join Type": "Inner", "Startup Cost": 4.51, "Total Cost": 2569.02, "Plan Rows": 33, "Plan Width": 4, "Actual Startup Time": 11.905, "Actual Total Time": 101.867, "Actual Rows": 41840, "Actual Loops": 1, "Inner Unique": false, "Plans": [{"Node Type": "Seq Scan", "Parent Relationship": "Outer", "Relation Name": "keyword", "Alias": "k", "Startup Cost": 0.0, "Total Cost": 2436.11, "Plan Rows": 1, "Plan Width": 4, "Actual Startup Time": 1.829, "Actual Total Time": 42.003, "Actual Rows": 1, "Actual Loops": 1, "Filter": "((keyword)::text = 'character-name-in-title'::text)", "Rows Removed by Filter": 134168}, {"Node Type": "Bitmap Heap Scan", "Parent Relationship": "Inner", "Relation Name": "movie_keyword", "Alias": "mk", "Startup Cost": 4.51, "Total Cost": 132.58, "Plan Rows": 33, "Plan Width": 8, "Actual Startup Time": 10.069, "Actual Total Time": 51.314, "Actual Rows": 41840, "Actual Loops": 1, "Recheck Cond": "(keyword_id = k.id)", "Rows Removed by Index Recheck": 0, "Exact Heap Blocks": 9702, "Lossy Heap Blocks": 9702, "Plans": [{"Node Type": "Bitmap Index Scan", "Parent Relationship": "Outer", "Index Name": "keyword_id_movie_keyword", "Startup Cost": 0.0, "Total Cost": 4.5, "Plan Rows": 33, "Plan Width": 0, "Actual Startup Time": 8.236, "Actual Total Time": 8.236, "Actual Rows": 41840, "Actual Loops": 1, "Index Cond": "(keyword_id = k.id)"}]}]}, {"Node Type": "Index Scan", "Parent Relationship": "Inner", "Scan Direction": "Forward", "Index Name": "movie_id_movie_companies", "Relation Name": "movie_companies", "Alias": "mc", "Startup Cost": 0.0, "Total Cost": 0.31, "Plan Rows": 2, "Plan Width": 8, "Actual Startup Time": 155.322, "Actual Total Time": 230.57, "Actual Rows": 148552, "Actual Loops": 41840, "Index Cond": "(movie_id = mk.movie_id)", "Rows Removed by Index Recheck": 0}]}, {"Node Type": "Index Scan", "Parent Relationship": "Inner", "Scan Direction": "Forward", "Index Name": "company_name_pkey", "Relation Name": "company_name", "Alias": "cn", "Startup Cost": 0.0, "Total Cost": 0.28, "Plan Rows": 1, "Plan Width": 4, "Actual Startup Time": 550.613, "Actual Total Time": 550.613, "Actual Rows": 5228, "Actual Loops": 148552, "Index Cond": "(id = mc.company_id)", "Rows Removed by Index Recheck": 0, "Filter": "((country_code)::text = '[nl]'::text)", "Rows Removed by Filter": 143324}]}, {"Node Type": "Index Scan", "Parent Relationship": "Inner", "Scan Direction": "Forward", "Index Name": "title_pkey", "Relation Name": "title", "Alias": "t", "Startup Cost": 0.0, "Total Cost": 0.31, "Plan Rows": 1, "Plan Width": 21, "Actual Startup Time": 22.709, "Actual Total Time": 22.709, "Actual Rows": 5228, "Actual Loops": 5228, "Index Cond": "(id = mk.movie_id)", "Rows Removed by Index Recheck": 0}]}]}, "Triggers": [], "Planner Runtime": 10.46, "Total Runtime": 1042.518, "Unique SQL Id": 2804875951}}, "(16, '101')": {"explain_plan": {"Plan": {"Node Type": "Aggregate", "Strategy": "Plain", "Startup Cost": 3347.38, "Total Cost": 3347.39, "Plan Rows": 1, "Plan Width": 49, "Plans": [{"Node Type": "Nested Loop", "Parent Relationship": "Outer", "Join Type": "Inner", "Startup Cost": 4.51, "Total Cost": 3347.38, "Plan Rows": 2, "Plan Width": 17, "Inner Unique": true, "Join Filter": "(mc.movie_id = t.id)", "Plans": [{"Node Type": "Nested Loop", "Parent Relationship": "Outer", "Join Type": "Inner", "Startup Cost": 4.51, "Total Cost": 3346.73, "Plan Rows": 2, "Plan Width": 8, "Inner Unique": true, "Plans": [{"Node Type": "Nested Loop", "Parent Relationship": "Outer", "Join Type": "Inner", "Startup Cost": 4.51, "Total Cost": 3326.6, "Plan Rows": 70, "Plan Width": 12, "Inner Unique": false, "Plans": [{"Node Type": "Nested Loop", "Parent Relationship": "Outer", "Join Type": "Inner", "Startup Cost": 4.51, "Total Cost": 3315.63, "Plan Rows": 33, "Plan Width": 4, "Inner Unique": false, "Plans": [{"Node Type": "Index Scan", "Parent Relationship": "Outer", "Scan Direction": "Forward", "Index Name": "keyword_pkey", "Relation Name": "keyword", "Alias": "k", "Startup Cost": 0.0, "Total Cost": 3182.72, "Plan Rows": 1, "Plan Width": 4, "Filter": "((keyword)::text = 'character-name-in-title'::text)"}, {"Node Type": "Bitmap Heap Scan", "Parent Relationship": "Inner", "Relation Name": "movie_keyword", "Alias": "mk", "Startup Cost": 4.51, "Total Cost": 132.58, "Plan Rows": 33, "Plan Width": 8, "Recheck Cond": "(keyword_id = k.id)", "Plans": [{"Node Type": "Bitmap Index Scan", "Parent Relationship": "Outer", "Index Name": "keyword_id_movie_keyword", "Startup Cost": 0.0, "Total Cost": 4.5, "Plan Rows": 33, "Plan Width": 0, "Index Cond": "(keyword_id = k.id)"}]}]}, {"Node Type": "Index Scan", "Parent Relationship": "Inner", "Scan Direction": "Forward", "Index Name": "movie_id_movie_companies", "Relation Name": "movie_companies", "Alias": "mc", "Startup Cost": 0.0, "Total Cost": 0.31, "Plan Rows": 2, "Plan Width": 8, "Index Cond": "(movie_id = mk.movie_id)"}]}, {"Node Type": "Index Scan", "Parent Relationship": "Inner", "Scan Direction": "Forward", "Index Name": "company_name_pkey", "Relation Name": "company_name", "Alias": "cn", "Startup Cost": 0.0, "Total Cost": 0.28, "Plan Rows": 1, "Plan Width": 4, "Index Cond": "(id = mc.company_id)", "Filter": "((country_code)::text = '[nl]'::text)"}]}, {"Node Type": "Index Scan", "Parent Relationship": "Inner", "Scan Direction": "Forward", "Index Name": "title_pkey", "Relation Name": "title", "Alias": "t", "Startup Cost": 0.0, "Total Cost": 0.31, "Plan Rows": 1, "Plan Width": 21, "Index Cond": "(id = mk.movie_id)"}]}]}, "Unique SQL Id": 2804875951, "Planner Runtime": 8}, "explain_analyze_plan": {"Plan": {"Node Type": "Aggregate", "Strategy": "Plain", "Startup Cost": 3347.38, "Total Cost": 3347.39, "Plan Rows": 1, "Plan Width": 49, "Actual Startup Time": 1183.532, "Actual Total Time": 1183.533, "Actual Rows": 1, "Actual Loops": 1, "Plans": [{"Node Type": "Nested Loop", "Parent Relationship": "Outer", "Join Type": "Inner", "Startup Cost": 4.51, "Total Cost": 3347.38, "Plan Rows": 2, "Plan Width": 17, "Actual Startup Time": 13.942, "Actual Total Time": 1180.637, "Actual Rows": 5228, "Actual Loops": 1, "Inner Unique": true, "Join Filter": "(mc.movie_id = t.id)", "Rows Removed by Join Filter": 0, "Plans": [{"Node Type": "Nested Loop", "Parent Relationship": "Outer", "Join Type": "Inner", "Startup Cost": 4.51, "Total Cost": 3346.73, "Plan Rows": 2, "Plan Width": 8, "Actual Startup Time": 13.922, "Actual Total Time": 1148.172, "Actual Rows": 5228, "Actual Loops": 1, "Inner Unique": true, "Plans": [{"Node Type": "Nested Loop", "Parent Relationship": "Outer", "Join Type": "Inner", "Startup Cost": 4.51, "Total Cost": 3326.6, "Plan Rows": 70, "Plan Width": 12, "Actual Startup Time": 10.495, "Actual Total Time": 511.238, "Actual Rows": 148552, "Actual Loops": 1, "Inner Unique": false, "Plans": [{"Node Type": "Nested Loop", "Parent Relationship": "Outer", "Join Type": "Inner", "Startup Cost": 4.51, "Total Cost": 3315.63, "Plan Rows": 33, "Plan Width": 4, "Actual Startup Time": 10.465, "Actual Total Time": 196.622, "Actual Rows": 41840, "Actual Loops": 1, "Inner Unique": false, "Plans": [{"Node Type": "Index Scan", "Parent Relationship": "Outer", "Scan Direction": "Forward", "Index Name": "keyword_pkey", "Relation Name": "keyword", "Alias": "k", "Startup Cost": 0.0, "Total Cost": 3182.72, "Plan Rows": 1, "Plan Width": 4, "Actual Startup Time": 0.292, "Actual Total Time": 125.899, "Actual Rows": 1, "Actual Loops": 1, "Filter": "((keyword)::text = 'character-name-in-title'::text)", "Rows Removed by Filter": 134168}, {"Node Type": "Bitmap Heap Scan", "Parent Relationship": "Inner", "Relation Name": "movie_keyword", "Alias": "mk", "Startup Cost": 4.51, "Total Cost": 132.58, "Plan Rows": 33, "Plan Width": 8, "Actual Startup Time": 10.166, "Actual Total Time": 61.96, "Actual Rows": 41840, "Actual Loops": 1, "Recheck Cond": "(keyword_id = k.id)", "Rows Removed by Index Recheck": 0, "Exact Heap Blocks": 9702, "Lossy Heap Blocks": 9702, "Plans": [{"Node Type": "Bitmap Index Scan", "Parent Relationship": "Outer", "Index Name": "keyword_id_movie_keyword", "Startup Cost": 0.0, "Total Cost": 4.5, "Plan Rows": 33, "Plan Width": 0, "Actual Startup Time": 8.352, "Actual Total Time": 8.352, "Actual Rows": 41840, "Actual Loops": 1, "Index Cond": "(keyword_id = k.id)"}]}]}, {"Node Type": "Index Scan", "Parent Relationship": "Inner", "Scan Direction": "Forward", "Index Name": "movie_id_movie_companies", "Relation Name": "movie_companies", "Alias": "mc", "Startup Cost": 0.0, "Total Cost": 0.31, "Plan Rows": 2, "Plan Width": 8, "Actual Startup Time": 176.45, "Actual Total Time": 259.319, "Actual Rows": 148552, "Actual Loops": 41840, "Index Cond": "(movie_id = mk.movie_id)", "Rows Removed by Index Recheck": 0}]}, {"Node Type": "Index Scan", "Parent Relationship": "Inner", "Scan Direction": "Forward", "Index Name": "company_name_pkey", "Relation Name": "company_name", "Alias": "cn", "Startup Cost": 0.0, "Total Cost": 0.28, "Plan Rows": 1, "Plan Width": 4, "Actual Startup Time": 563.789, "Actual Total Time": 563.789, "Actual Rows": 5228, "Actual Loops": 148552, "Index Cond": "(id = mc.company_id)", "Rows Removed by Index Recheck": 0, "Filter": "((country_code)::text = '[nl]'::text)", "Rows Removed by Filter": 143324}]}, {"Node Type": "Index Scan", "Parent Relationship": "Inner", "Scan Direction": "Forward", "Index Name": "title_pkey", "Relation Name": "title", "Alias": "t", "Startup Cost": 0.0, "Total Cost": 0.31, "Plan Rows": 1, "Plan Width": 21, "Actual Startup Time": 26.892, "Actual Total Time": 26.892, "Actual Rows": 5228, "Actual Loops": 5228, "Index Cond": "(id = mk.movie_id)", "Rows Removed by Index Recheck": 0}]}]}, "Triggers": [], "Planner Runtime": 11.909, "Total Runtime": 1183.878, "Unique SQL Id": 2804875951}}, "(16, '102')": {"explain_plan": {"Plan": {"Node Type": "Aggregate", "Strategy": "Plain", "Startup Cost": 3019.97, "Total Cost": 3019.98, "Plan Rows": 1, "Plan Width": 49, "Plans": [{"Node Type": "Nested Loop", "Parent Relationship": "Outer", "Join Type": "Inner", "Startup Cost": 5.3, "Total Cost": 3019.97, "Plan Rows": 2, "Plan Width": 17, "Inner Unique": true, "Join Filter": "(mc.movie_id = t.id)", "Plans": [{"Node Type": "Nested Loop", "Parent Relationship": "Outer", "Join Type": "Inner", "Startup Cost": 5.04, "Total Cost": 3011.39, "Plan Rows": 2, "Plan Width": 8, "Inner Unique": true, "Plans": [{"Node Type": "Nested Loop", "Parent Relationship": "Outer", "Join Type": "Inner", "Startup Cost": 4.78, "Total Cost": 2711.55, "Plan Rows": 70, "Plan Width": 12, "Inner Unique": false, "Plans": [{"Node Type": "Nested Loop", "Parent Relationship": "Outer", "Join Type": "Inner", "Startup Cost": 4.51, "Total Cost": 2569.02, "Plan Rows": 33, "Plan Width": 4, "Inner Unique": false, "Plans": [{"Node Type": "Seq Scan", "Parent Relationship": "Outer", "Relation Name": "keyword", "Alias": "k", "Startup Cost": 0.0, "Total Cost": 2436.11, "Plan Rows": 1, "Plan Width": 4, "Filter": "((keyword)::text = 'character-name-in-title'::text)"}, {"Node Type": "Bitmap Heap Scan", "Parent Relationship": "Inner", "Relation Name": "movie_keyword", "Alias": "mk", "Startup Cost": 4.51, "Total Cost": 132.58, "Plan Rows": 33, "Plan Width": 8, "Recheck Cond": "(keyword_id = k.id)", "Plans": [{"Node Type": "Bitmap Index Scan", "Parent Relationship": "Outer", "Index Name": "keyword_id_movie_keyword", "Startup Cost": 0.0, "Total Cost": 4.5, "Plan Rows": 33, "Plan Width": 0, "Index Cond": "(keyword_id = k.id)"}]}]}, {"Node Type": "Bitmap Heap Scan", "Parent Relationship": "Inner", "Relation Name": "movie_companies", "Alias": "mc", "Startup Cost": 0.27, "Total Cost": 4.3, "Plan Rows": 2, "Plan Width": 8, "Recheck Cond": "(movie_id = mk.movie_id)", "Plans": [{"Node Type": "Bitmap Index Scan", "Parent Relationship": "Outer", "Index Name": "movie_id_movie_companies", "Startup Cost": 0.0, "Total Cost": 0.27, "Plan Rows": 2, "Plan Width": 0, "Index Cond": "(movie_id = mk.movie_id)"}]}]}, {"Node Type": "Bitmap Heap Scan", "Parent Relationship": "Inner", "Relation Name": "company_name", "Alias": "cn", "Startup Cost": 0.26, "Total Cost": 4.27, "Plan Rows": 1, "Plan Width": 4, "Recheck Cond": "(id = mc.company_id)", "Filter": "((country_code)::text = '[nl]'::text)", "Plans": [{"Node Type": "Bitmap Index Scan", "Parent Relationship": "Outer", "Index Name": "company_name_pkey", "Startup Cost": 0.0, "Total Cost": 0.26, "Plan Rows": 1, "Plan Width": 0, "Index Cond": "(id = mc.company_id)"}]}]}, {"Node Type": "Bitmap Heap Scan", "Parent Relationship": "Inner", "Relation Name": "title", "Alias": "t", "Startup Cost": 0.27, "Total Cost": 4.28, "Plan Rows": 1, "Plan Width": 21, "Recheck Cond": "(id = mk.movie_id)", "Plans": [{"Node Type": "Bitmap Index Scan", "Parent Relationship": "Outer", "Index Name": "title_pkey", "Startup Cost": 0.0, "Total Cost": 0.27, "Plan Rows": 1, "Plan Width": 0, "Index Cond": "(id = mk.movie_id)"}]}]}]}, "Unique SQL Id": 2804875951, "Planner Runtime": 14}, "explain_analyze_plan": {"Plan": {"Node Type": "Aggregate", "Strategy": "Plain", "Startup Cost": 3019.97, "Total Cost": 3019.98, "Plan Rows": 1, "Plan Width": 49, "Actual Startup Time": 1407.614, "Actual Total Time": 1407.615, "Actual Rows": 1, "Actual Loops": 1, "Plans": [{"Node Type": "Nested Loop", "Parent Relationship": "Outer", "Join Type": "Inner", "Startup Cost": 5.3, "Total Cost": 3019.97, "Plan Rows": 2, "Plan Width": 17, "Actual Startup Time": 16.178, "Actual Total Time": 1403.151, "Actual Rows": 5228, "Actual Loops": 1, "Inner Unique": true, "Join Filter": "(mc.movie_id = t.id)", "Rows Removed by Join Filter": 0, "Plans": [{"Node Type": "Nested Loop", "Parent Relationship": "Outer", "Join Type": "Inner", "Startup Cost": 5.04, "Total Cost": 3011.39, "Plan Rows": 2, "Plan Width": 8, "Actual Startup Time": 16.158, "Actual Total Time": 1365.668, "Actual Rows": 5228, "Actual Loops": 1, "Inner Unique": true, "Plans": [{"Node Type": "Nested Loop", "Parent Relationship": "Outer", "Join Type": "Inner", "Startup Cost": 4.78, "Total Cost": 2711.55, "Plan Rows": 70, "Plan Width": 12, "Actual Startup Time": 11.838, "Actual Total Time": 496.315, "Actual Rows": 148552, "Actual Loops": 1, "Inner Unique": false, "Plans": [{"Node Type": "Nested Loop", "Parent Relationship": "Outer", "Join Type": "Inner", "Startup Cost": 4.51, "Total Cost": 2569.02, "Plan Rows": 33, "Plan Width": 4, "Actual Startup Time": 11.8, "Actual Total Time": 100.005, "Actual Rows": 41840, "Actual Loops": 1, "Inner Unique": false, "Plans": [{"Node Type": "Seq Scan", "Parent Relationship": "Outer", "Relation Name": "keyword", "Alias": "k", "Startup Cost": 0.0, "Total Cost": 2436.11, "Plan Rows": 1, "Plan Width": 4, "Actual Startup Time": 1.772, "Actual Total Time": 40.559, "Actual Rows": 1, "Actual Loops": 1, "Filter": "((keyword)::text = 'character-name-in-title'::text)", "Rows Removed by Filter": 134168}, {"Node Type": "Bitmap Heap Scan", "Parent Relationship": "Inner", "Relation Name": "movie_keyword", "Alias": "mk", "Startup Cost": 4.51, "Total Cost": 132.58, "Plan Rows": 33, "Plan Width": 8, "Actual Startup Time": 10.022, "Actual Total Time": 50.222, "Actual Rows": 41840, "Actual Loops": 1, "Recheck Cond": "(keyword_id = k.id)", "Rows Removed by Index Recheck": 0, "Exact Heap Blocks": 9702, "Lossy Heap Blocks": 9702, "Plans": [{"Node Type": "Bitmap Index Scan", "Parent Relationship": "Outer", "Index Name": "keyword_id_movie_keyword", "Startup Cost": 0.0, "Total Cost": 4.5, "Plan Rows": 33, "Plan Width": 0, "Actual Startup Time": 8.253, "Actual Total Time": 8.253, "Actual Rows": 41840, "Actual Loops": 1, "Index Cond": "(keyword_id = k.id)"}]}]}, {"Node Type": "Bitmap Heap Scan", "Parent Relationship": "Inner", "Relation Name": "movie_companies", "Alias": "mc", "Startup Cost": 0.27, "Total Cost": 4.3, "Plan Rows": 2, "Plan Width": 8, "Actual Startup Time": 253.295, "Actual Total Time": 310.868, "Actual Rows": 148552, "Actual Loops": 41840, "Recheck Cond": "(movie_id = mk.movie_id)", "Rows Removed by Index Recheck": 0, "Exact Heap Blocks": 62638, "Lossy Heap Blocks": 62638, "Plans": [{"Node Type": "Bitmap Index Scan", "Parent Relationship": "Outer", "Index Name": "movie_id_movie_companies", "Startup Cost": 0.0, "Total Cost": 0.27, "Plan Rows": 2, "Plan Width": 0, "Actual Startup Time": 156.576, "Actual Total Time": 156.576, "Actual Rows": 148552, "Actual Loops": 41840, "Index Cond": "(movie_id = mk.movie_id)"}]}]}, {"Node Type": "Bitmap Heap Scan", "Parent Relationship": "Inner", "Relation Name": "company_name", "Alias": "cn", "Startup Cost": 0.26, "Total Cost": 4.27, "Plan Rows": 1, "Plan Width": 4, "Actual Startup Time": 699.973, "Actual Total Time": 699.973, "Actual Rows": 5228, "Actual Loops": 148552, "Recheck Cond": "(id = mc.company_id)", "Rows Removed by Index Recheck": 0, "Filter": "((country_code)::text = '[nl]'::text)", "Rows Removed by Filter": 143324, "Exact Heap Blocks": 148552, "Lossy Heap Blocks": 148552, "Plans": [{"Node Type": "Bitmap Index Scan", "Parent Relationship": "Outer", "Index Name": "company_name_pkey", "Startup Cost": 0.0, "Total Cost": 0.26, "Plan Rows": 1, "Plan Width": 0, "Actual Startup Time": 386.659, "Actual Total Time": 386.659, "Actual Rows": 148552, "Actual Loops": 148552, "Index Cond": "(id = mc.company_id)"}]}]}, {"Node Type": "Bitmap Heap Scan", "Parent Relationship": "Inner", "Relation Name": "title", "Alias": "t", "Startup Cost": 0.27, "Total Cost": 4.28, "Plan Rows": 1, "Plan Width": 21, "Actual Startup Time": 28.495, "Actual Total Time": 28.495, "Actual Rows": 5228, "Actual Loops": 5228, "Recheck Cond": "(id = mk.movie_id)", "Rows Removed by Index Recheck": 0, "Exact Heap Blocks": 5228, "Lossy Heap Blocks": 5228, "Plans": [{"Node Type": "Bitmap Index Scan", "Parent Relationship": "Outer", "Index Name": "title_pkey", "Startup Cost": 0.0, "Total Cost": 0.27, "Plan Rows": 1, "Plan Width": 0, "Actual Startup Time": 17.109, "Actual Total Time": 17.109, "Actual Rows": 5228, "Actual Loops": 5228, "Index Cond": "(id = mk.movie_id)"}]}]}]}, "Triggers": [], "Planner Runtime": 15.864, "Total Runtime": 1408.006, "Unique SQL Id": 2804875951}}, "(16, '103')": {"explain_plan": {"Plan": {"Node Type": "Aggregate", "Strategy": "Plain", "Startup Cost": 3739.07, "Total Cost": 3739.08, "Plan Rows": 1, "Plan Width": 49, "Plans": [{"Node Type": "Nested Loop", "Parent Relationship": "Outer", "Join Type": "Inner", "Startup Cost": 724.4, "Total Cost": 3739.06, "Plan Rows": 2, "Plan Width": 17, "Inner Unique": true, "Join Filter": "(mc.movie_id = t.id)", "Plans": [{"Node Type": "Nested Loop", "Parent Relationship": "Outer", "Join Type": "Inner", "Startup Cost": 724.13, "Total Cost": 3730.48, "Plan Rows": 2, "Plan Width": 8, "Inner Unique": true, "Plans": [{"Node Type": "Nested Loop", "Parent Relationship": "Outer", "Join Type": "Inner", "Startup Cost": 723.87, "Total Cost": 3430.65, "Plan Rows": 70, "Plan Width": 12, "Inner Unique": false, "Plans": [{"Node Type": "Nested Loop", "Parent Relationship": "Outer", "Join Type": "Inner", "Startup Cost": 723.6, "Total Cost": 3288.12, "Plan Rows": 33, "Plan Width": 4, "Inner Unique": false, "Plans": [{"Node Type": "Bitmap Heap Scan", "Parent Relationship": "Outer", "Relation Name": "keyword", "Alias": "k", "Startup Cost": 719.1, "Total Cost": 3155.21, "Plan Rows": 1, "Plan Width": 4, "Filter": "((keyword)::text = 'character-name-in-title'::text)", "Plans": [{"Node Type": "Bitmap Index Scan", "Parent Relationship": "Outer", "Index Name": "keyword_pkey", "Startup Cost": 0.0, "Total Cost": 719.1, "Plan Rows": 134169, "Plan Width": 0}]}, {"Node Type": "Bitmap Heap Scan", "Parent Relationship": "Inner", "Relation Name": "movie_keyword", "Alias": "mk", "Startup Cost": 4.51, "Total Cost": 132.58, "Plan Rows": 33, "Plan Width": 8, "Recheck Cond": "(keyword_id = k.id)", "Plans": [{"Node Type": "Bitmap Index Scan", "Parent Relationship": "Outer", "Index Name": "keyword_id_movie_keyword", "Startup Cost": 0.0, "Total Cost": 4.5, "Plan Rows": 33, "Plan Width": 0, "Index Cond": "(keyword_id = k.id)"}]}]}, {"Node Type": "Bitmap Heap Scan", "Parent Relationship": "Inner", "Relation Name": "movie_companies", "Alias": "mc", "Startup Cost": 0.27, "Total Cost": 4.3, "Plan Rows": 2, "Plan Width": 8, "Recheck Cond": "(movie_id = mk.movie_id)", "Plans": [{"Node Type": "Bitmap Index Scan", "Parent Relationship": "Outer", "Index Name": "movie_id_movie_companies", "Startup Cost": 0.0, "Total Cost": 0.27, "Plan Rows": 2, "Plan Width": 0, "Index Cond": "(movie_id = mk.movie_id)"}]}]}, {"Node Type": "Bitmap Heap Scan", "Parent Relationship": "Inner", "Relation Name": "company_name", "Alias": "cn", "Startup Cost": 0.26, "Total Cost": 4.27, "Plan Rows": 1, "Plan Width": 4, "Recheck Cond": "(id = mc.company_id)", "Filter": "((country_code)::text = '[nl]'::text)", "Plans": [{"Node Type": "Bitmap Index Scan", "Parent Relationship": "Outer", "Index Name": "company_name_pkey", "Startup Cost": 0.0, "Total Cost": 0.26, "Plan Rows": 1, "Plan Width": 0, "Index Cond": "(id = mc.company_id)"}]}]}, {"Node Type": "Bitmap Heap Scan", "Parent Relationship": "Inner", "Relation Name": "title", "Alias": "t", "Startup Cost": 0.27, "Total Cost": 4.28, "Plan Rows": 1, "Plan Width": 21, "Recheck Cond": "(id = mk.movie_id)", "Plans": [{"Node Type": "Bitmap Index Scan", "Parent Relationship": "Outer", "Index Name": "title_pkey", "Startup Cost": 0.0, "Total Cost": 0.27, "Plan Rows": 1, "Plan Width": 0, "Index Cond": "(id = mk.movie_id)"}]}]}]}, "Unique SQL Id": 2804875951, "Planner Runtime": 4}, "explain_analyze_plan": {"Plan": {"Node Type": "Aggregate", "Strategy": "Plain", "Startup Cost": 3739.07, "Total Cost": 3739.08, "Plan Rows": 1, "Plan Width": 49, "Actual Startup Time": 1387.145, "Actual Total Time": 1387.146, "Actual Rows": 1, "Actual Loops": 1, "Plans": [{"Node Type": "Nested Loop", "Parent Relationship": "Outer", "Join Type": "Inner", "Startup Cost": 724.4, "Total Cost": 3739.06, "Plan Rows": 2, "Plan Width": 17, "Actual Startup Time": 25.648, "Actual Total Time": 1382.175, "Actual Rows": 5228, "Actual Loops": 1, "Inner Unique": true, "Join Filter": "(mc.movie_id = t.id)", "Rows Removed by Join Filter": 0, "Plans": [{"Node Type": "Nested Loop", "Parent Relationship": "Outer", "Join Type": "Inner", "Startup Cost": 724.13, "Total Cost": 3730.48, "Plan Rows": 2, "Plan Width": 8, "Actual Startup Time": 25.627, "Actual Total Time": 1347.061, "Actual Rows": 5228, "Actual Loops": 1, "Inner Unique": true, "Plans": [{"Node Type": "Nested Loop", "Parent Relationship": "Outer", "Join Type": "Inner", "Startup Cost": 723.87, "Total Cost": 3430.65, "Plan Rows": 70, "Plan Width": 12, "Actual Startup Time": 21.56, "Actual Total Time": 492.049, "Actual Rows": 148552, "Actual Loops": 1, "Inner Unique": false, "Plans": [{"Node Type": "Nested Loop", "Parent Relationship": "Outer", "Join Type": "Inner", "Startup Cost": 723.6, "Total Cost": 3288.12, "Plan Rows": 33, "Plan Width": 4, "Actual Startup Time": 21.524, "Actual Total Time": 111.574, "Actual Rows": 41840, "Actual Loops": 1, "Inner Unique": false, "Plans": [{"Node Type": "Bitmap Heap Scan", "Parent Relationship": "Outer", "Relation Name": "keyword", "Alias": "k", "Startup Cost": 719.1, "Total Cost": 3155.21, "Plan Rows": 1, "Plan Width": 4, "Actual Startup Time": 13.5, "Actual Total Time": 60.831, "Actual Rows": 1, "Actual Loops": 1, "Filter": "((keyword)::text = 'character-name-in-title'::text)", "Rows Removed by Filter": 134168, "Exact Heap Blocks": 759, "Lossy Heap Blocks": 759, "Plans": [{"Node Type": "Bitmap Index Scan", "Parent Relationship": "Outer", "Index Name": "keyword_pkey", "Startup Cost": 0.0, "Total Cost": 719.1, "Plan Rows": 134169, "Plan Width": 0, "Actual Startup Time": 11.196, "Actual Total Time": 11.196, "Actual Rows": 134169, "Actual Loops": 1}]}, {"Node Type": "Bitmap Heap Scan", "Parent Relationship": "Inner", "Relation Name": "movie_keyword", "Alias": "mk", "Startup Cost": 4.51, "Total Cost": 132.58, "Plan Rows": 33, "Plan Width": 8, "Actual Startup Time": 8.013, "Actual Total Time": 41.471, "Actual Rows": 41840, "Actual Loops": 1, "Recheck Cond": "(keyword_id = k.id)", "Rows Removed by Index Recheck": 0, "Exact Heap Blocks": 9702, "Lossy Heap Blocks": 9702, "Plans": [{"Node Type": "Bitmap Index Scan", "Parent Relationship": "Outer", "Index Name": "keyword_id_movie_keyword", "Startup Cost": 0.0, "Total Cost": 4.5, "Plan Rows": 33, "Plan Width": 0, "Actual Startup Time": 6.272, "Actual Total Time": 6.272, "Actual Rows": 41840, "Actual Loops": 1, "Index Cond": "(keyword_id = k.id)"}]}]}, {"Node Type": "Bitmap Heap Scan", "Parent Relationship": "Inner", "Relation Name": "movie_companies", "Alias": "mc", "Startup Cost": 0.27, "Total Cost": 4.3, "Plan Rows": 2, "Plan Width": 8, "Actual Startup Time": 240.891, "Actual Total Time": 294.516, "Actual Rows": 148552, "Actual Loops": 41840, "Recheck Cond": "(movie_id = mk.movie_id)", "Rows Removed by Index Recheck": 0, "Exact Heap Blocks": 62638, "Lossy Heap Blocks": 62638, "Plans": [{"Node Type": "Bitmap Index Scan", "Parent Relationship": "Outer", "Index Name": "movie_id_movie_companies", "Startup Cost": 0.0, "Total Cost": 0.27, "Plan Rows": 2, "Plan Width": 0, "Actual Startup Time": 150.419, "Actual Total Time": 150.419, "Actual Rows": 148552, "Actual Loops": 41840, "Index Cond": "(movie_id = mk.movie_id)"}]}]}, {"Node Type": "Bitmap Heap Scan", "Parent Relationship": "Inner", "Relation Name": "company_name", "Alias": "cn", "Startup Cost": 0.26, "Total Cost": 4.27, "Plan Rows": 1, "Plan Width": 4, "Actual Startup Time": 685.084, "Actual Total Time": 685.084, "Actual Rows": 5228, "Actual Loops": 148552, "Recheck Cond": "(id = mc.company_id)", "Rows Removed by Index Recheck": 0, "Filter": "((country_code)::text = '[nl]'::text)", "Rows Removed by Filter": 143324, "Exact Heap Blocks": 148552, "Lossy Heap Blocks": 148552, "Plans": [{"Node Type": "Bitmap Index Scan", "Parent Relationship": "Outer", "Index Name": "company_name_pkey", "Startup Cost": 0.0, "Total Cost": 0.26, "Plan Rows": 1, "Plan Width": 0, "Actual Startup Time": 382.826, "Actual Total Time": 382.826, "Actual Rows": 148552, "Actual Loops": 148552, "Index Cond": "(id = mc.company_id)"}]}]}, {"Node Type": "Bitmap Heap Scan", "Parent Relationship": "Inner", "Relation Name": "title", "Alias": "t", "Startup Cost": 0.27, "Total Cost": 4.28, "Plan Rows": 1, "Plan Width": 21, "Actual Startup Time": 25.907, "Actual Total Time": 25.907, "Actual Rows": 5228, "Actual Loops": 5228, "Recheck Cond": "(id = mk.movie_id)", "Rows Removed by Index Recheck": 0, "Exact Heap Blocks": 5228, "Lossy Heap Blocks": 5228, "Plans": [{"Node Type": "Bitmap Index Scan", "Parent Relationship": "Outer", "Index Name": "title_pkey", "Startup Cost": 0.0, "Total Cost": 0.27, "Plan Rows": 1, "Plan Width": 0, "Actual Startup Time": 16.062, "Actual Total Time": 16.062, "Actual Rows": 5228, "Actual Loops": 5228, "Index Cond": "(id = mk.movie_id)"}]}]}]}, "Triggers": [], "Planner Runtime": 8.607, "Total Runtime": 1387.489, "Unique SQL Id": 2804875951}}, "(16, '104')": {"explain_plan": {"Plan": {"Node Type": "Aggregate", "Strategy": "Plain", "Startup Cost": 2605.07, "Total Cost": 2605.08, "Plan Rows": 1, "Plan Width": 49, "Plans": [{"Node Type": "Nested Loop", "Parent Relationship": "Outer", "Join Type": "Inner", "Startup Cost": 0.0, "Total Cost": 2605.07, "Plan Rows": 2, "Plan Width": 17, "Inner Unique": true, "Join Filter": "(mc.movie_id = t.id)", "Plans": [{"Node Type": "Nested Loop", "Parent Relationship": "Outer", "Join Type": "Inner", "Startup Cost": 0.0, "Total Cost": 2604.42, "Plan Rows": 2, "Plan Width": 8, "Inner Unique": true, "Plans": [{"Node Type": "Nested Loop", "Parent Relationship": "Outer", "Join Type": "Inner", "Startup Cost": 0.0, "Total Cost": 2584.29, "Plan Rows": 70, "Plan Width": 12, "Inner Unique": false, "Plans": [{"Node Type": "Nested Loop", "Parent Relationship": "Outer", "Join Type": "Inner", "Startup Cost": 0.0, "Total Cost": 2573.32, "Plan Rows": 33, "Plan Width": 4, "Inner Unique": false, "Plans": [{"Node Type": "Seq Scan", "Parent Relationship": "Outer", "Relation Name": "keyword", "Alias": "k", "Startup Cost": 0.0, "Total Cost": 2436.11, "Plan Rows": 1, "Plan Width": 4, "Filter": "((keyword)::text = 'character-name-in-title'::text)"}, {"Node Type": "Index Scan", "Parent Relationship": "Inner", "Scan Direction": "Forward", "Index Name": "keyword_id_movie_keyword", "Relation Name": "movie_keyword", "Alias": "mk", "Startup Cost": 0.0, "Total Cost": 136.88, "Plan Rows": 33, "Plan Width": 8, "Index Cond": "(keyword_id = k.id)"}]}, {"Node Type": "Index Scan", "Parent Relationship": "Inner", "Scan Direction": "Forward", "Index Name": "movie_id_movie_companies", "Relation Name": "movie_companies", "Alias": "mc", "Startup Cost": 0.0, "Total Cost": 0.31, "Plan Rows": 2, "Plan Width": 8, "Index Cond": "(movie_id = mk.movie_id)"}]}, {"Node Type": "Index Scan", "Parent Relationship": "Inner", "Scan Direction": "Forward", "Index Name": "company_name_pkey", "Relation Name": "company_name", "Alias": "cn", "Startup Cost": 0.0, "Total Cost": 0.28, "Plan Rows": 1, "Plan Width": 4, "Index Cond": "(id = mc.company_id)", "Filter": "((country_code)::text = '[nl]'::text)"}]}, {"Node Type": "Index Scan", "Parent Relationship": "Inner", "Scan Direction": "Forward", "Index Name": "title_pkey", "Relation Name": "title", "Alias": "t", "Startup Cost": 0.0, "Total Cost": 0.31, "Plan Rows": 1, "Plan Width": 21, "Index Cond": "(id = mk.movie_id)"}]}]}, "Unique SQL Id": 2804875951, "Planner Runtime": 8}, "explain_analyze_plan": {"Plan": {"Node Type": "Aggregate", "Strategy": "Plain", "Startup Cost": 2605.07, "Total Cost": 2605.08, "Plan Rows": 1, "Plan Width": 49, "Actual Startup Time": 1003.672, "Actual Total Time": 1003.673, "Actual Rows": 1, "Actual Loops": 1, "Plans": [{"Node Type": "Nested Loop", "Parent Relationship": "Outer", "Join Type": "Inner", "Startup Cost": 0.0, "Total Cost": 2605.07, "Plan Rows": 2, "Plan Width": 17, "Actual Startup Time": 4.721, "Actual Total Time": 1000.415, "Actual Rows": 5228, "Actual Loops": 1, "Inner Unique": true, "Join Filter": "(mc.movie_id = t.id)", "Rows Removed by Join Filter": 0, "Plans": [{"Node Type": "Nested Loop", "Parent Relationship": "Outer", "Join Type": "Inner", "Startup Cost": 0.0, "Total Cost": 2604.42, "Plan Rows": 2, "Plan Width": 8, "Actual Startup Time": 4.708, "Actual Total Time": 973.99, "Actual Rows": 5228, "Actual Loops": 1, "Inner Unique": true, "Plans": [{"Node Type": "Nested Loop", "Parent Relationship": "Outer", "Join Type": "Inner", "Startup Cost": 0.0, "Total Cost": 2584.29, "Plan Rows": 70, "Plan Width": 12, "Actual Startup Time": 1.809, "Actual Total Time": 358.696, "Actual Rows": 148552, "Actual Loops": 1, "Inner Unique": false, "Plans": [{"Node Type": "Nested Loop", "Parent Relationship": "Outer", "Join Type": "Inner", "Startup Cost": 0.0, "Total Cost": 2573.32, "Plan Rows": 33, "Plan Width": 4, "Actual Startup Time": 1.792, "Actual Total Time": 86.929, "Actual Rows": 41840, "Actual Loops": 1, "Inner Unique": false, "Plans": [{"Node Type": "Seq Scan", "Parent Relationship": "Outer", "Relation Name": "keyword", "Alias": "k", "Startup Cost": 0.0, "Total Cost": 2436.11, "Plan Rows": 1, "Plan Width": 4, "Actual Startup Time": 1.768, "Actual Total Time": 41.894, "Actual Rows": 1, "Actual Loops": 1, "Filter": "((keyword)::text = 'character-name-in-title'::text)", "Rows Removed by Filter": 134168}, {"Node Type": "Index Scan", "Parent Relationship": "Inner", "Scan Direction": "Forward", "Index Name": "keyword_id_movie_keyword", "Relation Name": "movie_keyword", "Alias": "mk", "Startup Cost": 0.0, "Total Cost": 136.88, "Plan Rows": 33, "Plan Width": 8, "Actual Startup Time": 0.02, "Actual Total Time": 35.59, "Actual Rows": 41840, "Actual Loops": 1, "Index Cond": "(keyword_id = k.id)", "Rows Removed by Index Recheck": 0}]}, {"Node Type": "Index Scan", "Parent Relationship": "Inner", "Scan Direction": "Forward", "Index Name": "movie_id_movie_companies", "Relation Name": "movie_companies", "Alias": "mc", "Startup Cost": 0.0, "Total Cost": 0.31, "Plan Rows": 2, "Plan Width": 8, "Actual Startup Time": 145.322, "Actual Total Time": 215.961, "Actual Rows": 148552, "Actual Loops": 41840, "Index Cond": "(movie_id = mk.movie_id)", "Rows Removed by Index Recheck": 0}]}, {"Node Type": "Index Scan", "Parent Relationship": "Inner", "Scan Direction": "Forward", "Index Name": "company_name_pkey", "Relation Name": "company_name", "Alias": "cn", "Startup Cost": 0.0, "Total Cost": 0.28, "Plan Rows": 1, "Plan Width": 4, "Actual Startup Time": 543.353, "Actual Total Time": 543.353, "Actual Rows": 5228, "Actual Loops": 148552, "Index Cond": "(id = mc.company_id)", "Rows Removed by Index Recheck": 0, "Filter": "((country_code)::text = '[nl]'::text)", "Rows Removed by Filter": 143324}]}, {"Node Type": "Index Scan", "Parent Relationship": "Inner", "Scan Direction": "Forward", "Index Name": "title_pkey", "Relation Name": "title", "Alias": "t", "Startup Cost": 0.0, "Total Cost": 0.31, "Plan Rows": 1, "Plan Width": 21, "Actual Startup Time": 20.597, "Actual Total Time": 20.597, "Actual Rows": 5228, "Actual Loops": 5228, "Index Cond": "(id = mk.movie_id)", "Rows Removed by Index Recheck": 0}]}]}, "Triggers": [], "Planner Runtime": 10.364, "Total Runtime": 1003.955, "Unique SQL Id": 2804875951}}, "(16, '105')": {"explain_plan": {"Plan": {"Node Type": "Aggregate", "Strategy": "Plain", "Startup Cost": 3351.67, "Total Cost": 3351.68, "Plan Rows": 1, "Plan Width": 49, "Plans": [{"Node Type": "Nested Loop", "Parent Relationship": "Outer", "Join Type": "Inner", "Startup Cost": 0.0, "Total Cost": 3351.67, "Plan Rows": 2, "Plan Width": 17, "Inner Unique": true, "Join Filter": "(mc.movie_id = t.id)", "Plans": [{"Node Type": "Nested Loop", "Parent Relationship": "Outer", "Join Type": "Inner", "Startup Cost": 0.0, "Total Cost": 3351.03, "Plan Rows": 2, "Plan Width": 8, "Inner Unique": true, "Plans": [{"Node Type": "Nested Loop", "Parent Relationship": "Outer", "Join Type": "Inner", "Startup Cost": 0.0, "Total Cost": 3330.89, "Plan Rows": 70, "Plan Width": 12, "Inner Unique": false, "Plans": [{"Node Type": "Nested Loop", "Parent Relationship": "Outer", "Join Type": "Inner", "Startup Cost": 0.0, "Total Cost": 3319.92, "Plan Rows": 33, "Plan Width": 4, "Inner Unique": false, "Plans": [{"Node Type": "Index Scan", "Parent Relationship": "Outer", "Scan Direction": "Forward", "Index Name": "keyword_pkey", "Relation Name": "keyword", "Alias": "k", "Startup Cost": 0.0, "Total Cost": 3182.72, "Plan Rows": 1, "Plan Width": 4, "Filter": "((keyword)::text = 'character-name-in-title'::text)"}, {"Node Type": "Index Scan", "Parent Relationship": "Inner", "Scan Direction": "Forward", "Index Name": "keyword_id_movie_keyword", "Relation Name": "movie_keyword", "Alias": "mk", "Startup Cost": 0.0, "Total Cost": 136.88, "Plan Rows": 33, "Plan Width": 8, "Index Cond": "(keyword_id = k.id)"}]}, {"Node Type": "Index Scan", "Parent Relationship": "Inner", "Scan Direction": "Forward", "Index Name": "movie_id_movie_companies", "Relation Name": "movie_companies", "Alias": "mc", "Startup Cost": 0.0, "Total Cost": 0.31, "Plan Rows": 2, "Plan Width": 8, "Index Cond": "(movie_id = mk.movie_id)"}]}, {"Node Type": "Index Scan", "Parent Relationship": "Inner", "Scan Direction": "Forward", "Index Name": "company_name_pkey", "Relation Name": "company_name", "Alias": "cn", "Startup Cost": 0.0, "Total Cost": 0.28, "Plan Rows": 1, "Plan Width": 4, "Index Cond": "(id = mc.company_id)", "Filter": "((country_code)::text = '[nl]'::text)"}]}, {"Node Type": "Index Scan", "Parent Relationship": "Inner", "Scan Direction": "Forward", "Index Name": "title_pkey", "Relation Name": "title", "Alias": "t", "Startup Cost": 0.0, "Total Cost": 0.31, "Plan Rows": 1, "Plan Width": 21, "Index Cond": "(id = mk.movie_id)"}]}]}, "Unique SQL Id": 2804875951, "Planner Runtime": 7}, "explain_analyze_plan": {"Plan": {"Node Type": "Aggregate", "Strategy": "Plain", "Startup Cost": 3351.67, "Total Cost": 3351.68, "Plan Rows": 1, "Plan Width": 49, "Actual Startup Time": 1115.49, "Actual Total Time": 1115.49, "Actual Rows": 1, "Actual Loops": 1, "Plans": [{"Node Type": "Nested Loop", "Parent Relationship": "Outer", "Join Type": "Inner", "Startup Cost": 0.0, "Total Cost": 3351.67, "Plan Rows": 2, "Plan Width": 17, "Actual Startup Time": 3.24, "Actual Total Time": 1112.359, "Actual Rows": 5228, "Actual Loops": 1, "Inner Unique": true, "Join Filter": "(mc.movie_id = t.id)", "Rows Removed by Join Filter": 0, "Plans": [{"Node Type": "Nested Loop", "Parent Relationship": "Outer", "Join Type": "Inner", "Startup Cost": 0.0, "Total Cost": 3351.03, "Plan Rows": 2, "Plan Width": 8, "Actual Startup Time": 3.226, "Actual Total Time": 1085.159, "Actual Rows": 5228, "Actual Loops": 1, "Inner Unique": true, "Plans": [{"Node Type": "Nested Loop", "Parent Relationship": "Outer", "Join Type": "Inner", "Startup Cost": 0.0, "Total Cost": 3330.89, "Plan Rows": 70, "Plan Width": 12, "Actual Startup Time": 0.236, "Actual Total Time": 447.681, "Actual Rows": 148552, "Actual Loops": 1, "Inner Unique": false, "Plans": [{"Node Type": "Nested Loop", "Parent Relationship": "Outer", "Join Type": "Inner", "Startup Cost": 0.0, "Total Cost": 3319.92, "Plan Rows": 33, "Plan Width": 4, "Actual Startup Time": 0.221, "Actual Total Time": 168.712, "Actual Rows": 41840, "Actual Loops": 1, "Inner Unique": false, "Plans": [{"Node Type": "Index Scan", "Parent Relationship": "Outer", "Scan Direction": "Forward", "Index Name": "keyword_pkey", "Relation Name": "keyword", "Alias": "k", "Startup Cost": 0.0, "Total Cost": 3182.72, "Plan Rows": 1, "Plan Width": 4, "Actual Startup Time": 0.203, "Actual Total Time": 122.802, "Actual Rows": 1, "Actual Loops": 1, "Filter": "((keyword)::text = 'character-name-in-title'::text)", "Rows Removed by Filter": 134168}, {"Node Type": "Index Scan", "Parent Relationship": "Inner", "Scan Direction": "Forward", "Index Name": "keyword_id_movie_keyword", "Relation Name": "movie_keyword", "Alias": "mk", "Startup Cost": 0.0, "Total Cost": 136.88, "Plan Rows": 33, "Plan Width": 8, "Actual Startup Time": 0.013, "Actual Total Time": 36.759, "Actual Rows": 41840, "Actual Loops": 1, "Index Cond": "(keyword_id = k.id)", "Rows Removed by Index Recheck": 0}]}, {"Node Type": "Index Scan", "Parent Relationship": "Inner", "Scan Direction": "Forward", "Index Name": "movie_id_movie_companies", "Relation Name": "movie_companies", "Alias": "mc", "Startup Cost": 0.0, "Total Cost": 0.31, "Plan Rows": 2, "Plan Width": 8, "Actual Startup Time": 150.509, "Actual Total Time": 222.921, "Actual Rows": 148552, "Actual Loops": 41840, "Index Cond": "(movie_id = mk.movie_id)", "Rows Removed by Index Recheck": 0}]}, {"Node Type": "Index Scan", "Parent Relationship": "Inner", "Scan Direction": "Forward", "Index Name": "company_name_pkey", "Relation Name": "company_name", "Alias": "cn", "Startup Cost": 0.0, "Total Cost": 0.28, "Plan Rows": 1, "Plan Width": 4, "Actual Startup Time": 564.52, "Actual Total Time": 564.52, "Actual Rows": 5228, "Actual Loops": 148552, "Index Cond": "(id = mc.company_id)", "Rows Removed by Index Recheck": 0, "Filter": "((country_code)::text = '[nl]'::text)", "Rows Removed by Filter": 143324}]}, {"Node Type": "Index Scan", "Parent Relationship": "Inner", "Scan Direction": "Forward", "Index Name": "title_pkey", "Relation Name": "title", "Alias": "t", "Startup Cost": 0.0, "Total Cost": 0.31, "Plan Rows": 1, "Plan Width": 21, "Actual Startup Time": 21.443, "Actual Total Time": 21.443, "Actual Rows": 5228, "Actual Loops": 5228, "Index Cond": "(id = mk.movie_id)", "Rows Removed by Index Recheck": 0}]}]}, "Triggers": [], "Planner Runtime": 9.9, "Total Runtime": 1115.761, "Unique SQL Id": 2804875951}}, "(16, '106')": {"explain_plan": {"Plan": {"Node Type": "Aggregate", "Strategy": "Plain", "Startup Cost": 110556.13, "Total Cost": 110556.15, "Plan Rows": 1, "Plan Width": 49, "Plans": [{"Node Type": "Streaming(type: LOCAL GATHER dop: 1/16)", "Parent Relationship": "Outer", "Startup Cost": 110556.13, "Total Cost": 110556.15, "Plan Rows": 1, "Plan Width": 49, "Plans": [{"Node Type": "Aggregate", "Strategy": "Plain", "Parent Relationship": "Outer", "Startup Cost": 110556.13, "Total Cost": 110556.14, "Plan Rows": 1, "Plan Width": 49, "Plans": [{"Node Type": "Hash Join", "Parent Relationship": "Outer", "Join Type": "Inner", "Startup Cost": 91209.23, "Total Cost": 110556.13, "Plan Rows": 2, "Plan Width": 17, "Inner Unique": false, "Hash Cond": "(t.id = mc.movie_id)", "Plans": [{"Node Type": "Seq Scan", "Parent Relationship": "Outer", "Relation Name": "title", "Alias": "t", "Startup Cost": 0.0, "Total Cost": 18754.32, "Plan Rows": 2528311, "Plan Width": 21}, {"Node Type": "Hash", "Parent Relationship": "Inner", "Startup Cost": 91209.2, "Total Cost": 91209.2, "Plan Rows": 32, "Plan Width": 8, "Plans": [{"Node Type": "Streaming(type: BROADCAST dop: 16/1)", "Parent Relationship": "Outer", "Startup Cost": 57980.91, "Total Cost": 91209.2, "Plan Rows": 32, "Plan Width": 8, "Plans": [{"Node Type": "Hash Join", "Parent Relationship": "Outer", "Join Type": "Inner", "Startup Cost": 57980.91, "Total Cost": 76208.51, "Plan Rows": 2, "Plan Width": 8, "Inner Unique": true, "Hash Cond": "(mc.company_id = cn.id)", "Plans": [{"Node Type": "Streaming(type: LOCAL GATHER dop: 1/16)", "Parent Relationship": "Outer", "Startup Cost": 52049.46, "Total Cost": 70276.1, "Plan Rows": 70, "Plan Width": 12, "Plans": [{"Node Type": "Hash Join", "Parent Relationship": "Outer", "Join Type": "Inner", "Startup Cost": 52049.46, "Total Cost": 70274.59, "Plan Rows": 70, "Plan Width": 12, "Inner Unique": false, "Hash Cond": "(mc.movie_id = mk.movie_id)", "Plans": [{"Node Type": "Seq Scan", "Parent Relationship": "Outer", "Relation Name": "movie_companies", "Alias": "mc", "Startup Cost": 0.0, "Total Cost": 17613.58, "Plan Rows": 2609128, "Plan Width": 8}, {"Node Type": "Hash", "Parent Relationship": "Inner", "Startup Cost": 52049.04, "Total Cost": 52049.04, "Plan Rows": 528, "Plan Width": 4, "Plans": [{"Node Type": "Streaming(type: BROADCAST dop: 16/16)", "Parent Relationship": "Outer", "Startup Cost": 17436.47, "Total Cost": 52049.04, "Plan Rows": 528, "Plan Width": 4, "Plans": [{"Node Type": "Hash Join", "Parent Relationship": "Outer", "Join Type": "Inner", "Startup Cost": 17436.47, "Total Cost": 37047.7, "Plan Rows": 33, "Plan Width": 4, "Inner Unique": true, "Hash Cond": "(mk.keyword_id = k.id)", "Plans": [{"Node Type": "Seq Scan", "Parent Relationship": "Outer", "Relation Name": "movie_keyword", "Alias": "mk", "Startup Cost": 0.0, "Total Cost": 18902.58, "Plan Rows": 4523929, "Plan Width": 8}, {"Node Type": "Hash", "Parent Relationship": "Inner", "Startup Cost": 17436.46, "Total Cost": 17436.46, "Plan Rows": 16, "Plan Width": 4, "Plans": [{"Node Type": "Streaming(type: BROADCAST dop: 16/1)", "Parent Relationship": "Outer", "Startup Cost": 0.0, "Total Cost": 17436.46, "Plan Rows": 16, "Plan Width": 4, "Plans": [{"Node Type": "Seq Scan", "Parent Relationship": "Outer", "Relation Name": "keyword", "Alias": "k", "Startup Cost": 0.0, "Total Cost": 2436.11, "Plan Rows": 1, "Plan Width": 4, "Filter": "((keyword)::text = 'character-name-in-title'::text)"}]}]}]}]}]}]}]}, {"Node Type": "Hash", "Parent Relationship": "Inner", "Startup Cost": 5903.45, "Total Cost": 5903.45, "Plan Rows": 2240, "Plan Width": 4, "Plans": [{"Node Type": "Seq Scan", "Parent Relationship": "Outer", "Relation Name": "company_name", "Alias": "cn", "Startup Cost": 0.0, "Total Cost": 5903.45, "Plan Rows": 2240, "Plan Width": 4, "Filter": "((country_code)::text = '[nl]'::text)"}]}]}]}]}]}]}]}]}, "Unique SQL Id": 2804875951, "Planner Runtime": 26}, "explain_analyze_plan": {"Plan": {"Node Type": "Aggregate", "Strategy": "Plain", "Startup Cost": 110556.13, "Total Cost": 110556.15, "Plan Rows": 1, "Plan Width": 49, "Actual Min Startup Time": 555.882, "Actual Max Startup Time": 555.882, "Actual Min Total Time": 555.882, "Actual Max Total Time": 555.882, "Plans": [{"Node Type": "Streaming(type: LOCAL GATHER dop: 1/16)", "Parent Relationship": "Outer", "Startup Cost": 110556.13, "Total Cost": 110556.15, "Plan Rows": 1, "Plan Width": 49, "Actual Min Startup Time": 545.82, "Actual Max Startup Time": 545.82, "Actual Min Total Time": 555.85, "Actual Max Total Time": 555.85, "Plans": [{"Node Type": "Aggregate", "Strategy": "Plain", "Parent Relationship": "Outer", "Startup Cost": 110556.13, "Total Cost": 110556.14, "Plan Rows": 1, "Plan Width": 49, "Actual Min Startup Time": 409.279, "Actual Max Startup Time": 440.627, "Actual Min Total Time": 409.279, "Actual Max Total Time": 440.628, "Plans": [{"Node Type": "Hash Join", "Parent Relationship": "Outer", "Join Type": "Inner", "Startup Cost": 91209.23, "Total Cost": 110556.13, "Plan Rows": 2, "Plan Width": 17, "Actual Min Startup Time": 338.095, "Actual Max Startup Time": 377.459, "Actual Min Total Time": 409.133, "Actual Max Total Time": 440.447, "Inner Unique": false, "Hash Cond": "(t.id = mc.movie_id)", "Plans": [{"Node Type": "Seq Scan", "Parent Relationship": "Outer", "Relation Name": "title", "Alias": "t", "Startup Cost": 0.0, "Total Cost": 18754.32, "Plan Rows": 2528311, "Plan Width": 21, "Actual Min Startup Time": 0.042, "Actual Max Startup Time": 0.06, "Actual Min Total Time": 38.991, "Actual Max Total Time": 45.434, "Actual Rows": 2528311}, {"Node Type": "Hash", "Parent Relationship": "Inner", "Startup Cost": 91209.2, "Total Cost": 91209.2, "Plan Rows": 32, "Plan Width": 8, "Actual Min Startup Time": 337.495, "Actual Max Startup Time": 375.373, "Actual Min Total Time": 337.495, "Actual Max Total Time": 375.373, "Max Hash Buckets": 32768, "Min Hash Buckets": 32768, "Max Hash Batches": 1, "Min Hash Batches": 1, "Max Original Hash Batches": 1, "Min Original Hash Batches": 1, "Max Peak Memory Usage": 205, "min Peak Memory Usage": 205, "Plans": [{"Node Type": "Streaming(type: BROADCAST dop: 16/1)", "Parent Relationship": "Outer", "Startup Cost": 57980.91, "Total Cost": 91209.2, "Plan Rows": 32, "Plan Width": 8, "Actual Min Startup Time": 167.45, "Actual Max Startup Time": 205.294, "Actual Min Total Time": 335.571, "Actual Max Total Time": 374.079, "Plans": [{"Node Type": "Hash Join", "Parent Relationship": "Outer", "Join Type": "Inner", "Startup Cost": 57980.91, "Total Cost": 76208.51, "Plan Rows": 2, "Plan Width": 8, "Actual Min Startup Time": 217.039, "Actual Max Startup Time": 217.039, "Actual Min Total Time": 333.497, "Actual Max Total Time": 333.497, "Inner Unique": true, "Hash Cond": "(mc.company_id = cn.id)", "Plans": [{"Node Type": "Streaming(type: LOCAL GATHER dop: 1/16)", "Parent Relationship": "Outer", "Startup Cost": 52049.46, "Total Cost": 70276.1, "Plan Rows": 70, "Plan Width": 12, "Actual Min Startup Time": 136.008, "Actual Max Startup Time": 136.008, "Actual Min Total Time": 226.398, "Actual Max Total Time": 226.398, "Plans": [{"Node Type": "Hash Join", "Parent Relationship": "Outer", "Join Type": "Inner", "Startup Cost": 52049.46, "Total Cost": 70274.59, "Plan Rows": 70, "Plan Width": 12, "Actual Min Startup Time": 163.703, "Actual Max Startup Time": 215.019, "Actual Min Total Time": 239.512, "Actual Max Total Time": 292.436, "Inner Unique": false, "Hash Cond": "(mc.movie_id = mk.movie_id)", "Plans": [{"Node Type": "Seq Scan", "Parent Relationship": "Outer", "Relation Name": "movie_companies", "Alias": "mc", "Startup Cost": 0.0, "Total Cost": 17613.58, "Plan Rows": 2609128, "Plan Width": 8, "Actual Min Startup Time": 0.049, "Actual Max Startup Time": 0.07, "Actual Min Total Time": 34.911, "Actual Max Total Time": 40.904, "Actual Rows": 2609128}, {"Node Type": "Hash", "Parent Relationship": "Inner", "Startup Cost": 52049.04, "Total Cost": 52049.04, "Plan Rows": 528, "Plan Width": 4, "Actual Min Startup Time": 163.472, "Actual Max Startup Time": 214.818, "Actual Min Total Time": 163.472, "Actual Max Total Time": 214.818, "Max Hash Buckets": 32768, "Min Hash Buckets": 32768, "Max Hash Batches": 1, "Min Hash Batches": 1, "Max Original Hash Batches": 1, "Min Original Hash Batches": 1, "Max Peak Memory Usage": 1471, "min Peak Memory Usage": 1471, "Plans": [{"Node Type": "Streaming(type: BROADCAST dop: 16/16)", "Parent Relationship": "Outer", "Startup Cost": 17436.47, "Total Cost": 52049.04, "Plan Rows": 528, "Plan Width": 4, "Actual Min Startup Time": 0.064, "Actual Max Startup Time": 0.138, "Actual Min Total Time": 148.637, "Actual Max Total Time": 204.884, "Plans": [{"Node Type": "Hash Join", "Parent Relationship": "Outer", "Join Type": "Inner", "Startup Cost": 17436.47, "Total Cost": 37047.7, "Plan Rows": 33, "Plan Width": 4, "Actual Min Startup Time": 0.146, "Actual Max Startup Time": 15.438, "Actual Min Total Time": 107.91, "Actual Max Total Time": 135.924, "Inner Unique": true, "Hash Cond": "(mk.keyword_id = k.id)", "Plans": [{"Node Type": "Seq Scan", "Parent Relationship": "Outer", "Relation Name": "movie_keyword", "Alias": "mk", "Startup Cost": 0.0, "Total Cost": 18902.58, "Plan Rows": 4523929, "Plan Width": 8, "Actual Min Startup Time": 0.059, "Actual Max Startup Time": 0.079, "Actual Min Total Time": 60.198, "Actual Max Total Time": 67.159, "Actual Rows": 4523929}, {"Node Type": "Hash", "Parent Relationship": "Inner", "Startup Cost": 17436.46, "Total Cost": 17436.46, "Plan Rows": 16, "Plan Width": 4, "Actual Min Startup Time": 0.015, "Actual Max Startup Time": 15.232, "Actual Min Total Time": 0.015, "Actual Max Total Time": 15.232, "Max Hash Buckets": 32768, "Min Hash Buckets": 32768, "Max Hash Batches": 1, "Min Hash Batches": 1, "Max Original Hash Batches": 1, "Min Original Hash Batches": 1, "Max Peak Memory Usage": 1, "min Peak Memory Usage": 1, "Plans": [{"Node Type": "Streaming(type: BROADCAST dop: 16/1)", "Parent Relationship": "Outer", "Startup Cost": 0.0, "Total Cost": 17436.46, "Plan Rows": 16, "Plan Width": 4, "Actual Min Startup Time": 0.003, "Actual Max Startup Time": 15.217, "Actual Min Total Time": 0.004, "Actual Max Total Time": 15.218, "Plans": [{"Node Type": "Seq Scan", "Parent Relationship": "Outer", "Relation Name": "keyword", "Alias": "k", "Startup Cost": 0.0, "Total Cost": 2436.11, "Plan Rows": 1, "Plan Width": 4, "Actual Min Startup Time": 1.892, "Actual Max Startup Time": 1.892, "Actual Min Total Time": 43.326, "Actual Max Total Time": 43.326, "Filter": "((keyword)::text = 'character-name-in-title'::text)", "Rows Removed by Filter": 134168, "Actual Rows": 1}], "Actual Rows": 16}], "Actual Rows": 16}], "Actual Rows": 41840}], "Actual Rows": 669440}], "Actual Rows": 669440}], "Actual Rows": 148552}], "Actual Rows": 148552}, {"Node Type": "Hash", "Parent Relationship": "Inner", "Startup Cost": 5903.45, "Total Cost": 5903.45, "Plan Rows": 2240, "Plan Width": 4, "Actual Min Startup Time": 80.94, "Actual Max Startup Time": 80.94, "Actual Min Total Time": 80.94, "Actual Max Total Time": 80.94, "Max Hash Buckets": 32768, "Min Hash Buckets": 32768, "Max Hash Batches": 1, "Min Hash Batches": 1, "Max Original Hash Batches": 1, "Min Original Hash Batches": 1, "Max Peak Memory Usage": 83, "min Peak Memory Usage": 83, "Plans": [{"Node Type": "Seq Scan", "Parent Relationship": "Outer", "Relation Name": "company_name", "Alias": "cn", "Startup Cost": 0.0, "Total Cost": 5903.45, "Plan Rows": 2240, "Plan Width": 4, "Actual Min Startup Time": 0.068, "Actual Max Startup Time": 0.068, "Actual Min Total Time": 80.137, "Actual Max Total Time": 80.137, "Filter": "((country_code)::text = '[nl]'::text)", "Rows Removed by Filter": 232656, "Actual Rows": 2340}], "Actual Rows": 2340}], "Actual Rows": 5228}], "Actual Rows": 83648}], "Actual Rows": 83648}], "Actual Rows": 5228}], "Actual Rows": 16}], "Actual Rows": 16}], "Actual Rows": 1}, "Triggers": [], "Planner Runtime": 26.454, "Total Runtime": 568.971, "Unique SQL Id": 2804875951}}, "(16, '107')": {"explain_plan": {"Plan": {"Node Type": "Aggregate", "Strategy": "Plain", "Startup Cost": 5000024803243.6, "Total Cost": 5000024803243.61, "Plan Rows": 1, "Plan Width": 49, "Plans": [{"Node Type": "Hash Join", "Parent Relationship": "Outer", "Join Type": "Inner", "Startup Cost": 3020024471717.3, "Total Cost": 5000024803243.6, "Plan Rows": 2, "Plan Width": 17, "Inner Unique": true, "Hash Cond": "(mc.movie_id = t.id)", "Plans": [{"Node Type": "Hash Join", "Parent Relationship": "Outer", "Join Type": "Inner", "Startup Cost": 2020013428064.5, "Total Cost": 4000013759590.77, "Plan Rows": 2, "Plan Width": 8, "Inner Unique": false, "Hash Cond": "(mk.movie_id = mc.movie_id)", "Plans": [{"Node Type": "Nested Loop", "Parent Relationship": "Outer", "Join Type": "Inner", "Startup Cost": 20000000004.51, "Total Cost": 2000000331530.23, "Plan Rows": 33, "Plan Width": 4, "Inner Unique": false, "Plans": [{"Node Type": "Index Scan", "Parent Relationship": "Outer", "Scan Direction": "Forward", "Index Name": "keyword_pkey", "Relation Name": "keyword", "Alias": "k", "Startup Cost": 10000000000.0, "Total Cost": 1000000318271.68, "Plan Rows": 1, "Plan Width": 4, "Filter": "((keyword)::text = 'character-name-in-title'::text)"}, {"Node Type": "Bitmap Heap Scan", "Parent Relationship": "Inner", "Relation Name": "movie_keyword", "Alias": "mk", "Startup Cost": 10000000004.51, "Total Cost": 1000000013258.21, "Plan Rows": 33, "Plan Width": 8, "Recheck Cond": "(keyword_id = k.id)", "Plans": [{"Node Type": "Bitmap Index Scan", "Parent Relationship": "Outer", "Index Name": "keyword_id_movie_keyword", "Startup Cost": 0.0, "Total Cost": 4.5, "Plan Rows": 33, "Plan Width": 0, "Index Cond": "(keyword_id = k.id)"}]}]}, {"Node Type": "Hash", "Parent Relationship": "Inner", "Startup Cost": 2000013427638.43, "Total Cost": 2000013427638.43, "Plan Rows": 33725, "Plan Width": 4, "Plans": [{"Node Type": "Hash Join", "Parent Relationship": "Outer", "Join Type": "Inner", "Startup Cost": 1010001050166.97, "Total Cost": 2000013427638.43, "Plan Rows": 33725, "Plan Width": 4, "Inner Unique": true, "Hash Cond": "(mc.company_id = cn.id)", "Plans": [{"Node Type": "Index Scan", "Parent Relationship": "Outer", "Scan Direction": "Forward", "Index Name": "company_id_movie_companies", "Relation Name": "movie_companies", "Alias": "mc", "Startup Cost": 10000000000.0, "Total Cost": 1000012367349.98, "Plan Rows": 2609128, "Plan Width": 8}, {"Node Type": "Hash", "Parent Relationship": "Inner", "Startup Cost": 1000001050138.97, "Total Cost": 1000001050138.97, "Plan Rows": 2240, "Plan Width": 4, "Plans": [{"Node Type": "Index Scan", "Parent Relationship": "Outer", "Scan Direction": "Forward", "Index Name": "company_name_pkey", "Relation Name": "company_name", "Alias": "cn", "Startup Cost": 10000000000.0, "Total Cost": 1000001050138.97, "Plan Rows": 2240, "Plan Width": 4, "Filter": "((country_code)::text = '[nl]'::text)"}]}]}]}]}, {"Node Type": "Hash", "Parent Relationship": "Inner", "Startup Cost": 1000011012048.91, "Total Cost": 1000011012048.91, "Plan Rows": 2528311, "Plan Width": 21, "Plans": [{"Node Type": "Index Scan", "Parent Relationship": "Outer", "Scan Direction": "Forward", "Index Name": "title_pkey", "Relation Name": "title", "Alias": "t", "Startup Cost": 10000000000.0, "Total Cost": 1000011012048.91, "Plan Rows": 2528311, "Plan Width": 21}]}]}]}, "Unique SQL Id": 2804875951, "Planner Runtime": 8}, "explain_analyze_plan": null}, "(16, '108')": {"explain_plan": {"Plan": {"Node Type": "Aggregate", "Strategy": "Plain", "Startup Cost": 2605.07, "Total Cost": 2605.08, "Plan Rows": 1, "Plan Width": 49, "Plans": [{"Node Type": "Nested Loop", "Parent Relationship": "Outer", "Join Type": "Inner", "Startup Cost": 0.0, "Total Cost": 2605.07, "Plan Rows": 2, "Plan Width": 17, "Inner Unique": true, "Join Filter": "(mc.movie_id = t.id)", "Plans": [{"Node Type": "Nested Loop", "Parent Relationship": "Outer", "Join Type": "Inner", "Startup Cost": 0.0, "Total Cost": 2604.42, "Plan Rows": 2, "Plan Width": 8, "Inner Unique": true, "Plans": [{"Node Type": "Nested Loop", "Parent Relationship": "Outer", "Join Type": "Inner", "Startup Cost": 0.0, "Total Cost": 2584.29, "Plan Rows": 70, "Plan Width": 12, "Inner Unique": false, "Plans": [{"Node Type": "Nested Loop", "Parent Relationship": "Outer", "Join Type": "Inner", "Startup Cost": 0.0, "Total Cost": 2573.32, "Plan Rows": 33, "Plan Width": 4, "Inner Unique": false, "Plans": [{"Node Type": "Seq Scan", "Parent Relationship": "Outer", "Relation Name": "keyword", "Alias": "k", "Startup Cost": 0.0, "Total Cost": 2436.11, "Plan Rows": 1, "Plan Width": 4, "Filter": "((keyword)::text = 'character-name-in-title'::text)"}, {"Node Type": "Index Scan", "Parent Relationship": "Inner", "Scan Direction": "Forward", "Index Name": "keyword_id_movie_keyword", "Relation Name": "movie_keyword", "Alias": "mk", "Startup Cost": 0.0, "Total Cost": 136.88, "Plan Rows": 33, "Plan Width": 8, "Index Cond": "(keyword_id = k.id)"}]}, {"Node Type": "Index Scan", "Parent Relationship": "Inner", "Scan Direction": "Forward", "Index Name": "movie_id_movie_companies", "Relation Name": "movie_companies", "Alias": "mc", "Startup Cost": 0.0, "Total Cost": 0.31, "Plan Rows": 2, "Plan Width": 8, "Index Cond": "(movie_id = mk.movie_id)"}]}, {"Node Type": "Index Scan", "Parent Relationship": "Inner", "Scan Direction": "Forward", "Index Name": "company_name_pkey", "Relation Name": "company_name", "Alias": "cn", "Startup Cost": 0.0, "Total Cost": 0.28, "Plan Rows": 1, "Plan Width": 4, "Index Cond": "(id = mc.company_id)", "Filter": "((country_code)::text = '[nl]'::text)"}]}, {"Node Type": "Index Scan", "Parent Relationship": "Inner", "Scan Direction": "Forward", "Index Name": "title_pkey", "Relation Name": "title", "Alias": "t", "Startup Cost": 0.0, "Total Cost": 0.31, "Plan Rows": 1, "Plan Width": 21, "Index Cond": "(id = mk.movie_id)"}]}]}, "Unique SQL Id": 2804875951, "Planner Runtime": 8}, "explain_analyze_plan": {"Plan": {"Node Type": "Aggregate", "Strategy": "Plain", "Startup Cost": 2605.07, "Total Cost": 2605.08, "Plan Rows": 1, "Plan Width": 49, "Actual Startup Time": 1003.672, "Actual Total Time": 1003.673, "Actual Rows": 1, "Actual Loops": 1, "Plans": [{"Node Type": "Nested Loop", "Parent Relationship": "Outer", "Join Type": "Inner", "Startup Cost": 0.0, "Total Cost": 2605.07, "Plan Rows": 2, "Plan Width": 17, "Actual Startup Time": 4.721, "Actual Total Time": 1000.415, "Actual Rows": 5228, "Actual Loops": 1, "Inner Unique": true, "Join Filter": "(mc.movie_id = t.id)", "Rows Removed by Join Filter": 0, "Plans": [{"Node Type": "Nested Loop", "Parent Relationship": "Outer", "Join Type": "Inner", "Startup Cost": 0.0, "Total Cost": 2604.42, "Plan Rows": 2, "Plan Width": 8, "Actual Startup Time": 4.708, "Actual Total Time": 973.99, "Actual Rows": 5228, "Actual Loops": 1, "Inner Unique": true, "Plans": [{"Node Type": "Nested Loop", "Parent Relationship": "Outer", "Join Type": "Inner", "Startup Cost": 0.0, "Total Cost": 2584.29, "Plan Rows": 70, "Plan Width": 12, "Actual Startup Time": 1.809, "Actual Total Time": 358.696, "Actual Rows": 148552, "Actual Loops": 1, "Inner Unique": false, "Plans": [{"Node Type": "Nested Loop", "Parent Relationship": "Outer", "Join Type": "Inner", "Startup Cost": 0.0, "Total Cost": 2573.32, "Plan Rows": 33, "Plan Width": 4, "Actual Startup Time": 1.792, "Actual Total Time": 86.929, "Actual Rows": 41840, "Actual Loops": 1, "Inner Unique": false, "Plans": [{"Node Type": "Seq Scan", "Parent Relationship": "Outer", "Relation Name": "keyword", "Alias": "k", "Startup Cost": 0.0, "Total Cost": 2436.11, "Plan Rows": 1, "Plan Width": 4, "Actual Startup Time": 1.768, "Actual Total Time": 41.894, "Actual Rows": 1, "Actual Loops": 1, "Filter": "((keyword)::text = 'character-name-in-title'::text)", "Rows Removed by Filter": 134168}, {"Node Type": "Index Scan", "Parent Relationship": "Inner", "Scan Direction": "Forward", "Index Name": "keyword_id_movie_keyword", "Relation Name": "movie_keyword", "Alias": "mk", "Startup Cost": 0.0, "Total Cost": 136.88, "Plan Rows": 33, "Plan Width": 8, "Actual Startup Time": 0.02, "Actual Total Time": 35.59, "Actual Rows": 41840, "Actual Loops": 1, "Index Cond": "(keyword_id = k.id)", "Rows Removed by Index Recheck": 0}]}, {"Node Type": "Index Scan", "Parent Relationship": "Inner", "Scan Direction": "Forward", "Index Name": "movie_id_movie_companies", "Relation Name": "movie_companies", "Alias": "mc", "Startup Cost": 0.0, "Total Cost": 0.31, "Plan Rows": 2, "Plan Width": 8, "Actual Startup Time": 145.322, "Actual Total Time": 215.961, "Actual Rows": 148552, "Actual Loops": 41840, "Index Cond": "(movie_id = mk.movie_id)", "Rows Removed by Index Recheck": 0}]}, {"Node Type": "Index Scan", "Parent Relationship": "Inner", "Scan Direction": "Forward", "Index Name": "company_name_pkey", "Relation Name": "company_name", "Alias": "cn", "Startup Cost": 0.0, "Total Cost": 0.28, "Plan Rows": 1, "Plan Width": 4, "Actual Startup Time": 543.353, "Actual Total Time": 543.353, "Actual Rows": 5228, "Actual Loops": 148552, "Index Cond": "(id = mc.company_id)", "Rows Removed by Index Recheck": 0, "Filter": "((country_code)::text = '[nl]'::text)", "Rows Removed by Filter": 143324}]}, {"Node Type": "Index Scan", "Parent Relationship": "Inner", "Scan Direction": "Forward", "Index Name": "title_pkey", "Relation Name": "title", "Alias": "t", "Startup Cost": 0.0, "Total Cost": 0.31, "Plan Rows": 1, "Plan Width": 21, "Actual Startup Time": 20.597, "Actual Total Time": 20.597, "Actual Rows": 5228, "Actual Loops": 5228, "Index Cond": "(id = mk.movie_id)", "Rows Removed by Index Recheck": 0}]}]}, "Triggers": [], "Planner Runtime": 10.364, "Total Runtime": 1003.955, "Unique SQL Id": 2804875951}}, "(16, '109')": {"explain_plan": {"Plan": {"Node Type": "Aggregate", "Strategy": "Plain", "Startup Cost": 3351.67, "Total Cost": 3351.68, "Plan Rows": 1, "Plan Width": 49, "Plans": [{"Node Type": "Nested Loop", "Parent Relationship": "Outer", "Join Type": "Inner", "Startup Cost": 0.0, "Total Cost": 3351.67, "Plan Rows": 2, "Plan Width": 17, "Inner Unique": true, "Join Filter": "(mc.movie_id = t.id)", "Plans": [{"Node Type": "Nested Loop", "Parent Relationship": "Outer", "Join Type": "Inner", "Startup Cost": 0.0, "Total Cost": 3351.03, "Plan Rows": 2, "Plan Width": 8, "Inner Unique": true, "Plans": [{"Node Type": "Nested Loop", "Parent Relationship": "Outer", "Join Type": "Inner", "Startup Cost": 0.0, "Total Cost": 3330.89, "Plan Rows": 70, "Plan Width": 12, "Inner Unique": false, "Plans": [{"Node Type": "Nested Loop", "Parent Relationship": "Outer", "Join Type": "Inner", "Startup Cost": 0.0, "Total Cost": 3319.92, "Plan Rows": 33, "Plan Width": 4, "Inner Unique": false, "Plans": [{"Node Type": "Index Scan", "Parent Relationship": "Outer", "Scan Direction": "Forward", "Index Name": "keyword_pkey", "Relation Name": "keyword", "Alias": "k", "Startup Cost": 0.0, "Total Cost": 3182.72, "Plan Rows": 1, "Plan Width": 4, "Filter": "((keyword)::text = 'character-name-in-title'::text)"}, {"Node Type": "Index Scan", "Parent Relationship": "Inner", "Scan Direction": "Forward", "Index Name": "keyword_id_movie_keyword", "Relation Name": "movie_keyword", "Alias": "mk", "Startup Cost": 0.0, "Total Cost": 136.88, "Plan Rows": 33, "Plan Width": 8, "Index Cond": "(keyword_id = k.id)"}]}, {"Node Type": "Index Scan", "Parent Relationship": "Inner", "Scan Direction": "Forward", "Index Name": "movie_id_movie_companies", "Relation Name": "movie_companies", "Alias": "mc", "Startup Cost": 0.0, "Total Cost": 0.31, "Plan Rows": 2, "Plan Width": 8, "Index Cond": "(movie_id = mk.movie_id)"}]}, {"Node Type": "Index Scan", "Parent Relationship": "Inner", "Scan Direction": "Forward", "Index Name": "company_name_pkey", "Relation Name": "company_name", "Alias": "cn", "Startup Cost": 0.0, "Total Cost": 0.28, "Plan Rows": 1, "Plan Width": 4, "Index Cond": "(id = mc.company_id)", "Filter": "((country_code)::text = '[nl]'::text)"}]}, {"Node Type": "Index Scan", "Parent Relationship": "Inner", "Scan Direction": "Forward", "Index Name": "title_pkey", "Relation Name": "title", "Alias": "t", "Startup Cost": 0.0, "Total Cost": 0.31, "Plan Rows": 1, "Plan Width": 21, "Index Cond": "(id = mk.movie_id)"}]}]}, "Unique SQL Id": 2804875951, "Planner Runtime": 7}, "explain_analyze_plan": {"Plan": {"Node Type": "Aggregate", "Strategy": "Plain", "Startup Cost": 3351.67, "Total Cost": 3351.68, "Plan Rows": 1, "Plan Width": 49, "Actual Startup Time": 1115.49, "Actual Total Time": 1115.49, "Actual Rows": 1, "Actual Loops": 1, "Plans": [{"Node Type": "Nested Loop", "Parent Relationship": "Outer", "Join Type": "Inner", "Startup Cost": 0.0, "Total Cost": 3351.67, "Plan Rows": 2, "Plan Width": 17, "Actual Startup Time": 3.24, "Actual Total Time": 1112.359, "Actual Rows": 5228, "Actual Loops": 1, "Inner Unique": true, "Join Filter": "(mc.movie_id = t.id)", "Rows Removed by Join Filter": 0, "Plans": [{"Node Type": "Nested Loop", "Parent Relationship": "Outer", "Join Type": "Inner", "Startup Cost": 0.0, "Total Cost": 3351.03, "Plan Rows": 2, "Plan Width": 8, "Actual Startup Time": 3.226, "Actual Total Time": 1085.159, "Actual Rows": 5228, "Actual Loops": 1, "Inner Unique": true, "Plans": [{"Node Type": "Nested Loop", "Parent Relationship": "Outer", "Join Type": "Inner", "Startup Cost": 0.0, "Total Cost": 3330.89, "Plan Rows": 70, "Plan Width": 12, "Actual Startup Time": 0.236, "Actual Total Time": 447.681, "Actual Rows": 148552, "Actual Loops": 1, "Inner Unique": false, "Plans": [{"Node Type": "Nested Loop", "Parent Relationship": "Outer", "Join Type": "Inner", "Startup Cost": 0.0, "Total Cost": 3319.92, "Plan Rows": 33, "Plan Width": 4, "Actual Startup Time": 0.221, "Actual Total Time": 168.712, "Actual Rows": 41840, "Actual Loops": 1, "Inner Unique": false, "Plans": [{"Node Type": "Index Scan", "Parent Relationship": "Outer", "Scan Direction": "Forward", "Index Name": "keyword_pkey", "Relation Name": "keyword", "Alias": "k", "Startup Cost": 0.0, "Total Cost": 3182.72, "Plan Rows": 1, "Plan Width": 4, "Actual Startup Time": 0.203, "Actual Total Time": 122.802, "Actual Rows": 1, "Actual Loops": 1, "Filter": "((keyword)::text = 'character-name-in-title'::text)", "Rows Removed by Filter": 134168}, {"Node Type": "Index Scan", "Parent Relationship": "Inner", "Scan Direction": "Forward", "Index Name": "keyword_id_movie_keyword", "Relation Name": "movie_keyword", "Alias": "mk", "Startup Cost": 0.0, "Total Cost": 136.88, "Plan Rows": 33, "Plan Width": 8, "Actual Startup Time": 0.013, "Actual Total Time": 36.759, "Actual Rows": 41840, "Actual Loops": 1, "Index Cond": "(keyword_id = k.id)", "Rows Removed by Index Recheck": 0}]}, {"Node Type": "Index Scan", "Parent Relationship": "Inner", "Scan Direction": "Forward", "Index Name": "movie_id_movie_companies", "Relation Name": "movie_companies", "Alias": "mc", "Startup Cost": 0.0, "Total Cost": 0.31, "Plan Rows": 2, "Plan Width": 8, "Actual Startup Time": 150.509, "Actual Total Time": 222.921, "Actual Rows": 148552, "Actual Loops": 41840, "Index Cond": "(movie_id = mk.movie_id)", "Rows Removed by Index Recheck": 0}]}, {"Node Type": "Index Scan", "Parent Relationship": "Inner", "Scan Direction": "Forward", "Index Name": "company_name_pkey", "Relation Name": "company_name", "Alias": "cn", "Startup Cost": 0.0, "Total Cost": 0.28, "Plan Rows": 1, "Plan Width": 4, "Actual Startup Time": 564.52, "Actual Total Time": 564.52, "Actual Rows": 5228, "Actual Loops": 148552, "Index Cond": "(id = mc.company_id)", "Rows Removed by Index Recheck": 0, "Filter": "((country_code)::text = '[nl]'::text)", "Rows Removed by Filter": 143324}]}, {"Node Type": "Index Scan", "Parent Relationship": "Inner", "Scan Direction": "Forward", "Index Name": "title_pkey", "Relation Name": "title", "Alias": "t", "Startup Cost": 0.0, "Total Cost": 0.31, "Plan Rows": 1, "Plan Width": 21, "Actual Startup Time": 21.443, "Actual Total Time": 21.443, "Actual Rows": 5228, "Actual Loops": 5228, "Index Cond": "(id = mk.movie_id)", "Rows Removed by Index Recheck": 0}]}]}, "Triggers": [], "Planner Runtime": 9.9, "Total Runtime": 1115.761, "Unique SQL Id": 2804875951}}, "(16, '110')": {"explain_plan": {"Plan": {"Node Type": "Aggregate", "Strategy": "Plain", "Startup Cost": 110556.13, "Total Cost": 110556.15, "Plan Rows": 1, "Plan Width": 49, "Plans": [{"Node Type": "Streaming(type: LOCAL GATHER dop: 1/16)", "Parent Relationship": "Outer", "Startup Cost": 110556.13, "Total Cost": 110556.15, "Plan Rows": 1, "Plan Width": 49, "Plans": [{"Node Type": "Aggregate", "Strategy": "Plain", "Parent Relationship": "Outer", "Startup Cost": 110556.13, "Total Cost": 110556.14, "Plan Rows": 1, "Plan Width": 49, "Plans": [{"Node Type": "Hash Join", "Parent Relationship": "Outer", "Join Type": "Inner", "Startup Cost": 91209.23, "Total Cost": 110556.13, "Plan Rows": 2, "Plan Width": 17, "Inner Unique": false, "Hash Cond": "(t.id = mc.movie_id)", "Plans": [{"Node Type": "Seq Scan", "Parent Relationship": "Outer", "Relation Name": "title", "Alias": "t", "Startup Cost": 0.0, "Total Cost": 18754.32, "Plan Rows": 2528311, "Plan Width": 21}, {"Node Type": "Hash", "Parent Relationship": "Inner", "Startup Cost": 91209.2, "Total Cost": 91209.2, "Plan Rows": 32, "Plan Width": 8, "Plans": [{"Node Type": "Streaming(type: BROADCAST dop: 16/1)", "Parent Relationship": "Outer", "Startup Cost": 57980.91, "Total Cost": 91209.2, "Plan Rows": 32, "Plan Width": 8, "Plans": [{"Node Type": "Hash Join", "Parent Relationship": "Outer", "Join Type": "Inner", "Startup Cost": 57980.91, "Total Cost": 76208.51, "Plan Rows": 2, "Plan Width": 8, "Inner Unique": true, "Hash Cond": "(mc.company_id = cn.id)", "Plans": [{"Node Type": "Streaming(type: LOCAL GATHER dop: 1/16)", "Parent Relationship": "Outer", "Startup Cost": 52049.46, "Total Cost": 70276.1, "Plan Rows": 70, "Plan Width": 12, "Plans": [{"Node Type": "Hash Join", "Parent Relationship": "Outer", "Join Type": "Inner", "Startup Cost": 52049.46, "Total Cost": 70274.59, "Plan Rows": 70, "Plan Width": 12, "Inner Unique": false, "Hash Cond": "(mc.movie_id = mk.movie_id)", "Plans": [{"Node Type": "Seq Scan", "Parent Relationship": "Outer", "Relation Name": "movie_companies", "Alias": "mc", "Startup Cost": 0.0, "Total Cost": 17613.58, "Plan Rows": 2609128, "Plan Width": 8}, {"Node Type": "Hash", "Parent Relationship": "Inner", "Startup Cost": 52049.04, "Total Cost": 52049.04, "Plan Rows": 528, "Plan Width": 4, "Plans": [{"Node Type": "Streaming(type: BROADCAST dop: 16/16)", "Parent Relationship": "Outer", "Startup Cost": 17436.47, "Total Cost": 52049.04, "Plan Rows": 528, "Plan Width": 4, "Plans": [{"Node Type": "Hash Join", "Parent Relationship": "Outer", "Join Type": "Inner", "Startup Cost": 17436.47, "Total Cost": 37047.7, "Plan Rows": 33, "Plan Width": 4, "Inner Unique": true, "Hash Cond": "(mk.keyword_id = k.id)", "Plans": [{"Node Type": "Seq Scan", "Parent Relationship": "Outer", "Relation Name": "movie_keyword", "Alias": "mk", "Startup Cost": 0.0, "Total Cost": 18902.58, "Plan Rows": 4523929, "Plan Width": 8}, {"Node Type": "Hash", "Parent Relationship": "Inner", "Startup Cost": 17436.46, "Total Cost": 17436.46, "Plan Rows": 16, "Plan Width": 4, "Plans": [{"Node Type": "Streaming(type: BROADCAST dop: 16/1)", "Parent Relationship": "Outer", "Startup Cost": 0.0, "Total Cost": 17436.46, "Plan Rows": 16, "Plan Width": 4, "Plans": [{"Node Type": "Seq Scan", "Parent Relationship": "Outer", "Relation Name": "keyword", "Alias": "k", "Startup Cost": 0.0, "Total Cost": 2436.11, "Plan Rows": 1, "Plan Width": 4, "Filter": "((keyword)::text = 'character-name-in-title'::text)"}]}]}]}]}]}]}]}, {"Node Type": "Hash", "Parent Relationship": "Inner", "Startup Cost": 5903.45, "Total Cost": 5903.45, "Plan Rows": 2240, "Plan Width": 4, "Plans": [{"Node Type": "Seq Scan", "Parent Relationship": "Outer", "Relation Name": "company_name", "Alias": "cn", "Startup Cost": 0.0, "Total Cost": 5903.45, "Plan Rows": 2240, "Plan Width": 4, "Filter": "((country_code)::text = '[nl]'::text)"}]}]}]}]}]}]}]}]}, "Unique SQL Id": 2804875951, "Planner Runtime": 26}, "explain_analyze_plan": {"Plan": {"Node Type": "Aggregate", "Strategy": "Plain", "Startup Cost": 110556.13, "Total Cost": 110556.15, "Plan Rows": 1, "Plan Width": 49, "Actual Min Startup Time": 555.882, "Actual Max Startup Time": 555.882, "Actual Min Total Time": 555.882, "Actual Max Total Time": 555.882, "Plans": [{"Node Type": "Streaming(type: LOCAL GATHER dop: 1/16)", "Parent Relationship": "Outer", "Startup Cost": 110556.13, "Total Cost": 110556.15, "Plan Rows": 1, "Plan Width": 49, "Actual Min Startup Time": 545.82, "Actual Max Startup Time": 545.82, "Actual Min Total Time": 555.85, "Actual Max Total Time": 555.85, "Plans": [{"Node Type": "Aggregate", "Strategy": "Plain", "Parent Relationship": "Outer", "Startup Cost": 110556.13, "Total Cost": 110556.14, "Plan Rows": 1, "Plan Width": 49, "Actual Min Startup Time": 409.279, "Actual Max Startup Time": 440.627, "Actual Min Total Time": 409.279, "Actual Max Total Time": 440.628, "Plans": [{"Node Type": "Hash Join", "Parent Relationship": "Outer", "Join Type": "Inner", "Startup Cost": 91209.23, "Total Cost": 110556.13, "Plan Rows": 2, "Plan Width": 17, "Actual Min Startup Time": 338.095, "Actual Max Startup Time": 377.459, "Actual Min Total Time": 409.133, "Actual Max Total Time": 440.447, "Inner Unique": false, "Hash Cond": "(t.id = mc.movie_id)", "Plans": [{"Node Type": "Seq Scan", "Parent Relationship": "Outer", "Relation Name": "title", "Alias": "t", "Startup Cost": 0.0, "Total Cost": 18754.32, "Plan Rows": 2528311, "Plan Width": 21, "Actual Min Startup Time": 0.042, "Actual Max Startup Time": 0.06, "Actual Min Total Time": 38.991, "Actual Max Total Time": 45.434, "Actual Rows": 2528311}, {"Node Type": "Hash", "Parent Relationship": "Inner", "Startup Cost": 91209.2, "Total Cost": 91209.2, "Plan Rows": 32, "Plan Width": 8, "Actual Min Startup Time": 337.495, "Actual Max Startup Time": 375.373, "Actual Min Total Time": 337.495, "Actual Max Total Time": 375.373, "Max Hash Buckets": 32768, "Min Hash Buckets": 32768, "Max Hash Batches": 1, "Min Hash Batches": 1, "Max Original Hash Batches": 1, "Min Original Hash Batches": 1, "Max Peak Memory Usage": 205, "min Peak Memory Usage": 205, "Plans": [{"Node Type": "Streaming(type: BROADCAST dop: 16/1)", "Parent Relationship": "Outer", "Startup Cost": 57980.91, "Total Cost": 91209.2, "Plan Rows": 32, "Plan Width": 8, "Actual Min Startup Time": 167.45, "Actual Max Startup Time": 205.294, "Actual Min Total Time": 335.571, "Actual Max Total Time": 374.079, "Plans": [{"Node Type": "Hash Join", "Parent Relationship": "Outer", "Join Type": "Inner", "Startup Cost": 57980.91, "Total Cost": 76208.51, "Plan Rows": 2, "Plan Width": 8, "Actual Min Startup Time": 217.039, "Actual Max Startup Time": 217.039, "Actual Min Total Time": 333.497, "Actual Max Total Time": 333.497, "Inner Unique": true, "Hash Cond": "(mc.company_id = cn.id)", "Plans": [{"Node Type": "Streaming(type: LOCAL GATHER dop: 1/16)", "Parent Relationship": "Outer", "Startup Cost": 52049.46, "Total Cost": 70276.1, "Plan Rows": 70, "Plan Width": 12, "Actual Min Startup Time": 136.008, "Actual Max Startup Time": 136.008, "Actual Min Total Time": 226.398, "Actual Max Total Time": 226.398, "Plans": [{"Node Type": "Hash Join", "Parent Relationship": "Outer", "Join Type": "Inner", "Startup Cost": 52049.46, "Total Cost": 70274.59, "Plan Rows": 70, "Plan Width": 12, "Actual Min Startup Time": 163.703, "Actual Max Startup Time": 215.019, "Actual Min Total Time": 239.512, "Actual Max Total Time": 292.436, "Inner Unique": false, "Hash Cond": "(mc.movie_id = mk.movie_id)", "Plans": [{"Node Type": "Seq Scan", "Parent Relationship": "Outer", "Relation Name": "movie_companies", "Alias": "mc", "Startup Cost": 0.0, "Total Cost": 17613.58, "Plan Rows": 2609128, "Plan Width": 8, "Actual Min Startup Time": 0.049, "Actual Max Startup Time": 0.07, "Actual Min Total Time": 34.911, "Actual Max Total Time": 40.904, "Actual Rows": 2609128}, {"Node Type": "Hash", "Parent Relationship": "Inner", "Startup Cost": 52049.04, "Total Cost": 52049.04, "Plan Rows": 528, "Plan Width": 4, "Actual Min Startup Time": 163.472, "Actual Max Startup Time": 214.818, "Actual Min Total Time": 163.472, "Actual Max Total Time": 214.818, "Max Hash Buckets": 32768, "Min Hash Buckets": 32768, "Max Hash Batches": 1, "Min Hash Batches": 1, "Max Original Hash Batches": 1, "Min Original Hash Batches": 1, "Max Peak Memory Usage": 1471, "min Peak Memory Usage": 1471, "Plans": [{"Node Type": "Streaming(type: BROADCAST dop: 16/16)", "Parent Relationship": "Outer", "Startup Cost": 17436.47, "Total Cost": 52049.04, "Plan Rows": 528, "Plan Width": 4, "Actual Min Startup Time": 0.064, "Actual Max Startup Time": 0.138, "Actual Min Total Time": 148.637, "Actual Max Total Time": 204.884, "Plans": [{"Node Type": "Hash Join", "Parent Relationship": "Outer", "Join Type": "Inner", "Startup Cost": 17436.47, "Total Cost": 37047.7, "Plan Rows": 33, "Plan Width": 4, "Actual Min Startup Time": 0.146, "Actual Max Startup Time": 15.438, "Actual Min Total Time": 107.91, "Actual Max Total Time": 135.924, "Inner Unique": true, "Hash Cond": "(mk.keyword_id = k.id)", "Plans": [{"Node Type": "Seq Scan", "Parent Relationship": "Outer", "Relation Name": "movie_keyword", "Alias": "mk", "Startup Cost": 0.0, "Total Cost": 18902.58, "Plan Rows": 4523929, "Plan Width": 8, "Actual Min Startup Time": 0.059, "Actual Max Startup Time": 0.079, "Actual Min Total Time": 60.198, "Actual Max Total Time": 67.159, "Actual Rows": 4523929}, {"Node Type": "Hash", "Parent Relationship": "Inner", "Startup Cost": 17436.46, "Total Cost": 17436.46, "Plan Rows": 16, "Plan Width": 4, "Actual Min Startup Time": 0.015, "Actual Max Startup Time": 15.232, "Actual Min Total Time": 0.015, "Actual Max Total Time": 15.232, "Max Hash Buckets": 32768, "Min Hash Buckets": 32768, "Max Hash Batches": 1, "Min Hash Batches": 1, "Max Original Hash Batches": 1, "Min Original Hash Batches": 1, "Max Peak Memory Usage": 1, "min Peak Memory Usage": 1, "Plans": [{"Node Type": "Streaming(type: BROADCAST dop: 16/1)", "Parent Relationship": "Outer", "Startup Cost": 0.0, "Total Cost": 17436.46, "Plan Rows": 16, "Plan Width": 4, "Actual Min Startup Time": 0.003, "Actual Max Startup Time": 15.217, "Actual Min Total Time": 0.004, "Actual Max Total Time": 15.218, "Plans": [{"Node Type": "Seq Scan", "Parent Relationship": "Outer", "Relation Name": "keyword", "Alias": "k", "Startup Cost": 0.0, "Total Cost": 2436.11, "Plan Rows": 1, "Plan Width": 4, "Actual Min Startup Time": 1.892, "Actual Max Startup Time": 1.892, "Actual Min Total Time": 43.326, "Actual Max Total Time": 43.326, "Filter": "((keyword)::text = 'character-name-in-title'::text)", "Rows Removed by Filter": 134168, "Actual Rows": 1}], "Actual Rows": 16}], "Actual Rows": 16}], "Actual Rows": 41840}], "Actual Rows": 669440}], "Actual Rows": 669440}], "Actual Rows": 148552}], "Actual Rows": 148552}, {"Node Type": "Hash", "Parent Relationship": "Inner", "Startup Cost": 5903.45, "Total Cost": 5903.45, "Plan Rows": 2240, "Plan Width": 4, "Actual Min Startup Time": 80.94, "Actual Max Startup Time": 80.94, "Actual Min Total Time": 80.94, "Actual Max Total Time": 80.94, "Max Hash Buckets": 32768, "Min Hash Buckets": 32768, "Max Hash Batches": 1, "Min Hash Batches": 1, "Max Original Hash Batches": 1, "Min Original Hash Batches": 1, "Max Peak Memory Usage": 83, "min Peak Memory Usage": 83, "Plans": [{"Node Type": "Seq Scan", "Parent Relationship": "Outer", "Relation Name": "company_name", "Alias": "cn", "Startup Cost": 0.0, "Total Cost": 5903.45, "Plan Rows": 2240, "Plan Width": 4, "Actual Min Startup Time": 0.068, "Actual Max Startup Time": 0.068, "Actual Min Total Time": 80.137, "Actual Max Total Time": 80.137, "Filter": "((country_code)::text = '[nl]'::text)", "Rows Removed by Filter": 232656, "Actual Rows": 2340}], "Actual Rows": 2340}], "Actual Rows": 5228}], "Actual Rows": 83648}], "Actual Rows": 83648}], "Actual Rows": 5228}], "Actual Rows": 16}], "Actual Rows": 16}], "Actual Rows": 1}, "Triggers": [], "Planner Runtime": 26.454, "Total Runtime": 568.971, "Unique SQL Id": 2804875951}}, "(16, '111')": {"explain_plan": {"Plan": {"Node Type": "Aggregate", "Strategy": "Plain", "Startup Cost": 5000024803243.6, "Total Cost": 5000024803243.61, "Plan Rows": 1, "Plan Width": 49, "Plans": [{"Node Type": "Hash Join", "Parent Relationship": "Outer", "Join Type": "Inner", "Startup Cost": 3020024471717.3, "Total Cost": 5000024803243.6, "Plan Rows": 2, "Plan Width": 17, "Inner Unique": true, "Hash Cond": "(mc.movie_id = t.id)", "Plans": [{"Node Type": "Hash Join", "Parent Relationship": "Outer", "Join Type": "Inner", "Startup Cost": 2020013428064.5, "Total Cost": 4000013759590.77, "Plan Rows": 2, "Plan Width": 8, "Inner Unique": false, "Hash Cond": "(mk.movie_id = mc.movie_id)", "Plans": [{"Node Type": "Nested Loop", "Parent Relationship": "Outer", "Join Type": "Inner", "Startup Cost": 20000000004.51, "Total Cost": 2000000331530.23, "Plan Rows": 33, "Plan Width": 4, "Inner Unique": false, "Plans": [{"Node Type": "Index Scan", "Parent Relationship": "Outer", "Scan Direction": "Forward", "Index Name": "keyword_pkey", "Relation Name": "keyword", "Alias": "k", "Startup Cost": 10000000000.0, "Total Cost": 1000000318271.68, "Plan Rows": 1, "Plan Width": 4, "Filter": "((keyword)::text = 'character-name-in-title'::text)"}, {"Node Type": "Bitmap Heap Scan", "Parent Relationship": "Inner", "Relation Name": "movie_keyword", "Alias": "mk", "Startup Cost": 10000000004.51, "Total Cost": 1000000013258.21, "Plan Rows": 33, "Plan Width": 8, "Recheck Cond": "(keyword_id = k.id)", "Plans": [{"Node Type": "Bitmap Index Scan", "Parent Relationship": "Outer", "Index Name": "keyword_id_movie_keyword", "Startup Cost": 0.0, "Total Cost": 4.5, "Plan Rows": 33, "Plan Width": 0, "Index Cond": "(keyword_id = k.id)"}]}]}, {"Node Type": "Hash", "Parent Relationship": "Inner", "Startup Cost": 2000013427638.43, "Total Cost": 2000013427638.43, "Plan Rows": 33725, "Plan Width": 4, "Plans": [{"Node Type": "Hash Join", "Parent Relationship": "Outer", "Join Type": "Inner", "Startup Cost": 1010001050166.97, "Total Cost": 2000013427638.43, "Plan Rows": 33725, "Plan Width": 4, "Inner Unique": true, "Hash Cond": "(mc.company_id = cn.id)", "Plans": [{"Node Type": "Index Scan", "Parent Relationship": "Outer", "Scan Direction": "Forward", "Index Name": "company_id_movie_companies", "Relation Name": "movie_companies", "Alias": "mc", "Startup Cost": 10000000000.0, "Total Cost": 1000012367349.98, "Plan Rows": 2609128, "Plan Width": 8}, {"Node Type": "Hash", "Parent Relationship": "Inner", "Startup Cost": 1000001050138.97, "Total Cost": 1000001050138.97, "Plan Rows": 2240, "Plan Width": 4, "Plans": [{"Node Type": "Index Scan", "Parent Relationship": "Outer", "Scan Direction": "Forward", "Index Name": "company_name_pkey", "Relation Name": "company_name", "Alias": "cn", "Startup Cost": 10000000000.0, "Total Cost": 1000001050138.97, "Plan Rows": 2240, "Plan Width": 4, "Filter": "((country_code)::text = '[nl]'::text)"}]}]}]}]}, {"Node Type": "Hash", "Parent Relationship": "Inner", "Startup Cost": 1000011012048.91, "Total Cost": 1000011012048.91, "Plan Rows": 2528311, "Plan Width": 21, "Plans": [{"Node Type": "Index Scan", "Parent Relationship": "Outer", "Scan Direction": "Forward", "Index Name": "title_pkey", "Relation Name": "title", "Alias": "t", "Startup Cost": 10000000000.0, "Total Cost": 1000011012048.91, "Plan Rows": 2528311, "Plan Width": 21}]}]}]}, "Unique SQL Id": 2804875951, "Planner Runtime": 8}, "explain_analyze_plan": null}, "(16, '112')": {"explain_plan": {"Plan": {"Node Type": "Aggregate", "Strategy": "Plain", "Startup Cost": 2600.78, "Total Cost": 2600.79, "Plan Rows": 1, "Plan Width": 49, "Plans": [{"Node Type": "Nested Loop", "Parent Relationship": "Outer", "Join Type": "Inner", "Startup Cost": 4.51, "Total Cost": 2600.77, "Plan Rows": 2, "Plan Width": 17, "Inner Unique": true, "Join Filter": "(mc.movie_id = t.id)", "Plans": [{"Node Type": "Nested Loop", "Parent Relationship": "Outer", "Join Type": "Inner", "Startup Cost": 4.51, "Total Cost": 2600.13, "Plan Rows": 2, "Plan Width": 8, "Inner Unique": true, "Plans": [{"Node Type": "Nested Loop", "Parent Relationship": "Outer", "Join Type": "Inner", "Startup Cost": 4.51, "Total Cost": 2579.99, "Plan Rows": 70, "Plan Width": 12, "Inner Unique": false, "Plans": [{"Node Type": "Nested Loop", "Parent Relationship": "Outer", "Join Type": "Inner", "Startup Cost": 4.51, "Total Cost": 2569.02, "Plan Rows": 33, "Plan Width": 4, "Inner Unique": false, "Plans": [{"Node Type": "Seq Scan", "Parent Relationship": "Outer", "Relation Name": "keyword", "Alias": "k", "Startup Cost": 0.0, "Total Cost": 2436.11, "Plan Rows": 1, "Plan Width": 4, "Filter": "((keyword)::text = 'character-name-in-title'::text)"}, {"Node Type": "Bitmap Heap Scan", "Parent Relationship": "Inner", "Relation Name": "movie_keyword", "Alias": "mk", "Startup Cost": 4.51, "Total Cost": 132.58, "Plan Rows": 33, "Plan Width": 8, "Recheck Cond": "(keyword_id = k.id)", "Plans": [{"Node Type": "Bitmap Index Scan", "Parent Relationship": "Outer", "Index Name": "keyword_id_movie_keyword", "Startup Cost": 0.0, "Total Cost": 4.5, "Plan Rows": 33, "Plan Width": 0, "Index Cond": "(keyword_id = k.id)"}]}]}, {"Node Type": "Index Scan", "Parent Relationship": "Inner", "Scan Direction": "Forward", "Index Name": "movie_id_movie_companies", "Relation Name": "movie_companies", "Alias": "mc", "Startup Cost": 0.0, "Total Cost": 0.31, "Plan Rows": 2, "Plan Width": 8, "Index Cond": "(movie_id = mk.movie_id)"}]}, {"Node Type": "Index Scan", "Parent Relationship": "Inner", "Scan Direction": "Forward", "Index Name": "company_name_pkey", "Relation Name": "company_name", "Alias": "cn", "Startup Cost": 0.0, "Total Cost": 0.28, "Plan Rows": 1, "Plan Width": 4, "Index Cond": "(id = mc.company_id)", "Filter": "((country_code)::text = '[nl]'::text)"}]}, {"Node Type": "Index Scan", "Parent Relationship": "Inner", "Scan Direction": "Forward", "Index Name": "title_pkey", "Relation Name": "title", "Alias": "t", "Startup Cost": 0.0, "Total Cost": 0.31, "Plan Rows": 1, "Plan Width": 21, "Index Cond": "(id = mk.movie_id)"}]}]}, "Unique SQL Id": 2804875951, "Planner Runtime": 2}, "explain_analyze_plan": {"Plan": {"Node Type": "Aggregate", "Strategy": "Plain", "Startup Cost": 2600.78, "Total Cost": 2600.79, "Plan Rows": 1, "Plan Width": 49, "Actual Startup Time": 1042.053, "Actual Total Time": 1042.053, "Actual Rows": 1, "Actual Loops": 1, "Plans": [{"Node Type": "Nested Loop", "Parent Relationship": "Outer", "Join Type": "Inner", "Startup Cost": 4.51, "Total Cost": 2600.77, "Plan Rows": 2, "Plan Width": 17, "Actual Startup Time": 15.009, "Actual Total Time": 1039.002, "Actual Rows": 5228, "Actual Loops": 1, "Inner Unique": true, "Join Filter": "(mc.movie_id = t.id)", "Rows Removed by Join Filter": 0, "Plans": [{"Node Type": "Nested Loop", "Parent Relationship": "Outer", "Join Type": "Inner", "Startup Cost": 4.51, "Total Cost": 2600.13, "Plan Rows": 2, "Plan Width": 8, "Actual Startup Time": 14.993, "Actual Total Time": 1010.698, "Actual Rows": 5228, "Actual Loops": 1, "Inner Unique": true, "Plans": [{"Node Type": "Nested Loop", "Parent Relationship": "Outer", "Join Type": "Inner", "Startup Cost": 4.51, "Total Cost": 2579.99, "Plan Rows": 70, "Plan Width": 12, "Actual Startup Time": 11.933, "Actual Total Time": 388.31, "Actual Rows": 148552, "Actual Loops": 1, "Inner Unique": false, "Plans": [{"Node Type": "Nested Loop", "Parent Relationship": "Outer", "Join Type": "Inner", "Startup Cost": 4.51, "Total Cost": 2569.02, "Plan Rows": 33, "Plan Width": 4, "Actual Startup Time": 11.905, "Actual Total Time": 101.867, "Actual Rows": 41840, "Actual Loops": 1, "Inner Unique": false, "Plans": [{"Node Type": "Seq Scan", "Parent Relationship": "Outer", "Relation Name": "keyword", "Alias": "k", "Startup Cost": 0.0, "Total Cost": 2436.11, "Plan Rows": 1, "Plan Width": 4, "Actual Startup Time": 1.829, "Actual Total Time": 42.003, "Actual Rows": 1, "Actual Loops": 1, "Filter": "((keyword)::text = 'character-name-in-title'::text)", "Rows Removed by Filter": 134168}, {"Node Type": "Bitmap Heap Scan", "Parent Relationship": "Inner", "Relation Name": "movie_keyword", "Alias": "mk", "Startup Cost": 4.51, "Total Cost": 132.58, "Plan Rows": 33, "Plan Width": 8, "Actual Startup Time": 10.069, "Actual Total Time": 51.314, "Actual Rows": 41840, "Actual Loops": 1, "Recheck Cond": "(keyword_id = k.id)", "Rows Removed by Index Recheck": 0, "Exact Heap Blocks": 9702, "Lossy Heap Blocks": 9702, "Plans": [{"Node Type": "Bitmap Index Scan", "Parent Relationship": "Outer", "Index Name": "keyword_id_movie_keyword", "Startup Cost": 0.0, "Total Cost": 4.5, "Plan Rows": 33, "Plan Width": 0, "Actual Startup Time": 8.236, "Actual Total Time": 8.236, "Actual Rows": 41840, "Actual Loops": 1, "Index Cond": "(keyword_id = k.id)"}]}]}, {"Node Type": "Index Scan", "Parent Relationship": "Inner", "Scan Direction": "Forward", "Index Name": "movie_id_movie_companies", "Relation Name": "movie_companies", "Alias": "mc", "Startup Cost": 0.0, "Total Cost": 0.31, "Plan Rows": 2, "Plan Width": 8, "Actual Startup Time": 155.322, "Actual Total Time": 230.57, "Actual Rows": 148552, "Actual Loops": 41840, "Index Cond": "(movie_id = mk.movie_id)", "Rows Removed by Index Recheck": 0}]}, {"Node Type": "Index Scan", "Parent Relationship": "Inner", "Scan Direction": "Forward", "Index Name": "company_name_pkey", "Relation Name": "company_name", "Alias": "cn", "Startup Cost": 0.0, "Total Cost": 0.28, "Plan Rows": 1, "Plan Width": 4, "Actual Startup Time": 550.613, "Actual Total Time": 550.613, "Actual Rows": 5228, "Actual Loops": 148552, "Index Cond": "(id = mc.company_id)", "Rows Removed by Index Recheck": 0, "Filter": "((country_code)::text = '[nl]'::text)", "Rows Removed by Filter": 143324}]}, {"Node Type": "Index Scan", "Parent Relationship": "Inner", "Scan Direction": "Forward", "Index Name": "title_pkey", "Relation Name": "title", "Alias": "t", "Startup Cost": 0.0, "Total Cost": 0.31, "Plan Rows": 1, "Plan Width": 21, "Actual Startup Time": 22.709, "Actual Total Time": 22.709, "Actual Rows": 5228, "Actual Loops": 5228, "Index Cond": "(id = mk.movie_id)", "Rows Removed by Index Recheck": 0}]}]}, "Triggers": [], "Planner Runtime": 10.46, "Total Runtime": 1042.518, "Unique SQL Id": 2804875951}}, "(16, '113')": {"explain_plan": {"Plan": {"Node Type": "Aggregate", "Strategy": "Plain", "Startup Cost": 3347.38, "Total Cost": 3347.39, "Plan Rows": 1, "Plan Width": 49, "Plans": [{"Node Type": "Nested Loop", "Parent Relationship": "Outer", "Join Type": "Inner", "Startup Cost": 4.51, "Total Cost": 3347.38, "Plan Rows": 2, "Plan Width": 17, "Inner Unique": true, "Join Filter": "(mc.movie_id = t.id)", "Plans": [{"Node Type": "Nested Loop", "Parent Relationship": "Outer", "Join Type": "Inner", "Startup Cost": 4.51, "Total Cost": 3346.73, "Plan Rows": 2, "Plan Width": 8, "Inner Unique": true, "Plans": [{"Node Type": "Nested Loop", "Parent Relationship": "Outer", "Join Type": "Inner", "Startup Cost": 4.51, "Total Cost": 3326.6, "Plan Rows": 70, "Plan Width": 12, "Inner Unique": false, "Plans": [{"Node Type": "Nested Loop", "Parent Relationship": "Outer", "Join Type": "Inner", "Startup Cost": 4.51, "Total Cost": 3315.63, "Plan Rows": 33, "Plan Width": 4, "Inner Unique": false, "Plans": [{"Node Type": "Index Scan", "Parent Relationship": "Outer", "Scan Direction": "Forward", "Index Name": "keyword_pkey", "Relation Name": "keyword", "Alias": "k", "Startup Cost": 0.0, "Total Cost": 3182.72, "Plan Rows": 1, "Plan Width": 4, "Filter": "((keyword)::text = 'character-name-in-title'::text)"}, {"Node Type": "Bitmap Heap Scan", "Parent Relationship": "Inner", "Relation Name": "movie_keyword", "Alias": "mk", "Startup Cost": 4.51, "Total Cost": 132.58, "Plan Rows": 33, "Plan Width": 8, "Recheck Cond": "(keyword_id = k.id)", "Plans": [{"Node Type": "Bitmap Index Scan", "Parent Relationship": "Outer", "Index Name": "keyword_id_movie_keyword", "Startup Cost": 0.0, "Total Cost": 4.5, "Plan Rows": 33, "Plan Width": 0, "Index Cond": "(keyword_id = k.id)"}]}]}, {"Node Type": "Index Scan", "Parent Relationship": "Inner", "Scan Direction": "Forward", "Index Name": "movie_id_movie_companies", "Relation Name": "movie_companies", "Alias": "mc", "Startup Cost": 0.0, "Total Cost": 0.31, "Plan Rows": 2, "Plan Width": 8, "Index Cond": "(movie_id = mk.movie_id)"}]}, {"Node Type": "Index Scan", "Parent Relationship": "Inner", "Scan Direction": "Forward", "Index Name": "company_name_pkey", "Relation Name": "company_name", "Alias": "cn", "Startup Cost": 0.0, "Total Cost": 0.28, "Plan Rows": 1, "Plan Width": 4, "Index Cond": "(id = mc.company_id)", "Filter": "((country_code)::text = '[nl]'::text)"}]}, {"Node Type": "Index Scan", "Parent Relationship": "Inner", "Scan Direction": "Forward", "Index Name": "title_pkey", "Relation Name": "title", "Alias": "t", "Startup Cost": 0.0, "Total Cost": 0.31, "Plan Rows": 1, "Plan Width": 21, "Index Cond": "(id = mk.movie_id)"}]}]}, "Unique SQL Id": 2804875951, "Planner Runtime": 2}, "explain_analyze_plan": {"Plan": {"Node Type": "Aggregate", "Strategy": "Plain", "Startup Cost": 3347.38, "Total Cost": 3347.39, "Plan Rows": 1, "Plan Width": 49, "Actual Startup Time": 1183.532, "Actual Total Time": 1183.533, "Actual Rows": 1, "Actual Loops": 1, "Plans": [{"Node Type": "Nested Loop", "Parent Relationship": "Outer", "Join Type": "Inner", "Startup Cost": 4.51, "Total Cost": 3347.38, "Plan Rows": 2, "Plan Width": 17, "Actual Startup Time": 13.942, "Actual Total Time": 1180.637, "Actual Rows": 5228, "Actual Loops": 1, "Inner Unique": true, "Join Filter": "(mc.movie_id = t.id)", "Rows Removed by Join Filter": 0, "Plans": [{"Node Type": "Nested Loop", "Parent Relationship": "Outer", "Join Type": "Inner", "Startup Cost": 4.51, "Total Cost": 3346.73, "Plan Rows": 2, "Plan Width": 8, "Actual Startup Time": 13.922, "Actual Total Time": 1148.172, "Actual Rows": 5228, "Actual Loops": 1, "Inner Unique": true, "Plans": [{"Node Type": "Nested Loop", "Parent Relationship": "Outer", "Join Type": "Inner", "Startup Cost": 4.51, "Total Cost": 3326.6, "Plan Rows": 70, "Plan Width": 12, "Actual Startup Time": 10.495, "Actual Total Time": 511.238, "Actual Rows": 148552, "Actual Loops": 1, "Inner Unique": false, "Plans": [{"Node Type": "Nested Loop", "Parent Relationship": "Outer", "Join Type": "Inner", "Startup Cost": 4.51, "Total Cost": 3315.63, "Plan Rows": 33, "Plan Width": 4, "Actual Startup Time": 10.465, "Actual Total Time": 196.622, "Actual Rows": 41840, "Actual Loops": 1, "Inner Unique": false, "Plans": [{"Node Type": "Index Scan", "Parent Relationship": "Outer", "Scan Direction": "Forward", "Index Name": "keyword_pkey", "Relation Name": "keyword", "Alias": "k", "Startup Cost": 0.0, "Total Cost": 3182.72, "Plan Rows": 1, "Plan Width": 4, "Actual Startup Time": 0.292, "Actual Total Time": 125.899, "Actual Rows": 1, "Actual Loops": 1, "Filter": "((keyword)::text = 'character-name-in-title'::text)", "Rows Removed by Filter": 134168}, {"Node Type": "Bitmap Heap Scan", "Parent Relationship": "Inner", "Relation Name": "movie_keyword", "Alias": "mk", "Startup Cost": 4.51, "Total Cost": 132.58, "Plan Rows": 33, "Plan Width": 8, "Actual Startup Time": 10.166, "Actual Total Time": 61.96, "Actual Rows": 41840, "Actual Loops": 1, "Recheck Cond": "(keyword_id = k.id)", "Rows Removed by Index Recheck": 0, "Exact Heap Blocks": 9702, "Lossy Heap Blocks": 9702, "Plans": [{"Node Type": "Bitmap Index Scan", "Parent Relationship": "Outer", "Index Name": "keyword_id_movie_keyword", "Startup Cost": 0.0, "Total Cost": 4.5, "Plan Rows": 33, "Plan Width": 0, "Actual Startup Time": 8.352, "Actual Total Time": 8.352, "Actual Rows": 41840, "Actual Loops": 1, "Index Cond": "(keyword_id = k.id)"}]}]}, {"Node Type": "Index Scan", "Parent Relationship": "Inner", "Scan Direction": "Forward", "Index Name": "movie_id_movie_companies", "Relation Name": "movie_companies", "Alias": "mc", "Startup Cost": 0.0, "Total Cost": 0.31, "Plan Rows": 2, "Plan Width": 8, "Actual Startup Time": 176.45, "Actual Total Time": 259.319, "Actual Rows": 148552, "Actual Loops": 41840, "Index Cond": "(movie_id = mk.movie_id)", "Rows Removed by Index Recheck": 0}]}, {"Node Type": "Index Scan", "Parent Relationship": "Inner", "Scan Direction": "Forward", "Index Name": "company_name_pkey", "Relation Name": "company_name", "Alias": "cn", "Startup Cost": 0.0, "Total Cost": 0.28, "Plan Rows": 1, "Plan Width": 4, "Actual Startup Time": 563.789, "Actual Total Time": 563.789, "Actual Rows": 5228, "Actual Loops": 148552, "Index Cond": "(id = mc.company_id)", "Rows Removed by Index Recheck": 0, "Filter": "((country_code)::text = '[nl]'::text)", "Rows Removed by Filter": 143324}]}, {"Node Type": "Index Scan", "Parent Relationship": "Inner", "Scan Direction": "Forward", "Index Name": "title_pkey", "Relation Name": "title", "Alias": "t", "Startup Cost": 0.0, "Total Cost": 0.31, "Plan Rows": 1, "Plan Width": 21, "Actual Startup Time": 26.892, "Actual Total Time": 26.892, "Actual Rows": 5228, "Actual Loops": 5228, "Index Cond": "(id = mk.movie_id)", "Rows Removed by Index Recheck": 0}]}]}, "Triggers": [], "Planner Runtime": 11.909, "Total Runtime": 1183.878, "Unique SQL Id": 2804875951}}, "(16, '114')": {"explain_plan": {"Plan": {"Node Type": "Aggregate", "Strategy": "Plain", "Startup Cost": 3019.97, "Total Cost": 3019.98, "Plan Rows": 1, "Plan Width": 49, "Plans": [{"Node Type": "Nested Loop", "Parent Relationship": "Outer", "Join Type": "Inner", "Startup Cost": 5.3, "Total Cost": 3019.97, "Plan Rows": 2, "Plan Width": 17, "Inner Unique": true, "Join Filter": "(mc.movie_id = t.id)", "Plans": [{"Node Type": "Nested Loop", "Parent Relationship": "Outer", "Join Type": "Inner", "Startup Cost": 5.04, "Total Cost": 3011.39, "Plan Rows": 2, "Plan Width": 8, "Inner Unique": true, "Plans": [{"Node Type": "Nested Loop", "Parent Relationship": "Outer", "Join Type": "Inner", "Startup Cost": 4.78, "Total Cost": 2711.55, "Plan Rows": 70, "Plan Width": 12, "Inner Unique": false, "Plans": [{"Node Type": "Nested Loop", "Parent Relationship": "Outer", "Join Type": "Inner", "Startup Cost": 4.51, "Total Cost": 2569.02, "Plan Rows": 33, "Plan Width": 4, "Inner Unique": false, "Plans": [{"Node Type": "Seq Scan", "Parent Relationship": "Outer", "Relation Name": "keyword", "Alias": "k", "Startup Cost": 0.0, "Total Cost": 2436.11, "Plan Rows": 1, "Plan Width": 4, "Filter": "((keyword)::text = 'character-name-in-title'::text)"}, {"Node Type": "Bitmap Heap Scan", "Parent Relationship": "Inner", "Relation Name": "movie_keyword", "Alias": "mk", "Startup Cost": 4.51, "Total Cost": 132.58, "Plan Rows": 33, "Plan Width": 8, "Recheck Cond": "(keyword_id = k.id)", "Plans": [{"Node Type": "Bitmap Index Scan", "Parent Relationship": "Outer", "Index Name": "keyword_id_movie_keyword", "Startup Cost": 0.0, "Total Cost": 4.5, "Plan Rows": 33, "Plan Width": 0, "Index Cond": "(keyword_id = k.id)"}]}]}, {"Node Type": "Bitmap Heap Scan", "Parent Relationship": "Inner", "Relation Name": "movie_companies", "Alias": "mc", "Startup Cost": 0.27, "Total Cost": 4.3, "Plan Rows": 2, "Plan Width": 8, "Recheck Cond": "(movie_id = mk.movie_id)", "Plans": [{"Node Type": "Bitmap Index Scan", "Parent Relationship": "Outer", "Index Name": "movie_id_movie_companies", "Startup Cost": 0.0, "Total Cost": 0.27, "Plan Rows": 2, "Plan Width": 0, "Index Cond": "(movie_id = mk.movie_id)"}]}]}, {"Node Type": "Bitmap Heap Scan", "Parent Relationship": "Inner", "Relation Name": "company_name", "Alias": "cn", "Startup Cost": 0.26, "Total Cost": 4.27, "Plan Rows": 1, "Plan Width": 4, "Recheck Cond": "(id = mc.company_id)", "Filter": "((country_code)::text = '[nl]'::text)", "Plans": [{"Node Type": "Bitmap Index Scan", "Parent Relationship": "Outer", "Index Name": "company_name_pkey", "Startup Cost": 0.0, "Total Cost": 0.26, "Plan Rows": 1, "Plan Width": 0, "Index Cond": "(id = mc.company_id)"}]}]}, {"Node Type": "Bitmap Heap Scan", "Parent Relationship": "Inner", "Relation Name": "title", "Alias": "t", "Startup Cost": 0.27, "Total Cost": 4.28, "Plan Rows": 1, "Plan Width": 21, "Recheck Cond": "(id = mk.movie_id)", "Plans": [{"Node Type": "Bitmap Index Scan", "Parent Relationship": "Outer", "Index Name": "title_pkey", "Startup Cost": 0.0, "Total Cost": 0.27, "Plan Rows": 1, "Plan Width": 0, "Index Cond": "(id = mk.movie_id)"}]}]}]}, "Unique SQL Id": 2804875951, "Planner Runtime": 3}, "explain_analyze_plan": {"Plan": {"Node Type": "Aggregate", "Strategy": "Plain", "Startup Cost": 3019.97, "Total Cost": 3019.98, "Plan Rows": 1, "Plan Width": 49, "Actual Startup Time": 1407.614, "Actual Total Time": 1407.615, "Actual Rows": 1, "Actual Loops": 1, "Plans": [{"Node Type": "Nested Loop", "Parent Relationship": "Outer", "Join Type": "Inner", "Startup Cost": 5.3, "Total Cost": 3019.97, "Plan Rows": 2, "Plan Width": 17, "Actual Startup Time": 16.178, "Actual Total Time": 1403.151, "Actual Rows": 5228, "Actual Loops": 1, "Inner Unique": true, "Join Filter": "(mc.movie_id = t.id)", "Rows Removed by Join Filter": 0, "Plans": [{"Node Type": "Nested Loop", "Parent Relationship": "Outer", "Join Type": "Inner", "Startup Cost": 5.04, "Total Cost": 3011.39, "Plan Rows": 2, "Plan Width": 8, "Actual Startup Time": 16.158, "Actual Total Time": 1365.668, "Actual Rows": 5228, "Actual Loops": 1, "Inner Unique": true, "Plans": [{"Node Type": "Nested Loop", "Parent Relationship": "Outer", "Join Type": "Inner", "Startup Cost": 4.78, "Total Cost": 2711.55, "Plan Rows": 70, "Plan Width": 12, "Actual Startup Time": 11.838, "Actual Total Time": 496.315, "Actual Rows": 148552, "Actual Loops": 1, "Inner Unique": false, "Plans": [{"Node Type": "Nested Loop", "Parent Relationship": "Outer", "Join Type": "Inner", "Startup Cost": 4.51, "Total Cost": 2569.02, "Plan Rows": 33, "Plan Width": 4, "Actual Startup Time": 11.8, "Actual Total Time": 100.005, "Actual Rows": 41840, "Actual Loops": 1, "Inner Unique": false, "Plans": [{"Node Type": "Seq Scan", "Parent Relationship": "Outer", "Relation Name": "keyword", "Alias": "k", "Startup Cost": 0.0, "Total Cost": 2436.11, "Plan Rows": 1, "Plan Width": 4, "Actual Startup Time": 1.772, "Actual Total Time": 40.559, "Actual Rows": 1, "Actual Loops": 1, "Filter": "((keyword)::text = 'character-name-in-title'::text)", "Rows Removed by Filter": 134168}, {"Node Type": "Bitmap Heap Scan", "Parent Relationship": "Inner", "Relation Name": "movie_keyword", "Alias": "mk", "Startup Cost": 4.51, "Total Cost": 132.58, "Plan Rows": 33, "Plan Width": 8, "Actual Startup Time": 10.022, "Actual Total Time": 50.222, "Actual Rows": 41840, "Actual Loops": 1, "Recheck Cond": "(keyword_id = k.id)", "Rows Removed by Index Recheck": 0, "Exact Heap Blocks": 9702, "Lossy Heap Blocks": 9702, "Plans": [{"Node Type": "Bitmap Index Scan", "Parent Relationship": "Outer", "Index Name": "keyword_id_movie_keyword", "Startup Cost": 0.0, "Total Cost": 4.5, "Plan Rows": 33, "Plan Width": 0, "Actual Startup Time": 8.253, "Actual Total Time": 8.253, "Actual Rows": 41840, "Actual Loops": 1, "Index Cond": "(keyword_id = k.id)"}]}]}, {"Node Type": "Bitmap Heap Scan", "Parent Relationship": "Inner", "Relation Name": "movie_companies", "Alias": "mc", "Startup Cost": 0.27, "Total Cost": 4.3, "Plan Rows": 2, "Plan Width": 8, "Actual Startup Time": 253.295, "Actual Total Time": 310.868, "Actual Rows": 148552, "Actual Loops": 41840, "Recheck Cond": "(movie_id = mk.movie_id)", "Rows Removed by Index Recheck": 0, "Exact Heap Blocks": 62638, "Lossy Heap Blocks": 62638, "Plans": [{"Node Type": "Bitmap Index Scan", "Parent Relationship": "Outer", "Index Name": "movie_id_movie_companies", "Startup Cost": 0.0, "Total Cost": 0.27, "Plan Rows": 2, "Plan Width": 0, "Actual Startup Time": 156.576, "Actual Total Time": 156.576, "Actual Rows": 148552, "Actual Loops": 41840, "Index Cond": "(movie_id = mk.movie_id)"}]}]}, {"Node Type": "Bitmap Heap Scan", "Parent Relationship": "Inner", "Relation Name": "company_name", "Alias": "cn", "Startup Cost": 0.26, "Total Cost": 4.27, "Plan Rows": 1, "Plan Width": 4, "Actual Startup Time": 699.973, "Actual Total Time": 699.973, "Actual Rows": 5228, "Actual Loops": 148552, "Recheck Cond": "(id = mc.company_id)", "Rows Removed by Index Recheck": 0, "Filter": "((country_code)::text = '[nl]'::text)", "Rows Removed by Filter": 143324, "Exact Heap Blocks": 148552, "Lossy Heap Blocks": 148552, "Plans": [{"Node Type": "Bitmap Index Scan", "Parent Relationship": "Outer", "Index Name": "company_name_pkey", "Startup Cost": 0.0, "Total Cost": 0.26, "Plan Rows": 1, "Plan Width": 0, "Actual Startup Time": 386.659, "Actual Total Time": 386.659, "Actual Rows": 148552, "Actual Loops": 148552, "Index Cond": "(id = mc.company_id)"}]}]}, {"Node Type": "Bitmap Heap Scan", "Parent Relationship": "Inner", "Relation Name": "title", "Alias": "t", "Startup Cost": 0.27, "Total Cost": 4.28, "Plan Rows": 1, "Plan Width": 21, "Actual Startup Time": 28.495, "Actual Total Time": 28.495, "Actual Rows": 5228, "Actual Loops": 5228, "Recheck Cond": "(id = mk.movie_id)", "Rows Removed by Index Recheck": 0, "Exact Heap Blocks": 5228, "Lossy Heap Blocks": 5228, "Plans": [{"Node Type": "Bitmap Index Scan", "Parent Relationship": "Outer", "Index Name": "title_pkey", "Startup Cost": 0.0, "Total Cost": 0.27, "Plan Rows": 1, "Plan Width": 0, "Actual Startup Time": 17.109, "Actual Total Time": 17.109, "Actual Rows": 5228, "Actual Loops": 5228, "Index Cond": "(id = mk.movie_id)"}]}]}]}, "Triggers": [], "Planner Runtime": 15.864, "Total Runtime": 1408.006, "Unique SQL Id": 2804875951}}, "(16, '115')": {"explain_plan": {"Plan": {"Node Type": "Aggregate", "Strategy": "Plain", "Startup Cost": 3739.07, "Total Cost": 3739.08, "Plan Rows": 1, "Plan Width": 49, "Plans": [{"Node Type": "Nested Loop", "Parent Relationship": "Outer", "Join Type": "Inner", "Startup Cost": 724.4, "Total Cost": 3739.06, "Plan Rows": 2, "Plan Width": 17, "Inner Unique": true, "Join Filter": "(mc.movie_id = t.id)", "Plans": [{"Node Type": "Nested Loop", "Parent Relationship": "Outer", "Join Type": "Inner", "Startup Cost": 724.13, "Total Cost": 3730.48, "Plan Rows": 2, "Plan Width": 8, "Inner Unique": true, "Plans": [{"Node Type": "Nested Loop", "Parent Relationship": "Outer", "Join Type": "Inner", "Startup Cost": 723.87, "Total Cost": 3430.65, "Plan Rows": 70, "Plan Width": 12, "Inner Unique": false, "Plans": [{"Node Type": "Nested Loop", "Parent Relationship": "Outer", "Join Type": "Inner", "Startup Cost": 723.6, "Total Cost": 3288.12, "Plan Rows": 33, "Plan Width": 4, "Inner Unique": false, "Plans": [{"Node Type": "Bitmap Heap Scan", "Parent Relationship": "Outer", "Relation Name": "keyword", "Alias": "k", "Startup Cost": 719.1, "Total Cost": 3155.21, "Plan Rows": 1, "Plan Width": 4, "Filter": "((keyword)::text = 'character-name-in-title'::text)", "Plans": [{"Node Type": "Bitmap Index Scan", "Parent Relationship": "Outer", "Index Name": "keyword_pkey", "Startup Cost": 0.0, "Total Cost": 719.1, "Plan Rows": 134169, "Plan Width": 0}]}, {"Node Type": "Bitmap Heap Scan", "Parent Relationship": "Inner", "Relation Name": "movie_keyword", "Alias": "mk", "Startup Cost": 4.51, "Total Cost": 132.58, "Plan Rows": 33, "Plan Width": 8, "Recheck Cond": "(keyword_id = k.id)", "Plans": [{"Node Type": "Bitmap Index Scan", "Parent Relationship": "Outer", "Index Name": "keyword_id_movie_keyword", "Startup Cost": 0.0, "Total Cost": 4.5, "Plan Rows": 33, "Plan Width": 0, "Index Cond": "(keyword_id = k.id)"}]}]}, {"Node Type": "Bitmap Heap Scan", "Parent Relationship": "Inner", "Relation Name": "movie_companies", "Alias": "mc", "Startup Cost": 0.27, "Total Cost": 4.3, "Plan Rows": 2, "Plan Width": 8, "Recheck Cond": "(movie_id = mk.movie_id)", "Plans": [{"Node Type": "Bitmap Index Scan", "Parent Relationship": "Outer", "Index Name": "movie_id_movie_companies", "Startup Cost": 0.0, "Total Cost": 0.27, "Plan Rows": 2, "Plan Width": 0, "Index Cond": "(movie_id = mk.movie_id)"}]}]}, {"Node Type": "Bitmap Heap Scan", "Parent Relationship": "Inner", "Relation Name": "company_name", "Alias": "cn", "Startup Cost": 0.26, "Total Cost": 4.27, "Plan Rows": 1, "Plan Width": 4, "Recheck Cond": "(id = mc.company_id)", "Filter": "((country_code)::text = '[nl]'::text)", "Plans": [{"Node Type": "Bitmap Index Scan", "Parent Relationship": "Outer", "Index Name": "company_name_pkey", "Startup Cost": 0.0, "Total Cost": 0.26, "Plan Rows": 1, "Plan Width": 0, "Index Cond": "(id = mc.company_id)"}]}]}, {"Node Type": "Bitmap Heap Scan", "Parent Relationship": "Inner", "Relation Name": "title", "Alias": "t", "Startup Cost": 0.27, "Total Cost": 4.28, "Plan Rows": 1, "Plan Width": 21, "Recheck Cond": "(id = mk.movie_id)", "Plans": [{"Node Type": "Bitmap Index Scan", "Parent Relationship": "Outer", "Index Name": "title_pkey", "Startup Cost": 0.0, "Total Cost": 0.27, "Plan Rows": 1, "Plan Width": 0, "Index Cond": "(id = mk.movie_id)"}]}]}]}, "Unique SQL Id": 2804875951, "Planner Runtime": 2}, "explain_analyze_plan": {"Plan": {"Node Type": "Aggregate", "Strategy": "Plain", "Startup Cost": 3739.07, "Total Cost": 3739.08, "Plan Rows": 1, "Plan Width": 49, "Actual Startup Time": 1387.145, "Actual Total Time": 1387.146, "Actual Rows": 1, "Actual Loops": 1, "Plans": [{"Node Type": "Nested Loop", "Parent Relationship": "Outer", "Join Type": "Inner", "Startup Cost": 724.4, "Total Cost": 3739.06, "Plan Rows": 2, "Plan Width": 17, "Actual Startup Time": 25.648, "Actual Total Time": 1382.175, "Actual Rows": 5228, "Actual Loops": 1, "Inner Unique": true, "Join Filter": "(mc.movie_id = t.id)", "Rows Removed by Join Filter": 0, "Plans": [{"Node Type": "Nested Loop", "Parent Relationship": "Outer", "Join Type": "Inner", "Startup Cost": 724.13, "Total Cost": 3730.48, "Plan Rows": 2, "Plan Width": 8, "Actual Startup Time": 25.627, "Actual Total Time": 1347.061, "Actual Rows": 5228, "Actual Loops": 1, "Inner Unique": true, "Plans": [{"Node Type": "Nested Loop", "Parent Relationship": "Outer", "Join Type": "Inner", "Startup Cost": 723.87, "Total Cost": 3430.65, "Plan Rows": 70, "Plan Width": 12, "Actual Startup Time": 21.56, "Actual Total Time": 492.049, "Actual Rows": 148552, "Actual Loops": 1, "Inner Unique": false, "Plans": [{"Node Type": "Nested Loop", "Parent Relationship": "Outer", "Join Type": "Inner", "Startup Cost": 723.6, "Total Cost": 3288.12, "Plan Rows": 33, "Plan Width": 4, "Actual Startup Time": 21.524, "Actual Total Time": 111.574, "Actual Rows": 41840, "Actual Loops": 1, "Inner Unique": false, "Plans": [{"Node Type": "Bitmap Heap Scan", "Parent Relationship": "Outer", "Relation Name": "keyword", "Alias": "k", "Startup Cost": 719.1, "Total Cost": 3155.21, "Plan Rows": 1, "Plan Width": 4, "Actual Startup Time": 13.5, "Actual Total Time": 60.831, "Actual Rows": 1, "Actual Loops": 1, "Filter": "((keyword)::text = 'character-name-in-title'::text)", "Rows Removed by Filter": 134168, "Exact Heap Blocks": 759, "Lossy Heap Blocks": 759, "Plans": [{"Node Type": "Bitmap Index Scan", "Parent Relationship": "Outer", "Index Name": "keyword_pkey", "Startup Cost": 0.0, "Total Cost": 719.1, "Plan Rows": 134169, "Plan Width": 0, "Actual Startup Time": 11.196, "Actual Total Time": 11.196, "Actual Rows": 134169, "Actual Loops": 1}]}, {"Node Type": "Bitmap Heap Scan", "Parent Relationship": "Inner", "Relation Name": "movie_keyword", "Alias": "mk", "Startup Cost": 4.51, "Total Cost": 132.58, "Plan Rows": 33, "Plan Width": 8, "Actual Startup Time": 8.013, "Actual Total Time": 41.471, "Actual Rows": 41840, "Actual Loops": 1, "Recheck Cond": "(keyword_id = k.id)", "Rows Removed by Index Recheck": 0, "Exact Heap Blocks": 9702, "Lossy Heap Blocks": 9702, "Plans": [{"Node Type": "Bitmap Index Scan", "Parent Relationship": "Outer", "Index Name": "keyword_id_movie_keyword", "Startup Cost": 0.0, "Total Cost": 4.5, "Plan Rows": 33, "Plan Width": 0, "Actual Startup Time": 6.272, "Actual Total Time": 6.272, "Actual Rows": 41840, "Actual Loops": 1, "Index Cond": "(keyword_id = k.id)"}]}]}, {"Node Type": "Bitmap Heap Scan", "Parent Relationship": "Inner", "Relation Name": "movie_companies", "Alias": "mc", "Startup Cost": 0.27, "Total Cost": 4.3, "Plan Rows": 2, "Plan Width": 8, "Actual Startup Time": 240.891, "Actual Total Time": 294.516, "Actual Rows": 148552, "Actual Loops": 41840, "Recheck Cond": "(movie_id = mk.movie_id)", "Rows Removed by Index Recheck": 0, "Exact Heap Blocks": 62638, "Lossy Heap Blocks": 62638, "Plans": [{"Node Type": "Bitmap Index Scan", "Parent Relationship": "Outer", "Index Name": "movie_id_movie_companies", "Startup Cost": 0.0, "Total Cost": 0.27, "Plan Rows": 2, "Plan Width": 0, "Actual Startup Time": 150.419, "Actual Total Time": 150.419, "Actual Rows": 148552, "Actual Loops": 41840, "Index Cond": "(movie_id = mk.movie_id)"}]}]}, {"Node Type": "Bitmap Heap Scan", "Parent Relationship": "Inner", "Relation Name": "company_name", "Alias": "cn", "Startup Cost": 0.26, "Total Cost": 4.27, "Plan Rows": 1, "Plan Width": 4, "Actual Startup Time": 685.084, "Actual Total Time": 685.084, "Actual Rows": 5228, "Actual Loops": 148552, "Recheck Cond": "(id = mc.company_id)", "Rows Removed by Index Recheck": 0, "Filter": "((country_code)::text = '[nl]'::text)", "Rows Removed by Filter": 143324, "Exact Heap Blocks": 148552, "Lossy Heap Blocks": 148552, "Plans": [{"Node Type": "Bitmap Index Scan", "Parent Relationship": "Outer", "Index Name": "company_name_pkey", "Startup Cost": 0.0, "Total Cost": 0.26, "Plan Rows": 1, "Plan Width": 0, "Actual Startup Time": 382.826, "Actual Total Time": 382.826, "Actual Rows": 148552, "Actual Loops": 148552, "Index Cond": "(id = mc.company_id)"}]}]}, {"Node Type": "Bitmap Heap Scan", "Parent Relationship": "Inner", "Relation Name": "title", "Alias": "t", "Startup Cost": 0.27, "Total Cost": 4.28, "Plan Rows": 1, "Plan Width": 21, "Actual Startup Time": 25.907, "Actual Total Time": 25.907, "Actual Rows": 5228, "Actual Loops": 5228, "Recheck Cond": "(id = mk.movie_id)", "Rows Removed by Index Recheck": 0, "Exact Heap Blocks": 5228, "Lossy Heap Blocks": 5228, "Plans": [{"Node Type": "Bitmap Index Scan", "Parent Relationship": "Outer", "Index Name": "title_pkey", "Startup Cost": 0.0, "Total Cost": 0.27, "Plan Rows": 1, "Plan Width": 0, "Actual Startup Time": 16.062, "Actual Total Time": 16.062, "Actual Rows": 5228, "Actual Loops": 5228, "Index Cond": "(id = mk.movie_id)"}]}]}]}, "Triggers": [], "Planner Runtime": 8.607, "Total Runtime": 1387.489, "Unique SQL Id": 2804875951}}, "(16, '116')": {"explain_plan": {"Plan": {"Node Type": "Aggregate", "Strategy": "Plain", "Startup Cost": 2600.78, "Total Cost": 2600.79, "Plan Rows": 1, "Plan Width": 49, "Plans": [{"Node Type": "Nested Loop", "Parent Relationship": "Outer", "Join Type": "Inner", "Startup Cost": 4.51, "Total Cost": 2600.77, "Plan Rows": 2, "Plan Width": 17, "Inner Unique": true, "Join Filter": "(mc.movie_id = t.id)", "Plans": [{"Node Type": "Nested Loop", "Parent Relationship": "Outer", "Join Type": "Inner", "Startup Cost": 4.51, "Total Cost": 2600.13, "Plan Rows": 2, "Plan Width": 8, "Inner Unique": true, "Plans": [{"Node Type": "Nested Loop", "Parent Relationship": "Outer", "Join Type": "Inner", "Startup Cost": 4.51, "Total Cost": 2579.99, "Plan Rows": 70, "Plan Width": 12, "Inner Unique": false, "Plans": [{"Node Type": "Nested Loop", "Parent Relationship": "Outer", "Join Type": "Inner", "Startup Cost": 4.51, "Total Cost": 2569.02, "Plan Rows": 33, "Plan Width": 4, "Inner Unique": false, "Plans": [{"Node Type": "Seq Scan", "Parent Relationship": "Outer", "Relation Name": "keyword", "Alias": "k", "Startup Cost": 0.0, "Total Cost": 2436.11, "Plan Rows": 1, "Plan Width": 4, "Filter": "((keyword)::text = 'character-name-in-title'::text)"}, {"Node Type": "Bitmap Heap Scan", "Parent Relationship": "Inner", "Relation Name": "movie_keyword", "Alias": "mk", "Startup Cost": 4.51, "Total Cost": 132.58, "Plan Rows": 33, "Plan Width": 8, "Recheck Cond": "(keyword_id = k.id)", "Plans": [{"Node Type": "Bitmap Index Scan", "Parent Relationship": "Outer", "Index Name": "keyword_id_movie_keyword", "Startup Cost": 0.0, "Total Cost": 4.5, "Plan Rows": 33, "Plan Width": 0, "Index Cond": "(keyword_id = k.id)"}]}]}, {"Node Type": "Index Scan", "Parent Relationship": "Inner", "Scan Direction": "Forward", "Index Name": "movie_id_movie_companies", "Relation Name": "movie_companies", "Alias": "mc", "Startup Cost": 0.0, "Total Cost": 0.31, "Plan Rows": 2, "Plan Width": 8, "Index Cond": "(movie_id = mk.movie_id)"}]}, {"Node Type": "Index Scan", "Parent Relationship": "Inner", "Scan Direction": "Forward", "Index Name": "company_name_pkey", "Relation Name": "company_name", "Alias": "cn", "Startup Cost": 0.0, "Total Cost": 0.28, "Plan Rows": 1, "Plan Width": 4, "Index Cond": "(id = mc.company_id)", "Filter": "((country_code)::text = '[nl]'::text)"}]}, {"Node Type": "Index Scan", "Parent Relationship": "Inner", "Scan Direction": "Forward", "Index Name": "title_pkey", "Relation Name": "title", "Alias": "t", "Startup Cost": 0.0, "Total Cost": 0.31, "Plan Rows": 1, "Plan Width": 21, "Index Cond": "(id = mk.movie_id)"}]}]}, "Unique SQL Id": 2804875951, "Planner Runtime": 2}, "explain_analyze_plan": {"Plan": {"Node Type": "Aggregate", "Strategy": "Plain", "Startup Cost": 2600.78, "Total Cost": 2600.79, "Plan Rows": 1, "Plan Width": 49, "Actual Startup Time": 1042.053, "Actual Total Time": 1042.053, "Actual Rows": 1, "Actual Loops": 1, "Plans": [{"Node Type": "Nested Loop", "Parent Relationship": "Outer", "Join Type": "Inner", "Startup Cost": 4.51, "Total Cost": 2600.77, "Plan Rows": 2, "Plan Width": 17, "Actual Startup Time": 15.009, "Actual Total Time": 1039.002, "Actual Rows": 5228, "Actual Loops": 1, "Inner Unique": true, "Join Filter": "(mc.movie_id = t.id)", "Rows Removed by Join Filter": 0, "Plans": [{"Node Type": "Nested Loop", "Parent Relationship": "Outer", "Join Type": "Inner", "Startup Cost": 4.51, "Total Cost": 2600.13, "Plan Rows": 2, "Plan Width": 8, "Actual Startup Time": 14.993, "Actual Total Time": 1010.698, "Actual Rows": 5228, "Actual Loops": 1, "Inner Unique": true, "Plans": [{"Node Type": "Nested Loop", "Parent Relationship": "Outer", "Join Type": "Inner", "Startup Cost": 4.51, "Total Cost": 2579.99, "Plan Rows": 70, "Plan Width": 12, "Actual Startup Time": 11.933, "Actual Total Time": 388.31, "Actual Rows": 148552, "Actual Loops": 1, "Inner Unique": false, "Plans": [{"Node Type": "Nested Loop", "Parent Relationship": "Outer", "Join Type": "Inner", "Startup Cost": 4.51, "Total Cost": 2569.02, "Plan Rows": 33, "Plan Width": 4, "Actual Startup Time": 11.905, "Actual Total Time": 101.867, "Actual Rows": 41840, "Actual Loops": 1, "Inner Unique": false, "Plans": [{"Node Type": "Seq Scan", "Parent Relationship": "Outer", "Relation Name": "keyword", "Alias": "k", "Startup Cost": 0.0, "Total Cost": 2436.11, "Plan Rows": 1, "Plan Width": 4, "Actual Startup Time": 1.829, "Actual Total Time": 42.003, "Actual Rows": 1, "Actual Loops": 1, "Filter": "((keyword)::text = 'character-name-in-title'::text)", "Rows Removed by Filter": 134168}, {"Node Type": "Bitmap Heap Scan", "Parent Relationship": "Inner", "Relation Name": "movie_keyword", "Alias": "mk", "Startup Cost": 4.51, "Total Cost": 132.58, "Plan Rows": 33, "Plan Width": 8, "Actual Startup Time": 10.069, "Actual Total Time": 51.314, "Actual Rows": 41840, "Actual Loops": 1, "Recheck Cond": "(keyword_id = k.id)", "Rows Removed by Index Recheck": 0, "Exact Heap Blocks": 9702, "Lossy Heap Blocks": 9702, "Plans": [{"Node Type": "Bitmap Index Scan", "Parent Relationship": "Outer", "Index Name": "keyword_id_movie_keyword", "Startup Cost": 0.0, "Total Cost": 4.5, "Plan Rows": 33, "Plan Width": 0, "Actual Startup Time": 8.236, "Actual Total Time": 8.236, "Actual Rows": 41840, "Actual Loops": 1, "Index Cond": "(keyword_id = k.id)"}]}]}, {"Node Type": "Index Scan", "Parent Relationship": "Inner", "Scan Direction": "Forward", "Index Name": "movie_id_movie_companies", "Relation Name": "movie_companies", "Alias": "mc", "Startup Cost": 0.0, "Total Cost": 0.31, "Plan Rows": 2, "Plan Width": 8, "Actual Startup Time": 155.322, "Actual Total Time": 230.57, "Actual Rows": 148552, "Actual Loops": 41840, "Index Cond": "(movie_id = mk.movie_id)", "Rows Removed by Index Recheck": 0}]}, {"Node Type": "Index Scan", "Parent Relationship": "Inner", "Scan Direction": "Forward", "Index Name": "company_name_pkey", "Relation Name": "company_name", "Alias": "cn", "Startup Cost": 0.0, "Total Cost": 0.28, "Plan Rows": 1, "Plan Width": 4, "Actual Startup Time": 550.613, "Actual Total Time": 550.613, "Actual Rows": 5228, "Actual Loops": 148552, "Index Cond": "(id = mc.company_id)", "Rows Removed by Index Recheck": 0, "Filter": "((country_code)::text = '[nl]'::text)", "Rows Removed by Filter": 143324}]}, {"Node Type": "Index Scan", "Parent Relationship": "Inner", "Scan Direction": "Forward", "Index Name": "title_pkey", "Relation Name": "title", "Alias": "t", "Startup Cost": 0.0, "Total Cost": 0.31, "Plan Rows": 1, "Plan Width": 21, "Actual Startup Time": 22.709, "Actual Total Time": 22.709, "Actual Rows": 5228, "Actual Loops": 5228, "Index Cond": "(id = mk.movie_id)", "Rows Removed by Index Recheck": 0}]}]}, "Triggers": [], "Planner Runtime": 10.46, "Total Runtime": 1042.518, "Unique SQL Id": 2804875951}}, "(16, '117')": {"explain_plan": {"Plan": {"Node Type": "Aggregate", "Strategy": "Plain", "Startup Cost": 3347.38, "Total Cost": 3347.39, "Plan Rows": 1, "Plan Width": 49, "Plans": [{"Node Type": "Nested Loop", "Parent Relationship": "Outer", "Join Type": "Inner", "Startup Cost": 4.51, "Total Cost": 3347.38, "Plan Rows": 2, "Plan Width": 17, "Inner Unique": true, "Join Filter": "(mc.movie_id = t.id)", "Plans": [{"Node Type": "Nested Loop", "Parent Relationship": "Outer", "Join Type": "Inner", "Startup Cost": 4.51, "Total Cost": 3346.73, "Plan Rows": 2, "Plan Width": 8, "Inner Unique": true, "Plans": [{"Node Type": "Nested Loop", "Parent Relationship": "Outer", "Join Type": "Inner", "Startup Cost": 4.51, "Total Cost": 3326.6, "Plan Rows": 70, "Plan Width": 12, "Inner Unique": false, "Plans": [{"Node Type": "Nested Loop", "Parent Relationship": "Outer", "Join Type": "Inner", "Startup Cost": 4.51, "Total Cost": 3315.63, "Plan Rows": 33, "Plan Width": 4, "Inner Unique": false, "Plans": [{"Node Type": "Index Scan", "Parent Relationship": "Outer", "Scan Direction": "Forward", "Index Name": "keyword_pkey", "Relation Name": "keyword", "Alias": "k", "Startup Cost": 0.0, "Total Cost": 3182.72, "Plan Rows": 1, "Plan Width": 4, "Filter": "((keyword)::text = 'character-name-in-title'::text)"}, {"Node Type": "Bitmap Heap Scan", "Parent Relationship": "Inner", "Relation Name": "movie_keyword", "Alias": "mk", "Startup Cost": 4.51, "Total Cost": 132.58, "Plan Rows": 33, "Plan Width": 8, "Recheck Cond": "(keyword_id = k.id)", "Plans": [{"Node Type": "Bitmap Index Scan", "Parent Relationship": "Outer", "Index Name": "keyword_id_movie_keyword", "Startup Cost": 0.0, "Total Cost": 4.5, "Plan Rows": 33, "Plan Width": 0, "Index Cond": "(keyword_id = k.id)"}]}]}, {"Node Type": "Index Scan", "Parent Relationship": "Inner", "Scan Direction": "Forward", "Index Name": "movie_id_movie_companies", "Relation Name": "movie_companies", "Alias": "mc", "Startup Cost": 0.0, "Total Cost": 0.31, "Plan Rows": 2, "Plan Width": 8, "Index Cond": "(movie_id = mk.movie_id)"}]}, {"Node Type": "Index Scan", "Parent Relationship": "Inner", "Scan Direction": "Forward", "Index Name": "company_name_pkey", "Relation Name": "company_name", "Alias": "cn", "Startup Cost": 0.0, "Total Cost": 0.28, "Plan Rows": 1, "Plan Width": 4, "Index Cond": "(id = mc.company_id)", "Filter": "((country_code)::text = '[nl]'::text)"}]}, {"Node Type": "Index Scan", "Parent Relationship": "Inner", "Scan Direction": "Forward", "Index Name": "title_pkey", "Relation Name": "title", "Alias": "t", "Startup Cost": 0.0, "Total Cost": 0.31, "Plan Rows": 1, "Plan Width": 21, "Index Cond": "(id = mk.movie_id)"}]}]}, "Unique SQL Id": 2804875951, "Planner Runtime": 2}, "explain_analyze_plan": {"Plan": {"Node Type": "Aggregate", "Strategy": "Plain", "Startup Cost": 3347.38, "Total Cost": 3347.39, "Plan Rows": 1, "Plan Width": 49, "Actual Startup Time": 1183.532, "Actual Total Time": 1183.533, "Actual Rows": 1, "Actual Loops": 1, "Plans": [{"Node Type": "Nested Loop", "Parent Relationship": "Outer", "Join Type": "Inner", "Startup Cost": 4.51, "Total Cost": 3347.38, "Plan Rows": 2, "Plan Width": 17, "Actual Startup Time": 13.942, "Actual Total Time": 1180.637, "Actual Rows": 5228, "Actual Loops": 1, "Inner Unique": true, "Join Filter": "(mc.movie_id = t.id)", "Rows Removed by Join Filter": 0, "Plans": [{"Node Type": "Nested Loop", "Parent Relationship": "Outer", "Join Type": "Inner", "Startup Cost": 4.51, "Total Cost": 3346.73, "Plan Rows": 2, "Plan Width": 8, "Actual Startup Time": 13.922, "Actual Total Time": 1148.172, "Actual Rows": 5228, "Actual Loops": 1, "Inner Unique": true, "Plans": [{"Node Type": "Nested Loop", "Parent Relationship": "Outer", "Join Type": "Inner", "Startup Cost": 4.51, "Total Cost": 3326.6, "Plan Rows": 70, "Plan Width": 12, "Actual Startup Time": 10.495, "Actual Total Time": 511.238, "Actual Rows": 148552, "Actual Loops": 1, "Inner Unique": false, "Plans": [{"Node Type": "Nested Loop", "Parent Relationship": "Outer", "Join Type": "Inner", "Startup Cost": 4.51, "Total Cost": 3315.63, "Plan Rows": 33, "Plan Width": 4, "Actual Startup Time": 10.465, "Actual Total Time": 196.622, "Actual Rows": 41840, "Actual Loops": 1, "Inner Unique": false, "Plans": [{"Node Type": "Index Scan", "Parent Relationship": "Outer", "Scan Direction": "Forward", "Index Name": "keyword_pkey", "Relation Name": "keyword", "Alias": "k", "Startup Cost": 0.0, "Total Cost": 3182.72, "Plan Rows": 1, "Plan Width": 4, "Actual Startup Time": 0.292, "Actual Total Time": 125.899, "Actual Rows": 1, "Actual Loops": 1, "Filter": "((keyword)::text = 'character-name-in-title'::text)", "Rows Removed by Filter": 134168}, {"Node Type": "Bitmap Heap Scan", "Parent Relationship": "Inner", "Relation Name": "movie_keyword", "Alias": "mk", "Startup Cost": 4.51, "Total Cost": 132.58, "Plan Rows": 33, "Plan Width": 8, "Actual Startup Time": 10.166, "Actual Total Time": 61.96, "Actual Rows": 41840, "Actual Loops": 1, "Recheck Cond": "(keyword_id = k.id)", "Rows Removed by Index Recheck": 0, "Exact Heap Blocks": 9702, "Lossy Heap Blocks": 9702, "Plans": [{"Node Type": "Bitmap Index Scan", "Parent Relationship": "Outer", "Index Name": "keyword_id_movie_keyword", "Startup Cost": 0.0, "Total Cost": 4.5, "Plan Rows": 33, "Plan Width": 0, "Actual Startup Time": 8.352, "Actual Total Time": 8.352, "Actual Rows": 41840, "Actual Loops": 1, "Index Cond": "(keyword_id = k.id)"}]}]}, {"Node Type": "Index Scan", "Parent Relationship": "Inner", "Scan Direction": "Forward", "Index Name": "movie_id_movie_companies", "Relation Name": "movie_companies", "Alias": "mc", "Startup Cost": 0.0, "Total Cost": 0.31, "Plan Rows": 2, "Plan Width": 8, "Actual Startup Time": 176.45, "Actual Total Time": 259.319, "Actual Rows": 148552, "Actual Loops": 41840, "Index Cond": "(movie_id = mk.movie_id)", "Rows Removed by Index Recheck": 0}]}, {"Node Type": "Index Scan", "Parent Relationship": "Inner", "Scan Direction": "Forward", "Index Name": "company_name_pkey", "Relation Name": "company_name", "Alias": "cn", "Startup Cost": 0.0, "Total Cost": 0.28, "Plan Rows": 1, "Plan Width": 4, "Actual Startup Time": 563.789, "Actual Total Time": 563.789, "Actual Rows": 5228, "Actual Loops": 148552, "Index Cond": "(id = mc.company_id)", "Rows Removed by Index Recheck": 0, "Filter": "((country_code)::text = '[nl]'::text)", "Rows Removed by Filter": 143324}]}, {"Node Type": "Index Scan", "Parent Relationship": "Inner", "Scan Direction": "Forward", "Index Name": "title_pkey", "Relation Name": "title", "Alias": "t", "Startup Cost": 0.0, "Total Cost": 0.31, "Plan Rows": 1, "Plan Width": 21, "Actual Startup Time": 26.892, "Actual Total Time": 26.892, "Actual Rows": 5228, "Actual Loops": 5228, "Index Cond": "(id = mk.movie_id)", "Rows Removed by Index Recheck": 0}]}]}, "Triggers": [], "Planner Runtime": 11.909, "Total Runtime": 1183.878, "Unique SQL Id": 2804875951}}, "(16, '118')": {"explain_plan": {"Plan": {"Node Type": "Aggregate", "Strategy": "Plain", "Startup Cost": 3019.97, "Total Cost": 3019.98, "Plan Rows": 1, "Plan Width": 49, "Plans": [{"Node Type": "Nested Loop", "Parent Relationship": "Outer", "Join Type": "Inner", "Startup Cost": 5.3, "Total Cost": 3019.97, "Plan Rows": 2, "Plan Width": 17, "Inner Unique": true, "Join Filter": "(mc.movie_id = t.id)", "Plans": [{"Node Type": "Nested Loop", "Parent Relationship": "Outer", "Join Type": "Inner", "Startup Cost": 5.04, "Total Cost": 3011.39, "Plan Rows": 2, "Plan Width": 8, "Inner Unique": true, "Plans": [{"Node Type": "Nested Loop", "Parent Relationship": "Outer", "Join Type": "Inner", "Startup Cost": 4.78, "Total Cost": 2711.55, "Plan Rows": 70, "Plan Width": 12, "Inner Unique": false, "Plans": [{"Node Type": "Nested Loop", "Parent Relationship": "Outer", "Join Type": "Inner", "Startup Cost": 4.51, "Total Cost": 2569.02, "Plan Rows": 33, "Plan Width": 4, "Inner Unique": false, "Plans": [{"Node Type": "Seq Scan", "Parent Relationship": "Outer", "Relation Name": "keyword", "Alias": "k", "Startup Cost": 0.0, "Total Cost": 2436.11, "Plan Rows": 1, "Plan Width": 4, "Filter": "((keyword)::text = 'character-name-in-title'::text)"}, {"Node Type": "Bitmap Heap Scan", "Parent Relationship": "Inner", "Relation Name": "movie_keyword", "Alias": "mk", "Startup Cost": 4.51, "Total Cost": 132.58, "Plan Rows": 33, "Plan Width": 8, "Recheck Cond": "(keyword_id = k.id)", "Plans": [{"Node Type": "Bitmap Index Scan", "Parent Relationship": "Outer", "Index Name": "keyword_id_movie_keyword", "Startup Cost": 0.0, "Total Cost": 4.5, "Plan Rows": 33, "Plan Width": 0, "Index Cond": "(keyword_id = k.id)"}]}]}, {"Node Type": "Bitmap Heap Scan", "Parent Relationship": "Inner", "Relation Name": "movie_companies", "Alias": "mc", "Startup Cost": 0.27, "Total Cost": 4.3, "Plan Rows": 2, "Plan Width": 8, "Recheck Cond": "(movie_id = mk.movie_id)", "Plans": [{"Node Type": "Bitmap Index Scan", "Parent Relationship": "Outer", "Index Name": "movie_id_movie_companies", "Startup Cost": 0.0, "Total Cost": 0.27, "Plan Rows": 2, "Plan Width": 0, "Index Cond": "(movie_id = mk.movie_id)"}]}]}, {"Node Type": "Bitmap Heap Scan", "Parent Relationship": "Inner", "Relation Name": "company_name", "Alias": "cn", "Startup Cost": 0.26, "Total Cost": 4.27, "Plan Rows": 1, "Plan Width": 4, "Recheck Cond": "(id = mc.company_id)", "Filter": "((country_code)::text = '[nl]'::text)", "Plans": [{"Node Type": "Bitmap Index Scan", "Parent Relationship": "Outer", "Index Name": "company_name_pkey", "Startup Cost": 0.0, "Total Cost": 0.26, "Plan Rows": 1, "Plan Width": 0, "Index Cond": "(id = mc.company_id)"}]}]}, {"Node Type": "Bitmap Heap Scan", "Parent Relationship": "Inner", "Relation Name": "title", "Alias": "t", "Startup Cost": 0.27, "Total Cost": 4.28, "Plan Rows": 1, "Plan Width": 21, "Recheck Cond": "(id = mk.movie_id)", "Plans": [{"Node Type": "Bitmap Index Scan", "Parent Relationship": "Outer", "Index Name": "title_pkey", "Startup Cost": 0.0, "Total Cost": 0.27, "Plan Rows": 1, "Plan Width": 0, "Index Cond": "(id = mk.movie_id)"}]}]}]}, "Unique SQL Id": 2804875951, "Planner Runtime": 3}, "explain_analyze_plan": {"Plan": {"Node Type": "Aggregate", "Strategy": "Plain", "Startup Cost": 3019.97, "Total Cost": 3019.98, "Plan Rows": 1, "Plan Width": 49, "Actual Startup Time": 1407.614, "Actual Total Time": 1407.615, "Actual Rows": 1, "Actual Loops": 1, "Plans": [{"Node Type": "Nested Loop", "Parent Relationship": "Outer", "Join Type": "Inner", "Startup Cost": 5.3, "Total Cost": 3019.97, "Plan Rows": 2, "Plan Width": 17, "Actual Startup Time": 16.178, "Actual Total Time": 1403.151, "Actual Rows": 5228, "Actual Loops": 1, "Inner Unique": true, "Join Filter": "(mc.movie_id = t.id)", "Rows Removed by Join Filter": 0, "Plans": [{"Node Type": "Nested Loop", "Parent Relationship": "Outer", "Join Type": "Inner", "Startup Cost": 5.04, "Total Cost": 3011.39, "Plan Rows": 2, "Plan Width": 8, "Actual Startup Time": 16.158, "Actual Total Time": 1365.668, "Actual Rows": 5228, "Actual Loops": 1, "Inner Unique": true, "Plans": [{"Node Type": "Nested Loop", "Parent Relationship": "Outer", "Join Type": "Inner", "Startup Cost": 4.78, "Total Cost": 2711.55, "Plan Rows": 70, "Plan Width": 12, "Actual Startup Time": 11.838, "Actual Total Time": 496.315, "Actual Rows": 148552, "Actual Loops": 1, "Inner Unique": false, "Plans": [{"Node Type": "Nested Loop", "Parent Relationship": "Outer", "Join Type": "Inner", "Startup Cost": 4.51, "Total Cost": 2569.02, "Plan Rows": 33, "Plan Width": 4, "Actual Startup Time": 11.8, "Actual Total Time": 100.005, "Actual Rows": 41840, "Actual Loops": 1, "Inner Unique": false, "Plans": [{"Node Type": "Seq Scan", "Parent Relationship": "Outer", "Relation Name": "keyword", "Alias": "k", "Startup Cost": 0.0, "Total Cost": 2436.11, "Plan Rows": 1, "Plan Width": 4, "Actual Startup Time": 1.772, "Actual Total Time": 40.559, "Actual Rows": 1, "Actual Loops": 1, "Filter": "((keyword)::text = 'character-name-in-title'::text)", "Rows Removed by Filter": 134168}, {"Node Type": "Bitmap Heap Scan", "Parent Relationship": "Inner", "Relation Name": "movie_keyword", "Alias": "mk", "Startup Cost": 4.51, "Total Cost": 132.58, "Plan Rows": 33, "Plan Width": 8, "Actual Startup Time": 10.022, "Actual Total Time": 50.222, "Actual Rows": 41840, "Actual Loops": 1, "Recheck Cond": "(keyword_id = k.id)", "Rows Removed by Index Recheck": 0, "Exact Heap Blocks": 9702, "Lossy Heap Blocks": 9702, "Plans": [{"Node Type": "Bitmap Index Scan", "Parent Relationship": "Outer", "Index Name": "keyword_id_movie_keyword", "Startup Cost": 0.0, "Total Cost": 4.5, "Plan Rows": 33, "Plan Width": 0, "Actual Startup Time": 8.253, "Actual Total Time": 8.253, "Actual Rows": 41840, "Actual Loops": 1, "Index Cond": "(keyword_id = k.id)"}]}]}, {"Node Type": "Bitmap Heap Scan", "Parent Relationship": "Inner", "Relation Name": "movie_companies", "Alias": "mc", "Startup Cost": 0.27, "Total Cost": 4.3, "Plan Rows": 2, "Plan Width": 8, "Actual Startup Time": 253.295, "Actual Total Time": 310.868, "Actual Rows": 148552, "Actual Loops": 41840, "Recheck Cond": "(movie_id = mk.movie_id)", "Rows Removed by Index Recheck": 0, "Exact Heap Blocks": 62638, "Lossy Heap Blocks": 62638, "Plans": [{"Node Type": "Bitmap Index Scan", "Parent Relationship": "Outer", "Index Name": "movie_id_movie_companies", "Startup Cost": 0.0, "Total Cost": 0.27, "Plan Rows": 2, "Plan Width": 0, "Actual Startup Time": 156.576, "Actual Total Time": 156.576, "Actual Rows": 148552, "Actual Loops": 41840, "Index Cond": "(movie_id = mk.movie_id)"}]}]}, {"Node Type": "Bitmap Heap Scan", "Parent Relationship": "Inner", "Relation Name": "company_name", "Alias": "cn", "Startup Cost": 0.26, "Total Cost": 4.27, "Plan Rows": 1, "Plan Width": 4, "Actual Startup Time": 699.973, "Actual Total Time": 699.973, "Actual Rows": 5228, "Actual Loops": 148552, "Recheck Cond": "(id = mc.company_id)", "Rows Removed by Index Recheck": 0, "Filter": "((country_code)::text = '[nl]'::text)", "Rows Removed by Filter": 143324, "Exact Heap Blocks": 148552, "Lossy Heap Blocks": 148552, "Plans": [{"Node Type": "Bitmap Index Scan", "Parent Relationship": "Outer", "Index Name": "company_name_pkey", "Startup Cost": 0.0, "Total Cost": 0.26, "Plan Rows": 1, "Plan Width": 0, "Actual Startup Time": 386.659, "Actual Total Time": 386.659, "Actual Rows": 148552, "Actual Loops": 148552, "Index Cond": "(id = mc.company_id)"}]}]}, {"Node Type": "Bitmap Heap Scan", "Parent Relationship": "Inner", "Relation Name": "title", "Alias": "t", "Startup Cost": 0.27, "Total Cost": 4.28, "Plan Rows": 1, "Plan Width": 21, "Actual Startup Time": 28.495, "Actual Total Time": 28.495, "Actual Rows": 5228, "Actual Loops": 5228, "Recheck Cond": "(id = mk.movie_id)", "Rows Removed by Index Recheck": 0, "Exact Heap Blocks": 5228, "Lossy Heap Blocks": 5228, "Plans": [{"Node Type": "Bitmap Index Scan", "Parent Relationship": "Outer", "Index Name": "title_pkey", "Startup Cost": 0.0, "Total Cost": 0.27, "Plan Rows": 1, "Plan Width": 0, "Actual Startup Time": 17.109, "Actual Total Time": 17.109, "Actual Rows": 5228, "Actual Loops": 5228, "Index Cond": "(id = mk.movie_id)"}]}]}]}, "Triggers": [], "Planner Runtime": 15.864, "Total Runtime": 1408.006, "Unique SQL Id": 2804875951}}, "(16, '119')": {"explain_plan": {"Plan": {"Node Type": "Aggregate", "Strategy": "Plain", "Startup Cost": 3739.07, "Total Cost": 3739.08, "Plan Rows": 1, "Plan Width": 49, "Plans": [{"Node Type": "Nested Loop", "Parent Relationship": "Outer", "Join Type": "Inner", "Startup Cost": 724.4, "Total Cost": 3739.06, "Plan Rows": 2, "Plan Width": 17, "Inner Unique": true, "Join Filter": "(mc.movie_id = t.id)", "Plans": [{"Node Type": "Nested Loop", "Parent Relationship": "Outer", "Join Type": "Inner", "Startup Cost": 724.13, "Total Cost": 3730.48, "Plan Rows": 2, "Plan Width": 8, "Inner Unique": true, "Plans": [{"Node Type": "Nested Loop", "Parent Relationship": "Outer", "Join Type": "Inner", "Startup Cost": 723.87, "Total Cost": 3430.65, "Plan Rows": 70, "Plan Width": 12, "Inner Unique": false, "Plans": [{"Node Type": "Nested Loop", "Parent Relationship": "Outer", "Join Type": "Inner", "Startup Cost": 723.6, "Total Cost": 3288.12, "Plan Rows": 33, "Plan Width": 4, "Inner Unique": false, "Plans": [{"Node Type": "Bitmap Heap Scan", "Parent Relationship": "Outer", "Relation Name": "keyword", "Alias": "k", "Startup Cost": 719.1, "Total Cost": 3155.21, "Plan Rows": 1, "Plan Width": 4, "Filter": "((keyword)::text = 'character-name-in-title'::text)", "Plans": [{"Node Type": "Bitmap Index Scan", "Parent Relationship": "Outer", "Index Name": "keyword_pkey", "Startup Cost": 0.0, "Total Cost": 719.1, "Plan Rows": 134169, "Plan Width": 0}]}, {"Node Type": "Bitmap Heap Scan", "Parent Relationship": "Inner", "Relation Name": "movie_keyword", "Alias": "mk", "Startup Cost": 4.51, "Total Cost": 132.58, "Plan Rows": 33, "Plan Width": 8, "Recheck Cond": "(keyword_id = k.id)", "Plans": [{"Node Type": "Bitmap Index Scan", "Parent Relationship": "Outer", "Index Name": "keyword_id_movie_keyword", "Startup Cost": 0.0, "Total Cost": 4.5, "Plan Rows": 33, "Plan Width": 0, "Index Cond": "(keyword_id = k.id)"}]}]}, {"Node Type": "Bitmap Heap Scan", "Parent Relationship": "Inner", "Relation Name": "movie_companies", "Alias": "mc", "Startup Cost": 0.27, "Total Cost": 4.3, "Plan Rows": 2, "Plan Width": 8, "Recheck Cond": "(movie_id = mk.movie_id)", "Plans": [{"Node Type": "Bitmap Index Scan", "Parent Relationship": "Outer", "Index Name": "movie_id_movie_companies", "Startup Cost": 0.0, "Total Cost": 0.27, "Plan Rows": 2, "Plan Width": 0, "Index Cond": "(movie_id = mk.movie_id)"}]}]}, {"Node Type": "Bitmap Heap Scan", "Parent Relationship": "Inner", "Relation Name": "company_name", "Alias": "cn", "Startup Cost": 0.26, "Total Cost": 4.27, "Plan Rows": 1, "Plan Width": 4, "Recheck Cond": "(id = mc.company_id)", "Filter": "((country_code)::text = '[nl]'::text)", "Plans": [{"Node Type": "Bitmap Index Scan", "Parent Relationship": "Outer", "Index Name": "company_name_pkey", "Startup Cost": 0.0, "Total Cost": 0.26, "Plan Rows": 1, "Plan Width": 0, "Index Cond": "(id = mc.company_id)"}]}]}, {"Node Type": "Bitmap Heap Scan", "Parent Relationship": "Inner", "Relation Name": "title", "Alias": "t", "Startup Cost": 0.27, "Total Cost": 4.28, "Plan Rows": 1, "Plan Width": 21, "Recheck Cond": "(id = mk.movie_id)", "Plans": [{"Node Type": "Bitmap Index Scan", "Parent Relationship": "Outer", "Index Name": "title_pkey", "Startup Cost": 0.0, "Total Cost": 0.27, "Plan Rows": 1, "Plan Width": 0, "Index Cond": "(id = mk.movie_id)"}]}]}]}, "Unique SQL Id": 2804875951, "Planner Runtime": 2}, "explain_analyze_plan": {"Plan": {"Node Type": "Aggregate", "Strategy": "Plain", "Startup Cost": 3739.07, "Total Cost": 3739.08, "Plan Rows": 1, "Plan Width": 49, "Actual Startup Time": 1387.145, "Actual Total Time": 1387.146, "Actual Rows": 1, "Actual Loops": 1, "Plans": [{"Node Type": "Nested Loop", "Parent Relationship": "Outer", "Join Type": "Inner", "Startup Cost": 724.4, "Total Cost": 3739.06, "Plan Rows": 2, "Plan Width": 17, "Actual Startup Time": 25.648, "Actual Total Time": 1382.175, "Actual Rows": 5228, "Actual Loops": 1, "Inner Unique": true, "Join Filter": "(mc.movie_id = t.id)", "Rows Removed by Join Filter": 0, "Plans": [{"Node Type": "Nested Loop", "Parent Relationship": "Outer", "Join Type": "Inner", "Startup Cost": 724.13, "Total Cost": 3730.48, "Plan Rows": 2, "Plan Width": 8, "Actual Startup Time": 25.627, "Actual Total Time": 1347.061, "Actual Rows": 5228, "Actual Loops": 1, "Inner Unique": true, "Plans": [{"Node Type": "Nested Loop", "Parent Relationship": "Outer", "Join Type": "Inner", "Startup Cost": 723.87, "Total Cost": 3430.65, "Plan Rows": 70, "Plan Width": 12, "Actual Startup Time": 21.56, "Actual Total Time": 492.049, "Actual Rows": 148552, "Actual Loops": 1, "Inner Unique": false, "Plans": [{"Node Type": "Nested Loop", "Parent Relationship": "Outer", "Join Type": "Inner", "Startup Cost": 723.6, "Total Cost": 3288.12, "Plan Rows": 33, "Plan Width": 4, "Actual Startup Time": 21.524, "Actual Total Time": 111.574, "Actual Rows": 41840, "Actual Loops": 1, "Inner Unique": false, "Plans": [{"Node Type": "Bitmap Heap Scan", "Parent Relationship": "Outer", "Relation Name": "keyword", "Alias": "k", "Startup Cost": 719.1, "Total Cost": 3155.21, "Plan Rows": 1, "Plan Width": 4, "Actual Startup Time": 13.5, "Actual Total Time": 60.831, "Actual Rows": 1, "Actual Loops": 1, "Filter": "((keyword)::text = 'character-name-in-title'::text)", "Rows Removed by Filter": 134168, "Exact Heap Blocks": 759, "Lossy Heap Blocks": 759, "Plans": [{"Node Type": "Bitmap Index Scan", "Parent Relationship": "Outer", "Index Name": "keyword_pkey", "Startup Cost": 0.0, "Total Cost": 719.1, "Plan Rows": 134169, "Plan Width": 0, "Actual Startup Time": 11.196, "Actual Total Time": 11.196, "Actual Rows": 134169, "Actual Loops": 1}]}, {"Node Type": "Bitmap Heap Scan", "Parent Relationship": "Inner", "Relation Name": "movie_keyword", "Alias": "mk", "Startup Cost": 4.51, "Total Cost": 132.58, "Plan Rows": 33, "Plan Width": 8, "Actual Startup Time": 8.013, "Actual Total Time": 41.471, "Actual Rows": 41840, "Actual Loops": 1, "Recheck Cond": "(keyword_id = k.id)", "Rows Removed by Index Recheck": 0, "Exact Heap Blocks": 9702, "Lossy Heap Blocks": 9702, "Plans": [{"Node Type": "Bitmap Index Scan", "Parent Relationship": "Outer", "Index Name": "keyword_id_movie_keyword", "Startup Cost": 0.0, "Total Cost": 4.5, "Plan Rows": 33, "Plan Width": 0, "Actual Startup Time": 6.272, "Actual Total Time": 6.272, "Actual Rows": 41840, "Actual Loops": 1, "Index Cond": "(keyword_id = k.id)"}]}]}, {"Node Type": "Bitmap Heap Scan", "Parent Relationship": "Inner", "Relation Name": "movie_companies", "Alias": "mc", "Startup Cost": 0.27, "Total Cost": 4.3, "Plan Rows": 2, "Plan Width": 8, "Actual Startup Time": 240.891, "Actual Total Time": 294.516, "Actual Rows": 148552, "Actual Loops": 41840, "Recheck Cond": "(movie_id = mk.movie_id)", "Rows Removed by Index Recheck": 0, "Exact Heap Blocks": 62638, "Lossy Heap Blocks": 62638, "Plans": [{"Node Type": "Bitmap Index Scan", "Parent Relationship": "Outer", "Index Name": "movie_id_movie_companies", "Startup Cost": 0.0, "Total Cost": 0.27, "Plan Rows": 2, "Plan Width": 0, "Actual Startup Time": 150.419, "Actual Total Time": 150.419, "Actual Rows": 148552, "Actual Loops": 41840, "Index Cond": "(movie_id = mk.movie_id)"}]}]}, {"Node Type": "Bitmap Heap Scan", "Parent Relationship": "Inner", "Relation Name": "company_name", "Alias": "cn", "Startup Cost": 0.26, "Total Cost": 4.27, "Plan Rows": 1, "Plan Width": 4, "Actual Startup Time": 685.084, "Actual Total Time": 685.084, "Actual Rows": 5228, "Actual Loops": 148552, "Recheck Cond": "(id = mc.company_id)", "Rows Removed by Index Recheck": 0, "Filter": "((country_code)::text = '[nl]'::text)", "Rows Removed by Filter": 143324, "Exact Heap Blocks": 148552, "Lossy Heap Blocks": 148552, "Plans": [{"Node Type": "Bitmap Index Scan", "Parent Relationship": "Outer", "Index Name": "company_name_pkey", "Startup Cost": 0.0, "Total Cost": 0.26, "Plan Rows": 1, "Plan Width": 0, "Actual Startup Time": 382.826, "Actual Total Time": 382.826, "Actual Rows": 148552, "Actual Loops": 148552, "Index Cond": "(id = mc.company_id)"}]}]}, {"Node Type": "Bitmap Heap Scan", "Parent Relationship": "Inner", "Relation Name": "title", "Alias": "t", "Startup Cost": 0.27, "Total Cost": 4.28, "Plan Rows": 1, "Plan Width": 21, "Actual Startup Time": 25.907, "Actual Total Time": 25.907, "Actual Rows": 5228, "Actual Loops": 5228, "Recheck Cond": "(id = mk.movie_id)", "Rows Removed by Index Recheck": 0, "Exact Heap Blocks": 5228, "Lossy Heap Blocks": 5228, "Plans": [{"Node Type": "Bitmap Index Scan", "Parent Relationship": "Outer", "Index Name": "title_pkey", "Startup Cost": 0.0, "Total Cost": 0.27, "Plan Rows": 1, "Plan Width": 0, "Actual Startup Time": 16.062, "Actual Total Time": 16.062, "Actual Rows": 5228, "Actual Loops": 5228, "Index Cond": "(id = mk.movie_id)"}]}]}]}, "Triggers": [], "Planner Runtime": 8.607, "Total Runtime": 1387.489, "Unique SQL Id": 2804875951}}, "(16, '120')": {"explain_plan": {"Plan": {"Node Type": "Aggregate", "Strategy": "Plain", "Startup Cost": 2605.07, "Total Cost": 2605.08, "Plan Rows": 1, "Plan Width": 49, "Plans": [{"Node Type": "Nested Loop", "Parent Relationship": "Outer", "Join Type": "Inner", "Startup Cost": 0.0, "Total Cost": 2605.07, "Plan Rows": 2, "Plan Width": 17, "Inner Unique": true, "Join Filter": "(mc.movie_id = t.id)", "Plans": [{"Node Type": "Nested Loop", "Parent Relationship": "Outer", "Join Type": "Inner", "Startup Cost": 0.0, "Total Cost": 2604.42, "Plan Rows": 2, "Plan Width": 8, "Inner Unique": true, "Plans": [{"Node Type": "Nested Loop", "Parent Relationship": "Outer", "Join Type": "Inner", "Startup Cost": 0.0, "Total Cost": 2584.29, "Plan Rows": 70, "Plan Width": 12, "Inner Unique": false, "Plans": [{"Node Type": "Nested Loop", "Parent Relationship": "Outer", "Join Type": "Inner", "Startup Cost": 0.0, "Total Cost": 2573.32, "Plan Rows": 33, "Plan Width": 4, "Inner Unique": false, "Plans": [{"Node Type": "Seq Scan", "Parent Relationship": "Outer", "Relation Name": "keyword", "Alias": "k", "Startup Cost": 0.0, "Total Cost": 2436.11, "Plan Rows": 1, "Plan Width": 4, "Filter": "((keyword)::text = 'character-name-in-title'::text)"}, {"Node Type": "Index Scan", "Parent Relationship": "Inner", "Scan Direction": "Forward", "Index Name": "keyword_id_movie_keyword", "Relation Name": "movie_keyword", "Alias": "mk", "Startup Cost": 0.0, "Total Cost": 136.88, "Plan Rows": 33, "Plan Width": 8, "Index Cond": "(keyword_id = k.id)"}]}, {"Node Type": "Index Scan", "Parent Relationship": "Inner", "Scan Direction": "Forward", "Index Name": "movie_id_movie_companies", "Relation Name": "movie_companies", "Alias": "mc", "Startup Cost": 0.0, "Total Cost": 0.31, "Plan Rows": 2, "Plan Width": 8, "Index Cond": "(movie_id = mk.movie_id)"}]}, {"Node Type": "Index Scan", "Parent Relationship": "Inner", "Scan Direction": "Forward", "Index Name": "company_name_pkey", "Relation Name": "company_name", "Alias": "cn", "Startup Cost": 0.0, "Total Cost": 0.28, "Plan Rows": 1, "Plan Width": 4, "Index Cond": "(id = mc.company_id)", "Filter": "((country_code)::text = '[nl]'::text)"}]}, {"Node Type": "Index Scan", "Parent Relationship": "Inner", "Scan Direction": "Forward", "Index Name": "title_pkey", "Relation Name": "title", "Alias": "t", "Startup Cost": 0.0, "Total Cost": 0.31, "Plan Rows": 1, "Plan Width": 21, "Index Cond": "(id = mk.movie_id)"}]}]}, "Unique SQL Id": 2804875951, "Planner Runtime": 2}, "explain_analyze_plan": {"Plan": {"Node Type": "Aggregate", "Strategy": "Plain", "Startup Cost": 2605.07, "Total Cost": 2605.08, "Plan Rows": 1, "Plan Width": 49, "Actual Startup Time": 1003.672, "Actual Total Time": 1003.673, "Actual Rows": 1, "Actual Loops": 1, "Plans": [{"Node Type": "Nested Loop", "Parent Relationship": "Outer", "Join Type": "Inner", "Startup Cost": 0.0, "Total Cost": 2605.07, "Plan Rows": 2, "Plan Width": 17, "Actual Startup Time": 4.721, "Actual Total Time": 1000.415, "Actual Rows": 5228, "Actual Loops": 1, "Inner Unique": true, "Join Filter": "(mc.movie_id = t.id)", "Rows Removed by Join Filter": 0, "Plans": [{"Node Type": "Nested Loop", "Parent Relationship": "Outer", "Join Type": "Inner", "Startup Cost": 0.0, "Total Cost": 2604.42, "Plan Rows": 2, "Plan Width": 8, "Actual Startup Time": 4.708, "Actual Total Time": 973.99, "Actual Rows": 5228, "Actual Loops": 1, "Inner Unique": true, "Plans": [{"Node Type": "Nested Loop", "Parent Relationship": "Outer", "Join Type": "Inner", "Startup Cost": 0.0, "Total Cost": 2584.29, "Plan Rows": 70, "Plan Width": 12, "Actual Startup Time": 1.809, "Actual Total Time": 358.696, "Actual Rows": 148552, "Actual Loops": 1, "Inner Unique": false, "Plans": [{"Node Type": "Nested Loop", "Parent Relationship": "Outer", "Join Type": "Inner", "Startup Cost": 0.0, "Total Cost": 2573.32, "Plan Rows": 33, "Plan Width": 4, "Actual Startup Time": 1.792, "Actual Total Time": 86.929, "Actual Rows": 41840, "Actual Loops": 1, "Inner Unique": false, "Plans": [{"Node Type": "Seq Scan", "Parent Relationship": "Outer", "Relation Name": "keyword", "Alias": "k", "Startup Cost": 0.0, "Total Cost": 2436.11, "Plan Rows": 1, "Plan Width": 4, "Actual Startup Time": 1.768, "Actual Total Time": 41.894, "Actual Rows": 1, "Actual Loops": 1, "Filter": "((keyword)::text = 'character-name-in-title'::text)", "Rows Removed by Filter": 134168}, {"Node Type": "Index Scan", "Parent Relationship": "Inner", "Scan Direction": "Forward", "Index Name": "keyword_id_movie_keyword", "Relation Name": "movie_keyword", "Alias": "mk", "Startup Cost": 0.0, "Total Cost": 136.88, "Plan Rows": 33, "Plan Width": 8, "Actual Startup Time": 0.02, "Actual Total Time": 35.59, "Actual Rows": 41840, "Actual Loops": 1, "Index Cond": "(keyword_id = k.id)", "Rows Removed by Index Recheck": 0}]}, {"Node Type": "Index Scan", "Parent Relationship": "Inner", "Scan Direction": "Forward", "Index Name": "movie_id_movie_companies", "Relation Name": "movie_companies", "Alias": "mc", "Startup Cost": 0.0, "Total Cost": 0.31, "Plan Rows": 2, "Plan Width": 8, "Actual Startup Time": 145.322, "Actual Total Time": 215.961, "Actual Rows": 148552, "Actual Loops": 41840, "Index Cond": "(movie_id = mk.movie_id)", "Rows Removed by Index Recheck": 0}]}, {"Node Type": "Index Scan", "Parent Relationship": "Inner", "Scan Direction": "Forward", "Index Name": "company_name_pkey", "Relation Name": "company_name", "Alias": "cn", "Startup Cost": 0.0, "Total Cost": 0.28, "Plan Rows": 1, "Plan Width": 4, "Actual Startup Time": 543.353, "Actual Total Time": 543.353, "Actual Rows": 5228, "Actual Loops": 148552, "Index Cond": "(id = mc.company_id)", "Rows Removed by Index Recheck": 0, "Filter": "((country_code)::text = '[nl]'::text)", "Rows Removed by Filter": 143324}]}, {"Node Type": "Index Scan", "Parent Relationship": "Inner", "Scan Direction": "Forward", "Index Name": "title_pkey", "Relation Name": "title", "Alias": "t", "Startup Cost": 0.0, "Total Cost": 0.31, "Plan Rows": 1, "Plan Width": 21, "Actual Startup Time": 20.597, "Actual Total Time": 20.597, "Actual Rows": 5228, "Actual Loops": 5228, "Index Cond": "(id = mk.movie_id)", "Rows Removed by Index Recheck": 0}]}]}, "Triggers": [], "Planner Runtime": 10.364, "Total Runtime": 1003.955, "Unique SQL Id": 2804875951}}, "(16, '121')": {"explain_plan": {"Plan": {"Node Type": "Aggregate", "Strategy": "Plain", "Startup Cost": 3351.67, "Total Cost": 3351.68, "Plan Rows": 1, "Plan Width": 49, "Plans": [{"Node Type": "Nested Loop", "Parent Relationship": "Outer", "Join Type": "Inner", "Startup Cost": 0.0, "Total Cost": 3351.67, "Plan Rows": 2, "Plan Width": 17, "Inner Unique": true, "Join Filter": "(mc.movie_id = t.id)", "Plans": [{"Node Type": "Nested Loop", "Parent Relationship": "Outer", "Join Type": "Inner", "Startup Cost": 0.0, "Total Cost": 3351.03, "Plan Rows": 2, "Plan Width": 8, "Inner Unique": true, "Plans": [{"Node Type": "Nested Loop", "Parent Relationship": "Outer", "Join Type": "Inner", "Startup Cost": 0.0, "Total Cost": 3330.89, "Plan Rows": 70, "Plan Width": 12, "Inner Unique": false, "Plans": [{"Node Type": "Nested Loop", "Parent Relationship": "Outer", "Join Type": "Inner", "Startup Cost": 0.0, "Total Cost": 3319.92, "Plan Rows": 33, "Plan Width": 4, "Inner Unique": false, "Plans": [{"Node Type": "Index Scan", "Parent Relationship": "Outer", "Scan Direction": "Forward", "Index Name": "keyword_pkey", "Relation Name": "keyword", "Alias": "k", "Startup Cost": 0.0, "Total Cost": 3182.72, "Plan Rows": 1, "Plan Width": 4, "Filter": "((keyword)::text = 'character-name-in-title'::text)"}, {"Node Type": "Index Scan", "Parent Relationship": "Inner", "Scan Direction": "Forward", "Index Name": "keyword_id_movie_keyword", "Relation Name": "movie_keyword", "Alias": "mk", "Startup Cost": 0.0, "Total Cost": 136.88, "Plan Rows": 33, "Plan Width": 8, "Index Cond": "(keyword_id = k.id)"}]}, {"Node Type": "Index Scan", "Parent Relationship": "Inner", "Scan Direction": "Forward", "Index Name": "movie_id_movie_companies", "Relation Name": "movie_companies", "Alias": "mc", "Startup Cost": 0.0, "Total Cost": 0.31, "Plan Rows": 2, "Plan Width": 8, "Index Cond": "(movie_id = mk.movie_id)"}]}, {"Node Type": "Index Scan", "Parent Relationship": "Inner", "Scan Direction": "Forward", "Index Name": "company_name_pkey", "Relation Name": "company_name", "Alias": "cn", "Startup Cost": 0.0, "Total Cost": 0.28, "Plan Rows": 1, "Plan Width": 4, "Index Cond": "(id = mc.company_id)", "Filter": "((country_code)::text = '[nl]'::text)"}]}, {"Node Type": "Index Scan", "Parent Relationship": "Inner", "Scan Direction": "Forward", "Index Name": "title_pkey", "Relation Name": "title", "Alias": "t", "Startup Cost": 0.0, "Total Cost": 0.31, "Plan Rows": 1, "Plan Width": 21, "Index Cond": "(id = mk.movie_id)"}]}]}, "Unique SQL Id": 2804875951, "Planner Runtime": 2}, "explain_analyze_plan": {"Plan": {"Node Type": "Aggregate", "Strategy": "Plain", "Startup Cost": 3351.67, "Total Cost": 3351.68, "Plan Rows": 1, "Plan Width": 49, "Actual Startup Time": 1115.49, "Actual Total Time": 1115.49, "Actual Rows": 1, "Actual Loops": 1, "Plans": [{"Node Type": "Nested Loop", "Parent Relationship": "Outer", "Join Type": "Inner", "Startup Cost": 0.0, "Total Cost": 3351.67, "Plan Rows": 2, "Plan Width": 17, "Actual Startup Time": 3.24, "Actual Total Time": 1112.359, "Actual Rows": 5228, "Actual Loops": 1, "Inner Unique": true, "Join Filter": "(mc.movie_id = t.id)", "Rows Removed by Join Filter": 0, "Plans": [{"Node Type": "Nested Loop", "Parent Relationship": "Outer", "Join Type": "Inner", "Startup Cost": 0.0, "Total Cost": 3351.03, "Plan Rows": 2, "Plan Width": 8, "Actual Startup Time": 3.226, "Actual Total Time": 1085.159, "Actual Rows": 5228, "Actual Loops": 1, "Inner Unique": true, "Plans": [{"Node Type": "Nested Loop", "Parent Relationship": "Outer", "Join Type": "Inner", "Startup Cost": 0.0, "Total Cost": 3330.89, "Plan Rows": 70, "Plan Width": 12, "Actual Startup Time": 0.236, "Actual Total Time": 447.681, "Actual Rows": 148552, "Actual Loops": 1, "Inner Unique": false, "Plans": [{"Node Type": "Nested Loop", "Parent Relationship": "Outer", "Join Type": "Inner", "Startup Cost": 0.0, "Total Cost": 3319.92, "Plan Rows": 33, "Plan Width": 4, "Actual Startup Time": 0.221, "Actual Total Time": 168.712, "Actual Rows": 41840, "Actual Loops": 1, "Inner Unique": false, "Plans": [{"Node Type": "Index Scan", "Parent Relationship": "Outer", "Scan Direction": "Forward", "Index Name": "keyword_pkey", "Relation Name": "keyword", "Alias": "k", "Startup Cost": 0.0, "Total Cost": 3182.72, "Plan Rows": 1, "Plan Width": 4, "Actual Startup Time": 0.203, "Actual Total Time": 122.802, "Actual Rows": 1, "Actual Loops": 1, "Filter": "((keyword)::text = 'character-name-in-title'::text)", "Rows Removed by Filter": 134168}, {"Node Type": "Index Scan", "Parent Relationship": "Inner", "Scan Direction": "Forward", "Index Name": "keyword_id_movie_keyword", "Relation Name": "movie_keyword", "Alias": "mk", "Startup Cost": 0.0, "Total Cost": 136.88, "Plan Rows": 33, "Plan Width": 8, "Actual Startup Time": 0.013, "Actual Total Time": 36.759, "Actual Rows": 41840, "Actual Loops": 1, "Index Cond": "(keyword_id = k.id)", "Rows Removed by Index Recheck": 0}]}, {"Node Type": "Index Scan", "Parent Relationship": "Inner", "Scan Direction": "Forward", "Index Name": "movie_id_movie_companies", "Relation Name": "movie_companies", "Alias": "mc", "Startup Cost": 0.0, "Total Cost": 0.31, "Plan Rows": 2, "Plan Width": 8, "Actual Startup Time": 150.509, "Actual Total Time": 222.921, "Actual Rows": 148552, "Actual Loops": 41840, "Index Cond": "(movie_id = mk.movie_id)", "Rows Removed by Index Recheck": 0}]}, {"Node Type": "Index Scan", "Parent Relationship": "Inner", "Scan Direction": "Forward", "Index Name": "company_name_pkey", "Relation Name": "company_name", "Alias": "cn", "Startup Cost": 0.0, "Total Cost": 0.28, "Plan Rows": 1, "Plan Width": 4, "Actual Startup Time": 564.52, "Actual Total Time": 564.52, "Actual Rows": 5228, "Actual Loops": 148552, "Index Cond": "(id = mc.company_id)", "Rows Removed by Index Recheck": 0, "Filter": "((country_code)::text = '[nl]'::text)", "Rows Removed by Filter": 143324}]}, {"Node Type": "Index Scan", "Parent Relationship": "Inner", "Scan Direction": "Forward", "Index Name": "title_pkey", "Relation Name": "title", "Alias": "t", "Startup Cost": 0.0, "Total Cost": 0.31, "Plan Rows": 1, "Plan Width": 21, "Actual Startup Time": 21.443, "Actual Total Time": 21.443, "Actual Rows": 5228, "Actual Loops": 5228, "Index Cond": "(id = mk.movie_id)", "Rows Removed by Index Recheck": 0}]}]}, "Triggers": [], "Planner Runtime": 9.9, "Total Runtime": 1115.761, "Unique SQL Id": 2804875951}}, "(16, '122')": {"explain_plan": {"Plan": {"Node Type": "Aggregate", "Strategy": "Plain", "Startup Cost": 149170.95, "Total Cost": 149170.97, "Plan Rows": 1, "Plan Width": 49, "Plans": [{"Node Type": "Streaming(type: LOCAL GATHER dop: 1/16)", "Parent Relationship": "Outer", "Startup Cost": 149170.95, "Total Cost": 149170.97, "Plan Rows": 1, "Plan Width": 49, "Plans": [{"Node Type": "Aggregate", "Strategy": "Plain", "Parent Relationship": "Outer", "Startup Cost": 149170.95, "Total Cost": 149170.96, "Plan Rows": 1, "Plan Width": 49, "Plans": [{"Node Type": "Nested Loop", "Parent Relationship": "Outer", "Join Type": "Inner", "Startup Cost": 0.0, "Total Cost": 149170.94, "Plan Rows": 2, "Plan Width": 17, "Inner Unique": false, "Join Filter": "(mc.movie_id = t.id)", "Plans": [{"Node Type": "Seq Scan", "Parent Relationship": "Outer", "Relation Name": "title", "Alias": "t", "Startup Cost": 0.0, "Total Cost": 18754.32, "Plan Rows": 2528311, "Plan Width": 21}, {"Node Type": "Materialize", "Parent Relationship": "Inner", "Startup Cost": 0.0, "Total Cost": 125676.05, "Plan Rows": 32, "Plan Width": 8, "Plans": [{"Node Type": "Streaming(type: BROADCAST dop: 16/1)", "Parent Relationship": "Outer", "Startup Cost": 0.0, "Total Cost": 125676.04, "Plan Rows": 32, "Plan Width": 8, "Plans": [{"Node Type": "Nested Loop", "Parent Relationship": "Outer", "Join Type": "Inner", "Startup Cost": 0.0, "Total Cost": 110675.35, "Plan Rows": 2, "Plan Width": 8, "Inner Unique": false, "Join Filter": "(mc.company_id = cn.id)", "Plans": [{"Node Type": "Seq Scan", "Parent Relationship": "Outer", "Relation Name": "company_name", "Alias": "cn", "Startup Cost": 0.0, "Total Cost": 5903.45, "Plan Rows": 2240, "Plan Width": 4, "Filter": "((country_code)::text = '[nl]'::text)"}, {"Node Type": "Materialize", "Parent Relationship": "Inner", "Startup Cost": 0.0, "Total Cost": 102420.07, "Plan Rows": 70, "Plan Width": 12, "Plans": [{"Node Type": "Streaming(type: LOCAL GATHER dop: 1/16)", "Parent Relationship": "Outer", "Startup Cost": 0.0, "Total Cost": 102419.72, "Plan Rows": 70, "Plan Width": 12, "Plans": [{"Node Type": "Nested Loop", "Parent Relationship": "Outer", "Join Type": "Inner", "Startup Cost": 0.0, "Total Cost": 102418.21, "Plan Rows": 70, "Plan Width": 12, "Inner Unique": false, "Join Filter": "(mk.movie_id = mc.movie_id)", "Plans": [{"Node Type": "Streaming(type: LOCAL REDISTRIBUTE dop: 16/16)", "Parent Relationship": "Outer", "Startup Cost": 0.0, "Total Cost": 42499.73, "Plan Rows": 2609128, "Plan Width": 8, "Plans": [{"Node Type": "Seq Scan", "Parent Relationship": "Outer", "Relation Name": "movie_companies", "Alias": "mc", "Startup Cost": 0.0, "Total Cost": 17613.58, "Plan Rows": 2609128, "Plan Width": 8}]}, {"Node Type": "Materialize", "Parent Relationship": "Inner", "Startup Cost": 0.0, "Total Cost": 54873.49, "Plan Rows": 33, "Plan Width": 4, "Plans": [{"Node Type": "Streaming(type: LOCAL REDISTRIBUTE dop: 16/16)", "Parent Relationship": "Outer", "Startup Cost": 0.0, "Total Cost": 54873.48, "Plan Rows": 33, "Plan Width": 4, "Plans": [{"Node Type": "Nested Loop", "Parent Relationship": "Outer", "Join Type": "Inner", "Startup Cost": 0.0, "Total Cost": 39873.36, "Plan Rows": 33, "Plan Width": 4, "Inner Unique": false, "Join Filter": "(k.id = mk.keyword_id)", "Plans": [{"Node Type": "Streaming(type: BROADCAST dop: 16/1)", "Parent Relationship": "Outer", "Startup Cost": 0.0, "Total Cost": 17436.46, "Plan Rows": 16, "Plan Width": 4, "Plans": [{"Node Type": "Seq Scan", "Parent Relationship": "Outer", "Relation Name": "keyword", "Alias": "k", "Startup Cost": 0.0, "Total Cost": 2436.11, "Plan Rows": 1, "Plan Width": 4, "Filter": "((keyword)::text = 'character-name-in-title'::text)"}]}, {"Node Type": "Seq Scan", "Parent Relationship": "Inner", "Relation Name": "movie_keyword", "Alias": "mk", "Startup Cost": 0.0, "Total Cost": 18902.58, "Plan Rows": 4523929, "Plan Width": 8}]}]}]}]}]}]}]}]}]}]}]}]}]}, "Unique SQL Id": 2804875951, "Planner Runtime": 2}, "explain_analyze_plan": null}, "(16, '123')": {"explain_plan": {"Plan": {"Node Type": "Aggregate", "Strategy": "Plain", "Startup Cost": 5000041492550.78, "Total Cost": 5000041492550.79, "Plan Rows": 1, "Plan Width": 49, "Plans": [{"Node Type": "Nested Loop", "Parent Relationship": "Outer", "Join Type": "Inner", "Startup Cost": 50000000000.0, "Total Cost": 5000041492550.77, "Plan Rows": 2, "Plan Width": 17, "Inner Unique": false, "Join Filter": "(mc.movie_id = t.id)", "Plans": [{"Node Type": "Index Scan", "Parent Relationship": "Outer", "Scan Direction": "Forward", "Index Name": "title_pkey", "Relation Name": "title", "Alias": "t", "Startup Cost": 10000000000.0, "Total Cost": 1000011012048.91, "Plan Rows": 2528311, "Plan Width": 21}, {"Node Type": "Materialize", "Parent Relationship": "Inner", "Startup Cost": 40000000000.0, "Total Cost": 4000030404652.53, "Plan Rows": 2, "Plan Width": 8, "Plans": [{"Node Type": "Nested Loop", "Parent Relationship": "Outer", "Join Type": "Inner", "Startup Cost": 40000000000.0, "Total Cost": 4000030404652.52, "Plan Rows": 2, "Plan Width": 8, "Inner Unique": true, "Join Filter": "(mc.company_id = cn.id)", "Plans": [{"Node Type": "Nested Loop", "Parent Relationship": "Outer", "Join Type": "Inner", "Startup Cost": 30000000000.0, "Total Cost": 3000029352155.95, "Plan Rows": 70, "Plan Width": 12, "Inner Unique": false, "Join Filter": "(mk.movie_id = mc.movie_id)", "Plans": [{"Node Type": "Nested Loop", "Parent Relationship": "Outer", "Join Type": "Inner", "Startup Cost": 20000000000.0, "Total Cost": 2000015686764.79, "Plan Rows": 33, "Plan Width": 4, "Inner Unique": true, "Join Filter": "(k.id = mk.keyword_id)", "Plans": [{"Node Type": "Index Scan", "Parent Relationship": "Outer", "Scan Direction": "Forward", "Index Name": "movie_id_movie_keyword", "Relation Name": "movie_keyword", "Alias": "mk", "Startup Cost": 10000000000.0, "Total Cost": 1000015300634.17, "Plan Rows": 4523929, "Plan Width": 8}, {"Node Type": "Materialize", "Parent Relationship": "Inner", "Startup Cost": 10000000000.0, "Total Cost": 1000000318271.69, "Plan Rows": 1, "Plan Width": 4, "Plans": [{"Node Type": "Index Scan", "Parent Relationship": "Outer", "Scan Direction": "Forward", "Index Name": "keyword_pkey", "Relation Name": "keyword", "Alias": "k", "Startup Cost": 10000000000.0, "Total Cost": 1000000318271.68, "Plan Rows": 1, "Plan Width": 4, "Filter": "((keyword)::text = 'character-name-in-title'::text)"}]}]}, {"Node Type": "Materialize", "Parent Relationship": "Inner", "Startup Cost": 10000000000.0, "Total Cost": 1000012380395.62, "Plan Rows": 2609128, "Plan Width": 8, "Plans": [{"Node Type": "Index Scan", "Parent Relationship": "Outer", "Scan Direction": "Forward", "Index Name": "company_id_movie_companies", "Relation Name": "movie_companies", "Alias": "mc", "Startup Cost": 10000000000.0, "Total Cost": 1000012367349.98, "Plan Rows": 2609128, "Plan Width": 8}]}]}, {"Node Type": "Materialize", "Parent Relationship": "Inner", "Startup Cost": 10000000000.0, "Total Cost": 1000001050150.17, "Plan Rows": 2240, "Plan Width": 4, "Plans": [{"Node Type": "Index Scan", "Parent Relationship": "Outer", "Scan Direction": "Forward", "Index Name": "company_name_pkey", "Relation Name": "company_name", "Alias": "cn", "Startup Cost": 10000000000.0, "Total Cost": 1000001050138.97, "Plan Rows": 2240, "Plan Width": 4, "Filter": "((country_code)::text = '[nl]'::text)"}]}]}]}]}]}, "Unique SQL Id": 2804875951, "Planner Runtime": 1}, "explain_analyze_plan": null}, "(16, '124')": {"explain_plan": {"Plan": {"Node Type": "Aggregate", "Strategy": "Plain", "Startup Cost": 2605.07, "Total Cost": 2605.08, "Plan Rows": 1, "Plan Width": 49, "Plans": [{"Node Type": "Nested Loop", "Parent Relationship": "Outer", "Join Type": "Inner", "Startup Cost": 0.0, "Total Cost": 2605.07, "Plan Rows": 2, "Plan Width": 17, "Inner Unique": true, "Join Filter": "(mc.movie_id = t.id)", "Plans": [{"Node Type": "Nested Loop", "Parent Relationship": "Outer", "Join Type": "Inner", "Startup Cost": 0.0, "Total Cost": 2604.42, "Plan Rows": 2, "Plan Width": 8, "Inner Unique": true, "Plans": [{"Node Type": "Nested Loop", "Parent Relationship": "Outer", "Join Type": "Inner", "Startup Cost": 0.0, "Total Cost": 2584.29, "Plan Rows": 70, "Plan Width": 12, "Inner Unique": false, "Plans": [{"Node Type": "Nested Loop", "Parent Relationship": "Outer", "Join Type": "Inner", "Startup Cost": 0.0, "Total Cost": 2573.32, "Plan Rows": 33, "Plan Width": 4, "Inner Unique": false, "Plans": [{"Node Type": "Seq Scan", "Parent Relationship": "Outer", "Relation Name": "keyword", "Alias": "k", "Startup Cost": 0.0, "Total Cost": 2436.11, "Plan Rows": 1, "Plan Width": 4, "Filter": "((keyword)::text = 'character-name-in-title'::text)"}, {"Node Type": "Index Scan", "Parent Relationship": "Inner", "Scan Direction": "Forward", "Index Name": "keyword_id_movie_keyword", "Relation Name": "movie_keyword", "Alias": "mk", "Startup Cost": 0.0, "Total Cost": 136.88, "Plan Rows": 33, "Plan Width": 8, "Index Cond": "(keyword_id = k.id)"}]}, {"Node Type": "Index Scan", "Parent Relationship": "Inner", "Scan Direction": "Forward", "Index Name": "movie_id_movie_companies", "Relation Name": "movie_companies", "Alias": "mc", "Startup Cost": 0.0, "Total Cost": 0.31, "Plan Rows": 2, "Plan Width": 8, "Index Cond": "(movie_id = mk.movie_id)"}]}, {"Node Type": "Index Scan", "Parent Relationship": "Inner", "Scan Direction": "Forward", "Index Name": "company_name_pkey", "Relation Name": "company_name", "Alias": "cn", "Startup Cost": 0.0, "Total Cost": 0.28, "Plan Rows": 1, "Plan Width": 4, "Index Cond": "(id = mc.company_id)", "Filter": "((country_code)::text = '[nl]'::text)"}]}, {"Node Type": "Index Scan", "Parent Relationship": "Inner", "Scan Direction": "Forward", "Index Name": "title_pkey", "Relation Name": "title", "Alias": "t", "Startup Cost": 0.0, "Total Cost": 0.31, "Plan Rows": 1, "Plan Width": 21, "Index Cond": "(id = mk.movie_id)"}]}]}, "Unique SQL Id": 2804875951, "Planner Runtime": 2}, "explain_analyze_plan": {"Plan": {"Node Type": "Aggregate", "Strategy": "Plain", "Startup Cost": 2605.07, "Total Cost": 2605.08, "Plan Rows": 1, "Plan Width": 49, "Actual Startup Time": 1003.672, "Actual Total Time": 1003.673, "Actual Rows": 1, "Actual Loops": 1, "Plans": [{"Node Type": "Nested Loop", "Parent Relationship": "Outer", "Join Type": "Inner", "Startup Cost": 0.0, "Total Cost": 2605.07, "Plan Rows": 2, "Plan Width": 17, "Actual Startup Time": 4.721, "Actual Total Time": 1000.415, "Actual Rows": 5228, "Actual Loops": 1, "Inner Unique": true, "Join Filter": "(mc.movie_id = t.id)", "Rows Removed by Join Filter": 0, "Plans": [{"Node Type": "Nested Loop", "Parent Relationship": "Outer", "Join Type": "Inner", "Startup Cost": 0.0, "Total Cost": 2604.42, "Plan Rows": 2, "Plan Width": 8, "Actual Startup Time": 4.708, "Actual Total Time": 973.99, "Actual Rows": 5228, "Actual Loops": 1, "Inner Unique": true, "Plans": [{"Node Type": "Nested Loop", "Parent Relationship": "Outer", "Join Type": "Inner", "Startup Cost": 0.0, "Total Cost": 2584.29, "Plan Rows": 70, "Plan Width": 12, "Actual Startup Time": 1.809, "Actual Total Time": 358.696, "Actual Rows": 148552, "Actual Loops": 1, "Inner Unique": false, "Plans": [{"Node Type": "Nested Loop", "Parent Relationship": "Outer", "Join Type": "Inner", "Startup Cost": 0.0, "Total Cost": 2573.32, "Plan Rows": 33, "Plan Width": 4, "Actual Startup Time": 1.792, "Actual Total Time": 86.929, "Actual Rows": 41840, "Actual Loops": 1, "Inner Unique": false, "Plans": [{"Node Type": "Seq Scan", "Parent Relationship": "Outer", "Relation Name": "keyword", "Alias": "k", "Startup Cost": 0.0, "Total Cost": 2436.11, "Plan Rows": 1, "Plan Width": 4, "Actual Startup Time": 1.768, "Actual Total Time": 41.894, "Actual Rows": 1, "Actual Loops": 1, "Filter": "((keyword)::text = 'character-name-in-title'::text)", "Rows Removed by Filter": 134168}, {"Node Type": "Index Scan", "Parent Relationship": "Inner", "Scan Direction": "Forward", "Index Name": "keyword_id_movie_keyword", "Relation Name": "movie_keyword", "Alias": "mk", "Startup Cost": 0.0, "Total Cost": 136.88, "Plan Rows": 33, "Plan Width": 8, "Actual Startup Time": 0.02, "Actual Total Time": 35.59, "Actual Rows": 41840, "Actual Loops": 1, "Index Cond": "(keyword_id = k.id)", "Rows Removed by Index Recheck": 0}]}, {"Node Type": "Index Scan", "Parent Relationship": "Inner", "Scan Direction": "Forward", "Index Name": "movie_id_movie_companies", "Relation Name": "movie_companies", "Alias": "mc", "Startup Cost": 0.0, "Total Cost": 0.31, "Plan Rows": 2, "Plan Width": 8, "Actual Startup Time": 145.322, "Actual Total Time": 215.961, "Actual Rows": 148552, "Actual Loops": 41840, "Index Cond": "(movie_id = mk.movie_id)", "Rows Removed by Index Recheck": 0}]}, {"Node Type": "Index Scan", "Parent Relationship": "Inner", "Scan Direction": "Forward", "Index Name": "company_name_pkey", "Relation Name": "company_name", "Alias": "cn", "Startup Cost": 0.0, "Total Cost": 0.28, "Plan Rows": 1, "Plan Width": 4, "Actual Startup Time": 543.353, "Actual Total Time": 543.353, "Actual Rows": 5228, "Actual Loops": 148552, "Index Cond": "(id = mc.company_id)", "Rows Removed by Index Recheck": 0, "Filter": "((country_code)::text = '[nl]'::text)", "Rows Removed by Filter": 143324}]}, {"Node Type": "Index Scan", "Parent Relationship": "Inner", "Scan Direction": "Forward", "Index Name": "title_pkey", "Relation Name": "title", "Alias": "t", "Startup Cost": 0.0, "Total Cost": 0.31, "Plan Rows": 1, "Plan Width": 21, "Actual Startup Time": 20.597, "Actual Total Time": 20.597, "Actual Rows": 5228, "Actual Loops": 5228, "Index Cond": "(id = mk.movie_id)", "Rows Removed by Index Recheck": 0}]}]}, "Triggers": [], "Planner Runtime": 10.364, "Total Runtime": 1003.955, "Unique SQL Id": 2804875951}}, "(16, '125')": {"explain_plan": {"Plan": {"Node Type": "Aggregate", "Strategy": "Plain", "Startup Cost": 3351.67, "Total Cost": 3351.68, "Plan Rows": 1, "Plan Width": 49, "Plans": [{"Node Type": "Nested Loop", "Parent Relationship": "Outer", "Join Type": "Inner", "Startup Cost": 0.0, "Total Cost": 3351.67, "Plan Rows": 2, "Plan Width": 17, "Inner Unique": true, "Join Filter": "(mc.movie_id = t.id)", "Plans": [{"Node Type": "Nested Loop", "Parent Relationship": "Outer", "Join Type": "Inner", "Startup Cost": 0.0, "Total Cost": 3351.03, "Plan Rows": 2, "Plan Width": 8, "Inner Unique": true, "Plans": [{"Node Type": "Nested Loop", "Parent Relationship": "Outer", "Join Type": "Inner", "Startup Cost": 0.0, "Total Cost": 3330.89, "Plan Rows": 70, "Plan Width": 12, "Inner Unique": false, "Plans": [{"Node Type": "Nested Loop", "Parent Relationship": "Outer", "Join Type": "Inner", "Startup Cost": 0.0, "Total Cost": 3319.92, "Plan Rows": 33, "Plan Width": 4, "Inner Unique": false, "Plans": [{"Node Type": "Index Scan", "Parent Relationship": "Outer", "Scan Direction": "Forward", "Index Name": "keyword_pkey", "Relation Name": "keyword", "Alias": "k", "Startup Cost": 0.0, "Total Cost": 3182.72, "Plan Rows": 1, "Plan Width": 4, "Filter": "((keyword)::text = 'character-name-in-title'::text)"}, {"Node Type": "Index Scan", "Parent Relationship": "Inner", "Scan Direction": "Forward", "Index Name": "keyword_id_movie_keyword", "Relation Name": "movie_keyword", "Alias": "mk", "Startup Cost": 0.0, "Total Cost": 136.88, "Plan Rows": 33, "Plan Width": 8, "Index Cond": "(keyword_id = k.id)"}]}, {"Node Type": "Index Scan", "Parent Relationship": "Inner", "Scan Direction": "Forward", "Index Name": "movie_id_movie_companies", "Relation Name": "movie_companies", "Alias": "mc", "Startup Cost": 0.0, "Total Cost": 0.31, "Plan Rows": 2, "Plan Width": 8, "Index Cond": "(movie_id = mk.movie_id)"}]}, {"Node Type": "Index Scan", "Parent Relationship": "Inner", "Scan Direction": "Forward", "Index Name": "company_name_pkey", "Relation Name": "company_name", "Alias": "cn", "Startup Cost": 0.0, "Total Cost": 0.28, "Plan Rows": 1, "Plan Width": 4, "Index Cond": "(id = mc.company_id)", "Filter": "((country_code)::text = '[nl]'::text)"}]}, {"Node Type": "Index Scan", "Parent Relationship": "Inner", "Scan Direction": "Forward", "Index Name": "title_pkey", "Relation Name": "title", "Alias": "t", "Startup Cost": 0.0, "Total Cost": 0.31, "Plan Rows": 1, "Plan Width": 21, "Index Cond": "(id = mk.movie_id)"}]}]}, "Unique SQL Id": 2804875951, "Planner Runtime": 2}, "explain_analyze_plan": {"Plan": {"Node Type": "Aggregate", "Strategy": "Plain", "Startup Cost": 3351.67, "Total Cost": 3351.68, "Plan Rows": 1, "Plan Width": 49, "Actual Startup Time": 1115.49, "Actual Total Time": 1115.49, "Actual Rows": 1, "Actual Loops": 1, "Plans": [{"Node Type": "Nested Loop", "Parent Relationship": "Outer", "Join Type": "Inner", "Startup Cost": 0.0, "Total Cost": 3351.67, "Plan Rows": 2, "Plan Width": 17, "Actual Startup Time": 3.24, "Actual Total Time": 1112.359, "Actual Rows": 5228, "Actual Loops": 1, "Inner Unique": true, "Join Filter": "(mc.movie_id = t.id)", "Rows Removed by Join Filter": 0, "Plans": [{"Node Type": "Nested Loop", "Parent Relationship": "Outer", "Join Type": "Inner", "Startup Cost": 0.0, "Total Cost": 3351.03, "Plan Rows": 2, "Plan Width": 8, "Actual Startup Time": 3.226, "Actual Total Time": 1085.159, "Actual Rows": 5228, "Actual Loops": 1, "Inner Unique": true, "Plans": [{"Node Type": "Nested Loop", "Parent Relationship": "Outer", "Join Type": "Inner", "Startup Cost": 0.0, "Total Cost": 3330.89, "Plan Rows": 70, "Plan Width": 12, "Actual Startup Time": 0.236, "Actual Total Time": 447.681, "Actual Rows": 148552, "Actual Loops": 1, "Inner Unique": false, "Plans": [{"Node Type": "Nested Loop", "Parent Relationship": "Outer", "Join Type": "Inner", "Startup Cost": 0.0, "Total Cost": 3319.92, "Plan Rows": 33, "Plan Width": 4, "Actual Startup Time": 0.221, "Actual Total Time": 168.712, "Actual Rows": 41840, "Actual Loops": 1, "Inner Unique": false, "Plans": [{"Node Type": "Index Scan", "Parent Relationship": "Outer", "Scan Direction": "Forward", "Index Name": "keyword_pkey", "Relation Name": "keyword", "Alias": "k", "Startup Cost": 0.0, "Total Cost": 3182.72, "Plan Rows": 1, "Plan Width": 4, "Actual Startup Time": 0.203, "Actual Total Time": 122.802, "Actual Rows": 1, "Actual Loops": 1, "Filter": "((keyword)::text = 'character-name-in-title'::text)", "Rows Removed by Filter": 134168}, {"Node Type": "Index Scan", "Parent Relationship": "Inner", "Scan Direction": "Forward", "Index Name": "keyword_id_movie_keyword", "Relation Name": "movie_keyword", "Alias": "mk", "Startup Cost": 0.0, "Total Cost": 136.88, "Plan Rows": 33, "Plan Width": 8, "Actual Startup Time": 0.013, "Actual Total Time": 36.759, "Actual Rows": 41840, "Actual Loops": 1, "Index Cond": "(keyword_id = k.id)", "Rows Removed by Index Recheck": 0}]}, {"Node Type": "Index Scan", "Parent Relationship": "Inner", "Scan Direction": "Forward", "Index Name": "movie_id_movie_companies", "Relation Name": "movie_companies", "Alias": "mc", "Startup Cost": 0.0, "Total Cost": 0.31, "Plan Rows": 2, "Plan Width": 8, "Actual Startup Time": 150.509, "Actual Total Time": 222.921, "Actual Rows": 148552, "Actual Loops": 41840, "Index Cond": "(movie_id = mk.movie_id)", "Rows Removed by Index Recheck": 0}]}, {"Node Type": "Index Scan", "Parent Relationship": "Inner", "Scan Direction": "Forward", "Index Name": "company_name_pkey", "Relation Name": "company_name", "Alias": "cn", "Startup Cost": 0.0, "Total Cost": 0.28, "Plan Rows": 1, "Plan Width": 4, "Actual Startup Time": 564.52, "Actual Total Time": 564.52, "Actual Rows": 5228, "Actual Loops": 148552, "Index Cond": "(id = mc.company_id)", "Rows Removed by Index Recheck": 0, "Filter": "((country_code)::text = '[nl]'::text)", "Rows Removed by Filter": 143324}]}, {"Node Type": "Index Scan", "Parent Relationship": "Inner", "Scan Direction": "Forward", "Index Name": "title_pkey", "Relation Name": "title", "Alias": "t", "Startup Cost": 0.0, "Total Cost": 0.31, "Plan Rows": 1, "Plan Width": 21, "Actual Startup Time": 21.443, "Actual Total Time": 21.443, "Actual Rows": 5228, "Actual Loops": 5228, "Index Cond": "(id = mk.movie_id)", "Rows Removed by Index Recheck": 0}]}]}, "Triggers": [], "Planner Runtime": 9.9, "Total Runtime": 1115.761, "Unique SQL Id": 2804875951}}, "(16, '126')": {"explain_plan": {"Plan": {"Node Type": "Aggregate", "Strategy": "Plain", "Startup Cost": 149170.95, "Total Cost": 149170.97, "Plan Rows": 1, "Plan Width": 49, "Plans": [{"Node Type": "Streaming(type: LOCAL GATHER dop: 1/16)", "Parent Relationship": "Outer", "Startup Cost": 149170.95, "Total Cost": 149170.97, "Plan Rows": 1, "Plan Width": 49, "Plans": [{"Node Type": "Aggregate", "Strategy": "Plain", "Parent Relationship": "Outer", "Startup Cost": 149170.95, "Total Cost": 149170.96, "Plan Rows": 1, "Plan Width": 49, "Plans": [{"Node Type": "Nested Loop", "Parent Relationship": "Outer", "Join Type": "Inner", "Startup Cost": 0.0, "Total Cost": 149170.94, "Plan Rows": 2, "Plan Width": 17, "Inner Unique": false, "Join Filter": "(mc.movie_id = t.id)", "Plans": [{"Node Type": "Seq Scan", "Parent Relationship": "Outer", "Relation Name": "title", "Alias": "t", "Startup Cost": 0.0, "Total Cost": 18754.32, "Plan Rows": 2528311, "Plan Width": 21}, {"Node Type": "Materialize", "Parent Relationship": "Inner", "Startup Cost": 0.0, "Total Cost": 125676.05, "Plan Rows": 32, "Plan Width": 8, "Plans": [{"Node Type": "Streaming(type: BROADCAST dop: 16/1)", "Parent Relationship": "Outer", "Startup Cost": 0.0, "Total Cost": 125676.04, "Plan Rows": 32, "Plan Width": 8, "Plans": [{"Node Type": "Nested Loop", "Parent Relationship": "Outer", "Join Type": "Inner", "Startup Cost": 0.0, "Total Cost": 110675.35, "Plan Rows": 2, "Plan Width": 8, "Inner Unique": false, "Join Filter": "(mc.company_id = cn.id)", "Plans": [{"Node Type": "Seq Scan", "Parent Relationship": "Outer", "Relation Name": "company_name", "Alias": "cn", "Startup Cost": 0.0, "Total Cost": 5903.45, "Plan Rows": 2240, "Plan Width": 4, "Filter": "((country_code)::text = '[nl]'::text)"}, {"Node Type": "Materialize", "Parent Relationship": "Inner", "Startup Cost": 0.0, "Total Cost": 102420.07, "Plan Rows": 70, "Plan Width": 12, "Plans": [{"Node Type": "Streaming(type: LOCAL GATHER dop: 1/16)", "Parent Relationship": "Outer", "Startup Cost": 0.0, "Total Cost": 102419.72, "Plan Rows": 70, "Plan Width": 12, "Plans": [{"Node Type": "Nested Loop", "Parent Relationship": "Outer", "Join Type": "Inner", "Startup Cost": 0.0, "Total Cost": 102418.21, "Plan Rows": 70, "Plan Width": 12, "Inner Unique": false, "Join Filter": "(mk.movie_id = mc.movie_id)", "Plans": [{"Node Type": "Streaming(type: LOCAL REDISTRIBUTE dop: 16/16)", "Parent Relationship": "Outer", "Startup Cost": 0.0, "Total Cost": 42499.73, "Plan Rows": 2609128, "Plan Width": 8, "Plans": [{"Node Type": "Seq Scan", "Parent Relationship": "Outer", "Relation Name": "movie_companies", "Alias": "mc", "Startup Cost": 0.0, "Total Cost": 17613.58, "Plan Rows": 2609128, "Plan Width": 8}]}, {"Node Type": "Materialize", "Parent Relationship": "Inner", "Startup Cost": 0.0, "Total Cost": 54873.49, "Plan Rows": 33, "Plan Width": 4, "Plans": [{"Node Type": "Streaming(type: LOCAL REDISTRIBUTE dop: 16/16)", "Parent Relationship": "Outer", "Startup Cost": 0.0, "Total Cost": 54873.48, "Plan Rows": 33, "Plan Width": 4, "Plans": [{"Node Type": "Nested Loop", "Parent Relationship": "Outer", "Join Type": "Inner", "Startup Cost": 0.0, "Total Cost": 39873.36, "Plan Rows": 33, "Plan Width": 4, "Inner Unique": false, "Join Filter": "(k.id = mk.keyword_id)", "Plans": [{"Node Type": "Streaming(type: BROADCAST dop: 16/1)", "Parent Relationship": "Outer", "Startup Cost": 0.0, "Total Cost": 17436.46, "Plan Rows": 16, "Plan Width": 4, "Plans": [{"Node Type": "Seq Scan", "Parent Relationship": "Outer", "Relation Name": "keyword", "Alias": "k", "Startup Cost": 0.0, "Total Cost": 2436.11, "Plan Rows": 1, "Plan Width": 4, "Filter": "((keyword)::text = 'character-name-in-title'::text)"}]}, {"Node Type": "Seq Scan", "Parent Relationship": "Inner", "Relation Name": "movie_keyword", "Alias": "mk", "Startup Cost": 0.0, "Total Cost": 18902.58, "Plan Rows": 4523929, "Plan Width": 8}]}]}]}]}]}]}]}]}]}]}]}]}]}, "Unique SQL Id": 2804875951, "Planner Runtime": 2}, "explain_analyze_plan": null}, "(16, '127')": {"explain_plan": {"Plan": {"Node Type": "Aggregate", "Strategy": "Plain", "Startup Cost": 5000041492550.78, "Total Cost": 5000041492550.79, "Plan Rows": 1, "Plan Width": 49, "Plans": [{"Node Type": "Nested Loop", "Parent Relationship": "Outer", "Join Type": "Inner", "Startup Cost": 50000000000.0, "Total Cost": 5000041492550.77, "Plan Rows": 2, "Plan Width": 17, "Inner Unique": false, "Join Filter": "(mc.movie_id = t.id)", "Plans": [{"Node Type": "Index Scan", "Parent Relationship": "Outer", "Scan Direction": "Forward", "Index Name": "title_pkey", "Relation Name": "title", "Alias": "t", "Startup Cost": 10000000000.0, "Total Cost": 1000011012048.91, "Plan Rows": 2528311, "Plan Width": 21}, {"Node Type": "Materialize", "Parent Relationship": "Inner", "Startup Cost": 40000000000.0, "Total Cost": 4000030404652.53, "Plan Rows": 2, "Plan Width": 8, "Plans": [{"Node Type": "Nested Loop", "Parent Relationship": "Outer", "Join Type": "Inner", "Startup Cost": 40000000000.0, "Total Cost": 4000030404652.52, "Plan Rows": 2, "Plan Width": 8, "Inner Unique": true, "Join Filter": "(mc.company_id = cn.id)", "Plans": [{"Node Type": "Nested Loop", "Parent Relationship": "Outer", "Join Type": "Inner", "Startup Cost": 30000000000.0, "Total Cost": 3000029352155.95, "Plan Rows": 70, "Plan Width": 12, "Inner Unique": false, "Join Filter": "(mk.movie_id = mc.movie_id)", "Plans": [{"Node Type": "Nested Loop", "Parent Relationship": "Outer", "Join Type": "Inner", "Startup Cost": 20000000000.0, "Total Cost": 2000015686764.79, "Plan Rows": 33, "Plan Width": 4, "Inner Unique": true, "Join Filter": "(k.id = mk.keyword_id)", "Plans": [{"Node Type": "Index Scan", "Parent Relationship": "Outer", "Scan Direction": "Forward", "Index Name": "movie_id_movie_keyword", "Relation Name": "movie_keyword", "Alias": "mk", "Startup Cost": 10000000000.0, "Total Cost": 1000015300634.17, "Plan Rows": 4523929, "Plan Width": 8}, {"Node Type": "Materialize", "Parent Relationship": "Inner", "Startup Cost": 10000000000.0, "Total Cost": 1000000318271.69, "Plan Rows": 1, "Plan Width": 4, "Plans": [{"Node Type": "Index Scan", "Parent Relationship": "Outer", "Scan Direction": "Forward", "Index Name": "keyword_pkey", "Relation Name": "keyword", "Alias": "k", "Startup Cost": 10000000000.0, "Total Cost": 1000000318271.68, "Plan Rows": 1, "Plan Width": 4, "Filter": "((keyword)::text = 'character-name-in-title'::text)"}]}]}, {"Node Type": "Materialize", "Parent Relationship": "Inner", "Startup Cost": 10000000000.0, "Total Cost": 1000012380395.62, "Plan Rows": 2609128, "Plan Width": 8, "Plans": [{"Node Type": "Index Scan", "Parent Relationship": "Outer", "Scan Direction": "Forward", "Index Name": "company_id_movie_companies", "Relation Name": "movie_companies", "Alias": "mc", "Startup Cost": 10000000000.0, "Total Cost": 1000012367349.98, "Plan Rows": 2609128, "Plan Width": 8}]}]}, {"Node Type": "Materialize", "Parent Relationship": "Inner", "Startup Cost": 10000000000.0, "Total Cost": 1000001050150.17, "Plan Rows": 2240, "Plan Width": 4, "Plans": [{"Node Type": "Index Scan", "Parent Relationship": "Outer", "Scan Direction": "Forward", "Index Name": "company_name_pkey", "Relation Name": "company_name", "Alias": "cn", "Startup Cost": 10000000000.0, "Total Cost": 1000001050138.97, "Plan Rows": 2240, "Plan Width": 4, "Filter": "((country_code)::text = '[nl]'::text)"}]}]}]}]}]}, "Unique SQL Id": 2804875951, "Planner Runtime": 1}, "explain_analyze_plan": null}, "(64, '0')": {"explain_plan": {"Plan": {"Node Type": "Aggregate", "Strategy": "Plain", "Startup Cost": 2600.78, "Total Cost": 2600.79, "Plan Rows": 1, "Plan Width": 49, "Plans": [{"Node Type": "Nested Loop", "Parent Relationship": "Outer", "Join Type": "Inner", "Startup Cost": 4.51, "Total Cost": 2600.77, "Plan Rows": 2, "Plan Width": 17, "Inner Unique": true, "Join Filter": "(mc.movie_id = t.id)", "Plans": [{"Node Type": "Nested Loop", "Parent Relationship": "Outer", "Join Type": "Inner", "Startup Cost": 4.51, "Total Cost": 2600.13, "Plan Rows": 2, "Plan Width": 8, "Inner Unique": true, "Plans": [{"Node Type": "Nested Loop", "Parent Relationship": "Outer", "Join Type": "Inner", "Startup Cost": 4.51, "Total Cost": 2579.99, "Plan Rows": 70, "Plan Width": 12, "Inner Unique": false, "Plans": [{"Node Type": "Nested Loop", "Parent Relationship": "Outer", "Join Type": "Inner", "Startup Cost": 4.51, "Total Cost": 2569.02, "Plan Rows": 33, "Plan Width": 4, "Inner Unique": false, "Plans": [{"Node Type": "Seq Scan", "Parent Relationship": "Outer", "Relation Name": "keyword", "Alias": "k", "Startup Cost": 0.0, "Total Cost": 2436.11, "Plan Rows": 1, "Plan Width": 4, "Filter": "((keyword)::text = 'character-name-in-title'::text)"}, {"Node Type": "Bitmap Heap Scan", "Parent Relationship": "Inner", "Relation Name": "movie_keyword", "Alias": "mk", "Startup Cost": 4.51, "Total Cost": 132.58, "Plan Rows": 33, "Plan Width": 8, "Recheck Cond": "(keyword_id = k.id)", "Plans": [{"Node Type": "Bitmap Index Scan", "Parent Relationship": "Outer", "Index Name": "keyword_id_movie_keyword", "Startup Cost": 0.0, "Total Cost": 4.5, "Plan Rows": 33, "Plan Width": 0, "Index Cond": "(keyword_id = k.id)"}]}]}, {"Node Type": "Index Scan", "Parent Relationship": "Inner", "Scan Direction": "Forward", "Index Name": "movie_id_movie_companies", "Relation Name": "movie_companies", "Alias": "mc", "Startup Cost": 0.0, "Total Cost": 0.31, "Plan Rows": 2, "Plan Width": 8, "Index Cond": "(movie_id = mk.movie_id)"}]}, {"Node Type": "Index Scan", "Parent Relationship": "Inner", "Scan Direction": "Forward", "Index Name": "company_name_pkey", "Relation Name": "company_name", "Alias": "cn", "Startup Cost": 0.0, "Total Cost": 0.28, "Plan Rows": 1, "Plan Width": 4, "Index Cond": "(id = mc.company_id)", "Filter": "((country_code)::text = '[nl]'::text)"}]}, {"Node Type": "Index Scan", "Parent Relationship": "Inner", "Scan Direction": "Forward", "Index Name": "title_pkey", "Relation Name": "title", "Alias": "t", "Startup Cost": 0.0, "Total Cost": 0.31, "Plan Rows": 1, "Plan Width": 21, "Index Cond": "(id = mk.movie_id)"}]}]}, "Unique SQL Id": 2804875951, "Planner Runtime": 10}, "explain_analyze_plan": {"Plan": {"Node Type": "Aggregate", "Strategy": "Plain", "Startup Cost": 2600.78, "Total Cost": 2600.79, "Plan Rows": 1, "Plan Width": 49, "Actual Startup Time": 1011.525, "Actual Total Time": 1011.525, "Actual Rows": 1, "Actual Loops": 1, "Plans": [{"Node Type": "Nested Loop", "Parent Relationship": "Outer", "Join Type": "Inner", "Startup Cost": 4.51, "Total Cost": 2600.77, "Plan Rows": 2, "Plan Width": 17, "Actual Startup Time": 12.528, "Actual Total Time": 1007.96, "Actual Rows": 5228, "Actual Loops": 1, "Inner Unique": true, "Join Filter": "(mc.movie_id = t.id)", "Rows Removed by Join Filter": 0, "Plans": [{"Node Type": "Nested Loop", "Parent Relationship": "Outer", "Join Type": "Inner", "Startup Cost": 4.51, "Total Cost": 2600.13, "Plan Rows": 2, "Plan Width": 8, "Actual Startup Time": 12.513, "Actual Total Time": 980.622, "Actual Rows": 5228, "Actual Loops": 1, "Inner Unique": true, "Plans": [{"Node Type": "Nested Loop", "Parent Relationship": "Outer", "Join Type": "Inner", "Startup Cost": 4.51, "Total Cost": 2579.99, "Plan Rows": 70, "Plan Width": 12, "Actual Startup Time": 9.527, "Actual Total Time": 365.273, "Actual Rows": 148552, "Actual Loops": 1, "Inner Unique": false, "Plans": [{"Node Type": "Nested Loop", "Parent Relationship": "Outer", "Join Type": "Inner", "Startup Cost": 4.51, "Total Cost": 2569.02, "Plan Rows": 33, "Plan Width": 4, "Actual Startup Time": 9.495, "Actual Total Time": 95.383, "Actual Rows": 41840, "Actual Loops": 1, "Inner Unique": false, "Plans": [{"Node Type": "Seq Scan", "Parent Relationship": "Outer", "Relation Name": "keyword", "Alias": "k", "Startup Cost": 0.0, "Total Cost": 2436.11, "Plan Rows": 1, "Plan Width": 4, "Actual Startup Time": 1.783, "Actual Total Time": 40.829, "Actual Rows": 1, "Actual Loops": 1, "Filter": "((keyword)::text = 'character-name-in-title'::text)", "Rows Removed by Filter": 134168}, {"Node Type": "Bitmap Heap Scan", "Parent Relationship": "Inner", "Relation Name": "movie_keyword", "Alias": "mk", "Startup Cost": 4.51, "Total Cost": 132.58, "Plan Rows": 33, "Plan Width": 8, "Actual Startup Time": 7.703, "Actual Total Time": 45.702, "Actual Rows": 41840, "Actual Loops": 1, "Recheck Cond": "(keyword_id = k.id)", "Rows Removed by Index Recheck": 0, "Exact Heap Blocks": 9702, "Lossy Heap Blocks": 9702, "Plans": [{"Node Type": "Bitmap Index Scan", "Parent Relationship": "Outer", "Index Name": "keyword_id_movie_keyword", "Startup Cost": 0.0, "Total Cost": 4.5, "Plan Rows": 33, "Plan Width": 0, "Actual Startup Time": 5.948, "Actual Total Time": 5.948, "Actual Rows": 41840, "Actual Loops": 1, "Index Cond": "(keyword_id = k.id)"}]}]}, {"Node Type": "Index Scan", "Parent Relationship": "Inner", "Scan Direction": "Forward", "Index Name": "movie_id_movie_companies", "Relation Name": "movie_companies", "Alias": "mc", "Startup Cost": 0.0, "Total Cost": 0.31, "Plan Rows": 2, "Plan Width": 8, "Actual Startup Time": 143.277, "Actual Total Time": 214.488, "Actual Rows": 148552, "Actual Loops": 41840, "Index Cond": "(movie_id = mk.movie_id)", "Rows Removed by Index Recheck": 0}]}, {"Node Type": "Index Scan", "Parent Relationship": "Inner", "Scan Direction": "Forward", "Index Name": "company_name_pkey", "Relation Name": "company_name", "Alias": "cn", "Startup Cost": 0.0, "Total Cost": 0.28, "Plan Rows": 1, "Plan Width": 4, "Actual Startup Time": 541.94, "Actual Total Time": 541.94, "Actual Rows": 5228, "Actual Loops": 148552, "Index Cond": "(id = mc.company_id)", "Rows Removed by Index Recheck": 0, "Filter": "((country_code)::text = '[nl]'::text)", "Rows Removed by Filter": 143324}]}, {"Node Type": "Index Scan", "Parent Relationship": "Inner", "Scan Direction": "Forward", "Index Name": "title_pkey", "Relation Name": "title", "Alias": "t", "Startup Cost": 0.0, "Total Cost": 0.31, "Plan Rows": 1, "Plan Width": 21, "Actual Startup Time": 21.446, "Actual Total Time": 21.446, "Actual Rows": 5228, "Actual Loops": 5228, "Index Cond": "(id = mk.movie_id)", "Rows Removed by Index Recheck": 0}]}]}, "Triggers": [], "Planner Runtime": 9.832, "Total Runtime": 1011.849, "Unique SQL Id": 2804875951}}, "(64, '1')": {"explain_plan": {"Plan": {"Node Type": "Aggregate", "Strategy": "Plain", "Startup Cost": 3347.38, "Total Cost": 3347.39, "Plan Rows": 1, "Plan Width": 49, "Plans": [{"Node Type": "Nested Loop", "Parent Relationship": "Outer", "Join Type": "Inner", "Startup Cost": 4.51, "Total Cost": 3347.38, "Plan Rows": 2, "Plan Width": 17, "Inner Unique": true, "Join Filter": "(mc.movie_id = t.id)", "Plans": [{"Node Type": "Nested Loop", "Parent Relationship": "Outer", "Join Type": "Inner", "Startup Cost": 4.51, "Total Cost": 3346.73, "Plan Rows": 2, "Plan Width": 8, "Inner Unique": true, "Plans": [{"Node Type": "Nested Loop", "Parent Relationship": "Outer", "Join Type": "Inner", "Startup Cost": 4.51, "Total Cost": 3326.6, "Plan Rows": 70, "Plan Width": 12, "Inner Unique": false, "Plans": [{"Node Type": "Nested Loop", "Parent Relationship": "Outer", "Join Type": "Inner", "Startup Cost": 4.51, "Total Cost": 3315.63, "Plan Rows": 33, "Plan Width": 4, "Inner Unique": false, "Plans": [{"Node Type": "Index Scan", "Parent Relationship": "Outer", "Scan Direction": "Forward", "Index Name": "keyword_pkey", "Relation Name": "keyword", "Alias": "k", "Startup Cost": 0.0, "Total Cost": 3182.72, "Plan Rows": 1, "Plan Width": 4, "Filter": "((keyword)::text = 'character-name-in-title'::text)"}, {"Node Type": "Bitmap Heap Scan", "Parent Relationship": "Inner", "Relation Name": "movie_keyword", "Alias": "mk", "Startup Cost": 4.51, "Total Cost": 132.58, "Plan Rows": 33, "Plan Width": 8, "Recheck Cond": "(keyword_id = k.id)", "Plans": [{"Node Type": "Bitmap Index Scan", "Parent Relationship": "Outer", "Index Name": "keyword_id_movie_keyword", "Startup Cost": 0.0, "Total Cost": 4.5, "Plan Rows": 33, "Plan Width": 0, "Index Cond": "(keyword_id = k.id)"}]}]}, {"Node Type": "Index Scan", "Parent Relationship": "Inner", "Scan Direction": "Forward", "Index Name": "movie_id_movie_companies", "Relation Name": "movie_companies", "Alias": "mc", "Startup Cost": 0.0, "Total Cost": 0.31, "Plan Rows": 2, "Plan Width": 8, "Index Cond": "(movie_id = mk.movie_id)"}]}, {"Node Type": "Index Scan", "Parent Relationship": "Inner", "Scan Direction": "Forward", "Index Name": "company_name_pkey", "Relation Name": "company_name", "Alias": "cn", "Startup Cost": 0.0, "Total Cost": 0.28, "Plan Rows": 1, "Plan Width": 4, "Index Cond": "(id = mc.company_id)", "Filter": "((country_code)::text = '[nl]'::text)"}]}, {"Node Type": "Index Scan", "Parent Relationship": "Inner", "Scan Direction": "Forward", "Index Name": "title_pkey", "Relation Name": "title", "Alias": "t", "Startup Cost": 0.0, "Total Cost": 0.31, "Plan Rows": 1, "Plan Width": 21, "Index Cond": "(id = mk.movie_id)"}]}]}, "Unique SQL Id": 2804875951, "Planner Runtime": 10}, "explain_analyze_plan": {"Plan": {"Node Type": "Aggregate", "Strategy": "Plain", "Startup Cost": 3347.38, "Total Cost": 3347.39, "Plan Rows": 1, "Plan Width": 49, "Actual Startup Time": 1116.379, "Actual Total Time": 1116.38, "Actual Rows": 1, "Actual Loops": 1, "Plans": [{"Node Type": "Nested Loop", "Parent Relationship": "Outer", "Join Type": "Inner", "Startup Cost": 4.51, "Total Cost": 3347.38, "Plan Rows": 2, "Plan Width": 17, "Actual Startup Time": 11.025, "Actual Total Time": 1112.884, "Actual Rows": 5228, "Actual Loops": 1, "Inner Unique": true, "Join Filter": "(mc.movie_id = t.id)", "Rows Removed by Join Filter": 0, "Plans": [{"Node Type": "Nested Loop", "Parent Relationship": "Outer", "Join Type": "Inner", "Startup Cost": 4.51, "Total Cost": 3346.73, "Plan Rows": 2, "Plan Width": 8, "Actual Startup Time": 11.01, "Actual Total Time": 1085.185, "Actual Rows": 5228, "Actual Loops": 1, "Inner Unique": true, "Plans": [{"Node Type": "Nested Loop", "Parent Relationship": "Outer", "Join Type": "Inner", "Startup Cost": 4.51, "Total Cost": 3326.6, "Plan Rows": 70, "Plan Width": 12, "Actual Startup Time": 8.008, "Actual Total Time": 447.869, "Actual Rows": 148552, "Actual Loops": 1, "Inner Unique": false, "Plans": [{"Node Type": "Nested Loop", "Parent Relationship": "Outer", "Join Type": "Inner", "Startup Cost": 4.51, "Total Cost": 3315.63, "Plan Rows": 33, "Plan Width": 4, "Actual Startup Time": 7.977, "Actual Total Time": 171.703, "Actual Rows": 41840, "Actual Loops": 1, "Inner Unique": false, "Plans": [{"Node Type": "Index Scan", "Parent Relationship": "Outer", "Scan Direction": "Forward", "Index Name": "keyword_pkey", "Relation Name": "keyword", "Alias": "k", "Startup Cost": 0.0, "Total Cost": 3182.72, "Plan Rows": 1, "Plan Width": 4, "Actual Startup Time": 0.191, "Actual Total Time": 115.745, "Actual Rows": 1, "Actual Loops": 1, "Filter": "((keyword)::text = 'character-name-in-title'::text)", "Rows Removed by Filter": 134168}, {"Node Type": "Bitmap Heap Scan", "Parent Relationship": "Inner", "Relation Name": "movie_keyword", "Alias": "mk", "Startup Cost": 4.51, "Total Cost": 132.58, "Plan Rows": 33, "Plan Width": 8, "Actual Startup Time": 7.779, "Actual Total Time": 46.991, "Actual Rows": 41840, "Actual Loops": 1, "Recheck Cond": "(keyword_id = k.id)", "Rows Removed by Index Recheck": 0, "Exact Heap Blocks": 9702, "Lossy Heap Blocks": 9702, "Plans": [{"Node Type": "Bitmap Index Scan", "Parent Relationship": "Outer", "Index Name": "keyword_id_movie_keyword", "Startup Cost": 0.0, "Total Cost": 4.5, "Plan Rows": 33, "Plan Width": 0, "Actual Startup Time": 6.034, "Actual Total Time": 6.034, "Actual Rows": 41840, "Actual Loops": 1, "Index Cond": "(keyword_id = k.id)"}]}]}, {"Node Type": "Index Scan", "Parent Relationship": "Inner", "Scan Direction": "Forward", "Index Name": "movie_id_movie_companies", "Relation Name": "movie_companies", "Alias": "mc", "Startup Cost": 0.0, "Total Cost": 0.31, "Plan Rows": 2, "Plan Width": 8, "Actual Startup Time": 147.833, "Actual Total Time": 220.177, "Actual Rows": 148552, "Actual Loops": 41840, "Index Cond": "(movie_id = mk.movie_id)", "Rows Removed by Index Recheck": 0}]}, {"Node Type": "Index Scan", "Parent Relationship": "Inner", "Scan Direction": "Forward", "Index Name": "company_name_pkey", "Relation Name": "company_name", "Alias": "cn", "Startup Cost": 0.0, "Total Cost": 0.28, "Plan Rows": 1, "Plan Width": 4, "Actual Startup Time": 563.904, "Actual Total Time": 563.904, "Actual Rows": 5228, "Actual Loops": 148552, "Index Cond": "(id = mc.company_id)", "Rows Removed by Index Recheck": 0, "Filter": "((country_code)::text = '[nl]'::text)", "Rows Removed by Filter": 143324}]}, {"Node Type": "Index Scan", "Parent Relationship": "Inner", "Scan Direction": "Forward", "Index Name": "title_pkey", "Relation Name": "title", "Alias": "t", "Startup Cost": 0.0, "Total Cost": 0.31, "Plan Rows": 1, "Plan Width": 21, "Actual Startup Time": 22.044, "Actual Total Time": 22.044, "Actual Rows": 5228, "Actual Loops": 5228, "Index Cond": "(id = mk.movie_id)", "Rows Removed by Index Recheck": 0}]}]}, "Triggers": [], "Planner Runtime": 9.698, "Total Runtime": 1116.687, "Unique SQL Id": 2804875951}}, "(64, '2')": {"explain_plan": {"Plan": {"Node Type": "Aggregate", "Strategy": "Plain", "Startup Cost": 3019.97, "Total Cost": 3019.98, "Plan Rows": 1, "Plan Width": 49, "Plans": [{"Node Type": "Nested Loop", "Parent Relationship": "Outer", "Join Type": "Inner", "Startup Cost": 5.3, "Total Cost": 3019.97, "Plan Rows": 2, "Plan Width": 17, "Inner Unique": true, "Join Filter": "(mc.movie_id = t.id)", "Plans": [{"Node Type": "Nested Loop", "Parent Relationship": "Outer", "Join Type": "Inner", "Startup Cost": 5.04, "Total Cost": 3011.39, "Plan Rows": 2, "Plan Width": 8, "Inner Unique": true, "Plans": [{"Node Type": "Nested Loop", "Parent Relationship": "Outer", "Join Type": "Inner", "Startup Cost": 4.78, "Total Cost": 2711.55, "Plan Rows": 70, "Plan Width": 12, "Inner Unique": false, "Plans": [{"Node Type": "Nested Loop", "Parent Relationship": "Outer", "Join Type": "Inner", "Startup Cost": 4.51, "Total Cost": 2569.02, "Plan Rows": 33, "Plan Width": 4, "Inner Unique": false, "Plans": [{"Node Type": "Seq Scan", "Parent Relationship": "Outer", "Relation Name": "keyword", "Alias": "k", "Startup Cost": 0.0, "Total Cost": 2436.11, "Plan Rows": 1, "Plan Width": 4, "Filter": "((keyword)::text = 'character-name-in-title'::text)"}, {"Node Type": "Bitmap Heap Scan", "Parent Relationship": "Inner", "Relation Name": "movie_keyword", "Alias": "mk", "Startup Cost": 4.51, "Total Cost": 132.58, "Plan Rows": 33, "Plan Width": 8, "Recheck Cond": "(keyword_id = k.id)", "Plans": [{"Node Type": "Bitmap Index Scan", "Parent Relationship": "Outer", "Index Name": "keyword_id_movie_keyword", "Startup Cost": 0.0, "Total Cost": 4.5, "Plan Rows": 33, "Plan Width": 0, "Index Cond": "(keyword_id = k.id)"}]}]}, {"Node Type": "Bitmap Heap Scan", "Parent Relationship": "Inner", "Relation Name": "movie_companies", "Alias": "mc", "Startup Cost": 0.27, "Total Cost": 4.3, "Plan Rows": 2, "Plan Width": 8, "Recheck Cond": "(movie_id = mk.movie_id)", "Plans": [{"Node Type": "Bitmap Index Scan", "Parent Relationship": "Outer", "Index Name": "movie_id_movie_companies", "Startup Cost": 0.0, "Total Cost": 0.27, "Plan Rows": 2, "Plan Width": 0, "Index Cond": "(movie_id = mk.movie_id)"}]}]}, {"Node Type": "Bitmap Heap Scan", "Parent Relationship": "Inner", "Relation Name": "company_name", "Alias": "cn", "Startup Cost": 0.26, "Total Cost": 4.27, "Plan Rows": 1, "Plan Width": 4, "Recheck Cond": "(id = mc.company_id)", "Filter": "((country_code)::text = '[nl]'::text)", "Plans": [{"Node Type": "Bitmap Index Scan", "Parent Relationship": "Outer", "Index Name": "company_name_pkey", "Startup Cost": 0.0, "Total Cost": 0.26, "Plan Rows": 1, "Plan Width": 0, "Index Cond": "(id = mc.company_id)"}]}]}, {"Node Type": "Bitmap Heap Scan", "Parent Relationship": "Inner", "Relation Name": "title", "Alias": "t", "Startup Cost": 0.27, "Total Cost": 4.28, "Plan Rows": 1, "Plan Width": 21, "Recheck Cond": "(id = mk.movie_id)", "Plans": [{"Node Type": "Bitmap Index Scan", "Parent Relationship": "Outer", "Index Name": "title_pkey", "Startup Cost": 0.0, "Total Cost": 0.27, "Plan Rows": 1, "Plan Width": 0, "Index Cond": "(id = mk.movie_id)"}]}]}]}, "Unique SQL Id": 2804875951, "Planner Runtime": 10}, "explain_analyze_plan": {"Plan": {"Node Type": "Aggregate", "Strategy": "Plain", "Startup Cost": 3019.97, "Total Cost": 3019.98, "Plan Rows": 1, "Plan Width": 49, "Actual Startup Time": 1379.762, "Actual Total Time": 1379.762, "Actual Rows": 1, "Actual Loops": 1, "Plans": [{"Node Type": "Nested Loop", "Parent Relationship": "Outer", "Join Type": "Inner", "Startup Cost": 5.3, "Total Cost": 3019.97, "Plan Rows": 2, "Plan Width": 17, "Actual Startup Time": 13.852, "Actual Total Time": 1374.961, "Actual Rows": 5228, "Actual Loops": 1, "Inner Unique": true, "Join Filter": "(mc.movie_id = t.id)", "Rows Removed by Join Filter": 0, "Plans": [{"Node Type": "Nested Loop", "Parent Relationship": "Outer", "Join Type": "Inner", "Startup Cost": 5.04, "Total Cost": 3011.39, "Plan Rows": 2, "Plan Width": 8, "Actual Startup Time": 13.83, "Actual Total Time": 1338.406, "Actual Rows": 5228, "Actual Loops": 1, "Inner Unique": true, "Plans": [{"Node Type": "Nested Loop", "Parent Relationship": "Outer", "Join Type": "Inner", "Startup Cost": 4.78, "Total Cost": 2711.55, "Plan Rows": 70, "Plan Width": 12, "Actual Startup Time": 9.636, "Actual Total Time": 474.478, "Actual Rows": 148552, "Actual Loops": 1, "Inner Unique": false, "Plans": [{"Node Type": "Nested Loop", "Parent Relationship": "Outer", "Join Type": "Inner", "Startup Cost": 4.51, "Total Cost": 2569.02, "Plan Rows": 33, "Plan Width": 4, "Actual Startup Time": 9.588, "Actual Total Time": 94.897, "Actual Rows": 41840, "Actual Loops": 1, "Inner Unique": false, "Plans": [{"Node Type": "Seq Scan", "Parent Relationship": "Outer", "Relation Name": "keyword", "Alias": "k", "Startup Cost": 0.0, "Total Cost": 2436.11, "Plan Rows": 1, "Plan Width": 4, "Actual Startup Time": 1.796, "Actual Total Time": 40.826, "Actual Rows": 1, "Actual Loops": 1, "Filter": "((keyword)::text = 'character-name-in-title'::text)", "Rows Removed by Filter": 134168}, {"Node Type": "Bitmap Heap Scan", "Parent Relationship": "Inner", "Relation Name": "movie_keyword", "Alias": "mk", "Startup Cost": 4.51, "Total Cost": 132.58, "Plan Rows": 33, "Plan Width": 8, "Actual Startup Time": 7.784, "Actual Total Time": 44.618, "Actual Rows": 41840, "Actual Loops": 1, "Recheck Cond": "(keyword_id = k.id)", "Rows Removed by Index Recheck": 0, "Exact Heap Blocks": 9702, "Lossy Heap Blocks": 9702, "Plans": [{"Node Type": "Bitmap Index Scan", "Parent Relationship": "Outer", "Index Name": "keyword_id_movie_keyword", "Startup Cost": 0.0, "Total Cost": 4.5, "Plan Rows": 33, "Plan Width": 0, "Actual Startup Time": 6.024, "Actual Total Time": 6.024, "Actual Rows": 41840, "Actual Loops": 1, "Index Cond": "(keyword_id = k.id)"}]}]}, {"Node Type": "Bitmap Heap Scan", "Parent Relationship": "Inner", "Relation Name": "movie_companies", "Alias": "mc", "Startup Cost": 0.27, "Total Cost": 4.3, "Plan Rows": 2, "Plan Width": 8, "Actual Startup Time": 239.829, "Actual Total Time": 294.063, "Actual Rows": 148552, "Actual Loops": 41840, "Recheck Cond": "(movie_id = mk.movie_id)", "Rows Removed by Index Recheck": 0, "Exact Heap Blocks": 62638, "Lossy Heap Blocks": 62638, "Plans": [{"Node Type": "Bitmap Index Scan", "Parent Relationship": "Outer", "Index Name": "movie_id_movie_companies", "Startup Cost": 0.0, "Total Cost": 0.27, "Plan Rows": 2, "Plan Width": 0, "Actual Startup Time": 149.912, "Actual Total Time": 149.912, "Actual Rows": 148552, "Actual Loops": 41840, "Index Cond": "(movie_id = mk.movie_id)"}]}]}, {"Node Type": "Bitmap Heap Scan", "Parent Relationship": "Inner", "Relation Name": "company_name", "Alias": "cn", "Startup Cost": 0.26, "Total Cost": 4.27, "Plan Rows": 1, "Plan Width": 4, "Actual Startup Time": 695.194, "Actual Total Time": 695.194, "Actual Rows": 5228, "Actual Loops": 148552, "Recheck Cond": "(id = mc.company_id)", "Rows Removed by Index Recheck": 0, "Filter": "((country_code)::text = '[nl]'::text)", "Rows Removed by Filter": 143324, "Exact Heap Blocks": 148552, "Lossy Heap Blocks": 148552, "Plans": [{"Node Type": "Bitmap Index Scan", "Parent Relationship": "Outer", "Index Name": "company_name_pkey", "Startup Cost": 0.0, "Total Cost": 0.26, "Plan Rows": 1, "Plan Width": 0, "Actual Startup Time": 387.396, "Actual Total Time": 387.396, "Actual Rows": 148552, "Actual Loops": 148552, "Index Cond": "(id = mc.company_id)"}]}]}, {"Node Type": "Bitmap Heap Scan", "Parent Relationship": "Inner", "Relation Name": "title", "Alias": "t", "Startup Cost": 0.27, "Total Cost": 4.28, "Plan Rows": 1, "Plan Width": 21, "Actual Startup Time": 27.627, "Actual Total Time": 27.627, "Actual Rows": 5228, "Actual Loops": 5228, "Recheck Cond": "(id = mk.movie_id)", "Rows Removed by Index Recheck": 0, "Exact Heap Blocks": 5228, "Lossy Heap Blocks": 5228, "Plans": [{"Node Type": "Bitmap Index Scan", "Parent Relationship": "Outer", "Index Name": "title_pkey", "Startup Cost": 0.0, "Total Cost": 0.27, "Plan Rows": 1, "Plan Width": 0, "Actual Startup Time": 16.124, "Actual Total Time": 16.124, "Actual Rows": 5228, "Actual Loops": 5228, "Index Cond": "(id = mk.movie_id)"}]}]}]}, "Triggers": [], "Planner Runtime": 9.995, "Total Runtime": 1380.114, "Unique SQL Id": 2804875951}}, "(64, '3')": {"explain_plan": {"Plan": {"Node Type": "Aggregate", "Strategy": "Plain", "Startup Cost": 3739.07, "Total Cost": 3739.08, "Plan Rows": 1, "Plan Width": 49, "Plans": [{"Node Type": "Nested Loop", "Parent Relationship": "Outer", "Join Type": "Inner", "Startup Cost": 724.4, "Total Cost": 3739.06, "Plan Rows": 2, "Plan Width": 17, "Inner Unique": true, "Join Filter": "(mc.movie_id = t.id)", "Plans": [{"Node Type": "Nested Loop", "Parent Relationship": "Outer", "Join Type": "Inner", "Startup Cost": 724.13, "Total Cost": 3730.48, "Plan Rows": 2, "Plan Width": 8, "Inner Unique": true, "Plans": [{"Node Type": "Nested Loop", "Parent Relationship": "Outer", "Join Type": "Inner", "Startup Cost": 723.87, "Total Cost": 3430.65, "Plan Rows": 70, "Plan Width": 12, "Inner Unique": false, "Plans": [{"Node Type": "Nested Loop", "Parent Relationship": "Outer", "Join Type": "Inner", "Startup Cost": 723.6, "Total Cost": 3288.12, "Plan Rows": 33, "Plan Width": 4, "Inner Unique": false, "Plans": [{"Node Type": "Bitmap Heap Scan", "Parent Relationship": "Outer", "Relation Name": "keyword", "Alias": "k", "Startup Cost": 719.1, "Total Cost": 3155.21, "Plan Rows": 1, "Plan Width": 4, "Filter": "((keyword)::text = 'character-name-in-title'::text)", "Plans": [{"Node Type": "Bitmap Index Scan", "Parent Relationship": "Outer", "Index Name": "keyword_pkey", "Startup Cost": 0.0, "Total Cost": 719.1, "Plan Rows": 134169, "Plan Width": 0}]}, {"Node Type": "Bitmap Heap Scan", "Parent Relationship": "Inner", "Relation Name": "movie_keyword", "Alias": "mk", "Startup Cost": 4.51, "Total Cost": 132.58, "Plan Rows": 33, "Plan Width": 8, "Recheck Cond": "(keyword_id = k.id)", "Plans": [{"Node Type": "Bitmap Index Scan", "Parent Relationship": "Outer", "Index Name": "keyword_id_movie_keyword", "Startup Cost": 0.0, "Total Cost": 4.5, "Plan Rows": 33, "Plan Width": 0, "Index Cond": "(keyword_id = k.id)"}]}]}, {"Node Type": "Bitmap Heap Scan", "Parent Relationship": "Inner", "Relation Name": "movie_companies", "Alias": "mc", "Startup Cost": 0.27, "Total Cost": 4.3, "Plan Rows": 2, "Plan Width": 8, "Recheck Cond": "(movie_id = mk.movie_id)", "Plans": [{"Node Type": "Bitmap Index Scan", "Parent Relationship": "Outer", "Index Name": "movie_id_movie_companies", "Startup Cost": 0.0, "Total Cost": 0.27, "Plan Rows": 2, "Plan Width": 0, "Index Cond": "(movie_id = mk.movie_id)"}]}]}, {"Node Type": "Bitmap Heap Scan", "Parent Relationship": "Inner", "Relation Name": "company_name", "Alias": "cn", "Startup Cost": 0.26, "Total Cost": 4.27, "Plan Rows": 1, "Plan Width": 4, "Recheck Cond": "(id = mc.company_id)", "Filter": "((country_code)::text = '[nl]'::text)", "Plans": [{"Node Type": "Bitmap Index Scan", "Parent Relationship": "Outer", "Index Name": "company_name_pkey", "Startup Cost": 0.0, "Total Cost": 0.26, "Plan Rows": 1, "Plan Width": 0, "Index Cond": "(id = mc.company_id)"}]}]}, {"Node Type": "Bitmap Heap Scan", "Parent Relationship": "Inner", "Relation Name": "title", "Alias": "t", "Startup Cost": 0.27, "Total Cost": 4.28, "Plan Rows": 1, "Plan Width": 21, "Recheck Cond": "(id = mk.movie_id)", "Plans": [{"Node Type": "Bitmap Index Scan", "Parent Relationship": "Outer", "Index Name": "title_pkey", "Startup Cost": 0.0, "Total Cost": 0.27, "Plan Rows": 1, "Plan Width": 0, "Index Cond": "(id = mk.movie_id)"}]}]}]}, "Unique SQL Id": 2804875951, "Planner Runtime": 9}, "explain_analyze_plan": {"Plan": {"Node Type": "Aggregate", "Strategy": "Plain", "Startup Cost": 3739.07, "Total Cost": 3739.08, "Plan Rows": 1, "Plan Width": 49, "Actual Startup Time": 1403.708, "Actual Total Time": 1403.709, "Actual Rows": 1, "Actual Loops": 1, "Plans": [{"Node Type": "Nested Loop", "Parent Relationship": "Outer", "Join Type": "Inner", "Startup Cost": 724.4, "Total Cost": 3739.06, "Plan Rows": 2, "Plan Width": 17, "Actual Startup Time": 25.933, "Actual Total Time": 1398.814, "Actual Rows": 5228, "Actual Loops": 1, "Inner Unique": true, "Join Filter": "(mc.movie_id = t.id)", "Rows Removed by Join Filter": 0, "Plans": [{"Node Type": "Nested Loop", "Parent Relationship": "Outer", "Join Type": "Inner", "Startup Cost": 724.13, "Total Cost": 3730.48, "Plan Rows": 2, "Plan Width": 8, "Actual Startup Time": 25.914, "Actual Total Time": 1361.007, "Actual Rows": 5228, "Actual Loops": 1, "Inner Unique": true, "Plans": [{"Node Type": "Nested Loop", "Parent Relationship": "Outer", "Join Type": "Inner", "Startup Cost": 723.87, "Total Cost": 3430.65, "Plan Rows": 70, "Plan Width": 12, "Actual Startup Time": 21.809, "Actual Total Time": 500.96, "Actual Rows": 148552, "Actual Loops": 1, "Inner Unique": false, "Plans": [{"Node Type": "Nested Loop", "Parent Relationship": "Outer", "Join Type": "Inner", "Startup Cost": 723.6, "Total Cost": 3288.12, "Plan Rows": 33, "Plan Width": 4, "Actual Startup Time": 21.768, "Actual Total Time": 121.31, "Actual Rows": 41840, "Actual Loops": 1, "Inner Unique": false, "Plans": [{"Node Type": "Bitmap Heap Scan", "Parent Relationship": "Outer", "Relation Name": "keyword", "Alias": "k", "Startup Cost": 719.1, "Total Cost": 3155.21, "Plan Rows": 1, "Plan Width": 4, "Actual Startup Time": 14.099, "Actual Total Time": 67.292, "Actual Rows": 1, "Actual Loops": 1, "Filter": "((keyword)::text = 'character-name-in-title'::text)", "Rows Removed by Filter": 134168, "Exact Heap Blocks": 759, "Lossy Heap Blocks": 759, "Plans": [{"Node Type": "Bitmap Index Scan", "Parent Relationship": "Outer", "Index Name": "keyword_pkey", "Startup Cost": 0.0, "Total Cost": 719.1, "Plan Rows": 134169, "Plan Width": 0, "Actual Startup Time": 11.779, "Actual Total Time": 11.779, "Actual Rows": 134169, "Actual Loops": 1}]}, {"Node Type": "Bitmap Heap Scan", "Parent Relationship": "Inner", "Relation Name": "movie_keyword", "Alias": "mk", "Startup Cost": 4.51, "Total Cost": 132.58, "Plan Rows": 33, "Plan Width": 8, "Actual Startup Time": 7.658, "Actual Total Time": 44.762, "Actual Rows": 41840, "Actual Loops": 1, "Recheck Cond": "(keyword_id = k.id)", "Rows Removed by Index Recheck": 0, "Exact Heap Blocks": 9702, "Lossy Heap Blocks": 9702, "Plans": [{"Node Type": "Bitmap Index Scan", "Parent Relationship": "Outer", "Index Name": "keyword_id_movie_keyword", "Startup Cost": 0.0, "Total Cost": 4.5, "Plan Rows": 33, "Plan Width": 0, "Actual Startup Time": 5.929, "Actual Total Time": 5.929, "Actual Rows": 41840, "Actual Loops": 1, "Index Cond": "(keyword_id = k.id)"}]}]}, {"Node Type": "Bitmap Heap Scan", "Parent Relationship": "Inner", "Relation Name": "movie_companies", "Alias": "mc", "Startup Cost": 0.27, "Total Cost": 4.3, "Plan Rows": 2, "Plan Width": 8, "Actual Startup Time": 239.943, "Actual Total Time": 294.096, "Actual Rows": 148552, "Actual Loops": 41840, "Recheck Cond": "(movie_id = mk.movie_id)", "Rows Removed by Index Recheck": 0, "Exact Heap Blocks": 62638, "Lossy Heap Blocks": 62638, "Plans": [{"Node Type": "Bitmap Index Scan", "Parent Relationship": "Outer", "Index Name": "movie_id_movie_companies", "Startup Cost": 0.0, "Total Cost": 0.27, "Plan Rows": 2, "Plan Width": 0, "Actual Startup Time": 149.366, "Actual Total Time": 149.366, "Actual Rows": 148552, "Actual Loops": 41840, "Index Cond": "(movie_id = mk.movie_id)"}]}]}, {"Node Type": "Bitmap Heap Scan", "Parent Relationship": "Inner", "Relation Name": "company_name", "Alias": "cn", "Startup Cost": 0.26, "Total Cost": 4.27, "Plan Rows": 1, "Plan Width": 4, "Actual Startup Time": 691.231, "Actual Total Time": 691.231, "Actual Rows": 5228, "Actual Loops": 148552, "Recheck Cond": "(id = mc.company_id)", "Rows Removed by Index Recheck": 0, "Filter": "((country_code)::text = '[nl]'::text)", "Rows Removed by Filter": 143324, "Exact Heap Blocks": 148552, "Lossy Heap Blocks": 148552, "Plans": [{"Node Type": "Bitmap Index Scan", "Parent Relationship": "Outer", "Index Name": "company_name_pkey", "Startup Cost": 0.0, "Total Cost": 0.26, "Plan Rows": 1, "Plan Width": 0, "Actual Startup Time": 387.407, "Actual Total Time": 387.407, "Actual Rows": 148552, "Actual Loops": 148552, "Index Cond": "(id = mc.company_id)"}]}]}, {"Node Type": "Bitmap Heap Scan", "Parent Relationship": "Inner", "Relation Name": "title", "Alias": "t", "Startup Cost": 0.27, "Total Cost": 4.28, "Plan Rows": 1, "Plan Width": 21, "Actual Startup Time": 27.84, "Actual Total Time": 27.84, "Actual Rows": 5228, "Actual Loops": 5228, "Recheck Cond": "(id = mk.movie_id)", "Rows Removed by Index Recheck": 0, "Exact Heap Blocks": 5228, "Lossy Heap Blocks": 5228, "Plans": [{"Node Type": "Bitmap Index Scan", "Parent Relationship": "Outer", "Index Name": "title_pkey", "Startup Cost": 0.0, "Total Cost": 0.27, "Plan Rows": 1, "Plan Width": 0, "Actual Startup Time": 16.25, "Actual Total Time": 16.25, "Actual Rows": 5228, "Actual Loops": 5228, "Index Cond": "(id = mk.movie_id)"}]}]}]}, "Triggers": [], "Planner Runtime": 9.206, "Total Runtime": 1404.134, "Unique SQL Id": 2804875951}}, "(64, '4')": {"explain_plan": {"Plan": {"Node Type": "Aggregate", "Strategy": "Plain", "Startup Cost": 2600.78, "Total Cost": 2600.79, "Plan Rows": 1, "Plan Width": 49, "Plans": [{"Node Type": "Nested Loop", "Parent Relationship": "Outer", "Join Type": "Inner", "Startup Cost": 4.51, "Total Cost": 2600.77, "Plan Rows": 2, "Plan Width": 17, "Inner Unique": true, "Join Filter": "(mc.movie_id = t.id)", "Plans": [{"Node Type": "Nested Loop", "Parent Relationship": "Outer", "Join Type": "Inner", "Startup Cost": 4.51, "Total Cost": 2600.13, "Plan Rows": 2, "Plan Width": 8, "Inner Unique": true, "Plans": [{"Node Type": "Nested Loop", "Parent Relationship": "Outer", "Join Type": "Inner", "Startup Cost": 4.51, "Total Cost": 2579.99, "Plan Rows": 70, "Plan Width": 12, "Inner Unique": false, "Plans": [{"Node Type": "Nested Loop", "Parent Relationship": "Outer", "Join Type": "Inner", "Startup Cost": 4.51, "Total Cost": 2569.02, "Plan Rows": 33, "Plan Width": 4, "Inner Unique": false, "Plans": [{"Node Type": "Seq Scan", "Parent Relationship": "Outer", "Relation Name": "keyword", "Alias": "k", "Startup Cost": 0.0, "Total Cost": 2436.11, "Plan Rows": 1, "Plan Width": 4, "Filter": "((keyword)::text = 'character-name-in-title'::text)"}, {"Node Type": "Bitmap Heap Scan", "Parent Relationship": "Inner", "Relation Name": "movie_keyword", "Alias": "mk", "Startup Cost": 4.51, "Total Cost": 132.58, "Plan Rows": 33, "Plan Width": 8, "Recheck Cond": "(keyword_id = k.id)", "Plans": [{"Node Type": "Bitmap Index Scan", "Parent Relationship": "Outer", "Index Name": "keyword_id_movie_keyword", "Startup Cost": 0.0, "Total Cost": 4.5, "Plan Rows": 33, "Plan Width": 0, "Index Cond": "(keyword_id = k.id)"}]}]}, {"Node Type": "Index Scan", "Parent Relationship": "Inner", "Scan Direction": "Forward", "Index Name": "movie_id_movie_companies", "Relation Name": "movie_companies", "Alias": "mc", "Startup Cost": 0.0, "Total Cost": 0.31, "Plan Rows": 2, "Plan Width": 8, "Index Cond": "(movie_id = mk.movie_id)"}]}, {"Node Type": "Index Scan", "Parent Relationship": "Inner", "Scan Direction": "Forward", "Index Name": "company_name_pkey", "Relation Name": "company_name", "Alias": "cn", "Startup Cost": 0.0, "Total Cost": 0.28, "Plan Rows": 1, "Plan Width": 4, "Index Cond": "(id = mc.company_id)", "Filter": "((country_code)::text = '[nl]'::text)"}]}, {"Node Type": "Index Scan", "Parent Relationship": "Inner", "Scan Direction": "Forward", "Index Name": "title_pkey", "Relation Name": "title", "Alias": "t", "Startup Cost": 0.0, "Total Cost": 0.31, "Plan Rows": 1, "Plan Width": 21, "Index Cond": "(id = mk.movie_id)"}]}]}, "Unique SQL Id": 2804875951, "Planner Runtime": 10}, "explain_analyze_plan": {"Plan": {"Node Type": "Aggregate", "Strategy": "Plain", "Startup Cost": 2600.78, "Total Cost": 2600.79, "Plan Rows": 1, "Plan Width": 49, "Actual Startup Time": 1011.525, "Actual Total Time": 1011.525, "Actual Rows": 1, "Actual Loops": 1, "Plans": [{"Node Type": "Nested Loop", "Parent Relationship": "Outer", "Join Type": "Inner", "Startup Cost": 4.51, "Total Cost": 2600.77, "Plan Rows": 2, "Plan Width": 17, "Actual Startup Time": 12.528, "Actual Total Time": 1007.96, "Actual Rows": 5228, "Actual Loops": 1, "Inner Unique": true, "Join Filter": "(mc.movie_id = t.id)", "Rows Removed by Join Filter": 0, "Plans": [{"Node Type": "Nested Loop", "Parent Relationship": "Outer", "Join Type": "Inner", "Startup Cost": 4.51, "Total Cost": 2600.13, "Plan Rows": 2, "Plan Width": 8, "Actual Startup Time": 12.513, "Actual Total Time": 980.622, "Actual Rows": 5228, "Actual Loops": 1, "Inner Unique": true, "Plans": [{"Node Type": "Nested Loop", "Parent Relationship": "Outer", "Join Type": "Inner", "Startup Cost": 4.51, "Total Cost": 2579.99, "Plan Rows": 70, "Plan Width": 12, "Actual Startup Time": 9.527, "Actual Total Time": 365.273, "Actual Rows": 148552, "Actual Loops": 1, "Inner Unique": false, "Plans": [{"Node Type": "Nested Loop", "Parent Relationship": "Outer", "Join Type": "Inner", "Startup Cost": 4.51, "Total Cost": 2569.02, "Plan Rows": 33, "Plan Width": 4, "Actual Startup Time": 9.495, "Actual Total Time": 95.383, "Actual Rows": 41840, "Actual Loops": 1, "Inner Unique": false, "Plans": [{"Node Type": "Seq Scan", "Parent Relationship": "Outer", "Relation Name": "keyword", "Alias": "k", "Startup Cost": 0.0, "Total Cost": 2436.11, "Plan Rows": 1, "Plan Width": 4, "Actual Startup Time": 1.783, "Actual Total Time": 40.829, "Actual Rows": 1, "Actual Loops": 1, "Filter": "((keyword)::text = 'character-name-in-title'::text)", "Rows Removed by Filter": 134168}, {"Node Type": "Bitmap Heap Scan", "Parent Relationship": "Inner", "Relation Name": "movie_keyword", "Alias": "mk", "Startup Cost": 4.51, "Total Cost": 132.58, "Plan Rows": 33, "Plan Width": 8, "Actual Startup Time": 7.703, "Actual Total Time": 45.702, "Actual Rows": 41840, "Actual Loops": 1, "Recheck Cond": "(keyword_id = k.id)", "Rows Removed by Index Recheck": 0, "Exact Heap Blocks": 9702, "Lossy Heap Blocks": 9702, "Plans": [{"Node Type": "Bitmap Index Scan", "Parent Relationship": "Outer", "Index Name": "keyword_id_movie_keyword", "Startup Cost": 0.0, "Total Cost": 4.5, "Plan Rows": 33, "Plan Width": 0, "Actual Startup Time": 5.948, "Actual Total Time": 5.948, "Actual Rows": 41840, "Actual Loops": 1, "Index Cond": "(keyword_id = k.id)"}]}]}, {"Node Type": "Index Scan", "Parent Relationship": "Inner", "Scan Direction": "Forward", "Index Name": "movie_id_movie_companies", "Relation Name": "movie_companies", "Alias": "mc", "Startup Cost": 0.0, "Total Cost": 0.31, "Plan Rows": 2, "Plan Width": 8, "Actual Startup Time": 143.277, "Actual Total Time": 214.488, "Actual Rows": 148552, "Actual Loops": 41840, "Index Cond": "(movie_id = mk.movie_id)", "Rows Removed by Index Recheck": 0}]}, {"Node Type": "Index Scan", "Parent Relationship": "Inner", "Scan Direction": "Forward", "Index Name": "company_name_pkey", "Relation Name": "company_name", "Alias": "cn", "Startup Cost": 0.0, "Total Cost": 0.28, "Plan Rows": 1, "Plan Width": 4, "Actual Startup Time": 541.94, "Actual Total Time": 541.94, "Actual Rows": 5228, "Actual Loops": 148552, "Index Cond": "(id = mc.company_id)", "Rows Removed by Index Recheck": 0, "Filter": "((country_code)::text = '[nl]'::text)", "Rows Removed by Filter": 143324}]}, {"Node Type": "Index Scan", "Parent Relationship": "Inner", "Scan Direction": "Forward", "Index Name": "title_pkey", "Relation Name": "title", "Alias": "t", "Startup Cost": 0.0, "Total Cost": 0.31, "Plan Rows": 1, "Plan Width": 21, "Actual Startup Time": 21.446, "Actual Total Time": 21.446, "Actual Rows": 5228, "Actual Loops": 5228, "Index Cond": "(id = mk.movie_id)", "Rows Removed by Index Recheck": 0}]}]}, "Triggers": [], "Planner Runtime": 9.832, "Total Runtime": 1011.849, "Unique SQL Id": 2804875951}}, "(64, '5')": {"explain_plan": {"Plan": {"Node Type": "Aggregate", "Strategy": "Plain", "Startup Cost": 3347.38, "Total Cost": 3347.39, "Plan Rows": 1, "Plan Width": 49, "Plans": [{"Node Type": "Nested Loop", "Parent Relationship": "Outer", "Join Type": "Inner", "Startup Cost": 4.51, "Total Cost": 3347.38, "Plan Rows": 2, "Plan Width": 17, "Inner Unique": true, "Join Filter": "(mc.movie_id = t.id)", "Plans": [{"Node Type": "Nested Loop", "Parent Relationship": "Outer", "Join Type": "Inner", "Startup Cost": 4.51, "Total Cost": 3346.73, "Plan Rows": 2, "Plan Width": 8, "Inner Unique": true, "Plans": [{"Node Type": "Nested Loop", "Parent Relationship": "Outer", "Join Type": "Inner", "Startup Cost": 4.51, "Total Cost": 3326.6, "Plan Rows": 70, "Plan Width": 12, "Inner Unique": false, "Plans": [{"Node Type": "Nested Loop", "Parent Relationship": "Outer", "Join Type": "Inner", "Startup Cost": 4.51, "Total Cost": 3315.63, "Plan Rows": 33, "Plan Width": 4, "Inner Unique": false, "Plans": [{"Node Type": "Index Scan", "Parent Relationship": "Outer", "Scan Direction": "Forward", "Index Name": "keyword_pkey", "Relation Name": "keyword", "Alias": "k", "Startup Cost": 0.0, "Total Cost": 3182.72, "Plan Rows": 1, "Plan Width": 4, "Filter": "((keyword)::text = 'character-name-in-title'::text)"}, {"Node Type": "Bitmap Heap Scan", "Parent Relationship": "Inner", "Relation Name": "movie_keyword", "Alias": "mk", "Startup Cost": 4.51, "Total Cost": 132.58, "Plan Rows": 33, "Plan Width": 8, "Recheck Cond": "(keyword_id = k.id)", "Plans": [{"Node Type": "Bitmap Index Scan", "Parent Relationship": "Outer", "Index Name": "keyword_id_movie_keyword", "Startup Cost": 0.0, "Total Cost": 4.5, "Plan Rows": 33, "Plan Width": 0, "Index Cond": "(keyword_id = k.id)"}]}]}, {"Node Type": "Index Scan", "Parent Relationship": "Inner", "Scan Direction": "Forward", "Index Name": "movie_id_movie_companies", "Relation Name": "movie_companies", "Alias": "mc", "Startup Cost": 0.0, "Total Cost": 0.31, "Plan Rows": 2, "Plan Width": 8, "Index Cond": "(movie_id = mk.movie_id)"}]}, {"Node Type": "Index Scan", "Parent Relationship": "Inner", "Scan Direction": "Forward", "Index Name": "company_name_pkey", "Relation Name": "company_name", "Alias": "cn", "Startup Cost": 0.0, "Total Cost": 0.28, "Plan Rows": 1, "Plan Width": 4, "Index Cond": "(id = mc.company_id)", "Filter": "((country_code)::text = '[nl]'::text)"}]}, {"Node Type": "Index Scan", "Parent Relationship": "Inner", "Scan Direction": "Forward", "Index Name": "title_pkey", "Relation Name": "title", "Alias": "t", "Startup Cost": 0.0, "Total Cost": 0.31, "Plan Rows": 1, "Plan Width": 21, "Index Cond": "(id = mk.movie_id)"}]}]}, "Unique SQL Id": 2804875951, "Planner Runtime": 9}, "explain_analyze_plan": {"Plan": {"Node Type": "Aggregate", "Strategy": "Plain", "Startup Cost": 3347.38, "Total Cost": 3347.39, "Plan Rows": 1, "Plan Width": 49, "Actual Startup Time": 1116.379, "Actual Total Time": 1116.38, "Actual Rows": 1, "Actual Loops": 1, "Plans": [{"Node Type": "Nested Loop", "Parent Relationship": "Outer", "Join Type": "Inner", "Startup Cost": 4.51, "Total Cost": 3347.38, "Plan Rows": 2, "Plan Width": 17, "Actual Startup Time": 11.025, "Actual Total Time": 1112.884, "Actual Rows": 5228, "Actual Loops": 1, "Inner Unique": true, "Join Filter": "(mc.movie_id = t.id)", "Rows Removed by Join Filter": 0, "Plans": [{"Node Type": "Nested Loop", "Parent Relationship": "Outer", "Join Type": "Inner", "Startup Cost": 4.51, "Total Cost": 3346.73, "Plan Rows": 2, "Plan Width": 8, "Actual Startup Time": 11.01, "Actual Total Time": 1085.185, "Actual Rows": 5228, "Actual Loops": 1, "Inner Unique": true, "Plans": [{"Node Type": "Nested Loop", "Parent Relationship": "Outer", "Join Type": "Inner", "Startup Cost": 4.51, "Total Cost": 3326.6, "Plan Rows": 70, "Plan Width": 12, "Actual Startup Time": 8.008, "Actual Total Time": 447.869, "Actual Rows": 148552, "Actual Loops": 1, "Inner Unique": false, "Plans": [{"Node Type": "Nested Loop", "Parent Relationship": "Outer", "Join Type": "Inner", "Startup Cost": 4.51, "Total Cost": 3315.63, "Plan Rows": 33, "Plan Width": 4, "Actual Startup Time": 7.977, "Actual Total Time": 171.703, "Actual Rows": 41840, "Actual Loops": 1, "Inner Unique": false, "Plans": [{"Node Type": "Index Scan", "Parent Relationship": "Outer", "Scan Direction": "Forward", "Index Name": "keyword_pkey", "Relation Name": "keyword", "Alias": "k", "Startup Cost": 0.0, "Total Cost": 3182.72, "Plan Rows": 1, "Plan Width": 4, "Actual Startup Time": 0.191, "Actual Total Time": 115.745, "Actual Rows": 1, "Actual Loops": 1, "Filter": "((keyword)::text = 'character-name-in-title'::text)", "Rows Removed by Filter": 134168}, {"Node Type": "Bitmap Heap Scan", "Parent Relationship": "Inner", "Relation Name": "movie_keyword", "Alias": "mk", "Startup Cost": 4.51, "Total Cost": 132.58, "Plan Rows": 33, "Plan Width": 8, "Actual Startup Time": 7.779, "Actual Total Time": 46.991, "Actual Rows": 41840, "Actual Loops": 1, "Recheck Cond": "(keyword_id = k.id)", "Rows Removed by Index Recheck": 0, "Exact Heap Blocks": 9702, "Lossy Heap Blocks": 9702, "Plans": [{"Node Type": "Bitmap Index Scan", "Parent Relationship": "Outer", "Index Name": "keyword_id_movie_keyword", "Startup Cost": 0.0, "Total Cost": 4.5, "Plan Rows": 33, "Plan Width": 0, "Actual Startup Time": 6.034, "Actual Total Time": 6.034, "Actual Rows": 41840, "Actual Loops": 1, "Index Cond": "(keyword_id = k.id)"}]}]}, {"Node Type": "Index Scan", "Parent Relationship": "Inner", "Scan Direction": "Forward", "Index Name": "movie_id_movie_companies", "Relation Name": "movie_companies", "Alias": "mc", "Startup Cost": 0.0, "Total Cost": 0.31, "Plan Rows": 2, "Plan Width": 8, "Actual Startup Time": 147.833, "Actual Total Time": 220.177, "Actual Rows": 148552, "Actual Loops": 41840, "Index Cond": "(movie_id = mk.movie_id)", "Rows Removed by Index Recheck": 0}]}, {"Node Type": "Index Scan", "Parent Relationship": "Inner", "Scan Direction": "Forward", "Index Name": "company_name_pkey", "Relation Name": "company_name", "Alias": "cn", "Startup Cost": 0.0, "Total Cost": 0.28, "Plan Rows": 1, "Plan Width": 4, "Actual Startup Time": 563.904, "Actual Total Time": 563.904, "Actual Rows": 5228, "Actual Loops": 148552, "Index Cond": "(id = mc.company_id)", "Rows Removed by Index Recheck": 0, "Filter": "((country_code)::text = '[nl]'::text)", "Rows Removed by Filter": 143324}]}, {"Node Type": "Index Scan", "Parent Relationship": "Inner", "Scan Direction": "Forward", "Index Name": "title_pkey", "Relation Name": "title", "Alias": "t", "Startup Cost": 0.0, "Total Cost": 0.31, "Plan Rows": 1, "Plan Width": 21, "Actual Startup Time": 22.044, "Actual Total Time": 22.044, "Actual Rows": 5228, "Actual Loops": 5228, "Index Cond": "(id = mk.movie_id)", "Rows Removed by Index Recheck": 0}]}]}, "Triggers": [], "Planner Runtime": 9.698, "Total Runtime": 1116.687, "Unique SQL Id": 2804875951}}, "(64, '6')": {"explain_plan": {"Plan": {"Node Type": "Aggregate", "Strategy": "Plain", "Startup Cost": 3019.97, "Total Cost": 3019.98, "Plan Rows": 1, "Plan Width": 49, "Plans": [{"Node Type": "Nested Loop", "Parent Relationship": "Outer", "Join Type": "Inner", "Startup Cost": 5.3, "Total Cost": 3019.97, "Plan Rows": 2, "Plan Width": 17, "Inner Unique": true, "Join Filter": "(mc.movie_id = t.id)", "Plans": [{"Node Type": "Nested Loop", "Parent Relationship": "Outer", "Join Type": "Inner", "Startup Cost": 5.04, "Total Cost": 3011.39, "Plan Rows": 2, "Plan Width": 8, "Inner Unique": true, "Plans": [{"Node Type": "Nested Loop", "Parent Relationship": "Outer", "Join Type": "Inner", "Startup Cost": 4.78, "Total Cost": 2711.55, "Plan Rows": 70, "Plan Width": 12, "Inner Unique": false, "Plans": [{"Node Type": "Nested Loop", "Parent Relationship": "Outer", "Join Type": "Inner", "Startup Cost": 4.51, "Total Cost": 2569.02, "Plan Rows": 33, "Plan Width": 4, "Inner Unique": false, "Plans": [{"Node Type": "Seq Scan", "Parent Relationship": "Outer", "Relation Name": "keyword", "Alias": "k", "Startup Cost": 0.0, "Total Cost": 2436.11, "Plan Rows": 1, "Plan Width": 4, "Filter": "((keyword)::text = 'character-name-in-title'::text)"}, {"Node Type": "Bitmap Heap Scan", "Parent Relationship": "Inner", "Relation Name": "movie_keyword", "Alias": "mk", "Startup Cost": 4.51, "Total Cost": 132.58, "Plan Rows": 33, "Plan Width": 8, "Recheck Cond": "(keyword_id = k.id)", "Plans": [{"Node Type": "Bitmap Index Scan", "Parent Relationship": "Outer", "Index Name": "keyword_id_movie_keyword", "Startup Cost": 0.0, "Total Cost": 4.5, "Plan Rows": 33, "Plan Width": 0, "Index Cond": "(keyword_id = k.id)"}]}]}, {"Node Type": "Bitmap Heap Scan", "Parent Relationship": "Inner", "Relation Name": "movie_companies", "Alias": "mc", "Startup Cost": 0.27, "Total Cost": 4.3, "Plan Rows": 2, "Plan Width": 8, "Recheck Cond": "(movie_id = mk.movie_id)", "Plans": [{"Node Type": "Bitmap Index Scan", "Parent Relationship": "Outer", "Index Name": "movie_id_movie_companies", "Startup Cost": 0.0, "Total Cost": 0.27, "Plan Rows": 2, "Plan Width": 0, "Index Cond": "(movie_id = mk.movie_id)"}]}]}, {"Node Type": "Bitmap Heap Scan", "Parent Relationship": "Inner", "Relation Name": "company_name", "Alias": "cn", "Startup Cost": 0.26, "Total Cost": 4.27, "Plan Rows": 1, "Plan Width": 4, "Recheck Cond": "(id = mc.company_id)", "Filter": "((country_code)::text = '[nl]'::text)", "Plans": [{"Node Type": "Bitmap Index Scan", "Parent Relationship": "Outer", "Index Name": "company_name_pkey", "Startup Cost": 0.0, "Total Cost": 0.26, "Plan Rows": 1, "Plan Width": 0, "Index Cond": "(id = mc.company_id)"}]}]}, {"Node Type": "Bitmap Heap Scan", "Parent Relationship": "Inner", "Relation Name": "title", "Alias": "t", "Startup Cost": 0.27, "Total Cost": 4.28, "Plan Rows": 1, "Plan Width": 21, "Recheck Cond": "(id = mk.movie_id)", "Plans": [{"Node Type": "Bitmap Index Scan", "Parent Relationship": "Outer", "Index Name": "title_pkey", "Startup Cost": 0.0, "Total Cost": 0.27, "Plan Rows": 1, "Plan Width": 0, "Index Cond": "(id = mk.movie_id)"}]}]}]}, "Unique SQL Id": 2804875951, "Planner Runtime": 9}, "explain_analyze_plan": {"Plan": {"Node Type": "Aggregate", "Strategy": "Plain", "Startup Cost": 3019.97, "Total Cost": 3019.98, "Plan Rows": 1, "Plan Width": 49, "Actual Startup Time": 1379.762, "Actual Total Time": 1379.762, "Actual Rows": 1, "Actual Loops": 1, "Plans": [{"Node Type": "Nested Loop", "Parent Relationship": "Outer", "Join Type": "Inner", "Startup Cost": 5.3, "Total Cost": 3019.97, "Plan Rows": 2, "Plan Width": 17, "Actual Startup Time": 13.852, "Actual Total Time": 1374.961, "Actual Rows": 5228, "Actual Loops": 1, "Inner Unique": true, "Join Filter": "(mc.movie_id = t.id)", "Rows Removed by Join Filter": 0, "Plans": [{"Node Type": "Nested Loop", "Parent Relationship": "Outer", "Join Type": "Inner", "Startup Cost": 5.04, "Total Cost": 3011.39, "Plan Rows": 2, "Plan Width": 8, "Actual Startup Time": 13.83, "Actual Total Time": 1338.406, "Actual Rows": 5228, "Actual Loops": 1, "Inner Unique": true, "Plans": [{"Node Type": "Nested Loop", "Parent Relationship": "Outer", "Join Type": "Inner", "Startup Cost": 4.78, "Total Cost": 2711.55, "Plan Rows": 70, "Plan Width": 12, "Actual Startup Time": 9.636, "Actual Total Time": 474.478, "Actual Rows": 148552, "Actual Loops": 1, "Inner Unique": false, "Plans": [{"Node Type": "Nested Loop", "Parent Relationship": "Outer", "Join Type": "Inner", "Startup Cost": 4.51, "Total Cost": 2569.02, "Plan Rows": 33, "Plan Width": 4, "Actual Startup Time": 9.588, "Actual Total Time": 94.897, "Actual Rows": 41840, "Actual Loops": 1, "Inner Unique": false, "Plans": [{"Node Type": "Seq Scan", "Parent Relationship": "Outer", "Relation Name": "keyword", "Alias": "k", "Startup Cost": 0.0, "Total Cost": 2436.11, "Plan Rows": 1, "Plan Width": 4, "Actual Startup Time": 1.796, "Actual Total Time": 40.826, "Actual Rows": 1, "Actual Loops": 1, "Filter": "((keyword)::text = 'character-name-in-title'::text)", "Rows Removed by Filter": 134168}, {"Node Type": "Bitmap Heap Scan", "Parent Relationship": "Inner", "Relation Name": "movie_keyword", "Alias": "mk", "Startup Cost": 4.51, "Total Cost": 132.58, "Plan Rows": 33, "Plan Width": 8, "Actual Startup Time": 7.784, "Actual Total Time": 44.618, "Actual Rows": 41840, "Actual Loops": 1, "Recheck Cond": "(keyword_id = k.id)", "Rows Removed by Index Recheck": 0, "Exact Heap Blocks": 9702, "Lossy Heap Blocks": 9702, "Plans": [{"Node Type": "Bitmap Index Scan", "Parent Relationship": "Outer", "Index Name": "keyword_id_movie_keyword", "Startup Cost": 0.0, "Total Cost": 4.5, "Plan Rows": 33, "Plan Width": 0, "Actual Startup Time": 6.024, "Actual Total Time": 6.024, "Actual Rows": 41840, "Actual Loops": 1, "Index Cond": "(keyword_id = k.id)"}]}]}, {"Node Type": "Bitmap Heap Scan", "Parent Relationship": "Inner", "Relation Name": "movie_companies", "Alias": "mc", "Startup Cost": 0.27, "Total Cost": 4.3, "Plan Rows": 2, "Plan Width": 8, "Actual Startup Time": 239.829, "Actual Total Time": 294.063, "Actual Rows": 148552, "Actual Loops": 41840, "Recheck Cond": "(movie_id = mk.movie_id)", "Rows Removed by Index Recheck": 0, "Exact Heap Blocks": 62638, "Lossy Heap Blocks": 62638, "Plans": [{"Node Type": "Bitmap Index Scan", "Parent Relationship": "Outer", "Index Name": "movie_id_movie_companies", "Startup Cost": 0.0, "Total Cost": 0.27, "Plan Rows": 2, "Plan Width": 0, "Actual Startup Time": 149.912, "Actual Total Time": 149.912, "Actual Rows": 148552, "Actual Loops": 41840, "Index Cond": "(movie_id = mk.movie_id)"}]}]}, {"Node Type": "Bitmap Heap Scan", "Parent Relationship": "Inner", "Relation Name": "company_name", "Alias": "cn", "Startup Cost": 0.26, "Total Cost": 4.27, "Plan Rows": 1, "Plan Width": 4, "Actual Startup Time": 695.194, "Actual Total Time": 695.194, "Actual Rows": 5228, "Actual Loops": 148552, "Recheck Cond": "(id = mc.company_id)", "Rows Removed by Index Recheck": 0, "Filter": "((country_code)::text = '[nl]'::text)", "Rows Removed by Filter": 143324, "Exact Heap Blocks": 148552, "Lossy Heap Blocks": 148552, "Plans": [{"Node Type": "Bitmap Index Scan", "Parent Relationship": "Outer", "Index Name": "company_name_pkey", "Startup Cost": 0.0, "Total Cost": 0.26, "Plan Rows": 1, "Plan Width": 0, "Actual Startup Time": 387.396, "Actual Total Time": 387.396, "Actual Rows": 148552, "Actual Loops": 148552, "Index Cond": "(id = mc.company_id)"}]}]}, {"Node Type": "Bitmap Heap Scan", "Parent Relationship": "Inner", "Relation Name": "title", "Alias": "t", "Startup Cost": 0.27, "Total Cost": 4.28, "Plan Rows": 1, "Plan Width": 21, "Actual Startup Time": 27.627, "Actual Total Time": 27.627, "Actual Rows": 5228, "Actual Loops": 5228, "Recheck Cond": "(id = mk.movie_id)", "Rows Removed by Index Recheck": 0, "Exact Heap Blocks": 5228, "Lossy Heap Blocks": 5228, "Plans": [{"Node Type": "Bitmap Index Scan", "Parent Relationship": "Outer", "Index Name": "title_pkey", "Startup Cost": 0.0, "Total Cost": 0.27, "Plan Rows": 1, "Plan Width": 0, "Actual Startup Time": 16.124, "Actual Total Time": 16.124, "Actual Rows": 5228, "Actual Loops": 5228, "Index Cond": "(id = mk.movie_id)"}]}]}]}, "Triggers": [], "Planner Runtime": 9.995, "Total Runtime": 1380.114, "Unique SQL Id": 2804875951}}, "(64, '7')": {"explain_plan": {"Plan": {"Node Type": "Aggregate", "Strategy": "Plain", "Startup Cost": 3739.07, "Total Cost": 3739.08, "Plan Rows": 1, "Plan Width": 49, "Plans": [{"Node Type": "Nested Loop", "Parent Relationship": "Outer", "Join Type": "Inner", "Startup Cost": 724.4, "Total Cost": 3739.06, "Plan Rows": 2, "Plan Width": 17, "Inner Unique": true, "Join Filter": "(mc.movie_id = t.id)", "Plans": [{"Node Type": "Nested Loop", "Parent Relationship": "Outer", "Join Type": "Inner", "Startup Cost": 724.13, "Total Cost": 3730.48, "Plan Rows": 2, "Plan Width": 8, "Inner Unique": true, "Plans": [{"Node Type": "Nested Loop", "Parent Relationship": "Outer", "Join Type": "Inner", "Startup Cost": 723.87, "Total Cost": 3430.65, "Plan Rows": 70, "Plan Width": 12, "Inner Unique": false, "Plans": [{"Node Type": "Nested Loop", "Parent Relationship": "Outer", "Join Type": "Inner", "Startup Cost": 723.6, "Total Cost": 3288.12, "Plan Rows": 33, "Plan Width": 4, "Inner Unique": false, "Plans": [{"Node Type": "Bitmap Heap Scan", "Parent Relationship": "Outer", "Relation Name": "keyword", "Alias": "k", "Startup Cost": 719.1, "Total Cost": 3155.21, "Plan Rows": 1, "Plan Width": 4, "Filter": "((keyword)::text = 'character-name-in-title'::text)", "Plans": [{"Node Type": "Bitmap Index Scan", "Parent Relationship": "Outer", "Index Name": "keyword_pkey", "Startup Cost": 0.0, "Total Cost": 719.1, "Plan Rows": 134169, "Plan Width": 0}]}, {"Node Type": "Bitmap Heap Scan", "Parent Relationship": "Inner", "Relation Name": "movie_keyword", "Alias": "mk", "Startup Cost": 4.51, "Total Cost": 132.58, "Plan Rows": 33, "Plan Width": 8, "Recheck Cond": "(keyword_id = k.id)", "Plans": [{"Node Type": "Bitmap Index Scan", "Parent Relationship": "Outer", "Index Name": "keyword_id_movie_keyword", "Startup Cost": 0.0, "Total Cost": 4.5, "Plan Rows": 33, "Plan Width": 0, "Index Cond": "(keyword_id = k.id)"}]}]}, {"Node Type": "Bitmap Heap Scan", "Parent Relationship": "Inner", "Relation Name": "movie_companies", "Alias": "mc", "Startup Cost": 0.27, "Total Cost": 4.3, "Plan Rows": 2, "Plan Width": 8, "Recheck Cond": "(movie_id = mk.movie_id)", "Plans": [{"Node Type": "Bitmap Index Scan", "Parent Relationship": "Outer", "Index Name": "movie_id_movie_companies", "Startup Cost": 0.0, "Total Cost": 0.27, "Plan Rows": 2, "Plan Width": 0, "Index Cond": "(movie_id = mk.movie_id)"}]}]}, {"Node Type": "Bitmap Heap Scan", "Parent Relationship": "Inner", "Relation Name": "company_name", "Alias": "cn", "Startup Cost": 0.26, "Total Cost": 4.27, "Plan Rows": 1, "Plan Width": 4, "Recheck Cond": "(id = mc.company_id)", "Filter": "((country_code)::text = '[nl]'::text)", "Plans": [{"Node Type": "Bitmap Index Scan", "Parent Relationship": "Outer", "Index Name": "company_name_pkey", "Startup Cost": 0.0, "Total Cost": 0.26, "Plan Rows": 1, "Plan Width": 0, "Index Cond": "(id = mc.company_id)"}]}]}, {"Node Type": "Bitmap Heap Scan", "Parent Relationship": "Inner", "Relation Name": "title", "Alias": "t", "Startup Cost": 0.27, "Total Cost": 4.28, "Plan Rows": 1, "Plan Width": 21, "Recheck Cond": "(id = mk.movie_id)", "Plans": [{"Node Type": "Bitmap Index Scan", "Parent Relationship": "Outer", "Index Name": "title_pkey", "Startup Cost": 0.0, "Total Cost": 0.27, "Plan Rows": 1, "Plan Width": 0, "Index Cond": "(id = mk.movie_id)"}]}]}]}, "Unique SQL Id": 2804875951, "Planner Runtime": 9}, "explain_analyze_plan": {"Plan": {"Node Type": "Aggregate", "Strategy": "Plain", "Startup Cost": 3739.07, "Total Cost": 3739.08, "Plan Rows": 1, "Plan Width": 49, "Actual Startup Time": 1403.708, "Actual Total Time": 1403.709, "Actual Rows": 1, "Actual Loops": 1, "Plans": [{"Node Type": "Nested Loop", "Parent Relationship": "Outer", "Join Type": "Inner", "Startup Cost": 724.4, "Total Cost": 3739.06, "Plan Rows": 2, "Plan Width": 17, "Actual Startup Time": 25.933, "Actual Total Time": 1398.814, "Actual Rows": 5228, "Actual Loops": 1, "Inner Unique": true, "Join Filter": "(mc.movie_id = t.id)", "Rows Removed by Join Filter": 0, "Plans": [{"Node Type": "Nested Loop", "Parent Relationship": "Outer", "Join Type": "Inner", "Startup Cost": 724.13, "Total Cost": 3730.48, "Plan Rows": 2, "Plan Width": 8, "Actual Startup Time": 25.914, "Actual Total Time": 1361.007, "Actual Rows": 5228, "Actual Loops": 1, "Inner Unique": true, "Plans": [{"Node Type": "Nested Loop", "Parent Relationship": "Outer", "Join Type": "Inner", "Startup Cost": 723.87, "Total Cost": 3430.65, "Plan Rows": 70, "Plan Width": 12, "Actual Startup Time": 21.809, "Actual Total Time": 500.96, "Actual Rows": 148552, "Actual Loops": 1, "Inner Unique": false, "Plans": [{"Node Type": "Nested Loop", "Parent Relationship": "Outer", "Join Type": "Inner", "Startup Cost": 723.6, "Total Cost": 3288.12, "Plan Rows": 33, "Plan Width": 4, "Actual Startup Time": 21.768, "Actual Total Time": 121.31, "Actual Rows": 41840, "Actual Loops": 1, "Inner Unique": false, "Plans": [{"Node Type": "Bitmap Heap Scan", "Parent Relationship": "Outer", "Relation Name": "keyword", "Alias": "k", "Startup Cost": 719.1, "Total Cost": 3155.21, "Plan Rows": 1, "Plan Width": 4, "Actual Startup Time": 14.099, "Actual Total Time": 67.292, "Actual Rows": 1, "Actual Loops": 1, "Filter": "((keyword)::text = 'character-name-in-title'::text)", "Rows Removed by Filter": 134168, "Exact Heap Blocks": 759, "Lossy Heap Blocks": 759, "Plans": [{"Node Type": "Bitmap Index Scan", "Parent Relationship": "Outer", "Index Name": "keyword_pkey", "Startup Cost": 0.0, "Total Cost": 719.1, "Plan Rows": 134169, "Plan Width": 0, "Actual Startup Time": 11.779, "Actual Total Time": 11.779, "Actual Rows": 134169, "Actual Loops": 1}]}, {"Node Type": "Bitmap Heap Scan", "Parent Relationship": "Inner", "Relation Name": "movie_keyword", "Alias": "mk", "Startup Cost": 4.51, "Total Cost": 132.58, "Plan Rows": 33, "Plan Width": 8, "Actual Startup Time": 7.658, "Actual Total Time": 44.762, "Actual Rows": 41840, "Actual Loops": 1, "Recheck Cond": "(keyword_id = k.id)", "Rows Removed by Index Recheck": 0, "Exact Heap Blocks": 9702, "Lossy Heap Blocks": 9702, "Plans": [{"Node Type": "Bitmap Index Scan", "Parent Relationship": "Outer", "Index Name": "keyword_id_movie_keyword", "Startup Cost": 0.0, "Total Cost": 4.5, "Plan Rows": 33, "Plan Width": 0, "Actual Startup Time": 5.929, "Actual Total Time": 5.929, "Actual Rows": 41840, "Actual Loops": 1, "Index Cond": "(keyword_id = k.id)"}]}]}, {"Node Type": "Bitmap Heap Scan", "Parent Relationship": "Inner", "Relation Name": "movie_companies", "Alias": "mc", "Startup Cost": 0.27, "Total Cost": 4.3, "Plan Rows": 2, "Plan Width": 8, "Actual Startup Time": 239.943, "Actual Total Time": 294.096, "Actual Rows": 148552, "Actual Loops": 41840, "Recheck Cond": "(movie_id = mk.movie_id)", "Rows Removed by Index Recheck": 0, "Exact Heap Blocks": 62638, "Lossy Heap Blocks": 62638, "Plans": [{"Node Type": "Bitmap Index Scan", "Parent Relationship": "Outer", "Index Name": "movie_id_movie_companies", "Startup Cost": 0.0, "Total Cost": 0.27, "Plan Rows": 2, "Plan Width": 0, "Actual Startup Time": 149.366, "Actual Total Time": 149.366, "Actual Rows": 148552, "Actual Loops": 41840, "Index Cond": "(movie_id = mk.movie_id)"}]}]}, {"Node Type": "Bitmap Heap Scan", "Parent Relationship": "Inner", "Relation Name": "company_name", "Alias": "cn", "Startup Cost": 0.26, "Total Cost": 4.27, "Plan Rows": 1, "Plan Width": 4, "Actual Startup Time": 691.231, "Actual Total Time": 691.231, "Actual Rows": 5228, "Actual Loops": 148552, "Recheck Cond": "(id = mc.company_id)", "Rows Removed by Index Recheck": 0, "Filter": "((country_code)::text = '[nl]'::text)", "Rows Removed by Filter": 143324, "Exact Heap Blocks": 148552, "Lossy Heap Blocks": 148552, "Plans": [{"Node Type": "Bitmap Index Scan", "Parent Relationship": "Outer", "Index Name": "company_name_pkey", "Startup Cost": 0.0, "Total Cost": 0.26, "Plan Rows": 1, "Plan Width": 0, "Actual Startup Time": 387.407, "Actual Total Time": 387.407, "Actual Rows": 148552, "Actual Loops": 148552, "Index Cond": "(id = mc.company_id)"}]}]}, {"Node Type": "Bitmap Heap Scan", "Parent Relationship": "Inner", "Relation Name": "title", "Alias": "t", "Startup Cost": 0.27, "Total Cost": 4.28, "Plan Rows": 1, "Plan Width": 21, "Actual Startup Time": 27.84, "Actual Total Time": 27.84, "Actual Rows": 5228, "Actual Loops": 5228, "Recheck Cond": "(id = mk.movie_id)", "Rows Removed by Index Recheck": 0, "Exact Heap Blocks": 5228, "Lossy Heap Blocks": 5228, "Plans": [{"Node Type": "Bitmap Index Scan", "Parent Relationship": "Outer", "Index Name": "title_pkey", "Startup Cost": 0.0, "Total Cost": 0.27, "Plan Rows": 1, "Plan Width": 0, "Actual Startup Time": 16.25, "Actual Total Time": 16.25, "Actual Rows": 5228, "Actual Loops": 5228, "Index Cond": "(id = mk.movie_id)"}]}]}]}, "Triggers": [], "Planner Runtime": 9.206, "Total Runtime": 1404.134, "Unique SQL Id": 2804875951}}, "(64, '8')": {"explain_plan": {"Plan": {"Node Type": "Aggregate", "Strategy": "Plain", "Startup Cost": 2605.07, "Total Cost": 2605.08, "Plan Rows": 1, "Plan Width": 49, "Plans": [{"Node Type": "Nested Loop", "Parent Relationship": "Outer", "Join Type": "Inner", "Startup Cost": 0.0, "Total Cost": 2605.07, "Plan Rows": 2, "Plan Width": 17, "Inner Unique": true, "Join Filter": "(mc.movie_id = t.id)", "Plans": [{"Node Type": "Nested Loop", "Parent Relationship": "Outer", "Join Type": "Inner", "Startup Cost": 0.0, "Total Cost": 2604.42, "Plan Rows": 2, "Plan Width": 8, "Inner Unique": true, "Plans": [{"Node Type": "Nested Loop", "Parent Relationship": "Outer", "Join Type": "Inner", "Startup Cost": 0.0, "Total Cost": 2584.29, "Plan Rows": 70, "Plan Width": 12, "Inner Unique": false, "Plans": [{"Node Type": "Nested Loop", "Parent Relationship": "Outer", "Join Type": "Inner", "Startup Cost": 0.0, "Total Cost": 2573.32, "Plan Rows": 33, "Plan Width": 4, "Inner Unique": false, "Plans": [{"Node Type": "Seq Scan", "Parent Relationship": "Outer", "Relation Name": "keyword", "Alias": "k", "Startup Cost": 0.0, "Total Cost": 2436.11, "Plan Rows": 1, "Plan Width": 4, "Filter": "((keyword)::text = 'character-name-in-title'::text)"}, {"Node Type": "Index Scan", "Parent Relationship": "Inner", "Scan Direction": "Forward", "Index Name": "keyword_id_movie_keyword", "Relation Name": "movie_keyword", "Alias": "mk", "Startup Cost": 0.0, "Total Cost": 136.88, "Plan Rows": 33, "Plan Width": 8, "Index Cond": "(keyword_id = k.id)"}]}, {"Node Type": "Index Scan", "Parent Relationship": "Inner", "Scan Direction": "Forward", "Index Name": "movie_id_movie_companies", "Relation Name": "movie_companies", "Alias": "mc", "Startup Cost": 0.0, "Total Cost": 0.31, "Plan Rows": 2, "Plan Width": 8, "Index Cond": "(movie_id = mk.movie_id)"}]}, {"Node Type": "Index Scan", "Parent Relationship": "Inner", "Scan Direction": "Forward", "Index Name": "company_name_pkey", "Relation Name": "company_name", "Alias": "cn", "Startup Cost": 0.0, "Total Cost": 0.28, "Plan Rows": 1, "Plan Width": 4, "Index Cond": "(id = mc.company_id)", "Filter": "((country_code)::text = '[nl]'::text)"}]}, {"Node Type": "Index Scan", "Parent Relationship": "Inner", "Scan Direction": "Forward", "Index Name": "title_pkey", "Relation Name": "title", "Alias": "t", "Startup Cost": 0.0, "Total Cost": 0.31, "Plan Rows": 1, "Plan Width": 21, "Index Cond": "(id = mk.movie_id)"}]}]}, "Unique SQL Id": 2804875951, "Planner Runtime": 9}, "explain_analyze_plan": {"Plan": {"Node Type": "Aggregate", "Strategy": "Plain", "Startup Cost": 2605.07, "Total Cost": 2605.08, "Plan Rows": 1, "Plan Width": 49, "Actual Startup Time": 1012.388, "Actual Total Time": 1012.388, "Actual Rows": 1, "Actual Loops": 1, "Plans": [{"Node Type": "Nested Loop", "Parent Relationship": "Outer", "Join Type": "Inner", "Startup Cost": 0.0, "Total Cost": 2605.07, "Plan Rows": 2, "Plan Width": 17, "Actual Startup Time": 5.012, "Actual Total Time": 1009.079, "Actual Rows": 5228, "Actual Loops": 1, "Inner Unique": true, "Join Filter": "(mc.movie_id = t.id)", "Rows Removed by Join Filter": 0, "Plans": [{"Node Type": "Nested Loop", "Parent Relationship": "Outer", "Join Type": "Inner", "Startup Cost": 0.0, "Total Cost": 2604.42, "Plan Rows": 2, "Plan Width": 8, "Actual Startup Time": 4.995, "Actual Total Time": 981.958, "Actual Rows": 5228, "Actual Loops": 1, "Inner Unique": true, "Plans": [{"Node Type": "Nested Loop", "Parent Relationship": "Outer", "Join Type": "Inner", "Startup Cost": 0.0, "Total Cost": 2584.29, "Plan Rows": 70, "Plan Width": 12, "Actual Startup Time": 1.847, "Actual Total Time": 360.079, "Actual Rows": 148552, "Actual Loops": 1, "Inner Unique": false, "Plans": [{"Node Type": "Nested Loop", "Parent Relationship": "Outer", "Join Type": "Inner", "Startup Cost": 0.0, "Total Cost": 2573.32, "Plan Rows": 33, "Plan Width": 4, "Actual Startup Time": 1.828, "Actual Total Time": 88.983, "Actual Rows": 41840, "Actual Loops": 1, "Inner Unique": false, "Plans": [{"Node Type": "Seq Scan", "Parent Relationship": "Outer", "Relation Name": "keyword", "Alias": "k", "Startup Cost": 0.0, "Total Cost": 2436.11, "Plan Rows": 1, "Plan Width": 4, "Actual Startup Time": 1.8, "Actual Total Time": 41.022, "Actual Rows": 1, "Actual Loops": 1, "Filter": "((keyword)::text = 'character-name-in-title'::text)", "Rows Removed by Filter": 134168}, {"Node Type": "Index Scan", "Parent Relationship": "Inner", "Scan Direction": "Forward", "Index Name": "keyword_id_movie_keyword", "Relation Name": "movie_keyword", "Alias": "mk", "Startup Cost": 0.0, "Total Cost": 136.88, "Plan Rows": 33, "Plan Width": 8, "Actual Startup Time": 0.023, "Actual Total Time": 38.639, "Actual Rows": 41840, "Actual Loops": 1, "Index Cond": "(keyword_id = k.id)", "Rows Removed by Index Recheck": 0}]}, {"Node Type": "Index Scan", "Parent Relationship": "Inner", "Scan Direction": "Forward", "Index Name": "movie_id_movie_companies", "Relation Name": "movie_companies", "Alias": "mc", "Startup Cost": 0.0, "Total Cost": 0.31, "Plan Rows": 2, "Plan Width": 8, "Actual Startup Time": 143.596, "Actual Total Time": 214.856, "Actual Rows": 148552, "Actual Loops": 41840, "Index Cond": "(movie_id = mk.movie_id)", "Rows Removed by Index Recheck": 0}]}, {"Node Type": "Index Scan", "Parent Relationship": "Inner", "Scan Direction": "Forward", "Index Name": "company_name_pkey", "Relation Name": "company_name", "Alias": "cn", "Startup Cost": 0.0, "Total Cost": 0.28, "Plan Rows": 1, "Plan Width": 4, "Actual Startup Time": 549.432, "Actual Total Time": 549.432, "Actual Rows": 5228, "Actual Loops": 148552, "Index Cond": "(id = mc.company_id)", "Rows Removed by Index Recheck": 0, "Filter": "((country_code)::text = '[nl]'::text)", "Rows Removed by Filter": 143324}]}, {"Node Type": "Index Scan", "Parent Relationship": "Inner", "Scan Direction": "Forward", "Index Name": "title_pkey", "Relation Name": "title", "Alias": "t", "Startup Cost": 0.0, "Total Cost": 0.31, "Plan Rows": 1, "Plan Width": 21, "Actual Startup Time": 21.388, "Actual Total Time": 21.388, "Actual Rows": 5228, "Actual Loops": 5228, "Index Cond": "(id = mk.movie_id)", "Rows Removed by Index Recheck": 0}]}]}, "Triggers": [], "Planner Runtime": 9.715, "Total Runtime": 1012.617, "Unique SQL Id": 2804875951}}, "(64, '9')": {"explain_plan": {"Plan": {"Node Type": "Aggregate", "Strategy": "Plain", "Startup Cost": 3351.67, "Total Cost": 3351.68, "Plan Rows": 1, "Plan Width": 49, "Plans": [{"Node Type": "Nested Loop", "Parent Relationship": "Outer", "Join Type": "Inner", "Startup Cost": 0.0, "Total Cost": 3351.67, "Plan Rows": 2, "Plan Width": 17, "Inner Unique": true, "Join Filter": "(mc.movie_id = t.id)", "Plans": [{"Node Type": "Nested Loop", "Parent Relationship": "Outer", "Join Type": "Inner", "Startup Cost": 0.0, "Total Cost": 3351.03, "Plan Rows": 2, "Plan Width": 8, "Inner Unique": true, "Plans": [{"Node Type": "Nested Loop", "Parent Relationship": "Outer", "Join Type": "Inner", "Startup Cost": 0.0, "Total Cost": 3330.89, "Plan Rows": 70, "Plan Width": 12, "Inner Unique": false, "Plans": [{"Node Type": "Nested Loop", "Parent Relationship": "Outer", "Join Type": "Inner", "Startup Cost": 0.0, "Total Cost": 3319.92, "Plan Rows": 33, "Plan Width": 4, "Inner Unique": false, "Plans": [{"Node Type": "Index Scan", "Parent Relationship": "Outer", "Scan Direction": "Forward", "Index Name": "keyword_pkey", "Relation Name": "keyword", "Alias": "k", "Startup Cost": 0.0, "Total Cost": 3182.72, "Plan Rows": 1, "Plan Width": 4, "Filter": "((keyword)::text = 'character-name-in-title'::text)"}, {"Node Type": "Index Scan", "Parent Relationship": "Inner", "Scan Direction": "Forward", "Index Name": "keyword_id_movie_keyword", "Relation Name": "movie_keyword", "Alias": "mk", "Startup Cost": 0.0, "Total Cost": 136.88, "Plan Rows": 33, "Plan Width": 8, "Index Cond": "(keyword_id = k.id)"}]}, {"Node Type": "Index Scan", "Parent Relationship": "Inner", "Scan Direction": "Forward", "Index Name": "movie_id_movie_companies", "Relation Name": "movie_companies", "Alias": "mc", "Startup Cost": 0.0, "Total Cost": 0.31, "Plan Rows": 2, "Plan Width": 8, "Index Cond": "(movie_id = mk.movie_id)"}]}, {"Node Type": "Index Scan", "Parent Relationship": "Inner", "Scan Direction": "Forward", "Index Name": "company_name_pkey", "Relation Name": "company_name", "Alias": "cn", "Startup Cost": 0.0, "Total Cost": 0.28, "Plan Rows": 1, "Plan Width": 4, "Index Cond": "(id = mc.company_id)", "Filter": "((country_code)::text = '[nl]'::text)"}]}, {"Node Type": "Index Scan", "Parent Relationship": "Inner", "Scan Direction": "Forward", "Index Name": "title_pkey", "Relation Name": "title", "Alias": "t", "Startup Cost": 0.0, "Total Cost": 0.31, "Plan Rows": 1, "Plan Width": 21, "Index Cond": "(id = mk.movie_id)"}]}]}, "Unique SQL Id": 2804875951, "Planner Runtime": 10}, "explain_analyze_plan": {"Plan": {"Node Type": "Aggregate", "Strategy": "Plain", "Startup Cost": 3351.67, "Total Cost": 3351.68, "Plan Rows": 1, "Plan Width": 49, "Actual Startup Time": 1116.77, "Actual Total Time": 1116.771, "Actual Rows": 1, "Actual Loops": 1, "Plans": [{"Node Type": "Nested Loop", "Parent Relationship": "Outer", "Join Type": "Inner", "Startup Cost": 0.0, "Total Cost": 3351.67, "Plan Rows": 2, "Plan Width": 17, "Actual Startup Time": 3.238, "Actual Total Time": 1113.589, "Actual Rows": 5228, "Actual Loops": 1, "Inner Unique": true, "Join Filter": "(mc.movie_id = t.id)", "Rows Removed by Join Filter": 0, "Plans": [{"Node Type": "Nested Loop", "Parent Relationship": "Outer", "Join Type": "Inner", "Startup Cost": 0.0, "Total Cost": 3351.03, "Plan Rows": 2, "Plan Width": 8, "Actual Startup Time": 3.224, "Actual Total Time": 1085.006, "Actual Rows": 5228, "Actual Loops": 1, "Inner Unique": true, "Plans": [{"Node Type": "Nested Loop", "Parent Relationship": "Outer", "Join Type": "Inner", "Startup Cost": 0.0, "Total Cost": 3330.89, "Plan Rows": 70, "Plan Width": 12, "Actual Startup Time": 0.233, "Actual Total Time": 449.234, "Actual Rows": 148552, "Actual Loops": 1, "Inner Unique": false, "Plans": [{"Node Type": "Nested Loop", "Parent Relationship": "Outer", "Join Type": "Inner", "Startup Cost": 0.0, "Total Cost": 3319.92, "Plan Rows": 33, "Plan Width": 4, "Actual Startup Time": 0.215, "Actual Total Time": 166.059, "Actual Rows": 41840, "Actual Loops": 1, "Inner Unique": false, "Plans": [{"Node Type": "Index Scan", "Parent Relationship": "Outer", "Scan Direction": "Forward", "Index Name": "keyword_pkey", "Relation Name": "keyword", "Alias": "k", "Startup Cost": 0.0, "Total Cost": 3182.72, "Plan Rows": 1, "Plan Width": 4, "Actual Startup Time": 0.194, "Actual Total Time": 113.965, "Actual Rows": 1, "Actual Loops": 1, "Filter": "((keyword)::text = 'character-name-in-title'::text)", "Rows Removed by Filter": 134168}, {"Node Type": "Index Scan", "Parent Relationship": "Inner", "Scan Direction": "Forward", "Index Name": "keyword_id_movie_keyword", "Relation Name": "movie_keyword", "Alias": "mk", "Startup Cost": 0.0, "Total Cost": 136.88, "Plan Rows": 33, "Plan Width": 8, "Actual Startup Time": 0.017, "Actual Total Time": 42.534, "Actual Rows": 41840, "Actual Loops": 1, "Index Cond": "(keyword_id = k.id)", "Rows Removed by Index Recheck": 0}]}, {"Node Type": "Index Scan", "Parent Relationship": "Inner", "Scan Direction": "Forward", "Index Name": "movie_id_movie_companies", "Relation Name": "movie_companies", "Alias": "mc", "Startup Cost": 0.0, "Total Cost": 0.31, "Plan Rows": 2, "Plan Width": 8, "Actual Startup Time": 152.025, "Actual Total Time": 226.956, "Actual Rows": 148552, "Actual Loops": 41840, "Index Cond": "(movie_id = mk.movie_id)", "Rows Removed by Index Recheck": 0}]}, {"Node Type": "Index Scan", "Parent Relationship": "Inner", "Scan Direction": "Forward", "Index Name": "company_name_pkey", "Relation Name": "company_name", "Alias": "cn", "Startup Cost": 0.0, "Total Cost": 0.28, "Plan Rows": 1, "Plan Width": 4, "Actual Startup Time": 563.165, "Actual Total Time": 563.165, "Actual Rows": 5228, "Actual Loops": 148552, "Index Cond": "(id = mc.company_id)", "Rows Removed by Index Recheck": 0, "Filter": "((country_code)::text = '[nl]'::text)", "Rows Removed by Filter": 143324}]}, {"Node Type": "Index Scan", "Parent Relationship": "Inner", "Scan Direction": "Forward", "Index Name": "title_pkey", "Relation Name": "title", "Alias": "t", "Startup Cost": 0.0, "Total Cost": 0.31, "Plan Rows": 1, "Plan Width": 21, "Actual Startup Time": 22.945, "Actual Total Time": 22.945, "Actual Rows": 5228, "Actual Loops": 5228, "Index Cond": "(id = mk.movie_id)", "Rows Removed by Index Recheck": 0}]}]}, "Triggers": [], "Planner Runtime": 9.86, "Total Runtime": 1117.024, "Unique SQL Id": 2804875951}}, "(64, '10')": {"explain_plan": {"Plan": {"Node Type": "Aggregate", "Strategy": "Plain", "Startup Cost": 203302.73, "Total Cost": 203302.74, "Plan Rows": 1, "Plan Width": 49, "Plans": [{"Node Type": "Hash Join", "Parent Relationship": "Outer", "Join Type": "Inner", "Startup Cost": 133750.79, "Total Cost": 203302.73, "Plan Rows": 2, "Plan Width": 17, "Inner Unique": true, "Hash Cond": "(mc.company_id = cn.id)", "Plans": [{"Node Type": "Hash Join", "Parent Relationship": "Outer", "Join Type": "Inner", "Startup Cost": 127819.34, "Total Cost": 197370.32, "Plan Rows": 70, "Plan Width": 21, "Inner Unique": false, "Hash Cond": "(t.id = mc.movie_id)", "Plans": [{"Node Type": "Seq Scan", "Parent Relationship": "Outer", "Relation Name": "title", "Alias": "t", "Startup Cost": 0.0, "Total Cost": 60069.11, "Plan Rows": 2528311, "Plan Width": 21}, {"Node Type": "Hash", "Parent Relationship": "Inner", "Startup Cost": 127818.46, "Total Cost": 127818.46, "Plan Rows": 70, "Plan Width": 12, "Plans": [{"Node Type": "Hash Join", "Parent Relationship": "Outer", "Join Type": "Inner", "Startup Cost": 76216.26, "Total Cost": 127818.46, "Plan Rows": 70, "Plan Width": 12, "Inner Unique": false, "Hash Cond": "(mc.movie_id = mk.movie_id)", "Plans": [{"Node Type": "Seq Scan", "Parent Relationship": "Outer", "Relation Name": "movie_companies", "Alias": "mc", "Startup Cost": 0.0, "Total Cost": 41817.28, "Plan Rows": 2609128, "Plan Width": 8}, {"Node Type": "Hash", "Parent Relationship": "Inner", "Startup Cost": 76215.84, "Total Cost": 76215.84, "Plan Rows": 33, "Plan Width": 4, "Plans": [{"Node Type": "Hash Join", "Parent Relationship": "Outer", "Join Type": "Inner", "Startup Cost": 2436.12, "Total Cost": 76215.84, "Plan Rows": 33, "Plan Width": 4, "Inner Unique": true, "Hash Cond": "(mk.keyword_id = k.id)", "Plans": [{"Node Type": "Seq Scan", "Parent Relationship": "Outer", "Relation Name": "movie_keyword", "Alias": "mk", "Startup Cost": 0.0, "Total Cost": 62441.29, "Plan Rows": 4523929, "Plan Width": 8}, {"Node Type": "Hash", "Parent Relationship": "Inner", "Startup Cost": 2436.11, "Total Cost": 2436.11, "Plan Rows": 1, "Plan Width": 4, "Plans": [{"Node Type": "Seq Scan", "Parent Relationship": "Outer", "Relation Name": "keyword", "Alias": "k", "Startup Cost": 0.0, "Total Cost": 2436.11, "Plan Rows": 1, "Plan Width": 4, "Filter": "((keyword)::text = 'character-name-in-title'::text)"}]}]}]}]}]}]}, {"Node Type": "Hash", "Parent Relationship": "Inner", "Startup Cost": 5903.45, "Total Cost": 5903.45, "Plan Rows": 2240, "Plan Width": 4, "Plans": [{"Node Type": "Seq Scan", "Parent Relationship": "Outer", "Relation Name": "company_name", "Alias": "cn", "Startup Cost": 0.0, "Total Cost": 5903.45, "Plan Rows": 2240, "Plan Width": 4, "Filter": "((country_code)::text = '[nl]'::text)"}]}]}]}, "Unique SQL Id": 2804875951, "Planner Runtime": 12}, "explain_analyze_plan": null}, "(64, '11')": {"explain_plan": {"Plan": {"Node Type": "Aggregate", "Strategy": "Plain", "Startup Cost": 4999022085294.01, "Total Cost": 4999022085294.02, "Plan Rows": 1, "Plan Width": 49, "Plans": [{"Node Type": "Merge Join", "Parent Relationship": "Outer", "Join Type": "Inner", "Startup Cost": 50198067446.04, "Total Cost": 4999022085294.0, "Plan Rows": 2, "Plan Width": 17, "Inner Unique": true, "Merge Cond": "(mc.movie_id = t.id)", "Plans": [{"Node Type": "Nested Loop", "Parent Relationship": "Outer", "Join Type": "Inner", "Startup Cost": 40176139519.84, "Total Cost": 3999959841302.72, "Plan Rows": 2, "Plan Width": 8, "Inner Unique": true, "Join Filter": "(mk.keyword_id = k.id)", "Plans": [{"Node Type": "Merge Join", "Parent Relationship": "Outer", "Join Type": "Inner", "Startup Cost": 30176139519.84, "Total Cost": 2999959518949.43, "Plan Rows": 272107, "Plan Width": 12, "Inner Unique": false, "Merge Cond": "(mc.movie_id = mk.movie_id)", "Plans": [{"Node Type": "Nested Loop", "Parent Relationship": "Outer", "Join Type": "Inner", "Startup Cost": 20000000000.0, "Total Cost": 2000101768791.5, "Plan Rows": 33725, "Plan Width": 4, "Inner Unique": true, "Join Filter": "(cn.id = mc.company_id)", "Plans": [{"Node Type": "Index Scan", "Parent Relationship": "Outer", "Scan Direction": "Forward", "Index Name": "movie_id_movie_companies", "Relation Name": "movie_companies", "Alias": "mc", "Startup Cost": 10000000000.0, "Total Cost": 1000013051946.13, "Plan Rows": 2609128, "Plan Width": 8}, {"Node Type": "Materialize", "Parent Relationship": "Inner", "Startup Cost": 10000000000.0, "Total Cost": 1000001050150.17, "Plan Rows": 2240, "Plan Width": 4, "Plans": [{"Node Type": "Index Scan", "Parent Relationship": "Outer", "Scan Direction": "Forward", "Index Name": "company_name_pkey", "Relation Name": "company_name", "Alias": "cn", "Startup Cost": 10000000000.0, "Total Cost": 1000001050138.97, "Plan Rows": 2240, "Plan Width": 4, "Filter": "((country_code)::text = '[nl]'::text)"}]}]}, {"Node Type": "Index Scan", "Parent Relationship": "Inner", "Scan Direction": "Forward", "Index Name": "movie_id_movie_keyword", "Relation Name": "movie_keyword", "Alias": "mk", "Startup Cost": 10000000000.0, "Total Cost": 1000015300634.17, "Plan Rows": 4523929, "Plan Width": 8}]}, {"Node Type": "Materialize", "Parent Relationship": "Inner", "Startup Cost": 10000000000.0, "Total Cost": 1000000318271.69, "Plan Rows": 1, "Plan Width": 4, "Plans": [{"Node Type": "Index Scan", "Parent Relationship": "Outer", "Scan Direction": "Forward", "Index Name": "keyword_pkey", "Relation Name": "keyword", "Alias": "k", "Startup Cost": 10000000000.0, "Total Cost": 1000000318271.68, "Plan Rows": 1, "Plan Width": 4, "Filter": "((keyword)::text = 'character-name-in-title'::text)"}]}]}, {"Node Type": "Index Scan", "Parent Relationship": "Inner", "Scan Direction": "Forward", "Index Name": "title_pkey", "Relation Name": "title", "Alias": "t", "Startup Cost": 10000000000.0, "Total Cost": 1000011012048.91, "Plan Rows": 2528311, "Plan Width": 21}]}]}, "Unique SQL Id": 2804875951, "Planner Runtime": 20}, "explain_analyze_plan": null}, "(64, '12')": {"explain_plan": {"Plan": {"Node Type": "Aggregate", "Strategy": "Plain", "Startup Cost": 2605.07, "Total Cost": 2605.08, "Plan Rows": 1, "Plan Width": 49, "Plans": [{"Node Type": "Nested Loop", "Parent Relationship": "Outer", "Join Type": "Inner", "Startup Cost": 0.0, "Total Cost": 2605.07, "Plan Rows": 2, "Plan Width": 17, "Inner Unique": true, "Join Filter": "(mc.movie_id = t.id)", "Plans": [{"Node Type": "Nested Loop", "Parent Relationship": "Outer", "Join Type": "Inner", "Startup Cost": 0.0, "Total Cost": 2604.42, "Plan Rows": 2, "Plan Width": 8, "Inner Unique": true, "Plans": [{"Node Type": "Nested Loop", "Parent Relationship": "Outer", "Join Type": "Inner", "Startup Cost": 0.0, "Total Cost": 2584.29, "Plan Rows": 70, "Plan Width": 12, "Inner Unique": false, "Plans": [{"Node Type": "Nested Loop", "Parent Relationship": "Outer", "Join Type": "Inner", "Startup Cost": 0.0, "Total Cost": 2573.32, "Plan Rows": 33, "Plan Width": 4, "Inner Unique": false, "Plans": [{"Node Type": "Seq Scan", "Parent Relationship": "Outer", "Relation Name": "keyword", "Alias": "k", "Startup Cost": 0.0, "Total Cost": 2436.11, "Plan Rows": 1, "Plan Width": 4, "Filter": "((keyword)::text = 'character-name-in-title'::text)"}, {"Node Type": "Index Scan", "Parent Relationship": "Inner", "Scan Direction": "Forward", "Index Name": "keyword_id_movie_keyword", "Relation Name": "movie_keyword", "Alias": "mk", "Startup Cost": 0.0, "Total Cost": 136.88, "Plan Rows": 33, "Plan Width": 8, "Index Cond": "(keyword_id = k.id)"}]}, {"Node Type": "Index Scan", "Parent Relationship": "Inner", "Scan Direction": "Forward", "Index Name": "movie_id_movie_companies", "Relation Name": "movie_companies", "Alias": "mc", "Startup Cost": 0.0, "Total Cost": 0.31, "Plan Rows": 2, "Plan Width": 8, "Index Cond": "(movie_id = mk.movie_id)"}]}, {"Node Type": "Index Scan", "Parent Relationship": "Inner", "Scan Direction": "Forward", "Index Name": "company_name_pkey", "Relation Name": "company_name", "Alias": "cn", "Startup Cost": 0.0, "Total Cost": 0.28, "Plan Rows": 1, "Plan Width": 4, "Index Cond": "(id = mc.company_id)", "Filter": "((country_code)::text = '[nl]'::text)"}]}, {"Node Type": "Index Scan", "Parent Relationship": "Inner", "Scan Direction": "Forward", "Index Name": "title_pkey", "Relation Name": "title", "Alias": "t", "Startup Cost": 0.0, "Total Cost": 0.31, "Plan Rows": 1, "Plan Width": 21, "Index Cond": "(id = mk.movie_id)"}]}]}, "Unique SQL Id": 2804875951, "Planner Runtime": 10}, "explain_analyze_plan": {"Plan": {"Node Type": "Aggregate", "Strategy": "Plain", "Startup Cost": 2605.07, "Total Cost": 2605.08, "Plan Rows": 1, "Plan Width": 49, "Actual Startup Time": 1012.388, "Actual Total Time": 1012.388, "Actual Rows": 1, "Actual Loops": 1, "Plans": [{"Node Type": "Nested Loop", "Parent Relationship": "Outer", "Join Type": "Inner", "Startup Cost": 0.0, "Total Cost": 2605.07, "Plan Rows": 2, "Plan Width": 17, "Actual Startup Time": 5.012, "Actual Total Time": 1009.079, "Actual Rows": 5228, "Actual Loops": 1, "Inner Unique": true, "Join Filter": "(mc.movie_id = t.id)", "Rows Removed by Join Filter": 0, "Plans": [{"Node Type": "Nested Loop", "Parent Relationship": "Outer", "Join Type": "Inner", "Startup Cost": 0.0, "Total Cost": 2604.42, "Plan Rows": 2, "Plan Width": 8, "Actual Startup Time": 4.995, "Actual Total Time": 981.958, "Actual Rows": 5228, "Actual Loops": 1, "Inner Unique": true, "Plans": [{"Node Type": "Nested Loop", "Parent Relationship": "Outer", "Join Type": "Inner", "Startup Cost": 0.0, "Total Cost": 2584.29, "Plan Rows": 70, "Plan Width": 12, "Actual Startup Time": 1.847, "Actual Total Time": 360.079, "Actual Rows": 148552, "Actual Loops": 1, "Inner Unique": false, "Plans": [{"Node Type": "Nested Loop", "Parent Relationship": "Outer", "Join Type": "Inner", "Startup Cost": 0.0, "Total Cost": 2573.32, "Plan Rows": 33, "Plan Width": 4, "Actual Startup Time": 1.828, "Actual Total Time": 88.983, "Actual Rows": 41840, "Actual Loops": 1, "Inner Unique": false, "Plans": [{"Node Type": "Seq Scan", "Parent Relationship": "Outer", "Relation Name": "keyword", "Alias": "k", "Startup Cost": 0.0, "Total Cost": 2436.11, "Plan Rows": 1, "Plan Width": 4, "Actual Startup Time": 1.8, "Actual Total Time": 41.022, "Actual Rows": 1, "Actual Loops": 1, "Filter": "((keyword)::text = 'character-name-in-title'::text)", "Rows Removed by Filter": 134168}, {"Node Type": "Index Scan", "Parent Relationship": "Inner", "Scan Direction": "Forward", "Index Name": "keyword_id_movie_keyword", "Relation Name": "movie_keyword", "Alias": "mk", "Startup Cost": 0.0, "Total Cost": 136.88, "Plan Rows": 33, "Plan Width": 8, "Actual Startup Time": 0.023, "Actual Total Time": 38.639, "Actual Rows": 41840, "Actual Loops": 1, "Index Cond": "(keyword_id = k.id)", "Rows Removed by Index Recheck": 0}]}, {"Node Type": "Index Scan", "Parent Relationship": "Inner", "Scan Direction": "Forward", "Index Name": "movie_id_movie_companies", "Relation Name": "movie_companies", "Alias": "mc", "Startup Cost": 0.0, "Total Cost": 0.31, "Plan Rows": 2, "Plan Width": 8, "Actual Startup Time": 143.596, "Actual Total Time": 214.856, "Actual Rows": 148552, "Actual Loops": 41840, "Index Cond": "(movie_id = mk.movie_id)", "Rows Removed by Index Recheck": 0}]}, {"Node Type": "Index Scan", "Parent Relationship": "Inner", "Scan Direction": "Forward", "Index Name": "company_name_pkey", "Relation Name": "company_name", "Alias": "cn", "Startup Cost": 0.0, "Total Cost": 0.28, "Plan Rows": 1, "Plan Width": 4, "Actual Startup Time": 549.432, "Actual Total Time": 549.432, "Actual Rows": 5228, "Actual Loops": 148552, "Index Cond": "(id = mc.company_id)", "Rows Removed by Index Recheck": 0, "Filter": "((country_code)::text = '[nl]'::text)", "Rows Removed by Filter": 143324}]}, {"Node Type": "Index Scan", "Parent Relationship": "Inner", "Scan Direction": "Forward", "Index Name": "title_pkey", "Relation Name": "title", "Alias": "t", "Startup Cost": 0.0, "Total Cost": 0.31, "Plan Rows": 1, "Plan Width": 21, "Actual Startup Time": 21.388, "Actual Total Time": 21.388, "Actual Rows": 5228, "Actual Loops": 5228, "Index Cond": "(id = mk.movie_id)", "Rows Removed by Index Recheck": 0}]}]}, "Triggers": [], "Planner Runtime": 9.715, "Total Runtime": 1012.617, "Unique SQL Id": 2804875951}}, "(64, '13')": {"explain_plan": {"Plan": {"Node Type": "Aggregate", "Strategy": "Plain", "Startup Cost": 3351.67, "Total Cost": 3351.68, "Plan Rows": 1, "Plan Width": 49, "Plans": [{"Node Type": "Nested Loop", "Parent Relationship": "Outer", "Join Type": "Inner", "Startup Cost": 0.0, "Total Cost": 3351.67, "Plan Rows": 2, "Plan Width": 17, "Inner Unique": true, "Join Filter": "(mc.movie_id = t.id)", "Plans": [{"Node Type": "Nested Loop", "Parent Relationship": "Outer", "Join Type": "Inner", "Startup Cost": 0.0, "Total Cost": 3351.03, "Plan Rows": 2, "Plan Width": 8, "Inner Unique": true, "Plans": [{"Node Type": "Nested Loop", "Parent Relationship": "Outer", "Join Type": "Inner", "Startup Cost": 0.0, "Total Cost": 3330.89, "Plan Rows": 70, "Plan Width": 12, "Inner Unique": false, "Plans": [{"Node Type": "Nested Loop", "Parent Relationship": "Outer", "Join Type": "Inner", "Startup Cost": 0.0, "Total Cost": 3319.92, "Plan Rows": 33, "Plan Width": 4, "Inner Unique": false, "Plans": [{"Node Type": "Index Scan", "Parent Relationship": "Outer", "Scan Direction": "Forward", "Index Name": "keyword_pkey", "Relation Name": "keyword", "Alias": "k", "Startup Cost": 0.0, "Total Cost": 3182.72, "Plan Rows": 1, "Plan Width": 4, "Filter": "((keyword)::text = 'character-name-in-title'::text)"}, {"Node Type": "Index Scan", "Parent Relationship": "Inner", "Scan Direction": "Forward", "Index Name": "keyword_id_movie_keyword", "Relation Name": "movie_keyword", "Alias": "mk", "Startup Cost": 0.0, "Total Cost": 136.88, "Plan Rows": 33, "Plan Width": 8, "Index Cond": "(keyword_id = k.id)"}]}, {"Node Type": "Index Scan", "Parent Relationship": "Inner", "Scan Direction": "Forward", "Index Name": "movie_id_movie_companies", "Relation Name": "movie_companies", "Alias": "mc", "Startup Cost": 0.0, "Total Cost": 0.31, "Plan Rows": 2, "Plan Width": 8, "Index Cond": "(movie_id = mk.movie_id)"}]}, {"Node Type": "Index Scan", "Parent Relationship": "Inner", "Scan Direction": "Forward", "Index Name": "company_name_pkey", "Relation Name": "company_name", "Alias": "cn", "Startup Cost": 0.0, "Total Cost": 0.28, "Plan Rows": 1, "Plan Width": 4, "Index Cond": "(id = mc.company_id)", "Filter": "((country_code)::text = '[nl]'::text)"}]}, {"Node Type": "Index Scan", "Parent Relationship": "Inner", "Scan Direction": "Forward", "Index Name": "title_pkey", "Relation Name": "title", "Alias": "t", "Startup Cost": 0.0, "Total Cost": 0.31, "Plan Rows": 1, "Plan Width": 21, "Index Cond": "(id = mk.movie_id)"}]}]}, "Unique SQL Id": 2804875951, "Planner Runtime": 9}, "explain_analyze_plan": {"Plan": {"Node Type": "Aggregate", "Strategy": "Plain", "Startup Cost": 3351.67, "Total Cost": 3351.68, "Plan Rows": 1, "Plan Width": 49, "Actual Startup Time": 1116.77, "Actual Total Time": 1116.771, "Actual Rows": 1, "Actual Loops": 1, "Plans": [{"Node Type": "Nested Loop", "Parent Relationship": "Outer", "Join Type": "Inner", "Startup Cost": 0.0, "Total Cost": 3351.67, "Plan Rows": 2, "Plan Width": 17, "Actual Startup Time": 3.238, "Actual Total Time": 1113.589, "Actual Rows": 5228, "Actual Loops": 1, "Inner Unique": true, "Join Filter": "(mc.movie_id = t.id)", "Rows Removed by Join Filter": 0, "Plans": [{"Node Type": "Nested Loop", "Parent Relationship": "Outer", "Join Type": "Inner", "Startup Cost": 0.0, "Total Cost": 3351.03, "Plan Rows": 2, "Plan Width": 8, "Actual Startup Time": 3.224, "Actual Total Time": 1085.006, "Actual Rows": 5228, "Actual Loops": 1, "Inner Unique": true, "Plans": [{"Node Type": "Nested Loop", "Parent Relationship": "Outer", "Join Type": "Inner", "Startup Cost": 0.0, "Total Cost": 3330.89, "Plan Rows": 70, "Plan Width": 12, "Actual Startup Time": 0.233, "Actual Total Time": 449.234, "Actual Rows": 148552, "Actual Loops": 1, "Inner Unique": false, "Plans": [{"Node Type": "Nested Loop", "Parent Relationship": "Outer", "Join Type": "Inner", "Startup Cost": 0.0, "Total Cost": 3319.92, "Plan Rows": 33, "Plan Width": 4, "Actual Startup Time": 0.215, "Actual Total Time": 166.059, "Actual Rows": 41840, "Actual Loops": 1, "Inner Unique": false, "Plans": [{"Node Type": "Index Scan", "Parent Relationship": "Outer", "Scan Direction": "Forward", "Index Name": "keyword_pkey", "Relation Name": "keyword", "Alias": "k", "Startup Cost": 0.0, "Total Cost": 3182.72, "Plan Rows": 1, "Plan Width": 4, "Actual Startup Time": 0.194, "Actual Total Time": 113.965, "Actual Rows": 1, "Actual Loops": 1, "Filter": "((keyword)::text = 'character-name-in-title'::text)", "Rows Removed by Filter": 134168}, {"Node Type": "Index Scan", "Parent Relationship": "Inner", "Scan Direction": "Forward", "Index Name": "keyword_id_movie_keyword", "Relation Name": "movie_keyword", "Alias": "mk", "Startup Cost": 0.0, "Total Cost": 136.88, "Plan Rows": 33, "Plan Width": 8, "Actual Startup Time": 0.017, "Actual Total Time": 42.534, "Actual Rows": 41840, "Actual Loops": 1, "Index Cond": "(keyword_id = k.id)", "Rows Removed by Index Recheck": 0}]}, {"Node Type": "Index Scan", "Parent Relationship": "Inner", "Scan Direction": "Forward", "Index Name": "movie_id_movie_companies", "Relation Name": "movie_companies", "Alias": "mc", "Startup Cost": 0.0, "Total Cost": 0.31, "Plan Rows": 2, "Plan Width": 8, "Actual Startup Time": 152.025, "Actual Total Time": 226.956, "Actual Rows": 148552, "Actual Loops": 41840, "Index Cond": "(movie_id = mk.movie_id)", "Rows Removed by Index Recheck": 0}]}, {"Node Type": "Index Scan", "Parent Relationship": "Inner", "Scan Direction": "Forward", "Index Name": "company_name_pkey", "Relation Name": "company_name", "Alias": "cn", "Startup Cost": 0.0, "Total Cost": 0.28, "Plan Rows": 1, "Plan Width": 4, "Actual Startup Time": 563.165, "Actual Total Time": 563.165, "Actual Rows": 5228, "Actual Loops": 148552, "Index Cond": "(id = mc.company_id)", "Rows Removed by Index Recheck": 0, "Filter": "((country_code)::text = '[nl]'::text)", "Rows Removed by Filter": 143324}]}, {"Node Type": "Index Scan", "Parent Relationship": "Inner", "Scan Direction": "Forward", "Index Name": "title_pkey", "Relation Name": "title", "Alias": "t", "Startup Cost": 0.0, "Total Cost": 0.31, "Plan Rows": 1, "Plan Width": 21, "Actual Startup Time": 22.945, "Actual Total Time": 22.945, "Actual Rows": 5228, "Actual Loops": 5228, "Index Cond": "(id = mk.movie_id)", "Rows Removed by Index Recheck": 0}]}]}, "Triggers": [], "Planner Runtime": 9.86, "Total Runtime": 1117.024, "Unique SQL Id": 2804875951}}, "(64, '14')": {"explain_plan": {"Plan": {"Node Type": "Aggregate", "Strategy": "Plain", "Startup Cost": 203302.73, "Total Cost": 203302.74, "Plan Rows": 1, "Plan Width": 49, "Plans": [{"Node Type": "Hash Join", "Parent Relationship": "Outer", "Join Type": "Inner", "Startup Cost": 133750.79, "Total Cost": 203302.73, "Plan Rows": 2, "Plan Width": 17, "Inner Unique": true, "Hash Cond": "(mc.company_id = cn.id)", "Plans": [{"Node Type": "Hash Join", "Parent Relationship": "Outer", "Join Type": "Inner", "Startup Cost": 127819.34, "Total Cost": 197370.32, "Plan Rows": 70, "Plan Width": 21, "Inner Unique": false, "Hash Cond": "(t.id = mc.movie_id)", "Plans": [{"Node Type": "Seq Scan", "Parent Relationship": "Outer", "Relation Name": "title", "Alias": "t", "Startup Cost": 0.0, "Total Cost": 60069.11, "Plan Rows": 2528311, "Plan Width": 21}, {"Node Type": "Hash", "Parent Relationship": "Inner", "Startup Cost": 127818.46, "Total Cost": 127818.46, "Plan Rows": 70, "Plan Width": 12, "Plans": [{"Node Type": "Hash Join", "Parent Relationship": "Outer", "Join Type": "Inner", "Startup Cost": 76216.26, "Total Cost": 127818.46, "Plan Rows": 70, "Plan Width": 12, "Inner Unique": false, "Hash Cond": "(mc.movie_id = mk.movie_id)", "Plans": [{"Node Type": "Seq Scan", "Parent Relationship": "Outer", "Relation Name": "movie_companies", "Alias": "mc", "Startup Cost": 0.0, "Total Cost": 41817.28, "Plan Rows": 2609128, "Plan Width": 8}, {"Node Type": "Hash", "Parent Relationship": "Inner", "Startup Cost": 76215.84, "Total Cost": 76215.84, "Plan Rows": 33, "Plan Width": 4, "Plans": [{"Node Type": "Hash Join", "Parent Relationship": "Outer", "Join Type": "Inner", "Startup Cost": 2436.12, "Total Cost": 76215.84, "Plan Rows": 33, "Plan Width": 4, "Inner Unique": true, "Hash Cond": "(mk.keyword_id = k.id)", "Plans": [{"Node Type": "Seq Scan", "Parent Relationship": "Outer", "Relation Name": "movie_keyword", "Alias": "mk", "Startup Cost": 0.0, "Total Cost": 62441.29, "Plan Rows": 4523929, "Plan Width": 8}, {"Node Type": "Hash", "Parent Relationship": "Inner", "Startup Cost": 2436.11, "Total Cost": 2436.11, "Plan Rows": 1, "Plan Width": 4, "Plans": [{"Node Type": "Seq Scan", "Parent Relationship": "Outer", "Relation Name": "keyword", "Alias": "k", "Startup Cost": 0.0, "Total Cost": 2436.11, "Plan Rows": 1, "Plan Width": 4, "Filter": "((keyword)::text = 'character-name-in-title'::text)"}]}]}]}]}]}]}, {"Node Type": "Hash", "Parent Relationship": "Inner", "Startup Cost": 5903.45, "Total Cost": 5903.45, "Plan Rows": 2240, "Plan Width": 4, "Plans": [{"Node Type": "Seq Scan", "Parent Relationship": "Outer", "Relation Name": "company_name", "Alias": "cn", "Startup Cost": 0.0, "Total Cost": 5903.45, "Plan Rows": 2240, "Plan Width": 4, "Filter": "((country_code)::text = '[nl]'::text)"}]}]}]}, "Unique SQL Id": 2804875951, "Planner Runtime": 11}, "explain_analyze_plan": null}, "(64, '15')": {"explain_plan": {"Plan": {"Node Type": "Aggregate", "Strategy": "Plain", "Startup Cost": 4999022085294.01, "Total Cost": 4999022085294.02, "Plan Rows": 1, "Plan Width": 49, "Plans": [{"Node Type": "Merge Join", "Parent Relationship": "Outer", "Join Type": "Inner", "Startup Cost": 50198067446.04, "Total Cost": 4999022085294.0, "Plan Rows": 2, "Plan Width": 17, "Inner Unique": true, "Merge Cond": "(mc.movie_id = t.id)", "Plans": [{"Node Type": "Nested Loop", "Parent Relationship": "Outer", "Join Type": "Inner", "Startup Cost": 40176139519.84, "Total Cost": 3999959841302.72, "Plan Rows": 2, "Plan Width": 8, "Inner Unique": true, "Join Filter": "(mk.keyword_id = k.id)", "Plans": [{"Node Type": "Merge Join", "Parent Relationship": "Outer", "Join Type": "Inner", "Startup Cost": 30176139519.84, "Total Cost": 2999959518949.43, "Plan Rows": 272107, "Plan Width": 12, "Inner Unique": false, "Merge Cond": "(mc.movie_id = mk.movie_id)", "Plans": [{"Node Type": "Nested Loop", "Parent Relationship": "Outer", "Join Type": "Inner", "Startup Cost": 20000000000.0, "Total Cost": 2000101768791.5, "Plan Rows": 33725, "Plan Width": 4, "Inner Unique": true, "Join Filter": "(cn.id = mc.company_id)", "Plans": [{"Node Type": "Index Scan", "Parent Relationship": "Outer", "Scan Direction": "Forward", "Index Name": "movie_id_movie_companies", "Relation Name": "movie_companies", "Alias": "mc", "Startup Cost": 10000000000.0, "Total Cost": 1000013051946.13, "Plan Rows": 2609128, "Plan Width": 8}, {"Node Type": "Materialize", "Parent Relationship": "Inner", "Startup Cost": 10000000000.0, "Total Cost": 1000001050150.17, "Plan Rows": 2240, "Plan Width": 4, "Plans": [{"Node Type": "Index Scan", "Parent Relationship": "Outer", "Scan Direction": "Forward", "Index Name": "company_name_pkey", "Relation Name": "company_name", "Alias": "cn", "Startup Cost": 10000000000.0, "Total Cost": 1000001050138.97, "Plan Rows": 2240, "Plan Width": 4, "Filter": "((country_code)::text = '[nl]'::text)"}]}]}, {"Node Type": "Index Scan", "Parent Relationship": "Inner", "Scan Direction": "Forward", "Index Name": "movie_id_movie_keyword", "Relation Name": "movie_keyword", "Alias": "mk", "Startup Cost": 10000000000.0, "Total Cost": 1000015300634.17, "Plan Rows": 4523929, "Plan Width": 8}]}, {"Node Type": "Materialize", "Parent Relationship": "Inner", "Startup Cost": 10000000000.0, "Total Cost": 1000000318271.69, "Plan Rows": 1, "Plan Width": 4, "Plans": [{"Node Type": "Index Scan", "Parent Relationship": "Outer", "Scan Direction": "Forward", "Index Name": "keyword_pkey", "Relation Name": "keyword", "Alias": "k", "Startup Cost": 10000000000.0, "Total Cost": 1000000318271.68, "Plan Rows": 1, "Plan Width": 4, "Filter": "((keyword)::text = 'character-name-in-title'::text)"}]}]}, {"Node Type": "Index Scan", "Parent Relationship": "Inner", "Scan Direction": "Forward", "Index Name": "title_pkey", "Relation Name": "title", "Alias": "t", "Startup Cost": 10000000000.0, "Total Cost": 1000011012048.91, "Plan Rows": 2528311, "Plan Width": 21}]}]}, "Unique SQL Id": 2804875951, "Planner Runtime": 19}, "explain_analyze_plan": null}, "(64, '16')": {"explain_plan": {"Plan": {"Node Type": "Aggregate", "Strategy": "Plain", "Startup Cost": 2600.78, "Total Cost": 2600.79, "Plan Rows": 1, "Plan Width": 49, "Plans": [{"Node Type": "Nested Loop", "Parent Relationship": "Outer", "Join Type": "Inner", "Startup Cost": 4.51, "Total Cost": 2600.77, "Plan Rows": 2, "Plan Width": 17, "Inner Unique": true, "Join Filter": "(mc.movie_id = t.id)", "Plans": [{"Node Type": "Nested Loop", "Parent Relationship": "Outer", "Join Type": "Inner", "Startup Cost": 4.51, "Total Cost": 2600.13, "Plan Rows": 2, "Plan Width": 8, "Inner Unique": true, "Plans": [{"Node Type": "Nested Loop", "Parent Relationship": "Outer", "Join Type": "Inner", "Startup Cost": 4.51, "Total Cost": 2579.99, "Plan Rows": 70, "Plan Width": 12, "Inner Unique": false, "Plans": [{"Node Type": "Nested Loop", "Parent Relationship": "Outer", "Join Type": "Inner", "Startup Cost": 4.51, "Total Cost": 2569.02, "Plan Rows": 33, "Plan Width": 4, "Inner Unique": false, "Plans": [{"Node Type": "Seq Scan", "Parent Relationship": "Outer", "Relation Name": "keyword", "Alias": "k", "Startup Cost": 0.0, "Total Cost": 2436.11, "Plan Rows": 1, "Plan Width": 4, "Filter": "((keyword)::text = 'character-name-in-title'::text)"}, {"Node Type": "Bitmap Heap Scan", "Parent Relationship": "Inner", "Relation Name": "movie_keyword", "Alias": "mk", "Startup Cost": 4.51, "Total Cost": 132.58, "Plan Rows": 33, "Plan Width": 8, "Recheck Cond": "(keyword_id = k.id)", "Plans": [{"Node Type": "Bitmap Index Scan", "Parent Relationship": "Outer", "Index Name": "keyword_id_movie_keyword", "Startup Cost": 0.0, "Total Cost": 4.5, "Plan Rows": 33, "Plan Width": 0, "Index Cond": "(keyword_id = k.id)"}]}]}, {"Node Type": "Index Scan", "Parent Relationship": "Inner", "Scan Direction": "Forward", "Index Name": "movie_id_movie_companies", "Relation Name": "movie_companies", "Alias": "mc", "Startup Cost": 0.0, "Total Cost": 0.31, "Plan Rows": 2, "Plan Width": 8, "Index Cond": "(movie_id = mk.movie_id)"}]}, {"Node Type": "Index Scan", "Parent Relationship": "Inner", "Scan Direction": "Forward", "Index Name": "company_name_pkey", "Relation Name": "company_name", "Alias": "cn", "Startup Cost": 0.0, "Total Cost": 0.28, "Plan Rows": 1, "Plan Width": 4, "Index Cond": "(id = mc.company_id)", "Filter": "((country_code)::text = '[nl]'::text)"}]}, {"Node Type": "Index Scan", "Parent Relationship": "Inner", "Scan Direction": "Forward", "Index Name": "title_pkey", "Relation Name": "title", "Alias": "t", "Startup Cost": 0.0, "Total Cost": 0.31, "Plan Rows": 1, "Plan Width": 21, "Index Cond": "(id = mk.movie_id)"}]}]}, "Unique SQL Id": 2804875951, "Planner Runtime": 8}, "explain_analyze_plan": {"Plan": {"Node Type": "Aggregate", "Strategy": "Plain", "Startup Cost": 2600.78, "Total Cost": 2600.79, "Plan Rows": 1, "Plan Width": 49, "Actual Startup Time": 1011.525, "Actual Total Time": 1011.525, "Actual Rows": 1, "Actual Loops": 1, "Plans": [{"Node Type": "Nested Loop", "Parent Relationship": "Outer", "Join Type": "Inner", "Startup Cost": 4.51, "Total Cost": 2600.77, "Plan Rows": 2, "Plan Width": 17, "Actual Startup Time": 12.528, "Actual Total Time": 1007.96, "Actual Rows": 5228, "Actual Loops": 1, "Inner Unique": true, "Join Filter": "(mc.movie_id = t.id)", "Rows Removed by Join Filter": 0, "Plans": [{"Node Type": "Nested Loop", "Parent Relationship": "Outer", "Join Type": "Inner", "Startup Cost": 4.51, "Total Cost": 2600.13, "Plan Rows": 2, "Plan Width": 8, "Actual Startup Time": 12.513, "Actual Total Time": 980.622, "Actual Rows": 5228, "Actual Loops": 1, "Inner Unique": true, "Plans": [{"Node Type": "Nested Loop", "Parent Relationship": "Outer", "Join Type": "Inner", "Startup Cost": 4.51, "Total Cost": 2579.99, "Plan Rows": 70, "Plan Width": 12, "Actual Startup Time": 9.527, "Actual Total Time": 365.273, "Actual Rows": 148552, "Actual Loops": 1, "Inner Unique": false, "Plans": [{"Node Type": "Nested Loop", "Parent Relationship": "Outer", "Join Type": "Inner", "Startup Cost": 4.51, "Total Cost": 2569.02, "Plan Rows": 33, "Plan Width": 4, "Actual Startup Time": 9.495, "Actual Total Time": 95.383, "Actual Rows": 41840, "Actual Loops": 1, "Inner Unique": false, "Plans": [{"Node Type": "Seq Scan", "Parent Relationship": "Outer", "Relation Name": "keyword", "Alias": "k", "Startup Cost": 0.0, "Total Cost": 2436.11, "Plan Rows": 1, "Plan Width": 4, "Actual Startup Time": 1.783, "Actual Total Time": 40.829, "Actual Rows": 1, "Actual Loops": 1, "Filter": "((keyword)::text = 'character-name-in-title'::text)", "Rows Removed by Filter": 134168}, {"Node Type": "Bitmap Heap Scan", "Parent Relationship": "Inner", "Relation Name": "movie_keyword", "Alias": "mk", "Startup Cost": 4.51, "Total Cost": 132.58, "Plan Rows": 33, "Plan Width": 8, "Actual Startup Time": 7.703, "Actual Total Time": 45.702, "Actual Rows": 41840, "Actual Loops": 1, "Recheck Cond": "(keyword_id = k.id)", "Rows Removed by Index Recheck": 0, "Exact Heap Blocks": 9702, "Lossy Heap Blocks": 9702, "Plans": [{"Node Type": "Bitmap Index Scan", "Parent Relationship": "Outer", "Index Name": "keyword_id_movie_keyword", "Startup Cost": 0.0, "Total Cost": 4.5, "Plan Rows": 33, "Plan Width": 0, "Actual Startup Time": 5.948, "Actual Total Time": 5.948, "Actual Rows": 41840, "Actual Loops": 1, "Index Cond": "(keyword_id = k.id)"}]}]}, {"Node Type": "Index Scan", "Parent Relationship": "Inner", "Scan Direction": "Forward", "Index Name": "movie_id_movie_companies", "Relation Name": "movie_companies", "Alias": "mc", "Startup Cost": 0.0, "Total Cost": 0.31, "Plan Rows": 2, "Plan Width": 8, "Actual Startup Time": 143.277, "Actual Total Time": 214.488, "Actual Rows": 148552, "Actual Loops": 41840, "Index Cond": "(movie_id = mk.movie_id)", "Rows Removed by Index Recheck": 0}]}, {"Node Type": "Index Scan", "Parent Relationship": "Inner", "Scan Direction": "Forward", "Index Name": "company_name_pkey", "Relation Name": "company_name", "Alias": "cn", "Startup Cost": 0.0, "Total Cost": 0.28, "Plan Rows": 1, "Plan Width": 4, "Actual Startup Time": 541.94, "Actual Total Time": 541.94, "Actual Rows": 5228, "Actual Loops": 148552, "Index Cond": "(id = mc.company_id)", "Rows Removed by Index Recheck": 0, "Filter": "((country_code)::text = '[nl]'::text)", "Rows Removed by Filter": 143324}]}, {"Node Type": "Index Scan", "Parent Relationship": "Inner", "Scan Direction": "Forward", "Index Name": "title_pkey", "Relation Name": "title", "Alias": "t", "Startup Cost": 0.0, "Total Cost": 0.31, "Plan Rows": 1, "Plan Width": 21, "Actual Startup Time": 21.446, "Actual Total Time": 21.446, "Actual Rows": 5228, "Actual Loops": 5228, "Index Cond": "(id = mk.movie_id)", "Rows Removed by Index Recheck": 0}]}]}, "Triggers": [], "Planner Runtime": 9.832, "Total Runtime": 1011.849, "Unique SQL Id": 2804875951}}, "(64, '17')": {"explain_plan": {"Plan": {"Node Type": "Aggregate", "Strategy": "Plain", "Startup Cost": 3347.38, "Total Cost": 3347.39, "Plan Rows": 1, "Plan Width": 49, "Plans": [{"Node Type": "Nested Loop", "Parent Relationship": "Outer", "Join Type": "Inner", "Startup Cost": 4.51, "Total Cost": 3347.38, "Plan Rows": 2, "Plan Width": 17, "Inner Unique": true, "Join Filter": "(mc.movie_id = t.id)", "Plans": [{"Node Type": "Nested Loop", "Parent Relationship": "Outer", "Join Type": "Inner", "Startup Cost": 4.51, "Total Cost": 3346.73, "Plan Rows": 2, "Plan Width": 8, "Inner Unique": true, "Plans": [{"Node Type": "Nested Loop", "Parent Relationship": "Outer", "Join Type": "Inner", "Startup Cost": 4.51, "Total Cost": 3326.6, "Plan Rows": 70, "Plan Width": 12, "Inner Unique": false, "Plans": [{"Node Type": "Nested Loop", "Parent Relationship": "Outer", "Join Type": "Inner", "Startup Cost": 4.51, "Total Cost": 3315.63, "Plan Rows": 33, "Plan Width": 4, "Inner Unique": false, "Plans": [{"Node Type": "Index Scan", "Parent Relationship": "Outer", "Scan Direction": "Forward", "Index Name": "keyword_pkey", "Relation Name": "keyword", "Alias": "k", "Startup Cost": 0.0, "Total Cost": 3182.72, "Plan Rows": 1, "Plan Width": 4, "Filter": "((keyword)::text = 'character-name-in-title'::text)"}, {"Node Type": "Bitmap Heap Scan", "Parent Relationship": "Inner", "Relation Name": "movie_keyword", "Alias": "mk", "Startup Cost": 4.51, "Total Cost": 132.58, "Plan Rows": 33, "Plan Width": 8, "Recheck Cond": "(keyword_id = k.id)", "Plans": [{"Node Type": "Bitmap Index Scan", "Parent Relationship": "Outer", "Index Name": "keyword_id_movie_keyword", "Startup Cost": 0.0, "Total Cost": 4.5, "Plan Rows": 33, "Plan Width": 0, "Index Cond": "(keyword_id = k.id)"}]}]}, {"Node Type": "Index Scan", "Parent Relationship": "Inner", "Scan Direction": "Forward", "Index Name": "movie_id_movie_companies", "Relation Name": "movie_companies", "Alias": "mc", "Startup Cost": 0.0, "Total Cost": 0.31, "Plan Rows": 2, "Plan Width": 8, "Index Cond": "(movie_id = mk.movie_id)"}]}, {"Node Type": "Index Scan", "Parent Relationship": "Inner", "Scan Direction": "Forward", "Index Name": "company_name_pkey", "Relation Name": "company_name", "Alias": "cn", "Startup Cost": 0.0, "Total Cost": 0.28, "Plan Rows": 1, "Plan Width": 4, "Index Cond": "(id = mc.company_id)", "Filter": "((country_code)::text = '[nl]'::text)"}]}, {"Node Type": "Index Scan", "Parent Relationship": "Inner", "Scan Direction": "Forward", "Index Name": "title_pkey", "Relation Name": "title", "Alias": "t", "Startup Cost": 0.0, "Total Cost": 0.31, "Plan Rows": 1, "Plan Width": 21, "Index Cond": "(id = mk.movie_id)"}]}]}, "Unique SQL Id": 2804875951, "Planner Runtime": 8}, "explain_analyze_plan": {"Plan": {"Node Type": "Aggregate", "Strategy": "Plain", "Startup Cost": 3347.38, "Total Cost": 3347.39, "Plan Rows": 1, "Plan Width": 49, "Actual Startup Time": 1116.379, "Actual Total Time": 1116.38, "Actual Rows": 1, "Actual Loops": 1, "Plans": [{"Node Type": "Nested Loop", "Parent Relationship": "Outer", "Join Type": "Inner", "Startup Cost": 4.51, "Total Cost": 3347.38, "Plan Rows": 2, "Plan Width": 17, "Actual Startup Time": 11.025, "Actual Total Time": 1112.884, "Actual Rows": 5228, "Actual Loops": 1, "Inner Unique": true, "Join Filter": "(mc.movie_id = t.id)", "Rows Removed by Join Filter": 0, "Plans": [{"Node Type": "Nested Loop", "Parent Relationship": "Outer", "Join Type": "Inner", "Startup Cost": 4.51, "Total Cost": 3346.73, "Plan Rows": 2, "Plan Width": 8, "Actual Startup Time": 11.01, "Actual Total Time": 1085.185, "Actual Rows": 5228, "Actual Loops": 1, "Inner Unique": true, "Plans": [{"Node Type": "Nested Loop", "Parent Relationship": "Outer", "Join Type": "Inner", "Startup Cost": 4.51, "Total Cost": 3326.6, "Plan Rows": 70, "Plan Width": 12, "Actual Startup Time": 8.008, "Actual Total Time": 447.869, "Actual Rows": 148552, "Actual Loops": 1, "Inner Unique": false, "Plans": [{"Node Type": "Nested Loop", "Parent Relationship": "Outer", "Join Type": "Inner", "Startup Cost": 4.51, "Total Cost": 3315.63, "Plan Rows": 33, "Plan Width": 4, "Actual Startup Time": 7.977, "Actual Total Time": 171.703, "Actual Rows": 41840, "Actual Loops": 1, "Inner Unique": false, "Plans": [{"Node Type": "Index Scan", "Parent Relationship": "Outer", "Scan Direction": "Forward", "Index Name": "keyword_pkey", "Relation Name": "keyword", "Alias": "k", "Startup Cost": 0.0, "Total Cost": 3182.72, "Plan Rows": 1, "Plan Width": 4, "Actual Startup Time": 0.191, "Actual Total Time": 115.745, "Actual Rows": 1, "Actual Loops": 1, "Filter": "((keyword)::text = 'character-name-in-title'::text)", "Rows Removed by Filter": 134168}, {"Node Type": "Bitmap Heap Scan", "Parent Relationship": "Inner", "Relation Name": "movie_keyword", "Alias": "mk", "Startup Cost": 4.51, "Total Cost": 132.58, "Plan Rows": 33, "Plan Width": 8, "Actual Startup Time": 7.779, "Actual Total Time": 46.991, "Actual Rows": 41840, "Actual Loops": 1, "Recheck Cond": "(keyword_id = k.id)", "Rows Removed by Index Recheck": 0, "Exact Heap Blocks": 9702, "Lossy Heap Blocks": 9702, "Plans": [{"Node Type": "Bitmap Index Scan", "Parent Relationship": "Outer", "Index Name": "keyword_id_movie_keyword", "Startup Cost": 0.0, "Total Cost": 4.5, "Plan Rows": 33, "Plan Width": 0, "Actual Startup Time": 6.034, "Actual Total Time": 6.034, "Actual Rows": 41840, "Actual Loops": 1, "Index Cond": "(keyword_id = k.id)"}]}]}, {"Node Type": "Index Scan", "Parent Relationship": "Inner", "Scan Direction": "Forward", "Index Name": "movie_id_movie_companies", "Relation Name": "movie_companies", "Alias": "mc", "Startup Cost": 0.0, "Total Cost": 0.31, "Plan Rows": 2, "Plan Width": 8, "Actual Startup Time": 147.833, "Actual Total Time": 220.177, "Actual Rows": 148552, "Actual Loops": 41840, "Index Cond": "(movie_id = mk.movie_id)", "Rows Removed by Index Recheck": 0}]}, {"Node Type": "Index Scan", "Parent Relationship": "Inner", "Scan Direction": "Forward", "Index Name": "company_name_pkey", "Relation Name": "company_name", "Alias": "cn", "Startup Cost": 0.0, "Total Cost": 0.28, "Plan Rows": 1, "Plan Width": 4, "Actual Startup Time": 563.904, "Actual Total Time": 563.904, "Actual Rows": 5228, "Actual Loops": 148552, "Index Cond": "(id = mc.company_id)", "Rows Removed by Index Recheck": 0, "Filter": "((country_code)::text = '[nl]'::text)", "Rows Removed by Filter": 143324}]}, {"Node Type": "Index Scan", "Parent Relationship": "Inner", "Scan Direction": "Forward", "Index Name": "title_pkey", "Relation Name": "title", "Alias": "t", "Startup Cost": 0.0, "Total Cost": 0.31, "Plan Rows": 1, "Plan Width": 21, "Actual Startup Time": 22.044, "Actual Total Time": 22.044, "Actual Rows": 5228, "Actual Loops": 5228, "Index Cond": "(id = mk.movie_id)", "Rows Removed by Index Recheck": 0}]}]}, "Triggers": [], "Planner Runtime": 9.698, "Total Runtime": 1116.687, "Unique SQL Id": 2804875951}}, "(64, '18')": {"explain_plan": {"Plan": {"Node Type": "Aggregate", "Strategy": "Plain", "Startup Cost": 3019.97, "Total Cost": 3019.98, "Plan Rows": 1, "Plan Width": 49, "Plans": [{"Node Type": "Nested Loop", "Parent Relationship": "Outer", "Join Type": "Inner", "Startup Cost": 5.3, "Total Cost": 3019.97, "Plan Rows": 2, "Plan Width": 17, "Inner Unique": true, "Join Filter": "(mc.movie_id = t.id)", "Plans": [{"Node Type": "Nested Loop", "Parent Relationship": "Outer", "Join Type": "Inner", "Startup Cost": 5.04, "Total Cost": 3011.39, "Plan Rows": 2, "Plan Width": 8, "Inner Unique": true, "Plans": [{"Node Type": "Nested Loop", "Parent Relationship": "Outer", "Join Type": "Inner", "Startup Cost": 4.78, "Total Cost": 2711.55, "Plan Rows": 70, "Plan Width": 12, "Inner Unique": false, "Plans": [{"Node Type": "Nested Loop", "Parent Relationship": "Outer", "Join Type": "Inner", "Startup Cost": 4.51, "Total Cost": 2569.02, "Plan Rows": 33, "Plan Width": 4, "Inner Unique": false, "Plans": [{"Node Type": "Seq Scan", "Parent Relationship": "Outer", "Relation Name": "keyword", "Alias": "k", "Startup Cost": 0.0, "Total Cost": 2436.11, "Plan Rows": 1, "Plan Width": 4, "Filter": "((keyword)::text = 'character-name-in-title'::text)"}, {"Node Type": "Bitmap Heap Scan", "Parent Relationship": "Inner", "Relation Name": "movie_keyword", "Alias": "mk", "Startup Cost": 4.51, "Total Cost": 132.58, "Plan Rows": 33, "Plan Width": 8, "Recheck Cond": "(keyword_id = k.id)", "Plans": [{"Node Type": "Bitmap Index Scan", "Parent Relationship": "Outer", "Index Name": "keyword_id_movie_keyword", "Startup Cost": 0.0, "Total Cost": 4.5, "Plan Rows": 33, "Plan Width": 0, "Index Cond": "(keyword_id = k.id)"}]}]}, {"Node Type": "Bitmap Heap Scan", "Parent Relationship": "Inner", "Relation Name": "movie_companies", "Alias": "mc", "Startup Cost": 0.27, "Total Cost": 4.3, "Plan Rows": 2, "Plan Width": 8, "Recheck Cond": "(movie_id = mk.movie_id)", "Plans": [{"Node Type": "Bitmap Index Scan", "Parent Relationship": "Outer", "Index Name": "movie_id_movie_companies", "Startup Cost": 0.0, "Total Cost": 0.27, "Plan Rows": 2, "Plan Width": 0, "Index Cond": "(movie_id = mk.movie_id)"}]}]}, {"Node Type": "Bitmap Heap Scan", "Parent Relationship": "Inner", "Relation Name": "company_name", "Alias": "cn", "Startup Cost": 0.26, "Total Cost": 4.27, "Plan Rows": 1, "Plan Width": 4, "Recheck Cond": "(id = mc.company_id)", "Filter": "((country_code)::text = '[nl]'::text)", "Plans": [{"Node Type": "Bitmap Index Scan", "Parent Relationship": "Outer", "Index Name": "company_name_pkey", "Startup Cost": 0.0, "Total Cost": 0.26, "Plan Rows": 1, "Plan Width": 0, "Index Cond": "(id = mc.company_id)"}]}]}, {"Node Type": "Bitmap Heap Scan", "Parent Relationship": "Inner", "Relation Name": "title", "Alias": "t", "Startup Cost": 0.27, "Total Cost": 4.28, "Plan Rows": 1, "Plan Width": 21, "Recheck Cond": "(id = mk.movie_id)", "Plans": [{"Node Type": "Bitmap Index Scan", "Parent Relationship": "Outer", "Index Name": "title_pkey", "Startup Cost": 0.0, "Total Cost": 0.27, "Plan Rows": 1, "Plan Width": 0, "Index Cond": "(id = mk.movie_id)"}]}]}]}, "Unique SQL Id": 2804875951, "Planner Runtime": 7}, "explain_analyze_plan": {"Plan": {"Node Type": "Aggregate", "Strategy": "Plain", "Startup Cost": 3019.97, "Total Cost": 3019.98, "Plan Rows": 1, "Plan Width": 49, "Actual Startup Time": 1379.762, "Actual Total Time": 1379.762, "Actual Rows": 1, "Actual Loops": 1, "Plans": [{"Node Type": "Nested Loop", "Parent Relationship": "Outer", "Join Type": "Inner", "Startup Cost": 5.3, "Total Cost": 3019.97, "Plan Rows": 2, "Plan Width": 17, "Actual Startup Time": 13.852, "Actual Total Time": 1374.961, "Actual Rows": 5228, "Actual Loops": 1, "Inner Unique": true, "Join Filter": "(mc.movie_id = t.id)", "Rows Removed by Join Filter": 0, "Plans": [{"Node Type": "Nested Loop", "Parent Relationship": "Outer", "Join Type": "Inner", "Startup Cost": 5.04, "Total Cost": 3011.39, "Plan Rows": 2, "Plan Width": 8, "Actual Startup Time": 13.83, "Actual Total Time": 1338.406, "Actual Rows": 5228, "Actual Loops": 1, "Inner Unique": true, "Plans": [{"Node Type": "Nested Loop", "Parent Relationship": "Outer", "Join Type": "Inner", "Startup Cost": 4.78, "Total Cost": 2711.55, "Plan Rows": 70, "Plan Width": 12, "Actual Startup Time": 9.636, "Actual Total Time": 474.478, "Actual Rows": 148552, "Actual Loops": 1, "Inner Unique": false, "Plans": [{"Node Type": "Nested Loop", "Parent Relationship": "Outer", "Join Type": "Inner", "Startup Cost": 4.51, "Total Cost": 2569.02, "Plan Rows": 33, "Plan Width": 4, "Actual Startup Time": 9.588, "Actual Total Time": 94.897, "Actual Rows": 41840, "Actual Loops": 1, "Inner Unique": false, "Plans": [{"Node Type": "Seq Scan", "Parent Relationship": "Outer", "Relation Name": "keyword", "Alias": "k", "Startup Cost": 0.0, "Total Cost": 2436.11, "Plan Rows": 1, "Plan Width": 4, "Actual Startup Time": 1.796, "Actual Total Time": 40.826, "Actual Rows": 1, "Actual Loops": 1, "Filter": "((keyword)::text = 'character-name-in-title'::text)", "Rows Removed by Filter": 134168}, {"Node Type": "Bitmap Heap Scan", "Parent Relationship": "Inner", "Relation Name": "movie_keyword", "Alias": "mk", "Startup Cost": 4.51, "Total Cost": 132.58, "Plan Rows": 33, "Plan Width": 8, "Actual Startup Time": 7.784, "Actual Total Time": 44.618, "Actual Rows": 41840, "Actual Loops": 1, "Recheck Cond": "(keyword_id = k.id)", "Rows Removed by Index Recheck": 0, "Exact Heap Blocks": 9702, "Lossy Heap Blocks": 9702, "Plans": [{"Node Type": "Bitmap Index Scan", "Parent Relationship": "Outer", "Index Name": "keyword_id_movie_keyword", "Startup Cost": 0.0, "Total Cost": 4.5, "Plan Rows": 33, "Plan Width": 0, "Actual Startup Time": 6.024, "Actual Total Time": 6.024, "Actual Rows": 41840, "Actual Loops": 1, "Index Cond": "(keyword_id = k.id)"}]}]}, {"Node Type": "Bitmap Heap Scan", "Parent Relationship": "Inner", "Relation Name": "movie_companies", "Alias": "mc", "Startup Cost": 0.27, "Total Cost": 4.3, "Plan Rows": 2, "Plan Width": 8, "Actual Startup Time": 239.829, "Actual Total Time": 294.063, "Actual Rows": 148552, "Actual Loops": 41840, "Recheck Cond": "(movie_id = mk.movie_id)", "Rows Removed by Index Recheck": 0, "Exact Heap Blocks": 62638, "Lossy Heap Blocks": 62638, "Plans": [{"Node Type": "Bitmap Index Scan", "Parent Relationship": "Outer", "Index Name": "movie_id_movie_companies", "Startup Cost": 0.0, "Total Cost": 0.27, "Plan Rows": 2, "Plan Width": 0, "Actual Startup Time": 149.912, "Actual Total Time": 149.912, "Actual Rows": 148552, "Actual Loops": 41840, "Index Cond": "(movie_id = mk.movie_id)"}]}]}, {"Node Type": "Bitmap Heap Scan", "Parent Relationship": "Inner", "Relation Name": "company_name", "Alias": "cn", "Startup Cost": 0.26, "Total Cost": 4.27, "Plan Rows": 1, "Plan Width": 4, "Actual Startup Time": 695.194, "Actual Total Time": 695.194, "Actual Rows": 5228, "Actual Loops": 148552, "Recheck Cond": "(id = mc.company_id)", "Rows Removed by Index Recheck": 0, "Filter": "((country_code)::text = '[nl]'::text)", "Rows Removed by Filter": 143324, "Exact Heap Blocks": 148552, "Lossy Heap Blocks": 148552, "Plans": [{"Node Type": "Bitmap Index Scan", "Parent Relationship": "Outer", "Index Name": "company_name_pkey", "Startup Cost": 0.0, "Total Cost": 0.26, "Plan Rows": 1, "Plan Width": 0, "Actual Startup Time": 387.396, "Actual Total Time": 387.396, "Actual Rows": 148552, "Actual Loops": 148552, "Index Cond": "(id = mc.company_id)"}]}]}, {"Node Type": "Bitmap Heap Scan", "Parent Relationship": "Inner", "Relation Name": "title", "Alias": "t", "Startup Cost": 0.27, "Total Cost": 4.28, "Plan Rows": 1, "Plan Width": 21, "Actual Startup Time": 27.627, "Actual Total Time": 27.627, "Actual Rows": 5228, "Actual Loops": 5228, "Recheck Cond": "(id = mk.movie_id)", "Rows Removed by Index Recheck": 0, "Exact Heap Blocks": 5228, "Lossy Heap Blocks": 5228, "Plans": [{"Node Type": "Bitmap Index Scan", "Parent Relationship": "Outer", "Index Name": "title_pkey", "Startup Cost": 0.0, "Total Cost": 0.27, "Plan Rows": 1, "Plan Width": 0, "Actual Startup Time": 16.124, "Actual Total Time": 16.124, "Actual Rows": 5228, "Actual Loops": 5228, "Index Cond": "(id = mk.movie_id)"}]}]}]}, "Triggers": [], "Planner Runtime": 9.995, "Total Runtime": 1380.114, "Unique SQL Id": 2804875951}}, "(64, '19')": {"explain_plan": {"Plan": {"Node Type": "Aggregate", "Strategy": "Plain", "Startup Cost": 3739.07, "Total Cost": 3739.08, "Plan Rows": 1, "Plan Width": 49, "Plans": [{"Node Type": "Nested Loop", "Parent Relationship": "Outer", "Join Type": "Inner", "Startup Cost": 724.4, "Total Cost": 3739.06, "Plan Rows": 2, "Plan Width": 17, "Inner Unique": true, "Join Filter": "(mc.movie_id = t.id)", "Plans": [{"Node Type": "Nested Loop", "Parent Relationship": "Outer", "Join Type": "Inner", "Startup Cost": 724.13, "Total Cost": 3730.48, "Plan Rows": 2, "Plan Width": 8, "Inner Unique": true, "Plans": [{"Node Type": "Nested Loop", "Parent Relationship": "Outer", "Join Type": "Inner", "Startup Cost": 723.87, "Total Cost": 3430.65, "Plan Rows": 70, "Plan Width": 12, "Inner Unique": false, "Plans": [{"Node Type": "Nested Loop", "Parent Relationship": "Outer", "Join Type": "Inner", "Startup Cost": 723.6, "Total Cost": 3288.12, "Plan Rows": 33, "Plan Width": 4, "Inner Unique": false, "Plans": [{"Node Type": "Bitmap Heap Scan", "Parent Relationship": "Outer", "Relation Name": "keyword", "Alias": "k", "Startup Cost": 719.1, "Total Cost": 3155.21, "Plan Rows": 1, "Plan Width": 4, "Filter": "((keyword)::text = 'character-name-in-title'::text)", "Plans": [{"Node Type": "Bitmap Index Scan", "Parent Relationship": "Outer", "Index Name": "keyword_pkey", "Startup Cost": 0.0, "Total Cost": 719.1, "Plan Rows": 134169, "Plan Width": 0}]}, {"Node Type": "Bitmap Heap Scan", "Parent Relationship": "Inner", "Relation Name": "movie_keyword", "Alias": "mk", "Startup Cost": 4.51, "Total Cost": 132.58, "Plan Rows": 33, "Plan Width": 8, "Recheck Cond": "(keyword_id = k.id)", "Plans": [{"Node Type": "Bitmap Index Scan", "Parent Relationship": "Outer", "Index Name": "keyword_id_movie_keyword", "Startup Cost": 0.0, "Total Cost": 4.5, "Plan Rows": 33, "Plan Width": 0, "Index Cond": "(keyword_id = k.id)"}]}]}, {"Node Type": "Bitmap Heap Scan", "Parent Relationship": "Inner", "Relation Name": "movie_companies", "Alias": "mc", "Startup Cost": 0.27, "Total Cost": 4.3, "Plan Rows": 2, "Plan Width": 8, "Recheck Cond": "(movie_id = mk.movie_id)", "Plans": [{"Node Type": "Bitmap Index Scan", "Parent Relationship": "Outer", "Index Name": "movie_id_movie_companies", "Startup Cost": 0.0, "Total Cost": 0.27, "Plan Rows": 2, "Plan Width": 0, "Index Cond": "(movie_id = mk.movie_id)"}]}]}, {"Node Type": "Bitmap Heap Scan", "Parent Relationship": "Inner", "Relation Name": "company_name", "Alias": "cn", "Startup Cost": 0.26, "Total Cost": 4.27, "Plan Rows": 1, "Plan Width": 4, "Recheck Cond": "(id = mc.company_id)", "Filter": "((country_code)::text = '[nl]'::text)", "Plans": [{"Node Type": "Bitmap Index Scan", "Parent Relationship": "Outer", "Index Name": "company_name_pkey", "Startup Cost": 0.0, "Total Cost": 0.26, "Plan Rows": 1, "Plan Width": 0, "Index Cond": "(id = mc.company_id)"}]}]}, {"Node Type": "Bitmap Heap Scan", "Parent Relationship": "Inner", "Relation Name": "title", "Alias": "t", "Startup Cost": 0.27, "Total Cost": 4.28, "Plan Rows": 1, "Plan Width": 21, "Recheck Cond": "(id = mk.movie_id)", "Plans": [{"Node Type": "Bitmap Index Scan", "Parent Relationship": "Outer", "Index Name": "title_pkey", "Startup Cost": 0.0, "Total Cost": 0.27, "Plan Rows": 1, "Plan Width": 0, "Index Cond": "(id = mk.movie_id)"}]}]}]}, "Unique SQL Id": 2804875951, "Planner Runtime": 6}, "explain_analyze_plan": {"Plan": {"Node Type": "Aggregate", "Strategy": "Plain", "Startup Cost": 3739.07, "Total Cost": 3739.08, "Plan Rows": 1, "Plan Width": 49, "Actual Startup Time": 1403.708, "Actual Total Time": 1403.709, "Actual Rows": 1, "Actual Loops": 1, "Plans": [{"Node Type": "Nested Loop", "Parent Relationship": "Outer", "Join Type": "Inner", "Startup Cost": 724.4, "Total Cost": 3739.06, "Plan Rows": 2, "Plan Width": 17, "Actual Startup Time": 25.933, "Actual Total Time": 1398.814, "Actual Rows": 5228, "Actual Loops": 1, "Inner Unique": true, "Join Filter": "(mc.movie_id = t.id)", "Rows Removed by Join Filter": 0, "Plans": [{"Node Type": "Nested Loop", "Parent Relationship": "Outer", "Join Type": "Inner", "Startup Cost": 724.13, "Total Cost": 3730.48, "Plan Rows": 2, "Plan Width": 8, "Actual Startup Time": 25.914, "Actual Total Time": 1361.007, "Actual Rows": 5228, "Actual Loops": 1, "Inner Unique": true, "Plans": [{"Node Type": "Nested Loop", "Parent Relationship": "Outer", "Join Type": "Inner", "Startup Cost": 723.87, "Total Cost": 3430.65, "Plan Rows": 70, "Plan Width": 12, "Actual Startup Time": 21.809, "Actual Total Time": 500.96, "Actual Rows": 148552, "Actual Loops": 1, "Inner Unique": false, "Plans": [{"Node Type": "Nested Loop", "Parent Relationship": "Outer", "Join Type": "Inner", "Startup Cost": 723.6, "Total Cost": 3288.12, "Plan Rows": 33, "Plan Width": 4, "Actual Startup Time": 21.768, "Actual Total Time": 121.31, "Actual Rows": 41840, "Actual Loops": 1, "Inner Unique": false, "Plans": [{"Node Type": "Bitmap Heap Scan", "Parent Relationship": "Outer", "Relation Name": "keyword", "Alias": "k", "Startup Cost": 719.1, "Total Cost": 3155.21, "Plan Rows": 1, "Plan Width": 4, "Actual Startup Time": 14.099, "Actual Total Time": 67.292, "Actual Rows": 1, "Actual Loops": 1, "Filter": "((keyword)::text = 'character-name-in-title'::text)", "Rows Removed by Filter": 134168, "Exact Heap Blocks": 759, "Lossy Heap Blocks": 759, "Plans": [{"Node Type": "Bitmap Index Scan", "Parent Relationship": "Outer", "Index Name": "keyword_pkey", "Startup Cost": 0.0, "Total Cost": 719.1, "Plan Rows": 134169, "Plan Width": 0, "Actual Startup Time": 11.779, "Actual Total Time": 11.779, "Actual Rows": 134169, "Actual Loops": 1}]}, {"Node Type": "Bitmap Heap Scan", "Parent Relationship": "Inner", "Relation Name": "movie_keyword", "Alias": "mk", "Startup Cost": 4.51, "Total Cost": 132.58, "Plan Rows": 33, "Plan Width": 8, "Actual Startup Time": 7.658, "Actual Total Time": 44.762, "Actual Rows": 41840, "Actual Loops": 1, "Recheck Cond": "(keyword_id = k.id)", "Rows Removed by Index Recheck": 0, "Exact Heap Blocks": 9702, "Lossy Heap Blocks": 9702, "Plans": [{"Node Type": "Bitmap Index Scan", "Parent Relationship": "Outer", "Index Name": "keyword_id_movie_keyword", "Startup Cost": 0.0, "Total Cost": 4.5, "Plan Rows": 33, "Plan Width": 0, "Actual Startup Time": 5.929, "Actual Total Time": 5.929, "Actual Rows": 41840, "Actual Loops": 1, "Index Cond": "(keyword_id = k.id)"}]}]}, {"Node Type": "Bitmap Heap Scan", "Parent Relationship": "Inner", "Relation Name": "movie_companies", "Alias": "mc", "Startup Cost": 0.27, "Total Cost": 4.3, "Plan Rows": 2, "Plan Width": 8, "Actual Startup Time": 239.943, "Actual Total Time": 294.096, "Actual Rows": 148552, "Actual Loops": 41840, "Recheck Cond": "(movie_id = mk.movie_id)", "Rows Removed by Index Recheck": 0, "Exact Heap Blocks": 62638, "Lossy Heap Blocks": 62638, "Plans": [{"Node Type": "Bitmap Index Scan", "Parent Relationship": "Outer", "Index Name": "movie_id_movie_companies", "Startup Cost": 0.0, "Total Cost": 0.27, "Plan Rows": 2, "Plan Width": 0, "Actual Startup Time": 149.366, "Actual Total Time": 149.366, "Actual Rows": 148552, "Actual Loops": 41840, "Index Cond": "(movie_id = mk.movie_id)"}]}]}, {"Node Type": "Bitmap Heap Scan", "Parent Relationship": "Inner", "Relation Name": "company_name", "Alias": "cn", "Startup Cost": 0.26, "Total Cost": 4.27, "Plan Rows": 1, "Plan Width": 4, "Actual Startup Time": 691.231, "Actual Total Time": 691.231, "Actual Rows": 5228, "Actual Loops": 148552, "Recheck Cond": "(id = mc.company_id)", "Rows Removed by Index Recheck": 0, "Filter": "((country_code)::text = '[nl]'::text)", "Rows Removed by Filter": 143324, "Exact Heap Blocks": 148552, "Lossy Heap Blocks": 148552, "Plans": [{"Node Type": "Bitmap Index Scan", "Parent Relationship": "Outer", "Index Name": "company_name_pkey", "Startup Cost": 0.0, "Total Cost": 0.26, "Plan Rows": 1, "Plan Width": 0, "Actual Startup Time": 387.407, "Actual Total Time": 387.407, "Actual Rows": 148552, "Actual Loops": 148552, "Index Cond": "(id = mc.company_id)"}]}]}, {"Node Type": "Bitmap Heap Scan", "Parent Relationship": "Inner", "Relation Name": "title", "Alias": "t", "Startup Cost": 0.27, "Total Cost": 4.28, "Plan Rows": 1, "Plan Width": 21, "Actual Startup Time": 27.84, "Actual Total Time": 27.84, "Actual Rows": 5228, "Actual Loops": 5228, "Recheck Cond": "(id = mk.movie_id)", "Rows Removed by Index Recheck": 0, "Exact Heap Blocks": 5228, "Lossy Heap Blocks": 5228, "Plans": [{"Node Type": "Bitmap Index Scan", "Parent Relationship": "Outer", "Index Name": "title_pkey", "Startup Cost": 0.0, "Total Cost": 0.27, "Plan Rows": 1, "Plan Width": 0, "Actual Startup Time": 16.25, "Actual Total Time": 16.25, "Actual Rows": 5228, "Actual Loops": 5228, "Index Cond": "(id = mk.movie_id)"}]}]}]}, "Triggers": [], "Planner Runtime": 9.206, "Total Runtime": 1404.134, "Unique SQL Id": 2804875951}}, "(64, '20')": {"explain_plan": {"Plan": {"Node Type": "Aggregate", "Strategy": "Plain", "Startup Cost": 2600.78, "Total Cost": 2600.79, "Plan Rows": 1, "Plan Width": 49, "Plans": [{"Node Type": "Nested Loop", "Parent Relationship": "Outer", "Join Type": "Inner", "Startup Cost": 4.51, "Total Cost": 2600.77, "Plan Rows": 2, "Plan Width": 17, "Inner Unique": true, "Join Filter": "(mc.movie_id = t.id)", "Plans": [{"Node Type": "Nested Loop", "Parent Relationship": "Outer", "Join Type": "Inner", "Startup Cost": 4.51, "Total Cost": 2600.13, "Plan Rows": 2, "Plan Width": 8, "Inner Unique": true, "Plans": [{"Node Type": "Nested Loop", "Parent Relationship": "Outer", "Join Type": "Inner", "Startup Cost": 4.51, "Total Cost": 2579.99, "Plan Rows": 70, "Plan Width": 12, "Inner Unique": false, "Plans": [{"Node Type": "Nested Loop", "Parent Relationship": "Outer", "Join Type": "Inner", "Startup Cost": 4.51, "Total Cost": 2569.02, "Plan Rows": 33, "Plan Width": 4, "Inner Unique": false, "Plans": [{"Node Type": "Seq Scan", "Parent Relationship": "Outer", "Relation Name": "keyword", "Alias": "k", "Startup Cost": 0.0, "Total Cost": 2436.11, "Plan Rows": 1, "Plan Width": 4, "Filter": "((keyword)::text = 'character-name-in-title'::text)"}, {"Node Type": "Bitmap Heap Scan", "Parent Relationship": "Inner", "Relation Name": "movie_keyword", "Alias": "mk", "Startup Cost": 4.51, "Total Cost": 132.58, "Plan Rows": 33, "Plan Width": 8, "Recheck Cond": "(keyword_id = k.id)", "Plans": [{"Node Type": "Bitmap Index Scan", "Parent Relationship": "Outer", "Index Name": "keyword_id_movie_keyword", "Startup Cost": 0.0, "Total Cost": 4.5, "Plan Rows": 33, "Plan Width": 0, "Index Cond": "(keyword_id = k.id)"}]}]}, {"Node Type": "Index Scan", "Parent Relationship": "Inner", "Scan Direction": "Forward", "Index Name": "movie_id_movie_companies", "Relation Name": "movie_companies", "Alias": "mc", "Startup Cost": 0.0, "Total Cost": 0.31, "Plan Rows": 2, "Plan Width": 8, "Index Cond": "(movie_id = mk.movie_id)"}]}, {"Node Type": "Index Scan", "Parent Relationship": "Inner", "Scan Direction": "Forward", "Index Name": "company_name_pkey", "Relation Name": "company_name", "Alias": "cn", "Startup Cost": 0.0, "Total Cost": 0.28, "Plan Rows": 1, "Plan Width": 4, "Index Cond": "(id = mc.company_id)", "Filter": "((country_code)::text = '[nl]'::text)"}]}, {"Node Type": "Index Scan", "Parent Relationship": "Inner", "Scan Direction": "Forward", "Index Name": "title_pkey", "Relation Name": "title", "Alias": "t", "Startup Cost": 0.0, "Total Cost": 0.31, "Plan Rows": 1, "Plan Width": 21, "Index Cond": "(id = mk.movie_id)"}]}]}, "Unique SQL Id": 2804875951, "Planner Runtime": 8}, "explain_analyze_plan": {"Plan": {"Node Type": "Aggregate", "Strategy": "Plain", "Startup Cost": 2600.78, "Total Cost": 2600.79, "Plan Rows": 1, "Plan Width": 49, "Actual Startup Time": 1011.525, "Actual Total Time": 1011.525, "Actual Rows": 1, "Actual Loops": 1, "Plans": [{"Node Type": "Nested Loop", "Parent Relationship": "Outer", "Join Type": "Inner", "Startup Cost": 4.51, "Total Cost": 2600.77, "Plan Rows": 2, "Plan Width": 17, "Actual Startup Time": 12.528, "Actual Total Time": 1007.96, "Actual Rows": 5228, "Actual Loops": 1, "Inner Unique": true, "Join Filter": "(mc.movie_id = t.id)", "Rows Removed by Join Filter": 0, "Plans": [{"Node Type": "Nested Loop", "Parent Relationship": "Outer", "Join Type": "Inner", "Startup Cost": 4.51, "Total Cost": 2600.13, "Plan Rows": 2, "Plan Width": 8, "Actual Startup Time": 12.513, "Actual Total Time": 980.622, "Actual Rows": 5228, "Actual Loops": 1, "Inner Unique": true, "Plans": [{"Node Type": "Nested Loop", "Parent Relationship": "Outer", "Join Type": "Inner", "Startup Cost": 4.51, "Total Cost": 2579.99, "Plan Rows": 70, "Plan Width": 12, "Actual Startup Time": 9.527, "Actual Total Time": 365.273, "Actual Rows": 148552, "Actual Loops": 1, "Inner Unique": false, "Plans": [{"Node Type": "Nested Loop", "Parent Relationship": "Outer", "Join Type": "Inner", "Startup Cost": 4.51, "Total Cost": 2569.02, "Plan Rows": 33, "Plan Width": 4, "Actual Startup Time": 9.495, "Actual Total Time": 95.383, "Actual Rows": 41840, "Actual Loops": 1, "Inner Unique": false, "Plans": [{"Node Type": "Seq Scan", "Parent Relationship": "Outer", "Relation Name": "keyword", "Alias": "k", "Startup Cost": 0.0, "Total Cost": 2436.11, "Plan Rows": 1, "Plan Width": 4, "Actual Startup Time": 1.783, "Actual Total Time": 40.829, "Actual Rows": 1, "Actual Loops": 1, "Filter": "((keyword)::text = 'character-name-in-title'::text)", "Rows Removed by Filter": 134168}, {"Node Type": "Bitmap Heap Scan", "Parent Relationship": "Inner", "Relation Name": "movie_keyword", "Alias": "mk", "Startup Cost": 4.51, "Total Cost": 132.58, "Plan Rows": 33, "Plan Width": 8, "Actual Startup Time": 7.703, "Actual Total Time": 45.702, "Actual Rows": 41840, "Actual Loops": 1, "Recheck Cond": "(keyword_id = k.id)", "Rows Removed by Index Recheck": 0, "Exact Heap Blocks": 9702, "Lossy Heap Blocks": 9702, "Plans": [{"Node Type": "Bitmap Index Scan", "Parent Relationship": "Outer", "Index Name": "keyword_id_movie_keyword", "Startup Cost": 0.0, "Total Cost": 4.5, "Plan Rows": 33, "Plan Width": 0, "Actual Startup Time": 5.948, "Actual Total Time": 5.948, "Actual Rows": 41840, "Actual Loops": 1, "Index Cond": "(keyword_id = k.id)"}]}]}, {"Node Type": "Index Scan", "Parent Relationship": "Inner", "Scan Direction": "Forward", "Index Name": "movie_id_movie_companies", "Relation Name": "movie_companies", "Alias": "mc", "Startup Cost": 0.0, "Total Cost": 0.31, "Plan Rows": 2, "Plan Width": 8, "Actual Startup Time": 143.277, "Actual Total Time": 214.488, "Actual Rows": 148552, "Actual Loops": 41840, "Index Cond": "(movie_id = mk.movie_id)", "Rows Removed by Index Recheck": 0}]}, {"Node Type": "Index Scan", "Parent Relationship": "Inner", "Scan Direction": "Forward", "Index Name": "company_name_pkey", "Relation Name": "company_name", "Alias": "cn", "Startup Cost": 0.0, "Total Cost": 0.28, "Plan Rows": 1, "Plan Width": 4, "Actual Startup Time": 541.94, "Actual Total Time": 541.94, "Actual Rows": 5228, "Actual Loops": 148552, "Index Cond": "(id = mc.company_id)", "Rows Removed by Index Recheck": 0, "Filter": "((country_code)::text = '[nl]'::text)", "Rows Removed by Filter": 143324}]}, {"Node Type": "Index Scan", "Parent Relationship": "Inner", "Scan Direction": "Forward", "Index Name": "title_pkey", "Relation Name": "title", "Alias": "t", "Startup Cost": 0.0, "Total Cost": 0.31, "Plan Rows": 1, "Plan Width": 21, "Actual Startup Time": 21.446, "Actual Total Time": 21.446, "Actual Rows": 5228, "Actual Loops": 5228, "Index Cond": "(id = mk.movie_id)", "Rows Removed by Index Recheck": 0}]}]}, "Triggers": [], "Planner Runtime": 9.832, "Total Runtime": 1011.849, "Unique SQL Id": 2804875951}}, "(64, '21')": {"explain_plan": {"Plan": {"Node Type": "Aggregate", "Strategy": "Plain", "Startup Cost": 3347.38, "Total Cost": 3347.39, "Plan Rows": 1, "Plan Width": 49, "Plans": [{"Node Type": "Nested Loop", "Parent Relationship": "Outer", "Join Type": "Inner", "Startup Cost": 4.51, "Total Cost": 3347.38, "Plan Rows": 2, "Plan Width": 17, "Inner Unique": true, "Join Filter": "(mc.movie_id = t.id)", "Plans": [{"Node Type": "Nested Loop", "Parent Relationship": "Outer", "Join Type": "Inner", "Startup Cost": 4.51, "Total Cost": 3346.73, "Plan Rows": 2, "Plan Width": 8, "Inner Unique": true, "Plans": [{"Node Type": "Nested Loop", "Parent Relationship": "Outer", "Join Type": "Inner", "Startup Cost": 4.51, "Total Cost": 3326.6, "Plan Rows": 70, "Plan Width": 12, "Inner Unique": false, "Plans": [{"Node Type": "Nested Loop", "Parent Relationship": "Outer", "Join Type": "Inner", "Startup Cost": 4.51, "Total Cost": 3315.63, "Plan Rows": 33, "Plan Width": 4, "Inner Unique": false, "Plans": [{"Node Type": "Index Scan", "Parent Relationship": "Outer", "Scan Direction": "Forward", "Index Name": "keyword_pkey", "Relation Name": "keyword", "Alias": "k", "Startup Cost": 0.0, "Total Cost": 3182.72, "Plan Rows": 1, "Plan Width": 4, "Filter": "((keyword)::text = 'character-name-in-title'::text)"}, {"Node Type": "Bitmap Heap Scan", "Parent Relationship": "Inner", "Relation Name": "movie_keyword", "Alias": "mk", "Startup Cost": 4.51, "Total Cost": 132.58, "Plan Rows": 33, "Plan Width": 8, "Recheck Cond": "(keyword_id = k.id)", "Plans": [{"Node Type": "Bitmap Index Scan", "Parent Relationship": "Outer", "Index Name": "keyword_id_movie_keyword", "Startup Cost": 0.0, "Total Cost": 4.5, "Plan Rows": 33, "Plan Width": 0, "Index Cond": "(keyword_id = k.id)"}]}]}, {"Node Type": "Index Scan", "Parent Relationship": "Inner", "Scan Direction": "Forward", "Index Name": "movie_id_movie_companies", "Relation Name": "movie_companies", "Alias": "mc", "Startup Cost": 0.0, "Total Cost": 0.31, "Plan Rows": 2, "Plan Width": 8, "Index Cond": "(movie_id = mk.movie_id)"}]}, {"Node Type": "Index Scan", "Parent Relationship": "Inner", "Scan Direction": "Forward", "Index Name": "company_name_pkey", "Relation Name": "company_name", "Alias": "cn", "Startup Cost": 0.0, "Total Cost": 0.28, "Plan Rows": 1, "Plan Width": 4, "Index Cond": "(id = mc.company_id)", "Filter": "((country_code)::text = '[nl]'::text)"}]}, {"Node Type": "Index Scan", "Parent Relationship": "Inner", "Scan Direction": "Forward", "Index Name": "title_pkey", "Relation Name": "title", "Alias": "t", "Startup Cost": 0.0, "Total Cost": 0.31, "Plan Rows": 1, "Plan Width": 21, "Index Cond": "(id = mk.movie_id)"}]}]}, "Unique SQL Id": 2804875951, "Planner Runtime": 8}, "explain_analyze_plan": {"Plan": {"Node Type": "Aggregate", "Strategy": "Plain", "Startup Cost": 3347.38, "Total Cost": 3347.39, "Plan Rows": 1, "Plan Width": 49, "Actual Startup Time": 1116.379, "Actual Total Time": 1116.38, "Actual Rows": 1, "Actual Loops": 1, "Plans": [{"Node Type": "Nested Loop", "Parent Relationship": "Outer", "Join Type": "Inner", "Startup Cost": 4.51, "Total Cost": 3347.38, "Plan Rows": 2, "Plan Width": 17, "Actual Startup Time": 11.025, "Actual Total Time": 1112.884, "Actual Rows": 5228, "Actual Loops": 1, "Inner Unique": true, "Join Filter": "(mc.movie_id = t.id)", "Rows Removed by Join Filter": 0, "Plans": [{"Node Type": "Nested Loop", "Parent Relationship": "Outer", "Join Type": "Inner", "Startup Cost": 4.51, "Total Cost": 3346.73, "Plan Rows": 2, "Plan Width": 8, "Actual Startup Time": 11.01, "Actual Total Time": 1085.185, "Actual Rows": 5228, "Actual Loops": 1, "Inner Unique": true, "Plans": [{"Node Type": "Nested Loop", "Parent Relationship": "Outer", "Join Type": "Inner", "Startup Cost": 4.51, "Total Cost": 3326.6, "Plan Rows": 70, "Plan Width": 12, "Actual Startup Time": 8.008, "Actual Total Time": 447.869, "Actual Rows": 148552, "Actual Loops": 1, "Inner Unique": false, "Plans": [{"Node Type": "Nested Loop", "Parent Relationship": "Outer", "Join Type": "Inner", "Startup Cost": 4.51, "Total Cost": 3315.63, "Plan Rows": 33, "Plan Width": 4, "Actual Startup Time": 7.977, "Actual Total Time": 171.703, "Actual Rows": 41840, "Actual Loops": 1, "Inner Unique": false, "Plans": [{"Node Type": "Index Scan", "Parent Relationship": "Outer", "Scan Direction": "Forward", "Index Name": "keyword_pkey", "Relation Name": "keyword", "Alias": "k", "Startup Cost": 0.0, "Total Cost": 3182.72, "Plan Rows": 1, "Plan Width": 4, "Actual Startup Time": 0.191, "Actual Total Time": 115.745, "Actual Rows": 1, "Actual Loops": 1, "Filter": "((keyword)::text = 'character-name-in-title'::text)", "Rows Removed by Filter": 134168}, {"Node Type": "Bitmap Heap Scan", "Parent Relationship": "Inner", "Relation Name": "movie_keyword", "Alias": "mk", "Startup Cost": 4.51, "Total Cost": 132.58, "Plan Rows": 33, "Plan Width": 8, "Actual Startup Time": 7.779, "Actual Total Time": 46.991, "Actual Rows": 41840, "Actual Loops": 1, "Recheck Cond": "(keyword_id = k.id)", "Rows Removed by Index Recheck": 0, "Exact Heap Blocks": 9702, "Lossy Heap Blocks": 9702, "Plans": [{"Node Type": "Bitmap Index Scan", "Parent Relationship": "Outer", "Index Name": "keyword_id_movie_keyword", "Startup Cost": 0.0, "Total Cost": 4.5, "Plan Rows": 33, "Plan Width": 0, "Actual Startup Time": 6.034, "Actual Total Time": 6.034, "Actual Rows": 41840, "Actual Loops": 1, "Index Cond": "(keyword_id = k.id)"}]}]}, {"Node Type": "Index Scan", "Parent Relationship": "Inner", "Scan Direction": "Forward", "Index Name": "movie_id_movie_companies", "Relation Name": "movie_companies", "Alias": "mc", "Startup Cost": 0.0, "Total Cost": 0.31, "Plan Rows": 2, "Plan Width": 8, "Actual Startup Time": 147.833, "Actual Total Time": 220.177, "Actual Rows": 148552, "Actual Loops": 41840, "Index Cond": "(movie_id = mk.movie_id)", "Rows Removed by Index Recheck": 0}]}, {"Node Type": "Index Scan", "Parent Relationship": "Inner", "Scan Direction": "Forward", "Index Name": "company_name_pkey", "Relation Name": "company_name", "Alias": "cn", "Startup Cost": 0.0, "Total Cost": 0.28, "Plan Rows": 1, "Plan Width": 4, "Actual Startup Time": 563.904, "Actual Total Time": 563.904, "Actual Rows": 5228, "Actual Loops": 148552, "Index Cond": "(id = mc.company_id)", "Rows Removed by Index Recheck": 0, "Filter": "((country_code)::text = '[nl]'::text)", "Rows Removed by Filter": 143324}]}, {"Node Type": "Index Scan", "Parent Relationship": "Inner", "Scan Direction": "Forward", "Index Name": "title_pkey", "Relation Name": "title", "Alias": "t", "Startup Cost": 0.0, "Total Cost": 0.31, "Plan Rows": 1, "Plan Width": 21, "Actual Startup Time": 22.044, "Actual Total Time": 22.044, "Actual Rows": 5228, "Actual Loops": 5228, "Index Cond": "(id = mk.movie_id)", "Rows Removed by Index Recheck": 0}]}]}, "Triggers": [], "Planner Runtime": 9.698, "Total Runtime": 1116.687, "Unique SQL Id": 2804875951}}, "(64, '22')": {"explain_plan": {"Plan": {"Node Type": "Aggregate", "Strategy": "Plain", "Startup Cost": 3019.97, "Total Cost": 3019.98, "Plan Rows": 1, "Plan Width": 49, "Plans": [{"Node Type": "Nested Loop", "Parent Relationship": "Outer", "Join Type": "Inner", "Startup Cost": 5.3, "Total Cost": 3019.97, "Plan Rows": 2, "Plan Width": 17, "Inner Unique": true, "Join Filter": "(mc.movie_id = t.id)", "Plans": [{"Node Type": "Nested Loop", "Parent Relationship": "Outer", "Join Type": "Inner", "Startup Cost": 5.04, "Total Cost": 3011.39, "Plan Rows": 2, "Plan Width": 8, "Inner Unique": true, "Plans": [{"Node Type": "Nested Loop", "Parent Relationship": "Outer", "Join Type": "Inner", "Startup Cost": 4.78, "Total Cost": 2711.55, "Plan Rows": 70, "Plan Width": 12, "Inner Unique": false, "Plans": [{"Node Type": "Nested Loop", "Parent Relationship": "Outer", "Join Type": "Inner", "Startup Cost": 4.51, "Total Cost": 2569.02, "Plan Rows": 33, "Plan Width": 4, "Inner Unique": false, "Plans": [{"Node Type": "Seq Scan", "Parent Relationship": "Outer", "Relation Name": "keyword", "Alias": "k", "Startup Cost": 0.0, "Total Cost": 2436.11, "Plan Rows": 1, "Plan Width": 4, "Filter": "((keyword)::text = 'character-name-in-title'::text)"}, {"Node Type": "Bitmap Heap Scan", "Parent Relationship": "Inner", "Relation Name": "movie_keyword", "Alias": "mk", "Startup Cost": 4.51, "Total Cost": 132.58, "Plan Rows": 33, "Plan Width": 8, "Recheck Cond": "(keyword_id = k.id)", "Plans": [{"Node Type": "Bitmap Index Scan", "Parent Relationship": "Outer", "Index Name": "keyword_id_movie_keyword", "Startup Cost": 0.0, "Total Cost": 4.5, "Plan Rows": 33, "Plan Width": 0, "Index Cond": "(keyword_id = k.id)"}]}]}, {"Node Type": "Bitmap Heap Scan", "Parent Relationship": "Inner", "Relation Name": "movie_companies", "Alias": "mc", "Startup Cost": 0.27, "Total Cost": 4.3, "Plan Rows": 2, "Plan Width": 8, "Recheck Cond": "(movie_id = mk.movie_id)", "Plans": [{"Node Type": "Bitmap Index Scan", "Parent Relationship": "Outer", "Index Name": "movie_id_movie_companies", "Startup Cost": 0.0, "Total Cost": 0.27, "Plan Rows": 2, "Plan Width": 0, "Index Cond": "(movie_id = mk.movie_id)"}]}]}, {"Node Type": "Bitmap Heap Scan", "Parent Relationship": "Inner", "Relation Name": "company_name", "Alias": "cn", "Startup Cost": 0.26, "Total Cost": 4.27, "Plan Rows": 1, "Plan Width": 4, "Recheck Cond": "(id = mc.company_id)", "Filter": "((country_code)::text = '[nl]'::text)", "Plans": [{"Node Type": "Bitmap Index Scan", "Parent Relationship": "Outer", "Index Name": "company_name_pkey", "Startup Cost": 0.0, "Total Cost": 0.26, "Plan Rows": 1, "Plan Width": 0, "Index Cond": "(id = mc.company_id)"}]}]}, {"Node Type": "Bitmap Heap Scan", "Parent Relationship": "Inner", "Relation Name": "title", "Alias": "t", "Startup Cost": 0.27, "Total Cost": 4.28, "Plan Rows": 1, "Plan Width": 21, "Recheck Cond": "(id = mk.movie_id)", "Plans": [{"Node Type": "Bitmap Index Scan", "Parent Relationship": "Outer", "Index Name": "title_pkey", "Startup Cost": 0.0, "Total Cost": 0.27, "Plan Rows": 1, "Plan Width": 0, "Index Cond": "(id = mk.movie_id)"}]}]}]}, "Unique SQL Id": 2804875951, "Planner Runtime": 7}, "explain_analyze_plan": {"Plan": {"Node Type": "Aggregate", "Strategy": "Plain", "Startup Cost": 3019.97, "Total Cost": 3019.98, "Plan Rows": 1, "Plan Width": 49, "Actual Startup Time": 1379.762, "Actual Total Time": 1379.762, "Actual Rows": 1, "Actual Loops": 1, "Plans": [{"Node Type": "Nested Loop", "Parent Relationship": "Outer", "Join Type": "Inner", "Startup Cost": 5.3, "Total Cost": 3019.97, "Plan Rows": 2, "Plan Width": 17, "Actual Startup Time": 13.852, "Actual Total Time": 1374.961, "Actual Rows": 5228, "Actual Loops": 1, "Inner Unique": true, "Join Filter": "(mc.movie_id = t.id)", "Rows Removed by Join Filter": 0, "Plans": [{"Node Type": "Nested Loop", "Parent Relationship": "Outer", "Join Type": "Inner", "Startup Cost": 5.04, "Total Cost": 3011.39, "Plan Rows": 2, "Plan Width": 8, "Actual Startup Time": 13.83, "Actual Total Time": 1338.406, "Actual Rows": 5228, "Actual Loops": 1, "Inner Unique": true, "Plans": [{"Node Type": "Nested Loop", "Parent Relationship": "Outer", "Join Type": "Inner", "Startup Cost": 4.78, "Total Cost": 2711.55, "Plan Rows": 70, "Plan Width": 12, "Actual Startup Time": 9.636, "Actual Total Time": 474.478, "Actual Rows": 148552, "Actual Loops": 1, "Inner Unique": false, "Plans": [{"Node Type": "Nested Loop", "Parent Relationship": "Outer", "Join Type": "Inner", "Startup Cost": 4.51, "Total Cost": 2569.02, "Plan Rows": 33, "Plan Width": 4, "Actual Startup Time": 9.588, "Actual Total Time": 94.897, "Actual Rows": 41840, "Actual Loops": 1, "Inner Unique": false, "Plans": [{"Node Type": "Seq Scan", "Parent Relationship": "Outer", "Relation Name": "keyword", "Alias": "k", "Startup Cost": 0.0, "Total Cost": 2436.11, "Plan Rows": 1, "Plan Width": 4, "Actual Startup Time": 1.796, "Actual Total Time": 40.826, "Actual Rows": 1, "Actual Loops": 1, "Filter": "((keyword)::text = 'character-name-in-title'::text)", "Rows Removed by Filter": 134168}, {"Node Type": "Bitmap Heap Scan", "Parent Relationship": "Inner", "Relation Name": "movie_keyword", "Alias": "mk", "Startup Cost": 4.51, "Total Cost": 132.58, "Plan Rows": 33, "Plan Width": 8, "Actual Startup Time": 7.784, "Actual Total Time": 44.618, "Actual Rows": 41840, "Actual Loops": 1, "Recheck Cond": "(keyword_id = k.id)", "Rows Removed by Index Recheck": 0, "Exact Heap Blocks": 9702, "Lossy Heap Blocks": 9702, "Plans": [{"Node Type": "Bitmap Index Scan", "Parent Relationship": "Outer", "Index Name": "keyword_id_movie_keyword", "Startup Cost": 0.0, "Total Cost": 4.5, "Plan Rows": 33, "Plan Width": 0, "Actual Startup Time": 6.024, "Actual Total Time": 6.024, "Actual Rows": 41840, "Actual Loops": 1, "Index Cond": "(keyword_id = k.id)"}]}]}, {"Node Type": "Bitmap Heap Scan", "Parent Relationship": "Inner", "Relation Name": "movie_companies", "Alias": "mc", "Startup Cost": 0.27, "Total Cost": 4.3, "Plan Rows": 2, "Plan Width": 8, "Actual Startup Time": 239.829, "Actual Total Time": 294.063, "Actual Rows": 148552, "Actual Loops": 41840, "Recheck Cond": "(movie_id = mk.movie_id)", "Rows Removed by Index Recheck": 0, "Exact Heap Blocks": 62638, "Lossy Heap Blocks": 62638, "Plans": [{"Node Type": "Bitmap Index Scan", "Parent Relationship": "Outer", "Index Name": "movie_id_movie_companies", "Startup Cost": 0.0, "Total Cost": 0.27, "Plan Rows": 2, "Plan Width": 0, "Actual Startup Time": 149.912, "Actual Total Time": 149.912, "Actual Rows": 148552, "Actual Loops": 41840, "Index Cond": "(movie_id = mk.movie_id)"}]}]}, {"Node Type": "Bitmap Heap Scan", "Parent Relationship": "Inner", "Relation Name": "company_name", "Alias": "cn", "Startup Cost": 0.26, "Total Cost": 4.27, "Plan Rows": 1, "Plan Width": 4, "Actual Startup Time": 695.194, "Actual Total Time": 695.194, "Actual Rows": 5228, "Actual Loops": 148552, "Recheck Cond": "(id = mc.company_id)", "Rows Removed by Index Recheck": 0, "Filter": "((country_code)::text = '[nl]'::text)", "Rows Removed by Filter": 143324, "Exact Heap Blocks": 148552, "Lossy Heap Blocks": 148552, "Plans": [{"Node Type": "Bitmap Index Scan", "Parent Relationship": "Outer", "Index Name": "company_name_pkey", "Startup Cost": 0.0, "Total Cost": 0.26, "Plan Rows": 1, "Plan Width": 0, "Actual Startup Time": 387.396, "Actual Total Time": 387.396, "Actual Rows": 148552, "Actual Loops": 148552, "Index Cond": "(id = mc.company_id)"}]}]}, {"Node Type": "Bitmap Heap Scan", "Parent Relationship": "Inner", "Relation Name": "title", "Alias": "t", "Startup Cost": 0.27, "Total Cost": 4.28, "Plan Rows": 1, "Plan Width": 21, "Actual Startup Time": 27.627, "Actual Total Time": 27.627, "Actual Rows": 5228, "Actual Loops": 5228, "Recheck Cond": "(id = mk.movie_id)", "Rows Removed by Index Recheck": 0, "Exact Heap Blocks": 5228, "Lossy Heap Blocks": 5228, "Plans": [{"Node Type": "Bitmap Index Scan", "Parent Relationship": "Outer", "Index Name": "title_pkey", "Startup Cost": 0.0, "Total Cost": 0.27, "Plan Rows": 1, "Plan Width": 0, "Actual Startup Time": 16.124, "Actual Total Time": 16.124, "Actual Rows": 5228, "Actual Loops": 5228, "Index Cond": "(id = mk.movie_id)"}]}]}]}, "Triggers": [], "Planner Runtime": 9.995, "Total Runtime": 1380.114, "Unique SQL Id": 2804875951}}, "(64, '23')": {"explain_plan": {"Plan": {"Node Type": "Aggregate", "Strategy": "Plain", "Startup Cost": 3739.07, "Total Cost": 3739.08, "Plan Rows": 1, "Plan Width": 49, "Plans": [{"Node Type": "Nested Loop", "Parent Relationship": "Outer", "Join Type": "Inner", "Startup Cost": 724.4, "Total Cost": 3739.06, "Plan Rows": 2, "Plan Width": 17, "Inner Unique": true, "Join Filter": "(mc.movie_id = t.id)", "Plans": [{"Node Type": "Nested Loop", "Parent Relationship": "Outer", "Join Type": "Inner", "Startup Cost": 724.13, "Total Cost": 3730.48, "Plan Rows": 2, "Plan Width": 8, "Inner Unique": true, "Plans": [{"Node Type": "Nested Loop", "Parent Relationship": "Outer", "Join Type": "Inner", "Startup Cost": 723.87, "Total Cost": 3430.65, "Plan Rows": 70, "Plan Width": 12, "Inner Unique": false, "Plans": [{"Node Type": "Nested Loop", "Parent Relationship": "Outer", "Join Type": "Inner", "Startup Cost": 723.6, "Total Cost": 3288.12, "Plan Rows": 33, "Plan Width": 4, "Inner Unique": false, "Plans": [{"Node Type": "Bitmap Heap Scan", "Parent Relationship": "Outer", "Relation Name": "keyword", "Alias": "k", "Startup Cost": 719.1, "Total Cost": 3155.21, "Plan Rows": 1, "Plan Width": 4, "Filter": "((keyword)::text = 'character-name-in-title'::text)", "Plans": [{"Node Type": "Bitmap Index Scan", "Parent Relationship": "Outer", "Index Name": "keyword_pkey", "Startup Cost": 0.0, "Total Cost": 719.1, "Plan Rows": 134169, "Plan Width": 0}]}, {"Node Type": "Bitmap Heap Scan", "Parent Relationship": "Inner", "Relation Name": "movie_keyword", "Alias": "mk", "Startup Cost": 4.51, "Total Cost": 132.58, "Plan Rows": 33, "Plan Width": 8, "Recheck Cond": "(keyword_id = k.id)", "Plans": [{"Node Type": "Bitmap Index Scan", "Parent Relationship": "Outer", "Index Name": "keyword_id_movie_keyword", "Startup Cost": 0.0, "Total Cost": 4.5, "Plan Rows": 33, "Plan Width": 0, "Index Cond": "(keyword_id = k.id)"}]}]}, {"Node Type": "Bitmap Heap Scan", "Parent Relationship": "Inner", "Relation Name": "movie_companies", "Alias": "mc", "Startup Cost": 0.27, "Total Cost": 4.3, "Plan Rows": 2, "Plan Width": 8, "Recheck Cond": "(movie_id = mk.movie_id)", "Plans": [{"Node Type": "Bitmap Index Scan", "Parent Relationship": "Outer", "Index Name": "movie_id_movie_companies", "Startup Cost": 0.0, "Total Cost": 0.27, "Plan Rows": 2, "Plan Width": 0, "Index Cond": "(movie_id = mk.movie_id)"}]}]}, {"Node Type": "Bitmap Heap Scan", "Parent Relationship": "Inner", "Relation Name": "company_name", "Alias": "cn", "Startup Cost": 0.26, "Total Cost": 4.27, "Plan Rows": 1, "Plan Width": 4, "Recheck Cond": "(id = mc.company_id)", "Filter": "((country_code)::text = '[nl]'::text)", "Plans": [{"Node Type": "Bitmap Index Scan", "Parent Relationship": "Outer", "Index Name": "company_name_pkey", "Startup Cost": 0.0, "Total Cost": 0.26, "Plan Rows": 1, "Plan Width": 0, "Index Cond": "(id = mc.company_id)"}]}]}, {"Node Type": "Bitmap Heap Scan", "Parent Relationship": "Inner", "Relation Name": "title", "Alias": "t", "Startup Cost": 0.27, "Total Cost": 4.28, "Plan Rows": 1, "Plan Width": 21, "Recheck Cond": "(id = mk.movie_id)", "Plans": [{"Node Type": "Bitmap Index Scan", "Parent Relationship": "Outer", "Index Name": "title_pkey", "Startup Cost": 0.0, "Total Cost": 0.27, "Plan Rows": 1, "Plan Width": 0, "Index Cond": "(id = mk.movie_id)"}]}]}]}, "Unique SQL Id": 2804875951, "Planner Runtime": 6}, "explain_analyze_plan": {"Plan": {"Node Type": "Aggregate", "Strategy": "Plain", "Startup Cost": 3739.07, "Total Cost": 3739.08, "Plan Rows": 1, "Plan Width": 49, "Actual Startup Time": 1403.708, "Actual Total Time": 1403.709, "Actual Rows": 1, "Actual Loops": 1, "Plans": [{"Node Type": "Nested Loop", "Parent Relationship": "Outer", "Join Type": "Inner", "Startup Cost": 724.4, "Total Cost": 3739.06, "Plan Rows": 2, "Plan Width": 17, "Actual Startup Time": 25.933, "Actual Total Time": 1398.814, "Actual Rows": 5228, "Actual Loops": 1, "Inner Unique": true, "Join Filter": "(mc.movie_id = t.id)", "Rows Removed by Join Filter": 0, "Plans": [{"Node Type": "Nested Loop", "Parent Relationship": "Outer", "Join Type": "Inner", "Startup Cost": 724.13, "Total Cost": 3730.48, "Plan Rows": 2, "Plan Width": 8, "Actual Startup Time": 25.914, "Actual Total Time": 1361.007, "Actual Rows": 5228, "Actual Loops": 1, "Inner Unique": true, "Plans": [{"Node Type": "Nested Loop", "Parent Relationship": "Outer", "Join Type": "Inner", "Startup Cost": 723.87, "Total Cost": 3430.65, "Plan Rows": 70, "Plan Width": 12, "Actual Startup Time": 21.809, "Actual Total Time": 500.96, "Actual Rows": 148552, "Actual Loops": 1, "Inner Unique": false, "Plans": [{"Node Type": "Nested Loop", "Parent Relationship": "Outer", "Join Type": "Inner", "Startup Cost": 723.6, "Total Cost": 3288.12, "Plan Rows": 33, "Plan Width": 4, "Actual Startup Time": 21.768, "Actual Total Time": 121.31, "Actual Rows": 41840, "Actual Loops": 1, "Inner Unique": false, "Plans": [{"Node Type": "Bitmap Heap Scan", "Parent Relationship": "Outer", "Relation Name": "keyword", "Alias": "k", "Startup Cost": 719.1, "Total Cost": 3155.21, "Plan Rows": 1, "Plan Width": 4, "Actual Startup Time": 14.099, "Actual Total Time": 67.292, "Actual Rows": 1, "Actual Loops": 1, "Filter": "((keyword)::text = 'character-name-in-title'::text)", "Rows Removed by Filter": 134168, "Exact Heap Blocks": 759, "Lossy Heap Blocks": 759, "Plans": [{"Node Type": "Bitmap Index Scan", "Parent Relationship": "Outer", "Index Name": "keyword_pkey", "Startup Cost": 0.0, "Total Cost": 719.1, "Plan Rows": 134169, "Plan Width": 0, "Actual Startup Time": 11.779, "Actual Total Time": 11.779, "Actual Rows": 134169, "Actual Loops": 1}]}, {"Node Type": "Bitmap Heap Scan", "Parent Relationship": "Inner", "Relation Name": "movie_keyword", "Alias": "mk", "Startup Cost": 4.51, "Total Cost": 132.58, "Plan Rows": 33, "Plan Width": 8, "Actual Startup Time": 7.658, "Actual Total Time": 44.762, "Actual Rows": 41840, "Actual Loops": 1, "Recheck Cond": "(keyword_id = k.id)", "Rows Removed by Index Recheck": 0, "Exact Heap Blocks": 9702, "Lossy Heap Blocks": 9702, "Plans": [{"Node Type": "Bitmap Index Scan", "Parent Relationship": "Outer", "Index Name": "keyword_id_movie_keyword", "Startup Cost": 0.0, "Total Cost": 4.5, "Plan Rows": 33, "Plan Width": 0, "Actual Startup Time": 5.929, "Actual Total Time": 5.929, "Actual Rows": 41840, "Actual Loops": 1, "Index Cond": "(keyword_id = k.id)"}]}]}, {"Node Type": "Bitmap Heap Scan", "Parent Relationship": "Inner", "Relation Name": "movie_companies", "Alias": "mc", "Startup Cost": 0.27, "Total Cost": 4.3, "Plan Rows": 2, "Plan Width": 8, "Actual Startup Time": 239.943, "Actual Total Time": 294.096, "Actual Rows": 148552, "Actual Loops": 41840, "Recheck Cond": "(movie_id = mk.movie_id)", "Rows Removed by Index Recheck": 0, "Exact Heap Blocks": 62638, "Lossy Heap Blocks": 62638, "Plans": [{"Node Type": "Bitmap Index Scan", "Parent Relationship": "Outer", "Index Name": "movie_id_movie_companies", "Startup Cost": 0.0, "Total Cost": 0.27, "Plan Rows": 2, "Plan Width": 0, "Actual Startup Time": 149.366, "Actual Total Time": 149.366, "Actual Rows": 148552, "Actual Loops": 41840, "Index Cond": "(movie_id = mk.movie_id)"}]}]}, {"Node Type": "Bitmap Heap Scan", "Parent Relationship": "Inner", "Relation Name": "company_name", "Alias": "cn", "Startup Cost": 0.26, "Total Cost": 4.27, "Plan Rows": 1, "Plan Width": 4, "Actual Startup Time": 691.231, "Actual Total Time": 691.231, "Actual Rows": 5228, "Actual Loops": 148552, "Recheck Cond": "(id = mc.company_id)", "Rows Removed by Index Recheck": 0, "Filter": "((country_code)::text = '[nl]'::text)", "Rows Removed by Filter": 143324, "Exact Heap Blocks": 148552, "Lossy Heap Blocks": 148552, "Plans": [{"Node Type": "Bitmap Index Scan", "Parent Relationship": "Outer", "Index Name": "company_name_pkey", "Startup Cost": 0.0, "Total Cost": 0.26, "Plan Rows": 1, "Plan Width": 0, "Actual Startup Time": 387.407, "Actual Total Time": 387.407, "Actual Rows": 148552, "Actual Loops": 148552, "Index Cond": "(id = mc.company_id)"}]}]}, {"Node Type": "Bitmap Heap Scan", "Parent Relationship": "Inner", "Relation Name": "title", "Alias": "t", "Startup Cost": 0.27, "Total Cost": 4.28, "Plan Rows": 1, "Plan Width": 21, "Actual Startup Time": 27.84, "Actual Total Time": 27.84, "Actual Rows": 5228, "Actual Loops": 5228, "Recheck Cond": "(id = mk.movie_id)", "Rows Removed by Index Recheck": 0, "Exact Heap Blocks": 5228, "Lossy Heap Blocks": 5228, "Plans": [{"Node Type": "Bitmap Index Scan", "Parent Relationship": "Outer", "Index Name": "title_pkey", "Startup Cost": 0.0, "Total Cost": 0.27, "Plan Rows": 1, "Plan Width": 0, "Actual Startup Time": 16.25, "Actual Total Time": 16.25, "Actual Rows": 5228, "Actual Loops": 5228, "Index Cond": "(id = mk.movie_id)"}]}]}]}, "Triggers": [], "Planner Runtime": 9.206, "Total Runtime": 1404.134, "Unique SQL Id": 2804875951}}, "(64, '24')": {"explain_plan": {"Plan": {"Node Type": "Aggregate", "Strategy": "Plain", "Startup Cost": 2605.07, "Total Cost": 2605.08, "Plan Rows": 1, "Plan Width": 49, "Plans": [{"Node Type": "Nested Loop", "Parent Relationship": "Outer", "Join Type": "Inner", "Startup Cost": 0.0, "Total Cost": 2605.07, "Plan Rows": 2, "Plan Width": 17, "Inner Unique": true, "Join Filter": "(mc.movie_id = t.id)", "Plans": [{"Node Type": "Nested Loop", "Parent Relationship": "Outer", "Join Type": "Inner", "Startup Cost": 0.0, "Total Cost": 2604.42, "Plan Rows": 2, "Plan Width": 8, "Inner Unique": true, "Plans": [{"Node Type": "Nested Loop", "Parent Relationship": "Outer", "Join Type": "Inner", "Startup Cost": 0.0, "Total Cost": 2584.29, "Plan Rows": 70, "Plan Width": 12, "Inner Unique": false, "Plans": [{"Node Type": "Nested Loop", "Parent Relationship": "Outer", "Join Type": "Inner", "Startup Cost": 0.0, "Total Cost": 2573.32, "Plan Rows": 33, "Plan Width": 4, "Inner Unique": false, "Plans": [{"Node Type": "Seq Scan", "Parent Relationship": "Outer", "Relation Name": "keyword", "Alias": "k", "Startup Cost": 0.0, "Total Cost": 2436.11, "Plan Rows": 1, "Plan Width": 4, "Filter": "((keyword)::text = 'character-name-in-title'::text)"}, {"Node Type": "Index Scan", "Parent Relationship": "Inner", "Scan Direction": "Forward", "Index Name": "keyword_id_movie_keyword", "Relation Name": "movie_keyword", "Alias": "mk", "Startup Cost": 0.0, "Total Cost": 136.88, "Plan Rows": 33, "Plan Width": 8, "Index Cond": "(keyword_id = k.id)"}]}, {"Node Type": "Index Scan", "Parent Relationship": "Inner", "Scan Direction": "Forward", "Index Name": "movie_id_movie_companies", "Relation Name": "movie_companies", "Alias": "mc", "Startup Cost": 0.0, "Total Cost": 0.31, "Plan Rows": 2, "Plan Width": 8, "Index Cond": "(movie_id = mk.movie_id)"}]}, {"Node Type": "Index Scan", "Parent Relationship": "Inner", "Scan Direction": "Forward", "Index Name": "company_name_pkey", "Relation Name": "company_name", "Alias": "cn", "Startup Cost": 0.0, "Total Cost": 0.28, "Plan Rows": 1, "Plan Width": 4, "Index Cond": "(id = mc.company_id)", "Filter": "((country_code)::text = '[nl]'::text)"}]}, {"Node Type": "Index Scan", "Parent Relationship": "Inner", "Scan Direction": "Forward", "Index Name": "title_pkey", "Relation Name": "title", "Alias": "t", "Startup Cost": 0.0, "Total Cost": 0.31, "Plan Rows": 1, "Plan Width": 21, "Index Cond": "(id = mk.movie_id)"}]}]}, "Unique SQL Id": 2804875951, "Planner Runtime": 8}, "explain_analyze_plan": {"Plan": {"Node Type": "Aggregate", "Strategy": "Plain", "Startup Cost": 2605.07, "Total Cost": 2605.08, "Plan Rows": 1, "Plan Width": 49, "Actual Startup Time": 1012.388, "Actual Total Time": 1012.388, "Actual Rows": 1, "Actual Loops": 1, "Plans": [{"Node Type": "Nested Loop", "Parent Relationship": "Outer", "Join Type": "Inner", "Startup Cost": 0.0, "Total Cost": 2605.07, "Plan Rows": 2, "Plan Width": 17, "Actual Startup Time": 5.012, "Actual Total Time": 1009.079, "Actual Rows": 5228, "Actual Loops": 1, "Inner Unique": true, "Join Filter": "(mc.movie_id = t.id)", "Rows Removed by Join Filter": 0, "Plans": [{"Node Type": "Nested Loop", "Parent Relationship": "Outer", "Join Type": "Inner", "Startup Cost": 0.0, "Total Cost": 2604.42, "Plan Rows": 2, "Plan Width": 8, "Actual Startup Time": 4.995, "Actual Total Time": 981.958, "Actual Rows": 5228, "Actual Loops": 1, "Inner Unique": true, "Plans": [{"Node Type": "Nested Loop", "Parent Relationship": "Outer", "Join Type": "Inner", "Startup Cost": 0.0, "Total Cost": 2584.29, "Plan Rows": 70, "Plan Width": 12, "Actual Startup Time": 1.847, "Actual Total Time": 360.079, "Actual Rows": 148552, "Actual Loops": 1, "Inner Unique": false, "Plans": [{"Node Type": "Nested Loop", "Parent Relationship": "Outer", "Join Type": "Inner", "Startup Cost": 0.0, "Total Cost": 2573.32, "Plan Rows": 33, "Plan Width": 4, "Actual Startup Time": 1.828, "Actual Total Time": 88.983, "Actual Rows": 41840, "Actual Loops": 1, "Inner Unique": false, "Plans": [{"Node Type": "Seq Scan", "Parent Relationship": "Outer", "Relation Name": "keyword", "Alias": "k", "Startup Cost": 0.0, "Total Cost": 2436.11, "Plan Rows": 1, "Plan Width": 4, "Actual Startup Time": 1.8, "Actual Total Time": 41.022, "Actual Rows": 1, "Actual Loops": 1, "Filter": "((keyword)::text = 'character-name-in-title'::text)", "Rows Removed by Filter": 134168}, {"Node Type": "Index Scan", "Parent Relationship": "Inner", "Scan Direction": "Forward", "Index Name": "keyword_id_movie_keyword", "Relation Name": "movie_keyword", "Alias": "mk", "Startup Cost": 0.0, "Total Cost": 136.88, "Plan Rows": 33, "Plan Width": 8, "Actual Startup Time": 0.023, "Actual Total Time": 38.639, "Actual Rows": 41840, "Actual Loops": 1, "Index Cond": "(keyword_id = k.id)", "Rows Removed by Index Recheck": 0}]}, {"Node Type": "Index Scan", "Parent Relationship": "Inner", "Scan Direction": "Forward", "Index Name": "movie_id_movie_companies", "Relation Name": "movie_companies", "Alias": "mc", "Startup Cost": 0.0, "Total Cost": 0.31, "Plan Rows": 2, "Plan Width": 8, "Actual Startup Time": 143.596, "Actual Total Time": 214.856, "Actual Rows": 148552, "Actual Loops": 41840, "Index Cond": "(movie_id = mk.movie_id)", "Rows Removed by Index Recheck": 0}]}, {"Node Type": "Index Scan", "Parent Relationship": "Inner", "Scan Direction": "Forward", "Index Name": "company_name_pkey", "Relation Name": "company_name", "Alias": "cn", "Startup Cost": 0.0, "Total Cost": 0.28, "Plan Rows": 1, "Plan Width": 4, "Actual Startup Time": 549.432, "Actual Total Time": 549.432, "Actual Rows": 5228, "Actual Loops": 148552, "Index Cond": "(id = mc.company_id)", "Rows Removed by Index Recheck": 0, "Filter": "((country_code)::text = '[nl]'::text)", "Rows Removed by Filter": 143324}]}, {"Node Type": "Index Scan", "Parent Relationship": "Inner", "Scan Direction": "Forward", "Index Name": "title_pkey", "Relation Name": "title", "Alias": "t", "Startup Cost": 0.0, "Total Cost": 0.31, "Plan Rows": 1, "Plan Width": 21, "Actual Startup Time": 21.388, "Actual Total Time": 21.388, "Actual Rows": 5228, "Actual Loops": 5228, "Index Cond": "(id = mk.movie_id)", "Rows Removed by Index Recheck": 0}]}]}, "Triggers": [], "Planner Runtime": 9.715, "Total Runtime": 1012.617, "Unique SQL Id": 2804875951}}, "(64, '25')": {"explain_plan": {"Plan": {"Node Type": "Aggregate", "Strategy": "Plain", "Startup Cost": 3351.67, "Total Cost": 3351.68, "Plan Rows": 1, "Plan Width": 49, "Plans": [{"Node Type": "Nested Loop", "Parent Relationship": "Outer", "Join Type": "Inner", "Startup Cost": 0.0, "Total Cost": 3351.67, "Plan Rows": 2, "Plan Width": 17, "Inner Unique": true, "Join Filter": "(mc.movie_id = t.id)", "Plans": [{"Node Type": "Nested Loop", "Parent Relationship": "Outer", "Join Type": "Inner", "Startup Cost": 0.0, "Total Cost": 3351.03, "Plan Rows": 2, "Plan Width": 8, "Inner Unique": true, "Plans": [{"Node Type": "Nested Loop", "Parent Relationship": "Outer", "Join Type": "Inner", "Startup Cost": 0.0, "Total Cost": 3330.89, "Plan Rows": 70, "Plan Width": 12, "Inner Unique": false, "Plans": [{"Node Type": "Nested Loop", "Parent Relationship": "Outer", "Join Type": "Inner", "Startup Cost": 0.0, "Total Cost": 3319.92, "Plan Rows": 33, "Plan Width": 4, "Inner Unique": false, "Plans": [{"Node Type": "Index Scan", "Parent Relationship": "Outer", "Scan Direction": "Forward", "Index Name": "keyword_pkey", "Relation Name": "keyword", "Alias": "k", "Startup Cost": 0.0, "Total Cost": 3182.72, "Plan Rows": 1, "Plan Width": 4, "Filter": "((keyword)::text = 'character-name-in-title'::text)"}, {"Node Type": "Index Scan", "Parent Relationship": "Inner", "Scan Direction": "Forward", "Index Name": "keyword_id_movie_keyword", "Relation Name": "movie_keyword", "Alias": "mk", "Startup Cost": 0.0, "Total Cost": 136.88, "Plan Rows": 33, "Plan Width": 8, "Index Cond": "(keyword_id = k.id)"}]}, {"Node Type": "Index Scan", "Parent Relationship": "Inner", "Scan Direction": "Forward", "Index Name": "movie_id_movie_companies", "Relation Name": "movie_companies", "Alias": "mc", "Startup Cost": 0.0, "Total Cost": 0.31, "Plan Rows": 2, "Plan Width": 8, "Index Cond": "(movie_id = mk.movie_id)"}]}, {"Node Type": "Index Scan", "Parent Relationship": "Inner", "Scan Direction": "Forward", "Index Name": "company_name_pkey", "Relation Name": "company_name", "Alias": "cn", "Startup Cost": 0.0, "Total Cost": 0.28, "Plan Rows": 1, "Plan Width": 4, "Index Cond": "(id = mc.company_id)", "Filter": "((country_code)::text = '[nl]'::text)"}]}, {"Node Type": "Index Scan", "Parent Relationship": "Inner", "Scan Direction": "Forward", "Index Name": "title_pkey", "Relation Name": "title", "Alias": "t", "Startup Cost": 0.0, "Total Cost": 0.31, "Plan Rows": 1, "Plan Width": 21, "Index Cond": "(id = mk.movie_id)"}]}]}, "Unique SQL Id": 2804875951, "Planner Runtime": 8}, "explain_analyze_plan": {"Plan": {"Node Type": "Aggregate", "Strategy": "Plain", "Startup Cost": 3351.67, "Total Cost": 3351.68, "Plan Rows": 1, "Plan Width": 49, "Actual Startup Time": 1116.77, "Actual Total Time": 1116.771, "Actual Rows": 1, "Actual Loops": 1, "Plans": [{"Node Type": "Nested Loop", "Parent Relationship": "Outer", "Join Type": "Inner", "Startup Cost": 0.0, "Total Cost": 3351.67, "Plan Rows": 2, "Plan Width": 17, "Actual Startup Time": 3.238, "Actual Total Time": 1113.589, "Actual Rows": 5228, "Actual Loops": 1, "Inner Unique": true, "Join Filter": "(mc.movie_id = t.id)", "Rows Removed by Join Filter": 0, "Plans": [{"Node Type": "Nested Loop", "Parent Relationship": "Outer", "Join Type": "Inner", "Startup Cost": 0.0, "Total Cost": 3351.03, "Plan Rows": 2, "Plan Width": 8, "Actual Startup Time": 3.224, "Actual Total Time": 1085.006, "Actual Rows": 5228, "Actual Loops": 1, "Inner Unique": true, "Plans": [{"Node Type": "Nested Loop", "Parent Relationship": "Outer", "Join Type": "Inner", "Startup Cost": 0.0, "Total Cost": 3330.89, "Plan Rows": 70, "Plan Width": 12, "Actual Startup Time": 0.233, "Actual Total Time": 449.234, "Actual Rows": 148552, "Actual Loops": 1, "Inner Unique": false, "Plans": [{"Node Type": "Nested Loop", "Parent Relationship": "Outer", "Join Type": "Inner", "Startup Cost": 0.0, "Total Cost": 3319.92, "Plan Rows": 33, "Plan Width": 4, "Actual Startup Time": 0.215, "Actual Total Time": 166.059, "Actual Rows": 41840, "Actual Loops": 1, "Inner Unique": false, "Plans": [{"Node Type": "Index Scan", "Parent Relationship": "Outer", "Scan Direction": "Forward", "Index Name": "keyword_pkey", "Relation Name": "keyword", "Alias": "k", "Startup Cost": 0.0, "Total Cost": 3182.72, "Plan Rows": 1, "Plan Width": 4, "Actual Startup Time": 0.194, "Actual Total Time": 113.965, "Actual Rows": 1, "Actual Loops": 1, "Filter": "((keyword)::text = 'character-name-in-title'::text)", "Rows Removed by Filter": 134168}, {"Node Type": "Index Scan", "Parent Relationship": "Inner", "Scan Direction": "Forward", "Index Name": "keyword_id_movie_keyword", "Relation Name": "movie_keyword", "Alias": "mk", "Startup Cost": 0.0, "Total Cost": 136.88, "Plan Rows": 33, "Plan Width": 8, "Actual Startup Time": 0.017, "Actual Total Time": 42.534, "Actual Rows": 41840, "Actual Loops": 1, "Index Cond": "(keyword_id = k.id)", "Rows Removed by Index Recheck": 0}]}, {"Node Type": "Index Scan", "Parent Relationship": "Inner", "Scan Direction": "Forward", "Index Name": "movie_id_movie_companies", "Relation Name": "movie_companies", "Alias": "mc", "Startup Cost": 0.0, "Total Cost": 0.31, "Plan Rows": 2, "Plan Width": 8, "Actual Startup Time": 152.025, "Actual Total Time": 226.956, "Actual Rows": 148552, "Actual Loops": 41840, "Index Cond": "(movie_id = mk.movie_id)", "Rows Removed by Index Recheck": 0}]}, {"Node Type": "Index Scan", "Parent Relationship": "Inner", "Scan Direction": "Forward", "Index Name": "company_name_pkey", "Relation Name": "company_name", "Alias": "cn", "Startup Cost": 0.0, "Total Cost": 0.28, "Plan Rows": 1, "Plan Width": 4, "Actual Startup Time": 563.165, "Actual Total Time": 563.165, "Actual Rows": 5228, "Actual Loops": 148552, "Index Cond": "(id = mc.company_id)", "Rows Removed by Index Recheck": 0, "Filter": "((country_code)::text = '[nl]'::text)", "Rows Removed by Filter": 143324}]}, {"Node Type": "Index Scan", "Parent Relationship": "Inner", "Scan Direction": "Forward", "Index Name": "title_pkey", "Relation Name": "title", "Alias": "t", "Startup Cost": 0.0, "Total Cost": 0.31, "Plan Rows": 1, "Plan Width": 21, "Actual Startup Time": 22.945, "Actual Total Time": 22.945, "Actual Rows": 5228, "Actual Loops": 5228, "Index Cond": "(id = mk.movie_id)", "Rows Removed by Index Recheck": 0}]}]}, "Triggers": [], "Planner Runtime": 9.86, "Total Runtime": 1117.024, "Unique SQL Id": 2804875951}}, "(64, '26')": {"explain_plan": {"Plan": {"Node Type": "Aggregate", "Strategy": "Plain", "Startup Cost": 598540.23, "Total Cost": 598540.24, "Plan Rows": 1, "Plan Width": 49, "Plans": [{"Node Type": "Nested Loop", "Parent Relationship": "Outer", "Join Type": "Inner", "Startup Cost": 441315.24, "Total Cost": 598540.22, "Plan Rows": 2, "Plan Width": 17, "Inner Unique": false, "Join Filter": "(mc.movie_id = t.id)", "Plans": [{"Node Type": "Seq Scan", "Parent Relationship": "Outer", "Relation Name": "title", "Alias": "t", "Startup Cost": 0.0, "Total Cost": 60069.11, "Plan Rows": 2528311, "Plan Width": 21}, {"Node Type": "Materialize", "Parent Relationship": "Inner", "Startup Cost": 441315.24, "Total Cost": 462621.79, "Plan Rows": 2, "Plan Width": 8, "Plans": [{"Node Type": "Nested Loop", "Parent Relationship": "Outer", "Join Type": "Inner", "Startup Cost": 441315.24, "Total Cost": 462621.78, "Plan Rows": 2, "Plan Width": 8, "Inner Unique": true, "Join Filter": "(mc.company_id = cn.id)", "Plans": [{"Node Type": "Merge Join", "Parent Relationship": "Outer", "Join Type": "Inner", "Startup Cost": 441315.24, "Total Cost": 454360.73, "Plan Rows": 70, "Plan Width": 12, "Inner Unique": false, "Merge Cond": "(mk.movie_id = mc.movie_id)", "Plans": [{"Node Type": "Sort", "Parent Relationship": "Outer", "Startup Cost": 121427.35, "Total Cost": 121427.43, "Plan Rows": 33, "Plan Width": 4, "Sort Key": ["mk.movie_id"], "Plans": [{"Node Type": "Nested Loop", "Parent Relationship": "Outer", "Join Type": "Inner", "Startup Cost": 0.0, "Total Cost": 121426.52, "Plan Rows": 33, "Plan Width": 4, "Inner Unique": false, "Join Filter": "(k.id = mk.keyword_id)", "Plans": [{"Node Type": "Seq Scan", "Parent Relationship": "Outer", "Relation Name": "keyword", "Alias": "k", "Startup Cost": 0.0, "Total Cost": 2436.11, "Plan Rows": 1, "Plan Width": 4, "Filter": "((keyword)::text = 'character-name-in-title'::text)"}, {"Node Type": "Seq Scan", "Parent Relationship": "Inner", "Relation Name": "movie_keyword", "Alias": "mk", "Startup Cost": 0.0, "Total Cost": 62441.29, "Plan Rows": 4523929, "Plan Width": 8}]}]}, {"Node Type": "Sort", "Parent Relationship": "Inner", "Startup Cost": 319886.87, "Total Cost": 326409.69, "Plan Rows": 2609128, "Plan Width": 8, "Sort Key": ["mc.movie_id"], "Plans": [{"Node Type": "Seq Scan", "Parent Relationship": "Outer", "Relation Name": "movie_companies", "Alias": "mc", "Startup Cost": 0.0, "Total Cost": 41817.28, "Plan Rows": 2609128, "Plan Width": 8}]}]}, {"Node Type": "Materialize", "Parent Relationship": "Inner", "Startup Cost": 0.0, "Total Cost": 5914.65, "Plan Rows": 2240, "Plan Width": 4, "Plans": [{"Node Type": "Seq Scan", "Parent Relationship": "Outer", "Relation Name": "company_name", "Alias": "cn", "Startup Cost": 0.0, "Total Cost": 5903.45, "Plan Rows": 2240, "Plan Width": 4, "Filter": "((country_code)::text = '[nl]'::text)"}]}]}]}]}]}, "Unique SQL Id": 2804875951, "Planner Runtime": 8}, "explain_analyze_plan": null}, "(64, '27')": {"explain_plan": {"Plan": {"Node Type": "Aggregate", "Strategy": "Plain", "Startup Cost": 4999022085294.01, "Total Cost": 4999022085294.02, "Plan Rows": 1, "Plan Width": 49, "Plans": [{"Node Type": "Merge Join", "Parent Relationship": "Outer", "Join Type": "Inner", "Startup Cost": 50198067446.04, "Total Cost": 4999022085294.0, "Plan Rows": 2, "Plan Width": 17, "Inner Unique": true, "Merge Cond": "(mc.movie_id = t.id)", "Plans": [{"Node Type": "Nested Loop", "Parent Relationship": "Outer", "Join Type": "Inner", "Startup Cost": 40176139519.84, "Total Cost": 3999959841302.72, "Plan Rows": 2, "Plan Width": 8, "Inner Unique": true, "Join Filter": "(mk.keyword_id = k.id)", "Plans": [{"Node Type": "Merge Join", "Parent Relationship": "Outer", "Join Type": "Inner", "Startup Cost": 30176139519.84, "Total Cost": 2999959518949.43, "Plan Rows": 272107, "Plan Width": 12, "Inner Unique": false, "Merge Cond": "(mc.movie_id = mk.movie_id)", "Plans": [{"Node Type": "Nested Loop", "Parent Relationship": "Outer", "Join Type": "Inner", "Startup Cost": 20000000000.0, "Total Cost": 2000101768791.5, "Plan Rows": 33725, "Plan Width": 4, "Inner Unique": true, "Join Filter": "(cn.id = mc.company_id)", "Plans": [{"Node Type": "Index Scan", "Parent Relationship": "Outer", "Scan Direction": "Forward", "Index Name": "movie_id_movie_companies", "Relation Name": "movie_companies", "Alias": "mc", "Startup Cost": 10000000000.0, "Total Cost": 1000013051946.13, "Plan Rows": 2609128, "Plan Width": 8}, {"Node Type": "Materialize", "Parent Relationship": "Inner", "Startup Cost": 10000000000.0, "Total Cost": 1000001050150.17, "Plan Rows": 2240, "Plan Width": 4, "Plans": [{"Node Type": "Index Scan", "Parent Relationship": "Outer", "Scan Direction": "Forward", "Index Name": "company_name_pkey", "Relation Name": "company_name", "Alias": "cn", "Startup Cost": 10000000000.0, "Total Cost": 1000001050138.97, "Plan Rows": 2240, "Plan Width": 4, "Filter": "((country_code)::text = '[nl]'::text)"}]}]}, {"Node Type": "Index Scan", "Parent Relationship": "Inner", "Scan Direction": "Forward", "Index Name": "movie_id_movie_keyword", "Relation Name": "movie_keyword", "Alias": "mk", "Startup Cost": 10000000000.0, "Total Cost": 1000015300634.17, "Plan Rows": 4523929, "Plan Width": 8}]}, {"Node Type": "Materialize", "Parent Relationship": "Inner", "Startup Cost": 10000000000.0, "Total Cost": 1000000318271.69, "Plan Rows": 1, "Plan Width": 4, "Plans": [{"Node Type": "Index Scan", "Parent Relationship": "Outer", "Scan Direction": "Forward", "Index Name": "keyword_pkey", "Relation Name": "keyword", "Alias": "k", "Startup Cost": 10000000000.0, "Total Cost": 1000000318271.68, "Plan Rows": 1, "Plan Width": 4, "Filter": "((keyword)::text = 'character-name-in-title'::text)"}]}]}, {"Node Type": "Index Scan", "Parent Relationship": "Inner", "Scan Direction": "Forward", "Index Name": "title_pkey", "Relation Name": "title", "Alias": "t", "Startup Cost": 10000000000.0, "Total Cost": 1000011012048.91, "Plan Rows": 2528311, "Plan Width": 21}]}]}, "Unique SQL Id": 2804875951, "Planner Runtime": 14}, "explain_analyze_plan": null}, "(64, '28')": {"explain_plan": {"Plan": {"Node Type": "Aggregate", "Strategy": "Plain", "Startup Cost": 2605.07, "Total Cost": 2605.08, "Plan Rows": 1, "Plan Width": 49, "Plans": [{"Node Type": "Nested Loop", "Parent Relationship": "Outer", "Join Type": "Inner", "Startup Cost": 0.0, "Total Cost": 2605.07, "Plan Rows": 2, "Plan Width": 17, "Inner Unique": true, "Join Filter": "(mc.movie_id = t.id)", "Plans": [{"Node Type": "Nested Loop", "Parent Relationship": "Outer", "Join Type": "Inner", "Startup Cost": 0.0, "Total Cost": 2604.42, "Plan Rows": 2, "Plan Width": 8, "Inner Unique": true, "Plans": [{"Node Type": "Nested Loop", "Parent Relationship": "Outer", "Join Type": "Inner", "Startup Cost": 0.0, "Total Cost": 2584.29, "Plan Rows": 70, "Plan Width": 12, "Inner Unique": false, "Plans": [{"Node Type": "Nested Loop", "Parent Relationship": "Outer", "Join Type": "Inner", "Startup Cost": 0.0, "Total Cost": 2573.32, "Plan Rows": 33, "Plan Width": 4, "Inner Unique": false, "Plans": [{"Node Type": "Seq Scan", "Parent Relationship": "Outer", "Relation Name": "keyword", "Alias": "k", "Startup Cost": 0.0, "Total Cost": 2436.11, "Plan Rows": 1, "Plan Width": 4, "Filter": "((keyword)::text = 'character-name-in-title'::text)"}, {"Node Type": "Index Scan", "Parent Relationship": "Inner", "Scan Direction": "Forward", "Index Name": "keyword_id_movie_keyword", "Relation Name": "movie_keyword", "Alias": "mk", "Startup Cost": 0.0, "Total Cost": 136.88, "Plan Rows": 33, "Plan Width": 8, "Index Cond": "(keyword_id = k.id)"}]}, {"Node Type": "Index Scan", "Parent Relationship": "Inner", "Scan Direction": "Forward", "Index Name": "movie_id_movie_companies", "Relation Name": "movie_companies", "Alias": "mc", "Startup Cost": 0.0, "Total Cost": 0.31, "Plan Rows": 2, "Plan Width": 8, "Index Cond": "(movie_id = mk.movie_id)"}]}, {"Node Type": "Index Scan", "Parent Relationship": "Inner", "Scan Direction": "Forward", "Index Name": "company_name_pkey", "Relation Name": "company_name", "Alias": "cn", "Startup Cost": 0.0, "Total Cost": 0.28, "Plan Rows": 1, "Plan Width": 4, "Index Cond": "(id = mc.company_id)", "Filter": "((country_code)::text = '[nl]'::text)"}]}, {"Node Type": "Index Scan", "Parent Relationship": "Inner", "Scan Direction": "Forward", "Index Name": "title_pkey", "Relation Name": "title", "Alias": "t", "Startup Cost": 0.0, "Total Cost": 0.31, "Plan Rows": 1, "Plan Width": 21, "Index Cond": "(id = mk.movie_id)"}]}]}, "Unique SQL Id": 2804875951, "Planner Runtime": 8}, "explain_analyze_plan": {"Plan": {"Node Type": "Aggregate", "Strategy": "Plain", "Startup Cost": 2605.07, "Total Cost": 2605.08, "Plan Rows": 1, "Plan Width": 49, "Actual Startup Time": 1012.388, "Actual Total Time": 1012.388, "Actual Rows": 1, "Actual Loops": 1, "Plans": [{"Node Type": "Nested Loop", "Parent Relationship": "Outer", "Join Type": "Inner", "Startup Cost": 0.0, "Total Cost": 2605.07, "Plan Rows": 2, "Plan Width": 17, "Actual Startup Time": 5.012, "Actual Total Time": 1009.079, "Actual Rows": 5228, "Actual Loops": 1, "Inner Unique": true, "Join Filter": "(mc.movie_id = t.id)", "Rows Removed by Join Filter": 0, "Plans": [{"Node Type": "Nested Loop", "Parent Relationship": "Outer", "Join Type": "Inner", "Startup Cost": 0.0, "Total Cost": 2604.42, "Plan Rows": 2, "Plan Width": 8, "Actual Startup Time": 4.995, "Actual Total Time": 981.958, "Actual Rows": 5228, "Actual Loops": 1, "Inner Unique": true, "Plans": [{"Node Type": "Nested Loop", "Parent Relationship": "Outer", "Join Type": "Inner", "Startup Cost": 0.0, "Total Cost": 2584.29, "Plan Rows": 70, "Plan Width": 12, "Actual Startup Time": 1.847, "Actual Total Time": 360.079, "Actual Rows": 148552, "Actual Loops": 1, "Inner Unique": false, "Plans": [{"Node Type": "Nested Loop", "Parent Relationship": "Outer", "Join Type": "Inner", "Startup Cost": 0.0, "Total Cost": 2573.32, "Plan Rows": 33, "Plan Width": 4, "Actual Startup Time": 1.828, "Actual Total Time": 88.983, "Actual Rows": 41840, "Actual Loops": 1, "Inner Unique": false, "Plans": [{"Node Type": "Seq Scan", "Parent Relationship": "Outer", "Relation Name": "keyword", "Alias": "k", "Startup Cost": 0.0, "Total Cost": 2436.11, "Plan Rows": 1, "Plan Width": 4, "Actual Startup Time": 1.8, "Actual Total Time": 41.022, "Actual Rows": 1, "Actual Loops": 1, "Filter": "((keyword)::text = 'character-name-in-title'::text)", "Rows Removed by Filter": 134168}, {"Node Type": "Index Scan", "Parent Relationship": "Inner", "Scan Direction": "Forward", "Index Name": "keyword_id_movie_keyword", "Relation Name": "movie_keyword", "Alias": "mk", "Startup Cost": 0.0, "Total Cost": 136.88, "Plan Rows": 33, "Plan Width": 8, "Actual Startup Time": 0.023, "Actual Total Time": 38.639, "Actual Rows": 41840, "Actual Loops": 1, "Index Cond": "(keyword_id = k.id)", "Rows Removed by Index Recheck": 0}]}, {"Node Type": "Index Scan", "Parent Relationship": "Inner", "Scan Direction": "Forward", "Index Name": "movie_id_movie_companies", "Relation Name": "movie_companies", "Alias": "mc", "Startup Cost": 0.0, "Total Cost": 0.31, "Plan Rows": 2, "Plan Width": 8, "Actual Startup Time": 143.596, "Actual Total Time": 214.856, "Actual Rows": 148552, "Actual Loops": 41840, "Index Cond": "(movie_id = mk.movie_id)", "Rows Removed by Index Recheck": 0}]}, {"Node Type": "Index Scan", "Parent Relationship": "Inner", "Scan Direction": "Forward", "Index Name": "company_name_pkey", "Relation Name": "company_name", "Alias": "cn", "Startup Cost": 0.0, "Total Cost": 0.28, "Plan Rows": 1, "Plan Width": 4, "Actual Startup Time": 549.432, "Actual Total Time": 549.432, "Actual Rows": 5228, "Actual Loops": 148552, "Index Cond": "(id = mc.company_id)", "Rows Removed by Index Recheck": 0, "Filter": "((country_code)::text = '[nl]'::text)", "Rows Removed by Filter": 143324}]}, {"Node Type": "Index Scan", "Parent Relationship": "Inner", "Scan Direction": "Forward", "Index Name": "title_pkey", "Relation Name": "title", "Alias": "t", "Startup Cost": 0.0, "Total Cost": 0.31, "Plan Rows": 1, "Plan Width": 21, "Actual Startup Time": 21.388, "Actual Total Time": 21.388, "Actual Rows": 5228, "Actual Loops": 5228, "Index Cond": "(id = mk.movie_id)", "Rows Removed by Index Recheck": 0}]}]}, "Triggers": [], "Planner Runtime": 9.715, "Total Runtime": 1012.617, "Unique SQL Id": 2804875951}}, "(64, '29')": {"explain_plan": {"Plan": {"Node Type": "Aggregate", "Strategy": "Plain", "Startup Cost": 3351.67, "Total Cost": 3351.68, "Plan Rows": 1, "Plan Width": 49, "Plans": [{"Node Type": "Nested Loop", "Parent Relationship": "Outer", "Join Type": "Inner", "Startup Cost": 0.0, "Total Cost": 3351.67, "Plan Rows": 2, "Plan Width": 17, "Inner Unique": true, "Join Filter": "(mc.movie_id = t.id)", "Plans": [{"Node Type": "Nested Loop", "Parent Relationship": "Outer", "Join Type": "Inner", "Startup Cost": 0.0, "Total Cost": 3351.03, "Plan Rows": 2, "Plan Width": 8, "Inner Unique": true, "Plans": [{"Node Type": "Nested Loop", "Parent Relationship": "Outer", "Join Type": "Inner", "Startup Cost": 0.0, "Total Cost": 3330.89, "Plan Rows": 70, "Plan Width": 12, "Inner Unique": false, "Plans": [{"Node Type": "Nested Loop", "Parent Relationship": "Outer", "Join Type": "Inner", "Startup Cost": 0.0, "Total Cost": 3319.92, "Plan Rows": 33, "Plan Width": 4, "Inner Unique": false, "Plans": [{"Node Type": "Index Scan", "Parent Relationship": "Outer", "Scan Direction": "Forward", "Index Name": "keyword_pkey", "Relation Name": "keyword", "Alias": "k", "Startup Cost": 0.0, "Total Cost": 3182.72, "Plan Rows": 1, "Plan Width": 4, "Filter": "((keyword)::text = 'character-name-in-title'::text)"}, {"Node Type": "Index Scan", "Parent Relationship": "Inner", "Scan Direction": "Forward", "Index Name": "keyword_id_movie_keyword", "Relation Name": "movie_keyword", "Alias": "mk", "Startup Cost": 0.0, "Total Cost": 136.88, "Plan Rows": 33, "Plan Width": 8, "Index Cond": "(keyword_id = k.id)"}]}, {"Node Type": "Index Scan", "Parent Relationship": "Inner", "Scan Direction": "Forward", "Index Name": "movie_id_movie_companies", "Relation Name": "movie_companies", "Alias": "mc", "Startup Cost": 0.0, "Total Cost": 0.31, "Plan Rows": 2, "Plan Width": 8, "Index Cond": "(movie_id = mk.movie_id)"}]}, {"Node Type": "Index Scan", "Parent Relationship": "Inner", "Scan Direction": "Forward", "Index Name": "company_name_pkey", "Relation Name": "company_name", "Alias": "cn", "Startup Cost": 0.0, "Total Cost": 0.28, "Plan Rows": 1, "Plan Width": 4, "Index Cond": "(id = mc.company_id)", "Filter": "((country_code)::text = '[nl]'::text)"}]}, {"Node Type": "Index Scan", "Parent Relationship": "Inner", "Scan Direction": "Forward", "Index Name": "title_pkey", "Relation Name": "title", "Alias": "t", "Startup Cost": 0.0, "Total Cost": 0.31, "Plan Rows": 1, "Plan Width": 21, "Index Cond": "(id = mk.movie_id)"}]}]}, "Unique SQL Id": 2804875951, "Planner Runtime": 8}, "explain_analyze_plan": {"Plan": {"Node Type": "Aggregate", "Strategy": "Plain", "Startup Cost": 3351.67, "Total Cost": 3351.68, "Plan Rows": 1, "Plan Width": 49, "Actual Startup Time": 1116.77, "Actual Total Time": 1116.771, "Actual Rows": 1, "Actual Loops": 1, "Plans": [{"Node Type": "Nested Loop", "Parent Relationship": "Outer", "Join Type": "Inner", "Startup Cost": 0.0, "Total Cost": 3351.67, "Plan Rows": 2, "Plan Width": 17, "Actual Startup Time": 3.238, "Actual Total Time": 1113.589, "Actual Rows": 5228, "Actual Loops": 1, "Inner Unique": true, "Join Filter": "(mc.movie_id = t.id)", "Rows Removed by Join Filter": 0, "Plans": [{"Node Type": "Nested Loop", "Parent Relationship": "Outer", "Join Type": "Inner", "Startup Cost": 0.0, "Total Cost": 3351.03, "Plan Rows": 2, "Plan Width": 8, "Actual Startup Time": 3.224, "Actual Total Time": 1085.006, "Actual Rows": 5228, "Actual Loops": 1, "Inner Unique": true, "Plans": [{"Node Type": "Nested Loop", "Parent Relationship": "Outer", "Join Type": "Inner", "Startup Cost": 0.0, "Total Cost": 3330.89, "Plan Rows": 70, "Plan Width": 12, "Actual Startup Time": 0.233, "Actual Total Time": 449.234, "Actual Rows": 148552, "Actual Loops": 1, "Inner Unique": false, "Plans": [{"Node Type": "Nested Loop", "Parent Relationship": "Outer", "Join Type": "Inner", "Startup Cost": 0.0, "Total Cost": 3319.92, "Plan Rows": 33, "Plan Width": 4, "Actual Startup Time": 0.215, "Actual Total Time": 166.059, "Actual Rows": 41840, "Actual Loops": 1, "Inner Unique": false, "Plans": [{"Node Type": "Index Scan", "Parent Relationship": "Outer", "Scan Direction": "Forward", "Index Name": "keyword_pkey", "Relation Name": "keyword", "Alias": "k", "Startup Cost": 0.0, "Total Cost": 3182.72, "Plan Rows": 1, "Plan Width": 4, "Actual Startup Time": 0.194, "Actual Total Time": 113.965, "Actual Rows": 1, "Actual Loops": 1, "Filter": "((keyword)::text = 'character-name-in-title'::text)", "Rows Removed by Filter": 134168}, {"Node Type": "Index Scan", "Parent Relationship": "Inner", "Scan Direction": "Forward", "Index Name": "keyword_id_movie_keyword", "Relation Name": "movie_keyword", "Alias": "mk", "Startup Cost": 0.0, "Total Cost": 136.88, "Plan Rows": 33, "Plan Width": 8, "Actual Startup Time": 0.017, "Actual Total Time": 42.534, "Actual Rows": 41840, "Actual Loops": 1, "Index Cond": "(keyword_id = k.id)", "Rows Removed by Index Recheck": 0}]}, {"Node Type": "Index Scan", "Parent Relationship": "Inner", "Scan Direction": "Forward", "Index Name": "movie_id_movie_companies", "Relation Name": "movie_companies", "Alias": "mc", "Startup Cost": 0.0, "Total Cost": 0.31, "Plan Rows": 2, "Plan Width": 8, "Actual Startup Time": 152.025, "Actual Total Time": 226.956, "Actual Rows": 148552, "Actual Loops": 41840, "Index Cond": "(movie_id = mk.movie_id)", "Rows Removed by Index Recheck": 0}]}, {"Node Type": "Index Scan", "Parent Relationship": "Inner", "Scan Direction": "Forward", "Index Name": "company_name_pkey", "Relation Name": "company_name", "Alias": "cn", "Startup Cost": 0.0, "Total Cost": 0.28, "Plan Rows": 1, "Plan Width": 4, "Actual Startup Time": 563.165, "Actual Total Time": 563.165, "Actual Rows": 5228, "Actual Loops": 148552, "Index Cond": "(id = mc.company_id)", "Rows Removed by Index Recheck": 0, "Filter": "((country_code)::text = '[nl]'::text)", "Rows Removed by Filter": 143324}]}, {"Node Type": "Index Scan", "Parent Relationship": "Inner", "Scan Direction": "Forward", "Index Name": "title_pkey", "Relation Name": "title", "Alias": "t", "Startup Cost": 0.0, "Total Cost": 0.31, "Plan Rows": 1, "Plan Width": 21, "Actual Startup Time": 22.945, "Actual Total Time": 22.945, "Actual Rows": 5228, "Actual Loops": 5228, "Index Cond": "(id = mk.movie_id)", "Rows Removed by Index Recheck": 0}]}]}, "Triggers": [], "Planner Runtime": 9.86, "Total Runtime": 1117.024, "Unique SQL Id": 2804875951}}, "(64, '30')": {"explain_plan": {"Plan": {"Node Type": "Aggregate", "Strategy": "Plain", "Startup Cost": 598540.23, "Total Cost": 598540.24, "Plan Rows": 1, "Plan Width": 49, "Plans": [{"Node Type": "Nested Loop", "Parent Relationship": "Outer", "Join Type": "Inner", "Startup Cost": 441315.24, "Total Cost": 598540.22, "Plan Rows": 2, "Plan Width": 17, "Inner Unique": false, "Join Filter": "(mc.movie_id = t.id)", "Plans": [{"Node Type": "Seq Scan", "Parent Relationship": "Outer", "Relation Name": "title", "Alias": "t", "Startup Cost": 0.0, "Total Cost": 60069.11, "Plan Rows": 2528311, "Plan Width": 21}, {"Node Type": "Materialize", "Parent Relationship": "Inner", "Startup Cost": 441315.24, "Total Cost": 462621.79, "Plan Rows": 2, "Plan Width": 8, "Plans": [{"Node Type": "Nested Loop", "Parent Relationship": "Outer", "Join Type": "Inner", "Startup Cost": 441315.24, "Total Cost": 462621.78, "Plan Rows": 2, "Plan Width": 8, "Inner Unique": true, "Join Filter": "(mc.company_id = cn.id)", "Plans": [{"Node Type": "Merge Join", "Parent Relationship": "Outer", "Join Type": "Inner", "Startup Cost": 441315.24, "Total Cost": 454360.73, "Plan Rows": 70, "Plan Width": 12, "Inner Unique": false, "Merge Cond": "(mk.movie_id = mc.movie_id)", "Plans": [{"Node Type": "Sort", "Parent Relationship": "Outer", "Startup Cost": 121427.35, "Total Cost": 121427.43, "Plan Rows": 33, "Plan Width": 4, "Sort Key": ["mk.movie_id"], "Plans": [{"Node Type": "Nested Loop", "Parent Relationship": "Outer", "Join Type": "Inner", "Startup Cost": 0.0, "Total Cost": 121426.52, "Plan Rows": 33, "Plan Width": 4, "Inner Unique": false, "Join Filter": "(k.id = mk.keyword_id)", "Plans": [{"Node Type": "Seq Scan", "Parent Relationship": "Outer", "Relation Name": "keyword", "Alias": "k", "Startup Cost": 0.0, "Total Cost": 2436.11, "Plan Rows": 1, "Plan Width": 4, "Filter": "((keyword)::text = 'character-name-in-title'::text)"}, {"Node Type": "Seq Scan", "Parent Relationship": "Inner", "Relation Name": "movie_keyword", "Alias": "mk", "Startup Cost": 0.0, "Total Cost": 62441.29, "Plan Rows": 4523929, "Plan Width": 8}]}]}, {"Node Type": "Sort", "Parent Relationship": "Inner", "Startup Cost": 319886.87, "Total Cost": 326409.69, "Plan Rows": 2609128, "Plan Width": 8, "Sort Key": ["mc.movie_id"], "Plans": [{"Node Type": "Seq Scan", "Parent Relationship": "Outer", "Relation Name": "movie_companies", "Alias": "mc", "Startup Cost": 0.0, "Total Cost": 41817.28, "Plan Rows": 2609128, "Plan Width": 8}]}]}, {"Node Type": "Materialize", "Parent Relationship": "Inner", "Startup Cost": 0.0, "Total Cost": 5914.65, "Plan Rows": 2240, "Plan Width": 4, "Plans": [{"Node Type": "Seq Scan", "Parent Relationship": "Outer", "Relation Name": "company_name", "Alias": "cn", "Startup Cost": 0.0, "Total Cost": 5903.45, "Plan Rows": 2240, "Plan Width": 4, "Filter": "((country_code)::text = '[nl]'::text)"}]}]}]}]}]}, "Unique SQL Id": 2804875951, "Planner Runtime": 8}, "explain_analyze_plan": null}, "(64, '31')": {"explain_plan": {"Plan": {"Node Type": "Aggregate", "Strategy": "Plain", "Startup Cost": 4999022085294.01, "Total Cost": 4999022085294.02, "Plan Rows": 1, "Plan Width": 49, "Plans": [{"Node Type": "Merge Join", "Parent Relationship": "Outer", "Join Type": "Inner", "Startup Cost": 50198067446.04, "Total Cost": 4999022085294.0, "Plan Rows": 2, "Plan Width": 17, "Inner Unique": true, "Merge Cond": "(mc.movie_id = t.id)", "Plans": [{"Node Type": "Nested Loop", "Parent Relationship": "Outer", "Join Type": "Inner", "Startup Cost": 40176139519.84, "Total Cost": 3999959841302.72, "Plan Rows": 2, "Plan Width": 8, "Inner Unique": true, "Join Filter": "(mk.keyword_id = k.id)", "Plans": [{"Node Type": "Merge Join", "Parent Relationship": "Outer", "Join Type": "Inner", "Startup Cost": 30176139519.84, "Total Cost": 2999959518949.43, "Plan Rows": 272107, "Plan Width": 12, "Inner Unique": false, "Merge Cond": "(mc.movie_id = mk.movie_id)", "Plans": [{"Node Type": "Nested Loop", "Parent Relationship": "Outer", "Join Type": "Inner", "Startup Cost": 20000000000.0, "Total Cost": 2000101768791.5, "Plan Rows": 33725, "Plan Width": 4, "Inner Unique": true, "Join Filter": "(cn.id = mc.company_id)", "Plans": [{"Node Type": "Index Scan", "Parent Relationship": "Outer", "Scan Direction": "Forward", "Index Name": "movie_id_movie_companies", "Relation Name": "movie_companies", "Alias": "mc", "Startup Cost": 10000000000.0, "Total Cost": 1000013051946.13, "Plan Rows": 2609128, "Plan Width": 8}, {"Node Type": "Materialize", "Parent Relationship": "Inner", "Startup Cost": 10000000000.0, "Total Cost": 1000001050150.17, "Plan Rows": 2240, "Plan Width": 4, "Plans": [{"Node Type": "Index Scan", "Parent Relationship": "Outer", "Scan Direction": "Forward", "Index Name": "company_name_pkey", "Relation Name": "company_name", "Alias": "cn", "Startup Cost": 10000000000.0, "Total Cost": 1000001050138.97, "Plan Rows": 2240, "Plan Width": 4, "Filter": "((country_code)::text = '[nl]'::text)"}]}]}, {"Node Type": "Index Scan", "Parent Relationship": "Inner", "Scan Direction": "Forward", "Index Name": "movie_id_movie_keyword", "Relation Name": "movie_keyword", "Alias": "mk", "Startup Cost": 10000000000.0, "Total Cost": 1000015300634.17, "Plan Rows": 4523929, "Plan Width": 8}]}, {"Node Type": "Materialize", "Parent Relationship": "Inner", "Startup Cost": 10000000000.0, "Total Cost": 1000000318271.69, "Plan Rows": 1, "Plan Width": 4, "Plans": [{"Node Type": "Index Scan", "Parent Relationship": "Outer", "Scan Direction": "Forward", "Index Name": "keyword_pkey", "Relation Name": "keyword", "Alias": "k", "Startup Cost": 10000000000.0, "Total Cost": 1000000318271.68, "Plan Rows": 1, "Plan Width": 4, "Filter": "((keyword)::text = 'character-name-in-title'::text)"}]}]}, {"Node Type": "Index Scan", "Parent Relationship": "Inner", "Scan Direction": "Forward", "Index Name": "title_pkey", "Relation Name": "title", "Alias": "t", "Startup Cost": 10000000000.0, "Total Cost": 1000011012048.91, "Plan Rows": 2528311, "Plan Width": 21}]}]}, "Unique SQL Id": 2804875951, "Planner Runtime": 14}, "explain_analyze_plan": null}, "(64, '32')": {"explain_plan": {"Plan": {"Node Type": "Aggregate", "Strategy": "Plain", "Startup Cost": 2600.78, "Total Cost": 2600.79, "Plan Rows": 1, "Plan Width": 49, "Plans": [{"Node Type": "Nested Loop", "Parent Relationship": "Outer", "Join Type": "Inner", "Startup Cost": 4.51, "Total Cost": 2600.77, "Plan Rows": 2, "Plan Width": 17, "Inner Unique": true, "Join Filter": "(mc.movie_id = t.id)", "Plans": [{"Node Type": "Nested Loop", "Parent Relationship": "Outer", "Join Type": "Inner", "Startup Cost": 4.51, "Total Cost": 2600.13, "Plan Rows": 2, "Plan Width": 8, "Inner Unique": true, "Plans": [{"Node Type": "Nested Loop", "Parent Relationship": "Outer", "Join Type": "Inner", "Startup Cost": 4.51, "Total Cost": 2579.99, "Plan Rows": 70, "Plan Width": 12, "Inner Unique": false, "Plans": [{"Node Type": "Nested Loop", "Parent Relationship": "Outer", "Join Type": "Inner", "Startup Cost": 4.51, "Total Cost": 2569.02, "Plan Rows": 33, "Plan Width": 4, "Inner Unique": false, "Plans": [{"Node Type": "Seq Scan", "Parent Relationship": "Outer", "Relation Name": "keyword", "Alias": "k", "Startup Cost": 0.0, "Total Cost": 2436.11, "Plan Rows": 1, "Plan Width": 4, "Filter": "((keyword)::text = 'character-name-in-title'::text)"}, {"Node Type": "Bitmap Heap Scan", "Parent Relationship": "Inner", "Relation Name": "movie_keyword", "Alias": "mk", "Startup Cost": 4.51, "Total Cost": 132.58, "Plan Rows": 33, "Plan Width": 8, "Recheck Cond": "(keyword_id = k.id)", "Plans": [{"Node Type": "Bitmap Index Scan", "Parent Relationship": "Outer", "Index Name": "keyword_id_movie_keyword", "Startup Cost": 0.0, "Total Cost": 4.5, "Plan Rows": 33, "Plan Width": 0, "Index Cond": "(keyword_id = k.id)"}]}]}, {"Node Type": "Index Scan", "Parent Relationship": "Inner", "Scan Direction": "Forward", "Index Name": "movie_id_movie_companies", "Relation Name": "movie_companies", "Alias": "mc", "Startup Cost": 0.0, "Total Cost": 0.31, "Plan Rows": 2, "Plan Width": 8, "Index Cond": "(movie_id = mk.movie_id)"}]}, {"Node Type": "Index Scan", "Parent Relationship": "Inner", "Scan Direction": "Forward", "Index Name": "company_name_pkey", "Relation Name": "company_name", "Alias": "cn", "Startup Cost": 0.0, "Total Cost": 0.28, "Plan Rows": 1, "Plan Width": 4, "Index Cond": "(id = mc.company_id)", "Filter": "((country_code)::text = '[nl]'::text)"}]}, {"Node Type": "Index Scan", "Parent Relationship": "Inner", "Scan Direction": "Forward", "Index Name": "title_pkey", "Relation Name": "title", "Alias": "t", "Startup Cost": 0.0, "Total Cost": 0.31, "Plan Rows": 1, "Plan Width": 21, "Index Cond": "(id = mk.movie_id)"}]}]}, "Unique SQL Id": 2804875951, "Planner Runtime": 3}, "explain_analyze_plan": {"Plan": {"Node Type": "Aggregate", "Strategy": "Plain", "Startup Cost": 2600.78, "Total Cost": 2600.79, "Plan Rows": 1, "Plan Width": 49, "Actual Startup Time": 1011.525, "Actual Total Time": 1011.525, "Actual Rows": 1, "Actual Loops": 1, "Plans": [{"Node Type": "Nested Loop", "Parent Relationship": "Outer", "Join Type": "Inner", "Startup Cost": 4.51, "Total Cost": 2600.77, "Plan Rows": 2, "Plan Width": 17, "Actual Startup Time": 12.528, "Actual Total Time": 1007.96, "Actual Rows": 5228, "Actual Loops": 1, "Inner Unique": true, "Join Filter": "(mc.movie_id = t.id)", "Rows Removed by Join Filter": 0, "Plans": [{"Node Type": "Nested Loop", "Parent Relationship": "Outer", "Join Type": "Inner", "Startup Cost": 4.51, "Total Cost": 2600.13, "Plan Rows": 2, "Plan Width": 8, "Actual Startup Time": 12.513, "Actual Total Time": 980.622, "Actual Rows": 5228, "Actual Loops": 1, "Inner Unique": true, "Plans": [{"Node Type": "Nested Loop", "Parent Relationship": "Outer", "Join Type": "Inner", "Startup Cost": 4.51, "Total Cost": 2579.99, "Plan Rows": 70, "Plan Width": 12, "Actual Startup Time": 9.527, "Actual Total Time": 365.273, "Actual Rows": 148552, "Actual Loops": 1, "Inner Unique": false, "Plans": [{"Node Type": "Nested Loop", "Parent Relationship": "Outer", "Join Type": "Inner", "Startup Cost": 4.51, "Total Cost": 2569.02, "Plan Rows": 33, "Plan Width": 4, "Actual Startup Time": 9.495, "Actual Total Time": 95.383, "Actual Rows": 41840, "Actual Loops": 1, "Inner Unique": false, "Plans": [{"Node Type": "Seq Scan", "Parent Relationship": "Outer", "Relation Name": "keyword", "Alias": "k", "Startup Cost": 0.0, "Total Cost": 2436.11, "Plan Rows": 1, "Plan Width": 4, "Actual Startup Time": 1.783, "Actual Total Time": 40.829, "Actual Rows": 1, "Actual Loops": 1, "Filter": "((keyword)::text = 'character-name-in-title'::text)", "Rows Removed by Filter": 134168}, {"Node Type": "Bitmap Heap Scan", "Parent Relationship": "Inner", "Relation Name": "movie_keyword", "Alias": "mk", "Startup Cost": 4.51, "Total Cost": 132.58, "Plan Rows": 33, "Plan Width": 8, "Actual Startup Time": 7.703, "Actual Total Time": 45.702, "Actual Rows": 41840, "Actual Loops": 1, "Recheck Cond": "(keyword_id = k.id)", "Rows Removed by Index Recheck": 0, "Exact Heap Blocks": 9702, "Lossy Heap Blocks": 9702, "Plans": [{"Node Type": "Bitmap Index Scan", "Parent Relationship": "Outer", "Index Name": "keyword_id_movie_keyword", "Startup Cost": 0.0, "Total Cost": 4.5, "Plan Rows": 33, "Plan Width": 0, "Actual Startup Time": 5.948, "Actual Total Time": 5.948, "Actual Rows": 41840, "Actual Loops": 1, "Index Cond": "(keyword_id = k.id)"}]}]}, {"Node Type": "Index Scan", "Parent Relationship": "Inner", "Scan Direction": "Forward", "Index Name": "movie_id_movie_companies", "Relation Name": "movie_companies", "Alias": "mc", "Startup Cost": 0.0, "Total Cost": 0.31, "Plan Rows": 2, "Plan Width": 8, "Actual Startup Time": 143.277, "Actual Total Time": 214.488, "Actual Rows": 148552, "Actual Loops": 41840, "Index Cond": "(movie_id = mk.movie_id)", "Rows Removed by Index Recheck": 0}]}, {"Node Type": "Index Scan", "Parent Relationship": "Inner", "Scan Direction": "Forward", "Index Name": "company_name_pkey", "Relation Name": "company_name", "Alias": "cn", "Startup Cost": 0.0, "Total Cost": 0.28, "Plan Rows": 1, "Plan Width": 4, "Actual Startup Time": 541.94, "Actual Total Time": 541.94, "Actual Rows": 5228, "Actual Loops": 148552, "Index Cond": "(id = mc.company_id)", "Rows Removed by Index Recheck": 0, "Filter": "((country_code)::text = '[nl]'::text)", "Rows Removed by Filter": 143324}]}, {"Node Type": "Index Scan", "Parent Relationship": "Inner", "Scan Direction": "Forward", "Index Name": "title_pkey", "Relation Name": "title", "Alias": "t", "Startup Cost": 0.0, "Total Cost": 0.31, "Plan Rows": 1, "Plan Width": 21, "Actual Startup Time": 21.446, "Actual Total Time": 21.446, "Actual Rows": 5228, "Actual Loops": 5228, "Index Cond": "(id = mk.movie_id)", "Rows Removed by Index Recheck": 0}]}]}, "Triggers": [], "Planner Runtime": 9.832, "Total Runtime": 1011.849, "Unique SQL Id": 2804875951}}, "(64, '33')": {"explain_plan": {"Plan": {"Node Type": "Aggregate", "Strategy": "Plain", "Startup Cost": 3347.38, "Total Cost": 3347.39, "Plan Rows": 1, "Plan Width": 49, "Plans": [{"Node Type": "Nested Loop", "Parent Relationship": "Outer", "Join Type": "Inner", "Startup Cost": 4.51, "Total Cost": 3347.38, "Plan Rows": 2, "Plan Width": 17, "Inner Unique": true, "Join Filter": "(mc.movie_id = t.id)", "Plans": [{"Node Type": "Nested Loop", "Parent Relationship": "Outer", "Join Type": "Inner", "Startup Cost": 4.51, "Total Cost": 3346.73, "Plan Rows": 2, "Plan Width": 8, "Inner Unique": true, "Plans": [{"Node Type": "Nested Loop", "Parent Relationship": "Outer", "Join Type": "Inner", "Startup Cost": 4.51, "Total Cost": 3326.6, "Plan Rows": 70, "Plan Width": 12, "Inner Unique": false, "Plans": [{"Node Type": "Nested Loop", "Parent Relationship": "Outer", "Join Type": "Inner", "Startup Cost": 4.51, "Total Cost": 3315.63, "Plan Rows": 33, "Plan Width": 4, "Inner Unique": false, "Plans": [{"Node Type": "Index Scan", "Parent Relationship": "Outer", "Scan Direction": "Forward", "Index Name": "keyword_pkey", "Relation Name": "keyword", "Alias": "k", "Startup Cost": 0.0, "Total Cost": 3182.72, "Plan Rows": 1, "Plan Width": 4, "Filter": "((keyword)::text = 'character-name-in-title'::text)"}, {"Node Type": "Bitmap Heap Scan", "Parent Relationship": "Inner", "Relation Name": "movie_keyword", "Alias": "mk", "Startup Cost": 4.51, "Total Cost": 132.58, "Plan Rows": 33, "Plan Width": 8, "Recheck Cond": "(keyword_id = k.id)", "Plans": [{"Node Type": "Bitmap Index Scan", "Parent Relationship": "Outer", "Index Name": "keyword_id_movie_keyword", "Startup Cost": 0.0, "Total Cost": 4.5, "Plan Rows": 33, "Plan Width": 0, "Index Cond": "(keyword_id = k.id)"}]}]}, {"Node Type": "Index Scan", "Parent Relationship": "Inner", "Scan Direction": "Forward", "Index Name": "movie_id_movie_companies", "Relation Name": "movie_companies", "Alias": "mc", "Startup Cost": 0.0, "Total Cost": 0.31, "Plan Rows": 2, "Plan Width": 8, "Index Cond": "(movie_id = mk.movie_id)"}]}, {"Node Type": "Index Scan", "Parent Relationship": "Inner", "Scan Direction": "Forward", "Index Name": "company_name_pkey", "Relation Name": "company_name", "Alias": "cn", "Startup Cost": 0.0, "Total Cost": 0.28, "Plan Rows": 1, "Plan Width": 4, "Index Cond": "(id = mc.company_id)", "Filter": "((country_code)::text = '[nl]'::text)"}]}, {"Node Type": "Index Scan", "Parent Relationship": "Inner", "Scan Direction": "Forward", "Index Name": "title_pkey", "Relation Name": "title", "Alias": "t", "Startup Cost": 0.0, "Total Cost": 0.31, "Plan Rows": 1, "Plan Width": 21, "Index Cond": "(id = mk.movie_id)"}]}]}, "Unique SQL Id": 2804875951, "Planner Runtime": 4}, "explain_analyze_plan": {"Plan": {"Node Type": "Aggregate", "Strategy": "Plain", "Startup Cost": 3347.38, "Total Cost": 3347.39, "Plan Rows": 1, "Plan Width": 49, "Actual Startup Time": 1116.379, "Actual Total Time": 1116.38, "Actual Rows": 1, "Actual Loops": 1, "Plans": [{"Node Type": "Nested Loop", "Parent Relationship": "Outer", "Join Type": "Inner", "Startup Cost": 4.51, "Total Cost": 3347.38, "Plan Rows": 2, "Plan Width": 17, "Actual Startup Time": 11.025, "Actual Total Time": 1112.884, "Actual Rows": 5228, "Actual Loops": 1, "Inner Unique": true, "Join Filter": "(mc.movie_id = t.id)", "Rows Removed by Join Filter": 0, "Plans": [{"Node Type": "Nested Loop", "Parent Relationship": "Outer", "Join Type": "Inner", "Startup Cost": 4.51, "Total Cost": 3346.73, "Plan Rows": 2, "Plan Width": 8, "Actual Startup Time": 11.01, "Actual Total Time": 1085.185, "Actual Rows": 5228, "Actual Loops": 1, "Inner Unique": true, "Plans": [{"Node Type": "Nested Loop", "Parent Relationship": "Outer", "Join Type": "Inner", "Startup Cost": 4.51, "Total Cost": 3326.6, "Plan Rows": 70, "Plan Width": 12, "Actual Startup Time": 8.008, "Actual Total Time": 447.869, "Actual Rows": 148552, "Actual Loops": 1, "Inner Unique": false, "Plans": [{"Node Type": "Nested Loop", "Parent Relationship": "Outer", "Join Type": "Inner", "Startup Cost": 4.51, "Total Cost": 3315.63, "Plan Rows": 33, "Plan Width": 4, "Actual Startup Time": 7.977, "Actual Total Time": 171.703, "Actual Rows": 41840, "Actual Loops": 1, "Inner Unique": false, "Plans": [{"Node Type": "Index Scan", "Parent Relationship": "Outer", "Scan Direction": "Forward", "Index Name": "keyword_pkey", "Relation Name": "keyword", "Alias": "k", "Startup Cost": 0.0, "Total Cost": 3182.72, "Plan Rows": 1, "Plan Width": 4, "Actual Startup Time": 0.191, "Actual Total Time": 115.745, "Actual Rows": 1, "Actual Loops": 1, "Filter": "((keyword)::text = 'character-name-in-title'::text)", "Rows Removed by Filter": 134168}, {"Node Type": "Bitmap Heap Scan", "Parent Relationship": "Inner", "Relation Name": "movie_keyword", "Alias": "mk", "Startup Cost": 4.51, "Total Cost": 132.58, "Plan Rows": 33, "Plan Width": 8, "Actual Startup Time": 7.779, "Actual Total Time": 46.991, "Actual Rows": 41840, "Actual Loops": 1, "Recheck Cond": "(keyword_id = k.id)", "Rows Removed by Index Recheck": 0, "Exact Heap Blocks": 9702, "Lossy Heap Blocks": 9702, "Plans": [{"Node Type": "Bitmap Index Scan", "Parent Relationship": "Outer", "Index Name": "keyword_id_movie_keyword", "Startup Cost": 0.0, "Total Cost": 4.5, "Plan Rows": 33, "Plan Width": 0, "Actual Startup Time": 6.034, "Actual Total Time": 6.034, "Actual Rows": 41840, "Actual Loops": 1, "Index Cond": "(keyword_id = k.id)"}]}]}, {"Node Type": "Index Scan", "Parent Relationship": "Inner", "Scan Direction": "Forward", "Index Name": "movie_id_movie_companies", "Relation Name": "movie_companies", "Alias": "mc", "Startup Cost": 0.0, "Total Cost": 0.31, "Plan Rows": 2, "Plan Width": 8, "Actual Startup Time": 147.833, "Actual Total Time": 220.177, "Actual Rows": 148552, "Actual Loops": 41840, "Index Cond": "(movie_id = mk.movie_id)", "Rows Removed by Index Recheck": 0}]}, {"Node Type": "Index Scan", "Parent Relationship": "Inner", "Scan Direction": "Forward", "Index Name": "company_name_pkey", "Relation Name": "company_name", "Alias": "cn", "Startup Cost": 0.0, "Total Cost": 0.28, "Plan Rows": 1, "Plan Width": 4, "Actual Startup Time": 563.904, "Actual Total Time": 563.904, "Actual Rows": 5228, "Actual Loops": 148552, "Index Cond": "(id = mc.company_id)", "Rows Removed by Index Recheck": 0, "Filter": "((country_code)::text = '[nl]'::text)", "Rows Removed by Filter": 143324}]}, {"Node Type": "Index Scan", "Parent Relationship": "Inner", "Scan Direction": "Forward", "Index Name": "title_pkey", "Relation Name": "title", "Alias": "t", "Startup Cost": 0.0, "Total Cost": 0.31, "Plan Rows": 1, "Plan Width": 21, "Actual Startup Time": 22.044, "Actual Total Time": 22.044, "Actual Rows": 5228, "Actual Loops": 5228, "Index Cond": "(id = mk.movie_id)", "Rows Removed by Index Recheck": 0}]}]}, "Triggers": [], "Planner Runtime": 9.698, "Total Runtime": 1116.687, "Unique SQL Id": 2804875951}}, "(64, '34')": {"explain_plan": {"Plan": {"Node Type": "Aggregate", "Strategy": "Plain", "Startup Cost": 3019.97, "Total Cost": 3019.98, "Plan Rows": 1, "Plan Width": 49, "Plans": [{"Node Type": "Nested Loop", "Parent Relationship": "Outer", "Join Type": "Inner", "Startup Cost": 5.3, "Total Cost": 3019.97, "Plan Rows": 2, "Plan Width": 17, "Inner Unique": true, "Join Filter": "(mc.movie_id = t.id)", "Plans": [{"Node Type": "Nested Loop", "Parent Relationship": "Outer", "Join Type": "Inner", "Startup Cost": 5.04, "Total Cost": 3011.39, "Plan Rows": 2, "Plan Width": 8, "Inner Unique": true, "Plans": [{"Node Type": "Nested Loop", "Parent Relationship": "Outer", "Join Type": "Inner", "Startup Cost": 4.78, "Total Cost": 2711.55, "Plan Rows": 70, "Plan Width": 12, "Inner Unique": false, "Plans": [{"Node Type": "Nested Loop", "Parent Relationship": "Outer", "Join Type": "Inner", "Startup Cost": 4.51, "Total Cost": 2569.02, "Plan Rows": 33, "Plan Width": 4, "Inner Unique": false, "Plans": [{"Node Type": "Seq Scan", "Parent Relationship": "Outer", "Relation Name": "keyword", "Alias": "k", "Startup Cost": 0.0, "Total Cost": 2436.11, "Plan Rows": 1, "Plan Width": 4, "Filter": "((keyword)::text = 'character-name-in-title'::text)"}, {"Node Type": "Bitmap Heap Scan", "Parent Relationship": "Inner", "Relation Name": "movie_keyword", "Alias": "mk", "Startup Cost": 4.51, "Total Cost": 132.58, "Plan Rows": 33, "Plan Width": 8, "Recheck Cond": "(keyword_id = k.id)", "Plans": [{"Node Type": "Bitmap Index Scan", "Parent Relationship": "Outer", "Index Name": "keyword_id_movie_keyword", "Startup Cost": 0.0, "Total Cost": 4.5, "Plan Rows": 33, "Plan Width": 0, "Index Cond": "(keyword_id = k.id)"}]}]}, {"Node Type": "Bitmap Heap Scan", "Parent Relationship": "Inner", "Relation Name": "movie_companies", "Alias": "mc", "Startup Cost": 0.27, "Total Cost": 4.3, "Plan Rows": 2, "Plan Width": 8, "Recheck Cond": "(movie_id = mk.movie_id)", "Plans": [{"Node Type": "Bitmap Index Scan", "Parent Relationship": "Outer", "Index Name": "movie_id_movie_companies", "Startup Cost": 0.0, "Total Cost": 0.27, "Plan Rows": 2, "Plan Width": 0, "Index Cond": "(movie_id = mk.movie_id)"}]}]}, {"Node Type": "Bitmap Heap Scan", "Parent Relationship": "Inner", "Relation Name": "company_name", "Alias": "cn", "Startup Cost": 0.26, "Total Cost": 4.27, "Plan Rows": 1, "Plan Width": 4, "Recheck Cond": "(id = mc.company_id)", "Filter": "((country_code)::text = '[nl]'::text)", "Plans": [{"Node Type": "Bitmap Index Scan", "Parent Relationship": "Outer", "Index Name": "company_name_pkey", "Startup Cost": 0.0, "Total Cost": 0.26, "Plan Rows": 1, "Plan Width": 0, "Index Cond": "(id = mc.company_id)"}]}]}, {"Node Type": "Bitmap Heap Scan", "Parent Relationship": "Inner", "Relation Name": "title", "Alias": "t", "Startup Cost": 0.27, "Total Cost": 4.28, "Plan Rows": 1, "Plan Width": 21, "Recheck Cond": "(id = mk.movie_id)", "Plans": [{"Node Type": "Bitmap Index Scan", "Parent Relationship": "Outer", "Index Name": "title_pkey", "Startup Cost": 0.0, "Total Cost": 0.27, "Plan Rows": 1, "Plan Width": 0, "Index Cond": "(id = mk.movie_id)"}]}]}]}, "Unique SQL Id": 2804875951, "Planner Runtime": 5}, "explain_analyze_plan": {"Plan": {"Node Type": "Aggregate", "Strategy": "Plain", "Startup Cost": 3019.97, "Total Cost": 3019.98, "Plan Rows": 1, "Plan Width": 49, "Actual Startup Time": 1379.762, "Actual Total Time": 1379.762, "Actual Rows": 1, "Actual Loops": 1, "Plans": [{"Node Type": "Nested Loop", "Parent Relationship": "Outer", "Join Type": "Inner", "Startup Cost": 5.3, "Total Cost": 3019.97, "Plan Rows": 2, "Plan Width": 17, "Actual Startup Time": 13.852, "Actual Total Time": 1374.961, "Actual Rows": 5228, "Actual Loops": 1, "Inner Unique": true, "Join Filter": "(mc.movie_id = t.id)", "Rows Removed by Join Filter": 0, "Plans": [{"Node Type": "Nested Loop", "Parent Relationship": "Outer", "Join Type": "Inner", "Startup Cost": 5.04, "Total Cost": 3011.39, "Plan Rows": 2, "Plan Width": 8, "Actual Startup Time": 13.83, "Actual Total Time": 1338.406, "Actual Rows": 5228, "Actual Loops": 1, "Inner Unique": true, "Plans": [{"Node Type": "Nested Loop", "Parent Relationship": "Outer", "Join Type": "Inner", "Startup Cost": 4.78, "Total Cost": 2711.55, "Plan Rows": 70, "Plan Width": 12, "Actual Startup Time": 9.636, "Actual Total Time": 474.478, "Actual Rows": 148552, "Actual Loops": 1, "Inner Unique": false, "Plans": [{"Node Type": "Nested Loop", "Parent Relationship": "Outer", "Join Type": "Inner", "Startup Cost": 4.51, "Total Cost": 2569.02, "Plan Rows": 33, "Plan Width": 4, "Actual Startup Time": 9.588, "Actual Total Time": 94.897, "Actual Rows": 41840, "Actual Loops": 1, "Inner Unique": false, "Plans": [{"Node Type": "Seq Scan", "Parent Relationship": "Outer", "Relation Name": "keyword", "Alias": "k", "Startup Cost": 0.0, "Total Cost": 2436.11, "Plan Rows": 1, "Plan Width": 4, "Actual Startup Time": 1.796, "Actual Total Time": 40.826, "Actual Rows": 1, "Actual Loops": 1, "Filter": "((keyword)::text = 'character-name-in-title'::text)", "Rows Removed by Filter": 134168}, {"Node Type": "Bitmap Heap Scan", "Parent Relationship": "Inner", "Relation Name": "movie_keyword", "Alias": "mk", "Startup Cost": 4.51, "Total Cost": 132.58, "Plan Rows": 33, "Plan Width": 8, "Actual Startup Time": 7.784, "Actual Total Time": 44.618, "Actual Rows": 41840, "Actual Loops": 1, "Recheck Cond": "(keyword_id = k.id)", "Rows Removed by Index Recheck": 0, "Exact Heap Blocks": 9702, "Lossy Heap Blocks": 9702, "Plans": [{"Node Type": "Bitmap Index Scan", "Parent Relationship": "Outer", "Index Name": "keyword_id_movie_keyword", "Startup Cost": 0.0, "Total Cost": 4.5, "Plan Rows": 33, "Plan Width": 0, "Actual Startup Time": 6.024, "Actual Total Time": 6.024, "Actual Rows": 41840, "Actual Loops": 1, "Index Cond": "(keyword_id = k.id)"}]}]}, {"Node Type": "Bitmap Heap Scan", "Parent Relationship": "Inner", "Relation Name": "movie_companies", "Alias": "mc", "Startup Cost": 0.27, "Total Cost": 4.3, "Plan Rows": 2, "Plan Width": 8, "Actual Startup Time": 239.829, "Actual Total Time": 294.063, "Actual Rows": 148552, "Actual Loops": 41840, "Recheck Cond": "(movie_id = mk.movie_id)", "Rows Removed by Index Recheck": 0, "Exact Heap Blocks": 62638, "Lossy Heap Blocks": 62638, "Plans": [{"Node Type": "Bitmap Index Scan", "Parent Relationship": "Outer", "Index Name": "movie_id_movie_companies", "Startup Cost": 0.0, "Total Cost": 0.27, "Plan Rows": 2, "Plan Width": 0, "Actual Startup Time": 149.912, "Actual Total Time": 149.912, "Actual Rows": 148552, "Actual Loops": 41840, "Index Cond": "(movie_id = mk.movie_id)"}]}]}, {"Node Type": "Bitmap Heap Scan", "Parent Relationship": "Inner", "Relation Name": "company_name", "Alias": "cn", "Startup Cost": 0.26, "Total Cost": 4.27, "Plan Rows": 1, "Plan Width": 4, "Actual Startup Time": 695.194, "Actual Total Time": 695.194, "Actual Rows": 5228, "Actual Loops": 148552, "Recheck Cond": "(id = mc.company_id)", "Rows Removed by Index Recheck": 0, "Filter": "((country_code)::text = '[nl]'::text)", "Rows Removed by Filter": 143324, "Exact Heap Blocks": 148552, "Lossy Heap Blocks": 148552, "Plans": [{"Node Type": "Bitmap Index Scan", "Parent Relationship": "Outer", "Index Name": "company_name_pkey", "Startup Cost": 0.0, "Total Cost": 0.26, "Plan Rows": 1, "Plan Width": 0, "Actual Startup Time": 387.396, "Actual Total Time": 387.396, "Actual Rows": 148552, "Actual Loops": 148552, "Index Cond": "(id = mc.company_id)"}]}]}, {"Node Type": "Bitmap Heap Scan", "Parent Relationship": "Inner", "Relation Name": "title", "Alias": "t", "Startup Cost": 0.27, "Total Cost": 4.28, "Plan Rows": 1, "Plan Width": 21, "Actual Startup Time": 27.627, "Actual Total Time": 27.627, "Actual Rows": 5228, "Actual Loops": 5228, "Recheck Cond": "(id = mk.movie_id)", "Rows Removed by Index Recheck": 0, "Exact Heap Blocks": 5228, "Lossy Heap Blocks": 5228, "Plans": [{"Node Type": "Bitmap Index Scan", "Parent Relationship": "Outer", "Index Name": "title_pkey", "Startup Cost": 0.0, "Total Cost": 0.27, "Plan Rows": 1, "Plan Width": 0, "Actual Startup Time": 16.124, "Actual Total Time": 16.124, "Actual Rows": 5228, "Actual Loops": 5228, "Index Cond": "(id = mk.movie_id)"}]}]}]}, "Triggers": [], "Planner Runtime": 9.995, "Total Runtime": 1380.114, "Unique SQL Id": 2804875951}}, "(64, '35')": {"explain_plan": {"Plan": {"Node Type": "Aggregate", "Strategy": "Plain", "Startup Cost": 3739.07, "Total Cost": 3739.08, "Plan Rows": 1, "Plan Width": 49, "Plans": [{"Node Type": "Nested Loop", "Parent Relationship": "Outer", "Join Type": "Inner", "Startup Cost": 724.4, "Total Cost": 3739.06, "Plan Rows": 2, "Plan Width": 17, "Inner Unique": true, "Join Filter": "(mc.movie_id = t.id)", "Plans": [{"Node Type": "Nested Loop", "Parent Relationship": "Outer", "Join Type": "Inner", "Startup Cost": 724.13, "Total Cost": 3730.48, "Plan Rows": 2, "Plan Width": 8, "Inner Unique": true, "Plans": [{"Node Type": "Nested Loop", "Parent Relationship": "Outer", "Join Type": "Inner", "Startup Cost": 723.87, "Total Cost": 3430.65, "Plan Rows": 70, "Plan Width": 12, "Inner Unique": false, "Plans": [{"Node Type": "Nested Loop", "Parent Relationship": "Outer", "Join Type": "Inner", "Startup Cost": 723.6, "Total Cost": 3288.12, "Plan Rows": 33, "Plan Width": 4, "Inner Unique": false, "Plans": [{"Node Type": "Bitmap Heap Scan", "Parent Relationship": "Outer", "Relation Name": "keyword", "Alias": "k", "Startup Cost": 719.1, "Total Cost": 3155.21, "Plan Rows": 1, "Plan Width": 4, "Filter": "((keyword)::text = 'character-name-in-title'::text)", "Plans": [{"Node Type": "Bitmap Index Scan", "Parent Relationship": "Outer", "Index Name": "keyword_pkey", "Startup Cost": 0.0, "Total Cost": 719.1, "Plan Rows": 134169, "Plan Width": 0}]}, {"Node Type": "Bitmap Heap Scan", "Parent Relationship": "Inner", "Relation Name": "movie_keyword", "Alias": "mk", "Startup Cost": 4.51, "Total Cost": 132.58, "Plan Rows": 33, "Plan Width": 8, "Recheck Cond": "(keyword_id = k.id)", "Plans": [{"Node Type": "Bitmap Index Scan", "Parent Relationship": "Outer", "Index Name": "keyword_id_movie_keyword", "Startup Cost": 0.0, "Total Cost": 4.5, "Plan Rows": 33, "Plan Width": 0, "Index Cond": "(keyword_id = k.id)"}]}]}, {"Node Type": "Bitmap Heap Scan", "Parent Relationship": "Inner", "Relation Name": "movie_companies", "Alias": "mc", "Startup Cost": 0.27, "Total Cost": 4.3, "Plan Rows": 2, "Plan Width": 8, "Recheck Cond": "(movie_id = mk.movie_id)", "Plans": [{"Node Type": "Bitmap Index Scan", "Parent Relationship": "Outer", "Index Name": "movie_id_movie_companies", "Startup Cost": 0.0, "Total Cost": 0.27, "Plan Rows": 2, "Plan Width": 0, "Index Cond": "(movie_id = mk.movie_id)"}]}]}, {"Node Type": "Bitmap Heap Scan", "Parent Relationship": "Inner", "Relation Name": "company_name", "Alias": "cn", "Startup Cost": 0.26, "Total Cost": 4.27, "Plan Rows": 1, "Plan Width": 4, "Recheck Cond": "(id = mc.company_id)", "Filter": "((country_code)::text = '[nl]'::text)", "Plans": [{"Node Type": "Bitmap Index Scan", "Parent Relationship": "Outer", "Index Name": "company_name_pkey", "Startup Cost": 0.0, "Total Cost": 0.26, "Plan Rows": 1, "Plan Width": 0, "Index Cond": "(id = mc.company_id)"}]}]}, {"Node Type": "Bitmap Heap Scan", "Parent Relationship": "Inner", "Relation Name": "title", "Alias": "t", "Startup Cost": 0.27, "Total Cost": 4.28, "Plan Rows": 1, "Plan Width": 21, "Recheck Cond": "(id = mk.movie_id)", "Plans": [{"Node Type": "Bitmap Index Scan", "Parent Relationship": "Outer", "Index Name": "title_pkey", "Startup Cost": 0.0, "Total Cost": 0.27, "Plan Rows": 1, "Plan Width": 0, "Index Cond": "(id = mk.movie_id)"}]}]}]}, "Unique SQL Id": 2804875951, "Planner Runtime": 5}, "explain_analyze_plan": {"Plan": {"Node Type": "Aggregate", "Strategy": "Plain", "Startup Cost": 3739.07, "Total Cost": 3739.08, "Plan Rows": 1, "Plan Width": 49, "Actual Startup Time": 1403.708, "Actual Total Time": 1403.709, "Actual Rows": 1, "Actual Loops": 1, "Plans": [{"Node Type": "Nested Loop", "Parent Relationship": "Outer", "Join Type": "Inner", "Startup Cost": 724.4, "Total Cost": 3739.06, "Plan Rows": 2, "Plan Width": 17, "Actual Startup Time": 25.933, "Actual Total Time": 1398.814, "Actual Rows": 5228, "Actual Loops": 1, "Inner Unique": true, "Join Filter": "(mc.movie_id = t.id)", "Rows Removed by Join Filter": 0, "Plans": [{"Node Type": "Nested Loop", "Parent Relationship": "Outer", "Join Type": "Inner", "Startup Cost": 724.13, "Total Cost": 3730.48, "Plan Rows": 2, "Plan Width": 8, "Actual Startup Time": 25.914, "Actual Total Time": 1361.007, "Actual Rows": 5228, "Actual Loops": 1, "Inner Unique": true, "Plans": [{"Node Type": "Nested Loop", "Parent Relationship": "Outer", "Join Type": "Inner", "Startup Cost": 723.87, "Total Cost": 3430.65, "Plan Rows": 70, "Plan Width": 12, "Actual Startup Time": 21.809, "Actual Total Time": 500.96, "Actual Rows": 148552, "Actual Loops": 1, "Inner Unique": false, "Plans": [{"Node Type": "Nested Loop", "Parent Relationship": "Outer", "Join Type": "Inner", "Startup Cost": 723.6, "Total Cost": 3288.12, "Plan Rows": 33, "Plan Width": 4, "Actual Startup Time": 21.768, "Actual Total Time": 121.31, "Actual Rows": 41840, "Actual Loops": 1, "Inner Unique": false, "Plans": [{"Node Type": "Bitmap Heap Scan", "Parent Relationship": "Outer", "Relation Name": "keyword", "Alias": "k", "Startup Cost": 719.1, "Total Cost": 3155.21, "Plan Rows": 1, "Plan Width": 4, "Actual Startup Time": 14.099, "Actual Total Time": 67.292, "Actual Rows": 1, "Actual Loops": 1, "Filter": "((keyword)::text = 'character-name-in-title'::text)", "Rows Removed by Filter": 134168, "Exact Heap Blocks": 759, "Lossy Heap Blocks": 759, "Plans": [{"Node Type": "Bitmap Index Scan", "Parent Relationship": "Outer", "Index Name": "keyword_pkey", "Startup Cost": 0.0, "Total Cost": 719.1, "Plan Rows": 134169, "Plan Width": 0, "Actual Startup Time": 11.779, "Actual Total Time": 11.779, "Actual Rows": 134169, "Actual Loops": 1}]}, {"Node Type": "Bitmap Heap Scan", "Parent Relationship": "Inner", "Relation Name": "movie_keyword", "Alias": "mk", "Startup Cost": 4.51, "Total Cost": 132.58, "Plan Rows": 33, "Plan Width": 8, "Actual Startup Time": 7.658, "Actual Total Time": 44.762, "Actual Rows": 41840, "Actual Loops": 1, "Recheck Cond": "(keyword_id = k.id)", "Rows Removed by Index Recheck": 0, "Exact Heap Blocks": 9702, "Lossy Heap Blocks": 9702, "Plans": [{"Node Type": "Bitmap Index Scan", "Parent Relationship": "Outer", "Index Name": "keyword_id_movie_keyword", "Startup Cost": 0.0, "Total Cost": 4.5, "Plan Rows": 33, "Plan Width": 0, "Actual Startup Time": 5.929, "Actual Total Time": 5.929, "Actual Rows": 41840, "Actual Loops": 1, "Index Cond": "(keyword_id = k.id)"}]}]}, {"Node Type": "Bitmap Heap Scan", "Parent Relationship": "Inner", "Relation Name": "movie_companies", "Alias": "mc", "Startup Cost": 0.27, "Total Cost": 4.3, "Plan Rows": 2, "Plan Width": 8, "Actual Startup Time": 239.943, "Actual Total Time": 294.096, "Actual Rows": 148552, "Actual Loops": 41840, "Recheck Cond": "(movie_id = mk.movie_id)", "Rows Removed by Index Recheck": 0, "Exact Heap Blocks": 62638, "Lossy Heap Blocks": 62638, "Plans": [{"Node Type": "Bitmap Index Scan", "Parent Relationship": "Outer", "Index Name": "movie_id_movie_companies", "Startup Cost": 0.0, "Total Cost": 0.27, "Plan Rows": 2, "Plan Width": 0, "Actual Startup Time": 149.366, "Actual Total Time": 149.366, "Actual Rows": 148552, "Actual Loops": 41840, "Index Cond": "(movie_id = mk.movie_id)"}]}]}, {"Node Type": "Bitmap Heap Scan", "Parent Relationship": "Inner", "Relation Name": "company_name", "Alias": "cn", "Startup Cost": 0.26, "Total Cost": 4.27, "Plan Rows": 1, "Plan Width": 4, "Actual Startup Time": 691.231, "Actual Total Time": 691.231, "Actual Rows": 5228, "Actual Loops": 148552, "Recheck Cond": "(id = mc.company_id)", "Rows Removed by Index Recheck": 0, "Filter": "((country_code)::text = '[nl]'::text)", "Rows Removed by Filter": 143324, "Exact Heap Blocks": 148552, "Lossy Heap Blocks": 148552, "Plans": [{"Node Type": "Bitmap Index Scan", "Parent Relationship": "Outer", "Index Name": "company_name_pkey", "Startup Cost": 0.0, "Total Cost": 0.26, "Plan Rows": 1, "Plan Width": 0, "Actual Startup Time": 387.407, "Actual Total Time": 387.407, "Actual Rows": 148552, "Actual Loops": 148552, "Index Cond": "(id = mc.company_id)"}]}]}, {"Node Type": "Bitmap Heap Scan", "Parent Relationship": "Inner", "Relation Name": "title", "Alias": "t", "Startup Cost": 0.27, "Total Cost": 4.28, "Plan Rows": 1, "Plan Width": 21, "Actual Startup Time": 27.84, "Actual Total Time": 27.84, "Actual Rows": 5228, "Actual Loops": 5228, "Recheck Cond": "(id = mk.movie_id)", "Rows Removed by Index Recheck": 0, "Exact Heap Blocks": 5228, "Lossy Heap Blocks": 5228, "Plans": [{"Node Type": "Bitmap Index Scan", "Parent Relationship": "Outer", "Index Name": "title_pkey", "Startup Cost": 0.0, "Total Cost": 0.27, "Plan Rows": 1, "Plan Width": 0, "Actual Startup Time": 16.25, "Actual Total Time": 16.25, "Actual Rows": 5228, "Actual Loops": 5228, "Index Cond": "(id = mk.movie_id)"}]}]}]}, "Triggers": [], "Planner Runtime": 9.206, "Total Runtime": 1404.134, "Unique SQL Id": 2804875951}}, "(64, '36')": {"explain_plan": {"Plan": {"Node Type": "Aggregate", "Strategy": "Plain", "Startup Cost": 2600.78, "Total Cost": 2600.79, "Plan Rows": 1, "Plan Width": 49, "Plans": [{"Node Type": "Nested Loop", "Parent Relationship": "Outer", "Join Type": "Inner", "Startup Cost": 4.51, "Total Cost": 2600.77, "Plan Rows": 2, "Plan Width": 17, "Inner Unique": true, "Join Filter": "(mc.movie_id = t.id)", "Plans": [{"Node Type": "Nested Loop", "Parent Relationship": "Outer", "Join Type": "Inner", "Startup Cost": 4.51, "Total Cost": 2600.13, "Plan Rows": 2, "Plan Width": 8, "Inner Unique": true, "Plans": [{"Node Type": "Nested Loop", "Parent Relationship": "Outer", "Join Type": "Inner", "Startup Cost": 4.51, "Total Cost": 2579.99, "Plan Rows": 70, "Plan Width": 12, "Inner Unique": false, "Plans": [{"Node Type": "Nested Loop", "Parent Relationship": "Outer", "Join Type": "Inner", "Startup Cost": 4.51, "Total Cost": 2569.02, "Plan Rows": 33, "Plan Width": 4, "Inner Unique": false, "Plans": [{"Node Type": "Seq Scan", "Parent Relationship": "Outer", "Relation Name": "keyword", "Alias": "k", "Startup Cost": 0.0, "Total Cost": 2436.11, "Plan Rows": 1, "Plan Width": 4, "Filter": "((keyword)::text = 'character-name-in-title'::text)"}, {"Node Type": "Bitmap Heap Scan", "Parent Relationship": "Inner", "Relation Name": "movie_keyword", "Alias": "mk", "Startup Cost": 4.51, "Total Cost": 132.58, "Plan Rows": 33, "Plan Width": 8, "Recheck Cond": "(keyword_id = k.id)", "Plans": [{"Node Type": "Bitmap Index Scan", "Parent Relationship": "Outer", "Index Name": "keyword_id_movie_keyword", "Startup Cost": 0.0, "Total Cost": 4.5, "Plan Rows": 33, "Plan Width": 0, "Index Cond": "(keyword_id = k.id)"}]}]}, {"Node Type": "Index Scan", "Parent Relationship": "Inner", "Scan Direction": "Forward", "Index Name": "movie_id_movie_companies", "Relation Name": "movie_companies", "Alias": "mc", "Startup Cost": 0.0, "Total Cost": 0.31, "Plan Rows": 2, "Plan Width": 8, "Index Cond": "(movie_id = mk.movie_id)"}]}, {"Node Type": "Index Scan", "Parent Relationship": "Inner", "Scan Direction": "Forward", "Index Name": "company_name_pkey", "Relation Name": "company_name", "Alias": "cn", "Startup Cost": 0.0, "Total Cost": 0.28, "Plan Rows": 1, "Plan Width": 4, "Index Cond": "(id = mc.company_id)", "Filter": "((country_code)::text = '[nl]'::text)"}]}, {"Node Type": "Index Scan", "Parent Relationship": "Inner", "Scan Direction": "Forward", "Index Name": "title_pkey", "Relation Name": "title", "Alias": "t", "Startup Cost": 0.0, "Total Cost": 0.31, "Plan Rows": 1, "Plan Width": 21, "Index Cond": "(id = mk.movie_id)"}]}]}, "Unique SQL Id": 2804875951, "Planner Runtime": 3}, "explain_analyze_plan": {"Plan": {"Node Type": "Aggregate", "Strategy": "Plain", "Startup Cost": 2600.78, "Total Cost": 2600.79, "Plan Rows": 1, "Plan Width": 49, "Actual Startup Time": 1011.525, "Actual Total Time": 1011.525, "Actual Rows": 1, "Actual Loops": 1, "Plans": [{"Node Type": "Nested Loop", "Parent Relationship": "Outer", "Join Type": "Inner", "Startup Cost": 4.51, "Total Cost": 2600.77, "Plan Rows": 2, "Plan Width": 17, "Actual Startup Time": 12.528, "Actual Total Time": 1007.96, "Actual Rows": 5228, "Actual Loops": 1, "Inner Unique": true, "Join Filter": "(mc.movie_id = t.id)", "Rows Removed by Join Filter": 0, "Plans": [{"Node Type": "Nested Loop", "Parent Relationship": "Outer", "Join Type": "Inner", "Startup Cost": 4.51, "Total Cost": 2600.13, "Plan Rows": 2, "Plan Width": 8, "Actual Startup Time": 12.513, "Actual Total Time": 980.622, "Actual Rows": 5228, "Actual Loops": 1, "Inner Unique": true, "Plans": [{"Node Type": "Nested Loop", "Parent Relationship": "Outer", "Join Type": "Inner", "Startup Cost": 4.51, "Total Cost": 2579.99, "Plan Rows": 70, "Plan Width": 12, "Actual Startup Time": 9.527, "Actual Total Time": 365.273, "Actual Rows": 148552, "Actual Loops": 1, "Inner Unique": false, "Plans": [{"Node Type": "Nested Loop", "Parent Relationship": "Outer", "Join Type": "Inner", "Startup Cost": 4.51, "Total Cost": 2569.02, "Plan Rows": 33, "Plan Width": 4, "Actual Startup Time": 9.495, "Actual Total Time": 95.383, "Actual Rows": 41840, "Actual Loops": 1, "Inner Unique": false, "Plans": [{"Node Type": "Seq Scan", "Parent Relationship": "Outer", "Relation Name": "keyword", "Alias": "k", "Startup Cost": 0.0, "Total Cost": 2436.11, "Plan Rows": 1, "Plan Width": 4, "Actual Startup Time": 1.783, "Actual Total Time": 40.829, "Actual Rows": 1, "Actual Loops": 1, "Filter": "((keyword)::text = 'character-name-in-title'::text)", "Rows Removed by Filter": 134168}, {"Node Type": "Bitmap Heap Scan", "Parent Relationship": "Inner", "Relation Name": "movie_keyword", "Alias": "mk", "Startup Cost": 4.51, "Total Cost": 132.58, "Plan Rows": 33, "Plan Width": 8, "Actual Startup Time": 7.703, "Actual Total Time": 45.702, "Actual Rows": 41840, "Actual Loops": 1, "Recheck Cond": "(keyword_id = k.id)", "Rows Removed by Index Recheck": 0, "Exact Heap Blocks": 9702, "Lossy Heap Blocks": 9702, "Plans": [{"Node Type": "Bitmap Index Scan", "Parent Relationship": "Outer", "Index Name": "keyword_id_movie_keyword", "Startup Cost": 0.0, "Total Cost": 4.5, "Plan Rows": 33, "Plan Width": 0, "Actual Startup Time": 5.948, "Actual Total Time": 5.948, "Actual Rows": 41840, "Actual Loops": 1, "Index Cond": "(keyword_id = k.id)"}]}]}, {"Node Type": "Index Scan", "Parent Relationship": "Inner", "Scan Direction": "Forward", "Index Name": "movie_id_movie_companies", "Relation Name": "movie_companies", "Alias": "mc", "Startup Cost": 0.0, "Total Cost": 0.31, "Plan Rows": 2, "Plan Width": 8, "Actual Startup Time": 143.277, "Actual Total Time": 214.488, "Actual Rows": 148552, "Actual Loops": 41840, "Index Cond": "(movie_id = mk.movie_id)", "Rows Removed by Index Recheck": 0}]}, {"Node Type": "Index Scan", "Parent Relationship": "Inner", "Scan Direction": "Forward", "Index Name": "company_name_pkey", "Relation Name": "company_name", "Alias": "cn", "Startup Cost": 0.0, "Total Cost": 0.28, "Plan Rows": 1, "Plan Width": 4, "Actual Startup Time": 541.94, "Actual Total Time": 541.94, "Actual Rows": 5228, "Actual Loops": 148552, "Index Cond": "(id = mc.company_id)", "Rows Removed by Index Recheck": 0, "Filter": "((country_code)::text = '[nl]'::text)", "Rows Removed by Filter": 143324}]}, {"Node Type": "Index Scan", "Parent Relationship": "Inner", "Scan Direction": "Forward", "Index Name": "title_pkey", "Relation Name": "title", "Alias": "t", "Startup Cost": 0.0, "Total Cost": 0.31, "Plan Rows": 1, "Plan Width": 21, "Actual Startup Time": 21.446, "Actual Total Time": 21.446, "Actual Rows": 5228, "Actual Loops": 5228, "Index Cond": "(id = mk.movie_id)", "Rows Removed by Index Recheck": 0}]}]}, "Triggers": [], "Planner Runtime": 9.832, "Total Runtime": 1011.849, "Unique SQL Id": 2804875951}}, "(64, '37')": {"explain_plan": {"Plan": {"Node Type": "Aggregate", "Strategy": "Plain", "Startup Cost": 3347.38, "Total Cost": 3347.39, "Plan Rows": 1, "Plan Width": 49, "Plans": [{"Node Type": "Nested Loop", "Parent Relationship": "Outer", "Join Type": "Inner", "Startup Cost": 4.51, "Total Cost": 3347.38, "Plan Rows": 2, "Plan Width": 17, "Inner Unique": true, "Join Filter": "(mc.movie_id = t.id)", "Plans": [{"Node Type": "Nested Loop", "Parent Relationship": "Outer", "Join Type": "Inner", "Startup Cost": 4.51, "Total Cost": 3346.73, "Plan Rows": 2, "Plan Width": 8, "Inner Unique": true, "Plans": [{"Node Type": "Nested Loop", "Parent Relationship": "Outer", "Join Type": "Inner", "Startup Cost": 4.51, "Total Cost": 3326.6, "Plan Rows": 70, "Plan Width": 12, "Inner Unique": false, "Plans": [{"Node Type": "Nested Loop", "Parent Relationship": "Outer", "Join Type": "Inner", "Startup Cost": 4.51, "Total Cost": 3315.63, "Plan Rows": 33, "Plan Width": 4, "Inner Unique": false, "Plans": [{"Node Type": "Index Scan", "Parent Relationship": "Outer", "Scan Direction": "Forward", "Index Name": "keyword_pkey", "Relation Name": "keyword", "Alias": "k", "Startup Cost": 0.0, "Total Cost": 3182.72, "Plan Rows": 1, "Plan Width": 4, "Filter": "((keyword)::text = 'character-name-in-title'::text)"}, {"Node Type": "Bitmap Heap Scan", "Parent Relationship": "Inner", "Relation Name": "movie_keyword", "Alias": "mk", "Startup Cost": 4.51, "Total Cost": 132.58, "Plan Rows": 33, "Plan Width": 8, "Recheck Cond": "(keyword_id = k.id)", "Plans": [{"Node Type": "Bitmap Index Scan", "Parent Relationship": "Outer", "Index Name": "keyword_id_movie_keyword", "Startup Cost": 0.0, "Total Cost": 4.5, "Plan Rows": 33, "Plan Width": 0, "Index Cond": "(keyword_id = k.id)"}]}]}, {"Node Type": "Index Scan", "Parent Relationship": "Inner", "Scan Direction": "Forward", "Index Name": "movie_id_movie_companies", "Relation Name": "movie_companies", "Alias": "mc", "Startup Cost": 0.0, "Total Cost": 0.31, "Plan Rows": 2, "Plan Width": 8, "Index Cond": "(movie_id = mk.movie_id)"}]}, {"Node Type": "Index Scan", "Parent Relationship": "Inner", "Scan Direction": "Forward", "Index Name": "company_name_pkey", "Relation Name": "company_name", "Alias": "cn", "Startup Cost": 0.0, "Total Cost": 0.28, "Plan Rows": 1, "Plan Width": 4, "Index Cond": "(id = mc.company_id)", "Filter": "((country_code)::text = '[nl]'::text)"}]}, {"Node Type": "Index Scan", "Parent Relationship": "Inner", "Scan Direction": "Forward", "Index Name": "title_pkey", "Relation Name": "title", "Alias": "t", "Startup Cost": 0.0, "Total Cost": 0.31, "Plan Rows": 1, "Plan Width": 21, "Index Cond": "(id = mk.movie_id)"}]}]}, "Unique SQL Id": 2804875951, "Planner Runtime": 4}, "explain_analyze_plan": {"Plan": {"Node Type": "Aggregate", "Strategy": "Plain", "Startup Cost": 3347.38, "Total Cost": 3347.39, "Plan Rows": 1, "Plan Width": 49, "Actual Startup Time": 1116.379, "Actual Total Time": 1116.38, "Actual Rows": 1, "Actual Loops": 1, "Plans": [{"Node Type": "Nested Loop", "Parent Relationship": "Outer", "Join Type": "Inner", "Startup Cost": 4.51, "Total Cost": 3347.38, "Plan Rows": 2, "Plan Width": 17, "Actual Startup Time": 11.025, "Actual Total Time": 1112.884, "Actual Rows": 5228, "Actual Loops": 1, "Inner Unique": true, "Join Filter": "(mc.movie_id = t.id)", "Rows Removed by Join Filter": 0, "Plans": [{"Node Type": "Nested Loop", "Parent Relationship": "Outer", "Join Type": "Inner", "Startup Cost": 4.51, "Total Cost": 3346.73, "Plan Rows": 2, "Plan Width": 8, "Actual Startup Time": 11.01, "Actual Total Time": 1085.185, "Actual Rows": 5228, "Actual Loops": 1, "Inner Unique": true, "Plans": [{"Node Type": "Nested Loop", "Parent Relationship": "Outer", "Join Type": "Inner", "Startup Cost": 4.51, "Total Cost": 3326.6, "Plan Rows": 70, "Plan Width": 12, "Actual Startup Time": 8.008, "Actual Total Time": 447.869, "Actual Rows": 148552, "Actual Loops": 1, "Inner Unique": false, "Plans": [{"Node Type": "Nested Loop", "Parent Relationship": "Outer", "Join Type": "Inner", "Startup Cost": 4.51, "Total Cost": 3315.63, "Plan Rows": 33, "Plan Width": 4, "Actual Startup Time": 7.977, "Actual Total Time": 171.703, "Actual Rows": 41840, "Actual Loops": 1, "Inner Unique": false, "Plans": [{"Node Type": "Index Scan", "Parent Relationship": "Outer", "Scan Direction": "Forward", "Index Name": "keyword_pkey", "Relation Name": "keyword", "Alias": "k", "Startup Cost": 0.0, "Total Cost": 3182.72, "Plan Rows": 1, "Plan Width": 4, "Actual Startup Time": 0.191, "Actual Total Time": 115.745, "Actual Rows": 1, "Actual Loops": 1, "Filter": "((keyword)::text = 'character-name-in-title'::text)", "Rows Removed by Filter": 134168}, {"Node Type": "Bitmap Heap Scan", "Parent Relationship": "Inner", "Relation Name": "movie_keyword", "Alias": "mk", "Startup Cost": 4.51, "Total Cost": 132.58, "Plan Rows": 33, "Plan Width": 8, "Actual Startup Time": 7.779, "Actual Total Time": 46.991, "Actual Rows": 41840, "Actual Loops": 1, "Recheck Cond": "(keyword_id = k.id)", "Rows Removed by Index Recheck": 0, "Exact Heap Blocks": 9702, "Lossy Heap Blocks": 9702, "Plans": [{"Node Type": "Bitmap Index Scan", "Parent Relationship": "Outer", "Index Name": "keyword_id_movie_keyword", "Startup Cost": 0.0, "Total Cost": 4.5, "Plan Rows": 33, "Plan Width": 0, "Actual Startup Time": 6.034, "Actual Total Time": 6.034, "Actual Rows": 41840, "Actual Loops": 1, "Index Cond": "(keyword_id = k.id)"}]}]}, {"Node Type": "Index Scan", "Parent Relationship": "Inner", "Scan Direction": "Forward", "Index Name": "movie_id_movie_companies", "Relation Name": "movie_companies", "Alias": "mc", "Startup Cost": 0.0, "Total Cost": 0.31, "Plan Rows": 2, "Plan Width": 8, "Actual Startup Time": 147.833, "Actual Total Time": 220.177, "Actual Rows": 148552, "Actual Loops": 41840, "Index Cond": "(movie_id = mk.movie_id)", "Rows Removed by Index Recheck": 0}]}, {"Node Type": "Index Scan", "Parent Relationship": "Inner", "Scan Direction": "Forward", "Index Name": "company_name_pkey", "Relation Name": "company_name", "Alias": "cn", "Startup Cost": 0.0, "Total Cost": 0.28, "Plan Rows": 1, "Plan Width": 4, "Actual Startup Time": 563.904, "Actual Total Time": 563.904, "Actual Rows": 5228, "Actual Loops": 148552, "Index Cond": "(id = mc.company_id)", "Rows Removed by Index Recheck": 0, "Filter": "((country_code)::text = '[nl]'::text)", "Rows Removed by Filter": 143324}]}, {"Node Type": "Index Scan", "Parent Relationship": "Inner", "Scan Direction": "Forward", "Index Name": "title_pkey", "Relation Name": "title", "Alias": "t", "Startup Cost": 0.0, "Total Cost": 0.31, "Plan Rows": 1, "Plan Width": 21, "Actual Startup Time": 22.044, "Actual Total Time": 22.044, "Actual Rows": 5228, "Actual Loops": 5228, "Index Cond": "(id = mk.movie_id)", "Rows Removed by Index Recheck": 0}]}]}, "Triggers": [], "Planner Runtime": 9.698, "Total Runtime": 1116.687, "Unique SQL Id": 2804875951}}, "(64, '38')": {"explain_plan": {"Plan": {"Node Type": "Aggregate", "Strategy": "Plain", "Startup Cost": 3019.97, "Total Cost": 3019.98, "Plan Rows": 1, "Plan Width": 49, "Plans": [{"Node Type": "Nested Loop", "Parent Relationship": "Outer", "Join Type": "Inner", "Startup Cost": 5.3, "Total Cost": 3019.97, "Plan Rows": 2, "Plan Width": 17, "Inner Unique": true, "Join Filter": "(mc.movie_id = t.id)", "Plans": [{"Node Type": "Nested Loop", "Parent Relationship": "Outer", "Join Type": "Inner", "Startup Cost": 5.04, "Total Cost": 3011.39, "Plan Rows": 2, "Plan Width": 8, "Inner Unique": true, "Plans": [{"Node Type": "Nested Loop", "Parent Relationship": "Outer", "Join Type": "Inner", "Startup Cost": 4.78, "Total Cost": 2711.55, "Plan Rows": 70, "Plan Width": 12, "Inner Unique": false, "Plans": [{"Node Type": "Nested Loop", "Parent Relationship": "Outer", "Join Type": "Inner", "Startup Cost": 4.51, "Total Cost": 2569.02, "Plan Rows": 33, "Plan Width": 4, "Inner Unique": false, "Plans": [{"Node Type": "Seq Scan", "Parent Relationship": "Outer", "Relation Name": "keyword", "Alias": "k", "Startup Cost": 0.0, "Total Cost": 2436.11, "Plan Rows": 1, "Plan Width": 4, "Filter": "((keyword)::text = 'character-name-in-title'::text)"}, {"Node Type": "Bitmap Heap Scan", "Parent Relationship": "Inner", "Relation Name": "movie_keyword", "Alias": "mk", "Startup Cost": 4.51, "Total Cost": 132.58, "Plan Rows": 33, "Plan Width": 8, "Recheck Cond": "(keyword_id = k.id)", "Plans": [{"Node Type": "Bitmap Index Scan", "Parent Relationship": "Outer", "Index Name": "keyword_id_movie_keyword", "Startup Cost": 0.0, "Total Cost": 4.5, "Plan Rows": 33, "Plan Width": 0, "Index Cond": "(keyword_id = k.id)"}]}]}, {"Node Type": "Bitmap Heap Scan", "Parent Relationship": "Inner", "Relation Name": "movie_companies", "Alias": "mc", "Startup Cost": 0.27, "Total Cost": 4.3, "Plan Rows": 2, "Plan Width": 8, "Recheck Cond": "(movie_id = mk.movie_id)", "Plans": [{"Node Type": "Bitmap Index Scan", "Parent Relationship": "Outer", "Index Name": "movie_id_movie_companies", "Startup Cost": 0.0, "Total Cost": 0.27, "Plan Rows": 2, "Plan Width": 0, "Index Cond": "(movie_id = mk.movie_id)"}]}]}, {"Node Type": "Bitmap Heap Scan", "Parent Relationship": "Inner", "Relation Name": "company_name", "Alias": "cn", "Startup Cost": 0.26, "Total Cost": 4.27, "Plan Rows": 1, "Plan Width": 4, "Recheck Cond": "(id = mc.company_id)", "Filter": "((country_code)::text = '[nl]'::text)", "Plans": [{"Node Type": "Bitmap Index Scan", "Parent Relationship": "Outer", "Index Name": "company_name_pkey", "Startup Cost": 0.0, "Total Cost": 0.26, "Plan Rows": 1, "Plan Width": 0, "Index Cond": "(id = mc.company_id)"}]}]}, {"Node Type": "Bitmap Heap Scan", "Parent Relationship": "Inner", "Relation Name": "title", "Alias": "t", "Startup Cost": 0.27, "Total Cost": 4.28, "Plan Rows": 1, "Plan Width": 21, "Recheck Cond": "(id = mk.movie_id)", "Plans": [{"Node Type": "Bitmap Index Scan", "Parent Relationship": "Outer", "Index Name": "title_pkey", "Startup Cost": 0.0, "Total Cost": 0.27, "Plan Rows": 1, "Plan Width": 0, "Index Cond": "(id = mk.movie_id)"}]}]}]}, "Unique SQL Id": 2804875951, "Planner Runtime": 5}, "explain_analyze_plan": {"Plan": {"Node Type": "Aggregate", "Strategy": "Plain", "Startup Cost": 3019.97, "Total Cost": 3019.98, "Plan Rows": 1, "Plan Width": 49, "Actual Startup Time": 1379.762, "Actual Total Time": 1379.762, "Actual Rows": 1, "Actual Loops": 1, "Plans": [{"Node Type": "Nested Loop", "Parent Relationship": "Outer", "Join Type": "Inner", "Startup Cost": 5.3, "Total Cost": 3019.97, "Plan Rows": 2, "Plan Width": 17, "Actual Startup Time": 13.852, "Actual Total Time": 1374.961, "Actual Rows": 5228, "Actual Loops": 1, "Inner Unique": true, "Join Filter": "(mc.movie_id = t.id)", "Rows Removed by Join Filter": 0, "Plans": [{"Node Type": "Nested Loop", "Parent Relationship": "Outer", "Join Type": "Inner", "Startup Cost": 5.04, "Total Cost": 3011.39, "Plan Rows": 2, "Plan Width": 8, "Actual Startup Time": 13.83, "Actual Total Time": 1338.406, "Actual Rows": 5228, "Actual Loops": 1, "Inner Unique": true, "Plans": [{"Node Type": "Nested Loop", "Parent Relationship": "Outer", "Join Type": "Inner", "Startup Cost": 4.78, "Total Cost": 2711.55, "Plan Rows": 70, "Plan Width": 12, "Actual Startup Time": 9.636, "Actual Total Time": 474.478, "Actual Rows": 148552, "Actual Loops": 1, "Inner Unique": false, "Plans": [{"Node Type": "Nested Loop", "Parent Relationship": "Outer", "Join Type": "Inner", "Startup Cost": 4.51, "Total Cost": 2569.02, "Plan Rows": 33, "Plan Width": 4, "Actual Startup Time": 9.588, "Actual Total Time": 94.897, "Actual Rows": 41840, "Actual Loops": 1, "Inner Unique": false, "Plans": [{"Node Type": "Seq Scan", "Parent Relationship": "Outer", "Relation Name": "keyword", "Alias": "k", "Startup Cost": 0.0, "Total Cost": 2436.11, "Plan Rows": 1, "Plan Width": 4, "Actual Startup Time": 1.796, "Actual Total Time": 40.826, "Actual Rows": 1, "Actual Loops": 1, "Filter": "((keyword)::text = 'character-name-in-title'::text)", "Rows Removed by Filter": 134168}, {"Node Type": "Bitmap Heap Scan", "Parent Relationship": "Inner", "Relation Name": "movie_keyword", "Alias": "mk", "Startup Cost": 4.51, "Total Cost": 132.58, "Plan Rows": 33, "Plan Width": 8, "Actual Startup Time": 7.784, "Actual Total Time": 44.618, "Actual Rows": 41840, "Actual Loops": 1, "Recheck Cond": "(keyword_id = k.id)", "Rows Removed by Index Recheck": 0, "Exact Heap Blocks": 9702, "Lossy Heap Blocks": 9702, "Plans": [{"Node Type": "Bitmap Index Scan", "Parent Relationship": "Outer", "Index Name": "keyword_id_movie_keyword", "Startup Cost": 0.0, "Total Cost": 4.5, "Plan Rows": 33, "Plan Width": 0, "Actual Startup Time": 6.024, "Actual Total Time": 6.024, "Actual Rows": 41840, "Actual Loops": 1, "Index Cond": "(keyword_id = k.id)"}]}]}, {"Node Type": "Bitmap Heap Scan", "Parent Relationship": "Inner", "Relation Name": "movie_companies", "Alias": "mc", "Startup Cost": 0.27, "Total Cost": 4.3, "Plan Rows": 2, "Plan Width": 8, "Actual Startup Time": 239.829, "Actual Total Time": 294.063, "Actual Rows": 148552, "Actual Loops": 41840, "Recheck Cond": "(movie_id = mk.movie_id)", "Rows Removed by Index Recheck": 0, "Exact Heap Blocks": 62638, "Lossy Heap Blocks": 62638, "Plans": [{"Node Type": "Bitmap Index Scan", "Parent Relationship": "Outer", "Index Name": "movie_id_movie_companies", "Startup Cost": 0.0, "Total Cost": 0.27, "Plan Rows": 2, "Plan Width": 0, "Actual Startup Time": 149.912, "Actual Total Time": 149.912, "Actual Rows": 148552, "Actual Loops": 41840, "Index Cond": "(movie_id = mk.movie_id)"}]}]}, {"Node Type": "Bitmap Heap Scan", "Parent Relationship": "Inner", "Relation Name": "company_name", "Alias": "cn", "Startup Cost": 0.26, "Total Cost": 4.27, "Plan Rows": 1, "Plan Width": 4, "Actual Startup Time": 695.194, "Actual Total Time": 695.194, "Actual Rows": 5228, "Actual Loops": 148552, "Recheck Cond": "(id = mc.company_id)", "Rows Removed by Index Recheck": 0, "Filter": "((country_code)::text = '[nl]'::text)", "Rows Removed by Filter": 143324, "Exact Heap Blocks": 148552, "Lossy Heap Blocks": 148552, "Plans": [{"Node Type": "Bitmap Index Scan", "Parent Relationship": "Outer", "Index Name": "company_name_pkey", "Startup Cost": 0.0, "Total Cost": 0.26, "Plan Rows": 1, "Plan Width": 0, "Actual Startup Time": 387.396, "Actual Total Time": 387.396, "Actual Rows": 148552, "Actual Loops": 148552, "Index Cond": "(id = mc.company_id)"}]}]}, {"Node Type": "Bitmap Heap Scan", "Parent Relationship": "Inner", "Relation Name": "title", "Alias": "t", "Startup Cost": 0.27, "Total Cost": 4.28, "Plan Rows": 1, "Plan Width": 21, "Actual Startup Time": 27.627, "Actual Total Time": 27.627, "Actual Rows": 5228, "Actual Loops": 5228, "Recheck Cond": "(id = mk.movie_id)", "Rows Removed by Index Recheck": 0, "Exact Heap Blocks": 5228, "Lossy Heap Blocks": 5228, "Plans": [{"Node Type": "Bitmap Index Scan", "Parent Relationship": "Outer", "Index Name": "title_pkey", "Startup Cost": 0.0, "Total Cost": 0.27, "Plan Rows": 1, "Plan Width": 0, "Actual Startup Time": 16.124, "Actual Total Time": 16.124, "Actual Rows": 5228, "Actual Loops": 5228, "Index Cond": "(id = mk.movie_id)"}]}]}]}, "Triggers": [], "Planner Runtime": 9.995, "Total Runtime": 1380.114, "Unique SQL Id": 2804875951}}, "(64, '39')": {"explain_plan": {"Plan": {"Node Type": "Aggregate", "Strategy": "Plain", "Startup Cost": 3739.07, "Total Cost": 3739.08, "Plan Rows": 1, "Plan Width": 49, "Plans": [{"Node Type": "Nested Loop", "Parent Relationship": "Outer", "Join Type": "Inner", "Startup Cost": 724.4, "Total Cost": 3739.06, "Plan Rows": 2, "Plan Width": 17, "Inner Unique": true, "Join Filter": "(mc.movie_id = t.id)", "Plans": [{"Node Type": "Nested Loop", "Parent Relationship": "Outer", "Join Type": "Inner", "Startup Cost": 724.13, "Total Cost": 3730.48, "Plan Rows": 2, "Plan Width": 8, "Inner Unique": true, "Plans": [{"Node Type": "Nested Loop", "Parent Relationship": "Outer", "Join Type": "Inner", "Startup Cost": 723.87, "Total Cost": 3430.65, "Plan Rows": 70, "Plan Width": 12, "Inner Unique": false, "Plans": [{"Node Type": "Nested Loop", "Parent Relationship": "Outer", "Join Type": "Inner", "Startup Cost": 723.6, "Total Cost": 3288.12, "Plan Rows": 33, "Plan Width": 4, "Inner Unique": false, "Plans": [{"Node Type": "Bitmap Heap Scan", "Parent Relationship": "Outer", "Relation Name": "keyword", "Alias": "k", "Startup Cost": 719.1, "Total Cost": 3155.21, "Plan Rows": 1, "Plan Width": 4, "Filter": "((keyword)::text = 'character-name-in-title'::text)", "Plans": [{"Node Type": "Bitmap Index Scan", "Parent Relationship": "Outer", "Index Name": "keyword_pkey", "Startup Cost": 0.0, "Total Cost": 719.1, "Plan Rows": 134169, "Plan Width": 0}]}, {"Node Type": "Bitmap Heap Scan", "Parent Relationship": "Inner", "Relation Name": "movie_keyword", "Alias": "mk", "Startup Cost": 4.51, "Total Cost": 132.58, "Plan Rows": 33, "Plan Width": 8, "Recheck Cond": "(keyword_id = k.id)", "Plans": [{"Node Type": "Bitmap Index Scan", "Parent Relationship": "Outer", "Index Name": "keyword_id_movie_keyword", "Startup Cost": 0.0, "Total Cost": 4.5, "Plan Rows": 33, "Plan Width": 0, "Index Cond": "(keyword_id = k.id)"}]}]}, {"Node Type": "Bitmap Heap Scan", "Parent Relationship": "Inner", "Relation Name": "movie_companies", "Alias": "mc", "Startup Cost": 0.27, "Total Cost": 4.3, "Plan Rows": 2, "Plan Width": 8, "Recheck Cond": "(movie_id = mk.movie_id)", "Plans": [{"Node Type": "Bitmap Index Scan", "Parent Relationship": "Outer", "Index Name": "movie_id_movie_companies", "Startup Cost": 0.0, "Total Cost": 0.27, "Plan Rows": 2, "Plan Width": 0, "Index Cond": "(movie_id = mk.movie_id)"}]}]}, {"Node Type": "Bitmap Heap Scan", "Parent Relationship": "Inner", "Relation Name": "company_name", "Alias": "cn", "Startup Cost": 0.26, "Total Cost": 4.27, "Plan Rows": 1, "Plan Width": 4, "Recheck Cond": "(id = mc.company_id)", "Filter": "((country_code)::text = '[nl]'::text)", "Plans": [{"Node Type": "Bitmap Index Scan", "Parent Relationship": "Outer", "Index Name": "company_name_pkey", "Startup Cost": 0.0, "Total Cost": 0.26, "Plan Rows": 1, "Plan Width": 0, "Index Cond": "(id = mc.company_id)"}]}]}, {"Node Type": "Bitmap Heap Scan", "Parent Relationship": "Inner", "Relation Name": "title", "Alias": "t", "Startup Cost": 0.27, "Total Cost": 4.28, "Plan Rows": 1, "Plan Width": 21, "Recheck Cond": "(id = mk.movie_id)", "Plans": [{"Node Type": "Bitmap Index Scan", "Parent Relationship": "Outer", "Index Name": "title_pkey", "Startup Cost": 0.0, "Total Cost": 0.27, "Plan Rows": 1, "Plan Width": 0, "Index Cond": "(id = mk.movie_id)"}]}]}]}, "Unique SQL Id": 2804875951, "Planner Runtime": 4}, "explain_analyze_plan": {"Plan": {"Node Type": "Aggregate", "Strategy": "Plain", "Startup Cost": 3739.07, "Total Cost": 3739.08, "Plan Rows": 1, "Plan Width": 49, "Actual Startup Time": 1403.708, "Actual Total Time": 1403.709, "Actual Rows": 1, "Actual Loops": 1, "Plans": [{"Node Type": "Nested Loop", "Parent Relationship": "Outer", "Join Type": "Inner", "Startup Cost": 724.4, "Total Cost": 3739.06, "Plan Rows": 2, "Plan Width": 17, "Actual Startup Time": 25.933, "Actual Total Time": 1398.814, "Actual Rows": 5228, "Actual Loops": 1, "Inner Unique": true, "Join Filter": "(mc.movie_id = t.id)", "Rows Removed by Join Filter": 0, "Plans": [{"Node Type": "Nested Loop", "Parent Relationship": "Outer", "Join Type": "Inner", "Startup Cost": 724.13, "Total Cost": 3730.48, "Plan Rows": 2, "Plan Width": 8, "Actual Startup Time": 25.914, "Actual Total Time": 1361.007, "Actual Rows": 5228, "Actual Loops": 1, "Inner Unique": true, "Plans": [{"Node Type": "Nested Loop", "Parent Relationship": "Outer", "Join Type": "Inner", "Startup Cost": 723.87, "Total Cost": 3430.65, "Plan Rows": 70, "Plan Width": 12, "Actual Startup Time": 21.809, "Actual Total Time": 500.96, "Actual Rows": 148552, "Actual Loops": 1, "Inner Unique": false, "Plans": [{"Node Type": "Nested Loop", "Parent Relationship": "Outer", "Join Type": "Inner", "Startup Cost": 723.6, "Total Cost": 3288.12, "Plan Rows": 33, "Plan Width": 4, "Actual Startup Time": 21.768, "Actual Total Time": 121.31, "Actual Rows": 41840, "Actual Loops": 1, "Inner Unique": false, "Plans": [{"Node Type": "Bitmap Heap Scan", "Parent Relationship": "Outer", "Relation Name": "keyword", "Alias": "k", "Startup Cost": 719.1, "Total Cost": 3155.21, "Plan Rows": 1, "Plan Width": 4, "Actual Startup Time": 14.099, "Actual Total Time": 67.292, "Actual Rows": 1, "Actual Loops": 1, "Filter": "((keyword)::text = 'character-name-in-title'::text)", "Rows Removed by Filter": 134168, "Exact Heap Blocks": 759, "Lossy Heap Blocks": 759, "Plans": [{"Node Type": "Bitmap Index Scan", "Parent Relationship": "Outer", "Index Name": "keyword_pkey", "Startup Cost": 0.0, "Total Cost": 719.1, "Plan Rows": 134169, "Plan Width": 0, "Actual Startup Time": 11.779, "Actual Total Time": 11.779, "Actual Rows": 134169, "Actual Loops": 1}]}, {"Node Type": "Bitmap Heap Scan", "Parent Relationship": "Inner", "Relation Name": "movie_keyword", "Alias": "mk", "Startup Cost": 4.51, "Total Cost": 132.58, "Plan Rows": 33, "Plan Width": 8, "Actual Startup Time": 7.658, "Actual Total Time": 44.762, "Actual Rows": 41840, "Actual Loops": 1, "Recheck Cond": "(keyword_id = k.id)", "Rows Removed by Index Recheck": 0, "Exact Heap Blocks": 9702, "Lossy Heap Blocks": 9702, "Plans": [{"Node Type": "Bitmap Index Scan", "Parent Relationship": "Outer", "Index Name": "keyword_id_movie_keyword", "Startup Cost": 0.0, "Total Cost": 4.5, "Plan Rows": 33, "Plan Width": 0, "Actual Startup Time": 5.929, "Actual Total Time": 5.929, "Actual Rows": 41840, "Actual Loops": 1, "Index Cond": "(keyword_id = k.id)"}]}]}, {"Node Type": "Bitmap Heap Scan", "Parent Relationship": "Inner", "Relation Name": "movie_companies", "Alias": "mc", "Startup Cost": 0.27, "Total Cost": 4.3, "Plan Rows": 2, "Plan Width": 8, "Actual Startup Time": 239.943, "Actual Total Time": 294.096, "Actual Rows": 148552, "Actual Loops": 41840, "Recheck Cond": "(movie_id = mk.movie_id)", "Rows Removed by Index Recheck": 0, "Exact Heap Blocks": 62638, "Lossy Heap Blocks": 62638, "Plans": [{"Node Type": "Bitmap Index Scan", "Parent Relationship": "Outer", "Index Name": "movie_id_movie_companies", "Startup Cost": 0.0, "Total Cost": 0.27, "Plan Rows": 2, "Plan Width": 0, "Actual Startup Time": 149.366, "Actual Total Time": 149.366, "Actual Rows": 148552, "Actual Loops": 41840, "Index Cond": "(movie_id = mk.movie_id)"}]}]}, {"Node Type": "Bitmap Heap Scan", "Parent Relationship": "Inner", "Relation Name": "company_name", "Alias": "cn", "Startup Cost": 0.26, "Total Cost": 4.27, "Plan Rows": 1, "Plan Width": 4, "Actual Startup Time": 691.231, "Actual Total Time": 691.231, "Actual Rows": 5228, "Actual Loops": 148552, "Recheck Cond": "(id = mc.company_id)", "Rows Removed by Index Recheck": 0, "Filter": "((country_code)::text = '[nl]'::text)", "Rows Removed by Filter": 143324, "Exact Heap Blocks": 148552, "Lossy Heap Blocks": 148552, "Plans": [{"Node Type": "Bitmap Index Scan", "Parent Relationship": "Outer", "Index Name": "company_name_pkey", "Startup Cost": 0.0, "Total Cost": 0.26, "Plan Rows": 1, "Plan Width": 0, "Actual Startup Time": 387.407, "Actual Total Time": 387.407, "Actual Rows": 148552, "Actual Loops": 148552, "Index Cond": "(id = mc.company_id)"}]}]}, {"Node Type": "Bitmap Heap Scan", "Parent Relationship": "Inner", "Relation Name": "title", "Alias": "t", "Startup Cost": 0.27, "Total Cost": 4.28, "Plan Rows": 1, "Plan Width": 21, "Actual Startup Time": 27.84, "Actual Total Time": 27.84, "Actual Rows": 5228, "Actual Loops": 5228, "Recheck Cond": "(id = mk.movie_id)", "Rows Removed by Index Recheck": 0, "Exact Heap Blocks": 5228, "Lossy Heap Blocks": 5228, "Plans": [{"Node Type": "Bitmap Index Scan", "Parent Relationship": "Outer", "Index Name": "title_pkey", "Startup Cost": 0.0, "Total Cost": 0.27, "Plan Rows": 1, "Plan Width": 0, "Actual Startup Time": 16.25, "Actual Total Time": 16.25, "Actual Rows": 5228, "Actual Loops": 5228, "Index Cond": "(id = mk.movie_id)"}]}]}]}, "Triggers": [], "Planner Runtime": 9.206, "Total Runtime": 1404.134, "Unique SQL Id": 2804875951}}, "(64, '40')": {"explain_plan": {"Plan": {"Node Type": "Aggregate", "Strategy": "Plain", "Startup Cost": 2605.07, "Total Cost": 2605.08, "Plan Rows": 1, "Plan Width": 49, "Plans": [{"Node Type": "Nested Loop", "Parent Relationship": "Outer", "Join Type": "Inner", "Startup Cost": 0.0, "Total Cost": 2605.07, "Plan Rows": 2, "Plan Width": 17, "Inner Unique": true, "Join Filter": "(mc.movie_id = t.id)", "Plans": [{"Node Type": "Nested Loop", "Parent Relationship": "Outer", "Join Type": "Inner", "Startup Cost": 0.0, "Total Cost": 2604.42, "Plan Rows": 2, "Plan Width": 8, "Inner Unique": true, "Plans": [{"Node Type": "Nested Loop", "Parent Relationship": "Outer", "Join Type": "Inner", "Startup Cost": 0.0, "Total Cost": 2584.29, "Plan Rows": 70, "Plan Width": 12, "Inner Unique": false, "Plans": [{"Node Type": "Nested Loop", "Parent Relationship": "Outer", "Join Type": "Inner", "Startup Cost": 0.0, "Total Cost": 2573.32, "Plan Rows": 33, "Plan Width": 4, "Inner Unique": false, "Plans": [{"Node Type": "Seq Scan", "Parent Relationship": "Outer", "Relation Name": "keyword", "Alias": "k", "Startup Cost": 0.0, "Total Cost": 2436.11, "Plan Rows": 1, "Plan Width": 4, "Filter": "((keyword)::text = 'character-name-in-title'::text)"}, {"Node Type": "Index Scan", "Parent Relationship": "Inner", "Scan Direction": "Forward", "Index Name": "keyword_id_movie_keyword", "Relation Name": "movie_keyword", "Alias": "mk", "Startup Cost": 0.0, "Total Cost": 136.88, "Plan Rows": 33, "Plan Width": 8, "Index Cond": "(keyword_id = k.id)"}]}, {"Node Type": "Index Scan", "Parent Relationship": "Inner", "Scan Direction": "Forward", "Index Name": "movie_id_movie_companies", "Relation Name": "movie_companies", "Alias": "mc", "Startup Cost": 0.0, "Total Cost": 0.31, "Plan Rows": 2, "Plan Width": 8, "Index Cond": "(movie_id = mk.movie_id)"}]}, {"Node Type": "Index Scan", "Parent Relationship": "Inner", "Scan Direction": "Forward", "Index Name": "company_name_pkey", "Relation Name": "company_name", "Alias": "cn", "Startup Cost": 0.0, "Total Cost": 0.28, "Plan Rows": 1, "Plan Width": 4, "Index Cond": "(id = mc.company_id)", "Filter": "((country_code)::text = '[nl]'::text)"}]}, {"Node Type": "Index Scan", "Parent Relationship": "Inner", "Scan Direction": "Forward", "Index Name": "title_pkey", "Relation Name": "title", "Alias": "t", "Startup Cost": 0.0, "Total Cost": 0.31, "Plan Rows": 1, "Plan Width": 21, "Index Cond": "(id = mk.movie_id)"}]}]}, "Unique SQL Id": 2804875951, "Planner Runtime": 3}, "explain_analyze_plan": {"Plan": {"Node Type": "Aggregate", "Strategy": "Plain", "Startup Cost": 2605.07, "Total Cost": 2605.08, "Plan Rows": 1, "Plan Width": 49, "Actual Startup Time": 1012.388, "Actual Total Time": 1012.388, "Actual Rows": 1, "Actual Loops": 1, "Plans": [{"Node Type": "Nested Loop", "Parent Relationship": "Outer", "Join Type": "Inner", "Startup Cost": 0.0, "Total Cost": 2605.07, "Plan Rows": 2, "Plan Width": 17, "Actual Startup Time": 5.012, "Actual Total Time": 1009.079, "Actual Rows": 5228, "Actual Loops": 1, "Inner Unique": true, "Join Filter": "(mc.movie_id = t.id)", "Rows Removed by Join Filter": 0, "Plans": [{"Node Type": "Nested Loop", "Parent Relationship": "Outer", "Join Type": "Inner", "Startup Cost": 0.0, "Total Cost": 2604.42, "Plan Rows": 2, "Plan Width": 8, "Actual Startup Time": 4.995, "Actual Total Time": 981.958, "Actual Rows": 5228, "Actual Loops": 1, "Inner Unique": true, "Plans": [{"Node Type": "Nested Loop", "Parent Relationship": "Outer", "Join Type": "Inner", "Startup Cost": 0.0, "Total Cost": 2584.29, "Plan Rows": 70, "Plan Width": 12, "Actual Startup Time": 1.847, "Actual Total Time": 360.079, "Actual Rows": 148552, "Actual Loops": 1, "Inner Unique": false, "Plans": [{"Node Type": "Nested Loop", "Parent Relationship": "Outer", "Join Type": "Inner", "Startup Cost": 0.0, "Total Cost": 2573.32, "Plan Rows": 33, "Plan Width": 4, "Actual Startup Time": 1.828, "Actual Total Time": 88.983, "Actual Rows": 41840, "Actual Loops": 1, "Inner Unique": false, "Plans": [{"Node Type": "Seq Scan", "Parent Relationship": "Outer", "Relation Name": "keyword", "Alias": "k", "Startup Cost": 0.0, "Total Cost": 2436.11, "Plan Rows": 1, "Plan Width": 4, "Actual Startup Time": 1.8, "Actual Total Time": 41.022, "Actual Rows": 1, "Actual Loops": 1, "Filter": "((keyword)::text = 'character-name-in-title'::text)", "Rows Removed by Filter": 134168}, {"Node Type": "Index Scan", "Parent Relationship": "Inner", "Scan Direction": "Forward", "Index Name": "keyword_id_movie_keyword", "Relation Name": "movie_keyword", "Alias": "mk", "Startup Cost": 0.0, "Total Cost": 136.88, "Plan Rows": 33, "Plan Width": 8, "Actual Startup Time": 0.023, "Actual Total Time": 38.639, "Actual Rows": 41840, "Actual Loops": 1, "Index Cond": "(keyword_id = k.id)", "Rows Removed by Index Recheck": 0}]}, {"Node Type": "Index Scan", "Parent Relationship": "Inner", "Scan Direction": "Forward", "Index Name": "movie_id_movie_companies", "Relation Name": "movie_companies", "Alias": "mc", "Startup Cost": 0.0, "Total Cost": 0.31, "Plan Rows": 2, "Plan Width": 8, "Actual Startup Time": 143.596, "Actual Total Time": 214.856, "Actual Rows": 148552, "Actual Loops": 41840, "Index Cond": "(movie_id = mk.movie_id)", "Rows Removed by Index Recheck": 0}]}, {"Node Type": "Index Scan", "Parent Relationship": "Inner", "Scan Direction": "Forward", "Index Name": "company_name_pkey", "Relation Name": "company_name", "Alias": "cn", "Startup Cost": 0.0, "Total Cost": 0.28, "Plan Rows": 1, "Plan Width": 4, "Actual Startup Time": 549.432, "Actual Total Time": 549.432, "Actual Rows": 5228, "Actual Loops": 148552, "Index Cond": "(id = mc.company_id)", "Rows Removed by Index Recheck": 0, "Filter": "((country_code)::text = '[nl]'::text)", "Rows Removed by Filter": 143324}]}, {"Node Type": "Index Scan", "Parent Relationship": "Inner", "Scan Direction": "Forward", "Index Name": "title_pkey", "Relation Name": "title", "Alias": "t", "Startup Cost": 0.0, "Total Cost": 0.31, "Plan Rows": 1, "Plan Width": 21, "Actual Startup Time": 21.388, "Actual Total Time": 21.388, "Actual Rows": 5228, "Actual Loops": 5228, "Index Cond": "(id = mk.movie_id)", "Rows Removed by Index Recheck": 0}]}]}, "Triggers": [], "Planner Runtime": 9.715, "Total Runtime": 1012.617, "Unique SQL Id": 2804875951}}, "(64, '41')": {"explain_plan": {"Plan": {"Node Type": "Aggregate", "Strategy": "Plain", "Startup Cost": 3351.67, "Total Cost": 3351.68, "Plan Rows": 1, "Plan Width": 49, "Plans": [{"Node Type": "Nested Loop", "Parent Relationship": "Outer", "Join Type": "Inner", "Startup Cost": 0.0, "Total Cost": 3351.67, "Plan Rows": 2, "Plan Width": 17, "Inner Unique": true, "Join Filter": "(mc.movie_id = t.id)", "Plans": [{"Node Type": "Nested Loop", "Parent Relationship": "Outer", "Join Type": "Inner", "Startup Cost": 0.0, "Total Cost": 3351.03, "Plan Rows": 2, "Plan Width": 8, "Inner Unique": true, "Plans": [{"Node Type": "Nested Loop", "Parent Relationship": "Outer", "Join Type": "Inner", "Startup Cost": 0.0, "Total Cost": 3330.89, "Plan Rows": 70, "Plan Width": 12, "Inner Unique": false, "Plans": [{"Node Type": "Nested Loop", "Parent Relationship": "Outer", "Join Type": "Inner", "Startup Cost": 0.0, "Total Cost": 3319.92, "Plan Rows": 33, "Plan Width": 4, "Inner Unique": false, "Plans": [{"Node Type": "Index Scan", "Parent Relationship": "Outer", "Scan Direction": "Forward", "Index Name": "keyword_pkey", "Relation Name": "keyword", "Alias": "k", "Startup Cost": 0.0, "Total Cost": 3182.72, "Plan Rows": 1, "Plan Width": 4, "Filter": "((keyword)::text = 'character-name-in-title'::text)"}, {"Node Type": "Index Scan", "Parent Relationship": "Inner", "Scan Direction": "Forward", "Index Name": "keyword_id_movie_keyword", "Relation Name": "movie_keyword", "Alias": "mk", "Startup Cost": 0.0, "Total Cost": 136.88, "Plan Rows": 33, "Plan Width": 8, "Index Cond": "(keyword_id = k.id)"}]}, {"Node Type": "Index Scan", "Parent Relationship": "Inner", "Scan Direction": "Forward", "Index Name": "movie_id_movie_companies", "Relation Name": "movie_companies", "Alias": "mc", "Startup Cost": 0.0, "Total Cost": 0.31, "Plan Rows": 2, "Plan Width": 8, "Index Cond": "(movie_id = mk.movie_id)"}]}, {"Node Type": "Index Scan", "Parent Relationship": "Inner", "Scan Direction": "Forward", "Index Name": "company_name_pkey", "Relation Name": "company_name", "Alias": "cn", "Startup Cost": 0.0, "Total Cost": 0.28, "Plan Rows": 1, "Plan Width": 4, "Index Cond": "(id = mc.company_id)", "Filter": "((country_code)::text = '[nl]'::text)"}]}, {"Node Type": "Index Scan", "Parent Relationship": "Inner", "Scan Direction": "Forward", "Index Name": "title_pkey", "Relation Name": "title", "Alias": "t", "Startup Cost": 0.0, "Total Cost": 0.31, "Plan Rows": 1, "Plan Width": 21, "Index Cond": "(id = mk.movie_id)"}]}]}, "Unique SQL Id": 2804875951, "Planner Runtime": 3}, "explain_analyze_plan": {"Plan": {"Node Type": "Aggregate", "Strategy": "Plain", "Startup Cost": 3351.67, "Total Cost": 3351.68, "Plan Rows": 1, "Plan Width": 49, "Actual Startup Time": 1116.77, "Actual Total Time": 1116.771, "Actual Rows": 1, "Actual Loops": 1, "Plans": [{"Node Type": "Nested Loop", "Parent Relationship": "Outer", "Join Type": "Inner", "Startup Cost": 0.0, "Total Cost": 3351.67, "Plan Rows": 2, "Plan Width": 17, "Actual Startup Time": 3.238, "Actual Total Time": 1113.589, "Actual Rows": 5228, "Actual Loops": 1, "Inner Unique": true, "Join Filter": "(mc.movie_id = t.id)", "Rows Removed by Join Filter": 0, "Plans": [{"Node Type": "Nested Loop", "Parent Relationship": "Outer", "Join Type": "Inner", "Startup Cost": 0.0, "Total Cost": 3351.03, "Plan Rows": 2, "Plan Width": 8, "Actual Startup Time": 3.224, "Actual Total Time": 1085.006, "Actual Rows": 5228, "Actual Loops": 1, "Inner Unique": true, "Plans": [{"Node Type": "Nested Loop", "Parent Relationship": "Outer", "Join Type": "Inner", "Startup Cost": 0.0, "Total Cost": 3330.89, "Plan Rows": 70, "Plan Width": 12, "Actual Startup Time": 0.233, "Actual Total Time": 449.234, "Actual Rows": 148552, "Actual Loops": 1, "Inner Unique": false, "Plans": [{"Node Type": "Nested Loop", "Parent Relationship": "Outer", "Join Type": "Inner", "Startup Cost": 0.0, "Total Cost": 3319.92, "Plan Rows": 33, "Plan Width": 4, "Actual Startup Time": 0.215, "Actual Total Time": 166.059, "Actual Rows": 41840, "Actual Loops": 1, "Inner Unique": false, "Plans": [{"Node Type": "Index Scan", "Parent Relationship": "Outer", "Scan Direction": "Forward", "Index Name": "keyword_pkey", "Relation Name": "keyword", "Alias": "k", "Startup Cost": 0.0, "Total Cost": 3182.72, "Plan Rows": 1, "Plan Width": 4, "Actual Startup Time": 0.194, "Actual Total Time": 113.965, "Actual Rows": 1, "Actual Loops": 1, "Filter": "((keyword)::text = 'character-name-in-title'::text)", "Rows Removed by Filter": 134168}, {"Node Type": "Index Scan", "Parent Relationship": "Inner", "Scan Direction": "Forward", "Index Name": "keyword_id_movie_keyword", "Relation Name": "movie_keyword", "Alias": "mk", "Startup Cost": 0.0, "Total Cost": 136.88, "Plan Rows": 33, "Plan Width": 8, "Actual Startup Time": 0.017, "Actual Total Time": 42.534, "Actual Rows": 41840, "Actual Loops": 1, "Index Cond": "(keyword_id = k.id)", "Rows Removed by Index Recheck": 0}]}, {"Node Type": "Index Scan", "Parent Relationship": "Inner", "Scan Direction": "Forward", "Index Name": "movie_id_movie_companies", "Relation Name": "movie_companies", "Alias": "mc", "Startup Cost": 0.0, "Total Cost": 0.31, "Plan Rows": 2, "Plan Width": 8, "Actual Startup Time": 152.025, "Actual Total Time": 226.956, "Actual Rows": 148552, "Actual Loops": 41840, "Index Cond": "(movie_id = mk.movie_id)", "Rows Removed by Index Recheck": 0}]}, {"Node Type": "Index Scan", "Parent Relationship": "Inner", "Scan Direction": "Forward", "Index Name": "company_name_pkey", "Relation Name": "company_name", "Alias": "cn", "Startup Cost": 0.0, "Total Cost": 0.28, "Plan Rows": 1, "Plan Width": 4, "Actual Startup Time": 563.165, "Actual Total Time": 563.165, "Actual Rows": 5228, "Actual Loops": 148552, "Index Cond": "(id = mc.company_id)", "Rows Removed by Index Recheck": 0, "Filter": "((country_code)::text = '[nl]'::text)", "Rows Removed by Filter": 143324}]}, {"Node Type": "Index Scan", "Parent Relationship": "Inner", "Scan Direction": "Forward", "Index Name": "title_pkey", "Relation Name": "title", "Alias": "t", "Startup Cost": 0.0, "Total Cost": 0.31, "Plan Rows": 1, "Plan Width": 21, "Actual Startup Time": 22.945, "Actual Total Time": 22.945, "Actual Rows": 5228, "Actual Loops": 5228, "Index Cond": "(id = mk.movie_id)", "Rows Removed by Index Recheck": 0}]}]}, "Triggers": [], "Planner Runtime": 9.86, "Total Runtime": 1117.024, "Unique SQL Id": 2804875951}}, "(64, '42')": {"explain_plan": {"Plan": {"Node Type": "Aggregate", "Strategy": "Plain", "Startup Cost": 203302.73, "Total Cost": 203302.74, "Plan Rows": 1, "Plan Width": 49, "Plans": [{"Node Type": "Hash Join", "Parent Relationship": "Outer", "Join Type": "Inner", "Startup Cost": 133750.79, "Total Cost": 203302.73, "Plan Rows": 2, "Plan Width": 17, "Inner Unique": true, "Hash Cond": "(mc.company_id = cn.id)", "Plans": [{"Node Type": "Hash Join", "Parent Relationship": "Outer", "Join Type": "Inner", "Startup Cost": 127819.34, "Total Cost": 197370.32, "Plan Rows": 70, "Plan Width": 21, "Inner Unique": false, "Hash Cond": "(t.id = mc.movie_id)", "Plans": [{"Node Type": "Seq Scan", "Parent Relationship": "Outer", "Relation Name": "title", "Alias": "t", "Startup Cost": 0.0, "Total Cost": 60069.11, "Plan Rows": 2528311, "Plan Width": 21}, {"Node Type": "Hash", "Parent Relationship": "Inner", "Startup Cost": 127818.46, "Total Cost": 127818.46, "Plan Rows": 70, "Plan Width": 12, "Plans": [{"Node Type": "Hash Join", "Parent Relationship": "Outer", "Join Type": "Inner", "Startup Cost": 76216.26, "Total Cost": 127818.46, "Plan Rows": 70, "Plan Width": 12, "Inner Unique": false, "Hash Cond": "(mc.movie_id = mk.movie_id)", "Plans": [{"Node Type": "Seq Scan", "Parent Relationship": "Outer", "Relation Name": "movie_companies", "Alias": "mc", "Startup Cost": 0.0, "Total Cost": 41817.28, "Plan Rows": 2609128, "Plan Width": 8}, {"Node Type": "Hash", "Parent Relationship": "Inner", "Startup Cost": 76215.84, "Total Cost": 76215.84, "Plan Rows": 33, "Plan Width": 4, "Plans": [{"Node Type": "Hash Join", "Parent Relationship": "Outer", "Join Type": "Inner", "Startup Cost": 2436.12, "Total Cost": 76215.84, "Plan Rows": 33, "Plan Width": 4, "Inner Unique": true, "Hash Cond": "(mk.keyword_id = k.id)", "Plans": [{"Node Type": "Seq Scan", "Parent Relationship": "Outer", "Relation Name": "movie_keyword", "Alias": "mk", "Startup Cost": 0.0, "Total Cost": 62441.29, "Plan Rows": 4523929, "Plan Width": 8}, {"Node Type": "Hash", "Parent Relationship": "Inner", "Startup Cost": 2436.11, "Total Cost": 2436.11, "Plan Rows": 1, "Plan Width": 4, "Plans": [{"Node Type": "Seq Scan", "Parent Relationship": "Outer", "Relation Name": "keyword", "Alias": "k", "Startup Cost": 0.0, "Total Cost": 2436.11, "Plan Rows": 1, "Plan Width": 4, "Filter": "((keyword)::text = 'character-name-in-title'::text)"}]}]}]}]}]}]}, {"Node Type": "Hash", "Parent Relationship": "Inner", "Startup Cost": 5903.45, "Total Cost": 5903.45, "Plan Rows": 2240, "Plan Width": 4, "Plans": [{"Node Type": "Seq Scan", "Parent Relationship": "Outer", "Relation Name": "company_name", "Alias": "cn", "Startup Cost": 0.0, "Total Cost": 5903.45, "Plan Rows": 2240, "Plan Width": 4, "Filter": "((country_code)::text = '[nl]'::text)"}]}]}]}, "Unique SQL Id": 2804875951, "Planner Runtime": 7}, "explain_analyze_plan": null}, "(64, '43')": {"explain_plan": {"Plan": {"Node Type": "Aggregate", "Strategy": "Plain", "Startup Cost": 5000041492550.78, "Total Cost": 5000041492550.79, "Plan Rows": 1, "Plan Width": 49, "Plans": [{"Node Type": "Nested Loop", "Parent Relationship": "Outer", "Join Type": "Inner", "Startup Cost": 50000000000.0, "Total Cost": 5000041492550.77, "Plan Rows": 2, "Plan Width": 17, "Inner Unique": false, "Join Filter": "(mc.movie_id = t.id)", "Plans": [{"Node Type": "Index Scan", "Parent Relationship": "Outer", "Scan Direction": "Forward", "Index Name": "title_pkey", "Relation Name": "title", "Alias": "t", "Startup Cost": 10000000000.0, "Total Cost": 1000011012048.91, "Plan Rows": 2528311, "Plan Width": 21}, {"Node Type": "Materialize", "Parent Relationship": "Inner", "Startup Cost": 40000000000.0, "Total Cost": 4000030404652.53, "Plan Rows": 2, "Plan Width": 8, "Plans": [{"Node Type": "Nested Loop", "Parent Relationship": "Outer", "Join Type": "Inner", "Startup Cost": 40000000000.0, "Total Cost": 4000030404652.52, "Plan Rows": 2, "Plan Width": 8, "Inner Unique": true, "Join Filter": "(mc.company_id = cn.id)", "Plans": [{"Node Type": "Nested Loop", "Parent Relationship": "Outer", "Join Type": "Inner", "Startup Cost": 30000000000.0, "Total Cost": 3000029352155.95, "Plan Rows": 70, "Plan Width": 12, "Inner Unique": false, "Join Filter": "(mk.movie_id = mc.movie_id)", "Plans": [{"Node Type": "Nested Loop", "Parent Relationship": "Outer", "Join Type": "Inner", "Startup Cost": 20000000000.0, "Total Cost": 2000015686764.79, "Plan Rows": 33, "Plan Width": 4, "Inner Unique": true, "Join Filter": "(k.id = mk.keyword_id)", "Plans": [{"Node Type": "Index Scan", "Parent Relationship": "Outer", "Scan Direction": "Forward", "Index Name": "movie_id_movie_keyword", "Relation Name": "movie_keyword", "Alias": "mk", "Startup Cost": 10000000000.0, "Total Cost": 1000015300634.17, "Plan Rows": 4523929, "Plan Width": 8}, {"Node Type": "Materialize", "Parent Relationship": "Inner", "Startup Cost": 10000000000.0, "Total Cost": 1000000318271.69, "Plan Rows": 1, "Plan Width": 4, "Plans": [{"Node Type": "Index Scan", "Parent Relationship": "Outer", "Scan Direction": "Forward", "Index Name": "keyword_pkey", "Relation Name": "keyword", "Alias": "k", "Startup Cost": 10000000000.0, "Total Cost": 1000000318271.68, "Plan Rows": 1, "Plan Width": 4, "Filter": "((keyword)::text = 'character-name-in-title'::text)"}]}]}, {"Node Type": "Materialize", "Parent Relationship": "Inner", "Startup Cost": 10000000000.0, "Total Cost": 1000012380395.62, "Plan Rows": 2609128, "Plan Width": 8, "Plans": [{"Node Type": "Index Scan", "Parent Relationship": "Outer", "Scan Direction": "Forward", "Index Name": "company_id_movie_companies", "Relation Name": "movie_companies", "Alias": "mc", "Startup Cost": 10000000000.0, "Total Cost": 1000012367349.98, "Plan Rows": 2609128, "Plan Width": 8}]}]}, {"Node Type": "Materialize", "Parent Relationship": "Inner", "Startup Cost": 10000000000.0, "Total Cost": 1000001050150.17, "Plan Rows": 2240, "Plan Width": 4, "Plans": [{"Node Type": "Index Scan", "Parent Relationship": "Outer", "Scan Direction": "Forward", "Index Name": "company_name_pkey", "Relation Name": "company_name", "Alias": "cn", "Startup Cost": 10000000000.0, "Total Cost": 1000001050138.97, "Plan Rows": 2240, "Plan Width": 4, "Filter": "((country_code)::text = '[nl]'::text)"}]}]}]}]}]}, "Unique SQL Id": 2804875951, "Planner Runtime": 7}, "explain_analyze_plan": null}, "(64, '44')": {"explain_plan": {"Plan": {"Node Type": "Aggregate", "Strategy": "Plain", "Startup Cost": 2605.07, "Total Cost": 2605.08, "Plan Rows": 1, "Plan Width": 49, "Plans": [{"Node Type": "Nested Loop", "Parent Relationship": "Outer", "Join Type": "Inner", "Startup Cost": 0.0, "Total Cost": 2605.07, "Plan Rows": 2, "Plan Width": 17, "Inner Unique": true, "Join Filter": "(mc.movie_id = t.id)", "Plans": [{"Node Type": "Nested Loop", "Parent Relationship": "Outer", "Join Type": "Inner", "Startup Cost": 0.0, "Total Cost": 2604.42, "Plan Rows": 2, "Plan Width": 8, "Inner Unique": true, "Plans": [{"Node Type": "Nested Loop", "Parent Relationship": "Outer", "Join Type": "Inner", "Startup Cost": 0.0, "Total Cost": 2584.29, "Plan Rows": 70, "Plan Width": 12, "Inner Unique": false, "Plans": [{"Node Type": "Nested Loop", "Parent Relationship": "Outer", "Join Type": "Inner", "Startup Cost": 0.0, "Total Cost": 2573.32, "Plan Rows": 33, "Plan Width": 4, "Inner Unique": false, "Plans": [{"Node Type": "Seq Scan", "Parent Relationship": "Outer", "Relation Name": "keyword", "Alias": "k", "Startup Cost": 0.0, "Total Cost": 2436.11, "Plan Rows": 1, "Plan Width": 4, "Filter": "((keyword)::text = 'character-name-in-title'::text)"}, {"Node Type": "Index Scan", "Parent Relationship": "Inner", "Scan Direction": "Forward", "Index Name": "keyword_id_movie_keyword", "Relation Name": "movie_keyword", "Alias": "mk", "Startup Cost": 0.0, "Total Cost": 136.88, "Plan Rows": 33, "Plan Width": 8, "Index Cond": "(keyword_id = k.id)"}]}, {"Node Type": "Index Scan", "Parent Relationship": "Inner", "Scan Direction": "Forward", "Index Name": "movie_id_movie_companies", "Relation Name": "movie_companies", "Alias": "mc", "Startup Cost": 0.0, "Total Cost": 0.31, "Plan Rows": 2, "Plan Width": 8, "Index Cond": "(movie_id = mk.movie_id)"}]}, {"Node Type": "Index Scan", "Parent Relationship": "Inner", "Scan Direction": "Forward", "Index Name": "company_name_pkey", "Relation Name": "company_name", "Alias": "cn", "Startup Cost": 0.0, "Total Cost": 0.28, "Plan Rows": 1, "Plan Width": 4, "Index Cond": "(id = mc.company_id)", "Filter": "((country_code)::text = '[nl]'::text)"}]}, {"Node Type": "Index Scan", "Parent Relationship": "Inner", "Scan Direction": "Forward", "Index Name": "title_pkey", "Relation Name": "title", "Alias": "t", "Startup Cost": 0.0, "Total Cost": 0.31, "Plan Rows": 1, "Plan Width": 21, "Index Cond": "(id = mk.movie_id)"}]}]}, "Unique SQL Id": 2804875951, "Planner Runtime": 4}, "explain_analyze_plan": {"Plan": {"Node Type": "Aggregate", "Strategy": "Plain", "Startup Cost": 2605.07, "Total Cost": 2605.08, "Plan Rows": 1, "Plan Width": 49, "Actual Startup Time": 1012.388, "Actual Total Time": 1012.388, "Actual Rows": 1, "Actual Loops": 1, "Plans": [{"Node Type": "Nested Loop", "Parent Relationship": "Outer", "Join Type": "Inner", "Startup Cost": 0.0, "Total Cost": 2605.07, "Plan Rows": 2, "Plan Width": 17, "Actual Startup Time": 5.012, "Actual Total Time": 1009.079, "Actual Rows": 5228, "Actual Loops": 1, "Inner Unique": true, "Join Filter": "(mc.movie_id = t.id)", "Rows Removed by Join Filter": 0, "Plans": [{"Node Type": "Nested Loop", "Parent Relationship": "Outer", "Join Type": "Inner", "Startup Cost": 0.0, "Total Cost": 2604.42, "Plan Rows": 2, "Plan Width": 8, "Actual Startup Time": 4.995, "Actual Total Time": 981.958, "Actual Rows": 5228, "Actual Loops": 1, "Inner Unique": true, "Plans": [{"Node Type": "Nested Loop", "Parent Relationship": "Outer", "Join Type": "Inner", "Startup Cost": 0.0, "Total Cost": 2584.29, "Plan Rows": 70, "Plan Width": 12, "Actual Startup Time": 1.847, "Actual Total Time": 360.079, "Actual Rows": 148552, "Actual Loops": 1, "Inner Unique": false, "Plans": [{"Node Type": "Nested Loop", "Parent Relationship": "Outer", "Join Type": "Inner", "Startup Cost": 0.0, "Total Cost": 2573.32, "Plan Rows": 33, "Plan Width": 4, "Actual Startup Time": 1.828, "Actual Total Time": 88.983, "Actual Rows": 41840, "Actual Loops": 1, "Inner Unique": false, "Plans": [{"Node Type": "Seq Scan", "Parent Relationship": "Outer", "Relation Name": "keyword", "Alias": "k", "Startup Cost": 0.0, "Total Cost": 2436.11, "Plan Rows": 1, "Plan Width": 4, "Actual Startup Time": 1.8, "Actual Total Time": 41.022, "Actual Rows": 1, "Actual Loops": 1, "Filter": "((keyword)::text = 'character-name-in-title'::text)", "Rows Removed by Filter": 134168}, {"Node Type": "Index Scan", "Parent Relationship": "Inner", "Scan Direction": "Forward", "Index Name": "keyword_id_movie_keyword", "Relation Name": "movie_keyword", "Alias": "mk", "Startup Cost": 0.0, "Total Cost": 136.88, "Plan Rows": 33, "Plan Width": 8, "Actual Startup Time": 0.023, "Actual Total Time": 38.639, "Actual Rows": 41840, "Actual Loops": 1, "Index Cond": "(keyword_id = k.id)", "Rows Removed by Index Recheck": 0}]}, {"Node Type": "Index Scan", "Parent Relationship": "Inner", "Scan Direction": "Forward", "Index Name": "movie_id_movie_companies", "Relation Name": "movie_companies", "Alias": "mc", "Startup Cost": 0.0, "Total Cost": 0.31, "Plan Rows": 2, "Plan Width": 8, "Actual Startup Time": 143.596, "Actual Total Time": 214.856, "Actual Rows": 148552, "Actual Loops": 41840, "Index Cond": "(movie_id = mk.movie_id)", "Rows Removed by Index Recheck": 0}]}, {"Node Type": "Index Scan", "Parent Relationship": "Inner", "Scan Direction": "Forward", "Index Name": "company_name_pkey", "Relation Name": "company_name", "Alias": "cn", "Startup Cost": 0.0, "Total Cost": 0.28, "Plan Rows": 1, "Plan Width": 4, "Actual Startup Time": 549.432, "Actual Total Time": 549.432, "Actual Rows": 5228, "Actual Loops": 148552, "Index Cond": "(id = mc.company_id)", "Rows Removed by Index Recheck": 0, "Filter": "((country_code)::text = '[nl]'::text)", "Rows Removed by Filter": 143324}]}, {"Node Type": "Index Scan", "Parent Relationship": "Inner", "Scan Direction": "Forward", "Index Name": "title_pkey", "Relation Name": "title", "Alias": "t", "Startup Cost": 0.0, "Total Cost": 0.31, "Plan Rows": 1, "Plan Width": 21, "Actual Startup Time": 21.388, "Actual Total Time": 21.388, "Actual Rows": 5228, "Actual Loops": 5228, "Index Cond": "(id = mk.movie_id)", "Rows Removed by Index Recheck": 0}]}]}, "Triggers": [], "Planner Runtime": 9.715, "Total Runtime": 1012.617, "Unique SQL Id": 2804875951}}, "(64, '45')": {"explain_plan": {"Plan": {"Node Type": "Aggregate", "Strategy": "Plain", "Startup Cost": 3351.67, "Total Cost": 3351.68, "Plan Rows": 1, "Plan Width": 49, "Plans": [{"Node Type": "Nested Loop", "Parent Relationship": "Outer", "Join Type": "Inner", "Startup Cost": 0.0, "Total Cost": 3351.67, "Plan Rows": 2, "Plan Width": 17, "Inner Unique": true, "Join Filter": "(mc.movie_id = t.id)", "Plans": [{"Node Type": "Nested Loop", "Parent Relationship": "Outer", "Join Type": "Inner", "Startup Cost": 0.0, "Total Cost": 3351.03, "Plan Rows": 2, "Plan Width": 8, "Inner Unique": true, "Plans": [{"Node Type": "Nested Loop", "Parent Relationship": "Outer", "Join Type": "Inner", "Startup Cost": 0.0, "Total Cost": 3330.89, "Plan Rows": 70, "Plan Width": 12, "Inner Unique": false, "Plans": [{"Node Type": "Nested Loop", "Parent Relationship": "Outer", "Join Type": "Inner", "Startup Cost": 0.0, "Total Cost": 3319.92, "Plan Rows": 33, "Plan Width": 4, "Inner Unique": false, "Plans": [{"Node Type": "Index Scan", "Parent Relationship": "Outer", "Scan Direction": "Forward", "Index Name": "keyword_pkey", "Relation Name": "keyword", "Alias": "k", "Startup Cost": 0.0, "Total Cost": 3182.72, "Plan Rows": 1, "Plan Width": 4, "Filter": "((keyword)::text = 'character-name-in-title'::text)"}, {"Node Type": "Index Scan", "Parent Relationship": "Inner", "Scan Direction": "Forward", "Index Name": "keyword_id_movie_keyword", "Relation Name": "movie_keyword", "Alias": "mk", "Startup Cost": 0.0, "Total Cost": 136.88, "Plan Rows": 33, "Plan Width": 8, "Index Cond": "(keyword_id = k.id)"}]}, {"Node Type": "Index Scan", "Parent Relationship": "Inner", "Scan Direction": "Forward", "Index Name": "movie_id_movie_companies", "Relation Name": "movie_companies", "Alias": "mc", "Startup Cost": 0.0, "Total Cost": 0.31, "Plan Rows": 2, "Plan Width": 8, "Index Cond": "(movie_id = mk.movie_id)"}]}, {"Node Type": "Index Scan", "Parent Relationship": "Inner", "Scan Direction": "Forward", "Index Name": "company_name_pkey", "Relation Name": "company_name", "Alias": "cn", "Startup Cost": 0.0, "Total Cost": 0.28, "Plan Rows": 1, "Plan Width": 4, "Index Cond": "(id = mc.company_id)", "Filter": "((country_code)::text = '[nl]'::text)"}]}, {"Node Type": "Index Scan", "Parent Relationship": "Inner", "Scan Direction": "Forward", "Index Name": "title_pkey", "Relation Name": "title", "Alias": "t", "Startup Cost": 0.0, "Total Cost": 0.31, "Plan Rows": 1, "Plan Width": 21, "Index Cond": "(id = mk.movie_id)"}]}]}, "Unique SQL Id": 2804875951, "Planner Runtime": 3}, "explain_analyze_plan": {"Plan": {"Node Type": "Aggregate", "Strategy": "Plain", "Startup Cost": 3351.67, "Total Cost": 3351.68, "Plan Rows": 1, "Plan Width": 49, "Actual Startup Time": 1116.77, "Actual Total Time": 1116.771, "Actual Rows": 1, "Actual Loops": 1, "Plans": [{"Node Type": "Nested Loop", "Parent Relationship": "Outer", "Join Type": "Inner", "Startup Cost": 0.0, "Total Cost": 3351.67, "Plan Rows": 2, "Plan Width": 17, "Actual Startup Time": 3.238, "Actual Total Time": 1113.589, "Actual Rows": 5228, "Actual Loops": 1, "Inner Unique": true, "Join Filter": "(mc.movie_id = t.id)", "Rows Removed by Join Filter": 0, "Plans": [{"Node Type": "Nested Loop", "Parent Relationship": "Outer", "Join Type": "Inner", "Startup Cost": 0.0, "Total Cost": 3351.03, "Plan Rows": 2, "Plan Width": 8, "Actual Startup Time": 3.224, "Actual Total Time": 1085.006, "Actual Rows": 5228, "Actual Loops": 1, "Inner Unique": true, "Plans": [{"Node Type": "Nested Loop", "Parent Relationship": "Outer", "Join Type": "Inner", "Startup Cost": 0.0, "Total Cost": 3330.89, "Plan Rows": 70, "Plan Width": 12, "Actual Startup Time": 0.233, "Actual Total Time": 449.234, "Actual Rows": 148552, "Actual Loops": 1, "Inner Unique": false, "Plans": [{"Node Type": "Nested Loop", "Parent Relationship": "Outer", "Join Type": "Inner", "Startup Cost": 0.0, "Total Cost": 3319.92, "Plan Rows": 33, "Plan Width": 4, "Actual Startup Time": 0.215, "Actual Total Time": 166.059, "Actual Rows": 41840, "Actual Loops": 1, "Inner Unique": false, "Plans": [{"Node Type": "Index Scan", "Parent Relationship": "Outer", "Scan Direction": "Forward", "Index Name": "keyword_pkey", "Relation Name": "keyword", "Alias": "k", "Startup Cost": 0.0, "Total Cost": 3182.72, "Plan Rows": 1, "Plan Width": 4, "Actual Startup Time": 0.194, "Actual Total Time": 113.965, "Actual Rows": 1, "Actual Loops": 1, "Filter": "((keyword)::text = 'character-name-in-title'::text)", "Rows Removed by Filter": 134168}, {"Node Type": "Index Scan", "Parent Relationship": "Inner", "Scan Direction": "Forward", "Index Name": "keyword_id_movie_keyword", "Relation Name": "movie_keyword", "Alias": "mk", "Startup Cost": 0.0, "Total Cost": 136.88, "Plan Rows": 33, "Plan Width": 8, "Actual Startup Time": 0.017, "Actual Total Time": 42.534, "Actual Rows": 41840, "Actual Loops": 1, "Index Cond": "(keyword_id = k.id)", "Rows Removed by Index Recheck": 0}]}, {"Node Type": "Index Scan", "Parent Relationship": "Inner", "Scan Direction": "Forward", "Index Name": "movie_id_movie_companies", "Relation Name": "movie_companies", "Alias": "mc", "Startup Cost": 0.0, "Total Cost": 0.31, "Plan Rows": 2, "Plan Width": 8, "Actual Startup Time": 152.025, "Actual Total Time": 226.956, "Actual Rows": 148552, "Actual Loops": 41840, "Index Cond": "(movie_id = mk.movie_id)", "Rows Removed by Index Recheck": 0}]}, {"Node Type": "Index Scan", "Parent Relationship": "Inner", "Scan Direction": "Forward", "Index Name": "company_name_pkey", "Relation Name": "company_name", "Alias": "cn", "Startup Cost": 0.0, "Total Cost": 0.28, "Plan Rows": 1, "Plan Width": 4, "Actual Startup Time": 563.165, "Actual Total Time": 563.165, "Actual Rows": 5228, "Actual Loops": 148552, "Index Cond": "(id = mc.company_id)", "Rows Removed by Index Recheck": 0, "Filter": "((country_code)::text = '[nl]'::text)", "Rows Removed by Filter": 143324}]}, {"Node Type": "Index Scan", "Parent Relationship": "Inner", "Scan Direction": "Forward", "Index Name": "title_pkey", "Relation Name": "title", "Alias": "t", "Startup Cost": 0.0, "Total Cost": 0.31, "Plan Rows": 1, "Plan Width": 21, "Actual Startup Time": 22.945, "Actual Total Time": 22.945, "Actual Rows": 5228, "Actual Loops": 5228, "Index Cond": "(id = mk.movie_id)", "Rows Removed by Index Recheck": 0}]}]}, "Triggers": [], "Planner Runtime": 9.86, "Total Runtime": 1117.024, "Unique SQL Id": 2804875951}}, "(64, '46')": {"explain_plan": {"Plan": {"Node Type": "Aggregate", "Strategy": "Plain", "Startup Cost": 203302.73, "Total Cost": 203302.74, "Plan Rows": 1, "Plan Width": 49, "Plans": [{"Node Type": "Hash Join", "Parent Relationship": "Outer", "Join Type": "Inner", "Startup Cost": 133750.79, "Total Cost": 203302.73, "Plan Rows": 2, "Plan Width": 17, "Inner Unique": true, "Hash Cond": "(mc.company_id = cn.id)", "Plans": [{"Node Type": "Hash Join", "Parent Relationship": "Outer", "Join Type": "Inner", "Startup Cost": 127819.34, "Total Cost": 197370.32, "Plan Rows": 70, "Plan Width": 21, "Inner Unique": false, "Hash Cond": "(t.id = mc.movie_id)", "Plans": [{"Node Type": "Seq Scan", "Parent Relationship": "Outer", "Relation Name": "title", "Alias": "t", "Startup Cost": 0.0, "Total Cost": 60069.11, "Plan Rows": 2528311, "Plan Width": 21}, {"Node Type": "Hash", "Parent Relationship": "Inner", "Startup Cost": 127818.46, "Total Cost": 127818.46, "Plan Rows": 70, "Plan Width": 12, "Plans": [{"Node Type": "Hash Join", "Parent Relationship": "Outer", "Join Type": "Inner", "Startup Cost": 76216.26, "Total Cost": 127818.46, "Plan Rows": 70, "Plan Width": 12, "Inner Unique": false, "Hash Cond": "(mc.movie_id = mk.movie_id)", "Plans": [{"Node Type": "Seq Scan", "Parent Relationship": "Outer", "Relation Name": "movie_companies", "Alias": "mc", "Startup Cost": 0.0, "Total Cost": 41817.28, "Plan Rows": 2609128, "Plan Width": 8}, {"Node Type": "Hash", "Parent Relationship": "Inner", "Startup Cost": 76215.84, "Total Cost": 76215.84, "Plan Rows": 33, "Plan Width": 4, "Plans": [{"Node Type": "Hash Join", "Parent Relationship": "Outer", "Join Type": "Inner", "Startup Cost": 2436.12, "Total Cost": 76215.84, "Plan Rows": 33, "Plan Width": 4, "Inner Unique": true, "Hash Cond": "(mk.keyword_id = k.id)", "Plans": [{"Node Type": "Seq Scan", "Parent Relationship": "Outer", "Relation Name": "movie_keyword", "Alias": "mk", "Startup Cost": 0.0, "Total Cost": 62441.29, "Plan Rows": 4523929, "Plan Width": 8}, {"Node Type": "Hash", "Parent Relationship": "Inner", "Startup Cost": 2436.11, "Total Cost": 2436.11, "Plan Rows": 1, "Plan Width": 4, "Plans": [{"Node Type": "Seq Scan", "Parent Relationship": "Outer", "Relation Name": "keyword", "Alias": "k", "Startup Cost": 0.0, "Total Cost": 2436.11, "Plan Rows": 1, "Plan Width": 4, "Filter": "((keyword)::text = 'character-name-in-title'::text)"}]}]}]}]}]}]}, {"Node Type": "Hash", "Parent Relationship": "Inner", "Startup Cost": 5903.45, "Total Cost": 5903.45, "Plan Rows": 2240, "Plan Width": 4, "Plans": [{"Node Type": "Seq Scan", "Parent Relationship": "Outer", "Relation Name": "company_name", "Alias": "cn", "Startup Cost": 0.0, "Total Cost": 5903.45, "Plan Rows": 2240, "Plan Width": 4, "Filter": "((country_code)::text = '[nl]'::text)"}]}]}]}, "Unique SQL Id": 2804875951, "Planner Runtime": 7}, "explain_analyze_plan": null}, "(64, '47')": {"explain_plan": {"Plan": {"Node Type": "Aggregate", "Strategy": "Plain", "Startup Cost": 5000041492550.78, "Total Cost": 5000041492550.79, "Plan Rows": 1, "Plan Width": 49, "Plans": [{"Node Type": "Nested Loop", "Parent Relationship": "Outer", "Join Type": "Inner", "Startup Cost": 50000000000.0, "Total Cost": 5000041492550.77, "Plan Rows": 2, "Plan Width": 17, "Inner Unique": false, "Join Filter": "(mc.movie_id = t.id)", "Plans": [{"Node Type": "Index Scan", "Parent Relationship": "Outer", "Scan Direction": "Forward", "Index Name": "title_pkey", "Relation Name": "title", "Alias": "t", "Startup Cost": 10000000000.0, "Total Cost": 1000011012048.91, "Plan Rows": 2528311, "Plan Width": 21}, {"Node Type": "Materialize", "Parent Relationship": "Inner", "Startup Cost": 40000000000.0, "Total Cost": 4000030404652.53, "Plan Rows": 2, "Plan Width": 8, "Plans": [{"Node Type": "Nested Loop", "Parent Relationship": "Outer", "Join Type": "Inner", "Startup Cost": 40000000000.0, "Total Cost": 4000030404652.52, "Plan Rows": 2, "Plan Width": 8, "Inner Unique": true, "Join Filter": "(mc.company_id = cn.id)", "Plans": [{"Node Type": "Nested Loop", "Parent Relationship": "Outer", "Join Type": "Inner", "Startup Cost": 30000000000.0, "Total Cost": 3000029352155.95, "Plan Rows": 70, "Plan Width": 12, "Inner Unique": false, "Join Filter": "(mk.movie_id = mc.movie_id)", "Plans": [{"Node Type": "Nested Loop", "Parent Relationship": "Outer", "Join Type": "Inner", "Startup Cost": 20000000000.0, "Total Cost": 2000015686764.79, "Plan Rows": 33, "Plan Width": 4, "Inner Unique": true, "Join Filter": "(k.id = mk.keyword_id)", "Plans": [{"Node Type": "Index Scan", "Parent Relationship": "Outer", "Scan Direction": "Forward", "Index Name": "movie_id_movie_keyword", "Relation Name": "movie_keyword", "Alias": "mk", "Startup Cost": 10000000000.0, "Total Cost": 1000015300634.17, "Plan Rows": 4523929, "Plan Width": 8}, {"Node Type": "Materialize", "Parent Relationship": "Inner", "Startup Cost": 10000000000.0, "Total Cost": 1000000318271.69, "Plan Rows": 1, "Plan Width": 4, "Plans": [{"Node Type": "Index Scan", "Parent Relationship": "Outer", "Scan Direction": "Forward", "Index Name": "keyword_pkey", "Relation Name": "keyword", "Alias": "k", "Startup Cost": 10000000000.0, "Total Cost": 1000000318271.68, "Plan Rows": 1, "Plan Width": 4, "Filter": "((keyword)::text = 'character-name-in-title'::text)"}]}]}, {"Node Type": "Materialize", "Parent Relationship": "Inner", "Startup Cost": 10000000000.0, "Total Cost": 1000012380395.62, "Plan Rows": 2609128, "Plan Width": 8, "Plans": [{"Node Type": "Index Scan", "Parent Relationship": "Outer", "Scan Direction": "Forward", "Index Name": "company_id_movie_companies", "Relation Name": "movie_companies", "Alias": "mc", "Startup Cost": 10000000000.0, "Total Cost": 1000012367349.98, "Plan Rows": 2609128, "Plan Width": 8}]}]}, {"Node Type": "Materialize", "Parent Relationship": "Inner", "Startup Cost": 10000000000.0, "Total Cost": 1000001050150.17, "Plan Rows": 2240, "Plan Width": 4, "Plans": [{"Node Type": "Index Scan", "Parent Relationship": "Outer", "Scan Direction": "Forward", "Index Name": "company_name_pkey", "Relation Name": "company_name", "Alias": "cn", "Startup Cost": 10000000000.0, "Total Cost": 1000001050138.97, "Plan Rows": 2240, "Plan Width": 4, "Filter": "((country_code)::text = '[nl]'::text)"}]}]}]}]}]}, "Unique SQL Id": 2804875951, "Planner Runtime": 7}, "explain_analyze_plan": null}, "(64, '48')": {"explain_plan": {"Plan": {"Node Type": "Aggregate", "Strategy": "Plain", "Startup Cost": 2600.78, "Total Cost": 2600.79, "Plan Rows": 1, "Plan Width": 49, "Plans": [{"Node Type": "Nested Loop", "Parent Relationship": "Outer", "Join Type": "Inner", "Startup Cost": 4.51, "Total Cost": 2600.77, "Plan Rows": 2, "Plan Width": 17, "Inner Unique": true, "Join Filter": "(mc.movie_id = t.id)", "Plans": [{"Node Type": "Nested Loop", "Parent Relationship": "Outer", "Join Type": "Inner", "Startup Cost": 4.51, "Total Cost": 2600.13, "Plan Rows": 2, "Plan Width": 8, "Inner Unique": true, "Plans": [{"Node Type": "Nested Loop", "Parent Relationship": "Outer", "Join Type": "Inner", "Startup Cost": 4.51, "Total Cost": 2579.99, "Plan Rows": 70, "Plan Width": 12, "Inner Unique": false, "Plans": [{"Node Type": "Nested Loop", "Parent Relationship": "Outer", "Join Type": "Inner", "Startup Cost": 4.51, "Total Cost": 2569.02, "Plan Rows": 33, "Plan Width": 4, "Inner Unique": false, "Plans": [{"Node Type": "Seq Scan", "Parent Relationship": "Outer", "Relation Name": "keyword", "Alias": "k", "Startup Cost": 0.0, "Total Cost": 2436.11, "Plan Rows": 1, "Plan Width": 4, "Filter": "((keyword)::text = 'character-name-in-title'::text)"}, {"Node Type": "Bitmap Heap Scan", "Parent Relationship": "Inner", "Relation Name": "movie_keyword", "Alias": "mk", "Startup Cost": 4.51, "Total Cost": 132.58, "Plan Rows": 33, "Plan Width": 8, "Recheck Cond": "(keyword_id = k.id)", "Plans": [{"Node Type": "Bitmap Index Scan", "Parent Relationship": "Outer", "Index Name": "keyword_id_movie_keyword", "Startup Cost": 0.0, "Total Cost": 4.5, "Plan Rows": 33, "Plan Width": 0, "Index Cond": "(keyword_id = k.id)"}]}]}, {"Node Type": "Index Scan", "Parent Relationship": "Inner", "Scan Direction": "Forward", "Index Name": "movie_id_movie_companies", "Relation Name": "movie_companies", "Alias": "mc", "Startup Cost": 0.0, "Total Cost": 0.31, "Plan Rows": 2, "Plan Width": 8, "Index Cond": "(movie_id = mk.movie_id)"}]}, {"Node Type": "Index Scan", "Parent Relationship": "Inner", "Scan Direction": "Forward", "Index Name": "company_name_pkey", "Relation Name": "company_name", "Alias": "cn", "Startup Cost": 0.0, "Total Cost": 0.28, "Plan Rows": 1, "Plan Width": 4, "Index Cond": "(id = mc.company_id)", "Filter": "((country_code)::text = '[nl]'::text)"}]}, {"Node Type": "Index Scan", "Parent Relationship": "Inner", "Scan Direction": "Forward", "Index Name": "title_pkey", "Relation Name": "title", "Alias": "t", "Startup Cost": 0.0, "Total Cost": 0.31, "Plan Rows": 1, "Plan Width": 21, "Index Cond": "(id = mk.movie_id)"}]}]}, "Unique SQL Id": 2804875951, "Planner Runtime": 2}, "explain_analyze_plan": {"Plan": {"Node Type": "Aggregate", "Strategy": "Plain", "Startup Cost": 2600.78, "Total Cost": 2600.79, "Plan Rows": 1, "Plan Width": 49, "Actual Startup Time": 1011.525, "Actual Total Time": 1011.525, "Actual Rows": 1, "Actual Loops": 1, "Plans": [{"Node Type": "Nested Loop", "Parent Relationship": "Outer", "Join Type": "Inner", "Startup Cost": 4.51, "Total Cost": 2600.77, "Plan Rows": 2, "Plan Width": 17, "Actual Startup Time": 12.528, "Actual Total Time": 1007.96, "Actual Rows": 5228, "Actual Loops": 1, "Inner Unique": true, "Join Filter": "(mc.movie_id = t.id)", "Rows Removed by Join Filter": 0, "Plans": [{"Node Type": "Nested Loop", "Parent Relationship": "Outer", "Join Type": "Inner", "Startup Cost": 4.51, "Total Cost": 2600.13, "Plan Rows": 2, "Plan Width": 8, "Actual Startup Time": 12.513, "Actual Total Time": 980.622, "Actual Rows": 5228, "Actual Loops": 1, "Inner Unique": true, "Plans": [{"Node Type": "Nested Loop", "Parent Relationship": "Outer", "Join Type": "Inner", "Startup Cost": 4.51, "Total Cost": 2579.99, "Plan Rows": 70, "Plan Width": 12, "Actual Startup Time": 9.527, "Actual Total Time": 365.273, "Actual Rows": 148552, "Actual Loops": 1, "Inner Unique": false, "Plans": [{"Node Type": "Nested Loop", "Parent Relationship": "Outer", "Join Type": "Inner", "Startup Cost": 4.51, "Total Cost": 2569.02, "Plan Rows": 33, "Plan Width": 4, "Actual Startup Time": 9.495, "Actual Total Time": 95.383, "Actual Rows": 41840, "Actual Loops": 1, "Inner Unique": false, "Plans": [{"Node Type": "Seq Scan", "Parent Relationship": "Outer", "Relation Name": "keyword", "Alias": "k", "Startup Cost": 0.0, "Total Cost": 2436.11, "Plan Rows": 1, "Plan Width": 4, "Actual Startup Time": 1.783, "Actual Total Time": 40.829, "Actual Rows": 1, "Actual Loops": 1, "Filter": "((keyword)::text = 'character-name-in-title'::text)", "Rows Removed by Filter": 134168}, {"Node Type": "Bitmap Heap Scan", "Parent Relationship": "Inner", "Relation Name": "movie_keyword", "Alias": "mk", "Startup Cost": 4.51, "Total Cost": 132.58, "Plan Rows": 33, "Plan Width": 8, "Actual Startup Time": 7.703, "Actual Total Time": 45.702, "Actual Rows": 41840, "Actual Loops": 1, "Recheck Cond": "(keyword_id = k.id)", "Rows Removed by Index Recheck": 0, "Exact Heap Blocks": 9702, "Lossy Heap Blocks": 9702, "Plans": [{"Node Type": "Bitmap Index Scan", "Parent Relationship": "Outer", "Index Name": "keyword_id_movie_keyword", "Startup Cost": 0.0, "Total Cost": 4.5, "Plan Rows": 33, "Plan Width": 0, "Actual Startup Time": 5.948, "Actual Total Time": 5.948, "Actual Rows": 41840, "Actual Loops": 1, "Index Cond": "(keyword_id = k.id)"}]}]}, {"Node Type": "Index Scan", "Parent Relationship": "Inner", "Scan Direction": "Forward", "Index Name": "movie_id_movie_companies", "Relation Name": "movie_companies", "Alias": "mc", "Startup Cost": 0.0, "Total Cost": 0.31, "Plan Rows": 2, "Plan Width": 8, "Actual Startup Time": 143.277, "Actual Total Time": 214.488, "Actual Rows": 148552, "Actual Loops": 41840, "Index Cond": "(movie_id = mk.movie_id)", "Rows Removed by Index Recheck": 0}]}, {"Node Type": "Index Scan", "Parent Relationship": "Inner", "Scan Direction": "Forward", "Index Name": "company_name_pkey", "Relation Name": "company_name", "Alias": "cn", "Startup Cost": 0.0, "Total Cost": 0.28, "Plan Rows": 1, "Plan Width": 4, "Actual Startup Time": 541.94, "Actual Total Time": 541.94, "Actual Rows": 5228, "Actual Loops": 148552, "Index Cond": "(id = mc.company_id)", "Rows Removed by Index Recheck": 0, "Filter": "((country_code)::text = '[nl]'::text)", "Rows Removed by Filter": 143324}]}, {"Node Type": "Index Scan", "Parent Relationship": "Inner", "Scan Direction": "Forward", "Index Name": "title_pkey", "Relation Name": "title", "Alias": "t", "Startup Cost": 0.0, "Total Cost": 0.31, "Plan Rows": 1, "Plan Width": 21, "Actual Startup Time": 21.446, "Actual Total Time": 21.446, "Actual Rows": 5228, "Actual Loops": 5228, "Index Cond": "(id = mk.movie_id)", "Rows Removed by Index Recheck": 0}]}]}, "Triggers": [], "Planner Runtime": 9.832, "Total Runtime": 1011.849, "Unique SQL Id": 2804875951}}, "(64, '49')": {"explain_plan": {"Plan": {"Node Type": "Aggregate", "Strategy": "Plain", "Startup Cost": 3347.38, "Total Cost": 3347.39, "Plan Rows": 1, "Plan Width": 49, "Plans": [{"Node Type": "Nested Loop", "Parent Relationship": "Outer", "Join Type": "Inner", "Startup Cost": 4.51, "Total Cost": 3347.38, "Plan Rows": 2, "Plan Width": 17, "Inner Unique": true, "Join Filter": "(mc.movie_id = t.id)", "Plans": [{"Node Type": "Nested Loop", "Parent Relationship": "Outer", "Join Type": "Inner", "Startup Cost": 4.51, "Total Cost": 3346.73, "Plan Rows": 2, "Plan Width": 8, "Inner Unique": true, "Plans": [{"Node Type": "Nested Loop", "Parent Relationship": "Outer", "Join Type": "Inner", "Startup Cost": 4.51, "Total Cost": 3326.6, "Plan Rows": 70, "Plan Width": 12, "Inner Unique": false, "Plans": [{"Node Type": "Nested Loop", "Parent Relationship": "Outer", "Join Type": "Inner", "Startup Cost": 4.51, "Total Cost": 3315.63, "Plan Rows": 33, "Plan Width": 4, "Inner Unique": false, "Plans": [{"Node Type": "Index Scan", "Parent Relationship": "Outer", "Scan Direction": "Forward", "Index Name": "keyword_pkey", "Relation Name": "keyword", "Alias": "k", "Startup Cost": 0.0, "Total Cost": 3182.72, "Plan Rows": 1, "Plan Width": 4, "Filter": "((keyword)::text = 'character-name-in-title'::text)"}, {"Node Type": "Bitmap Heap Scan", "Parent Relationship": "Inner", "Relation Name": "movie_keyword", "Alias": "mk", "Startup Cost": 4.51, "Total Cost": 132.58, "Plan Rows": 33, "Plan Width": 8, "Recheck Cond": "(keyword_id = k.id)", "Plans": [{"Node Type": "Bitmap Index Scan", "Parent Relationship": "Outer", "Index Name": "keyword_id_movie_keyword", "Startup Cost": 0.0, "Total Cost": 4.5, "Plan Rows": 33, "Plan Width": 0, "Index Cond": "(keyword_id = k.id)"}]}]}, {"Node Type": "Index Scan", "Parent Relationship": "Inner", "Scan Direction": "Forward", "Index Name": "movie_id_movie_companies", "Relation Name": "movie_companies", "Alias": "mc", "Startup Cost": 0.0, "Total Cost": 0.31, "Plan Rows": 2, "Plan Width": 8, "Index Cond": "(movie_id = mk.movie_id)"}]}, {"Node Type": "Index Scan", "Parent Relationship": "Inner", "Scan Direction": "Forward", "Index Name": "company_name_pkey", "Relation Name": "company_name", "Alias": "cn", "Startup Cost": 0.0, "Total Cost": 0.28, "Plan Rows": 1, "Plan Width": 4, "Index Cond": "(id = mc.company_id)", "Filter": "((country_code)::text = '[nl]'::text)"}]}, {"Node Type": "Index Scan", "Parent Relationship": "Inner", "Scan Direction": "Forward", "Index Name": "title_pkey", "Relation Name": "title", "Alias": "t", "Startup Cost": 0.0, "Total Cost": 0.31, "Plan Rows": 1, "Plan Width": 21, "Index Cond": "(id = mk.movie_id)"}]}]}, "Unique SQL Id": 2804875951, "Planner Runtime": 2}, "explain_analyze_plan": {"Plan": {"Node Type": "Aggregate", "Strategy": "Plain", "Startup Cost": 3347.38, "Total Cost": 3347.39, "Plan Rows": 1, "Plan Width": 49, "Actual Startup Time": 1116.379, "Actual Total Time": 1116.38, "Actual Rows": 1, "Actual Loops": 1, "Plans": [{"Node Type": "Nested Loop", "Parent Relationship": "Outer", "Join Type": "Inner", "Startup Cost": 4.51, "Total Cost": 3347.38, "Plan Rows": 2, "Plan Width": 17, "Actual Startup Time": 11.025, "Actual Total Time": 1112.884, "Actual Rows": 5228, "Actual Loops": 1, "Inner Unique": true, "Join Filter": "(mc.movie_id = t.id)", "Rows Removed by Join Filter": 0, "Plans": [{"Node Type": "Nested Loop", "Parent Relationship": "Outer", "Join Type": "Inner", "Startup Cost": 4.51, "Total Cost": 3346.73, "Plan Rows": 2, "Plan Width": 8, "Actual Startup Time": 11.01, "Actual Total Time": 1085.185, "Actual Rows": 5228, "Actual Loops": 1, "Inner Unique": true, "Plans": [{"Node Type": "Nested Loop", "Parent Relationship": "Outer", "Join Type": "Inner", "Startup Cost": 4.51, "Total Cost": 3326.6, "Plan Rows": 70, "Plan Width": 12, "Actual Startup Time": 8.008, "Actual Total Time": 447.869, "Actual Rows": 148552, "Actual Loops": 1, "Inner Unique": false, "Plans": [{"Node Type": "Nested Loop", "Parent Relationship": "Outer", "Join Type": "Inner", "Startup Cost": 4.51, "Total Cost": 3315.63, "Plan Rows": 33, "Plan Width": 4, "Actual Startup Time": 7.977, "Actual Total Time": 171.703, "Actual Rows": 41840, "Actual Loops": 1, "Inner Unique": false, "Plans": [{"Node Type": "Index Scan", "Parent Relationship": "Outer", "Scan Direction": "Forward", "Index Name": "keyword_pkey", "Relation Name": "keyword", "Alias": "k", "Startup Cost": 0.0, "Total Cost": 3182.72, "Plan Rows": 1, "Plan Width": 4, "Actual Startup Time": 0.191, "Actual Total Time": 115.745, "Actual Rows": 1, "Actual Loops": 1, "Filter": "((keyword)::text = 'character-name-in-title'::text)", "Rows Removed by Filter": 134168}, {"Node Type": "Bitmap Heap Scan", "Parent Relationship": "Inner", "Relation Name": "movie_keyword", "Alias": "mk", "Startup Cost": 4.51, "Total Cost": 132.58, "Plan Rows": 33, "Plan Width": 8, "Actual Startup Time": 7.779, "Actual Total Time": 46.991, "Actual Rows": 41840, "Actual Loops": 1, "Recheck Cond": "(keyword_id = k.id)", "Rows Removed by Index Recheck": 0, "Exact Heap Blocks": 9702, "Lossy Heap Blocks": 9702, "Plans": [{"Node Type": "Bitmap Index Scan", "Parent Relationship": "Outer", "Index Name": "keyword_id_movie_keyword", "Startup Cost": 0.0, "Total Cost": 4.5, "Plan Rows": 33, "Plan Width": 0, "Actual Startup Time": 6.034, "Actual Total Time": 6.034, "Actual Rows": 41840, "Actual Loops": 1, "Index Cond": "(keyword_id = k.id)"}]}]}, {"Node Type": "Index Scan", "Parent Relationship": "Inner", "Scan Direction": "Forward", "Index Name": "movie_id_movie_companies", "Relation Name": "movie_companies", "Alias": "mc", "Startup Cost": 0.0, "Total Cost": 0.31, "Plan Rows": 2, "Plan Width": 8, "Actual Startup Time": 147.833, "Actual Total Time": 220.177, "Actual Rows": 148552, "Actual Loops": 41840, "Index Cond": "(movie_id = mk.movie_id)", "Rows Removed by Index Recheck": 0}]}, {"Node Type": "Index Scan", "Parent Relationship": "Inner", "Scan Direction": "Forward", "Index Name": "company_name_pkey", "Relation Name": "company_name", "Alias": "cn", "Startup Cost": 0.0, "Total Cost": 0.28, "Plan Rows": 1, "Plan Width": 4, "Actual Startup Time": 563.904, "Actual Total Time": 563.904, "Actual Rows": 5228, "Actual Loops": 148552, "Index Cond": "(id = mc.company_id)", "Rows Removed by Index Recheck": 0, "Filter": "((country_code)::text = '[nl]'::text)", "Rows Removed by Filter": 143324}]}, {"Node Type": "Index Scan", "Parent Relationship": "Inner", "Scan Direction": "Forward", "Index Name": "title_pkey", "Relation Name": "title", "Alias": "t", "Startup Cost": 0.0, "Total Cost": 0.31, "Plan Rows": 1, "Plan Width": 21, "Actual Startup Time": 22.044, "Actual Total Time": 22.044, "Actual Rows": 5228, "Actual Loops": 5228, "Index Cond": "(id = mk.movie_id)", "Rows Removed by Index Recheck": 0}]}]}, "Triggers": [], "Planner Runtime": 9.698, "Total Runtime": 1116.687, "Unique SQL Id": 2804875951}}, "(64, '50')": {"explain_plan": {"Plan": {"Node Type": "Aggregate", "Strategy": "Plain", "Startup Cost": 3019.97, "Total Cost": 3019.98, "Plan Rows": 1, "Plan Width": 49, "Plans": [{"Node Type": "Nested Loop", "Parent Relationship": "Outer", "Join Type": "Inner", "Startup Cost": 5.3, "Total Cost": 3019.97, "Plan Rows": 2, "Plan Width": 17, "Inner Unique": true, "Join Filter": "(mc.movie_id = t.id)", "Plans": [{"Node Type": "Nested Loop", "Parent Relationship": "Outer", "Join Type": "Inner", "Startup Cost": 5.04, "Total Cost": 3011.39, "Plan Rows": 2, "Plan Width": 8, "Inner Unique": true, "Plans": [{"Node Type": "Nested Loop", "Parent Relationship": "Outer", "Join Type": "Inner", "Startup Cost": 4.78, "Total Cost": 2711.55, "Plan Rows": 70, "Plan Width": 12, "Inner Unique": false, "Plans": [{"Node Type": "Nested Loop", "Parent Relationship": "Outer", "Join Type": "Inner", "Startup Cost": 4.51, "Total Cost": 2569.02, "Plan Rows": 33, "Plan Width": 4, "Inner Unique": false, "Plans": [{"Node Type": "Seq Scan", "Parent Relationship": "Outer", "Relation Name": "keyword", "Alias": "k", "Startup Cost": 0.0, "Total Cost": 2436.11, "Plan Rows": 1, "Plan Width": 4, "Filter": "((keyword)::text = 'character-name-in-title'::text)"}, {"Node Type": "Bitmap Heap Scan", "Parent Relationship": "Inner", "Relation Name": "movie_keyword", "Alias": "mk", "Startup Cost": 4.51, "Total Cost": 132.58, "Plan Rows": 33, "Plan Width": 8, "Recheck Cond": "(keyword_id = k.id)", "Plans": [{"Node Type": "Bitmap Index Scan", "Parent Relationship": "Outer", "Index Name": "keyword_id_movie_keyword", "Startup Cost": 0.0, "Total Cost": 4.5, "Plan Rows": 33, "Plan Width": 0, "Index Cond": "(keyword_id = k.id)"}]}]}, {"Node Type": "Bitmap Heap Scan", "Parent Relationship": "Inner", "Relation Name": "movie_companies", "Alias": "mc", "Startup Cost": 0.27, "Total Cost": 4.3, "Plan Rows": 2, "Plan Width": 8, "Recheck Cond": "(movie_id = mk.movie_id)", "Plans": [{"Node Type": "Bitmap Index Scan", "Parent Relationship": "Outer", "Index Name": "movie_id_movie_companies", "Startup Cost": 0.0, "Total Cost": 0.27, "Plan Rows": 2, "Plan Width": 0, "Index Cond": "(movie_id = mk.movie_id)"}]}]}, {"Node Type": "Bitmap Heap Scan", "Parent Relationship": "Inner", "Relation Name": "company_name", "Alias": "cn", "Startup Cost": 0.26, "Total Cost": 4.27, "Plan Rows": 1, "Plan Width": 4, "Recheck Cond": "(id = mc.company_id)", "Filter": "((country_code)::text = '[nl]'::text)", "Plans": [{"Node Type": "Bitmap Index Scan", "Parent Relationship": "Outer", "Index Name": "company_name_pkey", "Startup Cost": 0.0, "Total Cost": 0.26, "Plan Rows": 1, "Plan Width": 0, "Index Cond": "(id = mc.company_id)"}]}]}, {"Node Type": "Bitmap Heap Scan", "Parent Relationship": "Inner", "Relation Name": "title", "Alias": "t", "Startup Cost": 0.27, "Total Cost": 4.28, "Plan Rows": 1, "Plan Width": 21, "Recheck Cond": "(id = mk.movie_id)", "Plans": [{"Node Type": "Bitmap Index Scan", "Parent Relationship": "Outer", "Index Name": "title_pkey", "Startup Cost": 0.0, "Total Cost": 0.27, "Plan Rows": 1, "Plan Width": 0, "Index Cond": "(id = mk.movie_id)"}]}]}]}, "Unique SQL Id": 2804875951, "Planner Runtime": 2}, "explain_analyze_plan": {"Plan": {"Node Type": "Aggregate", "Strategy": "Plain", "Startup Cost": 3019.97, "Total Cost": 3019.98, "Plan Rows": 1, "Plan Width": 49, "Actual Startup Time": 1379.762, "Actual Total Time": 1379.762, "Actual Rows": 1, "Actual Loops": 1, "Plans": [{"Node Type": "Nested Loop", "Parent Relationship": "Outer", "Join Type": "Inner", "Startup Cost": 5.3, "Total Cost": 3019.97, "Plan Rows": 2, "Plan Width": 17, "Actual Startup Time": 13.852, "Actual Total Time": 1374.961, "Actual Rows": 5228, "Actual Loops": 1, "Inner Unique": true, "Join Filter": "(mc.movie_id = t.id)", "Rows Removed by Join Filter": 0, "Plans": [{"Node Type": "Nested Loop", "Parent Relationship": "Outer", "Join Type": "Inner", "Startup Cost": 5.04, "Total Cost": 3011.39, "Plan Rows": 2, "Plan Width": 8, "Actual Startup Time": 13.83, "Actual Total Time": 1338.406, "Actual Rows": 5228, "Actual Loops": 1, "Inner Unique": true, "Plans": [{"Node Type": "Nested Loop", "Parent Relationship": "Outer", "Join Type": "Inner", "Startup Cost": 4.78, "Total Cost": 2711.55, "Plan Rows": 70, "Plan Width": 12, "Actual Startup Time": 9.636, "Actual Total Time": 474.478, "Actual Rows": 148552, "Actual Loops": 1, "Inner Unique": false, "Plans": [{"Node Type": "Nested Loop", "Parent Relationship": "Outer", "Join Type": "Inner", "Startup Cost": 4.51, "Total Cost": 2569.02, "Plan Rows": 33, "Plan Width": 4, "Actual Startup Time": 9.588, "Actual Total Time": 94.897, "Actual Rows": 41840, "Actual Loops": 1, "Inner Unique": false, "Plans": [{"Node Type": "Seq Scan", "Parent Relationship": "Outer", "Relation Name": "keyword", "Alias": "k", "Startup Cost": 0.0, "Total Cost": 2436.11, "Plan Rows": 1, "Plan Width": 4, "Actual Startup Time": 1.796, "Actual Total Time": 40.826, "Actual Rows": 1, "Actual Loops": 1, "Filter": "((keyword)::text = 'character-name-in-title'::text)", "Rows Removed by Filter": 134168}, {"Node Type": "Bitmap Heap Scan", "Parent Relationship": "Inner", "Relation Name": "movie_keyword", "Alias": "mk", "Startup Cost": 4.51, "Total Cost": 132.58, "Plan Rows": 33, "Plan Width": 8, "Actual Startup Time": 7.784, "Actual Total Time": 44.618, "Actual Rows": 41840, "Actual Loops": 1, "Recheck Cond": "(keyword_id = k.id)", "Rows Removed by Index Recheck": 0, "Exact Heap Blocks": 9702, "Lossy Heap Blocks": 9702, "Plans": [{"Node Type": "Bitmap Index Scan", "Parent Relationship": "Outer", "Index Name": "keyword_id_movie_keyword", "Startup Cost": 0.0, "Total Cost": 4.5, "Plan Rows": 33, "Plan Width": 0, "Actual Startup Time": 6.024, "Actual Total Time": 6.024, "Actual Rows": 41840, "Actual Loops": 1, "Index Cond": "(keyword_id = k.id)"}]}]}, {"Node Type": "Bitmap Heap Scan", "Parent Relationship": "Inner", "Relation Name": "movie_companies", "Alias": "mc", "Startup Cost": 0.27, "Total Cost": 4.3, "Plan Rows": 2, "Plan Width": 8, "Actual Startup Time": 239.829, "Actual Total Time": 294.063, "Actual Rows": 148552, "Actual Loops": 41840, "Recheck Cond": "(movie_id = mk.movie_id)", "Rows Removed by Index Recheck": 0, "Exact Heap Blocks": 62638, "Lossy Heap Blocks": 62638, "Plans": [{"Node Type": "Bitmap Index Scan", "Parent Relationship": "Outer", "Index Name": "movie_id_movie_companies", "Startup Cost": 0.0, "Total Cost": 0.27, "Plan Rows": 2, "Plan Width": 0, "Actual Startup Time": 149.912, "Actual Total Time": 149.912, "Actual Rows": 148552, "Actual Loops": 41840, "Index Cond": "(movie_id = mk.movie_id)"}]}]}, {"Node Type": "Bitmap Heap Scan", "Parent Relationship": "Inner", "Relation Name": "company_name", "Alias": "cn", "Startup Cost": 0.26, "Total Cost": 4.27, "Plan Rows": 1, "Plan Width": 4, "Actual Startup Time": 695.194, "Actual Total Time": 695.194, "Actual Rows": 5228, "Actual Loops": 148552, "Recheck Cond": "(id = mc.company_id)", "Rows Removed by Index Recheck": 0, "Filter": "((country_code)::text = '[nl]'::text)", "Rows Removed by Filter": 143324, "Exact Heap Blocks": 148552, "Lossy Heap Blocks": 148552, "Plans": [{"Node Type": "Bitmap Index Scan", "Parent Relationship": "Outer", "Index Name": "company_name_pkey", "Startup Cost": 0.0, "Total Cost": 0.26, "Plan Rows": 1, "Plan Width": 0, "Actual Startup Time": 387.396, "Actual Total Time": 387.396, "Actual Rows": 148552, "Actual Loops": 148552, "Index Cond": "(id = mc.company_id)"}]}]}, {"Node Type": "Bitmap Heap Scan", "Parent Relationship": "Inner", "Relation Name": "title", "Alias": "t", "Startup Cost": 0.27, "Total Cost": 4.28, "Plan Rows": 1, "Plan Width": 21, "Actual Startup Time": 27.627, "Actual Total Time": 27.627, "Actual Rows": 5228, "Actual Loops": 5228, "Recheck Cond": "(id = mk.movie_id)", "Rows Removed by Index Recheck": 0, "Exact Heap Blocks": 5228, "Lossy Heap Blocks": 5228, "Plans": [{"Node Type": "Bitmap Index Scan", "Parent Relationship": "Outer", "Index Name": "title_pkey", "Startup Cost": 0.0, "Total Cost": 0.27, "Plan Rows": 1, "Plan Width": 0, "Actual Startup Time": 16.124, "Actual Total Time": 16.124, "Actual Rows": 5228, "Actual Loops": 5228, "Index Cond": "(id = mk.movie_id)"}]}]}]}, "Triggers": [], "Planner Runtime": 9.995, "Total Runtime": 1380.114, "Unique SQL Id": 2804875951}}, "(64, '51')": {"explain_plan": {"Plan": {"Node Type": "Aggregate", "Strategy": "Plain", "Startup Cost": 3739.07, "Total Cost": 3739.08, "Plan Rows": 1, "Plan Width": 49, "Plans": [{"Node Type": "Nested Loop", "Parent Relationship": "Outer", "Join Type": "Inner", "Startup Cost": 724.4, "Total Cost": 3739.06, "Plan Rows": 2, "Plan Width": 17, "Inner Unique": true, "Join Filter": "(mc.movie_id = t.id)", "Plans": [{"Node Type": "Nested Loop", "Parent Relationship": "Outer", "Join Type": "Inner", "Startup Cost": 724.13, "Total Cost": 3730.48, "Plan Rows": 2, "Plan Width": 8, "Inner Unique": true, "Plans": [{"Node Type": "Nested Loop", "Parent Relationship": "Outer", "Join Type": "Inner", "Startup Cost": 723.87, "Total Cost": 3430.65, "Plan Rows": 70, "Plan Width": 12, "Inner Unique": false, "Plans": [{"Node Type": "Nested Loop", "Parent Relationship": "Outer", "Join Type": "Inner", "Startup Cost": 723.6, "Total Cost": 3288.12, "Plan Rows": 33, "Plan Width": 4, "Inner Unique": false, "Plans": [{"Node Type": "Bitmap Heap Scan", "Parent Relationship": "Outer", "Relation Name": "keyword", "Alias": "k", "Startup Cost": 719.1, "Total Cost": 3155.21, "Plan Rows": 1, "Plan Width": 4, "Filter": "((keyword)::text = 'character-name-in-title'::text)", "Plans": [{"Node Type": "Bitmap Index Scan", "Parent Relationship": "Outer", "Index Name": "keyword_pkey", "Startup Cost": 0.0, "Total Cost": 719.1, "Plan Rows": 134169, "Plan Width": 0}]}, {"Node Type": "Bitmap Heap Scan", "Parent Relationship": "Inner", "Relation Name": "movie_keyword", "Alias": "mk", "Startup Cost": 4.51, "Total Cost": 132.58, "Plan Rows": 33, "Plan Width": 8, "Recheck Cond": "(keyword_id = k.id)", "Plans": [{"Node Type": "Bitmap Index Scan", "Parent Relationship": "Outer", "Index Name": "keyword_id_movie_keyword", "Startup Cost": 0.0, "Total Cost": 4.5, "Plan Rows": 33, "Plan Width": 0, "Index Cond": "(keyword_id = k.id)"}]}]}, {"Node Type": "Bitmap Heap Scan", "Parent Relationship": "Inner", "Relation Name": "movie_companies", "Alias": "mc", "Startup Cost": 0.27, "Total Cost": 4.3, "Plan Rows": 2, "Plan Width": 8, "Recheck Cond": "(movie_id = mk.movie_id)", "Plans": [{"Node Type": "Bitmap Index Scan", "Parent Relationship": "Outer", "Index Name": "movie_id_movie_companies", "Startup Cost": 0.0, "Total Cost": 0.27, "Plan Rows": 2, "Plan Width": 0, "Index Cond": "(movie_id = mk.movie_id)"}]}]}, {"Node Type": "Bitmap Heap Scan", "Parent Relationship": "Inner", "Relation Name": "company_name", "Alias": "cn", "Startup Cost": 0.26, "Total Cost": 4.27, "Plan Rows": 1, "Plan Width": 4, "Recheck Cond": "(id = mc.company_id)", "Filter": "((country_code)::text = '[nl]'::text)", "Plans": [{"Node Type": "Bitmap Index Scan", "Parent Relationship": "Outer", "Index Name": "company_name_pkey", "Startup Cost": 0.0, "Total Cost": 0.26, "Plan Rows": 1, "Plan Width": 0, "Index Cond": "(id = mc.company_id)"}]}]}, {"Node Type": "Bitmap Heap Scan", "Parent Relationship": "Inner", "Relation Name": "title", "Alias": "t", "Startup Cost": 0.27, "Total Cost": 4.28, "Plan Rows": 1, "Plan Width": 21, "Recheck Cond": "(id = mk.movie_id)", "Plans": [{"Node Type": "Bitmap Index Scan", "Parent Relationship": "Outer", "Index Name": "title_pkey", "Startup Cost": 0.0, "Total Cost": 0.27, "Plan Rows": 1, "Plan Width": 0, "Index Cond": "(id = mk.movie_id)"}]}]}]}, "Unique SQL Id": 2804875951, "Planner Runtime": 2}, "explain_analyze_plan": {"Plan": {"Node Type": "Aggregate", "Strategy": "Plain", "Startup Cost": 3739.07, "Total Cost": 3739.08, "Plan Rows": 1, "Plan Width": 49, "Actual Startup Time": 1403.708, "Actual Total Time": 1403.709, "Actual Rows": 1, "Actual Loops": 1, "Plans": [{"Node Type": "Nested Loop", "Parent Relationship": "Outer", "Join Type": "Inner", "Startup Cost": 724.4, "Total Cost": 3739.06, "Plan Rows": 2, "Plan Width": 17, "Actual Startup Time": 25.933, "Actual Total Time": 1398.814, "Actual Rows": 5228, "Actual Loops": 1, "Inner Unique": true, "Join Filter": "(mc.movie_id = t.id)", "Rows Removed by Join Filter": 0, "Plans": [{"Node Type": "Nested Loop", "Parent Relationship": "Outer", "Join Type": "Inner", "Startup Cost": 724.13, "Total Cost": 3730.48, "Plan Rows": 2, "Plan Width": 8, "Actual Startup Time": 25.914, "Actual Total Time": 1361.007, "Actual Rows": 5228, "Actual Loops": 1, "Inner Unique": true, "Plans": [{"Node Type": "Nested Loop", "Parent Relationship": "Outer", "Join Type": "Inner", "Startup Cost": 723.87, "Total Cost": 3430.65, "Plan Rows": 70, "Plan Width": 12, "Actual Startup Time": 21.809, "Actual Total Time": 500.96, "Actual Rows": 148552, "Actual Loops": 1, "Inner Unique": false, "Plans": [{"Node Type": "Nested Loop", "Parent Relationship": "Outer", "Join Type": "Inner", "Startup Cost": 723.6, "Total Cost": 3288.12, "Plan Rows": 33, "Plan Width": 4, "Actual Startup Time": 21.768, "Actual Total Time": 121.31, "Actual Rows": 41840, "Actual Loops": 1, "Inner Unique": false, "Plans": [{"Node Type": "Bitmap Heap Scan", "Parent Relationship": "Outer", "Relation Name": "keyword", "Alias": "k", "Startup Cost": 719.1, "Total Cost": 3155.21, "Plan Rows": 1, "Plan Width": 4, "Actual Startup Time": 14.099, "Actual Total Time": 67.292, "Actual Rows": 1, "Actual Loops": 1, "Filter": "((keyword)::text = 'character-name-in-title'::text)", "Rows Removed by Filter": 134168, "Exact Heap Blocks": 759, "Lossy Heap Blocks": 759, "Plans": [{"Node Type": "Bitmap Index Scan", "Parent Relationship": "Outer", "Index Name": "keyword_pkey", "Startup Cost": 0.0, "Total Cost": 719.1, "Plan Rows": 134169, "Plan Width": 0, "Actual Startup Time": 11.779, "Actual Total Time": 11.779, "Actual Rows": 134169, "Actual Loops": 1}]}, {"Node Type": "Bitmap Heap Scan", "Parent Relationship": "Inner", "Relation Name": "movie_keyword", "Alias": "mk", "Startup Cost": 4.51, "Total Cost": 132.58, "Plan Rows": 33, "Plan Width": 8, "Actual Startup Time": 7.658, "Actual Total Time": 44.762, "Actual Rows": 41840, "Actual Loops": 1, "Recheck Cond": "(keyword_id = k.id)", "Rows Removed by Index Recheck": 0, "Exact Heap Blocks": 9702, "Lossy Heap Blocks": 9702, "Plans": [{"Node Type": "Bitmap Index Scan", "Parent Relationship": "Outer", "Index Name": "keyword_id_movie_keyword", "Startup Cost": 0.0, "Total Cost": 4.5, "Plan Rows": 33, "Plan Width": 0, "Actual Startup Time": 5.929, "Actual Total Time": 5.929, "Actual Rows": 41840, "Actual Loops": 1, "Index Cond": "(keyword_id = k.id)"}]}]}, {"Node Type": "Bitmap Heap Scan", "Parent Relationship": "Inner", "Relation Name": "movie_companies", "Alias": "mc", "Startup Cost": 0.27, "Total Cost": 4.3, "Plan Rows": 2, "Plan Width": 8, "Actual Startup Time": 239.943, "Actual Total Time": 294.096, "Actual Rows": 148552, "Actual Loops": 41840, "Recheck Cond": "(movie_id = mk.movie_id)", "Rows Removed by Index Recheck": 0, "Exact Heap Blocks": 62638, "Lossy Heap Blocks": 62638, "Plans": [{"Node Type": "Bitmap Index Scan", "Parent Relationship": "Outer", "Index Name": "movie_id_movie_companies", "Startup Cost": 0.0, "Total Cost": 0.27, "Plan Rows": 2, "Plan Width": 0, "Actual Startup Time": 149.366, "Actual Total Time": 149.366, "Actual Rows": 148552, "Actual Loops": 41840, "Index Cond": "(movie_id = mk.movie_id)"}]}]}, {"Node Type": "Bitmap Heap Scan", "Parent Relationship": "Inner", "Relation Name": "company_name", "Alias": "cn", "Startup Cost": 0.26, "Total Cost": 4.27, "Plan Rows": 1, "Plan Width": 4, "Actual Startup Time": 691.231, "Actual Total Time": 691.231, "Actual Rows": 5228, "Actual Loops": 148552, "Recheck Cond": "(id = mc.company_id)", "Rows Removed by Index Recheck": 0, "Filter": "((country_code)::text = '[nl]'::text)", "Rows Removed by Filter": 143324, "Exact Heap Blocks": 148552, "Lossy Heap Blocks": 148552, "Plans": [{"Node Type": "Bitmap Index Scan", "Parent Relationship": "Outer", "Index Name": "company_name_pkey", "Startup Cost": 0.0, "Total Cost": 0.26, "Plan Rows": 1, "Plan Width": 0, "Actual Startup Time": 387.407, "Actual Total Time": 387.407, "Actual Rows": 148552, "Actual Loops": 148552, "Index Cond": "(id = mc.company_id)"}]}]}, {"Node Type": "Bitmap Heap Scan", "Parent Relationship": "Inner", "Relation Name": "title", "Alias": "t", "Startup Cost": 0.27, "Total Cost": 4.28, "Plan Rows": 1, "Plan Width": 21, "Actual Startup Time": 27.84, "Actual Total Time": 27.84, "Actual Rows": 5228, "Actual Loops": 5228, "Recheck Cond": "(id = mk.movie_id)", "Rows Removed by Index Recheck": 0, "Exact Heap Blocks": 5228, "Lossy Heap Blocks": 5228, "Plans": [{"Node Type": "Bitmap Index Scan", "Parent Relationship": "Outer", "Index Name": "title_pkey", "Startup Cost": 0.0, "Total Cost": 0.27, "Plan Rows": 1, "Plan Width": 0, "Actual Startup Time": 16.25, "Actual Total Time": 16.25, "Actual Rows": 5228, "Actual Loops": 5228, "Index Cond": "(id = mk.movie_id)"}]}]}]}, "Triggers": [], "Planner Runtime": 9.206, "Total Runtime": 1404.134, "Unique SQL Id": 2804875951}}, "(64, '52')": {"explain_plan": {"Plan": {"Node Type": "Aggregate", "Strategy": "Plain", "Startup Cost": 2600.78, "Total Cost": 2600.79, "Plan Rows": 1, "Plan Width": 49, "Plans": [{"Node Type": "Nested Loop", "Parent Relationship": "Outer", "Join Type": "Inner", "Startup Cost": 4.51, "Total Cost": 2600.77, "Plan Rows": 2, "Plan Width": 17, "Inner Unique": true, "Join Filter": "(mc.movie_id = t.id)", "Plans": [{"Node Type": "Nested Loop", "Parent Relationship": "Outer", "Join Type": "Inner", "Startup Cost": 4.51, "Total Cost": 2600.13, "Plan Rows": 2, "Plan Width": 8, "Inner Unique": true, "Plans": [{"Node Type": "Nested Loop", "Parent Relationship": "Outer", "Join Type": "Inner", "Startup Cost": 4.51, "Total Cost": 2579.99, "Plan Rows": 70, "Plan Width": 12, "Inner Unique": false, "Plans": [{"Node Type": "Nested Loop", "Parent Relationship": "Outer", "Join Type": "Inner", "Startup Cost": 4.51, "Total Cost": 2569.02, "Plan Rows": 33, "Plan Width": 4, "Inner Unique": false, "Plans": [{"Node Type": "Seq Scan", "Parent Relationship": "Outer", "Relation Name": "keyword", "Alias": "k", "Startup Cost": 0.0, "Total Cost": 2436.11, "Plan Rows": 1, "Plan Width": 4, "Filter": "((keyword)::text = 'character-name-in-title'::text)"}, {"Node Type": "Bitmap Heap Scan", "Parent Relationship": "Inner", "Relation Name": "movie_keyword", "Alias": "mk", "Startup Cost": 4.51, "Total Cost": 132.58, "Plan Rows": 33, "Plan Width": 8, "Recheck Cond": "(keyword_id = k.id)", "Plans": [{"Node Type": "Bitmap Index Scan", "Parent Relationship": "Outer", "Index Name": "keyword_id_movie_keyword", "Startup Cost": 0.0, "Total Cost": 4.5, "Plan Rows": 33, "Plan Width": 0, "Index Cond": "(keyword_id = k.id)"}]}]}, {"Node Type": "Index Scan", "Parent Relationship": "Inner", "Scan Direction": "Forward", "Index Name": "movie_id_movie_companies", "Relation Name": "movie_companies", "Alias": "mc", "Startup Cost": 0.0, "Total Cost": 0.31, "Plan Rows": 2, "Plan Width": 8, "Index Cond": "(movie_id = mk.movie_id)"}]}, {"Node Type": "Index Scan", "Parent Relationship": "Inner", "Scan Direction": "Forward", "Index Name": "company_name_pkey", "Relation Name": "company_name", "Alias": "cn", "Startup Cost": 0.0, "Total Cost": 0.28, "Plan Rows": 1, "Plan Width": 4, "Index Cond": "(id = mc.company_id)", "Filter": "((country_code)::text = '[nl]'::text)"}]}, {"Node Type": "Index Scan", "Parent Relationship": "Inner", "Scan Direction": "Forward", "Index Name": "title_pkey", "Relation Name": "title", "Alias": "t", "Startup Cost": 0.0, "Total Cost": 0.31, "Plan Rows": 1, "Plan Width": 21, "Index Cond": "(id = mk.movie_id)"}]}]}, "Unique SQL Id": 2804875951, "Planner Runtime": 2}, "explain_analyze_plan": {"Plan": {"Node Type": "Aggregate", "Strategy": "Plain", "Startup Cost": 2600.78, "Total Cost": 2600.79, "Plan Rows": 1, "Plan Width": 49, "Actual Startup Time": 1011.525, "Actual Total Time": 1011.525, "Actual Rows": 1, "Actual Loops": 1, "Plans": [{"Node Type": "Nested Loop", "Parent Relationship": "Outer", "Join Type": "Inner", "Startup Cost": 4.51, "Total Cost": 2600.77, "Plan Rows": 2, "Plan Width": 17, "Actual Startup Time": 12.528, "Actual Total Time": 1007.96, "Actual Rows": 5228, "Actual Loops": 1, "Inner Unique": true, "Join Filter": "(mc.movie_id = t.id)", "Rows Removed by Join Filter": 0, "Plans": [{"Node Type": "Nested Loop", "Parent Relationship": "Outer", "Join Type": "Inner", "Startup Cost": 4.51, "Total Cost": 2600.13, "Plan Rows": 2, "Plan Width": 8, "Actual Startup Time": 12.513, "Actual Total Time": 980.622, "Actual Rows": 5228, "Actual Loops": 1, "Inner Unique": true, "Plans": [{"Node Type": "Nested Loop", "Parent Relationship": "Outer", "Join Type": "Inner", "Startup Cost": 4.51, "Total Cost": 2579.99, "Plan Rows": 70, "Plan Width": 12, "Actual Startup Time": 9.527, "Actual Total Time": 365.273, "Actual Rows": 148552, "Actual Loops": 1, "Inner Unique": false, "Plans": [{"Node Type": "Nested Loop", "Parent Relationship": "Outer", "Join Type": "Inner", "Startup Cost": 4.51, "Total Cost": 2569.02, "Plan Rows": 33, "Plan Width": 4, "Actual Startup Time": 9.495, "Actual Total Time": 95.383, "Actual Rows": 41840, "Actual Loops": 1, "Inner Unique": false, "Plans": [{"Node Type": "Seq Scan", "Parent Relationship": "Outer", "Relation Name": "keyword", "Alias": "k", "Startup Cost": 0.0, "Total Cost": 2436.11, "Plan Rows": 1, "Plan Width": 4, "Actual Startup Time": 1.783, "Actual Total Time": 40.829, "Actual Rows": 1, "Actual Loops": 1, "Filter": "((keyword)::text = 'character-name-in-title'::text)", "Rows Removed by Filter": 134168}, {"Node Type": "Bitmap Heap Scan", "Parent Relationship": "Inner", "Relation Name": "movie_keyword", "Alias": "mk", "Startup Cost": 4.51, "Total Cost": 132.58, "Plan Rows": 33, "Plan Width": 8, "Actual Startup Time": 7.703, "Actual Total Time": 45.702, "Actual Rows": 41840, "Actual Loops": 1, "Recheck Cond": "(keyword_id = k.id)", "Rows Removed by Index Recheck": 0, "Exact Heap Blocks": 9702, "Lossy Heap Blocks": 9702, "Plans": [{"Node Type": "Bitmap Index Scan", "Parent Relationship": "Outer", "Index Name": "keyword_id_movie_keyword", "Startup Cost": 0.0, "Total Cost": 4.5, "Plan Rows": 33, "Plan Width": 0, "Actual Startup Time": 5.948, "Actual Total Time": 5.948, "Actual Rows": 41840, "Actual Loops": 1, "Index Cond": "(keyword_id = k.id)"}]}]}, {"Node Type": "Index Scan", "Parent Relationship": "Inner", "Scan Direction": "Forward", "Index Name": "movie_id_movie_companies", "Relation Name": "movie_companies", "Alias": "mc", "Startup Cost": 0.0, "Total Cost": 0.31, "Plan Rows": 2, "Plan Width": 8, "Actual Startup Time": 143.277, "Actual Total Time": 214.488, "Actual Rows": 148552, "Actual Loops": 41840, "Index Cond": "(movie_id = mk.movie_id)", "Rows Removed by Index Recheck": 0}]}, {"Node Type": "Index Scan", "Parent Relationship": "Inner", "Scan Direction": "Forward", "Index Name": "company_name_pkey", "Relation Name": "company_name", "Alias": "cn", "Startup Cost": 0.0, "Total Cost": 0.28, "Plan Rows": 1, "Plan Width": 4, "Actual Startup Time": 541.94, "Actual Total Time": 541.94, "Actual Rows": 5228, "Actual Loops": 148552, "Index Cond": "(id = mc.company_id)", "Rows Removed by Index Recheck": 0, "Filter": "((country_code)::text = '[nl]'::text)", "Rows Removed by Filter": 143324}]}, {"Node Type": "Index Scan", "Parent Relationship": "Inner", "Scan Direction": "Forward", "Index Name": "title_pkey", "Relation Name": "title", "Alias": "t", "Startup Cost": 0.0, "Total Cost": 0.31, "Plan Rows": 1, "Plan Width": 21, "Actual Startup Time": 21.446, "Actual Total Time": 21.446, "Actual Rows": 5228, "Actual Loops": 5228, "Index Cond": "(id = mk.movie_id)", "Rows Removed by Index Recheck": 0}]}]}, "Triggers": [], "Planner Runtime": 9.832, "Total Runtime": 1011.849, "Unique SQL Id": 2804875951}}, "(64, '53')": {"explain_plan": {"Plan": {"Node Type": "Aggregate", "Strategy": "Plain", "Startup Cost": 3347.38, "Total Cost": 3347.39, "Plan Rows": 1, "Plan Width": 49, "Plans": [{"Node Type": "Nested Loop", "Parent Relationship": "Outer", "Join Type": "Inner", "Startup Cost": 4.51, "Total Cost": 3347.38, "Plan Rows": 2, "Plan Width": 17, "Inner Unique": true, "Join Filter": "(mc.movie_id = t.id)", "Plans": [{"Node Type": "Nested Loop", "Parent Relationship": "Outer", "Join Type": "Inner", "Startup Cost": 4.51, "Total Cost": 3346.73, "Plan Rows": 2, "Plan Width": 8, "Inner Unique": true, "Plans": [{"Node Type": "Nested Loop", "Parent Relationship": "Outer", "Join Type": "Inner", "Startup Cost": 4.51, "Total Cost": 3326.6, "Plan Rows": 70, "Plan Width": 12, "Inner Unique": false, "Plans": [{"Node Type": "Nested Loop", "Parent Relationship": "Outer", "Join Type": "Inner", "Startup Cost": 4.51, "Total Cost": 3315.63, "Plan Rows": 33, "Plan Width": 4, "Inner Unique": false, "Plans": [{"Node Type": "Index Scan", "Parent Relationship": "Outer", "Scan Direction": "Forward", "Index Name": "keyword_pkey", "Relation Name": "keyword", "Alias": "k", "Startup Cost": 0.0, "Total Cost": 3182.72, "Plan Rows": 1, "Plan Width": 4, "Filter": "((keyword)::text = 'character-name-in-title'::text)"}, {"Node Type": "Bitmap Heap Scan", "Parent Relationship": "Inner", "Relation Name": "movie_keyword", "Alias": "mk", "Startup Cost": 4.51, "Total Cost": 132.58, "Plan Rows": 33, "Plan Width": 8, "Recheck Cond": "(keyword_id = k.id)", "Plans": [{"Node Type": "Bitmap Index Scan", "Parent Relationship": "Outer", "Index Name": "keyword_id_movie_keyword", "Startup Cost": 0.0, "Total Cost": 4.5, "Plan Rows": 33, "Plan Width": 0, "Index Cond": "(keyword_id = k.id)"}]}]}, {"Node Type": "Index Scan", "Parent Relationship": "Inner", "Scan Direction": "Forward", "Index Name": "movie_id_movie_companies", "Relation Name": "movie_companies", "Alias": "mc", "Startup Cost": 0.0, "Total Cost": 0.31, "Plan Rows": 2, "Plan Width": 8, "Index Cond": "(movie_id = mk.movie_id)"}]}, {"Node Type": "Index Scan", "Parent Relationship": "Inner", "Scan Direction": "Forward", "Index Name": "company_name_pkey", "Relation Name": "company_name", "Alias": "cn", "Startup Cost": 0.0, "Total Cost": 0.28, "Plan Rows": 1, "Plan Width": 4, "Index Cond": "(id = mc.company_id)", "Filter": "((country_code)::text = '[nl]'::text)"}]}, {"Node Type": "Index Scan", "Parent Relationship": "Inner", "Scan Direction": "Forward", "Index Name": "title_pkey", "Relation Name": "title", "Alias": "t", "Startup Cost": 0.0, "Total Cost": 0.31, "Plan Rows": 1, "Plan Width": 21, "Index Cond": "(id = mk.movie_id)"}]}]}, "Unique SQL Id": 2804875951, "Planner Runtime": 2}, "explain_analyze_plan": {"Plan": {"Node Type": "Aggregate", "Strategy": "Plain", "Startup Cost": 3347.38, "Total Cost": 3347.39, "Plan Rows": 1, "Plan Width": 49, "Actual Startup Time": 1116.379, "Actual Total Time": 1116.38, "Actual Rows": 1, "Actual Loops": 1, "Plans": [{"Node Type": "Nested Loop", "Parent Relationship": "Outer", "Join Type": "Inner", "Startup Cost": 4.51, "Total Cost": 3347.38, "Plan Rows": 2, "Plan Width": 17, "Actual Startup Time": 11.025, "Actual Total Time": 1112.884, "Actual Rows": 5228, "Actual Loops": 1, "Inner Unique": true, "Join Filter": "(mc.movie_id = t.id)", "Rows Removed by Join Filter": 0, "Plans": [{"Node Type": "Nested Loop", "Parent Relationship": "Outer", "Join Type": "Inner", "Startup Cost": 4.51, "Total Cost": 3346.73, "Plan Rows": 2, "Plan Width": 8, "Actual Startup Time": 11.01, "Actual Total Time": 1085.185, "Actual Rows": 5228, "Actual Loops": 1, "Inner Unique": true, "Plans": [{"Node Type": "Nested Loop", "Parent Relationship": "Outer", "Join Type": "Inner", "Startup Cost": 4.51, "Total Cost": 3326.6, "Plan Rows": 70, "Plan Width": 12, "Actual Startup Time": 8.008, "Actual Total Time": 447.869, "Actual Rows": 148552, "Actual Loops": 1, "Inner Unique": false, "Plans": [{"Node Type": "Nested Loop", "Parent Relationship": "Outer", "Join Type": "Inner", "Startup Cost": 4.51, "Total Cost": 3315.63, "Plan Rows": 33, "Plan Width": 4, "Actual Startup Time": 7.977, "Actual Total Time": 171.703, "Actual Rows": 41840, "Actual Loops": 1, "Inner Unique": false, "Plans": [{"Node Type": "Index Scan", "Parent Relationship": "Outer", "Scan Direction": "Forward", "Index Name": "keyword_pkey", "Relation Name": "keyword", "Alias": "k", "Startup Cost": 0.0, "Total Cost": 3182.72, "Plan Rows": 1, "Plan Width": 4, "Actual Startup Time": 0.191, "Actual Total Time": 115.745, "Actual Rows": 1, "Actual Loops": 1, "Filter": "((keyword)::text = 'character-name-in-title'::text)", "Rows Removed by Filter": 134168}, {"Node Type": "Bitmap Heap Scan", "Parent Relationship": "Inner", "Relation Name": "movie_keyword", "Alias": "mk", "Startup Cost": 4.51, "Total Cost": 132.58, "Plan Rows": 33, "Plan Width": 8, "Actual Startup Time": 7.779, "Actual Total Time": 46.991, "Actual Rows": 41840, "Actual Loops": 1, "Recheck Cond": "(keyword_id = k.id)", "Rows Removed by Index Recheck": 0, "Exact Heap Blocks": 9702, "Lossy Heap Blocks": 9702, "Plans": [{"Node Type": "Bitmap Index Scan", "Parent Relationship": "Outer", "Index Name": "keyword_id_movie_keyword", "Startup Cost": 0.0, "Total Cost": 4.5, "Plan Rows": 33, "Plan Width": 0, "Actual Startup Time": 6.034, "Actual Total Time": 6.034, "Actual Rows": 41840, "Actual Loops": 1, "Index Cond": "(keyword_id = k.id)"}]}]}, {"Node Type": "Index Scan", "Parent Relationship": "Inner", "Scan Direction": "Forward", "Index Name": "movie_id_movie_companies", "Relation Name": "movie_companies", "Alias": "mc", "Startup Cost": 0.0, "Total Cost": 0.31, "Plan Rows": 2, "Plan Width": 8, "Actual Startup Time": 147.833, "Actual Total Time": 220.177, "Actual Rows": 148552, "Actual Loops": 41840, "Index Cond": "(movie_id = mk.movie_id)", "Rows Removed by Index Recheck": 0}]}, {"Node Type": "Index Scan", "Parent Relationship": "Inner", "Scan Direction": "Forward", "Index Name": "company_name_pkey", "Relation Name": "company_name", "Alias": "cn", "Startup Cost": 0.0, "Total Cost": 0.28, "Plan Rows": 1, "Plan Width": 4, "Actual Startup Time": 563.904, "Actual Total Time": 563.904, "Actual Rows": 5228, "Actual Loops": 148552, "Index Cond": "(id = mc.company_id)", "Rows Removed by Index Recheck": 0, "Filter": "((country_code)::text = '[nl]'::text)", "Rows Removed by Filter": 143324}]}, {"Node Type": "Index Scan", "Parent Relationship": "Inner", "Scan Direction": "Forward", "Index Name": "title_pkey", "Relation Name": "title", "Alias": "t", "Startup Cost": 0.0, "Total Cost": 0.31, "Plan Rows": 1, "Plan Width": 21, "Actual Startup Time": 22.044, "Actual Total Time": 22.044, "Actual Rows": 5228, "Actual Loops": 5228, "Index Cond": "(id = mk.movie_id)", "Rows Removed by Index Recheck": 0}]}]}, "Triggers": [], "Planner Runtime": 9.698, "Total Runtime": 1116.687, "Unique SQL Id": 2804875951}}, "(64, '54')": {"explain_plan": {"Plan": {"Node Type": "Aggregate", "Strategy": "Plain", "Startup Cost": 3019.97, "Total Cost": 3019.98, "Plan Rows": 1, "Plan Width": 49, "Plans": [{"Node Type": "Nested Loop", "Parent Relationship": "Outer", "Join Type": "Inner", "Startup Cost": 5.3, "Total Cost": 3019.97, "Plan Rows": 2, "Plan Width": 17, "Inner Unique": true, "Join Filter": "(mc.movie_id = t.id)", "Plans": [{"Node Type": "Nested Loop", "Parent Relationship": "Outer", "Join Type": "Inner", "Startup Cost": 5.04, "Total Cost": 3011.39, "Plan Rows": 2, "Plan Width": 8, "Inner Unique": true, "Plans": [{"Node Type": "Nested Loop", "Parent Relationship": "Outer", "Join Type": "Inner", "Startup Cost": 4.78, "Total Cost": 2711.55, "Plan Rows": 70, "Plan Width": 12, "Inner Unique": false, "Plans": [{"Node Type": "Nested Loop", "Parent Relationship": "Outer", "Join Type": "Inner", "Startup Cost": 4.51, "Total Cost": 2569.02, "Plan Rows": 33, "Plan Width": 4, "Inner Unique": false, "Plans": [{"Node Type": "Seq Scan", "Parent Relationship": "Outer", "Relation Name": "keyword", "Alias": "k", "Startup Cost": 0.0, "Total Cost": 2436.11, "Plan Rows": 1, "Plan Width": 4, "Filter": "((keyword)::text = 'character-name-in-title'::text)"}, {"Node Type": "Bitmap Heap Scan", "Parent Relationship": "Inner", "Relation Name": "movie_keyword", "Alias": "mk", "Startup Cost": 4.51, "Total Cost": 132.58, "Plan Rows": 33, "Plan Width": 8, "Recheck Cond": "(keyword_id = k.id)", "Plans": [{"Node Type": "Bitmap Index Scan", "Parent Relationship": "Outer", "Index Name": "keyword_id_movie_keyword", "Startup Cost": 0.0, "Total Cost": 4.5, "Plan Rows": 33, "Plan Width": 0, "Index Cond": "(keyword_id = k.id)"}]}]}, {"Node Type": "Bitmap Heap Scan", "Parent Relationship": "Inner", "Relation Name": "movie_companies", "Alias": "mc", "Startup Cost": 0.27, "Total Cost": 4.3, "Plan Rows": 2, "Plan Width": 8, "Recheck Cond": "(movie_id = mk.movie_id)", "Plans": [{"Node Type": "Bitmap Index Scan", "Parent Relationship": "Outer", "Index Name": "movie_id_movie_companies", "Startup Cost": 0.0, "Total Cost": 0.27, "Plan Rows": 2, "Plan Width": 0, "Index Cond": "(movie_id = mk.movie_id)"}]}]}, {"Node Type": "Bitmap Heap Scan", "Parent Relationship": "Inner", "Relation Name": "company_name", "Alias": "cn", "Startup Cost": 0.26, "Total Cost": 4.27, "Plan Rows": 1, "Plan Width": 4, "Recheck Cond": "(id = mc.company_id)", "Filter": "((country_code)::text = '[nl]'::text)", "Plans": [{"Node Type": "Bitmap Index Scan", "Parent Relationship": "Outer", "Index Name": "company_name_pkey", "Startup Cost": 0.0, "Total Cost": 0.26, "Plan Rows": 1, "Plan Width": 0, "Index Cond": "(id = mc.company_id)"}]}]}, {"Node Type": "Bitmap Heap Scan", "Parent Relationship": "Inner", "Relation Name": "title", "Alias": "t", "Startup Cost": 0.27, "Total Cost": 4.28, "Plan Rows": 1, "Plan Width": 21, "Recheck Cond": "(id = mk.movie_id)", "Plans": [{"Node Type": "Bitmap Index Scan", "Parent Relationship": "Outer", "Index Name": "title_pkey", "Startup Cost": 0.0, "Total Cost": 0.27, "Plan Rows": 1, "Plan Width": 0, "Index Cond": "(id = mk.movie_id)"}]}]}]}, "Unique SQL Id": 2804875951, "Planner Runtime": 2}, "explain_analyze_plan": {"Plan": {"Node Type": "Aggregate", "Strategy": "Plain", "Startup Cost": 3019.97, "Total Cost": 3019.98, "Plan Rows": 1, "Plan Width": 49, "Actual Startup Time": 1379.762, "Actual Total Time": 1379.762, "Actual Rows": 1, "Actual Loops": 1, "Plans": [{"Node Type": "Nested Loop", "Parent Relationship": "Outer", "Join Type": "Inner", "Startup Cost": 5.3, "Total Cost": 3019.97, "Plan Rows": 2, "Plan Width": 17, "Actual Startup Time": 13.852, "Actual Total Time": 1374.961, "Actual Rows": 5228, "Actual Loops": 1, "Inner Unique": true, "Join Filter": "(mc.movie_id = t.id)", "Rows Removed by Join Filter": 0, "Plans": [{"Node Type": "Nested Loop", "Parent Relationship": "Outer", "Join Type": "Inner", "Startup Cost": 5.04, "Total Cost": 3011.39, "Plan Rows": 2, "Plan Width": 8, "Actual Startup Time": 13.83, "Actual Total Time": 1338.406, "Actual Rows": 5228, "Actual Loops": 1, "Inner Unique": true, "Plans": [{"Node Type": "Nested Loop", "Parent Relationship": "Outer", "Join Type": "Inner", "Startup Cost": 4.78, "Total Cost": 2711.55, "Plan Rows": 70, "Plan Width": 12, "Actual Startup Time": 9.636, "Actual Total Time": 474.478, "Actual Rows": 148552, "Actual Loops": 1, "Inner Unique": false, "Plans": [{"Node Type": "Nested Loop", "Parent Relationship": "Outer", "Join Type": "Inner", "Startup Cost": 4.51, "Total Cost": 2569.02, "Plan Rows": 33, "Plan Width": 4, "Actual Startup Time": 9.588, "Actual Total Time": 94.897, "Actual Rows": 41840, "Actual Loops": 1, "Inner Unique": false, "Plans": [{"Node Type": "Seq Scan", "Parent Relationship": "Outer", "Relation Name": "keyword", "Alias": "k", "Startup Cost": 0.0, "Total Cost": 2436.11, "Plan Rows": 1, "Plan Width": 4, "Actual Startup Time": 1.796, "Actual Total Time": 40.826, "Actual Rows": 1, "Actual Loops": 1, "Filter": "((keyword)::text = 'character-name-in-title'::text)", "Rows Removed by Filter": 134168}, {"Node Type": "Bitmap Heap Scan", "Parent Relationship": "Inner", "Relation Name": "movie_keyword", "Alias": "mk", "Startup Cost": 4.51, "Total Cost": 132.58, "Plan Rows": 33, "Plan Width": 8, "Actual Startup Time": 7.784, "Actual Total Time": 44.618, "Actual Rows": 41840, "Actual Loops": 1, "Recheck Cond": "(keyword_id = k.id)", "Rows Removed by Index Recheck": 0, "Exact Heap Blocks": 9702, "Lossy Heap Blocks": 9702, "Plans": [{"Node Type": "Bitmap Index Scan", "Parent Relationship": "Outer", "Index Name": "keyword_id_movie_keyword", "Startup Cost": 0.0, "Total Cost": 4.5, "Plan Rows": 33, "Plan Width": 0, "Actual Startup Time": 6.024, "Actual Total Time": 6.024, "Actual Rows": 41840, "Actual Loops": 1, "Index Cond": "(keyword_id = k.id)"}]}]}, {"Node Type": "Bitmap Heap Scan", "Parent Relationship": "Inner", "Relation Name": "movie_companies", "Alias": "mc", "Startup Cost": 0.27, "Total Cost": 4.3, "Plan Rows": 2, "Plan Width": 8, "Actual Startup Time": 239.829, "Actual Total Time": 294.063, "Actual Rows": 148552, "Actual Loops": 41840, "Recheck Cond": "(movie_id = mk.movie_id)", "Rows Removed by Index Recheck": 0, "Exact Heap Blocks": 62638, "Lossy Heap Blocks": 62638, "Plans": [{"Node Type": "Bitmap Index Scan", "Parent Relationship": "Outer", "Index Name": "movie_id_movie_companies", "Startup Cost": 0.0, "Total Cost": 0.27, "Plan Rows": 2, "Plan Width": 0, "Actual Startup Time": 149.912, "Actual Total Time": 149.912, "Actual Rows": 148552, "Actual Loops": 41840, "Index Cond": "(movie_id = mk.movie_id)"}]}]}, {"Node Type": "Bitmap Heap Scan", "Parent Relationship": "Inner", "Relation Name": "company_name", "Alias": "cn", "Startup Cost": 0.26, "Total Cost": 4.27, "Plan Rows": 1, "Plan Width": 4, "Actual Startup Time": 695.194, "Actual Total Time": 695.194, "Actual Rows": 5228, "Actual Loops": 148552, "Recheck Cond": "(id = mc.company_id)", "Rows Removed by Index Recheck": 0, "Filter": "((country_code)::text = '[nl]'::text)", "Rows Removed by Filter": 143324, "Exact Heap Blocks": 148552, "Lossy Heap Blocks": 148552, "Plans": [{"Node Type": "Bitmap Index Scan", "Parent Relationship": "Outer", "Index Name": "company_name_pkey", "Startup Cost": 0.0, "Total Cost": 0.26, "Plan Rows": 1, "Plan Width": 0, "Actual Startup Time": 387.396, "Actual Total Time": 387.396, "Actual Rows": 148552, "Actual Loops": 148552, "Index Cond": "(id = mc.company_id)"}]}]}, {"Node Type": "Bitmap Heap Scan", "Parent Relationship": "Inner", "Relation Name": "title", "Alias": "t", "Startup Cost": 0.27, "Total Cost": 4.28, "Plan Rows": 1, "Plan Width": 21, "Actual Startup Time": 27.627, "Actual Total Time": 27.627, "Actual Rows": 5228, "Actual Loops": 5228, "Recheck Cond": "(id = mk.movie_id)", "Rows Removed by Index Recheck": 0, "Exact Heap Blocks": 5228, "Lossy Heap Blocks": 5228, "Plans": [{"Node Type": "Bitmap Index Scan", "Parent Relationship": "Outer", "Index Name": "title_pkey", "Startup Cost": 0.0, "Total Cost": 0.27, "Plan Rows": 1, "Plan Width": 0, "Actual Startup Time": 16.124, "Actual Total Time": 16.124, "Actual Rows": 5228, "Actual Loops": 5228, "Index Cond": "(id = mk.movie_id)"}]}]}]}, "Triggers": [], "Planner Runtime": 9.995, "Total Runtime": 1380.114, "Unique SQL Id": 2804875951}}, "(64, '55')": {"explain_plan": {"Plan": {"Node Type": "Aggregate", "Strategy": "Plain", "Startup Cost": 3739.07, "Total Cost": 3739.08, "Plan Rows": 1, "Plan Width": 49, "Plans": [{"Node Type": "Nested Loop", "Parent Relationship": "Outer", "Join Type": "Inner", "Startup Cost": 724.4, "Total Cost": 3739.06, "Plan Rows": 2, "Plan Width": 17, "Inner Unique": true, "Join Filter": "(mc.movie_id = t.id)", "Plans": [{"Node Type": "Nested Loop", "Parent Relationship": "Outer", "Join Type": "Inner", "Startup Cost": 724.13, "Total Cost": 3730.48, "Plan Rows": 2, "Plan Width": 8, "Inner Unique": true, "Plans": [{"Node Type": "Nested Loop", "Parent Relationship": "Outer", "Join Type": "Inner", "Startup Cost": 723.87, "Total Cost": 3430.65, "Plan Rows": 70, "Plan Width": 12, "Inner Unique": false, "Plans": [{"Node Type": "Nested Loop", "Parent Relationship": "Outer", "Join Type": "Inner", "Startup Cost": 723.6, "Total Cost": 3288.12, "Plan Rows": 33, "Plan Width": 4, "Inner Unique": false, "Plans": [{"Node Type": "Bitmap Heap Scan", "Parent Relationship": "Outer", "Relation Name": "keyword", "Alias": "k", "Startup Cost": 719.1, "Total Cost": 3155.21, "Plan Rows": 1, "Plan Width": 4, "Filter": "((keyword)::text = 'character-name-in-title'::text)", "Plans": [{"Node Type": "Bitmap Index Scan", "Parent Relationship": "Outer", "Index Name": "keyword_pkey", "Startup Cost": 0.0, "Total Cost": 719.1, "Plan Rows": 134169, "Plan Width": 0}]}, {"Node Type": "Bitmap Heap Scan", "Parent Relationship": "Inner", "Relation Name": "movie_keyword", "Alias": "mk", "Startup Cost": 4.51, "Total Cost": 132.58, "Plan Rows": 33, "Plan Width": 8, "Recheck Cond": "(keyword_id = k.id)", "Plans": [{"Node Type": "Bitmap Index Scan", "Parent Relationship": "Outer", "Index Name": "keyword_id_movie_keyword", "Startup Cost": 0.0, "Total Cost": 4.5, "Plan Rows": 33, "Plan Width": 0, "Index Cond": "(keyword_id = k.id)"}]}]}, {"Node Type": "Bitmap Heap Scan", "Parent Relationship": "Inner", "Relation Name": "movie_companies", "Alias": "mc", "Startup Cost": 0.27, "Total Cost": 4.3, "Plan Rows": 2, "Plan Width": 8, "Recheck Cond": "(movie_id = mk.movie_id)", "Plans": [{"Node Type": "Bitmap Index Scan", "Parent Relationship": "Outer", "Index Name": "movie_id_movie_companies", "Startup Cost": 0.0, "Total Cost": 0.27, "Plan Rows": 2, "Plan Width": 0, "Index Cond": "(movie_id = mk.movie_id)"}]}]}, {"Node Type": "Bitmap Heap Scan", "Parent Relationship": "Inner", "Relation Name": "company_name", "Alias": "cn", "Startup Cost": 0.26, "Total Cost": 4.27, "Plan Rows": 1, "Plan Width": 4, "Recheck Cond": "(id = mc.company_id)", "Filter": "((country_code)::text = '[nl]'::text)", "Plans": [{"Node Type": "Bitmap Index Scan", "Parent Relationship": "Outer", "Index Name": "company_name_pkey", "Startup Cost": 0.0, "Total Cost": 0.26, "Plan Rows": 1, "Plan Width": 0, "Index Cond": "(id = mc.company_id)"}]}]}, {"Node Type": "Bitmap Heap Scan", "Parent Relationship": "Inner", "Relation Name": "title", "Alias": "t", "Startup Cost": 0.27, "Total Cost": 4.28, "Plan Rows": 1, "Plan Width": 21, "Recheck Cond": "(id = mk.movie_id)", "Plans": [{"Node Type": "Bitmap Index Scan", "Parent Relationship": "Outer", "Index Name": "title_pkey", "Startup Cost": 0.0, "Total Cost": 0.27, "Plan Rows": 1, "Plan Width": 0, "Index Cond": "(id = mk.movie_id)"}]}]}]}, "Unique SQL Id": 2804875951, "Planner Runtime": 2}, "explain_analyze_plan": {"Plan": {"Node Type": "Aggregate", "Strategy": "Plain", "Startup Cost": 3739.07, "Total Cost": 3739.08, "Plan Rows": 1, "Plan Width": 49, "Actual Startup Time": 1403.708, "Actual Total Time": 1403.709, "Actual Rows": 1, "Actual Loops": 1, "Plans": [{"Node Type": "Nested Loop", "Parent Relationship": "Outer", "Join Type": "Inner", "Startup Cost": 724.4, "Total Cost": 3739.06, "Plan Rows": 2, "Plan Width": 17, "Actual Startup Time": 25.933, "Actual Total Time": 1398.814, "Actual Rows": 5228, "Actual Loops": 1, "Inner Unique": true, "Join Filter": "(mc.movie_id = t.id)", "Rows Removed by Join Filter": 0, "Plans": [{"Node Type": "Nested Loop", "Parent Relationship": "Outer", "Join Type": "Inner", "Startup Cost": 724.13, "Total Cost": 3730.48, "Plan Rows": 2, "Plan Width": 8, "Actual Startup Time": 25.914, "Actual Total Time": 1361.007, "Actual Rows": 5228, "Actual Loops": 1, "Inner Unique": true, "Plans": [{"Node Type": "Nested Loop", "Parent Relationship": "Outer", "Join Type": "Inner", "Startup Cost": 723.87, "Total Cost": 3430.65, "Plan Rows": 70, "Plan Width": 12, "Actual Startup Time": 21.809, "Actual Total Time": 500.96, "Actual Rows": 148552, "Actual Loops": 1, "Inner Unique": false, "Plans": [{"Node Type": "Nested Loop", "Parent Relationship": "Outer", "Join Type": "Inner", "Startup Cost": 723.6, "Total Cost": 3288.12, "Plan Rows": 33, "Plan Width": 4, "Actual Startup Time": 21.768, "Actual Total Time": 121.31, "Actual Rows": 41840, "Actual Loops": 1, "Inner Unique": false, "Plans": [{"Node Type": "Bitmap Heap Scan", "Parent Relationship": "Outer", "Relation Name": "keyword", "Alias": "k", "Startup Cost": 719.1, "Total Cost": 3155.21, "Plan Rows": 1, "Plan Width": 4, "Actual Startup Time": 14.099, "Actual Total Time": 67.292, "Actual Rows": 1, "Actual Loops": 1, "Filter": "((keyword)::text = 'character-name-in-title'::text)", "Rows Removed by Filter": 134168, "Exact Heap Blocks": 759, "Lossy Heap Blocks": 759, "Plans": [{"Node Type": "Bitmap Index Scan", "Parent Relationship": "Outer", "Index Name": "keyword_pkey", "Startup Cost": 0.0, "Total Cost": 719.1, "Plan Rows": 134169, "Plan Width": 0, "Actual Startup Time": 11.779, "Actual Total Time": 11.779, "Actual Rows": 134169, "Actual Loops": 1}]}, {"Node Type": "Bitmap Heap Scan", "Parent Relationship": "Inner", "Relation Name": "movie_keyword", "Alias": "mk", "Startup Cost": 4.51, "Total Cost": 132.58, "Plan Rows": 33, "Plan Width": 8, "Actual Startup Time": 7.658, "Actual Total Time": 44.762, "Actual Rows": 41840, "Actual Loops": 1, "Recheck Cond": "(keyword_id = k.id)", "Rows Removed by Index Recheck": 0, "Exact Heap Blocks": 9702, "Lossy Heap Blocks": 9702, "Plans": [{"Node Type": "Bitmap Index Scan", "Parent Relationship": "Outer", "Index Name": "keyword_id_movie_keyword", "Startup Cost": 0.0, "Total Cost": 4.5, "Plan Rows": 33, "Plan Width": 0, "Actual Startup Time": 5.929, "Actual Total Time": 5.929, "Actual Rows": 41840, "Actual Loops": 1, "Index Cond": "(keyword_id = k.id)"}]}]}, {"Node Type": "Bitmap Heap Scan", "Parent Relationship": "Inner", "Relation Name": "movie_companies", "Alias": "mc", "Startup Cost": 0.27, "Total Cost": 4.3, "Plan Rows": 2, "Plan Width": 8, "Actual Startup Time": 239.943, "Actual Total Time": 294.096, "Actual Rows": 148552, "Actual Loops": 41840, "Recheck Cond": "(movie_id = mk.movie_id)", "Rows Removed by Index Recheck": 0, "Exact Heap Blocks": 62638, "Lossy Heap Blocks": 62638, "Plans": [{"Node Type": "Bitmap Index Scan", "Parent Relationship": "Outer", "Index Name": "movie_id_movie_companies", "Startup Cost": 0.0, "Total Cost": 0.27, "Plan Rows": 2, "Plan Width": 0, "Actual Startup Time": 149.366, "Actual Total Time": 149.366, "Actual Rows": 148552, "Actual Loops": 41840, "Index Cond": "(movie_id = mk.movie_id)"}]}]}, {"Node Type": "Bitmap Heap Scan", "Parent Relationship": "Inner", "Relation Name": "company_name", "Alias": "cn", "Startup Cost": 0.26, "Total Cost": 4.27, "Plan Rows": 1, "Plan Width": 4, "Actual Startup Time": 691.231, "Actual Total Time": 691.231, "Actual Rows": 5228, "Actual Loops": 148552, "Recheck Cond": "(id = mc.company_id)", "Rows Removed by Index Recheck": 0, "Filter": "((country_code)::text = '[nl]'::text)", "Rows Removed by Filter": 143324, "Exact Heap Blocks": 148552, "Lossy Heap Blocks": 148552, "Plans": [{"Node Type": "Bitmap Index Scan", "Parent Relationship": "Outer", "Index Name": "company_name_pkey", "Startup Cost": 0.0, "Total Cost": 0.26, "Plan Rows": 1, "Plan Width": 0, "Actual Startup Time": 387.407, "Actual Total Time": 387.407, "Actual Rows": 148552, "Actual Loops": 148552, "Index Cond": "(id = mc.company_id)"}]}]}, {"Node Type": "Bitmap Heap Scan", "Parent Relationship": "Inner", "Relation Name": "title", "Alias": "t", "Startup Cost": 0.27, "Total Cost": 4.28, "Plan Rows": 1, "Plan Width": 21, "Actual Startup Time": 27.84, "Actual Total Time": 27.84, "Actual Rows": 5228, "Actual Loops": 5228, "Recheck Cond": "(id = mk.movie_id)", "Rows Removed by Index Recheck": 0, "Exact Heap Blocks": 5228, "Lossy Heap Blocks": 5228, "Plans": [{"Node Type": "Bitmap Index Scan", "Parent Relationship": "Outer", "Index Name": "title_pkey", "Startup Cost": 0.0, "Total Cost": 0.27, "Plan Rows": 1, "Plan Width": 0, "Actual Startup Time": 16.25, "Actual Total Time": 16.25, "Actual Rows": 5228, "Actual Loops": 5228, "Index Cond": "(id = mk.movie_id)"}]}]}]}, "Triggers": [], "Planner Runtime": 9.206, "Total Runtime": 1404.134, "Unique SQL Id": 2804875951}}, "(64, '56')": {"explain_plan": {"Plan": {"Node Type": "Aggregate", "Strategy": "Plain", "Startup Cost": 2605.07, "Total Cost": 2605.08, "Plan Rows": 1, "Plan Width": 49, "Plans": [{"Node Type": "Nested Loop", "Parent Relationship": "Outer", "Join Type": "Inner", "Startup Cost": 0.0, "Total Cost": 2605.07, "Plan Rows": 2, "Plan Width": 17, "Inner Unique": true, "Join Filter": "(mc.movie_id = t.id)", "Plans": [{"Node Type": "Nested Loop", "Parent Relationship": "Outer", "Join Type": "Inner", "Startup Cost": 0.0, "Total Cost": 2604.42, "Plan Rows": 2, "Plan Width": 8, "Inner Unique": true, "Plans": [{"Node Type": "Nested Loop", "Parent Relationship": "Outer", "Join Type": "Inner", "Startup Cost": 0.0, "Total Cost": 2584.29, "Plan Rows": 70, "Plan Width": 12, "Inner Unique": false, "Plans": [{"Node Type": "Nested Loop", "Parent Relationship": "Outer", "Join Type": "Inner", "Startup Cost": 0.0, "Total Cost": 2573.32, "Plan Rows": 33, "Plan Width": 4, "Inner Unique": false, "Plans": [{"Node Type": "Seq Scan", "Parent Relationship": "Outer", "Relation Name": "keyword", "Alias": "k", "Startup Cost": 0.0, "Total Cost": 2436.11, "Plan Rows": 1, "Plan Width": 4, "Filter": "((keyword)::text = 'character-name-in-title'::text)"}, {"Node Type": "Index Scan", "Parent Relationship": "Inner", "Scan Direction": "Forward", "Index Name": "keyword_id_movie_keyword", "Relation Name": "movie_keyword", "Alias": "mk", "Startup Cost": 0.0, "Total Cost": 136.88, "Plan Rows": 33, "Plan Width": 8, "Index Cond": "(keyword_id = k.id)"}]}, {"Node Type": "Index Scan", "Parent Relationship": "Inner", "Scan Direction": "Forward", "Index Name": "movie_id_movie_companies", "Relation Name": "movie_companies", "Alias": "mc", "Startup Cost": 0.0, "Total Cost": 0.31, "Plan Rows": 2, "Plan Width": 8, "Index Cond": "(movie_id = mk.movie_id)"}]}, {"Node Type": "Index Scan", "Parent Relationship": "Inner", "Scan Direction": "Forward", "Index Name": "company_name_pkey", "Relation Name": "company_name", "Alias": "cn", "Startup Cost": 0.0, "Total Cost": 0.28, "Plan Rows": 1, "Plan Width": 4, "Index Cond": "(id = mc.company_id)", "Filter": "((country_code)::text = '[nl]'::text)"}]}, {"Node Type": "Index Scan", "Parent Relationship": "Inner", "Scan Direction": "Forward", "Index Name": "title_pkey", "Relation Name": "title", "Alias": "t", "Startup Cost": 0.0, "Total Cost": 0.31, "Plan Rows": 1, "Plan Width": 21, "Index Cond": "(id = mk.movie_id)"}]}]}, "Unique SQL Id": 2804875951, "Planner Runtime": 2}, "explain_analyze_plan": {"Plan": {"Node Type": "Aggregate", "Strategy": "Plain", "Startup Cost": 2605.07, "Total Cost": 2605.08, "Plan Rows": 1, "Plan Width": 49, "Actual Startup Time": 1012.388, "Actual Total Time": 1012.388, "Actual Rows": 1, "Actual Loops": 1, "Plans": [{"Node Type": "Nested Loop", "Parent Relationship": "Outer", "Join Type": "Inner", "Startup Cost": 0.0, "Total Cost": 2605.07, "Plan Rows": 2, "Plan Width": 17, "Actual Startup Time": 5.012, "Actual Total Time": 1009.079, "Actual Rows": 5228, "Actual Loops": 1, "Inner Unique": true, "Join Filter": "(mc.movie_id = t.id)", "Rows Removed by Join Filter": 0, "Plans": [{"Node Type": "Nested Loop", "Parent Relationship": "Outer", "Join Type": "Inner", "Startup Cost": 0.0, "Total Cost": 2604.42, "Plan Rows": 2, "Plan Width": 8, "Actual Startup Time": 4.995, "Actual Total Time": 981.958, "Actual Rows": 5228, "Actual Loops": 1, "Inner Unique": true, "Plans": [{"Node Type": "Nested Loop", "Parent Relationship": "Outer", "Join Type": "Inner", "Startup Cost": 0.0, "Total Cost": 2584.29, "Plan Rows": 70, "Plan Width": 12, "Actual Startup Time": 1.847, "Actual Total Time": 360.079, "Actual Rows": 148552, "Actual Loops": 1, "Inner Unique": false, "Plans": [{"Node Type": "Nested Loop", "Parent Relationship": "Outer", "Join Type": "Inner", "Startup Cost": 0.0, "Total Cost": 2573.32, "Plan Rows": 33, "Plan Width": 4, "Actual Startup Time": 1.828, "Actual Total Time": 88.983, "Actual Rows": 41840, "Actual Loops": 1, "Inner Unique": false, "Plans": [{"Node Type": "Seq Scan", "Parent Relationship": "Outer", "Relation Name": "keyword", "Alias": "k", "Startup Cost": 0.0, "Total Cost": 2436.11, "Plan Rows": 1, "Plan Width": 4, "Actual Startup Time": 1.8, "Actual Total Time": 41.022, "Actual Rows": 1, "Actual Loops": 1, "Filter": "((keyword)::text = 'character-name-in-title'::text)", "Rows Removed by Filter": 134168}, {"Node Type": "Index Scan", "Parent Relationship": "Inner", "Scan Direction": "Forward", "Index Name": "keyword_id_movie_keyword", "Relation Name": "movie_keyword", "Alias": "mk", "Startup Cost": 0.0, "Total Cost": 136.88, "Plan Rows": 33, "Plan Width": 8, "Actual Startup Time": 0.023, "Actual Total Time": 38.639, "Actual Rows": 41840, "Actual Loops": 1, "Index Cond": "(keyword_id = k.id)", "Rows Removed by Index Recheck": 0}]}, {"Node Type": "Index Scan", "Parent Relationship": "Inner", "Scan Direction": "Forward", "Index Name": "movie_id_movie_companies", "Relation Name": "movie_companies", "Alias": "mc", "Startup Cost": 0.0, "Total Cost": 0.31, "Plan Rows": 2, "Plan Width": 8, "Actual Startup Time": 143.596, "Actual Total Time": 214.856, "Actual Rows": 148552, "Actual Loops": 41840, "Index Cond": "(movie_id = mk.movie_id)", "Rows Removed by Index Recheck": 0}]}, {"Node Type": "Index Scan", "Parent Relationship": "Inner", "Scan Direction": "Forward", "Index Name": "company_name_pkey", "Relation Name": "company_name", "Alias": "cn", "Startup Cost": 0.0, "Total Cost": 0.28, "Plan Rows": 1, "Plan Width": 4, "Actual Startup Time": 549.432, "Actual Total Time": 549.432, "Actual Rows": 5228, "Actual Loops": 148552, "Index Cond": "(id = mc.company_id)", "Rows Removed by Index Recheck": 0, "Filter": "((country_code)::text = '[nl]'::text)", "Rows Removed by Filter": 143324}]}, {"Node Type": "Index Scan", "Parent Relationship": "Inner", "Scan Direction": "Forward", "Index Name": "title_pkey", "Relation Name": "title", "Alias": "t", "Startup Cost": 0.0, "Total Cost": 0.31, "Plan Rows": 1, "Plan Width": 21, "Actual Startup Time": 21.388, "Actual Total Time": 21.388, "Actual Rows": 5228, "Actual Loops": 5228, "Index Cond": "(id = mk.movie_id)", "Rows Removed by Index Recheck": 0}]}]}, "Triggers": [], "Planner Runtime": 9.715, "Total Runtime": 1012.617, "Unique SQL Id": 2804875951}}, "(64, '57')": {"explain_plan": {"Plan": {"Node Type": "Aggregate", "Strategy": "Plain", "Startup Cost": 3351.67, "Total Cost": 3351.68, "Plan Rows": 1, "Plan Width": 49, "Plans": [{"Node Type": "Nested Loop", "Parent Relationship": "Outer", "Join Type": "Inner", "Startup Cost": 0.0, "Total Cost": 3351.67, "Plan Rows": 2, "Plan Width": 17, "Inner Unique": true, "Join Filter": "(mc.movie_id = t.id)", "Plans": [{"Node Type": "Nested Loop", "Parent Relationship": "Outer", "Join Type": "Inner", "Startup Cost": 0.0, "Total Cost": 3351.03, "Plan Rows": 2, "Plan Width": 8, "Inner Unique": true, "Plans": [{"Node Type": "Nested Loop", "Parent Relationship": "Outer", "Join Type": "Inner", "Startup Cost": 0.0, "Total Cost": 3330.89, "Plan Rows": 70, "Plan Width": 12, "Inner Unique": false, "Plans": [{"Node Type": "Nested Loop", "Parent Relationship": "Outer", "Join Type": "Inner", "Startup Cost": 0.0, "Total Cost": 3319.92, "Plan Rows": 33, "Plan Width": 4, "Inner Unique": false, "Plans": [{"Node Type": "Index Scan", "Parent Relationship": "Outer", "Scan Direction": "Forward", "Index Name": "keyword_pkey", "Relation Name": "keyword", "Alias": "k", "Startup Cost": 0.0, "Total Cost": 3182.72, "Plan Rows": 1, "Plan Width": 4, "Filter": "((keyword)::text = 'character-name-in-title'::text)"}, {"Node Type": "Index Scan", "Parent Relationship": "Inner", "Scan Direction": "Forward", "Index Name": "keyword_id_movie_keyword", "Relation Name": "movie_keyword", "Alias": "mk", "Startup Cost": 0.0, "Total Cost": 136.88, "Plan Rows": 33, "Plan Width": 8, "Index Cond": "(keyword_id = k.id)"}]}, {"Node Type": "Index Scan", "Parent Relationship": "Inner", "Scan Direction": "Forward", "Index Name": "movie_id_movie_companies", "Relation Name": "movie_companies", "Alias": "mc", "Startup Cost": 0.0, "Total Cost": 0.31, "Plan Rows": 2, "Plan Width": 8, "Index Cond": "(movie_id = mk.movie_id)"}]}, {"Node Type": "Index Scan", "Parent Relationship": "Inner", "Scan Direction": "Forward", "Index Name": "company_name_pkey", "Relation Name": "company_name", "Alias": "cn", "Startup Cost": 0.0, "Total Cost": 0.28, "Plan Rows": 1, "Plan Width": 4, "Index Cond": "(id = mc.company_id)", "Filter": "((country_code)::text = '[nl]'::text)"}]}, {"Node Type": "Index Scan", "Parent Relationship": "Inner", "Scan Direction": "Forward", "Index Name": "title_pkey", "Relation Name": "title", "Alias": "t", "Startup Cost": 0.0, "Total Cost": 0.31, "Plan Rows": 1, "Plan Width": 21, "Index Cond": "(id = mk.movie_id)"}]}]}, "Unique SQL Id": 2804875951, "Planner Runtime": 1}, "explain_analyze_plan": {"Plan": {"Node Type": "Aggregate", "Strategy": "Plain", "Startup Cost": 3351.67, "Total Cost": 3351.68, "Plan Rows": 1, "Plan Width": 49, "Actual Startup Time": 1116.77, "Actual Total Time": 1116.771, "Actual Rows": 1, "Actual Loops": 1, "Plans": [{"Node Type": "Nested Loop", "Parent Relationship": "Outer", "Join Type": "Inner", "Startup Cost": 0.0, "Total Cost": 3351.67, "Plan Rows": 2, "Plan Width": 17, "Actual Startup Time": 3.238, "Actual Total Time": 1113.589, "Actual Rows": 5228, "Actual Loops": 1, "Inner Unique": true, "Join Filter": "(mc.movie_id = t.id)", "Rows Removed by Join Filter": 0, "Plans": [{"Node Type": "Nested Loop", "Parent Relationship": "Outer", "Join Type": "Inner", "Startup Cost": 0.0, "Total Cost": 3351.03, "Plan Rows": 2, "Plan Width": 8, "Actual Startup Time": 3.224, "Actual Total Time": 1085.006, "Actual Rows": 5228, "Actual Loops": 1, "Inner Unique": true, "Plans": [{"Node Type": "Nested Loop", "Parent Relationship": "Outer", "Join Type": "Inner", "Startup Cost": 0.0, "Total Cost": 3330.89, "Plan Rows": 70, "Plan Width": 12, "Actual Startup Time": 0.233, "Actual Total Time": 449.234, "Actual Rows": 148552, "Actual Loops": 1, "Inner Unique": false, "Plans": [{"Node Type": "Nested Loop", "Parent Relationship": "Outer", "Join Type": "Inner", "Startup Cost": 0.0, "Total Cost": 3319.92, "Plan Rows": 33, "Plan Width": 4, "Actual Startup Time": 0.215, "Actual Total Time": 166.059, "Actual Rows": 41840, "Actual Loops": 1, "Inner Unique": false, "Plans": [{"Node Type": "Index Scan", "Parent Relationship": "Outer", "Scan Direction": "Forward", "Index Name": "keyword_pkey", "Relation Name": "keyword", "Alias": "k", "Startup Cost": 0.0, "Total Cost": 3182.72, "Plan Rows": 1, "Plan Width": 4, "Actual Startup Time": 0.194, "Actual Total Time": 113.965, "Actual Rows": 1, "Actual Loops": 1, "Filter": "((keyword)::text = 'character-name-in-title'::text)", "Rows Removed by Filter": 134168}, {"Node Type": "Index Scan", "Parent Relationship": "Inner", "Scan Direction": "Forward", "Index Name": "keyword_id_movie_keyword", "Relation Name": "movie_keyword", "Alias": "mk", "Startup Cost": 0.0, "Total Cost": 136.88, "Plan Rows": 33, "Plan Width": 8, "Actual Startup Time": 0.017, "Actual Total Time": 42.534, "Actual Rows": 41840, "Actual Loops": 1, "Index Cond": "(keyword_id = k.id)", "Rows Removed by Index Recheck": 0}]}, {"Node Type": "Index Scan", "Parent Relationship": "Inner", "Scan Direction": "Forward", "Index Name": "movie_id_movie_companies", "Relation Name": "movie_companies", "Alias": "mc", "Startup Cost": 0.0, "Total Cost": 0.31, "Plan Rows": 2, "Plan Width": 8, "Actual Startup Time": 152.025, "Actual Total Time": 226.956, "Actual Rows": 148552, "Actual Loops": 41840, "Index Cond": "(movie_id = mk.movie_id)", "Rows Removed by Index Recheck": 0}]}, {"Node Type": "Index Scan", "Parent Relationship": "Inner", "Scan Direction": "Forward", "Index Name": "company_name_pkey", "Relation Name": "company_name", "Alias": "cn", "Startup Cost": 0.0, "Total Cost": 0.28, "Plan Rows": 1, "Plan Width": 4, "Actual Startup Time": 563.165, "Actual Total Time": 563.165, "Actual Rows": 5228, "Actual Loops": 148552, "Index Cond": "(id = mc.company_id)", "Rows Removed by Index Recheck": 0, "Filter": "((country_code)::text = '[nl]'::text)", "Rows Removed by Filter": 143324}]}, {"Node Type": "Index Scan", "Parent Relationship": "Inner", "Scan Direction": "Forward", "Index Name": "title_pkey", "Relation Name": "title", "Alias": "t", "Startup Cost": 0.0, "Total Cost": 0.31, "Plan Rows": 1, "Plan Width": 21, "Actual Startup Time": 22.945, "Actual Total Time": 22.945, "Actual Rows": 5228, "Actual Loops": 5228, "Index Cond": "(id = mk.movie_id)", "Rows Removed by Index Recheck": 0}]}]}, "Triggers": [], "Planner Runtime": 9.86, "Total Runtime": 1117.024, "Unique SQL Id": 2804875951}}, "(64, '58')": {"explain_plan": {"Plan": {"Node Type": "Aggregate", "Strategy": "Plain", "Startup Cost": 1598936.31, "Total Cost": 1598936.32, "Plan Rows": 1, "Plan Width": 49, "Plans": [{"Node Type": "Nested Loop", "Parent Relationship": "Outer", "Join Type": "Inner", "Startup Cost": 0.0, "Total Cost": 1598936.31, "Plan Rows": 2, "Plan Width": 17, "Inner Unique": false, "Join Filter": "(mc.movie_id = t.id)", "Plans": [{"Node Type": "Seq Scan", "Parent Relationship": "Outer", "Relation Name": "title", "Alias": "t", "Startup Cost": 0.0, "Total Cost": 60069.11, "Plan Rows": 2528311, "Plan Width": 21}, {"Node Type": "Materialize", "Parent Relationship": "Inner", "Startup Cost": 0.0, "Total Cost": 1463017.87, "Plan Rows": 2, "Plan Width": 8, "Plans": [{"Node Type": "Nested Loop", "Parent Relationship": "Outer", "Join Type": "Inner", "Startup Cost": 0.0, "Total Cost": 1463017.86, "Plan Rows": 2, "Plan Width": 8, "Inner Unique": false, "Join Filter": "(mc.company_id = cn.id)", "Plans": [{"Node Type": "Seq Scan", "Parent Relationship": "Outer", "Relation Name": "company_name", "Alias": "cn", "Startup Cost": 0.0, "Total Cost": 5903.45, "Plan Rows": 2240, "Plan Width": 4, "Filter": "((country_code)::text = '[nl]'::text)"}, {"Node Type": "Materialize", "Parent Relationship": "Inner", "Startup Cost": 0.0, "Total Cost": 1454762.59, "Plan Rows": 70, "Plan Width": 12, "Plans": [{"Node Type": "Nested Loop", "Parent Relationship": "Outer", "Join Type": "Inner", "Startup Cost": 0.0, "Total Cost": 1454762.24, "Plan Rows": 70, "Plan Width": 12, "Inner Unique": false, "Join Filter": "(mk.movie_id = mc.movie_id)", "Plans": [{"Node Type": "Seq Scan", "Parent Relationship": "Outer", "Relation Name": "movie_companies", "Alias": "mc", "Startup Cost": 0.0, "Total Cost": 41817.28, "Plan Rows": 2609128, "Plan Width": 8}, {"Node Type": "Materialize", "Parent Relationship": "Inner", "Startup Cost": 0.0, "Total Cost": 121426.68, "Plan Rows": 33, "Plan Width": 4, "Plans": [{"Node Type": "Nested Loop", "Parent Relationship": "Outer", "Join Type": "Inner", "Startup Cost": 0.0, "Total Cost": 121426.52, "Plan Rows": 33, "Plan Width": 4, "Inner Unique": false, "Join Filter": "(k.id = mk.keyword_id)", "Plans": [{"Node Type": "Seq Scan", "Parent Relationship": "Outer", "Relation Name": "keyword", "Alias": "k", "Startup Cost": 0.0, "Total Cost": 2436.11, "Plan Rows": 1, "Plan Width": 4, "Filter": "((keyword)::text = 'character-name-in-title'::text)"}, {"Node Type": "Seq Scan", "Parent Relationship": "Inner", "Relation Name": "movie_keyword", "Alias": "mk", "Startup Cost": 0.0, "Total Cost": 62441.29, "Plan Rows": 4523929, "Plan Width": 8}]}]}]}]}]}]}]}]}, "Unique SQL Id": 2804875951, "Planner Runtime": 2}, "explain_analyze_plan": null}, "(64, '59')": {"explain_plan": {"Plan": {"Node Type": "Aggregate", "Strategy": "Plain", "Startup Cost": 5000041492550.78, "Total Cost": 5000041492550.79, "Plan Rows": 1, "Plan Width": 49, "Plans": [{"Node Type": "Nested Loop", "Parent Relationship": "Outer", "Join Type": "Inner", "Startup Cost": 50000000000.0, "Total Cost": 5000041492550.77, "Plan Rows": 2, "Plan Width": 17, "Inner Unique": false, "Join Filter": "(mc.movie_id = t.id)", "Plans": [{"Node Type": "Index Scan", "Parent Relationship": "Outer", "Scan Direction": "Forward", "Index Name": "title_pkey", "Relation Name": "title", "Alias": "t", "Startup Cost": 10000000000.0, "Total Cost": 1000011012048.91, "Plan Rows": 2528311, "Plan Width": 21}, {"Node Type": "Materialize", "Parent Relationship": "Inner", "Startup Cost": 40000000000.0, "Total Cost": 4000030404652.53, "Plan Rows": 2, "Plan Width": 8, "Plans": [{"Node Type": "Nested Loop", "Parent Relationship": "Outer", "Join Type": "Inner", "Startup Cost": 40000000000.0, "Total Cost": 4000030404652.52, "Plan Rows": 2, "Plan Width": 8, "Inner Unique": true, "Join Filter": "(mc.company_id = cn.id)", "Plans": [{"Node Type": "Nested Loop", "Parent Relationship": "Outer", "Join Type": "Inner", "Startup Cost": 30000000000.0, "Total Cost": 3000029352155.95, "Plan Rows": 70, "Plan Width": 12, "Inner Unique": false, "Join Filter": "(mk.movie_id = mc.movie_id)", "Plans": [{"Node Type": "Nested Loop", "Parent Relationship": "Outer", "Join Type": "Inner", "Startup Cost": 20000000000.0, "Total Cost": 2000015686764.79, "Plan Rows": 33, "Plan Width": 4, "Inner Unique": true, "Join Filter": "(k.id = mk.keyword_id)", "Plans": [{"Node Type": "Index Scan", "Parent Relationship": "Outer", "Scan Direction": "Forward", "Index Name": "movie_id_movie_keyword", "Relation Name": "movie_keyword", "Alias": "mk", "Startup Cost": 10000000000.0, "Total Cost": 1000015300634.17, "Plan Rows": 4523929, "Plan Width": 8}, {"Node Type": "Materialize", "Parent Relationship": "Inner", "Startup Cost": 10000000000.0, "Total Cost": 1000000318271.69, "Plan Rows": 1, "Plan Width": 4, "Plans": [{"Node Type": "Index Scan", "Parent Relationship": "Outer", "Scan Direction": "Forward", "Index Name": "keyword_pkey", "Relation Name": "keyword", "Alias": "k", "Startup Cost": 10000000000.0, "Total Cost": 1000000318271.68, "Plan Rows": 1, "Plan Width": 4, "Filter": "((keyword)::text = 'character-name-in-title'::text)"}]}]}, {"Node Type": "Materialize", "Parent Relationship": "Inner", "Startup Cost": 10000000000.0, "Total Cost": 1000012380395.62, "Plan Rows": 2609128, "Plan Width": 8, "Plans": [{"Node Type": "Index Scan", "Parent Relationship": "Outer", "Scan Direction": "Forward", "Index Name": "company_id_movie_companies", "Relation Name": "movie_companies", "Alias": "mc", "Startup Cost": 10000000000.0, "Total Cost": 1000012367349.98, "Plan Rows": 2609128, "Plan Width": 8}]}]}, {"Node Type": "Materialize", "Parent Relationship": "Inner", "Startup Cost": 10000000000.0, "Total Cost": 1000001050150.17, "Plan Rows": 2240, "Plan Width": 4, "Plans": [{"Node Type": "Index Scan", "Parent Relationship": "Outer", "Scan Direction": "Forward", "Index Name": "company_name_pkey", "Relation Name": "company_name", "Alias": "cn", "Startup Cost": 10000000000.0, "Total Cost": 1000001050138.97, "Plan Rows": 2240, "Plan Width": 4, "Filter": "((country_code)::text = '[nl]'::text)"}]}]}]}]}]}, "Unique SQL Id": 2804875951, "Planner Runtime": 2}, "explain_analyze_plan": null}, "(64, '60')": {"explain_plan": {"Plan": {"Node Type": "Aggregate", "Strategy": "Plain", "Startup Cost": 2605.07, "Total Cost": 2605.08, "Plan Rows": 1, "Plan Width": 49, "Plans": [{"Node Type": "Nested Loop", "Parent Relationship": "Outer", "Join Type": "Inner", "Startup Cost": 0.0, "Total Cost": 2605.07, "Plan Rows": 2, "Plan Width": 17, "Inner Unique": true, "Join Filter": "(mc.movie_id = t.id)", "Plans": [{"Node Type": "Nested Loop", "Parent Relationship": "Outer", "Join Type": "Inner", "Startup Cost": 0.0, "Total Cost": 2604.42, "Plan Rows": 2, "Plan Width": 8, "Inner Unique": true, "Plans": [{"Node Type": "Nested Loop", "Parent Relationship": "Outer", "Join Type": "Inner", "Startup Cost": 0.0, "Total Cost": 2584.29, "Plan Rows": 70, "Plan Width": 12, "Inner Unique": false, "Plans": [{"Node Type": "Nested Loop", "Parent Relationship": "Outer", "Join Type": "Inner", "Startup Cost": 0.0, "Total Cost": 2573.32, "Plan Rows": 33, "Plan Width": 4, "Inner Unique": false, "Plans": [{"Node Type": "Seq Scan", "Parent Relationship": "Outer", "Relation Name": "keyword", "Alias": "k", "Startup Cost": 0.0, "Total Cost": 2436.11, "Plan Rows": 1, "Plan Width": 4, "Filter": "((keyword)::text = 'character-name-in-title'::text)"}, {"Node Type": "Index Scan", "Parent Relationship": "Inner", "Scan Direction": "Forward", "Index Name": "keyword_id_movie_keyword", "Relation Name": "movie_keyword", "Alias": "mk", "Startup Cost": 0.0, "Total Cost": 136.88, "Plan Rows": 33, "Plan Width": 8, "Index Cond": "(keyword_id = k.id)"}]}, {"Node Type": "Index Scan", "Parent Relationship": "Inner", "Scan Direction": "Forward", "Index Name": "movie_id_movie_companies", "Relation Name": "movie_companies", "Alias": "mc", "Startup Cost": 0.0, "Total Cost": 0.31, "Plan Rows": 2, "Plan Width": 8, "Index Cond": "(movie_id = mk.movie_id)"}]}, {"Node Type": "Index Scan", "Parent Relationship": "Inner", "Scan Direction": "Forward", "Index Name": "company_name_pkey", "Relation Name": "company_name", "Alias": "cn", "Startup Cost": 0.0, "Total Cost": 0.28, "Plan Rows": 1, "Plan Width": 4, "Index Cond": "(id = mc.company_id)", "Filter": "((country_code)::text = '[nl]'::text)"}]}, {"Node Type": "Index Scan", "Parent Relationship": "Inner", "Scan Direction": "Forward", "Index Name": "title_pkey", "Relation Name": "title", "Alias": "t", "Startup Cost": 0.0, "Total Cost": 0.31, "Plan Rows": 1, "Plan Width": 21, "Index Cond": "(id = mk.movie_id)"}]}]}, "Unique SQL Id": 2804875951, "Planner Runtime": 2}, "explain_analyze_plan": {"Plan": {"Node Type": "Aggregate", "Strategy": "Plain", "Startup Cost": 2605.07, "Total Cost": 2605.08, "Plan Rows": 1, "Plan Width": 49, "Actual Startup Time": 1012.388, "Actual Total Time": 1012.388, "Actual Rows": 1, "Actual Loops": 1, "Plans": [{"Node Type": "Nested Loop", "Parent Relationship": "Outer", "Join Type": "Inner", "Startup Cost": 0.0, "Total Cost": 2605.07, "Plan Rows": 2, "Plan Width": 17, "Actual Startup Time": 5.012, "Actual Total Time": 1009.079, "Actual Rows": 5228, "Actual Loops": 1, "Inner Unique": true, "Join Filter": "(mc.movie_id = t.id)", "Rows Removed by Join Filter": 0, "Plans": [{"Node Type": "Nested Loop", "Parent Relationship": "Outer", "Join Type": "Inner", "Startup Cost": 0.0, "Total Cost": 2604.42, "Plan Rows": 2, "Plan Width": 8, "Actual Startup Time": 4.995, "Actual Total Time": 981.958, "Actual Rows": 5228, "Actual Loops": 1, "Inner Unique": true, "Plans": [{"Node Type": "Nested Loop", "Parent Relationship": "Outer", "Join Type": "Inner", "Startup Cost": 0.0, "Total Cost": 2584.29, "Plan Rows": 70, "Plan Width": 12, "Actual Startup Time": 1.847, "Actual Total Time": 360.079, "Actual Rows": 148552, "Actual Loops": 1, "Inner Unique": false, "Plans": [{"Node Type": "Nested Loop", "Parent Relationship": "Outer", "Join Type": "Inner", "Startup Cost": 0.0, "Total Cost": 2573.32, "Plan Rows": 33, "Plan Width": 4, "Actual Startup Time": 1.828, "Actual Total Time": 88.983, "Actual Rows": 41840, "Actual Loops": 1, "Inner Unique": false, "Plans": [{"Node Type": "Seq Scan", "Parent Relationship": "Outer", "Relation Name": "keyword", "Alias": "k", "Startup Cost": 0.0, "Total Cost": 2436.11, "Plan Rows": 1, "Plan Width": 4, "Actual Startup Time": 1.8, "Actual Total Time": 41.022, "Actual Rows": 1, "Actual Loops": 1, "Filter": "((keyword)::text = 'character-name-in-title'::text)", "Rows Removed by Filter": 134168}, {"Node Type": "Index Scan", "Parent Relationship": "Inner", "Scan Direction": "Forward", "Index Name": "keyword_id_movie_keyword", "Relation Name": "movie_keyword", "Alias": "mk", "Startup Cost": 0.0, "Total Cost": 136.88, "Plan Rows": 33, "Plan Width": 8, "Actual Startup Time": 0.023, "Actual Total Time": 38.639, "Actual Rows": 41840, "Actual Loops": 1, "Index Cond": "(keyword_id = k.id)", "Rows Removed by Index Recheck": 0}]}, {"Node Type": "Index Scan", "Parent Relationship": "Inner", "Scan Direction": "Forward", "Index Name": "movie_id_movie_companies", "Relation Name": "movie_companies", "Alias": "mc", "Startup Cost": 0.0, "Total Cost": 0.31, "Plan Rows": 2, "Plan Width": 8, "Actual Startup Time": 143.596, "Actual Total Time": 214.856, "Actual Rows": 148552, "Actual Loops": 41840, "Index Cond": "(movie_id = mk.movie_id)", "Rows Removed by Index Recheck": 0}]}, {"Node Type": "Index Scan", "Parent Relationship": "Inner", "Scan Direction": "Forward", "Index Name": "company_name_pkey", "Relation Name": "company_name", "Alias": "cn", "Startup Cost": 0.0, "Total Cost": 0.28, "Plan Rows": 1, "Plan Width": 4, "Actual Startup Time": 549.432, "Actual Total Time": 549.432, "Actual Rows": 5228, "Actual Loops": 148552, "Index Cond": "(id = mc.company_id)", "Rows Removed by Index Recheck": 0, "Filter": "((country_code)::text = '[nl]'::text)", "Rows Removed by Filter": 143324}]}, {"Node Type": "Index Scan", "Parent Relationship": "Inner", "Scan Direction": "Forward", "Index Name": "title_pkey", "Relation Name": "title", "Alias": "t", "Startup Cost": 0.0, "Total Cost": 0.31, "Plan Rows": 1, "Plan Width": 21, "Actual Startup Time": 21.388, "Actual Total Time": 21.388, "Actual Rows": 5228, "Actual Loops": 5228, "Index Cond": "(id = mk.movie_id)", "Rows Removed by Index Recheck": 0}]}]}, "Triggers": [], "Planner Runtime": 9.715, "Total Runtime": 1012.617, "Unique SQL Id": 2804875951}}, "(64, '61')": {"explain_plan": {"Plan": {"Node Type": "Aggregate", "Strategy": "Plain", "Startup Cost": 3351.67, "Total Cost": 3351.68, "Plan Rows": 1, "Plan Width": 49, "Plans": [{"Node Type": "Nested Loop", "Parent Relationship": "Outer", "Join Type": "Inner", "Startup Cost": 0.0, "Total Cost": 3351.67, "Plan Rows": 2, "Plan Width": 17, "Inner Unique": true, "Join Filter": "(mc.movie_id = t.id)", "Plans": [{"Node Type": "Nested Loop", "Parent Relationship": "Outer", "Join Type": "Inner", "Startup Cost": 0.0, "Total Cost": 3351.03, "Plan Rows": 2, "Plan Width": 8, "Inner Unique": true, "Plans": [{"Node Type": "Nested Loop", "Parent Relationship": "Outer", "Join Type": "Inner", "Startup Cost": 0.0, "Total Cost": 3330.89, "Plan Rows": 70, "Plan Width": 12, "Inner Unique": false, "Plans": [{"Node Type": "Nested Loop", "Parent Relationship": "Outer", "Join Type": "Inner", "Startup Cost": 0.0, "Total Cost": 3319.92, "Plan Rows": 33, "Plan Width": 4, "Inner Unique": false, "Plans": [{"Node Type": "Index Scan", "Parent Relationship": "Outer", "Scan Direction": "Forward", "Index Name": "keyword_pkey", "Relation Name": "keyword", "Alias": "k", "Startup Cost": 0.0, "Total Cost": 3182.72, "Plan Rows": 1, "Plan Width": 4, "Filter": "((keyword)::text = 'character-name-in-title'::text)"}, {"Node Type": "Index Scan", "Parent Relationship": "Inner", "Scan Direction": "Forward", "Index Name": "keyword_id_movie_keyword", "Relation Name": "movie_keyword", "Alias": "mk", "Startup Cost": 0.0, "Total Cost": 136.88, "Plan Rows": 33, "Plan Width": 8, "Index Cond": "(keyword_id = k.id)"}]}, {"Node Type": "Index Scan", "Parent Relationship": "Inner", "Scan Direction": "Forward", "Index Name": "movie_id_movie_companies", "Relation Name": "movie_companies", "Alias": "mc", "Startup Cost": 0.0, "Total Cost": 0.31, "Plan Rows": 2, "Plan Width": 8, "Index Cond": "(movie_id = mk.movie_id)"}]}, {"Node Type": "Index Scan", "Parent Relationship": "Inner", "Scan Direction": "Forward", "Index Name": "company_name_pkey", "Relation Name": "company_name", "Alias": "cn", "Startup Cost": 0.0, "Total Cost": 0.28, "Plan Rows": 1, "Plan Width": 4, "Index Cond": "(id = mc.company_id)", "Filter": "((country_code)::text = '[nl]'::text)"}]}, {"Node Type": "Index Scan", "Parent Relationship": "Inner", "Scan Direction": "Forward", "Index Name": "title_pkey", "Relation Name": "title", "Alias": "t", "Startup Cost": 0.0, "Total Cost": 0.31, "Plan Rows": 1, "Plan Width": 21, "Index Cond": "(id = mk.movie_id)"}]}]}, "Unique SQL Id": 2804875951, "Planner Runtime": 1}, "explain_analyze_plan": {"Plan": {"Node Type": "Aggregate", "Strategy": "Plain", "Startup Cost": 3351.67, "Total Cost": 3351.68, "Plan Rows": 1, "Plan Width": 49, "Actual Startup Time": 1116.77, "Actual Total Time": 1116.771, "Actual Rows": 1, "Actual Loops": 1, "Plans": [{"Node Type": "Nested Loop", "Parent Relationship": "Outer", "Join Type": "Inner", "Startup Cost": 0.0, "Total Cost": 3351.67, "Plan Rows": 2, "Plan Width": 17, "Actual Startup Time": 3.238, "Actual Total Time": 1113.589, "Actual Rows": 5228, "Actual Loops": 1, "Inner Unique": true, "Join Filter": "(mc.movie_id = t.id)", "Rows Removed by Join Filter": 0, "Plans": [{"Node Type": "Nested Loop", "Parent Relationship": "Outer", "Join Type": "Inner", "Startup Cost": 0.0, "Total Cost": 3351.03, "Plan Rows": 2, "Plan Width": 8, "Actual Startup Time": 3.224, "Actual Total Time": 1085.006, "Actual Rows": 5228, "Actual Loops": 1, "Inner Unique": true, "Plans": [{"Node Type": "Nested Loop", "Parent Relationship": "Outer", "Join Type": "Inner", "Startup Cost": 0.0, "Total Cost": 3330.89, "Plan Rows": 70, "Plan Width": 12, "Actual Startup Time": 0.233, "Actual Total Time": 449.234, "Actual Rows": 148552, "Actual Loops": 1, "Inner Unique": false, "Plans": [{"Node Type": "Nested Loop", "Parent Relationship": "Outer", "Join Type": "Inner", "Startup Cost": 0.0, "Total Cost": 3319.92, "Plan Rows": 33, "Plan Width": 4, "Actual Startup Time": 0.215, "Actual Total Time": 166.059, "Actual Rows": 41840, "Actual Loops": 1, "Inner Unique": false, "Plans": [{"Node Type": "Index Scan", "Parent Relationship": "Outer", "Scan Direction": "Forward", "Index Name": "keyword_pkey", "Relation Name": "keyword", "Alias": "k", "Startup Cost": 0.0, "Total Cost": 3182.72, "Plan Rows": 1, "Plan Width": 4, "Actual Startup Time": 0.194, "Actual Total Time": 113.965, "Actual Rows": 1, "Actual Loops": 1, "Filter": "((keyword)::text = 'character-name-in-title'::text)", "Rows Removed by Filter": 134168}, {"Node Type": "Index Scan", "Parent Relationship": "Inner", "Scan Direction": "Forward", "Index Name": "keyword_id_movie_keyword", "Relation Name": "movie_keyword", "Alias": "mk", "Startup Cost": 0.0, "Total Cost": 136.88, "Plan Rows": 33, "Plan Width": 8, "Actual Startup Time": 0.017, "Actual Total Time": 42.534, "Actual Rows": 41840, "Actual Loops": 1, "Index Cond": "(keyword_id = k.id)", "Rows Removed by Index Recheck": 0}]}, {"Node Type": "Index Scan", "Parent Relationship": "Inner", "Scan Direction": "Forward", "Index Name": "movie_id_movie_companies", "Relation Name": "movie_companies", "Alias": "mc", "Startup Cost": 0.0, "Total Cost": 0.31, "Plan Rows": 2, "Plan Width": 8, "Actual Startup Time": 152.025, "Actual Total Time": 226.956, "Actual Rows": 148552, "Actual Loops": 41840, "Index Cond": "(movie_id = mk.movie_id)", "Rows Removed by Index Recheck": 0}]}, {"Node Type": "Index Scan", "Parent Relationship": "Inner", "Scan Direction": "Forward", "Index Name": "company_name_pkey", "Relation Name": "company_name", "Alias": "cn", "Startup Cost": 0.0, "Total Cost": 0.28, "Plan Rows": 1, "Plan Width": 4, "Actual Startup Time": 563.165, "Actual Total Time": 563.165, "Actual Rows": 5228, "Actual Loops": 148552, "Index Cond": "(id = mc.company_id)", "Rows Removed by Index Recheck": 0, "Filter": "((country_code)::text = '[nl]'::text)", "Rows Removed by Filter": 143324}]}, {"Node Type": "Index Scan", "Parent Relationship": "Inner", "Scan Direction": "Forward", "Index Name": "title_pkey", "Relation Name": "title", "Alias": "t", "Startup Cost": 0.0, "Total Cost": 0.31, "Plan Rows": 1, "Plan Width": 21, "Actual Startup Time": 22.945, "Actual Total Time": 22.945, "Actual Rows": 5228, "Actual Loops": 5228, "Index Cond": "(id = mk.movie_id)", "Rows Removed by Index Recheck": 0}]}]}, "Triggers": [], "Planner Runtime": 9.86, "Total Runtime": 1117.024, "Unique SQL Id": 2804875951}}, "(64, '62')": {"explain_plan": {"Plan": {"Node Type": "Aggregate", "Strategy": "Plain", "Startup Cost": 1598936.31, "Total Cost": 1598936.32, "Plan Rows": 1, "Plan Width": 49, "Plans": [{"Node Type": "Nested Loop", "Parent Relationship": "Outer", "Join Type": "Inner", "Startup Cost": 0.0, "Total Cost": 1598936.31, "Plan Rows": 2, "Plan Width": 17, "Inner Unique": false, "Join Filter": "(mc.movie_id = t.id)", "Plans": [{"Node Type": "Seq Scan", "Parent Relationship": "Outer", "Relation Name": "title", "Alias": "t", "Startup Cost": 0.0, "Total Cost": 60069.11, "Plan Rows": 2528311, "Plan Width": 21}, {"Node Type": "Materialize", "Parent Relationship": "Inner", "Startup Cost": 0.0, "Total Cost": 1463017.87, "Plan Rows": 2, "Plan Width": 8, "Plans": [{"Node Type": "Nested Loop", "Parent Relationship": "Outer", "Join Type": "Inner", "Startup Cost": 0.0, "Total Cost": 1463017.86, "Plan Rows": 2, "Plan Width": 8, "Inner Unique": false, "Join Filter": "(mc.company_id = cn.id)", "Plans": [{"Node Type": "Seq Scan", "Parent Relationship": "Outer", "Relation Name": "company_name", "Alias": "cn", "Startup Cost": 0.0, "Total Cost": 5903.45, "Plan Rows": 2240, "Plan Width": 4, "Filter": "((country_code)::text = '[nl]'::text)"}, {"Node Type": "Materialize", "Parent Relationship": "Inner", "Startup Cost": 0.0, "Total Cost": 1454762.59, "Plan Rows": 70, "Plan Width": 12, "Plans": [{"Node Type": "Nested Loop", "Parent Relationship": "Outer", "Join Type": "Inner", "Startup Cost": 0.0, "Total Cost": 1454762.24, "Plan Rows": 70, "Plan Width": 12, "Inner Unique": false, "Join Filter": "(mk.movie_id = mc.movie_id)", "Plans": [{"Node Type": "Seq Scan", "Parent Relationship": "Outer", "Relation Name": "movie_companies", "Alias": "mc", "Startup Cost": 0.0, "Total Cost": 41817.28, "Plan Rows": 2609128, "Plan Width": 8}, {"Node Type": "Materialize", "Parent Relationship": "Inner", "Startup Cost": 0.0, "Total Cost": 121426.68, "Plan Rows": 33, "Plan Width": 4, "Plans": [{"Node Type": "Nested Loop", "Parent Relationship": "Outer", "Join Type": "Inner", "Startup Cost": 0.0, "Total Cost": 121426.52, "Plan Rows": 33, "Plan Width": 4, "Inner Unique": false, "Join Filter": "(k.id = mk.keyword_id)", "Plans": [{"Node Type": "Seq Scan", "Parent Relationship": "Outer", "Relation Name": "keyword", "Alias": "k", "Startup Cost": 0.0, "Total Cost": 2436.11, "Plan Rows": 1, "Plan Width": 4, "Filter": "((keyword)::text = 'character-name-in-title'::text)"}, {"Node Type": "Seq Scan", "Parent Relationship": "Inner", "Relation Name": "movie_keyword", "Alias": "mk", "Startup Cost": 0.0, "Total Cost": 62441.29, "Plan Rows": 4523929, "Plan Width": 8}]}]}]}]}]}]}]}]}, "Unique SQL Id": 2804875951, "Planner Runtime": 1}, "explain_analyze_plan": null}, "(64, '63')": {"explain_plan": {"Plan": {"Node Type": "Aggregate", "Strategy": "Plain", "Startup Cost": 5000041492550.78, "Total Cost": 5000041492550.79, "Plan Rows": 1, "Plan Width": 49, "Plans": [{"Node Type": "Nested Loop", "Parent Relationship": "Outer", "Join Type": "Inner", "Startup Cost": 50000000000.0, "Total Cost": 5000041492550.77, "Plan Rows": 2, "Plan Width": 17, "Inner Unique": false, "Join Filter": "(mc.movie_id = t.id)", "Plans": [{"Node Type": "Index Scan", "Parent Relationship": "Outer", "Scan Direction": "Forward", "Index Name": "title_pkey", "Relation Name": "title", "Alias": "t", "Startup Cost": 10000000000.0, "Total Cost": 1000011012048.91, "Plan Rows": 2528311, "Plan Width": 21}, {"Node Type": "Materialize", "Parent Relationship": "Inner", "Startup Cost": 40000000000.0, "Total Cost": 4000030404652.53, "Plan Rows": 2, "Plan Width": 8, "Plans": [{"Node Type": "Nested Loop", "Parent Relationship": "Outer", "Join Type": "Inner", "Startup Cost": 40000000000.0, "Total Cost": 4000030404652.52, "Plan Rows": 2, "Plan Width": 8, "Inner Unique": true, "Join Filter": "(mc.company_id = cn.id)", "Plans": [{"Node Type": "Nested Loop", "Parent Relationship": "Outer", "Join Type": "Inner", "Startup Cost": 30000000000.0, "Total Cost": 3000029352155.95, "Plan Rows": 70, "Plan Width": 12, "Inner Unique": false, "Join Filter": "(mk.movie_id = mc.movie_id)", "Plans": [{"Node Type": "Nested Loop", "Parent Relationship": "Outer", "Join Type": "Inner", "Startup Cost": 20000000000.0, "Total Cost": 2000015686764.79, "Plan Rows": 33, "Plan Width": 4, "Inner Unique": true, "Join Filter": "(k.id = mk.keyword_id)", "Plans": [{"Node Type": "Index Scan", "Parent Relationship": "Outer", "Scan Direction": "Forward", "Index Name": "movie_id_movie_keyword", "Relation Name": "movie_keyword", "Alias": "mk", "Startup Cost": 10000000000.0, "Total Cost": 1000015300634.17, "Plan Rows": 4523929, "Plan Width": 8}, {"Node Type": "Materialize", "Parent Relationship": "Inner", "Startup Cost": 10000000000.0, "Total Cost": 1000000318271.69, "Plan Rows": 1, "Plan Width": 4, "Plans": [{"Node Type": "Index Scan", "Parent Relationship": "Outer", "Scan Direction": "Forward", "Index Name": "keyword_pkey", "Relation Name": "keyword", "Alias": "k", "Startup Cost": 10000000000.0, "Total Cost": 1000000318271.68, "Plan Rows": 1, "Plan Width": 4, "Filter": "((keyword)::text = 'character-name-in-title'::text)"}]}]}, {"Node Type": "Materialize", "Parent Relationship": "Inner", "Startup Cost": 10000000000.0, "Total Cost": 1000012380395.62, "Plan Rows": 2609128, "Plan Width": 8, "Plans": [{"Node Type": "Index Scan", "Parent Relationship": "Outer", "Scan Direction": "Forward", "Index Name": "company_id_movie_companies", "Relation Name": "movie_companies", "Alias": "mc", "Startup Cost": 10000000000.0, "Total Cost": 1000012367349.98, "Plan Rows": 2609128, "Plan Width": 8}]}]}, {"Node Type": "Materialize", "Parent Relationship": "Inner", "Startup Cost": 10000000000.0, "Total Cost": 1000001050150.17, "Plan Rows": 2240, "Plan Width": 4, "Plans": [{"Node Type": "Index Scan", "Parent Relationship": "Outer", "Scan Direction": "Forward", "Index Name": "company_name_pkey", "Relation Name": "company_name", "Alias": "cn", "Startup Cost": 10000000000.0, "Total Cost": 1000001050138.97, "Plan Rows": 2240, "Plan Width": 4, "Filter": "((country_code)::text = '[nl]'::text)"}]}]}]}]}]}, "Unique SQL Id": 2804875951, "Planner Runtime": 1}, "explain_analyze_plan": null}, "(64, '64')": {"explain_plan": {"Plan": {"Node Type": "Aggregate", "Strategy": "Plain", "Startup Cost": 2600.78, "Total Cost": 2600.79, "Plan Rows": 1, "Plan Width": 49, "Plans": [{"Node Type": "Nested Loop", "Parent Relationship": "Outer", "Join Type": "Inner", "Startup Cost": 4.51, "Total Cost": 2600.77, "Plan Rows": 2, "Plan Width": 17, "Inner Unique": true, "Join Filter": "(mc.movie_id = t.id)", "Plans": [{"Node Type": "Nested Loop", "Parent Relationship": "Outer", "Join Type": "Inner", "Startup Cost": 4.51, "Total Cost": 2600.13, "Plan Rows": 2, "Plan Width": 8, "Inner Unique": true, "Plans": [{"Node Type": "Nested Loop", "Parent Relationship": "Outer", "Join Type": "Inner", "Startup Cost": 4.51, "Total Cost": 2579.99, "Plan Rows": 70, "Plan Width": 12, "Inner Unique": false, "Plans": [{"Node Type": "Nested Loop", "Parent Relationship": "Outer", "Join Type": "Inner", "Startup Cost": 4.51, "Total Cost": 2569.02, "Plan Rows": 33, "Plan Width": 4, "Inner Unique": false, "Plans": [{"Node Type": "Seq Scan", "Parent Relationship": "Outer", "Relation Name": "keyword", "Alias": "k", "Startup Cost": 0.0, "Total Cost": 2436.11, "Plan Rows": 1, "Plan Width": 4, "Filter": "((keyword)::text = 'character-name-in-title'::text)"}, {"Node Type": "Bitmap Heap Scan", "Parent Relationship": "Inner", "Relation Name": "movie_keyword", "Alias": "mk", "Startup Cost": 4.51, "Total Cost": 132.58, "Plan Rows": 33, "Plan Width": 8, "Recheck Cond": "(keyword_id = k.id)", "Plans": [{"Node Type": "Bitmap Index Scan", "Parent Relationship": "Outer", "Index Name": "keyword_id_movie_keyword", "Startup Cost": 0.0, "Total Cost": 4.5, "Plan Rows": 33, "Plan Width": 0, "Index Cond": "(keyword_id = k.id)"}]}]}, {"Node Type": "Index Scan", "Parent Relationship": "Inner", "Scan Direction": "Forward", "Index Name": "movie_id_movie_companies", "Relation Name": "movie_companies", "Alias": "mc", "Startup Cost": 0.0, "Total Cost": 0.31, "Plan Rows": 2, "Plan Width": 8, "Index Cond": "(movie_id = mk.movie_id)"}]}, {"Node Type": "Index Scan", "Parent Relationship": "Inner", "Scan Direction": "Forward", "Index Name": "company_name_pkey", "Relation Name": "company_name", "Alias": "cn", "Startup Cost": 0.0, "Total Cost": 0.28, "Plan Rows": 1, "Plan Width": 4, "Index Cond": "(id = mc.company_id)", "Filter": "((country_code)::text = '[nl]'::text)"}]}, {"Node Type": "Index Scan", "Parent Relationship": "Inner", "Scan Direction": "Forward", "Index Name": "title_pkey", "Relation Name": "title", "Alias": "t", "Startup Cost": 0.0, "Total Cost": 0.31, "Plan Rows": 1, "Plan Width": 21, "Index Cond": "(id = mk.movie_id)"}]}]}, "Unique SQL Id": 2804875951, "Planner Runtime": 11}, "explain_analyze_plan": {"Plan": {"Node Type": "Aggregate", "Strategy": "Plain", "Startup Cost": 2600.78, "Total Cost": 2600.79, "Plan Rows": 1, "Plan Width": 49, "Actual Startup Time": 1011.525, "Actual Total Time": 1011.525, "Actual Rows": 1, "Actual Loops": 1, "Plans": [{"Node Type": "Nested Loop", "Parent Relationship": "Outer", "Join Type": "Inner", "Startup Cost": 4.51, "Total Cost": 2600.77, "Plan Rows": 2, "Plan Width": 17, "Actual Startup Time": 12.528, "Actual Total Time": 1007.96, "Actual Rows": 5228, "Actual Loops": 1, "Inner Unique": true, "Join Filter": "(mc.movie_id = t.id)", "Rows Removed by Join Filter": 0, "Plans": [{"Node Type": "Nested Loop", "Parent Relationship": "Outer", "Join Type": "Inner", "Startup Cost": 4.51, "Total Cost": 2600.13, "Plan Rows": 2, "Plan Width": 8, "Actual Startup Time": 12.513, "Actual Total Time": 980.622, "Actual Rows": 5228, "Actual Loops": 1, "Inner Unique": true, "Plans": [{"Node Type": "Nested Loop", "Parent Relationship": "Outer", "Join Type": "Inner", "Startup Cost": 4.51, "Total Cost": 2579.99, "Plan Rows": 70, "Plan Width": 12, "Actual Startup Time": 9.527, "Actual Total Time": 365.273, "Actual Rows": 148552, "Actual Loops": 1, "Inner Unique": false, "Plans": [{"Node Type": "Nested Loop", "Parent Relationship": "Outer", "Join Type": "Inner", "Startup Cost": 4.51, "Total Cost": 2569.02, "Plan Rows": 33, "Plan Width": 4, "Actual Startup Time": 9.495, "Actual Total Time": 95.383, "Actual Rows": 41840, "Actual Loops": 1, "Inner Unique": false, "Plans": [{"Node Type": "Seq Scan", "Parent Relationship": "Outer", "Relation Name": "keyword", "Alias": "k", "Startup Cost": 0.0, "Total Cost": 2436.11, "Plan Rows": 1, "Plan Width": 4, "Actual Startup Time": 1.783, "Actual Total Time": 40.829, "Actual Rows": 1, "Actual Loops": 1, "Filter": "((keyword)::text = 'character-name-in-title'::text)", "Rows Removed by Filter": 134168}, {"Node Type": "Bitmap Heap Scan", "Parent Relationship": "Inner", "Relation Name": "movie_keyword", "Alias": "mk", "Startup Cost": 4.51, "Total Cost": 132.58, "Plan Rows": 33, "Plan Width": 8, "Actual Startup Time": 7.703, "Actual Total Time": 45.702, "Actual Rows": 41840, "Actual Loops": 1, "Recheck Cond": "(keyword_id = k.id)", "Rows Removed by Index Recheck": 0, "Exact Heap Blocks": 9702, "Lossy Heap Blocks": 9702, "Plans": [{"Node Type": "Bitmap Index Scan", "Parent Relationship": "Outer", "Index Name": "keyword_id_movie_keyword", "Startup Cost": 0.0, "Total Cost": 4.5, "Plan Rows": 33, "Plan Width": 0, "Actual Startup Time": 5.948, "Actual Total Time": 5.948, "Actual Rows": 41840, "Actual Loops": 1, "Index Cond": "(keyword_id = k.id)"}]}]}, {"Node Type": "Index Scan", "Parent Relationship": "Inner", "Scan Direction": "Forward", "Index Name": "movie_id_movie_companies", "Relation Name": "movie_companies", "Alias": "mc", "Startup Cost": 0.0, "Total Cost": 0.31, "Plan Rows": 2, "Plan Width": 8, "Actual Startup Time": 143.277, "Actual Total Time": 214.488, "Actual Rows": 148552, "Actual Loops": 41840, "Index Cond": "(movie_id = mk.movie_id)", "Rows Removed by Index Recheck": 0}]}, {"Node Type": "Index Scan", "Parent Relationship": "Inner", "Scan Direction": "Forward", "Index Name": "company_name_pkey", "Relation Name": "company_name", "Alias": "cn", "Startup Cost": 0.0, "Total Cost": 0.28, "Plan Rows": 1, "Plan Width": 4, "Actual Startup Time": 541.94, "Actual Total Time": 541.94, "Actual Rows": 5228, "Actual Loops": 148552, "Index Cond": "(id = mc.company_id)", "Rows Removed by Index Recheck": 0, "Filter": "((country_code)::text = '[nl]'::text)", "Rows Removed by Filter": 143324}]}, {"Node Type": "Index Scan", "Parent Relationship": "Inner", "Scan Direction": "Forward", "Index Name": "title_pkey", "Relation Name": "title", "Alias": "t", "Startup Cost": 0.0, "Total Cost": 0.31, "Plan Rows": 1, "Plan Width": 21, "Actual Startup Time": 21.446, "Actual Total Time": 21.446, "Actual Rows": 5228, "Actual Loops": 5228, "Index Cond": "(id = mk.movie_id)", "Rows Removed by Index Recheck": 0}]}]}, "Triggers": [], "Planner Runtime": 9.832, "Total Runtime": 1011.849, "Unique SQL Id": 2804875951}}, "(64, '65')": {"explain_plan": {"Plan": {"Node Type": "Aggregate", "Strategy": "Plain", "Startup Cost": 3347.38, "Total Cost": 3347.39, "Plan Rows": 1, "Plan Width": 49, "Plans": [{"Node Type": "Nested Loop", "Parent Relationship": "Outer", "Join Type": "Inner", "Startup Cost": 4.51, "Total Cost": 3347.38, "Plan Rows": 2, "Plan Width": 17, "Inner Unique": true, "Join Filter": "(mc.movie_id = t.id)", "Plans": [{"Node Type": "Nested Loop", "Parent Relationship": "Outer", "Join Type": "Inner", "Startup Cost": 4.51, "Total Cost": 3346.73, "Plan Rows": 2, "Plan Width": 8, "Inner Unique": true, "Plans": [{"Node Type": "Nested Loop", "Parent Relationship": "Outer", "Join Type": "Inner", "Startup Cost": 4.51, "Total Cost": 3326.6, "Plan Rows": 70, "Plan Width": 12, "Inner Unique": false, "Plans": [{"Node Type": "Nested Loop", "Parent Relationship": "Outer", "Join Type": "Inner", "Startup Cost": 4.51, "Total Cost": 3315.63, "Plan Rows": 33, "Plan Width": 4, "Inner Unique": false, "Plans": [{"Node Type": "Index Scan", "Parent Relationship": "Outer", "Scan Direction": "Forward", "Index Name": "keyword_pkey", "Relation Name": "keyword", "Alias": "k", "Startup Cost": 0.0, "Total Cost": 3182.72, "Plan Rows": 1, "Plan Width": 4, "Filter": "((keyword)::text = 'character-name-in-title'::text)"}, {"Node Type": "Bitmap Heap Scan", "Parent Relationship": "Inner", "Relation Name": "movie_keyword", "Alias": "mk", "Startup Cost": 4.51, "Total Cost": 132.58, "Plan Rows": 33, "Plan Width": 8, "Recheck Cond": "(keyword_id = k.id)", "Plans": [{"Node Type": "Bitmap Index Scan", "Parent Relationship": "Outer", "Index Name": "keyword_id_movie_keyword", "Startup Cost": 0.0, "Total Cost": 4.5, "Plan Rows": 33, "Plan Width": 0, "Index Cond": "(keyword_id = k.id)"}]}]}, {"Node Type": "Index Scan", "Parent Relationship": "Inner", "Scan Direction": "Forward", "Index Name": "movie_id_movie_companies", "Relation Name": "movie_companies", "Alias": "mc", "Startup Cost": 0.0, "Total Cost": 0.31, "Plan Rows": 2, "Plan Width": 8, "Index Cond": "(movie_id = mk.movie_id)"}]}, {"Node Type": "Index Scan", "Parent Relationship": "Inner", "Scan Direction": "Forward", "Index Name": "company_name_pkey", "Relation Name": "company_name", "Alias": "cn", "Startup Cost": 0.0, "Total Cost": 0.28, "Plan Rows": 1, "Plan Width": 4, "Index Cond": "(id = mc.company_id)", "Filter": "((country_code)::text = '[nl]'::text)"}]}, {"Node Type": "Index Scan", "Parent Relationship": "Inner", "Scan Direction": "Forward", "Index Name": "title_pkey", "Relation Name": "title", "Alias": "t", "Startup Cost": 0.0, "Total Cost": 0.31, "Plan Rows": 1, "Plan Width": 21, "Index Cond": "(id = mk.movie_id)"}]}]}, "Unique SQL Id": 2804875951, "Planner Runtime": 10}, "explain_analyze_plan": {"Plan": {"Node Type": "Aggregate", "Strategy": "Plain", "Startup Cost": 3347.38, "Total Cost": 3347.39, "Plan Rows": 1, "Plan Width": 49, "Actual Startup Time": 1116.379, "Actual Total Time": 1116.38, "Actual Rows": 1, "Actual Loops": 1, "Plans": [{"Node Type": "Nested Loop", "Parent Relationship": "Outer", "Join Type": "Inner", "Startup Cost": 4.51, "Total Cost": 3347.38, "Plan Rows": 2, "Plan Width": 17, "Actual Startup Time": 11.025, "Actual Total Time": 1112.884, "Actual Rows": 5228, "Actual Loops": 1, "Inner Unique": true, "Join Filter": "(mc.movie_id = t.id)", "Rows Removed by Join Filter": 0, "Plans": [{"Node Type": "Nested Loop", "Parent Relationship": "Outer", "Join Type": "Inner", "Startup Cost": 4.51, "Total Cost": 3346.73, "Plan Rows": 2, "Plan Width": 8, "Actual Startup Time": 11.01, "Actual Total Time": 1085.185, "Actual Rows": 5228, "Actual Loops": 1, "Inner Unique": true, "Plans": [{"Node Type": "Nested Loop", "Parent Relationship": "Outer", "Join Type": "Inner", "Startup Cost": 4.51, "Total Cost": 3326.6, "Plan Rows": 70, "Plan Width": 12, "Actual Startup Time": 8.008, "Actual Total Time": 447.869, "Actual Rows": 148552, "Actual Loops": 1, "Inner Unique": false, "Plans": [{"Node Type": "Nested Loop", "Parent Relationship": "Outer", "Join Type": "Inner", "Startup Cost": 4.51, "Total Cost": 3315.63, "Plan Rows": 33, "Plan Width": 4, "Actual Startup Time": 7.977, "Actual Total Time": 171.703, "Actual Rows": 41840, "Actual Loops": 1, "Inner Unique": false, "Plans": [{"Node Type": "Index Scan", "Parent Relationship": "Outer", "Scan Direction": "Forward", "Index Name": "keyword_pkey", "Relation Name": "keyword", "Alias": "k", "Startup Cost": 0.0, "Total Cost": 3182.72, "Plan Rows": 1, "Plan Width": 4, "Actual Startup Time": 0.191, "Actual Total Time": 115.745, "Actual Rows": 1, "Actual Loops": 1, "Filter": "((keyword)::text = 'character-name-in-title'::text)", "Rows Removed by Filter": 134168}, {"Node Type": "Bitmap Heap Scan", "Parent Relationship": "Inner", "Relation Name": "movie_keyword", "Alias": "mk", "Startup Cost": 4.51, "Total Cost": 132.58, "Plan Rows": 33, "Plan Width": 8, "Actual Startup Time": 7.779, "Actual Total Time": 46.991, "Actual Rows": 41840, "Actual Loops": 1, "Recheck Cond": "(keyword_id = k.id)", "Rows Removed by Index Recheck": 0, "Exact Heap Blocks": 9702, "Lossy Heap Blocks": 9702, "Plans": [{"Node Type": "Bitmap Index Scan", "Parent Relationship": "Outer", "Index Name": "keyword_id_movie_keyword", "Startup Cost": 0.0, "Total Cost": 4.5, "Plan Rows": 33, "Plan Width": 0, "Actual Startup Time": 6.034, "Actual Total Time": 6.034, "Actual Rows": 41840, "Actual Loops": 1, "Index Cond": "(keyword_id = k.id)"}]}]}, {"Node Type": "Index Scan", "Parent Relationship": "Inner", "Scan Direction": "Forward", "Index Name": "movie_id_movie_companies", "Relation Name": "movie_companies", "Alias": "mc", "Startup Cost": 0.0, "Total Cost": 0.31, "Plan Rows": 2, "Plan Width": 8, "Actual Startup Time": 147.833, "Actual Total Time": 220.177, "Actual Rows": 148552, "Actual Loops": 41840, "Index Cond": "(movie_id = mk.movie_id)", "Rows Removed by Index Recheck": 0}]}, {"Node Type": "Index Scan", "Parent Relationship": "Inner", "Scan Direction": "Forward", "Index Name": "company_name_pkey", "Relation Name": "company_name", "Alias": "cn", "Startup Cost": 0.0, "Total Cost": 0.28, "Plan Rows": 1, "Plan Width": 4, "Actual Startup Time": 563.904, "Actual Total Time": 563.904, "Actual Rows": 5228, "Actual Loops": 148552, "Index Cond": "(id = mc.company_id)", "Rows Removed by Index Recheck": 0, "Filter": "((country_code)::text = '[nl]'::text)", "Rows Removed by Filter": 143324}]}, {"Node Type": "Index Scan", "Parent Relationship": "Inner", "Scan Direction": "Forward", "Index Name": "title_pkey", "Relation Name": "title", "Alias": "t", "Startup Cost": 0.0, "Total Cost": 0.31, "Plan Rows": 1, "Plan Width": 21, "Actual Startup Time": 22.044, "Actual Total Time": 22.044, "Actual Rows": 5228, "Actual Loops": 5228, "Index Cond": "(id = mk.movie_id)", "Rows Removed by Index Recheck": 0}]}]}, "Triggers": [], "Planner Runtime": 9.698, "Total Runtime": 1116.687, "Unique SQL Id": 2804875951}}, "(64, '66')": {"explain_plan": {"Plan": {"Node Type": "Aggregate", "Strategy": "Plain", "Startup Cost": 3019.97, "Total Cost": 3019.98, "Plan Rows": 1, "Plan Width": 49, "Plans": [{"Node Type": "Nested Loop", "Parent Relationship": "Outer", "Join Type": "Inner", "Startup Cost": 5.3, "Total Cost": 3019.97, "Plan Rows": 2, "Plan Width": 17, "Inner Unique": true, "Join Filter": "(mc.movie_id = t.id)", "Plans": [{"Node Type": "Nested Loop", "Parent Relationship": "Outer", "Join Type": "Inner", "Startup Cost": 5.04, "Total Cost": 3011.39, "Plan Rows": 2, "Plan Width": 8, "Inner Unique": true, "Plans": [{"Node Type": "Nested Loop", "Parent Relationship": "Outer", "Join Type": "Inner", "Startup Cost": 4.78, "Total Cost": 2711.55, "Plan Rows": 70, "Plan Width": 12, "Inner Unique": false, "Plans": [{"Node Type": "Nested Loop", "Parent Relationship": "Outer", "Join Type": "Inner", "Startup Cost": 4.51, "Total Cost": 2569.02, "Plan Rows": 33, "Plan Width": 4, "Inner Unique": false, "Plans": [{"Node Type": "Seq Scan", "Parent Relationship": "Outer", "Relation Name": "keyword", "Alias": "k", "Startup Cost": 0.0, "Total Cost": 2436.11, "Plan Rows": 1, "Plan Width": 4, "Filter": "((keyword)::text = 'character-name-in-title'::text)"}, {"Node Type": "Bitmap Heap Scan", "Parent Relationship": "Inner", "Relation Name": "movie_keyword", "Alias": "mk", "Startup Cost": 4.51, "Total Cost": 132.58, "Plan Rows": 33, "Plan Width": 8, "Recheck Cond": "(keyword_id = k.id)", "Plans": [{"Node Type": "Bitmap Index Scan", "Parent Relationship": "Outer", "Index Name": "keyword_id_movie_keyword", "Startup Cost": 0.0, "Total Cost": 4.5, "Plan Rows": 33, "Plan Width": 0, "Index Cond": "(keyword_id = k.id)"}]}]}, {"Node Type": "Bitmap Heap Scan", "Parent Relationship": "Inner", "Relation Name": "movie_companies", "Alias": "mc", "Startup Cost": 0.27, "Total Cost": 4.3, "Plan Rows": 2, "Plan Width": 8, "Recheck Cond": "(movie_id = mk.movie_id)", "Plans": [{"Node Type": "Bitmap Index Scan", "Parent Relationship": "Outer", "Index Name": "movie_id_movie_companies", "Startup Cost": 0.0, "Total Cost": 0.27, "Plan Rows": 2, "Plan Width": 0, "Index Cond": "(movie_id = mk.movie_id)"}]}]}, {"Node Type": "Bitmap Heap Scan", "Parent Relationship": "Inner", "Relation Name": "company_name", "Alias": "cn", "Startup Cost": 0.26, "Total Cost": 4.27, "Plan Rows": 1, "Plan Width": 4, "Recheck Cond": "(id = mc.company_id)", "Filter": "((country_code)::text = '[nl]'::text)", "Plans": [{"Node Type": "Bitmap Index Scan", "Parent Relationship": "Outer", "Index Name": "company_name_pkey", "Startup Cost": 0.0, "Total Cost": 0.26, "Plan Rows": 1, "Plan Width": 0, "Index Cond": "(id = mc.company_id)"}]}]}, {"Node Type": "Bitmap Heap Scan", "Parent Relationship": "Inner", "Relation Name": "title", "Alias": "t", "Startup Cost": 0.27, "Total Cost": 4.28, "Plan Rows": 1, "Plan Width": 21, "Recheck Cond": "(id = mk.movie_id)", "Plans": [{"Node Type": "Bitmap Index Scan", "Parent Relationship": "Outer", "Index Name": "title_pkey", "Startup Cost": 0.0, "Total Cost": 0.27, "Plan Rows": 1, "Plan Width": 0, "Index Cond": "(id = mk.movie_id)"}]}]}]}, "Unique SQL Id": 2804875951, "Planner Runtime": 9}, "explain_analyze_plan": {"Plan": {"Node Type": "Aggregate", "Strategy": "Plain", "Startup Cost": 3019.97, "Total Cost": 3019.98, "Plan Rows": 1, "Plan Width": 49, "Actual Startup Time": 1379.762, "Actual Total Time": 1379.762, "Actual Rows": 1, "Actual Loops": 1, "Plans": [{"Node Type": "Nested Loop", "Parent Relationship": "Outer", "Join Type": "Inner", "Startup Cost": 5.3, "Total Cost": 3019.97, "Plan Rows": 2, "Plan Width": 17, "Actual Startup Time": 13.852, "Actual Total Time": 1374.961, "Actual Rows": 5228, "Actual Loops": 1, "Inner Unique": true, "Join Filter": "(mc.movie_id = t.id)", "Rows Removed by Join Filter": 0, "Plans": [{"Node Type": "Nested Loop", "Parent Relationship": "Outer", "Join Type": "Inner", "Startup Cost": 5.04, "Total Cost": 3011.39, "Plan Rows": 2, "Plan Width": 8, "Actual Startup Time": 13.83, "Actual Total Time": 1338.406, "Actual Rows": 5228, "Actual Loops": 1, "Inner Unique": true, "Plans": [{"Node Type": "Nested Loop", "Parent Relationship": "Outer", "Join Type": "Inner", "Startup Cost": 4.78, "Total Cost": 2711.55, "Plan Rows": 70, "Plan Width": 12, "Actual Startup Time": 9.636, "Actual Total Time": 474.478, "Actual Rows": 148552, "Actual Loops": 1, "Inner Unique": false, "Plans": [{"Node Type": "Nested Loop", "Parent Relationship": "Outer", "Join Type": "Inner", "Startup Cost": 4.51, "Total Cost": 2569.02, "Plan Rows": 33, "Plan Width": 4, "Actual Startup Time": 9.588, "Actual Total Time": 94.897, "Actual Rows": 41840, "Actual Loops": 1, "Inner Unique": false, "Plans": [{"Node Type": "Seq Scan", "Parent Relationship": "Outer", "Relation Name": "keyword", "Alias": "k", "Startup Cost": 0.0, "Total Cost": 2436.11, "Plan Rows": 1, "Plan Width": 4, "Actual Startup Time": 1.796, "Actual Total Time": 40.826, "Actual Rows": 1, "Actual Loops": 1, "Filter": "((keyword)::text = 'character-name-in-title'::text)", "Rows Removed by Filter": 134168}, {"Node Type": "Bitmap Heap Scan", "Parent Relationship": "Inner", "Relation Name": "movie_keyword", "Alias": "mk", "Startup Cost": 4.51, "Total Cost": 132.58, "Plan Rows": 33, "Plan Width": 8, "Actual Startup Time": 7.784, "Actual Total Time": 44.618, "Actual Rows": 41840, "Actual Loops": 1, "Recheck Cond": "(keyword_id = k.id)", "Rows Removed by Index Recheck": 0, "Exact Heap Blocks": 9702, "Lossy Heap Blocks": 9702, "Plans": [{"Node Type": "Bitmap Index Scan", "Parent Relationship": "Outer", "Index Name": "keyword_id_movie_keyword", "Startup Cost": 0.0, "Total Cost": 4.5, "Plan Rows": 33, "Plan Width": 0, "Actual Startup Time": 6.024, "Actual Total Time": 6.024, "Actual Rows": 41840, "Actual Loops": 1, "Index Cond": "(keyword_id = k.id)"}]}]}, {"Node Type": "Bitmap Heap Scan", "Parent Relationship": "Inner", "Relation Name": "movie_companies", "Alias": "mc", "Startup Cost": 0.27, "Total Cost": 4.3, "Plan Rows": 2, "Plan Width": 8, "Actual Startup Time": 239.829, "Actual Total Time": 294.063, "Actual Rows": 148552, "Actual Loops": 41840, "Recheck Cond": "(movie_id = mk.movie_id)", "Rows Removed by Index Recheck": 0, "Exact Heap Blocks": 62638, "Lossy Heap Blocks": 62638, "Plans": [{"Node Type": "Bitmap Index Scan", "Parent Relationship": "Outer", "Index Name": "movie_id_movie_companies", "Startup Cost": 0.0, "Total Cost": 0.27, "Plan Rows": 2, "Plan Width": 0, "Actual Startup Time": 149.912, "Actual Total Time": 149.912, "Actual Rows": 148552, "Actual Loops": 41840, "Index Cond": "(movie_id = mk.movie_id)"}]}]}, {"Node Type": "Bitmap Heap Scan", "Parent Relationship": "Inner", "Relation Name": "company_name", "Alias": "cn", "Startup Cost": 0.26, "Total Cost": 4.27, "Plan Rows": 1, "Plan Width": 4, "Actual Startup Time": 695.194, "Actual Total Time": 695.194, "Actual Rows": 5228, "Actual Loops": 148552, "Recheck Cond": "(id = mc.company_id)", "Rows Removed by Index Recheck": 0, "Filter": "((country_code)::text = '[nl]'::text)", "Rows Removed by Filter": 143324, "Exact Heap Blocks": 148552, "Lossy Heap Blocks": 148552, "Plans": [{"Node Type": "Bitmap Index Scan", "Parent Relationship": "Outer", "Index Name": "company_name_pkey", "Startup Cost": 0.0, "Total Cost": 0.26, "Plan Rows": 1, "Plan Width": 0, "Actual Startup Time": 387.396, "Actual Total Time": 387.396, "Actual Rows": 148552, "Actual Loops": 148552, "Index Cond": "(id = mc.company_id)"}]}]}, {"Node Type": "Bitmap Heap Scan", "Parent Relationship": "Inner", "Relation Name": "title", "Alias": "t", "Startup Cost": 0.27, "Total Cost": 4.28, "Plan Rows": 1, "Plan Width": 21, "Actual Startup Time": 27.627, "Actual Total Time": 27.627, "Actual Rows": 5228, "Actual Loops": 5228, "Recheck Cond": "(id = mk.movie_id)", "Rows Removed by Index Recheck": 0, "Exact Heap Blocks": 5228, "Lossy Heap Blocks": 5228, "Plans": [{"Node Type": "Bitmap Index Scan", "Parent Relationship": "Outer", "Index Name": "title_pkey", "Startup Cost": 0.0, "Total Cost": 0.27, "Plan Rows": 1, "Plan Width": 0, "Actual Startup Time": 16.124, "Actual Total Time": 16.124, "Actual Rows": 5228, "Actual Loops": 5228, "Index Cond": "(id = mk.movie_id)"}]}]}]}, "Triggers": [], "Planner Runtime": 9.995, "Total Runtime": 1380.114, "Unique SQL Id": 2804875951}}, "(64, '67')": {"explain_plan": {"Plan": {"Node Type": "Aggregate", "Strategy": "Plain", "Startup Cost": 3739.07, "Total Cost": 3739.08, "Plan Rows": 1, "Plan Width": 49, "Plans": [{"Node Type": "Nested Loop", "Parent Relationship": "Outer", "Join Type": "Inner", "Startup Cost": 724.4, "Total Cost": 3739.06, "Plan Rows": 2, "Plan Width": 17, "Inner Unique": true, "Join Filter": "(mc.movie_id = t.id)", "Plans": [{"Node Type": "Nested Loop", "Parent Relationship": "Outer", "Join Type": "Inner", "Startup Cost": 724.13, "Total Cost": 3730.48, "Plan Rows": 2, "Plan Width": 8, "Inner Unique": true, "Plans": [{"Node Type": "Nested Loop", "Parent Relationship": "Outer", "Join Type": "Inner", "Startup Cost": 723.87, "Total Cost": 3430.65, "Plan Rows": 70, "Plan Width": 12, "Inner Unique": false, "Plans": [{"Node Type": "Nested Loop", "Parent Relationship": "Outer", "Join Type": "Inner", "Startup Cost": 723.6, "Total Cost": 3288.12, "Plan Rows": 33, "Plan Width": 4, "Inner Unique": false, "Plans": [{"Node Type": "Bitmap Heap Scan", "Parent Relationship": "Outer", "Relation Name": "keyword", "Alias": "k", "Startup Cost": 719.1, "Total Cost": 3155.21, "Plan Rows": 1, "Plan Width": 4, "Filter": "((keyword)::text = 'character-name-in-title'::text)", "Plans": [{"Node Type": "Bitmap Index Scan", "Parent Relationship": "Outer", "Index Name": "keyword_pkey", "Startup Cost": 0.0, "Total Cost": 719.1, "Plan Rows": 134169, "Plan Width": 0}]}, {"Node Type": "Bitmap Heap Scan", "Parent Relationship": "Inner", "Relation Name": "movie_keyword", "Alias": "mk", "Startup Cost": 4.51, "Total Cost": 132.58, "Plan Rows": 33, "Plan Width": 8, "Recheck Cond": "(keyword_id = k.id)", "Plans": [{"Node Type": "Bitmap Index Scan", "Parent Relationship": "Outer", "Index Name": "keyword_id_movie_keyword", "Startup Cost": 0.0, "Total Cost": 4.5, "Plan Rows": 33, "Plan Width": 0, "Index Cond": "(keyword_id = k.id)"}]}]}, {"Node Type": "Bitmap Heap Scan", "Parent Relationship": "Inner", "Relation Name": "movie_companies", "Alias": "mc", "Startup Cost": 0.27, "Total Cost": 4.3, "Plan Rows": 2, "Plan Width": 8, "Recheck Cond": "(movie_id = mk.movie_id)", "Plans": [{"Node Type": "Bitmap Index Scan", "Parent Relationship": "Outer", "Index Name": "movie_id_movie_companies", "Startup Cost": 0.0, "Total Cost": 0.27, "Plan Rows": 2, "Plan Width": 0, "Index Cond": "(movie_id = mk.movie_id)"}]}]}, {"Node Type": "Bitmap Heap Scan", "Parent Relationship": "Inner", "Relation Name": "company_name", "Alias": "cn", "Startup Cost": 0.26, "Total Cost": 4.27, "Plan Rows": 1, "Plan Width": 4, "Recheck Cond": "(id = mc.company_id)", "Filter": "((country_code)::text = '[nl]'::text)", "Plans": [{"Node Type": "Bitmap Index Scan", "Parent Relationship": "Outer", "Index Name": "company_name_pkey", "Startup Cost": 0.0, "Total Cost": 0.26, "Plan Rows": 1, "Plan Width": 0, "Index Cond": "(id = mc.company_id)"}]}]}, {"Node Type": "Bitmap Heap Scan", "Parent Relationship": "Inner", "Relation Name": "title", "Alias": "t", "Startup Cost": 0.27, "Total Cost": 4.28, "Plan Rows": 1, "Plan Width": 21, "Recheck Cond": "(id = mk.movie_id)", "Plans": [{"Node Type": "Bitmap Index Scan", "Parent Relationship": "Outer", "Index Name": "title_pkey", "Startup Cost": 0.0, "Total Cost": 0.27, "Plan Rows": 1, "Plan Width": 0, "Index Cond": "(id = mk.movie_id)"}]}]}]}, "Unique SQL Id": 2804875951, "Planner Runtime": 9}, "explain_analyze_plan": {"Plan": {"Node Type": "Aggregate", "Strategy": "Plain", "Startup Cost": 3739.07, "Total Cost": 3739.08, "Plan Rows": 1, "Plan Width": 49, "Actual Startup Time": 1403.708, "Actual Total Time": 1403.709, "Actual Rows": 1, "Actual Loops": 1, "Plans": [{"Node Type": "Nested Loop", "Parent Relationship": "Outer", "Join Type": "Inner", "Startup Cost": 724.4, "Total Cost": 3739.06, "Plan Rows": 2, "Plan Width": 17, "Actual Startup Time": 25.933, "Actual Total Time": 1398.814, "Actual Rows": 5228, "Actual Loops": 1, "Inner Unique": true, "Join Filter": "(mc.movie_id = t.id)", "Rows Removed by Join Filter": 0, "Plans": [{"Node Type": "Nested Loop", "Parent Relationship": "Outer", "Join Type": "Inner", "Startup Cost": 724.13, "Total Cost": 3730.48, "Plan Rows": 2, "Plan Width": 8, "Actual Startup Time": 25.914, "Actual Total Time": 1361.007, "Actual Rows": 5228, "Actual Loops": 1, "Inner Unique": true, "Plans": [{"Node Type": "Nested Loop", "Parent Relationship": "Outer", "Join Type": "Inner", "Startup Cost": 723.87, "Total Cost": 3430.65, "Plan Rows": 70, "Plan Width": 12, "Actual Startup Time": 21.809, "Actual Total Time": 500.96, "Actual Rows": 148552, "Actual Loops": 1, "Inner Unique": false, "Plans": [{"Node Type": "Nested Loop", "Parent Relationship": "Outer", "Join Type": "Inner", "Startup Cost": 723.6, "Total Cost": 3288.12, "Plan Rows": 33, "Plan Width": 4, "Actual Startup Time": 21.768, "Actual Total Time": 121.31, "Actual Rows": 41840, "Actual Loops": 1, "Inner Unique": false, "Plans": [{"Node Type": "Bitmap Heap Scan", "Parent Relationship": "Outer", "Relation Name": "keyword", "Alias": "k", "Startup Cost": 719.1, "Total Cost": 3155.21, "Plan Rows": 1, "Plan Width": 4, "Actual Startup Time": 14.099, "Actual Total Time": 67.292, "Actual Rows": 1, "Actual Loops": 1, "Filter": "((keyword)::text = 'character-name-in-title'::text)", "Rows Removed by Filter": 134168, "Exact Heap Blocks": 759, "Lossy Heap Blocks": 759, "Plans": [{"Node Type": "Bitmap Index Scan", "Parent Relationship": "Outer", "Index Name": "keyword_pkey", "Startup Cost": 0.0, "Total Cost": 719.1, "Plan Rows": 134169, "Plan Width": 0, "Actual Startup Time": 11.779, "Actual Total Time": 11.779, "Actual Rows": 134169, "Actual Loops": 1}]}, {"Node Type": "Bitmap Heap Scan", "Parent Relationship": "Inner", "Relation Name": "movie_keyword", "Alias": "mk", "Startup Cost": 4.51, "Total Cost": 132.58, "Plan Rows": 33, "Plan Width": 8, "Actual Startup Time": 7.658, "Actual Total Time": 44.762, "Actual Rows": 41840, "Actual Loops": 1, "Recheck Cond": "(keyword_id = k.id)", "Rows Removed by Index Recheck": 0, "Exact Heap Blocks": 9702, "Lossy Heap Blocks": 9702, "Plans": [{"Node Type": "Bitmap Index Scan", "Parent Relationship": "Outer", "Index Name": "keyword_id_movie_keyword", "Startup Cost": 0.0, "Total Cost": 4.5, "Plan Rows": 33, "Plan Width": 0, "Actual Startup Time": 5.929, "Actual Total Time": 5.929, "Actual Rows": 41840, "Actual Loops": 1, "Index Cond": "(keyword_id = k.id)"}]}]}, {"Node Type": "Bitmap Heap Scan", "Parent Relationship": "Inner", "Relation Name": "movie_companies", "Alias": "mc", "Startup Cost": 0.27, "Total Cost": 4.3, "Plan Rows": 2, "Plan Width": 8, "Actual Startup Time": 239.943, "Actual Total Time": 294.096, "Actual Rows": 148552, "Actual Loops": 41840, "Recheck Cond": "(movie_id = mk.movie_id)", "Rows Removed by Index Recheck": 0, "Exact Heap Blocks": 62638, "Lossy Heap Blocks": 62638, "Plans": [{"Node Type": "Bitmap Index Scan", "Parent Relationship": "Outer", "Index Name": "movie_id_movie_companies", "Startup Cost": 0.0, "Total Cost": 0.27, "Plan Rows": 2, "Plan Width": 0, "Actual Startup Time": 149.366, "Actual Total Time": 149.366, "Actual Rows": 148552, "Actual Loops": 41840, "Index Cond": "(movie_id = mk.movie_id)"}]}]}, {"Node Type": "Bitmap Heap Scan", "Parent Relationship": "Inner", "Relation Name": "company_name", "Alias": "cn", "Startup Cost": 0.26, "Total Cost": 4.27, "Plan Rows": 1, "Plan Width": 4, "Actual Startup Time": 691.231, "Actual Total Time": 691.231, "Actual Rows": 5228, "Actual Loops": 148552, "Recheck Cond": "(id = mc.company_id)", "Rows Removed by Index Recheck": 0, "Filter": "((country_code)::text = '[nl]'::text)", "Rows Removed by Filter": 143324, "Exact Heap Blocks": 148552, "Lossy Heap Blocks": 148552, "Plans": [{"Node Type": "Bitmap Index Scan", "Parent Relationship": "Outer", "Index Name": "company_name_pkey", "Startup Cost": 0.0, "Total Cost": 0.26, "Plan Rows": 1, "Plan Width": 0, "Actual Startup Time": 387.407, "Actual Total Time": 387.407, "Actual Rows": 148552, "Actual Loops": 148552, "Index Cond": "(id = mc.company_id)"}]}]}, {"Node Type": "Bitmap Heap Scan", "Parent Relationship": "Inner", "Relation Name": "title", "Alias": "t", "Startup Cost": 0.27, "Total Cost": 4.28, "Plan Rows": 1, "Plan Width": 21, "Actual Startup Time": 27.84, "Actual Total Time": 27.84, "Actual Rows": 5228, "Actual Loops": 5228, "Recheck Cond": "(id = mk.movie_id)", "Rows Removed by Index Recheck": 0, "Exact Heap Blocks": 5228, "Lossy Heap Blocks": 5228, "Plans": [{"Node Type": "Bitmap Index Scan", "Parent Relationship": "Outer", "Index Name": "title_pkey", "Startup Cost": 0.0, "Total Cost": 0.27, "Plan Rows": 1, "Plan Width": 0, "Actual Startup Time": 16.25, "Actual Total Time": 16.25, "Actual Rows": 5228, "Actual Loops": 5228, "Index Cond": "(id = mk.movie_id)"}]}]}]}, "Triggers": [], "Planner Runtime": 9.206, "Total Runtime": 1404.134, "Unique SQL Id": 2804875951}}, "(64, '68')": {"explain_plan": {"Plan": {"Node Type": "Aggregate", "Strategy": "Plain", "Startup Cost": 2600.78, "Total Cost": 2600.79, "Plan Rows": 1, "Plan Width": 49, "Plans": [{"Node Type": "Nested Loop", "Parent Relationship": "Outer", "Join Type": "Inner", "Startup Cost": 4.51, "Total Cost": 2600.77, "Plan Rows": 2, "Plan Width": 17, "Inner Unique": true, "Join Filter": "(mc.movie_id = t.id)", "Plans": [{"Node Type": "Nested Loop", "Parent Relationship": "Outer", "Join Type": "Inner", "Startup Cost": 4.51, "Total Cost": 2600.13, "Plan Rows": 2, "Plan Width": 8, "Inner Unique": true, "Plans": [{"Node Type": "Nested Loop", "Parent Relationship": "Outer", "Join Type": "Inner", "Startup Cost": 4.51, "Total Cost": 2579.99, "Plan Rows": 70, "Plan Width": 12, "Inner Unique": false, "Plans": [{"Node Type": "Nested Loop", "Parent Relationship": "Outer", "Join Type": "Inner", "Startup Cost": 4.51, "Total Cost": 2569.02, "Plan Rows": 33, "Plan Width": 4, "Inner Unique": false, "Plans": [{"Node Type": "Seq Scan", "Parent Relationship": "Outer", "Relation Name": "keyword", "Alias": "k", "Startup Cost": 0.0, "Total Cost": 2436.11, "Plan Rows": 1, "Plan Width": 4, "Filter": "((keyword)::text = 'character-name-in-title'::text)"}, {"Node Type": "Bitmap Heap Scan", "Parent Relationship": "Inner", "Relation Name": "movie_keyword", "Alias": "mk", "Startup Cost": 4.51, "Total Cost": 132.58, "Plan Rows": 33, "Plan Width": 8, "Recheck Cond": "(keyword_id = k.id)", "Plans": [{"Node Type": "Bitmap Index Scan", "Parent Relationship": "Outer", "Index Name": "keyword_id_movie_keyword", "Startup Cost": 0.0, "Total Cost": 4.5, "Plan Rows": 33, "Plan Width": 0, "Index Cond": "(keyword_id = k.id)"}]}]}, {"Node Type": "Index Scan", "Parent Relationship": "Inner", "Scan Direction": "Forward", "Index Name": "movie_id_movie_companies", "Relation Name": "movie_companies", "Alias": "mc", "Startup Cost": 0.0, "Total Cost": 0.31, "Plan Rows": 2, "Plan Width": 8, "Index Cond": "(movie_id = mk.movie_id)"}]}, {"Node Type": "Index Scan", "Parent Relationship": "Inner", "Scan Direction": "Forward", "Index Name": "company_name_pkey", "Relation Name": "company_name", "Alias": "cn", "Startup Cost": 0.0, "Total Cost": 0.28, "Plan Rows": 1, "Plan Width": 4, "Index Cond": "(id = mc.company_id)", "Filter": "((country_code)::text = '[nl]'::text)"}]}, {"Node Type": "Index Scan", "Parent Relationship": "Inner", "Scan Direction": "Forward", "Index Name": "title_pkey", "Relation Name": "title", "Alias": "t", "Startup Cost": 0.0, "Total Cost": 0.31, "Plan Rows": 1, "Plan Width": 21, "Index Cond": "(id = mk.movie_id)"}]}]}, "Unique SQL Id": 2804875951, "Planner Runtime": 10}, "explain_analyze_plan": {"Plan": {"Node Type": "Aggregate", "Strategy": "Plain", "Startup Cost": 2600.78, "Total Cost": 2600.79, "Plan Rows": 1, "Plan Width": 49, "Actual Startup Time": 1011.525, "Actual Total Time": 1011.525, "Actual Rows": 1, "Actual Loops": 1, "Plans": [{"Node Type": "Nested Loop", "Parent Relationship": "Outer", "Join Type": "Inner", "Startup Cost": 4.51, "Total Cost": 2600.77, "Plan Rows": 2, "Plan Width": 17, "Actual Startup Time": 12.528, "Actual Total Time": 1007.96, "Actual Rows": 5228, "Actual Loops": 1, "Inner Unique": true, "Join Filter": "(mc.movie_id = t.id)", "Rows Removed by Join Filter": 0, "Plans": [{"Node Type": "Nested Loop", "Parent Relationship": "Outer", "Join Type": "Inner", "Startup Cost": 4.51, "Total Cost": 2600.13, "Plan Rows": 2, "Plan Width": 8, "Actual Startup Time": 12.513, "Actual Total Time": 980.622, "Actual Rows": 5228, "Actual Loops": 1, "Inner Unique": true, "Plans": [{"Node Type": "Nested Loop", "Parent Relationship": "Outer", "Join Type": "Inner", "Startup Cost": 4.51, "Total Cost": 2579.99, "Plan Rows": 70, "Plan Width": 12, "Actual Startup Time": 9.527, "Actual Total Time": 365.273, "Actual Rows": 148552, "Actual Loops": 1, "Inner Unique": false, "Plans": [{"Node Type": "Nested Loop", "Parent Relationship": "Outer", "Join Type": "Inner", "Startup Cost": 4.51, "Total Cost": 2569.02, "Plan Rows": 33, "Plan Width": 4, "Actual Startup Time": 9.495, "Actual Total Time": 95.383, "Actual Rows": 41840, "Actual Loops": 1, "Inner Unique": false, "Plans": [{"Node Type": "Seq Scan", "Parent Relationship": "Outer", "Relation Name": "keyword", "Alias": "k", "Startup Cost": 0.0, "Total Cost": 2436.11, "Plan Rows": 1, "Plan Width": 4, "Actual Startup Time": 1.783, "Actual Total Time": 40.829, "Actual Rows": 1, "Actual Loops": 1, "Filter": "((keyword)::text = 'character-name-in-title'::text)", "Rows Removed by Filter": 134168}, {"Node Type": "Bitmap Heap Scan", "Parent Relationship": "Inner", "Relation Name": "movie_keyword", "Alias": "mk", "Startup Cost": 4.51, "Total Cost": 132.58, "Plan Rows": 33, "Plan Width": 8, "Actual Startup Time": 7.703, "Actual Total Time": 45.702, "Actual Rows": 41840, "Actual Loops": 1, "Recheck Cond": "(keyword_id = k.id)", "Rows Removed by Index Recheck": 0, "Exact Heap Blocks": 9702, "Lossy Heap Blocks": 9702, "Plans": [{"Node Type": "Bitmap Index Scan", "Parent Relationship": "Outer", "Index Name": "keyword_id_movie_keyword", "Startup Cost": 0.0, "Total Cost": 4.5, "Plan Rows": 33, "Plan Width": 0, "Actual Startup Time": 5.948, "Actual Total Time": 5.948, "Actual Rows": 41840, "Actual Loops": 1, "Index Cond": "(keyword_id = k.id)"}]}]}, {"Node Type": "Index Scan", "Parent Relationship": "Inner", "Scan Direction": "Forward", "Index Name": "movie_id_movie_companies", "Relation Name": "movie_companies", "Alias": "mc", "Startup Cost": 0.0, "Total Cost": 0.31, "Plan Rows": 2, "Plan Width": 8, "Actual Startup Time": 143.277, "Actual Total Time": 214.488, "Actual Rows": 148552, "Actual Loops": 41840, "Index Cond": "(movie_id = mk.movie_id)", "Rows Removed by Index Recheck": 0}]}, {"Node Type": "Index Scan", "Parent Relationship": "Inner", "Scan Direction": "Forward", "Index Name": "company_name_pkey", "Relation Name": "company_name", "Alias": "cn", "Startup Cost": 0.0, "Total Cost": 0.28, "Plan Rows": 1, "Plan Width": 4, "Actual Startup Time": 541.94, "Actual Total Time": 541.94, "Actual Rows": 5228, "Actual Loops": 148552, "Index Cond": "(id = mc.company_id)", "Rows Removed by Index Recheck": 0, "Filter": "((country_code)::text = '[nl]'::text)", "Rows Removed by Filter": 143324}]}, {"Node Type": "Index Scan", "Parent Relationship": "Inner", "Scan Direction": "Forward", "Index Name": "title_pkey", "Relation Name": "title", "Alias": "t", "Startup Cost": 0.0, "Total Cost": 0.31, "Plan Rows": 1, "Plan Width": 21, "Actual Startup Time": 21.446, "Actual Total Time": 21.446, "Actual Rows": 5228, "Actual Loops": 5228, "Index Cond": "(id = mk.movie_id)", "Rows Removed by Index Recheck": 0}]}]}, "Triggers": [], "Planner Runtime": 9.832, "Total Runtime": 1011.849, "Unique SQL Id": 2804875951}}, "(64, '69')": {"explain_plan": {"Plan": {"Node Type": "Aggregate", "Strategy": "Plain", "Startup Cost": 3347.38, "Total Cost": 3347.39, "Plan Rows": 1, "Plan Width": 49, "Plans": [{"Node Type": "Nested Loop", "Parent Relationship": "Outer", "Join Type": "Inner", "Startup Cost": 4.51, "Total Cost": 3347.38, "Plan Rows": 2, "Plan Width": 17, "Inner Unique": true, "Join Filter": "(mc.movie_id = t.id)", "Plans": [{"Node Type": "Nested Loop", "Parent Relationship": "Outer", "Join Type": "Inner", "Startup Cost": 4.51, "Total Cost": 3346.73, "Plan Rows": 2, "Plan Width": 8, "Inner Unique": true, "Plans": [{"Node Type": "Nested Loop", "Parent Relationship": "Outer", "Join Type": "Inner", "Startup Cost": 4.51, "Total Cost": 3326.6, "Plan Rows": 70, "Plan Width": 12, "Inner Unique": false, "Plans": [{"Node Type": "Nested Loop", "Parent Relationship": "Outer", "Join Type": "Inner", "Startup Cost": 4.51, "Total Cost": 3315.63, "Plan Rows": 33, "Plan Width": 4, "Inner Unique": false, "Plans": [{"Node Type": "Index Scan", "Parent Relationship": "Outer", "Scan Direction": "Forward", "Index Name": "keyword_pkey", "Relation Name": "keyword", "Alias": "k", "Startup Cost": 0.0, "Total Cost": 3182.72, "Plan Rows": 1, "Plan Width": 4, "Filter": "((keyword)::text = 'character-name-in-title'::text)"}, {"Node Type": "Bitmap Heap Scan", "Parent Relationship": "Inner", "Relation Name": "movie_keyword", "Alias": "mk", "Startup Cost": 4.51, "Total Cost": 132.58, "Plan Rows": 33, "Plan Width": 8, "Recheck Cond": "(keyword_id = k.id)", "Plans": [{"Node Type": "Bitmap Index Scan", "Parent Relationship": "Outer", "Index Name": "keyword_id_movie_keyword", "Startup Cost": 0.0, "Total Cost": 4.5, "Plan Rows": 33, "Plan Width": 0, "Index Cond": "(keyword_id = k.id)"}]}]}, {"Node Type": "Index Scan", "Parent Relationship": "Inner", "Scan Direction": "Forward", "Index Name": "movie_id_movie_companies", "Relation Name": "movie_companies", "Alias": "mc", "Startup Cost": 0.0, "Total Cost": 0.31, "Plan Rows": 2, "Plan Width": 8, "Index Cond": "(movie_id = mk.movie_id)"}]}, {"Node Type": "Index Scan", "Parent Relationship": "Inner", "Scan Direction": "Forward", "Index Name": "company_name_pkey", "Relation Name": "company_name", "Alias": "cn", "Startup Cost": 0.0, "Total Cost": 0.28, "Plan Rows": 1, "Plan Width": 4, "Index Cond": "(id = mc.company_id)", "Filter": "((country_code)::text = '[nl]'::text)"}]}, {"Node Type": "Index Scan", "Parent Relationship": "Inner", "Scan Direction": "Forward", "Index Name": "title_pkey", "Relation Name": "title", "Alias": "t", "Startup Cost": 0.0, "Total Cost": 0.31, "Plan Rows": 1, "Plan Width": 21, "Index Cond": "(id = mk.movie_id)"}]}]}, "Unique SQL Id": 2804875951, "Planner Runtime": 9}, "explain_analyze_plan": {"Plan": {"Node Type": "Aggregate", "Strategy": "Plain", "Startup Cost": 3347.38, "Total Cost": 3347.39, "Plan Rows": 1, "Plan Width": 49, "Actual Startup Time": 1116.379, "Actual Total Time": 1116.38, "Actual Rows": 1, "Actual Loops": 1, "Plans": [{"Node Type": "Nested Loop", "Parent Relationship": "Outer", "Join Type": "Inner", "Startup Cost": 4.51, "Total Cost": 3347.38, "Plan Rows": 2, "Plan Width": 17, "Actual Startup Time": 11.025, "Actual Total Time": 1112.884, "Actual Rows": 5228, "Actual Loops": 1, "Inner Unique": true, "Join Filter": "(mc.movie_id = t.id)", "Rows Removed by Join Filter": 0, "Plans": [{"Node Type": "Nested Loop", "Parent Relationship": "Outer", "Join Type": "Inner", "Startup Cost": 4.51, "Total Cost": 3346.73, "Plan Rows": 2, "Plan Width": 8, "Actual Startup Time": 11.01, "Actual Total Time": 1085.185, "Actual Rows": 5228, "Actual Loops": 1, "Inner Unique": true, "Plans": [{"Node Type": "Nested Loop", "Parent Relationship": "Outer", "Join Type": "Inner", "Startup Cost": 4.51, "Total Cost": 3326.6, "Plan Rows": 70, "Plan Width": 12, "Actual Startup Time": 8.008, "Actual Total Time": 447.869, "Actual Rows": 148552, "Actual Loops": 1, "Inner Unique": false, "Plans": [{"Node Type": "Nested Loop", "Parent Relationship": "Outer", "Join Type": "Inner", "Startup Cost": 4.51, "Total Cost": 3315.63, "Plan Rows": 33, "Plan Width": 4, "Actual Startup Time": 7.977, "Actual Total Time": 171.703, "Actual Rows": 41840, "Actual Loops": 1, "Inner Unique": false, "Plans": [{"Node Type": "Index Scan", "Parent Relationship": "Outer", "Scan Direction": "Forward", "Index Name": "keyword_pkey", "Relation Name": "keyword", "Alias": "k", "Startup Cost": 0.0, "Total Cost": 3182.72, "Plan Rows": 1, "Plan Width": 4, "Actual Startup Time": 0.191, "Actual Total Time": 115.745, "Actual Rows": 1, "Actual Loops": 1, "Filter": "((keyword)::text = 'character-name-in-title'::text)", "Rows Removed by Filter": 134168}, {"Node Type": "Bitmap Heap Scan", "Parent Relationship": "Inner", "Relation Name": "movie_keyword", "Alias": "mk", "Startup Cost": 4.51, "Total Cost": 132.58, "Plan Rows": 33, "Plan Width": 8, "Actual Startup Time": 7.779, "Actual Total Time": 46.991, "Actual Rows": 41840, "Actual Loops": 1, "Recheck Cond": "(keyword_id = k.id)", "Rows Removed by Index Recheck": 0, "Exact Heap Blocks": 9702, "Lossy Heap Blocks": 9702, "Plans": [{"Node Type": "Bitmap Index Scan", "Parent Relationship": "Outer", "Index Name": "keyword_id_movie_keyword", "Startup Cost": 0.0, "Total Cost": 4.5, "Plan Rows": 33, "Plan Width": 0, "Actual Startup Time": 6.034, "Actual Total Time": 6.034, "Actual Rows": 41840, "Actual Loops": 1, "Index Cond": "(keyword_id = k.id)"}]}]}, {"Node Type": "Index Scan", "Parent Relationship": "Inner", "Scan Direction": "Forward", "Index Name": "movie_id_movie_companies", "Relation Name": "movie_companies", "Alias": "mc", "Startup Cost": 0.0, "Total Cost": 0.31, "Plan Rows": 2, "Plan Width": 8, "Actual Startup Time": 147.833, "Actual Total Time": 220.177, "Actual Rows": 148552, "Actual Loops": 41840, "Index Cond": "(movie_id = mk.movie_id)", "Rows Removed by Index Recheck": 0}]}, {"Node Type": "Index Scan", "Parent Relationship": "Inner", "Scan Direction": "Forward", "Index Name": "company_name_pkey", "Relation Name": "company_name", "Alias": "cn", "Startup Cost": 0.0, "Total Cost": 0.28, "Plan Rows": 1, "Plan Width": 4, "Actual Startup Time": 563.904, "Actual Total Time": 563.904, "Actual Rows": 5228, "Actual Loops": 148552, "Index Cond": "(id = mc.company_id)", "Rows Removed by Index Recheck": 0, "Filter": "((country_code)::text = '[nl]'::text)", "Rows Removed by Filter": 143324}]}, {"Node Type": "Index Scan", "Parent Relationship": "Inner", "Scan Direction": "Forward", "Index Name": "title_pkey", "Relation Name": "title", "Alias": "t", "Startup Cost": 0.0, "Total Cost": 0.31, "Plan Rows": 1, "Plan Width": 21, "Actual Startup Time": 22.044, "Actual Total Time": 22.044, "Actual Rows": 5228, "Actual Loops": 5228, "Index Cond": "(id = mk.movie_id)", "Rows Removed by Index Recheck": 0}]}]}, "Triggers": [], "Planner Runtime": 9.698, "Total Runtime": 1116.687, "Unique SQL Id": 2804875951}}, "(64, '70')": {"explain_plan": {"Plan": {"Node Type": "Aggregate", "Strategy": "Plain", "Startup Cost": 3019.97, "Total Cost": 3019.98, "Plan Rows": 1, "Plan Width": 49, "Plans": [{"Node Type": "Nested Loop", "Parent Relationship": "Outer", "Join Type": "Inner", "Startup Cost": 5.3, "Total Cost": 3019.97, "Plan Rows": 2, "Plan Width": 17, "Inner Unique": true, "Join Filter": "(mc.movie_id = t.id)", "Plans": [{"Node Type": "Nested Loop", "Parent Relationship": "Outer", "Join Type": "Inner", "Startup Cost": 5.04, "Total Cost": 3011.39, "Plan Rows": 2, "Plan Width": 8, "Inner Unique": true, "Plans": [{"Node Type": "Nested Loop", "Parent Relationship": "Outer", "Join Type": "Inner", "Startup Cost": 4.78, "Total Cost": 2711.55, "Plan Rows": 70, "Plan Width": 12, "Inner Unique": false, "Plans": [{"Node Type": "Nested Loop", "Parent Relationship": "Outer", "Join Type": "Inner", "Startup Cost": 4.51, "Total Cost": 2569.02, "Plan Rows": 33, "Plan Width": 4, "Inner Unique": false, "Plans": [{"Node Type": "Seq Scan", "Parent Relationship": "Outer", "Relation Name": "keyword", "Alias": "k", "Startup Cost": 0.0, "Total Cost": 2436.11, "Plan Rows": 1, "Plan Width": 4, "Filter": "((keyword)::text = 'character-name-in-title'::text)"}, {"Node Type": "Bitmap Heap Scan", "Parent Relationship": "Inner", "Relation Name": "movie_keyword", "Alias": "mk", "Startup Cost": 4.51, "Total Cost": 132.58, "Plan Rows": 33, "Plan Width": 8, "Recheck Cond": "(keyword_id = k.id)", "Plans": [{"Node Type": "Bitmap Index Scan", "Parent Relationship": "Outer", "Index Name": "keyword_id_movie_keyword", "Startup Cost": 0.0, "Total Cost": 4.5, "Plan Rows": 33, "Plan Width": 0, "Index Cond": "(keyword_id = k.id)"}]}]}, {"Node Type": "Bitmap Heap Scan", "Parent Relationship": "Inner", "Relation Name": "movie_companies", "Alias": "mc", "Startup Cost": 0.27, "Total Cost": 4.3, "Plan Rows": 2, "Plan Width": 8, "Recheck Cond": "(movie_id = mk.movie_id)", "Plans": [{"Node Type": "Bitmap Index Scan", "Parent Relationship": "Outer", "Index Name": "movie_id_movie_companies", "Startup Cost": 0.0, "Total Cost": 0.27, "Plan Rows": 2, "Plan Width": 0, "Index Cond": "(movie_id = mk.movie_id)"}]}]}, {"Node Type": "Bitmap Heap Scan", "Parent Relationship": "Inner", "Relation Name": "company_name", "Alias": "cn", "Startup Cost": 0.26, "Total Cost": 4.27, "Plan Rows": 1, "Plan Width": 4, "Recheck Cond": "(id = mc.company_id)", "Filter": "((country_code)::text = '[nl]'::text)", "Plans": [{"Node Type": "Bitmap Index Scan", "Parent Relationship": "Outer", "Index Name": "company_name_pkey", "Startup Cost": 0.0, "Total Cost": 0.26, "Plan Rows": 1, "Plan Width": 0, "Index Cond": "(id = mc.company_id)"}]}]}, {"Node Type": "Bitmap Heap Scan", "Parent Relationship": "Inner", "Relation Name": "title", "Alias": "t", "Startup Cost": 0.27, "Total Cost": 4.28, "Plan Rows": 1, "Plan Width": 21, "Recheck Cond": "(id = mk.movie_id)", "Plans": [{"Node Type": "Bitmap Index Scan", "Parent Relationship": "Outer", "Index Name": "title_pkey", "Startup Cost": 0.0, "Total Cost": 0.27, "Plan Rows": 1, "Plan Width": 0, "Index Cond": "(id = mk.movie_id)"}]}]}]}, "Unique SQL Id": 2804875951, "Planner Runtime": 9}, "explain_analyze_plan": {"Plan": {"Node Type": "Aggregate", "Strategy": "Plain", "Startup Cost": 3019.97, "Total Cost": 3019.98, "Plan Rows": 1, "Plan Width": 49, "Actual Startup Time": 1379.762, "Actual Total Time": 1379.762, "Actual Rows": 1, "Actual Loops": 1, "Plans": [{"Node Type": "Nested Loop", "Parent Relationship": "Outer", "Join Type": "Inner", "Startup Cost": 5.3, "Total Cost": 3019.97, "Plan Rows": 2, "Plan Width": 17, "Actual Startup Time": 13.852, "Actual Total Time": 1374.961, "Actual Rows": 5228, "Actual Loops": 1, "Inner Unique": true, "Join Filter": "(mc.movie_id = t.id)", "Rows Removed by Join Filter": 0, "Plans": [{"Node Type": "Nested Loop", "Parent Relationship": "Outer", "Join Type": "Inner", "Startup Cost": 5.04, "Total Cost": 3011.39, "Plan Rows": 2, "Plan Width": 8, "Actual Startup Time": 13.83, "Actual Total Time": 1338.406, "Actual Rows": 5228, "Actual Loops": 1, "Inner Unique": true, "Plans": [{"Node Type": "Nested Loop", "Parent Relationship": "Outer", "Join Type": "Inner", "Startup Cost": 4.78, "Total Cost": 2711.55, "Plan Rows": 70, "Plan Width": 12, "Actual Startup Time": 9.636, "Actual Total Time": 474.478, "Actual Rows": 148552, "Actual Loops": 1, "Inner Unique": false, "Plans": [{"Node Type": "Nested Loop", "Parent Relationship": "Outer", "Join Type": "Inner", "Startup Cost": 4.51, "Total Cost": 2569.02, "Plan Rows": 33, "Plan Width": 4, "Actual Startup Time": 9.588, "Actual Total Time": 94.897, "Actual Rows": 41840, "Actual Loops": 1, "Inner Unique": false, "Plans": [{"Node Type": "Seq Scan", "Parent Relationship": "Outer", "Relation Name": "keyword", "Alias": "k", "Startup Cost": 0.0, "Total Cost": 2436.11, "Plan Rows": 1, "Plan Width": 4, "Actual Startup Time": 1.796, "Actual Total Time": 40.826, "Actual Rows": 1, "Actual Loops": 1, "Filter": "((keyword)::text = 'character-name-in-title'::text)", "Rows Removed by Filter": 134168}, {"Node Type": "Bitmap Heap Scan", "Parent Relationship": "Inner", "Relation Name": "movie_keyword", "Alias": "mk", "Startup Cost": 4.51, "Total Cost": 132.58, "Plan Rows": 33, "Plan Width": 8, "Actual Startup Time": 7.784, "Actual Total Time": 44.618, "Actual Rows": 41840, "Actual Loops": 1, "Recheck Cond": "(keyword_id = k.id)", "Rows Removed by Index Recheck": 0, "Exact Heap Blocks": 9702, "Lossy Heap Blocks": 9702, "Plans": [{"Node Type": "Bitmap Index Scan", "Parent Relationship": "Outer", "Index Name": "keyword_id_movie_keyword", "Startup Cost": 0.0, "Total Cost": 4.5, "Plan Rows": 33, "Plan Width": 0, "Actual Startup Time": 6.024, "Actual Total Time": 6.024, "Actual Rows": 41840, "Actual Loops": 1, "Index Cond": "(keyword_id = k.id)"}]}]}, {"Node Type": "Bitmap Heap Scan", "Parent Relationship": "Inner", "Relation Name": "movie_companies", "Alias": "mc", "Startup Cost": 0.27, "Total Cost": 4.3, "Plan Rows": 2, "Plan Width": 8, "Actual Startup Time": 239.829, "Actual Total Time": 294.063, "Actual Rows": 148552, "Actual Loops": 41840, "Recheck Cond": "(movie_id = mk.movie_id)", "Rows Removed by Index Recheck": 0, "Exact Heap Blocks": 62638, "Lossy Heap Blocks": 62638, "Plans": [{"Node Type": "Bitmap Index Scan", "Parent Relationship": "Outer", "Index Name": "movie_id_movie_companies", "Startup Cost": 0.0, "Total Cost": 0.27, "Plan Rows": 2, "Plan Width": 0, "Actual Startup Time": 149.912, "Actual Total Time": 149.912, "Actual Rows": 148552, "Actual Loops": 41840, "Index Cond": "(movie_id = mk.movie_id)"}]}]}, {"Node Type": "Bitmap Heap Scan", "Parent Relationship": "Inner", "Relation Name": "company_name", "Alias": "cn", "Startup Cost": 0.26, "Total Cost": 4.27, "Plan Rows": 1, "Plan Width": 4, "Actual Startup Time": 695.194, "Actual Total Time": 695.194, "Actual Rows": 5228, "Actual Loops": 148552, "Recheck Cond": "(id = mc.company_id)", "Rows Removed by Index Recheck": 0, "Filter": "((country_code)::text = '[nl]'::text)", "Rows Removed by Filter": 143324, "Exact Heap Blocks": 148552, "Lossy Heap Blocks": 148552, "Plans": [{"Node Type": "Bitmap Index Scan", "Parent Relationship": "Outer", "Index Name": "company_name_pkey", "Startup Cost": 0.0, "Total Cost": 0.26, "Plan Rows": 1, "Plan Width": 0, "Actual Startup Time": 387.396, "Actual Total Time": 387.396, "Actual Rows": 148552, "Actual Loops": 148552, "Index Cond": "(id = mc.company_id)"}]}]}, {"Node Type": "Bitmap Heap Scan", "Parent Relationship": "Inner", "Relation Name": "title", "Alias": "t", "Startup Cost": 0.27, "Total Cost": 4.28, "Plan Rows": 1, "Plan Width": 21, "Actual Startup Time": 27.627, "Actual Total Time": 27.627, "Actual Rows": 5228, "Actual Loops": 5228, "Recheck Cond": "(id = mk.movie_id)", "Rows Removed by Index Recheck": 0, "Exact Heap Blocks": 5228, "Lossy Heap Blocks": 5228, "Plans": [{"Node Type": "Bitmap Index Scan", "Parent Relationship": "Outer", "Index Name": "title_pkey", "Startup Cost": 0.0, "Total Cost": 0.27, "Plan Rows": 1, "Plan Width": 0, "Actual Startup Time": 16.124, "Actual Total Time": 16.124, "Actual Rows": 5228, "Actual Loops": 5228, "Index Cond": "(id = mk.movie_id)"}]}]}]}, "Triggers": [], "Planner Runtime": 9.995, "Total Runtime": 1380.114, "Unique SQL Id": 2804875951}}, "(64, '71')": {"explain_plan": {"Plan": {"Node Type": "Aggregate", "Strategy": "Plain", "Startup Cost": 3739.07, "Total Cost": 3739.08, "Plan Rows": 1, "Plan Width": 49, "Plans": [{"Node Type": "Nested Loop", "Parent Relationship": "Outer", "Join Type": "Inner", "Startup Cost": 724.4, "Total Cost": 3739.06, "Plan Rows": 2, "Plan Width": 17, "Inner Unique": true, "Join Filter": "(mc.movie_id = t.id)", "Plans": [{"Node Type": "Nested Loop", "Parent Relationship": "Outer", "Join Type": "Inner", "Startup Cost": 724.13, "Total Cost": 3730.48, "Plan Rows": 2, "Plan Width": 8, "Inner Unique": true, "Plans": [{"Node Type": "Nested Loop", "Parent Relationship": "Outer", "Join Type": "Inner", "Startup Cost": 723.87, "Total Cost": 3430.65, "Plan Rows": 70, "Plan Width": 12, "Inner Unique": false, "Plans": [{"Node Type": "Nested Loop", "Parent Relationship": "Outer", "Join Type": "Inner", "Startup Cost": 723.6, "Total Cost": 3288.12, "Plan Rows": 33, "Plan Width": 4, "Inner Unique": false, "Plans": [{"Node Type": "Bitmap Heap Scan", "Parent Relationship": "Outer", "Relation Name": "keyword", "Alias": "k", "Startup Cost": 719.1, "Total Cost": 3155.21, "Plan Rows": 1, "Plan Width": 4, "Filter": "((keyword)::text = 'character-name-in-title'::text)", "Plans": [{"Node Type": "Bitmap Index Scan", "Parent Relationship": "Outer", "Index Name": "keyword_pkey", "Startup Cost": 0.0, "Total Cost": 719.1, "Plan Rows": 134169, "Plan Width": 0}]}, {"Node Type": "Bitmap Heap Scan", "Parent Relationship": "Inner", "Relation Name": "movie_keyword", "Alias": "mk", "Startup Cost": 4.51, "Total Cost": 132.58, "Plan Rows": 33, "Plan Width": 8, "Recheck Cond": "(keyword_id = k.id)", "Plans": [{"Node Type": "Bitmap Index Scan", "Parent Relationship": "Outer", "Index Name": "keyword_id_movie_keyword", "Startup Cost": 0.0, "Total Cost": 4.5, "Plan Rows": 33, "Plan Width": 0, "Index Cond": "(keyword_id = k.id)"}]}]}, {"Node Type": "Bitmap Heap Scan", "Parent Relationship": "Inner", "Relation Name": "movie_companies", "Alias": "mc", "Startup Cost": 0.27, "Total Cost": 4.3, "Plan Rows": 2, "Plan Width": 8, "Recheck Cond": "(movie_id = mk.movie_id)", "Plans": [{"Node Type": "Bitmap Index Scan", "Parent Relationship": "Outer", "Index Name": "movie_id_movie_companies", "Startup Cost": 0.0, "Total Cost": 0.27, "Plan Rows": 2, "Plan Width": 0, "Index Cond": "(movie_id = mk.movie_id)"}]}]}, {"Node Type": "Bitmap Heap Scan", "Parent Relationship": "Inner", "Relation Name": "company_name", "Alias": "cn", "Startup Cost": 0.26, "Total Cost": 4.27, "Plan Rows": 1, "Plan Width": 4, "Recheck Cond": "(id = mc.company_id)", "Filter": "((country_code)::text = '[nl]'::text)", "Plans": [{"Node Type": "Bitmap Index Scan", "Parent Relationship": "Outer", "Index Name": "company_name_pkey", "Startup Cost": 0.0, "Total Cost": 0.26, "Plan Rows": 1, "Plan Width": 0, "Index Cond": "(id = mc.company_id)"}]}]}, {"Node Type": "Bitmap Heap Scan", "Parent Relationship": "Inner", "Relation Name": "title", "Alias": "t", "Startup Cost": 0.27, "Total Cost": 4.28, "Plan Rows": 1, "Plan Width": 21, "Recheck Cond": "(id = mk.movie_id)", "Plans": [{"Node Type": "Bitmap Index Scan", "Parent Relationship": "Outer", "Index Name": "title_pkey", "Startup Cost": 0.0, "Total Cost": 0.27, "Plan Rows": 1, "Plan Width": 0, "Index Cond": "(id = mk.movie_id)"}]}]}]}, "Unique SQL Id": 2804875951, "Planner Runtime": 9}, "explain_analyze_plan": {"Plan": {"Node Type": "Aggregate", "Strategy": "Plain", "Startup Cost": 3739.07, "Total Cost": 3739.08, "Plan Rows": 1, "Plan Width": 49, "Actual Startup Time": 1403.708, "Actual Total Time": 1403.709, "Actual Rows": 1, "Actual Loops": 1, "Plans": [{"Node Type": "Nested Loop", "Parent Relationship": "Outer", "Join Type": "Inner", "Startup Cost": 724.4, "Total Cost": 3739.06, "Plan Rows": 2, "Plan Width": 17, "Actual Startup Time": 25.933, "Actual Total Time": 1398.814, "Actual Rows": 5228, "Actual Loops": 1, "Inner Unique": true, "Join Filter": "(mc.movie_id = t.id)", "Rows Removed by Join Filter": 0, "Plans": [{"Node Type": "Nested Loop", "Parent Relationship": "Outer", "Join Type": "Inner", "Startup Cost": 724.13, "Total Cost": 3730.48, "Plan Rows": 2, "Plan Width": 8, "Actual Startup Time": 25.914, "Actual Total Time": 1361.007, "Actual Rows": 5228, "Actual Loops": 1, "Inner Unique": true, "Plans": [{"Node Type": "Nested Loop", "Parent Relationship": "Outer", "Join Type": "Inner", "Startup Cost": 723.87, "Total Cost": 3430.65, "Plan Rows": 70, "Plan Width": 12, "Actual Startup Time": 21.809, "Actual Total Time": 500.96, "Actual Rows": 148552, "Actual Loops": 1, "Inner Unique": false, "Plans": [{"Node Type": "Nested Loop", "Parent Relationship": "Outer", "Join Type": "Inner", "Startup Cost": 723.6, "Total Cost": 3288.12, "Plan Rows": 33, "Plan Width": 4, "Actual Startup Time": 21.768, "Actual Total Time": 121.31, "Actual Rows": 41840, "Actual Loops": 1, "Inner Unique": false, "Plans": [{"Node Type": "Bitmap Heap Scan", "Parent Relationship": "Outer", "Relation Name": "keyword", "Alias": "k", "Startup Cost": 719.1, "Total Cost": 3155.21, "Plan Rows": 1, "Plan Width": 4, "Actual Startup Time": 14.099, "Actual Total Time": 67.292, "Actual Rows": 1, "Actual Loops": 1, "Filter": "((keyword)::text = 'character-name-in-title'::text)", "Rows Removed by Filter": 134168, "Exact Heap Blocks": 759, "Lossy Heap Blocks": 759, "Plans": [{"Node Type": "Bitmap Index Scan", "Parent Relationship": "Outer", "Index Name": "keyword_pkey", "Startup Cost": 0.0, "Total Cost": 719.1, "Plan Rows": 134169, "Plan Width": 0, "Actual Startup Time": 11.779, "Actual Total Time": 11.779, "Actual Rows": 134169, "Actual Loops": 1}]}, {"Node Type": "Bitmap Heap Scan", "Parent Relationship": "Inner", "Relation Name": "movie_keyword", "Alias": "mk", "Startup Cost": 4.51, "Total Cost": 132.58, "Plan Rows": 33, "Plan Width": 8, "Actual Startup Time": 7.658, "Actual Total Time": 44.762, "Actual Rows": 41840, "Actual Loops": 1, "Recheck Cond": "(keyword_id = k.id)", "Rows Removed by Index Recheck": 0, "Exact Heap Blocks": 9702, "Lossy Heap Blocks": 9702, "Plans": [{"Node Type": "Bitmap Index Scan", "Parent Relationship": "Outer", "Index Name": "keyword_id_movie_keyword", "Startup Cost": 0.0, "Total Cost": 4.5, "Plan Rows": 33, "Plan Width": 0, "Actual Startup Time": 5.929, "Actual Total Time": 5.929, "Actual Rows": 41840, "Actual Loops": 1, "Index Cond": "(keyword_id = k.id)"}]}]}, {"Node Type": "Bitmap Heap Scan", "Parent Relationship": "Inner", "Relation Name": "movie_companies", "Alias": "mc", "Startup Cost": 0.27, "Total Cost": 4.3, "Plan Rows": 2, "Plan Width": 8, "Actual Startup Time": 239.943, "Actual Total Time": 294.096, "Actual Rows": 148552, "Actual Loops": 41840, "Recheck Cond": "(movie_id = mk.movie_id)", "Rows Removed by Index Recheck": 0, "Exact Heap Blocks": 62638, "Lossy Heap Blocks": 62638, "Plans": [{"Node Type": "Bitmap Index Scan", "Parent Relationship": "Outer", "Index Name": "movie_id_movie_companies", "Startup Cost": 0.0, "Total Cost": 0.27, "Plan Rows": 2, "Plan Width": 0, "Actual Startup Time": 149.366, "Actual Total Time": 149.366, "Actual Rows": 148552, "Actual Loops": 41840, "Index Cond": "(movie_id = mk.movie_id)"}]}]}, {"Node Type": "Bitmap Heap Scan", "Parent Relationship": "Inner", "Relation Name": "company_name", "Alias": "cn", "Startup Cost": 0.26, "Total Cost": 4.27, "Plan Rows": 1, "Plan Width": 4, "Actual Startup Time": 691.231, "Actual Total Time": 691.231, "Actual Rows": 5228, "Actual Loops": 148552, "Recheck Cond": "(id = mc.company_id)", "Rows Removed by Index Recheck": 0, "Filter": "((country_code)::text = '[nl]'::text)", "Rows Removed by Filter": 143324, "Exact Heap Blocks": 148552, "Lossy Heap Blocks": 148552, "Plans": [{"Node Type": "Bitmap Index Scan", "Parent Relationship": "Outer", "Index Name": "company_name_pkey", "Startup Cost": 0.0, "Total Cost": 0.26, "Plan Rows": 1, "Plan Width": 0, "Actual Startup Time": 387.407, "Actual Total Time": 387.407, "Actual Rows": 148552, "Actual Loops": 148552, "Index Cond": "(id = mc.company_id)"}]}]}, {"Node Type": "Bitmap Heap Scan", "Parent Relationship": "Inner", "Relation Name": "title", "Alias": "t", "Startup Cost": 0.27, "Total Cost": 4.28, "Plan Rows": 1, "Plan Width": 21, "Actual Startup Time": 27.84, "Actual Total Time": 27.84, "Actual Rows": 5228, "Actual Loops": 5228, "Recheck Cond": "(id = mk.movie_id)", "Rows Removed by Index Recheck": 0, "Exact Heap Blocks": 5228, "Lossy Heap Blocks": 5228, "Plans": [{"Node Type": "Bitmap Index Scan", "Parent Relationship": "Outer", "Index Name": "title_pkey", "Startup Cost": 0.0, "Total Cost": 0.27, "Plan Rows": 1, "Plan Width": 0, "Actual Startup Time": 16.25, "Actual Total Time": 16.25, "Actual Rows": 5228, "Actual Loops": 5228, "Index Cond": "(id = mk.movie_id)"}]}]}]}, "Triggers": [], "Planner Runtime": 9.206, "Total Runtime": 1404.134, "Unique SQL Id": 2804875951}}, "(64, '72')": {"explain_plan": {"Plan": {"Node Type": "Aggregate", "Strategy": "Plain", "Startup Cost": 2605.07, "Total Cost": 2605.08, "Plan Rows": 1, "Plan Width": 49, "Plans": [{"Node Type": "Nested Loop", "Parent Relationship": "Outer", "Join Type": "Inner", "Startup Cost": 0.0, "Total Cost": 2605.07, "Plan Rows": 2, "Plan Width": 17, "Inner Unique": true, "Join Filter": "(mc.movie_id = t.id)", "Plans": [{"Node Type": "Nested Loop", "Parent Relationship": "Outer", "Join Type": "Inner", "Startup Cost": 0.0, "Total Cost": 2604.42, "Plan Rows": 2, "Plan Width": 8, "Inner Unique": true, "Plans": [{"Node Type": "Nested Loop", "Parent Relationship": "Outer", "Join Type": "Inner", "Startup Cost": 0.0, "Total Cost": 2584.29, "Plan Rows": 70, "Plan Width": 12, "Inner Unique": false, "Plans": [{"Node Type": "Nested Loop", "Parent Relationship": "Outer", "Join Type": "Inner", "Startup Cost": 0.0, "Total Cost": 2573.32, "Plan Rows": 33, "Plan Width": 4, "Inner Unique": false, "Plans": [{"Node Type": "Seq Scan", "Parent Relationship": "Outer", "Relation Name": "keyword", "Alias": "k", "Startup Cost": 0.0, "Total Cost": 2436.11, "Plan Rows": 1, "Plan Width": 4, "Filter": "((keyword)::text = 'character-name-in-title'::text)"}, {"Node Type": "Index Scan", "Parent Relationship": "Inner", "Scan Direction": "Forward", "Index Name": "keyword_id_movie_keyword", "Relation Name": "movie_keyword", "Alias": "mk", "Startup Cost": 0.0, "Total Cost": 136.88, "Plan Rows": 33, "Plan Width": 8, "Index Cond": "(keyword_id = k.id)"}]}, {"Node Type": "Index Scan", "Parent Relationship": "Inner", "Scan Direction": "Forward", "Index Name": "movie_id_movie_companies", "Relation Name": "movie_companies", "Alias": "mc", "Startup Cost": 0.0, "Total Cost": 0.31, "Plan Rows": 2, "Plan Width": 8, "Index Cond": "(movie_id = mk.movie_id)"}]}, {"Node Type": "Index Scan", "Parent Relationship": "Inner", "Scan Direction": "Forward", "Index Name": "company_name_pkey", "Relation Name": "company_name", "Alias": "cn", "Startup Cost": 0.0, "Total Cost": 0.28, "Plan Rows": 1, "Plan Width": 4, "Index Cond": "(id = mc.company_id)", "Filter": "((country_code)::text = '[nl]'::text)"}]}, {"Node Type": "Index Scan", "Parent Relationship": "Inner", "Scan Direction": "Forward", "Index Name": "title_pkey", "Relation Name": "title", "Alias": "t", "Startup Cost": 0.0, "Total Cost": 0.31, "Plan Rows": 1, "Plan Width": 21, "Index Cond": "(id = mk.movie_id)"}]}]}, "Unique SQL Id": 2804875951, "Planner Runtime": 10}, "explain_analyze_plan": {"Plan": {"Node Type": "Aggregate", "Strategy": "Plain", "Startup Cost": 2605.07, "Total Cost": 2605.08, "Plan Rows": 1, "Plan Width": 49, "Actual Startup Time": 1012.388, "Actual Total Time": 1012.388, "Actual Rows": 1, "Actual Loops": 1, "Plans": [{"Node Type": "Nested Loop", "Parent Relationship": "Outer", "Join Type": "Inner", "Startup Cost": 0.0, "Total Cost": 2605.07, "Plan Rows": 2, "Plan Width": 17, "Actual Startup Time": 5.012, "Actual Total Time": 1009.079, "Actual Rows": 5228, "Actual Loops": 1, "Inner Unique": true, "Join Filter": "(mc.movie_id = t.id)", "Rows Removed by Join Filter": 0, "Plans": [{"Node Type": "Nested Loop", "Parent Relationship": "Outer", "Join Type": "Inner", "Startup Cost": 0.0, "Total Cost": 2604.42, "Plan Rows": 2, "Plan Width": 8, "Actual Startup Time": 4.995, "Actual Total Time": 981.958, "Actual Rows": 5228, "Actual Loops": 1, "Inner Unique": true, "Plans": [{"Node Type": "Nested Loop", "Parent Relationship": "Outer", "Join Type": "Inner", "Startup Cost": 0.0, "Total Cost": 2584.29, "Plan Rows": 70, "Plan Width": 12, "Actual Startup Time": 1.847, "Actual Total Time": 360.079, "Actual Rows": 148552, "Actual Loops": 1, "Inner Unique": false, "Plans": [{"Node Type": "Nested Loop", "Parent Relationship": "Outer", "Join Type": "Inner", "Startup Cost": 0.0, "Total Cost": 2573.32, "Plan Rows": 33, "Plan Width": 4, "Actual Startup Time": 1.828, "Actual Total Time": 88.983, "Actual Rows": 41840, "Actual Loops": 1, "Inner Unique": false, "Plans": [{"Node Type": "Seq Scan", "Parent Relationship": "Outer", "Relation Name": "keyword", "Alias": "k", "Startup Cost": 0.0, "Total Cost": 2436.11, "Plan Rows": 1, "Plan Width": 4, "Actual Startup Time": 1.8, "Actual Total Time": 41.022, "Actual Rows": 1, "Actual Loops": 1, "Filter": "((keyword)::text = 'character-name-in-title'::text)", "Rows Removed by Filter": 134168}, {"Node Type": "Index Scan", "Parent Relationship": "Inner", "Scan Direction": "Forward", "Index Name": "keyword_id_movie_keyword", "Relation Name": "movie_keyword", "Alias": "mk", "Startup Cost": 0.0, "Total Cost": 136.88, "Plan Rows": 33, "Plan Width": 8, "Actual Startup Time": 0.023, "Actual Total Time": 38.639, "Actual Rows": 41840, "Actual Loops": 1, "Index Cond": "(keyword_id = k.id)", "Rows Removed by Index Recheck": 0}]}, {"Node Type": "Index Scan", "Parent Relationship": "Inner", "Scan Direction": "Forward", "Index Name": "movie_id_movie_companies", "Relation Name": "movie_companies", "Alias": "mc", "Startup Cost": 0.0, "Total Cost": 0.31, "Plan Rows": 2, "Plan Width": 8, "Actual Startup Time": 143.596, "Actual Total Time": 214.856, "Actual Rows": 148552, "Actual Loops": 41840, "Index Cond": "(movie_id = mk.movie_id)", "Rows Removed by Index Recheck": 0}]}, {"Node Type": "Index Scan", "Parent Relationship": "Inner", "Scan Direction": "Forward", "Index Name": "company_name_pkey", "Relation Name": "company_name", "Alias": "cn", "Startup Cost": 0.0, "Total Cost": 0.28, "Plan Rows": 1, "Plan Width": 4, "Actual Startup Time": 549.432, "Actual Total Time": 549.432, "Actual Rows": 5228, "Actual Loops": 148552, "Index Cond": "(id = mc.company_id)", "Rows Removed by Index Recheck": 0, "Filter": "((country_code)::text = '[nl]'::text)", "Rows Removed by Filter": 143324}]}, {"Node Type": "Index Scan", "Parent Relationship": "Inner", "Scan Direction": "Forward", "Index Name": "title_pkey", "Relation Name": "title", "Alias": "t", "Startup Cost": 0.0, "Total Cost": 0.31, "Plan Rows": 1, "Plan Width": 21, "Actual Startup Time": 21.388, "Actual Total Time": 21.388, "Actual Rows": 5228, "Actual Loops": 5228, "Index Cond": "(id = mk.movie_id)", "Rows Removed by Index Recheck": 0}]}]}, "Triggers": [], "Planner Runtime": 9.715, "Total Runtime": 1012.617, "Unique SQL Id": 2804875951}}, "(64, '73')": {"explain_plan": {"Plan": {"Node Type": "Aggregate", "Strategy": "Plain", "Startup Cost": 3351.67, "Total Cost": 3351.68, "Plan Rows": 1, "Plan Width": 49, "Plans": [{"Node Type": "Nested Loop", "Parent Relationship": "Outer", "Join Type": "Inner", "Startup Cost": 0.0, "Total Cost": 3351.67, "Plan Rows": 2, "Plan Width": 17, "Inner Unique": true, "Join Filter": "(mc.movie_id = t.id)", "Plans": [{"Node Type": "Nested Loop", "Parent Relationship": "Outer", "Join Type": "Inner", "Startup Cost": 0.0, "Total Cost": 3351.03, "Plan Rows": 2, "Plan Width": 8, "Inner Unique": true, "Plans": [{"Node Type": "Nested Loop", "Parent Relationship": "Outer", "Join Type": "Inner", "Startup Cost": 0.0, "Total Cost": 3330.89, "Plan Rows": 70, "Plan Width": 12, "Inner Unique": false, "Plans": [{"Node Type": "Nested Loop", "Parent Relationship": "Outer", "Join Type": "Inner", "Startup Cost": 0.0, "Total Cost": 3319.92, "Plan Rows": 33, "Plan Width": 4, "Inner Unique": false, "Plans": [{"Node Type": "Index Scan", "Parent Relationship": "Outer", "Scan Direction": "Forward", "Index Name": "keyword_pkey", "Relation Name": "keyword", "Alias": "k", "Startup Cost": 0.0, "Total Cost": 3182.72, "Plan Rows": 1, "Plan Width": 4, "Filter": "((keyword)::text = 'character-name-in-title'::text)"}, {"Node Type": "Index Scan", "Parent Relationship": "Inner", "Scan Direction": "Forward", "Index Name": "keyword_id_movie_keyword", "Relation Name": "movie_keyword", "Alias": "mk", "Startup Cost": 0.0, "Total Cost": 136.88, "Plan Rows": 33, "Plan Width": 8, "Index Cond": "(keyword_id = k.id)"}]}, {"Node Type": "Index Scan", "Parent Relationship": "Inner", "Scan Direction": "Forward", "Index Name": "movie_id_movie_companies", "Relation Name": "movie_companies", "Alias": "mc", "Startup Cost": 0.0, "Total Cost": 0.31, "Plan Rows": 2, "Plan Width": 8, "Index Cond": "(movie_id = mk.movie_id)"}]}, {"Node Type": "Index Scan", "Parent Relationship": "Inner", "Scan Direction": "Forward", "Index Name": "company_name_pkey", "Relation Name": "company_name", "Alias": "cn", "Startup Cost": 0.0, "Total Cost": 0.28, "Plan Rows": 1, "Plan Width": 4, "Index Cond": "(id = mc.company_id)", "Filter": "((country_code)::text = '[nl]'::text)"}]}, {"Node Type": "Index Scan", "Parent Relationship": "Inner", "Scan Direction": "Forward", "Index Name": "title_pkey", "Relation Name": "title", "Alias": "t", "Startup Cost": 0.0, "Total Cost": 0.31, "Plan Rows": 1, "Plan Width": 21, "Index Cond": "(id = mk.movie_id)"}]}]}, "Unique SQL Id": 2804875951, "Planner Runtime": 10}, "explain_analyze_plan": {"Plan": {"Node Type": "Aggregate", "Strategy": "Plain", "Startup Cost": 3351.67, "Total Cost": 3351.68, "Plan Rows": 1, "Plan Width": 49, "Actual Startup Time": 1116.77, "Actual Total Time": 1116.771, "Actual Rows": 1, "Actual Loops": 1, "Plans": [{"Node Type": "Nested Loop", "Parent Relationship": "Outer", "Join Type": "Inner", "Startup Cost": 0.0, "Total Cost": 3351.67, "Plan Rows": 2, "Plan Width": 17, "Actual Startup Time": 3.238, "Actual Total Time": 1113.589, "Actual Rows": 5228, "Actual Loops": 1, "Inner Unique": true, "Join Filter": "(mc.movie_id = t.id)", "Rows Removed by Join Filter": 0, "Plans": [{"Node Type": "Nested Loop", "Parent Relationship": "Outer", "Join Type": "Inner", "Startup Cost": 0.0, "Total Cost": 3351.03, "Plan Rows": 2, "Plan Width": 8, "Actual Startup Time": 3.224, "Actual Total Time": 1085.006, "Actual Rows": 5228, "Actual Loops": 1, "Inner Unique": true, "Plans": [{"Node Type": "Nested Loop", "Parent Relationship": "Outer", "Join Type": "Inner", "Startup Cost": 0.0, "Total Cost": 3330.89, "Plan Rows": 70, "Plan Width": 12, "Actual Startup Time": 0.233, "Actual Total Time": 449.234, "Actual Rows": 148552, "Actual Loops": 1, "Inner Unique": false, "Plans": [{"Node Type": "Nested Loop", "Parent Relationship": "Outer", "Join Type": "Inner", "Startup Cost": 0.0, "Total Cost": 3319.92, "Plan Rows": 33, "Plan Width": 4, "Actual Startup Time": 0.215, "Actual Total Time": 166.059, "Actual Rows": 41840, "Actual Loops": 1, "Inner Unique": false, "Plans": [{"Node Type": "Index Scan", "Parent Relationship": "Outer", "Scan Direction": "Forward", "Index Name": "keyword_pkey", "Relation Name": "keyword", "Alias": "k", "Startup Cost": 0.0, "Total Cost": 3182.72, "Plan Rows": 1, "Plan Width": 4, "Actual Startup Time": 0.194, "Actual Total Time": 113.965, "Actual Rows": 1, "Actual Loops": 1, "Filter": "((keyword)::text = 'character-name-in-title'::text)", "Rows Removed by Filter": 134168}, {"Node Type": "Index Scan", "Parent Relationship": "Inner", "Scan Direction": "Forward", "Index Name": "keyword_id_movie_keyword", "Relation Name": "movie_keyword", "Alias": "mk", "Startup Cost": 0.0, "Total Cost": 136.88, "Plan Rows": 33, "Plan Width": 8, "Actual Startup Time": 0.017, "Actual Total Time": 42.534, "Actual Rows": 41840, "Actual Loops": 1, "Index Cond": "(keyword_id = k.id)", "Rows Removed by Index Recheck": 0}]}, {"Node Type": "Index Scan", "Parent Relationship": "Inner", "Scan Direction": "Forward", "Index Name": "movie_id_movie_companies", "Relation Name": "movie_companies", "Alias": "mc", "Startup Cost": 0.0, "Total Cost": 0.31, "Plan Rows": 2, "Plan Width": 8, "Actual Startup Time": 152.025, "Actual Total Time": 226.956, "Actual Rows": 148552, "Actual Loops": 41840, "Index Cond": "(movie_id = mk.movie_id)", "Rows Removed by Index Recheck": 0}]}, {"Node Type": "Index Scan", "Parent Relationship": "Inner", "Scan Direction": "Forward", "Index Name": "company_name_pkey", "Relation Name": "company_name", "Alias": "cn", "Startup Cost": 0.0, "Total Cost": 0.28, "Plan Rows": 1, "Plan Width": 4, "Actual Startup Time": 563.165, "Actual Total Time": 563.165, "Actual Rows": 5228, "Actual Loops": 148552, "Index Cond": "(id = mc.company_id)", "Rows Removed by Index Recheck": 0, "Filter": "((country_code)::text = '[nl]'::text)", "Rows Removed by Filter": 143324}]}, {"Node Type": "Index Scan", "Parent Relationship": "Inner", "Scan Direction": "Forward", "Index Name": "title_pkey", "Relation Name": "title", "Alias": "t", "Startup Cost": 0.0, "Total Cost": 0.31, "Plan Rows": 1, "Plan Width": 21, "Actual Startup Time": 22.945, "Actual Total Time": 22.945, "Actual Rows": 5228, "Actual Loops": 5228, "Index Cond": "(id = mk.movie_id)", "Rows Removed by Index Recheck": 0}]}]}, "Triggers": [], "Planner Runtime": 9.86, "Total Runtime": 1117.024, "Unique SQL Id": 2804875951}}, "(64, '74')": {"explain_plan": {"Plan": {"Node Type": "Aggregate", "Strategy": "Plain", "Startup Cost": 203302.73, "Total Cost": 203302.74, "Plan Rows": 1, "Plan Width": 49, "Plans": [{"Node Type": "Hash Join", "Parent Relationship": "Outer", "Join Type": "Inner", "Startup Cost": 133750.79, "Total Cost": 203302.73, "Plan Rows": 2, "Plan Width": 17, "Inner Unique": true, "Hash Cond": "(mc.company_id = cn.id)", "Plans": [{"Node Type": "Hash Join", "Parent Relationship": "Outer", "Join Type": "Inner", "Startup Cost": 127819.34, "Total Cost": 197370.32, "Plan Rows": 70, "Plan Width": 21, "Inner Unique": false, "Hash Cond": "(t.id = mc.movie_id)", "Plans": [{"Node Type": "Seq Scan", "Parent Relationship": "Outer", "Relation Name": "title", "Alias": "t", "Startup Cost": 0.0, "Total Cost": 60069.11, "Plan Rows": 2528311, "Plan Width": 21}, {"Node Type": "Hash", "Parent Relationship": "Inner", "Startup Cost": 127818.46, "Total Cost": 127818.46, "Plan Rows": 70, "Plan Width": 12, "Plans": [{"Node Type": "Hash Join", "Parent Relationship": "Outer", "Join Type": "Inner", "Startup Cost": 76216.26, "Total Cost": 127818.46, "Plan Rows": 70, "Plan Width": 12, "Inner Unique": false, "Hash Cond": "(mc.movie_id = mk.movie_id)", "Plans": [{"Node Type": "Seq Scan", "Parent Relationship": "Outer", "Relation Name": "movie_companies", "Alias": "mc", "Startup Cost": 0.0, "Total Cost": 41817.28, "Plan Rows": 2609128, "Plan Width": 8}, {"Node Type": "Hash", "Parent Relationship": "Inner", "Startup Cost": 76215.84, "Total Cost": 76215.84, "Plan Rows": 33, "Plan Width": 4, "Plans": [{"Node Type": "Hash Join", "Parent Relationship": "Outer", "Join Type": "Inner", "Startup Cost": 2436.12, "Total Cost": 76215.84, "Plan Rows": 33, "Plan Width": 4, "Inner Unique": true, "Hash Cond": "(mk.keyword_id = k.id)", "Plans": [{"Node Type": "Seq Scan", "Parent Relationship": "Outer", "Relation Name": "movie_keyword", "Alias": "mk", "Startup Cost": 0.0, "Total Cost": 62441.29, "Plan Rows": 4523929, "Plan Width": 8}, {"Node Type": "Hash", "Parent Relationship": "Inner", "Startup Cost": 2436.11, "Total Cost": 2436.11, "Plan Rows": 1, "Plan Width": 4, "Plans": [{"Node Type": "Seq Scan", "Parent Relationship": "Outer", "Relation Name": "keyword", "Alias": "k", "Startup Cost": 0.0, "Total Cost": 2436.11, "Plan Rows": 1, "Plan Width": 4, "Filter": "((keyword)::text = 'character-name-in-title'::text)"}]}]}]}]}]}]}, {"Node Type": "Hash", "Parent Relationship": "Inner", "Startup Cost": 5903.45, "Total Cost": 5903.45, "Plan Rows": 2240, "Plan Width": 4, "Plans": [{"Node Type": "Seq Scan", "Parent Relationship": "Outer", "Relation Name": "company_name", "Alias": "cn", "Startup Cost": 0.0, "Total Cost": 5903.45, "Plan Rows": 2240, "Plan Width": 4, "Filter": "((country_code)::text = '[nl]'::text)"}]}]}]}, "Unique SQL Id": 2804875951, "Planner Runtime": 10}, "explain_analyze_plan": null}, "(64, '75')": {"explain_plan": {"Plan": {"Node Type": "Aggregate", "Strategy": "Plain", "Startup Cost": 4998934717572.65, "Total Cost": 4998934717572.66, "Plan Rows": 1, "Plan Width": 49, "Plans": [{"Node Type": "Hash Join", "Parent Relationship": "Outer", "Join Type": "Inner", "Startup Cost": 2030100702557.26, "Total Cost": 4998934717572.64, "Plan Rows": 2, "Plan Width": 17, "Inner Unique": true, "Hash Cond": "(mc.company_id = cn.id)", "Plans": [{"Node Type": "Hash Join", "Parent Relationship": "Outer", "Join Type": "Inner", "Startup Cost": 1030099652390.29, "Total Cost": 3998933667404.71, "Plan Rows": 70, "Plan Width": 21, "Inner Unique": true, "Hash Cond": "(mk.keyword_id = k.id)", "Plans": [{"Node Type": "Merge Join", "Parent Relationship": "Outer", "Join Type": "Inner", "Startup Cost": 30099334118.59, "Total Cost": 2998933325182.46, "Plan Rows": 9556051, "Plan Width": 25, "Inner Unique": false, "Merge Cond": "(t.id = mc.movie_id)", "Plans": [{"Node Type": "Index Scan", "Parent Relationship": "Outer", "Scan Direction": "Forward", "Index Name": "title_pkey", "Relation Name": "title", "Alias": "t", "Startup Cost": 10000000000.0, "Total Cost": 1000011012048.91, "Plan Rows": 2528311, "Plan Width": 21}, {"Node Type": "Materialize", "Parent Relationship": "Inner", "Startup Cost": 20077406192.39, "Total Cost": 1999870961740.56, "Plan Rows": 9556051, "Plan Width": 16, "Plans": [{"Node Type": "Merge Join", "Parent Relationship": "Outer", "Join Type": "Inner", "Startup Cost": 20077406192.39, "Total Cost": 1999870937850.44, "Plan Rows": 9556051, "Plan Width": 16, "Inner Unique": false, "Merge Cond": "(mc.movie_id = mk.movie_id)", "Plans": [{"Node Type": "Index Scan", "Parent Relationship": "Outer", "Scan Direction": "Forward", "Index Name": "movie_id_movie_companies", "Relation Name": "movie_companies", "Alias": "mc", "Startup Cost": 10000000000.0, "Total Cost": 1000013051946.13, "Plan Rows": 2609128, "Plan Width": 8}, {"Node Type": "Materialize", "Parent Relationship": "Inner", "Startup Cost": 10000000000.0, "Total Cost": 1000015311943.99, "Plan Rows": 4523929, "Plan Width": 8, "Plans": [{"Node Type": "Index Scan", "Parent Relationship": "Outer", "Scan Direction": "Forward", "Index Name": "movie_id_movie_keyword", "Relation Name": "movie_keyword", "Alias": "mk", "Startup Cost": 10000000000.0, "Total Cost": 1000015300634.17, "Plan Rows": 4523929, "Plan Width": 8}]}]}]}]}, {"Node Type": "Hash", "Parent Relationship": "Inner", "Startup Cost": 1000000318271.68, "Total Cost": 1000000318271.68, "Plan Rows": 1, "Plan Width": 4, "Plans": [{"Node Type": "Index Scan", "Parent Relationship": "Outer", "Scan Direction": "Forward", "Index Name": "keyword_pkey", "Relation Name": "keyword", "Alias": "k", "Startup Cost": 10000000000.0, "Total Cost": 1000000318271.68, "Plan Rows": 1, "Plan Width": 4, "Filter": "((keyword)::text = 'character-name-in-title'::text)"}]}]}, {"Node Type": "Hash", "Parent Relationship": "Inner", "Startup Cost": 1000001050138.97, "Total Cost": 1000001050138.97, "Plan Rows": 2240, "Plan Width": 4, "Plans": [{"Node Type": "Index Scan", "Parent Relationship": "Outer", "Scan Direction": "Forward", "Index Name": "company_name_pkey", "Relation Name": "company_name", "Alias": "cn", "Startup Cost": 10000000000.0, "Total Cost": 1000001050138.97, "Plan Rows": 2240, "Plan Width": 4, "Filter": "((country_code)::text = '[nl]'::text)"}]}]}]}, "Unique SQL Id": 2804875951, "Planner Runtime": 22}, "explain_analyze_plan": null}, "(64, '76')": {"explain_plan": {"Plan": {"Node Type": "Aggregate", "Strategy": "Plain", "Startup Cost": 2605.07, "Total Cost": 2605.08, "Plan Rows": 1, "Plan Width": 49, "Plans": [{"Node Type": "Nested Loop", "Parent Relationship": "Outer", "Join Type": "Inner", "Startup Cost": 0.0, "Total Cost": 2605.07, "Plan Rows": 2, "Plan Width": 17, "Inner Unique": true, "Join Filter": "(mc.movie_id = t.id)", "Plans": [{"Node Type": "Nested Loop", "Parent Relationship": "Outer", "Join Type": "Inner", "Startup Cost": 0.0, "Total Cost": 2604.42, "Plan Rows": 2, "Plan Width": 8, "Inner Unique": true, "Plans": [{"Node Type": "Nested Loop", "Parent Relationship": "Outer", "Join Type": "Inner", "Startup Cost": 0.0, "Total Cost": 2584.29, "Plan Rows": 70, "Plan Width": 12, "Inner Unique": false, "Plans": [{"Node Type": "Nested Loop", "Parent Relationship": "Outer", "Join Type": "Inner", "Startup Cost": 0.0, "Total Cost": 2573.32, "Plan Rows": 33, "Plan Width": 4, "Inner Unique": false, "Plans": [{"Node Type": "Seq Scan", "Parent Relationship": "Outer", "Relation Name": "keyword", "Alias": "k", "Startup Cost": 0.0, "Total Cost": 2436.11, "Plan Rows": 1, "Plan Width": 4, "Filter": "((keyword)::text = 'character-name-in-title'::text)"}, {"Node Type": "Index Scan", "Parent Relationship": "Inner", "Scan Direction": "Forward", "Index Name": "keyword_id_movie_keyword", "Relation Name": "movie_keyword", "Alias": "mk", "Startup Cost": 0.0, "Total Cost": 136.88, "Plan Rows": 33, "Plan Width": 8, "Index Cond": "(keyword_id = k.id)"}]}, {"Node Type": "Index Scan", "Parent Relationship": "Inner", "Scan Direction": "Forward", "Index Name": "movie_id_movie_companies", "Relation Name": "movie_companies", "Alias": "mc", "Startup Cost": 0.0, "Total Cost": 0.31, "Plan Rows": 2, "Plan Width": 8, "Index Cond": "(movie_id = mk.movie_id)"}]}, {"Node Type": "Index Scan", "Parent Relationship": "Inner", "Scan Direction": "Forward", "Index Name": "company_name_pkey", "Relation Name": "company_name", "Alias": "cn", "Startup Cost": 0.0, "Total Cost": 0.28, "Plan Rows": 1, "Plan Width": 4, "Index Cond": "(id = mc.company_id)", "Filter": "((country_code)::text = '[nl]'::text)"}]}, {"Node Type": "Index Scan", "Parent Relationship": "Inner", "Scan Direction": "Forward", "Index Name": "title_pkey", "Relation Name": "title", "Alias": "t", "Startup Cost": 0.0, "Total Cost": 0.31, "Plan Rows": 1, "Plan Width": 21, "Index Cond": "(id = mk.movie_id)"}]}]}, "Unique SQL Id": 2804875951, "Planner Runtime": 10}, "explain_analyze_plan": {"Plan": {"Node Type": "Aggregate", "Strategy": "Plain", "Startup Cost": 2605.07, "Total Cost": 2605.08, "Plan Rows": 1, "Plan Width": 49, "Actual Startup Time": 1012.388, "Actual Total Time": 1012.388, "Actual Rows": 1, "Actual Loops": 1, "Plans": [{"Node Type": "Nested Loop", "Parent Relationship": "Outer", "Join Type": "Inner", "Startup Cost": 0.0, "Total Cost": 2605.07, "Plan Rows": 2, "Plan Width": 17, "Actual Startup Time": 5.012, "Actual Total Time": 1009.079, "Actual Rows": 5228, "Actual Loops": 1, "Inner Unique": true, "Join Filter": "(mc.movie_id = t.id)", "Rows Removed by Join Filter": 0, "Plans": [{"Node Type": "Nested Loop", "Parent Relationship": "Outer", "Join Type": "Inner", "Startup Cost": 0.0, "Total Cost": 2604.42, "Plan Rows": 2, "Plan Width": 8, "Actual Startup Time": 4.995, "Actual Total Time": 981.958, "Actual Rows": 5228, "Actual Loops": 1, "Inner Unique": true, "Plans": [{"Node Type": "Nested Loop", "Parent Relationship": "Outer", "Join Type": "Inner", "Startup Cost": 0.0, "Total Cost": 2584.29, "Plan Rows": 70, "Plan Width": 12, "Actual Startup Time": 1.847, "Actual Total Time": 360.079, "Actual Rows": 148552, "Actual Loops": 1, "Inner Unique": false, "Plans": [{"Node Type": "Nested Loop", "Parent Relationship": "Outer", "Join Type": "Inner", "Startup Cost": 0.0, "Total Cost": 2573.32, "Plan Rows": 33, "Plan Width": 4, "Actual Startup Time": 1.828, "Actual Total Time": 88.983, "Actual Rows": 41840, "Actual Loops": 1, "Inner Unique": false, "Plans": [{"Node Type": "Seq Scan", "Parent Relationship": "Outer", "Relation Name": "keyword", "Alias": "k", "Startup Cost": 0.0, "Total Cost": 2436.11, "Plan Rows": 1, "Plan Width": 4, "Actual Startup Time": 1.8, "Actual Total Time": 41.022, "Actual Rows": 1, "Actual Loops": 1, "Filter": "((keyword)::text = 'character-name-in-title'::text)", "Rows Removed by Filter": 134168}, {"Node Type": "Index Scan", "Parent Relationship": "Inner", "Scan Direction": "Forward", "Index Name": "keyword_id_movie_keyword", "Relation Name": "movie_keyword", "Alias": "mk", "Startup Cost": 0.0, "Total Cost": 136.88, "Plan Rows": 33, "Plan Width": 8, "Actual Startup Time": 0.023, "Actual Total Time": 38.639, "Actual Rows": 41840, "Actual Loops": 1, "Index Cond": "(keyword_id = k.id)", "Rows Removed by Index Recheck": 0}]}, {"Node Type": "Index Scan", "Parent Relationship": "Inner", "Scan Direction": "Forward", "Index Name": "movie_id_movie_companies", "Relation Name": "movie_companies", "Alias": "mc", "Startup Cost": 0.0, "Total Cost": 0.31, "Plan Rows": 2, "Plan Width": 8, "Actual Startup Time": 143.596, "Actual Total Time": 214.856, "Actual Rows": 148552, "Actual Loops": 41840, "Index Cond": "(movie_id = mk.movie_id)", "Rows Removed by Index Recheck": 0}]}, {"Node Type": "Index Scan", "Parent Relationship": "Inner", "Scan Direction": "Forward", "Index Name": "company_name_pkey", "Relation Name": "company_name", "Alias": "cn", "Startup Cost": 0.0, "Total Cost": 0.28, "Plan Rows": 1, "Plan Width": 4, "Actual Startup Time": 549.432, "Actual Total Time": 549.432, "Actual Rows": 5228, "Actual Loops": 148552, "Index Cond": "(id = mc.company_id)", "Rows Removed by Index Recheck": 0, "Filter": "((country_code)::text = '[nl]'::text)", "Rows Removed by Filter": 143324}]}, {"Node Type": "Index Scan", "Parent Relationship": "Inner", "Scan Direction": "Forward", "Index Name": "title_pkey", "Relation Name": "title", "Alias": "t", "Startup Cost": 0.0, "Total Cost": 0.31, "Plan Rows": 1, "Plan Width": 21, "Actual Startup Time": 21.388, "Actual Total Time": 21.388, "Actual Rows": 5228, "Actual Loops": 5228, "Index Cond": "(id = mk.movie_id)", "Rows Removed by Index Recheck": 0}]}]}, "Triggers": [], "Planner Runtime": 9.715, "Total Runtime": 1012.617, "Unique SQL Id": 2804875951}}, "(64, '77')": {"explain_plan": {"Plan": {"Node Type": "Aggregate", "Strategy": "Plain", "Startup Cost": 3351.67, "Total Cost": 3351.68, "Plan Rows": 1, "Plan Width": 49, "Plans": [{"Node Type": "Nested Loop", "Parent Relationship": "Outer", "Join Type": "Inner", "Startup Cost": 0.0, "Total Cost": 3351.67, "Plan Rows": 2, "Plan Width": 17, "Inner Unique": true, "Join Filter": "(mc.movie_id = t.id)", "Plans": [{"Node Type": "Nested Loop", "Parent Relationship": "Outer", "Join Type": "Inner", "Startup Cost": 0.0, "Total Cost": 3351.03, "Plan Rows": 2, "Plan Width": 8, "Inner Unique": true, "Plans": [{"Node Type": "Nested Loop", "Parent Relationship": "Outer", "Join Type": "Inner", "Startup Cost": 0.0, "Total Cost": 3330.89, "Plan Rows": 70, "Plan Width": 12, "Inner Unique": false, "Plans": [{"Node Type": "Nested Loop", "Parent Relationship": "Outer", "Join Type": "Inner", "Startup Cost": 0.0, "Total Cost": 3319.92, "Plan Rows": 33, "Plan Width": 4, "Inner Unique": false, "Plans": [{"Node Type": "Index Scan", "Parent Relationship": "Outer", "Scan Direction": "Forward", "Index Name": "keyword_pkey", "Relation Name": "keyword", "Alias": "k", "Startup Cost": 0.0, "Total Cost": 3182.72, "Plan Rows": 1, "Plan Width": 4, "Filter": "((keyword)::text = 'character-name-in-title'::text)"}, {"Node Type": "Index Scan", "Parent Relationship": "Inner", "Scan Direction": "Forward", "Index Name": "keyword_id_movie_keyword", "Relation Name": "movie_keyword", "Alias": "mk", "Startup Cost": 0.0, "Total Cost": 136.88, "Plan Rows": 33, "Plan Width": 8, "Index Cond": "(keyword_id = k.id)"}]}, {"Node Type": "Index Scan", "Parent Relationship": "Inner", "Scan Direction": "Forward", "Index Name": "movie_id_movie_companies", "Relation Name": "movie_companies", "Alias": "mc", "Startup Cost": 0.0, "Total Cost": 0.31, "Plan Rows": 2, "Plan Width": 8, "Index Cond": "(movie_id = mk.movie_id)"}]}, {"Node Type": "Index Scan", "Parent Relationship": "Inner", "Scan Direction": "Forward", "Index Name": "company_name_pkey", "Relation Name": "company_name", "Alias": "cn", "Startup Cost": 0.0, "Total Cost": 0.28, "Plan Rows": 1, "Plan Width": 4, "Index Cond": "(id = mc.company_id)", "Filter": "((country_code)::text = '[nl]'::text)"}]}, {"Node Type": "Index Scan", "Parent Relationship": "Inner", "Scan Direction": "Forward", "Index Name": "title_pkey", "Relation Name": "title", "Alias": "t", "Startup Cost": 0.0, "Total Cost": 0.31, "Plan Rows": 1, "Plan Width": 21, "Index Cond": "(id = mk.movie_id)"}]}]}, "Unique SQL Id": 2804875951, "Planner Runtime": 10}, "explain_analyze_plan": {"Plan": {"Node Type": "Aggregate", "Strategy": "Plain", "Startup Cost": 3351.67, "Total Cost": 3351.68, "Plan Rows": 1, "Plan Width": 49, "Actual Startup Time": 1116.77, "Actual Total Time": 1116.771, "Actual Rows": 1, "Actual Loops": 1, "Plans": [{"Node Type": "Nested Loop", "Parent Relationship": "Outer", "Join Type": "Inner", "Startup Cost": 0.0, "Total Cost": 3351.67, "Plan Rows": 2, "Plan Width": 17, "Actual Startup Time": 3.238, "Actual Total Time": 1113.589, "Actual Rows": 5228, "Actual Loops": 1, "Inner Unique": true, "Join Filter": "(mc.movie_id = t.id)", "Rows Removed by Join Filter": 0, "Plans": [{"Node Type": "Nested Loop", "Parent Relationship": "Outer", "Join Type": "Inner", "Startup Cost": 0.0, "Total Cost": 3351.03, "Plan Rows": 2, "Plan Width": 8, "Actual Startup Time": 3.224, "Actual Total Time": 1085.006, "Actual Rows": 5228, "Actual Loops": 1, "Inner Unique": true, "Plans": [{"Node Type": "Nested Loop", "Parent Relationship": "Outer", "Join Type": "Inner", "Startup Cost": 0.0, "Total Cost": 3330.89, "Plan Rows": 70, "Plan Width": 12, "Actual Startup Time": 0.233, "Actual Total Time": 449.234, "Actual Rows": 148552, "Actual Loops": 1, "Inner Unique": false, "Plans": [{"Node Type": "Nested Loop", "Parent Relationship": "Outer", "Join Type": "Inner", "Startup Cost": 0.0, "Total Cost": 3319.92, "Plan Rows": 33, "Plan Width": 4, "Actual Startup Time": 0.215, "Actual Total Time": 166.059, "Actual Rows": 41840, "Actual Loops": 1, "Inner Unique": false, "Plans": [{"Node Type": "Index Scan", "Parent Relationship": "Outer", "Scan Direction": "Forward", "Index Name": "keyword_pkey", "Relation Name": "keyword", "Alias": "k", "Startup Cost": 0.0, "Total Cost": 3182.72, "Plan Rows": 1, "Plan Width": 4, "Actual Startup Time": 0.194, "Actual Total Time": 113.965, "Actual Rows": 1, "Actual Loops": 1, "Filter": "((keyword)::text = 'character-name-in-title'::text)", "Rows Removed by Filter": 134168}, {"Node Type": "Index Scan", "Parent Relationship": "Inner", "Scan Direction": "Forward", "Index Name": "keyword_id_movie_keyword", "Relation Name": "movie_keyword", "Alias": "mk", "Startup Cost": 0.0, "Total Cost": 136.88, "Plan Rows": 33, "Plan Width": 8, "Actual Startup Time": 0.017, "Actual Total Time": 42.534, "Actual Rows": 41840, "Actual Loops": 1, "Index Cond": "(keyword_id = k.id)", "Rows Removed by Index Recheck": 0}]}, {"Node Type": "Index Scan", "Parent Relationship": "Inner", "Scan Direction": "Forward", "Index Name": "movie_id_movie_companies", "Relation Name": "movie_companies", "Alias": "mc", "Startup Cost": 0.0, "Total Cost": 0.31, "Plan Rows": 2, "Plan Width": 8, "Actual Startup Time": 152.025, "Actual Total Time": 226.956, "Actual Rows": 148552, "Actual Loops": 41840, "Index Cond": "(movie_id = mk.movie_id)", "Rows Removed by Index Recheck": 0}]}, {"Node Type": "Index Scan", "Parent Relationship": "Inner", "Scan Direction": "Forward", "Index Name": "company_name_pkey", "Relation Name": "company_name", "Alias": "cn", "Startup Cost": 0.0, "Total Cost": 0.28, "Plan Rows": 1, "Plan Width": 4, "Actual Startup Time": 563.165, "Actual Total Time": 563.165, "Actual Rows": 5228, "Actual Loops": 148552, "Index Cond": "(id = mc.company_id)", "Rows Removed by Index Recheck": 0, "Filter": "((country_code)::text = '[nl]'::text)", "Rows Removed by Filter": 143324}]}, {"Node Type": "Index Scan", "Parent Relationship": "Inner", "Scan Direction": "Forward", "Index Name": "title_pkey", "Relation Name": "title", "Alias": "t", "Startup Cost": 0.0, "Total Cost": 0.31, "Plan Rows": 1, "Plan Width": 21, "Actual Startup Time": 22.945, "Actual Total Time": 22.945, "Actual Rows": 5228, "Actual Loops": 5228, "Index Cond": "(id = mk.movie_id)", "Rows Removed by Index Recheck": 0}]}]}, "Triggers": [], "Planner Runtime": 9.86, "Total Runtime": 1117.024, "Unique SQL Id": 2804875951}}, "(64, '78')": {"explain_plan": {"Plan": {"Node Type": "Aggregate", "Strategy": "Plain", "Startup Cost": 203302.73, "Total Cost": 203302.74, "Plan Rows": 1, "Plan Width": 49, "Plans": [{"Node Type": "Hash Join", "Parent Relationship": "Outer", "Join Type": "Inner", "Startup Cost": 133750.79, "Total Cost": 203302.73, "Plan Rows": 2, "Plan Width": 17, "Inner Unique": true, "Hash Cond": "(mc.company_id = cn.id)", "Plans": [{"Node Type": "Hash Join", "Parent Relationship": "Outer", "Join Type": "Inner", "Startup Cost": 127819.34, "Total Cost": 197370.32, "Plan Rows": 70, "Plan Width": 21, "Inner Unique": false, "Hash Cond": "(t.id = mc.movie_id)", "Plans": [{"Node Type": "Seq Scan", "Parent Relationship": "Outer", "Relation Name": "title", "Alias": "t", "Startup Cost": 0.0, "Total Cost": 60069.11, "Plan Rows": 2528311, "Plan Width": 21}, {"Node Type": "Hash", "Parent Relationship": "Inner", "Startup Cost": 127818.46, "Total Cost": 127818.46, "Plan Rows": 70, "Plan Width": 12, "Plans": [{"Node Type": "Hash Join", "Parent Relationship": "Outer", "Join Type": "Inner", "Startup Cost": 76216.26, "Total Cost": 127818.46, "Plan Rows": 70, "Plan Width": 12, "Inner Unique": false, "Hash Cond": "(mc.movie_id = mk.movie_id)", "Plans": [{"Node Type": "Seq Scan", "Parent Relationship": "Outer", "Relation Name": "movie_companies", "Alias": "mc", "Startup Cost": 0.0, "Total Cost": 41817.28, "Plan Rows": 2609128, "Plan Width": 8}, {"Node Type": "Hash", "Parent Relationship": "Inner", "Startup Cost": 76215.84, "Total Cost": 76215.84, "Plan Rows": 33, "Plan Width": 4, "Plans": [{"Node Type": "Hash Join", "Parent Relationship": "Outer", "Join Type": "Inner", "Startup Cost": 2436.12, "Total Cost": 76215.84, "Plan Rows": 33, "Plan Width": 4, "Inner Unique": true, "Hash Cond": "(mk.keyword_id = k.id)", "Plans": [{"Node Type": "Seq Scan", "Parent Relationship": "Outer", "Relation Name": "movie_keyword", "Alias": "mk", "Startup Cost": 0.0, "Total Cost": 62441.29, "Plan Rows": 4523929, "Plan Width": 8}, {"Node Type": "Hash", "Parent Relationship": "Inner", "Startup Cost": 2436.11, "Total Cost": 2436.11, "Plan Rows": 1, "Plan Width": 4, "Plans": [{"Node Type": "Seq Scan", "Parent Relationship": "Outer", "Relation Name": "keyword", "Alias": "k", "Startup Cost": 0.0, "Total Cost": 2436.11, "Plan Rows": 1, "Plan Width": 4, "Filter": "((keyword)::text = 'character-name-in-title'::text)"}]}]}]}]}]}]}, {"Node Type": "Hash", "Parent Relationship": "Inner", "Startup Cost": 5903.45, "Total Cost": 5903.45, "Plan Rows": 2240, "Plan Width": 4, "Plans": [{"Node Type": "Seq Scan", "Parent Relationship": "Outer", "Relation Name": "company_name", "Alias": "cn", "Startup Cost": 0.0, "Total Cost": 5903.45, "Plan Rows": 2240, "Plan Width": 4, "Filter": "((country_code)::text = '[nl]'::text)"}]}]}]}, "Unique SQL Id": 2804875951, "Planner Runtime": 10}, "explain_analyze_plan": null}, "(64, '79')": {"explain_plan": {"Plan": {"Node Type": "Aggregate", "Strategy": "Plain", "Startup Cost": 4998934717572.65, "Total Cost": 4998934717572.66, "Plan Rows": 1, "Plan Width": 49, "Plans": [{"Node Type": "Hash Join", "Parent Relationship": "Outer", "Join Type": "Inner", "Startup Cost": 2030100702557.26, "Total Cost": 4998934717572.64, "Plan Rows": 2, "Plan Width": 17, "Inner Unique": true, "Hash Cond": "(mc.company_id = cn.id)", "Plans": [{"Node Type": "Hash Join", "Parent Relationship": "Outer", "Join Type": "Inner", "Startup Cost": 1030099652390.29, "Total Cost": 3998933667404.71, "Plan Rows": 70, "Plan Width": 21, "Inner Unique": true, "Hash Cond": "(mk.keyword_id = k.id)", "Plans": [{"Node Type": "Merge Join", "Parent Relationship": "Outer", "Join Type": "Inner", "Startup Cost": 30099334118.59, "Total Cost": 2998933325182.46, "Plan Rows": 9556051, "Plan Width": 25, "Inner Unique": false, "Merge Cond": "(t.id = mc.movie_id)", "Plans": [{"Node Type": "Index Scan", "Parent Relationship": "Outer", "Scan Direction": "Forward", "Index Name": "title_pkey", "Relation Name": "title", "Alias": "t", "Startup Cost": 10000000000.0, "Total Cost": 1000011012048.91, "Plan Rows": 2528311, "Plan Width": 21}, {"Node Type": "Materialize", "Parent Relationship": "Inner", "Startup Cost": 20077406192.39, "Total Cost": 1999870961740.56, "Plan Rows": 9556051, "Plan Width": 16, "Plans": [{"Node Type": "Merge Join", "Parent Relationship": "Outer", "Join Type": "Inner", "Startup Cost": 20077406192.39, "Total Cost": 1999870937850.44, "Plan Rows": 9556051, "Plan Width": 16, "Inner Unique": false, "Merge Cond": "(mc.movie_id = mk.movie_id)", "Plans": [{"Node Type": "Index Scan", "Parent Relationship": "Outer", "Scan Direction": "Forward", "Index Name": "movie_id_movie_companies", "Relation Name": "movie_companies", "Alias": "mc", "Startup Cost": 10000000000.0, "Total Cost": 1000013051946.13, "Plan Rows": 2609128, "Plan Width": 8}, {"Node Type": "Materialize", "Parent Relationship": "Inner", "Startup Cost": 10000000000.0, "Total Cost": 1000015311943.99, "Plan Rows": 4523929, "Plan Width": 8, "Plans": [{"Node Type": "Index Scan", "Parent Relationship": "Outer", "Scan Direction": "Forward", "Index Name": "movie_id_movie_keyword", "Relation Name": "movie_keyword", "Alias": "mk", "Startup Cost": 10000000000.0, "Total Cost": 1000015300634.17, "Plan Rows": 4523929, "Plan Width": 8}]}]}]}]}, {"Node Type": "Hash", "Parent Relationship": "Inner", "Startup Cost": 1000000318271.68, "Total Cost": 1000000318271.68, "Plan Rows": 1, "Plan Width": 4, "Plans": [{"Node Type": "Index Scan", "Parent Relationship": "Outer", "Scan Direction": "Forward", "Index Name": "keyword_pkey", "Relation Name": "keyword", "Alias": "k", "Startup Cost": 10000000000.0, "Total Cost": 1000000318271.68, "Plan Rows": 1, "Plan Width": 4, "Filter": "((keyword)::text = 'character-name-in-title'::text)"}]}]}, {"Node Type": "Hash", "Parent Relationship": "Inner", "Startup Cost": 1000001050138.97, "Total Cost": 1000001050138.97, "Plan Rows": 2240, "Plan Width": 4, "Plans": [{"Node Type": "Index Scan", "Parent Relationship": "Outer", "Scan Direction": "Forward", "Index Name": "company_name_pkey", "Relation Name": "company_name", "Alias": "cn", "Startup Cost": 10000000000.0, "Total Cost": 1000001050138.97, "Plan Rows": 2240, "Plan Width": 4, "Filter": "((country_code)::text = '[nl]'::text)"}]}]}]}, "Unique SQL Id": 2804875951, "Planner Runtime": 22}, "explain_analyze_plan": null}, "(64, '80')": {"explain_plan": {"Plan": {"Node Type": "Aggregate", "Strategy": "Plain", "Startup Cost": 2600.78, "Total Cost": 2600.79, "Plan Rows": 1, "Plan Width": 49, "Plans": [{"Node Type": "Nested Loop", "Parent Relationship": "Outer", "Join Type": "Inner", "Startup Cost": 4.51, "Total Cost": 2600.77, "Plan Rows": 2, "Plan Width": 17, "Inner Unique": true, "Join Filter": "(mc.movie_id = t.id)", "Plans": [{"Node Type": "Nested Loop", "Parent Relationship": "Outer", "Join Type": "Inner", "Startup Cost": 4.51, "Total Cost": 2600.13, "Plan Rows": 2, "Plan Width": 8, "Inner Unique": true, "Plans": [{"Node Type": "Nested Loop", "Parent Relationship": "Outer", "Join Type": "Inner", "Startup Cost": 4.51, "Total Cost": 2579.99, "Plan Rows": 70, "Plan Width": 12, "Inner Unique": false, "Plans": [{"Node Type": "Nested Loop", "Parent Relationship": "Outer", "Join Type": "Inner", "Startup Cost": 4.51, "Total Cost": 2569.02, "Plan Rows": 33, "Plan Width": 4, "Inner Unique": false, "Plans": [{"Node Type": "Seq Scan", "Parent Relationship": "Outer", "Relation Name": "keyword", "Alias": "k", "Startup Cost": 0.0, "Total Cost": 2436.11, "Plan Rows": 1, "Plan Width": 4, "Filter": "((keyword)::text = 'character-name-in-title'::text)"}, {"Node Type": "Bitmap Heap Scan", "Parent Relationship": "Inner", "Relation Name": "movie_keyword", "Alias": "mk", "Startup Cost": 4.51, "Total Cost": 132.58, "Plan Rows": 33, "Plan Width": 8, "Recheck Cond": "(keyword_id = k.id)", "Plans": [{"Node Type": "Bitmap Index Scan", "Parent Relationship": "Outer", "Index Name": "keyword_id_movie_keyword", "Startup Cost": 0.0, "Total Cost": 4.5, "Plan Rows": 33, "Plan Width": 0, "Index Cond": "(keyword_id = k.id)"}]}]}, {"Node Type": "Index Scan", "Parent Relationship": "Inner", "Scan Direction": "Forward", "Index Name": "movie_id_movie_companies", "Relation Name": "movie_companies", "Alias": "mc", "Startup Cost": 0.0, "Total Cost": 0.31, "Plan Rows": 2, "Plan Width": 8, "Index Cond": "(movie_id = mk.movie_id)"}]}, {"Node Type": "Index Scan", "Parent Relationship": "Inner", "Scan Direction": "Forward", "Index Name": "company_name_pkey", "Relation Name": "company_name", "Alias": "cn", "Startup Cost": 0.0, "Total Cost": 0.28, "Plan Rows": 1, "Plan Width": 4, "Index Cond": "(id = mc.company_id)", "Filter": "((country_code)::text = '[nl]'::text)"}]}, {"Node Type": "Index Scan", "Parent Relationship": "Inner", "Scan Direction": "Forward", "Index Name": "title_pkey", "Relation Name": "title", "Alias": "t", "Startup Cost": 0.0, "Total Cost": 0.31, "Plan Rows": 1, "Plan Width": 21, "Index Cond": "(id = mk.movie_id)"}]}]}, "Unique SQL Id": 2804875951, "Planner Runtime": 8}, "explain_analyze_plan": {"Plan": {"Node Type": "Aggregate", "Strategy": "Plain", "Startup Cost": 2600.78, "Total Cost": 2600.79, "Plan Rows": 1, "Plan Width": 49, "Actual Startup Time": 1011.525, "Actual Total Time": 1011.525, "Actual Rows": 1, "Actual Loops": 1, "Plans": [{"Node Type": "Nested Loop", "Parent Relationship": "Outer", "Join Type": "Inner", "Startup Cost": 4.51, "Total Cost": 2600.77, "Plan Rows": 2, "Plan Width": 17, "Actual Startup Time": 12.528, "Actual Total Time": 1007.96, "Actual Rows": 5228, "Actual Loops": 1, "Inner Unique": true, "Join Filter": "(mc.movie_id = t.id)", "Rows Removed by Join Filter": 0, "Plans": [{"Node Type": "Nested Loop", "Parent Relationship": "Outer", "Join Type": "Inner", "Startup Cost": 4.51, "Total Cost": 2600.13, "Plan Rows": 2, "Plan Width": 8, "Actual Startup Time": 12.513, "Actual Total Time": 980.622, "Actual Rows": 5228, "Actual Loops": 1, "Inner Unique": true, "Plans": [{"Node Type": "Nested Loop", "Parent Relationship": "Outer", "Join Type": "Inner", "Startup Cost": 4.51, "Total Cost": 2579.99, "Plan Rows": 70, "Plan Width": 12, "Actual Startup Time": 9.527, "Actual Total Time": 365.273, "Actual Rows": 148552, "Actual Loops": 1, "Inner Unique": false, "Plans": [{"Node Type": "Nested Loop", "Parent Relationship": "Outer", "Join Type": "Inner", "Startup Cost": 4.51, "Total Cost": 2569.02, "Plan Rows": 33, "Plan Width": 4, "Actual Startup Time": 9.495, "Actual Total Time": 95.383, "Actual Rows": 41840, "Actual Loops": 1, "Inner Unique": false, "Plans": [{"Node Type": "Seq Scan", "Parent Relationship": "Outer", "Relation Name": "keyword", "Alias": "k", "Startup Cost": 0.0, "Total Cost": 2436.11, "Plan Rows": 1, "Plan Width": 4, "Actual Startup Time": 1.783, "Actual Total Time": 40.829, "Actual Rows": 1, "Actual Loops": 1, "Filter": "((keyword)::text = 'character-name-in-title'::text)", "Rows Removed by Filter": 134168}, {"Node Type": "Bitmap Heap Scan", "Parent Relationship": "Inner", "Relation Name": "movie_keyword", "Alias": "mk", "Startup Cost": 4.51, "Total Cost": 132.58, "Plan Rows": 33, "Plan Width": 8, "Actual Startup Time": 7.703, "Actual Total Time": 45.702, "Actual Rows": 41840, "Actual Loops": 1, "Recheck Cond": "(keyword_id = k.id)", "Rows Removed by Index Recheck": 0, "Exact Heap Blocks": 9702, "Lossy Heap Blocks": 9702, "Plans": [{"Node Type": "Bitmap Index Scan", "Parent Relationship": "Outer", "Index Name": "keyword_id_movie_keyword", "Startup Cost": 0.0, "Total Cost": 4.5, "Plan Rows": 33, "Plan Width": 0, "Actual Startup Time": 5.948, "Actual Total Time": 5.948, "Actual Rows": 41840, "Actual Loops": 1, "Index Cond": "(keyword_id = k.id)"}]}]}, {"Node Type": "Index Scan", "Parent Relationship": "Inner", "Scan Direction": "Forward", "Index Name": "movie_id_movie_companies", "Relation Name": "movie_companies", "Alias": "mc", "Startup Cost": 0.0, "Total Cost": 0.31, "Plan Rows": 2, "Plan Width": 8, "Actual Startup Time": 143.277, "Actual Total Time": 214.488, "Actual Rows": 148552, "Actual Loops": 41840, "Index Cond": "(movie_id = mk.movie_id)", "Rows Removed by Index Recheck": 0}]}, {"Node Type": "Index Scan", "Parent Relationship": "Inner", "Scan Direction": "Forward", "Index Name": "company_name_pkey", "Relation Name": "company_name", "Alias": "cn", "Startup Cost": 0.0, "Total Cost": 0.28, "Plan Rows": 1, "Plan Width": 4, "Actual Startup Time": 541.94, "Actual Total Time": 541.94, "Actual Rows": 5228, "Actual Loops": 148552, "Index Cond": "(id = mc.company_id)", "Rows Removed by Index Recheck": 0, "Filter": "((country_code)::text = '[nl]'::text)", "Rows Removed by Filter": 143324}]}, {"Node Type": "Index Scan", "Parent Relationship": "Inner", "Scan Direction": "Forward", "Index Name": "title_pkey", "Relation Name": "title", "Alias": "t", "Startup Cost": 0.0, "Total Cost": 0.31, "Plan Rows": 1, "Plan Width": 21, "Actual Startup Time": 21.446, "Actual Total Time": 21.446, "Actual Rows": 5228, "Actual Loops": 5228, "Index Cond": "(id = mk.movie_id)", "Rows Removed by Index Recheck": 0}]}]}, "Triggers": [], "Planner Runtime": 9.832, "Total Runtime": 1011.849, "Unique SQL Id": 2804875951}}, "(64, '81')": {"explain_plan": {"Plan": {"Node Type": "Aggregate", "Strategy": "Plain", "Startup Cost": 3347.38, "Total Cost": 3347.39, "Plan Rows": 1, "Plan Width": 49, "Plans": [{"Node Type": "Nested Loop", "Parent Relationship": "Outer", "Join Type": "Inner", "Startup Cost": 4.51, "Total Cost": 3347.38, "Plan Rows": 2, "Plan Width": 17, "Inner Unique": true, "Join Filter": "(mc.movie_id = t.id)", "Plans": [{"Node Type": "Nested Loop", "Parent Relationship": "Outer", "Join Type": "Inner", "Startup Cost": 4.51, "Total Cost": 3346.73, "Plan Rows": 2, "Plan Width": 8, "Inner Unique": true, "Plans": [{"Node Type": "Nested Loop", "Parent Relationship": "Outer", "Join Type": "Inner", "Startup Cost": 4.51, "Total Cost": 3326.6, "Plan Rows": 70, "Plan Width": 12, "Inner Unique": false, "Plans": [{"Node Type": "Nested Loop", "Parent Relationship": "Outer", "Join Type": "Inner", "Startup Cost": 4.51, "Total Cost": 3315.63, "Plan Rows": 33, "Plan Width": 4, "Inner Unique": false, "Plans": [{"Node Type": "Index Scan", "Parent Relationship": "Outer", "Scan Direction": "Forward", "Index Name": "keyword_pkey", "Relation Name": "keyword", "Alias": "k", "Startup Cost": 0.0, "Total Cost": 3182.72, "Plan Rows": 1, "Plan Width": 4, "Filter": "((keyword)::text = 'character-name-in-title'::text)"}, {"Node Type": "Bitmap Heap Scan", "Parent Relationship": "Inner", "Relation Name": "movie_keyword", "Alias": "mk", "Startup Cost": 4.51, "Total Cost": 132.58, "Plan Rows": 33, "Plan Width": 8, "Recheck Cond": "(keyword_id = k.id)", "Plans": [{"Node Type": "Bitmap Index Scan", "Parent Relationship": "Outer", "Index Name": "keyword_id_movie_keyword", "Startup Cost": 0.0, "Total Cost": 4.5, "Plan Rows": 33, "Plan Width": 0, "Index Cond": "(keyword_id = k.id)"}]}]}, {"Node Type": "Index Scan", "Parent Relationship": "Inner", "Scan Direction": "Forward", "Index Name": "movie_id_movie_companies", "Relation Name": "movie_companies", "Alias": "mc", "Startup Cost": 0.0, "Total Cost": 0.31, "Plan Rows": 2, "Plan Width": 8, "Index Cond": "(movie_id = mk.movie_id)"}]}, {"Node Type": "Index Scan", "Parent Relationship": "Inner", "Scan Direction": "Forward", "Index Name": "company_name_pkey", "Relation Name": "company_name", "Alias": "cn", "Startup Cost": 0.0, "Total Cost": 0.28, "Plan Rows": 1, "Plan Width": 4, "Index Cond": "(id = mc.company_id)", "Filter": "((country_code)::text = '[nl]'::text)"}]}, {"Node Type": "Index Scan", "Parent Relationship": "Inner", "Scan Direction": "Forward", "Index Name": "title_pkey", "Relation Name": "title", "Alias": "t", "Startup Cost": 0.0, "Total Cost": 0.31, "Plan Rows": 1, "Plan Width": 21, "Index Cond": "(id = mk.movie_id)"}]}]}, "Unique SQL Id": 2804875951, "Planner Runtime": 8}, "explain_analyze_plan": {"Plan": {"Node Type": "Aggregate", "Strategy": "Plain", "Startup Cost": 3347.38, "Total Cost": 3347.39, "Plan Rows": 1, "Plan Width": 49, "Actual Startup Time": 1116.379, "Actual Total Time": 1116.38, "Actual Rows": 1, "Actual Loops": 1, "Plans": [{"Node Type": "Nested Loop", "Parent Relationship": "Outer", "Join Type": "Inner", "Startup Cost": 4.51, "Total Cost": 3347.38, "Plan Rows": 2, "Plan Width": 17, "Actual Startup Time": 11.025, "Actual Total Time": 1112.884, "Actual Rows": 5228, "Actual Loops": 1, "Inner Unique": true, "Join Filter": "(mc.movie_id = t.id)", "Rows Removed by Join Filter": 0, "Plans": [{"Node Type": "Nested Loop", "Parent Relationship": "Outer", "Join Type": "Inner", "Startup Cost": 4.51, "Total Cost": 3346.73, "Plan Rows": 2, "Plan Width": 8, "Actual Startup Time": 11.01, "Actual Total Time": 1085.185, "Actual Rows": 5228, "Actual Loops": 1, "Inner Unique": true, "Plans": [{"Node Type": "Nested Loop", "Parent Relationship": "Outer", "Join Type": "Inner", "Startup Cost": 4.51, "Total Cost": 3326.6, "Plan Rows": 70, "Plan Width": 12, "Actual Startup Time": 8.008, "Actual Total Time": 447.869, "Actual Rows": 148552, "Actual Loops": 1, "Inner Unique": false, "Plans": [{"Node Type": "Nested Loop", "Parent Relationship": "Outer", "Join Type": "Inner", "Startup Cost": 4.51, "Total Cost": 3315.63, "Plan Rows": 33, "Plan Width": 4, "Actual Startup Time": 7.977, "Actual Total Time": 171.703, "Actual Rows": 41840, "Actual Loops": 1, "Inner Unique": false, "Plans": [{"Node Type": "Index Scan", "Parent Relationship": "Outer", "Scan Direction": "Forward", "Index Name": "keyword_pkey", "Relation Name": "keyword", "Alias": "k", "Startup Cost": 0.0, "Total Cost": 3182.72, "Plan Rows": 1, "Plan Width": 4, "Actual Startup Time": 0.191, "Actual Total Time": 115.745, "Actual Rows": 1, "Actual Loops": 1, "Filter": "((keyword)::text = 'character-name-in-title'::text)", "Rows Removed by Filter": 134168}, {"Node Type": "Bitmap Heap Scan", "Parent Relationship": "Inner", "Relation Name": "movie_keyword", "Alias": "mk", "Startup Cost": 4.51, "Total Cost": 132.58, "Plan Rows": 33, "Plan Width": 8, "Actual Startup Time": 7.779, "Actual Total Time": 46.991, "Actual Rows": 41840, "Actual Loops": 1, "Recheck Cond": "(keyword_id = k.id)", "Rows Removed by Index Recheck": 0, "Exact Heap Blocks": 9702, "Lossy Heap Blocks": 9702, "Plans": [{"Node Type": "Bitmap Index Scan", "Parent Relationship": "Outer", "Index Name": "keyword_id_movie_keyword", "Startup Cost": 0.0, "Total Cost": 4.5, "Plan Rows": 33, "Plan Width": 0, "Actual Startup Time": 6.034, "Actual Total Time": 6.034, "Actual Rows": 41840, "Actual Loops": 1, "Index Cond": "(keyword_id = k.id)"}]}]}, {"Node Type": "Index Scan", "Parent Relationship": "Inner", "Scan Direction": "Forward", "Index Name": "movie_id_movie_companies", "Relation Name": "movie_companies", "Alias": "mc", "Startup Cost": 0.0, "Total Cost": 0.31, "Plan Rows": 2, "Plan Width": 8, "Actual Startup Time": 147.833, "Actual Total Time": 220.177, "Actual Rows": 148552, "Actual Loops": 41840, "Index Cond": "(movie_id = mk.movie_id)", "Rows Removed by Index Recheck": 0}]}, {"Node Type": "Index Scan", "Parent Relationship": "Inner", "Scan Direction": "Forward", "Index Name": "company_name_pkey", "Relation Name": "company_name", "Alias": "cn", "Startup Cost": 0.0, "Total Cost": 0.28, "Plan Rows": 1, "Plan Width": 4, "Actual Startup Time": 563.904, "Actual Total Time": 563.904, "Actual Rows": 5228, "Actual Loops": 148552, "Index Cond": "(id = mc.company_id)", "Rows Removed by Index Recheck": 0, "Filter": "((country_code)::text = '[nl]'::text)", "Rows Removed by Filter": 143324}]}, {"Node Type": "Index Scan", "Parent Relationship": "Inner", "Scan Direction": "Forward", "Index Name": "title_pkey", "Relation Name": "title", "Alias": "t", "Startup Cost": 0.0, "Total Cost": 0.31, "Plan Rows": 1, "Plan Width": 21, "Actual Startup Time": 22.044, "Actual Total Time": 22.044, "Actual Rows": 5228, "Actual Loops": 5228, "Index Cond": "(id = mk.movie_id)", "Rows Removed by Index Recheck": 0}]}]}, "Triggers": [], "Planner Runtime": 9.698, "Total Runtime": 1116.687, "Unique SQL Id": 2804875951}}, "(64, '82')": {"explain_plan": {"Plan": {"Node Type": "Aggregate", "Strategy": "Plain", "Startup Cost": 3019.97, "Total Cost": 3019.98, "Plan Rows": 1, "Plan Width": 49, "Plans": [{"Node Type": "Nested Loop", "Parent Relationship": "Outer", "Join Type": "Inner", "Startup Cost": 5.3, "Total Cost": 3019.97, "Plan Rows": 2, "Plan Width": 17, "Inner Unique": true, "Join Filter": "(mc.movie_id = t.id)", "Plans": [{"Node Type": "Nested Loop", "Parent Relationship": "Outer", "Join Type": "Inner", "Startup Cost": 5.04, "Total Cost": 3011.39, "Plan Rows": 2, "Plan Width": 8, "Inner Unique": true, "Plans": [{"Node Type": "Nested Loop", "Parent Relationship": "Outer", "Join Type": "Inner", "Startup Cost": 4.78, "Total Cost": 2711.55, "Plan Rows": 70, "Plan Width": 12, "Inner Unique": false, "Plans": [{"Node Type": "Nested Loop", "Parent Relationship": "Outer", "Join Type": "Inner", "Startup Cost": 4.51, "Total Cost": 2569.02, "Plan Rows": 33, "Plan Width": 4, "Inner Unique": false, "Plans": [{"Node Type": "Seq Scan", "Parent Relationship": "Outer", "Relation Name": "keyword", "Alias": "k", "Startup Cost": 0.0, "Total Cost": 2436.11, "Plan Rows": 1, "Plan Width": 4, "Filter": "((keyword)::text = 'character-name-in-title'::text)"}, {"Node Type": "Bitmap Heap Scan", "Parent Relationship": "Inner", "Relation Name": "movie_keyword", "Alias": "mk", "Startup Cost": 4.51, "Total Cost": 132.58, "Plan Rows": 33, "Plan Width": 8, "Recheck Cond": "(keyword_id = k.id)", "Plans": [{"Node Type": "Bitmap Index Scan", "Parent Relationship": "Outer", "Index Name": "keyword_id_movie_keyword", "Startup Cost": 0.0, "Total Cost": 4.5, "Plan Rows": 33, "Plan Width": 0, "Index Cond": "(keyword_id = k.id)"}]}]}, {"Node Type": "Bitmap Heap Scan", "Parent Relationship": "Inner", "Relation Name": "movie_companies", "Alias": "mc", "Startup Cost": 0.27, "Total Cost": 4.3, "Plan Rows": 2, "Plan Width": 8, "Recheck Cond": "(movie_id = mk.movie_id)", "Plans": [{"Node Type": "Bitmap Index Scan", "Parent Relationship": "Outer", "Index Name": "movie_id_movie_companies", "Startup Cost": 0.0, "Total Cost": 0.27, "Plan Rows": 2, "Plan Width": 0, "Index Cond": "(movie_id = mk.movie_id)"}]}]}, {"Node Type": "Bitmap Heap Scan", "Parent Relationship": "Inner", "Relation Name": "company_name", "Alias": "cn", "Startup Cost": 0.26, "Total Cost": 4.27, "Plan Rows": 1, "Plan Width": 4, "Recheck Cond": "(id = mc.company_id)", "Filter": "((country_code)::text = '[nl]'::text)", "Plans": [{"Node Type": "Bitmap Index Scan", "Parent Relationship": "Outer", "Index Name": "company_name_pkey", "Startup Cost": 0.0, "Total Cost": 0.26, "Plan Rows": 1, "Plan Width": 0, "Index Cond": "(id = mc.company_id)"}]}]}, {"Node Type": "Bitmap Heap Scan", "Parent Relationship": "Inner", "Relation Name": "title", "Alias": "t", "Startup Cost": 0.27, "Total Cost": 4.28, "Plan Rows": 1, "Plan Width": 21, "Recheck Cond": "(id = mk.movie_id)", "Plans": [{"Node Type": "Bitmap Index Scan", "Parent Relationship": "Outer", "Index Name": "title_pkey", "Startup Cost": 0.0, "Total Cost": 0.27, "Plan Rows": 1, "Plan Width": 0, "Index Cond": "(id = mk.movie_id)"}]}]}]}, "Unique SQL Id": 2804875951, "Planner Runtime": 7}, "explain_analyze_plan": {"Plan": {"Node Type": "Aggregate", "Strategy": "Plain", "Startup Cost": 3019.97, "Total Cost": 3019.98, "Plan Rows": 1, "Plan Width": 49, "Actual Startup Time": 1379.762, "Actual Total Time": 1379.762, "Actual Rows": 1, "Actual Loops": 1, "Plans": [{"Node Type": "Nested Loop", "Parent Relationship": "Outer", "Join Type": "Inner", "Startup Cost": 5.3, "Total Cost": 3019.97, "Plan Rows": 2, "Plan Width": 17, "Actual Startup Time": 13.852, "Actual Total Time": 1374.961, "Actual Rows": 5228, "Actual Loops": 1, "Inner Unique": true, "Join Filter": "(mc.movie_id = t.id)", "Rows Removed by Join Filter": 0, "Plans": [{"Node Type": "Nested Loop", "Parent Relationship": "Outer", "Join Type": "Inner", "Startup Cost": 5.04, "Total Cost": 3011.39, "Plan Rows": 2, "Plan Width": 8, "Actual Startup Time": 13.83, "Actual Total Time": 1338.406, "Actual Rows": 5228, "Actual Loops": 1, "Inner Unique": true, "Plans": [{"Node Type": "Nested Loop", "Parent Relationship": "Outer", "Join Type": "Inner", "Startup Cost": 4.78, "Total Cost": 2711.55, "Plan Rows": 70, "Plan Width": 12, "Actual Startup Time": 9.636, "Actual Total Time": 474.478, "Actual Rows": 148552, "Actual Loops": 1, "Inner Unique": false, "Plans": [{"Node Type": "Nested Loop", "Parent Relationship": "Outer", "Join Type": "Inner", "Startup Cost": 4.51, "Total Cost": 2569.02, "Plan Rows": 33, "Plan Width": 4, "Actual Startup Time": 9.588, "Actual Total Time": 94.897, "Actual Rows": 41840, "Actual Loops": 1, "Inner Unique": false, "Plans": [{"Node Type": "Seq Scan", "Parent Relationship": "Outer", "Relation Name": "keyword", "Alias": "k", "Startup Cost": 0.0, "Total Cost": 2436.11, "Plan Rows": 1, "Plan Width": 4, "Actual Startup Time": 1.796, "Actual Total Time": 40.826, "Actual Rows": 1, "Actual Loops": 1, "Filter": "((keyword)::text = 'character-name-in-title'::text)", "Rows Removed by Filter": 134168}, {"Node Type": "Bitmap Heap Scan", "Parent Relationship": "Inner", "Relation Name": "movie_keyword", "Alias": "mk", "Startup Cost": 4.51, "Total Cost": 132.58, "Plan Rows": 33, "Plan Width": 8, "Actual Startup Time": 7.784, "Actual Total Time": 44.618, "Actual Rows": 41840, "Actual Loops": 1, "Recheck Cond": "(keyword_id = k.id)", "Rows Removed by Index Recheck": 0, "Exact Heap Blocks": 9702, "Lossy Heap Blocks": 9702, "Plans": [{"Node Type": "Bitmap Index Scan", "Parent Relationship": "Outer", "Index Name": "keyword_id_movie_keyword", "Startup Cost": 0.0, "Total Cost": 4.5, "Plan Rows": 33, "Plan Width": 0, "Actual Startup Time": 6.024, "Actual Total Time": 6.024, "Actual Rows": 41840, "Actual Loops": 1, "Index Cond": "(keyword_id = k.id)"}]}]}, {"Node Type": "Bitmap Heap Scan", "Parent Relationship": "Inner", "Relation Name": "movie_companies", "Alias": "mc", "Startup Cost": 0.27, "Total Cost": 4.3, "Plan Rows": 2, "Plan Width": 8, "Actual Startup Time": 239.829, "Actual Total Time": 294.063, "Actual Rows": 148552, "Actual Loops": 41840, "Recheck Cond": "(movie_id = mk.movie_id)", "Rows Removed by Index Recheck": 0, "Exact Heap Blocks": 62638, "Lossy Heap Blocks": 62638, "Plans": [{"Node Type": "Bitmap Index Scan", "Parent Relationship": "Outer", "Index Name": "movie_id_movie_companies", "Startup Cost": 0.0, "Total Cost": 0.27, "Plan Rows": 2, "Plan Width": 0, "Actual Startup Time": 149.912, "Actual Total Time": 149.912, "Actual Rows": 148552, "Actual Loops": 41840, "Index Cond": "(movie_id = mk.movie_id)"}]}]}, {"Node Type": "Bitmap Heap Scan", "Parent Relationship": "Inner", "Relation Name": "company_name", "Alias": "cn", "Startup Cost": 0.26, "Total Cost": 4.27, "Plan Rows": 1, "Plan Width": 4, "Actual Startup Time": 695.194, "Actual Total Time": 695.194, "Actual Rows": 5228, "Actual Loops": 148552, "Recheck Cond": "(id = mc.company_id)", "Rows Removed by Index Recheck": 0, "Filter": "((country_code)::text = '[nl]'::text)", "Rows Removed by Filter": 143324, "Exact Heap Blocks": 148552, "Lossy Heap Blocks": 148552, "Plans": [{"Node Type": "Bitmap Index Scan", "Parent Relationship": "Outer", "Index Name": "company_name_pkey", "Startup Cost": 0.0, "Total Cost": 0.26, "Plan Rows": 1, "Plan Width": 0, "Actual Startup Time": 387.396, "Actual Total Time": 387.396, "Actual Rows": 148552, "Actual Loops": 148552, "Index Cond": "(id = mc.company_id)"}]}]}, {"Node Type": "Bitmap Heap Scan", "Parent Relationship": "Inner", "Relation Name": "title", "Alias": "t", "Startup Cost": 0.27, "Total Cost": 4.28, "Plan Rows": 1, "Plan Width": 21, "Actual Startup Time": 27.627, "Actual Total Time": 27.627, "Actual Rows": 5228, "Actual Loops": 5228, "Recheck Cond": "(id = mk.movie_id)", "Rows Removed by Index Recheck": 0, "Exact Heap Blocks": 5228, "Lossy Heap Blocks": 5228, "Plans": [{"Node Type": "Bitmap Index Scan", "Parent Relationship": "Outer", "Index Name": "title_pkey", "Startup Cost": 0.0, "Total Cost": 0.27, "Plan Rows": 1, "Plan Width": 0, "Actual Startup Time": 16.124, "Actual Total Time": 16.124, "Actual Rows": 5228, "Actual Loops": 5228, "Index Cond": "(id = mk.movie_id)"}]}]}]}, "Triggers": [], "Planner Runtime": 9.995, "Total Runtime": 1380.114, "Unique SQL Id": 2804875951}}, "(64, '83')": {"explain_plan": {"Plan": {"Node Type": "Aggregate", "Strategy": "Plain", "Startup Cost": 3739.07, "Total Cost": 3739.08, "Plan Rows": 1, "Plan Width": 49, "Plans": [{"Node Type": "Nested Loop", "Parent Relationship": "Outer", "Join Type": "Inner", "Startup Cost": 724.4, "Total Cost": 3739.06, "Plan Rows": 2, "Plan Width": 17, "Inner Unique": true, "Join Filter": "(mc.movie_id = t.id)", "Plans": [{"Node Type": "Nested Loop", "Parent Relationship": "Outer", "Join Type": "Inner", "Startup Cost": 724.13, "Total Cost": 3730.48, "Plan Rows": 2, "Plan Width": 8, "Inner Unique": true, "Plans": [{"Node Type": "Nested Loop", "Parent Relationship": "Outer", "Join Type": "Inner", "Startup Cost": 723.87, "Total Cost": 3430.65, "Plan Rows": 70, "Plan Width": 12, "Inner Unique": false, "Plans": [{"Node Type": "Nested Loop", "Parent Relationship": "Outer", "Join Type": "Inner", "Startup Cost": 723.6, "Total Cost": 3288.12, "Plan Rows": 33, "Plan Width": 4, "Inner Unique": false, "Plans": [{"Node Type": "Bitmap Heap Scan", "Parent Relationship": "Outer", "Relation Name": "keyword", "Alias": "k", "Startup Cost": 719.1, "Total Cost": 3155.21, "Plan Rows": 1, "Plan Width": 4, "Filter": "((keyword)::text = 'character-name-in-title'::text)", "Plans": [{"Node Type": "Bitmap Index Scan", "Parent Relationship": "Outer", "Index Name": "keyword_pkey", "Startup Cost": 0.0, "Total Cost": 719.1, "Plan Rows": 134169, "Plan Width": 0}]}, {"Node Type": "Bitmap Heap Scan", "Parent Relationship": "Inner", "Relation Name": "movie_keyword", "Alias": "mk", "Startup Cost": 4.51, "Total Cost": 132.58, "Plan Rows": 33, "Plan Width": 8, "Recheck Cond": "(keyword_id = k.id)", "Plans": [{"Node Type": "Bitmap Index Scan", "Parent Relationship": "Outer", "Index Name": "keyword_id_movie_keyword", "Startup Cost": 0.0, "Total Cost": 4.5, "Plan Rows": 33, "Plan Width": 0, "Index Cond": "(keyword_id = k.id)"}]}]}, {"Node Type": "Bitmap Heap Scan", "Parent Relationship": "Inner", "Relation Name": "movie_companies", "Alias": "mc", "Startup Cost": 0.27, "Total Cost": 4.3, "Plan Rows": 2, "Plan Width": 8, "Recheck Cond": "(movie_id = mk.movie_id)", "Plans": [{"Node Type": "Bitmap Index Scan", "Parent Relationship": "Outer", "Index Name": "movie_id_movie_companies", "Startup Cost": 0.0, "Total Cost": 0.27, "Plan Rows": 2, "Plan Width": 0, "Index Cond": "(movie_id = mk.movie_id)"}]}]}, {"Node Type": "Bitmap Heap Scan", "Parent Relationship": "Inner", "Relation Name": "company_name", "Alias": "cn", "Startup Cost": 0.26, "Total Cost": 4.27, "Plan Rows": 1, "Plan Width": 4, "Recheck Cond": "(id = mc.company_id)", "Filter": "((country_code)::text = '[nl]'::text)", "Plans": [{"Node Type": "Bitmap Index Scan", "Parent Relationship": "Outer", "Index Name": "company_name_pkey", "Startup Cost": 0.0, "Total Cost": 0.26, "Plan Rows": 1, "Plan Width": 0, "Index Cond": "(id = mc.company_id)"}]}]}, {"Node Type": "Bitmap Heap Scan", "Parent Relationship": "Inner", "Relation Name": "title", "Alias": "t", "Startup Cost": 0.27, "Total Cost": 4.28, "Plan Rows": 1, "Plan Width": 21, "Recheck Cond": "(id = mk.movie_id)", "Plans": [{"Node Type": "Bitmap Index Scan", "Parent Relationship": "Outer", "Index Name": "title_pkey", "Startup Cost": 0.0, "Total Cost": 0.27, "Plan Rows": 1, "Plan Width": 0, "Index Cond": "(id = mk.movie_id)"}]}]}]}, "Unique SQL Id": 2804875951, "Planner Runtime": 6}, "explain_analyze_plan": {"Plan": {"Node Type": "Aggregate", "Strategy": "Plain", "Startup Cost": 3739.07, "Total Cost": 3739.08, "Plan Rows": 1, "Plan Width": 49, "Actual Startup Time": 1403.708, "Actual Total Time": 1403.709, "Actual Rows": 1, "Actual Loops": 1, "Plans": [{"Node Type": "Nested Loop", "Parent Relationship": "Outer", "Join Type": "Inner", "Startup Cost": 724.4, "Total Cost": 3739.06, "Plan Rows": 2, "Plan Width": 17, "Actual Startup Time": 25.933, "Actual Total Time": 1398.814, "Actual Rows": 5228, "Actual Loops": 1, "Inner Unique": true, "Join Filter": "(mc.movie_id = t.id)", "Rows Removed by Join Filter": 0, "Plans": [{"Node Type": "Nested Loop", "Parent Relationship": "Outer", "Join Type": "Inner", "Startup Cost": 724.13, "Total Cost": 3730.48, "Plan Rows": 2, "Plan Width": 8, "Actual Startup Time": 25.914, "Actual Total Time": 1361.007, "Actual Rows": 5228, "Actual Loops": 1, "Inner Unique": true, "Plans": [{"Node Type": "Nested Loop", "Parent Relationship": "Outer", "Join Type": "Inner", "Startup Cost": 723.87, "Total Cost": 3430.65, "Plan Rows": 70, "Plan Width": 12, "Actual Startup Time": 21.809, "Actual Total Time": 500.96, "Actual Rows": 148552, "Actual Loops": 1, "Inner Unique": false, "Plans": [{"Node Type": "Nested Loop", "Parent Relationship": "Outer", "Join Type": "Inner", "Startup Cost": 723.6, "Total Cost": 3288.12, "Plan Rows": 33, "Plan Width": 4, "Actual Startup Time": 21.768, "Actual Total Time": 121.31, "Actual Rows": 41840, "Actual Loops": 1, "Inner Unique": false, "Plans": [{"Node Type": "Bitmap Heap Scan", "Parent Relationship": "Outer", "Relation Name": "keyword", "Alias": "k", "Startup Cost": 719.1, "Total Cost": 3155.21, "Plan Rows": 1, "Plan Width": 4, "Actual Startup Time": 14.099, "Actual Total Time": 67.292, "Actual Rows": 1, "Actual Loops": 1, "Filter": "((keyword)::text = 'character-name-in-title'::text)", "Rows Removed by Filter": 134168, "Exact Heap Blocks": 759, "Lossy Heap Blocks": 759, "Plans": [{"Node Type": "Bitmap Index Scan", "Parent Relationship": "Outer", "Index Name": "keyword_pkey", "Startup Cost": 0.0, "Total Cost": 719.1, "Plan Rows": 134169, "Plan Width": 0, "Actual Startup Time": 11.779, "Actual Total Time": 11.779, "Actual Rows": 134169, "Actual Loops": 1}]}, {"Node Type": "Bitmap Heap Scan", "Parent Relationship": "Inner", "Relation Name": "movie_keyword", "Alias": "mk", "Startup Cost": 4.51, "Total Cost": 132.58, "Plan Rows": 33, "Plan Width": 8, "Actual Startup Time": 7.658, "Actual Total Time": 44.762, "Actual Rows": 41840, "Actual Loops": 1, "Recheck Cond": "(keyword_id = k.id)", "Rows Removed by Index Recheck": 0, "Exact Heap Blocks": 9702, "Lossy Heap Blocks": 9702, "Plans": [{"Node Type": "Bitmap Index Scan", "Parent Relationship": "Outer", "Index Name": "keyword_id_movie_keyword", "Startup Cost": 0.0, "Total Cost": 4.5, "Plan Rows": 33, "Plan Width": 0, "Actual Startup Time": 5.929, "Actual Total Time": 5.929, "Actual Rows": 41840, "Actual Loops": 1, "Index Cond": "(keyword_id = k.id)"}]}]}, {"Node Type": "Bitmap Heap Scan", "Parent Relationship": "Inner", "Relation Name": "movie_companies", "Alias": "mc", "Startup Cost": 0.27, "Total Cost": 4.3, "Plan Rows": 2, "Plan Width": 8, "Actual Startup Time": 239.943, "Actual Total Time": 294.096, "Actual Rows": 148552, "Actual Loops": 41840, "Recheck Cond": "(movie_id = mk.movie_id)", "Rows Removed by Index Recheck": 0, "Exact Heap Blocks": 62638, "Lossy Heap Blocks": 62638, "Plans": [{"Node Type": "Bitmap Index Scan", "Parent Relationship": "Outer", "Index Name": "movie_id_movie_companies", "Startup Cost": 0.0, "Total Cost": 0.27, "Plan Rows": 2, "Plan Width": 0, "Actual Startup Time": 149.366, "Actual Total Time": 149.366, "Actual Rows": 148552, "Actual Loops": 41840, "Index Cond": "(movie_id = mk.movie_id)"}]}]}, {"Node Type": "Bitmap Heap Scan", "Parent Relationship": "Inner", "Relation Name": "company_name", "Alias": "cn", "Startup Cost": 0.26, "Total Cost": 4.27, "Plan Rows": 1, "Plan Width": 4, "Actual Startup Time": 691.231, "Actual Total Time": 691.231, "Actual Rows": 5228, "Actual Loops": 148552, "Recheck Cond": "(id = mc.company_id)", "Rows Removed by Index Recheck": 0, "Filter": "((country_code)::text = '[nl]'::text)", "Rows Removed by Filter": 143324, "Exact Heap Blocks": 148552, "Lossy Heap Blocks": 148552, "Plans": [{"Node Type": "Bitmap Index Scan", "Parent Relationship": "Outer", "Index Name": "company_name_pkey", "Startup Cost": 0.0, "Total Cost": 0.26, "Plan Rows": 1, "Plan Width": 0, "Actual Startup Time": 387.407, "Actual Total Time": 387.407, "Actual Rows": 148552, "Actual Loops": 148552, "Index Cond": "(id = mc.company_id)"}]}]}, {"Node Type": "Bitmap Heap Scan", "Parent Relationship": "Inner", "Relation Name": "title", "Alias": "t", "Startup Cost": 0.27, "Total Cost": 4.28, "Plan Rows": 1, "Plan Width": 21, "Actual Startup Time": 27.84, "Actual Total Time": 27.84, "Actual Rows": 5228, "Actual Loops": 5228, "Recheck Cond": "(id = mk.movie_id)", "Rows Removed by Index Recheck": 0, "Exact Heap Blocks": 5228, "Lossy Heap Blocks": 5228, "Plans": [{"Node Type": "Bitmap Index Scan", "Parent Relationship": "Outer", "Index Name": "title_pkey", "Startup Cost": 0.0, "Total Cost": 0.27, "Plan Rows": 1, "Plan Width": 0, "Actual Startup Time": 16.25, "Actual Total Time": 16.25, "Actual Rows": 5228, "Actual Loops": 5228, "Index Cond": "(id = mk.movie_id)"}]}]}]}, "Triggers": [], "Planner Runtime": 9.206, "Total Runtime": 1404.134, "Unique SQL Id": 2804875951}}, "(64, '84')": {"explain_plan": {"Plan": {"Node Type": "Aggregate", "Strategy": "Plain", "Startup Cost": 2600.78, "Total Cost": 2600.79, "Plan Rows": 1, "Plan Width": 49, "Plans": [{"Node Type": "Nested Loop", "Parent Relationship": "Outer", "Join Type": "Inner", "Startup Cost": 4.51, "Total Cost": 2600.77, "Plan Rows": 2, "Plan Width": 17, "Inner Unique": true, "Join Filter": "(mc.movie_id = t.id)", "Plans": [{"Node Type": "Nested Loop", "Parent Relationship": "Outer", "Join Type": "Inner", "Startup Cost": 4.51, "Total Cost": 2600.13, "Plan Rows": 2, "Plan Width": 8, "Inner Unique": true, "Plans": [{"Node Type": "Nested Loop", "Parent Relationship": "Outer", "Join Type": "Inner", "Startup Cost": 4.51, "Total Cost": 2579.99, "Plan Rows": 70, "Plan Width": 12, "Inner Unique": false, "Plans": [{"Node Type": "Nested Loop", "Parent Relationship": "Outer", "Join Type": "Inner", "Startup Cost": 4.51, "Total Cost": 2569.02, "Plan Rows": 33, "Plan Width": 4, "Inner Unique": false, "Plans": [{"Node Type": "Seq Scan", "Parent Relationship": "Outer", "Relation Name": "keyword", "Alias": "k", "Startup Cost": 0.0, "Total Cost": 2436.11, "Plan Rows": 1, "Plan Width": 4, "Filter": "((keyword)::text = 'character-name-in-title'::text)"}, {"Node Type": "Bitmap Heap Scan", "Parent Relationship": "Inner", "Relation Name": "movie_keyword", "Alias": "mk", "Startup Cost": 4.51, "Total Cost": 132.58, "Plan Rows": 33, "Plan Width": 8, "Recheck Cond": "(keyword_id = k.id)", "Plans": [{"Node Type": "Bitmap Index Scan", "Parent Relationship": "Outer", "Index Name": "keyword_id_movie_keyword", "Startup Cost": 0.0, "Total Cost": 4.5, "Plan Rows": 33, "Plan Width": 0, "Index Cond": "(keyword_id = k.id)"}]}]}, {"Node Type": "Index Scan", "Parent Relationship": "Inner", "Scan Direction": "Forward", "Index Name": "movie_id_movie_companies", "Relation Name": "movie_companies", "Alias": "mc", "Startup Cost": 0.0, "Total Cost": 0.31, "Plan Rows": 2, "Plan Width": 8, "Index Cond": "(movie_id = mk.movie_id)"}]}, {"Node Type": "Index Scan", "Parent Relationship": "Inner", "Scan Direction": "Forward", "Index Name": "company_name_pkey", "Relation Name": "company_name", "Alias": "cn", "Startup Cost": 0.0, "Total Cost": 0.28, "Plan Rows": 1, "Plan Width": 4, "Index Cond": "(id = mc.company_id)", "Filter": "((country_code)::text = '[nl]'::text)"}]}, {"Node Type": "Index Scan", "Parent Relationship": "Inner", "Scan Direction": "Forward", "Index Name": "title_pkey", "Relation Name": "title", "Alias": "t", "Startup Cost": 0.0, "Total Cost": 0.31, "Plan Rows": 1, "Plan Width": 21, "Index Cond": "(id = mk.movie_id)"}]}]}, "Unique SQL Id": 2804875951, "Planner Runtime": 8}, "explain_analyze_plan": {"Plan": {"Node Type": "Aggregate", "Strategy": "Plain", "Startup Cost": 2600.78, "Total Cost": 2600.79, "Plan Rows": 1, "Plan Width": 49, "Actual Startup Time": 1011.525, "Actual Total Time": 1011.525, "Actual Rows": 1, "Actual Loops": 1, "Plans": [{"Node Type": "Nested Loop", "Parent Relationship": "Outer", "Join Type": "Inner", "Startup Cost": 4.51, "Total Cost": 2600.77, "Plan Rows": 2, "Plan Width": 17, "Actual Startup Time": 12.528, "Actual Total Time": 1007.96, "Actual Rows": 5228, "Actual Loops": 1, "Inner Unique": true, "Join Filter": "(mc.movie_id = t.id)", "Rows Removed by Join Filter": 0, "Plans": [{"Node Type": "Nested Loop", "Parent Relationship": "Outer", "Join Type": "Inner", "Startup Cost": 4.51, "Total Cost": 2600.13, "Plan Rows": 2, "Plan Width": 8, "Actual Startup Time": 12.513, "Actual Total Time": 980.622, "Actual Rows": 5228, "Actual Loops": 1, "Inner Unique": true, "Plans": [{"Node Type": "Nested Loop", "Parent Relationship": "Outer", "Join Type": "Inner", "Startup Cost": 4.51, "Total Cost": 2579.99, "Plan Rows": 70, "Plan Width": 12, "Actual Startup Time": 9.527, "Actual Total Time": 365.273, "Actual Rows": 148552, "Actual Loops": 1, "Inner Unique": false, "Plans": [{"Node Type": "Nested Loop", "Parent Relationship": "Outer", "Join Type": "Inner", "Startup Cost": 4.51, "Total Cost": 2569.02, "Plan Rows": 33, "Plan Width": 4, "Actual Startup Time": 9.495, "Actual Total Time": 95.383, "Actual Rows": 41840, "Actual Loops": 1, "Inner Unique": false, "Plans": [{"Node Type": "Seq Scan", "Parent Relationship": "Outer", "Relation Name": "keyword", "Alias": "k", "Startup Cost": 0.0, "Total Cost": 2436.11, "Plan Rows": 1, "Plan Width": 4, "Actual Startup Time": 1.783, "Actual Total Time": 40.829, "Actual Rows": 1, "Actual Loops": 1, "Filter": "((keyword)::text = 'character-name-in-title'::text)", "Rows Removed by Filter": 134168}, {"Node Type": "Bitmap Heap Scan", "Parent Relationship": "Inner", "Relation Name": "movie_keyword", "Alias": "mk", "Startup Cost": 4.51, "Total Cost": 132.58, "Plan Rows": 33, "Plan Width": 8, "Actual Startup Time": 7.703, "Actual Total Time": 45.702, "Actual Rows": 41840, "Actual Loops": 1, "Recheck Cond": "(keyword_id = k.id)", "Rows Removed by Index Recheck": 0, "Exact Heap Blocks": 9702, "Lossy Heap Blocks": 9702, "Plans": [{"Node Type": "Bitmap Index Scan", "Parent Relationship": "Outer", "Index Name": "keyword_id_movie_keyword", "Startup Cost": 0.0, "Total Cost": 4.5, "Plan Rows": 33, "Plan Width": 0, "Actual Startup Time": 5.948, "Actual Total Time": 5.948, "Actual Rows": 41840, "Actual Loops": 1, "Index Cond": "(keyword_id = k.id)"}]}]}, {"Node Type": "Index Scan", "Parent Relationship": "Inner", "Scan Direction": "Forward", "Index Name": "movie_id_movie_companies", "Relation Name": "movie_companies", "Alias": "mc", "Startup Cost": 0.0, "Total Cost": 0.31, "Plan Rows": 2, "Plan Width": 8, "Actual Startup Time": 143.277, "Actual Total Time": 214.488, "Actual Rows": 148552, "Actual Loops": 41840, "Index Cond": "(movie_id = mk.movie_id)", "Rows Removed by Index Recheck": 0}]}, {"Node Type": "Index Scan", "Parent Relationship": "Inner", "Scan Direction": "Forward", "Index Name": "company_name_pkey", "Relation Name": "company_name", "Alias": "cn", "Startup Cost": 0.0, "Total Cost": 0.28, "Plan Rows": 1, "Plan Width": 4, "Actual Startup Time": 541.94, "Actual Total Time": 541.94, "Actual Rows": 5228, "Actual Loops": 148552, "Index Cond": "(id = mc.company_id)", "Rows Removed by Index Recheck": 0, "Filter": "((country_code)::text = '[nl]'::text)", "Rows Removed by Filter": 143324}]}, {"Node Type": "Index Scan", "Parent Relationship": "Inner", "Scan Direction": "Forward", "Index Name": "title_pkey", "Relation Name": "title", "Alias": "t", "Startup Cost": 0.0, "Total Cost": 0.31, "Plan Rows": 1, "Plan Width": 21, "Actual Startup Time": 21.446, "Actual Total Time": 21.446, "Actual Rows": 5228, "Actual Loops": 5228, "Index Cond": "(id = mk.movie_id)", "Rows Removed by Index Recheck": 0}]}]}, "Triggers": [], "Planner Runtime": 9.832, "Total Runtime": 1011.849, "Unique SQL Id": 2804875951}}, "(64, '85')": {"explain_plan": {"Plan": {"Node Type": "Aggregate", "Strategy": "Plain", "Startup Cost": 3347.38, "Total Cost": 3347.39, "Plan Rows": 1, "Plan Width": 49, "Plans": [{"Node Type": "Nested Loop", "Parent Relationship": "Outer", "Join Type": "Inner", "Startup Cost": 4.51, "Total Cost": 3347.38, "Plan Rows": 2, "Plan Width": 17, "Inner Unique": true, "Join Filter": "(mc.movie_id = t.id)", "Plans": [{"Node Type": "Nested Loop", "Parent Relationship": "Outer", "Join Type": "Inner", "Startup Cost": 4.51, "Total Cost": 3346.73, "Plan Rows": 2, "Plan Width": 8, "Inner Unique": true, "Plans": [{"Node Type": "Nested Loop", "Parent Relationship": "Outer", "Join Type": "Inner", "Startup Cost": 4.51, "Total Cost": 3326.6, "Plan Rows": 70, "Plan Width": 12, "Inner Unique": false, "Plans": [{"Node Type": "Nested Loop", "Parent Relationship": "Outer", "Join Type": "Inner", "Startup Cost": 4.51, "Total Cost": 3315.63, "Plan Rows": 33, "Plan Width": 4, "Inner Unique": false, "Plans": [{"Node Type": "Index Scan", "Parent Relationship": "Outer", "Scan Direction": "Forward", "Index Name": "keyword_pkey", "Relation Name": "keyword", "Alias": "k", "Startup Cost": 0.0, "Total Cost": 3182.72, "Plan Rows": 1, "Plan Width": 4, "Filter": "((keyword)::text = 'character-name-in-title'::text)"}, {"Node Type": "Bitmap Heap Scan", "Parent Relationship": "Inner", "Relation Name": "movie_keyword", "Alias": "mk", "Startup Cost": 4.51, "Total Cost": 132.58, "Plan Rows": 33, "Plan Width": 8, "Recheck Cond": "(keyword_id = k.id)", "Plans": [{"Node Type": "Bitmap Index Scan", "Parent Relationship": "Outer", "Index Name": "keyword_id_movie_keyword", "Startup Cost": 0.0, "Total Cost": 4.5, "Plan Rows": 33, "Plan Width": 0, "Index Cond": "(keyword_id = k.id)"}]}]}, {"Node Type": "Index Scan", "Parent Relationship": "Inner", "Scan Direction": "Forward", "Index Name": "movie_id_movie_companies", "Relation Name": "movie_companies", "Alias": "mc", "Startup Cost": 0.0, "Total Cost": 0.31, "Plan Rows": 2, "Plan Width": 8, "Index Cond": "(movie_id = mk.movie_id)"}]}, {"Node Type": "Index Scan", "Parent Relationship": "Inner", "Scan Direction": "Forward", "Index Name": "company_name_pkey", "Relation Name": "company_name", "Alias": "cn", "Startup Cost": 0.0, "Total Cost": 0.28, "Plan Rows": 1, "Plan Width": 4, "Index Cond": "(id = mc.company_id)", "Filter": "((country_code)::text = '[nl]'::text)"}]}, {"Node Type": "Index Scan", "Parent Relationship": "Inner", "Scan Direction": "Forward", "Index Name": "title_pkey", "Relation Name": "title", "Alias": "t", "Startup Cost": 0.0, "Total Cost": 0.31, "Plan Rows": 1, "Plan Width": 21, "Index Cond": "(id = mk.movie_id)"}]}]}, "Unique SQL Id": 2804875951, "Planner Runtime": 9}, "explain_analyze_plan": {"Plan": {"Node Type": "Aggregate", "Strategy": "Plain", "Startup Cost": 3347.38, "Total Cost": 3347.39, "Plan Rows": 1, "Plan Width": 49, "Actual Startup Time": 1116.379, "Actual Total Time": 1116.38, "Actual Rows": 1, "Actual Loops": 1, "Plans": [{"Node Type": "Nested Loop", "Parent Relationship": "Outer", "Join Type": "Inner", "Startup Cost": 4.51, "Total Cost": 3347.38, "Plan Rows": 2, "Plan Width": 17, "Actual Startup Time": 11.025, "Actual Total Time": 1112.884, "Actual Rows": 5228, "Actual Loops": 1, "Inner Unique": true, "Join Filter": "(mc.movie_id = t.id)", "Rows Removed by Join Filter": 0, "Plans": [{"Node Type": "Nested Loop", "Parent Relationship": "Outer", "Join Type": "Inner", "Startup Cost": 4.51, "Total Cost": 3346.73, "Plan Rows": 2, "Plan Width": 8, "Actual Startup Time": 11.01, "Actual Total Time": 1085.185, "Actual Rows": 5228, "Actual Loops": 1, "Inner Unique": true, "Plans": [{"Node Type": "Nested Loop", "Parent Relationship": "Outer", "Join Type": "Inner", "Startup Cost": 4.51, "Total Cost": 3326.6, "Plan Rows": 70, "Plan Width": 12, "Actual Startup Time": 8.008, "Actual Total Time": 447.869, "Actual Rows": 148552, "Actual Loops": 1, "Inner Unique": false, "Plans": [{"Node Type": "Nested Loop", "Parent Relationship": "Outer", "Join Type": "Inner", "Startup Cost": 4.51, "Total Cost": 3315.63, "Plan Rows": 33, "Plan Width": 4, "Actual Startup Time": 7.977, "Actual Total Time": 171.703, "Actual Rows": 41840, "Actual Loops": 1, "Inner Unique": false, "Plans": [{"Node Type": "Index Scan", "Parent Relationship": "Outer", "Scan Direction": "Forward", "Index Name": "keyword_pkey", "Relation Name": "keyword", "Alias": "k", "Startup Cost": 0.0, "Total Cost": 3182.72, "Plan Rows": 1, "Plan Width": 4, "Actual Startup Time": 0.191, "Actual Total Time": 115.745, "Actual Rows": 1, "Actual Loops": 1, "Filter": "((keyword)::text = 'character-name-in-title'::text)", "Rows Removed by Filter": 134168}, {"Node Type": "Bitmap Heap Scan", "Parent Relationship": "Inner", "Relation Name": "movie_keyword", "Alias": "mk", "Startup Cost": 4.51, "Total Cost": 132.58, "Plan Rows": 33, "Plan Width": 8, "Actual Startup Time": 7.779, "Actual Total Time": 46.991, "Actual Rows": 41840, "Actual Loops": 1, "Recheck Cond": "(keyword_id = k.id)", "Rows Removed by Index Recheck": 0, "Exact Heap Blocks": 9702, "Lossy Heap Blocks": 9702, "Plans": [{"Node Type": "Bitmap Index Scan", "Parent Relationship": "Outer", "Index Name": "keyword_id_movie_keyword", "Startup Cost": 0.0, "Total Cost": 4.5, "Plan Rows": 33, "Plan Width": 0, "Actual Startup Time": 6.034, "Actual Total Time": 6.034, "Actual Rows": 41840, "Actual Loops": 1, "Index Cond": "(keyword_id = k.id)"}]}]}, {"Node Type": "Index Scan", "Parent Relationship": "Inner", "Scan Direction": "Forward", "Index Name": "movie_id_movie_companies", "Relation Name": "movie_companies", "Alias": "mc", "Startup Cost": 0.0, "Total Cost": 0.31, "Plan Rows": 2, "Plan Width": 8, "Actual Startup Time": 147.833, "Actual Total Time": 220.177, "Actual Rows": 148552, "Actual Loops": 41840, "Index Cond": "(movie_id = mk.movie_id)", "Rows Removed by Index Recheck": 0}]}, {"Node Type": "Index Scan", "Parent Relationship": "Inner", "Scan Direction": "Forward", "Index Name": "company_name_pkey", "Relation Name": "company_name", "Alias": "cn", "Startup Cost": 0.0, "Total Cost": 0.28, "Plan Rows": 1, "Plan Width": 4, "Actual Startup Time": 563.904, "Actual Total Time": 563.904, "Actual Rows": 5228, "Actual Loops": 148552, "Index Cond": "(id = mc.company_id)", "Rows Removed by Index Recheck": 0, "Filter": "((country_code)::text = '[nl]'::text)", "Rows Removed by Filter": 143324}]}, {"Node Type": "Index Scan", "Parent Relationship": "Inner", "Scan Direction": "Forward", "Index Name": "title_pkey", "Relation Name": "title", "Alias": "t", "Startup Cost": 0.0, "Total Cost": 0.31, "Plan Rows": 1, "Plan Width": 21, "Actual Startup Time": 22.044, "Actual Total Time": 22.044, "Actual Rows": 5228, "Actual Loops": 5228, "Index Cond": "(id = mk.movie_id)", "Rows Removed by Index Recheck": 0}]}]}, "Triggers": [], "Planner Runtime": 9.698, "Total Runtime": 1116.687, "Unique SQL Id": 2804875951}}, "(64, '86')": {"explain_plan": {"Plan": {"Node Type": "Aggregate", "Strategy": "Plain", "Startup Cost": 3019.97, "Total Cost": 3019.98, "Plan Rows": 1, "Plan Width": 49, "Plans": [{"Node Type": "Nested Loop", "Parent Relationship": "Outer", "Join Type": "Inner", "Startup Cost": 5.3, "Total Cost": 3019.97, "Plan Rows": 2, "Plan Width": 17, "Inner Unique": true, "Join Filter": "(mc.movie_id = t.id)", "Plans": [{"Node Type": "Nested Loop", "Parent Relationship": "Outer", "Join Type": "Inner", "Startup Cost": 5.04, "Total Cost": 3011.39, "Plan Rows": 2, "Plan Width": 8, "Inner Unique": true, "Plans": [{"Node Type": "Nested Loop", "Parent Relationship": "Outer", "Join Type": "Inner", "Startup Cost": 4.78, "Total Cost": 2711.55, "Plan Rows": 70, "Plan Width": 12, "Inner Unique": false, "Plans": [{"Node Type": "Nested Loop", "Parent Relationship": "Outer", "Join Type": "Inner", "Startup Cost": 4.51, "Total Cost": 2569.02, "Plan Rows": 33, "Plan Width": 4, "Inner Unique": false, "Plans": [{"Node Type": "Seq Scan", "Parent Relationship": "Outer", "Relation Name": "keyword", "Alias": "k", "Startup Cost": 0.0, "Total Cost": 2436.11, "Plan Rows": 1, "Plan Width": 4, "Filter": "((keyword)::text = 'character-name-in-title'::text)"}, {"Node Type": "Bitmap Heap Scan", "Parent Relationship": "Inner", "Relation Name": "movie_keyword", "Alias": "mk", "Startup Cost": 4.51, "Total Cost": 132.58, "Plan Rows": 33, "Plan Width": 8, "Recheck Cond": "(keyword_id = k.id)", "Plans": [{"Node Type": "Bitmap Index Scan", "Parent Relationship": "Outer", "Index Name": "keyword_id_movie_keyword", "Startup Cost": 0.0, "Total Cost": 4.5, "Plan Rows": 33, "Plan Width": 0, "Index Cond": "(keyword_id = k.id)"}]}]}, {"Node Type": "Bitmap Heap Scan", "Parent Relationship": "Inner", "Relation Name": "movie_companies", "Alias": "mc", "Startup Cost": 0.27, "Total Cost": 4.3, "Plan Rows": 2, "Plan Width": 8, "Recheck Cond": "(movie_id = mk.movie_id)", "Plans": [{"Node Type": "Bitmap Index Scan", "Parent Relationship": "Outer", "Index Name": "movie_id_movie_companies", "Startup Cost": 0.0, "Total Cost": 0.27, "Plan Rows": 2, "Plan Width": 0, "Index Cond": "(movie_id = mk.movie_id)"}]}]}, {"Node Type": "Bitmap Heap Scan", "Parent Relationship": "Inner", "Relation Name": "company_name", "Alias": "cn", "Startup Cost": 0.26, "Total Cost": 4.27, "Plan Rows": 1, "Plan Width": 4, "Recheck Cond": "(id = mc.company_id)", "Filter": "((country_code)::text = '[nl]'::text)", "Plans": [{"Node Type": "Bitmap Index Scan", "Parent Relationship": "Outer", "Index Name": "company_name_pkey", "Startup Cost": 0.0, "Total Cost": 0.26, "Plan Rows": 1, "Plan Width": 0, "Index Cond": "(id = mc.company_id)"}]}]}, {"Node Type": "Bitmap Heap Scan", "Parent Relationship": "Inner", "Relation Name": "title", "Alias": "t", "Startup Cost": 0.27, "Total Cost": 4.28, "Plan Rows": 1, "Plan Width": 21, "Recheck Cond": "(id = mk.movie_id)", "Plans": [{"Node Type": "Bitmap Index Scan", "Parent Relationship": "Outer", "Index Name": "title_pkey", "Startup Cost": 0.0, "Total Cost": 0.27, "Plan Rows": 1, "Plan Width": 0, "Index Cond": "(id = mk.movie_id)"}]}]}]}, "Unique SQL Id": 2804875951, "Planner Runtime": 7}, "explain_analyze_plan": {"Plan": {"Node Type": "Aggregate", "Strategy": "Plain", "Startup Cost": 3019.97, "Total Cost": 3019.98, "Plan Rows": 1, "Plan Width": 49, "Actual Startup Time": 1379.762, "Actual Total Time": 1379.762, "Actual Rows": 1, "Actual Loops": 1, "Plans": [{"Node Type": "Nested Loop", "Parent Relationship": "Outer", "Join Type": "Inner", "Startup Cost": 5.3, "Total Cost": 3019.97, "Plan Rows": 2, "Plan Width": 17, "Actual Startup Time": 13.852, "Actual Total Time": 1374.961, "Actual Rows": 5228, "Actual Loops": 1, "Inner Unique": true, "Join Filter": "(mc.movie_id = t.id)", "Rows Removed by Join Filter": 0, "Plans": [{"Node Type": "Nested Loop", "Parent Relationship": "Outer", "Join Type": "Inner", "Startup Cost": 5.04, "Total Cost": 3011.39, "Plan Rows": 2, "Plan Width": 8, "Actual Startup Time": 13.83, "Actual Total Time": 1338.406, "Actual Rows": 5228, "Actual Loops": 1, "Inner Unique": true, "Plans": [{"Node Type": "Nested Loop", "Parent Relationship": "Outer", "Join Type": "Inner", "Startup Cost": 4.78, "Total Cost": 2711.55, "Plan Rows": 70, "Plan Width": 12, "Actual Startup Time": 9.636, "Actual Total Time": 474.478, "Actual Rows": 148552, "Actual Loops": 1, "Inner Unique": false, "Plans": [{"Node Type": "Nested Loop", "Parent Relationship": "Outer", "Join Type": "Inner", "Startup Cost": 4.51, "Total Cost": 2569.02, "Plan Rows": 33, "Plan Width": 4, "Actual Startup Time": 9.588, "Actual Total Time": 94.897, "Actual Rows": 41840, "Actual Loops": 1, "Inner Unique": false, "Plans": [{"Node Type": "Seq Scan", "Parent Relationship": "Outer", "Relation Name": "keyword", "Alias": "k", "Startup Cost": 0.0, "Total Cost": 2436.11, "Plan Rows": 1, "Plan Width": 4, "Actual Startup Time": 1.796, "Actual Total Time": 40.826, "Actual Rows": 1, "Actual Loops": 1, "Filter": "((keyword)::text = 'character-name-in-title'::text)", "Rows Removed by Filter": 134168}, {"Node Type": "Bitmap Heap Scan", "Parent Relationship": "Inner", "Relation Name": "movie_keyword", "Alias": "mk", "Startup Cost": 4.51, "Total Cost": 132.58, "Plan Rows": 33, "Plan Width": 8, "Actual Startup Time": 7.784, "Actual Total Time": 44.618, "Actual Rows": 41840, "Actual Loops": 1, "Recheck Cond": "(keyword_id = k.id)", "Rows Removed by Index Recheck": 0, "Exact Heap Blocks": 9702, "Lossy Heap Blocks": 9702, "Plans": [{"Node Type": "Bitmap Index Scan", "Parent Relationship": "Outer", "Index Name": "keyword_id_movie_keyword", "Startup Cost": 0.0, "Total Cost": 4.5, "Plan Rows": 33, "Plan Width": 0, "Actual Startup Time": 6.024, "Actual Total Time": 6.024, "Actual Rows": 41840, "Actual Loops": 1, "Index Cond": "(keyword_id = k.id)"}]}]}, {"Node Type": "Bitmap Heap Scan", "Parent Relationship": "Inner", "Relation Name": "movie_companies", "Alias": "mc", "Startup Cost": 0.27, "Total Cost": 4.3, "Plan Rows": 2, "Plan Width": 8, "Actual Startup Time": 239.829, "Actual Total Time": 294.063, "Actual Rows": 148552, "Actual Loops": 41840, "Recheck Cond": "(movie_id = mk.movie_id)", "Rows Removed by Index Recheck": 0, "Exact Heap Blocks": 62638, "Lossy Heap Blocks": 62638, "Plans": [{"Node Type": "Bitmap Index Scan", "Parent Relationship": "Outer", "Index Name": "movie_id_movie_companies", "Startup Cost": 0.0, "Total Cost": 0.27, "Plan Rows": 2, "Plan Width": 0, "Actual Startup Time": 149.912, "Actual Total Time": 149.912, "Actual Rows": 148552, "Actual Loops": 41840, "Index Cond": "(movie_id = mk.movie_id)"}]}]}, {"Node Type": "Bitmap Heap Scan", "Parent Relationship": "Inner", "Relation Name": "company_name", "Alias": "cn", "Startup Cost": 0.26, "Total Cost": 4.27, "Plan Rows": 1, "Plan Width": 4, "Actual Startup Time": 695.194, "Actual Total Time": 695.194, "Actual Rows": 5228, "Actual Loops": 148552, "Recheck Cond": "(id = mc.company_id)", "Rows Removed by Index Recheck": 0, "Filter": "((country_code)::text = '[nl]'::text)", "Rows Removed by Filter": 143324, "Exact Heap Blocks": 148552, "Lossy Heap Blocks": 148552, "Plans": [{"Node Type": "Bitmap Index Scan", "Parent Relationship": "Outer", "Index Name": "company_name_pkey", "Startup Cost": 0.0, "Total Cost": 0.26, "Plan Rows": 1, "Plan Width": 0, "Actual Startup Time": 387.396, "Actual Total Time": 387.396, "Actual Rows": 148552, "Actual Loops": 148552, "Index Cond": "(id = mc.company_id)"}]}]}, {"Node Type": "Bitmap Heap Scan", "Parent Relationship": "Inner", "Relation Name": "title", "Alias": "t", "Startup Cost": 0.27, "Total Cost": 4.28, "Plan Rows": 1, "Plan Width": 21, "Actual Startup Time": 27.627, "Actual Total Time": 27.627, "Actual Rows": 5228, "Actual Loops": 5228, "Recheck Cond": "(id = mk.movie_id)", "Rows Removed by Index Recheck": 0, "Exact Heap Blocks": 5228, "Lossy Heap Blocks": 5228, "Plans": [{"Node Type": "Bitmap Index Scan", "Parent Relationship": "Outer", "Index Name": "title_pkey", "Startup Cost": 0.0, "Total Cost": 0.27, "Plan Rows": 1, "Plan Width": 0, "Actual Startup Time": 16.124, "Actual Total Time": 16.124, "Actual Rows": 5228, "Actual Loops": 5228, "Index Cond": "(id = mk.movie_id)"}]}]}]}, "Triggers": [], "Planner Runtime": 9.995, "Total Runtime": 1380.114, "Unique SQL Id": 2804875951}}, "(64, '87')": {"explain_plan": {"Plan": {"Node Type": "Aggregate", "Strategy": "Plain", "Startup Cost": 3739.07, "Total Cost": 3739.08, "Plan Rows": 1, "Plan Width": 49, "Plans": [{"Node Type": "Nested Loop", "Parent Relationship": "Outer", "Join Type": "Inner", "Startup Cost": 724.4, "Total Cost": 3739.06, "Plan Rows": 2, "Plan Width": 17, "Inner Unique": true, "Join Filter": "(mc.movie_id = t.id)", "Plans": [{"Node Type": "Nested Loop", "Parent Relationship": "Outer", "Join Type": "Inner", "Startup Cost": 724.13, "Total Cost": 3730.48, "Plan Rows": 2, "Plan Width": 8, "Inner Unique": true, "Plans": [{"Node Type": "Nested Loop", "Parent Relationship": "Outer", "Join Type": "Inner", "Startup Cost": 723.87, "Total Cost": 3430.65, "Plan Rows": 70, "Plan Width": 12, "Inner Unique": false, "Plans": [{"Node Type": "Nested Loop", "Parent Relationship": "Outer", "Join Type": "Inner", "Startup Cost": 723.6, "Total Cost": 3288.12, "Plan Rows": 33, "Plan Width": 4, "Inner Unique": false, "Plans": [{"Node Type": "Bitmap Heap Scan", "Parent Relationship": "Outer", "Relation Name": "keyword", "Alias": "k", "Startup Cost": 719.1, "Total Cost": 3155.21, "Plan Rows": 1, "Plan Width": 4, "Filter": "((keyword)::text = 'character-name-in-title'::text)", "Plans": [{"Node Type": "Bitmap Index Scan", "Parent Relationship": "Outer", "Index Name": "keyword_pkey", "Startup Cost": 0.0, "Total Cost": 719.1, "Plan Rows": 134169, "Plan Width": 0}]}, {"Node Type": "Bitmap Heap Scan", "Parent Relationship": "Inner", "Relation Name": "movie_keyword", "Alias": "mk", "Startup Cost": 4.51, "Total Cost": 132.58, "Plan Rows": 33, "Plan Width": 8, "Recheck Cond": "(keyword_id = k.id)", "Plans": [{"Node Type": "Bitmap Index Scan", "Parent Relationship": "Outer", "Index Name": "keyword_id_movie_keyword", "Startup Cost": 0.0, "Total Cost": 4.5, "Plan Rows": 33, "Plan Width": 0, "Index Cond": "(keyword_id = k.id)"}]}]}, {"Node Type": "Bitmap Heap Scan", "Parent Relationship": "Inner", "Relation Name": "movie_companies", "Alias": "mc", "Startup Cost": 0.27, "Total Cost": 4.3, "Plan Rows": 2, "Plan Width": 8, "Recheck Cond": "(movie_id = mk.movie_id)", "Plans": [{"Node Type": "Bitmap Index Scan", "Parent Relationship": "Outer", "Index Name": "movie_id_movie_companies", "Startup Cost": 0.0, "Total Cost": 0.27, "Plan Rows": 2, "Plan Width": 0, "Index Cond": "(movie_id = mk.movie_id)"}]}]}, {"Node Type": "Bitmap Heap Scan", "Parent Relationship": "Inner", "Relation Name": "company_name", "Alias": "cn", "Startup Cost": 0.26, "Total Cost": 4.27, "Plan Rows": 1, "Plan Width": 4, "Recheck Cond": "(id = mc.company_id)", "Filter": "((country_code)::text = '[nl]'::text)", "Plans": [{"Node Type": "Bitmap Index Scan", "Parent Relationship": "Outer", "Index Name": "company_name_pkey", "Startup Cost": 0.0, "Total Cost": 0.26, "Plan Rows": 1, "Plan Width": 0, "Index Cond": "(id = mc.company_id)"}]}]}, {"Node Type": "Bitmap Heap Scan", "Parent Relationship": "Inner", "Relation Name": "title", "Alias": "t", "Startup Cost": 0.27, "Total Cost": 4.28, "Plan Rows": 1, "Plan Width": 21, "Recheck Cond": "(id = mk.movie_id)", "Plans": [{"Node Type": "Bitmap Index Scan", "Parent Relationship": "Outer", "Index Name": "title_pkey", "Startup Cost": 0.0, "Total Cost": 0.27, "Plan Rows": 1, "Plan Width": 0, "Index Cond": "(id = mk.movie_id)"}]}]}]}, "Unique SQL Id": 2804875951, "Planner Runtime": 6}, "explain_analyze_plan": {"Plan": {"Node Type": "Aggregate", "Strategy": "Plain", "Startup Cost": 3739.07, "Total Cost": 3739.08, "Plan Rows": 1, "Plan Width": 49, "Actual Startup Time": 1403.708, "Actual Total Time": 1403.709, "Actual Rows": 1, "Actual Loops": 1, "Plans": [{"Node Type": "Nested Loop", "Parent Relationship": "Outer", "Join Type": "Inner", "Startup Cost": 724.4, "Total Cost": 3739.06, "Plan Rows": 2, "Plan Width": 17, "Actual Startup Time": 25.933, "Actual Total Time": 1398.814, "Actual Rows": 5228, "Actual Loops": 1, "Inner Unique": true, "Join Filter": "(mc.movie_id = t.id)", "Rows Removed by Join Filter": 0, "Plans": [{"Node Type": "Nested Loop", "Parent Relationship": "Outer", "Join Type": "Inner", "Startup Cost": 724.13, "Total Cost": 3730.48, "Plan Rows": 2, "Plan Width": 8, "Actual Startup Time": 25.914, "Actual Total Time": 1361.007, "Actual Rows": 5228, "Actual Loops": 1, "Inner Unique": true, "Plans": [{"Node Type": "Nested Loop", "Parent Relationship": "Outer", "Join Type": "Inner", "Startup Cost": 723.87, "Total Cost": 3430.65, "Plan Rows": 70, "Plan Width": 12, "Actual Startup Time": 21.809, "Actual Total Time": 500.96, "Actual Rows": 148552, "Actual Loops": 1, "Inner Unique": false, "Plans": [{"Node Type": "Nested Loop", "Parent Relationship": "Outer", "Join Type": "Inner", "Startup Cost": 723.6, "Total Cost": 3288.12, "Plan Rows": 33, "Plan Width": 4, "Actual Startup Time": 21.768, "Actual Total Time": 121.31, "Actual Rows": 41840, "Actual Loops": 1, "Inner Unique": false, "Plans": [{"Node Type": "Bitmap Heap Scan", "Parent Relationship": "Outer", "Relation Name": "keyword", "Alias": "k", "Startup Cost": 719.1, "Total Cost": 3155.21, "Plan Rows": 1, "Plan Width": 4, "Actual Startup Time": 14.099, "Actual Total Time": 67.292, "Actual Rows": 1, "Actual Loops": 1, "Filter": "((keyword)::text = 'character-name-in-title'::text)", "Rows Removed by Filter": 134168, "Exact Heap Blocks": 759, "Lossy Heap Blocks": 759, "Plans": [{"Node Type": "Bitmap Index Scan", "Parent Relationship": "Outer", "Index Name": "keyword_pkey", "Startup Cost": 0.0, "Total Cost": 719.1, "Plan Rows": 134169, "Plan Width": 0, "Actual Startup Time": 11.779, "Actual Total Time": 11.779, "Actual Rows": 134169, "Actual Loops": 1}]}, {"Node Type": "Bitmap Heap Scan", "Parent Relationship": "Inner", "Relation Name": "movie_keyword", "Alias": "mk", "Startup Cost": 4.51, "Total Cost": 132.58, "Plan Rows": 33, "Plan Width": 8, "Actual Startup Time": 7.658, "Actual Total Time": 44.762, "Actual Rows": 41840, "Actual Loops": 1, "Recheck Cond": "(keyword_id = k.id)", "Rows Removed by Index Recheck": 0, "Exact Heap Blocks": 9702, "Lossy Heap Blocks": 9702, "Plans": [{"Node Type": "Bitmap Index Scan", "Parent Relationship": "Outer", "Index Name": "keyword_id_movie_keyword", "Startup Cost": 0.0, "Total Cost": 4.5, "Plan Rows": 33, "Plan Width": 0, "Actual Startup Time": 5.929, "Actual Total Time": 5.929, "Actual Rows": 41840, "Actual Loops": 1, "Index Cond": "(keyword_id = k.id)"}]}]}, {"Node Type": "Bitmap Heap Scan", "Parent Relationship": "Inner", "Relation Name": "movie_companies", "Alias": "mc", "Startup Cost": 0.27, "Total Cost": 4.3, "Plan Rows": 2, "Plan Width": 8, "Actual Startup Time": 239.943, "Actual Total Time": 294.096, "Actual Rows": 148552, "Actual Loops": 41840, "Recheck Cond": "(movie_id = mk.movie_id)", "Rows Removed by Index Recheck": 0, "Exact Heap Blocks": 62638, "Lossy Heap Blocks": 62638, "Plans": [{"Node Type": "Bitmap Index Scan", "Parent Relationship": "Outer", "Index Name": "movie_id_movie_companies", "Startup Cost": 0.0, "Total Cost": 0.27, "Plan Rows": 2, "Plan Width": 0, "Actual Startup Time": 149.366, "Actual Total Time": 149.366, "Actual Rows": 148552, "Actual Loops": 41840, "Index Cond": "(movie_id = mk.movie_id)"}]}]}, {"Node Type": "Bitmap Heap Scan", "Parent Relationship": "Inner", "Relation Name": "company_name", "Alias": "cn", "Startup Cost": 0.26, "Total Cost": 4.27, "Plan Rows": 1, "Plan Width": 4, "Actual Startup Time": 691.231, "Actual Total Time": 691.231, "Actual Rows": 5228, "Actual Loops": 148552, "Recheck Cond": "(id = mc.company_id)", "Rows Removed by Index Recheck": 0, "Filter": "((country_code)::text = '[nl]'::text)", "Rows Removed by Filter": 143324, "Exact Heap Blocks": 148552, "Lossy Heap Blocks": 148552, "Plans": [{"Node Type": "Bitmap Index Scan", "Parent Relationship": "Outer", "Index Name": "company_name_pkey", "Startup Cost": 0.0, "Total Cost": 0.26, "Plan Rows": 1, "Plan Width": 0, "Actual Startup Time": 387.407, "Actual Total Time": 387.407, "Actual Rows": 148552, "Actual Loops": 148552, "Index Cond": "(id = mc.company_id)"}]}]}, {"Node Type": "Bitmap Heap Scan", "Parent Relationship": "Inner", "Relation Name": "title", "Alias": "t", "Startup Cost": 0.27, "Total Cost": 4.28, "Plan Rows": 1, "Plan Width": 21, "Actual Startup Time": 27.84, "Actual Total Time": 27.84, "Actual Rows": 5228, "Actual Loops": 5228, "Recheck Cond": "(id = mk.movie_id)", "Rows Removed by Index Recheck": 0, "Exact Heap Blocks": 5228, "Lossy Heap Blocks": 5228, "Plans": [{"Node Type": "Bitmap Index Scan", "Parent Relationship": "Outer", "Index Name": "title_pkey", "Startup Cost": 0.0, "Total Cost": 0.27, "Plan Rows": 1, "Plan Width": 0, "Actual Startup Time": 16.25, "Actual Total Time": 16.25, "Actual Rows": 5228, "Actual Loops": 5228, "Index Cond": "(id = mk.movie_id)"}]}]}]}, "Triggers": [], "Planner Runtime": 9.206, "Total Runtime": 1404.134, "Unique SQL Id": 2804875951}}, "(64, '88')": {"explain_plan": {"Plan": {"Node Type": "Aggregate", "Strategy": "Plain", "Startup Cost": 2605.07, "Total Cost": 2605.08, "Plan Rows": 1, "Plan Width": 49, "Plans": [{"Node Type": "Nested Loop", "Parent Relationship": "Outer", "Join Type": "Inner", "Startup Cost": 0.0, "Total Cost": 2605.07, "Plan Rows": 2, "Plan Width": 17, "Inner Unique": true, "Join Filter": "(mc.movie_id = t.id)", "Plans": [{"Node Type": "Nested Loop", "Parent Relationship": "Outer", "Join Type": "Inner", "Startup Cost": 0.0, "Total Cost": 2604.42, "Plan Rows": 2, "Plan Width": 8, "Inner Unique": true, "Plans": [{"Node Type": "Nested Loop", "Parent Relationship": "Outer", "Join Type": "Inner", "Startup Cost": 0.0, "Total Cost": 2584.29, "Plan Rows": 70, "Plan Width": 12, "Inner Unique": false, "Plans": [{"Node Type": "Nested Loop", "Parent Relationship": "Outer", "Join Type": "Inner", "Startup Cost": 0.0, "Total Cost": 2573.32, "Plan Rows": 33, "Plan Width": 4, "Inner Unique": false, "Plans": [{"Node Type": "Seq Scan", "Parent Relationship": "Outer", "Relation Name": "keyword", "Alias": "k", "Startup Cost": 0.0, "Total Cost": 2436.11, "Plan Rows": 1, "Plan Width": 4, "Filter": "((keyword)::text = 'character-name-in-title'::text)"}, {"Node Type": "Index Scan", "Parent Relationship": "Inner", "Scan Direction": "Forward", "Index Name": "keyword_id_movie_keyword", "Relation Name": "movie_keyword", "Alias": "mk", "Startup Cost": 0.0, "Total Cost": 136.88, "Plan Rows": 33, "Plan Width": 8, "Index Cond": "(keyword_id = k.id)"}]}, {"Node Type": "Index Scan", "Parent Relationship": "Inner", "Scan Direction": "Forward", "Index Name": "movie_id_movie_companies", "Relation Name": "movie_companies", "Alias": "mc", "Startup Cost": 0.0, "Total Cost": 0.31, "Plan Rows": 2, "Plan Width": 8, "Index Cond": "(movie_id = mk.movie_id)"}]}, {"Node Type": "Index Scan", "Parent Relationship": "Inner", "Scan Direction": "Forward", "Index Name": "company_name_pkey", "Relation Name": "company_name", "Alias": "cn", "Startup Cost": 0.0, "Total Cost": 0.28, "Plan Rows": 1, "Plan Width": 4, "Index Cond": "(id = mc.company_id)", "Filter": "((country_code)::text = '[nl]'::text)"}]}, {"Node Type": "Index Scan", "Parent Relationship": "Inner", "Scan Direction": "Forward", "Index Name": "title_pkey", "Relation Name": "title", "Alias": "t", "Startup Cost": 0.0, "Total Cost": 0.31, "Plan Rows": 1, "Plan Width": 21, "Index Cond": "(id = mk.movie_id)"}]}]}, "Unique SQL Id": 2804875951, "Planner Runtime": 8}, "explain_analyze_plan": {"Plan": {"Node Type": "Aggregate", "Strategy": "Plain", "Startup Cost": 2605.07, "Total Cost": 2605.08, "Plan Rows": 1, "Plan Width": 49, "Actual Startup Time": 1012.388, "Actual Total Time": 1012.388, "Actual Rows": 1, "Actual Loops": 1, "Plans": [{"Node Type": "Nested Loop", "Parent Relationship": "Outer", "Join Type": "Inner", "Startup Cost": 0.0, "Total Cost": 2605.07, "Plan Rows": 2, "Plan Width": 17, "Actual Startup Time": 5.012, "Actual Total Time": 1009.079, "Actual Rows": 5228, "Actual Loops": 1, "Inner Unique": true, "Join Filter": "(mc.movie_id = t.id)", "Rows Removed by Join Filter": 0, "Plans": [{"Node Type": "Nested Loop", "Parent Relationship": "Outer", "Join Type": "Inner", "Startup Cost": 0.0, "Total Cost": 2604.42, "Plan Rows": 2, "Plan Width": 8, "Actual Startup Time": 4.995, "Actual Total Time": 981.958, "Actual Rows": 5228, "Actual Loops": 1, "Inner Unique": true, "Plans": [{"Node Type": "Nested Loop", "Parent Relationship": "Outer", "Join Type": "Inner", "Startup Cost": 0.0, "Total Cost": 2584.29, "Plan Rows": 70, "Plan Width": 12, "Actual Startup Time": 1.847, "Actual Total Time": 360.079, "Actual Rows": 148552, "Actual Loops": 1, "Inner Unique": false, "Plans": [{"Node Type": "Nested Loop", "Parent Relationship": "Outer", "Join Type": "Inner", "Startup Cost": 0.0, "Total Cost": 2573.32, "Plan Rows": 33, "Plan Width": 4, "Actual Startup Time": 1.828, "Actual Total Time": 88.983, "Actual Rows": 41840, "Actual Loops": 1, "Inner Unique": false, "Plans": [{"Node Type": "Seq Scan", "Parent Relationship": "Outer", "Relation Name": "keyword", "Alias": "k", "Startup Cost": 0.0, "Total Cost": 2436.11, "Plan Rows": 1, "Plan Width": 4, "Actual Startup Time": 1.8, "Actual Total Time": 41.022, "Actual Rows": 1, "Actual Loops": 1, "Filter": "((keyword)::text = 'character-name-in-title'::text)", "Rows Removed by Filter": 134168}, {"Node Type": "Index Scan", "Parent Relationship": "Inner", "Scan Direction": "Forward", "Index Name": "keyword_id_movie_keyword", "Relation Name": "movie_keyword", "Alias": "mk", "Startup Cost": 0.0, "Total Cost": 136.88, "Plan Rows": 33, "Plan Width": 8, "Actual Startup Time": 0.023, "Actual Total Time": 38.639, "Actual Rows": 41840, "Actual Loops": 1, "Index Cond": "(keyword_id = k.id)", "Rows Removed by Index Recheck": 0}]}, {"Node Type": "Index Scan", "Parent Relationship": "Inner", "Scan Direction": "Forward", "Index Name": "movie_id_movie_companies", "Relation Name": "movie_companies", "Alias": "mc", "Startup Cost": 0.0, "Total Cost": 0.31, "Plan Rows": 2, "Plan Width": 8, "Actual Startup Time": 143.596, "Actual Total Time": 214.856, "Actual Rows": 148552, "Actual Loops": 41840, "Index Cond": "(movie_id = mk.movie_id)", "Rows Removed by Index Recheck": 0}]}, {"Node Type": "Index Scan", "Parent Relationship": "Inner", "Scan Direction": "Forward", "Index Name": "company_name_pkey", "Relation Name": "company_name", "Alias": "cn", "Startup Cost": 0.0, "Total Cost": 0.28, "Plan Rows": 1, "Plan Width": 4, "Actual Startup Time": 549.432, "Actual Total Time": 549.432, "Actual Rows": 5228, "Actual Loops": 148552, "Index Cond": "(id = mc.company_id)", "Rows Removed by Index Recheck": 0, "Filter": "((country_code)::text = '[nl]'::text)", "Rows Removed by Filter": 143324}]}, {"Node Type": "Index Scan", "Parent Relationship": "Inner", "Scan Direction": "Forward", "Index Name": "title_pkey", "Relation Name": "title", "Alias": "t", "Startup Cost": 0.0, "Total Cost": 0.31, "Plan Rows": 1, "Plan Width": 21, "Actual Startup Time": 21.388, "Actual Total Time": 21.388, "Actual Rows": 5228, "Actual Loops": 5228, "Index Cond": "(id = mk.movie_id)", "Rows Removed by Index Recheck": 0}]}]}, "Triggers": [], "Planner Runtime": 9.715, "Total Runtime": 1012.617, "Unique SQL Id": 2804875951}}, "(64, '89')": {"explain_plan": {"Plan": {"Node Type": "Aggregate", "Strategy": "Plain", "Startup Cost": 3351.67, "Total Cost": 3351.68, "Plan Rows": 1, "Plan Width": 49, "Plans": [{"Node Type": "Nested Loop", "Parent Relationship": "Outer", "Join Type": "Inner", "Startup Cost": 0.0, "Total Cost": 3351.67, "Plan Rows": 2, "Plan Width": 17, "Inner Unique": true, "Join Filter": "(mc.movie_id = t.id)", "Plans": [{"Node Type": "Nested Loop", "Parent Relationship": "Outer", "Join Type": "Inner", "Startup Cost": 0.0, "Total Cost": 3351.03, "Plan Rows": 2, "Plan Width": 8, "Inner Unique": true, "Plans": [{"Node Type": "Nested Loop", "Parent Relationship": "Outer", "Join Type": "Inner", "Startup Cost": 0.0, "Total Cost": 3330.89, "Plan Rows": 70, "Plan Width": 12, "Inner Unique": false, "Plans": [{"Node Type": "Nested Loop", "Parent Relationship": "Outer", "Join Type": "Inner", "Startup Cost": 0.0, "Total Cost": 3319.92, "Plan Rows": 33, "Plan Width": 4, "Inner Unique": false, "Plans": [{"Node Type": "Index Scan", "Parent Relationship": "Outer", "Scan Direction": "Forward", "Index Name": "keyword_pkey", "Relation Name": "keyword", "Alias": "k", "Startup Cost": 0.0, "Total Cost": 3182.72, "Plan Rows": 1, "Plan Width": 4, "Filter": "((keyword)::text = 'character-name-in-title'::text)"}, {"Node Type": "Index Scan", "Parent Relationship": "Inner", "Scan Direction": "Forward", "Index Name": "keyword_id_movie_keyword", "Relation Name": "movie_keyword", "Alias": "mk", "Startup Cost": 0.0, "Total Cost": 136.88, "Plan Rows": 33, "Plan Width": 8, "Index Cond": "(keyword_id = k.id)"}]}, {"Node Type": "Index Scan", "Parent Relationship": "Inner", "Scan Direction": "Forward", "Index Name": "movie_id_movie_companies", "Relation Name": "movie_companies", "Alias": "mc", "Startup Cost": 0.0, "Total Cost": 0.31, "Plan Rows": 2, "Plan Width": 8, "Index Cond": "(movie_id = mk.movie_id)"}]}, {"Node Type": "Index Scan", "Parent Relationship": "Inner", "Scan Direction": "Forward", "Index Name": "company_name_pkey", "Relation Name": "company_name", "Alias": "cn", "Startup Cost": 0.0, "Total Cost": 0.28, "Plan Rows": 1, "Plan Width": 4, "Index Cond": "(id = mc.company_id)", "Filter": "((country_code)::text = '[nl]'::text)"}]}, {"Node Type": "Index Scan", "Parent Relationship": "Inner", "Scan Direction": "Forward", "Index Name": "title_pkey", "Relation Name": "title", "Alias": "t", "Startup Cost": 0.0, "Total Cost": 0.31, "Plan Rows": 1, "Plan Width": 21, "Index Cond": "(id = mk.movie_id)"}]}]}, "Unique SQL Id": 2804875951, "Planner Runtime": 8}, "explain_analyze_plan": {"Plan": {"Node Type": "Aggregate", "Strategy": "Plain", "Startup Cost": 3351.67, "Total Cost": 3351.68, "Plan Rows": 1, "Plan Width": 49, "Actual Startup Time": 1116.77, "Actual Total Time": 1116.771, "Actual Rows": 1, "Actual Loops": 1, "Plans": [{"Node Type": "Nested Loop", "Parent Relationship": "Outer", "Join Type": "Inner", "Startup Cost": 0.0, "Total Cost": 3351.67, "Plan Rows": 2, "Plan Width": 17, "Actual Startup Time": 3.238, "Actual Total Time": 1113.589, "Actual Rows": 5228, "Actual Loops": 1, "Inner Unique": true, "Join Filter": "(mc.movie_id = t.id)", "Rows Removed by Join Filter": 0, "Plans": [{"Node Type": "Nested Loop", "Parent Relationship": "Outer", "Join Type": "Inner", "Startup Cost": 0.0, "Total Cost": 3351.03, "Plan Rows": 2, "Plan Width": 8, "Actual Startup Time": 3.224, "Actual Total Time": 1085.006, "Actual Rows": 5228, "Actual Loops": 1, "Inner Unique": true, "Plans": [{"Node Type": "Nested Loop", "Parent Relationship": "Outer", "Join Type": "Inner", "Startup Cost": 0.0, "Total Cost": 3330.89, "Plan Rows": 70, "Plan Width": 12, "Actual Startup Time": 0.233, "Actual Total Time": 449.234, "Actual Rows": 148552, "Actual Loops": 1, "Inner Unique": false, "Plans": [{"Node Type": "Nested Loop", "Parent Relationship": "Outer", "Join Type": "Inner", "Startup Cost": 0.0, "Total Cost": 3319.92, "Plan Rows": 33, "Plan Width": 4, "Actual Startup Time": 0.215, "Actual Total Time": 166.059, "Actual Rows": 41840, "Actual Loops": 1, "Inner Unique": false, "Plans": [{"Node Type": "Index Scan", "Parent Relationship": "Outer", "Scan Direction": "Forward", "Index Name": "keyword_pkey", "Relation Name": "keyword", "Alias": "k", "Startup Cost": 0.0, "Total Cost": 3182.72, "Plan Rows": 1, "Plan Width": 4, "Actual Startup Time": 0.194, "Actual Total Time": 113.965, "Actual Rows": 1, "Actual Loops": 1, "Filter": "((keyword)::text = 'character-name-in-title'::text)", "Rows Removed by Filter": 134168}, {"Node Type": "Index Scan", "Parent Relationship": "Inner", "Scan Direction": "Forward", "Index Name": "keyword_id_movie_keyword", "Relation Name": "movie_keyword", "Alias": "mk", "Startup Cost": 0.0, "Total Cost": 136.88, "Plan Rows": 33, "Plan Width": 8, "Actual Startup Time": 0.017, "Actual Total Time": 42.534, "Actual Rows": 41840, "Actual Loops": 1, "Index Cond": "(keyword_id = k.id)", "Rows Removed by Index Recheck": 0}]}, {"Node Type": "Index Scan", "Parent Relationship": "Inner", "Scan Direction": "Forward", "Index Name": "movie_id_movie_companies", "Relation Name": "movie_companies", "Alias": "mc", "Startup Cost": 0.0, "Total Cost": 0.31, "Plan Rows": 2, "Plan Width": 8, "Actual Startup Time": 152.025, "Actual Total Time": 226.956, "Actual Rows": 148552, "Actual Loops": 41840, "Index Cond": "(movie_id = mk.movie_id)", "Rows Removed by Index Recheck": 0}]}, {"Node Type": "Index Scan", "Parent Relationship": "Inner", "Scan Direction": "Forward", "Index Name": "company_name_pkey", "Relation Name": "company_name", "Alias": "cn", "Startup Cost": 0.0, "Total Cost": 0.28, "Plan Rows": 1, "Plan Width": 4, "Actual Startup Time": 563.165, "Actual Total Time": 563.165, "Actual Rows": 5228, "Actual Loops": 148552, "Index Cond": "(id = mc.company_id)", "Rows Removed by Index Recheck": 0, "Filter": "((country_code)::text = '[nl]'::text)", "Rows Removed by Filter": 143324}]}, {"Node Type": "Index Scan", "Parent Relationship": "Inner", "Scan Direction": "Forward", "Index Name": "title_pkey", "Relation Name": "title", "Alias": "t", "Startup Cost": 0.0, "Total Cost": 0.31, "Plan Rows": 1, "Plan Width": 21, "Actual Startup Time": 22.945, "Actual Total Time": 22.945, "Actual Rows": 5228, "Actual Loops": 5228, "Index Cond": "(id = mk.movie_id)", "Rows Removed by Index Recheck": 0}]}]}, "Triggers": [], "Planner Runtime": 9.86, "Total Runtime": 1117.024, "Unique SQL Id": 2804875951}}, "(64, '90')": {"explain_plan": {"Plan": {"Node Type": "Aggregate", "Strategy": "Plain", "Startup Cost": 1271195.01, "Total Cost": 1271195.02, "Plan Rows": 1, "Plan Width": 49, "Plans": [{"Node Type": "Merge Join", "Parent Relationship": "Outer", "Join Type": "Inner", "Startup Cost": 1258396.7, "Total Cost": 1271195.0, "Plan Rows": 2, "Plan Width": 17, "Inner Unique": true, "Merge Cond": "(mc.movie_id = t.id)", "Plans": [{"Node Type": "Merge Join", "Parent Relationship": "Outer", "Join Type": "Inner", "Startup Cost": 929444.69, "Total Cost": 929613.81, "Plan Rows": 2, "Plan Width": 8, "Inner Unique": false, "Merge Cond": "(mk.movie_id = mc.movie_id)", "Plans": [{"Node Type": "Sort", "Parent Relationship": "Outer", "Startup Cost": 587599.24, "Total Cost": 587599.32, "Plan Rows": 33, "Plan Width": 4, "Sort Key": ["mk.movie_id"], "Plans": [{"Node Type": "Merge Join", "Parent Relationship": "Outer", "Join Type": "Inner", "Startup Cost": 564978.42, "Total Cost": 587598.4, "Plan Rows": 33, "Plan Width": 4, "Inner Unique": false, "Merge Cond": "(k.id = mk.keyword_id)", "Plans": [{"Node Type": "Sort", "Parent Relationship": "Outer", "Startup Cost": 2436.12, "Total Cost": 2436.13, "Plan Rows": 1, "Plan Width": 4, "Sort Key": ["k.id"], "Plans": [{"Node Type": "Seq Scan", "Parent Relationship": "Outer", "Relation Name": "keyword", "Alias": "k", "Startup Cost": 0.0, "Total Cost": 2436.11, "Plan Rows": 1, "Plan Width": 4, "Filter": "((keyword)::text = 'character-name-in-title'::text)"}]}, {"Node Type": "Sort", "Parent Relationship": "Inner", "Startup Cost": 562542.3, "Total Cost": 573852.12, "Plan Rows": 4523929, "Plan Width": 8, "Sort Key": ["mk.keyword_id"], "Plans": [{"Node Type": "Seq Scan", "Parent Relationship": "Outer", "Relation Name": "movie_keyword", "Alias": "mk", "Startup Cost": 0.0, "Total Cost": 62441.29, "Plan Rows": 4523929, "Plan Width": 8}]}]}]}, {"Node Type": "Sort", "Parent Relationship": "Inner", "Startup Cost": 341845.44, "Total Cost": 341929.75, "Plan Rows": 33725, "Plan Width": 4, "Sort Key": ["mc.movie_id"], "Plans": [{"Node Type": "Merge Join", "Parent Relationship": "Outer", "Join Type": "Inner", "Startup Cost": 326253.95, "Total Cost": 339309.06, "Plan Rows": 33725, "Plan Width": 4, "Inner Unique": false, "Merge Cond": "(cn.id = mc.company_id)", "Plans": [{"Node Type": "Sort", "Parent Relationship": "Outer", "Startup Cost": 6028.1, "Total Cost": 6033.7, "Plan Rows": 2240, "Plan Width": 4, "Sort Key": ["cn.id"], "Plans": [{"Node Type": "Seq Scan", "Parent Relationship": "Outer", "Relation Name": "company_name", "Alias": "cn", "Startup Cost": 0.0, "Total Cost": 5903.45, "Plan Rows": 2240, "Plan Width": 4, "Filter": "((country_code)::text = '[nl]'::text)"}]}, {"Node Type": "Sort", "Parent Relationship": "Inner", "Startup Cost": 319886.87, "Total Cost": 326409.69, "Plan Rows": 2609128, "Plan Width": 8, "Sort Key": ["mc.company_id"], "Plans": [{"Node Type": "Seq Scan", "Parent Relationship": "Outer", "Relation Name": "movie_companies", "Alias": "mc", "Startup Cost": 0.0, "Total Cost": 41817.28, "Plan Rows": 2609128, "Plan Width": 8}]}]}]}]}, {"Node Type": "Sort", "Parent Relationship": "Inner", "Startup Cost": 328951.73, "Total Cost": 335272.51, "Plan Rows": 2528311, "Plan Width": 21, "Sort Key": ["t.id"], "Plans": [{"Node Type": "Seq Scan", "Parent Relationship": "Outer", "Relation Name": "title", "Alias": "t", "Startup Cost": 0.0, "Total Cost": 60069.11, "Plan Rows": 2528311, "Plan Width": 21}]}]}]}, "Unique SQL Id": 2804875951, "Planner Runtime": 8}, "explain_analyze_plan": null}, "(64, '91')": {"explain_plan": {"Plan": {"Node Type": "Aggregate", "Strategy": "Plain", "Startup Cost": 4998933765319.64, "Total Cost": 4998933765319.65, "Plan Rows": 1, "Plan Width": 49, "Plans": [{"Node Type": "Merge Join", "Parent Relationship": "Outer", "Join Type": "Inner", "Startup Cost": 4009893449254.55, "Total Cost": 4998933765319.64, "Plan Rows": 2, "Plan Width": 17, "Inner Unique": true, "Merge Cond": "(mc.movie_id = t.id)", "Plans": [{"Node Type": "Sort", "Parent Relationship": "Outer", "Startup Cost": 3999871521328.35, "Total Cost": 3999871521328.35, "Plan Rows": 2, "Plan Width": 8, "Sort Key": ["mc.movie_id"], "Plans": [{"Node Type": "Merge Join", "Parent Relationship": "Outer", "Join Type": "Inner", "Startup Cost": 3009871201696.09, "Total Cost": 3999871521328.34, "Plan Rows": 2, "Plan Width": 8, "Inner Unique": true, "Merge Cond": "(mk.keyword_id = k.id)", "Plans": [{"Node Type": "Sort", "Parent Relationship": "Outer", "Startup Cost": 2999871201696.09, "Total Cost": 2999871202376.36, "Plan Rows": 272107, "Plan Width": 12, "Sort Key": ["mk.keyword_id"], "Plans": [{"Node Type": "Merge Join", "Parent Relationship": "Outer", "Join Type": "Inner", "Startup Cost": 2010013426891.02, "Total Cost": 2999871177133.24, "Plan Rows": 272107, "Plan Width": 12, "Inner Unique": false, "Merge Cond": "(mc.movie_id = mk.movie_id)", "Plans": [{"Node Type": "Sort", "Parent Relationship": "Outer", "Startup Cost": 2000013426891.0, "Total Cost": 2000013426975.31, "Plan Rows": 33725, "Plan Width": 4, "Sort Key": ["mc.movie_id"], "Plans": [{"Node Type": "Merge Join", "Parent Relationship": "Outer", "Join Type": "Inner", "Startup Cost": 45724640147.62, "Total Cost": 2000013424354.62, "Plan Rows": 33725, "Plan Width": 4, "Inner Unique": false, "Merge Cond": "(cn.id = mc.company_id)", "Plans": [{"Node Type": "Index Scan", "Parent Relationship": "Outer", "Scan Direction": "Forward", "Index Name": "company_name_pkey", "Relation Name": "company_name", "Alias": "cn", "Startup Cost": 10000000000.0, "Total Cost": 1000001050138.97, "Plan Rows": 2240, "Plan Width": 4, "Filter": "((country_code)::text = '[nl]'::text)"}, {"Node Type": "Index Scan", "Parent Relationship": "Inner", "Scan Direction": "Forward", "Index Name": "company_id_movie_companies", "Relation Name": "movie_companies", "Alias": "mc", "Startup Cost": 10000000000.0, "Total Cost": 1000012367349.98, "Plan Rows": 2609128, "Plan Width": 8}]}]}, {"Node Type": "Index Scan", "Parent Relationship": "Inner", "Scan Direction": "Forward", "Index Name": "movie_id_movie_keyword", "Relation Name": "movie_keyword", "Alias": "mk", "Startup Cost": 10000000000.0, "Total Cost": 1000015300634.17, "Plan Rows": 4523929, "Plan Width": 8}]}]}, {"Node Type": "Materialize", "Parent Relationship": "Inner", "Startup Cost": 10000000000.0, "Total Cost": 1000000318271.69, "Plan Rows": 1, "Plan Width": 4, "Plans": [{"Node Type": "Index Scan", "Parent Relationship": "Outer", "Scan Direction": "Forward", "Index Name": "keyword_pkey", "Relation Name": "keyword", "Alias": "k", "Startup Cost": 10000000000.0, "Total Cost": 1000000318271.68, "Plan Rows": 1, "Plan Width": 4, "Filter": "((keyword)::text = 'character-name-in-title'::text)"}]}]}]}, {"Node Type": "Index Scan", "Parent Relationship": "Inner", "Scan Direction": "Forward", "Index Name": "title_pkey", "Relation Name": "title", "Alias": "t", "Startup Cost": 10000000000.0, "Total Cost": 1000011012048.91, "Plan Rows": 2528311, "Plan Width": 21}]}]}, "Unique SQL Id": 2804875951, "Planner Runtime": 18}, "explain_analyze_plan": null}, "(64, '92')": {"explain_plan": {"Plan": {"Node Type": "Aggregate", "Strategy": "Plain", "Startup Cost": 2605.07, "Total Cost": 2605.08, "Plan Rows": 1, "Plan Width": 49, "Plans": [{"Node Type": "Nested Loop", "Parent Relationship": "Outer", "Join Type": "Inner", "Startup Cost": 0.0, "Total Cost": 2605.07, "Plan Rows": 2, "Plan Width": 17, "Inner Unique": true, "Join Filter": "(mc.movie_id = t.id)", "Plans": [{"Node Type": "Nested Loop", "Parent Relationship": "Outer", "Join Type": "Inner", "Startup Cost": 0.0, "Total Cost": 2604.42, "Plan Rows": 2, "Plan Width": 8, "Inner Unique": true, "Plans": [{"Node Type": "Nested Loop", "Parent Relationship": "Outer", "Join Type": "Inner", "Startup Cost": 0.0, "Total Cost": 2584.29, "Plan Rows": 70, "Plan Width": 12, "Inner Unique": false, "Plans": [{"Node Type": "Nested Loop", "Parent Relationship": "Outer", "Join Type": "Inner", "Startup Cost": 0.0, "Total Cost": 2573.32, "Plan Rows": 33, "Plan Width": 4, "Inner Unique": false, "Plans": [{"Node Type": "Seq Scan", "Parent Relationship": "Outer", "Relation Name": "keyword", "Alias": "k", "Startup Cost": 0.0, "Total Cost": 2436.11, "Plan Rows": 1, "Plan Width": 4, "Filter": "((keyword)::text = 'character-name-in-title'::text)"}, {"Node Type": "Index Scan", "Parent Relationship": "Inner", "Scan Direction": "Forward", "Index Name": "keyword_id_movie_keyword", "Relation Name": "movie_keyword", "Alias": "mk", "Startup Cost": 0.0, "Total Cost": 136.88, "Plan Rows": 33, "Plan Width": 8, "Index Cond": "(keyword_id = k.id)"}]}, {"Node Type": "Index Scan", "Parent Relationship": "Inner", "Scan Direction": "Forward", "Index Name": "movie_id_movie_companies", "Relation Name": "movie_companies", "Alias": "mc", "Startup Cost": 0.0, "Total Cost": 0.31, "Plan Rows": 2, "Plan Width": 8, "Index Cond": "(movie_id = mk.movie_id)"}]}, {"Node Type": "Index Scan", "Parent Relationship": "Inner", "Scan Direction": "Forward", "Index Name": "company_name_pkey", "Relation Name": "company_name", "Alias": "cn", "Startup Cost": 0.0, "Total Cost": 0.28, "Plan Rows": 1, "Plan Width": 4, "Index Cond": "(id = mc.company_id)", "Filter": "((country_code)::text = '[nl]'::text)"}]}, {"Node Type": "Index Scan", "Parent Relationship": "Inner", "Scan Direction": "Forward", "Index Name": "title_pkey", "Relation Name": "title", "Alias": "t", "Startup Cost": 0.0, "Total Cost": 0.31, "Plan Rows": 1, "Plan Width": 21, "Index Cond": "(id = mk.movie_id)"}]}]}, "Unique SQL Id": 2804875951, "Planner Runtime": 9}, "explain_analyze_plan": {"Plan": {"Node Type": "Aggregate", "Strategy": "Plain", "Startup Cost": 2605.07, "Total Cost": 2605.08, "Plan Rows": 1, "Plan Width": 49, "Actual Startup Time": 1012.388, "Actual Total Time": 1012.388, "Actual Rows": 1, "Actual Loops": 1, "Plans": [{"Node Type": "Nested Loop", "Parent Relationship": "Outer", "Join Type": "Inner", "Startup Cost": 0.0, "Total Cost": 2605.07, "Plan Rows": 2, "Plan Width": 17, "Actual Startup Time": 5.012, "Actual Total Time": 1009.079, "Actual Rows": 5228, "Actual Loops": 1, "Inner Unique": true, "Join Filter": "(mc.movie_id = t.id)", "Rows Removed by Join Filter": 0, "Plans": [{"Node Type": "Nested Loop", "Parent Relationship": "Outer", "Join Type": "Inner", "Startup Cost": 0.0, "Total Cost": 2604.42, "Plan Rows": 2, "Plan Width": 8, "Actual Startup Time": 4.995, "Actual Total Time": 981.958, "Actual Rows": 5228, "Actual Loops": 1, "Inner Unique": true, "Plans": [{"Node Type": "Nested Loop", "Parent Relationship": "Outer", "Join Type": "Inner", "Startup Cost": 0.0, "Total Cost": 2584.29, "Plan Rows": 70, "Plan Width": 12, "Actual Startup Time": 1.847, "Actual Total Time": 360.079, "Actual Rows": 148552, "Actual Loops": 1, "Inner Unique": false, "Plans": [{"Node Type": "Nested Loop", "Parent Relationship": "Outer", "Join Type": "Inner", "Startup Cost": 0.0, "Total Cost": 2573.32, "Plan Rows": 33, "Plan Width": 4, "Actual Startup Time": 1.828, "Actual Total Time": 88.983, "Actual Rows": 41840, "Actual Loops": 1, "Inner Unique": false, "Plans": [{"Node Type": "Seq Scan", "Parent Relationship": "Outer", "Relation Name": "keyword", "Alias": "k", "Startup Cost": 0.0, "Total Cost": 2436.11, "Plan Rows": 1, "Plan Width": 4, "Actual Startup Time": 1.8, "Actual Total Time": 41.022, "Actual Rows": 1, "Actual Loops": 1, "Filter": "((keyword)::text = 'character-name-in-title'::text)", "Rows Removed by Filter": 134168}, {"Node Type": "Index Scan", "Parent Relationship": "Inner", "Scan Direction": "Forward", "Index Name": "keyword_id_movie_keyword", "Relation Name": "movie_keyword", "Alias": "mk", "Startup Cost": 0.0, "Total Cost": 136.88, "Plan Rows": 33, "Plan Width": 8, "Actual Startup Time": 0.023, "Actual Total Time": 38.639, "Actual Rows": 41840, "Actual Loops": 1, "Index Cond": "(keyword_id = k.id)", "Rows Removed by Index Recheck": 0}]}, {"Node Type": "Index Scan", "Parent Relationship": "Inner", "Scan Direction": "Forward", "Index Name": "movie_id_movie_companies", "Relation Name": "movie_companies", "Alias": "mc", "Startup Cost": 0.0, "Total Cost": 0.31, "Plan Rows": 2, "Plan Width": 8, "Actual Startup Time": 143.596, "Actual Total Time": 214.856, "Actual Rows": 148552, "Actual Loops": 41840, "Index Cond": "(movie_id = mk.movie_id)", "Rows Removed by Index Recheck": 0}]}, {"Node Type": "Index Scan", "Parent Relationship": "Inner", "Scan Direction": "Forward", "Index Name": "company_name_pkey", "Relation Name": "company_name", "Alias": "cn", "Startup Cost": 0.0, "Total Cost": 0.28, "Plan Rows": 1, "Plan Width": 4, "Actual Startup Time": 549.432, "Actual Total Time": 549.432, "Actual Rows": 5228, "Actual Loops": 148552, "Index Cond": "(id = mc.company_id)", "Rows Removed by Index Recheck": 0, "Filter": "((country_code)::text = '[nl]'::text)", "Rows Removed by Filter": 143324}]}, {"Node Type": "Index Scan", "Parent Relationship": "Inner", "Scan Direction": "Forward", "Index Name": "title_pkey", "Relation Name": "title", "Alias": "t", "Startup Cost": 0.0, "Total Cost": 0.31, "Plan Rows": 1, "Plan Width": 21, "Actual Startup Time": 21.388, "Actual Total Time": 21.388, "Actual Rows": 5228, "Actual Loops": 5228, "Index Cond": "(id = mk.movie_id)", "Rows Removed by Index Recheck": 0}]}]}, "Triggers": [], "Planner Runtime": 9.715, "Total Runtime": 1012.617, "Unique SQL Id": 2804875951}}, "(64, '93')": {"explain_plan": {"Plan": {"Node Type": "Aggregate", "Strategy": "Plain", "Startup Cost": 3351.67, "Total Cost": 3351.68, "Plan Rows": 1, "Plan Width": 49, "Plans": [{"Node Type": "Nested Loop", "Parent Relationship": "Outer", "Join Type": "Inner", "Startup Cost": 0.0, "Total Cost": 3351.67, "Plan Rows": 2, "Plan Width": 17, "Inner Unique": true, "Join Filter": "(mc.movie_id = t.id)", "Plans": [{"Node Type": "Nested Loop", "Parent Relationship": "Outer", "Join Type": "Inner", "Startup Cost": 0.0, "Total Cost": 3351.03, "Plan Rows": 2, "Plan Width": 8, "Inner Unique": true, "Plans": [{"Node Type": "Nested Loop", "Parent Relationship": "Outer", "Join Type": "Inner", "Startup Cost": 0.0, "Total Cost": 3330.89, "Plan Rows": 70, "Plan Width": 12, "Inner Unique": false, "Plans": [{"Node Type": "Nested Loop", "Parent Relationship": "Outer", "Join Type": "Inner", "Startup Cost": 0.0, "Total Cost": 3319.92, "Plan Rows": 33, "Plan Width": 4, "Inner Unique": false, "Plans": [{"Node Type": "Index Scan", "Parent Relationship": "Outer", "Scan Direction": "Forward", "Index Name": "keyword_pkey", "Relation Name": "keyword", "Alias": "k", "Startup Cost": 0.0, "Total Cost": 3182.72, "Plan Rows": 1, "Plan Width": 4, "Filter": "((keyword)::text = 'character-name-in-title'::text)"}, {"Node Type": "Index Scan", "Parent Relationship": "Inner", "Scan Direction": "Forward", "Index Name": "keyword_id_movie_keyword", "Relation Name": "movie_keyword", "Alias": "mk", "Startup Cost": 0.0, "Total Cost": 136.88, "Plan Rows": 33, "Plan Width": 8, "Index Cond": "(keyword_id = k.id)"}]}, {"Node Type": "Index Scan", "Parent Relationship": "Inner", "Scan Direction": "Forward", "Index Name": "movie_id_movie_companies", "Relation Name": "movie_companies", "Alias": "mc", "Startup Cost": 0.0, "Total Cost": 0.31, "Plan Rows": 2, "Plan Width": 8, "Index Cond": "(movie_id = mk.movie_id)"}]}, {"Node Type": "Index Scan", "Parent Relationship": "Inner", "Scan Direction": "Forward", "Index Name": "company_name_pkey", "Relation Name": "company_name", "Alias": "cn", "Startup Cost": 0.0, "Total Cost": 0.28, "Plan Rows": 1, "Plan Width": 4, "Index Cond": "(id = mc.company_id)", "Filter": "((country_code)::text = '[nl]'::text)"}]}, {"Node Type": "Index Scan", "Parent Relationship": "Inner", "Scan Direction": "Forward", "Index Name": "title_pkey", "Relation Name": "title", "Alias": "t", "Startup Cost": 0.0, "Total Cost": 0.31, "Plan Rows": 1, "Plan Width": 21, "Index Cond": "(id = mk.movie_id)"}]}]}, "Unique SQL Id": 2804875951, "Planner Runtime": 8}, "explain_analyze_plan": {"Plan": {"Node Type": "Aggregate", "Strategy": "Plain", "Startup Cost": 3351.67, "Total Cost": 3351.68, "Plan Rows": 1, "Plan Width": 49, "Actual Startup Time": 1116.77, "Actual Total Time": 1116.771, "Actual Rows": 1, "Actual Loops": 1, "Plans": [{"Node Type": "Nested Loop", "Parent Relationship": "Outer", "Join Type": "Inner", "Startup Cost": 0.0, "Total Cost": 3351.67, "Plan Rows": 2, "Plan Width": 17, "Actual Startup Time": 3.238, "Actual Total Time": 1113.589, "Actual Rows": 5228, "Actual Loops": 1, "Inner Unique": true, "Join Filter": "(mc.movie_id = t.id)", "Rows Removed by Join Filter": 0, "Plans": [{"Node Type": "Nested Loop", "Parent Relationship": "Outer", "Join Type": "Inner", "Startup Cost": 0.0, "Total Cost": 3351.03, "Plan Rows": 2, "Plan Width": 8, "Actual Startup Time": 3.224, "Actual Total Time": 1085.006, "Actual Rows": 5228, "Actual Loops": 1, "Inner Unique": true, "Plans": [{"Node Type": "Nested Loop", "Parent Relationship": "Outer", "Join Type": "Inner", "Startup Cost": 0.0, "Total Cost": 3330.89, "Plan Rows": 70, "Plan Width": 12, "Actual Startup Time": 0.233, "Actual Total Time": 449.234, "Actual Rows": 148552, "Actual Loops": 1, "Inner Unique": false, "Plans": [{"Node Type": "Nested Loop", "Parent Relationship": "Outer", "Join Type": "Inner", "Startup Cost": 0.0, "Total Cost": 3319.92, "Plan Rows": 33, "Plan Width": 4, "Actual Startup Time": 0.215, "Actual Total Time": 166.059, "Actual Rows": 41840, "Actual Loops": 1, "Inner Unique": false, "Plans": [{"Node Type": "Index Scan", "Parent Relationship": "Outer", "Scan Direction": "Forward", "Index Name": "keyword_pkey", "Relation Name": "keyword", "Alias": "k", "Startup Cost": 0.0, "Total Cost": 3182.72, "Plan Rows": 1, "Plan Width": 4, "Actual Startup Time": 0.194, "Actual Total Time": 113.965, "Actual Rows": 1, "Actual Loops": 1, "Filter": "((keyword)::text = 'character-name-in-title'::text)", "Rows Removed by Filter": 134168}, {"Node Type": "Index Scan", "Parent Relationship": "Inner", "Scan Direction": "Forward", "Index Name": "keyword_id_movie_keyword", "Relation Name": "movie_keyword", "Alias": "mk", "Startup Cost": 0.0, "Total Cost": 136.88, "Plan Rows": 33, "Plan Width": 8, "Actual Startup Time": 0.017, "Actual Total Time": 42.534, "Actual Rows": 41840, "Actual Loops": 1, "Index Cond": "(keyword_id = k.id)", "Rows Removed by Index Recheck": 0}]}, {"Node Type": "Index Scan", "Parent Relationship": "Inner", "Scan Direction": "Forward", "Index Name": "movie_id_movie_companies", "Relation Name": "movie_companies", "Alias": "mc", "Startup Cost": 0.0, "Total Cost": 0.31, "Plan Rows": 2, "Plan Width": 8, "Actual Startup Time": 152.025, "Actual Total Time": 226.956, "Actual Rows": 148552, "Actual Loops": 41840, "Index Cond": "(movie_id = mk.movie_id)", "Rows Removed by Index Recheck": 0}]}, {"Node Type": "Index Scan", "Parent Relationship": "Inner", "Scan Direction": "Forward", "Index Name": "company_name_pkey", "Relation Name": "company_name", "Alias": "cn", "Startup Cost": 0.0, "Total Cost": 0.28, "Plan Rows": 1, "Plan Width": 4, "Actual Startup Time": 563.165, "Actual Total Time": 563.165, "Actual Rows": 5228, "Actual Loops": 148552, "Index Cond": "(id = mc.company_id)", "Rows Removed by Index Recheck": 0, "Filter": "((country_code)::text = '[nl]'::text)", "Rows Removed by Filter": 143324}]}, {"Node Type": "Index Scan", "Parent Relationship": "Inner", "Scan Direction": "Forward", "Index Name": "title_pkey", "Relation Name": "title", "Alias": "t", "Startup Cost": 0.0, "Total Cost": 0.31, "Plan Rows": 1, "Plan Width": 21, "Actual Startup Time": 22.945, "Actual Total Time": 22.945, "Actual Rows": 5228, "Actual Loops": 5228, "Index Cond": "(id = mk.movie_id)", "Rows Removed by Index Recheck": 0}]}]}, "Triggers": [], "Planner Runtime": 9.86, "Total Runtime": 1117.024, "Unique SQL Id": 2804875951}}, "(64, '94')": {"explain_plan": {"Plan": {"Node Type": "Aggregate", "Strategy": "Plain", "Startup Cost": 1271195.01, "Total Cost": 1271195.02, "Plan Rows": 1, "Plan Width": 49, "Plans": [{"Node Type": "Merge Join", "Parent Relationship": "Outer", "Join Type": "Inner", "Startup Cost": 1258396.7, "Total Cost": 1271195.0, "Plan Rows": 2, "Plan Width": 17, "Inner Unique": true, "Merge Cond": "(mc.movie_id = t.id)", "Plans": [{"Node Type": "Merge Join", "Parent Relationship": "Outer", "Join Type": "Inner", "Startup Cost": 929444.69, "Total Cost": 929613.81, "Plan Rows": 2, "Plan Width": 8, "Inner Unique": false, "Merge Cond": "(mk.movie_id = mc.movie_id)", "Plans": [{"Node Type": "Sort", "Parent Relationship": "Outer", "Startup Cost": 587599.24, "Total Cost": 587599.32, "Plan Rows": 33, "Plan Width": 4, "Sort Key": ["mk.movie_id"], "Plans": [{"Node Type": "Merge Join", "Parent Relationship": "Outer", "Join Type": "Inner", "Startup Cost": 564978.42, "Total Cost": 587598.4, "Plan Rows": 33, "Plan Width": 4, "Inner Unique": false, "Merge Cond": "(k.id = mk.keyword_id)", "Plans": [{"Node Type": "Sort", "Parent Relationship": "Outer", "Startup Cost": 2436.12, "Total Cost": 2436.13, "Plan Rows": 1, "Plan Width": 4, "Sort Key": ["k.id"], "Plans": [{"Node Type": "Seq Scan", "Parent Relationship": "Outer", "Relation Name": "keyword", "Alias": "k", "Startup Cost": 0.0, "Total Cost": 2436.11, "Plan Rows": 1, "Plan Width": 4, "Filter": "((keyword)::text = 'character-name-in-title'::text)"}]}, {"Node Type": "Sort", "Parent Relationship": "Inner", "Startup Cost": 562542.3, "Total Cost": 573852.12, "Plan Rows": 4523929, "Plan Width": 8, "Sort Key": ["mk.keyword_id"], "Plans": [{"Node Type": "Seq Scan", "Parent Relationship": "Outer", "Relation Name": "movie_keyword", "Alias": "mk", "Startup Cost": 0.0, "Total Cost": 62441.29, "Plan Rows": 4523929, "Plan Width": 8}]}]}]}, {"Node Type": "Sort", "Parent Relationship": "Inner", "Startup Cost": 341845.44, "Total Cost": 341929.75, "Plan Rows": 33725, "Plan Width": 4, "Sort Key": ["mc.movie_id"], "Plans": [{"Node Type": "Merge Join", "Parent Relationship": "Outer", "Join Type": "Inner", "Startup Cost": 326253.95, "Total Cost": 339309.06, "Plan Rows": 33725, "Plan Width": 4, "Inner Unique": false, "Merge Cond": "(cn.id = mc.company_id)", "Plans": [{"Node Type": "Sort", "Parent Relationship": "Outer", "Startup Cost": 6028.1, "Total Cost": 6033.7, "Plan Rows": 2240, "Plan Width": 4, "Sort Key": ["cn.id"], "Plans": [{"Node Type": "Seq Scan", "Parent Relationship": "Outer", "Relation Name": "company_name", "Alias": "cn", "Startup Cost": 0.0, "Total Cost": 5903.45, "Plan Rows": 2240, "Plan Width": 4, "Filter": "((country_code)::text = '[nl]'::text)"}]}, {"Node Type": "Sort", "Parent Relationship": "Inner", "Startup Cost": 319886.87, "Total Cost": 326409.69, "Plan Rows": 2609128, "Plan Width": 8, "Sort Key": ["mc.company_id"], "Plans": [{"Node Type": "Seq Scan", "Parent Relationship": "Outer", "Relation Name": "movie_companies", "Alias": "mc", "Startup Cost": 0.0, "Total Cost": 41817.28, "Plan Rows": 2609128, "Plan Width": 8}]}]}]}]}, {"Node Type": "Sort", "Parent Relationship": "Inner", "Startup Cost": 328951.73, "Total Cost": 335272.51, "Plan Rows": 2528311, "Plan Width": 21, "Sort Key": ["t.id"], "Plans": [{"Node Type": "Seq Scan", "Parent Relationship": "Outer", "Relation Name": "title", "Alias": "t", "Startup Cost": 0.0, "Total Cost": 60069.11, "Plan Rows": 2528311, "Plan Width": 21}]}]}]}, "Unique SQL Id": 2804875951, "Planner Runtime": 8}, "explain_analyze_plan": null}, "(64, '95')": {"explain_plan": {"Plan": {"Node Type": "Aggregate", "Strategy": "Plain", "Startup Cost": 4998933765319.64, "Total Cost": 4998933765319.65, "Plan Rows": 1, "Plan Width": 49, "Plans": [{"Node Type": "Merge Join", "Parent Relationship": "Outer", "Join Type": "Inner", "Startup Cost": 4009893449254.55, "Total Cost": 4998933765319.64, "Plan Rows": 2, "Plan Width": 17, "Inner Unique": true, "Merge Cond": "(mc.movie_id = t.id)", "Plans": [{"Node Type": "Sort", "Parent Relationship": "Outer", "Startup Cost": 3999871521328.35, "Total Cost": 3999871521328.35, "Plan Rows": 2, "Plan Width": 8, "Sort Key": ["mc.movie_id"], "Plans": [{"Node Type": "Merge Join", "Parent Relationship": "Outer", "Join Type": "Inner", "Startup Cost": 3009871201696.09, "Total Cost": 3999871521328.34, "Plan Rows": 2, "Plan Width": 8, "Inner Unique": true, "Merge Cond": "(mk.keyword_id = k.id)", "Plans": [{"Node Type": "Sort", "Parent Relationship": "Outer", "Startup Cost": 2999871201696.09, "Total Cost": 2999871202376.36, "Plan Rows": 272107, "Plan Width": 12, "Sort Key": ["mk.keyword_id"], "Plans": [{"Node Type": "Merge Join", "Parent Relationship": "Outer", "Join Type": "Inner", "Startup Cost": 2010013426891.02, "Total Cost": 2999871177133.24, "Plan Rows": 272107, "Plan Width": 12, "Inner Unique": false, "Merge Cond": "(mc.movie_id = mk.movie_id)", "Plans": [{"Node Type": "Sort", "Parent Relationship": "Outer", "Startup Cost": 2000013426891.0, "Total Cost": 2000013426975.31, "Plan Rows": 33725, "Plan Width": 4, "Sort Key": ["mc.movie_id"], "Plans": [{"Node Type": "Merge Join", "Parent Relationship": "Outer", "Join Type": "Inner", "Startup Cost": 45724640147.62, "Total Cost": 2000013424354.62, "Plan Rows": 33725, "Plan Width": 4, "Inner Unique": false, "Merge Cond": "(cn.id = mc.company_id)", "Plans": [{"Node Type": "Index Scan", "Parent Relationship": "Outer", "Scan Direction": "Forward", "Index Name": "company_name_pkey", "Relation Name": "company_name", "Alias": "cn", "Startup Cost": 10000000000.0, "Total Cost": 1000001050138.97, "Plan Rows": 2240, "Plan Width": 4, "Filter": "((country_code)::text = '[nl]'::text)"}, {"Node Type": "Index Scan", "Parent Relationship": "Inner", "Scan Direction": "Forward", "Index Name": "company_id_movie_companies", "Relation Name": "movie_companies", "Alias": "mc", "Startup Cost": 10000000000.0, "Total Cost": 1000012367349.98, "Plan Rows": 2609128, "Plan Width": 8}]}]}, {"Node Type": "Index Scan", "Parent Relationship": "Inner", "Scan Direction": "Forward", "Index Name": "movie_id_movie_keyword", "Relation Name": "movie_keyword", "Alias": "mk", "Startup Cost": 10000000000.0, "Total Cost": 1000015300634.17, "Plan Rows": 4523929, "Plan Width": 8}]}]}, {"Node Type": "Materialize", "Parent Relationship": "Inner", "Startup Cost": 10000000000.0, "Total Cost": 1000000318271.69, "Plan Rows": 1, "Plan Width": 4, "Plans": [{"Node Type": "Index Scan", "Parent Relationship": "Outer", "Scan Direction": "Forward", "Index Name": "keyword_pkey", "Relation Name": "keyword", "Alias": "k", "Startup Cost": 10000000000.0, "Total Cost": 1000000318271.68, "Plan Rows": 1, "Plan Width": 4, "Filter": "((keyword)::text = 'character-name-in-title'::text)"}]}]}]}, {"Node Type": "Index Scan", "Parent Relationship": "Inner", "Scan Direction": "Forward", "Index Name": "title_pkey", "Relation Name": "title", "Alias": "t", "Startup Cost": 10000000000.0, "Total Cost": 1000011012048.91, "Plan Rows": 2528311, "Plan Width": 21}]}]}, "Unique SQL Id": 2804875951, "Planner Runtime": 17}, "explain_analyze_plan": null}, "(64, '96')": {"explain_plan": {"Plan": {"Node Type": "Aggregate", "Strategy": "Plain", "Startup Cost": 2600.78, "Total Cost": 2600.79, "Plan Rows": 1, "Plan Width": 49, "Plans": [{"Node Type": "Nested Loop", "Parent Relationship": "Outer", "Join Type": "Inner", "Startup Cost": 4.51, "Total Cost": 2600.77, "Plan Rows": 2, "Plan Width": 17, "Inner Unique": true, "Join Filter": "(mc.movie_id = t.id)", "Plans": [{"Node Type": "Nested Loop", "Parent Relationship": "Outer", "Join Type": "Inner", "Startup Cost": 4.51, "Total Cost": 2600.13, "Plan Rows": 2, "Plan Width": 8, "Inner Unique": true, "Plans": [{"Node Type": "Nested Loop", "Parent Relationship": "Outer", "Join Type": "Inner", "Startup Cost": 4.51, "Total Cost": 2579.99, "Plan Rows": 70, "Plan Width": 12, "Inner Unique": false, "Plans": [{"Node Type": "Nested Loop", "Parent Relationship": "Outer", "Join Type": "Inner", "Startup Cost": 4.51, "Total Cost": 2569.02, "Plan Rows": 33, "Plan Width": 4, "Inner Unique": false, "Plans": [{"Node Type": "Seq Scan", "Parent Relationship": "Outer", "Relation Name": "keyword", "Alias": "k", "Startup Cost": 0.0, "Total Cost": 2436.11, "Plan Rows": 1, "Plan Width": 4, "Filter": "((keyword)::text = 'character-name-in-title'::text)"}, {"Node Type": "Bitmap Heap Scan", "Parent Relationship": "Inner", "Relation Name": "movie_keyword", "Alias": "mk", "Startup Cost": 4.51, "Total Cost": 132.58, "Plan Rows": 33, "Plan Width": 8, "Recheck Cond": "(keyword_id = k.id)", "Plans": [{"Node Type": "Bitmap Index Scan", "Parent Relationship": "Outer", "Index Name": "keyword_id_movie_keyword", "Startup Cost": 0.0, "Total Cost": 4.5, "Plan Rows": 33, "Plan Width": 0, "Index Cond": "(keyword_id = k.id)"}]}]}, {"Node Type": "Index Scan", "Parent Relationship": "Inner", "Scan Direction": "Forward", "Index Name": "movie_id_movie_companies", "Relation Name": "movie_companies", "Alias": "mc", "Startup Cost": 0.0, "Total Cost": 0.31, "Plan Rows": 2, "Plan Width": 8, "Index Cond": "(movie_id = mk.movie_id)"}]}, {"Node Type": "Index Scan", "Parent Relationship": "Inner", "Scan Direction": "Forward", "Index Name": "company_name_pkey", "Relation Name": "company_name", "Alias": "cn", "Startup Cost": 0.0, "Total Cost": 0.28, "Plan Rows": 1, "Plan Width": 4, "Index Cond": "(id = mc.company_id)", "Filter": "((country_code)::text = '[nl]'::text)"}]}, {"Node Type": "Index Scan", "Parent Relationship": "Inner", "Scan Direction": "Forward", "Index Name": "title_pkey", "Relation Name": "title", "Alias": "t", "Startup Cost": 0.0, "Total Cost": 0.31, "Plan Rows": 1, "Plan Width": 21, "Index Cond": "(id = mk.movie_id)"}]}]}, "Unique SQL Id": 2804875951, "Planner Runtime": 3}, "explain_analyze_plan": {"Plan": {"Node Type": "Aggregate", "Strategy": "Plain", "Startup Cost": 2600.78, "Total Cost": 2600.79, "Plan Rows": 1, "Plan Width": 49, "Actual Startup Time": 1011.525, "Actual Total Time": 1011.525, "Actual Rows": 1, "Actual Loops": 1, "Plans": [{"Node Type": "Nested Loop", "Parent Relationship": "Outer", "Join Type": "Inner", "Startup Cost": 4.51, "Total Cost": 2600.77, "Plan Rows": 2, "Plan Width": 17, "Actual Startup Time": 12.528, "Actual Total Time": 1007.96, "Actual Rows": 5228, "Actual Loops": 1, "Inner Unique": true, "Join Filter": "(mc.movie_id = t.id)", "Rows Removed by Join Filter": 0, "Plans": [{"Node Type": "Nested Loop", "Parent Relationship": "Outer", "Join Type": "Inner", "Startup Cost": 4.51, "Total Cost": 2600.13, "Plan Rows": 2, "Plan Width": 8, "Actual Startup Time": 12.513, "Actual Total Time": 980.622, "Actual Rows": 5228, "Actual Loops": 1, "Inner Unique": true, "Plans": [{"Node Type": "Nested Loop", "Parent Relationship": "Outer", "Join Type": "Inner", "Startup Cost": 4.51, "Total Cost": 2579.99, "Plan Rows": 70, "Plan Width": 12, "Actual Startup Time": 9.527, "Actual Total Time": 365.273, "Actual Rows": 148552, "Actual Loops": 1, "Inner Unique": false, "Plans": [{"Node Type": "Nested Loop", "Parent Relationship": "Outer", "Join Type": "Inner", "Startup Cost": 4.51, "Total Cost": 2569.02, "Plan Rows": 33, "Plan Width": 4, "Actual Startup Time": 9.495, "Actual Total Time": 95.383, "Actual Rows": 41840, "Actual Loops": 1, "Inner Unique": false, "Plans": [{"Node Type": "Seq Scan", "Parent Relationship": "Outer", "Relation Name": "keyword", "Alias": "k", "Startup Cost": 0.0, "Total Cost": 2436.11, "Plan Rows": 1, "Plan Width": 4, "Actual Startup Time": 1.783, "Actual Total Time": 40.829, "Actual Rows": 1, "Actual Loops": 1, "Filter": "((keyword)::text = 'character-name-in-title'::text)", "Rows Removed by Filter": 134168}, {"Node Type": "Bitmap Heap Scan", "Parent Relationship": "Inner", "Relation Name": "movie_keyword", "Alias": "mk", "Startup Cost": 4.51, "Total Cost": 132.58, "Plan Rows": 33, "Plan Width": 8, "Actual Startup Time": 7.703, "Actual Total Time": 45.702, "Actual Rows": 41840, "Actual Loops": 1, "Recheck Cond": "(keyword_id = k.id)", "Rows Removed by Index Recheck": 0, "Exact Heap Blocks": 9702, "Lossy Heap Blocks": 9702, "Plans": [{"Node Type": "Bitmap Index Scan", "Parent Relationship": "Outer", "Index Name": "keyword_id_movie_keyword", "Startup Cost": 0.0, "Total Cost": 4.5, "Plan Rows": 33, "Plan Width": 0, "Actual Startup Time": 5.948, "Actual Total Time": 5.948, "Actual Rows": 41840, "Actual Loops": 1, "Index Cond": "(keyword_id = k.id)"}]}]}, {"Node Type": "Index Scan", "Parent Relationship": "Inner", "Scan Direction": "Forward", "Index Name": "movie_id_movie_companies", "Relation Name": "movie_companies", "Alias": "mc", "Startup Cost": 0.0, "Total Cost": 0.31, "Plan Rows": 2, "Plan Width": 8, "Actual Startup Time": 143.277, "Actual Total Time": 214.488, "Actual Rows": 148552, "Actual Loops": 41840, "Index Cond": "(movie_id = mk.movie_id)", "Rows Removed by Index Recheck": 0}]}, {"Node Type": "Index Scan", "Parent Relationship": "Inner", "Scan Direction": "Forward", "Index Name": "company_name_pkey", "Relation Name": "company_name", "Alias": "cn", "Startup Cost": 0.0, "Total Cost": 0.28, "Plan Rows": 1, "Plan Width": 4, "Actual Startup Time": 541.94, "Actual Total Time": 541.94, "Actual Rows": 5228, "Actual Loops": 148552, "Index Cond": "(id = mc.company_id)", "Rows Removed by Index Recheck": 0, "Filter": "((country_code)::text = '[nl]'::text)", "Rows Removed by Filter": 143324}]}, {"Node Type": "Index Scan", "Parent Relationship": "Inner", "Scan Direction": "Forward", "Index Name": "title_pkey", "Relation Name": "title", "Alias": "t", "Startup Cost": 0.0, "Total Cost": 0.31, "Plan Rows": 1, "Plan Width": 21, "Actual Startup Time": 21.446, "Actual Total Time": 21.446, "Actual Rows": 5228, "Actual Loops": 5228, "Index Cond": "(id = mk.movie_id)", "Rows Removed by Index Recheck": 0}]}]}, "Triggers": [], "Planner Runtime": 9.832, "Total Runtime": 1011.849, "Unique SQL Id": 2804875951}}, "(64, '97')": {"explain_plan": {"Plan": {"Node Type": "Aggregate", "Strategy": "Plain", "Startup Cost": 3347.38, "Total Cost": 3347.39, "Plan Rows": 1, "Plan Width": 49, "Plans": [{"Node Type": "Nested Loop", "Parent Relationship": "Outer", "Join Type": "Inner", "Startup Cost": 4.51, "Total Cost": 3347.38, "Plan Rows": 2, "Plan Width": 17, "Inner Unique": true, "Join Filter": "(mc.movie_id = t.id)", "Plans": [{"Node Type": "Nested Loop", "Parent Relationship": "Outer", "Join Type": "Inner", "Startup Cost": 4.51, "Total Cost": 3346.73, "Plan Rows": 2, "Plan Width": 8, "Inner Unique": true, "Plans": [{"Node Type": "Nested Loop", "Parent Relationship": "Outer", "Join Type": "Inner", "Startup Cost": 4.51, "Total Cost": 3326.6, "Plan Rows": 70, "Plan Width": 12, "Inner Unique": false, "Plans": [{"Node Type": "Nested Loop", "Parent Relationship": "Outer", "Join Type": "Inner", "Startup Cost": 4.51, "Total Cost": 3315.63, "Plan Rows": 33, "Plan Width": 4, "Inner Unique": false, "Plans": [{"Node Type": "Index Scan", "Parent Relationship": "Outer", "Scan Direction": "Forward", "Index Name": "keyword_pkey", "Relation Name": "keyword", "Alias": "k", "Startup Cost": 0.0, "Total Cost": 3182.72, "Plan Rows": 1, "Plan Width": 4, "Filter": "((keyword)::text = 'character-name-in-title'::text)"}, {"Node Type": "Bitmap Heap Scan", "Parent Relationship": "Inner", "Relation Name": "movie_keyword", "Alias": "mk", "Startup Cost": 4.51, "Total Cost": 132.58, "Plan Rows": 33, "Plan Width": 8, "Recheck Cond": "(keyword_id = k.id)", "Plans": [{"Node Type": "Bitmap Index Scan", "Parent Relationship": "Outer", "Index Name": "keyword_id_movie_keyword", "Startup Cost": 0.0, "Total Cost": 4.5, "Plan Rows": 33, "Plan Width": 0, "Index Cond": "(keyword_id = k.id)"}]}]}, {"Node Type": "Index Scan", "Parent Relationship": "Inner", "Scan Direction": "Forward", "Index Name": "movie_id_movie_companies", "Relation Name": "movie_companies", "Alias": "mc", "Startup Cost": 0.0, "Total Cost": 0.31, "Plan Rows": 2, "Plan Width": 8, "Index Cond": "(movie_id = mk.movie_id)"}]}, {"Node Type": "Index Scan", "Parent Relationship": "Inner", "Scan Direction": "Forward", "Index Name": "company_name_pkey", "Relation Name": "company_name", "Alias": "cn", "Startup Cost": 0.0, "Total Cost": 0.28, "Plan Rows": 1, "Plan Width": 4, "Index Cond": "(id = mc.company_id)", "Filter": "((country_code)::text = '[nl]'::text)"}]}, {"Node Type": "Index Scan", "Parent Relationship": "Inner", "Scan Direction": "Forward", "Index Name": "title_pkey", "Relation Name": "title", "Alias": "t", "Startup Cost": 0.0, "Total Cost": 0.31, "Plan Rows": 1, "Plan Width": 21, "Index Cond": "(id = mk.movie_id)"}]}]}, "Unique SQL Id": 2804875951, "Planner Runtime": 4}, "explain_analyze_plan": {"Plan": {"Node Type": "Aggregate", "Strategy": "Plain", "Startup Cost": 3347.38, "Total Cost": 3347.39, "Plan Rows": 1, "Plan Width": 49, "Actual Startup Time": 1116.379, "Actual Total Time": 1116.38, "Actual Rows": 1, "Actual Loops": 1, "Plans": [{"Node Type": "Nested Loop", "Parent Relationship": "Outer", "Join Type": "Inner", "Startup Cost": 4.51, "Total Cost": 3347.38, "Plan Rows": 2, "Plan Width": 17, "Actual Startup Time": 11.025, "Actual Total Time": 1112.884, "Actual Rows": 5228, "Actual Loops": 1, "Inner Unique": true, "Join Filter": "(mc.movie_id = t.id)", "Rows Removed by Join Filter": 0, "Plans": [{"Node Type": "Nested Loop", "Parent Relationship": "Outer", "Join Type": "Inner", "Startup Cost": 4.51, "Total Cost": 3346.73, "Plan Rows": 2, "Plan Width": 8, "Actual Startup Time": 11.01, "Actual Total Time": 1085.185, "Actual Rows": 5228, "Actual Loops": 1, "Inner Unique": true, "Plans": [{"Node Type": "Nested Loop", "Parent Relationship": "Outer", "Join Type": "Inner", "Startup Cost": 4.51, "Total Cost": 3326.6, "Plan Rows": 70, "Plan Width": 12, "Actual Startup Time": 8.008, "Actual Total Time": 447.869, "Actual Rows": 148552, "Actual Loops": 1, "Inner Unique": false, "Plans": [{"Node Type": "Nested Loop", "Parent Relationship": "Outer", "Join Type": "Inner", "Startup Cost": 4.51, "Total Cost": 3315.63, "Plan Rows": 33, "Plan Width": 4, "Actual Startup Time": 7.977, "Actual Total Time": 171.703, "Actual Rows": 41840, "Actual Loops": 1, "Inner Unique": false, "Plans": [{"Node Type": "Index Scan", "Parent Relationship": "Outer", "Scan Direction": "Forward", "Index Name": "keyword_pkey", "Relation Name": "keyword", "Alias": "k", "Startup Cost": 0.0, "Total Cost": 3182.72, "Plan Rows": 1, "Plan Width": 4, "Actual Startup Time": 0.191, "Actual Total Time": 115.745, "Actual Rows": 1, "Actual Loops": 1, "Filter": "((keyword)::text = 'character-name-in-title'::text)", "Rows Removed by Filter": 134168}, {"Node Type": "Bitmap Heap Scan", "Parent Relationship": "Inner", "Relation Name": "movie_keyword", "Alias": "mk", "Startup Cost": 4.51, "Total Cost": 132.58, "Plan Rows": 33, "Plan Width": 8, "Actual Startup Time": 7.779, "Actual Total Time": 46.991, "Actual Rows": 41840, "Actual Loops": 1, "Recheck Cond": "(keyword_id = k.id)", "Rows Removed by Index Recheck": 0, "Exact Heap Blocks": 9702, "Lossy Heap Blocks": 9702, "Plans": [{"Node Type": "Bitmap Index Scan", "Parent Relationship": "Outer", "Index Name": "keyword_id_movie_keyword", "Startup Cost": 0.0, "Total Cost": 4.5, "Plan Rows": 33, "Plan Width": 0, "Actual Startup Time": 6.034, "Actual Total Time": 6.034, "Actual Rows": 41840, "Actual Loops": 1, "Index Cond": "(keyword_id = k.id)"}]}]}, {"Node Type": "Index Scan", "Parent Relationship": "Inner", "Scan Direction": "Forward", "Index Name": "movie_id_movie_companies", "Relation Name": "movie_companies", "Alias": "mc", "Startup Cost": 0.0, "Total Cost": 0.31, "Plan Rows": 2, "Plan Width": 8, "Actual Startup Time": 147.833, "Actual Total Time": 220.177, "Actual Rows": 148552, "Actual Loops": 41840, "Index Cond": "(movie_id = mk.movie_id)", "Rows Removed by Index Recheck": 0}]}, {"Node Type": "Index Scan", "Parent Relationship": "Inner", "Scan Direction": "Forward", "Index Name": "company_name_pkey", "Relation Name": "company_name", "Alias": "cn", "Startup Cost": 0.0, "Total Cost": 0.28, "Plan Rows": 1, "Plan Width": 4, "Actual Startup Time": 563.904, "Actual Total Time": 563.904, "Actual Rows": 5228, "Actual Loops": 148552, "Index Cond": "(id = mc.company_id)", "Rows Removed by Index Recheck": 0, "Filter": "((country_code)::text = '[nl]'::text)", "Rows Removed by Filter": 143324}]}, {"Node Type": "Index Scan", "Parent Relationship": "Inner", "Scan Direction": "Forward", "Index Name": "title_pkey", "Relation Name": "title", "Alias": "t", "Startup Cost": 0.0, "Total Cost": 0.31, "Plan Rows": 1, "Plan Width": 21, "Actual Startup Time": 22.044, "Actual Total Time": 22.044, "Actual Rows": 5228, "Actual Loops": 5228, "Index Cond": "(id = mk.movie_id)", "Rows Removed by Index Recheck": 0}]}]}, "Triggers": [], "Planner Runtime": 9.698, "Total Runtime": 1116.687, "Unique SQL Id": 2804875951}}, "(64, '98')": {"explain_plan": {"Plan": {"Node Type": "Aggregate", "Strategy": "Plain", "Startup Cost": 3019.97, "Total Cost": 3019.98, "Plan Rows": 1, "Plan Width": 49, "Plans": [{"Node Type": "Nested Loop", "Parent Relationship": "Outer", "Join Type": "Inner", "Startup Cost": 5.3, "Total Cost": 3019.97, "Plan Rows": 2, "Plan Width": 17, "Inner Unique": true, "Join Filter": "(mc.movie_id = t.id)", "Plans": [{"Node Type": "Nested Loop", "Parent Relationship": "Outer", "Join Type": "Inner", "Startup Cost": 5.04, "Total Cost": 3011.39, "Plan Rows": 2, "Plan Width": 8, "Inner Unique": true, "Plans": [{"Node Type": "Nested Loop", "Parent Relationship": "Outer", "Join Type": "Inner", "Startup Cost": 4.78, "Total Cost": 2711.55, "Plan Rows": 70, "Plan Width": 12, "Inner Unique": false, "Plans": [{"Node Type": "Nested Loop", "Parent Relationship": "Outer", "Join Type": "Inner", "Startup Cost": 4.51, "Total Cost": 2569.02, "Plan Rows": 33, "Plan Width": 4, "Inner Unique": false, "Plans": [{"Node Type": "Seq Scan", "Parent Relationship": "Outer", "Relation Name": "keyword", "Alias": "k", "Startup Cost": 0.0, "Total Cost": 2436.11, "Plan Rows": 1, "Plan Width": 4, "Filter": "((keyword)::text = 'character-name-in-title'::text)"}, {"Node Type": "Bitmap Heap Scan", "Parent Relationship": "Inner", "Relation Name": "movie_keyword", "Alias": "mk", "Startup Cost": 4.51, "Total Cost": 132.58, "Plan Rows": 33, "Plan Width": 8, "Recheck Cond": "(keyword_id = k.id)", "Plans": [{"Node Type": "Bitmap Index Scan", "Parent Relationship": "Outer", "Index Name": "keyword_id_movie_keyword", "Startup Cost": 0.0, "Total Cost": 4.5, "Plan Rows": 33, "Plan Width": 0, "Index Cond": "(keyword_id = k.id)"}]}]}, {"Node Type": "Bitmap Heap Scan", "Parent Relationship": "Inner", "Relation Name": "movie_companies", "Alias": "mc", "Startup Cost": 0.27, "Total Cost": 4.3, "Plan Rows": 2, "Plan Width": 8, "Recheck Cond": "(movie_id = mk.movie_id)", "Plans": [{"Node Type": "Bitmap Index Scan", "Parent Relationship": "Outer", "Index Name": "movie_id_movie_companies", "Startup Cost": 0.0, "Total Cost": 0.27, "Plan Rows": 2, "Plan Width": 0, "Index Cond": "(movie_id = mk.movie_id)"}]}]}, {"Node Type": "Bitmap Heap Scan", "Parent Relationship": "Inner", "Relation Name": "company_name", "Alias": "cn", "Startup Cost": 0.26, "Total Cost": 4.27, "Plan Rows": 1, "Plan Width": 4, "Recheck Cond": "(id = mc.company_id)", "Filter": "((country_code)::text = '[nl]'::text)", "Plans": [{"Node Type": "Bitmap Index Scan", "Parent Relationship": "Outer", "Index Name": "company_name_pkey", "Startup Cost": 0.0, "Total Cost": 0.26, "Plan Rows": 1, "Plan Width": 0, "Index Cond": "(id = mc.company_id)"}]}]}, {"Node Type": "Bitmap Heap Scan", "Parent Relationship": "Inner", "Relation Name": "title", "Alias": "t", "Startup Cost": 0.27, "Total Cost": 4.28, "Plan Rows": 1, "Plan Width": 21, "Recheck Cond": "(id = mk.movie_id)", "Plans": [{"Node Type": "Bitmap Index Scan", "Parent Relationship": "Outer", "Index Name": "title_pkey", "Startup Cost": 0.0, "Total Cost": 0.27, "Plan Rows": 1, "Plan Width": 0, "Index Cond": "(id = mk.movie_id)"}]}]}]}, "Unique SQL Id": 2804875951, "Planner Runtime": 5}, "explain_analyze_plan": {"Plan": {"Node Type": "Aggregate", "Strategy": "Plain", "Startup Cost": 3019.97, "Total Cost": 3019.98, "Plan Rows": 1, "Plan Width": 49, "Actual Startup Time": 1379.762, "Actual Total Time": 1379.762, "Actual Rows": 1, "Actual Loops": 1, "Plans": [{"Node Type": "Nested Loop", "Parent Relationship": "Outer", "Join Type": "Inner", "Startup Cost": 5.3, "Total Cost": 3019.97, "Plan Rows": 2, "Plan Width": 17, "Actual Startup Time": 13.852, "Actual Total Time": 1374.961, "Actual Rows": 5228, "Actual Loops": 1, "Inner Unique": true, "Join Filter": "(mc.movie_id = t.id)", "Rows Removed by Join Filter": 0, "Plans": [{"Node Type": "Nested Loop", "Parent Relationship": "Outer", "Join Type": "Inner", "Startup Cost": 5.04, "Total Cost": 3011.39, "Plan Rows": 2, "Plan Width": 8, "Actual Startup Time": 13.83, "Actual Total Time": 1338.406, "Actual Rows": 5228, "Actual Loops": 1, "Inner Unique": true, "Plans": [{"Node Type": "Nested Loop", "Parent Relationship": "Outer", "Join Type": "Inner", "Startup Cost": 4.78, "Total Cost": 2711.55, "Plan Rows": 70, "Plan Width": 12, "Actual Startup Time": 9.636, "Actual Total Time": 474.478, "Actual Rows": 148552, "Actual Loops": 1, "Inner Unique": false, "Plans": [{"Node Type": "Nested Loop", "Parent Relationship": "Outer", "Join Type": "Inner", "Startup Cost": 4.51, "Total Cost": 2569.02, "Plan Rows": 33, "Plan Width": 4, "Actual Startup Time": 9.588, "Actual Total Time": 94.897, "Actual Rows": 41840, "Actual Loops": 1, "Inner Unique": false, "Plans": [{"Node Type": "Seq Scan", "Parent Relationship": "Outer", "Relation Name": "keyword", "Alias": "k", "Startup Cost": 0.0, "Total Cost": 2436.11, "Plan Rows": 1, "Plan Width": 4, "Actual Startup Time": 1.796, "Actual Total Time": 40.826, "Actual Rows": 1, "Actual Loops": 1, "Filter": "((keyword)::text = 'character-name-in-title'::text)", "Rows Removed by Filter": 134168}, {"Node Type": "Bitmap Heap Scan", "Parent Relationship": "Inner", "Relation Name": "movie_keyword", "Alias": "mk", "Startup Cost": 4.51, "Total Cost": 132.58, "Plan Rows": 33, "Plan Width": 8, "Actual Startup Time": 7.784, "Actual Total Time": 44.618, "Actual Rows": 41840, "Actual Loops": 1, "Recheck Cond": "(keyword_id = k.id)", "Rows Removed by Index Recheck": 0, "Exact Heap Blocks": 9702, "Lossy Heap Blocks": 9702, "Plans": [{"Node Type": "Bitmap Index Scan", "Parent Relationship": "Outer", "Index Name": "keyword_id_movie_keyword", "Startup Cost": 0.0, "Total Cost": 4.5, "Plan Rows": 33, "Plan Width": 0, "Actual Startup Time": 6.024, "Actual Total Time": 6.024, "Actual Rows": 41840, "Actual Loops": 1, "Index Cond": "(keyword_id = k.id)"}]}]}, {"Node Type": "Bitmap Heap Scan", "Parent Relationship": "Inner", "Relation Name": "movie_companies", "Alias": "mc", "Startup Cost": 0.27, "Total Cost": 4.3, "Plan Rows": 2, "Plan Width": 8, "Actual Startup Time": 239.829, "Actual Total Time": 294.063, "Actual Rows": 148552, "Actual Loops": 41840, "Recheck Cond": "(movie_id = mk.movie_id)", "Rows Removed by Index Recheck": 0, "Exact Heap Blocks": 62638, "Lossy Heap Blocks": 62638, "Plans": [{"Node Type": "Bitmap Index Scan", "Parent Relationship": "Outer", "Index Name": "movie_id_movie_companies", "Startup Cost": 0.0, "Total Cost": 0.27, "Plan Rows": 2, "Plan Width": 0, "Actual Startup Time": 149.912, "Actual Total Time": 149.912, "Actual Rows": 148552, "Actual Loops": 41840, "Index Cond": "(movie_id = mk.movie_id)"}]}]}, {"Node Type": "Bitmap Heap Scan", "Parent Relationship": "Inner", "Relation Name": "company_name", "Alias": "cn", "Startup Cost": 0.26, "Total Cost": 4.27, "Plan Rows": 1, "Plan Width": 4, "Actual Startup Time": 695.194, "Actual Total Time": 695.194, "Actual Rows": 5228, "Actual Loops": 148552, "Recheck Cond": "(id = mc.company_id)", "Rows Removed by Index Recheck": 0, "Filter": "((country_code)::text = '[nl]'::text)", "Rows Removed by Filter": 143324, "Exact Heap Blocks": 148552, "Lossy Heap Blocks": 148552, "Plans": [{"Node Type": "Bitmap Index Scan", "Parent Relationship": "Outer", "Index Name": "company_name_pkey", "Startup Cost": 0.0, "Total Cost": 0.26, "Plan Rows": 1, "Plan Width": 0, "Actual Startup Time": 387.396, "Actual Total Time": 387.396, "Actual Rows": 148552, "Actual Loops": 148552, "Index Cond": "(id = mc.company_id)"}]}]}, {"Node Type": "Bitmap Heap Scan", "Parent Relationship": "Inner", "Relation Name": "title", "Alias": "t", "Startup Cost": 0.27, "Total Cost": 4.28, "Plan Rows": 1, "Plan Width": 21, "Actual Startup Time": 27.627, "Actual Total Time": 27.627, "Actual Rows": 5228, "Actual Loops": 5228, "Recheck Cond": "(id = mk.movie_id)", "Rows Removed by Index Recheck": 0, "Exact Heap Blocks": 5228, "Lossy Heap Blocks": 5228, "Plans": [{"Node Type": "Bitmap Index Scan", "Parent Relationship": "Outer", "Index Name": "title_pkey", "Startup Cost": 0.0, "Total Cost": 0.27, "Plan Rows": 1, "Plan Width": 0, "Actual Startup Time": 16.124, "Actual Total Time": 16.124, "Actual Rows": 5228, "Actual Loops": 5228, "Index Cond": "(id = mk.movie_id)"}]}]}]}, "Triggers": [], "Planner Runtime": 9.995, "Total Runtime": 1380.114, "Unique SQL Id": 2804875951}}, "(64, '99')": {"explain_plan": {"Plan": {"Node Type": "Aggregate", "Strategy": "Plain", "Startup Cost": 3739.07, "Total Cost": 3739.08, "Plan Rows": 1, "Plan Width": 49, "Plans": [{"Node Type": "Nested Loop", "Parent Relationship": "Outer", "Join Type": "Inner", "Startup Cost": 724.4, "Total Cost": 3739.06, "Plan Rows": 2, "Plan Width": 17, "Inner Unique": true, "Join Filter": "(mc.movie_id = t.id)", "Plans": [{"Node Type": "Nested Loop", "Parent Relationship": "Outer", "Join Type": "Inner", "Startup Cost": 724.13, "Total Cost": 3730.48, "Plan Rows": 2, "Plan Width": 8, "Inner Unique": true, "Plans": [{"Node Type": "Nested Loop", "Parent Relationship": "Outer", "Join Type": "Inner", "Startup Cost": 723.87, "Total Cost": 3430.65, "Plan Rows": 70, "Plan Width": 12, "Inner Unique": false, "Plans": [{"Node Type": "Nested Loop", "Parent Relationship": "Outer", "Join Type": "Inner", "Startup Cost": 723.6, "Total Cost": 3288.12, "Plan Rows": 33, "Plan Width": 4, "Inner Unique": false, "Plans": [{"Node Type": "Bitmap Heap Scan", "Parent Relationship": "Outer", "Relation Name": "keyword", "Alias": "k", "Startup Cost": 719.1, "Total Cost": 3155.21, "Plan Rows": 1, "Plan Width": 4, "Filter": "((keyword)::text = 'character-name-in-title'::text)", "Plans": [{"Node Type": "Bitmap Index Scan", "Parent Relationship": "Outer", "Index Name": "keyword_pkey", "Startup Cost": 0.0, "Total Cost": 719.1, "Plan Rows": 134169, "Plan Width": 0}]}, {"Node Type": "Bitmap Heap Scan", "Parent Relationship": "Inner", "Relation Name": "movie_keyword", "Alias": "mk", "Startup Cost": 4.51, "Total Cost": 132.58, "Plan Rows": 33, "Plan Width": 8, "Recheck Cond": "(keyword_id = k.id)", "Plans": [{"Node Type": "Bitmap Index Scan", "Parent Relationship": "Outer", "Index Name": "keyword_id_movie_keyword", "Startup Cost": 0.0, "Total Cost": 4.5, "Plan Rows": 33, "Plan Width": 0, "Index Cond": "(keyword_id = k.id)"}]}]}, {"Node Type": "Bitmap Heap Scan", "Parent Relationship": "Inner", "Relation Name": "movie_companies", "Alias": "mc", "Startup Cost": 0.27, "Total Cost": 4.3, "Plan Rows": 2, "Plan Width": 8, "Recheck Cond": "(movie_id = mk.movie_id)", "Plans": [{"Node Type": "Bitmap Index Scan", "Parent Relationship": "Outer", "Index Name": "movie_id_movie_companies", "Startup Cost": 0.0, "Total Cost": 0.27, "Plan Rows": 2, "Plan Width": 0, "Index Cond": "(movie_id = mk.movie_id)"}]}]}, {"Node Type": "Bitmap Heap Scan", "Parent Relationship": "Inner", "Relation Name": "company_name", "Alias": "cn", "Startup Cost": 0.26, "Total Cost": 4.27, "Plan Rows": 1, "Plan Width": 4, "Recheck Cond": "(id = mc.company_id)", "Filter": "((country_code)::text = '[nl]'::text)", "Plans": [{"Node Type": "Bitmap Index Scan", "Parent Relationship": "Outer", "Index Name": "company_name_pkey", "Startup Cost": 0.0, "Total Cost": 0.26, "Plan Rows": 1, "Plan Width": 0, "Index Cond": "(id = mc.company_id)"}]}]}, {"Node Type": "Bitmap Heap Scan", "Parent Relationship": "Inner", "Relation Name": "title", "Alias": "t", "Startup Cost": 0.27, "Total Cost": 4.28, "Plan Rows": 1, "Plan Width": 21, "Recheck Cond": "(id = mk.movie_id)", "Plans": [{"Node Type": "Bitmap Index Scan", "Parent Relationship": "Outer", "Index Name": "title_pkey", "Startup Cost": 0.0, "Total Cost": 0.27, "Plan Rows": 1, "Plan Width": 0, "Index Cond": "(id = mk.movie_id)"}]}]}]}, "Unique SQL Id": 2804875951, "Planner Runtime": 4}, "explain_analyze_plan": {"Plan": {"Node Type": "Aggregate", "Strategy": "Plain", "Startup Cost": 3739.07, "Total Cost": 3739.08, "Plan Rows": 1, "Plan Width": 49, "Actual Startup Time": 1403.708, "Actual Total Time": 1403.709, "Actual Rows": 1, "Actual Loops": 1, "Plans": [{"Node Type": "Nested Loop", "Parent Relationship": "Outer", "Join Type": "Inner", "Startup Cost": 724.4, "Total Cost": 3739.06, "Plan Rows": 2, "Plan Width": 17, "Actual Startup Time": 25.933, "Actual Total Time": 1398.814, "Actual Rows": 5228, "Actual Loops": 1, "Inner Unique": true, "Join Filter": "(mc.movie_id = t.id)", "Rows Removed by Join Filter": 0, "Plans": [{"Node Type": "Nested Loop", "Parent Relationship": "Outer", "Join Type": "Inner", "Startup Cost": 724.13, "Total Cost": 3730.48, "Plan Rows": 2, "Plan Width": 8, "Actual Startup Time": 25.914, "Actual Total Time": 1361.007, "Actual Rows": 5228, "Actual Loops": 1, "Inner Unique": true, "Plans": [{"Node Type": "Nested Loop", "Parent Relationship": "Outer", "Join Type": "Inner", "Startup Cost": 723.87, "Total Cost": 3430.65, "Plan Rows": 70, "Plan Width": 12, "Actual Startup Time": 21.809, "Actual Total Time": 500.96, "Actual Rows": 148552, "Actual Loops": 1, "Inner Unique": false, "Plans": [{"Node Type": "Nested Loop", "Parent Relationship": "Outer", "Join Type": "Inner", "Startup Cost": 723.6, "Total Cost": 3288.12, "Plan Rows": 33, "Plan Width": 4, "Actual Startup Time": 21.768, "Actual Total Time": 121.31, "Actual Rows": 41840, "Actual Loops": 1, "Inner Unique": false, "Plans": [{"Node Type": "Bitmap Heap Scan", "Parent Relationship": "Outer", "Relation Name": "keyword", "Alias": "k", "Startup Cost": 719.1, "Total Cost": 3155.21, "Plan Rows": 1, "Plan Width": 4, "Actual Startup Time": 14.099, "Actual Total Time": 67.292, "Actual Rows": 1, "Actual Loops": 1, "Filter": "((keyword)::text = 'character-name-in-title'::text)", "Rows Removed by Filter": 134168, "Exact Heap Blocks": 759, "Lossy Heap Blocks": 759, "Plans": [{"Node Type": "Bitmap Index Scan", "Parent Relationship": "Outer", "Index Name": "keyword_pkey", "Startup Cost": 0.0, "Total Cost": 719.1, "Plan Rows": 134169, "Plan Width": 0, "Actual Startup Time": 11.779, "Actual Total Time": 11.779, "Actual Rows": 134169, "Actual Loops": 1}]}, {"Node Type": "Bitmap Heap Scan", "Parent Relationship": "Inner", "Relation Name": "movie_keyword", "Alias": "mk", "Startup Cost": 4.51, "Total Cost": 132.58, "Plan Rows": 33, "Plan Width": 8, "Actual Startup Time": 7.658, "Actual Total Time": 44.762, "Actual Rows": 41840, "Actual Loops": 1, "Recheck Cond": "(keyword_id = k.id)", "Rows Removed by Index Recheck": 0, "Exact Heap Blocks": 9702, "Lossy Heap Blocks": 9702, "Plans": [{"Node Type": "Bitmap Index Scan", "Parent Relationship": "Outer", "Index Name": "keyword_id_movie_keyword", "Startup Cost": 0.0, "Total Cost": 4.5, "Plan Rows": 33, "Plan Width": 0, "Actual Startup Time": 5.929, "Actual Total Time": 5.929, "Actual Rows": 41840, "Actual Loops": 1, "Index Cond": "(keyword_id = k.id)"}]}]}, {"Node Type": "Bitmap Heap Scan", "Parent Relationship": "Inner", "Relation Name": "movie_companies", "Alias": "mc", "Startup Cost": 0.27, "Total Cost": 4.3, "Plan Rows": 2, "Plan Width": 8, "Actual Startup Time": 239.943, "Actual Total Time": 294.096, "Actual Rows": 148552, "Actual Loops": 41840, "Recheck Cond": "(movie_id = mk.movie_id)", "Rows Removed by Index Recheck": 0, "Exact Heap Blocks": 62638, "Lossy Heap Blocks": 62638, "Plans": [{"Node Type": "Bitmap Index Scan", "Parent Relationship": "Outer", "Index Name": "movie_id_movie_companies", "Startup Cost": 0.0, "Total Cost": 0.27, "Plan Rows": 2, "Plan Width": 0, "Actual Startup Time": 149.366, "Actual Total Time": 149.366, "Actual Rows": 148552, "Actual Loops": 41840, "Index Cond": "(movie_id = mk.movie_id)"}]}]}, {"Node Type": "Bitmap Heap Scan", "Parent Relationship": "Inner", "Relation Name": "company_name", "Alias": "cn", "Startup Cost": 0.26, "Total Cost": 4.27, "Plan Rows": 1, "Plan Width": 4, "Actual Startup Time": 691.231, "Actual Total Time": 691.231, "Actual Rows": 5228, "Actual Loops": 148552, "Recheck Cond": "(id = mc.company_id)", "Rows Removed by Index Recheck": 0, "Filter": "((country_code)::text = '[nl]'::text)", "Rows Removed by Filter": 143324, "Exact Heap Blocks": 148552, "Lossy Heap Blocks": 148552, "Plans": [{"Node Type": "Bitmap Index Scan", "Parent Relationship": "Outer", "Index Name": "company_name_pkey", "Startup Cost": 0.0, "Total Cost": 0.26, "Plan Rows": 1, "Plan Width": 0, "Actual Startup Time": 387.407, "Actual Total Time": 387.407, "Actual Rows": 148552, "Actual Loops": 148552, "Index Cond": "(id = mc.company_id)"}]}]}, {"Node Type": "Bitmap Heap Scan", "Parent Relationship": "Inner", "Relation Name": "title", "Alias": "t", "Startup Cost": 0.27, "Total Cost": 4.28, "Plan Rows": 1, "Plan Width": 21, "Actual Startup Time": 27.84, "Actual Total Time": 27.84, "Actual Rows": 5228, "Actual Loops": 5228, "Recheck Cond": "(id = mk.movie_id)", "Rows Removed by Index Recheck": 0, "Exact Heap Blocks": 5228, "Lossy Heap Blocks": 5228, "Plans": [{"Node Type": "Bitmap Index Scan", "Parent Relationship": "Outer", "Index Name": "title_pkey", "Startup Cost": 0.0, "Total Cost": 0.27, "Plan Rows": 1, "Plan Width": 0, "Actual Startup Time": 16.25, "Actual Total Time": 16.25, "Actual Rows": 5228, "Actual Loops": 5228, "Index Cond": "(id = mk.movie_id)"}]}]}]}, "Triggers": [], "Planner Runtime": 9.206, "Total Runtime": 1404.134, "Unique SQL Id": 2804875951}}, "(64, '100')": {"explain_plan": {"Plan": {"Node Type": "Aggregate", "Strategy": "Plain", "Startup Cost": 2600.78, "Total Cost": 2600.79, "Plan Rows": 1, "Plan Width": 49, "Plans": [{"Node Type": "Nested Loop", "Parent Relationship": "Outer", "Join Type": "Inner", "Startup Cost": 4.51, "Total Cost": 2600.77, "Plan Rows": 2, "Plan Width": 17, "Inner Unique": true, "Join Filter": "(mc.movie_id = t.id)", "Plans": [{"Node Type": "Nested Loop", "Parent Relationship": "Outer", "Join Type": "Inner", "Startup Cost": 4.51, "Total Cost": 2600.13, "Plan Rows": 2, "Plan Width": 8, "Inner Unique": true, "Plans": [{"Node Type": "Nested Loop", "Parent Relationship": "Outer", "Join Type": "Inner", "Startup Cost": 4.51, "Total Cost": 2579.99, "Plan Rows": 70, "Plan Width": 12, "Inner Unique": false, "Plans": [{"Node Type": "Nested Loop", "Parent Relationship": "Outer", "Join Type": "Inner", "Startup Cost": 4.51, "Total Cost": 2569.02, "Plan Rows": 33, "Plan Width": 4, "Inner Unique": false, "Plans": [{"Node Type": "Seq Scan", "Parent Relationship": "Outer", "Relation Name": "keyword", "Alias": "k", "Startup Cost": 0.0, "Total Cost": 2436.11, "Plan Rows": 1, "Plan Width": 4, "Filter": "((keyword)::text = 'character-name-in-title'::text)"}, {"Node Type": "Bitmap Heap Scan", "Parent Relationship": "Inner", "Relation Name": "movie_keyword", "Alias": "mk", "Startup Cost": 4.51, "Total Cost": 132.58, "Plan Rows": 33, "Plan Width": 8, "Recheck Cond": "(keyword_id = k.id)", "Plans": [{"Node Type": "Bitmap Index Scan", "Parent Relationship": "Outer", "Index Name": "keyword_id_movie_keyword", "Startup Cost": 0.0, "Total Cost": 4.5, "Plan Rows": 33, "Plan Width": 0, "Index Cond": "(keyword_id = k.id)"}]}]}, {"Node Type": "Index Scan", "Parent Relationship": "Inner", "Scan Direction": "Forward", "Index Name": "movie_id_movie_companies", "Relation Name": "movie_companies", "Alias": "mc", "Startup Cost": 0.0, "Total Cost": 0.31, "Plan Rows": 2, "Plan Width": 8, "Index Cond": "(movie_id = mk.movie_id)"}]}, {"Node Type": "Index Scan", "Parent Relationship": "Inner", "Scan Direction": "Forward", "Index Name": "company_name_pkey", "Relation Name": "company_name", "Alias": "cn", "Startup Cost": 0.0, "Total Cost": 0.28, "Plan Rows": 1, "Plan Width": 4, "Index Cond": "(id = mc.company_id)", "Filter": "((country_code)::text = '[nl]'::text)"}]}, {"Node Type": "Index Scan", "Parent Relationship": "Inner", "Scan Direction": "Forward", "Index Name": "title_pkey", "Relation Name": "title", "Alias": "t", "Startup Cost": 0.0, "Total Cost": 0.31, "Plan Rows": 1, "Plan Width": 21, "Index Cond": "(id = mk.movie_id)"}]}]}, "Unique SQL Id": 2804875951, "Planner Runtime": 3}, "explain_analyze_plan": {"Plan": {"Node Type": "Aggregate", "Strategy": "Plain", "Startup Cost": 2600.78, "Total Cost": 2600.79, "Plan Rows": 1, "Plan Width": 49, "Actual Startup Time": 1011.525, "Actual Total Time": 1011.525, "Actual Rows": 1, "Actual Loops": 1, "Plans": [{"Node Type": "Nested Loop", "Parent Relationship": "Outer", "Join Type": "Inner", "Startup Cost": 4.51, "Total Cost": 2600.77, "Plan Rows": 2, "Plan Width": 17, "Actual Startup Time": 12.528, "Actual Total Time": 1007.96, "Actual Rows": 5228, "Actual Loops": 1, "Inner Unique": true, "Join Filter": "(mc.movie_id = t.id)", "Rows Removed by Join Filter": 0, "Plans": [{"Node Type": "Nested Loop", "Parent Relationship": "Outer", "Join Type": "Inner", "Startup Cost": 4.51, "Total Cost": 2600.13, "Plan Rows": 2, "Plan Width": 8, "Actual Startup Time": 12.513, "Actual Total Time": 980.622, "Actual Rows": 5228, "Actual Loops": 1, "Inner Unique": true, "Plans": [{"Node Type": "Nested Loop", "Parent Relationship": "Outer", "Join Type": "Inner", "Startup Cost": 4.51, "Total Cost": 2579.99, "Plan Rows": 70, "Plan Width": 12, "Actual Startup Time": 9.527, "Actual Total Time": 365.273, "Actual Rows": 148552, "Actual Loops": 1, "Inner Unique": false, "Plans": [{"Node Type": "Nested Loop", "Parent Relationship": "Outer", "Join Type": "Inner", "Startup Cost": 4.51, "Total Cost": 2569.02, "Plan Rows": 33, "Plan Width": 4, "Actual Startup Time": 9.495, "Actual Total Time": 95.383, "Actual Rows": 41840, "Actual Loops": 1, "Inner Unique": false, "Plans": [{"Node Type": "Seq Scan", "Parent Relationship": "Outer", "Relation Name": "keyword", "Alias": "k", "Startup Cost": 0.0, "Total Cost": 2436.11, "Plan Rows": 1, "Plan Width": 4, "Actual Startup Time": 1.783, "Actual Total Time": 40.829, "Actual Rows": 1, "Actual Loops": 1, "Filter": "((keyword)::text = 'character-name-in-title'::text)", "Rows Removed by Filter": 134168}, {"Node Type": "Bitmap Heap Scan", "Parent Relationship": "Inner", "Relation Name": "movie_keyword", "Alias": "mk", "Startup Cost": 4.51, "Total Cost": 132.58, "Plan Rows": 33, "Plan Width": 8, "Actual Startup Time": 7.703, "Actual Total Time": 45.702, "Actual Rows": 41840, "Actual Loops": 1, "Recheck Cond": "(keyword_id = k.id)", "Rows Removed by Index Recheck": 0, "Exact Heap Blocks": 9702, "Lossy Heap Blocks": 9702, "Plans": [{"Node Type": "Bitmap Index Scan", "Parent Relationship": "Outer", "Index Name": "keyword_id_movie_keyword", "Startup Cost": 0.0, "Total Cost": 4.5, "Plan Rows": 33, "Plan Width": 0, "Actual Startup Time": 5.948, "Actual Total Time": 5.948, "Actual Rows": 41840, "Actual Loops": 1, "Index Cond": "(keyword_id = k.id)"}]}]}, {"Node Type": "Index Scan", "Parent Relationship": "Inner", "Scan Direction": "Forward", "Index Name": "movie_id_movie_companies", "Relation Name": "movie_companies", "Alias": "mc", "Startup Cost": 0.0, "Total Cost": 0.31, "Plan Rows": 2, "Plan Width": 8, "Actual Startup Time": 143.277, "Actual Total Time": 214.488, "Actual Rows": 148552, "Actual Loops": 41840, "Index Cond": "(movie_id = mk.movie_id)", "Rows Removed by Index Recheck": 0}]}, {"Node Type": "Index Scan", "Parent Relationship": "Inner", "Scan Direction": "Forward", "Index Name": "company_name_pkey", "Relation Name": "company_name", "Alias": "cn", "Startup Cost": 0.0, "Total Cost": 0.28, "Plan Rows": 1, "Plan Width": 4, "Actual Startup Time": 541.94, "Actual Total Time": 541.94, "Actual Rows": 5228, "Actual Loops": 148552, "Index Cond": "(id = mc.company_id)", "Rows Removed by Index Recheck": 0, "Filter": "((country_code)::text = '[nl]'::text)", "Rows Removed by Filter": 143324}]}, {"Node Type": "Index Scan", "Parent Relationship": "Inner", "Scan Direction": "Forward", "Index Name": "title_pkey", "Relation Name": "title", "Alias": "t", "Startup Cost": 0.0, "Total Cost": 0.31, "Plan Rows": 1, "Plan Width": 21, "Actual Startup Time": 21.446, "Actual Total Time": 21.446, "Actual Rows": 5228, "Actual Loops": 5228, "Index Cond": "(id = mk.movie_id)", "Rows Removed by Index Recheck": 0}]}]}, "Triggers": [], "Planner Runtime": 9.832, "Total Runtime": 1011.849, "Unique SQL Id": 2804875951}}, "(64, '101')": {"explain_plan": {"Plan": {"Node Type": "Aggregate", "Strategy": "Plain", "Startup Cost": 3347.38, "Total Cost": 3347.39, "Plan Rows": 1, "Plan Width": 49, "Plans": [{"Node Type": "Nested Loop", "Parent Relationship": "Outer", "Join Type": "Inner", "Startup Cost": 4.51, "Total Cost": 3347.38, "Plan Rows": 2, "Plan Width": 17, "Inner Unique": true, "Join Filter": "(mc.movie_id = t.id)", "Plans": [{"Node Type": "Nested Loop", "Parent Relationship": "Outer", "Join Type": "Inner", "Startup Cost": 4.51, "Total Cost": 3346.73, "Plan Rows": 2, "Plan Width": 8, "Inner Unique": true, "Plans": [{"Node Type": "Nested Loop", "Parent Relationship": "Outer", "Join Type": "Inner", "Startup Cost": 4.51, "Total Cost": 3326.6, "Plan Rows": 70, "Plan Width": 12, "Inner Unique": false, "Plans": [{"Node Type": "Nested Loop", "Parent Relationship": "Outer", "Join Type": "Inner", "Startup Cost": 4.51, "Total Cost": 3315.63, "Plan Rows": 33, "Plan Width": 4, "Inner Unique": false, "Plans": [{"Node Type": "Index Scan", "Parent Relationship": "Outer", "Scan Direction": "Forward", "Index Name": "keyword_pkey", "Relation Name": "keyword", "Alias": "k", "Startup Cost": 0.0, "Total Cost": 3182.72, "Plan Rows": 1, "Plan Width": 4, "Filter": "((keyword)::text = 'character-name-in-title'::text)"}, {"Node Type": "Bitmap Heap Scan", "Parent Relationship": "Inner", "Relation Name": "movie_keyword", "Alias": "mk", "Startup Cost": 4.51, "Total Cost": 132.58, "Plan Rows": 33, "Plan Width": 8, "Recheck Cond": "(keyword_id = k.id)", "Plans": [{"Node Type": "Bitmap Index Scan", "Parent Relationship": "Outer", "Index Name": "keyword_id_movie_keyword", "Startup Cost": 0.0, "Total Cost": 4.5, "Plan Rows": 33, "Plan Width": 0, "Index Cond": "(keyword_id = k.id)"}]}]}, {"Node Type": "Index Scan", "Parent Relationship": "Inner", "Scan Direction": "Forward", "Index Name": "movie_id_movie_companies", "Relation Name": "movie_companies", "Alias": "mc", "Startup Cost": 0.0, "Total Cost": 0.31, "Plan Rows": 2, "Plan Width": 8, "Index Cond": "(movie_id = mk.movie_id)"}]}, {"Node Type": "Index Scan", "Parent Relationship": "Inner", "Scan Direction": "Forward", "Index Name": "company_name_pkey", "Relation Name": "company_name", "Alias": "cn", "Startup Cost": 0.0, "Total Cost": 0.28, "Plan Rows": 1, "Plan Width": 4, "Index Cond": "(id = mc.company_id)", "Filter": "((country_code)::text = '[nl]'::text)"}]}, {"Node Type": "Index Scan", "Parent Relationship": "Inner", "Scan Direction": "Forward", "Index Name": "title_pkey", "Relation Name": "title", "Alias": "t", "Startup Cost": 0.0, "Total Cost": 0.31, "Plan Rows": 1, "Plan Width": 21, "Index Cond": "(id = mk.movie_id)"}]}]}, "Unique SQL Id": 2804875951, "Planner Runtime": 4}, "explain_analyze_plan": {"Plan": {"Node Type": "Aggregate", "Strategy": "Plain", "Startup Cost": 3347.38, "Total Cost": 3347.39, "Plan Rows": 1, "Plan Width": 49, "Actual Startup Time": 1116.379, "Actual Total Time": 1116.38, "Actual Rows": 1, "Actual Loops": 1, "Plans": [{"Node Type": "Nested Loop", "Parent Relationship": "Outer", "Join Type": "Inner", "Startup Cost": 4.51, "Total Cost": 3347.38, "Plan Rows": 2, "Plan Width": 17, "Actual Startup Time": 11.025, "Actual Total Time": 1112.884, "Actual Rows": 5228, "Actual Loops": 1, "Inner Unique": true, "Join Filter": "(mc.movie_id = t.id)", "Rows Removed by Join Filter": 0, "Plans": [{"Node Type": "Nested Loop", "Parent Relationship": "Outer", "Join Type": "Inner", "Startup Cost": 4.51, "Total Cost": 3346.73, "Plan Rows": 2, "Plan Width": 8, "Actual Startup Time": 11.01, "Actual Total Time": 1085.185, "Actual Rows": 5228, "Actual Loops": 1, "Inner Unique": true, "Plans": [{"Node Type": "Nested Loop", "Parent Relationship": "Outer", "Join Type": "Inner", "Startup Cost": 4.51, "Total Cost": 3326.6, "Plan Rows": 70, "Plan Width": 12, "Actual Startup Time": 8.008, "Actual Total Time": 447.869, "Actual Rows": 148552, "Actual Loops": 1, "Inner Unique": false, "Plans": [{"Node Type": "Nested Loop", "Parent Relationship": "Outer", "Join Type": "Inner", "Startup Cost": 4.51, "Total Cost": 3315.63, "Plan Rows": 33, "Plan Width": 4, "Actual Startup Time": 7.977, "Actual Total Time": 171.703, "Actual Rows": 41840, "Actual Loops": 1, "Inner Unique": false, "Plans": [{"Node Type": "Index Scan", "Parent Relationship": "Outer", "Scan Direction": "Forward", "Index Name": "keyword_pkey", "Relation Name": "keyword", "Alias": "k", "Startup Cost": 0.0, "Total Cost": 3182.72, "Plan Rows": 1, "Plan Width": 4, "Actual Startup Time": 0.191, "Actual Total Time": 115.745, "Actual Rows": 1, "Actual Loops": 1, "Filter": "((keyword)::text = 'character-name-in-title'::text)", "Rows Removed by Filter": 134168}, {"Node Type": "Bitmap Heap Scan", "Parent Relationship": "Inner", "Relation Name": "movie_keyword", "Alias": "mk", "Startup Cost": 4.51, "Total Cost": 132.58, "Plan Rows": 33, "Plan Width": 8, "Actual Startup Time": 7.779, "Actual Total Time": 46.991, "Actual Rows": 41840, "Actual Loops": 1, "Recheck Cond": "(keyword_id = k.id)", "Rows Removed by Index Recheck": 0, "Exact Heap Blocks": 9702, "Lossy Heap Blocks": 9702, "Plans": [{"Node Type": "Bitmap Index Scan", "Parent Relationship": "Outer", "Index Name": "keyword_id_movie_keyword", "Startup Cost": 0.0, "Total Cost": 4.5, "Plan Rows": 33, "Plan Width": 0, "Actual Startup Time": 6.034, "Actual Total Time": 6.034, "Actual Rows": 41840, "Actual Loops": 1, "Index Cond": "(keyword_id = k.id)"}]}]}, {"Node Type": "Index Scan", "Parent Relationship": "Inner", "Scan Direction": "Forward", "Index Name": "movie_id_movie_companies", "Relation Name": "movie_companies", "Alias": "mc", "Startup Cost": 0.0, "Total Cost": 0.31, "Plan Rows": 2, "Plan Width": 8, "Actual Startup Time": 147.833, "Actual Total Time": 220.177, "Actual Rows": 148552, "Actual Loops": 41840, "Index Cond": "(movie_id = mk.movie_id)", "Rows Removed by Index Recheck": 0}]}, {"Node Type": "Index Scan", "Parent Relationship": "Inner", "Scan Direction": "Forward", "Index Name": "company_name_pkey", "Relation Name": "company_name", "Alias": "cn", "Startup Cost": 0.0, "Total Cost": 0.28, "Plan Rows": 1, "Plan Width": 4, "Actual Startup Time": 563.904, "Actual Total Time": 563.904, "Actual Rows": 5228, "Actual Loops": 148552, "Index Cond": "(id = mc.company_id)", "Rows Removed by Index Recheck": 0, "Filter": "((country_code)::text = '[nl]'::text)", "Rows Removed by Filter": 143324}]}, {"Node Type": "Index Scan", "Parent Relationship": "Inner", "Scan Direction": "Forward", "Index Name": "title_pkey", "Relation Name": "title", "Alias": "t", "Startup Cost": 0.0, "Total Cost": 0.31, "Plan Rows": 1, "Plan Width": 21, "Actual Startup Time": 22.044, "Actual Total Time": 22.044, "Actual Rows": 5228, "Actual Loops": 5228, "Index Cond": "(id = mk.movie_id)", "Rows Removed by Index Recheck": 0}]}]}, "Triggers": [], "Planner Runtime": 9.698, "Total Runtime": 1116.687, "Unique SQL Id": 2804875951}}, "(64, '102')": {"explain_plan": {"Plan": {"Node Type": "Aggregate", "Strategy": "Plain", "Startup Cost": 3019.97, "Total Cost": 3019.98, "Plan Rows": 1, "Plan Width": 49, "Plans": [{"Node Type": "Nested Loop", "Parent Relationship": "Outer", "Join Type": "Inner", "Startup Cost": 5.3, "Total Cost": 3019.97, "Plan Rows": 2, "Plan Width": 17, "Inner Unique": true, "Join Filter": "(mc.movie_id = t.id)", "Plans": [{"Node Type": "Nested Loop", "Parent Relationship": "Outer", "Join Type": "Inner", "Startup Cost": 5.04, "Total Cost": 3011.39, "Plan Rows": 2, "Plan Width": 8, "Inner Unique": true, "Plans": [{"Node Type": "Nested Loop", "Parent Relationship": "Outer", "Join Type": "Inner", "Startup Cost": 4.78, "Total Cost": 2711.55, "Plan Rows": 70, "Plan Width": 12, "Inner Unique": false, "Plans": [{"Node Type": "Nested Loop", "Parent Relationship": "Outer", "Join Type": "Inner", "Startup Cost": 4.51, "Total Cost": 2569.02, "Plan Rows": 33, "Plan Width": 4, "Inner Unique": false, "Plans": [{"Node Type": "Seq Scan", "Parent Relationship": "Outer", "Relation Name": "keyword", "Alias": "k", "Startup Cost": 0.0, "Total Cost": 2436.11, "Plan Rows": 1, "Plan Width": 4, "Filter": "((keyword)::text = 'character-name-in-title'::text)"}, {"Node Type": "Bitmap Heap Scan", "Parent Relationship": "Inner", "Relation Name": "movie_keyword", "Alias": "mk", "Startup Cost": 4.51, "Total Cost": 132.58, "Plan Rows": 33, "Plan Width": 8, "Recheck Cond": "(keyword_id = k.id)", "Plans": [{"Node Type": "Bitmap Index Scan", "Parent Relationship": "Outer", "Index Name": "keyword_id_movie_keyword", "Startup Cost": 0.0, "Total Cost": 4.5, "Plan Rows": 33, "Plan Width": 0, "Index Cond": "(keyword_id = k.id)"}]}]}, {"Node Type": "Bitmap Heap Scan", "Parent Relationship": "Inner", "Relation Name": "movie_companies", "Alias": "mc", "Startup Cost": 0.27, "Total Cost": 4.3, "Plan Rows": 2, "Plan Width": 8, "Recheck Cond": "(movie_id = mk.movie_id)", "Plans": [{"Node Type": "Bitmap Index Scan", "Parent Relationship": "Outer", "Index Name": "movie_id_movie_companies", "Startup Cost": 0.0, "Total Cost": 0.27, "Plan Rows": 2, "Plan Width": 0, "Index Cond": "(movie_id = mk.movie_id)"}]}]}, {"Node Type": "Bitmap Heap Scan", "Parent Relationship": "Inner", "Relation Name": "company_name", "Alias": "cn", "Startup Cost": 0.26, "Total Cost": 4.27, "Plan Rows": 1, "Plan Width": 4, "Recheck Cond": "(id = mc.company_id)", "Filter": "((country_code)::text = '[nl]'::text)", "Plans": [{"Node Type": "Bitmap Index Scan", "Parent Relationship": "Outer", "Index Name": "company_name_pkey", "Startup Cost": 0.0, "Total Cost": 0.26, "Plan Rows": 1, "Plan Width": 0, "Index Cond": "(id = mc.company_id)"}]}]}, {"Node Type": "Bitmap Heap Scan", "Parent Relationship": "Inner", "Relation Name": "title", "Alias": "t", "Startup Cost": 0.27, "Total Cost": 4.28, "Plan Rows": 1, "Plan Width": 21, "Recheck Cond": "(id = mk.movie_id)", "Plans": [{"Node Type": "Bitmap Index Scan", "Parent Relationship": "Outer", "Index Name": "title_pkey", "Startup Cost": 0.0, "Total Cost": 0.27, "Plan Rows": 1, "Plan Width": 0, "Index Cond": "(id = mk.movie_id)"}]}]}]}, "Unique SQL Id": 2804875951, "Planner Runtime": 5}, "explain_analyze_plan": {"Plan": {"Node Type": "Aggregate", "Strategy": "Plain", "Startup Cost": 3019.97, "Total Cost": 3019.98, "Plan Rows": 1, "Plan Width": 49, "Actual Startup Time": 1379.762, "Actual Total Time": 1379.762, "Actual Rows": 1, "Actual Loops": 1, "Plans": [{"Node Type": "Nested Loop", "Parent Relationship": "Outer", "Join Type": "Inner", "Startup Cost": 5.3, "Total Cost": 3019.97, "Plan Rows": 2, "Plan Width": 17, "Actual Startup Time": 13.852, "Actual Total Time": 1374.961, "Actual Rows": 5228, "Actual Loops": 1, "Inner Unique": true, "Join Filter": "(mc.movie_id = t.id)", "Rows Removed by Join Filter": 0, "Plans": [{"Node Type": "Nested Loop", "Parent Relationship": "Outer", "Join Type": "Inner", "Startup Cost": 5.04, "Total Cost": 3011.39, "Plan Rows": 2, "Plan Width": 8, "Actual Startup Time": 13.83, "Actual Total Time": 1338.406, "Actual Rows": 5228, "Actual Loops": 1, "Inner Unique": true, "Plans": [{"Node Type": "Nested Loop", "Parent Relationship": "Outer", "Join Type": "Inner", "Startup Cost": 4.78, "Total Cost": 2711.55, "Plan Rows": 70, "Plan Width": 12, "Actual Startup Time": 9.636, "Actual Total Time": 474.478, "Actual Rows": 148552, "Actual Loops": 1, "Inner Unique": false, "Plans": [{"Node Type": "Nested Loop", "Parent Relationship": "Outer", "Join Type": "Inner", "Startup Cost": 4.51, "Total Cost": 2569.02, "Plan Rows": 33, "Plan Width": 4, "Actual Startup Time": 9.588, "Actual Total Time": 94.897, "Actual Rows": 41840, "Actual Loops": 1, "Inner Unique": false, "Plans": [{"Node Type": "Seq Scan", "Parent Relationship": "Outer", "Relation Name": "keyword", "Alias": "k", "Startup Cost": 0.0, "Total Cost": 2436.11, "Plan Rows": 1, "Plan Width": 4, "Actual Startup Time": 1.796, "Actual Total Time": 40.826, "Actual Rows": 1, "Actual Loops": 1, "Filter": "((keyword)::text = 'character-name-in-title'::text)", "Rows Removed by Filter": 134168}, {"Node Type": "Bitmap Heap Scan", "Parent Relationship": "Inner", "Relation Name": "movie_keyword", "Alias": "mk", "Startup Cost": 4.51, "Total Cost": 132.58, "Plan Rows": 33, "Plan Width": 8, "Actual Startup Time": 7.784, "Actual Total Time": 44.618, "Actual Rows": 41840, "Actual Loops": 1, "Recheck Cond": "(keyword_id = k.id)", "Rows Removed by Index Recheck": 0, "Exact Heap Blocks": 9702, "Lossy Heap Blocks": 9702, "Plans": [{"Node Type": "Bitmap Index Scan", "Parent Relationship": "Outer", "Index Name": "keyword_id_movie_keyword", "Startup Cost": 0.0, "Total Cost": 4.5, "Plan Rows": 33, "Plan Width": 0, "Actual Startup Time": 6.024, "Actual Total Time": 6.024, "Actual Rows": 41840, "Actual Loops": 1, "Index Cond": "(keyword_id = k.id)"}]}]}, {"Node Type": "Bitmap Heap Scan", "Parent Relationship": "Inner", "Relation Name": "movie_companies", "Alias": "mc", "Startup Cost": 0.27, "Total Cost": 4.3, "Plan Rows": 2, "Plan Width": 8, "Actual Startup Time": 239.829, "Actual Total Time": 294.063, "Actual Rows": 148552, "Actual Loops": 41840, "Recheck Cond": "(movie_id = mk.movie_id)", "Rows Removed by Index Recheck": 0, "Exact Heap Blocks": 62638, "Lossy Heap Blocks": 62638, "Plans": [{"Node Type": "Bitmap Index Scan", "Parent Relationship": "Outer", "Index Name": "movie_id_movie_companies", "Startup Cost": 0.0, "Total Cost": 0.27, "Plan Rows": 2, "Plan Width": 0, "Actual Startup Time": 149.912, "Actual Total Time": 149.912, "Actual Rows": 148552, "Actual Loops": 41840, "Index Cond": "(movie_id = mk.movie_id)"}]}]}, {"Node Type": "Bitmap Heap Scan", "Parent Relationship": "Inner", "Relation Name": "company_name", "Alias": "cn", "Startup Cost": 0.26, "Total Cost": 4.27, "Plan Rows": 1, "Plan Width": 4, "Actual Startup Time": 695.194, "Actual Total Time": 695.194, "Actual Rows": 5228, "Actual Loops": 148552, "Recheck Cond": "(id = mc.company_id)", "Rows Removed by Index Recheck": 0, "Filter": "((country_code)::text = '[nl]'::text)", "Rows Removed by Filter": 143324, "Exact Heap Blocks": 148552, "Lossy Heap Blocks": 148552, "Plans": [{"Node Type": "Bitmap Index Scan", "Parent Relationship": "Outer", "Index Name": "company_name_pkey", "Startup Cost": 0.0, "Total Cost": 0.26, "Plan Rows": 1, "Plan Width": 0, "Actual Startup Time": 387.396, "Actual Total Time": 387.396, "Actual Rows": 148552, "Actual Loops": 148552, "Index Cond": "(id = mc.company_id)"}]}]}, {"Node Type": "Bitmap Heap Scan", "Parent Relationship": "Inner", "Relation Name": "title", "Alias": "t", "Startup Cost": 0.27, "Total Cost": 4.28, "Plan Rows": 1, "Plan Width": 21, "Actual Startup Time": 27.627, "Actual Total Time": 27.627, "Actual Rows": 5228, "Actual Loops": 5228, "Recheck Cond": "(id = mk.movie_id)", "Rows Removed by Index Recheck": 0, "Exact Heap Blocks": 5228, "Lossy Heap Blocks": 5228, "Plans": [{"Node Type": "Bitmap Index Scan", "Parent Relationship": "Outer", "Index Name": "title_pkey", "Startup Cost": 0.0, "Total Cost": 0.27, "Plan Rows": 1, "Plan Width": 0, "Actual Startup Time": 16.124, "Actual Total Time": 16.124, "Actual Rows": 5228, "Actual Loops": 5228, "Index Cond": "(id = mk.movie_id)"}]}]}]}, "Triggers": [], "Planner Runtime": 9.995, "Total Runtime": 1380.114, "Unique SQL Id": 2804875951}}, "(64, '103')": {"explain_plan": {"Plan": {"Node Type": "Aggregate", "Strategy": "Plain", "Startup Cost": 3739.07, "Total Cost": 3739.08, "Plan Rows": 1, "Plan Width": 49, "Plans": [{"Node Type": "Nested Loop", "Parent Relationship": "Outer", "Join Type": "Inner", "Startup Cost": 724.4, "Total Cost": 3739.06, "Plan Rows": 2, "Plan Width": 17, "Inner Unique": true, "Join Filter": "(mc.movie_id = t.id)", "Plans": [{"Node Type": "Nested Loop", "Parent Relationship": "Outer", "Join Type": "Inner", "Startup Cost": 724.13, "Total Cost": 3730.48, "Plan Rows": 2, "Plan Width": 8, "Inner Unique": true, "Plans": [{"Node Type": "Nested Loop", "Parent Relationship": "Outer", "Join Type": "Inner", "Startup Cost": 723.87, "Total Cost": 3430.65, "Plan Rows": 70, "Plan Width": 12, "Inner Unique": false, "Plans": [{"Node Type": "Nested Loop", "Parent Relationship": "Outer", "Join Type": "Inner", "Startup Cost": 723.6, "Total Cost": 3288.12, "Plan Rows": 33, "Plan Width": 4, "Inner Unique": false, "Plans": [{"Node Type": "Bitmap Heap Scan", "Parent Relationship": "Outer", "Relation Name": "keyword", "Alias": "k", "Startup Cost": 719.1, "Total Cost": 3155.21, "Plan Rows": 1, "Plan Width": 4, "Filter": "((keyword)::text = 'character-name-in-title'::text)", "Plans": [{"Node Type": "Bitmap Index Scan", "Parent Relationship": "Outer", "Index Name": "keyword_pkey", "Startup Cost": 0.0, "Total Cost": 719.1, "Plan Rows": 134169, "Plan Width": 0}]}, {"Node Type": "Bitmap Heap Scan", "Parent Relationship": "Inner", "Relation Name": "movie_keyword", "Alias": "mk", "Startup Cost": 4.51, "Total Cost": 132.58, "Plan Rows": 33, "Plan Width": 8, "Recheck Cond": "(keyword_id = k.id)", "Plans": [{"Node Type": "Bitmap Index Scan", "Parent Relationship": "Outer", "Index Name": "keyword_id_movie_keyword", "Startup Cost": 0.0, "Total Cost": 4.5, "Plan Rows": 33, "Plan Width": 0, "Index Cond": "(keyword_id = k.id)"}]}]}, {"Node Type": "Bitmap Heap Scan", "Parent Relationship": "Inner", "Relation Name": "movie_companies", "Alias": "mc", "Startup Cost": 0.27, "Total Cost": 4.3, "Plan Rows": 2, "Plan Width": 8, "Recheck Cond": "(movie_id = mk.movie_id)", "Plans": [{"Node Type": "Bitmap Index Scan", "Parent Relationship": "Outer", "Index Name": "movie_id_movie_companies", "Startup Cost": 0.0, "Total Cost": 0.27, "Plan Rows": 2, "Plan Width": 0, "Index Cond": "(movie_id = mk.movie_id)"}]}]}, {"Node Type": "Bitmap Heap Scan", "Parent Relationship": "Inner", "Relation Name": "company_name", "Alias": "cn", "Startup Cost": 0.26, "Total Cost": 4.27, "Plan Rows": 1, "Plan Width": 4, "Recheck Cond": "(id = mc.company_id)", "Filter": "((country_code)::text = '[nl]'::text)", "Plans": [{"Node Type": "Bitmap Index Scan", "Parent Relationship": "Outer", "Index Name": "company_name_pkey", "Startup Cost": 0.0, "Total Cost": 0.26, "Plan Rows": 1, "Plan Width": 0, "Index Cond": "(id = mc.company_id)"}]}]}, {"Node Type": "Bitmap Heap Scan", "Parent Relationship": "Inner", "Relation Name": "title", "Alias": "t", "Startup Cost": 0.27, "Total Cost": 4.28, "Plan Rows": 1, "Plan Width": 21, "Recheck Cond": "(id = mk.movie_id)", "Plans": [{"Node Type": "Bitmap Index Scan", "Parent Relationship": "Outer", "Index Name": "title_pkey", "Startup Cost": 0.0, "Total Cost": 0.27, "Plan Rows": 1, "Plan Width": 0, "Index Cond": "(id = mk.movie_id)"}]}]}]}, "Unique SQL Id": 2804875951, "Planner Runtime": 4}, "explain_analyze_plan": {"Plan": {"Node Type": "Aggregate", "Strategy": "Plain", "Startup Cost": 3739.07, "Total Cost": 3739.08, "Plan Rows": 1, "Plan Width": 49, "Actual Startup Time": 1403.708, "Actual Total Time": 1403.709, "Actual Rows": 1, "Actual Loops": 1, "Plans": [{"Node Type": "Nested Loop", "Parent Relationship": "Outer", "Join Type": "Inner", "Startup Cost": 724.4, "Total Cost": 3739.06, "Plan Rows": 2, "Plan Width": 17, "Actual Startup Time": 25.933, "Actual Total Time": 1398.814, "Actual Rows": 5228, "Actual Loops": 1, "Inner Unique": true, "Join Filter": "(mc.movie_id = t.id)", "Rows Removed by Join Filter": 0, "Plans": [{"Node Type": "Nested Loop", "Parent Relationship": "Outer", "Join Type": "Inner", "Startup Cost": 724.13, "Total Cost": 3730.48, "Plan Rows": 2, "Plan Width": 8, "Actual Startup Time": 25.914, "Actual Total Time": 1361.007, "Actual Rows": 5228, "Actual Loops": 1, "Inner Unique": true, "Plans": [{"Node Type": "Nested Loop", "Parent Relationship": "Outer", "Join Type": "Inner", "Startup Cost": 723.87, "Total Cost": 3430.65, "Plan Rows": 70, "Plan Width": 12, "Actual Startup Time": 21.809, "Actual Total Time": 500.96, "Actual Rows": 148552, "Actual Loops": 1, "Inner Unique": false, "Plans": [{"Node Type": "Nested Loop", "Parent Relationship": "Outer", "Join Type": "Inner", "Startup Cost": 723.6, "Total Cost": 3288.12, "Plan Rows": 33, "Plan Width": 4, "Actual Startup Time": 21.768, "Actual Total Time": 121.31, "Actual Rows": 41840, "Actual Loops": 1, "Inner Unique": false, "Plans": [{"Node Type": "Bitmap Heap Scan", "Parent Relationship": "Outer", "Relation Name": "keyword", "Alias": "k", "Startup Cost": 719.1, "Total Cost": 3155.21, "Plan Rows": 1, "Plan Width": 4, "Actual Startup Time": 14.099, "Actual Total Time": 67.292, "Actual Rows": 1, "Actual Loops": 1, "Filter": "((keyword)::text = 'character-name-in-title'::text)", "Rows Removed by Filter": 134168, "Exact Heap Blocks": 759, "Lossy Heap Blocks": 759, "Plans": [{"Node Type": "Bitmap Index Scan", "Parent Relationship": "Outer", "Index Name": "keyword_pkey", "Startup Cost": 0.0, "Total Cost": 719.1, "Plan Rows": 134169, "Plan Width": 0, "Actual Startup Time": 11.779, "Actual Total Time": 11.779, "Actual Rows": 134169, "Actual Loops": 1}]}, {"Node Type": "Bitmap Heap Scan", "Parent Relationship": "Inner", "Relation Name": "movie_keyword", "Alias": "mk", "Startup Cost": 4.51, "Total Cost": 132.58, "Plan Rows": 33, "Plan Width": 8, "Actual Startup Time": 7.658, "Actual Total Time": 44.762, "Actual Rows": 41840, "Actual Loops": 1, "Recheck Cond": "(keyword_id = k.id)", "Rows Removed by Index Recheck": 0, "Exact Heap Blocks": 9702, "Lossy Heap Blocks": 9702, "Plans": [{"Node Type": "Bitmap Index Scan", "Parent Relationship": "Outer", "Index Name": "keyword_id_movie_keyword", "Startup Cost": 0.0, "Total Cost": 4.5, "Plan Rows": 33, "Plan Width": 0, "Actual Startup Time": 5.929, "Actual Total Time": 5.929, "Actual Rows": 41840, "Actual Loops": 1, "Index Cond": "(keyword_id = k.id)"}]}]}, {"Node Type": "Bitmap Heap Scan", "Parent Relationship": "Inner", "Relation Name": "movie_companies", "Alias": "mc", "Startup Cost": 0.27, "Total Cost": 4.3, "Plan Rows": 2, "Plan Width": 8, "Actual Startup Time": 239.943, "Actual Total Time": 294.096, "Actual Rows": 148552, "Actual Loops": 41840, "Recheck Cond": "(movie_id = mk.movie_id)", "Rows Removed by Index Recheck": 0, "Exact Heap Blocks": 62638, "Lossy Heap Blocks": 62638, "Plans": [{"Node Type": "Bitmap Index Scan", "Parent Relationship": "Outer", "Index Name": "movie_id_movie_companies", "Startup Cost": 0.0, "Total Cost": 0.27, "Plan Rows": 2, "Plan Width": 0, "Actual Startup Time": 149.366, "Actual Total Time": 149.366, "Actual Rows": 148552, "Actual Loops": 41840, "Index Cond": "(movie_id = mk.movie_id)"}]}]}, {"Node Type": "Bitmap Heap Scan", "Parent Relationship": "Inner", "Relation Name": "company_name", "Alias": "cn", "Startup Cost": 0.26, "Total Cost": 4.27, "Plan Rows": 1, "Plan Width": 4, "Actual Startup Time": 691.231, "Actual Total Time": 691.231, "Actual Rows": 5228, "Actual Loops": 148552, "Recheck Cond": "(id = mc.company_id)", "Rows Removed by Index Recheck": 0, "Filter": "((country_code)::text = '[nl]'::text)", "Rows Removed by Filter": 143324, "Exact Heap Blocks": 148552, "Lossy Heap Blocks": 148552, "Plans": [{"Node Type": "Bitmap Index Scan", "Parent Relationship": "Outer", "Index Name": "company_name_pkey", "Startup Cost": 0.0, "Total Cost": 0.26, "Plan Rows": 1, "Plan Width": 0, "Actual Startup Time": 387.407, "Actual Total Time": 387.407, "Actual Rows": 148552, "Actual Loops": 148552, "Index Cond": "(id = mc.company_id)"}]}]}, {"Node Type": "Bitmap Heap Scan", "Parent Relationship": "Inner", "Relation Name": "title", "Alias": "t", "Startup Cost": 0.27, "Total Cost": 4.28, "Plan Rows": 1, "Plan Width": 21, "Actual Startup Time": 27.84, "Actual Total Time": 27.84, "Actual Rows": 5228, "Actual Loops": 5228, "Recheck Cond": "(id = mk.movie_id)", "Rows Removed by Index Recheck": 0, "Exact Heap Blocks": 5228, "Lossy Heap Blocks": 5228, "Plans": [{"Node Type": "Bitmap Index Scan", "Parent Relationship": "Outer", "Index Name": "title_pkey", "Startup Cost": 0.0, "Total Cost": 0.27, "Plan Rows": 1, "Plan Width": 0, "Actual Startup Time": 16.25, "Actual Total Time": 16.25, "Actual Rows": 5228, "Actual Loops": 5228, "Index Cond": "(id = mk.movie_id)"}]}]}]}, "Triggers": [], "Planner Runtime": 9.206, "Total Runtime": 1404.134, "Unique SQL Id": 2804875951}}, "(64, '104')": {"explain_plan": {"Plan": {"Node Type": "Aggregate", "Strategy": "Plain", "Startup Cost": 2605.07, "Total Cost": 2605.08, "Plan Rows": 1, "Plan Width": 49, "Plans": [{"Node Type": "Nested Loop", "Parent Relationship": "Outer", "Join Type": "Inner", "Startup Cost": 0.0, "Total Cost": 2605.07, "Plan Rows": 2, "Plan Width": 17, "Inner Unique": true, "Join Filter": "(mc.movie_id = t.id)", "Plans": [{"Node Type": "Nested Loop", "Parent Relationship": "Outer", "Join Type": "Inner", "Startup Cost": 0.0, "Total Cost": 2604.42, "Plan Rows": 2, "Plan Width": 8, "Inner Unique": true, "Plans": [{"Node Type": "Nested Loop", "Parent Relationship": "Outer", "Join Type": "Inner", "Startup Cost": 0.0, "Total Cost": 2584.29, "Plan Rows": 70, "Plan Width": 12, "Inner Unique": false, "Plans": [{"Node Type": "Nested Loop", "Parent Relationship": "Outer", "Join Type": "Inner", "Startup Cost": 0.0, "Total Cost": 2573.32, "Plan Rows": 33, "Plan Width": 4, "Inner Unique": false, "Plans": [{"Node Type": "Seq Scan", "Parent Relationship": "Outer", "Relation Name": "keyword", "Alias": "k", "Startup Cost": 0.0, "Total Cost": 2436.11, "Plan Rows": 1, "Plan Width": 4, "Filter": "((keyword)::text = 'character-name-in-title'::text)"}, {"Node Type": "Index Scan", "Parent Relationship": "Inner", "Scan Direction": "Forward", "Index Name": "keyword_id_movie_keyword", "Relation Name": "movie_keyword", "Alias": "mk", "Startup Cost": 0.0, "Total Cost": 136.88, "Plan Rows": 33, "Plan Width": 8, "Index Cond": "(keyword_id = k.id)"}]}, {"Node Type": "Index Scan", "Parent Relationship": "Inner", "Scan Direction": "Forward", "Index Name": "movie_id_movie_companies", "Relation Name": "movie_companies", "Alias": "mc", "Startup Cost": 0.0, "Total Cost": 0.31, "Plan Rows": 2, "Plan Width": 8, "Index Cond": "(movie_id = mk.movie_id)"}]}, {"Node Type": "Index Scan", "Parent Relationship": "Inner", "Scan Direction": "Forward", "Index Name": "company_name_pkey", "Relation Name": "company_name", "Alias": "cn", "Startup Cost": 0.0, "Total Cost": 0.28, "Plan Rows": 1, "Plan Width": 4, "Index Cond": "(id = mc.company_id)", "Filter": "((country_code)::text = '[nl]'::text)"}]}, {"Node Type": "Index Scan", "Parent Relationship": "Inner", "Scan Direction": "Forward", "Index Name": "title_pkey", "Relation Name": "title", "Alias": "t", "Startup Cost": 0.0, "Total Cost": 0.31, "Plan Rows": 1, "Plan Width": 21, "Index Cond": "(id = mk.movie_id)"}]}]}, "Unique SQL Id": 2804875951, "Planner Runtime": 3}, "explain_analyze_plan": {"Plan": {"Node Type": "Aggregate", "Strategy": "Plain", "Startup Cost": 2605.07, "Total Cost": 2605.08, "Plan Rows": 1, "Plan Width": 49, "Actual Startup Time": 1012.388, "Actual Total Time": 1012.388, "Actual Rows": 1, "Actual Loops": 1, "Plans": [{"Node Type": "Nested Loop", "Parent Relationship": "Outer", "Join Type": "Inner", "Startup Cost": 0.0, "Total Cost": 2605.07, "Plan Rows": 2, "Plan Width": 17, "Actual Startup Time": 5.012, "Actual Total Time": 1009.079, "Actual Rows": 5228, "Actual Loops": 1, "Inner Unique": true, "Join Filter": "(mc.movie_id = t.id)", "Rows Removed by Join Filter": 0, "Plans": [{"Node Type": "Nested Loop", "Parent Relationship": "Outer", "Join Type": "Inner", "Startup Cost": 0.0, "Total Cost": 2604.42, "Plan Rows": 2, "Plan Width": 8, "Actual Startup Time": 4.995, "Actual Total Time": 981.958, "Actual Rows": 5228, "Actual Loops": 1, "Inner Unique": true, "Plans": [{"Node Type": "Nested Loop", "Parent Relationship": "Outer", "Join Type": "Inner", "Startup Cost": 0.0, "Total Cost": 2584.29, "Plan Rows": 70, "Plan Width": 12, "Actual Startup Time": 1.847, "Actual Total Time": 360.079, "Actual Rows": 148552, "Actual Loops": 1, "Inner Unique": false, "Plans": [{"Node Type": "Nested Loop", "Parent Relationship": "Outer", "Join Type": "Inner", "Startup Cost": 0.0, "Total Cost": 2573.32, "Plan Rows": 33, "Plan Width": 4, "Actual Startup Time": 1.828, "Actual Total Time": 88.983, "Actual Rows": 41840, "Actual Loops": 1, "Inner Unique": false, "Plans": [{"Node Type": "Seq Scan", "Parent Relationship": "Outer", "Relation Name": "keyword", "Alias": "k", "Startup Cost": 0.0, "Total Cost": 2436.11, "Plan Rows": 1, "Plan Width": 4, "Actual Startup Time": 1.8, "Actual Total Time": 41.022, "Actual Rows": 1, "Actual Loops": 1, "Filter": "((keyword)::text = 'character-name-in-title'::text)", "Rows Removed by Filter": 134168}, {"Node Type": "Index Scan", "Parent Relationship": "Inner", "Scan Direction": "Forward", "Index Name": "keyword_id_movie_keyword", "Relation Name": "movie_keyword", "Alias": "mk", "Startup Cost": 0.0, "Total Cost": 136.88, "Plan Rows": 33, "Plan Width": 8, "Actual Startup Time": 0.023, "Actual Total Time": 38.639, "Actual Rows": 41840, "Actual Loops": 1, "Index Cond": "(keyword_id = k.id)", "Rows Removed by Index Recheck": 0}]}, {"Node Type": "Index Scan", "Parent Relationship": "Inner", "Scan Direction": "Forward", "Index Name": "movie_id_movie_companies", "Relation Name": "movie_companies", "Alias": "mc", "Startup Cost": 0.0, "Total Cost": 0.31, "Plan Rows": 2, "Plan Width": 8, "Actual Startup Time": 143.596, "Actual Total Time": 214.856, "Actual Rows": 148552, "Actual Loops": 41840, "Index Cond": "(movie_id = mk.movie_id)", "Rows Removed by Index Recheck": 0}]}, {"Node Type": "Index Scan", "Parent Relationship": "Inner", "Scan Direction": "Forward", "Index Name": "company_name_pkey", "Relation Name": "company_name", "Alias": "cn", "Startup Cost": 0.0, "Total Cost": 0.28, "Plan Rows": 1, "Plan Width": 4, "Actual Startup Time": 549.432, "Actual Total Time": 549.432, "Actual Rows": 5228, "Actual Loops": 148552, "Index Cond": "(id = mc.company_id)", "Rows Removed by Index Recheck": 0, "Filter": "((country_code)::text = '[nl]'::text)", "Rows Removed by Filter": 143324}]}, {"Node Type": "Index Scan", "Parent Relationship": "Inner", "Scan Direction": "Forward", "Index Name": "title_pkey", "Relation Name": "title", "Alias": "t", "Startup Cost": 0.0, "Total Cost": 0.31, "Plan Rows": 1, "Plan Width": 21, "Actual Startup Time": 21.388, "Actual Total Time": 21.388, "Actual Rows": 5228, "Actual Loops": 5228, "Index Cond": "(id = mk.movie_id)", "Rows Removed by Index Recheck": 0}]}]}, "Triggers": [], "Planner Runtime": 9.715, "Total Runtime": 1012.617, "Unique SQL Id": 2804875951}}, "(64, '105')": {"explain_plan": {"Plan": {"Node Type": "Aggregate", "Strategy": "Plain", "Startup Cost": 3351.67, "Total Cost": 3351.68, "Plan Rows": 1, "Plan Width": 49, "Plans": [{"Node Type": "Nested Loop", "Parent Relationship": "Outer", "Join Type": "Inner", "Startup Cost": 0.0, "Total Cost": 3351.67, "Plan Rows": 2, "Plan Width": 17, "Inner Unique": true, "Join Filter": "(mc.movie_id = t.id)", "Plans": [{"Node Type": "Nested Loop", "Parent Relationship": "Outer", "Join Type": "Inner", "Startup Cost": 0.0, "Total Cost": 3351.03, "Plan Rows": 2, "Plan Width": 8, "Inner Unique": true, "Plans": [{"Node Type": "Nested Loop", "Parent Relationship": "Outer", "Join Type": "Inner", "Startup Cost": 0.0, "Total Cost": 3330.89, "Plan Rows": 70, "Plan Width": 12, "Inner Unique": false, "Plans": [{"Node Type": "Nested Loop", "Parent Relationship": "Outer", "Join Type": "Inner", "Startup Cost": 0.0, "Total Cost": 3319.92, "Plan Rows": 33, "Plan Width": 4, "Inner Unique": false, "Plans": [{"Node Type": "Index Scan", "Parent Relationship": "Outer", "Scan Direction": "Forward", "Index Name": "keyword_pkey", "Relation Name": "keyword", "Alias": "k", "Startup Cost": 0.0, "Total Cost": 3182.72, "Plan Rows": 1, "Plan Width": 4, "Filter": "((keyword)::text = 'character-name-in-title'::text)"}, {"Node Type": "Index Scan", "Parent Relationship": "Inner", "Scan Direction": "Forward", "Index Name": "keyword_id_movie_keyword", "Relation Name": "movie_keyword", "Alias": "mk", "Startup Cost": 0.0, "Total Cost": 136.88, "Plan Rows": 33, "Plan Width": 8, "Index Cond": "(keyword_id = k.id)"}]}, {"Node Type": "Index Scan", "Parent Relationship": "Inner", "Scan Direction": "Forward", "Index Name": "movie_id_movie_companies", "Relation Name": "movie_companies", "Alias": "mc", "Startup Cost": 0.0, "Total Cost": 0.31, "Plan Rows": 2, "Plan Width": 8, "Index Cond": "(movie_id = mk.movie_id)"}]}, {"Node Type": "Index Scan", "Parent Relationship": "Inner", "Scan Direction": "Forward", "Index Name": "company_name_pkey", "Relation Name": "company_name", "Alias": "cn", "Startup Cost": 0.0, "Total Cost": 0.28, "Plan Rows": 1, "Plan Width": 4, "Index Cond": "(id = mc.company_id)", "Filter": "((country_code)::text = '[nl]'::text)"}]}, {"Node Type": "Index Scan", "Parent Relationship": "Inner", "Scan Direction": "Forward", "Index Name": "title_pkey", "Relation Name": "title", "Alias": "t", "Startup Cost": 0.0, "Total Cost": 0.31, "Plan Rows": 1, "Plan Width": 21, "Index Cond": "(id = mk.movie_id)"}]}]}, "Unique SQL Id": 2804875951, "Planner Runtime": 3}, "explain_analyze_plan": {"Plan": {"Node Type": "Aggregate", "Strategy": "Plain", "Startup Cost": 3351.67, "Total Cost": 3351.68, "Plan Rows": 1, "Plan Width": 49, "Actual Startup Time": 1116.77, "Actual Total Time": 1116.771, "Actual Rows": 1, "Actual Loops": 1, "Plans": [{"Node Type": "Nested Loop", "Parent Relationship": "Outer", "Join Type": "Inner", "Startup Cost": 0.0, "Total Cost": 3351.67, "Plan Rows": 2, "Plan Width": 17, "Actual Startup Time": 3.238, "Actual Total Time": 1113.589, "Actual Rows": 5228, "Actual Loops": 1, "Inner Unique": true, "Join Filter": "(mc.movie_id = t.id)", "Rows Removed by Join Filter": 0, "Plans": [{"Node Type": "Nested Loop", "Parent Relationship": "Outer", "Join Type": "Inner", "Startup Cost": 0.0, "Total Cost": 3351.03, "Plan Rows": 2, "Plan Width": 8, "Actual Startup Time": 3.224, "Actual Total Time": 1085.006, "Actual Rows": 5228, "Actual Loops": 1, "Inner Unique": true, "Plans": [{"Node Type": "Nested Loop", "Parent Relationship": "Outer", "Join Type": "Inner", "Startup Cost": 0.0, "Total Cost": 3330.89, "Plan Rows": 70, "Plan Width": 12, "Actual Startup Time": 0.233, "Actual Total Time": 449.234, "Actual Rows": 148552, "Actual Loops": 1, "Inner Unique": false, "Plans": [{"Node Type": "Nested Loop", "Parent Relationship": "Outer", "Join Type": "Inner", "Startup Cost": 0.0, "Total Cost": 3319.92, "Plan Rows": 33, "Plan Width": 4, "Actual Startup Time": 0.215, "Actual Total Time": 166.059, "Actual Rows": 41840, "Actual Loops": 1, "Inner Unique": false, "Plans": [{"Node Type": "Index Scan", "Parent Relationship": "Outer", "Scan Direction": "Forward", "Index Name": "keyword_pkey", "Relation Name": "keyword", "Alias": "k", "Startup Cost": 0.0, "Total Cost": 3182.72, "Plan Rows": 1, "Plan Width": 4, "Actual Startup Time": 0.194, "Actual Total Time": 113.965, "Actual Rows": 1, "Actual Loops": 1, "Filter": "((keyword)::text = 'character-name-in-title'::text)", "Rows Removed by Filter": 134168}, {"Node Type": "Index Scan", "Parent Relationship": "Inner", "Scan Direction": "Forward", "Index Name": "keyword_id_movie_keyword", "Relation Name": "movie_keyword", "Alias": "mk", "Startup Cost": 0.0, "Total Cost": 136.88, "Plan Rows": 33, "Plan Width": 8, "Actual Startup Time": 0.017, "Actual Total Time": 42.534, "Actual Rows": 41840, "Actual Loops": 1, "Index Cond": "(keyword_id = k.id)", "Rows Removed by Index Recheck": 0}]}, {"Node Type": "Index Scan", "Parent Relationship": "Inner", "Scan Direction": "Forward", "Index Name": "movie_id_movie_companies", "Relation Name": "movie_companies", "Alias": "mc", "Startup Cost": 0.0, "Total Cost": 0.31, "Plan Rows": 2, "Plan Width": 8, "Actual Startup Time": 152.025, "Actual Total Time": 226.956, "Actual Rows": 148552, "Actual Loops": 41840, "Index Cond": "(movie_id = mk.movie_id)", "Rows Removed by Index Recheck": 0}]}, {"Node Type": "Index Scan", "Parent Relationship": "Inner", "Scan Direction": "Forward", "Index Name": "company_name_pkey", "Relation Name": "company_name", "Alias": "cn", "Startup Cost": 0.0, "Total Cost": 0.28, "Plan Rows": 1, "Plan Width": 4, "Actual Startup Time": 563.165, "Actual Total Time": 563.165, "Actual Rows": 5228, "Actual Loops": 148552, "Index Cond": "(id = mc.company_id)", "Rows Removed by Index Recheck": 0, "Filter": "((country_code)::text = '[nl]'::text)", "Rows Removed by Filter": 143324}]}, {"Node Type": "Index Scan", "Parent Relationship": "Inner", "Scan Direction": "Forward", "Index Name": "title_pkey", "Relation Name": "title", "Alias": "t", "Startup Cost": 0.0, "Total Cost": 0.31, "Plan Rows": 1, "Plan Width": 21, "Actual Startup Time": 22.945, "Actual Total Time": 22.945, "Actual Rows": 5228, "Actual Loops": 5228, "Index Cond": "(id = mk.movie_id)", "Rows Removed by Index Recheck": 0}]}]}, "Triggers": [], "Planner Runtime": 9.86, "Total Runtime": 1117.024, "Unique SQL Id": 2804875951}}, "(64, '106')": {"explain_plan": {"Plan": {"Node Type": "Aggregate", "Strategy": "Plain", "Startup Cost": 203302.73, "Total Cost": 203302.74, "Plan Rows": 1, "Plan Width": 49, "Plans": [{"Node Type": "Hash Join", "Parent Relationship": "Outer", "Join Type": "Inner", "Startup Cost": 133750.79, "Total Cost": 203302.73, "Plan Rows": 2, "Plan Width": 17, "Inner Unique": true, "Hash Cond": "(mc.company_id = cn.id)", "Plans": [{"Node Type": "Hash Join", "Parent Relationship": "Outer", "Join Type": "Inner", "Startup Cost": 127819.34, "Total Cost": 197370.32, "Plan Rows": 70, "Plan Width": 21, "Inner Unique": false, "Hash Cond": "(t.id = mc.movie_id)", "Plans": [{"Node Type": "Seq Scan", "Parent Relationship": "Outer", "Relation Name": "title", "Alias": "t", "Startup Cost": 0.0, "Total Cost": 60069.11, "Plan Rows": 2528311, "Plan Width": 21}, {"Node Type": "Hash", "Parent Relationship": "Inner", "Startup Cost": 127818.46, "Total Cost": 127818.46, "Plan Rows": 70, "Plan Width": 12, "Plans": [{"Node Type": "Hash Join", "Parent Relationship": "Outer", "Join Type": "Inner", "Startup Cost": 76216.26, "Total Cost": 127818.46, "Plan Rows": 70, "Plan Width": 12, "Inner Unique": false, "Hash Cond": "(mc.movie_id = mk.movie_id)", "Plans": [{"Node Type": "Seq Scan", "Parent Relationship": "Outer", "Relation Name": "movie_companies", "Alias": "mc", "Startup Cost": 0.0, "Total Cost": 41817.28, "Plan Rows": 2609128, "Plan Width": 8}, {"Node Type": "Hash", "Parent Relationship": "Inner", "Startup Cost": 76215.84, "Total Cost": 76215.84, "Plan Rows": 33, "Plan Width": 4, "Plans": [{"Node Type": "Hash Join", "Parent Relationship": "Outer", "Join Type": "Inner", "Startup Cost": 2436.12, "Total Cost": 76215.84, "Plan Rows": 33, "Plan Width": 4, "Inner Unique": true, "Hash Cond": "(mk.keyword_id = k.id)", "Plans": [{"Node Type": "Seq Scan", "Parent Relationship": "Outer", "Relation Name": "movie_keyword", "Alias": "mk", "Startup Cost": 0.0, "Total Cost": 62441.29, "Plan Rows": 4523929, "Plan Width": 8}, {"Node Type": "Hash", "Parent Relationship": "Inner", "Startup Cost": 2436.11, "Total Cost": 2436.11, "Plan Rows": 1, "Plan Width": 4, "Plans": [{"Node Type": "Seq Scan", "Parent Relationship": "Outer", "Relation Name": "keyword", "Alias": "k", "Startup Cost": 0.0, "Total Cost": 2436.11, "Plan Rows": 1, "Plan Width": 4, "Filter": "((keyword)::text = 'character-name-in-title'::text)"}]}]}]}]}]}]}, {"Node Type": "Hash", "Parent Relationship": "Inner", "Startup Cost": 5903.45, "Total Cost": 5903.45, "Plan Rows": 2240, "Plan Width": 4, "Plans": [{"Node Type": "Seq Scan", "Parent Relationship": "Outer", "Relation Name": "company_name", "Alias": "cn", "Startup Cost": 0.0, "Total Cost": 5903.45, "Plan Rows": 2240, "Plan Width": 4, "Filter": "((country_code)::text = '[nl]'::text)"}]}]}]}, "Unique SQL Id": 2804875951, "Planner Runtime": 6}, "explain_analyze_plan": null}, "(64, '107')": {"explain_plan": {"Plan": {"Node Type": "Aggregate", "Strategy": "Plain", "Startup Cost": 5000024803243.6, "Total Cost": 5000024803243.61, "Plan Rows": 1, "Plan Width": 49, "Plans": [{"Node Type": "Hash Join", "Parent Relationship": "Outer", "Join Type": "Inner", "Startup Cost": 3020024471717.3, "Total Cost": 5000024803243.6, "Plan Rows": 2, "Plan Width": 17, "Inner Unique": true, "Hash Cond": "(mc.movie_id = t.id)", "Plans": [{"Node Type": "Hash Join", "Parent Relationship": "Outer", "Join Type": "Inner", "Startup Cost": 2020013428064.5, "Total Cost": 4000013759590.77, "Plan Rows": 2, "Plan Width": 8, "Inner Unique": false, "Hash Cond": "(mk.movie_id = mc.movie_id)", "Plans": [{"Node Type": "Nested Loop", "Parent Relationship": "Outer", "Join Type": "Inner", "Startup Cost": 20000000004.51, "Total Cost": 2000000331530.23, "Plan Rows": 33, "Plan Width": 4, "Inner Unique": false, "Plans": [{"Node Type": "Index Scan", "Parent Relationship": "Outer", "Scan Direction": "Forward", "Index Name": "keyword_pkey", "Relation Name": "keyword", "Alias": "k", "Startup Cost": 10000000000.0, "Total Cost": 1000000318271.68, "Plan Rows": 1, "Plan Width": 4, "Filter": "((keyword)::text = 'character-name-in-title'::text)"}, {"Node Type": "Bitmap Heap Scan", "Parent Relationship": "Inner", "Relation Name": "movie_keyword", "Alias": "mk", "Startup Cost": 10000000004.51, "Total Cost": 1000000013258.21, "Plan Rows": 33, "Plan Width": 8, "Recheck Cond": "(keyword_id = k.id)", "Plans": [{"Node Type": "Bitmap Index Scan", "Parent Relationship": "Outer", "Index Name": "keyword_id_movie_keyword", "Startup Cost": 0.0, "Total Cost": 4.5, "Plan Rows": 33, "Plan Width": 0, "Index Cond": "(keyword_id = k.id)"}]}]}, {"Node Type": "Hash", "Parent Relationship": "Inner", "Startup Cost": 2000013427638.43, "Total Cost": 2000013427638.43, "Plan Rows": 33725, "Plan Width": 4, "Plans": [{"Node Type": "Hash Join", "Parent Relationship": "Outer", "Join Type": "Inner", "Startup Cost": 1010001050166.97, "Total Cost": 2000013427638.43, "Plan Rows": 33725, "Plan Width": 4, "Inner Unique": true, "Hash Cond": "(mc.company_id = cn.id)", "Plans": [{"Node Type": "Index Scan", "Parent Relationship": "Outer", "Scan Direction": "Forward", "Index Name": "company_id_movie_companies", "Relation Name": "movie_companies", "Alias": "mc", "Startup Cost": 10000000000.0, "Total Cost": 1000012367349.98, "Plan Rows": 2609128, "Plan Width": 8}, {"Node Type": "Hash", "Parent Relationship": "Inner", "Startup Cost": 1000001050138.97, "Total Cost": 1000001050138.97, "Plan Rows": 2240, "Plan Width": 4, "Plans": [{"Node Type": "Index Scan", "Parent Relationship": "Outer", "Scan Direction": "Forward", "Index Name": "company_name_pkey", "Relation Name": "company_name", "Alias": "cn", "Startup Cost": 10000000000.0, "Total Cost": 1000001050138.97, "Plan Rows": 2240, "Plan Width": 4, "Filter": "((country_code)::text = '[nl]'::text)"}]}]}]}]}, {"Node Type": "Hash", "Parent Relationship": "Inner", "Startup Cost": 1000011012048.91, "Total Cost": 1000011012048.91, "Plan Rows": 2528311, "Plan Width": 21, "Plans": [{"Node Type": "Index Scan", "Parent Relationship": "Outer", "Scan Direction": "Forward", "Index Name": "title_pkey", "Relation Name": "title", "Alias": "t", "Startup Cost": 10000000000.0, "Total Cost": 1000011012048.91, "Plan Rows": 2528311, "Plan Width": 21}]}]}]}, "Unique SQL Id": 2804875951, "Planner Runtime": 8}, "explain_analyze_plan": null}, "(64, '108')": {"explain_plan": {"Plan": {"Node Type": "Aggregate", "Strategy": "Plain", "Startup Cost": 2605.07, "Total Cost": 2605.08, "Plan Rows": 1, "Plan Width": 49, "Plans": [{"Node Type": "Nested Loop", "Parent Relationship": "Outer", "Join Type": "Inner", "Startup Cost": 0.0, "Total Cost": 2605.07, "Plan Rows": 2, "Plan Width": 17, "Inner Unique": true, "Join Filter": "(mc.movie_id = t.id)", "Plans": [{"Node Type": "Nested Loop", "Parent Relationship": "Outer", "Join Type": "Inner", "Startup Cost": 0.0, "Total Cost": 2604.42, "Plan Rows": 2, "Plan Width": 8, "Inner Unique": true, "Plans": [{"Node Type": "Nested Loop", "Parent Relationship": "Outer", "Join Type": "Inner", "Startup Cost": 0.0, "Total Cost": 2584.29, "Plan Rows": 70, "Plan Width": 12, "Inner Unique": false, "Plans": [{"Node Type": "Nested Loop", "Parent Relationship": "Outer", "Join Type": "Inner", "Startup Cost": 0.0, "Total Cost": 2573.32, "Plan Rows": 33, "Plan Width": 4, "Inner Unique": false, "Plans": [{"Node Type": "Seq Scan", "Parent Relationship": "Outer", "Relation Name": "keyword", "Alias": "k", "Startup Cost": 0.0, "Total Cost": 2436.11, "Plan Rows": 1, "Plan Width": 4, "Filter": "((keyword)::text = 'character-name-in-title'::text)"}, {"Node Type": "Index Scan", "Parent Relationship": "Inner", "Scan Direction": "Forward", "Index Name": "keyword_id_movie_keyword", "Relation Name": "movie_keyword", "Alias": "mk", "Startup Cost": 0.0, "Total Cost": 136.88, "Plan Rows": 33, "Plan Width": 8, "Index Cond": "(keyword_id = k.id)"}]}, {"Node Type": "Index Scan", "Parent Relationship": "Inner", "Scan Direction": "Forward", "Index Name": "movie_id_movie_companies", "Relation Name": "movie_companies", "Alias": "mc", "Startup Cost": 0.0, "Total Cost": 0.31, "Plan Rows": 2, "Plan Width": 8, "Index Cond": "(movie_id = mk.movie_id)"}]}, {"Node Type": "Index Scan", "Parent Relationship": "Inner", "Scan Direction": "Forward", "Index Name": "company_name_pkey", "Relation Name": "company_name", "Alias": "cn", "Startup Cost": 0.0, "Total Cost": 0.28, "Plan Rows": 1, "Plan Width": 4, "Index Cond": "(id = mc.company_id)", "Filter": "((country_code)::text = '[nl]'::text)"}]}, {"Node Type": "Index Scan", "Parent Relationship": "Inner", "Scan Direction": "Forward", "Index Name": "title_pkey", "Relation Name": "title", "Alias": "t", "Startup Cost": 0.0, "Total Cost": 0.31, "Plan Rows": 1, "Plan Width": 21, "Index Cond": "(id = mk.movie_id)"}]}]}, "Unique SQL Id": 2804875951, "Planner Runtime": 4}, "explain_analyze_plan": {"Plan": {"Node Type": "Aggregate", "Strategy": "Plain", "Startup Cost": 2605.07, "Total Cost": 2605.08, "Plan Rows": 1, "Plan Width": 49, "Actual Startup Time": 1012.388, "Actual Total Time": 1012.388, "Actual Rows": 1, "Actual Loops": 1, "Plans": [{"Node Type": "Nested Loop", "Parent Relationship": "Outer", "Join Type": "Inner", "Startup Cost": 0.0, "Total Cost": 2605.07, "Plan Rows": 2, "Plan Width": 17, "Actual Startup Time": 5.012, "Actual Total Time": 1009.079, "Actual Rows": 5228, "Actual Loops": 1, "Inner Unique": true, "Join Filter": "(mc.movie_id = t.id)", "Rows Removed by Join Filter": 0, "Plans": [{"Node Type": "Nested Loop", "Parent Relationship": "Outer", "Join Type": "Inner", "Startup Cost": 0.0, "Total Cost": 2604.42, "Plan Rows": 2, "Plan Width": 8, "Actual Startup Time": 4.995, "Actual Total Time": 981.958, "Actual Rows": 5228, "Actual Loops": 1, "Inner Unique": true, "Plans": [{"Node Type": "Nested Loop", "Parent Relationship": "Outer", "Join Type": "Inner", "Startup Cost": 0.0, "Total Cost": 2584.29, "Plan Rows": 70, "Plan Width": 12, "Actual Startup Time": 1.847, "Actual Total Time": 360.079, "Actual Rows": 148552, "Actual Loops": 1, "Inner Unique": false, "Plans": [{"Node Type": "Nested Loop", "Parent Relationship": "Outer", "Join Type": "Inner", "Startup Cost": 0.0, "Total Cost": 2573.32, "Plan Rows": 33, "Plan Width": 4, "Actual Startup Time": 1.828, "Actual Total Time": 88.983, "Actual Rows": 41840, "Actual Loops": 1, "Inner Unique": false, "Plans": [{"Node Type": "Seq Scan", "Parent Relationship": "Outer", "Relation Name": "keyword", "Alias": "k", "Startup Cost": 0.0, "Total Cost": 2436.11, "Plan Rows": 1, "Plan Width": 4, "Actual Startup Time": 1.8, "Actual Total Time": 41.022, "Actual Rows": 1, "Actual Loops": 1, "Filter": "((keyword)::text = 'character-name-in-title'::text)", "Rows Removed by Filter": 134168}, {"Node Type": "Index Scan", "Parent Relationship": "Inner", "Scan Direction": "Forward", "Index Name": "keyword_id_movie_keyword", "Relation Name": "movie_keyword", "Alias": "mk", "Startup Cost": 0.0, "Total Cost": 136.88, "Plan Rows": 33, "Plan Width": 8, "Actual Startup Time": 0.023, "Actual Total Time": 38.639, "Actual Rows": 41840, "Actual Loops": 1, "Index Cond": "(keyword_id = k.id)", "Rows Removed by Index Recheck": 0}]}, {"Node Type": "Index Scan", "Parent Relationship": "Inner", "Scan Direction": "Forward", "Index Name": "movie_id_movie_companies", "Relation Name": "movie_companies", "Alias": "mc", "Startup Cost": 0.0, "Total Cost": 0.31, "Plan Rows": 2, "Plan Width": 8, "Actual Startup Time": 143.596, "Actual Total Time": 214.856, "Actual Rows": 148552, "Actual Loops": 41840, "Index Cond": "(movie_id = mk.movie_id)", "Rows Removed by Index Recheck": 0}]}, {"Node Type": "Index Scan", "Parent Relationship": "Inner", "Scan Direction": "Forward", "Index Name": "company_name_pkey", "Relation Name": "company_name", "Alias": "cn", "Startup Cost": 0.0, "Total Cost": 0.28, "Plan Rows": 1, "Plan Width": 4, "Actual Startup Time": 549.432, "Actual Total Time": 549.432, "Actual Rows": 5228, "Actual Loops": 148552, "Index Cond": "(id = mc.company_id)", "Rows Removed by Index Recheck": 0, "Filter": "((country_code)::text = '[nl]'::text)", "Rows Removed by Filter": 143324}]}, {"Node Type": "Index Scan", "Parent Relationship": "Inner", "Scan Direction": "Forward", "Index Name": "title_pkey", "Relation Name": "title", "Alias": "t", "Startup Cost": 0.0, "Total Cost": 0.31, "Plan Rows": 1, "Plan Width": 21, "Actual Startup Time": 21.388, "Actual Total Time": 21.388, "Actual Rows": 5228, "Actual Loops": 5228, "Index Cond": "(id = mk.movie_id)", "Rows Removed by Index Recheck": 0}]}]}, "Triggers": [], "Planner Runtime": 9.715, "Total Runtime": 1012.617, "Unique SQL Id": 2804875951}}, "(64, '109')": {"explain_plan": {"Plan": {"Node Type": "Aggregate", "Strategy": "Plain", "Startup Cost": 3351.67, "Total Cost": 3351.68, "Plan Rows": 1, "Plan Width": 49, "Plans": [{"Node Type": "Nested Loop", "Parent Relationship": "Outer", "Join Type": "Inner", "Startup Cost": 0.0, "Total Cost": 3351.67, "Plan Rows": 2, "Plan Width": 17, "Inner Unique": true, "Join Filter": "(mc.movie_id = t.id)", "Plans": [{"Node Type": "Nested Loop", "Parent Relationship": "Outer", "Join Type": "Inner", "Startup Cost": 0.0, "Total Cost": 3351.03, "Plan Rows": 2, "Plan Width": 8, "Inner Unique": true, "Plans": [{"Node Type": "Nested Loop", "Parent Relationship": "Outer", "Join Type": "Inner", "Startup Cost": 0.0, "Total Cost": 3330.89, "Plan Rows": 70, "Plan Width": 12, "Inner Unique": false, "Plans": [{"Node Type": "Nested Loop", "Parent Relationship": "Outer", "Join Type": "Inner", "Startup Cost": 0.0, "Total Cost": 3319.92, "Plan Rows": 33, "Plan Width": 4, "Inner Unique": false, "Plans": [{"Node Type": "Index Scan", "Parent Relationship": "Outer", "Scan Direction": "Forward", "Index Name": "keyword_pkey", "Relation Name": "keyword", "Alias": "k", "Startup Cost": 0.0, "Total Cost": 3182.72, "Plan Rows": 1, "Plan Width": 4, "Filter": "((keyword)::text = 'character-name-in-title'::text)"}, {"Node Type": "Index Scan", "Parent Relationship": "Inner", "Scan Direction": "Forward", "Index Name": "keyword_id_movie_keyword", "Relation Name": "movie_keyword", "Alias": "mk", "Startup Cost": 0.0, "Total Cost": 136.88, "Plan Rows": 33, "Plan Width": 8, "Index Cond": "(keyword_id = k.id)"}]}, {"Node Type": "Index Scan", "Parent Relationship": "Inner", "Scan Direction": "Forward", "Index Name": "movie_id_movie_companies", "Relation Name": "movie_companies", "Alias": "mc", "Startup Cost": 0.0, "Total Cost": 0.31, "Plan Rows": 2, "Plan Width": 8, "Index Cond": "(movie_id = mk.movie_id)"}]}, {"Node Type": "Index Scan", "Parent Relationship": "Inner", "Scan Direction": "Forward", "Index Name": "company_name_pkey", "Relation Name": "company_name", "Alias": "cn", "Startup Cost": 0.0, "Total Cost": 0.28, "Plan Rows": 1, "Plan Width": 4, "Index Cond": "(id = mc.company_id)", "Filter": "((country_code)::text = '[nl]'::text)"}]}, {"Node Type": "Index Scan", "Parent Relationship": "Inner", "Scan Direction": "Forward", "Index Name": "title_pkey", "Relation Name": "title", "Alias": "t", "Startup Cost": 0.0, "Total Cost": 0.31, "Plan Rows": 1, "Plan Width": 21, "Index Cond": "(id = mk.movie_id)"}]}]}, "Unique SQL Id": 2804875951, "Planner Runtime": 3}, "explain_analyze_plan": {"Plan": {"Node Type": "Aggregate", "Strategy": "Plain", "Startup Cost": 3351.67, "Total Cost": 3351.68, "Plan Rows": 1, "Plan Width": 49, "Actual Startup Time": 1116.77, "Actual Total Time": 1116.771, "Actual Rows": 1, "Actual Loops": 1, "Plans": [{"Node Type": "Nested Loop", "Parent Relationship": "Outer", "Join Type": "Inner", "Startup Cost": 0.0, "Total Cost": 3351.67, "Plan Rows": 2, "Plan Width": 17, "Actual Startup Time": 3.238, "Actual Total Time": 1113.589, "Actual Rows": 5228, "Actual Loops": 1, "Inner Unique": true, "Join Filter": "(mc.movie_id = t.id)", "Rows Removed by Join Filter": 0, "Plans": [{"Node Type": "Nested Loop", "Parent Relationship": "Outer", "Join Type": "Inner", "Startup Cost": 0.0, "Total Cost": 3351.03, "Plan Rows": 2, "Plan Width": 8, "Actual Startup Time": 3.224, "Actual Total Time": 1085.006, "Actual Rows": 5228, "Actual Loops": 1, "Inner Unique": true, "Plans": [{"Node Type": "Nested Loop", "Parent Relationship": "Outer", "Join Type": "Inner", "Startup Cost": 0.0, "Total Cost": 3330.89, "Plan Rows": 70, "Plan Width": 12, "Actual Startup Time": 0.233, "Actual Total Time": 449.234, "Actual Rows": 148552, "Actual Loops": 1, "Inner Unique": false, "Plans": [{"Node Type": "Nested Loop", "Parent Relationship": "Outer", "Join Type": "Inner", "Startup Cost": 0.0, "Total Cost": 3319.92, "Plan Rows": 33, "Plan Width": 4, "Actual Startup Time": 0.215, "Actual Total Time": 166.059, "Actual Rows": 41840, "Actual Loops": 1, "Inner Unique": false, "Plans": [{"Node Type": "Index Scan", "Parent Relationship": "Outer", "Scan Direction": "Forward", "Index Name": "keyword_pkey", "Relation Name": "keyword", "Alias": "k", "Startup Cost": 0.0, "Total Cost": 3182.72, "Plan Rows": 1, "Plan Width": 4, "Actual Startup Time": 0.194, "Actual Total Time": 113.965, "Actual Rows": 1, "Actual Loops": 1, "Filter": "((keyword)::text = 'character-name-in-title'::text)", "Rows Removed by Filter": 134168}, {"Node Type": "Index Scan", "Parent Relationship": "Inner", "Scan Direction": "Forward", "Index Name": "keyword_id_movie_keyword", "Relation Name": "movie_keyword", "Alias": "mk", "Startup Cost": 0.0, "Total Cost": 136.88, "Plan Rows": 33, "Plan Width": 8, "Actual Startup Time": 0.017, "Actual Total Time": 42.534, "Actual Rows": 41840, "Actual Loops": 1, "Index Cond": "(keyword_id = k.id)", "Rows Removed by Index Recheck": 0}]}, {"Node Type": "Index Scan", "Parent Relationship": "Inner", "Scan Direction": "Forward", "Index Name": "movie_id_movie_companies", "Relation Name": "movie_companies", "Alias": "mc", "Startup Cost": 0.0, "Total Cost": 0.31, "Plan Rows": 2, "Plan Width": 8, "Actual Startup Time": 152.025, "Actual Total Time": 226.956, "Actual Rows": 148552, "Actual Loops": 41840, "Index Cond": "(movie_id = mk.movie_id)", "Rows Removed by Index Recheck": 0}]}, {"Node Type": "Index Scan", "Parent Relationship": "Inner", "Scan Direction": "Forward", "Index Name": "company_name_pkey", "Relation Name": "company_name", "Alias": "cn", "Startup Cost": 0.0, "Total Cost": 0.28, "Plan Rows": 1, "Plan Width": 4, "Actual Startup Time": 563.165, "Actual Total Time": 563.165, "Actual Rows": 5228, "Actual Loops": 148552, "Index Cond": "(id = mc.company_id)", "Rows Removed by Index Recheck": 0, "Filter": "((country_code)::text = '[nl]'::text)", "Rows Removed by Filter": 143324}]}, {"Node Type": "Index Scan", "Parent Relationship": "Inner", "Scan Direction": "Forward", "Index Name": "title_pkey", "Relation Name": "title", "Alias": "t", "Startup Cost": 0.0, "Total Cost": 0.31, "Plan Rows": 1, "Plan Width": 21, "Actual Startup Time": 22.945, "Actual Total Time": 22.945, "Actual Rows": 5228, "Actual Loops": 5228, "Index Cond": "(id = mk.movie_id)", "Rows Removed by Index Recheck": 0}]}]}, "Triggers": [], "Planner Runtime": 9.86, "Total Runtime": 1117.024, "Unique SQL Id": 2804875951}}, "(64, '110')": {"explain_plan": {"Plan": {"Node Type": "Aggregate", "Strategy": "Plain", "Startup Cost": 203302.73, "Total Cost": 203302.74, "Plan Rows": 1, "Plan Width": 49, "Plans": [{"Node Type": "Hash Join", "Parent Relationship": "Outer", "Join Type": "Inner", "Startup Cost": 133750.79, "Total Cost": 203302.73, "Plan Rows": 2, "Plan Width": 17, "Inner Unique": true, "Hash Cond": "(mc.company_id = cn.id)", "Plans": [{"Node Type": "Hash Join", "Parent Relationship": "Outer", "Join Type": "Inner", "Startup Cost": 127819.34, "Total Cost": 197370.32, "Plan Rows": 70, "Plan Width": 21, "Inner Unique": false, "Hash Cond": "(t.id = mc.movie_id)", "Plans": [{"Node Type": "Seq Scan", "Parent Relationship": "Outer", "Relation Name": "title", "Alias": "t", "Startup Cost": 0.0, "Total Cost": 60069.11, "Plan Rows": 2528311, "Plan Width": 21}, {"Node Type": "Hash", "Parent Relationship": "Inner", "Startup Cost": 127818.46, "Total Cost": 127818.46, "Plan Rows": 70, "Plan Width": 12, "Plans": [{"Node Type": "Hash Join", "Parent Relationship": "Outer", "Join Type": "Inner", "Startup Cost": 76216.26, "Total Cost": 127818.46, "Plan Rows": 70, "Plan Width": 12, "Inner Unique": false, "Hash Cond": "(mc.movie_id = mk.movie_id)", "Plans": [{"Node Type": "Seq Scan", "Parent Relationship": "Outer", "Relation Name": "movie_companies", "Alias": "mc", "Startup Cost": 0.0, "Total Cost": 41817.28, "Plan Rows": 2609128, "Plan Width": 8}, {"Node Type": "Hash", "Parent Relationship": "Inner", "Startup Cost": 76215.84, "Total Cost": 76215.84, "Plan Rows": 33, "Plan Width": 4, "Plans": [{"Node Type": "Hash Join", "Parent Relationship": "Outer", "Join Type": "Inner", "Startup Cost": 2436.12, "Total Cost": 76215.84, "Plan Rows": 33, "Plan Width": 4, "Inner Unique": true, "Hash Cond": "(mk.keyword_id = k.id)", "Plans": [{"Node Type": "Seq Scan", "Parent Relationship": "Outer", "Relation Name": "movie_keyword", "Alias": "mk", "Startup Cost": 0.0, "Total Cost": 62441.29, "Plan Rows": 4523929, "Plan Width": 8}, {"Node Type": "Hash", "Parent Relationship": "Inner", "Startup Cost": 2436.11, "Total Cost": 2436.11, "Plan Rows": 1, "Plan Width": 4, "Plans": [{"Node Type": "Seq Scan", "Parent Relationship": "Outer", "Relation Name": "keyword", "Alias": "k", "Startup Cost": 0.0, "Total Cost": 2436.11, "Plan Rows": 1, "Plan Width": 4, "Filter": "((keyword)::text = 'character-name-in-title'::text)"}]}]}]}]}]}]}, {"Node Type": "Hash", "Parent Relationship": "Inner", "Startup Cost": 5903.45, "Total Cost": 5903.45, "Plan Rows": 2240, "Plan Width": 4, "Plans": [{"Node Type": "Seq Scan", "Parent Relationship": "Outer", "Relation Name": "company_name", "Alias": "cn", "Startup Cost": 0.0, "Total Cost": 5903.45, "Plan Rows": 2240, "Plan Width": 4, "Filter": "((country_code)::text = '[nl]'::text)"}]}]}]}, "Unique SQL Id": 2804875951, "Planner Runtime": 6}, "explain_analyze_plan": null}, "(64, '111')": {"explain_plan": {"Plan": {"Node Type": "Aggregate", "Strategy": "Plain", "Startup Cost": 5000024803243.6, "Total Cost": 5000024803243.61, "Plan Rows": 1, "Plan Width": 49, "Plans": [{"Node Type": "Hash Join", "Parent Relationship": "Outer", "Join Type": "Inner", "Startup Cost": 3020024471717.3, "Total Cost": 5000024803243.6, "Plan Rows": 2, "Plan Width": 17, "Inner Unique": true, "Hash Cond": "(mc.movie_id = t.id)", "Plans": [{"Node Type": "Hash Join", "Parent Relationship": "Outer", "Join Type": "Inner", "Startup Cost": 2020013428064.5, "Total Cost": 4000013759590.77, "Plan Rows": 2, "Plan Width": 8, "Inner Unique": false, "Hash Cond": "(mk.movie_id = mc.movie_id)", "Plans": [{"Node Type": "Nested Loop", "Parent Relationship": "Outer", "Join Type": "Inner", "Startup Cost": 20000000004.51, "Total Cost": 2000000331530.23, "Plan Rows": 33, "Plan Width": 4, "Inner Unique": false, "Plans": [{"Node Type": "Index Scan", "Parent Relationship": "Outer", "Scan Direction": "Forward", "Index Name": "keyword_pkey", "Relation Name": "keyword", "Alias": "k", "Startup Cost": 10000000000.0, "Total Cost": 1000000318271.68, "Plan Rows": 1, "Plan Width": 4, "Filter": "((keyword)::text = 'character-name-in-title'::text)"}, {"Node Type": "Bitmap Heap Scan", "Parent Relationship": "Inner", "Relation Name": "movie_keyword", "Alias": "mk", "Startup Cost": 10000000004.51, "Total Cost": 1000000013258.21, "Plan Rows": 33, "Plan Width": 8, "Recheck Cond": "(keyword_id = k.id)", "Plans": [{"Node Type": "Bitmap Index Scan", "Parent Relationship": "Outer", "Index Name": "keyword_id_movie_keyword", "Startup Cost": 0.0, "Total Cost": 4.5, "Plan Rows": 33, "Plan Width": 0, "Index Cond": "(keyword_id = k.id)"}]}]}, {"Node Type": "Hash", "Parent Relationship": "Inner", "Startup Cost": 2000013427638.43, "Total Cost": 2000013427638.43, "Plan Rows": 33725, "Plan Width": 4, "Plans": [{"Node Type": "Hash Join", "Parent Relationship": "Outer", "Join Type": "Inner", "Startup Cost": 1010001050166.97, "Total Cost": 2000013427638.43, "Plan Rows": 33725, "Plan Width": 4, "Inner Unique": true, "Hash Cond": "(mc.company_id = cn.id)", "Plans": [{"Node Type": "Index Scan", "Parent Relationship": "Outer", "Scan Direction": "Forward", "Index Name": "company_id_movie_companies", "Relation Name": "movie_companies", "Alias": "mc", "Startup Cost": 10000000000.0, "Total Cost": 1000012367349.98, "Plan Rows": 2609128, "Plan Width": 8}, {"Node Type": "Hash", "Parent Relationship": "Inner", "Startup Cost": 1000001050138.97, "Total Cost": 1000001050138.97, "Plan Rows": 2240, "Plan Width": 4, "Plans": [{"Node Type": "Index Scan", "Parent Relationship": "Outer", "Scan Direction": "Forward", "Index Name": "company_name_pkey", "Relation Name": "company_name", "Alias": "cn", "Startup Cost": 10000000000.0, "Total Cost": 1000001050138.97, "Plan Rows": 2240, "Plan Width": 4, "Filter": "((country_code)::text = '[nl]'::text)"}]}]}]}]}, {"Node Type": "Hash", "Parent Relationship": "Inner", "Startup Cost": 1000011012048.91, "Total Cost": 1000011012048.91, "Plan Rows": 2528311, "Plan Width": 21, "Plans": [{"Node Type": "Index Scan", "Parent Relationship": "Outer", "Scan Direction": "Forward", "Index Name": "title_pkey", "Relation Name": "title", "Alias": "t", "Startup Cost": 10000000000.0, "Total Cost": 1000011012048.91, "Plan Rows": 2528311, "Plan Width": 21}]}]}]}, "Unique SQL Id": 2804875951, "Planner Runtime": 8}, "explain_analyze_plan": null}, "(64, '112')": {"explain_plan": {"Plan": {"Node Type": "Aggregate", "Strategy": "Plain", "Startup Cost": 2600.78, "Total Cost": 2600.79, "Plan Rows": 1, "Plan Width": 49, "Plans": [{"Node Type": "Nested Loop", "Parent Relationship": "Outer", "Join Type": "Inner", "Startup Cost": 4.51, "Total Cost": 2600.77, "Plan Rows": 2, "Plan Width": 17, "Inner Unique": true, "Join Filter": "(mc.movie_id = t.id)", "Plans": [{"Node Type": "Nested Loop", "Parent Relationship": "Outer", "Join Type": "Inner", "Startup Cost": 4.51, "Total Cost": 2600.13, "Plan Rows": 2, "Plan Width": 8, "Inner Unique": true, "Plans": [{"Node Type": "Nested Loop", "Parent Relationship": "Outer", "Join Type": "Inner", "Startup Cost": 4.51, "Total Cost": 2579.99, "Plan Rows": 70, "Plan Width": 12, "Inner Unique": false, "Plans": [{"Node Type": "Nested Loop", "Parent Relationship": "Outer", "Join Type": "Inner", "Startup Cost": 4.51, "Total Cost": 2569.02, "Plan Rows": 33, "Plan Width": 4, "Inner Unique": false, "Plans": [{"Node Type": "Seq Scan", "Parent Relationship": "Outer", "Relation Name": "keyword", "Alias": "k", "Startup Cost": 0.0, "Total Cost": 2436.11, "Plan Rows": 1, "Plan Width": 4, "Filter": "((keyword)::text = 'character-name-in-title'::text)"}, {"Node Type": "Bitmap Heap Scan", "Parent Relationship": "Inner", "Relation Name": "movie_keyword", "Alias": "mk", "Startup Cost": 4.51, "Total Cost": 132.58, "Plan Rows": 33, "Plan Width": 8, "Recheck Cond": "(keyword_id = k.id)", "Plans": [{"Node Type": "Bitmap Index Scan", "Parent Relationship": "Outer", "Index Name": "keyword_id_movie_keyword", "Startup Cost": 0.0, "Total Cost": 4.5, "Plan Rows": 33, "Plan Width": 0, "Index Cond": "(keyword_id = k.id)"}]}]}, {"Node Type": "Index Scan", "Parent Relationship": "Inner", "Scan Direction": "Forward", "Index Name": "movie_id_movie_companies", "Relation Name": "movie_companies", "Alias": "mc", "Startup Cost": 0.0, "Total Cost": 0.31, "Plan Rows": 2, "Plan Width": 8, "Index Cond": "(movie_id = mk.movie_id)"}]}, {"Node Type": "Index Scan", "Parent Relationship": "Inner", "Scan Direction": "Forward", "Index Name": "company_name_pkey", "Relation Name": "company_name", "Alias": "cn", "Startup Cost": 0.0, "Total Cost": 0.28, "Plan Rows": 1, "Plan Width": 4, "Index Cond": "(id = mc.company_id)", "Filter": "((country_code)::text = '[nl]'::text)"}]}, {"Node Type": "Index Scan", "Parent Relationship": "Inner", "Scan Direction": "Forward", "Index Name": "title_pkey", "Relation Name": "title", "Alias": "t", "Startup Cost": 0.0, "Total Cost": 0.31, "Plan Rows": 1, "Plan Width": 21, "Index Cond": "(id = mk.movie_id)"}]}]}, "Unique SQL Id": 2804875951, "Planner Runtime": 2}, "explain_analyze_plan": {"Plan": {"Node Type": "Aggregate", "Strategy": "Plain", "Startup Cost": 2600.78, "Total Cost": 2600.79, "Plan Rows": 1, "Plan Width": 49, "Actual Startup Time": 1011.525, "Actual Total Time": 1011.525, "Actual Rows": 1, "Actual Loops": 1, "Plans": [{"Node Type": "Nested Loop", "Parent Relationship": "Outer", "Join Type": "Inner", "Startup Cost": 4.51, "Total Cost": 2600.77, "Plan Rows": 2, "Plan Width": 17, "Actual Startup Time": 12.528, "Actual Total Time": 1007.96, "Actual Rows": 5228, "Actual Loops": 1, "Inner Unique": true, "Join Filter": "(mc.movie_id = t.id)", "Rows Removed by Join Filter": 0, "Plans": [{"Node Type": "Nested Loop", "Parent Relationship": "Outer", "Join Type": "Inner", "Startup Cost": 4.51, "Total Cost": 2600.13, "Plan Rows": 2, "Plan Width": 8, "Actual Startup Time": 12.513, "Actual Total Time": 980.622, "Actual Rows": 5228, "Actual Loops": 1, "Inner Unique": true, "Plans": [{"Node Type": "Nested Loop", "Parent Relationship": "Outer", "Join Type": "Inner", "Startup Cost": 4.51, "Total Cost": 2579.99, "Plan Rows": 70, "Plan Width": 12, "Actual Startup Time": 9.527, "Actual Total Time": 365.273, "Actual Rows": 148552, "Actual Loops": 1, "Inner Unique": false, "Plans": [{"Node Type": "Nested Loop", "Parent Relationship": "Outer", "Join Type": "Inner", "Startup Cost": 4.51, "Total Cost": 2569.02, "Plan Rows": 33, "Plan Width": 4, "Actual Startup Time": 9.495, "Actual Total Time": 95.383, "Actual Rows": 41840, "Actual Loops": 1, "Inner Unique": false, "Plans": [{"Node Type": "Seq Scan", "Parent Relationship": "Outer", "Relation Name": "keyword", "Alias": "k", "Startup Cost": 0.0, "Total Cost": 2436.11, "Plan Rows": 1, "Plan Width": 4, "Actual Startup Time": 1.783, "Actual Total Time": 40.829, "Actual Rows": 1, "Actual Loops": 1, "Filter": "((keyword)::text = 'character-name-in-title'::text)", "Rows Removed by Filter": 134168}, {"Node Type": "Bitmap Heap Scan", "Parent Relationship": "Inner", "Relation Name": "movie_keyword", "Alias": "mk", "Startup Cost": 4.51, "Total Cost": 132.58, "Plan Rows": 33, "Plan Width": 8, "Actual Startup Time": 7.703, "Actual Total Time": 45.702, "Actual Rows": 41840, "Actual Loops": 1, "Recheck Cond": "(keyword_id = k.id)", "Rows Removed by Index Recheck": 0, "Exact Heap Blocks": 9702, "Lossy Heap Blocks": 9702, "Plans": [{"Node Type": "Bitmap Index Scan", "Parent Relationship": "Outer", "Index Name": "keyword_id_movie_keyword", "Startup Cost": 0.0, "Total Cost": 4.5, "Plan Rows": 33, "Plan Width": 0, "Actual Startup Time": 5.948, "Actual Total Time": 5.948, "Actual Rows": 41840, "Actual Loops": 1, "Index Cond": "(keyword_id = k.id)"}]}]}, {"Node Type": "Index Scan", "Parent Relationship": "Inner", "Scan Direction": "Forward", "Index Name": "movie_id_movie_companies", "Relation Name": "movie_companies", "Alias": "mc", "Startup Cost": 0.0, "Total Cost": 0.31, "Plan Rows": 2, "Plan Width": 8, "Actual Startup Time": 143.277, "Actual Total Time": 214.488, "Actual Rows": 148552, "Actual Loops": 41840, "Index Cond": "(movie_id = mk.movie_id)", "Rows Removed by Index Recheck": 0}]}, {"Node Type": "Index Scan", "Parent Relationship": "Inner", "Scan Direction": "Forward", "Index Name": "company_name_pkey", "Relation Name": "company_name", "Alias": "cn", "Startup Cost": 0.0, "Total Cost": 0.28, "Plan Rows": 1, "Plan Width": 4, "Actual Startup Time": 541.94, "Actual Total Time": 541.94, "Actual Rows": 5228, "Actual Loops": 148552, "Index Cond": "(id = mc.company_id)", "Rows Removed by Index Recheck": 0, "Filter": "((country_code)::text = '[nl]'::text)", "Rows Removed by Filter": 143324}]}, {"Node Type": "Index Scan", "Parent Relationship": "Inner", "Scan Direction": "Forward", "Index Name": "title_pkey", "Relation Name": "title", "Alias": "t", "Startup Cost": 0.0, "Total Cost": 0.31, "Plan Rows": 1, "Plan Width": 21, "Actual Startup Time": 21.446, "Actual Total Time": 21.446, "Actual Rows": 5228, "Actual Loops": 5228, "Index Cond": "(id = mk.movie_id)", "Rows Removed by Index Recheck": 0}]}]}, "Triggers": [], "Planner Runtime": 9.832, "Total Runtime": 1011.849, "Unique SQL Id": 2804875951}}, "(64, '113')": {"explain_plan": {"Plan": {"Node Type": "Aggregate", "Strategy": "Plain", "Startup Cost": 3347.38, "Total Cost": 3347.39, "Plan Rows": 1, "Plan Width": 49, "Plans": [{"Node Type": "Nested Loop", "Parent Relationship": "Outer", "Join Type": "Inner", "Startup Cost": 4.51, "Total Cost": 3347.38, "Plan Rows": 2, "Plan Width": 17, "Inner Unique": true, "Join Filter": "(mc.movie_id = t.id)", "Plans": [{"Node Type": "Nested Loop", "Parent Relationship": "Outer", "Join Type": "Inner", "Startup Cost": 4.51, "Total Cost": 3346.73, "Plan Rows": 2, "Plan Width": 8, "Inner Unique": true, "Plans": [{"Node Type": "Nested Loop", "Parent Relationship": "Outer", "Join Type": "Inner", "Startup Cost": 4.51, "Total Cost": 3326.6, "Plan Rows": 70, "Plan Width": 12, "Inner Unique": false, "Plans": [{"Node Type": "Nested Loop", "Parent Relationship": "Outer", "Join Type": "Inner", "Startup Cost": 4.51, "Total Cost": 3315.63, "Plan Rows": 33, "Plan Width": 4, "Inner Unique": false, "Plans": [{"Node Type": "Index Scan", "Parent Relationship": "Outer", "Scan Direction": "Forward", "Index Name": "keyword_pkey", "Relation Name": "keyword", "Alias": "k", "Startup Cost": 0.0, "Total Cost": 3182.72, "Plan Rows": 1, "Plan Width": 4, "Filter": "((keyword)::text = 'character-name-in-title'::text)"}, {"Node Type": "Bitmap Heap Scan", "Parent Relationship": "Inner", "Relation Name": "movie_keyword", "Alias": "mk", "Startup Cost": 4.51, "Total Cost": 132.58, "Plan Rows": 33, "Plan Width": 8, "Recheck Cond": "(keyword_id = k.id)", "Plans": [{"Node Type": "Bitmap Index Scan", "Parent Relationship": "Outer", "Index Name": "keyword_id_movie_keyword", "Startup Cost": 0.0, "Total Cost": 4.5, "Plan Rows": 33, "Plan Width": 0, "Index Cond": "(keyword_id = k.id)"}]}]}, {"Node Type": "Index Scan", "Parent Relationship": "Inner", "Scan Direction": "Forward", "Index Name": "movie_id_movie_companies", "Relation Name": "movie_companies", "Alias": "mc", "Startup Cost": 0.0, "Total Cost": 0.31, "Plan Rows": 2, "Plan Width": 8, "Index Cond": "(movie_id = mk.movie_id)"}]}, {"Node Type": "Index Scan", "Parent Relationship": "Inner", "Scan Direction": "Forward", "Index Name": "company_name_pkey", "Relation Name": "company_name", "Alias": "cn", "Startup Cost": 0.0, "Total Cost": 0.28, "Plan Rows": 1, "Plan Width": 4, "Index Cond": "(id = mc.company_id)", "Filter": "((country_code)::text = '[nl]'::text)"}]}, {"Node Type": "Index Scan", "Parent Relationship": "Inner", "Scan Direction": "Forward", "Index Name": "title_pkey", "Relation Name": "title", "Alias": "t", "Startup Cost": 0.0, "Total Cost": 0.31, "Plan Rows": 1, "Plan Width": 21, "Index Cond": "(id = mk.movie_id)"}]}]}, "Unique SQL Id": 2804875951, "Planner Runtime": 2}, "explain_analyze_plan": {"Plan": {"Node Type": "Aggregate", "Strategy": "Plain", "Startup Cost": 3347.38, "Total Cost": 3347.39, "Plan Rows": 1, "Plan Width": 49, "Actual Startup Time": 1116.379, "Actual Total Time": 1116.38, "Actual Rows": 1, "Actual Loops": 1, "Plans": [{"Node Type": "Nested Loop", "Parent Relationship": "Outer", "Join Type": "Inner", "Startup Cost": 4.51, "Total Cost": 3347.38, "Plan Rows": 2, "Plan Width": 17, "Actual Startup Time": 11.025, "Actual Total Time": 1112.884, "Actual Rows": 5228, "Actual Loops": 1, "Inner Unique": true, "Join Filter": "(mc.movie_id = t.id)", "Rows Removed by Join Filter": 0, "Plans": [{"Node Type": "Nested Loop", "Parent Relationship": "Outer", "Join Type": "Inner", "Startup Cost": 4.51, "Total Cost": 3346.73, "Plan Rows": 2, "Plan Width": 8, "Actual Startup Time": 11.01, "Actual Total Time": 1085.185, "Actual Rows": 5228, "Actual Loops": 1, "Inner Unique": true, "Plans": [{"Node Type": "Nested Loop", "Parent Relationship": "Outer", "Join Type": "Inner", "Startup Cost": 4.51, "Total Cost": 3326.6, "Plan Rows": 70, "Plan Width": 12, "Actual Startup Time": 8.008, "Actual Total Time": 447.869, "Actual Rows": 148552, "Actual Loops": 1, "Inner Unique": false, "Plans": [{"Node Type": "Nested Loop", "Parent Relationship": "Outer", "Join Type": "Inner", "Startup Cost": 4.51, "Total Cost": 3315.63, "Plan Rows": 33, "Plan Width": 4, "Actual Startup Time": 7.977, "Actual Total Time": 171.703, "Actual Rows": 41840, "Actual Loops": 1, "Inner Unique": false, "Plans": [{"Node Type": "Index Scan", "Parent Relationship": "Outer", "Scan Direction": "Forward", "Index Name": "keyword_pkey", "Relation Name": "keyword", "Alias": "k", "Startup Cost": 0.0, "Total Cost": 3182.72, "Plan Rows": 1, "Plan Width": 4, "Actual Startup Time": 0.191, "Actual Total Time": 115.745, "Actual Rows": 1, "Actual Loops": 1, "Filter": "((keyword)::text = 'character-name-in-title'::text)", "Rows Removed by Filter": 134168}, {"Node Type": "Bitmap Heap Scan", "Parent Relationship": "Inner", "Relation Name": "movie_keyword", "Alias": "mk", "Startup Cost": 4.51, "Total Cost": 132.58, "Plan Rows": 33, "Plan Width": 8, "Actual Startup Time": 7.779, "Actual Total Time": 46.991, "Actual Rows": 41840, "Actual Loops": 1, "Recheck Cond": "(keyword_id = k.id)", "Rows Removed by Index Recheck": 0, "Exact Heap Blocks": 9702, "Lossy Heap Blocks": 9702, "Plans": [{"Node Type": "Bitmap Index Scan", "Parent Relationship": "Outer", "Index Name": "keyword_id_movie_keyword", "Startup Cost": 0.0, "Total Cost": 4.5, "Plan Rows": 33, "Plan Width": 0, "Actual Startup Time": 6.034, "Actual Total Time": 6.034, "Actual Rows": 41840, "Actual Loops": 1, "Index Cond": "(keyword_id = k.id)"}]}]}, {"Node Type": "Index Scan", "Parent Relationship": "Inner", "Scan Direction": "Forward", "Index Name": "movie_id_movie_companies", "Relation Name": "movie_companies", "Alias": "mc", "Startup Cost": 0.0, "Total Cost": 0.31, "Plan Rows": 2, "Plan Width": 8, "Actual Startup Time": 147.833, "Actual Total Time": 220.177, "Actual Rows": 148552, "Actual Loops": 41840, "Index Cond": "(movie_id = mk.movie_id)", "Rows Removed by Index Recheck": 0}]}, {"Node Type": "Index Scan", "Parent Relationship": "Inner", "Scan Direction": "Forward", "Index Name": "company_name_pkey", "Relation Name": "company_name", "Alias": "cn", "Startup Cost": 0.0, "Total Cost": 0.28, "Plan Rows": 1, "Plan Width": 4, "Actual Startup Time": 563.904, "Actual Total Time": 563.904, "Actual Rows": 5228, "Actual Loops": 148552, "Index Cond": "(id = mc.company_id)", "Rows Removed by Index Recheck": 0, "Filter": "((country_code)::text = '[nl]'::text)", "Rows Removed by Filter": 143324}]}, {"Node Type": "Index Scan", "Parent Relationship": "Inner", "Scan Direction": "Forward", "Index Name": "title_pkey", "Relation Name": "title", "Alias": "t", "Startup Cost": 0.0, "Total Cost": 0.31, "Plan Rows": 1, "Plan Width": 21, "Actual Startup Time": 22.044, "Actual Total Time": 22.044, "Actual Rows": 5228, "Actual Loops": 5228, "Index Cond": "(id = mk.movie_id)", "Rows Removed by Index Recheck": 0}]}]}, "Triggers": [], "Planner Runtime": 9.698, "Total Runtime": 1116.687, "Unique SQL Id": 2804875951}}, "(64, '114')": {"explain_plan": {"Plan": {"Node Type": "Aggregate", "Strategy": "Plain", "Startup Cost": 3019.97, "Total Cost": 3019.98, "Plan Rows": 1, "Plan Width": 49, "Plans": [{"Node Type": "Nested Loop", "Parent Relationship": "Outer", "Join Type": "Inner", "Startup Cost": 5.3, "Total Cost": 3019.97, "Plan Rows": 2, "Plan Width": 17, "Inner Unique": true, "Join Filter": "(mc.movie_id = t.id)", "Plans": [{"Node Type": "Nested Loop", "Parent Relationship": "Outer", "Join Type": "Inner", "Startup Cost": 5.04, "Total Cost": 3011.39, "Plan Rows": 2, "Plan Width": 8, "Inner Unique": true, "Plans": [{"Node Type": "Nested Loop", "Parent Relationship": "Outer", "Join Type": "Inner", "Startup Cost": 4.78, "Total Cost": 2711.55, "Plan Rows": 70, "Plan Width": 12, "Inner Unique": false, "Plans": [{"Node Type": "Nested Loop", "Parent Relationship": "Outer", "Join Type": "Inner", "Startup Cost": 4.51, "Total Cost": 2569.02, "Plan Rows": 33, "Plan Width": 4, "Inner Unique": false, "Plans": [{"Node Type": "Seq Scan", "Parent Relationship": "Outer", "Relation Name": "keyword", "Alias": "k", "Startup Cost": 0.0, "Total Cost": 2436.11, "Plan Rows": 1, "Plan Width": 4, "Filter": "((keyword)::text = 'character-name-in-title'::text)"}, {"Node Type": "Bitmap Heap Scan", "Parent Relationship": "Inner", "Relation Name": "movie_keyword", "Alias": "mk", "Startup Cost": 4.51, "Total Cost": 132.58, "Plan Rows": 33, "Plan Width": 8, "Recheck Cond": "(keyword_id = k.id)", "Plans": [{"Node Type": "Bitmap Index Scan", "Parent Relationship": "Outer", "Index Name": "keyword_id_movie_keyword", "Startup Cost": 0.0, "Total Cost": 4.5, "Plan Rows": 33, "Plan Width": 0, "Index Cond": "(keyword_id = k.id)"}]}]}, {"Node Type": "Bitmap Heap Scan", "Parent Relationship": "Inner", "Relation Name": "movie_companies", "Alias": "mc", "Startup Cost": 0.27, "Total Cost": 4.3, "Plan Rows": 2, "Plan Width": 8, "Recheck Cond": "(movie_id = mk.movie_id)", "Plans": [{"Node Type": "Bitmap Index Scan", "Parent Relationship": "Outer", "Index Name": "movie_id_movie_companies", "Startup Cost": 0.0, "Total Cost": 0.27, "Plan Rows": 2, "Plan Width": 0, "Index Cond": "(movie_id = mk.movie_id)"}]}]}, {"Node Type": "Bitmap Heap Scan", "Parent Relationship": "Inner", "Relation Name": "company_name", "Alias": "cn", "Startup Cost": 0.26, "Total Cost": 4.27, "Plan Rows": 1, "Plan Width": 4, "Recheck Cond": "(id = mc.company_id)", "Filter": "((country_code)::text = '[nl]'::text)", "Plans": [{"Node Type": "Bitmap Index Scan", "Parent Relationship": "Outer", "Index Name": "company_name_pkey", "Startup Cost": 0.0, "Total Cost": 0.26, "Plan Rows": 1, "Plan Width": 0, "Index Cond": "(id = mc.company_id)"}]}]}, {"Node Type": "Bitmap Heap Scan", "Parent Relationship": "Inner", "Relation Name": "title", "Alias": "t", "Startup Cost": 0.27, "Total Cost": 4.28, "Plan Rows": 1, "Plan Width": 21, "Recheck Cond": "(id = mk.movie_id)", "Plans": [{"Node Type": "Bitmap Index Scan", "Parent Relationship": "Outer", "Index Name": "title_pkey", "Startup Cost": 0.0, "Total Cost": 0.27, "Plan Rows": 1, "Plan Width": 0, "Index Cond": "(id = mk.movie_id)"}]}]}]}, "Unique SQL Id": 2804875951, "Planner Runtime": 2}, "explain_analyze_plan": {"Plan": {"Node Type": "Aggregate", "Strategy": "Plain", "Startup Cost": 3019.97, "Total Cost": 3019.98, "Plan Rows": 1, "Plan Width": 49, "Actual Startup Time": 1379.762, "Actual Total Time": 1379.762, "Actual Rows": 1, "Actual Loops": 1, "Plans": [{"Node Type": "Nested Loop", "Parent Relationship": "Outer", "Join Type": "Inner", "Startup Cost": 5.3, "Total Cost": 3019.97, "Plan Rows": 2, "Plan Width": 17, "Actual Startup Time": 13.852, "Actual Total Time": 1374.961, "Actual Rows": 5228, "Actual Loops": 1, "Inner Unique": true, "Join Filter": "(mc.movie_id = t.id)", "Rows Removed by Join Filter": 0, "Plans": [{"Node Type": "Nested Loop", "Parent Relationship": "Outer", "Join Type": "Inner", "Startup Cost": 5.04, "Total Cost": 3011.39, "Plan Rows": 2, "Plan Width": 8, "Actual Startup Time": 13.83, "Actual Total Time": 1338.406, "Actual Rows": 5228, "Actual Loops": 1, "Inner Unique": true, "Plans": [{"Node Type": "Nested Loop", "Parent Relationship": "Outer", "Join Type": "Inner", "Startup Cost": 4.78, "Total Cost": 2711.55, "Plan Rows": 70, "Plan Width": 12, "Actual Startup Time": 9.636, "Actual Total Time": 474.478, "Actual Rows": 148552, "Actual Loops": 1, "Inner Unique": false, "Plans": [{"Node Type": "Nested Loop", "Parent Relationship": "Outer", "Join Type": "Inner", "Startup Cost": 4.51, "Total Cost": 2569.02, "Plan Rows": 33, "Plan Width": 4, "Actual Startup Time": 9.588, "Actual Total Time": 94.897, "Actual Rows": 41840, "Actual Loops": 1, "Inner Unique": false, "Plans": [{"Node Type": "Seq Scan", "Parent Relationship": "Outer", "Relation Name": "keyword", "Alias": "k", "Startup Cost": 0.0, "Total Cost": 2436.11, "Plan Rows": 1, "Plan Width": 4, "Actual Startup Time": 1.796, "Actual Total Time": 40.826, "Actual Rows": 1, "Actual Loops": 1, "Filter": "((keyword)::text = 'character-name-in-title'::text)", "Rows Removed by Filter": 134168}, {"Node Type": "Bitmap Heap Scan", "Parent Relationship": "Inner", "Relation Name": "movie_keyword", "Alias": "mk", "Startup Cost": 4.51, "Total Cost": 132.58, "Plan Rows": 33, "Plan Width": 8, "Actual Startup Time": 7.784, "Actual Total Time": 44.618, "Actual Rows": 41840, "Actual Loops": 1, "Recheck Cond": "(keyword_id = k.id)", "Rows Removed by Index Recheck": 0, "Exact Heap Blocks": 9702, "Lossy Heap Blocks": 9702, "Plans": [{"Node Type": "Bitmap Index Scan", "Parent Relationship": "Outer", "Index Name": "keyword_id_movie_keyword", "Startup Cost": 0.0, "Total Cost": 4.5, "Plan Rows": 33, "Plan Width": 0, "Actual Startup Time": 6.024, "Actual Total Time": 6.024, "Actual Rows": 41840, "Actual Loops": 1, "Index Cond": "(keyword_id = k.id)"}]}]}, {"Node Type": "Bitmap Heap Scan", "Parent Relationship": "Inner", "Relation Name": "movie_companies", "Alias": "mc", "Startup Cost": 0.27, "Total Cost": 4.3, "Plan Rows": 2, "Plan Width": 8, "Actual Startup Time": 239.829, "Actual Total Time": 294.063, "Actual Rows": 148552, "Actual Loops": 41840, "Recheck Cond": "(movie_id = mk.movie_id)", "Rows Removed by Index Recheck": 0, "Exact Heap Blocks": 62638, "Lossy Heap Blocks": 62638, "Plans": [{"Node Type": "Bitmap Index Scan", "Parent Relationship": "Outer", "Index Name": "movie_id_movie_companies", "Startup Cost": 0.0, "Total Cost": 0.27, "Plan Rows": 2, "Plan Width": 0, "Actual Startup Time": 149.912, "Actual Total Time": 149.912, "Actual Rows": 148552, "Actual Loops": 41840, "Index Cond": "(movie_id = mk.movie_id)"}]}]}, {"Node Type": "Bitmap Heap Scan", "Parent Relationship": "Inner", "Relation Name": "company_name", "Alias": "cn", "Startup Cost": 0.26, "Total Cost": 4.27, "Plan Rows": 1, "Plan Width": 4, "Actual Startup Time": 695.194, "Actual Total Time": 695.194, "Actual Rows": 5228, "Actual Loops": 148552, "Recheck Cond": "(id = mc.company_id)", "Rows Removed by Index Recheck": 0, "Filter": "((country_code)::text = '[nl]'::text)", "Rows Removed by Filter": 143324, "Exact Heap Blocks": 148552, "Lossy Heap Blocks": 148552, "Plans": [{"Node Type": "Bitmap Index Scan", "Parent Relationship": "Outer", "Index Name": "company_name_pkey", "Startup Cost": 0.0, "Total Cost": 0.26, "Plan Rows": 1, "Plan Width": 0, "Actual Startup Time": 387.396, "Actual Total Time": 387.396, "Actual Rows": 148552, "Actual Loops": 148552, "Index Cond": "(id = mc.company_id)"}]}]}, {"Node Type": "Bitmap Heap Scan", "Parent Relationship": "Inner", "Relation Name": "title", "Alias": "t", "Startup Cost": 0.27, "Total Cost": 4.28, "Plan Rows": 1, "Plan Width": 21, "Actual Startup Time": 27.627, "Actual Total Time": 27.627, "Actual Rows": 5228, "Actual Loops": 5228, "Recheck Cond": "(id = mk.movie_id)", "Rows Removed by Index Recheck": 0, "Exact Heap Blocks": 5228, "Lossy Heap Blocks": 5228, "Plans": [{"Node Type": "Bitmap Index Scan", "Parent Relationship": "Outer", "Index Name": "title_pkey", "Startup Cost": 0.0, "Total Cost": 0.27, "Plan Rows": 1, "Plan Width": 0, "Actual Startup Time": 16.124, "Actual Total Time": 16.124, "Actual Rows": 5228, "Actual Loops": 5228, "Index Cond": "(id = mk.movie_id)"}]}]}]}, "Triggers": [], "Planner Runtime": 9.995, "Total Runtime": 1380.114, "Unique SQL Id": 2804875951}}, "(64, '115')": {"explain_plan": {"Plan": {"Node Type": "Aggregate", "Strategy": "Plain", "Startup Cost": 3739.07, "Total Cost": 3739.08, "Plan Rows": 1, "Plan Width": 49, "Plans": [{"Node Type": "Nested Loop", "Parent Relationship": "Outer", "Join Type": "Inner", "Startup Cost": 724.4, "Total Cost": 3739.06, "Plan Rows": 2, "Plan Width": 17, "Inner Unique": true, "Join Filter": "(mc.movie_id = t.id)", "Plans": [{"Node Type": "Nested Loop", "Parent Relationship": "Outer", "Join Type": "Inner", "Startup Cost": 724.13, "Total Cost": 3730.48, "Plan Rows": 2, "Plan Width": 8, "Inner Unique": true, "Plans": [{"Node Type": "Nested Loop", "Parent Relationship": "Outer", "Join Type": "Inner", "Startup Cost": 723.87, "Total Cost": 3430.65, "Plan Rows": 70, "Plan Width": 12, "Inner Unique": false, "Plans": [{"Node Type": "Nested Loop", "Parent Relationship": "Outer", "Join Type": "Inner", "Startup Cost": 723.6, "Total Cost": 3288.12, "Plan Rows": 33, "Plan Width": 4, "Inner Unique": false, "Plans": [{"Node Type": "Bitmap Heap Scan", "Parent Relationship": "Outer", "Relation Name": "keyword", "Alias": "k", "Startup Cost": 719.1, "Total Cost": 3155.21, "Plan Rows": 1, "Plan Width": 4, "Filter": "((keyword)::text = 'character-name-in-title'::text)", "Plans": [{"Node Type": "Bitmap Index Scan", "Parent Relationship": "Outer", "Index Name": "keyword_pkey", "Startup Cost": 0.0, "Total Cost": 719.1, "Plan Rows": 134169, "Plan Width": 0}]}, {"Node Type": "Bitmap Heap Scan", "Parent Relationship": "Inner", "Relation Name": "movie_keyword", "Alias": "mk", "Startup Cost": 4.51, "Total Cost": 132.58, "Plan Rows": 33, "Plan Width": 8, "Recheck Cond": "(keyword_id = k.id)", "Plans": [{"Node Type": "Bitmap Index Scan", "Parent Relationship": "Outer", "Index Name": "keyword_id_movie_keyword", "Startup Cost": 0.0, "Total Cost": 4.5, "Plan Rows": 33, "Plan Width": 0, "Index Cond": "(keyword_id = k.id)"}]}]}, {"Node Type": "Bitmap Heap Scan", "Parent Relationship": "Inner", "Relation Name": "movie_companies", "Alias": "mc", "Startup Cost": 0.27, "Total Cost": 4.3, "Plan Rows": 2, "Plan Width": 8, "Recheck Cond": "(movie_id = mk.movie_id)", "Plans": [{"Node Type": "Bitmap Index Scan", "Parent Relationship": "Outer", "Index Name": "movie_id_movie_companies", "Startup Cost": 0.0, "Total Cost": 0.27, "Plan Rows": 2, "Plan Width": 0, "Index Cond": "(movie_id = mk.movie_id)"}]}]}, {"Node Type": "Bitmap Heap Scan", "Parent Relationship": "Inner", "Relation Name": "company_name", "Alias": "cn", "Startup Cost": 0.26, "Total Cost": 4.27, "Plan Rows": 1, "Plan Width": 4, "Recheck Cond": "(id = mc.company_id)", "Filter": "((country_code)::text = '[nl]'::text)", "Plans": [{"Node Type": "Bitmap Index Scan", "Parent Relationship": "Outer", "Index Name": "company_name_pkey", "Startup Cost": 0.0, "Total Cost": 0.26, "Plan Rows": 1, "Plan Width": 0, "Index Cond": "(id = mc.company_id)"}]}]}, {"Node Type": "Bitmap Heap Scan", "Parent Relationship": "Inner", "Relation Name": "title", "Alias": "t", "Startup Cost": 0.27, "Total Cost": 4.28, "Plan Rows": 1, "Plan Width": 21, "Recheck Cond": "(id = mk.movie_id)", "Plans": [{"Node Type": "Bitmap Index Scan", "Parent Relationship": "Outer", "Index Name": "title_pkey", "Startup Cost": 0.0, "Total Cost": 0.27, "Plan Rows": 1, "Plan Width": 0, "Index Cond": "(id = mk.movie_id)"}]}]}]}, "Unique SQL Id": 2804875951, "Planner Runtime": 2}, "explain_analyze_plan": {"Plan": {"Node Type": "Aggregate", "Strategy": "Plain", "Startup Cost": 3739.07, "Total Cost": 3739.08, "Plan Rows": 1, "Plan Width": 49, "Actual Startup Time": 1403.708, "Actual Total Time": 1403.709, "Actual Rows": 1, "Actual Loops": 1, "Plans": [{"Node Type": "Nested Loop", "Parent Relationship": "Outer", "Join Type": "Inner", "Startup Cost": 724.4, "Total Cost": 3739.06, "Plan Rows": 2, "Plan Width": 17, "Actual Startup Time": 25.933, "Actual Total Time": 1398.814, "Actual Rows": 5228, "Actual Loops": 1, "Inner Unique": true, "Join Filter": "(mc.movie_id = t.id)", "Rows Removed by Join Filter": 0, "Plans": [{"Node Type": "Nested Loop", "Parent Relationship": "Outer", "Join Type": "Inner", "Startup Cost": 724.13, "Total Cost": 3730.48, "Plan Rows": 2, "Plan Width": 8, "Actual Startup Time": 25.914, "Actual Total Time": 1361.007, "Actual Rows": 5228, "Actual Loops": 1, "Inner Unique": true, "Plans": [{"Node Type": "Nested Loop", "Parent Relationship": "Outer", "Join Type": "Inner", "Startup Cost": 723.87, "Total Cost": 3430.65, "Plan Rows": 70, "Plan Width": 12, "Actual Startup Time": 21.809, "Actual Total Time": 500.96, "Actual Rows": 148552, "Actual Loops": 1, "Inner Unique": false, "Plans": [{"Node Type": "Nested Loop", "Parent Relationship": "Outer", "Join Type": "Inner", "Startup Cost": 723.6, "Total Cost": 3288.12, "Plan Rows": 33, "Plan Width": 4, "Actual Startup Time": 21.768, "Actual Total Time": 121.31, "Actual Rows": 41840, "Actual Loops": 1, "Inner Unique": false, "Plans": [{"Node Type": "Bitmap Heap Scan", "Parent Relationship": "Outer", "Relation Name": "keyword", "Alias": "k", "Startup Cost": 719.1, "Total Cost": 3155.21, "Plan Rows": 1, "Plan Width": 4, "Actual Startup Time": 14.099, "Actual Total Time": 67.292, "Actual Rows": 1, "Actual Loops": 1, "Filter": "((keyword)::text = 'character-name-in-title'::text)", "Rows Removed by Filter": 134168, "Exact Heap Blocks": 759, "Lossy Heap Blocks": 759, "Plans": [{"Node Type": "Bitmap Index Scan", "Parent Relationship": "Outer", "Index Name": "keyword_pkey", "Startup Cost": 0.0, "Total Cost": 719.1, "Plan Rows": 134169, "Plan Width": 0, "Actual Startup Time": 11.779, "Actual Total Time": 11.779, "Actual Rows": 134169, "Actual Loops": 1}]}, {"Node Type": "Bitmap Heap Scan", "Parent Relationship": "Inner", "Relation Name": "movie_keyword", "Alias": "mk", "Startup Cost": 4.51, "Total Cost": 132.58, "Plan Rows": 33, "Plan Width": 8, "Actual Startup Time": 7.658, "Actual Total Time": 44.762, "Actual Rows": 41840, "Actual Loops": 1, "Recheck Cond": "(keyword_id = k.id)", "Rows Removed by Index Recheck": 0, "Exact Heap Blocks": 9702, "Lossy Heap Blocks": 9702, "Plans": [{"Node Type": "Bitmap Index Scan", "Parent Relationship": "Outer", "Index Name": "keyword_id_movie_keyword", "Startup Cost": 0.0, "Total Cost": 4.5, "Plan Rows": 33, "Plan Width": 0, "Actual Startup Time": 5.929, "Actual Total Time": 5.929, "Actual Rows": 41840, "Actual Loops": 1, "Index Cond": "(keyword_id = k.id)"}]}]}, {"Node Type": "Bitmap Heap Scan", "Parent Relationship": "Inner", "Relation Name": "movie_companies", "Alias": "mc", "Startup Cost": 0.27, "Total Cost": 4.3, "Plan Rows": 2, "Plan Width": 8, "Actual Startup Time": 239.943, "Actual Total Time": 294.096, "Actual Rows": 148552, "Actual Loops": 41840, "Recheck Cond": "(movie_id = mk.movie_id)", "Rows Removed by Index Recheck": 0, "Exact Heap Blocks": 62638, "Lossy Heap Blocks": 62638, "Plans": [{"Node Type": "Bitmap Index Scan", "Parent Relationship": "Outer", "Index Name": "movie_id_movie_companies", "Startup Cost": 0.0, "Total Cost": 0.27, "Plan Rows": 2, "Plan Width": 0, "Actual Startup Time": 149.366, "Actual Total Time": 149.366, "Actual Rows": 148552, "Actual Loops": 41840, "Index Cond": "(movie_id = mk.movie_id)"}]}]}, {"Node Type": "Bitmap Heap Scan", "Parent Relationship": "Inner", "Relation Name": "company_name", "Alias": "cn", "Startup Cost": 0.26, "Total Cost": 4.27, "Plan Rows": 1, "Plan Width": 4, "Actual Startup Time": 691.231, "Actual Total Time": 691.231, "Actual Rows": 5228, "Actual Loops": 148552, "Recheck Cond": "(id = mc.company_id)", "Rows Removed by Index Recheck": 0, "Filter": "((country_code)::text = '[nl]'::text)", "Rows Removed by Filter": 143324, "Exact Heap Blocks": 148552, "Lossy Heap Blocks": 148552, "Plans": [{"Node Type": "Bitmap Index Scan", "Parent Relationship": "Outer", "Index Name": "company_name_pkey", "Startup Cost": 0.0, "Total Cost": 0.26, "Plan Rows": 1, "Plan Width": 0, "Actual Startup Time": 387.407, "Actual Total Time": 387.407, "Actual Rows": 148552, "Actual Loops": 148552, "Index Cond": "(id = mc.company_id)"}]}]}, {"Node Type": "Bitmap Heap Scan", "Parent Relationship": "Inner", "Relation Name": "title", "Alias": "t", "Startup Cost": 0.27, "Total Cost": 4.28, "Plan Rows": 1, "Plan Width": 21, "Actual Startup Time": 27.84, "Actual Total Time": 27.84, "Actual Rows": 5228, "Actual Loops": 5228, "Recheck Cond": "(id = mk.movie_id)", "Rows Removed by Index Recheck": 0, "Exact Heap Blocks": 5228, "Lossy Heap Blocks": 5228, "Plans": [{"Node Type": "Bitmap Index Scan", "Parent Relationship": "Outer", "Index Name": "title_pkey", "Startup Cost": 0.0, "Total Cost": 0.27, "Plan Rows": 1, "Plan Width": 0, "Actual Startup Time": 16.25, "Actual Total Time": 16.25, "Actual Rows": 5228, "Actual Loops": 5228, "Index Cond": "(id = mk.movie_id)"}]}]}]}, "Triggers": [], "Planner Runtime": 9.206, "Total Runtime": 1404.134, "Unique SQL Id": 2804875951}}, "(64, '116')": {"explain_plan": {"Plan": {"Node Type": "Aggregate", "Strategy": "Plain", "Startup Cost": 2600.78, "Total Cost": 2600.79, "Plan Rows": 1, "Plan Width": 49, "Plans": [{"Node Type": "Nested Loop", "Parent Relationship": "Outer", "Join Type": "Inner", "Startup Cost": 4.51, "Total Cost": 2600.77, "Plan Rows": 2, "Plan Width": 17, "Inner Unique": true, "Join Filter": "(mc.movie_id = t.id)", "Plans": [{"Node Type": "Nested Loop", "Parent Relationship": "Outer", "Join Type": "Inner", "Startup Cost": 4.51, "Total Cost": 2600.13, "Plan Rows": 2, "Plan Width": 8, "Inner Unique": true, "Plans": [{"Node Type": "Nested Loop", "Parent Relationship": "Outer", "Join Type": "Inner", "Startup Cost": 4.51, "Total Cost": 2579.99, "Plan Rows": 70, "Plan Width": 12, "Inner Unique": false, "Plans": [{"Node Type": "Nested Loop", "Parent Relationship": "Outer", "Join Type": "Inner", "Startup Cost": 4.51, "Total Cost": 2569.02, "Plan Rows": 33, "Plan Width": 4, "Inner Unique": false, "Plans": [{"Node Type": "Seq Scan", "Parent Relationship": "Outer", "Relation Name": "keyword", "Alias": "k", "Startup Cost": 0.0, "Total Cost": 2436.11, "Plan Rows": 1, "Plan Width": 4, "Filter": "((keyword)::text = 'character-name-in-title'::text)"}, {"Node Type": "Bitmap Heap Scan", "Parent Relationship": "Inner", "Relation Name": "movie_keyword", "Alias": "mk", "Startup Cost": 4.51, "Total Cost": 132.58, "Plan Rows": 33, "Plan Width": 8, "Recheck Cond": "(keyword_id = k.id)", "Plans": [{"Node Type": "Bitmap Index Scan", "Parent Relationship": "Outer", "Index Name": "keyword_id_movie_keyword", "Startup Cost": 0.0, "Total Cost": 4.5, "Plan Rows": 33, "Plan Width": 0, "Index Cond": "(keyword_id = k.id)"}]}]}, {"Node Type": "Index Scan", "Parent Relationship": "Inner", "Scan Direction": "Forward", "Index Name": "movie_id_movie_companies", "Relation Name": "movie_companies", "Alias": "mc", "Startup Cost": 0.0, "Total Cost": 0.31, "Plan Rows": 2, "Plan Width": 8, "Index Cond": "(movie_id = mk.movie_id)"}]}, {"Node Type": "Index Scan", "Parent Relationship": "Inner", "Scan Direction": "Forward", "Index Name": "company_name_pkey", "Relation Name": "company_name", "Alias": "cn", "Startup Cost": 0.0, "Total Cost": 0.28, "Plan Rows": 1, "Plan Width": 4, "Index Cond": "(id = mc.company_id)", "Filter": "((country_code)::text = '[nl]'::text)"}]}, {"Node Type": "Index Scan", "Parent Relationship": "Inner", "Scan Direction": "Forward", "Index Name": "title_pkey", "Relation Name": "title", "Alias": "t", "Startup Cost": 0.0, "Total Cost": 0.31, "Plan Rows": 1, "Plan Width": 21, "Index Cond": "(id = mk.movie_id)"}]}]}, "Unique SQL Id": 2804875951, "Planner Runtime": 2}, "explain_analyze_plan": {"Plan": {"Node Type": "Aggregate", "Strategy": "Plain", "Startup Cost": 2600.78, "Total Cost": 2600.79, "Plan Rows": 1, "Plan Width": 49, "Actual Startup Time": 1011.525, "Actual Total Time": 1011.525, "Actual Rows": 1, "Actual Loops": 1, "Plans": [{"Node Type": "Nested Loop", "Parent Relationship": "Outer", "Join Type": "Inner", "Startup Cost": 4.51, "Total Cost": 2600.77, "Plan Rows": 2, "Plan Width": 17, "Actual Startup Time": 12.528, "Actual Total Time": 1007.96, "Actual Rows": 5228, "Actual Loops": 1, "Inner Unique": true, "Join Filter": "(mc.movie_id = t.id)", "Rows Removed by Join Filter": 0, "Plans": [{"Node Type": "Nested Loop", "Parent Relationship": "Outer", "Join Type": "Inner", "Startup Cost": 4.51, "Total Cost": 2600.13, "Plan Rows": 2, "Plan Width": 8, "Actual Startup Time": 12.513, "Actual Total Time": 980.622, "Actual Rows": 5228, "Actual Loops": 1, "Inner Unique": true, "Plans": [{"Node Type": "Nested Loop", "Parent Relationship": "Outer", "Join Type": "Inner", "Startup Cost": 4.51, "Total Cost": 2579.99, "Plan Rows": 70, "Plan Width": 12, "Actual Startup Time": 9.527, "Actual Total Time": 365.273, "Actual Rows": 148552, "Actual Loops": 1, "Inner Unique": false, "Plans": [{"Node Type": "Nested Loop", "Parent Relationship": "Outer", "Join Type": "Inner", "Startup Cost": 4.51, "Total Cost": 2569.02, "Plan Rows": 33, "Plan Width": 4, "Actual Startup Time": 9.495, "Actual Total Time": 95.383, "Actual Rows": 41840, "Actual Loops": 1, "Inner Unique": false, "Plans": [{"Node Type": "Seq Scan", "Parent Relationship": "Outer", "Relation Name": "keyword", "Alias": "k", "Startup Cost": 0.0, "Total Cost": 2436.11, "Plan Rows": 1, "Plan Width": 4, "Actual Startup Time": 1.783, "Actual Total Time": 40.829, "Actual Rows": 1, "Actual Loops": 1, "Filter": "((keyword)::text = 'character-name-in-title'::text)", "Rows Removed by Filter": 134168}, {"Node Type": "Bitmap Heap Scan", "Parent Relationship": "Inner", "Relation Name": "movie_keyword", "Alias": "mk", "Startup Cost": 4.51, "Total Cost": 132.58, "Plan Rows": 33, "Plan Width": 8, "Actual Startup Time": 7.703, "Actual Total Time": 45.702, "Actual Rows": 41840, "Actual Loops": 1, "Recheck Cond": "(keyword_id = k.id)", "Rows Removed by Index Recheck": 0, "Exact Heap Blocks": 9702, "Lossy Heap Blocks": 9702, "Plans": [{"Node Type": "Bitmap Index Scan", "Parent Relationship": "Outer", "Index Name": "keyword_id_movie_keyword", "Startup Cost": 0.0, "Total Cost": 4.5, "Plan Rows": 33, "Plan Width": 0, "Actual Startup Time": 5.948, "Actual Total Time": 5.948, "Actual Rows": 41840, "Actual Loops": 1, "Index Cond": "(keyword_id = k.id)"}]}]}, {"Node Type": "Index Scan", "Parent Relationship": "Inner", "Scan Direction": "Forward", "Index Name": "movie_id_movie_companies", "Relation Name": "movie_companies", "Alias": "mc", "Startup Cost": 0.0, "Total Cost": 0.31, "Plan Rows": 2, "Plan Width": 8, "Actual Startup Time": 143.277, "Actual Total Time": 214.488, "Actual Rows": 148552, "Actual Loops": 41840, "Index Cond": "(movie_id = mk.movie_id)", "Rows Removed by Index Recheck": 0}]}, {"Node Type": "Index Scan", "Parent Relationship": "Inner", "Scan Direction": "Forward", "Index Name": "company_name_pkey", "Relation Name": "company_name", "Alias": "cn", "Startup Cost": 0.0, "Total Cost": 0.28, "Plan Rows": 1, "Plan Width": 4, "Actual Startup Time": 541.94, "Actual Total Time": 541.94, "Actual Rows": 5228, "Actual Loops": 148552, "Index Cond": "(id = mc.company_id)", "Rows Removed by Index Recheck": 0, "Filter": "((country_code)::text = '[nl]'::text)", "Rows Removed by Filter": 143324}]}, {"Node Type": "Index Scan", "Parent Relationship": "Inner", "Scan Direction": "Forward", "Index Name": "title_pkey", "Relation Name": "title", "Alias": "t", "Startup Cost": 0.0, "Total Cost": 0.31, "Plan Rows": 1, "Plan Width": 21, "Actual Startup Time": 21.446, "Actual Total Time": 21.446, "Actual Rows": 5228, "Actual Loops": 5228, "Index Cond": "(id = mk.movie_id)", "Rows Removed by Index Recheck": 0}]}]}, "Triggers": [], "Planner Runtime": 9.832, "Total Runtime": 1011.849, "Unique SQL Id": 2804875951}}, "(64, '117')": {"explain_plan": {"Plan": {"Node Type": "Aggregate", "Strategy": "Plain", "Startup Cost": 3347.38, "Total Cost": 3347.39, "Plan Rows": 1, "Plan Width": 49, "Plans": [{"Node Type": "Nested Loop", "Parent Relationship": "Outer", "Join Type": "Inner", "Startup Cost": 4.51, "Total Cost": 3347.38, "Plan Rows": 2, "Plan Width": 17, "Inner Unique": true, "Join Filter": "(mc.movie_id = t.id)", "Plans": [{"Node Type": "Nested Loop", "Parent Relationship": "Outer", "Join Type": "Inner", "Startup Cost": 4.51, "Total Cost": 3346.73, "Plan Rows": 2, "Plan Width": 8, "Inner Unique": true, "Plans": [{"Node Type": "Nested Loop", "Parent Relationship": "Outer", "Join Type": "Inner", "Startup Cost": 4.51, "Total Cost": 3326.6, "Plan Rows": 70, "Plan Width": 12, "Inner Unique": false, "Plans": [{"Node Type": "Nested Loop", "Parent Relationship": "Outer", "Join Type": "Inner", "Startup Cost": 4.51, "Total Cost": 3315.63, "Plan Rows": 33, "Plan Width": 4, "Inner Unique": false, "Plans": [{"Node Type": "Index Scan", "Parent Relationship": "Outer", "Scan Direction": "Forward", "Index Name": "keyword_pkey", "Relation Name": "keyword", "Alias": "k", "Startup Cost": 0.0, "Total Cost": 3182.72, "Plan Rows": 1, "Plan Width": 4, "Filter": "((keyword)::text = 'character-name-in-title'::text)"}, {"Node Type": "Bitmap Heap Scan", "Parent Relationship": "Inner", "Relation Name": "movie_keyword", "Alias": "mk", "Startup Cost": 4.51, "Total Cost": 132.58, "Plan Rows": 33, "Plan Width": 8, "Recheck Cond": "(keyword_id = k.id)", "Plans": [{"Node Type": "Bitmap Index Scan", "Parent Relationship": "Outer", "Index Name": "keyword_id_movie_keyword", "Startup Cost": 0.0, "Total Cost": 4.5, "Plan Rows": 33, "Plan Width": 0, "Index Cond": "(keyword_id = k.id)"}]}]}, {"Node Type": "Index Scan", "Parent Relationship": "Inner", "Scan Direction": "Forward", "Index Name": "movie_id_movie_companies", "Relation Name": "movie_companies", "Alias": "mc", "Startup Cost": 0.0, "Total Cost": 0.31, "Plan Rows": 2, "Plan Width": 8, "Index Cond": "(movie_id = mk.movie_id)"}]}, {"Node Type": "Index Scan", "Parent Relationship": "Inner", "Scan Direction": "Forward", "Index Name": "company_name_pkey", "Relation Name": "company_name", "Alias": "cn", "Startup Cost": 0.0, "Total Cost": 0.28, "Plan Rows": 1, "Plan Width": 4, "Index Cond": "(id = mc.company_id)", "Filter": "((country_code)::text = '[nl]'::text)"}]}, {"Node Type": "Index Scan", "Parent Relationship": "Inner", "Scan Direction": "Forward", "Index Name": "title_pkey", "Relation Name": "title", "Alias": "t", "Startup Cost": 0.0, "Total Cost": 0.31, "Plan Rows": 1, "Plan Width": 21, "Index Cond": "(id = mk.movie_id)"}]}]}, "Unique SQL Id": 2804875951, "Planner Runtime": 2}, "explain_analyze_plan": {"Plan": {"Node Type": "Aggregate", "Strategy": "Plain", "Startup Cost": 3347.38, "Total Cost": 3347.39, "Plan Rows": 1, "Plan Width": 49, "Actual Startup Time": 1116.379, "Actual Total Time": 1116.38, "Actual Rows": 1, "Actual Loops": 1, "Plans": [{"Node Type": "Nested Loop", "Parent Relationship": "Outer", "Join Type": "Inner", "Startup Cost": 4.51, "Total Cost": 3347.38, "Plan Rows": 2, "Plan Width": 17, "Actual Startup Time": 11.025, "Actual Total Time": 1112.884, "Actual Rows": 5228, "Actual Loops": 1, "Inner Unique": true, "Join Filter": "(mc.movie_id = t.id)", "Rows Removed by Join Filter": 0, "Plans": [{"Node Type": "Nested Loop", "Parent Relationship": "Outer", "Join Type": "Inner", "Startup Cost": 4.51, "Total Cost": 3346.73, "Plan Rows": 2, "Plan Width": 8, "Actual Startup Time": 11.01, "Actual Total Time": 1085.185, "Actual Rows": 5228, "Actual Loops": 1, "Inner Unique": true, "Plans": [{"Node Type": "Nested Loop", "Parent Relationship": "Outer", "Join Type": "Inner", "Startup Cost": 4.51, "Total Cost": 3326.6, "Plan Rows": 70, "Plan Width": 12, "Actual Startup Time": 8.008, "Actual Total Time": 447.869, "Actual Rows": 148552, "Actual Loops": 1, "Inner Unique": false, "Plans": [{"Node Type": "Nested Loop", "Parent Relationship": "Outer", "Join Type": "Inner", "Startup Cost": 4.51, "Total Cost": 3315.63, "Plan Rows": 33, "Plan Width": 4, "Actual Startup Time": 7.977, "Actual Total Time": 171.703, "Actual Rows": 41840, "Actual Loops": 1, "Inner Unique": false, "Plans": [{"Node Type": "Index Scan", "Parent Relationship": "Outer", "Scan Direction": "Forward", "Index Name": "keyword_pkey", "Relation Name": "keyword", "Alias": "k", "Startup Cost": 0.0, "Total Cost": 3182.72, "Plan Rows": 1, "Plan Width": 4, "Actual Startup Time": 0.191, "Actual Total Time": 115.745, "Actual Rows": 1, "Actual Loops": 1, "Filter": "((keyword)::text = 'character-name-in-title'::text)", "Rows Removed by Filter": 134168}, {"Node Type": "Bitmap Heap Scan", "Parent Relationship": "Inner", "Relation Name": "movie_keyword", "Alias": "mk", "Startup Cost": 4.51, "Total Cost": 132.58, "Plan Rows": 33, "Plan Width": 8, "Actual Startup Time": 7.779, "Actual Total Time": 46.991, "Actual Rows": 41840, "Actual Loops": 1, "Recheck Cond": "(keyword_id = k.id)", "Rows Removed by Index Recheck": 0, "Exact Heap Blocks": 9702, "Lossy Heap Blocks": 9702, "Plans": [{"Node Type": "Bitmap Index Scan", "Parent Relationship": "Outer", "Index Name": "keyword_id_movie_keyword", "Startup Cost": 0.0, "Total Cost": 4.5, "Plan Rows": 33, "Plan Width": 0, "Actual Startup Time": 6.034, "Actual Total Time": 6.034, "Actual Rows": 41840, "Actual Loops": 1, "Index Cond": "(keyword_id = k.id)"}]}]}, {"Node Type": "Index Scan", "Parent Relationship": "Inner", "Scan Direction": "Forward", "Index Name": "movie_id_movie_companies", "Relation Name": "movie_companies", "Alias": "mc", "Startup Cost": 0.0, "Total Cost": 0.31, "Plan Rows": 2, "Plan Width": 8, "Actual Startup Time": 147.833, "Actual Total Time": 220.177, "Actual Rows": 148552, "Actual Loops": 41840, "Index Cond": "(movie_id = mk.movie_id)", "Rows Removed by Index Recheck": 0}]}, {"Node Type": "Index Scan", "Parent Relationship": "Inner", "Scan Direction": "Forward", "Index Name": "company_name_pkey", "Relation Name": "company_name", "Alias": "cn", "Startup Cost": 0.0, "Total Cost": 0.28, "Plan Rows": 1, "Plan Width": 4, "Actual Startup Time": 563.904, "Actual Total Time": 563.904, "Actual Rows": 5228, "Actual Loops": 148552, "Index Cond": "(id = mc.company_id)", "Rows Removed by Index Recheck": 0, "Filter": "((country_code)::text = '[nl]'::text)", "Rows Removed by Filter": 143324}]}, {"Node Type": "Index Scan", "Parent Relationship": "Inner", "Scan Direction": "Forward", "Index Name": "title_pkey", "Relation Name": "title", "Alias": "t", "Startup Cost": 0.0, "Total Cost": 0.31, "Plan Rows": 1, "Plan Width": 21, "Actual Startup Time": 22.044, "Actual Total Time": 22.044, "Actual Rows": 5228, "Actual Loops": 5228, "Index Cond": "(id = mk.movie_id)", "Rows Removed by Index Recheck": 0}]}]}, "Triggers": [], "Planner Runtime": 9.698, "Total Runtime": 1116.687, "Unique SQL Id": 2804875951}}, "(64, '118')": {"explain_plan": {"Plan": {"Node Type": "Aggregate", "Strategy": "Plain", "Startup Cost": 3019.97, "Total Cost": 3019.98, "Plan Rows": 1, "Plan Width": 49, "Plans": [{"Node Type": "Nested Loop", "Parent Relationship": "Outer", "Join Type": "Inner", "Startup Cost": 5.3, "Total Cost": 3019.97, "Plan Rows": 2, "Plan Width": 17, "Inner Unique": true, "Join Filter": "(mc.movie_id = t.id)", "Plans": [{"Node Type": "Nested Loop", "Parent Relationship": "Outer", "Join Type": "Inner", "Startup Cost": 5.04, "Total Cost": 3011.39, "Plan Rows": 2, "Plan Width": 8, "Inner Unique": true, "Plans": [{"Node Type": "Nested Loop", "Parent Relationship": "Outer", "Join Type": "Inner", "Startup Cost": 4.78, "Total Cost": 2711.55, "Plan Rows": 70, "Plan Width": 12, "Inner Unique": false, "Plans": [{"Node Type": "Nested Loop", "Parent Relationship": "Outer", "Join Type": "Inner", "Startup Cost": 4.51, "Total Cost": 2569.02, "Plan Rows": 33, "Plan Width": 4, "Inner Unique": false, "Plans": [{"Node Type": "Seq Scan", "Parent Relationship": "Outer", "Relation Name": "keyword", "Alias": "k", "Startup Cost": 0.0, "Total Cost": 2436.11, "Plan Rows": 1, "Plan Width": 4, "Filter": "((keyword)::text = 'character-name-in-title'::text)"}, {"Node Type": "Bitmap Heap Scan", "Parent Relationship": "Inner", "Relation Name": "movie_keyword", "Alias": "mk", "Startup Cost": 4.51, "Total Cost": 132.58, "Plan Rows": 33, "Plan Width": 8, "Recheck Cond": "(keyword_id = k.id)", "Plans": [{"Node Type": "Bitmap Index Scan", "Parent Relationship": "Outer", "Index Name": "keyword_id_movie_keyword", "Startup Cost": 0.0, "Total Cost": 4.5, "Plan Rows": 33, "Plan Width": 0, "Index Cond": "(keyword_id = k.id)"}]}]}, {"Node Type": "Bitmap Heap Scan", "Parent Relationship": "Inner", "Relation Name": "movie_companies", "Alias": "mc", "Startup Cost": 0.27, "Total Cost": 4.3, "Plan Rows": 2, "Plan Width": 8, "Recheck Cond": "(movie_id = mk.movie_id)", "Plans": [{"Node Type": "Bitmap Index Scan", "Parent Relationship": "Outer", "Index Name": "movie_id_movie_companies", "Startup Cost": 0.0, "Total Cost": 0.27, "Plan Rows": 2, "Plan Width": 0, "Index Cond": "(movie_id = mk.movie_id)"}]}]}, {"Node Type": "Bitmap Heap Scan", "Parent Relationship": "Inner", "Relation Name": "company_name", "Alias": "cn", "Startup Cost": 0.26, "Total Cost": 4.27, "Plan Rows": 1, "Plan Width": 4, "Recheck Cond": "(id = mc.company_id)", "Filter": "((country_code)::text = '[nl]'::text)", "Plans": [{"Node Type": "Bitmap Index Scan", "Parent Relationship": "Outer", "Index Name": "company_name_pkey", "Startup Cost": 0.0, "Total Cost": 0.26, "Plan Rows": 1, "Plan Width": 0, "Index Cond": "(id = mc.company_id)"}]}]}, {"Node Type": "Bitmap Heap Scan", "Parent Relationship": "Inner", "Relation Name": "title", "Alias": "t", "Startup Cost": 0.27, "Total Cost": 4.28, "Plan Rows": 1, "Plan Width": 21, "Recheck Cond": "(id = mk.movie_id)", "Plans": [{"Node Type": "Bitmap Index Scan", "Parent Relationship": "Outer", "Index Name": "title_pkey", "Startup Cost": 0.0, "Total Cost": 0.27, "Plan Rows": 1, "Plan Width": 0, "Index Cond": "(id = mk.movie_id)"}]}]}]}, "Unique SQL Id": 2804875951, "Planner Runtime": 2}, "explain_analyze_plan": {"Plan": {"Node Type": "Aggregate", "Strategy": "Plain", "Startup Cost": 3019.97, "Total Cost": 3019.98, "Plan Rows": 1, "Plan Width": 49, "Actual Startup Time": 1379.762, "Actual Total Time": 1379.762, "Actual Rows": 1, "Actual Loops": 1, "Plans": [{"Node Type": "Nested Loop", "Parent Relationship": "Outer", "Join Type": "Inner", "Startup Cost": 5.3, "Total Cost": 3019.97, "Plan Rows": 2, "Plan Width": 17, "Actual Startup Time": 13.852, "Actual Total Time": 1374.961, "Actual Rows": 5228, "Actual Loops": 1, "Inner Unique": true, "Join Filter": "(mc.movie_id = t.id)", "Rows Removed by Join Filter": 0, "Plans": [{"Node Type": "Nested Loop", "Parent Relationship": "Outer", "Join Type": "Inner", "Startup Cost": 5.04, "Total Cost": 3011.39, "Plan Rows": 2, "Plan Width": 8, "Actual Startup Time": 13.83, "Actual Total Time": 1338.406, "Actual Rows": 5228, "Actual Loops": 1, "Inner Unique": true, "Plans": [{"Node Type": "Nested Loop", "Parent Relationship": "Outer", "Join Type": "Inner", "Startup Cost": 4.78, "Total Cost": 2711.55, "Plan Rows": 70, "Plan Width": 12, "Actual Startup Time": 9.636, "Actual Total Time": 474.478, "Actual Rows": 148552, "Actual Loops": 1, "Inner Unique": false, "Plans": [{"Node Type": "Nested Loop", "Parent Relationship": "Outer", "Join Type": "Inner", "Startup Cost": 4.51, "Total Cost": 2569.02, "Plan Rows": 33, "Plan Width": 4, "Actual Startup Time": 9.588, "Actual Total Time": 94.897, "Actual Rows": 41840, "Actual Loops": 1, "Inner Unique": false, "Plans": [{"Node Type": "Seq Scan", "Parent Relationship": "Outer", "Relation Name": "keyword", "Alias": "k", "Startup Cost": 0.0, "Total Cost": 2436.11, "Plan Rows": 1, "Plan Width": 4, "Actual Startup Time": 1.796, "Actual Total Time": 40.826, "Actual Rows": 1, "Actual Loops": 1, "Filter": "((keyword)::text = 'character-name-in-title'::text)", "Rows Removed by Filter": 134168}, {"Node Type": "Bitmap Heap Scan", "Parent Relationship": "Inner", "Relation Name": "movie_keyword", "Alias": "mk", "Startup Cost": 4.51, "Total Cost": 132.58, "Plan Rows": 33, "Plan Width": 8, "Actual Startup Time": 7.784, "Actual Total Time": 44.618, "Actual Rows": 41840, "Actual Loops": 1, "Recheck Cond": "(keyword_id = k.id)", "Rows Removed by Index Recheck": 0, "Exact Heap Blocks": 9702, "Lossy Heap Blocks": 9702, "Plans": [{"Node Type": "Bitmap Index Scan", "Parent Relationship": "Outer", "Index Name": "keyword_id_movie_keyword", "Startup Cost": 0.0, "Total Cost": 4.5, "Plan Rows": 33, "Plan Width": 0, "Actual Startup Time": 6.024, "Actual Total Time": 6.024, "Actual Rows": 41840, "Actual Loops": 1, "Index Cond": "(keyword_id = k.id)"}]}]}, {"Node Type": "Bitmap Heap Scan", "Parent Relationship": "Inner", "Relation Name": "movie_companies", "Alias": "mc", "Startup Cost": 0.27, "Total Cost": 4.3, "Plan Rows": 2, "Plan Width": 8, "Actual Startup Time": 239.829, "Actual Total Time": 294.063, "Actual Rows": 148552, "Actual Loops": 41840, "Recheck Cond": "(movie_id = mk.movie_id)", "Rows Removed by Index Recheck": 0, "Exact Heap Blocks": 62638, "Lossy Heap Blocks": 62638, "Plans": [{"Node Type": "Bitmap Index Scan", "Parent Relationship": "Outer", "Index Name": "movie_id_movie_companies", "Startup Cost": 0.0, "Total Cost": 0.27, "Plan Rows": 2, "Plan Width": 0, "Actual Startup Time": 149.912, "Actual Total Time": 149.912, "Actual Rows": 148552, "Actual Loops": 41840, "Index Cond": "(movie_id = mk.movie_id)"}]}]}, {"Node Type": "Bitmap Heap Scan", "Parent Relationship": "Inner", "Relation Name": "company_name", "Alias": "cn", "Startup Cost": 0.26, "Total Cost": 4.27, "Plan Rows": 1, "Plan Width": 4, "Actual Startup Time": 695.194, "Actual Total Time": 695.194, "Actual Rows": 5228, "Actual Loops": 148552, "Recheck Cond": "(id = mc.company_id)", "Rows Removed by Index Recheck": 0, "Filter": "((country_code)::text = '[nl]'::text)", "Rows Removed by Filter": 143324, "Exact Heap Blocks": 148552, "Lossy Heap Blocks": 148552, "Plans": [{"Node Type": "Bitmap Index Scan", "Parent Relationship": "Outer", "Index Name": "company_name_pkey", "Startup Cost": 0.0, "Total Cost": 0.26, "Plan Rows": 1, "Plan Width": 0, "Actual Startup Time": 387.396, "Actual Total Time": 387.396, "Actual Rows": 148552, "Actual Loops": 148552, "Index Cond": "(id = mc.company_id)"}]}]}, {"Node Type": "Bitmap Heap Scan", "Parent Relationship": "Inner", "Relation Name": "title", "Alias": "t", "Startup Cost": 0.27, "Total Cost": 4.28, "Plan Rows": 1, "Plan Width": 21, "Actual Startup Time": 27.627, "Actual Total Time": 27.627, "Actual Rows": 5228, "Actual Loops": 5228, "Recheck Cond": "(id = mk.movie_id)", "Rows Removed by Index Recheck": 0, "Exact Heap Blocks": 5228, "Lossy Heap Blocks": 5228, "Plans": [{"Node Type": "Bitmap Index Scan", "Parent Relationship": "Outer", "Index Name": "title_pkey", "Startup Cost": 0.0, "Total Cost": 0.27, "Plan Rows": 1, "Plan Width": 0, "Actual Startup Time": 16.124, "Actual Total Time": 16.124, "Actual Rows": 5228, "Actual Loops": 5228, "Index Cond": "(id = mk.movie_id)"}]}]}]}, "Triggers": [], "Planner Runtime": 9.995, "Total Runtime": 1380.114, "Unique SQL Id": 2804875951}}, "(64, '119')": {"explain_plan": {"Plan": {"Node Type": "Aggregate", "Strategy": "Plain", "Startup Cost": 3739.07, "Total Cost": 3739.08, "Plan Rows": 1, "Plan Width": 49, "Plans": [{"Node Type": "Nested Loop", "Parent Relationship": "Outer", "Join Type": "Inner", "Startup Cost": 724.4, "Total Cost": 3739.06, "Plan Rows": 2, "Plan Width": 17, "Inner Unique": true, "Join Filter": "(mc.movie_id = t.id)", "Plans": [{"Node Type": "Nested Loop", "Parent Relationship": "Outer", "Join Type": "Inner", "Startup Cost": 724.13, "Total Cost": 3730.48, "Plan Rows": 2, "Plan Width": 8, "Inner Unique": true, "Plans": [{"Node Type": "Nested Loop", "Parent Relationship": "Outer", "Join Type": "Inner", "Startup Cost": 723.87, "Total Cost": 3430.65, "Plan Rows": 70, "Plan Width": 12, "Inner Unique": false, "Plans": [{"Node Type": "Nested Loop", "Parent Relationship": "Outer", "Join Type": "Inner", "Startup Cost": 723.6, "Total Cost": 3288.12, "Plan Rows": 33, "Plan Width": 4, "Inner Unique": false, "Plans": [{"Node Type": "Bitmap Heap Scan", "Parent Relationship": "Outer", "Relation Name": "keyword", "Alias": "k", "Startup Cost": 719.1, "Total Cost": 3155.21, "Plan Rows": 1, "Plan Width": 4, "Filter": "((keyword)::text = 'character-name-in-title'::text)", "Plans": [{"Node Type": "Bitmap Index Scan", "Parent Relationship": "Outer", "Index Name": "keyword_pkey", "Startup Cost": 0.0, "Total Cost": 719.1, "Plan Rows": 134169, "Plan Width": 0}]}, {"Node Type": "Bitmap Heap Scan", "Parent Relationship": "Inner", "Relation Name": "movie_keyword", "Alias": "mk", "Startup Cost": 4.51, "Total Cost": 132.58, "Plan Rows": 33, "Plan Width": 8, "Recheck Cond": "(keyword_id = k.id)", "Plans": [{"Node Type": "Bitmap Index Scan", "Parent Relationship": "Outer", "Index Name": "keyword_id_movie_keyword", "Startup Cost": 0.0, "Total Cost": 4.5, "Plan Rows": 33, "Plan Width": 0, "Index Cond": "(keyword_id = k.id)"}]}]}, {"Node Type": "Bitmap Heap Scan", "Parent Relationship": "Inner", "Relation Name": "movie_companies", "Alias": "mc", "Startup Cost": 0.27, "Total Cost": 4.3, "Plan Rows": 2, "Plan Width": 8, "Recheck Cond": "(movie_id = mk.movie_id)", "Plans": [{"Node Type": "Bitmap Index Scan", "Parent Relationship": "Outer", "Index Name": "movie_id_movie_companies", "Startup Cost": 0.0, "Total Cost": 0.27, "Plan Rows": 2, "Plan Width": 0, "Index Cond": "(movie_id = mk.movie_id)"}]}]}, {"Node Type": "Bitmap Heap Scan", "Parent Relationship": "Inner", "Relation Name": "company_name", "Alias": "cn", "Startup Cost": 0.26, "Total Cost": 4.27, "Plan Rows": 1, "Plan Width": 4, "Recheck Cond": "(id = mc.company_id)", "Filter": "((country_code)::text = '[nl]'::text)", "Plans": [{"Node Type": "Bitmap Index Scan", "Parent Relationship": "Outer", "Index Name": "company_name_pkey", "Startup Cost": 0.0, "Total Cost": 0.26, "Plan Rows": 1, "Plan Width": 0, "Index Cond": "(id = mc.company_id)"}]}]}, {"Node Type": "Bitmap Heap Scan", "Parent Relationship": "Inner", "Relation Name": "title", "Alias": "t", "Startup Cost": 0.27, "Total Cost": 4.28, "Plan Rows": 1, "Plan Width": 21, "Recheck Cond": "(id = mk.movie_id)", "Plans": [{"Node Type": "Bitmap Index Scan", "Parent Relationship": "Outer", "Index Name": "title_pkey", "Startup Cost": 0.0, "Total Cost": 0.27, "Plan Rows": 1, "Plan Width": 0, "Index Cond": "(id = mk.movie_id)"}]}]}]}, "Unique SQL Id": 2804875951, "Planner Runtime": 2}, "explain_analyze_plan": {"Plan": {"Node Type": "Aggregate", "Strategy": "Plain", "Startup Cost": 3739.07, "Total Cost": 3739.08, "Plan Rows": 1, "Plan Width": 49, "Actual Startup Time": 1403.708, "Actual Total Time": 1403.709, "Actual Rows": 1, "Actual Loops": 1, "Plans": [{"Node Type": "Nested Loop", "Parent Relationship": "Outer", "Join Type": "Inner", "Startup Cost": 724.4, "Total Cost": 3739.06, "Plan Rows": 2, "Plan Width": 17, "Actual Startup Time": 25.933, "Actual Total Time": 1398.814, "Actual Rows": 5228, "Actual Loops": 1, "Inner Unique": true, "Join Filter": "(mc.movie_id = t.id)", "Rows Removed by Join Filter": 0, "Plans": [{"Node Type": "Nested Loop", "Parent Relationship": "Outer", "Join Type": "Inner", "Startup Cost": 724.13, "Total Cost": 3730.48, "Plan Rows": 2, "Plan Width": 8, "Actual Startup Time": 25.914, "Actual Total Time": 1361.007, "Actual Rows": 5228, "Actual Loops": 1, "Inner Unique": true, "Plans": [{"Node Type": "Nested Loop", "Parent Relationship": "Outer", "Join Type": "Inner", "Startup Cost": 723.87, "Total Cost": 3430.65, "Plan Rows": 70, "Plan Width": 12, "Actual Startup Time": 21.809, "Actual Total Time": 500.96, "Actual Rows": 148552, "Actual Loops": 1, "Inner Unique": false, "Plans": [{"Node Type": "Nested Loop", "Parent Relationship": "Outer", "Join Type": "Inner", "Startup Cost": 723.6, "Total Cost": 3288.12, "Plan Rows": 33, "Plan Width": 4, "Actual Startup Time": 21.768, "Actual Total Time": 121.31, "Actual Rows": 41840, "Actual Loops": 1, "Inner Unique": false, "Plans": [{"Node Type": "Bitmap Heap Scan", "Parent Relationship": "Outer", "Relation Name": "keyword", "Alias": "k", "Startup Cost": 719.1, "Total Cost": 3155.21, "Plan Rows": 1, "Plan Width": 4, "Actual Startup Time": 14.099, "Actual Total Time": 67.292, "Actual Rows": 1, "Actual Loops": 1, "Filter": "((keyword)::text = 'character-name-in-title'::text)", "Rows Removed by Filter": 134168, "Exact Heap Blocks": 759, "Lossy Heap Blocks": 759, "Plans": [{"Node Type": "Bitmap Index Scan", "Parent Relationship": "Outer", "Index Name": "keyword_pkey", "Startup Cost": 0.0, "Total Cost": 719.1, "Plan Rows": 134169, "Plan Width": 0, "Actual Startup Time": 11.779, "Actual Total Time": 11.779, "Actual Rows": 134169, "Actual Loops": 1}]}, {"Node Type": "Bitmap Heap Scan", "Parent Relationship": "Inner", "Relation Name": "movie_keyword", "Alias": "mk", "Startup Cost": 4.51, "Total Cost": 132.58, "Plan Rows": 33, "Plan Width": 8, "Actual Startup Time": 7.658, "Actual Total Time": 44.762, "Actual Rows": 41840, "Actual Loops": 1, "Recheck Cond": "(keyword_id = k.id)", "Rows Removed by Index Recheck": 0, "Exact Heap Blocks": 9702, "Lossy Heap Blocks": 9702, "Plans": [{"Node Type": "Bitmap Index Scan", "Parent Relationship": "Outer", "Index Name": "keyword_id_movie_keyword", "Startup Cost": 0.0, "Total Cost": 4.5, "Plan Rows": 33, "Plan Width": 0, "Actual Startup Time": 5.929, "Actual Total Time": 5.929, "Actual Rows": 41840, "Actual Loops": 1, "Index Cond": "(keyword_id = k.id)"}]}]}, {"Node Type": "Bitmap Heap Scan", "Parent Relationship": "Inner", "Relation Name": "movie_companies", "Alias": "mc", "Startup Cost": 0.27, "Total Cost": 4.3, "Plan Rows": 2, "Plan Width": 8, "Actual Startup Time": 239.943, "Actual Total Time": 294.096, "Actual Rows": 148552, "Actual Loops": 41840, "Recheck Cond": "(movie_id = mk.movie_id)", "Rows Removed by Index Recheck": 0, "Exact Heap Blocks": 62638, "Lossy Heap Blocks": 62638, "Plans": [{"Node Type": "Bitmap Index Scan", "Parent Relationship": "Outer", "Index Name": "movie_id_movie_companies", "Startup Cost": 0.0, "Total Cost": 0.27, "Plan Rows": 2, "Plan Width": 0, "Actual Startup Time": 149.366, "Actual Total Time": 149.366, "Actual Rows": 148552, "Actual Loops": 41840, "Index Cond": "(movie_id = mk.movie_id)"}]}]}, {"Node Type": "Bitmap Heap Scan", "Parent Relationship": "Inner", "Relation Name": "company_name", "Alias": "cn", "Startup Cost": 0.26, "Total Cost": 4.27, "Plan Rows": 1, "Plan Width": 4, "Actual Startup Time": 691.231, "Actual Total Time": 691.231, "Actual Rows": 5228, "Actual Loops": 148552, "Recheck Cond": "(id = mc.company_id)", "Rows Removed by Index Recheck": 0, "Filter": "((country_code)::text = '[nl]'::text)", "Rows Removed by Filter": 143324, "Exact Heap Blocks": 148552, "Lossy Heap Blocks": 148552, "Plans": [{"Node Type": "Bitmap Index Scan", "Parent Relationship": "Outer", "Index Name": "company_name_pkey", "Startup Cost": 0.0, "Total Cost": 0.26, "Plan Rows": 1, "Plan Width": 0, "Actual Startup Time": 387.407, "Actual Total Time": 387.407, "Actual Rows": 148552, "Actual Loops": 148552, "Index Cond": "(id = mc.company_id)"}]}]}, {"Node Type": "Bitmap Heap Scan", "Parent Relationship": "Inner", "Relation Name": "title", "Alias": "t", "Startup Cost": 0.27, "Total Cost": 4.28, "Plan Rows": 1, "Plan Width": 21, "Actual Startup Time": 27.84, "Actual Total Time": 27.84, "Actual Rows": 5228, "Actual Loops": 5228, "Recheck Cond": "(id = mk.movie_id)", "Rows Removed by Index Recheck": 0, "Exact Heap Blocks": 5228, "Lossy Heap Blocks": 5228, "Plans": [{"Node Type": "Bitmap Index Scan", "Parent Relationship": "Outer", "Index Name": "title_pkey", "Startup Cost": 0.0, "Total Cost": 0.27, "Plan Rows": 1, "Plan Width": 0, "Actual Startup Time": 16.25, "Actual Total Time": 16.25, "Actual Rows": 5228, "Actual Loops": 5228, "Index Cond": "(id = mk.movie_id)"}]}]}]}, "Triggers": [], "Planner Runtime": 9.206, "Total Runtime": 1404.134, "Unique SQL Id": 2804875951}}, "(64, '120')": {"explain_plan": {"Plan": {"Node Type": "Aggregate", "Strategy": "Plain", "Startup Cost": 2605.07, "Total Cost": 2605.08, "Plan Rows": 1, "Plan Width": 49, "Plans": [{"Node Type": "Nested Loop", "Parent Relationship": "Outer", "Join Type": "Inner", "Startup Cost": 0.0, "Total Cost": 2605.07, "Plan Rows": 2, "Plan Width": 17, "Inner Unique": true, "Join Filter": "(mc.movie_id = t.id)", "Plans": [{"Node Type": "Nested Loop", "Parent Relationship": "Outer", "Join Type": "Inner", "Startup Cost": 0.0, "Total Cost": 2604.42, "Plan Rows": 2, "Plan Width": 8, "Inner Unique": true, "Plans": [{"Node Type": "Nested Loop", "Parent Relationship": "Outer", "Join Type": "Inner", "Startup Cost": 0.0, "Total Cost": 2584.29, "Plan Rows": 70, "Plan Width": 12, "Inner Unique": false, "Plans": [{"Node Type": "Nested Loop", "Parent Relationship": "Outer", "Join Type": "Inner", "Startup Cost": 0.0, "Total Cost": 2573.32, "Plan Rows": 33, "Plan Width": 4, "Inner Unique": false, "Plans": [{"Node Type": "Seq Scan", "Parent Relationship": "Outer", "Relation Name": "keyword", "Alias": "k", "Startup Cost": 0.0, "Total Cost": 2436.11, "Plan Rows": 1, "Plan Width": 4, "Filter": "((keyword)::text = 'character-name-in-title'::text)"}, {"Node Type": "Index Scan", "Parent Relationship": "Inner", "Scan Direction": "Forward", "Index Name": "keyword_id_movie_keyword", "Relation Name": "movie_keyword", "Alias": "mk", "Startup Cost": 0.0, "Total Cost": 136.88, "Plan Rows": 33, "Plan Width": 8, "Index Cond": "(keyword_id = k.id)"}]}, {"Node Type": "Index Scan", "Parent Relationship": "Inner", "Scan Direction": "Forward", "Index Name": "movie_id_movie_companies", "Relation Name": "movie_companies", "Alias": "mc", "Startup Cost": 0.0, "Total Cost": 0.31, "Plan Rows": 2, "Plan Width": 8, "Index Cond": "(movie_id = mk.movie_id)"}]}, {"Node Type": "Index Scan", "Parent Relationship": "Inner", "Scan Direction": "Forward", "Index Name": "company_name_pkey", "Relation Name": "company_name", "Alias": "cn", "Startup Cost": 0.0, "Total Cost": 0.28, "Plan Rows": 1, "Plan Width": 4, "Index Cond": "(id = mc.company_id)", "Filter": "((country_code)::text = '[nl]'::text)"}]}, {"Node Type": "Index Scan", "Parent Relationship": "Inner", "Scan Direction": "Forward", "Index Name": "title_pkey", "Relation Name": "title", "Alias": "t", "Startup Cost": 0.0, "Total Cost": 0.31, "Plan Rows": 1, "Plan Width": 21, "Index Cond": "(id = mk.movie_id)"}]}]}, "Unique SQL Id": 2804875951, "Planner Runtime": 2}, "explain_analyze_plan": {"Plan": {"Node Type": "Aggregate", "Strategy": "Plain", "Startup Cost": 2605.07, "Total Cost": 2605.08, "Plan Rows": 1, "Plan Width": 49, "Actual Startup Time": 1012.388, "Actual Total Time": 1012.388, "Actual Rows": 1, "Actual Loops": 1, "Plans": [{"Node Type": "Nested Loop", "Parent Relationship": "Outer", "Join Type": "Inner", "Startup Cost": 0.0, "Total Cost": 2605.07, "Plan Rows": 2, "Plan Width": 17, "Actual Startup Time": 5.012, "Actual Total Time": 1009.079, "Actual Rows": 5228, "Actual Loops": 1, "Inner Unique": true, "Join Filter": "(mc.movie_id = t.id)", "Rows Removed by Join Filter": 0, "Plans": [{"Node Type": "Nested Loop", "Parent Relationship": "Outer", "Join Type": "Inner", "Startup Cost": 0.0, "Total Cost": 2604.42, "Plan Rows": 2, "Plan Width": 8, "Actual Startup Time": 4.995, "Actual Total Time": 981.958, "Actual Rows": 5228, "Actual Loops": 1, "Inner Unique": true, "Plans": [{"Node Type": "Nested Loop", "Parent Relationship": "Outer", "Join Type": "Inner", "Startup Cost": 0.0, "Total Cost": 2584.29, "Plan Rows": 70, "Plan Width": 12, "Actual Startup Time": 1.847, "Actual Total Time": 360.079, "Actual Rows": 148552, "Actual Loops": 1, "Inner Unique": false, "Plans": [{"Node Type": "Nested Loop", "Parent Relationship": "Outer", "Join Type": "Inner", "Startup Cost": 0.0, "Total Cost": 2573.32, "Plan Rows": 33, "Plan Width": 4, "Actual Startup Time": 1.828, "Actual Total Time": 88.983, "Actual Rows": 41840, "Actual Loops": 1, "Inner Unique": false, "Plans": [{"Node Type": "Seq Scan", "Parent Relationship": "Outer", "Relation Name": "keyword", "Alias": "k", "Startup Cost": 0.0, "Total Cost": 2436.11, "Plan Rows": 1, "Plan Width": 4, "Actual Startup Time": 1.8, "Actual Total Time": 41.022, "Actual Rows": 1, "Actual Loops": 1, "Filter": "((keyword)::text = 'character-name-in-title'::text)", "Rows Removed by Filter": 134168}, {"Node Type": "Index Scan", "Parent Relationship": "Inner", "Scan Direction": "Forward", "Index Name": "keyword_id_movie_keyword", "Relation Name": "movie_keyword", "Alias": "mk", "Startup Cost": 0.0, "Total Cost": 136.88, "Plan Rows": 33, "Plan Width": 8, "Actual Startup Time": 0.023, "Actual Total Time": 38.639, "Actual Rows": 41840, "Actual Loops": 1, "Index Cond": "(keyword_id = k.id)", "Rows Removed by Index Recheck": 0}]}, {"Node Type": "Index Scan", "Parent Relationship": "Inner", "Scan Direction": "Forward", "Index Name": "movie_id_movie_companies", "Relation Name": "movie_companies", "Alias": "mc", "Startup Cost": 0.0, "Total Cost": 0.31, "Plan Rows": 2, "Plan Width": 8, "Actual Startup Time": 143.596, "Actual Total Time": 214.856, "Actual Rows": 148552, "Actual Loops": 41840, "Index Cond": "(movie_id = mk.movie_id)", "Rows Removed by Index Recheck": 0}]}, {"Node Type": "Index Scan", "Parent Relationship": "Inner", "Scan Direction": "Forward", "Index Name": "company_name_pkey", "Relation Name": "company_name", "Alias": "cn", "Startup Cost": 0.0, "Total Cost": 0.28, "Plan Rows": 1, "Plan Width": 4, "Actual Startup Time": 549.432, "Actual Total Time": 549.432, "Actual Rows": 5228, "Actual Loops": 148552, "Index Cond": "(id = mc.company_id)", "Rows Removed by Index Recheck": 0, "Filter": "((country_code)::text = '[nl]'::text)", "Rows Removed by Filter": 143324}]}, {"Node Type": "Index Scan", "Parent Relationship": "Inner", "Scan Direction": "Forward", "Index Name": "title_pkey", "Relation Name": "title", "Alias": "t", "Startup Cost": 0.0, "Total Cost": 0.31, "Plan Rows": 1, "Plan Width": 21, "Actual Startup Time": 21.388, "Actual Total Time": 21.388, "Actual Rows": 5228, "Actual Loops": 5228, "Index Cond": "(id = mk.movie_id)", "Rows Removed by Index Recheck": 0}]}]}, "Triggers": [], "Planner Runtime": 9.715, "Total Runtime": 1012.617, "Unique SQL Id": 2804875951}}, "(64, '121')": {"explain_plan": {"Plan": {"Node Type": "Aggregate", "Strategy": "Plain", "Startup Cost": 3351.67, "Total Cost": 3351.68, "Plan Rows": 1, "Plan Width": 49, "Plans": [{"Node Type": "Nested Loop", "Parent Relationship": "Outer", "Join Type": "Inner", "Startup Cost": 0.0, "Total Cost": 3351.67, "Plan Rows": 2, "Plan Width": 17, "Inner Unique": true, "Join Filter": "(mc.movie_id = t.id)", "Plans": [{"Node Type": "Nested Loop", "Parent Relationship": "Outer", "Join Type": "Inner", "Startup Cost": 0.0, "Total Cost": 3351.03, "Plan Rows": 2, "Plan Width": 8, "Inner Unique": true, "Plans": [{"Node Type": "Nested Loop", "Parent Relationship": "Outer", "Join Type": "Inner", "Startup Cost": 0.0, "Total Cost": 3330.89, "Plan Rows": 70, "Plan Width": 12, "Inner Unique": false, "Plans": [{"Node Type": "Nested Loop", "Parent Relationship": "Outer", "Join Type": "Inner", "Startup Cost": 0.0, "Total Cost": 3319.92, "Plan Rows": 33, "Plan Width": 4, "Inner Unique": false, "Plans": [{"Node Type": "Index Scan", "Parent Relationship": "Outer", "Scan Direction": "Forward", "Index Name": "keyword_pkey", "Relation Name": "keyword", "Alias": "k", "Startup Cost": 0.0, "Total Cost": 3182.72, "Plan Rows": 1, "Plan Width": 4, "Filter": "((keyword)::text = 'character-name-in-title'::text)"}, {"Node Type": "Index Scan", "Parent Relationship": "Inner", "Scan Direction": "Forward", "Index Name": "keyword_id_movie_keyword", "Relation Name": "movie_keyword", "Alias": "mk", "Startup Cost": 0.0, "Total Cost": 136.88, "Plan Rows": 33, "Plan Width": 8, "Index Cond": "(keyword_id = k.id)"}]}, {"Node Type": "Index Scan", "Parent Relationship": "Inner", "Scan Direction": "Forward", "Index Name": "movie_id_movie_companies", "Relation Name": "movie_companies", "Alias": "mc", "Startup Cost": 0.0, "Total Cost": 0.31, "Plan Rows": 2, "Plan Width": 8, "Index Cond": "(movie_id = mk.movie_id)"}]}, {"Node Type": "Index Scan", "Parent Relationship": "Inner", "Scan Direction": "Forward", "Index Name": "company_name_pkey", "Relation Name": "company_name", "Alias": "cn", "Startup Cost": 0.0, "Total Cost": 0.28, "Plan Rows": 1, "Plan Width": 4, "Index Cond": "(id = mc.company_id)", "Filter": "((country_code)::text = '[nl]'::text)"}]}, {"Node Type": "Index Scan", "Parent Relationship": "Inner", "Scan Direction": "Forward", "Index Name": "title_pkey", "Relation Name": "title", "Alias": "t", "Startup Cost": 0.0, "Total Cost": 0.31, "Plan Rows": 1, "Plan Width": 21, "Index Cond": "(id = mk.movie_id)"}]}]}, "Unique SQL Id": 2804875951, "Planner Runtime": 1}, "explain_analyze_plan": {"Plan": {"Node Type": "Aggregate", "Strategy": "Plain", "Startup Cost": 3351.67, "Total Cost": 3351.68, "Plan Rows": 1, "Plan Width": 49, "Actual Startup Time": 1116.77, "Actual Total Time": 1116.771, "Actual Rows": 1, "Actual Loops": 1, "Plans": [{"Node Type": "Nested Loop", "Parent Relationship": "Outer", "Join Type": "Inner", "Startup Cost": 0.0, "Total Cost": 3351.67, "Plan Rows": 2, "Plan Width": 17, "Actual Startup Time": 3.238, "Actual Total Time": 1113.589, "Actual Rows": 5228, "Actual Loops": 1, "Inner Unique": true, "Join Filter": "(mc.movie_id = t.id)", "Rows Removed by Join Filter": 0, "Plans": [{"Node Type": "Nested Loop", "Parent Relationship": "Outer", "Join Type": "Inner", "Startup Cost": 0.0, "Total Cost": 3351.03, "Plan Rows": 2, "Plan Width": 8, "Actual Startup Time": 3.224, "Actual Total Time": 1085.006, "Actual Rows": 5228, "Actual Loops": 1, "Inner Unique": true, "Plans": [{"Node Type": "Nested Loop", "Parent Relationship": "Outer", "Join Type": "Inner", "Startup Cost": 0.0, "Total Cost": 3330.89, "Plan Rows": 70, "Plan Width": 12, "Actual Startup Time": 0.233, "Actual Total Time": 449.234, "Actual Rows": 148552, "Actual Loops": 1, "Inner Unique": false, "Plans": [{"Node Type": "Nested Loop", "Parent Relationship": "Outer", "Join Type": "Inner", "Startup Cost": 0.0, "Total Cost": 3319.92, "Plan Rows": 33, "Plan Width": 4, "Actual Startup Time": 0.215, "Actual Total Time": 166.059, "Actual Rows": 41840, "Actual Loops": 1, "Inner Unique": false, "Plans": [{"Node Type": "Index Scan", "Parent Relationship": "Outer", "Scan Direction": "Forward", "Index Name": "keyword_pkey", "Relation Name": "keyword", "Alias": "k", "Startup Cost": 0.0, "Total Cost": 3182.72, "Plan Rows": 1, "Plan Width": 4, "Actual Startup Time": 0.194, "Actual Total Time": 113.965, "Actual Rows": 1, "Actual Loops": 1, "Filter": "((keyword)::text = 'character-name-in-title'::text)", "Rows Removed by Filter": 134168}, {"Node Type": "Index Scan", "Parent Relationship": "Inner", "Scan Direction": "Forward", "Index Name": "keyword_id_movie_keyword", "Relation Name": "movie_keyword", "Alias": "mk", "Startup Cost": 0.0, "Total Cost": 136.88, "Plan Rows": 33, "Plan Width": 8, "Actual Startup Time": 0.017, "Actual Total Time": 42.534, "Actual Rows": 41840, "Actual Loops": 1, "Index Cond": "(keyword_id = k.id)", "Rows Removed by Index Recheck": 0}]}, {"Node Type": "Index Scan", "Parent Relationship": "Inner", "Scan Direction": "Forward", "Index Name": "movie_id_movie_companies", "Relation Name": "movie_companies", "Alias": "mc", "Startup Cost": 0.0, "Total Cost": 0.31, "Plan Rows": 2, "Plan Width": 8, "Actual Startup Time": 152.025, "Actual Total Time": 226.956, "Actual Rows": 148552, "Actual Loops": 41840, "Index Cond": "(movie_id = mk.movie_id)", "Rows Removed by Index Recheck": 0}]}, {"Node Type": "Index Scan", "Parent Relationship": "Inner", "Scan Direction": "Forward", "Index Name": "company_name_pkey", "Relation Name": "company_name", "Alias": "cn", "Startup Cost": 0.0, "Total Cost": 0.28, "Plan Rows": 1, "Plan Width": 4, "Actual Startup Time": 563.165, "Actual Total Time": 563.165, "Actual Rows": 5228, "Actual Loops": 148552, "Index Cond": "(id = mc.company_id)", "Rows Removed by Index Recheck": 0, "Filter": "((country_code)::text = '[nl]'::text)", "Rows Removed by Filter": 143324}]}, {"Node Type": "Index Scan", "Parent Relationship": "Inner", "Scan Direction": "Forward", "Index Name": "title_pkey", "Relation Name": "title", "Alias": "t", "Startup Cost": 0.0, "Total Cost": 0.31, "Plan Rows": 1, "Plan Width": 21, "Actual Startup Time": 22.945, "Actual Total Time": 22.945, "Actual Rows": 5228, "Actual Loops": 5228, "Index Cond": "(id = mk.movie_id)", "Rows Removed by Index Recheck": 0}]}]}, "Triggers": [], "Planner Runtime": 9.86, "Total Runtime": 1117.024, "Unique SQL Id": 2804875951}}, "(64, '122')": {"explain_plan": {"Plan": {"Node Type": "Aggregate", "Strategy": "Plain", "Startup Cost": 1598936.31, "Total Cost": 1598936.32, "Plan Rows": 1, "Plan Width": 49, "Plans": [{"Node Type": "Nested Loop", "Parent Relationship": "Outer", "Join Type": "Inner", "Startup Cost": 0.0, "Total Cost": 1598936.31, "Plan Rows": 2, "Plan Width": 17, "Inner Unique": false, "Join Filter": "(mc.movie_id = t.id)", "Plans": [{"Node Type": "Seq Scan", "Parent Relationship": "Outer", "Relation Name": "title", "Alias": "t", "Startup Cost": 0.0, "Total Cost": 60069.11, "Plan Rows": 2528311, "Plan Width": 21}, {"Node Type": "Materialize", "Parent Relationship": "Inner", "Startup Cost": 0.0, "Total Cost": 1463017.87, "Plan Rows": 2, "Plan Width": 8, "Plans": [{"Node Type": "Nested Loop", "Parent Relationship": "Outer", "Join Type": "Inner", "Startup Cost": 0.0, "Total Cost": 1463017.86, "Plan Rows": 2, "Plan Width": 8, "Inner Unique": false, "Join Filter": "(mc.company_id = cn.id)", "Plans": [{"Node Type": "Seq Scan", "Parent Relationship": "Outer", "Relation Name": "company_name", "Alias": "cn", "Startup Cost": 0.0, "Total Cost": 5903.45, "Plan Rows": 2240, "Plan Width": 4, "Filter": "((country_code)::text = '[nl]'::text)"}, {"Node Type": "Materialize", "Parent Relationship": "Inner", "Startup Cost": 0.0, "Total Cost": 1454762.59, "Plan Rows": 70, "Plan Width": 12, "Plans": [{"Node Type": "Nested Loop", "Parent Relationship": "Outer", "Join Type": "Inner", "Startup Cost": 0.0, "Total Cost": 1454762.24, "Plan Rows": 70, "Plan Width": 12, "Inner Unique": false, "Join Filter": "(mk.movie_id = mc.movie_id)", "Plans": [{"Node Type": "Seq Scan", "Parent Relationship": "Outer", "Relation Name": "movie_companies", "Alias": "mc", "Startup Cost": 0.0, "Total Cost": 41817.28, "Plan Rows": 2609128, "Plan Width": 8}, {"Node Type": "Materialize", "Parent Relationship": "Inner", "Startup Cost": 0.0, "Total Cost": 121426.68, "Plan Rows": 33, "Plan Width": 4, "Plans": [{"Node Type": "Nested Loop", "Parent Relationship": "Outer", "Join Type": "Inner", "Startup Cost": 0.0, "Total Cost": 121426.52, "Plan Rows": 33, "Plan Width": 4, "Inner Unique": false, "Join Filter": "(k.id = mk.keyword_id)", "Plans": [{"Node Type": "Seq Scan", "Parent Relationship": "Outer", "Relation Name": "keyword", "Alias": "k", "Startup Cost": 0.0, "Total Cost": 2436.11, "Plan Rows": 1, "Plan Width": 4, "Filter": "((keyword)::text = 'character-name-in-title'::text)"}, {"Node Type": "Seq Scan", "Parent Relationship": "Inner", "Relation Name": "movie_keyword", "Alias": "mk", "Startup Cost": 0.0, "Total Cost": 62441.29, "Plan Rows": 4523929, "Plan Width": 8}]}]}]}]}]}]}]}]}, "Unique SQL Id": 2804875951, "Planner Runtime": 1}, "explain_analyze_plan": null}, "(64, '123')": {"explain_plan": {"Plan": {"Node Type": "Aggregate", "Strategy": "Plain", "Startup Cost": 5000041492550.78, "Total Cost": 5000041492550.79, "Plan Rows": 1, "Plan Width": 49, "Plans": [{"Node Type": "Nested Loop", "Parent Relationship": "Outer", "Join Type": "Inner", "Startup Cost": 50000000000.0, "Total Cost": 5000041492550.77, "Plan Rows": 2, "Plan Width": 17, "Inner Unique": false, "Join Filter": "(mc.movie_id = t.id)", "Plans": [{"Node Type": "Index Scan", "Parent Relationship": "Outer", "Scan Direction": "Forward", "Index Name": "title_pkey", "Relation Name": "title", "Alias": "t", "Startup Cost": 10000000000.0, "Total Cost": 1000011012048.91, "Plan Rows": 2528311, "Plan Width": 21}, {"Node Type": "Materialize", "Parent Relationship": "Inner", "Startup Cost": 40000000000.0, "Total Cost": 4000030404652.53, "Plan Rows": 2, "Plan Width": 8, "Plans": [{"Node Type": "Nested Loop", "Parent Relationship": "Outer", "Join Type": "Inner", "Startup Cost": 40000000000.0, "Total Cost": 4000030404652.52, "Plan Rows": 2, "Plan Width": 8, "Inner Unique": true, "Join Filter": "(mc.company_id = cn.id)", "Plans": [{"Node Type": "Nested Loop", "Parent Relationship": "Outer", "Join Type": "Inner", "Startup Cost": 30000000000.0, "Total Cost": 3000029352155.95, "Plan Rows": 70, "Plan Width": 12, "Inner Unique": false, "Join Filter": "(mk.movie_id = mc.movie_id)", "Plans": [{"Node Type": "Nested Loop", "Parent Relationship": "Outer", "Join Type": "Inner", "Startup Cost": 20000000000.0, "Total Cost": 2000015686764.79, "Plan Rows": 33, "Plan Width": 4, "Inner Unique": true, "Join Filter": "(k.id = mk.keyword_id)", "Plans": [{"Node Type": "Index Scan", "Parent Relationship": "Outer", "Scan Direction": "Forward", "Index Name": "movie_id_movie_keyword", "Relation Name": "movie_keyword", "Alias": "mk", "Startup Cost": 10000000000.0, "Total Cost": 1000015300634.17, "Plan Rows": 4523929, "Plan Width": 8}, {"Node Type": "Materialize", "Parent Relationship": "Inner", "Startup Cost": 10000000000.0, "Total Cost": 1000000318271.69, "Plan Rows": 1, "Plan Width": 4, "Plans": [{"Node Type": "Index Scan", "Parent Relationship": "Outer", "Scan Direction": "Forward", "Index Name": "keyword_pkey", "Relation Name": "keyword", "Alias": "k", "Startup Cost": 10000000000.0, "Total Cost": 1000000318271.68, "Plan Rows": 1, "Plan Width": 4, "Filter": "((keyword)::text = 'character-name-in-title'::text)"}]}]}, {"Node Type": "Materialize", "Parent Relationship": "Inner", "Startup Cost": 10000000000.0, "Total Cost": 1000012380395.62, "Plan Rows": 2609128, "Plan Width": 8, "Plans": [{"Node Type": "Index Scan", "Parent Relationship": "Outer", "Scan Direction": "Forward", "Index Name": "company_id_movie_companies", "Relation Name": "movie_companies", "Alias": "mc", "Startup Cost": 10000000000.0, "Total Cost": 1000012367349.98, "Plan Rows": 2609128, "Plan Width": 8}]}]}, {"Node Type": "Materialize", "Parent Relationship": "Inner", "Startup Cost": 10000000000.0, "Total Cost": 1000001050150.17, "Plan Rows": 2240, "Plan Width": 4, "Plans": [{"Node Type": "Index Scan", "Parent Relationship": "Outer", "Scan Direction": "Forward", "Index Name": "company_name_pkey", "Relation Name": "company_name", "Alias": "cn", "Startup Cost": 10000000000.0, "Total Cost": 1000001050138.97, "Plan Rows": 2240, "Plan Width": 4, "Filter": "((country_code)::text = '[nl]'::text)"}]}]}]}]}]}, "Unique SQL Id": 2804875951, "Planner Runtime": 1}, "explain_analyze_plan": null}, "(64, '124')": {"explain_plan": {"Plan": {"Node Type": "Aggregate", "Strategy": "Plain", "Startup Cost": 2605.07, "Total Cost": 2605.08, "Plan Rows": 1, "Plan Width": 49, "Plans": [{"Node Type": "Nested Loop", "Parent Relationship": "Outer", "Join Type": "Inner", "Startup Cost": 0.0, "Total Cost": 2605.07, "Plan Rows": 2, "Plan Width": 17, "Inner Unique": true, "Join Filter": "(mc.movie_id = t.id)", "Plans": [{"Node Type": "Nested Loop", "Parent Relationship": "Outer", "Join Type": "Inner", "Startup Cost": 0.0, "Total Cost": 2604.42, "Plan Rows": 2, "Plan Width": 8, "Inner Unique": true, "Plans": [{"Node Type": "Nested Loop", "Parent Relationship": "Outer", "Join Type": "Inner", "Startup Cost": 0.0, "Total Cost": 2584.29, "Plan Rows": 70, "Plan Width": 12, "Inner Unique": false, "Plans": [{"Node Type": "Nested Loop", "Parent Relationship": "Outer", "Join Type": "Inner", "Startup Cost": 0.0, "Total Cost": 2573.32, "Plan Rows": 33, "Plan Width": 4, "Inner Unique": false, "Plans": [{"Node Type": "Seq Scan", "Parent Relationship": "Outer", "Relation Name": "keyword", "Alias": "k", "Startup Cost": 0.0, "Total Cost": 2436.11, "Plan Rows": 1, "Plan Width": 4, "Filter": "((keyword)::text = 'character-name-in-title'::text)"}, {"Node Type": "Index Scan", "Parent Relationship": "Inner", "Scan Direction": "Forward", "Index Name": "keyword_id_movie_keyword", "Relation Name": "movie_keyword", "Alias": "mk", "Startup Cost": 0.0, "Total Cost": 136.88, "Plan Rows": 33, "Plan Width": 8, "Index Cond": "(keyword_id = k.id)"}]}, {"Node Type": "Index Scan", "Parent Relationship": "Inner", "Scan Direction": "Forward", "Index Name": "movie_id_movie_companies", "Relation Name": "movie_companies", "Alias": "mc", "Startup Cost": 0.0, "Total Cost": 0.31, "Plan Rows": 2, "Plan Width": 8, "Index Cond": "(movie_id = mk.movie_id)"}]}, {"Node Type": "Index Scan", "Parent Relationship": "Inner", "Scan Direction": "Forward", "Index Name": "company_name_pkey", "Relation Name": "company_name", "Alias": "cn", "Startup Cost": 0.0, "Total Cost": 0.28, "Plan Rows": 1, "Plan Width": 4, "Index Cond": "(id = mc.company_id)", "Filter": "((country_code)::text = '[nl]'::text)"}]}, {"Node Type": "Index Scan", "Parent Relationship": "Inner", "Scan Direction": "Forward", "Index Name": "title_pkey", "Relation Name": "title", "Alias": "t", "Startup Cost": 0.0, "Total Cost": 0.31, "Plan Rows": 1, "Plan Width": 21, "Index Cond": "(id = mk.movie_id)"}]}]}, "Unique SQL Id": 2804875951, "Planner Runtime": 2}, "explain_analyze_plan": {"Plan": {"Node Type": "Aggregate", "Strategy": "Plain", "Startup Cost": 2605.07, "Total Cost": 2605.08, "Plan Rows": 1, "Plan Width": 49, "Actual Startup Time": 1012.388, "Actual Total Time": 1012.388, "Actual Rows": 1, "Actual Loops": 1, "Plans": [{"Node Type": "Nested Loop", "Parent Relationship": "Outer", "Join Type": "Inner", "Startup Cost": 0.0, "Total Cost": 2605.07, "Plan Rows": 2, "Plan Width": 17, "Actual Startup Time": 5.012, "Actual Total Time": 1009.079, "Actual Rows": 5228, "Actual Loops": 1, "Inner Unique": true, "Join Filter": "(mc.movie_id = t.id)", "Rows Removed by Join Filter": 0, "Plans": [{"Node Type": "Nested Loop", "Parent Relationship": "Outer", "Join Type": "Inner", "Startup Cost": 0.0, "Total Cost": 2604.42, "Plan Rows": 2, "Plan Width": 8, "Actual Startup Time": 4.995, "Actual Total Time": 981.958, "Actual Rows": 5228, "Actual Loops": 1, "Inner Unique": true, "Plans": [{"Node Type": "Nested Loop", "Parent Relationship": "Outer", "Join Type": "Inner", "Startup Cost": 0.0, "Total Cost": 2584.29, "Plan Rows": 70, "Plan Width": 12, "Actual Startup Time": 1.847, "Actual Total Time": 360.079, "Actual Rows": 148552, "Actual Loops": 1, "Inner Unique": false, "Plans": [{"Node Type": "Nested Loop", "Parent Relationship": "Outer", "Join Type": "Inner", "Startup Cost": 0.0, "Total Cost": 2573.32, "Plan Rows": 33, "Plan Width": 4, "Actual Startup Time": 1.828, "Actual Total Time": 88.983, "Actual Rows": 41840, "Actual Loops": 1, "Inner Unique": false, "Plans": [{"Node Type": "Seq Scan", "Parent Relationship": "Outer", "Relation Name": "keyword", "Alias": "k", "Startup Cost": 0.0, "Total Cost": 2436.11, "Plan Rows": 1, "Plan Width": 4, "Actual Startup Time": 1.8, "Actual Total Time": 41.022, "Actual Rows": 1, "Actual Loops": 1, "Filter": "((keyword)::text = 'character-name-in-title'::text)", "Rows Removed by Filter": 134168}, {"Node Type": "Index Scan", "Parent Relationship": "Inner", "Scan Direction": "Forward", "Index Name": "keyword_id_movie_keyword", "Relation Name": "movie_keyword", "Alias": "mk", "Startup Cost": 0.0, "Total Cost": 136.88, "Plan Rows": 33, "Plan Width": 8, "Actual Startup Time": 0.023, "Actual Total Time": 38.639, "Actual Rows": 41840, "Actual Loops": 1, "Index Cond": "(keyword_id = k.id)", "Rows Removed by Index Recheck": 0}]}, {"Node Type": "Index Scan", "Parent Relationship": "Inner", "Scan Direction": "Forward", "Index Name": "movie_id_movie_companies", "Relation Name": "movie_companies", "Alias": "mc", "Startup Cost": 0.0, "Total Cost": 0.31, "Plan Rows": 2, "Plan Width": 8, "Actual Startup Time": 143.596, "Actual Total Time": 214.856, "Actual Rows": 148552, "Actual Loops": 41840, "Index Cond": "(movie_id = mk.movie_id)", "Rows Removed by Index Recheck": 0}]}, {"Node Type": "Index Scan", "Parent Relationship": "Inner", "Scan Direction": "Forward", "Index Name": "company_name_pkey", "Relation Name": "company_name", "Alias": "cn", "Startup Cost": 0.0, "Total Cost": 0.28, "Plan Rows": 1, "Plan Width": 4, "Actual Startup Time": 549.432, "Actual Total Time": 549.432, "Actual Rows": 5228, "Actual Loops": 148552, "Index Cond": "(id = mc.company_id)", "Rows Removed by Index Recheck": 0, "Filter": "((country_code)::text = '[nl]'::text)", "Rows Removed by Filter": 143324}]}, {"Node Type": "Index Scan", "Parent Relationship": "Inner", "Scan Direction": "Forward", "Index Name": "title_pkey", "Relation Name": "title", "Alias": "t", "Startup Cost": 0.0, "Total Cost": 0.31, "Plan Rows": 1, "Plan Width": 21, "Actual Startup Time": 21.388, "Actual Total Time": 21.388, "Actual Rows": 5228, "Actual Loops": 5228, "Index Cond": "(id = mk.movie_id)", "Rows Removed by Index Recheck": 0}]}]}, "Triggers": [], "Planner Runtime": 9.715, "Total Runtime": 1012.617, "Unique SQL Id": 2804875951}}, "(64, '125')": {"explain_plan": {"Plan": {"Node Type": "Aggregate", "Strategy": "Plain", "Startup Cost": 3351.67, "Total Cost": 3351.68, "Plan Rows": 1, "Plan Width": 49, "Plans": [{"Node Type": "Nested Loop", "Parent Relationship": "Outer", "Join Type": "Inner", "Startup Cost": 0.0, "Total Cost": 3351.67, "Plan Rows": 2, "Plan Width": 17, "Inner Unique": true, "Join Filter": "(mc.movie_id = t.id)", "Plans": [{"Node Type": "Nested Loop", "Parent Relationship": "Outer", "Join Type": "Inner", "Startup Cost": 0.0, "Total Cost": 3351.03, "Plan Rows": 2, "Plan Width": 8, "Inner Unique": true, "Plans": [{"Node Type": "Nested Loop", "Parent Relationship": "Outer", "Join Type": "Inner", "Startup Cost": 0.0, "Total Cost": 3330.89, "Plan Rows": 70, "Plan Width": 12, "Inner Unique": false, "Plans": [{"Node Type": "Nested Loop", "Parent Relationship": "Outer", "Join Type": "Inner", "Startup Cost": 0.0, "Total Cost": 3319.92, "Plan Rows": 33, "Plan Width": 4, "Inner Unique": false, "Plans": [{"Node Type": "Index Scan", "Parent Relationship": "Outer", "Scan Direction": "Forward", "Index Name": "keyword_pkey", "Relation Name": "keyword", "Alias": "k", "Startup Cost": 0.0, "Total Cost": 3182.72, "Plan Rows": 1, "Plan Width": 4, "Filter": "((keyword)::text = 'character-name-in-title'::text)"}, {"Node Type": "Index Scan", "Parent Relationship": "Inner", "Scan Direction": "Forward", "Index Name": "keyword_id_movie_keyword", "Relation Name": "movie_keyword", "Alias": "mk", "Startup Cost": 0.0, "Total Cost": 136.88, "Plan Rows": 33, "Plan Width": 8, "Index Cond": "(keyword_id = k.id)"}]}, {"Node Type": "Index Scan", "Parent Relationship": "Inner", "Scan Direction": "Forward", "Index Name": "movie_id_movie_companies", "Relation Name": "movie_companies", "Alias": "mc", "Startup Cost": 0.0, "Total Cost": 0.31, "Plan Rows": 2, "Plan Width": 8, "Index Cond": "(movie_id = mk.movie_id)"}]}, {"Node Type": "Index Scan", "Parent Relationship": "Inner", "Scan Direction": "Forward", "Index Name": "company_name_pkey", "Relation Name": "company_name", "Alias": "cn", "Startup Cost": 0.0, "Total Cost": 0.28, "Plan Rows": 1, "Plan Width": 4, "Index Cond": "(id = mc.company_id)", "Filter": "((country_code)::text = '[nl]'::text)"}]}, {"Node Type": "Index Scan", "Parent Relationship": "Inner", "Scan Direction": "Forward", "Index Name": "title_pkey", "Relation Name": "title", "Alias": "t", "Startup Cost": 0.0, "Total Cost": 0.31, "Plan Rows": 1, "Plan Width": 21, "Index Cond": "(id = mk.movie_id)"}]}]}, "Unique SQL Id": 2804875951, "Planner Runtime": 2}, "explain_analyze_plan": {"Plan": {"Node Type": "Aggregate", "Strategy": "Plain", "Startup Cost": 3351.67, "Total Cost": 3351.68, "Plan Rows": 1, "Plan Width": 49, "Actual Startup Time": 1116.77, "Actual Total Time": 1116.771, "Actual Rows": 1, "Actual Loops": 1, "Plans": [{"Node Type": "Nested Loop", "Parent Relationship": "Outer", "Join Type": "Inner", "Startup Cost": 0.0, "Total Cost": 3351.67, "Plan Rows": 2, "Plan Width": 17, "Actual Startup Time": 3.238, "Actual Total Time": 1113.589, "Actual Rows": 5228, "Actual Loops": 1, "Inner Unique": true, "Join Filter": "(mc.movie_id = t.id)", "Rows Removed by Join Filter": 0, "Plans": [{"Node Type": "Nested Loop", "Parent Relationship": "Outer", "Join Type": "Inner", "Startup Cost": 0.0, "Total Cost": 3351.03, "Plan Rows": 2, "Plan Width": 8, "Actual Startup Time": 3.224, "Actual Total Time": 1085.006, "Actual Rows": 5228, "Actual Loops": 1, "Inner Unique": true, "Plans": [{"Node Type": "Nested Loop", "Parent Relationship": "Outer", "Join Type": "Inner", "Startup Cost": 0.0, "Total Cost": 3330.89, "Plan Rows": 70, "Plan Width": 12, "Actual Startup Time": 0.233, "Actual Total Time": 449.234, "Actual Rows": 148552, "Actual Loops": 1, "Inner Unique": false, "Plans": [{"Node Type": "Nested Loop", "Parent Relationship": "Outer", "Join Type": "Inner", "Startup Cost": 0.0, "Total Cost": 3319.92, "Plan Rows": 33, "Plan Width": 4, "Actual Startup Time": 0.215, "Actual Total Time": 166.059, "Actual Rows": 41840, "Actual Loops": 1, "Inner Unique": false, "Plans": [{"Node Type": "Index Scan", "Parent Relationship": "Outer", "Scan Direction": "Forward", "Index Name": "keyword_pkey", "Relation Name": "keyword", "Alias": "k", "Startup Cost": 0.0, "Total Cost": 3182.72, "Plan Rows": 1, "Plan Width": 4, "Actual Startup Time": 0.194, "Actual Total Time": 113.965, "Actual Rows": 1, "Actual Loops": 1, "Filter": "((keyword)::text = 'character-name-in-title'::text)", "Rows Removed by Filter": 134168}, {"Node Type": "Index Scan", "Parent Relationship": "Inner", "Scan Direction": "Forward", "Index Name": "keyword_id_movie_keyword", "Relation Name": "movie_keyword", "Alias": "mk", "Startup Cost": 0.0, "Total Cost": 136.88, "Plan Rows": 33, "Plan Width": 8, "Actual Startup Time": 0.017, "Actual Total Time": 42.534, "Actual Rows": 41840, "Actual Loops": 1, "Index Cond": "(keyword_id = k.id)", "Rows Removed by Index Recheck": 0}]}, {"Node Type": "Index Scan", "Parent Relationship": "Inner", "Scan Direction": "Forward", "Index Name": "movie_id_movie_companies", "Relation Name": "movie_companies", "Alias": "mc", "Startup Cost": 0.0, "Total Cost": 0.31, "Plan Rows": 2, "Plan Width": 8, "Actual Startup Time": 152.025, "Actual Total Time": 226.956, "Actual Rows": 148552, "Actual Loops": 41840, "Index Cond": "(movie_id = mk.movie_id)", "Rows Removed by Index Recheck": 0}]}, {"Node Type": "Index Scan", "Parent Relationship": "Inner", "Scan Direction": "Forward", "Index Name": "company_name_pkey", "Relation Name": "company_name", "Alias": "cn", "Startup Cost": 0.0, "Total Cost": 0.28, "Plan Rows": 1, "Plan Width": 4, "Actual Startup Time": 563.165, "Actual Total Time": 563.165, "Actual Rows": 5228, "Actual Loops": 148552, "Index Cond": "(id = mc.company_id)", "Rows Removed by Index Recheck": 0, "Filter": "((country_code)::text = '[nl]'::text)", "Rows Removed by Filter": 143324}]}, {"Node Type": "Index Scan", "Parent Relationship": "Inner", "Scan Direction": "Forward", "Index Name": "title_pkey", "Relation Name": "title", "Alias": "t", "Startup Cost": 0.0, "Total Cost": 0.31, "Plan Rows": 1, "Plan Width": 21, "Actual Startup Time": 22.945, "Actual Total Time": 22.945, "Actual Rows": 5228, "Actual Loops": 5228, "Index Cond": "(id = mk.movie_id)", "Rows Removed by Index Recheck": 0}]}]}, "Triggers": [], "Planner Runtime": 9.86, "Total Runtime": 1117.024, "Unique SQL Id": 2804875951}}, "(64, '126')": {"explain_plan": {"Plan": {"Node Type": "Aggregate", "Strategy": "Plain", "Startup Cost": 1598936.31, "Total Cost": 1598936.32, "Plan Rows": 1, "Plan Width": 49, "Plans": [{"Node Type": "Nested Loop", "Parent Relationship": "Outer", "Join Type": "Inner", "Startup Cost": 0.0, "Total Cost": 1598936.31, "Plan Rows": 2, "Plan Width": 17, "Inner Unique": false, "Join Filter": "(mc.movie_id = t.id)", "Plans": [{"Node Type": "Seq Scan", "Parent Relationship": "Outer", "Relation Name": "title", "Alias": "t", "Startup Cost": 0.0, "Total Cost": 60069.11, "Plan Rows": 2528311, "Plan Width": 21}, {"Node Type": "Materialize", "Parent Relationship": "Inner", "Startup Cost": 0.0, "Total Cost": 1463017.87, "Plan Rows": 2, "Plan Width": 8, "Plans": [{"Node Type": "Nested Loop", "Parent Relationship": "Outer", "Join Type": "Inner", "Startup Cost": 0.0, "Total Cost": 1463017.86, "Plan Rows": 2, "Plan Width": 8, "Inner Unique": false, "Join Filter": "(mc.company_id = cn.id)", "Plans": [{"Node Type": "Seq Scan", "Parent Relationship": "Outer", "Relation Name": "company_name", "Alias": "cn", "Startup Cost": 0.0, "Total Cost": 5903.45, "Plan Rows": 2240, "Plan Width": 4, "Filter": "((country_code)::text = '[nl]'::text)"}, {"Node Type": "Materialize", "Parent Relationship": "Inner", "Startup Cost": 0.0, "Total Cost": 1454762.59, "Plan Rows": 70, "Plan Width": 12, "Plans": [{"Node Type": "Nested Loop", "Parent Relationship": "Outer", "Join Type": "Inner", "Startup Cost": 0.0, "Total Cost": 1454762.24, "Plan Rows": 70, "Plan Width": 12, "Inner Unique": false, "Join Filter": "(mk.movie_id = mc.movie_id)", "Plans": [{"Node Type": "Seq Scan", "Parent Relationship": "Outer", "Relation Name": "movie_companies", "Alias": "mc", "Startup Cost": 0.0, "Total Cost": 41817.28, "Plan Rows": 2609128, "Plan Width": 8}, {"Node Type": "Materialize", "Parent Relationship": "Inner", "Startup Cost": 0.0, "Total Cost": 121426.68, "Plan Rows": 33, "Plan Width": 4, "Plans": [{"Node Type": "Nested Loop", "Parent Relationship": "Outer", "Join Type": "Inner", "Startup Cost": 0.0, "Total Cost": 121426.52, "Plan Rows": 33, "Plan Width": 4, "Inner Unique": false, "Join Filter": "(k.id = mk.keyword_id)", "Plans": [{"Node Type": "Seq Scan", "Parent Relationship": "Outer", "Relation Name": "keyword", "Alias": "k", "Startup Cost": 0.0, "Total Cost": 2436.11, "Plan Rows": 1, "Plan Width": 4, "Filter": "((keyword)::text = 'character-name-in-title'::text)"}, {"Node Type": "Seq Scan", "Parent Relationship": "Inner", "Relation Name": "movie_keyword", "Alias": "mk", "Startup Cost": 0.0, "Total Cost": 62441.29, "Plan Rows": 4523929, "Plan Width": 8}]}]}]}]}]}]}]}]}, "Unique SQL Id": 2804875951, "Planner Runtime": 2}, "explain_analyze_plan": null}, "(64, '127')": {"explain_plan": {"Plan": {"Node Type": "Aggregate", "Strategy": "Plain", "Startup Cost": 5000041492550.78, "Total Cost": 5000041492550.79, "Plan Rows": 1, "Plan Width": 49, "Plans": [{"Node Type": "Nested Loop", "Parent Relationship": "Outer", "Join Type": "Inner", "Startup Cost": 50000000000.0, "Total Cost": 5000041492550.77, "Plan Rows": 2, "Plan Width": 17, "Inner Unique": false, "Join Filter": "(mc.movie_id = t.id)", "Plans": [{"Node Type": "Index Scan", "Parent Relationship": "Outer", "Scan Direction": "Forward", "Index Name": "title_pkey", "Relation Name": "title", "Alias": "t", "Startup Cost": 10000000000.0, "Total Cost": 1000011012048.91, "Plan Rows": 2528311, "Plan Width": 21}, {"Node Type": "Materialize", "Parent Relationship": "Inner", "Startup Cost": 40000000000.0, "Total Cost": 4000030404652.53, "Plan Rows": 2, "Plan Width": 8, "Plans": [{"Node Type": "Nested Loop", "Parent Relationship": "Outer", "Join Type": "Inner", "Startup Cost": 40000000000.0, "Total Cost": 4000030404652.52, "Plan Rows": 2, "Plan Width": 8, "Inner Unique": true, "Join Filter": "(mc.company_id = cn.id)", "Plans": [{"Node Type": "Nested Loop", "Parent Relationship": "Outer", "Join Type": "Inner", "Startup Cost": 30000000000.0, "Total Cost": 3000029352155.95, "Plan Rows": 70, "Plan Width": 12, "Inner Unique": false, "Join Filter": "(mk.movie_id = mc.movie_id)", "Plans": [{"Node Type": "Nested Loop", "Parent Relationship": "Outer", "Join Type": "Inner", "Startup Cost": 20000000000.0, "Total Cost": 2000015686764.79, "Plan Rows": 33, "Plan Width": 4, "Inner Unique": true, "Join Filter": "(k.id = mk.keyword_id)", "Plans": [{"Node Type": "Index Scan", "Parent Relationship": "Outer", "Scan Direction": "Forward", "Index Name": "movie_id_movie_keyword", "Relation Name": "movie_keyword", "Alias": "mk", "Startup Cost": 10000000000.0, "Total Cost": 1000015300634.17, "Plan Rows": 4523929, "Plan Width": 8}, {"Node Type": "Materialize", "Parent Relationship": "Inner", "Startup Cost": 10000000000.0, "Total Cost": 1000000318271.69, "Plan Rows": 1, "Plan Width": 4, "Plans": [{"Node Type": "Index Scan", "Parent Relationship": "Outer", "Scan Direction": "Forward", "Index Name": "keyword_pkey", "Relation Name": "keyword", "Alias": "k", "Startup Cost": 10000000000.0, "Total Cost": 1000000318271.68, "Plan Rows": 1, "Plan Width": 4, "Filter": "((keyword)::text = 'character-name-in-title'::text)"}]}]}, {"Node Type": "Materialize", "Parent Relationship": "Inner", "Startup Cost": 10000000000.0, "Total Cost": 1000012380395.62, "Plan Rows": 2609128, "Plan Width": 8, "Plans": [{"Node Type": "Index Scan", "Parent Relationship": "Outer", "Scan Direction": "Forward", "Index Name": "company_id_movie_companies", "Relation Name": "movie_companies", "Alias": "mc", "Startup Cost": 10000000000.0, "Total Cost": 1000012367349.98, "Plan Rows": 2609128, "Plan Width": 8}]}]}, {"Node Type": "Materialize", "Parent Relationship": "Inner", "Startup Cost": 10000000000.0, "Total Cost": 1000001050150.17, "Plan Rows": 2240, "Plan Width": 4, "Plans": [{"Node Type": "Index Scan", "Parent Relationship": "Outer", "Scan Direction": "Forward", "Index Name": "company_name_pkey", "Relation Name": "company_name", "Alias": "cn", "Startup Cost": 10000000000.0, "Total Cost": 1000001050138.97, "Plan Rows": 2240, "Plan Width": 4, "Filter": "((country_code)::text = '[nl]'::text)"}]}]}]}]}]}, "Unique SQL Id": 2804875951, "Planner Runtime": 1}, "explain_analyze_plan": null}}